<?xml version="1.0" encoding="UTF-8"?>
<testsuite name="de.uka.ilkd.key.proof.runallproofs.RunAllProofsFunctional" tests="34" skipped="0" failures="0" errors="0" timestamp="2023-05-27T16:16:42" hostname="fv-az370-986" time="5117.118">
  <properties/>
  <testcase name="newBook" classname="de.uka.ilkd.key.proof.runallproofs.RunAllProofsFunctional" time="60.249"/>
  <testcase name="oldBook" classname="de.uka.ilkd.key.proof.runallproofs.RunAllProofsFunctional" time="17.462"/>
  <testcase name="comprehensions" classname="de.uka.ilkd.key.proof.runallproofs.RunAllProofsFunctional" time="68.041"/>
  <testcase name="performance" classname="de.uka.ilkd.key.proof.runallproofs.RunAllProofsFunctional" time="210.042"/>
  <testcase name="performancePOConstruction" classname="de.uka.ilkd.key.proof.runallproofs.RunAllProofsFunctional" time="70.571"/>
  <testcase name="applicationRestrictions" classname="de.uka.ilkd.key.proof.runallproofs.RunAllProofsFunctional" time="47.637"/>
  <testcase name="blockContracts" classname="de.uka.ilkd.key.proof.runallproofs.RunAllProofsFunctional" time="130.253"/>
  <testcase name="jmlAsserts" classname="de.uka.ilkd.key.proof.runallproofs.RunAllProofsFunctional" time="90.355"/>
  <testcase name="javaCard" classname="de.uka.ilkd.key.proof.runallproofs.RunAllProofsFunctional" time="127.294"/>
  <testcase name="list" classname="de.uka.ilkd.key.proof.runallproofs.RunAllProofsFunctional" time="257.219"/>
  <testcase name="list_ghost" classname="de.uka.ilkd.key.proof.runallproofs.RunAllProofsFunctional" time="66.156"/>
  <testcase name="list_recursive" classname="de.uka.ilkd.key.proof.runallproofs.RunAllProofsFunctional" time="21.192"/>
  <testcase name="list_seq" classname="de.uka.ilkd.key.proof.runallproofs.RunAllProofsFunctional" time="166.046"/>
  <testcase name="observer" classname="de.uka.ilkd.key.proof.runallproofs.RunAllProofsFunctional" time="91.951"/>
  <testcase name="removeDups" classname="de.uka.ilkd.key.proof.runallproofs.RunAllProofsFunctional" time="147.555"/>
  <testcase name="quicksort" classname="de.uka.ilkd.key.proof.runallproofs.RunAllProofsFunctional" time="106.242"/>
  <testcase name="simpleTests" classname="de.uka.ilkd.key.proof.runallproofs.RunAllProofsFunctional" time="157.004"/>
  <testcase name="SmansEtAl" classname="de.uka.ilkd.key.proof.runallproofs.RunAllProofsFunctional" time="187.808"/>
  <testcase name="VACID0" classname="de.uka.ilkd.key.proof.runallproofs.RunAllProofsFunctional" time="73.342"/>
  <testcase name="VSTTE10" classname="de.uka.ilkd.key.proof.runallproofs.RunAllProofsFunctional" time="169.555"/>
  <testcase name="WeideEtAl" classname="de.uka.ilkd.key.proof.runallproofs.RunAllProofsFunctional" time="27.318"/>
  <testcase name="arithmetic" classname="de.uka.ilkd.key.proof.runallproofs.RunAllProofsFunctional" time="462.879"/>
  <testcase name="arrays" classname="de.uka.ilkd.key.proof.runallproofs.RunAllProofsFunctional" time="54.398"/>
  <testcase name="javadl" classname="de.uka.ilkd.key.proof.runallproofs.RunAllProofsFunctional" time="615.86"/>
  <testcase name="FOL" classname="de.uka.ilkd.key.proof.runallproofs.RunAllProofsFunctional" time="259.673"/>
  <testcase name="strings" classname="de.uka.ilkd.key.proof.runallproofs.RunAllProofsFunctional" time="139.537"/>
  <testcase name="simple_info_flow" classname="de.uka.ilkd.key.proof.runallproofs.RunAllProofsFunctional" time="12.496"/>
  <testcase name="modelMethods" classname="de.uka.ilkd.key.proof.runallproofs.RunAllProofsFunctional" time="179.75"/>
  <testcase name="permissionHeap" classname="de.uka.ilkd.key.proof.runallproofs.RunAllProofsFunctional" time="809.558"/>
  <testcase name="completionScopes" classname="de.uka.ilkd.key.proof.runallproofs.RunAllProofsFunctional" time="46.909"/>
  <testcase name="reload_examples" classname="de.uka.ilkd.key.proof.runallproofs.RunAllProofsFunctional" time="41.425"/>
  <testcase name="proofLoadRepair" classname="de.uka.ilkd.key.proof.runallproofs.RunAllProofsFunctional" time="17.21"/>
  <testcase name="switch" classname="de.uka.ilkd.key.proof.runallproofs.RunAllProofsFunctional" time="59.026"/>
  <testcase name="redux" classname="de.uka.ilkd.key.proof.runallproofs.RunAllProofsFunctional" time="125.087"/>
  <system-out><![CDATA[395        INFO  Test worker     d.u.i.k.p.r.RunAllProofsTestUnit Running test newBook 
390        INFO  Timeout watchdog d.u.i.k.p.r.p.ForkedTestFileRunner Timeout watcher launched (2000 secs.) 
395        WARN  main            d.u.i.k.s.ProofSettings   No proof-settings could be loaded, using defaults java.io.FileNotFoundException: /home/runner/.key/proof-settings.props (No such file or directory)
	at java.base/java.io.FileInputStream.open0(Native Method)

440        INFO  main            d.u.i.k.p.r.p.TestFile    Now processing file /home/runner/work/key/key/key.core/../key.ui/examples/newBook/09.list_modelfield/ArrayList.add.key 
570        INFO  main            d.u.i.k.p.i.AbstractProblemLoader Loading environment from /home/runner/work/key/key/key.core/../key.ui/examples/newBook/09.list_modelfield/ArrayList.add.key 
586        DEBUG main            d.u.i.k.p.i.AbstractProblemLoader Environment load took 2.05ms 
829        INFO  main            d.u.i.k.p.i.AbstractProblemLoader Creating init config 
1823       DEBUG main            d.u.i.k.j.TypeConverter   No LDT found for Meta 
1823       DEBUG main            d.u.i.k.j.TypeConverter   No LDT found for Meta 
1827       DEBUG main            d.u.i.k.j.TypeConverter   No LDT found for Meta 
1827       DEBUG main            d.u.i.k.j.TypeConverter   No LDT found for Meta 
3110       DEBUG main            d.u.i.k.j.TypeConverter   No LDT found for JavaBigintExpression 
8062       DEBUG main            d.u.i.k.p.i.AbstractProblemLoader Init config took 7.23s 
8234       INFO  main            d.u.i.k.p.i.AbstractProblemLoader Replaying proof ArrayList[List::add(int)].JML normal_behavior operation contract.0 
8267       DEBUG main            d.u.i.k.p.i.IntermediateProofReplayer Proof replay took 30.6ns 
25694      INFO  main            d.u.i.k.p.r.p.TestFile    ... finished proof: closed. 
25925      INFO  main            d.u.i.k.p.i.AbstractProblemLoader Loading environment from /home/runner/work/key/key/key.core/../key.ui/examples/newBook/09.list_modelfield/ArrayList.add.key.proof 
25925      DEBUG main            d.u.i.k.p.i.AbstractProblemLoader Environment load took 486.3ns 
25930      INFO  main            d.u.i.k.p.i.AbstractProblemLoader Creating init config 
28798      DEBUG main            d.u.i.k.p.i.AbstractProblemLoader Init config took 2.87s 
28863      INFO  main            d.u.i.k.p.i.AbstractProblemLoader Replaying proof ArrayList[List::add(int)].JML normal_behavior operation contract.0 
30178      DEBUG main            d.u.i.k.p.i.IntermediateProofReplayer Proof replay took 1.25s 
30188      DEBUG main            d.u.i.k.p.r.p.TestFile    ... success: reloaded. 
30191      INFO  main            d.u.i.k.p.r.p.TestFile    Now processing file /home/runner/work/key/key/key.core/../key.ui/examples/newBook/09.list_modelfield/ArrayList.remFirst.key 
30191      INFO  main            d.u.i.k.p.i.AbstractProblemLoader Loading environment from /home/runner/work/key/key/key.core/../key.ui/examples/newBook/09.list_modelfield/ArrayList.remFirst.key 
30191      DEBUG main            d.u.i.k.p.i.AbstractProblemLoader Environment load took 74.3ns 
30195      INFO  main            d.u.i.k.p.i.AbstractProblemLoader Creating init config 
33070      DEBUG main            d.u.i.k.p.i.AbstractProblemLoader Init config took 2.87s 
33156      INFO  main            d.u.i.k.p.i.AbstractProblemLoader Replaying proof ArrayList[List::remFirst()].JML normal_behavior operation contract.0 
33158      DEBUG main            d.u.i.k.p.i.IntermediateProofReplayer Proof replay took 5ns 
37337      INFO  main            d.u.i.k.p.r.p.TestFile    ... finished proof: closed. 
37527      INFO  main            d.u.i.k.p.i.AbstractProblemLoader Loading environment from /home/runner/work/key/key/key.core/../key.ui/examples/newBook/09.list_modelfield/ArrayList.remFirst.key.proof 
37528      DEBUG main            d.u.i.k.p.i.AbstractProblemLoader Environment load took 956.2ns 
37532      INFO  main            d.u.i.k.p.i.AbstractProblemLoader Creating init config 
40182      DEBUG main            d.u.i.k.p.i.AbstractProblemLoader Init config took 2.65s 
40233      INFO  main            d.u.i.k.p.i.AbstractProblemLoader Replaying proof ArrayList[List::remFirst()].JML normal_behavior operation contract.0 
40840      DEBUG main            d.u.i.k.p.i.IntermediateProofReplayer Proof replay took 589.27ms 
40842      DEBUG main            d.u.i.k.p.r.p.TestFile    ... success: reloaded. 
40843      INFO  main            d.u.i.k.p.r.p.TestFile    Now processing file /home/runner/work/key/key/key.core/../key.ui/examples/newBook/09.list_modelfield/ArrayList.empty.key 
40843      INFO  main            d.u.i.k.p.i.AbstractProblemLoader Loading environment from /home/runner/work/key/key/key.core/../key.ui/examples/newBook/09.list_modelfield/ArrayList.empty.key 
40843      DEBUG main            d.u.i.k.p.i.AbstractProblemLoader Environment load took 63ns 
40844      INFO  main            d.u.i.k.p.i.AbstractProblemLoader Creating init config 
43462      DEBUG main            d.u.i.k.p.i.AbstractProblemLoader Init config took 2.62s 
43510      INFO  main            d.u.i.k.p.i.AbstractProblemLoader Replaying proof ArrayList[List::empty()].JML normal_behavior operation contract.0 
43513      DEBUG main            d.u.i.k.p.i.IntermediateProofReplayer Proof replay took 6.3ns 
44519      INFO  main            d.u.i.k.p.r.p.TestFile    ... finished proof: closed. 
44669      INFO  main            d.u.i.k.p.i.AbstractProblemLoader Loading environment from /home/runner/work/key/key/key.core/../key.ui/examples/newBook/09.list_modelfield/ArrayList.empty.key.proof 
44674      DEBUG main            d.u.i.k.p.i.AbstractProblemLoader Environment load took 5.11ms 
44676      INFO  main            d.u.i.k.p.i.AbstractProblemLoader Creating init config 
47261      DEBUG main            d.u.i.k.p.i.AbstractProblemLoader Init config took 2.58s 
47310      INFO  main            d.u.i.k.p.i.AbstractProblemLoader Replaying proof ArrayList[List::empty()].JML normal_behavior operation contract.0 
47435      DEBUG main            d.u.i.k.p.i.IntermediateProofReplayer Proof replay took 119.24ms 
47437      DEBUG main            d.u.i.k.p.r.p.TestFile    ... success: reloaded. 
47438      INFO  main            d.u.i.k.p.r.p.TestFile    Now processing file /home/runner/work/key/key/key.core/../key.ui/examples/newBook/09.list_modelfield/ArrayList.size.key 
47438      INFO  main            d.u.i.k.p.i.AbstractProblemLoader Loading environment from /home/runner/work/key/key/key.core/../key.ui/examples/newBook/09.list_modelfield/ArrayList.size.key 
47438      DEBUG main            d.u.i.k.p.i.AbstractProblemLoader Environment load took 57.9ns 
47439      INFO  main            d.u.i.k.p.i.AbstractProblemLoader Creating init config 
50148      DEBUG main            d.u.i.k.p.i.AbstractProblemLoader Init config took 2.71s 
50200      INFO  main            d.u.i.k.p.i.AbstractProblemLoader Replaying proof ArrayList[List::size()].JML normal_behavior operation contract.0 
50202      DEBUG main            d.u.i.k.p.i.IntermediateProofReplayer Proof replay took 5ns 
50706      INFO  main            d.u.i.k.p.r.p.TestFile    ... finished proof: closed. 
50894      INFO  main            d.u.i.k.p.i.AbstractProblemLoader Loading environment from /home/runner/work/key/key/key.core/../key.ui/examples/newBook/09.list_modelfield/ArrayList.size.key.proof 
50894      DEBUG main            d.u.i.k.p.i.AbstractProblemLoader Environment load took 114.4ns 
50895      INFO  main            d.u.i.k.p.i.AbstractProblemLoader Creating init config 
53452      DEBUG main            d.u.i.k.p.i.AbstractProblemLoader Init config took 2.56s 
53505      INFO  main            d.u.i.k.p.i.AbstractProblemLoader Replaying proof ArrayList[List::size()].JML normal_behavior operation contract.0 
53560      DEBUG main            d.u.i.k.p.i.IntermediateProofReplayer Proof replay took 51.15ms 
53562      DEBUG main            d.u.i.k.p.r.p.TestFile    ... success: reloaded. 
53563      INFO  main            d.u.i.k.p.r.p.TestFile    Now processing file /home/runner/work/key/key/key.core/../key.ui/examples/newBook/09.list_modelfield/ArrayList.get.key 
53563      INFO  main            d.u.i.k.p.i.AbstractProblemLoader Loading environment from /home/runner/work/key/key/key.core/../key.ui/examples/newBook/09.list_modelfield/ArrayList.get.key 
53564      DEBUG main            d.u.i.k.p.i.AbstractProblemLoader Environment load took 349.9ns 
53565      INFO  main            d.u.i.k.p.i.AbstractProblemLoader Creating init config 
56150      DEBUG main            d.u.i.k.p.i.AbstractProblemLoader Init config took 2.58s 
56195      INFO  main            d.u.i.k.p.i.AbstractProblemLoader Replaying proof ArrayList[List::get(int)].JML normal_behavior operation contract.0 
56196      DEBUG main            d.u.i.k.p.i.IntermediateProofReplayer Proof replay took 6.2ns 
57107      INFO  main            d.u.i.k.p.r.p.TestFile    ... finished proof: closed. 
57264      INFO  main            d.u.i.k.p.i.AbstractProblemLoader Loading environment from /home/runner/work/key/key/key.core/../key.ui/examples/newBook/09.list_modelfield/ArrayList.get.key.proof 
57265      DEBUG main            d.u.i.k.p.i.AbstractProblemLoader Environment load took 730ns 
57267      INFO  main            d.u.i.k.p.i.AbstractProblemLoader Creating init config 
59804      DEBUG main            d.u.i.k.p.i.AbstractProblemLoader Init config took 2.54s 
59848      INFO  main            d.u.i.k.p.i.AbstractProblemLoader Replaying proof ArrayList[List::get(int)].JML normal_behavior operation contract.0 
59949      DEBUG main            d.u.i.k.p.i.IntermediateProofReplayer Proof replay took 96.15ms 
59950      DEBUG main            d.u.i.k.p.r.p.TestFile    ... success: reloaded. 
60624      INFO  Test worker     d.u.i.k.p.r.RunAllProofsTestUnit Returning from test newBook 
60652      INFO  Test worker     d.u.i.k.p.r.RunAllProofsTestUnit Running test oldBook 
330        INFO  Timeout watchdog d.u.i.k.p.r.p.ForkedTestFileRunner Timeout watcher launched (2000 secs.) 
348        WARN  main            d.u.i.k.s.ProofSettings   The settings in /home/runner/.key/proof-settings.props are *not* read. 
381        INFO  main            d.u.i.k.p.r.p.TestFile    Now processing file /home/runner/work/key/key/key.core/../key.ui/examples/standard_key/BookExamples/02FirstOrderLogic/Ex2.58.key 
486        INFO  main            d.u.i.k.p.i.AbstractProblemLoader Loading environment from /home/runner/work/key/key/key.core/../key.ui/examples/standard_key/BookExamples/02FirstOrderLogic/Ex2.58.key 
508        DEBUG main            d.u.i.k.p.i.AbstractProblemLoader Environment load took 1.9ms 
731        INFO  main            d.u.i.k.p.i.AbstractProblemLoader Creating init config 
1682       DEBUG main            d.u.i.k.j.TypeConverter   No LDT found for Meta 
1682       DEBUG main            d.u.i.k.j.TypeConverter   No LDT found for Meta 
1686       DEBUG main            d.u.i.k.j.TypeConverter   No LDT found for Meta 
1686       DEBUG main            d.u.i.k.j.TypeConverter   No LDT found for Meta 
3288       DEBUG main            d.u.i.k.j.TypeConverter   No LDT found for JavaBigintExpression 
8300       DEBUG main            d.u.i.k.p.i.AbstractProblemLoader Init config took 7.57s 
8373       INFO  main            d.u.i.k.p.i.AbstractProblemLoader Replaying proof Ex2.58.key 
8407       DEBUG main            d.u.i.k.p.i.IntermediateProofReplayer Proof replay took 33.2ns 
8597       INFO  main            d.u.i.k.p.r.p.TestFile    ... finished proof: closed. 
8684       INFO  main            d.u.i.k.p.i.AbstractProblemLoader Loading environment from /home/runner/work/key/key/key.core/../key.ui/examples/standard_key/BookExamples/02FirstOrderLogic/Ex2.58.key.proof 
8684       DEBUG main            d.u.i.k.p.i.AbstractProblemLoader Environment load took 132.6ns 
8690       INFO  main            d.u.i.k.p.i.AbstractProblemLoader Creating init config 
11386      DEBUG main            d.u.i.k.p.i.AbstractProblemLoader Init config took 2.7s 
11414      INFO  main            d.u.i.k.p.i.AbstractProblemLoader Replaying proof Ex2.58.key.proof 
11425      DEBUG main            d.u.i.k.p.i.IntermediateProofReplayer Proof replay took 5.66ms 
11439      DEBUG main            d.u.i.k.p.r.p.TestFile    ... success: reloaded. 
11445      INFO  main            d.u.i.k.p.r.p.TestFile    Now processing file /home/runner/work/key/key/key.core/../key.ui/examples/standard_key/BookExamples/03DynamicLogic/Sect3.3.1.key 
11445      INFO  main            d.u.i.k.p.i.AbstractProblemLoader Loading environment from /home/runner/work/key/key/key.core/../key.ui/examples/standard_key/BookExamples/03DynamicLogic/Sect3.3.1.key 
11445      DEBUG main            d.u.i.k.p.i.AbstractProblemLoader Environment load took 75.1ns 
11447      INFO  main            d.u.i.k.p.i.AbstractProblemLoader Creating init config 
13997      DEBUG main            d.u.i.k.p.i.AbstractProblemLoader Init config took 2.55s 
14028      INFO  main            d.u.i.k.p.i.AbstractProblemLoader Replaying proof Sect3.3.1.key 
14031      DEBUG main            d.u.i.k.p.i.IntermediateProofReplayer Proof replay took 6.4ns 
14542      INFO  main            d.u.i.k.p.r.p.TestFile    ... finished proof: closed. 
14666      INFO  main            d.u.i.k.p.i.AbstractProblemLoader Loading environment from /home/runner/work/key/key/key.core/../key.ui/examples/standard_key/BookExamples/03DynamicLogic/Sect3.3.1.key.proof 
14667      DEBUG main            d.u.i.k.p.i.AbstractProblemLoader Environment load took 1.34ms 
14673      INFO  main            d.u.i.k.p.i.AbstractProblemLoader Creating init config 
17155      DEBUG main            d.u.i.k.p.i.AbstractProblemLoader Init config took 2.48s 
17185      INFO  main            d.u.i.k.p.i.AbstractProblemLoader Replaying proof Sect3.3.1.key.proof 
17288      DEBUG main            d.u.i.k.p.i.IntermediateProofReplayer Proof replay took 99.17ms 
17289      DEBUG main            d.u.i.k.p.r.p.TestFile    ... success: reloaded. 
78111      INFO  Test worker     d.u.i.k.p.r.RunAllProofsTestUnit Returning from test oldBook 
78114      INFO  Test worker     d.u.i.k.p.r.RunAllProofsTestUnit Running test comprehensions 
329        INFO  Timeout watchdog d.u.i.k.p.r.p.ForkedTestFileRunner Timeout watcher launched (2000 secs.) 
334        WARN  main            d.u.i.k.s.ProofSettings   The settings in /home/runner/.key/proof-settings.props are *not* read. 
361        INFO  main            d.u.i.k.p.r.p.TestFile    Now processing file /home/runner/work/key/key/key.core/../key.ui/examples/heap/comprehensions/general_sum.key 
488        INFO  main            d.u.i.k.p.i.AbstractProblemLoader Loading environment from /home/runner/work/key/key/key.core/../key.ui/examples/heap/comprehensions/general_sum.key 
504        DEBUG main            d.u.i.k.p.i.AbstractProblemLoader Environment load took 2.18ms 
733        INFO  main            d.u.i.k.p.i.AbstractProblemLoader Creating init config 
1645       DEBUG main            d.u.i.k.j.TypeConverter   No LDT found for Meta 
1646       DEBUG main            d.u.i.k.j.TypeConverter   No LDT found for Meta 
1649       DEBUG main            d.u.i.k.j.TypeConverter   No LDT found for Meta 
1650       DEBUG main            d.u.i.k.j.TypeConverter   No LDT found for Meta 
2980       DEBUG main            d.u.i.k.j.TypeConverter   No LDT found for JavaBigintExpression 
8421       DEBUG main            d.u.i.k.p.i.AbstractProblemLoader Init config took 7.69s 
8577       INFO  main            d.u.i.k.p.i.AbstractProblemLoader Replaying proof GSum[GSum::doNothing()].JML operation contract.0 
8610       DEBUG main            d.u.i.k.p.i.IntermediateProofReplayer Proof replay took 32.4ns 
8986       INFO  main            d.u.i.k.p.r.p.TestFile    ... finished proof: closed. 
9078       INFO  main            d.u.i.k.p.i.AbstractProblemLoader Loading environment from /home/runner/work/key/key/key.core/../key.ui/examples/heap/comprehensions/general_sum.key.proof 
9078       DEBUG main            d.u.i.k.p.i.AbstractProblemLoader Environment load took 126.8ns 
9080       INFO  main            d.u.i.k.p.i.AbstractProblemLoader Creating init config 
12083      DEBUG main            d.u.i.k.p.i.AbstractProblemLoader Init config took 3s 
12174      INFO  main            d.u.i.k.p.i.AbstractProblemLoader Replaying proof GSum[GSum::doNothing()].JML operation contract.0 
12211      DEBUG main            d.u.i.k.p.i.IntermediateProofReplayer Proof replay took 29.82ms 
12224      DEBUG main            d.u.i.k.p.r.p.TestFile    ... success: reloaded. 
12226      INFO  main            d.u.i.k.p.r.p.TestFile    Now processing file /home/runner/work/key/key/key.core/../key.ui/examples/heap/comprehensions/sum0.key 
12227      INFO  main            d.u.i.k.p.i.AbstractProblemLoader Loading environment from /home/runner/work/key/key/key.core/../key.ui/examples/heap/comprehensions/sum0.key 
12227      DEBUG main            d.u.i.k.p.i.AbstractProblemLoader Environment load took 151ns 
12230      INFO  main            d.u.i.k.p.i.AbstractProblemLoader Creating init config 
15137      DEBUG main            d.u.i.k.p.i.AbstractProblemLoader Init config took 2.91s 
15193      INFO  main            d.u.i.k.p.i.AbstractProblemLoader Replaying proof Sum[Sum::sum0([I)].JML normal_behavior operation contract.0 
15196      DEBUG main            d.u.i.k.p.i.IntermediateProofReplayer Proof replay took 6.7ns 
15288      DEBUG Thread-4        d.u.i.k.l.l.OriginTermLabel commonFileName is null! 
15289      DEBUG Thread-4        d.u.i.k.l.l.OriginTermLabel commonFileName is null! 
15509      DEBUG Thread-4        d.u.i.k.l.l.OriginTermLabel commonFileName is null! 
15509      DEBUG Thread-4        d.u.i.k.l.l.OriginTermLabel commonFileName is null! 
15752      DEBUG Thread-4        d.u.i.k.l.l.OriginTermLabel commonFileName is null! 
16003      INFO  main            d.u.i.k.p.r.p.TestFile    ... finished proof: closed. 
16125      INFO  main            d.u.i.k.p.i.AbstractProblemLoader Loading environment from /home/runner/work/key/key/key.core/../key.ui/examples/heap/comprehensions/sum0.key.proof 
16125      DEBUG main            d.u.i.k.p.i.AbstractProblemLoader Environment load took 118.8ns 
16134      INFO  main            d.u.i.k.p.i.AbstractProblemLoader Creating init config 
18944      DEBUG main            d.u.i.k.p.i.AbstractProblemLoader Init config took 2.81s 
18993      INFO  main            d.u.i.k.p.i.AbstractProblemLoader Replaying proof Sum[Sum::sum0([I)].JML normal_behavior operation contract.0 
19023      DEBUG main            d.u.i.k.l.l.OriginTermLabel commonFileName is null! 
19023      DEBUG main            d.u.i.k.l.l.OriginTermLabel commonFileName is null! 
19075      DEBUG main            d.u.i.k.l.l.OriginTermLabel commonFileName is null! 
19107      DEBUG main            d.u.i.k.l.l.OriginTermLabel commonFileName is null! 
19107      DEBUG main            d.u.i.k.l.l.OriginTermLabel commonFileName is null! 
19110      DEBUG main            d.u.i.k.p.i.IntermediateProofReplayer Proof replay took 111.8ms 
19111      DEBUG main            d.u.i.k.p.r.p.TestFile    ... success: reloaded. 
19112      INFO  main            d.u.i.k.p.r.p.TestFile    Now processing file /home/runner/work/key/key/key.core/../key.ui/examples/heap/comprehensions/sum1.key 
19112      INFO  main            d.u.i.k.p.i.AbstractProblemLoader Loading environment from /home/runner/work/key/key/key.core/../key.ui/examples/heap/comprehensions/sum1.key 
19112      DEBUG main            d.u.i.k.p.i.AbstractProblemLoader Environment load took 67.4ns 
19113      INFO  main            d.u.i.k.p.i.AbstractProblemLoader Creating init config 
21884      DEBUG main            d.u.i.k.p.i.AbstractProblemLoader Init config took 2.77s 
21930      INFO  main            d.u.i.k.p.i.AbstractProblemLoader Replaying proof Sum[Sum::sum1([I)].JML normal_behavior operation contract.0 
21931      DEBUG main            d.u.i.k.p.i.IntermediateProofReplayer Proof replay took 5.6ns 
21983      DEBUG Thread-7        d.u.i.k.l.l.OriginTermLabel commonFileName is null! 
21984      DEBUG Thread-7        d.u.i.k.l.l.OriginTermLabel commonFileName is null! 
22114      DEBUG Thread-7        d.u.i.k.l.l.OriginTermLabel commonFileName is null! 
22115      DEBUG Thread-7        d.u.i.k.l.l.OriginTermLabel commonFileName is null! 
22233      DEBUG Thread-7        d.u.i.k.l.l.OriginTermLabel commonFileName is null! 
22436      INFO  main            d.u.i.k.p.r.p.TestFile    ... finished proof: closed. 
22587      INFO  main            d.u.i.k.p.i.AbstractProblemLoader Loading environment from /home/runner/work/key/key/key.core/../key.ui/examples/heap/comprehensions/sum1.key.proof 
22588      DEBUG main            d.u.i.k.p.i.AbstractProblemLoader Environment load took 1.79ms 
22590      INFO  main            d.u.i.k.p.i.AbstractProblemLoader Creating init config 
25280      DEBUG main            d.u.i.k.p.i.AbstractProblemLoader Init config took 2.69s 
25324      INFO  main            d.u.i.k.p.i.AbstractProblemLoader Replaying proof Sum[Sum::sum1([I)].JML normal_behavior operation contract.0 
25363      DEBUG main            d.u.i.k.l.l.OriginTermLabel commonFileName is null! 
25364      DEBUG main            d.u.i.k.l.l.OriginTermLabel commonFileName is null! 
25435      DEBUG main            d.u.i.k.l.l.OriginTermLabel commonFileName is null! 
25476      DEBUG main            d.u.i.k.l.l.OriginTermLabel commonFileName is null! 
25476      DEBUG main            d.u.i.k.l.l.OriginTermLabel commonFileName is null! 
25479      DEBUG main            d.u.i.k.p.i.IntermediateProofReplayer Proof replay took 149.02ms 
25480      DEBUG main            d.u.i.k.p.r.p.TestFile    ... success: reloaded. 
25485      INFO  main            d.u.i.k.p.r.p.TestFile    Now processing file /home/runner/work/key/key/key.core/../key.ui/examples/heap/comprehensions/sum2.key 
25486      INFO  main            d.u.i.k.p.i.AbstractProblemLoader Loading environment from /home/runner/work/key/key/key.core/../key.ui/examples/heap/comprehensions/sum2.key 
25486      DEBUG main            d.u.i.k.p.i.AbstractProblemLoader Environment load took 124.4ns 
25487      INFO  main            d.u.i.k.p.i.AbstractProblemLoader Creating init config 
28268      DEBUG main            d.u.i.k.p.i.AbstractProblemLoader Init config took 2.78s 
28324      INFO  main            d.u.i.k.p.i.AbstractProblemLoader Replaying proof Sum[Sum::sum2([I)].JML normal_behavior operation contract.0 
28328      DEBUG main            d.u.i.k.p.i.IntermediateProofReplayer Proof replay took 6.3ns 
28383      DEBUG Thread-10       d.u.i.k.l.l.OriginTermLabel commonFileName is null! 
28384      DEBUG Thread-10       d.u.i.k.l.l.OriginTermLabel commonFileName is null! 
28498      DEBUG Thread-10       d.u.i.k.l.l.OriginTermLabel commonFileName is null! 
28499      DEBUG Thread-10       d.u.i.k.l.l.OriginTermLabel commonFileName is null! 
28577      DEBUG Thread-10       d.u.i.k.l.l.OriginTermLabel commonFileName is null! 
28732      INFO  main            d.u.i.k.p.r.p.TestFile    ... finished proof: closed. 
28891      INFO  main            d.u.i.k.p.i.AbstractProblemLoader Loading environment from /home/runner/work/key/key/key.core/../key.ui/examples/heap/comprehensions/sum2.key.proof 
28892      DEBUG main            d.u.i.k.p.i.AbstractProblemLoader Environment load took 1.09ms 
28895      INFO  main            d.u.i.k.p.i.AbstractProblemLoader Creating init config 
31560      DEBUG main            d.u.i.k.p.i.AbstractProblemLoader Init config took 2.67s 
31602      INFO  main            d.u.i.k.p.i.AbstractProblemLoader Replaying proof Sum[Sum::sum2([I)].JML normal_behavior operation contract.0 
31626      DEBUG main            d.u.i.k.l.l.OriginTermLabel commonFileName is null! 
31627      DEBUG main            d.u.i.k.l.l.OriginTermLabel commonFileName is null! 
31661      DEBUG main            d.u.i.k.l.l.OriginTermLabel commonFileName is null! 
31688      DEBUG main            d.u.i.k.l.l.OriginTermLabel commonFileName is null! 
31689      DEBUG main            d.u.i.k.l.l.OriginTermLabel commonFileName is null! 
31691      DEBUG main            d.u.i.k.p.i.IntermediateProofReplayer Proof replay took 85.19ms 
31691      DEBUG main            d.u.i.k.p.r.p.TestFile    ... success: reloaded. 
31692      INFO  main            d.u.i.k.p.r.p.TestFile    Now processing file /home/runner/work/key/key/key.core/../key.ui/examples/heap/comprehensions/sum3.key 
31692      INFO  main            d.u.i.k.p.i.AbstractProblemLoader Loading environment from /home/runner/work/key/key/key.core/../key.ui/examples/heap/comprehensions/sum3.key 
31692      DEBUG main            d.u.i.k.p.i.AbstractProblemLoader Environment load took 54.7ns 
31694      INFO  main            d.u.i.k.p.i.AbstractProblemLoader Creating init config 
34406      DEBUG main            d.u.i.k.p.i.AbstractProblemLoader Init config took 2.71s 
34449      INFO  main            d.u.i.k.p.i.AbstractProblemLoader Replaying proof Sum[Sum::sum3([I)].JML normal_behavior operation contract.0 
34451      DEBUG main            d.u.i.k.p.i.IntermediateProofReplayer Proof replay took 6.1ns 
34500      DEBUG Thread-13       d.u.i.k.l.l.OriginTermLabel commonFileName is null! 
34500      DEBUG Thread-13       d.u.i.k.l.l.OriginTermLabel commonFileName is null! 
34625      DEBUG Thread-13       d.u.i.k.l.l.OriginTermLabel commonFileName is null! 
34626      DEBUG Thread-13       d.u.i.k.l.l.OriginTermLabel commonFileName is null! 
34697      DEBUG Thread-13       d.u.i.k.l.l.OriginTermLabel commonFileName is null! 
34854      INFO  main            d.u.i.k.p.r.p.TestFile    ... finished proof: closed. 
35005      INFO  main            d.u.i.k.p.i.AbstractProblemLoader Loading environment from /home/runner/work/key/key/key.core/../key.ui/examples/heap/comprehensions/sum3.key.proof 
35009      DEBUG main            d.u.i.k.p.i.AbstractProblemLoader Environment load took 4.48ms 
35013      INFO  main            d.u.i.k.p.i.AbstractProblemLoader Creating init config 
37677      DEBUG main            d.u.i.k.p.i.AbstractProblemLoader Init config took 2.66s 
37728      INFO  main            d.u.i.k.p.i.AbstractProblemLoader Replaying proof Sum[Sum::sum3([I)].JML normal_behavior operation contract.0 
37757      DEBUG main            d.u.i.k.l.l.OriginTermLabel commonFileName is null! 
37759      DEBUG main            d.u.i.k.l.l.OriginTermLabel commonFileName is null! 
37798      DEBUG main            d.u.i.k.l.l.OriginTermLabel commonFileName is null! 
37824      DEBUG main            d.u.i.k.l.l.OriginTermLabel commonFileName is null! 
37827      DEBUG main            d.u.i.k.l.l.OriginTermLabel commonFileName is null! 
37831      DEBUG main            d.u.i.k.p.i.IntermediateProofReplayer Proof replay took 98.21ms 
37833      DEBUG main            d.u.i.k.p.r.p.TestFile    ... success: reloaded. 
37837      INFO  main            d.u.i.k.p.r.p.TestFile    Now processing file /home/runner/work/key/key/key.core/../key.ui/examples/heap/comprehensions/segsum.key 
37837      INFO  main            d.u.i.k.p.i.AbstractProblemLoader Loading environment from /home/runner/work/key/key/key.core/../key.ui/examples/heap/comprehensions/segsum.key 
37838      DEBUG main            d.u.i.k.p.i.AbstractProblemLoader Environment load took 319.1ns 
37840      INFO  main            d.u.i.k.p.i.AbstractProblemLoader Creating init config 
40547      DEBUG main            d.u.i.k.p.i.AbstractProblemLoader Init config took 2.71s 
40588      INFO  main            d.u.i.k.p.i.AbstractProblemLoader Replaying proof SegSum[SegSum::segSum([I,int,int)].JML normal_behavior operation contract.0 
40589      DEBUG main            d.u.i.k.p.i.IntermediateProofReplayer Proof replay took 6.3ns 
40992      INFO  main            d.u.i.k.p.r.p.TestFile    ... finished proof: closed. 
41164      INFO  main            d.u.i.k.p.i.AbstractProblemLoader Loading environment from /home/runner/work/key/key/key.core/../key.ui/examples/heap/comprehensions/segsum.key.proof 
41165      DEBUG main            d.u.i.k.p.i.AbstractProblemLoader Environment load took 114.8ns 
41167      INFO  main            d.u.i.k.p.i.AbstractProblemLoader Creating init config 
43778      DEBUG main            d.u.i.k.p.i.AbstractProblemLoader Init config took 2.61s 
43820      INFO  main            d.u.i.k.p.i.AbstractProblemLoader Replaying proof SegSum[SegSum::segSum([I,int,int)].JML normal_behavior operation contract.0 
43904      DEBUG main            d.u.i.k.p.i.IntermediateProofReplayer Proof replay took 76.93ms 
43905      DEBUG main            d.u.i.k.p.r.p.TestFile    ... success: reloaded. 
43906      INFO  main            d.u.i.k.p.r.p.TestFile    Now processing file /home/runner/work/key/key/key.core/../key.ui/examples/heap/comprehensions/bsum_negative.key 
43907      INFO  main            d.u.i.k.p.i.AbstractProblemLoader Loading environment from /home/runner/work/key/key/key.core/../key.ui/examples/heap/comprehensions/bsum_negative.key 
43907      DEBUG main            d.u.i.k.p.i.AbstractProblemLoader Environment load took 290.9ns 
43909      INFO  main            d.u.i.k.p.i.AbstractProblemLoader Creating init config 
46417      DEBUG main            d.u.i.k.p.i.AbstractProblemLoader Init config took 2.51s 
46436      INFO  main            d.u.i.k.p.i.AbstractProblemLoader Replaying proof bsum_negative.key 
46437      DEBUG main            d.u.i.k.p.i.IntermediateProofReplayer Proof replay took 5.7ns 
46542      INFO  main            d.u.i.k.p.r.p.TestFile    ... finished proof: closed. 
46699      INFO  main            d.u.i.k.p.i.AbstractProblemLoader Loading environment from /home/runner/work/key/key/key.core/../key.ui/examples/heap/comprehensions/bsum_negative.key.proof 
46699      DEBUG main            d.u.i.k.p.i.AbstractProblemLoader Environment load took 106.3ns 
46700      INFO  main            d.u.i.k.p.i.AbstractProblemLoader Creating init config 
49150      DEBUG main            d.u.i.k.p.i.AbstractProblemLoader Init config took 2.45s 
49171      INFO  main            d.u.i.k.p.i.AbstractProblemLoader Replaying proof bsum_negative.key.proof 
49175      DEBUG main            d.u.i.k.p.i.IntermediateProofReplayer Proof replay took 1.56ms 
49176      DEBUG main            d.u.i.k.p.r.p.TestFile    ... success: reloaded. 
49178      INFO  main            d.u.i.k.p.r.p.TestFile    Now processing file /home/runner/work/key/key/key.core/../key.ui/examples/heap/comprehensions/bsum_neg2.key 
49178      INFO  main            d.u.i.k.p.i.AbstractProblemLoader Loading environment from /home/runner/work/key/key/key.core/../key.ui/examples/heap/comprehensions/bsum_neg2.key 
49178      DEBUG main            d.u.i.k.p.i.AbstractProblemLoader Environment load took 53.4ns 
49180      INFO  main            d.u.i.k.p.i.AbstractProblemLoader Creating init config 
51684      DEBUG main            d.u.i.k.p.i.AbstractProblemLoader Init config took 2.5s 
51704      INFO  main            d.u.i.k.p.i.AbstractProblemLoader Replaying proof bsum_neg2.key 
51706      DEBUG main            d.u.i.k.p.i.IntermediateProofReplayer Proof replay took 6.8ns 
51808      INFO  main            d.u.i.k.p.r.p.TestFile    ... finished proof: closed. 
51967      INFO  main            d.u.i.k.p.i.AbstractProblemLoader Loading environment from /home/runner/work/key/key/key.core/../key.ui/examples/heap/comprehensions/bsum_neg2.key.proof 
51967      DEBUG main            d.u.i.k.p.i.AbstractProblemLoader Environment load took 118ns 
51968      INFO  main            d.u.i.k.p.i.AbstractProblemLoader Creating init config 
54442      DEBUG main            d.u.i.k.p.i.AbstractProblemLoader Init config took 2.47s 
54459      INFO  main            d.u.i.k.p.i.AbstractProblemLoader Replaying proof bsum_neg2.key.proof 
54461      DEBUG main            d.u.i.k.p.i.IntermediateProofReplayer Proof replay took 875.2ns 
54462      DEBUG main            d.u.i.k.p.r.p.TestFile    ... success: reloaded. 
54462      INFO  main            d.u.i.k.p.r.p.TestFile    Now processing file /home/runner/work/key/key/key.core/../key.ui/examples/heap/comprehensions/bsumSplit.key 
54462      INFO  main            d.u.i.k.p.i.AbstractProblemLoader Loading environment from /home/runner/work/key/key/key.core/../key.ui/examples/heap/comprehensions/bsumSplit.key 
54462      DEBUG main            d.u.i.k.p.i.AbstractProblemLoader Environment load took 56.8ns 
54463      INFO  main            d.u.i.k.p.i.AbstractProblemLoader Creating init config 
56960      DEBUG main            d.u.i.k.p.i.AbstractProblemLoader Init config took 2.5s 
56976      INFO  main            d.u.i.k.p.i.AbstractProblemLoader Replaying proof bsumSplit.key 
56977      DEBUG main            d.u.i.k.p.i.IntermediateProofReplayer Proof replay took 6.7ns 
57079      INFO  main            d.u.i.k.p.r.p.TestFile    ... finished proof: closed. 
57314      INFO  main            d.u.i.k.p.i.AbstractProblemLoader Loading environment from /home/runner/work/key/key/key.core/../key.ui/examples/heap/comprehensions/bsumSplit.key.proof 
57314      DEBUG main            d.u.i.k.p.i.AbstractProblemLoader Environment load took 104.1ns 
57315      INFO  main            d.u.i.k.p.i.AbstractProblemLoader Creating init config 
59793      DEBUG main            d.u.i.k.p.i.AbstractProblemLoader Init config took 2.48s 
59809      INFO  main            d.u.i.k.p.i.AbstractProblemLoader Replaying proof bsumSplit.key.proof 
59814      DEBUG main            d.u.i.k.p.i.IntermediateProofReplayer Proof replay took 3.73ms 
59815      DEBUG main            d.u.i.k.p.r.p.TestFile    ... success: reloaded. 
59815      INFO  main            d.u.i.k.p.r.p.TestFile    Now processing file /home/runner/work/key/key/key.core/../key.ui/examples/heap/comprehensions/bprodSplit.key 
59816      INFO  main            d.u.i.k.p.i.AbstractProblemLoader Loading environment from /home/runner/work/key/key/key.core/../key.ui/examples/heap/comprehensions/bprodSplit.key 
59816      DEBUG main            d.u.i.k.p.i.AbstractProblemLoader Environment load took 100.2ns 
59817      INFO  main            d.u.i.k.p.i.AbstractProblemLoader Creating init config 
62275      DEBUG main            d.u.i.k.p.i.AbstractProblemLoader Init config took 2.46s 
62291      INFO  main            d.u.i.k.p.i.AbstractProblemLoader Replaying proof bprodSplit.key 
62292      DEBUG main            d.u.i.k.p.i.IntermediateProofReplayer Proof replay took 6.2ns 
62394      INFO  main            d.u.i.k.p.r.p.TestFile    ... finished proof: closed. 
62565      INFO  main            d.u.i.k.p.i.AbstractProblemLoader Loading environment from /home/runner/work/key/key/key.core/../key.ui/examples/heap/comprehensions/bprodSplit.key.proof 
62565      DEBUG main            d.u.i.k.p.i.AbstractProblemLoader Environment load took 105.5ns 
62566      INFO  main            d.u.i.k.p.i.AbstractProblemLoader Creating init config 
64972      DEBUG main            d.u.i.k.p.i.AbstractProblemLoader Init config took 2.41s 
64992      INFO  main            d.u.i.k.p.i.AbstractProblemLoader Replaying proof bprodSplit.key.proof 
65000      DEBUG main            d.u.i.k.p.i.IntermediateProofReplayer Proof replay took 5.03ms 
65002      DEBUG main            d.u.i.k.p.r.p.TestFile    ... success: reloaded. 
65003      INFO  main            d.u.i.k.p.r.p.TestFile    Now processing file /home/runner/work/key/key/key.core/../key.ui/examples/heap/comprehensions/bsumSplitInvalid.key 
65004      INFO  main            d.u.i.k.p.i.AbstractProblemLoader Loading environment from /home/runner/work/key/key/key.core/../key.ui/examples/heap/comprehensions/bsumSplitInvalid.key 
65004      DEBUG main            d.u.i.k.p.i.AbstractProblemLoader Environment load took 311.9ns 
65005      INFO  main            d.u.i.k.p.i.AbstractProblemLoader Creating init config 
67520      DEBUG main            d.u.i.k.p.i.AbstractProblemLoader Init config took 2.51s 
67534      INFO  main            d.u.i.k.p.i.AbstractProblemLoader Replaying proof bsumSplitInvalid.key 
67536      DEBUG main            d.u.i.k.p.i.IntermediateProofReplayer Proof replay took 6.6ns 
67639      INFO  main            d.u.i.k.p.r.p.TestFile    ... finished proof: open goal(s) 
146153     INFO  Test worker     d.u.i.k.p.r.RunAllProofsTestUnit Returning from test comprehensions 
146156     INFO  Test worker     d.u.i.k.p.r.RunAllProofsTestUnit Running test performance 
328        INFO  Timeout watchdog d.u.i.k.p.r.p.ForkedTestFileRunner Timeout watcher launched (2000 secs.) 
350        WARN  main            d.u.i.k.s.ProofSettings   The settings in /home/runner/.key/proof-settings.props are *not* read. 
383        INFO  main            d.u.i.k.p.r.p.TestFile    Now processing file /home/runner/work/key/key/key.core/../key.ui/examples/performance-test/Disjoint(Disjoint__disjoint_08()).JML_operation_contract.0.key 
511        INFO  main            d.u.i.k.p.i.AbstractProblemLoader Loading environment from /home/runner/work/key/key/key.core/../key.ui/examples/performance-test/Disjoint(Disjoint__disjoint_08()).JML_operation_contract.0.key 
528        DEBUG main            d.u.i.k.p.i.AbstractProblemLoader Environment load took 2.26ms 
748        INFO  main            d.u.i.k.p.i.AbstractProblemLoader Creating init config 
1668       DEBUG main            d.u.i.k.j.TypeConverter   No LDT found for Meta 
1673       DEBUG main            d.u.i.k.j.TypeConverter   No LDT found for Meta 
1679       DEBUG main            d.u.i.k.j.TypeConverter   No LDT found for Meta 
1680       DEBUG main            d.u.i.k.j.TypeConverter   No LDT found for Meta 
3379       DEBUG main            d.u.i.k.j.TypeConverter   No LDT found for JavaBigintExpression 
8819       DEBUG main            d.u.i.k.j.r.ClassPreparationMethodBuilder clPrepBuilder: Inner Class detected. Reject building class initialisation methods. 
16351      DEBUG main            d.u.i.k.p.i.AbstractProblemLoader Init config took 15.6s 
16547      INFO  main            d.u.i.k.p.i.AbstractProblemLoader Replaying proof Disjoint[Disjoint::disjoint_8()].JML operation contract.0 
16601      DEBUG main            d.u.i.k.p.i.IntermediateProofReplayer Proof replay took 342.1ns 
19557      INFO  main            d.u.i.k.p.r.p.TestFile    ... finished proof: closed. 
19735      INFO  main            d.u.i.k.p.i.AbstractProblemLoader Loading environment from /home/runner/work/key/key/key.core/../key.ui/examples/performance-test/Disjoint(Disjoint__disjoint_08()).JML_operation_contract.0.key.proof 
19737      DEBUG main            d.u.i.k.p.i.AbstractProblemLoader Environment load took 2.22ms 
19740      INFO  main            d.u.i.k.p.i.AbstractProblemLoader Creating init config 
22724      DEBUG main            d.u.i.k.j.r.ClassPreparationMethodBuilder clPrepBuilder: Inner Class detected. Reject building class initialisation methods. 
29430      DEBUG main            d.u.i.k.p.i.AbstractProblemLoader Init config took 9.69s 
29569      INFO  main            d.u.i.k.p.i.AbstractProblemLoader Replaying proof Disjoint[Disjoint::disjoint_8()].JML operation contract.0 
29945      DEBUG main            d.u.i.k.p.i.IntermediateProofReplayer Proof replay took 363.58ms 
29954      DEBUG main            d.u.i.k.p.r.p.TestFile    ... success: reloaded. 
29956      INFO  main            d.u.i.k.p.r.p.TestFile    Now processing file /home/runner/work/key/key/key.core/../key.ui/examples/performance-test/Disjoint(Disjoint__disjoint2_08()).JML_operation_contract.0.key 
29957      INFO  main            d.u.i.k.p.i.AbstractProblemLoader Loading environment from /home/runner/work/key/key/key.core/../key.ui/examples/performance-test/Disjoint(Disjoint__disjoint2_08()).JML_operation_contract.0.key 
29957      DEBUG main            d.u.i.k.p.i.AbstractProblemLoader Environment load took 322.1ns 
29958      INFO  main            d.u.i.k.p.i.AbstractProblemLoader Creating init config 
32940      DEBUG main            d.u.i.k.j.r.ClassPreparationMethodBuilder clPrepBuilder: Inner Class detected. Reject building class initialisation methods. 
39503      DEBUG main            d.u.i.k.p.i.AbstractProblemLoader Init config took 9.54s 
39601      INFO  main            d.u.i.k.p.i.AbstractProblemLoader Replaying proof Disjoint[Disjoint::disjoint2_8()].JML operation contract.0 
39604      DEBUG main            d.u.i.k.p.i.IntermediateProofReplayer Proof replay took 21ns 
40413      INFO  main            d.u.i.k.p.r.p.TestFile    ... finished proof: closed. 
40672      INFO  main            d.u.i.k.p.i.AbstractProblemLoader Loading environment from /home/runner/work/key/key/key.core/../key.ui/examples/performance-test/Disjoint(Disjoint__disjoint2_08()).JML_operation_contract.0.key.proof 
40672      DEBUG main            d.u.i.k.p.i.AbstractProblemLoader Environment load took 683.7ns 
40674      INFO  main            d.u.i.k.p.i.AbstractProblemLoader Creating init config 
43480      DEBUG main            d.u.i.k.j.r.ClassPreparationMethodBuilder clPrepBuilder: Inner Class detected. Reject building class initialisation methods. 
49907      DEBUG main            d.u.i.k.p.i.AbstractProblemLoader Init config took 9.23s 
50002      INFO  main            d.u.i.k.p.i.AbstractProblemLoader Replaying proof Disjoint[Disjoint::disjoint2_8()].JML operation contract.0 
50087      DEBUG main            d.u.i.k.p.i.IntermediateProofReplayer Proof replay took 81.13ms 
50089      DEBUG main            d.u.i.k.p.r.p.TestFile    ... success: reloaded. 
50097      INFO  main            d.u.i.k.p.r.p.TestFile    Now processing file /home/runner/work/key/key/key.core/../key.ui/examples/performance-test/AccessChain1(AccessChain1__foo_08()).JML_operation_contract.0.key 
50097      INFO  main            d.u.i.k.p.i.AbstractProblemLoader Loading environment from /home/runner/work/key/key/key.core/../key.ui/examples/performance-test/AccessChain1(AccessChain1__foo_08()).JML_operation_contract.0.key 
50097      DEBUG main            d.u.i.k.p.i.AbstractProblemLoader Environment load took 120.7ns 
50098      INFO  main            d.u.i.k.p.i.AbstractProblemLoader Creating init config 
52884      DEBUG main            d.u.i.k.j.r.ClassPreparationMethodBuilder clPrepBuilder: Inner Class detected. Reject building class initialisation methods. 
59281      DEBUG main            d.u.i.k.p.i.AbstractProblemLoader Init config took 9.18s 
59365      INFO  main            d.u.i.k.p.i.AbstractProblemLoader Replaying proof AccessChain1[AccessChain1::foo_8()].JML operation contract.0 
59368      DEBUG main            d.u.i.k.p.i.IntermediateProofReplayer Proof replay took 9.7ns 
61784      INFO  main            d.u.i.k.p.r.p.TestFile    ... finished proof: closed. 
62135      INFO  main            d.u.i.k.p.i.AbstractProblemLoader Loading environment from /home/runner/work/key/key/key.core/../key.ui/examples/performance-test/AccessChain1(AccessChain1__foo_08()).JML_operation_contract.0.key.proof 
62140      DEBUG main            d.u.i.k.p.i.AbstractProblemLoader Environment load took 5.09ms 
62146      INFO  main            d.u.i.k.p.i.AbstractProblemLoader Creating init config 
64883      DEBUG main            d.u.i.k.j.r.ClassPreparationMethodBuilder clPrepBuilder: Inner Class detected. Reject building class initialisation methods. 
71245      DEBUG main            d.u.i.k.p.i.AbstractProblemLoader Init config took 9.1s 
71345      INFO  main            d.u.i.k.p.i.AbstractProblemLoader Replaying proof AccessChain1[AccessChain1::foo_8()].JML operation contract.0 
71873      DEBUG main            d.u.i.k.p.i.IntermediateProofReplayer Proof replay took 510.19ms 
71877      DEBUG main            d.u.i.k.p.r.p.TestFile    ... success: reloaded. 
71879      INFO  main            d.u.i.k.p.r.p.TestFile    Now processing file /home/runner/work/key/key/key.core/../key.ui/examples/performance-test/AccessChain4(AccessChain4__foo_08()).JML_operation_contract.0.key 
71880      INFO  main            d.u.i.k.p.i.AbstractProblemLoader Loading environment from /home/runner/work/key/key/key.core/../key.ui/examples/performance-test/AccessChain4(AccessChain4__foo_08()).JML_operation_contract.0.key 
71880      DEBUG main            d.u.i.k.p.i.AbstractProblemLoader Environment load took 272.6ns 
71881      INFO  main            d.u.i.k.p.i.AbstractProblemLoader Creating init config 
74690      DEBUG main            d.u.i.k.j.r.ClassPreparationMethodBuilder clPrepBuilder: Inner Class detected. Reject building class initialisation methods. 
81088      DEBUG main            d.u.i.k.p.i.AbstractProblemLoader Init config took 9.21s 
81170      INFO  main            d.u.i.k.p.i.AbstractProblemLoader Replaying proof AccessChain4[AccessChain4::foo_8()].JML operation contract.0 
81172      DEBUG main            d.u.i.k.p.i.IntermediateProofReplayer Proof replay took 17.3ns 
87394      INFO  main            d.u.i.k.p.r.p.TestFile    ... finished proof: closed. 
87735      INFO  main            d.u.i.k.p.i.AbstractProblemLoader Loading environment from /home/runner/work/key/key/key.core/../key.ui/examples/performance-test/AccessChain4(AccessChain4__foo_08()).JML_operation_contract.0.key.proof 
87735      DEBUG main            d.u.i.k.p.i.AbstractProblemLoader Environment load took 579.4ns 
87746      INFO  main            d.u.i.k.p.i.AbstractProblemLoader Creating init config 
90448      DEBUG main            d.u.i.k.j.r.ClassPreparationMethodBuilder clPrepBuilder: Inner Class detected. Reject building class initialisation methods. 
96951      DEBUG main            d.u.i.k.p.i.AbstractProblemLoader Init config took 9.21s 
97032      INFO  main            d.u.i.k.p.i.AbstractProblemLoader Replaying proof AccessChain4[AccessChain4::foo_8()].JML operation contract.0 
98092      DEBUG main            d.u.i.k.p.i.IntermediateProofReplayer Proof replay took 1.03s 
98096      DEBUG main            d.u.i.k.p.r.p.TestFile    ... success: reloaded. 
98106      INFO  main            d.u.i.k.p.r.p.TestFile    Now processing file /home/runner/work/key/key/key.core/../key.ui/examples/performance-test/Disjoint(Disjoint__xZero_08()).JML_operation_contract.0.key 
98108      INFO  main            d.u.i.k.p.i.AbstractProblemLoader Loading environment from /home/runner/work/key/key/key.core/../key.ui/examples/performance-test/Disjoint(Disjoint__xZero_08()).JML_operation_contract.0.key 
98111      DEBUG main            d.u.i.k.p.i.AbstractProblemLoader Environment load took 3.45ms 
98114      INFO  main            d.u.i.k.p.i.AbstractProblemLoader Creating init config 
101070     DEBUG main            d.u.i.k.j.r.ClassPreparationMethodBuilder clPrepBuilder: Inner Class detected. Reject building class initialisation methods. 
107391     DEBUG main            d.u.i.k.p.i.AbstractProblemLoader Init config took 9.28s 
107483     INFO  main            d.u.i.k.p.i.AbstractProblemLoader Replaying proof Disjoint[Disjoint::xZero_8()].JML operation contract.0 
107485     DEBUG main            d.u.i.k.p.i.IntermediateProofReplayer Proof replay took 11.2ns 
108494     INFO  main            d.u.i.k.p.r.p.TestFile    ... finished proof: closed. 
108851     INFO  main            d.u.i.k.p.i.AbstractProblemLoader Loading environment from /home/runner/work/key/key/key.core/../key.ui/examples/performance-test/Disjoint(Disjoint__xZero_08()).JML_operation_contract.0.key.proof 
108851     DEBUG main            d.u.i.k.p.i.AbstractProblemLoader Environment load took 519.5ns 
108852     INFO  main            d.u.i.k.p.i.AbstractProblemLoader Creating init config 
111557     DEBUG main            d.u.i.k.j.r.ClassPreparationMethodBuilder clPrepBuilder: Inner Class detected. Reject building class initialisation methods. 
117895     DEBUG main            d.u.i.k.p.i.AbstractProblemLoader Init config took 9.04s 
117975     INFO  main            d.u.i.k.p.i.AbstractProblemLoader Replaying proof Disjoint[Disjoint::xZero_8()].JML operation contract.0 
118170     DEBUG main            d.u.i.k.p.i.IntermediateProofReplayer Proof replay took 188.03ms 
118172     DEBUG main            d.u.i.k.p.r.p.TestFile    ... success: reloaded. 
118173     INFO  main            d.u.i.k.p.r.p.TestFile    Now processing file /home/runner/work/key/key/key.core/../key.ui/examples/performance-test/Dynamic(Dynamic__foo_08()).JML_operation_contract.0.key 
118174     INFO  main            d.u.i.k.p.i.AbstractProblemLoader Loading environment from /home/runner/work/key/key/key.core/../key.ui/examples/performance-test/Dynamic(Dynamic__foo_08()).JML_operation_contract.0.key 
118174     DEBUG main            d.u.i.k.p.i.AbstractProblemLoader Environment load took 286.8ns 
118175     INFO  main            d.u.i.k.p.i.AbstractProblemLoader Creating init config 
120946     DEBUG main            d.u.i.k.j.r.ClassPreparationMethodBuilder clPrepBuilder: Inner Class detected. Reject building class initialisation methods. 
127259     DEBUG main            d.u.i.k.p.i.AbstractProblemLoader Init config took 9.08s 
127335     INFO  main            d.u.i.k.p.i.AbstractProblemLoader Replaying proof Dynamic[Dynamic::foo_8()].JML operation contract.0 
127336     DEBUG main            d.u.i.k.p.i.IntermediateProofReplayer Proof replay took 10.2ns 
132762     INFO  main            d.u.i.k.p.r.p.TestFile    ... finished proof: closed. 
133130     INFO  main            d.u.i.k.p.i.AbstractProblemLoader Loading environment from /home/runner/work/key/key/key.core/../key.ui/examples/performance-test/Dynamic(Dynamic__foo_08()).JML_operation_contract.0.key.proof 
133131     DEBUG main            d.u.i.k.p.i.AbstractProblemLoader Environment load took 507.1ns 
133133     INFO  main            d.u.i.k.p.i.AbstractProblemLoader Creating init config 
135801     DEBUG main            d.u.i.k.j.r.ClassPreparationMethodBuilder clPrepBuilder: Inner Class detected. Reject building class initialisation methods. 
142129     DEBUG main            d.u.i.k.p.i.AbstractProblemLoader Init config took 9s 
142205     INFO  main            d.u.i.k.p.i.AbstractProblemLoader Replaying proof Dynamic[Dynamic::foo_8()].JML operation contract.0 
142750     DEBUG main            d.u.i.k.p.i.IntermediateProofReplayer Proof replay took 522.01ms 
142752     DEBUG main            d.u.i.k.p.r.p.TestFile    ... success: reloaded. 
142753     INFO  main            d.u.i.k.p.r.p.TestFile    Now processing file /home/runner/work/key/key/key.core/../key.ui/examples/performance-test/DynamicGhost(DynamicGhost__dynamicGhost_08()).JML_normal_behavior_operation_contract.0.key 
142753     INFO  main            d.u.i.k.p.i.AbstractProblemLoader Loading environment from /home/runner/work/key/key/key.core/../key.ui/examples/performance-test/DynamicGhost(DynamicGhost__dynamicGhost_08()).JML_normal_behavior_operation_contract.0.key 
142754     DEBUG main            d.u.i.k.p.i.AbstractProblemLoader Environment load took 103.3ns 
142754     INFO  main            d.u.i.k.p.i.AbstractProblemLoader Creating init config 
145531     DEBUG main            d.u.i.k.j.r.ClassPreparationMethodBuilder clPrepBuilder: Inner Class detected. Reject building class initialisation methods. 
151880     DEBUG main            d.u.i.k.p.i.AbstractProblemLoader Init config took 9.13s 
151960     INFO  main            d.u.i.k.p.i.AbstractProblemLoader Replaying proof DynamicGhost[DynamicGhost::dynamicGhost_8()].JML normal_behavior operation contract.0 
151962     DEBUG main            d.u.i.k.p.i.IntermediateProofReplayer Proof replay took 23.5ns 
156395     INFO  main            d.u.i.k.p.r.p.TestFile    ... finished proof: closed. 
156780     INFO  main            d.u.i.k.p.i.AbstractProblemLoader Loading environment from /home/runner/work/key/key/key.core/../key.ui/examples/performance-test/DynamicGhost(DynamicGhost__dynamicGhost_08()).JML_normal_behavior_operation_contract.0.key.proof 
156781     DEBUG main            d.u.i.k.p.i.AbstractProblemLoader Environment load took 509.8ns 
156783     INFO  main            d.u.i.k.p.i.AbstractProblemLoader Creating init config 
159451     DEBUG main            d.u.i.k.j.r.ClassPreparationMethodBuilder clPrepBuilder: Inner Class detected. Reject building class initialisation methods. 
165881     DEBUG main            d.u.i.k.p.i.AbstractProblemLoader Init config took 9.1s 
165968     INFO  main            d.u.i.k.p.i.AbstractProblemLoader Replaying proof DynamicGhost[DynamicGhost::dynamicGhost_8()].JML normal_behavior operation contract.0 
166549     DEBUG main            d.u.i.k.p.i.IntermediateProofReplayer Proof replay took 557.36ms 
166552     DEBUG main            d.u.i.k.p.r.p.TestFile    ... success: reloaded. 
166554     INFO  main            d.u.i.k.p.r.p.TestFile    Now processing file /home/runner/work/key/key/key.core/../key.ui/examples/performance-test/GhostFrame(GhostFrame__foo_08()).JML_operation_contract.0.key 
166555     INFO  main            d.u.i.k.p.i.AbstractProblemLoader Loading environment from /home/runner/work/key/key/key.core/../key.ui/examples/performance-test/GhostFrame(GhostFrame__foo_08()).JML_operation_contract.0.key 
166557     DEBUG main            d.u.i.k.p.i.AbstractProblemLoader Environment load took 2.26ms 
166559     INFO  main            d.u.i.k.p.i.AbstractProblemLoader Creating init config 
169371     DEBUG main            d.u.i.k.j.r.ClassPreparationMethodBuilder clPrepBuilder: Inner Class detected. Reject building class initialisation methods. 
175720     DEBUG main            d.u.i.k.p.i.AbstractProblemLoader Init config took 9.16s 
175810     INFO  main            d.u.i.k.p.i.AbstractProblemLoader Replaying proof GhostFrame[GhostFrame::foo_8()].JML operation contract.0 
175813     DEBUG main            d.u.i.k.p.i.IntermediateProofReplayer Proof replay took 11.7ns 
177825     INFO  main            d.u.i.k.p.r.p.TestFile    ... finished proof: closed. 
178212     INFO  main            d.u.i.k.p.i.AbstractProblemLoader Loading environment from /home/runner/work/key/key/key.core/../key.ui/examples/performance-test/GhostFrame(GhostFrame__foo_08()).JML_operation_contract.0.key.proof 
178212     DEBUG main            d.u.i.k.p.i.AbstractProblemLoader Environment load took 117ns 
178213     INFO  main            d.u.i.k.p.i.AbstractProblemLoader Creating init config 
180872     DEBUG main            d.u.i.k.j.r.ClassPreparationMethodBuilder clPrepBuilder: Inner Class detected. Reject building class initialisation methods. 
187179     DEBUG main            d.u.i.k.p.i.AbstractProblemLoader Init config took 8.97s 
187255     INFO  main            d.u.i.k.p.i.AbstractProblemLoader Replaying proof GhostFrame[GhostFrame::foo_8()].JML operation contract.0 
187599     DEBUG main            d.u.i.k.p.i.IntermediateProofReplayer Proof replay took 337.38ms 
187601     DEBUG main            d.u.i.k.p.r.p.TestFile    ... success: reloaded. 
187602     INFO  main            d.u.i.k.p.r.p.TestFile    Now processing file /home/runner/work/key/key/key.core/../key.ui/examples/performance-test/Modelfield(Modelfield__foo_08()).JML_operation_contract.0.key 
187602     INFO  main            d.u.i.k.p.i.AbstractProblemLoader Loading environment from /home/runner/work/key/key/key.core/../key.ui/examples/performance-test/Modelfield(Modelfield__foo_08()).JML_operation_contract.0.key 
187602     DEBUG main            d.u.i.k.p.i.AbstractProblemLoader Environment load took 87.6ns 
187603     INFO  main            d.u.i.k.p.i.AbstractProblemLoader Creating init config 
190350     DEBUG main            d.u.i.k.j.r.ClassPreparationMethodBuilder clPrepBuilder: Inner Class detected. Reject building class initialisation methods. 
196732     DEBUG main            d.u.i.k.p.i.AbstractProblemLoader Init config took 9.13s 
196809     INFO  main            d.u.i.k.p.i.AbstractProblemLoader Replaying proof Modelfield[Modelfield::foo_8()].JML operation contract.0 
196810     DEBUG main            d.u.i.k.p.i.IntermediateProofReplayer Proof replay took 6.4ns 
199968     INFO  main            d.u.i.k.p.r.p.TestFile    ... finished proof: closed. 
200397     INFO  main            d.u.i.k.p.i.AbstractProblemLoader Loading environment from /home/runner/work/key/key/key.core/../key.ui/examples/performance-test/Modelfield(Modelfield__foo_08()).JML_operation_contract.0.key.proof 
200397     DEBUG main            d.u.i.k.p.i.AbstractProblemLoader Environment load took 711.19ns 
200399     INFO  main            d.u.i.k.p.i.AbstractProblemLoader Creating init config 
203054     DEBUG main            d.u.i.k.j.r.ClassPreparationMethodBuilder clPrepBuilder: Inner Class detected. Reject building class initialisation methods. 
209399     DEBUG main            d.u.i.k.p.i.AbstractProblemLoader Init config took 9s 
209474     INFO  main            d.u.i.k.p.i.AbstractProblemLoader Replaying proof Modelfield[Modelfield::foo_8()].JML operation contract.0 
209860     DEBUG main            d.u.i.k.p.i.IntermediateProofReplayer Proof replay took 373.17ms 
209862     DEBUG main            d.u.i.k.p.r.p.TestFile    ... success: reloaded. 
356197     INFO  Test worker     d.u.i.k.p.r.RunAllProofsTestUnit Returning from test performance 
356201     INFO  Test worker     d.u.i.k.p.r.RunAllProofsTestUnit Running test performancePOConstruction 
350        INFO  Timeout watchdog d.u.i.k.p.r.p.ForkedTestFileRunner Timeout watcher launched (2000 secs.) 
371        WARN  main            d.u.i.k.s.ProofSettings   The settings in /home/runner/.key/proof-settings.props are *not* read. 
420        INFO  main            d.u.i.k.p.r.p.TestFile    Now processing file /home/runner/work/key/key/key.core/../key.ui/examples/performance-test/Test(Test__a0(int)).JML_normal_behavior_operation_contract.0.key 
554        INFO  main            d.u.i.k.p.i.AbstractProblemLoader Loading environment from /home/runner/work/key/key/key.core/../key.ui/examples/performance-test/Test(Test__a0(int)).JML_normal_behavior_operation_contract.0.key 
570        DEBUG main            d.u.i.k.p.i.AbstractProblemLoader Environment load took 2.27ms 
778        INFO  main            d.u.i.k.p.i.AbstractProblemLoader Creating init config 
1608       DEBUG main            d.u.i.k.j.TypeConverter   No LDT found for Meta 
1611       DEBUG main            d.u.i.k.j.TypeConverter   No LDT found for Meta 
1615       DEBUG main            d.u.i.k.j.TypeConverter   No LDT found for Meta 
1615       DEBUG main            d.u.i.k.j.TypeConverter   No LDT found for Meta 
3012       DEBUG main            d.u.i.k.j.TypeConverter   No LDT found for JavaBigintExpression 
8257       DEBUG main            d.u.i.k.j.r.ClassPreparationMethodBuilder clPrepBuilder: Inner Class detected. Reject building class initialisation methods. 
16009      DEBUG main            d.u.i.k.p.i.AbstractProblemLoader Init config took 15.23s 
16990      INFO  main            d.u.i.k.p.i.AbstractProblemLoader Replaying proof Test[Test::a0(int)].JML normal_behavior operation contract.0 
17073      DEBUG main            d.u.i.k.p.i.IntermediateProofReplayer Proof replay took 34.4ns 
17435      INFO  main            d.u.i.k.p.r.p.TestFile    ... finished proof: closed. 
17625      INFO  main            d.u.i.k.p.i.AbstractProblemLoader Loading environment from /home/runner/work/key/key/key.core/../key.ui/examples/performance-test/Test(Test__a0(int)).JML_normal_behavior_operation_contract.0.key.proof 
17625      DEBUG main            d.u.i.k.p.i.AbstractProblemLoader Environment load took 157.9ns 
17629      INFO  main            d.u.i.k.p.i.AbstractProblemLoader Creating init config 
20718      DEBUG main            d.u.i.k.j.r.ClassPreparationMethodBuilder clPrepBuilder: Inner Class detected. Reject building class initialisation methods. 
27636      DEBUG main            d.u.i.k.p.i.AbstractProblemLoader Init config took 10.01s 
28311      INFO  main            d.u.i.k.p.i.AbstractProblemLoader Replaying proof Test[Test::a0(int)].JML normal_behavior operation contract.0 
28336      DEBUG main            d.u.i.k.p.i.IntermediateProofReplayer Proof replay took 18.83ms 
28343      DEBUG main            d.u.i.k.p.r.p.TestFile    ... success: reloaded. 
28344      INFO  main            d.u.i.k.p.r.p.TestFile    Now processing file /home/runner/work/key/key/key.core/../key.ui/examples/performance-test/Test(Test__a1(int)).JML_normal_behavior_operation_contract.0.key 
28345      INFO  main            d.u.i.k.p.i.AbstractProblemLoader Loading environment from /home/runner/work/key/key/key.core/../key.ui/examples/performance-test/Test(Test__a1(int)).JML_normal_behavior_operation_contract.0.key 
28345      DEBUG main            d.u.i.k.p.i.AbstractProblemLoader Environment load took 264.7ns 
28346      INFO  main            d.u.i.k.p.i.AbstractProblemLoader Creating init config 
31207      DEBUG main            d.u.i.k.j.r.ClassPreparationMethodBuilder clPrepBuilder: Inner Class detected. Reject building class initialisation methods. 
37864      DEBUG main            d.u.i.k.p.i.AbstractProblemLoader Init config took 9.52s 
38577      INFO  main            d.u.i.k.p.i.AbstractProblemLoader Replaying proof Test[Test::a1(int)].JML normal_behavior operation contract.0 
38579      DEBUG main            d.u.i.k.p.i.IntermediateProofReplayer Proof replay took 6.2ns 
38988      INFO  main            d.u.i.k.p.r.p.TestFile    ... finished proof: closed. 
39246      INFO  main            d.u.i.k.p.i.AbstractProblemLoader Loading environment from /home/runner/work/key/key/key.core/../key.ui/examples/performance-test/Test(Test__a1(int)).JML_normal_behavior_operation_contract.0.key.proof 
39249      DEBUG main            d.u.i.k.p.i.AbstractProblemLoader Environment load took 2.9ms 
39250      INFO  main            d.u.i.k.p.i.AbstractProblemLoader Creating init config 
42078      DEBUG main            d.u.i.k.j.r.ClassPreparationMethodBuilder clPrepBuilder: Inner Class detected. Reject building class initialisation methods. 
48739      DEBUG main            d.u.i.k.p.i.AbstractProblemLoader Init config took 9.49s 
49406      INFO  main            d.u.i.k.p.i.AbstractProblemLoader Replaying proof Test[Test::a1(int)].JML normal_behavior operation contract.0 
49471      DEBUG main            d.u.i.k.p.i.IntermediateProofReplayer Proof replay took 59.8ms 
49473      DEBUG main            d.u.i.k.p.r.p.TestFile    ... success: reloaded. 
49477      INFO  main            d.u.i.k.p.r.p.TestFile    Now processing file /home/runner/work/key/key/key.core/../key.ui/examples/performance-test/Test(Test__f1(int)).JML_normal_behavior_operation_contract.0.key 
49484      INFO  main            d.u.i.k.p.i.AbstractProblemLoader Loading environment from /home/runner/work/key/key/key.core/../key.ui/examples/performance-test/Test(Test__f1(int)).JML_normal_behavior_operation_contract.0.key 
49485      DEBUG main            d.u.i.k.p.i.AbstractProblemLoader Environment load took 336ns 
49486      INFO  main            d.u.i.k.p.i.AbstractProblemLoader Creating init config 
52327      DEBUG main            d.u.i.k.j.r.ClassPreparationMethodBuilder clPrepBuilder: Inner Class detected. Reject building class initialisation methods. 
58964      DEBUG main            d.u.i.k.p.i.AbstractProblemLoader Init config took 9.48s 
59690      INFO  main            d.u.i.k.p.i.AbstractProblemLoader Replaying proof Test[Test::f1(int)].JML normal_behavior operation contract.0 
59692      DEBUG main            d.u.i.k.p.i.IntermediateProofReplayer Proof replay took 6.4ns 
59899      INFO  main            d.u.i.k.p.r.p.TestFile    ... finished proof: closed. 
60181      INFO  main            d.u.i.k.p.i.AbstractProblemLoader Loading environment from /home/runner/work/key/key/key.core/../key.ui/examples/performance-test/Test(Test__f1(int)).JML_normal_behavior_operation_contract.0.key.proof 
60181      DEBUG main            d.u.i.k.p.i.AbstractProblemLoader Environment load took 120.4ns 
60183      INFO  main            d.u.i.k.p.i.AbstractProblemLoader Creating init config 
63032      DEBUG main            d.u.i.k.j.r.ClassPreparationMethodBuilder clPrepBuilder: Inner Class detected. Reject building class initialisation methods. 
69642      DEBUG main            d.u.i.k.p.i.AbstractProblemLoader Init config took 9.46s 
70346      INFO  main            d.u.i.k.p.i.AbstractProblemLoader Replaying proof Test[Test::f1(int)].JML normal_behavior operation contract.0 
70398      DEBUG main            d.u.i.k.p.i.IntermediateProofReplayer Proof replay took 49.07ms 
70400      DEBUG main            d.u.i.k.p.r.p.TestFile    ... success: reloaded. 
426771     INFO  Test worker     d.u.i.k.p.r.RunAllProofsTestUnit Returning from test performancePOConstruction 
426772     INFO  Test worker     d.u.i.k.p.r.RunAllProofsTestUnit Running test applicationRestrictions 
361        INFO  Timeout watchdog d.u.i.k.p.r.p.ForkedTestFileRunner Timeout watcher launched (2000 secs.) 
381        WARN  main            d.u.i.k.s.ProofSettings   The settings in /home/runner/.key/proof-settings.props are *not* read. 
425        INFO  main            d.u.i.k.p.r.p.TestFile    Now processing file /home/runner/work/key/key/key.core/../key.ui/examples/heap/polarity_tests/wellformed1.key 
536        INFO  main            d.u.i.k.p.i.AbstractProblemLoader Loading environment from /home/runner/work/key/key/key.core/../key.ui/examples/heap/polarity_tests/wellformed1.key 
559        DEBUG main            d.u.i.k.p.i.AbstractProblemLoader Environment load took 2.07ms 
792        INFO  main            d.u.i.k.p.i.AbstractProblemLoader Creating init config 
1715       DEBUG main            d.u.i.k.j.TypeConverter   No LDT found for Meta 
1716       DEBUG main            d.u.i.k.j.TypeConverter   No LDT found for Meta 
1717       DEBUG main            d.u.i.k.j.TypeConverter   No LDT found for Meta 
1720       DEBUG main            d.u.i.k.j.TypeConverter   No LDT found for Meta 
3205       DEBUG main            d.u.i.k.j.TypeConverter   No LDT found for JavaBigintExpression 
8019       DEBUG main            d.u.i.k.p.i.AbstractProblemLoader Init config took 7.23s 
8114       INFO  main            d.u.i.k.p.i.AbstractProblemLoader Replaying proof wellformed1.key 
8149       DEBUG main            d.u.i.k.p.i.IntermediateProofReplayer Proof replay took 34.7ns 
8315       INFO  main            d.u.i.k.p.r.p.TestFile    ... finished proof: closed. 
8416       INFO  main            d.u.i.k.p.i.AbstractProblemLoader Loading environment from /home/runner/work/key/key/key.core/../key.ui/examples/heap/polarity_tests/wellformed1.key.proof 
8416       DEBUG main            d.u.i.k.p.i.AbstractProblemLoader Environment load took 133.9ns 
8421       INFO  main            d.u.i.k.p.i.AbstractProblemLoader Creating init config 
11026      DEBUG main            d.u.i.k.p.i.AbstractProblemLoader Init config took 2.6s 
11055      INFO  main            d.u.i.k.p.i.AbstractProblemLoader Replaying proof wellformed1.key.proof 
11062      DEBUG main            d.u.i.k.p.i.IntermediateProofReplayer Proof replay took 2.73ms 
11072      DEBUG main            d.u.i.k.p.r.p.TestFile    ... success: reloaded. 
11073      INFO  main            d.u.i.k.p.r.p.TestFile    Now processing file /home/runner/work/key/key/key.core/../key.ui/examples/heap/polarity_tests/wellformed2.key 
11073      INFO  main            d.u.i.k.p.i.AbstractProblemLoader Loading environment from /home/runner/work/key/key/key.core/../key.ui/examples/heap/polarity_tests/wellformed2.key 
11073      DEBUG main            d.u.i.k.p.i.AbstractProblemLoader Environment load took 97.6ns 
11075      INFO  main            d.u.i.k.p.i.AbstractProblemLoader Creating init config 
13642      DEBUG main            d.u.i.k.p.i.AbstractProblemLoader Init config took 2.57s 
13690      INFO  main            d.u.i.k.p.i.AbstractProblemLoader Replaying proof wellformed2.key 
13694      DEBUG main            d.u.i.k.p.i.IntermediateProofReplayer Proof replay took 7.2ns 
13800      INFO  main            d.u.i.k.p.r.p.TestFile    ... finished proof: open goal(s) 
13912      INFO  main            d.u.i.k.p.r.p.TestFile    Now processing file /home/runner/work/key/key/key.core/../key.ui/examples/heap/polarity_tests/wellformed3.key 
13912      INFO  main            d.u.i.k.p.i.AbstractProblemLoader Loading environment from /home/runner/work/key/key/key.core/../key.ui/examples/heap/polarity_tests/wellformed3.key 
13912      DEBUG main            d.u.i.k.p.i.AbstractProblemLoader Environment load took 72.7ns 
13914      INFO  main            d.u.i.k.p.i.AbstractProblemLoader Creating init config 
16459      DEBUG main            d.u.i.k.p.i.AbstractProblemLoader Init config took 2.54s 
16484      INFO  main            d.u.i.k.p.i.AbstractProblemLoader Replaying proof wellformed3.key 
16488      DEBUG main            d.u.i.k.p.i.IntermediateProofReplayer Proof replay took 6.4ns 
16592      INFO  main            d.u.i.k.p.r.p.TestFile    ... finished proof: closed. 
16710      INFO  main            d.u.i.k.p.i.AbstractProblemLoader Loading environment from /home/runner/work/key/key/key.core/../key.ui/examples/heap/polarity_tests/wellformed3.key.proof 
16710      DEBUG main            d.u.i.k.p.i.AbstractProblemLoader Environment load took 120.8ns 
16712      INFO  main            d.u.i.k.p.i.AbstractProblemLoader Creating init config 
19170      DEBUG main            d.u.i.k.p.i.AbstractProblemLoader Init config took 2.46s 
19191      INFO  main            d.u.i.k.p.i.AbstractProblemLoader Replaying proof wellformed3.key.proof 
19195      DEBUG main            d.u.i.k.p.i.IntermediateProofReplayer Proof replay took 2.2ms 
19196      DEBUG main            d.u.i.k.p.r.p.TestFile    ... success: reloaded. 
19198      INFO  main            d.u.i.k.p.r.p.TestFile    Now processing file /home/runner/work/key/key/key.core/../key.ui/examples/heap/polarity_tests/wellformed4.key 
19198      INFO  main            d.u.i.k.p.i.AbstractProblemLoader Loading environment from /home/runner/work/key/key/key.core/../key.ui/examples/heap/polarity_tests/wellformed4.key 
19198      DEBUG main            d.u.i.k.p.i.AbstractProblemLoader Environment load took 246.7ns 
19200      INFO  main            d.u.i.k.p.i.AbstractProblemLoader Creating init config 
21610      DEBUG main            d.u.i.k.p.i.AbstractProblemLoader Init config took 2.41s 
21629      INFO  main            d.u.i.k.p.i.AbstractProblemLoader Replaying proof wellformed4.key 
21631      DEBUG main            d.u.i.k.p.i.IntermediateProofReplayer Proof replay took 5.7ns 
21736      INFO  main            d.u.i.k.p.r.p.TestFile    ... finished proof: open goal(s) 
21853      INFO  main            d.u.i.k.p.r.p.TestFile    Now processing file /home/runner/work/key/key/key.core/../key.ui/examples/heap/polarity_tests/wellformed5.key 
21854      INFO  main            d.u.i.k.p.i.AbstractProblemLoader Loading environment from /home/runner/work/key/key/key.core/../key.ui/examples/heap/polarity_tests/wellformed5.key 
21854      DEBUG main            d.u.i.k.p.i.AbstractProblemLoader Environment load took 56.6ns 
21855      INFO  main            d.u.i.k.p.i.AbstractProblemLoader Creating init config 
24263      DEBUG main            d.u.i.k.p.i.AbstractProblemLoader Init config took 2.41s 
24282      INFO  main            d.u.i.k.p.i.AbstractProblemLoader Replaying proof wellformed5.key 
24284      DEBUG main            d.u.i.k.p.i.IntermediateProofReplayer Proof replay took 6.7ns 
24386      INFO  main            d.u.i.k.p.r.p.TestFile    ... finished proof: closed. 
24496      INFO  main            d.u.i.k.p.i.AbstractProblemLoader Loading environment from /home/runner/work/key/key/key.core/../key.ui/examples/heap/polarity_tests/wellformed5.key.proof 
24496      DEBUG main            d.u.i.k.p.i.AbstractProblemLoader Environment load took 108.8ns 
24497      INFO  main            d.u.i.k.p.i.AbstractProblemLoader Creating init config 
26884      DEBUG main            d.u.i.k.p.i.AbstractProblemLoader Init config took 2.39s 
26904      INFO  main            d.u.i.k.p.i.AbstractProblemLoader Replaying proof wellformed5.key.proof 
26907      DEBUG main            d.u.i.k.p.i.IntermediateProofReplayer Proof replay took 1.24ms 
26909      DEBUG main            d.u.i.k.p.r.p.TestFile    ... success: reloaded. 
26909      INFO  main            d.u.i.k.p.r.p.TestFile    Now processing file /home/runner/work/key/key/key.core/../key.ui/examples/heap/polarity_tests/wellformed6.key 
26910      INFO  main            d.u.i.k.p.i.AbstractProblemLoader Loading environment from /home/runner/work/key/key/key.core/../key.ui/examples/heap/polarity_tests/wellformed6.key 
26910      DEBUG main            d.u.i.k.p.i.AbstractProblemLoader Environment load took 224.1ns 
26911      INFO  main            d.u.i.k.p.i.AbstractProblemLoader Creating init config 
29294      DEBUG main            d.u.i.k.p.i.AbstractProblemLoader Init config took 2.38s 
29312      INFO  main            d.u.i.k.p.i.AbstractProblemLoader Replaying proof wellformed6.key 
29314      DEBUG main            d.u.i.k.p.i.IntermediateProofReplayer Proof replay took 6ns 
29419      INFO  main            d.u.i.k.p.r.p.TestFile    ... finished proof: open goal(s) 
29546      INFO  main            d.u.i.k.p.r.p.TestFile    Now processing file /home/runner/work/key/key/key.core/../key.ui/examples/heap/polarity_tests/wellformed7.key 
29546      INFO  main            d.u.i.k.p.i.AbstractProblemLoader Loading environment from /home/runner/work/key/key/key.core/../key.ui/examples/heap/polarity_tests/wellformed7.key 
29546      DEBUG main            d.u.i.k.p.i.AbstractProblemLoader Environment load took 60.7ns 
29547      INFO  main            d.u.i.k.p.i.AbstractProblemLoader Creating init config 
31910      DEBUG main            d.u.i.k.p.i.AbstractProblemLoader Init config took 2.36s 
31929      INFO  main            d.u.i.k.p.i.AbstractProblemLoader Replaying proof wellformed7.key 
31930      DEBUG main            d.u.i.k.p.i.IntermediateProofReplayer Proof replay took 6.6ns 
32035      INFO  main            d.u.i.k.p.r.p.TestFile    ... finished proof: closed. 
32169      INFO  main            d.u.i.k.p.i.AbstractProblemLoader Loading environment from /home/runner/work/key/key/key.core/../key.ui/examples/heap/polarity_tests/wellformed7.key.proof 
32169      DEBUG main            d.u.i.k.p.i.AbstractProblemLoader Environment load took 115.2ns 
32172      INFO  main            d.u.i.k.p.i.AbstractProblemLoader Creating init config 
34534      DEBUG main            d.u.i.k.p.i.AbstractProblemLoader Init config took 2.36s 
34553      INFO  main            d.u.i.k.p.i.AbstractProblemLoader Replaying proof wellformed7.key.proof 
34561      DEBUG main            d.u.i.k.p.i.IntermediateProofReplayer Proof replay took 2.87ms 
34566      DEBUG main            d.u.i.k.p.r.p.TestFile    ... success: reloaded. 
34567      INFO  main            d.u.i.k.p.r.p.TestFile    Now processing file /home/runner/work/key/key/key.core/../key.ui/examples/heap/polarity_tests/wellformed8.key 
34568      INFO  main            d.u.i.k.p.i.AbstractProblemLoader Loading environment from /home/runner/work/key/key/key.core/../key.ui/examples/heap/polarity_tests/wellformed8.key 
34568      DEBUG main            d.u.i.k.p.i.AbstractProblemLoader Environment load took 216.4ns 
34569      INFO  main            d.u.i.k.p.i.AbstractProblemLoader Creating init config 
36987      DEBUG main            d.u.i.k.p.i.AbstractProblemLoader Init config took 2.42s 
37005      INFO  main            d.u.i.k.p.i.AbstractProblemLoader Replaying proof wellformed8.key 
37006      DEBUG main            d.u.i.k.p.i.IntermediateProofReplayer Proof replay took 8.1ns 
37112      INFO  main            d.u.i.k.p.r.p.TestFile    ... finished proof: open goal(s) 
37251      INFO  main            d.u.i.k.p.r.p.TestFile    Now processing file /home/runner/work/key/key/key.core/../key.ui/examples/heap/polarity_tests/wellformed9.key 
37251      INFO  main            d.u.i.k.p.i.AbstractProblemLoader Loading environment from /home/runner/work/key/key/key.core/../key.ui/examples/heap/polarity_tests/wellformed9.key 
37251      DEBUG main            d.u.i.k.p.i.AbstractProblemLoader Environment load took 59.6ns 
37252      INFO  main            d.u.i.k.p.i.AbstractProblemLoader Creating init config 
39608      DEBUG main            d.u.i.k.p.i.AbstractProblemLoader Init config took 2.36s 
39624      INFO  main            d.u.i.k.p.i.AbstractProblemLoader Replaying proof wellformed9.key 
39626      DEBUG main            d.u.i.k.p.i.IntermediateProofReplayer Proof replay took 6.3ns 
39728      INFO  main            d.u.i.k.p.r.p.TestFile    ... finished proof: closed. 
39901      INFO  main            d.u.i.k.p.i.AbstractProblemLoader Loading environment from /home/runner/work/key/key/key.core/../key.ui/examples/heap/polarity_tests/wellformed9.key.proof 
39901      DEBUG main            d.u.i.k.p.i.AbstractProblemLoader Environment load took 107.9ns 
39902      INFO  main            d.u.i.k.p.i.AbstractProblemLoader Creating init config 
42257      DEBUG main            d.u.i.k.p.i.AbstractProblemLoader Init config took 2.36s 
42275      INFO  main            d.u.i.k.p.i.AbstractProblemLoader Replaying proof wellformed9.key.proof 
42278      DEBUG main            d.u.i.k.p.i.IntermediateProofReplayer Proof replay took 1.42ms 
42279      DEBUG main            d.u.i.k.p.r.p.TestFile    ... success: reloaded. 
42280      INFO  main            d.u.i.k.p.r.p.TestFile    Now processing file /home/runner/work/key/key/key.core/../key.ui/examples/heap/polarity_tests/wellformed10.key 
42280      INFO  main            d.u.i.k.p.i.AbstractProblemLoader Loading environment from /home/runner/work/key/key/key.core/../key.ui/examples/heap/polarity_tests/wellformed10.key 
42280      DEBUG main            d.u.i.k.p.i.AbstractProblemLoader Environment load took 96.9ns 
42281      INFO  main            d.u.i.k.p.i.AbstractProblemLoader Creating init config 
44626      DEBUG main            d.u.i.k.p.i.AbstractProblemLoader Init config took 2.34s 
44642      INFO  main            d.u.i.k.p.i.AbstractProblemLoader Replaying proof wellformed10.key 
44643      DEBUG main            d.u.i.k.p.i.IntermediateProofReplayer Proof replay took 7.4ns 
44748      INFO  main            d.u.i.k.p.r.p.TestFile    ... finished proof: open goal(s) 
44893      INFO  main            d.u.i.k.p.r.p.TestFile    Now processing file /home/runner/work/key/key/key.core/../key.ui/examples/heap/polarity_tests/wellformed11.key 
44893      INFO  main            d.u.i.k.p.i.AbstractProblemLoader Loading environment from /home/runner/work/key/key/key.core/../key.ui/examples/heap/polarity_tests/wellformed11.key 
44893      DEBUG main            d.u.i.k.p.i.AbstractProblemLoader Environment load took 64.4ns 
44895      INFO  main            d.u.i.k.p.i.AbstractProblemLoader Creating init config 
47198      DEBUG main            d.u.i.k.p.i.AbstractProblemLoader Init config took 2.3s 
47213      INFO  main            d.u.i.k.p.i.AbstractProblemLoader Replaying proof wellformed11.key 
47215      DEBUG main            d.u.i.k.p.i.IntermediateProofReplayer Proof replay took 6.5ns 
47318      INFO  main            d.u.i.k.p.r.p.TestFile    ... finished proof: open goal(s) 
474408     INFO  Test worker     d.u.i.k.p.r.RunAllProofsTestUnit Returning from test applicationRestrictions 
474409     INFO  Test worker     d.u.i.k.p.r.RunAllProofsTestUnit Running test blockContracts 
323        INFO  Timeout watchdog d.u.i.k.p.r.p.ForkedTestFileRunner Timeout watcher launched (2000 secs.) 
341        WARN  main            d.u.i.k.s.ProofSettings   The settings in /home/runner/.key/proof-settings.props are *not* read. 
375        INFO  main            d.u.i.k.p.r.p.TestFile    Now processing file /home/runner/work/key/key/key.core/../key.ui/examples/heap/block_contracts/Simple__add.key 
517        INFO  main            d.u.i.k.p.i.AbstractProblemLoader Loading environment from /home/runner/work/key/key/key.core/../key.ui/examples/heap/block_contracts/Simple__add.key 
538        DEBUG main            d.u.i.k.p.i.AbstractProblemLoader Environment load took 2.31ms 
746        INFO  main            d.u.i.k.p.i.AbstractProblemLoader Creating init config 
1683       DEBUG main            d.u.i.k.j.TypeConverter   No LDT found for Meta 
1683       DEBUG main            d.u.i.k.j.TypeConverter   No LDT found for Meta 
1685       DEBUG main            d.u.i.k.j.TypeConverter   No LDT found for Meta 
1685       DEBUG main            d.u.i.k.j.TypeConverter   No LDT found for Meta 
3207       DEBUG main            d.u.i.k.j.TypeConverter   No LDT found for JavaBigintExpression 
8336       DEBUG main            d.u.i.k.p.i.AbstractProblemLoader Init config took 7.59s 
8457       INFO  main            d.u.i.k.p.i.AbstractProblemLoader Replaying proof Simple[Simple::add(int,int)].JML operation contract.0 
8517       DEBUG main            d.u.i.k.p.i.IntermediateProofReplayer Proof replay took 359.2ns 
9238       INFO  main            d.u.i.k.p.r.p.TestFile    ... finished proof: closed. 
9345       INFO  main            d.u.i.k.p.i.AbstractProblemLoader Loading environment from /home/runner/work/key/key/key.core/../key.ui/examples/heap/block_contracts/Simple__add.key.proof 
9346       DEBUG main            d.u.i.k.p.i.AbstractProblemLoader Environment load took 866.69ns 
9349       INFO  main            d.u.i.k.p.i.AbstractProblemLoader Creating init config 
12499      DEBUG main            d.u.i.k.p.i.AbstractProblemLoader Init config took 3.15s 
12568      INFO  main            d.u.i.k.p.i.AbstractProblemLoader Replaying proof Simple[Simple::add(int,int)].JML operation contract.0 
12696      DEBUG main            d.u.i.k.p.i.IntermediateProofReplayer Proof replay took 116.75ms 
12704      DEBUG main            d.u.i.k.p.r.p.TestFile    ... success: reloaded. 
12708      INFO  main            d.u.i.k.p.r.p.TestFile    Now processing file /home/runner/work/key/key/key.core/../key.ui/examples/heap/block_contracts/Simple__addAbsoluteValues.key 
12708      INFO  main            d.u.i.k.p.i.AbstractProblemLoader Loading environment from /home/runner/work/key/key/key.core/../key.ui/examples/heap/block_contracts/Simple__addAbsoluteValues.key 
12708      DEBUG main            d.u.i.k.p.i.AbstractProblemLoader Environment load took 226.9ns 
12712      INFO  main            d.u.i.k.p.i.AbstractProblemLoader Creating init config 
15738      DEBUG main            d.u.i.k.p.i.AbstractProblemLoader Init config took 3.03s 
15820      INFO  main            d.u.i.k.p.i.AbstractProblemLoader Replaying proof Simple[Simple::addAbsoluteValues(int,int)].JML normal_behavior operation contract.0 
15824      DEBUG main            d.u.i.k.p.i.IntermediateProofReplayer Proof replay took 17.4ns 
16963      INFO  main            d.u.i.k.p.r.p.TestFile    ... finished proof: closed. 
17121      INFO  main            d.u.i.k.p.i.AbstractProblemLoader Loading environment from /home/runner/work/key/key/key.core/../key.ui/examples/heap/block_contracts/Simple__addAbsoluteValues.key.proof 
17121      DEBUG main            d.u.i.k.p.i.AbstractProblemLoader Environment load took 138.9ns 
17123      INFO  main            d.u.i.k.p.i.AbstractProblemLoader Creating init config 
20022      DEBUG main            d.u.i.k.p.i.AbstractProblemLoader Init config took 2.9s 
20099      INFO  main            d.u.i.k.p.i.AbstractProblemLoader Replaying proof Simple[Simple::addAbsoluteValues(int,int)].JML normal_behavior operation contract.0 
20352      DEBUG main            d.u.i.k.p.i.IntermediateProofReplayer Proof replay took 239.34ms 
20355      DEBUG main            d.u.i.k.p.r.p.TestFile    ... success: reloaded. 
20357      INFO  main            d.u.i.k.p.r.p.TestFile    Now processing file /home/runner/work/key/key/key.core/../key.ui/examples/heap/block_contracts/Simple__addWithJump.key 
20357      INFO  main            d.u.i.k.p.i.AbstractProblemLoader Loading environment from /home/runner/work/key/key/key.core/../key.ui/examples/heap/block_contracts/Simple__addWithJump.key 
20357      DEBUG main            d.u.i.k.p.i.AbstractProblemLoader Environment load took 224.5ns 
20360      INFO  main            d.u.i.k.p.i.AbstractProblemLoader Creating init config 
23565      DEBUG main            d.u.i.k.p.i.AbstractProblemLoader Init config took 3.21s 
23613      INFO  main            d.u.i.k.p.i.AbstractProblemLoader Replaying proof Simple[Simple::addWithJump(int,int,int)].JML operation contract.0 
23615      DEBUG main            d.u.i.k.p.i.IntermediateProofReplayer Proof replay took 9.7ns 
23818      INFO  main            d.u.i.k.p.r.p.TestFile    ... finished proof: closed. 
24015      INFO  main            d.u.i.k.p.i.AbstractProblemLoader Loading environment from /home/runner/work/key/key/key.core/../key.ui/examples/heap/block_contracts/Simple__addWithJump.key.proof 
24015      DEBUG main            d.u.i.k.p.i.AbstractProblemLoader Environment load took 113.8ns 
24017      INFO  main            d.u.i.k.p.i.AbstractProblemLoader Creating init config 
26864      DEBUG main            d.u.i.k.p.i.AbstractProblemLoader Init config took 2.85s 
26928      INFO  main            d.u.i.k.p.i.AbstractProblemLoader Replaying proof Simple[Simple::addWithJump(int,int,int)].JML operation contract.0 
26972      DEBUG main            d.u.i.k.p.i.IntermediateProofReplayer Proof replay took 41.57ms 
26973      DEBUG main            d.u.i.k.p.r.p.TestFile    ... success: reloaded. 
26975      INFO  main            d.u.i.k.p.r.p.TestFile    Now processing file /home/runner/work/key/key/key.core/../key.ui/examples/heap/block_contracts/Simple__addWithTwoBlockContracts.key 
26975      INFO  main            d.u.i.k.p.i.AbstractProblemLoader Loading environment from /home/runner/work/key/key/key.core/../key.ui/examples/heap/block_contracts/Simple__addWithTwoBlockContracts.key 
26975      DEBUG main            d.u.i.k.p.i.AbstractProblemLoader Environment load took 149.4ns 
26976      INFO  main            d.u.i.k.p.i.AbstractProblemLoader Creating init config 
29835      DEBUG main            d.u.i.k.p.i.AbstractProblemLoader Init config took 2.86s 
29877      INFO  main            d.u.i.k.p.i.AbstractProblemLoader Replaying proof Simple[Simple::addWithTwoBlockContracts(int,int,int)].JML operation contract.0 
29880      DEBUG main            d.u.i.k.p.i.IntermediateProofReplayer Proof replay took 10.4ns 
30083      INFO  main            d.u.i.k.p.r.p.TestFile    ... finished proof: closed. 
30249      INFO  main            d.u.i.k.p.i.AbstractProblemLoader Loading environment from /home/runner/work/key/key/key.core/../key.ui/examples/heap/block_contracts/Simple__addWithTwoBlockContracts.key.proof 
30249      DEBUG main            d.u.i.k.p.i.AbstractProblemLoader Environment load took 116.4ns 
30251      INFO  main            d.u.i.k.p.i.AbstractProblemLoader Creating init config 
33062      DEBUG main            d.u.i.k.p.i.AbstractProblemLoader Init config took 2.81s 
33104      INFO  main            d.u.i.k.p.i.AbstractProblemLoader Replaying proof Simple[Simple::addWithTwoBlockContracts(int,int,int)].JML operation contract.0 
33160      DEBUG main            d.u.i.k.p.i.IntermediateProofReplayer Proof replay took 52.61ms 
33161      DEBUG main            d.u.i.k.p.r.p.TestFile    ... success: reloaded. 
33162      INFO  main            d.u.i.k.p.r.p.TestFile    Now processing file /home/runner/work/key/key/key.core/../key.ui/examples/heap/block_contracts/Simple__generateByteArray.key 
33162      INFO  main            d.u.i.k.p.i.AbstractProblemLoader Loading environment from /home/runner/work/key/key/key.core/../key.ui/examples/heap/block_contracts/Simple__generateByteArray.key 
33162      DEBUG main            d.u.i.k.p.i.AbstractProblemLoader Environment load took 92ns 
33163      INFO  main            d.u.i.k.p.i.AbstractProblemLoader Creating init config 
36044      DEBUG main            d.u.i.k.p.i.AbstractProblemLoader Init config took 2.88s 
36086      INFO  main            d.u.i.k.p.i.AbstractProblemLoader Replaying proof Simple[Simple::generateByteArray()].JML normal_behavior operation contract.0 
36088      DEBUG main            d.u.i.k.p.i.IntermediateProofReplayer Proof replay took 10.8ns 
38121      INFO  main            d.u.i.k.p.r.p.TestFile    ... finished proof: closed. 
38326      INFO  main            d.u.i.k.p.i.AbstractProblemLoader Loading environment from /home/runner/work/key/key/key.core/../key.ui/examples/heap/block_contracts/Simple__generateByteArray.key.proof 
38326      DEBUG main            d.u.i.k.p.i.AbstractProblemLoader Environment load took 178.3ns 
38330      INFO  main            d.u.i.k.p.i.AbstractProblemLoader Creating init config 
41183      DEBUG main            d.u.i.k.p.i.AbstractProblemLoader Init config took 2.85s 
41226      INFO  main            d.u.i.k.p.i.AbstractProblemLoader Replaying proof Simple[Simple::generateByteArray()].JML normal_behavior operation contract.0 
41533      DEBUG main            d.u.i.k.p.i.IntermediateProofReplayer Proof replay took 292.1ms 
41535      DEBUG main            d.u.i.k.p.r.p.TestFile    ... success: reloaded. 
41537      INFO  main            d.u.i.k.p.r.p.TestFile    Now processing file /home/runner/work/key/key/key.core/../key.ui/examples/heap/block_contracts/Simple__getLength.key 
41537      INFO  main            d.u.i.k.p.i.AbstractProblemLoader Loading environment from /home/runner/work/key/key/key.core/../key.ui/examples/heap/block_contracts/Simple__getLength.key 
41537      DEBUG main            d.u.i.k.p.i.AbstractProblemLoader Environment load took 228.9ns 
41538      INFO  main            d.u.i.k.p.i.AbstractProblemLoader Creating init config 
44396      DEBUG main            d.u.i.k.p.i.AbstractProblemLoader Init config took 2.86s 
44437      INFO  main            d.u.i.k.p.i.AbstractProblemLoader Replaying proof Simple[Simple::getLength()].JML normal_behavior operation contract.0 
44439      DEBUG main            d.u.i.k.p.i.IntermediateProofReplayer Proof replay took 10.8ns 
44541      INFO  main            d.u.i.k.p.r.p.TestFile    ... finished proof: closed. 
44728      INFO  main            d.u.i.k.p.i.AbstractProblemLoader Loading environment from /home/runner/work/key/key/key.core/../key.ui/examples/heap/block_contracts/Simple__getLength.key.proof 
44728      DEBUG main            d.u.i.k.p.i.AbstractProblemLoader Environment load took 129.4ns 
44729      INFO  main            d.u.i.k.p.i.AbstractProblemLoader Creating init config 
47487      DEBUG main            d.u.i.k.p.i.AbstractProblemLoader Init config took 2.76s 
47541      INFO  main            d.u.i.k.p.i.AbstractProblemLoader Replaying proof Simple[Simple::getLength()].JML normal_behavior operation contract.0 
47552      DEBUG main            d.u.i.k.p.i.IntermediateProofReplayer Proof replay took 8.26ms 
47554      DEBUG main            d.u.i.k.p.r.p.TestFile    ... success: reloaded. 
47555      INFO  main            d.u.i.k.p.r.p.TestFile    Now processing file /home/runner/work/key/key/key.core/../key.ui/examples/heap/block_contracts/Simple__square.key 
47556      INFO  main            d.u.i.k.p.i.AbstractProblemLoader Loading environment from /home/runner/work/key/key/key.core/../key.ui/examples/heap/block_contracts/Simple__square.key 
47556      DEBUG main            d.u.i.k.p.i.AbstractProblemLoader Environment load took 208.9ns 
47557      INFO  main            d.u.i.k.p.i.AbstractProblemLoader Creating init config 
50368      DEBUG main            d.u.i.k.p.i.AbstractProblemLoader Init config took 2.81s 
50409      INFO  main            d.u.i.k.p.i.AbstractProblemLoader Replaying proof Simple[Simple::square(int)].JML operation contract.0 
50410      DEBUG main            d.u.i.k.p.i.IntermediateProofReplayer Proof replay took 11.4ns 
50824      INFO  main            d.u.i.k.p.r.p.TestFile    ... finished proof: closed. 
51020      INFO  main            d.u.i.k.p.i.AbstractProblemLoader Loading environment from /home/runner/work/key/key/key.core/../key.ui/examples/heap/block_contracts/Simple__square.key.proof 
51020      DEBUG main            d.u.i.k.p.i.AbstractProblemLoader Environment load took 111.7ns 
51021      INFO  main            d.u.i.k.p.i.AbstractProblemLoader Creating init config 
53812      DEBUG main            d.u.i.k.p.i.AbstractProblemLoader Init config took 2.79s 
53851      INFO  main            d.u.i.k.p.i.AbstractProblemLoader Replaying proof Simple[Simple::square(int)].JML operation contract.0 
53940      DEBUG main            d.u.i.k.p.i.IntermediateProofReplayer Proof replay took 84.81ms 
53941      DEBUG main            d.u.i.k.p.r.p.TestFile    ... success: reloaded. 
53942      INFO  main            d.u.i.k.p.r.p.TestFile    Now processing file /home/runner/work/key/key/key.core/../key.ui/examples/heap/block_contracts/Simple__unnecessaryBlockContract.key 
53943      INFO  main            d.u.i.k.p.i.AbstractProblemLoader Loading environment from /home/runner/work/key/key/key.core/../key.ui/examples/heap/block_contracts/Simple__unnecessaryBlockContract.key 
53943      DEBUG main            d.u.i.k.p.i.AbstractProblemLoader Environment load took 87.7ns 
53944      INFO  main            d.u.i.k.p.i.AbstractProblemLoader Creating init config 
56808      DEBUG main            d.u.i.k.p.i.AbstractProblemLoader Init config took 2.86s 
56846      INFO  main            d.u.i.k.p.i.AbstractProblemLoader Replaying proof Simple[Simple::unnecessaryBlockContract()].JML operation contract.0 
56848      DEBUG main            d.u.i.k.p.i.IntermediateProofReplayer Proof replay took 11.8ns 
56951      INFO  main            d.u.i.k.p.r.p.TestFile    ... finished proof: closed. 
57145      INFO  main            d.u.i.k.p.i.AbstractProblemLoader Loading environment from /home/runner/work/key/key/key.core/../key.ui/examples/heap/block_contracts/Simple__unnecessaryBlockContract.key.proof 
57145      DEBUG main            d.u.i.k.p.i.AbstractProblemLoader Environment load took 119.8ns 
57148      INFO  main            d.u.i.k.p.i.AbstractProblemLoader Creating init config 
59910      DEBUG main            d.u.i.k.p.i.AbstractProblemLoader Init config took 2.76s 
59948      INFO  main            d.u.i.k.p.i.AbstractProblemLoader Replaying proof Simple[Simple::unnecessaryBlockContract()].JML operation contract.0 
59970      DEBUG main            d.u.i.k.p.i.IntermediateProofReplayer Proof replay took 19.33ms 
59971      DEBUG main            d.u.i.k.p.r.p.TestFile    ... success: reloaded. 
59972      INFO  main            d.u.i.k.p.r.p.TestFile    Now processing file /home/runner/work/key/key/key.core/../key.ui/examples/heap/block_contracts/Simple__unnecessaryLoopInvariant.key 
59972      INFO  main            d.u.i.k.p.i.AbstractProblemLoader Loading environment from /home/runner/work/key/key/key.core/../key.ui/examples/heap/block_contracts/Simple__unnecessaryLoopInvariant.key 
59972      DEBUG main            d.u.i.k.p.i.AbstractProblemLoader Environment load took 78.8ns 
59973      INFO  main            d.u.i.k.p.i.AbstractProblemLoader Creating init config 
62737      DEBUG main            d.u.i.k.p.i.AbstractProblemLoader Init config took 2.76s 
62774      INFO  main            d.u.i.k.p.i.AbstractProblemLoader Replaying proof Simple[Simple::unnecessaryLoopInvariant()].JML operation contract.0 
62775      DEBUG main            d.u.i.k.p.i.IntermediateProofReplayer Proof replay took 10.5ns 
62877      INFO  main            d.u.i.k.p.r.p.TestFile    ... finished proof: closed. 
63065      INFO  main            d.u.i.k.p.i.AbstractProblemLoader Loading environment from /home/runner/work/key/key/key.core/../key.ui/examples/heap/block_contracts/Simple__unnecessaryLoopInvariant.key.proof 
63065      DEBUG main            d.u.i.k.p.i.AbstractProblemLoader Environment load took 103.3ns 
63067      INFO  main            d.u.i.k.p.i.AbstractProblemLoader Creating init config 
65778      DEBUG main            d.u.i.k.p.i.AbstractProblemLoader Init config took 2.71s 
65824      INFO  main            d.u.i.k.p.i.AbstractProblemLoader Replaying proof Simple[Simple::unnecessaryLoopInvariant()].JML operation contract.0 
65837      DEBUG main            d.u.i.k.p.i.IntermediateProofReplayer Proof replay took 10.92ms 
65837      DEBUG main            d.u.i.k.p.r.p.TestFile    ... success: reloaded. 
65838      INFO  main            d.u.i.k.p.r.p.TestFile    Now processing file /home/runner/work/key/key/key.core/../key.ui/examples/standard_key/java_dl/jml-assert/assert.key 
65839      INFO  main            d.u.i.k.p.i.AbstractProblemLoader Loading environment from /home/runner/work/key/key/key.core/../key.ui/examples/standard_key/java_dl/jml-assert/assert.key 
65839      DEBUG main            d.u.i.k.p.i.AbstractProblemLoader Environment load took 89ns 
65840      INFO  main            d.u.i.k.p.i.AbstractProblemLoader Creating init config 
68361      DEBUG main            d.u.i.k.p.i.AbstractProblemLoader Init config took 2.52s 
68398      INFO  main            d.u.i.k.p.i.AbstractProblemLoader Replaying proof Assert[Assert::createArray(int)].JML normal_behavior operation contract.0 
68400      DEBUG main            d.u.i.k.p.i.IntermediateProofReplayer Proof replay took 6.2ns 
68604      INFO  main            d.u.i.k.p.r.p.TestFile    ... finished proof: closed. 
68791      INFO  main            d.u.i.k.p.i.AbstractProblemLoader Loading environment from /home/runner/work/key/key/key.core/../key.ui/examples/standard_key/java_dl/jml-assert/assert.key.proof 
68791      DEBUG main            d.u.i.k.p.i.AbstractProblemLoader Environment load took 110.4ns 
68792      INFO  main            d.u.i.k.p.i.AbstractProblemLoader Creating init config 
71180      DEBUG main            d.u.i.k.p.i.AbstractProblemLoader Init config took 2.39s 
71219      INFO  main            d.u.i.k.p.i.AbstractProblemLoader Replaying proof Assert[Assert::createArray(int)].JML normal_behavior operation contract.0 
71264      DEBUG main            d.u.i.k.p.i.IntermediateProofReplayer Proof replay took 42.41ms 
71266      DEBUG main            d.u.i.k.p.r.p.TestFile    ... success: reloaded. 
71267      INFO  main            d.u.i.k.p.r.p.TestFile    Now processing file /home/runner/work/key/key/key.core/../key.ui/examples/standard_key/java_dl/jml-assert/assert_assume_order.key 
71267      INFO  main            d.u.i.k.p.i.AbstractProblemLoader Loading environment from /home/runner/work/key/key/key.core/../key.ui/examples/standard_key/java_dl/jml-assert/assert_assume_order.key 
71268      DEBUG main            d.u.i.k.p.i.AbstractProblemLoader Environment load took 202.1ns 
71269      INFO  main            d.u.i.k.p.i.AbstractProblemLoader Creating init config 
73655      DEBUG main            d.u.i.k.p.i.AbstractProblemLoader Init config took 2.39s 
73689      INFO  main            d.u.i.k.p.i.AbstractProblemLoader Replaying proof AssertAssume[AssertAssume::singleAssumeAssert(int)].JML normal_behavior operation contract.0 
73691      DEBUG main            d.u.i.k.p.i.IntermediateProofReplayer Proof replay took 5.6ns 
73792      INFO  main            d.u.i.k.p.r.p.TestFile    ... finished proof: closed. 
73972      INFO  main            d.u.i.k.p.i.AbstractProblemLoader Loading environment from /home/runner/work/key/key/key.core/../key.ui/examples/standard_key/java_dl/jml-assert/assert_assume_order.key.proof 
73972      DEBUG main            d.u.i.k.p.i.AbstractProblemLoader Environment load took 107.2ns 
73973      INFO  main            d.u.i.k.p.i.AbstractProblemLoader Creating init config 
76341      DEBUG main            d.u.i.k.p.i.AbstractProblemLoader Init config took 2.37s 
76386      INFO  main            d.u.i.k.p.i.AbstractProblemLoader Replaying proof AssertAssume[AssertAssume::singleAssumeAssert(int)].JML normal_behavior operation contract.0 
76395      DEBUG main            d.u.i.k.p.i.IntermediateProofReplayer Proof replay took 7.11ms 
76397      DEBUG main            d.u.i.k.p.r.p.TestFile    ... success: reloaded. 
76398      INFO  main            d.u.i.k.p.r.p.TestFile    Now processing file /home/runner/work/key/key/key.core/../key.ui/examples/heap/block_loop_contracts/SimpleVariants/sum_onBlock_external.key 
76399      INFO  main            d.u.i.k.p.i.AbstractProblemLoader Loading environment from /home/runner/work/key/key/key.core/../key.ui/examples/heap/block_loop_contracts/SimpleVariants/sum_onBlock_external.key 
76399      DEBUG main            d.u.i.k.p.i.AbstractProblemLoader Environment load took 86.1ns 
76400      INFO  main            d.u.i.k.p.i.AbstractProblemLoader Creating init config 
79058      DEBUG main            d.u.i.k.p.i.AbstractProblemLoader Init config took 2.66s 
79092      INFO  main            d.u.i.k.p.i.AbstractProblemLoader Replaying proof LoopContractExamplesAll[LoopContractExamplesAll::sum_loopContract_onBlock([I)].JML normal_behavior operation contract.0 
79095      DEBUG main            d.u.i.k.p.i.IntermediateProofReplayer Proof replay took 10.6ns 
79197      INFO  main            d.u.i.k.p.r.p.TestFile    ... finished proof: closed. 
79413      INFO  main            d.u.i.k.p.i.AbstractProblemLoader Loading environment from /home/runner/work/key/key/key.core/../key.ui/examples/heap/block_loop_contracts/SimpleVariants/sum_onBlock_external.key.proof 
79413      DEBUG main            d.u.i.k.p.i.AbstractProblemLoader Environment load took 108.6ns 
79415      INFO  main            d.u.i.k.p.i.AbstractProblemLoader Creating init config 
82018      DEBUG main            d.u.i.k.p.i.AbstractProblemLoader Init config took 2.6s 
82057      INFO  main            d.u.i.k.p.i.AbstractProblemLoader Replaying proof LoopContractExamplesAll[LoopContractExamplesAll::sum_loopContract_onBlock([I)].JML normal_behavior operation contract.0 
82092      DEBUG main            d.u.i.k.p.i.IntermediateProofReplayer Proof replay took 32.2ms 
82093      DEBUG main            d.u.i.k.p.r.p.TestFile    ... success: reloaded. 
82094      INFO  main            d.u.i.k.p.r.p.TestFile    Now processing file /home/runner/work/key/key/key.core/../key.ui/examples/heap/block_loop_contracts/SimpleVariants/sum_onBlock_internal.key 
82094      INFO  main            d.u.i.k.p.i.AbstractProblemLoader Loading environment from /home/runner/work/key/key/key.core/../key.ui/examples/heap/block_loop_contracts/SimpleVariants/sum_onBlock_internal.key 
82094      DEBUG main            d.u.i.k.p.i.AbstractProblemLoader Environment load took 86.4ns 
82095      INFO  main            d.u.i.k.p.i.AbstractProblemLoader Creating init config 
84766      DEBUG main            d.u.i.k.p.i.AbstractProblemLoader Init config took 2.67s 
84801      INFO  main            d.u.i.k.p.i.AbstractProblemLoader Replaying proof LoopContractExamplesAll[LoopContractExamplesAll::sum_loopContract_onBlock([I)].JML normal_behavior operation contract.0 
84803      DEBUG main            d.u.i.k.p.i.IntermediateProofReplayer Proof replay took 10.9ns 
85407      INFO  main            d.u.i.k.p.r.p.TestFile    ... finished proof: closed. 
85649      INFO  main            d.u.i.k.p.i.AbstractProblemLoader Loading environment from /home/runner/work/key/key/key.core/../key.ui/examples/heap/block_loop_contracts/SimpleVariants/sum_onBlock_internal.key.proof 
85649      DEBUG main            d.u.i.k.p.i.AbstractProblemLoader Environment load took 436.4ns 
85650      INFO  main            d.u.i.k.p.i.AbstractProblemLoader Creating init config 
88221      DEBUG main            d.u.i.k.p.i.AbstractProblemLoader Init config took 2.57s 
88262      INFO  main            d.u.i.k.p.i.AbstractProblemLoader Replaying proof LoopContractExamplesAll[LoopContractExamplesAll::sum_loopContract_onBlock([I)].JML normal_behavior operation contract.0 
88485      DEBUG main            d.u.i.k.p.i.IntermediateProofReplayer Proof replay took 217.92ms 
88487      DEBUG main            d.u.i.k.p.r.p.TestFile    ... success: reloaded. 
88488      INFO  main            d.u.i.k.p.r.p.TestFile    Now processing file /home/runner/work/key/key/key.core/../key.ui/examples/heap/block_loop_contracts/SimpleVariants/sum_onBlock_loop.key 
88488      INFO  main            d.u.i.k.p.i.AbstractProblemLoader Loading environment from /home/runner/work/key/key/key.core/../key.ui/examples/heap/block_loop_contracts/SimpleVariants/sum_onBlock_loop.key 
88488      DEBUG main            d.u.i.k.p.i.AbstractProblemLoader Environment load took 199.8ns 
88489      INFO  main            d.u.i.k.p.i.AbstractProblemLoader Creating init config 
91132      DEBUG main            d.u.i.k.p.i.AbstractProblemLoader Init config took 2.64s 
91167      INFO  main            d.u.i.k.p.i.AbstractProblemLoader Replaying proof LoopContractExamplesAll[LoopContractExamplesAll::sum_loopContract_onBlock([I)].JML normal_behavior loop contract.0 
91168      DEBUG main            d.u.i.k.p.i.IntermediateProofReplayer Proof replay took 9.8ns 
91972      INFO  main            d.u.i.k.p.r.p.TestFile    ... finished proof: closed. 
92234      INFO  main            d.u.i.k.p.i.AbstractProblemLoader Loading environment from /home/runner/work/key/key/key.core/../key.ui/examples/heap/block_loop_contracts/SimpleVariants/sum_onBlock_loop.key.proof 
92235      DEBUG main            d.u.i.k.p.i.AbstractProblemLoader Environment load took 430.7ns 
92236      INFO  main            d.u.i.k.p.i.AbstractProblemLoader Creating init config 
94796      DEBUG main            d.u.i.k.p.i.AbstractProblemLoader Init config took 2.56s 
94838      INFO  main            d.u.i.k.p.i.AbstractProblemLoader Replaying proof LoopContractExamplesAll[LoopContractExamplesAll::sum_loopContract_onBlock([I)].JML normal_behavior loop contract.0 
95078      DEBUG main            d.u.i.k.p.i.IntermediateProofReplayer Proof replay took 232.04ms 
95079      DEBUG main            d.u.i.k.p.r.p.TestFile    ... success: reloaded. 
95080      INFO  main            d.u.i.k.p.r.p.TestFile    Now processing file /home/runner/work/key/key/key.core/../key.ui/examples/heap/block_loop_contracts/SimpleVariants/sum_onLoop_external.key 
95080      INFO  main            d.u.i.k.p.i.AbstractProblemLoader Loading environment from /home/runner/work/key/key/key.core/../key.ui/examples/heap/block_loop_contracts/SimpleVariants/sum_onLoop_external.key 
95080      DEBUG main            d.u.i.k.p.i.AbstractProblemLoader Environment load took 194.1ns 
95081      INFO  main            d.u.i.k.p.i.AbstractProblemLoader Creating init config 
97698      DEBUG main            d.u.i.k.p.i.AbstractProblemLoader Init config took 2.62s 
97730      INFO  main            d.u.i.k.p.i.AbstractProblemLoader Replaying proof LoopContractExamplesAll[LoopContractExamplesAll::sum_loopContract_onLoop([I)].JML normal_behavior operation contract.0 
97731      DEBUG main            d.u.i.k.p.i.IntermediateProofReplayer Proof replay took 12.1ns 
97835      INFO  main            d.u.i.k.p.r.p.TestFile    ... finished proof: closed. 
98109      INFO  main            d.u.i.k.p.i.AbstractProblemLoader Loading environment from /home/runner/work/key/key/key.core/../key.ui/examples/heap/block_loop_contracts/SimpleVariants/sum_onLoop_external.key.proof 
98109      DEBUG main            d.u.i.k.p.i.AbstractProblemLoader Environment load took 103.1ns 
98111      INFO  main            d.u.i.k.p.i.AbstractProblemLoader Creating init config 
100671     DEBUG main            d.u.i.k.p.i.AbstractProblemLoader Init config took 2.56s 
100703     INFO  main            d.u.i.k.p.i.AbstractProblemLoader Replaying proof LoopContractExamplesAll[LoopContractExamplesAll::sum_loopContract_onLoop([I)].JML normal_behavior operation contract.0 
100731     DEBUG main            d.u.i.k.p.i.IntermediateProofReplayer Proof replay took 26.28ms 
100732     DEBUG main            d.u.i.k.p.r.p.TestFile    ... success: reloaded. 
100733     INFO  main            d.u.i.k.p.r.p.TestFile    Now processing file /home/runner/work/key/key/key.core/../key.ui/examples/heap/block_loop_contracts/SimpleVariants/sum_onLoop_internal.key 
100733     INFO  main            d.u.i.k.p.i.AbstractProblemLoader Loading environment from /home/runner/work/key/key/key.core/../key.ui/examples/heap/block_loop_contracts/SimpleVariants/sum_onLoop_internal.key 
100733     DEBUG main            d.u.i.k.p.i.AbstractProblemLoader Environment load took 101.4ns 
100734     INFO  main            d.u.i.k.p.i.AbstractProblemLoader Creating init config 
103406     DEBUG main            d.u.i.k.p.i.AbstractProblemLoader Init config took 2.67s 
103439     INFO  main            d.u.i.k.p.i.AbstractProblemLoader Replaying proof LoopContractExamplesAll[LoopContractExamplesAll::sum_loopContract_onLoop([I)].JML normal_behavior operation contract.0 
103441     DEBUG main            d.u.i.k.p.i.IntermediateProofReplayer Proof replay took 12.6ns 
104149     INFO  main            d.u.i.k.p.r.p.TestFile    ... finished proof: closed. 
104433     INFO  main            d.u.i.k.p.i.AbstractProblemLoader Loading environment from /home/runner/work/key/key/key.core/../key.ui/examples/heap/block_loop_contracts/SimpleVariants/sum_onLoop_internal.key.proof 
104433     DEBUG main            d.u.i.k.p.i.AbstractProblemLoader Environment load took 183.1ns 
104434     INFO  main            d.u.i.k.p.i.AbstractProblemLoader Creating init config 
106989     DEBUG main            d.u.i.k.p.i.AbstractProblemLoader Init config took 2.56s 
107033     INFO  main            d.u.i.k.p.i.AbstractProblemLoader Replaying proof LoopContractExamplesAll[LoopContractExamplesAll::sum_loopContract_onLoop([I)].JML normal_behavior operation contract.0 
107255     DEBUG main            d.u.i.k.p.i.IntermediateProofReplayer Proof replay took 214.33ms 
107258     DEBUG main            d.u.i.k.p.r.p.TestFile    ... success: reloaded. 
107260     INFO  main            d.u.i.k.p.r.p.TestFile    Now processing file /home/runner/work/key/key/key.core/../key.ui/examples/heap/block_loop_contracts/SimpleVariants/sum_onLoop_loop.key 
107261     INFO  main            d.u.i.k.p.i.AbstractProblemLoader Loading environment from /home/runner/work/key/key/key.core/../key.ui/examples/heap/block_loop_contracts/SimpleVariants/sum_onLoop_loop.key 
107261     DEBUG main            d.u.i.k.p.i.AbstractProblemLoader Environment load took 213.2ns 
107262     INFO  main            d.u.i.k.p.i.AbstractProblemLoader Creating init config 
109909     DEBUG main            d.u.i.k.p.i.AbstractProblemLoader Init config took 2.65s 
109942     INFO  main            d.u.i.k.p.i.AbstractProblemLoader Replaying proof LoopContractExamplesAll[LoopContractExamplesAll::sum_loopContract_onLoop([I)].JML normal_behavior loop contract.0 
109943     DEBUG main            d.u.i.k.p.i.IntermediateProofReplayer Proof replay took 12.4ns 
110648     INFO  main            d.u.i.k.p.r.p.TestFile    ... finished proof: closed. 
110924     INFO  main            d.u.i.k.p.i.AbstractProblemLoader Loading environment from /home/runner/work/key/key/key.core/../key.ui/examples/heap/block_loop_contracts/SimpleVariants/sum_onLoop_loop.key.proof 
110924     DEBUG main            d.u.i.k.p.i.AbstractProblemLoader Environment load took 152ns 
110925     INFO  main            d.u.i.k.p.i.AbstractProblemLoader Creating init config 
113487     DEBUG main            d.u.i.k.p.i.AbstractProblemLoader Init config took 2.56s 
113524     INFO  main            d.u.i.k.p.i.AbstractProblemLoader Replaying proof LoopContractExamplesAll[LoopContractExamplesAll::sum_loopContract_onLoop([I)].JML normal_behavior loop contract.0 
113765     DEBUG main            d.u.i.k.p.i.IntermediateProofReplayer Proof replay took 228.26ms 
113766     DEBUG main            d.u.i.k.p.r.p.TestFile    ... success: reloaded. 
113767     INFO  main            d.u.i.k.p.r.p.TestFile    Now processing file /home/runner/work/key/key/key.core/../key.ui/examples/heap/block_loop_contracts/Free/blockContracts0.key 
113767     INFO  main            d.u.i.k.p.i.AbstractProblemLoader Loading environment from /home/runner/work/key/key/key.core/../key.ui/examples/heap/block_loop_contracts/Free/blockContracts0.key 
113767     DEBUG main            d.u.i.k.p.i.AbstractProblemLoader Environment load took 206.3ns 
113768     INFO  main            d.u.i.k.p.i.AbstractProblemLoader Creating init config 
116089     DEBUG main            d.u.i.k.p.i.AbstractProblemLoader Init config took 2.32s 
116120     INFO  main            d.u.i.k.p.i.AbstractProblemLoader Replaying proof FreeConditions[FreeConditions::blockContract0()].JML normal_behavior operation contract.0 
116121     DEBUG main            d.u.i.k.p.i.IntermediateProofReplayer Proof replay took 11.8ns 
116223     INFO  main            d.u.i.k.p.r.p.TestFile    ... finished proof: closed. 
116481     INFO  main            d.u.i.k.p.i.AbstractProblemLoader Loading environment from /home/runner/work/key/key/key.core/../key.ui/examples/heap/block_loop_contracts/Free/blockContracts0.key.proof 
116482     DEBUG main            d.u.i.k.p.i.AbstractProblemLoader Environment load took 104.3ns 
116482     INFO  main            d.u.i.k.p.i.AbstractProblemLoader Creating init config 
118723     DEBUG main            d.u.i.k.p.i.AbstractProblemLoader Init config took 2.24s 
118754     INFO  main            d.u.i.k.p.i.AbstractProblemLoader Replaying proof FreeConditions[FreeConditions::blockContract0()].JML normal_behavior operation contract.0 
118780     DEBUG main            d.u.i.k.p.i.IntermediateProofReplayer Proof replay took 23.49ms 
118782     DEBUG main            d.u.i.k.p.r.p.TestFile    ... success: reloaded. 
118783     INFO  main            d.u.i.k.p.r.p.TestFile    Now processing file /home/runner/work/key/key/key.core/../key.ui/examples/heap/block_loop_contracts/Free/blockContracts1.key 
118783     INFO  main            d.u.i.k.p.i.AbstractProblemLoader Loading environment from /home/runner/work/key/key/key.core/../key.ui/examples/heap/block_loop_contracts/Free/blockContracts1.key 
118783     DEBUG main            d.u.i.k.p.i.AbstractProblemLoader Environment load took 94.8ns 
118785     INFO  main            d.u.i.k.p.i.AbstractProblemLoader Creating init config 
121076     DEBUG main            d.u.i.k.p.i.AbstractProblemLoader Init config took 2.29s 
121122     INFO  main            d.u.i.k.p.i.AbstractProblemLoader Replaying proof FreeConditions[FreeConditions::blockContract1()].JML normal_behavior operation contract.0 
121124     DEBUG main            d.u.i.k.p.i.IntermediateProofReplayer Proof replay took 12ns 
121231     INFO  main            d.u.i.k.p.r.p.TestFile    ... finished proof: closed. 
121468     INFO  main            d.u.i.k.p.i.AbstractProblemLoader Loading environment from /home/runner/work/key/key/key.core/../key.ui/examples/heap/block_loop_contracts/Free/blockContracts1.key.proof 
121468     DEBUG main            d.u.i.k.p.i.AbstractProblemLoader Environment load took 104ns 
121469     INFO  main            d.u.i.k.p.i.AbstractProblemLoader Creating init config 
123732     DEBUG main            d.u.i.k.p.i.AbstractProblemLoader Init config took 2.26s 
123763     INFO  main            d.u.i.k.p.i.AbstractProblemLoader Replaying proof FreeConditions[FreeConditions::blockContract1()].JML normal_behavior operation contract.0 
123780     DEBUG main            d.u.i.k.p.i.IntermediateProofReplayer Proof replay took 15.18ms 
123780     DEBUG main            d.u.i.k.p.r.p.TestFile    ... success: reloaded. 
123781     INFO  main            d.u.i.k.p.r.p.TestFile    Now processing file /home/runner/work/key/key/key.core/../key.ui/examples/heap/block_loop_contracts/Finally/block_finally.key 
123781     INFO  main            d.u.i.k.p.i.AbstractProblemLoader Loading environment from /home/runner/work/key/key/key.core/../key.ui/examples/heap/block_loop_contracts/Finally/block_finally.key 
123782     DEBUG main            d.u.i.k.p.i.AbstractProblemLoader Environment load took 104.4ns 
123782     INFO  main            d.u.i.k.p.i.AbstractProblemLoader Creating init config 
126064     DEBUG main            d.u.i.k.p.i.AbstractProblemLoader Init config took 2.28s 
126096     INFO  main            d.u.i.k.p.i.AbstractProblemLoader Replaying proof AuxiliaryContractsFinally[AuxiliaryContractsFinally::breakThrowContinueBlockContract(java.lang.Exception)].JML block contract.0 
126097     DEBUG main            d.u.i.k.p.i.IntermediateProofReplayer Proof replay took 26.2ns 
126601     INFO  main            d.u.i.k.p.r.p.TestFile    ... finished proof: open goal(s) 
126891     INFO  main            d.u.i.k.p.r.p.TestFile    Now processing file /home/runner/work/key/key/key.core/../key.ui/examples/heap/block_loop_contracts/Finally/loop_finally.key 
126891     INFO  main            d.u.i.k.p.i.AbstractProblemLoader Loading environment from /home/runner/work/key/key/key.core/../key.ui/examples/heap/block_loop_contracts/Finally/loop_finally.key 
126891     DEBUG main            d.u.i.k.p.i.AbstractProblemLoader Environment load took 50.3ns 
126892     INFO  main            d.u.i.k.p.i.AbstractProblemLoader Creating init config 
129147     DEBUG main            d.u.i.k.p.i.AbstractProblemLoader Init config took 2.26s 
129181     INFO  main            d.u.i.k.p.i.AbstractProblemLoader Replaying proof AuxiliaryContractsFinally[AuxiliaryContractsFinally::breakThrowContinueLoopContract(java.lang.Exception)].JML normal_behavior loop contract.0 
129183     DEBUG main            d.u.i.k.p.i.IntermediateProofReplayer Proof replay took 24.3ns 
129792     INFO  main            d.u.i.k.p.r.p.TestFile    ... finished proof: open goal(s) 
604660     INFO  Test worker     d.u.i.k.p.r.RunAllProofsTestUnit Returning from test blockContracts 
604662     INFO  Test worker     d.u.i.k.p.r.RunAllProofsTestUnit Running test jmlAsserts 
365        INFO  Timeout watchdog d.u.i.k.p.r.p.ForkedTestFileRunner Timeout watcher launched (2000 secs.) 
382        WARN  main            d.u.i.k.s.ProofSettings   The settings in /home/runner/.key/proof-settings.props are *not* read. 
424        INFO  main            d.u.i.k.p.r.p.TestFile    Now processing file /home/runner/work/key/key/key.core/../key.ui/examples/standard_key/java_dl/jml-assert/assert.key 
578        INFO  main            d.u.i.k.p.i.AbstractProblemLoader Loading environment from /home/runner/work/key/key/key.core/../key.ui/examples/standard_key/java_dl/jml-assert/assert.key 
601        DEBUG main            d.u.i.k.p.i.AbstractProblemLoader Environment load took 1.9ms 
810        INFO  main            d.u.i.k.p.i.AbstractProblemLoader Creating init config 
1824       DEBUG main            d.u.i.k.j.TypeConverter   No LDT found for Meta 
1824       DEBUG main            d.u.i.k.j.TypeConverter   No LDT found for Meta 
1828       DEBUG main            d.u.i.k.j.TypeConverter   No LDT found for Meta 
1828       DEBUG main            d.u.i.k.j.TypeConverter   No LDT found for Meta 
3202       DEBUG main            d.u.i.k.j.TypeConverter   No LDT found for JavaBigintExpression 
8125       DEBUG main            d.u.i.k.p.i.AbstractProblemLoader Init config took 7.32s 
8262       INFO  main            d.u.i.k.p.i.AbstractProblemLoader Replaying proof Assert[Assert::createArray(int)].JML normal_behavior operation contract.0 
8294       DEBUG main            d.u.i.k.p.i.IntermediateProofReplayer Proof replay took 32.3ns 
9223       INFO  main            d.u.i.k.p.r.p.TestFile    ... finished proof: closed. 
9341       INFO  main            d.u.i.k.p.i.AbstractProblemLoader Loading environment from /home/runner/work/key/key/key.core/../key.ui/examples/standard_key/java_dl/jml-assert/assert.key.proof 
9342       DEBUG main            d.u.i.k.p.i.AbstractProblemLoader Environment load took 171.6ns 
9344       INFO  main            d.u.i.k.p.i.AbstractProblemLoader Creating init config 
12272      DEBUG main            d.u.i.k.p.i.AbstractProblemLoader Init config took 2.93s 
12339      INFO  main            d.u.i.k.p.i.AbstractProblemLoader Replaying proof Assert[Assert::createArray(int)].JML normal_behavior operation contract.0 
12433      DEBUG main            d.u.i.k.p.i.IntermediateProofReplayer Proof replay took 87.82ms 
12439      DEBUG main            d.u.i.k.p.r.p.TestFile    ... success: reloaded. 
12441      INFO  main            d.u.i.k.p.r.p.TestFile    Now processing file /home/runner/work/key/key/key.core/../key.ui/examples/heap/block_loop_contracts/Free/assertions0.key 
12445      INFO  main            d.u.i.k.p.i.AbstractProblemLoader Loading environment from /home/runner/work/key/key/key.core/../key.ui/examples/heap/block_loop_contracts/Free/assertions0.key 
12445      DEBUG main            d.u.i.k.p.i.AbstractProblemLoader Environment load took 346.4ns 
12447      INFO  main            d.u.i.k.p.i.AbstractProblemLoader Creating init config 
15238      DEBUG main            d.u.i.k.p.i.AbstractProblemLoader Init config took 2.79s 
15294      INFO  main            d.u.i.k.p.i.AbstractProblemLoader Replaying proof FreeConditions[FreeConditions::assertions0()].JML normal_behavior operation contract.0 
15305      DEBUG main            d.u.i.k.p.i.IntermediateProofReplayer Proof replay took 15.4ns 
15508      INFO  main            d.u.i.k.p.r.p.TestFile    ... finished proof: closed. 
15636      INFO  main            d.u.i.k.p.i.AbstractProblemLoader Loading environment from /home/runner/work/key/key/key.core/../key.ui/examples/heap/block_loop_contracts/Free/assertions0.key.proof 
15636      DEBUG main            d.u.i.k.p.i.AbstractProblemLoader Environment load took 123.4ns 
15637      INFO  main            d.u.i.k.p.i.AbstractProblemLoader Creating init config 
18198      DEBUG main            d.u.i.k.p.i.AbstractProblemLoader Init config took 2.56s 
18247      INFO  main            d.u.i.k.p.i.AbstractProblemLoader Replaying proof FreeConditions[FreeConditions::assertions0()].JML normal_behavior operation contract.0 
18282      DEBUG main            d.u.i.k.p.i.IntermediateProofReplayer Proof replay took 31.49ms 
18287      DEBUG main            d.u.i.k.p.r.p.TestFile    ... success: reloaded. 
18290      INFO  main            d.u.i.k.p.r.p.TestFile    Now processing file /home/runner/work/key/key/key.core/../key.ui/examples/heap/block_loop_contracts/Free/assertions1.key 
18291      INFO  main            d.u.i.k.p.i.AbstractProblemLoader Loading environment from /home/runner/work/key/key/key.core/../key.ui/examples/heap/block_loop_contracts/Free/assertions1.key 
18291      DEBUG main            d.u.i.k.p.i.AbstractProblemLoader Environment load took 285.6ns 
18292      INFO  main            d.u.i.k.p.i.AbstractProblemLoader Creating init config 
20863      DEBUG main            d.u.i.k.p.i.AbstractProblemLoader Init config took 2.57s 
20908      INFO  main            d.u.i.k.p.i.AbstractProblemLoader Replaying proof FreeConditions[FreeConditions::assertions1()].JML normal_behavior operation contract.0 
20911      DEBUG main            d.u.i.k.p.i.IntermediateProofReplayer Proof replay took 21.8ns 
21015      INFO  main            d.u.i.k.p.r.p.TestFile    ... finished proof: closed. 
21172      INFO  main            d.u.i.k.p.i.AbstractProblemLoader Loading environment from /home/runner/work/key/key/key.core/../key.ui/examples/heap/block_loop_contracts/Free/assertions1.key.proof 
21172      DEBUG main            d.u.i.k.p.i.AbstractProblemLoader Environment load took 117ns 
21173      INFO  main            d.u.i.k.p.i.AbstractProblemLoader Creating init config 
23664      DEBUG main            d.u.i.k.p.i.AbstractProblemLoader Init config took 2.49s 
23707      INFO  main            d.u.i.k.p.i.AbstractProblemLoader Replaying proof FreeConditions[FreeConditions::assertions1()].JML normal_behavior operation contract.0 
23719      DEBUG main            d.u.i.k.p.i.IntermediateProofReplayer Proof replay took 9.62ms 
23720      DEBUG main            d.u.i.k.p.r.p.TestFile    ... success: reloaded. 
23722      INFO  main            d.u.i.k.p.r.p.TestFile    Now processing file /home/runner/work/key/key/key.core/../key.ui/examples/standard_key/java_dl/jml-assert/recursion-assert.key 
23722      INFO  main            d.u.i.k.p.i.AbstractProblemLoader Loading environment from /home/runner/work/key/key/key.core/../key.ui/examples/standard_key/java_dl/jml-assert/recursion-assert.key 
23723      DEBUG main            d.u.i.k.p.i.AbstractProblemLoader Environment load took 221.3ns 
23726      INFO  main            d.u.i.k.p.i.AbstractProblemLoader Creating init config 
26383      DEBUG main            d.u.i.k.p.i.AbstractProblemLoader Init config took 2.66s 
26428      INFO  main            d.u.i.k.p.i.AbstractProblemLoader Replaying proof RecursiveMethod[RecursiveMethod::fac1(int)].JML normal_behavior operation contract.0 
26431      DEBUG main            d.u.i.k.p.i.IntermediateProofReplayer Proof replay took 6.8ns 
26636      INFO  main            d.u.i.k.p.r.p.TestFile    ... finished proof: closed. 
26789      INFO  main            d.u.i.k.p.i.AbstractProblemLoader Loading environment from /home/runner/work/key/key/key.core/../key.ui/examples/standard_key/java_dl/jml-assert/recursion-assert.key.proof 
26789      DEBUG main            d.u.i.k.p.i.AbstractProblemLoader Environment load took 112.3ns 
26790      INFO  main            d.u.i.k.p.i.AbstractProblemLoader Creating init config 
29471      DEBUG main            d.u.i.k.p.i.AbstractProblemLoader Init config took 2.68s 
29516      INFO  main            d.u.i.k.p.i.AbstractProblemLoader Replaying proof RecursiveMethod[RecursiveMethod::fac1(int)].JML normal_behavior operation contract.0 
29557      DEBUG main            d.u.i.k.p.i.IntermediateProofReplayer Proof replay took 38.57ms 
29558      DEBUG main            d.u.i.k.p.r.p.TestFile    ... success: reloaded. 
29560      INFO  main            d.u.i.k.p.r.p.TestFile    Now processing file /home/runner/work/key/key/key.core/../key.ui/examples/standard_key/java_dl/jml-assert/recursion-assume.key 
29560      INFO  main            d.u.i.k.p.i.AbstractProblemLoader Loading environment from /home/runner/work/key/key/key.core/../key.ui/examples/standard_key/java_dl/jml-assert/recursion-assume.key 
29560      DEBUG main            d.u.i.k.p.i.AbstractProblemLoader Environment load took 217.3ns 
29561      INFO  main            d.u.i.k.p.i.AbstractProblemLoader Creating init config 
32255      DEBUG main            d.u.i.k.p.i.AbstractProblemLoader Init config took 2.69s 
32299      INFO  main            d.u.i.k.p.i.AbstractProblemLoader Replaying proof RecursiveMethod[RecursiveMethod::fac2(int)].JML normal_behavior operation contract.0 
32301      DEBUG main            d.u.i.k.p.i.IntermediateProofReplayer Proof replay took 6.2ns 
32504      INFO  main            d.u.i.k.p.r.p.TestFile    ... finished proof: closed. 
32669      INFO  main            d.u.i.k.p.i.AbstractProblemLoader Loading environment from /home/runner/work/key/key/key.core/../key.ui/examples/standard_key/java_dl/jml-assert/recursion-assume.key.proof 
32669      DEBUG main            d.u.i.k.p.i.AbstractProblemLoader Environment load took 169.1ns 
32670      INFO  main            d.u.i.k.p.i.AbstractProblemLoader Creating init config 
35299      DEBUG main            d.u.i.k.p.i.AbstractProblemLoader Init config took 2.63s 
35343      INFO  main            d.u.i.k.p.i.AbstractProblemLoader Replaying proof RecursiveMethod[RecursiveMethod::fac2(int)].JML normal_behavior operation contract.0 
35381      DEBUG main            d.u.i.k.p.i.IntermediateProofReplayer Proof replay took 35.69ms 
35382      DEBUG main            d.u.i.k.p.r.p.TestFile    ... success: reloaded. 
35383      INFO  main            d.u.i.k.p.r.p.TestFile    Now processing file /home/runner/work/key/key/key.core/../key.ui/examples/standard_key/java_dl/jml-assert/quantor-assert.key 
35384      INFO  main            d.u.i.k.p.i.AbstractProblemLoader Loading environment from /home/runner/work/key/key/key.core/../key.ui/examples/standard_key/java_dl/jml-assert/quantor-assert.key 
35384      DEBUG main            d.u.i.k.p.i.AbstractProblemLoader Environment load took 220.4ns 
35385      INFO  main            d.u.i.k.p.i.AbstractProblemLoader Creating init config 
38093      DEBUG main            d.u.i.k.p.i.AbstractProblemLoader Init config took 2.71s 
38134      INFO  main            d.u.i.k.p.i.AbstractProblemLoader Replaying proof Quantor[Quantor::square1(int)].JML normal_behavior operation contract.0 
38136      DEBUG main            d.u.i.k.p.i.IntermediateProofReplayer Proof replay took 7.4ns 
38244      INFO  main            d.u.i.k.p.r.p.TestFile    ... finished proof: closed. 
38422      INFO  main            d.u.i.k.p.i.AbstractProblemLoader Loading environment from /home/runner/work/key/key/key.core/../key.ui/examples/standard_key/java_dl/jml-assert/quantor-assert.key.proof 
38422      DEBUG main            d.u.i.k.p.i.AbstractProblemLoader Environment load took 127.2ns 
38423      INFO  main            d.u.i.k.p.i.AbstractProblemLoader Creating init config 
41057      DEBUG main            d.u.i.k.p.i.AbstractProblemLoader Init config took 2.63s 
41104      INFO  main            d.u.i.k.p.i.AbstractProblemLoader Replaying proof Quantor[Quantor::square1(int)].JML normal_behavior operation contract.0 
41122      DEBUG main            d.u.i.k.p.i.IntermediateProofReplayer Proof replay took 15.99ms 
41123      DEBUG main            d.u.i.k.p.r.p.TestFile    ... success: reloaded. 
41124      INFO  main            d.u.i.k.p.r.p.TestFile    Now processing file /home/runner/work/key/key/key.core/../key.ui/examples/standard_key/java_dl/jml-assert/quantor-assume.key 
41125      INFO  main            d.u.i.k.p.i.AbstractProblemLoader Loading environment from /home/runner/work/key/key/key.core/../key.ui/examples/standard_key/java_dl/jml-assert/quantor-assume.key 
41125      DEBUG main            d.u.i.k.p.i.AbstractProblemLoader Environment load took 211.9ns 
41126      INFO  main            d.u.i.k.p.i.AbstractProblemLoader Creating init config 
43718      DEBUG main            d.u.i.k.p.i.AbstractProblemLoader Init config took 2.59s 
43760      INFO  main            d.u.i.k.p.i.AbstractProblemLoader Replaying proof Quantor[Quantor::square2(int)].JML normal_behavior operation contract.0 
43762      DEBUG main            d.u.i.k.p.i.IntermediateProofReplayer Proof replay took 6ns 
43864      INFO  main            d.u.i.k.p.r.p.TestFile    ... finished proof: closed. 
44036      INFO  main            d.u.i.k.p.i.AbstractProblemLoader Loading environment from /home/runner/work/key/key/key.core/../key.ui/examples/standard_key/java_dl/jml-assert/quantor-assume.key.proof 
44036      DEBUG main            d.u.i.k.p.i.AbstractProblemLoader Environment load took 110.8ns 
44037      INFO  main            d.u.i.k.p.i.AbstractProblemLoader Creating init config 
46591      DEBUG main            d.u.i.k.p.i.AbstractProblemLoader Init config took 2.55s 
46630      INFO  main            d.u.i.k.p.i.AbstractProblemLoader Replaying proof Quantor[Quantor::square2(int)].JML normal_behavior operation contract.0 
46645      DEBUG main            d.u.i.k.p.i.IntermediateProofReplayer Proof replay took 13.4ms 
46646      DEBUG main            d.u.i.k.p.r.p.TestFile    ... success: reloaded. 
46647      INFO  main            d.u.i.k.p.r.p.TestFile    Now processing file /home/runner/work/key/key/key.core/../key.ui/examples/standard_key/java_dl/jml-assert/model-methods-static-static.key 
46647      INFO  main            d.u.i.k.p.i.AbstractProblemLoader Loading environment from /home/runner/work/key/key/key.core/../key.ui/examples/standard_key/java_dl/jml-assert/model-methods-static-static.key 
46648      DEBUG main            d.u.i.k.p.i.AbstractProblemLoader Environment load took 90.4ns 
46648      INFO  main            d.u.i.k.p.i.AbstractProblemLoader Creating init config 
49268      DEBUG main            d.u.i.k.p.i.AbstractProblemLoader Init config took 2.62s 
49306      INFO  main            d.u.i.k.p.i.AbstractProblemLoader Replaying proof ModelMethods[ModelMethods::test1()].JML normal_behavior operation contract.0 
49307      DEBUG main            d.u.i.k.p.i.IntermediateProofReplayer Proof replay took 6.4ns 
49410      INFO  main            d.u.i.k.p.r.p.TestFile    ... finished proof: closed. 
49585      INFO  main            d.u.i.k.p.i.AbstractProblemLoader Loading environment from /home/runner/work/key/key/key.core/../key.ui/examples/standard_key/java_dl/jml-assert/model-methods-static-static.key.proof 
49585      DEBUG main            d.u.i.k.p.i.AbstractProblemLoader Environment load took 123ns 
49586      INFO  main            d.u.i.k.p.i.AbstractProblemLoader Creating init config 
52129      DEBUG main            d.u.i.k.p.i.AbstractProblemLoader Init config took 2.54s 
52176      INFO  main            d.u.i.k.p.i.AbstractProblemLoader Replaying proof ModelMethods[ModelMethods::test1()].JML normal_behavior operation contract.0 
52184      DEBUG main            d.u.i.k.p.i.IntermediateProofReplayer Proof replay took 6.37ms 
52184      DEBUG main            d.u.i.k.p.r.p.TestFile    ... success: reloaded. 
52185      INFO  main            d.u.i.k.p.r.p.TestFile    Now processing file /home/runner/work/key/key/key.core/../key.ui/examples/standard_key/java_dl/jml-assert/model-methods-instance-static.key 
52185      INFO  main            d.u.i.k.p.i.AbstractProblemLoader Loading environment from /home/runner/work/key/key/key.core/../key.ui/examples/standard_key/java_dl/jml-assert/model-methods-instance-static.key 
52186      DEBUG main            d.u.i.k.p.i.AbstractProblemLoader Environment load took 60.3ns 
52186      INFO  main            d.u.i.k.p.i.AbstractProblemLoader Creating init config 
54776      DEBUG main            d.u.i.k.p.i.AbstractProblemLoader Init config took 2.59s 
54814      INFO  main            d.u.i.k.p.i.AbstractProblemLoader Replaying proof ModelMethods[ModelMethods::test2()].JML normal_behavior operation contract.0 
54815      DEBUG main            d.u.i.k.p.i.IntermediateProofReplayer Proof replay took 6.8ns 
54917      INFO  main            d.u.i.k.p.r.p.TestFile    ... finished proof: closed. 
55098      INFO  main            d.u.i.k.p.i.AbstractProblemLoader Loading environment from /home/runner/work/key/key/key.core/../key.ui/examples/standard_key/java_dl/jml-assert/model-methods-instance-static.key.proof 
55098      DEBUG main            d.u.i.k.p.i.AbstractProblemLoader Environment load took 109.3ns 
55099      INFO  main            d.u.i.k.p.i.AbstractProblemLoader Creating init config 
57663      DEBUG main            d.u.i.k.p.i.AbstractProblemLoader Init config took 2.56s 
57705      INFO  main            d.u.i.k.p.i.AbstractProblemLoader Replaying proof ModelMethods[ModelMethods::test2()].JML normal_behavior operation contract.0 
57714      DEBUG main            d.u.i.k.p.i.IntermediateProofReplayer Proof replay took 7.96ms 
57716      DEBUG main            d.u.i.k.p.r.p.TestFile    ... success: reloaded. 
57716      INFO  main            d.u.i.k.p.r.p.TestFile    Now processing file /home/runner/work/key/key/key.core/../key.ui/examples/standard_key/java_dl/jml-assert/model-methods-instance-instance.key 
57717      INFO  main            d.u.i.k.p.i.AbstractProblemLoader Loading environment from /home/runner/work/key/key/key.core/../key.ui/examples/standard_key/java_dl/jml-assert/model-methods-instance-instance.key 
57717      DEBUG main            d.u.i.k.p.i.AbstractProblemLoader Environment load took 92.3ns 
57718      INFO  main            d.u.i.k.p.i.AbstractProblemLoader Creating init config 
60254      DEBUG main            d.u.i.k.p.i.AbstractProblemLoader Init config took 2.54s 
60291      INFO  main            d.u.i.k.p.i.AbstractProblemLoader Replaying proof ModelMethods[ModelMethods::test3()].JML normal_behavior operation contract.0 
60293      DEBUG main            d.u.i.k.p.i.IntermediateProofReplayer Proof replay took 5.9ns 
60395      INFO  main            d.u.i.k.p.r.p.TestFile    ... finished proof: closed. 
60584      INFO  main            d.u.i.k.p.i.AbstractProblemLoader Loading environment from /home/runner/work/key/key/key.core/../key.ui/examples/standard_key/java_dl/jml-assert/model-methods-instance-instance.key.proof 
60585      DEBUG main            d.u.i.k.p.i.AbstractProblemLoader Environment load took 112ns 
60585      INFO  main            d.u.i.k.p.i.AbstractProblemLoader Creating init config 
63134      DEBUG main            d.u.i.k.p.i.AbstractProblemLoader Init config took 2.55s 
63171      INFO  main            d.u.i.k.p.i.AbstractProblemLoader Replaying proof ModelMethods[ModelMethods::test3()].JML normal_behavior operation contract.0 
63183      DEBUG main            d.u.i.k.p.i.IntermediateProofReplayer Proof replay took 9.92ms 
63184      DEBUG main            d.u.i.k.p.r.p.TestFile    ... success: reloaded. 
63185      INFO  main            d.u.i.k.p.r.p.TestFile    Now processing file /home/runner/work/key/key/key.core/../key.ui/examples/standard_key/java_dl/jml-assert/model-methods-static-instance.key 
63185      INFO  main            d.u.i.k.p.i.AbstractProblemLoader Loading environment from /home/runner/work/key/key/key.core/../key.ui/examples/standard_key/java_dl/jml-assert/model-methods-static-instance.key 
63185      DEBUG main            d.u.i.k.p.i.AbstractProblemLoader Environment load took 93.2ns 
63186      INFO  main            d.u.i.k.p.i.AbstractProblemLoader Creating init config 
65771      DEBUG main            d.u.i.k.p.i.AbstractProblemLoader Init config took 2.59s 
65808      INFO  main            d.u.i.k.p.i.AbstractProblemLoader Replaying proof ModelMethods[ModelMethods::test4()].JML normal_behavior operation contract.0 
65810      DEBUG main            d.u.i.k.p.i.IntermediateProofReplayer Proof replay took 5.4ns 
65915      INFO  main            d.u.i.k.p.r.p.TestFile    ... finished proof: closed. 
66144      INFO  main            d.u.i.k.p.i.AbstractProblemLoader Loading environment from /home/runner/work/key/key/key.core/../key.ui/examples/standard_key/java_dl/jml-assert/model-methods-static-instance.key.proof 
66144      DEBUG main            d.u.i.k.p.i.AbstractProblemLoader Environment load took 113.2ns 
66145      INFO  main            d.u.i.k.p.i.AbstractProblemLoader Creating init config 
68682      DEBUG main            d.u.i.k.p.i.AbstractProblemLoader Init config took 2.54s 
68723      INFO  main            d.u.i.k.p.i.AbstractProblemLoader Replaying proof ModelMethods[ModelMethods::test4()].JML normal_behavior operation contract.0 
68752      DEBUG main            d.u.i.k.p.i.IntermediateProofReplayer Proof replay took 26.95ms 
68753      DEBUG main            d.u.i.k.p.r.p.TestFile    ... success: reloaded. 
68754      INFO  main            d.u.i.k.p.r.p.TestFile    Now processing file /home/runner/work/key/key/key.core/../key.ui/examples/standard_key/java_dl/jml-assert/assert-old/inc-field.key 
68754      INFO  main            d.u.i.k.p.i.AbstractProblemLoader Loading environment from /home/runner/work/key/key/key.core/../key.ui/examples/standard_key/java_dl/jml-assert/assert-old/inc-field.key 
68754      DEBUG main            d.u.i.k.p.i.AbstractProblemLoader Environment load took 93.3ns 
68755      INFO  main            d.u.i.k.p.i.AbstractProblemLoader Creating init config 
71245      DEBUG main            d.u.i.k.p.i.AbstractProblemLoader Init config took 2.49s 
71280      INFO  main            d.u.i.k.p.i.AbstractProblemLoader Replaying proof Inc[Inc::inc_field()].JML normal_behavior operation contract.0 
71282      DEBUG main            d.u.i.k.p.i.IntermediateProofReplayer Proof replay took 5.8ns 
71387      INFO  main            d.u.i.k.p.r.p.TestFile    ... finished proof: closed. 
71602      INFO  main            d.u.i.k.p.i.AbstractProblemLoader Loading environment from /home/runner/work/key/key/key.core/../key.ui/examples/standard_key/java_dl/jml-assert/assert-old/inc-field.key.proof 
71602      DEBUG main            d.u.i.k.p.i.AbstractProblemLoader Environment load took 117.5ns 
71603      INFO  main            d.u.i.k.p.i.AbstractProblemLoader Creating init config 
74031      DEBUG main            d.u.i.k.p.i.AbstractProblemLoader Init config took 2.43s 
74066      INFO  main            d.u.i.k.p.i.AbstractProblemLoader Replaying proof Inc[Inc::inc_field()].JML normal_behavior operation contract.0 
74094      DEBUG main            d.u.i.k.p.i.IntermediateProofReplayer Proof replay took 25.95ms 
74094      DEBUG main            d.u.i.k.p.r.p.TestFile    ... success: reloaded. 
74095      INFO  main            d.u.i.k.p.r.p.TestFile    Now processing file /home/runner/work/key/key/key.core/../key.ui/examples/standard_key/java_dl/jml-assert/assert-old/inc-parameter.key 
74095      INFO  main            d.u.i.k.p.i.AbstractProblemLoader Loading environment from /home/runner/work/key/key/key.core/../key.ui/examples/standard_key/java_dl/jml-assert/assert-old/inc-parameter.key 
74095      DEBUG main            d.u.i.k.p.i.AbstractProblemLoader Environment load took 61.9ns 
74096      INFO  main            d.u.i.k.p.i.AbstractProblemLoader Creating init config 
76601      DEBUG main            d.u.i.k.p.i.AbstractProblemLoader Init config took 2.5s 
76636      INFO  main            d.u.i.k.p.i.AbstractProblemLoader Replaying proof Inc[Inc::inc_parameter(int)].JML normal_behavior operation contract.0 
76637      DEBUG main            d.u.i.k.p.i.IntermediateProofReplayer Proof replay took 6.2ns 
76739      INFO  main            d.u.i.k.p.r.p.TestFile    ... finished proof: closed. 
76942      INFO  main            d.u.i.k.p.i.AbstractProblemLoader Loading environment from /home/runner/work/key/key/key.core/../key.ui/examples/standard_key/java_dl/jml-assert/assert-old/inc-parameter.key.proof 
76942      DEBUG main            d.u.i.k.p.i.AbstractProblemLoader Environment load took 106.2ns 
76943      INFO  main            d.u.i.k.p.i.AbstractProblemLoader Creating init config 
79387      DEBUG main            d.u.i.k.p.i.AbstractProblemLoader Init config took 2.44s 
79421      INFO  main            d.u.i.k.p.i.AbstractProblemLoader Replaying proof Inc[Inc::inc_parameter(int)].JML normal_behavior operation contract.0 
79435      DEBUG main            d.u.i.k.p.i.IntermediateProofReplayer Proof replay took 12.81ms 
79436      DEBUG main            d.u.i.k.p.r.p.TestFile    ... success: reloaded. 
79436      INFO  main            d.u.i.k.p.r.p.TestFile    Now processing file /home/runner/work/key/key/key.core/../key.ui/examples/standard_key/java_dl/jml-assert/assert-old/inc-parameter-field.key 
79437      INFO  main            d.u.i.k.p.i.AbstractProblemLoader Loading environment from /home/runner/work/key/key/key.core/../key.ui/examples/standard_key/java_dl/jml-assert/assert-old/inc-parameter-field.key 
79437      DEBUG main            d.u.i.k.p.i.AbstractProblemLoader Environment load took 88.1ns 
79438      INFO  main            d.u.i.k.p.i.AbstractProblemLoader Creating init config 
81921      DEBUG main            d.u.i.k.p.i.AbstractProblemLoader Init config took 2.48s 
81955      INFO  main            d.u.i.k.p.i.AbstractProblemLoader Replaying proof Inc[Inc::inc_parameter_field(Inc)].JML normal_behavior operation contract.0 
81956      DEBUG main            d.u.i.k.p.i.IntermediateProofReplayer Proof replay took 6.4ns 
82159      INFO  main            d.u.i.k.p.r.p.TestFile    ... finished proof: closed. 
82361      INFO  main            d.u.i.k.p.i.AbstractProblemLoader Loading environment from /home/runner/work/key/key/key.core/../key.ui/examples/standard_key/java_dl/jml-assert/assert-old/inc-parameter-field.key.proof 
82361      DEBUG main            d.u.i.k.p.i.AbstractProblemLoader Environment load took 108.3ns 
82362      INFO  main            d.u.i.k.p.i.AbstractProblemLoader Creating init config 
84791      DEBUG main            d.u.i.k.p.i.AbstractProblemLoader Init config took 2.43s 
84824      INFO  main            d.u.i.k.p.i.AbstractProblemLoader Replaying proof Inc[Inc::inc_parameter_field(Inc)].JML normal_behavior operation contract.0 
84856      DEBUG main            d.u.i.k.p.i.IntermediateProofReplayer Proof replay took 29.96ms 
84857      DEBUG main            d.u.i.k.p.r.p.TestFile    ... success: reloaded. 
84858      INFO  main            d.u.i.k.p.r.p.TestFile    Now processing file /home/runner/work/key/key/key.core/../key.ui/examples/standard_key/java_dl/jml-assert/assert-old/inc-ghost-field.key 
84858      INFO  main            d.u.i.k.p.i.AbstractProblemLoader Loading environment from /home/runner/work/key/key/key.core/../key.ui/examples/standard_key/java_dl/jml-assert/assert-old/inc-ghost-field.key 
84858      DEBUG main            d.u.i.k.p.i.AbstractProblemLoader Environment load took 73.6ns 
84859      INFO  main            d.u.i.k.p.i.AbstractProblemLoader Creating init config 
87352      DEBUG main            d.u.i.k.p.i.AbstractProblemLoader Init config took 2.49s 
87386      INFO  main            d.u.i.k.p.i.AbstractProblemLoader Replaying proof Inc[Inc::inc_ghost_field()].JML normal_behavior operation contract.0 
87387      DEBUG main            d.u.i.k.p.i.IntermediateProofReplayer Proof replay took 6.7ns 
87493      INFO  main            d.u.i.k.p.r.p.TestFile    ... finished proof: closed. 
87707      INFO  main            d.u.i.k.p.i.AbstractProblemLoader Loading environment from /home/runner/work/key/key/key.core/../key.ui/examples/standard_key/java_dl/jml-assert/assert-old/inc-ghost-field.key.proof 
87707      DEBUG main            d.u.i.k.p.i.AbstractProblemLoader Environment load took 108.3ns 
87707      INFO  main            d.u.i.k.p.i.AbstractProblemLoader Creating init config 
90131      DEBUG main            d.u.i.k.p.i.AbstractProblemLoader Init config took 2.42s 
90165      INFO  main            d.u.i.k.p.i.AbstractProblemLoader Replaying proof Inc[Inc::inc_ghost_field()].JML normal_behavior operation contract.0 
90192      DEBUG main            d.u.i.k.p.i.IntermediateProofReplayer Proof replay took 24.8ms 
90193      DEBUG main            d.u.i.k.p.r.p.TestFile    ... success: reloaded. 
695017     INFO  Test worker     d.u.i.k.p.r.RunAllProofsTestUnit Returning from test jmlAsserts 
695018     INFO  Test worker     d.u.i.k.p.r.RunAllProofsTestUnit Running test javaCard 
352        INFO  Timeout watchdog d.u.i.k.p.r.p.ForkedTestFileRunner Timeout watcher launched (2000 secs.) 
381        WARN  main            d.u.i.k.s.ProofSettings   The settings in /home/runner/.key/proof-settings.props are *not* read. 
412        INFO  main            d.u.i.k.p.r.p.TestFile    Now processing file /home/runner/work/key/key/key.core/../key.ui/examples/heap/javacard/updateBalance0.key 
545        INFO  main            d.u.i.k.p.i.AbstractProblemLoader Loading environment from /home/runner/work/key/key/key.core/../key.ui/examples/heap/javacard/updateBalance0.key 
561        DEBUG main            d.u.i.k.p.i.AbstractProblemLoader Environment load took 2.26ms 
781        INFO  main            d.u.i.k.p.i.AbstractProblemLoader Creating init config 
1577       DEBUG main            d.u.i.k.j.TypeConverter   No LDT found for Meta 
1577       DEBUG main            d.u.i.k.j.TypeConverter   No LDT found for Meta 
1578       DEBUG main            d.u.i.k.j.TypeConverter   No LDT found for Meta 
1578       DEBUG main            d.u.i.k.j.TypeConverter   No LDT found for Meta 
3004       DEBUG main            d.u.i.k.j.TypeConverter   No LDT found for JavaBigintExpression 
6359       DEBUG main            d.u.i.k.p.i.AbstractProblemLoader Init config took 5.58s 
6530       INFO  main            d.u.i.k.p.i.AbstractProblemLoader Replaying proof Examples[Examples::updateBalance(short)].JML normal_behavior operation contract.0 
6565       DEBUG main            d.u.i.k.p.i.IntermediateProofReplayer Proof replay took 32.7ns 
8107       INFO  main            d.u.i.k.p.r.p.TestFile    ... finished proof: closed. 
8221       INFO  main            d.u.i.k.p.i.AbstractProblemLoader Loading environment from /home/runner/work/key/key/key.core/../key.ui/examples/heap/javacard/updateBalance0.key.proof 
8221       DEBUG main            d.u.i.k.p.i.AbstractProblemLoader Environment load took 136.1ns 
8230       INFO  main            d.u.i.k.p.i.AbstractProblemLoader Creating init config 
9938       DEBUG main            d.u.i.k.p.i.AbstractProblemLoader Init config took 1.71s 
9995       INFO  main            d.u.i.k.p.i.AbstractProblemLoader Replaying proof Examples[Examples::updateBalance(short)].JML normal_behavior operation contract.0 
10265      DEBUG main            d.u.i.k.p.i.IntermediateProofReplayer Proof replay took 255.68ms 
10273      DEBUG main            d.u.i.k.p.r.p.TestFile    ... success: reloaded. 
10278      INFO  main            d.u.i.k.p.r.p.TestFile    Now processing file /home/runner/work/key/key/key.core/../key.ui/examples/heap/javacard/updateBalance1.key 
10279      INFO  main            d.u.i.k.p.i.AbstractProblemLoader Loading environment from /home/runner/work/key/key/key.core/../key.ui/examples/heap/javacard/updateBalance1.key 
10279      DEBUG main            d.u.i.k.p.i.AbstractProblemLoader Environment load took 114.7ns 
10282      INFO  main            d.u.i.k.p.i.AbstractProblemLoader Creating init config 
11922      DEBUG main            d.u.i.k.p.i.AbstractProblemLoader Init config took 1.64s 
11974      INFO  main            d.u.i.k.p.i.AbstractProblemLoader Replaying proof Examples[Examples::updateBalance(short)].JML normal_behavior operation contract.1 
11977      DEBUG main            d.u.i.k.p.i.IntermediateProofReplayer Proof replay took 5.3ns 
12581      INFO  main            d.u.i.k.p.r.p.TestFile    ... finished proof: closed. 
12699      INFO  main            d.u.i.k.p.i.AbstractProblemLoader Loading environment from /home/runner/work/key/key/key.core/../key.ui/examples/heap/javacard/updateBalance1.key.proof 
12699      DEBUG main            d.u.i.k.p.i.AbstractProblemLoader Environment load took 132.1ns 
12700      INFO  main            d.u.i.k.p.i.AbstractProblemLoader Creating init config 
14267      DEBUG main            d.u.i.k.p.i.AbstractProblemLoader Init config took 1.57s 
14311      INFO  main            d.u.i.k.p.i.AbstractProblemLoader Replaying proof Examples[Examples::updateBalance(short)].JML normal_behavior operation contract.1 
14437      DEBUG main            d.u.i.k.p.i.IntermediateProofReplayer Proof replay took 121.02ms 
14439      DEBUG main            d.u.i.k.p.r.p.TestFile    ... success: reloaded. 
14441      INFO  main            d.u.i.k.p.r.p.TestFile    Now processing file /home/runner/work/key/key/key.core/../key.ui/examples/heap/javacard/setArray1.key 
14442      INFO  main            d.u.i.k.p.i.AbstractProblemLoader Loading environment from /home/runner/work/key/key/key.core/../key.ui/examples/heap/javacard/setArray1.key 
14442      DEBUG main            d.u.i.k.p.i.AbstractProblemLoader Environment load took 231.1ns 
14443      INFO  main            d.u.i.k.p.i.AbstractProblemLoader Creating init config 
15983      DEBUG main            d.u.i.k.p.i.AbstractProblemLoader Init config took 1.54s 
16043      INFO  main            d.u.i.k.p.i.AbstractProblemLoader Replaying proof Examples[Examples::setArray1([B)].JML normal_behavior operation contract.0 
16045      DEBUG main            d.u.i.k.p.i.IntermediateProofReplayer Proof replay took 5.8ns 
17065      INFO  main            d.u.i.k.p.r.p.TestFile    ... finished proof: closed. 
17195      INFO  main            d.u.i.k.p.i.AbstractProblemLoader Loading environment from /home/runner/work/key/key/key.core/../key.ui/examples/heap/javacard/setArray1.key.proof 
17195      DEBUG main            d.u.i.k.p.i.AbstractProblemLoader Environment load took 450.5ns 
17196      INFO  main            d.u.i.k.p.i.AbstractProblemLoader Creating init config 
18700      DEBUG main            d.u.i.k.p.i.AbstractProblemLoader Init config took 1.5s 
18750      INFO  main            d.u.i.k.p.i.AbstractProblemLoader Replaying proof Examples[Examples::setArray1([B)].JML normal_behavior operation contract.0 
18940      DEBUG main            d.u.i.k.p.i.IntermediateProofReplayer Proof replay took 184.66ms 
18942      DEBUG main            d.u.i.k.p.r.p.TestFile    ... success: reloaded. 
18944      INFO  main            d.u.i.k.p.r.p.TestFile    Now processing file /home/runner/work/key/key/key.core/../key.ui/examples/heap/javacard/setArray2.key 
18945      INFO  main            d.u.i.k.p.i.AbstractProblemLoader Loading environment from /home/runner/work/key/key/key.core/../key.ui/examples/heap/javacard/setArray2.key 
18945      DEBUG main            d.u.i.k.p.i.AbstractProblemLoader Environment load took 229.9ns 
18946      INFO  main            d.u.i.k.p.i.AbstractProblemLoader Creating init config 
20488      DEBUG main            d.u.i.k.p.i.AbstractProblemLoader Init config took 1.54s 
20527      INFO  main            d.u.i.k.p.i.AbstractProblemLoader Replaying proof Examples[Examples::setArray2([B)].JML normal_behavior operation contract.0 
20529      DEBUG main            d.u.i.k.p.i.IntermediateProofReplayer Proof replay took 5.6ns 
21533      INFO  main            d.u.i.k.p.r.p.TestFile    ... finished proof: closed. 
21641      INFO  main            d.u.i.k.p.i.AbstractProblemLoader Loading environment from /home/runner/work/key/key/key.core/../key.ui/examples/heap/javacard/setArray2.key.proof 
21641      DEBUG main            d.u.i.k.p.i.AbstractProblemLoader Environment load took 473.4ns 
21642      INFO  main            d.u.i.k.p.i.AbstractProblemLoader Creating init config 
23130      DEBUG main            d.u.i.k.p.i.AbstractProblemLoader Init config took 1.49s 
23169      INFO  main            d.u.i.k.p.i.AbstractProblemLoader Replaying proof Examples[Examples::setArray2([B)].JML normal_behavior operation contract.0 
23395      DEBUG main            d.u.i.k.p.i.IntermediateProofReplayer Proof replay took 219.75ms 
23403      DEBUG main            d.u.i.k.p.r.p.TestFile    ... success: reloaded. 
23406      INFO  main            d.u.i.k.p.r.p.TestFile    Now processing file /home/runner/work/key/key/key.core/../key.ui/examples/heap/javacard/arrayFillNonAtomic.key 
23406      INFO  main            d.u.i.k.p.i.AbstractProblemLoader Loading environment from /home/runner/work/key/key/key.core/../key.ui/examples/heap/javacard/arrayFillNonAtomic.key 
23407      DEBUG main            d.u.i.k.p.i.AbstractProblemLoader Environment load took 241.6ns 
23408      INFO  main            d.u.i.k.p.i.AbstractProblemLoader Creating init config 
24925      DEBUG main            d.u.i.k.p.i.AbstractProblemLoader Init config took 1.52s 
24980      INFO  main            d.u.i.k.p.i.AbstractProblemLoader Replaying proof javacard.framework.Util[javacard.framework.Util::arrayFillNonAtomic([B,short,short,byte)].JML behavior operation contract.0.transaction_inactive 
24982      DEBUG main            d.u.i.k.p.i.IntermediateProofReplayer Proof replay took 5.7ns 
25827      DEBUG Thread-13       d.u.i.k.l.o.ProgramSV     Match failed: Former match of  SchemaVariable incompatible with  the current match. 
25828      DEBUG Thread-13       d.u.i.k.l.o.ProgramSV     Match failed: Former match of  SchemaVariable incompatible with  the current match. 
27085      DEBUG Thread-13       d.u.i.k.l.o.ProgramSV     Match failed: Former match of  SchemaVariable incompatible with  the current match. 
27086      DEBUG Thread-13       d.u.i.k.l.o.ProgramSV     Match failed: Former match of  SchemaVariable incompatible with  the current match. 
28605      INFO  main            d.u.i.k.p.r.p.TestFile    ... finished proof: closed. 
28778      INFO  main            d.u.i.k.p.i.AbstractProblemLoader Loading environment from /home/runner/work/key/key/key.core/../key.ui/examples/heap/javacard/arrayFillNonAtomic.key.proof 
28778      DEBUG main            d.u.i.k.p.i.AbstractProblemLoader Environment load took 202.1ns 
28782      INFO  main            d.u.i.k.p.i.AbstractProblemLoader Creating init config 
30282      DEBUG main            d.u.i.k.p.i.AbstractProblemLoader Init config took 1.5s 
30336      INFO  main            d.u.i.k.p.i.AbstractProblemLoader Replaying proof javacard.framework.Util[javacard.framework.Util::arrayFillNonAtomic([B,short,short,byte)].JML behavior operation contract.0.transaction_inactive 
31147      DEBUG main            d.u.i.k.p.i.IntermediateProofReplayer Proof replay took 792.59ms 
31149      DEBUG main            d.u.i.k.p.r.p.TestFile    ... success: reloaded. 
31150      INFO  main            d.u.i.k.p.r.p.TestFile    Now processing file /home/runner/work/key/key/key.core/../key.ui/examples/heap/coincidence_count/project.key 
31150      INFO  main            d.u.i.k.p.i.AbstractProblemLoader Loading environment from /home/runner/work/key/key/key.core/../key.ui/examples/heap/coincidence_count/project.key 
31150      DEBUG main            d.u.i.k.p.i.AbstractProblemLoader Environment load took 220.1ns 
31152      INFO  main            d.u.i.k.p.i.AbstractProblemLoader Creating init config 
34299      DEBUG main            d.u.i.k.p.i.AbstractProblemLoader Init config took 3.15s 
34348      INFO  main            d.u.i.k.p.i.AbstractProblemLoader Replaying proof CC[CC::calcCoinIndex([I,[I)].JML normal_behavior operation contract.0 
34352      DEBUG main            d.u.i.k.p.i.IntermediateProofReplayer Proof replay took 7.3ns 
52814      INFO  main            d.u.i.k.p.r.p.TestFile    ... finished proof: closed. 
53081      INFO  main            d.u.i.k.p.i.AbstractProblemLoader Loading environment from /home/runner/work/key/key/key.core/../key.ui/examples/heap/coincidence_count/project.key.proof 
53081      DEBUG main            d.u.i.k.p.i.AbstractProblemLoader Environment load took 482.6ns 
53084      INFO  main            d.u.i.k.p.i.AbstractProblemLoader Creating init config 
55534      DEBUG main            d.u.i.k.p.i.AbstractProblemLoader Init config took 2.45s 
55576      INFO  main            d.u.i.k.p.i.AbstractProblemLoader Replaying proof CC[CC::calcCoinIndex([I,[I)].JML normal_behavior operation contract.0 
56588      DEBUG main            d.u.i.k.p.i.IntermediateProofReplayer Proof replay took 950.5ms 
56592      DEBUG main            d.u.i.k.p.r.p.TestFile    ... success: reloaded. 
56594      INFO  main            d.u.i.k.p.r.p.TestFile    Now processing file /home/runner/work/key/key/key.core/../key.ui/examples/heap/verifyThis11_1_Maximum/project.key 
56594      INFO  main            d.u.i.k.p.i.AbstractProblemLoader Loading environment from /home/runner/work/key/key/key.core/../key.ui/examples/heap/verifyThis11_1_Maximum/project.key 
56594      DEBUG main            d.u.i.k.p.i.AbstractProblemLoader Environment load took 229.5ns 
56596      INFO  main            d.u.i.k.p.i.AbstractProblemLoader Creating init config 
59179      DEBUG main            d.u.i.k.p.i.AbstractProblemLoader Init config took 2.58s 
59219      INFO  main            d.u.i.k.p.i.AbstractProblemLoader Replaying proof Maximum[Maximum::maxIndex([I)].JML normal_behavior operation contract.0 
59220      DEBUG main            d.u.i.k.p.i.IntermediateProofReplayer Proof replay took 5.6ns 
60125      INFO  main            d.u.i.k.p.r.p.TestFile    ... finished proof: closed. 
60363      INFO  main            d.u.i.k.p.i.AbstractProblemLoader Loading environment from /home/runner/work/key/key/key.core/../key.ui/examples/heap/verifyThis11_1_Maximum/project.key.proof 
60364      DEBUG main            d.u.i.k.p.i.AbstractProblemLoader Environment load took 436.1ns 
60365      INFO  main            d.u.i.k.p.i.AbstractProblemLoader Creating init config 
62738      DEBUG main            d.u.i.k.p.i.AbstractProblemLoader Init config took 2.37s 
62782      INFO  main            d.u.i.k.p.i.AbstractProblemLoader Replaying proof Maximum[Maximum::maxIndex([I)].JML normal_behavior operation contract.0 
62949      DEBUG main            d.u.i.k.p.i.IntermediateProofReplayer Proof replay took 160.04ms 
62950      DEBUG main            d.u.i.k.p.r.p.TestFile    ... success: reloaded. 
62951      INFO  main            d.u.i.k.p.r.p.TestFile    Now processing file /home/runner/work/key/key/key.core/../key.ui/examples/heap/fm12_01_LRS/lcp.key 
62951      INFO  main            d.u.i.k.p.i.AbstractProblemLoader Loading environment from /home/runner/work/key/key/key.core/../key.ui/examples/heap/fm12_01_LRS/lcp.key 
62951      DEBUG main            d.u.i.k.p.i.AbstractProblemLoader Environment load took 221.6ns 
62952      INFO  main            d.u.i.k.p.i.AbstractProblemLoader Creating init config 
66079      DEBUG main            d.u.i.k.p.i.AbstractProblemLoader Init config took 3.13s 
66144      INFO  main            d.u.i.k.p.i.AbstractProblemLoader Replaying proof LCP[LCP::lcp([I,int,int)].JML normal_behavior operation contract.0 
66149      DEBUG main            d.u.i.k.p.i.IntermediateProofReplayer Proof replay took 6.3ns 
67066      INFO  main            d.u.i.k.p.r.p.TestFile    ... finished proof: closed. 
67341      INFO  main            d.u.i.k.p.i.AbstractProblemLoader Loading environment from /home/runner/work/key/key/key.core/../key.ui/examples/heap/fm12_01_LRS/lcp.key.proof 
67342      DEBUG main            d.u.i.k.p.i.AbstractProblemLoader Environment load took 121.7ns 
67343      INFO  main            d.u.i.k.p.i.AbstractProblemLoader Creating init config 
70197      DEBUG main            d.u.i.k.p.i.AbstractProblemLoader Init config took 2.85s 
70250      INFO  main            d.u.i.k.p.i.AbstractProblemLoader Replaying proof LCP[LCP::lcp([I,int,int)].JML normal_behavior operation contract.0 
70444      DEBUG main            d.u.i.k.p.i.IntermediateProofReplayer Proof replay took 188.54ms 
70445      DEBUG main            d.u.i.k.p.r.p.TestFile    ... success: reloaded. 
70446      INFO  main            d.u.i.k.p.r.p.TestFile    Now processing file /home/runner/work/key/key/key.core/../key.ui/examples/heap/SemanticSlicing/project.key 
70447      INFO  main            d.u.i.k.p.i.AbstractProblemLoader Loading environment from /home/runner/work/key/key/key.core/../key.ui/examples/heap/SemanticSlicing/project.key 
70447      DEBUG main            d.u.i.k.p.i.AbstractProblemLoader Environment load took 212.1ns 
70448      INFO  main            d.u.i.k.p.i.AbstractProblemLoader Creating init config 
73013      DEBUG main            d.u.i.k.p.i.AbstractProblemLoader Init config took 2.57s 
73080      INFO  main            d.u.i.k.p.i.AbstractProblemLoader Replaying proof unsatcore_after.competition.postcond5.scope333.LRS[unsatcore_after.competition.postcond5.scope333.LRS::doLRS()].JML operation contract.0 
73082      DEBUG main            d.u.i.k.p.i.IntermediateProofReplayer Proof replay took 6.2ns 
76923      INFO  main            d.u.i.k.p.r.p.TestFile    ... finished proof: closed. 
77173      INFO  main            d.u.i.k.p.i.AbstractProblemLoader Loading environment from /home/runner/work/key/key/key.core/../key.ui/examples/heap/SemanticSlicing/project.key.proof 
77173      DEBUG main            d.u.i.k.p.i.AbstractProblemLoader Environment load took 426ns 
77175      INFO  main            d.u.i.k.p.i.AbstractProblemLoader Creating init config 
79625      DEBUG main            d.u.i.k.p.i.AbstractProblemLoader Init config took 2.45s 
79675      INFO  main            d.u.i.k.p.i.AbstractProblemLoader Replaying proof unsatcore_after.competition.postcond5.scope333.LRS[unsatcore_after.competition.postcond5.scope333.LRS::doLRS()].JML operation contract.0 
80422      DEBUG main            d.u.i.k.p.i.IntermediateProofReplayer Proof replay took 733.69ms 
80423      DEBUG main            d.u.i.k.p.r.p.TestFile    ... success: reloaded. 
80425      INFO  main            d.u.i.k.p.r.p.TestFile    Now processing file /home/runner/work/key/key/key.core/../key.ui/examples/heap/information_flow/ArrayList_contains.key 
80425      INFO  main            d.u.i.k.p.i.AbstractProblemLoader Loading environment from /home/runner/work/key/key/key.core/../key.ui/examples/heap/information_flow/ArrayList_contains.key 
80425      DEBUG main            d.u.i.k.p.i.AbstractProblemLoader Environment load took 199.4ns 
80426      INFO  main            d.u.i.k.p.i.AbstractProblemLoader Creating init config 
83092      DEBUG main            d.u.i.k.p.i.AbstractProblemLoader Init config took 2.67s 
83129      INFO  main            d.u.i.k.p.i.AbstractProblemLoader Replaying proof ArrayList[ArrayList::get(int)].JML normal_behavior operation contract.0 
83130      DEBUG main            d.u.i.k.p.i.IntermediateProofReplayer Proof replay took 5.4ns 
83444      INFO  main            d.u.i.k.p.r.p.TestFile    ... finished proof: closed. 
83664      INFO  main            d.u.i.k.p.i.AbstractProblemLoader Loading environment from /home/runner/work/key/key/key.core/../key.ui/examples/heap/information_flow/ArrayList_contains.key.proof 
83664      DEBUG main            d.u.i.k.p.i.AbstractProblemLoader Environment load took 106ns 
83665      INFO  main            d.u.i.k.p.i.AbstractProblemLoader Creating init config 
86196      DEBUG main            d.u.i.k.p.i.AbstractProblemLoader Init config took 2.53s 
86235      INFO  main            d.u.i.k.p.i.AbstractProblemLoader Replaying proof ArrayList[ArrayList::get(int)].JML normal_behavior operation contract.0 
86288      DEBUG main            d.u.i.k.p.i.IntermediateProofReplayer Proof replay took 48.97ms 
86289      DEBUG main            d.u.i.k.p.r.p.TestFile    ... success: reloaded. 
86289      INFO  main            d.u.i.k.p.r.p.TestFile    Now processing file /home/runner/work/key/key/key.core/../key.ui/examples/heap/information_flow/ArrayList_get.key 
86290      INFO  main            d.u.i.k.p.i.AbstractProblemLoader Loading environment from /home/runner/work/key/key/key.core/../key.ui/examples/heap/information_flow/ArrayList_get.key 
86290      DEBUG main            d.u.i.k.p.i.AbstractProblemLoader Environment load took 228ns 
86292      INFO  main            d.u.i.k.p.i.AbstractProblemLoader Creating init config 
88898      DEBUG main            d.u.i.k.p.i.AbstractProblemLoader Init config took 2.61s 
88934      INFO  main            d.u.i.k.p.i.AbstractProblemLoader Replaying proof ArrayList[ArrayList::contains(java.lang.Object)].JML normal_behavior operation contract.0 
88935      DEBUG main            d.u.i.k.p.i.IntermediateProofReplayer Proof replay took 5ns 
89740      INFO  main            d.u.i.k.p.r.p.TestFile    ... finished proof: closed. 
90005      INFO  main            d.u.i.k.p.i.AbstractProblemLoader Loading environment from /home/runner/work/key/key/key.core/../key.ui/examples/heap/information_flow/ArrayList_get.key.proof 
90007      DEBUG main            d.u.i.k.p.i.AbstractProblemLoader Environment load took 1.84ms 
90009      INFO  main            d.u.i.k.p.i.AbstractProblemLoader Creating init config 
92536      DEBUG main            d.u.i.k.p.i.AbstractProblemLoader Init config took 2.53s 
92573      INFO  main            d.u.i.k.p.i.AbstractProblemLoader Replaying proof ArrayList[ArrayList::contains(java.lang.Object)].JML normal_behavior operation contract.0 
92726      DEBUG main            d.u.i.k.p.i.IntermediateProofReplayer Proof replay took 147.93ms 
92727      DEBUG main            d.u.i.k.p.r.p.TestFile    ... success: reloaded. 
92728      INFO  main            d.u.i.k.p.r.p.TestFile    Now processing file /home/runner/work/key/key/key.core/../key.ui/examples/heap/information_flow/ArrayList_size.key 
92728      INFO  main            d.u.i.k.p.i.AbstractProblemLoader Loading environment from /home/runner/work/key/key/key.core/../key.ui/examples/heap/information_flow/ArrayList_size.key 
92728      DEBUG main            d.u.i.k.p.i.AbstractProblemLoader Environment load took 197.3ns 
92729      INFO  main            d.u.i.k.p.i.AbstractProblemLoader Creating init config 
95308      DEBUG main            d.u.i.k.p.i.AbstractProblemLoader Init config took 2.58s 
95343      INFO  main            d.u.i.k.p.i.AbstractProblemLoader Replaying proof ArrayList[ArrayList::size()].JML normal_behavior operation contract.0 
95344      DEBUG main            d.u.i.k.p.i.IntermediateProofReplayer Proof replay took 4.4ns 
95446      INFO  main            d.u.i.k.p.r.p.TestFile    ... finished proof: closed. 
95679      INFO  main            d.u.i.k.p.i.AbstractProblemLoader Loading environment from /home/runner/work/key/key/key.core/../key.ui/examples/heap/information_flow/ArrayList_size.key.proof 
95679      DEBUG main            d.u.i.k.p.i.AbstractProblemLoader Environment load took 103.9ns 
95680      INFO  main            d.u.i.k.p.i.AbstractProblemLoader Creating init config 
98181      DEBUG main            d.u.i.k.p.i.AbstractProblemLoader Init config took 2.5s 
98217      INFO  main            d.u.i.k.p.i.AbstractProblemLoader Replaying proof ArrayList[ArrayList::size()].JML normal_behavior operation contract.0 
98230      DEBUG main            d.u.i.k.p.i.IntermediateProofReplayer Proof replay took 11.18ms 
98231      DEBUG main            d.u.i.k.p.r.p.TestFile    ... success: reloaded. 
98231      INFO  main            d.u.i.k.p.r.p.TestFile    Now processing file /home/runner/work/key/key/key.core/../key.ui/examples/heap/information_flow/UpdateAbstraction_ex7_3_secure.key 
98232      INFO  main            d.u.i.k.p.i.AbstractProblemLoader Loading environment from /home/runner/work/key/key/key.core/../key.ui/examples/heap/information_flow/UpdateAbstraction_ex7_3_secure.key 
98232      DEBUG main            d.u.i.k.p.i.AbstractProblemLoader Environment load took 203.1ns 
98233      INFO  main            d.u.i.k.p.i.AbstractProblemLoader Creating init config 
100799     DEBUG main            d.u.i.k.p.i.AbstractProblemLoader Init config took 2.57s 
100833     INFO  main            d.u.i.k.p.i.AbstractProblemLoader Replaying proof UpdateAbstraction[UpdateAbstraction::ex7_3_secure()].JML operation contract.0 
100834     DEBUG main            d.u.i.k.p.i.IntermediateProofReplayer Proof replay took 4.6ns 
100936     INFO  main            d.u.i.k.p.r.p.TestFile    ... finished proof: closed. 
101179     INFO  main            d.u.i.k.p.i.AbstractProblemLoader Loading environment from /home/runner/work/key/key/key.core/../key.ui/examples/heap/information_flow/UpdateAbstraction_ex7_3_secure.key.proof 
101180     DEBUG main            d.u.i.k.p.i.AbstractProblemLoader Environment load took 101.6ns 
101180     INFO  main            d.u.i.k.p.i.AbstractProblemLoader Creating init config 
103696     DEBUG main            d.u.i.k.p.i.AbstractProblemLoader Init config took 2.52s 
103730     INFO  main            d.u.i.k.p.i.AbstractProblemLoader Replaying proof UpdateAbstraction[UpdateAbstraction::ex7_3_secure()].JML operation contract.0 
103758     DEBUG main            d.u.i.k.p.i.IntermediateProofReplayer Proof replay took 25.57ms 
103759     DEBUG main            d.u.i.k.p.r.p.TestFile    ... success: reloaded. 
103760     INFO  main            d.u.i.k.p.r.p.TestFile    Now processing file /home/runner/work/key/key/key.core/../key.ui/examples/heap/information_flow/UpdateAbstraction_ex7_4_secure.key 
103760     INFO  main            d.u.i.k.p.i.AbstractProblemLoader Loading environment from /home/runner/work/key/key/key.core/../key.ui/examples/heap/information_flow/UpdateAbstraction_ex7_4_secure.key 
103761     DEBUG main            d.u.i.k.p.i.AbstractProblemLoader Environment load took 195.7ns 
103762     INFO  main            d.u.i.k.p.i.AbstractProblemLoader Creating init config 
106315     DEBUG main            d.u.i.k.p.i.AbstractProblemLoader Init config took 2.55s 
106349     INFO  main            d.u.i.k.p.i.AbstractProblemLoader Replaying proof UpdateAbstraction[UpdateAbstraction::ex7_4_secure()].JML operation contract.0 
106350     DEBUG main            d.u.i.k.p.i.IntermediateProofReplayer Proof replay took 5.4ns 
106552     INFO  main            d.u.i.k.p.r.p.TestFile    ... finished proof: closed. 
106795     INFO  main            d.u.i.k.p.i.AbstractProblemLoader Loading environment from /home/runner/work/key/key/key.core/../key.ui/examples/heap/information_flow/UpdateAbstraction_ex7_4_secure.key.proof 
106795     DEBUG main            d.u.i.k.p.i.AbstractProblemLoader Environment load took 100.9ns 
106796     INFO  main            d.u.i.k.p.i.AbstractProblemLoader Creating init config 
109289     DEBUG main            d.u.i.k.p.i.AbstractProblemLoader Init config took 2.49s 
109323     INFO  main            d.u.i.k.p.i.AbstractProblemLoader Replaying proof UpdateAbstraction[UpdateAbstraction::ex7_4_secure()].JML operation contract.0 
109362     DEBUG main            d.u.i.k.p.i.IntermediateProofReplayer Proof replay took 37.84ms 
109363     DEBUG main            d.u.i.k.p.r.p.TestFile    ... success: reloaded. 
109364     INFO  main            d.u.i.k.p.r.p.TestFile    Now processing file /home/runner/work/key/key/key.core/../key.ui/examples/heap/information_flow/UpdateAbstraction_ex7_5_secure.key 
109364     INFO  main            d.u.i.k.p.i.AbstractProblemLoader Loading environment from /home/runner/work/key/key/key.core/../key.ui/examples/heap/information_flow/UpdateAbstraction_ex7_5_secure.key 
109364     DEBUG main            d.u.i.k.p.i.AbstractProblemLoader Environment load took 89ns 
109365     INFO  main            d.u.i.k.p.i.AbstractProblemLoader Creating init config 
111932     DEBUG main            d.u.i.k.p.i.AbstractProblemLoader Init config took 2.57s 
111981     INFO  main            d.u.i.k.p.i.AbstractProblemLoader Replaying proof UpdateAbstraction[UpdateAbstraction::ex7_5_secure()].JML operation contract.0 
111982     DEBUG main            d.u.i.k.p.i.IntermediateProofReplayer Proof replay took 4.8ns 
112084     INFO  main            d.u.i.k.p.r.p.TestFile    ... finished proof: closed. 
112396     INFO  main            d.u.i.k.p.i.AbstractProblemLoader Loading environment from /home/runner/work/key/key/key.core/../key.ui/examples/heap/information_flow/UpdateAbstraction_ex7_5_secure.key.proof 
112397     DEBUG main            d.u.i.k.p.i.AbstractProblemLoader Environment load took 101.4ns 
112397     INFO  main            d.u.i.k.p.i.AbstractProblemLoader Creating init config 
114891     DEBUG main            d.u.i.k.p.i.AbstractProblemLoader Init config took 2.49s 
114924     INFO  main            d.u.i.k.p.i.AbstractProblemLoader Replaying proof UpdateAbstraction[UpdateAbstraction::ex7_5_secure()].JML operation contract.0 
114941     DEBUG main            d.u.i.k.p.i.IntermediateProofReplayer Proof replay took 15.68ms 
114942     DEBUG main            d.u.i.k.p.r.p.TestFile    ... success: reloaded. 
114942     INFO  main            d.u.i.k.p.r.p.TestFile    Now processing file /home/runner/work/key/key/key.core/../key.ui/examples/heap/information_flow/UpdateAbstraction_ex7_6_secure.key 
114943     INFO  main            d.u.i.k.p.i.AbstractProblemLoader Loading environment from /home/runner/work/key/key/key.core/../key.ui/examples/heap/information_flow/UpdateAbstraction_ex7_6_secure.key 
114943     DEBUG main            d.u.i.k.p.i.AbstractProblemLoader Environment load took 70.5ns 
114943     INFO  main            d.u.i.k.p.i.AbstractProblemLoader Creating init config 
117529     DEBUG main            d.u.i.k.p.i.AbstractProblemLoader Init config took 2.59s 
117563     INFO  main            d.u.i.k.p.i.AbstractProblemLoader Replaying proof UpdateAbstraction[UpdateAbstraction::ex7_6_secure()].JML operation contract.0 
117564     DEBUG main            d.u.i.k.p.i.IntermediateProofReplayer Proof replay took 5.5ns 
117866     INFO  main            d.u.i.k.p.r.p.TestFile    ... finished proof: closed. 
118140     INFO  main            d.u.i.k.p.i.AbstractProblemLoader Loading environment from /home/runner/work/key/key/key.core/../key.ui/examples/heap/information_flow/UpdateAbstraction_ex7_6_secure.key.proof 
118140     DEBUG main            d.u.i.k.p.i.AbstractProblemLoader Environment load took 109.9ns 
118141     INFO  main            d.u.i.k.p.i.AbstractProblemLoader Creating init config 
120629     DEBUG main            d.u.i.k.p.i.AbstractProblemLoader Init config took 2.49s 
120662     INFO  main            d.u.i.k.p.i.AbstractProblemLoader Replaying proof UpdateAbstraction[UpdateAbstraction::ex7_6_secure()].JML operation contract.0 
120717     DEBUG main            d.u.i.k.p.i.IntermediateProofReplayer Proof replay took 52.72ms 
120718     DEBUG main            d.u.i.k.p.r.p.TestFile    ... success: reloaded. 
120719     INFO  main            d.u.i.k.p.r.p.TestFile    Now processing file /home/runner/work/key/key/key.core/../key.ui/examples/heap/information_flow/UpdateAbstraction_ex9_secure.key 
120719     INFO  main            d.u.i.k.p.i.AbstractProblemLoader Loading environment from /home/runner/work/key/key/key.core/../key.ui/examples/heap/information_flow/UpdateAbstraction_ex9_secure.key 
120719     DEBUG main            d.u.i.k.p.i.AbstractProblemLoader Environment load took 74.1ns 
120720     INFO  main            d.u.i.k.p.i.AbstractProblemLoader Creating init config 
123268     DEBUG main            d.u.i.k.p.i.AbstractProblemLoader Init config took 2.55s 
123301     INFO  main            d.u.i.k.p.i.AbstractProblemLoader Replaying proof UpdateAbstraction[UpdateAbstraction::ex9_secure()].JML operation contract.0 
123302     DEBUG main            d.u.i.k.p.i.IntermediateProofReplayer Proof replay took 4.9ns 
124109     INFO  main            d.u.i.k.p.r.p.TestFile    ... finished proof: closed. 
124397     INFO  main            d.u.i.k.p.i.AbstractProblemLoader Loading environment from /home/runner/work/key/key/key.core/../key.ui/examples/heap/information_flow/UpdateAbstraction_ex9_secure.key.proof 
124397     DEBUG main            d.u.i.k.p.i.AbstractProblemLoader Environment load took 114.6ns 
124398     INFO  main            d.u.i.k.p.i.AbstractProblemLoader Creating init config 
126879     DEBUG main            d.u.i.k.p.i.AbstractProblemLoader Init config took 2.48s 
126914     INFO  main            d.u.i.k.p.i.AbstractProblemLoader Replaying proof UpdateAbstraction[UpdateAbstraction::ex9_secure()].JML operation contract.0 
127121     DEBUG main            d.u.i.k.p.i.IntermediateProofReplayer Proof replay took 204.01ms 
127122     DEBUG main            d.u.i.k.p.r.p.TestFile    ... success: reloaded. 
822311     INFO  Test worker     d.u.i.k.p.r.RunAllProofsTestUnit Returning from test javaCard 
822312     INFO  Test worker     d.u.i.k.p.r.RunAllProofsTestUnit Running test list 
396        INFO  Timeout watchdog d.u.i.k.p.r.p.ForkedTestFileRunner Timeout watcher launched (2000 secs.) 
411        WARN  main            d.u.i.k.s.ProofSettings   The settings in /home/runner/.key/proof-settings.props are *not* read. 
437        INFO  main            d.u.i.k.p.r.p.TestFile    Now processing file /home/runner/work/key/key/key.core/../key.ui/examples/heap/list/ArrayList_add.key 
540        INFO  main            d.u.i.k.p.i.AbstractProblemLoader Loading environment from /home/runner/work/key/key/key.core/../key.ui/examples/heap/list/ArrayList_add.key 
555        DEBUG main            d.u.i.k.p.i.AbstractProblemLoader Environment load took 1.74ms 
752        INFO  main            d.u.i.k.p.i.AbstractProblemLoader Creating init config 
1576       DEBUG main            d.u.i.k.j.TypeConverter   No LDT found for Meta 
1577       DEBUG main            d.u.i.k.j.TypeConverter   No LDT found for Meta 
1578       DEBUG main            d.u.i.k.j.TypeConverter   No LDT found for Meta 
1578       DEBUG main            d.u.i.k.j.TypeConverter   No LDT found for Meta 
3049       DEBUG main            d.u.i.k.j.TypeConverter   No LDT found for JavaBigintExpression 
6246       DEBUG main            d.u.i.k.j.r.ClassPreparationMethodBuilder clPrepBuilder: Inner Class detected. Reject building class initialisation methods. 
8735       DEBUG main            d.u.i.k.p.i.AbstractProblemLoader Init config took 7.98s 
8878       INFO  main            d.u.i.k.p.i.AbstractProblemLoader Replaying proof ArrayList[List::add(java.lang.Object)].JML normal_behavior operation contract.0 
8946       DEBUG main            d.u.i.k.p.i.IntermediateProofReplayer Proof replay took 33.9ns 
14389      INFO  main            d.u.i.k.p.r.p.TestFile    ... finished proof: closed. 
14568      INFO  main            d.u.i.k.p.i.AbstractProblemLoader Loading environment from /home/runner/work/key/key/key.core/../key.ui/examples/heap/list/ArrayList_add.key.proof 
14569      DEBUG main            d.u.i.k.p.i.AbstractProblemLoader Environment load took 440.7ns 
14571      INFO  main            d.u.i.k.p.i.AbstractProblemLoader Creating init config 
15728      DEBUG main            d.u.i.k.j.r.ClassPreparationMethodBuilder clPrepBuilder: Inner Class detected. Reject building class initialisation methods. 
17897      DEBUG main            d.u.i.k.p.i.AbstractProblemLoader Init config took 3.33s 
17982      INFO  main            d.u.i.k.p.i.AbstractProblemLoader Replaying proof ArrayList[List::add(java.lang.Object)].JML normal_behavior operation contract.0 
19058      DEBUG main            d.u.i.k.p.i.IntermediateProofReplayer Proof replay took 1.04s 
19066      DEBUG main            d.u.i.k.p.r.p.TestFile    ... success: reloaded. 
19068      INFO  main            d.u.i.k.p.r.p.TestFile    Now processing file /home/runner/work/key/key/key.core/../key.ui/examples/heap/list/ArrayList_ArrayList.key 
19068      INFO  main            d.u.i.k.p.i.AbstractProblemLoader Loading environment from /home/runner/work/key/key/key.core/../key.ui/examples/heap/list/ArrayList_ArrayList.key 
19069      DEBUG main            d.u.i.k.p.i.AbstractProblemLoader Environment load took 254.1ns 
19070      INFO  main            d.u.i.k.p.i.AbstractProblemLoader Creating init config 
20146      DEBUG main            d.u.i.k.j.r.ClassPreparationMethodBuilder clPrepBuilder: Inner Class detected. Reject building class initialisation methods. 
22254      DEBUG main            d.u.i.k.p.i.AbstractProblemLoader Init config took 3.18s 
22323      INFO  main            d.u.i.k.p.i.AbstractProblemLoader Replaying proof ArrayList[ArrayList::ArrayList()].JML normal_behavior operation contract.0 
22326      DEBUG main            d.u.i.k.p.i.IntermediateProofReplayer Proof replay took 5ns 
23841      INFO  main            d.u.i.k.p.r.p.TestFile    ... finished proof: closed. 
24025      INFO  main            d.u.i.k.p.i.AbstractProblemLoader Loading environment from /home/runner/work/key/key/key.core/../key.ui/examples/heap/list/ArrayList_ArrayList.key.proof 
24025      DEBUG main            d.u.i.k.p.i.AbstractProblemLoader Environment load took 431.4ns 
24027      INFO  main            d.u.i.k.p.i.AbstractProblemLoader Creating init config 
25040      DEBUG main            d.u.i.k.j.r.ClassPreparationMethodBuilder clPrepBuilder: Inner Class detected. Reject building class initialisation methods. 
27118      DEBUG main            d.u.i.k.p.i.AbstractProblemLoader Init config took 3.09s 
27180      INFO  main            d.u.i.k.p.i.AbstractProblemLoader Replaying proof ArrayList[ArrayList::ArrayList()].JML normal_behavior operation contract.0 
27424      DEBUG main            d.u.i.k.p.i.IntermediateProofReplayer Proof replay took 234.4ms 
27426      DEBUG main            d.u.i.k.p.r.p.TestFile    ... success: reloaded. 
27427      INFO  main            d.u.i.k.p.r.p.TestFile    Now processing file /home/runner/work/key/key/key.core/../key.ui/examples/heap/list/ArrayList_concatenate.key 
27427      INFO  main            d.u.i.k.p.i.AbstractProblemLoader Loading environment from /home/runner/work/key/key/key.core/../key.ui/examples/heap/list/ArrayList_concatenate.key 
27428      DEBUG main            d.u.i.k.p.i.AbstractProblemLoader Environment load took 212.8ns 
27429      INFO  main            d.u.i.k.p.i.AbstractProblemLoader Creating init config 
28430      DEBUG main            d.u.i.k.j.r.ClassPreparationMethodBuilder clPrepBuilder: Inner Class detected. Reject building class initialisation methods. 
30513      DEBUG main            d.u.i.k.p.i.AbstractProblemLoader Init config took 3.08s 
30571      INFO  main            d.u.i.k.p.i.AbstractProblemLoader Replaying proof ArrayList[List::concatenate(List)].JML normal_behavior operation contract.0 
30573      DEBUG main            d.u.i.k.p.i.IntermediateProofReplayer Proof replay took 5.4ns 
55835      INFO  main            d.u.i.k.p.r.p.TestFile    ... finished proof: closed. 
56082      INFO  main            d.u.i.k.p.i.AbstractProblemLoader Loading environment from /home/runner/work/key/key/key.core/../key.ui/examples/heap/list/ArrayList_concatenate.key.proof 
56082      DEBUG main            d.u.i.k.p.i.AbstractProblemLoader Environment load took 197.6ns 
56089      INFO  main            d.u.i.k.p.i.AbstractProblemLoader Creating init config 
57101      DEBUG main            d.u.i.k.j.r.ClassPreparationMethodBuilder clPrepBuilder: Inner Class detected. Reject building class initialisation methods. 
59153      DEBUG main            d.u.i.k.p.i.AbstractProblemLoader Init config took 3.06s 
59225      INFO  main            d.u.i.k.p.i.AbstractProblemLoader Replaying proof ArrayList[List::concatenate(List)].JML normal_behavior operation contract.0 
61379      DEBUG main            d.u.i.k.p.i.IntermediateProofReplayer Proof replay took 2.09s 
61384      DEBUG main            d.u.i.k.p.r.p.TestFile    ... success: reloaded. 
61385      INFO  main            d.u.i.k.p.r.p.TestFile    Now processing file /home/runner/work/key/key/key.core/../key.ui/examples/heap/list/ArrayList_contains_dep.key 
61385      INFO  main            d.u.i.k.p.i.AbstractProblemLoader Loading environment from /home/runner/work/key/key/key.core/../key.ui/examples/heap/list/ArrayList_contains_dep.key 
61386      DEBUG main            d.u.i.k.p.i.AbstractProblemLoader Environment load took 222.2ns 
61387      INFO  main            d.u.i.k.p.i.AbstractProblemLoader Creating init config 
62420      DEBUG main            d.u.i.k.j.r.ClassPreparationMethodBuilder clPrepBuilder: Inner Class detected. Reject building class initialisation methods. 
64503      DEBUG main            d.u.i.k.p.i.AbstractProblemLoader Init config took 3.12s 
64562      INFO  main            d.u.i.k.p.i.AbstractProblemLoader Replaying proof ArrayList[List::contains(java.lang.Object)].JML accessible clause.0 
64563      DEBUG main            d.u.i.k.p.i.IntermediateProofReplayer Proof replay took 4.7ns 
67378      INFO  main            d.u.i.k.p.r.p.TestFile    ... finished proof: closed. 
67584      INFO  main            d.u.i.k.p.i.AbstractProblemLoader Loading environment from /home/runner/work/key/key/key.core/../key.ui/examples/heap/list/ArrayList_contains_dep.key.proof 
67585      DEBUG main            d.u.i.k.p.i.AbstractProblemLoader Environment load took 438.9ns 
67586      INFO  main            d.u.i.k.p.i.AbstractProblemLoader Creating init config 
68539      DEBUG main            d.u.i.k.j.r.ClassPreparationMethodBuilder clPrepBuilder: Inner Class detected. Reject building class initialisation methods. 
70580      DEBUG main            d.u.i.k.p.i.AbstractProblemLoader Init config took 2.99s 
70649      INFO  main            d.u.i.k.p.i.AbstractProblemLoader Replaying proof ArrayList[List::contains(java.lang.Object)].JML accessible clause.0 
71080      DEBUG main            d.u.i.k.p.i.IntermediateProofReplayer Proof replay took 417.88ms 
71082      DEBUG main            d.u.i.k.p.r.p.TestFile    ... success: reloaded. 
71083      INFO  main            d.u.i.k.p.r.p.TestFile    Now processing file /home/runner/work/key/key/key.core/../key.ui/examples/heap/list/ArrayList_enlarge.key 
71083      INFO  main            d.u.i.k.p.i.AbstractProblemLoader Loading environment from /home/runner/work/key/key/key.core/../key.ui/examples/heap/list/ArrayList_enlarge.key 
71084      DEBUG main            d.u.i.k.p.i.AbstractProblemLoader Environment load took 204.6ns 
71085      INFO  main            d.u.i.k.p.i.AbstractProblemLoader Creating init config 
72104      DEBUG main            d.u.i.k.j.r.ClassPreparationMethodBuilder clPrepBuilder: Inner Class detected. Reject building class initialisation methods. 
74205      DEBUG main            d.u.i.k.p.i.AbstractProblemLoader Init config took 3.12s 
74259      INFO  main            d.u.i.k.p.i.AbstractProblemLoader Replaying proof ArrayList[ArrayList::enlarge()].JML normal_behavior operation contract.0 
74260      DEBUG main            d.u.i.k.p.i.IntermediateProofReplayer Proof replay took 4.8ns 
76588      INFO  main            d.u.i.k.p.r.p.TestFile    ... finished proof: closed. 
76777      INFO  main            d.u.i.k.p.i.AbstractProblemLoader Loading environment from /home/runner/work/key/key/key.core/../key.ui/examples/heap/list/ArrayList_enlarge.key.proof 
76779      DEBUG main            d.u.i.k.p.i.AbstractProblemLoader Environment load took 2.06ms 
76780      INFO  main            d.u.i.k.p.i.AbstractProblemLoader Creating init config 
77736      DEBUG main            d.u.i.k.j.r.ClassPreparationMethodBuilder clPrepBuilder: Inner Class detected. Reject building class initialisation methods. 
79797      DEBUG main            d.u.i.k.p.i.AbstractProblemLoader Init config took 3.02s 
79868      INFO  main            d.u.i.k.p.i.AbstractProblemLoader Replaying proof ArrayList[ArrayList::enlarge()].JML normal_behavior operation contract.0 
80262      DEBUG main            d.u.i.k.p.i.IntermediateProofReplayer Proof replay took 386.09ms 
80263      DEBUG main            d.u.i.k.p.r.p.TestFile    ... success: reloaded. 
80265      INFO  main            d.u.i.k.p.r.p.TestFile    Now processing file /home/runner/work/key/key/key.core/../key.ui/examples/heap/list/ArrayList_footprint.key 
80265      INFO  main            d.u.i.k.p.i.AbstractProblemLoader Loading environment from /home/runner/work/key/key/key.core/../key.ui/examples/heap/list/ArrayList_footprint.key 
80265      DEBUG main            d.u.i.k.p.i.AbstractProblemLoader Environment load took 74.7ns 
80266      INFO  main            d.u.i.k.p.i.AbstractProblemLoader Creating init config 
81265      DEBUG main            d.u.i.k.j.r.ClassPreparationMethodBuilder clPrepBuilder: Inner Class detected. Reject building class initialisation methods. 
83286      DEBUG main            d.u.i.k.p.i.AbstractProblemLoader Init config took 3.02s 
83334      INFO  main            d.u.i.k.p.i.AbstractProblemLoader Replaying proof List[List::$footprint()].JML accessible clause.0 
83336      DEBUG main            d.u.i.k.p.i.IntermediateProofReplayer Proof replay took 4.9ns 
83438      INFO  main            d.u.i.k.p.r.p.TestFile    ... finished proof: closed. 
83597      INFO  main            d.u.i.k.p.i.AbstractProblemLoader Loading environment from /home/runner/work/key/key/key.core/../key.ui/examples/heap/list/ArrayList_footprint.key.proof 
83597      DEBUG main            d.u.i.k.p.i.AbstractProblemLoader Environment load took 109.5ns 
83598      INFO  main            d.u.i.k.p.i.AbstractProblemLoader Creating init config 
84536      DEBUG main            d.u.i.k.j.r.ClassPreparationMethodBuilder clPrepBuilder: Inner Class detected. Reject building class initialisation methods. 
86581      DEBUG main            d.u.i.k.p.i.AbstractProblemLoader Init config took 2.98s 
86625      INFO  main            d.u.i.k.p.i.AbstractProblemLoader Replaying proof List[List::$footprint()].JML accessible clause.0 
86628      DEBUG main            d.u.i.k.p.i.IntermediateProofReplayer Proof replay took 1.05ms 
86628      DEBUG main            d.u.i.k.p.r.p.TestFile    ... success: reloaded. 
86629      INFO  main            d.u.i.k.p.r.p.TestFile    Now processing file /home/runner/work/key/key/key.core/../key.ui/examples/heap/list/ArrayList_get_dep.key 
86630      INFO  main            d.u.i.k.p.i.AbstractProblemLoader Loading environment from /home/runner/work/key/key/key.core/../key.ui/examples/heap/list/ArrayList_get_dep.key 
86630      DEBUG main            d.u.i.k.p.i.AbstractProblemLoader Environment load took 92.5ns 
86631      INFO  main            d.u.i.k.p.i.AbstractProblemLoader Creating init config 
87586      DEBUG main            d.u.i.k.j.r.ClassPreparationMethodBuilder clPrepBuilder: Inner Class detected. Reject building class initialisation methods. 
89623      DEBUG main            d.u.i.k.p.i.AbstractProblemLoader Init config took 2.99s 
89674      INFO  main            d.u.i.k.p.i.AbstractProblemLoader Replaying proof ArrayList[List::get(int)].JML accessible clause.0 
89676      DEBUG main            d.u.i.k.p.i.IntermediateProofReplayer Proof replay took 5.8ns 
90182      INFO  main            d.u.i.k.p.r.p.TestFile    ... finished proof: closed. 
90380      INFO  main            d.u.i.k.p.i.AbstractProblemLoader Loading environment from /home/runner/work/key/key/key.core/../key.ui/examples/heap/list/ArrayList_get_dep.key.proof 
90380      DEBUG main            d.u.i.k.p.i.AbstractProblemLoader Environment load took 109.6ns 
90381      INFO  main            d.u.i.k.p.i.AbstractProblemLoader Creating init config 
91314      DEBUG main            d.u.i.k.j.r.ClassPreparationMethodBuilder clPrepBuilder: Inner Class detected. Reject building class initialisation methods. 
93331      DEBUG main            d.u.i.k.p.i.AbstractProblemLoader Init config took 2.95s 
93381      INFO  main            d.u.i.k.p.i.AbstractProblemLoader Replaying proof ArrayList[List::get(int)].JML accessible clause.0 
93454      DEBUG main            d.u.i.k.p.i.IntermediateProofReplayer Proof replay took 70.65ms 
93455      DEBUG main            d.u.i.k.p.r.p.TestFile    ... success: reloaded. 
93457      INFO  main            d.u.i.k.p.r.p.TestFile    Now processing file /home/runner/work/key/key/key.core/../key.ui/examples/heap/list/ArrayList_get_exceptional.key 
93457      INFO  main            d.u.i.k.p.i.AbstractProblemLoader Loading environment from /home/runner/work/key/key/key.core/../key.ui/examples/heap/list/ArrayList_get_exceptional.key 
93457      DEBUG main            d.u.i.k.p.i.AbstractProblemLoader Environment load took 248.5ns 
93458      INFO  main            d.u.i.k.p.i.AbstractProblemLoader Creating init config 
94442      DEBUG main            d.u.i.k.j.r.ClassPreparationMethodBuilder clPrepBuilder: Inner Class detected. Reject building class initialisation methods. 
96472      DEBUG main            d.u.i.k.p.i.AbstractProblemLoader Init config took 3.01s 
96528      INFO  main            d.u.i.k.p.i.AbstractProblemLoader Replaying proof ArrayList[List::get(int)].JML exceptional_behavior operation contract.0 
96530      DEBUG main            d.u.i.k.p.i.IntermediateProofReplayer Proof replay took 4.8ns 
97758      INFO  main            d.u.i.k.p.r.p.TestFile    ... finished proof: closed. 
97966      INFO  main            d.u.i.k.p.i.AbstractProblemLoader Loading environment from /home/runner/work/key/key/key.core/../key.ui/examples/heap/list/ArrayList_get_exceptional.key.proof 
97967      DEBUG main            d.u.i.k.p.i.AbstractProblemLoader Environment load took 423.9ns 
97968      INFO  main            d.u.i.k.p.i.AbstractProblemLoader Creating init config 
98899      DEBUG main            d.u.i.k.j.r.ClassPreparationMethodBuilder clPrepBuilder: Inner Class detected. Reject building class initialisation methods. 
100919     DEBUG main            d.u.i.k.p.i.AbstractProblemLoader Init config took 2.95s 
100967     INFO  main            d.u.i.k.p.i.AbstractProblemLoader Replaying proof ArrayList[List::get(int)].JML exceptional_behavior operation contract.0 
101164     DEBUG main            d.u.i.k.p.i.IntermediateProofReplayer Proof replay took 190.45ms 
101165     DEBUG main            d.u.i.k.p.r.p.TestFile    ... success: reloaded. 
101167     INFO  main            d.u.i.k.p.r.p.TestFile    Now processing file /home/runner/work/key/key/key.core/../key.ui/examples/heap/list/ArrayList_get_normal.key 
101167     INFO  main            d.u.i.k.p.i.AbstractProblemLoader Loading environment from /home/runner/work/key/key/key.core/../key.ui/examples/heap/list/ArrayList_get_normal.key 
101167     DEBUG main            d.u.i.k.p.i.AbstractProblemLoader Environment load took 204.7ns 
101168     INFO  main            d.u.i.k.p.i.AbstractProblemLoader Creating init config 
102108     DEBUG main            d.u.i.k.j.r.ClassPreparationMethodBuilder clPrepBuilder: Inner Class detected. Reject building class initialisation methods. 
104102     DEBUG main            d.u.i.k.p.i.AbstractProblemLoader Init config took 2.93s 
104150     INFO  main            d.u.i.k.p.i.AbstractProblemLoader Replaying proof ArrayList[List::get(int)].JML normal_behavior operation contract.0 
104151     DEBUG main            d.u.i.k.p.i.IntermediateProofReplayer Proof replay took 4.6ns 
104657     INFO  main            d.u.i.k.p.r.p.TestFile    ... finished proof: closed. 
104834     INFO  main            d.u.i.k.p.i.AbstractProblemLoader Loading environment from /home/runner/work/key/key/key.core/../key.ui/examples/heap/list/ArrayList_get_normal.key.proof 
104835     DEBUG main            d.u.i.k.p.i.AbstractProblemLoader Environment load took 106.2ns 
104836     INFO  main            d.u.i.k.p.i.AbstractProblemLoader Creating init config 
105787     DEBUG main            d.u.i.k.j.r.ClassPreparationMethodBuilder clPrepBuilder: Inner Class detected. Reject building class initialisation methods. 
107743     DEBUG main            d.u.i.k.p.i.AbstractProblemLoader Init config took 2.91s 
107808     INFO  main            d.u.i.k.p.i.AbstractProblemLoader Replaying proof ArrayList[List::get(int)].JML normal_behavior operation contract.0 
107880     DEBUG main            d.u.i.k.p.i.IntermediateProofReplayer Proof replay took 68.77ms 
107881     DEBUG main            d.u.i.k.p.r.p.TestFile    ... success: reloaded. 
107882     INFO  main            d.u.i.k.p.r.p.TestFile    Now processing file /home/runner/work/key/key/key.core/../key.ui/examples/heap/list/ArrayList_inv.key 
107883     INFO  main            d.u.i.k.p.i.AbstractProblemLoader Loading environment from /home/runner/work/key/key/key.core/../key.ui/examples/heap/list/ArrayList_inv.key 
107883     DEBUG main            d.u.i.k.p.i.AbstractProblemLoader Environment load took 200.9ns 
107884     INFO  main            d.u.i.k.p.i.AbstractProblemLoader Creating init config 
108830     DEBUG main            d.u.i.k.j.r.ClassPreparationMethodBuilder clPrepBuilder: Inner Class detected. Reject building class initialisation methods. 
110826     DEBUG main            d.u.i.k.p.i.AbstractProblemLoader Init config took 2.94s 
110908     INFO  main            d.u.i.k.p.i.AbstractProblemLoader Replaying proof ArrayList[java.lang.Object::<inv>()].JML accessible clause.0 
110909     DEBUG main            d.u.i.k.p.i.IntermediateProofReplayer Proof replay took 5ns 
111312     INFO  main            d.u.i.k.p.r.p.TestFile    ... finished proof: closed. 
111514     INFO  main            d.u.i.k.p.i.AbstractProblemLoader Loading environment from /home/runner/work/key/key/key.core/../key.ui/examples/heap/list/ArrayList_inv.key.proof 
111514     DEBUG main            d.u.i.k.p.i.AbstractProblemLoader Environment load took 108.8ns 
111515     INFO  main            d.u.i.k.p.i.AbstractProblemLoader Creating init config 
112448     DEBUG main            d.u.i.k.j.r.ClassPreparationMethodBuilder clPrepBuilder: Inner Class detected. Reject building class initialisation methods. 
114422     DEBUG main            d.u.i.k.p.i.AbstractProblemLoader Init config took 2.91s 
114469     INFO  main            d.u.i.k.p.i.AbstractProblemLoader Replaying proof ArrayList[java.lang.Object::<inv>()].JML accessible clause.0 
114510     DEBUG main            d.u.i.k.p.i.IntermediateProofReplayer Proof replay took 37.75ms 
114511     DEBUG main            d.u.i.k.p.r.p.TestFile    ... success: reloaded. 
114512     INFO  main            d.u.i.k.p.r.p.TestFile    Now processing file /home/runner/work/key/key/key.core/../key.ui/examples/heap/list/ArrayList_iterator.key 
114512     INFO  main            d.u.i.k.p.i.AbstractProblemLoader Loading environment from /home/runner/work/key/key/key.core/../key.ui/examples/heap/list/ArrayList_iterator.key 
114512     DEBUG main            d.u.i.k.p.i.AbstractProblemLoader Environment load took 90.8ns 
114513     INFO  main            d.u.i.k.p.i.AbstractProblemLoader Creating init config 
115458     DEBUG main            d.u.i.k.j.r.ClassPreparationMethodBuilder clPrepBuilder: Inner Class detected. Reject building class initialisation methods. 
117478     DEBUG main            d.u.i.k.p.i.AbstractProblemLoader Init config took 2.96s 
117526     INFO  main            d.u.i.k.p.i.AbstractProblemLoader Replaying proof ArrayList[List::iterator()].JML normal_behavior operation contract.0 
117527     DEBUG main            d.u.i.k.p.i.IntermediateProofReplayer Proof replay took 4.8ns 
118030     INFO  main            d.u.i.k.p.r.p.TestFile    ... finished proof: closed. 
118244     INFO  main            d.u.i.k.p.i.AbstractProblemLoader Loading environment from /home/runner/work/key/key/key.core/../key.ui/examples/heap/list/ArrayList_iterator.key.proof 
118244     DEBUG main            d.u.i.k.p.i.AbstractProblemLoader Environment load took 414.1ns 
118245     INFO  main            d.u.i.k.p.i.AbstractProblemLoader Creating init config 
119182     DEBUG main            d.u.i.k.j.r.ClassPreparationMethodBuilder clPrepBuilder: Inner Class detected. Reject building class initialisation methods. 
121150     DEBUG main            d.u.i.k.p.i.AbstractProblemLoader Init config took 2.9s 
121201     INFO  main            d.u.i.k.p.i.AbstractProblemLoader Replaying proof ArrayList[List::iterator()].JML normal_behavior operation contract.0 
121282     DEBUG main            d.u.i.k.p.i.IntermediateProofReplayer Proof replay took 74.77ms 
121284     DEBUG main            d.u.i.k.p.r.p.TestFile    ... success: reloaded. 
121285     INFO  main            d.u.i.k.p.r.p.TestFile    Now processing file /home/runner/work/key/key/key.core/../key.ui/examples/heap/list/ArrayList_size_dep.key 
121286     INFO  main            d.u.i.k.p.i.AbstractProblemLoader Loading environment from /home/runner/work/key/key/key.core/../key.ui/examples/heap/list/ArrayList_size_dep.key 
121286     DEBUG main            d.u.i.k.p.i.AbstractProblemLoader Environment load took 111.6ns 
121287     INFO  main            d.u.i.k.p.i.AbstractProblemLoader Creating init config 
122242     DEBUG main            d.u.i.k.j.r.ClassPreparationMethodBuilder clPrepBuilder: Inner Class detected. Reject building class initialisation methods. 
124262     DEBUG main            d.u.i.k.p.i.AbstractProblemLoader Init config took 2.98s 
124311     INFO  main            d.u.i.k.p.i.AbstractProblemLoader Replaying proof ArrayList[List::size()].JML accessible clause.0 
124312     DEBUG main            d.u.i.k.p.i.IntermediateProofReplayer Proof replay took 5.4ns 
124514     INFO  main            d.u.i.k.p.r.p.TestFile    ... finished proof: closed. 
124715     INFO  main            d.u.i.k.p.i.AbstractProblemLoader Loading environment from /home/runner/work/key/key/key.core/../key.ui/examples/heap/list/ArrayList_size_dep.key.proof 
124715     DEBUG main            d.u.i.k.p.i.AbstractProblemLoader Environment load took 105.1ns 
124716     INFO  main            d.u.i.k.p.i.AbstractProblemLoader Creating init config 
125646     DEBUG main            d.u.i.k.j.r.ClassPreparationMethodBuilder clPrepBuilder: Inner Class detected. Reject building class initialisation methods. 
127597     DEBUG main            d.u.i.k.p.i.AbstractProblemLoader Init config took 2.88s 
127644     INFO  main            d.u.i.k.p.i.AbstractProblemLoader Replaying proof ArrayList[List::size()].JML accessible clause.0 
127668     DEBUG main            d.u.i.k.p.i.IntermediateProofReplayer Proof replay took 22.32ms 
127669     DEBUG main            d.u.i.k.p.r.p.TestFile    ... success: reloaded. 
127670     INFO  main            d.u.i.k.p.r.p.TestFile    Now processing file /home/runner/work/key/key/key.core/../key.ui/examples/heap/list/ArrayList_size.key 
127671     INFO  main            d.u.i.k.p.i.AbstractProblemLoader Loading environment from /home/runner/work/key/key/key.core/../key.ui/examples/heap/list/ArrayList_size.key 
127671     DEBUG main            d.u.i.k.p.i.AbstractProblemLoader Environment load took 224.6ns 
127672     INFO  main            d.u.i.k.p.i.AbstractProblemLoader Creating init config 
128633     DEBUG main            d.u.i.k.j.r.ClassPreparationMethodBuilder clPrepBuilder: Inner Class detected. Reject building class initialisation methods. 
130669     DEBUG main            d.u.i.k.p.i.AbstractProblemLoader Init config took 3s 
130716     INFO  main            d.u.i.k.p.i.AbstractProblemLoader Replaying proof ArrayList[List::size()].JML normal_behavior operation contract.0 
130717     DEBUG main            d.u.i.k.p.i.IntermediateProofReplayer Proof replay took 4.7ns 
130919     INFO  main            d.u.i.k.p.r.p.TestFile    ... finished proof: closed. 
131134     INFO  main            d.u.i.k.p.i.AbstractProblemLoader Loading environment from /home/runner/work/key/key/key.core/../key.ui/examples/heap/list/ArrayList_size.key.proof 
131134     DEBUG main            d.u.i.k.p.i.AbstractProblemLoader Environment load took 105.4ns 
131135     INFO  main            d.u.i.k.p.i.AbstractProblemLoader Creating init config 
132052     DEBUG main            d.u.i.k.j.r.ClassPreparationMethodBuilder clPrepBuilder: Inner Class detected. Reject building class initialisation methods. 
134005     DEBUG main            d.u.i.k.p.i.AbstractProblemLoader Init config took 2.87s 
134063     INFO  main            d.u.i.k.p.i.AbstractProblemLoader Replaying proof ArrayList[List::size()].JML normal_behavior operation contract.0 
134098     DEBUG main            d.u.i.k.p.i.IntermediateProofReplayer Proof replay took 31.19ms 
134099     DEBUG main            d.u.i.k.p.r.p.TestFile    ... success: reloaded. 
134099     INFO  main            d.u.i.k.p.r.p.TestFile    Now processing file /home/runner/work/key/key/key.core/../key.ui/examples/heap/list/ArrayList.ArrayListIterator_ArrayListIterator.key 
134100     INFO  main            d.u.i.k.p.i.AbstractProblemLoader Loading environment from /home/runner/work/key/key/key.core/../key.ui/examples/heap/list/ArrayList.ArrayListIterator_ArrayListIterator.key 
134100     DEBUG main            d.u.i.k.p.i.AbstractProblemLoader Environment load took 79ns 
134101     INFO  main            d.u.i.k.p.i.AbstractProblemLoader Creating init config 
135055     DEBUG main            d.u.i.k.j.r.ClassPreparationMethodBuilder clPrepBuilder: Inner Class detected. Reject building class initialisation methods. 
137061     DEBUG main            d.u.i.k.p.i.AbstractProblemLoader Init config took 2.96s 
137118     INFO  main            d.u.i.k.p.i.AbstractProblemLoader Replaying proof ArrayList.ArrayListIterator[ArrayList.ArrayListIterator::ArrayListIterator(ArrayList)].JML normal_behavior operation contract.0 
137119     DEBUG main            d.u.i.k.p.i.IntermediateProofReplayer Proof replay took 4.8ns 
137722     INFO  main            d.u.i.k.p.r.p.TestFile    ... finished proof: closed. 
137963     INFO  main            d.u.i.k.p.i.AbstractProblemLoader Loading environment from /home/runner/work/key/key/key.core/../key.ui/examples/heap/list/ArrayList.ArrayListIterator_ArrayListIterator.key.proof 
137963     DEBUG main            d.u.i.k.p.i.AbstractProblemLoader Environment load took 106ns 
137964     INFO  main            d.u.i.k.p.i.AbstractProblemLoader Creating init config 
138883     DEBUG main            d.u.i.k.j.r.ClassPreparationMethodBuilder clPrepBuilder: Inner Class detected. Reject building class initialisation methods. 
140866     DEBUG main            d.u.i.k.p.i.AbstractProblemLoader Init config took 2.9s 
140928     INFO  main            d.u.i.k.p.i.AbstractProblemLoader Replaying proof ArrayList.ArrayListIterator[ArrayList.ArrayListIterator::ArrayListIterator(ArrayList)].JML normal_behavior operation contract.0 
141023     DEBUG main            d.u.i.k.p.i.IntermediateProofReplayer Proof replay took 91ms 
141025     DEBUG main            d.u.i.k.p.r.p.TestFile    ... success: reloaded. 
141027     INFO  main            d.u.i.k.p.r.p.TestFile    Now processing file /home/runner/work/key/key/key.core/../key.ui/examples/heap/list/ArrayList.ArrayListIterator_hasNext_dep.key 
141027     INFO  main            d.u.i.k.p.i.AbstractProblemLoader Loading environment from /home/runner/work/key/key/key.core/../key.ui/examples/heap/list/ArrayList.ArrayListIterator_hasNext_dep.key 
141027     DEBUG main            d.u.i.k.p.i.AbstractProblemLoader Environment load took 205.8ns 
141028     INFO  main            d.u.i.k.p.i.AbstractProblemLoader Creating init config 
141969     DEBUG main            d.u.i.k.j.r.ClassPreparationMethodBuilder clPrepBuilder: Inner Class detected. Reject building class initialisation methods. 
143950     DEBUG main            d.u.i.k.p.i.AbstractProblemLoader Init config took 2.92s 
144003     INFO  main            d.u.i.k.p.i.AbstractProblemLoader Replaying proof ArrayList.ArrayListIterator[ListIterator::hasNext()].JML accessible clause.0 
144005     DEBUG main            d.u.i.k.p.i.IntermediateProofReplayer Proof replay took 5.1ns 
144308     INFO  main            d.u.i.k.p.r.p.TestFile    ... finished proof: closed. 
144542     INFO  main            d.u.i.k.p.i.AbstractProblemLoader Loading environment from /home/runner/work/key/key/key.core/../key.ui/examples/heap/list/ArrayList.ArrayListIterator_hasNext_dep.key.proof 
144542     DEBUG main            d.u.i.k.p.i.AbstractProblemLoader Environment load took 118.5ns 
144543     INFO  main            d.u.i.k.p.i.AbstractProblemLoader Creating init config 
145465     DEBUG main            d.u.i.k.j.r.ClassPreparationMethodBuilder clPrepBuilder: Inner Class detected. Reject building class initialisation methods. 
147415     DEBUG main            d.u.i.k.p.i.AbstractProblemLoader Init config took 2.87s 
147469     INFO  main            d.u.i.k.p.i.AbstractProblemLoader Replaying proof ArrayList.ArrayListIterator[ListIterator::hasNext()].JML accessible clause.0 
147518     DEBUG main            d.u.i.k.p.i.IntermediateProofReplayer Proof replay took 46.91ms 
147519     DEBUG main            d.u.i.k.p.r.p.TestFile    ... success: reloaded. 
147520     INFO  main            d.u.i.k.p.r.p.TestFile    Now processing file /home/runner/work/key/key/key.core/../key.ui/examples/heap/list/ArrayList.ArrayListIterator_hasNext.key 
147520     INFO  main            d.u.i.k.p.i.AbstractProblemLoader Loading environment from /home/runner/work/key/key/key.core/../key.ui/examples/heap/list/ArrayList.ArrayListIterator_hasNext.key 
147520     DEBUG main            d.u.i.k.p.i.AbstractProblemLoader Environment load took 77.5ns 
147521     INFO  main            d.u.i.k.p.i.AbstractProblemLoader Creating init config 
148481     DEBUG main            d.u.i.k.j.r.ClassPreparationMethodBuilder clPrepBuilder: Inner Class detected. Reject building class initialisation methods. 
150489     DEBUG main            d.u.i.k.p.i.AbstractProblemLoader Init config took 2.97s 
150543     INFO  main            d.u.i.k.p.i.AbstractProblemLoader Replaying proof ArrayList.ArrayListIterator[ListIterator::hasNext()].JML normal_behavior operation contract.0 
150544     DEBUG main            d.u.i.k.p.i.IntermediateProofReplayer Proof replay took 5.2ns 
150946     INFO  main            d.u.i.k.p.r.p.TestFile    ... finished proof: closed. 
151154     INFO  main            d.u.i.k.p.i.AbstractProblemLoader Loading environment from /home/runner/work/key/key/key.core/../key.ui/examples/heap/list/ArrayList.ArrayListIterator_hasNext.key.proof 
151154     DEBUG main            d.u.i.k.p.i.AbstractProblemLoader Environment load took 105.6ns 
151156     INFO  main            d.u.i.k.p.i.AbstractProblemLoader Creating init config 
152072     DEBUG main            d.u.i.k.j.r.ClassPreparationMethodBuilder clPrepBuilder: Inner Class detected. Reject building class initialisation methods. 
154024     DEBUG main            d.u.i.k.p.i.AbstractProblemLoader Init config took 2.87s 
154076     INFO  main            d.u.i.k.p.i.AbstractProblemLoader Replaying proof ArrayList.ArrayListIterator[ListIterator::hasNext()].JML normal_behavior operation contract.0 
154127     DEBUG main            d.u.i.k.p.i.IntermediateProofReplayer Proof replay took 47.66ms 
154128     DEBUG main            d.u.i.k.p.r.p.TestFile    ... success: reloaded. 
154129     INFO  main            d.u.i.k.p.r.p.TestFile    Now processing file /home/runner/work/key/key/key.core/../key.ui/examples/heap/list/ArrayList.ArrayListIterator_inv.key 
154129     INFO  main            d.u.i.k.p.i.AbstractProblemLoader Loading environment from /home/runner/work/key/key/key.core/../key.ui/examples/heap/list/ArrayList.ArrayListIterator_inv.key 
154129     DEBUG main            d.u.i.k.p.i.AbstractProblemLoader Environment load took 87.7ns 
154130     INFO  main            d.u.i.k.p.i.AbstractProblemLoader Creating init config 
155085     DEBUG main            d.u.i.k.j.r.ClassPreparationMethodBuilder clPrepBuilder: Inner Class detected. Reject building class initialisation methods. 
157078     DEBUG main            d.u.i.k.p.i.AbstractProblemLoader Init config took 2.95s 
157130     INFO  main            d.u.i.k.p.i.AbstractProblemLoader Replaying proof ArrayList.ArrayListIterator[java.lang.Object::<inv>()].JML accessible clause.0 
157132     DEBUG main            d.u.i.k.p.i.IntermediateProofReplayer Proof replay took 5.6ns 
158036     INFO  main            d.u.i.k.p.r.p.TestFile    ... finished proof: closed. 
158276     INFO  main            d.u.i.k.p.i.AbstractProblemLoader Loading environment from /home/runner/work/key/key/key.core/../key.ui/examples/heap/list/ArrayList.ArrayListIterator_inv.key.proof 
158276     DEBUG main            d.u.i.k.p.i.AbstractProblemLoader Environment load took 408.6ns 
158277     INFO  main            d.u.i.k.p.i.AbstractProblemLoader Creating init config 
159208     DEBUG main            d.u.i.k.j.r.ClassPreparationMethodBuilder clPrepBuilder: Inner Class detected. Reject building class initialisation methods. 
161135     DEBUG main            d.u.i.k.p.i.AbstractProblemLoader Init config took 2.86s 
161200     INFO  main            d.u.i.k.p.i.AbstractProblemLoader Replaying proof ArrayList.ArrayListIterator[java.lang.Object::<inv>()].JML accessible clause.0 
161288     DEBUG main            d.u.i.k.p.i.IntermediateProofReplayer Proof replay took 84.46ms 
161289     DEBUG main            d.u.i.k.p.r.p.TestFile    ... success: reloaded. 
161290     INFO  main            d.u.i.k.p.r.p.TestFile    Now processing file /home/runner/work/key/key/key.core/../key.ui/examples/heap/list/ArrayList.ArrayListIterator_list.key 
161290     INFO  main            d.u.i.k.p.i.AbstractProblemLoader Loading environment from /home/runner/work/key/key/key.core/../key.ui/examples/heap/list/ArrayList.ArrayListIterator_list.key 
161290     DEBUG main            d.u.i.k.p.i.AbstractProblemLoader Environment load took 66.1ns 
161291     INFO  main            d.u.i.k.p.i.AbstractProblemLoader Creating init config 
162238     DEBUG main            d.u.i.k.j.r.ClassPreparationMethodBuilder clPrepBuilder: Inner Class detected. Reject building class initialisation methods. 
164206     DEBUG main            d.u.i.k.p.i.AbstractProblemLoader Init config took 2.91s 
164264     INFO  main            d.u.i.k.p.i.AbstractProblemLoader Replaying proof ListIterator[ListIterator::$list()].JML accessible clause.0 
164265     DEBUG main            d.u.i.k.p.i.IntermediateProofReplayer Proof replay took 5ns 
164367     INFO  main            d.u.i.k.p.r.p.TestFile    ... finished proof: closed. 
164602     INFO  main            d.u.i.k.p.i.AbstractProblemLoader Loading environment from /home/runner/work/key/key/key.core/../key.ui/examples/heap/list/ArrayList.ArrayListIterator_list.key.proof 
164602     DEBUG main            d.u.i.k.p.i.AbstractProblemLoader Environment load took 111.3ns 
164603     INFO  main            d.u.i.k.p.i.AbstractProblemLoader Creating init config 
165527     DEBUG main            d.u.i.k.j.r.ClassPreparationMethodBuilder clPrepBuilder: Inner Class detected. Reject building class initialisation methods. 
167485     DEBUG main            d.u.i.k.p.i.AbstractProblemLoader Init config took 2.88s 
167524     INFO  main            d.u.i.k.p.i.AbstractProblemLoader Replaying proof ListIterator[ListIterator::$list()].JML accessible clause.0 
167526     DEBUG main            d.u.i.k.p.i.IntermediateProofReplayer Proof replay took 913.29ns 
167527     DEBUG main            d.u.i.k.p.r.p.TestFile    ... success: reloaded. 
167527     INFO  main            d.u.i.k.p.r.p.TestFile    Now processing file /home/runner/work/key/key/key.core/../key.ui/examples/heap/list/ArrayList.ArrayListIterator_next_exceptional.key 
167527     INFO  main            d.u.i.k.p.i.AbstractProblemLoader Loading environment from /home/runner/work/key/key/key.core/../key.ui/examples/heap/list/ArrayList.ArrayListIterator_next_exceptional.key 
167528     DEBUG main            d.u.i.k.p.i.AbstractProblemLoader Environment load took 53.3ns 
167528     INFO  main            d.u.i.k.p.i.AbstractProblemLoader Creating init config 
168459     DEBUG main            d.u.i.k.j.r.ClassPreparationMethodBuilder clPrepBuilder: Inner Class detected. Reject building class initialisation methods. 
170410     DEBUG main            d.u.i.k.p.i.AbstractProblemLoader Init config took 2.88s 
170462     INFO  main            d.u.i.k.p.i.AbstractProblemLoader Replaying proof ArrayList.ArrayListIterator[ListIterator::next()].JML exceptional_behavior operation contract.0 
170464     DEBUG main            d.u.i.k.p.i.IntermediateProofReplayer Proof replay took 4.8ns 
171270     INFO  main            d.u.i.k.p.r.p.TestFile    ... finished proof: closed. 
171521     INFO  main            d.u.i.k.p.i.AbstractProblemLoader Loading environment from /home/runner/work/key/key/key.core/../key.ui/examples/heap/list/ArrayList.ArrayListIterator_next_exceptional.key.proof 
171521     DEBUG main            d.u.i.k.p.i.AbstractProblemLoader Environment load took 412.8ns 
171522     INFO  main            d.u.i.k.p.i.AbstractProblemLoader Creating init config 
172453     DEBUG main            d.u.i.k.j.r.ClassPreparationMethodBuilder clPrepBuilder: Inner Class detected. Reject building class initialisation methods. 
174394     DEBUG main            d.u.i.k.p.i.AbstractProblemLoader Init config took 2.87s 
174447     INFO  main            d.u.i.k.p.i.AbstractProblemLoader Replaying proof ArrayList.ArrayListIterator[ListIterator::next()].JML exceptional_behavior operation contract.0 
174585     DEBUG main            d.u.i.k.p.i.IntermediateProofReplayer Proof replay took 133.04ms 
174587     DEBUG main            d.u.i.k.p.r.p.TestFile    ... success: reloaded. 
174588     INFO  main            d.u.i.k.p.r.p.TestFile    Now processing file /home/runner/work/key/key/key.core/../key.ui/examples/heap/list/ArrayList.ArrayListIterator_next_normal.key 
174588     INFO  main            d.u.i.k.p.i.AbstractProblemLoader Loading environment from /home/runner/work/key/key/key.core/../key.ui/examples/heap/list/ArrayList.ArrayListIterator_next_normal.key 
174589     DEBUG main            d.u.i.k.p.i.AbstractProblemLoader Environment load took 193.5ns 
174589     INFO  main            d.u.i.k.p.i.AbstractProblemLoader Creating init config 
175556     DEBUG main            d.u.i.k.j.r.ClassPreparationMethodBuilder clPrepBuilder: Inner Class detected. Reject building class initialisation methods. 
177541     DEBUG main            d.u.i.k.p.i.AbstractProblemLoader Init config took 2.95s 
177593     INFO  main            d.u.i.k.p.i.AbstractProblemLoader Replaying proof ArrayList.ArrayListIterator[ListIterator::next()].JML normal_behavior operation contract.0 
177594     DEBUG main            d.u.i.k.p.i.IntermediateProofReplayer Proof replay took 5.2ns 
178498     INFO  main            d.u.i.k.p.r.p.TestFile    ... finished proof: closed. 
178748     INFO  main            d.u.i.k.p.i.AbstractProblemLoader Loading environment from /home/runner/work/key/key/key.core/../key.ui/examples/heap/list/ArrayList.ArrayListIterator_next_normal.key.proof 
178748     DEBUG main            d.u.i.k.p.i.AbstractProblemLoader Environment load took 100.4ns 
178749     INFO  main            d.u.i.k.p.i.AbstractProblemLoader Creating init config 
179672     DEBUG main            d.u.i.k.j.r.ClassPreparationMethodBuilder clPrepBuilder: Inner Class detected. Reject building class initialisation methods. 
181617     DEBUG main            d.u.i.k.p.i.AbstractProblemLoader Init config took 2.87s 
181671     INFO  main            d.u.i.k.p.i.AbstractProblemLoader Replaying proof ArrayList.ArrayListIterator[ListIterator::next()].JML normal_behavior operation contract.0 
181832     DEBUG main            d.u.i.k.p.i.IntermediateProofReplayer Proof replay took 156.78ms 
181833     DEBUG main            d.u.i.k.p.r.p.TestFile    ... success: reloaded. 
181833     INFO  main            d.u.i.k.p.r.p.TestFile    Now processing file /home/runner/work/key/key/key.core/../key.ui/examples/heap/list/ArrayList.ArrayListIterator_pos.key 
181834     INFO  main            d.u.i.k.p.i.AbstractProblemLoader Loading environment from /home/runner/work/key/key/key.core/../key.ui/examples/heap/list/ArrayList.ArrayListIterator_pos.key 
181834     DEBUG main            d.u.i.k.p.i.AbstractProblemLoader Environment load took 70.2ns 
181835     INFO  main            d.u.i.k.p.i.AbstractProblemLoader Creating init config 
182766     DEBUG main            d.u.i.k.j.r.ClassPreparationMethodBuilder clPrepBuilder: Inner Class detected. Reject building class initialisation methods. 
184757     DEBUG main            d.u.i.k.p.i.AbstractProblemLoader Init config took 2.92s 
184796     INFO  main            d.u.i.k.p.i.AbstractProblemLoader Replaying proof ListIterator[ListIterator::$pos()].JML accessible clause.0 
184797     DEBUG main            d.u.i.k.p.i.IntermediateProofReplayer Proof replay took 5.3ns 
184899     INFO  main            d.u.i.k.p.r.p.TestFile    ... finished proof: closed. 
185150     INFO  main            d.u.i.k.p.i.AbstractProblemLoader Loading environment from /home/runner/work/key/key/key.core/../key.ui/examples/heap/list/ArrayList.ArrayListIterator_pos.key.proof 
185150     DEBUG main            d.u.i.k.p.i.AbstractProblemLoader Environment load took 93.2ns 
185151     INFO  main            d.u.i.k.p.i.AbstractProblemLoader Creating init config 
186071     DEBUG main            d.u.i.k.j.r.ClassPreparationMethodBuilder clPrepBuilder: Inner Class detected. Reject building class initialisation methods. 
187994     DEBUG main            d.u.i.k.p.i.AbstractProblemLoader Init config took 2.84s 
188043     INFO  main            d.u.i.k.p.i.AbstractProblemLoader Replaying proof ListIterator[ListIterator::$pos()].JML accessible clause.0 
188045     DEBUG main            d.u.i.k.p.i.IntermediateProofReplayer Proof replay took 933.1ns 
188046     DEBUG main            d.u.i.k.p.r.p.TestFile    ... success: reloaded. 
188046     INFO  main            d.u.i.k.p.r.p.TestFile    Now processing file /home/runner/work/key/key/key.core/../key.ui/examples/heap/list/Client_m.key 
188047     INFO  main            d.u.i.k.p.i.AbstractProblemLoader Loading environment from /home/runner/work/key/key/key.core/../key.ui/examples/heap/list/Client_m.key 
188047     DEBUG main            d.u.i.k.p.i.AbstractProblemLoader Environment load took 94.4ns 
188048     INFO  main            d.u.i.k.p.i.AbstractProblemLoader Creating init config 
188977     DEBUG main            d.u.i.k.j.r.ClassPreparationMethodBuilder clPrepBuilder: Inner Class detected. Reject building class initialisation methods. 
190950     DEBUG main            d.u.i.k.p.i.AbstractProblemLoader Init config took 2.9s 
190990     INFO  main            d.u.i.k.p.i.AbstractProblemLoader Replaying proof Client[Client::m(List)].JML normal_behavior operation contract.0 
190991     DEBUG main            d.u.i.k.p.i.IntermediateProofReplayer Proof replay took 5.6ns 
191301     INFO  main            d.u.i.k.p.r.p.TestFile    ... finished proof: closed. 
191567     INFO  main            d.u.i.k.p.i.AbstractProblemLoader Loading environment from /home/runner/work/key/key/key.core/../key.ui/examples/heap/list/Client_m.key.proof 
191567     DEBUG main            d.u.i.k.p.i.AbstractProblemLoader Environment load took 117ns 
191568     INFO  main            d.u.i.k.p.i.AbstractProblemLoader Creating init config 
192492     DEBUG main            d.u.i.k.j.r.ClassPreparationMethodBuilder clPrepBuilder: Inner Class detected. Reject building class initialisation methods. 
194433     DEBUG main            d.u.i.k.p.i.AbstractProblemLoader Init config took 2.86s 
194476     INFO  main            d.u.i.k.p.i.AbstractProblemLoader Replaying proof Client[Client::m(List)].JML normal_behavior operation contract.0 
194531     DEBUG main            d.u.i.k.p.i.IntermediateProofReplayer Proof replay took 52.3ms 
194532     DEBUG main            d.u.i.k.p.r.p.TestFile    ... success: reloaded. 
194533     INFO  main            d.u.i.k.p.r.p.TestFile    Now processing file /home/runner/work/key/key/key.core/../key.ui/examples/heap/list/Client_n.key 
194533     INFO  main            d.u.i.k.p.i.AbstractProblemLoader Loading environment from /home/runner/work/key/key/key.core/../key.ui/examples/heap/list/Client_n.key 
194533     DEBUG main            d.u.i.k.p.i.AbstractProblemLoader Environment load took 74.3ns 
194534     INFO  main            d.u.i.k.p.i.AbstractProblemLoader Creating init config 
195464     DEBUG main            d.u.i.k.j.r.ClassPreparationMethodBuilder clPrepBuilder: Inner Class detected. Reject building class initialisation methods. 
197458     DEBUG main            d.u.i.k.p.i.AbstractProblemLoader Init config took 2.92s 
197498     INFO  main            d.u.i.k.p.i.AbstractProblemLoader Replaying proof Client[Client::n(List)].JML normal_behavior operation contract.0 
197499     DEBUG main            d.u.i.k.p.i.IntermediateProofReplayer Proof replay took 5.4ns 
197604     INFO  main            d.u.i.k.p.r.p.TestFile    ... finished proof: closed. 
197871     INFO  main            d.u.i.k.p.i.AbstractProblemLoader Loading environment from /home/runner/work/key/key/key.core/../key.ui/examples/heap/list/Client_n.key.proof 
197872     DEBUG main            d.u.i.k.p.i.AbstractProblemLoader Environment load took 92.2ns 
197872     INFO  main            d.u.i.k.p.i.AbstractProblemLoader Creating init config 
198799     DEBUG main            d.u.i.k.j.r.ClassPreparationMethodBuilder clPrepBuilder: Inner Class detected. Reject building class initialisation methods. 
200751     DEBUG main            d.u.i.k.p.i.AbstractProblemLoader Init config took 2.88s 
200790     INFO  main            d.u.i.k.p.i.AbstractProblemLoader Replaying proof Client[Client::n(List)].JML normal_behavior operation contract.0 
200808     DEBUG main            d.u.i.k.p.i.IntermediateProofReplayer Proof replay took 16.38ms 
200809     DEBUG main            d.u.i.k.p.r.p.TestFile    ... success: reloaded. 
200812     INFO  main            d.u.i.k.p.r.p.TestFile    Now processing file /home/runner/work/key/key/key.core/../key.ui/examples/heap/list/LinkedList_get_exceptional.key 
200812     INFO  main            d.u.i.k.p.i.AbstractProblemLoader Loading environment from /home/runner/work/key/key/key.core/../key.ui/examples/heap/list/LinkedList_get_exceptional.key 
200812     DEBUG main            d.u.i.k.p.i.AbstractProblemLoader Environment load took 88.6ns 
200813     INFO  main            d.u.i.k.p.i.AbstractProblemLoader Creating init config 
201758     DEBUG main            d.u.i.k.j.r.ClassPreparationMethodBuilder clPrepBuilder: Inner Class detected. Reject building class initialisation methods. 
203749     DEBUG main            d.u.i.k.p.i.AbstractProblemLoader Init config took 2.94s 
203795     INFO  main            d.u.i.k.p.i.AbstractProblemLoader Replaying proof LinkedList[List::get(int)].JML exceptional_behavior operation contract.0 
203796     DEBUG main            d.u.i.k.p.i.IntermediateProofReplayer Proof replay took 4.8ns 
205915     INFO  main            d.u.i.k.p.r.p.TestFile    ... finished proof: closed. 
206219     INFO  main            d.u.i.k.p.i.AbstractProblemLoader Loading environment from /home/runner/work/key/key/key.core/../key.ui/examples/heap/list/LinkedList_get_exceptional.key.proof 
206219     DEBUG main            d.u.i.k.p.i.AbstractProblemLoader Environment load took 125.5ns 
206220     INFO  main            d.u.i.k.p.i.AbstractProblemLoader Creating init config 
207138     DEBUG main            d.u.i.k.j.r.ClassPreparationMethodBuilder clPrepBuilder: Inner Class detected. Reject building class initialisation methods. 
209054     DEBUG main            d.u.i.k.p.i.AbstractProblemLoader Init config took 2.83s 
209110     INFO  main            d.u.i.k.p.i.AbstractProblemLoader Replaying proof LinkedList[List::get(int)].JML exceptional_behavior operation contract.0 
209391     DEBUG main            d.u.i.k.p.i.IntermediateProofReplayer Proof replay took 273.23ms 
209392     DEBUG main            d.u.i.k.p.r.p.TestFile    ... success: reloaded. 
209393     INFO  main            d.u.i.k.p.r.p.TestFile    Now processing file /home/runner/work/key/key/key.core/../key.ui/examples/heap/list/LinkedList_get_normal.key 
209393     INFO  main            d.u.i.k.p.i.AbstractProblemLoader Loading environment from /home/runner/work/key/key/key.core/../key.ui/examples/heap/list/LinkedList_get_normal.key 
209393     DEBUG main            d.u.i.k.p.i.AbstractProblemLoader Environment load took 68.7ns 
209394     INFO  main            d.u.i.k.p.i.AbstractProblemLoader Creating init config 
210331     DEBUG main            d.u.i.k.j.r.ClassPreparationMethodBuilder clPrepBuilder: Inner Class detected. Reject building class initialisation methods. 
212308     DEBUG main            d.u.i.k.p.i.AbstractProblemLoader Init config took 2.91s 
212354     INFO  main            d.u.i.k.p.i.AbstractProblemLoader Replaying proof LinkedList[List::get(int)].JML normal_behavior operation contract.0 
212355     DEBUG main            d.u.i.k.p.i.IntermediateProofReplayer Proof replay took 6.1ns 
217871     INFO  main            d.u.i.k.p.r.p.TestFile    ... finished proof: closed. 
218184     INFO  main            d.u.i.k.p.i.AbstractProblemLoader Loading environment from /home/runner/work/key/key/key.core/../key.ui/examples/heap/list/LinkedList_get_normal.key.proof 
218185     DEBUG main            d.u.i.k.p.i.AbstractProblemLoader Environment load took 386.9ns 
218187     INFO  main            d.u.i.k.p.i.AbstractProblemLoader Creating init config 
219111     DEBUG main            d.u.i.k.j.r.ClassPreparationMethodBuilder clPrepBuilder: Inner Class detected. Reject building class initialisation methods. 
221046     DEBUG main            d.u.i.k.p.i.AbstractProblemLoader Init config took 2.86s 
221091     INFO  main            d.u.i.k.p.i.AbstractProblemLoader Replaying proof LinkedList[List::get(int)].JML normal_behavior operation contract.0 
221493     DEBUG main            d.u.i.k.p.i.IntermediateProofReplayer Proof replay took 381.99ms 
221494     DEBUG main            d.u.i.k.p.r.p.TestFile    ... success: reloaded. 
221495     INFO  main            d.u.i.k.p.r.p.TestFile    Now processing file /home/runner/work/key/key/key.core/../key.ui/examples/heap/list/LinkedList_LinkedList.key 
221496     INFO  main            d.u.i.k.p.i.AbstractProblemLoader Loading environment from /home/runner/work/key/key/key.core/../key.ui/examples/heap/list/LinkedList_LinkedList.key 
221496     DEBUG main            d.u.i.k.p.i.AbstractProblemLoader Environment load took 55.6ns 
221496     INFO  main            d.u.i.k.p.i.AbstractProblemLoader Creating init config 
222434     DEBUG main            d.u.i.k.j.r.ClassPreparationMethodBuilder clPrepBuilder: Inner Class detected. Reject building class initialisation methods. 
224423     DEBUG main            d.u.i.k.p.i.AbstractProblemLoader Init config took 2.93s 
224468     INFO  main            d.u.i.k.p.i.AbstractProblemLoader Replaying proof LinkedList[LinkedList::LinkedList()].JML normal_behavior operation contract.0 
224469     DEBUG main            d.u.i.k.p.i.IntermediateProofReplayer Proof replay took 4.9ns 
224973     INFO  main            d.u.i.k.p.r.p.TestFile    ... finished proof: closed. 
225272     INFO  main            d.u.i.k.p.i.AbstractProblemLoader Loading environment from /home/runner/work/key/key/key.core/../key.ui/examples/heap/list/LinkedList_LinkedList.key.proof 
225272     DEBUG main            d.u.i.k.p.i.AbstractProblemLoader Environment load took 94.6ns 
225273     INFO  main            d.u.i.k.p.i.AbstractProblemLoader Creating init config 
226181     DEBUG main            d.u.i.k.j.r.ClassPreparationMethodBuilder clPrepBuilder: Inner Class detected. Reject building class initialisation methods. 
228101     DEBUG main            d.u.i.k.p.i.AbstractProblemLoader Init config took 2.83s 
228146     INFO  main            d.u.i.k.p.i.AbstractProblemLoader Replaying proof LinkedList[LinkedList::LinkedList()].JML normal_behavior operation contract.0 
228233     DEBUG main            d.u.i.k.p.i.IntermediateProofReplayer Proof replay took 84.18ms 
228234     DEBUG main            d.u.i.k.p.r.p.TestFile    ... success: reloaded. 
228235     INFO  main            d.u.i.k.p.r.p.TestFile    Now processing file /home/runner/work/key/key/key.core/../key.ui/examples/heap/list/LinkedList_size_dep.key 
228235     INFO  main            d.u.i.k.p.i.AbstractProblemLoader Loading environment from /home/runner/work/key/key/key.core/../key.ui/examples/heap/list/LinkedList_size_dep.key 
228235     DEBUG main            d.u.i.k.p.i.AbstractProblemLoader Environment load took 61.9ns 
228236     INFO  main            d.u.i.k.p.i.AbstractProblemLoader Creating init config 
229164     DEBUG main            d.u.i.k.j.r.ClassPreparationMethodBuilder clPrepBuilder: Inner Class detected. Reject building class initialisation methods. 
231125     DEBUG main            d.u.i.k.p.i.AbstractProblemLoader Init config took 2.89s 
231170     INFO  main            d.u.i.k.p.i.AbstractProblemLoader Replaying proof LinkedList[List::size()].JML accessible clause.0 
231171     DEBUG main            d.u.i.k.p.i.IntermediateProofReplayer Proof replay took 6.2ns 
231673     INFO  main            d.u.i.k.p.r.p.TestFile    ... finished proof: closed. 
231948     INFO  main            d.u.i.k.p.i.AbstractProblemLoader Loading environment from /home/runner/work/key/key/key.core/../key.ui/examples/heap/list/LinkedList_size_dep.key.proof 
231948     DEBUG main            d.u.i.k.p.i.AbstractProblemLoader Environment load took 89.5ns 
231949     INFO  main            d.u.i.k.p.i.AbstractProblemLoader Creating init config 
232868     DEBUG main            d.u.i.k.j.r.ClassPreparationMethodBuilder clPrepBuilder: Inner Class detected. Reject building class initialisation methods. 
234790     DEBUG main            d.u.i.k.p.i.AbstractProblemLoader Init config took 2.84s 
234834     INFO  main            d.u.i.k.p.i.AbstractProblemLoader Replaying proof LinkedList[List::size()].JML accessible clause.0 
234879     DEBUG main            d.u.i.k.p.i.IntermediateProofReplayer Proof replay took 42.42ms 
234880     DEBUG main            d.u.i.k.p.r.p.TestFile    ... success: reloaded. 
234881     INFO  main            d.u.i.k.p.r.p.TestFile    Now processing file /home/runner/work/key/key/key.core/../key.ui/examples/heap/list/LinkedList_size.key 
234881     INFO  main            d.u.i.k.p.i.AbstractProblemLoader Loading environment from /home/runner/work/key/key/key.core/../key.ui/examples/heap/list/LinkedList_size.key 
234881     DEBUG main            d.u.i.k.p.i.AbstractProblemLoader Environment load took 75.1ns 
234882     INFO  main            d.u.i.k.p.i.AbstractProblemLoader Creating init config 
235819     DEBUG main            d.u.i.k.j.r.ClassPreparationMethodBuilder clPrepBuilder: Inner Class detected. Reject building class initialisation methods. 
237812     DEBUG main            d.u.i.k.p.i.AbstractProblemLoader Init config took 2.93s 
237857     INFO  main            d.u.i.k.p.i.AbstractProblemLoader Replaying proof LinkedList[List::size()].JML normal_behavior operation contract.0 
237858     DEBUG main            d.u.i.k.p.i.IntermediateProofReplayer Proof replay took 5ns 
238360     INFO  main            d.u.i.k.p.r.p.TestFile    ... finished proof: closed. 
238637     INFO  main            d.u.i.k.p.i.AbstractProblemLoader Loading environment from /home/runner/work/key/key/key.core/../key.ui/examples/heap/list/LinkedList_size.key.proof 
238637     DEBUG main            d.u.i.k.p.i.AbstractProblemLoader Environment load took 124.1ns 
238638     INFO  main            d.u.i.k.p.i.AbstractProblemLoader Creating init config 
239559     DEBUG main            d.u.i.k.j.r.ClassPreparationMethodBuilder clPrepBuilder: Inner Class detected. Reject building class initialisation methods. 
241478     DEBUG main            d.u.i.k.p.i.AbstractProblemLoader Init config took 2.84s 
241523     INFO  main            d.u.i.k.p.i.AbstractProblemLoader Replaying proof LinkedList[List::size()].JML normal_behavior operation contract.0 
241563     DEBUG main            d.u.i.k.p.i.IntermediateProofReplayer Proof replay took 38.03ms 
241564     DEBUG main            d.u.i.k.p.r.p.TestFile    ... success: reloaded. 
241565     INFO  main            d.u.i.k.p.r.p.TestFile    Now processing file /home/runner/work/key/key/key.core/../key.ui/examples/heap/list/MySet_footprint.key 
241565     INFO  main            d.u.i.k.p.i.AbstractProblemLoader Loading environment from /home/runner/work/key/key/key.core/../key.ui/examples/heap/list/MySet_footprint.key 
241565     DEBUG main            d.u.i.k.p.i.AbstractProblemLoader Environment load took 102.4ns 
241566     INFO  main            d.u.i.k.p.i.AbstractProblemLoader Creating init config 
242511     DEBUG main            d.u.i.k.j.r.ClassPreparationMethodBuilder clPrepBuilder: Inner Class detected. Reject building class initialisation methods. 
244522     DEBUG main            d.u.i.k.p.i.AbstractProblemLoader Init config took 2.96s 
244590     INFO  main            d.u.i.k.p.i.AbstractProblemLoader Replaying proof MySet[MySet::$footprint()].JML accessible clause.0 
244591     DEBUG main            d.u.i.k.p.i.IntermediateProofReplayer Proof replay took 5.5ns 
244893     INFO  main            d.u.i.k.p.r.p.TestFile    ... finished proof: closed. 
245223     INFO  main            d.u.i.k.p.i.AbstractProblemLoader Loading environment from /home/runner/work/key/key/key.core/../key.ui/examples/heap/list/MySet_footprint.key.proof 
245223     DEBUG main            d.u.i.k.p.i.AbstractProblemLoader Environment load took 89.2ns 
245225     INFO  main            d.u.i.k.p.i.AbstractProblemLoader Creating init config 
246143     DEBUG main            d.u.i.k.j.r.ClassPreparationMethodBuilder clPrepBuilder: Inner Class detected. Reject building class initialisation methods. 
248064     DEBUG main            d.u.i.k.p.i.AbstractProblemLoader Init config took 2.84s 
248116     INFO  main            d.u.i.k.p.i.AbstractProblemLoader Replaying proof MySet[MySet::$footprint()].JML accessible clause.0 
248158     DEBUG main            d.u.i.k.p.i.IntermediateProofReplayer Proof replay took 39.65ms 
248158     DEBUG main            d.u.i.k.p.r.p.TestFile    ... success: reloaded. 
248162     INFO  main            d.u.i.k.p.r.p.TestFile    Now processing file /home/runner/work/key/key/key.core/../key.ui/examples/heap/list/MySet_MySet.key 
248162     INFO  main            d.u.i.k.p.i.AbstractProblemLoader Loading environment from /home/runner/work/key/key/key.core/../key.ui/examples/heap/list/MySet_MySet.key 
248162     DEBUG main            d.u.i.k.p.i.AbstractProblemLoader Environment load took 197.8ns 
248165     INFO  main            d.u.i.k.p.i.AbstractProblemLoader Creating init config 
249099     DEBUG main            d.u.i.k.j.r.ClassPreparationMethodBuilder clPrepBuilder: Inner Class detected. Reject building class initialisation methods. 
251065     DEBUG main            d.u.i.k.p.i.AbstractProblemLoader Init config took 2.9s 
251113     INFO  main            d.u.i.k.p.i.AbstractProblemLoader Replaying proof MySet[MySet::MySet()].JML normal_behavior operation contract.0 
251114     DEBUG main            d.u.i.k.p.i.IntermediateProofReplayer Proof replay took 5.6ns 
253523     INFO  main            d.u.i.k.p.r.p.TestFile    ... finished proof: closed. 
253836     INFO  main            d.u.i.k.p.i.AbstractProblemLoader Loading environment from /home/runner/work/key/key/key.core/../key.ui/examples/heap/list/MySet_MySet.key.proof 
253836     DEBUG main            d.u.i.k.p.i.AbstractProblemLoader Environment load took 157.1ns 
253837     INFO  main            d.u.i.k.p.i.AbstractProblemLoader Creating init config 
254756     DEBUG main            d.u.i.k.j.r.ClassPreparationMethodBuilder clPrepBuilder: Inner Class detected. Reject building class initialisation methods. 
256680     DEBUG main            d.u.i.k.p.i.AbstractProblemLoader Init config took 2.84s 
256728     INFO  main            d.u.i.k.p.i.AbstractProblemLoader Replaying proof MySet[MySet::MySet()].JML normal_behavior operation contract.0 
257047     DEBUG main            d.u.i.k.p.i.IntermediateProofReplayer Proof replay took 308.25ms 
257049     DEBUG main            d.u.i.k.p.r.p.TestFile    ... success: reloaded. 
1079529    INFO  Test worker     d.u.i.k.p.r.RunAllProofsTestUnit Returning from test list 
1079530    INFO  Test worker     d.u.i.k.p.r.RunAllProofsTestUnit Running test list_ghost 
351        INFO  Timeout watchdog d.u.i.k.p.r.p.ForkedTestFileRunner Timeout watcher launched (2000 secs.) 
360        WARN  main            d.u.i.k.s.ProofSettings   The settings in /home/runner/.key/proof-settings.props are *not* read. 
385        INFO  main            d.u.i.k.p.r.p.TestFile    Now processing file /home/runner/work/key/key/key.core/../key.ui/examples/heap/list_ghost/ArrayList_add.key 
482        INFO  main            d.u.i.k.p.i.AbstractProblemLoader Loading environment from /home/runner/work/key/key/key.core/../key.ui/examples/heap/list_ghost/ArrayList_add.key 
504        DEBUG main            d.u.i.k.p.i.AbstractProblemLoader Environment load took 1.93ms 
715        INFO  main            d.u.i.k.p.i.AbstractProblemLoader Creating init config 
1559       DEBUG main            d.u.i.k.j.TypeConverter   No LDT found for Meta 
1560       DEBUG main            d.u.i.k.j.TypeConverter   No LDT found for Meta 
1561       DEBUG main            d.u.i.k.j.TypeConverter   No LDT found for Meta 
1562       DEBUG main            d.u.i.k.j.TypeConverter   No LDT found for Meta 
2739       DEBUG main            d.u.i.k.j.TypeConverter   No LDT found for JavaBigintExpression 
7678       DEBUG main            d.u.i.k.p.i.AbstractProblemLoader Init config took 6.96s 
7865       INFO  main            d.u.i.k.p.i.AbstractProblemLoader Replaying proof ArrayList[List::add(java.lang.Object)].JML normal_behavior operation contract.0 
7897       DEBUG main            d.u.i.k.p.i.IntermediateProofReplayer Proof replay took 32.4ns 
13076      INFO  main            d.u.i.k.p.r.p.TestFile    ... finished proof: closed. 
13250      INFO  main            d.u.i.k.p.i.AbstractProblemLoader Loading environment from /home/runner/work/key/key/key.core/../key.ui/examples/heap/list_ghost/ArrayList_add.key.proof 
13251      DEBUG main            d.u.i.k.p.i.AbstractProblemLoader Environment load took 739.2ns 
13255      INFO  main            d.u.i.k.p.i.AbstractProblemLoader Creating init config 
16089      DEBUG main            d.u.i.k.p.i.AbstractProblemLoader Init config took 2.83s 
16155      INFO  main            d.u.i.k.p.i.AbstractProblemLoader Replaying proof ArrayList[List::add(java.lang.Object)].JML normal_behavior operation contract.0 
16862      DEBUG main            d.u.i.k.p.i.IntermediateProofReplayer Proof replay took 682.29ms 
16877      DEBUG main            d.u.i.k.p.r.p.TestFile    ... success: reloaded. 
16881      INFO  main            d.u.i.k.p.r.p.TestFile    Now processing file /home/runner/work/key/key/key.core/../key.ui/examples/heap/list_ghost/ArrayList_ArrayList.key 
16882      INFO  main            d.u.i.k.p.i.AbstractProblemLoader Loading environment from /home/runner/work/key/key/key.core/../key.ui/examples/heap/list_ghost/ArrayList_ArrayList.key 
16882      DEBUG main            d.u.i.k.p.i.AbstractProblemLoader Environment load took 110.8ns 
16885      INFO  main            d.u.i.k.p.i.AbstractProblemLoader Creating init config 
19752      DEBUG main            d.u.i.k.p.i.AbstractProblemLoader Init config took 2.87s 
19810      INFO  main            d.u.i.k.p.i.AbstractProblemLoader Replaying proof ArrayList[ArrayList::ArrayList()].JML normal_behavior operation contract.0 
19812      DEBUG main            d.u.i.k.p.i.IntermediateProofReplayer Proof replay took 5.6ns 
20917      INFO  main            d.u.i.k.p.r.p.TestFile    ... finished proof: closed. 
21055      INFO  main            d.u.i.k.p.i.AbstractProblemLoader Loading environment from /home/runner/work/key/key/key.core/../key.ui/examples/heap/list_ghost/ArrayList_ArrayList.key.proof 
21056      DEBUG main            d.u.i.k.p.i.AbstractProblemLoader Environment load took 125.6ns 
21058      INFO  main            d.u.i.k.p.i.AbstractProblemLoader Creating init config 
23717      DEBUG main            d.u.i.k.p.i.AbstractProblemLoader Init config took 2.66s 
23785      INFO  main            d.u.i.k.p.i.AbstractProblemLoader Replaying proof ArrayList[ArrayList::ArrayList()].JML normal_behavior operation contract.0 
23957      DEBUG main            d.u.i.k.p.i.IntermediateProofReplayer Proof replay took 161.74ms 
23960      DEBUG main            d.u.i.k.p.r.p.TestFile    ... success: reloaded. 
23961      INFO  main            d.u.i.k.p.r.p.TestFile    Now processing file /home/runner/work/key/key/key.core/../key.ui/examples/heap/list_ghost/ArrayList_enlarge.key 
23962      INFO  main            d.u.i.k.p.i.AbstractProblemLoader Loading environment from /home/runner/work/key/key/key.core/../key.ui/examples/heap/list_ghost/ArrayList_enlarge.key 
23962      DEBUG main            d.u.i.k.p.i.AbstractProblemLoader Environment load took 111.7ns 
23963      INFO  main            d.u.i.k.p.i.AbstractProblemLoader Creating init config 
26653      DEBUG main            d.u.i.k.p.i.AbstractProblemLoader Init config took 2.69s 
26698      INFO  main            d.u.i.k.p.i.AbstractProblemLoader Replaying proof ArrayList[ArrayList::enlarge()].JML normal_behavior operation contract.0 
26700      DEBUG main            d.u.i.k.p.i.IntermediateProofReplayer Proof replay took 4.7ns 
28709      INFO  main            d.u.i.k.p.r.p.TestFile    ... finished proof: closed. 
28860      INFO  main            d.u.i.k.p.i.AbstractProblemLoader Loading environment from /home/runner/work/key/key/key.core/../key.ui/examples/heap/list_ghost/ArrayList_enlarge.key.proof 
28861      DEBUG main            d.u.i.k.p.i.AbstractProblemLoader Environment load took 1.19ms 
28863      INFO  main            d.u.i.k.p.i.AbstractProblemLoader Creating init config 
31451      DEBUG main            d.u.i.k.p.i.AbstractProblemLoader Init config took 2.59s 
31496      INFO  main            d.u.i.k.p.i.AbstractProblemLoader Replaying proof ArrayList[ArrayList::enlarge()].JML normal_behavior operation contract.0 
31898      DEBUG main            d.u.i.k.p.i.IntermediateProofReplayer Proof replay took 390.25ms 
31900      DEBUG main            d.u.i.k.p.r.p.TestFile    ... success: reloaded. 
31902      INFO  main            d.u.i.k.p.r.p.TestFile    Now processing file /home/runner/work/key/key/key.core/../key.ui/examples/heap/list_ghost/ArrayList_get_dep.key 
31902      INFO  main            d.u.i.k.p.i.AbstractProblemLoader Loading environment from /home/runner/work/key/key/key.core/../key.ui/examples/heap/list_ghost/ArrayList_get_dep.key 
31902      DEBUG main            d.u.i.k.p.i.AbstractProblemLoader Environment load took 206.8ns 
31903      INFO  main            d.u.i.k.p.i.AbstractProblemLoader Creating init config 
34508      DEBUG main            d.u.i.k.p.i.AbstractProblemLoader Init config took 2.6s 
34556      INFO  main            d.u.i.k.p.i.AbstractProblemLoader Replaying proof ArrayList[List::get(int)].JML accessible clause.0 
34558      DEBUG main            d.u.i.k.p.i.IntermediateProofReplayer Proof replay took 4.6ns 
34962      INFO  main            d.u.i.k.p.r.p.TestFile    ... finished proof: closed. 
35093      INFO  main            d.u.i.k.p.i.AbstractProblemLoader Loading environment from /home/runner/work/key/key/key.core/../key.ui/examples/heap/list_ghost/ArrayList_get_dep.key.proof 
35093      DEBUG main            d.u.i.k.p.i.AbstractProblemLoader Environment load took 110.3ns 
35094      INFO  main            d.u.i.k.p.i.AbstractProblemLoader Creating init config 
37678      DEBUG main            d.u.i.k.p.i.AbstractProblemLoader Init config took 2.58s 
37721      INFO  main            d.u.i.k.p.i.AbstractProblemLoader Replaying proof ArrayList[List::get(int)].JML accessible clause.0 
37781      DEBUG main            d.u.i.k.p.i.IntermediateProofReplayer Proof replay took 56.2ms 
37782      DEBUG main            d.u.i.k.p.r.p.TestFile    ... success: reloaded. 
37783      INFO  main            d.u.i.k.p.r.p.TestFile    Now processing file /home/runner/work/key/key/key.core/../key.ui/examples/heap/list_ghost/ArrayList_get_exceptional.key 
37783      INFO  main            d.u.i.k.p.i.AbstractProblemLoader Loading environment from /home/runner/work/key/key/key.core/../key.ui/examples/heap/list_ghost/ArrayList_get_exceptional.key 
37783      DEBUG main            d.u.i.k.p.i.AbstractProblemLoader Environment load took 132ns 
37784      INFO  main            d.u.i.k.p.i.AbstractProblemLoader Creating init config 
40387      DEBUG main            d.u.i.k.p.i.AbstractProblemLoader Init config took 2.6s 
40441      INFO  main            d.u.i.k.p.i.AbstractProblemLoader Replaying proof ArrayList[List::get(int)].JML exceptional_behavior operation contract.0 
40443      DEBUG main            d.u.i.k.p.i.IntermediateProofReplayer Proof replay took 5ns 
41147      INFO  main            d.u.i.k.p.r.p.TestFile    ... finished proof: closed. 
41328      INFO  main            d.u.i.k.p.i.AbstractProblemLoader Loading environment from /home/runner/work/key/key/key.core/../key.ui/examples/heap/list_ghost/ArrayList_get_exceptional.key.proof 
41328      DEBUG main            d.u.i.k.p.i.AbstractProblemLoader Environment load took 546.4ns 
41329      INFO  main            d.u.i.k.p.i.AbstractProblemLoader Creating init config 
43873      DEBUG main            d.u.i.k.p.i.AbstractProblemLoader Init config took 2.54s 
43915      INFO  main            d.u.i.k.p.i.AbstractProblemLoader Replaying proof ArrayList[List::get(int)].JML exceptional_behavior operation contract.0 
44055      DEBUG main            d.u.i.k.p.i.IntermediateProofReplayer Proof replay took 132.95ms 
44056      DEBUG main            d.u.i.k.p.r.p.TestFile    ... success: reloaded. 
44057      INFO  main            d.u.i.k.p.r.p.TestFile    Now processing file /home/runner/work/key/key/key.core/../key.ui/examples/heap/list_ghost/ArrayList_get_normal.key 
44057      INFO  main            d.u.i.k.p.i.AbstractProblemLoader Loading environment from /home/runner/work/key/key/key.core/../key.ui/examples/heap/list_ghost/ArrayList_get_normal.key 
44058      DEBUG main            d.u.i.k.p.i.AbstractProblemLoader Environment load took 266.2ns 
44059      INFO  main            d.u.i.k.p.i.AbstractProblemLoader Creating init config 
46689      DEBUG main            d.u.i.k.p.i.AbstractProblemLoader Init config took 2.63s 
46732      INFO  main            d.u.i.k.p.i.AbstractProblemLoader Replaying proof ArrayList[List::get(int)].JML normal_behavior operation contract.0 
46733      DEBUG main            d.u.i.k.p.i.IntermediateProofReplayer Proof replay took 5ns 
46935      INFO  main            d.u.i.k.p.r.p.TestFile    ... finished proof: closed. 
47088      INFO  main            d.u.i.k.p.i.AbstractProblemLoader Loading environment from /home/runner/work/key/key/key.core/../key.ui/examples/heap/list_ghost/ArrayList_get_normal.key.proof 
47088      DEBUG main            d.u.i.k.p.i.AbstractProblemLoader Environment load took 105.3ns 
47089      INFO  main            d.u.i.k.p.i.AbstractProblemLoader Creating init config 
49608      DEBUG main            d.u.i.k.p.i.AbstractProblemLoader Init config took 2.52s 
49651      INFO  main            d.u.i.k.p.i.AbstractProblemLoader Replaying proof ArrayList[List::get(int)].JML normal_behavior operation contract.0 
49702      DEBUG main            d.u.i.k.p.i.IntermediateProofReplayer Proof replay took 46.17ms 
49703      DEBUG main            d.u.i.k.p.r.p.TestFile    ... success: reloaded. 
49705      INFO  main            d.u.i.k.p.r.p.TestFile    Now processing file /home/runner/work/key/key/key.core/../key.ui/examples/heap/list_ghost/ArrayList_inv.key 
49705      INFO  main            d.u.i.k.p.i.AbstractProblemLoader Loading environment from /home/runner/work/key/key/key.core/../key.ui/examples/heap/list_ghost/ArrayList_inv.key 
49705      DEBUG main            d.u.i.k.p.i.AbstractProblemLoader Environment load took 195.4ns 
49706      INFO  main            d.u.i.k.p.i.AbstractProblemLoader Creating init config 
52274      DEBUG main            d.u.i.k.p.i.AbstractProblemLoader Init config took 2.57s 
52316      INFO  main            d.u.i.k.p.i.AbstractProblemLoader Replaying proof ArrayList[java.lang.Object::<inv>()].JML accessible clause.0 
52317      DEBUG main            d.u.i.k.p.i.IntermediateProofReplayer Proof replay took 4.7ns 
52419      INFO  main            d.u.i.k.p.r.p.TestFile    ... finished proof: closed. 
52574      INFO  main            d.u.i.k.p.i.AbstractProblemLoader Loading environment from /home/runner/work/key/key/key.core/../key.ui/examples/heap/list_ghost/ArrayList_inv.key.proof 
52575      DEBUG main            d.u.i.k.p.i.AbstractProblemLoader Environment load took 108ns 
52575      INFO  main            d.u.i.k.p.i.AbstractProblemLoader Creating init config 
55086      DEBUG main            d.u.i.k.p.i.AbstractProblemLoader Init config took 2.51s 
55125      INFO  main            d.u.i.k.p.i.AbstractProblemLoader Replaying proof ArrayList[java.lang.Object::<inv>()].JML accessible clause.0 
55136      DEBUG main            d.u.i.k.p.i.IntermediateProofReplayer Proof replay took 8.52ms 
55137      DEBUG main            d.u.i.k.p.r.p.TestFile    ... success: reloaded. 
55138      INFO  main            d.u.i.k.p.r.p.TestFile    Now processing file /home/runner/work/key/key/key.core/../key.ui/examples/heap/list_ghost/ArrayList_size_dep.key 
55138      INFO  main            d.u.i.k.p.i.AbstractProblemLoader Loading environment from /home/runner/work/key/key/key.core/../key.ui/examples/heap/list_ghost/ArrayList_size_dep.key 
55138      DEBUG main            d.u.i.k.p.i.AbstractProblemLoader Environment load took 218.8ns 
55139      INFO  main            d.u.i.k.p.i.AbstractProblemLoader Creating init config 
57720      DEBUG main            d.u.i.k.p.i.AbstractProblemLoader Init config took 2.58s 
57760      INFO  main            d.u.i.k.p.i.AbstractProblemLoader Replaying proof ArrayList[List::size()].JML accessible clause.0 
57761      DEBUG main            d.u.i.k.p.i.IntermediateProofReplayer Proof replay took 5.2ns 
57864      INFO  main            d.u.i.k.p.r.p.TestFile    ... finished proof: closed. 
58030      INFO  main            d.u.i.k.p.i.AbstractProblemLoader Loading environment from /home/runner/work/key/key/key.core/../key.ui/examples/heap/list_ghost/ArrayList_size_dep.key.proof 
58031      DEBUG main            d.u.i.k.p.i.AbstractProblemLoader Environment load took 107.6ns 
58031      INFO  main            d.u.i.k.p.i.AbstractProblemLoader Creating init config 
60544      DEBUG main            d.u.i.k.p.i.AbstractProblemLoader Init config took 2.51s 
60582      INFO  main            d.u.i.k.p.i.AbstractProblemLoader Replaying proof ArrayList[List::size()].JML accessible clause.0 
60594      DEBUG main            d.u.i.k.p.i.IntermediateProofReplayer Proof replay took 10.74ms 
60595      DEBUG main            d.u.i.k.p.r.p.TestFile    ... success: reloaded. 
60596      INFO  main            d.u.i.k.p.r.p.TestFile    Now processing file /home/runner/work/key/key/key.core/../key.ui/examples/heap/list_ghost/ArrayList_size.key 
60596      INFO  main            d.u.i.k.p.i.AbstractProblemLoader Loading environment from /home/runner/work/key/key/key.core/../key.ui/examples/heap/list_ghost/ArrayList_size.key 
60597      DEBUG main            d.u.i.k.p.i.AbstractProblemLoader Environment load took 206.2ns 
60598      INFO  main            d.u.i.k.p.i.AbstractProblemLoader Creating init config 
63136      DEBUG main            d.u.i.k.p.i.AbstractProblemLoader Init config took 2.54s 
63172      INFO  main            d.u.i.k.p.i.AbstractProblemLoader Replaying proof ArrayList[List::size()].JML normal_behavior operation contract.0 
63173      DEBUG main            d.u.i.k.p.i.IntermediateProofReplayer Proof replay took 5.7ns 
63275      INFO  main            d.u.i.k.p.r.p.TestFile    ... finished proof: closed. 
63435      INFO  main            d.u.i.k.p.i.AbstractProblemLoader Loading environment from /home/runner/work/key/key/key.core/../key.ui/examples/heap/list_ghost/ArrayList_size.key.proof 
63435      DEBUG main            d.u.i.k.p.i.AbstractProblemLoader Environment load took 106.8ns 
63436      INFO  main            d.u.i.k.p.i.AbstractProblemLoader Creating init config 
65926      DEBUG main            d.u.i.k.p.i.AbstractProblemLoader Init config took 2.49s 
65975      INFO  main            d.u.i.k.p.i.AbstractProblemLoader Replaying proof ArrayList[List::size()].JML normal_behavior operation contract.0 
65990      DEBUG main            d.u.i.k.p.i.IntermediateProofReplayer Proof replay took 12.9ms 
65990      DEBUG main            d.u.i.k.p.r.p.TestFile    ... success: reloaded. 
1145686    INFO  Test worker     d.u.i.k.p.r.RunAllProofsTestUnit Returning from test list_ghost 
1145687    INFO  Test worker     d.u.i.k.p.r.RunAllProofsTestUnit Running test list_recursive 
343        INFO  Timeout watchdog d.u.i.k.p.r.p.ForkedTestFileRunner Timeout watcher launched (2000 secs.) 
348        WARN  main            d.u.i.k.s.ProofSettings   The settings in /home/runner/.key/proof-settings.props are *not* read. 
373        INFO  main            d.u.i.k.p.r.p.TestFile    Now processing file /home/runner/work/key/key/key.core/../key.ui/examples/heap/list_recursiveSpec/ListOperationsNonNull_getNextNN_normal_behavior.key 
488        INFO  main            d.u.i.k.p.i.AbstractProblemLoader Loading environment from /home/runner/work/key/key/key.core/../key.ui/examples/heap/list_recursiveSpec/ListOperationsNonNull_getNextNN_normal_behavior.key 
504        DEBUG main            d.u.i.k.p.i.AbstractProblemLoader Environment load took 2.13ms 
709        INFO  main            d.u.i.k.p.i.AbstractProblemLoader Creating init config 
1604       DEBUG main            d.u.i.k.j.TypeConverter   No LDT found for Meta 
1604       DEBUG main            d.u.i.k.j.TypeConverter   No LDT found for Meta 
1606       DEBUG main            d.u.i.k.j.TypeConverter   No LDT found for Meta 
1606       DEBUG main            d.u.i.k.j.TypeConverter   No LDT found for Meta 
2774       DEBUG main            d.u.i.k.j.TypeConverter   No LDT found for JavaBigintExpression 
7784       DEBUG main            d.u.i.k.p.i.AbstractProblemLoader Init config took 7.07s 
7908       INFO  main            d.u.i.k.p.i.AbstractProblemLoader Replaying proof ListOperationsNonNull[ListOperationsNonNull::getNextNN(ListNN,int)].JML normal_behavior operation contract.0 
7938       DEBUG main            d.u.i.k.p.i.IntermediateProofReplayer Proof replay took 26.5ns 
9334       INFO  main            d.u.i.k.p.r.p.TestFile    ... finished proof: closed. 
9464       INFO  main            d.u.i.k.p.i.AbstractProblemLoader Loading environment from /home/runner/work/key/key/key.core/../key.ui/examples/heap/list_recursiveSpec/ListOperationsNonNull_getNextNN_normal_behavior.key.proof 
9467       DEBUG main            d.u.i.k.p.i.AbstractProblemLoader Environment load took 2.66ms 
9469       INFO  main            d.u.i.k.p.i.AbstractProblemLoader Creating init config 
12321      DEBUG main            d.u.i.k.p.i.AbstractProblemLoader Init config took 2.85s 
12419      INFO  main            d.u.i.k.p.i.AbstractProblemLoader Replaying proof ListOperationsNonNull[ListOperationsNonNull::getNextNN(ListNN,int)].JML normal_behavior operation contract.0 
12639      DEBUG main            d.u.i.k.p.i.IntermediateProofReplayer Proof replay took 203.09ms 
12648      DEBUG main            d.u.i.k.p.r.p.TestFile    ... success: reloaded. 
12651      INFO  main            d.u.i.k.p.r.p.TestFile    Now processing file /home/runner/work/key/key/key.core/../key.ui/examples/heap/list_recursiveSpec/ListOperationsNonNull_setValueAt_normal_behavior.key 
12651      INFO  main            d.u.i.k.p.i.AbstractProblemLoader Loading environment from /home/runner/work/key/key/key.core/../key.ui/examples/heap/list_recursiveSpec/ListOperationsNonNull_setValueAt_normal_behavior.key 
12652      DEBUG main            d.u.i.k.p.i.AbstractProblemLoader Environment load took 222.3ns 
12655      INFO  main            d.u.i.k.p.i.AbstractProblemLoader Creating init config 
15489      DEBUG main            d.u.i.k.p.i.AbstractProblemLoader Init config took 2.83s 
15548      INFO  main            d.u.i.k.p.i.AbstractProblemLoader Replaying proof ListOperationsNonNull[ListOperationsNonNull::setValueAt_NN(ListNN,int,int)].JML normal_behavior operation contract.0 
15551      DEBUG main            d.u.i.k.p.i.IntermediateProofReplayer Proof replay took 5.2ns 
15575      DEBUG main            d.u.i.k.m.s.ProofScriptEngine 1: 'macro autopilot' 
17879      DEBUG main            d.u.i.k.m.s.ProofScriptEngine 2: 'macro simp-upd' 
17887      DEBUG main            d.u.i.k.m.s.ProofScriptEngine 3: 'rule observerDependencyEQ' 
17907      DEBUG main            d.u.i.k.m.s.ProofScriptEngine 4: 'tryclose' 
17931      INFO  main            d.u.i.k.p.r.p.TestFile    ... finished proof: closed. 
18079      INFO  main            d.u.i.k.p.i.AbstractProblemLoader Loading environment from /home/runner/work/key/key/key.core/../key.ui/examples/heap/list_recursiveSpec/ListOperationsNonNull_setValueAt_normal_behavior.key.proof 
18081      DEBUG main            d.u.i.k.p.i.AbstractProblemLoader Environment load took 2.12ms 
18082      INFO  main            d.u.i.k.p.i.AbstractProblemLoader Creating init config 
20815      DEBUG main            d.u.i.k.p.i.AbstractProblemLoader Init config took 2.73s 
20885      INFO  main            d.u.i.k.p.i.AbstractProblemLoader Replaying proof ListOperationsNonNull[ListOperationsNonNull::setValueAt_NN(ListNN,int,int)].JML normal_behavior operation contract.0 
21015      DEBUG main            d.u.i.k.p.i.IntermediateProofReplayer Proof replay took 122.39ms 
21016      DEBUG main            d.u.i.k.p.r.p.TestFile    ... success: reloaded. 
1166878    INFO  Test worker     d.u.i.k.p.r.RunAllProofsTestUnit Returning from test list_recursive 
1166879    INFO  Test worker     d.u.i.k.p.r.RunAllProofsTestUnit Running test list_seq 
395        INFO  Timeout watchdog d.u.i.k.p.r.p.ForkedTestFileRunner Timeout watcher launched (2000 secs.) 
421        WARN  main            d.u.i.k.s.ProofSettings   The settings in /home/runner/.key/proof-settings.props are *not* read. 
464        INFO  main            d.u.i.k.p.r.p.TestFile    Now processing file /home/runner/work/key/key/key.core/../key.ui/examples/heap/list_seq/SimplifiedLinkedList.remove.key 
568        INFO  main            d.u.i.k.p.i.AbstractProblemLoader Loading environment from /home/runner/work/key/key/key.core/../key.ui/examples/heap/list_seq/SimplifiedLinkedList.remove.key 
587        DEBUG main            d.u.i.k.p.i.AbstractProblemLoader Environment load took 2.03ms 
788        INFO  main            d.u.i.k.p.i.AbstractProblemLoader Creating init config 
1731       DEBUG main            d.u.i.k.j.TypeConverter   No LDT found for Meta 
1731       DEBUG main            d.u.i.k.j.TypeConverter   No LDT found for Meta 
1734       DEBUG main            d.u.i.k.j.TypeConverter   No LDT found for Meta 
1734       DEBUG main            d.u.i.k.j.TypeConverter   No LDT found for Meta 
3015       DEBUG main            d.u.i.k.j.TypeConverter   No LDT found for JavaBigintExpression 
8300       DEBUG main            d.u.i.k.p.i.AbstractProblemLoader Init config took 7.51s 
8474       INFO  main            d.u.i.k.p.i.AbstractProblemLoader Replaying proof SimplifiedLinkedList[SimplifiedLinkedList::remove(int)].JML normal_behavior operation contract.0 
8541       DEBUG main            d.u.i.k.p.i.IntermediateProofReplayer Proof replay took 33.6ns 
88150      INFO  main            d.u.i.k.p.r.p.TestFile    ... finished proof: closed. 
88555      INFO  main            d.u.i.k.p.i.AbstractProblemLoader Loading environment from /home/runner/work/key/key/key.core/../key.ui/examples/heap/list_seq/SimplifiedLinkedList.remove.key.proof 
88556      DEBUG main            d.u.i.k.p.i.AbstractProblemLoader Environment load took 1.05ms 
88574      INFO  main            d.u.i.k.p.i.AbstractProblemLoader Creating init config 
91478      DEBUG main            d.u.i.k.p.i.AbstractProblemLoader Init config took 2.9s 
91608      INFO  main            d.u.i.k.p.i.AbstractProblemLoader Replaying proof SimplifiedLinkedList[SimplifiedLinkedList::remove(int)].JML normal_behavior operation contract.0 
95608      DEBUG main            d.u.i.k.p.i.IntermediateProofReplayer Proof replay took 3.72s 
95625      DEBUG main            d.u.i.k.p.r.p.TestFile    ... success: reloaded. 
95631      INFO  main            d.u.i.k.p.r.p.TestFile    Now processing file /home/runner/work/key/key/key.core/../key.ui/examples/heap/list_seq/ArrayList.ArrayList.key 
95633      INFO  main            d.u.i.k.p.i.AbstractProblemLoader Loading environment from /home/runner/work/key/key/key.core/../key.ui/examples/heap/list_seq/ArrayList.ArrayList.key 
95633      DEBUG main            d.u.i.k.p.i.AbstractProblemLoader Environment load took 264.5ns 
95635      INFO  main            d.u.i.k.p.i.AbstractProblemLoader Creating init config 
98539      DEBUG main            d.u.i.k.p.i.AbstractProblemLoader Init config took 2.9s 
98640      INFO  main            d.u.i.k.p.i.AbstractProblemLoader Replaying proof ArrayList[ArrayList::ArrayList()].JML normal_behavior operation contract.0 
98642      DEBUG main            d.u.i.k.p.i.IntermediateProofReplayer Proof replay took 4.3ns 
99546      INFO  main            d.u.i.k.p.r.p.TestFile    ... finished proof: closed. 
99739      INFO  main            d.u.i.k.p.i.AbstractProblemLoader Loading environment from /home/runner/work/key/key/key.core/../key.ui/examples/heap/list_seq/ArrayList.ArrayList.key.proof 
99739      DEBUG main            d.u.i.k.p.i.AbstractProblemLoader Environment load took 424.3ns 
99741      INFO  main            d.u.i.k.p.i.AbstractProblemLoader Creating init config 
102518     DEBUG main            d.u.i.k.p.i.AbstractProblemLoader Init config took 2.78s 
102600     INFO  main            d.u.i.k.p.i.AbstractProblemLoader Replaying proof ArrayList[ArrayList::ArrayList()].JML normal_behavior operation contract.0 
102768     DEBUG main            d.u.i.k.p.i.IntermediateProofReplayer Proof replay took 163.07ms 
102769     DEBUG main            d.u.i.k.p.r.p.TestFile    ... success: reloaded. 
102770     INFO  main            d.u.i.k.p.r.p.TestFile    Now processing file /home/runner/work/key/key/key.core/../key.ui/examples/heap/list_seq/ArrayList.add.key 
102771     INFO  main            d.u.i.k.p.i.AbstractProblemLoader Loading environment from /home/runner/work/key/key/key.core/../key.ui/examples/heap/list_seq/ArrayList.add.key 
102771     DEBUG main            d.u.i.k.p.i.AbstractProblemLoader Environment load took 251.5ns 
102772     INFO  main            d.u.i.k.p.i.AbstractProblemLoader Creating init config 
105562     DEBUG main            d.u.i.k.p.i.AbstractProblemLoader Init config took 2.79s 
105640     INFO  main            d.u.i.k.p.i.AbstractProblemLoader Replaying proof ArrayList[List::add(java.lang.Object)].JML normal_behavior operation contract.0 
105642     DEBUG main            d.u.i.k.p.i.IntermediateProofReplayer Proof replay took 4.6ns 
108753     INFO  main            d.u.i.k.p.r.p.TestFile    ... finished proof: closed. 
108926     INFO  main            d.u.i.k.p.i.AbstractProblemLoader Loading environment from /home/runner/work/key/key/key.core/../key.ui/examples/heap/list_seq/ArrayList.add.key.proof 
108926     DEBUG main            d.u.i.k.p.i.AbstractProblemLoader Environment load took 416.7ns 
108928     INFO  main            d.u.i.k.p.i.AbstractProblemLoader Creating init config 
111664     DEBUG main            d.u.i.k.p.i.AbstractProblemLoader Init config took 2.74s 
111742     INFO  main            d.u.i.k.p.i.AbstractProblemLoader Replaying proof ArrayList[List::add(java.lang.Object)].JML normal_behavior operation contract.0 
112163     DEBUG main            d.u.i.k.p.i.IntermediateProofReplayer Proof replay took 405.5ms 
112164     DEBUG main            d.u.i.k.p.r.p.TestFile    ... success: reloaded. 
112165     INFO  main            d.u.i.k.p.r.p.TestFile    Now processing file /home/runner/work/key/key/key.core/../key.ui/examples/heap/list_seq/ArrayList.contains.key 
112166     INFO  main            d.u.i.k.p.i.AbstractProblemLoader Loading environment from /home/runner/work/key/key/key.core/../key.ui/examples/heap/list_seq/ArrayList.contains.key 
112166     DEBUG main            d.u.i.k.p.i.AbstractProblemLoader Environment load took 215.5ns 
112167     INFO  main            d.u.i.k.p.i.AbstractProblemLoader Creating init config 
114925     DEBUG main            d.u.i.k.p.i.AbstractProblemLoader Init config took 2.76s 
115030     INFO  main            d.u.i.k.p.i.AbstractProblemLoader Replaying proof ArrayList[List::contains(java.lang.Object)].JML normal_behavior operation contract.0 
115033     DEBUG main            d.u.i.k.p.i.IntermediateProofReplayer Proof replay took 4.4ns 
116438     INFO  main            d.u.i.k.p.r.p.TestFile    ... finished proof: closed. 
116615     INFO  main            d.u.i.k.p.i.AbstractProblemLoader Loading environment from /home/runner/work/key/key/key.core/../key.ui/examples/heap/list_seq/ArrayList.contains.key.proof 
116616     DEBUG main            d.u.i.k.p.i.AbstractProblemLoader Environment load took 416.4ns 
116617     INFO  main            d.u.i.k.p.i.AbstractProblemLoader Creating init config 
119322     DEBUG main            d.u.i.k.p.i.AbstractProblemLoader Init config took 2.7s 
119409     INFO  main            d.u.i.k.p.i.AbstractProblemLoader Replaying proof ArrayList[List::contains(java.lang.Object)].JML normal_behavior operation contract.0 
119627     DEBUG main            d.u.i.k.p.i.IntermediateProofReplayer Proof replay took 211.62ms 
119628     DEBUG main            d.u.i.k.p.r.p.TestFile    ... success: reloaded. 
119629     INFO  main            d.u.i.k.p.r.p.TestFile    Now processing file /home/runner/work/key/key/key.core/../key.ui/examples/heap/list_seq/ArrayList.enlarge.key 
119630     INFO  main            d.u.i.k.p.i.AbstractProblemLoader Loading environment from /home/runner/work/key/key/key.core/../key.ui/examples/heap/list_seq/ArrayList.enlarge.key 
119630     DEBUG main            d.u.i.k.p.i.AbstractProblemLoader Environment load took 204.7ns 
119631     INFO  main            d.u.i.k.p.i.AbstractProblemLoader Creating init config 
122398     DEBUG main            d.u.i.k.p.i.AbstractProblemLoader Init config took 2.77s 
122474     INFO  main            d.u.i.k.p.i.AbstractProblemLoader Replaying proof ArrayList[ArrayList::enlarge()].JML normal_behavior operation contract.0 
122475     DEBUG main            d.u.i.k.p.i.IntermediateProofReplayer Proof replay took 4.5ns 
124382     INFO  main            d.u.i.k.p.r.p.TestFile    ... finished proof: closed. 
124556     INFO  main            d.u.i.k.p.i.AbstractProblemLoader Loading environment from /home/runner/work/key/key/key.core/../key.ui/examples/heap/list_seq/ArrayList.enlarge.key.proof 
124557     DEBUG main            d.u.i.k.p.i.AbstractProblemLoader Environment load took 408ns 
124558     INFO  main            d.u.i.k.p.i.AbstractProblemLoader Creating init config 
127299     DEBUG main            d.u.i.k.p.i.AbstractProblemLoader Init config took 2.74s 
127389     INFO  main            d.u.i.k.p.i.AbstractProblemLoader Replaying proof ArrayList[ArrayList::enlarge()].JML normal_behavior operation contract.0 
127680     DEBUG main            d.u.i.k.p.i.IntermediateProofReplayer Proof replay took 282.89ms 
127681     DEBUG main            d.u.i.k.p.r.p.TestFile    ... success: reloaded. 
127682     INFO  main            d.u.i.k.p.r.p.TestFile    Now processing file /home/runner/work/key/key/key.core/../key.ui/examples/heap/list_seq/ArrayList.get.key 
127683     INFO  main            d.u.i.k.p.i.AbstractProblemLoader Loading environment from /home/runner/work/key/key/key.core/../key.ui/examples/heap/list_seq/ArrayList.get.key 
127683     DEBUG main            d.u.i.k.p.i.AbstractProblemLoader Environment load took 227.5ns 
127684     INFO  main            d.u.i.k.p.i.AbstractProblemLoader Creating init config 
130439     DEBUG main            d.u.i.k.p.i.AbstractProblemLoader Init config took 2.75s 
130514     INFO  main            d.u.i.k.p.i.AbstractProblemLoader Replaying proof ArrayList[List::get(int)].JML normal_behavior operation contract.0 
130515     DEBUG main            d.u.i.k.p.i.IntermediateProofReplayer Proof replay took 4.8ns 
131018     INFO  main            d.u.i.k.p.r.p.TestFile    ... finished proof: closed. 
131195     INFO  main            d.u.i.k.p.i.AbstractProblemLoader Loading environment from /home/runner/work/key/key/key.core/../key.ui/examples/heap/list_seq/ArrayList.get.key.proof 
131195     DEBUG main            d.u.i.k.p.i.AbstractProblemLoader Environment load took 103.4ns 
131196     INFO  main            d.u.i.k.p.i.AbstractProblemLoader Creating init config 
133875     DEBUG main            d.u.i.k.p.i.AbstractProblemLoader Init config took 2.68s 
133949     INFO  main            d.u.i.k.p.i.AbstractProblemLoader Replaying proof ArrayList[List::get(int)].JML normal_behavior operation contract.0 
134023     DEBUG main            d.u.i.k.p.i.IntermediateProofReplayer Proof replay took 70.97ms 
134024     DEBUG main            d.u.i.k.p.r.p.TestFile    ... success: reloaded. 
134025     INFO  main            d.u.i.k.p.r.p.TestFile    Now processing file /home/runner/work/key/key/key.core/../key.ui/examples/heap/list_seq/ArrayList.newArray.key 
134025     INFO  main            d.u.i.k.p.i.AbstractProblemLoader Loading environment from /home/runner/work/key/key/key.core/../key.ui/examples/heap/list_seq/ArrayList.newArray.key 
134025     DEBUG main            d.u.i.k.p.i.AbstractProblemLoader Environment load took 91.3ns 
134026     INFO  main            d.u.i.k.p.i.AbstractProblemLoader Creating init config 
136738     DEBUG main            d.u.i.k.p.i.AbstractProblemLoader Init config took 2.71s 
136809     INFO  main            d.u.i.k.p.i.AbstractProblemLoader Replaying proof ArrayList[ArrayList::newArray(int)].JML normal_behavior operation contract.0 
136811     DEBUG main            d.u.i.k.p.i.IntermediateProofReplayer Proof replay took 4.5ns 
137113     INFO  main            d.u.i.k.p.r.p.TestFile    ... finished proof: closed. 
137318     INFO  main            d.u.i.k.p.i.AbstractProblemLoader Loading environment from /home/runner/work/key/key/key.core/../key.ui/examples/heap/list_seq/ArrayList.newArray.key.proof 
137318     DEBUG main            d.u.i.k.p.i.AbstractProblemLoader Environment load took 107.7ns 
137319     INFO  main            d.u.i.k.p.i.AbstractProblemLoader Creating init config 
139986     DEBUG main            d.u.i.k.p.i.AbstractProblemLoader Init config took 2.67s 
140073     INFO  main            d.u.i.k.p.i.AbstractProblemLoader Replaying proof ArrayList[ArrayList::newArray(int)].JML normal_behavior operation contract.0 
140121     DEBUG main            d.u.i.k.p.i.IntermediateProofReplayer Proof replay took 44.21ms 
140122     DEBUG main            d.u.i.k.p.r.p.TestFile    ... success: reloaded. 
140123     INFO  main            d.u.i.k.p.r.p.TestFile    Now processing file /home/runner/work/key/key/key.core/../key.ui/examples/heap/list_seq/ArrayList.remove.0.key 
140123     INFO  main            d.u.i.k.p.i.AbstractProblemLoader Loading environment from /home/runner/work/key/key/key.core/../key.ui/examples/heap/list_seq/ArrayList.remove.0.key 
140123     DEBUG main            d.u.i.k.p.i.AbstractProblemLoader Environment load took 204.8ns 
140124     INFO  main            d.u.i.k.p.i.AbstractProblemLoader Creating init config 
142802     DEBUG main            d.u.i.k.p.i.AbstractProblemLoader Init config took 2.68s 
142892     INFO  main            d.u.i.k.p.i.AbstractProblemLoader Replaying proof ArrayList[List::remove(java.lang.Object)].JML normal_behavior operation contract.0 
142894     DEBUG main            d.u.i.k.p.i.IntermediateProofReplayer Proof replay took 5ns 
144717     INFO  main            d.u.i.k.p.r.p.TestFile    ... finished proof: closed. 
144917     INFO  main            d.u.i.k.p.i.AbstractProblemLoader Loading environment from /home/runner/work/key/key/key.core/../key.ui/examples/heap/list_seq/ArrayList.remove.0.key.proof 
144919     DEBUG main            d.u.i.k.p.i.AbstractProblemLoader Environment load took 1.48ms 
144920     INFO  main            d.u.i.k.p.i.AbstractProblemLoader Creating init config 
147577     DEBUG main            d.u.i.k.p.i.AbstractProblemLoader Init config took 2.66s 
147657     INFO  main            d.u.i.k.p.i.AbstractProblemLoader Replaying proof ArrayList[List::remove(java.lang.Object)].JML normal_behavior operation contract.0 
148138     DEBUG main            d.u.i.k.p.i.IntermediateProofReplayer Proof replay took 473.61ms 
148139     DEBUG main            d.u.i.k.p.r.p.TestFile    ... success: reloaded. 
148139     INFO  main            d.u.i.k.p.r.p.TestFile    Now processing file /home/runner/work/key/key/key.core/../key.ui/examples/heap/list_seq/ArrayList.remove.1.key 
148140     INFO  main            d.u.i.k.p.i.AbstractProblemLoader Loading environment from /home/runner/work/key/key/key.core/../key.ui/examples/heap/list_seq/ArrayList.remove.1.key 
148140     DEBUG main            d.u.i.k.p.i.AbstractProblemLoader Environment load took 79.7ns 
148140     INFO  main            d.u.i.k.p.i.AbstractProblemLoader Creating init config 
150869     DEBUG main            d.u.i.k.p.i.AbstractProblemLoader Init config took 2.73s 
150940     INFO  main            d.u.i.k.p.i.AbstractProblemLoader Replaying proof ArrayList[List::remove(java.lang.Object)].JML normal_behavior operation contract.1 
150942     DEBUG main            d.u.i.k.p.i.IntermediateProofReplayer Proof replay took 5.6ns 
161611     INFO  main            d.u.i.k.p.r.p.TestFile    ... finished proof: closed. 
161868     INFO  main            d.u.i.k.p.i.AbstractProblemLoader Loading environment from /home/runner/work/key/key/key.core/../key.ui/examples/heap/list_seq/ArrayList.remove.1.key.proof 
161868     DEBUG main            d.u.i.k.p.i.AbstractProblemLoader Environment load took 183.8ns 
161870     INFO  main            d.u.i.k.p.i.AbstractProblemLoader Creating init config 
164509     DEBUG main            d.u.i.k.p.i.AbstractProblemLoader Init config took 2.64s 
164579     INFO  main            d.u.i.k.p.i.AbstractProblemLoader Replaying proof ArrayList[List::remove(java.lang.Object)].JML normal_behavior operation contract.1 
165874     DEBUG main            d.u.i.k.p.i.IntermediateProofReplayer Proof replay took 1.25s 
165876     DEBUG main            d.u.i.k.p.r.p.TestFile    ... success: reloaded. 
1332924    INFO  Test worker     d.u.i.k.p.r.RunAllProofsTestUnit Returning from test list_seq 
1332926    INFO  Test worker     d.u.i.k.p.r.RunAllProofsTestUnit Running test observer 
320        INFO  Timeout watchdog d.u.i.k.p.r.p.ForkedTestFileRunner Timeout watcher launched (2000 secs.) 
335        WARN  main            d.u.i.k.s.ProofSettings   The settings in /home/runner/.key/proof-settings.props are *not* read. 
366        INFO  main            d.u.i.k.p.r.p.TestFile    Now processing file /home/runner/work/key/key/key.core/../key.ui/examples/heap/observer/ExampleObserver_ExampleObserver.key 
529        INFO  main            d.u.i.k.p.i.AbstractProblemLoader Loading environment from /home/runner/work/key/key/key.core/../key.ui/examples/heap/observer/ExampleObserver_ExampleObserver.key 
544        DEBUG main            d.u.i.k.p.i.AbstractProblemLoader Environment load took 1.81ms 
767        INFO  main            d.u.i.k.p.i.AbstractProblemLoader Creating init config 
1616       DEBUG main            d.u.i.k.j.TypeConverter   No LDT found for Meta 
1617       DEBUG main            d.u.i.k.j.TypeConverter   No LDT found for Meta 
1618       DEBUG main            d.u.i.k.j.TypeConverter   No LDT found for Meta 
1618       DEBUG main            d.u.i.k.j.TypeConverter   No LDT found for Meta 
3106       DEBUG main            d.u.i.k.j.TypeConverter   No LDT found for JavaBigintExpression 
7946       DEBUG main            d.u.i.k.p.i.AbstractProblemLoader Init config took 7.18s 
8071       INFO  main            d.u.i.k.p.i.AbstractProblemLoader Replaying proof ExampleObserver[ExampleObserver::ExampleObserver(ExampleSubject)].JML normal_behavior operation contract.0 
8100       DEBUG main            d.u.i.k.p.i.IntermediateProofReplayer Proof replay took 28.9ns 
9072       INFO  main            d.u.i.k.p.r.p.TestFile    ... finished proof: closed. 
9191       INFO  main            d.u.i.k.p.i.AbstractProblemLoader Loading environment from /home/runner/work/key/key/key.core/../key.ui/examples/heap/observer/ExampleObserver_ExampleObserver.key.proof 
9192       DEBUG main            d.u.i.k.p.i.AbstractProblemLoader Environment load took 443.1ns 
9196       INFO  main            d.u.i.k.p.i.AbstractProblemLoader Creating init config 
12168      DEBUG main            d.u.i.k.p.i.AbstractProblemLoader Init config took 2.97s 
12235      INFO  main            d.u.i.k.p.i.AbstractProblemLoader Replaying proof ExampleObserver[ExampleObserver::ExampleObserver(ExampleSubject)].JML normal_behavior operation contract.0 
12393      DEBUG main            d.u.i.k.p.i.IntermediateProofReplayer Proof replay took 149.46ms 
12405      DEBUG main            d.u.i.k.p.r.p.TestFile    ... success: reloaded. 
12410      INFO  main            d.u.i.k.p.r.p.TestFile    Now processing file /home/runner/work/key/key/key.core/../key.ui/examples/heap/observer/ExampleObserver_inv.key 
12410      INFO  main            d.u.i.k.p.i.AbstractProblemLoader Loading environment from /home/runner/work/key/key/key.core/../key.ui/examples/heap/observer/ExampleObserver_inv.key 
12411      DEBUG main            d.u.i.k.p.i.AbstractProblemLoader Environment load took 128.1ns 
12414      INFO  main            d.u.i.k.p.i.AbstractProblemLoader Creating init config 
15127      DEBUG main            d.u.i.k.p.i.AbstractProblemLoader Init config took 2.71s 
15189      INFO  main            d.u.i.k.p.i.AbstractProblemLoader Replaying proof ExampleObserver[java.lang.Object::<inv>()].JML accessible clause.0 
15192      DEBUG main            d.u.i.k.p.i.IntermediateProofReplayer Proof replay took 5.2ns 
15294      INFO  main            d.u.i.k.p.r.p.TestFile    ... finished proof: closed. 
15422      INFO  main            d.u.i.k.p.i.AbstractProblemLoader Loading environment from /home/runner/work/key/key/key.core/../key.ui/examples/heap/observer/ExampleObserver_inv.key.proof 
15422      DEBUG main            d.u.i.k.p.i.AbstractProblemLoader Environment load took 123.1ns 
15423      INFO  main            d.u.i.k.p.i.AbstractProblemLoader Creating init config 
18008      DEBUG main            d.u.i.k.p.i.AbstractProblemLoader Init config took 2.58s 
18063      INFO  main            d.u.i.k.p.i.AbstractProblemLoader Replaying proof ExampleObserver[java.lang.Object::<inv>()].JML accessible clause.0 
18079      DEBUG main            d.u.i.k.p.i.IntermediateProofReplayer Proof replay took 13.49ms 
18080      DEBUG main            d.u.i.k.p.r.p.TestFile    ... success: reloaded. 
18081      INFO  main            d.u.i.k.p.r.p.TestFile    Now processing file /home/runner/work/key/key/key.core/../key.ui/examples/heap/observer/ExampleObserver_subject.key 
18082      INFO  main            d.u.i.k.p.i.AbstractProblemLoader Loading environment from /home/runner/work/key/key/key.core/../key.ui/examples/heap/observer/ExampleObserver_subject.key 
18082      DEBUG main            d.u.i.k.p.i.AbstractProblemLoader Environment load took 209.4ns 
18083      INFO  main            d.u.i.k.p.i.AbstractProblemLoader Creating init config 
20631      DEBUG main            d.u.i.k.p.i.AbstractProblemLoader Init config took 2.55s 
20684      INFO  main            d.u.i.k.p.i.AbstractProblemLoader Replaying proof Observer[Observer::$subject()].JML accessible clause.0 
20686      DEBUG main            d.u.i.k.p.i.IntermediateProofReplayer Proof replay took 4.9ns 
20787      INFO  main            d.u.i.k.p.r.p.TestFile    ... finished proof: closed. 
20920      INFO  main            d.u.i.k.p.i.AbstractProblemLoader Loading environment from /home/runner/work/key/key/key.core/../key.ui/examples/heap/observer/ExampleObserver_subject.key.proof 
20920      DEBUG main            d.u.i.k.p.i.AbstractProblemLoader Environment load took 110ns 
20921      INFO  main            d.u.i.k.p.i.AbstractProblemLoader Creating init config 
23535      DEBUG main            d.u.i.k.p.i.AbstractProblemLoader Init config took 2.61s 
23587      INFO  main            d.u.i.k.p.i.AbstractProblemLoader Replaying proof Observer[Observer::$subject()].JML accessible clause.0 
23591      DEBUG main            d.u.i.k.p.i.IntermediateProofReplayer Proof replay took 1.93ms 
23592      DEBUG main            d.u.i.k.p.r.p.TestFile    ... success: reloaded. 
23593      INFO  main            d.u.i.k.p.r.p.TestFile    Now processing file /home/runner/work/key/key/key.core/../key.ui/examples/heap/observer/ExampleObserver_update.key 
23594      INFO  main            d.u.i.k.p.i.AbstractProblemLoader Loading environment from /home/runner/work/key/key/key.core/../key.ui/examples/heap/observer/ExampleObserver_update.key 
23594      DEBUG main            d.u.i.k.p.i.AbstractProblemLoader Environment load took 202.4ns 
23595      INFO  main            d.u.i.k.p.i.AbstractProblemLoader Creating init config 
26136      DEBUG main            d.u.i.k.p.i.AbstractProblemLoader Init config took 2.54s 
26200      INFO  main            d.u.i.k.p.i.AbstractProblemLoader Replaying proof ExampleObserver[Observer::update()].JML normal_behavior operation contract.0 
26203      DEBUG main            d.u.i.k.p.i.IntermediateProofReplayer Proof replay took 5.4ns 
26606      INFO  main            d.u.i.k.p.r.p.TestFile    ... finished proof: closed. 
26738      INFO  main            d.u.i.k.p.i.AbstractProblemLoader Loading environment from /home/runner/work/key/key/key.core/../key.ui/examples/heap/observer/ExampleObserver_update.key.proof 
26739      DEBUG main            d.u.i.k.p.i.AbstractProblemLoader Environment load took 460ns 
26740      INFO  main            d.u.i.k.p.i.AbstractProblemLoader Creating init config 
29301      DEBUG main            d.u.i.k.p.i.AbstractProblemLoader Init config took 2.56s 
29347      INFO  main            d.u.i.k.p.i.AbstractProblemLoader Replaying proof ExampleObserver[Observer::update()].JML normal_behavior operation contract.0 
29408      DEBUG main            d.u.i.k.p.i.IntermediateProofReplayer Proof replay took 58.3ms 
29409      DEBUG main            d.u.i.k.p.r.p.TestFile    ... success: reloaded. 
29411      INFO  main            d.u.i.k.p.r.p.TestFile    Now processing file /home/runner/work/key/key/key.core/../key.ui/examples/heap/observer/ExampleObserver_upToDate.key 
29411      INFO  main            d.u.i.k.p.i.AbstractProblemLoader Loading environment from /home/runner/work/key/key/key.core/../key.ui/examples/heap/observer/ExampleObserver_upToDate.key 
29411      DEBUG main            d.u.i.k.p.i.AbstractProblemLoader Environment load took 214.2ns 
29412      INFO  main            d.u.i.k.p.i.AbstractProblemLoader Creating init config 
31980      DEBUG main            d.u.i.k.p.i.AbstractProblemLoader Init config took 2.57s 
32025      INFO  main            d.u.i.k.p.i.AbstractProblemLoader Replaying proof ExampleObserver[Observer::$upToDate()].JML accessible clause.0 
32027      DEBUG main            d.u.i.k.p.i.IntermediateProofReplayer Proof replay took 5.1ns 
32231      INFO  main            d.u.i.k.p.r.p.TestFile    ... finished proof: closed. 
32373      INFO  main            d.u.i.k.p.i.AbstractProblemLoader Loading environment from /home/runner/work/key/key/key.core/../key.ui/examples/heap/observer/ExampleObserver_upToDate.key.proof 
32373      DEBUG main            d.u.i.k.p.i.AbstractProblemLoader Environment load took 114.2ns 
32375      INFO  main            d.u.i.k.p.i.AbstractProblemLoader Creating init config 
34867      DEBUG main            d.u.i.k.p.i.AbstractProblemLoader Init config took 2.49s 
34912      INFO  main            d.u.i.k.p.i.AbstractProblemLoader Replaying proof ExampleObserver[Observer::$upToDate()].JML accessible clause.0 
34931      DEBUG main            d.u.i.k.p.i.IntermediateProofReplayer Proof replay took 17.19ms 
34932      DEBUG main            d.u.i.k.p.r.p.TestFile    ... success: reloaded. 
34933      INFO  main            d.u.i.k.p.r.p.TestFile    Now processing file /home/runner/work/key/key/key.core/../key.ui/examples/heap/observer/ExampleObserver_value.key 
34933      INFO  main            d.u.i.k.p.i.AbstractProblemLoader Loading environment from /home/runner/work/key/key/key.core/../key.ui/examples/heap/observer/ExampleObserver_value.key 
34933      DEBUG main            d.u.i.k.p.i.AbstractProblemLoader Environment load took 100.8ns 
34934      INFO  main            d.u.i.k.p.i.AbstractProblemLoader Creating init config 
37480      DEBUG main            d.u.i.k.p.i.AbstractProblemLoader Init config took 2.55s 
37525      INFO  main            d.u.i.k.p.i.AbstractProblemLoader Replaying proof ExampleObserver[ExampleObserver::value()].JML normal_behavior operation contract.0 
37526      DEBUG main            d.u.i.k.p.i.IntermediateProofReplayer Proof replay took 5.5ns 
37629      INFO  main            d.u.i.k.p.r.p.TestFile    ... finished proof: closed. 
37777      INFO  main            d.u.i.k.p.i.AbstractProblemLoader Loading environment from /home/runner/work/key/key/key.core/../key.ui/examples/heap/observer/ExampleObserver_value.key.proof 
37777      DEBUG main            d.u.i.k.p.i.AbstractProblemLoader Environment load took 107.3ns 
37778      INFO  main            d.u.i.k.p.i.AbstractProblemLoader Creating init config 
40226      DEBUG main            d.u.i.k.p.i.AbstractProblemLoader Init config took 2.45s 
40279      INFO  main            d.u.i.k.p.i.AbstractProblemLoader Replaying proof ExampleObserver[ExampleObserver::value()].JML normal_behavior operation contract.0 
40297      DEBUG main            d.u.i.k.p.i.IntermediateProofReplayer Proof replay took 16.54ms 
40298      DEBUG main            d.u.i.k.p.r.p.TestFile    ... success: reloaded. 
40299      INFO  main            d.u.i.k.p.r.p.TestFile    Now processing file /home/runner/work/key/key/key.core/../key.ui/examples/heap/observer/ExampleSubject_addObserver.key 
40300      INFO  main            d.u.i.k.p.i.AbstractProblemLoader Loading environment from /home/runner/work/key/key/key.core/../key.ui/examples/heap/observer/ExampleSubject_addObserver.key 
40300      DEBUG main            d.u.i.k.p.i.AbstractProblemLoader Environment load took 241ns 
40301      INFO  main            d.u.i.k.p.i.AbstractProblemLoader Creating init config 
42798      DEBUG main            d.u.i.k.p.i.AbstractProblemLoader Init config took 2.5s 
42844      INFO  main            d.u.i.k.p.i.AbstractProblemLoader Replaying proof ExampleSubject[Subject::addObserver(Observer)].JML normal_behavior operation contract.0 
42846      DEBUG main            d.u.i.k.p.i.IntermediateProofReplayer Proof replay took 5.9ns 
48384      INFO  main            d.u.i.k.p.r.p.TestFile    ... finished proof: closed. 
48600      INFO  main            d.u.i.k.p.i.AbstractProblemLoader Loading environment from /home/runner/work/key/key/key.core/../key.ui/examples/heap/observer/ExampleSubject_addObserver.key.proof 
48605      DEBUG main            d.u.i.k.p.i.AbstractProblemLoader Environment load took 4.74ms 
48607      INFO  main            d.u.i.k.p.i.AbstractProblemLoader Creating init config 
51048      DEBUG main            d.u.i.k.p.i.AbstractProblemLoader Init config took 2.44s 
51094      INFO  main            d.u.i.k.p.i.AbstractProblemLoader Replaying proof ExampleSubject[Subject::addObserver(Observer)].JML normal_behavior operation contract.0 
51776      DEBUG main            d.u.i.k.p.i.IntermediateProofReplayer Proof replay took 660.85ms 
51778      DEBUG main            d.u.i.k.p.r.p.TestFile    ... success: reloaded. 
51779      INFO  main            d.u.i.k.p.r.p.TestFile    Now processing file /home/runner/work/key/key/key.core/../key.ui/examples/heap/observer/ExampleSubject_change.key 
51779      INFO  main            d.u.i.k.p.i.AbstractProblemLoader Loading environment from /home/runner/work/key/key/key.core/../key.ui/examples/heap/observer/ExampleSubject_change.key 
51780      DEBUG main            d.u.i.k.p.i.AbstractProblemLoader Environment load took 195.1ns 
51780      INFO  main            d.u.i.k.p.i.AbstractProblemLoader Creating init config 
54290      DEBUG main            d.u.i.k.p.i.AbstractProblemLoader Init config took 2.51s 
54334      INFO  main            d.u.i.k.p.i.AbstractProblemLoader Replaying proof ExampleSubject[ExampleSubject::change()].JML normal_behavior operation contract.0 
54336      DEBUG main            d.u.i.k.p.i.IntermediateProofReplayer Proof replay took 15.5ns 
54840      INFO  main            d.u.i.k.p.r.p.TestFile    ... finished proof: closed. 
55028      INFO  main            d.u.i.k.p.i.AbstractProblemLoader Loading environment from /home/runner/work/key/key/key.core/../key.ui/examples/heap/observer/ExampleSubject_change.key.proof 
55028      DEBUG main            d.u.i.k.p.i.AbstractProblemLoader Environment load took 406.19ns 
55029      INFO  main            d.u.i.k.p.i.AbstractProblemLoader Creating init config 
57472      DEBUG main            d.u.i.k.p.i.AbstractProblemLoader Init config took 2.44s 
57515      INFO  main            d.u.i.k.p.i.AbstractProblemLoader Replaying proof ExampleSubject[ExampleSubject::change()].JML normal_behavior operation contract.0 
57592      DEBUG main            d.u.i.k.p.i.IntermediateProofReplayer Proof replay took 72.09ms 
57593      DEBUG main            d.u.i.k.p.r.p.TestFile    ... success: reloaded. 
57594      INFO  main            d.u.i.k.p.r.p.TestFile    Now processing file /home/runner/work/key/key/key.core/../key.ui/examples/heap/observer/ExampleSubject_ExampleSubject.key 
57594      INFO  main            d.u.i.k.p.i.AbstractProblemLoader Loading environment from /home/runner/work/key/key/key.core/../key.ui/examples/heap/observer/ExampleSubject_ExampleSubject.key 
57595      DEBUG main            d.u.i.k.p.i.AbstractProblemLoader Environment load took 198.8ns 
57596      INFO  main            d.u.i.k.p.i.AbstractProblemLoader Creating init config 
60062      DEBUG main            d.u.i.k.p.i.AbstractProblemLoader Init config took 2.47s 
60124      INFO  main            d.u.i.k.p.i.AbstractProblemLoader Replaying proof ExampleSubject[ExampleSubject::ExampleSubject()].JML normal_behavior operation contract.0 
60125      DEBUG main            d.u.i.k.p.i.IntermediateProofReplayer Proof replay took 5.9ns 
61132      INFO  main            d.u.i.k.p.r.p.TestFile    ... finished proof: closed. 
61321      INFO  main            d.u.i.k.p.i.AbstractProblemLoader Loading environment from /home/runner/work/key/key/key.core/../key.ui/examples/heap/observer/ExampleSubject_ExampleSubject.key.proof 
61322      DEBUG main            d.u.i.k.p.i.AbstractProblemLoader Environment load took 411.89ns 
61323      INFO  main            d.u.i.k.p.i.AbstractProblemLoader Creating init config 
63780      DEBUG main            d.u.i.k.p.i.AbstractProblemLoader Init config took 2.46s 
63833      INFO  main            d.u.i.k.p.i.AbstractProblemLoader Replaying proof ExampleSubject[ExampleSubject::ExampleSubject()].JML normal_behavior operation contract.0 
64007      DEBUG main            d.u.i.k.p.i.IntermediateProofReplayer Proof replay took 166.67ms 
64008      DEBUG main            d.u.i.k.p.r.p.TestFile    ... success: reloaded. 
64009      INFO  main            d.u.i.k.p.r.p.TestFile    Now processing file /home/runner/work/key/key/key.core/../key.ui/examples/heap/observer/ExampleSubject_footprint.key 
64009      INFO  main            d.u.i.k.p.i.AbstractProblemLoader Loading environment from /home/runner/work/key/key/key.core/../key.ui/examples/heap/observer/ExampleSubject_footprint.key 
64010      DEBUG main            d.u.i.k.p.i.AbstractProblemLoader Environment load took 226.1ns 
64011      INFO  main            d.u.i.k.p.i.AbstractProblemLoader Creating init config 
66472      DEBUG main            d.u.i.k.p.i.AbstractProblemLoader Init config took 2.46s 
66514      INFO  main            d.u.i.k.p.i.AbstractProblemLoader Replaying proof ExampleSubject[Subject::$footprint()].JML accessible clause.0 
66515      DEBUG main            d.u.i.k.p.i.IntermediateProofReplayer Proof replay took 6.4ns 
66617      INFO  main            d.u.i.k.p.r.p.TestFile    ... finished proof: closed. 
66790      INFO  main            d.u.i.k.p.i.AbstractProblemLoader Loading environment from /home/runner/work/key/key/key.core/../key.ui/examples/heap/observer/ExampleSubject_footprint.key.proof 
66791      DEBUG main            d.u.i.k.p.i.AbstractProblemLoader Environment load took 114.9ns 
66792      INFO  main            d.u.i.k.p.i.AbstractProblemLoader Creating init config 
69232      DEBUG main            d.u.i.k.p.i.AbstractProblemLoader Init config took 2.44s 
69273      INFO  main            d.u.i.k.p.i.AbstractProblemLoader Replaying proof ExampleSubject[Subject::$footprint()].JML accessible clause.0 
69290      DEBUG main            d.u.i.k.p.i.IntermediateProofReplayer Proof replay took 14.15ms 
69291      DEBUG main            d.u.i.k.p.r.p.TestFile    ... success: reloaded. 
69292      INFO  main            d.u.i.k.p.r.p.TestFile    Now processing file /home/runner/work/key/key/key.core/../key.ui/examples/heap/observer/ExampleSubject_inv.key 
69292      INFO  main            d.u.i.k.p.i.AbstractProblemLoader Loading environment from /home/runner/work/key/key/key.core/../key.ui/examples/heap/observer/ExampleSubject_inv.key 
69293      DEBUG main            d.u.i.k.p.i.AbstractProblemLoader Environment load took 230.2ns 
69294      INFO  main            d.u.i.k.p.i.AbstractProblemLoader Creating init config 
71791      DEBUG main            d.u.i.k.p.i.AbstractProblemLoader Init config took 2.5s 
71832      INFO  main            d.u.i.k.p.i.AbstractProblemLoader Replaying proof ExampleSubject[java.lang.Object::<inv>()].JML accessible clause.0 
71833      DEBUG main            d.u.i.k.p.i.IntermediateProofReplayer Proof replay took 5.5ns 
72941      INFO  main            d.u.i.k.p.r.p.TestFile    ... finished proof: closed. 
73121      INFO  main            d.u.i.k.p.i.AbstractProblemLoader Loading environment from /home/runner/work/key/key/key.core/../key.ui/examples/heap/observer/ExampleSubject_inv.key.proof 
73122      DEBUG main            d.u.i.k.p.i.AbstractProblemLoader Environment load took 406.6ns 
73123      INFO  main            d.u.i.k.p.i.AbstractProblemLoader Creating init config 
75591      DEBUG main            d.u.i.k.p.i.AbstractProblemLoader Init config took 2.47s 
75634      INFO  main            d.u.i.k.p.i.AbstractProblemLoader Replaying proof ExampleSubject[java.lang.Object::<inv>()].JML accessible clause.0 
75749      DEBUG main            d.u.i.k.p.i.IntermediateProofReplayer Proof replay took 108.77ms 
75750      DEBUG main            d.u.i.k.p.r.p.TestFile    ... success: reloaded. 
75752      INFO  main            d.u.i.k.p.r.p.TestFile    Now processing file /home/runner/work/key/key/key.core/../key.ui/examples/heap/observer/ExampleSubject_notifyObservers.key 
75752      INFO  main            d.u.i.k.p.i.AbstractProblemLoader Loading environment from /home/runner/work/key/key/key.core/../key.ui/examples/heap/observer/ExampleSubject_notifyObservers.key 
75752      DEBUG main            d.u.i.k.p.i.AbstractProblemLoader Environment load took 194.7ns 
75753      INFO  main            d.u.i.k.p.i.AbstractProblemLoader Creating init config 
78258      DEBUG main            d.u.i.k.p.i.AbstractProblemLoader Init config took 2.5s 
78316      INFO  main            d.u.i.k.p.i.AbstractProblemLoader Replaying proof Subject[Subject::notifyObservers()].JML normal_behavior operation contract.0 
78317      DEBUG main            d.u.i.k.p.i.IntermediateProofReplayer Proof replay took 5.5ns 
78422      INFO  main            d.u.i.k.p.r.p.TestFile    ... finished proof: closed. 
78605      INFO  main            d.u.i.k.p.i.AbstractProblemLoader Loading environment from /home/runner/work/key/key/key.core/../key.ui/examples/heap/observer/ExampleSubject_notifyObservers.key.proof 
78605      DEBUG main            d.u.i.k.p.i.AbstractProblemLoader Environment load took 107.8ns 
78606      INFO  main            d.u.i.k.p.i.AbstractProblemLoader Creating init config 
81013      DEBUG main            d.u.i.k.p.i.AbstractProblemLoader Init config took 2.41s 
81054      INFO  main            d.u.i.k.p.i.AbstractProblemLoader Replaying proof Subject[Subject::notifyObservers()].JML normal_behavior operation contract.0 
81058      DEBUG main            d.u.i.k.p.i.IntermediateProofReplayer Proof replay took 2.62ms 
81059      DEBUG main            d.u.i.k.p.r.p.TestFile    ... success: reloaded. 
81060      INFO  main            d.u.i.k.p.r.p.TestFile    Now processing file /home/runner/work/key/key/key.core/../key.ui/examples/heap/observer/ExampleSubject_value_dep.key 
81060      INFO  main            d.u.i.k.p.i.AbstractProblemLoader Loading environment from /home/runner/work/key/key/key.core/../key.ui/examples/heap/observer/ExampleSubject_value_dep.key 
81060      DEBUG main            d.u.i.k.p.i.AbstractProblemLoader Environment load took 83.6ns 
81062      INFO  main            d.u.i.k.p.i.AbstractProblemLoader Creating init config 
83570      DEBUG main            d.u.i.k.p.i.AbstractProblemLoader Init config took 2.51s 
83612      INFO  main            d.u.i.k.p.i.AbstractProblemLoader Replaying proof ExampleSubject[ExampleSubject::value()].JML accessible clause.0 
83614      DEBUG main            d.u.i.k.p.i.IntermediateProofReplayer Proof replay took 5.3ns 
83715      INFO  main            d.u.i.k.p.r.p.TestFile    ... finished proof: closed. 
83977      INFO  main            d.u.i.k.p.i.AbstractProblemLoader Loading environment from /home/runner/work/key/key/key.core/../key.ui/examples/heap/observer/ExampleSubject_value_dep.key.proof 
83977      DEBUG main            d.u.i.k.p.i.AbstractProblemLoader Environment load took 102.5ns 
83978      INFO  main            d.u.i.k.p.i.AbstractProblemLoader Creating init config 
86379      DEBUG main            d.u.i.k.p.i.AbstractProblemLoader Init config took 2.4s 
86422      INFO  main            d.u.i.k.p.i.AbstractProblemLoader Replaying proof ExampleSubject[ExampleSubject::value()].JML accessible clause.0 
86439      DEBUG main            d.u.i.k.p.i.IntermediateProofReplayer Proof replay took 12.91ms 
86440      DEBUG main            d.u.i.k.p.r.p.TestFile    ... success: reloaded. 
86441      INFO  main            d.u.i.k.p.r.p.TestFile    Now processing file /home/runner/work/key/key/key.core/../key.ui/examples/heap/observer/ExampleSubject_value.key 
86441      INFO  main            d.u.i.k.p.i.AbstractProblemLoader Loading environment from /home/runner/work/key/key/key.core/../key.ui/examples/heap/observer/ExampleSubject_value.key 
86442      DEBUG main            d.u.i.k.p.i.AbstractProblemLoader Environment load took 192.9ns 
86442      INFO  main            d.u.i.k.p.i.AbstractProblemLoader Creating init config 
88919      DEBUG main            d.u.i.k.p.i.AbstractProblemLoader Init config took 2.48s 
88976      INFO  main            d.u.i.k.p.i.AbstractProblemLoader Replaying proof ExampleSubject[ExampleSubject::value()].JML normal_behavior operation contract.0 
88978      DEBUG main            d.u.i.k.p.i.IntermediateProofReplayer Proof replay took 5.2ns 
89080      INFO  main            d.u.i.k.p.r.p.TestFile    ... finished proof: closed. 
89304      INFO  main            d.u.i.k.p.i.AbstractProblemLoader Loading environment from /home/runner/work/key/key/key.core/../key.ui/examples/heap/observer/ExampleSubject_value.key.proof 
89304      DEBUG main            d.u.i.k.p.i.AbstractProblemLoader Environment load took 113.2ns 
89305      INFO  main            d.u.i.k.p.i.AbstractProblemLoader Creating init config 
91725      DEBUG main            d.u.i.k.p.i.AbstractProblemLoader Init config took 2.42s 
91765      INFO  main            d.u.i.k.p.i.AbstractProblemLoader Replaying proof ExampleSubject[ExampleSubject::value()].JML normal_behavior operation contract.0 
91777      DEBUG main            d.u.i.k.p.i.IntermediateProofReplayer Proof replay took 9.91ms 
91777      DEBUG main            d.u.i.k.p.r.p.TestFile    ... success: reloaded. 
1424875    INFO  Test worker     d.u.i.k.p.r.RunAllProofsTestUnit Returning from test observer 
1424876    INFO  Test worker     d.u.i.k.p.r.RunAllProofsTestUnit Running test removeDups 
328        INFO  Timeout watchdog d.u.i.k.p.r.p.ForkedTestFileRunner Timeout watcher launched (2000 secs.) 
336        WARN  main            d.u.i.k.s.ProofSettings   The settings in /home/runner/.key/proof-settings.props are *not* read. 
365        INFO  main            d.u.i.k.p.r.p.TestFile    Now processing file /home/runner/work/key/key/key.core/../key.ui/examples/heap/removeDups/arrayPart.key 
474        INFO  main            d.u.i.k.p.i.AbstractProblemLoader Loading environment from /home/runner/work/key/key/key.core/../key.ui/examples/heap/removeDups/arrayPart.key 
489        DEBUG main            d.u.i.k.p.i.AbstractProblemLoader Environment load took 1.86ms 
683        INFO  main            d.u.i.k.p.i.AbstractProblemLoader Creating init config 
1627       DEBUG main            d.u.i.k.j.TypeConverter   No LDT found for Meta 
1627       DEBUG main            d.u.i.k.j.TypeConverter   No LDT found for Meta 
1630       DEBUG main            d.u.i.k.j.TypeConverter   No LDT found for Meta 
1631       DEBUG main            d.u.i.k.j.TypeConverter   No LDT found for Meta 
2795       DEBUG main            d.u.i.k.j.TypeConverter   No LDT found for JavaBigintExpression 
7763       DEBUG main            d.u.i.k.p.i.AbstractProblemLoader Init config took 7.08s 
7884       INFO  main            d.u.i.k.p.i.AbstractProblemLoader Replaying proof RemoveDup[RemoveDup::arrayPart([I,int)].JML normal_behavior operation contract.0 
7912       DEBUG main            d.u.i.k.p.i.IntermediateProofReplayer Proof replay took 27.6ns 
10666      INFO  main            d.u.i.k.p.r.p.TestFile    ... finished proof: closed. 
10800      INFO  main            d.u.i.k.p.i.AbstractProblemLoader Loading environment from /home/runner/work/key/key/key.core/../key.ui/examples/heap/removeDups/arrayPart.key.proof 
10800      DEBUG main            d.u.i.k.p.i.AbstractProblemLoader Environment load took 422.7ns 
10802      INFO  main            d.u.i.k.p.i.AbstractProblemLoader Creating init config 
13433      DEBUG main            d.u.i.k.p.i.AbstractProblemLoader Init config took 2.63s 
13489      INFO  main            d.u.i.k.p.i.AbstractProblemLoader Replaying proof RemoveDup[RemoveDup::arrayPart([I,int)].JML normal_behavior operation contract.0 
13807      DEBUG main            d.u.i.k.p.i.IntermediateProofReplayer Proof replay took 306.94ms 
13814      DEBUG main            d.u.i.k.p.r.p.TestFile    ... success: reloaded. 
13815      INFO  main            d.u.i.k.p.r.p.TestFile    Now processing file /home/runner/work/key/key/key.core/../key.ui/examples/heap/removeDups/contains.key 
13815      INFO  main            d.u.i.k.p.i.AbstractProblemLoader Loading environment from /home/runner/work/key/key/key.core/../key.ui/examples/heap/removeDups/contains.key 
13816      DEBUG main            d.u.i.k.p.i.AbstractProblemLoader Environment load took 215.1ns 
13817      INFO  main            d.u.i.k.p.i.AbstractProblemLoader Creating init config 
16446      DEBUG main            d.u.i.k.p.i.AbstractProblemLoader Init config took 2.63s 
16500      INFO  main            d.u.i.k.p.i.AbstractProblemLoader Replaying proof RemoveDup[RemoveDup::contains([I,int,int)].JML normal_behavior operation contract.0 
16502      DEBUG main            d.u.i.k.p.i.IntermediateProofReplayer Proof replay took 5.1ns 
17105      INFO  main            d.u.i.k.p.r.p.TestFile    ... finished proof: closed. 
17221      INFO  main            d.u.i.k.p.i.AbstractProblemLoader Loading environment from /home/runner/work/key/key/key.core/../key.ui/examples/heap/removeDups/contains.key.proof 
17221      DEBUG main            d.u.i.k.p.i.AbstractProblemLoader Environment load took 601.39ns 
17223      INFO  main            d.u.i.k.p.i.AbstractProblemLoader Creating init config 
19797      DEBUG main            d.u.i.k.p.i.AbstractProblemLoader Init config took 2.57s 
19846      INFO  main            d.u.i.k.p.i.AbstractProblemLoader Replaying proof RemoveDup[RemoveDup::contains([I,int,int)].JML normal_behavior operation contract.0 
19967      DEBUG main            d.u.i.k.p.i.IntermediateProofReplayer Proof replay took 116.02ms 
19968      DEBUG main            d.u.i.k.p.r.p.TestFile    ... success: reloaded. 
19969      INFO  main            d.u.i.k.p.r.p.TestFile    Now processing file /home/runner/work/key/key/key.core/../key.ui/examples/heap/removeDups/removeDup.key 
19969      INFO  main            d.u.i.k.p.i.AbstractProblemLoader Loading environment from /home/runner/work/key/key/key.core/../key.ui/examples/heap/removeDups/removeDup.key 
19970      DEBUG main            d.u.i.k.p.i.AbstractProblemLoader Environment load took 200ns 
19971      INFO  main            d.u.i.k.p.i.AbstractProblemLoader Creating init config 
22522      DEBUG main            d.u.i.k.p.i.AbstractProblemLoader Init config took 2.55s 
22567      INFO  main            d.u.i.k.p.i.AbstractProblemLoader Replaying proof RemoveDup[RemoveDup::removeDup([I)].JML normal_behavior operation contract.0 
22569      DEBUG main            d.u.i.k.p.i.IntermediateProofReplayer Proof replay took 5.4ns 
27722      DEBUG Thread-7        d.u.i.k.j.d.VariableSpecification Program match. Variables have different dimension (template #v0 = #vi;, source a#11[] = var;) 
49693      INFO  main            d.u.i.k.p.r.p.TestFile    ... finished proof: closed. 
49926      INFO  main            d.u.i.k.p.i.AbstractProblemLoader Loading environment from /home/runner/work/key/key/key.core/../key.ui/examples/heap/removeDups/removeDup.key.proof 
49926      DEBUG main            d.u.i.k.p.i.AbstractProblemLoader Environment load took 424.8ns 
49939      INFO  main            d.u.i.k.p.i.AbstractProblemLoader Creating init config 
52397      DEBUG main            d.u.i.k.p.i.AbstractProblemLoader Init config took 2.46s 
52450      INFO  main            d.u.i.k.p.i.AbstractProblemLoader Replaying proof RemoveDup[RemoveDup::removeDup([I)].JML normal_behavior operation contract.0 
54273      DEBUG main            d.u.i.k.p.i.IntermediateProofReplayer Proof replay took 1.76s 
54276      DEBUG main            d.u.i.k.p.r.p.TestFile    ... success: reloaded. 
54278      INFO  main            d.u.i.k.p.r.p.TestFile    Now processing file /home/runner/work/key/key/key.core/../key.ui/examples/heap/saddleback_search/Saddleback_search.key 
54278      INFO  main            d.u.i.k.p.i.AbstractProblemLoader Loading environment from /home/runner/work/key/key/key.core/../key.ui/examples/heap/saddleback_search/Saddleback_search.key 
54278      DEBUG main            d.u.i.k.p.i.AbstractProblemLoader Environment load took 206ns 
54279      INFO  main            d.u.i.k.p.i.AbstractProblemLoader Creating init config 
56823      DEBUG main            d.u.i.k.p.i.AbstractProblemLoader Init config took 2.54s 
56861      INFO  main            d.u.i.k.p.i.AbstractProblemLoader Replaying proof Saddleback[Saddleback::search([[I,int)].JML normal_behavior operation contract.0 
56869      DEBUG main            d.u.i.k.p.i.IntermediateProofReplayer Proof replay took 5.3ns 
141335     INFO  main            d.u.i.k.p.r.p.TestFile    ... finished proof: closed. 
141750     INFO  main            d.u.i.k.p.i.AbstractProblemLoader Loading environment from /home/runner/work/key/key/key.core/../key.ui/examples/heap/saddleback_search/Saddleback_search.key.proof 
141750     DEBUG main            d.u.i.k.p.i.AbstractProblemLoader Environment load took 426.8ns 
141758     INFO  main            d.u.i.k.p.i.AbstractProblemLoader Creating init config 
144133     DEBUG main            d.u.i.k.p.i.AbstractProblemLoader Init config took 2.37s 
144170     INFO  main            d.u.i.k.p.i.AbstractProblemLoader Replaying proof Saddleback[Saddleback::search([[I,int)].JML normal_behavior operation contract.0 
146631     DEBUG main            d.u.i.k.p.i.IntermediateProofReplayer Proof replay took 2.31s 
146677     DEBUG main            d.u.i.k.p.r.p.TestFile    ... success: reloaded. 
1572431    INFO  Test worker     d.u.i.k.p.r.RunAllProofsTestUnit Returning from test removeDups 
1572432    INFO  Test worker     d.u.i.k.p.r.RunAllProofsTestUnit Running test quicksort 
352        INFO  Timeout watchdog d.u.i.k.p.r.p.ForkedTestFileRunner Timeout watcher launched (2000 secs.) 
373        WARN  main            d.u.i.k.s.ProofSettings   The settings in /home/runner/.key/proof-settings.props are *not* read. 
422        INFO  main            d.u.i.k.p.r.p.TestFile    Now processing file /home/runner/work/key/key/key.core/../key.ui/examples/heap/quicksort/toplevel.key 
553        INFO  main            d.u.i.k.p.i.AbstractProblemLoader Loading environment from /home/runner/work/key/key/key.core/../key.ui/examples/heap/quicksort/toplevel.key 
569        DEBUG main            d.u.i.k.p.i.AbstractProblemLoader Environment load took 2.07ms 
808        INFO  main            d.u.i.k.p.i.AbstractProblemLoader Creating init config 
1613       DEBUG main            d.u.i.k.j.TypeConverter   No LDT found for Meta 
1613       DEBUG main            d.u.i.k.j.TypeConverter   No LDT found for Meta 
1615       DEBUG main            d.u.i.k.j.TypeConverter   No LDT found for Meta 
1615       DEBUG main            d.u.i.k.j.TypeConverter   No LDT found for Meta 
2718       DEBUG main            d.u.i.k.j.TypeConverter   No LDT found for JavaBigintExpression 
7786       DEBUG main            d.u.i.k.p.i.AbstractProblemLoader Init config took 6.98s 
7966       INFO  main            d.u.i.k.p.i.AbstractProblemLoader Replaying proof Quicksort[Quicksort::sort([I)].JML normal_behavior operation contract.0 
7999       DEBUG main            d.u.i.k.p.i.IntermediateProofReplayer Proof replay took 28.8ns 
9236       INFO  main            d.u.i.k.p.r.p.TestFile    ... finished proof: closed. 
9350       INFO  main            d.u.i.k.p.i.AbstractProblemLoader Loading environment from /home/runner/work/key/key/key.core/../key.ui/examples/heap/quicksort/toplevel.key.proof 
9354       DEBUG main            d.u.i.k.p.i.AbstractProblemLoader Environment load took 4.31ms 
9356       INFO  main            d.u.i.k.p.i.AbstractProblemLoader Creating init config 
12358      DEBUG main            d.u.i.k.p.i.AbstractProblemLoader Init config took 3s 
12435      INFO  main            d.u.i.k.p.i.AbstractProblemLoader Replaying proof Quicksort[Quicksort::sort([I)].JML normal_behavior operation contract.0 
12635      DEBUG main            d.u.i.k.p.i.IntermediateProofReplayer Proof replay took 192.99ms 
12642      DEBUG main            d.u.i.k.p.r.p.TestFile    ... success: reloaded. 
12646      INFO  main            d.u.i.k.p.r.p.TestFile    Now processing file /home/runner/work/key/key/key.core/../key.ui/examples/heap/quicksort/sort.key 
12646      INFO  main            d.u.i.k.p.i.AbstractProblemLoader Loading environment from /home/runner/work/key/key/key.core/../key.ui/examples/heap/quicksort/sort.key 
12647      DEBUG main            d.u.i.k.p.i.AbstractProblemLoader Environment load took 218.1ns 
12650      INFO  main            d.u.i.k.p.i.AbstractProblemLoader Creating init config 
15452      DEBUG main            d.u.i.k.p.i.AbstractProblemLoader Init config took 2.8s 
15510      INFO  main            d.u.i.k.p.i.AbstractProblemLoader Replaying proof Quicksort[Quicksort::sort([I,int,int)].JML normal_behavior operation contract.0 
15514      DEBUG main            d.u.i.k.p.i.IntermediateProofReplayer Proof replay took 5.7ns 
15545      DEBUG main            d.u.i.k.m.s.ProofScriptEngine 1: 'script 'sort.script'' 
15551      INFO  main            d.u.i.k.m.s.ProofScriptCommand Included script /home/runner/work/key/key/key.core/../key.ui/examples/heap/quicksort/sort.script 
15552      DEBUG main            d.u.i.k.m.s.ProofScriptEngine 1: 'macro autopilot-prep' 
16715      DEBUG main            d.u.i.k.m.s.ProofScriptEngine 2: 'select formula="{heapAtPre:=heap || exc:=null || heap:=heapAfter_sort_0}
   seq ...' 
16718      DEBUG main            d.u.i.k.m.s.ProofScriptEngine 3: 'macro simp-upd' 
16727      DEBUG main            d.u.i.k.m.s.ProofScriptEngine 4: 'let   @seqPre="seqDef{int u;}(0, array.length, array[u])"
    @seqSplit="seqDef ...' 
16730      DEBUG main            d.u.i.k.m.s.ProofScriptEngine 5: 'rule seqPermSym 
  formula="seqPerm(@seqSplit, @seqPre)"' 
16744      DEBUG main            d.u.i.k.m.s.ProofScriptEngine 6: 'rule seqPermSym
  formula="seqPerm(@seqSort, @seqSplit)"' 
16746      DEBUG main            d.u.i.k.m.s.ProofScriptEngine 7: 'rule seqPermSym
  formula="seqPerm(@seqSort0, @seqSort)"' 
16747      DEBUG main            d.u.i.k.m.s.ProofScriptEngine 8: 'rule seqPermTrans
  formula="seqPerm(@seqPre, @seqSplit)"' 
16748      DEBUG main            d.u.i.k.m.s.ProofScriptEngine 9: 'rule seqPermTrans
  formula="seqPerm(@seqPre, @seqSort)"' 
16748      DEBUG main            d.u.i.k.m.s.ProofScriptEngine 10: 'rule seqPermSym
  formula="seqPerm(@seqPre, @seqSort0)"' 
16749      DEBUG main            d.u.i.k.m.s.ProofScriptEngine 11: 'tryclose' 
41886      INFO  main            d.u.i.k.p.r.p.TestFile    ... finished proof: closed. 
42160      INFO  main            d.u.i.k.p.i.AbstractProblemLoader Loading environment from /home/runner/work/key/key/key.core/../key.ui/examples/heap/quicksort/sort.key.proof 
42160      DEBUG main            d.u.i.k.p.i.AbstractProblemLoader Environment load took 415.1ns 
42166      INFO  main            d.u.i.k.p.i.AbstractProblemLoader Creating init config 
44873      DEBUG main            d.u.i.k.p.i.AbstractProblemLoader Init config took 2.71s 
44920      INFO  main            d.u.i.k.p.i.AbstractProblemLoader Replaying proof Quicksort[Quicksort::sort([I,int,int)].JML normal_behavior operation contract.0 
46708      DEBUG main            d.u.i.k.p.i.IntermediateProofReplayer Proof replay took 1.67s 
46713      DEBUG main            d.u.i.k.p.r.p.TestFile    ... success: reloaded. 
46728      INFO  main            d.u.i.k.p.r.p.TestFile    Now processing file /home/runner/work/key/key/key.core/../key.ui/examples/heap/quicksort/split.key 
46729      INFO  main            d.u.i.k.p.i.AbstractProblemLoader Loading environment from /home/runner/work/key/key/key.core/../key.ui/examples/heap/quicksort/split.key 
46729      DEBUG main            d.u.i.k.p.i.AbstractProblemLoader Environment load took 116.9ns 
46730      INFO  main            d.u.i.k.p.i.AbstractProblemLoader Creating init config 
49488      DEBUG main            d.u.i.k.p.i.AbstractProblemLoader Init config took 2.76s 
49531      INFO  main            d.u.i.k.p.i.AbstractProblemLoader Replaying proof Quicksort[Quicksort::split([I,int,int)].JML normal_behavior operation contract.0 
49533      DEBUG main            d.u.i.k.p.i.IntermediateProofReplayer Proof replay took 4.7ns 
49534      DEBUG main            d.u.i.k.m.s.ProofScriptEngine 1: 'macro autopilot-prep' 
50679      DEBUG main            d.u.i.k.m.s.ProofScriptEngine 2: 'tryclose' 
87731      DEBUG main            d.u.i.k.m.s.ProofScriptEngine 3: 'macro simp-upd' 
87828      DEBUG main            d.u.i.k.m.s.ProofScriptEngine 4: 'rule seqPermFromSwap' 
87844      DEBUG main            d.u.i.k.m.s.ProofScriptEngine 5: 'rule andRight' 
87846      DEBUG main            d.u.i.k.m.s.ProofScriptEngine 6: 'auto' 
87869      DEBUG main            d.u.i.k.m.s.ProofScriptEngine 7: 'instantiate hide var=iv with=i_0' 
87873      DEBUG main            d.u.i.k.m.s.ProofScriptEngine 8: 'instantiate hide var=jv with=j_0' 
87875      DEBUG main            d.u.i.k.m.s.ProofScriptEngine 9: 'auto' 
94249      DEBUG main            d.u.i.k.m.s.ProofScriptEngine 10: 'macro simp-upd' 
94363      DEBUG main            d.u.i.k.m.s.ProofScriptEngine 11: 'rule seqPermFromSwap' 
94367      DEBUG main            d.u.i.k.m.s.ProofScriptEngine 12: 'rule andRight' 
94368      DEBUG main            d.u.i.k.m.s.ProofScriptEngine 13: 'auto' 
94381      DEBUG main            d.u.i.k.m.s.ProofScriptEngine 14: 'instantiate hide var=iv with=i_0' 
94384      DEBUG main            d.u.i.k.m.s.ProofScriptEngine 15: 'instantiate hide var=jv with=to' 
94385      DEBUG main            d.u.i.k.m.s.ProofScriptEngine 16: 'auto' 
99302      INFO  main            d.u.i.k.p.r.p.TestFile    ... finished proof: closed. 
99741      INFO  main            d.u.i.k.p.i.AbstractProblemLoader Loading environment from /home/runner/work/key/key/key.core/../key.ui/examples/heap/quicksort/split.key.proof 
99741      DEBUG main            d.u.i.k.p.i.AbstractProblemLoader Environment load took 396.3ns 
99750      INFO  main            d.u.i.k.p.i.AbstractProblemLoader Creating init config 
102360     DEBUG main            d.u.i.k.p.i.AbstractProblemLoader Init config took 2.61s 
102405     INFO  main            d.u.i.k.p.i.AbstractProblemLoader Replaying proof Quicksort[Quicksort::split([I,int,int)].JML normal_behavior operation contract.0 
105851     DEBUG main            d.u.i.k.p.i.IntermediateProofReplayer Proof replay took 3.24s 
105864     DEBUG main            d.u.i.k.p.r.p.TestFile    ... success: reloaded. 
1678672    INFO  Test worker     d.u.i.k.p.r.RunAllProofsTestUnit Returning from test quicksort 
1678674    INFO  Test worker     d.u.i.k.p.r.RunAllProofsTestUnit Running test simpleTests 
321        INFO  Timeout watchdog d.u.i.k.p.r.p.ForkedTestFileRunner Timeout watcher launched (2000 secs.) 
334        WARN  main            d.u.i.k.s.ProofSettings   The settings in /home/runner/.key/proof-settings.props are *not* read. 
381        INFO  main            d.u.i.k.p.r.p.TestFile    Now processing file /home/runner/work/key/key/key.core/../key.ui/examples/heap/simple/anonymise_datagroup.key 
485        INFO  main            d.u.i.k.p.i.AbstractProblemLoader Loading environment from /home/runner/work/key/key/key.core/../key.ui/examples/heap/simple/anonymise_datagroup.key 
501        DEBUG main            d.u.i.k.p.i.AbstractProblemLoader Environment load took 2ms 
729        INFO  main            d.u.i.k.p.i.AbstractProblemLoader Creating init config 
1505       DEBUG main            d.u.i.k.j.TypeConverter   No LDT found for Meta 
1505       DEBUG main            d.u.i.k.j.TypeConverter   No LDT found for Meta 
1507       DEBUG main            d.u.i.k.j.TypeConverter   No LDT found for Meta 
1507       DEBUG main            d.u.i.k.j.TypeConverter   No LDT found for Meta 
2882       DEBUG main            d.u.i.k.j.TypeConverter   No LDT found for JavaBigintExpression 
7532       DEBUG main            d.u.i.k.p.i.AbstractProblemLoader Init config took 6.8s 
7592       INFO  main            d.u.i.k.p.i.AbstractProblemLoader Replaying proof anonymise_datagroup.key 
7621       DEBUG main            d.u.i.k.p.i.IntermediateProofReplayer Proof replay took 35.2ns 
7875       INFO  main            d.u.i.k.p.r.p.TestFile    ... finished proof: closed. 
7970       INFO  main            d.u.i.k.p.i.AbstractProblemLoader Loading environment from /home/runner/work/key/key/key.core/../key.ui/examples/heap/simple/anonymise_datagroup.key.proof 
7970       DEBUG main            d.u.i.k.p.i.AbstractProblemLoader Environment load took 139.3ns 
7975       INFO  main            d.u.i.k.p.i.AbstractProblemLoader Creating init config 
10678      DEBUG main            d.u.i.k.p.i.AbstractProblemLoader Init config took 2.7s 
10707      INFO  main            d.u.i.k.p.i.AbstractProblemLoader Replaying proof anonymise_datagroup.key.proof 
10721      DEBUG main            d.u.i.k.p.i.IntermediateProofReplayer Proof replay took 9.36ms 
10730      DEBUG main            d.u.i.k.p.r.p.TestFile    ... success: reloaded. 
10731      INFO  main            d.u.i.k.p.r.p.TestFile    Now processing file /home/runner/work/key/key/key.core/../key.ui/examples/heap/simple/array_creation.key 
10731      INFO  main            d.u.i.k.p.i.AbstractProblemLoader Loading environment from /home/runner/work/key/key/key.core/../key.ui/examples/heap/simple/array_creation.key 
10731      DEBUG main            d.u.i.k.p.i.AbstractProblemLoader Environment load took 72.7ns 
10733      INFO  main            d.u.i.k.p.i.AbstractProblemLoader Creating init config 
13341      DEBUG main            d.u.i.k.p.i.AbstractProblemLoader Init config took 2.61s 
13374      INFO  main            d.u.i.k.p.i.AbstractProblemLoader Replaying proof array_creation.key 
13379      DEBUG main            d.u.i.k.p.i.IntermediateProofReplayer Proof replay took 6.8ns 
13989      INFO  main            d.u.i.k.p.r.p.TestFile    ... finished proof: closed. 
14113      INFO  main            d.u.i.k.p.i.AbstractProblemLoader Loading environment from /home/runner/work/key/key/key.core/../key.ui/examples/heap/simple/array_creation.key.proof 
14113      DEBUG main            d.u.i.k.p.i.AbstractProblemLoader Environment load took 425ns 
14115      INFO  main            d.u.i.k.p.i.AbstractProblemLoader Creating init config 
16684      DEBUG main            d.u.i.k.p.i.AbstractProblemLoader Init config took 2.57s 
16712      INFO  main            d.u.i.k.p.i.AbstractProblemLoader Replaying proof array_creation.key.proof 
16807      DEBUG main            d.u.i.k.p.i.IntermediateProofReplayer Proof replay took 90.35ms 
16808      DEBUG main            d.u.i.k.p.r.p.TestFile    ... success: reloaded. 
16810      INFO  main            d.u.i.k.p.r.p.TestFile    Now processing file /home/runner/work/key/key/key.core/../key.ui/examples/heap/simple/arrays_with_disjoint_sorts.key 
16810      INFO  main            d.u.i.k.p.i.AbstractProblemLoader Loading environment from /home/runner/work/key/key/key.core/../key.ui/examples/heap/simple/arrays_with_disjoint_sorts.key 
16810      DEBUG main            d.u.i.k.p.i.AbstractProblemLoader Environment load took 234.2ns 
16812      INFO  main            d.u.i.k.p.i.AbstractProblemLoader Creating init config 
19260      DEBUG main            d.u.i.k.p.i.AbstractProblemLoader Init config took 2.45s 
19281      INFO  main            d.u.i.k.p.i.AbstractProblemLoader Replaying proof arrays_with_disjoint_sorts.key 
19283      DEBUG main            d.u.i.k.p.i.IntermediateProofReplayer Proof replay took 6.5ns 
19486      INFO  main            d.u.i.k.p.r.p.TestFile    ... finished proof: closed. 
19681      INFO  main            d.u.i.k.p.i.AbstractProblemLoader Loading environment from /home/runner/work/key/key/key.core/../key.ui/examples/heap/simple/arrays_with_disjoint_sorts.key.proof 
19682      DEBUG main            d.u.i.k.p.i.AbstractProblemLoader Environment load took 390.8ns 
19684      INFO  main            d.u.i.k.p.i.AbstractProblemLoader Creating init config 
22085      DEBUG main            d.u.i.k.p.i.AbstractProblemLoader Init config took 2.4s 
22130      INFO  main            d.u.i.k.p.i.AbstractProblemLoader Replaying proof arrays_with_disjoint_sorts.key.proof 
22167      DEBUG main            d.u.i.k.p.i.IntermediateProofReplayer Proof replay took 32.59ms 
22168      DEBUG main            d.u.i.k.p.r.p.TestFile    ... success: reloaded. 
22169      INFO  main            d.u.i.k.p.r.p.TestFile    Now processing file /home/runner/work/key/key/key.core/../key.ui/examples/heap/simple/arrays.key 
22170      INFO  main            d.u.i.k.p.i.AbstractProblemLoader Loading environment from /home/runner/work/key/key/key.core/../key.ui/examples/heap/simple/arrays.key 
22170      DEBUG main            d.u.i.k.p.i.AbstractProblemLoader Environment load took 201.1ns 
22171      INFO  main            d.u.i.k.p.i.AbstractProblemLoader Creating init config 
24624      DEBUG main            d.u.i.k.p.i.AbstractProblemLoader Init config took 2.45s 
24644      INFO  main            d.u.i.k.p.i.AbstractProblemLoader Replaying proof arrays.key 
24647      DEBUG main            d.u.i.k.p.i.IntermediateProofReplayer Proof replay took 5.1ns 
24750      INFO  main            d.u.i.k.p.r.p.TestFile    ... finished proof: closed. 
24890      INFO  main            d.u.i.k.p.i.AbstractProblemLoader Loading environment from /home/runner/work/key/key/key.core/../key.ui/examples/heap/simple/arrays.key.proof 
24891      DEBUG main            d.u.i.k.p.i.AbstractProblemLoader Environment load took 106.5ns 
24892      INFO  main            d.u.i.k.p.i.AbstractProblemLoader Creating init config 
27314      DEBUG main            d.u.i.k.p.i.AbstractProblemLoader Init config took 2.42s 
27334      INFO  main            d.u.i.k.p.i.AbstractProblemLoader Replaying proof arrays.key.proof 
27371      DEBUG main            d.u.i.k.p.i.IntermediateProofReplayer Proof replay took 31.2ms 
27375      DEBUG main            d.u.i.k.p.r.p.TestFile    ... success: reloaded. 
27376      INFO  main            d.u.i.k.p.r.p.TestFile    Now processing file /home/runner/work/key/key/key.core/../key.ui/examples/heap/simple/attributes.key 
27377      INFO  main            d.u.i.k.p.i.AbstractProblemLoader Loading environment from /home/runner/work/key/key/key.core/../key.ui/examples/heap/simple/attributes.key 
27378      DEBUG main            d.u.i.k.p.i.AbstractProblemLoader Environment load took 230.5ns 
27379      INFO  main            d.u.i.k.p.i.AbstractProblemLoader Creating init config 
29846      DEBUG main            d.u.i.k.p.i.AbstractProblemLoader Init config took 2.47s 
29865      INFO  main            d.u.i.k.p.i.AbstractProblemLoader Replaying proof attributes.key 
29867      DEBUG main            d.u.i.k.p.i.IntermediateProofReplayer Proof replay took 5.1ns 
29969      INFO  main            d.u.i.k.p.r.p.TestFile    ... finished proof: closed. 
30135      INFO  main            d.u.i.k.p.i.AbstractProblemLoader Loading environment from /home/runner/work/key/key/key.core/../key.ui/examples/heap/simple/attributes.key.proof 
30135      DEBUG main            d.u.i.k.p.i.AbstractProblemLoader Environment load took 110.8ns 
30136      INFO  main            d.u.i.k.p.i.AbstractProblemLoader Creating init config 
32494      DEBUG main            d.u.i.k.p.i.AbstractProblemLoader Init config took 2.36s 
32516      INFO  main            d.u.i.k.p.i.AbstractProblemLoader Replaying proof attributes.key.proof 
32521      DEBUG main            d.u.i.k.p.i.IntermediateProofReplayer Proof replay took 2.83ms 
32522      DEBUG main            d.u.i.k.p.r.p.TestFile    ... success: reloaded. 
32523      INFO  main            d.u.i.k.p.r.p.TestFile    Now processing file /home/runner/work/key/key/key.core/../key.ui/examples/heap/simple/constructor_contracts.key 
32523      INFO  main            d.u.i.k.p.i.AbstractProblemLoader Loading environment from /home/runner/work/key/key/key.core/../key.ui/examples/heap/simple/constructor_contracts.key 
32523      DEBUG main            d.u.i.k.p.i.AbstractProblemLoader Environment load took 185.6ns 
32526      INFO  main            d.u.i.k.p.i.AbstractProblemLoader Creating init config 
35419      DEBUG main            d.u.i.k.p.i.AbstractProblemLoader Init config took 2.89s 
35440      INFO  main            d.u.i.k.p.i.AbstractProblemLoader Replaying proof constructor_contracts.key 
35442      DEBUG main            d.u.i.k.p.i.IntermediateProofReplayer Proof replay took 5ns 
36048      INFO  main            d.u.i.k.p.r.p.TestFile    ... finished proof: closed. 
36206      INFO  main            d.u.i.k.p.i.AbstractProblemLoader Loading environment from /home/runner/work/key/key/key.core/../key.ui/examples/heap/simple/constructor_contracts.key.proof 
36207      DEBUG main            d.u.i.k.p.i.AbstractProblemLoader Environment load took 375.5ns 
36208      INFO  main            d.u.i.k.p.i.AbstractProblemLoader Creating init config 
38952      DEBUG main            d.u.i.k.p.i.AbstractProblemLoader Init config took 2.74s 
38973      INFO  main            d.u.i.k.p.i.AbstractProblemLoader Replaying proof constructor_contracts.key.proof 
39081      DEBUG main            d.u.i.k.p.i.IntermediateProofReplayer Proof replay took 103.29ms 
39083      DEBUG main            d.u.i.k.p.r.p.TestFile    ... success: reloaded. 
39086      INFO  main            d.u.i.k.p.r.p.TestFile    Now processing file /home/runner/work/key/key/key.core/../key.ui/examples/heap/simple/dependencies.key 
39087      INFO  main            d.u.i.k.p.i.AbstractProblemLoader Loading environment from /home/runner/work/key/key/key.core/../key.ui/examples/heap/simple/dependencies.key 
39087      DEBUG main            d.u.i.k.p.i.AbstractProblemLoader Environment load took 202.3ns 
39088      INFO  main            d.u.i.k.p.i.AbstractProblemLoader Creating init config 
41639      DEBUG main            d.u.i.k.p.i.AbstractProblemLoader Init config took 2.55s 
41656      INFO  main            d.u.i.k.p.i.AbstractProblemLoader Replaying proof dependencies.key 
41658      DEBUG main            d.u.i.k.p.i.IntermediateProofReplayer Proof replay took 5.1ns 
41762      INFO  main            d.u.i.k.p.r.p.TestFile    ... finished proof: closed. 
41923      INFO  main            d.u.i.k.p.i.AbstractProblemLoader Loading environment from /home/runner/work/key/key/key.core/../key.ui/examples/heap/simple/dependencies.key.proof 
41923      DEBUG main            d.u.i.k.p.i.AbstractProblemLoader Environment load took 108.9ns 
41924      INFO  main            d.u.i.k.p.i.AbstractProblemLoader Creating init config 
44346      DEBUG main            d.u.i.k.p.i.AbstractProblemLoader Init config took 2.42s 
44364      INFO  main            d.u.i.k.p.i.AbstractProblemLoader Replaying proof dependencies.key.proof 
44375      DEBUG main            d.u.i.k.p.i.IntermediateProofReplayer Proof replay took 8.25ms 
44376      DEBUG main            d.u.i.k.p.r.p.TestFile    ... success: reloaded. 
44376      INFO  main            d.u.i.k.p.r.p.TestFile    Now processing file /home/runner/work/key/key/key.core/../key.ui/examples/heap/simple/dependency_contracts.key 
44376      INFO  main            d.u.i.k.p.i.AbstractProblemLoader Loading environment from /home/runner/work/key/key/key.core/../key.ui/examples/heap/simple/dependency_contracts.key 
44377      DEBUG main            d.u.i.k.p.i.AbstractProblemLoader Environment load took 81.7ns 
44378      INFO  main            d.u.i.k.p.i.AbstractProblemLoader Creating init config 
46996      DEBUG main            d.u.i.k.p.i.AbstractProblemLoader Init config took 2.62s 
47016      INFO  main            d.u.i.k.p.i.AbstractProblemLoader Replaying proof dependency_contracts.key 
47018      DEBUG main            d.u.i.k.p.i.IntermediateProofReplayer Proof replay took 5.7ns 
48525      INFO  main            d.u.i.k.p.r.p.TestFile    ... finished proof: closed. 
48716      INFO  main            d.u.i.k.p.i.AbstractProblemLoader Loading environment from /home/runner/work/key/key/key.core/../key.ui/examples/heap/simple/dependency_contracts.key.proof 
48717      DEBUG main            d.u.i.k.p.i.AbstractProblemLoader Environment load took 385.7ns 
48719      INFO  main            d.u.i.k.p.i.AbstractProblemLoader Creating init config 
51343      DEBUG main            d.u.i.k.p.i.AbstractProblemLoader Init config took 2.62s 
51363      INFO  main            d.u.i.k.p.i.AbstractProblemLoader Replaying proof dependency_contracts.key.proof 
51539      DEBUG main            d.u.i.k.p.i.IntermediateProofReplayer Proof replay took 166.64ms 
51541      DEBUG main            d.u.i.k.p.r.p.TestFile    ... success: reloaded. 
51543      INFO  main            d.u.i.k.p.r.p.TestFile    Now processing file /home/runner/work/key/key/key.core/../key.ui/examples/heap/simple/invariant_preservation.key 
51543      INFO  main            d.u.i.k.p.i.AbstractProblemLoader Loading environment from /home/runner/work/key/key/key.core/../key.ui/examples/heap/simple/invariant_preservation.key 
51543      DEBUG main            d.u.i.k.p.i.AbstractProblemLoader Environment load took 187.8ns 
51545      INFO  main            d.u.i.k.p.i.AbstractProblemLoader Creating init config 
54211      DEBUG main            d.u.i.k.p.i.AbstractProblemLoader Init config took 2.67s 
54230      INFO  main            d.u.i.k.p.i.AbstractProblemLoader Replaying proof invariant_preservation.key 
54232      DEBUG main            d.u.i.k.p.i.IntermediateProofReplayer Proof replay took 5.2ns 
54434      INFO  main            d.u.i.k.p.r.p.TestFile    ... finished proof: closed. 
54623      INFO  main            d.u.i.k.p.i.AbstractProblemLoader Loading environment from /home/runner/work/key/key/key.core/../key.ui/examples/heap/simple/invariant_preservation.key.proof 
54623      DEBUG main            d.u.i.k.p.i.AbstractProblemLoader Environment load took 107ns 
54625      INFO  main            d.u.i.k.p.i.AbstractProblemLoader Creating init config 
57226      DEBUG main            d.u.i.k.p.i.AbstractProblemLoader Init config took 2.6s 
57245      INFO  main            d.u.i.k.p.i.AbstractProblemLoader Replaying proof invariant_preservation.key.proof 
57274      DEBUG main            d.u.i.k.p.i.IntermediateProofReplayer Proof replay took 26.25ms 
57276      DEBUG main            d.u.i.k.p.r.p.TestFile    ... success: reloaded. 
57277      INFO  main            d.u.i.k.p.r.p.TestFile    Now processing file /home/runner/work/key/key/key.core/../key.ui/examples/heap/simple/locsets.key 
57277      INFO  main            d.u.i.k.p.i.AbstractProblemLoader Loading environment from /home/runner/work/key/key/key.core/../key.ui/examples/heap/simple/locsets.key 
57277      DEBUG main            d.u.i.k.p.i.AbstractProblemLoader Environment load took 198.7ns 
57278      INFO  main            d.u.i.k.p.i.AbstractProblemLoader Creating init config 
59720      DEBUG main            d.u.i.k.p.i.AbstractProblemLoader Init config took 2.44s 
59739      INFO  main            d.u.i.k.p.i.AbstractProblemLoader Replaying proof locsets.key 
59740      DEBUG main            d.u.i.k.p.i.IntermediateProofReplayer Proof replay took 5.4ns 
59846      INFO  main            d.u.i.k.p.r.p.TestFile    ... finished proof: closed. 
60026      INFO  main            d.u.i.k.p.i.AbstractProblemLoader Loading environment from /home/runner/work/key/key/key.core/../key.ui/examples/heap/simple/locsets.key.proof 
60026      DEBUG main            d.u.i.k.p.i.AbstractProblemLoader Environment load took 116.3ns 
60027      INFO  main            d.u.i.k.p.i.AbstractProblemLoader Creating init config 
62374      DEBUG main            d.u.i.k.p.i.AbstractProblemLoader Init config took 2.35s 
62391      INFO  main            d.u.i.k.p.i.AbstractProblemLoader Replaying proof locsets.key.proof 
62394      DEBUG main            d.u.i.k.p.i.IntermediateProofReplayer Proof replay took 1.6ms 
62395      DEBUG main            d.u.i.k.p.r.p.TestFile    ... success: reloaded. 
62395      INFO  main            d.u.i.k.p.r.p.TestFile    Now processing file /home/runner/work/key/key/key.core/../key.ui/examples/heap/simple/loop1.key 
62396      INFO  main            d.u.i.k.p.i.AbstractProblemLoader Loading environment from /home/runner/work/key/key/key.core/../key.ui/examples/heap/simple/loop1.key 
62396      DEBUG main            d.u.i.k.p.i.AbstractProblemLoader Environment load took 185.1ns 
62397      INFO  main            d.u.i.k.p.i.AbstractProblemLoader Creating init config 
65008      DEBUG main            d.u.i.k.p.i.AbstractProblemLoader Init config took 2.61s 
65024      INFO  main            d.u.i.k.p.i.AbstractProblemLoader Replaying proof loop1.key 
65025      DEBUG main            d.u.i.k.p.i.IntermediateProofReplayer Proof replay took 5.5ns 
65243      INFO  main            d.u.i.k.p.r.p.TestFile    ... finished proof: closed. 
65407      INFO  main            d.u.i.k.p.i.AbstractProblemLoader Loading environment from /home/runner/work/key/key/key.core/../key.ui/examples/heap/simple/loop1.key.proof 
65407      DEBUG main            d.u.i.k.p.i.AbstractProblemLoader Environment load took 103.6ns 
65408      INFO  main            d.u.i.k.p.i.AbstractProblemLoader Creating init config 
67988      DEBUG main            d.u.i.k.p.i.AbstractProblemLoader Init config took 2.58s 
68005      INFO  main            d.u.i.k.p.i.AbstractProblemLoader Replaying proof loop1.key.proof 
68073      DEBUG main            d.u.i.k.p.i.IntermediateProofReplayer Proof replay took 66.36ms 
68074      DEBUG main            d.u.i.k.p.r.p.TestFile    ... success: reloaded. 
68077      INFO  main            d.u.i.k.p.r.p.TestFile    Now processing file /home/runner/work/key/key/key.core/../key.ui/examples/heap/simple/loop2.key 
68077      INFO  main            d.u.i.k.p.i.AbstractProblemLoader Loading environment from /home/runner/work/key/key/key.core/../key.ui/examples/heap/simple/loop2.key 
68077      DEBUG main            d.u.i.k.p.i.AbstractProblemLoader Environment load took 87.8ns 
68079      INFO  main            d.u.i.k.p.i.AbstractProblemLoader Creating init config 
70697      DEBUG main            d.u.i.k.p.i.AbstractProblemLoader Init config took 2.62s 
70712      INFO  main            d.u.i.k.p.i.AbstractProblemLoader Replaying proof loop2.key 
70714      DEBUG main            d.u.i.k.p.i.IntermediateProofReplayer Proof replay took 16.4ns 
71320      INFO  main            d.u.i.k.p.r.p.TestFile    ... finished proof: closed. 
71516      INFO  main            d.u.i.k.p.i.AbstractProblemLoader Loading environment from /home/runner/work/key/key/key.core/../key.ui/examples/heap/simple/loop2.key.proof 
71517      DEBUG main            d.u.i.k.p.i.AbstractProblemLoader Environment load took 524.8ns 
71518      INFO  main            d.u.i.k.p.i.AbstractProblemLoader Creating init config 
74088      DEBUG main            d.u.i.k.p.i.AbstractProblemLoader Init config took 2.57s 
74109      INFO  main            d.u.i.k.p.i.AbstractProblemLoader Replaying proof loop2.key.proof 
74239      DEBUG main            d.u.i.k.p.i.IntermediateProofReplayer Proof replay took 123.77ms 
74240      DEBUG main            d.u.i.k.p.r.p.TestFile    ... success: reloaded. 
74242      INFO  main            d.u.i.k.p.r.p.TestFile    Now processing file /home/runner/work/key/key/key.core/../key.ui/examples/heap/simple/modifies_datagroup.key 
74242      INFO  main            d.u.i.k.p.i.AbstractProblemLoader Loading environment from /home/runner/work/key/key/key.core/../key.ui/examples/heap/simple/modifies_datagroup.key 
74242      DEBUG main            d.u.i.k.p.i.AbstractProblemLoader Environment load took 190ns 
74243      INFO  main            d.u.i.k.p.i.AbstractProblemLoader Creating init config 
76592      DEBUG main            d.u.i.k.p.i.AbstractProblemLoader Init config took 2.35s 
76606      INFO  main            d.u.i.k.p.i.AbstractProblemLoader Replaying proof modifies_datagroup.key 
76607      DEBUG main            d.u.i.k.p.i.IntermediateProofReplayer Proof replay took 5.6ns 
76709      INFO  main            d.u.i.k.p.r.p.TestFile    ... finished proof: closed. 
76904      INFO  main            d.u.i.k.p.i.AbstractProblemLoader Loading environment from /home/runner/work/key/key/key.core/../key.ui/examples/heap/simple/modifies_datagroup.key.proof 
76904      DEBUG main            d.u.i.k.p.i.AbstractProblemLoader Environment load took 102.6ns 
76905      INFO  main            d.u.i.k.p.i.AbstractProblemLoader Creating init config 
79262      DEBUG main            d.u.i.k.p.i.AbstractProblemLoader Init config took 2.36s 
79277      INFO  main            d.u.i.k.p.i.AbstractProblemLoader Replaying proof modifies_datagroup.key.proof 
79281      DEBUG main            d.u.i.k.p.i.IntermediateProofReplayer Proof replay took 2.97ms 
79282      DEBUG main            d.u.i.k.p.r.p.TestFile    ... success: reloaded. 
79282      INFO  main            d.u.i.k.p.r.p.TestFile    Now processing file /home/runner/work/key/key/key.core/../key.ui/examples/heap/simple/modifies.key 
79283      INFO  main            d.u.i.k.p.i.AbstractProblemLoader Loading environment from /home/runner/work/key/key/key.core/../key.ui/examples/heap/simple/modifies.key 
79283      DEBUG main            d.u.i.k.p.i.AbstractProblemLoader Environment load took 118.4ns 
79284      INFO  main            d.u.i.k.p.i.AbstractProblemLoader Creating init config 
81608      DEBUG main            d.u.i.k.p.i.AbstractProblemLoader Init config took 2.32s 
81622      INFO  main            d.u.i.k.p.i.AbstractProblemLoader Replaying proof modifies.key 
81623      DEBUG main            d.u.i.k.p.i.IntermediateProofReplayer Proof replay took 6.2ns 
81726      INFO  main            d.u.i.k.p.r.p.TestFile    ... finished proof: closed. 
81918      INFO  main            d.u.i.k.p.i.AbstractProblemLoader Loading environment from /home/runner/work/key/key/key.core/../key.ui/examples/heap/simple/modifies.key.proof 
81918      DEBUG main            d.u.i.k.p.i.AbstractProblemLoader Environment load took 105ns 
81921      INFO  main            d.u.i.k.p.i.AbstractProblemLoader Creating init config 
84246      DEBUG main            d.u.i.k.p.i.AbstractProblemLoader Init config took 2.33s 
84259      INFO  main            d.u.i.k.p.i.AbstractProblemLoader Replaying proof modifies.key.proof 
84272      DEBUG main            d.u.i.k.p.i.IntermediateProofReplayer Proof replay took 10.53ms 
84273      DEBUG main            d.u.i.k.p.r.p.TestFile    ... success: reloaded. 
84273      INFO  main            d.u.i.k.p.r.p.TestFile    Now processing file /home/runner/work/key/key/key.core/../key.ui/examples/heap/simple/object_creation.key 
84274      INFO  main            d.u.i.k.p.i.AbstractProblemLoader Loading environment from /home/runner/work/key/key/key.core/../key.ui/examples/heap/simple/object_creation.key 
84274      DEBUG main            d.u.i.k.p.i.AbstractProblemLoader Environment load took 155.9ns 
84275      INFO  main            d.u.i.k.p.i.AbstractProblemLoader Creating init config 
86669      DEBUG main            d.u.i.k.p.i.AbstractProblemLoader Init config took 2.39s 
86684      INFO  main            d.u.i.k.p.i.AbstractProblemLoader Replaying proof object_creation.key 
86685      DEBUG main            d.u.i.k.p.i.IntermediateProofReplayer Proof replay took 5.9ns 
86890      INFO  main            d.u.i.k.p.r.p.TestFile    ... finished proof: closed. 
87090      INFO  main            d.u.i.k.p.i.AbstractProblemLoader Loading environment from /home/runner/work/key/key/key.core/../key.ui/examples/heap/simple/object_creation.key.proof 
87090      DEBUG main            d.u.i.k.p.i.AbstractProblemLoader Environment load took 105.1ns 
87091      INFO  main            d.u.i.k.p.i.AbstractProblemLoader Creating init config 
89409      DEBUG main            d.u.i.k.p.i.AbstractProblemLoader Init config took 2.32s 
89423      INFO  main            d.u.i.k.p.i.AbstractProblemLoader Replaying proof object_creation.key.proof 
89467      DEBUG main            d.u.i.k.p.i.IntermediateProofReplayer Proof replay took 41.38ms 
89467      DEBUG main            d.u.i.k.p.r.p.TestFile    ... success: reloaded. 
89468      INFO  main            d.u.i.k.p.r.p.TestFile    Now processing file /home/runner/work/key/key/key.core/../key.ui/examples/heap/simple/operation_contracts.key 
89468      INFO  main            d.u.i.k.p.i.AbstractProblemLoader Loading environment from /home/runner/work/key/key/key.core/../key.ui/examples/heap/simple/operation_contracts.key 
89468      DEBUG main            d.u.i.k.p.i.AbstractProblemLoader Environment load took 85.7ns 
89470      INFO  main            d.u.i.k.p.i.AbstractProblemLoader Creating init config 
92096      DEBUG main            d.u.i.k.p.i.AbstractProblemLoader Init config took 2.63s 
92111      INFO  main            d.u.i.k.p.i.AbstractProblemLoader Replaying proof operation_contracts.key 
92112      DEBUG main            d.u.i.k.p.i.IntermediateProofReplayer Proof replay took 5.9ns 
92918      INFO  main            d.u.i.k.p.r.p.TestFile    ... finished proof: closed. 
93149      INFO  main            d.u.i.k.p.i.AbstractProblemLoader Loading environment from /home/runner/work/key/key/key.core/../key.ui/examples/heap/simple/operation_contracts.key.proof 
93149      DEBUG main            d.u.i.k.p.i.AbstractProblemLoader Environment load took 369.4ns 
93151      INFO  main            d.u.i.k.p.i.AbstractProblemLoader Creating init config 
95706      DEBUG main            d.u.i.k.p.i.AbstractProblemLoader Init config took 2.55s 
95721      INFO  main            d.u.i.k.p.i.AbstractProblemLoader Replaying proof operation_contracts.key.proof 
95829      DEBUG main            d.u.i.k.p.i.IntermediateProofReplayer Proof replay took 100.66ms 
95831      DEBUG main            d.u.i.k.p.r.p.TestFile    ... success: reloaded. 
95832      INFO  main            d.u.i.k.p.r.p.TestFile    Now processing file /home/runner/work/key/key/key.core/../key.ui/examples/heap/simple/select_store.key 
95832      INFO  main            d.u.i.k.p.i.AbstractProblemLoader Loading environment from /home/runner/work/key/key/key.core/../key.ui/examples/heap/simple/select_store.key 
95832      DEBUG main            d.u.i.k.p.i.AbstractProblemLoader Environment load took 190.7ns 
95833      INFO  main            d.u.i.k.p.i.AbstractProblemLoader Creating init config 
98250      DEBUG main            d.u.i.k.p.i.AbstractProblemLoader Init config took 2.42s 
98263      INFO  main            d.u.i.k.p.i.AbstractProblemLoader Replaying proof select_store.key 
98264      DEBUG main            d.u.i.k.p.i.IntermediateProofReplayer Proof replay took 6.5ns 
98367      INFO  main            d.u.i.k.p.r.p.TestFile    ... finished proof: closed. 
98570      INFO  main            d.u.i.k.p.i.AbstractProblemLoader Loading environment from /home/runner/work/key/key/key.core/../key.ui/examples/heap/simple/select_store.key.proof 
98570      DEBUG main            d.u.i.k.p.i.AbstractProblemLoader Environment load took 139ns 
98571      INFO  main            d.u.i.k.p.i.AbstractProblemLoader Creating init config 
100882     DEBUG main            d.u.i.k.p.i.AbstractProblemLoader Init config took 2.31s 
100895     INFO  main            d.u.i.k.p.i.AbstractProblemLoader Replaying proof select_store.key.proof 
100898     DEBUG main            d.u.i.k.p.i.IntermediateProofReplayer Proof replay took 1.88ms 
100902     DEBUG main            d.u.i.k.p.r.p.TestFile    ... success: reloaded. 
100903     INFO  main            d.u.i.k.p.r.p.TestFile    Now processing file /home/runner/work/key/key/key.core/../key.ui/examples/heap/simple/selection_sort.key 
100904     INFO  main            d.u.i.k.p.i.AbstractProblemLoader Loading environment from /home/runner/work/key/key/key.core/../key.ui/examples/heap/simple/selection_sort.key 
100904     DEBUG main            d.u.i.k.p.i.AbstractProblemLoader Environment load took 183.1ns 
100906     INFO  main            d.u.i.k.p.i.AbstractProblemLoader Creating init config 
103538     DEBUG main            d.u.i.k.p.i.AbstractProblemLoader Init config took 2.63s 
103552     INFO  main            d.u.i.k.p.i.AbstractProblemLoader Replaying proof selection_sort.key 
103554     DEBUG main            d.u.i.k.p.i.IntermediateProofReplayer Proof replay took 6.1ns 
107067     INFO  main            d.u.i.k.p.r.p.TestFile    ... finished proof: closed. 
107340     INFO  main            d.u.i.k.p.i.AbstractProblemLoader Loading environment from /home/runner/work/key/key/key.core/../key.ui/examples/heap/simple/selection_sort.key.proof 
107340     DEBUG main            d.u.i.k.p.i.AbstractProblemLoader Environment load took 374.4ns 
107342     INFO  main            d.u.i.k.p.i.AbstractProblemLoader Creating init config 
109902     DEBUG main            d.u.i.k.p.i.AbstractProblemLoader Init config took 2.56s 
109916     INFO  main            d.u.i.k.p.i.AbstractProblemLoader Replaying proof selection_sort.key.proof 
110547     DEBUG main            d.u.i.k.p.i.IntermediateProofReplayer Proof replay took 608.76ms 
110550     DEBUG main            d.u.i.k.p.r.p.TestFile    ... success: reloaded. 
110552     INFO  main            d.u.i.k.p.r.p.TestFile    Now processing file /home/runner/work/key/key/key.core/../key.ui/examples/heap/simple/seq.key 
110552     INFO  main            d.u.i.k.p.i.AbstractProblemLoader Loading environment from /home/runner/work/key/key/key.core/../key.ui/examples/heap/simple/seq.key 
110553     DEBUG main            d.u.i.k.p.i.AbstractProblemLoader Environment load took 85.1ns 
110554     INFO  main            d.u.i.k.p.i.AbstractProblemLoader Creating init config 
112931     DEBUG main            d.u.i.k.p.i.AbstractProblemLoader Init config took 2.38s 
112944     INFO  main            d.u.i.k.p.i.AbstractProblemLoader Replaying proof seq.key 
112945     DEBUG main            d.u.i.k.p.i.IntermediateProofReplayer Proof replay took 6.3ns 
113351     INFO  main            d.u.i.k.p.r.p.TestFile    ... finished proof: closed. 
113651     INFO  main            d.u.i.k.p.i.AbstractProblemLoader Loading environment from /home/runner/work/key/key/key.core/../key.ui/examples/heap/simple/seq.key.proof 
113651     DEBUG main            d.u.i.k.p.i.AbstractProblemLoader Environment load took 106.8ns 
113652     INFO  main            d.u.i.k.p.i.AbstractProblemLoader Creating init config 
115953     DEBUG main            d.u.i.k.p.i.AbstractProblemLoader Init config took 2.3s 
115967     INFO  main            d.u.i.k.p.i.AbstractProblemLoader Replaying proof seq.key.proof 
116014     DEBUG main            d.u.i.k.p.i.IntermediateProofReplayer Proof replay took 42.92ms 
116015     DEBUG main            d.u.i.k.p.r.p.TestFile    ... success: reloaded. 
116016     INFO  main            d.u.i.k.p.r.p.TestFile    Now processing file /home/runner/work/key/key/key.core/../key.ui/examples/heap/simple/oldForParams.key 
116016     INFO  main            d.u.i.k.p.i.AbstractProblemLoader Loading environment from /home/runner/work/key/key/key.core/../key.ui/examples/heap/simple/oldForParams.key 
116016     DEBUG main            d.u.i.k.p.i.AbstractProblemLoader Environment load took 80.9ns 
116017     INFO  main            d.u.i.k.p.i.AbstractProblemLoader Creating init config 
118611     DEBUG main            d.u.i.k.p.i.AbstractProblemLoader Init config took 2.59s 
118670     INFO  main            d.u.i.k.p.i.AbstractProblemLoader Replaying proof OldForParameters[OldForParameters::method(int)].JML operation contract.0 
118672     DEBUG main            d.u.i.k.p.i.IntermediateProofReplayer Proof replay took 5.4ns 
118875     INFO  main            d.u.i.k.p.r.p.TestFile    ... finished proof: closed. 
119113     INFO  main            d.u.i.k.p.i.AbstractProblemLoader Loading environment from /home/runner/work/key/key/key.core/../key.ui/examples/heap/simple/oldForParams.key.proof 
119113     DEBUG main            d.u.i.k.p.i.AbstractProblemLoader Environment load took 98.8ns 
119114     INFO  main            d.u.i.k.p.i.AbstractProblemLoader Creating init config 
121676     DEBUG main            d.u.i.k.p.i.AbstractProblemLoader Init config took 2.56s 
121723     INFO  main            d.u.i.k.p.i.AbstractProblemLoader Replaying proof OldForParameters[OldForParameters::method(int)].JML operation contract.0 
121768     DEBUG main            d.u.i.k.p.i.IntermediateProofReplayer Proof replay took 41.38ms 
121770     DEBUG main            d.u.i.k.p.r.p.TestFile    ... success: reloaded. 
121771     INFO  main            d.u.i.k.p.r.p.TestFile    Now processing file /home/runner/work/key/key/key.core/../key.ui/examples/heap/simple/parse_lmtd.key 
121772     INFO  main            d.u.i.k.p.i.AbstractProblemLoader Loading environment from /home/runner/work/key/key/key.core/../key.ui/examples/heap/simple/parse_lmtd.key 
121772     DEBUG main            d.u.i.k.p.i.AbstractProblemLoader Environment load took 189.5ns 
121773     INFO  main            d.u.i.k.p.i.AbstractProblemLoader Creating init config 
124386     DEBUG main            d.u.i.k.p.i.AbstractProblemLoader Init config took 2.61s 
124428     INFO  main            d.u.i.k.p.i.AbstractProblemLoader Replaying proof ParseLmtd[ParseLmtd::simple(int)].JML normal_behavior operation contract.0 
124430     DEBUG main            d.u.i.k.p.i.IntermediateProofReplayer Proof replay took 4.7ns 
124532     INFO  main            d.u.i.k.p.r.p.TestFile    ... finished proof: closed. 
124766     INFO  main            d.u.i.k.p.i.AbstractProblemLoader Loading environment from /home/runner/work/key/key/key.core/../key.ui/examples/heap/simple/parse_lmtd.key.proof 
124766     DEBUG main            d.u.i.k.p.i.AbstractProblemLoader Environment load took 101.2ns 
124767     INFO  main            d.u.i.k.p.i.AbstractProblemLoader Creating init config 
127319     DEBUG main            d.u.i.k.p.i.AbstractProblemLoader Init config took 2.55s 
127355     INFO  main            d.u.i.k.p.i.AbstractProblemLoader Replaying proof ParseLmtd[ParseLmtd::simple(int)].JML normal_behavior operation contract.0 
127378     DEBUG main            d.u.i.k.p.i.IntermediateProofReplayer Proof replay took 20.65ms 
127379     DEBUG main            d.u.i.k.p.r.p.TestFile    ... success: reloaded. 
127380     INFO  main            d.u.i.k.p.r.p.TestFile    Now processing file /home/runner/work/key/key/key.core/../key.ui/examples/heap/strictly_pure/strictlyPureMethod.key 
127380     INFO  main            d.u.i.k.p.i.AbstractProblemLoader Loading environment from /home/runner/work/key/key/key.core/../key.ui/examples/heap/strictly_pure/strictlyPureMethod.key 
127380     DEBUG main            d.u.i.k.p.i.AbstractProblemLoader Environment load took 82.7ns 
127381     INFO  main            d.u.i.k.p.i.AbstractProblemLoader Creating init config 
129827     DEBUG main            d.u.i.k.p.i.AbstractProblemLoader Init config took 2.45s 
129861     INFO  main            d.u.i.k.p.i.AbstractProblemLoader Replaying proof StrictlyPure[StrictlyPure::strictlyPureMethod()].JML operation contract.0 
129862     DEBUG main            d.u.i.k.p.i.IntermediateProofReplayer Proof replay took 5.4ns 
130068     INFO  main            d.u.i.k.p.r.p.TestFile    ... finished proof: closed. 
130301     INFO  main            d.u.i.k.p.i.AbstractProblemLoader Loading environment from /home/runner/work/key/key/key.core/../key.ui/examples/heap/strictly_pure/strictlyPureMethod.key.proof 
130302     DEBUG main            d.u.i.k.p.i.AbstractProblemLoader Environment load took 99.8ns 
130302     INFO  main            d.u.i.k.p.i.AbstractProblemLoader Creating init config 
132697     DEBUG main            d.u.i.k.p.i.AbstractProblemLoader Init config took 2.39s 
132731     INFO  main            d.u.i.k.p.i.AbstractProblemLoader Replaying proof StrictlyPure[StrictlyPure::strictlyPureMethod()].JML operation contract.0 
132765     DEBUG main            d.u.i.k.p.i.IntermediateProofReplayer Proof replay took 31.73ms 
132766     DEBUG main            d.u.i.k.p.r.p.TestFile    ... success: reloaded. 
132769     INFO  main            d.u.i.k.p.r.p.TestFile    Now processing file /home/runner/work/key/key/key.core/../key.ui/examples/heap/strictly_pure/useStrictlyPureMethod.key 
132769     INFO  main            d.u.i.k.p.i.AbstractProblemLoader Loading environment from /home/runner/work/key/key/key.core/../key.ui/examples/heap/strictly_pure/useStrictlyPureMethod.key 
132770     DEBUG main            d.u.i.k.p.i.AbstractProblemLoader Environment load took 198.4ns 
132771     INFO  main            d.u.i.k.p.i.AbstractProblemLoader Creating init config 
135212     DEBUG main            d.u.i.k.p.i.AbstractProblemLoader Init config took 2.44s 
135245     INFO  main            d.u.i.k.p.i.AbstractProblemLoader Replaying proof StrictlyPure[StrictlyPure::useStrictlyPureMethod(StrictlyPureClass)].JML operation contract.0 
135247     DEBUG main            d.u.i.k.p.i.IntermediateProofReplayer Proof replay took 5.5ns 
135451     INFO  main            d.u.i.k.p.r.p.TestFile    ... finished proof: closed. 
135699     INFO  main            d.u.i.k.p.i.AbstractProblemLoader Loading environment from /home/runner/work/key/key/key.core/../key.ui/examples/heap/strictly_pure/useStrictlyPureMethod.key.proof 
135700     DEBUG main            d.u.i.k.p.i.AbstractProblemLoader Environment load took 94.1ns 
135700     INFO  main            d.u.i.k.p.i.AbstractProblemLoader Creating init config 
138110     DEBUG main            d.u.i.k.p.i.AbstractProblemLoader Init config took 2.41s 
138142     INFO  main            d.u.i.k.p.i.AbstractProblemLoader Replaying proof StrictlyPure[StrictlyPure::useStrictlyPureMethod(StrictlyPureClass)].JML operation contract.0 
138196     DEBUG main            d.u.i.k.p.i.IntermediateProofReplayer Proof replay took 50.56ms 
138197     DEBUG main            d.u.i.k.p.r.p.TestFile    ... success: reloaded. 
138198     INFO  main            d.u.i.k.p.r.p.TestFile    Now processing file /home/runner/work/key/key/key.core/../key.ui/examples/heap/Wellfounded/ackermann.key 
138198     INFO  main            d.u.i.k.p.i.AbstractProblemLoader Loading environment from /home/runner/work/key/key/key.core/../key.ui/examples/heap/Wellfounded/ackermann.key 
138198     DEBUG main            d.u.i.k.p.i.AbstractProblemLoader Environment load took 181ns 
138199     INFO  main            d.u.i.k.p.i.AbstractProblemLoader Creating init config 
140665     DEBUG main            d.u.i.k.p.i.AbstractProblemLoader Init config took 2.47s 
140698     INFO  main            d.u.i.k.p.i.AbstractProblemLoader Replaying proof Ackermann[Ackermann::a(int,int)].JML normal_behavior operation contract.0 
140701     DEBUG main            d.u.i.k.p.i.IntermediateProofReplayer Proof replay took 5.5ns 
141003     INFO  main            d.u.i.k.p.r.p.TestFile    ... finished proof: closed. 
141245     INFO  main            d.u.i.k.p.i.AbstractProblemLoader Loading environment from /home/runner/work/key/key/key.core/../key.ui/examples/heap/Wellfounded/ackermann.key.proof 
141245     DEBUG main            d.u.i.k.p.i.AbstractProblemLoader Environment load took 105.6ns 
141246     INFO  main            d.u.i.k.p.i.AbstractProblemLoader Creating init config 
143669     DEBUG main            d.u.i.k.p.i.AbstractProblemLoader Init config took 2.42s 
143702     INFO  main            d.u.i.k.p.i.AbstractProblemLoader Replaying proof Ackermann[Ackermann::a(int,int)].JML normal_behavior operation contract.0 
143758     DEBUG main            d.u.i.k.p.i.IntermediateProofReplayer Proof replay took 53ms 
143759     DEBUG main            d.u.i.k.p.r.p.TestFile    ... success: reloaded. 
143760     INFO  main            d.u.i.k.p.r.p.TestFile    Now processing file /home/runner/work/key/key/key.core/../key.ui/examples/standard_key/unicode_test.key 
143760     INFO  main            d.u.i.k.p.i.AbstractProblemLoader Loading environment from /home/runner/work/key/key/key.core/../key.ui/examples/standard_key/unicode_test.key 
143760     DEBUG main            d.u.i.k.p.i.AbstractProblemLoader Environment load took 84.4ns 
143761     INFO  main            d.u.i.k.p.i.AbstractProblemLoader Creating init config 
146132     DEBUG main            d.u.i.k.p.i.AbstractProblemLoader Init config took 2.37s 
146145     INFO  main            d.u.i.k.p.i.AbstractProblemLoader Replaying proof unicode_test.key 
146146     DEBUG main            d.u.i.k.p.i.IntermediateProofReplayer Proof replay took 5ns 
146250     INFO  main            d.u.i.k.p.r.p.TestFile    ... finished proof: closed. 
146494     INFO  main            d.u.i.k.p.i.AbstractProblemLoader Loading environment from /home/runner/work/key/key/key.core/../key.ui/examples/standard_key/unicode_test.key.proof 
146494     DEBUG main            d.u.i.k.p.i.AbstractProblemLoader Environment load took 99.9ns 
146495     INFO  main            d.u.i.k.p.i.AbstractProblemLoader Creating init config 
148810     DEBUG main            d.u.i.k.p.i.AbstractProblemLoader Init config took 2.32s 
148822     INFO  main            d.u.i.k.p.i.AbstractProblemLoader Replaying proof unicode_test.key.proof 
148824     DEBUG main            d.u.i.k.p.i.IntermediateProofReplayer Proof replay took 301ns 
148824     DEBUG main            d.u.i.k.p.r.p.TestFile    ... success: reloaded. 
148825     INFO  main            d.u.i.k.p.r.p.TestFile    Now processing file /home/runner/work/key/key/key.core/../key.ui/examples/heap/strictlyModular/mayExpand.key 
148825     INFO  main            d.u.i.k.p.i.AbstractProblemLoader Loading environment from /home/runner/work/key/key/key.core/../key.ui/examples/heap/strictlyModular/mayExpand.key 
148825     DEBUG main            d.u.i.k.p.i.AbstractProblemLoader Environment load took 90.1ns 
148826     INFO  main            d.u.i.k.p.i.AbstractProblemLoader Creating init config 
151244     DEBUG main            d.u.i.k.p.i.AbstractProblemLoader Init config took 2.42s 
151280     INFO  main            d.u.i.k.p.i.AbstractProblemLoader Replaying proof Modular[Modular::m()].JML operation contract.0 
151282     DEBUG main            d.u.i.k.p.i.IntermediateProofReplayer Proof replay took 6ns 
151384     INFO  main            d.u.i.k.p.r.p.TestFile    ... finished proof: closed. 
151630     INFO  main            d.u.i.k.p.i.AbstractProblemLoader Loading environment from /home/runner/work/key/key/key.core/../key.ui/examples/heap/strictlyModular/mayExpand.key.proof 
151630     DEBUG main            d.u.i.k.p.i.AbstractProblemLoader Environment load took 91.3ns 
151631     INFO  main            d.u.i.k.p.i.AbstractProblemLoader Creating init config 
153992     DEBUG main            d.u.i.k.p.i.AbstractProblemLoader Init config took 2.36s 
154024     INFO  main            d.u.i.k.p.i.AbstractProblemLoader Replaying proof Modular[Modular::m()].JML operation contract.0 
154039     DEBUG main            d.u.i.k.p.i.IntermediateProofReplayer Proof replay took 12.65ms 
154039     DEBUG main            d.u.i.k.p.r.p.TestFile    ... success: reloaded. 
154040     INFO  main            d.u.i.k.p.r.p.TestFile    Now processing file /home/runner/work/key/key/key.core/../key.ui/examples/heap/strictlyModular/modularOnly.key 
154040     INFO  main            d.u.i.k.p.i.AbstractProblemLoader Loading environment from /home/runner/work/key/key/key.core/../key.ui/examples/heap/strictlyModular/modularOnly.key 
154040     DEBUG main            d.u.i.k.p.i.AbstractProblemLoader Environment load took 79.4ns 
154041     INFO  main            d.u.i.k.p.i.AbstractProblemLoader Creating init config 
156439     DEBUG main            d.u.i.k.p.i.AbstractProblemLoader Init config took 2.4s 
156471     INFO  main            d.u.i.k.p.i.AbstractProblemLoader Replaying proof Modular[Modular::m()].JML operation contract.0 
156472     DEBUG main            d.u.i.k.p.i.IntermediateProofReplayer Proof replay took 5.4ns 
156575     INFO  main            d.u.i.k.p.r.p.TestFile    ... finished proof: open goal(s) 
1835678    INFO  Test worker     d.u.i.k.p.r.RunAllProofsTestUnit Returning from test simpleTests 
1835679    INFO  Test worker     d.u.i.k.p.r.RunAllProofsTestUnit Running test SmansEtAl 
332        INFO  Timeout watchdog d.u.i.k.p.r.p.ForkedTestFileRunner Timeout watcher launched (2000 secs.) 
336        WARN  main            d.u.i.k.s.ProofSettings   The settings in /home/runner/.key/proof-settings.props are *not* read. 
372        INFO  main            d.u.i.k.p.r.p.TestFile    Now processing file /home/runner/work/key/key/key.core/../key.ui/examples/heap/SmansEtAl/ArrayList_add.key 
478        INFO  main            d.u.i.k.p.i.AbstractProblemLoader Loading environment from /home/runner/work/key/key/key.core/../key.ui/examples/heap/SmansEtAl/ArrayList_add.key 
503        DEBUG main            d.u.i.k.p.i.AbstractProblemLoader Environment load took 1.68ms 
700        INFO  main            d.u.i.k.p.i.AbstractProblemLoader Creating init config 
1464       DEBUG main            d.u.i.k.j.TypeConverter   No LDT found for Meta 
1465       DEBUG main            d.u.i.k.j.TypeConverter   No LDT found for Meta 
1466       DEBUG main            d.u.i.k.j.TypeConverter   No LDT found for Meta 
1466       DEBUG main            d.u.i.k.j.TypeConverter   No LDT found for Meta 
2834       DEBUG main            d.u.i.k.j.TypeConverter   No LDT found for JavaBigintExpression 
7897       DEBUG main            d.u.i.k.p.i.AbstractProblemLoader Init config took 7.2s 
8019       INFO  main            d.u.i.k.p.i.AbstractProblemLoader Replaying proof ArrayList[ArrayList::add(java.lang.Object)].JML normal_behavior operation contract.0 
8048       DEBUG main            d.u.i.k.p.i.IntermediateProofReplayer Proof replay took 28.1ns 
15013      INFO  main            d.u.i.k.p.r.p.TestFile    ... finished proof: closed. 
15201      INFO  main            d.u.i.k.p.i.AbstractProblemLoader Loading environment from /home/runner/work/key/key/key.core/../key.ui/examples/heap/SmansEtAl/ArrayList_add.key.proof 
15202      DEBUG main            d.u.i.k.p.i.AbstractProblemLoader Environment load took 1.34ms 
15207      INFO  main            d.u.i.k.p.i.AbstractProblemLoader Creating init config 
18011      DEBUG main            d.u.i.k.p.i.AbstractProblemLoader Init config took 2.8s 
18082      INFO  main            d.u.i.k.p.i.AbstractProblemLoader Replaying proof ArrayList[ArrayList::add(java.lang.Object)].JML normal_behavior operation contract.0 
19175      DEBUG main            d.u.i.k.p.i.IntermediateProofReplayer Proof replay took 1.05s 
19185      DEBUG main            d.u.i.k.p.r.p.TestFile    ... success: reloaded. 
19189      INFO  main            d.u.i.k.p.r.p.TestFile    Now processing file /home/runner/work/key/key/key.core/../key.ui/examples/heap/SmansEtAl/ArrayList_ArrayList.key 
19190      INFO  main            d.u.i.k.p.i.AbstractProblemLoader Loading environment from /home/runner/work/key/key/key.core/../key.ui/examples/heap/SmansEtAl/ArrayList_ArrayList.key 
19190      DEBUG main            d.u.i.k.p.i.AbstractProblemLoader Environment load took 224.8ns 
19194      INFO  main            d.u.i.k.p.i.AbstractProblemLoader Creating init config 
22054      DEBUG main            d.u.i.k.p.i.AbstractProblemLoader Init config took 2.86s 
22107      INFO  main            d.u.i.k.p.i.AbstractProblemLoader Replaying proof ArrayList[ArrayList::ArrayList()].JML normal_behavior operation contract.0 
22112      DEBUG main            d.u.i.k.p.i.IntermediateProofReplayer Proof replay took 6.2ns 
23121      INFO  main            d.u.i.k.p.r.p.TestFile    ... finished proof: closed. 
23261      INFO  main            d.u.i.k.p.i.AbstractProblemLoader Loading environment from /home/runner/work/key/key/key.core/../key.ui/examples/heap/SmansEtAl/ArrayList_ArrayList.key.proof 
23264      DEBUG main            d.u.i.k.p.i.AbstractProblemLoader Environment load took 2.96ms 
23265      INFO  main            d.u.i.k.p.i.AbstractProblemLoader Creating init config 
25977      DEBUG main            d.u.i.k.p.i.AbstractProblemLoader Init config took 2.71s 
26024      INFO  main            d.u.i.k.p.i.AbstractProblemLoader Replaying proof ArrayList[ArrayList::ArrayList()].JML normal_behavior operation contract.0 
26194      DEBUG main            d.u.i.k.p.i.IntermediateProofReplayer Proof replay took 160.14ms 
26196      DEBUG main            d.u.i.k.p.r.p.TestFile    ... success: reloaded. 
26198      INFO  main            d.u.i.k.p.r.p.TestFile    Now processing file /home/runner/work/key/key/key.core/../key.ui/examples/heap/SmansEtAl/ArrayList_footprint.key 
26198      INFO  main            d.u.i.k.p.i.AbstractProblemLoader Loading environment from /home/runner/work/key/key/key.core/../key.ui/examples/heap/SmansEtAl/ArrayList_footprint.key 
26198      DEBUG main            d.u.i.k.p.i.AbstractProblemLoader Environment load took 133.8ns 
26200      INFO  main            d.u.i.k.p.i.AbstractProblemLoader Creating init config 
28907      DEBUG main            d.u.i.k.p.i.AbstractProblemLoader Init config took 2.71s 
28981      INFO  main            d.u.i.k.p.i.AbstractProblemLoader Replaying proof ArrayList[ArrayList::$footprint()].JML accessible clause.0 
28983      DEBUG main            d.u.i.k.p.i.IntermediateProofReplayer Proof replay took 4.7ns 
29087      INFO  main            d.u.i.k.p.r.p.TestFile    ... finished proof: closed. 
29219      INFO  main            d.u.i.k.p.i.AbstractProblemLoader Loading environment from /home/runner/work/key/key/key.core/../key.ui/examples/heap/SmansEtAl/ArrayList_footprint.key.proof 
29219      DEBUG main            d.u.i.k.p.i.AbstractProblemLoader Environment load took 110.6ns 
29220      INFO  main            d.u.i.k.p.i.AbstractProblemLoader Creating init config 
31833      DEBUG main            d.u.i.k.p.i.AbstractProblemLoader Init config took 2.61s 
31877      INFO  main            d.u.i.k.p.i.AbstractProblemLoader Replaying proof ArrayList[ArrayList::$footprint()].JML accessible clause.0 
31888      DEBUG main            d.u.i.k.p.i.IntermediateProofReplayer Proof replay took 8.93ms 
31889      DEBUG main            d.u.i.k.p.r.p.TestFile    ... success: reloaded. 
31890      INFO  main            d.u.i.k.p.r.p.TestFile    Now processing file /home/runner/work/key/key/key.core/../key.ui/examples/heap/SmansEtAl/ArrayList_get_dep.key 
31891      INFO  main            d.u.i.k.p.i.AbstractProblemLoader Loading environment from /home/runner/work/key/key/key.core/../key.ui/examples/heap/SmansEtAl/ArrayList_get_dep.key 
31891      DEBUG main            d.u.i.k.p.i.AbstractProblemLoader Environment load took 247.9ns 
31892      INFO  main            d.u.i.k.p.i.AbstractProblemLoader Creating init config 
34532      DEBUG main            d.u.i.k.p.i.AbstractProblemLoader Init config took 2.64s 
34583      INFO  main            d.u.i.k.p.i.AbstractProblemLoader Replaying proof ArrayList[ArrayList::get(int)].JML accessible clause.0 
34585      DEBUG main            d.u.i.k.p.i.IntermediateProofReplayer Proof replay took 5.4ns 
34888      INFO  main            d.u.i.k.p.r.p.TestFile    ... finished proof: closed. 
35022      INFO  main            d.u.i.k.p.i.AbstractProblemLoader Loading environment from /home/runner/work/key/key/key.core/../key.ui/examples/heap/SmansEtAl/ArrayList_get_dep.key.proof 
35022      DEBUG main            d.u.i.k.p.i.AbstractProblemLoader Environment load took 109.8ns 
35023      INFO  main            d.u.i.k.p.i.AbstractProblemLoader Creating init config 
37632      DEBUG main            d.u.i.k.p.i.AbstractProblemLoader Init config took 2.61s 
37674      INFO  main            d.u.i.k.p.i.AbstractProblemLoader Replaying proof ArrayList[ArrayList::get(int)].JML accessible clause.0 
37741      DEBUG main            d.u.i.k.p.i.IntermediateProofReplayer Proof replay took 62.8ms 
37742      DEBUG main            d.u.i.k.p.r.p.TestFile    ... success: reloaded. 
37743      INFO  main            d.u.i.k.p.r.p.TestFile    Now processing file /home/runner/work/key/key/key.core/../key.ui/examples/heap/SmansEtAl/ArrayList_get.key 
37744      INFO  main            d.u.i.k.p.i.AbstractProblemLoader Loading environment from /home/runner/work/key/key/key.core/../key.ui/examples/heap/SmansEtAl/ArrayList_get.key 
37744      DEBUG main            d.u.i.k.p.i.AbstractProblemLoader Environment load took 92.6ns 
37745      INFO  main            d.u.i.k.p.i.AbstractProblemLoader Creating init config 
40396      DEBUG main            d.u.i.k.p.i.AbstractProblemLoader Init config took 2.65s 
40438      INFO  main            d.u.i.k.p.i.AbstractProblemLoader Replaying proof ArrayList[ArrayList::get(int)].JML normal_behavior operation contract.0 
40440      DEBUG main            d.u.i.k.p.i.IntermediateProofReplayer Proof replay took 5.5ns 
40642      INFO  main            d.u.i.k.p.r.p.TestFile    ... finished proof: closed. 
40794      INFO  main            d.u.i.k.p.i.AbstractProblemLoader Loading environment from /home/runner/work/key/key/key.core/../key.ui/examples/heap/SmansEtAl/ArrayList_get.key.proof 
40795      DEBUG main            d.u.i.k.p.i.AbstractProblemLoader Environment load took 108.5ns 
40795      INFO  main            d.u.i.k.p.i.AbstractProblemLoader Creating init config 
43371      DEBUG main            d.u.i.k.p.i.AbstractProblemLoader Init config took 2.58s 
43445      INFO  main            d.u.i.k.p.i.AbstractProblemLoader Replaying proof ArrayList[ArrayList::get(int)].JML normal_behavior operation contract.0 
43476      DEBUG main            d.u.i.k.p.i.IntermediateProofReplayer Proof replay took 27.77ms 
43477      DEBUG main            d.u.i.k.p.r.p.TestFile    ... success: reloaded. 
43478      INFO  main            d.u.i.k.p.r.p.TestFile    Now processing file /home/runner/work/key/key/key.core/../key.ui/examples/heap/SmansEtAl/ArrayList_inv.key 
43479      INFO  main            d.u.i.k.p.i.AbstractProblemLoader Loading environment from /home/runner/work/key/key/key.core/../key.ui/examples/heap/SmansEtAl/ArrayList_inv.key 
43479      DEBUG main            d.u.i.k.p.i.AbstractProblemLoader Environment load took 200.8ns 
43480      INFO  main            d.u.i.k.p.i.AbstractProblemLoader Creating init config 
46095      DEBUG main            d.u.i.k.p.i.AbstractProblemLoader Init config took 2.61s 
46137      INFO  main            d.u.i.k.p.i.AbstractProblemLoader Replaying proof ArrayList[java.lang.Object::<inv>()].JML accessible clause.0 
46138      DEBUG main            d.u.i.k.p.i.IntermediateProofReplayer Proof replay took 5.2ns 
46240      INFO  main            d.u.i.k.p.r.p.TestFile    ... finished proof: closed. 
46376      INFO  main            d.u.i.k.p.i.AbstractProblemLoader Loading environment from /home/runner/work/key/key/key.core/../key.ui/examples/heap/SmansEtAl/ArrayList_inv.key.proof 
46376      DEBUG main            d.u.i.k.p.i.AbstractProblemLoader Environment load took 103.1ns 
46377      INFO  main            d.u.i.k.p.i.AbstractProblemLoader Creating init config 
48969      DEBUG main            d.u.i.k.p.i.AbstractProblemLoader Init config took 2.59s 
49012      INFO  main            d.u.i.k.p.i.AbstractProblemLoader Replaying proof ArrayList[java.lang.Object::<inv>()].JML accessible clause.0 
49024      DEBUG main            d.u.i.k.p.i.IntermediateProofReplayer Proof replay took 9.67ms 
49025      DEBUG main            d.u.i.k.p.r.p.TestFile    ... success: reloaded. 
49026      INFO  main            d.u.i.k.p.r.p.TestFile    Now processing file /home/runner/work/key/key/key.core/../key.ui/examples/heap/SmansEtAl/ArrayList_size_dep.key 
49026      INFO  main            d.u.i.k.p.i.AbstractProblemLoader Loading environment from /home/runner/work/key/key/key.core/../key.ui/examples/heap/SmansEtAl/ArrayList_size_dep.key 
49026      DEBUG main            d.u.i.k.p.i.AbstractProblemLoader Environment load took 87.5ns 
49027      INFO  main            d.u.i.k.p.i.AbstractProblemLoader Creating init config 
51606      DEBUG main            d.u.i.k.p.i.AbstractProblemLoader Init config took 2.58s 
51645      INFO  main            d.u.i.k.p.i.AbstractProblemLoader Replaying proof ArrayList[ArrayList::size()].JML accessible clause.0 
51647      DEBUG main            d.u.i.k.p.i.IntermediateProofReplayer Proof replay took 5.2ns 
51751      INFO  main            d.u.i.k.p.r.p.TestFile    ... finished proof: closed. 
51907      INFO  main            d.u.i.k.p.i.AbstractProblemLoader Loading environment from /home/runner/work/key/key/key.core/../key.ui/examples/heap/SmansEtAl/ArrayList_size_dep.key.proof 
51907      DEBUG main            d.u.i.k.p.i.AbstractProblemLoader Environment load took 110.7ns 
51908      INFO  main            d.u.i.k.p.i.AbstractProblemLoader Creating init config 
54469      DEBUG main            d.u.i.k.p.i.AbstractProblemLoader Init config took 2.56s 
54508      INFO  main            d.u.i.k.p.i.AbstractProblemLoader Replaying proof ArrayList[ArrayList::size()].JML accessible clause.0 
54524      DEBUG main            d.u.i.k.p.i.IntermediateProofReplayer Proof replay took 13.65ms 
54524      DEBUG main            d.u.i.k.p.r.p.TestFile    ... success: reloaded. 
54526      INFO  main            d.u.i.k.p.r.p.TestFile    Now processing file /home/runner/work/key/key/key.core/../key.ui/examples/heap/SmansEtAl/ArrayList_size.key 
54526      INFO  main            d.u.i.k.p.i.AbstractProblemLoader Loading environment from /home/runner/work/key/key/key.core/../key.ui/examples/heap/SmansEtAl/ArrayList_size.key 
54526      DEBUG main            d.u.i.k.p.i.AbstractProblemLoader Environment load took 224.6ns 
54527      INFO  main            d.u.i.k.p.i.AbstractProblemLoader Creating init config 
57109      DEBUG main            d.u.i.k.p.i.AbstractProblemLoader Init config took 2.58s 
57148      INFO  main            d.u.i.k.p.i.AbstractProblemLoader Replaying proof ArrayList[ArrayList::size()].JML normal_behavior operation contract.0 
57150      DEBUG main            d.u.i.k.p.i.IntermediateProofReplayer Proof replay took 6.4ns 
57252      INFO  main            d.u.i.k.p.r.p.TestFile    ... finished proof: closed. 
57416      INFO  main            d.u.i.k.p.i.AbstractProblemLoader Loading environment from /home/runner/work/key/key/key.core/../key.ui/examples/heap/SmansEtAl/ArrayList_size.key.proof 
57416      DEBUG main            d.u.i.k.p.i.AbstractProblemLoader Environment load took 112.5ns 
57417      INFO  main            d.u.i.k.p.i.AbstractProblemLoader Creating init config 
59961      DEBUG main            d.u.i.k.p.i.AbstractProblemLoader Init config took 2.54s 
59999      INFO  main            d.u.i.k.p.i.AbstractProblemLoader Replaying proof ArrayList[ArrayList::size()].JML normal_behavior operation contract.0 
60013      DEBUG main            d.u.i.k.p.i.IntermediateProofReplayer Proof replay took 12.59ms 
60014      DEBUG main            d.u.i.k.p.r.p.TestFile    ... success: reloaded. 
60015      INFO  main            d.u.i.k.p.r.p.TestFile    Now processing file /home/runner/work/key/key/key.core/../key.ui/examples/heap/SmansEtAl/Cell_Cell.key 
60016      INFO  main            d.u.i.k.p.i.AbstractProblemLoader Loading environment from /home/runner/work/key/key/key.core/../key.ui/examples/heap/SmansEtAl/Cell_Cell.key 
60016      DEBUG main            d.u.i.k.p.i.AbstractProblemLoader Environment load took 83ns 
60016      INFO  main            d.u.i.k.p.i.AbstractProblemLoader Creating init config 
62603      DEBUG main            d.u.i.k.p.i.AbstractProblemLoader Init config took 2.59s 
62639      INFO  main            d.u.i.k.p.i.AbstractProblemLoader Replaying proof Cell[Cell::Cell()].JML normal_behavior operation contract.0 
62640      DEBUG main            d.u.i.k.p.i.IntermediateProofReplayer Proof replay took 10.1ns 
62842      INFO  main            d.u.i.k.p.r.p.TestFile    ... finished proof: closed. 
62999      INFO  main            d.u.i.k.p.i.AbstractProblemLoader Loading environment from /home/runner/work/key/key/key.core/../key.ui/examples/heap/SmansEtAl/Cell_Cell.key.proof 
62999      DEBUG main            d.u.i.k.p.i.AbstractProblemLoader Environment load took 109.5ns 
63001      INFO  main            d.u.i.k.p.i.AbstractProblemLoader Creating init config 
65539      DEBUG main            d.u.i.k.p.i.AbstractProblemLoader Init config took 2.54s 
65576      INFO  main            d.u.i.k.p.i.AbstractProblemLoader Replaying proof Cell[Cell::Cell()].JML normal_behavior operation contract.0 
65615      DEBUG main            d.u.i.k.p.i.IntermediateProofReplayer Proof replay took 34.54ms 
65617      DEBUG main            d.u.i.k.p.r.p.TestFile    ... success: reloaded. 
65618      INFO  main            d.u.i.k.p.r.p.TestFile    Now processing file /home/runner/work/key/key/key.core/../key.ui/examples/heap/SmansEtAl/Cell_footprint.key 
65619      INFO  main            d.u.i.k.p.i.AbstractProblemLoader Loading environment from /home/runner/work/key/key/key.core/../key.ui/examples/heap/SmansEtAl/Cell_footprint.key 
65619      DEBUG main            d.u.i.k.p.i.AbstractProblemLoader Environment load took 687.3ns 
65620      INFO  main            d.u.i.k.p.i.AbstractProblemLoader Creating init config 
68196      DEBUG main            d.u.i.k.p.i.AbstractProblemLoader Init config took 2.58s 
68241      INFO  main            d.u.i.k.p.i.AbstractProblemLoader Replaying proof Cell[Cell::$footprint()].JML accessible clause.0 
68243      DEBUG main            d.u.i.k.p.i.IntermediateProofReplayer Proof replay took 5.8ns 
68345      INFO  main            d.u.i.k.p.r.p.TestFile    ... finished proof: closed. 
68511      INFO  main            d.u.i.k.p.i.AbstractProblemLoader Loading environment from /home/runner/work/key/key/key.core/../key.ui/examples/heap/SmansEtAl/Cell_footprint.key.proof 
68511      DEBUG main            d.u.i.k.p.i.AbstractProblemLoader Environment load took 102.5ns 
68512      INFO  main            d.u.i.k.p.i.AbstractProblemLoader Creating init config 
71072      DEBUG main            d.u.i.k.p.i.AbstractProblemLoader Init config took 2.56s 
71111      INFO  main            d.u.i.k.p.i.AbstractProblemLoader Replaying proof Cell[Cell::$footprint()].JML accessible clause.0 
71117      DEBUG main            d.u.i.k.p.i.IntermediateProofReplayer Proof replay took 3.27ms 
71118      DEBUG main            d.u.i.k.p.r.p.TestFile    ... success: reloaded. 
71119      INFO  main            d.u.i.k.p.r.p.TestFile    Now processing file /home/runner/work/key/key/key.core/../key.ui/examples/heap/SmansEtAl/Cell_getX_dep.key 
71119      INFO  main            d.u.i.k.p.i.AbstractProblemLoader Loading environment from /home/runner/work/key/key/key.core/../key.ui/examples/heap/SmansEtAl/Cell_getX_dep.key 
71119      DEBUG main            d.u.i.k.p.i.AbstractProblemLoader Environment load took 183.9ns 
71120      INFO  main            d.u.i.k.p.i.AbstractProblemLoader Creating init config 
73664      DEBUG main            d.u.i.k.p.i.AbstractProblemLoader Init config took 2.54s 
73697      INFO  main            d.u.i.k.p.i.AbstractProblemLoader Replaying proof Cell[Cell::getX()].JML accessible clause.0 
73699      DEBUG main            d.u.i.k.p.i.IntermediateProofReplayer Proof replay took 6.2ns 
73803      INFO  main            d.u.i.k.p.r.p.TestFile    ... finished proof: closed. 
73996      INFO  main            d.u.i.k.p.i.AbstractProblemLoader Loading environment from /home/runner/work/key/key/key.core/../key.ui/examples/heap/SmansEtAl/Cell_getX_dep.key.proof 
73996      DEBUG main            d.u.i.k.p.i.AbstractProblemLoader Environment load took 105.8ns 
73997      INFO  main            d.u.i.k.p.i.AbstractProblemLoader Creating init config 
76535      DEBUG main            d.u.i.k.p.i.AbstractProblemLoader Init config took 2.54s 
76576      INFO  main            d.u.i.k.p.i.AbstractProblemLoader Replaying proof Cell[Cell::getX()].JML accessible clause.0 
76593      DEBUG main            d.u.i.k.p.i.IntermediateProofReplayer Proof replay took 13.4ms 
76595      DEBUG main            d.u.i.k.p.r.p.TestFile    ... success: reloaded. 
76599      INFO  main            d.u.i.k.p.r.p.TestFile    Now processing file /home/runner/work/key/key/key.core/../key.ui/examples/heap/SmansEtAl/Cell_getX.key 
76599      INFO  main            d.u.i.k.p.i.AbstractProblemLoader Loading environment from /home/runner/work/key/key/key.core/../key.ui/examples/heap/SmansEtAl/Cell_getX.key 
76600      DEBUG main            d.u.i.k.p.i.AbstractProblemLoader Environment load took 192.9ns 
76600      INFO  main            d.u.i.k.p.i.AbstractProblemLoader Creating init config 
79132      DEBUG main            d.u.i.k.p.i.AbstractProblemLoader Init config took 2.53s 
79167      INFO  main            d.u.i.k.p.i.AbstractProblemLoader Replaying proof Cell[Cell::getX()].JML normal_behavior operation contract.0 
79168      DEBUG main            d.u.i.k.p.i.IntermediateProofReplayer Proof replay took 5.8ns 
79271      INFO  main            d.u.i.k.p.r.p.TestFile    ... finished proof: closed. 
79502      INFO  main            d.u.i.k.p.i.AbstractProblemLoader Loading environment from /home/runner/work/key/key/key.core/../key.ui/examples/heap/SmansEtAl/Cell_getX.key.proof 
79502      DEBUG main            d.u.i.k.p.i.AbstractProblemLoader Environment load took 107.3ns 
79503      INFO  main            d.u.i.k.p.i.AbstractProblemLoader Creating init config 
82065      DEBUG main            d.u.i.k.p.i.AbstractProblemLoader Init config took 2.56s 
82099      INFO  main            d.u.i.k.p.i.AbstractProblemLoader Replaying proof Cell[Cell::getX()].JML normal_behavior operation contract.0 
82112      DEBUG main            d.u.i.k.p.i.IntermediateProofReplayer Proof replay took 11.02ms 
82113      DEBUG main            d.u.i.k.p.r.p.TestFile    ... success: reloaded. 
82114      INFO  main            d.u.i.k.p.r.p.TestFile    Now processing file /home/runner/work/key/key/key.core/../key.ui/examples/heap/SmansEtAl/Cell_inv.key 
82114      INFO  main            d.u.i.k.p.i.AbstractProblemLoader Loading environment from /home/runner/work/key/key/key.core/../key.ui/examples/heap/SmansEtAl/Cell_inv.key 
82115      DEBUG main            d.u.i.k.p.i.AbstractProblemLoader Environment load took 179.6ns 
82116      INFO  main            d.u.i.k.p.i.AbstractProblemLoader Creating init config 
84729      DEBUG main            d.u.i.k.p.i.AbstractProblemLoader Init config took 2.61s 
84780      INFO  main            d.u.i.k.p.i.AbstractProblemLoader Replaying proof Cell[java.lang.Object::<inv>()].JML accessible clause.0 
84782      DEBUG main            d.u.i.k.p.i.IntermediateProofReplayer Proof replay took 5.8ns 
84884      INFO  main            d.u.i.k.p.r.p.TestFile    ... finished proof: closed. 
85082      INFO  main            d.u.i.k.p.i.AbstractProblemLoader Loading environment from /home/runner/work/key/key/key.core/../key.ui/examples/heap/SmansEtAl/Cell_inv.key.proof 
85082      DEBUG main            d.u.i.k.p.i.AbstractProblemLoader Environment load took 98.9ns 
85083      INFO  main            d.u.i.k.p.i.AbstractProblemLoader Creating init config 
87626      DEBUG main            d.u.i.k.p.i.AbstractProblemLoader Init config took 2.54s 
87660      INFO  main            d.u.i.k.p.i.AbstractProblemLoader Replaying proof Cell[java.lang.Object::<inv>()].JML accessible clause.0 
87664      DEBUG main            d.u.i.k.p.i.IntermediateProofReplayer Proof replay took 1.39ms 
87665      DEBUG main            d.u.i.k.p.r.p.TestFile    ... success: reloaded. 
87666      INFO  main            d.u.i.k.p.r.p.TestFile    Now processing file /home/runner/work/key/key/key.core/../key.ui/examples/heap/SmansEtAl/Cell_setX.key 
87667      INFO  main            d.u.i.k.p.i.AbstractProblemLoader Loading environment from /home/runner/work/key/key/key.core/../key.ui/examples/heap/SmansEtAl/Cell_setX.key 
87667      DEBUG main            d.u.i.k.p.i.AbstractProblemLoader Environment load took 177.4ns 
87668      INFO  main            d.u.i.k.p.i.AbstractProblemLoader Creating init config 
90184      DEBUG main            d.u.i.k.p.i.AbstractProblemLoader Init config took 2.52s 
90217      INFO  main            d.u.i.k.p.i.AbstractProblemLoader Replaying proof Cell[Cell::setX(int)].JML normal_behavior operation contract.0 
90219      DEBUG main            d.u.i.k.p.i.IntermediateProofReplayer Proof replay took 5.4ns 
90320      INFO  main            d.u.i.k.p.r.p.TestFile    ... finished proof: closed. 
90532      INFO  main            d.u.i.k.p.i.AbstractProblemLoader Loading environment from /home/runner/work/key/key/key.core/../key.ui/examples/heap/SmansEtAl/Cell_setX.key.proof 
90532      DEBUG main            d.u.i.k.p.i.AbstractProblemLoader Environment load took 109.6ns 
90533      INFO  main            d.u.i.k.p.i.AbstractProblemLoader Creating init config 
93035      DEBUG main            d.u.i.k.p.i.AbstractProblemLoader Init config took 2.5s 
93070      INFO  main            d.u.i.k.p.i.AbstractProblemLoader Replaying proof Cell[Cell::setX(int)].JML normal_behavior operation contract.0 
93091      DEBUG main            d.u.i.k.p.i.IntermediateProofReplayer Proof replay took 18.87ms 
93092      DEBUG main            d.u.i.k.p.r.p.TestFile    ... success: reloaded. 
93093      INFO  main            d.u.i.k.p.r.p.TestFile    Now processing file /home/runner/work/key/key/key.core/../key.ui/examples/heap/SmansEtAl/CellClient_m.key 
93093      INFO  main            d.u.i.k.p.i.AbstractProblemLoader Loading environment from /home/runner/work/key/key/key.core/../key.ui/examples/heap/SmansEtAl/CellClient_m.key 
93094      DEBUG main            d.u.i.k.p.i.AbstractProblemLoader Environment load took 219ns 
93095      INFO  main            d.u.i.k.p.i.AbstractProblemLoader Creating init config 
95676      DEBUG main            d.u.i.k.p.i.AbstractProblemLoader Init config took 2.58s 
95709      INFO  main            d.u.i.k.p.i.AbstractProblemLoader Replaying proof CellClient[CellClient::m()].JML operation contract.0 
95710      DEBUG main            d.u.i.k.p.i.IntermediateProofReplayer Proof replay took 5.9ns 
96220      INFO  main            d.u.i.k.p.r.p.TestFile    ... finished proof: closed. 
96489      INFO  main            d.u.i.k.p.i.AbstractProblemLoader Loading environment from /home/runner/work/key/key/key.core/../key.ui/examples/heap/SmansEtAl/CellClient_m.key.proof 
96490      DEBUG main            d.u.i.k.p.i.AbstractProblemLoader Environment load took 103ns 
96491      INFO  main            d.u.i.k.p.i.AbstractProblemLoader Creating init config 
98985      DEBUG main            d.u.i.k.p.i.AbstractProblemLoader Init config took 2.49s 
99018      INFO  main            d.u.i.k.p.i.AbstractProblemLoader Replaying proof CellClient[CellClient::m()].JML operation contract.0 
99132      DEBUG main            d.u.i.k.p.i.IntermediateProofReplayer Proof replay took 110.33ms 
99133      DEBUG main            d.u.i.k.p.r.p.TestFile    ... success: reloaded. 
99134      INFO  main            d.u.i.k.p.r.p.TestFile    Now processing file /home/runner/work/key/key/key.core/../key.ui/examples/heap/SmansEtAl/Iterator_footprint.key 
99135      INFO  main            d.u.i.k.p.i.AbstractProblemLoader Loading environment from /home/runner/work/key/key/key.core/../key.ui/examples/heap/SmansEtAl/Iterator_footprint.key 
99135      DEBUG main            d.u.i.k.p.i.AbstractProblemLoader Environment load took 219.3ns 
99136      INFO  main            d.u.i.k.p.i.AbstractProblemLoader Creating init config 
101660     DEBUG main            d.u.i.k.p.i.AbstractProblemLoader Init config took 2.52s 
101696     INFO  main            d.u.i.k.p.i.AbstractProblemLoader Replaying proof Iterator[Iterator::$footprint()].JML accessible clause.0 
101697     DEBUG main            d.u.i.k.p.i.IntermediateProofReplayer Proof replay took 5.6ns 
101799     INFO  main            d.u.i.k.p.r.p.TestFile    ... finished proof: closed. 
102011     INFO  main            d.u.i.k.p.i.AbstractProblemLoader Loading environment from /home/runner/work/key/key/key.core/../key.ui/examples/heap/SmansEtAl/Iterator_footprint.key.proof 
102011     DEBUG main            d.u.i.k.p.i.AbstractProblemLoader Environment load took 101.4ns 
102012     INFO  main            d.u.i.k.p.i.AbstractProblemLoader Creating init config 
104528     DEBUG main            d.u.i.k.p.i.AbstractProblemLoader Init config took 2.52s 
104563     INFO  main            d.u.i.k.p.i.AbstractProblemLoader Replaying proof Iterator[Iterator::$footprint()].JML accessible clause.0 
104574     DEBUG main            d.u.i.k.p.i.IntermediateProofReplayer Proof replay took 7.16ms 
104575     DEBUG main            d.u.i.k.p.r.p.TestFile    ... success: reloaded. 
104578     INFO  main            d.u.i.k.p.r.p.TestFile    Now processing file /home/runner/work/key/key/key.core/../key.ui/examples/heap/SmansEtAl/Iterator_hasNext_dep.key 
104578     INFO  main            d.u.i.k.p.i.AbstractProblemLoader Loading environment from /home/runner/work/key/key/key.core/../key.ui/examples/heap/SmansEtAl/Iterator_hasNext_dep.key 
104578     DEBUG main            d.u.i.k.p.i.AbstractProblemLoader Environment load took 202.5ns 
104579     INFO  main            d.u.i.k.p.i.AbstractProblemLoader Creating init config 
107087     DEBUG main            d.u.i.k.p.i.AbstractProblemLoader Init config took 2.51s 
107123     INFO  main            d.u.i.k.p.i.AbstractProblemLoader Replaying proof Iterator[Iterator::hasNext()].JML accessible clause.0 
107124     DEBUG main            d.u.i.k.p.i.IntermediateProofReplayer Proof replay took 6.1ns 
107728     INFO  main            d.u.i.k.p.r.p.TestFile    ... finished proof: closed. 
107966     INFO  main            d.u.i.k.p.i.AbstractProblemLoader Loading environment from /home/runner/work/key/key/key.core/../key.ui/examples/heap/SmansEtAl/Iterator_hasNext_dep.key.proof 
107967     DEBUG main            d.u.i.k.p.i.AbstractProblemLoader Environment load took 439.1ns 
107968     INFO  main            d.u.i.k.p.i.AbstractProblemLoader Creating init config 
110439     DEBUG main            d.u.i.k.p.i.AbstractProblemLoader Init config took 2.47s 
110474     INFO  main            d.u.i.k.p.i.AbstractProblemLoader Replaying proof Iterator[Iterator::hasNext()].JML accessible clause.0 
110558     DEBUG main            d.u.i.k.p.i.IntermediateProofReplayer Proof replay took 78.96ms 
110559     DEBUG main            d.u.i.k.p.r.p.TestFile    ... success: reloaded. 
110560     INFO  main            d.u.i.k.p.r.p.TestFile    Now processing file /home/runner/work/key/key/key.core/../key.ui/examples/heap/SmansEtAl/Iterator_hasNext.key 
110560     INFO  main            d.u.i.k.p.i.AbstractProblemLoader Loading environment from /home/runner/work/key/key/key.core/../key.ui/examples/heap/SmansEtAl/Iterator_hasNext.key 
110561     DEBUG main            d.u.i.k.p.i.AbstractProblemLoader Environment load took 192.2ns 
110562     INFO  main            d.u.i.k.p.i.AbstractProblemLoader Creating init config 
113115     DEBUG main            d.u.i.k.p.i.AbstractProblemLoader Init config took 2.55s 
113151     INFO  main            d.u.i.k.p.i.AbstractProblemLoader Replaying proof Iterator[Iterator::hasNext()].JML normal_behavior operation contract.0 
113152     DEBUG main            d.u.i.k.p.i.IntermediateProofReplayer Proof replay took 5.4ns 
113656     INFO  main            d.u.i.k.p.r.p.TestFile    ... finished proof: closed. 
113884     INFO  main            d.u.i.k.p.i.AbstractProblemLoader Loading environment from /home/runner/work/key/key/key.core/../key.ui/examples/heap/SmansEtAl/Iterator_hasNext.key.proof 
113887     DEBUG main            d.u.i.k.p.i.AbstractProblemLoader Environment load took 2.79ms 
113888     INFO  main            d.u.i.k.p.i.AbstractProblemLoader Creating init config 
116367     DEBUG main            d.u.i.k.p.i.AbstractProblemLoader Init config took 2.48s 
116402     INFO  main            d.u.i.k.p.i.AbstractProblemLoader Replaying proof Iterator[Iterator::hasNext()].JML normal_behavior operation contract.0 
116475     DEBUG main            d.u.i.k.p.i.IntermediateProofReplayer Proof replay took 67.6ms 
116476     DEBUG main            d.u.i.k.p.r.p.TestFile    ... success: reloaded. 
116477     INFO  main            d.u.i.k.p.r.p.TestFile    Now processing file /home/runner/work/key/key/key.core/../key.ui/examples/heap/SmansEtAl/Iterator_inv.key 
116477     INFO  main            d.u.i.k.p.i.AbstractProblemLoader Loading environment from /home/runner/work/key/key/key.core/../key.ui/examples/heap/SmansEtAl/Iterator_inv.key 
116477     DEBUG main            d.u.i.k.p.i.AbstractProblemLoader Environment load took 81.6ns 
116478     INFO  main            d.u.i.k.p.i.AbstractProblemLoader Creating init config 
119035     DEBUG main            d.u.i.k.p.i.AbstractProblemLoader Init config took 2.56s 
119069     INFO  main            d.u.i.k.p.i.AbstractProblemLoader Replaying proof Iterator[java.lang.Object::<inv>()].JML accessible clause.0 
119070     DEBUG main            d.u.i.k.p.i.IntermediateProofReplayer Proof replay took 5.5ns 
119276     INFO  main            d.u.i.k.p.r.p.TestFile    ... finished proof: closed. 
119518     INFO  main            d.u.i.k.p.i.AbstractProblemLoader Loading environment from /home/runner/work/key/key/key.core/../key.ui/examples/heap/SmansEtAl/Iterator_inv.key.proof 
119518     DEBUG main            d.u.i.k.p.i.AbstractProblemLoader Environment load took 98ns 
119519     INFO  main            d.u.i.k.p.i.AbstractProblemLoader Creating init config 
121996     DEBUG main            d.u.i.k.p.i.AbstractProblemLoader Init config took 2.48s 
122030     INFO  main            d.u.i.k.p.i.AbstractProblemLoader Replaying proof Iterator[java.lang.Object::<inv>()].JML accessible clause.0 
122052     DEBUG main            d.u.i.k.p.i.IntermediateProofReplayer Proof replay took 19.66ms 
122053     DEBUG main            d.u.i.k.p.r.p.TestFile    ... success: reloaded. 
122054     INFO  main            d.u.i.k.p.r.p.TestFile    Now processing file /home/runner/work/key/key/key.core/../key.ui/examples/heap/SmansEtAl/Iterator_Iterator.key 
122054     INFO  main            d.u.i.k.p.i.AbstractProblemLoader Loading environment from /home/runner/work/key/key/key.core/../key.ui/examples/heap/SmansEtAl/Iterator_Iterator.key 
122054     DEBUG main            d.u.i.k.p.i.AbstractProblemLoader Environment load took 76.2ns 
122055     INFO  main            d.u.i.k.p.i.AbstractProblemLoader Creating init config 
124598     DEBUG main            d.u.i.k.p.i.AbstractProblemLoader Init config took 2.54s 
124633     INFO  main            d.u.i.k.p.i.AbstractProblemLoader Replaying proof Iterator[Iterator::Iterator(ArrayList)].JML normal_behavior operation contract.0 
124634     DEBUG main            d.u.i.k.p.i.IntermediateProofReplayer Proof replay took 5.9ns 
125843     INFO  main            d.u.i.k.p.r.p.TestFile    ... finished proof: closed. 
126086     INFO  main            d.u.i.k.p.i.AbstractProblemLoader Loading environment from /home/runner/work/key/key/key.core/../key.ui/examples/heap/SmansEtAl/Iterator_Iterator.key.proof 
126087     DEBUG main            d.u.i.k.p.i.AbstractProblemLoader Environment load took 365.2ns 
126088     INFO  main            d.u.i.k.p.i.AbstractProblemLoader Creating init config 
128570     DEBUG main            d.u.i.k.p.i.AbstractProblemLoader Init config took 2.48s 
128617     INFO  main            d.u.i.k.p.i.AbstractProblemLoader Replaying proof Iterator[Iterator::Iterator(ArrayList)].JML normal_behavior operation contract.0 
128775     DEBUG main            d.u.i.k.p.i.IntermediateProofReplayer Proof replay took 143.97ms 
128776     DEBUG main            d.u.i.k.p.r.p.TestFile    ... success: reloaded. 
128777     INFO  main            d.u.i.k.p.r.p.TestFile    Now processing file /home/runner/work/key/key/key.core/../key.ui/examples/heap/SmansEtAl/Iterator_list_dep.key 
128778     INFO  main            d.u.i.k.p.i.AbstractProblemLoader Loading environment from /home/runner/work/key/key/key.core/../key.ui/examples/heap/SmansEtAl/Iterator_list_dep.key 
128778     DEBUG main            d.u.i.k.p.i.AbstractProblemLoader Environment load took 201.7ns 
128779     INFO  main            d.u.i.k.p.i.AbstractProblemLoader Creating init config 
131320     DEBUG main            d.u.i.k.p.i.AbstractProblemLoader Init config took 2.54s 
131354     INFO  main            d.u.i.k.p.i.AbstractProblemLoader Replaying proof Iterator[Iterator::list()].JML accessible clause.0 
131355     DEBUG main            d.u.i.k.p.i.IntermediateProofReplayer Proof replay took 5.1ns 
131456     INFO  main            d.u.i.k.p.r.p.TestFile    ... finished proof: closed. 
131733     INFO  main            d.u.i.k.p.i.AbstractProblemLoader Loading environment from /home/runner/work/key/key/key.core/../key.ui/examples/heap/SmansEtAl/Iterator_list_dep.key.proof 
131733     DEBUG main            d.u.i.k.p.i.AbstractProblemLoader Environment load took 100.2ns 
131734     INFO  main            d.u.i.k.p.i.AbstractProblemLoader Creating init config 
134205     DEBUG main            d.u.i.k.p.i.AbstractProblemLoader Init config took 2.47s 
134239     INFO  main            d.u.i.k.p.i.AbstractProblemLoader Replaying proof Iterator[Iterator::list()].JML accessible clause.0 
134256     DEBUG main            d.u.i.k.p.i.IntermediateProofReplayer Proof replay took 14.76ms 
134256     DEBUG main            d.u.i.k.p.r.p.TestFile    ... success: reloaded. 
134257     INFO  main            d.u.i.k.p.r.p.TestFile    Now processing file /home/runner/work/key/key/key.core/../key.ui/examples/heap/SmansEtAl/Iterator_list.key 
134257     INFO  main            d.u.i.k.p.i.AbstractProblemLoader Loading environment from /home/runner/work/key/key/key.core/../key.ui/examples/heap/SmansEtAl/Iterator_list.key 
134257     DEBUG main            d.u.i.k.p.i.AbstractProblemLoader Environment load took 86.2ns 
134258     INFO  main            d.u.i.k.p.i.AbstractProblemLoader Creating init config 
136772     DEBUG main            d.u.i.k.p.i.AbstractProblemLoader Init config took 2.51s 
136807     INFO  main            d.u.i.k.p.i.AbstractProblemLoader Replaying proof Iterator[Iterator::list()].JML normal_behavior operation contract.0 
136809     DEBUG main            d.u.i.k.p.i.IntermediateProofReplayer Proof replay took 5.4ns 
136911     INFO  main            d.u.i.k.p.r.p.TestFile    ... finished proof: closed. 
137163     INFO  main            d.u.i.k.p.i.AbstractProblemLoader Loading environment from /home/runner/work/key/key/key.core/../key.ui/examples/heap/SmansEtAl/Iterator_list.key.proof 
137163     DEBUG main            d.u.i.k.p.i.AbstractProblemLoader Environment load took 104ns 
137164     INFO  main            d.u.i.k.p.i.AbstractProblemLoader Creating init config 
139688     DEBUG main            d.u.i.k.p.i.AbstractProblemLoader Init config took 2.52s 
139723     INFO  main            d.u.i.k.p.i.AbstractProblemLoader Replaying proof Iterator[Iterator::list()].JML normal_behavior operation contract.0 
139737     DEBUG main            d.u.i.k.p.i.IntermediateProofReplayer Proof replay took 12.47ms 
139738     DEBUG main            d.u.i.k.p.r.p.TestFile    ... success: reloaded. 
139738     INFO  main            d.u.i.k.p.r.p.TestFile    Now processing file /home/runner/work/key/key/key.core/../key.ui/examples/heap/SmansEtAl/Iterator_next.key 
139739     INFO  main            d.u.i.k.p.i.AbstractProblemLoader Loading environment from /home/runner/work/key/key/key.core/../key.ui/examples/heap/SmansEtAl/Iterator_next.key 
139739     DEBUG main            d.u.i.k.p.i.AbstractProblemLoader Environment load took 53.2ns 
139739     INFO  main            d.u.i.k.p.i.AbstractProblemLoader Creating init config 
142261     DEBUG main            d.u.i.k.p.i.AbstractProblemLoader Init config took 2.52s 
142311     INFO  main            d.u.i.k.p.i.AbstractProblemLoader Replaying proof Iterator[Iterator::next()].JML normal_behavior operation contract.0 
142312     DEBUG main            d.u.i.k.p.i.IntermediateProofReplayer Proof replay took 5.4ns 
144928     INFO  main            d.u.i.k.p.r.p.TestFile    ... finished proof: closed. 
145194     INFO  main            d.u.i.k.p.i.AbstractProblemLoader Loading environment from /home/runner/work/key/key/key.core/../key.ui/examples/heap/SmansEtAl/Iterator_next.key.proof 
145194     DEBUG main            d.u.i.k.p.i.AbstractProblemLoader Environment load took 424.6ns 
145196     INFO  main            d.u.i.k.p.i.AbstractProblemLoader Creating init config 
147675     DEBUG main            d.u.i.k.p.i.AbstractProblemLoader Init config took 2.48s 
147709     INFO  main            d.u.i.k.p.i.AbstractProblemLoader Replaying proof Iterator[Iterator::next()].JML normal_behavior operation contract.0 
147976     DEBUG main            d.u.i.k.p.i.IntermediateProofReplayer Proof replay took 247.3ms 
147977     DEBUG main            d.u.i.k.p.r.p.TestFile    ... success: reloaded. 
147978     INFO  main            d.u.i.k.p.r.p.TestFile    Now processing file /home/runner/work/key/key/key.core/../key.ui/examples/heap/SmansEtAl/Stack_footprint.key 
147979     INFO  main            d.u.i.k.p.i.AbstractProblemLoader Loading environment from /home/runner/work/key/key/key.core/../key.ui/examples/heap/SmansEtAl/Stack_footprint.key 
147979     DEBUG main            d.u.i.k.p.i.AbstractProblemLoader Environment load took 178.7ns 
147980     INFO  main            d.u.i.k.p.i.AbstractProblemLoader Creating init config 
150534     DEBUG main            d.u.i.k.p.i.AbstractProblemLoader Init config took 2.55s 
150567     INFO  main            d.u.i.k.p.i.AbstractProblemLoader Replaying proof Stack[Stack::$footprint()].JML accessible clause.0 
150569     DEBUG main            d.u.i.k.p.i.IntermediateProofReplayer Proof replay took 5.7ns 
150772     INFO  main            d.u.i.k.p.r.p.TestFile    ... finished proof: closed. 
151028     INFO  main            d.u.i.k.p.i.AbstractProblemLoader Loading environment from /home/runner/work/key/key/key.core/../key.ui/examples/heap/SmansEtAl/Stack_footprint.key.proof 
151028     DEBUG main            d.u.i.k.p.i.AbstractProblemLoader Environment load took 99.1ns 
151029     INFO  main            d.u.i.k.p.i.AbstractProblemLoader Creating init config 
153504     DEBUG main            d.u.i.k.p.i.AbstractProblemLoader Init config took 2.48s 
153538     INFO  main            d.u.i.k.p.i.AbstractProblemLoader Replaying proof Stack[Stack::$footprint()].JML accessible clause.0 
153569     DEBUG main            d.u.i.k.p.i.IntermediateProofReplayer Proof replay took 28ms 
153570     DEBUG main            d.u.i.k.p.r.p.TestFile    ... success: reloaded. 
153572     INFO  main            d.u.i.k.p.r.p.TestFile    Now processing file /home/runner/work/key/key/key.core/../key.ui/examples/heap/SmansEtAl/Stack_inv.key 
153572     INFO  main            d.u.i.k.p.i.AbstractProblemLoader Loading environment from /home/runner/work/key/key/key.core/../key.ui/examples/heap/SmansEtAl/Stack_inv.key 
153572     DEBUG main            d.u.i.k.p.i.AbstractProblemLoader Environment load took 177.2ns 
153573     INFO  main            d.u.i.k.p.i.AbstractProblemLoader Creating init config 
156107     DEBUG main            d.u.i.k.p.i.AbstractProblemLoader Init config took 2.53s 
156140     INFO  main            d.u.i.k.p.i.AbstractProblemLoader Replaying proof Stack[java.lang.Object::<inv>()].JML accessible clause.0 
156141     DEBUG main            d.u.i.k.p.i.IntermediateProofReplayer Proof replay took 5.6ns 
156243     INFO  main            d.u.i.k.p.r.p.TestFile    ... finished proof: closed. 
156497     INFO  main            d.u.i.k.p.i.AbstractProblemLoader Loading environment from /home/runner/work/key/key/key.core/../key.ui/examples/heap/SmansEtAl/Stack_inv.key.proof 
156497     DEBUG main            d.u.i.k.p.i.AbstractProblemLoader Environment load took 97.5ns 
156498     INFO  main            d.u.i.k.p.i.AbstractProblemLoader Creating init config 
158962     DEBUG main            d.u.i.k.p.i.AbstractProblemLoader Init config took 2.46s 
158994     INFO  main            d.u.i.k.p.i.AbstractProblemLoader Replaying proof Stack[java.lang.Object::<inv>()].JML accessible clause.0 
159008     DEBUG main            d.u.i.k.p.i.IntermediateProofReplayer Proof replay took 8.68ms 
159009     DEBUG main            d.u.i.k.p.r.p.TestFile    ... success: reloaded. 
159010     INFO  main            d.u.i.k.p.r.p.TestFile    Now processing file /home/runner/work/key/key/key.core/../key.ui/examples/heap/SmansEtAl/Stack_push.key 
159011     INFO  main            d.u.i.k.p.i.AbstractProblemLoader Loading environment from /home/runner/work/key/key/key.core/../key.ui/examples/heap/SmansEtAl/Stack_push.key 
159011     DEBUG main            d.u.i.k.p.i.AbstractProblemLoader Environment load took 341.2ns 
159012     INFO  main            d.u.i.k.p.i.AbstractProblemLoader Creating init config 
161517     DEBUG main            d.u.i.k.p.i.AbstractProblemLoader Init config took 2.5s 
161570     INFO  main            d.u.i.k.p.i.AbstractProblemLoader Replaying proof Stack[Stack::push(java.lang.Object)].JML normal_behavior operation contract.0 
161572     DEBUG main            d.u.i.k.p.i.IntermediateProofReplayer Proof replay took 5.3ns 
162277     INFO  main            d.u.i.k.p.r.p.TestFile    ... finished proof: closed. 
162584     INFO  main            d.u.i.k.p.i.AbstractProblemLoader Loading environment from /home/runner/work/key/key/key.core/../key.ui/examples/heap/SmansEtAl/Stack_push.key.proof 
162584     DEBUG main            d.u.i.k.p.i.AbstractProblemLoader Environment load took 348.2ns 
162585     INFO  main            d.u.i.k.p.i.AbstractProblemLoader Creating init config 
165049     DEBUG main            d.u.i.k.p.i.AbstractProblemLoader Init config took 2.46s 
165082     INFO  main            d.u.i.k.p.i.AbstractProblemLoader Replaying proof Stack[Stack::push(java.lang.Object)].JML normal_behavior operation contract.0 
165187     DEBUG main            d.u.i.k.p.i.IntermediateProofReplayer Proof replay took 99.01ms 
165188     DEBUG main            d.u.i.k.p.r.p.TestFile    ... success: reloaded. 
165189     INFO  main            d.u.i.k.p.r.p.TestFile    Now processing file /home/runner/work/key/key/key.core/../key.ui/examples/heap/SmansEtAl/Stack_size.key 
165189     INFO  main            d.u.i.k.p.i.AbstractProblemLoader Loading environment from /home/runner/work/key/key/key.core/../key.ui/examples/heap/SmansEtAl/Stack_size.key 
165189     DEBUG main            d.u.i.k.p.i.AbstractProblemLoader Environment load took 183.9ns 
165190     INFO  main            d.u.i.k.p.i.AbstractProblemLoader Creating init config 
167737     DEBUG main            d.u.i.k.p.i.AbstractProblemLoader Init config took 2.55s 
167770     INFO  main            d.u.i.k.p.i.AbstractProblemLoader Replaying proof Stack[Stack::size()].JML accessible clause.0 
167771     DEBUG main            d.u.i.k.p.i.IntermediateProofReplayer Proof replay took 4.9ns 
167975     INFO  main            d.u.i.k.p.r.p.TestFile    ... finished proof: closed. 
168250     INFO  main            d.u.i.k.p.i.AbstractProblemLoader Loading environment from /home/runner/work/key/key/key.core/../key.ui/examples/heap/SmansEtAl/Stack_size.key.proof 
168250     DEBUG main            d.u.i.k.p.i.AbstractProblemLoader Environment load took 91ns 
168251     INFO  main            d.u.i.k.p.i.AbstractProblemLoader Creating init config 
170714     DEBUG main            d.u.i.k.p.i.AbstractProblemLoader Init config took 2.46s 
170747     INFO  main            d.u.i.k.p.i.AbstractProblemLoader Replaying proof Stack[Stack::size()].JML accessible clause.0 
170785     DEBUG main            d.u.i.k.p.i.IntermediateProofReplayer Proof replay took 35.01ms 
170786     DEBUG main            d.u.i.k.p.r.p.TestFile    ... success: reloaded. 
170787     INFO  main            d.u.i.k.p.r.p.TestFile    Now processing file /home/runner/work/key/key/key.core/../key.ui/examples/heap/SmansEtAl/Stack_Stack.key 
170787     INFO  main            d.u.i.k.p.i.AbstractProblemLoader Loading environment from /home/runner/work/key/key/key.core/../key.ui/examples/heap/SmansEtAl/Stack_Stack.key 
170788     DEBUG main            d.u.i.k.p.i.AbstractProblemLoader Environment load took 155.4ns 
170788     INFO  main            d.u.i.k.p.i.AbstractProblemLoader Creating init config 
173323     DEBUG main            d.u.i.k.p.i.AbstractProblemLoader Init config took 2.53s 
173357     INFO  main            d.u.i.k.p.i.AbstractProblemLoader Replaying proof Stack[Stack::Stack()].JML normal_behavior operation contract.0 
173358     DEBUG main            d.u.i.k.p.i.IntermediateProofReplayer Proof replay took 5.4ns 
174362     INFO  main            d.u.i.k.p.r.p.TestFile    ... finished proof: closed. 
174645     INFO  main            d.u.i.k.p.i.AbstractProblemLoader Loading environment from /home/runner/work/key/key/key.core/../key.ui/examples/heap/SmansEtAl/Stack_Stack.key.proof 
174645     DEBUG main            d.u.i.k.p.i.AbstractProblemLoader Environment load took 413.2ns 
174647     INFO  main            d.u.i.k.p.i.AbstractProblemLoader Creating init config 
177110     DEBUG main            d.u.i.k.p.i.AbstractProblemLoader Init config took 2.46s 
177143     INFO  main            d.u.i.k.p.i.AbstractProblemLoader Replaying proof Stack[Stack::Stack()].JML normal_behavior operation contract.0 
177322     DEBUG main            d.u.i.k.p.i.IntermediateProofReplayer Proof replay took 171.26ms 
177323     DEBUG main            d.u.i.k.p.r.p.TestFile    ... success: reloaded. 
177324     INFO  main            d.u.i.k.p.r.p.TestFile    Now processing file /home/runner/work/key/key/key.core/../key.ui/examples/heap/SmansEtAl/Stack_switchContents.key 
177324     INFO  main            d.u.i.k.p.i.AbstractProblemLoader Loading environment from /home/runner/work/key/key/key.core/../key.ui/examples/heap/SmansEtAl/Stack_switchContents.key 
177324     DEBUG main            d.u.i.k.p.i.AbstractProblemLoader Environment load took 59.4ns 
177325     INFO  main            d.u.i.k.p.i.AbstractProblemLoader Creating init config 
179847     DEBUG main            d.u.i.k.p.i.AbstractProblemLoader Init config took 2.52s 
179880     INFO  main            d.u.i.k.p.i.AbstractProblemLoader Replaying proof Stack[Stack::switchContents(Stack)].JML normal_behavior operation contract.0 
179881     DEBUG main            d.u.i.k.p.i.IntermediateProofReplayer Proof replay took 5.1ns 
184422     INFO  main            d.u.i.k.p.r.p.TestFile    ... finished proof: closed. 
184720     INFO  main            d.u.i.k.p.i.AbstractProblemLoader Loading environment from /home/runner/work/key/key/key.core/../key.ui/examples/heap/SmansEtAl/Stack_switchContents.key.proof 
184720     DEBUG main            d.u.i.k.p.i.AbstractProblemLoader Environment load took 95.5ns 
184721     INFO  main            d.u.i.k.p.i.AbstractProblemLoader Creating init config 
187190     DEBUG main            d.u.i.k.p.i.AbstractProblemLoader Init config took 2.47s 
187223     INFO  main            d.u.i.k.p.i.AbstractProblemLoader Replaying proof Stack[Stack::switchContents(Stack)].JML normal_behavior operation contract.0 
187647     DEBUG main            d.u.i.k.p.i.IntermediateProofReplayer Proof replay took 406.84ms 
187649     DEBUG main            d.u.i.k.p.r.p.TestFile    ... success: reloaded. 
2023486    INFO  Test worker     d.u.i.k.p.r.RunAllProofsTestUnit Returning from test SmansEtAl 
2023487    INFO  Test worker     d.u.i.k.p.r.RunAllProofsTestUnit Running test VACID0 
321        INFO  Timeout watchdog d.u.i.k.p.r.p.ForkedTestFileRunner Timeout watcher launched (2000 secs.) 
329        WARN  main            d.u.i.k.s.ProofSettings   The settings in /home/runner/.key/proof-settings.props are *not* read. 
376        INFO  main            d.u.i.k.p.r.p.TestFile    Now processing file /home/runner/work/key/key/key.core/../key.ui/examples/heap/vacid0_01_SparseArray/Harness_sparseArrayTestHarness1.key 
512        INFO  main            d.u.i.k.p.i.AbstractProblemLoader Loading environment from /home/runner/work/key/key/key.core/../key.ui/examples/heap/vacid0_01_SparseArray/Harness_sparseArrayTestHarness1.key 
538        DEBUG main            d.u.i.k.p.i.AbstractProblemLoader Environment load took 1.8ms 
770        INFO  main            d.u.i.k.p.i.AbstractProblemLoader Creating init config 
1700       DEBUG main            d.u.i.k.j.TypeConverter   No LDT found for Meta 
1700       DEBUG main            d.u.i.k.j.TypeConverter   No LDT found for Meta 
1701       DEBUG main            d.u.i.k.j.TypeConverter   No LDT found for Meta 
1702       DEBUG main            d.u.i.k.j.TypeConverter   No LDT found for Meta 
3045       DEBUG main            d.u.i.k.j.TypeConverter   No LDT found for JavaBigintExpression 
7689       DEBUG main            d.u.i.k.p.i.AbstractProblemLoader Init config took 6.92s 
7808       INFO  main            d.u.i.k.p.i.AbstractProblemLoader Replaying proof Harness[Harness::sparseArrayTestHarness1()].JML normal_behavior operation contract.0 
7837       DEBUG main            d.u.i.k.p.i.IntermediateProofReplayer Proof replay took 27.8ns 
9307       INFO  main            d.u.i.k.p.r.p.TestFile    ... finished proof: closed. 
9473       INFO  main            d.u.i.k.p.i.AbstractProblemLoader Loading environment from /home/runner/work/key/key/key.core/../key.ui/examples/heap/vacid0_01_SparseArray/Harness_sparseArrayTestHarness1.key.proof 
9478       DEBUG main            d.u.i.k.p.i.AbstractProblemLoader Environment load took 5.26ms 
9480       INFO  main            d.u.i.k.p.i.AbstractProblemLoader Creating init config 
12169      DEBUG main            d.u.i.k.p.i.AbstractProblemLoader Init config took 2.69s 
12238      INFO  main            d.u.i.k.p.i.AbstractProblemLoader Replaying proof Harness[Harness::sparseArrayTestHarness1()].JML normal_behavior operation contract.0 
12447      DEBUG main            d.u.i.k.p.i.IntermediateProofReplayer Proof replay took 199.85ms 
12454      DEBUG main            d.u.i.k.p.r.p.TestFile    ... success: reloaded. 
12456      INFO  main            d.u.i.k.p.r.p.TestFile    Now processing file /home/runner/work/key/key/key.core/../key.ui/examples/heap/vacid0_01_SparseArray/Harness_sparseArrayTestHarness2.key 
12456      INFO  main            d.u.i.k.p.i.AbstractProblemLoader Loading environment from /home/runner/work/key/key/key.core/../key.ui/examples/heap/vacid0_01_SparseArray/Harness_sparseArrayTestHarness2.key 
12457      DEBUG main            d.u.i.k.p.i.AbstractProblemLoader Environment load took 1.29ms 
12461      INFO  main            d.u.i.k.p.i.AbstractProblemLoader Creating init config 
15255      DEBUG main            d.u.i.k.p.i.AbstractProblemLoader Init config took 2.79s 
15310      INFO  main            d.u.i.k.p.i.AbstractProblemLoader Replaying proof Harness[Harness::sparseArrayTestHarness2()].JML normal_behavior operation contract.0 
15312      DEBUG main            d.u.i.k.p.i.IntermediateProofReplayer Proof replay took 5.6ns 
24992      INFO  main            d.u.i.k.p.r.p.TestFile    ... finished proof: closed. 
25192      INFO  main            d.u.i.k.p.i.AbstractProblemLoader Loading environment from /home/runner/work/key/key/key.core/../key.ui/examples/heap/vacid0_01_SparseArray/Harness_sparseArrayTestHarness2.key.proof 
25192      DEBUG main            d.u.i.k.p.i.AbstractProblemLoader Environment load took 152.5ns 
25195      INFO  main            d.u.i.k.p.i.AbstractProblemLoader Creating init config 
27713      DEBUG main            d.u.i.k.p.i.AbstractProblemLoader Init config took 2.52s 
27783      INFO  main            d.u.i.k.p.i.AbstractProblemLoader Replaying proof Harness[Harness::sparseArrayTestHarness2()].JML normal_behavior operation contract.0 
28778      DEBUG main            d.u.i.k.p.i.IntermediateProofReplayer Proof replay took 937.16ms 
28781      DEBUG main            d.u.i.k.p.r.p.TestFile    ... success: reloaded. 
28782      INFO  main            d.u.i.k.p.r.p.TestFile    Now processing file /home/runner/work/key/key/key.core/../key.ui/examples/heap/vacid0_01_SparseArray/MemoryAllocator_alloc_unsigned.key 
28783      INFO  main            d.u.i.k.p.i.AbstractProblemLoader Loading environment from /home/runner/work/key/key/key.core/../key.ui/examples/heap/vacid0_01_SparseArray/MemoryAllocator_alloc_unsigned.key 
28783      DEBUG main            d.u.i.k.p.i.AbstractProblemLoader Environment load took 198.5ns 
28784      INFO  main            d.u.i.k.p.i.AbstractProblemLoader Creating init config 
31315      DEBUG main            d.u.i.k.p.i.AbstractProblemLoader Init config took 2.53s 
31359      INFO  main            d.u.i.k.p.i.AbstractProblemLoader Replaying proof MemoryAllocator[MemoryAllocator::alloc_unsigned(int)].JML normal_behavior operation contract.0 
31361      DEBUG main            d.u.i.k.p.i.IntermediateProofReplayer Proof replay took 4.9ns 
32266      INFO  main            d.u.i.k.p.r.p.TestFile    ... finished proof: closed. 
32418      INFO  main            d.u.i.k.p.i.AbstractProblemLoader Loading environment from /home/runner/work/key/key/key.core/../key.ui/examples/heap/vacid0_01_SparseArray/MemoryAllocator_alloc_unsigned.key.proof 
32419      DEBUG main            d.u.i.k.p.i.AbstractProblemLoader Environment load took 112.9ns 
32420      INFO  main            d.u.i.k.p.i.AbstractProblemLoader Creating init config 
34870      DEBUG main            d.u.i.k.p.i.AbstractProblemLoader Init config took 2.45s 
34914      INFO  main            d.u.i.k.p.i.AbstractProblemLoader Replaying proof MemoryAllocator[MemoryAllocator::alloc_unsigned(int)].JML normal_behavior operation contract.0 
35109      DEBUG main            d.u.i.k.p.i.IntermediateProofReplayer Proof replay took 188.86ms 
35110      DEBUG main            d.u.i.k.p.r.p.TestFile    ... success: reloaded. 
35112      INFO  main            d.u.i.k.p.r.p.TestFile    Now processing file /home/runner/work/key/key/key.core/../key.ui/examples/heap/vacid0_01_SparseArray/MemoryAllocator_alloc.key 
35112      INFO  main            d.u.i.k.p.i.AbstractProblemLoader Loading environment from /home/runner/work/key/key/key.core/../key.ui/examples/heap/vacid0_01_SparseArray/MemoryAllocator_alloc.key 
35112      DEBUG main            d.u.i.k.p.i.AbstractProblemLoader Environment load took 234.4ns 
35113      INFO  main            d.u.i.k.p.i.AbstractProblemLoader Creating init config 
37628      DEBUG main            d.u.i.k.p.i.AbstractProblemLoader Init config took 2.51s 
37685      INFO  main            d.u.i.k.p.i.AbstractProblemLoader Replaying proof MemoryAllocator[MemoryAllocator::alloc(int)].JML normal_behavior operation contract.0 
37686      DEBUG main            d.u.i.k.p.i.IntermediateProofReplayer Proof replay took 5.7ns 
38292      INFO  main            d.u.i.k.p.r.p.TestFile    ... finished proof: closed. 
38452      INFO  main            d.u.i.k.p.i.AbstractProblemLoader Loading environment from /home/runner/work/key/key/key.core/../key.ui/examples/heap/vacid0_01_SparseArray/MemoryAllocator_alloc.key.proof 
38453      DEBUG main            d.u.i.k.p.i.AbstractProblemLoader Environment load took 381.9ns 
38454      INFO  main            d.u.i.k.p.i.AbstractProblemLoader Creating init config 
40905      DEBUG main            d.u.i.k.p.i.AbstractProblemLoader Init config took 2.45s 
40956      INFO  main            d.u.i.k.p.i.AbstractProblemLoader Replaying proof MemoryAllocator[MemoryAllocator::alloc(int)].JML normal_behavior operation contract.0 
41081      DEBUG main            d.u.i.k.p.i.IntermediateProofReplayer Proof replay took 119.86ms 
41082      DEBUG main            d.u.i.k.p.r.p.TestFile    ... success: reloaded. 
41084      INFO  main            d.u.i.k.p.r.p.TestFile    Now processing file /home/runner/work/key/key/key.core/../key.ui/examples/heap/vacid0_01_SparseArray/SparseArray_get_dep.key 
41084      INFO  main            d.u.i.k.p.i.AbstractProblemLoader Loading environment from /home/runner/work/key/key/key.core/../key.ui/examples/heap/vacid0_01_SparseArray/SparseArray_get_dep.key 
41084      DEBUG main            d.u.i.k.p.i.AbstractProblemLoader Environment load took 186.7ns 
41085      INFO  main            d.u.i.k.p.i.AbstractProblemLoader Creating init config 
43548      DEBUG main            d.u.i.k.p.i.AbstractProblemLoader Init config took 2.46s 
43606      INFO  main            d.u.i.k.p.i.AbstractProblemLoader Replaying proof SparseArray[SparseArray::get(int)].JML accessible clause.0 
43608      DEBUG main            d.u.i.k.p.i.IntermediateProofReplayer Proof replay took 5.7ns 
46619      INFO  main            d.u.i.k.p.r.p.TestFile    ... finished proof: closed. 
46789      INFO  main            d.u.i.k.p.i.AbstractProblemLoader Loading environment from /home/runner/work/key/key/key.core/../key.ui/examples/heap/vacid0_01_SparseArray/SparseArray_get_dep.key.proof 
46789      DEBUG main            d.u.i.k.p.i.AbstractProblemLoader Environment load took 379.7ns 
46791      INFO  main            d.u.i.k.p.i.AbstractProblemLoader Creating init config 
49192      DEBUG main            d.u.i.k.p.i.AbstractProblemLoader Init config took 2.4s 
49246      INFO  main            d.u.i.k.p.i.AbstractProblemLoader Replaying proof SparseArray[SparseArray::get(int)].JML accessible clause.0 
49563      DEBUG main            d.u.i.k.p.i.IntermediateProofReplayer Proof replay took 302.66ms 
49564      DEBUG main            d.u.i.k.p.r.p.TestFile    ... success: reloaded. 
49565      INFO  main            d.u.i.k.p.r.p.TestFile    Now processing file /home/runner/work/key/key/key.core/../key.ui/examples/heap/vacid0_01_SparseArray/SparseArray_get.key 
49566      INFO  main            d.u.i.k.p.i.AbstractProblemLoader Loading environment from /home/runner/work/key/key/key.core/../key.ui/examples/heap/vacid0_01_SparseArray/SparseArray_get.key 
49566      DEBUG main            d.u.i.k.p.i.AbstractProblemLoader Environment load took 218.1ns 
49567      INFO  main            d.u.i.k.p.i.AbstractProblemLoader Creating init config 
52040      DEBUG main            d.u.i.k.p.i.AbstractProblemLoader Init config took 2.47s 
52094      INFO  main            d.u.i.k.p.i.AbstractProblemLoader Replaying proof SparseArray[SparseArray::get(int)].JML normal_behavior operation contract.0 
52096      DEBUG main            d.u.i.k.p.i.IntermediateProofReplayer Proof replay took 5.5ns 
54306      INFO  main            d.u.i.k.p.r.p.TestFile    ... finished proof: closed. 
54486      INFO  main            d.u.i.k.p.i.AbstractProblemLoader Loading environment from /home/runner/work/key/key/key.core/../key.ui/examples/heap/vacid0_01_SparseArray/SparseArray_get.key.proof 
54486      DEBUG main            d.u.i.k.p.i.AbstractProblemLoader Environment load took 352ns 
54488      INFO  main            d.u.i.k.p.i.AbstractProblemLoader Creating init config 
56903      DEBUG main            d.u.i.k.p.i.AbstractProblemLoader Init config took 2.42s 
56958      INFO  main            d.u.i.k.p.i.AbstractProblemLoader Replaying proof SparseArray[SparseArray::get(int)].JML normal_behavior operation contract.0 
57209      DEBUG main            d.u.i.k.p.i.IntermediateProofReplayer Proof replay took 241.42ms 
57211      DEBUG main            d.u.i.k.p.r.p.TestFile    ... success: reloaded. 
57212      INFO  main            d.u.i.k.p.r.p.TestFile    Now processing file /home/runner/work/key/key/key.core/../key.ui/examples/heap/vacid0_01_SparseArray/SparseArray_inv.key 
57213      INFO  main            d.u.i.k.p.i.AbstractProblemLoader Loading environment from /home/runner/work/key/key/key.core/../key.ui/examples/heap/vacid0_01_SparseArray/SparseArray_inv.key 
57213      DEBUG main            d.u.i.k.p.i.AbstractProblemLoader Environment load took 175.8ns 
57214      INFO  main            d.u.i.k.p.i.AbstractProblemLoader Creating init config 
59657      DEBUG main            d.u.i.k.p.i.AbstractProblemLoader Init config took 2.44s 
59709      INFO  main            d.u.i.k.p.i.AbstractProblemLoader Replaying proof SparseArray[java.lang.Object::<inv>()].JML accessible clause.0 
59710      DEBUG main            d.u.i.k.p.i.IntermediateProofReplayer Proof replay took 5.3ns 
61526      INFO  main            d.u.i.k.p.r.p.TestFile    ... finished proof: closed. 
61685      INFO  main            d.u.i.k.p.i.AbstractProblemLoader Loading environment from /home/runner/work/key/key/key.core/../key.ui/examples/heap/vacid0_01_SparseArray/SparseArray_inv.key.proof 
61686      DEBUG main            d.u.i.k.p.i.AbstractProblemLoader Environment load took 455.9ns 
61687      INFO  main            d.u.i.k.p.i.AbstractProblemLoader Creating init config 
64094      DEBUG main            d.u.i.k.p.i.AbstractProblemLoader Init config took 2.41s 
64147      INFO  main            d.u.i.k.p.i.AbstractProblemLoader Replaying proof SparseArray[java.lang.Object::<inv>()].JML accessible clause.0 
64271      DEBUG main            d.u.i.k.p.i.IntermediateProofReplayer Proof replay took 118.81ms 
64273      DEBUG main            d.u.i.k.p.r.p.TestFile    ... success: reloaded. 
64274      INFO  main            d.u.i.k.p.r.p.TestFile    Now processing file /home/runner/work/key/key/key.core/../key.ui/examples/heap/vacid0_01_SparseArray/SparseArray_SparseArray.key 
64274      INFO  main            d.u.i.k.p.i.AbstractProblemLoader Loading environment from /home/runner/work/key/key/key.core/../key.ui/examples/heap/vacid0_01_SparseArray/SparseArray_SparseArray.key 
64274      DEBUG main            d.u.i.k.p.i.AbstractProblemLoader Environment load took 184.3ns 
64275      INFO  main            d.u.i.k.p.i.AbstractProblemLoader Creating init config 
66699      DEBUG main            d.u.i.k.p.i.AbstractProblemLoader Init config took 2.42s 
66752      INFO  main            d.u.i.k.p.i.AbstractProblemLoader Replaying proof SparseArray[SparseArray::SparseArray(int)].JML normal_behavior operation contract.0 
66754      DEBUG main            d.u.i.k.p.i.IntermediateProofReplayer Proof replay took 5.3ns 
70063      INFO  main            d.u.i.k.p.r.p.TestFile    ... finished proof: closed. 
70264      INFO  main            d.u.i.k.p.i.AbstractProblemLoader Loading environment from /home/runner/work/key/key/key.core/../key.ui/examples/heap/vacid0_01_SparseArray/SparseArray_SparseArray.key.proof 
70265      DEBUG main            d.u.i.k.p.i.AbstractProblemLoader Environment load took 378.7ns 
70266      INFO  main            d.u.i.k.p.i.AbstractProblemLoader Creating init config 
72648      DEBUG main            d.u.i.k.p.i.AbstractProblemLoader Init config took 2.38s 
72708      INFO  main            d.u.i.k.p.i.AbstractProblemLoader Replaying proof SparseArray[SparseArray::SparseArray(int)].JML normal_behavior operation contract.0 
73173      DEBUG main            d.u.i.k.p.i.IntermediateProofReplayer Proof replay took 454.12ms 
73175      DEBUG main            d.u.i.k.p.r.p.TestFile    ... success: reloaded. 
2096827    INFO  Test worker     d.u.i.k.p.r.RunAllProofsTestUnit Returning from test VACID0 
2096828    INFO  Test worker     d.u.i.k.p.r.RunAllProofsTestUnit Running test VSTTE10 
317        INFO  Timeout watchdog d.u.i.k.p.r.p.ForkedTestFileRunner Timeout watcher launched (2000 secs.) 
332        WARN  main            d.u.i.k.s.ProofSettings   The settings in /home/runner/.key/proof-settings.props are *not* read. 
365        INFO  main            d.u.i.k.p.r.p.TestFile    Now processing file /home/runner/work/key/key/key.core/../key.ui/examples/heap/vstte10_01_SumAndMax/SumAndMax_sumAndMax.key 
485        INFO  main            d.u.i.k.p.i.AbstractProblemLoader Loading environment from /home/runner/work/key/key/key.core/../key.ui/examples/heap/vstte10_01_SumAndMax/SumAndMax_sumAndMax.key 
500        DEBUG main            d.u.i.k.p.i.AbstractProblemLoader Environment load took 2.06ms 
694        INFO  main            d.u.i.k.p.i.AbstractProblemLoader Creating init config 
1577       DEBUG main            d.u.i.k.j.TypeConverter   No LDT found for Meta 
1577       DEBUG main            d.u.i.k.j.TypeConverter   No LDT found for Meta 
1578       DEBUG main            d.u.i.k.j.TypeConverter   No LDT found for Meta 
1579       DEBUG main            d.u.i.k.j.TypeConverter   No LDT found for Meta 
2893       DEBUG main            d.u.i.k.j.TypeConverter   No LDT found for JavaBigintExpression 
7351       DEBUG main            d.u.i.k.p.i.AbstractProblemLoader Init config took 6.66s 
7487       INFO  main            d.u.i.k.p.i.AbstractProblemLoader Replaying proof SumAndMax[SumAndMax::sumAndMax([I)].JML normal_behavior operation contract.0 
7517       DEBUG main            d.u.i.k.p.i.IntermediateProofReplayer Proof replay took 28.7ns 
12633      INFO  main            d.u.i.k.p.r.p.TestFile    ... finished proof: closed. 
12783      INFO  main            d.u.i.k.p.i.AbstractProblemLoader Loading environment from /home/runner/work/key/key/key.core/../key.ui/examples/heap/vstte10_01_SumAndMax/SumAndMax_sumAndMax.key.proof 
12784      DEBUG main            d.u.i.k.p.i.AbstractProblemLoader Environment load took 3.85ms 
12787      INFO  main            d.u.i.k.p.i.AbstractProblemLoader Creating init config 
15303      DEBUG main            d.u.i.k.p.i.AbstractProblemLoader Init config took 2.52s 
15385      INFO  main            d.u.i.k.p.i.AbstractProblemLoader Replaying proof SumAndMax[SumAndMax::sumAndMax([I)].JML normal_behavior operation contract.0 
15986      DEBUG main            d.u.i.k.p.i.IntermediateProofReplayer Proof replay took 577.41ms 
15993      DEBUG main            d.u.i.k.p.r.p.TestFile    ... success: reloaded. 
15994      INFO  main            d.u.i.k.p.r.p.TestFile    Now processing file /home/runner/work/key/key/key.core/../key.ui/examples/heap/vstte10_03_LinkedList/Node_cons.key 
15995      INFO  main            d.u.i.k.p.i.AbstractProblemLoader Loading environment from /home/runner/work/key/key/key.core/../key.ui/examples/heap/vstte10_03_LinkedList/Node_cons.key 
15995      DEBUG main            d.u.i.k.p.i.AbstractProblemLoader Environment load took 205.2ns 
15996      INFO  main            d.u.i.k.p.i.AbstractProblemLoader Creating init config 
18620      DEBUG main            d.u.i.k.p.i.AbstractProblemLoader Init config took 2.62s 
18682      INFO  main            d.u.i.k.p.i.AbstractProblemLoader Replaying proof Node[Node::cons(int,Node)].JML normal_behavior operation contract.0 
18685      DEBUG main            d.u.i.k.p.i.IntermediateProofReplayer Proof replay took 4.5ns 
20213      INFO  main            d.u.i.k.p.r.p.TestFile    ... finished proof: closed. 
20358      INFO  main            d.u.i.k.p.i.AbstractProblemLoader Loading environment from /home/runner/work/key/key/key.core/../key.ui/examples/heap/vstte10_03_LinkedList/Node_cons.key.proof 
20360      DEBUG main            d.u.i.k.p.i.AbstractProblemLoader Environment load took 1.5ms 
20362      INFO  main            d.u.i.k.p.i.AbstractProblemLoader Creating init config 
22840      DEBUG main            d.u.i.k.p.i.AbstractProblemLoader Init config took 2.48s 
22892      INFO  main            d.u.i.k.p.i.AbstractProblemLoader Replaying proof Node[Node::cons(int,Node)].JML normal_behavior operation contract.0 
23206      DEBUG main            d.u.i.k.p.i.IntermediateProofReplayer Proof replay took 301.83ms 
23208      DEBUG main            d.u.i.k.p.r.p.TestFile    ... success: reloaded. 
23209      INFO  main            d.u.i.k.p.r.p.TestFile    Now processing file /home/runner/work/key/key/key.core/../key.ui/examples/heap/vstte10_03_LinkedList/Node_inv.key 
23209      INFO  main            d.u.i.k.p.i.AbstractProblemLoader Loading environment from /home/runner/work/key/key/key.core/../key.ui/examples/heap/vstte10_03_LinkedList/Node_inv.key 
23209      DEBUG main            d.u.i.k.p.i.AbstractProblemLoader Environment load took 205.3ns 
23211      INFO  main            d.u.i.k.p.i.AbstractProblemLoader Creating init config 
25643      DEBUG main            d.u.i.k.p.i.AbstractProblemLoader Init config took 2.43s 
25693      INFO  main            d.u.i.k.p.i.AbstractProblemLoader Replaying proof Node[java.lang.Object::<inv>()].JML accessible clause.0 
25695      DEBUG main            d.u.i.k.p.i.IntermediateProofReplayer Proof replay took 4.7ns 
25998      INFO  main            d.u.i.k.p.r.p.TestFile    ... finished proof: closed. 
26175      INFO  main            d.u.i.k.p.i.AbstractProblemLoader Loading environment from /home/runner/work/key/key/key.core/../key.ui/examples/heap/vstte10_03_LinkedList/Node_inv.key.proof 
26175      DEBUG main            d.u.i.k.p.i.AbstractProblemLoader Environment load took 141.2ns 
26176      INFO  main            d.u.i.k.p.i.AbstractProblemLoader Creating init config 
28555      DEBUG main            d.u.i.k.p.i.AbstractProblemLoader Init config took 2.38s 
28616      INFO  main            d.u.i.k.p.i.AbstractProblemLoader Replaying proof Node[java.lang.Object::<inv>()].JML accessible clause.0 
28651      DEBUG main            d.u.i.k.p.i.IntermediateProofReplayer Proof replay took 31.87ms 
28652      DEBUG main            d.u.i.k.p.r.p.TestFile    ... success: reloaded. 
28654      INFO  main            d.u.i.k.p.r.p.TestFile    Now processing file /home/runner/work/key/key/key.core/../key.ui/examples/heap/vstte10_03_LinkedList/Node_search.key 
28654      INFO  main            d.u.i.k.p.i.AbstractProblemLoader Loading environment from /home/runner/work/key/key/key.core/../key.ui/examples/heap/vstte10_03_LinkedList/Node_search.key 
28654      DEBUG main            d.u.i.k.p.i.AbstractProblemLoader Environment load took 214.6ns 
28655      INFO  main            d.u.i.k.p.i.AbstractProblemLoader Creating init config 
31137      DEBUG main            d.u.i.k.p.i.AbstractProblemLoader Init config took 2.48s 
31187      INFO  main            d.u.i.k.p.i.AbstractProblemLoader Replaying proof Node[Node::search()].JML normal_behavior operation contract.0 
31189      DEBUG main            d.u.i.k.p.i.IntermediateProofReplayer Proof replay took 5.3ns 
37444      INFO  main            d.u.i.k.p.r.p.TestFile    ... finished proof: closed. 
37646      INFO  main            d.u.i.k.p.i.AbstractProblemLoader Loading environment from /home/runner/work/key/key/key.core/../key.ui/examples/heap/vstte10_03_LinkedList/Node_search.key.proof 
37646      DEBUG main            d.u.i.k.p.i.AbstractProblemLoader Environment load took 427.6ns 
37649      INFO  main            d.u.i.k.p.i.AbstractProblemLoader Creating init config 
40010      DEBUG main            d.u.i.k.p.i.AbstractProblemLoader Init config took 2.36s 
40058      INFO  main            d.u.i.k.p.i.AbstractProblemLoader Replaying proof Node[Node::search()].JML normal_behavior operation contract.0 
40717      DEBUG main            d.u.i.k.p.i.IntermediateProofReplayer Proof replay took 610.6ms 
40719      DEBUG main            d.u.i.k.p.r.p.TestFile    ... success: reloaded. 
40721      INFO  main            d.u.i.k.p.r.p.TestFile    Now processing file /home/runner/work/key/key/key.core/../key.ui/examples/heap/vstte10_04_Queens/Queens_isConsistent.key 
40721      INFO  main            d.u.i.k.p.i.AbstractProblemLoader Loading environment from /home/runner/work/key/key/key.core/../key.ui/examples/heap/vstte10_04_Queens/Queens_isConsistent.key 
40721      DEBUG main            d.u.i.k.p.i.AbstractProblemLoader Environment load took 110.2ns 
40722      INFO  main            d.u.i.k.p.i.AbstractProblemLoader Creating init config 
43414      DEBUG main            d.u.i.k.p.i.AbstractProblemLoader Init config took 2.69s 
43453      INFO  main            d.u.i.k.p.i.AbstractProblemLoader Replaying proof Queens[Queens::isConsistent([I,int)].JML normal_behavior operation contract.0 
43455      DEBUG main            d.u.i.k.p.i.IntermediateProofReplayer Proof replay took 5.1ns 
45165      INFO  main            d.u.i.k.p.r.p.TestFile    ... finished proof: closed. 
45367      INFO  main            d.u.i.k.p.i.AbstractProblemLoader Loading environment from /home/runner/work/key/key/key.core/../key.ui/examples/heap/vstte10_04_Queens/Queens_isConsistent.key.proof 
45367      DEBUG main            d.u.i.k.p.i.AbstractProblemLoader Environment load took 380.6ns 
45368      INFO  main            d.u.i.k.p.i.AbstractProblemLoader Creating init config 
47751      DEBUG main            d.u.i.k.p.i.AbstractProblemLoader Init config took 2.38s 
47791      INFO  main            d.u.i.k.p.i.AbstractProblemLoader Replaying proof Queens[Queens::isConsistent([I,int)].JML normal_behavior operation contract.0 
48153      DEBUG main            d.u.i.k.p.i.IntermediateProofReplayer Proof replay took 353.01ms 
48154      DEBUG main            d.u.i.k.p.r.p.TestFile    ... success: reloaded. 
48155      INFO  main            d.u.i.k.p.r.p.TestFile    Now processing file /home/runner/work/key/key/key.core/../key.ui/examples/heap/vstte10_04_Queens/Queens_nQueens.key 
48155      INFO  main            d.u.i.k.p.i.AbstractProblemLoader Loading environment from /home/runner/work/key/key/key.core/../key.ui/examples/heap/vstte10_04_Queens/Queens_nQueens.key 
48156      DEBUG main            d.u.i.k.p.i.AbstractProblemLoader Environment load took 349.7ns 
48157      INFO  main            d.u.i.k.p.i.AbstractProblemLoader Creating init config 
50659      DEBUG main            d.u.i.k.p.i.AbstractProblemLoader Init config took 2.5s 
50699      INFO  main            d.u.i.k.p.i.AbstractProblemLoader Replaying proof Queens[Queens::nQueens(int)].JML normal_behavior operation contract.0 
50701      DEBUG main            d.u.i.k.p.i.IntermediateProofReplayer Proof replay took 5.2ns 
62640      INFO  main            d.u.i.k.p.r.p.TestFile    ... finished proof: closed. 
62837      INFO  main            d.u.i.k.p.i.AbstractProblemLoader Loading environment from /home/runner/work/key/key/key.core/../key.ui/examples/heap/vstte10_04_Queens/Queens_nQueens.key.proof 
62837      DEBUG main            d.u.i.k.p.i.AbstractProblemLoader Environment load took 121.8ns 
62838      INFO  main            d.u.i.k.p.i.AbstractProblemLoader Creating init config 
65192      DEBUG main            d.u.i.k.p.i.AbstractProblemLoader Init config took 2.35s 
65237      INFO  main            d.u.i.k.p.i.AbstractProblemLoader Replaying proof Queens[Queens::nQueens(int)].JML normal_behavior operation contract.0 
66195      DEBUG main            d.u.i.k.p.i.IntermediateProofReplayer Proof replay took 939.06ms 
66196      DEBUG main            d.u.i.k.p.r.p.TestFile    ... success: reloaded. 
66197      INFO  main            d.u.i.k.p.r.p.TestFile    Now processing file /home/runner/work/key/key/key.core/../key.ui/examples/heap/vstte10_05_Queue/AmortizedQueue_AmortizedQueue.key 
66197      INFO  main            d.u.i.k.p.i.AbstractProblemLoader Loading environment from /home/runner/work/key/key/key.core/../key.ui/examples/heap/vstte10_05_Queue/AmortizedQueue_AmortizedQueue.key 
66198      DEBUG main            d.u.i.k.p.i.AbstractProblemLoader Environment load took 86.4ns 
66198      INFO  main            d.u.i.k.p.i.AbstractProblemLoader Creating init config 
68712      DEBUG main            d.u.i.k.p.i.AbstractProblemLoader Init config took 2.51s 
68754      INFO  main            d.u.i.k.p.i.AbstractProblemLoader Replaying proof AmortizedQueue[AmortizedQueue::AmortizedQueue()].JML normal_behavior operation contract.0 
68756      DEBUG main            d.u.i.k.p.i.IntermediateProofReplayer Proof replay took 4.9ns 
70209      INFO  main            d.u.i.k.p.r.p.TestFile    ... finished proof: closed. 
70390      INFO  main            d.u.i.k.p.i.AbstractProblemLoader Loading environment from /home/runner/work/key/key/key.core/../key.ui/examples/heap/vstte10_05_Queue/AmortizedQueue_AmortizedQueue.key.proof 
70391      DEBUG main            d.u.i.k.p.i.AbstractProblemLoader Environment load took 383ns 
70392      INFO  main            d.u.i.k.p.i.AbstractProblemLoader Creating init config 
72795      DEBUG main            d.u.i.k.p.i.AbstractProblemLoader Init config took 2.4s 
72835      INFO  main            d.u.i.k.p.i.AbstractProblemLoader Replaying proof AmortizedQueue[AmortizedQueue::AmortizedQueue()].JML normal_behavior operation contract.0 
73034      DEBUG main            d.u.i.k.p.i.IntermediateProofReplayer Proof replay took 192.87ms 
73035      DEBUG main            d.u.i.k.p.r.p.TestFile    ... success: reloaded. 
73036      INFO  main            d.u.i.k.p.r.p.TestFile    Now processing file /home/runner/work/key/key/key.core/../key.ui/examples/heap/vstte10_05_Queue/AmortizedQueue_front.key 
73037      INFO  main            d.u.i.k.p.i.AbstractProblemLoader Loading environment from /home/runner/work/key/key/key.core/../key.ui/examples/heap/vstte10_05_Queue/AmortizedQueue_front.key 
73037      DEBUG main            d.u.i.k.p.i.AbstractProblemLoader Environment load took 84.4ns 
73037      INFO  main            d.u.i.k.p.i.AbstractProblemLoader Creating init config 
75456      DEBUG main            d.u.i.k.p.i.AbstractProblemLoader Init config took 2.42s 
75496      INFO  main            d.u.i.k.p.i.AbstractProblemLoader Replaying proof AmortizedQueue[AmortizedQueue::front()].JML normal_behavior operation contract.0 
75498      DEBUG main            d.u.i.k.p.i.IntermediateProofReplayer Proof replay took 5.1ns 
75900      INFO  main            d.u.i.k.p.r.p.TestFile    ... finished proof: closed. 
76086      INFO  main            d.u.i.k.p.i.AbstractProblemLoader Loading environment from /home/runner/work/key/key/key.core/../key.ui/examples/heap/vstte10_05_Queue/AmortizedQueue_front.key.proof 
76086      DEBUG main            d.u.i.k.p.i.AbstractProblemLoader Environment load took 104.3ns 
76087      INFO  main            d.u.i.k.p.i.AbstractProblemLoader Creating init config 
78488      DEBUG main            d.u.i.k.p.i.AbstractProblemLoader Init config took 2.4s 
78527      INFO  main            d.u.i.k.p.i.AbstractProblemLoader Replaying proof AmortizedQueue[AmortizedQueue::front()].JML normal_behavior operation contract.0 
78575      DEBUG main            d.u.i.k.p.i.IntermediateProofReplayer Proof replay took 45.25ms 
78576      DEBUG main            d.u.i.k.p.r.p.TestFile    ... success: reloaded. 
78577      INFO  main            d.u.i.k.p.r.p.TestFile    Now processing file /home/runner/work/key/key/key.core/../key.ui/examples/heap/vstte10_05_Queue/LinkedList_concat.key 
78578      INFO  main            d.u.i.k.p.i.AbstractProblemLoader Loading environment from /home/runner/work/key/key/key.core/../key.ui/examples/heap/vstte10_05_Queue/LinkedList_concat.key 
78578      DEBUG main            d.u.i.k.p.i.AbstractProblemLoader Environment load took 216.8ns 
78579      INFO  main            d.u.i.k.p.i.AbstractProblemLoader Creating init config 
81020      DEBUG main            d.u.i.k.p.i.AbstractProblemLoader Init config took 2.44s 
81062      INFO  main            d.u.i.k.p.i.AbstractProblemLoader Replaying proof LinkedList[LinkedList::concat(LinkedList)].JML normal_behavior operation contract.0 
81064      DEBUG main            d.u.i.k.p.i.IntermediateProofReplayer Proof replay took 5.9ns 
89306      INFO  main            d.u.i.k.p.r.p.TestFile    ... finished proof: closed. 
89530      INFO  main            d.u.i.k.p.i.AbstractProblemLoader Loading environment from /home/runner/work/key/key/key.core/../key.ui/examples/heap/vstte10_05_Queue/LinkedList_concat.key.proof 
89530      DEBUG main            d.u.i.k.p.i.AbstractProblemLoader Environment load took 370ns 
89533      INFO  main            d.u.i.k.p.i.AbstractProblemLoader Creating init config 
91906      DEBUG main            d.u.i.k.p.i.AbstractProblemLoader Init config took 2.37s 
91948      INFO  main            d.u.i.k.p.i.AbstractProblemLoader Replaying proof LinkedList[LinkedList::concat(LinkedList)].JML normal_behavior operation contract.0 
92664      DEBUG main            d.u.i.k.p.i.IntermediateProofReplayer Proof replay took 682.06ms 
92666      DEBUG main            d.u.i.k.p.r.p.TestFile    ... success: reloaded. 
92667      INFO  main            d.u.i.k.p.r.p.TestFile    Now processing file /home/runner/work/key/key/key.core/../key.ui/examples/heap/vstte10_05_Queue/LinkedList_cons.key 
92667      INFO  main            d.u.i.k.p.i.AbstractProblemLoader Loading environment from /home/runner/work/key/key/key.core/../key.ui/examples/heap/vstte10_05_Queue/LinkedList_cons.key 
92668      DEBUG main            d.u.i.k.p.i.AbstractProblemLoader Environment load took 210.5ns 
92669      INFO  main            d.u.i.k.p.i.AbstractProblemLoader Creating init config 
95108      DEBUG main            d.u.i.k.p.i.AbstractProblemLoader Init config took 2.44s 
95150      INFO  main            d.u.i.k.p.i.AbstractProblemLoader Replaying proof LinkedList[LinkedList::cons(int)].JML normal_behavior operation contract.0 
95152      DEBUG main            d.u.i.k.p.i.IntermediateProofReplayer Proof replay took 5.4ns 
97366      INFO  main            d.u.i.k.p.r.p.TestFile    ... finished proof: closed. 
97573      INFO  main            d.u.i.k.p.i.AbstractProblemLoader Loading environment from /home/runner/work/key/key/key.core/../key.ui/examples/heap/vstte10_05_Queue/LinkedList_cons.key.proof 
97574      DEBUG main            d.u.i.k.p.i.AbstractProblemLoader Environment load took 367.5ns 
97575      INFO  main            d.u.i.k.p.i.AbstractProblemLoader Creating init config 
99959      DEBUG main            d.u.i.k.p.i.AbstractProblemLoader Init config took 2.38s 
100012     INFO  main            d.u.i.k.p.i.AbstractProblemLoader Replaying proof LinkedList[LinkedList::cons(int)].JML normal_behavior operation contract.0 
100242     DEBUG main            d.u.i.k.p.i.IntermediateProofReplayer Proof replay took 219.02ms 
100243     DEBUG main            d.u.i.k.p.r.p.TestFile    ... success: reloaded. 
100244     INFO  main            d.u.i.k.p.r.p.TestFile    Now processing file /home/runner/work/key/key/key.core/../key.ui/examples/heap/vstte10_05_Queue/LinkedList_head.key 
100244     INFO  main            d.u.i.k.p.i.AbstractProblemLoader Loading environment from /home/runner/work/key/key/key.core/../key.ui/examples/heap/vstte10_05_Queue/LinkedList_head.key 
100245     DEBUG main            d.u.i.k.p.i.AbstractProblemLoader Environment load took 59.2ns 
100245     INFO  main            d.u.i.k.p.i.AbstractProblemLoader Creating init config 
102663     DEBUG main            d.u.i.k.p.i.AbstractProblemLoader Init config took 2.42s 
102705     INFO  main            d.u.i.k.p.i.AbstractProblemLoader Replaying proof LinkedList[LinkedList::head()].JML normal_behavior operation contract.0 
102706     DEBUG main            d.u.i.k.p.i.IntermediateProofReplayer Proof replay took 4.7ns 
102809     INFO  main            d.u.i.k.p.r.p.TestFile    ... finished proof: closed. 
102999     INFO  main            d.u.i.k.p.i.AbstractProblemLoader Loading environment from /home/runner/work/key/key/key.core/../key.ui/examples/heap/vstte10_05_Queue/LinkedList_head.key.proof 
102999     DEBUG main            d.u.i.k.p.i.AbstractProblemLoader Environment load took 100.5ns 
103000     INFO  main            d.u.i.k.p.i.AbstractProblemLoader Creating init config 
105368     DEBUG main            d.u.i.k.p.i.AbstractProblemLoader Init config took 2.37s 
105409     INFO  main            d.u.i.k.p.i.AbstractProblemLoader Replaying proof LinkedList[LinkedList::head()].JML normal_behavior operation contract.0 
105423     DEBUG main            d.u.i.k.p.i.IntermediateProofReplayer Proof replay took 11.46ms 
105423     DEBUG main            d.u.i.k.p.r.p.TestFile    ... success: reloaded. 
105424     INFO  main            d.u.i.k.p.r.p.TestFile    Now processing file /home/runner/work/key/key/key.core/../key.ui/examples/heap/vstte10_05_Queue/LinkedList_inv.key 
105424     INFO  main            d.u.i.k.p.i.AbstractProblemLoader Loading environment from /home/runner/work/key/key/key.core/../key.ui/examples/heap/vstte10_05_Queue/LinkedList_inv.key 
105425     DEBUG main            d.u.i.k.p.i.AbstractProblemLoader Environment load took 100.1ns 
105425     INFO  main            d.u.i.k.p.i.AbstractProblemLoader Creating init config 
107855     DEBUG main            d.u.i.k.p.i.AbstractProblemLoader Init config took 2.43s 
107894     INFO  main            d.u.i.k.p.i.AbstractProblemLoader Replaying proof LinkedList[java.lang.Object::<inv>()].JML accessible clause.0 
107896     DEBUG main            d.u.i.k.p.i.IntermediateProofReplayer Proof replay took 4.7ns 
108206     INFO  main            d.u.i.k.p.r.p.TestFile    ... finished proof: closed. 
108395     INFO  main            d.u.i.k.p.i.AbstractProblemLoader Loading environment from /home/runner/work/key/key/key.core/../key.ui/examples/heap/vstte10_05_Queue/LinkedList_inv.key.proof 
108396     DEBUG main            d.u.i.k.p.i.AbstractProblemLoader Environment load took 111.2ns 
108397     INFO  main            d.u.i.k.p.i.AbstractProblemLoader Creating init config 
110758     DEBUG main            d.u.i.k.p.i.AbstractProblemLoader Init config took 2.36s 
110798     INFO  main            d.u.i.k.p.i.AbstractProblemLoader Replaying proof LinkedList[java.lang.Object::<inv>()].JML accessible clause.0 
110824     DEBUG main            d.u.i.k.p.i.IntermediateProofReplayer Proof replay took 23.12ms 
110825     DEBUG main            d.u.i.k.p.r.p.TestFile    ... success: reloaded. 
110826     INFO  main            d.u.i.k.p.r.p.TestFile    Now processing file /home/runner/work/key/key/key.core/../key.ui/examples/heap/vstte10_05_Queue/LinkedList_length.key 
110826     INFO  main            d.u.i.k.p.i.AbstractProblemLoader Loading environment from /home/runner/work/key/key/key.core/../key.ui/examples/heap/vstte10_05_Queue/LinkedList_length.key 
110826     DEBUG main            d.u.i.k.p.i.AbstractProblemLoader Environment load took 79.6ns 
110827     INFO  main            d.u.i.k.p.i.AbstractProblemLoader Creating init config 
113280     DEBUG main            d.u.i.k.p.i.AbstractProblemLoader Init config took 2.45s 
113324     INFO  main            d.u.i.k.p.i.AbstractProblemLoader Replaying proof LinkedList[LinkedList::length()].JML normal_behavior operation contract.0 
113326     DEBUG main            d.u.i.k.p.i.IntermediateProofReplayer Proof replay took 5ns 
113427     INFO  main            d.u.i.k.p.r.p.TestFile    ... finished proof: closed. 
113644     INFO  main            d.u.i.k.p.i.AbstractProblemLoader Loading environment from /home/runner/work/key/key/key.core/../key.ui/examples/heap/vstte10_05_Queue/LinkedList_length.key.proof 
113644     DEBUG main            d.u.i.k.p.i.AbstractProblemLoader Environment load took 99.7ns 
113645     INFO  main            d.u.i.k.p.i.AbstractProblemLoader Creating init config 
115990     DEBUG main            d.u.i.k.p.i.AbstractProblemLoader Init config took 2.34s 
116030     INFO  main            d.u.i.k.p.i.AbstractProblemLoader Replaying proof LinkedList[LinkedList::length()].JML normal_behavior operation contract.0 
116043     DEBUG main            d.u.i.k.p.i.IntermediateProofReplayer Proof replay took 11.37ms 
116044     DEBUG main            d.u.i.k.p.r.p.TestFile    ... success: reloaded. 
116045     INFO  main            d.u.i.k.p.r.p.TestFile    Now processing file /home/runner/work/key/key/key.core/../key.ui/examples/heap/vstte10_05_Queue/LinkedList_LinkedList1.key 
116045     INFO  main            d.u.i.k.p.i.AbstractProblemLoader Loading environment from /home/runner/work/key/key/key.core/../key.ui/examples/heap/vstte10_05_Queue/LinkedList_LinkedList1.key 
116045     DEBUG main            d.u.i.k.p.i.AbstractProblemLoader Environment load took 81.9ns 
116046     INFO  main            d.u.i.k.p.i.AbstractProblemLoader Creating init config 
118441     DEBUG main            d.u.i.k.p.i.AbstractProblemLoader Init config took 2.39s 
118501     INFO  main            d.u.i.k.p.i.AbstractProblemLoader Replaying proof LinkedList[LinkedList::LinkedList(int,LinkedList)].JML normal_behavior operation contract.0 
118502     DEBUG main            d.u.i.k.p.i.IntermediateProofReplayer Proof replay took 4.8ns 
120233     INFO  main            d.u.i.k.p.r.p.TestFile    ... finished proof: closed. 
120466     INFO  main            d.u.i.k.p.i.AbstractProblemLoader Loading environment from /home/runner/work/key/key/key.core/../key.ui/examples/heap/vstte10_05_Queue/LinkedList_LinkedList1.key.proof 
120467     DEBUG main            d.u.i.k.p.i.AbstractProblemLoader Environment load took 176.9ns 
120468     INFO  main            d.u.i.k.p.i.AbstractProblemLoader Creating init config 
122791     DEBUG main            d.u.i.k.p.i.AbstractProblemLoader Init config took 2.32s 
122841     INFO  main            d.u.i.k.p.i.AbstractProblemLoader Replaying proof LinkedList[LinkedList::LinkedList(int,LinkedList)].JML normal_behavior operation contract.0 
123066     DEBUG main            d.u.i.k.p.i.IntermediateProofReplayer Proof replay took 217.55ms 
123067     DEBUG main            d.u.i.k.p.r.p.TestFile    ... success: reloaded. 
123069     INFO  main            d.u.i.k.p.r.p.TestFile    Now processing file /home/runner/work/key/key/key.core/../key.ui/examples/heap/vstte10_05_Queue/LinkedList_LinkedList2.key 
123069     INFO  main            d.u.i.k.p.i.AbstractProblemLoader Loading environment from /home/runner/work/key/key/key.core/../key.ui/examples/heap/vstte10_05_Queue/LinkedList_LinkedList2.key 
123069     DEBUG main            d.u.i.k.p.i.AbstractProblemLoader Environment load took 87.6ns 
123070     INFO  main            d.u.i.k.p.i.AbstractProblemLoader Creating init config 
125491     DEBUG main            d.u.i.k.p.i.AbstractProblemLoader Init config took 2.42s 
125550     INFO  main            d.u.i.k.p.i.AbstractProblemLoader Replaying proof LinkedList[LinkedList::LinkedList(int,LinkedList)].JML normal_behavior operation contract.0 
125551     DEBUG main            d.u.i.k.p.i.IntermediateProofReplayer Proof replay took 6ns 
127255     INFO  main            d.u.i.k.p.r.p.TestFile    ... finished proof: closed. 
127493     INFO  main            d.u.i.k.p.i.AbstractProblemLoader Loading environment from /home/runner/work/key/key/key.core/../key.ui/examples/heap/vstte10_05_Queue/LinkedList_LinkedList2.key.proof 
127493     DEBUG main            d.u.i.k.p.i.AbstractProblemLoader Environment load took 405.4ns 
127495     INFO  main            d.u.i.k.p.i.AbstractProblemLoader Creating init config 
129839     DEBUG main            d.u.i.k.p.i.AbstractProblemLoader Init config took 2.34s 
129880     INFO  main            d.u.i.k.p.i.AbstractProblemLoader Replaying proof LinkedList[LinkedList::LinkedList(int,LinkedList)].JML normal_behavior operation contract.0 
130096     DEBUG main            d.u.i.k.p.i.IntermediateProofReplayer Proof replay took 210.02ms 
130097     DEBUG main            d.u.i.k.p.r.p.TestFile    ... success: reloaded. 
130098     INFO  main            d.u.i.k.p.r.p.TestFile    Now processing file /home/runner/work/key/key/key.core/../key.ui/examples/heap/vstte10_05_Queue/LinkedList_LinkedList3.key 
130098     INFO  main            d.u.i.k.p.i.AbstractProblemLoader Loading environment from /home/runner/work/key/key/key.core/../key.ui/examples/heap/vstte10_05_Queue/LinkedList_LinkedList3.key 
130098     DEBUG main            d.u.i.k.p.i.AbstractProblemLoader Environment load took 54.8ns 
130099     INFO  main            d.u.i.k.p.i.AbstractProblemLoader Creating init config 
132511     DEBUG main            d.u.i.k.p.i.AbstractProblemLoader Init config took 2.41s 
132552     INFO  main            d.u.i.k.p.i.AbstractProblemLoader Replaying proof LinkedList[LinkedList::LinkedList(int,LinkedList)].JML normal_behavior operation contract.0 
132553     DEBUG main            d.u.i.k.p.i.IntermediateProofReplayer Proof replay took 5.7ns 
144840     INFO  main            d.u.i.k.p.r.p.TestFile    ... finished proof: closed. 
145132     INFO  main            d.u.i.k.p.i.AbstractProblemLoader Loading environment from /home/runner/work/key/key/key.core/../key.ui/examples/heap/vstte10_05_Queue/LinkedList_LinkedList3.key.proof 
145132     DEBUG main            d.u.i.k.p.i.AbstractProblemLoader Environment load took 169.3ns 
145138     INFO  main            d.u.i.k.p.i.AbstractProblemLoader Creating init config 
147455     DEBUG main            d.u.i.k.p.i.AbstractProblemLoader Init config took 2.32s 
147497     INFO  main            d.u.i.k.p.i.AbstractProblemLoader Replaying proof LinkedList[LinkedList::LinkedList(int,LinkedList)].JML normal_behavior operation contract.0 
148582     DEBUG main            d.u.i.k.p.i.IntermediateProofReplayer Proof replay took 985.59ms 
148587     DEBUG main            d.u.i.k.p.r.p.TestFile    ... success: reloaded. 
148588     INFO  main            d.u.i.k.p.r.p.TestFile    Now processing file /home/runner/work/key/key/key.core/../key.ui/examples/heap/vstte10_05_Queue/LinkedList_reverse.key 
148588     INFO  main            d.u.i.k.p.i.AbstractProblemLoader Loading environment from /home/runner/work/key/key/key.core/../key.ui/examples/heap/vstte10_05_Queue/LinkedList_reverse.key 
148589     DEBUG main            d.u.i.k.p.i.AbstractProblemLoader Environment load took 182.4ns 
148590     INFO  main            d.u.i.k.p.i.AbstractProblemLoader Creating init config 
151064     DEBUG main            d.u.i.k.p.i.AbstractProblemLoader Init config took 2.47s 
151108     INFO  main            d.u.i.k.p.i.AbstractProblemLoader Replaying proof LinkedList[LinkedList::reverse()].JML normal_behavior operation contract.0 
151110     DEBUG main            d.u.i.k.p.i.IntermediateProofReplayer Proof replay took 5.2ns 
160268     INFO  main            d.u.i.k.p.r.p.TestFile    ... finished proof: closed. 
160567     INFO  main            d.u.i.k.p.i.AbstractProblemLoader Loading environment from /home/runner/work/key/key/key.core/../key.ui/examples/heap/vstte10_05_Queue/LinkedList_reverse.key.proof 
160571     DEBUG main            d.u.i.k.p.i.AbstractProblemLoader Environment load took 5.22ms 
160573     INFO  main            d.u.i.k.p.i.AbstractProblemLoader Creating init config 
162980     DEBUG main            d.u.i.k.p.i.AbstractProblemLoader Init config took 2.41s 
163021     INFO  main            d.u.i.k.p.i.AbstractProblemLoader Replaying proof LinkedList[LinkedList::reverse()].JML normal_behavior operation contract.0 
163694     DEBUG main            d.u.i.k.p.i.IntermediateProofReplayer Proof replay took 643.68ms 
163697     DEBUG main            d.u.i.k.p.r.p.TestFile    ... success: reloaded. 
163697     INFO  main            d.u.i.k.p.r.p.TestFile    Now processing file /home/runner/work/key/key/key.core/../key.ui/examples/heap/vstte10_05_Queue/LinkedList_tail.key 
163698     INFO  main            d.u.i.k.p.i.AbstractProblemLoader Loading environment from /home/runner/work/key/key/key.core/../key.ui/examples/heap/vstte10_05_Queue/LinkedList_tail.key 
163698     DEBUG main            d.u.i.k.p.i.AbstractProblemLoader Environment load took 82.1ns 
163699     INFO  main            d.u.i.k.p.i.AbstractProblemLoader Creating init config 
166106     DEBUG main            d.u.i.k.p.i.AbstractProblemLoader Init config took 2.41s 
166145     INFO  main            d.u.i.k.p.i.AbstractProblemLoader Replaying proof LinkedList[LinkedList::tail()].JML normal_behavior operation contract.0 
166147     DEBUG main            d.u.i.k.p.i.IntermediateProofReplayer Proof replay took 37.3ns 
166649     INFO  main            d.u.i.k.p.r.p.TestFile    ... finished proof: closed. 
166878     INFO  main            d.u.i.k.p.i.AbstractProblemLoader Loading environment from /home/runner/work/key/key/key.core/../key.ui/examples/heap/vstte10_05_Queue/LinkedList_tail.key.proof 
166878     DEBUG main            d.u.i.k.p.i.AbstractProblemLoader Environment load took 91.1ns 
166880     INFO  main            d.u.i.k.p.i.AbstractProblemLoader Creating init config 
169239     DEBUG main            d.u.i.k.p.i.AbstractProblemLoader Init config took 2.36s 
169279     INFO  main            d.u.i.k.p.i.AbstractProblemLoader Replaying proof LinkedList[LinkedList::tail()].JML normal_behavior operation contract.0 
169376     DEBUG main            d.u.i.k.p.i.IntermediateProofReplayer Proof replay took 94.53ms 
169377     DEBUG main            d.u.i.k.p.r.p.TestFile    ... success: reloaded. 
2266383    INFO  Test worker     d.u.i.k.p.r.RunAllProofsTestUnit Returning from test VSTTE10 
2266383    INFO  Test worker     d.u.i.k.p.r.RunAllProofsTestUnit Running test WeideEtAl 
361        INFO  Timeout watchdog d.u.i.k.p.r.p.ForkedTestFileRunner Timeout watcher launched (2000 secs.) 
369        WARN  main            d.u.i.k.s.ProofSettings   The settings in /home/runner/.key/proof-settings.props are *not* read. 
409        INFO  main            d.u.i.k.p.r.p.TestFile    Now processing file /home/runner/work/key/key/key.core/../key.ui/examples/heap/WeideEtAl_01_AddAndMultiply/AddAndMultiply_add.key 
513        INFO  main            d.u.i.k.p.i.AbstractProblemLoader Loading environment from /home/runner/work/key/key/key.core/../key.ui/examples/heap/WeideEtAl_01_AddAndMultiply/AddAndMultiply_add.key 
528        DEBUG main            d.u.i.k.p.i.AbstractProblemLoader Environment load took 1.99ms 
730        INFO  main            d.u.i.k.p.i.AbstractProblemLoader Creating init config 
1549       DEBUG main            d.u.i.k.j.TypeConverter   No LDT found for Meta 
1552       DEBUG main            d.u.i.k.j.TypeConverter   No LDT found for Meta 
1555       DEBUG main            d.u.i.k.j.TypeConverter   No LDT found for Meta 
1556       DEBUG main            d.u.i.k.j.TypeConverter   No LDT found for Meta 
2782       DEBUG main            d.u.i.k.j.TypeConverter   No LDT found for JavaBigintExpression 
7427       DEBUG main            d.u.i.k.p.i.AbstractProblemLoader Init config took 6.7s 
7610       INFO  main            d.u.i.k.p.i.AbstractProblemLoader Replaying proof AddAndMultiply[AddAndMultiply::add(int,int)].JML normal_behavior operation contract.0 
7645       DEBUG main            d.u.i.k.p.i.IntermediateProofReplayer Proof replay took 29.4ns 
9320       INFO  main            d.u.i.k.p.r.p.TestFile    ... finished proof: closed. 
9468       INFO  main            d.u.i.k.p.i.AbstractProblemLoader Loading environment from /home/runner/work/key/key/key.core/../key.ui/examples/heap/WeideEtAl_01_AddAndMultiply/AddAndMultiply_add.key.proof 
9469       DEBUG main            d.u.i.k.p.i.AbstractProblemLoader Environment load took 139.1ns 
9471       INFO  main            d.u.i.k.p.i.AbstractProblemLoader Creating init config 
12198      DEBUG main            d.u.i.k.p.i.AbstractProblemLoader Init config took 2.73s 
12258      INFO  main            d.u.i.k.p.i.AbstractProblemLoader Replaying proof AddAndMultiply[AddAndMultiply::add(int,int)].JML normal_behavior operation contract.0 
12509      DEBUG main            d.u.i.k.p.i.IntermediateProofReplayer Proof replay took 239.09ms 
12519      DEBUG main            d.u.i.k.p.r.p.TestFile    ... success: reloaded. 
12524      INFO  main            d.u.i.k.p.r.p.TestFile    Now processing file /home/runner/work/key/key/key.core/../key.ui/examples/heap/WeideEtAl_01_AddAndMultiply/AddAndMultiply_mul.key 
12525      INFO  main            d.u.i.k.p.i.AbstractProblemLoader Loading environment from /home/runner/work/key/key/key.core/../key.ui/examples/heap/WeideEtAl_01_AddAndMultiply/AddAndMultiply_mul.key 
12525      DEBUG main            d.u.i.k.p.i.AbstractProblemLoader Environment load took 206.9ns 
12528      INFO  main            d.u.i.k.p.i.AbstractProblemLoader Creating init config 
15184      DEBUG main            d.u.i.k.p.i.AbstractProblemLoader Init config took 2.66s 
15238      INFO  main            d.u.i.k.p.i.AbstractProblemLoader Replaying proof AddAndMultiply[AddAndMultiply::mul(int,int)].JML normal_behavior operation contract.0 
15241      DEBUG main            d.u.i.k.p.i.IntermediateProofReplayer Proof replay took 4.6ns 
15644      INFO  main            d.u.i.k.p.r.p.TestFile    ... finished proof: closed. 
15778      INFO  main            d.u.i.k.p.i.AbstractProblemLoader Loading environment from /home/runner/work/key/key/key.core/../key.ui/examples/heap/WeideEtAl_01_AddAndMultiply/AddAndMultiply_mul.key.proof 
15778      DEBUG main            d.u.i.k.p.i.AbstractProblemLoader Environment load took 121.4ns 
15780      INFO  main            d.u.i.k.p.i.AbstractProblemLoader Creating init config 
18255      DEBUG main            d.u.i.k.p.i.AbstractProblemLoader Init config took 2.48s 
18313      INFO  main            d.u.i.k.p.i.AbstractProblemLoader Replaying proof AddAndMultiply[AddAndMultiply::mul(int,int)].JML normal_behavior operation contract.0 
18413      DEBUG main            d.u.i.k.p.i.IntermediateProofReplayer Proof replay took 95.21ms 
18414      DEBUG main            d.u.i.k.p.r.p.TestFile    ... success: reloaded. 
18416      INFO  main            d.u.i.k.p.r.p.TestFile    Now processing file /home/runner/work/key/key/key.core/../key.ui/examples/heap/WeideEtAl_02_BinarySearch/BinarySearch_search.key 
18416      INFO  main            d.u.i.k.p.i.AbstractProblemLoader Loading environment from /home/runner/work/key/key/key.core/../key.ui/examples/heap/WeideEtAl_02_BinarySearch/BinarySearch_search.key 
18416      DEBUG main            d.u.i.k.p.i.AbstractProblemLoader Environment load took 199.3ns 
18417      INFO  main            d.u.i.k.p.i.AbstractProblemLoader Creating init config 
20930      DEBUG main            d.u.i.k.p.i.AbstractProblemLoader Init config took 2.51s 
20973      INFO  main            d.u.i.k.p.i.AbstractProblemLoader Replaying proof BinarySearch[BinarySearch::search([I,int)].JML normal_behavior operation contract.0 
20977      DEBUG main            d.u.i.k.p.i.IntermediateProofReplayer Proof replay took 4.9ns 
24007      INFO  main            d.u.i.k.p.r.p.TestFile    ... finished proof: closed. 
24171      INFO  main            d.u.i.k.p.i.AbstractProblemLoader Loading environment from /home/runner/work/key/key/key.core/../key.ui/examples/heap/WeideEtAl_02_BinarySearch/BinarySearch_search.key.proof 
24180      DEBUG main            d.u.i.k.p.i.AbstractProblemLoader Environment load took 8.99ms 
24182      INFO  main            d.u.i.k.p.i.AbstractProblemLoader Creating init config 
26635      DEBUG main            d.u.i.k.p.i.AbstractProblemLoader Init config took 2.45s 
26677      INFO  main            d.u.i.k.p.i.AbstractProblemLoader Replaying proof BinarySearch[BinarySearch::search([I,int)].JML normal_behavior operation contract.0 
27149      DEBUG main            d.u.i.k.p.i.IntermediateProofReplayer Proof replay took 455.41ms 
27151      DEBUG main            d.u.i.k.p.r.p.TestFile    ... success: reloaded. 
2293700    INFO  Test worker     d.u.i.k.p.r.RunAllProofsTestUnit Returning from test WeideEtAl 
2293701    INFO  Test worker     d.u.i.k.p.r.RunAllProofsTestUnit Running test arithmetic 
354        INFO  Timeout watchdog d.u.i.k.p.r.p.ForkedTestFileRunner Timeout watcher launched (2000 secs.) 
352        WARN  main            d.u.i.k.s.ProofSettings   The settings in /home/runner/.key/proof-settings.props are *not* read. 
378        INFO  main            d.u.i.k.p.r.p.TestFile    Now processing file /home/runner/work/key/key/key.core/../key.ui/examples/standard_key/arith/binomial1.key 
477        INFO  main            d.u.i.k.p.i.AbstractProblemLoader Loading environment from /home/runner/work/key/key/key.core/../key.ui/examples/standard_key/arith/binomial1.key 
499        DEBUG main            d.u.i.k.p.i.AbstractProblemLoader Environment load took 1.92ms 
720        INFO  main            d.u.i.k.p.i.AbstractProblemLoader Creating init config 
1648       DEBUG main            d.u.i.k.j.TypeConverter   No LDT found for Meta 
1648       DEBUG main            d.u.i.k.j.TypeConverter   No LDT found for Meta 
1652       DEBUG main            d.u.i.k.j.TypeConverter   No LDT found for Meta 
1652       DEBUG main            d.u.i.k.j.TypeConverter   No LDT found for Meta 
2898       DEBUG main            d.u.i.k.j.TypeConverter   No LDT found for JavaBigintExpression 
7306       DEBUG main            d.u.i.k.p.i.AbstractProblemLoader Init config took 6.59s 
7363       INFO  main            d.u.i.k.p.i.AbstractProblemLoader Replaying proof binomial1.key 
7391       DEBUG main            d.u.i.k.p.i.IntermediateProofReplayer Proof replay took 28.5ns 
7652       INFO  main            d.u.i.k.p.r.p.TestFile    ... finished proof: closed. 
7739       INFO  main            d.u.i.k.p.i.AbstractProblemLoader Loading environment from /home/runner/work/key/key/key.core/../key.ui/examples/standard_key/arith/binomial1.key.proof 
7739       DEBUG main            d.u.i.k.p.i.AbstractProblemLoader Environment load took 210.7ns 
7746       INFO  main            d.u.i.k.p.i.AbstractProblemLoader Creating init config 
10280      DEBUG main            d.u.i.k.p.i.AbstractProblemLoader Init config took 2.53s 
10323      INFO  main            d.u.i.k.p.i.AbstractProblemLoader Replaying proof binomial1.key.proof 
10340      DEBUG main            d.u.i.k.p.i.IntermediateProofReplayer Proof replay took 12.23ms 
10349      DEBUG main            d.u.i.k.p.r.p.TestFile    ... success: reloaded. 
10350      INFO  main            d.u.i.k.p.r.p.TestFile    Now processing file /home/runner/work/key/key/key.core/../key.ui/examples/standard_key/arith/binomial2.key 
10350      INFO  main            d.u.i.k.p.i.AbstractProblemLoader Loading environment from /home/runner/work/key/key/key.core/../key.ui/examples/standard_key/arith/binomial2.key 
10351      DEBUG main            d.u.i.k.p.i.AbstractProblemLoader Environment load took 203.8ns 
10352      INFO  main            d.u.i.k.p.i.AbstractProblemLoader Creating init config 
12782      DEBUG main            d.u.i.k.p.i.AbstractProblemLoader Init config took 2.43s 
12809      INFO  main            d.u.i.k.p.i.AbstractProblemLoader Replaying proof binomial2.key 
12813      DEBUG main            d.u.i.k.p.i.IntermediateProofReplayer Proof replay took 5.4ns 
12915      INFO  main            d.u.i.k.p.r.p.TestFile    ... finished proof: closed. 
13056      INFO  main            d.u.i.k.p.i.AbstractProblemLoader Loading environment from /home/runner/work/key/key/key.core/../key.ui/examples/standard_key/arith/binomial2.key.proof 
13056      DEBUG main            d.u.i.k.p.i.AbstractProblemLoader Environment load took 116.3ns 
13058      INFO  main            d.u.i.k.p.i.AbstractProblemLoader Creating init config 
15436      DEBUG main            d.u.i.k.p.i.AbstractProblemLoader Init config took 2.38s 
15459      INFO  main            d.u.i.k.p.i.AbstractProblemLoader Replaying proof binomial2.key.proof 
15471      DEBUG main            d.u.i.k.p.i.IntermediateProofReplayer Proof replay took 9.98ms 
15472      DEBUG main            d.u.i.k.p.r.p.TestFile    ... success: reloaded. 
15473      INFO  main            d.u.i.k.p.r.p.TestFile    Now processing file /home/runner/work/key/key/key.core/../key.ui/examples/standard_key/arith/check_jdiv.key 
15474      INFO  main            d.u.i.k.p.i.AbstractProblemLoader Loading environment from /home/runner/work/key/key/key.core/../key.ui/examples/standard_key/arith/check_jdiv.key 
15474      DEBUG main            d.u.i.k.p.i.AbstractProblemLoader Environment load took 185.7ns 
15476      INFO  main            d.u.i.k.p.i.AbstractProblemLoader Creating init config 
17802      DEBUG main            d.u.i.k.p.i.AbstractProblemLoader Init config took 2.33s 
17822      INFO  main            d.u.i.k.p.i.AbstractProblemLoader Replaying proof check_jdiv.key 
17826      DEBUG main            d.u.i.k.p.i.IntermediateProofReplayer Proof replay took 6ns 
22620      INFO  main            d.u.i.k.p.r.p.TestFile    ... finished proof: closed. 
22800      INFO  main            d.u.i.k.p.i.AbstractProblemLoader Loading environment from /home/runner/work/key/key/key.core/../key.ui/examples/standard_key/arith/check_jdiv.key.proof 
22801      DEBUG main            d.u.i.k.p.i.AbstractProblemLoader Environment load took 424.2ns 
22803      INFO  main            d.u.i.k.p.i.AbstractProblemLoader Creating init config 
25091      DEBUG main            d.u.i.k.p.i.AbstractProblemLoader Init config took 2.29s 
25118      INFO  main            d.u.i.k.p.i.AbstractProblemLoader Replaying proof check_jdiv.key.proof 
25478      DEBUG main            d.u.i.k.p.i.IntermediateProofReplayer Proof replay took 324.43ms 
25480      DEBUG main            d.u.i.k.p.r.p.TestFile    ... success: reloaded. 
25481      INFO  main            d.u.i.k.p.r.p.TestFile    Now processing file /home/runner/work/key/key/key.core/../key.ui/examples/standard_key/arith/check_jdiv_concrete.key 
25481      INFO  main            d.u.i.k.p.i.AbstractProblemLoader Loading environment from /home/runner/work/key/key/key.core/../key.ui/examples/standard_key/arith/check_jdiv_concrete.key 
25482      DEBUG main            d.u.i.k.p.i.AbstractProblemLoader Environment load took 194.3ns 
25483      INFO  main            d.u.i.k.p.i.AbstractProblemLoader Creating init config 
27768      DEBUG main            d.u.i.k.p.i.AbstractProblemLoader Init config took 2.28s 
27786      INFO  main            d.u.i.k.p.i.AbstractProblemLoader Replaying proof check_jdiv_concrete.key 
27788      DEBUG main            d.u.i.k.p.i.IntermediateProofReplayer Proof replay took 5.7ns 
27891      INFO  main            d.u.i.k.p.r.p.TestFile    ... finished proof: closed. 
28070      INFO  main            d.u.i.k.p.i.AbstractProblemLoader Loading environment from /home/runner/work/key/key/key.core/../key.ui/examples/standard_key/arith/check_jdiv_concrete.key.proof 
28070      DEBUG main            d.u.i.k.p.i.AbstractProblemLoader Environment load took 109.3ns 
28072      INFO  main            d.u.i.k.p.i.AbstractProblemLoader Creating init config 
30306      DEBUG main            d.u.i.k.p.i.AbstractProblemLoader Init config took 2.23s 
30324      INFO  main            d.u.i.k.p.i.AbstractProblemLoader Replaying proof check_jdiv_concrete.key.proof 
30329      DEBUG main            d.u.i.k.p.i.IntermediateProofReplayer Proof replay took 3.48ms 
30330      DEBUG main            d.u.i.k.p.r.p.TestFile    ... success: reloaded. 
30331      INFO  main            d.u.i.k.p.r.p.TestFile    Now processing file /home/runner/work/key/key/key.core/../key.ui/examples/standard_key/arith/check_jdiv_instantiated.key 
30332      INFO  main            d.u.i.k.p.i.AbstractProblemLoader Loading environment from /home/runner/work/key/key/key.core/../key.ui/examples/standard_key/arith/check_jdiv_instantiated.key 
30332      DEBUG main            d.u.i.k.p.i.AbstractProblemLoader Environment load took 187.6ns 
30333      INFO  main            d.u.i.k.p.i.AbstractProblemLoader Creating init config 
32612      DEBUG main            d.u.i.k.p.i.AbstractProblemLoader Init config took 2.28s 
32630      INFO  main            d.u.i.k.p.i.AbstractProblemLoader Replaying proof check_jdiv_instantiated.key 
32632      DEBUG main            d.u.i.k.p.i.IntermediateProofReplayer Proof replay took 5.4ns 
35977      INFO  main            d.u.i.k.p.r.p.TestFile    ... finished proof: closed. 
36189      INFO  main            d.u.i.k.p.i.AbstractProblemLoader Loading environment from /home/runner/work/key/key/key.core/../key.ui/examples/standard_key/arith/check_jdiv_instantiated.key.proof 
36190      DEBUG main            d.u.i.k.p.i.AbstractProblemLoader Environment load took 370.1ns 
36192      INFO  main            d.u.i.k.p.i.AbstractProblemLoader Creating init config 
38420      DEBUG main            d.u.i.k.p.i.AbstractProblemLoader Init config took 2.23s 
38441      INFO  main            d.u.i.k.p.i.AbstractProblemLoader Replaying proof check_jdiv_instantiated.key.proof 
38634      DEBUG main            d.u.i.k.p.i.IntermediateProofReplayer Proof replay took 165.84ms 
38636      DEBUG main            d.u.i.k.p.r.p.TestFile    ... success: reloaded. 
38637      INFO  main            d.u.i.k.p.r.p.TestFile    Now processing file /home/runner/work/key/key/key.core/../key.ui/examples/standard_key/arith/check_jmod.key 
38638      INFO  main            d.u.i.k.p.i.AbstractProblemLoader Loading environment from /home/runner/work/key/key/key.core/../key.ui/examples/standard_key/arith/check_jmod.key 
38638      DEBUG main            d.u.i.k.p.i.AbstractProblemLoader Environment load took 278.7ns 
38639      INFO  main            d.u.i.k.p.i.AbstractProblemLoader Creating init config 
40866      DEBUG main            d.u.i.k.p.i.AbstractProblemLoader Init config took 2.23s 
40902      INFO  main            d.u.i.k.p.i.AbstractProblemLoader Replaying proof check_jmod.key 
40905      DEBUG main            d.u.i.k.p.i.IntermediateProofReplayer Proof replay took 5ns 
41408      INFO  main            d.u.i.k.p.r.p.TestFile    ... finished proof: closed. 
41600      INFO  main            d.u.i.k.p.i.AbstractProblemLoader Loading environment from /home/runner/work/key/key/key.core/../key.ui/examples/standard_key/arith/check_jmod.key.proof 
41601      DEBUG main            d.u.i.k.p.i.AbstractProblemLoader Environment load took 466.5ns 
41602      INFO  main            d.u.i.k.p.i.AbstractProblemLoader Creating init config 
43856      DEBUG main            d.u.i.k.p.i.AbstractProblemLoader Init config took 2.25s 
43873      INFO  main            d.u.i.k.p.i.AbstractProblemLoader Replaying proof check_jmod.key.proof 
43919      DEBUG main            d.u.i.k.p.i.IntermediateProofReplayer Proof replay took 39.15ms 
43923      DEBUG main            d.u.i.k.p.r.p.TestFile    ... success: reloaded. 
43924      INFO  main            d.u.i.k.p.r.p.TestFile    Now processing file /home/runner/work/key/key/key.core/../key.ui/examples/standard_key/arith/complexExpressions.key 
43924      INFO  main            d.u.i.k.p.i.AbstractProblemLoader Loading environment from /home/runner/work/key/key/key.core/../key.ui/examples/standard_key/arith/complexExpressions.key 
43925      DEBUG main            d.u.i.k.p.i.AbstractProblemLoader Environment load took 188.2ns 
43926      INFO  main            d.u.i.k.p.i.AbstractProblemLoader Creating init config 
46168      DEBUG main            d.u.i.k.p.i.AbstractProblemLoader Init config took 2.24s 
46187      INFO  main            d.u.i.k.p.i.AbstractProblemLoader Replaying proof complexExpressions.key 
46188      DEBUG main            d.u.i.k.p.i.IntermediateProofReplayer Proof replay took 5.4ns 
46393      INFO  main            d.u.i.k.p.r.p.TestFile    ... finished proof: closed. 
46587      INFO  main            d.u.i.k.p.i.AbstractProblemLoader Loading environment from /home/runner/work/key/key/key.core/../key.ui/examples/standard_key/arith/complexExpressions.key.proof 
46587      DEBUG main            d.u.i.k.p.i.AbstractProblemLoader Environment load took 107.5ns 
46588      INFO  main            d.u.i.k.p.i.AbstractProblemLoader Creating init config 
48837      DEBUG main            d.u.i.k.p.i.AbstractProblemLoader Init config took 2.25s 
48856      INFO  main            d.u.i.k.p.i.AbstractProblemLoader Replaying proof complexExpressions.key.proof 
48866      DEBUG main            d.u.i.k.p.i.IntermediateProofReplayer Proof replay took 8.12ms 
48867      DEBUG main            d.u.i.k.p.r.p.TestFile    ... success: reloaded. 
48868      INFO  main            d.u.i.k.p.r.p.TestFile    Now processing file /home/runner/work/key/key/key.core/../key.ui/examples/standard_key/arith/compound_unaryMinus.key 
48868      INFO  main            d.u.i.k.p.i.AbstractProblemLoader Loading environment from /home/runner/work/key/key/key.core/../key.ui/examples/standard_key/arith/compound_unaryMinus.key 
48868      DEBUG main            d.u.i.k.p.i.AbstractProblemLoader Environment load took 178.8ns 
48869      INFO  main            d.u.i.k.p.i.AbstractProblemLoader Creating init config 
51079      DEBUG main            d.u.i.k.p.i.AbstractProblemLoader Init config took 2.21s 
51097      INFO  main            d.u.i.k.p.i.AbstractProblemLoader Replaying proof compound_unaryMinus.key 
51099      DEBUG main            d.u.i.k.p.i.IntermediateProofReplayer Proof replay took 5.5ns 
51203      INFO  main            d.u.i.k.p.r.p.TestFile    ... finished proof: closed. 
51350      INFO  main            d.u.i.k.p.i.AbstractProblemLoader Loading environment from /home/runner/work/key/key/key.core/../key.ui/examples/standard_key/arith/compound_unaryMinus.key.proof 
51351      DEBUG main            d.u.i.k.p.i.AbstractProblemLoader Environment load took 108.9ns 
51352      INFO  main            d.u.i.k.p.i.AbstractProblemLoader Creating init config 
53564      DEBUG main            d.u.i.k.p.i.AbstractProblemLoader Init config took 2.21s 
53582      INFO  main            d.u.i.k.p.i.AbstractProblemLoader Replaying proof compound_unaryMinus.key.proof 
53586      DEBUG main            d.u.i.k.p.i.IntermediateProofReplayer Proof replay took 3.12ms 
53587      DEBUG main            d.u.i.k.p.r.p.TestFile    ... success: reloaded. 
53587      INFO  main            d.u.i.k.p.r.p.TestFile    Now processing file /home/runner/work/key/key/key.core/../key.ui/examples/standard_key/arith/computation.key 
53588      INFO  main            d.u.i.k.p.i.AbstractProblemLoader Loading environment from /home/runner/work/key/key/key.core/../key.ui/examples/standard_key/arith/computation.key 
53588      DEBUG main            d.u.i.k.p.i.AbstractProblemLoader Environment load took 85.6ns 
53589      INFO  main            d.u.i.k.p.i.AbstractProblemLoader Creating init config 
55829      DEBUG main            d.u.i.k.p.i.AbstractProblemLoader Init config took 2.24s 
55848      INFO  main            d.u.i.k.p.i.AbstractProblemLoader Replaying proof computation.key 
55850      DEBUG main            d.u.i.k.p.i.IntermediateProofReplayer Proof replay took 5ns 
57167      INFO  main            d.u.i.k.p.r.p.TestFile    ... finished proof: closed. 
57378      INFO  main            d.u.i.k.p.i.AbstractProblemLoader Loading environment from /home/runner/work/key/key/key.core/../key.ui/examples/standard_key/arith/computation.key.proof 
57378      DEBUG main            d.u.i.k.p.i.AbstractProblemLoader Environment load took 377.5ns 
57379      INFO  main            d.u.i.k.p.i.AbstractProblemLoader Creating init config 
59587      DEBUG main            d.u.i.k.p.i.AbstractProblemLoader Init config took 2.21s 
59606      INFO  main            d.u.i.k.p.i.AbstractProblemLoader Replaying proof computation.key.proof 
59736      DEBUG main            d.u.i.k.p.i.IntermediateProofReplayer Proof replay took 125.16ms 
59737      DEBUG main            d.u.i.k.p.r.p.TestFile    ... success: reloaded. 
59738      INFO  main            d.u.i.k.p.r.p.TestFile    Now processing file /home/runner/work/key/key/key.core/../key.ui/examples/standard_key/arith/cubicSum.key 
59739      INFO  main            d.u.i.k.p.i.AbstractProblemLoader Loading environment from /home/runner/work/key/key/key.core/../key.ui/examples/standard_key/arith/cubicSum.key 
59739      DEBUG main            d.u.i.k.p.i.AbstractProblemLoader Environment load took 204.7ns 
59740      INFO  main            d.u.i.k.p.i.AbstractProblemLoader Creating init config 
62071      DEBUG main            d.u.i.k.p.i.AbstractProblemLoader Init config took 2.33s 
62089      INFO  main            d.u.i.k.p.i.AbstractProblemLoader Replaying proof cubicSum.key 
62091      DEBUG main            d.u.i.k.p.i.IntermediateProofReplayer Proof replay took 4.8ns 
62997      INFO  main            d.u.i.k.p.r.p.TestFile    ... finished proof: closed. 
63266      INFO  main            d.u.i.k.p.i.AbstractProblemLoader Loading environment from /home/runner/work/key/key/key.core/../key.ui/examples/standard_key/arith/cubicSum.key.proof 
63266      DEBUG main            d.u.i.k.p.i.AbstractProblemLoader Environment load took 129.3ns 
63268      INFO  main            d.u.i.k.p.i.AbstractProblemLoader Creating init config 
65536      DEBUG main            d.u.i.k.p.i.AbstractProblemLoader Init config took 2.27s 
65555      INFO  main            d.u.i.k.p.i.AbstractProblemLoader Replaying proof cubicSum.key.proof 
65659      DEBUG main            d.u.i.k.p.i.IntermediateProofReplayer Proof replay took 101.37ms 
65660      DEBUG main            d.u.i.k.p.r.p.TestFile    ... success: reloaded. 
65661      INFO  main            d.u.i.k.p.r.p.TestFile    Now processing file /home/runner/work/key/key/key.core/../key.ui/examples/standard_key/arith/divByZero.key 
65662      INFO  main            d.u.i.k.p.i.AbstractProblemLoader Loading environment from /home/runner/work/key/key/key.core/../key.ui/examples/standard_key/arith/divByZero.key 
65662      DEBUG main            d.u.i.k.p.i.AbstractProblemLoader Environment load took 192.4ns 
65663      INFO  main            d.u.i.k.p.i.AbstractProblemLoader Creating init config 
67887      DEBUG main            d.u.i.k.p.i.AbstractProblemLoader Init config took 2.22s 
67904      INFO  main            d.u.i.k.p.i.AbstractProblemLoader Replaying proof divByZero.key 
67906      DEBUG main            d.u.i.k.p.i.IntermediateProofReplayer Proof replay took 5.4ns 
68112      INFO  main            d.u.i.k.p.r.p.TestFile    ... finished proof: closed. 
68303      INFO  main            d.u.i.k.p.i.AbstractProblemLoader Loading environment from /home/runner/work/key/key/key.core/../key.ui/examples/standard_key/arith/divByZero.key.proof 
68303      DEBUG main            d.u.i.k.p.i.AbstractProblemLoader Environment load took 107.9ns 
68304      INFO  main            d.u.i.k.p.i.AbstractProblemLoader Creating init config 
70484      DEBUG main            d.u.i.k.p.i.AbstractProblemLoader Init config took 2.18s 
70499      INFO  main            d.u.i.k.p.i.AbstractProblemLoader Replaying proof divByZero.key.proof 
70531      DEBUG main            d.u.i.k.p.i.IntermediateProofReplayer Proof replay took 29.68ms 
70531      DEBUG main            d.u.i.k.p.r.p.TestFile    ... success: reloaded. 
70532      INFO  main            d.u.i.k.p.r.p.TestFile    Now processing file /home/runner/work/key/key/key.core/../key.ui/examples/standard_key/arith/divisionAssoc.key 
70533      INFO  main            d.u.i.k.p.i.AbstractProblemLoader Loading environment from /home/runner/work/key/key/key.core/../key.ui/examples/standard_key/arith/divisionAssoc.key 
70533      DEBUG main            d.u.i.k.p.i.AbstractProblemLoader Environment load took 89.3ns 
70534      INFO  main            d.u.i.k.p.i.AbstractProblemLoader Creating init config 
72783      DEBUG main            d.u.i.k.p.i.AbstractProblemLoader Init config took 2.25s 
72797      INFO  main            d.u.i.k.p.i.AbstractProblemLoader Replaying proof divisionAssoc.key 
72798      DEBUG main            d.u.i.k.p.i.IntermediateProofReplayer Proof replay took 5.5ns 
73505      INFO  main            d.u.i.k.p.r.p.TestFile    ... finished proof: closed. 
73717      INFO  main            d.u.i.k.p.i.AbstractProblemLoader Loading environment from /home/runner/work/key/key/key.core/../key.ui/examples/standard_key/arith/divisionAssoc.key.proof 
73717      DEBUG main            d.u.i.k.p.i.AbstractProblemLoader Environment load took 117.6ns 
73718      INFO  main            d.u.i.k.p.i.AbstractProblemLoader Creating init config 
75871      DEBUG main            d.u.i.k.p.i.AbstractProblemLoader Init config took 2.15s 
75895      INFO  main            d.u.i.k.p.i.AbstractProblemLoader Replaying proof divisionAssoc.key.proof 
75938      DEBUG main            d.u.i.k.p.i.IntermediateProofReplayer Proof replay took 37.58ms 
75939      DEBUG main            d.u.i.k.p.r.p.TestFile    ... success: reloaded. 
75940      INFO  main            d.u.i.k.p.r.p.TestFile    Now processing file /home/runner/work/key/key/key.core/../key.ui/examples/standard_key/arith/divisionBy2.key 
75940      INFO  main            d.u.i.k.p.i.AbstractProblemLoader Loading environment from /home/runner/work/key/key/key.core/../key.ui/examples/standard_key/arith/divisionBy2.key 
75941      DEBUG main            d.u.i.k.p.i.AbstractProblemLoader Environment load took 160.6ns 
75942      INFO  main            d.u.i.k.p.i.AbstractProblemLoader Creating init config 
78140      DEBUG main            d.u.i.k.p.i.AbstractProblemLoader Init config took 2.2s 
78154      INFO  main            d.u.i.k.p.i.AbstractProblemLoader Replaying proof divisionBy2.key 
78155      DEBUG main            d.u.i.k.p.i.IntermediateProofReplayer Proof replay took 4.6ns 
78256      INFO  main            d.u.i.k.p.r.p.TestFile    ... finished proof: closed. 
78447      INFO  main            d.u.i.k.p.i.AbstractProblemLoader Loading environment from /home/runner/work/key/key/key.core/../key.ui/examples/standard_key/arith/divisionBy2.key.proof 
78447      DEBUG main            d.u.i.k.p.i.AbstractProblemLoader Environment load took 110.3ns 
78448      INFO  main            d.u.i.k.p.i.AbstractProblemLoader Creating init config 
80600      DEBUG main            d.u.i.k.p.i.AbstractProblemLoader Init config took 2.15s 
80613      INFO  main            d.u.i.k.p.i.AbstractProblemLoader Replaying proof divisionBy2.key.proof 
80620      DEBUG main            d.u.i.k.p.i.IntermediateProofReplayer Proof replay took 4.61ms 
80620      DEBUG main            d.u.i.k.p.r.p.TestFile    ... success: reloaded. 
80621      INFO  main            d.u.i.k.p.r.p.TestFile    Now processing file /home/runner/work/key/key/key.core/../key.ui/examples/standard_key/arith/euclidean/gcdHelp-post.key 
80621      INFO  main            d.u.i.k.p.i.AbstractProblemLoader Loading environment from /home/runner/work/key/key/key.core/../key.ui/examples/standard_key/arith/euclidean/gcdHelp-post.key 
80621      DEBUG main            d.u.i.k.p.i.AbstractProblemLoader Environment load took 179.9ns 
80623      INFO  main            d.u.i.k.p.i.AbstractProblemLoader Creating init config 
83019      DEBUG main            d.u.i.k.p.i.AbstractProblemLoader Init config took 2.4s 
83037      INFO  main            d.u.i.k.p.i.AbstractProblemLoader Replaying proof gcdHelp-post.key 
83039      DEBUG main            d.u.i.k.p.i.IntermediateProofReplayer Proof replay took 5.1ns 
86249      INFO  main            d.u.i.k.p.r.p.TestFile    ... finished proof: closed. 
86483      INFO  main            d.u.i.k.p.i.AbstractProblemLoader Loading environment from /home/runner/work/key/key/key.core/../key.ui/examples/standard_key/arith/euclidean/gcdHelp-post.key.proof 
86483      DEBUG main            d.u.i.k.p.i.AbstractProblemLoader Environment load took 370ns 
86486      INFO  main            d.u.i.k.p.i.AbstractProblemLoader Creating init config 
88710      DEBUG main            d.u.i.k.p.i.AbstractProblemLoader Init config took 2.22s 
88725      INFO  main            d.u.i.k.p.i.AbstractProblemLoader Replaying proof gcdHelp-post.key.proof 
88915      DEBUG main            d.u.i.k.p.i.IntermediateProofReplayer Proof replay took 180.15ms 
88916      DEBUG main            d.u.i.k.p.r.p.TestFile    ... success: reloaded. 
88917      INFO  main            d.u.i.k.p.r.p.TestFile    Now processing file /home/runner/work/key/key/key.core/../key.ui/examples/standard_key/arith/gemplusDecimal/add.key 
88918      INFO  main            d.u.i.k.p.i.AbstractProblemLoader Loading environment from /home/runner/work/key/key/key.core/../key.ui/examples/standard_key/arith/gemplusDecimal/add.key 
88918      DEBUG main            d.u.i.k.p.i.AbstractProblemLoader Environment load took 213.1ns 
88920      INFO  main            d.u.i.k.p.i.AbstractProblemLoader Creating init config 
91227      DEBUG main            d.u.i.k.p.i.AbstractProblemLoader Init config took 2.31s 
91242      INFO  main            d.u.i.k.p.i.AbstractProblemLoader Replaying proof add.key 
91244      DEBUG main            d.u.i.k.p.i.IntermediateProofReplayer Proof replay took 6ns 
132634     INFO  main            d.u.i.k.p.r.p.TestFile    ... finished proof: closed. 
132982     INFO  main            d.u.i.k.p.i.AbstractProblemLoader Loading environment from /home/runner/work/key/key/key.core/../key.ui/examples/standard_key/arith/gemplusDecimal/add.key.proof 
132982     DEBUG main            d.u.i.k.p.i.AbstractProblemLoader Environment load took 402.69ns 
132989     INFO  main            d.u.i.k.p.i.AbstractProblemLoader Creating init config 
135182     DEBUG main            d.u.i.k.p.i.AbstractProblemLoader Init config took 2.19s 
135197     INFO  main            d.u.i.k.p.i.AbstractProblemLoader Replaying proof add.key.proof 
138763     DEBUG main            d.u.i.k.p.i.IntermediateProofReplayer Proof replay took 3.43s 
138770     DEBUG main            d.u.i.k.p.r.p.TestFile    ... success: reloaded. 
138770     INFO  main            d.u.i.k.p.r.p.TestFile    Now processing file /home/runner/work/key/key/key.core/../key.ui/examples/standard_key/arith/jdivevenodd.key 
138771     INFO  main            d.u.i.k.p.i.AbstractProblemLoader Loading environment from /home/runner/work/key/key/key.core/../key.ui/examples/standard_key/arith/jdivevenodd.key 
138771     DEBUG main            d.u.i.k.p.i.AbstractProblemLoader Environment load took 60.6ns 
138772     INFO  main            d.u.i.k.p.i.AbstractProblemLoader Creating init config 
141008     DEBUG main            d.u.i.k.p.i.AbstractProblemLoader Init config took 2.24s 
141021     INFO  main            d.u.i.k.p.i.AbstractProblemLoader Replaying proof jdivevenodd.key 
141022     DEBUG main            d.u.i.k.p.i.IntermediateProofReplayer Proof replay took 5.2ns 
141224     INFO  main            d.u.i.k.p.r.p.TestFile    ... finished proof: closed. 
141529     INFO  main            d.u.i.k.p.i.AbstractProblemLoader Loading environment from /home/runner/work/key/key/key.core/../key.ui/examples/standard_key/arith/jdivevenodd.key.proof 
141529     DEBUG main            d.u.i.k.p.i.AbstractProblemLoader Environment load took 114.3ns 
141531     INFO  main            d.u.i.k.p.i.AbstractProblemLoader Creating init config 
143645     DEBUG main            d.u.i.k.p.i.AbstractProblemLoader Init config took 2.11s 
143658     INFO  main            d.u.i.k.p.i.AbstractProblemLoader Replaying proof jdivevenodd.key.proof 
143672     DEBUG main            d.u.i.k.p.i.IntermediateProofReplayer Proof replay took 12.67ms 
143673     DEBUG main            d.u.i.k.p.r.p.TestFile    ... success: reloaded. 
143674     INFO  main            d.u.i.k.p.r.p.TestFile    Now processing file /home/runner/work/key/key/key.core/../key.ui/examples/standard_key/arith/median.key 
143675     INFO  main            d.u.i.k.p.i.AbstractProblemLoader Loading environment from /home/runner/work/key/key/key.core/../key.ui/examples/standard_key/arith/median.key 
143675     DEBUG main            d.u.i.k.p.i.AbstractProblemLoader Environment load took 202.3ns 
143676     INFO  main            d.u.i.k.p.i.AbstractProblemLoader Creating init config 
145844     DEBUG main            d.u.i.k.p.i.AbstractProblemLoader Init config took 2.17s 
145858     INFO  main            d.u.i.k.p.i.AbstractProblemLoader Replaying proof median.key 
145860     DEBUG main            d.u.i.k.p.i.IntermediateProofReplayer Proof replay took 4.9ns 
161481     INFO  main            d.u.i.k.p.r.p.TestFile    ... finished proof: closed. 
161784     INFO  main            d.u.i.k.p.i.AbstractProblemLoader Loading environment from /home/runner/work/key/key/key.core/../key.ui/examples/standard_key/arith/median.key.proof 
161784     DEBUG main            d.u.i.k.p.i.AbstractProblemLoader Environment load took 452.2ns 
161787     INFO  main            d.u.i.k.p.i.AbstractProblemLoader Creating init config 
163939     DEBUG main            d.u.i.k.p.i.AbstractProblemLoader Init config took 2.15s 
163961     INFO  main            d.u.i.k.p.i.AbstractProblemLoader Replaying proof median.key.proof 
165061     DEBUG main            d.u.i.k.p.i.IntermediateProofReplayer Proof replay took 1.04s 
165063     DEBUG main            d.u.i.k.p.r.p.TestFile    ... success: reloaded. 
165064     INFO  main            d.u.i.k.p.r.p.TestFile    Now processing file /home/runner/work/key/key/key.core/../key.ui/examples/standard_key/arith/mod1.key 
165064     INFO  main            d.u.i.k.p.i.AbstractProblemLoader Loading environment from /home/runner/work/key/key/key.core/../key.ui/examples/standard_key/arith/mod1.key 
165064     DEBUG main            d.u.i.k.p.i.AbstractProblemLoader Environment load took 74.2ns 
165065     INFO  main            d.u.i.k.p.i.AbstractProblemLoader Creating init config 
167266     DEBUG main            d.u.i.k.p.i.AbstractProblemLoader Init config took 2.2s 
167280     INFO  main            d.u.i.k.p.i.AbstractProblemLoader Replaying proof mod1.key 
167282     DEBUG main            d.u.i.k.p.i.IntermediateProofReplayer Proof replay took 5.5ns 
167384     INFO  main            d.u.i.k.p.r.p.TestFile    ... finished proof: closed. 
167654     INFO  main            d.u.i.k.p.i.AbstractProblemLoader Loading environment from /home/runner/work/key/key/key.core/../key.ui/examples/standard_key/arith/mod1.key.proof 
167655     DEBUG main            d.u.i.k.p.i.AbstractProblemLoader Environment load took 94.5ns 
167655     INFO  main            d.u.i.k.p.i.AbstractProblemLoader Creating init config 
169786     DEBUG main            d.u.i.k.p.i.AbstractProblemLoader Init config took 2.13s 
169801     INFO  main            d.u.i.k.p.i.AbstractProblemLoader Replaying proof mod1.key.proof 
169804     DEBUG main            d.u.i.k.p.i.IntermediateProofReplayer Proof replay took 2.04ms 
169805     DEBUG main            d.u.i.k.p.r.p.TestFile    ... success: reloaded. 
169806     INFO  main            d.u.i.k.p.r.p.TestFile    Now processing file /home/runner/work/key/key/key.core/../key.ui/examples/standard_key/arith/mod2.key 
169806     INFO  main            d.u.i.k.p.i.AbstractProblemLoader Loading environment from /home/runner/work/key/key/key.core/../key.ui/examples/standard_key/arith/mod2.key 
169806     DEBUG main            d.u.i.k.p.i.AbstractProblemLoader Environment load took 74.6ns 
169807     INFO  main            d.u.i.k.p.i.AbstractProblemLoader Creating init config 
171965     DEBUG main            d.u.i.k.p.i.AbstractProblemLoader Init config took 2.16s 
171977     INFO  main            d.u.i.k.p.i.AbstractProblemLoader Replaying proof mod2.key 
171978     DEBUG main            d.u.i.k.p.i.IntermediateProofReplayer Proof replay took 5.5ns 
172079     INFO  main            d.u.i.k.p.r.p.TestFile    ... finished proof: closed. 
172283     INFO  main            d.u.i.k.p.i.AbstractProblemLoader Loading environment from /home/runner/work/key/key/key.core/../key.ui/examples/standard_key/arith/mod2.key.proof 
172283     DEBUG main            d.u.i.k.p.i.AbstractProblemLoader Environment load took 93.2ns 
172284     INFO  main            d.u.i.k.p.i.AbstractProblemLoader Creating init config 
174401     DEBUG main            d.u.i.k.p.i.AbstractProblemLoader Init config took 2.12s 
174413     INFO  main            d.u.i.k.p.i.AbstractProblemLoader Replaying proof mod2.key.proof 
174416     DEBUG main            d.u.i.k.p.i.IntermediateProofReplayer Proof replay took 1.38ms 
174416     DEBUG main            d.u.i.k.p.r.p.TestFile    ... success: reloaded. 
174417     INFO  main            d.u.i.k.p.r.p.TestFile    Now processing file /home/runner/work/key/key/key.core/../key.ui/examples/standard_key/arith/mod7.key 
174417     INFO  main            d.u.i.k.p.i.AbstractProblemLoader Loading environment from /home/runner/work/key/key/key.core/../key.ui/examples/standard_key/arith/mod7.key 
174417     DEBUG main            d.u.i.k.p.i.AbstractProblemLoader Environment load took 64.2ns 
174418     INFO  main            d.u.i.k.p.i.AbstractProblemLoader Creating init config 
176583     DEBUG main            d.u.i.k.p.i.AbstractProblemLoader Init config took 2.16s 
176595     INFO  main            d.u.i.k.p.i.AbstractProblemLoader Replaying proof mod7.key 
176596     DEBUG main            d.u.i.k.p.i.IntermediateProofReplayer Proof replay took 5.1ns 
176700     INFO  main            d.u.i.k.p.r.p.TestFile    ... finished proof: closed. 
176915     INFO  main            d.u.i.k.p.i.AbstractProblemLoader Loading environment from /home/runner/work/key/key/key.core/../key.ui/examples/standard_key/arith/mod7.key.proof 
176915     DEBUG main            d.u.i.k.p.i.AbstractProblemLoader Environment load took 99.8ns 
176916     INFO  main            d.u.i.k.p.i.AbstractProblemLoader Creating init config 
179032     DEBUG main            d.u.i.k.p.i.AbstractProblemLoader Init config took 2.12s 
179043     INFO  main            d.u.i.k.p.i.AbstractProblemLoader Replaying proof mod7.key.proof 
179050     DEBUG main            d.u.i.k.p.i.IntermediateProofReplayer Proof replay took 4.91ms 
179050     DEBUG main            d.u.i.k.p.r.p.TestFile    ... success: reloaded. 
179051     INFO  main            d.u.i.k.p.r.p.TestFile    Now processing file /home/runner/work/key/key/key.core/../key.ui/examples/standard_key/arith/overflow_hija.key 
179051     INFO  main            d.u.i.k.p.i.AbstractProblemLoader Loading environment from /home/runner/work/key/key/key.core/../key.ui/examples/standard_key/arith/overflow_hija.key 
179051     DEBUG main            d.u.i.k.p.i.AbstractProblemLoader Environment load took 51ns 
179053     INFO  main            d.u.i.k.p.i.AbstractProblemLoader Creating init config 
181215     DEBUG main            d.u.i.k.p.i.AbstractProblemLoader Init config took 2.16s 
181230     INFO  main            d.u.i.k.p.i.AbstractProblemLoader Replaying proof overflow_hija.key 
181231     DEBUG main            d.u.i.k.p.i.IntermediateProofReplayer Proof replay took 5.8ns 
185656     INFO  main            d.u.i.k.p.r.p.TestFile    ... finished proof: closed. 
185921     INFO  main            d.u.i.k.p.i.AbstractProblemLoader Loading environment from /home/runner/work/key/key/key.core/../key.ui/examples/standard_key/arith/overflow_hija.key.proof 
185921     DEBUG main            d.u.i.k.p.i.AbstractProblemLoader Environment load took 389.6ns 
185923     INFO  main            d.u.i.k.p.i.AbstractProblemLoader Creating init config 
188052     DEBUG main            d.u.i.k.p.i.AbstractProblemLoader Init config took 2.13s 
188068     INFO  main            d.u.i.k.p.i.AbstractProblemLoader Replaying proof overflow_hija.key.proof 
188417     DEBUG main            d.u.i.k.p.i.IntermediateProofReplayer Proof replay took 339.22ms 
188418     DEBUG main            d.u.i.k.p.r.p.TestFile    ... success: reloaded. 
188419     INFO  main            d.u.i.k.p.r.p.TestFile    Now processing file /home/runner/work/key/key/key.core/../key.ui/examples/standard_key/arith/poly_division0.key 
188419     INFO  main            d.u.i.k.p.i.AbstractProblemLoader Loading environment from /home/runner/work/key/key/key.core/../key.ui/examples/standard_key/arith/poly_division0.key 
188420     DEBUG main            d.u.i.k.p.i.AbstractProblemLoader Environment load took 89.7ns 
188420     INFO  main            d.u.i.k.p.i.AbstractProblemLoader Creating init config 
190642     DEBUG main            d.u.i.k.p.i.AbstractProblemLoader Init config took 2.22s 
190654     INFO  main            d.u.i.k.p.i.AbstractProblemLoader Replaying proof poly_division0.key 
190655     DEBUG main            d.u.i.k.p.i.IntermediateProofReplayer Proof replay took 6.8ns 
190760     INFO  main            d.u.i.k.p.r.p.TestFile    ... finished proof: closed. 
191036     INFO  main            d.u.i.k.p.i.AbstractProblemLoader Loading environment from /home/runner/work/key/key/key.core/../key.ui/examples/standard_key/arith/poly_division0.key.proof 
191036     DEBUG main            d.u.i.k.p.i.AbstractProblemLoader Environment load took 116.5ns 
191037     INFO  main            d.u.i.k.p.i.AbstractProblemLoader Creating init config 
193145     DEBUG main            d.u.i.k.p.i.AbstractProblemLoader Init config took 2.11s 
193158     INFO  main            d.u.i.k.p.i.AbstractProblemLoader Replaying proof poly_division0.key.proof 
193167     DEBUG main            d.u.i.k.p.i.IntermediateProofReplayer Proof replay took 7.29ms 
193167     DEBUG main            d.u.i.k.p.r.p.TestFile    ... success: reloaded. 
193168     INFO  main            d.u.i.k.p.r.p.TestFile    Now processing file /home/runner/work/key/key/key.core/../key.ui/examples/standard_key/arith/poly_division1.key 
193168     INFO  main            d.u.i.k.p.i.AbstractProblemLoader Loading environment from /home/runner/work/key/key/key.core/../key.ui/examples/standard_key/arith/poly_division1.key 
193168     DEBUG main            d.u.i.k.p.i.AbstractProblemLoader Environment load took 70.2ns 
193169     INFO  main            d.u.i.k.p.i.AbstractProblemLoader Creating init config 
195315     DEBUG main            d.u.i.k.p.i.AbstractProblemLoader Init config took 2.15s 
195326     INFO  main            d.u.i.k.p.i.AbstractProblemLoader Replaying proof poly_division1.key 
195328     DEBUG main            d.u.i.k.p.i.IntermediateProofReplayer Proof replay took 6ns 
195429     INFO  main            d.u.i.k.p.r.p.TestFile    ... finished proof: closed. 
195660     INFO  main            d.u.i.k.p.i.AbstractProblemLoader Loading environment from /home/runner/work/key/key/key.core/../key.ui/examples/standard_key/arith/poly_division1.key.proof 
195660     DEBUG main            d.u.i.k.p.i.AbstractProblemLoader Environment load took 116.3ns 
195661     INFO  main            d.u.i.k.p.i.AbstractProblemLoader Creating init config 
197769     DEBUG main            d.u.i.k.p.i.AbstractProblemLoader Init config took 2.11s 
197781     INFO  main            d.u.i.k.p.i.AbstractProblemLoader Replaying proof poly_division1.key.proof 
197788     DEBUG main            d.u.i.k.p.i.IntermediateProofReplayer Proof replay took 5.38ms 
197789     DEBUG main            d.u.i.k.p.r.p.TestFile    ... success: reloaded. 
197789     INFO  main            d.u.i.k.p.r.p.TestFile    Now processing file /home/runner/work/key/key/key.core/../key.ui/examples/standard_key/inEqSimp/division.key 
197789     INFO  main            d.u.i.k.p.i.AbstractProblemLoader Loading environment from /home/runner/work/key/key/key.core/../key.ui/examples/standard_key/inEqSimp/division.key 
197789     DEBUG main            d.u.i.k.p.i.AbstractProblemLoader Environment load took 73.4ns 
197790     INFO  main            d.u.i.k.p.i.AbstractProblemLoader Creating init config 
199944     DEBUG main            d.u.i.k.p.i.AbstractProblemLoader Init config took 2.15s 
199956     INFO  main            d.u.i.k.p.i.AbstractProblemLoader Replaying proof division.key 
199957     DEBUG main            d.u.i.k.p.i.IntermediateProofReplayer Proof replay took 5.8ns 
201861     INFO  main            d.u.i.k.p.r.p.TestFile    ... finished proof: closed. 
202106     INFO  main            d.u.i.k.p.i.AbstractProblemLoader Loading environment from /home/runner/work/key/key/key.core/../key.ui/examples/standard_key/inEqSimp/division.key.proof 
202107     DEBUG main            d.u.i.k.p.i.AbstractProblemLoader Environment load took 362.8ns 
202108     INFO  main            d.u.i.k.p.i.AbstractProblemLoader Creating init config 
204233     DEBUG main            d.u.i.k.p.i.AbstractProblemLoader Init config took 2.13s 
204245     INFO  main            d.u.i.k.p.i.AbstractProblemLoader Replaying proof division.key.proof 
204325     DEBUG main            d.u.i.k.p.i.IntermediateProofReplayer Proof replay took 72.02ms 
204326     DEBUG main            d.u.i.k.p.r.p.TestFile    ... success: reloaded. 
204326     INFO  main            d.u.i.k.p.r.p.TestFile    Now processing file /home/runner/work/key/key/key.core/../key.ui/examples/standard_key/inEqSimp/inequations0.key 
204327     INFO  main            d.u.i.k.p.i.AbstractProblemLoader Loading environment from /home/runner/work/key/key/key.core/../key.ui/examples/standard_key/inEqSimp/inequations0.key 
204327     DEBUG main            d.u.i.k.p.i.AbstractProblemLoader Environment load took 78.6ns 
204330     INFO  main            d.u.i.k.p.i.AbstractProblemLoader Creating init config 
206527     DEBUG main            d.u.i.k.p.i.AbstractProblemLoader Init config took 2.2s 
206540     INFO  main            d.u.i.k.p.i.AbstractProblemLoader Replaying proof inequations0.key 
206542     DEBUG main            d.u.i.k.p.i.IntermediateProofReplayer Proof replay took 31.6ns 
206644     INFO  main            d.u.i.k.p.r.p.TestFile    ... finished proof: closed. 
206904     INFO  main            d.u.i.k.p.i.AbstractProblemLoader Loading environment from /home/runner/work/key/key/key.core/../key.ui/examples/standard_key/inEqSimp/inequations0.key.proof 
206905     DEBUG main            d.u.i.k.p.i.AbstractProblemLoader Environment load took 89.5ns 
206905     INFO  main            d.u.i.k.p.i.AbstractProblemLoader Creating init config 
209015     DEBUG main            d.u.i.k.p.i.AbstractProblemLoader Init config took 2.11s 
209026     INFO  main            d.u.i.k.p.i.AbstractProblemLoader Replaying proof inequations0.key.proof 
209030     DEBUG main            d.u.i.k.p.i.IntermediateProofReplayer Proof replay took 1.92ms 
209030     DEBUG main            d.u.i.k.p.r.p.TestFile    ... success: reloaded. 
209031     INFO  main            d.u.i.k.p.r.p.TestFile    Now processing file /home/runner/work/key/key/key.core/../key.ui/examples/standard_key/inEqSimp/inequations1.key 
209031     INFO  main            d.u.i.k.p.i.AbstractProblemLoader Loading environment from /home/runner/work/key/key/key.core/../key.ui/examples/standard_key/inEqSimp/inequations1.key 
209031     DEBUG main            d.u.i.k.p.i.AbstractProblemLoader Environment load took 168.9ns 
209032     INFO  main            d.u.i.k.p.i.AbstractProblemLoader Creating init config 
211183     DEBUG main            d.u.i.k.p.i.AbstractProblemLoader Init config took 2.15s 
211195     INFO  main            d.u.i.k.p.i.AbstractProblemLoader Replaying proof inequations1.key 
211196     DEBUG main            d.u.i.k.p.i.IntermediateProofReplayer Proof replay took 2ns 
211299     INFO  main            d.u.i.k.p.r.p.TestFile    ... finished proof: closed. 
211543     INFO  main            d.u.i.k.p.i.AbstractProblemLoader Loading environment from /home/runner/work/key/key/key.core/../key.ui/examples/standard_key/inEqSimp/inequations1.key.proof 
211543     DEBUG main            d.u.i.k.p.i.AbstractProblemLoader Environment load took 87.7ns 
211544     INFO  main            d.u.i.k.p.i.AbstractProblemLoader Creating init config 
213650     DEBUG main            d.u.i.k.p.i.AbstractProblemLoader Init config took 2.11s 
213663     INFO  main            d.u.i.k.p.i.AbstractProblemLoader Replaying proof inequations1.key.proof 
213665     DEBUG main            d.u.i.k.p.i.IntermediateProofReplayer Proof replay took 1.13ms 
213666     DEBUG main            d.u.i.k.p.r.p.TestFile    ... success: reloaded. 
213667     INFO  main            d.u.i.k.p.r.p.TestFile    Now processing file /home/runner/work/key/key/key.core/../key.ui/examples/standard_key/inEqSimp/inequations2.key 
213667     INFO  main            d.u.i.k.p.i.AbstractProblemLoader Loading environment from /home/runner/work/key/key/key.core/../key.ui/examples/standard_key/inEqSimp/inequations2.key 
213667     DEBUG main            d.u.i.k.p.i.AbstractProblemLoader Environment load took 71.7ns 
213668     INFO  main            d.u.i.k.p.i.AbstractProblemLoader Creating init config 
215816     DEBUG main            d.u.i.k.p.i.AbstractProblemLoader Init config took 2.15s 
215828     INFO  main            d.u.i.k.p.i.AbstractProblemLoader Replaying proof inequations2.key 
215829     DEBUG main            d.u.i.k.p.i.IntermediateProofReplayer Proof replay took 2.3ns 
215930     INFO  main            d.u.i.k.p.r.p.TestFile    ... finished proof: closed. 
216186     INFO  main            d.u.i.k.p.i.AbstractProblemLoader Loading environment from /home/runner/work/key/key/key.core/../key.ui/examples/standard_key/inEqSimp/inequations2.key.proof 
216186     DEBUG main            d.u.i.k.p.i.AbstractProblemLoader Environment load took 82.4ns 
216187     INFO  main            d.u.i.k.p.i.AbstractProblemLoader Creating init config 
218348     DEBUG main            d.u.i.k.p.i.AbstractProblemLoader Init config took 2.16s 
218360     INFO  main            d.u.i.k.p.i.AbstractProblemLoader Replaying proof inequations2.key.proof 
218364     DEBUG main            d.u.i.k.p.i.IntermediateProofReplayer Proof replay took 1.37ms 
218364     DEBUG main            d.u.i.k.p.r.p.TestFile    ... success: reloaded. 
218365     INFO  main            d.u.i.k.p.r.p.TestFile    Now processing file /home/runner/work/key/key/key.core/../key.ui/examples/standard_key/inEqSimp/linApprox.key 
218365     INFO  main            d.u.i.k.p.i.AbstractProblemLoader Loading environment from /home/runner/work/key/key/key.core/../key.ui/examples/standard_key/inEqSimp/linApprox.key 
218365     DEBUG main            d.u.i.k.p.i.AbstractProblemLoader Environment load took 74ns 
218366     INFO  main            d.u.i.k.p.i.AbstractProblemLoader Creating init config 
220532     DEBUG main            d.u.i.k.p.i.AbstractProblemLoader Init config took 2.17s 
220544     INFO  main            d.u.i.k.p.i.AbstractProblemLoader Replaying proof linApprox.key 
220545     DEBUG main            d.u.i.k.p.i.IntermediateProofReplayer Proof replay took 2.4ns 
220647     INFO  main            d.u.i.k.p.r.p.TestFile    ... finished proof: closed. 
220895     INFO  main            d.u.i.k.p.i.AbstractProblemLoader Loading environment from /home/runner/work/key/key/key.core/../key.ui/examples/standard_key/inEqSimp/linApprox.key.proof 
220895     DEBUG main            d.u.i.k.p.i.AbstractProblemLoader Environment load took 86ns 
220896     INFO  main            d.u.i.k.p.i.AbstractProblemLoader Creating init config 
223008     DEBUG main            d.u.i.k.p.i.AbstractProblemLoader Init config took 2.11s 
223020     INFO  main            d.u.i.k.p.i.AbstractProblemLoader Replaying proof linApprox.key.proof 
223024     DEBUG main            d.u.i.k.p.i.IntermediateProofReplayer Proof replay took 2.4ms 
223024     DEBUG main            d.u.i.k.p.r.p.TestFile    ... success: reloaded. 
223025     INFO  main            d.u.i.k.p.r.p.TestFile    Now processing file /home/runner/work/key/key/key.core/../key.ui/examples/standard_key/inEqSimp/nonLinInEqExample0.key 
223025     INFO  main            d.u.i.k.p.i.AbstractProblemLoader Loading environment from /home/runner/work/key/key/key.core/../key.ui/examples/standard_key/inEqSimp/nonLinInEqExample0.key 
223025     DEBUG main            d.u.i.k.p.i.AbstractProblemLoader Environment load took 46.6ns 
223026     INFO  main            d.u.i.k.p.i.AbstractProblemLoader Creating init config 
225158     DEBUG main            d.u.i.k.p.i.AbstractProblemLoader Init config took 2.13s 
225170     INFO  main            d.u.i.k.p.i.AbstractProblemLoader Replaying proof nonLinInEqExample0.key 
225171     DEBUG main            d.u.i.k.p.i.IntermediateProofReplayer Proof replay took 2.1ns 
225272     INFO  main            d.u.i.k.p.r.p.TestFile    ... finished proof: closed. 
225544     INFO  main            d.u.i.k.p.i.AbstractProblemLoader Loading environment from /home/runner/work/key/key/key.core/../key.ui/examples/standard_key/inEqSimp/nonLinInEqExample0.key.proof 
225544     DEBUG main            d.u.i.k.p.i.AbstractProblemLoader Environment load took 90.8ns 
225545     INFO  main            d.u.i.k.p.i.AbstractProblemLoader Creating init config 
227649     DEBUG main            d.u.i.k.p.i.AbstractProblemLoader Init config took 2.1s 
227661     INFO  main            d.u.i.k.p.i.AbstractProblemLoader Replaying proof nonLinInEqExample0.key.proof 
227663     DEBUG main            d.u.i.k.p.i.IntermediateProofReplayer Proof replay took 821.39ns 
227663     DEBUG main            d.u.i.k.p.r.p.TestFile    ... success: reloaded. 
227664     INFO  main            d.u.i.k.p.r.p.TestFile    Now processing file /home/runner/work/key/key/key.core/../key.ui/examples/standard_key/inEqSimp/nonLinInEqExample2.key 
227664     INFO  main            d.u.i.k.p.i.AbstractProblemLoader Loading environment from /home/runner/work/key/key/key.core/../key.ui/examples/standard_key/inEqSimp/nonLinInEqExample2.key 
227664     DEBUG main            d.u.i.k.p.i.AbstractProblemLoader Environment load took 43.3ns 
227665     INFO  main            d.u.i.k.p.i.AbstractProblemLoader Creating init config 
229802     DEBUG main            d.u.i.k.p.i.AbstractProblemLoader Init config took 2.14s 
229814     INFO  main            d.u.i.k.p.i.AbstractProblemLoader Replaying proof nonLinInEqExample2.key 
229815     DEBUG main            d.u.i.k.p.i.IntermediateProofReplayer Proof replay took 2ns 
230118     INFO  main            d.u.i.k.p.r.p.TestFile    ... finished proof: closed. 
230381     INFO  main            d.u.i.k.p.i.AbstractProblemLoader Loading environment from /home/runner/work/key/key/key.core/../key.ui/examples/standard_key/inEqSimp/nonLinInEqExample2.key.proof 
230381     DEBUG main            d.u.i.k.p.i.AbstractProblemLoader Environment load took 87.3ns 
230383     INFO  main            d.u.i.k.p.i.AbstractProblemLoader Creating init config 
232489     DEBUG main            d.u.i.k.p.i.AbstractProblemLoader Init config took 2.11s 
232501     INFO  main            d.u.i.k.p.i.AbstractProblemLoader Replaying proof nonLinInEqExample2.key.proof 
232526     DEBUG main            d.u.i.k.p.i.IntermediateProofReplayer Proof replay took 22.31ms 
232527     DEBUG main            d.u.i.k.p.r.p.TestFile    ... success: reloaded. 
232527     INFO  main            d.u.i.k.p.r.p.TestFile    Now processing file /home/runner/work/key/key/key.core/../key.ui/examples/standard_key/inEqSimp/nonLinInEqExample3.key 
232528     INFO  main            d.u.i.k.p.i.AbstractProblemLoader Loading environment from /home/runner/work/key/key/key.core/../key.ui/examples/standard_key/inEqSimp/nonLinInEqExample3.key 
232528     DEBUG main            d.u.i.k.p.i.AbstractProblemLoader Environment load took 50.4ns 
232529     INFO  main            d.u.i.k.p.i.AbstractProblemLoader Creating init config 
234679     DEBUG main            d.u.i.k.p.i.AbstractProblemLoader Init config took 2.15s 
234691     INFO  main            d.u.i.k.p.i.AbstractProblemLoader Replaying proof nonLinInEqExample3.key 
234692     DEBUG main            d.u.i.k.p.i.IntermediateProofReplayer Proof replay took 2.2ns 
234910     INFO  main            d.u.i.k.p.r.p.TestFile    ... finished proof: closed. 
235187     INFO  main            d.u.i.k.p.i.AbstractProblemLoader Loading environment from /home/runner/work/key/key/key.core/../key.ui/examples/standard_key/inEqSimp/nonLinInEqExample3.key.proof 
235187     DEBUG main            d.u.i.k.p.i.AbstractProblemLoader Environment load took 89.5ns 
235188     INFO  main            d.u.i.k.p.i.AbstractProblemLoader Creating init config 
237308     DEBUG main            d.u.i.k.p.i.AbstractProblemLoader Init config took 2.12s 
237320     INFO  main            d.u.i.k.p.i.AbstractProblemLoader Replaying proof nonLinInEqExample3.key.proof 
237336     DEBUG main            d.u.i.k.p.i.IntermediateProofReplayer Proof replay took 14.6ms 
237337     DEBUG main            d.u.i.k.p.r.p.TestFile    ... success: reloaded. 
237338     INFO  main            d.u.i.k.p.r.p.TestFile    Now processing file /home/runner/work/key/key/key.core/../key.ui/examples/standard_key/inEqSimp/nonLinInEqExample4.key 
237338     INFO  main            d.u.i.k.p.i.AbstractProblemLoader Loading environment from /home/runner/work/key/key/key.core/../key.ui/examples/standard_key/inEqSimp/nonLinInEqExample4.key 
237338     DEBUG main            d.u.i.k.p.i.AbstractProblemLoader Environment load took 129ns 
237339     INFO  main            d.u.i.k.p.i.AbstractProblemLoader Creating init config 
239485     DEBUG main            d.u.i.k.p.i.AbstractProblemLoader Init config took 2.15s 
239497     INFO  main            d.u.i.k.p.i.AbstractProblemLoader Replaying proof nonLinInEqExample4.key 
239498     DEBUG main            d.u.i.k.p.i.IntermediateProofReplayer Proof replay took 2.6ns 
239603     INFO  main            d.u.i.k.p.r.p.TestFile    ... finished proof: closed. 
239901     INFO  main            d.u.i.k.p.i.AbstractProblemLoader Loading environment from /home/runner/work/key/key/key.core/../key.ui/examples/standard_key/inEqSimp/nonLinInEqExample4.key.proof 
239901     DEBUG main            d.u.i.k.p.i.AbstractProblemLoader Environment load took 83.2ns 
239902     INFO  main            d.u.i.k.p.i.AbstractProblemLoader Creating init config 
242008     DEBUG main            d.u.i.k.p.i.AbstractProblemLoader Init config took 2.11s 
242019     INFO  main            d.u.i.k.p.i.AbstractProblemLoader Replaying proof nonLinInEqExample4.key.proof 
242023     DEBUG main            d.u.i.k.p.i.IntermediateProofReplayer Proof replay took 3.03ms 
242024     DEBUG main            d.u.i.k.p.r.p.TestFile    ... success: reloaded. 
242025     INFO  main            d.u.i.k.p.r.p.TestFile    Now processing file /home/runner/work/key/key/key.core/../key.ui/examples/standard_key/inEqSimp/quadraticInEq.key 
242025     INFO  main            d.u.i.k.p.i.AbstractProblemLoader Loading environment from /home/runner/work/key/key/key.core/../key.ui/examples/standard_key/inEqSimp/quadraticInEq.key 
242025     DEBUG main            d.u.i.k.p.i.AbstractProblemLoader Environment load took 71.8ns 
242026     INFO  main            d.u.i.k.p.i.AbstractProblemLoader Creating init config 
244165     DEBUG main            d.u.i.k.p.i.AbstractProblemLoader Init config took 2.14s 
244180     INFO  main            d.u.i.k.p.i.AbstractProblemLoader Replaying proof quadraticInEq.key 
244182     DEBUG main            d.u.i.k.p.i.IntermediateProofReplayer Proof replay took 2.2ns 
244485     INFO  main            d.u.i.k.p.r.p.TestFile    ... finished proof: closed. 
244771     INFO  main            d.u.i.k.p.i.AbstractProblemLoader Loading environment from /home/runner/work/key/key/key.core/../key.ui/examples/standard_key/inEqSimp/quadraticInEq.key.proof 
244772     DEBUG main            d.u.i.k.p.i.AbstractProblemLoader Environment load took 346.9ns 
244773     INFO  main            d.u.i.k.p.i.AbstractProblemLoader Creating init config 
246887     DEBUG main            d.u.i.k.p.i.AbstractProblemLoader Init config took 2.11s 
246900     INFO  main            d.u.i.k.p.i.AbstractProblemLoader Replaying proof quadraticInEq.key.proof 
246935     DEBUG main            d.u.i.k.p.i.IntermediateProofReplayer Proof replay took 30.67ms 
246936     DEBUG main            d.u.i.k.p.r.p.TestFile    ... success: reloaded. 
246936     INFO  main            d.u.i.k.p.r.p.TestFile    Now processing file /home/runner/work/key/key/key.core/../key.ui/examples/standard_key/inEqSimp/quadraticInEq10.key 
246937     INFO  main            d.u.i.k.p.i.AbstractProblemLoader Loading environment from /home/runner/work/key/key/key.core/../key.ui/examples/standard_key/inEqSimp/quadraticInEq10.key 
246937     DEBUG main            d.u.i.k.p.i.AbstractProblemLoader Environment load took 73.9ns 
246938     INFO  main            d.u.i.k.p.i.AbstractProblemLoader Creating init config 
249079     DEBUG main            d.u.i.k.p.i.AbstractProblemLoader Init config took 2.14s 
249090     INFO  main            d.u.i.k.p.i.AbstractProblemLoader Replaying proof quadraticInEq10.key 
249091     DEBUG main            d.u.i.k.p.i.IntermediateProofReplayer Proof replay took 2.5ns 
249294     INFO  main            d.u.i.k.p.r.p.TestFile    ... finished proof: closed. 
249580     INFO  main            d.u.i.k.p.i.AbstractProblemLoader Loading environment from /home/runner/work/key/key/key.core/../key.ui/examples/standard_key/inEqSimp/quadraticInEq10.key.proof 
249580     DEBUG main            d.u.i.k.p.i.AbstractProblemLoader Environment load took 87.7ns 
249581     INFO  main            d.u.i.k.p.i.AbstractProblemLoader Creating init config 
251674     DEBUG main            d.u.i.k.p.i.AbstractProblemLoader Init config took 2.09s 
251686     INFO  main            d.u.i.k.p.i.AbstractProblemLoader Replaying proof quadraticInEq10.key.proof 
251699     DEBUG main            d.u.i.k.p.i.IntermediateProofReplayer Proof replay took 11.31ms 
251700     DEBUG main            d.u.i.k.p.r.p.TestFile    ... success: reloaded. 
251701     INFO  main            d.u.i.k.p.r.p.TestFile    Now processing file /home/runner/work/key/key/key.core/../key.ui/examples/standard_key/inEqSimp/quadraticInEq13.key 
251701     INFO  main            d.u.i.k.p.i.AbstractProblemLoader Loading environment from /home/runner/work/key/key/key.core/../key.ui/examples/standard_key/inEqSimp/quadraticInEq13.key 
251701     DEBUG main            d.u.i.k.p.i.AbstractProblemLoader Environment load took 38ns 
251702     INFO  main            d.u.i.k.p.i.AbstractProblemLoader Creating init config 
253858     DEBUG main            d.u.i.k.p.i.AbstractProblemLoader Init config took 2.16s 
253869     INFO  main            d.u.i.k.p.i.AbstractProblemLoader Replaying proof quadraticInEq13.key 
253870     DEBUG main            d.u.i.k.p.i.IntermediateProofReplayer Proof replay took 2.5ns 
254072     INFO  main            d.u.i.k.p.r.p.TestFile    ... finished proof: closed. 
254374     INFO  main            d.u.i.k.p.i.AbstractProblemLoader Loading environment from /home/runner/work/key/key/key.core/../key.ui/examples/standard_key/inEqSimp/quadraticInEq13.key.proof 
254374     DEBUG main            d.u.i.k.p.i.AbstractProblemLoader Environment load took 81.1ns 
254375     INFO  main            d.u.i.k.p.i.AbstractProblemLoader Creating init config 
256481     DEBUG main            d.u.i.k.p.i.AbstractProblemLoader Init config took 2.11s 
256493     INFO  main            d.u.i.k.p.i.AbstractProblemLoader Replaying proof quadraticInEq13.key.proof 
256509     DEBUG main            d.u.i.k.p.i.IntermediateProofReplayer Proof replay took 14.37ms 
256510     DEBUG main            d.u.i.k.p.r.p.TestFile    ... success: reloaded. 
256511     INFO  main            d.u.i.k.p.r.p.TestFile    Now processing file /home/runner/work/key/key/key.core/../key.ui/examples/standard_key/inEqSimp/quadraticInEq14.key 
256511     INFO  main            d.u.i.k.p.i.AbstractProblemLoader Loading environment from /home/runner/work/key/key/key.core/../key.ui/examples/standard_key/inEqSimp/quadraticInEq14.key 
256511     DEBUG main            d.u.i.k.p.i.AbstractProblemLoader Environment load took 72.9ns 
256512     INFO  main            d.u.i.k.p.i.AbstractProblemLoader Creating init config 
258662     DEBUG main            d.u.i.k.p.i.AbstractProblemLoader Init config took 2.15s 
258673     INFO  main            d.u.i.k.p.i.AbstractProblemLoader Replaying proof quadraticInEq14.key 
258674     DEBUG main            d.u.i.k.p.i.IntermediateProofReplayer Proof replay took 2.2ns 
258978     INFO  main            d.u.i.k.p.r.p.TestFile    ... finished proof: closed. 
259299     INFO  main            d.u.i.k.p.i.AbstractProblemLoader Loading environment from /home/runner/work/key/key/key.core/../key.ui/examples/standard_key/inEqSimp/quadraticInEq14.key.proof 
259299     DEBUG main            d.u.i.k.p.i.AbstractProblemLoader Environment load took 88.7ns 
259300     INFO  main            d.u.i.k.p.i.AbstractProblemLoader Creating init config 
261400     DEBUG main            d.u.i.k.p.i.AbstractProblemLoader Init config took 2.1s 
261411     INFO  main            d.u.i.k.p.i.AbstractProblemLoader Replaying proof quadraticInEq14.key.proof 
261431     DEBUG main            d.u.i.k.p.i.IntermediateProofReplayer Proof replay took 16.88ms 
261432     DEBUG main            d.u.i.k.p.r.p.TestFile    ... success: reloaded. 
261432     INFO  main            d.u.i.k.p.r.p.TestFile    Now processing file /home/runner/work/key/key/key.core/../key.ui/examples/standard_key/inEqSimp/quadraticInEq2.key 
261432     INFO  main            d.u.i.k.p.i.AbstractProblemLoader Loading environment from /home/runner/work/key/key/key.core/../key.ui/examples/standard_key/inEqSimp/quadraticInEq2.key 
261432     DEBUG main            d.u.i.k.p.i.AbstractProblemLoader Environment load took 60.7ns 
261433     INFO  main            d.u.i.k.p.i.AbstractProblemLoader Creating init config 
263590     DEBUG main            d.u.i.k.p.i.AbstractProblemLoader Init config took 2.16s 
263601     INFO  main            d.u.i.k.p.i.AbstractProblemLoader Replaying proof quadraticInEq2.key 
263602     DEBUG main            d.u.i.k.p.i.IntermediateProofReplayer Proof replay took 2.5ns 
263705     INFO  main            d.u.i.k.p.r.p.TestFile    ... finished proof: closed. 
264014     INFO  main            d.u.i.k.p.i.AbstractProblemLoader Loading environment from /home/runner/work/key/key/key.core/../key.ui/examples/standard_key/inEqSimp/quadraticInEq2.key.proof 
264014     DEBUG main            d.u.i.k.p.i.AbstractProblemLoader Environment load took 84.1ns 
264015     INFO  main            d.u.i.k.p.i.AbstractProblemLoader Creating init config 
266097     DEBUG main            d.u.i.k.p.i.AbstractProblemLoader Init config took 2.08s 
266109     INFO  main            d.u.i.k.p.i.AbstractProblemLoader Replaying proof quadraticInEq2.key.proof 
266112     DEBUG main            d.u.i.k.p.i.IntermediateProofReplayer Proof replay took 1.79ms 
266113     DEBUG main            d.u.i.k.p.r.p.TestFile    ... success: reloaded. 
266113     INFO  main            d.u.i.k.p.r.p.TestFile    Now processing file /home/runner/work/key/key/key.core/../key.ui/examples/standard_key/inEqSimp/quadraticInEq3.key 
266113     INFO  main            d.u.i.k.p.i.AbstractProblemLoader Loading environment from /home/runner/work/key/key/key.core/../key.ui/examples/standard_key/inEqSimp/quadraticInEq3.key 
266114     DEBUG main            d.u.i.k.p.i.AbstractProblemLoader Environment load took 42.9ns 
266121     INFO  main            d.u.i.k.p.i.AbstractProblemLoader Creating init config 
268239     DEBUG main            d.u.i.k.p.i.AbstractProblemLoader Init config took 2.12s 
268251     INFO  main            d.u.i.k.p.i.AbstractProblemLoader Replaying proof quadraticInEq3.key 
268252     DEBUG main            d.u.i.k.p.i.IntermediateProofReplayer Proof replay took 2.2ns 
268356     INFO  main            d.u.i.k.p.r.p.TestFile    ... finished proof: closed. 
268657     INFO  main            d.u.i.k.p.i.AbstractProblemLoader Loading environment from /home/runner/work/key/key/key.core/../key.ui/examples/standard_key/inEqSimp/quadraticInEq3.key.proof 
268657     DEBUG main            d.u.i.k.p.i.AbstractProblemLoader Environment load took 79.3ns 
268658     INFO  main            d.u.i.k.p.i.AbstractProblemLoader Creating init config 
270765     DEBUG main            d.u.i.k.p.i.AbstractProblemLoader Init config took 2.11s 
270777     INFO  main            d.u.i.k.p.i.AbstractProblemLoader Replaying proof quadraticInEq3.key.proof 
270783     DEBUG main            d.u.i.k.p.i.IntermediateProofReplayer Proof replay took 4.5ms 
270784     DEBUG main            d.u.i.k.p.r.p.TestFile    ... success: reloaded. 
270785     INFO  main            d.u.i.k.p.r.p.TestFile    Now processing file /home/runner/work/key/key/key.core/../key.ui/examples/standard_key/inEqSimp/quadraticInEq4.key 
270785     INFO  main            d.u.i.k.p.i.AbstractProblemLoader Loading environment from /home/runner/work/key/key/key.core/../key.ui/examples/standard_key/inEqSimp/quadraticInEq4.key 
270785     DEBUG main            d.u.i.k.p.i.AbstractProblemLoader Environment load took 151.2ns 
270786     INFO  main            d.u.i.k.p.i.AbstractProblemLoader Creating init config 
272898     DEBUG main            d.u.i.k.p.i.AbstractProblemLoader Init config took 2.11s 
272909     INFO  main            d.u.i.k.p.i.AbstractProblemLoader Replaying proof quadraticInEq4.key 
272910     DEBUG main            d.u.i.k.p.i.IntermediateProofReplayer Proof replay took 2.2ns 
273012     INFO  main            d.u.i.k.p.r.p.TestFile    ... finished proof: closed. 
273317     INFO  main            d.u.i.k.p.i.AbstractProblemLoader Loading environment from /home/runner/work/key/key/key.core/../key.ui/examples/standard_key/inEqSimp/quadraticInEq4.key.proof 
273317     DEBUG main            d.u.i.k.p.i.AbstractProblemLoader Environment load took 77.1ns 
273318     INFO  main            d.u.i.k.p.i.AbstractProblemLoader Creating init config 
275399     DEBUG main            d.u.i.k.p.i.AbstractProblemLoader Init config took 2.08s 
275411     INFO  main            d.u.i.k.p.i.AbstractProblemLoader Replaying proof quadraticInEq4.key.proof 
275416     DEBUG main            d.u.i.k.p.i.IntermediateProofReplayer Proof replay took 3.79ms 
275417     DEBUG main            d.u.i.k.p.r.p.TestFile    ... success: reloaded. 
275417     INFO  main            d.u.i.k.p.r.p.TestFile    Now processing file /home/runner/work/key/key/key.core/../key.ui/examples/standard_key/inEqSimp/quadraticInEq5.key 
275418     INFO  main            d.u.i.k.p.i.AbstractProblemLoader Loading environment from /home/runner/work/key/key/key.core/../key.ui/examples/standard_key/inEqSimp/quadraticInEq5.key 
275418     DEBUG main            d.u.i.k.p.i.AbstractProblemLoader Environment load took 74.4ns 
275419     INFO  main            d.u.i.k.p.i.AbstractProblemLoader Creating init config 
277534     DEBUG main            d.u.i.k.p.i.AbstractProblemLoader Init config took 2.12s 
277546     INFO  main            d.u.i.k.p.i.AbstractProblemLoader Replaying proof quadraticInEq5.key 
277549     DEBUG main            d.u.i.k.p.i.IntermediateProofReplayer Proof replay took 2.3ns 
277650     INFO  main            d.u.i.k.p.r.p.TestFile    ... finished proof: closed. 
277963     INFO  main            d.u.i.k.p.i.AbstractProblemLoader Loading environment from /home/runner/work/key/key/key.core/../key.ui/examples/standard_key/inEqSimp/quadraticInEq5.key.proof 
277963     DEBUG main            d.u.i.k.p.i.AbstractProblemLoader Environment load took 78.3ns 
277964     INFO  main            d.u.i.k.p.i.AbstractProblemLoader Creating init config 
280047     DEBUG main            d.u.i.k.p.i.AbstractProblemLoader Init config took 2.08s 
280059     INFO  main            d.u.i.k.p.i.AbstractProblemLoader Replaying proof quadraticInEq5.key.proof 
280064     DEBUG main            d.u.i.k.p.i.IntermediateProofReplayer Proof replay took 3.71ms 
280064     DEBUG main            d.u.i.k.p.r.p.TestFile    ... success: reloaded. 
280065     INFO  main            d.u.i.k.p.r.p.TestFile    Now processing file /home/runner/work/key/key/key.core/../key.ui/examples/standard_key/inEqSimp/quadraticInEq6.key 
280065     INFO  main            d.u.i.k.p.i.AbstractProblemLoader Loading environment from /home/runner/work/key/key/key.core/../key.ui/examples/standard_key/inEqSimp/quadraticInEq6.key 
280065     DEBUG main            d.u.i.k.p.i.AbstractProblemLoader Environment load took 43.8ns 
280066     INFO  main            d.u.i.k.p.i.AbstractProblemLoader Creating init config 
282178     DEBUG main            d.u.i.k.p.i.AbstractProblemLoader Init config took 2.11s 
282189     INFO  main            d.u.i.k.p.i.AbstractProblemLoader Replaying proof quadraticInEq6.key 
282190     DEBUG main            d.u.i.k.p.i.IntermediateProofReplayer Proof replay took 3.1ns 
282292     INFO  main            d.u.i.k.p.r.p.TestFile    ... finished proof: closed. 
282606     INFO  main            d.u.i.k.p.i.AbstractProblemLoader Loading environment from /home/runner/work/key/key/key.core/../key.ui/examples/standard_key/inEqSimp/quadraticInEq6.key.proof 
282606     DEBUG main            d.u.i.k.p.i.AbstractProblemLoader Environment load took 77.3ns 
282607     INFO  main            d.u.i.k.p.i.AbstractProblemLoader Creating init config 
284733     DEBUG main            d.u.i.k.p.i.AbstractProblemLoader Init config took 2.13s 
284745     INFO  main            d.u.i.k.p.i.AbstractProblemLoader Replaying proof quadraticInEq6.key.proof 
284749     DEBUG main            d.u.i.k.p.i.IntermediateProofReplayer Proof replay took 3.43ms 
284750     DEBUG main            d.u.i.k.p.r.p.TestFile    ... success: reloaded. 
284751     INFO  main            d.u.i.k.p.r.p.TestFile    Now processing file /home/runner/work/key/key/key.core/../key.ui/examples/standard_key/inEqSimp/quadraticInEq7.key 
284751     INFO  main            d.u.i.k.p.i.AbstractProblemLoader Loading environment from /home/runner/work/key/key/key.core/../key.ui/examples/standard_key/inEqSimp/quadraticInEq7.key 
284751     DEBUG main            d.u.i.k.p.i.AbstractProblemLoader Environment load took 43.6ns 
284753     INFO  main            d.u.i.k.p.i.AbstractProblemLoader Creating init config 
286883     DEBUG main            d.u.i.k.p.i.AbstractProblemLoader Init config took 2.13s 
286894     INFO  main            d.u.i.k.p.i.AbstractProblemLoader Replaying proof quadraticInEq7.key 
286895     DEBUG main            d.u.i.k.p.i.IntermediateProofReplayer Proof replay took 2.2ns 
286996     INFO  main            d.u.i.k.p.r.p.TestFile    ... finished proof: closed. 
287317     INFO  main            d.u.i.k.p.i.AbstractProblemLoader Loading environment from /home/runner/work/key/key/key.core/../key.ui/examples/standard_key/inEqSimp/quadraticInEq7.key.proof 
287317     DEBUG main            d.u.i.k.p.i.AbstractProblemLoader Environment load took 75.3ns 
287318     INFO  main            d.u.i.k.p.i.AbstractProblemLoader Creating init config 
289399     DEBUG main            d.u.i.k.p.i.AbstractProblemLoader Init config took 2.08s 
289411     INFO  main            d.u.i.k.p.i.AbstractProblemLoader Replaying proof quadraticInEq7.key.proof 
289414     DEBUG main            d.u.i.k.p.i.IntermediateProofReplayer Proof replay took 1.87ms 
289414     DEBUG main            d.u.i.k.p.r.p.TestFile    ... success: reloaded. 
289415     INFO  main            d.u.i.k.p.r.p.TestFile    Now processing file /home/runner/work/key/key/key.core/../key.ui/examples/standard_key/inEqSimp/quadraticInEq8.key 
289415     INFO  main            d.u.i.k.p.i.AbstractProblemLoader Loading environment from /home/runner/work/key/key/key.core/../key.ui/examples/standard_key/inEqSimp/quadraticInEq8.key 
289415     DEBUG main            d.u.i.k.p.i.AbstractProblemLoader Environment load took 43.2ns 
289416     INFO  main            d.u.i.k.p.i.AbstractProblemLoader Creating init config 
291524     DEBUG main            d.u.i.k.p.i.AbstractProblemLoader Init config took 2.11s 
291536     INFO  main            d.u.i.k.p.i.AbstractProblemLoader Replaying proof quadraticInEq8.key 
291537     DEBUG main            d.u.i.k.p.i.IntermediateProofReplayer Proof replay took 2.6ns 
291639     INFO  main            d.u.i.k.p.r.p.TestFile    ... finished proof: closed. 
291986     INFO  main            d.u.i.k.p.i.AbstractProblemLoader Loading environment from /home/runner/work/key/key/key.core/../key.ui/examples/standard_key/inEqSimp/quadraticInEq8.key.proof 
291986     DEBUG main            d.u.i.k.p.i.AbstractProblemLoader Environment load took 73.1ns 
291987     INFO  main            d.u.i.k.p.i.AbstractProblemLoader Creating init config 
294070     DEBUG main            d.u.i.k.p.i.AbstractProblemLoader Init config took 2.08s 
294081     INFO  main            d.u.i.k.p.i.AbstractProblemLoader Replaying proof quadraticInEq8.key.proof 
294089     DEBUG main            d.u.i.k.p.i.IntermediateProofReplayer Proof replay took 6.04ms 
294090     DEBUG main            d.u.i.k.p.r.p.TestFile    ... success: reloaded. 
294090     INFO  main            d.u.i.k.p.r.p.TestFile    Now processing file /home/runner/work/key/key/key.core/../key.ui/examples/standard_key/inEqSimp/simplify0.key 
294090     INFO  main            d.u.i.k.p.i.AbstractProblemLoader Loading environment from /home/runner/work/key/key/key.core/../key.ui/examples/standard_key/inEqSimp/simplify0.key 
294091     DEBUG main            d.u.i.k.p.i.AbstractProblemLoader Environment load took 40.2ns 
294091     INFO  main            d.u.i.k.p.i.AbstractProblemLoader Creating init config 
296207     DEBUG main            d.u.i.k.p.i.AbstractProblemLoader Init config took 2.12s 
296219     INFO  main            d.u.i.k.p.i.AbstractProblemLoader Replaying proof simplify0.key 
296220     DEBUG main            d.u.i.k.p.i.IntermediateProofReplayer Proof replay took 2.5ns 
296322     INFO  main            d.u.i.k.p.r.p.TestFile    ... finished proof: closed. 
296664     INFO  main            d.u.i.k.p.i.AbstractProblemLoader Loading environment from /home/runner/work/key/key/key.core/../key.ui/examples/standard_key/inEqSimp/simplify0.key.proof 
296664     DEBUG main            d.u.i.k.p.i.AbstractProblemLoader Environment load took 86.1ns 
296665     INFO  main            d.u.i.k.p.i.AbstractProblemLoader Creating init config 
298744     DEBUG main            d.u.i.k.p.i.AbstractProblemLoader Init config took 2.08s 
298756     INFO  main            d.u.i.k.p.i.AbstractProblemLoader Replaying proof simplify0.key.proof 
298759     DEBUG main            d.u.i.k.p.i.IntermediateProofReplayer Proof replay took 2.09ms 
298760     DEBUG main            d.u.i.k.p.r.p.TestFile    ... success: reloaded. 
298760     INFO  main            d.u.i.k.p.r.p.TestFile    Now processing file /home/runner/work/key/key/key.core/../key.ui/examples/standard_key/inEqSimp/simplify1.key 
298761     INFO  main            d.u.i.k.p.i.AbstractProblemLoader Loading environment from /home/runner/work/key/key/key.core/../key.ui/examples/standard_key/inEqSimp/simplify1.key 
298761     DEBUG main            d.u.i.k.p.i.AbstractProblemLoader Environment load took 42.3ns 
298761     INFO  main            d.u.i.k.p.i.AbstractProblemLoader Creating init config 
300892     DEBUG main            d.u.i.k.p.i.AbstractProblemLoader Init config took 2.13s 
300903     INFO  main            d.u.i.k.p.i.AbstractProblemLoader Replaying proof simplify1.key 
300904     DEBUG main            d.u.i.k.p.i.IntermediateProofReplayer Proof replay took 2.2ns 
301006     INFO  main            d.u.i.k.p.r.p.TestFile    ... finished proof: closed. 
301332     INFO  main            d.u.i.k.p.i.AbstractProblemLoader Loading environment from /home/runner/work/key/key/key.core/../key.ui/examples/standard_key/inEqSimp/simplify1.key.proof 
301332     DEBUG main            d.u.i.k.p.i.AbstractProblemLoader Environment load took 76.2ns 
301333     INFO  main            d.u.i.k.p.i.AbstractProblemLoader Creating init config 
303422     DEBUG main            d.u.i.k.p.i.AbstractProblemLoader Init config took 2.09s 
303434     INFO  main            d.u.i.k.p.i.AbstractProblemLoader Replaying proof simplify1.key.proof 
303436     DEBUG main            d.u.i.k.p.i.IntermediateProofReplayer Proof replay took 1ms 
303437     DEBUG main            d.u.i.k.p.r.p.TestFile    ... success: reloaded. 
303437     INFO  main            d.u.i.k.p.r.p.TestFile    Now processing file /home/runner/work/key/key/key.core/../key.ui/examples/standard_key/inEqSimp/simplify2.key 
303437     INFO  main            d.u.i.k.p.i.AbstractProblemLoader Loading environment from /home/runner/work/key/key/key.core/../key.ui/examples/standard_key/inEqSimp/simplify2.key 
303437     DEBUG main            d.u.i.k.p.i.AbstractProblemLoader Environment load took 40.8ns 
303438     INFO  main            d.u.i.k.p.i.AbstractProblemLoader Creating init config 
305558     DEBUG main            d.u.i.k.p.i.AbstractProblemLoader Init config took 2.12s 
305569     INFO  main            d.u.i.k.p.i.AbstractProblemLoader Replaying proof simplify2.key 
305570     DEBUG main            d.u.i.k.p.i.IntermediateProofReplayer Proof replay took 2.4ns 
305672     INFO  main            d.u.i.k.p.r.p.TestFile    ... finished proof: closed. 
306015     INFO  main            d.u.i.k.p.i.AbstractProblemLoader Loading environment from /home/runner/work/key/key/key.core/../key.ui/examples/standard_key/inEqSimp/simplify2.key.proof 
306015     DEBUG main            d.u.i.k.p.i.AbstractProblemLoader Environment load took 78.3ns 
306016     INFO  main            d.u.i.k.p.i.AbstractProblemLoader Creating init config 
308112     DEBUG main            d.u.i.k.p.i.AbstractProblemLoader Init config took 2.1s 
308124     INFO  main            d.u.i.k.p.i.AbstractProblemLoader Replaying proof simplify2.key.proof 
308135     DEBUG main            d.u.i.k.p.i.IntermediateProofReplayer Proof replay took 9.29ms 
308135     DEBUG main            d.u.i.k.p.r.p.TestFile    ... success: reloaded. 
308136     INFO  main            d.u.i.k.p.r.p.TestFile    Now processing file /home/runner/work/key/key/key.core/../key.ui/examples/standard_key/inEqSimp/simplify3.key 
308136     INFO  main            d.u.i.k.p.i.AbstractProblemLoader Loading environment from /home/runner/work/key/key/key.core/../key.ui/examples/standard_key/inEqSimp/simplify3.key 
308136     DEBUG main            d.u.i.k.p.i.AbstractProblemLoader Environment load took 44.7ns 
308137     INFO  main            d.u.i.k.p.i.AbstractProblemLoader Creating init config 
310262     DEBUG main            d.u.i.k.p.i.AbstractProblemLoader Init config took 2.12s 
310273     INFO  main            d.u.i.k.p.i.AbstractProblemLoader Replaying proof simplify3.key 
310274     DEBUG main            d.u.i.k.p.i.IntermediateProofReplayer Proof replay took 2.6ns 
310375     INFO  main            d.u.i.k.p.r.p.TestFile    ... finished proof: closed. 
310721     INFO  main            d.u.i.k.p.i.AbstractProblemLoader Loading environment from /home/runner/work/key/key/key.core/../key.ui/examples/standard_key/inEqSimp/simplify3.key.proof 
310721     DEBUG main            d.u.i.k.p.i.AbstractProblemLoader Environment load took 84.7ns 
310722     INFO  main            d.u.i.k.p.i.AbstractProblemLoader Creating init config 
312814     DEBUG main            d.u.i.k.p.i.AbstractProblemLoader Init config took 2.09s 
312831     INFO  main            d.u.i.k.p.i.AbstractProblemLoader Replaying proof simplify3.key.proof 
312833     DEBUG main            d.u.i.k.p.i.IntermediateProofReplayer Proof replay took 1.58ms 
312835     DEBUG main            d.u.i.k.p.r.p.TestFile    ... success: reloaded. 
312836     INFO  main            d.u.i.k.p.r.p.TestFile    Now processing file /home/runner/work/key/key/key.core/../key.ui/examples/standard_key/inEqSimp/simplify4.key 
312836     INFO  main            d.u.i.k.p.i.AbstractProblemLoader Loading environment from /home/runner/work/key/key/key.core/../key.ui/examples/standard_key/inEqSimp/simplify4.key 
312836     DEBUG main            d.u.i.k.p.i.AbstractProblemLoader Environment load took 41.7ns 
312837     INFO  main            d.u.i.k.p.i.AbstractProblemLoader Creating init config 
314976     DEBUG main            d.u.i.k.p.i.AbstractProblemLoader Init config took 2.14s 
314988     INFO  main            d.u.i.k.p.i.AbstractProblemLoader Replaying proof simplify4.key 
314989     DEBUG main            d.u.i.k.p.i.IntermediateProofReplayer Proof replay took 2.4ns 
315091     INFO  main            d.u.i.k.p.r.p.TestFile    ... finished proof: closed. 
315441     INFO  main            d.u.i.k.p.i.AbstractProblemLoader Loading environment from /home/runner/work/key/key/key.core/../key.ui/examples/standard_key/inEqSimp/simplify4.key.proof 
315441     DEBUG main            d.u.i.k.p.i.AbstractProblemLoader Environment load took 80.9ns 
315442     INFO  main            d.u.i.k.p.i.AbstractProblemLoader Creating init config 
317556     DEBUG main            d.u.i.k.p.i.AbstractProblemLoader Init config took 2.11s 
317568     INFO  main            d.u.i.k.p.i.AbstractProblemLoader Replaying proof simplify4.key.proof 
317581     DEBUG main            d.u.i.k.p.i.IntermediateProofReplayer Proof replay took 11.41ms 
317582     DEBUG main            d.u.i.k.p.r.p.TestFile    ... success: reloaded. 
317582     INFO  main            d.u.i.k.p.r.p.TestFile    Now processing file /home/runner/work/key/key/key.core/../key.ui/examples/standard_key/inEqSimp/simplify5.key 
317582     INFO  main            d.u.i.k.p.i.AbstractProblemLoader Loading environment from /home/runner/work/key/key/key.core/../key.ui/examples/standard_key/inEqSimp/simplify5.key 
317582     DEBUG main            d.u.i.k.p.i.AbstractProblemLoader Environment load took 63.7ns 
317583     INFO  main            d.u.i.k.p.i.AbstractProblemLoader Creating init config 
319711     DEBUG main            d.u.i.k.p.i.AbstractProblemLoader Init config took 2.13s 
319723     INFO  main            d.u.i.k.p.i.AbstractProblemLoader Replaying proof simplify5.key 
319724     DEBUG main            d.u.i.k.p.i.IntermediateProofReplayer Proof replay took 2.2ns 
320228     INFO  main            d.u.i.k.p.r.p.TestFile    ... finished proof: closed. 
320629     INFO  main            d.u.i.k.p.i.AbstractProblemLoader Loading environment from /home/runner/work/key/key/key.core/../key.ui/examples/standard_key/inEqSimp/simplify5.key.proof 
320629     DEBUG main            d.u.i.k.p.i.AbstractProblemLoader Environment load took 78.1ns 
320631     INFO  main            d.u.i.k.p.i.AbstractProblemLoader Creating init config 
322758     DEBUG main            d.u.i.k.p.i.AbstractProblemLoader Init config took 2.13s 
322771     INFO  main            d.u.i.k.p.i.AbstractProblemLoader Replaying proof simplify5.key.proof 
322817     DEBUG main            d.u.i.k.p.i.IntermediateProofReplayer Proof replay took 42.17ms 
322818     DEBUG main            d.u.i.k.p.r.p.TestFile    ... success: reloaded. 
322819     INFO  main            d.u.i.k.p.r.p.TestFile    Now processing file /home/runner/work/key/key/key.core/../key.ui/examples/standard_key/inEqSimp/subsumptionExample.key 
322819     INFO  main            d.u.i.k.p.i.AbstractProblemLoader Loading environment from /home/runner/work/key/key/key.core/../key.ui/examples/standard_key/inEqSimp/subsumptionExample.key 
322819     DEBUG main            d.u.i.k.p.i.AbstractProblemLoader Environment load took 56.4ns 
322820     INFO  main            d.u.i.k.p.i.AbstractProblemLoader Creating init config 
324983     DEBUG main            d.u.i.k.p.i.AbstractProblemLoader Init config took 2.16s 
324994     INFO  main            d.u.i.k.p.i.AbstractProblemLoader Replaying proof subsumptionExample.key 
324995     DEBUG main            d.u.i.k.p.i.IntermediateProofReplayer Proof replay took 2.5ns 
325097     INFO  main            d.u.i.k.p.r.p.TestFile    ... finished proof: closed. 
325475     INFO  main            d.u.i.k.p.i.AbstractProblemLoader Loading environment from /home/runner/work/key/key/key.core/../key.ui/examples/standard_key/inEqSimp/subsumptionExample.key.proof 
325475     DEBUG main            d.u.i.k.p.i.AbstractProblemLoader Environment load took 72.9ns 
325476     INFO  main            d.u.i.k.p.i.AbstractProblemLoader Creating init config 
327561     DEBUG main            d.u.i.k.p.i.AbstractProblemLoader Init config took 2.09s 
327572     INFO  main            d.u.i.k.p.i.AbstractProblemLoader Replaying proof subsumptionExample.key.proof 
327574     DEBUG main            d.u.i.k.p.i.IntermediateProofReplayer Proof replay took 810ns 
327575     DEBUG main            d.u.i.k.p.r.p.TestFile    ... success: reloaded. 
327575     INFO  main            d.u.i.k.p.r.p.TestFile    Now processing file /home/runner/work/key/key/key.core/../key.ui/examples/standard_key/polySimp/simplify0.key 
327575     INFO  main            d.u.i.k.p.i.AbstractProblemLoader Loading environment from /home/runner/work/key/key/key.core/../key.ui/examples/standard_key/polySimp/simplify0.key 
327575     DEBUG main            d.u.i.k.p.i.AbstractProblemLoader Environment load took 41.4ns 
327576     INFO  main            d.u.i.k.p.i.AbstractProblemLoader Creating init config 
329694     DEBUG main            d.u.i.k.p.i.AbstractProblemLoader Init config took 2.12s 
329707     INFO  main            d.u.i.k.p.i.AbstractProblemLoader Replaying proof simplify0.key 
329708     DEBUG main            d.u.i.k.p.i.IntermediateProofReplayer Proof replay took 2.6ns 
329909     INFO  main            d.u.i.k.p.r.p.TestFile    ... finished proof: closed. 
330271     INFO  main            d.u.i.k.p.i.AbstractProblemLoader Loading environment from /home/runner/work/key/key/key.core/../key.ui/examples/standard_key/polySimp/simplify0.key.proof 
330271     DEBUG main            d.u.i.k.p.i.AbstractProblemLoader Environment load took 75.3ns 
330273     INFO  main            d.u.i.k.p.i.AbstractProblemLoader Creating init config 
332363     DEBUG main            d.u.i.k.p.i.AbstractProblemLoader Init config took 2.09s 
332376     INFO  main            d.u.i.k.p.i.AbstractProblemLoader Replaying proof simplify0.key.proof 
332393     DEBUG main            d.u.i.k.p.i.IntermediateProofReplayer Proof replay took 13.88ms 
332394     DEBUG main            d.u.i.k.p.r.p.TestFile    ... success: reloaded. 
332395     INFO  main            d.u.i.k.p.r.p.TestFile    Now processing file /home/runner/work/key/key/key.core/../key.ui/examples/standard_key/polySimp/simplify1.key 
332395     INFO  main            d.u.i.k.p.i.AbstractProblemLoader Loading environment from /home/runner/work/key/key/key.core/../key.ui/examples/standard_key/polySimp/simplify1.key 
332395     DEBUG main            d.u.i.k.p.i.AbstractProblemLoader Environment load took 80ns 
332396     INFO  main            d.u.i.k.p.i.AbstractProblemLoader Creating init config 
334518     DEBUG main            d.u.i.k.p.i.AbstractProblemLoader Init config took 2.12s 
334530     INFO  main            d.u.i.k.p.i.AbstractProblemLoader Replaying proof simplify1.key 
334531     DEBUG main            d.u.i.k.p.i.IntermediateProofReplayer Proof replay took 2.6ns 
334835     INFO  main            d.u.i.k.p.r.p.TestFile    ... finished proof: closed. 
335209     INFO  main            d.u.i.k.p.i.AbstractProblemLoader Loading environment from /home/runner/work/key/key/key.core/../key.ui/examples/standard_key/polySimp/simplify1.key.proof 
335209     DEBUG main            d.u.i.k.p.i.AbstractProblemLoader Environment load took 72.3ns 
335210     INFO  main            d.u.i.k.p.i.AbstractProblemLoader Creating init config 
337304     DEBUG main            d.u.i.k.p.i.AbstractProblemLoader Init config took 2.09s 
337316     INFO  main            d.u.i.k.p.i.AbstractProblemLoader Replaying proof simplify1.key.proof 
337338     DEBUG main            d.u.i.k.p.i.IntermediateProofReplayer Proof replay took 19.76ms 
337339     DEBUG main            d.u.i.k.p.r.p.TestFile    ... success: reloaded. 
337339     INFO  main            d.u.i.k.p.r.p.TestFile    Now processing file /home/runner/work/key/key/key.core/../key.ui/examples/standard_key/polySimp/simplify10.key 
337339     INFO  main            d.u.i.k.p.i.AbstractProblemLoader Loading environment from /home/runner/work/key/key/key.core/../key.ui/examples/standard_key/polySimp/simplify10.key 
337339     DEBUG main            d.u.i.k.p.i.AbstractProblemLoader Environment load took 39.1ns 
337340     INFO  main            d.u.i.k.p.i.AbstractProblemLoader Creating init config 
339480     DEBUG main            d.u.i.k.p.i.AbstractProblemLoader Init config took 2.14s 
339492     INFO  main            d.u.i.k.p.i.AbstractProblemLoader Replaying proof simplify10.key 
339493     DEBUG main            d.u.i.k.p.i.IntermediateProofReplayer Proof replay took 2.3ns 
339695     INFO  main            d.u.i.k.p.r.p.TestFile    ... finished proof: closed. 
340088     INFO  main            d.u.i.k.p.i.AbstractProblemLoader Loading environment from /home/runner/work/key/key/key.core/../key.ui/examples/standard_key/polySimp/simplify10.key.proof 
340088     DEBUG main            d.u.i.k.p.i.AbstractProblemLoader Environment load took 74.7ns 
340089     INFO  main            d.u.i.k.p.i.AbstractProblemLoader Creating init config 
342187     DEBUG main            d.u.i.k.p.i.AbstractProblemLoader Init config took 2.1s 
342202     INFO  main            d.u.i.k.p.i.AbstractProblemLoader Replaying proof simplify10.key.proof 
342232     DEBUG main            d.u.i.k.p.i.IntermediateProofReplayer Proof replay took 27.26ms 
342233     DEBUG main            d.u.i.k.p.r.p.TestFile    ... success: reloaded. 
342233     INFO  main            d.u.i.k.p.r.p.TestFile    Now processing file /home/runner/work/key/key/key.core/../key.ui/examples/standard_key/polySimp/simplify11.key 
342233     INFO  main            d.u.i.k.p.i.AbstractProblemLoader Loading environment from /home/runner/work/key/key/key.core/../key.ui/examples/standard_key/polySimp/simplify11.key 
342233     DEBUG main            d.u.i.k.p.i.AbstractProblemLoader Environment load took 69.4ns 
342234     INFO  main            d.u.i.k.p.i.AbstractProblemLoader Creating init config 
344386     DEBUG main            d.u.i.k.p.i.AbstractProblemLoader Init config took 2.15s 
344398     INFO  main            d.u.i.k.p.i.AbstractProblemLoader Replaying proof simplify11.key 
344399     DEBUG main            d.u.i.k.p.i.IntermediateProofReplayer Proof replay took 2.6ns 
344601     INFO  main            d.u.i.k.p.r.p.TestFile    ... finished proof: closed. 
345008     INFO  main            d.u.i.k.p.i.AbstractProblemLoader Loading environment from /home/runner/work/key/key/key.core/../key.ui/examples/standard_key/polySimp/simplify11.key.proof 
345008     DEBUG main            d.u.i.k.p.i.AbstractProblemLoader Environment load took 71.7ns 
345009     INFO  main            d.u.i.k.p.i.AbstractProblemLoader Creating init config 
347101     DEBUG main            d.u.i.k.p.i.AbstractProblemLoader Init config took 2.09s 
347113     INFO  main            d.u.i.k.p.i.AbstractProblemLoader Replaying proof simplify11.key.proof 
347133     DEBUG main            d.u.i.k.p.i.IntermediateProofReplayer Proof replay took 17.07ms 
347134     DEBUG main            d.u.i.k.p.r.p.TestFile    ... success: reloaded. 
347134     INFO  main            d.u.i.k.p.r.p.TestFile    Now processing file /home/runner/work/key/key/key.core/../key.ui/examples/standard_key/polySimp/simplify12.key 
347134     INFO  main            d.u.i.k.p.i.AbstractProblemLoader Loading environment from /home/runner/work/key/key/key.core/../key.ui/examples/standard_key/polySimp/simplify12.key 
347134     DEBUG main            d.u.i.k.p.i.AbstractProblemLoader Environment load took 57.3ns 
347135     INFO  main            d.u.i.k.p.i.AbstractProblemLoader Creating init config 
349284     DEBUG main            d.u.i.k.p.i.AbstractProblemLoader Init config took 2.15s 
349296     INFO  main            d.u.i.k.p.i.AbstractProblemLoader Replaying proof simplify12.key 
349296     DEBUG main            d.u.i.k.p.i.IntermediateProofReplayer Proof replay took 2.4ns 
349398     INFO  main            d.u.i.k.p.r.p.TestFile    ... finished proof: closed. 
349802     INFO  main            d.u.i.k.p.i.AbstractProblemLoader Loading environment from /home/runner/work/key/key/key.core/../key.ui/examples/standard_key/polySimp/simplify12.key.proof 
349802     DEBUG main            d.u.i.k.p.i.AbstractProblemLoader Environment load took 75.2ns 
349803     INFO  main            d.u.i.k.p.i.AbstractProblemLoader Creating init config 
351893     DEBUG main            d.u.i.k.p.i.AbstractProblemLoader Init config took 2.09s 
351905     INFO  main            d.u.i.k.p.i.AbstractProblemLoader Replaying proof simplify12.key.proof 
351914     DEBUG main            d.u.i.k.p.i.IntermediateProofReplayer Proof replay took 7.99ms 
351915     DEBUG main            d.u.i.k.p.r.p.TestFile    ... success: reloaded. 
351915     INFO  main            d.u.i.k.p.r.p.TestFile    Now processing file /home/runner/work/key/key/key.core/../key.ui/examples/standard_key/polySimp/simplify13.key 
351915     INFO  main            d.u.i.k.p.i.AbstractProblemLoader Loading environment from /home/runner/work/key/key/key.core/../key.ui/examples/standard_key/polySimp/simplify13.key 
351915     DEBUG main            d.u.i.k.p.i.AbstractProblemLoader Environment load took 55.2ns 
351916     INFO  main            d.u.i.k.p.i.AbstractProblemLoader Creating init config 
354056     DEBUG main            d.u.i.k.p.i.AbstractProblemLoader Init config took 2.14s 
354067     INFO  main            d.u.i.k.p.i.AbstractProblemLoader Replaying proof simplify13.key 
354068     DEBUG main            d.u.i.k.p.i.IntermediateProofReplayer Proof replay took 2.2ns 
354169     INFO  main            d.u.i.k.p.r.p.TestFile    ... finished proof: closed. 
354563     INFO  main            d.u.i.k.p.i.AbstractProblemLoader Loading environment from /home/runner/work/key/key/key.core/../key.ui/examples/standard_key/polySimp/simplify13.key.proof 
354563     DEBUG main            d.u.i.k.p.i.AbstractProblemLoader Environment load took 65.3ns 
354564     INFO  main            d.u.i.k.p.i.AbstractProblemLoader Creating init config 
356663     DEBUG main            d.u.i.k.p.i.AbstractProblemLoader Init config took 2.1s 
356675     INFO  main            d.u.i.k.p.i.AbstractProblemLoader Replaying proof simplify13.key.proof 
356681     DEBUG main            d.u.i.k.p.i.IntermediateProofReplayer Proof replay took 4.8ms 
356682     DEBUG main            d.u.i.k.p.r.p.TestFile    ... success: reloaded. 
356682     INFO  main            d.u.i.k.p.r.p.TestFile    Now processing file /home/runner/work/key/key/key.core/../key.ui/examples/standard_key/polySimp/simplify14.key 
356682     INFO  main            d.u.i.k.p.i.AbstractProblemLoader Loading environment from /home/runner/work/key/key/key.core/../key.ui/examples/standard_key/polySimp/simplify14.key 
356682     DEBUG main            d.u.i.k.p.i.AbstractProblemLoader Environment load took 37.9ns 
356683     INFO  main            d.u.i.k.p.i.AbstractProblemLoader Creating init config 
358856     DEBUG main            d.u.i.k.p.i.AbstractProblemLoader Init config took 2.17s 
358868     INFO  main            d.u.i.k.p.i.AbstractProblemLoader Replaying proof simplify14.key 
358869     DEBUG main            d.u.i.k.p.i.IntermediateProofReplayer Proof replay took 2.3ns 
358971     INFO  main            d.u.i.k.p.r.p.TestFile    ... finished proof: closed. 
359388     INFO  main            d.u.i.k.p.i.AbstractProblemLoader Loading environment from /home/runner/work/key/key/key.core/../key.ui/examples/standard_key/polySimp/simplify14.key.proof 
359389     DEBUG main            d.u.i.k.p.i.AbstractProblemLoader Environment load took 69.1ns 
359389     INFO  main            d.u.i.k.p.i.AbstractProblemLoader Creating init config 
361495     DEBUG main            d.u.i.k.p.i.AbstractProblemLoader Init config took 2.11s 
361507     INFO  main            d.u.i.k.p.i.AbstractProblemLoader Replaying proof simplify14.key.proof 
361510     DEBUG main            d.u.i.k.p.i.IntermediateProofReplayer Proof replay took 1.25ms 
361510     DEBUG main            d.u.i.k.p.r.p.TestFile    ... success: reloaded. 
361511     INFO  main            d.u.i.k.p.r.p.TestFile    Now processing file /home/runner/work/key/key/key.core/../key.ui/examples/standard_key/polySimp/simplify15.key 
361511     INFO  main            d.u.i.k.p.i.AbstractProblemLoader Loading environment from /home/runner/work/key/key/key.core/../key.ui/examples/standard_key/polySimp/simplify15.key 
361511     DEBUG main            d.u.i.k.p.i.AbstractProblemLoader Environment load took 62.5ns 
361512     INFO  main            d.u.i.k.p.i.AbstractProblemLoader Creating init config 
363647     DEBUG main            d.u.i.k.p.i.AbstractProblemLoader Init config took 2.14s 
363658     INFO  main            d.u.i.k.p.i.AbstractProblemLoader Replaying proof simplify15.key 
363661     DEBUG main            d.u.i.k.p.i.IntermediateProofReplayer Proof replay took 2.1ns 
363762     INFO  main            d.u.i.k.p.r.p.TestFile    ... finished proof: closed. 
364152     INFO  main            d.u.i.k.p.i.AbstractProblemLoader Loading environment from /home/runner/work/key/key/key.core/../key.ui/examples/standard_key/polySimp/simplify15.key.proof 
364152     DEBUG main            d.u.i.k.p.i.AbstractProblemLoader Environment load took 68.9ns 
364153     INFO  main            d.u.i.k.p.i.AbstractProblemLoader Creating init config 
366243     DEBUG main            d.u.i.k.p.i.AbstractProblemLoader Init config took 2.09s 
366255     INFO  main            d.u.i.k.p.i.AbstractProblemLoader Replaying proof simplify15.key.proof 
366257     DEBUG main            d.u.i.k.p.i.IntermediateProofReplayer Proof replay took 562.9ns 
366257     DEBUG main            d.u.i.k.p.r.p.TestFile    ... success: reloaded. 
366257     INFO  main            d.u.i.k.p.r.p.TestFile    Now processing file /home/runner/work/key/key/key.core/../key.ui/examples/standard_key/polySimp/simplify16.key 
366258     INFO  main            d.u.i.k.p.i.AbstractProblemLoader Loading environment from /home/runner/work/key/key/key.core/../key.ui/examples/standard_key/polySimp/simplify16.key 
366258     DEBUG main            d.u.i.k.p.i.AbstractProblemLoader Environment load took 51.9ns 
366258     INFO  main            d.u.i.k.p.i.AbstractProblemLoader Creating init config 
368395     DEBUG main            d.u.i.k.p.i.AbstractProblemLoader Init config took 2.14s 
368407     INFO  main            d.u.i.k.p.i.AbstractProblemLoader Replaying proof simplify16.key 
368408     DEBUG main            d.u.i.k.p.i.IntermediateProofReplayer Proof replay took 2.4ns 
368509     INFO  main            d.u.i.k.p.r.p.TestFile    ... finished proof: closed. 
368908     INFO  main            d.u.i.k.p.i.AbstractProblemLoader Loading environment from /home/runner/work/key/key/key.core/../key.ui/examples/standard_key/polySimp/simplify16.key.proof 
368908     DEBUG main            d.u.i.k.p.i.AbstractProblemLoader Environment load took 70.8ns 
368909     INFO  main            d.u.i.k.p.i.AbstractProblemLoader Creating init config 
370996     DEBUG main            d.u.i.k.p.i.AbstractProblemLoader Init config took 2.09s 
371007     INFO  main            d.u.i.k.p.i.AbstractProblemLoader Replaying proof simplify16.key.proof 
371009     DEBUG main            d.u.i.k.p.i.IntermediateProofReplayer Proof replay took 384.1ns 
371009     DEBUG main            d.u.i.k.p.r.p.TestFile    ... success: reloaded. 
371010     INFO  main            d.u.i.k.p.r.p.TestFile    Now processing file /home/runner/work/key/key/key.core/../key.ui/examples/standard_key/polySimp/simplify17.key 
371010     INFO  main            d.u.i.k.p.i.AbstractProblemLoader Loading environment from /home/runner/work/key/key/key.core/../key.ui/examples/standard_key/polySimp/simplify17.key 
371010     DEBUG main            d.u.i.k.p.i.AbstractProblemLoader Environment load took 49.9ns 
371011     INFO  main            d.u.i.k.p.i.AbstractProblemLoader Creating init config 
373171     DEBUG main            d.u.i.k.p.i.AbstractProblemLoader Init config took 2.16s 
373182     INFO  main            d.u.i.k.p.i.AbstractProblemLoader Replaying proof simplify17.key 
373183     DEBUG main            d.u.i.k.p.i.IntermediateProofReplayer Proof replay took 2.4ns 
373284     INFO  main            d.u.i.k.p.r.p.TestFile    ... finished proof: closed. 
373697     INFO  main            d.u.i.k.p.i.AbstractProblemLoader Loading environment from /home/runner/work/key/key/key.core/../key.ui/examples/standard_key/polySimp/simplify17.key.proof 
373697     DEBUG main            d.u.i.k.p.i.AbstractProblemLoader Environment load took 68.5ns 
373698     INFO  main            d.u.i.k.p.i.AbstractProblemLoader Creating init config 
375785     DEBUG main            d.u.i.k.p.i.AbstractProblemLoader Init config took 2.09s 
375796     INFO  main            d.u.i.k.p.i.AbstractProblemLoader Replaying proof simplify17.key.proof 
375803     DEBUG main            d.u.i.k.p.i.IntermediateProofReplayer Proof replay took 4.9ms 
375803     DEBUG main            d.u.i.k.p.r.p.TestFile    ... success: reloaded. 
375804     INFO  main            d.u.i.k.p.r.p.TestFile    Now processing file /home/runner/work/key/key/key.core/../key.ui/examples/standard_key/polySimp/simplify18.key 
375804     INFO  main            d.u.i.k.p.i.AbstractProblemLoader Loading environment from /home/runner/work/key/key/key.core/../key.ui/examples/standard_key/polySimp/simplify18.key 
375804     DEBUG main            d.u.i.k.p.i.AbstractProblemLoader Environment load took 43.2ns 
375805     INFO  main            d.u.i.k.p.i.AbstractProblemLoader Creating init config 
377955     DEBUG main            d.u.i.k.p.i.AbstractProblemLoader Init config took 2.15s 
377967     INFO  main            d.u.i.k.p.i.AbstractProblemLoader Replaying proof simplify18.key 
377968     DEBUG main            d.u.i.k.p.i.IntermediateProofReplayer Proof replay took 2ns 
378170     INFO  main            d.u.i.k.p.r.p.TestFile    ... finished proof: closed. 
378594     INFO  main            d.u.i.k.p.i.AbstractProblemLoader Loading environment from /home/runner/work/key/key/key.core/../key.ui/examples/standard_key/polySimp/simplify18.key.proof 
378594     DEBUG main            d.u.i.k.p.i.AbstractProblemLoader Environment load took 73.5ns 
378595     INFO  main            d.u.i.k.p.i.AbstractProblemLoader Creating init config 
380711     DEBUG main            d.u.i.k.p.i.AbstractProblemLoader Init config took 2.12s 
380723     INFO  main            d.u.i.k.p.i.AbstractProblemLoader Replaying proof simplify18.key.proof 
380737     DEBUG main            d.u.i.k.p.i.IntermediateProofReplayer Proof replay took 12.61ms 
380738     DEBUG main            d.u.i.k.p.r.p.TestFile    ... success: reloaded. 
380738     INFO  main            d.u.i.k.p.r.p.TestFile    Now processing file /home/runner/work/key/key/key.core/../key.ui/examples/standard_key/polySimp/simplify19.key 
380738     INFO  main            d.u.i.k.p.i.AbstractProblemLoader Loading environment from /home/runner/work/key/key/key.core/../key.ui/examples/standard_key/polySimp/simplify19.key 
380738     DEBUG main            d.u.i.k.p.i.AbstractProblemLoader Environment load took 66.6ns 
380739     INFO  main            d.u.i.k.p.i.AbstractProblemLoader Creating init config 
382874     DEBUG main            d.u.i.k.p.i.AbstractProblemLoader Init config took 2.13s 
382886     INFO  main            d.u.i.k.p.i.AbstractProblemLoader Replaying proof simplify19.key 
382886     DEBUG main            d.u.i.k.p.i.IntermediateProofReplayer Proof replay took 2.4ns 
385816     INFO  main            d.u.i.k.p.r.p.TestFile    ... finished proof: closed. 
386256     INFO  main            d.u.i.k.p.i.AbstractProblemLoader Loading environment from /home/runner/work/key/key/key.core/../key.ui/examples/standard_key/polySimp/simplify19.key.proof 
386256     DEBUG main            d.u.i.k.p.i.AbstractProblemLoader Environment load took 76.3ns 
386258     INFO  main            d.u.i.k.p.i.AbstractProblemLoader Creating init config 
388364     DEBUG main            d.u.i.k.p.i.AbstractProblemLoader Init config took 2.11s 
388376     INFO  main            d.u.i.k.p.i.AbstractProblemLoader Replaying proof simplify19.key.proof 
388597     DEBUG main            d.u.i.k.p.i.IntermediateProofReplayer Proof replay took 209.24ms 
388598     DEBUG main            d.u.i.k.p.r.p.TestFile    ... success: reloaded. 
388599     INFO  main            d.u.i.k.p.r.p.TestFile    Now processing file /home/runner/work/key/key/key.core/../key.ui/examples/standard_key/polySimp/simplify2.key 
388599     INFO  main            d.u.i.k.p.i.AbstractProblemLoader Loading environment from /home/runner/work/key/key/key.core/../key.ui/examples/standard_key/polySimp/simplify2.key 
388599     DEBUG main            d.u.i.k.p.i.AbstractProblemLoader Environment load took 57ns 
388600     INFO  main            d.u.i.k.p.i.AbstractProblemLoader Creating init config 
390778     DEBUG main            d.u.i.k.p.i.AbstractProblemLoader Init config took 2.18s 
390790     INFO  main            d.u.i.k.p.i.AbstractProblemLoader Replaying proof simplify2.key 
390791     DEBUG main            d.u.i.k.p.i.IntermediateProofReplayer Proof replay took 2.5ns 
390893     INFO  main            d.u.i.k.p.r.p.TestFile    ... finished proof: closed. 
391346     INFO  main            d.u.i.k.p.i.AbstractProblemLoader Loading environment from /home/runner/work/key/key/key.core/../key.ui/examples/standard_key/polySimp/simplify2.key.proof 
391346     DEBUG main            d.u.i.k.p.i.AbstractProblemLoader Environment load took 62.1ns 
391347     INFO  main            d.u.i.k.p.i.AbstractProblemLoader Creating init config 
393434     DEBUG main            d.u.i.k.p.i.AbstractProblemLoader Init config took 2.09s 
393446     INFO  main            d.u.i.k.p.i.AbstractProblemLoader Replaying proof simplify2.key.proof 
393447     DEBUG main            d.u.i.k.p.i.IntermediateProofReplayer Proof replay took 711.5ns 
393448     DEBUG main            d.u.i.k.p.r.p.TestFile    ... success: reloaded. 
393448     INFO  main            d.u.i.k.p.r.p.TestFile    Now processing file /home/runner/work/key/key/key.core/../key.ui/examples/standard_key/polySimp/simplify20.key 
393449     INFO  main            d.u.i.k.p.i.AbstractProblemLoader Loading environment from /home/runner/work/key/key/key.core/../key.ui/examples/standard_key/polySimp/simplify20.key 
393449     DEBUG main            d.u.i.k.p.i.AbstractProblemLoader Environment load took 44.7ns 
393449     INFO  main            d.u.i.k.p.i.AbstractProblemLoader Creating init config 
395575     DEBUG main            d.u.i.k.p.i.AbstractProblemLoader Init config took 2.13s 
395586     INFO  main            d.u.i.k.p.i.AbstractProblemLoader Replaying proof simplify20.key 
395588     DEBUG main            d.u.i.k.p.i.IntermediateProofReplayer Proof replay took 2.4ns 
396208     INFO  main            d.u.i.k.p.r.p.TestFile    ... finished proof: closed. 
396659     INFO  main            d.u.i.k.p.i.AbstractProblemLoader Loading environment from /home/runner/work/key/key/key.core/../key.ui/examples/standard_key/polySimp/simplify20.key.proof 
396659     DEBUG main            d.u.i.k.p.i.AbstractProblemLoader Environment load took 70.5ns 
396660     INFO  main            d.u.i.k.p.i.AbstractProblemLoader Creating init config 
398757     DEBUG main            d.u.i.k.p.i.AbstractProblemLoader Init config took 2.1s 
398770     INFO  main            d.u.i.k.p.i.AbstractProblemLoader Replaying proof simplify20.key.proof 
398832     DEBUG main            d.u.i.k.p.i.IntermediateProofReplayer Proof replay took 57.51ms 
398833     DEBUG main            d.u.i.k.p.r.p.TestFile    ... success: reloaded. 
398833     INFO  main            d.u.i.k.p.r.p.TestFile    Now processing file /home/runner/work/key/key/key.core/../key.ui/examples/standard_key/polySimp/simplify21.key 
398833     INFO  main            d.u.i.k.p.i.AbstractProblemLoader Loading environment from /home/runner/work/key/key/key.core/../key.ui/examples/standard_key/polySimp/simplify21.key 
398833     DEBUG main            d.u.i.k.p.i.AbstractProblemLoader Environment load took 64.1ns 
398836     INFO  main            d.u.i.k.p.i.AbstractProblemLoader Creating init config 
401038     DEBUG main            d.u.i.k.p.i.AbstractProblemLoader Init config took 2.2s 
401051     INFO  main            d.u.i.k.p.i.AbstractProblemLoader Replaying proof simplify21.key 
401052     DEBUG main            d.u.i.k.p.i.IntermediateProofReplayer Proof replay took 2.7ns 
401656     INFO  main            d.u.i.k.p.r.p.TestFile    ... finished proof: closed. 
402162     INFO  main            d.u.i.k.p.i.AbstractProblemLoader Loading environment from /home/runner/work/key/key/key.core/../key.ui/examples/standard_key/polySimp/simplify21.key.proof 
402162     DEBUG main            d.u.i.k.p.i.AbstractProblemLoader Environment load took 70.7ns 
402165     INFO  main            d.u.i.k.p.i.AbstractProblemLoader Creating init config 
404274     DEBUG main            d.u.i.k.p.i.AbstractProblemLoader Init config took 2.11s 
404289     INFO  main            d.u.i.k.p.i.AbstractProblemLoader Replaying proof simplify21.key.proof 
404348     DEBUG main            d.u.i.k.p.i.IntermediateProofReplayer Proof replay took 55.63ms 
404350     DEBUG main            d.u.i.k.p.r.p.TestFile    ... success: reloaded. 
404350     INFO  main            d.u.i.k.p.r.p.TestFile    Now processing file /home/runner/work/key/key/key.core/../key.ui/examples/standard_key/polySimp/simplify22.key 
404350     INFO  main            d.u.i.k.p.i.AbstractProblemLoader Loading environment from /home/runner/work/key/key/key.core/../key.ui/examples/standard_key/polySimp/simplify22.key 
404350     DEBUG main            d.u.i.k.p.i.AbstractProblemLoader Environment load took 64.7ns 
404351     INFO  main            d.u.i.k.p.i.AbstractProblemLoader Creating init config 
406484     DEBUG main            d.u.i.k.p.i.AbstractProblemLoader Init config took 2.13s 
406495     INFO  main            d.u.i.k.p.i.AbstractProblemLoader Replaying proof simplify22.key 
406496     DEBUG main            d.u.i.k.p.i.IntermediateProofReplayer Proof replay took 2.6ns 
406598     INFO  main            d.u.i.k.p.r.p.TestFile    ... finished proof: closed. 
407045     INFO  main            d.u.i.k.p.i.AbstractProblemLoader Loading environment from /home/runner/work/key/key/key.core/../key.ui/examples/standard_key/polySimp/simplify22.key.proof 
407045     DEBUG main            d.u.i.k.p.i.AbstractProblemLoader Environment load took 68.3ns 
407046     INFO  main            d.u.i.k.p.i.AbstractProblemLoader Creating init config 
409137     DEBUG main            d.u.i.k.p.i.AbstractProblemLoader Init config took 2.09s 
409149     INFO  main            d.u.i.k.p.i.AbstractProblemLoader Replaying proof simplify22.key.proof 
409152     DEBUG main            d.u.i.k.p.i.IntermediateProofReplayer Proof replay took 2.11ms 
409152     DEBUG main            d.u.i.k.p.r.p.TestFile    ... success: reloaded. 
409153     INFO  main            d.u.i.k.p.r.p.TestFile    Now processing file /home/runner/work/key/key/key.core/../key.ui/examples/standard_key/polySimp/simplify23.key 
409153     INFO  main            d.u.i.k.p.i.AbstractProblemLoader Loading environment from /home/runner/work/key/key/key.core/../key.ui/examples/standard_key/polySimp/simplify23.key 
409153     DEBUG main            d.u.i.k.p.i.AbstractProblemLoader Environment load took 60.8ns 
409154     INFO  main            d.u.i.k.p.i.AbstractProblemLoader Creating init config 
411277     DEBUG main            d.u.i.k.p.i.AbstractProblemLoader Init config took 2.12s 
411289     INFO  main            d.u.i.k.p.i.AbstractProblemLoader Replaying proof simplify23.key 
411290     DEBUG main            d.u.i.k.p.i.IntermediateProofReplayer Proof replay took 2.4ns 
411391     INFO  main            d.u.i.k.p.r.p.TestFile    ... finished proof: closed. 
411835     INFO  main            d.u.i.k.p.i.AbstractProblemLoader Loading environment from /home/runner/work/key/key/key.core/../key.ui/examples/standard_key/polySimp/simplify23.key.proof 
411835     DEBUG main            d.u.i.k.p.i.AbstractProblemLoader Environment load took 69.8ns 
411836     INFO  main            d.u.i.k.p.i.AbstractProblemLoader Creating init config 
413920     DEBUG main            d.u.i.k.p.i.AbstractProblemLoader Init config took 2.08s 
413935     INFO  main            d.u.i.k.p.i.AbstractProblemLoader Replaying proof simplify23.key.proof 
413948     DEBUG main            d.u.i.k.p.i.IntermediateProofReplayer Proof replay took 11.22ms 
413949     DEBUG main            d.u.i.k.p.r.p.TestFile    ... success: reloaded. 
413950     INFO  main            d.u.i.k.p.r.p.TestFile    Now processing file /home/runner/work/key/key/key.core/../key.ui/examples/standard_key/polySimp/simplify24.key 
413950     INFO  main            d.u.i.k.p.i.AbstractProblemLoader Loading environment from /home/runner/work/key/key/key.core/../key.ui/examples/standard_key/polySimp/simplify24.key 
413950     DEBUG main            d.u.i.k.p.i.AbstractProblemLoader Environment load took 177.7ns 
413951     INFO  main            d.u.i.k.p.i.AbstractProblemLoader Creating init config 
416091     DEBUG main            d.u.i.k.p.i.AbstractProblemLoader Init config took 2.14s 
416102     INFO  main            d.u.i.k.p.i.AbstractProblemLoader Replaying proof simplify24.key 
416103     DEBUG main            d.u.i.k.p.i.IntermediateProofReplayer Proof replay took 2.7ns 
416204     INFO  main            d.u.i.k.p.r.p.TestFile    ... finished proof: closed. 
416644     INFO  main            d.u.i.k.p.i.AbstractProblemLoader Loading environment from /home/runner/work/key/key/key.core/../key.ui/examples/standard_key/polySimp/simplify24.key.proof 
416644     DEBUG main            d.u.i.k.p.i.AbstractProblemLoader Environment load took 67.5ns 
416644     INFO  main            d.u.i.k.p.i.AbstractProblemLoader Creating init config 
418727     DEBUG main            d.u.i.k.p.i.AbstractProblemLoader Init config took 2.08s 
418739     INFO  main            d.u.i.k.p.i.AbstractProblemLoader Replaying proof simplify24.key.proof 
418742     DEBUG main            d.u.i.k.p.i.IntermediateProofReplayer Proof replay took 2.36ms 
418743     DEBUG main            d.u.i.k.p.r.p.TestFile    ... success: reloaded. 
418743     INFO  main            d.u.i.k.p.r.p.TestFile    Now processing file /home/runner/work/key/key/key.core/../key.ui/examples/standard_key/polySimp/simplify25.key 
418743     INFO  main            d.u.i.k.p.i.AbstractProblemLoader Loading environment from /home/runner/work/key/key/key.core/../key.ui/examples/standard_key/polySimp/simplify25.key 
418743     DEBUG main            d.u.i.k.p.i.AbstractProblemLoader Environment load took 47.7ns 
418744     INFO  main            d.u.i.k.p.i.AbstractProblemLoader Creating init config 
420876     DEBUG main            d.u.i.k.p.i.AbstractProblemLoader Init config took 2.13s 
420888     INFO  main            d.u.i.k.p.i.AbstractProblemLoader Replaying proof simplify25.key 
420889     DEBUG main            d.u.i.k.p.i.IntermediateProofReplayer Proof replay took 2.9ns 
420990     INFO  main            d.u.i.k.p.r.p.TestFile    ... finished proof: closed. 
421443     INFO  main            d.u.i.k.p.i.AbstractProblemLoader Loading environment from /home/runner/work/key/key/key.core/../key.ui/examples/standard_key/polySimp/simplify25.key.proof 
421443     DEBUG main            d.u.i.k.p.i.AbstractProblemLoader Environment load took 79.3ns 
421444     INFO  main            d.u.i.k.p.i.AbstractProblemLoader Creating init config 
423528     DEBUG main            d.u.i.k.p.i.AbstractProblemLoader Init config took 2.08s 
423540     INFO  main            d.u.i.k.p.i.AbstractProblemLoader Replaying proof simplify25.key.proof 
423543     DEBUG main            d.u.i.k.p.i.IntermediateProofReplayer Proof replay took 2.34ms 
423544     DEBUG main            d.u.i.k.p.r.p.TestFile    ... success: reloaded. 
423544     INFO  main            d.u.i.k.p.r.p.TestFile    Now processing file /home/runner/work/key/key/key.core/../key.ui/examples/standard_key/polySimp/simplify3.key 
423545     INFO  main            d.u.i.k.p.i.AbstractProblemLoader Loading environment from /home/runner/work/key/key/key.core/../key.ui/examples/standard_key/polySimp/simplify3.key 
423545     DEBUG main            d.u.i.k.p.i.AbstractProblemLoader Environment load took 87.5ns 
423545     INFO  main            d.u.i.k.p.i.AbstractProblemLoader Creating init config 
425675     DEBUG main            d.u.i.k.p.i.AbstractProblemLoader Init config took 2.13s 
425686     INFO  main            d.u.i.k.p.i.AbstractProblemLoader Replaying proof simplify3.key 
425687     DEBUG main            d.u.i.k.p.i.IntermediateProofReplayer Proof replay took 2.3ns 
425794     INFO  main            d.u.i.k.p.r.p.TestFile    ... finished proof: closed. 
426249     INFO  main            d.u.i.k.p.i.AbstractProblemLoader Loading environment from /home/runner/work/key/key/key.core/../key.ui/examples/standard_key/polySimp/simplify3.key.proof 
426249     DEBUG main            d.u.i.k.p.i.AbstractProblemLoader Environment load took 66.2ns 
426250     INFO  main            d.u.i.k.p.i.AbstractProblemLoader Creating init config 
428415     DEBUG main            d.u.i.k.p.i.AbstractProblemLoader Init config took 2.16s 
428428     INFO  main            d.u.i.k.p.i.AbstractProblemLoader Replaying proof simplify3.key.proof 
428430     DEBUG main            d.u.i.k.p.i.IntermediateProofReplayer Proof replay took 926.2ns 
428431     DEBUG main            d.u.i.k.p.r.p.TestFile    ... success: reloaded. 
428432     INFO  main            d.u.i.k.p.r.p.TestFile    Now processing file /home/runner/work/key/key/key.core/../key.ui/examples/standard_key/polySimp/simplify4.key 
428432     INFO  main            d.u.i.k.p.i.AbstractProblemLoader Loading environment from /home/runner/work/key/key/key.core/../key.ui/examples/standard_key/polySimp/simplify4.key 
428432     DEBUG main            d.u.i.k.p.i.AbstractProblemLoader Environment load took 154.1ns 
428433     INFO  main            d.u.i.k.p.i.AbstractProblemLoader Creating init config 
430660     DEBUG main            d.u.i.k.p.i.AbstractProblemLoader Init config took 2.23s 
430671     INFO  main            d.u.i.k.p.i.AbstractProblemLoader Replaying proof simplify4.key 
430672     DEBUG main            d.u.i.k.p.i.IntermediateProofReplayer Proof replay took 2.4ns 
430775     INFO  main            d.u.i.k.p.r.p.TestFile    ... finished proof: closed. 
431224     INFO  main            d.u.i.k.p.i.AbstractProblemLoader Loading environment from /home/runner/work/key/key/key.core/../key.ui/examples/standard_key/polySimp/simplify4.key.proof 
431224     DEBUG main            d.u.i.k.p.i.AbstractProblemLoader Environment load took 80.6ns 
431225     INFO  main            d.u.i.k.p.i.AbstractProblemLoader Creating init config 
433520     DEBUG main            d.u.i.k.p.i.AbstractProblemLoader Init config took 2.29s 
433533     INFO  main            d.u.i.k.p.i.AbstractProblemLoader Replaying proof simplify4.key.proof 
433535     DEBUG main            d.u.i.k.p.i.IntermediateProofReplayer Proof replay took 1.18ms 
433536     DEBUG main            d.u.i.k.p.r.p.TestFile    ... success: reloaded. 
433536     INFO  main            d.u.i.k.p.r.p.TestFile    Now processing file /home/runner/work/key/key/key.core/../key.ui/examples/standard_key/polySimp/simplify5.key 
433538     INFO  main            d.u.i.k.p.i.AbstractProblemLoader Loading environment from /home/runner/work/key/key/key.core/../key.ui/examples/standard_key/polySimp/simplify5.key 
433539     DEBUG main            d.u.i.k.p.i.AbstractProblemLoader Environment load took 175.3ns 
433539     INFO  main            d.u.i.k.p.i.AbstractProblemLoader Creating init config 
435754     DEBUG main            d.u.i.k.p.i.AbstractProblemLoader Init config took 2.21s 
435765     INFO  main            d.u.i.k.p.i.AbstractProblemLoader Replaying proof simplify5.key 
435767     DEBUG main            d.u.i.k.p.i.IntermediateProofReplayer Proof replay took 2.6ns 
435868     INFO  main            d.u.i.k.p.r.p.TestFile    ... finished proof: closed. 
436332     INFO  main            d.u.i.k.p.i.AbstractProblemLoader Loading environment from /home/runner/work/key/key/key.core/../key.ui/examples/standard_key/polySimp/simplify5.key.proof 
436332     DEBUG main            d.u.i.k.p.i.AbstractProblemLoader Environment load took 59.4ns 
436333     INFO  main            d.u.i.k.p.i.AbstractProblemLoader Creating init config 
438496     DEBUG main            d.u.i.k.p.i.AbstractProblemLoader Init config took 2.16s 
438509     INFO  main            d.u.i.k.p.i.AbstractProblemLoader Replaying proof simplify5.key.proof 
438527     DEBUG main            d.u.i.k.p.i.IntermediateProofReplayer Proof replay took 15.88ms 
438528     DEBUG main            d.u.i.k.p.r.p.TestFile    ... success: reloaded. 
438528     INFO  main            d.u.i.k.p.r.p.TestFile    Now processing file /home/runner/work/key/key/key.core/../key.ui/examples/standard_key/polySimp/simplify6.key 
438529     INFO  main            d.u.i.k.p.i.AbstractProblemLoader Loading environment from /home/runner/work/key/key/key.core/../key.ui/examples/standard_key/polySimp/simplify6.key 
438529     DEBUG main            d.u.i.k.p.i.AbstractProblemLoader Environment load took 152.2ns 
438531     INFO  main            d.u.i.k.p.i.AbstractProblemLoader Creating init config 
440782     DEBUG main            d.u.i.k.p.i.AbstractProblemLoader Init config took 2.25s 
440794     INFO  main            d.u.i.k.p.i.AbstractProblemLoader Replaying proof simplify6.key 
440795     DEBUG main            d.u.i.k.p.i.IntermediateProofReplayer Proof replay took 2.3ns 
440896     INFO  main            d.u.i.k.p.r.p.TestFile    ... finished proof: closed. 
441355     INFO  main            d.u.i.k.p.i.AbstractProblemLoader Loading environment from /home/runner/work/key/key/key.core/../key.ui/examples/standard_key/polySimp/simplify6.key.proof 
441355     DEBUG main            d.u.i.k.p.i.AbstractProblemLoader Environment load took 63.2ns 
441355     INFO  main            d.u.i.k.p.i.AbstractProblemLoader Creating init config 
443564     DEBUG main            d.u.i.k.p.i.AbstractProblemLoader Init config took 2.21s 
443577     INFO  main            d.u.i.k.p.i.AbstractProblemLoader Replaying proof simplify6.key.proof 
443579     DEBUG main            d.u.i.k.p.i.IntermediateProofReplayer Proof replay took 442.9ns 
443579     DEBUG main            d.u.i.k.p.r.p.TestFile    ... success: reloaded. 
443580     INFO  main            d.u.i.k.p.r.p.TestFile    Now processing file /home/runner/work/key/key/key.core/../key.ui/examples/standard_key/polySimp/simplify7.key 
443580     INFO  main            d.u.i.k.p.i.AbstractProblemLoader Loading environment from /home/runner/work/key/key/key.core/../key.ui/examples/standard_key/polySimp/simplify7.key 
443580     DEBUG main            d.u.i.k.p.i.AbstractProblemLoader Environment load took 38.9ns 
443581     INFO  main            d.u.i.k.p.i.AbstractProblemLoader Creating init config 
445901     DEBUG main            d.u.i.k.p.i.AbstractProblemLoader Init config took 2.32s 
445913     INFO  main            d.u.i.k.p.i.AbstractProblemLoader Replaying proof simplify7.key 
445914     DEBUG main            d.u.i.k.p.i.IntermediateProofReplayer Proof replay took 2.8ns 
446016     INFO  main            d.u.i.k.p.r.p.TestFile    ... finished proof: closed. 
446475     INFO  main            d.u.i.k.p.i.AbstractProblemLoader Loading environment from /home/runner/work/key/key/key.core/../key.ui/examples/standard_key/polySimp/simplify7.key.proof 
446476     DEBUG main            d.u.i.k.p.i.AbstractProblemLoader Environment load took 62.5ns 
446476     INFO  main            d.u.i.k.p.i.AbstractProblemLoader Creating init config 
448657     DEBUG main            d.u.i.k.p.i.AbstractProblemLoader Init config took 2.18s 
448670     INFO  main            d.u.i.k.p.i.AbstractProblemLoader Replaying proof simplify7.key.proof 
448672     DEBUG main            d.u.i.k.p.i.IntermediateProofReplayer Proof replay took 567.8ns 
448673     DEBUG main            d.u.i.k.p.r.p.TestFile    ... success: reloaded. 
448674     INFO  main            d.u.i.k.p.r.p.TestFile    Now processing file /home/runner/work/key/key/key.core/../key.ui/examples/standard_key/polySimp/simplify8.key 
448674     INFO  main            d.u.i.k.p.i.AbstractProblemLoader Loading environment from /home/runner/work/key/key/key.core/../key.ui/examples/standard_key/polySimp/simplify8.key 
448674     DEBUG main            d.u.i.k.p.i.AbstractProblemLoader Environment load took 150.7ns 
448677     INFO  main            d.u.i.k.p.i.AbstractProblemLoader Creating init config 
450933     DEBUG main            d.u.i.k.p.i.AbstractProblemLoader Init config took 2.26s 
450945     INFO  main            d.u.i.k.p.i.AbstractProblemLoader Replaying proof simplify8.key 
450946     DEBUG main            d.u.i.k.p.i.IntermediateProofReplayer Proof replay took 2.3ns 
454689     INFO  main            d.u.i.k.p.r.p.TestFile    ... finished proof: closed. 
455182     INFO  main            d.u.i.k.p.i.AbstractProblemLoader Loading environment from /home/runner/work/key/key/key.core/../key.ui/examples/standard_key/polySimp/simplify8.key.proof 
455182     DEBUG main            d.u.i.k.p.i.AbstractProblemLoader Environment load took 70.5ns 
455184     INFO  main            d.u.i.k.p.i.AbstractProblemLoader Creating init config 
457448     DEBUG main            d.u.i.k.p.i.AbstractProblemLoader Init config took 2.26s 
457465     INFO  main            d.u.i.k.p.i.AbstractProblemLoader Replaying proof simplify8.key.proof 
457649     DEBUG main            d.u.i.k.p.i.IntermediateProofReplayer Proof replay took 179.23ms 
457651     DEBUG main            d.u.i.k.p.r.p.TestFile    ... success: reloaded. 
457652     INFO  main            d.u.i.k.p.r.p.TestFile    Now processing file /home/runner/work/key/key/key.core/../key.ui/examples/standard_key/polySimp/simplify9.key 
457652     INFO  main            d.u.i.k.p.i.AbstractProblemLoader Loading environment from /home/runner/work/key/key/key.core/../key.ui/examples/standard_key/polySimp/simplify9.key 
457652     DEBUG main            d.u.i.k.p.i.AbstractProblemLoader Environment load took 154.8ns 
457654     INFO  main            d.u.i.k.p.i.AbstractProblemLoader Creating init config 
459843     DEBUG main            d.u.i.k.p.i.AbstractProblemLoader Init config took 2.19s 
459855     INFO  main            d.u.i.k.p.i.AbstractProblemLoader Replaying proof simplify9.key 
459855     DEBUG main            d.u.i.k.p.i.IntermediateProofReplayer Proof replay took 2.9ns 
460058     INFO  main            d.u.i.k.p.r.p.TestFile    ... finished proof: closed. 
460590     INFO  main            d.u.i.k.p.i.AbstractProblemLoader Loading environment from /home/runner/work/key/key/key.core/../key.ui/examples/standard_key/polySimp/simplify9.key.proof 
460590     DEBUG main            d.u.i.k.p.i.AbstractProblemLoader Environment load took 67.3ns 
460591     INFO  main            d.u.i.k.p.i.AbstractProblemLoader Creating init config 
462681     DEBUG main            d.u.i.k.p.i.AbstractProblemLoader Init config took 2.09s 
462693     INFO  main            d.u.i.k.p.i.AbstractProblemLoader Replaying proof simplify9.key.proof 
462704     DEBUG main            d.u.i.k.p.i.IntermediateProofReplayer Proof replay took 8.89ms 
462705     DEBUG main            d.u.i.k.p.r.p.TestFile    ... success: reloaded. 
2756579    INFO  Test worker     d.u.i.k.p.r.RunAllProofsTestUnit Returning from test arithmetic 
2756580    INFO  Test worker     d.u.i.k.p.r.RunAllProofsTestUnit Running test arrays 
347        WARN  main            d.u.i.k.s.ProofSettings   The settings in /home/runner/.key/proof-settings.props are *not* read. 
342        INFO  Timeout watchdog d.u.i.k.p.r.p.ForkedTestFileRunner Timeout watcher launched (2000 secs.) 
381        INFO  main            d.u.i.k.p.r.p.TestFile    Now processing file /home/runner/work/key/key/key.core/../key.ui/examples/standard_key/arrays/arrayStoreException/array2DimPrim.key 
483        INFO  main            d.u.i.k.p.i.AbstractProblemLoader Loading environment from /home/runner/work/key/key/key.core/../key.ui/examples/standard_key/arrays/arrayStoreException/array2DimPrim.key 
497        DEBUG main            d.u.i.k.p.i.AbstractProblemLoader Environment load took 1.73ms 
764        INFO  main            d.u.i.k.p.i.AbstractProblemLoader Creating init config 
1632       DEBUG main            d.u.i.k.j.TypeConverter   No LDT found for Meta 
1633       DEBUG main            d.u.i.k.j.TypeConverter   No LDT found for Meta 
1634       DEBUG main            d.u.i.k.j.TypeConverter   No LDT found for Meta 
1634       DEBUG main            d.u.i.k.j.TypeConverter   No LDT found for Meta 
2940       DEBUG main            d.u.i.k.j.TypeConverter   No LDT found for JavaBigintExpression 
7787       DEBUG main            d.u.i.k.p.i.AbstractProblemLoader Init config took 7.02s 
7851       INFO  main            d.u.i.k.p.i.AbstractProblemLoader Replaying proof array2DimPrim.key 
7880       DEBUG main            d.u.i.k.p.i.IntermediateProofReplayer Proof replay took 29.2ns 
11726      INFO  main            d.u.i.k.p.r.p.TestFile    ... finished proof: closed. 
11902      INFO  main            d.u.i.k.p.i.AbstractProblemLoader Loading environment from /home/runner/work/key/key/key.core/../key.ui/examples/standard_key/arrays/arrayStoreException/array2DimPrim.key.proof 
11905      DEBUG main            d.u.i.k.p.i.AbstractProblemLoader Environment load took 3.45ms 
11910      INFO  main            d.u.i.k.p.i.AbstractProblemLoader Creating init config 
14539      DEBUG main            d.u.i.k.p.i.AbstractProblemLoader Init config took 2.63s 
14604      INFO  main            d.u.i.k.p.i.AbstractProblemLoader Replaying proof array2DimPrim.key.proof 
15186      DEBUG main            d.u.i.k.p.i.IntermediateProofReplayer Proof replay took 554.8ms 
15198      DEBUG main            d.u.i.k.p.r.p.TestFile    ... success: reloaded. 
15200      INFO  main            d.u.i.k.p.r.p.TestFile    Now processing file /home/runner/work/key/key/key.core/../key.ui/examples/standard_key/arrays/arrayStoreException/arrayStoreKnownDynType.key 
15200      INFO  main            d.u.i.k.p.i.AbstractProblemLoader Loading environment from /home/runner/work/key/key/key.core/../key.ui/examples/standard_key/arrays/arrayStoreException/arrayStoreKnownDynType.key 
15200      DEBUG main            d.u.i.k.p.i.AbstractProblemLoader Environment load took 212.9ns 
15201      INFO  main            d.u.i.k.p.i.AbstractProblemLoader Creating init config 
17683      DEBUG main            d.u.i.k.p.i.AbstractProblemLoader Init config took 2.48s 
17719      INFO  main            d.u.i.k.p.i.AbstractProblemLoader Replaying proof arrayStoreKnownDynType.key 
17722      DEBUG main            d.u.i.k.p.i.IntermediateProofReplayer Proof replay took 5.4ns 
17925      INFO  main            d.u.i.k.p.r.p.TestFile    ... finished proof: closed. 
18134      INFO  main            d.u.i.k.p.i.AbstractProblemLoader Loading environment from /home/runner/work/key/key/key.core/../key.ui/examples/standard_key/arrays/arrayStoreException/arrayStoreKnownDynType.key.proof 
18135      DEBUG main            d.u.i.k.p.i.AbstractProblemLoader Environment load took 112.7ns 
18136      INFO  main            d.u.i.k.p.i.AbstractProblemLoader Creating init config 
20591      DEBUG main            d.u.i.k.p.i.AbstractProblemLoader Init config took 2.45s 
20619      INFO  main            d.u.i.k.p.i.AbstractProblemLoader Replaying proof arrayStoreKnownDynType.key.proof 
20661      DEBUG main            d.u.i.k.p.i.IntermediateProofReplayer Proof replay took 38.14ms 
20662      DEBUG main            d.u.i.k.p.r.p.TestFile    ... success: reloaded. 
20663      INFO  main            d.u.i.k.p.r.p.TestFile    Now processing file /home/runner/work/key/key/key.core/../key.ui/examples/standard_key/arrays/arrayStoreException/reverseArray.key 
20663      INFO  main            d.u.i.k.p.i.AbstractProblemLoader Loading environment from /home/runner/work/key/key/key.core/../key.ui/examples/standard_key/arrays/arrayStoreException/reverseArray.key 
20664      DEBUG main            d.u.i.k.p.i.AbstractProblemLoader Environment load took 191.3ns 
20666      INFO  main            d.u.i.k.p.i.AbstractProblemLoader Creating init config 
23028      DEBUG main            d.u.i.k.p.i.AbstractProblemLoader Init config took 2.36s 
23049      INFO  main            d.u.i.k.p.i.AbstractProblemLoader Replaying proof reverseArray.key 
23051      DEBUG main            d.u.i.k.p.i.IntermediateProofReplayer Proof replay took 5.1ns 
23756      INFO  main            d.u.i.k.p.r.p.TestFile    ... finished proof: closed. 
23907      INFO  main            d.u.i.k.p.i.AbstractProblemLoader Loading environment from /home/runner/work/key/key/key.core/../key.ui/examples/standard_key/arrays/arrayStoreException/reverseArray.key.proof 
23910      DEBUG main            d.u.i.k.p.i.AbstractProblemLoader Environment load took 2.96ms 
23912      INFO  main            d.u.i.k.p.i.AbstractProblemLoader Creating init config 
26234      DEBUG main            d.u.i.k.p.i.AbstractProblemLoader Init config took 2.32s 
26254      INFO  main            d.u.i.k.p.i.AbstractProblemLoader Replaying proof reverseArray.key.proof 
26380      DEBUG main            d.u.i.k.p.i.IntermediateProofReplayer Proof replay took 119.69ms 
26382      DEBUG main            d.u.i.k.p.r.p.TestFile    ... success: reloaded. 
26383      INFO  main            d.u.i.k.p.r.p.TestFile    Now processing file /home/runner/work/key/key/key.core/../key.ui/examples/standard_key/arrays/arrayStoreException/throwArrayStoreException.key 
26383      INFO  main            d.u.i.k.p.i.AbstractProblemLoader Loading environment from /home/runner/work/key/key/key.core/../key.ui/examples/standard_key/arrays/arrayStoreException/throwArrayStoreException.key 
26384      DEBUG main            d.u.i.k.p.i.AbstractProblemLoader Environment load took 218.8ns 
26385      INFO  main            d.u.i.k.p.i.AbstractProblemLoader Creating init config 
28747      DEBUG main            d.u.i.k.p.i.AbstractProblemLoader Init config took 2.36s 
28771      INFO  main            d.u.i.k.p.i.AbstractProblemLoader Replaying proof throwArrayStoreException.key 
28774      DEBUG main            d.u.i.k.p.i.IntermediateProofReplayer Proof replay took 5.5ns 
29177      INFO  main            d.u.i.k.p.r.p.TestFile    ... finished proof: closed. 
29358      INFO  main            d.u.i.k.p.i.AbstractProblemLoader Loading environment from /home/runner/work/key/key/key.core/../key.ui/examples/standard_key/arrays/arrayStoreException/throwArrayStoreException.key.proof 
29358      DEBUG main            d.u.i.k.p.i.AbstractProblemLoader Environment load took 113.2ns 
29359      INFO  main            d.u.i.k.p.i.AbstractProblemLoader Creating init config 
31668      DEBUG main            d.u.i.k.p.i.AbstractProblemLoader Init config took 2.31s 
31688      INFO  main            d.u.i.k.p.i.AbstractProblemLoader Replaying proof throwArrayStoreException.key.proof 
31783      DEBUG main            d.u.i.k.p.i.IntermediateProofReplayer Proof replay took 91.27ms 
31785      DEBUG main            d.u.i.k.p.r.p.TestFile    ... success: reloaded. 
31786      INFO  main            d.u.i.k.p.r.p.TestFile    Now processing file /home/runner/work/key/key/key.core/../key.ui/examples/standard_key/arrays/creation/arrayCreation1.key 
31786      INFO  main            d.u.i.k.p.i.AbstractProblemLoader Loading environment from /home/runner/work/key/key/key.core/../key.ui/examples/standard_key/arrays/creation/arrayCreation1.key 
31786      DEBUG main            d.u.i.k.p.i.AbstractProblemLoader Environment load took 179.8ns 
31787      INFO  main            d.u.i.k.p.i.AbstractProblemLoader Creating init config 
34123      DEBUG main            d.u.i.k.p.i.AbstractProblemLoader Init config took 2.34s 
34147      INFO  main            d.u.i.k.p.i.AbstractProblemLoader Replaying proof arrayCreation1.key 
34148      DEBUG main            d.u.i.k.p.i.IntermediateProofReplayer Proof replay took 5.6ns 
34350      INFO  main            d.u.i.k.p.r.p.TestFile    ... finished proof: closed. 
34503      INFO  main            d.u.i.k.p.i.AbstractProblemLoader Loading environment from /home/runner/work/key/key/key.core/../key.ui/examples/standard_key/arrays/creation/arrayCreation1.key.proof 
34503      DEBUG main            d.u.i.k.p.i.AbstractProblemLoader Environment load took 111.2ns 
34504      INFO  main            d.u.i.k.p.i.AbstractProblemLoader Creating init config 
36838      DEBUG main            d.u.i.k.p.i.AbstractProblemLoader Init config took 2.33s 
36858      INFO  main            d.u.i.k.p.i.AbstractProblemLoader Replaying proof arrayCreation1.key.proof 
36882      DEBUG main            d.u.i.k.p.i.IntermediateProofReplayer Proof replay took 21.77ms 
36883      DEBUG main            d.u.i.k.p.r.p.TestFile    ... success: reloaded. 
36884      INFO  main            d.u.i.k.p.r.p.TestFile    Now processing file /home/runner/work/key/key/key.core/../key.ui/examples/standard_key/arrays/arrayStoreException/array2Dim.key 
36884      INFO  main            d.u.i.k.p.i.AbstractProblemLoader Loading environment from /home/runner/work/key/key/key.core/../key.ui/examples/standard_key/arrays/arrayStoreException/array2Dim.key 
36884      DEBUG main            d.u.i.k.p.i.AbstractProblemLoader Environment load took 192.9ns 
36885      INFO  main            d.u.i.k.p.i.AbstractProblemLoader Creating init config 
39226      DEBUG main            d.u.i.k.p.i.AbstractProblemLoader Init config took 2.34s 
39246      INFO  main            d.u.i.k.p.i.AbstractProblemLoader Replaying proof array2Dim.key 
39248      DEBUG main            d.u.i.k.p.i.IntermediateProofReplayer Proof replay took 5.7ns 
42419      INFO  main            d.u.i.k.p.r.p.TestFile    ... finished proof: open goal(s) 
42643      INFO  main            d.u.i.k.p.r.p.TestFile    Now processing file /home/runner/work/key/key/key.core/../key.ui/examples/standard_key/arrays/arrayStoreException/array2DimClose.key 
42644      INFO  main            d.u.i.k.p.i.AbstractProblemLoader Loading environment from /home/runner/work/key/key/key.core/../key.ui/examples/standard_key/arrays/arrayStoreException/array2DimClose.key 
42644      DEBUG main            d.u.i.k.p.i.AbstractProblemLoader Environment load took 57.5ns 
42645      INFO  main            d.u.i.k.p.i.AbstractProblemLoader Creating init config 
44886      DEBUG main            d.u.i.k.p.i.AbstractProblemLoader Init config took 2.24s 
44907      INFO  main            d.u.i.k.p.i.AbstractProblemLoader Replaying proof array2DimClose.key 
44911      DEBUG main            d.u.i.k.p.i.IntermediateProofReplayer Proof replay took 11ns 
47121      INFO  main            d.u.i.k.p.r.p.TestFile    ... finished proof: open goal(s) 
47430      INFO  main            d.u.i.k.p.r.p.TestFile    Now processing file /home/runner/work/key/key/key.core/../key.ui/examples/standard_key/arrays/arrayStoreException/throwASEForPrim.key 
47432      INFO  main            d.u.i.k.p.i.AbstractProblemLoader Loading environment from /home/runner/work/key/key/key.core/../key.ui/examples/standard_key/arrays/arrayStoreException/throwASEForPrim.key 
47432      DEBUG main            d.u.i.k.p.i.AbstractProblemLoader Environment load took 95.6ns 
47433      INFO  main            d.u.i.k.p.i.AbstractProblemLoader Creating init config 
49664      DEBUG main            d.u.i.k.p.i.AbstractProblemLoader Init config took 2.23s 
49680      INFO  main            d.u.i.k.p.i.AbstractProblemLoader Replaying proof throwASEForPrim.key 
49682      DEBUG main            d.u.i.k.p.i.IntermediateProofReplayer Proof replay took 5.2ns 
53926      INFO  main            d.u.i.k.p.r.p.TestFile    ... finished proof: open goal(s) 
2810978    INFO  Test worker     d.u.i.k.p.r.RunAllProofsTestUnit Returning from test arrays 
2810978    INFO  Test worker     d.u.i.k.p.r.RunAllProofsTestUnit Running test javadl 
333        INFO  Timeout watchdog d.u.i.k.p.r.p.ForkedTestFileRunner Timeout watcher launched (2000 secs.) 
336        WARN  main            d.u.i.k.s.ProofSettings   The settings in /home/runner/.key/proof-settings.props are *not* read. 
361        INFO  main            d.u.i.k.p.r.p.TestFile    Now processing file /home/runner/work/key/key/key.core/../key.ui/examples/standard_key/instanceCreation/instanceCreation1.key 
490        INFO  main            d.u.i.k.p.i.AbstractProblemLoader Loading environment from /home/runner/work/key/key/key.core/../key.ui/examples/standard_key/instanceCreation/instanceCreation1.key 
506        DEBUG main            d.u.i.k.p.i.AbstractProblemLoader Environment load took 1.84ms 
723        INFO  main            d.u.i.k.p.i.AbstractProblemLoader Creating init config 
1605       DEBUG main            d.u.i.k.j.TypeConverter   No LDT found for Meta 
1605       DEBUG main            d.u.i.k.j.TypeConverter   No LDT found for Meta 
1606       DEBUG main            d.u.i.k.j.TypeConverter   No LDT found for Meta 
1607       DEBUG main            d.u.i.k.j.TypeConverter   No LDT found for Meta 
3143       DEBUG main            d.u.i.k.j.TypeConverter   No LDT found for JavaBigintExpression 
7860       DEBUG main            d.u.i.k.p.i.AbstractProblemLoader Init config took 7.14s 
7934       INFO  main            d.u.i.k.p.i.AbstractProblemLoader Replaying proof instanceCreation1.key 
7966       DEBUG main            d.u.i.k.p.i.IntermediateProofReplayer Proof replay took 30.7ns 
9008       INFO  main            d.u.i.k.p.r.p.TestFile    ... finished proof: closed. 
9127       INFO  main            d.u.i.k.p.i.AbstractProblemLoader Loading environment from /home/runner/work/key/key/key.core/../key.ui/examples/standard_key/instanceCreation/instanceCreation1.key.proof 
9128       DEBUG main            d.u.i.k.p.i.AbstractProblemLoader Environment load took 933.2ns 
9133       INFO  main            d.u.i.k.p.i.AbstractProblemLoader Creating init config 
11795      DEBUG main            d.u.i.k.p.i.AbstractProblemLoader Init config took 2.66s 
11831      INFO  main            d.u.i.k.p.i.AbstractProblemLoader Replaying proof instanceCreation1.key.proof 
11952      DEBUG main            d.u.i.k.p.i.IntermediateProofReplayer Proof replay took 114.34ms 
11966      DEBUG main            d.u.i.k.p.r.p.TestFile    ... success: reloaded. 
11970      INFO  main            d.u.i.k.p.r.p.TestFile    Now processing file /home/runner/work/key/key/key.core/../key.ui/examples/standard_key/instanceCreation/instanceCreation2.key 
11981      INFO  main            d.u.i.k.p.i.AbstractProblemLoader Loading environment from /home/runner/work/key/key/key.core/../key.ui/examples/standard_key/instanceCreation/instanceCreation2.key 
11981      DEBUG main            d.u.i.k.p.i.AbstractProblemLoader Environment load took 281.3ns 
11985      INFO  main            d.u.i.k.p.i.AbstractProblemLoader Creating init config 
14552      DEBUG main            d.u.i.k.p.i.AbstractProblemLoader Init config took 2.57s 
14598      INFO  main            d.u.i.k.p.i.AbstractProblemLoader Replaying proof instanceCreation2.key 
14601      DEBUG main            d.u.i.k.p.i.IntermediateProofReplayer Proof replay took 5.6ns 
15106      INFO  main            d.u.i.k.p.r.p.TestFile    ... finished proof: closed. 
15264      INFO  main            d.u.i.k.p.i.AbstractProblemLoader Loading environment from /home/runner/work/key/key/key.core/../key.ui/examples/standard_key/instanceCreation/instanceCreation2.key.proof 
15265      DEBUG main            d.u.i.k.p.i.AbstractProblemLoader Environment load took 361.2ns 
15270      INFO  main            d.u.i.k.p.i.AbstractProblemLoader Creating init config 
17737      DEBUG main            d.u.i.k.p.i.AbstractProblemLoader Init config took 2.47s 
17771      INFO  main            d.u.i.k.p.i.AbstractProblemLoader Replaying proof instanceCreation2.key.proof 
17874      DEBUG main            d.u.i.k.p.i.IntermediateProofReplayer Proof replay took 98.68ms 
17876      DEBUG main            d.u.i.k.p.r.p.TestFile    ... success: reloaded. 
17877      INFO  main            d.u.i.k.p.r.p.TestFile    Now processing file /home/runner/work/key/key/key.core/../key.ui/examples/standard_key/instanceCreation/interfacesAndAbstractClassesHaveNoInstances.key 
17877      INFO  main            d.u.i.k.p.i.AbstractProblemLoader Loading environment from /home/runner/work/key/key/key.core/../key.ui/examples/standard_key/instanceCreation/interfacesAndAbstractClassesHaveNoInstances.key 
17877      DEBUG main            d.u.i.k.p.i.AbstractProblemLoader Environment load took 187.1ns 
17878      INFO  main            d.u.i.k.p.i.AbstractProblemLoader Creating init config 
20324      DEBUG main            d.u.i.k.p.i.AbstractProblemLoader Init config took 2.45s 
20344      INFO  main            d.u.i.k.p.i.AbstractProblemLoader Replaying proof interfacesAndAbstractClassesHaveNoInstances.key 
20346      DEBUG main            d.u.i.k.p.i.IntermediateProofReplayer Proof replay took 6.1ns 
20448      INFO  main            d.u.i.k.p.r.p.TestFile    ... finished proof: closed. 
20597      INFO  main            d.u.i.k.p.i.AbstractProblemLoader Loading environment from /home/runner/work/key/key/key.core/../key.ui/examples/standard_key/instanceCreation/interfacesAndAbstractClassesHaveNoInstances.key.proof 
20597      DEBUG main            d.u.i.k.p.i.AbstractProblemLoader Environment load took 114.8ns 
20598      INFO  main            d.u.i.k.p.i.AbstractProblemLoader Creating init config 
23030      DEBUG main            d.u.i.k.p.i.AbstractProblemLoader Init config took 2.43s 
23054      INFO  main            d.u.i.k.p.i.AbstractProblemLoader Replaying proof interfacesAndAbstractClassesHaveNoInstances.key.proof 
23060      DEBUG main            d.u.i.k.p.i.IntermediateProofReplayer Proof replay took 3ms 
23061      DEBUG main            d.u.i.k.p.r.p.TestFile    ... success: reloaded. 
23063      INFO  main            d.u.i.k.p.r.p.TestFile    Now processing file /home/runner/work/key/key/key.core/../key.ui/examples/standard_key/instanceCreation/successiveCreatedObjectsAreDistinct.key 
23063      INFO  main            d.u.i.k.p.i.AbstractProblemLoader Loading environment from /home/runner/work/key/key/key.core/../key.ui/examples/standard_key/instanceCreation/successiveCreatedObjectsAreDistinct.key 
23063      DEBUG main            d.u.i.k.p.i.AbstractProblemLoader Environment load took 89.5ns 
23064      INFO  main            d.u.i.k.p.i.AbstractProblemLoader Creating init config 
25524      DEBUG main            d.u.i.k.p.i.AbstractProblemLoader Init config took 2.46s 
25544      INFO  main            d.u.i.k.p.i.AbstractProblemLoader Replaying proof successiveCreatedObjectsAreDistinct.key 
25547      DEBUG main            d.u.i.k.p.i.IntermediateProofReplayer Proof replay took 5.2ns 
25951      INFO  main            d.u.i.k.p.r.p.TestFile    ... finished proof: closed. 
26198      INFO  main            d.u.i.k.p.i.AbstractProblemLoader Loading environment from /home/runner/work/key/key/key.core/../key.ui/examples/standard_key/instanceCreation/successiveCreatedObjectsAreDistinct.key.proof 
26198      DEBUG main            d.u.i.k.p.i.AbstractProblemLoader Environment load took 106.3ns 
26199      INFO  main            d.u.i.k.p.i.AbstractProblemLoader Creating init config 
28608      DEBUG main            d.u.i.k.p.i.AbstractProblemLoader Init config took 2.41s 
28629      INFO  main            d.u.i.k.p.i.AbstractProblemLoader Replaying proof successiveCreatedObjectsAreDistinct.key.proof 
28696      DEBUG main            d.u.i.k.p.i.IntermediateProofReplayer Proof replay took 63.92ms 
28697      DEBUG main            d.u.i.k.p.r.p.TestFile    ... success: reloaded. 
28698      INFO  main            d.u.i.k.p.r.p.TestFile    Now processing file /home/runner/work/key/key/key.core/../key.ui/examples/standard_key/instanceCreation/testOverloadingConstructors.key 
28698      INFO  main            d.u.i.k.p.i.AbstractProblemLoader Loading environment from /home/runner/work/key/key/key.core/../key.ui/examples/standard_key/instanceCreation/testOverloadingConstructors.key 
28699      DEBUG main            d.u.i.k.p.i.AbstractProblemLoader Environment load took 170.6ns 
28700      INFO  main            d.u.i.k.p.i.AbstractProblemLoader Creating init config 
31115      DEBUG main            d.u.i.k.p.i.AbstractProblemLoader Init config took 2.42s 
31135      INFO  main            d.u.i.k.p.i.AbstractProblemLoader Replaying proof testOverloadingConstructors.key 
31137      DEBUG main            d.u.i.k.p.i.IntermediateProofReplayer Proof replay took 5.1ns 
31440      INFO  main            d.u.i.k.p.r.p.TestFile    ... finished proof: closed. 
31603      INFO  main            d.u.i.k.p.i.AbstractProblemLoader Loading environment from /home/runner/work/key/key/key.core/../key.ui/examples/standard_key/instanceCreation/testOverloadingConstructors.key.proof 
31603      DEBUG main            d.u.i.k.p.i.AbstractProblemLoader Environment load took 109.1ns 
31604      INFO  main            d.u.i.k.p.i.AbstractProblemLoader Creating init config 
33940      DEBUG main            d.u.i.k.p.i.AbstractProblemLoader Init config took 2.34s 
33962      INFO  main            d.u.i.k.p.i.AbstractProblemLoader Replaying proof testOverloadingConstructors.key.proof 
34020      DEBUG main            d.u.i.k.p.i.IntermediateProofReplayer Proof replay took 53.12ms 
34022      DEBUG main            d.u.i.k.p.r.p.TestFile    ... success: reloaded. 
34023      INFO  main            d.u.i.k.p.r.p.TestFile    Now processing file /home/runner/work/key/key/key.core/../key.ui/examples/standard_key/java_dl/SimpleAttributes.key 
34023      INFO  main            d.u.i.k.p.i.AbstractProblemLoader Loading environment from /home/runner/work/key/key/key.core/../key.ui/examples/standard_key/java_dl/SimpleAttributes.key 
34023      DEBUG main            d.u.i.k.p.i.AbstractProblemLoader Environment load took 173.2ns 
34024      INFO  main            d.u.i.k.p.i.AbstractProblemLoader Creating init config 
36390      DEBUG main            d.u.i.k.p.i.AbstractProblemLoader Init config took 2.37s 
36410      INFO  main            d.u.i.k.p.i.AbstractProblemLoader Replaying proof SimpleAttributes.key 
36412      DEBUG main            d.u.i.k.p.i.IntermediateProofReplayer Proof replay took 5.3ns 
36515      INFO  main            d.u.i.k.p.r.p.TestFile    ... finished proof: closed. 
36664      INFO  main            d.u.i.k.p.i.AbstractProblemLoader Loading environment from /home/runner/work/key/key/key.core/../key.ui/examples/standard_key/java_dl/SimpleAttributes.key.proof 
36664      DEBUG main            d.u.i.k.p.i.AbstractProblemLoader Environment load took 104.8ns 
36665      INFO  main            d.u.i.k.p.i.AbstractProblemLoader Creating init config 
38978      DEBUG main            d.u.i.k.p.i.AbstractProblemLoader Init config took 2.31s 
38997      INFO  main            d.u.i.k.p.i.AbstractProblemLoader Replaying proof SimpleAttributes.key.proof 
39020      DEBUG main            d.u.i.k.p.i.IntermediateProofReplayer Proof replay took 20.65ms 
39020      DEBUG main            d.u.i.k.p.r.p.TestFile    ... success: reloaded. 
39021      INFO  main            d.u.i.k.p.r.p.TestFile    Now processing file /home/runner/work/key/key/key.core/../key.ui/examples/standard_key/java_dl/arrayMax.key 
39021      INFO  main            d.u.i.k.p.i.AbstractProblemLoader Loading environment from /home/runner/work/key/key/key.core/../key.ui/examples/standard_key/java_dl/arrayMax.key 
39021      DEBUG main            d.u.i.k.p.i.AbstractProblemLoader Environment load took 69ns 
39024      INFO  main            d.u.i.k.p.i.AbstractProblemLoader Creating init config 
41423      DEBUG main            d.u.i.k.p.i.AbstractProblemLoader Init config took 2.4s 
41441      INFO  main            d.u.i.k.p.i.AbstractProblemLoader Replaying proof arrayMax.key 
41443      DEBUG main            d.u.i.k.p.i.IntermediateProofReplayer Proof replay took 5.1ns 
42856      INFO  main            d.u.i.k.p.r.p.TestFile    ... finished proof: closed. 
43045      INFO  main            d.u.i.k.p.i.AbstractProblemLoader Loading environment from /home/runner/work/key/key/key.core/../key.ui/examples/standard_key/java_dl/arrayMax.key.proof 
43047      DEBUG main            d.u.i.k.p.i.AbstractProblemLoader Environment load took 1.91ms 
43048      INFO  main            d.u.i.k.p.i.AbstractProblemLoader Creating init config 
45427      DEBUG main            d.u.i.k.p.i.AbstractProblemLoader Init config took 2.38s 
45445      INFO  main            d.u.i.k.p.i.AbstractProblemLoader Replaying proof arrayMax.key.proof 
45674      DEBUG main            d.u.i.k.p.i.IntermediateProofReplayer Proof replay took 220.73ms 
45675      DEBUG main            d.u.i.k.p.r.p.TestFile    ... success: reloaded. 
45676      INFO  main            d.u.i.k.p.r.p.TestFile    Now processing file /home/runner/work/key/key/key.core/../key.ui/examples/standard_key/java_dl/arrayUpdateSimp.key 
45677      INFO  main            d.u.i.k.p.i.AbstractProblemLoader Loading environment from /home/runner/work/key/key/key.core/../key.ui/examples/standard_key/java_dl/arrayUpdateSimp.key 
45677      DEBUG main            d.u.i.k.p.i.AbstractProblemLoader Environment load took 82.4ns 
45679      INFO  main            d.u.i.k.p.i.AbstractProblemLoader Creating init config 
45701      WARN  main            d.u.i.k.j.r.KeYCrossReferenceNameInfo Datatype java.io.InputStream declared twice: Once in FILE:/home/runner/work/key/key/key.core/../key.ui/examples/standard_key/java_dl/./classpath/InputStream.java and once in URL:file:/home/runner/work/key/key/key.core/build/resources/main/de/uka/ilkd/key/java/JavaRedux/java/io/InputStream.java, Keeping one from URL:file:/home/runner/work/key/key/key.core/build/resources/main/de/uka/ilkd/key/java/JavaRedux/java/io/InputStream.java 
45702      WARN  main            d.u.i.k.j.r.KeYCrossReferenceNameInfo Datatype java.lang.System declared twice: Once in FILE:/home/runner/work/key/key/key.core/../key.ui/examples/standard_key/java_dl/./classpath/System.java and once in URL:file:/home/runner/work/key/key/key.core/build/resources/main/de/uka/ilkd/key/java/JavaRedux/java/lang/System.java, Keeping one from URL:file:/home/runner/work/key/key/key.core/build/resources/main/de/uka/ilkd/key/java/JavaRedux/java/lang/System.java 
45702      WARN  main            d.u.i.k.j.r.KeYCrossReferenceNameInfo Datatype java.io.PrintStream declared twice: Once in FILE:/home/runner/work/key/key/key.core/../key.ui/examples/standard_key/java_dl/./classpath/PrintStream.java and once in URL:file:/home/runner/work/key/key/key.core/build/resources/main/de/uka/ilkd/key/java/JavaRedux/java/io/PrintStream.java, Keeping one from URL:file:/home/runner/work/key/key/key.core/build/resources/main/de/uka/ilkd/key/java/JavaRedux/java/io/PrintStream.java 
45707      DEBUG main            d.u.i.k.j.r.ClassFileDeclarationBuilder Parsing: package java.io; public class Closeable { } 
45707      DEBUG main            r.s.KeYCrossReferenceSourceInfo Dynamically created class: java.io.Closeable 
48212      DEBUG main            d.u.i.k.p.i.AbstractProblemLoader Init config took 2.53s 
48229      INFO  main            d.u.i.k.p.i.AbstractProblemLoader Replaying proof arrayUpdateSimp.key 
48231      DEBUG main            d.u.i.k.p.i.IntermediateProofReplayer Proof replay took 5.9ns 
48334      INFO  main            d.u.i.k.p.r.p.TestFile    ... finished proof: closed. 
48519      INFO  main            d.u.i.k.p.i.AbstractProblemLoader Loading environment from /home/runner/work/key/key/key.core/../key.ui/examples/standard_key/java_dl/arrayUpdateSimp.key.proof 
48520      DEBUG main            d.u.i.k.p.i.AbstractProblemLoader Environment load took 105.7ns 
48525      INFO  main            d.u.i.k.p.i.AbstractProblemLoader Creating init config 
48550      WARN  main            d.u.i.k.j.r.KeYCrossReferenceNameInfo Datatype java.io.InputStream declared twice: Once in FILE:/home/runner/work/key/key/key.core/../key.ui/examples/standard_key/java_dl/classpath/InputStream.java and once in URL:file:/home/runner/work/key/key/key.core/build/resources/main/de/uka/ilkd/key/java/JavaRedux/java/io/InputStream.java, Keeping one from URL:file:/home/runner/work/key/key/key.core/build/resources/main/de/uka/ilkd/key/java/JavaRedux/java/io/InputStream.java 
48551      WARN  main            d.u.i.k.j.r.KeYCrossReferenceNameInfo Datatype java.lang.System declared twice: Once in FILE:/home/runner/work/key/key/key.core/../key.ui/examples/standard_key/java_dl/classpath/System.java and once in URL:file:/home/runner/work/key/key/key.core/build/resources/main/de/uka/ilkd/key/java/JavaRedux/java/lang/System.java, Keeping one from URL:file:/home/runner/work/key/key/key.core/build/resources/main/de/uka/ilkd/key/java/JavaRedux/java/lang/System.java 
48551      WARN  main            d.u.i.k.j.r.KeYCrossReferenceNameInfo Datatype java.io.PrintStream declared twice: Once in FILE:/home/runner/work/key/key/key.core/../key.ui/examples/standard_key/java_dl/classpath/PrintStream.java and once in URL:file:/home/runner/work/key/key/key.core/build/resources/main/de/uka/ilkd/key/java/JavaRedux/java/io/PrintStream.java, Keeping one from URL:file:/home/runner/work/key/key/key.core/build/resources/main/de/uka/ilkd/key/java/JavaRedux/java/io/PrintStream.java 
48555      DEBUG main            d.u.i.k.j.r.ClassFileDeclarationBuilder Parsing: package java.io; public class Closeable { } 
48555      DEBUG main            r.s.KeYCrossReferenceSourceInfo Dynamically created class: java.io.Closeable 
50910      DEBUG main            d.u.i.k.p.i.AbstractProblemLoader Init config took 2.39s 
50929      INFO  main            d.u.i.k.p.i.AbstractProblemLoader Replaying proof arrayUpdateSimp.key.proof 
50931      DEBUG main            d.u.i.k.p.i.IntermediateProofReplayer Proof replay took 509.4ns 
50932      DEBUG main            d.u.i.k.p.r.p.TestFile    ... success: reloaded. 
50933      INFO  main            d.u.i.k.p.r.p.TestFile    Now processing file /home/runner/work/key/key/key.core/../key.ui/examples/standard_key/java_dl/attributes.key 
50934      INFO  main            d.u.i.k.p.i.AbstractProblemLoader Loading environment from /home/runner/work/key/key/key.core/../key.ui/examples/standard_key/java_dl/attributes.key 
50934      DEBUG main            d.u.i.k.p.i.AbstractProblemLoader Environment load took 168ns 
50935      INFO  main            d.u.i.k.p.i.AbstractProblemLoader Creating init config 
53258      DEBUG main            d.u.i.k.p.i.AbstractProblemLoader Init config took 2.32s 
53274      INFO  main            d.u.i.k.p.i.AbstractProblemLoader Replaying proof attributes.key 
53276      DEBUG main            d.u.i.k.p.i.IntermediateProofReplayer Proof replay took 5.4ns 
53478      INFO  main            d.u.i.k.p.r.p.TestFile    ... finished proof: closed. 
53654      INFO  main            d.u.i.k.p.i.AbstractProblemLoader Loading environment from /home/runner/work/key/key/key.core/../key.ui/examples/standard_key/java_dl/attributes.key.proof 
53654      DEBUG main            d.u.i.k.p.i.AbstractProblemLoader Environment load took 102.2ns 
53655      INFO  main            d.u.i.k.p.i.AbstractProblemLoader Creating init config 
55983      DEBUG main            d.u.i.k.p.i.AbstractProblemLoader Init config took 2.33s 
55998      INFO  main            d.u.i.k.p.i.AbstractProblemLoader Replaying proof attributes.key.proof 
56035      DEBUG main            d.u.i.k.p.i.IntermediateProofReplayer Proof replay took 34.07ms 
56036      DEBUG main            d.u.i.k.p.r.p.TestFile    ... success: reloaded. 
56046      INFO  main            d.u.i.k.p.r.p.TestFile    Now processing file /home/runner/work/key/key/key.core/../key.ui/examples/standard_key/java_dl/break.key 
56046      INFO  main            d.u.i.k.p.i.AbstractProblemLoader Loading environment from /home/runner/work/key/key/key.core/../key.ui/examples/standard_key/java_dl/break.key 
56046      DEBUG main            d.u.i.k.p.i.AbstractProblemLoader Environment load took 159.5ns 
56047      INFO  main            d.u.i.k.p.i.AbstractProblemLoader Creating init config 
56092      WARN  main            d.u.i.k.j.r.KeYCrossReferenceNameInfo Datatype java.io.InputStream declared twice: Once in FILE:/home/runner/work/key/key/key.core/../key.ui/examples/standard_key/java_dl/classpath/InputStream.java and once in URL:file:/home/runner/work/key/key/key.core/build/resources/main/de/uka/ilkd/key/java/JavaRedux/java/io/InputStream.java, Keeping one from URL:file:/home/runner/work/key/key/key.core/build/resources/main/de/uka/ilkd/key/java/JavaRedux/java/io/InputStream.java 
56092      WARN  main            d.u.i.k.j.r.KeYCrossReferenceNameInfo Datatype java.lang.System declared twice: Once in FILE:/home/runner/work/key/key/key.core/../key.ui/examples/standard_key/java_dl/classpath/System.java and once in URL:file:/home/runner/work/key/key/key.core/build/resources/main/de/uka/ilkd/key/java/JavaRedux/java/lang/System.java, Keeping one from URL:file:/home/runner/work/key/key/key.core/build/resources/main/de/uka/ilkd/key/java/JavaRedux/java/lang/System.java 
56092      WARN  main            d.u.i.k.j.r.KeYCrossReferenceNameInfo Datatype java.io.PrintStream declared twice: Once in FILE:/home/runner/work/key/key/key.core/../key.ui/examples/standard_key/java_dl/classpath/PrintStream.java and once in URL:file:/home/runner/work/key/key/key.core/build/resources/main/de/uka/ilkd/key/java/JavaRedux/java/io/PrintStream.java, Keeping one from URL:file:/home/runner/work/key/key/key.core/build/resources/main/de/uka/ilkd/key/java/JavaRedux/java/io/PrintStream.java 
56095      DEBUG main            d.u.i.k.j.r.ClassFileDeclarationBuilder Parsing: package java.io; public class Closeable { } 
56096      DEBUG main            r.s.KeYCrossReferenceSourceInfo Dynamically created class: java.io.Closeable 
58378      DEBUG main            d.u.i.k.p.i.AbstractProblemLoader Init config took 2.33s 
58394      INFO  main            d.u.i.k.p.i.AbstractProblemLoader Replaying proof break.key 
58395      DEBUG main            d.u.i.k.p.i.IntermediateProofReplayer Proof replay took 6ns 
58498      INFO  main            d.u.i.k.p.r.p.TestFile    ... finished proof: closed. 
58674      INFO  main            d.u.i.k.p.i.AbstractProblemLoader Loading environment from /home/runner/work/key/key/key.core/../key.ui/examples/standard_key/java_dl/break.key.proof 
58674      DEBUG main            d.u.i.k.p.i.AbstractProblemLoader Environment load took 101.4ns 
58675      INFO  main            d.u.i.k.p.i.AbstractProblemLoader Creating init config 
58697      WARN  main            d.u.i.k.j.r.KeYCrossReferenceNameInfo Datatype java.io.InputStream declared twice: Once in FILE:/home/runner/work/key/key/key.core/../key.ui/examples/standard_key/java_dl/classpath/InputStream.java and once in URL:file:/home/runner/work/key/key/key.core/build/resources/main/de/uka/ilkd/key/java/JavaRedux/java/io/InputStream.java, Keeping one from URL:file:/home/runner/work/key/key/key.core/build/resources/main/de/uka/ilkd/key/java/JavaRedux/java/io/InputStream.java 
58697      WARN  main            d.u.i.k.j.r.KeYCrossReferenceNameInfo Datatype java.lang.System declared twice: Once in FILE:/home/runner/work/key/key/key.core/../key.ui/examples/standard_key/java_dl/classpath/System.java and once in URL:file:/home/runner/work/key/key/key.core/build/resources/main/de/uka/ilkd/key/java/JavaRedux/java/lang/System.java, Keeping one from URL:file:/home/runner/work/key/key/key.core/build/resources/main/de/uka/ilkd/key/java/JavaRedux/java/lang/System.java 
58697      WARN  main            d.u.i.k.j.r.KeYCrossReferenceNameInfo Datatype java.io.PrintStream declared twice: Once in FILE:/home/runner/work/key/key/key.core/../key.ui/examples/standard_key/java_dl/classpath/PrintStream.java and once in URL:file:/home/runner/work/key/key/key.core/build/resources/main/de/uka/ilkd/key/java/JavaRedux/java/io/PrintStream.java, Keeping one from URL:file:/home/runner/work/key/key/key.core/build/resources/main/de/uka/ilkd/key/java/JavaRedux/java/io/PrintStream.java 
58701      DEBUG main            d.u.i.k.j.r.ClassFileDeclarationBuilder Parsing: package java.io; public class Closeable { } 
58701      DEBUG main            r.s.KeYCrossReferenceSourceInfo Dynamically created class: java.io.Closeable 
60979      DEBUG main            d.u.i.k.p.i.AbstractProblemLoader Init config took 2.3s 
60999      INFO  main            d.u.i.k.p.i.AbstractProblemLoader Replaying proof break.key.proof 
61008      DEBUG main            d.u.i.k.p.i.IntermediateProofReplayer Proof replay took 7.06ms 
61009      DEBUG main            d.u.i.k.p.r.p.TestFile    ... success: reloaded. 
61011      INFO  main            d.u.i.k.p.r.p.TestFile    Now processing file /home/runner/work/key/key/key.core/../key.ui/examples/standard_key/java_dl/char.key 
61011      INFO  main            d.u.i.k.p.i.AbstractProblemLoader Loading environment from /home/runner/work/key/key/key.core/../key.ui/examples/standard_key/java_dl/char.key 
61011      DEBUG main            d.u.i.k.p.i.AbstractProblemLoader Environment load took 163.9ns 
61012      INFO  main            d.u.i.k.p.i.AbstractProblemLoader Creating init config 
63270      DEBUG main            d.u.i.k.p.i.AbstractProblemLoader Init config took 2.26s 
63285      INFO  main            d.u.i.k.p.i.AbstractProblemLoader Replaying proof char.key 
63286      DEBUG main            d.u.i.k.p.i.IntermediateProofReplayer Proof replay took 5.4ns 
63390      INFO  main            d.u.i.k.p.r.p.TestFile    ... finished proof: closed. 
63583      INFO  main            d.u.i.k.p.i.AbstractProblemLoader Loading environment from /home/runner/work/key/key/key.core/../key.ui/examples/standard_key/java_dl/char.key.proof 
63583      DEBUG main            d.u.i.k.p.i.AbstractProblemLoader Environment load took 106.1ns 
63584      INFO  main            d.u.i.k.p.i.AbstractProblemLoader Creating init config 
65877      DEBUG main            d.u.i.k.p.i.AbstractProblemLoader Init config took 2.29s 
65892      INFO  main            d.u.i.k.p.i.AbstractProblemLoader Replaying proof char.key.proof 
65897      DEBUG main            d.u.i.k.p.i.IntermediateProofReplayer Proof replay took 2.38ms 
65897      DEBUG main            d.u.i.k.p.r.p.TestFile    ... success: reloaded. 
65898      INFO  main            d.u.i.k.p.r.p.TestFile    Now processing file /home/runner/work/key/key/key.core/../key.ui/examples/standard_key/java_dl/compileTimeConstants.key 
65898      INFO  main            d.u.i.k.p.i.AbstractProblemLoader Loading environment from /home/runner/work/key/key/key.core/../key.ui/examples/standard_key/java_dl/compileTimeConstants.key 
65899      DEBUG main            d.u.i.k.p.i.AbstractProblemLoader Environment load took 181ns 
65900      INFO  main            d.u.i.k.p.i.AbstractProblemLoader Creating init config 
68189      DEBUG main            d.u.i.k.p.i.AbstractProblemLoader Init config took 2.29s 
68207      INFO  main            d.u.i.k.p.i.AbstractProblemLoader Replaying proof compileTimeConstants.key 
68208      DEBUG main            d.u.i.k.p.i.IntermediateProofReplayer Proof replay took 5.3ns 
68310      INFO  main            d.u.i.k.p.r.p.TestFile    ... finished proof: closed. 
68531      INFO  main            d.u.i.k.p.i.AbstractProblemLoader Loading environment from /home/runner/work/key/key/key.core/../key.ui/examples/standard_key/java_dl/compileTimeConstants.key.proof 
68531      DEBUG main            d.u.i.k.p.i.AbstractProblemLoader Environment load took 100.3ns 
68532      INFO  main            d.u.i.k.p.i.AbstractProblemLoader Creating init config 
70831      DEBUG main            d.u.i.k.p.i.AbstractProblemLoader Init config took 2.3s 
70845      INFO  main            d.u.i.k.p.i.AbstractProblemLoader Replaying proof compileTimeConstants.key.proof 
70861      DEBUG main            d.u.i.k.p.i.IntermediateProofReplayer Proof replay took 9.71ms 
70862      DEBUG main            d.u.i.k.p.r.p.TestFile    ... success: reloaded. 
70862      INFO  main            d.u.i.k.p.r.p.TestFile    Now processing file /home/runner/work/key/key/key.core/../key.ui/examples/standard_key/java_dl/constructorException/test.key 
70863      INFO  main            d.u.i.k.p.i.AbstractProblemLoader Loading environment from /home/runner/work/key/key/key.core/../key.ui/examples/standard_key/java_dl/constructorException/test.key 
70863      DEBUG main            d.u.i.k.p.i.AbstractProblemLoader Environment load took 77ns 
70863      INFO  main            d.u.i.k.p.i.AbstractProblemLoader Creating init config 
73224      DEBUG main            d.u.i.k.p.i.AbstractProblemLoader Init config took 2.36s 
73280      INFO  main            d.u.i.k.p.i.AbstractProblemLoader Replaying proof Test[Test::Test(int)].JML operation contract.0 
73281      DEBUG main            d.u.i.k.p.i.IntermediateProofReplayer Proof replay took 5ns 
73486      INFO  main            d.u.i.k.p.r.p.TestFile    ... finished proof: closed. 
73687      INFO  main            d.u.i.k.p.i.AbstractProblemLoader Loading environment from /home/runner/work/key/key/key.core/../key.ui/examples/standard_key/java_dl/constructorException/test.key.proof 
73687      DEBUG main            d.u.i.k.p.i.AbstractProblemLoader Environment load took 101.4ns 
73688      INFO  main            d.u.i.k.p.i.AbstractProblemLoader Creating init config 
75997      DEBUG main            d.u.i.k.p.i.AbstractProblemLoader Init config took 2.31s 
76048      INFO  main            d.u.i.k.p.i.AbstractProblemLoader Replaying proof Test[Test::Test(int)].JML operation contract.0 
76096      DEBUG main            d.u.i.k.p.i.IntermediateProofReplayer Proof replay took 45.63ms 
76103      DEBUG main            d.u.i.k.p.r.p.TestFile    ... success: reloaded. 
76108      INFO  main            d.u.i.k.p.r.p.TestFile    Now processing file /home/runner/work/key/key/key.core/../key.ui/examples/standard_key/java_dl/constructorException/regressionTestBug1333.key 
76108      INFO  main            d.u.i.k.p.i.AbstractProblemLoader Loading environment from /home/runner/work/key/key/key.core/../key.ui/examples/standard_key/java_dl/constructorException/regressionTestBug1333.key 
76108      DEBUG main            d.u.i.k.p.i.AbstractProblemLoader Environment load took 168.8ns 
76110      INFO  main            d.u.i.k.p.i.AbstractProblemLoader Creating init config 
78426      DEBUG main            d.u.i.k.p.i.AbstractProblemLoader Init config took 2.32s 
78462      INFO  main            d.u.i.k.p.i.AbstractProblemLoader Replaying proof False[False::False()].JML normal_behavior operation contract.0 
78464      DEBUG main            d.u.i.k.p.i.IntermediateProofReplayer Proof replay took 5.5ns 
78571      INFO  main            d.u.i.k.p.r.p.TestFile    ... finished proof: open goal(s) 
78786      INFO  main            d.u.i.k.p.r.p.TestFile    Now processing file /home/runner/work/key/key/key.core/../key.ui/examples/standard_key/java_dl/continue1.key 
78786      INFO  main            d.u.i.k.p.i.AbstractProblemLoader Loading environment from /home/runner/work/key/key/key.core/../key.ui/examples/standard_key/java_dl/continue1.key 
78786      DEBUG main            d.u.i.k.p.i.AbstractProblemLoader Environment load took 87.2ns 
78787      INFO  main            d.u.i.k.p.i.AbstractProblemLoader Creating init config 
78806      WARN  main            d.u.i.k.j.r.KeYCrossReferenceNameInfo Datatype java.io.InputStream declared twice: Once in FILE:/home/runner/work/key/key/key.core/../key.ui/examples/standard_key/java_dl/classpath/InputStream.java and once in URL:file:/home/runner/work/key/key/key.core/build/resources/main/de/uka/ilkd/key/java/JavaRedux/java/io/InputStream.java, Keeping one from URL:file:/home/runner/work/key/key/key.core/build/resources/main/de/uka/ilkd/key/java/JavaRedux/java/io/InputStream.java 
78806      WARN  main            d.u.i.k.j.r.KeYCrossReferenceNameInfo Datatype java.lang.System declared twice: Once in FILE:/home/runner/work/key/key/key.core/../key.ui/examples/standard_key/java_dl/classpath/System.java and once in URL:file:/home/runner/work/key/key/key.core/build/resources/main/de/uka/ilkd/key/java/JavaRedux/java/lang/System.java, Keeping one from URL:file:/home/runner/work/key/key/key.core/build/resources/main/de/uka/ilkd/key/java/JavaRedux/java/lang/System.java 
78806      WARN  main            d.u.i.k.j.r.KeYCrossReferenceNameInfo Datatype java.io.PrintStream declared twice: Once in FILE:/home/runner/work/key/key/key.core/../key.ui/examples/standard_key/java_dl/classpath/PrintStream.java and once in URL:file:/home/runner/work/key/key/key.core/build/resources/main/de/uka/ilkd/key/java/JavaRedux/java/io/PrintStream.java, Keeping one from URL:file:/home/runner/work/key/key/key.core/build/resources/main/de/uka/ilkd/key/java/JavaRedux/java/io/PrintStream.java 
78809      DEBUG main            d.u.i.k.j.r.ClassFileDeclarationBuilder Parsing: package java.io; public class Closeable { } 
78810      DEBUG main            r.s.KeYCrossReferenceSourceInfo Dynamically created class: java.io.Closeable 
81139      DEBUG main            d.u.i.k.p.i.AbstractProblemLoader Init config took 2.35s 
81153      INFO  main            d.u.i.k.p.i.AbstractProblemLoader Replaying proof continue1.key 
81155      DEBUG main            d.u.i.k.p.i.IntermediateProofReplayer Proof replay took 5.6ns 
81258      INFO  main            d.u.i.k.p.r.p.TestFile    ... finished proof: closed. 
81437      INFO  main            d.u.i.k.p.i.AbstractProblemLoader Loading environment from /home/runner/work/key/key/key.core/../key.ui/examples/standard_key/java_dl/continue1.key.proof 
81437      DEBUG main            d.u.i.k.p.i.AbstractProblemLoader Environment load took 103.2ns 
81438      INFO  main            d.u.i.k.p.i.AbstractProblemLoader Creating init config 
81460      WARN  main            d.u.i.k.j.r.KeYCrossReferenceNameInfo Datatype java.io.InputStream declared twice: Once in FILE:/home/runner/work/key/key/key.core/../key.ui/examples/standard_key/java_dl/classpath/InputStream.java and once in URL:file:/home/runner/work/key/key/key.core/build/resources/main/de/uka/ilkd/key/java/JavaRedux/java/io/InputStream.java, Keeping one from URL:file:/home/runner/work/key/key/key.core/build/resources/main/de/uka/ilkd/key/java/JavaRedux/java/io/InputStream.java 
81460      WARN  main            d.u.i.k.j.r.KeYCrossReferenceNameInfo Datatype java.lang.System declared twice: Once in FILE:/home/runner/work/key/key/key.core/../key.ui/examples/standard_key/java_dl/classpath/System.java and once in URL:file:/home/runner/work/key/key/key.core/build/resources/main/de/uka/ilkd/key/java/JavaRedux/java/lang/System.java, Keeping one from URL:file:/home/runner/work/key/key/key.core/build/resources/main/de/uka/ilkd/key/java/JavaRedux/java/lang/System.java 
81460      WARN  main            d.u.i.k.j.r.KeYCrossReferenceNameInfo Datatype java.io.PrintStream declared twice: Once in FILE:/home/runner/work/key/key/key.core/../key.ui/examples/standard_key/java_dl/classpath/PrintStream.java and once in URL:file:/home/runner/work/key/key/key.core/build/resources/main/de/uka/ilkd/key/java/JavaRedux/java/io/PrintStream.java, Keeping one from URL:file:/home/runner/work/key/key/key.core/build/resources/main/de/uka/ilkd/key/java/JavaRedux/java/io/PrintStream.java 
81463      DEBUG main            d.u.i.k.j.r.ClassFileDeclarationBuilder Parsing: package java.io; public class Closeable { } 
81463      DEBUG main            r.s.KeYCrossReferenceSourceInfo Dynamically created class: java.io.Closeable 
83690      DEBUG main            d.u.i.k.p.i.AbstractProblemLoader Init config took 2.25s 
83708      INFO  main            d.u.i.k.p.i.AbstractProblemLoader Replaying proof continue1.key.proof 
83751      DEBUG main            d.u.i.k.p.i.IntermediateProofReplayer Proof replay took 38.82ms 
83753      DEBUG main            d.u.i.k.p.r.p.TestFile    ... success: reloaded. 
83756      INFO  main            d.u.i.k.p.r.p.TestFile    Now processing file /home/runner/work/key/key/key.core/../key.ui/examples/standard_key/java_dl/continue2.key 
83757      INFO  main            d.u.i.k.p.i.AbstractProblemLoader Loading environment from /home/runner/work/key/key/key.core/../key.ui/examples/standard_key/java_dl/continue2.key 
83758      DEBUG main            d.u.i.k.p.i.AbstractProblemLoader Environment load took 1.12ms 
83759      INFO  main            d.u.i.k.p.i.AbstractProblemLoader Creating init config 
83778      WARN  main            d.u.i.k.j.r.KeYCrossReferenceNameInfo Datatype java.io.InputStream declared twice: Once in FILE:/home/runner/work/key/key/key.core/../key.ui/examples/standard_key/java_dl/classpath/InputStream.java and once in URL:file:/home/runner/work/key/key/key.core/build/resources/main/de/uka/ilkd/key/java/JavaRedux/java/io/InputStream.java, Keeping one from URL:file:/home/runner/work/key/key/key.core/build/resources/main/de/uka/ilkd/key/java/JavaRedux/java/io/InputStream.java 
83778      WARN  main            d.u.i.k.j.r.KeYCrossReferenceNameInfo Datatype java.lang.System declared twice: Once in FILE:/home/runner/work/key/key/key.core/../key.ui/examples/standard_key/java_dl/classpath/System.java and once in URL:file:/home/runner/work/key/key/key.core/build/resources/main/de/uka/ilkd/key/java/JavaRedux/java/lang/System.java, Keeping one from URL:file:/home/runner/work/key/key/key.core/build/resources/main/de/uka/ilkd/key/java/JavaRedux/java/lang/System.java 
83778      WARN  main            d.u.i.k.j.r.KeYCrossReferenceNameInfo Datatype java.io.PrintStream declared twice: Once in FILE:/home/runner/work/key/key/key.core/../key.ui/examples/standard_key/java_dl/classpath/PrintStream.java and once in URL:file:/home/runner/work/key/key/key.core/build/resources/main/de/uka/ilkd/key/java/JavaRedux/java/io/PrintStream.java, Keeping one from URL:file:/home/runner/work/key/key/key.core/build/resources/main/de/uka/ilkd/key/java/JavaRedux/java/io/PrintStream.java 
83781      DEBUG main            d.u.i.k.j.r.ClassFileDeclarationBuilder Parsing: package java.io; public class Closeable { } 
83782      DEBUG main            r.s.KeYCrossReferenceSourceInfo Dynamically created class: java.io.Closeable 
86066      DEBUG main            d.u.i.k.p.i.AbstractProblemLoader Init config took 2.31s 
86080      INFO  main            d.u.i.k.p.i.AbstractProblemLoader Replaying proof continue2.key 
86081      DEBUG main            d.u.i.k.p.i.IntermediateProofReplayer Proof replay took 6ns 
86384      INFO  main            d.u.i.k.p.r.p.TestFile    ... finished proof: closed. 
86585      INFO  main            d.u.i.k.p.i.AbstractProblemLoader Loading environment from /home/runner/work/key/key/key.core/../key.ui/examples/standard_key/java_dl/continue2.key.proof 
86585      DEBUG main            d.u.i.k.p.i.AbstractProblemLoader Environment load took 92.3ns 
86587      INFO  main            d.u.i.k.p.i.AbstractProblemLoader Creating init config 
86606      WARN  main            d.u.i.k.j.r.KeYCrossReferenceNameInfo Datatype java.io.InputStream declared twice: Once in FILE:/home/runner/work/key/key/key.core/../key.ui/examples/standard_key/java_dl/classpath/InputStream.java and once in URL:file:/home/runner/work/key/key/key.core/build/resources/main/de/uka/ilkd/key/java/JavaRedux/java/io/InputStream.java, Keeping one from URL:file:/home/runner/work/key/key/key.core/build/resources/main/de/uka/ilkd/key/java/JavaRedux/java/io/InputStream.java 
86613      WARN  main            d.u.i.k.j.r.KeYCrossReferenceNameInfo Datatype java.lang.System declared twice: Once in FILE:/home/runner/work/key/key/key.core/../key.ui/examples/standard_key/java_dl/classpath/System.java and once in URL:file:/home/runner/work/key/key/key.core/build/resources/main/de/uka/ilkd/key/java/JavaRedux/java/lang/System.java, Keeping one from URL:file:/home/runner/work/key/key/key.core/build/resources/main/de/uka/ilkd/key/java/JavaRedux/java/lang/System.java 
86613      WARN  main            d.u.i.k.j.r.KeYCrossReferenceNameInfo Datatype java.io.PrintStream declared twice: Once in FILE:/home/runner/work/key/key/key.core/../key.ui/examples/standard_key/java_dl/classpath/PrintStream.java and once in URL:file:/home/runner/work/key/key/key.core/build/resources/main/de/uka/ilkd/key/java/JavaRedux/java/io/PrintStream.java, Keeping one from URL:file:/home/runner/work/key/key/key.core/build/resources/main/de/uka/ilkd/key/java/JavaRedux/java/io/PrintStream.java 
86618      DEBUG main            d.u.i.k.j.r.ClassFileDeclarationBuilder Parsing: package java.io; public class Closeable { } 
86625      DEBUG main            r.s.KeYCrossReferenceSourceInfo Dynamically created class: java.io.Closeable 
88854      DEBUG main            d.u.i.k.p.i.AbstractProblemLoader Init config took 2.27s 
88867      INFO  main            d.u.i.k.p.i.AbstractProblemLoader Replaying proof continue2.key.proof 
88931      DEBUG main            d.u.i.k.p.i.IntermediateProofReplayer Proof replay took 60.9ms 
88932      DEBUG main            d.u.i.k.p.r.p.TestFile    ... success: reloaded. 
88933      INFO  main            d.u.i.k.p.r.p.TestFile    Now processing file /home/runner/work/key/key/key.core/../key.ui/examples/standard_key/java_dl/complexAssignment.key 
88933      INFO  main            d.u.i.k.p.i.AbstractProblemLoader Loading environment from /home/runner/work/key/key/key.core/../key.ui/examples/standard_key/java_dl/complexAssignment.key 
88933      DEBUG main            d.u.i.k.p.i.AbstractProblemLoader Environment load took 68.9ns 
88934      INFO  main            d.u.i.k.p.i.AbstractProblemLoader Creating init config 
91215      DEBUG main            d.u.i.k.p.i.AbstractProblemLoader Init config took 2.28s 
91229      INFO  main            d.u.i.k.p.i.AbstractProblemLoader Replaying proof complexAssignment.key 
91230      DEBUG main            d.u.i.k.p.i.IntermediateProofReplayer Proof replay took 5.9ns 
91334      INFO  main            d.u.i.k.p.r.p.TestFile    ... finished proof: closed. 
91563      INFO  main            d.u.i.k.p.i.AbstractProblemLoader Loading environment from /home/runner/work/key/key/key.core/../key.ui/examples/standard_key/java_dl/complexAssignment.key.proof 
91563      DEBUG main            d.u.i.k.p.i.AbstractProblemLoader Environment load took 92ns 
91564      INFO  main            d.u.i.k.p.i.AbstractProblemLoader Creating init config 
93799      DEBUG main            d.u.i.k.p.i.AbstractProblemLoader Init config took 2.23s 
93812      INFO  main            d.u.i.k.p.i.AbstractProblemLoader Replaying proof complexAssignment.key.proof 
93820      DEBUG main            d.u.i.k.p.i.IntermediateProofReplayer Proof replay took 5.93ms 
93821      DEBUG main            d.u.i.k.p.r.p.TestFile    ... success: reloaded. 
93821      INFO  main            d.u.i.k.p.r.p.TestFile    Now processing file /home/runner/work/key/key/key.core/../key.ui/examples/standard_key/java_dl/danglingElseSolution1.key 
93821      INFO  main            d.u.i.k.p.i.AbstractProblemLoader Loading environment from /home/runner/work/key/key/key.core/../key.ui/examples/standard_key/java_dl/danglingElseSolution1.key 
93821      DEBUG main            d.u.i.k.p.i.AbstractProblemLoader Environment load took 72.1ns 
93822      INFO  main            d.u.i.k.p.i.AbstractProblemLoader Creating init config 
96035      DEBUG main            d.u.i.k.p.i.AbstractProblemLoader Init config took 2.21s 
96050      INFO  main            d.u.i.k.p.i.AbstractProblemLoader Replaying proof danglingElseSolution1.key 
96057      DEBUG main            d.u.i.k.p.i.IntermediateProofReplayer Proof replay took 6.2ns 
96158      INFO  main            d.u.i.k.p.r.p.TestFile    ... finished proof: closed. 
96374      INFO  main            d.u.i.k.p.i.AbstractProblemLoader Loading environment from /home/runner/work/key/key/key.core/../key.ui/examples/standard_key/java_dl/danglingElseSolution1.key.proof 
96374      DEBUG main            d.u.i.k.p.i.AbstractProblemLoader Environment load took 95.2ns 
96375      INFO  main            d.u.i.k.p.i.AbstractProblemLoader Creating init config 
98580      DEBUG main            d.u.i.k.p.i.AbstractProblemLoader Init config took 2.2s 
98593      INFO  main            d.u.i.k.p.i.AbstractProblemLoader Replaying proof danglingElseSolution1.key.proof 
98603      DEBUG main            d.u.i.k.p.i.IntermediateProofReplayer Proof replay took 7.4ms 
98604      DEBUG main            d.u.i.k.p.r.p.TestFile    ... success: reloaded. 
98604      INFO  main            d.u.i.k.p.r.p.TestFile    Now processing file /home/runner/work/key/key/key.core/../key.ui/examples/standard_key/java_dl/danglingElseSolution2.key 
98604      INFO  main            d.u.i.k.p.i.AbstractProblemLoader Loading environment from /home/runner/work/key/key/key.core/../key.ui/examples/standard_key/java_dl/danglingElseSolution2.key 
98605      DEBUG main            d.u.i.k.p.i.AbstractProblemLoader Environment load took 156.5ns 
98606      INFO  main            d.u.i.k.p.i.AbstractProblemLoader Creating init config 
100846     DEBUG main            d.u.i.k.p.i.AbstractProblemLoader Init config took 2.24s 
100859     INFO  main            d.u.i.k.p.i.AbstractProblemLoader Replaying proof danglingElseSolution2.key 
100860     DEBUG main            d.u.i.k.p.i.IntermediateProofReplayer Proof replay took 6ns 
100963     INFO  main            d.u.i.k.p.r.p.TestFile    ... finished proof: closed. 
101231     INFO  main            d.u.i.k.p.i.AbstractProblemLoader Loading environment from /home/runner/work/key/key/key.core/../key.ui/examples/standard_key/java_dl/danglingElseSolution2.key.proof 
101231     DEBUG main            d.u.i.k.p.i.AbstractProblemLoader Environment load took 96.7ns 
101232     INFO  main            d.u.i.k.p.i.AbstractProblemLoader Creating init config 
103419     DEBUG main            d.u.i.k.p.i.AbstractProblemLoader Init config took 2.19s 
103433     INFO  main            d.u.i.k.p.i.AbstractProblemLoader Replaying proof danglingElseSolution2.key.proof 
103442     DEBUG main            d.u.i.k.p.i.IntermediateProofReplayer Proof replay took 7.78ms 
103443     DEBUG main            d.u.i.k.p.r.p.TestFile    ... success: reloaded. 
103444     INFO  main            d.u.i.k.p.r.p.TestFile    Now processing file /home/runner/work/key/key/key.core/../key.ui/examples/standard_key/java_dl/deepNonNull/deepNonNull0.key 
103444     INFO  main            d.u.i.k.p.i.AbstractProblemLoader Loading environment from /home/runner/work/key/key/key.core/../key.ui/examples/standard_key/java_dl/deepNonNull/deepNonNull0.key 
103444     DEBUG main            d.u.i.k.p.i.AbstractProblemLoader Environment load took 74.1ns 
103445     INFO  main            d.u.i.k.p.i.AbstractProblemLoader Creating init config 
105744     DEBUG main            d.u.i.k.p.i.AbstractProblemLoader Init config took 2.3s 
105781     INFO  main            d.u.i.k.p.i.AbstractProblemLoader Replaying proof Arrays[Arrays::get()].JML operation contract.0 
105782     DEBUG main            d.u.i.k.p.i.IntermediateProofReplayer Proof replay took 5.1ns 
106006     INFO  main            d.u.i.k.p.r.p.TestFile    ... finished proof: closed. 
106222     INFO  main            d.u.i.k.p.i.AbstractProblemLoader Loading environment from /home/runner/work/key/key/key.core/../key.ui/examples/standard_key/java_dl/deepNonNull/deepNonNull0.key.proof 
106222     DEBUG main            d.u.i.k.p.i.AbstractProblemLoader Environment load took 96.9ns 
106223     INFO  main            d.u.i.k.p.i.AbstractProblemLoader Creating init config 
108500     DEBUG main            d.u.i.k.p.i.AbstractProblemLoader Init config took 2.28s 
108536     INFO  main            d.u.i.k.p.i.AbstractProblemLoader Replaying proof Arrays[Arrays::get()].JML operation contract.0 
108572     DEBUG main            d.u.i.k.p.i.IntermediateProofReplayer Proof replay took 33.72ms 
108573     DEBUG main            d.u.i.k.p.r.p.TestFile    ... success: reloaded. 
108574     INFO  main            d.u.i.k.p.r.p.TestFile    Now processing file /home/runner/work/key/key/key.core/../key.ui/examples/standard_key/java_dl/deepNonNull/deepNonNull1.key 
108574     INFO  main            d.u.i.k.p.i.AbstractProblemLoader Loading environment from /home/runner/work/key/key/key.core/../key.ui/examples/standard_key/java_dl/deepNonNull/deepNonNull1.key 
108574     DEBUG main            d.u.i.k.p.i.AbstractProblemLoader Environment load took 158.5ns 
108575     INFO  main            d.u.i.k.p.i.AbstractProblemLoader Creating init config 
110881     DEBUG main            d.u.i.k.p.i.AbstractProblemLoader Init config took 2.31s 
110915     INFO  main            d.u.i.k.p.i.AbstractProblemLoader Replaying proof Arrays[Arrays::head()].JML operation contract.0 
110916     DEBUG main            d.u.i.k.p.i.IntermediateProofReplayer Proof replay took 5.3ns 
111018     INFO  main            d.u.i.k.p.r.p.TestFile    ... finished proof: closed. 
111263     INFO  main            d.u.i.k.p.i.AbstractProblemLoader Loading environment from /home/runner/work/key/key/key.core/../key.ui/examples/standard_key/java_dl/deepNonNull/deepNonNull1.key.proof 
111263     DEBUG main            d.u.i.k.p.i.AbstractProblemLoader Environment load took 99ns 
111264     INFO  main            d.u.i.k.p.i.AbstractProblemLoader Creating init config 
113514     DEBUG main            d.u.i.k.p.i.AbstractProblemLoader Init config took 2.25s 
113547     INFO  main            d.u.i.k.p.i.AbstractProblemLoader Replaying proof Arrays[Arrays::head()].JML operation contract.0 
113570     DEBUG main            d.u.i.k.p.i.IntermediateProofReplayer Proof replay took 20.11ms 
113578     DEBUG main            d.u.i.k.p.r.p.TestFile    ... success: reloaded. 
113578     INFO  main            d.u.i.k.p.r.p.TestFile    Now processing file /home/runner/work/key/key/key.core/../key.ui/examples/standard_key/java_dl/deepNonNull/deepNonNull2.key 
113585     INFO  main            d.u.i.k.p.i.AbstractProblemLoader Loading environment from /home/runner/work/key/key/key.core/../key.ui/examples/standard_key/java_dl/deepNonNull/deepNonNull2.key 
113585     DEBUG main            d.u.i.k.p.i.AbstractProblemLoader Environment load took 181.4ns 
113586     INFO  main            d.u.i.k.p.i.AbstractProblemLoader Creating init config 
115950     DEBUG main            d.u.i.k.p.i.AbstractProblemLoader Init config took 2.36s 
115982     INFO  main            d.u.i.k.p.i.AbstractProblemLoader Replaying proof Arrays[Arrays::unprovable(java.lang.Object)].JML operation contract.0 
115983     DEBUG main            d.u.i.k.p.i.IntermediateProofReplayer Proof replay took 5.8ns 
116088     INFO  main            d.u.i.k.p.r.p.TestFile    ... finished proof: open goal(s) 
116318     INFO  main            d.u.i.k.p.r.p.TestFile    Now processing file /home/runner/work/key/key/key.core/../key.ui/examples/standard_key/java_dl/deepNonNull/deepNonNull3.key 
116318     INFO  main            d.u.i.k.p.i.AbstractProblemLoader Loading environment from /home/runner/work/key/key/key.core/../key.ui/examples/standard_key/java_dl/deepNonNull/deepNonNull3.key 
116318     DEBUG main            d.u.i.k.p.i.AbstractProblemLoader Environment load took 51.4ns 
116319     INFO  main            d.u.i.k.p.i.AbstractProblemLoader Creating init config 
118594     DEBUG main            d.u.i.k.p.i.AbstractProblemLoader Init config took 2.27s 
118627     INFO  main            d.u.i.k.p.i.AbstractProblemLoader Replaying proof Arrays[Arrays::head([[[[Ljava.lang.Object)].JML operation contract.0 
118628     DEBUG main            d.u.i.k.p.i.IntermediateProofReplayer Proof replay took 6.2ns 
119436     INFO  main            d.u.i.k.p.r.p.TestFile    ... finished proof: closed. 
119679     INFO  main            d.u.i.k.p.i.AbstractProblemLoader Loading environment from /home/runner/work/key/key/key.core/../key.ui/examples/standard_key/java_dl/deepNonNull/deepNonNull3.key.proof 
119679     DEBUG main            d.u.i.k.p.i.AbstractProblemLoader Environment load took 344.8ns 
119680     INFO  main            d.u.i.k.p.i.AbstractProblemLoader Creating init config 
121930     DEBUG main            d.u.i.k.p.i.AbstractProblemLoader Init config took 2.25s 
121962     INFO  main            d.u.i.k.p.i.AbstractProblemLoader Replaying proof Arrays[Arrays::head([[[[Ljava.lang.Object)].JML operation contract.0 
122058     DEBUG main            d.u.i.k.p.i.IntermediateProofReplayer Proof replay took 90.2ms 
122059     DEBUG main            d.u.i.k.p.r.p.TestFile    ... success: reloaded. 
122059     INFO  main            d.u.i.k.p.r.p.TestFile    Now processing file /home/runner/work/key/key/key.core/../key.ui/examples/standard_key/java_dl/exceptions.key 
122060     INFO  main            d.u.i.k.p.i.AbstractProblemLoader Loading environment from /home/runner/work/key/key/key.core/../key.ui/examples/standard_key/java_dl/exceptions.key 
122060     DEBUG main            d.u.i.k.p.i.AbstractProblemLoader Environment load took 84.3ns 
122060     INFO  main            d.u.i.k.p.i.AbstractProblemLoader Creating init config 
122091     WARN  main            d.u.i.k.j.r.KeYCrossReferenceNameInfo Datatype java.io.InputStream declared twice: Once in FILE:/home/runner/work/key/key/key.core/../key.ui/examples/standard_key/java_dl/classpath/InputStream.java and once in URL:file:/home/runner/work/key/key/key.core/build/resources/main/de/uka/ilkd/key/java/JavaRedux/java/io/InputStream.java, Keeping one from URL:file:/home/runner/work/key/key/key.core/build/resources/main/de/uka/ilkd/key/java/JavaRedux/java/io/InputStream.java 
122091     WARN  main            d.u.i.k.j.r.KeYCrossReferenceNameInfo Datatype java.lang.System declared twice: Once in FILE:/home/runner/work/key/key/key.core/../key.ui/examples/standard_key/java_dl/classpath/System.java and once in URL:file:/home/runner/work/key/key/key.core/build/resources/main/de/uka/ilkd/key/java/JavaRedux/java/lang/System.java, Keeping one from URL:file:/home/runner/work/key/key/key.core/build/resources/main/de/uka/ilkd/key/java/JavaRedux/java/lang/System.java 
122097     WARN  main            d.u.i.k.j.r.KeYCrossReferenceNameInfo Datatype java.io.PrintStream declared twice: Once in FILE:/home/runner/work/key/key/key.core/../key.ui/examples/standard_key/java_dl/classpath/PrintStream.java and once in URL:file:/home/runner/work/key/key/key.core/build/resources/main/de/uka/ilkd/key/java/JavaRedux/java/io/PrintStream.java, Keeping one from URL:file:/home/runner/work/key/key/key.core/build/resources/main/de/uka/ilkd/key/java/JavaRedux/java/io/PrintStream.java 
122100     DEBUG main            d.u.i.k.j.r.ClassFileDeclarationBuilder Parsing: package java.io; public class Closeable { } 
122100     DEBUG main            r.s.KeYCrossReferenceSourceInfo Dynamically created class: java.io.Closeable 
124351     DEBUG main            d.u.i.k.p.i.AbstractProblemLoader Init config took 2.29s 
124364     INFO  main            d.u.i.k.p.i.AbstractProblemLoader Replaying proof exceptions.key 
124365     DEBUG main            d.u.i.k.p.i.IntermediateProofReplayer Proof replay took 17.3ns 
124567     INFO  main            d.u.i.k.p.r.p.TestFile    ... finished proof: closed. 
124806     INFO  main            d.u.i.k.p.i.AbstractProblemLoader Loading environment from /home/runner/work/key/key/key.core/../key.ui/examples/standard_key/java_dl/exceptions.key.proof 
124806     DEBUG main            d.u.i.k.p.i.AbstractProblemLoader Environment load took 80ns 
124807     INFO  main            d.u.i.k.p.i.AbstractProblemLoader Creating init config 
124826     WARN  main            d.u.i.k.j.r.KeYCrossReferenceNameInfo Datatype java.io.InputStream declared twice: Once in FILE:/home/runner/work/key/key/key.core/../key.ui/examples/standard_key/java_dl/classpath/InputStream.java and once in URL:file:/home/runner/work/key/key/key.core/build/resources/main/de/uka/ilkd/key/java/JavaRedux/java/io/InputStream.java, Keeping one from URL:file:/home/runner/work/key/key/key.core/build/resources/main/de/uka/ilkd/key/java/JavaRedux/java/io/InputStream.java 
124826     WARN  main            d.u.i.k.j.r.KeYCrossReferenceNameInfo Datatype java.lang.System declared twice: Once in FILE:/home/runner/work/key/key/key.core/../key.ui/examples/standard_key/java_dl/classpath/System.java and once in URL:file:/home/runner/work/key/key/key.core/build/resources/main/de/uka/ilkd/key/java/JavaRedux/java/lang/System.java, Keeping one from URL:file:/home/runner/work/key/key/key.core/build/resources/main/de/uka/ilkd/key/java/JavaRedux/java/lang/System.java 
124826     WARN  main            d.u.i.k.j.r.KeYCrossReferenceNameInfo Datatype java.io.PrintStream declared twice: Once in FILE:/home/runner/work/key/key/key.core/../key.ui/examples/standard_key/java_dl/classpath/PrintStream.java and once in URL:file:/home/runner/work/key/key/key.core/build/resources/main/de/uka/ilkd/key/java/JavaRedux/java/io/PrintStream.java, Keeping one from URL:file:/home/runner/work/key/key/key.core/build/resources/main/de/uka/ilkd/key/java/JavaRedux/java/io/PrintStream.java 
124829     DEBUG main            d.u.i.k.j.r.ClassFileDeclarationBuilder Parsing: package java.io; public class Closeable { } 
124829     DEBUG main            r.s.KeYCrossReferenceSourceInfo Dynamically created class: java.io.Closeable 
127041     DEBUG main            d.u.i.k.p.i.AbstractProblemLoader Init config took 2.23s 
127054     INFO  main            d.u.i.k.p.i.AbstractProblemLoader Replaying proof exceptions.key.proof 
127090     DEBUG main            d.u.i.k.p.i.IntermediateProofReplayer Proof replay took 33.53ms 
127091     DEBUG main            d.u.i.k.p.r.p.TestFile    ... success: reloaded. 
127092     INFO  main            d.u.i.k.p.r.p.TestFile    Now processing file /home/runner/work/key/key/key.core/../key.ui/examples/standard_key/java_dl/exceptions1.key 
127092     INFO  main            d.u.i.k.p.i.AbstractProblemLoader Loading environment from /home/runner/work/key/key/key.core/../key.ui/examples/standard_key/java_dl/exceptions1.key 
127092     DEBUG main            d.u.i.k.p.i.AbstractProblemLoader Environment load took 58.7ns 
127093     INFO  main            d.u.i.k.p.i.AbstractProblemLoader Creating init config 
129329     DEBUG main            d.u.i.k.p.i.AbstractProblemLoader Init config took 2.24s 
129343     INFO  main            d.u.i.k.p.i.AbstractProblemLoader Replaying proof exceptions1.key 
129345     DEBUG main            d.u.i.k.p.i.IntermediateProofReplayer Proof replay took 6.2ns 
129449     INFO  main            d.u.i.k.p.r.p.TestFile    ... finished proof: closed. 
129698     INFO  main            d.u.i.k.p.i.AbstractProblemLoader Loading environment from /home/runner/work/key/key/key.core/../key.ui/examples/standard_key/java_dl/exceptions1.key.proof 
129698     DEBUG main            d.u.i.k.p.i.AbstractProblemLoader Environment load took 90.1ns 
129699     INFO  main            d.u.i.k.p.i.AbstractProblemLoader Creating init config 
131880     DEBUG main            d.u.i.k.p.i.AbstractProblemLoader Init config took 2.18s 
131893     INFO  main            d.u.i.k.p.i.AbstractProblemLoader Replaying proof exceptions1.key.proof 
131920     DEBUG main            d.u.i.k.p.i.IntermediateProofReplayer Proof replay took 24.32ms 
131921     DEBUG main            d.u.i.k.p.r.p.TestFile    ... success: reloaded. 
131922     INFO  main            d.u.i.k.p.r.p.TestFile    Now processing file /home/runner/work/key/key/key.core/../key.ui/examples/standard_key/java_dl/exceptions2.key 
131922     INFO  main            d.u.i.k.p.i.AbstractProblemLoader Loading environment from /home/runner/work/key/key/key.core/../key.ui/examples/standard_key/java_dl/exceptions2.key 
131922     DEBUG main            d.u.i.k.p.i.AbstractProblemLoader Environment load took 150.5ns 
131923     INFO  main            d.u.i.k.p.i.AbstractProblemLoader Creating init config 
134167     DEBUG main            d.u.i.k.p.i.AbstractProblemLoader Init config took 2.24s 
134183     INFO  main            d.u.i.k.p.i.AbstractProblemLoader Replaying proof exceptions2.key 
134185     DEBUG main            d.u.i.k.p.i.IntermediateProofReplayer Proof replay took 6ns 
134387     INFO  main            d.u.i.k.p.r.p.TestFile    ... finished proof: closed. 
134625     INFO  main            d.u.i.k.p.i.AbstractProblemLoader Loading environment from /home/runner/work/key/key/key.core/../key.ui/examples/standard_key/java_dl/exceptions2.key.proof 
134625     DEBUG main            d.u.i.k.p.i.AbstractProblemLoader Environment load took 161.5ns 
134626     INFO  main            d.u.i.k.p.i.AbstractProblemLoader Creating init config 
136827     DEBUG main            d.u.i.k.p.i.AbstractProblemLoader Init config took 2.2s 
136840     INFO  main            d.u.i.k.p.i.AbstractProblemLoader Replaying proof exceptions2.key.proof 
136868     DEBUG main            d.u.i.k.p.i.IntermediateProofReplayer Proof replay took 24.94ms 
136869     DEBUG main            d.u.i.k.p.r.p.TestFile    ... success: reloaded. 
136869     INFO  main            d.u.i.k.p.r.p.TestFile    Now processing file /home/runner/work/key/key/key.core/../key.ui/examples/standard_key/java_dl/exceptions3.key 
136870     INFO  main            d.u.i.k.p.i.AbstractProblemLoader Loading environment from /home/runner/work/key/key/key.core/../key.ui/examples/standard_key/java_dl/exceptions3.key 
136870     DEBUG main            d.u.i.k.p.i.AbstractProblemLoader Environment load took 122.6ns 
136870     INFO  main            d.u.i.k.p.i.AbstractProblemLoader Creating init config 
136889     WARN  main            d.u.i.k.j.r.KeYCrossReferenceNameInfo Datatype java.io.InputStream declared twice: Once in FILE:/home/runner/work/key/key/key.core/../key.ui/examples/standard_key/java_dl/classpath/InputStream.java and once in URL:file:/home/runner/work/key/key/key.core/build/resources/main/de/uka/ilkd/key/java/JavaRedux/java/io/InputStream.java, Keeping one from URL:file:/home/runner/work/key/key/key.core/build/resources/main/de/uka/ilkd/key/java/JavaRedux/java/io/InputStream.java 
136889     WARN  main            d.u.i.k.j.r.KeYCrossReferenceNameInfo Datatype java.lang.System declared twice: Once in FILE:/home/runner/work/key/key/key.core/../key.ui/examples/standard_key/java_dl/classpath/System.java and once in URL:file:/home/runner/work/key/key/key.core/build/resources/main/de/uka/ilkd/key/java/JavaRedux/java/lang/System.java, Keeping one from URL:file:/home/runner/work/key/key/key.core/build/resources/main/de/uka/ilkd/key/java/JavaRedux/java/lang/System.java 
136889     WARN  main            d.u.i.k.j.r.KeYCrossReferenceNameInfo Datatype java.io.PrintStream declared twice: Once in FILE:/home/runner/work/key/key/key.core/../key.ui/examples/standard_key/java_dl/classpath/PrintStream.java and once in URL:file:/home/runner/work/key/key/key.core/build/resources/main/de/uka/ilkd/key/java/JavaRedux/java/io/PrintStream.java, Keeping one from URL:file:/home/runner/work/key/key/key.core/build/resources/main/de/uka/ilkd/key/java/JavaRedux/java/io/PrintStream.java 
136892     DEBUG main            d.u.i.k.j.r.ClassFileDeclarationBuilder Parsing: package java.io; public class Closeable { } 
136892     DEBUG main            r.s.KeYCrossReferenceSourceInfo Dynamically created class: java.io.Closeable 
139133     DEBUG main            d.u.i.k.p.i.AbstractProblemLoader Init config took 2.26s 
139146     INFO  main            d.u.i.k.p.i.AbstractProblemLoader Replaying proof exceptions3.key 
139147     DEBUG main            d.u.i.k.p.i.IntermediateProofReplayer Proof replay took 6.3ns 
139250     INFO  main            d.u.i.k.p.r.p.TestFile    ... finished proof: closed. 
139505     INFO  main            d.u.i.k.p.i.AbstractProblemLoader Loading environment from /home/runner/work/key/key/key.core/../key.ui/examples/standard_key/java_dl/exceptions3.key.proof 
139505     DEBUG main            d.u.i.k.p.i.AbstractProblemLoader Environment load took 76ns 
139506     INFO  main            d.u.i.k.p.i.AbstractProblemLoader Creating init config 
139525     WARN  main            d.u.i.k.j.r.KeYCrossReferenceNameInfo Datatype java.io.InputStream declared twice: Once in FILE:/home/runner/work/key/key/key.core/../key.ui/examples/standard_key/java_dl/classpath/InputStream.java and once in URL:file:/home/runner/work/key/key/key.core/build/resources/main/de/uka/ilkd/key/java/JavaRedux/java/io/InputStream.java, Keeping one from URL:file:/home/runner/work/key/key/key.core/build/resources/main/de/uka/ilkd/key/java/JavaRedux/java/io/InputStream.java 
139525     WARN  main            d.u.i.k.j.r.KeYCrossReferenceNameInfo Datatype java.lang.System declared twice: Once in FILE:/home/runner/work/key/key/key.core/../key.ui/examples/standard_key/java_dl/classpath/System.java and once in URL:file:/home/runner/work/key/key/key.core/build/resources/main/de/uka/ilkd/key/java/JavaRedux/java/lang/System.java, Keeping one from URL:file:/home/runner/work/key/key/key.core/build/resources/main/de/uka/ilkd/key/java/JavaRedux/java/lang/System.java 
139525     WARN  main            d.u.i.k.j.r.KeYCrossReferenceNameInfo Datatype java.io.PrintStream declared twice: Once in FILE:/home/runner/work/key/key/key.core/../key.ui/examples/standard_key/java_dl/classpath/PrintStream.java and once in URL:file:/home/runner/work/key/key/key.core/build/resources/main/de/uka/ilkd/key/java/JavaRedux/java/io/PrintStream.java, Keeping one from URL:file:/home/runner/work/key/key/key.core/build/resources/main/de/uka/ilkd/key/java/JavaRedux/java/io/PrintStream.java 
139528     DEBUG main            d.u.i.k.j.r.ClassFileDeclarationBuilder Parsing: package java.io; public class Closeable { } 
139528     DEBUG main            r.s.KeYCrossReferenceSourceInfo Dynamically created class: java.io.Closeable 
141750     DEBUG main            d.u.i.k.p.i.AbstractProblemLoader Init config took 2.24s 
141763     INFO  main            d.u.i.k.p.i.AbstractProblemLoader Replaying proof exceptions3.key.proof 
141768     DEBUG main            d.u.i.k.p.i.IntermediateProofReplayer Proof replay took 3.26ms 
141768     DEBUG main            d.u.i.k.p.r.p.TestFile    ... success: reloaded. 
141769     INFO  main            d.u.i.k.p.r.p.TestFile    Now processing file /home/runner/work/key/key/key.core/../key.ui/examples/standard_key/java_dl/exchange.key 
141769     INFO  main            d.u.i.k.p.i.AbstractProblemLoader Loading environment from /home/runner/work/key/key/key.core/../key.ui/examples/standard_key/java_dl/exchange.key 
141769     DEBUG main            d.u.i.k.p.i.AbstractProblemLoader Environment load took 45.4ns 
141770     INFO  main            d.u.i.k.p.i.AbstractProblemLoader Creating init config 
143993     DEBUG main            d.u.i.k.p.i.AbstractProblemLoader Init config took 2.22s 
144006     INFO  main            d.u.i.k.p.i.AbstractProblemLoader Replaying proof exchange.key 
144008     DEBUG main            d.u.i.k.p.i.IntermediateProofReplayer Proof replay took 6.1ns 
144109     INFO  main            d.u.i.k.p.r.p.TestFile    ... finished proof: closed. 
144364     INFO  main            d.u.i.k.p.i.AbstractProblemLoader Loading environment from /home/runner/work/key/key/key.core/../key.ui/examples/standard_key/java_dl/exchange.key.proof 
144364     DEBUG main            d.u.i.k.p.i.AbstractProblemLoader Environment load took 81.6ns 
144365     INFO  main            d.u.i.k.p.i.AbstractProblemLoader Creating init config 
146536     DEBUG main            d.u.i.k.p.i.AbstractProblemLoader Init config took 2.17s 
146549     INFO  main            d.u.i.k.p.i.AbstractProblemLoader Replaying proof exchange.key.proof 
146553     DEBUG main            d.u.i.k.p.i.IntermediateProofReplayer Proof replay took 2.44ms 
146553     DEBUG main            d.u.i.k.p.r.p.TestFile    ... success: reloaded. 
146554     INFO  main            d.u.i.k.p.r.p.TestFile    Now processing file /home/runner/work/key/key/key.core/../key.ui/examples/standard_key/java_dl/if.key 
146554     INFO  main            d.u.i.k.p.i.AbstractProblemLoader Loading environment from /home/runner/work/key/key/key.core/../key.ui/examples/standard_key/java_dl/if.key 
146554     DEBUG main            d.u.i.k.p.i.AbstractProblemLoader Environment load took 65ns 
146555     INFO  main            d.u.i.k.p.i.AbstractProblemLoader Creating init config 
148790     DEBUG main            d.u.i.k.p.i.AbstractProblemLoader Init config took 2.24s 
148802     INFO  main            d.u.i.k.p.i.AbstractProblemLoader Replaying proof if.key 
148803     DEBUG main            d.u.i.k.p.i.IntermediateProofReplayer Proof replay took 6.4ns 
148905     INFO  main            d.u.i.k.p.r.p.TestFile    ... finished proof: closed. 
149195     INFO  main            d.u.i.k.p.i.AbstractProblemLoader Loading environment from /home/runner/work/key/key/key.core/../key.ui/examples/standard_key/java_dl/if.key.proof 
149195     DEBUG main            d.u.i.k.p.i.AbstractProblemLoader Environment load took 78.2ns 
149196     INFO  main            d.u.i.k.p.i.AbstractProblemLoader Creating init config 
151363     DEBUG main            d.u.i.k.p.i.AbstractProblemLoader Init config took 2.17s 
151375     INFO  main            d.u.i.k.p.i.AbstractProblemLoader Replaying proof if.key.proof 
151379     DEBUG main            d.u.i.k.p.i.IntermediateProofReplayer Proof replay took 2.49ms 
151380     DEBUG main            d.u.i.k.p.r.p.TestFile    ... success: reloaded. 
151380     INFO  main            d.u.i.k.p.r.p.TestFile    Now processing file /home/runner/work/key/key/key.core/../key.ui/examples/standard_key/java_dl/incrementcounter.key 
151380     INFO  main            d.u.i.k.p.i.AbstractProblemLoader Loading environment from /home/runner/work/key/key/key.core/../key.ui/examples/standard_key/java_dl/incrementcounter.key 
151380     DEBUG main            d.u.i.k.p.i.AbstractProblemLoader Environment load took 67.3ns 
151381     INFO  main            d.u.i.k.p.i.AbstractProblemLoader Creating init config 
153593     DEBUG main            d.u.i.k.p.i.AbstractProblemLoader Init config took 2.21s 
153606     INFO  main            d.u.i.k.p.i.AbstractProblemLoader Replaying proof incrementcounter.key 
153607     DEBUG main            d.u.i.k.p.i.IntermediateProofReplayer Proof replay took 6.4ns 
153709     INFO  main            d.u.i.k.p.r.p.TestFile    ... finished proof: closed. 
153970     INFO  main            d.u.i.k.p.i.AbstractProblemLoader Loading environment from /home/runner/work/key/key/key.core/../key.ui/examples/standard_key/java_dl/incrementcounter.key.proof 
153970     DEBUG main            d.u.i.k.p.i.AbstractProblemLoader Environment load took 78.9ns 
153971     INFO  main            d.u.i.k.p.i.AbstractProblemLoader Creating init config 
156141     DEBUG main            d.u.i.k.p.i.AbstractProblemLoader Init config took 2.17s 
156153     INFO  main            d.u.i.k.p.i.AbstractProblemLoader Replaying proof incrementcounter.key.proof 
156156     DEBUG main            d.u.i.k.p.i.IntermediateProofReplayer Proof replay took 1.62ms 
156157     DEBUG main            d.u.i.k.p.r.p.TestFile    ... success: reloaded. 
156157     INFO  main            d.u.i.k.p.r.p.TestFile    Now processing file /home/runner/work/key/key/key.core/../key.ui/examples/standard_key/java_dl/danglingElse.key 
156158     INFO  main            d.u.i.k.p.i.AbstractProblemLoader Loading environment from /home/runner/work/key/key/key.core/../key.ui/examples/standard_key/java_dl/danglingElse.key 
156158     DEBUG main            d.u.i.k.p.i.AbstractProblemLoader Environment load took 45.7ns 
156160     INFO  main            d.u.i.k.p.i.AbstractProblemLoader Creating init config 
158363     DEBUG main            d.u.i.k.p.i.AbstractProblemLoader Init config took 2.2s 
158376     INFO  main            d.u.i.k.p.i.AbstractProblemLoader Replaying proof danglingElse.key 
158378     DEBUG main            d.u.i.k.p.i.IntermediateProofReplayer Proof replay took 5.8ns 
158482     INFO  main            d.u.i.k.p.r.p.TestFile    ... finished proof: open goal(s) 
158755     INFO  main            d.u.i.k.p.r.p.TestFile    Now processing file /home/runner/work/key/key/key.core/../key.ui/examples/standard_key/java_dl/iteratedAssignment.key 
158757     INFO  main            d.u.i.k.p.i.AbstractProblemLoader Loading environment from /home/runner/work/key/key/key.core/../key.ui/examples/standard_key/java_dl/iteratedAssignment.key 
158757     DEBUG main            d.u.i.k.p.i.AbstractProblemLoader Environment load took 87.9ns 
158758     INFO  main            d.u.i.k.p.i.AbstractProblemLoader Creating init config 
160934     DEBUG main            d.u.i.k.p.i.AbstractProblemLoader Init config took 2.18s 
160947     INFO  main            d.u.i.k.p.i.AbstractProblemLoader Replaying proof iteratedAssignment.key 
160949     DEBUG main            d.u.i.k.p.i.IntermediateProofReplayer Proof replay took 6.3ns 
161255     INFO  main            d.u.i.k.p.r.p.TestFile    ... finished proof: closed. 
161534     INFO  main            d.u.i.k.p.i.AbstractProblemLoader Loading environment from /home/runner/work/key/key/key.core/../key.ui/examples/standard_key/java_dl/iteratedAssignment.key.proof 
161534     DEBUG main            d.u.i.k.p.i.AbstractProblemLoader Environment load took 98.1ns 
161536     INFO  main            d.u.i.k.p.i.AbstractProblemLoader Creating init config 
163709     DEBUG main            d.u.i.k.p.i.AbstractProblemLoader Init config took 2.17s 
163723     INFO  main            d.u.i.k.p.i.AbstractProblemLoader Replaying proof iteratedAssignment.key.proof 
163781     DEBUG main            d.u.i.k.p.i.IntermediateProofReplayer Proof replay took 55.42ms 
163784     DEBUG main            d.u.i.k.p.r.p.TestFile    ... success: reloaded. 
163785     INFO  main            d.u.i.k.p.r.p.TestFile    Now processing file /home/runner/work/key/key/key.core/../key.ui/examples/standard_key/java_dl/assert/assert1.key 
163785     INFO  main            d.u.i.k.p.i.AbstractProblemLoader Loading environment from /home/runner/work/key/key/key.core/../key.ui/examples/standard_key/java_dl/assert/assert1.key 
163786     DEBUG main            d.u.i.k.p.i.AbstractProblemLoader Environment load took 162.4ns 
163787     INFO  main            d.u.i.k.p.i.AbstractProblemLoader Creating init config 
166042     DEBUG main            d.u.i.k.p.i.AbstractProblemLoader Init config took 2.26s 
166073     INFO  main            d.u.i.k.p.i.AbstractProblemLoader Replaying proof C[C::foo()].JML normal_behavior operation contract.0 
166075     DEBUG main            d.u.i.k.p.i.IntermediateProofReplayer Proof replay took 6ns 
166276     INFO  main            d.u.i.k.p.r.p.TestFile    ... finished proof: open goal(s) 
166577     INFO  main            d.u.i.k.p.r.p.TestFile    Now processing file /home/runner/work/key/key/key.core/../key.ui/examples/standard_key/java_dl/assert/assert2.key 
166577     INFO  main            d.u.i.k.p.i.AbstractProblemLoader Loading environment from /home/runner/work/key/key/key.core/../key.ui/examples/standard_key/java_dl/assert/assert2.key 
166577     DEBUG main            d.u.i.k.p.i.AbstractProblemLoader Environment load took 47.7ns 
166578     INFO  main            d.u.i.k.p.i.AbstractProblemLoader Creating init config 
168795     DEBUG main            d.u.i.k.p.i.AbstractProblemLoader Init config took 2.22s 
168836     INFO  main            d.u.i.k.p.i.AbstractProblemLoader Replaying proof C[C::bar()].JML exceptional_behavior operation contract.0 
168837     DEBUG main            d.u.i.k.p.i.IntermediateProofReplayer Proof replay took 5.4ns 
168942     INFO  main            d.u.i.k.p.r.p.TestFile    ... finished proof: closed. 
169222     INFO  main            d.u.i.k.p.i.AbstractProblemLoader Loading environment from /home/runner/work/key/key/key.core/../key.ui/examples/standard_key/java_dl/assert/assert2.key.proof 
169222     DEBUG main            d.u.i.k.p.i.AbstractProblemLoader Environment load took 77.6ns 
169223     INFO  main            d.u.i.k.p.i.AbstractProblemLoader Creating init config 
171447     DEBUG main            d.u.i.k.p.i.AbstractProblemLoader Init config took 2.22s 
171477     INFO  main            d.u.i.k.p.i.AbstractProblemLoader Replaying proof C[C::bar()].JML exceptional_behavior operation contract.0 
171512     DEBUG main            d.u.i.k.p.i.IntermediateProofReplayer Proof replay took 32.73ms 
171513     DEBUG main            d.u.i.k.p.r.p.TestFile    ... success: reloaded. 
171514     INFO  main            d.u.i.k.p.r.p.TestFile    Now processing file /home/runner/work/key/key/key.core/../key.ui/examples/standard_key/java_dl/assert/assert3.key 
171514     INFO  main            d.u.i.k.p.i.AbstractProblemLoader Loading environment from /home/runner/work/key/key/key.core/../key.ui/examples/standard_key/java_dl/assert/assert3.key 
171514     DEBUG main            d.u.i.k.p.i.AbstractProblemLoader Environment load took 60ns 
171515     INFO  main            d.u.i.k.p.i.AbstractProblemLoader Creating init config 
173808     DEBUG main            d.u.i.k.p.i.AbstractProblemLoader Init config took 2.29s 
173843     INFO  main            d.u.i.k.p.i.AbstractProblemLoader Replaying proof C[C::foo()].JML normal_behavior operation contract.0 
173847     DEBUG main            d.u.i.k.p.i.IntermediateProofReplayer Proof replay took 5.9ns 
173949     INFO  main            d.u.i.k.p.r.p.TestFile    ... finished proof: open goal(s) 
174250     INFO  main            d.u.i.k.p.r.p.TestFile    Now processing file /home/runner/work/key/key/key.core/../key.ui/examples/standard_key/java_dl/java5/vararg.key 
174250     INFO  main            d.u.i.k.p.i.AbstractProblemLoader Loading environment from /home/runner/work/key/key/key.core/../key.ui/examples/standard_key/java_dl/java5/vararg.key 
174250     DEBUG main            d.u.i.k.p.i.AbstractProblemLoader Environment load took 49.3ns 
174251     INFO  main            d.u.i.k.p.i.AbstractProblemLoader Creating init config 
175083     DEBUG main            d.u.i.k.j.r.ClassPreparationMethodBuilder clPrepBuilder: Inner Class detected. Reject building class initialisation methods. 
176887     DEBUG main            d.u.i.k.p.i.AbstractProblemLoader Init config took 2.64s 
176911     INFO  main            d.u.i.k.p.i.AbstractProblemLoader Replaying proof vararg.key 
176912     DEBUG main            d.u.i.k.p.i.IntermediateProofReplayer Proof replay took 7ns 
177167     DEBUG Thread-101      d.u.i.k.j.d.VariableSpecification Program match. Variables have different dimension (template #v0 = #vi;, source var#17[] = new java.lang.Object[]{d1, d2};) 
177300     DEBUG Thread-101      d.u.i.k.j.d.VariableSpecification Program match. Variables have different dimension (template #v0 = #vi;, source var#24[] = new java.lang.Object[]{d1, d2};) 
177440     DEBUG Thread-101      d.u.i.k.j.d.VariableSpecification Program match. Variables have different dimension (template #v0 = #vi;, source var#33[] = new java.lang.Object[]{var_1};) 
177441     DEBUG Thread-101      d.u.i.k.j.d.VariableSpecification Program match. Variables have different dimension (template #v0 = #vi;, source var#33[] = new java.lang.Object[]{var_1};) 
177554     DEBUG Thread-101      d.u.i.k.j.d.VariableSpecification Program match. Variables have different dimension (template #v0 = #vi;, source var#39[] = new java.lang.Object[]{null, null};) 
177719     DEBUG Thread-101      d.u.i.k.j.d.VariableSpecification Program match. Variables have different dimension (template #v0 = #vi;, source var#46[] = new java.lang.Object[]{};) 
178053     INFO  main            d.u.i.k.p.r.p.TestFile    ... finished proof: closed. 
178399     INFO  main            d.u.i.k.p.i.AbstractProblemLoader Loading environment from /home/runner/work/key/key/key.core/../key.ui/examples/standard_key/java_dl/java5/vararg.key.proof 
178399     DEBUG main            d.u.i.k.p.i.AbstractProblemLoader Environment load took 86.9ns 
178400     INFO  main            d.u.i.k.p.i.AbstractProblemLoader Creating init config 
179187     DEBUG main            d.u.i.k.j.r.ClassPreparationMethodBuilder clPrepBuilder: Inner Class detected. Reject building class initialisation methods. 
180854     DEBUG main            d.u.i.k.p.i.AbstractProblemLoader Init config took 2.45s 
180875     INFO  main            d.u.i.k.p.i.AbstractProblemLoader Replaying proof vararg.key.proof 
181172     DEBUG main            d.u.i.k.p.i.IntermediateProofReplayer Proof replay took 283.94ms 
181173     DEBUG main            d.u.i.k.p.r.p.TestFile    ... success: reloaded. 
181174     INFO  main            d.u.i.k.p.r.p.TestFile    Now processing file /home/runner/work/key/key/key.core/../key.ui/examples/standard_key/java_dl/java5/for_Array.key 
181174     INFO  main            d.u.i.k.p.i.AbstractProblemLoader Loading environment from /home/runner/work/key/key/key.core/../key.ui/examples/standard_key/java_dl/java5/for_Array.key 
181174     DEBUG main            d.u.i.k.p.i.AbstractProblemLoader Environment load took 141.9ns 
181175     INFO  main            d.u.i.k.p.i.AbstractProblemLoader Creating init config 
181971     DEBUG main            d.u.i.k.j.r.ClassPreparationMethodBuilder clPrepBuilder: Inner Class detected. Reject building class initialisation methods. 
183665     DEBUG main            d.u.i.k.p.i.AbstractProblemLoader Init config took 2.49s 
183712     INFO  main            d.u.i.k.p.i.AbstractProblemLoader Replaying proof For[For::sum([I)].JML operation contract.0 
183714     DEBUG main            d.u.i.k.p.i.IntermediateProofReplayer Proof replay took 5ns 
184016     INFO  main            d.u.i.k.p.r.p.TestFile    ... finished proof: closed. 
184377     INFO  main            d.u.i.k.p.i.AbstractProblemLoader Loading environment from /home/runner/work/key/key/key.core/../key.ui/examples/standard_key/java_dl/java5/for_Array.key.proof 
184377     DEBUG main            d.u.i.k.p.i.AbstractProblemLoader Environment load took 78.9ns 
184378     INFO  main            d.u.i.k.p.i.AbstractProblemLoader Creating init config 
185147     DEBUG main            d.u.i.k.j.r.ClassPreparationMethodBuilder clPrepBuilder: Inner Class detected. Reject building class initialisation methods. 
186785     DEBUG main            d.u.i.k.p.i.AbstractProblemLoader Init config took 2.41s 
186831     INFO  main            d.u.i.k.p.i.AbstractProblemLoader Replaying proof For[For::sum([I)].JML operation contract.0 
186909     DEBUG main            d.u.i.k.p.i.IntermediateProofReplayer Proof replay took 74.44ms 
186910     DEBUG main            d.u.i.k.p.r.p.TestFile    ... success: reloaded. 
186910     INFO  main            d.u.i.k.p.r.p.TestFile    Now processing file /home/runner/work/key/key/key.core/../key.ui/examples/standard_key/java_dl/java5/for_Iterable.key 
186911     INFO  main            d.u.i.k.p.i.AbstractProblemLoader Loading environment from /home/runner/work/key/key/key.core/../key.ui/examples/standard_key/java_dl/java5/for_Iterable.key 
186911     DEBUG main            d.u.i.k.p.i.AbstractProblemLoader Environment load took 65.7ns 
186911     INFO  main            d.u.i.k.p.i.AbstractProblemLoader Creating init config 
187727     DEBUG main            d.u.i.k.j.r.ClassPreparationMethodBuilder clPrepBuilder: Inner Class detected. Reject building class initialisation methods. 
189371     DEBUG main            d.u.i.k.p.i.AbstractProblemLoader Init config took 2.46s 
189416     INFO  main            d.u.i.k.p.i.AbstractProblemLoader Replaying proof For[For::infiniteLoop(For)].JML operation contract.0 
189417     DEBUG main            d.u.i.k.p.i.IntermediateProofReplayer Proof replay took 5.5ns 
189619     INFO  main            d.u.i.k.p.r.p.TestFile    ... finished proof: closed. 
189930     INFO  main            d.u.i.k.p.i.AbstractProblemLoader Loading environment from /home/runner/work/key/key/key.core/../key.ui/examples/standard_key/java_dl/java5/for_Iterable.key.proof 
189930     DEBUG main            d.u.i.k.p.i.AbstractProblemLoader Environment load took 80.1ns 
189931     INFO  main            d.u.i.k.p.i.AbstractProblemLoader Creating init config 
190686     DEBUG main            d.u.i.k.j.r.ClassPreparationMethodBuilder clPrepBuilder: Inner Class detected. Reject building class initialisation methods. 
192298     DEBUG main            d.u.i.k.p.i.AbstractProblemLoader Init config took 2.37s 
192343     INFO  main            d.u.i.k.p.i.AbstractProblemLoader Replaying proof For[For::infiniteLoop(For)].JML operation contract.0 
192387     DEBUG main            d.u.i.k.p.i.IntermediateProofReplayer Proof replay took 41.13ms 
192387     DEBUG main            d.u.i.k.p.r.p.TestFile    ... success: reloaded. 
192388     INFO  main            d.u.i.k.p.r.p.TestFile    Now processing file /home/runner/work/key/key/key.core/../key.ui/examples/standard_key/java_dl/java5/for_ReferenceArray.key 
192388     INFO  main            d.u.i.k.p.i.AbstractProblemLoader Loading environment from /home/runner/work/key/key/key.core/../key.ui/examples/standard_key/java_dl/java5/for_ReferenceArray.key 
192388     DEBUG main            d.u.i.k.p.i.AbstractProblemLoader Environment load took 51.9ns 
192389     INFO  main            d.u.i.k.p.i.AbstractProblemLoader Creating init config 
193149     DEBUG main            d.u.i.k.j.r.ClassPreparationMethodBuilder clPrepBuilder: Inner Class detected. Reject building class initialisation methods. 
194803     DEBUG main            d.u.i.k.p.i.AbstractProblemLoader Init config took 2.41s 
194851     INFO  main            d.u.i.k.p.i.AbstractProblemLoader Replaying proof ForReferenceArray[ForReferenceArray::foo([Ljava.lang.Object)].JML operation contract.0 
194853     DEBUG main            d.u.i.k.p.i.IntermediateProofReplayer Proof replay took 6ns 
195055     INFO  main            d.u.i.k.p.r.p.TestFile    ... finished proof: closed. 
195380     INFO  main            d.u.i.k.p.i.AbstractProblemLoader Loading environment from /home/runner/work/key/key/key.core/../key.ui/examples/standard_key/java_dl/java5/for_ReferenceArray.key.proof 
195381     DEBUG main            d.u.i.k.p.i.AbstractProblemLoader Environment load took 86ns 
195382     INFO  main            d.u.i.k.p.i.AbstractProblemLoader Creating init config 
196141     DEBUG main            d.u.i.k.j.r.ClassPreparationMethodBuilder clPrepBuilder: Inner Class detected. Reject building class initialisation methods. 
197767     DEBUG main            d.u.i.k.p.i.AbstractProblemLoader Init config took 2.39s 
197823     INFO  main            d.u.i.k.p.i.AbstractProblemLoader Replaying proof ForReferenceArray[ForReferenceArray::foo([Ljava.lang.Object)].JML operation contract.0 
197873     DEBUG main            d.u.i.k.p.i.IntermediateProofReplayer Proof replay took 47.77ms 
197874     DEBUG main            d.u.i.k.p.r.p.TestFile    ... success: reloaded. 
197875     INFO  main            d.u.i.k.p.r.p.TestFile    Now processing file /home/runner/work/key/key/key.core/../key.ui/examples/standard_key/java_dl/jml-bigint/cast.key 
197875     INFO  main            d.u.i.k.p.i.AbstractProblemLoader Loading environment from /home/runner/work/key/key/key.core/../key.ui/examples/standard_key/java_dl/jml-bigint/cast.key 
197875     DEBUG main            d.u.i.k.p.i.AbstractProblemLoader Environment load took 101.3ns 
197876     INFO  main            d.u.i.k.p.i.AbstractProblemLoader Creating init config 
200194     DEBUG main            d.u.i.k.p.i.AbstractProblemLoader Init config took 2.32s 
200225     INFO  main            d.u.i.k.p.i.AbstractProblemLoader Replaying proof Mult[Mult::cast()].JML operation contract.0 
200227     DEBUG main            d.u.i.k.p.i.IntermediateProofReplayer Proof replay took 5.7ns 
200330     INFO  main            d.u.i.k.p.r.p.TestFile    ... finished proof: closed. 
200714     INFO  main            d.u.i.k.p.i.AbstractProblemLoader Loading environment from /home/runner/work/key/key/key.core/../key.ui/examples/standard_key/java_dl/jml-bigint/cast.key.proof 
200714     DEBUG main            d.u.i.k.p.i.AbstractProblemLoader Environment load took 83.6ns 
200715     INFO  main            d.u.i.k.p.i.AbstractProblemLoader Creating init config 
202985     DEBUG main            d.u.i.k.p.i.AbstractProblemLoader Init config took 2.27s 
203017     INFO  main            d.u.i.k.p.i.AbstractProblemLoader Replaying proof Mult[Mult::cast()].JML operation contract.0 
203028     DEBUG main            d.u.i.k.p.i.IntermediateProofReplayer Proof replay took 9.7ms 
203029     DEBUG main            d.u.i.k.p.r.p.TestFile    ... success: reloaded. 
203029     INFO  main            d.u.i.k.p.r.p.TestFile    Now processing file /home/runner/work/key/key/key.core/../key.ui/examples/standard_key/java_dl/jml-free/loopInvFree.key 
203029     INFO  main            d.u.i.k.p.i.AbstractProblemLoader Loading environment from /home/runner/work/key/key/key.core/../key.ui/examples/standard_key/java_dl/jml-free/loopInvFree.key 
203030     DEBUG main            d.u.i.k.p.i.AbstractProblemLoader Environment load took 63.6ns 
203030     INFO  main            d.u.i.k.p.i.AbstractProblemLoader Creating init config 
205295     DEBUG main            d.u.i.k.p.i.AbstractProblemLoader Init config took 2.26s 
205325     INFO  main            d.u.i.k.p.i.AbstractProblemLoader Replaying proof LoopInvFree[LoopInvFree::test()].JML operation contract.0 
205326     DEBUG main            d.u.i.k.p.i.IntermediateProofReplayer Proof replay took 5.9ns 
205530     INFO  main            d.u.i.k.p.r.p.TestFile    ... finished proof: closed. 
205858     INFO  main            d.u.i.k.p.i.AbstractProblemLoader Loading environment from /home/runner/work/key/key/key.core/../key.ui/examples/standard_key/java_dl/jml-free/loopInvFree.key.proof 
205858     DEBUG main            d.u.i.k.p.i.AbstractProblemLoader Environment load took 72.1ns 
205859     INFO  main            d.u.i.k.p.i.AbstractProblemLoader Creating init config 
208074     DEBUG main            d.u.i.k.p.i.AbstractProblemLoader Init config took 2.21s 
208104     INFO  main            d.u.i.k.p.i.AbstractProblemLoader Replaying proof LoopInvFree[LoopInvFree::test()].JML operation contract.0 
208141     DEBUG main            d.u.i.k.p.i.IntermediateProofReplayer Proof replay took 34.47ms 
208141     DEBUG main            d.u.i.k.p.r.p.TestFile    ... success: reloaded. 
208142     INFO  main            d.u.i.k.p.r.p.TestFile    Now processing file /home/runner/work/key/key/key.core/../key.ui/examples/standard_key/java_dl/jml-free/ensuresFree.key 
208142     INFO  main            d.u.i.k.p.i.AbstractProblemLoader Loading environment from /home/runner/work/key/key/key.core/../key.ui/examples/standard_key/java_dl/jml-free/ensuresFree.key 
208142     DEBUG main            d.u.i.k.p.i.AbstractProblemLoader Environment load took 70.6ns 
208143     INFO  main            d.u.i.k.p.i.AbstractProblemLoader Creating init config 
210393     DEBUG main            d.u.i.k.p.i.AbstractProblemLoader Init config took 2.25s 
210423     INFO  main            d.u.i.k.p.i.AbstractProblemLoader Replaying proof EnsuresFree[EnsuresFree::test()].JML operation contract.0 
210424     DEBUG main            d.u.i.k.p.i.IntermediateProofReplayer Proof replay took 6.8ns 
210526     INFO  main            d.u.i.k.p.r.p.TestFile    ... finished proof: closed. 
210852     INFO  main            d.u.i.k.p.i.AbstractProblemLoader Loading environment from /home/runner/work/key/key/key.core/../key.ui/examples/standard_key/java_dl/jml-free/ensuresFree.key.proof 
210852     DEBUG main            d.u.i.k.p.i.AbstractProblemLoader Environment load took 71.1ns 
210852     INFO  main            d.u.i.k.p.i.AbstractProblemLoader Creating init config 
213074     DEBUG main            d.u.i.k.p.i.AbstractProblemLoader Init config took 2.22s 
213104     INFO  main            d.u.i.k.p.i.AbstractProblemLoader Replaying proof EnsuresFree[EnsuresFree::test()].JML operation contract.0 
213120     DEBUG main            d.u.i.k.p.i.IntermediateProofReplayer Proof replay took 14.05ms 
213120     DEBUG main            d.u.i.k.p.r.p.TestFile    ... success: reloaded. 
213121     INFO  main            d.u.i.k.p.r.p.TestFile    Now processing file /home/runner/work/key/key/key.core/../key.ui/examples/standard_key/java_dl/jml-information-flow.key 
213121     INFO  main            d.u.i.k.p.i.AbstractProblemLoader Loading environment from /home/runner/work/key/key/key.core/../key.ui/examples/standard_key/java_dl/jml-information-flow.key 
213121     DEBUG main            d.u.i.k.p.i.AbstractProblemLoader Environment load took 76.2ns 
213126     INFO  main            d.u.i.k.p.i.AbstractProblemLoader Creating init config 
215542     DEBUG main            d.u.i.k.p.i.AbstractProblemLoader Init config took 2.42s 
215558     INFO  main            d.u.i.k.p.i.AbstractProblemLoader Replaying proof jml-information-flow.key 
215559     DEBUG main            d.u.i.k.p.i.IntermediateProofReplayer Proof replay took 6.2ns 
336325     INFO  main            d.u.i.k.p.r.p.TestFile    ... finished proof: closed. 
336806     INFO  main            d.u.i.k.p.i.AbstractProblemLoader Loading environment from /home/runner/work/key/key/key.core/../key.ui/examples/standard_key/java_dl/jml-information-flow.key.proof 
336806     DEBUG main            d.u.i.k.p.i.AbstractProblemLoader Environment load took 116.5ns 
336813     INFO  main            d.u.i.k.p.i.AbstractProblemLoader Creating init config 
339144     DEBUG main            d.u.i.k.p.i.AbstractProblemLoader Init config took 2.33s 
339161     INFO  main            d.u.i.k.p.i.AbstractProblemLoader Replaying proof jml-information-flow.key.proof 
342436     DEBUG main            d.u.i.k.p.i.IntermediateProofReplayer Proof replay took 3.17s 
342443     DEBUG main            d.u.i.k.p.r.p.TestFile    ... success: reloaded. 
342444     INFO  main            d.u.i.k.p.r.p.TestFile    Now processing file /home/runner/work/key/key/key.core/../key.ui/examples/standard_key/java_dl/jml-min/min-unprovable1.key 
342444     INFO  main            d.u.i.k.p.i.AbstractProblemLoader Loading environment from /home/runner/work/key/key/key.core/../key.ui/examples/standard_key/java_dl/jml-min/min-unprovable1.key 
342444     DEBUG main            d.u.i.k.p.i.AbstractProblemLoader Environment load took 44.8ns 
342445     INFO  main            d.u.i.k.p.i.AbstractProblemLoader Creating init config 
344767     DEBUG main            d.u.i.k.p.i.AbstractProblemLoader Init config took 2.32s 
344798     INFO  main            d.u.i.k.p.i.AbstractProblemLoader Replaying proof Min[Min::foo()].JML operation contract.0 
344798     DEBUG main            d.u.i.k.p.i.IntermediateProofReplayer Proof replay took 5.4ns 
344901     INFO  main            d.u.i.k.p.r.p.TestFile    ... finished proof: open goal(s) 
345395     INFO  main            d.u.i.k.p.r.p.TestFile    Now processing file /home/runner/work/key/key/key.core/../key.ui/examples/standard_key/java_dl/jml-min/min-unprovable2.key 
345395     INFO  main            d.u.i.k.p.i.AbstractProblemLoader Loading environment from /home/runner/work/key/key/key.core/../key.ui/examples/standard_key/java_dl/jml-min/min-unprovable2.key 
345395     DEBUG main            d.u.i.k.p.i.AbstractProblemLoader Environment load took 45.8ns 
345396     INFO  main            d.u.i.k.p.i.AbstractProblemLoader Creating init config 
347622     DEBUG main            d.u.i.k.p.i.AbstractProblemLoader Init config took 2.23s 
347652     INFO  main            d.u.i.k.p.i.AbstractProblemLoader Replaying proof Min[Min::foo2()].JML operation contract.0 
347653     DEBUG main            d.u.i.k.p.i.IntermediateProofReplayer Proof replay took 5.8ns 
347754     INFO  main            d.u.i.k.p.r.p.TestFile    ... finished proof: open goal(s) 
348098     INFO  main            d.u.i.k.p.r.p.TestFile    Now processing file /home/runner/work/key/key/key.core/../key.ui/examples/standard_key/java_dl/methodCall.key 
348099     INFO  main            d.u.i.k.p.i.AbstractProblemLoader Loading environment from /home/runner/work/key/key/key.core/../key.ui/examples/standard_key/java_dl/methodCall.key 
348099     DEBUG main            d.u.i.k.p.i.AbstractProblemLoader Environment load took 39.3ns 
348099     INFO  main            d.u.i.k.p.i.AbstractProblemLoader Creating init config 
350343     DEBUG main            d.u.i.k.p.i.AbstractProblemLoader Init config took 2.24s 
350355     INFO  main            d.u.i.k.p.i.AbstractProblemLoader Replaying proof methodCall.key 
350356     DEBUG main            d.u.i.k.p.i.IntermediateProofReplayer Proof replay took 6.6ns 
350458     INFO  main            d.u.i.k.p.r.p.TestFile    ... finished proof: closed. 
350801     INFO  main            d.u.i.k.p.i.AbstractProblemLoader Loading environment from /home/runner/work/key/key/key.core/../key.ui/examples/standard_key/java_dl/methodCall.key.proof 
350801     DEBUG main            d.u.i.k.p.i.AbstractProblemLoader Environment load took 92.3ns 
350802     INFO  main            d.u.i.k.p.i.AbstractProblemLoader Creating init config 
353203     DEBUG main            d.u.i.k.p.i.AbstractProblemLoader Init config took 2.4s 
353215     INFO  main            d.u.i.k.p.i.AbstractProblemLoader Replaying proof methodCall.key.proof 
353218     DEBUG main            d.u.i.k.p.i.IntermediateProofReplayer Proof replay took 1.62ms 
353219     DEBUG main            d.u.i.k.p.r.p.TestFile    ... success: reloaded. 
353219     INFO  main            d.u.i.k.p.r.p.TestFile    Now processing file /home/runner/work/key/key/key.core/../key.ui/examples/standard_key/java_dl/methodCall1.key 
353220     INFO  main            d.u.i.k.p.i.AbstractProblemLoader Loading environment from /home/runner/work/key/key/key.core/../key.ui/examples/standard_key/java_dl/methodCall1.key 
353220     DEBUG main            d.u.i.k.p.i.AbstractProblemLoader Environment load took 64.1ns 
353221     INFO  main            d.u.i.k.p.i.AbstractProblemLoader Creating init config 
355461     DEBUG main            d.u.i.k.p.i.AbstractProblemLoader Init config took 2.24s 
355473     INFO  main            d.u.i.k.p.i.AbstractProblemLoader Replaying proof methodCall1.key 
355475     DEBUG main            d.u.i.k.p.i.IntermediateProofReplayer Proof replay took 6.3ns 
355578     INFO  main            d.u.i.k.p.r.p.TestFile    ... finished proof: closed. 
355926     INFO  main            d.u.i.k.p.i.AbstractProblemLoader Loading environment from /home/runner/work/key/key/key.core/../key.ui/examples/standard_key/java_dl/methodCall1.key.proof 
355926     DEBUG main            d.u.i.k.p.i.AbstractProblemLoader Environment load took 74ns 
355927     INFO  main            d.u.i.k.p.i.AbstractProblemLoader Creating init config 
358138     DEBUG main            d.u.i.k.p.i.AbstractProblemLoader Init config took 2.21s 
358150     INFO  main            d.u.i.k.p.i.AbstractProblemLoader Replaying proof methodCall1.key.proof 
358163     DEBUG main            d.u.i.k.p.i.IntermediateProofReplayer Proof replay took 10.64ms 
358163     DEBUG main            d.u.i.k.p.r.p.TestFile    ... success: reloaded. 
358164     INFO  main            d.u.i.k.p.r.p.TestFile    Now processing file /home/runner/work/key/key/key.core/../key.ui/examples/standard_key/java_dl/methodCall1box.key 
358164     INFO  main            d.u.i.k.p.i.AbstractProblemLoader Loading environment from /home/runner/work/key/key/key.core/../key.ui/examples/standard_key/java_dl/methodCall1box.key 
358164     DEBUG main            d.u.i.k.p.i.AbstractProblemLoader Environment load took 53.7ns 
358165     INFO  main            d.u.i.k.p.i.AbstractProblemLoader Creating init config 
360409     DEBUG main            d.u.i.k.p.i.AbstractProblemLoader Init config took 2.24s 
360422     INFO  main            d.u.i.k.p.i.AbstractProblemLoader Replaying proof methodCall1box.key 
360423     DEBUG main            d.u.i.k.p.i.IntermediateProofReplayer Proof replay took 7ns 
360524     INFO  main            d.u.i.k.p.r.p.TestFile    ... finished proof: closed. 
360880     INFO  main            d.u.i.k.p.i.AbstractProblemLoader Loading environment from /home/runner/work/key/key/key.core/../key.ui/examples/standard_key/java_dl/methodCall1box.key.proof 
360881     DEBUG main            d.u.i.k.p.i.AbstractProblemLoader Environment load took 69.9ns 
360882     INFO  main            d.u.i.k.p.i.AbstractProblemLoader Creating init config 
363093     DEBUG main            d.u.i.k.p.i.AbstractProblemLoader Init config took 2.21s 
363105     INFO  main            d.u.i.k.p.i.AbstractProblemLoader Replaying proof methodCall1box.key.proof 
363118     DEBUG main            d.u.i.k.p.i.IntermediateProofReplayer Proof replay took 10.68ms 
363118     DEBUG main            d.u.i.k.p.r.p.TestFile    ... success: reloaded. 
363119     INFO  main            d.u.i.k.p.r.p.TestFile    Now processing file /home/runner/work/key/key/key.core/../key.ui/examples/standard_key/java_dl/methodCall3.key 
363119     INFO  main            d.u.i.k.p.i.AbstractProblemLoader Loading environment from /home/runner/work/key/key/key.core/../key.ui/examples/standard_key/java_dl/methodCall3.key 
363119     DEBUG main            d.u.i.k.p.i.AbstractProblemLoader Environment load took 61.1ns 
363120     INFO  main            d.u.i.k.p.i.AbstractProblemLoader Creating init config 
365369     DEBUG main            d.u.i.k.p.i.AbstractProblemLoader Init config took 2.25s 
365383     INFO  main            d.u.i.k.p.i.AbstractProblemLoader Replaying proof methodCall3.key 
365384     DEBUG main            d.u.i.k.p.i.IntermediateProofReplayer Proof replay took 5.5ns 
365485     INFO  main            d.u.i.k.p.r.p.TestFile    ... finished proof: closed. 
365862     INFO  main            d.u.i.k.p.i.AbstractProblemLoader Loading environment from /home/runner/work/key/key/key.core/../key.ui/examples/standard_key/java_dl/methodCall3.key.proof 
365862     DEBUG main            d.u.i.k.p.i.AbstractProblemLoader Environment load took 81.6ns 
365863     INFO  main            d.u.i.k.p.i.AbstractProblemLoader Creating init config 
368086     DEBUG main            d.u.i.k.p.i.AbstractProblemLoader Init config took 2.22s 
368099     INFO  main            d.u.i.k.p.i.AbstractProblemLoader Replaying proof methodCall3.key.proof 
368107     DEBUG main            d.u.i.k.p.i.IntermediateProofReplayer Proof replay took 6.91ms 
368108     DEBUG main            d.u.i.k.p.r.p.TestFile    ... success: reloaded. 
368108     INFO  main            d.u.i.k.p.r.p.TestFile    Now processing file /home/runner/work/key/key/key.core/../key.ui/examples/standard_key/java_dl/polishFlagSort.key 
368108     INFO  main            d.u.i.k.p.i.AbstractProblemLoader Loading environment from /home/runner/work/key/key/key.core/../key.ui/examples/standard_key/java_dl/polishFlagSort.key 
368109     DEBUG main            d.u.i.k.p.i.AbstractProblemLoader Environment load took 67.1ns 
368110     INFO  main            d.u.i.k.p.i.AbstractProblemLoader Creating init config 
370382     DEBUG main            d.u.i.k.p.i.AbstractProblemLoader Init config took 2.27s 
370396     INFO  main            d.u.i.k.p.i.AbstractProblemLoader Replaying proof polishFlagSort.key 
370397     DEBUG main            d.u.i.k.p.i.IntermediateProofReplayer Proof replay took 6.2ns 
372519     INFO  main            d.u.i.k.p.r.p.TestFile    ... finished proof: closed. 
372933     INFO  main            d.u.i.k.p.i.AbstractProblemLoader Loading environment from /home/runner/work/key/key/key.core/../key.ui/examples/standard_key/java_dl/polishFlagSort.key.proof 
372933     DEBUG main            d.u.i.k.p.i.AbstractProblemLoader Environment load took 128ns 
372934     INFO  main            d.u.i.k.p.i.AbstractProblemLoader Creating init config 
375183     DEBUG main            d.u.i.k.p.i.AbstractProblemLoader Init config took 2.25s 
375197     INFO  main            d.u.i.k.p.i.AbstractProblemLoader Replaying proof polishFlagSort.key.proof 
375517     DEBUG main            d.u.i.k.p.i.IntermediateProofReplayer Proof replay took 310.28ms 
375519     DEBUG main            d.u.i.k.p.r.p.TestFile    ... success: reloaded. 
375519     INFO  main            d.u.i.k.p.r.p.TestFile    Now processing file /home/runner/work/key/key/key.core/../key.ui/examples/standard_key/java_dl/postConditionTaclets1.key 
375520     INFO  main            d.u.i.k.p.i.AbstractProblemLoader Loading environment from /home/runner/work/key/key/key.core/../key.ui/examples/standard_key/java_dl/postConditionTaclets1.key 
375520     DEBUG main            d.u.i.k.p.i.AbstractProblemLoader Environment load took 63.1ns 
375520     INFO  main            d.u.i.k.p.i.AbstractProblemLoader Creating init config 
377721     DEBUG main            d.u.i.k.p.i.AbstractProblemLoader Init config took 2.2s 
377734     INFO  main            d.u.i.k.p.i.AbstractProblemLoader Replaying proof postConditionTaclets1.key 
377736     DEBUG main            d.u.i.k.p.i.IntermediateProofReplayer Proof replay took 14ns 
377837     INFO  main            d.u.i.k.p.r.p.TestFile    ... finished proof: closed. 
378261     INFO  main            d.u.i.k.p.i.AbstractProblemLoader Loading environment from /home/runner/work/key/key/key.core/../key.ui/examples/standard_key/java_dl/postConditionTaclets1.key.proof 
378261     DEBUG main            d.u.i.k.p.i.AbstractProblemLoader Environment load took 65.9ns 
378262     INFO  main            d.u.i.k.p.i.AbstractProblemLoader Creating init config 
380436     DEBUG main            d.u.i.k.p.i.AbstractProblemLoader Init config took 2.17s 
380448     INFO  main            d.u.i.k.p.i.AbstractProblemLoader Replaying proof postConditionTaclets1.key.proof 
380450     DEBUG main            d.u.i.k.p.i.IntermediateProofReplayer Proof replay took 358.3ns 
380450     DEBUG main            d.u.i.k.p.r.p.TestFile    ... success: reloaded. 
380451     INFO  main            d.u.i.k.p.r.p.TestFile    Now processing file /home/runner/work/key/key/key.core/../key.ui/examples/standard_key/java_dl/postConditionTaclets2.key 
380451     INFO  main            d.u.i.k.p.i.AbstractProblemLoader Loading environment from /home/runner/work/key/key/key.core/../key.ui/examples/standard_key/java_dl/postConditionTaclets2.key 
380451     DEBUG main            d.u.i.k.p.i.AbstractProblemLoader Environment load took 39ns 
380452     INFO  main            d.u.i.k.p.i.AbstractProblemLoader Creating init config 
382653     DEBUG main            d.u.i.k.p.i.AbstractProblemLoader Init config took 2.2s 
382666     INFO  main            d.u.i.k.p.i.AbstractProblemLoader Replaying proof postConditionTaclets2.key 
382667     DEBUG main            d.u.i.k.p.i.IntermediateProofReplayer Proof replay took 7.6ns 
382770     INFO  main            d.u.i.k.p.r.p.TestFile    ... finished proof: closed. 
383147     INFO  main            d.u.i.k.p.i.AbstractProblemLoader Loading environment from /home/runner/work/key/key/key.core/../key.ui/examples/standard_key/java_dl/postConditionTaclets2.key.proof 
383147     DEBUG main            d.u.i.k.p.i.AbstractProblemLoader Environment load took 66ns 
383148     INFO  main            d.u.i.k.p.i.AbstractProblemLoader Creating init config 
385311     DEBUG main            d.u.i.k.p.i.AbstractProblemLoader Init config took 2.16s 
385324     INFO  main            d.u.i.k.p.i.AbstractProblemLoader Replaying proof postConditionTaclets2.key.proof 
385325     DEBUG main            d.u.i.k.p.i.IntermediateProofReplayer Proof replay took 541.4ns 
385326     DEBUG main            d.u.i.k.p.r.p.TestFile    ... success: reloaded. 
385326     INFO  main            d.u.i.k.p.r.p.TestFile    Now processing file /home/runner/work/key/key/key.core/../key.ui/examples/standard_key/java_dl/quantifiedQuery.key 
385327     INFO  main            d.u.i.k.p.i.AbstractProblemLoader Loading environment from /home/runner/work/key/key/key.core/../key.ui/examples/standard_key/java_dl/quantifiedQuery.key 
385327     DEBUG main            d.u.i.k.p.i.AbstractProblemLoader Environment load took 49.9ns 
385328     INFO  main            d.u.i.k.p.i.AbstractProblemLoader Creating init config 
387567     DEBUG main            d.u.i.k.p.i.AbstractProblemLoader Init config took 2.24s 
387580     INFO  main            d.u.i.k.p.i.AbstractProblemLoader Replaying proof quantifiedQuery.key 
387581     DEBUG main            d.u.i.k.p.i.IntermediateProofReplayer Proof replay took 5.7ns 
387683     INFO  main            d.u.i.k.p.r.p.TestFile    ... finished proof: closed. 
388071     INFO  main            d.u.i.k.p.i.AbstractProblemLoader Loading environment from /home/runner/work/key/key/key.core/../key.ui/examples/standard_key/java_dl/quantifiedQuery.key.proof 
388071     DEBUG main            d.u.i.k.p.i.AbstractProblemLoader Environment load took 70.5ns 
388072     INFO  main            d.u.i.k.p.i.AbstractProblemLoader Creating init config 
390289     DEBUG main            d.u.i.k.p.i.AbstractProblemLoader Init config took 2.22s 
390303     INFO  main            d.u.i.k.p.i.AbstractProblemLoader Replaying proof quantifiedQuery.key.proof 
390319     DEBUG main            d.u.i.k.p.i.IntermediateProofReplayer Proof replay took 14.44ms 
390319     DEBUG main            d.u.i.k.p.r.p.TestFile    ... success: reloaded. 
390320     INFO  main            d.u.i.k.p.r.p.TestFile    Now processing file /home/runner/work/key/key/key.core/../key.ui/examples/standard_key/java_dl/recursion/triangular.key 
390320     INFO  main            d.u.i.k.p.i.AbstractProblemLoader Loading environment from /home/runner/work/key/key/key.core/../key.ui/examples/standard_key/java_dl/recursion/triangular.key 
390320     DEBUG main            d.u.i.k.p.i.AbstractProblemLoader Environment load took 60ns 
390321     INFO  main            d.u.i.k.p.i.AbstractProblemLoader Creating init config 
392557     DEBUG main            d.u.i.k.p.i.AbstractProblemLoader Init config took 2.24s 
392589     INFO  main            d.u.i.k.p.i.AbstractProblemLoader Replaying proof Triangular[Triangular::tria(int)].JML normal_behavior operation contract.0 
392590     DEBUG main            d.u.i.k.p.i.IntermediateProofReplayer Proof replay took 5.4ns 
392794     INFO  main            d.u.i.k.p.r.p.TestFile    ... finished proof: closed. 
393208     INFO  main            d.u.i.k.p.i.AbstractProblemLoader Loading environment from /home/runner/work/key/key/key.core/../key.ui/examples/standard_key/java_dl/recursion/triangular.key.proof 
393208     DEBUG main            d.u.i.k.p.i.AbstractProblemLoader Environment load took 71.6ns 
393209     INFO  main            d.u.i.k.p.i.AbstractProblemLoader Creating init config 
395414     DEBUG main            d.u.i.k.p.i.AbstractProblemLoader Init config took 2.2s 
395444     INFO  main            d.u.i.k.p.i.AbstractProblemLoader Replaying proof Triangular[Triangular::tria(int)].JML normal_behavior operation contract.0 
395472     DEBUG main            d.u.i.k.p.i.IntermediateProofReplayer Proof replay took 25.98ms 
395472     DEBUG main            d.u.i.k.p.r.p.TestFile    ... success: reloaded. 
395473     INFO  main            d.u.i.k.p.r.p.TestFile    Now processing file /home/runner/work/key/key/key.core/../key.ui/examples/standard_key/java_dl/reverseArray.key 
395473     INFO  main            d.u.i.k.p.i.AbstractProblemLoader Loading environment from /home/runner/work/key/key/key.core/../key.ui/examples/standard_key/java_dl/reverseArray.key 
395473     DEBUG main            d.u.i.k.p.i.AbstractProblemLoader Environment load took 59.6ns 
395475     INFO  main            d.u.i.k.p.i.AbstractProblemLoader Creating init config 
395492     WARN  main            d.u.i.k.j.r.KeYCrossReferenceNameInfo Datatype java.io.InputStream declared twice: Once in FILE:/home/runner/work/key/key/key.core/../key.ui/examples/standard_key/java_dl/./classpath/InputStream.java and once in URL:file:/home/runner/work/key/key/key.core/build/resources/main/de/uka/ilkd/key/java/JavaRedux/java/io/InputStream.java, Keeping one from URL:file:/home/runner/work/key/key/key.core/build/resources/main/de/uka/ilkd/key/java/JavaRedux/java/io/InputStream.java 
395492     WARN  main            d.u.i.k.j.r.KeYCrossReferenceNameInfo Datatype java.lang.System declared twice: Once in FILE:/home/runner/work/key/key/key.core/../key.ui/examples/standard_key/java_dl/./classpath/System.java and once in URL:file:/home/runner/work/key/key/key.core/build/resources/main/de/uka/ilkd/key/java/JavaRedux/java/lang/System.java, Keeping one from URL:file:/home/runner/work/key/key/key.core/build/resources/main/de/uka/ilkd/key/java/JavaRedux/java/lang/System.java 
395492     WARN  main            d.u.i.k.j.r.KeYCrossReferenceNameInfo Datatype java.io.PrintStream declared twice: Once in FILE:/home/runner/work/key/key/key.core/../key.ui/examples/standard_key/java_dl/./classpath/PrintStream.java and once in URL:file:/home/runner/work/key/key/key.core/build/resources/main/de/uka/ilkd/key/java/JavaRedux/java/io/PrintStream.java, Keeping one from URL:file:/home/runner/work/key/key/key.core/build/resources/main/de/uka/ilkd/key/java/JavaRedux/java/io/PrintStream.java 
395495     DEBUG main            d.u.i.k.j.r.ClassFileDeclarationBuilder Parsing: package java.io; public class Closeable { } 
395495     DEBUG main            r.s.KeYCrossReferenceSourceInfo Dynamically created class: java.io.Closeable 
397814     DEBUG main            d.u.i.k.p.i.AbstractProblemLoader Init config took 2.34s 
397833     INFO  main            d.u.i.k.p.i.AbstractProblemLoader Replaying proof reverseArray.key 
397834     DEBUG main            d.u.i.k.p.i.IntermediateProofReplayer Proof replay took 5.8ns 
402043     INFO  main            d.u.i.k.p.r.p.TestFile    ... finished proof: closed. 
402486     INFO  main            d.u.i.k.p.i.AbstractProblemLoader Loading environment from /home/runner/work/key/key/key.core/../key.ui/examples/standard_key/java_dl/reverseArray.key.proof 
402486     DEBUG main            d.u.i.k.p.i.AbstractProblemLoader Environment load took 265ns 
402488     INFO  main            d.u.i.k.p.i.AbstractProblemLoader Creating init config 
402506     WARN  main            d.u.i.k.j.r.KeYCrossReferenceNameInfo Datatype java.io.InputStream declared twice: Once in FILE:/home/runner/work/key/key/key.core/../key.ui/examples/standard_key/java_dl/classpath/InputStream.java and once in URL:file:/home/runner/work/key/key/key.core/build/resources/main/de/uka/ilkd/key/java/JavaRedux/java/io/InputStream.java, Keeping one from URL:file:/home/runner/work/key/key/key.core/build/resources/main/de/uka/ilkd/key/java/JavaRedux/java/io/InputStream.java 
402506     WARN  main            d.u.i.k.j.r.KeYCrossReferenceNameInfo Datatype java.lang.System declared twice: Once in FILE:/home/runner/work/key/key/key.core/../key.ui/examples/standard_key/java_dl/classpath/System.java and once in URL:file:/home/runner/work/key/key/key.core/build/resources/main/de/uka/ilkd/key/java/JavaRedux/java/lang/System.java, Keeping one from URL:file:/home/runner/work/key/key/key.core/build/resources/main/de/uka/ilkd/key/java/JavaRedux/java/lang/System.java 
402506     WARN  main            d.u.i.k.j.r.KeYCrossReferenceNameInfo Datatype java.io.PrintStream declared twice: Once in FILE:/home/runner/work/key/key/key.core/../key.ui/examples/standard_key/java_dl/classpath/PrintStream.java and once in URL:file:/home/runner/work/key/key/key.core/build/resources/main/de/uka/ilkd/key/java/JavaRedux/java/io/PrintStream.java, Keeping one from URL:file:/home/runner/work/key/key/key.core/build/resources/main/de/uka/ilkd/key/java/JavaRedux/java/io/PrintStream.java 
402509     DEBUG main            d.u.i.k.j.r.ClassFileDeclarationBuilder Parsing: package java.io; public class Closeable { } 
402509     DEBUG main            r.s.KeYCrossReferenceSourceInfo Dynamically created class: java.io.Closeable 
404767     DEBUG main            d.u.i.k.p.i.AbstractProblemLoader Init config took 2.28s 
404781     INFO  main            d.u.i.k.p.i.AbstractProblemLoader Replaying proof reverseArray.key.proof 
405382     DEBUG main            d.u.i.k.p.i.IntermediateProofReplayer Proof replay took 590.35ms 
405384     DEBUG main            d.u.i.k.p.r.p.TestFile    ... success: reloaded. 
405385     INFO  main            d.u.i.k.p.r.p.TestFile    Now processing file /home/runner/work/key/key/key.core/../key.ui/examples/standard_key/java_dl/reverseArray2.key 
405385     INFO  main            d.u.i.k.p.i.AbstractProblemLoader Loading environment from /home/runner/work/key/key/key.core/../key.ui/examples/standard_key/java_dl/reverseArray2.key 
405385     DEBUG main            d.u.i.k.p.i.AbstractProblemLoader Environment load took 138.9ns 
405387     INFO  main            d.u.i.k.p.i.AbstractProblemLoader Creating init config 
405405     WARN  main            d.u.i.k.j.r.KeYCrossReferenceNameInfo Datatype java.io.InputStream declared twice: Once in FILE:/home/runner/work/key/key/key.core/../key.ui/examples/standard_key/java_dl/classpath/InputStream.java and once in URL:file:/home/runner/work/key/key/key.core/build/resources/main/de/uka/ilkd/key/java/JavaRedux/java/io/InputStream.java, Keeping one from URL:file:/home/runner/work/key/key/key.core/build/resources/main/de/uka/ilkd/key/java/JavaRedux/java/io/InputStream.java 
405405     WARN  main            d.u.i.k.j.r.KeYCrossReferenceNameInfo Datatype java.lang.System declared twice: Once in FILE:/home/runner/work/key/key/key.core/../key.ui/examples/standard_key/java_dl/classpath/System.java and once in URL:file:/home/runner/work/key/key/key.core/build/resources/main/de/uka/ilkd/key/java/JavaRedux/java/lang/System.java, Keeping one from URL:file:/home/runner/work/key/key/key.core/build/resources/main/de/uka/ilkd/key/java/JavaRedux/java/lang/System.java 
405405     WARN  main            d.u.i.k.j.r.KeYCrossReferenceNameInfo Datatype java.io.PrintStream declared twice: Once in FILE:/home/runner/work/key/key/key.core/../key.ui/examples/standard_key/java_dl/classpath/PrintStream.java and once in URL:file:/home/runner/work/key/key/key.core/build/resources/main/de/uka/ilkd/key/java/JavaRedux/java/io/PrintStream.java, Keeping one from URL:file:/home/runner/work/key/key/key.core/build/resources/main/de/uka/ilkd/key/java/JavaRedux/java/io/PrintStream.java 
405408     DEBUG main            d.u.i.k.j.r.ClassFileDeclarationBuilder Parsing: package java.io; public class Closeable { } 
405408     DEBUG main            r.s.KeYCrossReferenceSourceInfo Dynamically created class: java.io.Closeable 
407805     DEBUG main            d.u.i.k.p.i.AbstractProblemLoader Init config took 2.42s 
407819     INFO  main            d.u.i.k.p.i.AbstractProblemLoader Replaying proof reverseArray2.key 
407820     DEBUG main            d.u.i.k.p.i.IntermediateProofReplayer Proof replay took 36.2ns 
409129     INFO  main            d.u.i.k.p.r.p.TestFile    ... finished proof: closed. 
409656     INFO  main            d.u.i.k.p.i.AbstractProblemLoader Loading environment from /home/runner/work/key/key/key.core/../key.ui/examples/standard_key/java_dl/reverseArray2.key.proof 
409656     DEBUG main            d.u.i.k.p.i.AbstractProblemLoader Environment load took 293.5ns 
409658     INFO  main            d.u.i.k.p.i.AbstractProblemLoader Creating init config 
409676     WARN  main            d.u.i.k.j.r.KeYCrossReferenceNameInfo Datatype java.io.InputStream declared twice: Once in FILE:/home/runner/work/key/key/key.core/../key.ui/examples/standard_key/java_dl/classpath/InputStream.java and once in URL:file:/home/runner/work/key/key/key.core/build/resources/main/de/uka/ilkd/key/java/JavaRedux/java/io/InputStream.java, Keeping one from URL:file:/home/runner/work/key/key/key.core/build/resources/main/de/uka/ilkd/key/java/JavaRedux/java/io/InputStream.java 
409676     WARN  main            d.u.i.k.j.r.KeYCrossReferenceNameInfo Datatype java.lang.System declared twice: Once in FILE:/home/runner/work/key/key/key.core/../key.ui/examples/standard_key/java_dl/classpath/System.java and once in URL:file:/home/runner/work/key/key/key.core/build/resources/main/de/uka/ilkd/key/java/JavaRedux/java/lang/System.java, Keeping one from URL:file:/home/runner/work/key/key/key.core/build/resources/main/de/uka/ilkd/key/java/JavaRedux/java/lang/System.java 
409676     WARN  main            d.u.i.k.j.r.KeYCrossReferenceNameInfo Datatype java.io.PrintStream declared twice: Once in FILE:/home/runner/work/key/key/key.core/../key.ui/examples/standard_key/java_dl/classpath/PrintStream.java and once in URL:file:/home/runner/work/key/key/key.core/build/resources/main/de/uka/ilkd/key/java/JavaRedux/java/io/PrintStream.java, Keeping one from URL:file:/home/runner/work/key/key/key.core/build/resources/main/de/uka/ilkd/key/java/JavaRedux/java/io/PrintStream.java 
409679     DEBUG main            d.u.i.k.j.r.ClassFileDeclarationBuilder Parsing: package java.io; public class Closeable { } 
409679     DEBUG main            r.s.KeYCrossReferenceSourceInfo Dynamically created class: java.io.Closeable 
411929     DEBUG main            d.u.i.k.p.i.AbstractProblemLoader Init config took 2.27s 
411943     INFO  main            d.u.i.k.p.i.AbstractProblemLoader Replaying proof reverseArray2.key.proof 
412143     DEBUG main            d.u.i.k.p.i.IntermediateProofReplayer Proof replay took 195.24ms 
412144     DEBUG main            d.u.i.k.p.r.p.TestFile    ... success: reloaded. 
412145     INFO  main            d.u.i.k.p.r.p.TestFile    Now processing file /home/runner/work/key/key/key.core/../key.ui/examples/standard_key/java_dl/simpleAssignment.key 
412145     INFO  main            d.u.i.k.p.i.AbstractProblemLoader Loading environment from /home/runner/work/key/key/key.core/../key.ui/examples/standard_key/java_dl/simpleAssignment.key 
412145     DEBUG main            d.u.i.k.p.i.AbstractProblemLoader Environment load took 45ns 
412146     INFO  main            d.u.i.k.p.i.AbstractProblemLoader Creating init config 
414359     DEBUG main            d.u.i.k.p.i.AbstractProblemLoader Init config took 2.21s 
414371     INFO  main            d.u.i.k.p.i.AbstractProblemLoader Replaying proof simpleAssignment.key 
414373     DEBUG main            d.u.i.k.p.i.IntermediateProofReplayer Proof replay took 2.5ns 
414474     INFO  main            d.u.i.k.p.r.p.TestFile    ... finished proof: closed. 
414924     INFO  main            d.u.i.k.p.i.AbstractProblemLoader Loading environment from /home/runner/work/key/key/key.core/../key.ui/examples/standard_key/java_dl/simpleAssignment.key.proof 
414924     DEBUG main            d.u.i.k.p.i.AbstractProblemLoader Environment load took 64.4ns 
414925     INFO  main            d.u.i.k.p.i.AbstractProblemLoader Creating init config 
417082     DEBUG main            d.u.i.k.p.i.AbstractProblemLoader Init config took 2.16s 
417094     INFO  main            d.u.i.k.p.i.AbstractProblemLoader Replaying proof simpleAssignment.key.proof 
417098     DEBUG main            d.u.i.k.p.i.IntermediateProofReplayer Proof replay took 560ns 
417098     DEBUG main            d.u.i.k.p.r.p.TestFile    ... success: reloaded. 
417099     INFO  main            d.u.i.k.p.r.p.TestFile    Now processing file /home/runner/work/key/key/key.core/../key.ui/examples/standard_key/java_dl/simpleAssignment2.key 
417099     INFO  main            d.u.i.k.p.i.AbstractProblemLoader Loading environment from /home/runner/work/key/key/key.core/../key.ui/examples/standard_key/java_dl/simpleAssignment2.key 
417099     DEBUG main            d.u.i.k.p.i.AbstractProblemLoader Environment load took 137.1ns 
417100     INFO  main            d.u.i.k.p.i.AbstractProblemLoader Creating init config 
419280     DEBUG main            d.u.i.k.p.i.AbstractProblemLoader Init config took 2.18s 
419293     INFO  main            d.u.i.k.p.i.AbstractProblemLoader Replaying proof simpleAssignment2.key 
419294     DEBUG main            d.u.i.k.p.i.IntermediateProofReplayer Proof replay took 2.1ns 
419395     INFO  main            d.u.i.k.p.r.p.TestFile    ... finished proof: closed. 
419830     INFO  main            d.u.i.k.p.i.AbstractProblemLoader Loading environment from /home/runner/work/key/key/key.core/../key.ui/examples/standard_key/java_dl/simpleAssignment2.key.proof 
419831     DEBUG main            d.u.i.k.p.i.AbstractProblemLoader Environment load took 66.3ns 
419831     INFO  main            d.u.i.k.p.i.AbstractProblemLoader Creating init config 
421992     DEBUG main            d.u.i.k.p.i.AbstractProblemLoader Init config took 2.16s 
422004     INFO  main            d.u.i.k.p.i.AbstractProblemLoader Replaying proof simpleAssignment2.key.proof 
422005     DEBUG main            d.u.i.k.p.i.IntermediateProofReplayer Proof replay took 327.6ns 
422006     DEBUG main            d.u.i.k.p.r.p.TestFile    ... success: reloaded. 
422006     INFO  main            d.u.i.k.p.r.p.TestFile    Now processing file /home/runner/work/key/key/key.core/../key.ui/examples/standard_key/java_dl/splittingWithQueries.key 
422006     INFO  main            d.u.i.k.p.i.AbstractProblemLoader Loading environment from /home/runner/work/key/key/key.core/../key.ui/examples/standard_key/java_dl/splittingWithQueries.key 
422006     DEBUG main            d.u.i.k.p.i.AbstractProblemLoader Environment load took 39.2ns 
422007     INFO  main            d.u.i.k.p.i.AbstractProblemLoader Creating init config 
424248     DEBUG main            d.u.i.k.p.i.AbstractProblemLoader Init config took 2.24s 
424265     INFO  main            d.u.i.k.p.i.AbstractProblemLoader Replaying proof splittingWithQueries.key 
424266     DEBUG main            d.u.i.k.p.i.IntermediateProofReplayer Proof replay took 2.2ns 
424368     INFO  main            d.u.i.k.p.r.p.TestFile    ... finished proof: closed. 
424791     INFO  main            d.u.i.k.p.i.AbstractProblemLoader Loading environment from /home/runner/work/key/key/key.core/../key.ui/examples/standard_key/java_dl/splittingWithQueries.key.proof 
424791     DEBUG main            d.u.i.k.p.i.AbstractProblemLoader Environment load took 70ns 
424792     INFO  main            d.u.i.k.p.i.AbstractProblemLoader Creating init config 
427020     DEBUG main            d.u.i.k.p.i.AbstractProblemLoader Init config took 2.23s 
427032     INFO  main            d.u.i.k.p.i.AbstractProblemLoader Replaying proof splittingWithQueries.key.proof 
427035     DEBUG main            d.u.i.k.p.i.IntermediateProofReplayer Proof replay took 1.38ms 
427036     DEBUG main            d.u.i.k.p.r.p.TestFile    ... success: reloaded. 
427036     INFO  main            d.u.i.k.p.r.p.TestFile    Now processing file /home/runner/work/key/key/key.core/../key.ui/examples/standard_key/java_dl/strassen/strassen.key 
427037     INFO  main            d.u.i.k.p.i.AbstractProblemLoader Loading environment from /home/runner/work/key/key/key.core/../key.ui/examples/standard_key/java_dl/strassen/strassen.key 
427037     DEBUG main            d.u.i.k.p.i.AbstractProblemLoader Environment load took 129.3ns 
427038     INFO  main            d.u.i.k.p.i.AbstractProblemLoader Creating init config 
429345     DEBUG main            d.u.i.k.p.i.AbstractProblemLoader Init config took 2.31s 
429377     INFO  main            d.u.i.k.p.i.AbstractProblemLoader Replaying proof Matrix22[Matrix22::strassen(Matrix22,Matrix22)].JML normal_behavior operation contract.0 
429378     DEBUG main            d.u.i.k.p.i.IntermediateProofReplayer Proof replay took 2ns 
434134     INFO  main            d.u.i.k.p.r.p.TestFile    ... finished proof: closed. 
434678     INFO  main            d.u.i.k.p.i.AbstractProblemLoader Loading environment from /home/runner/work/key/key/key.core/../key.ui/examples/standard_key/java_dl/strassen/strassen.key.proof 
434678     DEBUG main            d.u.i.k.p.i.AbstractProblemLoader Environment load took 280.5ns 
434680     INFO  main            d.u.i.k.p.i.AbstractProblemLoader Creating init config 
436973     DEBUG main            d.u.i.k.p.i.AbstractProblemLoader Init config took 2.29s 
437005     INFO  main            d.u.i.k.p.i.AbstractProblemLoader Replaying proof Matrix22[Matrix22::strassen(Matrix22,Matrix22)].JML normal_behavior operation contract.0 
437655     DEBUG main            d.u.i.k.p.i.IntermediateProofReplayer Proof replay took 640.65ms 
437656     DEBUG main            d.u.i.k.p.r.p.TestFile    ... success: reloaded. 
437657     INFO  main            d.u.i.k.p.r.p.TestFile    Now processing file /home/runner/work/key/key/key.core/../key.ui/examples/standard_key/java_dl/symmArray.key 
437657     INFO  main            d.u.i.k.p.i.AbstractProblemLoader Loading environment from /home/runner/work/key/key/key.core/../key.ui/examples/standard_key/java_dl/symmArray.key 
437657     DEBUG main            d.u.i.k.p.i.AbstractProblemLoader Environment load took 100.5ns 
437660     INFO  main            d.u.i.k.p.i.AbstractProblemLoader Creating init config 
439997     DEBUG main            d.u.i.k.p.i.AbstractProblemLoader Init config took 2.34s 
440011     INFO  main            d.u.i.k.p.i.AbstractProblemLoader Replaying proof symmArray.key 
440012     DEBUG main            d.u.i.k.p.i.IntermediateProofReplayer Proof replay took 2.4ns 
538433     INFO  main            d.u.i.k.p.r.p.TestFile    ... finished proof: closed. 
539018     INFO  main            d.u.i.k.p.i.AbstractProblemLoader Loading environment from /home/runner/work/key/key/key.core/../key.ui/examples/standard_key/java_dl/symmArray.key.proof 
539018     DEBUG main            d.u.i.k.p.i.AbstractProblemLoader Environment load took 279.5ns 
539023     INFO  main            d.u.i.k.p.i.AbstractProblemLoader Creating init config 
541356     DEBUG main            d.u.i.k.p.i.AbstractProblemLoader Init config took 2.33s 
541372     INFO  main            d.u.i.k.p.i.AbstractProblemLoader Replaying proof symmArray.key.proof 
542466     DEBUG main            d.u.i.k.p.i.IntermediateProofReplayer Proof replay took 1.04s 
542470     DEBUG main            d.u.i.k.p.r.p.TestFile    ... success: reloaded. 
542471     INFO  main            d.u.i.k.p.r.p.TestFile    Now processing file /home/runner/work/key/key/key.core/../key.ui/examples/standard_key/java_dl/testcontext.key 
542471     INFO  main            d.u.i.k.p.i.AbstractProblemLoader Loading environment from /home/runner/work/key/key/key.core/../key.ui/examples/standard_key/java_dl/testcontext.key 
542471     DEBUG main            d.u.i.k.p.i.AbstractProblemLoader Environment load took 65.2ns 
542472     INFO  main            d.u.i.k.p.i.AbstractProblemLoader Creating init config 
542489     WARN  main            d.u.i.k.j.r.KeYCrossReferenceNameInfo Datatype java.io.InputStream declared twice: Once in FILE:/home/runner/work/key/key/key.core/../key.ui/examples/standard_key/java_dl/classpath/InputStream.java and once in URL:file:/home/runner/work/key/key/key.core/build/resources/main/de/uka/ilkd/key/java/JavaRedux/java/io/InputStream.java, Keeping one from URL:file:/home/runner/work/key/key/key.core/build/resources/main/de/uka/ilkd/key/java/JavaRedux/java/io/InputStream.java 
542489     WARN  main            d.u.i.k.j.r.KeYCrossReferenceNameInfo Datatype java.lang.System declared twice: Once in FILE:/home/runner/work/key/key/key.core/../key.ui/examples/standard_key/java_dl/classpath/System.java and once in URL:file:/home/runner/work/key/key/key.core/build/resources/main/de/uka/ilkd/key/java/JavaRedux/java/lang/System.java, Keeping one from URL:file:/home/runner/work/key/key/key.core/build/resources/main/de/uka/ilkd/key/java/JavaRedux/java/lang/System.java 
542490     WARN  main            d.u.i.k.j.r.KeYCrossReferenceNameInfo Datatype java.io.PrintStream declared twice: Once in FILE:/home/runner/work/key/key/key.core/../key.ui/examples/standard_key/java_dl/classpath/PrintStream.java and once in URL:file:/home/runner/work/key/key/key.core/build/resources/main/de/uka/ilkd/key/java/JavaRedux/java/io/PrintStream.java, Keeping one from URL:file:/home/runner/work/key/key/key.core/build/resources/main/de/uka/ilkd/key/java/JavaRedux/java/io/PrintStream.java 
542492     DEBUG main            d.u.i.k.j.r.ClassFileDeclarationBuilder Parsing: package java.io; public class Closeable { } 
542492     DEBUG main            r.s.KeYCrossReferenceSourceInfo Dynamically created class: java.io.Closeable 
544755     DEBUG main            d.u.i.k.p.i.AbstractProblemLoader Init config took 2.28s 
544768     INFO  main            d.u.i.k.p.i.AbstractProblemLoader Replaying proof testcontext.key 
544770     DEBUG main            d.u.i.k.p.i.IntermediateProofReplayer Proof replay took 2.4ns 
545072     INFO  main            d.u.i.k.p.r.p.TestFile    ... finished proof: closed. 
545651     INFO  main            d.u.i.k.p.i.AbstractProblemLoader Loading environment from /home/runner/work/key/key/key.core/../key.ui/examples/standard_key/java_dl/testcontext.key.proof 
545651     DEBUG main            d.u.i.k.p.i.AbstractProblemLoader Environment load took 71.5ns 
545652     INFO  main            d.u.i.k.p.i.AbstractProblemLoader Creating init config 
545674     WARN  main            d.u.i.k.j.r.KeYCrossReferenceNameInfo Datatype java.io.InputStream declared twice: Once in FILE:/home/runner/work/key/key/key.core/../key.ui/examples/standard_key/java_dl/classpath/InputStream.java and once in URL:file:/home/runner/work/key/key/key.core/build/resources/main/de/uka/ilkd/key/java/JavaRedux/java/io/InputStream.java, Keeping one from URL:file:/home/runner/work/key/key/key.core/build/resources/main/de/uka/ilkd/key/java/JavaRedux/java/io/InputStream.java 
545674     WARN  main            d.u.i.k.j.r.KeYCrossReferenceNameInfo Datatype java.lang.System declared twice: Once in FILE:/home/runner/work/key/key/key.core/../key.ui/examples/standard_key/java_dl/classpath/System.java and once in URL:file:/home/runner/work/key/key/key.core/build/resources/main/de/uka/ilkd/key/java/JavaRedux/java/lang/System.java, Keeping one from URL:file:/home/runner/work/key/key/key.core/build/resources/main/de/uka/ilkd/key/java/JavaRedux/java/lang/System.java 
545675     WARN  main            d.u.i.k.j.r.KeYCrossReferenceNameInfo Datatype java.io.PrintStream declared twice: Once in FILE:/home/runner/work/key/key/key.core/../key.ui/examples/standard_key/java_dl/classpath/PrintStream.java and once in URL:file:/home/runner/work/key/key/key.core/build/resources/main/de/uka/ilkd/key/java/JavaRedux/java/io/PrintStream.java, Keeping one from URL:file:/home/runner/work/key/key/key.core/build/resources/main/de/uka/ilkd/key/java/JavaRedux/java/io/PrintStream.java 
545678     DEBUG main            d.u.i.k.j.r.ClassFileDeclarationBuilder Parsing: package java.io; public class Closeable { } 
545678     DEBUG main            r.s.KeYCrossReferenceSourceInfo Dynamically created class: java.io.Closeable 
547864     DEBUG main            d.u.i.k.p.i.AbstractProblemLoader Init config took 2.21s 
547877     INFO  main            d.u.i.k.p.i.AbstractProblemLoader Replaying proof testcontext.key.proof 
547925     DEBUG main            d.u.i.k.p.i.IntermediateProofReplayer Proof replay took 45.38ms 
547926     DEBUG main            d.u.i.k.p.r.p.TestFile    ... success: reloaded. 
547926     INFO  main            d.u.i.k.p.r.p.TestFile    Now processing file /home/runner/work/key/key/key.core/../key.ui/examples/standard_key/staticInitialisation/cascadeStaticInitialisation.key 
547926     INFO  main            d.u.i.k.p.i.AbstractProblemLoader Loading environment from /home/runner/work/key/key/key.core/../key.ui/examples/standard_key/staticInitialisation/cascadeStaticInitialisation.key 
547926     DEBUG main            d.u.i.k.p.i.AbstractProblemLoader Environment load took 40.9ns 
547928     INFO  main            d.u.i.k.p.i.AbstractProblemLoader Creating init config 
547945     WARN  main            d.u.i.k.j.r.KeYCrossReferenceNameInfo Datatype java.lang.System declared twice: Once in FILE:/home/runner/work/key/key/key.core/../key.ui/examples/standard_key/staticInitialisation/classpath/System.java and once in URL:file:/home/runner/work/key/key/key.core/build/resources/main/de/uka/ilkd/key/java/JavaRedux/java/lang/System.java, Keeping one from URL:file:/home/runner/work/key/key/key.core/build/resources/main/de/uka/ilkd/key/java/JavaRedux/java/lang/System.java 
547945     WARN  main            d.u.i.k.j.r.KeYCrossReferenceNameInfo Datatype java.io.PrintStream declared twice: Once in FILE:/home/runner/work/key/key/key.core/../key.ui/examples/standard_key/staticInitialisation/classpath/PrintStream.java and once in URL:file:/home/runner/work/key/key/key.core/build/resources/main/de/uka/ilkd/key/java/JavaRedux/java/io/PrintStream.java, Keeping one from URL:file:/home/runner/work/key/key/key.core/build/resources/main/de/uka/ilkd/key/java/JavaRedux/java/io/PrintStream.java 
550232     DEBUG main            d.u.i.k.p.i.AbstractProblemLoader Init config took 2.3s 
550246     INFO  main            d.u.i.k.p.i.AbstractProblemLoader Replaying proof cascadeStaticInitialisation.key 
550247     DEBUG main            d.u.i.k.p.i.IntermediateProofReplayer Proof replay took 1.9ns 
550854     INFO  main            d.u.i.k.p.r.p.TestFile    ... finished proof: closed. 
551352     INFO  main            d.u.i.k.p.i.AbstractProblemLoader Loading environment from /home/runner/work/key/key/key.core/../key.ui/examples/standard_key/staticInitialisation/cascadeStaticInitialisation.key.proof 
551352     DEBUG main            d.u.i.k.p.i.AbstractProblemLoader Environment load took 75.2ns 
551353     INFO  main            d.u.i.k.p.i.AbstractProblemLoader Creating init config 
551372     WARN  main            d.u.i.k.j.r.KeYCrossReferenceNameInfo Datatype java.lang.System declared twice: Once in FILE:/home/runner/work/key/key/key.core/../key.ui/examples/standard_key/staticInitialisation/classpath/System.java and once in URL:file:/home/runner/work/key/key/key.core/build/resources/main/de/uka/ilkd/key/java/JavaRedux/java/lang/System.java, Keeping one from URL:file:/home/runner/work/key/key/key.core/build/resources/main/de/uka/ilkd/key/java/JavaRedux/java/lang/System.java 
551372     WARN  main            d.u.i.k.j.r.KeYCrossReferenceNameInfo Datatype java.io.PrintStream declared twice: Once in FILE:/home/runner/work/key/key/key.core/../key.ui/examples/standard_key/staticInitialisation/classpath/PrintStream.java and once in URL:file:/home/runner/work/key/key/key.core/build/resources/main/de/uka/ilkd/key/java/JavaRedux/java/io/PrintStream.java, Keeping one from URL:file:/home/runner/work/key/key/key.core/build/resources/main/de/uka/ilkd/key/java/JavaRedux/java/io/PrintStream.java 
553566     DEBUG main            d.u.i.k.p.i.AbstractProblemLoader Init config took 2.21s 
553579     INFO  main            d.u.i.k.p.i.AbstractProblemLoader Replaying proof cascadeStaticInitialisation.key.proof 
553706     DEBUG main            d.u.i.k.p.i.IntermediateProofReplayer Proof replay took 124.39ms 
553707     DEBUG main            d.u.i.k.p.r.p.TestFile    ... success: reloaded. 
553708     INFO  main            d.u.i.k.p.r.p.TestFile    Now processing file /home/runner/work/key/key/key.core/../key.ui/examples/standard_key/staticInitialisation/erroneousClassImpliesErroneousSubclass.key 
553708     INFO  main            d.u.i.k.p.i.AbstractProblemLoader Loading environment from /home/runner/work/key/key/key.core/../key.ui/examples/standard_key/staticInitialisation/erroneousClassImpliesErroneousSubclass.key 
553708     DEBUG main            d.u.i.k.p.i.AbstractProblemLoader Environment load took 39.7ns 
553709     INFO  main            d.u.i.k.p.i.AbstractProblemLoader Creating init config 
553725     WARN  main            d.u.i.k.j.r.KeYCrossReferenceNameInfo Datatype java.lang.System declared twice: Once in FILE:/home/runner/work/key/key/key.core/../key.ui/examples/standard_key/staticInitialisation/classpath/System.java and once in URL:file:/home/runner/work/key/key/key.core/build/resources/main/de/uka/ilkd/key/java/JavaRedux/java/lang/System.java, Keeping one from URL:file:/home/runner/work/key/key/key.core/build/resources/main/de/uka/ilkd/key/java/JavaRedux/java/lang/System.java 
553726     WARN  main            d.u.i.k.j.r.KeYCrossReferenceNameInfo Datatype java.io.PrintStream declared twice: Once in FILE:/home/runner/work/key/key/key.core/../key.ui/examples/standard_key/staticInitialisation/classpath/PrintStream.java and once in URL:file:/home/runner/work/key/key/key.core/build/resources/main/de/uka/ilkd/key/java/JavaRedux/java/io/PrintStream.java, Keeping one from URL:file:/home/runner/work/key/key/key.core/build/resources/main/de/uka/ilkd/key/java/JavaRedux/java/io/PrintStream.java 
556028     DEBUG main            d.u.i.k.p.i.AbstractProblemLoader Init config took 2.32s 
556040     INFO  main            d.u.i.k.p.i.AbstractProblemLoader Replaying proof erroneousClassImpliesErroneousSubclass.key 
556041     DEBUG main            d.u.i.k.p.i.IntermediateProofReplayer Proof replay took 2.3ns 
556143     INFO  main            d.u.i.k.p.r.p.TestFile    ... finished proof: closed. 
556623     INFO  main            d.u.i.k.p.i.AbstractProblemLoader Loading environment from /home/runner/work/key/key/key.core/../key.ui/examples/standard_key/staticInitialisation/erroneousClassImpliesErroneousSubclass.key.proof 
556623     DEBUG main            d.u.i.k.p.i.AbstractProblemLoader Environment load took 69.1ns 
556624     INFO  main            d.u.i.k.p.i.AbstractProblemLoader Creating init config 
556641     WARN  main            d.u.i.k.j.r.KeYCrossReferenceNameInfo Datatype java.lang.System declared twice: Once in FILE:/home/runner/work/key/key/key.core/../key.ui/examples/standard_key/staticInitialisation/classpath/System.java and once in URL:file:/home/runner/work/key/key/key.core/build/resources/main/de/uka/ilkd/key/java/JavaRedux/java/lang/System.java, Keeping one from URL:file:/home/runner/work/key/key/key.core/build/resources/main/de/uka/ilkd/key/java/JavaRedux/java/lang/System.java 
556641     WARN  main            d.u.i.k.j.r.KeYCrossReferenceNameInfo Datatype java.io.PrintStream declared twice: Once in FILE:/home/runner/work/key/key/key.core/../key.ui/examples/standard_key/staticInitialisation/classpath/PrintStream.java and once in URL:file:/home/runner/work/key/key/key.core/build/resources/main/de/uka/ilkd/key/java/JavaRedux/java/io/PrintStream.java, Keeping one from URL:file:/home/runner/work/key/key/key.core/build/resources/main/de/uka/ilkd/key/java/JavaRedux/java/io/PrintStream.java 
558829     DEBUG main            d.u.i.k.p.i.AbstractProblemLoader Init config took 2.2s 
558840     INFO  main            d.u.i.k.p.i.AbstractProblemLoader Replaying proof erroneousClassImpliesErroneousSubclass.key.proof 
558842     DEBUG main            d.u.i.k.p.i.IntermediateProofReplayer Proof replay took 414.2ns 
558843     DEBUG main            d.u.i.k.p.r.p.TestFile    ... success: reloaded. 
558843     INFO  main            d.u.i.k.p.r.p.TestFile    Now processing file /home/runner/work/key/key/key.core/../key.ui/examples/standard_key/staticInitialisation/initializedSubclassImpliesInitializedSuperclass.key 
558843     INFO  main            d.u.i.k.p.i.AbstractProblemLoader Loading environment from /home/runner/work/key/key/key.core/../key.ui/examples/standard_key/staticInitialisation/initializedSubclassImpliesInitializedSuperclass.key 
558843     DEBUG main            d.u.i.k.p.i.AbstractProblemLoader Environment load took 51.2ns 
558846     INFO  main            d.u.i.k.p.i.AbstractProblemLoader Creating init config 
558862     WARN  main            d.u.i.k.j.r.KeYCrossReferenceNameInfo Datatype java.lang.System declared twice: Once in FILE:/home/runner/work/key/key/key.core/../key.ui/examples/standard_key/staticInitialisation/classpath/System.java and once in URL:file:/home/runner/work/key/key/key.core/build/resources/main/de/uka/ilkd/key/java/JavaRedux/java/lang/System.java, Keeping one from URL:file:/home/runner/work/key/key/key.core/build/resources/main/de/uka/ilkd/key/java/JavaRedux/java/lang/System.java 
558862     WARN  main            d.u.i.k.j.r.KeYCrossReferenceNameInfo Datatype java.io.PrintStream declared twice: Once in FILE:/home/runner/work/key/key/key.core/../key.ui/examples/standard_key/staticInitialisation/classpath/PrintStream.java and once in URL:file:/home/runner/work/key/key/key.core/build/resources/main/de/uka/ilkd/key/java/JavaRedux/java/io/PrintStream.java, Keeping one from URL:file:/home/runner/work/key/key/key.core/build/resources/main/de/uka/ilkd/key/java/JavaRedux/java/io/PrintStream.java 
561069     DEBUG main            d.u.i.k.p.i.AbstractProblemLoader Init config took 2.22s 
561081     INFO  main            d.u.i.k.p.i.AbstractProblemLoader Replaying proof initializedSubclassImpliesInitializedSuperclass.key 
561082     DEBUG main            d.u.i.k.p.i.IntermediateProofReplayer Proof replay took 2.8ns 
561184     INFO  main            d.u.i.k.p.r.p.TestFile    ... finished proof: closed. 
561637     INFO  main            d.u.i.k.p.i.AbstractProblemLoader Loading environment from /home/runner/work/key/key/key.core/../key.ui/examples/standard_key/staticInitialisation/initializedSubclassImpliesInitializedSuperclass.key.proof 
561638     DEBUG main            d.u.i.k.p.i.AbstractProblemLoader Environment load took 68.4ns 
561638     INFO  main            d.u.i.k.p.i.AbstractProblemLoader Creating init config 
561655     WARN  main            d.u.i.k.j.r.KeYCrossReferenceNameInfo Datatype java.lang.System declared twice: Once in FILE:/home/runner/work/key/key/key.core/../key.ui/examples/standard_key/staticInitialisation/classpath/System.java and once in URL:file:/home/runner/work/key/key/key.core/build/resources/main/de/uka/ilkd/key/java/JavaRedux/java/lang/System.java, Keeping one from URL:file:/home/runner/work/key/key/key.core/build/resources/main/de/uka/ilkd/key/java/JavaRedux/java/lang/System.java 
561655     WARN  main            d.u.i.k.j.r.KeYCrossReferenceNameInfo Datatype java.io.PrintStream declared twice: Once in FILE:/home/runner/work/key/key/key.core/../key.ui/examples/standard_key/staticInitialisation/classpath/PrintStream.java and once in URL:file:/home/runner/work/key/key/key.core/build/resources/main/de/uka/ilkd/key/java/JavaRedux/java/io/PrintStream.java, Keeping one from URL:file:/home/runner/work/key/key/key.core/build/resources/main/de/uka/ilkd/key/java/JavaRedux/java/io/PrintStream.java 
563844     DEBUG main            d.u.i.k.p.i.AbstractProblemLoader Init config took 2.21s 
563855     INFO  main            d.u.i.k.p.i.AbstractProblemLoader Replaying proof initializedSubclassImpliesInitializedSuperclass.key.proof 
563857     DEBUG main            d.u.i.k.p.i.IntermediateProofReplayer Proof replay took 329.8ns 
563857     DEBUG main            d.u.i.k.p.r.p.TestFile    ... success: reloaded. 
563858     INFO  main            d.u.i.k.p.r.p.TestFile    Now processing file /home/runner/work/key/key/key.core/../key.ui/examples/standard_key/staticInitialisation/localDeclared.key 
563858     INFO  main            d.u.i.k.p.i.AbstractProblemLoader Loading environment from /home/runner/work/key/key/key.core/../key.ui/examples/standard_key/staticInitialisation/localDeclared.key 
563858     DEBUG main            d.u.i.k.p.i.AbstractProblemLoader Environment load took 49.5ns 
563860     INFO  main            d.u.i.k.p.i.AbstractProblemLoader Creating init config 
563885     WARN  main            d.u.i.k.j.r.KeYCrossReferenceNameInfo Datatype java.lang.System declared twice: Once in FILE:/home/runner/work/key/key/key.core/../key.ui/examples/standard_key/staticInitialisation/classpath/System.java and once in URL:file:/home/runner/work/key/key/key.core/build/resources/main/de/uka/ilkd/key/java/JavaRedux/java/lang/System.java, Keeping one from URL:file:/home/runner/work/key/key/key.core/build/resources/main/de/uka/ilkd/key/java/JavaRedux/java/lang/System.java 
563885     WARN  main            d.u.i.k.j.r.KeYCrossReferenceNameInfo Datatype java.io.PrintStream declared twice: Once in FILE:/home/runner/work/key/key/key.core/../key.ui/examples/standard_key/staticInitialisation/classpath/PrintStream.java and once in URL:file:/home/runner/work/key/key/key.core/build/resources/main/de/uka/ilkd/key/java/JavaRedux/java/io/PrintStream.java, Keeping one from URL:file:/home/runner/work/key/key/key.core/build/resources/main/de/uka/ilkd/key/java/JavaRedux/java/io/PrintStream.java 
566098     DEBUG main            d.u.i.k.p.i.AbstractProblemLoader Init config took 2.24s 
566110     INFO  main            d.u.i.k.p.i.AbstractProblemLoader Replaying proof localDeclared.key 
566111     DEBUG main            d.u.i.k.p.i.IntermediateProofReplayer Proof replay took 2.1ns 
566414     INFO  main            d.u.i.k.p.r.p.TestFile    ... finished proof: closed. 
566876     INFO  main            d.u.i.k.p.i.AbstractProblemLoader Loading environment from /home/runner/work/key/key/key.core/../key.ui/examples/standard_key/staticInitialisation/localDeclared.key.proof 
566876     DEBUG main            d.u.i.k.p.i.AbstractProblemLoader Environment load took 66.3ns 
566877     INFO  main            d.u.i.k.p.i.AbstractProblemLoader Creating init config 
566894     WARN  main            d.u.i.k.j.r.KeYCrossReferenceNameInfo Datatype java.lang.System declared twice: Once in FILE:/home/runner/work/key/key/key.core/../key.ui/examples/standard_key/staticInitialisation/classpath/System.java and once in URL:file:/home/runner/work/key/key/key.core/build/resources/main/de/uka/ilkd/key/java/JavaRedux/java/lang/System.java, Keeping one from URL:file:/home/runner/work/key/key/key.core/build/resources/main/de/uka/ilkd/key/java/JavaRedux/java/lang/System.java 
566894     WARN  main            d.u.i.k.j.r.KeYCrossReferenceNameInfo Datatype java.io.PrintStream declared twice: Once in FILE:/home/runner/work/key/key/key.core/../key.ui/examples/standard_key/staticInitialisation/classpath/PrintStream.java and once in URL:file:/home/runner/work/key/key/key.core/build/resources/main/de/uka/ilkd/key/java/JavaRedux/java/io/PrintStream.java, Keeping one from URL:file:/home/runner/work/key/key/key.core/build/resources/main/de/uka/ilkd/key/java/JavaRedux/java/io/PrintStream.java 
569158     DEBUG main            d.u.i.k.p.i.AbstractProblemLoader Init config took 2.28s 
569170     INFO  main            d.u.i.k.p.i.AbstractProblemLoader Replaying proof localDeclared.key.proof 
569222     DEBUG main            d.u.i.k.p.i.IntermediateProofReplayer Proof replay took 50.22ms 
569223     DEBUG main            d.u.i.k.p.r.p.TestFile    ... success: reloaded. 
569224     INFO  main            d.u.i.k.p.r.p.TestFile    Now processing file /home/runner/work/key/key/key.core/../key.ui/examples/standard_key/staticInitialisation/localDeclaredMethod.key 
569224     INFO  main            d.u.i.k.p.i.AbstractProblemLoader Loading environment from /home/runner/work/key/key/key.core/../key.ui/examples/standard_key/staticInitialisation/localDeclaredMethod.key 
569224     DEBUG main            d.u.i.k.p.i.AbstractProblemLoader Environment load took 63.1ns 
569226     INFO  main            d.u.i.k.p.i.AbstractProblemLoader Creating init config 
569243     WARN  main            d.u.i.k.j.r.KeYCrossReferenceNameInfo Datatype java.lang.System declared twice: Once in FILE:/home/runner/work/key/key/key.core/../key.ui/examples/standard_key/staticInitialisation/classpath/System.java and once in URL:file:/home/runner/work/key/key/key.core/build/resources/main/de/uka/ilkd/key/java/JavaRedux/java/lang/System.java, Keeping one from URL:file:/home/runner/work/key/key/key.core/build/resources/main/de/uka/ilkd/key/java/JavaRedux/java/lang/System.java 
569243     WARN  main            d.u.i.k.j.r.KeYCrossReferenceNameInfo Datatype java.io.PrintStream declared twice: Once in FILE:/home/runner/work/key/key/key.core/../key.ui/examples/standard_key/staticInitialisation/classpath/PrintStream.java and once in URL:file:/home/runner/work/key/key/key.core/build/resources/main/de/uka/ilkd/key/java/JavaRedux/java/io/PrintStream.java, Keeping one from URL:file:/home/runner/work/key/key/key.core/build/resources/main/de/uka/ilkd/key/java/JavaRedux/java/io/PrintStream.java 
571458     DEBUG main            d.u.i.k.p.i.AbstractProblemLoader Init config took 2.23s 
571473     INFO  main            d.u.i.k.p.i.AbstractProblemLoader Replaying proof localDeclaredMethod.key 
571474     DEBUG main            d.u.i.k.p.i.IntermediateProofReplayer Proof replay took 2.1ns 
571677     INFO  main            d.u.i.k.p.r.p.TestFile    ... finished proof: closed. 
572161     INFO  main            d.u.i.k.p.i.AbstractProblemLoader Loading environment from /home/runner/work/key/key/key.core/../key.ui/examples/standard_key/staticInitialisation/localDeclaredMethod.key.proof 
572161     DEBUG main            d.u.i.k.p.i.AbstractProblemLoader Environment load took 73.3ns 
572162     INFO  main            d.u.i.k.p.i.AbstractProblemLoader Creating init config 
572182     WARN  main            d.u.i.k.j.r.KeYCrossReferenceNameInfo Datatype java.lang.System declared twice: Once in FILE:/home/runner/work/key/key/key.core/../key.ui/examples/standard_key/staticInitialisation/classpath/System.java and once in URL:file:/home/runner/work/key/key/key.core/build/resources/main/de/uka/ilkd/key/java/JavaRedux/java/lang/System.java, Keeping one from URL:file:/home/runner/work/key/key/key.core/build/resources/main/de/uka/ilkd/key/java/JavaRedux/java/lang/System.java 
572182     WARN  main            d.u.i.k.j.r.KeYCrossReferenceNameInfo Datatype java.io.PrintStream declared twice: Once in FILE:/home/runner/work/key/key/key.core/../key.ui/examples/standard_key/staticInitialisation/classpath/PrintStream.java and once in URL:file:/home/runner/work/key/key/key.core/build/resources/main/de/uka/ilkd/key/java/JavaRedux/java/io/PrintStream.java, Keeping one from URL:file:/home/runner/work/key/key/key.core/build/resources/main/de/uka/ilkd/key/java/JavaRedux/java/io/PrintStream.java 
574372     DEBUG main            d.u.i.k.p.i.AbstractProblemLoader Init config took 2.21s 
574385     INFO  main            d.u.i.k.p.i.AbstractProblemLoader Replaying proof localDeclaredMethod.key.proof 
574431     DEBUG main            d.u.i.k.p.i.IntermediateProofReplayer Proof replay took 44.13ms 
574432     DEBUG main            d.u.i.k.p.r.p.TestFile    ... success: reloaded. 
574433     INFO  main            d.u.i.k.p.r.p.TestFile    Now processing file /home/runner/work/key/key/key.core/../key.ui/examples/standard_key/staticInitialisation/objectOfErroneousClass.key 
574433     INFO  main            d.u.i.k.p.i.AbstractProblemLoader Loading environment from /home/runner/work/key/key/key.core/../key.ui/examples/standard_key/staticInitialisation/objectOfErroneousClass.key 
574433     DEBUG main            d.u.i.k.p.i.AbstractProblemLoader Environment load took 59.7ns 
574434     INFO  main            d.u.i.k.p.i.AbstractProblemLoader Creating init config 
574450     WARN  main            d.u.i.k.j.r.KeYCrossReferenceNameInfo Datatype java.lang.System declared twice: Once in FILE:/home/runner/work/key/key/key.core/../key.ui/examples/standard_key/staticInitialisation/classpath/System.java and once in URL:file:/home/runner/work/key/key/key.core/build/resources/main/de/uka/ilkd/key/java/JavaRedux/java/lang/System.java, Keeping one from URL:file:/home/runner/work/key/key/key.core/build/resources/main/de/uka/ilkd/key/java/JavaRedux/java/lang/System.java 
574450     WARN  main            d.u.i.k.j.r.KeYCrossReferenceNameInfo Datatype java.io.PrintStream declared twice: Once in FILE:/home/runner/work/key/key/key.core/../key.ui/examples/standard_key/staticInitialisation/classpath/PrintStream.java and once in URL:file:/home/runner/work/key/key/key.core/build/resources/main/de/uka/ilkd/key/java/JavaRedux/java/io/PrintStream.java, Keeping one from URL:file:/home/runner/work/key/key/key.core/build/resources/main/de/uka/ilkd/key/java/JavaRedux/java/io/PrintStream.java 
576666     DEBUG main            d.u.i.k.p.i.AbstractProblemLoader Init config took 2.23s 
576680     INFO  main            d.u.i.k.p.i.AbstractProblemLoader Replaying proof objectOfErroneousClass.key 
576682     DEBUG main            d.u.i.k.p.i.IntermediateProofReplayer Proof replay took 1.9ns 
589407     INFO  main            d.u.i.k.p.r.p.TestFile    ... finished proof: closed. 
589970     INFO  main            d.u.i.k.p.i.AbstractProblemLoader Loading environment from /home/runner/work/key/key/key.core/../key.ui/examples/standard_key/staticInitialisation/objectOfErroneousClass.key.proof 
589970     DEBUG main            d.u.i.k.p.i.AbstractProblemLoader Environment load took 75.1ns 
589973     INFO  main            d.u.i.k.p.i.AbstractProblemLoader Creating init config 
589989     WARN  main            d.u.i.k.j.r.KeYCrossReferenceNameInfo Datatype java.lang.System declared twice: Once in FILE:/home/runner/work/key/key/key.core/../key.ui/examples/standard_key/staticInitialisation/classpath/System.java and once in URL:file:/home/runner/work/key/key/key.core/build/resources/main/de/uka/ilkd/key/java/JavaRedux/java/lang/System.java, Keeping one from URL:file:/home/runner/work/key/key/key.core/build/resources/main/de/uka/ilkd/key/java/JavaRedux/java/lang/System.java 
589989     WARN  main            d.u.i.k.j.r.KeYCrossReferenceNameInfo Datatype java.io.PrintStream declared twice: Once in FILE:/home/runner/work/key/key/key.core/../key.ui/examples/standard_key/staticInitialisation/classpath/PrintStream.java and once in URL:file:/home/runner/work/key/key/key.core/build/resources/main/de/uka/ilkd/key/java/JavaRedux/java/io/PrintStream.java, Keeping one from URL:file:/home/runner/work/key/key/key.core/build/resources/main/de/uka/ilkd/key/java/JavaRedux/java/io/PrintStream.java 
592195     DEBUG main            d.u.i.k.p.i.AbstractProblemLoader Init config took 2.22s 
592208     INFO  main            d.u.i.k.p.i.AbstractProblemLoader Replaying proof objectOfErroneousClass.key.proof 
594073     DEBUG main            d.u.i.k.p.i.IntermediateProofReplayer Proof replay took 1.84s 
594077     DEBUG main            d.u.i.k.p.r.p.TestFile    ... success: reloaded. 
594077     INFO  main            d.u.i.k.p.r.p.TestFile    Now processing file /home/runner/work/key/key/key.core/../key.ui/examples/standard_key/staticInitialisation/staticInitialisersAreNonSimple.key 
594078     INFO  main            d.u.i.k.p.i.AbstractProblemLoader Loading environment from /home/runner/work/key/key/key.core/../key.ui/examples/standard_key/staticInitialisation/staticInitialisersAreNonSimple.key 
594078     DEBUG main            d.u.i.k.p.i.AbstractProblemLoader Environment load took 51.2ns 
594079     INFO  main            d.u.i.k.p.i.AbstractProblemLoader Creating init config 
594095     WARN  main            d.u.i.k.j.r.KeYCrossReferenceNameInfo Datatype java.lang.System declared twice: Once in FILE:/home/runner/work/key/key/key.core/../key.ui/examples/standard_key/staticInitialisation/classpath/System.java and once in URL:file:/home/runner/work/key/key/key.core/build/resources/main/de/uka/ilkd/key/java/JavaRedux/java/lang/System.java, Keeping one from URL:file:/home/runner/work/key/key/key.core/build/resources/main/de/uka/ilkd/key/java/JavaRedux/java/lang/System.java 
594095     WARN  main            d.u.i.k.j.r.KeYCrossReferenceNameInfo Datatype java.io.PrintStream declared twice: Once in FILE:/home/runner/work/key/key/key.core/../key.ui/examples/standard_key/staticInitialisation/classpath/PrintStream.java and once in URL:file:/home/runner/work/key/key/key.core/build/resources/main/de/uka/ilkd/key/java/JavaRedux/java/io/PrintStream.java, Keeping one from URL:file:/home/runner/work/key/key/key.core/build/resources/main/de/uka/ilkd/key/java/JavaRedux/java/io/PrintStream.java 
596372     DEBUG main            d.u.i.k.p.i.AbstractProblemLoader Init config took 2.29s 
596385     INFO  main            d.u.i.k.p.i.AbstractProblemLoader Replaying proof staticInitialisersAreNonSimple.key 
596386     DEBUG main            d.u.i.k.p.i.IntermediateProofReplayer Proof replay took 2.2ns 
596688     INFO  main            d.u.i.k.p.r.p.TestFile    ... finished proof: closed. 
597299     INFO  main            d.u.i.k.p.i.AbstractProblemLoader Loading environment from /home/runner/work/key/key/key.core/../key.ui/examples/standard_key/staticInitialisation/staticInitialisersAreNonSimple.key.proof 
597299     DEBUG main            d.u.i.k.p.i.AbstractProblemLoader Environment load took 72.6ns 
597301     INFO  main            d.u.i.k.p.i.AbstractProblemLoader Creating init config 
597318     WARN  main            d.u.i.k.j.r.KeYCrossReferenceNameInfo Datatype java.lang.System declared twice: Once in FILE:/home/runner/work/key/key/key.core/../key.ui/examples/standard_key/staticInitialisation/classpath/System.java and once in URL:file:/home/runner/work/key/key/key.core/build/resources/main/de/uka/ilkd/key/java/JavaRedux/java/lang/System.java, Keeping one from URL:file:/home/runner/work/key/key/key.core/build/resources/main/de/uka/ilkd/key/java/JavaRedux/java/lang/System.java 
597318     WARN  main            d.u.i.k.j.r.KeYCrossReferenceNameInfo Datatype java.io.PrintStream declared twice: Once in FILE:/home/runner/work/key/key/key.core/../key.ui/examples/standard_key/staticInitialisation/classpath/PrintStream.java and once in URL:file:/home/runner/work/key/key/key.core/build/resources/main/de/uka/ilkd/key/java/JavaRedux/java/io/PrintStream.java, Keeping one from URL:file:/home/runner/work/key/key/key.core/build/resources/main/de/uka/ilkd/key/java/JavaRedux/java/io/PrintStream.java 
599586     DEBUG main            d.u.i.k.p.i.AbstractProblemLoader Init config took 2.29s 
599599     INFO  main            d.u.i.k.p.i.AbstractProblemLoader Replaying proof staticInitialisersAreNonSimple.key.proof 
599665     DEBUG main            d.u.i.k.p.i.IntermediateProofReplayer Proof replay took 63.82ms 
599666     DEBUG main            d.u.i.k.p.r.p.TestFile    ... success: reloaded. 
599667     INFO  main            d.u.i.k.p.r.p.TestFile    Now processing file /home/runner/work/key/key/key.core/../key.ui/examples/standard_key/types/disjoint.key 
599667     INFO  main            d.u.i.k.p.i.AbstractProblemLoader Loading environment from /home/runner/work/key/key/key.core/../key.ui/examples/standard_key/types/disjoint.key 
599667     DEBUG main            d.u.i.k.p.i.AbstractProblemLoader Environment load took 53.6ns 
599668     INFO  main            d.u.i.k.p.i.AbstractProblemLoader Creating init config 
601843     DEBUG main            d.u.i.k.p.i.AbstractProblemLoader Init config took 2.18s 
601855     INFO  main            d.u.i.k.p.i.AbstractProblemLoader Replaying proof disjoint.key 
601856     DEBUG main            d.u.i.k.p.i.IntermediateProofReplayer Proof replay took 2.1ns 
601957     INFO  main            d.u.i.k.p.r.p.TestFile    ... finished proof: closed. 
602458     INFO  main            d.u.i.k.p.i.AbstractProblemLoader Loading environment from /home/runner/work/key/key/key.core/../key.ui/examples/standard_key/types/disjoint.key.proof 
602458     DEBUG main            d.u.i.k.p.i.AbstractProblemLoader Environment load took 68.8ns 
602459     INFO  main            d.u.i.k.p.i.AbstractProblemLoader Creating init config 
604603     DEBUG main            d.u.i.k.p.i.AbstractProblemLoader Init config took 2.14s 
604614     INFO  main            d.u.i.k.p.i.AbstractProblemLoader Replaying proof disjoint.key.proof 
604615     DEBUG main            d.u.i.k.p.i.IntermediateProofReplayer Proof replay took 406.9ns 
604616     DEBUG main            d.u.i.k.p.r.p.TestFile    ... success: reloaded. 
604616     INFO  main            d.u.i.k.p.r.p.TestFile    Now processing file /home/runner/work/key/key/key.core/../key.ui/examples/../../key.core/src/test/resources/testcase/classpath/classpath.key 
604616     INFO  main            d.u.i.k.p.i.AbstractProblemLoader Loading environment from /home/runner/work/key/key/key.core/../key.ui/examples/../../key.core/src/test/resources/testcase/classpath/classpath.key 
604620     DEBUG main            d.u.i.k.p.i.AbstractProblemLoader Environment load took 3.23ms 
604621     INFO  main            d.u.i.k.p.i.AbstractProblemLoader Creating init config 
604647     WARN  main            d.u.i.k.j.r.KeYCrossReferenceNameInfo Datatype cp.C declared twice: Once in FILE:/home/runner/work/key/key/key.core/../key.ui/examples/../../key.core/src/test/resources/testcase/classpath/classpath/C.class and once in FILE:/home/runner/work/key/key/key.core/../key.ui/examples/../../key.core/src/test/resources/testcase/classpath/classpath/C.jml, Keeping one from FILE:/home/runner/work/key/key/key.core/../key.ui/examples/../../key.core/src/test/resources/testcase/classpath/classpath/C.jml 
604650     DEBUG main            d.u.i.k.j.r.ClassFileDeclarationBuilder Parsing: package cp; public class Unresolved1 { } 
604650     DEBUG main            r.s.KeYCrossReferenceSourceInfo Dynamically created class: cp.Unresolved1 
604651     DEBUG main            d.u.i.k.j.r.ClassFileDeclarationBuilder Parsing: package cp; public class Unresolved2 { } 
604651     DEBUG main            r.s.KeYCrossReferenceSourceInfo Dynamically created class: cp.Unresolved2 
606962     DEBUG main            d.u.i.k.p.i.AbstractProblemLoader Init config took 2.34s 
606975     INFO  main            d.u.i.k.p.i.AbstractProblemLoader Replaying proof classpath.key 
606976     DEBUG main            d.u.i.k.p.i.IntermediateProofReplayer Proof replay took 2.4ns 
607078     INFO  main            d.u.i.k.p.r.p.TestFile    ... finished proof: closed. 
607569     INFO  main            d.u.i.k.p.i.AbstractProblemLoader Loading environment from /home/runner/work/key/key/key.core/../key.ui/examples/../../key.core/src/test/resources/testcase/classpath/classpath.key.proof 
607569     DEBUG main            d.u.i.k.p.i.AbstractProblemLoader Environment load took 70.2ns 
607570     INFO  main            d.u.i.k.p.i.AbstractProblemLoader Creating init config 
607597     WARN  main            d.u.i.k.j.r.KeYCrossReferenceNameInfo Datatype cp.C declared twice: Once in FILE:/home/runner/work/key/key/key.core/../key.ui/examples/../../key.core/src/test/resources/testcase/classpath/classpath/C.class and once in FILE:/home/runner/work/key/key/key.core/../key.ui/examples/../../key.core/src/test/resources/testcase/classpath/classpath/C.jml, Keeping one from FILE:/home/runner/work/key/key/key.core/../key.ui/examples/../../key.core/src/test/resources/testcase/classpath/classpath/C.jml 
607601     DEBUG main            d.u.i.k.j.r.ClassFileDeclarationBuilder Parsing: package cp; public class Unresolved1 { } 
607601     DEBUG main            r.s.KeYCrossReferenceSourceInfo Dynamically created class: cp.Unresolved1 
607601     DEBUG main            d.u.i.k.j.r.ClassFileDeclarationBuilder Parsing: package cp; public class Unresolved2 { } 
607603     DEBUG main            r.s.KeYCrossReferenceSourceInfo Dynamically created class: cp.Unresolved2 
609868     DEBUG main            d.u.i.k.p.i.AbstractProblemLoader Init config took 2.3s 
609882     INFO  main            d.u.i.k.p.i.AbstractProblemLoader Replaying proof classpath.key.proof 
609883     DEBUG main            d.u.i.k.p.i.IntermediateProofReplayer Proof replay took 444.2ns 
609885     DEBUG main            d.u.i.k.p.r.p.TestFile    ... success: reloaded. 
609885     INFO  main            d.u.i.k.p.r.p.TestFile    Now processing file /home/runner/work/key/key/key.core/../key.ui/examples/heap/inconsistent_represents/MyClass_m.key 
609885     INFO  main            d.u.i.k.p.i.AbstractProblemLoader Loading environment from /home/runner/work/key/key/key.core/../key.ui/examples/heap/inconsistent_represents/MyClass_m.key 
609885     DEBUG main            d.u.i.k.p.i.AbstractProblemLoader Environment load took 82.3ns 
609886     INFO  main            d.u.i.k.p.i.AbstractProblemLoader Creating init config 
612165     DEBUG main            d.u.i.k.p.i.AbstractProblemLoader Init config took 2.28s 
612198     INFO  main            d.u.i.k.p.i.AbstractProblemLoader Replaying proof MyClass[MyClass::m()].JML operation contract.0 
612199     DEBUG main            d.u.i.k.p.i.IntermediateProofReplayer Proof replay took 2.3ns 
612302     INFO  main            d.u.i.k.p.r.p.TestFile    ... finished proof: open goal(s) 
612793     INFO  main            d.u.i.k.p.r.p.TestFile    Now processing file /home/runner/work/key/key/key.core/../key.ui/examples/heap/inconsistent_represents/MyClass_n.key 
612793     INFO  main            d.u.i.k.p.i.AbstractProblemLoader Loading environment from /home/runner/work/key/key/key.core/../key.ui/examples/heap/inconsistent_represents/MyClass_n.key 
612793     DEBUG main            d.u.i.k.p.i.AbstractProblemLoader Environment load took 44.5ns 
612793     INFO  main            d.u.i.k.p.i.AbstractProblemLoader Creating init config 
615016     DEBUG main            d.u.i.k.p.i.AbstractProblemLoader Init config took 2.22s 
615046     INFO  main            d.u.i.k.p.i.AbstractProblemLoader Replaying proof MyClass[MyClass::n()].JML operation contract.0 
615048     DEBUG main            d.u.i.k.p.i.IntermediateProofReplayer Proof replay took 2.5ns 
615149     INFO  main            d.u.i.k.p.r.p.TestFile    ... finished proof: open goal(s) 
3426838    INFO  Test worker     d.u.i.k.p.r.RunAllProofsTestUnit Returning from test javadl 
3426839    INFO  Test worker     d.u.i.k.p.r.RunAllProofsTestUnit Running test FOL 
356        INFO  Timeout watchdog d.u.i.k.p.r.p.ForkedTestFileRunner Timeout watcher launched (2000 secs.) 
374        WARN  main            d.u.i.k.s.ProofSettings   The settings in /home/runner/.key/proof-settings.props are *not* read. 
416        INFO  main            d.u.i.k.p.r.p.TestFile    Now processing file /home/runner/work/key/key/key.core/../key.ui/examples/standard_key/pred_log/count.key 
531        INFO  main            d.u.i.k.p.i.AbstractProblemLoader Loading environment from /home/runner/work/key/key/key.core/../key.ui/examples/standard_key/pred_log/count.key 
549        DEBUG main            d.u.i.k.p.i.AbstractProblemLoader Environment load took 1.68ms 
771        INFO  main            d.u.i.k.p.i.AbstractProblemLoader Creating init config 
1697       DEBUG main            d.u.i.k.j.TypeConverter   No LDT found for Meta 
1697       DEBUG main            d.u.i.k.j.TypeConverter   No LDT found for Meta 
1701       DEBUG main            d.u.i.k.j.TypeConverter   No LDT found for Meta 
1701       DEBUG main            d.u.i.k.j.TypeConverter   No LDT found for Meta 
3333       DEBUG main            d.u.i.k.j.TypeConverter   No LDT found for JavaBigintExpression 
7611       DEBUG main            d.u.i.k.p.i.AbstractProblemLoader Init config took 6.84s 
7670       INFO  main            d.u.i.k.p.i.AbstractProblemLoader Replaying proof count.key 
7699       DEBUG main            d.u.i.k.p.i.IntermediateProofReplayer Proof replay took 31.3ns 
7848       INFO  main            d.u.i.k.p.r.p.TestFile    ... finished proof: closed. 
7958       INFO  main            d.u.i.k.p.i.AbstractProblemLoader Loading environment from /home/runner/work/key/key/key.core/../key.ui/examples/standard_key/pred_log/count.key.proof 
7958       DEBUG main            d.u.i.k.p.i.AbstractProblemLoader Environment load took 162.1ns 
7962       INFO  main            d.u.i.k.p.i.AbstractProblemLoader Creating init config 
10461      DEBUG main            d.u.i.k.p.i.AbstractProblemLoader Init config took 2.5s 
10492      INFO  main            d.u.i.k.p.i.AbstractProblemLoader Replaying proof count.key.proof 
10503      DEBUG main            d.u.i.k.p.i.IntermediateProofReplayer Proof replay took 7.14ms 
10512      DEBUG main            d.u.i.k.p.r.p.TestFile    ... success: reloaded. 
10513      INFO  main            d.u.i.k.p.r.p.TestFile    Now processing file /home/runner/work/key/key/key.core/../key.ui/examples/standard_key/pred_log/count2.key 
10514      INFO  main            d.u.i.k.p.i.AbstractProblemLoader Loading environment from /home/runner/work/key/key/key.core/../key.ui/examples/standard_key/pred_log/count2.key 
10514      DEBUG main            d.u.i.k.p.i.AbstractProblemLoader Environment load took 170.4ns 
10515      INFO  main            d.u.i.k.p.i.AbstractProblemLoader Creating init config 
12897      DEBUG main            d.u.i.k.p.i.AbstractProblemLoader Init config took 2.38s 
12925      INFO  main            d.u.i.k.p.i.AbstractProblemLoader Replaying proof count2.key 
12927      DEBUG main            d.u.i.k.p.i.IntermediateProofReplayer Proof replay took 5.5ns 
13033      INFO  main            d.u.i.k.p.r.p.TestFile    ... finished proof: closed. 
13168      INFO  main            d.u.i.k.p.i.AbstractProblemLoader Loading environment from /home/runner/work/key/key/key.core/../key.ui/examples/standard_key/pred_log/count2.key.proof 
13168      DEBUG main            d.u.i.k.p.i.AbstractProblemLoader Environment load took 118.2ns 
13179      INFO  main            d.u.i.k.p.i.AbstractProblemLoader Creating init config 
15547      DEBUG main            d.u.i.k.p.i.AbstractProblemLoader Init config took 2.37s 
15567      INFO  main            d.u.i.k.p.i.AbstractProblemLoader Replaying proof count2.key.proof 
15572      DEBUG main            d.u.i.k.p.i.IntermediateProofReplayer Proof replay took 3.4ms 
15573      DEBUG main            d.u.i.k.p.r.p.TestFile    ... success: reloaded. 
15574      INFO  main            d.u.i.k.p.r.p.TestFile    Now processing file /home/runner/work/key/key/key.core/../key.ui/examples/standard_key/pred_log/count3.key 
15574      INFO  main            d.u.i.k.p.i.AbstractProblemLoader Loading environment from /home/runner/work/key/key/key.core/../key.ui/examples/standard_key/pred_log/count3.key 
15574      DEBUG main            d.u.i.k.p.i.AbstractProblemLoader Environment load took 99.5ns 
15575      INFO  main            d.u.i.k.p.i.AbstractProblemLoader Creating init config 
17846      DEBUG main            d.u.i.k.p.i.AbstractProblemLoader Init config took 2.27s 
17865      INFO  main            d.u.i.k.p.i.AbstractProblemLoader Replaying proof count3.key 
17867      DEBUG main            d.u.i.k.p.i.IntermediateProofReplayer Proof replay took 6ns 
17971      INFO  main            d.u.i.k.p.r.p.TestFile    ... finished proof: closed. 
18094      INFO  main            d.u.i.k.p.i.AbstractProblemLoader Loading environment from /home/runner/work/key/key/key.core/../key.ui/examples/standard_key/pred_log/count3.key.proof 
18094      DEBUG main            d.u.i.k.p.i.AbstractProblemLoader Environment load took 110.9ns 
18095      INFO  main            d.u.i.k.p.i.AbstractProblemLoader Creating init config 
20356      DEBUG main            d.u.i.k.p.i.AbstractProblemLoader Init config took 2.26s 
20373      INFO  main            d.u.i.k.p.i.AbstractProblemLoader Replaying proof count3.key.proof 
20377      DEBUG main            d.u.i.k.p.i.IntermediateProofReplayer Proof replay took 2.6ms 
20378      DEBUG main            d.u.i.k.p.r.p.TestFile    ... success: reloaded. 
20379      INFO  main            d.u.i.k.p.r.p.TestFile    Now processing file /home/runner/work/key/key/key.core/../key.ui/examples/standard_key/pred_log/equalities.key 
20379      INFO  main            d.u.i.k.p.i.AbstractProblemLoader Loading environment from /home/runner/work/key/key/key.core/../key.ui/examples/standard_key/pred_log/equalities.key 
20379      DEBUG main            d.u.i.k.p.i.AbstractProblemLoader Environment load took 96.6ns 
20380      INFO  main            d.u.i.k.p.i.AbstractProblemLoader Creating init config 
22627      DEBUG main            d.u.i.k.p.i.AbstractProblemLoader Init config took 2.25s 
22647      INFO  main            d.u.i.k.p.i.AbstractProblemLoader Replaying proof equalities.key 
22650      DEBUG main            d.u.i.k.p.i.IntermediateProofReplayer Proof replay took 6.8ns 
22752      INFO  main            d.u.i.k.p.r.p.TestFile    ... finished proof: closed. 
22871      INFO  main            d.u.i.k.p.i.AbstractProblemLoader Loading environment from /home/runner/work/key/key/key.core/../key.ui/examples/standard_key/pred_log/equalities.key.proof 
22871      DEBUG main            d.u.i.k.p.i.AbstractProblemLoader Environment load took 111.9ns 
22874      INFO  main            d.u.i.k.p.i.AbstractProblemLoader Creating init config 
25102      DEBUG main            d.u.i.k.p.i.AbstractProblemLoader Init config took 2.23s 
25121      INFO  main            d.u.i.k.p.i.AbstractProblemLoader Replaying proof equalities.key.proof 
25132      DEBUG main            d.u.i.k.p.i.IntermediateProofReplayer Proof replay took 3.81ms 
25133      DEBUG main            d.u.i.k.p.r.p.TestFile    ... success: reloaded. 
25134      INFO  main            d.u.i.k.p.r.p.TestFile    Now processing file /home/runner/work/key/key/key.core/../key.ui/examples/standard_key/pred_log/equalities2.key 
25134      INFO  main            d.u.i.k.p.i.AbstractProblemLoader Loading environment from /home/runner/work/key/key/key.core/../key.ui/examples/standard_key/pred_log/equalities2.key 
25135      DEBUG main            d.u.i.k.p.i.AbstractProblemLoader Environment load took 161.1ns 
25136      INFO  main            d.u.i.k.p.i.AbstractProblemLoader Creating init config 
27366      DEBUG main            d.u.i.k.p.i.AbstractProblemLoader Init config took 2.23s 
27385      INFO  main            d.u.i.k.p.i.AbstractProblemLoader Replaying proof equalities2.key 
27387      DEBUG main            d.u.i.k.p.i.IntermediateProofReplayer Proof replay took 6.9ns 
27489      INFO  main            d.u.i.k.p.r.p.TestFile    ... finished proof: closed. 
27618      INFO  main            d.u.i.k.p.i.AbstractProblemLoader Loading environment from /home/runner/work/key/key/key.core/../key.ui/examples/standard_key/pred_log/equalities2.key.proof 
27620      DEBUG main            d.u.i.k.p.i.AbstractProblemLoader Environment load took 1.67ms 
27621      INFO  main            d.u.i.k.p.i.AbstractProblemLoader Creating init config 
29802      DEBUG main            d.u.i.k.p.i.AbstractProblemLoader Init config took 2.18s 
29817      INFO  main            d.u.i.k.p.i.AbstractProblemLoader Replaying proof equalities2.key.proof 
29823      DEBUG main            d.u.i.k.p.i.IntermediateProofReplayer Proof replay took 3.93ms 
29823      DEBUG main            d.u.i.k.p.r.p.TestFile    ... success: reloaded. 
29824      INFO  main            d.u.i.k.p.r.p.TestFile    Now processing file /home/runner/work/key/key/key.core/../key.ui/examples/standard_key/pred_log/equalities3.key 
29824      INFO  main            d.u.i.k.p.i.AbstractProblemLoader Loading environment from /home/runner/work/key/key/key.core/../key.ui/examples/standard_key/pred_log/equalities3.key 
29825      DEBUG main            d.u.i.k.p.i.AbstractProblemLoader Environment load took 166.3ns 
29826      INFO  main            d.u.i.k.p.i.AbstractProblemLoader Creating init config 
32071      DEBUG main            d.u.i.k.p.i.AbstractProblemLoader Init config took 2.25s 
32087      INFO  main            d.u.i.k.p.i.AbstractProblemLoader Replaying proof equalities3.key 
32088      DEBUG main            d.u.i.k.p.i.IntermediateProofReplayer Proof replay took 6.5ns 
32191      INFO  main            d.u.i.k.p.r.p.TestFile    ... finished proof: closed. 
32321      INFO  main            d.u.i.k.p.i.AbstractProblemLoader Loading environment from /home/runner/work/key/key/key.core/../key.ui/examples/standard_key/pred_log/equalities3.key.proof 
32321      DEBUG main            d.u.i.k.p.i.AbstractProblemLoader Environment load took 106.8ns 
32322      INFO  main            d.u.i.k.p.i.AbstractProblemLoader Creating init config 
34516      DEBUG main            d.u.i.k.p.i.AbstractProblemLoader Init config took 2.19s 
34531      INFO  main            d.u.i.k.p.i.AbstractProblemLoader Replaying proof equalities3.key.proof 
34539      DEBUG main            d.u.i.k.p.i.IntermediateProofReplayer Proof replay took 6.22ms 
34540      DEBUG main            d.u.i.k.p.r.p.TestFile    ... success: reloaded. 
34540      INFO  main            d.u.i.k.p.r.p.TestFile    Now processing file /home/runner/work/key/key/key.core/../key.ui/examples/standard_key/pred_log/functions.key 
34541      INFO  main            d.u.i.k.p.i.AbstractProblemLoader Loading environment from /home/runner/work/key/key/key.core/../key.ui/examples/standard_key/pred_log/functions.key 
34541      DEBUG main            d.u.i.k.p.i.AbstractProblemLoader Environment load took 82.4ns 
34542      INFO  main            d.u.i.k.p.i.AbstractProblemLoader Creating init config 
36761      DEBUG main            d.u.i.k.p.i.AbstractProblemLoader Init config took 2.22s 
36776      INFO  main            d.u.i.k.p.i.AbstractProblemLoader Replaying proof functions.key 
36778      DEBUG main            d.u.i.k.p.i.IntermediateProofReplayer Proof replay took 5.7ns 
36880      INFO  main            d.u.i.k.p.r.p.TestFile    ... finished proof: closed. 
37054      INFO  main            d.u.i.k.p.i.AbstractProblemLoader Loading environment from /home/runner/work/key/key/key.core/../key.ui/examples/standard_key/pred_log/functions.key.proof 
37054      DEBUG main            d.u.i.k.p.i.AbstractProblemLoader Environment load took 114.3ns 
37055      INFO  main            d.u.i.k.p.i.AbstractProblemLoader Creating init config 
39223      DEBUG main            d.u.i.k.p.i.AbstractProblemLoader Init config took 2.17s 
39238      INFO  main            d.u.i.k.p.i.AbstractProblemLoader Replaying proof functions.key.proof 
39242      DEBUG main            d.u.i.k.p.i.IntermediateProofReplayer Proof replay took 2.43ms 
39243      DEBUG main            d.u.i.k.p.r.p.TestFile    ... success: reloaded. 
39244      INFO  main            d.u.i.k.p.r.p.TestFile    Now processing file /home/runner/work/key/key/key.core/../key.ui/examples/standard_key/pred_log/mv1.key 
39244      INFO  main            d.u.i.k.p.i.AbstractProblemLoader Loading environment from /home/runner/work/key/key/key.core/../key.ui/examples/standard_key/pred_log/mv1.key 
39244      DEBUG main            d.u.i.k.p.i.AbstractProblemLoader Environment load took 152.2ns 
39245      INFO  main            d.u.i.k.p.i.AbstractProblemLoader Creating init config 
41453      DEBUG main            d.u.i.k.p.i.AbstractProblemLoader Init config took 2.21s 
41467      INFO  main            d.u.i.k.p.i.AbstractProblemLoader Replaying proof mv1.key 
41469      DEBUG main            d.u.i.k.p.i.IntermediateProofReplayer Proof replay took 6.6ns 
41571      INFO  main            d.u.i.k.p.r.p.TestFile    ... finished proof: closed. 
41712      INFO  main            d.u.i.k.p.i.AbstractProblemLoader Loading environment from /home/runner/work/key/key/key.core/../key.ui/examples/standard_key/pred_log/mv1.key.proof 
41712      DEBUG main            d.u.i.k.p.i.AbstractProblemLoader Environment load took 115.3ns 
41713      INFO  main            d.u.i.k.p.i.AbstractProblemLoader Creating init config 
43867      DEBUG main            d.u.i.k.p.i.AbstractProblemLoader Init config took 2.15s 
43881      INFO  main            d.u.i.k.p.i.AbstractProblemLoader Replaying proof mv1.key.proof 
43884      DEBUG main            d.u.i.k.p.i.IntermediateProofReplayer Proof replay took 871.79ns 
43884      DEBUG main            d.u.i.k.p.r.p.TestFile    ... success: reloaded. 
43885      INFO  main            d.u.i.k.p.r.p.TestFile    Now processing file /home/runner/work/key/key/key.core/../key.ui/examples/standard_key/pred_log/mv2.key 
43885      INFO  main            d.u.i.k.p.i.AbstractProblemLoader Loading environment from /home/runner/work/key/key/key.core/../key.ui/examples/standard_key/pred_log/mv2.key 
43886      DEBUG main            d.u.i.k.p.i.AbstractProblemLoader Environment load took 150.8ns 
43887      INFO  main            d.u.i.k.p.i.AbstractProblemLoader Creating init config 
46082      DEBUG main            d.u.i.k.p.i.AbstractProblemLoader Init config took 2.2s 
46096      INFO  main            d.u.i.k.p.i.AbstractProblemLoader Replaying proof mv2.key 
46097      DEBUG main            d.u.i.k.p.i.IntermediateProofReplayer Proof replay took 6.5ns 
46199      INFO  main            d.u.i.k.p.r.p.TestFile    ... finished proof: closed. 
46392      INFO  main            d.u.i.k.p.i.AbstractProblemLoader Loading environment from /home/runner/work/key/key/key.core/../key.ui/examples/standard_key/pred_log/mv2.key.proof 
46392      DEBUG main            d.u.i.k.p.i.AbstractProblemLoader Environment load took 102.7ns 
46393      INFO  main            d.u.i.k.p.i.AbstractProblemLoader Creating init config 
48566      DEBUG main            d.u.i.k.p.i.AbstractProblemLoader Init config took 2.17s 
48580      INFO  main            d.u.i.k.p.i.AbstractProblemLoader Replaying proof mv2.key.proof 
48583      DEBUG main            d.u.i.k.p.i.IntermediateProofReplayer Proof replay took 1.36ms 
48583      DEBUG main            d.u.i.k.p.r.p.TestFile    ... success: reloaded. 
48584      INFO  main            d.u.i.k.p.r.p.TestFile    Now processing file /home/runner/work/key/key/key.core/../key.ui/examples/standard_key/pred_log/quantifiers.key 
48584      INFO  main            d.u.i.k.p.i.AbstractProblemLoader Loading environment from /home/runner/work/key/key/key.core/../key.ui/examples/standard_key/pred_log/quantifiers.key 
48584      DEBUG main            d.u.i.k.p.i.AbstractProblemLoader Environment load took 173.8ns 
48585      INFO  main            d.u.i.k.p.i.AbstractProblemLoader Creating init config 
50803      DEBUG main            d.u.i.k.p.i.AbstractProblemLoader Init config took 2.22s 
50817      INFO  main            d.u.i.k.p.i.AbstractProblemLoader Replaying proof quantifiers.key 
50818      DEBUG main            d.u.i.k.p.i.IntermediateProofReplayer Proof replay took 5.9ns 
50920      INFO  main            d.u.i.k.p.r.p.TestFile    ... finished proof: closed. 
51140      INFO  main            d.u.i.k.p.i.AbstractProblemLoader Loading environment from /home/runner/work/key/key/key.core/../key.ui/examples/standard_key/pred_log/quantifiers.key.proof 
51142      DEBUG main            d.u.i.k.p.i.AbstractProblemLoader Environment load took 2.55ms 
51143      INFO  main            d.u.i.k.p.i.AbstractProblemLoader Creating init config 
53307      DEBUG main            d.u.i.k.p.i.AbstractProblemLoader Init config took 2.16s 
53322      INFO  main            d.u.i.k.p.i.AbstractProblemLoader Replaying proof quantifiers.key.proof 
53331      DEBUG main            d.u.i.k.p.i.IntermediateProofReplayer Proof replay took 6.2ms 
53331      DEBUG main            d.u.i.k.p.r.p.TestFile    ... success: reloaded. 
53332      INFO  main            d.u.i.k.p.r.p.TestFile    Now processing file /home/runner/work/key/key/key.core/../key.ui/examples/standard_key/pred_log/simpleEps.key 
53332      INFO  main            d.u.i.k.p.i.AbstractProblemLoader Loading environment from /home/runner/work/key/key/key.core/../key.ui/examples/standard_key/pred_log/simpleEps.key 
53332      DEBUG main            d.u.i.k.p.i.AbstractProblemLoader Environment load took 79.6ns 
53334      INFO  main            d.u.i.k.p.i.AbstractProblemLoader Creating init config 
55549      DEBUG main            d.u.i.k.p.i.AbstractProblemLoader Init config took 2.21s 
55563      INFO  main            d.u.i.k.p.i.AbstractProblemLoader Replaying proof simpleEps.key 
55564      DEBUG main            d.u.i.k.p.i.IntermediateProofReplayer Proof replay took 5.9ns 
55666      INFO  main            d.u.i.k.p.r.p.TestFile    ... finished proof: closed. 
55824      INFO  main            d.u.i.k.p.i.AbstractProblemLoader Loading environment from /home/runner/work/key/key/key.core/../key.ui/examples/standard_key/pred_log/simpleEps.key.proof 
55824      DEBUG main            d.u.i.k.p.i.AbstractProblemLoader Environment load took 102.9ns 
55825      INFO  main            d.u.i.k.p.i.AbstractProblemLoader Creating init config 
57990      DEBUG main            d.u.i.k.p.i.AbstractProblemLoader Init config took 2.16s 
58004      INFO  main            d.u.i.k.p.i.AbstractProblemLoader Replaying proof simpleEps.key.proof 
58006      DEBUG main            d.u.i.k.p.i.IntermediateProofReplayer Proof replay took 1.44ms 
58007      DEBUG main            d.u.i.k.p.r.p.TestFile    ... success: reloaded. 
58007      INFO  main            d.u.i.k.p.r.p.TestFile    Now processing file /home/runner/work/key/key/key.core/../key.ui/examples/standard_key/pred_log/steam1.key 
58008      INFO  main            d.u.i.k.p.i.AbstractProblemLoader Loading environment from /home/runner/work/key/key/key.core/../key.ui/examples/standard_key/pred_log/steam1.key 
58008      DEBUG main            d.u.i.k.p.i.AbstractProblemLoader Environment load took 88.6ns 
58009      INFO  main            d.u.i.k.p.i.AbstractProblemLoader Creating init config 
60160      DEBUG main            d.u.i.k.p.i.AbstractProblemLoader Init config took 2.15s 
60184      INFO  main            d.u.i.k.p.i.AbstractProblemLoader Replaying proof steam1.key 
60185      DEBUG main            d.u.i.k.p.i.IntermediateProofReplayer Proof replay took 6.2ns 
60598      INFO  main            d.u.i.k.p.r.p.TestFile    ... finished proof: closed. 
60776      INFO  main            d.u.i.k.p.i.AbstractProblemLoader Loading environment from /home/runner/work/key/key/key.core/../key.ui/examples/standard_key/pred_log/steam1.key.proof 
60777      DEBUG main            d.u.i.k.p.i.AbstractProblemLoader Environment load took 463.3ns 
60782      INFO  main            d.u.i.k.p.i.AbstractProblemLoader Creating init config 
62916      DEBUG main            d.u.i.k.p.i.AbstractProblemLoader Init config took 2.13s 
62940      INFO  main            d.u.i.k.p.i.AbstractProblemLoader Replaying proof steam1.key.proof 
62961      DEBUG main            d.u.i.k.p.i.IntermediateProofReplayer Proof replay took 17.41ms 
62963      DEBUG main            d.u.i.k.p.r.p.TestFile    ... success: reloaded. 
62964      INFO  main            d.u.i.k.p.r.p.TestFile    Now processing file /home/runner/work/key/key/key.core/../key.ui/examples/standard_key/pred_log/tptp/PUZ/PUZ001p1.key 
62964      INFO  main            d.u.i.k.p.i.AbstractProblemLoader Loading environment from /home/runner/work/key/key/key.core/../key.ui/examples/standard_key/pred_log/tptp/PUZ/PUZ001p1.key 
62964      DEBUG main            d.u.i.k.p.i.AbstractProblemLoader Environment load took 148.2ns 
62965      INFO  main            d.u.i.k.p.i.AbstractProblemLoader Creating init config 
65172      DEBUG main            d.u.i.k.p.i.AbstractProblemLoader Init config took 2.21s 
65192      INFO  main            d.u.i.k.p.i.AbstractProblemLoader Replaying proof PUZ001p1.key 
65193      DEBUG main            d.u.i.k.p.i.IntermediateProofReplayer Proof replay took 14.3ns 
68208      INFO  main            d.u.i.k.p.r.p.TestFile    ... finished proof: closed. 
68427      INFO  main            d.u.i.k.p.i.AbstractProblemLoader Loading environment from /home/runner/work/key/key/key.core/../key.ui/examples/standard_key/pred_log/tptp/PUZ/PUZ001p1.key.proof 
68430      DEBUG main            d.u.i.k.p.i.AbstractProblemLoader Environment load took 2.97ms 
68432      INFO  main            d.u.i.k.p.i.AbstractProblemLoader Creating init config 
70552      DEBUG main            d.u.i.k.p.i.AbstractProblemLoader Init config took 2.12s 
70569      INFO  main            d.u.i.k.p.i.AbstractProblemLoader Replaying proof PUZ001p1.key.proof 
70698      DEBUG main            d.u.i.k.p.i.IntermediateProofReplayer Proof replay took 120.09ms 
70699      DEBUG main            d.u.i.k.p.r.p.TestFile    ... success: reloaded. 
70700      INFO  main            d.u.i.k.p.r.p.TestFile    Now processing file /home/runner/work/key/key/key.core/../key.ui/examples/standard_key/pred_log/tptp/PUZ/PUZ001p1-eq.key 
70700      INFO  main            d.u.i.k.p.i.AbstractProblemLoader Loading environment from /home/runner/work/key/key/key.core/../key.ui/examples/standard_key/pred_log/tptp/PUZ/PUZ001p1-eq.key 
70700      DEBUG main            d.u.i.k.p.i.AbstractProblemLoader Environment load took 152.2ns 
70702      INFO  main            d.u.i.k.p.i.AbstractProblemLoader Creating init config 
72888      DEBUG main            d.u.i.k.p.i.AbstractProblemLoader Init config took 2.19s 
72902      INFO  main            d.u.i.k.p.i.AbstractProblemLoader Replaying proof PUZ001p1-eq.key 
72903      DEBUG main            d.u.i.k.p.i.IntermediateProofReplayer Proof replay took 5.9ns 
73007      INFO  main            d.u.i.k.p.r.p.TestFile    ... finished proof: closed. 
73212      INFO  main            d.u.i.k.p.i.AbstractProblemLoader Loading environment from /home/runner/work/key/key/key.core/../key.ui/examples/standard_key/pred_log/tptp/PUZ/PUZ001p1-eq.key.proof 
73212      DEBUG main            d.u.i.k.p.i.AbstractProblemLoader Environment load took 106.6ns 
73214      INFO  main            d.u.i.k.p.i.AbstractProblemLoader Creating init config 
75357      DEBUG main            d.u.i.k.p.i.AbstractProblemLoader Init config took 2.14s 
75372      INFO  main            d.u.i.k.p.i.AbstractProblemLoader Replaying proof PUZ001p1-eq.key.proof 
75394      DEBUG main            d.u.i.k.p.i.IntermediateProofReplayer Proof replay took 17.18ms 
75395      DEBUG main            d.u.i.k.p.r.p.TestFile    ... success: reloaded. 
75396      INFO  main            d.u.i.k.p.r.p.TestFile    Now processing file /home/runner/work/key/key/key.core/../key.ui/examples/standard_key/pred_log/tptp/PUZ/PUZ031p1.key 
75396      INFO  main            d.u.i.k.p.i.AbstractProblemLoader Loading environment from /home/runner/work/key/key/key.core/../key.ui/examples/standard_key/pred_log/tptp/PUZ/PUZ031p1.key 
75396      DEBUG main            d.u.i.k.p.i.AbstractProblemLoader Environment load took 146.1ns 
75397      INFO  main            d.u.i.k.p.i.AbstractProblemLoader Creating init config 
77549      DEBUG main            d.u.i.k.p.i.AbstractProblemLoader Init config took 2.15s 
77564      INFO  main            d.u.i.k.p.i.AbstractProblemLoader Replaying proof PUZ031p1.key 
77565      DEBUG main            d.u.i.k.p.i.IntermediateProofReplayer Proof replay took 7ns 
85614      INFO  main            d.u.i.k.p.r.p.TestFile    ... finished proof: closed. 
85799      INFO  main            d.u.i.k.p.i.AbstractProblemLoader Loading environment from /home/runner/work/key/key/key.core/../key.ui/examples/standard_key/pred_log/tptp/PUZ/PUZ031p1.key.proof 
85799      DEBUG main            d.u.i.k.p.i.AbstractProblemLoader Environment load took 301.8ns 
85801      INFO  main            d.u.i.k.p.i.AbstractProblemLoader Creating init config 
87923      DEBUG main            d.u.i.k.p.i.AbstractProblemLoader Init config took 2.12s 
87938      INFO  main            d.u.i.k.p.i.AbstractProblemLoader Replaying proof PUZ031p1.key.proof 
87988      DEBUG main            d.u.i.k.p.i.IntermediateProofReplayer Proof replay took 45.81ms 
87990      DEBUG main            d.u.i.k.p.r.p.TestFile    ... success: reloaded. 
87990      INFO  main            d.u.i.k.p.r.p.TestFile    Now processing file /home/runner/work/key/key/key.core/../key.ui/examples/standard_key/pred_log/tptp/SET/SET027p3.key 
87991      INFO  main            d.u.i.k.p.i.AbstractProblemLoader Loading environment from /home/runner/work/key/key/key.core/../key.ui/examples/standard_key/pred_log/tptp/SET/SET027p3.key 
87991      DEBUG main            d.u.i.k.p.i.AbstractProblemLoader Environment load took 156.6ns 
87992      INFO  main            d.u.i.k.p.i.AbstractProblemLoader Creating init config 
90167      DEBUG main            d.u.i.k.p.i.AbstractProblemLoader Init config took 2.17s 
90179      INFO  main            d.u.i.k.p.i.AbstractProblemLoader Replaying proof SET027p3.key 
90180      DEBUG main            d.u.i.k.p.i.IntermediateProofReplayer Proof replay took 6.6ns 
90282      INFO  main            d.u.i.k.p.r.p.TestFile    ... finished proof: closed. 
90491      INFO  main            d.u.i.k.p.i.AbstractProblemLoader Loading environment from /home/runner/work/key/key/key.core/../key.ui/examples/standard_key/pred_log/tptp/SET/SET027p3.key.proof 
90491      DEBUG main            d.u.i.k.p.i.AbstractProblemLoader Environment load took 102.7ns 
90492      INFO  main            d.u.i.k.p.i.AbstractProblemLoader Creating init config 
92604      DEBUG main            d.u.i.k.p.i.AbstractProblemLoader Init config took 2.11s 
92617      INFO  main            d.u.i.k.p.i.AbstractProblemLoader Replaying proof SET027p3.key.proof 
92623      DEBUG main            d.u.i.k.p.i.IntermediateProofReplayer Proof replay took 3.98ms 
92624      DEBUG main            d.u.i.k.p.r.p.TestFile    ... success: reloaded. 
92624      INFO  main            d.u.i.k.p.r.p.TestFile    Now processing file /home/runner/work/key/key/key.core/../key.ui/examples/standard_key/pred_log/tptp/SET/SET043p1.key 
92625      INFO  main            d.u.i.k.p.i.AbstractProblemLoader Loading environment from /home/runner/work/key/key/key.core/../key.ui/examples/standard_key/pred_log/tptp/SET/SET043p1.key 
92625      DEBUG main            d.u.i.k.p.i.AbstractProblemLoader Environment load took 151.1ns 
92626      INFO  main            d.u.i.k.p.i.AbstractProblemLoader Creating init config 
94768      DEBUG main            d.u.i.k.p.i.AbstractProblemLoader Init config took 2.14s 
94781      INFO  main            d.u.i.k.p.i.AbstractProblemLoader Replaying proof SET043p1.key 
94782      DEBUG main            d.u.i.k.p.i.IntermediateProofReplayer Proof replay took 6.5ns 
94887      INFO  main            d.u.i.k.p.r.p.TestFile    ... finished proof: closed. 
95076      INFO  main            d.u.i.k.p.i.AbstractProblemLoader Loading environment from /home/runner/work/key/key/key.core/../key.ui/examples/standard_key/pred_log/tptp/SET/SET043p1.key.proof 
95076      DEBUG main            d.u.i.k.p.i.AbstractProblemLoader Environment load took 133.2ns 
95077      INFO  main            d.u.i.k.p.i.AbstractProblemLoader Creating init config 
97195      DEBUG main            d.u.i.k.p.i.AbstractProblemLoader Init config took 2.12s 
97208      INFO  main            d.u.i.k.p.i.AbstractProblemLoader Replaying proof SET043p1.key.proof 
97210      DEBUG main            d.u.i.k.p.i.IntermediateProofReplayer Proof replay took 1ms 
97211      DEBUG main            d.u.i.k.p.r.p.TestFile    ... success: reloaded. 
97211      INFO  main            d.u.i.k.p.r.p.TestFile    Now processing file /home/runner/work/key/key/key.core/../key.ui/examples/standard_key/pred_log/tptp/SET/SET045p1.key 
97212      INFO  main            d.u.i.k.p.i.AbstractProblemLoader Loading environment from /home/runner/work/key/key/key.core/../key.ui/examples/standard_key/pred_log/tptp/SET/SET045p1.key 
97212      DEBUG main            d.u.i.k.p.i.AbstractProblemLoader Environment load took 149.2ns 
97213      INFO  main            d.u.i.k.p.i.AbstractProblemLoader Creating init config 
99392      DEBUG main            d.u.i.k.p.i.AbstractProblemLoader Init config took 2.18s 
99405      INFO  main            d.u.i.k.p.i.AbstractProblemLoader Replaying proof SET045p1.key 
99406      DEBUG main            d.u.i.k.p.i.IntermediateProofReplayer Proof replay took 6.3ns 
99507      INFO  main            d.u.i.k.p.r.p.TestFile    ... finished proof: closed. 
99703      INFO  main            d.u.i.k.p.i.AbstractProblemLoader Loading environment from /home/runner/work/key/key/key.core/../key.ui/examples/standard_key/pred_log/tptp/SET/SET045p1.key.proof 
99703      DEBUG main            d.u.i.k.p.i.AbstractProblemLoader Environment load took 94.6ns 
99704      INFO  main            d.u.i.k.p.i.AbstractProblemLoader Creating init config 
101823     DEBUG main            d.u.i.k.p.i.AbstractProblemLoader Init config took 2.12s 
101836     INFO  main            d.u.i.k.p.i.AbstractProblemLoader Replaying proof SET045p1.key.proof 
101841     DEBUG main            d.u.i.k.p.i.IntermediateProofReplayer Proof replay took 3.52ms 
101842     DEBUG main            d.u.i.k.p.r.p.TestFile    ... success: reloaded. 
101843     INFO  main            d.u.i.k.p.r.p.TestFile    Now processing file /home/runner/work/key/key/key.core/../key.ui/examples/standard_key/pred_log/tptp/SET/SET062p3.key 
101843     INFO  main            d.u.i.k.p.i.AbstractProblemLoader Loading environment from /home/runner/work/key/key/key.core/../key.ui/examples/standard_key/pred_log/tptp/SET/SET062p3.key 
101843     DEBUG main            d.u.i.k.p.i.AbstractProblemLoader Environment load took 141.8ns 
101844     INFO  main            d.u.i.k.p.i.AbstractProblemLoader Creating init config 
104034     DEBUG main            d.u.i.k.p.i.AbstractProblemLoader Init config took 2.19s 
104047     INFO  main            d.u.i.k.p.i.AbstractProblemLoader Replaying proof SET062p3.key 
104048     DEBUG main            d.u.i.k.p.i.IntermediateProofReplayer Proof replay took 5.3ns 
104151     INFO  main            d.u.i.k.p.r.p.TestFile    ... finished proof: closed. 
104352     INFO  main            d.u.i.k.p.i.AbstractProblemLoader Loading environment from /home/runner/work/key/key/key.core/../key.ui/examples/standard_key/pred_log/tptp/SET/SET062p3.key.proof 
104352     DEBUG main            d.u.i.k.p.i.AbstractProblemLoader Environment load took 91.5ns 
104353     INFO  main            d.u.i.k.p.i.AbstractProblemLoader Creating init config 
106448     DEBUG main            d.u.i.k.p.i.AbstractProblemLoader Init config took 2.1s 
106461     INFO  main            d.u.i.k.p.i.AbstractProblemLoader Replaying proof SET062p3.key.proof 
106466     DEBUG main            d.u.i.k.p.i.IntermediateProofReplayer Proof replay took 3.48ms 
106467     DEBUG main            d.u.i.k.p.r.p.TestFile    ... success: reloaded. 
106467     INFO  main            d.u.i.k.p.r.p.TestFile    Now processing file /home/runner/work/key/key/key.core/../key.ui/examples/standard_key/pred_log/tptp/SET/SET063p3.key 
106467     INFO  main            d.u.i.k.p.i.AbstractProblemLoader Loading environment from /home/runner/work/key/key/key.core/../key.ui/examples/standard_key/pred_log/tptp/SET/SET063p3.key 
106467     DEBUG main            d.u.i.k.p.i.AbstractProblemLoader Environment load took 61.8ns 
106468     INFO  main            d.u.i.k.p.i.AbstractProblemLoader Creating init config 
108678     DEBUG main            d.u.i.k.p.i.AbstractProblemLoader Init config took 2.21s 
108709     INFO  main            d.u.i.k.p.i.AbstractProblemLoader Replaying proof SET063p3.key 
108710     DEBUG main            d.u.i.k.p.i.IntermediateProofReplayer Proof replay took 5.8ns 
108812     INFO  main            d.u.i.k.p.r.p.TestFile    ... finished proof: closed. 
109030     INFO  main            d.u.i.k.p.i.AbstractProblemLoader Loading environment from /home/runner/work/key/key/key.core/../key.ui/examples/standard_key/pred_log/tptp/SET/SET063p3.key.proof 
109030     DEBUG main            d.u.i.k.p.i.AbstractProblemLoader Environment load took 94.7ns 
109031     INFO  main            d.u.i.k.p.i.AbstractProblemLoader Creating init config 
111148     DEBUG main            d.u.i.k.p.i.AbstractProblemLoader Init config took 2.12s 
111164     INFO  main            d.u.i.k.p.i.AbstractProblemLoader Replaying proof SET063p3.key.proof 
111170     DEBUG main            d.u.i.k.p.i.IntermediateProofReplayer Proof replay took 4.38ms 
111171     DEBUG main            d.u.i.k.p.r.p.TestFile    ... success: reloaded. 
111171     INFO  main            d.u.i.k.p.r.p.TestFile    Now processing file /home/runner/work/key/key/key.core/../key.ui/examples/standard_key/pred_log/tptp/SYN/SYN036p2.key 
111172     INFO  main            d.u.i.k.p.i.AbstractProblemLoader Loading environment from /home/runner/work/key/key/key.core/../key.ui/examples/standard_key/pred_log/tptp/SYN/SYN036p2.key 
111172     DEBUG main            d.u.i.k.p.i.AbstractProblemLoader Environment load took 76.8ns 
111173     INFO  main            d.u.i.k.p.i.AbstractProblemLoader Creating init config 
113327     DEBUG main            d.u.i.k.p.i.AbstractProblemLoader Init config took 2.15s 
113343     INFO  main            d.u.i.k.p.i.AbstractProblemLoader Replaying proof SYN036p2.key 
113344     DEBUG main            d.u.i.k.p.i.IntermediateProofReplayer Proof replay took 6.6ns 
113648     INFO  main            d.u.i.k.p.r.p.TestFile    ... finished proof: closed. 
113872     INFO  main            d.u.i.k.p.i.AbstractProblemLoader Loading environment from /home/runner/work/key/key/key.core/../key.ui/examples/standard_key/pred_log/tptp/SYN/SYN036p2.key.proof 
113874     DEBUG main            d.u.i.k.p.i.AbstractProblemLoader Environment load took 1.75ms 
113875     INFO  main            d.u.i.k.p.i.AbstractProblemLoader Creating init config 
115971     DEBUG main            d.u.i.k.p.i.AbstractProblemLoader Init config took 2.1s 
115983     INFO  main            d.u.i.k.p.i.AbstractProblemLoader Replaying proof SYN036p2.key.proof 
116036     DEBUG main            d.u.i.k.p.i.IntermediateProofReplayer Proof replay took 45.5ms 
116037     DEBUG main            d.u.i.k.p.r.p.TestFile    ... success: reloaded. 
116037     INFO  main            d.u.i.k.p.r.p.TestFile    Now processing file /home/runner/work/key/key/key.core/../key.ui/examples/standard_key/pred_log/tptp/SYN/SYN550p1.key 
116038     INFO  main            d.u.i.k.p.i.AbstractProblemLoader Loading environment from /home/runner/work/key/key/key.core/../key.ui/examples/standard_key/pred_log/tptp/SYN/SYN550p1.key 
116038     DEBUG main            d.u.i.k.p.i.AbstractProblemLoader Environment load took 64.9ns 
116039     INFO  main            d.u.i.k.p.i.AbstractProblemLoader Creating init config 
118201     DEBUG main            d.u.i.k.p.i.AbstractProblemLoader Init config took 2.16s 
118214     INFO  main            d.u.i.k.p.i.AbstractProblemLoader Replaying proof SYN550p1.key 
118215     DEBUG main            d.u.i.k.p.i.IntermediateProofReplayer Proof replay took 6.1ns 
120944     INFO  main            d.u.i.k.p.r.p.TestFile    ... finished proof: closed. 
121174     INFO  main            d.u.i.k.p.i.AbstractProblemLoader Loading environment from /home/runner/work/key/key/key.core/../key.ui/examples/standard_key/pred_log/tptp/SYN/SYN550p1.key.proof 
121174     DEBUG main            d.u.i.k.p.i.AbstractProblemLoader Environment load took 307.3ns 
121175     INFO  main            d.u.i.k.p.i.AbstractProblemLoader Creating init config 
123279     DEBUG main            d.u.i.k.p.i.AbstractProblemLoader Init config took 2.1s 
123291     INFO  main            d.u.i.k.p.i.AbstractProblemLoader Replaying proof SYN550p1.key.proof 
123351     DEBUG main            d.u.i.k.p.i.IntermediateProofReplayer Proof replay took 53.85ms 
123352     DEBUG main            d.u.i.k.p.r.p.TestFile    ... success: reloaded. 
123353     INFO  main            d.u.i.k.p.r.p.TestFile    Now processing file /home/runner/work/key/key/key.core/../key.ui/examples/standard_key/prop_log/reallySimple.key 
123353     INFO  main            d.u.i.k.p.i.AbstractProblemLoader Loading environment from /home/runner/work/key/key/key.core/../key.ui/examples/standard_key/prop_log/reallySimple.key 
123353     DEBUG main            d.u.i.k.p.i.AbstractProblemLoader Environment load took 63.7ns 
123353     INFO  main            d.u.i.k.p.i.AbstractProblemLoader Creating init config 
125492     DEBUG main            d.u.i.k.p.i.AbstractProblemLoader Init config took 2.14s 
125507     INFO  main            d.u.i.k.p.i.AbstractProblemLoader Replaying proof reallySimple.key 
125509     DEBUG main            d.u.i.k.p.i.IntermediateProofReplayer Proof replay took 5.9ns 
125611     INFO  main            d.u.i.k.p.r.p.TestFile    ... finished proof: open goal(s) 
125852     INFO  main            d.u.i.k.p.r.p.TestFile    Now processing file /home/runner/work/key/key/key.core/../key.ui/examples/standard_key/pred_log/sameName1.key 
125852     INFO  main            d.u.i.k.p.i.AbstractProblemLoader Loading environment from /home/runner/work/key/key/key.core/../key.ui/examples/standard_key/pred_log/sameName1.key 
125853     DEBUG main            d.u.i.k.p.i.AbstractProblemLoader Environment load took 51ns 
125853     INFO  main            d.u.i.k.p.i.AbstractProblemLoader Creating init config 
127966     DEBUG main            d.u.i.k.p.i.AbstractProblemLoader Init config took 2.11s 
127978     INFO  main            d.u.i.k.p.i.AbstractProblemLoader Replaying proof sameName1.key 
127979     DEBUG main            d.u.i.k.p.i.IntermediateProofReplayer Proof replay took 5.8ns 
128080     INFO  main            d.u.i.k.p.r.p.TestFile    ... finished proof: open goal(s) 
128289     INFO  main            d.u.i.k.p.r.p.TestFile    Now processing file /home/runner/work/key/key/key.core/../key.ui/examples/standard_key/pred_log/jbyteIfEx.key 
128290     INFO  main            d.u.i.k.p.i.AbstractProblemLoader Loading environment from /home/runner/work/key/key/key.core/../key.ui/examples/standard_key/pred_log/jbyteIfEx.key 
128290     DEBUG main            d.u.i.k.p.i.AbstractProblemLoader Environment load took 49.3ns 
128291     INFO  main            d.u.i.k.p.i.AbstractProblemLoader Creating init config 
130384     DEBUG main            d.u.i.k.p.i.AbstractProblemLoader Init config took 2.09s 
130397     INFO  main            d.u.i.k.p.i.AbstractProblemLoader Replaying proof jbyteIfEx.key 
130398     DEBUG main            d.u.i.k.p.i.IntermediateProofReplayer Proof replay took 5.9ns 
130503     INFO  main            d.u.i.k.p.r.p.TestFile    ... finished proof: closed. 
130734     INFO  main            d.u.i.k.p.i.AbstractProblemLoader Loading environment from /home/runner/work/key/key/key.core/../key.ui/examples/standard_key/pred_log/jbyteIfEx.key.proof 
130734     DEBUG main            d.u.i.k.p.i.AbstractProblemLoader Environment load took 92ns 
130735     INFO  main            d.u.i.k.p.i.AbstractProblemLoader Creating init config 
132827     DEBUG main            d.u.i.k.p.i.AbstractProblemLoader Init config took 2.09s 
132839     INFO  main            d.u.i.k.p.i.AbstractProblemLoader Replaying proof jbyteIfEx.key.proof 
132848     DEBUG main            d.u.i.k.p.i.IntermediateProofReplayer Proof replay took 7.01ms 
132849     DEBUG main            d.u.i.k.p.r.p.TestFile    ... success: reloaded. 
132849     INFO  main            d.u.i.k.p.r.p.TestFile    Now processing file /home/runner/work/key/key/key.core/../key.ui/examples/standard_key/prop_log/allClausesLength4.key 
132850     INFO  main            d.u.i.k.p.i.AbstractProblemLoader Loading environment from /home/runner/work/key/key/key.core/../key.ui/examples/standard_key/prop_log/allClausesLength4.key 
132850     DEBUG main            d.u.i.k.p.i.AbstractProblemLoader Environment load took 75.9ns 
132851     INFO  main            d.u.i.k.p.i.AbstractProblemLoader Creating init config 
135056     DEBUG main            d.u.i.k.p.i.AbstractProblemLoader Init config took 2.21s 
135069     INFO  main            d.u.i.k.p.i.AbstractProblemLoader Replaying proof allClausesLength4.key 
135069     DEBUG main            d.u.i.k.p.i.IntermediateProofReplayer Proof replay took 5.5ns 
135173     INFO  main            d.u.i.k.p.r.p.TestFile    ... finished proof: closed. 
135402     INFO  main            d.u.i.k.p.i.AbstractProblemLoader Loading environment from /home/runner/work/key/key/key.core/../key.ui/examples/standard_key/prop_log/allClausesLength4.key.proof 
135402     DEBUG main            d.u.i.k.p.i.AbstractProblemLoader Environment load took 96.3ns 
135403     INFO  main            d.u.i.k.p.i.AbstractProblemLoader Creating init config 
137492     DEBUG main            d.u.i.k.p.i.AbstractProblemLoader Init config took 2.09s 
137505     INFO  main            d.u.i.k.p.i.AbstractProblemLoader Replaying proof allClausesLength4.key.proof 
137516     DEBUG main            d.u.i.k.p.i.IntermediateProofReplayer Proof replay took 9.22ms 
137517     DEBUG main            d.u.i.k.p.r.p.TestFile    ... success: reloaded. 
137518     INFO  main            d.u.i.k.p.r.p.TestFile    Now processing file /home/runner/work/key/key/key.core/../key.ui/examples/standard_key/prop_log/allClausesLength5.key 
137518     INFO  main            d.u.i.k.p.i.AbstractProblemLoader Loading environment from /home/runner/work/key/key/key.core/../key.ui/examples/standard_key/prop_log/allClausesLength5.key 
137518     DEBUG main            d.u.i.k.p.i.AbstractProblemLoader Environment load took 79.2ns 
137519     INFO  main            d.u.i.k.p.i.AbstractProblemLoader Creating init config 
139669     DEBUG main            d.u.i.k.p.i.AbstractProblemLoader Init config took 2.15s 
139682     INFO  main            d.u.i.k.p.i.AbstractProblemLoader Replaying proof allClausesLength5.key 
139683     DEBUG main            d.u.i.k.p.i.IntermediateProofReplayer Proof replay took 7.4ns 
139887     INFO  main            d.u.i.k.p.r.p.TestFile    ... finished proof: closed. 
140131     INFO  main            d.u.i.k.p.i.AbstractProblemLoader Loading environment from /home/runner/work/key/key/key.core/../key.ui/examples/standard_key/prop_log/allClausesLength5.key.proof 
140133     DEBUG main            d.u.i.k.p.i.AbstractProblemLoader Environment load took 1.4ms 
140134     INFO  main            d.u.i.k.p.i.AbstractProblemLoader Creating init config 
142229     DEBUG main            d.u.i.k.p.i.AbstractProblemLoader Init config took 2.09s 
142243     INFO  main            d.u.i.k.p.i.AbstractProblemLoader Replaying proof allClausesLength5.key.proof 
142272     DEBUG main            d.u.i.k.p.i.IntermediateProofReplayer Proof replay took 24.99ms 
142274     DEBUG main            d.u.i.k.p.r.p.TestFile    ... success: reloaded. 
142274     INFO  main            d.u.i.k.p.r.p.TestFile    Now processing file /home/runner/work/key/key/key.core/../key.ui/examples/standard_key/prop_log/doubleNeg.key 
142274     INFO  main            d.u.i.k.p.i.AbstractProblemLoader Loading environment from /home/runner/work/key/key/key.core/../key.ui/examples/standard_key/prop_log/doubleNeg.key 
142274     DEBUG main            d.u.i.k.p.i.AbstractProblemLoader Environment load took 70.6ns 
142275     INFO  main            d.u.i.k.p.i.AbstractProblemLoader Creating init config 
144401     DEBUG main            d.u.i.k.p.i.AbstractProblemLoader Init config took 2.13s 
144414     INFO  main            d.u.i.k.p.i.AbstractProblemLoader Replaying proof doubleNeg.key 
144415     DEBUG main            d.u.i.k.p.i.IntermediateProofReplayer Proof replay took 7.4ns 
144516     INFO  main            d.u.i.k.p.r.p.TestFile    ... finished proof: closed. 
144759     INFO  main            d.u.i.k.p.i.AbstractProblemLoader Loading environment from /home/runner/work/key/key/key.core/../key.ui/examples/standard_key/prop_log/doubleNeg.key.proof 
144759     DEBUG main            d.u.i.k.p.i.AbstractProblemLoader Environment load took 80.2ns 
144760     INFO  main            d.u.i.k.p.i.AbstractProblemLoader Creating init config 
146847     DEBUG main            d.u.i.k.p.i.AbstractProblemLoader Init config took 2.09s 
146860     INFO  main            d.u.i.k.p.i.AbstractProblemLoader Replaying proof doubleNeg.key.proof 
146862     DEBUG main            d.u.i.k.p.i.IntermediateProofReplayer Proof replay took 395.1ns 
146862     DEBUG main            d.u.i.k.p.r.p.TestFile    ... success: reloaded. 
146863     INFO  main            d.u.i.k.p.r.p.TestFile    Now processing file /home/runner/work/key/key/key.core/../key.ui/examples/standard_key/prop_log/liarsville.key 
146863     INFO  main            d.u.i.k.p.i.AbstractProblemLoader Loading environment from /home/runner/work/key/key/key.core/../key.ui/examples/standard_key/prop_log/liarsville.key 
146863     DEBUG main            d.u.i.k.p.i.AbstractProblemLoader Environment load took 166.7ns 
146864     INFO  main            d.u.i.k.p.i.AbstractProblemLoader Creating init config 
148996     DEBUG main            d.u.i.k.p.i.AbstractProblemLoader Init config took 2.13s 
149009     INFO  main            d.u.i.k.p.i.AbstractProblemLoader Replaying proof liarsville.key 
149010     DEBUG main            d.u.i.k.p.i.IntermediateProofReplayer Proof replay took 7ns 
149111     INFO  main            d.u.i.k.p.r.p.TestFile    ... finished proof: closed. 
149351     INFO  main            d.u.i.k.p.i.AbstractProblemLoader Loading environment from /home/runner/work/key/key/key.core/../key.ui/examples/standard_key/prop_log/liarsville.key.proof 
149351     DEBUG main            d.u.i.k.p.i.AbstractProblemLoader Environment load took 83.6ns 
149352     INFO  main            d.u.i.k.p.i.AbstractProblemLoader Creating init config 
151464     DEBUG main            d.u.i.k.p.i.AbstractProblemLoader Init config took 2.11s 
151477     INFO  main            d.u.i.k.p.i.AbstractProblemLoader Replaying proof liarsville.key.proof 
151480     DEBUG main            d.u.i.k.p.i.IntermediateProofReplayer Proof replay took 963.79ns 
151481     DEBUG main            d.u.i.k.p.r.p.TestFile    ... success: reloaded. 
151481     INFO  main            d.u.i.k.p.r.p.TestFile    Now processing file /home/runner/work/key/key/key.core/../key.ui/examples/standard_key/prop_log/simplest.key 
151481     INFO  main            d.u.i.k.p.i.AbstractProblemLoader Loading environment from /home/runner/work/key/key/key.core/../key.ui/examples/standard_key/prop_log/simplest.key 
151481     DEBUG main            d.u.i.k.p.i.AbstractProblemLoader Environment load took 53.1ns 
151482     INFO  main            d.u.i.k.p.i.AbstractProblemLoader Creating init config 
153610     DEBUG main            d.u.i.k.p.i.AbstractProblemLoader Init config took 2.13s 
153622     INFO  main            d.u.i.k.p.i.AbstractProblemLoader Replaying proof simplest.key 
153623     DEBUG main            d.u.i.k.p.i.IntermediateProofReplayer Proof replay took 5.6ns 
153725     INFO  main            d.u.i.k.p.r.p.TestFile    ... finished proof: closed. 
153967     INFO  main            d.u.i.k.p.i.AbstractProblemLoader Loading environment from /home/runner/work/key/key/key.core/../key.ui/examples/standard_key/prop_log/simplest.key.proof 
153967     DEBUG main            d.u.i.k.p.i.AbstractProblemLoader Environment load took 76.7ns 
153968     INFO  main            d.u.i.k.p.i.AbstractProblemLoader Creating init config 
156053     DEBUG main            d.u.i.k.p.i.AbstractProblemLoader Init config took 2.09s 
156065     INFO  main            d.u.i.k.p.i.AbstractProblemLoader Replaying proof simplest.key.proof 
156066     DEBUG main            d.u.i.k.p.i.IntermediateProofReplayer Proof replay took 81.4ns 
156067     DEBUG main            d.u.i.k.p.r.p.TestFile    ... success: reloaded. 
156067     INFO  main            d.u.i.k.p.r.p.TestFile    Now processing file /home/runner/work/key/key/key.core/../key.ui/examples/standard_key/prop_log/contraposition.key 
156067     INFO  main            d.u.i.k.p.i.AbstractProblemLoader Loading environment from /home/runner/work/key/key/key.core/../key.ui/examples/standard_key/prop_log/contraposition.key 
156068     DEBUG main            d.u.i.k.p.i.AbstractProblemLoader Environment load took 54.5ns 
156068     INFO  main            d.u.i.k.p.i.AbstractProblemLoader Creating init config 
158190     DEBUG main            d.u.i.k.p.i.AbstractProblemLoader Init config took 2.12s 
158202     INFO  main            d.u.i.k.p.i.AbstractProblemLoader Replaying proof contraposition.key 
158203     DEBUG main            d.u.i.k.p.i.IntermediateProofReplayer Proof replay took 6ns 
158304     INFO  main            d.u.i.k.p.r.p.TestFile    ... finished proof: closed. 
158553     INFO  main            d.u.i.k.p.i.AbstractProblemLoader Loading environment from /home/runner/work/key/key/key.core/../key.ui/examples/standard_key/prop_log/contraposition.key.proof 
158553     DEBUG main            d.u.i.k.p.i.AbstractProblemLoader Environment load took 78.6ns 
158554     INFO  main            d.u.i.k.p.i.AbstractProblemLoader Creating init config 
160636     DEBUG main            d.u.i.k.p.i.AbstractProblemLoader Init config took 2.08s 
160648     INFO  main            d.u.i.k.p.i.AbstractProblemLoader Replaying proof contraposition.key.proof 
160650     DEBUG main            d.u.i.k.p.i.IntermediateProofReplayer Proof replay took 396.5ns 
160650     DEBUG main            d.u.i.k.p.r.p.TestFile    ... success: reloaded. 
160651     INFO  main            d.u.i.k.p.r.p.TestFile    Now processing file /home/runner/work/key/key/key.core/../key.ui/examples/standard_key/quantifiers/elimination0.key 
160651     INFO  main            d.u.i.k.p.i.AbstractProblemLoader Loading environment from /home/runner/work/key/key/key.core/../key.ui/examples/standard_key/quantifiers/elimination0.key 
160651     DEBUG main            d.u.i.k.p.i.AbstractProblemLoader Environment load took 42.6ns 
160652     INFO  main            d.u.i.k.p.i.AbstractProblemLoader Creating init config 
162767     DEBUG main            d.u.i.k.p.i.AbstractProblemLoader Init config took 2.12s 
162797     INFO  main            d.u.i.k.p.i.AbstractProblemLoader Replaying proof elimination0.key 
162798     DEBUG main            d.u.i.k.p.i.IntermediateProofReplayer Proof replay took 6.4ns 
162900     INFO  main            d.u.i.k.p.r.p.TestFile    ... finished proof: closed. 
163142     INFO  main            d.u.i.k.p.i.AbstractProblemLoader Loading environment from /home/runner/work/key/key/key.core/../key.ui/examples/standard_key/quantifiers/elimination0.key.proof 
163142     DEBUG main            d.u.i.k.p.i.AbstractProblemLoader Environment load took 81.3ns 
163143     INFO  main            d.u.i.k.p.i.AbstractProblemLoader Creating init config 
165223     DEBUG main            d.u.i.k.p.i.AbstractProblemLoader Init config took 2.08s 
165235     INFO  main            d.u.i.k.p.i.AbstractProblemLoader Replaying proof elimination0.key.proof 
165237     DEBUG main            d.u.i.k.p.i.IntermediateProofReplayer Proof replay took 1.19ms 
165238     DEBUG main            d.u.i.k.p.r.p.TestFile    ... success: reloaded. 
165239     INFO  main            d.u.i.k.p.r.p.TestFile    Now processing file /home/runner/work/key/key/key.core/../key.ui/examples/standard_key/quantifiers/heuristic_PUZ001p1-eq.key 
165239     INFO  main            d.u.i.k.p.i.AbstractProblemLoader Loading environment from /home/runner/work/key/key/key.core/../key.ui/examples/standard_key/quantifiers/heuristic_PUZ001p1-eq.key 
165239     DEBUG main            d.u.i.k.p.i.AbstractProblemLoader Environment load took 65.8ns 
165240     INFO  main            d.u.i.k.p.i.AbstractProblemLoader Creating init config 
167375     DEBUG main            d.u.i.k.p.i.AbstractProblemLoader Init config took 2.14s 
167388     INFO  main            d.u.i.k.p.i.AbstractProblemLoader Replaying proof heuristic_PUZ001p1-eq.key 
167390     DEBUG main            d.u.i.k.p.i.IntermediateProofReplayer Proof replay took 6.1ns 
167495     INFO  main            d.u.i.k.p.r.p.TestFile    ... finished proof: closed. 
167765     INFO  main            d.u.i.k.p.i.AbstractProblemLoader Loading environment from /home/runner/work/key/key/key.core/../key.ui/examples/standard_key/quantifiers/heuristic_PUZ001p1-eq.key.proof 
167765     DEBUG main            d.u.i.k.p.i.AbstractProblemLoader Environment load took 84ns 
167767     INFO  main            d.u.i.k.p.i.AbstractProblemLoader Creating init config 
169868     DEBUG main            d.u.i.k.p.i.AbstractProblemLoader Init config took 2.1s 
169881     INFO  main            d.u.i.k.p.i.AbstractProblemLoader Replaying proof heuristic_PUZ001p1-eq.key.proof 
169891     DEBUG main            d.u.i.k.p.i.IntermediateProofReplayer Proof replay took 7.55ms 
169891     DEBUG main            d.u.i.k.p.r.p.TestFile    ... success: reloaded. 
169892     INFO  main            d.u.i.k.p.r.p.TestFile    Now processing file /home/runner/work/key/key/key.core/../key.ui/examples/standard_key/quantifiers/heuristic_PUZ001p1.key 
169892     INFO  main            d.u.i.k.p.i.AbstractProblemLoader Loading environment from /home/runner/work/key/key/key.core/../key.ui/examples/standard_key/quantifiers/heuristic_PUZ001p1.key 
169892     DEBUG main            d.u.i.k.p.i.AbstractProblemLoader Environment load took 65.7ns 
169894     INFO  main            d.u.i.k.p.i.AbstractProblemLoader Creating init config 
172019     DEBUG main            d.u.i.k.p.i.AbstractProblemLoader Init config took 2.13s 
172033     INFO  main            d.u.i.k.p.i.AbstractProblemLoader Replaying proof heuristic_PUZ001p1.key 
172034     DEBUG main            d.u.i.k.p.i.IntermediateProofReplayer Proof replay took 5.4ns 
173339     INFO  main            d.u.i.k.p.r.p.TestFile    ... finished proof: closed. 
173617     INFO  main            d.u.i.k.p.i.AbstractProblemLoader Loading environment from /home/runner/work/key/key/key.core/../key.ui/examples/standard_key/quantifiers/heuristic_PUZ001p1.key.proof 
173617     DEBUG main            d.u.i.k.p.i.AbstractProblemLoader Environment load took 289.9ns 
173619     INFO  main            d.u.i.k.p.i.AbstractProblemLoader Creating init config 
175711     DEBUG main            d.u.i.k.p.i.AbstractProblemLoader Init config took 2.09s 
175725     INFO  main            d.u.i.k.p.i.AbstractProblemLoader Replaying proof heuristic_PUZ001p1.key.proof 
175764     DEBUG main            d.u.i.k.p.i.IntermediateProofReplayer Proof replay took 35.45ms 
175766     DEBUG main            d.u.i.k.p.r.p.TestFile    ... success: reloaded. 
175766     INFO  main            d.u.i.k.p.r.p.TestFile    Now processing file /home/runner/work/key/key/key.core/../key.ui/examples/standard_key/quantifiers/heuristic_PUZ031p1.key 
175767     INFO  main            d.u.i.k.p.i.AbstractProblemLoader Loading environment from /home/runner/work/key/key/key.core/../key.ui/examples/standard_key/quantifiers/heuristic_PUZ031p1.key 
175767     DEBUG main            d.u.i.k.p.i.AbstractProblemLoader Environment load took 138.6ns 
175768     INFO  main            d.u.i.k.p.i.AbstractProblemLoader Creating init config 
177906     DEBUG main            d.u.i.k.p.i.AbstractProblemLoader Init config took 2.14s 
177920     INFO  main            d.u.i.k.p.i.AbstractProblemLoader Replaying proof heuristic_PUZ031p1.key 
177921     DEBUG main            d.u.i.k.p.i.IntermediateProofReplayer Proof replay took 6.2ns 
182539     INFO  main            d.u.i.k.p.r.p.TestFile    ... finished proof: closed. 
182835     INFO  main            d.u.i.k.p.i.AbstractProblemLoader Loading environment from /home/runner/work/key/key/key.core/../key.ui/examples/standard_key/quantifiers/heuristic_PUZ031p1.key.proof 
182836     DEBUG main            d.u.i.k.p.i.AbstractProblemLoader Environment load took 393ns 
182837     INFO  main            d.u.i.k.p.i.AbstractProblemLoader Creating init config 
184942     DEBUG main            d.u.i.k.p.i.AbstractProblemLoader Init config took 2.1s 
184956     INFO  main            d.u.i.k.p.i.AbstractProblemLoader Replaying proof heuristic_PUZ031p1.key.proof 
185001     DEBUG main            d.u.i.k.p.i.IntermediateProofReplayer Proof replay took 41.36ms 
185002     DEBUG main            d.u.i.k.p.r.p.TestFile    ... success: reloaded. 
185003     INFO  main            d.u.i.k.p.r.p.TestFile    Now processing file /home/runner/work/key/key/key.core/../key.ui/examples/standard_key/quantifiers/heuristic_SYN036p2.key 
185003     INFO  main            d.u.i.k.p.i.AbstractProblemLoader Loading environment from /home/runner/work/key/key/key.core/../key.ui/examples/standard_key/quantifiers/heuristic_SYN036p2.key 
185003     DEBUG main            d.u.i.k.p.i.AbstractProblemLoader Environment load took 66.2ns 
185004     INFO  main            d.u.i.k.p.i.AbstractProblemLoader Creating init config 
187118     DEBUG main            d.u.i.k.p.i.AbstractProblemLoader Init config took 2.11s 
187130     INFO  main            d.u.i.k.p.i.AbstractProblemLoader Replaying proof heuristic_SYN036p2.key 
187131     DEBUG main            d.u.i.k.p.i.IntermediateProofReplayer Proof replay took 6.4ns 
187335     INFO  main            d.u.i.k.p.r.p.TestFile    ... finished proof: closed. 
187643     INFO  main            d.u.i.k.p.i.AbstractProblemLoader Loading environment from /home/runner/work/key/key/key.core/../key.ui/examples/standard_key/quantifiers/heuristic_SYN036p2.key.proof 
187643     DEBUG main            d.u.i.k.p.i.AbstractProblemLoader Environment load took 308.8ns 
187644     INFO  main            d.u.i.k.p.i.AbstractProblemLoader Creating init config 
189726     DEBUG main            d.u.i.k.p.i.AbstractProblemLoader Init config took 2.08s 
189738     INFO  main            d.u.i.k.p.i.AbstractProblemLoader Replaying proof heuristic_SYN036p2.key.proof 
189785     DEBUG main            d.u.i.k.p.i.IntermediateProofReplayer Proof replay took 40.16ms 
189786     DEBUG main            d.u.i.k.p.r.p.TestFile    ... success: reloaded. 
189787     INFO  main            d.u.i.k.p.r.p.TestFile    Now processing file /home/runner/work/key/key/key.core/../key.ui/examples/standard_key/quantifiers/injectivity.key 
189787     INFO  main            d.u.i.k.p.i.AbstractProblemLoader Loading environment from /home/runner/work/key/key/key.core/../key.ui/examples/standard_key/quantifiers/injectivity.key 
189787     DEBUG main            d.u.i.k.p.i.AbstractProblemLoader Environment load took 70.9ns 
189788     INFO  main            d.u.i.k.p.i.AbstractProblemLoader Creating init config 
191897     DEBUG main            d.u.i.k.p.i.AbstractProblemLoader Init config took 2.11s 
191909     INFO  main            d.u.i.k.p.i.AbstractProblemLoader Replaying proof injectivity.key 
191911     DEBUG main            d.u.i.k.p.i.IntermediateProofReplayer Proof replay took 6.6ns 
192012     INFO  main            d.u.i.k.p.r.p.TestFile    ... finished proof: closed. 
192294     INFO  main            d.u.i.k.p.i.AbstractProblemLoader Loading environment from /home/runner/work/key/key/key.core/../key.ui/examples/standard_key/quantifiers/injectivity.key.proof 
192295     DEBUG main            d.u.i.k.p.i.AbstractProblemLoader Environment load took 75.2ns 
192295     INFO  main            d.u.i.k.p.i.AbstractProblemLoader Creating init config 
194364     DEBUG main            d.u.i.k.p.i.AbstractProblemLoader Init config took 2.07s 
194384     INFO  main            d.u.i.k.p.i.AbstractProblemLoader Replaying proof injectivity.key.proof 
194387     DEBUG main            d.u.i.k.p.i.IntermediateProofReplayer Proof replay took 1.44ms 
194387     DEBUG main            d.u.i.k.p.r.p.TestFile    ... success: reloaded. 
194388     INFO  main            d.u.i.k.p.r.p.TestFile    Now processing file /home/runner/work/key/key/key.core/../key.ui/examples/standard_key/quantifiers/normalisation0.key 
194388     INFO  main            d.u.i.k.p.i.AbstractProblemLoader Loading environment from /home/runner/work/key/key/key.core/../key.ui/examples/standard_key/quantifiers/normalisation0.key 
194388     DEBUG main            d.u.i.k.p.i.AbstractProblemLoader Environment load took 53.6ns 
194389     INFO  main            d.u.i.k.p.i.AbstractProblemLoader Creating init config 
196506     DEBUG main            d.u.i.k.p.i.AbstractProblemLoader Init config took 2.12s 
196519     INFO  main            d.u.i.k.p.i.AbstractProblemLoader Replaying proof normalisation0.key 
196522     DEBUG main            d.u.i.k.p.i.IntermediateProofReplayer Proof replay took 6.6ns 
196627     INFO  main            d.u.i.k.p.r.p.TestFile    ... finished proof: closed. 
196920     INFO  main            d.u.i.k.p.i.AbstractProblemLoader Loading environment from /home/runner/work/key/key/key.core/../key.ui/examples/standard_key/quantifiers/normalisation0.key.proof 
196920     DEBUG main            d.u.i.k.p.i.AbstractProblemLoader Environment load took 79ns 
196921     INFO  main            d.u.i.k.p.i.AbstractProblemLoader Creating init config 
199001     DEBUG main            d.u.i.k.p.i.AbstractProblemLoader Init config took 2.08s 
199013     INFO  main            d.u.i.k.p.i.AbstractProblemLoader Replaying proof normalisation0.key.proof 
199016     DEBUG main            d.u.i.k.p.i.IntermediateProofReplayer Proof replay took 1.79ms 
199017     DEBUG main            d.u.i.k.p.r.p.TestFile    ... success: reloaded. 
199017     INFO  main            d.u.i.k.p.r.p.TestFile    Now processing file /home/runner/work/key/key/key.core/../key.ui/examples/standard_key/quantifiers/normalisation1.key 
199017     INFO  main            d.u.i.k.p.i.AbstractProblemLoader Loading environment from /home/runner/work/key/key/key.core/../key.ui/examples/standard_key/quantifiers/normalisation1.key 
199018     DEBUG main            d.u.i.k.p.i.AbstractProblemLoader Environment load took 55ns 
199018     INFO  main            d.u.i.k.p.i.AbstractProblemLoader Creating init config 
201135     DEBUG main            d.u.i.k.p.i.AbstractProblemLoader Init config took 2.12s 
201149     INFO  main            d.u.i.k.p.i.AbstractProblemLoader Replaying proof normalisation1.key 
201151     DEBUG main            d.u.i.k.p.i.IntermediateProofReplayer Proof replay took 6.4ns 
201255     INFO  main            d.u.i.k.p.r.p.TestFile    ... finished proof: closed. 
201554     INFO  main            d.u.i.k.p.i.AbstractProblemLoader Loading environment from /home/runner/work/key/key/key.core/../key.ui/examples/standard_key/quantifiers/normalisation1.key.proof 
201554     DEBUG main            d.u.i.k.p.i.AbstractProblemLoader Environment load took 81.2ns 
201555     INFO  main            d.u.i.k.p.i.AbstractProblemLoader Creating init config 
203631     DEBUG main            d.u.i.k.p.i.AbstractProblemLoader Init config took 2.08s 
203651     INFO  main            d.u.i.k.p.i.AbstractProblemLoader Replaying proof normalisation1.key.proof 
203655     DEBUG main            d.u.i.k.p.i.IntermediateProofReplayer Proof replay took 2.41ms 
203655     DEBUG main            d.u.i.k.p.r.p.TestFile    ... success: reloaded. 
203656     INFO  main            d.u.i.k.p.r.p.TestFile    Now processing file /home/runner/work/key/key/key.core/../key.ui/examples/standard_key/quantifiers/normalisation2.key 
203656     INFO  main            d.u.i.k.p.i.AbstractProblemLoader Loading environment from /home/runner/work/key/key/key.core/../key.ui/examples/standard_key/quantifiers/normalisation2.key 
203656     DEBUG main            d.u.i.k.p.i.AbstractProblemLoader Environment load took 52.3ns 
203657     INFO  main            d.u.i.k.p.i.AbstractProblemLoader Creating init config 
205771     DEBUG main            d.u.i.k.p.i.AbstractProblemLoader Init config took 2.11s 
205784     INFO  main            d.u.i.k.p.i.AbstractProblemLoader Replaying proof normalisation2.key 
205785     DEBUG main            d.u.i.k.p.i.IntermediateProofReplayer Proof replay took 7.1ns 
205886     INFO  main            d.u.i.k.p.r.p.TestFile    ... finished proof: closed. 
206181     INFO  main            d.u.i.k.p.i.AbstractProblemLoader Loading environment from /home/runner/work/key/key/key.core/../key.ui/examples/standard_key/quantifiers/normalisation2.key.proof 
206181     DEBUG main            d.u.i.k.p.i.AbstractProblemLoader Environment load took 75.5ns 
206182     INFO  main            d.u.i.k.p.i.AbstractProblemLoader Creating init config 
208259     DEBUG main            d.u.i.k.p.i.AbstractProblemLoader Init config took 2.08s 
208271     INFO  main            d.u.i.k.p.i.AbstractProblemLoader Replaying proof normalisation2.key.proof 
208274     DEBUG main            d.u.i.k.p.i.IntermediateProofReplayer Proof replay took 2.03ms 
208275     DEBUG main            d.u.i.k.p.r.p.TestFile    ... success: reloaded. 
208276     INFO  main            d.u.i.k.p.r.p.TestFile    Now processing file /home/runner/work/key/key/key.core/../key.ui/examples/standard_key/quantifiers/normalisation3.key 
208276     INFO  main            d.u.i.k.p.i.AbstractProblemLoader Loading environment from /home/runner/work/key/key/key.core/../key.ui/examples/standard_key/quantifiers/normalisation3.key 
208276     DEBUG main            d.u.i.k.p.i.AbstractProblemLoader Environment load took 52.6ns 
208277     INFO  main            d.u.i.k.p.i.AbstractProblemLoader Creating init config 
210387     DEBUG main            d.u.i.k.p.i.AbstractProblemLoader Init config took 2.11s 
210399     INFO  main            d.u.i.k.p.i.AbstractProblemLoader Replaying proof normalisation3.key 
210401     DEBUG main            d.u.i.k.p.i.IntermediateProofReplayer Proof replay took 6.8ns 
210503     INFO  main            d.u.i.k.p.r.p.TestFile    ... finished proof: closed. 
210801     INFO  main            d.u.i.k.p.i.AbstractProblemLoader Loading environment from /home/runner/work/key/key/key.core/../key.ui/examples/standard_key/quantifiers/normalisation3.key.proof 
210801     DEBUG main            d.u.i.k.p.i.AbstractProblemLoader Environment load took 74.9ns 
210802     INFO  main            d.u.i.k.p.i.AbstractProblemLoader Creating init config 
212881     DEBUG main            d.u.i.k.p.i.AbstractProblemLoader Init config took 2.08s 
212893     INFO  main            d.u.i.k.p.i.AbstractProblemLoader Replaying proof normalisation3.key.proof 
212897     DEBUG main            d.u.i.k.p.i.IntermediateProofReplayer Proof replay took 2.1ms 
212897     DEBUG main            d.u.i.k.p.r.p.TestFile    ... success: reloaded. 
212898     INFO  main            d.u.i.k.p.r.p.TestFile    Now processing file /home/runner/work/key/key/key.core/../key.ui/examples/standard_key/quantifiers/normalisation4.key 
212898     INFO  main            d.u.i.k.p.i.AbstractProblemLoader Loading environment from /home/runner/work/key/key/key.core/../key.ui/examples/standard_key/quantifiers/normalisation4.key 
212898     DEBUG main            d.u.i.k.p.i.AbstractProblemLoader Environment load took 61.9ns 
212899     INFO  main            d.u.i.k.p.i.AbstractProblemLoader Creating init config 
215008     DEBUG main            d.u.i.k.p.i.AbstractProblemLoader Init config took 2.11s 
215020     INFO  main            d.u.i.k.p.i.AbstractProblemLoader Replaying proof normalisation4.key 
215022     DEBUG main            d.u.i.k.p.i.IntermediateProofReplayer Proof replay took 6.4ns 
215123     INFO  main            d.u.i.k.p.r.p.TestFile    ... finished proof: closed. 
215433     INFO  main            d.u.i.k.p.i.AbstractProblemLoader Loading environment from /home/runner/work/key/key/key.core/../key.ui/examples/standard_key/quantifiers/normalisation4.key.proof 
215433     DEBUG main            d.u.i.k.p.i.AbstractProblemLoader Environment load took 83ns 
215434     INFO  main            d.u.i.k.p.i.AbstractProblemLoader Creating init config 
217520     DEBUG main            d.u.i.k.p.i.AbstractProblemLoader Init config took 2.09s 
217532     INFO  main            d.u.i.k.p.i.AbstractProblemLoader Replaying proof normalisation4.key.proof 
217538     DEBUG main            d.u.i.k.p.i.IntermediateProofReplayer Proof replay took 4.08ms 
217538     DEBUG main            d.u.i.k.p.r.p.TestFile    ... success: reloaded. 
217539     INFO  main            d.u.i.k.p.r.p.TestFile    Now processing file /home/runner/work/key/key/key.core/../key.ui/examples/standard_key/quantifiers/normalisation5.key 
217539     INFO  main            d.u.i.k.p.i.AbstractProblemLoader Loading environment from /home/runner/work/key/key/key.core/../key.ui/examples/standard_key/quantifiers/normalisation5.key 
217539     DEBUG main            d.u.i.k.p.i.AbstractProblemLoader Environment load took 64.8ns 
217540     INFO  main            d.u.i.k.p.i.AbstractProblemLoader Creating init config 
219651     DEBUG main            d.u.i.k.p.i.AbstractProblemLoader Init config took 2.11s 
219663     INFO  main            d.u.i.k.p.i.AbstractProblemLoader Replaying proof normalisation5.key 
219664     DEBUG main            d.u.i.k.p.i.IntermediateProofReplayer Proof replay took 5.2ns 
219765     INFO  main            d.u.i.k.p.r.p.TestFile    ... finished proof: closed. 
220084     INFO  main            d.u.i.k.p.i.AbstractProblemLoader Loading environment from /home/runner/work/key/key/key.core/../key.ui/examples/standard_key/quantifiers/normalisation5.key.proof 
220084     DEBUG main            d.u.i.k.p.i.AbstractProblemLoader Environment load took 74ns 
220085     INFO  main            d.u.i.k.p.i.AbstractProblemLoader Creating init config 
222173     DEBUG main            d.u.i.k.p.i.AbstractProblemLoader Init config took 2.09s 
222185     INFO  main            d.u.i.k.p.i.AbstractProblemLoader Replaying proof normalisation5.key.proof 
222189     DEBUG main            d.u.i.k.p.i.IntermediateProofReplayer Proof replay took 3.12ms 
222190     DEBUG main            d.u.i.k.p.r.p.TestFile    ... success: reloaded. 
222191     INFO  main            d.u.i.k.p.r.p.TestFile    Now processing file /home/runner/work/key/key/key.core/../key.ui/examples/standard_key/quantifiers/normalisation6.key 
222191     INFO  main            d.u.i.k.p.i.AbstractProblemLoader Loading environment from /home/runner/work/key/key/key.core/../key.ui/examples/standard_key/quantifiers/normalisation6.key 
222191     DEBUG main            d.u.i.k.p.i.AbstractProblemLoader Environment load took 110.2ns 
222192     INFO  main            d.u.i.k.p.i.AbstractProblemLoader Creating init config 
224298     DEBUG main            d.u.i.k.p.i.AbstractProblemLoader Init config took 2.11s 
224310     INFO  main            d.u.i.k.p.i.AbstractProblemLoader Replaying proof normalisation6.key 
224312     DEBUG main            d.u.i.k.p.i.IntermediateProofReplayer Proof replay took 6.3ns 
224413     INFO  main            d.u.i.k.p.r.p.TestFile    ... finished proof: closed. 
224735     INFO  main            d.u.i.k.p.i.AbstractProblemLoader Loading environment from /home/runner/work/key/key/key.core/../key.ui/examples/standard_key/quantifiers/normalisation6.key.proof 
224735     DEBUG main            d.u.i.k.p.i.AbstractProblemLoader Environment load took 69.8ns 
224736     INFO  main            d.u.i.k.p.i.AbstractProblemLoader Creating init config 
226815     DEBUG main            d.u.i.k.p.i.AbstractProblemLoader Init config took 2.08s 
226827     INFO  main            d.u.i.k.p.i.AbstractProblemLoader Replaying proof normalisation6.key.proof 
226830     DEBUG main            d.u.i.k.p.i.IntermediateProofReplayer Proof replay took 1.86ms 
226831     DEBUG main            d.u.i.k.p.r.p.TestFile    ... success: reloaded. 
226832     INFO  main            d.u.i.k.p.r.p.TestFile    Now processing file /home/runner/work/key/key/key.core/../key.ui/examples/standard_key/quantifiers/normalisation7.key 
226832     INFO  main            d.u.i.k.p.i.AbstractProblemLoader Loading environment from /home/runner/work/key/key/key.core/../key.ui/examples/standard_key/quantifiers/normalisation7.key 
226832     DEBUG main            d.u.i.k.p.i.AbstractProblemLoader Environment load took 57.3ns 
226833     INFO  main            d.u.i.k.p.i.AbstractProblemLoader Creating init config 
228943     DEBUG main            d.u.i.k.p.i.AbstractProblemLoader Init config took 2.11s 
228955     INFO  main            d.u.i.k.p.i.AbstractProblemLoader Replaying proof normalisation7.key 
228957     DEBUG main            d.u.i.k.p.i.IntermediateProofReplayer Proof replay took 5.4ns 
229061     INFO  main            d.u.i.k.p.r.p.TestFile    ... finished proof: closed. 
229382     INFO  main            d.u.i.k.p.i.AbstractProblemLoader Loading environment from /home/runner/work/key/key/key.core/../key.ui/examples/standard_key/quantifiers/normalisation7.key.proof 
229382     DEBUG main            d.u.i.k.p.i.AbstractProblemLoader Environment load took 77.7ns 
229383     INFO  main            d.u.i.k.p.i.AbstractProblemLoader Creating init config 
231463     DEBUG main            d.u.i.k.p.i.AbstractProblemLoader Init config took 2.08s 
231477     INFO  main            d.u.i.k.p.i.AbstractProblemLoader Replaying proof normalisation7.key.proof 
231480     DEBUG main            d.u.i.k.p.i.IntermediateProofReplayer Proof replay took 1.67ms 
231481     DEBUG main            d.u.i.k.p.r.p.TestFile    ... success: reloaded. 
231481     INFO  main            d.u.i.k.p.r.p.TestFile    Now processing file /home/runner/work/key/key/key.core/../key.ui/examples/standard_key/quantifiers/normalisation8.key 
231481     INFO  main            d.u.i.k.p.i.AbstractProblemLoader Loading environment from /home/runner/work/key/key/key.core/../key.ui/examples/standard_key/quantifiers/normalisation8.key 
231481     DEBUG main            d.u.i.k.p.i.AbstractProblemLoader Environment load took 61.6ns 
231482     INFO  main            d.u.i.k.p.i.AbstractProblemLoader Creating init config 
233582     DEBUG main            d.u.i.k.p.i.AbstractProblemLoader Init config took 2.1s 
233595     INFO  main            d.u.i.k.p.i.AbstractProblemLoader Replaying proof normalisation8.key 
233596     DEBUG main            d.u.i.k.p.i.IntermediateProofReplayer Proof replay took 6.4ns 
233698     INFO  main            d.u.i.k.p.r.p.TestFile    ... finished proof: closed. 
234023     INFO  main            d.u.i.k.p.i.AbstractProblemLoader Loading environment from /home/runner/work/key/key/key.core/../key.ui/examples/standard_key/quantifiers/normalisation8.key.proof 
234023     DEBUG main            d.u.i.k.p.i.AbstractProblemLoader Environment load took 66.7ns 
234024     INFO  main            d.u.i.k.p.i.AbstractProblemLoader Creating init config 
236099     DEBUG main            d.u.i.k.p.i.AbstractProblemLoader Init config took 2.08s 
236112     INFO  main            d.u.i.k.p.i.AbstractProblemLoader Replaying proof normalisation8.key.proof 
236117     DEBUG main            d.u.i.k.p.i.IntermediateProofReplayer Proof replay took 4.08ms 
236118     DEBUG main            d.u.i.k.p.r.p.TestFile    ... success: reloaded. 
236118     INFO  main            d.u.i.k.p.r.p.TestFile    Now processing file /home/runner/work/key/key/key.core/../key.ui/examples/standard_key/quantifiers/normalisation9.key 
236119     INFO  main            d.u.i.k.p.i.AbstractProblemLoader Loading environment from /home/runner/work/key/key/key.core/../key.ui/examples/standard_key/quantifiers/normalisation9.key 
236119     DEBUG main            d.u.i.k.p.i.AbstractProblemLoader Environment load took 67.9ns 
236120     INFO  main            d.u.i.k.p.i.AbstractProblemLoader Creating init config 
238222     DEBUG main            d.u.i.k.p.i.AbstractProblemLoader Init config took 2.1s 
238234     INFO  main            d.u.i.k.p.i.AbstractProblemLoader Replaying proof normalisation9.key 
238235     DEBUG main            d.u.i.k.p.i.IntermediateProofReplayer Proof replay took 6.9ns 
238337     INFO  main            d.u.i.k.p.r.p.TestFile    ... finished proof: closed. 
238671     INFO  main            d.u.i.k.p.i.AbstractProblemLoader Loading environment from /home/runner/work/key/key/key.core/../key.ui/examples/standard_key/quantifiers/normalisation9.key.proof 
238671     DEBUG main            d.u.i.k.p.i.AbstractProblemLoader Environment load took 69.1ns 
238672     INFO  main            d.u.i.k.p.i.AbstractProblemLoader Creating init config 
240743     DEBUG main            d.u.i.k.p.i.AbstractProblemLoader Init config took 2.07s 
240756     INFO  main            d.u.i.k.p.i.AbstractProblemLoader Replaying proof normalisation9.key.proof 
240762     DEBUG main            d.u.i.k.p.i.IntermediateProofReplayer Proof replay took 5.29ms 
240763     DEBUG main            d.u.i.k.p.r.p.TestFile    ... success: reloaded. 
240764     INFO  main            d.u.i.k.p.r.p.TestFile    Now processing file /home/runner/work/key/key/key.core/../key.ui/examples/standard_key/quantifiers/normalisation10.key 
240764     INFO  main            d.u.i.k.p.i.AbstractProblemLoader Loading environment from /home/runner/work/key/key/key.core/../key.ui/examples/standard_key/quantifiers/normalisation10.key 
240764     DEBUG main            d.u.i.k.p.i.AbstractProblemLoader Environment load took 62.6ns 
240765     INFO  main            d.u.i.k.p.i.AbstractProblemLoader Creating init config 
242887     DEBUG main            d.u.i.k.p.i.AbstractProblemLoader Init config took 2.12s 
242900     INFO  main            d.u.i.k.p.i.AbstractProblemLoader Replaying proof normalisation10.key 
242901     DEBUG main            d.u.i.k.p.i.IntermediateProofReplayer Proof replay took 6.4ns 
243003     INFO  main            d.u.i.k.p.r.p.TestFile    ... finished proof: closed. 
243333     INFO  main            d.u.i.k.p.i.AbstractProblemLoader Loading environment from /home/runner/work/key/key/key.core/../key.ui/examples/standard_key/quantifiers/normalisation10.key.proof 
243333     DEBUG main            d.u.i.k.p.i.AbstractProblemLoader Environment load took 71.9ns 
243334     INFO  main            d.u.i.k.p.i.AbstractProblemLoader Creating init config 
245408     DEBUG main            d.u.i.k.p.i.AbstractProblemLoader Init config took 2.07s 
245421     INFO  main            d.u.i.k.p.i.AbstractProblemLoader Replaying proof normalisation10.key.proof 
245426     DEBUG main            d.u.i.k.p.i.IntermediateProofReplayer Proof replay took 4.1ms 
245427     DEBUG main            d.u.i.k.p.r.p.TestFile    ... success: reloaded. 
245428     INFO  main            d.u.i.k.p.r.p.TestFile    Now processing file /home/runner/work/key/key/key.core/../key.ui/examples/standard_key/quantifiers/normalisation12.key 
245428     INFO  main            d.u.i.k.p.i.AbstractProblemLoader Loading environment from /home/runner/work/key/key/key.core/../key.ui/examples/standard_key/quantifiers/normalisation12.key 
245428     DEBUG main            d.u.i.k.p.i.AbstractProblemLoader Environment load took 62.4ns 
245429     INFO  main            d.u.i.k.p.i.AbstractProblemLoader Creating init config 
247548     DEBUG main            d.u.i.k.p.i.AbstractProblemLoader Init config took 2.12s 
247560     INFO  main            d.u.i.k.p.i.AbstractProblemLoader Replaying proof normalisation12.key 
247562     DEBUG main            d.u.i.k.p.i.IntermediateProofReplayer Proof replay took 6.2ns 
247663     INFO  main            d.u.i.k.p.r.p.TestFile    ... finished proof: closed. 
247996     INFO  main            d.u.i.k.p.i.AbstractProblemLoader Loading environment from /home/runner/work/key/key/key.core/../key.ui/examples/standard_key/quantifiers/normalisation12.key.proof 
247996     DEBUG main            d.u.i.k.p.i.AbstractProblemLoader Environment load took 70.6ns 
247997     INFO  main            d.u.i.k.p.i.AbstractProblemLoader Creating init config 
250076     DEBUG main            d.u.i.k.p.i.AbstractProblemLoader Init config took 2.08s 
250088     INFO  main            d.u.i.k.p.i.AbstractProblemLoader Replaying proof normalisation12.key.proof 
250091     DEBUG main            d.u.i.k.p.i.IntermediateProofReplayer Proof replay took 1.02ms 
250091     DEBUG main            d.u.i.k.p.r.p.TestFile    ... success: reloaded. 
250092     INFO  main            d.u.i.k.p.r.p.TestFile    Now processing file /home/runner/work/key/key/key.core/../key.ui/examples/standard_key/quantifiers/normalisation13.key 
250092     INFO  main            d.u.i.k.p.i.AbstractProblemLoader Loading environment from /home/runner/work/key/key/key.core/../key.ui/examples/standard_key/quantifiers/normalisation13.key 
250092     DEBUG main            d.u.i.k.p.i.AbstractProblemLoader Environment load took 59.7ns 
250093     INFO  main            d.u.i.k.p.i.AbstractProblemLoader Creating init config 
252209     DEBUG main            d.u.i.k.p.i.AbstractProblemLoader Init config took 2.12s 
252222     INFO  main            d.u.i.k.p.i.AbstractProblemLoader Replaying proof normalisation13.key 
252223     DEBUG main            d.u.i.k.p.i.IntermediateProofReplayer Proof replay took 6.4ns 
252325     INFO  main            d.u.i.k.p.r.p.TestFile    ... finished proof: closed. 
252668     INFO  main            d.u.i.k.p.i.AbstractProblemLoader Loading environment from /home/runner/work/key/key/key.core/../key.ui/examples/standard_key/quantifiers/normalisation13.key.proof 
252668     DEBUG main            d.u.i.k.p.i.AbstractProblemLoader Environment load took 68ns 
252669     INFO  main            d.u.i.k.p.i.AbstractProblemLoader Creating init config 
254748     DEBUG main            d.u.i.k.p.i.AbstractProblemLoader Init config took 2.08s 
254760     INFO  main            d.u.i.k.p.i.AbstractProblemLoader Replaying proof normalisation13.key.proof 
254762     DEBUG main            d.u.i.k.p.i.IntermediateProofReplayer Proof replay took 475.5ns 
254763     DEBUG main            d.u.i.k.p.r.p.TestFile    ... success: reloaded. 
254763     INFO  main            d.u.i.k.p.r.p.TestFile    Now processing file /home/runner/work/key/key/key.core/../key.ui/examples/standard_key/quantifiers/triggers0.key 
254763     INFO  main            d.u.i.k.p.i.AbstractProblemLoader Loading environment from /home/runner/work/key/key/key.core/../key.ui/examples/standard_key/quantifiers/triggers0.key 
254763     DEBUG main            d.u.i.k.p.i.AbstractProblemLoader Environment load took 40.5ns 
254764     INFO  main            d.u.i.k.p.i.AbstractProblemLoader Creating init config 
256918     DEBUG main            d.u.i.k.p.i.AbstractProblemLoader Init config took 2.15s 
256931     INFO  main            d.u.i.k.p.i.AbstractProblemLoader Replaying proof triggers0.key 
256932     DEBUG main            d.u.i.k.p.i.IntermediateProofReplayer Proof replay took 7ns 
257034     INFO  main            d.u.i.k.p.r.p.TestFile    ... finished proof: closed. 
257382     INFO  main            d.u.i.k.p.i.AbstractProblemLoader Loading environment from /home/runner/work/key/key/key.core/../key.ui/examples/standard_key/quantifiers/triggers0.key.proof 
257382     DEBUG main            d.u.i.k.p.i.AbstractProblemLoader Environment load took 69.5ns 
257383     INFO  main            d.u.i.k.p.i.AbstractProblemLoader Creating init config 
259458     DEBUG main            d.u.i.k.p.i.AbstractProblemLoader Init config took 2.07s 
259472     INFO  main            d.u.i.k.p.i.AbstractProblemLoader Replaying proof triggers0.key.proof 
259474     DEBUG main            d.u.i.k.p.i.IntermediateProofReplayer Proof replay took 1.18ms 
259475     DEBUG main            d.u.i.k.p.r.p.TestFile    ... success: reloaded. 
3686511    INFO  Test worker     d.u.i.k.p.r.RunAllProofsTestUnit Returning from test FOL 
3686511    INFO  Test worker     d.u.i.k.p.r.RunAllProofsTestUnit Running test strings 
312        INFO  Timeout watchdog d.u.i.k.p.r.p.ForkedTestFileRunner Timeout watcher launched (2000 secs.) 
329        WARN  main            d.u.i.k.s.ProofSettings   The settings in /home/runner/.key/proof-settings.props are *not* read. 
370        INFO  main            d.u.i.k.p.r.p.TestFile    Now processing file /home/runner/work/key/key/key.core/../key.ui/examples/standard_key/strings/charAt0.key 
501        INFO  main            d.u.i.k.p.i.AbstractProblemLoader Loading environment from /home/runner/work/key/key/key.core/../key.ui/examples/standard_key/strings/charAt0.key 
527        DEBUG main            d.u.i.k.p.i.AbstractProblemLoader Environment load took 1.84ms 
773        INFO  main            d.u.i.k.p.i.AbstractProblemLoader Creating init config 
1684       DEBUG main            d.u.i.k.j.TypeConverter   No LDT found for Meta 
1685       DEBUG main            d.u.i.k.j.TypeConverter   No LDT found for Meta 
1687       DEBUG main            d.u.i.k.j.TypeConverter   No LDT found for Meta 
1687       DEBUG main            d.u.i.k.j.TypeConverter   No LDT found for Meta 
3180       DEBUG main            d.u.i.k.j.TypeConverter   No LDT found for JavaBigintExpression 
7534       DEBUG main            d.u.i.k.p.i.AbstractProblemLoader Init config took 6.76s 
7614       INFO  main            d.u.i.k.p.i.AbstractProblemLoader Replaying proof charAt0.key 
7649       DEBUG main            d.u.i.k.p.i.IntermediateProofReplayer Proof replay took 29.4ns 
8017       INFO  main            d.u.i.k.p.r.p.TestFile    ... finished proof: closed. 
8111       INFO  main            d.u.i.k.p.i.AbstractProblemLoader Loading environment from /home/runner/work/key/key/key.core/../key.ui/examples/standard_key/strings/charAt0.key.proof 
8113       DEBUG main            d.u.i.k.p.i.AbstractProblemLoader Environment load took 1.61ms 
8118       INFO  main            d.u.i.k.p.i.AbstractProblemLoader Creating init config 
10639      DEBUG main            d.u.i.k.p.i.AbstractProblemLoader Init config took 2.52s 
10682      INFO  main            d.u.i.k.p.i.AbstractProblemLoader Replaying proof charAt0.key.proof 
10703      DEBUG main            d.u.i.k.p.i.IntermediateProofReplayer Proof replay took 16.65ms 
10712      DEBUG main            d.u.i.k.p.r.p.TestFile    ... success: reloaded. 
10713      INFO  main            d.u.i.k.p.r.p.TestFile    Now processing file /home/runner/work/key/key/key.core/../key.ui/examples/standard_key/strings/charAt1.key 
10714      INFO  main            d.u.i.k.p.i.AbstractProblemLoader Loading environment from /home/runner/work/key/key/key.core/../key.ui/examples/standard_key/strings/charAt1.key 
10714      DEBUG main            d.u.i.k.p.i.AbstractProblemLoader Environment load took 172.3ns 
10715      INFO  main            d.u.i.k.p.i.AbstractProblemLoader Creating init config 
13095      DEBUG main            d.u.i.k.p.i.AbstractProblemLoader Init config took 2.38s 
13130      INFO  main            d.u.i.k.p.i.AbstractProblemLoader Replaying proof charAt1.key 
13135      DEBUG main            d.u.i.k.p.i.IntermediateProofReplayer Proof replay took 5.7ns 
13346      INFO  main            d.u.i.k.p.r.p.TestFile    ... finished proof: closed. 
13466      INFO  main            d.u.i.k.p.i.AbstractProblemLoader Loading environment from /home/runner/work/key/key/key.core/../key.ui/examples/standard_key/strings/charAt1.key.proof 
13467      DEBUG main            d.u.i.k.p.i.AbstractProblemLoader Environment load took 1.18ms 
13469      INFO  main            d.u.i.k.p.i.AbstractProblemLoader Creating init config 
15791      DEBUG main            d.u.i.k.p.i.AbstractProblemLoader Init config took 2.32s 
15813      INFO  main            d.u.i.k.p.i.AbstractProblemLoader Replaying proof charAt1.key.proof 
15830      DEBUG main            d.u.i.k.p.i.IntermediateProofReplayer Proof replay took 13.82ms 
15831      DEBUG main            d.u.i.k.p.r.p.TestFile    ... success: reloaded. 
15831      INFO  main            d.u.i.k.p.r.p.TestFile    Now processing file /home/runner/work/key/key/key.core/../key.ui/examples/standard_key/strings/concat1.key 
15832      INFO  main            d.u.i.k.p.i.AbstractProblemLoader Loading environment from /home/runner/work/key/key/key.core/../key.ui/examples/standard_key/strings/concat1.key 
15832      DEBUG main            d.u.i.k.p.i.AbstractProblemLoader Environment load took 156.4ns 
15833      INFO  main            d.u.i.k.p.i.AbstractProblemLoader Creating init config 
18163      DEBUG main            d.u.i.k.p.i.AbstractProblemLoader Init config took 2.33s 
18183      INFO  main            d.u.i.k.p.i.AbstractProblemLoader Replaying proof concat1.key 
18185      DEBUG main            d.u.i.k.p.i.IntermediateProofReplayer Proof replay took 5ns 
18289      INFO  main            d.u.i.k.p.r.p.TestFile    ... finished proof: closed. 
18438      INFO  main            d.u.i.k.p.i.AbstractProblemLoader Loading environment from /home/runner/work/key/key/key.core/../key.ui/examples/standard_key/strings/concat1.key.proof 
18438      DEBUG main            d.u.i.k.p.i.AbstractProblemLoader Environment load took 118.8ns 
18440      INFO  main            d.u.i.k.p.i.AbstractProblemLoader Creating init config 
20693      DEBUG main            d.u.i.k.p.i.AbstractProblemLoader Init config took 2.25s 
20712      INFO  main            d.u.i.k.p.i.AbstractProblemLoader Replaying proof concat1.key.proof 
20715      DEBUG main            d.u.i.k.p.i.IntermediateProofReplayer Proof replay took 1.18ms 
20716      DEBUG main            d.u.i.k.p.r.p.TestFile    ... success: reloaded. 
20717      INFO  main            d.u.i.k.p.r.p.TestFile    Now processing file /home/runner/work/key/key/key.core/../key.ui/examples/standard_key/strings/concat2.key 
20717      INFO  main            d.u.i.k.p.i.AbstractProblemLoader Loading environment from /home/runner/work/key/key/key.core/../key.ui/examples/standard_key/strings/concat2.key 
20717      DEBUG main            d.u.i.k.p.i.AbstractProblemLoader Environment load took 157.2ns 
20718      INFO  main            d.u.i.k.p.i.AbstractProblemLoader Creating init config 
22971      DEBUG main            d.u.i.k.p.i.AbstractProblemLoader Init config took 2.25s 
22991      INFO  main            d.u.i.k.p.i.AbstractProblemLoader Replaying proof concat2.key 
22992      DEBUG main            d.u.i.k.p.i.IntermediateProofReplayer Proof replay took 4.8ns 
23099      INFO  main            d.u.i.k.p.r.p.TestFile    ... finished proof: closed. 
23222      INFO  main            d.u.i.k.p.i.AbstractProblemLoader Loading environment from /home/runner/work/key/key/key.core/../key.ui/examples/standard_key/strings/concat2.key.proof 
23222      DEBUG main            d.u.i.k.p.i.AbstractProblemLoader Environment load took 107.1ns 
23223      INFO  main            d.u.i.k.p.i.AbstractProblemLoader Creating init config 
25427      DEBUG main            d.u.i.k.p.i.AbstractProblemLoader Init config took 2.2s 
25448      INFO  main            d.u.i.k.p.i.AbstractProblemLoader Replaying proof concat2.key.proof 
25459      DEBUG main            d.u.i.k.p.i.IntermediateProofReplayer Proof replay took 8.79ms 
25460      DEBUG main            d.u.i.k.p.r.p.TestFile    ... success: reloaded. 
25460      INFO  main            d.u.i.k.p.r.p.TestFile    Now processing file /home/runner/work/key/key/key.core/../key.ui/examples/standard_key/strings/deriveLength1.key 
25461      INFO  main            d.u.i.k.p.i.AbstractProblemLoader Loading environment from /home/runner/work/key/key/key.core/../key.ui/examples/standard_key/strings/deriveLength1.key 
25461      DEBUG main            d.u.i.k.p.i.AbstractProblemLoader Environment load took 155.2ns 
25462      INFO  main            d.u.i.k.p.i.AbstractProblemLoader Creating init config 
27718      DEBUG main            d.u.i.k.p.i.AbstractProblemLoader Init config took 2.26s 
27740      INFO  main            d.u.i.k.p.i.AbstractProblemLoader Replaying proof deriveLength1.key 
27743      DEBUG main            d.u.i.k.p.i.IntermediateProofReplayer Proof replay took 5.7ns 
27845      INFO  main            d.u.i.k.p.r.p.TestFile    ... finished proof: closed. 
27978      INFO  main            d.u.i.k.p.i.AbstractProblemLoader Loading environment from /home/runner/work/key/key/key.core/../key.ui/examples/standard_key/strings/deriveLength1.key.proof 
27979      DEBUG main            d.u.i.k.p.i.AbstractProblemLoader Environment load took 111.7ns 
27980      INFO  main            d.u.i.k.p.i.AbstractProblemLoader Creating init config 
30177      DEBUG main            d.u.i.k.p.i.AbstractProblemLoader Init config took 2.2s 
30217      INFO  main            d.u.i.k.p.i.AbstractProblemLoader Replaying proof deriveLength1.key.proof 
30250      DEBUG main            d.u.i.k.p.i.IntermediateProofReplayer Proof replay took 26.15ms 
30251      DEBUG main            d.u.i.k.p.r.p.TestFile    ... success: reloaded. 
30251      INFO  main            d.u.i.k.p.r.p.TestFile    Now processing file /home/runner/work/key/key/key.core/../key.ui/examples/standard_key/strings/emptyStringLengthZero.key 
30252      INFO  main            d.u.i.k.p.i.AbstractProblemLoader Loading environment from /home/runner/work/key/key/key.core/../key.ui/examples/standard_key/strings/emptyStringLengthZero.key 
30252      DEBUG main            d.u.i.k.p.i.AbstractProblemLoader Environment load took 157.9ns 
30253      INFO  main            d.u.i.k.p.i.AbstractProblemLoader Creating init config 
32483      DEBUG main            d.u.i.k.p.i.AbstractProblemLoader Init config took 2.23s 
32501      INFO  main            d.u.i.k.p.i.AbstractProblemLoader Replaying proof emptyStringLengthZero.key 
32502      DEBUG main            d.u.i.k.p.i.IntermediateProofReplayer Proof replay took 5.3ns 
32606      INFO  main            d.u.i.k.p.r.p.TestFile    ... finished proof: closed. 
32743      INFO  main            d.u.i.k.p.i.AbstractProblemLoader Loading environment from /home/runner/work/key/key/key.core/../key.ui/examples/standard_key/strings/emptyStringLengthZero.key.proof 
32744      DEBUG main            d.u.i.k.p.i.AbstractProblemLoader Environment load took 111.5ns 
32747      INFO  main            d.u.i.k.p.i.AbstractProblemLoader Creating init config 
34936      DEBUG main            d.u.i.k.p.i.AbstractProblemLoader Init config took 2.19s 
34954      INFO  main            d.u.i.k.p.i.AbstractProblemLoader Replaying proof emptyStringLengthZero.key.proof 
34959      DEBUG main            d.u.i.k.p.i.IntermediateProofReplayer Proof replay took 3.02ms 
34960      DEBUG main            d.u.i.k.p.r.p.TestFile    ... success: reloaded. 
34961      INFO  main            d.u.i.k.p.r.p.TestFile    Now processing file /home/runner/work/key/key/key.core/../key.ui/examples/standard_key/strings/implicitBooleanStringConversion.key 
34961      INFO  main            d.u.i.k.p.i.AbstractProblemLoader Loading environment from /home/runner/work/key/key/key.core/../key.ui/examples/standard_key/strings/implicitBooleanStringConversion.key 
34961      DEBUG main            d.u.i.k.p.i.AbstractProblemLoader Environment load took 153.9ns 
34962      INFO  main            d.u.i.k.p.i.AbstractProblemLoader Creating init config 
37213      DEBUG main            d.u.i.k.p.i.AbstractProblemLoader Init config took 2.25s 
37232      INFO  main            d.u.i.k.p.i.AbstractProblemLoader Replaying proof implicitBooleanStringConversion.key 
37234      DEBUG main            d.u.i.k.p.i.IntermediateProofReplayer Proof replay took 6.1ns 
38142      INFO  main            d.u.i.k.p.r.p.TestFile    ... finished proof: closed. 
38356      INFO  main            d.u.i.k.p.i.AbstractProblemLoader Loading environment from /home/runner/work/key/key/key.core/../key.ui/examples/standard_key/strings/implicitBooleanStringConversion.key.proof 
38357      DEBUG main            d.u.i.k.p.i.AbstractProblemLoader Environment load took 311.3ns 
38358      INFO  main            d.u.i.k.p.i.AbstractProblemLoader Creating init config 
40547      DEBUG main            d.u.i.k.p.i.AbstractProblemLoader Init config took 2.19s 
40565      INFO  main            d.u.i.k.p.i.AbstractProblemLoader Replaying proof implicitBooleanStringConversion.key.proof 
40649      DEBUG main            d.u.i.k.p.i.IntermediateProofReplayer Proof replay took 77.71ms 
40650      DEBUG main            d.u.i.k.p.r.p.TestFile    ... success: reloaded. 
40650      INFO  main            d.u.i.k.p.r.p.TestFile    Now processing file /home/runner/work/key/key/key.core/../key.ui/examples/standard_key/strings/implicitBooleanStringConversion2.key 
40650      INFO  main            d.u.i.k.p.i.AbstractProblemLoader Loading environment from /home/runner/work/key/key/key.core/../key.ui/examples/standard_key/strings/implicitBooleanStringConversion2.key 
40651      DEBUG main            d.u.i.k.p.i.AbstractProblemLoader Environment load took 205.8ns 
40652      INFO  main            d.u.i.k.p.i.AbstractProblemLoader Creating init config 
42892      DEBUG main            d.u.i.k.p.i.AbstractProblemLoader Init config took 2.24s 
42909      INFO  main            d.u.i.k.p.i.AbstractProblemLoader Replaying proof implicitBooleanStringConversion2.key 
42911      DEBUG main            d.u.i.k.p.i.IntermediateProofReplayer Proof replay took 5.5ns 
43214      INFO  main            d.u.i.k.p.r.p.TestFile    ... finished proof: closed. 
43386      INFO  main            d.u.i.k.p.i.AbstractProblemLoader Loading environment from /home/runner/work/key/key/key.core/../key.ui/examples/standard_key/strings/implicitBooleanStringConversion2.key.proof 
43386      DEBUG main            d.u.i.k.p.i.AbstractProblemLoader Environment load took 105.4ns 
43387      INFO  main            d.u.i.k.p.i.AbstractProblemLoader Creating init config 
45548      DEBUG main            d.u.i.k.p.i.AbstractProblemLoader Init config took 2.16s 
45566      INFO  main            d.u.i.k.p.i.AbstractProblemLoader Replaying proof implicitBooleanStringConversion2.key.proof 
45599      DEBUG main            d.u.i.k.p.i.IntermediateProofReplayer Proof replay took 30.37ms 
45600      DEBUG main            d.u.i.k.p.r.p.TestFile    ... success: reloaded. 
45600      INFO  main            d.u.i.k.p.r.p.TestFile    Now processing file /home/runner/work/key/key/key.core/../key.ui/examples/standard_key/strings/implicitIntStringConversion.key 
45601      INFO  main            d.u.i.k.p.i.AbstractProblemLoader Loading environment from /home/runner/work/key/key/key.core/../key.ui/examples/standard_key/strings/implicitIntStringConversion.key 
45601      DEBUG main            d.u.i.k.p.i.AbstractProblemLoader Environment load took 70.7ns 
45602      INFO  main            d.u.i.k.p.i.AbstractProblemLoader Creating init config 
47812      DEBUG main            d.u.i.k.p.i.AbstractProblemLoader Init config took 2.21s 
47828      INFO  main            d.u.i.k.p.i.AbstractProblemLoader Replaying proof implicitIntStringConversion.key 
47830      DEBUG main            d.u.i.k.p.i.IntermediateProofReplayer Proof replay took 5.1ns 
48534      INFO  main            d.u.i.k.p.r.p.TestFile    ... finished proof: closed. 
48710      INFO  main            d.u.i.k.p.i.AbstractProblemLoader Loading environment from /home/runner/work/key/key/key.core/../key.ui/examples/standard_key/strings/implicitIntStringConversion.key.proof 
48712      DEBUG main            d.u.i.k.p.i.AbstractProblemLoader Environment load took 2.19ms 
48713      INFO  main            d.u.i.k.p.i.AbstractProblemLoader Creating init config 
50864      DEBUG main            d.u.i.k.p.i.AbstractProblemLoader Init config took 2.15s 
50880      INFO  main            d.u.i.k.p.i.AbstractProblemLoader Replaying proof implicitIntStringConversion.key.proof 
50952      DEBUG main            d.u.i.k.p.i.IntermediateProofReplayer Proof replay took 67.2ms 
50953      DEBUG main            d.u.i.k.p.r.p.TestFile    ... success: reloaded. 
50954      INFO  main            d.u.i.k.p.r.p.TestFile    Now processing file /home/runner/work/key/key/key.core/../key.ui/examples/standard_key/strings/implicitNullStringConversion.key 
50954      INFO  main            d.u.i.k.p.i.AbstractProblemLoader Loading environment from /home/runner/work/key/key/key.core/../key.ui/examples/standard_key/strings/implicitNullStringConversion.key 
50954      DEBUG main            d.u.i.k.p.i.AbstractProblemLoader Environment load took 164ns 
50955      INFO  main            d.u.i.k.p.i.AbstractProblemLoader Creating init config 
53185      DEBUG main            d.u.i.k.p.i.AbstractProblemLoader Init config took 2.23s 
53200      INFO  main            d.u.i.k.p.i.AbstractProblemLoader Replaying proof implicitNullStringConversion.key 
53201      DEBUG main            d.u.i.k.p.i.IntermediateProofReplayer Proof replay took 5.8ns 
53504      INFO  main            d.u.i.k.p.r.p.TestFile    ... finished proof: closed. 
53674      INFO  main            d.u.i.k.p.i.AbstractProblemLoader Loading environment from /home/runner/work/key/key/key.core/../key.ui/examples/standard_key/strings/implicitNullStringConversion.key.proof 
53674      DEBUG main            d.u.i.k.p.i.AbstractProblemLoader Environment load took 105.8ns 
53675      INFO  main            d.u.i.k.p.i.AbstractProblemLoader Creating init config 
55815      DEBUG main            d.u.i.k.p.i.AbstractProblemLoader Init config took 2.14s 
55840      INFO  main            d.u.i.k.p.i.AbstractProblemLoader Replaying proof implicitNullStringConversion.key.proof 
55887      DEBUG main            d.u.i.k.p.i.IntermediateProofReplayer Proof replay took 40.44ms 
55888      DEBUG main            d.u.i.k.p.r.p.TestFile    ... success: reloaded. 
55888      INFO  main            d.u.i.k.p.r.p.TestFile    Now processing file /home/runner/work/key/key/key.core/../key.ui/examples/standard_key/strings/implicitNullStringConversion2.key 
55889      INFO  main            d.u.i.k.p.i.AbstractProblemLoader Loading environment from /home/runner/work/key/key/key.core/../key.ui/examples/standard_key/strings/implicitNullStringConversion2.key 
55889      DEBUG main            d.u.i.k.p.i.AbstractProblemLoader Environment load took 153.9ns 
55890      INFO  main            d.u.i.k.p.i.AbstractProblemLoader Creating init config 
58106      DEBUG main            d.u.i.k.p.i.AbstractProblemLoader Init config took 2.22s 
58121      INFO  main            d.u.i.k.p.i.AbstractProblemLoader Replaying proof implicitNullStringConversion2.key 
58122      DEBUG main            d.u.i.k.p.i.IntermediateProofReplayer Proof replay took 4.9ns 
58325      INFO  main            d.u.i.k.p.r.p.TestFile    ... finished proof: closed. 
58509      INFO  main            d.u.i.k.p.i.AbstractProblemLoader Loading environment from /home/runner/work/key/key/key.core/../key.ui/examples/standard_key/strings/implicitNullStringConversion2.key.proof 
58509      DEBUG main            d.u.i.k.p.i.AbstractProblemLoader Environment load took 106.3ns 
58510      INFO  main            d.u.i.k.p.i.AbstractProblemLoader Creating init config 
60657      DEBUG main            d.u.i.k.p.i.AbstractProblemLoader Init config took 2.15s 
60672      INFO  main            d.u.i.k.p.i.AbstractProblemLoader Replaying proof implicitNullStringConversion2.key.proof 
60711      DEBUG main            d.u.i.k.p.i.IntermediateProofReplayer Proof replay took 35.47ms 
60712      DEBUG main            d.u.i.k.p.r.p.TestFile    ... success: reloaded. 
60713      INFO  main            d.u.i.k.p.r.p.TestFile    Now processing file /home/runner/work/key/key/key.core/../key.ui/examples/standard_key/strings/implicitObjectStringConversion.key 
60713      INFO  main            d.u.i.k.p.i.AbstractProblemLoader Loading environment from /home/runner/work/key/key/key.core/../key.ui/examples/standard_key/strings/implicitObjectStringConversion.key 
60713      DEBUG main            d.u.i.k.p.i.AbstractProblemLoader Environment load took 151.4ns 
60714      INFO  main            d.u.i.k.p.i.AbstractProblemLoader Creating init config 
63074      DEBUG main            d.u.i.k.p.i.AbstractProblemLoader Init config took 2.36s 
63090      INFO  main            d.u.i.k.p.i.AbstractProblemLoader Replaying proof implicitObjectStringConversion.key 
63091      DEBUG main            d.u.i.k.p.i.IntermediateProofReplayer Proof replay took 5ns 
63496      INFO  main            d.u.i.k.p.r.p.TestFile    ... finished proof: closed. 
63665      INFO  main            d.u.i.k.p.i.AbstractProblemLoader Loading environment from /home/runner/work/key/key/key.core/../key.ui/examples/standard_key/strings/implicitObjectStringConversion.key.proof 
63665      DEBUG main            d.u.i.k.p.i.AbstractProblemLoader Environment load took 117ns 
63666      INFO  main            d.u.i.k.p.i.AbstractProblemLoader Creating init config 
65957      DEBUG main            d.u.i.k.p.i.AbstractProblemLoader Init config took 2.29s 
65987      INFO  main            d.u.i.k.p.i.AbstractProblemLoader Replaying proof implicitObjectStringConversion.key.proof 
66036      DEBUG main            d.u.i.k.p.i.IntermediateProofReplayer Proof replay took 45.08ms 
66037      DEBUG main            d.u.i.k.p.r.p.TestFile    ... success: reloaded. 
66037      INFO  main            d.u.i.k.p.r.p.TestFile    Now processing file /home/runner/work/key/key/key.core/../key.ui/examples/standard_key/strings/literalEquality.key 
66038      INFO  main            d.u.i.k.p.i.AbstractProblemLoader Loading environment from /home/runner/work/key/key/key.core/../key.ui/examples/standard_key/strings/literalEquality.key 
66038      DEBUG main            d.u.i.k.p.i.AbstractProblemLoader Environment load took 170.7ns 
66039      INFO  main            d.u.i.k.p.i.AbstractProblemLoader Creating init config 
68227      DEBUG main            d.u.i.k.p.i.AbstractProblemLoader Init config took 2.19s 
68249      INFO  main            d.u.i.k.p.i.AbstractProblemLoader Replaying proof literalEquality.key 
68250      DEBUG main            d.u.i.k.p.i.IntermediateProofReplayer Proof replay took 5.7ns 
68352      INFO  main            d.u.i.k.p.r.p.TestFile    ... finished proof: closed. 
68530      INFO  main            d.u.i.k.p.i.AbstractProblemLoader Loading environment from /home/runner/work/key/key/key.core/../key.ui/examples/standard_key/strings/literalEquality.key.proof 
68530      DEBUG main            d.u.i.k.p.i.AbstractProblemLoader Environment load took 101.1ns 
68530      INFO  main            d.u.i.k.p.i.AbstractProblemLoader Creating init config 
70675      DEBUG main            d.u.i.k.p.i.AbstractProblemLoader Init config took 2.14s 
70690      INFO  main            d.u.i.k.p.i.AbstractProblemLoader Replaying proof literalEquality.key.proof 
70696      DEBUG main            d.u.i.k.p.i.IntermediateProofReplayer Proof replay took 4.39ms 
70697      DEBUG main            d.u.i.k.p.r.p.TestFile    ... success: reloaded. 
70698      INFO  main            d.u.i.k.p.r.p.TestFile    Now processing file /home/runner/work/key/key/key.core/../key.ui/examples/standard_key/strings/replace0.key 
70698      INFO  main            d.u.i.k.p.i.AbstractProblemLoader Loading environment from /home/runner/work/key/key/key.core/../key.ui/examples/standard_key/strings/replace0.key 
70698      DEBUG main            d.u.i.k.p.i.AbstractProblemLoader Environment load took 154.5ns 
70699      INFO  main            d.u.i.k.p.i.AbstractProblemLoader Creating init config 
72901      DEBUG main            d.u.i.k.p.i.AbstractProblemLoader Init config took 2.2s 
72914      INFO  main            d.u.i.k.p.i.AbstractProblemLoader Replaying proof replace0.key 
72915      DEBUG main            d.u.i.k.p.i.IntermediateProofReplayer Proof replay took 5.7ns 
73017      INFO  main            d.u.i.k.p.r.p.TestFile    ... finished proof: closed. 
73194      INFO  main            d.u.i.k.p.i.AbstractProblemLoader Loading environment from /home/runner/work/key/key/key.core/../key.ui/examples/standard_key/strings/replace0.key.proof 
73195      DEBUG main            d.u.i.k.p.i.AbstractProblemLoader Environment load took 99.8ns 
73196      INFO  main            d.u.i.k.p.i.AbstractProblemLoader Creating init config 
75327      DEBUG main            d.u.i.k.p.i.AbstractProblemLoader Init config took 2.13s 
75341      INFO  main            d.u.i.k.p.i.AbstractProblemLoader Replaying proof replace0.key.proof 
75347      DEBUG main            d.u.i.k.p.i.IntermediateProofReplayer Proof replay took 4.31ms 
75348      DEBUG main            d.u.i.k.p.r.p.TestFile    ... success: reloaded. 
75348      INFO  main            d.u.i.k.p.r.p.TestFile    Now processing file /home/runner/work/key/key/key.core/../key.ui/examples/standard_key/strings/replace1.key 
75349      INFO  main            d.u.i.k.p.i.AbstractProblemLoader Loading environment from /home/runner/work/key/key/key.core/../key.ui/examples/standard_key/strings/replace1.key 
75349      DEBUG main            d.u.i.k.p.i.AbstractProblemLoader Environment load took 144ns 
75350      INFO  main            d.u.i.k.p.i.AbstractProblemLoader Creating init config 
77495      DEBUG main            d.u.i.k.p.i.AbstractProblemLoader Init config took 2.15s 
77508      INFO  main            d.u.i.k.p.i.AbstractProblemLoader Replaying proof replace1.key 
77509      DEBUG main            d.u.i.k.p.i.IntermediateProofReplayer Proof replay took 5.1ns 
77613      INFO  main            d.u.i.k.p.r.p.TestFile    ... finished proof: closed. 
77793      INFO  main            d.u.i.k.p.i.AbstractProblemLoader Loading environment from /home/runner/work/key/key/key.core/../key.ui/examples/standard_key/strings/replace1.key.proof 
77793      DEBUG main            d.u.i.k.p.i.AbstractProblemLoader Environment load took 100.9ns 
77794      INFO  main            d.u.i.k.p.i.AbstractProblemLoader Creating init config 
79910      DEBUG main            d.u.i.k.p.i.AbstractProblemLoader Init config took 2.12s 
79923      INFO  main            d.u.i.k.p.i.AbstractProblemLoader Replaying proof replace1.key.proof 
79933      DEBUG main            d.u.i.k.p.i.IntermediateProofReplayer Proof replay took 5.42ms 
79934      DEBUG main            d.u.i.k.p.r.p.TestFile    ... success: reloaded. 
79935      INFO  main            d.u.i.k.p.r.p.TestFile    Now processing file /home/runner/work/key/key/key.core/../key.ui/examples/standard_key/strings/simpleAssignment.key 
79935      INFO  main            d.u.i.k.p.i.AbstractProblemLoader Loading environment from /home/runner/work/key/key/key.core/../key.ui/examples/standard_key/strings/simpleAssignment.key 
79935      DEBUG main            d.u.i.k.p.i.AbstractProblemLoader Environment load took 148ns 
79936      INFO  main            d.u.i.k.p.i.AbstractProblemLoader Creating init config 
82113      DEBUG main            d.u.i.k.p.i.AbstractProblemLoader Init config took 2.18s 
82126      INFO  main            d.u.i.k.p.i.AbstractProblemLoader Replaying proof simpleAssignment.key 
82127      DEBUG main            d.u.i.k.p.i.IntermediateProofReplayer Proof replay took 5.1ns 
82230      INFO  main            d.u.i.k.p.r.p.TestFile    ... finished proof: closed. 
82418      INFO  main            d.u.i.k.p.i.AbstractProblemLoader Loading environment from /home/runner/work/key/key/key.core/../key.ui/examples/standard_key/strings/simpleAssignment.key.proof 
82418      DEBUG main            d.u.i.k.p.i.AbstractProblemLoader Environment load took 101.9ns 
82419      INFO  main            d.u.i.k.p.i.AbstractProblemLoader Creating init config 
84556      DEBUG main            d.u.i.k.p.i.AbstractProblemLoader Init config took 2.14s 
84573      INFO  main            d.u.i.k.p.i.AbstractProblemLoader Replaying proof simpleAssignment.key.proof 
84578      DEBUG main            d.u.i.k.p.i.IntermediateProofReplayer Proof replay took 1.2ms 
84580      DEBUG main            d.u.i.k.p.r.p.TestFile    ... success: reloaded. 
84580      INFO  main            d.u.i.k.p.r.p.TestFile    Now processing file /home/runner/work/key/key/key.core/../key.ui/examples/standard_key/strings/simpleLengthComp.key 
84581      INFO  main            d.u.i.k.p.i.AbstractProblemLoader Loading environment from /home/runner/work/key/key/key.core/../key.ui/examples/standard_key/strings/simpleLengthComp.key 
84581      DEBUG main            d.u.i.k.p.i.AbstractProblemLoader Environment load took 125.9ns 
84582      INFO  main            d.u.i.k.p.i.AbstractProblemLoader Creating init config 
86728      DEBUG main            d.u.i.k.p.i.AbstractProblemLoader Init config took 2.15s 
86742      INFO  main            d.u.i.k.p.i.AbstractProblemLoader Replaying proof simpleLengthComp.key 
86744      DEBUG main            d.u.i.k.p.i.IntermediateProofReplayer Proof replay took 5.6ns 
86948      INFO  main            d.u.i.k.p.r.p.TestFile    ... finished proof: closed. 
87201      INFO  main            d.u.i.k.p.i.AbstractProblemLoader Loading environment from /home/runner/work/key/key/key.core/../key.ui/examples/standard_key/strings/simpleLengthComp.key.proof 
87201      DEBUG main            d.u.i.k.p.i.AbstractProblemLoader Environment load took 128.7ns 
87202      INFO  main            d.u.i.k.p.i.AbstractProblemLoader Creating init config 
89418      DEBUG main            d.u.i.k.p.i.AbstractProblemLoader Init config took 2.22s 
89433      INFO  main            d.u.i.k.p.i.AbstractProblemLoader Replaying proof simpleLengthComp.key.proof 
89454      DEBUG main            d.u.i.k.p.i.IntermediateProofReplayer Proof replay took 19.02ms 
89454      DEBUG main            d.u.i.k.p.r.p.TestFile    ... success: reloaded. 
89455      INFO  main            d.u.i.k.p.r.p.TestFile    Now processing file /home/runner/work/key/key/key.core/../key.ui/examples/standard_key/strings/stringCompileTimeConstant1.key 
89456      INFO  main            d.u.i.k.p.i.AbstractProblemLoader Loading environment from /home/runner/work/key/key/key.core/../key.ui/examples/standard_key/strings/stringCompileTimeConstant1.key 
89456      DEBUG main            d.u.i.k.p.i.AbstractProblemLoader Environment load took 146.2ns 
89457      INFO  main            d.u.i.k.p.i.AbstractProblemLoader Creating init config 
91647      DEBUG main            d.u.i.k.p.i.AbstractProblemLoader Init config took 2.19s 
91661      INFO  main            d.u.i.k.p.i.AbstractProblemLoader Replaying proof stringCompileTimeConstant1.key 
91662      DEBUG main            d.u.i.k.p.i.IntermediateProofReplayer Proof replay took 5.2ns 
91764      INFO  main            d.u.i.k.p.r.p.TestFile    ... finished proof: closed. 
91978      INFO  main            d.u.i.k.p.i.AbstractProblemLoader Loading environment from /home/runner/work/key/key/key.core/../key.ui/examples/standard_key/strings/stringCompileTimeConstant1.key.proof 
91978      DEBUG main            d.u.i.k.p.i.AbstractProblemLoader Environment load took 90.9ns 
91979      INFO  main            d.u.i.k.p.i.AbstractProblemLoader Creating init config 
94118      DEBUG main            d.u.i.k.p.i.AbstractProblemLoader Init config took 2.14s 
94132      INFO  main            d.u.i.k.p.i.AbstractProblemLoader Replaying proof stringCompileTimeConstant1.key.proof 
94141      DEBUG main            d.u.i.k.p.i.IntermediateProofReplayer Proof replay took 7.39ms 
94142      DEBUG main            d.u.i.k.p.r.p.TestFile    ... success: reloaded. 
94143      INFO  main            d.u.i.k.p.r.p.TestFile    Now processing file /home/runner/work/key/key/key.core/../key.ui/examples/standard_key/strings/stringCompileTimeConstant2.key 
94143      INFO  main            d.u.i.k.p.i.AbstractProblemLoader Loading environment from /home/runner/work/key/key/key.core/../key.ui/examples/standard_key/strings/stringCompileTimeConstant2.key 
94143      DEBUG main            d.u.i.k.p.i.AbstractProblemLoader Environment load took 76ns 
94144      INFO  main            d.u.i.k.p.i.AbstractProblemLoader Creating init config 
96538      DEBUG main            d.u.i.k.p.i.AbstractProblemLoader Init config took 2.39s 
96552      INFO  main            d.u.i.k.p.i.AbstractProblemLoader Replaying proof stringCompileTimeConstant2.key 
96554      DEBUG main            d.u.i.k.p.i.IntermediateProofReplayer Proof replay took 5.7ns 
99062      INFO  main            d.u.i.k.p.r.p.TestFile    ... finished proof: closed. 
99304      INFO  main            d.u.i.k.p.i.AbstractProblemLoader Loading environment from /home/runner/work/key/key/key.core/../key.ui/examples/standard_key/strings/stringCompileTimeConstant2.key.proof 
99310      DEBUG main            d.u.i.k.p.i.AbstractProblemLoader Environment load took 5.07ms 
99311      INFO  main            d.u.i.k.p.i.AbstractProblemLoader Creating init config 
101561     DEBUG main            d.u.i.k.p.i.AbstractProblemLoader Init config took 2.25s 
101575     INFO  main            d.u.i.k.p.i.AbstractProblemLoader Replaying proof stringCompileTimeConstant2.key.proof 
101868     DEBUG main            d.u.i.k.p.i.IntermediateProofReplayer Proof replay took 280.71ms 
101869     DEBUG main            d.u.i.k.p.r.p.TestFile    ... success: reloaded. 
101870     INFO  main            d.u.i.k.p.r.p.TestFile    Now processing file /home/runner/work/key/key/key.core/../key.ui/examples/standard_key/strings/stringEquality1.key 
101870     INFO  main            d.u.i.k.p.i.AbstractProblemLoader Loading environment from /home/runner/work/key/key/key.core/../key.ui/examples/standard_key/strings/stringEquality1.key 
101870     DEBUG main            d.u.i.k.p.i.AbstractProblemLoader Environment load took 162.7ns 
101871     INFO  main            d.u.i.k.p.i.AbstractProblemLoader Creating init config 
104033     DEBUG main            d.u.i.k.p.i.AbstractProblemLoader Init config took 2.16s 
104045     INFO  main            d.u.i.k.p.i.AbstractProblemLoader Replaying proof stringEquality1.key 
104046     DEBUG main            d.u.i.k.p.i.IntermediateProofReplayer Proof replay took 6.2ns 
104150     INFO  main            d.u.i.k.p.r.p.TestFile    ... finished proof: closed. 
104406     INFO  main            d.u.i.k.p.i.AbstractProblemLoader Loading environment from /home/runner/work/key/key/key.core/../key.ui/examples/standard_key/strings/stringEquality1.key.proof 
104406     DEBUG main            d.u.i.k.p.i.AbstractProblemLoader Environment load took 93.8ns 
104407     INFO  main            d.u.i.k.p.i.AbstractProblemLoader Creating init config 
106506     DEBUG main            d.u.i.k.p.i.AbstractProblemLoader Init config took 2.1s 
106518     INFO  main            d.u.i.k.p.i.AbstractProblemLoader Replaying proof stringEquality1.key.proof 
106526     DEBUG main            d.u.i.k.p.i.IntermediateProofReplayer Proof replay took 6.18ms 
106527     DEBUG main            d.u.i.k.p.r.p.TestFile    ... success: reloaded. 
106527     INFO  main            d.u.i.k.p.r.p.TestFile    Now processing file /home/runner/work/key/key/key.core/../key.ui/examples/standard_key/strings/stringEquality2.key 
106527     INFO  main            d.u.i.k.p.i.AbstractProblemLoader Loading environment from /home/runner/work/key/key/key.core/../key.ui/examples/standard_key/strings/stringEquality2.key 
106527     DEBUG main            d.u.i.k.p.i.AbstractProblemLoader Environment load took 52ns 
106528     INFO  main            d.u.i.k.p.i.AbstractProblemLoader Creating init config 
108645     DEBUG main            d.u.i.k.p.i.AbstractProblemLoader Init config took 2.12s 
108657     INFO  main            d.u.i.k.p.i.AbstractProblemLoader Replaying proof stringEquality2.key 
108658     DEBUG main            d.u.i.k.p.i.IntermediateProofReplayer Proof replay took 6.3ns 
109066     INFO  main            d.u.i.k.p.r.p.TestFile    ... finished proof: closed. 
109281     INFO  main            d.u.i.k.p.i.AbstractProblemLoader Loading environment from /home/runner/work/key/key/key.core/../key.ui/examples/standard_key/strings/stringEquality2.key.proof 
109281     DEBUG main            d.u.i.k.p.i.AbstractProblemLoader Environment load took 102.4ns 
109283     INFO  main            d.u.i.k.p.i.AbstractProblemLoader Creating init config 
111378     DEBUG main            d.u.i.k.p.i.AbstractProblemLoader Init config took 2.1s 
111399     INFO  main            d.u.i.k.p.i.AbstractProblemLoader Replaying proof stringEquality2.key.proof 
111445     DEBUG main            d.u.i.k.p.i.IntermediateProofReplayer Proof replay took 41.38ms 
111446     DEBUG main            d.u.i.k.p.r.p.TestFile    ... success: reloaded. 
111446     INFO  main            d.u.i.k.p.r.p.TestFile    Now processing file /home/runner/work/key/key/key.core/../key.ui/examples/standard_key/strings/substring0.key 
111447     INFO  main            d.u.i.k.p.i.AbstractProblemLoader Loading environment from /home/runner/work/key/key/key.core/../key.ui/examples/standard_key/strings/substring0.key 
111447     DEBUG main            d.u.i.k.p.i.AbstractProblemLoader Environment load took 63.8ns 
111447     INFO  main            d.u.i.k.p.i.AbstractProblemLoader Creating init config 
113592     DEBUG main            d.u.i.k.p.i.AbstractProblemLoader Init config took 2.14s 
113604     INFO  main            d.u.i.k.p.i.AbstractProblemLoader Replaying proof substring0.key 
113605     DEBUG main            d.u.i.k.p.i.IntermediateProofReplayer Proof replay took 12.5ns 
113706     INFO  main            d.u.i.k.p.r.p.TestFile    ... finished proof: closed. 
113931     INFO  main            d.u.i.k.p.i.AbstractProblemLoader Loading environment from /home/runner/work/key/key/key.core/../key.ui/examples/standard_key/strings/substring0.key.proof 
113931     DEBUG main            d.u.i.k.p.i.AbstractProblemLoader Environment load took 95.5ns 
113932     INFO  main            d.u.i.k.p.i.AbstractProblemLoader Creating init config 
116034     DEBUG main            d.u.i.k.p.i.AbstractProblemLoader Init config took 2.1s 
116048     INFO  main            d.u.i.k.p.i.AbstractProblemLoader Replaying proof substring0.key.proof 
116050     DEBUG main            d.u.i.k.p.i.IntermediateProofReplayer Proof replay took 421.9ns 
116051     DEBUG main            d.u.i.k.p.r.p.TestFile    ... success: reloaded. 
116052     INFO  main            d.u.i.k.p.r.p.TestFile    Now processing file /home/runner/work/key/key/key.core/../key.ui/examples/standard_key/strings/substring1.key 
116052     INFO  main            d.u.i.k.p.i.AbstractProblemLoader Loading environment from /home/runner/work/key/key/key.core/../key.ui/examples/standard_key/strings/substring1.key 
116052     DEBUG main            d.u.i.k.p.i.AbstractProblemLoader Environment load took 84.4ns 
116053     INFO  main            d.u.i.k.p.i.AbstractProblemLoader Creating init config 
118187     DEBUG main            d.u.i.k.p.i.AbstractProblemLoader Init config took 2.13s 
118199     INFO  main            d.u.i.k.p.i.AbstractProblemLoader Replaying proof substring1.key 
118200     DEBUG main            d.u.i.k.p.i.IntermediateProofReplayer Proof replay took 6.3ns 
118305     INFO  main            d.u.i.k.p.r.p.TestFile    ... finished proof: closed. 
118523     INFO  main            d.u.i.k.p.i.AbstractProblemLoader Loading environment from /home/runner/work/key/key/key.core/../key.ui/examples/standard_key/strings/substring1.key.proof 
118523     DEBUG main            d.u.i.k.p.i.AbstractProblemLoader Environment load took 91.8ns 
118524     INFO  main            d.u.i.k.p.i.AbstractProblemLoader Creating init config 
120624     DEBUG main            d.u.i.k.p.i.AbstractProblemLoader Init config took 2.1s 
120636     INFO  main            d.u.i.k.p.i.AbstractProblemLoader Replaying proof substring1.key.proof 
120637     DEBUG main            d.u.i.k.p.i.IntermediateProofReplayer Proof replay took 376.8ns 
120638     DEBUG main            d.u.i.k.p.r.p.TestFile    ... success: reloaded. 
120638     INFO  main            d.u.i.k.p.r.p.TestFile    Now processing file /home/runner/work/key/key/key.core/../key.ui/examples/standard_key/strings/substring2.key 
120639     INFO  main            d.u.i.k.p.i.AbstractProblemLoader Loading environment from /home/runner/work/key/key/key.core/../key.ui/examples/standard_key/strings/substring2.key 
120639     DEBUG main            d.u.i.k.p.i.AbstractProblemLoader Environment load took 58.2ns 
120640     INFO  main            d.u.i.k.p.i.AbstractProblemLoader Creating init config 
122775     DEBUG main            d.u.i.k.p.i.AbstractProblemLoader Init config took 2.14s 
122788     INFO  main            d.u.i.k.p.i.AbstractProblemLoader Replaying proof substring2.key 
122790     DEBUG main            d.u.i.k.p.i.IntermediateProofReplayer Proof replay took 6.9ns 
122891     INFO  main            d.u.i.k.p.r.p.TestFile    ... finished proof: closed. 
123126     INFO  main            d.u.i.k.p.i.AbstractProblemLoader Loading environment from /home/runner/work/key/key/key.core/../key.ui/examples/standard_key/strings/substring2.key.proof 
123126     DEBUG main            d.u.i.k.p.i.AbstractProblemLoader Environment load took 99.4ns 
123127     INFO  main            d.u.i.k.p.i.AbstractProblemLoader Creating init config 
125272     DEBUG main            d.u.i.k.p.i.AbstractProblemLoader Init config took 2.15s 
125285     INFO  main            d.u.i.k.p.i.AbstractProblemLoader Replaying proof substring2.key.proof 
125287     DEBUG main            d.u.i.k.p.i.IntermediateProofReplayer Proof replay took 816.4ns 
125288     DEBUG main            d.u.i.k.p.r.p.TestFile    ... success: reloaded. 
125289     INFO  main            d.u.i.k.p.r.p.TestFile    Now processing file /home/runner/work/key/key/key.core/../key.ui/examples/standard_key/strings/substring3.key 
125290     INFO  main            d.u.i.k.p.i.AbstractProblemLoader Loading environment from /home/runner/work/key/key/key.core/../key.ui/examples/standard_key/strings/substring3.key 
125290     DEBUG main            d.u.i.k.p.i.AbstractProblemLoader Environment load took 101.6ns 
125291     INFO  main            d.u.i.k.p.i.AbstractProblemLoader Creating init config 
127535     DEBUG main            d.u.i.k.p.i.AbstractProblemLoader Init config took 2.24s 
127547     INFO  main            d.u.i.k.p.i.AbstractProblemLoader Replaying proof substring3.key 
127548     DEBUG main            d.u.i.k.p.i.IntermediateProofReplayer Proof replay took 6ns 
127649     INFO  main            d.u.i.k.p.r.p.TestFile    ... finished proof: closed. 
127878     INFO  main            d.u.i.k.p.i.AbstractProblemLoader Loading environment from /home/runner/work/key/key/key.core/../key.ui/examples/standard_key/strings/substring3.key.proof 
127878     DEBUG main            d.u.i.k.p.i.AbstractProblemLoader Environment load took 91.7ns 
127879     INFO  main            d.u.i.k.p.i.AbstractProblemLoader Creating init config 
129961     DEBUG main            d.u.i.k.p.i.AbstractProblemLoader Init config took 2.08s 
129973     INFO  main            d.u.i.k.p.i.AbstractProblemLoader Replaying proof substring3.key.proof 
129977     DEBUG main            d.u.i.k.p.i.IntermediateProofReplayer Proof replay took 1.96ms 
129978     DEBUG main            d.u.i.k.p.r.p.TestFile    ... success: reloaded. 
129978     INFO  main            d.u.i.k.p.r.p.TestFile    Now processing file /home/runner/work/key/key/key.core/../key.ui/examples/standard_key/strings/substring4.key 
129978     INFO  main            d.u.i.k.p.i.AbstractProblemLoader Loading environment from /home/runner/work/key/key/key.core/../key.ui/examples/standard_key/strings/substring4.key 
129978     DEBUG main            d.u.i.k.p.i.AbstractProblemLoader Environment load took 161ns 
129979     INFO  main            d.u.i.k.p.i.AbstractProblemLoader Creating init config 
132111     DEBUG main            d.u.i.k.p.i.AbstractProblemLoader Init config took 2.13s 
132123     INFO  main            d.u.i.k.p.i.AbstractProblemLoader Replaying proof substring4.key 
132124     DEBUG main            d.u.i.k.p.i.IntermediateProofReplayer Proof replay took 6.4ns 
132229     INFO  main            d.u.i.k.p.r.p.TestFile    ... finished proof: closed. 
132462     INFO  main            d.u.i.k.p.i.AbstractProblemLoader Loading environment from /home/runner/work/key/key/key.core/../key.ui/examples/standard_key/strings/substring4.key.proof 
132462     DEBUG main            d.u.i.k.p.i.AbstractProblemLoader Environment load took 83.3ns 
132463     INFO  main            d.u.i.k.p.i.AbstractProblemLoader Creating init config 
134560     DEBUG main            d.u.i.k.p.i.AbstractProblemLoader Init config took 2.1s 
134574     INFO  main            d.u.i.k.p.i.AbstractProblemLoader Replaying proof substring4.key.proof 
134578     DEBUG main            d.u.i.k.p.i.IntermediateProofReplayer Proof replay took 2.87ms 
134579     DEBUG main            d.u.i.k.p.r.p.TestFile    ... success: reloaded. 
134579     INFO  main            d.u.i.k.p.r.p.TestFile    Now processing file /home/runner/work/key/key/key.core/../key.ui/examples/standard_key/strings/substring5.key 
134580     INFO  main            d.u.i.k.p.i.AbstractProblemLoader Loading environment from /home/runner/work/key/key/key.core/../key.ui/examples/standard_key/strings/substring5.key 
134580     DEBUG main            d.u.i.k.p.i.AbstractProblemLoader Environment load took 56.4ns 
134581     INFO  main            d.u.i.k.p.i.AbstractProblemLoader Creating init config 
136735     DEBUG main            d.u.i.k.p.i.AbstractProblemLoader Init config took 2.15s 
136748     INFO  main            d.u.i.k.p.i.AbstractProblemLoader Replaying proof substring5.key 
136749     DEBUG main            d.u.i.k.p.i.IntermediateProofReplayer Proof replay took 6.5ns 
136953     INFO  main            d.u.i.k.p.r.p.TestFile    ... finished proof: closed. 
137221     INFO  main            d.u.i.k.p.i.AbstractProblemLoader Loading environment from /home/runner/work/key/key/key.core/../key.ui/examples/standard_key/strings/substring5.key.proof 
137221     DEBUG main            d.u.i.k.p.i.AbstractProblemLoader Environment load took 83.4ns 
137222     INFO  main            d.u.i.k.p.i.AbstractProblemLoader Creating init config 
139308     DEBUG main            d.u.i.k.p.i.AbstractProblemLoader Init config took 2.09s 
139321     INFO  main            d.u.i.k.p.i.AbstractProblemLoader Replaying proof substring5.key.proof 
139346     DEBUG main            d.u.i.k.p.i.IntermediateProofReplayer Proof replay took 21.33ms 
139347     DEBUG main            d.u.i.k.p.r.p.TestFile    ... success: reloaded. 
3826047    INFO  Test worker     d.u.i.k.p.r.RunAllProofsTestUnit Returning from test strings 
3826048    INFO  Test worker     d.u.i.k.p.r.RunAllProofsTestUnit Running test simple_info_flow 
301        INFO  Timeout watchdog d.u.i.k.p.r.p.ForkedTestFileRunner Timeout watcher launched (2000 secs.) 
312        WARN  main            d.u.i.k.s.ProofSettings   The settings in /home/runner/.key/proof-settings.props are *not* read. 
349        INFO  main            d.u.i.k.p.r.p.TestFile    Now processing file /home/runner/work/key/key/key.core/../key.ui/examples/heap/information_flow/UpdateAbstraction_ex7_1_insecure.key 
510        INFO  main            d.u.i.k.p.i.AbstractProblemLoader Loading environment from /home/runner/work/key/key/key.core/../key.ui/examples/heap/information_flow/UpdateAbstraction_ex7_1_insecure.key 
535        DEBUG main            d.u.i.k.p.i.AbstractProblemLoader Environment load took 2ms 
737        INFO  main            d.u.i.k.p.i.AbstractProblemLoader Creating init config 
1661       DEBUG main            d.u.i.k.j.TypeConverter   No LDT found for Meta 
1662       DEBUG main            d.u.i.k.j.TypeConverter   No LDT found for Meta 
1665       DEBUG main            d.u.i.k.j.TypeConverter   No LDT found for Meta 
1665       DEBUG main            d.u.i.k.j.TypeConverter   No LDT found for Meta 
2932       DEBUG main            d.u.i.k.j.TypeConverter   No LDT found for JavaBigintExpression 
8001       DEBUG main            d.u.i.k.p.i.AbstractProblemLoader Init config took 7.26s 
8182       INFO  main            d.u.i.k.p.i.AbstractProblemLoader Replaying proof UpdateAbstraction[UpdateAbstraction::ex7_1_insecure()].JML operation contract.0 
8236       DEBUG main            d.u.i.k.p.i.IntermediateProofReplayer Proof replay took 32.6ns 
8770       INFO  main            d.u.i.k.p.r.p.TestFile    ... finished proof: open goal(s) 
8870       INFO  main            d.u.i.k.p.r.p.TestFile    Now processing file /home/runner/work/key/key/key.core/../key.ui/examples/heap/information_flow/UpdateAbstraction_ex7_2_insecure.key 
8872       INFO  main            d.u.i.k.p.i.AbstractProblemLoader Loading environment from /home/runner/work/key/key/key.core/../key.ui/examples/heap/information_flow/UpdateAbstraction_ex7_2_insecure.key 
8872       DEBUG main            d.u.i.k.p.i.AbstractProblemLoader Environment load took 273.8ns 
8875       INFO  main            d.u.i.k.p.i.AbstractProblemLoader Creating init config 
11809      DEBUG main            d.u.i.k.p.i.AbstractProblemLoader Init config took 2.93s 
11902      INFO  main            d.u.i.k.p.i.AbstractProblemLoader Replaying proof UpdateAbstraction[UpdateAbstraction::ex7_2_insecure()].JML operation contract.0 
11905      DEBUG main            d.u.i.k.p.i.IntermediateProofReplayer Proof replay took 6.7ns 
12209      INFO  main            d.u.i.k.p.r.p.TestFile    ... finished proof: open goal(s) 
3838544    INFO  Test worker     d.u.i.k.p.r.RunAllProofsTestUnit Returning from test simple_info_flow 
3838544    INFO  Test worker     d.u.i.k.p.r.RunAllProofsTestUnit Running test modelMethods 
329        INFO  Timeout watchdog d.u.i.k.p.r.p.ForkedTestFileRunner Timeout watcher launched (2000 secs.) 
331        WARN  main            d.u.i.k.s.ProofSettings   The settings in /home/runner/.key/proof-settings.props are *not* read. 
367        INFO  main            d.u.i.k.p.r.p.TestFile    Now processing file /home/runner/work/key/key/key.core/../key.ui/examples/heap/model_methods/Cell_footprint_acc.key 
483        INFO  main            d.u.i.k.p.i.AbstractProblemLoader Loading environment from /home/runner/work/key/key/key.core/../key.ui/examples/heap/model_methods/Cell_footprint_acc.key 
502        DEBUG main            d.u.i.k.p.i.AbstractProblemLoader Environment load took 1.89ms 
719        INFO  main            d.u.i.k.p.i.AbstractProblemLoader Creating init config 
1650       DEBUG main            d.u.i.k.j.TypeConverter   No LDT found for Meta 
1650       DEBUG main            d.u.i.k.j.TypeConverter   No LDT found for Meta 
1652       DEBUG main            d.u.i.k.j.TypeConverter   No LDT found for Meta 
1653       DEBUG main            d.u.i.k.j.TypeConverter   No LDT found for Meta 
2861       DEBUG main            d.u.i.k.j.TypeConverter   No LDT found for JavaBigintExpression 
8138       DEBUG main            d.u.i.k.p.i.AbstractProblemLoader Init config took 7.42s 
8296       INFO  main            d.u.i.k.p.i.AbstractProblemLoader Replaying proof Cell[Cell::footprint()].JML accessible clause.0 
8328       DEBUG main            d.u.i.k.p.i.IntermediateProofReplayer Proof replay took 31.8ns 
8855       INFO  main            d.u.i.k.p.r.p.TestFile    ... finished proof: closed. 
8953       INFO  main            d.u.i.k.p.i.AbstractProblemLoader Loading environment from /home/runner/work/key/key/key.core/../key.ui/examples/heap/model_methods/Cell_footprint_acc.key.proof 
8953       DEBUG main            d.u.i.k.p.i.AbstractProblemLoader Environment load took 175.1ns 
8955       INFO  main            d.u.i.k.p.i.AbstractProblemLoader Creating init config 
11924      DEBUG main            d.u.i.k.p.i.AbstractProblemLoader Init config took 2.97s 
11992      INFO  main            d.u.i.k.p.i.AbstractProblemLoader Replaying proof Cell[Cell::footprint()].JML accessible clause.0 
12030      DEBUG main            d.u.i.k.p.i.IntermediateProofReplayer Proof replay took 33.71ms 
12036      DEBUG main            d.u.i.k.p.r.p.TestFile    ... success: reloaded. 
12038      INFO  main            d.u.i.k.p.r.p.TestFile    Now processing file /home/runner/work/key/key/key.core/../key.ui/examples/heap/model_methods/Cell_footprint.key 
12038      INFO  main            d.u.i.k.p.i.AbstractProblemLoader Loading environment from /home/runner/work/key/key/key.core/../key.ui/examples/heap/model_methods/Cell_footprint.key 
12038      DEBUG main            d.u.i.k.p.i.AbstractProblemLoader Environment load took 169.3ns 
12039      INFO  main            d.u.i.k.p.i.AbstractProblemLoader Creating init config 
14835      DEBUG main            d.u.i.k.p.i.AbstractProblemLoader Init config took 2.8s 
14900      INFO  main            d.u.i.k.p.i.AbstractProblemLoader Replaying proof Cell[Cell::footprint()].JML model_behavior operation contract.0 
14902      DEBUG main            d.u.i.k.p.i.IntermediateProofReplayer Proof replay took 5ns 
15004      INFO  main            d.u.i.k.p.r.p.TestFile    ... finished proof: closed. 
15154      INFO  main            d.u.i.k.p.i.AbstractProblemLoader Loading environment from /home/runner/work/key/key/key.core/../key.ui/examples/heap/model_methods/Cell_footprint.key.proof 
15156      DEBUG main            d.u.i.k.p.i.AbstractProblemLoader Environment load took 109.8ns 
15157      INFO  main            d.u.i.k.p.i.AbstractProblemLoader Creating init config 
17887      DEBUG main            d.u.i.k.p.i.AbstractProblemLoader Init config took 2.73s 
17942      INFO  main            d.u.i.k.p.i.AbstractProblemLoader Replaying proof Cell[Cell::footprint()].JML model_behavior operation contract.0 
17950      DEBUG main            d.u.i.k.p.i.IntermediateProofReplayer Proof replay took 6.14ms 
17951      DEBUG main            d.u.i.k.p.r.p.TestFile    ... success: reloaded. 
17952      INFO  main            d.u.i.k.p.r.p.TestFile    Now processing file /home/runner/work/key/key/key.core/../key.ui/examples/heap/model_methods/Cell_get_acc.key 
17953      INFO  main            d.u.i.k.p.i.AbstractProblemLoader Loading environment from /home/runner/work/key/key/key.core/../key.ui/examples/heap/model_methods/Cell_get_acc.key 
17953      DEBUG main            d.u.i.k.p.i.AbstractProblemLoader Environment load took 151.4ns 
17954      INFO  main            d.u.i.k.p.i.AbstractProblemLoader Creating init config 
20666      DEBUG main            d.u.i.k.p.i.AbstractProblemLoader Init config took 2.71s 
20721      INFO  main            d.u.i.k.p.i.AbstractProblemLoader Replaying proof Cell[Cell::get()].JML accessible clause.0 
20723      DEBUG main            d.u.i.k.p.i.IntermediateProofReplayer Proof replay took 5.3ns 
21032      INFO  main            d.u.i.k.p.r.p.TestFile    ... finished proof: closed. 
21158      INFO  main            d.u.i.k.p.i.AbstractProblemLoader Loading environment from /home/runner/work/key/key/key.core/../key.ui/examples/heap/model_methods/Cell_get_acc.key.proof 
21158      DEBUG main            d.u.i.k.p.i.AbstractProblemLoader Environment load took 119.1ns 
21159      INFO  main            d.u.i.k.p.i.AbstractProblemLoader Creating init config 
23845      DEBUG main            d.u.i.k.p.i.AbstractProblemLoader Init config took 2.69s 
23896      INFO  main            d.u.i.k.p.i.AbstractProblemLoader Replaying proof Cell[Cell::get()].JML accessible clause.0 
23933      DEBUG main            d.u.i.k.p.i.IntermediateProofReplayer Proof replay took 34.1ms 
23934      DEBUG main            d.u.i.k.p.r.p.TestFile    ... success: reloaded. 
23935      INFO  main            d.u.i.k.p.r.p.TestFile    Now processing file /home/runner/work/key/key/key.core/../key.ui/examples/heap/model_methods/Cell_get.key 
23935      INFO  main            d.u.i.k.p.i.AbstractProblemLoader Loading environment from /home/runner/work/key/key/key.core/../key.ui/examples/heap/model_methods/Cell_get.key 
23935      DEBUG main            d.u.i.k.p.i.AbstractProblemLoader Environment load took 155ns 
23936      INFO  main            d.u.i.k.p.i.AbstractProblemLoader Creating init config 
26694      DEBUG main            d.u.i.k.p.i.AbstractProblemLoader Init config took 2.76s 
26751      INFO  main            d.u.i.k.p.i.AbstractProblemLoader Replaying proof Cell[Cell::get()].JML operation contract.0 
26753      DEBUG main            d.u.i.k.p.i.IntermediateProofReplayer Proof replay took 6.2ns 
26854      INFO  main            d.u.i.k.p.r.p.TestFile    ... finished proof: closed. 
26984      INFO  main            d.u.i.k.p.i.AbstractProblemLoader Loading environment from /home/runner/work/key/key/key.core/../key.ui/examples/heap/model_methods/Cell_get.key.proof 
26984      DEBUG main            d.u.i.k.p.i.AbstractProblemLoader Environment load took 108.4ns 
26986      INFO  main            d.u.i.k.p.i.AbstractProblemLoader Creating init config 
29629      DEBUG main            d.u.i.k.p.i.AbstractProblemLoader Init config took 2.64s 
29675      INFO  main            d.u.i.k.p.i.AbstractProblemLoader Replaying proof Cell[Cell::get()].JML operation contract.0 
29694      DEBUG main            d.u.i.k.p.i.IntermediateProofReplayer Proof replay took 17.01ms 
29695      DEBUG main            d.u.i.k.p.r.p.TestFile    ... success: reloaded. 
29696      INFO  main            d.u.i.k.p.r.p.TestFile    Now processing file /home/runner/work/key/key/key.core/../key.ui/examples/heap/model_methods/Cell_post_set.key 
29696      INFO  main            d.u.i.k.p.i.AbstractProblemLoader Loading environment from /home/runner/work/key/key/key.core/../key.ui/examples/heap/model_methods/Cell_post_set.key 
29697      DEBUG main            d.u.i.k.p.i.AbstractProblemLoader Environment load took 109.9ns 
29697      INFO  main            d.u.i.k.p.i.AbstractProblemLoader Creating init config 
32349      DEBUG main            d.u.i.k.p.i.AbstractProblemLoader Init config took 2.65s 
32395      INFO  main            d.u.i.k.p.i.AbstractProblemLoader Replaying proof Cell[Cell::post_set(int)].JML model_behavior operation contract.0 
32396      DEBUG main            d.u.i.k.p.i.IntermediateProofReplayer Proof replay took 5.3ns 
32501      INFO  main            d.u.i.k.p.r.p.TestFile    ... finished proof: closed. 
32636      INFO  main            d.u.i.k.p.i.AbstractProblemLoader Loading environment from /home/runner/work/key/key/key.core/../key.ui/examples/heap/model_methods/Cell_post_set.key.proof 
32636      DEBUG main            d.u.i.k.p.i.AbstractProblemLoader Environment load took 121.5ns 
32637      INFO  main            d.u.i.k.p.i.AbstractProblemLoader Creating init config 
35281      DEBUG main            d.u.i.k.p.i.AbstractProblemLoader Init config took 2.64s 
35329      INFO  main            d.u.i.k.p.i.AbstractProblemLoader Replaying proof Cell[Cell::post_set(int)].JML model_behavior operation contract.0 
35335      DEBUG main            d.u.i.k.p.i.IntermediateProofReplayer Proof replay took 4.79ms 
35336      DEBUG main            d.u.i.k.p.r.p.TestFile    ... success: reloaded. 
35337      INFO  main            d.u.i.k.p.r.p.TestFile    Now processing file /home/runner/work/key/key/key.core/../key.ui/examples/heap/model_methods/Cell_set.key 
35338      INFO  main            d.u.i.k.p.i.AbstractProblemLoader Loading environment from /home/runner/work/key/key/key.core/../key.ui/examples/heap/model_methods/Cell_set.key 
35338      DEBUG main            d.u.i.k.p.i.AbstractProblemLoader Environment load took 151.7ns 
35339      INFO  main            d.u.i.k.p.i.AbstractProblemLoader Creating init config 
38008      DEBUG main            d.u.i.k.p.i.AbstractProblemLoader Init config took 2.67s 
38053      INFO  main            d.u.i.k.p.i.AbstractProblemLoader Replaying proof Cell[Cell::set(int)].JML operation contract.0 
38056      DEBUG main            d.u.i.k.p.i.IntermediateProofReplayer Proof replay took 9.5ns 
44134      INFO  main            d.u.i.k.p.r.p.TestFile    ... finished proof: closed. 
44311      INFO  main            d.u.i.k.p.i.AbstractProblemLoader Loading environment from /home/runner/work/key/key/key.core/../key.ui/examples/heap/model_methods/Cell_set.key.proof 
44311      DEBUG main            d.u.i.k.p.i.AbstractProblemLoader Environment load took 167.2ns 
44312      INFO  main            d.u.i.k.p.i.AbstractProblemLoader Creating init config 
46927      DEBUG main            d.u.i.k.p.i.AbstractProblemLoader Init config took 2.61s 
46973      INFO  main            d.u.i.k.p.i.AbstractProblemLoader Replaying proof Cell[Cell::set(int)].JML operation contract.0 
47476      DEBUG main            d.u.i.k.p.i.IntermediateProofReplayer Proof replay took 485.98ms 
47477      DEBUG main            d.u.i.k.p.r.p.TestFile    ... success: reloaded. 
47478      INFO  main            d.u.i.k.p.r.p.TestFile    Now processing file /home/runner/work/key/key/key.core/../key.ui/examples/heap/model_methods/CellTest_callSet.key 
47479      INFO  main            d.u.i.k.p.i.AbstractProblemLoader Loading environment from /home/runner/work/key/key/key.core/../key.ui/examples/heap/model_methods/CellTest_callSet.key 
47479      DEBUG main            d.u.i.k.p.i.AbstractProblemLoader Environment load took 160.7ns 
47480      INFO  main            d.u.i.k.p.i.AbstractProblemLoader Creating init config 
50153      DEBUG main            d.u.i.k.p.i.AbstractProblemLoader Init config took 2.67s 
50208      INFO  main            d.u.i.k.p.i.AbstractProblemLoader Replaying proof CellTest[CellTest::callSet(Cell,int)].JML operation contract.0 
50210      DEBUG main            d.u.i.k.p.i.IntermediateProofReplayer Proof replay took 5.6ns 
50412      INFO  main            d.u.i.k.p.r.p.TestFile    ... finished proof: closed. 
50613      INFO  main            d.u.i.k.p.i.AbstractProblemLoader Loading environment from /home/runner/work/key/key/key.core/../key.ui/examples/heap/model_methods/CellTest_callSet.key.proof 
50613      DEBUG main            d.u.i.k.p.i.AbstractProblemLoader Environment load took 108ns 
50614      INFO  main            d.u.i.k.p.i.AbstractProblemLoader Creating init config 
53237      DEBUG main            d.u.i.k.p.i.AbstractProblemLoader Init config took 2.62s 
53280      INFO  main            d.u.i.k.p.i.AbstractProblemLoader Replaying proof CellTest[CellTest::callSet(Cell,int)].JML operation contract.0 
53319      DEBUG main            d.u.i.k.p.i.IntermediateProofReplayer Proof replay took 36.27ms 
53319      DEBUG main            d.u.i.k.p.r.p.TestFile    ... success: reloaded. 
53320      INFO  main            d.u.i.k.p.r.p.TestFile    Now processing file /home/runner/work/key/key/key.core/../key.ui/examples/heap/model_methods/CellTest_test2.key 
53321      INFO  main            d.u.i.k.p.i.AbstractProblemLoader Loading environment from /home/runner/work/key/key/key.core/../key.ui/examples/heap/model_methods/CellTest_test2.key 
53321      DEBUG main            d.u.i.k.p.i.AbstractProblemLoader Environment load took 82.6ns 
53322      INFO  main            d.u.i.k.p.i.AbstractProblemLoader Creating init config 
55912      DEBUG main            d.u.i.k.p.i.AbstractProblemLoader Init config took 2.59s 
55955      INFO  main            d.u.i.k.p.i.AbstractProblemLoader Replaying proof CellTest[CellTest::test2(Cell)].JML operation contract.0 
55956      DEBUG main            d.u.i.k.p.i.IntermediateProofReplayer Proof replay took 5.2ns 
56259      INFO  main            d.u.i.k.p.r.p.TestFile    ... finished proof: closed. 
56422      INFO  main            d.u.i.k.p.i.AbstractProblemLoader Loading environment from /home/runner/work/key/key/key.core/../key.ui/examples/heap/model_methods/CellTest_test2.key.proof 
56422      DEBUG main            d.u.i.k.p.i.AbstractProblemLoader Environment load took 106.5ns 
56423      INFO  main            d.u.i.k.p.i.AbstractProblemLoader Creating init config 
59018      DEBUG main            d.u.i.k.p.i.AbstractProblemLoader Init config took 2.6s 
59061      INFO  main            d.u.i.k.p.i.AbstractProblemLoader Replaying proof CellTest[CellTest::test2(Cell)].JML operation contract.0 
59141      DEBUG main            d.u.i.k.p.i.IntermediateProofReplayer Proof replay took 65.16ms 
59142      DEBUG main            d.u.i.k.p.r.p.TestFile    ... success: reloaded. 
59143      INFO  main            d.u.i.k.p.r.p.TestFile    Now processing file /home/runner/work/key/key/key.core/../key.ui/examples/heap/model_methods/CellTest_test.key 
59143      INFO  main            d.u.i.k.p.i.AbstractProblemLoader Loading environment from /home/runner/work/key/key/key.core/../key.ui/examples/heap/model_methods/CellTest_test.key 
59143      DEBUG main            d.u.i.k.p.i.AbstractProblemLoader Environment load took 89.7ns 
59144      INFO  main            d.u.i.k.p.i.AbstractProblemLoader Creating init config 
61732      DEBUG main            d.u.i.k.p.i.AbstractProblemLoader Init config took 2.59s 
61772      INFO  main            d.u.i.k.p.i.AbstractProblemLoader Replaying proof CellTest[CellTest::test(Recell)].JML operation contract.0 
61774      DEBUG main            d.u.i.k.p.i.IntermediateProofReplayer Proof replay took 6.2ns 
64192      INFO  main            d.u.i.k.p.r.p.TestFile    ... finished proof: closed. 
64392      INFO  main            d.u.i.k.p.i.AbstractProblemLoader Loading environment from /home/runner/work/key/key/key.core/../key.ui/examples/heap/model_methods/CellTest_test.key.proof 
64394      DEBUG main            d.u.i.k.p.i.AbstractProblemLoader Environment load took 2.11ms 
64396      INFO  main            d.u.i.k.p.i.AbstractProblemLoader Creating init config 
66947      DEBUG main            d.u.i.k.p.i.AbstractProblemLoader Init config took 2.55s 
67005      INFO  main            d.u.i.k.p.i.AbstractProblemLoader Replaying proof CellTest[CellTest::test(Recell)].JML operation contract.0 
67511      DEBUG main            d.u.i.k.p.i.IntermediateProofReplayer Proof replay took 486.47ms 
67512      DEBUG main            d.u.i.k.p.r.p.TestFile    ... success: reloaded. 
67513      INFO  main            d.u.i.k.p.r.p.TestFile    Now processing file /home/runner/work/key/key/key.core/../key.ui/examples/heap/model_methods/Coll1_add.key 
67513      INFO  main            d.u.i.k.p.i.AbstractProblemLoader Loading environment from /home/runner/work/key/key/key.core/../key.ui/examples/heap/model_methods/Coll1_add.key 
67513      DEBUG main            d.u.i.k.p.i.AbstractProblemLoader Environment load took 174.7ns 
67514      INFO  main            d.u.i.k.p.i.AbstractProblemLoader Creating init config 
70131      DEBUG main            d.u.i.k.p.i.AbstractProblemLoader Init config took 2.62s 
70172      INFO  main            d.u.i.k.p.i.AbstractProblemLoader Replaying proof Coll1[Coll::add(int)].JML operation contract.0 
70173      DEBUG main            d.u.i.k.p.i.IntermediateProofReplayer Proof replay took 5.2ns 
70275      INFO  main            d.u.i.k.p.r.p.TestFile    ... finished proof: closed. 
70448      INFO  main            d.u.i.k.p.i.AbstractProblemLoader Loading environment from /home/runner/work/key/key/key.core/../key.ui/examples/heap/model_methods/Coll1_add.key.proof 
70448      DEBUG main            d.u.i.k.p.i.AbstractProblemLoader Environment load took 114.2ns 
70449      INFO  main            d.u.i.k.p.i.AbstractProblemLoader Creating init config 
73039      DEBUG main            d.u.i.k.p.i.AbstractProblemLoader Init config took 2.59s 
73084      INFO  main            d.u.i.k.p.i.AbstractProblemLoader Replaying proof Coll1[Coll::add(int)].JML operation contract.0 
73093      DEBUG main            d.u.i.k.p.i.IntermediateProofReplayer Proof replay took 7.02ms 
73094      DEBUG main            d.u.i.k.p.r.p.TestFile    ... success: reloaded. 
73095      INFO  main            d.u.i.k.p.r.p.TestFile    Now processing file /home/runner/work/key/key/key.core/../key.ui/examples/heap/model_methods/Coll1_Coll1_add_pre.key 
73095      INFO  main            d.u.i.k.p.i.AbstractProblemLoader Loading environment from /home/runner/work/key/key/key.core/../key.ui/examples/heap/model_methods/Coll1_Coll1_add_pre.key 
73095      DEBUG main            d.u.i.k.p.i.AbstractProblemLoader Environment load took 83.7ns 
73096      INFO  main            d.u.i.k.p.i.AbstractProblemLoader Creating init config 
75688      DEBUG main            d.u.i.k.p.i.AbstractProblemLoader Init config took 2.59s 
75728      INFO  main            d.u.i.k.p.i.AbstractProblemLoader Replaying proof Coll1[Coll1::add_pre(int)].JML model_behavior operation contract.0 
75729      DEBUG main            d.u.i.k.p.i.IntermediateProofReplayer Proof replay took 5.8ns 
75833      INFO  main            d.u.i.k.p.r.p.TestFile    ... finished proof: closed. 
76007      INFO  main            d.u.i.k.p.i.AbstractProblemLoader Loading environment from /home/runner/work/key/key/key.core/../key.ui/examples/heap/model_methods/Coll1_Coll1_add_pre.key.proof 
76007      DEBUG main            d.u.i.k.p.i.AbstractProblemLoader Environment load took 102.1ns 
76008      INFO  main            d.u.i.k.p.i.AbstractProblemLoader Creating init config 
78605      DEBUG main            d.u.i.k.p.i.AbstractProblemLoader Init config took 2.6s 
78662      INFO  main            d.u.i.k.p.i.AbstractProblemLoader Replaying proof Coll1[Coll1::add_pre(int)].JML model_behavior operation contract.0 
78665      DEBUG main            d.u.i.k.p.i.IntermediateProofReplayer Proof replay took 1.29ms 
78666      DEBUG main            d.u.i.k.p.r.p.TestFile    ... success: reloaded. 
78666      INFO  main            d.u.i.k.p.r.p.TestFile    Now processing file /home/runner/work/key/key/key.core/../key.ui/examples/heap/model_methods/Coll1_Coll_add_pre.key 
78667      INFO  main            d.u.i.k.p.i.AbstractProblemLoader Loading environment from /home/runner/work/key/key/key.core/../key.ui/examples/heap/model_methods/Coll1_Coll_add_pre.key 
78667      DEBUG main            d.u.i.k.p.i.AbstractProblemLoader Environment load took 81.4ns 
78668      INFO  main            d.u.i.k.p.i.AbstractProblemLoader Creating init config 
81263      DEBUG main            d.u.i.k.p.i.AbstractProblemLoader Init config took 2.6s 
81303      INFO  main            d.u.i.k.p.i.AbstractProblemLoader Replaying proof Coll1[Coll::add_pre(int)].JML model_behavior operation contract.0 
81304      DEBUG main            d.u.i.k.p.i.IntermediateProofReplayer Proof replay took 4.8ns 
81405      INFO  main            d.u.i.k.p.r.p.TestFile    ... finished proof: closed. 
81583      INFO  main            d.u.i.k.p.i.AbstractProblemLoader Loading environment from /home/runner/work/key/key/key.core/../key.ui/examples/heap/model_methods/Coll1_Coll_add_pre.key.proof 
81584      DEBUG main            d.u.i.k.p.i.AbstractProblemLoader Environment load took 104.9ns 
81584      INFO  main            d.u.i.k.p.i.AbstractProblemLoader Creating init config 
84142      DEBUG main            d.u.i.k.p.i.AbstractProblemLoader Init config took 2.56s 
84181      INFO  main            d.u.i.k.p.i.AbstractProblemLoader Replaying proof Coll1[Coll::add_pre(int)].JML model_behavior operation contract.0 
84185      DEBUG main            d.u.i.k.p.i.IntermediateProofReplayer Proof replay took 2.03ms 
84185      DEBUG main            d.u.i.k.p.r.p.TestFile    ... success: reloaded. 
84186      INFO  main            d.u.i.k.p.r.p.TestFile    Now processing file /home/runner/work/key/key/key.core/../key.ui/examples/heap/model_methods/Coll2_add.key 
84186      INFO  main            d.u.i.k.p.i.AbstractProblemLoader Loading environment from /home/runner/work/key/key/key.core/../key.ui/examples/heap/model_methods/Coll2_add.key 
84186      DEBUG main            d.u.i.k.p.i.AbstractProblemLoader Environment load took 65.5ns 
84187      INFO  main            d.u.i.k.p.i.AbstractProblemLoader Creating init config 
86789      DEBUG main            d.u.i.k.p.i.AbstractProblemLoader Init config took 2.6s 
86828      INFO  main            d.u.i.k.p.i.AbstractProblemLoader Replaying proof Coll2[Coll::add(int)].JML operation contract.0 
86830      DEBUG main            d.u.i.k.p.i.IntermediateProofReplayer Proof replay took 5.3ns 
86933      INFO  main            d.u.i.k.p.r.p.TestFile    ... finished proof: closed. 
87116      INFO  main            d.u.i.k.p.i.AbstractProblemLoader Loading environment from /home/runner/work/key/key/key.core/../key.ui/examples/heap/model_methods/Coll2_add.key.proof 
87116      DEBUG main            d.u.i.k.p.i.AbstractProblemLoader Environment load took 100.5ns 
87117      INFO  main            d.u.i.k.p.i.AbstractProblemLoader Creating init config 
89679      DEBUG main            d.u.i.k.p.i.AbstractProblemLoader Init config took 2.56s 
89718      INFO  main            d.u.i.k.p.i.AbstractProblemLoader Replaying proof Coll2[Coll::add(int)].JML operation contract.0 
89725      DEBUG main            d.u.i.k.p.i.IntermediateProofReplayer Proof replay took 5.88ms 
89726      DEBUG main            d.u.i.k.p.r.p.TestFile    ... success: reloaded. 
89727      INFO  main            d.u.i.k.p.r.p.TestFile    Now processing file /home/runner/work/key/key/key.core/../key.ui/examples/heap/model_methods/Coll2_Coll2_add_pre.key 
89727      INFO  main            d.u.i.k.p.i.AbstractProblemLoader Loading environment from /home/runner/work/key/key/key.core/../key.ui/examples/heap/model_methods/Coll2_Coll2_add_pre.key 
89727      DEBUG main            d.u.i.k.p.i.AbstractProblemLoader Environment load took 78.5ns 
89728      INFO  main            d.u.i.k.p.i.AbstractProblemLoader Creating init config 
92323      DEBUG main            d.u.i.k.p.i.AbstractProblemLoader Init config took 2.6s 
92360      INFO  main            d.u.i.k.p.i.AbstractProblemLoader Replaying proof Coll2[Coll2::add_pre(int)].JML model_behavior operation contract.0 
92362      DEBUG main            d.u.i.k.p.i.IntermediateProofReplayer Proof replay took 5.1ns 
92465      INFO  main            d.u.i.k.p.r.p.TestFile    ... finished proof: closed. 
92651      INFO  main            d.u.i.k.p.i.AbstractProblemLoader Loading environment from /home/runner/work/key/key/key.core/../key.ui/examples/heap/model_methods/Coll2_Coll2_add_pre.key.proof 
92651      DEBUG main            d.u.i.k.p.i.AbstractProblemLoader Environment load took 106.4ns 
92652      INFO  main            d.u.i.k.p.i.AbstractProblemLoader Creating init config 
95208      DEBUG main            d.u.i.k.p.i.AbstractProblemLoader Init config took 2.56s 
95245      INFO  main            d.u.i.k.p.i.AbstractProblemLoader Replaying proof Coll2[Coll2::add_pre(int)].JML model_behavior operation contract.0 
95248      DEBUG main            d.u.i.k.p.i.IntermediateProofReplayer Proof replay took 1.3ms 
95249      DEBUG main            d.u.i.k.p.r.p.TestFile    ... success: reloaded. 
95249      INFO  main            d.u.i.k.p.r.p.TestFile    Now processing file /home/runner/work/key/key/key.core/../key.ui/examples/heap/model_methods/Coll2_Coll_add_pre.key 
95250      INFO  main            d.u.i.k.p.i.AbstractProblemLoader Loading environment from /home/runner/work/key/key/key.core/../key.ui/examples/heap/model_methods/Coll2_Coll_add_pre.key 
95250      DEBUG main            d.u.i.k.p.i.AbstractProblemLoader Environment load took 82.1ns 
95251      INFO  main            d.u.i.k.p.i.AbstractProblemLoader Creating init config 
97808      DEBUG main            d.u.i.k.p.i.AbstractProblemLoader Init config took 2.56s 
97845      INFO  main            d.u.i.k.p.i.AbstractProblemLoader Replaying proof Coll2[Coll::add_pre(int)].JML model_behavior operation contract.0 
97846      DEBUG main            d.u.i.k.p.i.IntermediateProofReplayer Proof replay took 4.9ns 
97949      INFO  main            d.u.i.k.p.r.p.TestFile    ... finished proof: closed. 
98144      INFO  main            d.u.i.k.p.i.AbstractProblemLoader Loading environment from /home/runner/work/key/key/key.core/../key.ui/examples/heap/model_methods/Coll2_Coll_add_pre.key.proof 
98144      DEBUG main            d.u.i.k.p.i.AbstractProblemLoader Environment load took 101.5ns 
98145      INFO  main            d.u.i.k.p.i.AbstractProblemLoader Creating init config 
100677     DEBUG main            d.u.i.k.p.i.AbstractProblemLoader Init config took 2.53s 
100715     INFO  main            d.u.i.k.p.i.AbstractProblemLoader Replaying proof Coll2[Coll::add_pre(int)].JML model_behavior operation contract.0 
100718     DEBUG main            d.u.i.k.p.i.IntermediateProofReplayer Proof replay took 1.83ms 
100718     DEBUG main            d.u.i.k.p.r.p.TestFile    ... success: reloaded. 
100719     INFO  main            d.u.i.k.p.r.p.TestFile    Now processing file /home/runner/work/key/key/key.core/../key.ui/examples/heap/model_methods/Coll_add.key 
100720     INFO  main            d.u.i.k.p.i.AbstractProblemLoader Loading environment from /home/runner/work/key/key/key.core/../key.ui/examples/heap/model_methods/Coll_add.key 
100720     DEBUG main            d.u.i.k.p.i.AbstractProblemLoader Environment load took 64.3ns 
100721     INFO  main            d.u.i.k.p.i.AbstractProblemLoader Creating init config 
103349     DEBUG main            d.u.i.k.p.i.AbstractProblemLoader Init config took 2.63s 
103387     INFO  main            d.u.i.k.p.i.AbstractProblemLoader Replaying proof Coll[Coll::add(int)].JML operation contract.0 
103388     DEBUG main            d.u.i.k.p.i.IntermediateProofReplayer Proof replay took 5.3ns 
103490     INFO  main            d.u.i.k.p.r.p.TestFile    ... finished proof: closed. 
103688     INFO  main            d.u.i.k.p.i.AbstractProblemLoader Loading environment from /home/runner/work/key/key/key.core/../key.ui/examples/heap/model_methods/Coll_add.key.proof 
103689     DEBUG main            d.u.i.k.p.i.AbstractProblemLoader Environment load took 114.7ns 
103689     INFO  main            d.u.i.k.p.i.AbstractProblemLoader Creating init config 
106225     DEBUG main            d.u.i.k.p.i.AbstractProblemLoader Init config took 2.54s 
106263     INFO  main            d.u.i.k.p.i.AbstractProblemLoader Replaying proof Coll[Coll::add(int)].JML operation contract.0 
106266     DEBUG main            d.u.i.k.p.i.IntermediateProofReplayer Proof replay took 1.91ms 
106267     DEBUG main            d.u.i.k.p.r.p.TestFile    ... success: reloaded. 
106268     INFO  main            d.u.i.k.p.r.p.TestFile    Now processing file /home/runner/work/key/key/key.core/../key.ui/examples/heap/model_methods/Coll_add_pre.key 
106268     INFO  main            d.u.i.k.p.i.AbstractProblemLoader Loading environment from /home/runner/work/key/key/key.core/../key.ui/examples/heap/model_methods/Coll_add_pre.key 
106268     DEBUG main            d.u.i.k.p.i.AbstractProblemLoader Environment load took 104.7ns 
106269     INFO  main            d.u.i.k.p.i.AbstractProblemLoader Creating init config 
108870     DEBUG main            d.u.i.k.p.i.AbstractProblemLoader Init config took 2.6s 
108907     INFO  main            d.u.i.k.p.i.AbstractProblemLoader Replaying proof Coll[Coll::add_pre(int)].JML model_behavior operation contract.0 
108909     DEBUG main            d.u.i.k.p.i.IntermediateProofReplayer Proof replay took 5.5ns 
109011     INFO  main            d.u.i.k.p.r.p.TestFile    ... finished proof: closed. 
109215     INFO  main            d.u.i.k.p.i.AbstractProblemLoader Loading environment from /home/runner/work/key/key/key.core/../key.ui/examples/heap/model_methods/Coll_add_pre.key.proof 
109215     DEBUG main            d.u.i.k.p.i.AbstractProblemLoader Environment load took 135.6ns 
109216     INFO  main            d.u.i.k.p.i.AbstractProblemLoader Creating init config 
111749     DEBUG main            d.u.i.k.p.i.AbstractProblemLoader Init config took 2.53s 
111791     INFO  main            d.u.i.k.p.i.AbstractProblemLoader Replaying proof Coll[Coll::add_pre(int)].JML model_behavior operation contract.0 
111794     DEBUG main            d.u.i.k.p.i.IntermediateProofReplayer Proof replay took 2.15ms 
111795     DEBUG main            d.u.i.k.p.r.p.TestFile    ... success: reloaded. 
111796     INFO  main            d.u.i.k.p.r.p.TestFile    Now processing file /home/runner/work/key/key/key.core/../key.ui/examples/heap/model_methods/Indirect_callAdd.key 
111796     INFO  main            d.u.i.k.p.i.AbstractProblemLoader Loading environment from /home/runner/work/key/key/key.core/../key.ui/examples/heap/model_methods/Indirect_callAdd.key 
111796     DEBUG main            d.u.i.k.p.i.AbstractProblemLoader Environment load took 76.7ns 
111797     INFO  main            d.u.i.k.p.i.AbstractProblemLoader Creating init config 
114382     DEBUG main            d.u.i.k.p.i.AbstractProblemLoader Init config took 2.58s 
114418     INFO  main            d.u.i.k.p.i.AbstractProblemLoader Replaying proof Indirect[Indirect::callAdd(Coll,int)].JML operation contract.0 
114420     DEBUG main            d.u.i.k.p.i.IntermediateProofReplayer Proof replay took 5.2ns 
114521     INFO  main            d.u.i.k.p.r.p.TestFile    ... finished proof: closed. 
114767     INFO  main            d.u.i.k.p.i.AbstractProblemLoader Loading environment from /home/runner/work/key/key/key.core/../key.ui/examples/heap/model_methods/Indirect_callAdd.key.proof 
114767     DEBUG main            d.u.i.k.p.i.AbstractProblemLoader Environment load took 96.2ns 
114767     INFO  main            d.u.i.k.p.i.AbstractProblemLoader Creating init config 
117291     DEBUG main            d.u.i.k.p.i.AbstractProblemLoader Init config took 2.52s 
117328     INFO  main            d.u.i.k.p.i.AbstractProblemLoader Replaying proof Indirect[Indirect::callAdd(Coll,int)].JML operation contract.0 
117351     DEBUG main            d.u.i.k.p.i.IntermediateProofReplayer Proof replay took 20.75ms 
117352     DEBUG main            d.u.i.k.p.r.p.TestFile    ... success: reloaded. 
117352     INFO  main            d.u.i.k.p.r.p.TestFile    Now processing file /home/runner/work/key/key/key.core/../key.ui/examples/heap/model_methods/Indirect_test.key 
117353     INFO  main            d.u.i.k.p.i.AbstractProblemLoader Loading environment from /home/runner/work/key/key/key.core/../key.ui/examples/heap/model_methods/Indirect_test.key 
117353     DEBUG main            d.u.i.k.p.i.AbstractProblemLoader Environment load took 64.7ns 
117353     INFO  main            d.u.i.k.p.i.AbstractProblemLoader Creating init config 
119938     DEBUG main            d.u.i.k.p.i.AbstractProblemLoader Init config took 2.58s 
119992     INFO  main            d.u.i.k.p.i.AbstractProblemLoader Replaying proof Indirect[Indirect::test(Coll1,Coll2)].JML operation contract.0 
119993     DEBUG main            d.u.i.k.p.i.IntermediateProofReplayer Proof replay took 5.4ns 
120199     INFO  main            d.u.i.k.p.r.p.TestFile    ... finished proof: closed. 
120423     INFO  main            d.u.i.k.p.i.AbstractProblemLoader Loading environment from /home/runner/work/key/key/key.core/../key.ui/examples/heap/model_methods/Indirect_test.key.proof 
120423     DEBUG main            d.u.i.k.p.i.AbstractProblemLoader Environment load took 95.4ns 
120424     INFO  main            d.u.i.k.p.i.AbstractProblemLoader Creating init config 
122959     DEBUG main            d.u.i.k.p.i.AbstractProblemLoader Init config took 2.53s 
122995     INFO  main            d.u.i.k.p.i.AbstractProblemLoader Replaying proof Indirect[Indirect::test(Coll1,Coll2)].JML operation contract.0 
123043     DEBUG main            d.u.i.k.p.i.IntermediateProofReplayer Proof replay took 45.22ms 
123044     DEBUG main            d.u.i.k.p.r.p.TestFile    ... success: reloaded. 
123045     INFO  main            d.u.i.k.p.r.p.TestFile    Now processing file /home/runner/work/key/key/key.core/../key.ui/examples/heap/model_methods/Recell_Cell_footprint.key 
123045     INFO  main            d.u.i.k.p.i.AbstractProblemLoader Loading environment from /home/runner/work/key/key/key.core/../key.ui/examples/heap/model_methods/Recell_Cell_footprint.key 
123045     DEBUG main            d.u.i.k.p.i.AbstractProblemLoader Environment load took 74.8ns 
123046     INFO  main            d.u.i.k.p.i.AbstractProblemLoader Creating init config 
125637     DEBUG main            d.u.i.k.p.i.AbstractProblemLoader Init config took 2.59s 
125674     INFO  main            d.u.i.k.p.i.AbstractProblemLoader Replaying proof Recell[Cell::footprint()].JML model_behavior operation contract.0 
125675     DEBUG main            d.u.i.k.p.i.IntermediateProofReplayer Proof replay took 5.5ns 
125776     INFO  main            d.u.i.k.p.r.p.TestFile    ... finished proof: closed. 
125991     INFO  main            d.u.i.k.p.i.AbstractProblemLoader Loading environment from /home/runner/work/key/key/key.core/../key.ui/examples/heap/model_methods/Recell_Cell_footprint.key.proof 
125991     DEBUG main            d.u.i.k.p.i.AbstractProblemLoader Environment load took 97.5ns 
125992     INFO  main            d.u.i.k.p.i.AbstractProblemLoader Creating init config 
128517     DEBUG main            d.u.i.k.p.i.AbstractProblemLoader Init config took 2.53s 
128556     INFO  main            d.u.i.k.p.i.AbstractProblemLoader Replaying proof Recell[Cell::footprint()].JML model_behavior operation contract.0 
128561     DEBUG main            d.u.i.k.p.i.IntermediateProofReplayer Proof replay took 2.81ms 
128562     DEBUG main            d.u.i.k.p.r.p.TestFile    ... success: reloaded. 
128562     INFO  main            d.u.i.k.p.r.p.TestFile    Now processing file /home/runner/work/key/key/key.core/../key.ui/examples/heap/model_methods/Recell_Cell_post_set.key 
128563     INFO  main            d.u.i.k.p.i.AbstractProblemLoader Loading environment from /home/runner/work/key/key/key.core/../key.ui/examples/heap/model_methods/Recell_Cell_post_set.key 
128563     DEBUG main            d.u.i.k.p.i.AbstractProblemLoader Environment load took 53.2ns 
128564     INFO  main            d.u.i.k.p.i.AbstractProblemLoader Creating init config 
131135     DEBUG main            d.u.i.k.p.i.AbstractProblemLoader Init config took 2.57s 
131171     INFO  main            d.u.i.k.p.i.AbstractProblemLoader Replaying proof Recell[Cell::post_set(int)].JML model_behavior operation contract.0 
131172     DEBUG main            d.u.i.k.p.i.IntermediateProofReplayer Proof replay took 5.4ns 
131273     INFO  main            d.u.i.k.p.r.p.TestFile    ... finished proof: closed. 
131496     INFO  main            d.u.i.k.p.i.AbstractProblemLoader Loading environment from /home/runner/work/key/key/key.core/../key.ui/examples/heap/model_methods/Recell_Cell_post_set.key.proof 
131496     DEBUG main            d.u.i.k.p.i.AbstractProblemLoader Environment load took 95.6ns 
131497     INFO  main            d.u.i.k.p.i.AbstractProblemLoader Creating init config 
134026     DEBUG main            d.u.i.k.p.i.AbstractProblemLoader Init config took 2.53s 
134062     INFO  main            d.u.i.k.p.i.AbstractProblemLoader Replaying proof Recell[Cell::post_set(int)].JML model_behavior operation contract.0 
134067     DEBUG main            d.u.i.k.p.i.IntermediateProofReplayer Proof replay took 3.34ms 
134068     DEBUG main            d.u.i.k.p.r.p.TestFile    ... success: reloaded. 
134068     INFO  main            d.u.i.k.p.r.p.TestFile    Now processing file /home/runner/work/key/key/key.core/../key.ui/examples/heap/model_methods/Recell_footprint_acc.key 
134069     INFO  main            d.u.i.k.p.i.AbstractProblemLoader Loading environment from /home/runner/work/key/key/key.core/../key.ui/examples/heap/model_methods/Recell_footprint_acc.key 
134069     DEBUG main            d.u.i.k.p.i.AbstractProblemLoader Environment load took 66.4ns 
134069     INFO  main            d.u.i.k.p.i.AbstractProblemLoader Creating init config 
136649     DEBUG main            d.u.i.k.p.i.AbstractProblemLoader Init config took 2.58s 
136685     INFO  main            d.u.i.k.p.i.AbstractProblemLoader Replaying proof Recell[Cell::footprint()].JML accessible clause.0 
136686     DEBUG main            d.u.i.k.p.i.IntermediateProofReplayer Proof replay took 5.6ns 
136789     INFO  main            d.u.i.k.p.r.p.TestFile    ... finished proof: closed. 
137021     INFO  main            d.u.i.k.p.i.AbstractProblemLoader Loading environment from /home/runner/work/key/key/key.core/../key.ui/examples/heap/model_methods/Recell_footprint_acc.key.proof 
137021     DEBUG main            d.u.i.k.p.i.AbstractProblemLoader Environment load took 94.6ns 
137022     INFO  main            d.u.i.k.p.i.AbstractProblemLoader Creating init config 
139544     DEBUG main            d.u.i.k.p.i.AbstractProblemLoader Init config took 2.52s 
139580     INFO  main            d.u.i.k.p.i.AbstractProblemLoader Replaying proof Recell[Cell::footprint()].JML accessible clause.0 
139598     DEBUG main            d.u.i.k.p.i.IntermediateProofReplayer Proof replay took 15.47ms 
139599     DEBUG main            d.u.i.k.p.r.p.TestFile    ... success: reloaded. 
139599     INFO  main            d.u.i.k.p.r.p.TestFile    Now processing file /home/runner/work/key/key/key.core/../key.ui/examples/heap/model_methods/Recell_get_acc.key 
139599     INFO  main            d.u.i.k.p.i.AbstractProblemLoader Loading environment from /home/runner/work/key/key/key.core/../key.ui/examples/heap/model_methods/Recell_get_acc.key 
139600     DEBUG main            d.u.i.k.p.i.AbstractProblemLoader Environment load took 72.3ns 
139600     INFO  main            d.u.i.k.p.i.AbstractProblemLoader Creating init config 
142166     DEBUG main            d.u.i.k.p.i.AbstractProblemLoader Init config took 2.57s 
142217     INFO  main            d.u.i.k.p.i.AbstractProblemLoader Replaying proof Recell[Cell::get()].JML accessible clause.0 
142219     DEBUG main            d.u.i.k.p.i.IntermediateProofReplayer Proof replay took 5.7ns 
142320     INFO  main            d.u.i.k.p.r.p.TestFile    ... finished proof: closed. 
142609     INFO  main            d.u.i.k.p.i.AbstractProblemLoader Loading environment from /home/runner/work/key/key/key.core/../key.ui/examples/heap/model_methods/Recell_get_acc.key.proof 
142609     DEBUG main            d.u.i.k.p.i.AbstractProblemLoader Environment load took 90.6ns 
142610     INFO  main            d.u.i.k.p.i.AbstractProblemLoader Creating init config 
145124     DEBUG main            d.u.i.k.p.i.AbstractProblemLoader Init config took 2.51s 
145160     INFO  main            d.u.i.k.p.i.AbstractProblemLoader Replaying proof Recell[Cell::get()].JML accessible clause.0 
145176     DEBUG main            d.u.i.k.p.i.IntermediateProofReplayer Proof replay took 14.54ms 
145177     DEBUG main            d.u.i.k.p.r.p.TestFile    ... success: reloaded. 
145178     INFO  main            d.u.i.k.p.r.p.TestFile    Now processing file /home/runner/work/key/key/key.core/../key.ui/examples/heap/model_methods/Recell_get.key 
145178     INFO  main            d.u.i.k.p.i.AbstractProblemLoader Loading environment from /home/runner/work/key/key/key.core/../key.ui/examples/heap/model_methods/Recell_get.key 
145178     DEBUG main            d.u.i.k.p.i.AbstractProblemLoader Environment load took 71.3ns 
145179     INFO  main            d.u.i.k.p.i.AbstractProblemLoader Creating init config 
147779     DEBUG main            d.u.i.k.p.i.AbstractProblemLoader Init config took 2.6s 
147817     INFO  main            d.u.i.k.p.i.AbstractProblemLoader Replaying proof Recell[Cell::get()].JML operation contract.0 
147818     DEBUG main            d.u.i.k.p.i.IntermediateProofReplayer Proof replay took 6.4ns 
147921     INFO  main            d.u.i.k.p.r.p.TestFile    ... finished proof: closed. 
148171     INFO  main            d.u.i.k.p.i.AbstractProblemLoader Loading environment from /home/runner/work/key/key/key.core/../key.ui/examples/heap/model_methods/Recell_get.key.proof 
148171     DEBUG main            d.u.i.k.p.i.AbstractProblemLoader Environment load took 90.8ns 
148172     INFO  main            d.u.i.k.p.i.AbstractProblemLoader Creating init config 
150680     DEBUG main            d.u.i.k.p.i.AbstractProblemLoader Init config took 2.51s 
150717     INFO  main            d.u.i.k.p.i.AbstractProblemLoader Replaying proof Recell[Cell::get()].JML operation contract.0 
150726     DEBUG main            d.u.i.k.p.i.IntermediateProofReplayer Proof replay took 7.3ms 
150727     DEBUG main            d.u.i.k.p.r.p.TestFile    ... success: reloaded. 
150728     INFO  main            d.u.i.k.p.r.p.TestFile    Now processing file /home/runner/work/key/key/key.core/../key.ui/examples/heap/model_methods/Recell_Recell_footprint.key 
150728     INFO  main            d.u.i.k.p.i.AbstractProblemLoader Loading environment from /home/runner/work/key/key/key.core/../key.ui/examples/heap/model_methods/Recell_Recell_footprint.key 
150728     DEBUG main            d.u.i.k.p.i.AbstractProblemLoader Environment load took 165.4ns 
150729     INFO  main            d.u.i.k.p.i.AbstractProblemLoader Creating init config 
153317     DEBUG main            d.u.i.k.p.i.AbstractProblemLoader Init config took 2.59s 
153354     INFO  main            d.u.i.k.p.i.AbstractProblemLoader Replaying proof Recell[Recell::footprint()].JML model_behavior operation contract.0 
153355     DEBUG main            d.u.i.k.p.i.IntermediateProofReplayer Proof replay took 5.1ns 
153457     INFO  main            d.u.i.k.p.r.p.TestFile    ... finished proof: closed. 
153721     INFO  main            d.u.i.k.p.i.AbstractProblemLoader Loading environment from /home/runner/work/key/key/key.core/../key.ui/examples/heap/model_methods/Recell_Recell_footprint.key.proof 
153721     DEBUG main            d.u.i.k.p.i.AbstractProblemLoader Environment load took 90.5ns 
153722     INFO  main            d.u.i.k.p.i.AbstractProblemLoader Creating init config 
156229     DEBUG main            d.u.i.k.p.i.AbstractProblemLoader Init config took 2.51s 
156266     INFO  main            d.u.i.k.p.i.AbstractProblemLoader Replaying proof Recell[Recell::footprint()].JML model_behavior operation contract.0 
156269     DEBUG main            d.u.i.k.p.i.IntermediateProofReplayer Proof replay took 1.21ms 
156270     DEBUG main            d.u.i.k.p.r.p.TestFile    ... success: reloaded. 
156270     INFO  main            d.u.i.k.p.r.p.TestFile    Now processing file /home/runner/work/key/key/key.core/../key.ui/examples/heap/model_methods/Recell_Recell_post_set.key 
156271     INFO  main            d.u.i.k.p.i.AbstractProblemLoader Loading environment from /home/runner/work/key/key/key.core/../key.ui/examples/heap/model_methods/Recell_Recell_post_set.key 
156271     DEBUG main            d.u.i.k.p.i.AbstractProblemLoader Environment load took 195.8ns 
156271     INFO  main            d.u.i.k.p.i.AbstractProblemLoader Creating init config 
158846     DEBUG main            d.u.i.k.p.i.AbstractProblemLoader Init config took 2.57s 
158883     INFO  main            d.u.i.k.p.i.AbstractProblemLoader Replaying proof Recell[Recell::post_set(int)].JML model_behavior operation contract.0 
158884     DEBUG main            d.u.i.k.p.i.IntermediateProofReplayer Proof replay took 5.7ns 
158989     INFO  main            d.u.i.k.p.r.p.TestFile    ... finished proof: closed. 
159237     INFO  main            d.u.i.k.p.i.AbstractProblemLoader Loading environment from /home/runner/work/key/key/key.core/../key.ui/examples/heap/model_methods/Recell_Recell_post_set.key.proof 
159237     DEBUG main            d.u.i.k.p.i.AbstractProblemLoader Environment load took 84.8ns 
159238     INFO  main            d.u.i.k.p.i.AbstractProblemLoader Creating init config 
161750     DEBUG main            d.u.i.k.p.i.AbstractProblemLoader Init config took 2.51s 
161786     INFO  main            d.u.i.k.p.i.AbstractProblemLoader Replaying proof Recell[Recell::post_set(int)].JML model_behavior operation contract.0 
161789     DEBUG main            d.u.i.k.p.i.IntermediateProofReplayer Proof replay took 2.03ms 
161790     DEBUG main            d.u.i.k.p.r.p.TestFile    ... success: reloaded. 
161791     INFO  main            d.u.i.k.p.r.p.TestFile    Now processing file /home/runner/work/key/key/key.core/../key.ui/examples/heap/model_methods/Recell_set.key 
161791     INFO  main            d.u.i.k.p.i.AbstractProblemLoader Loading environment from /home/runner/work/key/key/key.core/../key.ui/examples/heap/model_methods/Recell_set.key 
161791     DEBUG main            d.u.i.k.p.i.AbstractProblemLoader Environment load took 68.1ns 
161792     INFO  main            d.u.i.k.p.i.AbstractProblemLoader Creating init config 
164350     DEBUG main            d.u.i.k.p.i.AbstractProblemLoader Init config took 2.56s 
164386     INFO  main            d.u.i.k.p.i.AbstractProblemLoader Replaying proof Recell[Cell::set(int)].JML operation contract.0 
164388     DEBUG main            d.u.i.k.p.i.IntermediateProofReplayer Proof replay took 5.7ns 
170677     INFO  main            d.u.i.k.p.r.p.TestFile    ... finished proof: closed. 
170978     INFO  main            d.u.i.k.p.i.AbstractProblemLoader Loading environment from /home/runner/work/key/key/key.core/../key.ui/examples/heap/model_methods/Recell_set.key.proof 
170980     DEBUG main            d.u.i.k.p.i.AbstractProblemLoader Environment load took 2.14ms 
170981     INFO  main            d.u.i.k.p.i.AbstractProblemLoader Creating init config 
173492     DEBUG main            d.u.i.k.p.i.AbstractProblemLoader Init config took 2.51s 
173528     INFO  main            d.u.i.k.p.i.AbstractProblemLoader Replaying proof Recell[Cell::set(int)].JML operation contract.0 
173985     DEBUG main            d.u.i.k.p.i.IntermediateProofReplayer Proof replay took 439.13ms 
173986     DEBUG main            d.u.i.k.p.r.p.TestFile    ... success: reloaded. 
173987     INFO  main            d.u.i.k.p.r.p.TestFile    Now processing file /home/runner/work/key/key/key.core/../key.ui/examples/heap/model_methods/Recell_undo.key 
173987     INFO  main            d.u.i.k.p.i.AbstractProblemLoader Loading environment from /home/runner/work/key/key/key.core/../key.ui/examples/heap/model_methods/Recell_undo.key 
173987     DEBUG main            d.u.i.k.p.i.AbstractProblemLoader Environment load took 136.4ns 
173988     INFO  main            d.u.i.k.p.i.AbstractProblemLoader Creating init config 
176551     DEBUG main            d.u.i.k.p.i.AbstractProblemLoader Init config took 2.56s 
176588     INFO  main            d.u.i.k.p.i.AbstractProblemLoader Replaying proof Recell[Recell::undo()].JML operation contract.0 
176589     DEBUG main            d.u.i.k.p.i.IntermediateProofReplayer Proof replay took 5.6ns 
176693     INFO  main            d.u.i.k.p.r.p.TestFile    ... finished proof: closed. 
176998     INFO  main            d.u.i.k.p.i.AbstractProblemLoader Loading environment from /home/runner/work/key/key/key.core/../key.ui/examples/heap/model_methods/Recell_undo.key.proof 
176998     DEBUG main            d.u.i.k.p.i.AbstractProblemLoader Environment load took 85.9ns 
176999     INFO  main            d.u.i.k.p.i.AbstractProblemLoader Creating init config 
179504     DEBUG main            d.u.i.k.p.i.AbstractProblemLoader Init config took 2.51s 
179550     INFO  main            d.u.i.k.p.i.AbstractProblemLoader Replaying proof Recell[Recell::undo()].JML operation contract.0 
179579     DEBUG main            d.u.i.k.p.i.IntermediateProofReplayer Proof replay took 26.88ms 
179579     DEBUG main            d.u.i.k.p.r.p.TestFile    ... success: reloaded. 
4018293    INFO  Test worker     d.u.i.k.p.r.RunAllProofsTestUnit Returning from test modelMethods 
4018294    INFO  Test worker     d.u.i.k.p.r.RunAllProofsTestUnit Running test permissionHeap 
371        INFO  Timeout watchdog d.u.i.k.p.r.p.ForkedTestFileRunner Timeout watcher launched (2000 secs.) 
385        WARN  main            d.u.i.k.s.ProofSettings   The settings in /home/runner/.key/proof-settings.props are *not* read. 
433        INFO  main            d.u.i.k.p.r.p.TestFile    Now processing file /home/runner/work/key/key/key.core/../key.ui/examples/heap/permissions/permissions_method0.key 
560        INFO  main            d.u.i.k.p.i.AbstractProblemLoader Loading environment from /home/runner/work/key/key/key.core/../key.ui/examples/heap/permissions/permissions_method0.key 
578        DEBUG main            d.u.i.k.p.i.AbstractProblemLoader Environment load took 1.88ms 
778        INFO  main            d.u.i.k.p.i.AbstractProblemLoader Creating init config 
1567       DEBUG main            d.u.i.k.j.TypeConverter   No LDT found for Meta 
1568       DEBUG main            d.u.i.k.j.TypeConverter   No LDT found for Meta 
1571       DEBUG main            d.u.i.k.j.TypeConverter   No LDT found for Meta 
1572       DEBUG main            d.u.i.k.j.TypeConverter   No LDT found for Meta 
2951       DEBUG main            d.u.i.k.j.TypeConverter   No LDT found for JavaBigintExpression 
7664       DEBUG main            d.u.i.k.p.i.AbstractProblemLoader Init config took 6.89s 
7785       INFO  main            d.u.i.k.p.i.AbstractProblemLoader Replaying proof MyClass[MyClass::method0()].JML normal_behavior operation contract.0 
7814       DEBUG main            d.u.i.k.p.i.IntermediateProofReplayer Proof replay took 29.4ns 
8629       INFO  main            d.u.i.k.p.r.p.TestFile    ... finished proof: closed. 
8733       INFO  main            d.u.i.k.p.i.AbstractProblemLoader Loading environment from /home/runner/work/key/key/key.core/../key.ui/examples/heap/permissions/permissions_method0.key.proof 
8734       DEBUG main            d.u.i.k.p.i.AbstractProblemLoader Environment load took 818.1ns 
8737       INFO  main            d.u.i.k.p.i.AbstractProblemLoader Creating init config 
11523      DEBUG main            d.u.i.k.p.i.AbstractProblemLoader Init config took 2.79s 
11583      INFO  main            d.u.i.k.p.i.AbstractProblemLoader Replaying proof MyClass[MyClass::method0()].JML normal_behavior operation contract.0 
11726      DEBUG main            d.u.i.k.p.i.IntermediateProofReplayer Proof replay took 138.14ms 
11733      DEBUG main            d.u.i.k.p.r.p.TestFile    ... success: reloaded. 
11736      INFO  main            d.u.i.k.p.r.p.TestFile    Now processing file /home/runner/work/key/key/key.core/../key.ui/examples/heap/permissions/permissions_method1.key 
11736      INFO  main            d.u.i.k.p.i.AbstractProblemLoader Loading environment from /home/runner/work/key/key/key.core/../key.ui/examples/heap/permissions/permissions_method1.key 
11737      DEBUG main            d.u.i.k.p.i.AbstractProblemLoader Environment load took 180.9ns 
11739      INFO  main            d.u.i.k.p.i.AbstractProblemLoader Creating init config 
14395      DEBUG main            d.u.i.k.p.i.AbstractProblemLoader Init config took 2.66s 
14452      INFO  main            d.u.i.k.p.i.AbstractProblemLoader Replaying proof MyClass[MyClass::method1()].JML normal_behavior operation contract.0 
14454      DEBUG main            d.u.i.k.p.i.IntermediateProofReplayer Proof replay took 4.7ns 
14757      INFO  main            d.u.i.k.p.r.p.TestFile    ... finished proof: closed. 
14882      INFO  main            d.u.i.k.p.i.AbstractProblemLoader Loading environment from /home/runner/work/key/key/key.core/../key.ui/examples/heap/permissions/permissions_method1.key.proof 
14888      DEBUG main            d.u.i.k.p.i.AbstractProblemLoader Environment load took 5.51ms 
14894      INFO  main            d.u.i.k.p.i.AbstractProblemLoader Creating init config 
17442      DEBUG main            d.u.i.k.p.i.AbstractProblemLoader Init config took 2.55s 
17491      INFO  main            d.u.i.k.p.i.AbstractProblemLoader Replaying proof MyClass[MyClass::method1()].JML normal_behavior operation contract.0 
17559      DEBUG main            d.u.i.k.p.i.IntermediateProofReplayer Proof replay took 64.59ms 
17560      DEBUG main            d.u.i.k.p.r.p.TestFile    ... success: reloaded. 
17562      INFO  main            d.u.i.k.p.r.p.TestFile    Now processing file /home/runner/work/key/key/key.core/../key.ui/examples/heap/permissions/permissions_method3.key 
17562      INFO  main            d.u.i.k.p.i.AbstractProblemLoader Loading environment from /home/runner/work/key/key/key.core/../key.ui/examples/heap/permissions/permissions_method3.key 
17563      DEBUG main            d.u.i.k.p.i.AbstractProblemLoader Environment load took 93.4ns 
17565      INFO  main            d.u.i.k.p.i.AbstractProblemLoader Creating init config 
20157      DEBUG main            d.u.i.k.p.i.AbstractProblemLoader Init config took 2.59s 
20203      INFO  main            d.u.i.k.p.i.AbstractProblemLoader Replaying proof MyClass[MyClass::method3()].JML normal_behavior operation contract.0 
20205      DEBUG main            d.u.i.k.p.i.IntermediateProofReplayer Proof replay took 4.8ns 
21620      INFO  main            d.u.i.k.p.r.p.TestFile    ... finished proof: closed. 
21768      INFO  main            d.u.i.k.p.i.AbstractProblemLoader Loading environment from /home/runner/work/key/key/key.core/../key.ui/examples/heap/permissions/permissions_method3.key.proof 
21768      DEBUG main            d.u.i.k.p.i.AbstractProblemLoader Environment load took 314.3ns 
21770      INFO  main            d.u.i.k.p.i.AbstractProblemLoader Creating init config 
24263      DEBUG main            d.u.i.k.p.i.AbstractProblemLoader Init config took 2.49s 
24307      INFO  main            d.u.i.k.p.i.AbstractProblemLoader Replaying proof MyClass[MyClass::method3()].JML normal_behavior operation contract.0 
24559      DEBUG main            d.u.i.k.p.i.IntermediateProofReplayer Proof replay took 244.47ms 
24560      DEBUG main            d.u.i.k.p.r.p.TestFile    ... success: reloaded. 
24561      INFO  main            d.u.i.k.p.r.p.TestFile    Now processing file /home/runner/work/key/key/key.core/../key.ui/examples/heap/permissions/permissions_setAB.key 
24561      INFO  main            d.u.i.k.p.i.AbstractProblemLoader Loading environment from /home/runner/work/key/key/key.core/../key.ui/examples/heap/permissions/permissions_setAB.key 
24562      DEBUG main            d.u.i.k.p.i.AbstractProblemLoader Environment load took 153.7ns 
24563      INFO  main            d.u.i.k.p.i.AbstractProblemLoader Creating init config 
27092      DEBUG main            d.u.i.k.p.i.AbstractProblemLoader Init config took 2.53s 
27135      INFO  main            d.u.i.k.p.i.AbstractProblemLoader Replaying proof MyClass[MyClass::setAB()].JML normal_behavior operation contract.0 
27137      DEBUG main            d.u.i.k.p.i.IntermediateProofReplayer Proof replay took 4.8ns 
28542      INFO  main            d.u.i.k.p.r.p.TestFile    ... finished proof: closed. 
28708      INFO  main            d.u.i.k.p.i.AbstractProblemLoader Loading environment from /home/runner/work/key/key/key.core/../key.ui/examples/heap/permissions/permissions_setAB.key.proof 
28708      DEBUG main            d.u.i.k.p.i.AbstractProblemLoader Environment load took 116.3ns 
28709      INFO  main            d.u.i.k.p.i.AbstractProblemLoader Creating init config 
31201      DEBUG main            d.u.i.k.p.i.AbstractProblemLoader Init config took 2.49s 
31257      INFO  main            d.u.i.k.p.i.AbstractProblemLoader Replaying proof MyClass[MyClass::setAB()].JML normal_behavior operation contract.0 
31467      DEBUG main            d.u.i.k.p.i.IntermediateProofReplayer Proof replay took 204.32ms 
31468      DEBUG main            d.u.i.k.p.r.p.TestFile    ... success: reloaded. 
31470      INFO  main            d.u.i.k.p.r.p.TestFile    Now processing file /home/runner/work/key/key/key.core/../key.ui/examples/heap/permissions/permissionProperties.key 
31470      INFO  main            d.u.i.k.p.i.AbstractProblemLoader Loading environment from /home/runner/work/key/key/key.core/../key.ui/examples/heap/permissions/permissionProperties.key 
31470      DEBUG main            d.u.i.k.p.i.AbstractProblemLoader Environment load took 158.2ns 
31472      INFO  main            d.u.i.k.p.i.AbstractProblemLoader Creating init config 
31599      DEBUG main            d.u.i.k.j.TypeConverter   No LDT found for Meta 
31599      DEBUG main            d.u.i.k.j.TypeConverter   No LDT found for Meta 
31600      DEBUG main            d.u.i.k.j.TypeConverter   No LDT found for Meta 
31600      DEBUG main            d.u.i.k.j.TypeConverter   No LDT found for Meta 
32219      DEBUG main            d.u.i.k.j.TypeConverter   No LDT found for JavaBigintExpression 
34845      DEBUG main            d.u.i.k.p.i.AbstractProblemLoader Init config took 3.37s 
34865      INFO  main            d.u.i.k.p.i.AbstractProblemLoader Replaying proof permissionProperties.key 
34866      DEBUG main            d.u.i.k.p.i.IntermediateProofReplayer Proof replay took 5.2ns 
34969      INFO  main            d.u.i.k.p.r.p.TestFile    ... finished proof: closed. 
35127      INFO  main            d.u.i.k.p.i.AbstractProblemLoader Loading environment from /home/runner/work/key/key/key.core/../key.ui/examples/heap/permissions/permissionProperties.key.proof 
35128      DEBUG main            d.u.i.k.p.i.AbstractProblemLoader Environment load took 109.9ns 
35129      INFO  main            d.u.i.k.p.i.AbstractProblemLoader Creating init config 
37445      DEBUG main            d.u.i.k.p.i.AbstractProblemLoader Init config took 2.32s 
37466      INFO  main            d.u.i.k.p.i.AbstractProblemLoader Replaying proof permissionProperties.key.proof 
37485      DEBUG main            d.u.i.k.p.i.IntermediateProofReplayer Proof replay took 15.99ms 
37486      DEBUG main            d.u.i.k.p.r.p.TestFile    ... success: reloaded. 
37486      INFO  main            d.u.i.k.p.r.p.TestFile    Now processing file /home/runner/work/key/key/key.core/../key.ui/examples/heap/permissions/threads/AFilter_AFilter.key 
37487      INFO  main            d.u.i.k.p.i.AbstractProblemLoader Loading environment from /home/runner/work/key/key/key.core/../key.ui/examples/heap/permissions/threads/AFilter_AFilter.key 
37487      DEBUG main            d.u.i.k.p.i.AbstractProblemLoader Environment load took 231.4ns 
37488      INFO  main            d.u.i.k.p.i.AbstractProblemLoader Creating init config 
37610      DEBUG main            d.u.i.k.j.TypeConverter   No LDT found for Meta 
37611      DEBUG main            d.u.i.k.j.TypeConverter   No LDT found for Meta 
37611      DEBUG main            d.u.i.k.j.TypeConverter   No LDT found for Meta 
37611      DEBUG main            d.u.i.k.j.TypeConverter   No LDT found for Meta 
38133      DEBUG main            d.u.i.k.j.TypeConverter   No LDT found for JavaBigintExpression 
43166      DEBUG main            d.u.i.k.p.i.AbstractProblemLoader Init config took 5.68s 
43266      INFO  main            d.u.i.k.p.i.AbstractProblemLoader Replaying proof AFilter[AFilter::AFilter(Sampler,Buffer)].JML normal_behavior operation contract.0 
43267      DEBUG main            d.u.i.k.p.i.IntermediateProofReplayer Proof replay took 5.7ns 
44271      INFO  main            d.u.i.k.p.r.p.TestFile    ... finished proof: closed. 
44498      INFO  main            d.u.i.k.p.i.AbstractProblemLoader Loading environment from /home/runner/work/key/key/key.core/../key.ui/examples/heap/permissions/threads/AFilter_AFilter.key.proof 
44498      DEBUG main            d.u.i.k.p.i.AbstractProblemLoader Environment load took 311.8ns 
44499      INFO  main            d.u.i.k.p.i.AbstractProblemLoader Creating init config 
48937      DEBUG main            d.u.i.k.p.i.AbstractProblemLoader Init config took 4.44s 
49039      INFO  main            d.u.i.k.p.i.AbstractProblemLoader Replaying proof AFilter[AFilter::AFilter(Sampler,Buffer)].JML normal_behavior operation contract.0 
49190      DEBUG main            d.u.i.k.p.i.IntermediateProofReplayer Proof replay took 146.44ms 
49192      DEBUG main            d.u.i.k.p.r.p.TestFile    ... success: reloaded. 
49194      INFO  main            d.u.i.k.p.r.p.TestFile    Now processing file /home/runner/work/key/key/key.core/../key.ui/examples/heap/permissions/threads/AFilter_initPost_accessible.key 
49194      INFO  main            d.u.i.k.p.i.AbstractProblemLoader Loading environment from /home/runner/work/key/key/key.core/../key.ui/examples/heap/permissions/threads/AFilter_initPost_accessible.key 
49194      DEBUG main            d.u.i.k.p.i.AbstractProblemLoader Environment load took 153.7ns 
49195      INFO  main            d.u.i.k.p.i.AbstractProblemLoader Creating init config 
53705      DEBUG main            d.u.i.k.p.i.AbstractProblemLoader Init config took 4.51s 
53811      INFO  main            d.u.i.k.p.i.AbstractProblemLoader Replaying proof AFilter[ThreadSpec2::initPost()].JML accessible clause.0 
53813      DEBUG main            d.u.i.k.p.i.IntermediateProofReplayer Proof replay took 6.3ns 
53914      INFO  main            d.u.i.k.p.r.p.TestFile    ... finished proof: closed. 
54098      INFO  main            d.u.i.k.p.i.AbstractProblemLoader Loading environment from /home/runner/work/key/key/key.core/../key.ui/examples/heap/permissions/threads/AFilter_initPost_accessible.key.proof 
54098      DEBUG main            d.u.i.k.p.i.AbstractProblemLoader Environment load took 106ns 
54099      INFO  main            d.u.i.k.p.i.AbstractProblemLoader Creating init config 
58530      DEBUG main            d.u.i.k.p.i.AbstractProblemLoader Init config took 4.43s 
58635      INFO  main            d.u.i.k.p.i.AbstractProblemLoader Replaying proof AFilter[ThreadSpec2::initPost()].JML accessible clause.0 
58648      DEBUG main            d.u.i.k.p.i.IntermediateProofReplayer Proof replay took 11.36ms 
58649      DEBUG main            d.u.i.k.p.r.p.TestFile    ... success: reloaded. 
58650      INFO  main            d.u.i.k.p.r.p.TestFile    Now processing file /home/runner/work/key/key/key.core/../key.ui/examples/heap/permissions/threads/AFilter_inv_accessible1.key 
58650      INFO  main            d.u.i.k.p.i.AbstractProblemLoader Loading environment from /home/runner/work/key/key/key.core/../key.ui/examples/heap/permissions/threads/AFilter_inv_accessible1.key 
58650      DEBUG main            d.u.i.k.p.i.AbstractProblemLoader Environment load took 148ns 
58651      INFO  main            d.u.i.k.p.i.AbstractProblemLoader Creating init config 
63080      DEBUG main            d.u.i.k.p.i.AbstractProblemLoader Init config took 4.43s 
63168      INFO  main            d.u.i.k.p.i.AbstractProblemLoader Replaying proof AFilter[java.lang.Object::<inv>()].JML accessible clause.0 
63170      DEBUG main            d.u.i.k.p.i.IntermediateProofReplayer Proof replay took 5.9ns 
63273      INFO  main            d.u.i.k.p.r.p.TestFile    ... finished proof: closed. 
63459      INFO  main            d.u.i.k.p.i.AbstractProblemLoader Loading environment from /home/runner/work/key/key/key.core/../key.ui/examples/heap/permissions/threads/AFilter_inv_accessible1.key.proof 
63459      DEBUG main            d.u.i.k.p.i.AbstractProblemLoader Environment load took 104.1ns 
63460      INFO  main            d.u.i.k.p.i.AbstractProblemLoader Creating init config 
67860      DEBUG main            d.u.i.k.p.i.AbstractProblemLoader Init config took 4.4s 
67946      INFO  main            d.u.i.k.p.i.AbstractProblemLoader Replaying proof AFilter[java.lang.Object::<inv>()].JML accessible clause.0 
67950      DEBUG main            d.u.i.k.p.i.IntermediateProofReplayer Proof replay took 2.13ms 
67951      DEBUG main            d.u.i.k.p.r.p.TestFile    ... success: reloaded. 
67952      INFO  main            d.u.i.k.p.r.p.TestFile    Now processing file /home/runner/work/key/key/key.core/../key.ui/examples/heap/permissions/threads/AFilter_inv_accessible2.key 
67952      INFO  main            d.u.i.k.p.i.AbstractProblemLoader Loading environment from /home/runner/work/key/key/key.core/../key.ui/examples/heap/permissions/threads/AFilter_inv_accessible2.key 
67952      DEBUG main            d.u.i.k.p.i.AbstractProblemLoader Environment load took 82.4ns 
67953      INFO  main            d.u.i.k.p.i.AbstractProblemLoader Creating init config 
72366      DEBUG main            d.u.i.k.p.i.AbstractProblemLoader Init config took 4.41s 
72465      INFO  main            d.u.i.k.p.i.AbstractProblemLoader Replaying proof AFilter[java.lang.Object::<inv>()].JML accessible clause.1 
72467      DEBUG main            d.u.i.k.p.i.IntermediateProofReplayer Proof replay took 6.1ns 
72568      INFO  main            d.u.i.k.p.r.p.TestFile    ... finished proof: closed. 
72763      INFO  main            d.u.i.k.p.i.AbstractProblemLoader Loading environment from /home/runner/work/key/key/key.core/../key.ui/examples/heap/permissions/threads/AFilter_inv_accessible2.key.proof 
72763      DEBUG main            d.u.i.k.p.i.AbstractProblemLoader Environment load took 103.2ns 
72768      INFO  main            d.u.i.k.p.i.AbstractProblemLoader Creating init config 
77162      DEBUG main            d.u.i.k.p.i.AbstractProblemLoader Init config took 4.39s 
77248      INFO  main            d.u.i.k.p.i.AbstractProblemLoader Replaying proof AFilter[java.lang.Object::<inv>()].JML accessible clause.1 
77252      DEBUG main            d.u.i.k.p.i.IntermediateProofReplayer Proof replay took 2.01ms 
77252      DEBUG main            d.u.i.k.p.r.p.TestFile    ... success: reloaded. 
77254      INFO  main            d.u.i.k.p.r.p.TestFile    Now processing file /home/runner/work/key/key/key.core/../key.ui/examples/heap/permissions/threads/AFilter_joinTransfer_accessible.key 
77254      INFO  main            d.u.i.k.p.i.AbstractProblemLoader Loading environment from /home/runner/work/key/key/key.core/../key.ui/examples/heap/permissions/threads/AFilter_joinTransfer_accessible.key 
77254      DEBUG main            d.u.i.k.p.i.AbstractProblemLoader Environment load took 149.7ns 
77255      INFO  main            d.u.i.k.p.i.AbstractProblemLoader Creating init config 
81669      DEBUG main            d.u.i.k.p.i.AbstractProblemLoader Init config took 4.41s 
81755      INFO  main            d.u.i.k.p.i.AbstractProblemLoader Replaying proof AFilter[ThreadSpec2::joinTransfer()].JML accessible clause.0 
81757      DEBUG main            d.u.i.k.p.i.IntermediateProofReplayer Proof replay took 6.9ns 
82779      INFO  main            d.u.i.k.p.r.p.TestFile    ... finished proof: closed. 
83006      INFO  main            d.u.i.k.p.i.AbstractProblemLoader Loading environment from /home/runner/work/key/key/key.core/../key.ui/examples/heap/permissions/threads/AFilter_joinTransfer_accessible.key.proof 
83007      DEBUG main            d.u.i.k.p.i.AbstractProblemLoader Environment load took 853.7ns 
83008      INFO  main            d.u.i.k.p.i.AbstractProblemLoader Creating init config 
87377      DEBUG main            d.u.i.k.p.i.AbstractProblemLoader Init config took 4.37s 
87462      INFO  main            d.u.i.k.p.i.AbstractProblemLoader Replaying proof AFilter[ThreadSpec2::joinTransfer()].JML accessible clause.0 
87605      DEBUG main            d.u.i.k.p.i.IntermediateProofReplayer Proof replay took 136.47ms 
87606      DEBUG main            d.u.i.k.p.r.p.TestFile    ... success: reloaded. 
87609      INFO  main            d.u.i.k.p.r.p.TestFile    Now processing file /home/runner/work/key/key/key.core/../key.ui/examples/heap/permissions/threads/AFilter_joinTransfer_contract.key 
87609      INFO  main            d.u.i.k.p.i.AbstractProblemLoader Loading environment from /home/runner/work/key/key/key.core/../key.ui/examples/heap/permissions/threads/AFilter_joinTransfer_contract.key 
87609      DEBUG main            d.u.i.k.p.i.AbstractProblemLoader Environment load took 162.8ns 
87610      INFO  main            d.u.i.k.p.i.AbstractProblemLoader Creating init config 
92050      DEBUG main            d.u.i.k.p.i.AbstractProblemLoader Init config took 4.44s 
92137      INFO  main            d.u.i.k.p.i.AbstractProblemLoader Replaying proof AFilter[ThreadSpec2::joinTransfer()].JML model_behavior operation contract.0 
92139      DEBUG main            d.u.i.k.p.i.IntermediateProofReplayer Proof replay took 5.8ns 
92240      INFO  main            d.u.i.k.p.r.p.TestFile    ... finished proof: closed. 
92450      INFO  main            d.u.i.k.p.i.AbstractProblemLoader Loading environment from /home/runner/work/key/key/key.core/../key.ui/examples/heap/permissions/threads/AFilter_joinTransfer_contract.key.proof 
92450      DEBUG main            d.u.i.k.p.i.AbstractProblemLoader Environment load took 117.9ns 
92451      INFO  main            d.u.i.k.p.i.AbstractProblemLoader Creating init config 
96822      DEBUG main            d.u.i.k.p.i.AbstractProblemLoader Init config took 4.37s 
96925      INFO  main            d.u.i.k.p.i.AbstractProblemLoader Replaying proof AFilter[ThreadSpec2::joinTransfer()].JML model_behavior operation contract.0 
96934      DEBUG main            d.u.i.k.p.i.IntermediateProofReplayer Proof replay took 6.98ms 
96935      DEBUG main            d.u.i.k.p.r.p.TestFile    ... success: reloaded. 
96936      INFO  main            d.u.i.k.p.r.p.TestFile    Now processing file /home/runner/work/key/key/key.core/../key.ui/examples/heap/permissions/threads/AFilter_postJoin_accessible.key 
96936      INFO  main            d.u.i.k.p.i.AbstractProblemLoader Loading environment from /home/runner/work/key/key/key.core/../key.ui/examples/heap/permissions/threads/AFilter_postJoin_accessible.key 
96936      DEBUG main            d.u.i.k.p.i.AbstractProblemLoader Environment load took 85.8ns 
96937      INFO  main            d.u.i.k.p.i.AbstractProblemLoader Creating init config 
101391     DEBUG main            d.u.i.k.p.i.AbstractProblemLoader Init config took 4.45s 
101479     INFO  main            d.u.i.k.p.i.AbstractProblemLoader Replaying proof AFilter[ThreadSpec2::postJoin(java.lang.Object)].JML accessible clause.0 
101484     DEBUG main            d.u.i.k.p.i.IntermediateProofReplayer Proof replay took 6.6ns 
101585     INFO  main            d.u.i.k.p.r.p.TestFile    ... finished proof: closed. 
101809     INFO  main            d.u.i.k.p.i.AbstractProblemLoader Loading environment from /home/runner/work/key/key/key.core/../key.ui/examples/heap/permissions/threads/AFilter_postJoin_accessible.key.proof 
101809     DEBUG main            d.u.i.k.p.i.AbstractProblemLoader Environment load took 106.3ns 
101810     INFO  main            d.u.i.k.p.i.AbstractProblemLoader Creating init config 
106210     DEBUG main            d.u.i.k.p.i.AbstractProblemLoader Init config took 4.4s 
106301     INFO  main            d.u.i.k.p.i.AbstractProblemLoader Replaying proof AFilter[ThreadSpec2::postJoin(java.lang.Object)].JML accessible clause.0 
106310     DEBUG main            d.u.i.k.p.i.IntermediateProofReplayer Proof replay took 6.37ms 
106311     DEBUG main            d.u.i.k.p.r.p.TestFile    ... success: reloaded. 
106312     INFO  main            d.u.i.k.p.r.p.TestFile    Now processing file /home/runner/work/key/key/key.core/../key.ui/examples/heap/permissions/threads/AFilter_preStart_accessible.key 
106312     INFO  main            d.u.i.k.p.i.AbstractProblemLoader Loading environment from /home/runner/work/key/key/key.core/../key.ui/examples/heap/permissions/threads/AFilter_preStart_accessible.key 
106312     DEBUG main            d.u.i.k.p.i.AbstractProblemLoader Environment load took 81.9ns 
106313     INFO  main            d.u.i.k.p.i.AbstractProblemLoader Creating init config 
110736     DEBUG main            d.u.i.k.p.i.AbstractProblemLoader Init config took 4.42s 
110819     INFO  main            d.u.i.k.p.i.AbstractProblemLoader Replaying proof AFilter[ThreadSpec2::preStart(java.lang.Object)].JML accessible clause.0 
110821     DEBUG main            d.u.i.k.p.i.IntermediateProofReplayer Proof replay took 5.7ns 
111126     INFO  main            d.u.i.k.p.r.p.TestFile    ... finished proof: closed. 
111374     INFO  main            d.u.i.k.p.i.AbstractProblemLoader Loading environment from /home/runner/work/key/key/key.core/../key.ui/examples/heap/permissions/threads/AFilter_preStart_accessible.key.proof 
111374     DEBUG main            d.u.i.k.p.i.AbstractProblemLoader Environment load took 100.9ns 
111375     INFO  main            d.u.i.k.p.i.AbstractProblemLoader Creating init config 
115711     DEBUG main            d.u.i.k.p.i.AbstractProblemLoader Init config took 4.34s 
115804     INFO  main            d.u.i.k.p.i.AbstractProblemLoader Replaying proof AFilter[ThreadSpec2::preStart(java.lang.Object)].JML accessible clause.0 
115836     DEBUG main            d.u.i.k.p.i.IntermediateProofReplayer Proof replay took 29.87ms 
115837     DEBUG main            d.u.i.k.p.r.p.TestFile    ... success: reloaded. 
115838     INFO  main            d.u.i.k.p.r.p.TestFile    Now processing file /home/runner/work/key/key/key.core/../key.ui/examples/heap/permissions/threads/AFilter_startTransfer_accessible.key 
115839     INFO  main            d.u.i.k.p.i.AbstractProblemLoader Loading environment from /home/runner/work/key/key/key.core/../key.ui/examples/heap/permissions/threads/AFilter_startTransfer_accessible.key 
115839     DEBUG main            d.u.i.k.p.i.AbstractProblemLoader Environment load took 82.7ns 
115839     INFO  main            d.u.i.k.p.i.AbstractProblemLoader Creating init config 
120255     DEBUG main            d.u.i.k.p.i.AbstractProblemLoader Init config took 4.42s 
120351     INFO  main            d.u.i.k.p.i.AbstractProblemLoader Replaying proof AFilter[ThreadSpec2::startTransfer()].JML accessible clause.0 
120353     DEBUG main            d.u.i.k.p.i.IntermediateProofReplayer Proof replay took 15.7ns 
129499     INFO  main            d.u.i.k.p.r.p.TestFile    ... finished proof: closed. 
129781     INFO  main            d.u.i.k.p.i.AbstractProblemLoader Loading environment from /home/runner/work/key/key/key.core/../key.ui/examples/heap/permissions/threads/AFilter_startTransfer_accessible.key.proof 
129781     DEBUG main            d.u.i.k.p.i.AbstractProblemLoader Environment load took 334.9ns 
129783     INFO  main            d.u.i.k.p.i.AbstractProblemLoader Creating init config 
134170     DEBUG main            d.u.i.k.p.i.AbstractProblemLoader Init config took 4.39s 
134252     INFO  main            d.u.i.k.p.i.AbstractProblemLoader Replaying proof AFilter[ThreadSpec2::startTransfer()].JML accessible clause.0 
134986     DEBUG main            d.u.i.k.p.i.IntermediateProofReplayer Proof replay took 707.25ms 
134987     DEBUG main            d.u.i.k.p.r.p.TestFile    ... success: reloaded. 
134988     INFO  main            d.u.i.k.p.r.p.TestFile    Now processing file /home/runner/work/key/key/key.core/../key.ui/examples/heap/permissions/threads/AFilter_startTransfer_contract.key 
134988     INFO  main            d.u.i.k.p.i.AbstractProblemLoader Loading environment from /home/runner/work/key/key/key.core/../key.ui/examples/heap/permissions/threads/AFilter_startTransfer_contract.key 
134988     DEBUG main            d.u.i.k.p.i.AbstractProblemLoader Environment load took 78.2ns 
134989     INFO  main            d.u.i.k.p.i.AbstractProblemLoader Creating init config 
139409     DEBUG main            d.u.i.k.p.i.AbstractProblemLoader Init config took 4.42s 
139515     INFO  main            d.u.i.k.p.i.AbstractProblemLoader Replaying proof AFilter[ThreadSpec2::startTransfer()].JML model_behavior operation contract.0 
139516     DEBUG main            d.u.i.k.p.i.IntermediateProofReplayer Proof replay took 5.8ns 
139921     INFO  main            d.u.i.k.p.r.p.TestFile    ... finished proof: closed. 
140161     INFO  main            d.u.i.k.p.i.AbstractProblemLoader Loading environment from /home/runner/work/key/key/key.core/../key.ui/examples/heap/permissions/threads/AFilter_startTransfer_contract.key.proof 
140162     DEBUG main            d.u.i.k.p.i.AbstractProblemLoader Environment load took 105.4ns 
140162     INFO  main            d.u.i.k.p.i.AbstractProblemLoader Creating init config 
144498     DEBUG main            d.u.i.k.p.i.AbstractProblemLoader Init config took 4.34s 
144591     INFO  main            d.u.i.k.p.i.AbstractProblemLoader Replaying proof AFilter[ThreadSpec2::startTransfer()].JML model_behavior operation contract.0 
144635     DEBUG main            d.u.i.k.p.i.IntermediateProofReplayer Proof replay took 39.55ms 
144636     DEBUG main            d.u.i.k.p.r.p.TestFile    ... success: reloaded. 
144637     INFO  main            d.u.i.k.p.r.p.TestFile    Now processing file /home/runner/work/key/key/key.core/../key.ui/examples/heap/permissions/threads/AFilter_stateInv_accessible.key 
144637     INFO  main            d.u.i.k.p.i.AbstractProblemLoader Loading environment from /home/runner/work/key/key/key.core/../key.ui/examples/heap/permissions/threads/AFilter_stateInv_accessible.key 
144637     DEBUG main            d.u.i.k.p.i.AbstractProblemLoader Environment load took 97.4ns 
144638     INFO  main            d.u.i.k.p.i.AbstractProblemLoader Creating init config 
149021     DEBUG main            d.u.i.k.p.i.AbstractProblemLoader Init config took 4.38s 
149115     INFO  main            d.u.i.k.p.i.AbstractProblemLoader Replaying proof AFilter[ThreadSpec2::stateInv()].JML accessible clause.0 
149116     DEBUG main            d.u.i.k.p.i.IntermediateProofReplayer Proof replay took 5.8ns 
149418     INFO  main            d.u.i.k.p.r.p.TestFile    ... finished proof: closed. 
149658     INFO  main            d.u.i.k.p.i.AbstractProblemLoader Loading environment from /home/runner/work/key/key/key.core/../key.ui/examples/heap/permissions/threads/AFilter_stateInv_accessible.key.proof 
149659     DEBUG main            d.u.i.k.p.i.AbstractProblemLoader Environment load took 103.2ns 
149659     INFO  main            d.u.i.k.p.i.AbstractProblemLoader Creating init config 
153988     DEBUG main            d.u.i.k.p.i.AbstractProblemLoader Init config took 4.33s 
154070     INFO  main            d.u.i.k.p.i.AbstractProblemLoader Replaying proof AFilter[ThreadSpec2::stateInv()].JML accessible clause.0 
154105     DEBUG main            d.u.i.k.p.i.IntermediateProofReplayer Proof replay took 32.31ms 
154106     DEBUG main            d.u.i.k.p.r.p.TestFile    ... success: reloaded. 
154107     INFO  main            d.u.i.k.p.r.p.TestFile    Now processing file /home/runner/work/key/key/key.core/../key.ui/examples/heap/permissions/threads/AFilter_staticPermissions_accessible.key 
154107     INFO  main            d.u.i.k.p.i.AbstractProblemLoader Loading environment from /home/runner/work/key/key/key.core/../key.ui/examples/heap/permissions/threads/AFilter_staticPermissions_accessible.key 
154107     DEBUG main            d.u.i.k.p.i.AbstractProblemLoader Environment load took 108.5ns 
154108     INFO  main            d.u.i.k.p.i.AbstractProblemLoader Creating init config 
158515     DEBUG main            d.u.i.k.p.i.AbstractProblemLoader Init config took 4.41s 
158597     INFO  main            d.u.i.k.p.i.AbstractProblemLoader Replaying proof AFilter[ThreadSpec2::staticPermissions()].JML accessible clause.0 
158598     DEBUG main            d.u.i.k.p.i.IntermediateProofReplayer Proof replay took 5.6ns 
158700     INFO  main            d.u.i.k.p.r.p.TestFile    ... finished proof: closed. 
158949     INFO  main            d.u.i.k.p.i.AbstractProblemLoader Loading environment from /home/runner/work/key/key/key.core/../key.ui/examples/heap/permissions/threads/AFilter_staticPermissions_accessible.key.proof 
158949     DEBUG main            d.u.i.k.p.i.AbstractProblemLoader Environment load took 93.4ns 
158950     INFO  main            d.u.i.k.p.i.AbstractProblemLoader Creating init config 
163275     DEBUG main            d.u.i.k.p.i.AbstractProblemLoader Init config took 4.33s 
163357     INFO  main            d.u.i.k.p.i.AbstractProblemLoader Replaying proof AFilter[ThreadSpec2::staticPermissions()].JML accessible clause.0 
163367     DEBUG main            d.u.i.k.p.i.IntermediateProofReplayer Proof replay took 8.34ms 
163367     DEBUG main            d.u.i.k.p.r.p.TestFile    ... success: reloaded. 
163368     INFO  main            d.u.i.k.p.r.p.TestFile    Now processing file /home/runner/work/key/key/key.core/../key.ui/examples/heap/permissions/threads/AFilter_workingPermissions_accessible.key 
163369     INFO  main            d.u.i.k.p.i.AbstractProblemLoader Loading environment from /home/runner/work/key/key/key.core/../key.ui/examples/heap/permissions/threads/AFilter_workingPermissions_accessible.key 
163369     DEBUG main            d.u.i.k.p.i.AbstractProblemLoader Environment load took 118.2ns 
163370     INFO  main            d.u.i.k.p.i.AbstractProblemLoader Creating init config 
167758     DEBUG main            d.u.i.k.p.i.AbstractProblemLoader Init config took 4.39s 
167852     INFO  main            d.u.i.k.p.i.AbstractProblemLoader Replaying proof AFilter[ThreadSpec2::workingPermissions()].JML accessible clause.0 
167853     DEBUG main            d.u.i.k.p.i.IntermediateProofReplayer Proof replay took 6.2ns 
167955     INFO  main            d.u.i.k.p.r.p.TestFile    ... finished proof: closed. 
168197     INFO  main            d.u.i.k.p.i.AbstractProblemLoader Loading environment from /home/runner/work/key/key/key.core/../key.ui/examples/heap/permissions/threads/AFilter_workingPermissions_accessible.key.proof 
168197     DEBUG main            d.u.i.k.p.i.AbstractProblemLoader Environment load took 93.3ns 
168198     INFO  main            d.u.i.k.p.i.AbstractProblemLoader Creating init config 
172530     DEBUG main            d.u.i.k.p.i.AbstractProblemLoader Init config took 4.33s 
172611     INFO  main            d.u.i.k.p.i.AbstractProblemLoader Replaying proof AFilter[ThreadSpec2::workingPermissions()].JML accessible clause.0 
172620     DEBUG main            d.u.i.k.p.i.IntermediateProofReplayer Proof replay took 7.28ms 
172621     DEBUG main            d.u.i.k.p.r.p.TestFile    ... success: reloaded. 
172622     INFO  main            d.u.i.k.p.r.p.TestFile    Now processing file /home/runner/work/key/key/key.core/../key.ui/examples/heap/permissions/threads/BFilter_BFilter.key 
172622     INFO  main            d.u.i.k.p.i.AbstractProblemLoader Loading environment from /home/runner/work/key/key/key.core/../key.ui/examples/heap/permissions/threads/BFilter_BFilter.key 
172622     DEBUG main            d.u.i.k.p.i.AbstractProblemLoader Environment load took 143.6ns 
172623     INFO  main            d.u.i.k.p.i.AbstractProblemLoader Creating init config 
177037     DEBUG main            d.u.i.k.p.i.AbstractProblemLoader Init config took 4.41s 
177119     INFO  main            d.u.i.k.p.i.AbstractProblemLoader Replaying proof BFilter[BFilter::BFilter(Sampler,Buffer)].JML normal_behavior operation contract.0 
177121     DEBUG main            d.u.i.k.p.i.IntermediateProofReplayer Proof replay took 5.6ns 
178032     INFO  main            d.u.i.k.p.r.p.TestFile    ... finished proof: closed. 
178317     INFO  main            d.u.i.k.p.i.AbstractProblemLoader Loading environment from /home/runner/work/key/key/key.core/../key.ui/examples/heap/permissions/threads/BFilter_BFilter.key.proof 
178317     DEBUG main            d.u.i.k.p.i.AbstractProblemLoader Environment load took 99.6ns 
178318     INFO  main            d.u.i.k.p.i.AbstractProblemLoader Creating init config 
182680     DEBUG main            d.u.i.k.p.i.AbstractProblemLoader Init config took 4.36s 
182794     INFO  main            d.u.i.k.p.i.AbstractProblemLoader Replaying proof BFilter[BFilter::BFilter(Sampler,Buffer)].JML normal_behavior operation contract.0 
182928     DEBUG main            d.u.i.k.p.i.IntermediateProofReplayer Proof replay took 129.96ms 
182929     DEBUG main            d.u.i.k.p.r.p.TestFile    ... success: reloaded. 
182931     INFO  main            d.u.i.k.p.r.p.TestFile    Now processing file /home/runner/work/key/key/key.core/../key.ui/examples/heap/permissions/threads/BFilter_initPost_accessible.key 
182931     INFO  main            d.u.i.k.p.i.AbstractProblemLoader Loading environment from /home/runner/work/key/key/key.core/../key.ui/examples/heap/permissions/threads/BFilter_initPost_accessible.key 
182931     DEBUG main            d.u.i.k.p.i.AbstractProblemLoader Environment load took 195ns 
182932     INFO  main            d.u.i.k.p.i.AbstractProblemLoader Creating init config 
187341     DEBUG main            d.u.i.k.p.i.AbstractProblemLoader Init config took 4.41s 
187423     INFO  main            d.u.i.k.p.i.AbstractProblemLoader Replaying proof BFilter[ThreadSpec2::initPost()].JML accessible clause.0 
187424     DEBUG main            d.u.i.k.p.i.IntermediateProofReplayer Proof replay took 5.7ns 
187526     INFO  main            d.u.i.k.p.r.p.TestFile    ... finished proof: closed. 
187783     INFO  main            d.u.i.k.p.i.AbstractProblemLoader Loading environment from /home/runner/work/key/key/key.core/../key.ui/examples/heap/permissions/threads/BFilter_initPost_accessible.key.proof 
187783     DEBUG main            d.u.i.k.p.i.AbstractProblemLoader Environment load took 93.7ns 
187784     INFO  main            d.u.i.k.p.i.AbstractProblemLoader Creating init config 
192112     DEBUG main            d.u.i.k.p.i.AbstractProblemLoader Init config took 4.33s 
192194     INFO  main            d.u.i.k.p.i.AbstractProblemLoader Replaying proof BFilter[ThreadSpec2::initPost()].JML accessible clause.0 
192204     DEBUG main            d.u.i.k.p.i.IntermediateProofReplayer Proof replay took 8.92ms 
192205     DEBUG main            d.u.i.k.p.r.p.TestFile    ... success: reloaded. 
192206     INFO  main            d.u.i.k.p.r.p.TestFile    Now processing file /home/runner/work/key/key/key.core/../key.ui/examples/heap/permissions/threads/BFilter_inv_accessible1.key 
192206     INFO  main            d.u.i.k.p.i.AbstractProblemLoader Loading environment from /home/runner/work/key/key/key.core/../key.ui/examples/heap/permissions/threads/BFilter_inv_accessible1.key 
192206     DEBUG main            d.u.i.k.p.i.AbstractProblemLoader Environment load took 71.3ns 
192207     INFO  main            d.u.i.k.p.i.AbstractProblemLoader Creating init config 
196585     DEBUG main            d.u.i.k.p.i.AbstractProblemLoader Init config took 4.38s 
196667     INFO  main            d.u.i.k.p.i.AbstractProblemLoader Replaying proof BFilter[java.lang.Object::<inv>()].JML accessible clause.0 
196668     DEBUG main            d.u.i.k.p.i.IntermediateProofReplayer Proof replay took 5.8ns 
196769     INFO  main            d.u.i.k.p.r.p.TestFile    ... finished proof: closed. 
197027     INFO  main            d.u.i.k.p.i.AbstractProblemLoader Loading environment from /home/runner/work/key/key/key.core/../key.ui/examples/heap/permissions/threads/BFilter_inv_accessible1.key.proof 
197027     DEBUG main            d.u.i.k.p.i.AbstractProblemLoader Environment load took 94.5ns 
197028     INFO  main            d.u.i.k.p.i.AbstractProblemLoader Creating init config 
201348     DEBUG main            d.u.i.k.p.i.AbstractProblemLoader Init config took 4.32s 
201429     INFO  main            d.u.i.k.p.i.AbstractProblemLoader Replaying proof BFilter[java.lang.Object::<inv>()].JML accessible clause.0 
201432     DEBUG main            d.u.i.k.p.i.IntermediateProofReplayer Proof replay took 1.72ms 
201433     DEBUG main            d.u.i.k.p.r.p.TestFile    ... success: reloaded. 
201434     INFO  main            d.u.i.k.p.r.p.TestFile    Now processing file /home/runner/work/key/key/key.core/../key.ui/examples/heap/permissions/threads/BFilter_inv_accessible2.key 
201434     INFO  main            d.u.i.k.p.i.AbstractProblemLoader Loading environment from /home/runner/work/key/key/key.core/../key.ui/examples/heap/permissions/threads/BFilter_inv_accessible2.key 
201434     DEBUG main            d.u.i.k.p.i.AbstractProblemLoader Environment load took 59.7ns 
201435     INFO  main            d.u.i.k.p.i.AbstractProblemLoader Creating init config 
205850     DEBUG main            d.u.i.k.p.i.AbstractProblemLoader Init config took 4.42s 
205933     INFO  main            d.u.i.k.p.i.AbstractProblemLoader Replaying proof BFilter[java.lang.Object::<inv>()].JML accessible clause.1 
205934     DEBUG main            d.u.i.k.p.i.IntermediateProofReplayer Proof replay took 5.5ns 
206039     INFO  main            d.u.i.k.p.r.p.TestFile    ... finished proof: closed. 
206320     INFO  main            d.u.i.k.p.i.AbstractProblemLoader Loading environment from /home/runner/work/key/key/key.core/../key.ui/examples/heap/permissions/threads/BFilter_inv_accessible2.key.proof 
206320     DEBUG main            d.u.i.k.p.i.AbstractProblemLoader Environment load took 90.2ns 
206320     INFO  main            d.u.i.k.p.i.AbstractProblemLoader Creating init config 
210685     DEBUG main            d.u.i.k.p.i.AbstractProblemLoader Init config took 4.36s 
210766     INFO  main            d.u.i.k.p.i.AbstractProblemLoader Replaying proof BFilter[java.lang.Object::<inv>()].JML accessible clause.1 
210769     DEBUG main            d.u.i.k.p.i.IntermediateProofReplayer Proof replay took 1.6ms 
210770     DEBUG main            d.u.i.k.p.r.p.TestFile    ... success: reloaded. 
210771     INFO  main            d.u.i.k.p.r.p.TestFile    Now processing file /home/runner/work/key/key/key.core/../key.ui/examples/heap/permissions/threads/BFilter_joinTransfer_accessible.key 
210771     INFO  main            d.u.i.k.p.i.AbstractProblemLoader Loading environment from /home/runner/work/key/key/key.core/../key.ui/examples/heap/permissions/threads/BFilter_joinTransfer_accessible.key 
210771     DEBUG main            d.u.i.k.p.i.AbstractProblemLoader Environment load took 58.1ns 
210771     INFO  main            d.u.i.k.p.i.AbstractProblemLoader Creating init config 
215180     DEBUG main            d.u.i.k.p.i.AbstractProblemLoader Init config took 4.41s 
215261     INFO  main            d.u.i.k.p.i.AbstractProblemLoader Replaying proof BFilter[ThreadSpec2::joinTransfer()].JML accessible clause.0 
215263     DEBUG main            d.u.i.k.p.i.IntermediateProofReplayer Proof replay took 6ns 
216276     INFO  main            d.u.i.k.p.r.p.TestFile    ... finished proof: closed. 
216560     INFO  main            d.u.i.k.p.i.AbstractProblemLoader Loading environment from /home/runner/work/key/key/key.core/../key.ui/examples/heap/permissions/threads/BFilter_joinTransfer_accessible.key.proof 
216560     DEBUG main            d.u.i.k.p.i.AbstractProblemLoader Environment load took 94.9ns 
216561     INFO  main            d.u.i.k.p.i.AbstractProblemLoader Creating init config 
220932     DEBUG main            d.u.i.k.p.i.AbstractProblemLoader Init config took 4.37s 
221028     INFO  main            d.u.i.k.p.i.AbstractProblemLoader Replaying proof BFilter[ThreadSpec2::joinTransfer()].JML accessible clause.0 
221130     DEBUG main            d.u.i.k.p.i.IntermediateProofReplayer Proof replay took 96.32ms 
221131     DEBUG main            d.u.i.k.p.r.p.TestFile    ... success: reloaded. 
221132     INFO  main            d.u.i.k.p.r.p.TestFile    Now processing file /home/runner/work/key/key/key.core/../key.ui/examples/heap/permissions/threads/BFilter_joinTransfer_contract.key 
221132     INFO  main            d.u.i.k.p.i.AbstractProblemLoader Loading environment from /home/runner/work/key/key/key.core/../key.ui/examples/heap/permissions/threads/BFilter_joinTransfer_contract.key 
221132     DEBUG main            d.u.i.k.p.i.AbstractProblemLoader Environment load took 74.4ns 
221133     INFO  main            d.u.i.k.p.i.AbstractProblemLoader Creating init config 
225563     DEBUG main            d.u.i.k.p.i.AbstractProblemLoader Init config took 4.43s 
225646     INFO  main            d.u.i.k.p.i.AbstractProblemLoader Replaying proof BFilter[ThreadSpec2::joinTransfer()].JML model_behavior operation contract.0 
225647     DEBUG main            d.u.i.k.p.i.IntermediateProofReplayer Proof replay took 6.4ns 
225748     INFO  main            d.u.i.k.p.r.p.TestFile    ... finished proof: closed. 
226036     INFO  main            d.u.i.k.p.i.AbstractProblemLoader Loading environment from /home/runner/work/key/key/key.core/../key.ui/examples/heap/permissions/threads/BFilter_joinTransfer_contract.key.proof 
226036     DEBUG main            d.u.i.k.p.i.AbstractProblemLoader Environment load took 90.6ns 
226037     INFO  main            d.u.i.k.p.i.AbstractProblemLoader Creating init config 
230366     DEBUG main            d.u.i.k.p.i.AbstractProblemLoader Init config took 4.33s 
230465     INFO  main            d.u.i.k.p.i.AbstractProblemLoader Replaying proof BFilter[ThreadSpec2::joinTransfer()].JML model_behavior operation contract.0 
230473     DEBUG main            d.u.i.k.p.i.IntermediateProofReplayer Proof replay took 6.54ms 
230474     DEBUG main            d.u.i.k.p.r.p.TestFile    ... success: reloaded. 
230475     INFO  main            d.u.i.k.p.r.p.TestFile    Now processing file /home/runner/work/key/key/key.core/../key.ui/examples/heap/permissions/threads/BFilter_postJoin_accessible.key 
230475     INFO  main            d.u.i.k.p.i.AbstractProblemLoader Loading environment from /home/runner/work/key/key/key.core/../key.ui/examples/heap/permissions/threads/BFilter_postJoin_accessible.key 
230476     DEBUG main            d.u.i.k.p.i.AbstractProblemLoader Environment load took 138ns 
230477     INFO  main            d.u.i.k.p.i.AbstractProblemLoader Creating init config 
234885     DEBUG main            d.u.i.k.p.i.AbstractProblemLoader Init config took 4.41s 
234966     INFO  main            d.u.i.k.p.i.AbstractProblemLoader Replaying proof BFilter[ThreadSpec2::postJoin(java.lang.Object)].JML accessible clause.0 
234967     DEBUG main            d.u.i.k.p.i.IntermediateProofReplayer Proof replay took 7.2ns 
235070     INFO  main            d.u.i.k.p.r.p.TestFile    ... finished proof: closed. 
235403     INFO  main            d.u.i.k.p.i.AbstractProblemLoader Loading environment from /home/runner/work/key/key/key.core/../key.ui/examples/heap/permissions/threads/BFilter_postJoin_accessible.key.proof 
235403     DEBUG main            d.u.i.k.p.i.AbstractProblemLoader Environment load took 82.3ns 
235404     INFO  main            d.u.i.k.p.i.AbstractProblemLoader Creating init config 
239735     DEBUG main            d.u.i.k.p.i.AbstractProblemLoader Init config took 4.33s 
239825     INFO  main            d.u.i.k.p.i.AbstractProblemLoader Replaying proof BFilter[ThreadSpec2::postJoin(java.lang.Object)].JML accessible clause.0 
239832     DEBUG main            d.u.i.k.p.i.IntermediateProofReplayer Proof replay took 5.58ms 
239833     DEBUG main            d.u.i.k.p.r.p.TestFile    ... success: reloaded. 
239834     INFO  main            d.u.i.k.p.r.p.TestFile    Now processing file /home/runner/work/key/key/key.core/../key.ui/examples/heap/permissions/threads/BFilter_preStart_accessible.key 
239834     INFO  main            d.u.i.k.p.i.AbstractProblemLoader Loading environment from /home/runner/work/key/key/key.core/../key.ui/examples/heap/permissions/threads/BFilter_preStart_accessible.key 
239834     DEBUG main            d.u.i.k.p.i.AbstractProblemLoader Environment load took 77.5ns 
239835     INFO  main            d.u.i.k.p.i.AbstractProblemLoader Creating init config 
244214     DEBUG main            d.u.i.k.p.i.AbstractProblemLoader Init config took 4.38s 
244306     INFO  main            d.u.i.k.p.i.AbstractProblemLoader Replaying proof BFilter[ThreadSpec2::preStart(java.lang.Object)].JML accessible clause.0 
244307     DEBUG main            d.u.i.k.p.i.IntermediateProofReplayer Proof replay took 6ns 
244609     INFO  main            d.u.i.k.p.r.p.TestFile    ... finished proof: closed. 
244909     INFO  main            d.u.i.k.p.i.AbstractProblemLoader Loading environment from /home/runner/work/key/key/key.core/../key.ui/examples/heap/permissions/threads/BFilter_preStart_accessible.key.proof 
244909     DEBUG main            d.u.i.k.p.i.AbstractProblemLoader Environment load took 83.5ns 
244911     INFO  main            d.u.i.k.p.i.AbstractProblemLoader Creating init config 
249244     DEBUG main            d.u.i.k.p.i.AbstractProblemLoader Init config took 4.33s 
249324     INFO  main            d.u.i.k.p.i.AbstractProblemLoader Replaying proof BFilter[ThreadSpec2::preStart(java.lang.Object)].JML accessible clause.0 
249352     DEBUG main            d.u.i.k.p.i.IntermediateProofReplayer Proof replay took 25.54ms 
249353     DEBUG main            d.u.i.k.p.r.p.TestFile    ... success: reloaded. 
249354     INFO  main            d.u.i.k.p.r.p.TestFile    Now processing file /home/runner/work/key/key/key.core/../key.ui/examples/heap/permissions/threads/BFilter_startTransfer_accessible.key 
249354     INFO  main            d.u.i.k.p.i.AbstractProblemLoader Loading environment from /home/runner/work/key/key/key.core/../key.ui/examples/heap/permissions/threads/BFilter_startTransfer_accessible.key 
249354     DEBUG main            d.u.i.k.p.i.AbstractProblemLoader Environment load took 67.8ns 
249355     INFO  main            d.u.i.k.p.i.AbstractProblemLoader Creating init config 
253768     DEBUG main            d.u.i.k.p.i.AbstractProblemLoader Init config took 4.41s 
253847     INFO  main            d.u.i.k.p.i.AbstractProblemLoader Replaying proof BFilter[ThreadSpec2::startTransfer()].JML accessible clause.0 
253850     DEBUG main            d.u.i.k.p.i.IntermediateProofReplayer Proof replay took 5.7ns 
263293     INFO  main            d.u.i.k.p.r.p.TestFile    ... finished proof: closed. 
263614     INFO  main            d.u.i.k.p.i.AbstractProblemLoader Loading environment from /home/runner/work/key/key/key.core/../key.ui/examples/heap/permissions/threads/BFilter_startTransfer_accessible.key.proof 
263615     DEBUG main            d.u.i.k.p.i.AbstractProblemLoader Environment load took 311.9ns 
263616     INFO  main            d.u.i.k.p.i.AbstractProblemLoader Creating init config 
267934     DEBUG main            d.u.i.k.p.i.AbstractProblemLoader Init config took 4.32s 
268015     INFO  main            d.u.i.k.p.i.AbstractProblemLoader Replaying proof BFilter[ThreadSpec2::startTransfer()].JML accessible clause.0 
268755     DEBUG main            d.u.i.k.p.i.IntermediateProofReplayer Proof replay took 720.8ms 
268757     DEBUG main            d.u.i.k.p.r.p.TestFile    ... success: reloaded. 
268757     INFO  main            d.u.i.k.p.r.p.TestFile    Now processing file /home/runner/work/key/key/key.core/../key.ui/examples/heap/permissions/threads/BFilter_startTransfer_contract.key 
268758     INFO  main            d.u.i.k.p.i.AbstractProblemLoader Loading environment from /home/runner/work/key/key/key.core/../key.ui/examples/heap/permissions/threads/BFilter_startTransfer_contract.key 
268758     DEBUG main            d.u.i.k.p.i.AbstractProblemLoader Environment load took 47.6ns 
268758     INFO  main            d.u.i.k.p.i.AbstractProblemLoader Creating init config 
273173     DEBUG main            d.u.i.k.p.i.AbstractProblemLoader Init config took 4.41s 
273254     INFO  main            d.u.i.k.p.i.AbstractProblemLoader Replaying proof BFilter[ThreadSpec2::startTransfer()].JML model_behavior operation contract.0 
273255     DEBUG main            d.u.i.k.p.i.IntermediateProofReplayer Proof replay took 5.9ns 
274265     INFO  main            d.u.i.k.p.r.p.TestFile    ... finished proof: closed. 
274559     INFO  main            d.u.i.k.p.i.AbstractProblemLoader Loading environment from /home/runner/work/key/key/key.core/../key.ui/examples/heap/permissions/threads/BFilter_startTransfer_contract.key.proof 
274559     DEBUG main            d.u.i.k.p.i.AbstractProblemLoader Environment load took 140.1ns 
274560     INFO  main            d.u.i.k.p.i.AbstractProblemLoader Creating init config 
278869     DEBUG main            d.u.i.k.p.i.AbstractProblemLoader Init config took 4.31s 
278951     INFO  main            d.u.i.k.p.i.AbstractProblemLoader Replaying proof BFilter[ThreadSpec2::startTransfer()].JML model_behavior operation contract.0 
279050     DEBUG main            d.u.i.k.p.i.IntermediateProofReplayer Proof replay took 79.68ms 
279051     DEBUG main            d.u.i.k.p.r.p.TestFile    ... success: reloaded. 
279051     INFO  main            d.u.i.k.p.r.p.TestFile    Now processing file /home/runner/work/key/key/key.core/../key.ui/examples/heap/permissions/threads/BFilter_stateInv_accessible.key 
279052     INFO  main            d.u.i.k.p.i.AbstractProblemLoader Loading environment from /home/runner/work/key/key/key.core/../key.ui/examples/heap/permissions/threads/BFilter_stateInv_accessible.key 
279052     DEBUG main            d.u.i.k.p.i.AbstractProblemLoader Environment load took 55.1ns 
279052     INFO  main            d.u.i.k.p.i.AbstractProblemLoader Creating init config 
283423     DEBUG main            d.u.i.k.p.i.AbstractProblemLoader Init config took 4.37s 
283503     INFO  main            d.u.i.k.p.i.AbstractProblemLoader Replaying proof BFilter[ThreadSpec2::stateInv()].JML accessible clause.0 
283505     DEBUG main            d.u.i.k.p.i.IntermediateProofReplayer Proof replay took 5.8ns 
283807     INFO  main            d.u.i.k.p.r.p.TestFile    ... finished proof: closed. 
284124     INFO  main            d.u.i.k.p.i.AbstractProblemLoader Loading environment from /home/runner/work/key/key/key.core/../key.ui/examples/heap/permissions/threads/BFilter_stateInv_accessible.key.proof 
284124     DEBUG main            d.u.i.k.p.i.AbstractProblemLoader Environment load took 85.9ns 
284125     INFO  main            d.u.i.k.p.i.AbstractProblemLoader Creating init config 
288436     DEBUG main            d.u.i.k.p.i.AbstractProblemLoader Init config took 4.31s 
288533     INFO  main            d.u.i.k.p.i.AbstractProblemLoader Replaying proof BFilter[ThreadSpec2::stateInv()].JML accessible clause.0 
288567     DEBUG main            d.u.i.k.p.i.IntermediateProofReplayer Proof replay took 30.91ms 
288567     DEBUG main            d.u.i.k.p.r.p.TestFile    ... success: reloaded. 
288568     INFO  main            d.u.i.k.p.r.p.TestFile    Now processing file /home/runner/work/key/key/key.core/../key.ui/examples/heap/permissions/threads/BFilter_staticPermissions_accessible.key 
288568     INFO  main            d.u.i.k.p.i.AbstractProblemLoader Loading environment from /home/runner/work/key/key/key.core/../key.ui/examples/heap/permissions/threads/BFilter_staticPermissions_accessible.key 
288568     DEBUG main            d.u.i.k.p.i.AbstractProblemLoader Environment load took 66.2ns 
288569     INFO  main            d.u.i.k.p.i.AbstractProblemLoader Creating init config 
292940     DEBUG main            d.u.i.k.p.i.AbstractProblemLoader Init config took 4.37s 
293022     INFO  main            d.u.i.k.p.i.AbstractProblemLoader Replaying proof BFilter[ThreadSpec2::staticPermissions()].JML accessible clause.0 
293023     DEBUG main            d.u.i.k.p.i.IntermediateProofReplayer Proof replay took 6.3ns 
293125     INFO  main            d.u.i.k.p.r.p.TestFile    ... finished proof: closed. 
293438     INFO  main            d.u.i.k.p.i.AbstractProblemLoader Loading environment from /home/runner/work/key/key/key.core/../key.ui/examples/heap/permissions/threads/BFilter_staticPermissions_accessible.key.proof 
293439     DEBUG main            d.u.i.k.p.i.AbstractProblemLoader Environment load took 88.5ns 
293439     INFO  main            d.u.i.k.p.i.AbstractProblemLoader Creating init config 
297763     DEBUG main            d.u.i.k.p.i.AbstractProblemLoader Init config took 4.32s 
297844     INFO  main            d.u.i.k.p.i.AbstractProblemLoader Replaying proof BFilter[ThreadSpec2::staticPermissions()].JML accessible clause.0 
297853     DEBUG main            d.u.i.k.p.i.IntermediateProofReplayer Proof replay took 7.68ms 
297854     DEBUG main            d.u.i.k.p.r.p.TestFile    ... success: reloaded. 
297854     INFO  main            d.u.i.k.p.r.p.TestFile    Now processing file /home/runner/work/key/key/key.core/../key.ui/examples/heap/permissions/threads/BFilter_workingPermissions_accessible.key 
297855     INFO  main            d.u.i.k.p.i.AbstractProblemLoader Loading environment from /home/runner/work/key/key/key.core/../key.ui/examples/heap/permissions/threads/BFilter_workingPermissions_accessible.key 
297855     DEBUG main            d.u.i.k.p.i.AbstractProblemLoader Environment load took 71.4ns 
297855     INFO  main            d.u.i.k.p.i.AbstractProblemLoader Creating init config 
302304     DEBUG main            d.u.i.k.p.i.AbstractProblemLoader Init config took 4.45s 
302397     INFO  main            d.u.i.k.p.i.AbstractProblemLoader Replaying proof BFilter[ThreadSpec2::workingPermissions()].JML accessible clause.0 
302398     DEBUG main            d.u.i.k.p.i.IntermediateProofReplayer Proof replay took 5.8ns 
302500     INFO  main            d.u.i.k.p.r.p.TestFile    ... finished proof: closed. 
302821     INFO  main            d.u.i.k.p.i.AbstractProblemLoader Loading environment from /home/runner/work/key/key/key.core/../key.ui/examples/heap/permissions/threads/BFilter_workingPermissions_accessible.key.proof 
302821     DEBUG main            d.u.i.k.p.i.AbstractProblemLoader Environment load took 86.1ns 
302822     INFO  main            d.u.i.k.p.i.AbstractProblemLoader Creating init config 
307147     DEBUG main            d.u.i.k.p.i.AbstractProblemLoader Init config took 4.32s 
307227     INFO  main            d.u.i.k.p.i.AbstractProblemLoader Replaying proof BFilter[ThreadSpec2::workingPermissions()].JML accessible clause.0 
307235     DEBUG main            d.u.i.k.p.i.IntermediateProofReplayer Proof replay took 6.65ms 
307236     DEBUG main            d.u.i.k.p.r.p.TestFile    ... success: reloaded. 
307237     INFO  main            d.u.i.k.p.r.p.TestFile    Now processing file /home/runner/work/key/key/key.core/../key.ui/examples/heap/permissions/threads/Fib_Fib.key 
307237     INFO  main            d.u.i.k.p.i.AbstractProblemLoader Loading environment from /home/runner/work/key/key/key.core/../key.ui/examples/heap/permissions/threads/Fib_Fib.key 
307237     DEBUG main            d.u.i.k.p.i.AbstractProblemLoader Environment load took 67.3ns 
307238     INFO  main            d.u.i.k.p.i.AbstractProblemLoader Creating init config 
311628     DEBUG main            d.u.i.k.p.i.AbstractProblemLoader Init config took 4.39s 
311709     INFO  main            d.u.i.k.p.i.AbstractProblemLoader Replaying proof Fib[Fib::Fib(int)].JML normal_behavior operation contract.0 
311710     DEBUG main            d.u.i.k.p.i.IntermediateProofReplayer Proof replay took 6ns 
312312     INFO  main            d.u.i.k.p.r.p.TestFile    ... finished proof: closed. 
312651     INFO  main            d.u.i.k.p.i.AbstractProblemLoader Loading environment from /home/runner/work/key/key/key.core/../key.ui/examples/heap/permissions/threads/Fib_Fib.key.proof 
312651     DEBUG main            d.u.i.k.p.i.AbstractProblemLoader Environment load took 84.8ns 
312652     INFO  main            d.u.i.k.p.i.AbstractProblemLoader Creating init config 
316980     DEBUG main            d.u.i.k.p.i.AbstractProblemLoader Init config took 4.33s 
317060     INFO  main            d.u.i.k.p.i.AbstractProblemLoader Replaying proof Fib[Fib::Fib(int)].JML normal_behavior operation contract.0 
317169     DEBUG main            d.u.i.k.p.i.IntermediateProofReplayer Proof replay took 106.65ms 
317171     DEBUG main            d.u.i.k.p.r.p.TestFile    ... success: reloaded. 
317172     INFO  main            d.u.i.k.p.r.p.TestFile    Now processing file /home/runner/work/key/key/key.core/../key.ui/examples/heap/permissions/threads/Fib_initPost_accessible.key 
317172     INFO  main            d.u.i.k.p.i.AbstractProblemLoader Loading environment from /home/runner/work/key/key/key.core/../key.ui/examples/heap/permissions/threads/Fib_initPost_accessible.key 
317172     DEBUG main            d.u.i.k.p.i.AbstractProblemLoader Environment load took 85.2ns 
317173     INFO  main            d.u.i.k.p.i.AbstractProblemLoader Creating init config 
321569     DEBUG main            d.u.i.k.p.i.AbstractProblemLoader Init config took 4.4s 
321649     INFO  main            d.u.i.k.p.i.AbstractProblemLoader Replaying proof Fib[ThreadSpec::initPost()].JML accessible clause.0 
321651     DEBUG main            d.u.i.k.p.i.IntermediateProofReplayer Proof replay took 5.4ns 
321755     INFO  main            d.u.i.k.p.r.p.TestFile    ... finished proof: closed. 
322089     INFO  main            d.u.i.k.p.i.AbstractProblemLoader Loading environment from /home/runner/work/key/key/key.core/../key.ui/examples/heap/permissions/threads/Fib_initPost_accessible.key.proof 
322089     DEBUG main            d.u.i.k.p.i.AbstractProblemLoader Environment load took 83.2ns 
322090     INFO  main            d.u.i.k.p.i.AbstractProblemLoader Creating init config 
326413     DEBUG main            d.u.i.k.p.i.AbstractProblemLoader Init config took 4.32s 
326493     INFO  main            d.u.i.k.p.i.AbstractProblemLoader Replaying proof Fib[ThreadSpec::initPost()].JML accessible clause.0 
326498     DEBUG main            d.u.i.k.p.i.IntermediateProofReplayer Proof replay took 4.24ms 
326499     DEBUG main            d.u.i.k.p.r.p.TestFile    ... success: reloaded. 
326500     INFO  main            d.u.i.k.p.r.p.TestFile    Now processing file /home/runner/work/key/key/key.core/../key.ui/examples/heap/permissions/threads/Fib_inv1_accessible.key 
326500     INFO  main            d.u.i.k.p.i.AbstractProblemLoader Loading environment from /home/runner/work/key/key/key.core/../key.ui/examples/heap/permissions/threads/Fib_inv1_accessible.key 
326500     DEBUG main            d.u.i.k.p.i.AbstractProblemLoader Environment load took 73.3ns 
326501     INFO  main            d.u.i.k.p.i.AbstractProblemLoader Creating init config 
330842     DEBUG main            d.u.i.k.p.i.AbstractProblemLoader Init config took 4.34s 
330926     INFO  main            d.u.i.k.p.i.AbstractProblemLoader Replaying proof Fib[java.lang.Object::<inv>()].JML accessible clause.0 
330927     DEBUG main            d.u.i.k.p.i.IntermediateProofReplayer Proof replay took 5.4ns 
331029     INFO  main            d.u.i.k.p.r.p.TestFile    ... finished proof: closed. 
331389     INFO  main            d.u.i.k.p.i.AbstractProblemLoader Loading environment from /home/runner/work/key/key/key.core/../key.ui/examples/heap/permissions/threads/Fib_inv1_accessible.key.proof 
331389     DEBUG main            d.u.i.k.p.i.AbstractProblemLoader Environment load took 79.9ns 
331390     INFO  main            d.u.i.k.p.i.AbstractProblemLoader Creating init config 
335714     DEBUG main            d.u.i.k.p.i.AbstractProblemLoader Init config took 4.32s 
335805     INFO  main            d.u.i.k.p.i.AbstractProblemLoader Replaying proof Fib[java.lang.Object::<inv>()].JML accessible clause.0 
335807     DEBUG main            d.u.i.k.p.i.IntermediateProofReplayer Proof replay took 1.45ms 
335808     DEBUG main            d.u.i.k.p.r.p.TestFile    ... success: reloaded. 
335809     INFO  main            d.u.i.k.p.r.p.TestFile    Now processing file /home/runner/work/key/key/key.core/../key.ui/examples/heap/permissions/threads/Fib_inv2_accessible.key 
335809     INFO  main            d.u.i.k.p.i.AbstractProblemLoader Loading environment from /home/runner/work/key/key/key.core/../key.ui/examples/heap/permissions/threads/Fib_inv2_accessible.key 
335809     DEBUG main            d.u.i.k.p.i.AbstractProblemLoader Environment load took 65.3ns 
335810     INFO  main            d.u.i.k.p.i.AbstractProblemLoader Creating init config 
340144     DEBUG main            d.u.i.k.p.i.AbstractProblemLoader Init config took 4.33s 
340224     INFO  main            d.u.i.k.p.i.AbstractProblemLoader Replaying proof Fib[java.lang.Object::<inv>()].JML accessible clause.1 
340225     DEBUG main            d.u.i.k.p.i.IntermediateProofReplayer Proof replay took 6.5ns 
340326     INFO  main            d.u.i.k.p.r.p.TestFile    ... finished proof: closed. 
340673     INFO  main            d.u.i.k.p.i.AbstractProblemLoader Loading environment from /home/runner/work/key/key/key.core/../key.ui/examples/heap/permissions/threads/Fib_inv2_accessible.key.proof 
340673     DEBUG main            d.u.i.k.p.i.AbstractProblemLoader Environment load took 81.4ns 
340674     INFO  main            d.u.i.k.p.i.AbstractProblemLoader Creating init config 
344952     DEBUG main            d.u.i.k.p.i.AbstractProblemLoader Init config took 4.28s 
345031     INFO  main            d.u.i.k.p.i.AbstractProblemLoader Replaying proof Fib[java.lang.Object::<inv>()].JML accessible clause.1 
345034     DEBUG main            d.u.i.k.p.i.IntermediateProofReplayer Proof replay took 1.45ms 
345034     DEBUG main            d.u.i.k.p.r.p.TestFile    ... success: reloaded. 
345035     INFO  main            d.u.i.k.p.r.p.TestFile    Now processing file /home/runner/work/key/key/key.core/../key.ui/examples/heap/permissions/threads/Fib_joinTransfer_accessible.key 
345035     INFO  main            d.u.i.k.p.i.AbstractProblemLoader Loading environment from /home/runner/work/key/key/key.core/../key.ui/examples/heap/permissions/threads/Fib_joinTransfer_accessible.key 
345035     DEBUG main            d.u.i.k.p.i.AbstractProblemLoader Environment load took 43.2ns 
345036     INFO  main            d.u.i.k.p.i.AbstractProblemLoader Creating init config 
349384     DEBUG main            d.u.i.k.p.i.AbstractProblemLoader Init config took 4.35s 
349464     INFO  main            d.u.i.k.p.i.AbstractProblemLoader Replaying proof Fib[ThreadSpec::joinTransfer()].JML accessible clause.0 
349465     DEBUG main            d.u.i.k.p.i.IntermediateProofReplayer Proof replay took 6.7ns 
349667     INFO  main            d.u.i.k.p.r.p.TestFile    ... finished proof: closed. 
350022     INFO  main            d.u.i.k.p.i.AbstractProblemLoader Loading environment from /home/runner/work/key/key/key.core/../key.ui/examples/heap/permissions/threads/Fib_joinTransfer_accessible.key.proof 
350022     DEBUG main            d.u.i.k.p.i.AbstractProblemLoader Environment load took 76.9ns 
350023     INFO  main            d.u.i.k.p.i.AbstractProblemLoader Creating init config 
354298     DEBUG main            d.u.i.k.p.i.AbstractProblemLoader Init config took 4.27s 
354377     INFO  main            d.u.i.k.p.i.AbstractProblemLoader Replaying proof Fib[ThreadSpec::joinTransfer()].JML accessible clause.0 
354400     DEBUG main            d.u.i.k.p.i.IntermediateProofReplayer Proof replay took 20.52ms 
354400     DEBUG main            d.u.i.k.p.r.p.TestFile    ... success: reloaded. 
354401     INFO  main            d.u.i.k.p.r.p.TestFile    Now processing file /home/runner/work/key/key/key.core/../key.ui/examples/heap/permissions/threads/Fib_joinTransfer_contract.key 
354401     INFO  main            d.u.i.k.p.i.AbstractProblemLoader Loading environment from /home/runner/work/key/key/key.core/../key.ui/examples/heap/permissions/threads/Fib_joinTransfer_contract.key 
354401     DEBUG main            d.u.i.k.p.i.AbstractProblemLoader Environment load took 44.6ns 
354402     INFO  main            d.u.i.k.p.i.AbstractProblemLoader Creating init config 
358742     DEBUG main            d.u.i.k.p.i.AbstractProblemLoader Init config took 4.34s 
358850     INFO  main            d.u.i.k.p.i.AbstractProblemLoader Replaying proof Fib[ThreadSpec::joinTransfer()].JML model_behavior operation contract.0 
358852     DEBUG main            d.u.i.k.p.i.IntermediateProofReplayer Proof replay took 6.3ns 
358953     INFO  main            d.u.i.k.p.r.p.TestFile    ... finished proof: closed. 
359306     INFO  main            d.u.i.k.p.i.AbstractProblemLoader Loading environment from /home/runner/work/key/key/key.core/../key.ui/examples/heap/permissions/threads/Fib_joinTransfer_contract.key.proof 
359306     DEBUG main            d.u.i.k.p.i.AbstractProblemLoader Environment load took 93.3ns 
359307     INFO  main            d.u.i.k.p.i.AbstractProblemLoader Creating init config 
363588     DEBUG main            d.u.i.k.p.i.AbstractProblemLoader Init config took 4.28s 
363669     INFO  main            d.u.i.k.p.i.AbstractProblemLoader Replaying proof Fib[ThreadSpec::joinTransfer()].JML model_behavior operation contract.0 
363676     DEBUG main            d.u.i.k.p.i.IntermediateProofReplayer Proof replay took 5.87ms 
363677     DEBUG main            d.u.i.k.p.r.p.TestFile    ... success: reloaded. 
363678     INFO  main            d.u.i.k.p.r.p.TestFile    Now processing file /home/runner/work/key/key/key.core/../key.ui/examples/heap/permissions/threads/Fib_postJoin_accessible.key 
363678     INFO  main            d.u.i.k.p.i.AbstractProblemLoader Loading environment from /home/runner/work/key/key/key.core/../key.ui/examples/heap/permissions/threads/Fib_postJoin_accessible.key 
363678     DEBUG main            d.u.i.k.p.i.AbstractProblemLoader Environment load took 69ns 
363679     INFO  main            d.u.i.k.p.i.AbstractProblemLoader Creating init config 
368013     DEBUG main            d.u.i.k.p.i.AbstractProblemLoader Init config took 4.33s 
368110     INFO  main            d.u.i.k.p.i.AbstractProblemLoader Replaying proof Fib[ThreadSpec::postJoin(java.lang.Object)].JML accessible clause.0 
368111     DEBUG main            d.u.i.k.p.i.IntermediateProofReplayer Proof replay took 6ns 
368212     INFO  main            d.u.i.k.p.r.p.TestFile    ... finished proof: closed. 
368572     INFO  main            d.u.i.k.p.i.AbstractProblemLoader Loading environment from /home/runner/work/key/key/key.core/../key.ui/examples/heap/permissions/threads/Fib_postJoin_accessible.key.proof 
368572     DEBUG main            d.u.i.k.p.i.AbstractProblemLoader Environment load took 108.4ns 
368573     INFO  main            d.u.i.k.p.i.AbstractProblemLoader Creating init config 
372853     DEBUG main            d.u.i.k.p.i.AbstractProblemLoader Init config took 4.28s 
372934     INFO  main            d.u.i.k.p.i.AbstractProblemLoader Replaying proof Fib[ThreadSpec::postJoin(java.lang.Object)].JML accessible clause.0 
372942     DEBUG main            d.u.i.k.p.i.IntermediateProofReplayer Proof replay took 4.44ms 
372942     DEBUG main            d.u.i.k.p.r.p.TestFile    ... success: reloaded. 
372943     INFO  main            d.u.i.k.p.r.p.TestFile    Now processing file /home/runner/work/key/key/key.core/../key.ui/examples/heap/permissions/threads/Fib_preStart_accessible.key 
372943     INFO  main            d.u.i.k.p.i.AbstractProblemLoader Loading environment from /home/runner/work/key/key/key.core/../key.ui/examples/heap/permissions/threads/Fib_preStart_accessible.key 
372943     DEBUG main            d.u.i.k.p.i.AbstractProblemLoader Environment load took 103.4ns 
372944     INFO  main            d.u.i.k.p.i.AbstractProblemLoader Creating init config 
377299     DEBUG main            d.u.i.k.p.i.AbstractProblemLoader Init config took 4.35s 
377379     INFO  main            d.u.i.k.p.i.AbstractProblemLoader Replaying proof Fib[ThreadSpec::preStart(java.lang.Object)].JML accessible clause.0 
377380     DEBUG main            d.u.i.k.p.i.IntermediateProofReplayer Proof replay took 6.4ns 
377481     INFO  main            d.u.i.k.p.r.p.TestFile    ... finished proof: closed. 
377846     INFO  main            d.u.i.k.p.i.AbstractProblemLoader Loading environment from /home/runner/work/key/key/key.core/../key.ui/examples/heap/permissions/threads/Fib_preStart_accessible.key.proof 
377846     DEBUG main            d.u.i.k.p.i.AbstractProblemLoader Environment load took 79.8ns 
377846     INFO  main            d.u.i.k.p.i.AbstractProblemLoader Creating init config 
382126     DEBUG main            d.u.i.k.p.i.AbstractProblemLoader Init config took 4.28s 
382206     INFO  main            d.u.i.k.p.i.AbstractProblemLoader Replaying proof Fib[ThreadSpec::preStart(java.lang.Object)].JML accessible clause.0 
382212     DEBUG main            d.u.i.k.p.i.IntermediateProofReplayer Proof replay took 4.43ms 
382212     DEBUG main            d.u.i.k.p.r.p.TestFile    ... success: reloaded. 
382213     INFO  main            d.u.i.k.p.r.p.TestFile    Now processing file /home/runner/work/key/key/key.core/../key.ui/examples/heap/permissions/threads/Fib_startTransfer_accessible.key 
382214     INFO  main            d.u.i.k.p.i.AbstractProblemLoader Loading environment from /home/runner/work/key/key/key.core/../key.ui/examples/heap/permissions/threads/Fib_startTransfer_accessible.key 
382214     DEBUG main            d.u.i.k.p.i.AbstractProblemLoader Environment load took 57.8ns 
382214     INFO  main            d.u.i.k.p.i.AbstractProblemLoader Creating init config 
386565     DEBUG main            d.u.i.k.p.i.AbstractProblemLoader Init config took 4.35s 
386645     INFO  main            d.u.i.k.p.i.AbstractProblemLoader Replaying proof Fib[ThreadSpec::startTransfer()].JML accessible clause.0 
386647     DEBUG main            d.u.i.k.p.i.IntermediateProofReplayer Proof replay took 6.4ns 
386848     INFO  main            d.u.i.k.p.r.p.TestFile    ... finished proof: closed. 
387231     INFO  main            d.u.i.k.p.i.AbstractProblemLoader Loading environment from /home/runner/work/key/key/key.core/../key.ui/examples/heap/permissions/threads/Fib_startTransfer_accessible.key.proof 
387231     DEBUG main            d.u.i.k.p.i.AbstractProblemLoader Environment load took 86.7ns 
387232     INFO  main            d.u.i.k.p.i.AbstractProblemLoader Creating init config 
391509     DEBUG main            d.u.i.k.p.i.AbstractProblemLoader Init config took 4.28s 
391589     INFO  main            d.u.i.k.p.i.AbstractProblemLoader Replaying proof Fib[ThreadSpec::startTransfer()].JML accessible clause.0 
391622     DEBUG main            d.u.i.k.p.i.IntermediateProofReplayer Proof replay took 31.19ms 
391623     DEBUG main            d.u.i.k.p.r.p.TestFile    ... success: reloaded. 
391624     INFO  main            d.u.i.k.p.r.p.TestFile    Now processing file /home/runner/work/key/key/key.core/../key.ui/examples/heap/permissions/threads/Fib_startTransfer_contract.key 
391624     INFO  main            d.u.i.k.p.i.AbstractProblemLoader Loading environment from /home/runner/work/key/key/key.core/../key.ui/examples/heap/permissions/threads/Fib_startTransfer_contract.key 
391624     DEBUG main            d.u.i.k.p.i.AbstractProblemLoader Environment load took 63.4ns 
391625     INFO  main            d.u.i.k.p.i.AbstractProblemLoader Creating init config 
395978     DEBUG main            d.u.i.k.p.i.AbstractProblemLoader Init config took 4.35s 
396058     INFO  main            d.u.i.k.p.i.AbstractProblemLoader Replaying proof Fib[ThreadSpec::startTransfer()].JML model_behavior operation contract.0 
396060     DEBUG main            d.u.i.k.p.i.IntermediateProofReplayer Proof replay took 6.4ns 
396161     INFO  main            d.u.i.k.p.r.p.TestFile    ... finished proof: closed. 
396540     INFO  main            d.u.i.k.p.i.AbstractProblemLoader Loading environment from /home/runner/work/key/key/key.core/../key.ui/examples/heap/permissions/threads/Fib_startTransfer_contract.key.proof 
396540     DEBUG main            d.u.i.k.p.i.AbstractProblemLoader Environment load took 78.3ns 
396541     INFO  main            d.u.i.k.p.i.AbstractProblemLoader Creating init config 
400825     DEBUG main            d.u.i.k.p.i.AbstractProblemLoader Init config took 4.28s 
400906     INFO  main            d.u.i.k.p.i.AbstractProblemLoader Replaying proof Fib[ThreadSpec::startTransfer()].JML model_behavior operation contract.0 
400913     DEBUG main            d.u.i.k.p.i.IntermediateProofReplayer Proof replay took 5.84ms 
400913     DEBUG main            d.u.i.k.p.r.p.TestFile    ... success: reloaded. 
400914     INFO  main            d.u.i.k.p.r.p.TestFile    Now processing file /home/runner/work/key/key/key.core/../key.ui/examples/heap/permissions/threads/Fib_workingPermissions_accessible.key 
400914     INFO  main            d.u.i.k.p.i.AbstractProblemLoader Loading environment from /home/runner/work/key/key/key.core/../key.ui/examples/heap/permissions/threads/Fib_workingPermissions_accessible.key 
400914     DEBUG main            d.u.i.k.p.i.AbstractProblemLoader Environment load took 47.8ns 
400915     INFO  main            d.u.i.k.p.i.AbstractProblemLoader Creating init config 
405263     DEBUG main            d.u.i.k.p.i.AbstractProblemLoader Init config took 4.35s 
405344     INFO  main            d.u.i.k.p.i.AbstractProblemLoader Replaying proof Fib[ThreadSpec::workingPermissions()].JML accessible clause.0 
405346     DEBUG main            d.u.i.k.p.i.IntermediateProofReplayer Proof replay took 6.4ns 
405447     INFO  main            d.u.i.k.p.r.p.TestFile    ... finished proof: closed. 
405831     INFO  main            d.u.i.k.p.i.AbstractProblemLoader Loading environment from /home/runner/work/key/key/key.core/../key.ui/examples/heap/permissions/threads/Fib_workingPermissions_accessible.key.proof 
405832     DEBUG main            d.u.i.k.p.i.AbstractProblemLoader Environment load took 120.3ns 
405833     INFO  main            d.u.i.k.p.i.AbstractProblemLoader Creating init config 
410111     DEBUG main            d.u.i.k.p.i.AbstractProblemLoader Init config took 4.28s 
410191     INFO  main            d.u.i.k.p.i.AbstractProblemLoader Replaying proof Fib[ThreadSpec::workingPermissions()].JML accessible clause.0 
410198     DEBUG main            d.u.i.k.p.i.IntermediateProofReplayer Proof replay took 5.7ms 
410199     DEBUG main            d.u.i.k.p.r.p.TestFile    ... success: reloaded. 
410199     INFO  main            d.u.i.k.p.r.p.TestFile    Now processing file /home/runner/work/key/key/key.core/../key.ui/examples/heap/permissions/threads/Plotter_initPost_accessible.key 
410200     INFO  main            d.u.i.k.p.i.AbstractProblemLoader Loading environment from /home/runner/work/key/key/key.core/../key.ui/examples/heap/permissions/threads/Plotter_initPost_accessible.key 
410200     DEBUG main            d.u.i.k.p.i.AbstractProblemLoader Environment load took 124.2ns 
410201     INFO  main            d.u.i.k.p.i.AbstractProblemLoader Creating init config 
414556     DEBUG main            d.u.i.k.p.i.AbstractProblemLoader Init config took 4.36s 
414649     INFO  main            d.u.i.k.p.i.AbstractProblemLoader Replaying proof Plotter[ThreadSpec2::initPost()].JML accessible clause.0 
414650     DEBUG main            d.u.i.k.p.i.IntermediateProofReplayer Proof replay took 6.2ns 
414752     INFO  main            d.u.i.k.p.r.p.TestFile    ... finished proof: closed. 
415143     INFO  main            d.u.i.k.p.i.AbstractProblemLoader Loading environment from /home/runner/work/key/key/key.core/../key.ui/examples/heap/permissions/threads/Plotter_initPost_accessible.key.proof 
415143     DEBUG main            d.u.i.k.p.i.AbstractProblemLoader Environment load took 72.1ns 
415144     INFO  main            d.u.i.k.p.i.AbstractProblemLoader Creating init config 
419426     DEBUG main            d.u.i.k.p.i.AbstractProblemLoader Init config took 4.28s 
419516     INFO  main            d.u.i.k.p.i.AbstractProblemLoader Replaying proof Plotter[ThreadSpec2::initPost()].JML accessible clause.0 
419528     DEBUG main            d.u.i.k.p.i.IntermediateProofReplayer Proof replay took 11.34ms 
419529     DEBUG main            d.u.i.k.p.r.p.TestFile    ... success: reloaded. 
419530     INFO  main            d.u.i.k.p.r.p.TestFile    Now processing file /home/runner/work/key/key/key.core/../key.ui/examples/heap/permissions/threads/Plotter_inv_accessible1.key 
419530     INFO  main            d.u.i.k.p.i.AbstractProblemLoader Loading environment from /home/runner/work/key/key/key.core/../key.ui/examples/heap/permissions/threads/Plotter_inv_accessible1.key 
419530     DEBUG main            d.u.i.k.p.i.AbstractProblemLoader Environment load took 39.2ns 
419531     INFO  main            d.u.i.k.p.i.AbstractProblemLoader Creating init config 
423917     DEBUG main            d.u.i.k.p.i.AbstractProblemLoader Init config took 4.39s 
423998     INFO  main            d.u.i.k.p.i.AbstractProblemLoader Replaying proof Plotter[java.lang.Object::<inv>()].JML accessible clause.0 
424000     DEBUG main            d.u.i.k.p.i.IntermediateProofReplayer Proof replay took 6.9ns 
424101     INFO  main            d.u.i.k.p.r.p.TestFile    ... finished proof: closed. 
424526     INFO  main            d.u.i.k.p.i.AbstractProblemLoader Loading environment from /home/runner/work/key/key/key.core/../key.ui/examples/heap/permissions/threads/Plotter_inv_accessible1.key.proof 
424526     DEBUG main            d.u.i.k.p.i.AbstractProblemLoader Environment load took 73.7ns 
424527     INFO  main            d.u.i.k.p.i.AbstractProblemLoader Creating init config 
428856     DEBUG main            d.u.i.k.p.i.AbstractProblemLoader Init config took 4.33s 
428946     INFO  main            d.u.i.k.p.i.AbstractProblemLoader Replaying proof Plotter[java.lang.Object::<inv>()].JML accessible clause.0 
428949     DEBUG main            d.u.i.k.p.i.IntermediateProofReplayer Proof replay took 1.49ms 
428949     DEBUG main            d.u.i.k.p.r.p.TestFile    ... success: reloaded. 
428950     INFO  main            d.u.i.k.p.r.p.TestFile    Now processing file /home/runner/work/key/key/key.core/../key.ui/examples/heap/permissions/threads/Plotter_inv_accessible2.key 
428950     INFO  main            d.u.i.k.p.i.AbstractProblemLoader Loading environment from /home/runner/work/key/key/key.core/../key.ui/examples/heap/permissions/threads/Plotter_inv_accessible2.key 
428950     DEBUG main            d.u.i.k.p.i.AbstractProblemLoader Environment load took 44ns 
428951     INFO  main            d.u.i.k.p.i.AbstractProblemLoader Creating init config 
433294     DEBUG main            d.u.i.k.p.i.AbstractProblemLoader Init config took 4.34s 
433373     INFO  main            d.u.i.k.p.i.AbstractProblemLoader Replaying proof Plotter[java.lang.Object::<inv>()].JML accessible clause.1 
433374     DEBUG main            d.u.i.k.p.i.IntermediateProofReplayer Proof replay took 6.8ns 
433477     INFO  main            d.u.i.k.p.r.p.TestFile    ... finished proof: closed. 
433879     INFO  main            d.u.i.k.p.i.AbstractProblemLoader Loading environment from /home/runner/work/key/key/key.core/../key.ui/examples/heap/permissions/threads/Plotter_inv_accessible2.key.proof 
433879     DEBUG main            d.u.i.k.p.i.AbstractProblemLoader Environment load took 74.8ns 
433879     INFO  main            d.u.i.k.p.i.AbstractProblemLoader Creating init config 
438161     DEBUG main            d.u.i.k.p.i.AbstractProblemLoader Init config took 4.28s 
438242     INFO  main            d.u.i.k.p.i.AbstractProblemLoader Replaying proof Plotter[java.lang.Object::<inv>()].JML accessible clause.1 
438247     DEBUG main            d.u.i.k.p.i.IntermediateProofReplayer Proof replay took 1.44ms 
438247     DEBUG main            d.u.i.k.p.r.p.TestFile    ... success: reloaded. 
438248     INFO  main            d.u.i.k.p.r.p.TestFile    Now processing file /home/runner/work/key/key/key.core/../key.ui/examples/heap/permissions/threads/Plotter_joinTransfer_contract.key 
438248     INFO  main            d.u.i.k.p.i.AbstractProblemLoader Loading environment from /home/runner/work/key/key/key.core/../key.ui/examples/heap/permissions/threads/Plotter_joinTransfer_contract.key 
438248     DEBUG main            d.u.i.k.p.i.AbstractProblemLoader Environment load took 80.7ns 
438249     INFO  main            d.u.i.k.p.i.AbstractProblemLoader Creating init config 
442630     DEBUG main            d.u.i.k.p.i.AbstractProblemLoader Init config took 4.38s 
442711     INFO  main            d.u.i.k.p.i.AbstractProblemLoader Replaying proof Plotter[ThreadSpec2::joinTransfer()].JML model_behavior operation contract.0 
442712     DEBUG main            d.u.i.k.p.i.IntermediateProofReplayer Proof replay took 6.8ns 
442814     INFO  main            d.u.i.k.p.r.p.TestFile    ... finished proof: closed. 
443229     INFO  main            d.u.i.k.p.i.AbstractProblemLoader Loading environment from /home/runner/work/key/key/key.core/../key.ui/examples/heap/permissions/threads/Plotter_joinTransfer_contract.key.proof 
443229     DEBUG main            d.u.i.k.p.i.AbstractProblemLoader Environment load took 280.7ns 
443230     INFO  main            d.u.i.k.p.i.AbstractProblemLoader Creating init config 
447515     DEBUG main            d.u.i.k.p.i.AbstractProblemLoader Init config took 4.29s 
447596     INFO  main            d.u.i.k.p.i.AbstractProblemLoader Replaying proof Plotter[ThreadSpec2::joinTransfer()].JML model_behavior operation contract.0 
447604     DEBUG main            d.u.i.k.p.i.IntermediateProofReplayer Proof replay took 6.7ms 
447604     DEBUG main            d.u.i.k.p.r.p.TestFile    ... success: reloaded. 
447605     INFO  main            d.u.i.k.p.r.p.TestFile    Now processing file /home/runner/work/key/key/key.core/../key.ui/examples/heap/permissions/threads/Plotter_Plotter.key 
447605     INFO  main            d.u.i.k.p.i.AbstractProblemLoader Loading environment from /home/runner/work/key/key/key.core/../key.ui/examples/heap/permissions/threads/Plotter_Plotter.key 
447605     DEBUG main            d.u.i.k.p.i.AbstractProblemLoader Environment load took 39.2ns 
447606     INFO  main            d.u.i.k.p.i.AbstractProblemLoader Creating init config 
451954     DEBUG main            d.u.i.k.p.i.AbstractProblemLoader Init config took 4.35s 
452050     INFO  main            d.u.i.k.p.i.AbstractProblemLoader Replaying proof Plotter[Plotter::Plotter(AFilter,BFilter,Buffer)].JML normal_behavior operation contract.0 
452051     DEBUG main            d.u.i.k.p.i.IntermediateProofReplayer Proof replay took 7.2ns 
453755     INFO  main            d.u.i.k.p.r.p.TestFile    ... finished proof: closed. 
454209     INFO  main            d.u.i.k.p.i.AbstractProblemLoader Loading environment from /home/runner/work/key/key/key.core/../key.ui/examples/heap/permissions/threads/Plotter_Plotter.key.proof 
454209     DEBUG main            d.u.i.k.p.i.AbstractProblemLoader Environment load took 313.2ns 
454210     INFO  main            d.u.i.k.p.i.AbstractProblemLoader Creating init config 
458563     DEBUG main            d.u.i.k.p.i.AbstractProblemLoader Init config took 4.35s 
458644     INFO  main            d.u.i.k.p.i.AbstractProblemLoader Replaying proof Plotter[Plotter::Plotter(AFilter,BFilter,Buffer)].JML normal_behavior operation contract.0 
458866     DEBUG main            d.u.i.k.p.i.IntermediateProofReplayer Proof replay took 216.34ms 
458867     DEBUG main            d.u.i.k.p.r.p.TestFile    ... success: reloaded. 
458867     INFO  main            d.u.i.k.p.r.p.TestFile    Now processing file /home/runner/work/key/key/key.core/../key.ui/examples/heap/permissions/threads/Plotter_postJoin_accessible.key 
458868     INFO  main            d.u.i.k.p.i.AbstractProblemLoader Loading environment from /home/runner/work/key/key/key.core/../key.ui/examples/heap/permissions/threads/Plotter_postJoin_accessible.key 
458868     DEBUG main            d.u.i.k.p.i.AbstractProblemLoader Environment load took 42.9ns 
458868     INFO  main            d.u.i.k.p.i.AbstractProblemLoader Creating init config 
463242     DEBUG main            d.u.i.k.p.i.AbstractProblemLoader Init config took 4.37s 
463322     INFO  main            d.u.i.k.p.i.AbstractProblemLoader Replaying proof Plotter[ThreadSpec2::postJoin(java.lang.Object)].JML accessible clause.0 
463323     DEBUG main            d.u.i.k.p.i.IntermediateProofReplayer Proof replay took 6.9ns 
463425     INFO  main            d.u.i.k.p.r.p.TestFile    ... finished proof: closed. 
463836     INFO  main            d.u.i.k.p.i.AbstractProblemLoader Loading environment from /home/runner/work/key/key/key.core/../key.ui/examples/heap/permissions/threads/Plotter_postJoin_accessible.key.proof 
463836     DEBUG main            d.u.i.k.p.i.AbstractProblemLoader Environment load took 74.2ns 
463837     INFO  main            d.u.i.k.p.i.AbstractProblemLoader Creating init config 
468122     DEBUG main            d.u.i.k.p.i.AbstractProblemLoader Init config took 4.29s 
468203     INFO  main            d.u.i.k.p.i.AbstractProblemLoader Replaying proof Plotter[ThreadSpec2::postJoin(java.lang.Object)].JML accessible clause.0 
468222     DEBUG main            d.u.i.k.p.i.IntermediateProofReplayer Proof replay took 10.71ms 
468223     DEBUG main            d.u.i.k.p.r.p.TestFile    ... success: reloaded. 
468224     INFO  main            d.u.i.k.p.r.p.TestFile    Now processing file /home/runner/work/key/key/key.core/../key.ui/examples/heap/permissions/threads/Plotter_preStart_accessible.key 
468224     INFO  main            d.u.i.k.p.i.AbstractProblemLoader Loading environment from /home/runner/work/key/key/key.core/../key.ui/examples/heap/permissions/threads/Plotter_preStart_accessible.key 
468224     DEBUG main            d.u.i.k.p.i.AbstractProblemLoader Environment load took 66.2ns 
468225     INFO  main            d.u.i.k.p.i.AbstractProblemLoader Creating init config 
472597     DEBUG main            d.u.i.k.p.i.AbstractProblemLoader Init config took 4.37s 
472676     INFO  main            d.u.i.k.p.i.AbstractProblemLoader Replaying proof Plotter[ThreadSpec2::preStart(java.lang.Object)].JML accessible clause.0 
472677     DEBUG main            d.u.i.k.p.i.IntermediateProofReplayer Proof replay took 6.2ns 
473680     INFO  main            d.u.i.k.p.r.p.TestFile    ... finished proof: closed. 
474134     INFO  main            d.u.i.k.p.i.AbstractProblemLoader Loading environment from /home/runner/work/key/key/key.core/../key.ui/examples/heap/permissions/threads/Plotter_preStart_accessible.key.proof 
474134     DEBUG main            d.u.i.k.p.i.AbstractProblemLoader Environment load took 79.2ns 
474135     INFO  main            d.u.i.k.p.i.AbstractProblemLoader Creating init config 
478435     DEBUG main            d.u.i.k.p.i.AbstractProblemLoader Init config took 4.3s 
478515     INFO  main            d.u.i.k.p.i.AbstractProblemLoader Replaying proof Plotter[ThreadSpec2::preStart(java.lang.Object)].JML accessible clause.0 
478590     DEBUG main            d.u.i.k.p.i.IntermediateProofReplayer Proof replay took 71.67ms 
478591     DEBUG main            d.u.i.k.p.r.p.TestFile    ... success: reloaded. 
478592     INFO  main            d.u.i.k.p.r.p.TestFile    Now processing file /home/runner/work/key/key/key.core/../key.ui/examples/heap/permissions/threads/Plotter_stateInv_accessible.key 
478592     INFO  main            d.u.i.k.p.i.AbstractProblemLoader Loading environment from /home/runner/work/key/key/key.core/../key.ui/examples/heap/permissions/threads/Plotter_stateInv_accessible.key 
478592     DEBUG main            d.u.i.k.p.i.AbstractProblemLoader Environment load took 41.8ns 
478593     INFO  main            d.u.i.k.p.i.AbstractProblemLoader Creating init config 
482954     DEBUG main            d.u.i.k.p.i.AbstractProblemLoader Init config took 4.36s 
483049     INFO  main            d.u.i.k.p.i.AbstractProblemLoader Replaying proof Plotter[ThreadSpec2::stateInv()].JML accessible clause.0 
483050     DEBUG main            d.u.i.k.p.i.IntermediateProofReplayer Proof replay took 5.9ns 
490376     INFO  main            d.u.i.k.p.r.p.TestFile    ... finished proof: closed. 
490830     INFO  main            d.u.i.k.p.i.AbstractProblemLoader Loading environment from /home/runner/work/key/key/key.core/../key.ui/examples/heap/permissions/threads/Plotter_stateInv_accessible.key.proof 
490830     DEBUG main            d.u.i.k.p.i.AbstractProblemLoader Environment load took 81.4ns 
490832     INFO  main            d.u.i.k.p.i.AbstractProblemLoader Creating init config 
495123     DEBUG main            d.u.i.k.p.i.AbstractProblemLoader Init config took 4.29s 
495203     INFO  main            d.u.i.k.p.i.AbstractProblemLoader Replaying proof Plotter[ThreadSpec2::stateInv()].JML accessible clause.0 
495788     DEBUG main            d.u.i.k.p.i.IntermediateProofReplayer Proof replay took 570.62ms 
495790     DEBUG main            d.u.i.k.p.r.p.TestFile    ... success: reloaded. 
495790     INFO  main            d.u.i.k.p.r.p.TestFile    Now processing file /home/runner/work/key/key/key.core/../key.ui/examples/heap/permissions/threads/Plotter_staticPermissions_accessible.key 
495791     INFO  main            d.u.i.k.p.i.AbstractProblemLoader Loading environment from /home/runner/work/key/key/key.core/../key.ui/examples/heap/permissions/threads/Plotter_staticPermissions_accessible.key 
495791     DEBUG main            d.u.i.k.p.i.AbstractProblemLoader Environment load took 68ns 
495791     INFO  main            d.u.i.k.p.i.AbstractProblemLoader Creating init config 
500174     DEBUG main            d.u.i.k.p.i.AbstractProblemLoader Init config took 4.38s 
500252     INFO  main            d.u.i.k.p.i.AbstractProblemLoader Replaying proof Plotter[ThreadSpec2::staticPermissions()].JML accessible clause.0 
500254     DEBUG main            d.u.i.k.p.i.IntermediateProofReplayer Proof replay took 37.2ns 
500956     INFO  main            d.u.i.k.p.r.p.TestFile    ... finished proof: closed. 
501398     INFO  main            d.u.i.k.p.i.AbstractProblemLoader Loading environment from /home/runner/work/key/key/key.core/../key.ui/examples/heap/permissions/threads/Plotter_staticPermissions_accessible.key.proof 
501398     DEBUG main            d.u.i.k.p.i.AbstractProblemLoader Environment load took 65.7ns 
501399     INFO  main            d.u.i.k.p.i.AbstractProblemLoader Creating init config 
505669     DEBUG main            d.u.i.k.p.i.AbstractProblemLoader Init config took 4.27s 
505760     INFO  main            d.u.i.k.p.i.AbstractProblemLoader Replaying proof Plotter[ThreadSpec2::staticPermissions()].JML accessible clause.0 
505818     DEBUG main            d.u.i.k.p.i.IntermediateProofReplayer Proof replay took 53.29ms 
505819     DEBUG main            d.u.i.k.p.r.p.TestFile    ... success: reloaded. 
505820     INFO  main            d.u.i.k.p.r.p.TestFile    Now processing file /home/runner/work/key/key/key.core/../key.ui/examples/heap/permissions/threads/Plotter_workingPermissions_accessible.key 
505821     INFO  main            d.u.i.k.p.i.AbstractProblemLoader Loading environment from /home/runner/work/key/key/key.core/../key.ui/examples/heap/permissions/threads/Plotter_workingPermissions_accessible.key 
505821     DEBUG main            d.u.i.k.p.i.AbstractProblemLoader Environment load took 84.8ns 
505823     INFO  main            d.u.i.k.p.i.AbstractProblemLoader Creating init config 
510173     DEBUG main            d.u.i.k.p.i.AbstractProblemLoader Init config took 4.35s 
510253     INFO  main            d.u.i.k.p.i.AbstractProblemLoader Replaying proof Plotter[ThreadSpec2::workingPermissions()].JML accessible clause.0 
510254     DEBUG main            d.u.i.k.p.i.IntermediateProofReplayer Proof replay took 2.7ns 
510456     INFO  main            d.u.i.k.p.r.p.TestFile    ... finished proof: closed. 
510912     INFO  main            d.u.i.k.p.i.AbstractProblemLoader Loading environment from /home/runner/work/key/key/key.core/../key.ui/examples/heap/permissions/threads/Plotter_workingPermissions_accessible.key.proof 
510912     DEBUG main            d.u.i.k.p.i.AbstractProblemLoader Environment load took 68.5ns 
510913     INFO  main            d.u.i.k.p.i.AbstractProblemLoader Creating init config 
515190     DEBUG main            d.u.i.k.p.i.AbstractProblemLoader Init config took 4.28s 
515280     INFO  main            d.u.i.k.p.i.AbstractProblemLoader Replaying proof Plotter[ThreadSpec2::workingPermissions()].JML accessible clause.0 
515294     DEBUG main            d.u.i.k.p.i.IntermediateProofReplayer Proof replay took 13.18ms 
515295     DEBUG main            d.u.i.k.p.r.p.TestFile    ... success: reloaded. 
515296     INFO  main            d.u.i.k.p.r.p.TestFile    Now processing file /home/runner/work/key/key/key.core/../key.ui/examples/heap/permissions/threads/Sampler_initPost_accessible.key 
515296     INFO  main            d.u.i.k.p.i.AbstractProblemLoader Loading environment from /home/runner/work/key/key/key.core/../key.ui/examples/heap/permissions/threads/Sampler_initPost_accessible.key 
515296     DEBUG main            d.u.i.k.p.i.AbstractProblemLoader Environment load took 40ns 
515297     INFO  main            d.u.i.k.p.i.AbstractProblemLoader Creating init config 
519645     DEBUG main            d.u.i.k.p.i.AbstractProblemLoader Init config took 4.35s 
519729     INFO  main            d.u.i.k.p.i.AbstractProblemLoader Replaying proof Sampler[ThreadSpec2::initPost()].JML accessible clause.0 
519730     DEBUG main            d.u.i.k.p.i.IntermediateProofReplayer Proof replay took 2.6ns 
519831     INFO  main            d.u.i.k.p.r.p.TestFile    ... finished proof: closed. 
520283     INFO  main            d.u.i.k.p.i.AbstractProblemLoader Loading environment from /home/runner/work/key/key/key.core/../key.ui/examples/heap/permissions/threads/Sampler_initPost_accessible.key.proof 
520283     DEBUG main            d.u.i.k.p.i.AbstractProblemLoader Environment load took 67.5ns 
520284     INFO  main            d.u.i.k.p.i.AbstractProblemLoader Creating init config 
524559     DEBUG main            d.u.i.k.p.i.AbstractProblemLoader Init config took 4.28s 
524647     INFO  main            d.u.i.k.p.i.AbstractProblemLoader Replaying proof Sampler[ThreadSpec2::initPost()].JML accessible clause.0 
524653     DEBUG main            d.u.i.k.p.i.IntermediateProofReplayer Proof replay took 4.67ms 
524654     DEBUG main            d.u.i.k.p.r.p.TestFile    ... success: reloaded. 
524655     INFO  main            d.u.i.k.p.r.p.TestFile    Now processing file /home/runner/work/key/key/key.core/../key.ui/examples/heap/permissions/threads/Sampler_inv_accessible1.key 
524655     INFO  main            d.u.i.k.p.i.AbstractProblemLoader Loading environment from /home/runner/work/key/key/key.core/../key.ui/examples/heap/permissions/threads/Sampler_inv_accessible1.key 
524655     DEBUG main            d.u.i.k.p.i.AbstractProblemLoader Environment load took 37.8ns 
524655     INFO  main            d.u.i.k.p.i.AbstractProblemLoader Creating init config 
529007     DEBUG main            d.u.i.k.p.i.AbstractProblemLoader Init config took 4.35s 
529086     INFO  main            d.u.i.k.p.i.AbstractProblemLoader Replaying proof Sampler[java.lang.Object::<inv>()].JML accessible clause.0 
529087     DEBUG main            d.u.i.k.p.i.IntermediateProofReplayer Proof replay took 2.1ns 
529188     INFO  main            d.u.i.k.p.r.p.TestFile    ... finished proof: closed. 
529642     INFO  main            d.u.i.k.p.i.AbstractProblemLoader Loading environment from /home/runner/work/key/key/key.core/../key.ui/examples/heap/permissions/threads/Sampler_inv_accessible1.key.proof 
529642     DEBUG main            d.u.i.k.p.i.AbstractProblemLoader Environment load took 65.8ns 
529643     INFO  main            d.u.i.k.p.i.AbstractProblemLoader Creating init config 
533927     DEBUG main            d.u.i.k.p.i.AbstractProblemLoader Init config took 4.28s 
534006     INFO  main            d.u.i.k.p.i.AbstractProblemLoader Replaying proof Sampler[java.lang.Object::<inv>()].JML accessible clause.0 
534009     DEBUG main            d.u.i.k.p.i.IntermediateProofReplayer Proof replay took 1.41ms 
534010     DEBUG main            d.u.i.k.p.r.p.TestFile    ... success: reloaded. 
534011     INFO  main            d.u.i.k.p.r.p.TestFile    Now processing file /home/runner/work/key/key/key.core/../key.ui/examples/heap/permissions/threads/Sampler_inv_accessible2.key 
534011     INFO  main            d.u.i.k.p.i.AbstractProblemLoader Loading environment from /home/runner/work/key/key/key.core/../key.ui/examples/heap/permissions/threads/Sampler_inv_accessible2.key 
534011     DEBUG main            d.u.i.k.p.i.AbstractProblemLoader Environment load took 47.8ns 
534011     INFO  main            d.u.i.k.p.i.AbstractProblemLoader Creating init config 
538355     DEBUG main            d.u.i.k.p.i.AbstractProblemLoader Init config took 4.34s 
538435     INFO  main            d.u.i.k.p.i.AbstractProblemLoader Replaying proof Sampler[java.lang.Object::<inv>()].JML accessible clause.1 
538436     DEBUG main            d.u.i.k.p.i.IntermediateProofReplayer Proof replay took 2.5ns 
538538     INFO  main            d.u.i.k.p.r.p.TestFile    ... finished proof: closed. 
538999     INFO  main            d.u.i.k.p.i.AbstractProblemLoader Loading environment from /home/runner/work/key/key/key.core/../key.ui/examples/heap/permissions/threads/Sampler_inv_accessible2.key.proof 
538999     DEBUG main            d.u.i.k.p.i.AbstractProblemLoader Environment load took 66.6ns 
538999     INFO  main            d.u.i.k.p.i.AbstractProblemLoader Creating init config 
543288     DEBUG main            d.u.i.k.p.i.AbstractProblemLoader Init config took 4.29s 
543367     INFO  main            d.u.i.k.p.i.AbstractProblemLoader Replaying proof Sampler[java.lang.Object::<inv>()].JML accessible clause.1 
543369     DEBUG main            d.u.i.k.p.i.IntermediateProofReplayer Proof replay took 1.41ms 
543370     DEBUG main            d.u.i.k.p.r.p.TestFile    ... success: reloaded. 
543370     INFO  main            d.u.i.k.p.r.p.TestFile    Now processing file /home/runner/work/key/key/key.core/../key.ui/examples/heap/permissions/threads/Sampler_joinTransfer_accessible.key 
543371     INFO  main            d.u.i.k.p.i.AbstractProblemLoader Loading environment from /home/runner/work/key/key/key.core/../key.ui/examples/heap/permissions/threads/Sampler_joinTransfer_accessible.key 
543371     DEBUG main            d.u.i.k.p.i.AbstractProblemLoader Environment load took 49.8ns 
543371     INFO  main            d.u.i.k.p.i.AbstractProblemLoader Creating init config 
547733     DEBUG main            d.u.i.k.p.i.AbstractProblemLoader Init config took 4.36s 
547812     INFO  main            d.u.i.k.p.i.AbstractProblemLoader Replaying proof Sampler[ThreadSpec2::joinTransfer()].JML accessible clause.0 
547813     DEBUG main            d.u.i.k.p.i.IntermediateProofReplayer Proof replay took 2.3ns 
551037     INFO  main            d.u.i.k.p.r.p.TestFile    ... finished proof: closed. 
551524     INFO  main            d.u.i.k.p.i.AbstractProblemLoader Loading environment from /home/runner/work/key/key/key.core/../key.ui/examples/heap/permissions/threads/Sampler_joinTransfer_accessible.key.proof 
551524     DEBUG main            d.u.i.k.p.i.AbstractProblemLoader Environment load took 70.3ns 
551525     INFO  main            d.u.i.k.p.i.AbstractProblemLoader Creating init config 
555809     DEBUG main            d.u.i.k.p.i.AbstractProblemLoader Init config took 4.28s 
555900     INFO  main            d.u.i.k.p.i.AbstractProblemLoader Replaying proof Sampler[ThreadSpec2::joinTransfer()].JML accessible clause.0 
556416     DEBUG main            d.u.i.k.p.i.IntermediateProofReplayer Proof replay took 505.27ms 
556420     DEBUG main            d.u.i.k.p.r.p.TestFile    ... success: reloaded. 
556421     INFO  main            d.u.i.k.p.r.p.TestFile    Now processing file /home/runner/work/key/key/key.core/../key.ui/examples/heap/permissions/threads/Sampler_joinTransfer_contract.key 
556421     INFO  main            d.u.i.k.p.i.AbstractProblemLoader Loading environment from /home/runner/work/key/key/key.core/../key.ui/examples/heap/permissions/threads/Sampler_joinTransfer_contract.key 
556421     DEBUG main            d.u.i.k.p.i.AbstractProblemLoader Environment load took 61.8ns 
556422     INFO  main            d.u.i.k.p.i.AbstractProblemLoader Creating init config 
560777     DEBUG main            d.u.i.k.p.i.AbstractProblemLoader Init config took 4.36s 
560857     INFO  main            d.u.i.k.p.i.AbstractProblemLoader Replaying proof Sampler[ThreadSpec2::joinTransfer()].JML model_behavior operation contract.0 
560858     DEBUG main            d.u.i.k.p.i.IntermediateProofReplayer Proof replay took 2.8ns 
560959     INFO  main            d.u.i.k.p.r.p.TestFile    ... finished proof: closed. 
561418     INFO  main            d.u.i.k.p.i.AbstractProblemLoader Loading environment from /home/runner/work/key/key/key.core/../key.ui/examples/heap/permissions/threads/Sampler_joinTransfer_contract.key.proof 
561418     DEBUG main            d.u.i.k.p.i.AbstractProblemLoader Environment load took 67.9ns 
561419     INFO  main            d.u.i.k.p.i.AbstractProblemLoader Creating init config 
565700     DEBUG main            d.u.i.k.p.i.AbstractProblemLoader Init config took 4.28s 
565780     INFO  main            d.u.i.k.p.i.AbstractProblemLoader Replaying proof Sampler[ThreadSpec2::joinTransfer()].JML model_behavior operation contract.0 
565787     DEBUG main            d.u.i.k.p.i.IntermediateProofReplayer Proof replay took 6.02ms 
565787     DEBUG main            d.u.i.k.p.r.p.TestFile    ... success: reloaded. 
565788     INFO  main            d.u.i.k.p.r.p.TestFile    Now processing file /home/runner/work/key/key/key.core/../key.ui/examples/heap/permissions/threads/Sampler_postJoin_accessible.key 
565788     INFO  main            d.u.i.k.p.i.AbstractProblemLoader Loading environment from /home/runner/work/key/key/key.core/../key.ui/examples/heap/permissions/threads/Sampler_postJoin_accessible.key 
565788     DEBUG main            d.u.i.k.p.i.AbstractProblemLoader Environment load took 60.6ns 
565789     INFO  main            d.u.i.k.p.i.AbstractProblemLoader Creating init config 
570144     DEBUG main            d.u.i.k.p.i.AbstractProblemLoader Init config took 4.35s 
570223     INFO  main            d.u.i.k.p.i.AbstractProblemLoader Replaying proof Sampler[ThreadSpec2::postJoin(java.lang.Object)].JML accessible clause.0 
570224     DEBUG main            d.u.i.k.p.i.IntermediateProofReplayer Proof replay took 1.9ns 
570325     INFO  main            d.u.i.k.p.r.p.TestFile    ... finished proof: closed. 
570812     INFO  main            d.u.i.k.p.i.AbstractProblemLoader Loading environment from /home/runner/work/key/key/key.core/../key.ui/examples/heap/permissions/threads/Sampler_postJoin_accessible.key.proof 
570812     DEBUG main            d.u.i.k.p.i.AbstractProblemLoader Environment load took 64.2ns 
570813     INFO  main            d.u.i.k.p.i.AbstractProblemLoader Creating init config 
575107     DEBUG main            d.u.i.k.p.i.AbstractProblemLoader Init config took 4.29s 
575186     INFO  main            d.u.i.k.p.i.AbstractProblemLoader Replaying proof Sampler[ThreadSpec2::postJoin(java.lang.Object)].JML accessible clause.0 
575195     DEBUG main            d.u.i.k.p.i.IntermediateProofReplayer Proof replay took 7.58ms 
575195     DEBUG main            d.u.i.k.p.r.p.TestFile    ... success: reloaded. 
575196     INFO  main            d.u.i.k.p.r.p.TestFile    Now processing file /home/runner/work/key/key/key.core/../key.ui/examples/heap/permissions/threads/Sampler_preStart_accessible.key 
575196     INFO  main            d.u.i.k.p.i.AbstractProblemLoader Loading environment from /home/runner/work/key/key/key.core/../key.ui/examples/heap/permissions/threads/Sampler_preStart_accessible.key 
575196     DEBUG main            d.u.i.k.p.i.AbstractProblemLoader Environment load took 38.6ns 
575197     INFO  main            d.u.i.k.p.i.AbstractProblemLoader Creating init config 
579653     DEBUG main            d.u.i.k.p.i.AbstractProblemLoader Init config took 4.46s 
579750     INFO  main            d.u.i.k.p.i.AbstractProblemLoader Replaying proof Sampler[ThreadSpec2::preStart(java.lang.Object)].JML accessible clause.0 
579752     DEBUG main            d.u.i.k.p.i.IntermediateProofReplayer Proof replay took 2.6ns 
579853     INFO  main            d.u.i.k.p.r.p.TestFile    ... finished proof: closed. 
580363     INFO  main            d.u.i.k.p.i.AbstractProblemLoader Loading environment from /home/runner/work/key/key/key.core/../key.ui/examples/heap/permissions/threads/Sampler_preStart_accessible.key.proof 
580363     DEBUG main            d.u.i.k.p.i.AbstractProblemLoader Environment load took 66.7ns 
580364     INFO  main            d.u.i.k.p.i.AbstractProblemLoader Creating init config 
584654     DEBUG main            d.u.i.k.p.i.AbstractProblemLoader Init config took 4.29s 
584734     INFO  main            d.u.i.k.p.i.AbstractProblemLoader Replaying proof Sampler[ThreadSpec2::preStart(java.lang.Object)].JML accessible clause.0 
584742     DEBUG main            d.u.i.k.p.i.IntermediateProofReplayer Proof replay took 7.24ms 
584743     DEBUG main            d.u.i.k.p.r.p.TestFile    ... success: reloaded. 
584743     INFO  main            d.u.i.k.p.r.p.TestFile    Now processing file /home/runner/work/key/key/key.core/../key.ui/examples/heap/permissions/threads/Sampler_run.key 
584744     INFO  main            d.u.i.k.p.i.AbstractProblemLoader Loading environment from /home/runner/work/key/key/key.core/../key.ui/examples/heap/permissions/threads/Sampler_run.key 
584744     DEBUG main            d.u.i.k.p.i.AbstractProblemLoader Environment load took 38.5ns 
584744     INFO  main            d.u.i.k.p.i.AbstractProblemLoader Creating init config 
589144     DEBUG main            d.u.i.k.p.i.AbstractProblemLoader Init config took 4.4s 
589239     INFO  main            d.u.i.k.p.i.AbstractProblemLoader Replaying proof Sampler[ThreadSpec2::run()].JML normal_behavior operation contract.0 
589241     DEBUG main            d.u.i.k.p.i.IntermediateProofReplayer Proof replay took 2.4ns 
589442     INFO  main            d.u.i.k.p.r.p.TestFile    ... finished proof: closed. 
589954     INFO  main            d.u.i.k.p.i.AbstractProblemLoader Loading environment from /home/runner/work/key/key/key.core/../key.ui/examples/heap/permissions/threads/Sampler_run.key.proof 
589954     DEBUG main            d.u.i.k.p.i.AbstractProblemLoader Environment load took 66.7ns 
589955     INFO  main            d.u.i.k.p.i.AbstractProblemLoader Creating init config 
594370     DEBUG main            d.u.i.k.p.i.AbstractProblemLoader Init config took 4.41s 
594472     INFO  main            d.u.i.k.p.i.AbstractProblemLoader Replaying proof Sampler[ThreadSpec2::run()].JML normal_behavior operation contract.0 
594526     DEBUG main            d.u.i.k.p.i.IntermediateProofReplayer Proof replay took 52.05ms 
594527     DEBUG main            d.u.i.k.p.r.p.TestFile    ... success: reloaded. 
594528     INFO  main            d.u.i.k.p.r.p.TestFile    Now processing file /home/runner/work/key/key/key.core/../key.ui/examples/heap/permissions/threads/Sampler_Sampler.key 
594529     INFO  main            d.u.i.k.p.i.AbstractProblemLoader Loading environment from /home/runner/work/key/key/key.core/../key.ui/examples/heap/permissions/threads/Sampler_Sampler.key 
594529     DEBUG main            d.u.i.k.p.i.AbstractProblemLoader Environment load took 133.7ns 
594529     INFO  main            d.u.i.k.p.i.AbstractProblemLoader Creating init config 
599063     DEBUG main            d.u.i.k.p.i.AbstractProblemLoader Init config took 4.53s 
599152     INFO  main            d.u.i.k.p.i.AbstractProblemLoader Replaying proof Sampler[Sampler::Sampler(Buffer)].JML normal_behavior operation contract.0 
599153     DEBUG main            d.u.i.k.p.i.IntermediateProofReplayer Proof replay took 3ns 
599755     INFO  main            d.u.i.k.p.r.p.TestFile    ... finished proof: closed. 
600270     INFO  main            d.u.i.k.p.i.AbstractProblemLoader Loading environment from /home/runner/work/key/key/key.core/../key.ui/examples/heap/permissions/threads/Sampler_Sampler.key.proof 
600270     DEBUG main            d.u.i.k.p.i.AbstractProblemLoader Environment load took 67ns 
600271     INFO  main            d.u.i.k.p.i.AbstractProblemLoader Creating init config 
605115     DEBUG main            d.u.i.k.p.i.AbstractProblemLoader Init config took 4.84s 
605206     INFO  main            d.u.i.k.p.i.AbstractProblemLoader Replaying proof Sampler[Sampler::Sampler(Buffer)].JML normal_behavior operation contract.0 
605298     DEBUG main            d.u.i.k.p.i.IntermediateProofReplayer Proof replay took 89.58ms 
605301     DEBUG main            d.u.i.k.p.r.p.TestFile    ... success: reloaded. 
605302     INFO  main            d.u.i.k.p.r.p.TestFile    Now processing file /home/runner/work/key/key/key.core/../key.ui/examples/heap/permissions/threads/Sampler_startTransfer_accessible.key 
605302     INFO  main            d.u.i.k.p.i.AbstractProblemLoader Loading environment from /home/runner/work/key/key/key.core/../key.ui/examples/heap/permissions/threads/Sampler_startTransfer_accessible.key 
605302     DEBUG main            d.u.i.k.p.i.AbstractProblemLoader Environment load took 130.9ns 
605303     INFO  main            d.u.i.k.p.i.AbstractProblemLoader Creating init config 
609825     DEBUG main            d.u.i.k.p.i.AbstractProblemLoader Init config took 4.52s 
609913     INFO  main            d.u.i.k.p.i.AbstractProblemLoader Replaying proof Sampler[ThreadSpec2::startTransfer()].JML accessible clause.0 
609914     DEBUG main            d.u.i.k.p.i.IntermediateProofReplayer Proof replay took 2.3ns 
613922     INFO  main            d.u.i.k.p.r.p.TestFile    ... finished proof: closed. 
614425     INFO  main            d.u.i.k.p.i.AbstractProblemLoader Loading environment from /home/runner/work/key/key/key.core/../key.ui/examples/heap/permissions/threads/Sampler_startTransfer_accessible.key.proof 
614425     DEBUG main            d.u.i.k.p.i.AbstractProblemLoader Environment load took 70.6ns 
614426     INFO  main            d.u.i.k.p.i.AbstractProblemLoader Creating init config 
618908     DEBUG main            d.u.i.k.p.i.AbstractProblemLoader Init config took 4.48s 
618988     INFO  main            d.u.i.k.p.i.AbstractProblemLoader Replaying proof Sampler[ThreadSpec2::startTransfer()].JML accessible clause.0 
619542     DEBUG main            d.u.i.k.p.i.IntermediateProofReplayer Proof replay took 539.9ms 
619543     DEBUG main            d.u.i.k.p.r.p.TestFile    ... success: reloaded. 
619544     INFO  main            d.u.i.k.p.r.p.TestFile    Now processing file /home/runner/work/key/key/key.core/../key.ui/examples/heap/permissions/threads/Sampler_startTransfer_contract.key 
619544     INFO  main            d.u.i.k.p.i.AbstractProblemLoader Loading environment from /home/runner/work/key/key/key.core/../key.ui/examples/heap/permissions/threads/Sampler_startTransfer_contract.key 
619544     DEBUG main            d.u.i.k.p.i.AbstractProblemLoader Environment load took 38.3ns 
619544     INFO  main            d.u.i.k.p.i.AbstractProblemLoader Creating init config 
623884     DEBUG main            d.u.i.k.p.i.AbstractProblemLoader Init config took 4.34s 
623963     INFO  main            d.u.i.k.p.i.AbstractProblemLoader Replaying proof Sampler[ThreadSpec2::startTransfer()].JML model_behavior operation contract.0 
623964     DEBUG main            d.u.i.k.p.i.IntermediateProofReplayer Proof replay took 2.4ns 
624065     INFO  main            d.u.i.k.p.r.p.TestFile    ... finished proof: closed. 
624574     INFO  main            d.u.i.k.p.i.AbstractProblemLoader Loading environment from /home/runner/work/key/key/key.core/../key.ui/examples/heap/permissions/threads/Sampler_startTransfer_contract.key.proof 
624574     DEBUG main            d.u.i.k.p.i.AbstractProblemLoader Environment load took 60.6ns 
624575     INFO  main            d.u.i.k.p.i.AbstractProblemLoader Creating init config 
628843     DEBUG main            d.u.i.k.p.i.AbstractProblemLoader Init config took 4.27s 
628922     INFO  main            d.u.i.k.p.i.AbstractProblemLoader Replaying proof Sampler[ThreadSpec2::startTransfer()].JML model_behavior operation contract.0 
628929     DEBUG main            d.u.i.k.p.i.IntermediateProofReplayer Proof replay took 5.92ms 
628930     DEBUG main            d.u.i.k.p.r.p.TestFile    ... success: reloaded. 
628930     INFO  main            d.u.i.k.p.r.p.TestFile    Now processing file /home/runner/work/key/key/key.core/../key.ui/examples/heap/permissions/threads/Sampler_stateInv_accessible.key 
628931     INFO  main            d.u.i.k.p.i.AbstractProblemLoader Loading environment from /home/runner/work/key/key/key.core/../key.ui/examples/heap/permissions/threads/Sampler_stateInv_accessible.key 
628931     DEBUG main            d.u.i.k.p.i.AbstractProblemLoader Environment load took 37.6ns 
628931     INFO  main            d.u.i.k.p.i.AbstractProblemLoader Creating init config 
633254     DEBUG main            d.u.i.k.p.i.AbstractProblemLoader Init config took 4.32s 
633332     INFO  main            d.u.i.k.p.i.AbstractProblemLoader Replaying proof Sampler[ThreadSpec2::stateInv()].JML accessible clause.0 
633333     DEBUG main            d.u.i.k.p.i.IntermediateProofReplayer Proof replay took 2.2ns 
633434     INFO  main            d.u.i.k.p.r.p.TestFile    ... finished proof: closed. 
633950     INFO  main            d.u.i.k.p.i.AbstractProblemLoader Loading environment from /home/runner/work/key/key/key.core/../key.ui/examples/heap/permissions/threads/Sampler_stateInv_accessible.key.proof 
633950     DEBUG main            d.u.i.k.p.i.AbstractProblemLoader Environment load took 62.8ns 
633951     INFO  main            d.u.i.k.p.i.AbstractProblemLoader Creating init config 
638232     DEBUG main            d.u.i.k.p.i.AbstractProblemLoader Init config took 4.28s 
638311     INFO  main            d.u.i.k.p.i.AbstractProblemLoader Replaying proof Sampler[ThreadSpec2::stateInv()].JML accessible clause.0 
638318     DEBUG main            d.u.i.k.p.i.IntermediateProofReplayer Proof replay took 5.09ms 
638318     DEBUG main            d.u.i.k.p.r.p.TestFile    ... success: reloaded. 
638319     INFO  main            d.u.i.k.p.r.p.TestFile    Now processing file /home/runner/work/key/key/key.core/../key.ui/examples/heap/permissions/threads/Sampler_staticPermissions_accessible.key 
638319     INFO  main            d.u.i.k.p.i.AbstractProblemLoader Loading environment from /home/runner/work/key/key/key.core/../key.ui/examples/heap/permissions/threads/Sampler_staticPermissions_accessible.key 
638319     DEBUG main            d.u.i.k.p.i.AbstractProblemLoader Environment load took 38ns 
638320     INFO  main            d.u.i.k.p.i.AbstractProblemLoader Creating init config 
642663     DEBUG main            d.u.i.k.p.i.AbstractProblemLoader Init config took 4.34s 
642756     INFO  main            d.u.i.k.p.i.AbstractProblemLoader Replaying proof Sampler[ThreadSpec2::staticPermissions()].JML accessible clause.0 
642757     DEBUG main            d.u.i.k.p.i.IntermediateProofReplayer Proof replay took 2.4ns 
642861     INFO  main            d.u.i.k.p.r.p.TestFile    ... finished proof: closed. 
643374     INFO  main            d.u.i.k.p.i.AbstractProblemLoader Loading environment from /home/runner/work/key/key/key.core/../key.ui/examples/heap/permissions/threads/Sampler_staticPermissions_accessible.key.proof 
643375     DEBUG main            d.u.i.k.p.i.AbstractProblemLoader Environment load took 71.7ns 
643375     INFO  main            d.u.i.k.p.i.AbstractProblemLoader Creating init config 
647652     DEBUG main            d.u.i.k.p.i.AbstractProblemLoader Init config took 4.28s 
647730     INFO  main            d.u.i.k.p.i.AbstractProblemLoader Replaying proof Sampler[ThreadSpec2::staticPermissions()].JML accessible clause.0 
647734     DEBUG main            d.u.i.k.p.i.IntermediateProofReplayer Proof replay took 2.93ms 
647735     DEBUG main            d.u.i.k.p.r.p.TestFile    ... success: reloaded. 
647735     INFO  main            d.u.i.k.p.r.p.TestFile    Now processing file /home/runner/work/key/key/key.core/../key.ui/examples/heap/permissions/threads/Sampler_workingPermissions_accessible.key 
647736     INFO  main            d.u.i.k.p.i.AbstractProblemLoader Loading environment from /home/runner/work/key/key/key.core/../key.ui/examples/heap/permissions/threads/Sampler_workingPermissions_accessible.key 
647736     DEBUG main            d.u.i.k.p.i.AbstractProblemLoader Environment load took 34.5ns 
647736     INFO  main            d.u.i.k.p.i.AbstractProblemLoader Creating init config 
652069     DEBUG main            d.u.i.k.p.i.AbstractProblemLoader Init config took 4.33s 
652147     INFO  main            d.u.i.k.p.i.AbstractProblemLoader Replaying proof Sampler[ThreadSpec2::workingPermissions()].JML accessible clause.0 
652148     DEBUG main            d.u.i.k.p.i.IntermediateProofReplayer Proof replay took 2.5ns 
652250     INFO  main            d.u.i.k.p.r.p.TestFile    ... finished proof: closed. 
652769     INFO  main            d.u.i.k.p.i.AbstractProblemLoader Loading environment from /home/runner/work/key/key/key.core/../key.ui/examples/heap/permissions/threads/Sampler_workingPermissions_accessible.key.proof 
652769     DEBUG main            d.u.i.k.p.i.AbstractProblemLoader Environment load took 64.1ns 
652770     INFO  main            d.u.i.k.p.i.AbstractProblemLoader Creating init config 
657080     DEBUG main            d.u.i.k.p.i.AbstractProblemLoader Init config took 4.31s 
657158     INFO  main            d.u.i.k.p.i.AbstractProblemLoader Replaying proof Sampler[ThreadSpec2::workingPermissions()].JML accessible clause.0 
657163     DEBUG main            d.u.i.k.p.i.IntermediateProofReplayer Proof replay took 4.09ms 
657163     DEBUG main            d.u.i.k.p.r.p.TestFile    ... success: reloaded. 
657164     INFO  main            d.u.i.k.p.r.p.TestFile    Now processing file /home/runner/work/key/key/key.core/../key.ui/examples/heap/permissions/mulleretal/ReadWrite_doRead_contract.key 
657164     INFO  main            d.u.i.k.p.i.AbstractProblemLoader Loading environment from /home/runner/work/key/key/key.core/../key.ui/examples/heap/permissions/mulleretal/ReadWrite_doRead_contract.key 
657164     DEBUG main            d.u.i.k.p.i.AbstractProblemLoader Environment load took 84.1ns 
657165     INFO  main            d.u.i.k.p.i.AbstractProblemLoader Creating init config 
659675     DEBUG main            d.u.i.k.p.i.AbstractProblemLoader Init config took 2.51s 
659725     INFO  main            d.u.i.k.p.i.AbstractProblemLoader Replaying proof ReadWrite[ReadWrite::doRead()].JML normal_behavior operation contract.0 
659727     DEBUG main            d.u.i.k.p.i.IntermediateProofReplayer Proof replay took 2.2ns 
661230     INFO  main            d.u.i.k.p.r.p.TestFile    ... finished proof: closed. 
661774     INFO  main            d.u.i.k.p.i.AbstractProblemLoader Loading environment from /home/runner/work/key/key/key.core/../key.ui/examples/heap/permissions/mulleretal/ReadWrite_doRead_contract.key.proof 
661774     DEBUG main            d.u.i.k.p.i.AbstractProblemLoader Environment load took 70.1ns 
661775     INFO  main            d.u.i.k.p.i.AbstractProblemLoader Creating init config 
664320     DEBUG main            d.u.i.k.p.i.AbstractProblemLoader Init config took 2.54s 
664354     INFO  main            d.u.i.k.p.i.AbstractProblemLoader Replaying proof ReadWrite[ReadWrite::doRead()].JML normal_behavior operation contract.0 
664803     DEBUG main            d.u.i.k.p.i.IntermediateProofReplayer Proof replay took 434.7ms 
664804     DEBUG main            d.u.i.k.p.r.p.TestFile    ... success: reloaded. 
664805     INFO  main            d.u.i.k.p.r.p.TestFile    Now processing file /home/runner/work/key/key/key.core/../key.ui/examples/heap/permissions/mulleretal/ReadWrite_doWrite_contract.key 
664805     INFO  main            d.u.i.k.p.i.AbstractProblemLoader Loading environment from /home/runner/work/key/key/key.core/../key.ui/examples/heap/permissions/mulleretal/ReadWrite_doWrite_contract.key 
664805     DEBUG main            d.u.i.k.p.i.AbstractProblemLoader Environment load took 148.6ns 
664813     INFO  main            d.u.i.k.p.i.AbstractProblemLoader Creating init config 
667446     DEBUG main            d.u.i.k.p.i.AbstractProblemLoader Init config took 2.63s 
667477     INFO  main            d.u.i.k.p.i.AbstractProblemLoader Replaying proof ReadWrite[ReadWrite::doWrite()].JML normal_behavior operation contract.0 
667478     DEBUG main            d.u.i.k.p.i.IntermediateProofReplayer Proof replay took 2.5ns 
668982     INFO  main            d.u.i.k.p.r.p.TestFile    ... finished proof: closed. 
669537     INFO  main            d.u.i.k.p.i.AbstractProblemLoader Loading environment from /home/runner/work/key/key/key.core/../key.ui/examples/heap/permissions/mulleretal/ReadWrite_doWrite_contract.key.proof 
669538     DEBUG main            d.u.i.k.p.i.AbstractProblemLoader Environment load took 258.8ns 
669539     INFO  main            d.u.i.k.p.i.AbstractProblemLoader Creating init config 
672019     DEBUG main            d.u.i.k.p.i.AbstractProblemLoader Init config took 2.48s 
672057     INFO  main            d.u.i.k.p.i.AbstractProblemLoader Replaying proof ReadWrite[ReadWrite::doWrite()].JML normal_behavior operation contract.0 
672638     DEBUG main            d.u.i.k.p.i.IntermediateProofReplayer Proof replay took 563.26ms 
672639     DEBUG main            d.u.i.k.p.r.p.TestFile    ... success: reloaded. 
672639     INFO  main            d.u.i.k.p.r.p.TestFile    Now processing file /home/runner/work/key/key/key.core/../key.ui/examples/heap/permissions/mulleretal/ReadWrite_read_contract.key 
672640     INFO  main            d.u.i.k.p.i.AbstractProblemLoader Loading environment from /home/runner/work/key/key/key.core/../key.ui/examples/heap/permissions/mulleretal/ReadWrite_read_contract.key 
672640     DEBUG main            d.u.i.k.p.i.AbstractProblemLoader Environment load took 129.7ns 
672641     INFO  main            d.u.i.k.p.i.AbstractProblemLoader Creating init config 
675260     DEBUG main            d.u.i.k.p.i.AbstractProblemLoader Init config took 2.62s 
675291     INFO  main            d.u.i.k.p.i.AbstractProblemLoader Replaying proof ReadWrite[ReadWrite::read()].JML normal_behavior operation contract.0 
675292     DEBUG main            d.u.i.k.p.i.IntermediateProofReplayer Proof replay took 2.1ns 
675393     INFO  main            d.u.i.k.p.r.p.TestFile    ... finished proof: closed. 
675915     INFO  main            d.u.i.k.p.i.AbstractProblemLoader Loading environment from /home/runner/work/key/key/key.core/../key.ui/examples/heap/permissions/mulleretal/ReadWrite_read_contract.key.proof 
675915     DEBUG main            d.u.i.k.p.i.AbstractProblemLoader Environment load took 62ns 
675916     INFO  main            d.u.i.k.p.i.AbstractProblemLoader Creating init config 
678320     DEBUG main            d.u.i.k.p.i.AbstractProblemLoader Init config took 2.4s 
678350     INFO  main            d.u.i.k.p.i.AbstractProblemLoader Replaying proof ReadWrite[ReadWrite::read()].JML normal_behavior operation contract.0 
678357     DEBUG main            d.u.i.k.p.i.IntermediateProofReplayer Proof replay took 5.75ms 
678357     DEBUG main            d.u.i.k.p.r.p.TestFile    ... success: reloaded. 
678358     INFO  main            d.u.i.k.p.r.p.TestFile    Now processing file /home/runner/work/key/key/key.core/../key.ui/examples/heap/permissions/mulleretal/ReadWrite_write_contract.key 
678358     INFO  main            d.u.i.k.p.i.AbstractProblemLoader Loading environment from /home/runner/work/key/key/key.core/../key.ui/examples/heap/permissions/mulleretal/ReadWrite_write_contract.key 
678358     DEBUG main            d.u.i.k.p.i.AbstractProblemLoader Environment load took 48.5ns 
678359     INFO  main            d.u.i.k.p.i.AbstractProblemLoader Creating init config 
680786     DEBUG main            d.u.i.k.p.i.AbstractProblemLoader Init config took 2.43s 
680817     INFO  main            d.u.i.k.p.i.AbstractProblemLoader Replaying proof ReadWrite[ReadWrite::write()].JML normal_behavior operation contract.0 
680818     DEBUG main            d.u.i.k.p.i.IntermediateProofReplayer Proof replay took 2.4ns 
680921     INFO  main            d.u.i.k.p.r.p.TestFile    ... finished proof: closed. 
681468     INFO  main            d.u.i.k.p.i.AbstractProblemLoader Loading environment from /home/runner/work/key/key/key.core/../key.ui/examples/heap/permissions/mulleretal/ReadWrite_write_contract.key.proof 
681468     DEBUG main            d.u.i.k.p.i.AbstractProblemLoader Environment load took 63.9ns 
681469     INFO  main            d.u.i.k.p.i.AbstractProblemLoader Creating init config 
683940     DEBUG main            d.u.i.k.p.i.AbstractProblemLoader Init config took 2.47s 
683975     INFO  main            d.u.i.k.p.i.AbstractProblemLoader Replaying proof ReadWrite[ReadWrite::write()].JML normal_behavior operation contract.0 
684000     DEBUG main            d.u.i.k.p.i.IntermediateProofReplayer Proof replay took 24.18ms 
684001     DEBUG main            d.u.i.k.p.r.p.TestFile    ... success: reloaded. 
684002     INFO  main            d.u.i.k.p.r.p.TestFile    Now processing file /home/runner/work/key/key/key.core/../key.ui/examples/heap/permissions/mulleretal/ReadWrite_inv1_accessible.key 
684002     INFO  main            d.u.i.k.p.i.AbstractProblemLoader Loading environment from /home/runner/work/key/key/key.core/../key.ui/examples/heap/permissions/mulleretal/ReadWrite_inv1_accessible.key 
684002     DEBUG main            d.u.i.k.p.i.AbstractProblemLoader Environment load took 125ns 
684003     INFO  main            d.u.i.k.p.i.AbstractProblemLoader Creating init config 
686714     DEBUG main            d.u.i.k.p.i.AbstractProblemLoader Init config took 2.71s 
686762     INFO  main            d.u.i.k.p.i.AbstractProblemLoader Replaying proof ReadWrite[java.lang.Object::<inv>()].JML accessible clause.0 
686763     DEBUG main            d.u.i.k.p.i.IntermediateProofReplayer Proof replay took 2.4ns 
686865     INFO  main            d.u.i.k.p.r.p.TestFile    ... finished proof: closed. 
687414     INFO  main            d.u.i.k.p.i.AbstractProblemLoader Loading environment from /home/runner/work/key/key/key.core/../key.ui/examples/heap/permissions/mulleretal/ReadWrite_inv1_accessible.key.proof 
687414     DEBUG main            d.u.i.k.p.i.AbstractProblemLoader Environment load took 57.1ns 
687415     INFO  main            d.u.i.k.p.i.AbstractProblemLoader Creating init config 
689888     DEBUG main            d.u.i.k.p.i.AbstractProblemLoader Init config took 2.47s 
689918     INFO  main            d.u.i.k.p.i.AbstractProblemLoader Replaying proof ReadWrite[java.lang.Object::<inv>()].JML accessible clause.0 
689921     DEBUG main            d.u.i.k.p.i.IntermediateProofReplayer Proof replay took 1.36ms 
689921     DEBUG main            d.u.i.k.p.r.p.TestFile    ... success: reloaded. 
689922     INFO  main            d.u.i.k.p.r.p.TestFile    Now processing file /home/runner/work/key/key/key.core/../key.ui/examples/heap/permissions/mulleretal/ReadWrite_inv2_accessible.key 
689922     INFO  main            d.u.i.k.p.i.AbstractProblemLoader Loading environment from /home/runner/work/key/key/key.core/../key.ui/examples/heap/permissions/mulleretal/ReadWrite_inv2_accessible.key 
689922     DEBUG main            d.u.i.k.p.i.AbstractProblemLoader Environment load took 37ns 
689923     INFO  main            d.u.i.k.p.i.AbstractProblemLoader Creating init config 
692461     DEBUG main            d.u.i.k.p.i.AbstractProblemLoader Init config took 2.54s 
692495     INFO  main            d.u.i.k.p.i.AbstractProblemLoader Replaying proof ReadWrite[java.lang.Object::<inv>()].JML accessible clause.1 
692497     DEBUG main            d.u.i.k.p.i.IntermediateProofReplayer Proof replay took 2.2ns 
692598     INFO  main            d.u.i.k.p.r.p.TestFile    ... finished proof: closed. 
693137     INFO  main            d.u.i.k.p.i.AbstractProblemLoader Loading environment from /home/runner/work/key/key/key.core/../key.ui/examples/heap/permissions/mulleretal/ReadWrite_inv2_accessible.key.proof 
693137     DEBUG main            d.u.i.k.p.i.AbstractProblemLoader Environment load took 62.8ns 
693138     INFO  main            d.u.i.k.p.i.AbstractProblemLoader Creating init config 
695594     DEBUG main            d.u.i.k.p.i.AbstractProblemLoader Init config took 2.46s 
695624     INFO  main            d.u.i.k.p.i.AbstractProblemLoader Replaying proof ReadWrite[java.lang.Object::<inv>()].JML accessible clause.1 
695626     DEBUG main            d.u.i.k.p.i.IntermediateProofReplayer Proof replay took 1.32ms 
695627     DEBUG main            d.u.i.k.p.r.p.TestFile    ... success: reloaded. 
695627     INFO  main            d.u.i.k.p.r.p.TestFile    Now processing file /home/runner/work/key/key/key.core/../key.ui/examples/heap/permissions/lockspec/Counter_lockConsistent_contract.key 
695628     INFO  main            d.u.i.k.p.i.AbstractProblemLoader Loading environment from /home/runner/work/key/key/key.core/../key.ui/examples/heap/permissions/lockspec/Counter_lockConsistent_contract.key 
695628     DEBUG main            d.u.i.k.p.i.AbstractProblemLoader Environment load took 37.9ns 
695628     INFO  main            d.u.i.k.p.i.AbstractProblemLoader Creating init config 
698752     DEBUG main            d.u.i.k.p.i.AbstractProblemLoader Init config took 3.12s 
698804     INFO  main            d.u.i.k.p.i.AbstractProblemLoader Replaying proof Counter[LockSpec::lockConsistent()].JML model_behavior operation contract.0 
698806     DEBUG main            d.u.i.k.p.i.IntermediateProofReplayer Proof replay took 2.7ns 
699810     INFO  main            d.u.i.k.p.r.p.TestFile    ... finished proof: closed. 
700391     INFO  main            d.u.i.k.p.i.AbstractProblemLoader Loading environment from /home/runner/work/key/key/key.core/../key.ui/examples/heap/permissions/lockspec/Counter_lockConsistent_contract.key.proof 
700392     DEBUG main            d.u.i.k.p.i.AbstractProblemLoader Environment load took 1.09ms 
700393     INFO  main            d.u.i.k.p.i.AbstractProblemLoader Creating init config 
703303     DEBUG main            d.u.i.k.p.i.AbstractProblemLoader Init config took 2.91s 
703376     INFO  main            d.u.i.k.p.i.AbstractProblemLoader Replaying proof Counter[LockSpec::lockConsistent()].JML model_behavior operation contract.0 
703527     DEBUG main            d.u.i.k.p.i.IntermediateProofReplayer Proof replay took 143.69ms 
703528     DEBUG main            d.u.i.k.p.r.p.TestFile    ... success: reloaded. 
703529     INFO  main            d.u.i.k.p.r.p.TestFile    Now processing file /home/runner/work/key/key/key.core/../key.ui/examples/heap/permissions/lockspec/Counter_increase_contract.key 
703529     INFO  main            d.u.i.k.p.i.AbstractProblemLoader Loading environment from /home/runner/work/key/key/key.core/../key.ui/examples/heap/permissions/lockspec/Counter_increase_contract.key 
703529     DEBUG main            d.u.i.k.p.i.AbstractProblemLoader Environment load took 122.2ns 
703530     INFO  main            d.u.i.k.p.i.AbstractProblemLoader Creating init config 
706515     DEBUG main            d.u.i.k.p.i.AbstractProblemLoader Init config took 2.99s 
706568     INFO  main            d.u.i.k.p.i.AbstractProblemLoader Replaying proof Counter[Counter::increase()].JML normal_behavior operation contract.0 
706573     DEBUG main            d.u.i.k.p.i.IntermediateProofReplayer Proof replay took 2.8ns 
708282     INFO  main            d.u.i.k.p.r.p.TestFile    ... finished proof: closed. 
708858     INFO  main            d.u.i.k.p.i.AbstractProblemLoader Loading environment from /home/runner/work/key/key/key.core/../key.ui/examples/heap/permissions/lockspec/Counter_increase_contract.key.proof 
708858     DEBUG main            d.u.i.k.p.i.AbstractProblemLoader Environment load took 70.3ns 
708859     INFO  main            d.u.i.k.p.i.AbstractProblemLoader Creating init config 
711810     DEBUG main            d.u.i.k.p.i.AbstractProblemLoader Init config took 2.95s 
711857     INFO  main            d.u.i.k.p.i.AbstractProblemLoader Replaying proof Counter[Counter::increase()].JML normal_behavior operation contract.0 
712150     DEBUG main            d.u.i.k.p.i.IntermediateProofReplayer Proof replay took 279.13ms 
712160     DEBUG main            d.u.i.k.p.r.p.TestFile    ... success: reloaded. 
712160     INFO  main            d.u.i.k.p.r.p.TestFile    Now processing file /home/runner/work/key/key/key.core/../key.ui/examples/heap/permissions/lockspec/Counter_fp_accessible.key 
712161     INFO  main            d.u.i.k.p.i.AbstractProblemLoader Loading environment from /home/runner/work/key/key/key.core/../key.ui/examples/heap/permissions/lockspec/Counter_fp_accessible.key 
712161     DEBUG main            d.u.i.k.p.i.AbstractProblemLoader Environment load took 126.3ns 
712161     INFO  main            d.u.i.k.p.i.AbstractProblemLoader Creating init config 
715122     DEBUG main            d.u.i.k.p.i.AbstractProblemLoader Init config took 2.96s 
715188     INFO  main            d.u.i.k.p.i.AbstractProblemLoader Replaying proof Counter[LockSpec::fp()].JML accessible clause.0 
715189     DEBUG main            d.u.i.k.p.i.IntermediateProofReplayer Proof replay took 2.5ns 
715293     INFO  main            d.u.i.k.p.r.p.TestFile    ... finished proof: closed. 
715857     INFO  main            d.u.i.k.p.i.AbstractProblemLoader Loading environment from /home/runner/work/key/key/key.core/../key.ui/examples/heap/permissions/lockspec/Counter_fp_accessible.key.proof 
715857     DEBUG main            d.u.i.k.p.i.AbstractProblemLoader Environment load took 62.7ns 
715857     INFO  main            d.u.i.k.p.i.AbstractProblemLoader Creating init config 
718778     DEBUG main            d.u.i.k.p.i.AbstractProblemLoader Init config took 2.92s 
718833     INFO  main            d.u.i.k.p.i.AbstractProblemLoader Replaying proof Counter[LockSpec::fp()].JML accessible clause.0 
718842     DEBUG main            d.u.i.k.p.i.IntermediateProofReplayer Proof replay took 8.03ms 
718843     DEBUG main            d.u.i.k.p.r.p.TestFile    ... success: reloaded. 
718844     INFO  main            d.u.i.k.p.r.p.TestFile    Now processing file /home/runner/work/key/key/key.core/../key.ui/examples/heap/permissions/lockspec/Counter_fpLock_accessible.key 
718845     INFO  main            d.u.i.k.p.i.AbstractProblemLoader Loading environment from /home/runner/work/key/key/key.core/../key.ui/examples/heap/permissions/lockspec/Counter_fpLock_accessible.key 
718845     DEBUG main            d.u.i.k.p.i.AbstractProblemLoader Environment load took 196.7ns 
718846     INFO  main            d.u.i.k.p.i.AbstractProblemLoader Creating init config 
722067     DEBUG main            d.u.i.k.p.i.AbstractProblemLoader Init config took 3.22s 
722116     INFO  main            d.u.i.k.p.i.AbstractProblemLoader Replaying proof Counter[LockSpec::fpLock()].JML accessible clause.0 
722117     DEBUG main            d.u.i.k.p.i.IntermediateProofReplayer Proof replay took 2.7ns 
722219     INFO  main            d.u.i.k.p.r.p.TestFile    ... finished proof: closed. 
722781     INFO  main            d.u.i.k.p.i.AbstractProblemLoader Loading environment from /home/runner/work/key/key/key.core/../key.ui/examples/heap/permissions/lockspec/Counter_fpLock_accessible.key.proof 
722781     DEBUG main            d.u.i.k.p.i.AbstractProblemLoader Environment load took 63.7ns 
722782     INFO  main            d.u.i.k.p.i.AbstractProblemLoader Creating init config 
725705     DEBUG main            d.u.i.k.p.i.AbstractProblemLoader Init config took 2.92s 
725782     INFO  main            d.u.i.k.p.i.AbstractProblemLoader Replaying proof Counter[LockSpec::fpLock()].JML accessible clause.0 
725791     DEBUG main            d.u.i.k.p.i.IntermediateProofReplayer Proof replay took 6.82ms 
725791     DEBUG main            d.u.i.k.p.r.p.TestFile    ... success: reloaded. 
725792     INFO  main            d.u.i.k.p.r.p.TestFile    Now processing file /home/runner/work/key/key/key.core/../key.ui/examples/heap/permissions/lockspec/Counter_fpPerm_accessible.key 
725792     INFO  main            d.u.i.k.p.i.AbstractProblemLoader Loading environment from /home/runner/work/key/key/key.core/../key.ui/examples/heap/permissions/lockspec/Counter_fpPerm_accessible.key 
725793     DEBUG main            d.u.i.k.p.i.AbstractProblemLoader Environment load took 130.4ns 
725801     INFO  main            d.u.i.k.p.i.AbstractProblemLoader Creating init config 
728841     DEBUG main            d.u.i.k.p.i.AbstractProblemLoader Init config took 3.04s 
728898     INFO  main            d.u.i.k.p.i.AbstractProblemLoader Replaying proof Counter[LockSpec::fpPerm()].JML accessible clause.0 
728904     DEBUG main            d.u.i.k.p.i.IntermediateProofReplayer Proof replay took 2.1ns 
729005     INFO  main            d.u.i.k.p.r.p.TestFile    ... finished proof: closed. 
729568     INFO  main            d.u.i.k.p.i.AbstractProblemLoader Loading environment from /home/runner/work/key/key/key.core/../key.ui/examples/heap/permissions/lockspec/Counter_fpPerm_accessible.key.proof 
729568     DEBUG main            d.u.i.k.p.i.AbstractProblemLoader Environment load took 66ns 
729569     INFO  main            d.u.i.k.p.i.AbstractProblemLoader Creating init config 
732483     DEBUG main            d.u.i.k.p.i.AbstractProblemLoader Init config took 2.91s 
732538     INFO  main            d.u.i.k.p.i.AbstractProblemLoader Replaying proof Counter[LockSpec::fpPerm()].JML accessible clause.0 
732546     DEBUG main            d.u.i.k.p.i.IntermediateProofReplayer Proof replay took 7.14ms 
732547     DEBUG main            d.u.i.k.p.r.p.TestFile    ... success: reloaded. 
732548     INFO  main            d.u.i.k.p.r.p.TestFile    Now processing file /home/runner/work/key/key/key.core/../key.ui/examples/heap/permissions/lockspec/Counter_inv_accessible1.key 
732548     INFO  main            d.u.i.k.p.i.AbstractProblemLoader Loading environment from /home/runner/work/key/key/key.core/../key.ui/examples/heap/permissions/lockspec/Counter_inv_accessible1.key 
732548     DEBUG main            d.u.i.k.p.i.AbstractProblemLoader Environment load took 140.3ns 
732549     INFO  main            d.u.i.k.p.i.AbstractProblemLoader Creating init config 
735710     DEBUG main            d.u.i.k.p.i.AbstractProblemLoader Init config took 3.16s 
735759     INFO  main            d.u.i.k.p.i.AbstractProblemLoader Replaying proof Counter[java.lang.Object::<inv>()].JML accessible clause.0 
735760     DEBUG main            d.u.i.k.p.i.IntermediateProofReplayer Proof replay took 2.8ns 
735861     INFO  main            d.u.i.k.p.r.p.TestFile    ... finished proof: closed. 
736460     INFO  main            d.u.i.k.p.i.AbstractProblemLoader Loading environment from /home/runner/work/key/key/key.core/../key.ui/examples/heap/permissions/lockspec/Counter_inv_accessible1.key.proof 
736460     DEBUG main            d.u.i.k.p.i.AbstractProblemLoader Environment load took 61.8ns 
736460     INFO  main            d.u.i.k.p.i.AbstractProblemLoader Creating init config 
739384     DEBUG main            d.u.i.k.p.i.AbstractProblemLoader Init config took 2.92s 
739440     INFO  main            d.u.i.k.p.i.AbstractProblemLoader Replaying proof Counter[java.lang.Object::<inv>()].JML accessible clause.0 
739453     DEBUG main            d.u.i.k.p.i.IntermediateProofReplayer Proof replay took 11.97ms 
739454     DEBUG main            d.u.i.k.p.r.p.TestFile    ... success: reloaded. 
739455     INFO  main            d.u.i.k.p.r.p.TestFile    Now processing file /home/runner/work/key/key/key.core/../key.ui/examples/heap/permissions/lockspec/Counter_inv_accessible2.key 
739455     INFO  main            d.u.i.k.p.i.AbstractProblemLoader Loading environment from /home/runner/work/key/key/key.core/../key.ui/examples/heap/permissions/lockspec/Counter_inv_accessible2.key 
739455     DEBUG main            d.u.i.k.p.i.AbstractProblemLoader Environment load took 77.8ns 
739455     INFO  main            d.u.i.k.p.i.AbstractProblemLoader Creating init config 
742464     DEBUG main            d.u.i.k.p.i.AbstractProblemLoader Init config took 3.01s 
742540     INFO  main            d.u.i.k.p.i.AbstractProblemLoader Replaying proof Counter[java.lang.Object::<inv>()].JML accessible clause.1 
742541     DEBUG main            d.u.i.k.p.i.IntermediateProofReplayer Proof replay took 3ns 
742642     INFO  main            d.u.i.k.p.r.p.TestFile    ... finished proof: closed. 
743217     INFO  main            d.u.i.k.p.i.AbstractProblemLoader Loading environment from /home/runner/work/key/key/key.core/../key.ui/examples/heap/permissions/lockspec/Counter_inv_accessible2.key.proof 
743217     DEBUG main            d.u.i.k.p.i.AbstractProblemLoader Environment load took 61.9ns 
743218     INFO  main            d.u.i.k.p.i.AbstractProblemLoader Creating init config 
746107     DEBUG main            d.u.i.k.p.i.AbstractProblemLoader Init config took 2.89s 
746170     INFO  main            d.u.i.k.p.i.AbstractProblemLoader Replaying proof Counter[java.lang.Object::<inv>()].JML accessible clause.1 
746181     DEBUG main            d.u.i.k.p.i.IntermediateProofReplayer Proof replay took 9.18ms 
746182     DEBUG main            d.u.i.k.p.r.p.TestFile    ... success: reloaded. 
746183     INFO  main            d.u.i.k.p.r.p.TestFile    Now processing file /home/runner/work/key/key/key.core/../key.ui/examples/heap/permissions/lockspec/Counter_lockRef_accessible.key 
746183     INFO  main            d.u.i.k.p.i.AbstractProblemLoader Loading environment from /home/runner/work/key/key/key.core/../key.ui/examples/heap/permissions/lockspec/Counter_lockRef_accessible.key 
746183     DEBUG main            d.u.i.k.p.i.AbstractProblemLoader Environment load took 124.5ns 
746184     INFO  main            d.u.i.k.p.i.AbstractProblemLoader Creating init config 
749212     DEBUG main            d.u.i.k.p.i.AbstractProblemLoader Init config took 3.03s 
749267     INFO  main            d.u.i.k.p.i.AbstractProblemLoader Replaying proof Counter[LockSpec::lockRef()].JML accessible clause.0 
749268     DEBUG main            d.u.i.k.p.i.IntermediateProofReplayer Proof replay took 2.3ns 
749470     INFO  main            d.u.i.k.p.r.p.TestFile    ... finished proof: closed. 
750062     INFO  main            d.u.i.k.p.i.AbstractProblemLoader Loading environment from /home/runner/work/key/key/key.core/../key.ui/examples/heap/permissions/lockspec/Counter_lockRef_accessible.key.proof 
750062     DEBUG main            d.u.i.k.p.i.AbstractProblemLoader Environment load took 61.7ns 
750062     INFO  main            d.u.i.k.p.i.AbstractProblemLoader Creating init config 
752958     DEBUG main            d.u.i.k.p.i.AbstractProblemLoader Init config took 2.9s 
753012     INFO  main            d.u.i.k.p.i.AbstractProblemLoader Replaying proof Counter[LockSpec::lockRef()].JML accessible clause.0 
753048     DEBUG main            d.u.i.k.p.i.IntermediateProofReplayer Proof replay took 33.23ms 
753049     DEBUG main            d.u.i.k.p.r.p.TestFile    ... success: reloaded. 
753049     INFO  main            d.u.i.k.p.r.p.TestFile    Now processing file /home/runner/work/key/key/key.core/../key.ui/examples/heap/permissions/lockspec/Counter_lockRef_contract1.key 
753050     INFO  main            d.u.i.k.p.i.AbstractProblemLoader Loading environment from /home/runner/work/key/key/key.core/../key.ui/examples/heap/permissions/lockspec/Counter_lockRef_contract1.key 
753050     DEBUG main            d.u.i.k.p.i.AbstractProblemLoader Environment load took 120.4ns 
753051     INFO  main            d.u.i.k.p.i.AbstractProblemLoader Creating init config 
756038     DEBUG main            d.u.i.k.p.i.AbstractProblemLoader Init config took 2.99s 
756087     INFO  main            d.u.i.k.p.i.AbstractProblemLoader Replaying proof Counter[LockSpec::lockRef()].JML model_behavior operation contract.0 
756088     DEBUG main            d.u.i.k.p.i.IntermediateProofReplayer Proof replay took 2.3ns 
756190     INFO  main            d.u.i.k.p.r.p.TestFile    ... finished proof: closed. 
756773     INFO  main            d.u.i.k.p.i.AbstractProblemLoader Loading environment from /home/runner/work/key/key/key.core/../key.ui/examples/heap/permissions/lockspec/Counter_lockRef_contract1.key.proof 
756773     DEBUG main            d.u.i.k.p.i.AbstractProblemLoader Environment load took 61.3ns 
756774     INFO  main            d.u.i.k.p.i.AbstractProblemLoader Creating init config 
759711     DEBUG main            d.u.i.k.p.i.AbstractProblemLoader Init config took 2.94s 
759760     INFO  main            d.u.i.k.p.i.AbstractProblemLoader Replaying proof Counter[LockSpec::lockRef()].JML model_behavior operation contract.0 
759764     DEBUG main            d.u.i.k.p.i.IntermediateProofReplayer Proof replay took 3.04ms 
759765     DEBUG main            d.u.i.k.p.r.p.TestFile    ... success: reloaded. 
759765     INFO  main            d.u.i.k.p.r.p.TestFile    Now processing file /home/runner/work/key/key/key.core/../key.ui/examples/heap/permissions/lockspec/Counter_lockRef_contract2.key 
759765     INFO  main            d.u.i.k.p.i.AbstractProblemLoader Loading environment from /home/runner/work/key/key/key.core/../key.ui/examples/heap/permissions/lockspec/Counter_lockRef_contract2.key 
759766     DEBUG main            d.u.i.k.p.i.AbstractProblemLoader Environment load took 135ns 
759766     INFO  main            d.u.i.k.p.i.AbstractProblemLoader Creating init config 
762705     DEBUG main            d.u.i.k.p.i.AbstractProblemLoader Init config took 2.94s 
762754     INFO  main            d.u.i.k.p.i.AbstractProblemLoader Replaying proof Counter[Counter::lockRef()].JML model_behavior operation contract.0 
762755     DEBUG main            d.u.i.k.p.i.IntermediateProofReplayer Proof replay took 1.9ns 
762856     INFO  main            d.u.i.k.p.r.p.TestFile    ... finished proof: closed. 
763443     INFO  main            d.u.i.k.p.i.AbstractProblemLoader Loading environment from /home/runner/work/key/key/key.core/../key.ui/examples/heap/permissions/lockspec/Counter_lockRef_contract2.key.proof 
763443     DEBUG main            d.u.i.k.p.i.AbstractProblemLoader Environment load took 58.5ns 
763443     INFO  main            d.u.i.k.p.i.AbstractProblemLoader Creating init config 
766382     DEBUG main            d.u.i.k.p.i.AbstractProblemLoader Init config took 2.94s 
766431     INFO  main            d.u.i.k.p.i.AbstractProblemLoader Replaying proof Counter[Counter::lockRef()].JML model_behavior operation contract.0 
766435     DEBUG main            d.u.i.k.p.i.IntermediateProofReplayer Proof replay took 2.96ms 
766436     DEBUG main            d.u.i.k.p.r.p.TestFile    ... success: reloaded. 
766436     INFO  main            d.u.i.k.p.r.p.TestFile    Now processing file /home/runner/work/key/key/key.core/../key.ui/examples/heap/permissions/lockspec/Counter_lockState_accessible.key 
766437     INFO  main            d.u.i.k.p.i.AbstractProblemLoader Loading environment from /home/runner/work/key/key/key.core/../key.ui/examples/heap/permissions/lockspec/Counter_lockState_accessible.key 
766437     DEBUG main            d.u.i.k.p.i.AbstractProblemLoader Environment load took 68.4ns 
766437     INFO  main            d.u.i.k.p.i.AbstractProblemLoader Creating init config 
769397     DEBUG main            d.u.i.k.p.i.AbstractProblemLoader Init config took 2.96s 
769446     INFO  main            d.u.i.k.p.i.AbstractProblemLoader Replaying proof Counter[LockSpec::lockState(boolean)].JML accessible clause.0 
769447     DEBUG main            d.u.i.k.p.i.IntermediateProofReplayer Proof replay took 3.1ns 
769749     INFO  main            d.u.i.k.p.r.p.TestFile    ... finished proof: closed. 
770363     INFO  main            d.u.i.k.p.i.AbstractProblemLoader Loading environment from /home/runner/work/key/key/key.core/../key.ui/examples/heap/permissions/lockspec/Counter_lockState_accessible.key.proof 
770363     DEBUG main            d.u.i.k.p.i.AbstractProblemLoader Environment load took 62.6ns 
770363     INFO  main            d.u.i.k.p.i.AbstractProblemLoader Creating init config 
773263     DEBUG main            d.u.i.k.p.i.AbstractProblemLoader Init config took 2.9s 
773318     INFO  main            d.u.i.k.p.i.AbstractProblemLoader Replaying proof Counter[LockSpec::lockState(boolean)].JML accessible clause.0 
773384     DEBUG main            d.u.i.k.p.i.IntermediateProofReplayer Proof replay took 62.54ms 
773385     DEBUG main            d.u.i.k.p.r.p.TestFile    ... success: reloaded. 
773386     INFO  main            d.u.i.k.p.r.p.TestFile    Now processing file /home/runner/work/key/key/key.core/../key.ui/examples/heap/permissions/lockspec/Counter_lockStatus_accessible.key 
773388     INFO  main            d.u.i.k.p.i.AbstractProblemLoader Loading environment from /home/runner/work/key/key/key.core/../key.ui/examples/heap/permissions/lockspec/Counter_lockStatus_accessible.key 
773388     DEBUG main            d.u.i.k.p.i.AbstractProblemLoader Environment load took 157.1ns 
773389     INFO  main            d.u.i.k.p.i.AbstractProblemLoader Creating init config 
776388     DEBUG main            d.u.i.k.p.i.AbstractProblemLoader Init config took 3s 
776452     INFO  main            d.u.i.k.p.i.AbstractProblemLoader Replaying proof Counter[LockSpec::lockStatus(boolean)].JML accessible clause.0 
776453     DEBUG main            d.u.i.k.p.i.IntermediateProofReplayer Proof replay took 2.2ns 
776555     INFO  main            d.u.i.k.p.r.p.TestFile    ... finished proof: closed. 
777158     INFO  main            d.u.i.k.p.i.AbstractProblemLoader Loading environment from /home/runner/work/key/key/key.core/../key.ui/examples/heap/permissions/lockspec/Counter_lockStatus_accessible.key.proof 
777158     DEBUG main            d.u.i.k.p.i.AbstractProblemLoader Environment load took 61.2ns 
777159     INFO  main            d.u.i.k.p.i.AbstractProblemLoader Creating init config 
780123     DEBUG main            d.u.i.k.p.i.AbstractProblemLoader Init config took 2.96s 
780173     INFO  main            d.u.i.k.p.i.AbstractProblemLoader Replaying proof Counter[LockSpec::lockStatus(boolean)].JML accessible clause.0 
780190     DEBUG main            d.u.i.k.p.i.IntermediateProofReplayer Proof replay took 15.84ms 
780191     DEBUG main            d.u.i.k.p.r.p.TestFile    ... success: reloaded. 
780192     INFO  main            d.u.i.k.p.r.p.TestFile    Now processing file /home/runner/work/key/key/key.core/../key.ui/examples/heap/permissions/lockspec/Counter_lockTransfer_accessible.key 
780192     INFO  main            d.u.i.k.p.i.AbstractProblemLoader Loading environment from /home/runner/work/key/key/key.core/../key.ui/examples/heap/permissions/lockspec/Counter_lockTransfer_accessible.key 
780192     DEBUG main            d.u.i.k.p.i.AbstractProblemLoader Environment load took 58.9ns 
780192     INFO  main            d.u.i.k.p.i.AbstractProblemLoader Creating init config 
783144     DEBUG main            d.u.i.k.p.i.AbstractProblemLoader Init config took 2.95s 
783198     INFO  main            d.u.i.k.p.i.AbstractProblemLoader Replaying proof Counter[LockSpec::lockTransfer()].JML accessible clause.0 
783200     DEBUG main            d.u.i.k.p.i.IntermediateProofReplayer Proof replay took 2.6ns 
783501     INFO  main            d.u.i.k.p.r.p.TestFile    ... finished proof: closed. 
784114     INFO  main            d.u.i.k.p.i.AbstractProblemLoader Loading environment from /home/runner/work/key/key/key.core/../key.ui/examples/heap/permissions/lockspec/Counter_lockTransfer_accessible.key.proof 
784114     DEBUG main            d.u.i.k.p.i.AbstractProblemLoader Environment load took 59.8ns 
784115     INFO  main            d.u.i.k.p.i.AbstractProblemLoader Creating init config 
787030     DEBUG main            d.u.i.k.p.i.AbstractProblemLoader Init config took 2.92s 
787085     INFO  main            d.u.i.k.p.i.AbstractProblemLoader Replaying proof Counter[LockSpec::lockTransfer()].JML accessible clause.0 
787143     DEBUG main            d.u.i.k.p.i.IntermediateProofReplayer Proof replay took 54.75ms 
787144     DEBUG main            d.u.i.k.p.r.p.TestFile    ... success: reloaded. 
787145     INFO  main            d.u.i.k.p.r.p.TestFile    Now processing file /home/runner/work/key/key/key.core/../key.ui/examples/heap/permissions/lockspec/Counter_unlockTransfer_accessible.key 
787145     INFO  main            d.u.i.k.p.i.AbstractProblemLoader Loading environment from /home/runner/work/key/key/key.core/../key.ui/examples/heap/permissions/lockspec/Counter_unlockTransfer_accessible.key 
787145     DEBUG main            d.u.i.k.p.i.AbstractProblemLoader Environment load took 149.2ns 
787147     INFO  main            d.u.i.k.p.i.AbstractProblemLoader Creating init config 
790199     DEBUG main            d.u.i.k.p.i.AbstractProblemLoader Init config took 3.05s 
790248     INFO  main            d.u.i.k.p.i.AbstractProblemLoader Replaying proof Counter[LockSpec::unlockTransfer()].JML accessible clause.0 
790249     DEBUG main            d.u.i.k.p.i.IntermediateProofReplayer Proof replay took 2.1ns 
790552     INFO  main            d.u.i.k.p.r.p.TestFile    ... finished proof: closed. 
791205     INFO  main            d.u.i.k.p.i.AbstractProblemLoader Loading environment from /home/runner/work/key/key/key.core/../key.ui/examples/heap/permissions/lockspec/Counter_unlockTransfer_accessible.key.proof 
791205     DEBUG main            d.u.i.k.p.i.AbstractProblemLoader Environment load took 67.9ns 
791206     INFO  main            d.u.i.k.p.i.AbstractProblemLoader Creating init config 
794120     DEBUG main            d.u.i.k.p.i.AbstractProblemLoader Init config took 2.91s 
794175     INFO  main            d.u.i.k.p.i.AbstractProblemLoader Replaying proof Counter[LockSpec::unlockTransfer()].JML accessible clause.0 
794237     DEBUG main            d.u.i.k.p.i.IntermediateProofReplayer Proof replay took 55.58ms 
794237     DEBUG main            d.u.i.k.p.r.p.TestFile    ... success: reloaded. 
794238     INFO  main            d.u.i.k.p.r.p.TestFile    Now processing file /home/runner/work/key/key/key.core/../key.ui/examples/heap/permissions/threads/Plotter_startTransfer_contract.proof 
794238     INFO  main            d.u.i.k.p.i.AbstractProblemLoader Loading environment from /home/runner/work/key/key/key.core/../key.ui/examples/heap/permissions/threads/Plotter_startTransfer_contract.proof 
794238     DEBUG main            d.u.i.k.p.i.AbstractProblemLoader Environment load took 61.5ns 
794239     INFO  main            d.u.i.k.p.i.AbstractProblemLoader Creating init config 
798739     DEBUG main            d.u.i.k.p.i.AbstractProblemLoader Init config took 4.5s 
798821     INFO  main            d.u.i.k.p.i.AbstractProblemLoader Replaying proof Plotter[ThreadSpec2::startTransfer()].JML model_behavior operation contract.0 
798901     DEBUG main            d.u.i.k.p.i.IntermediateProofReplayer Proof replay took 74.03ms 
798902     INFO  main            d.u.i.k.p.r.p.TestFile    ... success: loaded 
798903     INFO  main            d.u.i.k.p.r.p.TestFile    Now processing file /home/runner/work/key/key/key.core/../key.ui/examples/heap/permissions/threads/Plotter_startTransfer_accessible.proof 
798903     INFO  main            d.u.i.k.p.i.AbstractProblemLoader Loading environment from /home/runner/work/key/key/key.core/../key.ui/examples/heap/permissions/threads/Plotter_startTransfer_accessible.proof 
798903     DEBUG main            d.u.i.k.p.i.AbstractProblemLoader Environment load took 144.8ns 
798904     INFO  main            d.u.i.k.p.i.AbstractProblemLoader Creating init config 
803539     DEBUG main            d.u.i.k.p.i.AbstractProblemLoader Init config took 4.63s 
803638     INFO  main            d.u.i.k.p.i.AbstractProblemLoader Replaying proof Plotter[ThreadSpec2::startTransfer()].JML accessible clause.0 
803754     DEBUG main            d.u.i.k.p.i.IntermediateProofReplayer Proof replay took 112.49ms 
803754     INFO  main            d.u.i.k.p.r.p.TestFile    ... success: loaded 
803755     INFO  main            d.u.i.k.p.r.p.TestFile    Now processing file /home/runner/work/key/key/key.core/../key.ui/examples/heap/permissions/threads/Plotter_joinTransfer_accessible.proof 
803756     INFO  main            d.u.i.k.p.i.AbstractProblemLoader Loading environment from /home/runner/work/key/key/key.core/../key.ui/examples/heap/permissions/threads/Plotter_joinTransfer_accessible.proof 
803756     DEBUG main            d.u.i.k.p.i.AbstractProblemLoader Environment load took 160.7ns 
803757     INFO  main            d.u.i.k.p.i.AbstractProblemLoader Creating init config 
808300     DEBUG main            d.u.i.k.p.i.AbstractProblemLoader Init config took 4.54s 
808387     INFO  main            d.u.i.k.p.i.AbstractProblemLoader Replaying proof Plotter[ThreadSpec2::joinTransfer()].JML accessible clause.0 
808404     WARN  main            d.u.i.k.p.i.IntermediateProofReplayer Proof contains wrong number of \assumes instatiations for Definition_axiom_for_stateInv_in_Plotter 
808411     WARN  main            d.u.i.k.p.i.IntermediateProofReplayer Proof contains wrong number of \assumes instatiations for Definition_axiom_for_stateInv_in_Plotter 
808416     WARN  main            d.u.i.k.p.i.IntermediateProofReplayer Proof contains wrong number of \assumes instatiations for Definition_axiom_for_workingPermissions_in_Plotter 
808417     WARN  main            d.u.i.k.p.i.IntermediateProofReplayer Proof contains wrong number of \assumes instatiations for Definition_axiom_for_staticPermissions_in_Plotter 
808418     WARN  main            d.u.i.k.p.i.IntermediateProofReplayer Proof contains wrong number of \assumes instatiations for Definition_axiom_for_joinTransfer_in_Plotter 
808419     WARN  main            d.u.i.k.p.i.IntermediateProofReplayer Proof contains wrong number of \assumes instatiations for Definition_axiom_for_stateInv_in_BFilter 
808421     WARN  main            d.u.i.k.p.i.IntermediateProofReplayer Proof contains wrong number of \assumes instatiations for Definition_axiom_for_stateInv_in_AFilter 
808423     WARN  main            d.u.i.k.p.i.IntermediateProofReplayer Proof contains wrong number of \assumes instatiations for Definition_axiom_for_stateInv_in_BFilter 
808424     WARN  main            d.u.i.k.p.i.IntermediateProofReplayer Proof contains wrong number of \assumes instatiations for Definition_axiom_for_stateInv_in_AFilter 
808426     WARN  main            d.u.i.k.p.i.IntermediateProofReplayer Proof contains wrong number of \assumes instatiations for Definition_axiom_for_staticPermissions_in_AFilter 
808427     WARN  main            d.u.i.k.p.i.IntermediateProofReplayer Proof contains wrong number of \assumes instatiations for Definition_axiom_for_staticPermissions_in_Plotter 
808427     WARN  main            d.u.i.k.p.i.IntermediateProofReplayer Proof contains wrong number of \assumes instatiations for Definition_axiom_for_staticPermissions_in_BFilter 
808428     WARN  main            d.u.i.k.p.i.IntermediateProofReplayer Proof contains wrong number of \assumes instatiations for Definition_axiom_for_workingPermissions_in_Plotter 
808429     WARN  main            d.u.i.k.p.i.IntermediateProofReplayer Proof contains wrong number of \assumes instatiations for Definition_axiom_for_stateInv_in_Sampler 
808430     WARN  main            d.u.i.k.p.i.IntermediateProofReplayer Proof contains wrong number of \assumes instatiations for Definition_axiom_for_stateInv_in_Sampler 
808431     WARN  main            d.u.i.k.p.i.IntermediateProofReplayer Proof contains wrong number of \assumes instatiations for Definition_axiom_for_staticPermissions_in_Sampler 
808431     WARN  main            d.u.i.k.p.i.IntermediateProofReplayer Proof contains wrong number of \assumes instatiations for Definition_axiom_for_staticPermissions_in_BFilter 
808432     WARN  main            d.u.i.k.p.i.IntermediateProofReplayer Proof contains wrong number of \assumes instatiations for Definition_axiom_for_staticPermissions_in_AFilter 
808433     WARN  main            d.u.i.k.p.i.IntermediateProofReplayer Proof contains wrong number of \assumes instatiations for Definition_axiom_for_staticPermissions_in_Sampler 
808434     WARN  main            d.u.i.k.p.i.IntermediateProofReplayer Proof contains wrong number of \assumes instatiations for Definition_axiom_for_staticPermissions_in_Sampler 
808434     WARN  main            d.u.i.k.p.i.IntermediateProofReplayer Proof contains wrong number of \assumes instatiations for Definition_axiom_for_staticPermissions_in_Sampler 
808435     WARN  main            d.u.i.k.p.i.IntermediateProofReplayer Proof contains wrong number of \assumes instatiations for Definition_axiom_for_joinTransfer_in_Plotter 
808537     DEBUG main            d.u.i.k.p.i.IntermediateProofReplayer Proof replay took 136.91ms 
808541     INFO  main            d.u.i.k.p.r.p.TestFile    ... success: loaded 
4827852    INFO  Test worker     d.u.i.k.p.r.RunAllProofsTestUnit Returning from test permissionHeap 
4827857    INFO  Test worker     d.u.i.k.p.r.RunAllProofsTestUnit Running test completionScopes 
367        INFO  Timeout watchdog d.u.i.k.p.r.p.ForkedTestFileRunner Timeout watcher launched (2000 secs.) 
369        WARN  main            d.u.i.k.s.ProofSettings   The settings in /home/runner/.key/proof-settings.props are *not* read. 
410        INFO  main            d.u.i.k.p.r.p.TestFile    Now processing file /home/runner/work/key/key/key.core/../key.ui/examples/completionscopes/testCcatchReturnVal.key 
522        INFO  main            d.u.i.k.p.i.AbstractProblemLoader Loading environment from /home/runner/work/key/key/key.core/../key.ui/examples/completionscopes/testCcatchReturnVal.key 
544        DEBUG main            d.u.i.k.p.i.AbstractProblemLoader Environment load took 1.88ms 
749        INFO  main            d.u.i.k.p.i.AbstractProblemLoader Creating init config 
1511       DEBUG main            d.u.i.k.j.TypeConverter   No LDT found for Meta 
1512       DEBUG main            d.u.i.k.j.TypeConverter   No LDT found for Meta 
1513       DEBUG main            d.u.i.k.j.TypeConverter   No LDT found for Meta 
1513       DEBUG main            d.u.i.k.j.TypeConverter   No LDT found for Meta 
2803       DEBUG main            d.u.i.k.j.TypeConverter   No LDT found for JavaBigintExpression 
7725       DEBUG main            d.u.i.k.p.i.AbstractProblemLoader Init config took 6.98s 
7848       INFO  main            d.u.i.k.p.i.AbstractProblemLoader Replaying proof CompletionScopes[CompletionScopes::testCcatchReturnVal()].JML normal_behavior operation contract.0 
7877       DEBUG main            d.u.i.k.p.i.IntermediateProofReplayer Proof replay took 26.9ns 
8353       INFO  main            d.u.i.k.p.r.p.TestFile    ... finished proof: closed. 
8463       INFO  main            d.u.i.k.p.i.AbstractProblemLoader Loading environment from /home/runner/work/key/key/key.core/../key.ui/examples/completionscopes/testCcatchReturnVal.key.proof 
8463       DEBUG main            d.u.i.k.p.i.AbstractProblemLoader Environment load took 135.2ns 
8466       INFO  main            d.u.i.k.p.i.AbstractProblemLoader Creating init config 
11010      DEBUG main            d.u.i.k.p.i.AbstractProblemLoader Init config took 2.54s 
11074      INFO  main            d.u.i.k.p.i.AbstractProblemLoader Replaying proof CompletionScopes[CompletionScopes::testCcatchReturnVal()].JML normal_behavior operation contract.0 
11112      DEBUG main            d.u.i.k.p.i.IntermediateProofReplayer Proof replay took 33.71ms 
11118      DEBUG main            d.u.i.k.p.r.p.TestFile    ... success: reloaded. 
11120      INFO  main            d.u.i.k.p.r.p.TestFile    Now processing file /home/runner/work/key/key/key.core/../key.ui/examples/completionscopes/testMultCcatchClauses.key 
11120      INFO  main            d.u.i.k.p.i.AbstractProblemLoader Loading environment from /home/runner/work/key/key/key.core/../key.ui/examples/completionscopes/testMultCcatchClauses.key 
11120      DEBUG main            d.u.i.k.p.i.AbstractProblemLoader Environment load took 181.7ns 
11122      INFO  main            d.u.i.k.p.i.AbstractProblemLoader Creating init config 
13614      DEBUG main            d.u.i.k.p.i.AbstractProblemLoader Init config took 2.49s 
13670      INFO  main            d.u.i.k.p.i.AbstractProblemLoader Replaying proof CompletionScopes[CompletionScopes::testMultCcatchClauses()].JML normal_behavior operation contract.0 
13672      DEBUG main            d.u.i.k.p.i.IntermediateProofReplayer Proof replay took 4.9ns 
13979      INFO  main            d.u.i.k.p.r.p.TestFile    ... finished proof: closed. 
14107      INFO  main            d.u.i.k.p.i.AbstractProblemLoader Loading environment from /home/runner/work/key/key/key.core/../key.ui/examples/completionscopes/testMultCcatchClauses.key.proof 
14109      DEBUG main            d.u.i.k.p.i.AbstractProblemLoader Environment load took 1.62ms 
14111      INFO  main            d.u.i.k.p.i.AbstractProblemLoader Creating init config 
16480      DEBUG main            d.u.i.k.p.i.AbstractProblemLoader Init config took 2.37s 
16530      INFO  main            d.u.i.k.p.i.AbstractProblemLoader Replaying proof CompletionScopes[CompletionScopes::testMultCcatchClauses()].JML normal_behavior operation contract.0 
16614      DEBUG main            d.u.i.k.p.i.IntermediateProofReplayer Proof replay took 79.87ms 
16615      DEBUG main            d.u.i.k.p.r.p.TestFile    ... success: reloaded. 
16616      INFO  main            d.u.i.k.p.r.p.TestFile    Now processing file /home/runner/work/key/key/key.core/../key.ui/examples/completionscopes/testNestedExec.key 
16616      INFO  main            d.u.i.k.p.i.AbstractProblemLoader Loading environment from /home/runner/work/key/key/key.core/../key.ui/examples/completionscopes/testNestedExec.key 
16617      DEBUG main            d.u.i.k.p.i.AbstractProblemLoader Environment load took 158.1ns 
16618      INFO  main            d.u.i.k.p.i.AbstractProblemLoader Creating init config 
19021      DEBUG main            d.u.i.k.p.i.AbstractProblemLoader Init config took 2.4s 
19076      INFO  main            d.u.i.k.p.i.AbstractProblemLoader Replaying proof CompletionScopes[CompletionScopes::testMultCcatchClauses()].JML normal_behavior operation contract.0 
19078      DEBUG main            d.u.i.k.p.i.IntermediateProofReplayer Proof replay took 4.8ns 
19381      INFO  main            d.u.i.k.p.r.p.TestFile    ... finished proof: closed. 
19523      INFO  main            d.u.i.k.p.i.AbstractProblemLoader Loading environment from /home/runner/work/key/key/key.core/../key.ui/examples/completionscopes/testNestedExec.key.proof 
19524      DEBUG main            d.u.i.k.p.i.AbstractProblemLoader Environment load took 104.5ns 
19526      INFO  main            d.u.i.k.p.i.AbstractProblemLoader Creating init config 
21836      DEBUG main            d.u.i.k.p.i.AbstractProblemLoader Init config took 2.31s 
21882      INFO  main            d.u.i.k.p.i.AbstractProblemLoader Replaying proof CompletionScopes[CompletionScopes::testMultCcatchClauses()].JML normal_behavior operation contract.0 
21969      DEBUG main            d.u.i.k.p.i.IntermediateProofReplayer Proof replay took 80.97ms 
21970      DEBUG main            d.u.i.k.p.r.p.TestFile    ... success: reloaded. 
21972      INFO  main            d.u.i.k.p.r.p.TestFile    Now processing file /home/runner/work/key/key/key.core/../key.ui/examples/completionscopes/testCcatchBreakLabel.key 
21972      INFO  main            d.u.i.k.p.i.AbstractProblemLoader Loading environment from /home/runner/work/key/key/key.core/../key.ui/examples/completionscopes/testCcatchBreakLabel.key 
21972      DEBUG main            d.u.i.k.p.i.AbstractProblemLoader Environment load took 83.9ns 
21974      INFO  main            d.u.i.k.p.i.AbstractProblemLoader Creating init config 
24351      DEBUG main            d.u.i.k.p.i.AbstractProblemLoader Init config took 2.38s 
24393      INFO  main            d.u.i.k.p.i.AbstractProblemLoader Replaying proof CompletionScopes[CompletionScopes::testBreakLabel()].JML normal_behavior operation contract.0 
24395      DEBUG main            d.u.i.k.p.i.IntermediateProofReplayer Proof replay took 6.2ns 
24410      DEBUG Thread-10       d.u.i.k.l.o.ProgramSV     Match failed: Former match of  SchemaVariable incompatible with  the current match. 
24497      INFO  main            d.u.i.k.p.r.p.TestFile    ... finished proof: closed. 
24628      INFO  main            d.u.i.k.p.i.AbstractProblemLoader Loading environment from /home/runner/work/key/key/key.core/../key.ui/examples/completionscopes/testCcatchBreakLabel.key.proof 
24628      DEBUG main            d.u.i.k.p.i.AbstractProblemLoader Environment load took 111.2ns 
24629      INFO  main            d.u.i.k.p.i.AbstractProblemLoader Creating init config 
26947      DEBUG main            d.u.i.k.p.i.AbstractProblemLoader Init config took 2.32s 
26989      INFO  main            d.u.i.k.p.i.AbstractProblemLoader Replaying proof CompletionScopes[CompletionScopes::testBreakLabel()].JML normal_behavior operation contract.0 
26998      DEBUG main            d.u.i.k.p.i.IntermediateProofReplayer Proof replay took 7.48ms 
26999      DEBUG main            d.u.i.k.p.r.p.TestFile    ... success: reloaded. 
27000      INFO  main            d.u.i.k.p.r.p.TestFile    Now processing file /home/runner/work/key/key/key.core/../key.ui/examples/completionscopes/testCcatchContinueLabel.key 
27000      INFO  main            d.u.i.k.p.i.AbstractProblemLoader Loading environment from /home/runner/work/key/key/key.core/../key.ui/examples/completionscopes/testCcatchContinueLabel.key 
27000      DEBUG main            d.u.i.k.p.i.AbstractProblemLoader Environment load took 83.9ns 
27001      INFO  main            d.u.i.k.p.i.AbstractProblemLoader Creating init config 
29343      DEBUG main            d.u.i.k.p.i.AbstractProblemLoader Init config took 2.34s 
29391      INFO  main            d.u.i.k.p.i.AbstractProblemLoader Replaying proof CompletionScopes[CompletionScopes::testContinueLabel()].JML normal_behavior operation contract.0 
29393      DEBUG main            d.u.i.k.p.i.IntermediateProofReplayer Proof replay took 5.4ns 
29411      DEBUG Thread-13       d.u.i.k.l.o.ProgramSV     Match failed: Former match of  SchemaVariable incompatible with  the current match. 
29495      INFO  main            d.u.i.k.p.r.p.TestFile    ... finished proof: closed. 
29632      INFO  main            d.u.i.k.p.i.AbstractProblemLoader Loading environment from /home/runner/work/key/key/key.core/../key.ui/examples/completionscopes/testCcatchContinueLabel.key.proof 
29632      DEBUG main            d.u.i.k.p.i.AbstractProblemLoader Environment load took 108.5ns 
29633      INFO  main            d.u.i.k.p.i.AbstractProblemLoader Creating init config 
31891      DEBUG main            d.u.i.k.p.i.AbstractProblemLoader Init config took 2.26s 
31934      INFO  main            d.u.i.k.p.i.AbstractProblemLoader Replaying proof CompletionScopes[CompletionScopes::testContinueLabel()].JML normal_behavior operation contract.0 
31943      DEBUG main            d.u.i.k.p.i.IntermediateProofReplayer Proof replay took 7.34ms 
31944      DEBUG main            d.u.i.k.p.r.p.TestFile    ... success: reloaded. 
31945      INFO  main            d.u.i.k.p.r.p.TestFile    Now processing file /home/runner/work/key/key/key.core/../key.ui/examples/completionscopes/testCcatchBreakLabelWildcard.key 
31945      INFO  main            d.u.i.k.p.i.AbstractProblemLoader Loading environment from /home/runner/work/key/key/key.core/../key.ui/examples/completionscopes/testCcatchBreakLabelWildcard.key 
31946      DEBUG main            d.u.i.k.p.i.AbstractProblemLoader Environment load took 153.9ns 
31947      INFO  main            d.u.i.k.p.i.AbstractProblemLoader Creating init config 
34237      DEBUG main            d.u.i.k.p.i.AbstractProblemLoader Init config took 2.29s 
34277      INFO  main            d.u.i.k.p.i.AbstractProblemLoader Replaying proof CompletionScopes[CompletionScopes::testBreakLabelWildcard()].JML normal_behavior operation contract.0 
34279      DEBUG main            d.u.i.k.p.i.IntermediateProofReplayer Proof replay took 5.2ns 
34293      DEBUG Thread-16       d.u.i.k.l.o.ProgramSV     Match failed: Former match of  SchemaVariable incompatible with  the current match. 
34294      DEBUG Thread-16       d.u.i.k.l.o.ProgramSV     Match failed: Former match of  SchemaVariable incompatible with  the current match. 
34381      INFO  main            d.u.i.k.p.r.p.TestFile    ... finished proof: closed. 
34517      INFO  main            d.u.i.k.p.i.AbstractProblemLoader Loading environment from /home/runner/work/key/key/key.core/../key.ui/examples/completionscopes/testCcatchBreakLabelWildcard.key.proof 
34517      DEBUG main            d.u.i.k.p.i.AbstractProblemLoader Environment load took 106ns 
34518      INFO  main            d.u.i.k.p.i.AbstractProblemLoader Creating init config 
36787      DEBUG main            d.u.i.k.p.i.AbstractProblemLoader Init config took 2.27s 
36827      INFO  main            d.u.i.k.p.i.AbstractProblemLoader Replaying proof CompletionScopes[CompletionScopes::testBreakLabelWildcard()].JML normal_behavior operation contract.0 
36836      DEBUG main            d.u.i.k.p.i.IntermediateProofReplayer Proof replay took 7.03ms 
36837      DEBUG main            d.u.i.k.p.r.p.TestFile    ... success: reloaded. 
36838      INFO  main            d.u.i.k.p.r.p.TestFile    Now processing file /home/runner/work/key/key/key.core/../key.ui/examples/completionscopes/testCcatchContinueLabelWildcard.key 
36838      INFO  main            d.u.i.k.p.i.AbstractProblemLoader Loading environment from /home/runner/work/key/key/key.core/../key.ui/examples/completionscopes/testCcatchContinueLabelWildcard.key 
36838      DEBUG main            d.u.i.k.p.i.AbstractProblemLoader Environment load took 95ns 
36839      INFO  main            d.u.i.k.p.i.AbstractProblemLoader Creating init config 
39186      DEBUG main            d.u.i.k.p.i.AbstractProblemLoader Init config took 2.35s 
39224      INFO  main            d.u.i.k.p.i.AbstractProblemLoader Replaying proof CompletionScopes[CompletionScopes::testContinueLabelWildcard()].JML normal_behavior operation contract.0 
39226      DEBUG main            d.u.i.k.p.i.IntermediateProofReplayer Proof replay took 5.3ns 
39242      DEBUG Thread-19       d.u.i.k.l.o.ProgramSV     Match failed: Former match of  SchemaVariable incompatible with  the current match. 
39243      DEBUG Thread-19       d.u.i.k.l.o.ProgramSV     Match failed: Former match of  SchemaVariable incompatible with  the current match. 
39327      INFO  main            d.u.i.k.p.r.p.TestFile    ... finished proof: closed. 
39470      INFO  main            d.u.i.k.p.i.AbstractProblemLoader Loading environment from /home/runner/work/key/key/key.core/../key.ui/examples/completionscopes/testCcatchContinueLabelWildcard.key.proof 
39470      DEBUG main            d.u.i.k.p.i.AbstractProblemLoader Environment load took 106.4ns 
39471      INFO  main            d.u.i.k.p.i.AbstractProblemLoader Creating init config 
41757      DEBUG main            d.u.i.k.p.i.AbstractProblemLoader Init config took 2.29s 
41795      INFO  main            d.u.i.k.p.i.AbstractProblemLoader Replaying proof CompletionScopes[CompletionScopes::testContinueLabelWildcard()].JML normal_behavior operation contract.0 
41804      DEBUG main            d.u.i.k.p.i.IntermediateProofReplayer Proof replay took 7.5ms 
41805      DEBUG main            d.u.i.k.p.r.p.TestFile    ... success: reloaded. 
41805      INFO  main            d.u.i.k.p.r.p.TestFile    Now processing file /home/runner/work/key/key/key.core/../key.ui/examples/completionscopes/testCcatchBreakLabelNonmatchingNested.key 
41806      INFO  main            d.u.i.k.p.i.AbstractProblemLoader Loading environment from /home/runner/work/key/key/key.core/../key.ui/examples/completionscopes/testCcatchBreakLabelNonmatchingNested.key 
41806      DEBUG main            d.u.i.k.p.i.AbstractProblemLoader Environment load took 78.4ns 
41807      INFO  main            d.u.i.k.p.i.AbstractProblemLoader Creating init config 
44107      DEBUG main            d.u.i.k.p.i.AbstractProblemLoader Init config took 2.3s 
44144      INFO  main            d.u.i.k.p.i.AbstractProblemLoader Replaying proof CompletionScopes[CompletionScopes::testBreakLabelNonmatchingNested()].JML normal_behavior operation contract.0 
44146      DEBUG main            d.u.i.k.p.i.IntermediateProofReplayer Proof replay took 4.8ns 
44161      DEBUG Thread-22       d.u.i.k.l.o.ProgramSV     Match failed: Former match of  SchemaVariable incompatible with  the current match. 
44162      DEBUG Thread-22       d.u.i.k.l.o.ProgramSV     Match failed: Former match of  SchemaVariable incompatible with  the current match. 
44249      INFO  main            d.u.i.k.p.r.p.TestFile    ... finished proof: closed. 
44405      INFO  main            d.u.i.k.p.i.AbstractProblemLoader Loading environment from /home/runner/work/key/key/key.core/../key.ui/examples/completionscopes/testCcatchBreakLabelNonmatchingNested.key.proof 
44405      DEBUG main            d.u.i.k.p.i.AbstractProblemLoader Environment load took 107.4ns 
44406      INFO  main            d.u.i.k.p.i.AbstractProblemLoader Creating init config 
46683      DEBUG main            d.u.i.k.p.i.AbstractProblemLoader Init config took 2.28s 
46722      INFO  main            d.u.i.k.p.i.AbstractProblemLoader Replaying proof CompletionScopes[CompletionScopes::testBreakLabelNonmatchingNested()].JML normal_behavior operation contract.0 
46737      DEBUG main            d.u.i.k.p.i.IntermediateProofReplayer Proof replay took 12.38ms 
46737      DEBUG main            d.u.i.k.p.r.p.TestFile    ... success: reloaded. 
4874761    INFO  Test worker     d.u.i.k.p.r.RunAllProofsTestUnit Returning from test completionScopes 
4874762    INFO  Test worker     d.u.i.k.p.r.RunAllProofsTestUnit Running test reload_examples 
327        INFO  Timeout watchdog d.u.i.k.p.r.p.ForkedTestFileRunner Timeout watcher launched (2000 secs.) 
341        WARN  main            d.u.i.k.s.ProofSettings   The settings in /home/runner/.key/proof-settings.props are *not* read. 
377        INFO  main            d.u.i.k.p.r.p.TestFile    Now processing file /home/runner/work/key/key/key.core/../key.ui/examples/firstTouch/05-ReverseArray/reverseArray.key 
519        INFO  main            d.u.i.k.p.i.AbstractProblemLoader Loading environment from /home/runner/work/key/key/key.core/../key.ui/examples/firstTouch/05-ReverseArray/reverseArray.key 
541        DEBUG main            d.u.i.k.p.i.AbstractProblemLoader Environment load took 1.94ms 
760        INFO  main            d.u.i.k.p.i.AbstractProblemLoader Creating init config 
1692       DEBUG main            d.u.i.k.j.TypeConverter   No LDT found for Meta 
1693       DEBUG main            d.u.i.k.j.TypeConverter   No LDT found for Meta 
1696       DEBUG main            d.u.i.k.j.TypeConverter   No LDT found for Meta 
1696       DEBUG main            d.u.i.k.j.TypeConverter   No LDT found for Meta 
2955       DEBUG main            d.u.i.k.j.TypeConverter   No LDT found for JavaBigintExpression 
7630       DEBUG main            d.u.i.k.p.i.AbstractProblemLoader Init config took 6.87s 
7730       INFO  main            d.u.i.k.p.i.AbstractProblemLoader Replaying proof ReverseArray[ReverseArray::reverse()].JML normal_behavior operation contract.0 
7775       DEBUG main            d.u.i.k.p.i.IntermediateProofReplayer Proof replay took 29.4ns 
17900      INFO  main            d.u.i.k.p.r.p.TestFile    ... finished proof: closed. 
18097      INFO  main            d.u.i.k.p.i.AbstractProblemLoader Loading environment from /home/runner/work/key/key/key.core/../key.ui/examples/firstTouch/05-ReverseArray/reverseArray.key.proof 
18098      DEBUG main            d.u.i.k.p.i.AbstractProblemLoader Environment load took 813.2ns 
18104      INFO  main            d.u.i.k.p.i.AbstractProblemLoader Creating init config 
20913      DEBUG main            d.u.i.k.p.i.AbstractProblemLoader Init config took 2.81s 
20969      INFO  main            d.u.i.k.p.i.AbstractProblemLoader Replaying proof ReverseArray[ReverseArray::reverse()].JML normal_behavior operation contract.0 
22072      DEBUG main            d.u.i.k.p.i.IntermediateProofReplayer Proof replay took 1.04s 
22081      DEBUG main            d.u.i.k.p.r.p.TestFile    ... success: reloaded. 
22083      INFO  main            d.u.i.k.p.r.p.TestFile    Now processing file /home/runner/work/key/key/key.core/../key.ui/examples/standard_key/arith/saveProofTest.key.proof 
22083      INFO  main            d.u.i.k.p.i.AbstractProblemLoader Loading environment from /home/runner/work/key/key/key.core/../key.ui/examples/standard_key/arith/saveProofTest.key.proof 
22083      DEBUG main            d.u.i.k.p.i.AbstractProblemLoader Environment load took 176.2ns 
22085      INFO  main            d.u.i.k.p.i.AbstractProblemLoader Creating init config 
24502      DEBUG main            d.u.i.k.p.i.AbstractProblemLoader Init config took 2.42s 
24541      INFO  main            d.u.i.k.p.i.AbstractProblemLoader Replaying proof saveProofTest.key.proof 
24551      DEBUG main            d.u.i.k.p.i.IntermediateProofReplayer Proof replay took 3.5ms 
24552      INFO  main            d.u.i.k.p.r.p.TestFile    ... success: loaded 
24554      INFO  main            d.u.i.k.p.r.p.TestFile    Now processing file /home/runner/work/key/key/key.core/../key.ui/examples/heap/permutedSum/perm.proof 
24554      INFO  main            d.u.i.k.p.i.AbstractProblemLoader Loading environment from /home/runner/work/key/key/key.core/../key.ui/examples/heap/permutedSum/perm.proof 
24555      DEBUG main            d.u.i.k.p.i.AbstractProblemLoader Environment load took 503.5ns 
24558      INFO  main            d.u.i.k.p.i.AbstractProblemLoader Creating init config 
27170      DEBUG main            d.u.i.k.p.i.AbstractProblemLoader Init config took 2.61s 
27240      INFO  main            d.u.i.k.p.i.AbstractProblemLoader Replaying proof Perm[Perm::foo()].JML normal_behavior operation contract.0 
28231      DEBUG main            d.u.i.k.p.i.IntermediateProofReplayer Proof replay took 937.26ms 
28233      INFO  main            d.u.i.k.p.r.p.TestFile    ... success: loaded 
28235      INFO  main            d.u.i.k.p.r.p.TestFile    Now processing file /home/runner/work/key/key/key.core/../key.ui/examples/firstTouch/05-ReverseArray/reverseArray.proof 
28235      INFO  main            d.u.i.k.p.i.AbstractProblemLoader Loading environment from /home/runner/work/key/key/key.core/../key.ui/examples/firstTouch/05-ReverseArray/reverseArray.proof 
28235      DEBUG main            d.u.i.k.p.i.AbstractProblemLoader Environment load took 177.8ns 
28237      INFO  main            d.u.i.k.p.i.AbstractProblemLoader Creating init config 
30712      DEBUG main            d.u.i.k.p.i.AbstractProblemLoader Init config took 2.47s 
30749      INFO  main            d.u.i.k.p.i.AbstractProblemLoader Replaying proof ReverseArray[ReverseArray::reverse()].JML normal_behavior operation contract.0 
31743      DEBUG main            d.u.i.k.p.i.IntermediateProofReplayer Proof replay took 937.99ms 
31746      INFO  main            d.u.i.k.p.r.p.TestFile    ... success: loaded 
31747      INFO  main            d.u.i.k.p.r.p.TestFile    Now processing file /home/runner/work/key/key/key.core/../key.ui/examples/heap/verifyThis15_1_RelaxedPrefix/relax.proof 
31747      INFO  main            d.u.i.k.p.i.AbstractProblemLoader Loading environment from /home/runner/work/key/key/key.core/../key.ui/examples/heap/verifyThis15_1_RelaxedPrefix/relax.proof 
31747      DEBUG main            d.u.i.k.p.i.AbstractProblemLoader Environment load took 117ns 
31749      INFO  main            d.u.i.k.p.i.AbstractProblemLoader Creating init config 
34205      DEBUG main            d.u.i.k.p.i.AbstractProblemLoader Init config took 2.46s 
34247      INFO  main            d.u.i.k.p.i.AbstractProblemLoader Replaying proof Relaxed[Relaxed::isRelaxedPrefix([I,[I)].JML operation contract.0 
34684      DEBUG main            d.u.i.k.p.i.IntermediateProofReplayer Proof replay took 418.66ms 
34685      INFO  main            d.u.i.k.p.r.p.TestFile    ... success: loaded 
34686      INFO  main            d.u.i.k.p.r.p.TestFile    Now processing file /home/runner/work/key/key/key.core/../key.ui/examples/heap/verifyThis15_3_DLL/doUndo.proof 
34687      INFO  main            d.u.i.k.p.i.AbstractProblemLoader Loading environment from /home/runner/work/key/key/key.core/../key.ui/examples/heap/verifyThis15_3_DLL/doUndo.proof 
34687      DEBUG main            d.u.i.k.p.i.AbstractProblemLoader Environment load took 167ns 
34689      INFO  main            d.u.i.k.p.i.AbstractProblemLoader Creating init config 
35568      DEBUG main            d.u.i.k.j.r.ClassPreparationMethodBuilder clPrepBuilder: Inner Class detected. Reject building class initialisation methods. 
37351      DEBUG main            d.u.i.k.p.i.AbstractProblemLoader Init config took 2.66s 
37449      INFO  main            d.u.i.k.p.i.AbstractProblemLoader Replaying proof DoubleLinkedList[DoubleLinkedList::doUndo(DoubleLinkedList.Node,int)].JML normal_behavior operation contract.0 
38130      DEBUG main            d.u.i.k.p.i.IntermediateProofReplayer Proof replay took 650.93ms 
38132      INFO  main            d.u.i.k.p.r.p.TestFile    ... success: loaded 
38133      INFO  main            d.u.i.k.p.r.p.TestFile    Now processing file /home/runner/work/key/key/key.core/../key.ui/examples/heap/verifyThis15_2_ParallelGcd/parallelGcd.proof 
38134      INFO  main            d.u.i.k.p.i.AbstractProblemLoader Loading environment from /home/runner/work/key/key/key.core/../key.ui/examples/heap/verifyThis15_2_ParallelGcd/parallelGcd.proof 
38134      DEBUG main            d.u.i.k.p.i.AbstractProblemLoader Environment load took 159.3ns 
38135      INFO  main            d.u.i.k.p.i.AbstractProblemLoader Creating init config 
40653      DEBUG main            d.u.i.k.p.i.AbstractProblemLoader Init config took 2.52s 
40701      INFO  main            d.u.i.k.p.i.AbstractProblemLoader Replaying proof ParallelGcd[ParallelGcd::parallelGcd(int,int,[Z)].JML behavior operation contract.0 
41248      DEBUG main            d.u.i.k.p.i.IntermediateProofReplayer Proof replay took 533.5ms 
41250      INFO  main            d.u.i.k.p.r.p.TestFile    ... success: loaded 
4916186    INFO  Test worker     d.u.i.k.p.r.RunAllProofsTestUnit Returning from test reload_examples 
4916187    INFO  Test worker     d.u.i.k.p.r.RunAllProofsTestUnit Running test proofLoadRepair 
342        INFO  Timeout watchdog d.u.i.k.p.r.p.ForkedTestFileRunner Timeout watcher launched (2000 secs.) 
347        WARN  main            d.u.i.k.s.ProofSettings   The settings in /home/runner/.key/proof-settings.props are *not* read. 
372        INFO  main            d.u.i.k.p.r.p.TestFile    Now processing file /home/runner/work/key/key/key.core/../key.ui/examples/proofLoadRepair/disjConj-manipulated.proof 
474        INFO  main            d.u.i.k.p.i.AbstractProblemLoader Loading environment from /home/runner/work/key/key/key.core/../key.ui/examples/proofLoadRepair/disjConj-manipulated.proof 
489        DEBUG main            d.u.i.k.p.i.AbstractProblemLoader Environment load took 1.74ms 
734        INFO  main            d.u.i.k.p.i.AbstractProblemLoader Creating init config 
1598       DEBUG main            d.u.i.k.j.TypeConverter   No LDT found for Meta 
1599       DEBUG main            d.u.i.k.j.TypeConverter   No LDT found for Meta 
1603       DEBUG main            d.u.i.k.j.TypeConverter   No LDT found for Meta 
1603       DEBUG main            d.u.i.k.j.TypeConverter   No LDT found for Meta 
2991       DEBUG main            d.u.i.k.j.TypeConverter   No LDT found for JavaBigintExpression 
7340       DEBUG main            d.u.i.k.p.i.AbstractProblemLoader Init config took 6.61s 
7400       INFO  main            d.u.i.k.p.i.AbstractProblemLoader Replaying proof disjConj-manipulated.proof 
7441       WARN  main            d.u.i.k.p.i.IntermediateProofReplayer Proof contains wrong number of \assumes instatiations for andLeft 
7442       WARN  main            d.u.i.k.p.i.IntermediateProofReplayer Proof contains wrong number of \assumes instatiations for replace_known_right 
7446       WARN  main            d.u.i.k.p.i.IntermediateProofReplayer Proof contains wrong number of \assumes instatiations for close 
7446       DEBUG main            d.u.i.k.p.i.IntermediateProofReplayer Proof replay took 15.45ms 
7450       INFO  main            d.u.i.k.p.r.p.TestFile    ... success: loaded 
7454       INFO  main            d.u.i.k.p.r.p.TestFile    Now processing file /home/runner/work/key/key/key.core/../key.ui/examples/proofLoadRepair/insufficient-manipulated.proof 
7454       INFO  main            d.u.i.k.p.i.AbstractProblemLoader Loading environment from /home/runner/work/key/key/key.core/../key.ui/examples/proofLoadRepair/insufficient-manipulated.proof 
7454       DEBUG main            d.u.i.k.p.i.AbstractProblemLoader Environment load took 222.2ns 
7457       INFO  main            d.u.i.k.p.i.AbstractProblemLoader Creating init config 
9913       DEBUG main            d.u.i.k.p.i.AbstractProblemLoader Init config took 2.46s 
9931       INFO  main            d.u.i.k.p.i.AbstractProblemLoader Replaying proof insufficient-manipulated.proof 
9949       WARN  main            d.u.i.k.p.i.IntermediateProofReplayer Proof contains wrong number of \assumes instatiations for applyEq 
9957       DEBUG main            d.u.i.k.p.i.IntermediateProofReplayer Proof replay took 11.13ms 
9960       INFO  main            d.u.i.k.p.r.p.TestFile    ... success: loading failed 
9961       INFO  main            d.u.i.k.p.r.p.TestFile    Now processing file /home/runner/work/key/key/key.core/../key.ui/examples/../../key.core/src/test/resources/testcase/issues/1716/incorrectPolarity.proof 
9961       INFO  main            d.u.i.k.p.i.AbstractProblemLoader Loading environment from /home/runner/work/key/key/key.core/../key.ui/examples/../../key.core/src/test/resources/testcase/issues/1716/incorrectPolarity.proof 
9961       DEBUG main            d.u.i.k.p.i.AbstractProblemLoader Environment load took 178ns 
9963       INFO  main            d.u.i.k.p.i.AbstractProblemLoader Creating init config 
12437      DEBUG main            d.u.i.k.p.i.AbstractProblemLoader Init config took 2.47s 
12465      INFO  main            d.u.i.k.p.i.AbstractProblemLoader Replaying proof incorrectPolarity.proof 
12467      DEBUG main            d.u.i.k.p.i.IntermediateProofReplayer Proof replay took 165.9ns 
12468      INFO  main            d.u.i.k.p.r.p.TestFile    ... success: loading failed 
12469      INFO  main            d.u.i.k.p.r.p.TestFile    Now processing file /home/runner/work/key/key/key.core/../key.ui/examples/../../key.core/src/test/resources/testcase/issues/1716/incorrectPolarity2.proof 
12469      INFO  main            d.u.i.k.p.i.AbstractProblemLoader Loading environment from /home/runner/work/key/key/key.core/../key.ui/examples/../../key.core/src/test/resources/testcase/issues/1716/incorrectPolarity2.proof 
12469      DEBUG main            d.u.i.k.p.i.AbstractProblemLoader Environment load took 94.4ns 
12470      INFO  main            d.u.i.k.p.i.AbstractProblemLoader Creating init config 
14754      DEBUG main            d.u.i.k.p.i.AbstractProblemLoader Init config took 2.28s 
14775      INFO  main            d.u.i.k.p.i.AbstractProblemLoader Replaying proof incorrectPolarity2.proof 
14777      DEBUG main            d.u.i.k.p.i.IntermediateProofReplayer Proof replay took 317.1ns 
14778      INFO  main            d.u.i.k.p.r.p.TestFile    ... success: loading failed 
14778      INFO  main            d.u.i.k.p.r.p.TestFile    Now processing file /home/runner/work/key/key/key.core/../key.ui/examples/../../key.core/src/test/resources/testcase/issues/1716/incorrectPolarity3.proof 
14779      INFO  main            d.u.i.k.p.i.AbstractProblemLoader Loading environment from /home/runner/work/key/key/key.core/../key.ui/examples/../../key.core/src/test/resources/testcase/issues/1716/incorrectPolarity3.proof 
14779      DEBUG main            d.u.i.k.p.i.AbstractProblemLoader Environment load took 97.1ns 
14780      INFO  main            d.u.i.k.p.i.AbstractProblemLoader Creating init config 
17019      DEBUG main            d.u.i.k.p.i.AbstractProblemLoader Init config took 2.24s 
17037      INFO  main            d.u.i.k.p.i.AbstractProblemLoader Replaying proof incorrectPolarity3.proof 
17041      DEBUG main            d.u.i.k.p.i.IntermediateProofReplayer Proof replay took 1.61ms 
17041      INFO  main            d.u.i.k.p.r.p.TestFile    ... success: loading failed 
4933395    INFO  Test worker     d.u.i.k.p.r.RunAllProofsTestUnit Returning from test proofLoadRepair 
4933396    INFO  Test worker     d.u.i.k.p.r.RunAllProofsTestUnit Running test switch 
366        INFO  Timeout watchdog d.u.i.k.p.r.p.ForkedTestFileRunner Timeout watcher launched (2000 secs.) 
399        WARN  main            d.u.i.k.s.ProofSettings   The settings in /home/runner/.key/proof-settings.props are *not* read. 
444        INFO  main            d.u.i.k.p.r.p.TestFile    Now processing file /home/runner/work/key/key/key.core/../key.ui/examples/standard_key/java_dl/switch/labeled_case.key 
555        INFO  main            d.u.i.k.p.i.AbstractProblemLoader Loading environment from /home/runner/work/key/key/key.core/../key.ui/examples/standard_key/java_dl/switch/labeled_case.key 
573        DEBUG main            d.u.i.k.p.i.AbstractProblemLoader Environment load took 1.96ms 
769        INFO  main            d.u.i.k.p.i.AbstractProblemLoader Creating init config 
1683       DEBUG main            d.u.i.k.j.TypeConverter   No LDT found for Meta 
1683       DEBUG main            d.u.i.k.j.TypeConverter   No LDT found for Meta 
1686       DEBUG main            d.u.i.k.j.TypeConverter   No LDT found for Meta 
1686       DEBUG main            d.u.i.k.j.TypeConverter   No LDT found for Meta 
2819       DEBUG main            d.u.i.k.j.TypeConverter   No LDT found for JavaBigintExpression 
7537       DEBUG main            d.u.i.k.p.i.AbstractProblemLoader Init config took 6.77s 
7722       INFO  main            d.u.i.k.p.i.AbstractProblemLoader Replaying proof LabeledCase[LabeledCase::m(int)].JML normal_behavior operation contract.0 
7754       DEBUG main            d.u.i.k.p.i.IntermediateProofReplayer Proof replay took 29.7ns 
8381       INFO  main            d.u.i.k.p.r.p.TestFile    ... finished proof: closed. 
8472       INFO  main            d.u.i.k.p.i.AbstractProblemLoader Loading environment from /home/runner/work/key/key/key.core/../key.ui/examples/standard_key/java_dl/switch/labeled_case.key.proof 
8475       DEBUG main            d.u.i.k.p.i.AbstractProblemLoader Environment load took 3.05ms 
8478       INFO  main            d.u.i.k.p.i.AbstractProblemLoader Creating init config 
11153      DEBUG main            d.u.i.k.p.i.AbstractProblemLoader Init config took 2.68s 
11238      INFO  main            d.u.i.k.p.i.AbstractProblemLoader Replaying proof LabeledCase[LabeledCase::m(int)].JML normal_behavior operation contract.0 
11371      DEBUG main            d.u.i.k.p.i.IntermediateProofReplayer Proof replay took 119ms 
11389      DEBUG main            d.u.i.k.p.r.p.TestFile    ... success: reloaded. 
11399      INFO  main            d.u.i.k.p.r.p.TestFile    Now processing file /home/runner/work/key/key/key.core/../key.ui/examples/standard_key/java_dl/switch/empty_switch.key 
11399      INFO  main            d.u.i.k.p.i.AbstractProblemLoader Loading environment from /home/runner/work/key/key/key.core/../key.ui/examples/standard_key/java_dl/switch/empty_switch.key 
11399      DEBUG main            d.u.i.k.p.i.AbstractProblemLoader Environment load took 150.5ns 
11400      INFO  main            d.u.i.k.p.i.AbstractProblemLoader Creating init config 
13838      DEBUG main            d.u.i.k.p.i.AbstractProblemLoader Init config took 2.44s 
13867      INFO  main            d.u.i.k.p.i.AbstractProblemLoader Replaying proof empty_switch.key 
13874      DEBUG main            d.u.i.k.p.i.IntermediateProofReplayer Proof replay took 92.7ns 
13976      INFO  main            d.u.i.k.p.r.p.TestFile    ... finished proof: closed. 
14093      INFO  main            d.u.i.k.p.i.AbstractProblemLoader Loading environment from /home/runner/work/key/key/key.core/../key.ui/examples/standard_key/java_dl/switch/empty_switch.key.proof 
14093      DEBUG main            d.u.i.k.p.i.AbstractProblemLoader Environment load took 115.6ns 
14095      INFO  main            d.u.i.k.p.i.AbstractProblemLoader Creating init config 
16546      DEBUG main            d.u.i.k.p.i.AbstractProblemLoader Init config took 2.45s 
16585      INFO  main            d.u.i.k.p.i.AbstractProblemLoader Replaying proof empty_switch.key.proof 
16594      DEBUG main            d.u.i.k.p.i.IntermediateProofReplayer Proof replay took 3.26ms 
16595      DEBUG main            d.u.i.k.p.r.p.TestFile    ... success: reloaded. 
16595      INFO  main            d.u.i.k.p.r.p.TestFile    Now processing file /home/runner/work/key/key/key.core/../key.ui/examples/standard_key/java_dl/switch/empty_switch_null.key 
16595      INFO  main            d.u.i.k.p.i.AbstractProblemLoader Loading environment from /home/runner/work/key/key/key.core/../key.ui/examples/standard_key/java_dl/switch/empty_switch_null.key 
16595      DEBUG main            d.u.i.k.p.i.AbstractProblemLoader Environment load took 76.2ns 
16600      INFO  main            d.u.i.k.p.i.AbstractProblemLoader Creating init config 
18952      DEBUG main            d.u.i.k.p.i.AbstractProblemLoader Init config took 2.35s 
18971      INFO  main            d.u.i.k.p.i.AbstractProblemLoader Replaying proof empty_switch_null.key 
18973      DEBUG main            d.u.i.k.p.i.IntermediateProofReplayer Proof replay took 5.7ns 
19176      INFO  main            d.u.i.k.p.r.p.TestFile    ... finished proof: closed. 
19303      INFO  main            d.u.i.k.p.i.AbstractProblemLoader Loading environment from /home/runner/work/key/key/key.core/../key.ui/examples/standard_key/java_dl/switch/empty_switch_null.key.proof 
19303      DEBUG main            d.u.i.k.p.i.AbstractProblemLoader Environment load took 123.3ns 
19304      INFO  main            d.u.i.k.p.i.AbstractProblemLoader Creating init config 
21681      DEBUG main            d.u.i.k.p.i.AbstractProblemLoader Init config took 2.38s 
21700      INFO  main            d.u.i.k.p.i.AbstractProblemLoader Replaying proof empty_switch_null.key.proof 
21741      DEBUG main            d.u.i.k.p.i.IntermediateProofReplayer Proof replay took 37.84ms 
21742      DEBUG main            d.u.i.k.p.r.p.TestFile    ... success: reloaded. 
21744      INFO  main            d.u.i.k.p.r.p.TestFile    Now processing file /home/runner/work/key/key/key.core/../key.ui/examples/standard_key/java_dl/switch/empty_switch_null_catch.key 
21744      INFO  main            d.u.i.k.p.i.AbstractProblemLoader Loading environment from /home/runner/work/key/key/key.core/../key.ui/examples/standard_key/java_dl/switch/empty_switch_null_catch.key 
21744      DEBUG main            d.u.i.k.p.i.AbstractProblemLoader Environment load took 170.5ns 
21746      INFO  main            d.u.i.k.p.i.AbstractProblemLoader Creating init config 
24077      DEBUG main            d.u.i.k.p.i.AbstractProblemLoader Init config took 2.33s 
24103      INFO  main            d.u.i.k.p.i.AbstractProblemLoader Replaying proof empty_switch_null_catch.key 
24105      DEBUG main            d.u.i.k.p.i.IntermediateProofReplayer Proof replay took 5.6ns 
24308      INFO  main            d.u.i.k.p.r.p.TestFile    ... finished proof: closed. 
24455      INFO  main            d.u.i.k.p.i.AbstractProblemLoader Loading environment from /home/runner/work/key/key/key.core/../key.ui/examples/standard_key/java_dl/switch/empty_switch_null_catch.key.proof 
24455      DEBUG main            d.u.i.k.p.i.AbstractProblemLoader Environment load took 108.6ns 
24456      INFO  main            d.u.i.k.p.i.AbstractProblemLoader Creating init config 
26762      DEBUG main            d.u.i.k.p.i.AbstractProblemLoader Init config took 2.31s 
26781      INFO  main            d.u.i.k.p.i.AbstractProblemLoader Replaying proof empty_switch_null_catch.key.proof 
26838      DEBUG main            d.u.i.k.p.i.IntermediateProofReplayer Proof replay took 52.31ms 
26839      DEBUG main            d.u.i.k.p.r.p.TestFile    ... success: reloaded. 
26840      INFO  main            d.u.i.k.p.r.p.TestFile    Now processing file /home/runner/work/key/key/key.core/../key.ui/examples/standard_key/java_dl/switch/empty_switch_array_out_of_bounds.key 
26840      INFO  main            d.u.i.k.p.i.AbstractProblemLoader Loading environment from /home/runner/work/key/key/key.core/../key.ui/examples/standard_key/java_dl/switch/empty_switch_array_out_of_bounds.key 
26840      DEBUG main            d.u.i.k.p.i.AbstractProblemLoader Environment load took 152.5ns 
26841      INFO  main            d.u.i.k.p.i.AbstractProblemLoader Creating init config 
29163      DEBUG main            d.u.i.k.p.i.AbstractProblemLoader Init config took 2.32s 
29182      INFO  main            d.u.i.k.p.i.AbstractProblemLoader Replaying proof empty_switch_array_out_of_bounds.key 
29185      DEBUG main            d.u.i.k.p.i.IntermediateProofReplayer Proof replay took 6.8ns 
29389      INFO  main            d.u.i.k.p.r.p.TestFile    ... finished proof: closed. 
29527      INFO  main            d.u.i.k.p.i.AbstractProblemLoader Loading environment from /home/runner/work/key/key/key.core/../key.ui/examples/standard_key/java_dl/switch/empty_switch_array_out_of_bounds.key.proof 
29527      DEBUG main            d.u.i.k.p.i.AbstractProblemLoader Environment load took 316.4ns 
29529      INFO  main            d.u.i.k.p.i.AbstractProblemLoader Creating init config 
31828      DEBUG main            d.u.i.k.p.i.AbstractProblemLoader Init config took 2.3s 
31846      INFO  main            d.u.i.k.p.i.AbstractProblemLoader Replaying proof empty_switch_array_out_of_bounds.key.proof 
31895      DEBUG main            d.u.i.k.p.i.IntermediateProofReplayer Proof replay took 46.27ms 
31896      DEBUG main            d.u.i.k.p.r.p.TestFile    ... success: reloaded. 
31897      INFO  main            d.u.i.k.p.r.p.TestFile    Now processing file /home/runner/work/key/key/key.core/../key.ui/examples/standard_key/java_dl/switch/empty_switch_array_out_of_bounds_catch.key 
31898      INFO  main            d.u.i.k.p.i.AbstractProblemLoader Loading environment from /home/runner/work/key/key/key.core/../key.ui/examples/standard_key/java_dl/switch/empty_switch_array_out_of_bounds_catch.key 
31898      DEBUG main            d.u.i.k.p.i.AbstractProblemLoader Environment load took 206.7ns 
31899      INFO  main            d.u.i.k.p.i.AbstractProblemLoader Creating init config 
34197      DEBUG main            d.u.i.k.p.i.AbstractProblemLoader Init config took 2.3s 
34215      INFO  main            d.u.i.k.p.i.AbstractProblemLoader Replaying proof empty_switch_array_out_of_bounds_catch.key 
34219      DEBUG main            d.u.i.k.p.i.IntermediateProofReplayer Proof replay took 5.8ns 
34421      INFO  main            d.u.i.k.p.r.p.TestFile    ... finished proof: closed. 
34570      INFO  main            d.u.i.k.p.i.AbstractProblemLoader Loading environment from /home/runner/work/key/key/key.core/../key.ui/examples/standard_key/java_dl/switch/empty_switch_array_out_of_bounds_catch.key.proof 
34571      DEBUG main            d.u.i.k.p.i.AbstractProblemLoader Environment load took 106.1ns 
34572      INFO  main            d.u.i.k.p.i.AbstractProblemLoader Creating init config 
36857      DEBUG main            d.u.i.k.p.i.AbstractProblemLoader Init config took 2.29s 
36876      INFO  main            d.u.i.k.p.i.AbstractProblemLoader Replaying proof empty_switch_array_out_of_bounds_catch.key.proof 
36911      DEBUG main            d.u.i.k.p.i.IntermediateProofReplayer Proof replay took 32.57ms 
36912      DEBUG main            d.u.i.k.p.r.p.TestFile    ... success: reloaded. 
36913      INFO  main            d.u.i.k.p.r.p.TestFile    Now processing file /home/runner/work/key/key/key.core/../key.ui/examples/standard_key/java_dl/switch/switch_in_switch.key 
36913      INFO  main            d.u.i.k.p.i.AbstractProblemLoader Loading environment from /home/runner/work/key/key/key.core/../key.ui/examples/standard_key/java_dl/switch/switch_in_switch.key 
36913      DEBUG main            d.u.i.k.p.i.AbstractProblemLoader Environment load took 150.8ns 
36914      INFO  main            d.u.i.k.p.i.AbstractProblemLoader Creating init config 
39272      DEBUG main            d.u.i.k.p.i.AbstractProblemLoader Init config took 2.36s 
39322      INFO  main            d.u.i.k.p.i.AbstractProblemLoader Replaying proof SwitchInSwitch[SwitchInSwitch::m(int)].JML normal_behavior operation contract.0 
39323      DEBUG main            d.u.i.k.p.i.IntermediateProofReplayer Proof replay took 5.5ns 
43388      INFO  main            d.u.i.k.p.r.p.TestFile    ... finished proof: closed. 
43605      INFO  main            d.u.i.k.p.i.AbstractProblemLoader Loading environment from /home/runner/work/key/key/key.core/../key.ui/examples/standard_key/java_dl/switch/switch_in_switch.key.proof 
43606      DEBUG main            d.u.i.k.p.i.AbstractProblemLoader Environment load took 1.65ms 
43608      INFO  main            d.u.i.k.p.i.AbstractProblemLoader Creating init config 
45942      DEBUG main            d.u.i.k.p.i.AbstractProblemLoader Init config took 2.33s 
45986      INFO  main            d.u.i.k.p.i.AbstractProblemLoader Replaying proof SwitchInSwitch[SwitchInSwitch::m(int)].JML normal_behavior operation contract.0 
46467      DEBUG main            d.u.i.k.p.i.IntermediateProofReplayer Proof replay took 449.05ms 
46469      DEBUG main            d.u.i.k.p.r.p.TestFile    ... success: reloaded. 
46470      INFO  main            d.u.i.k.p.r.p.TestFile    Now processing file /home/runner/work/key/key/key.core/../key.ui/examples/standard_key/java_dl/switch/while_and_switch.key 
46470      INFO  main            d.u.i.k.p.i.AbstractProblemLoader Loading environment from /home/runner/work/key/key/key.core/../key.ui/examples/standard_key/java_dl/switch/while_and_switch.key 
46470      DEBUG main            d.u.i.k.p.i.AbstractProblemLoader Environment load took 168.7ns 
46471      INFO  main            d.u.i.k.p.i.AbstractProblemLoader Creating init config 
48873      DEBUG main            d.u.i.k.p.i.AbstractProblemLoader Init config took 2.4s 
48913      INFO  main            d.u.i.k.p.i.AbstractProblemLoader Replaying proof WhileAndSwitch[WhileAndSwitch::m(int)].JML normal_behavior operation contract.0 
48916      DEBUG main            d.u.i.k.p.i.IntermediateProofReplayer Proof replay took 5.7ns 
49619      INFO  main            d.u.i.k.p.r.p.TestFile    ... finished proof: closed. 
49785      INFO  main            d.u.i.k.p.i.AbstractProblemLoader Loading environment from /home/runner/work/key/key/key.core/../key.ui/examples/standard_key/java_dl/switch/while_and_switch.key.proof 
49786      DEBUG main            d.u.i.k.p.i.AbstractProblemLoader Environment load took 115.2ns 
49787      INFO  main            d.u.i.k.p.i.AbstractProblemLoader Creating init config 
52133      DEBUG main            d.u.i.k.p.i.AbstractProblemLoader Init config took 2.35s 
52172      INFO  main            d.u.i.k.p.i.AbstractProblemLoader Replaying proof WhileAndSwitch[WhileAndSwitch::m(int)].JML normal_behavior operation contract.0 
52295      DEBUG main            d.u.i.k.p.i.IntermediateProofReplayer Proof replay took 115.25ms 
52296      DEBUG main            d.u.i.k.p.r.p.TestFile    ... success: reloaded. 
52297      INFO  main            d.u.i.k.p.r.p.TestFile    Now processing file /home/runner/work/key/key/key.core/../key.ui/examples/standard_key/java_dl/switch/large_switch.key 
52297      INFO  main            d.u.i.k.p.i.AbstractProblemLoader Loading environment from /home/runner/work/key/key/key.core/../key.ui/examples/standard_key/java_dl/switch/large_switch.key 
52298      DEBUG main            d.u.i.k.p.i.AbstractProblemLoader Environment load took 159.5ns 
52298      INFO  main            d.u.i.k.p.i.AbstractProblemLoader Creating init config 
54640      DEBUG main            d.u.i.k.p.i.AbstractProblemLoader Init config took 2.34s 
54677      INFO  main            d.u.i.k.p.i.AbstractProblemLoader Replaying proof LargeSwitch[LargeSwitch::m(int)].JML normal_behavior operation contract.0 
54679      DEBUG main            d.u.i.k.p.i.IntermediateProofReplayer Proof replay took 5.1ns 
55895      INFO  main            d.u.i.k.p.r.p.TestFile    ... finished proof: closed. 
56125      INFO  main            d.u.i.k.p.i.AbstractProblemLoader Loading environment from /home/runner/work/key/key/key.core/../key.ui/examples/standard_key/java_dl/switch/large_switch.key.proof 
56125      DEBUG main            d.u.i.k.p.i.AbstractProblemLoader Environment load took 114.1ns 
56126      INFO  main            d.u.i.k.p.i.AbstractProblemLoader Creating init config 
58446      DEBUG main            d.u.i.k.p.i.AbstractProblemLoader Init config took 2.32s 
58504      INFO  main            d.u.i.k.p.i.AbstractProblemLoader Replaying proof LargeSwitch[LargeSwitch::m(int)].JML normal_behavior operation contract.0 
58845      DEBUG main            d.u.i.k.p.i.IntermediateProofReplayer Proof replay took 321.77ms 
58847      DEBUG main            d.u.i.k.p.r.p.TestFile    ... success: reloaded. 
4992422    INFO  Test worker     d.u.i.k.p.r.RunAllProofsTestUnit Returning from test switch 
4992423    INFO  Test worker     d.u.i.k.p.r.RunAllProofsTestUnit Running test redux 
343        INFO  Timeout watchdog d.u.i.k.p.r.p.ForkedTestFileRunner Timeout watcher launched (2000 secs.) 
341        WARN  main            d.u.i.k.s.ProofSettings   The settings in /home/runner/.key/proof-settings.props are *not* read. 
378        INFO  main            d.u.i.k.p.r.p.TestFile    Now processing file /home/runner/work/key/key/key.core/../key.ui/examples/redux/arrays/Arrays.copyOf.key 
487        INFO  main            d.u.i.k.p.i.AbstractProblemLoader Loading environment from /home/runner/work/key/key/key.core/../key.ui/examples/redux/arrays/Arrays.copyOf.key 
512        DEBUG main            d.u.i.k.p.i.AbstractProblemLoader Environment load took 1.7ms 
724        INFO  main            d.u.i.k.p.i.AbstractProblemLoader Creating init config 
1661       DEBUG main            d.u.i.k.j.TypeConverter   No LDT found for Meta 
1666       DEBUG main            d.u.i.k.j.TypeConverter   No LDT found for Meta 
1669       DEBUG main            d.u.i.k.j.TypeConverter   No LDT found for Meta 
1669       DEBUG main            d.u.i.k.j.TypeConverter   No LDT found for Meta 
3022       DEBUG main            d.u.i.k.j.TypeConverter   No LDT found for JavaBigintExpression 
8161       DEBUG main            d.u.i.k.p.i.AbstractProblemLoader Init config took 7.44s 
8278       INFO  main            d.u.i.k.p.i.AbstractProblemLoader Replaying proof Arrays[Arrays::copyOf([I,int)].JML normal_behavior operation contract.0 
8306       DEBUG main            d.u.i.k.p.i.IntermediateProofReplayer Proof replay took 28.7ns 
13100      INFO  main            d.u.i.k.p.r.p.TestFile    ... finished proof: closed. 
13278      INFO  main            d.u.i.k.p.i.AbstractProblemLoader Loading environment from /home/runner/work/key/key/key.core/../key.ui/examples/redux/arrays/Arrays.copyOf.key.proof 
13282      DEBUG main            d.u.i.k.p.i.AbstractProblemLoader Environment load took 3.94ms 
13284      INFO  main            d.u.i.k.p.i.AbstractProblemLoader Creating init config 
16493      DEBUG main            d.u.i.k.p.i.AbstractProblemLoader Init config took 3.21s 
16565      INFO  main            d.u.i.k.p.i.AbstractProblemLoader Replaying proof Arrays[Arrays::copyOf([I,int)].JML normal_behavior operation contract.0 
17057      DEBUG main            d.u.i.k.p.i.IntermediateProofReplayer Proof replay took 471.21ms 
17064      DEBUG main            d.u.i.k.p.r.p.TestFile    ... success: reloaded. 
17066      INFO  main            d.u.i.k.p.r.p.TestFile    Now processing file /home/runner/work/key/key/key.core/../key.ui/examples/redux/arrays/Arrays.copyOf.float.key 
17066      INFO  main            d.u.i.k.p.i.AbstractProblemLoader Loading environment from /home/runner/work/key/key/key.core/../key.ui/examples/redux/arrays/Arrays.copyOf.float.key 
17066      DEBUG main            d.u.i.k.p.i.AbstractProblemLoader Environment load took 192ns 
17068      INFO  main            d.u.i.k.p.i.AbstractProblemLoader Creating init config 
20180      DEBUG main            d.u.i.k.p.i.AbstractProblemLoader Init config took 3.11s 
20234      INFO  main            d.u.i.k.p.i.AbstractProblemLoader Replaying proof Arrays[Arrays::copyOf([F,int)].JML normal_behavior operation contract.0 
20236      DEBUG main            d.u.i.k.p.i.IntermediateProofReplayer Proof replay took 4.6ns 
20259      DEBUG main            d.u.i.k.m.s.ProofScriptEngine 1: 'macro autopilot' 
24772      DEBUG main            d.u.i.k.m.s.ProofScriptEngine 2: 'smt solver=Z3' 
24838      INFO  main            d.u.i.k.m.s.SMTCommand    Finished run on goal 17 in 43ms, result is valid 
24838      DEBUG main            d.u.i.k.m.s.ProofScriptEngine 3: 'tryclose' 
26571      INFO  main            d.u.i.k.p.r.p.TestFile    ... finished proof: closed. 
26753      INFO  main            d.u.i.k.p.i.AbstractProblemLoader Loading environment from /home/runner/work/key/key/key.core/../key.ui/examples/redux/arrays/Arrays.copyOf.float.key.proof 
26753      DEBUG main            d.u.i.k.p.i.AbstractProblemLoader Environment load took 368.5ns 
26757      INFO  main            d.u.i.k.p.i.AbstractProblemLoader Creating init config 
29734      DEBUG main            d.u.i.k.p.i.AbstractProblemLoader Init config took 2.98s 
29783      INFO  main            d.u.i.k.p.i.AbstractProblemLoader Replaying proof Arrays[Arrays::copyOf([F,int)].JML normal_behavior operation contract.0 
29862      INFO  main            d.u.i.k.s.SMTFocusResults Analyzing unsat core: (L_6) 
30504      DEBUG main            d.u.i.k.p.i.IntermediateProofReplayer Proof replay took 701.28ms 
30507      DEBUG main            d.u.i.k.p.r.p.TestFile    ... success: reloaded. 
30509      INFO  main            d.u.i.k.p.r.p.TestFile    Now processing file /home/runner/work/key/key/key.core/../key.ui/examples/redux/arrays/Arrays.copyOfRange.key 
30509      INFO  main            d.u.i.k.p.i.AbstractProblemLoader Loading environment from /home/runner/work/key/key/key.core/../key.ui/examples/redux/arrays/Arrays.copyOfRange.key 
30509      DEBUG main            d.u.i.k.p.i.AbstractProblemLoader Environment load took 101.4ns 
30510      INFO  main            d.u.i.k.p.i.AbstractProblemLoader Creating init config 
33573      DEBUG main            d.u.i.k.p.i.AbstractProblemLoader Init config took 3.06s 
33616      INFO  main            d.u.i.k.p.i.AbstractProblemLoader Replaying proof Arrays[Arrays::copyOfRange([I,int,int)].JML normal_behavior operation contract.0 
33618      DEBUG main            d.u.i.k.p.i.IntermediateProofReplayer Proof replay took 5.3ns 
38179      INFO  main            d.u.i.k.p.r.p.TestFile    ... finished proof: closed. 
38391      INFO  main            d.u.i.k.p.i.AbstractProblemLoader Loading environment from /home/runner/work/key/key/key.core/../key.ui/examples/redux/arrays/Arrays.copyOfRange.key.proof 
38396      DEBUG main            d.u.i.k.p.i.AbstractProblemLoader Environment load took 4.21ms 
38397      INFO  main            d.u.i.k.p.i.AbstractProblemLoader Creating init config 
41439      DEBUG main            d.u.i.k.p.i.AbstractProblemLoader Init config took 3.04s 
41480      INFO  main            d.u.i.k.p.i.AbstractProblemLoader Replaying proof Arrays[Arrays::copyOfRange([I,int,int)].JML normal_behavior operation contract.0 
41962      DEBUG main            d.u.i.k.p.i.IntermediateProofReplayer Proof replay took 462.51ms 
41964      DEBUG main            d.u.i.k.p.r.p.TestFile    ... success: reloaded. 
41965      INFO  main            d.u.i.k.p.r.p.TestFile    Now processing file /home/runner/work/key/key/key.core/../key.ui/examples/redux/arrays/Arrays.copyOfRange.float.key 
41965      INFO  main            d.u.i.k.p.i.AbstractProblemLoader Loading environment from /home/runner/work/key/key/key.core/../key.ui/examples/redux/arrays/Arrays.copyOfRange.float.key 
41965      DEBUG main            d.u.i.k.p.i.AbstractProblemLoader Environment load took 168.6ns 
41966      INFO  main            d.u.i.k.p.i.AbstractProblemLoader Creating init config 
44922      DEBUG main            d.u.i.k.p.i.AbstractProblemLoader Init config took 2.96s 
44962      INFO  main            d.u.i.k.p.i.AbstractProblemLoader Replaying proof Arrays[Arrays::copyOfRange([F,int,int)].JML normal_behavior operation contract.0 
44964      DEBUG main            d.u.i.k.p.i.IntermediateProofReplayer Proof replay took 5.5ns 
44964      DEBUG main            d.u.i.k.m.s.ProofScriptEngine 1: 'macro autopilot' 
50806      DEBUG main            d.u.i.k.m.s.ProofScriptEngine 2: 'smt solver=Z3' 
50852      INFO  main            d.u.i.k.m.s.SMTCommand    Finished run on goal 27 in 43ms, result is valid 
50852      DEBUG main            d.u.i.k.m.s.ProofScriptEngine 3: 'tryclose' 
54343      INFO  main            d.u.i.k.p.r.p.TestFile    ... finished proof: closed. 
54540      INFO  main            d.u.i.k.p.i.AbstractProblemLoader Loading environment from /home/runner/work/key/key/key.core/../key.ui/examples/redux/arrays/Arrays.copyOfRange.float.key.proof 
54540      DEBUG main            d.u.i.k.p.i.AbstractProblemLoader Environment load took 165.1ns 
54542      INFO  main            d.u.i.k.p.i.AbstractProblemLoader Creating init config 
57510      DEBUG main            d.u.i.k.p.i.AbstractProblemLoader Init config took 2.97s 
57549      INFO  main            d.u.i.k.p.i.AbstractProblemLoader Replaying proof Arrays[Arrays::copyOfRange([F,int,int)].JML normal_behavior operation contract.0 
57621      INFO  main            d.u.i.k.s.SMTFocusResults Analyzing unsat core: (L_8) 
58508      DEBUG main            d.u.i.k.p.i.IntermediateProofReplayer Proof replay took 934.32ms 
58510      DEBUG main            d.u.i.k.p.r.p.TestFile    ... success: reloaded. 
58511      INFO  main            d.u.i.k.p.r.p.TestFile    Now processing file /home/runner/work/key/key/key.core/../key.ui/examples/redux/arrays/Arrays.equals.key 
58511      INFO  main            d.u.i.k.p.i.AbstractProblemLoader Loading environment from /home/runner/work/key/key/key.core/../key.ui/examples/redux/arrays/Arrays.equals.key 
58511      DEBUG main            d.u.i.k.p.i.AbstractProblemLoader Environment load took 70.4ns 
58512      INFO  main            d.u.i.k.p.i.AbstractProblemLoader Creating init config 
61558      DEBUG main            d.u.i.k.p.i.AbstractProblemLoader Init config took 3.05s 
61619      INFO  main            d.u.i.k.p.i.AbstractProblemLoader Replaying proof Arrays[Arrays::equals([B,[B)].JML normal_behavior operation contract.0 
61620      DEBUG main            d.u.i.k.p.i.IntermediateProofReplayer Proof replay took 5.5ns 
62123      INFO  main            d.u.i.k.p.r.p.TestFile    ... finished proof: closed. 
62337      INFO  main            d.u.i.k.p.i.AbstractProblemLoader Loading environment from /home/runner/work/key/key/key.core/../key.ui/examples/redux/arrays/Arrays.equals.key.proof 
62338      DEBUG main            d.u.i.k.p.i.AbstractProblemLoader Environment load took 152.8ns 
62339      INFO  main            d.u.i.k.p.i.AbstractProblemLoader Creating init config 
65225      DEBUG main            d.u.i.k.p.i.AbstractProblemLoader Init config took 2.89s 
65263      INFO  main            d.u.i.k.p.i.AbstractProblemLoader Replaying proof Arrays[Arrays::equals([B,[B)].JML normal_behavior operation contract.0 
65413      DEBUG main            d.u.i.k.p.i.IntermediateProofReplayer Proof replay took 146.18ms 
65414      DEBUG main            d.u.i.k.p.r.p.TestFile    ... success: reloaded. 
65415      INFO  main            d.u.i.k.p.r.p.TestFile    Now processing file /home/runner/work/key/key/key.core/../key.ui/examples/redux/arrays/Arrays.fill.key 
65415      INFO  main            d.u.i.k.p.i.AbstractProblemLoader Loading environment from /home/runner/work/key/key/key.core/../key.ui/examples/redux/arrays/Arrays.fill.key 
65415      DEBUG main            d.u.i.k.p.i.AbstractProblemLoader Environment load took 153.1ns 
65416      INFO  main            d.u.i.k.p.i.AbstractProblemLoader Creating init config 
68358      DEBUG main            d.u.i.k.p.i.AbstractProblemLoader Init config took 2.94s 
68396      INFO  main            d.u.i.k.p.i.AbstractProblemLoader Replaying proof Arrays[Arrays::fill([I,int)].JML normal_behavior operation contract.0 
68397      DEBUG main            d.u.i.k.p.i.IntermediateProofReplayer Proof replay took 5.2ns 
68603      INFO  main            d.u.i.k.p.r.p.TestFile    ... finished proof: closed. 
68765      INFO  main            d.u.i.k.p.i.AbstractProblemLoader Loading environment from /home/runner/work/key/key/key.core/../key.ui/examples/redux/arrays/Arrays.fill.key.proof 
68765      DEBUG main            d.u.i.k.p.i.AbstractProblemLoader Environment load took 104.7ns 
68766      INFO  main            d.u.i.k.p.i.AbstractProblemLoader Creating init config 
71654      DEBUG main            d.u.i.k.p.i.AbstractProblemLoader Init config took 2.89s 
71701      INFO  main            d.u.i.k.p.i.AbstractProblemLoader Replaying proof Arrays[Arrays::fill([I,int)].JML normal_behavior operation contract.0 
71731      DEBUG main            d.u.i.k.p.i.IntermediateProofReplayer Proof replay took 28.4ms 
71732      DEBUG main            d.u.i.k.p.r.p.TestFile    ... success: reloaded. 
71733      INFO  main            d.u.i.k.p.r.p.TestFile    Now processing file /home/runner/work/key/key/key.core/../key.ui/examples/redux/arrays/Arrays.fill.float.key 
71733      INFO  main            d.u.i.k.p.i.AbstractProblemLoader Loading environment from /home/runner/work/key/key/key.core/../key.ui/examples/redux/arrays/Arrays.fill.float.key 
71733      DEBUG main            d.u.i.k.p.i.AbstractProblemLoader Environment load took 106.4ns 
71734      INFO  main            d.u.i.k.p.i.AbstractProblemLoader Creating init config 
74646      DEBUG main            d.u.i.k.p.i.AbstractProblemLoader Init config took 2.91s 
74682      INFO  main            d.u.i.k.p.i.AbstractProblemLoader Replaying proof Arrays[Arrays::fill([F,float)].JML normal_behavior operation contract.0 
74688      DEBUG main            d.u.i.k.p.i.IntermediateProofReplayer Proof replay took 4.7ns 
74890      INFO  main            d.u.i.k.p.r.p.TestFile    ... finished proof: closed. 
75063      INFO  main            d.u.i.k.p.i.AbstractProblemLoader Loading environment from /home/runner/work/key/key/key.core/../key.ui/examples/redux/arrays/Arrays.fill.float.key.proof 
75063      DEBUG main            d.u.i.k.p.i.AbstractProblemLoader Environment load took 110.4ns 
75064      INFO  main            d.u.i.k.p.i.AbstractProblemLoader Creating init config 
77974      DEBUG main            d.u.i.k.p.i.AbstractProblemLoader Init config took 2.91s 
78009      INFO  main            d.u.i.k.p.i.AbstractProblemLoader Replaying proof Arrays[Arrays::fill([F,float)].JML normal_behavior operation contract.0 
78049      DEBUG main            d.u.i.k.p.i.IntermediateProofReplayer Proof replay took 38.14ms 
78050      DEBUG main            d.u.i.k.p.r.p.TestFile    ... success: reloaded. 
78051      INFO  main            d.u.i.k.p.r.p.TestFile    Now processing file /home/runner/work/key/key/key.core/../key.ui/examples/redux/arrays/Arrays.fillFromTo.key 
78051      INFO  main            d.u.i.k.p.i.AbstractProblemLoader Loading environment from /home/runner/work/key/key/key.core/../key.ui/examples/redux/arrays/Arrays.fillFromTo.key 
78051      DEBUG main            d.u.i.k.p.i.AbstractProblemLoader Environment load took 106.2ns 
78052      INFO  main            d.u.i.k.p.i.AbstractProblemLoader Creating init config 
80947      DEBUG main            d.u.i.k.p.i.AbstractProblemLoader Init config took 2.89s 
80982      INFO  main            d.u.i.k.p.i.AbstractProblemLoader Replaying proof Arrays[Arrays::fill([I,int,int,int)].JML normal_behavior operation contract.0 
80984      DEBUG main            d.u.i.k.p.i.IntermediateProofReplayer Proof replay took 4.9ns 
81486      INFO  main            d.u.i.k.p.r.p.TestFile    ... finished proof: closed. 
81710      INFO  main            d.u.i.k.p.i.AbstractProblemLoader Loading environment from /home/runner/work/key/key/key.core/../key.ui/examples/redux/arrays/Arrays.fillFromTo.key.proof 
81710      DEBUG main            d.u.i.k.p.i.AbstractProblemLoader Environment load took 258.7ns 
81711      INFO  main            d.u.i.k.p.i.AbstractProblemLoader Creating init config 
84601      DEBUG main            d.u.i.k.p.i.AbstractProblemLoader Init config took 2.89s 
84637      INFO  main            d.u.i.k.p.i.AbstractProblemLoader Replaying proof Arrays[Arrays::fill([I,int,int,int)].JML normal_behavior operation contract.0 
84744      DEBUG main            d.u.i.k.p.i.IntermediateProofReplayer Proof replay took 103.76ms 
84745      DEBUG main            d.u.i.k.p.r.p.TestFile    ... success: reloaded. 
84746      INFO  main            d.u.i.k.p.r.p.TestFile    Now processing file /home/runner/work/key/key/key.core/../key.ui/examples/redux/arrays/Arrays.fillFromTo.float.key 
84746      INFO  main            d.u.i.k.p.i.AbstractProblemLoader Loading environment from /home/runner/work/key/key/key.core/../key.ui/examples/redux/arrays/Arrays.fillFromTo.float.key 
84746      DEBUG main            d.u.i.k.p.i.AbstractProblemLoader Environment load took 149.4ns 
84747      INFO  main            d.u.i.k.p.i.AbstractProblemLoader Creating init config 
87699      DEBUG main            d.u.i.k.p.i.AbstractProblemLoader Init config took 2.95s 
87735      INFO  main            d.u.i.k.p.i.AbstractProblemLoader Replaying proof Arrays[Arrays::fill([F,int,int,float)].JML normal_behavior operation contract.0 
87736      DEBUG main            d.u.i.k.p.i.IntermediateProofReplayer Proof replay took 4.9ns 
88439      INFO  main            d.u.i.k.p.r.p.TestFile    ... finished proof: closed. 
88630      INFO  main            d.u.i.k.p.i.AbstractProblemLoader Loading environment from /home/runner/work/key/key/key.core/../key.ui/examples/redux/arrays/Arrays.fillFromTo.float.key.proof 
88630      DEBUG main            d.u.i.k.p.i.AbstractProblemLoader Environment load took 113.8ns 
88631      INFO  main            d.u.i.k.p.i.AbstractProblemLoader Creating init config 
91534      DEBUG main            d.u.i.k.p.i.AbstractProblemLoader Init config took 2.9s 
91567      INFO  main            d.u.i.k.p.i.AbstractProblemLoader Replaying proof Arrays[Arrays::fill([F,int,int,float)].JML normal_behavior operation contract.0 
91697      DEBUG main            d.u.i.k.p.i.IntermediateProofReplayer Proof replay took 125.63ms 
91698      DEBUG main            d.u.i.k.p.r.p.TestFile    ... success: reloaded. 
91699      INFO  main            d.u.i.k.p.r.p.TestFile    Now processing file /home/runner/work/key/key/key.core/../key.ui/examples/redux/arrays/ArrayCopy.arraycopy.normal.0.key 
91699      INFO  main            d.u.i.k.p.i.AbstractProblemLoader Loading environment from /home/runner/work/key/key/key.core/../key.ui/examples/redux/arrays/ArrayCopy.arraycopy.normal.0.key 
91699      DEBUG main            d.u.i.k.p.i.AbstractProblemLoader Environment load took 147.8ns 
91700      INFO  main            d.u.i.k.p.i.AbstractProblemLoader Creating init config 
94578      DEBUG main            d.u.i.k.p.i.AbstractProblemLoader Init config took 2.88s 
94611      INFO  main            d.u.i.k.p.i.AbstractProblemLoader Replaying proof ArrayCopy[ArrayCopy::arraycopy(java.lang.Object,int,java.lang.Object,int,int)].JML normal_behavior operation contract.0 
94612      DEBUG main            d.u.i.k.p.i.IntermediateProofReplayer Proof replay took 5.1ns 
100789     INFO  main            d.u.i.k.p.r.p.TestFile    ... finished proof: closed. 
101003     INFO  main            d.u.i.k.p.i.AbstractProblemLoader Loading environment from /home/runner/work/key/key/key.core/../key.ui/examples/redux/arrays/ArrayCopy.arraycopy.normal.0.key.proof 
101003     DEBUG main            d.u.i.k.p.i.AbstractProblemLoader Environment load took 309ns 
101005     INFO  main            d.u.i.k.p.i.AbstractProblemLoader Creating init config 
103891     DEBUG main            d.u.i.k.p.i.AbstractProblemLoader Init config took 2.89s 
103925     INFO  main            d.u.i.k.p.i.AbstractProblemLoader Replaying proof ArrayCopy[ArrayCopy::arraycopy(java.lang.Object,int,java.lang.Object,int,int)].JML normal_behavior operation contract.0 
104801     DEBUG main            d.u.i.k.p.i.IntermediateProofReplayer Proof replay took 861.78ms 
104803     DEBUG main            d.u.i.k.p.r.p.TestFile    ... success: reloaded. 
104804     INFO  main            d.u.i.k.p.r.p.TestFile    Now processing file /home/runner/work/key/key/key.core/../key.ui/examples/redux/arrays/ArrayCopy.arraycopy.exceptional.0.key 
104804     INFO  main            d.u.i.k.p.i.AbstractProblemLoader Loading environment from /home/runner/work/key/key/key.core/../key.ui/examples/redux/arrays/ArrayCopy.arraycopy.exceptional.0.key 
104804     DEBUG main            d.u.i.k.p.i.AbstractProblemLoader Environment load took 151.3ns 
104805     INFO  main            d.u.i.k.p.i.AbstractProblemLoader Creating init config 
107705     DEBUG main            d.u.i.k.p.i.AbstractProblemLoader Init config took 2.9s 
107738     INFO  main            d.u.i.k.p.i.AbstractProblemLoader Replaying proof ArrayCopy[ArrayCopy::arraycopy(java.lang.Object,int,java.lang.Object,int,int)].JML exceptional_behavior operation contract.0 
107739     DEBUG main            d.u.i.k.p.i.IntermediateProofReplayer Proof replay took 4.7ns 
108143     INFO  main            d.u.i.k.p.r.p.TestFile    ... finished proof: closed. 
108336     INFO  main            d.u.i.k.p.i.AbstractProblemLoader Loading environment from /home/runner/work/key/key/key.core/../key.ui/examples/redux/arrays/ArrayCopy.arraycopy.exceptional.0.key.proof 
108336     DEBUG main            d.u.i.k.p.i.AbstractProblemLoader Environment load took 108.4ns 
108337     INFO  main            d.u.i.k.p.i.AbstractProblemLoader Creating init config 
111219     DEBUG main            d.u.i.k.p.i.AbstractProblemLoader Init config took 2.88s 
111251     INFO  main            d.u.i.k.p.i.AbstractProblemLoader Replaying proof ArrayCopy[ArrayCopy::arraycopy(java.lang.Object,int,java.lang.Object,int,int)].JML exceptional_behavior operation contract.0 
111369     DEBUG main            d.u.i.k.p.i.IntermediateProofReplayer Proof replay took 110.21ms 
111370     DEBUG main            d.u.i.k.p.r.p.TestFile    ... success: reloaded. 
111371     INFO  main            d.u.i.k.p.r.p.TestFile    Now processing file /home/runner/work/key/key/key.core/../key.ui/examples/redux/arrays/ArrayCopy.arraycopy.exceptional.1.key 
111371     INFO  main            d.u.i.k.p.i.AbstractProblemLoader Loading environment from /home/runner/work/key/key/key.core/../key.ui/examples/redux/arrays/ArrayCopy.arraycopy.exceptional.1.key 
111372     DEBUG main            d.u.i.k.p.i.AbstractProblemLoader Environment load took 172.5ns 
111372     INFO  main            d.u.i.k.p.i.AbstractProblemLoader Creating init config 
114242     DEBUG main            d.u.i.k.p.i.AbstractProblemLoader Init config took 2.87s 
114276     INFO  main            d.u.i.k.p.i.AbstractProblemLoader Replaying proof ArrayCopy[ArrayCopy::arraycopy(java.lang.Object,int,java.lang.Object,int,int)].JML exceptional_behavior operation contract.1 
114277     DEBUG main            d.u.i.k.p.i.IntermediateProofReplayer Proof replay took 4.8ns 
120288     INFO  main            d.u.i.k.p.r.p.TestFile    ... finished proof: closed. 
120510     INFO  main            d.u.i.k.p.i.AbstractProblemLoader Loading environment from /home/runner/work/key/key/key.core/../key.ui/examples/redux/arrays/ArrayCopy.arraycopy.exceptional.1.key.proof 
120510     DEBUG main            d.u.i.k.p.i.AbstractProblemLoader Environment load took 316.7ns 
120514     INFO  main            d.u.i.k.p.i.AbstractProblemLoader Creating init config 
123347     DEBUG main            d.u.i.k.p.i.AbstractProblemLoader Init config took 2.83s 
123379     INFO  main            d.u.i.k.p.i.AbstractProblemLoader Replaying proof ArrayCopy[ArrayCopy::arraycopy(java.lang.Object,int,java.lang.Object,int,int)].JML exceptional_behavior operation contract.1 
124911     DEBUG main            d.u.i.k.p.i.IntermediateProofReplayer Proof replay took 1.51s 
124913     DEBUG main            d.u.i.k.p.r.p.TestFile    ... success: reloaded. 
5117509    INFO  Test worker     d.u.i.k.p.r.RunAllProofsTestUnit Returning from test redux 
]]></system-out>
  <system-err><![CDATA[]]></system-err>
</testsuite>
