<?xml version="1.0" encoding="UTF-8"?>
<testsuite name="de.uka.ilkd.key.proof.runallproofs.RunAllProofsInfFlow" tests="29" skipped="0" failures="0" errors="0" timestamp="2023-06-03T10:18:37" hostname="fv-az349-837" time="2700.221">
  <properties/>
  <testcase name="ToyVoting" classname="de.uka.ilkd.key.proof.runallproofs.RunAllProofsInfFlow" time="26.186"/>
  <testcase name="ConditionalConfidential" classname="de.uka.ilkd.key.proof.runallproofs.RunAllProofsInfFlow" time="14.657"/>
  <testcase name="SumExample" classname="de.uka.ilkd.key.proof.runallproofs.RunAllProofsInfFlow" time="9.675"/>
  <testcase name="ToyBanking" classname="de.uka.ilkd.key.proof.runallproofs.RunAllProofsInfFlow" time="106.026"/>
  <testcase name="BlockContracts" classname="de.uka.ilkd.key.proof.runallproofs.RunAllProofsInfFlow" time="60.965"/>
  <testcase name="MethodContracts" classname="de.uka.ilkd.key.proof.runallproofs.RunAllProofsInfFlow" time="70.971"/>
  <testcase name="LoopInvariants" classname="de.uka.ilkd.key.proof.runallproofs.RunAllProofsInfFlow" time="68.568"/>
  <testcase name="MiniExamples" classname="de.uka.ilkd.key.proof.runallproofs.RunAllProofsInfFlow" time="94.711"/>
  <testcase name="NewObjects" classname="de.uka.ilkd.key.proof.runallproofs.RunAllProofsInfFlow" time="83.374"/>
  <testcase name="SimpleEvoting" classname="de.uka.ilkd.key.proof.runallproofs.RunAllProofsInfFlow" time="163.659"/>
  <testcase name="ToyVoting_nomacro" classname="de.uka.ilkd.key.proof.runallproofs.RunAllProofsInfFlow" time="34.121"/>
  <testcase name="ConditionalConfidential_nomacro" classname="de.uka.ilkd.key.proof.runallproofs.RunAllProofsInfFlow" time="0.001"/>
  <testcase name="SumExample_nomacro" classname="de.uka.ilkd.key.proof.runallproofs.RunAllProofsInfFlow" time="12.045"/>
  <testcase name="ToyBanking_nomacro" classname="de.uka.ilkd.key.proof.runallproofs.RunAllProofsInfFlow" time="73.495"/>
  <testcase name="BlockContracts_nomacro" classname="de.uka.ilkd.key.proof.runallproofs.RunAllProofsInfFlow" time="81.996"/>
  <testcase name="MethodContracts_nomacro" classname="de.uka.ilkd.key.proof.runallproofs.RunAllProofsInfFlow" time="74.371"/>
  <testcase name="LoopInvariants_nomacro" classname="de.uka.ilkd.key.proof.runallproofs.RunAllProofsInfFlow" time="108.793"/>
  <testcase name="MiniExamples_nomacro" classname="de.uka.ilkd.key.proof.runallproofs.RunAllProofsInfFlow" time="98.988"/>
  <testcase name="NewObjects_nomacro" classname="de.uka.ilkd.key.proof.runallproofs.RunAllProofsInfFlow" time="128.328"/>
  <testcase name="SimpleEvoting_nomacro" classname="de.uka.ilkd.key.proof.runallproofs.RunAllProofsInfFlow" time="124.513"/>
  <testcase name="ToyVoting_fullmacro" classname="de.uka.ilkd.key.proof.runallproofs.RunAllProofsInfFlow" time="55.52"/>
  <testcase name="SumExample_fullmacro" classname="de.uka.ilkd.key.proof.runallproofs.RunAllProofsInfFlow" time="10.673"/>
  <testcase name="ToyBanking_fullmacro" classname="de.uka.ilkd.key.proof.runallproofs.RunAllProofsInfFlow" time="269.807"/>
  <testcase name="BlockContracts_fullmacro" classname="de.uka.ilkd.key.proof.runallproofs.RunAllProofsInfFlow" time="79.245"/>
  <testcase name="MethodContracts_fullmacro" classname="de.uka.ilkd.key.proof.runallproofs.RunAllProofsInfFlow" time="73.486"/>
  <testcase name="InformationFlow_fullmacro" classname="de.uka.ilkd.key.proof.runallproofs.RunAllProofsInfFlow" time="300.874"/>
  <testcase name="MiniExamples_fullmacro" classname="de.uka.ilkd.key.proof.runallproofs.RunAllProofsInfFlow" time="102.32"/>
  <testcase name="NewObjects_fullmacro" classname="de.uka.ilkd.key.proof.runallproofs.RunAllProofsInfFlow" time="198.37"/>
  <testcase name="SimpleEvoting_fullmacro" classname="de.uka.ilkd.key.proof.runallproofs.RunAllProofsInfFlow" time="174.474"/>
  <system-out><![CDATA[490        INFO  Test worker     d.u.i.k.p.r.RunAllProofsTestUnit Running test ToyVoting 
366        INFO  Timeout watchdog d.u.i.k.p.r.p.ForkedTestFileRunner Timeout watcher launched (1000 secs.) 
385        WARN  main            d.u.i.k.s.ProofSettings   No proof-settings could be loaded, using defaults java.io.FileNotFoundException: /home/runner/.key/proof-settings.props (No such file or directory)
	at java.base/java.io.FileInputStream.open0(Native Method)

422        INFO  main            d.u.i.k.p.r.p.TestFile    Now processing file /home/runner/work/key/key/key.core/../key.ui/examples/InformationFlow/ToyVoting/Voter(Voter__insecure_voting()).JML normal_behavior operation contract.0.key 
569        INFO  main            d.u.i.k.p.i.AbstractProblemLoader Loading environment from /home/runner/work/key/key/key.core/../key.ui/examples/InformationFlow/ToyVoting/Voter(Voter__insecure_voting()).JML normal_behavior operation contract.0.key 
588        DEBUG main            d.u.i.k.p.i.AbstractProblemLoader Environment load took 2.9ms 
833        INFO  main            d.u.i.k.p.i.AbstractProblemLoader Creating init config 
1780       DEBUG main            d.u.i.k.j.TypeConverter   No LDT found for Meta 
1780       DEBUG main            d.u.i.k.j.TypeConverter   No LDT found for Meta 
1783       DEBUG main            d.u.i.k.j.TypeConverter   No LDT found for Meta 
1784       DEBUG main            d.u.i.k.j.TypeConverter   No LDT found for Meta 
3025       DEBUG main            d.u.i.k.j.TypeConverter   No LDT found for JavaBigintExpression 
8356       DEBUG main            d.u.i.k.p.i.AbstractProblemLoader Init config took 7.52s 
8503       INFO  main            d.u.i.k.p.i.AbstractProblemLoader Replaying proof Voter[Voter::insecure_voting()].JML normal_behavior operation contract.0 
8607       DEBUG main            d.u.i.k.p.i.IntermediateProofReplayer Proof replay took 400.6ns 
9766       INFO  main            d.u.i.k.p.r.p.TestFile    ... finished proof: closed. 
9884       INFO  main            d.u.i.k.p.r.p.TestFile    Now processing file /home/runner/work/key/key/key.core/../key.ui/examples/InformationFlow/ToyVoting/Voter(Voter__publishVoterParticipation()).JML normal_behavior operation contract.0.key 
9885       INFO  main            d.u.i.k.p.i.AbstractProblemLoader Loading environment from /home/runner/work/key/key/key.core/../key.ui/examples/InformationFlow/ToyVoting/Voter(Voter__publishVoterParticipation()).JML normal_behavior operation contract.0.key 
9885       DEBUG main            d.u.i.k.p.i.AbstractProblemLoader Environment load took 364.5ns 
9888       INFO  main            d.u.i.k.p.i.AbstractProblemLoader Creating init config 
12874      DEBUG main            d.u.i.k.p.i.AbstractProblemLoader Init config took 2.99s 
12938      INFO  main            d.u.i.k.p.i.AbstractProblemLoader Replaying proof Voter[Voter::publishVoterParticipation()].JML normal_behavior operation contract.0 
12942      DEBUG main            d.u.i.k.p.i.IntermediateProofReplayer Proof replay took 11.9ns 
13045      INFO  main            d.u.i.k.p.r.p.TestFile    ... finished proof: closed. 
13154      INFO  main            d.u.i.k.p.r.p.TestFile    Now processing file /home/runner/work/key/key/key.core/../key.ui/examples/InformationFlow/ToyVoting/Voter(Voter__isValid(int)).JML normal_behavior operation contract.0.key 
13156      INFO  main            d.u.i.k.p.i.AbstractProblemLoader Loading environment from /home/runner/work/key/key/key.core/../key.ui/examples/InformationFlow/ToyVoting/Voter(Voter__isValid(int)).JML normal_behavior operation contract.0.key 
13156      DEBUG main            d.u.i.k.p.i.AbstractProblemLoader Environment load took 143.9ns 
13158      INFO  main            d.u.i.k.p.i.AbstractProblemLoader Creating init config 
15944      DEBUG main            d.u.i.k.p.i.AbstractProblemLoader Init config took 2.79s 
16013      INFO  main            d.u.i.k.p.i.AbstractProblemLoader Replaying proof Voter[Voter::isValid(int)].JML normal_behavior operation contract.0 
16017      DEBUG main            d.u.i.k.p.i.IntermediateProofReplayer Proof replay took 14.1ns 
16119      INFO  main            d.u.i.k.p.r.p.TestFile    ... finished proof: closed. 
16235      INFO  main            d.u.i.k.p.r.p.TestFile    Now processing file /home/runner/work/key/key/key.core/../key.ui/examples/InformationFlow/ToyVoting/Voter(Voter__sendVote(int)).JML normal_behavior operation contract.0.key 
16235      INFO  main            d.u.i.k.p.i.AbstractProblemLoader Loading environment from /home/runner/work/key/key/key.core/../key.ui/examples/InformationFlow/ToyVoting/Voter(Voter__sendVote(int)).JML normal_behavior operation contract.0.key 
16235      DEBUG main            d.u.i.k.p.i.AbstractProblemLoader Environment load took 87ns 
16236      INFO  main            d.u.i.k.p.i.AbstractProblemLoader Creating init config 
18956      DEBUG main            d.u.i.k.p.i.AbstractProblemLoader Init config took 2.72s 
19007      INFO  main            d.u.i.k.p.i.AbstractProblemLoader Replaying proof Voter[Voter::sendVote(int)].JML normal_behavior operation contract.0 
19011      DEBUG main            d.u.i.k.p.i.IntermediateProofReplayer Proof replay took 13.4ns 
19114      INFO  main            d.u.i.k.p.r.p.TestFile    ... finished proof: closed. 
19232      INFO  main            d.u.i.k.p.r.p.TestFile    Now processing file /home/runner/work/key/key/key.core/../key.ui/examples/InformationFlow/ToyVoting/Voter(Voter__inputVote()).JML normal_behavior operation contract.0.key 
19232      INFO  main            d.u.i.k.p.i.AbstractProblemLoader Loading environment from /home/runner/work/key/key/key.core/../key.ui/examples/InformationFlow/ToyVoting/Voter(Voter__inputVote()).JML normal_behavior operation contract.0.key 
19232      DEBUG main            d.u.i.k.p.i.AbstractProblemLoader Environment load took 83.5ns 
19233      INFO  main            d.u.i.k.p.i.AbstractProblemLoader Creating init config 
21920      DEBUG main            d.u.i.k.p.i.AbstractProblemLoader Init config took 2.69s 
21985      INFO  main            d.u.i.k.p.i.AbstractProblemLoader Replaying proof Voter[Voter::inputVote()].JML normal_behavior operation contract.0 
21989      DEBUG main            d.u.i.k.p.i.IntermediateProofReplayer Proof replay took 13.7ns 
22091      INFO  main            d.u.i.k.p.r.p.TestFile    ... finished proof: closed. 
22252      INFO  main            d.u.i.k.p.r.p.TestFile    Now processing file /home/runner/work/key/key/key.core/../key.ui/examples/InformationFlow/ToyVoting/Voter(Voter__secure_voting()).JML normal_behavior operation contract.0.key 
22252      INFO  main            d.u.i.k.p.i.AbstractProblemLoader Loading environment from /home/runner/work/key/key/key.core/../key.ui/examples/InformationFlow/ToyVoting/Voter(Voter__secure_voting()).JML normal_behavior operation contract.0.key 
22252      DEBUG main            d.u.i.k.p.i.AbstractProblemLoader Environment load took 65.5ns 
22255      INFO  main            d.u.i.k.p.i.AbstractProblemLoader Creating init config 
24944      DEBUG main            d.u.i.k.p.i.AbstractProblemLoader Init config took 2.69s 
24999      INFO  main            d.u.i.k.p.i.AbstractProblemLoader Replaying proof Voter[Voter::secure_voting()].JML normal_behavior operation contract.0 
25005      DEBUG main            d.u.i.k.p.i.IntermediateProofReplayer Proof replay took 13.4ns 
25809      INFO  main            d.u.i.k.p.r.p.TestFile    ... finished proof: closed. 
26668      INFO  Test worker     d.u.i.k.p.r.RunAllProofsTestUnit Returning from test ToyVoting 
26674      INFO  Test worker     d.u.i.k.p.r.RunAllProofsTestUnit Running test ConditionalConfidential 
342        INFO  Timeout watchdog d.u.i.k.p.r.p.ForkedTestFileRunner Timeout watcher launched (1000 secs.) 
349        WARN  main            d.u.i.k.s.ProofSettings   The settings in /home/runner/.key/proof-settings.props are *not* read. 
372        INFO  main            d.u.i.k.p.r.p.TestFile    Now processing file /home/runner/work/key/key/key.core/../key.ui/examples/InformationFlow/ConditionalConfidential/CCExample(CCExample__hasAccessRight(CCExample.User)).JML normal_behavior operation contract.0.key 
496        INFO  main            d.u.i.k.p.i.AbstractProblemLoader Loading environment from /home/runner/work/key/key/key.core/../key.ui/examples/InformationFlow/ConditionalConfidential/CCExample(CCExample__hasAccessRight(CCExample.User)).JML normal_behavior operation contract.0.key 
514        DEBUG main            d.u.i.k.p.i.AbstractProblemLoader Environment load took 1.79ms 
738        INFO  main            d.u.i.k.p.i.AbstractProblemLoader Creating init config 
1682       DEBUG main            d.u.i.k.j.TypeConverter   No LDT found for Meta 
1683       DEBUG main            d.u.i.k.j.TypeConverter   No LDT found for Meta 
1687       DEBUG main            d.u.i.k.j.TypeConverter   No LDT found for Meta 
1687       DEBUG main            d.u.i.k.j.TypeConverter   No LDT found for Meta 
3530       DEBUG main            d.u.i.k.j.TypeConverter   No LDT found for JavaBigintExpression 
6253       DEBUG main            d.u.i.k.j.r.ClassPreparationMethodBuilder clPrepBuilder: Inner Class detected. Reject building class initialisation methods. 
8427       DEBUG main            d.u.i.k.p.i.AbstractProblemLoader Init config took 7.69s 
8559       INFO  main            d.u.i.k.p.i.AbstractProblemLoader Replaying proof ConditionalConfidentialExample[ConditionalConfidentialExample::hasAccessRight(ConditionalConfidentialExample.User)].JML normal_behavior operation contract.0 
8594       DEBUG main            d.u.i.k.p.i.IntermediateProofReplayer Proof replay took 316.7ns 
10639      INFO  main            d.u.i.k.p.r.p.TestFile    ... finished proof: closed. 
10846      INFO  main            d.u.i.k.p.r.p.TestFile    Now processing file /home/runner/work/key/key/key.core/../key.ui/examples/InformationFlow/ConditionalConfidential/CCExample(CCExample__getConfidentialData(CCExample.User)).JML normal_behavior operation contract.0.key 
10847      INFO  main            d.u.i.k.p.i.AbstractProblemLoader Loading environment from /home/runner/work/key/key/key.core/../key.ui/examples/InformationFlow/ConditionalConfidential/CCExample(CCExample__getConfidentialData(CCExample.User)).JML normal_behavior operation contract.0.key 
10848      DEBUG main            d.u.i.k.p.i.AbstractProblemLoader Environment load took 1.39ms 
10853      INFO  main            d.u.i.k.p.i.AbstractProblemLoader Creating init config 
11799      DEBUG main            d.u.i.k.j.r.ClassPreparationMethodBuilder clPrepBuilder: Inner Class detected. Reject building class initialisation methods. 
13667      DEBUG main            d.u.i.k.p.i.AbstractProblemLoader Init config took 2.81s 
13758      INFO  main            d.u.i.k.p.i.AbstractProblemLoader Replaying proof ConditionalConfidentialExample[ConditionalConfidentialExample::getConfidentialData(ConditionalConfidentialExample.User)].JML normal_behavior operation contract.0 
13765      DEBUG main            d.u.i.k.p.i.IntermediateProofReplayer Proof replay took 13.9ns 
14370      INFO  main            d.u.i.k.p.r.p.TestFile    ... finished proof: closed. 
41330      INFO  Test worker     d.u.i.k.p.r.RunAllProofsTestUnit Returning from test ConditionalConfidential 
41332      INFO  Test worker     d.u.i.k.p.r.RunAllProofsTestUnit Running test SumExample 
364        INFO  Timeout watchdog d.u.i.k.p.r.p.ForkedTestFileRunner Timeout watcher launched (1000 secs.) 
365        WARN  main            d.u.i.k.s.ProofSettings   The settings in /home/runner/.key/proof-settings.props are *not* read. 
405        INFO  main            d.u.i.k.p.r.p.TestFile    Now processing file /home/runner/work/key/key/key.core/../key.ui/examples/InformationFlow/Sum/SumExample(SumExample__getSum()).JML normal_behavior operation contract.0.key 
508        INFO  main            d.u.i.k.p.i.AbstractProblemLoader Loading environment from /home/runner/work/key/key/key.core/../key.ui/examples/InformationFlow/Sum/SumExample(SumExample__getSum()).JML normal_behavior operation contract.0.key 
531        DEBUG main            d.u.i.k.p.i.AbstractProblemLoader Environment load took 2.7ms 
745        INFO  main            d.u.i.k.p.i.AbstractProblemLoader Creating init config 
1552       DEBUG main            d.u.i.k.j.TypeConverter   No LDT found for Meta 
1552       DEBUG main            d.u.i.k.j.TypeConverter   No LDT found for Meta 
1553       DEBUG main            d.u.i.k.j.TypeConverter   No LDT found for Meta 
1554       DEBUG main            d.u.i.k.j.TypeConverter   No LDT found for Meta 
2977       DEBUG main            d.u.i.k.j.TypeConverter   No LDT found for JavaBigintExpression 
7881       DEBUG main            d.u.i.k.p.i.AbstractProblemLoader Init config took 7.14s 
8005       INFO  main            d.u.i.k.p.i.AbstractProblemLoader Replaying proof SumExample[SumExample::getSum()].JML normal_behavior operation contract.0 
8041       DEBUG main            d.u.i.k.p.i.IntermediateProofReplayer Proof replay took 359.7ns 
9380       INFO  main            d.u.i.k.p.r.p.TestFile    ... finished proof: closed. 
51006      INFO  Test worker     d.u.i.k.p.r.RunAllProofsTestUnit Returning from test SumExample 
51007      INFO  Test worker     d.u.i.k.p.r.RunAllProofsTestUnit Running test ToyBanking 
365        INFO  Timeout watchdog d.u.i.k.p.r.p.ForkedTestFileRunner Timeout watcher launched (1000 secs.) 
379        WARN  main            d.u.i.k.s.ProofSettings   The settings in /home/runner/.key/proof-settings.props are *not* read. 
401        INFO  main            d.u.i.k.p.r.p.TestFile    Now processing file /home/runner/work/key/key/key.core/../key.ui/examples/InformationFlow/ToyBanking/banking_example.UserAccount(banking_example.UserAccount__getBankAccount(int)).JML normal_behavior operation contract.0.key 
509        INFO  main            d.u.i.k.p.i.AbstractProblemLoader Loading environment from /home/runner/work/key/key/key.core/../key.ui/examples/InformationFlow/ToyBanking/banking_example.UserAccount(banking_example.UserAccount__getBankAccount(int)).JML normal_behavior operation contract.0.key 
534        DEBUG main            d.u.i.k.p.i.AbstractProblemLoader Environment load took 2.56ms 
747        INFO  main            d.u.i.k.p.i.AbstractProblemLoader Creating init config 
1659       DEBUG main            d.u.i.k.j.TypeConverter   No LDT found for Meta 
1660       DEBUG main            d.u.i.k.j.TypeConverter   No LDT found for Meta 
1668       DEBUG main            d.u.i.k.j.TypeConverter   No LDT found for Meta 
1668       DEBUG main            d.u.i.k.j.TypeConverter   No LDT found for Meta 
3096       DEBUG main            d.u.i.k.j.TypeConverter   No LDT found for JavaBigintExpression 
8843       DEBUG main            d.u.i.k.p.i.AbstractProblemLoader Init config took 8.1s 
8991       INFO  main            d.u.i.k.p.i.AbstractProblemLoader Replaying proof banking_example.UserAccount[banking_example.UserAccount::getBankAccount(int)].JML normal_behavior operation contract.0 
9027       DEBUG main            d.u.i.k.p.i.IntermediateProofReplayer Proof replay took 358ns 
10413      INFO  main            d.u.i.k.p.r.p.TestFile    ... finished proof: closed. 
10546      INFO  main            d.u.i.k.p.r.p.TestFile    Now processing file /home/runner/work/key/key/key.core/../key.ui/examples/InformationFlow/ToyBanking/banking_example.UserAccount(banking_example.UserAccount__tryLogin(int,(C)).JML normal_behavior operation contract.0.key 
10548      INFO  main            d.u.i.k.p.i.AbstractProblemLoader Loading environment from /home/runner/work/key/key/key.core/../key.ui/examples/InformationFlow/ToyBanking/banking_example.UserAccount(banking_example.UserAccount__tryLogin(int,(C)).JML normal_behavior operation contract.0.key 
10549      DEBUG main            d.u.i.k.p.i.AbstractProblemLoader Environment load took 156.8ns 
10553      INFO  main            d.u.i.k.p.i.AbstractProblemLoader Creating init config 
13531      DEBUG main            d.u.i.k.p.i.AbstractProblemLoader Init config took 2.98s 
13611      INFO  main            d.u.i.k.p.i.AbstractProblemLoader Replaying proof banking_example.UserAccount[banking_example.UserAccount::tryLogin(int,[C)].JML normal_behavior operation contract.0 
13624      DEBUG main            d.u.i.k.p.i.IntermediateProofReplayer Proof replay took 14.4ns 
33919      INFO  main            d.u.i.k.p.r.p.TestFile    ... finished proof: closed. 
34153      INFO  main            d.u.i.k.p.r.p.TestFile    Now processing file /home/runner/work/key/key/key.core/../key.ui/examples/InformationFlow/ToyBanking/banking_example.UserAccount(java.lang.Object___inv_()).JML accessible clause.0.key 
34154      INFO  main            d.u.i.k.p.i.AbstractProblemLoader Loading environment from /home/runner/work/key/key/key.core/../key.ui/examples/InformationFlow/ToyBanking/banking_example.UserAccount(java.lang.Object___inv_()).JML accessible clause.0.key 
34154      DEBUG main            d.u.i.k.p.i.AbstractProblemLoader Environment load took 135.9ns 
34157      INFO  main            d.u.i.k.p.i.AbstractProblemLoader Creating init config 
37131      DEBUG main            d.u.i.k.p.i.AbstractProblemLoader Init config took 2.97s 
37200      INFO  main            d.u.i.k.p.i.AbstractProblemLoader Replaying proof banking_example.UserAccount[java.lang.Object::<inv>()].JML accessible clause.0 
37203      DEBUG main            d.u.i.k.p.i.IntermediateProofReplayer Proof replay took 13.8ns 
40736      INFO  main            d.u.i.k.p.r.p.TestFile    ... finished proof: closed. 
40964      INFO  main            d.u.i.k.p.r.p.TestFile    Now processing file /home/runner/work/key/key/key.core/../key.ui/examples/InformationFlow/ToyBanking/banking_example.BankAccount(banking_example.BankAccount__depositMoney(int)).JML normal_behavior operation contract.0.key 
40964      INFO  main            d.u.i.k.p.i.AbstractProblemLoader Loading environment from /home/runner/work/key/key/key.core/../key.ui/examples/InformationFlow/ToyBanking/banking_example.BankAccount(banking_example.BankAccount__depositMoney(int)).JML normal_behavior operation contract.0.key 
40964      DEBUG main            d.u.i.k.p.i.AbstractProblemLoader Environment load took 83.3ns 
40965      INFO  main            d.u.i.k.p.i.AbstractProblemLoader Creating init config 
43720      DEBUG main            d.u.i.k.p.i.AbstractProblemLoader Init config took 2.75s 
43777      INFO  main            d.u.i.k.p.i.AbstractProblemLoader Replaying proof banking_example.BankAccount[banking_example.BankAccount::depositMoney(int)].JML normal_behavior operation contract.0 
43780      DEBUG main            d.u.i.k.p.i.IntermediateProofReplayer Proof replay took 13.2ns 
44083      INFO  main            d.u.i.k.p.r.p.TestFile    ... finished proof: closed. 
44228      INFO  main            d.u.i.k.p.r.p.TestFile    Now processing file /home/runner/work/key/key/key.core/../key.ui/examples/InformationFlow/ToyBanking/banking_example.BankAccount(banking_example.BankAccount__getBalance()).JML normal_behavior operation contract.0.key 
44228      INFO  main            d.u.i.k.p.i.AbstractProblemLoader Loading environment from /home/runner/work/key/key/key.core/../key.ui/examples/InformationFlow/ToyBanking/banking_example.BankAccount(banking_example.BankAccount__getBalance()).JML normal_behavior operation contract.0.key 
44229      DEBUG main            d.u.i.k.p.i.AbstractProblemLoader Environment load took 752.51ns 
44230      INFO  main            d.u.i.k.p.i.AbstractProblemLoader Creating init config 
47008      DEBUG main            d.u.i.k.p.i.AbstractProblemLoader Init config took 2.78s 
47062      INFO  main            d.u.i.k.p.i.AbstractProblemLoader Replaying proof banking_example.BankAccount[banking_example.BankAccount::getBalance()].JML normal_behavior operation contract.0 
47066      DEBUG main            d.u.i.k.p.i.IntermediateProofReplayer Proof replay took 12ns 
47168      INFO  main            d.u.i.k.p.r.p.TestFile    ... finished proof: closed. 
47305      INFO  main            d.u.i.k.p.r.p.TestFile    Now processing file /home/runner/work/key/key/key.core/../key.ui/examples/InformationFlow/ToyBanking/banking_example.BankAccount(banking_example.BankAccount__getId()).JML normal_behavior operation contract.0.key 
47305      INFO  main            d.u.i.k.p.i.AbstractProblemLoader Loading environment from /home/runner/work/key/key/key.core/../key.ui/examples/InformationFlow/ToyBanking/banking_example.BankAccount(banking_example.BankAccount__getId()).JML normal_behavior operation contract.0.key 
47305      DEBUG main            d.u.i.k.p.i.AbstractProblemLoader Environment load took 73.9ns 
47308      INFO  main            d.u.i.k.p.i.AbstractProblemLoader Creating init config 
50088      DEBUG main            d.u.i.k.p.i.AbstractProblemLoader Init config took 2.78s 
50153      INFO  main            d.u.i.k.p.i.AbstractProblemLoader Replaying proof banking_example.BankAccount[banking_example.BankAccount::getId()].JML normal_behavior operation contract.0 
50156      DEBUG main            d.u.i.k.p.i.IntermediateProofReplayer Proof replay took 12.4ns 
50261      INFO  main            d.u.i.k.p.r.p.TestFile    ... finished proof: closed. 
50401      INFO  main            d.u.i.k.p.r.p.TestFile    Now processing file /home/runner/work/key/key/key.core/../key.ui/examples/InformationFlow/ToyBanking/banking_example.Bank(banking_example.Bank__login(int,(C)).JML normal_behavior operation contract.0.key 
50401      INFO  main            d.u.i.k.p.i.AbstractProblemLoader Loading environment from /home/runner/work/key/key/key.core/../key.ui/examples/InformationFlow/ToyBanking/banking_example.Bank(banking_example.Bank__login(int,(C)).JML normal_behavior operation contract.0.key 
50401      DEBUG main            d.u.i.k.p.i.AbstractProblemLoader Environment load took 68ns 
50402      INFO  main            d.u.i.k.p.i.AbstractProblemLoader Creating init config 
53219      DEBUG main            d.u.i.k.p.i.AbstractProblemLoader Init config took 2.82s 
53284      INFO  main            d.u.i.k.p.i.AbstractProblemLoader Replaying proof banking_example.Bank[banking_example.Bank::login(int,[C)].JML normal_behavior operation contract.0 
53288      DEBUG main            d.u.i.k.p.i.IntermediateProofReplayer Proof replay took 59.8ns 
58646      INFO  main            d.u.i.k.p.r.p.TestFile    ... finished proof: closed. 
58839      INFO  main            d.u.i.k.p.r.p.TestFile    Now processing file /home/runner/work/key/key/key.core/../key.ui/examples/InformationFlow/ToyBanking/banking_example2.UserAccount(banking_example2.UserAccount__getBankAccount(int)).JML normal_behavior operation contract.0.key 
58840      INFO  main            d.u.i.k.p.i.AbstractProblemLoader Loading environment from /home/runner/work/key/key/key.core/../key.ui/examples/InformationFlow/ToyBanking/banking_example2.UserAccount(banking_example2.UserAccount__getBankAccount(int)).JML normal_behavior operation contract.0.key 
58840      DEBUG main            d.u.i.k.p.i.AbstractProblemLoader Environment load took 115.2ns 
58841      INFO  main            d.u.i.k.p.i.AbstractProblemLoader Creating init config 
61497      DEBUG main            d.u.i.k.p.i.AbstractProblemLoader Init config took 2.66s 
61551      INFO  main            d.u.i.k.p.i.AbstractProblemLoader Replaying proof banking_example2.UserAccount[banking_example2.UserAccount::getBankAccount(int)].JML normal_behavior operation contract.0 
61556      DEBUG main            d.u.i.k.p.i.IntermediateProofReplayer Proof replay took 15ns 
61963      INFO  main            d.u.i.k.p.r.p.TestFile    ... finished proof: closed. 
62124      INFO  main            d.u.i.k.p.r.p.TestFile    Now processing file /home/runner/work/key/key/key.core/../key.ui/examples/InformationFlow/ToyBanking/banking_example2.UserAccount(banking_example2.UserAccount__tryLogin(int,(C)).JML normal_behavior operation contract.0.key 
62124      INFO  main            d.u.i.k.p.i.AbstractProblemLoader Loading environment from /home/runner/work/key/key/key.core/../key.ui/examples/InformationFlow/ToyBanking/banking_example2.UserAccount(banking_example2.UserAccount__tryLogin(int,(C)).JML normal_behavior operation contract.0.key 
62124      DEBUG main            d.u.i.k.p.i.AbstractProblemLoader Environment load took 101.2ns 
62125      INFO  main            d.u.i.k.p.i.AbstractProblemLoader Creating init config 
64820      DEBUG main            d.u.i.k.p.i.AbstractProblemLoader Init config took 2.7s 
64873      INFO  main            d.u.i.k.p.i.AbstractProblemLoader Replaying proof banking_example2.UserAccount[banking_example2.UserAccount::tryLogin(int,[C)].JML normal_behavior operation contract.0 
64876      DEBUG main            d.u.i.k.p.i.IntermediateProofReplayer Proof replay took 14.6ns 
83162      INFO  main            d.u.i.k.p.r.p.TestFile    ... finished proof: closed. 
83409      INFO  main            d.u.i.k.p.r.p.TestFile    Now processing file /home/runner/work/key/key/key.core/../key.ui/examples/InformationFlow/ToyBanking/banking_example2.UserAccount(java.lang.Object___inv_()).JML accessible clause.0.key 
83409      INFO  main            d.u.i.k.p.i.AbstractProblemLoader Loading environment from /home/runner/work/key/key/key.core/../key.ui/examples/InformationFlow/ToyBanking/banking_example2.UserAccount(java.lang.Object___inv_()).JML accessible clause.0.key 
83409      DEBUG main            d.u.i.k.p.i.AbstractProblemLoader Environment load took 69.9ns 
83410      INFO  main            d.u.i.k.p.i.AbstractProblemLoader Creating init config 
86006      DEBUG main            d.u.i.k.p.i.AbstractProblemLoader Init config took 2.6s 
86060      INFO  main            d.u.i.k.p.i.AbstractProblemLoader Replaying proof banking_example2.UserAccount[java.lang.Object::<inv>()].JML accessible clause.0 
86063      DEBUG main            d.u.i.k.p.i.IntermediateProofReplayer Proof replay took 13.5ns 
90402      INFO  main            d.u.i.k.p.r.p.TestFile    ... finished proof: open goal(s) 
90607      INFO  main            d.u.i.k.p.r.p.TestFile    Now processing file /home/runner/work/key/key/key.core/../key.ui/examples/InformationFlow/ToyBanking/banking_example2.BankAccount(banking_example2.BankAccount__depositMoney(int)).JML normal_behavior operation contract.0.key 
90608      INFO  main            d.u.i.k.p.i.AbstractProblemLoader Loading environment from /home/runner/work/key/key/key.core/../key.ui/examples/InformationFlow/ToyBanking/banking_example2.BankAccount(banking_example2.BankAccount__depositMoney(int)).JML normal_behavior operation contract.0.key 
90611      DEBUG main            d.u.i.k.p.i.AbstractProblemLoader Environment load took 3.62ms 
90612      INFO  main            d.u.i.k.p.i.AbstractProblemLoader Creating init config 
93191      DEBUG main            d.u.i.k.p.i.AbstractProblemLoader Init config took 2.58s 
93237      INFO  main            d.u.i.k.p.i.AbstractProblemLoader Replaying proof banking_example2.BankAccount[banking_example2.BankAccount::depositMoney(int)].JML normal_behavior operation contract.0 
93240      DEBUG main            d.u.i.k.p.i.IntermediateProofReplayer Proof replay took 15.8ns 
93546      INFO  main            d.u.i.k.p.r.p.TestFile    ... finished proof: closed. 
93717      INFO  main            d.u.i.k.p.r.p.TestFile    Now processing file /home/runner/work/key/key/key.core/../key.ui/examples/InformationFlow/ToyBanking/banking_example2.BankAccount(banking_example2.BankAccount__getBalance()).JML normal_behavior operation contract.0.key 
93717      INFO  main            d.u.i.k.p.i.AbstractProblemLoader Loading environment from /home/runner/work/key/key/key.core/../key.ui/examples/InformationFlow/ToyBanking/banking_example2.BankAccount(banking_example2.BankAccount__getBalance()).JML normal_behavior operation contract.0.key 
93717      DEBUG main            d.u.i.k.p.i.AbstractProblemLoader Environment load took 75.6ns 
93718      INFO  main            d.u.i.k.p.i.AbstractProblemLoader Creating init config 
96323      DEBUG main            d.u.i.k.p.i.AbstractProblemLoader Init config took 2.61s 
96368      INFO  main            d.u.i.k.p.i.AbstractProblemLoader Replaying proof banking_example2.BankAccount[banking_example2.BankAccount::getBalance()].JML normal_behavior operation contract.0 
96370      DEBUG main            d.u.i.k.p.i.IntermediateProofReplayer Proof replay took 13.8ns 
96473      INFO  main            d.u.i.k.p.r.p.TestFile    ... finished proof: closed. 
96636      INFO  main            d.u.i.k.p.r.p.TestFile    Now processing file /home/runner/work/key/key/key.core/../key.ui/examples/InformationFlow/ToyBanking/banking_example2.BankAccount(banking_example2.BankAccount__getId()).JML normal_behavior operation contract.0.key 
96637      INFO  main            d.u.i.k.p.i.AbstractProblemLoader Loading environment from /home/runner/work/key/key/key.core/../key.ui/examples/InformationFlow/ToyBanking/banking_example2.BankAccount(banking_example2.BankAccount__getId()).JML normal_behavior operation contract.0.key 
96637      DEBUG main            d.u.i.k.p.i.AbstractProblemLoader Environment load took 115.1ns 
96638      INFO  main            d.u.i.k.p.i.AbstractProblemLoader Creating init config 
99223      DEBUG main            d.u.i.k.p.i.AbstractProblemLoader Init config took 2.58s 
99265      INFO  main            d.u.i.k.p.i.AbstractProblemLoader Replaying proof banking_example2.BankAccount[banking_example2.BankAccount::getId()].JML normal_behavior operation contract.0 
99268      DEBUG main            d.u.i.k.p.i.IntermediateProofReplayer Proof replay took 13.8ns 
99373      INFO  main            d.u.i.k.p.r.p.TestFile    ... finished proof: closed. 
99534      INFO  main            d.u.i.k.p.r.p.TestFile    Now processing file /home/runner/work/key/key/key.core/../key.ui/examples/InformationFlow/ToyBanking/banking_example2.Bank(banking_example2.Bank__login(int,(C)).JML normal_behavior operation contract.0.key 
99535      INFO  main            d.u.i.k.p.i.AbstractProblemLoader Loading environment from /home/runner/work/key/key/key.core/../key.ui/examples/InformationFlow/ToyBanking/banking_example2.Bank(banking_example2.Bank__login(int,(C)).JML normal_behavior operation contract.0.key 
99535      DEBUG main            d.u.i.k.p.i.AbstractProblemLoader Environment load took 64.5ns 
99536      INFO  main            d.u.i.k.p.i.AbstractProblemLoader Creating init config 
102162     DEBUG main            d.u.i.k.p.i.AbstractProblemLoader Init config took 2.63s 
102205     INFO  main            d.u.i.k.p.i.AbstractProblemLoader Replaying proof banking_example2.Bank[banking_example2.Bank::login(int,[C)].JML normal_behavior operation contract.0 
102207     DEBUG main            d.u.i.k.p.i.IntermediateProofReplayer Proof replay took 13.2ns 
105640     INFO  main            d.u.i.k.p.r.p.TestFile    ... finished proof: closed. 
157032     INFO  Test worker     d.u.i.k.p.r.RunAllProofsTestUnit Returning from test ToyBanking 
157036     INFO  Test worker     d.u.i.k.p.r.RunAllProofsTestUnit Running test BlockContracts 
327        INFO  Timeout watchdog d.u.i.k.p.r.p.ForkedTestFileRunner Timeout watcher launched (1000 secs.) 
351        WARN  main            d.u.i.k.s.ProofSettings   The settings in /home/runner/.key/proof-settings.props are *not* read. 
385        INFO  main            d.u.i.k.p.r.p.TestFile    Now processing file /home/runner/work/key/key/key.core/../key.ui/examples/InformationFlow/BlockContracts/contract.IFBlockExamples(contract.IFBlockExamples__secure_5()).JML operation contract.0.key 
491        INFO  main            d.u.i.k.p.i.AbstractProblemLoader Loading environment from /home/runner/work/key/key/key.core/../key.ui/examples/InformationFlow/BlockContracts/contract.IFBlockExamples(contract.IFBlockExamples__secure_5()).JML operation contract.0.key 
516        DEBUG main            d.u.i.k.p.i.AbstractProblemLoader Environment load took 1.82ms 
745        INFO  main            d.u.i.k.p.i.AbstractProblemLoader Creating init config 
1798       DEBUG main            d.u.i.k.j.TypeConverter   No LDT found for Meta 
1799       DEBUG main            d.u.i.k.j.TypeConverter   No LDT found for Meta 
1802       DEBUG main            d.u.i.k.j.TypeConverter   No LDT found for Meta 
1802       DEBUG main            d.u.i.k.j.TypeConverter   No LDT found for Meta 
3557       DEBUG main            d.u.i.k.j.TypeConverter   No LDT found for JavaBigintExpression 
8743       DEBUG main            d.u.i.k.p.i.AbstractProblemLoader Init config took 8s 
8869       INFO  main            d.u.i.k.p.i.AbstractProblemLoader Replaying proof contract.IFBlockExamples[contract.IFBlockExamples::secure_5()].JML operation contract.0 
8945       DEBUG main            d.u.i.k.p.i.IntermediateProofReplayer Proof replay took 399.4ns 
9784       INFO  main            d.u.i.k.p.r.p.TestFile    ... finished proof: closed. 
9908       INFO  main            d.u.i.k.p.r.p.TestFile    Now processing file /home/runner/work/key/key/key.core/../key.ui/examples/InformationFlow/BlockContracts/contract.IFBlockExamples(contract.IFBlockExamples__block_no_return_secure(int)).JML operation contract.0.key 
9911       INFO  main            d.u.i.k.p.i.AbstractProblemLoader Loading environment from /home/runner/work/key/key/key.core/../key.ui/examples/InformationFlow/BlockContracts/contract.IFBlockExamples(contract.IFBlockExamples__block_no_return_secure(int)).JML operation contract.0.key 
9913       DEBUG main            d.u.i.k.p.i.AbstractProblemLoader Environment load took 1.74ms 
9917       INFO  main            d.u.i.k.p.i.AbstractProblemLoader Creating init config 
12762      DEBUG main            d.u.i.k.p.i.AbstractProblemLoader Init config took 2.84s 
12846      INFO  main            d.u.i.k.p.i.AbstractProblemLoader Replaying proof contract.IFBlockExamples[contract.IFBlockExamples::block_no_return_secure(int)].JML operation contract.0 
12851      DEBUG main            d.u.i.k.p.i.IntermediateProofReplayer Proof replay took 13.4ns 
13055      INFO  main            d.u.i.k.p.r.p.TestFile    ... finished proof: closed. 
13177      INFO  main            d.u.i.k.p.r.p.TestFile    Now processing file /home/runner/work/key/key/key.core/../key.ui/examples/InformationFlow/BlockContracts/contract.IFBlockExamples(contract.IFBlockExamples__while_block_insecure(int)).JML operation contract.0.key 
13178      INFO  main            d.u.i.k.p.i.AbstractProblemLoader Loading environment from /home/runner/work/key/key/key.core/../key.ui/examples/InformationFlow/BlockContracts/contract.IFBlockExamples(contract.IFBlockExamples__while_block_insecure(int)).JML operation contract.0.key 
13178      DEBUG main            d.u.i.k.p.i.AbstractProblemLoader Environment load took 173.5ns 
13179      INFO  main            d.u.i.k.p.i.AbstractProblemLoader Creating init config 
15942      DEBUG main            d.u.i.k.p.i.AbstractProblemLoader Init config took 2.76s 
16004      INFO  main            d.u.i.k.p.i.AbstractProblemLoader Replaying proof contract.IFBlockExamples[contract.IFBlockExamples::while_block_insecure(int)].JML operation contract.0 
16009      DEBUG main            d.u.i.k.p.i.IntermediateProofReplayer Proof replay took 13.9ns 
16416      INFO  main            d.u.i.k.p.r.p.TestFile    ... finished proof: closed. 
16550      INFO  main            d.u.i.k.p.r.p.TestFile    Now processing file /home/runner/work/key/key/key.core/../key.ui/examples/InformationFlow/BlockContracts/contract.IFBlockExamples(contract.IFBlockExamples__while_block_secure(int)).JML operation contract.0.key 
16551      INFO  main            d.u.i.k.p.i.AbstractProblemLoader Loading environment from /home/runner/work/key/key/key.core/../key.ui/examples/InformationFlow/BlockContracts/contract.IFBlockExamples(contract.IFBlockExamples__while_block_secure(int)).JML operation contract.0.key 
16551      DEBUG main            d.u.i.k.p.i.AbstractProblemLoader Environment load took 135.5ns 
16555      INFO  main            d.u.i.k.p.i.AbstractProblemLoader Creating init config 
19245      DEBUG main            d.u.i.k.p.i.AbstractProblemLoader Init config took 2.69s 
19321      INFO  main            d.u.i.k.p.i.AbstractProblemLoader Replaying proof contract.IFBlockExamples[contract.IFBlockExamples::while_block_secure(int)].JML operation contract.0 
19326      DEBUG main            d.u.i.k.p.i.IntermediateProofReplayer Proof replay took 13.8ns 
19731      INFO  main            d.u.i.k.p.r.p.TestFile    ... finished proof: closed. 
19863      INFO  main            d.u.i.k.p.r.p.TestFile    Now processing file /home/runner/work/key/key/key.core/../key.ui/examples/InformationFlow/BlockContracts/contract.IFBlockExamples(contract.IFBlockExamples__block_while_secure(int)).JML operation contract.0.key 
19865      INFO  main            d.u.i.k.p.i.AbstractProblemLoader Loading environment from /home/runner/work/key/key/key.core/../key.ui/examples/InformationFlow/BlockContracts/contract.IFBlockExamples(contract.IFBlockExamples__block_while_secure(int)).JML operation contract.0.key 
19865      DEBUG main            d.u.i.k.p.i.AbstractProblemLoader Environment load took 123ns 
19866      INFO  main            d.u.i.k.p.i.AbstractProblemLoader Creating init config 
22593      DEBUG main            d.u.i.k.p.i.AbstractProblemLoader Init config took 2.73s 
22661      INFO  main            d.u.i.k.p.i.AbstractProblemLoader Replaying proof contract.IFBlockExamples[contract.IFBlockExamples::block_while_secure(int)].JML operation contract.0 
22664      DEBUG main            d.u.i.k.p.i.IntermediateProofReplayer Proof replay took 14.3ns 
22969      INFO  main            d.u.i.k.p.r.p.TestFile    ... finished proof: closed. 
23114      INFO  main            d.u.i.k.p.r.p.TestFile    Now processing file /home/runner/work/key/key/key.core/../key.ui/examples/InformationFlow/BlockContracts/contract.IFBlockExamples(contract.IFBlockExamples__insecure_4(int)).JML operation contract.0.key 
23115      INFO  main            d.u.i.k.p.i.AbstractProblemLoader Loading environment from /home/runner/work/key/key/key.core/../key.ui/examples/InformationFlow/BlockContracts/contract.IFBlockExamples(contract.IFBlockExamples__insecure_4(int)).JML operation contract.0.key 
23115      DEBUG main            d.u.i.k.p.i.AbstractProblemLoader Environment load took 77.6ns 
23116      INFO  main            d.u.i.k.p.i.AbstractProblemLoader Creating init config 
25772      DEBUG main            d.u.i.k.p.i.AbstractProblemLoader Init config took 2.66s 
25819      INFO  main            d.u.i.k.p.i.AbstractProblemLoader Replaying proof contract.IFBlockExamples[contract.IFBlockExamples::insecure_4(int)].JML operation contract.0 
25822      DEBUG main            d.u.i.k.p.i.IntermediateProofReplayer Proof replay took 13.8ns 
26227      INFO  main            d.u.i.k.p.r.p.TestFile    ... finished proof: closed. 
26433      INFO  main            d.u.i.k.p.r.p.TestFile    Now processing file /home/runner/work/key/key/key.core/../key.ui/examples/InformationFlow/BlockContracts/contract.IFBlockExamples(contract.IFBlockExamples__insecure_3(int)).JML operation contract.0.key 
26434      INFO  main            d.u.i.k.p.i.AbstractProblemLoader Loading environment from /home/runner/work/key/key/key.core/../key.ui/examples/InformationFlow/BlockContracts/contract.IFBlockExamples(contract.IFBlockExamples__insecure_3(int)).JML operation contract.0.key 
26434      DEBUG main            d.u.i.k.p.i.AbstractProblemLoader Environment load took 123.6ns 
26435      INFO  main            d.u.i.k.p.i.AbstractProblemLoader Creating init config 
28991      DEBUG main            d.u.i.k.p.i.AbstractProblemLoader Init config took 2.56s 
29038      INFO  main            d.u.i.k.p.i.AbstractProblemLoader Replaying proof contract.IFBlockExamples[contract.IFBlockExamples::insecure_3(int)].JML operation contract.0 
29041      DEBUG main            d.u.i.k.p.i.IntermediateProofReplayer Proof replay took 14.1ns 
29445      INFO  main            d.u.i.k.p.r.p.TestFile    ... finished proof: closed. 
29618      INFO  main            d.u.i.k.p.r.p.TestFile    Now processing file /home/runner/work/key/key/key.core/../key.ui/examples/InformationFlow/BlockContracts/contract.IFBlockExamples(contract.IFBlockExamples__secure_3(int)).JML operation contract.0.key 
29620      INFO  main            d.u.i.k.p.i.AbstractProblemLoader Loading environment from /home/runner/work/key/key/key.core/../key.ui/examples/InformationFlow/BlockContracts/contract.IFBlockExamples(contract.IFBlockExamples__secure_3(int)).JML operation contract.0.key 
29620      DEBUG main            d.u.i.k.p.i.AbstractProblemLoader Environment load took 1.56ms 
29621      INFO  main            d.u.i.k.p.i.AbstractProblemLoader Creating init config 
32233      DEBUG main            d.u.i.k.p.i.AbstractProblemLoader Init config took 2.61s 
32279      INFO  main            d.u.i.k.p.i.AbstractProblemLoader Replaying proof contract.IFBlockExamples[contract.IFBlockExamples::secure_3(int)].JML operation contract.0 
32281      DEBUG main            d.u.i.k.p.i.IntermediateProofReplayer Proof replay took 14.4ns 
32685      INFO  main            d.u.i.k.p.r.p.TestFile    ... finished proof: closed. 
32853      INFO  main            d.u.i.k.p.r.p.TestFile    Now processing file /home/runner/work/key/key/key.core/../key.ui/examples/InformationFlow/BlockContracts/contract.IFBlockExamples(contract.IFBlockExamples__secure_2(int)).JML operation contract.0.key 
32854      INFO  main            d.u.i.k.p.i.AbstractProblemLoader Loading environment from /home/runner/work/key/key/key.core/../key.ui/examples/InformationFlow/BlockContracts/contract.IFBlockExamples(contract.IFBlockExamples__secure_2(int)).JML operation contract.0.key 
32854      DEBUG main            d.u.i.k.p.i.AbstractProblemLoader Environment load took 109.5ns 
32855      INFO  main            d.u.i.k.p.i.AbstractProblemLoader Creating init config 
35549      DEBUG main            d.u.i.k.p.i.AbstractProblemLoader Init config took 2.69s 
35598      INFO  main            d.u.i.k.p.i.AbstractProblemLoader Replaying proof contract.IFBlockExamples[contract.IFBlockExamples::secure_2(int)].JML operation contract.0 
35603      DEBUG main            d.u.i.k.p.i.IntermediateProofReplayer Proof replay took 16.1ns 
35907      INFO  main            d.u.i.k.p.r.p.TestFile    ... finished proof: closed. 
36112      INFO  main            d.u.i.k.p.r.p.TestFile    Now processing file /home/runner/work/key/key/key.core/../key.ui/examples/InformationFlow/BlockContracts/contract.IFBlockExamples(contract.IFBlockExamples__secure_8(int)).JML operation contract.0.key 
36112      INFO  main            d.u.i.k.p.i.AbstractProblemLoader Loading environment from /home/runner/work/key/key/key.core/../key.ui/examples/InformationFlow/BlockContracts/contract.IFBlockExamples(contract.IFBlockExamples__secure_8(int)).JML operation contract.0.key 
36112      DEBUG main            d.u.i.k.p.i.AbstractProblemLoader Environment load took 91.3ns 
36115      INFO  main            d.u.i.k.p.i.AbstractProblemLoader Creating init config 
38696      DEBUG main            d.u.i.k.p.i.AbstractProblemLoader Init config took 2.58s 
38740      INFO  main            d.u.i.k.p.i.AbstractProblemLoader Replaying proof contract.IFBlockExamples[contract.IFBlockExamples::secure_8(int)].JML operation contract.0 
38742      DEBUG main            d.u.i.k.p.i.IntermediateProofReplayer Proof replay took 13.3ns 
39045      INFO  main            d.u.i.k.p.r.p.TestFile    ... finished proof: closed. 
39210      INFO  main            d.u.i.k.p.r.p.TestFile    Now processing file /home/runner/work/key/key/key.core/../key.ui/examples/InformationFlow/BlockContracts/contract.IFBlockExamples(contract.IFBlockExamples__secure_7(int)).JML operation contract.0.key 
39211      INFO  main            d.u.i.k.p.i.AbstractProblemLoader Loading environment from /home/runner/work/key/key/key.core/../key.ui/examples/InformationFlow/BlockContracts/contract.IFBlockExamples(contract.IFBlockExamples__secure_7(int)).JML operation contract.0.key 
39211      DEBUG main            d.u.i.k.p.i.AbstractProblemLoader Environment load took 104.8ns 
39212      INFO  main            d.u.i.k.p.i.AbstractProblemLoader Creating init config 
41767      DEBUG main            d.u.i.k.p.i.AbstractProblemLoader Init config took 2.56s 
41821      INFO  main            d.u.i.k.p.i.AbstractProblemLoader Replaying proof contract.IFBlockExamples[contract.IFBlockExamples::secure_7(int)].JML operation contract.0 
41825      DEBUG main            d.u.i.k.p.i.IntermediateProofReplayer Proof replay took 15.3ns 
42027      INFO  main            d.u.i.k.p.r.p.TestFile    ... finished proof: closed. 
42205      INFO  main            d.u.i.k.p.r.p.TestFile    Now processing file /home/runner/work/key/key/key.core/../key.ui/examples/InformationFlow/BlockContracts/contract.IFBlockExamples(contract.IFBlockExamples__secure_6(int)).JML operation contract.0.key 
42205      INFO  main            d.u.i.k.p.i.AbstractProblemLoader Loading environment from /home/runner/work/key/key/key.core/../key.ui/examples/InformationFlow/BlockContracts/contract.IFBlockExamples(contract.IFBlockExamples__secure_6(int)).JML operation contract.0.key 
42205      DEBUG main            d.u.i.k.p.i.AbstractProblemLoader Environment load took 231.9ns 
42206      INFO  main            d.u.i.k.p.i.AbstractProblemLoader Creating init config 
44739      DEBUG main            d.u.i.k.p.i.AbstractProblemLoader Init config took 2.53s 
44791      INFO  main            d.u.i.k.p.i.AbstractProblemLoader Replaying proof contract.IFBlockExamples[contract.IFBlockExamples::secure_6(int)].JML operation contract.0 
44793      DEBUG main            d.u.i.k.p.i.IntermediateProofReplayer Proof replay took 14.4ns 
44995      INFO  main            d.u.i.k.p.r.p.TestFile    ... finished proof: closed. 
45164      INFO  main            d.u.i.k.p.r.p.TestFile    Now processing file /home/runner/work/key/key/key.core/../key.ui/examples/InformationFlow/BlockContracts/contract.IFBlockExamples(contract.IFBlockExamples__insecure_1(int)).JML operation contract.0.key 
45164      INFO  main            d.u.i.k.p.i.AbstractProblemLoader Loading environment from /home/runner/work/key/key/key.core/../key.ui/examples/InformationFlow/BlockContracts/contract.IFBlockExamples(contract.IFBlockExamples__insecure_1(int)).JML operation contract.0.key 
45164      DEBUG main            d.u.i.k.p.i.AbstractProblemLoader Environment load took 84.9ns 
45165      INFO  main            d.u.i.k.p.i.AbstractProblemLoader Creating init config 
47679      DEBUG main            d.u.i.k.p.i.AbstractProblemLoader Init config took 2.51s 
47724      INFO  main            d.u.i.k.p.i.AbstractProblemLoader Replaying proof contract.IFBlockExamples[contract.IFBlockExamples::insecure_1(int)].JML operation contract.0 
47733      DEBUG main            d.u.i.k.p.i.IntermediateProofReplayer Proof replay took 16.1ns 
47936      INFO  main            d.u.i.k.p.r.p.TestFile    ... finished proof: closed. 
48151      INFO  main            d.u.i.k.p.r.p.TestFile    Now processing file /home/runner/work/key/key/key.core/../key.ui/examples/InformationFlow/BlockContracts/contract.IFBlockExamples(contract.IFBlockExamples__secure_4(int)).JML operation contract.0.key 
48151      INFO  main            d.u.i.k.p.i.AbstractProblemLoader Loading environment from /home/runner/work/key/key/key.core/../key.ui/examples/InformationFlow/BlockContracts/contract.IFBlockExamples(contract.IFBlockExamples__secure_4(int)).JML operation contract.0.key 
48152      DEBUG main            d.u.i.k.p.i.AbstractProblemLoader Environment load took 72.3ns 
48153      INFO  main            d.u.i.k.p.i.AbstractProblemLoader Creating init config 
50687      DEBUG main            d.u.i.k.p.i.AbstractProblemLoader Init config took 2.53s 
50728      INFO  main            d.u.i.k.p.i.AbstractProblemLoader Replaying proof contract.IFBlockExamples[contract.IFBlockExamples::secure_4(int)].JML operation contract.0 
50731      DEBUG main            d.u.i.k.p.i.IntermediateProofReplayer Proof replay took 14.9ns 
50934      INFO  main            d.u.i.k.p.r.p.TestFile    ... finished proof: closed. 
51098      INFO  main            d.u.i.k.p.r.p.TestFile    Now processing file /home/runner/work/key/key/key.core/../key.ui/examples/InformationFlow/BlockContracts/contract.IFBlockExamples(contract.IFBlockExamples__secure_1(int)).JML operation contract.0.key 
51099      INFO  main            d.u.i.k.p.i.AbstractProblemLoader Loading environment from /home/runner/work/key/key/key.core/../key.ui/examples/InformationFlow/BlockContracts/contract.IFBlockExamples(contract.IFBlockExamples__secure_1(int)).JML operation contract.0.key 
51099      DEBUG main            d.u.i.k.p.i.AbstractProblemLoader Environment load took 79.9ns 
51100      INFO  main            d.u.i.k.p.i.AbstractProblemLoader Creating init config 
53603      DEBUG main            d.u.i.k.p.i.AbstractProblemLoader Init config took 2.5s 
53645      INFO  main            d.u.i.k.p.i.AbstractProblemLoader Replaying proof contract.IFBlockExamples[contract.IFBlockExamples::secure_1(int)].JML operation contract.0 
53647      DEBUG main            d.u.i.k.p.i.IntermediateProofReplayer Proof replay took 16.5ns 
53851      INFO  main            d.u.i.k.p.r.p.TestFile    ... finished proof: closed. 
54021      INFO  main            d.u.i.k.p.r.p.TestFile    Now processing file /home/runner/work/key/key/key.core/../key.ui/examples/InformationFlow/BlockContracts/contract.IFEfficiencyExamples(contract.IFEfficiencyExamples__mWithoutBlockContract()).JML operation contract.0.key 
54023      INFO  main            d.u.i.k.p.i.AbstractProblemLoader Loading environment from /home/runner/work/key/key/key.core/../key.ui/examples/InformationFlow/BlockContracts/contract.IFEfficiencyExamples(contract.IFEfficiencyExamples__mWithoutBlockContract()).JML operation contract.0.key 
54023      DEBUG main            d.u.i.k.p.i.AbstractProblemLoader Environment load took 79.7ns 
54024      INFO  main            d.u.i.k.p.i.AbstractProblemLoader Creating init config 
56534      DEBUG main            d.u.i.k.p.i.AbstractProblemLoader Init config took 2.51s 
56573      INFO  main            d.u.i.k.p.i.AbstractProblemLoader Replaying proof contract.IFEfficiencyExamples[contract.IFEfficiencyExamples::mWithoutBlockContract()].JML operation contract.0 
56576      DEBUG main            d.u.i.k.p.i.IntermediateProofReplayer Proof replay took 13.7ns 
57392      INFO  main            d.u.i.k.p.r.p.TestFile    ... finished proof: closed. 
57572      INFO  main            d.u.i.k.p.r.p.TestFile    Now processing file /home/runner/work/key/key/key.core/../key.ui/examples/InformationFlow/BlockContracts/contract.IFEfficiencyExamples(contract.IFEfficiencyExamples__mWithBlockContract()).JML operation contract.0.key 
57572      INFO  main            d.u.i.k.p.i.AbstractProblemLoader Loading environment from /home/runner/work/key/key/key.core/../key.ui/examples/InformationFlow/BlockContracts/contract.IFEfficiencyExamples(contract.IFEfficiencyExamples__mWithBlockContract()).JML operation contract.0.key 
57572      DEBUG main            d.u.i.k.p.i.AbstractProblemLoader Environment load took 69.2ns 
57573      INFO  main            d.u.i.k.p.i.AbstractProblemLoader Creating init config 
60070      DEBUG main            d.u.i.k.p.i.AbstractProblemLoader Init config took 2.5s 
60109      INFO  main            d.u.i.k.p.i.AbstractProblemLoader Replaying proof contract.IFEfficiencyExamples[contract.IFEfficiencyExamples::mWithBlockContract()].JML operation contract.0 
60111      DEBUG main            d.u.i.k.p.i.IntermediateProofReplayer Proof replay took 14.9ns 
60615      INFO  main            d.u.i.k.p.r.p.TestFile    ... finished proof: closed. 
217996     INFO  Test worker     d.u.i.k.p.r.RunAllProofsTestUnit Returning from test BlockContracts 
218004     INFO  Test worker     d.u.i.k.p.r.RunAllProofsTestUnit Running test MethodContracts 
338        INFO  Timeout watchdog d.u.i.k.p.r.p.ForkedTestFileRunner Timeout watcher launched (1000 secs.) 
344        WARN  main            d.u.i.k.s.ProofSettings   The settings in /home/runner/.key/proof-settings.props are *not* read. 
367        INFO  main            d.u.i.k.p.r.p.TestFile    Now processing file /home/runner/work/key/key/key.core/../key.ui/examples/InformationFlow/MethodContracts/contract.IFMethodContract(contract.IFMethodContract__secure_recursion_2((I,int)).JML normal_behavior operation contract.0.key 
481        INFO  main            d.u.i.k.p.i.AbstractProblemLoader Loading environment from /home/runner/work/key/key/key.core/../key.ui/examples/InformationFlow/MethodContracts/contract.IFMethodContract(contract.IFMethodContract__secure_recursion_2((I,int)).JML normal_behavior operation contract.0.key 
504        DEBUG main            d.u.i.k.p.i.AbstractProblemLoader Environment load took 1.88ms 
724        INFO  main            d.u.i.k.p.i.AbstractProblemLoader Creating init config 
1606       DEBUG main            d.u.i.k.j.TypeConverter   No LDT found for Meta 
1606       DEBUG main            d.u.i.k.j.TypeConverter   No LDT found for Meta 
1609       DEBUG main            d.u.i.k.j.TypeConverter   No LDT found for Meta 
1609       DEBUG main            d.u.i.k.j.TypeConverter   No LDT found for Meta 
3058       DEBUG main            d.u.i.k.j.TypeConverter   No LDT found for JavaBigintExpression 
8359       DEBUG main            d.u.i.k.p.i.AbstractProblemLoader Init config took 7.63s 
8542       INFO  main            d.u.i.k.p.i.AbstractProblemLoader Replaying proof contract.IFMethodContract[contract.IFMethodContract::secure_recursion_2([I,int)].JML normal_behavior operation contract.0 
8580       DEBUG main            d.u.i.k.p.i.IntermediateProofReplayer Proof replay took 349ns 
9629       INFO  main            d.u.i.k.p.r.p.TestFile    ... finished proof: closed. 
9761       INFO  main            d.u.i.k.p.r.p.TestFile    Now processing file /home/runner/work/key/key/key.core/../key.ui/examples/InformationFlow/MethodContracts/contract.IFMethodContract(contract.IFMethodContract__secure_recursion(int)).JML normal_behavior operation contract.0.key 
9762       INFO  main            d.u.i.k.p.i.AbstractProblemLoader Loading environment from /home/runner/work/key/key/key.core/../key.ui/examples/InformationFlow/MethodContracts/contract.IFMethodContract(contract.IFMethodContract__secure_recursion(int)).JML normal_behavior operation contract.0.key 
9764       DEBUG main            d.u.i.k.p.i.AbstractProblemLoader Environment load took 1.58ms 
9767       INFO  main            d.u.i.k.p.i.AbstractProblemLoader Creating init config 
12616      DEBUG main            d.u.i.k.p.i.AbstractProblemLoader Init config took 2.85s 
12678      INFO  main            d.u.i.k.p.i.AbstractProblemLoader Replaying proof contract.IFMethodContract[contract.IFMethodContract::secure_recursion(int)].JML normal_behavior operation contract.0 
12681      DEBUG main            d.u.i.k.p.i.IntermediateProofReplayer Proof replay took 12.6ns 
12884      INFO  main            d.u.i.k.p.r.p.TestFile    ... finished proof: closed. 
13004      INFO  main            d.u.i.k.p.r.p.TestFile    Now processing file /home/runner/work/key/key/key.core/../key.ui/examples/InformationFlow/MethodContracts/contract.IFMethodContract(contract.IFMethodContract__secure_catch_exception()).JML operation contract.0.key 
13007      INFO  main            d.u.i.k.p.i.AbstractProblemLoader Loading environment from /home/runner/work/key/key/key.core/../key.ui/examples/InformationFlow/MethodContracts/contract.IFMethodContract(contract.IFMethodContract__secure_catch_exception()).JML operation contract.0.key 
13008      DEBUG main            d.u.i.k.p.i.AbstractProblemLoader Environment load took 453.9ns 
13010      INFO  main            d.u.i.k.p.i.AbstractProblemLoader Creating init config 
15698      DEBUG main            d.u.i.k.p.i.AbstractProblemLoader Init config took 2.69s 
15767      INFO  main            d.u.i.k.p.i.AbstractProblemLoader Replaying proof contract.IFMethodContract[contract.IFMethodContract::secure_catch_exception()].JML operation contract.0 
15770      DEBUG main            d.u.i.k.p.i.IntermediateProofReplayer Proof replay took 13.2ns 
16074      INFO  main            d.u.i.k.p.r.p.TestFile    ... finished proof: closed. 
16200      INFO  main            d.u.i.k.p.r.p.TestFile    Now processing file /home/runner/work/key/key/key.core/../key.ui/examples/InformationFlow/MethodContracts/contract.IFMethodContract(contract.IFMethodContract__n6()).JML normal_behavior operation contract.0.key 
16201      INFO  main            d.u.i.k.p.i.AbstractProblemLoader Loading environment from /home/runner/work/key/key/key.core/../key.ui/examples/InformationFlow/MethodContracts/contract.IFMethodContract(contract.IFMethodContract__n6()).JML normal_behavior operation contract.0.key 
16201      DEBUG main            d.u.i.k.p.i.AbstractProblemLoader Environment load took 86.8ns 
16205      INFO  main            d.u.i.k.p.i.AbstractProblemLoader Creating init config 
18826      DEBUG main            d.u.i.k.p.i.AbstractProblemLoader Init config took 2.62s 
18876      INFO  main            d.u.i.k.p.i.AbstractProblemLoader Replaying proof contract.IFMethodContract[contract.IFMethodContract::n6()].JML normal_behavior operation contract.0 
18879      DEBUG main            d.u.i.k.p.i.IntermediateProofReplayer Proof replay took 13.5ns 
18981      INFO  main            d.u.i.k.p.r.p.TestFile    ... finished proof: closed. 
19096      INFO  main            d.u.i.k.p.r.p.TestFile    Now processing file /home/runner/work/key/key/key.core/../key.ui/examples/InformationFlow/MethodContracts/contract.IFMethodContract(contract.IFMethodContract__secure_n6()).JML operation contract.0.key 
19096      INFO  main            d.u.i.k.p.i.AbstractProblemLoader Loading environment from /home/runner/work/key/key/key.core/../key.ui/examples/InformationFlow/MethodContracts/contract.IFMethodContract(contract.IFMethodContract__secure_n6()).JML operation contract.0.key 
19096      DEBUG main            d.u.i.k.p.i.AbstractProblemLoader Environment load took 67.4ns 
19097      INFO  main            d.u.i.k.p.i.AbstractProblemLoader Creating init config 
21756      DEBUG main            d.u.i.k.p.i.AbstractProblemLoader Init config took 2.66s 
21804      INFO  main            d.u.i.k.p.i.AbstractProblemLoader Replaying proof contract.IFMethodContract[contract.IFMethodContract::secure_n6()].JML operation contract.0 
21808      DEBUG main            d.u.i.k.p.i.IntermediateProofReplayer Proof replay took 14.6ns 
21910      INFO  main            d.u.i.k.p.r.p.TestFile    ... finished proof: closed. 
22048      INFO  main            d.u.i.k.p.r.p.TestFile    Now processing file /home/runner/work/key/key/key.core/../key.ui/examples/InformationFlow/MethodContracts/contract.IFMethodContract(contract.IFMethodContract__secure_array_param_helper()).JML normal_behavior operation contract.0.key 
22049      INFO  main            d.u.i.k.p.i.AbstractProblemLoader Loading environment from /home/runner/work/key/key/key.core/../key.ui/examples/InformationFlow/MethodContracts/contract.IFMethodContract(contract.IFMethodContract__secure_array_param_helper()).JML normal_behavior operation contract.0.key 
22049      DEBUG main            d.u.i.k.p.i.AbstractProblemLoader Environment load took 120.4ns 
22050      INFO  main            d.u.i.k.p.i.AbstractProblemLoader Creating init config 
24649      DEBUG main            d.u.i.k.p.i.AbstractProblemLoader Init config took 2.6s 
24696      INFO  main            d.u.i.k.p.i.AbstractProblemLoader Replaying proof contract.IFMethodContract[contract.IFMethodContract::secure_array_param_helper()].JML normal_behavior operation contract.0 
24699      DEBUG main            d.u.i.k.p.i.IntermediateProofReplayer Proof replay took 13.9ns 
24804      INFO  main            d.u.i.k.p.r.p.TestFile    ... finished proof: closed. 
24973      INFO  main            d.u.i.k.p.r.p.TestFile    Now processing file /home/runner/work/key/key/key.core/../key.ui/examples/InformationFlow/MethodContracts/contract.IFMethodContract(contract.IFMethodContract__secure_array_param((I,int)).JML operation contract.0.key 
24973      INFO  main            d.u.i.k.p.i.AbstractProblemLoader Loading environment from /home/runner/work/key/key/key.core/../key.ui/examples/InformationFlow/MethodContracts/contract.IFMethodContract(contract.IFMethodContract__secure_array_param((I,int)).JML operation contract.0.key 
24973      DEBUG main            d.u.i.k.p.i.AbstractProblemLoader Environment load took 84.1ns 
24974      INFO  main            d.u.i.k.p.i.AbstractProblemLoader Creating init config 
27535      DEBUG main            d.u.i.k.p.i.AbstractProblemLoader Init config took 2.56s 
27581      INFO  main            d.u.i.k.p.i.AbstractProblemLoader Replaying proof contract.IFMethodContract[contract.IFMethodContract::secure_array_param([I,int)].JML operation contract.0 
27584      DEBUG main            d.u.i.k.p.i.IntermediateProofReplayer Proof replay took 13.7ns 
27787      INFO  main            d.u.i.k.p.r.p.TestFile    ... finished proof: closed. 
27957      INFO  main            d.u.i.k.p.r.p.TestFile    Now processing file /home/runner/work/key/key/key.core/../key.ui/examples/InformationFlow/MethodContracts/contract.IFMethodContract(contract.IFMethodContract__n9()).JML normal_behavior operation contract.0.key 
27957      INFO  main            d.u.i.k.p.i.AbstractProblemLoader Loading environment from /home/runner/work/key/key/key.core/../key.ui/examples/InformationFlow/MethodContracts/contract.IFMethodContract(contract.IFMethodContract__n9()).JML normal_behavior operation contract.0.key 
27958      DEBUG main            d.u.i.k.p.i.AbstractProblemLoader Environment load took 76.2ns 
27959      INFO  main            d.u.i.k.p.i.AbstractProblemLoader Creating init config 
30489      DEBUG main            d.u.i.k.p.i.AbstractProblemLoader Init config took 2.53s 
30540      INFO  main            d.u.i.k.p.i.AbstractProblemLoader Replaying proof contract.IFMethodContract[contract.IFMethodContract::n9()].JML normal_behavior operation contract.0 
30546      DEBUG main            d.u.i.k.p.i.IntermediateProofReplayer Proof replay took 14.6ns 
30648      INFO  main            d.u.i.k.p.r.p.TestFile    ... finished proof: closed. 
30790      INFO  main            d.u.i.k.p.r.p.TestFile    Now processing file /home/runner/work/key/key/key.core/../key.ui/examples/InformationFlow/MethodContracts/contract.IFMethodContract(contract.IFMethodContract__secure_assignment_0_n9()).JML operation contract.0.key 
30791      INFO  main            d.u.i.k.p.i.AbstractProblemLoader Loading environment from /home/runner/work/key/key/key.core/../key.ui/examples/InformationFlow/MethodContracts/contract.IFMethodContract(contract.IFMethodContract__secure_assignment_0_n9()).JML operation contract.0.key 
30792      DEBUG main            d.u.i.k.p.i.AbstractProblemLoader Environment load took 127.5ns 
30792      INFO  main            d.u.i.k.p.i.AbstractProblemLoader Creating init config 
33327      DEBUG main            d.u.i.k.p.i.AbstractProblemLoader Init config took 2.53s 
33393      INFO  main            d.u.i.k.p.i.AbstractProblemLoader Replaying proof contract.IFMethodContract[contract.IFMethodContract::secure_assignment_0_n9()].JML operation contract.0 
33396      DEBUG main            d.u.i.k.p.i.IntermediateProofReplayer Proof replay took 12.9ns 
33500      INFO  main            d.u.i.k.p.r.p.TestFile    ... finished proof: closed. 
33647      INFO  main            d.u.i.k.p.r.p.TestFile    Now processing file /home/runner/work/key/key/key.core/../key.ui/examples/InformationFlow/MethodContracts/contract.IFMethodContract(contract.IFMethodContract__insecure_if_high_n5_n1()).JML operation contract.0.key 
33647      INFO  main            d.u.i.k.p.i.AbstractProblemLoader Loading environment from /home/runner/work/key/key/key.core/../key.ui/examples/InformationFlow/MethodContracts/contract.IFMethodContract(contract.IFMethodContract__insecure_if_high_n5_n1()).JML operation contract.0.key 
33647      DEBUG main            d.u.i.k.p.i.AbstractProblemLoader Environment load took 124.2ns 
33648      INFO  main            d.u.i.k.p.i.AbstractProblemLoader Creating init config 
36219      DEBUG main            d.u.i.k.p.i.AbstractProblemLoader Init config took 2.57s 
36264      INFO  main            d.u.i.k.p.i.AbstractProblemLoader Replaying proof contract.IFMethodContract[contract.IFMethodContract::insecure_if_high_n5_n1()].JML operation contract.0 
36267      DEBUG main            d.u.i.k.p.i.IntermediateProofReplayer Proof replay took 13.7ns 
36473      INFO  main            d.u.i.k.p.r.p.TestFile    ... finished proof: closed. 
36630      INFO  main            d.u.i.k.p.r.p.TestFile    Now processing file /home/runner/work/key/key/key.core/../key.ui/examples/InformationFlow/MethodContracts/contract.IFMethodContract(contract.IFMethodContract__n5(int)).JML normal_behavior operation contract.0.key 
36631      INFO  main            d.u.i.k.p.i.AbstractProblemLoader Loading environment from /home/runner/work/key/key/key.core/../key.ui/examples/InformationFlow/MethodContracts/contract.IFMethodContract(contract.IFMethodContract__n5(int)).JML normal_behavior operation contract.0.key 
36631      DEBUG main            d.u.i.k.p.i.AbstractProblemLoader Environment load took 115.7ns 
36632      INFO  main            d.u.i.k.p.i.AbstractProblemLoader Creating init config 
39197      DEBUG main            d.u.i.k.p.i.AbstractProblemLoader Init config took 2.56s 
39242      INFO  main            d.u.i.k.p.i.AbstractProblemLoader Replaying proof contract.IFMethodContract[contract.IFMethodContract::n5(int)].JML normal_behavior operation contract.0 
39245      DEBUG main            d.u.i.k.p.i.IntermediateProofReplayer Proof replay took 14.4ns 
39348      INFO  main            d.u.i.k.p.r.p.TestFile    ... finished proof: closed. 
39497      INFO  main            d.u.i.k.p.r.p.TestFile    Now processing file /home/runner/work/key/key/key.core/../key.ui/examples/InformationFlow/MethodContracts/contract.IFMethodContract(contract.IFMethodContract__secure_if_high_n5_n1()).JML operation contract.0.key 
39497      INFO  main            d.u.i.k.p.i.AbstractProblemLoader Loading environment from /home/runner/work/key/key/key.core/../key.ui/examples/InformationFlow/MethodContracts/contract.IFMethodContract(contract.IFMethodContract__secure_if_high_n5_n1()).JML operation contract.0.key 
39497      DEBUG main            d.u.i.k.p.i.AbstractProblemLoader Environment load took 71.8ns 
39498      INFO  main            d.u.i.k.p.i.AbstractProblemLoader Creating init config 
42018      DEBUG main            d.u.i.k.p.i.AbstractProblemLoader Init config took 2.52s 
42082      INFO  main            d.u.i.k.p.i.AbstractProblemLoader Replaying proof contract.IFMethodContract[contract.IFMethodContract::secure_if_high_n5_n1()].JML operation contract.0 
42085      DEBUG main            d.u.i.k.p.i.IntermediateProofReplayer Proof replay took 15.7ns 
42389      INFO  main            d.u.i.k.p.r.p.TestFile    ... finished proof: closed. 
42544      INFO  main            d.u.i.k.p.r.p.TestFile    Now processing file /home/runner/work/key/key/key.core/../key.ui/examples/InformationFlow/MethodContracts/contract.IFMethodContract(contract.IFMethodContract__secure_if_high_n1()).JML operation contract.0.key 
42544      INFO  main            d.u.i.k.p.i.AbstractProblemLoader Loading environment from /home/runner/work/key/key/key.core/../key.ui/examples/InformationFlow/MethodContracts/contract.IFMethodContract(contract.IFMethodContract__secure_if_high_n1()).JML operation contract.0.key 
42545      DEBUG main            d.u.i.k.p.i.AbstractProblemLoader Environment load took 71.4ns 
42545      INFO  main            d.u.i.k.p.i.AbstractProblemLoader Creating init config 
45057      DEBUG main            d.u.i.k.p.i.AbstractProblemLoader Init config took 2.51s 
45098      INFO  main            d.u.i.k.p.i.AbstractProblemLoader Replaying proof contract.IFMethodContract[contract.IFMethodContract::secure_if_high_n1()].JML operation contract.0 
45101      DEBUG main            d.u.i.k.p.i.IntermediateProofReplayer Proof replay took 15.2ns 
45305      INFO  main            d.u.i.k.p.r.p.TestFile    ... finished proof: closed. 
45461      INFO  main            d.u.i.k.p.r.p.TestFile    Now processing file /home/runner/work/key/key/key.core/../key.ui/examples/InformationFlow/MethodContracts/contract.IFMethodContract(contract.IFMethodContract__secure_n5()).JML operation contract.0.key 
45462      INFO  main            d.u.i.k.p.i.AbstractProblemLoader Loading environment from /home/runner/work/key/key/key.core/../key.ui/examples/InformationFlow/MethodContracts/contract.IFMethodContract(contract.IFMethodContract__secure_n5()).JML operation contract.0.key 
45462      DEBUG main            d.u.i.k.p.i.AbstractProblemLoader Environment load took 67.4ns 
45463      INFO  main            d.u.i.k.p.i.AbstractProblemLoader Creating init config 
47988      DEBUG main            d.u.i.k.p.i.AbstractProblemLoader Init config took 2.53s 
48028      INFO  main            d.u.i.k.p.i.AbstractProblemLoader Replaying proof contract.IFMethodContract[contract.IFMethodContract::secure_n5()].JML operation contract.0 
48031      DEBUG main            d.u.i.k.p.i.IntermediateProofReplayer Proof replay took 15.3ns 
48133      INFO  main            d.u.i.k.p.r.p.TestFile    ... finished proof: closed. 
48299      INFO  main            d.u.i.k.p.r.p.TestFile    Now processing file /home/runner/work/key/key/key.core/../key.ui/examples/InformationFlow/MethodContracts/contract.IFMethodContract(contract.IFMethodContract__n4()).JML normal_behavior operation contract.0.key 
48299      INFO  main            d.u.i.k.p.i.AbstractProblemLoader Loading environment from /home/runner/work/key/key/key.core/../key.ui/examples/InformationFlow/MethodContracts/contract.IFMethodContract(contract.IFMethodContract__n4()).JML normal_behavior operation contract.0.key 
48299      DEBUG main            d.u.i.k.p.i.AbstractProblemLoader Environment load took 78.9ns 
48300      INFO  main            d.u.i.k.p.i.AbstractProblemLoader Creating init config 
50830      DEBUG main            d.u.i.k.p.i.AbstractProblemLoader Init config took 2.53s 
50870      INFO  main            d.u.i.k.p.i.AbstractProblemLoader Replaying proof contract.IFMethodContract[contract.IFMethodContract::n4()].JML normal_behavior operation contract.0 
50873      DEBUG main            d.u.i.k.p.i.IntermediateProofReplayer Proof replay took 16.3ns 
50976      INFO  main            d.u.i.k.p.r.p.TestFile    ... finished proof: closed. 
51136      INFO  main            d.u.i.k.p.r.p.TestFile    Now processing file /home/runner/work/key/key/key.core/../key.ui/examples/InformationFlow/MethodContracts/contract.IFMethodContract(contract.IFMethodContract__n3()).JML normal_behavior operation contract.0.key 
51137      INFO  main            d.u.i.k.p.i.AbstractProblemLoader Loading environment from /home/runner/work/key/key/key.core/../key.ui/examples/InformationFlow/MethodContracts/contract.IFMethodContract(contract.IFMethodContract__n3()).JML normal_behavior operation contract.0.key 
51137      DEBUG main            d.u.i.k.p.i.AbstractProblemLoader Environment load took 82.9ns 
51139      INFO  main            d.u.i.k.p.i.AbstractProblemLoader Creating init config 
53642      DEBUG main            d.u.i.k.p.i.AbstractProblemLoader Init config took 2.5s 
53683      INFO  main            d.u.i.k.p.i.AbstractProblemLoader Replaying proof contract.IFMethodContract[contract.IFMethodContract::n3()].JML normal_behavior operation contract.0 
53685      DEBUG main            d.u.i.k.p.i.IntermediateProofReplayer Proof replay took 14.6ns 
53788      INFO  main            d.u.i.k.p.r.p.TestFile    ... finished proof: closed. 
53953      INFO  main            d.u.i.k.p.r.p.TestFile    Now processing file /home/runner/work/key/key/key.core/../key.ui/examples/InformationFlow/MethodContracts/contract.IFMethodContract(contract.IFMethodContract__secure_sequential_n3_precond_n4()).JML operation contract.0.key 
53954      INFO  main            d.u.i.k.p.i.AbstractProblemLoader Loading environment from /home/runner/work/key/key/key.core/../key.ui/examples/InformationFlow/MethodContracts/contract.IFMethodContract(contract.IFMethodContract__secure_sequential_n3_precond_n4()).JML operation contract.0.key 
53954      DEBUG main            d.u.i.k.p.i.AbstractProblemLoader Environment load took 113.6ns 
53955      INFO  main            d.u.i.k.p.i.AbstractProblemLoader Creating init config 
56481      DEBUG main            d.u.i.k.p.i.AbstractProblemLoader Init config took 2.53s 
56522      INFO  main            d.u.i.k.p.i.AbstractProblemLoader Replaying proof contract.IFMethodContract[contract.IFMethodContract::secure_sequential_n3_precond_n4()].JML operation contract.0 
56525      DEBUG main            d.u.i.k.p.i.IntermediateProofReplayer Proof replay took 15.3ns 
56628      INFO  main            d.u.i.k.p.r.p.TestFile    ... finished proof: closed. 
56794      INFO  main            d.u.i.k.p.r.p.TestFile    Now processing file /home/runner/work/key/key/key.core/../key.ui/examples/InformationFlow/MethodContracts/contract.IFMethodContract(contract.IFMethodContract__insecure_assignment_n2()).JML operation contract.0.key 
56795      INFO  main            d.u.i.k.p.i.AbstractProblemLoader Loading environment from /home/runner/work/key/key/key.core/../key.ui/examples/InformationFlow/MethodContracts/contract.IFMethodContract(contract.IFMethodContract__insecure_assignment_n2()).JML operation contract.0.key 
56795      DEBUG main            d.u.i.k.p.i.AbstractProblemLoader Environment load took 111.4ns 
56796      INFO  main            d.u.i.k.p.i.AbstractProblemLoader Creating init config 
59263      DEBUG main            d.u.i.k.p.i.AbstractProblemLoader Init config took 2.47s 
59307      INFO  main            d.u.i.k.p.i.AbstractProblemLoader Replaying proof contract.IFMethodContract[contract.IFMethodContract::insecure_assignment_n2()].JML operation contract.0 
59309      DEBUG main            d.u.i.k.p.i.IntermediateProofReplayer Proof replay took 15.2ns 
59412      INFO  main            d.u.i.k.p.r.p.TestFile    ... finished proof: closed. 
59581      INFO  main            d.u.i.k.p.r.p.TestFile    Now processing file /home/runner/work/key/key/key.core/../key.ui/examples/InformationFlow/MethodContracts/contract.IFMethodContract(contract.IFMethodContract__secure_assignments_n2()).JML operation contract.0.key 
59581      INFO  main            d.u.i.k.p.i.AbstractProblemLoader Loading environment from /home/runner/work/key/key/key.core/../key.ui/examples/InformationFlow/MethodContracts/contract.IFMethodContract(contract.IFMethodContract__secure_assignments_n2()).JML operation contract.0.key 
59581      DEBUG main            d.u.i.k.p.i.AbstractProblemLoader Environment load took 73.5ns 
59582      INFO  main            d.u.i.k.p.i.AbstractProblemLoader Creating init config 
62071      DEBUG main            d.u.i.k.p.i.AbstractProblemLoader Init config took 2.49s 
62116      INFO  main            d.u.i.k.p.i.AbstractProblemLoader Replaying proof contract.IFMethodContract[contract.IFMethodContract::secure_assignments_n2()].JML operation contract.0 
62120      DEBUG main            d.u.i.k.p.i.IntermediateProofReplayer Proof replay took 15ns 
62221      INFO  main            d.u.i.k.p.r.p.TestFile    ... finished proof: closed. 
62434      INFO  main            d.u.i.k.p.r.p.TestFile    Now processing file /home/runner/work/key/key/key.core/../key.ui/examples/InformationFlow/MethodContracts/contract.IFMethodContract(contract.IFMethodContract__n2()).JML normal_behavior operation contract.0.key 
62434      INFO  main            d.u.i.k.p.i.AbstractProblemLoader Loading environment from /home/runner/work/key/key/key.core/../key.ui/examples/InformationFlow/MethodContracts/contract.IFMethodContract(contract.IFMethodContract__n2()).JML normal_behavior operation contract.0.key 
62434      DEBUG main            d.u.i.k.p.i.AbstractProblemLoader Environment load took 73.6ns 
62436      INFO  main            d.u.i.k.p.i.AbstractProblemLoader Creating init config 
64912      DEBUG main            d.u.i.k.p.i.AbstractProblemLoader Init config took 2.48s 
64949      INFO  main            d.u.i.k.p.i.AbstractProblemLoader Replaying proof contract.IFMethodContract[contract.IFMethodContract::n2()].JML normal_behavior operation contract.0 
64951      DEBUG main            d.u.i.k.p.i.IntermediateProofReplayer Proof replay took 14.9ns 
65056      INFO  main            d.u.i.k.p.r.p.TestFile    ... finished proof: closed. 
65229      INFO  main            d.u.i.k.p.r.p.TestFile    Now processing file /home/runner/work/key/key/key.core/../key.ui/examples/InformationFlow/MethodContracts/contract.IFMethodContract(contract.IFMethodContract__n1()).JML normal_behavior operation contract.0.key 
65230      INFO  main            d.u.i.k.p.i.AbstractProblemLoader Loading environment from /home/runner/work/key/key/key.core/../key.ui/examples/InformationFlow/MethodContracts/contract.IFMethodContract(contract.IFMethodContract__n1()).JML normal_behavior operation contract.0.key 
65230      DEBUG main            d.u.i.k.p.i.AbstractProblemLoader Environment load took 63.2ns 
65231      INFO  main            d.u.i.k.p.i.AbstractProblemLoader Creating init config 
67687      DEBUG main            d.u.i.k.p.i.AbstractProblemLoader Init config took 2.46s 
67725      INFO  main            d.u.i.k.p.i.AbstractProblemLoader Replaying proof contract.IFMethodContract[contract.IFMethodContract::n1()].JML normal_behavior operation contract.0 
67727      DEBUG main            d.u.i.k.p.i.IntermediateProofReplayer Proof replay took 14.5ns 
67832      INFO  main            d.u.i.k.p.r.p.TestFile    ... finished proof: closed. 
68004      INFO  main            d.u.i.k.p.r.p.TestFile    Now processing file /home/runner/work/key/key/key.core/../key.ui/examples/InformationFlow/MethodContracts/contract.IFMethodContract(contract.IFMethodContract__secure_sequential_n1_n2()).JML operation contract.0.key 
68004      INFO  main            d.u.i.k.p.i.AbstractProblemLoader Loading environment from /home/runner/work/key/key/key.core/../key.ui/examples/InformationFlow/MethodContracts/contract.IFMethodContract(contract.IFMethodContract__secure_sequential_n1_n2()).JML operation contract.0.key 
68004      DEBUG main            d.u.i.k.p.i.AbstractProblemLoader Environment load took 121.9ns 
68006      INFO  main            d.u.i.k.p.i.AbstractProblemLoader Creating init config 
70466      DEBUG main            d.u.i.k.p.i.AbstractProblemLoader Init config took 2.46s 
70504      INFO  main            d.u.i.k.p.i.AbstractProblemLoader Replaying proof contract.IFMethodContract[contract.IFMethodContract::secure_sequential_n1_n2()].JML operation contract.0 
70507      DEBUG main            d.u.i.k.p.i.IntermediateProofReplayer Proof replay took 15.9ns 
70610      INFO  main            d.u.i.k.p.r.p.TestFile    ... finished proof: closed. 
288971     INFO  Test worker     d.u.i.k.p.r.RunAllProofsTestUnit Returning from test MethodContracts 
288974     INFO  Test worker     d.u.i.k.p.r.RunAllProofsTestUnit Running test LoopInvariants 
327        INFO  Timeout watchdog d.u.i.k.p.r.p.ForkedTestFileRunner Timeout watcher launched (1000 secs.) 
344        WARN  main            d.u.i.k.s.ProofSettings   The settings in /home/runner/.key/proof-settings.props are *not* read. 
366        INFO  main            d.u.i.k.p.r.p.TestFile    Now processing file /home/runner/work/key/key/key.core/../key.ui/examples/InformationFlow/LoopInvariants/loop.IFLoopExamples(loop.IFLoopExamples__insecure_while_3(int)).JML operation contract.0.key 
495        INFO  main            d.u.i.k.p.i.AbstractProblemLoader Loading environment from /home/runner/work/key/key/key.core/../key.ui/examples/InformationFlow/LoopInvariants/loop.IFLoopExamples(loop.IFLoopExamples__insecure_while_3(int)).JML operation contract.0.key 
516        DEBUG main            d.u.i.k.p.i.AbstractProblemLoader Environment load took 2.84ms 
760        INFO  main            d.u.i.k.p.i.AbstractProblemLoader Creating init config 
1753       DEBUG main            d.u.i.k.j.TypeConverter   No LDT found for Meta 
1754       DEBUG main            d.u.i.k.j.TypeConverter   No LDT found for Meta 
1757       DEBUG main            d.u.i.k.j.TypeConverter   No LDT found for Meta 
1757       DEBUG main            d.u.i.k.j.TypeConverter   No LDT found for Meta 
3551       DEBUG main            d.u.i.k.j.TypeConverter   No LDT found for JavaBigintExpression 
8828       DEBUG main            d.u.i.k.p.i.AbstractProblemLoader Init config took 8.07s 
9041       INFO  main            d.u.i.k.p.i.AbstractProblemLoader Replaying proof loop.IFLoopExamples[loop.IFLoopExamples::insecure_while_3(int)].JML operation contract.0 
9079       DEBUG main            d.u.i.k.p.i.IntermediateProofReplayer Proof replay took 322.3ns 
10215      INFO  main            d.u.i.k.p.r.p.TestFile    ... finished proof: closed. 
10411      INFO  main            d.u.i.k.p.r.p.TestFile    Now processing file /home/runner/work/key/key/key.core/../key.ui/examples/InformationFlow/LoopInvariants/loop.IFLoopExamples(loop.IFLoopExamples__secure_while_2(int)).JML operation contract.0.key 
10413      INFO  main            d.u.i.k.p.i.AbstractProblemLoader Loading environment from /home/runner/work/key/key/key.core/../key.ui/examples/InformationFlow/LoopInvariants/loop.IFLoopExamples(loop.IFLoopExamples__secure_while_2(int)).JML operation contract.0.key 
10413      DEBUG main            d.u.i.k.p.i.AbstractProblemLoader Environment load took 386.7ns 
10416      INFO  main            d.u.i.k.p.i.AbstractProblemLoader Creating init config 
13740      DEBUG main            d.u.i.k.p.i.AbstractProblemLoader Init config took 3.32s 
13815      INFO  main            d.u.i.k.p.i.AbstractProblemLoader Replaying proof loop.IFLoopExamples[loop.IFLoopExamples::secure_while_2(int)].JML operation contract.0 
13821      DEBUG main            d.u.i.k.p.i.IntermediateProofReplayer Proof replay took 14ns 
14426      INFO  main            d.u.i.k.p.r.p.TestFile    ... finished proof: closed. 
14626      INFO  main            d.u.i.k.p.r.p.TestFile    Now processing file /home/runner/work/key/key/key.core/../key.ui/examples/InformationFlow/LoopInvariants/loop.IFLoopExamples(loop.IFLoopExamples__secure_while_4(int)).JML operation contract.0.key 
14628      INFO  main            d.u.i.k.p.i.AbstractProblemLoader Loading environment from /home/runner/work/key/key/key.core/../key.ui/examples/InformationFlow/LoopInvariants/loop.IFLoopExamples(loop.IFLoopExamples__secure_while_4(int)).JML operation contract.0.key 
14628      DEBUG main            d.u.i.k.p.i.AbstractProblemLoader Environment load took 150.7ns 
14630      INFO  main            d.u.i.k.p.i.AbstractProblemLoader Creating init config 
17719      DEBUG main            d.u.i.k.p.i.AbstractProblemLoader Init config took 3.09s 
17785      INFO  main            d.u.i.k.p.i.AbstractProblemLoader Replaying proof loop.IFLoopExamples[loop.IFLoopExamples::secure_while_4(int)].JML operation contract.0 
17789      DEBUG main            d.u.i.k.p.i.IntermediateProofReplayer Proof replay took 14.5ns 
18293      INFO  main            d.u.i.k.p.r.p.TestFile    ... finished proof: closed. 
18483      INFO  main            d.u.i.k.p.r.p.TestFile    Now processing file /home/runner/work/key/key/key.core/../key.ui/examples/InformationFlow/LoopInvariants/loop.IFLoopExamples(loop.IFLoopExamples__insecure_doubleNestedWhile2(int)).JML operation contract.0.key 
18485      INFO  main            d.u.i.k.p.i.AbstractProblemLoader Loading environment from /home/runner/work/key/key/key.core/../key.ui/examples/InformationFlow/LoopInvariants/loop.IFLoopExamples(loop.IFLoopExamples__insecure_doubleNestedWhile2(int)).JML operation contract.0.key 
18485      DEBUG main            d.u.i.k.p.i.AbstractProblemLoader Environment load took 135.7ns 
18489      INFO  main            d.u.i.k.p.i.AbstractProblemLoader Creating init config 
21534      DEBUG main            d.u.i.k.p.i.AbstractProblemLoader Init config took 3.04s 
21616      INFO  main            d.u.i.k.p.i.AbstractProblemLoader Replaying proof loop.IFLoopExamples[loop.IFLoopExamples::insecure_doubleNestedWhile2(int)].JML operation contract.0 
21620      DEBUG main            d.u.i.k.p.i.IntermediateProofReplayer Proof replay took 14.3ns 
22744      INFO  main            d.u.i.k.p.r.p.TestFile    ... finished proof: closed. 
22902      INFO  main            d.u.i.k.p.r.p.TestFile    Now processing file /home/runner/work/key/key/key.core/../key.ui/examples/InformationFlow/LoopInvariants/loop.IFLoopExamples(loop.IFLoopExamples__insecure_doubleNestedWhile(int)).JML operation contract.0.key 
22902      INFO  main            d.u.i.k.p.i.AbstractProblemLoader Loading environment from /home/runner/work/key/key/key.core/../key.ui/examples/InformationFlow/LoopInvariants/loop.IFLoopExamples(loop.IFLoopExamples__insecure_doubleNestedWhile(int)).JML operation contract.0.key 
22902      DEBUG main            d.u.i.k.p.i.AbstractProblemLoader Environment load took 78.4ns 
22903      INFO  main            d.u.i.k.p.i.AbstractProblemLoader Creating init config 
25847      DEBUG main            d.u.i.k.p.i.AbstractProblemLoader Init config took 2.94s 
25892      INFO  main            d.u.i.k.p.i.AbstractProblemLoader Replaying proof loop.IFLoopExamples[loop.IFLoopExamples::insecure_doubleNestedWhile(int)].JML operation contract.0 
25895      DEBUG main            d.u.i.k.p.i.IntermediateProofReplayer Proof replay took 22.8ns 
26901      INFO  main            d.u.i.k.p.r.p.TestFile    ... finished proof: closed. 
27070      INFO  main            d.u.i.k.p.r.p.TestFile    Now processing file /home/runner/work/key/key/key.core/../key.ui/examples/InformationFlow/LoopInvariants/loop.IFLoopExamples(loop.IFLoopExamples__secure_doubleNestedWhile(int)).JML operation contract.0.key 
27070      INFO  main            d.u.i.k.p.i.AbstractProblemLoader Loading environment from /home/runner/work/key/key/key.core/../key.ui/examples/InformationFlow/LoopInvariants/loop.IFLoopExamples(loop.IFLoopExamples__secure_doubleNestedWhile(int)).JML operation contract.0.key 
27070      DEBUG main            d.u.i.k.p.i.AbstractProblemLoader Environment load took 73.3ns 
27074      INFO  main            d.u.i.k.p.i.AbstractProblemLoader Creating init config 
29948      DEBUG main            d.u.i.k.p.i.AbstractProblemLoader Init config took 2.87s 
29991      INFO  main            d.u.i.k.p.i.AbstractProblemLoader Replaying proof loop.IFLoopExamples[loop.IFLoopExamples::secure_doubleNestedWhile(int)].JML operation contract.0 
29994      DEBUG main            d.u.i.k.p.i.IntermediateProofReplayer Proof replay took 14.6ns 
30913      INFO  main            d.u.i.k.p.r.p.TestFile    ... finished proof: closed. 
31084      INFO  main            d.u.i.k.p.r.p.TestFile    Now processing file /home/runner/work/key/key/key.core/../key.ui/examples/InformationFlow/LoopInvariants/loop.IFLoopExamples(loop.IFLoopExamples__secure_nestedTwoWhile(int)).JML operation contract.0.key 
31088      INFO  main            d.u.i.k.p.i.AbstractProblemLoader Loading environment from /home/runner/work/key/key/key.core/../key.ui/examples/InformationFlow/LoopInvariants/loop.IFLoopExamples(loop.IFLoopExamples__secure_nestedTwoWhile(int)).JML operation contract.0.key 
31089      DEBUG main            d.u.i.k.p.i.AbstractProblemLoader Environment load took 145.1ns 
31090      INFO  main            d.u.i.k.p.i.AbstractProblemLoader Creating init config 
33946      DEBUG main            d.u.i.k.p.i.AbstractProblemLoader Init config took 2.86s 
33989      INFO  main            d.u.i.k.p.i.AbstractProblemLoader Replaying proof loop.IFLoopExamples[loop.IFLoopExamples::secure_nestedTwoWhile(int)].JML operation contract.0 
33993      DEBUG main            d.u.i.k.p.i.IntermediateProofReplayer Proof replay took 14.7ns 
34798      INFO  main            d.u.i.k.p.r.p.TestFile    ... finished proof: closed. 
34967      INFO  main            d.u.i.k.p.r.p.TestFile    Now processing file /home/runner/work/key/key/key.core/../key.ui/examples/InformationFlow/LoopInvariants/loop.IFLoopExamples(loop.IFLoopExamples__secure_nestedWhile(int)).JML operation contract.0.key 
34969      INFO  main            d.u.i.k.p.i.AbstractProblemLoader Loading environment from /home/runner/work/key/key/key.core/../key.ui/examples/InformationFlow/LoopInvariants/loop.IFLoopExamples(loop.IFLoopExamples__secure_nestedWhile(int)).JML operation contract.0.key 
34969      DEBUG main            d.u.i.k.p.i.AbstractProblemLoader Environment load took 126.3ns 
34970      INFO  main            d.u.i.k.p.i.AbstractProblemLoader Creating init config 
37844      DEBUG main            d.u.i.k.p.i.AbstractProblemLoader Init config took 2.87s 
37888      INFO  main            d.u.i.k.p.i.AbstractProblemLoader Replaying proof loop.IFLoopExamples[loop.IFLoopExamples::secure_nestedWhile(int)].JML operation contract.0 
37890      DEBUG main            d.u.i.k.p.i.IntermediateProofReplayer Proof replay took 15.2ns 
38394      INFO  main            d.u.i.k.p.r.p.TestFile    ... finished proof: closed. 
38547      INFO  main            d.u.i.k.p.r.p.TestFile    Now processing file /home/runner/work/key/key/key.core/../key.ui/examples/InformationFlow/LoopInvariants/loop.IFLoopExamples(loop.IFLoopExamples__notSecure_while(int)).JML operation contract.0.key 
38547      INFO  main            d.u.i.k.p.i.AbstractProblemLoader Loading environment from /home/runner/work/key/key/key.core/../key.ui/examples/InformationFlow/LoopInvariants/loop.IFLoopExamples(loop.IFLoopExamples__notSecure_while(int)).JML operation contract.0.key 
38548      DEBUG main            d.u.i.k.p.i.AbstractProblemLoader Environment load took 65ns 
38549      INFO  main            d.u.i.k.p.i.AbstractProblemLoader Creating init config 
41382      DEBUG main            d.u.i.k.p.i.AbstractProblemLoader Init config took 2.83s 
41422      INFO  main            d.u.i.k.p.i.AbstractProblemLoader Replaying proof loop.IFLoopExamples[loop.IFLoopExamples::notSecure_while(int)].JML operation contract.0 
41425      DEBUG main            d.u.i.k.p.i.IntermediateProofReplayer Proof replay took 14.6ns 
41649      INFO  main            d.u.i.k.p.r.p.TestFile    ... finished proof: closed. 
41793      INFO  main            d.u.i.k.p.r.p.TestFile    Now processing file /home/runner/work/key/key/key.core/../key.ui/examples/InformationFlow/LoopInvariants/loop.IFLoopExamples(loop.IFLoopExamples__notSecure_while_wrongInv(int)).JML operation contract.0.key 
41794      INFO  main            d.u.i.k.p.i.AbstractProblemLoader Loading environment from /home/runner/work/key/key/key.core/../key.ui/examples/InformationFlow/LoopInvariants/loop.IFLoopExamples(loop.IFLoopExamples__notSecure_while_wrongInv(int)).JML operation contract.0.key 
41794      DEBUG main            d.u.i.k.p.i.AbstractProblemLoader Environment load took 135.4ns 
41795      INFO  main            d.u.i.k.p.i.AbstractProblemLoader Creating init config 
44623      DEBUG main            d.u.i.k.p.i.AbstractProblemLoader Init config took 2.83s 
44663      INFO  main            d.u.i.k.p.i.AbstractProblemLoader Replaying proof loop.IFLoopExamples[loop.IFLoopExamples::notSecure_while_wrongInv(int)].JML operation contract.0 
44665      DEBUG main            d.u.i.k.p.i.IntermediateProofReplayer Proof replay took 14.1ns 
44877      INFO  main            d.u.i.k.p.r.p.TestFile    ... finished proof: open goal(s) 
45032      INFO  main            d.u.i.k.p.r.p.TestFile    Now processing file /home/runner/work/key/key/key.core/../key.ui/examples/InformationFlow/LoopInvariants/loop.IFLoopExamples(loop.IFLoopExamples__insecure_twoWhile(int)).JML operation contract.0.key 
45033      INFO  main            d.u.i.k.p.i.AbstractProblemLoader Loading environment from /home/runner/work/key/key/key.core/../key.ui/examples/InformationFlow/LoopInvariants/loop.IFLoopExamples(loop.IFLoopExamples__insecure_twoWhile(int)).JML operation contract.0.key 
45033      DEBUG main            d.u.i.k.p.i.AbstractProblemLoader Environment load took 85.8ns 
45035      INFO  main            d.u.i.k.p.i.AbstractProblemLoader Creating init config 
47846      DEBUG main            d.u.i.k.p.i.AbstractProblemLoader Init config took 2.81s 
47884      INFO  main            d.u.i.k.p.i.AbstractProblemLoader Replaying proof loop.IFLoopExamples[loop.IFLoopExamples::insecure_twoWhile(int)].JML operation contract.0 
47886      DEBUG main            d.u.i.k.p.i.IntermediateProofReplayer Proof replay took 14.9ns 
48291      INFO  main            d.u.i.k.p.r.p.TestFile    ... finished proof: closed. 
48468      INFO  main            d.u.i.k.p.r.p.TestFile    Now processing file /home/runner/work/key/key/key.core/../key.ui/examples/InformationFlow/LoopInvariants/loop.IFLoopExamples(loop.IFLoopExamples__insecure_twoWhile_2(int)).JML operation contract.0.key 
48471      INFO  main            d.u.i.k.p.i.AbstractProblemLoader Loading environment from /home/runner/work/key/key/key.core/../key.ui/examples/InformationFlow/LoopInvariants/loop.IFLoopExamples(loop.IFLoopExamples__insecure_twoWhile_2(int)).JML operation contract.0.key 
48471      DEBUG main            d.u.i.k.p.i.AbstractProblemLoader Environment load took 131ns 
48472      INFO  main            d.u.i.k.p.i.AbstractProblemLoader Creating init config 
51299      DEBUG main            d.u.i.k.p.i.AbstractProblemLoader Init config took 2.83s 
51335      INFO  main            d.u.i.k.p.i.AbstractProblemLoader Replaying proof loop.IFLoopExamples[loop.IFLoopExamples::insecure_twoWhile_2(int)].JML operation contract.0 
51338      DEBUG main            d.u.i.k.p.i.IntermediateProofReplayer Proof replay took 14.5ns 
51742      INFO  main            d.u.i.k.p.r.p.TestFile    ... finished proof: closed. 
51916      INFO  main            d.u.i.k.p.r.p.TestFile    Now processing file /home/runner/work/key/key/key.core/../key.ui/examples/InformationFlow/LoopInvariants/loop.IFLoopExamples(loop.IFLoopExamples__secure_twoWhile(int)).JML operation contract.0.key 
51916      INFO  main            d.u.i.k.p.i.AbstractProblemLoader Loading environment from /home/runner/work/key/key/key.core/../key.ui/examples/InformationFlow/LoopInvariants/loop.IFLoopExamples(loop.IFLoopExamples__secure_twoWhile(int)).JML operation contract.0.key 
51917      DEBUG main            d.u.i.k.p.i.AbstractProblemLoader Environment load took 111.8ns 
51918      INFO  main            d.u.i.k.p.i.AbstractProblemLoader Creating init config 
54767      DEBUG main            d.u.i.k.p.i.AbstractProblemLoader Init config took 2.85s 
54808      INFO  main            d.u.i.k.p.i.AbstractProblemLoader Replaying proof loop.IFLoopExamples[loop.IFLoopExamples::secure_twoWhile(int)].JML operation contract.0 
54811      DEBUG main            d.u.i.k.p.i.IntermediateProofReplayer Proof replay took 15.3ns 
55217      INFO  main            d.u.i.k.p.r.p.TestFile    ... finished proof: closed. 
55378      INFO  main            d.u.i.k.p.r.p.TestFile    Now processing file /home/runner/work/key/key/key.core/../key.ui/examples/InformationFlow/LoopInvariants/loop.IFLoopExamples(loop.IFLoopExamples__loc_secure_while(int)).JML operation contract.0.key 
55378      INFO  main            d.u.i.k.p.i.AbstractProblemLoader Loading environment from /home/runner/work/key/key/key.core/../key.ui/examples/InformationFlow/LoopInvariants/loop.IFLoopExamples(loop.IFLoopExamples__loc_secure_while(int)).JML operation contract.0.key 
55379      DEBUG main            d.u.i.k.p.i.AbstractProblemLoader Environment load took 89.3ns 
55379      INFO  main            d.u.i.k.p.i.AbstractProblemLoader Creating init config 
58193      DEBUG main            d.u.i.k.p.i.AbstractProblemLoader Init config took 2.81s 
58228      INFO  main            d.u.i.k.p.i.AbstractProblemLoader Replaying proof loop.IFLoopExamples[loop.IFLoopExamples::loc_secure_while(int)].JML operation contract.0 
58230      DEBUG main            d.u.i.k.p.i.IntermediateProofReplayer Proof replay took 15.1ns 
58434      INFO  main            d.u.i.k.p.r.p.TestFile    ... finished proof: closed. 
58593      INFO  main            d.u.i.k.p.r.p.TestFile    Now processing file /home/runner/work/key/key/key.core/../key.ui/examples/InformationFlow/LoopInvariants/loop.IFLoopExamples(loop.IFLoopExamples__secure_while(int)).JML operation contract.0.key 
58594      INFO  main            d.u.i.k.p.i.AbstractProblemLoader Loading environment from /home/runner/work/key/key/key.core/../key.ui/examples/InformationFlow/LoopInvariants/loop.IFLoopExamples(loop.IFLoopExamples__secure_while(int)).JML operation contract.0.key 
58594      DEBUG main            d.u.i.k.p.i.AbstractProblemLoader Environment load took 108.1ns 
58595      INFO  main            d.u.i.k.p.i.AbstractProblemLoader Creating init config 
61395      DEBUG main            d.u.i.k.p.i.AbstractProblemLoader Init config took 2.8s 
61443      INFO  main            d.u.i.k.p.i.AbstractProblemLoader Replaying proof loop.IFLoopExamples[loop.IFLoopExamples::secure_while(int)].JML operation contract.0 
61445      DEBUG main            d.u.i.k.p.i.IntermediateProofReplayer Proof replay took 17.9ns 
61648      INFO  main            d.u.i.k.p.r.p.TestFile    ... finished proof: closed. 
61824      INFO  main            d.u.i.k.p.r.p.TestFile    Now processing file /home/runner/work/key/key/key.core/../key.ui/examples/InformationFlow/LoopInvariants/loop.IFLoopExamples(loop.IFLoopExamples__print(int)).JML normal_behavior operation contract.0.key 
61825      INFO  main            d.u.i.k.p.i.AbstractProblemLoader Loading environment from /home/runner/work/key/key/key.core/../key.ui/examples/InformationFlow/LoopInvariants/loop.IFLoopExamples(loop.IFLoopExamples__print(int)).JML normal_behavior operation contract.0.key 
61825      DEBUG main            d.u.i.k.p.i.AbstractProblemLoader Environment load took 73ns 
61826      INFO  main            d.u.i.k.p.i.AbstractProblemLoader Creating init config 
64665      DEBUG main            d.u.i.k.p.i.AbstractProblemLoader Init config took 2.84s 
64703      INFO  main            d.u.i.k.p.i.AbstractProblemLoader Replaying proof loop.IFLoopExamples[loop.IFLoopExamples::print(int)].JML normal_behavior operation contract.0 
64706      DEBUG main            d.u.i.k.p.i.IntermediateProofReplayer Proof replay took 14.5ns 
64808      INFO  main            d.u.i.k.p.r.p.TestFile    ... finished proof: closed. 
64975      INFO  main            d.u.i.k.p.r.p.TestFile    Now processing file /home/runner/work/key/key/key.core/../key.ui/examples/InformationFlow/LoopInvariants/loop.IFLoopExamples(loop.IFLoopExamples__hammer(int)).JML normal_behavior operation contract.0.key 
64975      INFO  main            d.u.i.k.p.i.AbstractProblemLoader Loading environment from /home/runner/work/key/key/key.core/../key.ui/examples/InformationFlow/LoopInvariants/loop.IFLoopExamples(loop.IFLoopExamples__hammer(int)).JML normal_behavior operation contract.0.key 
64975      DEBUG main            d.u.i.k.p.i.AbstractProblemLoader Environment load took 66.1ns 
64976      INFO  main            d.u.i.k.p.i.AbstractProblemLoader Creating init config 
67758      DEBUG main            d.u.i.k.p.i.AbstractProblemLoader Init config took 2.78s 
67800      INFO  main            d.u.i.k.p.i.AbstractProblemLoader Replaying proof loop.IFLoopExamples[loop.IFLoopExamples::hammer(int)].JML normal_behavior operation contract.0 
67804      DEBUG main            d.u.i.k.p.i.IntermediateProofReplayer Proof replay took 14.8ns 
68207      INFO  main            d.u.i.k.p.r.p.TestFile    ... finished proof: closed. 
357541     INFO  Test worker     d.u.i.k.p.r.RunAllProofsTestUnit Returning from test LoopInvariants 
357542     INFO  Test worker     d.u.i.k.p.r.RunAllProofsTestUnit Running test MiniExamples 
331        INFO  Timeout watchdog d.u.i.k.p.r.p.ForkedTestFileRunner Timeout watcher launched (1000 secs.) 
345        WARN  main            d.u.i.k.s.ProofSettings   The settings in /home/runner/.key/proof-settings.props are *not* read. 
406        INFO  main            d.u.i.k.p.r.p.TestFile    Now processing file /home/runner/work/key/key/key.core/../key.ui/examples/InformationFlow/MiniExamples/mini.AliasingExamples(mini.AliasingExamples__insecure_1(mini.AliasingExamples,mini.AliasingExamples,int)).JML operation contract.0.key 
531        INFO  main            d.u.i.k.p.i.AbstractProblemLoader Loading environment from /home/runner/work/key/key/key.core/../key.ui/examples/InformationFlow/MiniExamples/mini.AliasingExamples(mini.AliasingExamples__insecure_1(mini.AliasingExamples,mini.AliasingExamples,int)).JML operation contract.0.key 
560        DEBUG main            d.u.i.k.p.i.AbstractProblemLoader Environment load took 2.35ms 
782        INFO  main            d.u.i.k.p.i.AbstractProblemLoader Creating init config 
1683       DEBUG main            d.u.i.k.j.TypeConverter   No LDT found for Meta 
1684       DEBUG main            d.u.i.k.j.TypeConverter   No LDT found for Meta 
1687       DEBUG main            d.u.i.k.j.TypeConverter   No LDT found for Meta 
1688       DEBUG main            d.u.i.k.j.TypeConverter   No LDT found for Meta 
2965       DEBUG main            d.u.i.k.j.TypeConverter   No LDT found for JavaBigintExpression 
8019       DEBUG main            d.u.i.k.p.i.AbstractProblemLoader Init config took 7.24s 
8141       INFO  main            d.u.i.k.p.i.AbstractProblemLoader Replaying proof mini.AliasingExamples[mini.AliasingExamples::insecure_1(mini.AliasingExamples,mini.AliasingExamples,int)].JML operation contract.0 
8176       DEBUG main            d.u.i.k.p.i.IntermediateProofReplayer Proof replay took 350.3ns 
8802       INFO  main            d.u.i.k.p.r.p.TestFile    ... finished proof: closed. 
8914       INFO  main            d.u.i.k.p.r.p.TestFile    Now processing file /home/runner/work/key/key/key.core/../key.ui/examples/InformationFlow/MiniExamples/mini.AliasingExamples(mini.AliasingExamples__secure_1(mini.AliasingExamples,mini.AliasingExamples,int)).JML operation contract.0.key 
8916       INFO  main            d.u.i.k.p.i.AbstractProblemLoader Loading environment from /home/runner/work/key/key/key.core/../key.ui/examples/InformationFlow/MiniExamples/mini.AliasingExamples(mini.AliasingExamples__secure_1(mini.AliasingExamples,mini.AliasingExamples,int)).JML operation contract.0.key 
8916       DEBUG main            d.u.i.k.p.i.AbstractProblemLoader Environment load took 334.8ns 
8919       INFO  main            d.u.i.k.p.i.AbstractProblemLoader Creating init config 
11919      DEBUG main            d.u.i.k.p.i.AbstractProblemLoader Init config took 3s 
12008      INFO  main            d.u.i.k.p.i.AbstractProblemLoader Replaying proof mini.AliasingExamples[mini.AliasingExamples::secure_1(mini.AliasingExamples,mini.AliasingExamples,int)].JML operation contract.0 
12016      DEBUG main            d.u.i.k.p.i.IntermediateProofReplayer Proof replay took 13ns 
12219      INFO  main            d.u.i.k.p.r.p.TestFile    ... finished proof: closed. 
12331      INFO  main            d.u.i.k.p.r.p.TestFile    Now processing file /home/runner/work/key/key/key.core/../key.ui/examples/InformationFlow/MiniExamples/mini.MiniExamplesLecture(mini.MiniExamplesLecture__m_6()).JML normal_behavior operation contract.0.key 
12332      INFO  main            d.u.i.k.p.i.AbstractProblemLoader Loading environment from /home/runner/work/key/key/key.core/../key.ui/examples/InformationFlow/MiniExamples/mini.MiniExamplesLecture(mini.MiniExamplesLecture__m_6()).JML normal_behavior operation contract.0.key 
12332      DEBUG main            d.u.i.k.p.i.AbstractProblemLoader Environment load took 83.1ns 
12333      INFO  main            d.u.i.k.p.i.AbstractProblemLoader Creating init config 
15169      DEBUG main            d.u.i.k.p.i.AbstractProblemLoader Init config took 2.84s 
15234      INFO  main            d.u.i.k.p.i.AbstractProblemLoader Replaying proof mini.MiniExamplesLecture[mini.MiniExamplesLecture::m_6()].JML normal_behavior operation contract.0 
15237      DEBUG main            d.u.i.k.p.i.IntermediateProofReplayer Proof replay took 12.9ns 
15339      INFO  main            d.u.i.k.p.r.p.TestFile    ... finished proof: closed. 
15459      INFO  main            d.u.i.k.p.r.p.TestFile    Now processing file /home/runner/work/key/key/key.core/../key.ui/examples/InformationFlow/MiniExamples/mini.MiniExamplesLecture(mini.MiniExamplesLecture__m_5()).JML normal_behavior operation contract.0.key 
15460      INFO  main            d.u.i.k.p.i.AbstractProblemLoader Loading environment from /home/runner/work/key/key/key.core/../key.ui/examples/InformationFlow/MiniExamples/mini.MiniExamplesLecture(mini.MiniExamplesLecture__m_5()).JML normal_behavior operation contract.0.key 
15460      DEBUG main            d.u.i.k.p.i.AbstractProblemLoader Environment load took 129.4ns 
15461      INFO  main            d.u.i.k.p.i.AbstractProblemLoader Creating init config 
18203      DEBUG main            d.u.i.k.p.i.AbstractProblemLoader Init config took 2.74s 
18253      INFO  main            d.u.i.k.p.i.AbstractProblemLoader Replaying proof mini.MiniExamplesLecture[mini.MiniExamplesLecture::m_5()].JML normal_behavior operation contract.0 
18256      DEBUG main            d.u.i.k.p.i.IntermediateProofReplayer Proof replay took 13.5ns 
18359      INFO  main            d.u.i.k.p.r.p.TestFile    ... finished proof: closed. 
18527      INFO  main            d.u.i.k.p.r.p.TestFile    Now processing file /home/runner/work/key/key/key.core/../key.ui/examples/InformationFlow/MiniExamples/mini.MiniExamplesLecture(mini.MiniExamplesLecture__m_4()).JML normal_behavior operation contract.0.key 
18528      INFO  main            d.u.i.k.p.i.AbstractProblemLoader Loading environment from /home/runner/work/key/key/key.core/../key.ui/examples/InformationFlow/MiniExamples/mini.MiniExamplesLecture(mini.MiniExamplesLecture__m_4()).JML normal_behavior operation contract.0.key 
18528      DEBUG main            d.u.i.k.p.i.AbstractProblemLoader Environment load took 126.3ns 
18529      INFO  main            d.u.i.k.p.i.AbstractProblemLoader Creating init config 
21274      DEBUG main            d.u.i.k.p.i.AbstractProblemLoader Init config took 2.74s 
21322      INFO  main            d.u.i.k.p.i.AbstractProblemLoader Replaying proof mini.MiniExamplesLecture[mini.MiniExamplesLecture::m_4()].JML normal_behavior operation contract.0 
21325      DEBUG main            d.u.i.k.p.i.IntermediateProofReplayer Proof replay took 13.6ns 
21427      INFO  main            d.u.i.k.p.r.p.TestFile    ... finished proof: closed. 
21551      INFO  main            d.u.i.k.p.r.p.TestFile    Now processing file /home/runner/work/key/key/key.core/../key.ui/examples/InformationFlow/MiniExamples/mini.MiniExamplesLecture(mini.MiniExamplesLecture__m_3()).JML normal_behavior operation contract.0.key 
21552      INFO  main            d.u.i.k.p.i.AbstractProblemLoader Loading environment from /home/runner/work/key/key/key.core/../key.ui/examples/InformationFlow/MiniExamples/mini.MiniExamplesLecture(mini.MiniExamplesLecture__m_3()).JML normal_behavior operation contract.0.key 
21552      DEBUG main            d.u.i.k.p.i.AbstractProblemLoader Environment load took 116ns 
21553      INFO  main            d.u.i.k.p.i.AbstractProblemLoader Creating init config 
24218      DEBUG main            d.u.i.k.p.i.AbstractProblemLoader Init config took 2.66s 
24262      INFO  main            d.u.i.k.p.i.AbstractProblemLoader Replaying proof mini.MiniExamplesLecture[mini.MiniExamplesLecture::m_3()].JML normal_behavior operation contract.0 
24265      DEBUG main            d.u.i.k.p.i.IntermediateProofReplayer Proof replay took 14.1ns 
24367      INFO  main            d.u.i.k.p.r.p.TestFile    ... finished proof: closed. 
24521      INFO  main            d.u.i.k.p.r.p.TestFile    Now processing file /home/runner/work/key/key/key.core/../key.ui/examples/InformationFlow/MiniExamples/mini.MiniExamplesLecture(mini.MiniExamplesLecture__m_2()).JML normal_behavior operation contract.0.key 
24521      INFO  main            d.u.i.k.p.i.AbstractProblemLoader Loading environment from /home/runner/work/key/key/key.core/../key.ui/examples/InformationFlow/MiniExamples/mini.MiniExamplesLecture(mini.MiniExamplesLecture__m_2()).JML normal_behavior operation contract.0.key 
24521      DEBUG main            d.u.i.k.p.i.AbstractProblemLoader Environment load took 86.3ns 
24523      INFO  main            d.u.i.k.p.i.AbstractProblemLoader Creating init config 
27201      DEBUG main            d.u.i.k.p.i.AbstractProblemLoader Init config took 2.68s 
27263      INFO  main            d.u.i.k.p.i.AbstractProblemLoader Replaying proof mini.MiniExamplesLecture[mini.MiniExamplesLecture::m_2()].JML normal_behavior operation contract.0 
27266      DEBUG main            d.u.i.k.p.i.IntermediateProofReplayer Proof replay took 15ns 
27369      INFO  main            d.u.i.k.p.r.p.TestFile    ... finished proof: closed. 
27525      INFO  main            d.u.i.k.p.r.p.TestFile    Now processing file /home/runner/work/key/key/key.core/../key.ui/examples/InformationFlow/MiniExamples/mini.MiniExamplesLecture(mini.MiniExamplesLecture__m_1()).JML normal_behavior operation contract.0.key 
27526      INFO  main            d.u.i.k.p.i.AbstractProblemLoader Loading environment from /home/runner/work/key/key/key.core/../key.ui/examples/InformationFlow/MiniExamples/mini.MiniExamplesLecture(mini.MiniExamplesLecture__m_1()).JML normal_behavior operation contract.0.key 
27526      DEBUG main            d.u.i.k.p.i.AbstractProblemLoader Environment load took 117.3ns 
27527      INFO  main            d.u.i.k.p.i.AbstractProblemLoader Creating init config 
30202      DEBUG main            d.u.i.k.p.i.AbstractProblemLoader Init config took 2.68s 
30244      INFO  main            d.u.i.k.p.i.AbstractProblemLoader Replaying proof mini.MiniExamplesLecture[mini.MiniExamplesLecture::m_1()].JML normal_behavior operation contract.0 
30247      DEBUG main            d.u.i.k.p.i.IntermediateProofReplayer Proof replay took 14.4ns 
30349      INFO  main            d.u.i.k.p.r.p.TestFile    ... finished proof: closed. 
30484      INFO  main            d.u.i.k.p.r.p.TestFile    Now processing file /home/runner/work/key/key/key.core/../key.ui/examples/InformationFlow/MiniExamples/mini.DifferenceSeqLocset(mini.DifferenceSeqLocset__m()).JML normal_behavior operation contract.1.key 
30485      INFO  main            d.u.i.k.p.i.AbstractProblemLoader Loading environment from /home/runner/work/key/key/key.core/../key.ui/examples/InformationFlow/MiniExamples/mini.DifferenceSeqLocset(mini.DifferenceSeqLocset__m()).JML normal_behavior operation contract.1.key 
30485      DEBUG main            d.u.i.k.p.i.AbstractProblemLoader Environment load took 120ns 
30486      INFO  main            d.u.i.k.p.i.AbstractProblemLoader Creating init config 
33163      DEBUG main            d.u.i.k.p.i.AbstractProblemLoader Init config took 2.68s 
33207      INFO  main            d.u.i.k.p.i.AbstractProblemLoader Replaying proof mini.DifferenceSeqLocset[mini.DifferenceSeqLocset::m()].JML normal_behavior operation contract.1 
33209      DEBUG main            d.u.i.k.p.i.IntermediateProofReplayer Proof replay took 12.3ns 
33416      INFO  main            d.u.i.k.p.r.p.TestFile    ... finished proof: closed. 
33564      INFO  main            d.u.i.k.p.r.p.TestFile    Now processing file /home/runner/work/key/key/key.core/../key.ui/examples/InformationFlow/MiniExamples/mini.DifferenceSeqLocset(mini.DifferenceSeqLocset__m()).JML normal_behavior operation contract.0.key 
33564      INFO  main            d.u.i.k.p.i.AbstractProblemLoader Loading environment from /home/runner/work/key/key/key.core/../key.ui/examples/InformationFlow/MiniExamples/mini.DifferenceSeqLocset(mini.DifferenceSeqLocset__m()).JML normal_behavior operation contract.0.key 
33565      DEBUG main            d.u.i.k.p.i.AbstractProblemLoader Environment load took 77.3ns 
33566      INFO  main            d.u.i.k.p.i.AbstractProblemLoader Creating init config 
36225      DEBUG main            d.u.i.k.p.i.AbstractProblemLoader Init config took 2.66s 
36287      INFO  main            d.u.i.k.p.i.AbstractProblemLoader Replaying proof mini.DifferenceSeqLocset[mini.DifferenceSeqLocset::m()].JML normal_behavior operation contract.0 
36290      DEBUG main            d.u.i.k.p.i.IntermediateProofReplayer Proof replay took 15ns 
36392      INFO  main            d.u.i.k.p.r.p.TestFile    ... finished proof: closed. 
36533      INFO  main            d.u.i.k.p.r.p.TestFile    Now processing file /home/runner/work/key/key/key.core/../key.ui/examples/InformationFlow/MiniExamples/mini.MiniExamples(mini.MiniExamples__secure_p2_8()).JML normal_behavior operation contract.0.key 
36533      INFO  main            d.u.i.k.p.i.AbstractProblemLoader Loading environment from /home/runner/work/key/key/key.core/../key.ui/examples/InformationFlow/MiniExamples/mini.MiniExamples(mini.MiniExamples__secure_p2_8()).JML normal_behavior operation contract.0.key 
36533      DEBUG main            d.u.i.k.p.i.AbstractProblemLoader Environment load took 74.5ns 
36534      INFO  main            d.u.i.k.p.i.AbstractProblemLoader Creating init config 
39163      DEBUG main            d.u.i.k.p.i.AbstractProblemLoader Init config took 2.63s 
39209      INFO  main            d.u.i.k.p.i.AbstractProblemLoader Replaying proof mini.MiniExamples[mini.MiniExamples::secure_p2_8()].JML normal_behavior operation contract.0 
39212      DEBUG main            d.u.i.k.p.i.IntermediateProofReplayer Proof replay took 13.8ns 
39314      INFO  main            d.u.i.k.p.r.p.TestFile    ... finished proof: closed. 
39462      INFO  main            d.u.i.k.p.r.p.TestFile    Now processing file /home/runner/work/key/key/key.core/../key.ui/examples/InformationFlow/MiniExamples/mini.MiniExamples(mini.MiniExamples__secure_parameter(int)).JML operation contract.0.key 
39462      INFO  main            d.u.i.k.p.i.AbstractProblemLoader Loading environment from /home/runner/work/key/key/key.core/../key.ui/examples/InformationFlow/MiniExamples/mini.MiniExamples(mini.MiniExamples__secure_parameter(int)).JML operation contract.0.key 
39462      DEBUG main            d.u.i.k.p.i.AbstractProblemLoader Environment load took 74ns 
39463      INFO  main            d.u.i.k.p.i.AbstractProblemLoader Creating init config 
42100      DEBUG main            d.u.i.k.p.i.AbstractProblemLoader Init config took 2.64s 
42141      INFO  main            d.u.i.k.p.i.AbstractProblemLoader Replaying proof mini.MiniExamples[mini.MiniExamples::secure_parameter(int)].JML operation contract.0 
42143      DEBUG main            d.u.i.k.p.i.IntermediateProofReplayer Proof replay took 15ns 
42245      INFO  main            d.u.i.k.p.r.p.TestFile    ... finished proof: closed. 
42397      INFO  main            d.u.i.k.p.r.p.TestFile    Now processing file /home/runner/work/key/key/key.core/../key.ui/examples/InformationFlow/MiniExamples/mini.MiniExamples(mini.MiniExamples__secure_p2_7()).JML normal_behavior operation contract.0.key 
42398      INFO  main            d.u.i.k.p.i.AbstractProblemLoader Loading environment from /home/runner/work/key/key/key.core/../key.ui/examples/InformationFlow/MiniExamples/mini.MiniExamples(mini.MiniExamples__secure_p2_7()).JML normal_behavior operation contract.0.key 
42398      DEBUG main            d.u.i.k.p.i.AbstractProblemLoader Environment load took 355.5ns 
42399      INFO  main            d.u.i.k.p.i.AbstractProblemLoader Creating init config 
45023      DEBUG main            d.u.i.k.p.i.AbstractProblemLoader Init config took 2.62s 
45062      INFO  main            d.u.i.k.p.i.AbstractProblemLoader Replaying proof mini.MiniExamples[mini.MiniExamples::secure_p2_7()].JML normal_behavior operation contract.0 
45065      DEBUG main            d.u.i.k.p.i.IntermediateProofReplayer Proof replay took 14.2ns 
45167      INFO  main            d.u.i.k.p.r.p.TestFile    ... finished proof: closed. 
45318      INFO  main            d.u.i.k.p.r.p.TestFile    Now processing file /home/runner/work/key/key/key.core/../key.ui/examples/InformationFlow/MiniExamples/mini.MiniExamples(mini.MiniExamples__insecure_p2_2()).JML normal_behavior operation contract.0.key 
45318      INFO  main            d.u.i.k.p.i.AbstractProblemLoader Loading environment from /home/runner/work/key/key/key.core/../key.ui/examples/InformationFlow/MiniExamples/mini.MiniExamples(mini.MiniExamples__insecure_p2_2()).JML normal_behavior operation contract.0.key 
45318      DEBUG main            d.u.i.k.p.i.AbstractProblemLoader Environment load took 119.4ns 
45319      INFO  main            d.u.i.k.p.i.AbstractProblemLoader Creating init config 
47925      DEBUG main            d.u.i.k.p.i.AbstractProblemLoader Init config took 2.61s 
47963      INFO  main            d.u.i.k.p.i.AbstractProblemLoader Replaying proof mini.MiniExamples[mini.MiniExamples::insecure_p2_2()].JML normal_behavior operation contract.0 
47966      DEBUG main            d.u.i.k.p.i.IntermediateProofReplayer Proof replay took 14.5ns 
48068      INFO  main            d.u.i.k.p.r.p.TestFile    ... finished proof: closed. 
48223      INFO  main            d.u.i.k.p.r.p.TestFile    Now processing file /home/runner/work/key/key/key.core/../key.ui/examples/InformationFlow/MiniExamples/mini.MiniExamples(mini.MiniExamples__secure_p2_6()).JML normal_behavior operation contract.0.key 
48223      INFO  main            d.u.i.k.p.i.AbstractProblemLoader Loading environment from /home/runner/work/key/key/key.core/../key.ui/examples/InformationFlow/MiniExamples/mini.MiniExamples(mini.MiniExamples__secure_p2_6()).JML normal_behavior operation contract.0.key 
48223      DEBUG main            d.u.i.k.p.i.AbstractProblemLoader Environment load took 107.5ns 
48224      INFO  main            d.u.i.k.p.i.AbstractProblemLoader Creating init config 
50870      DEBUG main            d.u.i.k.p.i.AbstractProblemLoader Init config took 2.65s 
50908      INFO  main            d.u.i.k.p.i.AbstractProblemLoader Replaying proof mini.MiniExamples[mini.MiniExamples::secure_p2_6()].JML normal_behavior operation contract.0 
50910      DEBUG main            d.u.i.k.p.i.IntermediateProofReplayer Proof replay took 16.5ns 
51013      INFO  main            d.u.i.k.p.r.p.TestFile    ... finished proof: closed. 
51168      INFO  main            d.u.i.k.p.r.p.TestFile    Now processing file /home/runner/work/key/key/key.core/../key.ui/examples/InformationFlow/MiniExamples/mini.MiniExamples(mini.MiniExamples__secure_p2_5()).JML normal_behavior operation contract.0.key 
51168      INFO  main            d.u.i.k.p.i.AbstractProblemLoader Loading environment from /home/runner/work/key/key/key.core/../key.ui/examples/InformationFlow/MiniExamples/mini.MiniExamples(mini.MiniExamples__secure_p2_5()).JML normal_behavior operation contract.0.key 
51168      DEBUG main            d.u.i.k.p.i.AbstractProblemLoader Environment load took 83ns 
51169      INFO  main            d.u.i.k.p.i.AbstractProblemLoader Creating init config 
53763      DEBUG main            d.u.i.k.p.i.AbstractProblemLoader Init config took 2.59s 
53800      INFO  main            d.u.i.k.p.i.AbstractProblemLoader Replaying proof mini.MiniExamples[mini.MiniExamples::secure_p2_5()].JML normal_behavior operation contract.0 
53802      DEBUG main            d.u.i.k.p.i.IntermediateProofReplayer Proof replay took 14ns 
53904      INFO  main            d.u.i.k.p.r.p.TestFile    ... finished proof: closed. 
54070      INFO  main            d.u.i.k.p.r.p.TestFile    Now processing file /home/runner/work/key/key/key.core/../key.ui/examples/InformationFlow/MiniExamples/mini.MiniExamples(mini.MiniExamples__secure_p2_4()).JML normal_behavior operation contract.0.key 
54070      INFO  main            d.u.i.k.p.i.AbstractProblemLoader Loading environment from /home/runner/work/key/key/key.core/../key.ui/examples/InformationFlow/MiniExamples/mini.MiniExamples(mini.MiniExamples__secure_p2_4()).JML normal_behavior operation contract.0.key 
54070      DEBUG main            d.u.i.k.p.i.AbstractProblemLoader Environment load took 62ns 
54071      INFO  main            d.u.i.k.p.i.AbstractProblemLoader Creating init config 
56656      DEBUG main            d.u.i.k.p.i.AbstractProblemLoader Init config took 2.58s 
56695      INFO  main            d.u.i.k.p.i.AbstractProblemLoader Replaying proof mini.MiniExamples[mini.MiniExamples::secure_p2_4()].JML normal_behavior operation contract.0 
56697      DEBUG main            d.u.i.k.p.i.IntermediateProofReplayer Proof replay took 13.8ns 
56799      INFO  main            d.u.i.k.p.r.p.TestFile    ... finished proof: closed. 
56970      INFO  main            d.u.i.k.p.r.p.TestFile    Now processing file /home/runner/work/key/key/key.core/../key.ui/examples/InformationFlow/MiniExamples/mini.MiniExamples(mini.MiniExamples__secure_p2_3()).JML normal_behavior operation contract.0.key 
56970      INFO  main            d.u.i.k.p.i.AbstractProblemLoader Loading environment from /home/runner/work/key/key/key.core/../key.ui/examples/InformationFlow/MiniExamples/mini.MiniExamples(mini.MiniExamples__secure_p2_3()).JML normal_behavior operation contract.0.key 
56970      DEBUG main            d.u.i.k.p.i.AbstractProblemLoader Environment load took 106.8ns 
56971      INFO  main            d.u.i.k.p.i.AbstractProblemLoader Creating init config 
59547      DEBUG main            d.u.i.k.p.i.AbstractProblemLoader Init config took 2.58s 
59584      INFO  main            d.u.i.k.p.i.AbstractProblemLoader Replaying proof mini.MiniExamples[mini.MiniExamples::secure_p2_3()].JML normal_behavior operation contract.0 
59590      DEBUG main            d.u.i.k.p.i.IntermediateProofReplayer Proof replay took 15ns 
59692      INFO  main            d.u.i.k.p.r.p.TestFile    ... finished proof: closed. 
59859      INFO  main            d.u.i.k.p.r.p.TestFile    Now processing file /home/runner/work/key/key/key.core/../key.ui/examples/InformationFlow/MiniExamples/mini.MiniExamples(mini.MiniExamples__secure_p2_2()).JML normal_behavior operation contract.0.key 
59860      INFO  main            d.u.i.k.p.i.AbstractProblemLoader Loading environment from /home/runner/work/key/key/key.core/../key.ui/examples/InformationFlow/MiniExamples/mini.MiniExamples(mini.MiniExamples__secure_p2_2()).JML normal_behavior operation contract.0.key 
59860      DEBUG main            d.u.i.k.p.i.AbstractProblemLoader Environment load took 118ns 
59861      INFO  main            d.u.i.k.p.i.AbstractProblemLoader Creating init config 
62448      DEBUG main            d.u.i.k.p.i.AbstractProblemLoader Init config took 2.59s 
62484      INFO  main            d.u.i.k.p.i.AbstractProblemLoader Replaying proof mini.MiniExamples[mini.MiniExamples::secure_p2_2()].JML normal_behavior operation contract.0 
62487      DEBUG main            d.u.i.k.p.i.IntermediateProofReplayer Proof replay took 13.3ns 
62589      INFO  main            d.u.i.k.p.r.p.TestFile    ... finished proof: closed. 
62754      INFO  main            d.u.i.k.p.r.p.TestFile    Now processing file /home/runner/work/key/key/key.core/../key.ui/examples/InformationFlow/MiniExamples/mini.MiniExamples(mini.MiniExamples__secure_p2_1()).JML normal_behavior operation contract.0.key 
62754      INFO  main            d.u.i.k.p.i.AbstractProblemLoader Loading environment from /home/runner/work/key/key/key.core/../key.ui/examples/InformationFlow/MiniExamples/mini.MiniExamples(mini.MiniExamples__secure_p2_1()).JML normal_behavior operation contract.0.key 
62754      DEBUG main            d.u.i.k.p.i.AbstractProblemLoader Environment load took 68.7ns 
62755      INFO  main            d.u.i.k.p.i.AbstractProblemLoader Creating init config 
65317      DEBUG main            d.u.i.k.p.i.AbstractProblemLoader Init config took 2.56s 
65352      INFO  main            d.u.i.k.p.i.AbstractProblemLoader Replaying proof mini.MiniExamples[mini.MiniExamples::secure_p2_1()].JML normal_behavior operation contract.0 
65355      DEBUG main            d.u.i.k.p.i.IntermediateProofReplayer Proof replay took 15.3ns 
65459      INFO  main            d.u.i.k.p.r.p.TestFile    ... finished proof: closed. 
65629      INFO  main            d.u.i.k.p.r.p.TestFile    Now processing file /home/runner/work/key/key/key.core/../key.ui/examples/InformationFlow/MiniExamples/mini.MiniExamples(mini.MiniExamples__insecure_p2_1()).JML normal_behavior operation contract.0.key 
65630      INFO  main            d.u.i.k.p.i.AbstractProblemLoader Loading environment from /home/runner/work/key/key/key.core/../key.ui/examples/InformationFlow/MiniExamples/mini.MiniExamples(mini.MiniExamples__insecure_p2_1()).JML normal_behavior operation contract.0.key 
65630      DEBUG main            d.u.i.k.p.i.AbstractProblemLoader Environment load took 67.7ns 
65631      INFO  main            d.u.i.k.p.i.AbstractProblemLoader Creating init config 
68194      DEBUG main            d.u.i.k.p.i.AbstractProblemLoader Init config took 2.56s 
68228      INFO  main            d.u.i.k.p.i.AbstractProblemLoader Replaying proof mini.MiniExamples[mini.MiniExamples::insecure_p2_1()].JML normal_behavior operation contract.0 
68231      DEBUG main            d.u.i.k.p.i.IntermediateProofReplayer Proof replay took 13.5ns 
68335      INFO  main            d.u.i.k.p.r.p.TestFile    ... finished proof: closed. 
68507      INFO  main            d.u.i.k.p.r.p.TestFile    Now processing file /home/runner/work/key/key/key.core/../key.ui/examples/InformationFlow/MiniExamples/mini.MiniExamples(mini.MiniExamples__secure_p1_6()).JML normal_behavior operation contract.0.key 
68507      INFO  main            d.u.i.k.p.i.AbstractProblemLoader Loading environment from /home/runner/work/key/key/key.core/../key.ui/examples/InformationFlow/MiniExamples/mini.MiniExamples(mini.MiniExamples__secure_p1_6()).JML normal_behavior operation contract.0.key 
68507      DEBUG main            d.u.i.k.p.i.AbstractProblemLoader Environment load took 90.1ns 
68508      INFO  main            d.u.i.k.p.i.AbstractProblemLoader Creating init config 
71078      DEBUG main            d.u.i.k.p.i.AbstractProblemLoader Init config took 2.57s 
71113      INFO  main            d.u.i.k.p.i.AbstractProblemLoader Replaying proof mini.MiniExamples[mini.MiniExamples::secure_p1_6()].JML normal_behavior operation contract.0 
71116      DEBUG main            d.u.i.k.p.i.IntermediateProofReplayer Proof replay took 14.4ns 
71218      INFO  main            d.u.i.k.p.r.p.TestFile    ... finished proof: closed. 
71406      INFO  main            d.u.i.k.p.r.p.TestFile    Now processing file /home/runner/work/key/key/key.core/../key.ui/examples/InformationFlow/MiniExamples/mini.MiniExamples(mini.MiniExamples__secure_p1_5()).JML normal_behavior operation contract.0.key 
71406      INFO  main            d.u.i.k.p.i.AbstractProblemLoader Loading environment from /home/runner/work/key/key/key.core/../key.ui/examples/InformationFlow/MiniExamples/mini.MiniExamples(mini.MiniExamples__secure_p1_5()).JML normal_behavior operation contract.0.key 
71406      DEBUG main            d.u.i.k.p.i.AbstractProblemLoader Environment load took 92.6ns 
71407      INFO  main            d.u.i.k.p.i.AbstractProblemLoader Creating init config 
73957      DEBUG main            d.u.i.k.p.i.AbstractProblemLoader Init config took 2.55s 
73992      INFO  main            d.u.i.k.p.i.AbstractProblemLoader Replaying proof mini.MiniExamples[mini.MiniExamples::secure_p1_5()].JML normal_behavior operation contract.0 
73995      DEBUG main            d.u.i.k.p.i.IntermediateProofReplayer Proof replay took 14.7ns 
74099      INFO  main            d.u.i.k.p.r.p.TestFile    ... finished proof: closed. 
74279      INFO  main            d.u.i.k.p.r.p.TestFile    Now processing file /home/runner/work/key/key/key.core/../key.ui/examples/InformationFlow/MiniExamples/mini.MiniExamples(mini.MiniExamples__secure_p1_4()).JML normal_behavior operation contract.0.key 
74280      INFO  main            d.u.i.k.p.i.AbstractProblemLoader Loading environment from /home/runner/work/key/key/key.core/../key.ui/examples/InformationFlow/MiniExamples/mini.MiniExamples(mini.MiniExamples__secure_p1_4()).JML normal_behavior operation contract.0.key 
74280      DEBUG main            d.u.i.k.p.i.AbstractProblemLoader Environment load took 66.7ns 
74281      INFO  main            d.u.i.k.p.i.AbstractProblemLoader Creating init config 
76804      DEBUG main            d.u.i.k.p.i.AbstractProblemLoader Init config took 2.52s 
76852      INFO  main            d.u.i.k.p.i.AbstractProblemLoader Replaying proof mini.MiniExamples[mini.MiniExamples::secure_p1_4()].JML normal_behavior operation contract.0 
76856      DEBUG main            d.u.i.k.p.i.IntermediateProofReplayer Proof replay took 14.9ns 
76960      INFO  main            d.u.i.k.p.r.p.TestFile    ... finished proof: closed. 
77171      INFO  main            d.u.i.k.p.r.p.TestFile    Now processing file /home/runner/work/key/key/key.core/../key.ui/examples/InformationFlow/MiniExamples/mini.MiniExamples(mini.MiniExamples__secure_p1_3()).JML normal_behavior operation contract.0.key 
77172      INFO  main            d.u.i.k.p.i.AbstractProblemLoader Loading environment from /home/runner/work/key/key/key.core/../key.ui/examples/InformationFlow/MiniExamples/mini.MiniExamples(mini.MiniExamples__secure_p1_3()).JML normal_behavior operation contract.0.key 
77173      DEBUG main            d.u.i.k.p.i.AbstractProblemLoader Environment load took 84.9ns 
77173      INFO  main            d.u.i.k.p.i.AbstractProblemLoader Creating init config 
79708      DEBUG main            d.u.i.k.p.i.AbstractProblemLoader Init config took 2.53s 
79741      INFO  main            d.u.i.k.p.i.AbstractProblemLoader Replaying proof mini.MiniExamples[mini.MiniExamples::secure_p1_3()].JML normal_behavior operation contract.0 
79745      DEBUG main            d.u.i.k.p.i.IntermediateProofReplayer Proof replay took 14.6ns 
79847      INFO  main            d.u.i.k.p.r.p.TestFile    ... finished proof: closed. 
80037      INFO  main            d.u.i.k.p.r.p.TestFile    Now processing file /home/runner/work/key/key/key.core/../key.ui/examples/InformationFlow/MiniExamples/mini.MiniExamples(mini.MiniExamples__secure_p1_2()).JML normal_behavior operation contract.0.key 
80037      INFO  main            d.u.i.k.p.i.AbstractProblemLoader Loading environment from /home/runner/work/key/key/key.core/../key.ui/examples/InformationFlow/MiniExamples/mini.MiniExamples(mini.MiniExamples__secure_p1_2()).JML normal_behavior operation contract.0.key 
80037      DEBUG main            d.u.i.k.p.i.AbstractProblemLoader Environment load took 110.1ns 
80039      INFO  main            d.u.i.k.p.i.AbstractProblemLoader Creating init config 
82609      DEBUG main            d.u.i.k.p.i.AbstractProblemLoader Init config took 2.57s 
82643      INFO  main            d.u.i.k.p.i.AbstractProblemLoader Replaying proof mini.MiniExamples[mini.MiniExamples::secure_p1_2()].JML normal_behavior operation contract.0 
82646      DEBUG main            d.u.i.k.p.i.IntermediateProofReplayer Proof replay took 15.2ns 
82748      INFO  main            d.u.i.k.p.r.p.TestFile    ... finished proof: closed. 
82942      INFO  main            d.u.i.k.p.r.p.TestFile    Now processing file /home/runner/work/key/key/key.core/../key.ui/examples/InformationFlow/MiniExamples/mini.MiniExamples(mini.MiniExamples__secure_p1_1()).JML normal_behavior operation contract.1.key 
82942      INFO  main            d.u.i.k.p.i.AbstractProblemLoader Loading environment from /home/runner/work/key/key/key.core/../key.ui/examples/InformationFlow/MiniExamples/mini.MiniExamples(mini.MiniExamples__secure_p1_1()).JML normal_behavior operation contract.1.key 
82943      DEBUG main            d.u.i.k.p.i.AbstractProblemLoader Environment load took 486.7ns 
82944      INFO  main            d.u.i.k.p.i.AbstractProblemLoader Creating init config 
85496      DEBUG main            d.u.i.k.p.i.AbstractProblemLoader Init config took 2.55s 
85531      INFO  main            d.u.i.k.p.i.AbstractProblemLoader Replaying proof mini.MiniExamples[mini.MiniExamples::secure_p1_1()].JML normal_behavior operation contract.1 
85534      DEBUG main            d.u.i.k.p.i.IntermediateProofReplayer Proof replay took 15.9ns 
85637      INFO  main            d.u.i.k.p.r.p.TestFile    ... finished proof: closed. 
85849      INFO  main            d.u.i.k.p.r.p.TestFile    Now processing file /home/runner/work/key/key/key.core/../key.ui/examples/InformationFlow/MiniExamples/mini.MiniExamples(mini.MiniExamples__secure_p1_1()).JML normal_behavior operation contract.0.key 
85850      INFO  main            d.u.i.k.p.i.AbstractProblemLoader Loading environment from /home/runner/work/key/key/key.core/../key.ui/examples/InformationFlow/MiniExamples/mini.MiniExamples(mini.MiniExamples__secure_p1_1()).JML normal_behavior operation contract.0.key 
85850      DEBUG main            d.u.i.k.p.i.AbstractProblemLoader Environment load took 66.7ns 
85851      INFO  main            d.u.i.k.p.i.AbstractProblemLoader Creating init config 
88392      DEBUG main            d.u.i.k.p.i.AbstractProblemLoader Init config took 2.54s 
88426      INFO  main            d.u.i.k.p.i.AbstractProblemLoader Replaying proof mini.MiniExamples[mini.MiniExamples::secure_p1_1()].JML normal_behavior operation contract.0 
88428      DEBUG main            d.u.i.k.p.i.IntermediateProofReplayer Proof replay took 14.8ns 
88531      INFO  main            d.u.i.k.p.r.p.TestFile    ... finished proof: closed. 
88732      INFO  main            d.u.i.k.p.r.p.TestFile    Now processing file /home/runner/work/key/key/key.core/../key.ui/examples/InformationFlow/MiniExamples/mini.MiniExamples(mini.MiniExamples__insecure_p1_2()).JML normal_behavior operation contract.0.key 
88733      INFO  main            d.u.i.k.p.i.AbstractProblemLoader Loading environment from /home/runner/work/key/key/key.core/../key.ui/examples/InformationFlow/MiniExamples/mini.MiniExamples(mini.MiniExamples__insecure_p1_2()).JML normal_behavior operation contract.0.key 
88733      DEBUG main            d.u.i.k.p.i.AbstractProblemLoader Environment load took 84.9ns 
88734      INFO  main            d.u.i.k.p.i.AbstractProblemLoader Creating init config 
91327      DEBUG main            d.u.i.k.p.i.AbstractProblemLoader Init config took 2.59s 
91361      INFO  main            d.u.i.k.p.i.AbstractProblemLoader Replaying proof mini.MiniExamples[mini.MiniExamples::insecure_p1_2()].JML normal_behavior operation contract.0 
91363      DEBUG main            d.u.i.k.p.i.IntermediateProofReplayer Proof replay took 16.3ns 
91467      INFO  main            d.u.i.k.p.r.p.TestFile    ... finished proof: closed. 
91671      INFO  main            d.u.i.k.p.r.p.TestFile    Now processing file /home/runner/work/key/key/key.core/../key.ui/examples/InformationFlow/MiniExamples/mini.MiniExamples(mini.MiniExamples__insecure_p1_1()).JML normal_behavior operation contract.0.key 
91671      INFO  main            d.u.i.k.p.i.AbstractProblemLoader Loading environment from /home/runner/work/key/key/key.core/../key.ui/examples/InformationFlow/MiniExamples/mini.MiniExamples(mini.MiniExamples__insecure_p1_1()).JML normal_behavior operation contract.0.key 
91671      DEBUG main            d.u.i.k.p.i.AbstractProblemLoader Environment load took 71.8ns 
91672      INFO  main            d.u.i.k.p.i.AbstractProblemLoader Creating init config 
94200      DEBUG main            d.u.i.k.p.i.AbstractProblemLoader Init config took 2.53s 
94234      INFO  main            d.u.i.k.p.i.AbstractProblemLoader Replaying proof mini.MiniExamples[mini.MiniExamples::insecure_p1_1()].JML normal_behavior operation contract.0 
94237      DEBUG main            d.u.i.k.p.i.IntermediateProofReplayer Proof replay took 15.6ns 
94339      INFO  main            d.u.i.k.p.r.p.TestFile    ... finished proof: closed. 
452251     INFO  Test worker     d.u.i.k.p.r.RunAllProofsTestUnit Returning from test MiniExamples 
452253     INFO  Test worker     d.u.i.k.p.r.RunAllProofsTestUnit Running test NewObjects 
338        INFO  Timeout watchdog d.u.i.k.p.r.p.ForkedTestFileRunner Timeout watcher launched (1000 secs.) 
359        WARN  main            d.u.i.k.s.ProofSettings   The settings in /home/runner/.key/proof-settings.props are *not* read. 
396        INFO  main            d.u.i.k.p.r.p.TestFile    Now processing file /home/runner/work/key/key/key.core/../key.ui/examples/InformationFlow/NewObjects/object.AmtoftBanerjee3(object.AmtoftBanerjee3__m()).JML operation contract.0.key 
518        INFO  main            d.u.i.k.p.i.AbstractProblemLoader Loading environment from /home/runner/work/key/key/key.core/../key.ui/examples/InformationFlow/NewObjects/object.AmtoftBanerjee3(object.AmtoftBanerjee3__m()).JML operation contract.0.key 
542        DEBUG main            d.u.i.k.p.i.AbstractProblemLoader Environment load took 2.22ms 
809        INFO  main            d.u.i.k.p.i.AbstractProblemLoader Creating init config 
1699       DEBUG main            d.u.i.k.j.TypeConverter   No LDT found for Meta 
1700       DEBUG main            d.u.i.k.j.TypeConverter   No LDT found for Meta 
1703       DEBUG main            d.u.i.k.j.TypeConverter   No LDT found for Meta 
1703       DEBUG main            d.u.i.k.j.TypeConverter   No LDT found for Meta 
3250       DEBUG main            d.u.i.k.j.TypeConverter   No LDT found for JavaBigintExpression 
6329       DEBUG main            d.u.i.k.j.r.ClassPreparationMethodBuilder clPrepBuilder: Inner Class detected. Reject building class initialisation methods. 
8849       DEBUG main            d.u.i.k.p.i.AbstractProblemLoader Init config took 8.04s 
8971       INFO  main            d.u.i.k.p.i.AbstractProblemLoader Replaying proof object.AmtoftBanerjee3[object.AmtoftBanerjee3::m()].JML operation contract.0 
9052       DEBUG main            d.u.i.k.p.i.IntermediateProofReplayer Proof replay took 414.2ns 
9595       INFO  main            d.u.i.k.p.r.p.TestFile    ... finished proof: closed. 
9697       INFO  main            d.u.i.k.p.r.p.TestFile    Now processing file /home/runner/work/key/key/key.core/../key.ui/examples/InformationFlow/NewObjects/object.AmtoftBanerjee(object.AmtoftBanerjee__m_2()).JML normal_behavior operation contract.0.key 
9698       INFO  main            d.u.i.k.p.i.AbstractProblemLoader Loading environment from /home/runner/work/key/key/key.core/../key.ui/examples/InformationFlow/NewObjects/object.AmtoftBanerjee(object.AmtoftBanerjee__m_2()).JML normal_behavior operation contract.0.key 
9699       DEBUG main            d.u.i.k.p.i.AbstractProblemLoader Environment load took 377ns 
9700       INFO  main            d.u.i.k.p.i.AbstractProblemLoader Creating init config 
10736      DEBUG main            d.u.i.k.j.r.ClassPreparationMethodBuilder clPrepBuilder: Inner Class detected. Reject building class initialisation methods. 
12850      DEBUG main            d.u.i.k.p.i.AbstractProblemLoader Init config took 3.15s 
12929      INFO  main            d.u.i.k.p.i.AbstractProblemLoader Replaying proof object.AmtoftBanerjee[object.AmtoftBanerjee::m_2()].JML normal_behavior operation contract.0 
12933      DEBUG main            d.u.i.k.p.i.IntermediateProofReplayer Proof replay took 12.2ns 
13338      INFO  main            d.u.i.k.p.r.p.TestFile    ... finished proof: closed. 
13498      INFO  main            d.u.i.k.p.r.p.TestFile    Now processing file /home/runner/work/key/key/key.core/../key.ui/examples/InformationFlow/NewObjects/object.AmtoftBanerjee(object.AmtoftBanerjee__m_1()).JML normal_behavior operation contract.1.key 
13499      INFO  main            d.u.i.k.p.i.AbstractProblemLoader Loading environment from /home/runner/work/key/key/key.core/../key.ui/examples/InformationFlow/NewObjects/object.AmtoftBanerjee(object.AmtoftBanerjee__m_1()).JML normal_behavior operation contract.1.key 
13499      DEBUG main            d.u.i.k.p.i.AbstractProblemLoader Environment load took 130.3ns 
13500      INFO  main            d.u.i.k.p.i.AbstractProblemLoader Creating init config 
14491      DEBUG main            d.u.i.k.j.r.ClassPreparationMethodBuilder clPrepBuilder: Inner Class detected. Reject building class initialisation methods. 
16558      DEBUG main            d.u.i.k.p.i.AbstractProblemLoader Init config took 3.06s 
16617      INFO  main            d.u.i.k.p.i.AbstractProblemLoader Replaying proof object.AmtoftBanerjee[object.AmtoftBanerjee::m_1()].JML normal_behavior operation contract.1 
16621      DEBUG main            d.u.i.k.p.i.IntermediateProofReplayer Proof replay took 12.8ns 
16825      INFO  main            d.u.i.k.p.r.p.TestFile    ... finished proof: closed. 
16960      INFO  main            d.u.i.k.p.r.p.TestFile    Now processing file /home/runner/work/key/key/key.core/../key.ui/examples/InformationFlow/NewObjects/object.AmtoftBanerjee(object.AmtoftBanerjee__m_1()).JML normal_behavior operation contract.0.key 
16961      INFO  main            d.u.i.k.p.i.AbstractProblemLoader Loading environment from /home/runner/work/key/key/key.core/../key.ui/examples/InformationFlow/NewObjects/object.AmtoftBanerjee(object.AmtoftBanerjee__m_1()).JML normal_behavior operation contract.0.key 
16961      DEBUG main            d.u.i.k.p.i.AbstractProblemLoader Environment load took 120.7ns 
16963      INFO  main            d.u.i.k.p.i.AbstractProblemLoader Creating init config 
17882      DEBUG main            d.u.i.k.j.r.ClassPreparationMethodBuilder clPrepBuilder: Inner Class detected. Reject building class initialisation methods. 
19906      DEBUG main            d.u.i.k.p.i.AbstractProblemLoader Init config took 2.94s 
19985      INFO  main            d.u.i.k.p.i.AbstractProblemLoader Replaying proof object.AmtoftBanerjee[object.AmtoftBanerjee::m_1()].JML normal_behavior operation contract.0 
19989      DEBUG main            d.u.i.k.p.i.IntermediateProofReplayer Proof replay took 12.3ns 
20196      INFO  main            d.u.i.k.p.r.p.TestFile    ... finished proof: closed. 
20326      INFO  main            d.u.i.k.p.r.p.TestFile    Now processing file /home/runner/work/key/key/key.core/../key.ui/examples/InformationFlow/NewObjects/object.AmtoftBanerjee(object.AmtoftBanerjee__getQ()).JML normal_behavior operation contract.0.key 
20327      INFO  main            d.u.i.k.p.i.AbstractProblemLoader Loading environment from /home/runner/work/key/key/key.core/../key.ui/examples/InformationFlow/NewObjects/object.AmtoftBanerjee(object.AmtoftBanerjee__getQ()).JML normal_behavior operation contract.0.key 
20327      DEBUG main            d.u.i.k.p.i.AbstractProblemLoader Environment load took 121.8ns 
20328      INFO  main            d.u.i.k.p.i.AbstractProblemLoader Creating init config 
21279      DEBUG main            d.u.i.k.j.r.ClassPreparationMethodBuilder clPrepBuilder: Inner Class detected. Reject building class initialisation methods. 
23253      DEBUG main            d.u.i.k.p.i.AbstractProblemLoader Init config took 2.92s 
23301      INFO  main            d.u.i.k.p.i.AbstractProblemLoader Replaying proof object.AmtoftBanerjee[object.AmtoftBanerjee::getQ()].JML normal_behavior operation contract.0 
23304      DEBUG main            d.u.i.k.p.i.IntermediateProofReplayer Proof replay took 12.8ns 
23407      INFO  main            d.u.i.k.p.r.p.TestFile    ... finished proof: closed. 
23546      INFO  main            d.u.i.k.p.r.p.TestFile    Now processing file /home/runner/work/key/key/key.core/../key.ui/examples/InformationFlow/NewObjects/object.Naumann(object.Naumann__Pair_m(int,int)).JML operation contract.0.key 
23547      INFO  main            d.u.i.k.p.i.AbstractProblemLoader Loading environment from /home/runner/work/key/key/key.core/../key.ui/examples/InformationFlow/NewObjects/object.Naumann(object.Naumann__Pair_m(int,int)).JML operation contract.0.key 
23547      DEBUG main            d.u.i.k.p.i.AbstractProblemLoader Environment load took 70.7ns 
23548      INFO  main            d.u.i.k.p.i.AbstractProblemLoader Creating init config 
24453      DEBUG main            d.u.i.k.j.r.ClassPreparationMethodBuilder clPrepBuilder: Inner Class detected. Reject building class initialisation methods. 
26444      DEBUG main            d.u.i.k.p.i.AbstractProblemLoader Init config took 2.9s 
26492      INFO  main            d.u.i.k.p.i.AbstractProblemLoader Replaying proof object.Naumann[object.Naumann::Pair_m(int,int)].JML operation contract.0 
26495      DEBUG main            d.u.i.k.p.i.IntermediateProofReplayer Proof replay took 13.8ns 
28109      INFO  main            d.u.i.k.p.r.p.TestFile    ... finished proof: closed. 
28280      INFO  main            d.u.i.k.p.r.p.TestFile    Now processing file /home/runner/work/key/key/key.core/../key.ui/examples/InformationFlow/NewObjects/object.ObjectOrientation(object.ObjectOrientation__secure_while_i((Ljava.lang.Object)).JML operation contract.0.key 
28280      INFO  main            d.u.i.k.p.i.AbstractProblemLoader Loading environment from /home/runner/work/key/key/key.core/../key.ui/examples/InformationFlow/NewObjects/object.ObjectOrientation(object.ObjectOrientation__secure_while_i((Ljava.lang.Object)).JML operation contract.0.key 
28281      DEBUG main            d.u.i.k.p.i.AbstractProblemLoader Environment load took 119.2ns 
28282      INFO  main            d.u.i.k.p.i.AbstractProblemLoader Creating init config 
29201      DEBUG main            d.u.i.k.j.r.ClassPreparationMethodBuilder clPrepBuilder: Inner Class detected. Reject building class initialisation methods. 
31236      DEBUG main            d.u.i.k.p.i.AbstractProblemLoader Init config took 2.95s 
31297      INFO  main            d.u.i.k.p.i.AbstractProblemLoader Replaying proof object.ObjectOrientation[object.ObjectOrientation::secure_while_i([Ljava.lang.Object)].JML operation contract.0 
31302      DEBUG main            d.u.i.k.p.i.IntermediateProofReplayer Proof replay took 14.8ns 
32010      INFO  main            d.u.i.k.p.r.p.TestFile    ... finished proof: closed. 
32226      INFO  main            d.u.i.k.p.r.p.TestFile    Now processing file /home/runner/work/key/key/key.core/../key.ui/examples/InformationFlow/NewObjects/object.ObjectOrientation(object.ObjectOrientation__secure_method_call()).JML operation contract.0.key 
32226      INFO  main            d.u.i.k.p.i.AbstractProblemLoader Loading environment from /home/runner/work/key/key/key.core/../key.ui/examples/InformationFlow/NewObjects/object.ObjectOrientation(object.ObjectOrientation__secure_method_call()).JML operation contract.0.key 
32227      DEBUG main            d.u.i.k.p.i.AbstractProblemLoader Environment load took 72ns 
32227      INFO  main            d.u.i.k.p.i.AbstractProblemLoader Creating init config 
33138      DEBUG main            d.u.i.k.j.r.ClassPreparationMethodBuilder clPrepBuilder: Inner Class detected. Reject building class initialisation methods. 
35088      DEBUG main            d.u.i.k.p.i.AbstractProblemLoader Init config took 2.86s 
35144      INFO  main            d.u.i.k.p.i.AbstractProblemLoader Replaying proof object.ObjectOrientation[object.ObjectOrientation::secure_method_call()].JML operation contract.0 
35148      DEBUG main            d.u.i.k.p.i.IntermediateProofReplayer Proof replay took 15.3ns 
35351      INFO  main            d.u.i.k.p.r.p.TestFile    ... finished proof: closed. 
35557      INFO  main            d.u.i.k.p.r.p.TestFile    Now processing file /home/runner/work/key/key/key.core/../key.ui/examples/InformationFlow/NewObjects/object.ObjectOrientation(object.ObjectOrientation__if_two_object_creation_next()).JML operation contract.1.key 
35558      INFO  main            d.u.i.k.p.i.AbstractProblemLoader Loading environment from /home/runner/work/key/key/key.core/../key.ui/examples/InformationFlow/NewObjects/object.ObjectOrientation(object.ObjectOrientation__if_two_object_creation_next()).JML operation contract.1.key 
35558      DEBUG main            d.u.i.k.p.i.AbstractProblemLoader Environment load took 65.8ns 
35559      INFO  main            d.u.i.k.p.i.AbstractProblemLoader Creating init config 
36463      DEBUG main            d.u.i.k.j.r.ClassPreparationMethodBuilder clPrepBuilder: Inner Class detected. Reject building class initialisation methods. 
38450      DEBUG main            d.u.i.k.p.i.AbstractProblemLoader Init config took 2.89s 
38517      INFO  main            d.u.i.k.p.i.AbstractProblemLoader Replaying proof object.ObjectOrientation[object.ObjectOrientation::if_two_object_creation_next()].JML operation contract.1 
38520      DEBUG main            d.u.i.k.p.i.IntermediateProofReplayer Proof replay took 14.2ns 
39526      INFO  main            d.u.i.k.p.r.p.TestFile    ... finished proof: closed. 
39689      INFO  main            d.u.i.k.p.r.p.TestFile    Now processing file /home/runner/work/key/key/key.core/../key.ui/examples/InformationFlow/NewObjects/object.ObjectOrientation(object.ObjectOrientation__if_two_object_creation_next()).JML operation contract.0.key 
39689      INFO  main            d.u.i.k.p.i.AbstractProblemLoader Loading environment from /home/runner/work/key/key/key.core/../key.ui/examples/InformationFlow/NewObjects/object.ObjectOrientation(object.ObjectOrientation__if_two_object_creation_next()).JML operation contract.0.key 
39689      DEBUG main            d.u.i.k.p.i.AbstractProblemLoader Environment load took 78.5ns 
39690      INFO  main            d.u.i.k.p.i.AbstractProblemLoader Creating init config 
40581      DEBUG main            d.u.i.k.j.r.ClassPreparationMethodBuilder clPrepBuilder: Inner Class detected. Reject building class initialisation methods. 
42541      DEBUG main            d.u.i.k.p.i.AbstractProblemLoader Init config took 2.85s 
42588      INFO  main            d.u.i.k.p.i.AbstractProblemLoader Replaying proof object.ObjectOrientation[object.ObjectOrientation::if_two_object_creation_next()].JML operation contract.0 
42591      DEBUG main            d.u.i.k.p.i.IntermediateProofReplayer Proof replay took 13.9ns 
43395      INFO  main            d.u.i.k.p.r.p.TestFile    ... finished proof: closed. 
43579      INFO  main            d.u.i.k.p.r.p.TestFile    Now processing file /home/runner/work/key/key/key.core/../key.ui/examples/InformationFlow/NewObjects/object.ObjectOrientation(object.ObjectOrientation__secure_if_two_object_creation()).JML operation contract.0.key 
43579      INFO  main            d.u.i.k.p.i.AbstractProblemLoader Loading environment from /home/runner/work/key/key/key.core/../key.ui/examples/InformationFlow/NewObjects/object.ObjectOrientation(object.ObjectOrientation__secure_if_two_object_creation()).JML operation contract.0.key 
43580      DEBUG main            d.u.i.k.p.i.AbstractProblemLoader Environment load took 94.4ns 
43580      INFO  main            d.u.i.k.p.i.AbstractProblemLoader Creating init config 
44494      DEBUG main            d.u.i.k.j.r.ClassPreparationMethodBuilder clPrepBuilder: Inner Class detected. Reject building class initialisation methods. 
46409      DEBUG main            d.u.i.k.p.i.AbstractProblemLoader Init config took 2.83s 
46452      INFO  main            d.u.i.k.p.i.AbstractProblemLoader Replaying proof object.ObjectOrientation[object.ObjectOrientation::secure_if_two_object_creation()].JML operation contract.0 
46456      DEBUG main            d.u.i.k.p.i.IntermediateProofReplayer Proof replay took 14.7ns 
47265      INFO  main            d.u.i.k.p.r.p.TestFile    ... finished proof: closed. 
47440      INFO  main            d.u.i.k.p.r.p.TestFile    Now processing file /home/runner/work/key/key/key.core/../key.ui/examples/InformationFlow/NewObjects/object.ObjectOrientation(object.ObjectOrientation__insecure_two_object_creation()).JML operation contract.0.key 
47440      INFO  main            d.u.i.k.p.i.AbstractProblemLoader Loading environment from /home/runner/work/key/key/key.core/../key.ui/examples/InformationFlow/NewObjects/object.ObjectOrientation(object.ObjectOrientation__insecure_two_object_creation()).JML operation contract.0.key 
47440      DEBUG main            d.u.i.k.p.i.AbstractProblemLoader Environment load took 72.8ns 
47441      INFO  main            d.u.i.k.p.i.AbstractProblemLoader Creating init config 
48334      DEBUG main            d.u.i.k.j.r.ClassPreparationMethodBuilder clPrepBuilder: Inner Class detected. Reject building class initialisation methods. 
50313      DEBUG main            d.u.i.k.p.i.AbstractProblemLoader Init config took 2.87s 
50357      INFO  main            d.u.i.k.p.i.AbstractProblemLoader Replaying proof object.ObjectOrientation[object.ObjectOrientation::insecure_two_object_creation()].JML operation contract.0 
50359      DEBUG main            d.u.i.k.p.i.IntermediateProofReplayer Proof replay took 13.4ns 
50892      INFO  main            d.u.i.k.p.r.p.TestFile    ... finished proof: closed. 
51059      INFO  main            d.u.i.k.p.r.p.TestFile    Now processing file /home/runner/work/key/key/key.core/../key.ui/examples/InformationFlow/NewObjects/object.ObjectOrientation(object.ObjectOrientation__secure_two_object_creation()).JML normal_behavior operation contract.0.key 
51060      INFO  main            d.u.i.k.p.i.AbstractProblemLoader Loading environment from /home/runner/work/key/key/key.core/../key.ui/examples/InformationFlow/NewObjects/object.ObjectOrientation(object.ObjectOrientation__secure_two_object_creation()).JML normal_behavior operation contract.0.key 
51060      DEBUG main            d.u.i.k.p.i.AbstractProblemLoader Environment load took 64.7ns 
51060      INFO  main            d.u.i.k.p.i.AbstractProblemLoader Creating init config 
51934      DEBUG main            d.u.i.k.j.r.ClassPreparationMethodBuilder clPrepBuilder: Inner Class detected. Reject building class initialisation methods. 
53907      DEBUG main            d.u.i.k.p.i.AbstractProblemLoader Init config took 2.85s 
53949      INFO  main            d.u.i.k.p.i.AbstractProblemLoader Replaying proof object.ObjectOrientation[object.ObjectOrientation::secure_two_object_creation()].JML normal_behavior operation contract.0 
53951      DEBUG main            d.u.i.k.p.i.IntermediateProofReplayer Proof replay took 13ns 
54355      INFO  main            d.u.i.k.p.r.p.TestFile    ... finished proof: closed. 
54557      INFO  main            d.u.i.k.p.r.p.TestFile    Now processing file /home/runner/work/key/key/key.core/../key.ui/examples/InformationFlow/NewObjects/object.ObjectOrientation(object.ObjectOrientation__insecure_object_assignment()).JML operation contract.1.key 
54557      INFO  main            d.u.i.k.p.i.AbstractProblemLoader Loading environment from /home/runner/work/key/key/key.core/../key.ui/examples/InformationFlow/NewObjects/object.ObjectOrientation(object.ObjectOrientation__insecure_object_assignment()).JML operation contract.1.key 
54557      DEBUG main            d.u.i.k.p.i.AbstractProblemLoader Environment load took 75.3ns 
54559      INFO  main            d.u.i.k.p.i.AbstractProblemLoader Creating init config 
55430      DEBUG main            d.u.i.k.j.r.ClassPreparationMethodBuilder clPrepBuilder: Inner Class detected. Reject building class initialisation methods. 
57398      DEBUG main            d.u.i.k.p.i.AbstractProblemLoader Init config took 2.84s 
57444      INFO  main            d.u.i.k.p.i.AbstractProblemLoader Replaying proof object.ObjectOrientation[object.ObjectOrientation::insecure_object_assignment()].JML operation contract.1 
57452      DEBUG main            d.u.i.k.p.i.IntermediateProofReplayer Proof replay took 17ns 
57554      INFO  main            d.u.i.k.p.r.p.TestFile    ... finished proof: closed. 
57719      INFO  main            d.u.i.k.p.r.p.TestFile    Now processing file /home/runner/work/key/key/key.core/../key.ui/examples/InformationFlow/NewObjects/object.ObjectOrientation(object.ObjectOrientation__insecure_object_assignment()).JML operation contract.0.key 
57719      INFO  main            d.u.i.k.p.i.AbstractProblemLoader Loading environment from /home/runner/work/key/key/key.core/../key.ui/examples/InformationFlow/NewObjects/object.ObjectOrientation(object.ObjectOrientation__insecure_object_assignment()).JML operation contract.0.key 
57719      DEBUG main            d.u.i.k.p.i.AbstractProblemLoader Environment load took 63.6ns 
57720      INFO  main            d.u.i.k.p.i.AbstractProblemLoader Creating init config 
58601      DEBUG main            d.u.i.k.j.r.ClassPreparationMethodBuilder clPrepBuilder: Inner Class detected. Reject building class initialisation methods. 
60564      DEBUG main            d.u.i.k.p.i.AbstractProblemLoader Init config took 2.84s 
60603      INFO  main            d.u.i.k.p.i.AbstractProblemLoader Replaying proof object.ObjectOrientation[object.ObjectOrientation::insecure_object_assignment()].JML operation contract.0 
60605      DEBUG main            d.u.i.k.p.i.IntermediateProofReplayer Proof replay took 31ns 
60707      INFO  main            d.u.i.k.p.r.p.TestFile    ... finished proof: closed. 
60870      INFO  main            d.u.i.k.p.r.p.TestFile    Now processing file /home/runner/work/key/key/key.core/../key.ui/examples/InformationFlow/NewObjects/object.ObjectOrientation(object.ObjectOrientation__secure_object_creation_3()).JML operation contract.0.key 
60871      INFO  main            d.u.i.k.p.i.AbstractProblemLoader Loading environment from /home/runner/work/key/key/key.core/../key.ui/examples/InformationFlow/NewObjects/object.ObjectOrientation(object.ObjectOrientation__secure_object_creation_3()).JML operation contract.0.key 
60871      DEBUG main            d.u.i.k.p.i.AbstractProblemLoader Environment load took 87.9ns 
60872      INFO  main            d.u.i.k.p.i.AbstractProblemLoader Creating init config 
61754      DEBUG main            d.u.i.k.j.r.ClassPreparationMethodBuilder clPrepBuilder: Inner Class detected. Reject building class initialisation methods. 
63709      DEBUG main            d.u.i.k.p.i.AbstractProblemLoader Init config took 2.84s 
63762      INFO  main            d.u.i.k.p.i.AbstractProblemLoader Replaying proof object.ObjectOrientation[object.ObjectOrientation::secure_object_creation_3()].JML operation contract.0 
63765      DEBUG main            d.u.i.k.p.i.IntermediateProofReplayer Proof replay took 14.3ns 
63968      INFO  main            d.u.i.k.p.r.p.TestFile    ... finished proof: closed. 
64138      INFO  main            d.u.i.k.p.r.p.TestFile    Now processing file /home/runner/work/key/key/key.core/../key.ui/examples/InformationFlow/NewObjects/object.ObjectOrientation(object.ObjectOrientation__secure_object_creation_2()).JML operation contract.0.key 
64138      INFO  main            d.u.i.k.p.i.AbstractProblemLoader Loading environment from /home/runner/work/key/key/key.core/../key.ui/examples/InformationFlow/NewObjects/object.ObjectOrientation(object.ObjectOrientation__secure_object_creation_2()).JML operation contract.0.key 
64139      DEBUG main            d.u.i.k.p.i.AbstractProblemLoader Environment load took 106.8ns 
64139      INFO  main            d.u.i.k.p.i.AbstractProblemLoader Creating init config 
65012      DEBUG main            d.u.i.k.j.r.ClassPreparationMethodBuilder clPrepBuilder: Inner Class detected. Reject building class initialisation methods. 
66958      DEBUG main            d.u.i.k.p.i.AbstractProblemLoader Init config took 2.82s 
66997      INFO  main            d.u.i.k.p.i.AbstractProblemLoader Replaying proof object.ObjectOrientation[object.ObjectOrientation::secure_object_creation_2()].JML operation contract.0 
67000      DEBUG main            d.u.i.k.p.i.IntermediateProofReplayer Proof replay took 14.7ns 
67204      INFO  main            d.u.i.k.p.r.p.TestFile    ... finished proof: closed. 
67379      INFO  main            d.u.i.k.p.r.p.TestFile    Now processing file /home/runner/work/key/key/key.core/../key.ui/examples/InformationFlow/NewObjects/object.ObjectOrientation(object.ObjectOrientation__secure_object_creation()).JML operation contract.0.key 
67379      INFO  main            d.u.i.k.p.i.AbstractProblemLoader Loading environment from /home/runner/work/key/key/key.core/../key.ui/examples/InformationFlow/NewObjects/object.ObjectOrientation(object.ObjectOrientation__secure_object_creation()).JML operation contract.0.key 
67379      DEBUG main            d.u.i.k.p.i.AbstractProblemLoader Environment load took 65ns 
67380      INFO  main            d.u.i.k.p.i.AbstractProblemLoader Creating init config 
68255      DEBUG main            d.u.i.k.j.r.ClassPreparationMethodBuilder clPrepBuilder: Inner Class detected. Reject building class initialisation methods. 
70185      DEBUG main            d.u.i.k.p.i.AbstractProblemLoader Init config took 2.81s 
70224      INFO  main            d.u.i.k.p.i.AbstractProblemLoader Replaying proof object.ObjectOrientation[object.ObjectOrientation::secure_object_creation()].JML operation contract.0 
70227      DEBUG main            d.u.i.k.p.i.IntermediateProofReplayer Proof replay took 16.1ns 
70429      INFO  main            d.u.i.k.p.r.p.TestFile    ... finished proof: closed. 
70603      INFO  main            d.u.i.k.p.r.p.TestFile    Now processing file /home/runner/work/key/key/key.core/../key.ui/examples/InformationFlow/NewObjects/object.AmtoftBanerjee2(object.AmtoftBanerjee2__expensive(int)).JML accessible clause.0.key 
70603      INFO  main            d.u.i.k.p.i.AbstractProblemLoader Loading environment from /home/runner/work/key/key/key.core/../key.ui/examples/InformationFlow/NewObjects/object.AmtoftBanerjee2(object.AmtoftBanerjee2__expensive(int)).JML accessible clause.0.key 
70603      DEBUG main            d.u.i.k.p.i.AbstractProblemLoader Environment load took 77.3ns 
70604      INFO  main            d.u.i.k.p.i.AbstractProblemLoader Creating init config 
71491      DEBUG main            d.u.i.k.j.r.ClassPreparationMethodBuilder clPrepBuilder: Inner Class detected. Reject building class initialisation methods. 
73422      DEBUG main            d.u.i.k.p.i.AbstractProblemLoader Init config took 2.82s 
73462      INFO  main            d.u.i.k.p.i.AbstractProblemLoader Replaying proof object.AmtoftBanerjee2[object.AmtoftBanerjee2::expensive(int)].JML accessible clause.0 
73465      DEBUG main            d.u.i.k.p.i.IntermediateProofReplayer Proof replay took 15ns 
73570      INFO  main            d.u.i.k.p.r.p.TestFile    ... finished proof: closed. 
73744      INFO  main            d.u.i.k.p.r.p.TestFile    Now processing file /home/runner/work/key/key/key.core/../key.ui/examples/InformationFlow/NewObjects/object.AmtoftBanerjee2(object.AmtoftBanerjee2__expensive(int)).JML normal_behavior operation contract.0.key 
73744      INFO  main            d.u.i.k.p.i.AbstractProblemLoader Loading environment from /home/runner/work/key/key/key.core/../key.ui/examples/InformationFlow/NewObjects/object.AmtoftBanerjee2(object.AmtoftBanerjee2__expensive(int)).JML normal_behavior operation contract.0.key 
73744      DEBUG main            d.u.i.k.p.i.AbstractProblemLoader Environment load took 77.8ns 
73745      INFO  main            d.u.i.k.p.i.AbstractProblemLoader Creating init config 
74617      DEBUG main            d.u.i.k.j.r.ClassPreparationMethodBuilder clPrepBuilder: Inner Class detected. Reject building class initialisation methods. 
76577      DEBUG main            d.u.i.k.p.i.AbstractProblemLoader Init config took 2.83s 
76617      INFO  main            d.u.i.k.p.i.AbstractProblemLoader Replaying proof object.AmtoftBanerjee2[object.AmtoftBanerjee2::expensive(int)].JML normal_behavior operation contract.0 
76620      DEBUG main            d.u.i.k.p.i.IntermediateProofReplayer Proof replay took 15.2ns 
76723      INFO  main            d.u.i.k.p.r.p.TestFile    ... finished proof: closed. 
76907      INFO  main            d.u.i.k.p.r.p.TestFile    Now processing file /home/runner/work/key/key/key.core/../key.ui/examples/InformationFlow/NewObjects/object.AmtoftBanerjee2(object.AmtoftBanerjee2__cexp(int)).JML normal_behavior operation contract.0.key 
76907      INFO  main            d.u.i.k.p.i.AbstractProblemLoader Loading environment from /home/runner/work/key/key/key.core/../key.ui/examples/InformationFlow/NewObjects/object.AmtoftBanerjee2(object.AmtoftBanerjee2__cexp(int)).JML normal_behavior operation contract.0.key 
76908      DEBUG main            d.u.i.k.p.i.AbstractProblemLoader Environment load took 78.1ns 
76909      INFO  main            d.u.i.k.p.i.AbstractProblemLoader Creating init config 
77779      DEBUG main            d.u.i.k.j.r.ClassPreparationMethodBuilder clPrepBuilder: Inner Class detected. Reject building class initialisation methods. 
79692      DEBUG main            d.u.i.k.p.i.AbstractProblemLoader Init config took 2.78s 
79738      INFO  main            d.u.i.k.p.i.AbstractProblemLoader Replaying proof object.AmtoftBanerjee2[object.AmtoftBanerjee2::cexp(int)].JML normal_behavior operation contract.0 
79740      DEBUG main            d.u.i.k.p.i.IntermediateProofReplayer Proof replay took 14.8ns 
80044      INFO  main            d.u.i.k.p.r.p.TestFile    ... finished proof: closed. 
80238      INFO  main            d.u.i.k.p.r.p.TestFile    Now processing file /home/runner/work/key/key/key.core/../key.ui/examples/InformationFlow/PasswordFile/passwordfile.SecurePasswordFile(passwordfile.SecurePasswordFile___userIndex()).JML accessible clause.0.key 
80238      INFO  main            d.u.i.k.p.i.AbstractProblemLoader Loading environment from /home/runner/work/key/key/key.core/../key.ui/examples/InformationFlow/PasswordFile/passwordfile.SecurePasswordFile(passwordfile.SecurePasswordFile___userIndex()).JML accessible clause.0.key 
80238      DEBUG main            d.u.i.k.p.i.AbstractProblemLoader Environment load took 70.5ns 
80239      INFO  main            d.u.i.k.p.i.AbstractProblemLoader Creating init config 
82866      DEBUG main            d.u.i.k.p.i.AbstractProblemLoader Init config took 2.63s 
82903      INFO  main            d.u.i.k.p.i.AbstractProblemLoader Replaying proof passwordfile.SecurePasswordFile[passwordfile.SecurePasswordFile::$userIndex()].JML accessible clause.0 
82905      DEBUG main            d.u.i.k.p.i.IntermediateProofReplayer Proof replay took 13.2ns 
83012      INFO  main            d.u.i.k.p.r.p.TestFile    ... finished proof: open goal(s) 
535626     INFO  Test worker     d.u.i.k.p.r.RunAllProofsTestUnit Returning from test NewObjects 
535627     INFO  Test worker     d.u.i.k.p.r.RunAllProofsTestUnit Running test SimpleEvoting 
361        INFO  Timeout watchdog d.u.i.k.p.r.p.ForkedTestFileRunner Timeout watcher launched (1000 secs.) 
367        WARN  main            d.u.i.k.s.ProofSettings   The settings in /home/runner/.key/proof-settings.props are *not* read. 
405        INFO  main            d.u.i.k.p.r.p.TestFile    Now processing file /home/runner/work/key/key/key.core/../key.ui/examples/InformationFlow/SimpleEvoting/simple_evoting.Environment(simple_evoting.Environment__untrustedOutputMessage((B)).JML normal_behavior operation contract.0.key 
532        INFO  main            d.u.i.k.p.i.AbstractProblemLoader Loading environment from /home/runner/work/key/key/key.core/../key.ui/examples/InformationFlow/SimpleEvoting/simple_evoting.Environment(simple_evoting.Environment__untrustedOutputMessage((B)).JML normal_behavior operation contract.0.key 
551        DEBUG main            d.u.i.k.p.i.AbstractProblemLoader Environment load took 2.29ms 
766        INFO  main            d.u.i.k.p.i.AbstractProblemLoader Creating init config 
1544       DEBUG main            d.u.i.k.j.TypeConverter   No LDT found for Meta 
1545       DEBUG main            d.u.i.k.j.TypeConverter   No LDT found for Meta 
1547       DEBUG main            d.u.i.k.j.TypeConverter   No LDT found for Meta 
1547       DEBUG main            d.u.i.k.j.TypeConverter   No LDT found for Meta 
2901       DEBUG main            d.u.i.k.j.TypeConverter   No LDT found for JavaBigintExpression 
9122       DEBUG main            d.u.i.k.p.i.AbstractProblemLoader Init config took 8.36s 
9274       INFO  main            d.u.i.k.p.i.AbstractProblemLoader Replaying proof simple_evoting.Environment[simple_evoting.Environment::untrustedOutputMessage([B)].JML normal_behavior operation contract.0 
9360       DEBUG main            d.u.i.k.p.i.IntermediateProofReplayer Proof replay took 328.4ns 
10799      INFO  main            d.u.i.k.p.r.p.TestFile    ... finished proof: closed. 
10936      INFO  main            d.u.i.k.p.r.p.TestFile    Now processing file /home/runner/work/key/key/key.core/../key.ui/examples/InformationFlow/SimpleEvoting/simple_evoting.Environment(simple_evoting.Environment__untrustedInputMessage((B)).JML normal_behavior operation contract.0.key 
10937      INFO  main            d.u.i.k.p.i.AbstractProblemLoader Loading environment from /home/runner/work/key/key/key.core/../key.ui/examples/InformationFlow/SimpleEvoting/simple_evoting.Environment(simple_evoting.Environment__untrustedInputMessage((B)).JML normal_behavior operation contract.0.key 
10937      DEBUG main            d.u.i.k.p.i.AbstractProblemLoader Environment load took 359.4ns 
10940      INFO  main            d.u.i.k.p.i.AbstractProblemLoader Creating init config 
14489      DEBUG main            d.u.i.k.p.i.AbstractProblemLoader Init config took 3.55s 
14598      INFO  main            d.u.i.k.p.i.AbstractProblemLoader Replaying proof simple_evoting.Environment[simple_evoting.Environment::untrustedInputMessage([B)].JML normal_behavior operation contract.0 
14606      DEBUG main            d.u.i.k.p.i.IntermediateProofReplayer Proof replay took 12.5ns 
15214      INFO  main            d.u.i.k.p.r.p.TestFile    ... finished proof: closed. 
15432      INFO  main            d.u.i.k.p.r.p.TestFile    Now processing file /home/runner/work/key/key/key.core/../key.ui/examples/InformationFlow/SimpleEvoting/simple_evoting.Environment(simple_evoting.Environment__untrustedInputMessage()).JML normal_behavior operation contract.0.key 
15432      INFO  main            d.u.i.k.p.i.AbstractProblemLoader Loading environment from /home/runner/work/key/key/key.core/../key.ui/examples/InformationFlow/SimpleEvoting/simple_evoting.Environment(simple_evoting.Environment__untrustedInputMessage()).JML normal_behavior operation contract.0.key 
15432      DEBUG main            d.u.i.k.p.i.AbstractProblemLoader Environment load took 72.7ns 
15435      INFO  main            d.u.i.k.p.i.AbstractProblemLoader Creating init config 
18766      DEBUG main            d.u.i.k.p.i.AbstractProblemLoader Init config took 3.33s 
18837      INFO  main            d.u.i.k.p.i.AbstractProblemLoader Replaying proof simple_evoting.Environment[simple_evoting.Environment::untrustedInputMessage()].JML normal_behavior operation contract.0 
18841      DEBUG main            d.u.i.k.p.i.IntermediateProofReplayer Proof replay took 26.8ns 
20150      INFO  main            d.u.i.k.p.r.p.TestFile    ... finished proof: closed. 
20327      INFO  main            d.u.i.k.p.r.p.TestFile    Now processing file /home/runner/work/key/key/key.core/../key.ui/examples/InformationFlow/SimpleEvoting/simple_evoting.Environment(simple_evoting.Environment__untrustedOutput(int)).JML normal_behavior operation contract.0.key 
20328      INFO  main            d.u.i.k.p.i.AbstractProblemLoader Loading environment from /home/runner/work/key/key/key.core/../key.ui/examples/InformationFlow/SimpleEvoting/simple_evoting.Environment(simple_evoting.Environment__untrustedOutput(int)).JML normal_behavior operation contract.0.key 
20328      DEBUG main            d.u.i.k.p.i.AbstractProblemLoader Environment load took 109ns 
20329      INFO  main            d.u.i.k.p.i.AbstractProblemLoader Creating init config 
23495      DEBUG main            d.u.i.k.p.i.AbstractProblemLoader Init config took 3.17s 
23559      INFO  main            d.u.i.k.p.i.AbstractProblemLoader Replaying proof simple_evoting.Environment[simple_evoting.Environment::untrustedOutput(int)].JML normal_behavior operation contract.0 
23562      DEBUG main            d.u.i.k.p.i.IntermediateProofReplayer Proof replay took 12.9ns 
23668      INFO  main            d.u.i.k.p.r.p.TestFile    ... finished proof: closed. 
23845      INFO  main            d.u.i.k.p.r.p.TestFile    Now processing file /home/runner/work/key/key/key.core/../key.ui/examples/InformationFlow/SimpleEvoting/simple_evoting.Environment(simple_evoting.Environment__untrustedInput(int)).JML normal_behavior operation contract.0.key 
23846      INFO  main            d.u.i.k.p.i.AbstractProblemLoader Loading environment from /home/runner/work/key/key/key.core/../key.ui/examples/InformationFlow/SimpleEvoting/simple_evoting.Environment(simple_evoting.Environment__untrustedInput(int)).JML normal_behavior operation contract.0.key 
23847      DEBUG main            d.u.i.k.p.i.AbstractProblemLoader Environment load took 1.14ms 
23848      INFO  main            d.u.i.k.p.i.AbstractProblemLoader Creating init config 
27083      DEBUG main            d.u.i.k.p.i.AbstractProblemLoader Init config took 3.23s 
27143      INFO  main            d.u.i.k.p.i.AbstractProblemLoader Replaying proof simple_evoting.Environment[simple_evoting.Environment::untrustedInput(int)].JML normal_behavior operation contract.0 
27149      DEBUG main            d.u.i.k.p.i.IntermediateProofReplayer Proof replay took 13.9ns 
27258      INFO  main            d.u.i.k.p.r.p.TestFile    ... finished proof: open goal(s) 
27408      INFO  main            d.u.i.k.p.r.p.TestFile    Now processing file /home/runner/work/key/key/key.core/../key.ui/examples/InformationFlow/SimpleEvoting/simple_evoting.Environment(simple_evoting.Environment__untrustedInput()).JML normal_behavior operation contract.0.key 
27409      INFO  main            d.u.i.k.p.i.AbstractProblemLoader Loading environment from /home/runner/work/key/key/key.core/../key.ui/examples/InformationFlow/SimpleEvoting/simple_evoting.Environment(simple_evoting.Environment__untrustedInput()).JML normal_behavior operation contract.0.key 
27409      DEBUG main            d.u.i.k.p.i.AbstractProblemLoader Environment load took 106ns 
27411      INFO  main            d.u.i.k.p.i.AbstractProblemLoader Creating init config 
30586      DEBUG main            d.u.i.k.p.i.AbstractProblemLoader Init config took 3.17s 
30645      INFO  main            d.u.i.k.p.i.AbstractProblemLoader Replaying proof simple_evoting.Environment[simple_evoting.Environment::untrustedInput()].JML normal_behavior operation contract.0 
30648      DEBUG main            d.u.i.k.p.i.IntermediateProofReplayer Proof replay took 13.4ns 
30753      INFO  main            d.u.i.k.p.r.p.TestFile    ... finished proof: open goal(s) 
30915      INFO  main            d.u.i.k.p.r.p.TestFile    Now processing file /home/runner/work/key/key/key.core/../key.ui/examples/InformationFlow/SimpleEvoting/simple_evoting.Environment(simple_evoting.Environment___rep()).JML accessible clause.0.key 
30916      INFO  main            d.u.i.k.p.i.AbstractProblemLoader Loading environment from /home/runner/work/key/key/key.core/../key.ui/examples/InformationFlow/SimpleEvoting/simple_evoting.Environment(simple_evoting.Environment___rep()).JML accessible clause.0.key 
30916      DEBUG main            d.u.i.k.p.i.AbstractProblemLoader Environment load took 111.8ns 
30917      INFO  main            d.u.i.k.p.i.AbstractProblemLoader Creating init config 
34041      DEBUG main            d.u.i.k.p.i.AbstractProblemLoader Init config took 3.12s 
34099      INFO  main            d.u.i.k.p.i.AbstractProblemLoader Replaying proof simple_evoting.Environment[simple_evoting.Environment::$rep()].JML accessible clause.0 
34102      DEBUG main            d.u.i.k.p.i.IntermediateProofReplayer Proof replay took 15.9ns 
34205      INFO  main            d.u.i.k.p.r.p.TestFile    ... finished proof: closed. 
34350      INFO  main            d.u.i.k.p.r.p.TestFile    Now processing file /home/runner/work/key/key/key.core/../key.ui/examples/InformationFlow/SimpleEvoting/simple_evoting.SMT(simple_evoting.SMT__send(simple_evoting.Message,int,simple_evoting.Server)).JML normal_behavior operation contract.1.key 
34350      INFO  main            d.u.i.k.p.i.AbstractProblemLoader Loading environment from /home/runner/work/key/key/key.core/../key.ui/examples/InformationFlow/SimpleEvoting/simple_evoting.SMT(simple_evoting.SMT__send(simple_evoting.Message,int,simple_evoting.Server)).JML normal_behavior operation contract.1.key 
34350      DEBUG main            d.u.i.k.p.i.AbstractProblemLoader Environment load took 74.3ns 
34352      INFO  main            d.u.i.k.p.i.AbstractProblemLoader Creating init config 
37466      DEBUG main            d.u.i.k.p.i.AbstractProblemLoader Init config took 3.11s 
37523      INFO  main            d.u.i.k.p.i.AbstractProblemLoader Replaying proof simple_evoting.SMT[simple_evoting.SMT::send(simple_evoting.Message,int,simple_evoting.Server)].JML normal_behavior operation contract.1 
37526      DEBUG main            d.u.i.k.p.i.IntermediateProofReplayer Proof replay took 14.6ns 
48463      INFO  main            d.u.i.k.p.r.p.TestFile    ... finished proof: closed. 
48695      INFO  main            d.u.i.k.p.r.p.TestFile    Now processing file /home/runner/work/key/key/key.core/../key.ui/examples/InformationFlow/SimpleEvoting/simple_evoting.SMT(simple_evoting.SMT__send(simple_evoting.Message,int,simple_evoting.Server)).JML normal_behavior operation contract.0.key 
48696      INFO  main            d.u.i.k.p.i.AbstractProblemLoader Loading environment from /home/runner/work/key/key/key.core/../key.ui/examples/InformationFlow/SimpleEvoting/simple_evoting.SMT(simple_evoting.SMT__send(simple_evoting.Message,int,simple_evoting.Server)).JML normal_behavior operation contract.0.key 
48696      DEBUG main            d.u.i.k.p.i.AbstractProblemLoader Environment load took 115.2ns 
48697      INFO  main            d.u.i.k.p.i.AbstractProblemLoader Creating init config 
51810      DEBUG main            d.u.i.k.p.i.AbstractProblemLoader Init config took 3.11s 
51866      INFO  main            d.u.i.k.p.i.AbstractProblemLoader Replaying proof simple_evoting.SMT[simple_evoting.SMT::send(simple_evoting.Message,int,simple_evoting.Server)].JML normal_behavior operation contract.0 
51869      DEBUG main            d.u.i.k.p.i.IntermediateProofReplayer Proof replay took 15.1ns 
60320      INFO  main            d.u.i.k.p.r.p.TestFile    ... finished proof: closed. 
60535      INFO  main            d.u.i.k.p.r.p.TestFile    Now processing file /home/runner/work/key/key/key.core/../key.ui/examples/InformationFlow/SimpleEvoting/simple_evoting.Message(java.lang.Object___inv_()).JML accessible clause.0.key 
60535      INFO  main            d.u.i.k.p.i.AbstractProblemLoader Loading environment from /home/runner/work/key/key/key.core/../key.ui/examples/InformationFlow/SimpleEvoting/simple_evoting.Message(java.lang.Object___inv_()).JML accessible clause.0.key 
60536      DEBUG main            d.u.i.k.p.i.AbstractProblemLoader Environment load took 70.7ns 
60536      INFO  main            d.u.i.k.p.i.AbstractProblemLoader Creating init config 
63592      DEBUG main            d.u.i.k.p.i.AbstractProblemLoader Init config took 3.06s 
63644      INFO  main            d.u.i.k.p.i.AbstractProblemLoader Replaying proof simple_evoting.Message[java.lang.Object::<inv>()].JML accessible clause.0 
63646      DEBUG main            d.u.i.k.p.i.IntermediateProofReplayer Proof replay took 13.4ns 
63849      INFO  main            d.u.i.k.p.r.p.TestFile    ... finished proof: closed. 
64035      INFO  main            d.u.i.k.p.r.p.TestFile    Now processing file /home/runner/work/key/key/key.core/../key.ui/examples/InformationFlow/SimpleEvoting/simple_evoting.Server(simple_evoting.Server__resultReady()).JML accessible clause.0.key 
64035      INFO  main            d.u.i.k.p.i.AbstractProblemLoader Loading environment from /home/runner/work/key/key/key.core/../key.ui/examples/InformationFlow/SimpleEvoting/simple_evoting.Server(simple_evoting.Server__resultReady()).JML accessible clause.0.key 
64035      DEBUG main            d.u.i.k.p.i.AbstractProblemLoader Environment load took 111.5ns 
64036      INFO  main            d.u.i.k.p.i.AbstractProblemLoader Creating init config 
67113      DEBUG main            d.u.i.k.p.i.AbstractProblemLoader Init config took 3.08s 
67165      INFO  main            d.u.i.k.p.i.AbstractProblemLoader Replaying proof simple_evoting.Server[simple_evoting.Server::resultReady()].JML accessible clause.0 
67168      DEBUG main            d.u.i.k.p.i.IntermediateProofReplayer Proof replay took 13.7ns 
68574      INFO  main            d.u.i.k.p.r.p.TestFile    ... finished proof: closed. 
68762      INFO  main            d.u.i.k.p.r.p.TestFile    Now processing file /home/runner/work/key/key/key.core/../key.ui/examples/InformationFlow/SimpleEvoting/simple_evoting.Server(simple_evoting.Server__resultReady()).JML normal_behavior operation contract.0.key 
68766      INFO  main            d.u.i.k.p.i.AbstractProblemLoader Loading environment from /home/runner/work/key/key/key.core/../key.ui/examples/InformationFlow/SimpleEvoting/simple_evoting.Server(simple_evoting.Server__resultReady()).JML normal_behavior operation contract.0.key 
68766      DEBUG main            d.u.i.k.p.i.AbstractProblemLoader Environment load took 138.6ns 
68767      INFO  main            d.u.i.k.p.i.AbstractProblemLoader Creating init config 
71819      DEBUG main            d.u.i.k.p.i.AbstractProblemLoader Init config took 3.05s 
71886      INFO  main            d.u.i.k.p.i.AbstractProblemLoader Replaying proof simple_evoting.Server[simple_evoting.Server::resultReady()].JML normal_behavior operation contract.0 
71889      DEBUG main            d.u.i.k.p.i.IntermediateProofReplayer Proof replay took 13.6ns 
72494      INFO  main            d.u.i.k.p.r.p.TestFile    ... finished proof: closed. 
72713      INFO  main            d.u.i.k.p.r.p.TestFile    Now processing file /home/runner/work/key/key/key.core/../key.ui/examples/InformationFlow/SimpleEvoting/simple_evoting.Server(simple_evoting.Server__onSendResult()).JML normal_behavior operation contract.0.key 
72714      INFO  main            d.u.i.k.p.i.AbstractProblemLoader Loading environment from /home/runner/work/key/key/key.core/../key.ui/examples/InformationFlow/SimpleEvoting/simple_evoting.Server(simple_evoting.Server__onSendResult()).JML normal_behavior operation contract.0.key 
72714      DEBUG main            d.u.i.k.p.i.AbstractProblemLoader Environment load took 77ns 
72715      INFO  main            d.u.i.k.p.i.AbstractProblemLoader Creating init config 
75801      DEBUG main            d.u.i.k.p.i.AbstractProblemLoader Init config took 3.09s 
75858      INFO  main            d.u.i.k.p.i.AbstractProblemLoader Replaying proof simple_evoting.Server[simple_evoting.Server::onSendResult()].JML normal_behavior operation contract.0 
75864      DEBUG main            d.u.i.k.p.i.IntermediateProofReplayer Proof replay took 13ns 
76067      INFO  main            d.u.i.k.p.r.p.TestFile    ... finished proof: closed. 
76256      INFO  main            d.u.i.k.p.r.p.TestFile    Now processing file /home/runner/work/key/key/key.core/../key.ui/examples/InformationFlow/SimpleEvoting/simple_evoting.Server(simple_evoting.Server__onCollectBallot(simple_evoting.Message)).JML normal_behavior operation contract.1.key 
76256      INFO  main            d.u.i.k.p.i.AbstractProblemLoader Loading environment from /home/runner/work/key/key/key.core/../key.ui/examples/InformationFlow/SimpleEvoting/simple_evoting.Server(simple_evoting.Server__onCollectBallot(simple_evoting.Message)).JML normal_behavior operation contract.1.key 
76256      DEBUG main            d.u.i.k.p.i.AbstractProblemLoader Environment load took 126.5ns 
76257      INFO  main            d.u.i.k.p.i.AbstractProblemLoader Creating init config 
79326      DEBUG main            d.u.i.k.p.i.AbstractProblemLoader Init config took 3.07s 
79398      INFO  main            d.u.i.k.p.i.AbstractProblemLoader Replaying proof simple_evoting.Server[simple_evoting.Server::onCollectBallot(simple_evoting.Message)].JML normal_behavior operation contract.1 
79403      DEBUG main            d.u.i.k.p.i.IntermediateProofReplayer Proof replay took 16.5ns 
79605      INFO  main            d.u.i.k.p.r.p.TestFile    ... finished proof: closed. 
79823      INFO  main            d.u.i.k.p.r.p.TestFile    Now processing file /home/runner/work/key/key/key.core/../key.ui/examples/InformationFlow/SimpleEvoting/simple_evoting.Server(simple_evoting.Server__onCollectBallot(simple_evoting.Message)).JML normal_behavior operation contract.0.key 
79823      INFO  main            d.u.i.k.p.i.AbstractProblemLoader Loading environment from /home/runner/work/key/key/key.core/../key.ui/examples/InformationFlow/SimpleEvoting/simple_evoting.Server(simple_evoting.Server__onCollectBallot(simple_evoting.Message)).JML normal_behavior operation contract.0.key 
79823      DEBUG main            d.u.i.k.p.i.AbstractProblemLoader Environment load took 81.6ns 
79824      INFO  main            d.u.i.k.p.i.AbstractProblemLoader Creating init config 
82867      DEBUG main            d.u.i.k.p.i.AbstractProblemLoader Init config took 3.04s 
82918      INFO  main            d.u.i.k.p.i.AbstractProblemLoader Replaying proof simple_evoting.Server[simple_evoting.Server::onCollectBallot(simple_evoting.Message)].JML normal_behavior operation contract.0 
82920      DEBUG main            d.u.i.k.p.i.IntermediateProofReplayer Proof replay took 15.2ns 
83524      INFO  main            d.u.i.k.p.r.p.TestFile    ... finished proof: closed. 
83721      INFO  main            d.u.i.k.p.r.p.TestFile    Now processing file /home/runner/work/key/key/key.core/../key.ui/examples/InformationFlow/SimpleEvoting/simple_evoting.Server(java.lang.Object___inv_()).JML accessible clause.0.key 
83722      INFO  main            d.u.i.k.p.i.AbstractProblemLoader Loading environment from /home/runner/work/key/key/key.core/../key.ui/examples/InformationFlow/SimpleEvoting/simple_evoting.Server(java.lang.Object___inv_()).JML accessible clause.0.key 
83722      DEBUG main            d.u.i.k.p.i.AbstractProblemLoader Environment load took 586.5ns 
83723      INFO  main            d.u.i.k.p.i.AbstractProblemLoader Creating init config 
86756      DEBUG main            d.u.i.k.p.i.AbstractProblemLoader Init config took 3.03s 
86805      INFO  main            d.u.i.k.p.i.AbstractProblemLoader Replaying proof simple_evoting.Server[java.lang.Object::<inv>()].JML accessible clause.0 
86810      DEBUG main            d.u.i.k.p.i.IntermediateProofReplayer Proof replay took 14.1ns 
87012      INFO  main            d.u.i.k.p.r.p.TestFile    ... finished proof: closed. 
87196      INFO  main            d.u.i.k.p.r.p.TestFile    Now processing file /home/runner/work/key/key/key.core/../key.ui/examples/InformationFlow/SimpleEvoting/simple_evoting.SMTEnv(simple_evoting.SMTEnv__send(int,int,int,simple_evoting.Server,int)).JML normal_behavior operation contract.0.key 
87196      INFO  main            d.u.i.k.p.i.AbstractProblemLoader Loading environment from /home/runner/work/key/key/key.core/../key.ui/examples/InformationFlow/SimpleEvoting/simple_evoting.SMTEnv(simple_evoting.SMTEnv__send(int,int,int,simple_evoting.Server,int)).JML normal_behavior operation contract.0.key 
87196      DEBUG main            d.u.i.k.p.i.AbstractProblemLoader Environment load took 74.1ns 
87197      INFO  main            d.u.i.k.p.i.AbstractProblemLoader Creating init config 
90243      DEBUG main            d.u.i.k.p.i.AbstractProblemLoader Init config took 3.05s 
90303      INFO  main            d.u.i.k.p.i.AbstractProblemLoader Replaying proof simple_evoting.SMTEnv[simple_evoting.SMTEnv::send(int,int,int,simple_evoting.Server,int)].JML normal_behavior operation contract.0 
90305      DEBUG main            d.u.i.k.p.i.IntermediateProofReplayer Proof replay took 14.7ns 
90609      INFO  main            d.u.i.k.p.r.p.TestFile    ... finished proof: closed. 
90806      INFO  main            d.u.i.k.p.r.p.TestFile    Now processing file /home/runner/work/key/key/key.core/../key.ui/examples/InformationFlow/SimpleEvoting/simple_evoting.NetworkClient(simple_evoting.NetworkClient__send((B,simple_evoting.Server,int)).JML normal_behavior operation contract.0.key 
90807      INFO  main            d.u.i.k.p.i.AbstractProblemLoader Loading environment from /home/runner/work/key/key/key.core/../key.ui/examples/InformationFlow/SimpleEvoting/simple_evoting.NetworkClient(simple_evoting.NetworkClient__send((B,simple_evoting.Server,int)).JML normal_behavior operation contract.0.key 
90807      DEBUG main            d.u.i.k.p.i.AbstractProblemLoader Environment load took 119.5ns 
90808      INFO  main            d.u.i.k.p.i.AbstractProblemLoader Creating init config 
93914      DEBUG main            d.u.i.k.p.i.AbstractProblemLoader Init config took 3.11s 
93962      INFO  main            d.u.i.k.p.i.AbstractProblemLoader Replaying proof simple_evoting.NetworkClient[simple_evoting.NetworkClient::send([B,simple_evoting.Server,int)].JML normal_behavior operation contract.0 
93964      DEBUG main            d.u.i.k.p.i.IntermediateProofReplayer Proof replay took 14.3ns 
94068      INFO  main            d.u.i.k.p.r.p.TestFile    ... finished proof: closed. 
94261      INFO  main            d.u.i.k.p.r.p.TestFile    Now processing file /home/runner/work/key/key/key.core/../key.ui/examples/InformationFlow/SimpleEvoting/simple_evoting.Setup(simple_evoting.Setup__publishResult()).JML normal_behavior operation contract.0.key 
94261      INFO  main            d.u.i.k.p.i.AbstractProblemLoader Loading environment from /home/runner/work/key/key/key.core/../key.ui/examples/InformationFlow/SimpleEvoting/simple_evoting.Setup(simple_evoting.Setup__publishResult()).JML normal_behavior operation contract.0.key 
94261      DEBUG main            d.u.i.k.p.i.AbstractProblemLoader Environment load took 65.1ns 
94262      INFO  main            d.u.i.k.p.i.AbstractProblemLoader Creating init config 
97287      DEBUG main            d.u.i.k.p.i.AbstractProblemLoader Init config took 3.02s 
97338      INFO  main            d.u.i.k.p.i.AbstractProblemLoader Replaying proof simple_evoting.Setup[simple_evoting.Setup::publishResult()].JML normal_behavior operation contract.0 
97341      DEBUG main            d.u.i.k.p.i.IntermediateProofReplayer Proof replay took 15.1ns 
97945      INFO  main            d.u.i.k.p.r.p.TestFile    ... finished proof: closed. 
98141      INFO  main            d.u.i.k.p.r.p.TestFile    Now processing file /home/runner/work/key/key/key.core/../key.ui/examples/InformationFlow/SimpleEvoting/simple_evoting.Setup(simple_evoting.Setup__main()).JML normal_behavior operation contract.0.key 
98142      INFO  main            d.u.i.k.p.i.AbstractProblemLoader Loading environment from /home/runner/work/key/key/key.core/../key.ui/examples/InformationFlow/SimpleEvoting/simple_evoting.Setup(simple_evoting.Setup__main()).JML normal_behavior operation contract.0.key 
98142      DEBUG main            d.u.i.k.p.i.AbstractProblemLoader Environment load took 80.4ns 
98144      INFO  main            d.u.i.k.p.i.AbstractProblemLoader Creating init config 
101166     DEBUG main            d.u.i.k.p.i.AbstractProblemLoader Init config took 3.02s 
101218     INFO  main            d.u.i.k.p.i.AbstractProblemLoader Replaying proof simple_evoting.Setup[simple_evoting.Setup::main()].JML normal_behavior operation contract.0 
101221     DEBUG main            d.u.i.k.p.i.IntermediateProofReplayer Proof replay took 13ns 
134799     INFO  main            d.u.i.k.p.r.p.TestFile    ... finished proof: open goal(s) 
135084     INFO  main            d.u.i.k.p.r.p.TestFile    Now processing file /home/runner/work/key/key/key.core/../key.ui/examples/InformationFlow/SimpleEvoting/simple_evoting.Setup(java.lang.Object___inv_()).JML accessible clause.0.key 
135084     INFO  main            d.u.i.k.p.i.AbstractProblemLoader Loading environment from /home/runner/work/key/key/key.core/../key.ui/examples/InformationFlow/SimpleEvoting/simple_evoting.Setup(java.lang.Object___inv_()).JML accessible clause.0.key 
135084     DEBUG main            d.u.i.k.p.i.AbstractProblemLoader Environment load took 75.3ns 
135085     INFO  main            d.u.i.k.p.i.AbstractProblemLoader Creating init config 
138049     DEBUG main            d.u.i.k.p.i.AbstractProblemLoader Init config took 2.96s 
138110     INFO  main            d.u.i.k.p.i.AbstractProblemLoader Replaying proof simple_evoting.Setup[java.lang.Object::<inv>()].JML accessible clause.0 
138113     DEBUG main            d.u.i.k.p.i.IntermediateProofReplayer Proof replay took 14.7ns 
141582     INFO  main            d.u.i.k.p.r.p.TestFile    ... finished proof: closed. 
141945     INFO  main            d.u.i.k.p.r.p.TestFile    Now processing file /home/runner/work/key/key/key.core/../key.ui/examples/InformationFlow/SimpleEvoting/simple_evoting.Voter(simple_evoting.Voter__onSendBallot(simple_evoting.Server)).JML normal_behavior operation contract.1.key 
141945     INFO  main            d.u.i.k.p.i.AbstractProblemLoader Loading environment from /home/runner/work/key/key/key.core/../key.ui/examples/InformationFlow/SimpleEvoting/simple_evoting.Voter(simple_evoting.Voter__onSendBallot(simple_evoting.Server)).JML normal_behavior operation contract.1.key 
141945     DEBUG main            d.u.i.k.p.i.AbstractProblemLoader Environment load took 76.8ns 
141946     INFO  main            d.u.i.k.p.i.AbstractProblemLoader Creating init config 
144927     DEBUG main            d.u.i.k.p.i.AbstractProblemLoader Init config took 2.98s 
144975     INFO  main            d.u.i.k.p.i.AbstractProblemLoader Replaying proof simple_evoting.Voter[simple_evoting.Voter::onSendBallot(simple_evoting.Server)].JML normal_behavior operation contract.1 
144977     DEBUG main            d.u.i.k.p.i.IntermediateProofReplayer Proof replay took 15.3ns 
149217     INFO  main            d.u.i.k.p.r.p.TestFile    ... finished proof: closed. 
149488     INFO  main            d.u.i.k.p.r.p.TestFile    Now processing file /home/runner/work/key/key/key.core/../key.ui/examples/InformationFlow/SimpleEvoting/simple_evoting.Voter(simple_evoting.Voter__onSendBallot(simple_evoting.Server)).JML normal_behavior operation contract.0.key 
149489     INFO  main            d.u.i.k.p.i.AbstractProblemLoader Loading environment from /home/runner/work/key/key/key.core/../key.ui/examples/InformationFlow/SimpleEvoting/simple_evoting.Voter(simple_evoting.Voter__onSendBallot(simple_evoting.Server)).JML normal_behavior operation contract.0.key 
149489     DEBUG main            d.u.i.k.p.i.AbstractProblemLoader Environment load took 110.9ns 
149490     INFO  main            d.u.i.k.p.i.AbstractProblemLoader Creating init config 
152489     DEBUG main            d.u.i.k.p.i.AbstractProblemLoader Init config took 3s 
152547     INFO  main            d.u.i.k.p.i.AbstractProblemLoader Replaying proof simple_evoting.Voter[simple_evoting.Voter::onSendBallot(simple_evoting.Server)].JML normal_behavior operation contract.0 
152549     DEBUG main            d.u.i.k.p.i.IntermediateProofReplayer Proof replay took 13.9ns 
159769     INFO  main            d.u.i.k.p.r.p.TestFile    ... finished proof: closed. 
160025     INFO  main            d.u.i.k.p.r.p.TestFile    Now processing file /home/runner/work/key/key/key.core/../key.ui/examples/InformationFlow/SimpleEvoting/simple_evoting.Voter(java.lang.Object___inv_()).JML accessible clause.0.key 
160026     INFO  main            d.u.i.k.p.i.AbstractProblemLoader Loading environment from /home/runner/work/key/key/key.core/../key.ui/examples/InformationFlow/SimpleEvoting/simple_evoting.Voter(java.lang.Object___inv_()).JML accessible clause.0.key 
160027     DEBUG main            d.u.i.k.p.i.AbstractProblemLoader Environment load took 1.12ms 
160028     INFO  main            d.u.i.k.p.i.AbstractProblemLoader Creating init config 
163030     DEBUG main            d.u.i.k.p.i.AbstractProblemLoader Init config took 3s 
163078     INFO  main            d.u.i.k.p.i.AbstractProblemLoader Replaying proof simple_evoting.Voter[java.lang.Object::<inv>()].JML accessible clause.0 
163080     DEBUG main            d.u.i.k.p.i.IntermediateProofReplayer Proof replay took 14.4ns 
163282     INFO  main            d.u.i.k.p.r.p.TestFile    ... finished proof: closed. 
699284     INFO  Test worker     d.u.i.k.p.r.RunAllProofsTestUnit Returning from test SimpleEvoting 
699285     INFO  Test worker     d.u.i.k.p.r.RunAllProofsTestUnit Running test ToyVoting_nomacro 
320        INFO  Timeout watchdog d.u.i.k.p.r.p.ForkedTestFileRunner Timeout watcher launched (1000 secs.) 
334        WARN  main            d.u.i.k.s.ProofSettings   The settings in /home/runner/.key/proof-settings.props are *not* read. 
376        INFO  main            d.u.i.k.p.r.p.TestFile    Now processing file /home/runner/work/key/key/key.core/../key.ui/examples/InformationFlow/ToyVoting/Voter(Voter__insecure_voting()).Non-interference contract.0.key 
505        INFO  main            d.u.i.k.p.i.AbstractProblemLoader Loading environment from /home/runner/work/key/key/key.core/../key.ui/examples/InformationFlow/ToyVoting/Voter(Voter__insecure_voting()).Non-interference contract.0.key 
531        DEBUG main            d.u.i.k.p.i.AbstractProblemLoader Environment load took 2.38ms 
753        INFO  main            d.u.i.k.p.i.AbstractProblemLoader Creating init config 
1613       DEBUG main            d.u.i.k.j.TypeConverter   No LDT found for Meta 
1613       DEBUG main            d.u.i.k.j.TypeConverter   No LDT found for Meta 
1614       DEBUG main            d.u.i.k.j.TypeConverter   No LDT found for Meta 
1614       DEBUG main            d.u.i.k.j.TypeConverter   No LDT found for Meta 
3000       DEBUG main            d.u.i.k.j.TypeConverter   No LDT found for JavaBigintExpression 
7786       DEBUG main            d.u.i.k.p.i.AbstractProblemLoader Init config took 7.03s 
7947       INFO  main            d.u.i.k.p.i.AbstractProblemLoader Replaying proof Voter[Voter::insecure_voting()].Non-interference contract.0 
8047       DEBUG main            d.u.i.k.p.i.IntermediateProofReplayer Proof replay took 429.7ns 
20937      INFO  main            d.u.i.k.p.r.p.TestFile    ... finished proof: open goal(s) 
21129      INFO  main            d.u.i.k.p.r.p.TestFile    Now processing file /home/runner/work/key/key/key.core/../key.ui/examples/InformationFlow/ToyVoting/Voter(Voter__publishVoterParticipation()).Non-interference contract.0.key 
21131      INFO  main            d.u.i.k.p.i.AbstractProblemLoader Loading environment from /home/runner/work/key/key/key.core/../key.ui/examples/InformationFlow/ToyVoting/Voter(Voter__publishVoterParticipation()).Non-interference contract.0.key 
21132      DEBUG main            d.u.i.k.p.i.AbstractProblemLoader Environment load took 341.2ns 
21136      INFO  main            d.u.i.k.p.i.AbstractProblemLoader Creating init config 
23929      DEBUG main            d.u.i.k.p.i.AbstractProblemLoader Init config took 2.79s 
24024      INFO  main            d.u.i.k.p.i.AbstractProblemLoader Replaying proof Voter[Voter::publishVoterParticipation()].Non-interference contract.0 
24029      DEBUG main            d.u.i.k.p.i.IntermediateProofReplayer Proof replay took 1.43ms 
24333      INFO  main            d.u.i.k.p.r.p.TestFile    ... finished proof: closed. 
24546      INFO  main            d.u.i.k.p.r.p.TestFile    Now processing file /home/runner/work/key/key/key.core/../key.ui/examples/InformationFlow/ToyVoting/Voter(Voter__isValid(int)).Non-interference contract.0.key 
24546      INFO  main            d.u.i.k.p.i.AbstractProblemLoader Loading environment from /home/runner/work/key/key/key.core/../key.ui/examples/InformationFlow/ToyVoting/Voter(Voter__isValid(int)).Non-interference contract.0.key 
24547      DEBUG main            d.u.i.k.p.i.AbstractProblemLoader Environment load took 127.7ns 
24548      INFO  main            d.u.i.k.p.i.AbstractProblemLoader Creating init config 
27240      DEBUG main            d.u.i.k.p.i.AbstractProblemLoader Init config took 2.69s 
27295      INFO  main            d.u.i.k.p.i.AbstractProblemLoader Replaying proof Voter[Voter::isValid(int)].Non-interference contract.0 
27299      DEBUG main            d.u.i.k.p.i.IntermediateProofReplayer Proof replay took 15.7ns 
27703      INFO  main            d.u.i.k.p.r.p.TestFile    ... finished proof: closed. 
27860      INFO  main            d.u.i.k.p.r.p.TestFile    Now processing file /home/runner/work/key/key/key.core/../key.ui/examples/InformationFlow/ToyVoting/Voter(Voter__sendVote(int)).Non-interference contract.0.key 
27860      INFO  main            d.u.i.k.p.i.AbstractProblemLoader Loading environment from /home/runner/work/key/key/key.core/../key.ui/examples/InformationFlow/ToyVoting/Voter(Voter__sendVote(int)).Non-interference contract.0.key 
27860      DEBUG main            d.u.i.k.p.i.AbstractProblemLoader Environment load took 73.3ns 
27862      INFO  main            d.u.i.k.p.i.AbstractProblemLoader Creating init config 
30520      DEBUG main            d.u.i.k.p.i.AbstractProblemLoader Init config took 2.66s 
30567      INFO  main            d.u.i.k.p.i.AbstractProblemLoader Replaying proof Voter[Voter::sendVote(int)].Non-interference contract.0 
30570      DEBUG main            d.u.i.k.p.i.IntermediateProofReplayer Proof replay took 13.7ns 
30873      INFO  main            d.u.i.k.p.r.p.TestFile    ... finished proof: closed. 
30998      INFO  main            d.u.i.k.p.r.p.TestFile    Now processing file /home/runner/work/key/key/key.core/../key.ui/examples/InformationFlow/ToyVoting/Voter(Voter__inputVote()).Non-interference contract.0.key 
30999      INFO  main            d.u.i.k.p.i.AbstractProblemLoader Loading environment from /home/runner/work/key/key/key.core/../key.ui/examples/InformationFlow/ToyVoting/Voter(Voter__inputVote()).Non-interference contract.0.key 
30999      DEBUG main            d.u.i.k.p.i.AbstractProblemLoader Environment load took 127.7ns 
31000      INFO  main            d.u.i.k.p.i.AbstractProblemLoader Creating init config 
33560      DEBUG main            d.u.i.k.p.i.AbstractProblemLoader Init config took 2.56s 
33604      INFO  main            d.u.i.k.p.i.AbstractProblemLoader Replaying proof Voter[Voter::inputVote()].Non-interference contract.0 
33607      DEBUG main            d.u.i.k.p.i.IntermediateProofReplayer Proof replay took 15.3ns 
33812      INFO  main            d.u.i.k.p.r.p.TestFile    ... finished proof: closed. 
733405     INFO  Test worker     d.u.i.k.p.r.RunAllProofsTestUnit Returning from test ToyVoting_nomacro 
733406     INFO  Test worker     d.u.i.k.p.r.RunAllProofsTestUnit Running test ConditionalConfidential_nomacro 
733407     INFO  Test worker     d.u.i.k.p.r.RunAllProofsTestUnit Returning from test ConditionalConfidential_nomacro 
733408     INFO  Test worker     d.u.i.k.p.r.RunAllProofsTestUnit Running test SumExample_nomacro 
338        INFO  Timeout watchdog d.u.i.k.p.r.p.ForkedTestFileRunner Timeout watcher launched (1000 secs.) 
351        WARN  main            d.u.i.k.s.ProofSettings   The settings in /home/runner/.key/proof-settings.props are *not* read. 
389        INFO  main            d.u.i.k.p.r.p.TestFile    Now processing file /home/runner/work/key/key/key.core/../key.ui/examples/InformationFlow/Sum/SumExample(SumExample__getSum()).Non-interference contract.0.key 
563        INFO  main            d.u.i.k.p.i.AbstractProblemLoader Loading environment from /home/runner/work/key/key/key.core/../key.ui/examples/InformationFlow/Sum/SumExample(SumExample__getSum()).Non-interference contract.0.key 
582        DEBUG main            d.u.i.k.p.i.AbstractProblemLoader Environment load took 2.6ms 
829        INFO  main            d.u.i.k.p.i.AbstractProblemLoader Creating init config 
1742       DEBUG main            d.u.i.k.j.TypeConverter   No LDT found for Meta 
1743       DEBUG main            d.u.i.k.j.TypeConverter   No LDT found for Meta 
1744       DEBUG main            d.u.i.k.j.TypeConverter   No LDT found for Meta 
1745       DEBUG main            d.u.i.k.j.TypeConverter   No LDT found for Meta 
3093       DEBUG main            d.u.i.k.j.TypeConverter   No LDT found for JavaBigintExpression 
8285       DEBUG main            d.u.i.k.p.i.AbstractProblemLoader Init config took 7.46s 
8477       INFO  main            d.u.i.k.p.i.AbstractProblemLoader Replaying proof SumExample[SumExample::getSum()].Non-interference contract.0 
8557       DEBUG main            d.u.i.k.p.i.IntermediateProofReplayer Proof replay took 405.8ns 
11626      INFO  main            d.u.i.k.p.r.p.TestFile    ... finished proof: closed. 
745452     INFO  Test worker     d.u.i.k.p.r.RunAllProofsTestUnit Returning from test SumExample_nomacro 
745453     INFO  Test worker     d.u.i.k.p.r.RunAllProofsTestUnit Running test ToyBanking_nomacro 
343        INFO  Timeout watchdog d.u.i.k.p.r.p.ForkedTestFileRunner Timeout watcher launched (1000 secs.) 
365        WARN  main            d.u.i.k.s.ProofSettings   The settings in /home/runner/.key/proof-settings.props are *not* read. 
387        INFO  main            d.u.i.k.p.r.p.TestFile    Now processing file /home/runner/work/key/key/key.core/../key.ui/examples/InformationFlow/ToyBanking/banking_example.UserAccount(banking_example.UserAccount__getBankAccount(int)).Non-interference contract.0.key 
496        INFO  main            d.u.i.k.p.i.AbstractProblemLoader Loading environment from /home/runner/work/key/key/key.core/../key.ui/examples/InformationFlow/ToyBanking/banking_example.UserAccount(banking_example.UserAccount__getBankAccount(int)).Non-interference contract.0.key 
519        DEBUG main            d.u.i.k.p.i.AbstractProblemLoader Environment load took 1.94ms 
744        INFO  main            d.u.i.k.p.i.AbstractProblemLoader Creating init config 
1591       DEBUG main            d.u.i.k.j.TypeConverter   No LDT found for Meta 
1594       DEBUG main            d.u.i.k.j.TypeConverter   No LDT found for Meta 
1597       DEBUG main            d.u.i.k.j.TypeConverter   No LDT found for Meta 
1601       DEBUG main            d.u.i.k.j.TypeConverter   No LDT found for Meta 
2838       DEBUG main            d.u.i.k.j.TypeConverter   No LDT found for JavaBigintExpression 
8521       DEBUG main            d.u.i.k.p.i.AbstractProblemLoader Init config took 7.78s 
8678       INFO  main            d.u.i.k.p.i.AbstractProblemLoader Replaying proof banking_example.UserAccount[banking_example.UserAccount::getBankAccount(int)].Non-interference contract.0 
8764       DEBUG main            d.u.i.k.p.i.IntermediateProofReplayer Proof replay took 411.1ns 
12125      INFO  main            d.u.i.k.p.r.p.TestFile    ... finished proof: closed. 
12321      INFO  main            d.u.i.k.p.r.p.TestFile    Now processing file /home/runner/work/key/key/key.core/../key.ui/examples/InformationFlow/ToyBanking/banking_example.BankAccount(banking_example.BankAccount__depositMoney(int)).Non-interference contract.0.key 
12321      INFO  main            d.u.i.k.p.i.AbstractProblemLoader Loading environment from /home/runner/work/key/key/key.core/../key.ui/examples/InformationFlow/ToyBanking/banking_example.BankAccount(banking_example.BankAccount__depositMoney(int)).Non-interference contract.0.key 
12322      DEBUG main            d.u.i.k.p.i.AbstractProblemLoader Environment load took 100.5ns 
12323      INFO  main            d.u.i.k.p.i.AbstractProblemLoader Creating init config 
15484      DEBUG main            d.u.i.k.p.i.AbstractProblemLoader Init config took 3.16s 
15557      INFO  main            d.u.i.k.p.i.AbstractProblemLoader Replaying proof banking_example.BankAccount[banking_example.BankAccount::depositMoney(int)].Non-interference contract.0 
15561      DEBUG main            d.u.i.k.p.i.IntermediateProofReplayer Proof replay took 14.8ns 
16667      INFO  main            d.u.i.k.p.r.p.TestFile    ... finished proof: closed. 
16820      INFO  main            d.u.i.k.p.r.p.TestFile    Now processing file /home/runner/work/key/key/key.core/../key.ui/examples/InformationFlow/ToyBanking/banking_example.BankAccount(banking_example.BankAccount__getBalance()).Non-interference contract.0.key 
16821      INFO  main            d.u.i.k.p.i.AbstractProblemLoader Loading environment from /home/runner/work/key/key/key.core/../key.ui/examples/InformationFlow/ToyBanking/banking_example.BankAccount(banking_example.BankAccount__getBalance()).Non-interference contract.0.key 
16821      DEBUG main            d.u.i.k.p.i.AbstractProblemLoader Environment load took 129.1ns 
16822      INFO  main            d.u.i.k.p.i.AbstractProblemLoader Creating init config 
19862      DEBUG main            d.u.i.k.p.i.AbstractProblemLoader Init config took 3.04s 
19932      INFO  main            d.u.i.k.p.i.AbstractProblemLoader Replaying proof banking_example.BankAccount[banking_example.BankAccount::getBalance()].Non-interference contract.0 
19941      DEBUG main            d.u.i.k.p.i.IntermediateProofReplayer Proof replay took 15.3ns 
20244      INFO  main            d.u.i.k.p.r.p.TestFile    ... finished proof: closed. 
20384      INFO  main            d.u.i.k.p.r.p.TestFile    Now processing file /home/runner/work/key/key/key.core/../key.ui/examples/InformationFlow/ToyBanking/banking_example.BankAccount(banking_example.BankAccount__getId()).Non-interference contract.0.key 
20387      INFO  main            d.u.i.k.p.i.AbstractProblemLoader Loading environment from /home/runner/work/key/key/key.core/../key.ui/examples/InformationFlow/ToyBanking/banking_example.BankAccount(banking_example.BankAccount__getId()).Non-interference contract.0.key 
20387      DEBUG main            d.u.i.k.p.i.AbstractProblemLoader Environment load took 88.2ns 
20388      INFO  main            d.u.i.k.p.i.AbstractProblemLoader Creating init config 
23281      DEBUG main            d.u.i.k.p.i.AbstractProblemLoader Init config took 2.89s 
23343      INFO  main            d.u.i.k.p.i.AbstractProblemLoader Replaying proof banking_example.BankAccount[banking_example.BankAccount::getId()].Non-interference contract.0 
23346      DEBUG main            d.u.i.k.p.i.IntermediateProofReplayer Proof replay took 14.2ns 
23650      INFO  main            d.u.i.k.p.r.p.TestFile    ... finished proof: closed. 
23795      INFO  main            d.u.i.k.p.r.p.TestFile    Now processing file /home/runner/work/key/key/key.core/../key.ui/examples/InformationFlow/ToyBanking/banking_example.Bank(banking_example.Bank__login(int,(C)).Non-interference contract.0.key 
23796      INFO  main            d.u.i.k.p.i.AbstractProblemLoader Loading environment from /home/runner/work/key/key/key.core/../key.ui/examples/InformationFlow/ToyBanking/banking_example.Bank(banking_example.Bank__login(int,(C)).Non-interference contract.0.key 
23796      DEBUG main            d.u.i.k.p.i.AbstractProblemLoader Environment load took 143.3ns 
23797      INFO  main            d.u.i.k.p.i.AbstractProblemLoader Creating init config 
26726      DEBUG main            d.u.i.k.p.i.AbstractProblemLoader Init config took 2.93s 
26799      INFO  main            d.u.i.k.p.i.AbstractProblemLoader Replaying proof banking_example.Bank[banking_example.Bank::login(int,[C)].Non-interference contract.0 
26802      DEBUG main            d.u.i.k.p.i.IntermediateProofReplayer Proof replay took 13.7ns 
57774      INFO  main            d.u.i.k.p.r.p.TestFile    ... finished proof: open goal(s) 
58041      INFO  main            d.u.i.k.p.r.p.TestFile    Now processing file /home/runner/work/key/key/key.core/../key.ui/examples/InformationFlow/ToyBanking/banking_example2.UserAccount(banking_example2.UserAccount__getBankAccount(int)).Non-interference contract.0.key 
58042      INFO  main            d.u.i.k.p.i.AbstractProblemLoader Loading environment from /home/runner/work/key/key/key.core/../key.ui/examples/InformationFlow/ToyBanking/banking_example2.UserAccount(banking_example2.UserAccount__getBankAccount(int)).Non-interference contract.0.key 
58043      DEBUG main            d.u.i.k.p.i.AbstractProblemLoader Environment load took 1.08ms 
58045      INFO  main            d.u.i.k.p.i.AbstractProblemLoader Creating init config 
60853      DEBUG main            d.u.i.k.p.i.AbstractProblemLoader Init config took 2.81s 
60954      INFO  main            d.u.i.k.p.i.AbstractProblemLoader Replaying proof banking_example2.UserAccount[banking_example2.UserAccount::getBankAccount(int)].Non-interference contract.0 
60958      DEBUG main            d.u.i.k.p.i.IntermediateProofReplayer Proof replay took 15.2ns 
62566      INFO  main            d.u.i.k.p.r.p.TestFile    ... finished proof: closed. 
62862      INFO  main            d.u.i.k.p.r.p.TestFile    Now processing file /home/runner/work/key/key/key.core/../key.ui/examples/InformationFlow/ToyBanking/banking_example2.BankAccount(banking_example2.BankAccount__depositMoney(int)).Non-interference contract.0.key 
62863      INFO  main            d.u.i.k.p.i.AbstractProblemLoader Loading environment from /home/runner/work/key/key/key.core/../key.ui/examples/InformationFlow/ToyBanking/banking_example2.BankAccount(banking_example2.BankAccount__depositMoney(int)).Non-interference contract.0.key 
62863      DEBUG main            d.u.i.k.p.i.AbstractProblemLoader Environment load took 133.7ns 
62864      INFO  main            d.u.i.k.p.i.AbstractProblemLoader Creating init config 
65612      DEBUG main            d.u.i.k.p.i.AbstractProblemLoader Init config took 2.75s 
65676      INFO  main            d.u.i.k.p.i.AbstractProblemLoader Replaying proof banking_example2.BankAccount[banking_example2.BankAccount::depositMoney(int)].Non-interference contract.0 
65679      DEBUG main            d.u.i.k.p.i.IntermediateProofReplayer Proof replay took 14ns 
66485      INFO  main            d.u.i.k.p.r.p.TestFile    ... finished proof: closed. 
66662      INFO  main            d.u.i.k.p.r.p.TestFile    Now processing file /home/runner/work/key/key/key.core/../key.ui/examples/InformationFlow/ToyBanking/banking_example2.BankAccount(banking_example2.BankAccount__getBalance()).Non-interference contract.0.key 
66663      INFO  main            d.u.i.k.p.i.AbstractProblemLoader Loading environment from /home/runner/work/key/key/key.core/../key.ui/examples/InformationFlow/ToyBanking/banking_example2.BankAccount(banking_example2.BankAccount__getBalance()).Non-interference contract.0.key 
66663      DEBUG main            d.u.i.k.p.i.AbstractProblemLoader Environment load took 91.8ns 
66664      INFO  main            d.u.i.k.p.i.AbstractProblemLoader Creating init config 
69479      DEBUG main            d.u.i.k.p.i.AbstractProblemLoader Init config took 2.81s 
69532      INFO  main            d.u.i.k.p.i.AbstractProblemLoader Replaying proof banking_example2.BankAccount[banking_example2.BankAccount::getBalance()].Non-interference contract.0 
69535      DEBUG main            d.u.i.k.p.i.IntermediateProofReplayer Proof replay took 15.7ns 
69839      INFO  main            d.u.i.k.p.r.p.TestFile    ... finished proof: closed. 
69993      INFO  main            d.u.i.k.p.r.p.TestFile    Now processing file /home/runner/work/key/key/key.core/../key.ui/examples/InformationFlow/ToyBanking/banking_example2.BankAccount(banking_example2.BankAccount__getId()).Non-interference contract.0.key 
69994      INFO  main            d.u.i.k.p.i.AbstractProblemLoader Loading environment from /home/runner/work/key/key/key.core/../key.ui/examples/InformationFlow/ToyBanking/banking_example2.BankAccount(banking_example2.BankAccount__getId()).Non-interference contract.0.key 
69994      DEBUG main            d.u.i.k.p.i.AbstractProblemLoader Environment load took 110.5ns 
69995      INFO  main            d.u.i.k.p.i.AbstractProblemLoader Creating init config 
72796      DEBUG main            d.u.i.k.p.i.AbstractProblemLoader Init config took 2.8s 
72847      INFO  main            d.u.i.k.p.i.AbstractProblemLoader Replaying proof banking_example2.BankAccount[banking_example2.BankAccount::getId()].Non-interference contract.0 
72850      DEBUG main            d.u.i.k.p.i.IntermediateProofReplayer Proof replay took 15.6ns 
73153      INFO  main            d.u.i.k.p.r.p.TestFile    ... finished proof: closed. 
818946     INFO  Test worker     d.u.i.k.p.r.RunAllProofsTestUnit Returning from test ToyBanking_nomacro 
818947     INFO  Test worker     d.u.i.k.p.r.RunAllProofsTestUnit Running test BlockContracts_nomacro 
353        INFO  Timeout watchdog d.u.i.k.p.r.p.ForkedTestFileRunner Timeout watcher launched (1000 secs.) 
374        WARN  main            d.u.i.k.s.ProofSettings   The settings in /home/runner/.key/proof-settings.props are *not* read. 
397        INFO  main            d.u.i.k.p.r.p.TestFile    Now processing file /home/runner/work/key/key/key.core/../key.ui/examples/InformationFlow/BlockContracts/contract.IFBlockExamples(contract.IFBlockExamples__secure_5()).Non-interference contract.0.key 
511        INFO  main            d.u.i.k.p.i.AbstractProblemLoader Loading environment from /home/runner/work/key/key/key.core/../key.ui/examples/InformationFlow/BlockContracts/contract.IFBlockExamples(contract.IFBlockExamples__secure_5()).Non-interference contract.0.key 
535        DEBUG main            d.u.i.k.p.i.AbstractProblemLoader Environment load took 2.5ms 
777        INFO  main            d.u.i.k.p.i.AbstractProblemLoader Creating init config 
1864       DEBUG main            d.u.i.k.j.TypeConverter   No LDT found for Meta 
1864       DEBUG main            d.u.i.k.j.TypeConverter   No LDT found for Meta 
1865       DEBUG main            d.u.i.k.j.TypeConverter   No LDT found for Meta 
1865       DEBUG main            d.u.i.k.j.TypeConverter   No LDT found for Meta 
3403       DEBUG main            d.u.i.k.j.TypeConverter   No LDT found for JavaBigintExpression 
9290       DEBUG main            d.u.i.k.p.i.AbstractProblemLoader Init config took 8.51s 
9430       INFO  main            d.u.i.k.p.i.AbstractProblemLoader Replaying proof contract.IFBlockExamples[contract.IFBlockExamples::secure_5()].Non-interference contract.0 
9545       DEBUG main            d.u.i.k.p.i.IntermediateProofReplayer Proof replay took 370.5ns 
11195      INFO  main            d.u.i.k.p.r.p.TestFile    ... finished proof: closed. 
11341      INFO  main            d.u.i.k.p.r.p.TestFile    Now processing file /home/runner/work/key/key/key.core/../key.ui/examples/InformationFlow/BlockContracts/contract.IFBlockExamples(contract.IFBlockExamples__block_no_return_secure(int)).Non-interference contract.0.key 
11342      INFO  main            d.u.i.k.p.i.AbstractProblemLoader Loading environment from /home/runner/work/key/key/key.core/../key.ui/examples/InformationFlow/BlockContracts/contract.IFBlockExamples(contract.IFBlockExamples__block_no_return_secure(int)).Non-interference contract.0.key 
11342      DEBUG main            d.u.i.k.p.i.AbstractProblemLoader Environment load took 339.1ns 
11344      INFO  main            d.u.i.k.p.i.AbstractProblemLoader Creating init config 
14379      DEBUG main            d.u.i.k.p.i.AbstractProblemLoader Init config took 3.03s 
14460      INFO  main            d.u.i.k.p.i.AbstractProblemLoader Replaying proof contract.IFBlockExamples[contract.IFBlockExamples::block_no_return_secure(int)].Non-interference contract.0 
14464      DEBUG main            d.u.i.k.p.i.IntermediateProofReplayer Proof replay took 15.1ns 
15180      INFO  main            d.u.i.k.p.r.p.TestFile    ... finished proof: closed. 
15329      INFO  main            d.u.i.k.p.r.p.TestFile    Now processing file /home/runner/work/key/key/key.core/../key.ui/examples/InformationFlow/BlockContracts/contract.IFBlockExamples(contract.IFBlockExamples__while_block_insecure(int)).Non-interference contract.0.key 
15329      INFO  main            d.u.i.k.p.i.AbstractProblemLoader Loading environment from /home/runner/work/key/key/key.core/../key.ui/examples/InformationFlow/BlockContracts/contract.IFBlockExamples(contract.IFBlockExamples__while_block_insecure(int)).Non-interference contract.0.key 
15330      DEBUG main            d.u.i.k.p.i.AbstractProblemLoader Environment load took 523.1ns 
15331      INFO  main            d.u.i.k.p.i.AbstractProblemLoader Creating init config 
18334      DEBUG main            d.u.i.k.p.i.AbstractProblemLoader Init config took 3s 
18396      INFO  main            d.u.i.k.p.i.AbstractProblemLoader Replaying proof contract.IFBlockExamples[contract.IFBlockExamples::while_block_insecure(int)].Non-interference contract.0 
18400      DEBUG main            d.u.i.k.p.i.IntermediateProofReplayer Proof replay took 14.6ns 
20026      INFO  main            d.u.i.k.p.r.p.TestFile    ... finished proof: open goal(s) 
20194      INFO  main            d.u.i.k.p.r.p.TestFile    Now processing file /home/runner/work/key/key/key.core/../key.ui/examples/InformationFlow/BlockContracts/contract.IFBlockExamples(contract.IFBlockExamples__while_block_secure(int)).Non-interference contract.0.key 
20195      INFO  main            d.u.i.k.p.i.AbstractProblemLoader Loading environment from /home/runner/work/key/key/key.core/../key.ui/examples/InformationFlow/BlockContracts/contract.IFBlockExamples(contract.IFBlockExamples__while_block_secure(int)).Non-interference contract.0.key 
20195      DEBUG main            d.u.i.k.p.i.AbstractProblemLoader Environment load took 86.1ns 
20196      INFO  main            d.u.i.k.p.i.AbstractProblemLoader Creating init config 
23173      DEBUG main            d.u.i.k.p.i.AbstractProblemLoader Init config took 2.98s 
23226      INFO  main            d.u.i.k.p.i.AbstractProblemLoader Replaying proof contract.IFBlockExamples[contract.IFBlockExamples::while_block_secure(int)].Non-interference contract.0 
23229      DEBUG main            d.u.i.k.p.i.IntermediateProofReplayer Proof replay took 14.2ns 
24536      INFO  main            d.u.i.k.p.r.p.TestFile    ... finished proof: closed. 
24747      INFO  main            d.u.i.k.p.r.p.TestFile    Now processing file /home/runner/work/key/key/key.core/../key.ui/examples/InformationFlow/BlockContracts/contract.IFBlockExamples(contract.IFBlockExamples__block_while_secure(int)).Non-interference contract.0.key 
24747      INFO  main            d.u.i.k.p.i.AbstractProblemLoader Loading environment from /home/runner/work/key/key/key.core/../key.ui/examples/InformationFlow/BlockContracts/contract.IFBlockExamples(contract.IFBlockExamples__block_while_secure(int)).Non-interference contract.0.key 
24747      DEBUG main            d.u.i.k.p.i.AbstractProblemLoader Environment load took 72.3ns 
24750      INFO  main            d.u.i.k.p.i.AbstractProblemLoader Creating init config 
27655      DEBUG main            d.u.i.k.p.i.AbstractProblemLoader Init config took 2.91s 
27705      INFO  main            d.u.i.k.p.i.AbstractProblemLoader Replaying proof contract.IFBlockExamples[contract.IFBlockExamples::block_while_secure(int)].Non-interference contract.0 
27709      DEBUG main            d.u.i.k.p.i.IntermediateProofReplayer Proof replay took 14.8ns 
29219      INFO  main            d.u.i.k.p.r.p.TestFile    ... finished proof: closed. 
29418      INFO  main            d.u.i.k.p.r.p.TestFile    Now processing file /home/runner/work/key/key/key.core/../key.ui/examples/InformationFlow/BlockContracts/contract.IFBlockExamples(contract.IFBlockExamples__insecure_4(int)).Non-interference contract.0.key 
29421      INFO  main            d.u.i.k.p.i.AbstractProblemLoader Loading environment from /home/runner/work/key/key/key.core/../key.ui/examples/InformationFlow/BlockContracts/contract.IFBlockExamples(contract.IFBlockExamples__insecure_4(int)).Non-interference contract.0.key 
29421      DEBUG main            d.u.i.k.p.i.AbstractProblemLoader Environment load took 124.7ns 
29422      INFO  main            d.u.i.k.p.i.AbstractProblemLoader Creating init config 
32235      DEBUG main            d.u.i.k.p.i.AbstractProblemLoader Init config took 2.81s 
32282      INFO  main            d.u.i.k.p.i.AbstractProblemLoader Replaying proof contract.IFBlockExamples[contract.IFBlockExamples::insecure_4(int)].Non-interference contract.0 
32287      DEBUG main            d.u.i.k.p.i.IntermediateProofReplayer Proof replay took 13.9ns 
34099      INFO  main            d.u.i.k.p.r.p.TestFile    ... finished proof: open goal(s) 
34319      INFO  main            d.u.i.k.p.r.p.TestFile    Now processing file /home/runner/work/key/key/key.core/../key.ui/examples/InformationFlow/BlockContracts/contract.IFBlockExamples(contract.IFBlockExamples__insecure_3(int)).Non-interference contract.0.key 
34320      INFO  main            d.u.i.k.p.i.AbstractProblemLoader Loading environment from /home/runner/work/key/key/key.core/../key.ui/examples/InformationFlow/BlockContracts/contract.IFBlockExamples(contract.IFBlockExamples__insecure_3(int)).Non-interference contract.0.key 
34320      DEBUG main            d.u.i.k.p.i.AbstractProblemLoader Environment load took 81.1ns 
34324      INFO  main            d.u.i.k.p.i.AbstractProblemLoader Creating init config 
37139      DEBUG main            d.u.i.k.p.i.AbstractProblemLoader Init config took 2.82s 
37191      INFO  main            d.u.i.k.p.i.AbstractProblemLoader Replaying proof contract.IFBlockExamples[contract.IFBlockExamples::insecure_3(int)].Non-interference contract.0 
37193      DEBUG main            d.u.i.k.p.i.IntermediateProofReplayer Proof replay took 13.6ns 
39244      INFO  main            d.u.i.k.p.r.p.TestFile    ... finished proof: open goal(s) 
39479      INFO  main            d.u.i.k.p.r.p.TestFile    Now processing file /home/runner/work/key/key/key.core/../key.ui/examples/InformationFlow/BlockContracts/contract.IFBlockExamples(contract.IFBlockExamples__secure_3(int)).Non-interference contract.0.key 
39480      INFO  main            d.u.i.k.p.i.AbstractProblemLoader Loading environment from /home/runner/work/key/key/key.core/../key.ui/examples/InformationFlow/BlockContracts/contract.IFBlockExamples(contract.IFBlockExamples__secure_3(int)).Non-interference contract.0.key 
39480      DEBUG main            d.u.i.k.p.i.AbstractProblemLoader Environment load took 110.5ns 
39482      INFO  main            d.u.i.k.p.i.AbstractProblemLoader Creating init config 
42256      DEBUG main            d.u.i.k.p.i.AbstractProblemLoader Init config took 2.77s 
42320      INFO  main            d.u.i.k.p.i.AbstractProblemLoader Replaying proof contract.IFBlockExamples[contract.IFBlockExamples::secure_3(int)].Non-interference contract.0 
42324      DEBUG main            d.u.i.k.p.i.IntermediateProofReplayer Proof replay took 15ns 
44133      INFO  main            d.u.i.k.p.r.p.TestFile    ... finished proof: closed. 
44384      INFO  main            d.u.i.k.p.r.p.TestFile    Now processing file /home/runner/work/key/key/key.core/../key.ui/examples/InformationFlow/BlockContracts/contract.IFBlockExamples(contract.IFBlockExamples__secure_2(int)).Non-interference contract.0.key 
44385      INFO  main            d.u.i.k.p.i.AbstractProblemLoader Loading environment from /home/runner/work/key/key/key.core/../key.ui/examples/InformationFlow/BlockContracts/contract.IFBlockExamples(contract.IFBlockExamples__secure_2(int)).Non-interference contract.0.key 
44385      DEBUG main            d.u.i.k.p.i.AbstractProblemLoader Environment load took 72.5ns 
44387      INFO  main            d.u.i.k.p.i.AbstractProblemLoader Creating init config 
47122      DEBUG main            d.u.i.k.p.i.AbstractProblemLoader Init config took 2.73s 
47165      INFO  main            d.u.i.k.p.i.AbstractProblemLoader Replaying proof contract.IFBlockExamples[contract.IFBlockExamples::secure_2(int)].Non-interference contract.0 
47168      DEBUG main            d.u.i.k.p.i.IntermediateProofReplayer Proof replay took 15.2ns 
49294      INFO  main            d.u.i.k.p.r.p.TestFile    ... finished proof: closed. 
49564      INFO  main            d.u.i.k.p.r.p.TestFile    Now processing file /home/runner/work/key/key/key.core/../key.ui/examples/InformationFlow/BlockContracts/contract.IFBlockExamples(contract.IFBlockExamples__secure_8(int)).Non-interference contract.0.key 
49565      INFO  main            d.u.i.k.p.i.AbstractProblemLoader Loading environment from /home/runner/work/key/key/key.core/../key.ui/examples/InformationFlow/BlockContracts/contract.IFBlockExamples(contract.IFBlockExamples__secure_8(int)).Non-interference contract.0.key 
49565      DEBUG main            d.u.i.k.p.i.AbstractProblemLoader Environment load took 70.1ns 
49566      INFO  main            d.u.i.k.p.i.AbstractProblemLoader Creating init config 
52293      DEBUG main            d.u.i.k.p.i.AbstractProblemLoader Init config took 2.73s 
52336      INFO  main            d.u.i.k.p.i.AbstractProblemLoader Replaying proof contract.IFBlockExamples[contract.IFBlockExamples::secure_8(int)].Non-interference contract.0 
52339      DEBUG main            d.u.i.k.p.i.IntermediateProofReplayer Proof replay took 14.8ns 
52943      INFO  main            d.u.i.k.p.r.p.TestFile    ... finished proof: closed. 
53166      INFO  main            d.u.i.k.p.r.p.TestFile    Now processing file /home/runner/work/key/key/key.core/../key.ui/examples/InformationFlow/BlockContracts/contract.IFBlockExamples(contract.IFBlockExamples__secure_7(int)).Non-interference contract.0.key 
53166      INFO  main            d.u.i.k.p.i.AbstractProblemLoader Loading environment from /home/runner/work/key/key/key.core/../key.ui/examples/InformationFlow/BlockContracts/contract.IFBlockExamples(contract.IFBlockExamples__secure_7(int)).Non-interference contract.0.key 
53166      DEBUG main            d.u.i.k.p.i.AbstractProblemLoader Environment load took 80.7ns 
53167      INFO  main            d.u.i.k.p.i.AbstractProblemLoader Creating init config 
55898      DEBUG main            d.u.i.k.p.i.AbstractProblemLoader Init config took 2.73s 
55940      INFO  main            d.u.i.k.p.i.AbstractProblemLoader Replaying proof contract.IFBlockExamples[contract.IFBlockExamples::secure_7(int)].Non-interference contract.0 
55943      DEBUG main            d.u.i.k.p.i.IntermediateProofReplayer Proof replay took 16.6ns 
56447      INFO  main            d.u.i.k.p.r.p.TestFile    ... finished proof: closed. 
56630      INFO  main            d.u.i.k.p.r.p.TestFile    Now processing file /home/runner/work/key/key/key.core/../key.ui/examples/InformationFlow/BlockContracts/contract.IFBlockExamples(contract.IFBlockExamples__secure_6(int)).Non-interference contract.0.key 
56631      INFO  main            d.u.i.k.p.i.AbstractProblemLoader Loading environment from /home/runner/work/key/key/key.core/../key.ui/examples/InformationFlow/BlockContracts/contract.IFBlockExamples(contract.IFBlockExamples__secure_6(int)).Non-interference contract.0.key 
56631      DEBUG main            d.u.i.k.p.i.AbstractProblemLoader Environment load took 70.8ns 
56632      INFO  main            d.u.i.k.p.i.AbstractProblemLoader Creating init config 
59381      DEBUG main            d.u.i.k.p.i.AbstractProblemLoader Init config took 2.75s 
59423      INFO  main            d.u.i.k.p.i.AbstractProblemLoader Replaying proof contract.IFBlockExamples[contract.IFBlockExamples::secure_6(int)].Non-interference contract.0 
59426      DEBUG main            d.u.i.k.p.i.IntermediateProofReplayer Proof replay took 14.9ns 
59828      INFO  main            d.u.i.k.p.r.p.TestFile    ... finished proof: closed. 
60057      INFO  main            d.u.i.k.p.r.p.TestFile    Now processing file /home/runner/work/key/key/key.core/../key.ui/examples/InformationFlow/BlockContracts/contract.IFBlockExamples(contract.IFBlockExamples__insecure_1(int)).Non-interference contract.0.key 
60057      INFO  main            d.u.i.k.p.i.AbstractProblemLoader Loading environment from /home/runner/work/key/key/key.core/../key.ui/examples/InformationFlow/BlockContracts/contract.IFBlockExamples(contract.IFBlockExamples__insecure_1(int)).Non-interference contract.0.key 
60057      DEBUG main            d.u.i.k.p.i.AbstractProblemLoader Environment load took 78.4ns 
60059      INFO  main            d.u.i.k.p.i.AbstractProblemLoader Creating init config 
62832      DEBUG main            d.u.i.k.p.i.AbstractProblemLoader Init config took 2.77s 
62872      INFO  main            d.u.i.k.p.i.AbstractProblemLoader Replaying proof contract.IFBlockExamples[contract.IFBlockExamples::insecure_1(int)].Non-interference contract.0 
62875      DEBUG main            d.u.i.k.p.i.IntermediateProofReplayer Proof replay took 14.8ns 
63380      INFO  main            d.u.i.k.p.r.p.TestFile    ... finished proof: open goal(s) 
63575      INFO  main            d.u.i.k.p.r.p.TestFile    Now processing file /home/runner/work/key/key/key.core/../key.ui/examples/InformationFlow/BlockContracts/contract.IFBlockExamples(contract.IFBlockExamples__secure_4(int)).Non-interference contract.0.key 
63575      INFO  main            d.u.i.k.p.i.AbstractProblemLoader Loading environment from /home/runner/work/key/key/key.core/../key.ui/examples/InformationFlow/BlockContracts/contract.IFBlockExamples(contract.IFBlockExamples__secure_4(int)).Non-interference contract.0.key 
63575      DEBUG main            d.u.i.k.p.i.AbstractProblemLoader Environment load took 63ns 
63576      INFO  main            d.u.i.k.p.i.AbstractProblemLoader Creating init config 
66334      DEBUG main            d.u.i.k.p.i.AbstractProblemLoader Init config took 2.76s 
66400      INFO  main            d.u.i.k.p.i.AbstractProblemLoader Replaying proof contract.IFBlockExamples[contract.IFBlockExamples::secure_4(int)].Non-interference contract.0 
66404      DEBUG main            d.u.i.k.p.i.IntermediateProofReplayer Proof replay took 16.2ns 
66910      INFO  main            d.u.i.k.p.r.p.TestFile    ... finished proof: closed. 
67114      INFO  main            d.u.i.k.p.r.p.TestFile    Now processing file /home/runner/work/key/key/key.core/../key.ui/examples/InformationFlow/BlockContracts/contract.IFBlockExamples(contract.IFBlockExamples__secure_1(int)).Non-interference contract.0.key 
67114      INFO  main            d.u.i.k.p.i.AbstractProblemLoader Loading environment from /home/runner/work/key/key/key.core/../key.ui/examples/InformationFlow/BlockContracts/contract.IFBlockExamples(contract.IFBlockExamples__secure_1(int)).Non-interference contract.0.key 
67115      DEBUG main            d.u.i.k.p.i.AbstractProblemLoader Environment load took 887.11ns 
67116      INFO  main            d.u.i.k.p.i.AbstractProblemLoader Creating init config 
69874      DEBUG main            d.u.i.k.p.i.AbstractProblemLoader Init config took 2.76s 
69933      INFO  main            d.u.i.k.p.i.AbstractProblemLoader Replaying proof contract.IFBlockExamples[contract.IFBlockExamples::secure_1(int)].Non-interference contract.0 
69936      DEBUG main            d.u.i.k.p.i.IntermediateProofReplayer Proof replay took 41.1ns 
70640      INFO  main            d.u.i.k.p.r.p.TestFile    ... finished proof: closed. 
70838      INFO  main            d.u.i.k.p.r.p.TestFile    Now processing file /home/runner/work/key/key/key.core/../key.ui/examples/InformationFlow/BlockContracts/contract.IFEfficiencyExamples(contract.IFEfficiencyExamples__mWithoutBlockContract()).Non-interference contract.0.key 
70838      INFO  main            d.u.i.k.p.i.AbstractProblemLoader Loading environment from /home/runner/work/key/key/key.core/../key.ui/examples/InformationFlow/BlockContracts/contract.IFEfficiencyExamples(contract.IFEfficiencyExamples__mWithoutBlockContract()).Non-interference contract.0.key 
70838      DEBUG main            d.u.i.k.p.i.AbstractProblemLoader Environment load took 67.6ns 
70839      INFO  main            d.u.i.k.p.i.AbstractProblemLoader Creating init config 
73612      DEBUG main            d.u.i.k.p.i.AbstractProblemLoader Init config took 2.77s 
73658      INFO  main            d.u.i.k.p.i.AbstractProblemLoader Replaying proof contract.IFEfficiencyExamples[contract.IFEfficiencyExamples::mWithoutBlockContract()].Non-interference contract.0 
73661      DEBUG main            d.u.i.k.p.i.IntermediateProofReplayer Proof replay took 15.8ns 
76319      INFO  main            d.u.i.k.p.r.p.TestFile    ... finished proof: closed. 
76550      INFO  main            d.u.i.k.p.r.p.TestFile    Now processing file /home/runner/work/key/key/key.core/../key.ui/examples/InformationFlow/BlockContracts/contract.IFEfficiencyExamples(contract.IFEfficiencyExamples__mWithBlockContract()).Non-interference contract.0.key 
76550      INFO  main            d.u.i.k.p.i.AbstractProblemLoader Loading environment from /home/runner/work/key/key/key.core/../key.ui/examples/InformationFlow/BlockContracts/contract.IFEfficiencyExamples(contract.IFEfficiencyExamples__mWithBlockContract()).Non-interference contract.0.key 
76550      DEBUG main            d.u.i.k.p.i.AbstractProblemLoader Environment load took 68.3ns 
76552      INFO  main            d.u.i.k.p.i.AbstractProblemLoader Creating init config 
79231      DEBUG main            d.u.i.k.p.i.AbstractProblemLoader Init config took 2.68s 
79274      INFO  main            d.u.i.k.p.i.AbstractProblemLoader Replaying proof contract.IFEfficiencyExamples[contract.IFEfficiencyExamples::mWithBlockContract()].Non-interference contract.0 
79276      DEBUG main            d.u.i.k.p.i.IntermediateProofReplayer Proof replay took 14.8ns 
81603      INFO  main            d.u.i.k.p.r.p.TestFile    ... finished proof: closed. 
900943     INFO  Test worker     d.u.i.k.p.r.RunAllProofsTestUnit Returning from test BlockContracts_nomacro 
900944     INFO  Test worker     d.u.i.k.p.r.RunAllProofsTestUnit Running test MethodContracts_nomacro 
324        INFO  Timeout watchdog d.u.i.k.p.r.p.ForkedTestFileRunner Timeout watcher launched (1000 secs.) 
331        WARN  main            d.u.i.k.s.ProofSettings   The settings in /home/runner/.key/proof-settings.props are *not* read. 
354        INFO  main            d.u.i.k.p.r.p.TestFile    Now processing file /home/runner/work/key/key/key.core/../key.ui/examples/InformationFlow/MethodContracts/contract.IFMethodContract(contract.IFMethodContract__secure_recursion_2((I,int)).Non-interference contract.0.key 
480        INFO  main            d.u.i.k.p.i.AbstractProblemLoader Loading environment from /home/runner/work/key/key/key.core/../key.ui/examples/InformationFlow/MethodContracts/contract.IFMethodContract(contract.IFMethodContract__secure_recursion_2((I,int)).Non-interference contract.0.key 
498        DEBUG main            d.u.i.k.p.i.AbstractProblemLoader Environment load took 2.09ms 
719        INFO  main            d.u.i.k.p.i.AbstractProblemLoader Creating init config 
1650       DEBUG main            d.u.i.k.j.TypeConverter   No LDT found for Meta 
1651       DEBUG main            d.u.i.k.j.TypeConverter   No LDT found for Meta 
1652       DEBUG main            d.u.i.k.j.TypeConverter   No LDT found for Meta 
1652       DEBUG main            d.u.i.k.j.TypeConverter   No LDT found for Meta 
2954       DEBUG main            d.u.i.k.j.TypeConverter   No LDT found for JavaBigintExpression 
8303       DEBUG main            d.u.i.k.p.i.AbstractProblemLoader Init config took 7.58s 
8499       INFO  main            d.u.i.k.p.i.AbstractProblemLoader Replaying proof contract.IFMethodContract[contract.IFMethodContract::secure_recursion_2([I,int)].Non-interference contract.0 
8541       DEBUG main            d.u.i.k.p.i.IntermediateProofReplayer Proof replay took 401.8ns 
12499      INFO  main            d.u.i.k.p.r.p.TestFile    ... finished proof: closed. 
12661      INFO  main            d.u.i.k.p.r.p.TestFile    Now processing file /home/runner/work/key/key/key.core/../key.ui/examples/InformationFlow/MethodContracts/contract.IFMethodContract(contract.IFMethodContract__secure_recursion(int)).Non-interference contract.0.key 
12663      INFO  main            d.u.i.k.p.i.AbstractProblemLoader Loading environment from /home/runner/work/key/key/key.core/../key.ui/examples/InformationFlow/MethodContracts/contract.IFMethodContract(contract.IFMethodContract__secure_recursion(int)).Non-interference contract.0.key 
12664      DEBUG main            d.u.i.k.p.i.AbstractProblemLoader Environment load took 1.52ms 
12667      INFO  main            d.u.i.k.p.i.AbstractProblemLoader Creating init config 
15773      DEBUG main            d.u.i.k.p.i.AbstractProblemLoader Init config took 3.11s 
15859      INFO  main            d.u.i.k.p.i.AbstractProblemLoader Replaying proof contract.IFMethodContract[contract.IFMethodContract::secure_recursion(int)].Non-interference contract.0 
15867      DEBUG main            d.u.i.k.p.i.IntermediateProofReplayer Proof replay took 14.8ns 
16374      INFO  main            d.u.i.k.p.r.p.TestFile    ... finished proof: closed. 
16565      INFO  main            d.u.i.k.p.r.p.TestFile    Now processing file /home/runner/work/key/key/key.core/../key.ui/examples/InformationFlow/MethodContracts/contract.IFMethodContract(contract.IFMethodContract__secure_catch_exception()).Non-interference contract.0.key 
16566      INFO  main            d.u.i.k.p.i.AbstractProblemLoader Loading environment from /home/runner/work/key/key/key.core/../key.ui/examples/InformationFlow/MethodContracts/contract.IFMethodContract(contract.IFMethodContract__secure_catch_exception()).Non-interference contract.0.key 
16566      DEBUG main            d.u.i.k.p.i.AbstractProblemLoader Environment load took 115.6ns 
16568      INFO  main            d.u.i.k.p.i.AbstractProblemLoader Creating init config 
19400      DEBUG main            d.u.i.k.p.i.AbstractProblemLoader Init config took 2.83s 
19472      INFO  main            d.u.i.k.p.i.AbstractProblemLoader Replaying proof contract.IFMethodContract[contract.IFMethodContract::secure_catch_exception()].Non-interference contract.0 
19475      DEBUG main            d.u.i.k.p.i.IntermediateProofReplayer Proof replay took 13.3ns 
19879      INFO  main            d.u.i.k.p.r.p.TestFile    ... finished proof: closed. 
20020      INFO  main            d.u.i.k.p.r.p.TestFile    Now processing file /home/runner/work/key/key/key.core/../key.ui/examples/InformationFlow/MethodContracts/contract.IFMethodContract(contract.IFMethodContract__n6()).Non-interference contract.0.key 
20021      INFO  main            d.u.i.k.p.i.AbstractProblemLoader Loading environment from /home/runner/work/key/key/key.core/../key.ui/examples/InformationFlow/MethodContracts/contract.IFMethodContract(contract.IFMethodContract__n6()).Non-interference contract.0.key 
20021      DEBUG main            d.u.i.k.p.i.AbstractProblemLoader Environment load took 122.8ns 
20023      INFO  main            d.u.i.k.p.i.AbstractProblemLoader Creating init config 
22839      DEBUG main            d.u.i.k.p.i.AbstractProblemLoader Init config took 2.82s 
22909      INFO  main            d.u.i.k.p.i.AbstractProblemLoader Replaying proof contract.IFMethodContract[contract.IFMethodContract::n6()].Non-interference contract.0 
22915      DEBUG main            d.u.i.k.p.i.IntermediateProofReplayer Proof replay took 15.4ns 
23122      INFO  main            d.u.i.k.p.r.p.TestFile    ... finished proof: closed. 
23252      INFO  main            d.u.i.k.p.r.p.TestFile    Now processing file /home/runner/work/key/key/key.core/../key.ui/examples/InformationFlow/MethodContracts/contract.IFMethodContract(contract.IFMethodContract__secure_n6()).Non-interference contract.0.key 
23252      INFO  main            d.u.i.k.p.i.AbstractProblemLoader Loading environment from /home/runner/work/key/key/key.core/../key.ui/examples/InformationFlow/MethodContracts/contract.IFMethodContract(contract.IFMethodContract__secure_n6()).Non-interference contract.0.key 
23253      DEBUG main            d.u.i.k.p.i.AbstractProblemLoader Environment load took 70.2ns 
23254      INFO  main            d.u.i.k.p.i.AbstractProblemLoader Creating init config 
25958      DEBUG main            d.u.i.k.p.i.AbstractProblemLoader Init config took 2.7s 
26003      INFO  main            d.u.i.k.p.i.AbstractProblemLoader Replaying proof contract.IFMethodContract[contract.IFMethodContract::secure_n6()].Non-interference contract.0 
26006      DEBUG main            d.u.i.k.p.i.IntermediateProofReplayer Proof replay took 14.7ns 
26210      INFO  main            d.u.i.k.p.r.p.TestFile    ... finished proof: closed. 
26344      INFO  main            d.u.i.k.p.r.p.TestFile    Now processing file /home/runner/work/key/key/key.core/../key.ui/examples/InformationFlow/MethodContracts/contract.IFMethodContract(contract.IFMethodContract__secure_array_param((I,int)).Non-interference contract.0.key 
26344      INFO  main            d.u.i.k.p.i.AbstractProblemLoader Loading environment from /home/runner/work/key/key/key.core/../key.ui/examples/InformationFlow/MethodContracts/contract.IFMethodContract(contract.IFMethodContract__secure_array_param((I,int)).Non-interference contract.0.key 
26345      DEBUG main            d.u.i.k.p.i.AbstractProblemLoader Environment load took 73.1ns 
26346      INFO  main            d.u.i.k.p.i.AbstractProblemLoader Creating init config 
29032      DEBUG main            d.u.i.k.p.i.AbstractProblemLoader Init config took 2.69s 
29076      INFO  main            d.u.i.k.p.i.AbstractProblemLoader Replaying proof contract.IFMethodContract[contract.IFMethodContract::secure_array_param([I,int)].Non-interference contract.0 
29079      DEBUG main            d.u.i.k.p.i.IntermediateProofReplayer Proof replay took 13.1ns 
30187      INFO  main            d.u.i.k.p.r.p.TestFile    ... finished proof: closed. 
30326      INFO  main            d.u.i.k.p.r.p.TestFile    Now processing file /home/runner/work/key/key/key.core/../key.ui/examples/InformationFlow/MethodContracts/contract.IFMethodContract(contract.IFMethodContract__secure_assignment_0_n9()).Non-interference contract.0.key 
30326      INFO  main            d.u.i.k.p.i.AbstractProblemLoader Loading environment from /home/runner/work/key/key/key.core/../key.ui/examples/InformationFlow/MethodContracts/contract.IFMethodContract(contract.IFMethodContract__secure_assignment_0_n9()).Non-interference contract.0.key 
30326      DEBUG main            d.u.i.k.p.i.AbstractProblemLoader Environment load took 119.2ns 
30327      INFO  main            d.u.i.k.p.i.AbstractProblemLoader Creating init config 
33039      DEBUG main            d.u.i.k.p.i.AbstractProblemLoader Init config took 2.71s 
33083      INFO  main            d.u.i.k.p.i.AbstractProblemLoader Replaying proof contract.IFMethodContract[contract.IFMethodContract::secure_assignment_0_n9()].Non-interference contract.0 
33086      DEBUG main            d.u.i.k.p.i.IntermediateProofReplayer Proof replay took 15.1ns 
33289      INFO  main            d.u.i.k.p.r.p.TestFile    ... finished proof: closed. 
33431      INFO  main            d.u.i.k.p.r.p.TestFile    Now processing file /home/runner/work/key/key/key.core/../key.ui/examples/InformationFlow/MethodContracts/contract.IFMethodContract(contract.IFMethodContract__insecure_if_high_n5_n1()).Non-interference contract.0.key 
33432      INFO  main            d.u.i.k.p.i.AbstractProblemLoader Loading environment from /home/runner/work/key/key/key.core/../key.ui/examples/InformationFlow/MethodContracts/contract.IFMethodContract(contract.IFMethodContract__insecure_if_high_n5_n1()).Non-interference contract.0.key 
33434      DEBUG main            d.u.i.k.p.i.AbstractProblemLoader Environment load took 1.82ms 
33435      INFO  main            d.u.i.k.p.i.AbstractProblemLoader Creating init config 
36099      DEBUG main            d.u.i.k.p.i.AbstractProblemLoader Init config took 2.66s 
36154      INFO  main            d.u.i.k.p.i.AbstractProblemLoader Replaying proof contract.IFMethodContract[contract.IFMethodContract::insecure_if_high_n5_n1()].Non-interference contract.0 
36157      DEBUG main            d.u.i.k.p.i.IntermediateProofReplayer Proof replay took 14.7ns 
36869      INFO  main            d.u.i.k.p.r.p.TestFile    ... finished proof: open goal(s) 
37054      INFO  main            d.u.i.k.p.r.p.TestFile    Now processing file /home/runner/work/key/key/key.core/../key.ui/examples/InformationFlow/MethodContracts/contract.IFMethodContract(contract.IFMethodContract__n5(int)).Non-interference contract.0.key 
37054      INFO  main            d.u.i.k.p.i.AbstractProblemLoader Loading environment from /home/runner/work/key/key/key.core/../key.ui/examples/InformationFlow/MethodContracts/contract.IFMethodContract(contract.IFMethodContract__n5(int)).Non-interference contract.0.key 
37055      DEBUG main            d.u.i.k.p.i.AbstractProblemLoader Environment load took 96.1ns 
37056      INFO  main            d.u.i.k.p.i.AbstractProblemLoader Creating init config 
39729      DEBUG main            d.u.i.k.p.i.AbstractProblemLoader Init config took 2.67s 
39776      INFO  main            d.u.i.k.p.i.AbstractProblemLoader Replaying proof contract.IFMethodContract[contract.IFMethodContract::n5(int)].Non-interference contract.0 
39780      DEBUG main            d.u.i.k.p.i.IntermediateProofReplayer Proof replay took 15.7ns 
39882      INFO  main            d.u.i.k.p.r.p.TestFile    ... finished proof: closed. 
40037      INFO  main            d.u.i.k.p.r.p.TestFile    Now processing file /home/runner/work/key/key/key.core/../key.ui/examples/InformationFlow/MethodContracts/contract.IFMethodContract(contract.IFMethodContract__secure_if_high_n5_n1()).Non-interference contract.0.key 
40037      INFO  main            d.u.i.k.p.i.AbstractProblemLoader Loading environment from /home/runner/work/key/key/key.core/../key.ui/examples/InformationFlow/MethodContracts/contract.IFMethodContract(contract.IFMethodContract__secure_if_high_n5_n1()).Non-interference contract.0.key 
40037      DEBUG main            d.u.i.k.p.i.AbstractProblemLoader Environment load took 75.2ns 
40038      INFO  main            d.u.i.k.p.i.AbstractProblemLoader Creating init config 
42660      DEBUG main            d.u.i.k.p.i.AbstractProblemLoader Init config took 2.62s 
42700      INFO  main            d.u.i.k.p.i.AbstractProblemLoader Replaying proof contract.IFMethodContract[contract.IFMethodContract::secure_if_high_n5_n1()].Non-interference contract.0 
42703      DEBUG main            d.u.i.k.p.i.IntermediateProofReplayer Proof replay took 13.3ns 
43709      INFO  main            d.u.i.k.p.r.p.TestFile    ... finished proof: closed. 
43888      INFO  main            d.u.i.k.p.r.p.TestFile    Now processing file /home/runner/work/key/key/key.core/../key.ui/examples/InformationFlow/MethodContracts/contract.IFMethodContract(contract.IFMethodContract__secure_if_high_n1()).Non-interference contract.0.key 
43889      INFO  main            d.u.i.k.p.i.AbstractProblemLoader Loading environment from /home/runner/work/key/key/key.core/../key.ui/examples/InformationFlow/MethodContracts/contract.IFMethodContract(contract.IFMethodContract__secure_if_high_n1()).Non-interference contract.0.key 
43889      DEBUG main            d.u.i.k.p.i.AbstractProblemLoader Environment load took 124ns 
43890      INFO  main            d.u.i.k.p.i.AbstractProblemLoader Creating init config 
46498      DEBUG main            d.u.i.k.p.i.AbstractProblemLoader Init config took 2.61s 
46538      INFO  main            d.u.i.k.p.i.AbstractProblemLoader Replaying proof contract.IFMethodContract[contract.IFMethodContract::secure_if_high_n1()].Non-interference contract.0 
46544      DEBUG main            d.u.i.k.p.i.IntermediateProofReplayer Proof replay took 15ns 
47149      INFO  main            d.u.i.k.p.r.p.TestFile    ... finished proof: closed. 
47312      INFO  main            d.u.i.k.p.r.p.TestFile    Now processing file /home/runner/work/key/key/key.core/../key.ui/examples/InformationFlow/MethodContracts/contract.IFMethodContract(contract.IFMethodContract__secure_n5()).Non-interference contract.0.key 
47312      INFO  main            d.u.i.k.p.i.AbstractProblemLoader Loading environment from /home/runner/work/key/key/key.core/../key.ui/examples/InformationFlow/MethodContracts/contract.IFMethodContract(contract.IFMethodContract__secure_n5()).Non-interference contract.0.key 
47312      DEBUG main            d.u.i.k.p.i.AbstractProblemLoader Environment load took 89.8ns 
47313      INFO  main            d.u.i.k.p.i.AbstractProblemLoader Creating init config 
49905      DEBUG main            d.u.i.k.p.i.AbstractProblemLoader Init config took 2.59s 
49944      INFO  main            d.u.i.k.p.i.AbstractProblemLoader Replaying proof contract.IFMethodContract[contract.IFMethodContract::secure_n5()].Non-interference contract.0 
49946      DEBUG main            d.u.i.k.p.i.IntermediateProofReplayer Proof replay took 15ns 
50150      INFO  main            d.u.i.k.p.r.p.TestFile    ... finished proof: closed. 
50307      INFO  main            d.u.i.k.p.r.p.TestFile    Now processing file /home/runner/work/key/key/key.core/../key.ui/examples/InformationFlow/MethodContracts/contract.IFMethodContract(contract.IFMethodContract__n4()).Non-interference contract.0.key 
50307      INFO  main            d.u.i.k.p.i.AbstractProblemLoader Loading environment from /home/runner/work/key/key/key.core/../key.ui/examples/InformationFlow/MethodContracts/contract.IFMethodContract(contract.IFMethodContract__n4()).Non-interference contract.0.key 
50307      DEBUG main            d.u.i.k.p.i.AbstractProblemLoader Environment load took 81ns 
50308      INFO  main            d.u.i.k.p.i.AbstractProblemLoader Creating init config 
52901      DEBUG main            d.u.i.k.p.i.AbstractProblemLoader Init config took 2.59s 
52949      INFO  main            d.u.i.k.p.i.AbstractProblemLoader Replaying proof contract.IFMethodContract[contract.IFMethodContract::n4()].Non-interference contract.0 
52970      DEBUG main            d.u.i.k.p.i.IntermediateProofReplayer Proof replay took 16.1ns 
53173      INFO  main            d.u.i.k.p.r.p.TestFile    ... finished proof: closed. 
53330      INFO  main            d.u.i.k.p.r.p.TestFile    Now processing file /home/runner/work/key/key/key.core/../key.ui/examples/InformationFlow/MethodContracts/contract.IFMethodContract(contract.IFMethodContract__n3()).Non-interference contract.0.key 
53330      INFO  main            d.u.i.k.p.i.AbstractProblemLoader Loading environment from /home/runner/work/key/key/key.core/../key.ui/examples/InformationFlow/MethodContracts/contract.IFMethodContract(contract.IFMethodContract__n3()).Non-interference contract.0.key 
53330      DEBUG main            d.u.i.k.p.i.AbstractProblemLoader Environment load took 80.1ns 
53331      INFO  main            d.u.i.k.p.i.AbstractProblemLoader Creating init config 
55946      DEBUG main            d.u.i.k.p.i.AbstractProblemLoader Init config took 2.61s 
55994      INFO  main            d.u.i.k.p.i.AbstractProblemLoader Replaying proof contract.IFMethodContract[contract.IFMethodContract::n3()].Non-interference contract.0 
55997      DEBUG main            d.u.i.k.p.i.IntermediateProofReplayer Proof replay took 15.8ns 
56100      INFO  main            d.u.i.k.p.r.p.TestFile    ... finished proof: closed. 
56258      INFO  main            d.u.i.k.p.r.p.TestFile    Now processing file /home/runner/work/key/key/key.core/../key.ui/examples/InformationFlow/MethodContracts/contract.IFMethodContract(contract.IFMethodContract__secure_sequential_n3_precond_n4()).Non-interference contract.0.key 
56258      INFO  main            d.u.i.k.p.i.AbstractProblemLoader Loading environment from /home/runner/work/key/key/key.core/../key.ui/examples/InformationFlow/MethodContracts/contract.IFMethodContract(contract.IFMethodContract__secure_sequential_n3_precond_n4()).Non-interference contract.0.key 
56258      DEBUG main            d.u.i.k.p.i.AbstractProblemLoader Environment load took 72.3ns 
56259      INFO  main            d.u.i.k.p.i.AbstractProblemLoader Creating init config 
58848      DEBUG main            d.u.i.k.p.i.AbstractProblemLoader Init config took 2.59s 
58893      INFO  main            d.u.i.k.p.i.AbstractProblemLoader Replaying proof contract.IFMethodContract[contract.IFMethodContract::secure_sequential_n3_precond_n4()].Non-interference contract.0 
58896      DEBUG main            d.u.i.k.p.i.IntermediateProofReplayer Proof replay took 14.8ns 
59204      INFO  main            d.u.i.k.p.r.p.TestFile    ... finished proof: closed. 
59426      INFO  main            d.u.i.k.p.r.p.TestFile    Now processing file /home/runner/work/key/key/key.core/../key.ui/examples/InformationFlow/MethodContracts/contract.IFMethodContract(contract.IFMethodContract__insecure_assignment_n2()).Non-interference contract.0.key 
59427      INFO  main            d.u.i.k.p.i.AbstractProblemLoader Loading environment from /home/runner/work/key/key/key.core/../key.ui/examples/InformationFlow/MethodContracts/contract.IFMethodContract(contract.IFMethodContract__insecure_assignment_n2()).Non-interference contract.0.key 
59427      DEBUG main            d.u.i.k.p.i.AbstractProblemLoader Environment load took 111ns 
59428      INFO  main            d.u.i.k.p.i.AbstractProblemLoader Creating init config 
61996      DEBUG main            d.u.i.k.p.i.AbstractProblemLoader Init config took 2.57s 
62039      INFO  main            d.u.i.k.p.i.AbstractProblemLoader Replaying proof contract.IFMethodContract[contract.IFMethodContract::insecure_assignment_n2()].Non-interference contract.0 
62042      DEBUG main            d.u.i.k.p.i.IntermediateProofReplayer Proof replay took 14.8ns 
62245      INFO  main            d.u.i.k.p.r.p.TestFile    ... finished proof: open goal(s) 
62437      INFO  main            d.u.i.k.p.r.p.TestFile    Now processing file /home/runner/work/key/key/key.core/../key.ui/examples/InformationFlow/MethodContracts/contract.IFMethodContract(contract.IFMethodContract__secure_assignments_n2()).Non-interference contract.0.key 
62437      INFO  main            d.u.i.k.p.i.AbstractProblemLoader Loading environment from /home/runner/work/key/key/key.core/../key.ui/examples/InformationFlow/MethodContracts/contract.IFMethodContract(contract.IFMethodContract__secure_assignments_n2()).Non-interference contract.0.key 
62437      DEBUG main            d.u.i.k.p.i.AbstractProblemLoader Environment load took 69.6ns 
62438      INFO  main            d.u.i.k.p.i.AbstractProblemLoader Creating init config 
65007      DEBUG main            d.u.i.k.p.i.AbstractProblemLoader Init config took 2.57s 
65042      INFO  main            d.u.i.k.p.i.AbstractProblemLoader Replaying proof contract.IFMethodContract[contract.IFMethodContract::secure_assignments_n2()].Non-interference contract.0 
65045      DEBUG main            d.u.i.k.p.i.IntermediateProofReplayer Proof replay took 14.9ns 
65247      INFO  main            d.u.i.k.p.r.p.TestFile    ... finished proof: closed. 
65421      INFO  main            d.u.i.k.p.r.p.TestFile    Now processing file /home/runner/work/key/key/key.core/../key.ui/examples/InformationFlow/MethodContracts/contract.IFMethodContract(contract.IFMethodContract__n2()).Non-interference contract.0.key 
65421      INFO  main            d.u.i.k.p.i.AbstractProblemLoader Loading environment from /home/runner/work/key/key/key.core/../key.ui/examples/InformationFlow/MethodContracts/contract.IFMethodContract(contract.IFMethodContract__n2()).Non-interference contract.0.key 
65421      DEBUG main            d.u.i.k.p.i.AbstractProblemLoader Environment load took 72.7ns 
65422      INFO  main            d.u.i.k.p.i.AbstractProblemLoader Creating init config 
67968      DEBUG main            d.u.i.k.p.i.AbstractProblemLoader Init config took 2.55s 
68003      INFO  main            d.u.i.k.p.i.AbstractProblemLoader Replaying proof contract.IFMethodContract[contract.IFMethodContract::n2()].Non-interference contract.0 
68005      DEBUG main            d.u.i.k.p.i.IntermediateProofReplayer Proof replay took 14.8ns 
68109      INFO  main            d.u.i.k.p.r.p.TestFile    ... finished proof: closed. 
68315      INFO  main            d.u.i.k.p.r.p.TestFile    Now processing file /home/runner/work/key/key/key.core/../key.ui/examples/InformationFlow/MethodContracts/contract.IFMethodContract(contract.IFMethodContract__n1()).Non-interference contract.0.key 
68316      INFO  main            d.u.i.k.p.i.AbstractProblemLoader Loading environment from /home/runner/work/key/key/key.core/../key.ui/examples/InformationFlow/MethodContracts/contract.IFMethodContract(contract.IFMethodContract__n1()).Non-interference contract.0.key 
68316      DEBUG main            d.u.i.k.p.i.AbstractProblemLoader Environment load took 151.3ns 
68317      INFO  main            d.u.i.k.p.i.AbstractProblemLoader Creating init config 
70873      DEBUG main            d.u.i.k.p.i.AbstractProblemLoader Init config took 2.56s 
70908      INFO  main            d.u.i.k.p.i.AbstractProblemLoader Replaying proof contract.IFMethodContract[contract.IFMethodContract::n1()].Non-interference contract.0 
70911      DEBUG main            d.u.i.k.p.i.IntermediateProofReplayer Proof replay took 13.5ns 
71013      INFO  main            d.u.i.k.p.r.p.TestFile    ... finished proof: closed. 
71189      INFO  main            d.u.i.k.p.r.p.TestFile    Now processing file /home/runner/work/key/key/key.core/../key.ui/examples/InformationFlow/MethodContracts/contract.IFMethodContract(contract.IFMethodContract__secure_sequential_n1_n2()).Non-interference contract.0.key 
71189      INFO  main            d.u.i.k.p.i.AbstractProblemLoader Loading environment from /home/runner/work/key/key/key.core/../key.ui/examples/InformationFlow/MethodContracts/contract.IFMethodContract(contract.IFMethodContract__secure_sequential_n1_n2()).Non-interference contract.0.key 
71189      DEBUG main            d.u.i.k.p.i.AbstractProblemLoader Environment load took 97.8ns 
71190      INFO  main            d.u.i.k.p.i.AbstractProblemLoader Creating init config 
73766      DEBUG main            d.u.i.k.p.i.AbstractProblemLoader Init config took 2.58s 
73800      INFO  main            d.u.i.k.p.i.AbstractProblemLoader Replaying proof contract.IFMethodContract[contract.IFMethodContract::secure_sequential_n1_n2()].Non-interference contract.0 
73802      DEBUG main            d.u.i.k.p.i.IntermediateProofReplayer Proof replay took 13.7ns 
74005      INFO  main            d.u.i.k.p.r.p.TestFile    ... finished proof: closed. 
975314     INFO  Test worker     d.u.i.k.p.r.RunAllProofsTestUnit Returning from test MethodContracts_nomacro 
975317     INFO  Test worker     d.u.i.k.p.r.RunAllProofsTestUnit Running test LoopInvariants_nomacro 
337        INFO  Timeout watchdog d.u.i.k.p.r.p.ForkedTestFileRunner Timeout watcher launched (1000 secs.) 
350        WARN  main            d.u.i.k.s.ProofSettings   The settings in /home/runner/.key/proof-settings.props are *not* read. 
389        INFO  main            d.u.i.k.p.r.p.TestFile    Now processing file /home/runner/work/key/key/key.core/../key.ui/examples/InformationFlow/LoopInvariants/loop.IFLoopExamples(loop.IFLoopExamples__insecure_while_3(int)).Non-interference contract.0.key 
545        INFO  main            d.u.i.k.p.i.AbstractProblemLoader Loading environment from /home/runner/work/key/key/key.core/../key.ui/examples/InformationFlow/LoopInvariants/loop.IFLoopExamples(loop.IFLoopExamples__insecure_while_3(int)).Non-interference contract.0.key 
563        DEBUG main            d.u.i.k.p.i.AbstractProblemLoader Environment load took 2.23ms 
785        INFO  main            d.u.i.k.p.i.AbstractProblemLoader Creating init config 
1883       DEBUG main            d.u.i.k.j.TypeConverter   No LDT found for Meta 
1884       DEBUG main            d.u.i.k.j.TypeConverter   No LDT found for Meta 
1887       DEBUG main            d.u.i.k.j.TypeConverter   No LDT found for Meta 
1888       DEBUG main            d.u.i.k.j.TypeConverter   No LDT found for Meta 
3337       DEBUG main            d.u.i.k.j.TypeConverter   No LDT found for JavaBigintExpression 
8851       DEBUG main            d.u.i.k.p.i.AbstractProblemLoader Init config took 8.07s 
8995       INFO  main            d.u.i.k.p.i.AbstractProblemLoader Replaying proof loop.IFLoopExamples[loop.IFLoopExamples::insecure_while_3(int)].Non-interference contract.0 
9081       DEBUG main            d.u.i.k.p.i.IntermediateProofReplayer Proof replay took 403.5ns 
11922      INFO  main            d.u.i.k.p.r.p.TestFile    ... finished proof: open goal(s) 
12073      INFO  main            d.u.i.k.p.r.p.TestFile    Now processing file /home/runner/work/key/key/key.core/../key.ui/examples/InformationFlow/LoopInvariants/loop.IFLoopExamples(loop.IFLoopExamples__secure_while_2(int)).Non-interference contract.0.key 
12076      INFO  main            d.u.i.k.p.i.AbstractProblemLoader Loading environment from /home/runner/work/key/key/key.core/../key.ui/examples/InformationFlow/LoopInvariants/loop.IFLoopExamples(loop.IFLoopExamples__secure_while_2(int)).Non-interference contract.0.key 
12077      DEBUG main            d.u.i.k.p.i.AbstractProblemLoader Environment load took 398.4ns 
12079      INFO  main            d.u.i.k.p.i.AbstractProblemLoader Creating init config 
15276      DEBUG main            d.u.i.k.p.i.AbstractProblemLoader Init config took 3.2s 
15350      INFO  main            d.u.i.k.p.i.AbstractProblemLoader Replaying proof loop.IFLoopExamples[loop.IFLoopExamples::secure_while_2(int)].Non-interference contract.0 
15354      DEBUG main            d.u.i.k.p.i.IntermediateProofReplayer Proof replay took 13.3ns 
16861      INFO  main            d.u.i.k.p.r.p.TestFile    ... finished proof: closed. 
17098      INFO  main            d.u.i.k.p.r.p.TestFile    Now processing file /home/runner/work/key/key/key.core/../key.ui/examples/InformationFlow/LoopInvariants/loop.IFLoopExamples(loop.IFLoopExamples__secure_while_4(int)).Non-interference contract.0.key 
17099      INFO  main            d.u.i.k.p.i.AbstractProblemLoader Loading environment from /home/runner/work/key/key/key.core/../key.ui/examples/InformationFlow/LoopInvariants/loop.IFLoopExamples(loop.IFLoopExamples__secure_while_4(int)).Non-interference contract.0.key 
17099      DEBUG main            d.u.i.k.p.i.AbstractProblemLoader Environment load took 92ns 
17100      INFO  main            d.u.i.k.p.i.AbstractProblemLoader Creating init config 
20101      DEBUG main            d.u.i.k.p.i.AbstractProblemLoader Init config took 3s 
20155      INFO  main            d.u.i.k.p.i.AbstractProblemLoader Replaying proof loop.IFLoopExamples[loop.IFLoopExamples::secure_while_4(int)].Non-interference contract.0 
20159      DEBUG main            d.u.i.k.p.i.IntermediateProofReplayer Proof replay took 13ns 
21565      INFO  main            d.u.i.k.p.r.p.TestFile    ... finished proof: closed. 
21749      INFO  main            d.u.i.k.p.r.p.TestFile    Now processing file /home/runner/work/key/key/key.core/../key.ui/examples/InformationFlow/LoopInvariants/loop.IFLoopExamples(loop.IFLoopExamples__insecure_doubleNestedWhile2(int)).Non-interference contract.0.key 
21752      INFO  main            d.u.i.k.p.i.AbstractProblemLoader Loading environment from /home/runner/work/key/key/key.core/../key.ui/examples/InformationFlow/LoopInvariants/loop.IFLoopExamples(loop.IFLoopExamples__insecure_doubleNestedWhile2(int)).Non-interference contract.0.key 
21752      DEBUG main            d.u.i.k.p.i.AbstractProblemLoader Environment load took 126.9ns 
21754      INFO  main            d.u.i.k.p.i.AbstractProblemLoader Creating init config 
24725      DEBUG main            d.u.i.k.p.i.AbstractProblemLoader Init config took 2.97s 
24775      INFO  main            d.u.i.k.p.i.AbstractProblemLoader Replaying proof loop.IFLoopExamples[loop.IFLoopExamples::insecure_doubleNestedWhile2(int)].Non-interference contract.0 
24778      DEBUG main            d.u.i.k.p.i.IntermediateProofReplayer Proof replay took 13.2ns 
33403      INFO  main            d.u.i.k.p.r.p.TestFile    ... finished proof: open goal(s) 
33641      INFO  main            d.u.i.k.p.r.p.TestFile    Now processing file /home/runner/work/key/key/key.core/../key.ui/examples/InformationFlow/LoopInvariants/loop.IFLoopExamples(loop.IFLoopExamples__insecure_doubleNestedWhile(int)).Non-interference contract.0.key 
33643      INFO  main            d.u.i.k.p.i.AbstractProblemLoader Loading environment from /home/runner/work/key/key/key.core/../key.ui/examples/InformationFlow/LoopInvariants/loop.IFLoopExamples(loop.IFLoopExamples__insecure_doubleNestedWhile(int)).Non-interference contract.0.key 
33643      DEBUG main            d.u.i.k.p.i.AbstractProblemLoader Environment load took 134.2ns 
33645      INFO  main            d.u.i.k.p.i.AbstractProblemLoader Creating init config 
36562      DEBUG main            d.u.i.k.p.i.AbstractProblemLoader Init config took 2.92s 
36608      INFO  main            d.u.i.k.p.i.AbstractProblemLoader Replaying proof loop.IFLoopExamples[loop.IFLoopExamples::insecure_doubleNestedWhile(int)].Non-interference contract.0 
36611      DEBUG main            d.u.i.k.p.i.IntermediateProofReplayer Proof replay took 15.8ns 
43974      INFO  main            d.u.i.k.p.r.p.TestFile    ... finished proof: open goal(s) 
44299      INFO  main            d.u.i.k.p.r.p.TestFile    Now processing file /home/runner/work/key/key/key.core/../key.ui/examples/InformationFlow/LoopInvariants/loop.IFLoopExamples(loop.IFLoopExamples__secure_doubleNestedWhile(int)).Non-interference contract.0.key 
44303      INFO  main            d.u.i.k.p.i.AbstractProblemLoader Loading environment from /home/runner/work/key/key/key.core/../key.ui/examples/InformationFlow/LoopInvariants/loop.IFLoopExamples(loop.IFLoopExamples__secure_doubleNestedWhile(int)).Non-interference contract.0.key 
44303      DEBUG main            d.u.i.k.p.i.AbstractProblemLoader Environment load took 151.6ns 
44305      INFO  main            d.u.i.k.p.i.AbstractProblemLoader Creating init config 
47113      DEBUG main            d.u.i.k.p.i.AbstractProblemLoader Init config took 2.81s 
47170      INFO  main            d.u.i.k.p.i.AbstractProblemLoader Replaying proof loop.IFLoopExamples[loop.IFLoopExamples::secure_doubleNestedWhile(int)].Non-interference contract.0 
47176      DEBUG main            d.u.i.k.p.i.IntermediateProofReplayer Proof replay took 15.7ns 
54417      INFO  main            d.u.i.k.p.r.p.TestFile    ... finished proof: closed. 
54729      INFO  main            d.u.i.k.p.r.p.TestFile    Now processing file /home/runner/work/key/key/key.core/../key.ui/examples/InformationFlow/LoopInvariants/loop.IFLoopExamples(loop.IFLoopExamples__secure_nestedTwoWhile(int)).Non-interference contract.0.key 
54729      INFO  main            d.u.i.k.p.i.AbstractProblemLoader Loading environment from /home/runner/work/key/key/key.core/../key.ui/examples/InformationFlow/LoopInvariants/loop.IFLoopExamples(loop.IFLoopExamples__secure_nestedTwoWhile(int)).Non-interference contract.0.key 
54729      DEBUG main            d.u.i.k.p.i.AbstractProblemLoader Environment load took 105.8ns 
54730      INFO  main            d.u.i.k.p.i.AbstractProblemLoader Creating init config 
57548      DEBUG main            d.u.i.k.p.i.AbstractProblemLoader Init config took 2.82s 
57590      INFO  main            d.u.i.k.p.i.AbstractProblemLoader Replaying proof loop.IFLoopExamples[loop.IFLoopExamples::secure_nestedTwoWhile(int)].Non-interference contract.0 
57593      DEBUG main            d.u.i.k.p.i.IntermediateProofReplayer Proof replay took 13.6ns 
62809      INFO  main            d.u.i.k.p.r.p.TestFile    ... finished proof: closed. 
63027      INFO  main            d.u.i.k.p.r.p.TestFile    Now processing file /home/runner/work/key/key/key.core/../key.ui/examples/InformationFlow/LoopInvariants/loop.IFLoopExamples(loop.IFLoopExamples__secure_nestedWhile(int)).Non-interference contract.0.key 
63028      INFO  main            d.u.i.k.p.i.AbstractProblemLoader Loading environment from /home/runner/work/key/key/key.core/../key.ui/examples/InformationFlow/LoopInvariants/loop.IFLoopExamples(loop.IFLoopExamples__secure_nestedWhile(int)).Non-interference contract.0.key 
63028      DEBUG main            d.u.i.k.p.i.AbstractProblemLoader Environment load took 77.7ns 
63029      INFO  main            d.u.i.k.p.i.AbstractProblemLoader Creating init config 
65893      DEBUG main            d.u.i.k.p.i.AbstractProblemLoader Init config took 2.86s 
65935      INFO  main            d.u.i.k.p.i.AbstractProblemLoader Replaying proof loop.IFLoopExamples[loop.IFLoopExamples::secure_nestedWhile(int)].Non-interference contract.0 
65937      DEBUG main            d.u.i.k.p.i.IntermediateProofReplayer Proof replay took 15.3ns 
69055      INFO  main            d.u.i.k.p.r.p.TestFile    ... finished proof: closed. 
69260      INFO  main            d.u.i.k.p.r.p.TestFile    Now processing file /home/runner/work/key/key/key.core/../key.ui/examples/InformationFlow/LoopInvariants/loop.IFLoopExamples(loop.IFLoopExamples__notSecure_while(int)).Non-interference contract.0.key 
69260      INFO  main            d.u.i.k.p.i.AbstractProblemLoader Loading environment from /home/runner/work/key/key/key.core/../key.ui/examples/InformationFlow/LoopInvariants/loop.IFLoopExamples(loop.IFLoopExamples__notSecure_while(int)).Non-interference contract.0.key 
69261      DEBUG main            d.u.i.k.p.i.AbstractProblemLoader Environment load took 125.8ns 
69262      INFO  main            d.u.i.k.p.i.AbstractProblemLoader Creating init config 
72156      DEBUG main            d.u.i.k.p.i.AbstractProblemLoader Init config took 2.89s 
72196      INFO  main            d.u.i.k.p.i.AbstractProblemLoader Replaying proof loop.IFLoopExamples[loop.IFLoopExamples::notSecure_while(int)].Non-interference contract.0 
72199      DEBUG main            d.u.i.k.p.i.IntermediateProofReplayer Proof replay took 21ns 
73306      INFO  main            d.u.i.k.p.r.p.TestFile    ... finished proof: open goal(s) 
73490      INFO  main            d.u.i.k.p.r.p.TestFile    Now processing file /home/runner/work/key/key/key.core/../key.ui/examples/InformationFlow/LoopInvariants/loop.IFLoopExamples(loop.IFLoopExamples__notSecure_while_wrongInv(int)).Non-interference contract.0.key 
73491      INFO  main            d.u.i.k.p.i.AbstractProblemLoader Loading environment from /home/runner/work/key/key/key.core/../key.ui/examples/InformationFlow/LoopInvariants/loop.IFLoopExamples(loop.IFLoopExamples__notSecure_while_wrongInv(int)).Non-interference contract.0.key 
73491      DEBUG main            d.u.i.k.p.i.AbstractProblemLoader Environment load took 105.6ns 
73492      INFO  main            d.u.i.k.p.i.AbstractProblemLoader Creating init config 
76332      DEBUG main            d.u.i.k.p.i.AbstractProblemLoader Init config took 2.84s 
76376      INFO  main            d.u.i.k.p.i.AbstractProblemLoader Replaying proof loop.IFLoopExamples[loop.IFLoopExamples::notSecure_while_wrongInv(int)].Non-interference contract.0 
76379      DEBUG main            d.u.i.k.p.i.IntermediateProofReplayer Proof replay took 13.5ns 
76782      INFO  main            d.u.i.k.p.r.p.TestFile    ... finished proof: open goal(s) 
76985      INFO  main            d.u.i.k.p.r.p.TestFile    Now processing file /home/runner/work/key/key/key.core/../key.ui/examples/InformationFlow/LoopInvariants/loop.IFLoopExamples(loop.IFLoopExamples__insecure_twoWhile(int)).Non-interference contract.0.key 
76985      INFO  main            d.u.i.k.p.i.AbstractProblemLoader Loading environment from /home/runner/work/key/key/key.core/../key.ui/examples/InformationFlow/LoopInvariants/loop.IFLoopExamples(loop.IFLoopExamples__insecure_twoWhile(int)).Non-interference contract.0.key 
76985      DEBUG main            d.u.i.k.p.i.AbstractProblemLoader Environment load took 78.9ns 
76986      INFO  main            d.u.i.k.p.i.AbstractProblemLoader Creating init config 
79831      DEBUG main            d.u.i.k.p.i.AbstractProblemLoader Init config took 2.84s 
79870      INFO  main            d.u.i.k.p.i.AbstractProblemLoader Replaying proof loop.IFLoopExamples[loop.IFLoopExamples::insecure_twoWhile(int)].Non-interference contract.0 
79872      DEBUG main            d.u.i.k.p.i.IntermediateProofReplayer Proof replay took 13.6ns 
81781      INFO  main            d.u.i.k.p.r.p.TestFile    ... finished proof: open goal(s) 
81979      INFO  main            d.u.i.k.p.r.p.TestFile    Now processing file /home/runner/work/key/key/key.core/../key.ui/examples/InformationFlow/LoopInvariants/loop.IFLoopExamples(loop.IFLoopExamples__insecure_twoWhile_2(int)).Non-interference contract.0.key 
81980      INFO  main            d.u.i.k.p.i.AbstractProblemLoader Loading environment from /home/runner/work/key/key/key.core/../key.ui/examples/InformationFlow/LoopInvariants/loop.IFLoopExamples(loop.IFLoopExamples__insecure_twoWhile_2(int)).Non-interference contract.0.key 
81980      DEBUG main            d.u.i.k.p.i.AbstractProblemLoader Environment load took 125.3ns 
81981      INFO  main            d.u.i.k.p.i.AbstractProblemLoader Creating init config 
84779      DEBUG main            d.u.i.k.p.i.AbstractProblemLoader Init config took 2.8s 
84817      INFO  main            d.u.i.k.p.i.AbstractProblemLoader Replaying proof loop.IFLoopExamples[loop.IFLoopExamples::insecure_twoWhile_2(int)].Non-interference contract.0 
84820      DEBUG main            d.u.i.k.p.i.IntermediateProofReplayer Proof replay took 15.7ns 
87064      INFO  main            d.u.i.k.p.r.p.TestFile    ... finished proof: open goal(s) 
87315      INFO  main            d.u.i.k.p.r.p.TestFile    Now processing file /home/runner/work/key/key/key.core/../key.ui/examples/InformationFlow/LoopInvariants/loop.IFLoopExamples(loop.IFLoopExamples__secure_twoWhile(int)).Non-interference contract.0.key 
87316      INFO  main            d.u.i.k.p.i.AbstractProblemLoader Loading environment from /home/runner/work/key/key/key.core/../key.ui/examples/InformationFlow/LoopInvariants/loop.IFLoopExamples(loop.IFLoopExamples__secure_twoWhile(int)).Non-interference contract.0.key 
87316      DEBUG main            d.u.i.k.p.i.AbstractProblemLoader Environment load took 98.3ns 
87317      INFO  main            d.u.i.k.p.i.AbstractProblemLoader Creating init config 
90161      DEBUG main            d.u.i.k.p.i.AbstractProblemLoader Init config took 2.84s 
90200      INFO  main            d.u.i.k.p.i.AbstractProblemLoader Replaying proof loop.IFLoopExamples[loop.IFLoopExamples::secure_twoWhile(int)].Non-interference contract.0 
90203      DEBUG main            d.u.i.k.p.i.IntermediateProofReplayer Proof replay took 13.9ns 
92019      INFO  main            d.u.i.k.p.r.p.TestFile    ... finished proof: closed. 
92276      INFO  main            d.u.i.k.p.r.p.TestFile    Now processing file /home/runner/work/key/key/key.core/../key.ui/examples/InformationFlow/LoopInvariants/loop.IFLoopExamples(loop.IFLoopExamples__loc_secure_while(int)).Non-interference contract.0.key 
92276      INFO  main            d.u.i.k.p.i.AbstractProblemLoader Loading environment from /home/runner/work/key/key/key.core/../key.ui/examples/InformationFlow/LoopInvariants/loop.IFLoopExamples(loop.IFLoopExamples__loc_secure_while(int)).Non-interference contract.0.key 
92276      DEBUG main            d.u.i.k.p.i.AbstractProblemLoader Environment load took 75.9ns 
92277      INFO  main            d.u.i.k.p.i.AbstractProblemLoader Creating init config 
95029      DEBUG main            d.u.i.k.p.i.AbstractProblemLoader Init config took 2.75s 
95069      INFO  main            d.u.i.k.p.i.AbstractProblemLoader Replaying proof loop.IFLoopExamples[loop.IFLoopExamples::loc_secure_while(int)].Non-interference contract.0 
95074      DEBUG main            d.u.i.k.p.i.IntermediateProofReplayer Proof replay took 15.6ns 
96279      INFO  main            d.u.i.k.p.r.p.TestFile    ... finished proof: closed. 
96494      INFO  main            d.u.i.k.p.r.p.TestFile    Now processing file /home/runner/work/key/key/key.core/../key.ui/examples/InformationFlow/LoopInvariants/loop.IFLoopExamples(loop.IFLoopExamples__secure_while(int)).Non-interference contract.0.key 
96494      INFO  main            d.u.i.k.p.i.AbstractProblemLoader Loading environment from /home/runner/work/key/key/key.core/../key.ui/examples/InformationFlow/LoopInvariants/loop.IFLoopExamples(loop.IFLoopExamples__secure_while(int)).Non-interference contract.0.key 
96494      DEBUG main            d.u.i.k.p.i.AbstractProblemLoader Environment load took 109.5ns 
96495      INFO  main            d.u.i.k.p.i.AbstractProblemLoader Creating init config 
99258      DEBUG main            d.u.i.k.p.i.AbstractProblemLoader Init config took 2.76s 
99295      INFO  main            d.u.i.k.p.i.AbstractProblemLoader Replaying proof loop.IFLoopExamples[loop.IFLoopExamples::secure_while(int)].Non-interference contract.0 
99298      DEBUG main            d.u.i.k.p.i.IntermediateProofReplayer Proof replay took 16.1ns 
100304     INFO  main            d.u.i.k.p.r.p.TestFile    ... finished proof: closed. 
100493     INFO  main            d.u.i.k.p.r.p.TestFile    Now processing file /home/runner/work/key/key/key.core/../key.ui/examples/InformationFlow/LoopInvariants/loop.IFLoopExamples(loop.IFLoopExamples__print(int)).Non-interference contract.0.key 
100493     INFO  main            d.u.i.k.p.i.AbstractProblemLoader Loading environment from /home/runner/work/key/key/key.core/../key.ui/examples/InformationFlow/LoopInvariants/loop.IFLoopExamples(loop.IFLoopExamples__print(int)).Non-interference contract.0.key 
100493     DEBUG main            d.u.i.k.p.i.AbstractProblemLoader Environment load took 70.2ns 
100494     INFO  main            d.u.i.k.p.i.AbstractProblemLoader Creating init config 
103336     DEBUG main            d.u.i.k.p.i.AbstractProblemLoader Init config took 2.84s 
103378     INFO  main            d.u.i.k.p.i.AbstractProblemLoader Replaying proof loop.IFLoopExamples[loop.IFLoopExamples::print(int)].Non-interference contract.0 
103381     DEBUG main            d.u.i.k.p.i.IntermediateProofReplayer Proof replay took 14.2ns 
103482     INFO  main            d.u.i.k.p.r.p.TestFile    ... finished proof: closed. 
103647     INFO  main            d.u.i.k.p.r.p.TestFile    Now processing file /home/runner/work/key/key/key.core/../key.ui/examples/InformationFlow/LoopInvariants/loop.IFLoopExamples(loop.IFLoopExamples__hammer(int)).Non-interference contract.0.key 
103647     INFO  main            d.u.i.k.p.i.AbstractProblemLoader Loading environment from /home/runner/work/key/key/key.core/../key.ui/examples/InformationFlow/LoopInvariants/loop.IFLoopExamples(loop.IFLoopExamples__hammer(int)).Non-interference contract.0.key 
103647     DEBUG main            d.u.i.k.p.i.AbstractProblemLoader Environment load took 105.3ns 
103648     INFO  main            d.u.i.k.p.i.AbstractProblemLoader Creating init config 
106458     DEBUG main            d.u.i.k.p.i.AbstractProblemLoader Init config took 2.81s 
106493     INFO  main            d.u.i.k.p.i.AbstractProblemLoader Replaying proof loop.IFLoopExamples[loop.IFLoopExamples::hammer(int)].Non-interference contract.0 
106495     DEBUG main            d.u.i.k.p.i.IntermediateProofReplayer Proof replay took 14.5ns 
108403     INFO  main            d.u.i.k.p.r.p.TestFile    ... finished proof: closed. 
1084107    INFO  Test worker     d.u.i.k.p.r.RunAllProofsTestUnit Returning from test LoopInvariants_nomacro 
1084108    INFO  Test worker     d.u.i.k.p.r.RunAllProofsTestUnit Running test MiniExamples_nomacro 
334        INFO  Timeout watchdog d.u.i.k.p.r.p.ForkedTestFileRunner Timeout watcher launched (1000 secs.) 
337        WARN  main            d.u.i.k.s.ProofSettings   The settings in /home/runner/.key/proof-settings.props are *not* read. 
363        INFO  main            d.u.i.k.p.r.p.TestFile    Now processing file /home/runner/work/key/key/key.core/../key.ui/examples/InformationFlow/MiniExamples/mini.AliasingExamples(mini.AliasingExamples__insecure_1(mini.AliasingExamples,mini.AliasingExamples,int)).Non-interference contract.0.key 
468        INFO  main            d.u.i.k.p.i.AbstractProblemLoader Loading environment from /home/runner/work/key/key/key.core/../key.ui/examples/InformationFlow/MiniExamples/mini.AliasingExamples(mini.AliasingExamples__insecure_1(mini.AliasingExamples,mini.AliasingExamples,int)).Non-interference contract.0.key 
493        DEBUG main            d.u.i.k.p.i.AbstractProblemLoader Environment load took 2.27ms 
720        INFO  main            d.u.i.k.p.i.AbstractProblemLoader Creating init config 
1588       DEBUG main            d.u.i.k.j.TypeConverter   No LDT found for Meta 
1592       DEBUG main            d.u.i.k.j.TypeConverter   No LDT found for Meta 
1596       DEBUG main            d.u.i.k.j.TypeConverter   No LDT found for Meta 
1596       DEBUG main            d.u.i.k.j.TypeConverter   No LDT found for Meta 
3107       DEBUG main            d.u.i.k.j.TypeConverter   No LDT found for JavaBigintExpression 
8405       DEBUG main            d.u.i.k.p.i.AbstractProblemLoader Init config took 7.68s 
8581       INFO  main            d.u.i.k.p.i.AbstractProblemLoader Replaying proof mini.AliasingExamples[mini.AliasingExamples::insecure_1(mini.AliasingExamples,mini.AliasingExamples,int)].Non-interference contract.0 
8658       DEBUG main            d.u.i.k.p.i.IntermediateProofReplayer Proof replay took 596.11ns 
9585       INFO  main            d.u.i.k.p.r.p.TestFile    ... finished proof: open goal(s) 
9703       INFO  main            d.u.i.k.p.r.p.TestFile    Now processing file /home/runner/work/key/key/key.core/../key.ui/examples/InformationFlow/MiniExamples/mini.AliasingExamples(mini.AliasingExamples__secure_1(mini.AliasingExamples,mini.AliasingExamples,int)).Non-interference contract.0.key 
9703       INFO  main            d.u.i.k.p.i.AbstractProblemLoader Loading environment from /home/runner/work/key/key/key.core/../key.ui/examples/InformationFlow/MiniExamples/mini.AliasingExamples(mini.AliasingExamples__secure_1(mini.AliasingExamples,mini.AliasingExamples,int)).Non-interference contract.0.key 
9703       DEBUG main            d.u.i.k.p.i.AbstractProblemLoader Environment load took 98.4ns 
9705       INFO  main            d.u.i.k.p.i.AbstractProblemLoader Creating init config 
12618      DEBUG main            d.u.i.k.p.i.AbstractProblemLoader Init config took 2.91s 
12694      INFO  main            d.u.i.k.p.i.AbstractProblemLoader Replaying proof mini.AliasingExamples[mini.AliasingExamples::secure_1(mini.AliasingExamples,mini.AliasingExamples,int)].Non-interference contract.0 
12698      DEBUG main            d.u.i.k.p.i.IntermediateProofReplayer Proof replay took 28.7ns 
13003      INFO  main            d.u.i.k.p.r.p.TestFile    ... finished proof: closed. 
13124      INFO  main            d.u.i.k.p.r.p.TestFile    Now processing file /home/runner/work/key/key/key.core/../key.ui/examples/InformationFlow/MiniExamples/mini.MiniExamplesLecture(mini.MiniExamplesLecture__m_6()).Non-interference contract.0.key 
13129      INFO  main            d.u.i.k.p.i.AbstractProblemLoader Loading environment from /home/runner/work/key/key/key.core/../key.ui/examples/InformationFlow/MiniExamples/mini.MiniExamplesLecture(mini.MiniExamplesLecture__m_6()).Non-interference contract.0.key 
13129      DEBUG main            d.u.i.k.p.i.AbstractProblemLoader Environment load took 153.9ns 
13130      INFO  main            d.u.i.k.p.i.AbstractProblemLoader Creating init config 
15889      DEBUG main            d.u.i.k.p.i.AbstractProblemLoader Init config took 2.76s 
15954      INFO  main            d.u.i.k.p.i.AbstractProblemLoader Replaying proof mini.MiniExamplesLecture[mini.MiniExamplesLecture::m_6()].Non-interference contract.0 
15958      DEBUG main            d.u.i.k.p.i.IntermediateProofReplayer Proof replay took 14.2ns 
16171      INFO  main            d.u.i.k.p.r.p.TestFile    ... finished proof: closed. 
16285      INFO  main            d.u.i.k.p.r.p.TestFile    Now processing file /home/runner/work/key/key/key.core/../key.ui/examples/InformationFlow/MiniExamples/mini.MiniExamplesLecture(mini.MiniExamplesLecture__m_5()).Non-interference contract.0.key 
16286      INFO  main            d.u.i.k.p.i.AbstractProblemLoader Loading environment from /home/runner/work/key/key/key.core/../key.ui/examples/InformationFlow/MiniExamples/mini.MiniExamplesLecture(mini.MiniExamplesLecture__m_5()).Non-interference contract.0.key 
16286      DEBUG main            d.u.i.k.p.i.AbstractProblemLoader Environment load took 126.9ns 
16287      INFO  main            d.u.i.k.p.i.AbstractProblemLoader Creating init config 
19002      DEBUG main            d.u.i.k.p.i.AbstractProblemLoader Init config took 2.72s 
19055      INFO  main            d.u.i.k.p.i.AbstractProblemLoader Replaying proof mini.MiniExamplesLecture[mini.MiniExamplesLecture::m_5()].Non-interference contract.0 
19058      DEBUG main            d.u.i.k.p.i.IntermediateProofReplayer Proof replay took 13.8ns 
19265      INFO  main            d.u.i.k.p.r.p.TestFile    ... finished proof: closed. 
19400      INFO  main            d.u.i.k.p.r.p.TestFile    Now processing file /home/runner/work/key/key/key.core/../key.ui/examples/InformationFlow/MiniExamples/mini.MiniExamplesLecture(mini.MiniExamplesLecture__m_4()).Non-interference contract.0.key 
19400      INFO  main            d.u.i.k.p.i.AbstractProblemLoader Loading environment from /home/runner/work/key/key/key.core/../key.ui/examples/InformationFlow/MiniExamples/mini.MiniExamplesLecture(mini.MiniExamplesLecture__m_4()).Non-interference contract.0.key 
19401      DEBUG main            d.u.i.k.p.i.AbstractProblemLoader Environment load took 119ns 
19403      INFO  main            d.u.i.k.p.i.AbstractProblemLoader Creating init config 
22082      DEBUG main            d.u.i.k.p.i.AbstractProblemLoader Init config took 2.68s 
22141      INFO  main            d.u.i.k.p.i.AbstractProblemLoader Replaying proof mini.MiniExamplesLecture[mini.MiniExamplesLecture::m_4()].Non-interference contract.0 
22146      DEBUG main            d.u.i.k.p.i.IntermediateProofReplayer Proof replay took 13.9ns 
22349      INFO  main            d.u.i.k.p.r.p.TestFile    ... finished proof: closed. 
22504      INFO  main            d.u.i.k.p.r.p.TestFile    Now processing file /home/runner/work/key/key/key.core/../key.ui/examples/InformationFlow/MiniExamples/mini.MiniExamplesLecture(mini.MiniExamplesLecture__m_3()).Non-interference contract.0.key 
22505      INFO  main            d.u.i.k.p.i.AbstractProblemLoader Loading environment from /home/runner/work/key/key/key.core/../key.ui/examples/InformationFlow/MiniExamples/mini.MiniExamplesLecture(mini.MiniExamplesLecture__m_3()).Non-interference contract.0.key 
22505      DEBUG main            d.u.i.k.p.i.AbstractProblemLoader Environment load took 89.8ns 
22506      INFO  main            d.u.i.k.p.i.AbstractProblemLoader Creating init config 
25141      DEBUG main            d.u.i.k.p.i.AbstractProblemLoader Init config took 2.64s 
25197      INFO  main            d.u.i.k.p.i.AbstractProblemLoader Replaying proof mini.MiniExamplesLecture[mini.MiniExamplesLecture::m_3()].Non-interference contract.0 
25200      DEBUG main            d.u.i.k.p.i.IntermediateProofReplayer Proof replay took 12.4ns 
25504      INFO  main            d.u.i.k.p.r.p.TestFile    ... finished proof: open goal(s) 
25655      INFO  main            d.u.i.k.p.r.p.TestFile    Now processing file /home/runner/work/key/key/key.core/../key.ui/examples/InformationFlow/MiniExamples/mini.MiniExamplesLecture(mini.MiniExamplesLecture__m_2()).Non-interference contract.0.key 
25657      INFO  main            d.u.i.k.p.i.AbstractProblemLoader Loading environment from /home/runner/work/key/key/key.core/../key.ui/examples/InformationFlow/MiniExamples/mini.MiniExamplesLecture(mini.MiniExamplesLecture__m_2()).Non-interference contract.0.key 
25657      DEBUG main            d.u.i.k.p.i.AbstractProblemLoader Environment load took 124.9ns 
25658      INFO  main            d.u.i.k.p.i.AbstractProblemLoader Creating init config 
28287      DEBUG main            d.u.i.k.p.i.AbstractProblemLoader Init config took 2.63s 
28333      INFO  main            d.u.i.k.p.i.AbstractProblemLoader Replaying proof mini.MiniExamplesLecture[mini.MiniExamplesLecture::m_2()].Non-interference contract.0 
28336      DEBUG main            d.u.i.k.p.i.IntermediateProofReplayer Proof replay took 13ns 
28538      INFO  main            d.u.i.k.p.r.p.TestFile    ... finished proof: closed. 
28700      INFO  main            d.u.i.k.p.r.p.TestFile    Now processing file /home/runner/work/key/key/key.core/../key.ui/examples/InformationFlow/MiniExamples/mini.MiniExamplesLecture(mini.MiniExamplesLecture__m_1()).Non-interference contract.0.key 
28701      INFO  main            d.u.i.k.p.i.AbstractProblemLoader Loading environment from /home/runner/work/key/key/key.core/../key.ui/examples/InformationFlow/MiniExamples/mini.MiniExamplesLecture(mini.MiniExamplesLecture__m_1()).Non-interference contract.0.key 
28701      DEBUG main            d.u.i.k.p.i.AbstractProblemLoader Environment load took 110.8ns 
28703      INFO  main            d.u.i.k.p.i.AbstractProblemLoader Creating init config 
31313      DEBUG main            d.u.i.k.p.i.AbstractProblemLoader Init config took 2.61s 
31378      INFO  main            d.u.i.k.p.i.AbstractProblemLoader Replaying proof mini.MiniExamplesLecture[mini.MiniExamplesLecture::m_1()].Non-interference contract.0 
31381      DEBUG main            d.u.i.k.p.i.IntermediateProofReplayer Proof replay took 14.5ns 
31484      INFO  main            d.u.i.k.p.r.p.TestFile    ... finished proof: open goal(s) 
31630      INFO  main            d.u.i.k.p.r.p.TestFile    Now processing file /home/runner/work/key/key/key.core/../key.ui/examples/InformationFlow/MiniExamples/mini.DifferenceSeqLocset(mini.DifferenceSeqLocset__m()).Non-interference contract.1.key 
31632      INFO  main            d.u.i.k.p.i.AbstractProblemLoader Loading environment from /home/runner/work/key/key/key.core/../key.ui/examples/InformationFlow/MiniExamples/mini.DifferenceSeqLocset(mini.DifferenceSeqLocset__m()).Non-interference contract.1.key 
31632      DEBUG main            d.u.i.k.p.i.AbstractProblemLoader Environment load took 125.3ns 
31633      INFO  main            d.u.i.k.p.i.AbstractProblemLoader Creating init config 
34219      DEBUG main            d.u.i.k.p.i.AbstractProblemLoader Init config took 2.59s 
34267      INFO  main            d.u.i.k.p.i.AbstractProblemLoader Replaying proof mini.DifferenceSeqLocset[mini.DifferenceSeqLocset::m()].Non-interference contract.1 
34270      DEBUG main            d.u.i.k.p.i.IntermediateProofReplayer Proof replay took 14.1ns 
34978      INFO  main            d.u.i.k.p.r.p.TestFile    ... finished proof: open goal(s) 
35230      INFO  main            d.u.i.k.p.r.p.TestFile    Now processing file /home/runner/work/key/key/key.core/../key.ui/examples/InformationFlow/MiniExamples/mini.DifferenceSeqLocset(mini.DifferenceSeqLocset__m()).Non-interference contract.0.key 
35230      INFO  main            d.u.i.k.p.i.AbstractProblemLoader Loading environment from /home/runner/work/key/key/key.core/../key.ui/examples/InformationFlow/MiniExamples/mini.DifferenceSeqLocset(mini.DifferenceSeqLocset__m()).Non-interference contract.0.key 
35230      DEBUG main            d.u.i.k.p.i.AbstractProblemLoader Environment load took 103ns 
35231      INFO  main            d.u.i.k.p.i.AbstractProblemLoader Creating init config 
37827      DEBUG main            d.u.i.k.p.i.AbstractProblemLoader Init config took 2.6s 
37898      INFO  main            d.u.i.k.p.i.AbstractProblemLoader Replaying proof mini.DifferenceSeqLocset[mini.DifferenceSeqLocset::m()].Non-interference contract.0 
37900      DEBUG main            d.u.i.k.p.i.IntermediateProofReplayer Proof replay took 14.9ns 
39662      INFO  main            d.u.i.k.p.r.p.TestFile    ... finished proof: open goal(s) 
39838      INFO  main            d.u.i.k.p.r.p.TestFile    Now processing file /home/runner/work/key/key/key.core/../key.ui/examples/InformationFlow/MiniExamples/mini.MiniExamples(mini.MiniExamples__secure_p2_8()).Non-interference contract.0.key 
39839      INFO  main            d.u.i.k.p.i.AbstractProblemLoader Loading environment from /home/runner/work/key/key/key.core/../key.ui/examples/InformationFlow/MiniExamples/mini.MiniExamples(mini.MiniExamples__secure_p2_8()).Non-interference contract.0.key 
39839      DEBUG main            d.u.i.k.p.i.AbstractProblemLoader Environment load took 78.5ns 
39840      INFO  main            d.u.i.k.p.i.AbstractProblemLoader Creating init config 
42397      DEBUG main            d.u.i.k.p.i.AbstractProblemLoader Init config took 2.56s 
42441      INFO  main            d.u.i.k.p.i.AbstractProblemLoader Replaying proof mini.MiniExamples[mini.MiniExamples::secure_p2_8()].Non-interference contract.0 
42444      DEBUG main            d.u.i.k.p.i.IntermediateProofReplayer Proof replay took 13.8ns 
42747      INFO  main            d.u.i.k.p.r.p.TestFile    ... finished proof: closed. 
42910      INFO  main            d.u.i.k.p.r.p.TestFile    Now processing file /home/runner/work/key/key/key.core/../key.ui/examples/InformationFlow/MiniExamples/mini.MiniExamples(mini.MiniExamples__secure_parameter(int)).Non-interference contract.0.key 
42911      INFO  main            d.u.i.k.p.i.AbstractProblemLoader Loading environment from /home/runner/work/key/key/key.core/../key.ui/examples/InformationFlow/MiniExamples/mini.MiniExamples(mini.MiniExamples__secure_parameter(int)).Non-interference contract.0.key 
42911      DEBUG main            d.u.i.k.p.i.AbstractProblemLoader Environment load took 83ns 
42912      INFO  main            d.u.i.k.p.i.AbstractProblemLoader Creating init config 
45472      DEBUG main            d.u.i.k.p.i.AbstractProblemLoader Init config took 2.56s 
45516      INFO  main            d.u.i.k.p.i.AbstractProblemLoader Replaying proof mini.MiniExamples[mini.MiniExamples::secure_parameter(int)].Non-interference contract.0 
45519      DEBUG main            d.u.i.k.p.i.IntermediateProofReplayer Proof replay took 13.3ns 
45622      INFO  main            d.u.i.k.p.r.p.TestFile    ... finished proof: closed. 
45776      INFO  main            d.u.i.k.p.r.p.TestFile    Now processing file /home/runner/work/key/key/key.core/../key.ui/examples/InformationFlow/MiniExamples/mini.MiniExamples(mini.MiniExamples__secure_p2_7()).Non-interference contract.0.key 
45776      INFO  main            d.u.i.k.p.i.AbstractProblemLoader Loading environment from /home/runner/work/key/key/key.core/../key.ui/examples/InformationFlow/MiniExamples/mini.MiniExamples(mini.MiniExamples__secure_p2_7()).Non-interference contract.0.key 
45776      DEBUG main            d.u.i.k.p.i.AbstractProblemLoader Environment load took 92.2ns 
45778      INFO  main            d.u.i.k.p.i.AbstractProblemLoader Creating init config 
48370      DEBUG main            d.u.i.k.p.i.AbstractProblemLoader Init config took 2.59s 
48419      INFO  main            d.u.i.k.p.i.AbstractProblemLoader Replaying proof mini.MiniExamples[mini.MiniExamples::secure_p2_7()].Non-interference contract.0 
48422      DEBUG main            d.u.i.k.p.i.IntermediateProofReplayer Proof replay took 15.8ns 
48624      INFO  main            d.u.i.k.p.r.p.TestFile    ... finished proof: closed. 
48785      INFO  main            d.u.i.k.p.r.p.TestFile    Now processing file /home/runner/work/key/key/key.core/../key.ui/examples/InformationFlow/MiniExamples/mini.MiniExamples(mini.MiniExamples__insecure_p2_2()).Non-interference contract.0.key 
48785      INFO  main            d.u.i.k.p.i.AbstractProblemLoader Loading environment from /home/runner/work/key/key/key.core/../key.ui/examples/InformationFlow/MiniExamples/mini.MiniExamples(mini.MiniExamples__insecure_p2_2()).Non-interference contract.0.key 
48785      DEBUG main            d.u.i.k.p.i.AbstractProblemLoader Environment load took 111.7ns 
48786      INFO  main            d.u.i.k.p.i.AbstractProblemLoader Creating init config 
51351      DEBUG main            d.u.i.k.p.i.AbstractProblemLoader Init config took 2.56s 
51391      INFO  main            d.u.i.k.p.i.AbstractProblemLoader Replaying proof mini.MiniExamples[mini.MiniExamples::insecure_p2_2()].Non-interference contract.0 
51393      DEBUG main            d.u.i.k.p.i.IntermediateProofReplayer Proof replay took 13.6ns 
51697      INFO  main            d.u.i.k.p.r.p.TestFile    ... finished proof: open goal(s) 
51868      INFO  main            d.u.i.k.p.r.p.TestFile    Now processing file /home/runner/work/key/key/key.core/../key.ui/examples/InformationFlow/MiniExamples/mini.MiniExamples(mini.MiniExamples__secure_p2_6()).Non-interference contract.0.key 
51869      INFO  main            d.u.i.k.p.i.AbstractProblemLoader Loading environment from /home/runner/work/key/key/key.core/../key.ui/examples/InformationFlow/MiniExamples/mini.MiniExamples(mini.MiniExamples__secure_p2_6()).Non-interference contract.0.key 
51869      DEBUG main            d.u.i.k.p.i.AbstractProblemLoader Environment load took 78.3ns 
51870      INFO  main            d.u.i.k.p.i.AbstractProblemLoader Creating init config 
54369      DEBUG main            d.u.i.k.p.i.AbstractProblemLoader Init config took 2.5s 
54421      INFO  main            d.u.i.k.p.i.AbstractProblemLoader Replaying proof mini.MiniExamples[mini.MiniExamples::secure_p2_6()].Non-interference contract.0 
54423      DEBUG main            d.u.i.k.p.i.IntermediateProofReplayer Proof replay took 16.2ns 
54526      INFO  main            d.u.i.k.p.r.p.TestFile    ... finished proof: closed. 
54682      INFO  main            d.u.i.k.p.r.p.TestFile    Now processing file /home/runner/work/key/key/key.core/../key.ui/examples/InformationFlow/MiniExamples/mini.MiniExamples(mini.MiniExamples__secure_p2_5()).Non-interference contract.0.key 
54682      INFO  main            d.u.i.k.p.i.AbstractProblemLoader Loading environment from /home/runner/work/key/key/key.core/../key.ui/examples/InformationFlow/MiniExamples/mini.MiniExamples(mini.MiniExamples__secure_p2_5()).Non-interference contract.0.key 
54682      DEBUG main            d.u.i.k.p.i.AbstractProblemLoader Environment load took 83.2ns 
54683      INFO  main            d.u.i.k.p.i.AbstractProblemLoader Creating init config 
57212      DEBUG main            d.u.i.k.p.i.AbstractProblemLoader Init config took 2.53s 
57252      INFO  main            d.u.i.k.p.i.AbstractProblemLoader Replaying proof mini.MiniExamples[mini.MiniExamples::secure_p2_5()].Non-interference contract.0 
57255      DEBUG main            d.u.i.k.p.i.IntermediateProofReplayer Proof replay took 13.3ns 
57458      INFO  main            d.u.i.k.p.r.p.TestFile    ... finished proof: closed. 
57630      INFO  main            d.u.i.k.p.r.p.TestFile    Now processing file /home/runner/work/key/key/key.core/../key.ui/examples/InformationFlow/MiniExamples/mini.MiniExamples(mini.MiniExamples__secure_p2_4()).Non-interference contract.0.key 
57630      INFO  main            d.u.i.k.p.i.AbstractProblemLoader Loading environment from /home/runner/work/key/key/key.core/../key.ui/examples/InformationFlow/MiniExamples/mini.MiniExamples(mini.MiniExamples__secure_p2_4()).Non-interference contract.0.key 
57631      DEBUG main            d.u.i.k.p.i.AbstractProblemLoader Environment load took 65.2ns 
57631      INFO  main            d.u.i.k.p.i.AbstractProblemLoader Creating init config 
60150      DEBUG main            d.u.i.k.p.i.AbstractProblemLoader Init config took 2.52s 
60203      INFO  main            d.u.i.k.p.i.AbstractProblemLoader Replaying proof mini.MiniExamples[mini.MiniExamples::secure_p2_4()].Non-interference contract.0 
60206      DEBUG main            d.u.i.k.p.i.IntermediateProofReplayer Proof replay took 15.2ns 
60408      INFO  main            d.u.i.k.p.r.p.TestFile    ... finished proof: closed. 
60573      INFO  main            d.u.i.k.p.r.p.TestFile    Now processing file /home/runner/work/key/key/key.core/../key.ui/examples/InformationFlow/MiniExamples/mini.MiniExamples(mini.MiniExamples__secure_p2_3()).Non-interference contract.0.key 
60574      INFO  main            d.u.i.k.p.i.AbstractProblemLoader Loading environment from /home/runner/work/key/key/key.core/../key.ui/examples/InformationFlow/MiniExamples/mini.MiniExamples(mini.MiniExamples__secure_p2_3()).Non-interference contract.0.key 
60574      DEBUG main            d.u.i.k.p.i.AbstractProblemLoader Environment load took 109.2ns 
60575      INFO  main            d.u.i.k.p.i.AbstractProblemLoader Creating init config 
63080      DEBUG main            d.u.i.k.p.i.AbstractProblemLoader Init config took 2.5s 
63118      INFO  main            d.u.i.k.p.i.AbstractProblemLoader Replaying proof mini.MiniExamples[mini.MiniExamples::secure_p2_3()].Non-interference contract.0 
63121      DEBUG main            d.u.i.k.p.i.IntermediateProofReplayer Proof replay took 13.9ns 
63324      INFO  main            d.u.i.k.p.r.p.TestFile    ... finished proof: closed. 
63496      INFO  main            d.u.i.k.p.r.p.TestFile    Now processing file /home/runner/work/key/key/key.core/../key.ui/examples/InformationFlow/MiniExamples/mini.MiniExamples(mini.MiniExamples__secure_p2_2()).Non-interference contract.0.key 
63497      INFO  main            d.u.i.k.p.i.AbstractProblemLoader Loading environment from /home/runner/work/key/key/key.core/../key.ui/examples/InformationFlow/MiniExamples/mini.MiniExamples(mini.MiniExamples__secure_p2_2()).Non-interference contract.0.key 
63497      DEBUG main            d.u.i.k.p.i.AbstractProblemLoader Environment load took 118ns 
63498      INFO  main            d.u.i.k.p.i.AbstractProblemLoader Creating init config 
66041      DEBUG main            d.u.i.k.p.i.AbstractProblemLoader Init config took 2.54s 
66078      INFO  main            d.u.i.k.p.i.AbstractProblemLoader Replaying proof mini.MiniExamples[mini.MiniExamples::secure_p2_2()].Non-interference contract.0 
66080      DEBUG main            d.u.i.k.p.i.IntermediateProofReplayer Proof replay took 14.1ns 
66182      INFO  main            d.u.i.k.p.r.p.TestFile    ... finished proof: closed. 
66359      INFO  main            d.u.i.k.p.r.p.TestFile    Now processing file /home/runner/work/key/key/key.core/../key.ui/examples/InformationFlow/MiniExamples/mini.MiniExamples(mini.MiniExamples__secure_p2_1()).Non-interference contract.0.key 
66360      INFO  main            d.u.i.k.p.i.AbstractProblemLoader Loading environment from /home/runner/work/key/key/key.core/../key.ui/examples/InformationFlow/MiniExamples/mini.MiniExamples(mini.MiniExamples__secure_p2_1()).Non-interference contract.0.key 
66360      DEBUG main            d.u.i.k.p.i.AbstractProblemLoader Environment load took 65.6ns 
66361      INFO  main            d.u.i.k.p.i.AbstractProblemLoader Creating init config 
68865      DEBUG main            d.u.i.k.p.i.AbstractProblemLoader Init config took 2.5s 
68903      INFO  main            d.u.i.k.p.i.AbstractProblemLoader Replaying proof mini.MiniExamples[mini.MiniExamples::secure_p2_1()].Non-interference contract.0 
68905      DEBUG main            d.u.i.k.p.i.IntermediateProofReplayer Proof replay took 15.1ns 
69010      INFO  main            d.u.i.k.p.r.p.TestFile    ... finished proof: closed. 
69190      INFO  main            d.u.i.k.p.r.p.TestFile    Now processing file /home/runner/work/key/key/key.core/../key.ui/examples/InformationFlow/MiniExamples/mini.MiniExamples(mini.MiniExamples__insecure_p2_1()).Non-interference contract.0.key 
69191      INFO  main            d.u.i.k.p.i.AbstractProblemLoader Loading environment from /home/runner/work/key/key/key.core/../key.ui/examples/InformationFlow/MiniExamples/mini.MiniExamples(mini.MiniExamples__insecure_p2_1()).Non-interference contract.0.key 
69191      DEBUG main            d.u.i.k.p.i.AbstractProblemLoader Environment load took 75.3ns 
69192      INFO  main            d.u.i.k.p.i.AbstractProblemLoader Creating init config 
71689      DEBUG main            d.u.i.k.p.i.AbstractProblemLoader Init config took 2.5s 
71736      INFO  main            d.u.i.k.p.i.AbstractProblemLoader Replaying proof mini.MiniExamples[mini.MiniExamples::insecure_p2_1()].Non-interference contract.0 
71738      DEBUG main            d.u.i.k.p.i.IntermediateProofReplayer Proof replay took 13.4ns 
71840      INFO  main            d.u.i.k.p.r.p.TestFile    ... finished proof: open goal(s) 
72026      INFO  main            d.u.i.k.p.r.p.TestFile    Now processing file /home/runner/work/key/key/key.core/../key.ui/examples/InformationFlow/MiniExamples/mini.MiniExamples(mini.MiniExamples__secure_p1_6()).Non-interference contract.0.key 
72027      INFO  main            d.u.i.k.p.i.AbstractProblemLoader Loading environment from /home/runner/work/key/key/key.core/../key.ui/examples/InformationFlow/MiniExamples/mini.MiniExamples(mini.MiniExamples__secure_p1_6()).Non-interference contract.0.key 
72027      DEBUG main            d.u.i.k.p.i.AbstractProblemLoader Environment load took 1.02ms 
72028      INFO  main            d.u.i.k.p.i.AbstractProblemLoader Creating init config 
74539      DEBUG main            d.u.i.k.p.i.AbstractProblemLoader Init config took 2.51s 
74575      INFO  main            d.u.i.k.p.i.AbstractProblemLoader Replaying proof mini.MiniExamples[mini.MiniExamples::secure_p1_6()].Non-interference contract.0 
74578      DEBUG main            d.u.i.k.p.i.IntermediateProofReplayer Proof replay took 13ns 
74682      INFO  main            d.u.i.k.p.r.p.TestFile    ... finished proof: closed. 
74868      INFO  main            d.u.i.k.p.r.p.TestFile    Now processing file /home/runner/work/key/key/key.core/../key.ui/examples/InformationFlow/MiniExamples/mini.MiniExamples(mini.MiniExamples__secure_p1_5()).Non-interference contract.0.key 
74869      INFO  main            d.u.i.k.p.i.AbstractProblemLoader Loading environment from /home/runner/work/key/key/key.core/../key.ui/examples/InformationFlow/MiniExamples/mini.MiniExamples(mini.MiniExamples__secure_p1_5()).Non-interference contract.0.key 
74869      DEBUG main            d.u.i.k.p.i.AbstractProblemLoader Environment load took 86.8ns 
74870      INFO  main            d.u.i.k.p.i.AbstractProblemLoader Creating init config 
77404      DEBUG main            d.u.i.k.p.i.AbstractProblemLoader Init config took 2.53s 
77441      INFO  main            d.u.i.k.p.i.AbstractProblemLoader Replaying proof mini.MiniExamples[mini.MiniExamples::secure_p1_5()].Non-interference contract.0 
77443      DEBUG main            d.u.i.k.p.i.IntermediateProofReplayer Proof replay took 14ns 
77747      INFO  main            d.u.i.k.p.r.p.TestFile    ... finished proof: closed. 
77972      INFO  main            d.u.i.k.p.r.p.TestFile    Now processing file /home/runner/work/key/key/key.core/../key.ui/examples/InformationFlow/MiniExamples/mini.MiniExamples(mini.MiniExamples__secure_p1_4()).Non-interference contract.0.key 
77973      INFO  main            d.u.i.k.p.i.AbstractProblemLoader Loading environment from /home/runner/work/key/key/key.core/../key.ui/examples/InformationFlow/MiniExamples/mini.MiniExamples(mini.MiniExamples__secure_p1_4()).Non-interference contract.0.key 
77973      DEBUG main            d.u.i.k.p.i.AbstractProblemLoader Environment load took 124.5ns 
77974      INFO  main            d.u.i.k.p.i.AbstractProblemLoader Creating init config 
80471      DEBUG main            d.u.i.k.p.i.AbstractProblemLoader Init config took 2.5s 
80508      INFO  main            d.u.i.k.p.i.AbstractProblemLoader Replaying proof mini.MiniExamples[mini.MiniExamples::secure_p1_4()].Non-interference contract.0 
80510      DEBUG main            d.u.i.k.p.i.IntermediateProofReplayer Proof replay took 15.2ns 
80813      INFO  main            d.u.i.k.p.r.p.TestFile    ... finished proof: closed. 
81006      INFO  main            d.u.i.k.p.r.p.TestFile    Now processing file /home/runner/work/key/key/key.core/../key.ui/examples/InformationFlow/MiniExamples/mini.MiniExamples(mini.MiniExamples__secure_p1_3()).Non-interference contract.0.key 
81006      INFO  main            d.u.i.k.p.i.AbstractProblemLoader Loading environment from /home/runner/work/key/key/key.core/../key.ui/examples/InformationFlow/MiniExamples/mini.MiniExamples(mini.MiniExamples__secure_p1_3()).Non-interference contract.0.key 
81006      DEBUG main            d.u.i.k.p.i.AbstractProblemLoader Environment load took 72.5ns 
81007      INFO  main            d.u.i.k.p.i.AbstractProblemLoader Creating init config 
83493      DEBUG main            d.u.i.k.p.i.AbstractProblemLoader Init config took 2.49s 
83529      INFO  main            d.u.i.k.p.i.AbstractProblemLoader Replaying proof mini.MiniExamples[mini.MiniExamples::secure_p1_3()].Non-interference contract.0 
83531      DEBUG main            d.u.i.k.p.i.IntermediateProofReplayer Proof replay took 14.6ns 
83733      INFO  main            d.u.i.k.p.r.p.TestFile    ... finished proof: closed. 
84026      INFO  main            d.u.i.k.p.r.p.TestFile    Now processing file /home/runner/work/key/key/key.core/../key.ui/examples/InformationFlow/MiniExamples/mini.MiniExamples(mini.MiniExamples__secure_p1_2()).Non-interference contract.0.key 
84028      INFO  main            d.u.i.k.p.i.AbstractProblemLoader Loading environment from /home/runner/work/key/key/key.core/../key.ui/examples/InformationFlow/MiniExamples/mini.MiniExamples(mini.MiniExamples__secure_p1_2()).Non-interference contract.0.key 
84028      DEBUG main            d.u.i.k.p.i.AbstractProblemLoader Environment load took 118.5ns 
84029      INFO  main            d.u.i.k.p.i.AbstractProblemLoader Creating init config 
86509      DEBUG main            d.u.i.k.p.i.AbstractProblemLoader Init config took 2.48s 
86544      INFO  main            d.u.i.k.p.i.AbstractProblemLoader Replaying proof mini.MiniExamples[mini.MiniExamples::secure_p1_2()].Non-interference contract.0 
86547      DEBUG main            d.u.i.k.p.i.IntermediateProofReplayer Proof replay took 13.6ns 
86849      INFO  main            d.u.i.k.p.r.p.TestFile    ... finished proof: closed. 
87133      INFO  main            d.u.i.k.p.r.p.TestFile    Now processing file /home/runner/work/key/key/key.core/../key.ui/examples/InformationFlow/MiniExamples/mini.MiniExamples(mini.MiniExamples__secure_p1_1()).Non-interference contract.1.key 
87134      INFO  main            d.u.i.k.p.i.AbstractProblemLoader Loading environment from /home/runner/work/key/key/key.core/../key.ui/examples/InformationFlow/MiniExamples/mini.MiniExamples(mini.MiniExamples__secure_p1_1()).Non-interference contract.1.key 
87134      DEBUG main            d.u.i.k.p.i.AbstractProblemLoader Environment load took 127.5ns 
87135      INFO  main            d.u.i.k.p.i.AbstractProblemLoader Creating init config 
89615      DEBUG main            d.u.i.k.p.i.AbstractProblemLoader Init config took 2.48s 
89651      INFO  main            d.u.i.k.p.i.AbstractProblemLoader Replaying proof mini.MiniExamples[mini.MiniExamples::secure_p1_1()].Non-interference contract.1 
89654      DEBUG main            d.u.i.k.p.i.IntermediateProofReplayer Proof replay took 15.2ns 
89856      INFO  main            d.u.i.k.p.r.p.TestFile    ... finished proof: closed. 
90058      INFO  main            d.u.i.k.p.r.p.TestFile    Now processing file /home/runner/work/key/key/key.core/../key.ui/examples/InformationFlow/MiniExamples/mini.MiniExamples(mini.MiniExamples__secure_p1_1()).Non-interference contract.0.key 
90059      INFO  main            d.u.i.k.p.i.AbstractProblemLoader Loading environment from /home/runner/work/key/key/key.core/../key.ui/examples/InformationFlow/MiniExamples/mini.MiniExamples(mini.MiniExamples__secure_p1_1()).Non-interference contract.0.key 
90059      DEBUG main            d.u.i.k.p.i.AbstractProblemLoader Environment load took 79.4ns 
90060      INFO  main            d.u.i.k.p.i.AbstractProblemLoader Creating init config 
92586      DEBUG main            d.u.i.k.p.i.AbstractProblemLoader Init config took 2.53s 
92626      INFO  main            d.u.i.k.p.i.AbstractProblemLoader Replaying proof mini.MiniExamples[mini.MiniExamples::secure_p1_1()].Non-interference contract.0 
92628      DEBUG main            d.u.i.k.p.i.IntermediateProofReplayer Proof replay took 13.9ns 
92831      INFO  main            d.u.i.k.p.r.p.TestFile    ... finished proof: closed. 
93043      INFO  main            d.u.i.k.p.r.p.TestFile    Now processing file /home/runner/work/key/key/key.core/../key.ui/examples/InformationFlow/MiniExamples/mini.MiniExamples(mini.MiniExamples__insecure_p1_2()).Non-interference contract.0.key 
93044      INFO  main            d.u.i.k.p.i.AbstractProblemLoader Loading environment from /home/runner/work/key/key/key.core/../key.ui/examples/InformationFlow/MiniExamples/mini.MiniExamples(mini.MiniExamples__insecure_p1_2()).Non-interference contract.0.key 
93044      DEBUG main            d.u.i.k.p.i.AbstractProblemLoader Environment load took 109.5ns 
93045      INFO  main            d.u.i.k.p.i.AbstractProblemLoader Creating init config 
95519      DEBUG main            d.u.i.k.p.i.AbstractProblemLoader Init config took 2.47s 
95556      INFO  main            d.u.i.k.p.i.AbstractProblemLoader Replaying proof mini.MiniExamples[mini.MiniExamples::insecure_p1_2()].Non-interference contract.0 
95558      DEBUG main            d.u.i.k.p.i.IntermediateProofReplayer Proof replay took 17ns 
95763      INFO  main            d.u.i.k.p.r.p.TestFile    ... finished proof: open goal(s) 
95982      INFO  main            d.u.i.k.p.r.p.TestFile    Now processing file /home/runner/work/key/key/key.core/../key.ui/examples/InformationFlow/MiniExamples/mini.MiniExamples(mini.MiniExamples__insecure_p1_1()).Non-interference contract.0.key 
95982      INFO  main            d.u.i.k.p.i.AbstractProblemLoader Loading environment from /home/runner/work/key/key/key.core/../key.ui/examples/InformationFlow/MiniExamples/mini.MiniExamples(mini.MiniExamples__insecure_p1_1()).Non-interference contract.0.key 
95982      DEBUG main            d.u.i.k.p.i.AbstractProblemLoader Environment load took 67.6ns 
95983      INFO  main            d.u.i.k.p.i.AbstractProblemLoader Creating init config 
98471      DEBUG main            d.u.i.k.p.i.AbstractProblemLoader Init config took 2.49s 
98508      INFO  main            d.u.i.k.p.i.AbstractProblemLoader Replaying proof mini.MiniExamples[mini.MiniExamples::insecure_p1_1()].Non-interference contract.0 
98511      DEBUG main            d.u.i.k.p.i.IntermediateProofReplayer Proof replay took 15.4ns 
98614      INFO  main            d.u.i.k.p.r.p.TestFile    ... finished proof: open goal(s) 
1183095    INFO  Test worker     d.u.i.k.p.r.RunAllProofsTestUnit Returning from test MiniExamples_nomacro 
1183096    INFO  Test worker     d.u.i.k.p.r.RunAllProofsTestUnit Running test NewObjects_nomacro 
336        INFO  Timeout watchdog d.u.i.k.p.r.p.ForkedTestFileRunner Timeout watcher launched (1000 secs.) 
357        WARN  main            d.u.i.k.s.ProofSettings   The settings in /home/runner/.key/proof-settings.props are *not* read. 
380        INFO  main            d.u.i.k.p.r.p.TestFile    Now processing file /home/runner/work/key/key/key.core/../key.ui/examples/InformationFlow/NewObjects/object.AmtoftBanerjee3(object.AmtoftBanerjee3__m()).Non-interference contract.0.key 
490        INFO  main            d.u.i.k.p.i.AbstractProblemLoader Loading environment from /home/runner/work/key/key/key.core/../key.ui/examples/InformationFlow/NewObjects/object.AmtoftBanerjee3(object.AmtoftBanerjee3__m()).Non-interference contract.0.key 
515        DEBUG main            d.u.i.k.p.i.AbstractProblemLoader Environment load took 2.3ms 
740        INFO  main            d.u.i.k.p.i.AbstractProblemLoader Creating init config 
1589       DEBUG main            d.u.i.k.j.TypeConverter   No LDT found for Meta 
1590       DEBUG main            d.u.i.k.j.TypeConverter   No LDT found for Meta 
1591       DEBUG main            d.u.i.k.j.TypeConverter   No LDT found for Meta 
1592       DEBUG main            d.u.i.k.j.TypeConverter   No LDT found for Meta 
2875       DEBUG main            d.u.i.k.j.TypeConverter   No LDT found for JavaBigintExpression 
5696       DEBUG main            d.u.i.k.j.r.ClassPreparationMethodBuilder clPrepBuilder: Inner Class detected. Reject building class initialisation methods. 
8328       DEBUG main            d.u.i.k.p.i.AbstractProblemLoader Init config took 7.59s 
8474       INFO  main            d.u.i.k.p.i.AbstractProblemLoader Replaying proof object.AmtoftBanerjee3[object.AmtoftBanerjee3::m()].Non-interference contract.0 
8571       DEBUG main            d.u.i.k.p.i.IntermediateProofReplayer Proof replay took 372.1ns 
9417       INFO  main            d.u.i.k.p.r.p.TestFile    ... finished proof: closed. 
9555       INFO  main            d.u.i.k.p.r.p.TestFile    Now processing file /home/runner/work/key/key/key.core/../key.ui/examples/InformationFlow/NewObjects/object.AmtoftBanerjee(object.AmtoftBanerjee__m_2()).Non-interference contract.0.key 
9556       INFO  main            d.u.i.k.p.i.AbstractProblemLoader Loading environment from /home/runner/work/key/key/key.core/../key.ui/examples/InformationFlow/NewObjects/object.AmtoftBanerjee(object.AmtoftBanerjee__m_2()).Non-interference contract.0.key 
9557       DEBUG main            d.u.i.k.p.i.AbstractProblemLoader Environment load took 1.34ms 
9561       INFO  main            d.u.i.k.p.i.AbstractProblemLoader Creating init config 
10648      DEBUG main            d.u.i.k.j.r.ClassPreparationMethodBuilder clPrepBuilder: Inner Class detected. Reject building class initialisation methods. 
12797      DEBUG main            d.u.i.k.p.i.AbstractProblemLoader Init config took 3.24s 
12868      INFO  main            d.u.i.k.p.i.AbstractProblemLoader Replaying proof object.AmtoftBanerjee[object.AmtoftBanerjee::m_2()].Non-interference contract.0 
12872      DEBUG main            d.u.i.k.p.i.IntermediateProofReplayer Proof replay took 59.5ns 
13987      INFO  main            d.u.i.k.p.r.p.TestFile    ... finished proof: closed. 
14129      INFO  main            d.u.i.k.p.r.p.TestFile    Now processing file /home/runner/work/key/key/key.core/../key.ui/examples/InformationFlow/NewObjects/object.AmtoftBanerjee(object.AmtoftBanerjee__m_1()).Non-interference contract.1.key 
14129      INFO  main            d.u.i.k.p.i.AbstractProblemLoader Loading environment from /home/runner/work/key/key/key.core/../key.ui/examples/InformationFlow/NewObjects/object.AmtoftBanerjee(object.AmtoftBanerjee__m_1()).Non-interference contract.1.key 
14129      DEBUG main            d.u.i.k.p.i.AbstractProblemLoader Environment load took 76.1ns 
14132      INFO  main            d.u.i.k.p.i.AbstractProblemLoader Creating init config 
15127      DEBUG main            d.u.i.k.j.r.ClassPreparationMethodBuilder clPrepBuilder: Inner Class detected. Reject building class initialisation methods. 
17135      DEBUG main            d.u.i.k.p.i.AbstractProblemLoader Init config took 3s 
17206      INFO  main            d.u.i.k.p.i.AbstractProblemLoader Replaying proof object.AmtoftBanerjee[object.AmtoftBanerjee::m_1()].Non-interference contract.1 
17210      DEBUG main            d.u.i.k.p.i.IntermediateProofReplayer Proof replay took 14.5ns 
17829      INFO  main            d.u.i.k.p.r.p.TestFile    ... finished proof: open goal(s) 
17969      INFO  main            d.u.i.k.p.r.p.TestFile    Now processing file /home/runner/work/key/key/key.core/../key.ui/examples/InformationFlow/NewObjects/object.AmtoftBanerjee(object.AmtoftBanerjee__m_1()).Non-interference contract.0.key 
17970      INFO  main            d.u.i.k.p.i.AbstractProblemLoader Loading environment from /home/runner/work/key/key/key.core/../key.ui/examples/InformationFlow/NewObjects/object.AmtoftBanerjee(object.AmtoftBanerjee__m_1()).Non-interference contract.0.key 
17970      DEBUG main            d.u.i.k.p.i.AbstractProblemLoader Environment load took 83.9ns 
17972      INFO  main            d.u.i.k.p.i.AbstractProblemLoader Creating init config 
18909      DEBUG main            d.u.i.k.j.r.ClassPreparationMethodBuilder clPrepBuilder: Inner Class detected. Reject building class initialisation methods. 
20918      DEBUG main            d.u.i.k.p.i.AbstractProblemLoader Init config took 2.95s 
20990      INFO  main            d.u.i.k.p.i.AbstractProblemLoader Replaying proof object.AmtoftBanerjee[object.AmtoftBanerjee::m_1()].Non-interference contract.0 
20993      DEBUG main            d.u.i.k.p.i.IntermediateProofReplayer Proof replay took 14ns 
21497      INFO  main            d.u.i.k.p.r.p.TestFile    ... finished proof: closed. 
21674      INFO  main            d.u.i.k.p.r.p.TestFile    Now processing file /home/runner/work/key/key/key.core/../key.ui/examples/InformationFlow/NewObjects/object.AmtoftBanerjee(object.AmtoftBanerjee__getQ()).Non-interference contract.0.key 
21675      INFO  main            d.u.i.k.p.i.AbstractProblemLoader Loading environment from /home/runner/work/key/key/key.core/../key.ui/examples/InformationFlow/NewObjects/object.AmtoftBanerjee(object.AmtoftBanerjee__getQ()).Non-interference contract.0.key 
21675      DEBUG main            d.u.i.k.p.i.AbstractProblemLoader Environment load took 92.2ns 
21680      INFO  main            d.u.i.k.p.i.AbstractProblemLoader Creating init config 
22588      DEBUG main            d.u.i.k.j.r.ClassPreparationMethodBuilder clPrepBuilder: Inner Class detected. Reject building class initialisation methods. 
24590      DEBUG main            d.u.i.k.p.i.AbstractProblemLoader Init config took 2.91s 
24658      INFO  main            d.u.i.k.p.i.AbstractProblemLoader Replaying proof object.AmtoftBanerjee[object.AmtoftBanerjee::getQ()].Non-interference contract.0 
24664      DEBUG main            d.u.i.k.p.i.IntermediateProofReplayer Proof replay took 15.4ns 
24767      INFO  main            d.u.i.k.p.r.p.TestFile    ... finished proof: closed. 
24895      INFO  main            d.u.i.k.p.r.p.TestFile    Now processing file /home/runner/work/key/key/key.core/../key.ui/examples/InformationFlow/NewObjects/object.ObjectOrientation(object.ObjectOrientation__secure_while_i((Ljava.lang.Object)).Non-interference contract.0.key 
24895      INFO  main            d.u.i.k.p.i.AbstractProblemLoader Loading environment from /home/runner/work/key/key/key.core/../key.ui/examples/InformationFlow/NewObjects/object.ObjectOrientation(object.ObjectOrientation__secure_while_i((Ljava.lang.Object)).Non-interference contract.0.key 
24896      DEBUG main            d.u.i.k.p.i.AbstractProblemLoader Environment load took 109.6ns 
24897      INFO  main            d.u.i.k.p.i.AbstractProblemLoader Creating init config 
25798      DEBUG main            d.u.i.k.j.r.ClassPreparationMethodBuilder clPrepBuilder: Inner Class detected. Reject building class initialisation methods. 
27779      DEBUG main            d.u.i.k.p.i.AbstractProblemLoader Init config took 2.88s 
27829      INFO  main            d.u.i.k.p.i.AbstractProblemLoader Replaying proof object.ObjectOrientation[object.ObjectOrientation::secure_while_i([Ljava.lang.Object)].Non-interference contract.0 
27832      DEBUG main            d.u.i.k.p.i.IntermediateProofReplayer Proof replay took 15.2ns 
37023      INFO  main            d.u.i.k.p.r.p.TestFile    ... finished proof: closed. 
37230      INFO  main            d.u.i.k.p.r.p.TestFile    Now processing file /home/runner/work/key/key/key.core/../key.ui/examples/InformationFlow/NewObjects/object.ObjectOrientation(object.ObjectOrientation__secure_method_call()).Non-interference contract.0.key 
37231      INFO  main            d.u.i.k.p.i.AbstractProblemLoader Loading environment from /home/runner/work/key/key/key.core/../key.ui/examples/InformationFlow/NewObjects/object.ObjectOrientation(object.ObjectOrientation__secure_method_call()).Non-interference contract.0.key 
37231      DEBUG main            d.u.i.k.p.i.AbstractProblemLoader Environment load took 147.2ns 
37232      INFO  main            d.u.i.k.p.i.AbstractProblemLoader Creating init config 
38144      DEBUG main            d.u.i.k.j.r.ClassPreparationMethodBuilder clPrepBuilder: Inner Class detected. Reject building class initialisation methods. 
40107      DEBUG main            d.u.i.k.p.i.AbstractProblemLoader Init config took 2.87s 
40155      INFO  main            d.u.i.k.p.i.AbstractProblemLoader Replaying proof object.ObjectOrientation[object.ObjectOrientation::secure_method_call()].Non-interference contract.0 
40158      DEBUG main            d.u.i.k.p.i.IntermediateProofReplayer Proof replay took 15.4ns 
40770      INFO  main            d.u.i.k.p.r.p.TestFile    ... finished proof: closed. 
40931      INFO  main            d.u.i.k.p.r.p.TestFile    Now processing file /home/runner/work/key/key/key.core/../key.ui/examples/InformationFlow/NewObjects/object.ObjectOrientation(object.ObjectOrientation__if_two_object_creation_next()).Non-interference contract.1.key 
40932      INFO  main            d.u.i.k.p.i.AbstractProblemLoader Loading environment from /home/runner/work/key/key/key.core/../key.ui/examples/InformationFlow/NewObjects/object.ObjectOrientation(object.ObjectOrientation__if_two_object_creation_next()).Non-interference contract.1.key 
40932      DEBUG main            d.u.i.k.p.i.AbstractProblemLoader Environment load took 112.1ns 
40933      INFO  main            d.u.i.k.p.i.AbstractProblemLoader Creating init config 
41832      DEBUG main            d.u.i.k.j.r.ClassPreparationMethodBuilder clPrepBuilder: Inner Class detected. Reject building class initialisation methods. 
43826      DEBUG main            d.u.i.k.p.i.AbstractProblemLoader Init config took 2.89s 
43905      INFO  main            d.u.i.k.p.i.AbstractProblemLoader Replaying proof object.ObjectOrientation[object.ObjectOrientation::if_two_object_creation_next()].Non-interference contract.1 
43909      DEBUG main            d.u.i.k.p.i.IntermediateProofReplayer Proof replay took 13.4ns 
60825      INFO  main            d.u.i.k.p.r.p.TestFile    ... finished proof: open goal(s) 
61035      INFO  main            d.u.i.k.p.r.p.TestFile    Now processing file /home/runner/work/key/key/key.core/../key.ui/examples/InformationFlow/NewObjects/object.ObjectOrientation(object.ObjectOrientation__insecure_two_object_creation()).Non-interference contract.0.key 
61036      INFO  main            d.u.i.k.p.i.AbstractProblemLoader Loading environment from /home/runner/work/key/key/key.core/../key.ui/examples/InformationFlow/NewObjects/object.ObjectOrientation(object.ObjectOrientation__insecure_two_object_creation()).Non-interference contract.0.key 
61036      DEBUG main            d.u.i.k.p.i.AbstractProblemLoader Environment load took 117.7ns 
61038      INFO  main            d.u.i.k.p.i.AbstractProblemLoader Creating init config 
61919      DEBUG main            d.u.i.k.j.r.ClassPreparationMethodBuilder clPrepBuilder: Inner Class detected. Reject building class initialisation methods. 
63815      DEBUG main            d.u.i.k.p.i.AbstractProblemLoader Init config took 2.78s 
63861      INFO  main            d.u.i.k.p.i.AbstractProblemLoader Replaying proof object.ObjectOrientation[object.ObjectOrientation::insecure_two_object_creation()].Non-interference contract.0 
63864      DEBUG main            d.u.i.k.p.i.IntermediateProofReplayer Proof replay took 14.3ns 
80446      INFO  main            d.u.i.k.p.r.p.TestFile    ... finished proof: open goal(s) 
80730      INFO  main            d.u.i.k.p.r.p.TestFile    Now processing file /home/runner/work/key/key/key.core/../key.ui/examples/InformationFlow/NewObjects/object.ObjectOrientation(object.ObjectOrientation__secure_two_object_creation()).Non-interference contract.0.key 
80731      INFO  main            d.u.i.k.p.i.AbstractProblemLoader Loading environment from /home/runner/work/key/key/key.core/../key.ui/examples/InformationFlow/NewObjects/object.ObjectOrientation(object.ObjectOrientation__secure_two_object_creation()).Non-interference contract.0.key 
80731      DEBUG main            d.u.i.k.p.i.AbstractProblemLoader Environment load took 77.1ns 
80732      INFO  main            d.u.i.k.p.i.AbstractProblemLoader Creating init config 
81598      DEBUG main            d.u.i.k.j.r.ClassPreparationMethodBuilder clPrepBuilder: Inner Class detected. Reject building class initialisation methods. 
83496      DEBUG main            d.u.i.k.p.i.AbstractProblemLoader Init config took 2.76s 
83544      INFO  main            d.u.i.k.p.i.AbstractProblemLoader Replaying proof object.ObjectOrientation[object.ObjectOrientation::secure_two_object_creation()].Non-interference contract.0 
83547      DEBUG main            d.u.i.k.p.i.IntermediateProofReplayer Proof replay took 14.9ns 
95290      INFO  main            d.u.i.k.p.r.p.TestFile    ... finished proof: closed. 
95580      INFO  main            d.u.i.k.p.r.p.TestFile    Now processing file /home/runner/work/key/key/key.core/../key.ui/examples/InformationFlow/NewObjects/object.ObjectOrientation(object.ObjectOrientation__insecure_object_assignment()).Non-interference contract.1.key 
95581      INFO  main            d.u.i.k.p.i.AbstractProblemLoader Loading environment from /home/runner/work/key/key/key.core/../key.ui/examples/InformationFlow/NewObjects/object.ObjectOrientation(object.ObjectOrientation__insecure_object_assignment()).Non-interference contract.1.key 
95581      DEBUG main            d.u.i.k.p.i.AbstractProblemLoader Environment load took 109.1ns 
95582      INFO  main            d.u.i.k.p.i.AbstractProblemLoader Creating init config 
96460      DEBUG main            d.u.i.k.j.r.ClassPreparationMethodBuilder clPrepBuilder: Inner Class detected. Reject building class initialisation methods. 
98338      DEBUG main            d.u.i.k.p.i.AbstractProblemLoader Init config took 2.76s 
98390      INFO  main            d.u.i.k.p.i.AbstractProblemLoader Replaying proof object.ObjectOrientation[object.ObjectOrientation::insecure_object_assignment()].Non-interference contract.1 
98392      DEBUG main            d.u.i.k.p.i.IntermediateProofReplayer Proof replay took 13.5ns 
106629     INFO  main            d.u.i.k.p.r.p.TestFile    ... finished proof: open goal(s) 
106840     INFO  main            d.u.i.k.p.r.p.TestFile    Now processing file /home/runner/work/key/key/key.core/../key.ui/examples/InformationFlow/NewObjects/object.ObjectOrientation(object.ObjectOrientation__insecure_object_assignment()).Non-interference contract.0.key 
106840     INFO  main            d.u.i.k.p.i.AbstractProblemLoader Loading environment from /home/runner/work/key/key/key.core/../key.ui/examples/InformationFlow/NewObjects/object.ObjectOrientation(object.ObjectOrientation__insecure_object_assignment()).Non-interference contract.0.key 
106841     DEBUG main            d.u.i.k.p.i.AbstractProblemLoader Environment load took 85.4ns 
106842     INFO  main            d.u.i.k.p.i.AbstractProblemLoader Creating init config 
107729     DEBUG main            d.u.i.k.j.r.ClassPreparationMethodBuilder clPrepBuilder: Inner Class detected. Reject building class initialisation methods. 
109651     DEBUG main            d.u.i.k.p.i.AbstractProblemLoader Init config took 2.81s 
109691     INFO  main            d.u.i.k.p.i.AbstractProblemLoader Replaying proof object.ObjectOrientation[object.ObjectOrientation::insecure_object_assignment()].Non-interference contract.0 
109694     DEBUG main            d.u.i.k.p.i.IntermediateProofReplayer Proof replay took 13.5ns 
109897     INFO  main            d.u.i.k.p.r.p.TestFile    ... finished proof: open goal(s) 
110082     INFO  main            d.u.i.k.p.r.p.TestFile    Now processing file /home/runner/work/key/key/key.core/../key.ui/examples/InformationFlow/NewObjects/object.ObjectOrientation(object.ObjectOrientation__secure_object_creation_3()).Non-interference contract.0.key 
110083     INFO  main            d.u.i.k.p.i.AbstractProblemLoader Loading environment from /home/runner/work/key/key/key.core/../key.ui/examples/InformationFlow/NewObjects/object.ObjectOrientation(object.ObjectOrientation__secure_object_creation_3()).Non-interference contract.0.key 
110083     DEBUG main            d.u.i.k.p.i.AbstractProblemLoader Environment load took 468.4ns 
110084     INFO  main            d.u.i.k.p.i.AbstractProblemLoader Creating init config 
110949     DEBUG main            d.u.i.k.j.r.ClassPreparationMethodBuilder clPrepBuilder: Inner Class detected. Reject building class initialisation methods. 
112868     DEBUG main            d.u.i.k.p.i.AbstractProblemLoader Init config took 2.78s 
112907     INFO  main            d.u.i.k.p.i.AbstractProblemLoader Replaying proof object.ObjectOrientation[object.ObjectOrientation::secure_object_creation_3()].Non-interference contract.0 
112909     DEBUG main            d.u.i.k.p.i.IntermediateProofReplayer Proof replay took 13.2ns 
113313     INFO  main            d.u.i.k.p.r.p.TestFile    ... finished proof: closed. 
113486     INFO  main            d.u.i.k.p.r.p.TestFile    Now processing file /home/runner/work/key/key/key.core/../key.ui/examples/InformationFlow/NewObjects/object.ObjectOrientation(object.ObjectOrientation__secure_object_creation_2()).Non-interference contract.0.key 
113486     INFO  main            d.u.i.k.p.i.AbstractProblemLoader Loading environment from /home/runner/work/key/key/key.core/../key.ui/examples/InformationFlow/NewObjects/object.ObjectOrientation(object.ObjectOrientation__secure_object_creation_2()).Non-interference contract.0.key 
113486     DEBUG main            d.u.i.k.p.i.AbstractProblemLoader Environment load took 74.8ns 
113487     INFO  main            d.u.i.k.p.i.AbstractProblemLoader Creating init config 
114380     DEBUG main            d.u.i.k.j.r.ClassPreparationMethodBuilder clPrepBuilder: Inner Class detected. Reject building class initialisation methods. 
116259     DEBUG main            d.u.i.k.p.i.AbstractProblemLoader Init config took 2.77s 
116314     INFO  main            d.u.i.k.p.i.AbstractProblemLoader Replaying proof object.ObjectOrientation[object.ObjectOrientation::secure_object_creation_2()].Non-interference contract.0 
116317     DEBUG main            d.u.i.k.p.i.IntermediateProofReplayer Proof replay took 14.7ns 
116621     INFO  main            d.u.i.k.p.r.p.TestFile    ... finished proof: closed. 
116794     INFO  main            d.u.i.k.p.r.p.TestFile    Now processing file /home/runner/work/key/key/key.core/../key.ui/examples/InformationFlow/NewObjects/object.ObjectOrientation(object.ObjectOrientation__secure_object_creation()).Non-interference contract.0.key 
116794     INFO  main            d.u.i.k.p.i.AbstractProblemLoader Loading environment from /home/runner/work/key/key/key.core/../key.ui/examples/InformationFlow/NewObjects/object.ObjectOrientation(object.ObjectOrientation__secure_object_creation()).Non-interference contract.0.key 
116795     DEBUG main            d.u.i.k.p.i.AbstractProblemLoader Environment load took 67.5ns 
116796     INFO  main            d.u.i.k.p.i.AbstractProblemLoader Creating init config 
117655     DEBUG main            d.u.i.k.j.r.ClassPreparationMethodBuilder clPrepBuilder: Inner Class detected. Reject building class initialisation methods. 
119575     DEBUG main            d.u.i.k.p.i.AbstractProblemLoader Init config took 2.78s 
119613     INFO  main            d.u.i.k.p.i.AbstractProblemLoader Replaying proof object.ObjectOrientation[object.ObjectOrientation::secure_object_creation()].Non-interference contract.0 
119616     DEBUG main            d.u.i.k.p.i.IntermediateProofReplayer Proof replay took 15ns 
120422     INFO  main            d.u.i.k.p.r.p.TestFile    ... finished proof: closed. 
120614     INFO  main            d.u.i.k.p.r.p.TestFile    Now processing file /home/runner/work/key/key/key.core/../key.ui/examples/InformationFlow/NewObjects/object.AmtoftBanerjee2(object.AmtoftBanerjee2__expensive(int)).Non-interference contract.0.key 
120615     INFO  main            d.u.i.k.p.i.AbstractProblemLoader Loading environment from /home/runner/work/key/key/key.core/../key.ui/examples/InformationFlow/NewObjects/object.AmtoftBanerjee2(object.AmtoftBanerjee2__expensive(int)).Non-interference contract.0.key 
120615     DEBUG main            d.u.i.k.p.i.AbstractProblemLoader Environment load took 72.7ns 
120616     INFO  main            d.u.i.k.p.i.AbstractProblemLoader Creating init config 
121483     DEBUG main            d.u.i.k.j.r.ClassPreparationMethodBuilder clPrepBuilder: Inner Class detected. Reject building class initialisation methods. 
123387     DEBUG main            d.u.i.k.p.i.AbstractProblemLoader Init config took 2.77s 
123440     INFO  main            d.u.i.k.p.i.AbstractProblemLoader Replaying proof object.AmtoftBanerjee2[object.AmtoftBanerjee2::expensive(int)].Non-interference contract.0 
123442     DEBUG main            d.u.i.k.p.i.IntermediateProofReplayer Proof replay took 14.3ns 
123548     INFO  main            d.u.i.k.p.r.p.TestFile    ... finished proof: closed. 
123718     INFO  main            d.u.i.k.p.r.p.TestFile    Now processing file /home/runner/work/key/key/key.core/../key.ui/examples/InformationFlow/NewObjects/object.AmtoftBanerjee2(object.AmtoftBanerjee2__cexp(int)).Non-interference contract.0.key 
123718     INFO  main            d.u.i.k.p.i.AbstractProblemLoader Loading environment from /home/runner/work/key/key/key.core/../key.ui/examples/InformationFlow/NewObjects/object.AmtoftBanerjee2(object.AmtoftBanerjee2__cexp(int)).Non-interference contract.0.key 
123718     DEBUG main            d.u.i.k.p.i.AbstractProblemLoader Environment load took 73.9ns 
123719     INFO  main            d.u.i.k.p.i.AbstractProblemLoader Creating init config 
124589     DEBUG main            d.u.i.k.j.r.ClassPreparationMethodBuilder clPrepBuilder: Inner Class detected. Reject building class initialisation methods. 
126494     DEBUG main            d.u.i.k.p.i.AbstractProblemLoader Init config took 2.78s 
126534     INFO  main            d.u.i.k.p.i.AbstractProblemLoader Replaying proof object.AmtoftBanerjee2[object.AmtoftBanerjee2::cexp(int)].Non-interference contract.0 
126537     DEBUG main            d.u.i.k.p.i.IntermediateProofReplayer Proof replay took 15.5ns 
127945     INFO  main            d.u.i.k.p.r.p.TestFile    ... finished proof: closed. 
1311422    INFO  Test worker     d.u.i.k.p.r.RunAllProofsTestUnit Returning from test NewObjects_nomacro 
1311423    INFO  Test worker     d.u.i.k.p.r.RunAllProofsTestUnit Running test SimpleEvoting_nomacro 
356        INFO  Timeout watchdog d.u.i.k.p.r.p.ForkedTestFileRunner Timeout watcher launched (1000 secs.) 
358        WARN  main            d.u.i.k.s.ProofSettings   The settings in /home/runner/.key/proof-settings.props are *not* read. 
382        INFO  main            d.u.i.k.p.r.p.TestFile    Now processing file /home/runner/work/key/key/key.core/../key.ui/examples/InformationFlow/SimpleEvoting/simple_evoting.Environment(simple_evoting.Environment__untrustedOutputMessage((B)).Non-interference contract.0.key 
487        INFO  main            d.u.i.k.p.i.AbstractProblemLoader Loading environment from /home/runner/work/key/key/key.core/../key.ui/examples/InformationFlow/SimpleEvoting/simple_evoting.Environment(simple_evoting.Environment__untrustedOutputMessage((B)).Non-interference contract.0.key 
511        DEBUG main            d.u.i.k.p.i.AbstractProblemLoader Environment load took 2.27ms 
734        INFO  main            d.u.i.k.p.i.AbstractProblemLoader Creating init config 
1672       DEBUG main            d.u.i.k.j.TypeConverter   No LDT found for Meta 
1672       DEBUG main            d.u.i.k.j.TypeConverter   No LDT found for Meta 
1674       DEBUG main            d.u.i.k.j.TypeConverter   No LDT found for Meta 
1674       DEBUG main            d.u.i.k.j.TypeConverter   No LDT found for Meta 
3431       DEBUG main            d.u.i.k.j.TypeConverter   No LDT found for JavaBigintExpression 
9124       DEBUG main            d.u.i.k.p.i.AbstractProblemLoader Init config took 8.39s 
9343       INFO  main            d.u.i.k.p.i.AbstractProblemLoader Replaying proof simple_evoting.Environment[simple_evoting.Environment::untrustedOutputMessage([B)].Non-interference contract.0 
9437       DEBUG main            d.u.i.k.p.i.IntermediateProofReplayer Proof replay took 389.9ns 
17038      INFO  main            d.u.i.k.p.r.p.TestFile    ... finished proof: closed. 
17234      INFO  main            d.u.i.k.p.r.p.TestFile    Now processing file /home/runner/work/key/key/key.core/../key.ui/examples/InformationFlow/SimpleEvoting/simple_evoting.Environment(simple_evoting.Environment__untrustedOutput(int)).Non-interference contract.0.key 
17235      INFO  main            d.u.i.k.p.i.AbstractProblemLoader Loading environment from /home/runner/work/key/key/key.core/../key.ui/examples/InformationFlow/SimpleEvoting/simple_evoting.Environment(simple_evoting.Environment__untrustedOutput(int)).Non-interference contract.0.key 
17235      DEBUG main            d.u.i.k.p.i.AbstractProblemLoader Environment load took 94.8ns 
17236      INFO  main            d.u.i.k.p.i.AbstractProblemLoader Creating init config 
20772      DEBUG main            d.u.i.k.p.i.AbstractProblemLoader Init config took 3.54s 
20857      INFO  main            d.u.i.k.p.i.AbstractProblemLoader Replaying proof simple_evoting.Environment[simple_evoting.Environment::untrustedOutput(int)].Non-interference contract.0 
20861      DEBUG main            d.u.i.k.p.i.IntermediateProofReplayer Proof replay took 13.9ns 
20964      INFO  main            d.u.i.k.p.r.p.TestFile    ... finished proof: closed. 
21108      INFO  main            d.u.i.k.p.r.p.TestFile    Now processing file /home/runner/work/key/key/key.core/../key.ui/examples/InformationFlow/SimpleEvoting/simple_evoting.Environment(simple_evoting.Environment__untrustedInput(int)).Non-interference contract.0.key 
21110      INFO  main            d.u.i.k.p.i.AbstractProblemLoader Loading environment from /home/runner/work/key/key/key.core/../key.ui/examples/InformationFlow/SimpleEvoting/simple_evoting.Environment(simple_evoting.Environment__untrustedInput(int)).Non-interference contract.0.key 
21110      DEBUG main            d.u.i.k.p.i.AbstractProblemLoader Environment load took 463.7ns 
21114      INFO  main            d.u.i.k.p.i.AbstractProblemLoader Creating init config 
24301      DEBUG main            d.u.i.k.p.i.AbstractProblemLoader Init config took 3.19s 
24371      INFO  main            d.u.i.k.p.i.AbstractProblemLoader Replaying proof simple_evoting.Environment[simple_evoting.Environment::untrustedInput(int)].Non-interference contract.0 
24376      DEBUG main            d.u.i.k.p.i.IntermediateProofReplayer Proof replay took 15.5ns 
24480      INFO  main            d.u.i.k.p.r.p.TestFile    ... finished proof: open goal(s) 
24615      INFO  main            d.u.i.k.p.r.p.TestFile    Now processing file /home/runner/work/key/key/key.core/../key.ui/examples/InformationFlow/SimpleEvoting/simple_evoting.Environment(simple_evoting.Environment__untrustedInput()).Non-interference contract.0.key 
24615      INFO  main            d.u.i.k.p.i.AbstractProblemLoader Loading environment from /home/runner/work/key/key/key.core/../key.ui/examples/InformationFlow/SimpleEvoting/simple_evoting.Environment(simple_evoting.Environment__untrustedInput()).Non-interference contract.0.key 
24617      DEBUG main            d.u.i.k.p.i.AbstractProblemLoader Environment load took 1.65ms 
24619      INFO  main            d.u.i.k.p.i.AbstractProblemLoader Creating init config 
27779      DEBUG main            d.u.i.k.p.i.AbstractProblemLoader Init config took 3.16s 
27853      INFO  main            d.u.i.k.p.i.AbstractProblemLoader Replaying proof simple_evoting.Environment[simple_evoting.Environment::untrustedInput()].Non-interference contract.0 
27856      DEBUG main            d.u.i.k.p.i.IntermediateProofReplayer Proof replay took 14.4ns 
27960      INFO  main            d.u.i.k.p.r.p.TestFile    ... finished proof: open goal(s) 
28098      INFO  main            d.u.i.k.p.r.p.TestFile    Now processing file /home/runner/work/key/key/key.core/../key.ui/examples/InformationFlow/SimpleEvoting/simple_evoting.SMT(simple_evoting.SMT__send(simple_evoting.Message,int,simple_evoting.Server)).Non-interference contract.1.key 
28098      INFO  main            d.u.i.k.p.i.AbstractProblemLoader Loading environment from /home/runner/work/key/key/key.core/../key.ui/examples/InformationFlow/SimpleEvoting/simple_evoting.SMT(simple_evoting.SMT__send(simple_evoting.Message,int,simple_evoting.Server)).Non-interference contract.1.key 
28098      DEBUG main            d.u.i.k.p.i.AbstractProblemLoader Environment load took 98.6ns 
28100      INFO  main            d.u.i.k.p.i.AbstractProblemLoader Creating init config 
31258      DEBUG main            d.u.i.k.p.i.AbstractProblemLoader Init config took 3.16s 
31329      INFO  main            d.u.i.k.p.i.AbstractProblemLoader Replaying proof simple_evoting.SMT[simple_evoting.SMT::send(simple_evoting.Message,int,simple_evoting.Server)].Non-interference contract.1 
31333      DEBUG main            d.u.i.k.p.i.IntermediateProofReplayer Proof replay took 14.3ns 
57128      INFO  main            d.u.i.k.p.r.p.TestFile    ... finished proof: closed. 
57401      INFO  main            d.u.i.k.p.r.p.TestFile    Now processing file /home/runner/work/key/key/key.core/../key.ui/examples/InformationFlow/SimpleEvoting/simple_evoting.SMT(simple_evoting.SMT__send(simple_evoting.Message,int,simple_evoting.Server)).Non-interference contract.0.key 
57401      INFO  main            d.u.i.k.p.i.AbstractProblemLoader Loading environment from /home/runner/work/key/key/key.core/../key.ui/examples/InformationFlow/SimpleEvoting/simple_evoting.SMT(simple_evoting.SMT__send(simple_evoting.Message,int,simple_evoting.Server)).Non-interference contract.0.key 
57401      DEBUG main            d.u.i.k.p.i.AbstractProblemLoader Environment load took 70ns 
57403      INFO  main            d.u.i.k.p.i.AbstractProblemLoader Creating init config 
60413      DEBUG main            d.u.i.k.p.i.AbstractProblemLoader Init config took 3.01s 
60488      INFO  main            d.u.i.k.p.i.AbstractProblemLoader Replaying proof simple_evoting.SMT[simple_evoting.SMT::send(simple_evoting.Message,int,simple_evoting.Server)].Non-interference contract.0 
60491      DEBUG main            d.u.i.k.p.i.IntermediateProofReplayer Proof replay took 14.8ns 
89432      INFO  main            d.u.i.k.p.r.p.TestFile    ... finished proof: closed. 
89688      INFO  main            d.u.i.k.p.r.p.TestFile    Now processing file /home/runner/work/key/key/key.core/../key.ui/examples/InformationFlow/SimpleEvoting/simple_evoting.NetworkClient(simple_evoting.NetworkClient__send((B,simple_evoting.Server,int)).Non-interference contract.0.key 
89689      INFO  main            d.u.i.k.p.i.AbstractProblemLoader Loading environment from /home/runner/work/key/key/key.core/../key.ui/examples/InformationFlow/SimpleEvoting/simple_evoting.NetworkClient(simple_evoting.NetworkClient__send((B,simple_evoting.Server,int)).Non-interference contract.0.key 
89689      DEBUG main            d.u.i.k.p.i.AbstractProblemLoader Environment load took 122.6ns 
89697      INFO  main            d.u.i.k.p.i.AbstractProblemLoader Creating init config 
92671      DEBUG main            d.u.i.k.p.i.AbstractProblemLoader Init config took 2.97s 
92728      INFO  main            d.u.i.k.p.i.AbstractProblemLoader Replaying proof simple_evoting.NetworkClient[simple_evoting.NetworkClient::send([B,simple_evoting.Server,int)].Non-interference contract.0 
92731      DEBUG main            d.u.i.k.p.i.IntermediateProofReplayer Proof replay took 13.9ns 
95549      INFO  main            d.u.i.k.p.r.p.TestFile    ... finished proof: closed. 
95731      INFO  main            d.u.i.k.p.r.p.TestFile    Now processing file /home/runner/work/key/key/key.core/../key.ui/examples/InformationFlow/SimpleEvoting/simple_evoting.Voter(simple_evoting.Voter__onSendBallot(simple_evoting.Server)).Non-interference contract.1.key 
95731      INFO  main            d.u.i.k.p.i.AbstractProblemLoader Loading environment from /home/runner/work/key/key/key.core/../key.ui/examples/InformationFlow/SimpleEvoting/simple_evoting.Voter(simple_evoting.Voter__onSendBallot(simple_evoting.Server)).Non-interference contract.1.key 
95732      DEBUG main            d.u.i.k.p.i.AbstractProblemLoader Environment load took 122.4ns 
95732      INFO  main            d.u.i.k.p.i.AbstractProblemLoader Creating init config 
98746      DEBUG main            d.u.i.k.p.i.AbstractProblemLoader Init config took 3.01s 
98802      INFO  main            d.u.i.k.p.i.AbstractProblemLoader Replaying proof simple_evoting.Voter[simple_evoting.Voter::onSendBallot(simple_evoting.Server)].Non-interference contract.1 
98804      DEBUG main            d.u.i.k.p.i.IntermediateProofReplayer Proof replay took 13.6ns 
109161     INFO  main            d.u.i.k.p.r.p.TestFile    ... finished proof: closed. 
109366     INFO  main            d.u.i.k.p.r.p.TestFile    Now processing file /home/runner/work/key/key/key.core/../key.ui/examples/InformationFlow/SimpleEvoting/simple_evoting.Voter(simple_evoting.Voter__onSendBallot(simple_evoting.Server)).Non-interference contract.0.key 
109366     INFO  main            d.u.i.k.p.i.AbstractProblemLoader Loading environment from /home/runner/work/key/key/key.core/../key.ui/examples/InformationFlow/SimpleEvoting/simple_evoting.Voter(simple_evoting.Voter__onSendBallot(simple_evoting.Server)).Non-interference contract.0.key 
109366     DEBUG main            d.u.i.k.p.i.AbstractProblemLoader Environment load took 68.1ns 
109368     INFO  main            d.u.i.k.p.i.AbstractProblemLoader Creating init config 
112373     DEBUG main            d.u.i.k.p.i.AbstractProblemLoader Init config took 3.01s 
112428     INFO  main            d.u.i.k.p.i.AbstractProblemLoader Replaying proof simple_evoting.Voter[simple_evoting.Voter::onSendBallot(simple_evoting.Server)].Non-interference contract.0 
112431     DEBUG main            d.u.i.k.p.i.IntermediateProofReplayer Proof replay took 14.5ns 
124108     INFO  main            d.u.i.k.p.r.p.TestFile    ... finished proof: closed. 
1435935    INFO  Test worker     d.u.i.k.p.r.RunAllProofsTestUnit Returning from test SimpleEvoting_nomacro 
1435936    INFO  Test worker     d.u.i.k.p.r.RunAllProofsTestUnit Running test ToyVoting_fullmacro 
340        INFO  Timeout watchdog d.u.i.k.p.r.p.ForkedTestFileRunner Timeout watcher launched (1000 secs.) 
348        WARN  main            d.u.i.k.s.ProofSettings   The settings in /home/runner/.key/proof-settings.props are *not* read. 
388        INFO  main            d.u.i.k.p.r.p.TestFile    Now processing file /home/runner/work/key/key/key.core/../key.ui/examples/InformationFlow/ToyVoting/Voter(Voter__insecure_voting()).Non-interference contract.0.m.key 
553        INFO  main            d.u.i.k.p.i.AbstractProblemLoader Loading environment from /home/runner/work/key/key/key.core/../key.ui/examples/InformationFlow/ToyVoting/Voter(Voter__insecure_voting()).Non-interference contract.0.m.key 
572        DEBUG main            d.u.i.k.p.i.AbstractProblemLoader Environment load took 1.93ms 
819        INFO  main            d.u.i.k.p.i.AbstractProblemLoader Creating init config 
1805       DEBUG main            d.u.i.k.j.TypeConverter   No LDT found for Meta 
1806       DEBUG main            d.u.i.k.j.TypeConverter   No LDT found for Meta 
1807       DEBUG main            d.u.i.k.j.TypeConverter   No LDT found for Meta 
1808       DEBUG main            d.u.i.k.j.TypeConverter   No LDT found for Meta 
3262       DEBUG main            d.u.i.k.j.TypeConverter   No LDT found for JavaBigintExpression 
8018       DEBUG main            d.u.i.k.p.i.AbstractProblemLoader Init config took 7.2s 
8179       INFO  main            d.u.i.k.p.i.AbstractProblemLoader Replaying proof Voter[Voter::insecure_voting()].Non-interference contract.0 
8256       DEBUG main            d.u.i.k.p.i.IntermediateProofReplayer Proof replay took 348.6ns 
8314       DEBUG main            d.u.i.k.m.s.ProofScriptEngine [1] goal: 0, source line: 51, command: 'macro 'infflow-autopilot'' 
8682       DEBUG main            d.u.i.k.p.m.ProofCorrectnessMgt No justification found for rule Class_invariant_axiom_for_Voter 
8829       DEBUG main            d.u.i.k.p.m.ProofCorrectnessMgt No justification found for rule Class_invariant_axiom_for_Voter 
8830       DEBUG main            d.u.i.k.p.m.ProofCorrectnessMgt No justification found for rule Class_invariant_axiom_for_Voter 
9031       DEBUG main            d.u.i.k.p.m.ProofCorrectnessMgt No justification found for rule Class_invariant_axiom_for_Voter 
9033       DEBUG main            d.u.i.k.p.m.ProofCorrectnessMgt No justification found for rule Class_invariant_axiom_for_Voter 
9092       DEBUG main            d.u.i.k.p.m.ProofCorrectnessMgt No justification found for rule Class_invariant_axiom_for_Voter 
9095       DEBUG main            d.u.i.k.p.m.ProofCorrectnessMgt No justification found for rule Class_invariant_axiom_for_Voter 
9209       DEBUG main            d.u.i.k.p.m.ProofCorrectnessMgt No justification found for rule Class_invariant_axiom_for_Voter 
9212       DEBUG main            d.u.i.k.p.m.ProofCorrectnessMgt No justification found for rule Class_invariant_axiom_for_Voter 
9359       DEBUG main            d.u.i.k.p.m.ProofCorrectnessMgt No justification found for rule Class_invariant_axiom_for_Voter 
9361       DEBUG main            d.u.i.k.p.m.ProofCorrectnessMgt No justification found for rule Class_invariant_axiom_for_Voter 
9468       DEBUG main            d.u.i.k.p.m.ProofCorrectnessMgt No justification found for rule Class_invariant_axiom_for_Voter 
9469       DEBUG main            d.u.i.k.p.m.ProofCorrectnessMgt No justification found for rule Class_invariant_axiom_for_Voter 
9515       DEBUG main            d.u.i.k.p.m.ProofCorrectnessMgt No justification found for rule Class_invariant_axiom_for_Voter 
9516       DEBUG main            d.u.i.k.p.m.ProofCorrectnessMgt No justification found for rule Class_invariant_axiom_for_Voter 
9592       DEBUG main            d.u.i.k.p.m.ProofCorrectnessMgt No justification found for rule Class_invariant_axiom_for_Voter 
9609       DEBUG main            d.u.i.k.p.m.ProofCorrectnessMgt No justification found for rule Class_invariant_axiom_for_Voter 
9673       DEBUG main            d.u.i.k.p.m.ProofCorrectnessMgt No justification found for rule Class_invariant_axiom_for_Voter 
9686       DEBUG main            d.u.i.k.p.m.ProofCorrectnessMgt No justification found for rule Class_invariant_axiom_for_Voter 
9749       DEBUG main            d.u.i.k.p.m.ProofCorrectnessMgt No justification found for rule Class_invariant_axiom_for_Voter 
9766       DEBUG main            d.u.i.k.p.m.ProofCorrectnessMgt No justification found for rule Class_invariant_axiom_for_Voter 
9771       DEBUG main            d.u.i.k.p.m.ProofCorrectnessMgt No justification found for rule Class_invariant_axiom_for_Voter 
30976      INFO  main            d.u.i.k.p.r.p.TestFile    ... finished proof: open goal(s) 
31180      INFO  main            d.u.i.k.p.r.p.TestFile    Now processing file /home/runner/work/key/key/key.core/../key.ui/examples/InformationFlow/ToyVoting/Voter(Voter__publishVoterParticipation()).Non-interference contract.0.m.key 
31180      INFO  main            d.u.i.k.p.i.AbstractProblemLoader Loading environment from /home/runner/work/key/key/key.core/../key.ui/examples/InformationFlow/ToyVoting/Voter(Voter__publishVoterParticipation()).Non-interference contract.0.m.key 
31180      DEBUG main            d.u.i.k.p.i.AbstractProblemLoader Environment load took 159.6ns 
31183      INFO  main            d.u.i.k.p.i.AbstractProblemLoader Creating init config 
33926      DEBUG main            d.u.i.k.p.i.AbstractProblemLoader Init config took 2.74s 
33984      INFO  main            d.u.i.k.p.i.AbstractProblemLoader Replaying proof Voter[Voter::publishVoterParticipation()].Non-interference contract.0 
33987      DEBUG main            d.u.i.k.p.i.IntermediateProofReplayer Proof replay took 12.2ns 
33988      DEBUG main            d.u.i.k.m.s.ProofScriptEngine [1] goal: 0, source line: 51, command: 'macro 'infflow-autopilot'' 
34041      DEBUG main            d.u.i.k.p.m.ProofCorrectnessMgt No justification found for rule Class_invariant_axiom_for_Voter 
34214      INFO  main            d.u.i.k.p.r.p.TestFile    ... finished proof: closed. 
34450      INFO  main            d.u.i.k.p.r.p.TestFile    Now processing file /home/runner/work/key/key/key.core/../key.ui/examples/InformationFlow/ToyVoting/Voter(Voter__isValid(int)).Non-interference contract.0.m.key 
34451      INFO  main            d.u.i.k.p.i.AbstractProblemLoader Loading environment from /home/runner/work/key/key/key.core/../key.ui/examples/InformationFlow/ToyVoting/Voter(Voter__isValid(int)).Non-interference contract.0.m.key 
34451      DEBUG main            d.u.i.k.p.i.AbstractProblemLoader Environment load took 86.5ns 
34453      INFO  main            d.u.i.k.p.i.AbstractProblemLoader Creating init config 
37165      DEBUG main            d.u.i.k.p.i.AbstractProblemLoader Init config took 2.71s 
37213      INFO  main            d.u.i.k.p.i.AbstractProblemLoader Replaying proof Voter[Voter::isValid(int)].Non-interference contract.0 
37215      DEBUG main            d.u.i.k.p.i.IntermediateProofReplayer Proof replay took 12.6ns 
37216      DEBUG main            d.u.i.k.m.s.ProofScriptEngine [1] goal: 0, source line: 51, command: 'macro 'infflow-autopilot'' 
37256      DEBUG main            d.u.i.k.p.m.ProofCorrectnessMgt No justification found for rule Class_invariant_axiom_for_Voter 
37560      INFO  main            d.u.i.k.p.r.p.TestFile    ... finished proof: closed. 
37696      INFO  main            d.u.i.k.p.r.p.TestFile    Now processing file /home/runner/work/key/key/key.core/../key.ui/examples/InformationFlow/ToyVoting/Voter(Voter__sendVote(int)).Non-interference contract.0.m.key 
37696      INFO  main            d.u.i.k.p.i.AbstractProblemLoader Loading environment from /home/runner/work/key/key/key.core/../key.ui/examples/InformationFlow/ToyVoting/Voter(Voter__sendVote(int)).Non-interference contract.0.m.key 
37696      DEBUG main            d.u.i.k.p.i.AbstractProblemLoader Environment load took 70.8ns 
37698      INFO  main            d.u.i.k.p.i.AbstractProblemLoader Creating init config 
40364      DEBUG main            d.u.i.k.p.i.AbstractProblemLoader Init config took 2.67s 
40420      INFO  main            d.u.i.k.p.i.AbstractProblemLoader Replaying proof Voter[Voter::sendVote(int)].Non-interference contract.0 
40430      DEBUG main            d.u.i.k.p.i.IntermediateProofReplayer Proof replay took 14.5ns 
40430      DEBUG main            d.u.i.k.m.s.ProofScriptEngine [1] goal: 0, source line: 51, command: 'macro 'infflow-autopilot'' 
40480      DEBUG main            d.u.i.k.p.m.ProofCorrectnessMgt No justification found for rule Class_invariant_axiom_for_Voter 
40701      INFO  main            d.u.i.k.p.r.p.TestFile    ... finished proof: closed. 
40879      INFO  main            d.u.i.k.p.r.p.TestFile    Now processing file /home/runner/work/key/key/key.core/../key.ui/examples/InformationFlow/ToyVoting/Voter(Voter__inputVote()).Non-interference contract.0.m.key 
40879      INFO  main            d.u.i.k.p.i.AbstractProblemLoader Loading environment from /home/runner/work/key/key/key.core/../key.ui/examples/InformationFlow/ToyVoting/Voter(Voter__inputVote()).Non-interference contract.0.m.key 
40880      DEBUG main            d.u.i.k.p.i.AbstractProblemLoader Environment load took 108.7ns 
40881      INFO  main            d.u.i.k.p.i.AbstractProblemLoader Creating init config 
43512      DEBUG main            d.u.i.k.p.i.AbstractProblemLoader Init config took 2.63s 
43560      INFO  main            d.u.i.k.p.i.AbstractProblemLoader Replaying proof Voter[Voter::inputVote()].Non-interference contract.0 
43562      DEBUG main            d.u.i.k.p.i.IntermediateProofReplayer Proof replay took 28.6ns 
43563      DEBUG main            d.u.i.k.m.s.ProofScriptEngine [1] goal: 0, source line: 51, command: 'macro 'infflow-autopilot'' 
43599      DEBUG main            d.u.i.k.p.m.ProofCorrectnessMgt No justification found for rule Class_invariant_axiom_for_Voter 
43695      INFO  main            d.u.i.k.p.r.p.TestFile    ... finished proof: closed. 
43838      INFO  main            d.u.i.k.p.r.p.TestFile    Now processing file /home/runner/work/key/key/key.core/../key.ui/examples/InformationFlow/ToyVoting/Voter(Voter__secure_voting()).Non-interference contract.0.m.key 
43838      INFO  main            d.u.i.k.p.i.AbstractProblemLoader Loading environment from /home/runner/work/key/key/key.core/../key.ui/examples/InformationFlow/ToyVoting/Voter(Voter__secure_voting()).Non-interference contract.0.m.key 
43839      DEBUG main            d.u.i.k.p.i.AbstractProblemLoader Environment load took 108.7ns 
43840      INFO  main            d.u.i.k.p.i.AbstractProblemLoader Creating init config 
46480      DEBUG main            d.u.i.k.p.i.AbstractProblemLoader Init config took 2.64s 
46523      INFO  main            d.u.i.k.p.i.AbstractProblemLoader Replaying proof Voter[Voter::secure_voting()].Non-interference contract.0 
46526      DEBUG main            d.u.i.k.p.i.IntermediateProofReplayer Proof replay took 14ns 
46527      DEBUG main            d.u.i.k.m.s.ProofScriptEngine [1] goal: 0, source line: 51, command: 'macro 'infflow-autopilot'' 
46561      DEBUG main            d.u.i.k.p.m.ProofCorrectnessMgt No justification found for rule Class_invariant_axiom_for_Voter 
46654      DEBUG main            d.u.i.k.p.m.ProofCorrectnessMgt No justification found for rule Class_invariant_axiom_for_Voter 
46714      DEBUG main            d.u.i.k.p.m.ProofCorrectnessMgt No justification found for rule Class_invariant_axiom_for_Voter 
46715      DEBUG main            d.u.i.k.p.m.ProofCorrectnessMgt No justification found for rule Class_invariant_axiom_for_Voter 
46836      DEBUG main            d.u.i.k.p.m.ProofCorrectnessMgt No justification found for rule Class_invariant_axiom_for_Voter 
46964      DEBUG main            d.u.i.k.p.m.ProofCorrectnessMgt No justification found for rule Class_invariant_axiom_for_Voter 
46966      DEBUG main            d.u.i.k.p.m.ProofCorrectnessMgt No justification found for rule Class_invariant_axiom_for_Voter 
47214      DEBUG main            d.u.i.k.p.m.ProofCorrectnessMgt No justification found for rule Class_invariant_axiom_for_Voter 
47287      DEBUG main            d.u.i.k.p.m.ProofCorrectnessMgt No justification found for rule Class_invariant_axiom_for_Voter 
47290      DEBUG main            d.u.i.k.p.m.ProofCorrectnessMgt No justification found for rule Class_invariant_axiom_for_Voter 
47299      DEBUG main            d.u.i.k.p.m.ProofCorrectnessMgt No justification found for rule Class_invariant_axiom_for_Voter 
47353      DEBUG main            d.u.i.k.p.m.ProofCorrectnessMgt No justification found for rule Class_invariant_axiom_for_Voter 
47355      DEBUG main            d.u.i.k.p.m.ProofCorrectnessMgt No justification found for rule Class_invariant_axiom_for_Voter 
48026      DEBUG main            d.u.i.k.p.m.ProofCorrectnessMgt No justification found for rule Class_invariant_axiom_for_Voter 
48029      DEBUG main            d.u.i.k.p.m.ProofCorrectnessMgt No justification found for rule Class_invariant_axiom_for_Voter 
48073      DEBUG main            d.u.i.k.p.m.ProofCorrectnessMgt No justification found for rule Class_invariant_axiom_for_Voter 
48076      DEBUG main            d.u.i.k.p.m.ProofCorrectnessMgt No justification found for rule Class_invariant_axiom_for_Voter 
48116      DEBUG main            d.u.i.k.p.m.ProofCorrectnessMgt No justification found for rule Class_invariant_axiom_for_Voter 
48119      DEBUG main            d.u.i.k.p.m.ProofCorrectnessMgt No justification found for rule Class_invariant_axiom_for_Voter 
48161      DEBUG main            d.u.i.k.p.m.ProofCorrectnessMgt No justification found for rule Class_invariant_axiom_for_Voter 
48225      DEBUG main            d.u.i.k.p.m.ProofCorrectnessMgt No justification found for rule Class_invariant_axiom_for_Voter 
48299      DEBUG main            d.u.i.k.p.m.ProofCorrectnessMgt No justification found for rule Class_invariant_axiom_for_Voter 
48300      DEBUG main            d.u.i.k.p.m.ProofCorrectnessMgt No justification found for rule Class_invariant_axiom_for_Voter 
48699      DEBUG main            d.u.i.k.p.m.ProofCorrectnessMgt No justification found for rule Class_invariant_axiom_for_Voter 
48729      DEBUG main            d.u.i.k.p.m.ProofCorrectnessMgt No justification found for rule Class_invariant_axiom_for_Voter 
48732      DEBUG main            d.u.i.k.p.m.ProofCorrectnessMgt No justification found for rule Class_invariant_axiom_for_Voter 
48745      DEBUG main            d.u.i.k.p.m.ProofCorrectnessMgt No justification found for rule Class_invariant_axiom_for_Voter 
48770      DEBUG main            d.u.i.k.p.m.ProofCorrectnessMgt No justification found for rule Class_invariant_axiom_for_Voter 
48772      DEBUG main            d.u.i.k.p.m.ProofCorrectnessMgt No justification found for rule Class_invariant_axiom_for_Voter 
48801      DEBUG main            d.u.i.k.p.m.ProofCorrectnessMgt No justification found for rule Class_invariant_axiom_for_Voter 
48833      DEBUG main            d.u.i.k.p.m.ProofCorrectnessMgt No justification found for rule Class_invariant_axiom_for_Voter 
48836      DEBUG main            d.u.i.k.p.m.ProofCorrectnessMgt No justification found for rule Class_invariant_axiom_for_Voter 
48987      DEBUG main            d.u.i.k.p.m.ProofCorrectnessMgt No justification found for rule Class_invariant_axiom_for_Voter 
49018      DEBUG main            d.u.i.k.p.m.ProofCorrectnessMgt No justification found for rule Class_invariant_axiom_for_Voter 
49020      DEBUG main            d.u.i.k.p.m.ProofCorrectnessMgt No justification found for rule Class_invariant_axiom_for_Voter 
49159      DEBUG main            d.u.i.k.p.m.ProofCorrectnessMgt No justification found for rule Class_invariant_axiom_for_Voter 
49164      DEBUG main            d.u.i.k.p.m.ProofCorrectnessMgt No justification found for rule Class_invariant_axiom_for_Voter 
49291      DEBUG main            d.u.i.k.p.m.ProofCorrectnessMgt No justification found for rule Class_invariant_axiom_for_Voter 
49294      DEBUG main            d.u.i.k.p.m.ProofCorrectnessMgt No justification found for rule Class_invariant_axiom_for_Voter 
49386      DEBUG main            d.u.i.k.p.m.ProofCorrectnessMgt No justification found for rule Class_invariant_axiom_for_Voter 
49389      DEBUG main            d.u.i.k.p.m.ProofCorrectnessMgt No justification found for rule Class_invariant_axiom_for_Voter 
49454      DEBUG main            d.u.i.k.p.m.ProofCorrectnessMgt No justification found for rule Class_invariant_axiom_for_Voter 
49457      DEBUG main            d.u.i.k.p.m.ProofCorrectnessMgt No justification found for rule Class_invariant_axiom_for_Voter 
49504      DEBUG main            d.u.i.k.p.m.ProofCorrectnessMgt No justification found for rule Class_invariant_axiom_for_Voter 
49507      DEBUG main            d.u.i.k.p.m.ProofCorrectnessMgt No justification found for rule Class_invariant_axiom_for_Voter 
49610      DEBUG main            d.u.i.k.p.m.ProofCorrectnessMgt No justification found for rule Class_invariant_axiom_for_Voter 
49615      DEBUG main            d.u.i.k.p.m.ProofCorrectnessMgt No justification found for rule Class_invariant_axiom_for_Voter 
49700      DEBUG main            d.u.i.k.p.m.ProofCorrectnessMgt No justification found for rule Class_invariant_axiom_for_Voter 
49703      DEBUG main            d.u.i.k.p.m.ProofCorrectnessMgt No justification found for rule Class_invariant_axiom_for_Voter 
49808      DEBUG main            d.u.i.k.p.m.ProofCorrectnessMgt No justification found for rule Class_invariant_axiom_for_Voter 
49936      DEBUG main            d.u.i.k.p.m.ProofCorrectnessMgt No justification found for rule Class_invariant_axiom_for_Voter 
49937      DEBUG main            d.u.i.k.p.m.ProofCorrectnessMgt No justification found for rule Class_invariant_axiom_for_Voter 
49972      DEBUG main            d.u.i.k.p.m.ProofCorrectnessMgt No justification found for rule Class_invariant_axiom_for_Voter 
49973      DEBUG main            d.u.i.k.p.m.ProofCorrectnessMgt No justification found for rule Class_invariant_axiom_for_Voter 
50010      DEBUG main            d.u.i.k.p.m.ProofCorrectnessMgt No justification found for rule Class_invariant_axiom_for_Voter 
50011      DEBUG main            d.u.i.k.p.m.ProofCorrectnessMgt No justification found for rule Class_invariant_axiom_for_Voter 
50034      DEBUG main            d.u.i.k.p.m.ProofCorrectnessMgt No justification found for rule Class_invariant_axiom_for_Voter 
50053      DEBUG main            d.u.i.k.p.m.ProofCorrectnessMgt No justification found for rule Class_invariant_axiom_for_Voter 
50056      DEBUG main            d.u.i.k.p.m.ProofCorrectnessMgt No justification found for rule Class_invariant_axiom_for_Voter 
50498      DEBUG main            d.u.i.k.p.m.ProofCorrectnessMgt No justification found for rule Class_invariant_axiom_for_Voter 
50501      DEBUG main            d.u.i.k.p.m.ProofCorrectnessMgt No justification found for rule Class_invariant_axiom_for_Voter 
50504      DEBUG main            d.u.i.k.p.m.ProofCorrectnessMgt No justification found for rule Class_invariant_axiom_for_Voter 
50506      DEBUG main            d.u.i.k.p.m.ProofCorrectnessMgt No justification found for rule Class_invariant_axiom_for_Voter 
50712      DEBUG main            d.u.i.k.p.m.ProofCorrectnessMgt No justification found for rule Class_invariant_axiom_for_Voter 
50715      DEBUG main            d.u.i.k.p.m.ProofCorrectnessMgt No justification found for rule Class_invariant_axiom_for_Voter 
50792      DEBUG main            d.u.i.k.p.m.ProofCorrectnessMgt No justification found for rule Class_invariant_axiom_for_Voter 
50794      DEBUG main            d.u.i.k.p.m.ProofCorrectnessMgt No justification found for rule Class_invariant_axiom_for_Voter 
50900      DEBUG main            d.u.i.k.p.m.ProofCorrectnessMgt No justification found for rule Class_invariant_axiom_for_Voter 
50903      DEBUG main            d.u.i.k.p.m.ProofCorrectnessMgt No justification found for rule Class_invariant_axiom_for_Voter 
50968      DEBUG main            d.u.i.k.p.m.ProofCorrectnessMgt No justification found for rule Class_invariant_axiom_for_Voter 
50970      DEBUG main            d.u.i.k.p.m.ProofCorrectnessMgt No justification found for rule Class_invariant_axiom_for_Voter 
51074      DEBUG main            d.u.i.k.p.m.ProofCorrectnessMgt No justification found for rule Class_invariant_axiom_for_Voter 
51077      DEBUG main            d.u.i.k.p.m.ProofCorrectnessMgt No justification found for rule Class_invariant_axiom_for_Voter 
51126      DEBUG main            d.u.i.k.p.m.ProofCorrectnessMgt No justification found for rule Class_invariant_axiom_for_Voter 
51128      DEBUG main            d.u.i.k.p.m.ProofCorrectnessMgt No justification found for rule Class_invariant_axiom_for_Voter 
51256      DEBUG main            d.u.i.k.p.m.ProofCorrectnessMgt No justification found for rule Class_invariant_axiom_for_Voter 
51261      DEBUG main            d.u.i.k.p.m.ProofCorrectnessMgt No justification found for rule Class_invariant_axiom_for_Voter 
51329      DEBUG main            d.u.i.k.p.m.ProofCorrectnessMgt No justification found for rule Class_invariant_axiom_for_Voter 
51331      DEBUG main            d.u.i.k.p.m.ProofCorrectnessMgt No justification found for rule Class_invariant_axiom_for_Voter 
51464      DEBUG main            d.u.i.k.p.m.ProofCorrectnessMgt No justification found for rule Class_invariant_axiom_for_Voter 
51467      DEBUG main            d.u.i.k.p.m.ProofCorrectnessMgt No justification found for rule Class_invariant_axiom_for_Voter 
51667      DEBUG main            d.u.i.k.p.m.ProofCorrectnessMgt No justification found for rule Class_invariant_axiom_for_Voter 
51671      DEBUG main            d.u.i.k.p.m.ProofCorrectnessMgt No justification found for rule Class_invariant_axiom_for_Voter 
51713      DEBUG main            d.u.i.k.p.m.ProofCorrectnessMgt No justification found for rule Class_invariant_axiom_for_Voter 
51715      DEBUG main            d.u.i.k.p.m.ProofCorrectnessMgt No justification found for rule Class_invariant_axiom_for_Voter 
52538      DEBUG main            d.u.i.k.p.m.ProofCorrectnessMgt No justification found for rule Class_invariant_axiom_for_Voter 
52541      DEBUG main            d.u.i.k.p.m.ProofCorrectnessMgt No justification found for rule Class_invariant_axiom_for_Voter 
52873      DEBUG main            d.u.i.k.p.m.ProofCorrectnessMgt No justification found for rule Class_invariant_axiom_for_Voter 
52875      DEBUG main            d.u.i.k.p.m.ProofCorrectnessMgt No justification found for rule Class_invariant_axiom_for_Voter 
52983      DEBUG main            d.u.i.k.p.m.ProofCorrectnessMgt No justification found for rule Class_invariant_axiom_for_Voter 
52985      DEBUG main            d.u.i.k.p.m.ProofCorrectnessMgt No justification found for rule Class_invariant_axiom_for_Voter 
53295      DEBUG main            d.u.i.k.p.m.ProofCorrectnessMgt No justification found for rule Class_invariant_axiom_for_Voter 
53298      DEBUG main            d.u.i.k.p.m.ProofCorrectnessMgt No justification found for rule Class_invariant_axiom_for_Voter 
53460      DEBUG main            d.u.i.k.p.m.ProofCorrectnessMgt No justification found for rule Class_invariant_axiom_for_Voter 
53462      DEBUG main            d.u.i.k.p.m.ProofCorrectnessMgt No justification found for rule Class_invariant_axiom_for_Voter 
53601      DEBUG main            d.u.i.k.p.m.ProofCorrectnessMgt No justification found for rule Class_invariant_axiom_for_Voter 
53603      DEBUG main            d.u.i.k.p.m.ProofCorrectnessMgt No justification found for rule Class_invariant_axiom_for_Voter 
53769      DEBUG main            d.u.i.k.p.m.ProofCorrectnessMgt No justification found for rule Class_invariant_axiom_for_Voter 
53772      DEBUG main            d.u.i.k.p.m.ProofCorrectnessMgt No justification found for rule Class_invariant_axiom_for_Voter 
53963      DEBUG main            d.u.i.k.p.m.ProofCorrectnessMgt No justification found for rule Class_invariant_axiom_for_Voter 
53965      DEBUG main            d.u.i.k.p.m.ProofCorrectnessMgt No justification found for rule Class_invariant_axiom_for_Voter 
54068      DEBUG main            d.u.i.k.p.m.ProofCorrectnessMgt No justification found for rule Class_invariant_axiom_for_Voter 
54070      DEBUG main            d.u.i.k.p.m.ProofCorrectnessMgt No justification found for rule Class_invariant_axiom_for_Voter 
55091      INFO  main            d.u.i.k.p.r.p.TestFile    ... finished proof: closed. 
1491455    INFO  Test worker     d.u.i.k.p.r.RunAllProofsTestUnit Returning from test ToyVoting_fullmacro 
1491456    INFO  Test worker     d.u.i.k.p.r.RunAllProofsTestUnit Running test SumExample_fullmacro 
393        INFO  Timeout watchdog d.u.i.k.p.r.p.ForkedTestFileRunner Timeout watcher launched (1000 secs.) 
417        WARN  main            d.u.i.k.s.ProofSettings   The settings in /home/runner/.key/proof-settings.props are *not* read. 
439        INFO  main            d.u.i.k.p.r.p.TestFile    Now processing file /home/runner/work/key/key/key.core/../key.ui/examples/InformationFlow/Sum/SumExample(SumExample__getSum()).Non-interference contract.0.m.key 
546        INFO  main            d.u.i.k.p.i.AbstractProblemLoader Loading environment from /home/runner/work/key/key/key.core/../key.ui/examples/InformationFlow/Sum/SumExample(SumExample__getSum()).Non-interference contract.0.m.key 
572        DEBUG main            d.u.i.k.p.i.AbstractProblemLoader Environment load took 1.87ms 
786        INFO  main            d.u.i.k.p.i.AbstractProblemLoader Creating init config 
1598       DEBUG main            d.u.i.k.j.TypeConverter   No LDT found for Meta 
1598       DEBUG main            d.u.i.k.j.TypeConverter   No LDT found for Meta 
1599       DEBUG main            d.u.i.k.j.TypeConverter   No LDT found for Meta 
1599       DEBUG main            d.u.i.k.j.TypeConverter   No LDT found for Meta 
2805       DEBUG main            d.u.i.k.j.TypeConverter   No LDT found for JavaBigintExpression 
7911       DEBUG main            d.u.i.k.p.i.AbstractProblemLoader Init config took 7.12s 
8072       INFO  main            d.u.i.k.p.i.AbstractProblemLoader Replaying proof SumExample[SumExample::getSum()].Non-interference contract.0 
8140       DEBUG main            d.u.i.k.p.i.IntermediateProofReplayer Proof replay took 360.7ns 
8209       DEBUG main            d.u.i.k.m.s.ProofScriptEngine [1] goal: 0, source line: 51, command: 'macro 'infflow-autopilot'' 
8612       DEBUG main            d.u.i.k.p.m.ProofCorrectnessMgt No justification found for rule Class_invariant_axiom_for_SumExample 
10327      INFO  main            d.u.i.k.p.r.p.TestFile    ... finished proof: closed. 
1502129    INFO  Test worker     d.u.i.k.p.r.RunAllProofsTestUnit Returning from test SumExample_fullmacro 
1502130    INFO  Test worker     d.u.i.k.p.r.RunAllProofsTestUnit Running test ToyBanking_fullmacro 
397        INFO  Timeout watchdog d.u.i.k.p.r.p.ForkedTestFileRunner Timeout watcher launched (1000 secs.) 
424        WARN  main            d.u.i.k.s.ProofSettings   The settings in /home/runner/.key/proof-settings.props are *not* read. 
462        INFO  main            d.u.i.k.p.r.p.TestFile    Now processing file /home/runner/work/key/key/key.core/../key.ui/examples/InformationFlow/ToyBanking/banking_example.UserAccount(banking_example.UserAccount__getBankAccount(int)).Non-interference contract.0.m.key 
584        INFO  main            d.u.i.k.p.i.AbstractProblemLoader Loading environment from /home/runner/work/key/key/key.core/../key.ui/examples/InformationFlow/ToyBanking/banking_example.UserAccount(banking_example.UserAccount__getBankAccount(int)).Non-interference contract.0.m.key 
609        DEBUG main            d.u.i.k.p.i.AbstractProblemLoader Environment load took 5.61ms 
834        INFO  main            d.u.i.k.p.i.AbstractProblemLoader Creating init config 
1826       DEBUG main            d.u.i.k.j.TypeConverter   No LDT found for Meta 
1826       DEBUG main            d.u.i.k.j.TypeConverter   No LDT found for Meta 
1830       DEBUG main            d.u.i.k.j.TypeConverter   No LDT found for Meta 
1830       DEBUG main            d.u.i.k.j.TypeConverter   No LDT found for Meta 
3378       DEBUG main            d.u.i.k.j.TypeConverter   No LDT found for JavaBigintExpression 
8704       DEBUG main            d.u.i.k.p.i.AbstractProblemLoader Init config took 7.87s 
8925       INFO  main            d.u.i.k.p.i.AbstractProblemLoader Replaying proof banking_example.UserAccount[banking_example.UserAccount::getBankAccount(int)].Non-interference contract.0 
9012       DEBUG main            d.u.i.k.p.i.IntermediateProofReplayer Proof replay took 338ns 
9101       DEBUG main            d.u.i.k.m.s.ProofScriptEngine [1] goal: 0, source line: 51, command: 'macro 'infflow-autopilot'' 
9493       DEBUG main            d.u.i.k.p.m.ProofCorrectnessMgt No justification found for rule Class_invariant_axiom_for_banking_example_UserAccount 
13457      INFO  main            d.u.i.k.p.r.p.TestFile    ... finished proof: closed. 
13654      INFO  main            d.u.i.k.p.r.p.TestFile    Now processing file /home/runner/work/key/key/key.core/../key.ui/examples/InformationFlow/ToyBanking/banking_example.UserAccount(banking_example.UserAccount__tryLogin(int,(C)).Non-interference contract.0.m.key 
13655      INFO  main            d.u.i.k.p.i.AbstractProblemLoader Loading environment from /home/runner/work/key/key/key.core/../key.ui/examples/InformationFlow/ToyBanking/banking_example.UserAccount(banking_example.UserAccount__tryLogin(int,(C)).Non-interference contract.0.m.key 
13655      DEBUG main            d.u.i.k.p.i.AbstractProblemLoader Environment load took 202.5ns 
13659      INFO  main            d.u.i.k.p.i.AbstractProblemLoader Creating init config 
16763      DEBUG main            d.u.i.k.p.i.AbstractProblemLoader Init config took 3.1s 
16842      INFO  main            d.u.i.k.p.i.AbstractProblemLoader Replaying proof banking_example.UserAccount[banking_example.UserAccount::tryLogin(int,[C)].Non-interference contract.0 
16845      DEBUG main            d.u.i.k.p.i.IntermediateProofReplayer Proof replay took 14.8ns 
16846      DEBUG main            d.u.i.k.m.s.ProofScriptEngine [1] goal: 0, source line: 51, command: 'macro 'infflow-autopilot'' 
16906      DEBUG main            d.u.i.k.p.m.ProofCorrectnessMgt No justification found for rule Class_invariant_axiom_for_banking_example_UserAccount 
69251      INFO  main            d.u.i.k.p.r.p.TestFile    ... finished proof: closed. 
69586      INFO  main            d.u.i.k.p.r.p.TestFile    Now processing file /home/runner/work/key/key/key.core/../key.ui/examples/InformationFlow/ToyBanking/banking_example.BankAccount(banking_example.BankAccount__depositMoney(int)).Non-interference contract.0.m.key 
69587      INFO  main            d.u.i.k.p.i.AbstractProblemLoader Loading environment from /home/runner/work/key/key/key.core/../key.ui/examples/InformationFlow/ToyBanking/banking_example.BankAccount(banking_example.BankAccount__depositMoney(int)).Non-interference contract.0.m.key 
69587      DEBUG main            d.u.i.k.p.i.AbstractProblemLoader Environment load took 99.6ns 
69588      INFO  main            d.u.i.k.p.i.AbstractProblemLoader Creating init config 
72390      DEBUG main            d.u.i.k.p.i.AbstractProblemLoader Init config took 2.8s 
72469      INFO  main            d.u.i.k.p.i.AbstractProblemLoader Replaying proof banking_example.BankAccount[banking_example.BankAccount::depositMoney(int)].Non-interference contract.0 
72472      DEBUG main            d.u.i.k.p.i.IntermediateProofReplayer Proof replay took 16.7ns 
72473      DEBUG main            d.u.i.k.m.s.ProofScriptEngine [1] goal: 0, source line: 51, command: 'macro 'infflow-autopilot'' 
72579      DEBUG main            d.u.i.k.p.m.ProofCorrectnessMgt No justification found for rule Class_invariant_axiom_for_banking_example_BankAccount 
73132      INFO  main            d.u.i.k.p.r.p.TestFile    ... finished proof: closed. 
73444      INFO  main            d.u.i.k.p.r.p.TestFile    Now processing file /home/runner/work/key/key/key.core/../key.ui/examples/InformationFlow/ToyBanking/banking_example.BankAccount(banking_example.BankAccount__getBalance()).Non-interference contract.0.m.key 
73444      INFO  main            d.u.i.k.p.i.AbstractProblemLoader Loading environment from /home/runner/work/key/key/key.core/../key.ui/examples/InformationFlow/ToyBanking/banking_example.BankAccount(banking_example.BankAccount__getBalance()).Non-interference contract.0.m.key 
73444      DEBUG main            d.u.i.k.p.i.AbstractProblemLoader Environment load took 71ns 
73445      INFO  main            d.u.i.k.p.i.AbstractProblemLoader Creating init config 
76165      DEBUG main            d.u.i.k.p.i.AbstractProblemLoader Init config took 2.72s 
76221      INFO  main            d.u.i.k.p.i.AbstractProblemLoader Replaying proof banking_example.BankAccount[banking_example.BankAccount::getBalance()].Non-interference contract.0 
76228      DEBUG main            d.u.i.k.p.i.IntermediateProofReplayer Proof replay took 15.9ns 
76229      DEBUG main            d.u.i.k.m.s.ProofScriptEngine [1] goal: 0, source line: 51, command: 'macro 'infflow-autopilot'' 
76270      DEBUG main            d.u.i.k.p.m.ProofCorrectnessMgt No justification found for rule Class_invariant_axiom_for_banking_example_BankAccount 
76405      INFO  main            d.u.i.k.p.r.p.TestFile    ... finished proof: closed. 
76562      INFO  main            d.u.i.k.p.r.p.TestFile    Now processing file /home/runner/work/key/key/key.core/../key.ui/examples/InformationFlow/ToyBanking/banking_example.BankAccount(banking_example.BankAccount__getId()).Non-interference contract.0.m.key 
76563      INFO  main            d.u.i.k.p.i.AbstractProblemLoader Loading environment from /home/runner/work/key/key/key.core/../key.ui/examples/InformationFlow/ToyBanking/banking_example.BankAccount(banking_example.BankAccount__getId()).Non-interference contract.0.m.key 
76563      DEBUG main            d.u.i.k.p.i.AbstractProblemLoader Environment load took 124ns 
76564      INFO  main            d.u.i.k.p.i.AbstractProblemLoader Creating init config 
79317      DEBUG main            d.u.i.k.p.i.AbstractProblemLoader Init config took 2.75s 
79369      INFO  main            d.u.i.k.p.i.AbstractProblemLoader Replaying proof banking_example.BankAccount[banking_example.BankAccount::getId()].Non-interference contract.0 
79372      DEBUG main            d.u.i.k.p.i.IntermediateProofReplayer Proof replay took 30.2ns 
79372      DEBUG main            d.u.i.k.m.s.ProofScriptEngine [1] goal: 0, source line: 51, command: 'macro 'infflow-autopilot'' 
79419      DEBUG main            d.u.i.k.p.m.ProofCorrectnessMgt No justification found for rule Class_invariant_axiom_for_banking_example_BankAccount 
79527      INFO  main            d.u.i.k.p.r.p.TestFile    ... finished proof: closed. 
79691      INFO  main            d.u.i.k.p.r.p.TestFile    Now processing file /home/runner/work/key/key/key.core/../key.ui/examples/InformationFlow/ToyBanking/banking_example.Bank(banking_example.Bank__login(int,(C)).Non-interference contract.0.m.key 
79691      INFO  main            d.u.i.k.p.i.AbstractProblemLoader Loading environment from /home/runner/work/key/key/key.core/../key.ui/examples/InformationFlow/ToyBanking/banking_example.Bank(banking_example.Bank__login(int,(C)).Non-interference contract.0.m.key 
79691      DEBUG main            d.u.i.k.p.i.AbstractProblemLoader Environment load took 78.2ns 
79692      INFO  main            d.u.i.k.p.i.AbstractProblemLoader Creating init config 
82456      DEBUG main            d.u.i.k.p.i.AbstractProblemLoader Init config took 2.76s 
82526      INFO  main            d.u.i.k.p.i.AbstractProblemLoader Replaying proof banking_example.Bank[banking_example.Bank::login(int,[C)].Non-interference contract.0 
82528      DEBUG main            d.u.i.k.p.i.IntermediateProofReplayer Proof replay took 15.4ns 
82529      DEBUG main            d.u.i.k.m.s.ProofScriptEngine [1] goal: 0, source line: 51, command: 'macro 'infflow-autopilot'' 
82569      DEBUG main            d.u.i.k.p.m.ProofCorrectnessMgt No justification found for rule Class_invariant_axiom_for_banking_example_Bank 
83715      DEBUG main            d.u.i.k.p.m.ProofCorrectnessMgt No justification found for rule Partial_inv_axiom_for_JML_class_invariant_nr_15_in_UserAccount 
83723      DEBUG main            d.u.i.k.p.m.ProofCorrectnessMgt No justification found for rule Partial_inv_axiom_for_JML_class_invariant_nr_11_in_UserAccount_EQ 
83820      DEBUG main            d.u.i.k.p.m.ProofCorrectnessMgt No justification found for rule Partial_inv_axiom_for_JML_class_invariant_nr_9_in_UserAccount_EQ 
83826      DEBUG main            d.u.i.k.p.m.ProofCorrectnessMgt No justification found for rule Partial_inv_axiom_for_JML_class_invariant_nr_13_in_UserAccount_EQ 
83912      DEBUG main            d.u.i.k.p.m.ProofCorrectnessMgt No justification found for rule Partial_inv_axiom_for_JML_class_invariant_nr_13_in_UserAccount 
83923      DEBUG main            d.u.i.k.p.m.ProofCorrectnessMgt No justification found for rule Partial_inv_axiom_for_JML_class_invariant_nr_9_in_UserAccount 
83931      DEBUG main            d.u.i.k.p.m.ProofCorrectnessMgt No justification found for rule Partial_inv_axiom_for_JML_class_invariant_nr_15_in_UserAccount_EQ 
83943      DEBUG main            d.u.i.k.p.m.ProofCorrectnessMgt No justification found for rule Partial_inv_axiom_for_JML_class_invariant_nr_11_in_UserAccount 
84476      DEBUG main            d.u.i.k.p.m.ProofCorrectnessMgt No justification found for rule Partial_inv_axiom_for_JML_class_invariant_nr_11_in_UserAccount 
84484      DEBUG main            d.u.i.k.p.m.ProofCorrectnessMgt No justification found for rule Partial_inv_axiom_for_JML_class_invariant_nr_15_in_UserAccount 
84492      DEBUG main            d.u.i.k.p.m.ProofCorrectnessMgt No justification found for rule Partial_inv_axiom_for_JML_class_invariant_nr_11_in_UserAccount_EQ 
84519      DEBUG main            d.u.i.k.p.m.ProofCorrectnessMgt No justification found for rule Partial_inv_axiom_for_JML_class_invariant_nr_13_in_UserAccount_EQ 
85143      DEBUG main            d.u.i.k.p.m.ProofCorrectnessMgt No justification found for rule Partial_inv_axiom_for_JML_class_invariant_nr_15_in_UserAccount 
85169      DEBUG main            d.u.i.k.p.m.ProofCorrectnessMgt No justification found for rule Partial_inv_axiom_for_JML_class_invariant_nr_11_in_UserAccount 
85705      DEBUG main            d.u.i.k.p.m.ProofCorrectnessMgt No justification found for rule Partial_inv_axiom_for_JML_class_invariant_nr_13_in_UserAccount 
238776     INFO  main            d.u.i.k.p.r.p.TestFile    ... finished proof: open goal(s) 
239131     INFO  main            d.u.i.k.p.r.p.TestFile    Now processing file /home/runner/work/key/key/key.core/../key.ui/examples/InformationFlow/ToyBanking/banking_example2.UserAccount(banking_example2.UserAccount__getBankAccount(int)).Non-interference contract.0.m.key 
239131     INFO  main            d.u.i.k.p.i.AbstractProblemLoader Loading environment from /home/runner/work/key/key/key.core/../key.ui/examples/InformationFlow/ToyBanking/banking_example2.UserAccount(banking_example2.UserAccount__getBankAccount(int)).Non-interference contract.0.m.key 
239131     DEBUG main            d.u.i.k.p.i.AbstractProblemLoader Environment load took 139.6ns 
239132     INFO  main            d.u.i.k.p.i.AbstractProblemLoader Creating init config 
241699     DEBUG main            d.u.i.k.p.i.AbstractProblemLoader Init config took 2.57s 
241762     INFO  main            d.u.i.k.p.i.AbstractProblemLoader Replaying proof banking_example2.UserAccount[banking_example2.UserAccount::getBankAccount(int)].Non-interference contract.0 
241766     DEBUG main            d.u.i.k.p.i.IntermediateProofReplayer Proof replay took 19ns 
241767     DEBUG main            d.u.i.k.m.s.ProofScriptEngine [1] goal: 0, source line: 51, command: 'macro 'infflow-autopilot'' 
241816     DEBUG main            d.u.i.k.p.m.ProofCorrectnessMgt No justification found for rule Class_invariant_axiom_for_banking_example2_UserAccount 
243853     INFO  main            d.u.i.k.p.r.p.TestFile    ... finished proof: closed. 
244280     INFO  main            d.u.i.k.p.r.p.TestFile    Now processing file /home/runner/work/key/key/key.core/../key.ui/examples/InformationFlow/ToyBanking/banking_example2.UserAccount(banking_example2.UserAccount__tryLogin(int,(C)).Non-interference contract.0.m.key 
244281     INFO  main            d.u.i.k.p.i.AbstractProblemLoader Loading environment from /home/runner/work/key/key/key.core/../key.ui/examples/InformationFlow/ToyBanking/banking_example2.UserAccount(banking_example2.UserAccount__tryLogin(int,(C)).Non-interference contract.0.m.key 
244281     DEBUG main            d.u.i.k.p.i.AbstractProblemLoader Environment load took 88.3ns 
244282     INFO  main            d.u.i.k.p.i.AbstractProblemLoader Creating init config 
246836     DEBUG main            d.u.i.k.p.i.AbstractProblemLoader Init config took 2.55s 
246890     INFO  main            d.u.i.k.p.i.AbstractProblemLoader Replaying proof banking_example2.UserAccount[banking_example2.UserAccount::tryLogin(int,[C)].Non-interference contract.0 
246892     DEBUG main            d.u.i.k.p.i.IntermediateProofReplayer Proof replay took 15.8ns 
246893     DEBUG main            d.u.i.k.m.s.ProofScriptEngine [1] goal: 0, source line: 51, command: 'macro 'infflow-autopilot'' 
246933     DEBUG main            d.u.i.k.p.m.ProofCorrectnessMgt No justification found for rule Class_invariant_axiom_for_banking_example2_UserAccount 
259691     INFO  main            d.u.i.k.p.r.p.TestFile    ... finished proof: closed. 
259982     INFO  main            d.u.i.k.p.r.p.TestFile    Now processing file /home/runner/work/key/key/key.core/../key.ui/examples/InformationFlow/ToyBanking/banking_example2.BankAccount(banking_example2.BankAccount__depositMoney(int)).Non-interference contract.0.m.key 
259982     INFO  main            d.u.i.k.p.i.AbstractProblemLoader Loading environment from /home/runner/work/key/key/key.core/../key.ui/examples/InformationFlow/ToyBanking/banking_example2.BankAccount(banking_example2.BankAccount__depositMoney(int)).Non-interference contract.0.m.key 
259983     DEBUG main            d.u.i.k.p.i.AbstractProblemLoader Environment load took 79.4ns 
259984     INFO  main            d.u.i.k.p.i.AbstractProblemLoader Creating init config 
262713     DEBUG main            d.u.i.k.p.i.AbstractProblemLoader Init config took 2.73s 
262789     INFO  main            d.u.i.k.p.i.AbstractProblemLoader Replaying proof banking_example2.BankAccount[banking_example2.BankAccount::depositMoney(int)].Non-interference contract.0 
262792     DEBUG main            d.u.i.k.p.i.IntermediateProofReplayer Proof replay took 18.1ns 
262794     DEBUG main            d.u.i.k.m.s.ProofScriptEngine [1] goal: 0, source line: 51, command: 'macro 'infflow-autopilot'' 
262833     DEBUG main            d.u.i.k.p.m.ProofCorrectnessMgt No justification found for rule Class_invariant_axiom_for_banking_example2_BankAccount 
263380     INFO  main            d.u.i.k.p.r.p.TestFile    ... finished proof: closed. 
263578     INFO  main            d.u.i.k.p.r.p.TestFile    Now processing file /home/runner/work/key/key/key.core/../key.ui/examples/InformationFlow/ToyBanking/banking_example2.BankAccount(banking_example2.BankAccount__getBalance()).Non-interference contract.0.m.key 
263578     INFO  main            d.u.i.k.p.i.AbstractProblemLoader Loading environment from /home/runner/work/key/key/key.core/../key.ui/examples/InformationFlow/ToyBanking/banking_example2.BankAccount(banking_example2.BankAccount__getBalance()).Non-interference contract.0.m.key 
263578     DEBUG main            d.u.i.k.p.i.AbstractProblemLoader Environment load took 97.4ns 
263579     INFO  main            d.u.i.k.p.i.AbstractProblemLoader Creating init config 
266194     DEBUG main            d.u.i.k.p.i.AbstractProblemLoader Init config took 2.62s 
266257     INFO  main            d.u.i.k.p.i.AbstractProblemLoader Replaying proof banking_example2.BankAccount[banking_example2.BankAccount::getBalance()].Non-interference contract.0 
266260     DEBUG main            d.u.i.k.p.i.IntermediateProofReplayer Proof replay took 20.7ns 
266261     DEBUG main            d.u.i.k.m.s.ProofScriptEngine [1] goal: 0, source line: 51, command: 'macro 'infflow-autopilot'' 
266294     DEBUG main            d.u.i.k.p.m.ProofCorrectnessMgt No justification found for rule Class_invariant_axiom_for_banking_example2_BankAccount 
266401     INFO  main            d.u.i.k.p.r.p.TestFile    ... finished proof: closed. 
266618     INFO  main            d.u.i.k.p.r.p.TestFile    Now processing file /home/runner/work/key/key/key.core/../key.ui/examples/InformationFlow/ToyBanking/banking_example2.BankAccount(banking_example2.BankAccount__getId()).Non-interference contract.0.m.key 
266619     INFO  main            d.u.i.k.p.i.AbstractProblemLoader Loading environment from /home/runner/work/key/key/key.core/../key.ui/examples/InformationFlow/ToyBanking/banking_example2.BankAccount(banking_example2.BankAccount__getId()).Non-interference contract.0.m.key 
266619     DEBUG main            d.u.i.k.p.i.AbstractProblemLoader Environment load took 182.4ns 
266620     INFO  main            d.u.i.k.p.i.AbstractProblemLoader Creating init config 
269277     DEBUG main            d.u.i.k.p.i.AbstractProblemLoader Init config took 2.66s 
269323     INFO  main            d.u.i.k.p.i.AbstractProblemLoader Replaying proof banking_example2.BankAccount[banking_example2.BankAccount::getId()].Non-interference contract.0 
269326     DEBUG main            d.u.i.k.p.i.IntermediateProofReplayer Proof replay took 17.6ns 
269327     DEBUG main            d.u.i.k.m.s.ProofScriptEngine [1] goal: 0, source line: 51, command: 'macro 'infflow-autopilot'' 
269358     DEBUG main            d.u.i.k.p.m.ProofCorrectnessMgt No justification found for rule Class_invariant_axiom_for_banking_example2_BankAccount 
269463     INFO  main            d.u.i.k.p.r.p.TestFile    ... finished proof: closed. 
1771936    INFO  Test worker     d.u.i.k.p.r.RunAllProofsTestUnit Returning from test ToyBanking_fullmacro 
1771937    INFO  Test worker     d.u.i.k.p.r.RunAllProofsTestUnit Running test BlockContracts_fullmacro 
344        INFO  Timeout watchdog d.u.i.k.p.r.p.ForkedTestFileRunner Timeout watcher launched (1000 secs.) 
356        WARN  main            d.u.i.k.s.ProofSettings   The settings in /home/runner/.key/proof-settings.props are *not* read. 
380        INFO  main            d.u.i.k.p.r.p.TestFile    Now processing file /home/runner/work/key/key/key.core/../key.ui/examples/InformationFlow/BlockContracts/contract.IFBlockExamples(contract.IFBlockExamples__secure_5()).Non-interference contract.0.m.key 
492        INFO  main            d.u.i.k.p.i.AbstractProblemLoader Loading environment from /home/runner/work/key/key/key.core/../key.ui/examples/InformationFlow/BlockContracts/contract.IFBlockExamples(contract.IFBlockExamples__secure_5()).Non-interference contract.0.m.key 
511        DEBUG main            d.u.i.k.p.i.AbstractProblemLoader Environment load took 2.22ms 
740        INFO  main            d.u.i.k.p.i.AbstractProblemLoader Creating init config 
1874       DEBUG main            d.u.i.k.j.TypeConverter   No LDT found for Meta 
1875       DEBUG main            d.u.i.k.j.TypeConverter   No LDT found for Meta 
1877       DEBUG main            d.u.i.k.j.TypeConverter   No LDT found for Meta 
1877       DEBUG main            d.u.i.k.j.TypeConverter   No LDT found for Meta 
3155       DEBUG main            d.u.i.k.j.TypeConverter   No LDT found for JavaBigintExpression 
8068       DEBUG main            d.u.i.k.p.i.AbstractProblemLoader Init config took 7.33s 
8230       INFO  main            d.u.i.k.p.i.AbstractProblemLoader Replaying proof contract.IFBlockExamples[contract.IFBlockExamples::secure_5()].Non-interference contract.0 
8308       DEBUG main            d.u.i.k.p.i.IntermediateProofReplayer Proof replay took 360ns 
8361       DEBUG main            d.u.i.k.m.s.ProofScriptEngine [1] goal: 0, source line: 51, command: 'macro 'infflow-autopilot'' 
8738       DEBUG main            d.u.i.k.p.m.ProofCorrectnessMgt No justification found for rule Class_invariant_axiom_for_contract_IFBlockExamples 
9515       INFO  main            d.u.i.k.p.r.p.TestFile    ... finished proof: closed. 
9662       INFO  main            d.u.i.k.p.r.p.TestFile    Now processing file /home/runner/work/key/key/key.core/../key.ui/examples/InformationFlow/BlockContracts/contract.IFBlockExamples(contract.IFBlockExamples__block_no_return_secure(int)).Non-interference contract.0.m.key 
9662       INFO  main            d.u.i.k.p.i.AbstractProblemLoader Loading environment from /home/runner/work/key/key/key.core/../key.ui/examples/InformationFlow/BlockContracts/contract.IFBlockExamples(contract.IFBlockExamples__block_no_return_secure(int)).Non-interference contract.0.m.key 
9663       DEBUG main            d.u.i.k.p.i.AbstractProblemLoader Environment load took 320.9ns 
9664       INFO  main            d.u.i.k.p.i.AbstractProblemLoader Creating init config 
12475      DEBUG main            d.u.i.k.p.i.AbstractProblemLoader Init config took 2.81s 
12550      INFO  main            d.u.i.k.p.i.AbstractProblemLoader Replaying proof contract.IFBlockExamples[contract.IFBlockExamples::block_no_return_secure(int)].Non-interference contract.0 
12553      DEBUG main            d.u.i.k.p.i.IntermediateProofReplayer Proof replay took 26.4ns 
12554      DEBUG main            d.u.i.k.m.s.ProofScriptEngine [1] goal: 0, source line: 51, command: 'macro 'infflow-autopilot'' 
12612      DEBUG main            d.u.i.k.p.m.ProofCorrectnessMgt No justification found for rule Class_invariant_axiom_for_contract_IFBlockExamples 
13112      INFO  main            d.u.i.k.p.r.p.TestFile    ... finished proof: closed. 
13271      INFO  main            d.u.i.k.p.r.p.TestFile    Now processing file /home/runner/work/key/key/key.core/../key.ui/examples/InformationFlow/BlockContracts/contract.IFBlockExamples(contract.IFBlockExamples__while_block_insecure(int)).Non-interference contract.0.m.key 
13271      INFO  main            d.u.i.k.p.i.AbstractProblemLoader Loading environment from /home/runner/work/key/key/key.core/../key.ui/examples/InformationFlow/BlockContracts/contract.IFBlockExamples(contract.IFBlockExamples__while_block_insecure(int)).Non-interference contract.0.m.key 
13272      DEBUG main            d.u.i.k.p.i.AbstractProblemLoader Environment load took 92.2ns 
13273      INFO  main            d.u.i.k.p.i.AbstractProblemLoader Creating init config 
16072      DEBUG main            d.u.i.k.p.i.AbstractProblemLoader Init config took 2.8s 
16129      INFO  main            d.u.i.k.p.i.AbstractProblemLoader Replaying proof contract.IFBlockExamples[contract.IFBlockExamples::while_block_insecure(int)].Non-interference contract.0 
16132      DEBUG main            d.u.i.k.p.i.IntermediateProofReplayer Proof replay took 13ns 
16133      DEBUG main            d.u.i.k.m.s.ProofScriptEngine [1] goal: 0, source line: 51, command: 'macro 'infflow-autopilot'' 
16183      DEBUG main            d.u.i.k.p.m.ProofCorrectnessMgt No justification found for rule Class_invariant_axiom_for_contract_IFBlockExamples 
17502      INFO  main            d.u.i.k.p.r.p.TestFile    ... finished proof: open goal(s) 
17661      INFO  main            d.u.i.k.p.r.p.TestFile    Now processing file /home/runner/work/key/key/key.core/../key.ui/examples/InformationFlow/BlockContracts/contract.IFBlockExamples(contract.IFBlockExamples__while_block_secure(int)).Non-interference contract.0.m.key 
17661      INFO  main            d.u.i.k.p.i.AbstractProblemLoader Loading environment from /home/runner/work/key/key/key.core/../key.ui/examples/InformationFlow/BlockContracts/contract.IFBlockExamples(contract.IFBlockExamples__while_block_secure(int)).Non-interference contract.0.m.key 
17662      DEBUG main            d.u.i.k.p.i.AbstractProblemLoader Environment load took 130.4ns 
17663      INFO  main            d.u.i.k.p.i.AbstractProblemLoader Creating init config 
20281      DEBUG main            d.u.i.k.p.i.AbstractProblemLoader Init config took 2.62s 
20337      INFO  main            d.u.i.k.p.i.AbstractProblemLoader Replaying proof contract.IFBlockExamples[contract.IFBlockExamples::while_block_secure(int)].Non-interference contract.0 
20340      DEBUG main            d.u.i.k.p.i.IntermediateProofReplayer Proof replay took 13.3ns 
20341      DEBUG main            d.u.i.k.m.s.ProofScriptEngine [1] goal: 0, source line: 51, command: 'macro 'infflow-autopilot'' 
20390      DEBUG main            d.u.i.k.p.m.ProofCorrectnessMgt No justification found for rule Class_invariant_axiom_for_contract_IFBlockExamples 
21455      INFO  main            d.u.i.k.p.r.p.TestFile    ... finished proof: closed. 
21680      INFO  main            d.u.i.k.p.r.p.TestFile    Now processing file /home/runner/work/key/key/key.core/../key.ui/examples/InformationFlow/BlockContracts/contract.IFBlockExamples(contract.IFBlockExamples__block_while_secure(int)).Non-interference contract.0.m.key 
21682      INFO  main            d.u.i.k.p.i.AbstractProblemLoader Loading environment from /home/runner/work/key/key/key.core/../key.ui/examples/InformationFlow/BlockContracts/contract.IFBlockExamples(contract.IFBlockExamples__block_while_secure(int)).Non-interference contract.0.m.key 
21682      DEBUG main            d.u.i.k.p.i.AbstractProblemLoader Environment load took 133.2ns 
21683      INFO  main            d.u.i.k.p.i.AbstractProblemLoader Creating init config 
24349      DEBUG main            d.u.i.k.p.i.AbstractProblemLoader Init config took 2.67s 
24398      INFO  main            d.u.i.k.p.i.AbstractProblemLoader Replaying proof contract.IFBlockExamples[contract.IFBlockExamples::block_while_secure(int)].Non-interference contract.0 
24401      DEBUG main            d.u.i.k.p.i.IntermediateProofReplayer Proof replay took 15.3ns 
24401      DEBUG main            d.u.i.k.m.s.ProofScriptEngine [1] goal: 0, source line: 51, command: 'macro 'infflow-autopilot'' 
24443      DEBUG main            d.u.i.k.p.m.ProofCorrectnessMgt No justification found for rule Class_invariant_axiom_for_contract_IFBlockExamples 
25639      INFO  main            d.u.i.k.p.r.p.TestFile    ... finished proof: closed. 
25835      INFO  main            d.u.i.k.p.r.p.TestFile    Now processing file /home/runner/work/key/key/key.core/../key.ui/examples/InformationFlow/BlockContracts/contract.IFBlockExamples(contract.IFBlockExamples__insecure_4(int)).Non-interference contract.0.m.key 
25835      INFO  main            d.u.i.k.p.i.AbstractProblemLoader Loading environment from /home/runner/work/key/key/key.core/../key.ui/examples/InformationFlow/BlockContracts/contract.IFBlockExamples(contract.IFBlockExamples__insecure_4(int)).Non-interference contract.0.m.key 
25835      DEBUG main            d.u.i.k.p.i.AbstractProblemLoader Environment load took 75.7ns 
25836      INFO  main            d.u.i.k.p.i.AbstractProblemLoader Creating init config 
28448      DEBUG main            d.u.i.k.p.i.AbstractProblemLoader Init config took 2.61s 
28494      INFO  main            d.u.i.k.p.i.AbstractProblemLoader Replaying proof contract.IFBlockExamples[contract.IFBlockExamples::insecure_4(int)].Non-interference contract.0 
28497      DEBUG main            d.u.i.k.p.i.IntermediateProofReplayer Proof replay took 14.7ns 
28498      DEBUG main            d.u.i.k.m.s.ProofScriptEngine [1] goal: 0, source line: 51, command: 'macro 'infflow-autopilot'' 
28540      DEBUG main            d.u.i.k.p.m.ProofCorrectnessMgt No justification found for rule Class_invariant_axiom_for_contract_IFBlockExamples 
29849      INFO  main            d.u.i.k.p.r.p.TestFile    ... finished proof: open goal(s) 
30075      INFO  main            d.u.i.k.p.r.p.TestFile    Now processing file /home/runner/work/key/key/key.core/../key.ui/examples/InformationFlow/BlockContracts/contract.IFBlockExamples(contract.IFBlockExamples__insecure_3(int)).Non-interference contract.0.m.key 
30075      INFO  main            d.u.i.k.p.i.AbstractProblemLoader Loading environment from /home/runner/work/key/key/key.core/../key.ui/examples/InformationFlow/BlockContracts/contract.IFBlockExamples(contract.IFBlockExamples__insecure_3(int)).Non-interference contract.0.m.key 
30076      DEBUG main            d.u.i.k.p.i.AbstractProblemLoader Environment load took 579.11ns 
30077      INFO  main            d.u.i.k.p.i.AbstractProblemLoader Creating init config 
32626      DEBUG main            d.u.i.k.p.i.AbstractProblemLoader Init config took 2.55s 
32681      INFO  main            d.u.i.k.p.i.AbstractProblemLoader Replaying proof contract.IFBlockExamples[contract.IFBlockExamples::insecure_3(int)].Non-interference contract.0 
32685      DEBUG main            d.u.i.k.p.i.IntermediateProofReplayer Proof replay took 16.1ns 
32686      DEBUG main            d.u.i.k.m.s.ProofScriptEngine [1] goal: 0, source line: 51, command: 'macro 'infflow-autopilot'' 
32725      DEBUG main            d.u.i.k.p.m.ProofCorrectnessMgt No justification found for rule Class_invariant_axiom_for_contract_IFBlockExamples 
39570      INFO  main            d.u.i.k.p.r.p.TestFile    ... finished proof: open goal(s) 
39863      INFO  main            d.u.i.k.p.r.p.TestFile    Now processing file /home/runner/work/key/key/key.core/../key.ui/examples/InformationFlow/BlockContracts/contract.IFBlockExamples(contract.IFBlockExamples__secure_3(int)).Non-interference contract.0.m.key 
39864      INFO  main            d.u.i.k.p.i.AbstractProblemLoader Loading environment from /home/runner/work/key/key/key.core/../key.ui/examples/InformationFlow/BlockContracts/contract.IFBlockExamples(contract.IFBlockExamples__secure_3(int)).Non-interference contract.0.m.key 
39864      DEBUG main            d.u.i.k.p.i.AbstractProblemLoader Environment load took 139.6ns 
39865      INFO  main            d.u.i.k.p.i.AbstractProblemLoader Creating init config 
42366      DEBUG main            d.u.i.k.p.i.AbstractProblemLoader Init config took 2.5s 
42406      INFO  main            d.u.i.k.p.i.AbstractProblemLoader Replaying proof contract.IFBlockExamples[contract.IFBlockExamples::secure_3(int)].Non-interference contract.0 
42409      DEBUG main            d.u.i.k.p.i.IntermediateProofReplayer Proof replay took 13.8ns 
42409      DEBUG main            d.u.i.k.m.s.ProofScriptEngine [1] goal: 0, source line: 51, command: 'macro 'infflow-autopilot'' 
42445      DEBUG main            d.u.i.k.p.m.ProofCorrectnessMgt No justification found for rule Class_invariant_axiom_for_contract_IFBlockExamples 
43546      INFO  main            d.u.i.k.p.r.p.TestFile    ... finished proof: closed. 
43864      INFO  main            d.u.i.k.p.r.p.TestFile    Now processing file /home/runner/work/key/key/key.core/../key.ui/examples/InformationFlow/BlockContracts/contract.IFBlockExamples(contract.IFBlockExamples__secure_2(int)).Non-interference contract.0.m.key 
43864      INFO  main            d.u.i.k.p.i.AbstractProblemLoader Loading environment from /home/runner/work/key/key/key.core/../key.ui/examples/InformationFlow/BlockContracts/contract.IFBlockExamples(contract.IFBlockExamples__secure_2(int)).Non-interference contract.0.m.key 
43864      DEBUG main            d.u.i.k.p.i.AbstractProblemLoader Environment load took 61.6ns 
43865      INFO  main            d.u.i.k.p.i.AbstractProblemLoader Creating init config 
46332      DEBUG main            d.u.i.k.p.i.AbstractProblemLoader Init config took 2.47s 
46372      INFO  main            d.u.i.k.p.i.AbstractProblemLoader Replaying proof contract.IFBlockExamples[contract.IFBlockExamples::secure_2(int)].Non-interference contract.0 
46374      DEBUG main            d.u.i.k.p.i.IntermediateProofReplayer Proof replay took 13.7ns 
46374      DEBUG main            d.u.i.k.m.s.ProofScriptEngine [1] goal: 0, source line: 51, command: 'macro 'infflow-autopilot'' 
46407      DEBUG main            d.u.i.k.p.m.ProofCorrectnessMgt No justification found for rule Class_invariant_axiom_for_contract_IFBlockExamples 
47698      INFO  main            d.u.i.k.p.r.p.TestFile    ... finished proof: closed. 
47932      INFO  main            d.u.i.k.p.r.p.TestFile    Now processing file /home/runner/work/key/key/key.core/../key.ui/examples/InformationFlow/BlockContracts/contract.IFBlockExamples(contract.IFBlockExamples__secure_8(int)).Non-interference contract.0.m.key 
47932      INFO  main            d.u.i.k.p.i.AbstractProblemLoader Loading environment from /home/runner/work/key/key/key.core/../key.ui/examples/InformationFlow/BlockContracts/contract.IFBlockExamples(contract.IFBlockExamples__secure_8(int)).Non-interference contract.0.m.key 
47933      DEBUG main            d.u.i.k.p.i.AbstractProblemLoader Environment load took 111.2ns 
47933      INFO  main            d.u.i.k.p.i.AbstractProblemLoader Creating init config 
50446      DEBUG main            d.u.i.k.p.i.AbstractProblemLoader Init config took 2.51s 
50485      INFO  main            d.u.i.k.p.i.AbstractProblemLoader Replaying proof contract.IFBlockExamples[contract.IFBlockExamples::secure_8(int)].Non-interference contract.0 
50487      DEBUG main            d.u.i.k.p.i.IntermediateProofReplayer Proof replay took 14.7ns 
50488      DEBUG main            d.u.i.k.m.s.ProofScriptEngine [1] goal: 0, source line: 51, command: 'macro 'infflow-autopilot'' 
50519      DEBUG main            d.u.i.k.p.m.ProofCorrectnessMgt No justification found for rule Class_invariant_axiom_for_contract_IFBlockExamples 
50967      INFO  main            d.u.i.k.p.r.p.TestFile    ... finished proof: closed. 
51203      INFO  main            d.u.i.k.p.r.p.TestFile    Now processing file /home/runner/work/key/key/key.core/../key.ui/examples/InformationFlow/BlockContracts/contract.IFBlockExamples(contract.IFBlockExamples__secure_7(int)).Non-interference contract.0.m.key 
51204      INFO  main            d.u.i.k.p.i.AbstractProblemLoader Loading environment from /home/runner/work/key/key/key.core/../key.ui/examples/InformationFlow/BlockContracts/contract.IFBlockExamples(contract.IFBlockExamples__secure_7(int)).Non-interference contract.0.m.key 
51204      DEBUG main            d.u.i.k.p.i.AbstractProblemLoader Environment load took 111ns 
51205      INFO  main            d.u.i.k.p.i.AbstractProblemLoader Creating init config 
53725      DEBUG main            d.u.i.k.p.i.AbstractProblemLoader Init config took 2.52s 
53767      INFO  main            d.u.i.k.p.i.AbstractProblemLoader Replaying proof contract.IFBlockExamples[contract.IFBlockExamples::secure_7(int)].Non-interference contract.0 
53770      DEBUG main            d.u.i.k.p.i.IntermediateProofReplayer Proof replay took 15.6ns 
53771      DEBUG main            d.u.i.k.m.s.ProofScriptEngine [1] goal: 0, source line: 51, command: 'macro 'infflow-autopilot'' 
53804      DEBUG main            d.u.i.k.p.m.ProofCorrectnessMgt No justification found for rule Class_invariant_axiom_for_contract_IFBlockExamples 
54133      INFO  main            d.u.i.k.p.r.p.TestFile    ... finished proof: closed. 
54378      INFO  main            d.u.i.k.p.r.p.TestFile    Now processing file /home/runner/work/key/key/key.core/../key.ui/examples/InformationFlow/BlockContracts/contract.IFBlockExamples(contract.IFBlockExamples__secure_6(int)).Non-interference contract.0.m.key 
54379      INFO  main            d.u.i.k.p.i.AbstractProblemLoader Loading environment from /home/runner/work/key/key/key.core/../key.ui/examples/InformationFlow/BlockContracts/contract.IFBlockExamples(contract.IFBlockExamples__secure_6(int)).Non-interference contract.0.m.key 
54379      DEBUG main            d.u.i.k.p.i.AbstractProblemLoader Environment load took 84.9ns 
54380      INFO  main            d.u.i.k.p.i.AbstractProblemLoader Creating init config 
56858      DEBUG main            d.u.i.k.p.i.AbstractProblemLoader Init config took 2.48s 
56896      INFO  main            d.u.i.k.p.i.AbstractProblemLoader Replaying proof contract.IFBlockExamples[contract.IFBlockExamples::secure_6(int)].Non-interference contract.0 
56899      DEBUG main            d.u.i.k.p.i.IntermediateProofReplayer Proof replay took 15ns 
56899      DEBUG main            d.u.i.k.m.s.ProofScriptEngine [1] goal: 0, source line: 51, command: 'macro 'infflow-autopilot'' 
56931      DEBUG main            d.u.i.k.p.m.ProofCorrectnessMgt No justification found for rule Class_invariant_axiom_for_contract_IFBlockExamples 
57273      INFO  main            d.u.i.k.p.r.p.TestFile    ... finished proof: closed. 
57499      INFO  main            d.u.i.k.p.r.p.TestFile    Now processing file /home/runner/work/key/key/key.core/../key.ui/examples/InformationFlow/BlockContracts/contract.IFBlockExamples(contract.IFBlockExamples__insecure_1(int)).Non-interference contract.0.m.key 
57500      INFO  main            d.u.i.k.p.i.AbstractProblemLoader Loading environment from /home/runner/work/key/key/key.core/../key.ui/examples/InformationFlow/BlockContracts/contract.IFBlockExamples(contract.IFBlockExamples__insecure_1(int)).Non-interference contract.0.m.key 
57500      DEBUG main            d.u.i.k.p.i.AbstractProblemLoader Environment load took 113.8ns 
57501      INFO  main            d.u.i.k.p.i.AbstractProblemLoader Creating init config 
59991      DEBUG main            d.u.i.k.p.i.AbstractProblemLoader Init config took 2.49s 
60028      INFO  main            d.u.i.k.p.i.AbstractProblemLoader Replaying proof contract.IFBlockExamples[contract.IFBlockExamples::insecure_1(int)].Non-interference contract.0 
60031      DEBUG main            d.u.i.k.p.i.IntermediateProofReplayer Proof replay took 24.4ns 
60032      DEBUG main            d.u.i.k.m.s.ProofScriptEngine [1] goal: 0, source line: 51, command: 'macro 'infflow-autopilot'' 
60063      DEBUG main            d.u.i.k.p.m.ProofCorrectnessMgt No justification found for rule Class_invariant_axiom_for_contract_IFBlockExamples 
60591      INFO  main            d.u.i.k.p.r.p.TestFile    ... finished proof: open goal(s) 
60798      INFO  main            d.u.i.k.p.r.p.TestFile    Now processing file /home/runner/work/key/key/key.core/../key.ui/examples/InformationFlow/BlockContracts/contract.IFBlockExamples(contract.IFBlockExamples__secure_4(int)).Non-interference contract.0.m.key 
60798      INFO  main            d.u.i.k.p.i.AbstractProblemLoader Loading environment from /home/runner/work/key/key/key.core/../key.ui/examples/InformationFlow/BlockContracts/contract.IFBlockExamples(contract.IFBlockExamples__secure_4(int)).Non-interference contract.0.m.key 
60798      DEBUG main            d.u.i.k.p.i.AbstractProblemLoader Environment load took 72.8ns 
60799      INFO  main            d.u.i.k.p.i.AbstractProblemLoader Creating init config 
63330      DEBUG main            d.u.i.k.p.i.AbstractProblemLoader Init config took 2.53s 
63367      INFO  main            d.u.i.k.p.i.AbstractProblemLoader Replaying proof contract.IFBlockExamples[contract.IFBlockExamples::secure_4(int)].Non-interference contract.0 
63369      DEBUG main            d.u.i.k.p.i.IntermediateProofReplayer Proof replay took 15.1ns 
63370      DEBUG main            d.u.i.k.m.s.ProofScriptEngine [1] goal: 0, source line: 51, command: 'macro 'infflow-autopilot'' 
63401      DEBUG main            d.u.i.k.p.m.ProofCorrectnessMgt No justification found for rule Class_invariant_axiom_for_contract_IFBlockExamples 
63842      INFO  main            d.u.i.k.p.r.p.TestFile    ... finished proof: closed. 
64064      INFO  main            d.u.i.k.p.r.p.TestFile    Now processing file /home/runner/work/key/key/key.core/../key.ui/examples/InformationFlow/BlockContracts/contract.IFBlockExamples(contract.IFBlockExamples__secure_1(int)).Non-interference contract.0.m.key 
64064      INFO  main            d.u.i.k.p.i.AbstractProblemLoader Loading environment from /home/runner/work/key/key/key.core/../key.ui/examples/InformationFlow/BlockContracts/contract.IFBlockExamples(contract.IFBlockExamples__secure_1(int)).Non-interference contract.0.m.key 
64065      DEBUG main            d.u.i.k.p.i.AbstractProblemLoader Environment load took 431.9ns 
64066      INFO  main            d.u.i.k.p.i.AbstractProblemLoader Creating init config 
66556      DEBUG main            d.u.i.k.p.i.AbstractProblemLoader Init config took 2.49s 
66594      INFO  main            d.u.i.k.p.i.AbstractProblemLoader Replaying proof contract.IFBlockExamples[contract.IFBlockExamples::secure_1(int)].Non-interference contract.0 
66596      DEBUG main            d.u.i.k.p.i.IntermediateProofReplayer Proof replay took 18.6ns 
66597      DEBUG main            d.u.i.k.m.s.ProofScriptEngine [1] goal: 0, source line: 51, command: 'macro 'infflow-autopilot'' 
66629      DEBUG main            d.u.i.k.p.m.ProofCorrectnessMgt No justification found for rule Class_invariant_axiom_for_contract_IFBlockExamples 
67171      INFO  main            d.u.i.k.p.r.p.TestFile    ... finished proof: closed. 
67375      INFO  main            d.u.i.k.p.r.p.TestFile    Now processing file /home/runner/work/key/key/key.core/../key.ui/examples/InformationFlow/BlockContracts/contract.IFEfficiencyExamples(contract.IFEfficiencyExamples__mWithoutBlockContract()).Non-interference contract.0.m.key 
67375      INFO  main            d.u.i.k.p.i.AbstractProblemLoader Loading environment from /home/runner/work/key/key/key.core/../key.ui/examples/InformationFlow/BlockContracts/contract.IFEfficiencyExamples(contract.IFEfficiencyExamples__mWithoutBlockContract()).Non-interference contract.0.m.key 
67376      DEBUG main            d.u.i.k.p.i.AbstractProblemLoader Environment load took 103.5ns 
67377      INFO  main            d.u.i.k.p.i.AbstractProblemLoader Creating init config 
69883      DEBUG main            d.u.i.k.p.i.AbstractProblemLoader Init config took 2.51s 
69925      INFO  main            d.u.i.k.p.i.AbstractProblemLoader Replaying proof contract.IFEfficiencyExamples[contract.IFEfficiencyExamples::mWithoutBlockContract()].Non-interference contract.0 
69927      DEBUG main            d.u.i.k.p.i.IntermediateProofReplayer Proof replay took 15ns 
69928      DEBUG main            d.u.i.k.m.s.ProofScriptEngine [1] goal: 0, source line: 51, command: 'macro 'infflow-autopilot'' 
69959      DEBUG main            d.u.i.k.p.m.ProofCorrectnessMgt No justification found for rule Class_invariant_axiom_for_contract_IFEfficiencyExamples 
74581      INFO  main            d.u.i.k.p.r.p.TestFile    ... finished proof: closed. 
74847      INFO  main            d.u.i.k.p.r.p.TestFile    Now processing file /home/runner/work/key/key/key.core/../key.ui/examples/InformationFlow/BlockContracts/contract.IFEfficiencyExamples(contract.IFEfficiencyExamples__mWithBlockContract()).Non-interference contract.0.m.key 
74847      INFO  main            d.u.i.k.p.i.AbstractProblemLoader Loading environment from /home/runner/work/key/key/key.core/../key.ui/examples/InformationFlow/BlockContracts/contract.IFEfficiencyExamples(contract.IFEfficiencyExamples__mWithBlockContract()).Non-interference contract.0.m.key 
74847      DEBUG main            d.u.i.k.p.i.AbstractProblemLoader Environment load took 86.9ns 
74848      INFO  main            d.u.i.k.p.i.AbstractProblemLoader Creating init config 
77295      DEBUG main            d.u.i.k.p.i.AbstractProblemLoader Init config took 2.45s 
77339      INFO  main            d.u.i.k.p.i.AbstractProblemLoader Replaying proof contract.IFEfficiencyExamples[contract.IFEfficiencyExamples::mWithBlockContract()].Non-interference contract.0 
77341      DEBUG main            d.u.i.k.p.i.IntermediateProofReplayer Proof replay took 15.9ns 
77342      DEBUG main            d.u.i.k.m.s.ProofScriptEngine [1] goal: 0, source line: 51, command: 'macro 'infflow-autopilot'' 
77370      DEBUG main            d.u.i.k.p.m.ProofCorrectnessMgt No justification found for rule Class_invariant_axiom_for_contract_IFEfficiencyExamples 
78824      INFO  main            d.u.i.k.p.r.p.TestFile    ... finished proof: closed. 
1851180    INFO  Test worker     d.u.i.k.p.r.RunAllProofsTestUnit Returning from test BlockContracts_fullmacro 
1851182    INFO  Test worker     d.u.i.k.p.r.RunAllProofsTestUnit Running test MethodContracts_fullmacro 
386        INFO  Timeout watchdog d.u.i.k.p.r.p.ForkedTestFileRunner Timeout watcher launched (1000 secs.) 
413        WARN  main            d.u.i.k.s.ProofSettings   The settings in /home/runner/.key/proof-settings.props are *not* read. 
451        INFO  main            d.u.i.k.p.r.p.TestFile    Now processing file /home/runner/work/key/key/key.core/../key.ui/examples/InformationFlow/MethodContracts/contract.IFMethodContract(contract.IFMethodContract__secure_recursion_2((I,int)).Non-interference contract.0.m.key 
582        INFO  main            d.u.i.k.p.i.AbstractProblemLoader Loading environment from /home/runner/work/key/key/key.core/../key.ui/examples/InformationFlow/MethodContracts/contract.IFMethodContract(contract.IFMethodContract__secure_recursion_2((I,int)).Non-interference contract.0.m.key 
601        DEBUG main            d.u.i.k.p.i.AbstractProblemLoader Environment load took 2.02ms 
819        INFO  main            d.u.i.k.p.i.AbstractProblemLoader Creating init config 
1746       DEBUG main            d.u.i.k.j.TypeConverter   No LDT found for Meta 
1746       DEBUG main            d.u.i.k.j.TypeConverter   No LDT found for Meta 
1748       DEBUG main            d.u.i.k.j.TypeConverter   No LDT found for Meta 
1748       DEBUG main            d.u.i.k.j.TypeConverter   No LDT found for Meta 
3225       DEBUG main            d.u.i.k.j.TypeConverter   No LDT found for JavaBigintExpression 
8441       DEBUG main            d.u.i.k.p.i.AbstractProblemLoader Init config took 7.62s 
8574       INFO  main            d.u.i.k.p.i.AbstractProblemLoader Replaying proof contract.IFMethodContract[contract.IFMethodContract::secure_recursion_2([I,int)].Non-interference contract.0 
8669       DEBUG main            d.u.i.k.p.i.IntermediateProofReplayer Proof replay took 390.8ns 
8704       DEBUG main            d.u.i.k.m.s.ProofScriptEngine [1] goal: 0, source line: 51, command: 'macro 'infflow-autopilot'' 
9096       DEBUG main            d.u.i.k.p.m.ProofCorrectnessMgt No justification found for rule Class_invariant_axiom_for_contract_IFMethodContract 
9520       DEBUG main            d.u.i.k.p.m.ProofCorrectnessMgt No justification found for rule Class_invariant_axiom_for_contract_IFMethodContract 
9523       DEBUG main            d.u.i.k.p.m.ProofCorrectnessMgt No justification found for rule Class_invariant_axiom_for_contract_IFMethodContract 
9752       DEBUG main            d.u.i.k.p.m.ProofCorrectnessMgt No justification found for rule Class_invariant_axiom_for_contract_IFMethodContract 
12661      INFO  main            d.u.i.k.p.r.p.TestFile    ... finished proof: closed. 
12831      INFO  main            d.u.i.k.p.r.p.TestFile    Now processing file /home/runner/work/key/key/key.core/../key.ui/examples/InformationFlow/MethodContracts/contract.IFMethodContract(contract.IFMethodContract__secure_recursion(int)).Non-interference contract.0.m.key 
12834      INFO  main            d.u.i.k.p.i.AbstractProblemLoader Loading environment from /home/runner/work/key/key/key.core/../key.ui/examples/InformationFlow/MethodContracts/contract.IFMethodContract(contract.IFMethodContract__secure_recursion(int)).Non-interference contract.0.m.key 
12834      DEBUG main            d.u.i.k.p.i.AbstractProblemLoader Environment load took 114ns 
12837      INFO  main            d.u.i.k.p.i.AbstractProblemLoader Creating init config 
15713      DEBUG main            d.u.i.k.p.i.AbstractProblemLoader Init config took 2.88s 
15781      INFO  main            d.u.i.k.p.i.AbstractProblemLoader Replaying proof contract.IFMethodContract[contract.IFMethodContract::secure_recursion(int)].Non-interference contract.0 
15784      DEBUG main            d.u.i.k.p.i.IntermediateProofReplayer Proof replay took 12.9ns 
15785      DEBUG main            d.u.i.k.m.s.ProofScriptEngine [1] goal: 0, source line: 51, command: 'macro 'infflow-autopilot'' 
15848      DEBUG main            d.u.i.k.p.m.ProofCorrectnessMgt No justification found for rule Class_invariant_axiom_for_contract_IFMethodContract 
15902      DEBUG main            d.u.i.k.p.m.ProofCorrectnessMgt No justification found for rule Class_invariant_axiom_for_contract_IFMethodContract 
15903      DEBUG main            d.u.i.k.p.m.ProofCorrectnessMgt No justification found for rule Class_invariant_axiom_for_contract_IFMethodContract 
15952      DEBUG main            d.u.i.k.p.m.ProofCorrectnessMgt No justification found for rule Class_invariant_axiom_for_contract_IFMethodContract 
16381      INFO  main            d.u.i.k.p.r.p.TestFile    ... finished proof: closed. 
16572      INFO  main            d.u.i.k.p.r.p.TestFile    Now processing file /home/runner/work/key/key/key.core/../key.ui/examples/InformationFlow/MethodContracts/contract.IFMethodContract(contract.IFMethodContract__secure_catch_exception()).Non-interference contract.0.m.key 
16572      INFO  main            d.u.i.k.p.i.AbstractProblemLoader Loading environment from /home/runner/work/key/key/key.core/../key.ui/examples/InformationFlow/MethodContracts/contract.IFMethodContract(contract.IFMethodContract__secure_catch_exception()).Non-interference contract.0.m.key 
16572      DEBUG main            d.u.i.k.p.i.AbstractProblemLoader Environment load took 83.7ns 
16575      INFO  main            d.u.i.k.p.i.AbstractProblemLoader Creating init config 
19398      DEBUG main            d.u.i.k.p.i.AbstractProblemLoader Init config took 2.82s 
19449      INFO  main            d.u.i.k.p.i.AbstractProblemLoader Replaying proof contract.IFMethodContract[contract.IFMethodContract::secure_catch_exception()].Non-interference contract.0 
19452      DEBUG main            d.u.i.k.p.i.IntermediateProofReplayer Proof replay took 12.9ns 
19453      DEBUG main            d.u.i.k.m.s.ProofScriptEngine [1] goal: 0, source line: 51, command: 'macro 'infflow-autopilot'' 
19501      DEBUG main            d.u.i.k.p.m.ProofCorrectnessMgt No justification found for rule Class_invariant_axiom_for_contract_IFMethodContract 
19794      INFO  main            d.u.i.k.p.r.p.TestFile    ... finished proof: closed. 
19944      INFO  main            d.u.i.k.p.r.p.TestFile    Now processing file /home/runner/work/key/key/key.core/../key.ui/examples/InformationFlow/MethodContracts/contract.IFMethodContract(contract.IFMethodContract__n6()).Non-interference contract.0.m.key 
19945      INFO  main            d.u.i.k.p.i.AbstractProblemLoader Loading environment from /home/runner/work/key/key/key.core/../key.ui/examples/InformationFlow/MethodContracts/contract.IFMethodContract(contract.IFMethodContract__n6()).Non-interference contract.0.m.key 
19945      DEBUG main            d.u.i.k.p.i.AbstractProblemLoader Environment load took 131.1ns 
19946      INFO  main            d.u.i.k.p.i.AbstractProblemLoader Creating init config 
22615      DEBUG main            d.u.i.k.p.i.AbstractProblemLoader Init config took 2.67s 
22663      INFO  main            d.u.i.k.p.i.AbstractProblemLoader Replaying proof contract.IFMethodContract[contract.IFMethodContract::n6()].Non-interference contract.0 
22666      DEBUG main            d.u.i.k.p.i.IntermediateProofReplayer Proof replay took 14.8ns 
22667      DEBUG main            d.u.i.k.m.s.ProofScriptEngine [1] goal: 0, source line: 51, command: 'macro 'infflow-autopilot'' 
22708      DEBUG main            d.u.i.k.p.m.ProofCorrectnessMgt No justification found for rule Class_invariant_axiom_for_contract_IFMethodContract 
22811      INFO  main            d.u.i.k.p.r.p.TestFile    ... finished proof: closed. 
22964      INFO  main            d.u.i.k.p.r.p.TestFile    Now processing file /home/runner/work/key/key/key.core/../key.ui/examples/InformationFlow/MethodContracts/contract.IFMethodContract(contract.IFMethodContract__secure_n6()).Non-interference contract.0.m.key 
22964      INFO  main            d.u.i.k.p.i.AbstractProblemLoader Loading environment from /home/runner/work/key/key/key.core/../key.ui/examples/InformationFlow/MethodContracts/contract.IFMethodContract(contract.IFMethodContract__secure_n6()).Non-interference contract.0.m.key 
22964      DEBUG main            d.u.i.k.p.i.AbstractProblemLoader Environment load took 78.2ns 
22966      INFO  main            d.u.i.k.p.i.AbstractProblemLoader Creating init config 
25557      DEBUG main            d.u.i.k.p.i.AbstractProblemLoader Init config took 2.59s 
25611      INFO  main            d.u.i.k.p.i.AbstractProblemLoader Replaying proof contract.IFMethodContract[contract.IFMethodContract::secure_n6()].Non-interference contract.0 
25614      DEBUG main            d.u.i.k.p.i.IntermediateProofReplayer Proof replay took 27.3ns 
25615      DEBUG main            d.u.i.k.m.s.ProofScriptEngine [1] goal: 0, source line: 51, command: 'macro 'infflow-autopilot'' 
25654      DEBUG main            d.u.i.k.p.m.ProofCorrectnessMgt No justification found for rule Class_invariant_axiom_for_contract_IFMethodContract 
25675      DEBUG main            d.u.i.k.p.m.ProofCorrectnessMgt No justification found for rule Class_invariant_axiom_for_contract_IFMethodContract 
25676      DEBUG main            d.u.i.k.p.m.ProofCorrectnessMgt No justification found for rule Class_invariant_axiom_for_contract_IFMethodContract 
25690      DEBUG main            d.u.i.k.p.m.ProofCorrectnessMgt No justification found for rule Class_invariant_axiom_for_contract_IFMethodContract 
25839      INFO  main            d.u.i.k.p.r.p.TestFile    ... finished proof: closed. 
25986      INFO  main            d.u.i.k.p.r.p.TestFile    Now processing file /home/runner/work/key/key/key.core/../key.ui/examples/InformationFlow/MethodContracts/contract.IFMethodContract(contract.IFMethodContract__secure_array_param((I,int)).Non-interference contract.0.m.key 
25986      INFO  main            d.u.i.k.p.i.AbstractProblemLoader Loading environment from /home/runner/work/key/key/key.core/../key.ui/examples/InformationFlow/MethodContracts/contract.IFMethodContract(contract.IFMethodContract__secure_array_param((I,int)).Non-interference contract.0.m.key 
25986      DEBUG main            d.u.i.k.p.i.AbstractProblemLoader Environment load took 90.3ns 
25988      INFO  main            d.u.i.k.p.i.AbstractProblemLoader Creating init config 
28548      DEBUG main            d.u.i.k.p.i.AbstractProblemLoader Init config took 2.56s 
28617      INFO  main            d.u.i.k.p.i.AbstractProblemLoader Replaying proof contract.IFMethodContract[contract.IFMethodContract::secure_array_param([I,int)].Non-interference contract.0 
28622      DEBUG main            d.u.i.k.p.i.IntermediateProofReplayer Proof replay took 14.2ns 
28623      DEBUG main            d.u.i.k.m.s.ProofScriptEngine [1] goal: 0, source line: 51, command: 'macro 'infflow-autopilot'' 
28685      DEBUG main            d.u.i.k.p.m.ProofCorrectnessMgt No justification found for rule Class_invariant_axiom_for_contract_IFMethodContract 
28725      DEBUG main            d.u.i.k.p.m.ProofCorrectnessMgt No justification found for rule Class_invariant_axiom_for_contract_IFMethodContract 
28726      DEBUG main            d.u.i.k.p.m.ProofCorrectnessMgt No justification found for rule Class_invariant_axiom_for_contract_IFMethodContract 
28778      DEBUG main            d.u.i.k.p.m.ProofCorrectnessMgt No justification found for rule Class_invariant_axiom_for_contract_IFMethodContract 
30230      INFO  main            d.u.i.k.p.r.p.TestFile    ... finished proof: closed. 
30385      INFO  main            d.u.i.k.p.r.p.TestFile    Now processing file /home/runner/work/key/key/key.core/../key.ui/examples/InformationFlow/MethodContracts/contract.IFMethodContract(contract.IFMethodContract__secure_assignment_0_n9()).Non-interference contract.0.m.key 
30386      INFO  main            d.u.i.k.p.i.AbstractProblemLoader Loading environment from /home/runner/work/key/key/key.core/../key.ui/examples/InformationFlow/MethodContracts/contract.IFMethodContract(contract.IFMethodContract__secure_assignment_0_n9()).Non-interference contract.0.m.key 
30386      DEBUG main            d.u.i.k.p.i.AbstractProblemLoader Environment load took 127.4ns 
30387      INFO  main            d.u.i.k.p.i.AbstractProblemLoader Creating init config 
32962      DEBUG main            d.u.i.k.p.i.AbstractProblemLoader Init config took 2.57s 
33005      INFO  main            d.u.i.k.p.i.AbstractProblemLoader Replaying proof contract.IFMethodContract[contract.IFMethodContract::secure_assignment_0_n9()].Non-interference contract.0 
33008      DEBUG main            d.u.i.k.p.i.IntermediateProofReplayer Proof replay took 16ns 
33009      DEBUG main            d.u.i.k.m.s.ProofScriptEngine [1] goal: 0, source line: 51, command: 'macro 'infflow-autopilot'' 
33047      DEBUG main            d.u.i.k.p.m.ProofCorrectnessMgt No justification found for rule Class_invariant_axiom_for_contract_IFMethodContract 
33100      DEBUG main            d.u.i.k.p.m.ProofCorrectnessMgt No justification found for rule Class_invariant_axiom_for_contract_IFMethodContract 
33101      DEBUG main            d.u.i.k.p.m.ProofCorrectnessMgt No justification found for rule Class_invariant_axiom_for_contract_IFMethodContract 
33112      DEBUG main            d.u.i.k.p.m.ProofCorrectnessMgt No justification found for rule Class_invariant_axiom_for_contract_IFMethodContract 
33270      INFO  main            d.u.i.k.p.r.p.TestFile    ... finished proof: closed. 
33430      INFO  main            d.u.i.k.p.r.p.TestFile    Now processing file /home/runner/work/key/key/key.core/../key.ui/examples/InformationFlow/MethodContracts/contract.IFMethodContract(contract.IFMethodContract__insecure_if_high_n5_n1()).Non-interference contract.0.m.key 
33430      INFO  main            d.u.i.k.p.i.AbstractProblemLoader Loading environment from /home/runner/work/key/key/key.core/../key.ui/examples/InformationFlow/MethodContracts/contract.IFMethodContract(contract.IFMethodContract__insecure_if_high_n5_n1()).Non-interference contract.0.m.key 
33430      DEBUG main            d.u.i.k.p.i.AbstractProblemLoader Environment load took 80.4ns 
33432      INFO  main            d.u.i.k.p.i.AbstractProblemLoader Creating init config 
36093      DEBUG main            d.u.i.k.p.i.AbstractProblemLoader Init config took 2.66s 
36134      INFO  main            d.u.i.k.p.i.AbstractProblemLoader Replaying proof contract.IFMethodContract[contract.IFMethodContract::insecure_if_high_n5_n1()].Non-interference contract.0 
36137      DEBUG main            d.u.i.k.p.i.IntermediateProofReplayer Proof replay took 15.4ns 
36138      DEBUG main            d.u.i.k.m.s.ProofScriptEngine [1] goal: 0, source line: 51, command: 'macro 'infflow-autopilot'' 
36174      DEBUG main            d.u.i.k.p.m.ProofCorrectnessMgt No justification found for rule Class_invariant_axiom_for_contract_IFMethodContract 
36209      DEBUG main            d.u.i.k.p.m.ProofCorrectnessMgt No justification found for rule Class_invariant_axiom_for_contract_IFMethodContract 
36210      DEBUG main            d.u.i.k.p.m.ProofCorrectnessMgt No justification found for rule Class_invariant_axiom_for_contract_IFMethodContract 
36249      DEBUG main            d.u.i.k.p.m.ProofCorrectnessMgt No justification found for rule Class_invariant_axiom_for_contract_IFMethodContract 
36249      DEBUG main            d.u.i.k.p.m.ProofCorrectnessMgt No justification found for rule Class_invariant_axiom_for_contract_IFMethodContract 
36266      DEBUG main            d.u.i.k.p.m.ProofCorrectnessMgt No justification found for rule Class_invariant_axiom_for_contract_IFMethodContract 
36267      DEBUG main            d.u.i.k.p.m.ProofCorrectnessMgt No justification found for rule Class_invariant_axiom_for_contract_IFMethodContract 
36287      DEBUG main            d.u.i.k.p.m.ProofCorrectnessMgt No justification found for rule Class_invariant_axiom_for_contract_IFMethodContract 
36293      DEBUG main            d.u.i.k.p.m.ProofCorrectnessMgt No justification found for rule Class_invariant_axiom_for_contract_IFMethodContract 
36304      DEBUG main            d.u.i.k.p.m.ProofCorrectnessMgt No justification found for rule Class_invariant_axiom_for_contract_IFMethodContract 
36876      INFO  main            d.u.i.k.p.r.p.TestFile    ... finished proof: open goal(s) 
37112      INFO  main            d.u.i.k.p.r.p.TestFile    Now processing file /home/runner/work/key/key/key.core/../key.ui/examples/InformationFlow/MethodContracts/contract.IFMethodContract(contract.IFMethodContract__n5(int)).Non-interference contract.0.m.key 
37113      INFO  main            d.u.i.k.p.i.AbstractProblemLoader Loading environment from /home/runner/work/key/key/key.core/../key.ui/examples/InformationFlow/MethodContracts/contract.IFMethodContract(contract.IFMethodContract__n5(int)).Non-interference contract.0.m.key 
37113      DEBUG main            d.u.i.k.p.i.AbstractProblemLoader Environment load took 117.9ns 
37114      INFO  main            d.u.i.k.p.i.AbstractProblemLoader Creating init config 
39699      DEBUG main            d.u.i.k.p.i.AbstractProblemLoader Init config took 2.58s 
39739      INFO  main            d.u.i.k.p.i.AbstractProblemLoader Replaying proof contract.IFMethodContract[contract.IFMethodContract::n5(int)].Non-interference contract.0 
39741      DEBUG main            d.u.i.k.p.i.IntermediateProofReplayer Proof replay took 16.7ns 
39742      DEBUG main            d.u.i.k.m.s.ProofScriptEngine [1] goal: 0, source line: 51, command: 'macro 'infflow-autopilot'' 
39781      DEBUG main            d.u.i.k.p.m.ProofCorrectnessMgt No justification found for rule Class_invariant_axiom_for_contract_IFMethodContract 
39874      INFO  main            d.u.i.k.p.r.p.TestFile    ... finished proof: closed. 
40076      INFO  main            d.u.i.k.p.r.p.TestFile    Now processing file /home/runner/work/key/key/key.core/../key.ui/examples/InformationFlow/MethodContracts/contract.IFMethodContract(contract.IFMethodContract__secure_if_high_n5_n1()).Non-interference contract.0.m.key 
40077      INFO  main            d.u.i.k.p.i.AbstractProblemLoader Loading environment from /home/runner/work/key/key/key.core/../key.ui/examples/InformationFlow/MethodContracts/contract.IFMethodContract(contract.IFMethodContract__secure_if_high_n5_n1()).Non-interference contract.0.m.key 
40077      DEBUG main            d.u.i.k.p.i.AbstractProblemLoader Environment load took 69.7ns 
40078      INFO  main            d.u.i.k.p.i.AbstractProblemLoader Creating init config 
42583      DEBUG main            d.u.i.k.p.i.AbstractProblemLoader Init config took 2.5s 
42621      INFO  main            d.u.i.k.p.i.AbstractProblemLoader Replaying proof contract.IFMethodContract[contract.IFMethodContract::secure_if_high_n5_n1()].Non-interference contract.0 
42624      DEBUG main            d.u.i.k.p.i.IntermediateProofReplayer Proof replay took 14.3ns 
42625      DEBUG main            d.u.i.k.m.s.ProofScriptEngine [1] goal: 0, source line: 51, command: 'macro 'infflow-autopilot'' 
42656      DEBUG main            d.u.i.k.p.m.ProofCorrectnessMgt No justification found for rule Class_invariant_axiom_for_contract_IFMethodContract 
42742      DEBUG main            d.u.i.k.p.m.ProofCorrectnessMgt No justification found for rule Class_invariant_axiom_for_contract_IFMethodContract 
42743      DEBUG main            d.u.i.k.p.m.ProofCorrectnessMgt No justification found for rule Class_invariant_axiom_for_contract_IFMethodContract 
42759      DEBUG main            d.u.i.k.p.m.ProofCorrectnessMgt No justification found for rule Class_invariant_axiom_for_contract_IFMethodContract 
42760      DEBUG main            d.u.i.k.p.m.ProofCorrectnessMgt No justification found for rule Class_invariant_axiom_for_contract_IFMethodContract 
42797      DEBUG main            d.u.i.k.p.m.ProofCorrectnessMgt No justification found for rule Class_invariant_axiom_for_contract_IFMethodContract 
42798      DEBUG main            d.u.i.k.p.m.ProofCorrectnessMgt No justification found for rule Class_invariant_axiom_for_contract_IFMethodContract 
42814      DEBUG main            d.u.i.k.p.m.ProofCorrectnessMgt No justification found for rule Class_invariant_axiom_for_contract_IFMethodContract 
42815      DEBUG main            d.u.i.k.p.m.ProofCorrectnessMgt No justification found for rule Class_invariant_axiom_for_contract_IFMethodContract 
42833      DEBUG main            d.u.i.k.p.m.ProofCorrectnessMgt No justification found for rule Class_invariant_axiom_for_contract_IFMethodContract 
42839      DEBUG main            d.u.i.k.p.m.ProofCorrectnessMgt No justification found for rule Class_invariant_axiom_for_contract_IFMethodContract 
42856      DEBUG main            d.u.i.k.p.m.ProofCorrectnessMgt No justification found for rule Class_invariant_axiom_for_contract_IFMethodContract 
42862      DEBUG main            d.u.i.k.p.m.ProofCorrectnessMgt No justification found for rule Class_invariant_axiom_for_contract_IFMethodContract 
43448      INFO  main            d.u.i.k.p.r.p.TestFile    ... finished proof: closed. 
43729      INFO  main            d.u.i.k.p.r.p.TestFile    Now processing file /home/runner/work/key/key/key.core/../key.ui/examples/InformationFlow/MethodContracts/contract.IFMethodContract(contract.IFMethodContract__secure_if_high_n1()).Non-interference contract.0.m.key 
43730      INFO  main            d.u.i.k.p.i.AbstractProblemLoader Loading environment from /home/runner/work/key/key/key.core/../key.ui/examples/InformationFlow/MethodContracts/contract.IFMethodContract(contract.IFMethodContract__secure_if_high_n1()).Non-interference contract.0.m.key 
43730      DEBUG main            d.u.i.k.p.i.AbstractProblemLoader Environment load took 69.1ns 
43731      INFO  main            d.u.i.k.p.i.AbstractProblemLoader Creating init config 
46231      DEBUG main            d.u.i.k.p.i.AbstractProblemLoader Init config took 2.5s 
46268      INFO  main            d.u.i.k.p.i.AbstractProblemLoader Replaying proof contract.IFMethodContract[contract.IFMethodContract::secure_if_high_n1()].Non-interference contract.0 
46270      DEBUG main            d.u.i.k.p.i.IntermediateProofReplayer Proof replay took 15.9ns 
46271      DEBUG main            d.u.i.k.m.s.ProofScriptEngine [1] goal: 0, source line: 51, command: 'macro 'infflow-autopilot'' 
46302      DEBUG main            d.u.i.k.p.m.ProofCorrectnessMgt No justification found for rule Class_invariant_axiom_for_contract_IFMethodContract 
46370      DEBUG main            d.u.i.k.p.m.ProofCorrectnessMgt No justification found for rule Class_invariant_axiom_for_contract_IFMethodContract 
46371      DEBUG main            d.u.i.k.p.m.ProofCorrectnessMgt No justification found for rule Class_invariant_axiom_for_contract_IFMethodContract 
46411      DEBUG main            d.u.i.k.p.m.ProofCorrectnessMgt No justification found for rule Class_invariant_axiom_for_contract_IFMethodContract 
46412      DEBUG main            d.u.i.k.p.m.ProofCorrectnessMgt No justification found for rule Class_invariant_axiom_for_contract_IFMethodContract 
46427      DEBUG main            d.u.i.k.p.m.ProofCorrectnessMgt No justification found for rule Class_invariant_axiom_for_contract_IFMethodContract 
46439      DEBUG main            d.u.i.k.p.m.ProofCorrectnessMgt No justification found for rule Class_invariant_axiom_for_contract_IFMethodContract 
46739      INFO  main            d.u.i.k.p.r.p.TestFile    ... finished proof: closed. 
46936      INFO  main            d.u.i.k.p.r.p.TestFile    Now processing file /home/runner/work/key/key/key.core/../key.ui/examples/InformationFlow/MethodContracts/contract.IFMethodContract(contract.IFMethodContract__secure_n5()).Non-interference contract.0.m.key 
46936      INFO  main            d.u.i.k.p.i.AbstractProblemLoader Loading environment from /home/runner/work/key/key/key.core/../key.ui/examples/InformationFlow/MethodContracts/contract.IFMethodContract(contract.IFMethodContract__secure_n5()).Non-interference contract.0.m.key 
46936      DEBUG main            d.u.i.k.p.i.AbstractProblemLoader Environment load took 72.6ns 
46937      INFO  main            d.u.i.k.p.i.AbstractProblemLoader Creating init config 
49467      DEBUG main            d.u.i.k.p.i.AbstractProblemLoader Init config took 2.53s 
49504      INFO  main            d.u.i.k.p.i.AbstractProblemLoader Replaying proof contract.IFMethodContract[contract.IFMethodContract::secure_n5()].Non-interference contract.0 
49506      DEBUG main            d.u.i.k.p.i.IntermediateProofReplayer Proof replay took 16.1ns 
49507      DEBUG main            d.u.i.k.m.s.ProofScriptEngine [1] goal: 0, source line: 51, command: 'macro 'infflow-autopilot'' 
49537      DEBUG main            d.u.i.k.p.m.ProofCorrectnessMgt No justification found for rule Class_invariant_axiom_for_contract_IFMethodContract 
49569      DEBUG main            d.u.i.k.p.m.ProofCorrectnessMgt No justification found for rule Class_invariant_axiom_for_contract_IFMethodContract 
49569      DEBUG main            d.u.i.k.p.m.ProofCorrectnessMgt No justification found for rule Class_invariant_axiom_for_contract_IFMethodContract 
49580      DEBUG main            d.u.i.k.p.m.ProofCorrectnessMgt No justification found for rule Class_invariant_axiom_for_contract_IFMethodContract 
49701      INFO  main            d.u.i.k.p.r.p.TestFile    ... finished proof: closed. 
49878      INFO  main            d.u.i.k.p.r.p.TestFile    Now processing file /home/runner/work/key/key/key.core/../key.ui/examples/InformationFlow/MethodContracts/contract.IFMethodContract(contract.IFMethodContract__n4()).Non-interference contract.0.m.key 
49878      INFO  main            d.u.i.k.p.i.AbstractProblemLoader Loading environment from /home/runner/work/key/key/key.core/../key.ui/examples/InformationFlow/MethodContracts/contract.IFMethodContract(contract.IFMethodContract__n4()).Non-interference contract.0.m.key 
49878      DEBUG main            d.u.i.k.p.i.AbstractProblemLoader Environment load took 68.3ns 
49879      INFO  main            d.u.i.k.p.i.AbstractProblemLoader Creating init config 
52354      DEBUG main            d.u.i.k.p.i.AbstractProblemLoader Init config took 2.47s 
52390      INFO  main            d.u.i.k.p.i.AbstractProblemLoader Replaying proof contract.IFMethodContract[contract.IFMethodContract::n4()].Non-interference contract.0 
52392      DEBUG main            d.u.i.k.p.i.IntermediateProofReplayer Proof replay took 14.6ns 
52393      DEBUG main            d.u.i.k.m.s.ProofScriptEngine [1] goal: 0, source line: 51, command: 'macro 'infflow-autopilot'' 
52424      DEBUG main            d.u.i.k.p.m.ProofCorrectnessMgt No justification found for rule Class_invariant_axiom_for_contract_IFMethodContract 
52535      INFO  main            d.u.i.k.p.r.p.TestFile    ... finished proof: closed. 
52713      INFO  main            d.u.i.k.p.r.p.TestFile    Now processing file /home/runner/work/key/key/key.core/../key.ui/examples/InformationFlow/MethodContracts/contract.IFMethodContract(contract.IFMethodContract__n3()).Non-interference contract.0.m.key 
52713      INFO  main            d.u.i.k.p.i.AbstractProblemLoader Loading environment from /home/runner/work/key/key/key.core/../key.ui/examples/InformationFlow/MethodContracts/contract.IFMethodContract(contract.IFMethodContract__n3()).Non-interference contract.0.m.key 
52713      DEBUG main            d.u.i.k.p.i.AbstractProblemLoader Environment load took 74.1ns 
52714      INFO  main            d.u.i.k.p.i.AbstractProblemLoader Creating init config 
55199      DEBUG main            d.u.i.k.p.i.AbstractProblemLoader Init config took 2.49s 
55235      INFO  main            d.u.i.k.p.i.AbstractProblemLoader Replaying proof contract.IFMethodContract[contract.IFMethodContract::n3()].Non-interference contract.0 
55237      DEBUG main            d.u.i.k.p.i.IntermediateProofReplayer Proof replay took 14.7ns 
55238      DEBUG main            d.u.i.k.m.s.ProofScriptEngine [1] goal: 0, source line: 51, command: 'macro 'infflow-autopilot'' 
55291      DEBUG main            d.u.i.k.p.m.ProofCorrectnessMgt No justification found for rule Class_invariant_axiom_for_contract_IFMethodContract 
55362      INFO  main            d.u.i.k.p.r.p.TestFile    ... finished proof: closed. 
55550      INFO  main            d.u.i.k.p.r.p.TestFile    Now processing file /home/runner/work/key/key/key.core/../key.ui/examples/InformationFlow/MethodContracts/contract.IFMethodContract(contract.IFMethodContract__secure_sequential_n3_precond_n4()).Non-interference contract.0.m.key 
55550      INFO  main            d.u.i.k.p.i.AbstractProblemLoader Loading environment from /home/runner/work/key/key/key.core/../key.ui/examples/InformationFlow/MethodContracts/contract.IFMethodContract(contract.IFMethodContract__secure_sequential_n3_precond_n4()).Non-interference contract.0.m.key 
55550      DEBUG main            d.u.i.k.p.i.AbstractProblemLoader Environment load took 67.2ns 
55551      INFO  main            d.u.i.k.p.i.AbstractProblemLoader Creating init config 
58053      DEBUG main            d.u.i.k.p.i.AbstractProblemLoader Init config took 2.5s 
58091      INFO  main            d.u.i.k.p.i.AbstractProblemLoader Replaying proof contract.IFMethodContract[contract.IFMethodContract::secure_sequential_n3_precond_n4()].Non-interference contract.0 
58095      DEBUG main            d.u.i.k.p.i.IntermediateProofReplayer Proof replay took 20.5ns 
58096      DEBUG main            d.u.i.k.m.s.ProofScriptEngine [1] goal: 0, source line: 51, command: 'macro 'infflow-autopilot'' 
58127      DEBUG main            d.u.i.k.p.m.ProofCorrectnessMgt No justification found for rule Class_invariant_axiom_for_contract_IFMethodContract 
58150      DEBUG main            d.u.i.k.p.m.ProofCorrectnessMgt No justification found for rule Class_invariant_axiom_for_contract_IFMethodContract 
58151      DEBUG main            d.u.i.k.p.m.ProofCorrectnessMgt No justification found for rule Class_invariant_axiom_for_contract_IFMethodContract 
58184      DEBUG main            d.u.i.k.p.m.ProofCorrectnessMgt No justification found for rule Class_invariant_axiom_for_contract_IFMethodContract 
58185      DEBUG main            d.u.i.k.p.m.ProofCorrectnessMgt No justification found for rule Class_invariant_axiom_for_contract_IFMethodContract 
58204      DEBUG main            d.u.i.k.p.m.ProofCorrectnessMgt No justification found for rule Class_invariant_axiom_for_contract_IFMethodContract 
58206      DEBUG main            d.u.i.k.p.m.ProofCorrectnessMgt No justification found for rule Class_invariant_axiom_for_contract_IFMethodContract 
58429      INFO  main            d.u.i.k.p.r.p.TestFile    ... finished proof: closed. 
58616      INFO  main            d.u.i.k.p.r.p.TestFile    Now processing file /home/runner/work/key/key/key.core/../key.ui/examples/InformationFlow/MethodContracts/contract.IFMethodContract(contract.IFMethodContract__insecure_assignment_n2()).Non-interference contract.0.m.key 
58617      INFO  main            d.u.i.k.p.i.AbstractProblemLoader Loading environment from /home/runner/work/key/key/key.core/../key.ui/examples/InformationFlow/MethodContracts/contract.IFMethodContract(contract.IFMethodContract__insecure_assignment_n2()).Non-interference contract.0.m.key 
58617      DEBUG main            d.u.i.k.p.i.AbstractProblemLoader Environment load took 91.5ns 
58618      INFO  main            d.u.i.k.p.i.AbstractProblemLoader Creating init config 
61154      DEBUG main            d.u.i.k.p.i.AbstractProblemLoader Init config took 2.54s 
61190      INFO  main            d.u.i.k.p.i.AbstractProblemLoader Replaying proof contract.IFMethodContract[contract.IFMethodContract::insecure_assignment_n2()].Non-interference contract.0 
61192      DEBUG main            d.u.i.k.p.i.IntermediateProofReplayer Proof replay took 17.2ns 
61193      DEBUG main            d.u.i.k.m.s.ProofScriptEngine [1] goal: 0, source line: 51, command: 'macro 'infflow-autopilot'' 
61235      DEBUG main            d.u.i.k.p.m.ProofCorrectnessMgt No justification found for rule Class_invariant_axiom_for_contract_IFMethodContract 
61261      DEBUG main            d.u.i.k.p.m.ProofCorrectnessMgt No justification found for rule Class_invariant_axiom_for_contract_IFMethodContract 
61261      DEBUG main            d.u.i.k.p.m.ProofCorrectnessMgt No justification found for rule Class_invariant_axiom_for_contract_IFMethodContract 
61271      DEBUG main            d.u.i.k.p.m.ProofCorrectnessMgt No justification found for rule Class_invariant_axiom_for_contract_IFMethodContract 
61497      INFO  main            d.u.i.k.p.r.p.TestFile    ... finished proof: open goal(s) 
61685      INFO  main            d.u.i.k.p.r.p.TestFile    Now processing file /home/runner/work/key/key/key.core/../key.ui/examples/InformationFlow/MethodContracts/contract.IFMethodContract(contract.IFMethodContract__secure_assignments_n2()).Non-interference contract.0.m.key 
61686      INFO  main            d.u.i.k.p.i.AbstractProblemLoader Loading environment from /home/runner/work/key/key/key.core/../key.ui/examples/InformationFlow/MethodContracts/contract.IFMethodContract(contract.IFMethodContract__secure_assignments_n2()).Non-interference contract.0.m.key 
61686      DEBUG main            d.u.i.k.p.i.AbstractProblemLoader Environment load took 76.9ns 
61687      INFO  main            d.u.i.k.p.i.AbstractProblemLoader Creating init config 
64168      DEBUG main            d.u.i.k.p.i.AbstractProblemLoader Init config took 2.48s 
64212      INFO  main            d.u.i.k.p.i.AbstractProblemLoader Replaying proof contract.IFMethodContract[contract.IFMethodContract::secure_assignments_n2()].Non-interference contract.0 
64214      DEBUG main            d.u.i.k.p.i.IntermediateProofReplayer Proof replay took 15.3ns 
64214      DEBUG main            d.u.i.k.m.s.ProofScriptEngine [1] goal: 0, source line: 51, command: 'macro 'infflow-autopilot'' 
64241      DEBUG main            d.u.i.k.p.m.ProofCorrectnessMgt No justification found for rule Class_invariant_axiom_for_contract_IFMethodContract 
64283      DEBUG main            d.u.i.k.p.m.ProofCorrectnessMgt No justification found for rule Class_invariant_axiom_for_contract_IFMethodContract 
64283      DEBUG main            d.u.i.k.p.m.ProofCorrectnessMgt No justification found for rule Class_invariant_axiom_for_contract_IFMethodContract 
64295      DEBUG main            d.u.i.k.p.m.ProofCorrectnessMgt No justification found for rule Class_invariant_axiom_for_contract_IFMethodContract 
64499      INFO  main            d.u.i.k.p.r.p.TestFile    ... finished proof: closed. 
64702      INFO  main            d.u.i.k.p.r.p.TestFile    Now processing file /home/runner/work/key/key/key.core/../key.ui/examples/InformationFlow/MethodContracts/contract.IFMethodContract(contract.IFMethodContract__n2()).Non-interference contract.0.m.key 
64703      INFO  main            d.u.i.k.p.i.AbstractProblemLoader Loading environment from /home/runner/work/key/key/key.core/../key.ui/examples/InformationFlow/MethodContracts/contract.IFMethodContract(contract.IFMethodContract__n2()).Non-interference contract.0.m.key 
64703      DEBUG main            d.u.i.k.p.i.AbstractProblemLoader Environment load took 120ns 
64704      INFO  main            d.u.i.k.p.i.AbstractProblemLoader Creating init config 
67210      DEBUG main            d.u.i.k.p.i.AbstractProblemLoader Init config took 2.51s 
67245      INFO  main            d.u.i.k.p.i.AbstractProblemLoader Replaying proof contract.IFMethodContract[contract.IFMethodContract::n2()].Non-interference contract.0 
67247      DEBUG main            d.u.i.k.p.i.IntermediateProofReplayer Proof replay took 16.5ns 
67248      DEBUG main            d.u.i.k.m.s.ProofScriptEngine [1] goal: 0, source line: 51, command: 'macro 'infflow-autopilot'' 
67275      DEBUG main            d.u.i.k.p.m.ProofCorrectnessMgt No justification found for rule Class_invariant_axiom_for_contract_IFMethodContract 
67362      INFO  main            d.u.i.k.p.r.p.TestFile    ... finished proof: closed. 
67562      INFO  main            d.u.i.k.p.r.p.TestFile    Now processing file /home/runner/work/key/key/key.core/../key.ui/examples/InformationFlow/MethodContracts/contract.IFMethodContract(contract.IFMethodContract__n1()).Non-interference contract.0.m.key 
67562      INFO  main            d.u.i.k.p.i.AbstractProblemLoader Loading environment from /home/runner/work/key/key/key.core/../key.ui/examples/InformationFlow/MethodContracts/contract.IFMethodContract(contract.IFMethodContract__n1()).Non-interference contract.0.m.key 
67562      DEBUG main            d.u.i.k.p.i.AbstractProblemLoader Environment load took 64ns 
67563      INFO  main            d.u.i.k.p.i.AbstractProblemLoader Creating init config 
70054      DEBUG main            d.u.i.k.p.i.AbstractProblemLoader Init config took 2.49s 
70090      INFO  main            d.u.i.k.p.i.AbstractProblemLoader Replaying proof contract.IFMethodContract[contract.IFMethodContract::n1()].Non-interference contract.0 
70093      DEBUG main            d.u.i.k.p.i.IntermediateProofReplayer Proof replay took 14.9ns 
70094      DEBUG main            d.u.i.k.m.s.ProofScriptEngine [1] goal: 0, source line: 51, command: 'macro 'infflow-autopilot'' 
70124      DEBUG main            d.u.i.k.p.m.ProofCorrectnessMgt No justification found for rule Class_invariant_axiom_for_contract_IFMethodContract 
70199      INFO  main            d.u.i.k.p.r.p.TestFile    ... finished proof: closed. 
70379      INFO  main            d.u.i.k.p.r.p.TestFile    Now processing file /home/runner/work/key/key/key.core/../key.ui/examples/InformationFlow/MethodContracts/contract.IFMethodContract(contract.IFMethodContract__secure_sequential_n1_n2()).Non-interference contract.0.m.key 
70380      INFO  main            d.u.i.k.p.i.AbstractProblemLoader Loading environment from /home/runner/work/key/key/key.core/../key.ui/examples/InformationFlow/MethodContracts/contract.IFMethodContract(contract.IFMethodContract__secure_sequential_n1_n2()).Non-interference contract.0.m.key 
70381      DEBUG main            d.u.i.k.p.i.AbstractProblemLoader Environment load took 154.1ns 
70381      INFO  main            d.u.i.k.p.i.AbstractProblemLoader Creating init config 
72863      DEBUG main            d.u.i.k.p.i.AbstractProblemLoader Init config took 2.48s 
72898      INFO  main            d.u.i.k.p.i.AbstractProblemLoader Replaying proof contract.IFMethodContract[contract.IFMethodContract::secure_sequential_n1_n2()].Non-interference contract.0 
72900      DEBUG main            d.u.i.k.p.i.IntermediateProofReplayer Proof replay took 16.1ns 
72901      DEBUG main            d.u.i.k.m.s.ProofScriptEngine [1] goal: 0, source line: 51, command: 'macro 'infflow-autopilot'' 
72930      DEBUG main            d.u.i.k.p.m.ProofCorrectnessMgt No justification found for rule Class_invariant_axiom_for_contract_IFMethodContract 
72945      DEBUG main            d.u.i.k.p.m.ProofCorrectnessMgt No justification found for rule Class_invariant_axiom_for_contract_IFMethodContract 
72945      DEBUG main            d.u.i.k.p.m.ProofCorrectnessMgt No justification found for rule Class_invariant_axiom_for_contract_IFMethodContract 
72959      DEBUG main            d.u.i.k.p.m.ProofCorrectnessMgt No justification found for rule Class_invariant_axiom_for_contract_IFMethodContract 
72960      DEBUG main            d.u.i.k.p.m.ProofCorrectnessMgt No justification found for rule Class_invariant_axiom_for_contract_IFMethodContract 
72971      DEBUG main            d.u.i.k.p.m.ProofCorrectnessMgt No justification found for rule Class_invariant_axiom_for_contract_IFMethodContract 
72973      DEBUG main            d.u.i.k.p.m.ProofCorrectnessMgt No justification found for rule Class_invariant_axiom_for_contract_IFMethodContract 
73129      INFO  main            d.u.i.k.p.r.p.TestFile    ... finished proof: closed. 
1924666    INFO  Test worker     d.u.i.k.p.r.RunAllProofsTestUnit Returning from test MethodContracts_fullmacro 
1924668    INFO  Test worker     d.u.i.k.p.r.RunAllProofsTestUnit Running test InformationFlow_fullmacro 
321        INFO  Timeout watchdog d.u.i.k.p.r.p.ForkedTestFileRunner Timeout watcher launched (1000 secs.) 
323        WARN  main            d.u.i.k.s.ProofSettings   The settings in /home/runner/.key/proof-settings.props are *not* read. 
348        INFO  main            d.u.i.k.p.r.p.TestFile    Now processing file /home/runner/work/key/key/key.core/../key.ui/examples/InformationFlow/LoopInvariants/loop.IFLoopExamples(loop.IFLoopExamples__insecure_while_3(int)).Non-interference contract.0.m.key 
461        INFO  main            d.u.i.k.p.i.AbstractProblemLoader Loading environment from /home/runner/work/key/key/key.core/../key.ui/examples/InformationFlow/LoopInvariants/loop.IFLoopExamples(loop.IFLoopExamples__insecure_while_3(int)).Non-interference contract.0.m.key 
480        DEBUG main            d.u.i.k.p.i.AbstractProblemLoader Environment load took 2.24ms 
704        INFO  main            d.u.i.k.p.i.AbstractProblemLoader Creating init config 
1771       DEBUG main            d.u.i.k.j.TypeConverter   No LDT found for Meta 
1771       DEBUG main            d.u.i.k.j.TypeConverter   No LDT found for Meta 
1774       DEBUG main            d.u.i.k.j.TypeConverter   No LDT found for Meta 
1774       DEBUG main            d.u.i.k.j.TypeConverter   No LDT found for Meta 
3261       DEBUG main            d.u.i.k.j.TypeConverter   No LDT found for JavaBigintExpression 
8496       DEBUG main            d.u.i.k.p.i.AbstractProblemLoader Init config took 7.79s 
8631       INFO  main            d.u.i.k.p.i.AbstractProblemLoader Replaying proof loop.IFLoopExamples[loop.IFLoopExamples::insecure_while_3(int)].Non-interference contract.0 
8715       DEBUG main            d.u.i.k.p.i.IntermediateProofReplayer Proof replay took 438.2ns 
8797       DEBUG main            d.u.i.k.m.s.ProofScriptEngine [1] goal: 0, source line: 51, command: 'macro 'infflow-autopilot'' 
9154       DEBUG main            d.u.i.k.p.m.ProofCorrectnessMgt No justification found for rule Class_invariant_axiom_for_loop_IFLoopExamples 
14617      INFO  main            d.u.i.k.p.r.p.TestFile    ... finished proof: open goal(s) 
14835      INFO  main            d.u.i.k.p.r.p.TestFile    Now processing file /home/runner/work/key/key/key.core/../key.ui/examples/InformationFlow/LoopInvariants/loop.IFLoopExamples(loop.IFLoopExamples__secure_while_2(int)).Non-interference contract.0.m.key 
14835      INFO  main            d.u.i.k.p.i.AbstractProblemLoader Loading environment from /home/runner/work/key/key/key.core/../key.ui/examples/InformationFlow/LoopInvariants/loop.IFLoopExamples(loop.IFLoopExamples__secure_while_2(int)).Non-interference contract.0.m.key 
14836      DEBUG main            d.u.i.k.p.i.AbstractProblemLoader Environment load took 357.8ns 
14838      INFO  main            d.u.i.k.p.i.AbstractProblemLoader Creating init config 
17999      DEBUG main            d.u.i.k.p.i.AbstractProblemLoader Init config took 3.16s 
18056      INFO  main            d.u.i.k.p.i.AbstractProblemLoader Replaying proof loop.IFLoopExamples[loop.IFLoopExamples::secure_while_2(int)].Non-interference contract.0 
18059      DEBUG main            d.u.i.k.p.i.IntermediateProofReplayer Proof replay took 13.3ns 
18061      DEBUG main            d.u.i.k.m.s.ProofScriptEngine [1] goal: 0, source line: 51, command: 'macro 'infflow-autopilot'' 
18121      DEBUG main            d.u.i.k.p.m.ProofCorrectnessMgt No justification found for rule Class_invariant_axiom_for_loop_IFLoopExamples 
19409      INFO  main            d.u.i.k.p.r.p.TestFile    ... finished proof: closed. 
19613      INFO  main            d.u.i.k.p.r.p.TestFile    Now processing file /home/runner/work/key/key/key.core/../key.ui/examples/InformationFlow/LoopInvariants/loop.IFLoopExamples(loop.IFLoopExamples__secure_while_4(int)).Non-interference contract.0.m.key 
19613      INFO  main            d.u.i.k.p.i.AbstractProblemLoader Loading environment from /home/runner/work/key/key/key.core/../key.ui/examples/InformationFlow/LoopInvariants/loop.IFLoopExamples(loop.IFLoopExamples__secure_while_4(int)).Non-interference contract.0.m.key 
19613      DEBUG main            d.u.i.k.p.i.AbstractProblemLoader Environment load took 81.4ns 
19615      INFO  main            d.u.i.k.p.i.AbstractProblemLoader Creating init config 
22621      DEBUG main            d.u.i.k.p.i.AbstractProblemLoader Init config took 3.01s 
22668      INFO  main            d.u.i.k.p.i.AbstractProblemLoader Replaying proof loop.IFLoopExamples[loop.IFLoopExamples::secure_while_4(int)].Non-interference contract.0 
22672      DEBUG main            d.u.i.k.p.i.IntermediateProofReplayer Proof replay took 15.7ns 
22673      DEBUG main            d.u.i.k.m.s.ProofScriptEngine [1] goal: 0, source line: 51, command: 'macro 'infflow-autopilot'' 
22717      DEBUG main            d.u.i.k.p.m.ProofCorrectnessMgt No justification found for rule Class_invariant_axiom_for_loop_IFLoopExamples 
23896      INFO  main            d.u.i.k.p.r.p.TestFile    ... finished proof: closed. 
24072      INFO  main            d.u.i.k.p.r.p.TestFile    Now processing file /home/runner/work/key/key/key.core/../key.ui/examples/InformationFlow/LoopInvariants/loop.IFLoopExamples(loop.IFLoopExamples__insecure_doubleNestedWhile2(int)).Non-interference contract.0.m.key 
24073      INFO  main            d.u.i.k.p.i.AbstractProblemLoader Loading environment from /home/runner/work/key/key/key.core/../key.ui/examples/InformationFlow/LoopInvariants/loop.IFLoopExamples(loop.IFLoopExamples__insecure_doubleNestedWhile2(int)).Non-interference contract.0.m.key 
24073      DEBUG main            d.u.i.k.p.i.AbstractProblemLoader Environment load took 126.9ns 
24074      INFO  main            d.u.i.k.p.i.AbstractProblemLoader Creating init config 
27087      DEBUG main            d.u.i.k.p.i.AbstractProblemLoader Init config took 3.01s 
27132      INFO  main            d.u.i.k.p.i.AbstractProblemLoader Replaying proof loop.IFLoopExamples[loop.IFLoopExamples::insecure_doubleNestedWhile2(int)].Non-interference contract.0 
27135      DEBUG main            d.u.i.k.p.i.IntermediateProofReplayer Proof replay took 15.9ns 
27136      DEBUG main            d.u.i.k.m.s.ProofScriptEngine [1] goal: 0, source line: 51, command: 'macro 'infflow-autopilot'' 
27176      DEBUG main            d.u.i.k.p.m.ProofCorrectnessMgt No justification found for rule Class_invariant_axiom_for_loop_IFLoopExamples 
231481     INFO  main            d.u.i.k.p.r.p.TestFile    ... finished proof: open goal(s) 
231760     INFO  main            d.u.i.k.p.r.p.TestFile    Now processing file /home/runner/work/key/key/key.core/../key.ui/examples/InformationFlow/LoopInvariants/loop.IFLoopExamples(loop.IFLoopExamples__insecure_doubleNestedWhile(int)).Non-interference contract.0.m.key 
231761     INFO  main            d.u.i.k.p.i.AbstractProblemLoader Loading environment from /home/runner/work/key/key/key.core/../key.ui/examples/InformationFlow/LoopInvariants/loop.IFLoopExamples(loop.IFLoopExamples__insecure_doubleNestedWhile(int)).Non-interference contract.0.m.key 
231761     DEBUG main            d.u.i.k.p.i.AbstractProblemLoader Environment load took 86.2ns 
231762     INFO  main            d.u.i.k.p.i.AbstractProblemLoader Creating init config 
234684     DEBUG main            d.u.i.k.p.i.AbstractProblemLoader Init config took 2.92s 
234725     INFO  main            d.u.i.k.p.i.AbstractProblemLoader Replaying proof loop.IFLoopExamples[loop.IFLoopExamples::insecure_doubleNestedWhile(int)].Non-interference contract.0 
234727     DEBUG main            d.u.i.k.p.i.IntermediateProofReplayer Proof replay took 15.9ns 
234728     DEBUG main            d.u.i.k.m.s.ProofScriptEngine [1] goal: 0, source line: 51, command: 'macro 'infflow-autopilot'' 
234765     DEBUG main            d.u.i.k.p.m.ProofCorrectnessMgt No justification found for rule Class_invariant_axiom_for_loop_IFLoopExamples 
239650     INFO  main            d.u.i.k.p.r.p.TestFile    ... finished proof: open goal(s) 
239958     INFO  main            d.u.i.k.p.r.p.TestFile    Now processing file /home/runner/work/key/key/key.core/../key.ui/examples/InformationFlow/LoopInvariants/loop.IFLoopExamples(loop.IFLoopExamples__secure_doubleNestedWhile(int)).Non-interference contract.0.m.key 
239958     INFO  main            d.u.i.k.p.i.AbstractProblemLoader Loading environment from /home/runner/work/key/key/key.core/../key.ui/examples/InformationFlow/LoopInvariants/loop.IFLoopExamples(loop.IFLoopExamples__secure_doubleNestedWhile(int)).Non-interference contract.0.m.key 
239958     DEBUG main            d.u.i.k.p.i.AbstractProblemLoader Environment load took 71.5ns 
239960     INFO  main            d.u.i.k.p.i.AbstractProblemLoader Creating init config 
242821     DEBUG main            d.u.i.k.p.i.AbstractProblemLoader Init config took 2.86s 
242873     INFO  main            d.u.i.k.p.i.AbstractProblemLoader Replaying proof loop.IFLoopExamples[loop.IFLoopExamples::secure_doubleNestedWhile(int)].Non-interference contract.0 
242875     DEBUG main            d.u.i.k.p.i.IntermediateProofReplayer Proof replay took 16.1ns 
242876     DEBUG main            d.u.i.k.m.s.ProofScriptEngine [1] goal: 0, source line: 51, command: 'macro 'infflow-autopilot'' 
242916     DEBUG main            d.u.i.k.p.m.ProofCorrectnessMgt No justification found for rule Class_invariant_axiom_for_loop_IFLoopExamples 
247315     INFO  main            d.u.i.k.p.r.p.TestFile    ... finished proof: closed. 
247579     INFO  main            d.u.i.k.p.r.p.TestFile    Now processing file /home/runner/work/key/key/key.core/../key.ui/examples/InformationFlow/LoopInvariants/loop.IFLoopExamples(loop.IFLoopExamples__secure_nestedTwoWhile(int)).Non-interference contract.0.m.key 
247579     INFO  main            d.u.i.k.p.i.AbstractProblemLoader Loading environment from /home/runner/work/key/key/key.core/../key.ui/examples/InformationFlow/LoopInvariants/loop.IFLoopExamples(loop.IFLoopExamples__secure_nestedTwoWhile(int)).Non-interference contract.0.m.key 
247579     DEBUG main            d.u.i.k.p.i.AbstractProblemLoader Environment load took 81.4ns 
247580     INFO  main            d.u.i.k.p.i.AbstractProblemLoader Creating init config 
250466     DEBUG main            d.u.i.k.p.i.AbstractProblemLoader Init config took 2.89s 
250502     INFO  main            d.u.i.k.p.i.AbstractProblemLoader Replaying proof loop.IFLoopExamples[loop.IFLoopExamples::secure_nestedTwoWhile(int)].Non-interference contract.0 
250504     DEBUG main            d.u.i.k.p.i.IntermediateProofReplayer Proof replay took 15.2ns 
250505     DEBUG main            d.u.i.k.m.s.ProofScriptEngine [1] goal: 0, source line: 51, command: 'macro 'infflow-autopilot'' 
250536     DEBUG main            d.u.i.k.p.m.ProofCorrectnessMgt No justification found for rule Class_invariant_axiom_for_loop_IFLoopExamples 
254001     INFO  main            d.u.i.k.p.r.p.TestFile    ... finished proof: closed. 
254268     INFO  main            d.u.i.k.p.r.p.TestFile    Now processing file /home/runner/work/key/key/key.core/../key.ui/examples/InformationFlow/LoopInvariants/loop.IFLoopExamples(loop.IFLoopExamples__secure_nestedWhile(int)).Non-interference contract.0.m.key 
254268     INFO  main            d.u.i.k.p.i.AbstractProblemLoader Loading environment from /home/runner/work/key/key/key.core/../key.ui/examples/InformationFlow/LoopInvariants/loop.IFLoopExamples(loop.IFLoopExamples__secure_nestedWhile(int)).Non-interference contract.0.m.key 
254268     DEBUG main            d.u.i.k.p.i.AbstractProblemLoader Environment load took 81.1ns 
254269     INFO  main            d.u.i.k.p.i.AbstractProblemLoader Creating init config 
257180     DEBUG main            d.u.i.k.p.i.AbstractProblemLoader Init config took 2.91s 
257217     INFO  main            d.u.i.k.p.i.AbstractProblemLoader Replaying proof loop.IFLoopExamples[loop.IFLoopExamples::secure_nestedWhile(int)].Non-interference contract.0 
257219     DEBUG main            d.u.i.k.p.i.IntermediateProofReplayer Proof replay took 15.4ns 
257219     DEBUG main            d.u.i.k.m.s.ProofScriptEngine [1] goal: 0, source line: 51, command: 'macro 'infflow-autopilot'' 
257251     DEBUG main            d.u.i.k.p.m.ProofCorrectnessMgt No justification found for rule Class_invariant_axiom_for_loop_IFLoopExamples 
259670     INFO  main            d.u.i.k.p.r.p.TestFile    ... finished proof: closed. 
259921     INFO  main            d.u.i.k.p.r.p.TestFile    Now processing file /home/runner/work/key/key/key.core/../key.ui/examples/InformationFlow/LoopInvariants/loop.IFLoopExamples(loop.IFLoopExamples__notSecure_while(int)).Non-interference contract.0.m.key 
259922     INFO  main            d.u.i.k.p.i.AbstractProblemLoader Loading environment from /home/runner/work/key/key/key.core/../key.ui/examples/InformationFlow/LoopInvariants/loop.IFLoopExamples(loop.IFLoopExamples__notSecure_while(int)).Non-interference contract.0.m.key 
259922     DEBUG main            d.u.i.k.p.i.AbstractProblemLoader Environment load took 100ns 
259923     INFO  main            d.u.i.k.p.i.AbstractProblemLoader Creating init config 
262808     DEBUG main            d.u.i.k.p.i.AbstractProblemLoader Init config took 2.89s 
262846     INFO  main            d.u.i.k.p.i.AbstractProblemLoader Replaying proof loop.IFLoopExamples[loop.IFLoopExamples::notSecure_while(int)].Non-interference contract.0 
262848     DEBUG main            d.u.i.k.p.i.IntermediateProofReplayer Proof replay took 16.2ns 
262848     DEBUG main            d.u.i.k.m.s.ProofScriptEngine [1] goal: 0, source line: 51, command: 'macro 'infflow-autopilot'' 
262879     DEBUG main            d.u.i.k.p.m.ProofCorrectnessMgt No justification found for rule Class_invariant_axiom_for_loop_IFLoopExamples 
265441     INFO  main            d.u.i.k.p.r.p.TestFile    ... finished proof: open goal(s) 
265652     INFO  main            d.u.i.k.p.r.p.TestFile    Now processing file /home/runner/work/key/key/key.core/../key.ui/examples/InformationFlow/LoopInvariants/loop.IFLoopExamples(loop.IFLoopExamples__notSecure_while_wrongInv(int)).Non-interference contract.0.m.key 
265652     INFO  main            d.u.i.k.p.i.AbstractProblemLoader Loading environment from /home/runner/work/key/key/key.core/../key.ui/examples/InformationFlow/LoopInvariants/loop.IFLoopExamples(loop.IFLoopExamples__notSecure_while_wrongInv(int)).Non-interference contract.0.m.key 
265652     DEBUG main            d.u.i.k.p.i.AbstractProblemLoader Environment load took 80ns 
265653     INFO  main            d.u.i.k.p.i.AbstractProblemLoader Creating init config 
268481     DEBUG main            d.u.i.k.p.i.AbstractProblemLoader Init config took 2.83s 
268515     INFO  main            d.u.i.k.p.i.AbstractProblemLoader Replaying proof loop.IFLoopExamples[loop.IFLoopExamples::notSecure_while_wrongInv(int)].Non-interference contract.0 
268517     DEBUG main            d.u.i.k.p.i.IntermediateProofReplayer Proof replay took 16.5ns 
268518     DEBUG main            d.u.i.k.m.s.ProofScriptEngine [1] goal: 0, source line: 51, command: 'macro 'infflow-autopilot'' 
268547     DEBUG main            d.u.i.k.p.m.ProofCorrectnessMgt No justification found for rule Class_invariant_axiom_for_loop_IFLoopExamples 
270179     INFO  main            d.u.i.k.p.r.p.TestFile    ... finished proof: open goal(s) 
270424     INFO  main            d.u.i.k.p.r.p.TestFile    Now processing file /home/runner/work/key/key/key.core/../key.ui/examples/InformationFlow/LoopInvariants/loop.IFLoopExamples(loop.IFLoopExamples__insecure_twoWhile(int)).Non-interference contract.0.m.key 
270424     INFO  main            d.u.i.k.p.i.AbstractProblemLoader Loading environment from /home/runner/work/key/key/key.core/../key.ui/examples/InformationFlow/LoopInvariants/loop.IFLoopExamples(loop.IFLoopExamples__insecure_twoWhile(int)).Non-interference contract.0.m.key 
270424     DEBUG main            d.u.i.k.p.i.AbstractProblemLoader Environment load took 95.5ns 
270425     INFO  main            d.u.i.k.p.i.AbstractProblemLoader Creating init config 
273237     DEBUG main            d.u.i.k.p.i.AbstractProblemLoader Init config took 2.81s 
273277     INFO  main            d.u.i.k.p.i.AbstractProblemLoader Replaying proof loop.IFLoopExamples[loop.IFLoopExamples::insecure_twoWhile(int)].Non-interference contract.0 
273279     DEBUG main            d.u.i.k.p.i.IntermediateProofReplayer Proof replay took 15.9ns 
273279     DEBUG main            d.u.i.k.m.s.ProofScriptEngine [1] goal: 0, source line: 51, command: 'macro 'infflow-autopilot'' 
273312     DEBUG main            d.u.i.k.p.m.ProofCorrectnessMgt No justification found for rule Class_invariant_axiom_for_loop_IFLoopExamples 
275014     INFO  main            d.u.i.k.p.r.p.TestFile    ... finished proof: open goal(s) 
275257     INFO  main            d.u.i.k.p.r.p.TestFile    Now processing file /home/runner/work/key/key/key.core/../key.ui/examples/InformationFlow/LoopInvariants/loop.IFLoopExamples(loop.IFLoopExamples__insecure_twoWhile_2(int)).Non-interference contract.0.m.key 
275257     INFO  main            d.u.i.k.p.i.AbstractProblemLoader Loading environment from /home/runner/work/key/key/key.core/../key.ui/examples/InformationFlow/LoopInvariants/loop.IFLoopExamples(loop.IFLoopExamples__insecure_twoWhile_2(int)).Non-interference contract.0.m.key 
275257     DEBUG main            d.u.i.k.p.i.AbstractProblemLoader Environment load took 67.7ns 
275258     INFO  main            d.u.i.k.p.i.AbstractProblemLoader Creating init config 
278065     DEBUG main            d.u.i.k.p.i.AbstractProblemLoader Init config took 2.81s 
278103     INFO  main            d.u.i.k.p.i.AbstractProblemLoader Replaying proof loop.IFLoopExamples[loop.IFLoopExamples::insecure_twoWhile_2(int)].Non-interference contract.0 
278106     DEBUG main            d.u.i.k.p.i.IntermediateProofReplayer Proof replay took 15.8ns 
278107     DEBUG main            d.u.i.k.m.s.ProofScriptEngine [1] goal: 0, source line: 51, command: 'macro 'infflow-autopilot'' 
278139     DEBUG main            d.u.i.k.p.m.ProofCorrectnessMgt No justification found for rule Class_invariant_axiom_for_loop_IFLoopExamples 
280392     INFO  main            d.u.i.k.p.r.p.TestFile    ... finished proof: open goal(s) 
280652     INFO  main            d.u.i.k.p.r.p.TestFile    Now processing file /home/runner/work/key/key/key.core/../key.ui/examples/InformationFlow/LoopInvariants/loop.IFLoopExamples(loop.IFLoopExamples__secure_twoWhile(int)).Non-interference contract.0.m.key 
280652     INFO  main            d.u.i.k.p.i.AbstractProblemLoader Loading environment from /home/runner/work/key/key/key.core/../key.ui/examples/InformationFlow/LoopInvariants/loop.IFLoopExamples(loop.IFLoopExamples__secure_twoWhile(int)).Non-interference contract.0.m.key 
280652     DEBUG main            d.u.i.k.p.i.AbstractProblemLoader Environment load took 78ns 
280653     INFO  main            d.u.i.k.p.i.AbstractProblemLoader Creating init config 
283448     DEBUG main            d.u.i.k.p.i.AbstractProblemLoader Init config took 2.79s 
283481     INFO  main            d.u.i.k.p.i.AbstractProblemLoader Replaying proof loop.IFLoopExamples[loop.IFLoopExamples::secure_twoWhile(int)].Non-interference contract.0 
283483     DEBUG main            d.u.i.k.p.i.IntermediateProofReplayer Proof replay took 15.8ns 
283483     DEBUG main            d.u.i.k.m.s.ProofScriptEngine [1] goal: 0, source line: 51, command: 'macro 'infflow-autopilot'' 
283530     DEBUG main            d.u.i.k.p.m.ProofCorrectnessMgt No justification found for rule Class_invariant_axiom_for_loop_IFLoopExamples 
285027     INFO  main            d.u.i.k.p.r.p.TestFile    ... finished proof: closed. 
285354     INFO  main            d.u.i.k.p.r.p.TestFile    Now processing file /home/runner/work/key/key/key.core/../key.ui/examples/InformationFlow/LoopInvariants/loop.IFLoopExamples(loop.IFLoopExamples__loc_secure_while(int)).Non-interference contract.0.m.key 
285354     INFO  main            d.u.i.k.p.i.AbstractProblemLoader Loading environment from /home/runner/work/key/key/key.core/../key.ui/examples/InformationFlow/LoopInvariants/loop.IFLoopExamples(loop.IFLoopExamples__loc_secure_while(int)).Non-interference contract.0.m.key 
285354     DEBUG main            d.u.i.k.p.i.AbstractProblemLoader Environment load took 79.3ns 
285355     INFO  main            d.u.i.k.p.i.AbstractProblemLoader Creating init config 
288129     DEBUG main            d.u.i.k.p.i.AbstractProblemLoader Init config took 2.77s 
288162     INFO  main            d.u.i.k.p.i.AbstractProblemLoader Replaying proof loop.IFLoopExamples[loop.IFLoopExamples::loc_secure_while(int)].Non-interference contract.0 
288164     DEBUG main            d.u.i.k.p.i.IntermediateProofReplayer Proof replay took 17.4ns 
288165     DEBUG main            d.u.i.k.m.s.ProofScriptEngine [1] goal: 0, source line: 51, command: 'macro 'infflow-autopilot'' 
288195     DEBUG main            d.u.i.k.p.m.ProofCorrectnessMgt No justification found for rule Class_invariant_axiom_for_loop_IFLoopExamples 
289133     INFO  main            d.u.i.k.p.r.p.TestFile    ... finished proof: closed. 
289337     INFO  main            d.u.i.k.p.r.p.TestFile    Now processing file /home/runner/work/key/key/key.core/../key.ui/examples/InformationFlow/LoopInvariants/loop.IFLoopExamples(loop.IFLoopExamples__secure_while(int)).Non-interference contract.0.m.key 
289338     INFO  main            d.u.i.k.p.i.AbstractProblemLoader Loading environment from /home/runner/work/key/key/key.core/../key.ui/examples/InformationFlow/LoopInvariants/loop.IFLoopExamples(loop.IFLoopExamples__secure_while(int)).Non-interference contract.0.m.key 
289338     DEBUG main            d.u.i.k.p.i.AbstractProblemLoader Environment load took 74.1ns 
289339     INFO  main            d.u.i.k.p.i.AbstractProblemLoader Creating init config 
292128     DEBUG main            d.u.i.k.p.i.AbstractProblemLoader Init config took 2.79s 
292173     INFO  main            d.u.i.k.p.i.AbstractProblemLoader Replaying proof loop.IFLoopExamples[loop.IFLoopExamples::secure_while(int)].Non-interference contract.0 
292175     DEBUG main            d.u.i.k.p.i.IntermediateProofReplayer Proof replay took 19.3ns 
292176     DEBUG main            d.u.i.k.m.s.ProofScriptEngine [1] goal: 0, source line: 51, command: 'macro 'infflow-autopilot'' 
292206     DEBUG main            d.u.i.k.p.m.ProofCorrectnessMgt No justification found for rule Class_invariant_axiom_for_loop_IFLoopExamples 
292939     INFO  main            d.u.i.k.p.r.p.TestFile    ... finished proof: closed. 
293133     INFO  main            d.u.i.k.p.r.p.TestFile    Now processing file /home/runner/work/key/key/key.core/../key.ui/examples/InformationFlow/LoopInvariants/loop.IFLoopExamples(loop.IFLoopExamples__print(int)).Non-interference contract.0.m.key 
293133     INFO  main            d.u.i.k.p.i.AbstractProblemLoader Loading environment from /home/runner/work/key/key/key.core/../key.ui/examples/InformationFlow/LoopInvariants/loop.IFLoopExamples(loop.IFLoopExamples__print(int)).Non-interference contract.0.m.key 
293133     DEBUG main            d.u.i.k.p.i.AbstractProblemLoader Environment load took 69.5ns 
293134     INFO  main            d.u.i.k.p.i.AbstractProblemLoader Creating init config 
295963     DEBUG main            d.u.i.k.p.i.AbstractProblemLoader Init config took 2.83s 
295995     INFO  main            d.u.i.k.p.i.AbstractProblemLoader Replaying proof loop.IFLoopExamples[loop.IFLoopExamples::print(int)].Non-interference contract.0 
295997     DEBUG main            d.u.i.k.p.i.IntermediateProofReplayer Proof replay took 16.7ns 
295998     DEBUG main            d.u.i.k.m.s.ProofScriptEngine [1] goal: 0, source line: 51, command: 'macro 'infflow-autopilot'' 
296117     INFO  main            d.u.i.k.p.r.p.TestFile    ... finished proof: closed. 
296293     INFO  main            d.u.i.k.p.r.p.TestFile    Now processing file /home/runner/work/key/key/key.core/../key.ui/examples/InformationFlow/LoopInvariants/loop.IFLoopExamples(loop.IFLoopExamples__hammer(int)).Non-interference contract.0.m.key 
296293     INFO  main            d.u.i.k.p.i.AbstractProblemLoader Loading environment from /home/runner/work/key/key/key.core/../key.ui/examples/InformationFlow/LoopInvariants/loop.IFLoopExamples(loop.IFLoopExamples__hammer(int)).Non-interference contract.0.m.key 
296293     DEBUG main            d.u.i.k.p.i.AbstractProblemLoader Environment load took 75.4ns 
296294     INFO  main            d.u.i.k.p.i.AbstractProblemLoader Creating init config 
299130     DEBUG main            d.u.i.k.p.i.AbstractProblemLoader Init config took 2.84s 
299168     INFO  main            d.u.i.k.p.i.AbstractProblemLoader Replaying proof loop.IFLoopExamples[loop.IFLoopExamples::hammer(int)].Non-interference contract.0 
299171     DEBUG main            d.u.i.k.p.i.IntermediateProofReplayer Proof replay took 17.3ns 
299172     DEBUG main            d.u.i.k.m.s.ProofScriptEngine [1] goal: 0, source line: 51, command: 'macro 'infflow-autopilot'' 
299200     DEBUG main            d.u.i.k.p.m.ProofCorrectnessMgt No justification found for rule Class_invariant_axiom_for_loop_IFLoopExamples 
300484     INFO  main            d.u.i.k.p.r.p.TestFile    ... finished proof: closed. 
2225542    INFO  Test worker     d.u.i.k.p.r.RunAllProofsTestUnit Returning from test InformationFlow_fullmacro 
2225543    INFO  Test worker     d.u.i.k.p.r.RunAllProofsTestUnit Running test MiniExamples_fullmacro 
383        INFO  Timeout watchdog d.u.i.k.p.r.p.ForkedTestFileRunner Timeout watcher launched (1000 secs.) 
405        WARN  main            d.u.i.k.s.ProofSettings   The settings in /home/runner/.key/proof-settings.props are *not* read. 
434        INFO  main            d.u.i.k.p.r.p.TestFile    Now processing file /home/runner/work/key/key/key.core/../key.ui/examples/InformationFlow/MiniExamples/mini.AliasingExamples(mini.AliasingExamples__insecure_1(mini.AliasingExamples,mini.AliasingExamples,int)).Non-interference contract.0.m.key 
585        INFO  main            d.u.i.k.p.i.AbstractProblemLoader Loading environment from /home/runner/work/key/key/key.core/../key.ui/examples/InformationFlow/MiniExamples/mini.AliasingExamples(mini.AliasingExamples__insecure_1(mini.AliasingExamples,mini.AliasingExamples,int)).Non-interference contract.0.m.key 
619        DEBUG main            d.u.i.k.p.i.AbstractProblemLoader Environment load took 2.27ms 
849        INFO  main            d.u.i.k.p.i.AbstractProblemLoader Creating init config 
1757       DEBUG main            d.u.i.k.j.TypeConverter   No LDT found for Meta 
1757       DEBUG main            d.u.i.k.j.TypeConverter   No LDT found for Meta 
1763       DEBUG main            d.u.i.k.j.TypeConverter   No LDT found for Meta 
1763       DEBUG main            d.u.i.k.j.TypeConverter   No LDT found for Meta 
3111       DEBUG main            d.u.i.k.j.TypeConverter   No LDT found for JavaBigintExpression 
8639       DEBUG main            d.u.i.k.p.i.AbstractProblemLoader Init config took 7.79s 
8830       INFO  main            d.u.i.k.p.i.AbstractProblemLoader Replaying proof mini.AliasingExamples[mini.AliasingExamples::insecure_1(mini.AliasingExamples,mini.AliasingExamples,int)].Non-interference contract.0 
8909       DEBUG main            d.u.i.k.p.i.IntermediateProofReplayer Proof replay took 432.2ns 
8980       DEBUG main            d.u.i.k.m.s.ProofScriptEngine [1] goal: 0, source line: 51, command: 'macro 'infflow-autopilot'' 
9390       DEBUG main            d.u.i.k.p.m.ProofCorrectnessMgt No justification found for rule Class_invariant_axiom_for_mini_AliasingExamples 
10040      INFO  main            d.u.i.k.p.r.p.TestFile    ... finished proof: open goal(s) 
10178      INFO  main            d.u.i.k.p.r.p.TestFile    Now processing file /home/runner/work/key/key/key.core/../key.ui/examples/InformationFlow/MiniExamples/mini.AliasingExamples(mini.AliasingExamples__secure_1(mini.AliasingExamples,mini.AliasingExamples,int)).Non-interference contract.0.m.key 
10179      INFO  main            d.u.i.k.p.i.AbstractProblemLoader Loading environment from /home/runner/work/key/key/key.core/../key.ui/examples/InformationFlow/MiniExamples/mini.AliasingExamples(mini.AliasingExamples__secure_1(mini.AliasingExamples,mini.AliasingExamples,int)).Non-interference contract.0.m.key 
10180      DEBUG main            d.u.i.k.p.i.AbstractProblemLoader Environment load took 338.4ns 
10181      INFO  main            d.u.i.k.p.i.AbstractProblemLoader Creating init config 
13285      DEBUG main            d.u.i.k.p.i.AbstractProblemLoader Init config took 3.1s 
13343      INFO  main            d.u.i.k.p.i.AbstractProblemLoader Replaying proof mini.AliasingExamples[mini.AliasingExamples::secure_1(mini.AliasingExamples,mini.AliasingExamples,int)].Non-interference contract.0 
13346      DEBUG main            d.u.i.k.p.i.IntermediateProofReplayer Proof replay took 48ns 
13347      DEBUG main            d.u.i.k.m.s.ProofScriptEngine [1] goal: 0, source line: 51, command: 'macro 'infflow-autopilot'' 
13426      DEBUG main            d.u.i.k.p.m.ProofCorrectnessMgt No justification found for rule Class_invariant_axiom_for_mini_AliasingExamples 
13678      INFO  main            d.u.i.k.p.r.p.TestFile    ... finished proof: closed. 
13837      INFO  main            d.u.i.k.p.r.p.TestFile    Now processing file /home/runner/work/key/key/key.core/../key.ui/examples/InformationFlow/MiniExamples/mini.MiniExamplesLecture(mini.MiniExamplesLecture__m_6()).Non-interference contract.0.m.key 
13838      INFO  main            d.u.i.k.p.i.AbstractProblemLoader Loading environment from /home/runner/work/key/key/key.core/../key.ui/examples/InformationFlow/MiniExamples/mini.MiniExamplesLecture(mini.MiniExamplesLecture__m_6()).Non-interference contract.0.m.key 
13838      DEBUG main            d.u.i.k.p.i.AbstractProblemLoader Environment load took 102.6ns 
13839      INFO  main            d.u.i.k.p.i.AbstractProblemLoader Creating init config 
16664      DEBUG main            d.u.i.k.p.i.AbstractProblemLoader Init config took 2.83s 
16718      INFO  main            d.u.i.k.p.i.AbstractProblemLoader Replaying proof mini.MiniExamplesLecture[mini.MiniExamplesLecture::m_6()].Non-interference contract.0 
16721      DEBUG main            d.u.i.k.p.i.IntermediateProofReplayer Proof replay took 28.4ns 
16722      DEBUG main            d.u.i.k.m.s.ProofScriptEngine [1] goal: 0, source line: 51, command: 'macro 'infflow-autopilot'' 
16771      DEBUG main            d.u.i.k.p.m.ProofCorrectnessMgt No justification found for rule Class_invariant_axiom_for_mini_MiniExamplesLecture 
16872      INFO  main            d.u.i.k.p.r.p.TestFile    ... finished proof: closed. 
17017      INFO  main            d.u.i.k.p.r.p.TestFile    Now processing file /home/runner/work/key/key/key.core/../key.ui/examples/InformationFlow/MiniExamples/mini.MiniExamplesLecture(mini.MiniExamplesLecture__m_5()).Non-interference contract.0.m.key 
17018      INFO  main            d.u.i.k.p.i.AbstractProblemLoader Loading environment from /home/runner/work/key/key/key.core/../key.ui/examples/InformationFlow/MiniExamples/mini.MiniExamplesLecture(mini.MiniExamplesLecture__m_5()).Non-interference contract.0.m.key 
17018      DEBUG main            d.u.i.k.p.i.AbstractProblemLoader Environment load took 118.4ns 
17019      INFO  main            d.u.i.k.p.i.AbstractProblemLoader Creating init config 
19809      DEBUG main            d.u.i.k.p.i.AbstractProblemLoader Init config took 2.79s 
19857      INFO  main            d.u.i.k.p.i.AbstractProblemLoader Replaying proof mini.MiniExamplesLecture[mini.MiniExamplesLecture::m_5()].Non-interference contract.0 
19860      DEBUG main            d.u.i.k.p.i.IntermediateProofReplayer Proof replay took 16.6ns 
19860      DEBUG main            d.u.i.k.m.s.ProofScriptEngine [1] goal: 0, source line: 51, command: 'macro 'infflow-autopilot'' 
19904      DEBUG main            d.u.i.k.p.m.ProofCorrectnessMgt No justification found for rule Class_invariant_axiom_for_mini_MiniExamplesLecture 
20066      INFO  main            d.u.i.k.p.r.p.TestFile    ... finished proof: closed. 
20209      INFO  main            d.u.i.k.p.r.p.TestFile    Now processing file /home/runner/work/key/key/key.core/../key.ui/examples/InformationFlow/MiniExamples/mini.MiniExamplesLecture(mini.MiniExamplesLecture__m_4()).Non-interference contract.0.m.key 
20210      INFO  main            d.u.i.k.p.i.AbstractProblemLoader Loading environment from /home/runner/work/key/key/key.core/../key.ui/examples/InformationFlow/MiniExamples/mini.MiniExamplesLecture(mini.MiniExamplesLecture__m_4()).Non-interference contract.0.m.key 
20210      DEBUG main            d.u.i.k.p.i.AbstractProblemLoader Environment load took 84.3ns 
20211      INFO  main            d.u.i.k.p.i.AbstractProblemLoader Creating init config 
22969      DEBUG main            d.u.i.k.p.i.AbstractProblemLoader Init config took 2.76s 
23034      INFO  main            d.u.i.k.p.i.AbstractProblemLoader Replaying proof mini.MiniExamplesLecture[mini.MiniExamplesLecture::m_4()].Non-interference contract.0 
23037      DEBUG main            d.u.i.k.p.i.IntermediateProofReplayer Proof replay took 105.6ns 
23038      DEBUG main            d.u.i.k.m.s.ProofScriptEngine [1] goal: 0, source line: 51, command: 'macro 'infflow-autopilot'' 
23086      DEBUG main            d.u.i.k.p.m.ProofCorrectnessMgt No justification found for rule Class_invariant_axiom_for_mini_MiniExamplesLecture 
23256      INFO  main            d.u.i.k.p.r.p.TestFile    ... finished proof: closed. 
23472      INFO  main            d.u.i.k.p.r.p.TestFile    Now processing file /home/runner/work/key/key/key.core/../key.ui/examples/InformationFlow/MiniExamples/mini.MiniExamplesLecture(mini.MiniExamplesLecture__m_3()).Non-interference contract.0.m.key 
23472      INFO  main            d.u.i.k.p.i.AbstractProblemLoader Loading environment from /home/runner/work/key/key/key.core/../key.ui/examples/InformationFlow/MiniExamples/mini.MiniExamplesLecture(mini.MiniExamplesLecture__m_3()).Non-interference contract.0.m.key 
23472      DEBUG main            d.u.i.k.p.i.AbstractProblemLoader Environment load took 68.9ns 
23473      INFO  main            d.u.i.k.p.i.AbstractProblemLoader Creating init config 
26189      DEBUG main            d.u.i.k.p.i.AbstractProblemLoader Init config took 2.72s 
26233      INFO  main            d.u.i.k.p.i.AbstractProblemLoader Replaying proof mini.MiniExamplesLecture[mini.MiniExamplesLecture::m_3()].Non-interference contract.0 
26236      DEBUG main            d.u.i.k.p.i.IntermediateProofReplayer Proof replay took 15.6ns 
26237      DEBUG main            d.u.i.k.m.s.ProofScriptEngine [1] goal: 0, source line: 51, command: 'macro 'infflow-autopilot'' 
26277      DEBUG main            d.u.i.k.p.m.ProofCorrectnessMgt No justification found for rule Class_invariant_axiom_for_mini_MiniExamplesLecture 
26589      INFO  main            d.u.i.k.p.r.p.TestFile    ... finished proof: open goal(s) 
26741      INFO  main            d.u.i.k.p.r.p.TestFile    Now processing file /home/runner/work/key/key/key.core/../key.ui/examples/InformationFlow/MiniExamples/mini.MiniExamplesLecture(mini.MiniExamplesLecture__m_2()).Non-interference contract.0.m.key 
26741      INFO  main            d.u.i.k.p.i.AbstractProblemLoader Loading environment from /home/runner/work/key/key/key.core/../key.ui/examples/InformationFlow/MiniExamples/mini.MiniExamplesLecture(mini.MiniExamplesLecture__m_2()).Non-interference contract.0.m.key 
26741      DEBUG main            d.u.i.k.p.i.AbstractProblemLoader Environment load took 72.2ns 
26742      INFO  main            d.u.i.k.p.i.AbstractProblemLoader Creating init config 
29451      DEBUG main            d.u.i.k.p.i.AbstractProblemLoader Init config took 2.71s 
29493      INFO  main            d.u.i.k.p.i.AbstractProblemLoader Replaying proof mini.MiniExamplesLecture[mini.MiniExamplesLecture::m_2()].Non-interference contract.0 
29496      DEBUG main            d.u.i.k.p.i.IntermediateProofReplayer Proof replay took 15.3ns 
29496      DEBUG main            d.u.i.k.m.s.ProofScriptEngine [1] goal: 0, source line: 51, command: 'macro 'infflow-autopilot'' 
29534      DEBUG main            d.u.i.k.p.m.ProofCorrectnessMgt No justification found for rule Class_invariant_axiom_for_mini_MiniExamplesLecture 
29728      INFO  main            d.u.i.k.p.r.p.TestFile    ... finished proof: closed. 
29898      INFO  main            d.u.i.k.p.r.p.TestFile    Now processing file /home/runner/work/key/key/key.core/../key.ui/examples/InformationFlow/MiniExamples/mini.MiniExamplesLecture(mini.MiniExamplesLecture__m_1()).Non-interference contract.0.m.key 
29898      INFO  main            d.u.i.k.p.i.AbstractProblemLoader Loading environment from /home/runner/work/key/key/key.core/../key.ui/examples/InformationFlow/MiniExamples/mini.MiniExamplesLecture(mini.MiniExamplesLecture__m_1()).Non-interference contract.0.m.key 
29898      DEBUG main            d.u.i.k.p.i.AbstractProblemLoader Environment load took 85.2ns 
29899      INFO  main            d.u.i.k.p.i.AbstractProblemLoader Creating init config 
32605      DEBUG main            d.u.i.k.p.i.AbstractProblemLoader Init config took 2.71s 
32646      INFO  main            d.u.i.k.p.i.AbstractProblemLoader Replaying proof mini.MiniExamplesLecture[mini.MiniExamplesLecture::m_1()].Non-interference contract.0 
32649      DEBUG main            d.u.i.k.p.i.IntermediateProofReplayer Proof replay took 15.5ns 
32650      DEBUG main            d.u.i.k.m.s.ProofScriptEngine [1] goal: 0, source line: 51, command: 'macro 'infflow-autopilot'' 
32687      DEBUG main            d.u.i.k.p.m.ProofCorrectnessMgt No justification found for rule Class_invariant_axiom_for_mini_MiniExamplesLecture 
32836      INFO  main            d.u.i.k.p.r.p.TestFile    ... finished proof: open goal(s) 
32989      INFO  main            d.u.i.k.p.r.p.TestFile    Now processing file /home/runner/work/key/key/key.core/../key.ui/examples/InformationFlow/MiniExamples/mini.DifferenceSeqLocset(mini.DifferenceSeqLocset__m()).Non-interference contract.1.m.key 
32989      INFO  main            d.u.i.k.p.i.AbstractProblemLoader Loading environment from /home/runner/work/key/key/key.core/../key.ui/examples/InformationFlow/MiniExamples/mini.DifferenceSeqLocset(mini.DifferenceSeqLocset__m()).Non-interference contract.1.m.key 
32990      DEBUG main            d.u.i.k.p.i.AbstractProblemLoader Environment load took 91ns 
32991      INFO  main            d.u.i.k.p.i.AbstractProblemLoader Creating init config 
35786      DEBUG main            d.u.i.k.p.i.AbstractProblemLoader Init config took 2.8s 
35837      INFO  main            d.u.i.k.p.i.AbstractProblemLoader Replaying proof mini.DifferenceSeqLocset[mini.DifferenceSeqLocset::m()].Non-interference contract.1 
35841      DEBUG main            d.u.i.k.p.i.IntermediateProofReplayer Proof replay took 16ns 
35842      DEBUG main            d.u.i.k.m.s.ProofScriptEngine [1] goal: 0, source line: 51, command: 'macro 'infflow-autopilot'' 
35880      DEBUG main            d.u.i.k.p.m.ProofCorrectnessMgt No justification found for rule Class_invariant_axiom_for_mini_DifferenceSeqLocset 
36579      INFO  main            d.u.i.k.p.r.p.TestFile    ... finished proof: open goal(s) 
36753      INFO  main            d.u.i.k.p.r.p.TestFile    Now processing file /home/runner/work/key/key/key.core/../key.ui/examples/InformationFlow/MiniExamples/mini.DifferenceSeqLocset(mini.DifferenceSeqLocset__m()).Non-interference contract.0.m.key 
36753      INFO  main            d.u.i.k.p.i.AbstractProblemLoader Loading environment from /home/runner/work/key/key/key.core/../key.ui/examples/InformationFlow/MiniExamples/mini.DifferenceSeqLocset(mini.DifferenceSeqLocset__m()).Non-interference contract.0.m.key 
36753      DEBUG main            d.u.i.k.p.i.AbstractProblemLoader Environment load took 68.1ns 
36757      INFO  main            d.u.i.k.p.i.AbstractProblemLoader Creating init config 
39445      DEBUG main            d.u.i.k.p.i.AbstractProblemLoader Init config took 2.69s 
39497      INFO  main            d.u.i.k.p.i.AbstractProblemLoader Replaying proof mini.DifferenceSeqLocset[mini.DifferenceSeqLocset::m()].Non-interference contract.0 
39500      DEBUG main            d.u.i.k.p.i.IntermediateProofReplayer Proof replay took 17.1ns 
39501      DEBUG main            d.u.i.k.m.s.ProofScriptEngine [1] goal: 0, source line: 51, command: 'macro 'infflow-autopilot'' 
39535      DEBUG main            d.u.i.k.p.m.ProofCorrectnessMgt No justification found for rule Class_invariant_axiom_for_mini_DifferenceSeqLocset 
41424      INFO  main            d.u.i.k.p.r.p.TestFile    ... finished proof: open goal(s) 
41605      INFO  main            d.u.i.k.p.r.p.TestFile    Now processing file /home/runner/work/key/key/key.core/../key.ui/examples/InformationFlow/MiniExamples/mini.MiniExamples(mini.MiniExamples__secure_p2_8()).Non-interference contract.0.m.key 
41605      INFO  main            d.u.i.k.p.i.AbstractProblemLoader Loading environment from /home/runner/work/key/key/key.core/../key.ui/examples/InformationFlow/MiniExamples/mini.MiniExamples(mini.MiniExamples__secure_p2_8()).Non-interference contract.0.m.key 
41605      DEBUG main            d.u.i.k.p.i.AbstractProblemLoader Environment load took 67.2ns 
41606      INFO  main            d.u.i.k.p.i.AbstractProblemLoader Creating init config 
44300      DEBUG main            d.u.i.k.p.i.AbstractProblemLoader Init config took 2.69s 
44366      INFO  main            d.u.i.k.p.i.AbstractProblemLoader Replaying proof mini.MiniExamples[mini.MiniExamples::secure_p2_8()].Non-interference contract.0 
44369      DEBUG main            d.u.i.k.p.i.IntermediateProofReplayer Proof replay took 16.2ns 
44369      DEBUG main            d.u.i.k.m.s.ProofScriptEngine [1] goal: 0, source line: 51, command: 'macro 'infflow-autopilot'' 
44408      DEBUG main            d.u.i.k.p.m.ProofCorrectnessMgt No justification found for rule Class_invariant_axiom_for_mini_MiniExamples 
44682      INFO  main            d.u.i.k.p.r.p.TestFile    ... finished proof: closed. 
44877      INFO  main            d.u.i.k.p.r.p.TestFile    Now processing file /home/runner/work/key/key/key.core/../key.ui/examples/InformationFlow/MiniExamples/mini.MiniExamples(mini.MiniExamples__secure_parameter(int)).Non-interference contract.0.m.key 
44877      INFO  main            d.u.i.k.p.i.AbstractProblemLoader Loading environment from /home/runner/work/key/key/key.core/../key.ui/examples/InformationFlow/MiniExamples/mini.MiniExamples(mini.MiniExamples__secure_parameter(int)).Non-interference contract.0.m.key 
44877      DEBUG main            d.u.i.k.p.i.AbstractProblemLoader Environment load took 106.2ns 
44878      INFO  main            d.u.i.k.p.i.AbstractProblemLoader Creating init config 
47557      DEBUG main            d.u.i.k.p.i.AbstractProblemLoader Init config took 2.68s 
47612      INFO  main            d.u.i.k.p.i.AbstractProblemLoader Replaying proof mini.MiniExamples[mini.MiniExamples::secure_parameter(int)].Non-interference contract.0 
47615      DEBUG main            d.u.i.k.p.i.IntermediateProofReplayer Proof replay took 19.2ns 
47615      DEBUG main            d.u.i.k.m.s.ProofScriptEngine [1] goal: 0, source line: 51, command: 'macro 'infflow-autopilot'' 
47656      DEBUG main            d.u.i.k.p.m.ProofCorrectnessMgt No justification found for rule Class_invariant_axiom_for_mini_MiniExamples 
47781      INFO  main            d.u.i.k.p.r.p.TestFile    ... finished proof: closed. 
47955      INFO  main            d.u.i.k.p.r.p.TestFile    Now processing file /home/runner/work/key/key/key.core/../key.ui/examples/InformationFlow/MiniExamples/mini.MiniExamples(mini.MiniExamples__secure_p2_7()).Non-interference contract.0.m.key 
47957      INFO  main            d.u.i.k.p.i.AbstractProblemLoader Loading environment from /home/runner/work/key/key/key.core/../key.ui/examples/InformationFlow/MiniExamples/mini.MiniExamples(mini.MiniExamples__secure_p2_7()).Non-interference contract.0.m.key 
47957      DEBUG main            d.u.i.k.p.i.AbstractProblemLoader Environment load took 110.7ns 
47958      INFO  main            d.u.i.k.p.i.AbstractProblemLoader Creating init config 
50589      DEBUG main            d.u.i.k.p.i.AbstractProblemLoader Init config took 2.63s 
50625      INFO  main            d.u.i.k.p.i.AbstractProblemLoader Replaying proof mini.MiniExamples[mini.MiniExamples::secure_p2_7()].Non-interference contract.0 
50627      DEBUG main            d.u.i.k.p.i.IntermediateProofReplayer Proof replay took 16.4ns 
50628      DEBUG main            d.u.i.k.m.s.ProofScriptEngine [1] goal: 0, source line: 51, command: 'macro 'infflow-autopilot'' 
50674      DEBUG main            d.u.i.k.p.m.ProofCorrectnessMgt No justification found for rule Class_invariant_axiom_for_mini_MiniExamples 
50896      INFO  main            d.u.i.k.p.r.p.TestFile    ... finished proof: closed. 
51069      INFO  main            d.u.i.k.p.r.p.TestFile    Now processing file /home/runner/work/key/key/key.core/../key.ui/examples/InformationFlow/MiniExamples/mini.MiniExamples(mini.MiniExamples__insecure_p2_2()).Non-interference contract.0.m.key 
51070      INFO  main            d.u.i.k.p.i.AbstractProblemLoader Loading environment from /home/runner/work/key/key/key.core/../key.ui/examples/InformationFlow/MiniExamples/mini.MiniExamples(mini.MiniExamples__insecure_p2_2()).Non-interference contract.0.m.key 
51070      DEBUG main            d.u.i.k.p.i.AbstractProblemLoader Environment load took 68ns 
51071      INFO  main            d.u.i.k.p.i.AbstractProblemLoader Creating init config 
53724      DEBUG main            d.u.i.k.p.i.AbstractProblemLoader Init config took 2.65s 
53768      INFO  main            d.u.i.k.p.i.AbstractProblemLoader Replaying proof mini.MiniExamples[mini.MiniExamples::insecure_p2_2()].Non-interference contract.0 
53770      DEBUG main            d.u.i.k.p.i.IntermediateProofReplayer Proof replay took 16.9ns 
53771      DEBUG main            d.u.i.k.m.s.ProofScriptEngine [1] goal: 0, source line: 51, command: 'macro 'infflow-autopilot'' 
53805      DEBUG main            d.u.i.k.p.m.ProofCorrectnessMgt No justification found for rule Class_invariant_axiom_for_mini_MiniExamples 
54033      INFO  main            d.u.i.k.p.r.p.TestFile    ... finished proof: open goal(s) 
54233      INFO  main            d.u.i.k.p.r.p.TestFile    Now processing file /home/runner/work/key/key/key.core/../key.ui/examples/InformationFlow/MiniExamples/mini.MiniExamples(mini.MiniExamples__secure_p2_6()).Non-interference contract.0.m.key 
54233      INFO  main            d.u.i.k.p.i.AbstractProblemLoader Loading environment from /home/runner/work/key/key/key.core/../key.ui/examples/InformationFlow/MiniExamples/mini.MiniExamples(mini.MiniExamples__secure_p2_6()).Non-interference contract.0.m.key 
54234      DEBUG main            d.u.i.k.p.i.AbstractProblemLoader Environment load took 559.71ns 
54235      INFO  main            d.u.i.k.p.i.AbstractProblemLoader Creating init config 
56861      DEBUG main            d.u.i.k.p.i.AbstractProblemLoader Init config took 2.63s 
56897      INFO  main            d.u.i.k.p.i.AbstractProblemLoader Replaying proof mini.MiniExamples[mini.MiniExamples::secure_p2_6()].Non-interference contract.0 
56899      DEBUG main            d.u.i.k.p.i.IntermediateProofReplayer Proof replay took 16.1ns 
56899      DEBUG main            d.u.i.k.m.s.ProofScriptEngine [1] goal: 0, source line: 51, command: 'macro 'infflow-autopilot'' 
56929      DEBUG main            d.u.i.k.p.m.ProofCorrectnessMgt No justification found for rule Class_invariant_axiom_for_mini_MiniExamples 
56986      INFO  main            d.u.i.k.p.r.p.TestFile    ... finished proof: closed. 
57174      INFO  main            d.u.i.k.p.r.p.TestFile    Now processing file /home/runner/work/key/key/key.core/../key.ui/examples/InformationFlow/MiniExamples/mini.MiniExamples(mini.MiniExamples__secure_p2_5()).Non-interference contract.0.m.key 
57174      INFO  main            d.u.i.k.p.i.AbstractProblemLoader Loading environment from /home/runner/work/key/key/key.core/../key.ui/examples/InformationFlow/MiniExamples/mini.MiniExamples(mini.MiniExamples__secure_p2_5()).Non-interference contract.0.m.key 
57174      DEBUG main            d.u.i.k.p.i.AbstractProblemLoader Environment load took 76.6ns 
57175      INFO  main            d.u.i.k.p.i.AbstractProblemLoader Creating init config 
59768      DEBUG main            d.u.i.k.p.i.AbstractProblemLoader Init config took 2.59s 
59803      INFO  main            d.u.i.k.p.i.AbstractProblemLoader Replaying proof mini.MiniExamples[mini.MiniExamples::secure_p2_5()].Non-interference contract.0 
59806      DEBUG main            d.u.i.k.p.i.IntermediateProofReplayer Proof replay took 17.2ns 
59806      DEBUG main            d.u.i.k.m.s.ProofScriptEngine [1] goal: 0, source line: 51, command: 'macro 'infflow-autopilot'' 
59835      DEBUG main            d.u.i.k.p.m.ProofCorrectnessMgt No justification found for rule Class_invariant_axiom_for_mini_MiniExamples 
59939      INFO  main            d.u.i.k.p.r.p.TestFile    ... finished proof: closed. 
60130      INFO  main            d.u.i.k.p.r.p.TestFile    Now processing file /home/runner/work/key/key/key.core/../key.ui/examples/InformationFlow/MiniExamples/mini.MiniExamples(mini.MiniExamples__secure_p2_4()).Non-interference contract.0.m.key 
60130      INFO  main            d.u.i.k.p.i.AbstractProblemLoader Loading environment from /home/runner/work/key/key/key.core/../key.ui/examples/InformationFlow/MiniExamples/mini.MiniExamples(mini.MiniExamples__secure_p2_4()).Non-interference contract.0.m.key 
60130      DEBUG main            d.u.i.k.p.i.AbstractProblemLoader Environment load took 73.9ns 
60131      INFO  main            d.u.i.k.p.i.AbstractProblemLoader Creating init config 
62751      DEBUG main            d.u.i.k.p.i.AbstractProblemLoader Init config took 2.62s 
62789      INFO  main            d.u.i.k.p.i.AbstractProblemLoader Replaying proof mini.MiniExamples[mini.MiniExamples::secure_p2_4()].Non-interference contract.0 
62792      DEBUG main            d.u.i.k.p.i.IntermediateProofReplayer Proof replay took 19.3ns 
62792      DEBUG main            d.u.i.k.m.s.ProofScriptEngine [1] goal: 0, source line: 51, command: 'macro 'infflow-autopilot'' 
62846      DEBUG main            d.u.i.k.p.m.ProofCorrectnessMgt No justification found for rule Class_invariant_axiom_for_mini_MiniExamples 
62938      INFO  main            d.u.i.k.p.r.p.TestFile    ... finished proof: closed. 
63161      INFO  main            d.u.i.k.p.r.p.TestFile    Now processing file /home/runner/work/key/key/key.core/../key.ui/examples/InformationFlow/MiniExamples/mini.MiniExamples(mini.MiniExamples__secure_p2_3()).Non-interference contract.0.m.key 
63161      INFO  main            d.u.i.k.p.i.AbstractProblemLoader Loading environment from /home/runner/work/key/key/key.core/../key.ui/examples/InformationFlow/MiniExamples/mini.MiniExamples(mini.MiniExamples__secure_p2_3()).Non-interference contract.0.m.key 
63162      DEBUG main            d.u.i.k.p.i.AbstractProblemLoader Environment load took 65.8ns 
63162      INFO  main            d.u.i.k.p.i.AbstractProblemLoader Creating init config 
65764      DEBUG main            d.u.i.k.p.i.AbstractProblemLoader Init config took 2.6s 
65799      INFO  main            d.u.i.k.p.i.AbstractProblemLoader Replaying proof mini.MiniExamples[mini.MiniExamples::secure_p2_3()].Non-interference contract.0 
65801      DEBUG main            d.u.i.k.p.i.IntermediateProofReplayer Proof replay took 15.8ns 
65802      DEBUG main            d.u.i.k.m.s.ProofScriptEngine [1] goal: 0, source line: 51, command: 'macro 'infflow-autopilot'' 
65831      DEBUG main            d.u.i.k.p.m.ProofCorrectnessMgt No justification found for rule Class_invariant_axiom_for_mini_MiniExamples 
65912      INFO  main            d.u.i.k.p.r.p.TestFile    ... finished proof: closed. 
66095      INFO  main            d.u.i.k.p.r.p.TestFile    Now processing file /home/runner/work/key/key/key.core/../key.ui/examples/InformationFlow/MiniExamples/mini.MiniExamples(mini.MiniExamples__secure_p2_2()).Non-interference contract.0.m.key 
66096      INFO  main            d.u.i.k.p.i.AbstractProblemLoader Loading environment from /home/runner/work/key/key/key.core/../key.ui/examples/InformationFlow/MiniExamples/mini.MiniExamples(mini.MiniExamples__secure_p2_2()).Non-interference contract.0.m.key 
66096      DEBUG main            d.u.i.k.p.i.AbstractProblemLoader Environment load took 87.9ns 
66097      INFO  main            d.u.i.k.p.i.AbstractProblemLoader Creating init config 
68719      DEBUG main            d.u.i.k.p.i.AbstractProblemLoader Init config took 2.62s 
68759      INFO  main            d.u.i.k.p.i.AbstractProblemLoader Replaying proof mini.MiniExamples[mini.MiniExamples::secure_p2_2()].Non-interference contract.0 
68764      DEBUG main            d.u.i.k.p.i.IntermediateProofReplayer Proof replay took 15.7ns 
68765      DEBUG main            d.u.i.k.m.s.ProofScriptEngine [1] goal: 0, source line: 51, command: 'macro 'infflow-autopilot'' 
68799      DEBUG main            d.u.i.k.p.m.ProofCorrectnessMgt No justification found for rule Class_invariant_axiom_for_mini_MiniExamples 
68872      INFO  main            d.u.i.k.p.r.p.TestFile    ... finished proof: closed. 
69053      INFO  main            d.u.i.k.p.r.p.TestFile    Now processing file /home/runner/work/key/key/key.core/../key.ui/examples/InformationFlow/MiniExamples/mini.MiniExamples(mini.MiniExamples__secure_p2_1()).Non-interference contract.0.m.key 
69053      INFO  main            d.u.i.k.p.i.AbstractProblemLoader Loading environment from /home/runner/work/key/key/key.core/../key.ui/examples/InformationFlow/MiniExamples/mini.MiniExamples(mini.MiniExamples__secure_p2_1()).Non-interference contract.0.m.key 
69053      DEBUG main            d.u.i.k.p.i.AbstractProblemLoader Environment load took 69.9ns 
69054      INFO  main            d.u.i.k.p.i.AbstractProblemLoader Creating init config 
71677      DEBUG main            d.u.i.k.p.i.AbstractProblemLoader Init config took 2.62s 
71712      INFO  main            d.u.i.k.p.i.AbstractProblemLoader Replaying proof mini.MiniExamples[mini.MiniExamples::secure_p2_1()].Non-interference contract.0 
71714      DEBUG main            d.u.i.k.p.i.IntermediateProofReplayer Proof replay took 15.2ns 
71715      DEBUG main            d.u.i.k.m.s.ProofScriptEngine [1] goal: 0, source line: 51, command: 'macro 'infflow-autopilot'' 
71744      DEBUG main            d.u.i.k.p.m.ProofCorrectnessMgt No justification found for rule Class_invariant_axiom_for_mini_MiniExamples 
71807      INFO  main            d.u.i.k.p.r.p.TestFile    ... finished proof: closed. 
72009      INFO  main            d.u.i.k.p.r.p.TestFile    Now processing file /home/runner/work/key/key/key.core/../key.ui/examples/InformationFlow/MiniExamples/mini.MiniExamples(mini.MiniExamples__insecure_p2_1()).Non-interference contract.0.m.key 
72009      INFO  main            d.u.i.k.p.i.AbstractProblemLoader Loading environment from /home/runner/work/key/key/key.core/../key.ui/examples/InformationFlow/MiniExamples/mini.MiniExamples(mini.MiniExamples__insecure_p2_1()).Non-interference contract.0.m.key 
72009      DEBUG main            d.u.i.k.p.i.AbstractProblemLoader Environment load took 63.8ns 
72011      INFO  main            d.u.i.k.p.i.AbstractProblemLoader Creating init config 
74604      DEBUG main            d.u.i.k.p.i.AbstractProblemLoader Init config took 2.59s 
74639      INFO  main            d.u.i.k.p.i.AbstractProblemLoader Replaying proof mini.MiniExamples[mini.MiniExamples::insecure_p2_1()].Non-interference contract.0 
74641      DEBUG main            d.u.i.k.p.i.IntermediateProofReplayer Proof replay took 14.8ns 
74641      DEBUG main            d.u.i.k.m.s.ProofScriptEngine [1] goal: 0, source line: 51, command: 'macro 'infflow-autopilot'' 
74669      DEBUG main            d.u.i.k.p.m.ProofCorrectnessMgt No justification found for rule Class_invariant_axiom_for_mini_MiniExamples 
74760      INFO  main            d.u.i.k.p.r.p.TestFile    ... finished proof: open goal(s) 
74954      INFO  main            d.u.i.k.p.r.p.TestFile    Now processing file /home/runner/work/key/key/key.core/../key.ui/examples/InformationFlow/MiniExamples/mini.MiniExamples(mini.MiniExamples__secure_p1_6()).Non-interference contract.0.m.key 
74954      INFO  main            d.u.i.k.p.i.AbstractProblemLoader Loading environment from /home/runner/work/key/key/key.core/../key.ui/examples/InformationFlow/MiniExamples/mini.MiniExamples(mini.MiniExamples__secure_p1_6()).Non-interference contract.0.m.key 
74954      DEBUG main            d.u.i.k.p.i.AbstractProblemLoader Environment load took 70.1ns 
74955      INFO  main            d.u.i.k.p.i.AbstractProblemLoader Creating init config 
77527      DEBUG main            d.u.i.k.p.i.AbstractProblemLoader Init config took 2.57s 
77562      INFO  main            d.u.i.k.p.i.AbstractProblemLoader Replaying proof mini.MiniExamples[mini.MiniExamples::secure_p1_6()].Non-interference contract.0 
77564      DEBUG main            d.u.i.k.p.i.IntermediateProofReplayer Proof replay took 17.8ns 
77565      DEBUG main            d.u.i.k.m.s.ProofScriptEngine [1] goal: 0, source line: 51, command: 'macro 'infflow-autopilot'' 
77594      DEBUG main            d.u.i.k.p.m.ProofCorrectnessMgt No justification found for rule Class_invariant_axiom_for_mini_MiniExamples 
77679      INFO  main            d.u.i.k.p.r.p.TestFile    ... finished proof: closed. 
77890      INFO  main            d.u.i.k.p.r.p.TestFile    Now processing file /home/runner/work/key/key/key.core/../key.ui/examples/InformationFlow/MiniExamples/mini.MiniExamples(mini.MiniExamples__secure_p1_5()).Non-interference contract.0.m.key 
77891      INFO  main            d.u.i.k.p.i.AbstractProblemLoader Loading environment from /home/runner/work/key/key/key.core/../key.ui/examples/InformationFlow/MiniExamples/mini.MiniExamples(mini.MiniExamples__secure_p1_5()).Non-interference contract.0.m.key 
77891      DEBUG main            d.u.i.k.p.i.AbstractProblemLoader Environment load took 86.1ns 
77892      INFO  main            d.u.i.k.p.i.AbstractProblemLoader Creating init config 
80463      DEBUG main            d.u.i.k.p.i.AbstractProblemLoader Init config took 2.57s 
80498      INFO  main            d.u.i.k.p.i.AbstractProblemLoader Replaying proof mini.MiniExamples[mini.MiniExamples::secure_p1_5()].Non-interference contract.0 
80500      DEBUG main            d.u.i.k.p.i.IntermediateProofReplayer Proof replay took 17.3ns 
80505      DEBUG main            d.u.i.k.m.s.ProofScriptEngine [1] goal: 0, source line: 51, command: 'macro 'infflow-autopilot'' 
80535      DEBUG main            d.u.i.k.p.m.ProofCorrectnessMgt No justification found for rule Class_invariant_axiom_for_mini_MiniExamples 
80775      INFO  main            d.u.i.k.p.r.p.TestFile    ... finished proof: closed. 
80977      INFO  main            d.u.i.k.p.r.p.TestFile    Now processing file /home/runner/work/key/key/key.core/../key.ui/examples/InformationFlow/MiniExamples/mini.MiniExamples(mini.MiniExamples__secure_p1_4()).Non-interference contract.0.m.key 
80977      INFO  main            d.u.i.k.p.i.AbstractProblemLoader Loading environment from /home/runner/work/key/key/key.core/../key.ui/examples/InformationFlow/MiniExamples/mini.MiniExamples(mini.MiniExamples__secure_p1_4()).Non-interference contract.0.m.key 
80977      DEBUG main            d.u.i.k.p.i.AbstractProblemLoader Environment load took 76.5ns 
80978      INFO  main            d.u.i.k.p.i.AbstractProblemLoader Creating init config 
83566      DEBUG main            d.u.i.k.p.i.AbstractProblemLoader Init config took 2.59s 
83601      INFO  main            d.u.i.k.p.i.AbstractProblemLoader Replaying proof mini.MiniExamples[mini.MiniExamples::secure_p1_4()].Non-interference contract.0 
83603      DEBUG main            d.u.i.k.p.i.IntermediateProofReplayer Proof replay took 18.1ns 
83604      DEBUG main            d.u.i.k.m.s.ProofScriptEngine [1] goal: 0, source line: 51, command: 'macro 'infflow-autopilot'' 
83632      DEBUG main            d.u.i.k.p.m.ProofCorrectnessMgt No justification found for rule Class_invariant_axiom_for_mini_MiniExamples 
83833      INFO  main            d.u.i.k.p.r.p.TestFile    ... finished proof: closed. 
84038      INFO  main            d.u.i.k.p.r.p.TestFile    Now processing file /home/runner/work/key/key/key.core/../key.ui/examples/InformationFlow/MiniExamples/mini.MiniExamples(mini.MiniExamples__secure_p1_3()).Non-interference contract.0.m.key 
84038      INFO  main            d.u.i.k.p.i.AbstractProblemLoader Loading environment from /home/runner/work/key/key/key.core/../key.ui/examples/InformationFlow/MiniExamples/mini.MiniExamples(mini.MiniExamples__secure_p1_3()).Non-interference contract.0.m.key 
84038      DEBUG main            d.u.i.k.p.i.AbstractProblemLoader Environment load took 95.6ns 
84039      INFO  main            d.u.i.k.p.i.AbstractProblemLoader Creating init config 
86619      DEBUG main            d.u.i.k.p.i.AbstractProblemLoader Init config took 2.58s 
86652      INFO  main            d.u.i.k.p.i.AbstractProblemLoader Replaying proof mini.MiniExamples[mini.MiniExamples::secure_p1_3()].Non-interference contract.0 
86655      DEBUG main            d.u.i.k.p.i.IntermediateProofReplayer Proof replay took 16.7ns 
86655      DEBUG main            d.u.i.k.m.s.ProofScriptEngine [1] goal: 0, source line: 51, command: 'macro 'infflow-autopilot'' 
86683      DEBUG main            d.u.i.k.p.m.ProofCorrectnessMgt No justification found for rule Class_invariant_axiom_for_mini_MiniExamples 
86792      INFO  main            d.u.i.k.p.r.p.TestFile    ... finished proof: closed. 
87002      INFO  main            d.u.i.k.p.r.p.TestFile    Now processing file /home/runner/work/key/key/key.core/../key.ui/examples/InformationFlow/MiniExamples/mini.MiniExamples(mini.MiniExamples__secure_p1_2()).Non-interference contract.0.m.key 
87003      INFO  main            d.u.i.k.p.i.AbstractProblemLoader Loading environment from /home/runner/work/key/key/key.core/../key.ui/examples/InformationFlow/MiniExamples/mini.MiniExamples(mini.MiniExamples__secure_p1_2()).Non-interference contract.0.m.key 
87003      DEBUG main            d.u.i.k.p.i.AbstractProblemLoader Environment load took 101.5ns 
87004      INFO  main            d.u.i.k.p.i.AbstractProblemLoader Creating init config 
89573      DEBUG main            d.u.i.k.p.i.AbstractProblemLoader Init config took 2.57s 
89623      INFO  main            d.u.i.k.p.i.AbstractProblemLoader Replaying proof mini.MiniExamples[mini.MiniExamples::secure_p1_2()].Non-interference contract.0 
89625      DEBUG main            d.u.i.k.p.i.IntermediateProofReplayer Proof replay took 31ns 
89626      DEBUG main            d.u.i.k.m.s.ProofScriptEngine [1] goal: 0, source line: 51, command: 'macro 'infflow-autopilot'' 
89653      DEBUG main            d.u.i.k.p.m.ProofCorrectnessMgt No justification found for rule Class_invariant_axiom_for_mini_MiniExamples 
89867      INFO  main            d.u.i.k.p.r.p.TestFile    ... finished proof: closed. 
90081      INFO  main            d.u.i.k.p.r.p.TestFile    Now processing file /home/runner/work/key/key/key.core/../key.ui/examples/InformationFlow/MiniExamples/mini.MiniExamples(mini.MiniExamples__secure_p1_1()).Non-interference contract.1.m.key 
90081      INFO  main            d.u.i.k.p.i.AbstractProblemLoader Loading environment from /home/runner/work/key/key/key.core/../key.ui/examples/InformationFlow/MiniExamples/mini.MiniExamples(mini.MiniExamples__secure_p1_1()).Non-interference contract.1.m.key 
90082      DEBUG main            d.u.i.k.p.i.AbstractProblemLoader Environment load took 547.5ns 
90083      INFO  main            d.u.i.k.p.i.AbstractProblemLoader Creating init config 
92618      DEBUG main            d.u.i.k.p.i.AbstractProblemLoader Init config took 2.53s 
92662      INFO  main            d.u.i.k.p.i.AbstractProblemLoader Replaying proof mini.MiniExamples[mini.MiniExamples::secure_p1_1()].Non-interference contract.1 
92665      DEBUG main            d.u.i.k.p.i.IntermediateProofReplayer Proof replay took 16.4ns 
92665      DEBUG main            d.u.i.k.m.s.ProofScriptEngine [1] goal: 0, source line: 51, command: 'macro 'infflow-autopilot'' 
92693      DEBUG main            d.u.i.k.p.m.ProofCorrectnessMgt No justification found for rule Class_invariant_axiom_for_mini_MiniExamples 
92834      INFO  main            d.u.i.k.p.r.p.TestFile    ... finished proof: closed. 
93051      INFO  main            d.u.i.k.p.r.p.TestFile    Now processing file /home/runner/work/key/key/key.core/../key.ui/examples/InformationFlow/MiniExamples/mini.MiniExamples(mini.MiniExamples__secure_p1_1()).Non-interference contract.0.m.key 
93051      INFO  main            d.u.i.k.p.i.AbstractProblemLoader Loading environment from /home/runner/work/key/key/key.core/../key.ui/examples/InformationFlow/MiniExamples/mini.MiniExamples(mini.MiniExamples__secure_p1_1()).Non-interference contract.0.m.key 
93051      DEBUG main            d.u.i.k.p.i.AbstractProblemLoader Environment load took 85.7ns 
93052      INFO  main            d.u.i.k.p.i.AbstractProblemLoader Creating init config 
95651      DEBUG main            d.u.i.k.p.i.AbstractProblemLoader Init config took 2.6s 
95684      INFO  main            d.u.i.k.p.i.AbstractProblemLoader Replaying proof mini.MiniExamples[mini.MiniExamples::secure_p1_1()].Non-interference contract.0 
95686      DEBUG main            d.u.i.k.p.i.IntermediateProofReplayer Proof replay took 14.5ns 
95687      DEBUG main            d.u.i.k.m.s.ProofScriptEngine [1] goal: 0, source line: 51, command: 'macro 'infflow-autopilot'' 
95713      DEBUG main            d.u.i.k.p.m.ProofCorrectnessMgt No justification found for rule Class_invariant_axiom_for_mini_MiniExamples 
95851      INFO  main            d.u.i.k.p.r.p.TestFile    ... finished proof: closed. 
96082      INFO  main            d.u.i.k.p.r.p.TestFile    Now processing file /home/runner/work/key/key/key.core/../key.ui/examples/InformationFlow/MiniExamples/mini.MiniExamples(mini.MiniExamples__insecure_p1_2()).Non-interference contract.0.m.key 
96083      INFO  main            d.u.i.k.p.i.AbstractProblemLoader Loading environment from /home/runner/work/key/key/key.core/../key.ui/examples/InformationFlow/MiniExamples/mini.MiniExamples(mini.MiniExamples__insecure_p1_2()).Non-interference contract.0.m.key 
96083      DEBUG main            d.u.i.k.p.i.AbstractProblemLoader Environment load took 74.2ns 
96084      INFO  main            d.u.i.k.p.i.AbstractProblemLoader Creating init config 
98630      DEBUG main            d.u.i.k.p.i.AbstractProblemLoader Init config took 2.55s 
98664      INFO  main            d.u.i.k.p.i.AbstractProblemLoader Replaying proof mini.MiniExamples[mini.MiniExamples::insecure_p1_2()].Non-interference contract.0 
98666      DEBUG main            d.u.i.k.p.i.IntermediateProofReplayer Proof replay took 15.5ns 
98667      DEBUG main            d.u.i.k.m.s.ProofScriptEngine [1] goal: 0, source line: 51, command: 'macro 'infflow-autopilot'' 
98693      DEBUG main            d.u.i.k.p.m.ProofCorrectnessMgt No justification found for rule Class_invariant_axiom_for_mini_MiniExamples 
98956      INFO  main            d.u.i.k.p.r.p.TestFile    ... finished proof: open goal(s) 
99172      INFO  main            d.u.i.k.p.r.p.TestFile    Now processing file /home/runner/work/key/key/key.core/../key.ui/examples/InformationFlow/MiniExamples/mini.MiniExamples(mini.MiniExamples__insecure_p1_1()).Non-interference contract.0.m.key 
99172      INFO  main            d.u.i.k.p.i.AbstractProblemLoader Loading environment from /home/runner/work/key/key/key.core/../key.ui/examples/InformationFlow/MiniExamples/mini.MiniExamples(mini.MiniExamples__insecure_p1_1()).Non-interference contract.0.m.key 
99172      DEBUG main            d.u.i.k.p.i.AbstractProblemLoader Environment load took 71.1ns 
99173      INFO  main            d.u.i.k.p.i.AbstractProblemLoader Creating init config 
101729     DEBUG main            d.u.i.k.p.i.AbstractProblemLoader Init config took 2.56s 
101763     INFO  main            d.u.i.k.p.i.AbstractProblemLoader Replaying proof mini.MiniExamples[mini.MiniExamples::insecure_p1_1()].Non-interference contract.0 
101769     DEBUG main            d.u.i.k.p.i.IntermediateProofReplayer Proof replay took 15.1ns 
101769     DEBUG main            d.u.i.k.m.s.ProofScriptEngine [1] goal: 0, source line: 51, command: 'macro 'infflow-autopilot'' 
101814     DEBUG main            d.u.i.k.p.m.ProofCorrectnessMgt No justification found for rule Class_invariant_axiom_for_mini_MiniExamples 
101905     INFO  main            d.u.i.k.p.r.p.TestFile    ... finished proof: open goal(s) 
2327861    INFO  Test worker     d.u.i.k.p.r.RunAllProofsTestUnit Returning from test MiniExamples_fullmacro 
2327862    INFO  Test worker     d.u.i.k.p.r.RunAllProofsTestUnit Running test NewObjects_fullmacro 
364        INFO  Timeout watchdog d.u.i.k.p.r.p.ForkedTestFileRunner Timeout watcher launched (1000 secs.) 
364        WARN  main            d.u.i.k.s.ProofSettings   The settings in /home/runner/.key/proof-settings.props are *not* read. 
405        INFO  main            d.u.i.k.p.r.p.TestFile    Now processing file /home/runner/work/key/key/key.core/../key.ui/examples/InformationFlow/NewObjects/object.AmtoftBanerjee3(object.AmtoftBanerjee3__m()).Non-interference contract.0.m.key 
553        INFO  main            d.u.i.k.p.i.AbstractProblemLoader Loading environment from /home/runner/work/key/key/key.core/../key.ui/examples/InformationFlow/NewObjects/object.AmtoftBanerjee3(object.AmtoftBanerjee3__m()).Non-interference contract.0.m.key 
575        DEBUG main            d.u.i.k.p.i.AbstractProblemLoader Environment load took 3.73ms 
808        INFO  main            d.u.i.k.p.i.AbstractProblemLoader Creating init config 
1648       DEBUG main            d.u.i.k.j.TypeConverter   No LDT found for Meta 
1649       DEBUG main            d.u.i.k.j.TypeConverter   No LDT found for Meta 
1650       DEBUG main            d.u.i.k.j.TypeConverter   No LDT found for Meta 
1651       DEBUG main            d.u.i.k.j.TypeConverter   No LDT found for Meta 
2845       DEBUG main            d.u.i.k.j.TypeConverter   No LDT found for JavaBigintExpression 
5757       DEBUG main            d.u.i.k.j.r.ClassPreparationMethodBuilder clPrepBuilder: Inner Class detected. Reject building class initialisation methods. 
8387       DEBUG main            d.u.i.k.p.i.AbstractProblemLoader Init config took 7.58s 
8532       INFO  main            d.u.i.k.p.i.AbstractProblemLoader Replaying proof object.AmtoftBanerjee3[object.AmtoftBanerjee3::m()].Non-interference contract.0 
8626       DEBUG main            d.u.i.k.p.i.IntermediateProofReplayer Proof replay took 367.4ns 
8714       DEBUG main            d.u.i.k.m.s.ProofScriptEngine [1] goal: 0, source line: 51, command: 'macro 'infflow-autopilot'' 
9041       DEBUG main            d.u.i.k.p.m.ProofCorrectnessMgt No justification found for rule Class_invariant_axiom_for_object_AmtoftBanerjee3 
9589       INFO  main            d.u.i.k.p.r.p.TestFile    ... finished proof: closed. 
9709       INFO  main            d.u.i.k.p.r.p.TestFile    Now processing file /home/runner/work/key/key/key.core/../key.ui/examples/InformationFlow/NewObjects/object.AmtoftBanerjee(object.AmtoftBanerjee__m_2()).Non-interference contract.0.m.key 
9710       INFO  main            d.u.i.k.p.i.AbstractProblemLoader Loading environment from /home/runner/work/key/key/key.core/../key.ui/examples/InformationFlow/NewObjects/object.AmtoftBanerjee(object.AmtoftBanerjee__m_2()).Non-interference contract.0.m.key 
9710       DEBUG main            d.u.i.k.p.i.AbstractProblemLoader Environment load took 306.8ns 
9713       INFO  main            d.u.i.k.p.i.AbstractProblemLoader Creating init config 
10789      DEBUG main            d.u.i.k.j.r.ClassPreparationMethodBuilder clPrepBuilder: Inner Class detected. Reject building class initialisation methods. 
12899      DEBUG main            d.u.i.k.p.i.AbstractProblemLoader Init config took 3.19s 
12957      INFO  main            d.u.i.k.p.i.AbstractProblemLoader Replaying proof object.AmtoftBanerjee[object.AmtoftBanerjee::m_2()].Non-interference contract.0 
12960      DEBUG main            d.u.i.k.p.i.IntermediateProofReplayer Proof replay took 14.8ns 
12969      DEBUG main            d.u.i.k.m.s.ProofScriptEngine [1] goal: 0, source line: 51, command: 'macro 'infflow-autopilot'' 
13456      DEBUG main            d.u.i.k.p.m.ProofCorrectnessMgt No justification found for rule Class_invariant_axiom_for_object_AmtoftBanerjee 
13457      DEBUG main            d.u.i.k.p.m.ProofCorrectnessMgt No justification found for rule Class_invariant_axiom_for_object_AmtoftBanerjee 
13532      DEBUG main            d.u.i.k.p.m.ProofCorrectnessMgt No justification found for rule Class_invariant_axiom_for_object_AmtoftBanerjee 
14060      INFO  main            d.u.i.k.p.r.p.TestFile    ... finished proof: closed. 
14229      INFO  main            d.u.i.k.p.r.p.TestFile    Now processing file /home/runner/work/key/key/key.core/../key.ui/examples/InformationFlow/NewObjects/object.AmtoftBanerjee(object.AmtoftBanerjee__m_1()).Non-interference contract.1.m.key 
14231      INFO  main            d.u.i.k.p.i.AbstractProblemLoader Loading environment from /home/runner/work/key/key/key.core/../key.ui/examples/InformationFlow/NewObjects/object.AmtoftBanerjee(object.AmtoftBanerjee__m_1()).Non-interference contract.1.m.key 
14231      DEBUG main            d.u.i.k.p.i.AbstractProblemLoader Environment load took 142ns 
14233      INFO  main            d.u.i.k.p.i.AbstractProblemLoader Creating init config 
15248      DEBUG main            d.u.i.k.j.r.ClassPreparationMethodBuilder clPrepBuilder: Inner Class detected. Reject building class initialisation methods. 
17335      DEBUG main            d.u.i.k.p.i.AbstractProblemLoader Init config took 3.1s 
17391      INFO  main            d.u.i.k.p.i.AbstractProblemLoader Replaying proof object.AmtoftBanerjee[object.AmtoftBanerjee::m_1()].Non-interference contract.1 
17394      DEBUG main            d.u.i.k.p.i.IntermediateProofReplayer Proof replay took 14.6ns 
17395      DEBUG main            d.u.i.k.m.s.ProofScriptEngine [1] goal: 0, source line: 51, command: 'macro 'infflow-autopilot'' 
17598      DEBUG main            d.u.i.k.p.m.ProofCorrectnessMgt No justification found for rule Class_invariant_axiom_for_object_AmtoftBanerjee 
17599      DEBUG main            d.u.i.k.p.m.ProofCorrectnessMgt No justification found for rule Class_invariant_axiom_for_object_AmtoftBanerjee 
17633      DEBUG main            d.u.i.k.p.m.ProofCorrectnessMgt No justification found for rule Class_invariant_axiom_for_object_AmtoftBanerjee 
17929      INFO  main            d.u.i.k.p.r.p.TestFile    ... finished proof: open goal(s) 
18101      INFO  main            d.u.i.k.p.r.p.TestFile    Now processing file /home/runner/work/key/key/key.core/../key.ui/examples/InformationFlow/NewObjects/object.AmtoftBanerjee(object.AmtoftBanerjee__m_1()).Non-interference contract.0.m.key 
18102      INFO  main            d.u.i.k.p.i.AbstractProblemLoader Loading environment from /home/runner/work/key/key/key.core/../key.ui/examples/InformationFlow/NewObjects/object.AmtoftBanerjee(object.AmtoftBanerjee__m_1()).Non-interference contract.0.m.key 
18102      DEBUG main            d.u.i.k.p.i.AbstractProblemLoader Environment load took 478.2ns 
18103      INFO  main            d.u.i.k.p.i.AbstractProblemLoader Creating init config 
19033      DEBUG main            d.u.i.k.j.r.ClassPreparationMethodBuilder clPrepBuilder: Inner Class detected. Reject building class initialisation methods. 
21054      DEBUG main            d.u.i.k.p.i.AbstractProblemLoader Init config took 2.95s 
21103      INFO  main            d.u.i.k.p.i.AbstractProblemLoader Replaying proof object.AmtoftBanerjee[object.AmtoftBanerjee::m_1()].Non-interference contract.0 
21106      DEBUG main            d.u.i.k.p.i.IntermediateProofReplayer Proof replay took 14.1ns 
21107      DEBUG main            d.u.i.k.m.s.ProofScriptEngine [1] goal: 0, source line: 51, command: 'macro 'infflow-autopilot'' 
21287      DEBUG main            d.u.i.k.p.m.ProofCorrectnessMgt No justification found for rule Class_invariant_axiom_for_object_AmtoftBanerjee 
21288      DEBUG main            d.u.i.k.p.m.ProofCorrectnessMgt No justification found for rule Class_invariant_axiom_for_object_AmtoftBanerjee 
21319      DEBUG main            d.u.i.k.p.m.ProofCorrectnessMgt No justification found for rule Class_invariant_axiom_for_object_AmtoftBanerjee 
21542      INFO  main            d.u.i.k.p.r.p.TestFile    ... finished proof: closed. 
21714      INFO  main            d.u.i.k.p.r.p.TestFile    Now processing file /home/runner/work/key/key/key.core/../key.ui/examples/InformationFlow/NewObjects/object.AmtoftBanerjee(object.AmtoftBanerjee__getQ()).Non-interference contract.0.m.key 
21714      INFO  main            d.u.i.k.p.i.AbstractProblemLoader Loading environment from /home/runner/work/key/key/key.core/../key.ui/examples/InformationFlow/NewObjects/object.AmtoftBanerjee(object.AmtoftBanerjee__getQ()).Non-interference contract.0.m.key 
21714      DEBUG main            d.u.i.k.p.i.AbstractProblemLoader Environment load took 68.6ns 
21715      INFO  main            d.u.i.k.p.i.AbstractProblemLoader Creating init config 
22607      DEBUG main            d.u.i.k.j.r.ClassPreparationMethodBuilder clPrepBuilder: Inner Class detected. Reject building class initialisation methods. 
24574      DEBUG main            d.u.i.k.p.i.AbstractProblemLoader Init config took 2.86s 
24623      INFO  main            d.u.i.k.p.i.AbstractProblemLoader Replaying proof object.AmtoftBanerjee[object.AmtoftBanerjee::getQ()].Non-interference contract.0 
24626      DEBUG main            d.u.i.k.p.i.IntermediateProofReplayer Proof replay took 27.9ns 
24627      DEBUG main            d.u.i.k.m.s.ProofScriptEngine [1] goal: 0, source line: 51, command: 'macro 'infflow-autopilot'' 
24668      DEBUG main            d.u.i.k.p.m.ProofCorrectnessMgt No justification found for rule Class_invariant_axiom_for_object_AmtoftBanerjee 
24758      INFO  main            d.u.i.k.p.r.p.TestFile    ... finished proof: closed. 
24901      INFO  main            d.u.i.k.p.r.p.TestFile    Now processing file /home/runner/work/key/key/key.core/../key.ui/examples/InformationFlow/NewObjects/object.Naumann(object.Naumann__Pair_m(int,int)).Non-interference contract.0.m.key 
24901      INFO  main            d.u.i.k.p.i.AbstractProblemLoader Loading environment from /home/runner/work/key/key/key.core/../key.ui/examples/InformationFlow/NewObjects/object.Naumann(object.Naumann__Pair_m(int,int)).Non-interference contract.0.m.key 
24901      DEBUG main            d.u.i.k.p.i.AbstractProblemLoader Environment load took 117.4ns 
24902      INFO  main            d.u.i.k.p.i.AbstractProblemLoader Creating init config 
25795      DEBUG main            d.u.i.k.j.r.ClassPreparationMethodBuilder clPrepBuilder: Inner Class detected. Reject building class initialisation methods. 
27793      DEBUG main            d.u.i.k.p.i.AbstractProblemLoader Init config took 2.89s 
27857      INFO  main            d.u.i.k.p.i.AbstractProblemLoader Replaying proof object.Naumann[object.Naumann::Pair_m(int,int)].Non-interference contract.0 
27859      DEBUG main            d.u.i.k.p.i.IntermediateProofReplayer Proof replay took 14.7ns 
27862      DEBUG main            d.u.i.k.m.s.ProofScriptEngine [1] goal: 0, source line: 51, command: 'macro 'infflow-autopilot'' 
39635      INFO  main            d.u.i.k.p.r.p.TestFile    ... finished proof: closed. 
39882      INFO  main            d.u.i.k.p.r.p.TestFile    Now processing file /home/runner/work/key/key/key.core/../key.ui/examples/InformationFlow/NewObjects/object.ObjectOrientation(object.ObjectOrientation__secure_while_i((Ljava.lang.Object)).Non-interference contract.0.m.key 
39882      INFO  main            d.u.i.k.p.i.AbstractProblemLoader Loading environment from /home/runner/work/key/key/key.core/../key.ui/examples/InformationFlow/NewObjects/object.ObjectOrientation(object.ObjectOrientation__secure_while_i((Ljava.lang.Object)).Non-interference contract.0.m.key 
39883      DEBUG main            d.u.i.k.p.i.AbstractProblemLoader Environment load took 89.6ns 
39884      INFO  main            d.u.i.k.p.i.AbstractProblemLoader Creating init config 
40761      DEBUG main            d.u.i.k.j.r.ClassPreparationMethodBuilder clPrepBuilder: Inner Class detected. Reject building class initialisation methods. 
42706      DEBUG main            d.u.i.k.p.i.AbstractProblemLoader Init config took 2.82s 
42757      INFO  main            d.u.i.k.p.i.AbstractProblemLoader Replaying proof object.ObjectOrientation[object.ObjectOrientation::secure_while_i([Ljava.lang.Object)].Non-interference contract.0 
42760      DEBUG main            d.u.i.k.p.i.IntermediateProofReplayer Proof replay took 16ns 
42761      DEBUG main            d.u.i.k.m.s.ProofScriptEngine [1] goal: 0, source line: 51, command: 'macro 'infflow-autopilot'' 
42809      DEBUG main            d.u.i.k.p.m.ProofCorrectnessMgt No justification found for rule Class_invariant_axiom_for_object_ObjectOrientation 
48850      INFO  main            d.u.i.k.p.r.p.TestFile    ... finished proof: closed. 
49157      INFO  main            d.u.i.k.p.r.p.TestFile    Now processing file /home/runner/work/key/key/key.core/../key.ui/examples/InformationFlow/NewObjects/object.ObjectOrientation(object.ObjectOrientation__secure_method_call()).Non-interference contract.0.m.key 
49158      INFO  main            d.u.i.k.p.i.AbstractProblemLoader Loading environment from /home/runner/work/key/key/key.core/../key.ui/examples/InformationFlow/NewObjects/object.ObjectOrientation(object.ObjectOrientation__secure_method_call()).Non-interference contract.0.m.key 
49158      DEBUG main            d.u.i.k.p.i.AbstractProblemLoader Environment load took 105.1ns 
49159      INFO  main            d.u.i.k.p.i.AbstractProblemLoader Creating init config 
50055      DEBUG main            d.u.i.k.j.r.ClassPreparationMethodBuilder clPrepBuilder: Inner Class detected. Reject building class initialisation methods. 
52003      DEBUG main            d.u.i.k.p.i.AbstractProblemLoader Init config took 2.84s 
52047      INFO  main            d.u.i.k.p.i.AbstractProblemLoader Replaying proof object.ObjectOrientation[object.ObjectOrientation::secure_method_call()].Non-interference contract.0 
52049      DEBUG main            d.u.i.k.p.i.IntermediateProofReplayer Proof replay took 16.7ns 
52050      DEBUG main            d.u.i.k.m.s.ProofScriptEngine [1] goal: 0, source line: 51, command: 'macro 'infflow-autopilot'' 
52083      DEBUG main            d.u.i.k.p.m.ProofCorrectnessMgt No justification found for rule Class_invariant_axiom_for_object_ObjectOrientation 
52124      DEBUG main            d.u.i.k.p.m.ProofCorrectnessMgt No justification found for rule Class_invariant_axiom_for_object_ObjectOrientation 
52147      DEBUG main            d.u.i.k.p.m.ProofCorrectnessMgt No justification found for rule Class_invariant_axiom_for_object_ObjectOrientation 
52192      DEBUG main            d.u.i.k.p.m.ProofCorrectnessMgt No justification found for rule Class_invariant_axiom_for_object_ObjectOrientation 
52578      INFO  main            d.u.i.k.p.r.p.TestFile    ... finished proof: closed. 
52813      INFO  main            d.u.i.k.p.r.p.TestFile    Now processing file /home/runner/work/key/key/key.core/../key.ui/examples/InformationFlow/NewObjects/object.ObjectOrientation(object.ObjectOrientation__if_two_object_creation_next()).Non-interference contract.1.m.key 
52814      INFO  main            d.u.i.k.p.i.AbstractProblemLoader Loading environment from /home/runner/work/key/key/key.core/../key.ui/examples/InformationFlow/NewObjects/object.ObjectOrientation(object.ObjectOrientation__if_two_object_creation_next()).Non-interference contract.1.m.key 
52814      DEBUG main            d.u.i.k.p.i.AbstractProblemLoader Environment load took 121.4ns 
52815      INFO  main            d.u.i.k.p.i.AbstractProblemLoader Creating init config 
53733      DEBUG main            d.u.i.k.j.r.ClassPreparationMethodBuilder clPrepBuilder: Inner Class detected. Reject building class initialisation methods. 
55705      DEBUG main            d.u.i.k.p.i.AbstractProblemLoader Init config took 2.89s 
55747      INFO  main            d.u.i.k.p.i.AbstractProblemLoader Replaying proof object.ObjectOrientation[object.ObjectOrientation::if_two_object_creation_next()].Non-interference contract.1 
55750      DEBUG main            d.u.i.k.p.i.IntermediateProofReplayer Proof replay took 16.1ns 
55751      DEBUG main            d.u.i.k.m.s.ProofScriptEngine [1] goal: 0, source line: 51, command: 'macro 'infflow-autopilot'' 
55784      DEBUG main            d.u.i.k.p.m.ProofCorrectnessMgt No justification found for rule Class_invariant_axiom_for_object_ObjectOrientation 
86482      INFO  main            d.u.i.k.p.r.p.TestFile    ... finished proof: open goal(s) 
86734      INFO  main            d.u.i.k.p.r.p.TestFile    Now processing file /home/runner/work/key/key/key.core/../key.ui/examples/InformationFlow/NewObjects/object.ObjectOrientation(object.ObjectOrientation__if_two_object_creation_next()).Non-interference contract.0.m.key 
86735      INFO  main            d.u.i.k.p.i.AbstractProblemLoader Loading environment from /home/runner/work/key/key/key.core/../key.ui/examples/InformationFlow/NewObjects/object.ObjectOrientation(object.ObjectOrientation__if_two_object_creation_next()).Non-interference contract.0.m.key 
86735      DEBUG main            d.u.i.k.p.i.AbstractProblemLoader Environment load took 86ns 
86736      INFO  main            d.u.i.k.p.i.AbstractProblemLoader Creating init config 
87617      DEBUG main            d.u.i.k.j.r.ClassPreparationMethodBuilder clPrepBuilder: Inner Class detected. Reject building class initialisation methods. 
89561      DEBUG main            d.u.i.k.p.i.AbstractProblemLoader Init config took 2.83s 
89602      INFO  main            d.u.i.k.p.i.AbstractProblemLoader Replaying proof object.ObjectOrientation[object.ObjectOrientation::if_two_object_creation_next()].Non-interference contract.0 
89604      DEBUG main            d.u.i.k.p.i.IntermediateProofReplayer Proof replay took 15.6ns 
89605      DEBUG main            d.u.i.k.m.s.ProofScriptEngine [1] goal: 0, source line: 51, command: 'macro 'infflow-autopilot'' 
89637      DEBUG main            d.u.i.k.p.m.ProofCorrectnessMgt No justification found for rule Class_invariant_axiom_for_object_ObjectOrientation 
102529     INFO  main            d.u.i.k.p.r.p.TestFile    ... finished proof: closed. 
102860     INFO  main            d.u.i.k.p.r.p.TestFile    Now processing file /home/runner/work/key/key/key.core/../key.ui/examples/InformationFlow/NewObjects/object.ObjectOrientation(object.ObjectOrientation__secure_if_two_object_creation()).Non-interference contract.0.m.key 
102860     INFO  main            d.u.i.k.p.i.AbstractProblemLoader Loading environment from /home/runner/work/key/key/key.core/../key.ui/examples/InformationFlow/NewObjects/object.ObjectOrientation(object.ObjectOrientation__secure_if_two_object_creation()).Non-interference contract.0.m.key 
102860     DEBUG main            d.u.i.k.p.i.AbstractProblemLoader Environment load took 84.4ns 
102861     INFO  main            d.u.i.k.p.i.AbstractProblemLoader Creating init config 
103739     DEBUG main            d.u.i.k.j.r.ClassPreparationMethodBuilder clPrepBuilder: Inner Class detected. Reject building class initialisation methods. 
105636     DEBUG main            d.u.i.k.p.i.AbstractProblemLoader Init config took 2.77s 
105676     INFO  main            d.u.i.k.p.i.AbstractProblemLoader Replaying proof object.ObjectOrientation[object.ObjectOrientation::secure_if_two_object_creation()].Non-interference contract.0 
105679     DEBUG main            d.u.i.k.p.i.IntermediateProofReplayer Proof replay took 16.3ns 
105680     DEBUG main            d.u.i.k.m.s.ProofScriptEngine [1] goal: 0, source line: 51, command: 'macro 'infflow-autopilot'' 
105710     DEBUG main            d.u.i.k.p.m.ProofCorrectnessMgt No justification found for rule Class_invariant_axiom_for_object_ObjectOrientation 
118291     INFO  main            d.u.i.k.p.r.p.TestFile    ... finished proof: closed. 
118561     INFO  main            d.u.i.k.p.r.p.TestFile    Now processing file /home/runner/work/key/key/key.core/../key.ui/examples/InformationFlow/NewObjects/object.ObjectOrientation(object.ObjectOrientation__insecure_two_object_creation()).Non-interference contract.0.m.key 
118561     INFO  main            d.u.i.k.p.i.AbstractProblemLoader Loading environment from /home/runner/work/key/key/key.core/../key.ui/examples/InformationFlow/NewObjects/object.ObjectOrientation(object.ObjectOrientation__insecure_two_object_creation()).Non-interference contract.0.m.key 
118561     DEBUG main            d.u.i.k.p.i.AbstractProblemLoader Environment load took 100.5ns 
118562     INFO  main            d.u.i.k.p.i.AbstractProblemLoader Creating init config 
119425     DEBUG main            d.u.i.k.j.r.ClassPreparationMethodBuilder clPrepBuilder: Inner Class detected. Reject building class initialisation methods. 
121347     DEBUG main            d.u.i.k.p.i.AbstractProblemLoader Init config took 2.78s 
121386     INFO  main            d.u.i.k.p.i.AbstractProblemLoader Replaying proof object.ObjectOrientation[object.ObjectOrientation::insecure_two_object_creation()].Non-interference contract.0 
121389     DEBUG main            d.u.i.k.p.i.IntermediateProofReplayer Proof replay took 15.5ns 
121389     DEBUG main            d.u.i.k.m.s.ProofScriptEngine [1] goal: 0, source line: 51, command: 'macro 'infflow-autopilot'' 
121434     DEBUG main            d.u.i.k.p.m.ProofCorrectnessMgt No justification found for rule Class_invariant_axiom_for_object_ObjectOrientation 
151341     INFO  main            d.u.i.k.p.r.p.TestFile    ... finished proof: open goal(s) 
151609     INFO  main            d.u.i.k.p.r.p.TestFile    Now processing file /home/runner/work/key/key/key.core/../key.ui/examples/InformationFlow/NewObjects/object.ObjectOrientation(object.ObjectOrientation__secure_two_object_creation()).Non-interference contract.0.m.key 
151610     INFO  main            d.u.i.k.p.i.AbstractProblemLoader Loading environment from /home/runner/work/key/key/key.core/../key.ui/examples/InformationFlow/NewObjects/object.ObjectOrientation(object.ObjectOrientation__secure_two_object_creation()).Non-interference contract.0.m.key 
151610     DEBUG main            d.u.i.k.p.i.AbstractProblemLoader Environment load took 72.2ns 
151611     INFO  main            d.u.i.k.p.i.AbstractProblemLoader Creating init config 
152485     DEBUG main            d.u.i.k.j.r.ClassPreparationMethodBuilder clPrepBuilder: Inner Class detected. Reject building class initialisation methods. 
154391     DEBUG main            d.u.i.k.p.i.AbstractProblemLoader Init config took 2.78s 
154429     INFO  main            d.u.i.k.p.i.AbstractProblemLoader Replaying proof object.ObjectOrientation[object.ObjectOrientation::secure_two_object_creation()].Non-interference contract.0 
154431     DEBUG main            d.u.i.k.p.i.IntermediateProofReplayer Proof replay took 15.6ns 
154432     DEBUG main            d.u.i.k.m.s.ProofScriptEngine [1] goal: 0, source line: 51, command: 'macro 'infflow-autopilot'' 
154460     DEBUG main            d.u.i.k.p.m.ProofCorrectnessMgt No justification found for rule Class_invariant_axiom_for_object_ObjectOrientation 
164615     INFO  main            d.u.i.k.p.r.p.TestFile    ... finished proof: closed. 
164929     INFO  main            d.u.i.k.p.r.p.TestFile    Now processing file /home/runner/work/key/key/key.core/../key.ui/examples/InformationFlow/NewObjects/object.ObjectOrientation(object.ObjectOrientation__insecure_object_assignment()).Non-interference contract.1.m.key 
164929     INFO  main            d.u.i.k.p.i.AbstractProblemLoader Loading environment from /home/runner/work/key/key/key.core/../key.ui/examples/InformationFlow/NewObjects/object.ObjectOrientation(object.ObjectOrientation__insecure_object_assignment()).Non-interference contract.1.m.key 
164930     DEBUG main            d.u.i.k.p.i.AbstractProblemLoader Environment load took 78.1ns 
164931     INFO  main            d.u.i.k.p.i.AbstractProblemLoader Creating init config 
165789     DEBUG main            d.u.i.k.j.r.ClassPreparationMethodBuilder clPrepBuilder: Inner Class detected. Reject building class initialisation methods. 
167680     DEBUG main            d.u.i.k.p.i.AbstractProblemLoader Init config took 2.75s 
167718     INFO  main            d.u.i.k.p.i.AbstractProblemLoader Replaying proof object.ObjectOrientation[object.ObjectOrientation::insecure_object_assignment()].Non-interference contract.1 
167720     DEBUG main            d.u.i.k.p.i.IntermediateProofReplayer Proof replay took 16.5ns 
167721     DEBUG main            d.u.i.k.m.s.ProofScriptEngine [1] goal: 0, source line: 51, command: 'macro 'infflow-autopilot'' 
167749     DEBUG main            d.u.i.k.p.m.ProofCorrectnessMgt No justification found for rule Class_invariant_axiom_for_object_ObjectOrientation 
176545     INFO  main            d.u.i.k.p.r.p.TestFile    ... finished proof: open goal(s) 
176787     INFO  main            d.u.i.k.p.r.p.TestFile    Now processing file /home/runner/work/key/key/key.core/../key.ui/examples/InformationFlow/NewObjects/object.ObjectOrientation(object.ObjectOrientation__insecure_object_assignment()).Non-interference contract.0.m.key 
176788     INFO  main            d.u.i.k.p.i.AbstractProblemLoader Loading environment from /home/runner/work/key/key/key.core/../key.ui/examples/InformationFlow/NewObjects/object.ObjectOrientation(object.ObjectOrientation__insecure_object_assignment()).Non-interference contract.0.m.key 
176788     DEBUG main            d.u.i.k.p.i.AbstractProblemLoader Environment load took 125.4ns 
176789     INFO  main            d.u.i.k.p.i.AbstractProblemLoader Creating init config 
177648     DEBUG main            d.u.i.k.j.r.ClassPreparationMethodBuilder clPrepBuilder: Inner Class detected. Reject building class initialisation methods. 
179566     DEBUG main            d.u.i.k.p.i.AbstractProblemLoader Init config took 2.78s 
179604     INFO  main            d.u.i.k.p.i.AbstractProblemLoader Replaying proof object.ObjectOrientation[object.ObjectOrientation::insecure_object_assignment()].Non-interference contract.0 
179607     DEBUG main            d.u.i.k.p.i.IntermediateProofReplayer Proof replay took 23.9ns 
179607     DEBUG main            d.u.i.k.m.s.ProofScriptEngine [1] goal: 0, source line: 51, command: 'macro 'infflow-autopilot'' 
179635     DEBUG main            d.u.i.k.p.m.ProofCorrectnessMgt No justification found for rule Class_invariant_axiom_for_object_ObjectOrientation 
179852     INFO  main            d.u.i.k.p.r.p.TestFile    ... finished proof: open goal(s) 
180079     INFO  main            d.u.i.k.p.r.p.TestFile    Now processing file /home/runner/work/key/key/key.core/../key.ui/examples/InformationFlow/NewObjects/object.ObjectOrientation(object.ObjectOrientation__secure_object_creation_3()).Non-interference contract.0.m.key 
180080     INFO  main            d.u.i.k.p.i.AbstractProblemLoader Loading environment from /home/runner/work/key/key/key.core/../key.ui/examples/InformationFlow/NewObjects/object.ObjectOrientation(object.ObjectOrientation__secure_object_creation_3()).Non-interference contract.0.m.key 
180080     DEBUG main            d.u.i.k.p.i.AbstractProblemLoader Environment load took 112.3ns 
180081     INFO  main            d.u.i.k.p.i.AbstractProblemLoader Creating init config 
180947     DEBUG main            d.u.i.k.j.r.ClassPreparationMethodBuilder clPrepBuilder: Inner Class detected. Reject building class initialisation methods. 
182890     DEBUG main            d.u.i.k.p.i.AbstractProblemLoader Init config took 2.81s 
182927     INFO  main            d.u.i.k.p.i.AbstractProblemLoader Replaying proof object.ObjectOrientation[object.ObjectOrientation::secure_object_creation_3()].Non-interference contract.0 
182930     DEBUG main            d.u.i.k.p.i.IntermediateProofReplayer Proof replay took 16.8ns 
182931     DEBUG main            d.u.i.k.m.s.ProofScriptEngine [1] goal: 0, source line: 51, command: 'macro 'infflow-autopilot'' 
182960     DEBUG main            d.u.i.k.p.m.ProofCorrectnessMgt No justification found for rule Class_invariant_axiom_for_object_ObjectOrientation 
183383     INFO  main            d.u.i.k.p.r.p.TestFile    ... finished proof: closed. 
183598     INFO  main            d.u.i.k.p.r.p.TestFile    Now processing file /home/runner/work/key/key/key.core/../key.ui/examples/InformationFlow/NewObjects/object.ObjectOrientation(object.ObjectOrientation__secure_object_creation_2()).Non-interference contract.0.m.key 
183598     INFO  main            d.u.i.k.p.i.AbstractProblemLoader Loading environment from /home/runner/work/key/key/key.core/../key.ui/examples/InformationFlow/NewObjects/object.ObjectOrientation(object.ObjectOrientation__secure_object_creation_2()).Non-interference contract.0.m.key 
183598     DEBUG main            d.u.i.k.p.i.AbstractProblemLoader Environment load took 77.9ns 
183599     INFO  main            d.u.i.k.p.i.AbstractProblemLoader Creating init config 
184468     DEBUG main            d.u.i.k.j.r.ClassPreparationMethodBuilder clPrepBuilder: Inner Class detected. Reject building class initialisation methods. 
186405     DEBUG main            d.u.i.k.p.i.AbstractProblemLoader Init config took 2.81s 
186446     INFO  main            d.u.i.k.p.i.AbstractProblemLoader Replaying proof object.ObjectOrientation[object.ObjectOrientation::secure_object_creation_2()].Non-interference contract.0 
186449     DEBUG main            d.u.i.k.p.i.IntermediateProofReplayer Proof replay took 16.4ns 
186450     DEBUG main            d.u.i.k.m.s.ProofScriptEngine [1] goal: 0, source line: 51, command: 'macro 'infflow-autopilot'' 
186480     DEBUG main            d.u.i.k.p.m.ProofCorrectnessMgt No justification found for rule Class_invariant_axiom_for_object_ObjectOrientation 
186746     INFO  main            d.u.i.k.p.r.p.TestFile    ... finished proof: closed. 
186953     INFO  main            d.u.i.k.p.r.p.TestFile    Now processing file /home/runner/work/key/key/key.core/../key.ui/examples/InformationFlow/NewObjects/object.ObjectOrientation(object.ObjectOrientation__secure_object_creation()).Non-interference contract.0.m.key 
186953     INFO  main            d.u.i.k.p.i.AbstractProblemLoader Loading environment from /home/runner/work/key/key/key.core/../key.ui/examples/InformationFlow/NewObjects/object.ObjectOrientation(object.ObjectOrientation__secure_object_creation()).Non-interference contract.0.m.key 
186953     DEBUG main            d.u.i.k.p.i.AbstractProblemLoader Environment load took 85.3ns 
186954     INFO  main            d.u.i.k.p.i.AbstractProblemLoader Creating init config 
187836     DEBUG main            d.u.i.k.j.r.ClassPreparationMethodBuilder clPrepBuilder: Inner Class detected. Reject building class initialisation methods. 
189766     DEBUG main            d.u.i.k.p.i.AbstractProblemLoader Init config took 2.81s 
189803     INFO  main            d.u.i.k.p.i.AbstractProblemLoader Replaying proof object.ObjectOrientation[object.ObjectOrientation::secure_object_creation()].Non-interference contract.0 
189805     DEBUG main            d.u.i.k.p.i.IntermediateProofReplayer Proof replay took 15.6ns 
189806     DEBUG main            d.u.i.k.m.s.ProofScriptEngine [1] goal: 0, source line: 51, command: 'macro 'infflow-autopilot'' 
189835     DEBUG main            d.u.i.k.p.m.ProofCorrectnessMgt No justification found for rule Class_invariant_axiom_for_object_ObjectOrientation 
190205     INFO  main            d.u.i.k.p.r.p.TestFile    ... finished proof: closed. 
190410     INFO  main            d.u.i.k.p.r.p.TestFile    Now processing file /home/runner/work/key/key/key.core/../key.ui/examples/InformationFlow/NewObjects/object.AmtoftBanerjee2(object.AmtoftBanerjee2__expensive(int)).Non-interference contract.0.m.key 
190410     INFO  main            d.u.i.k.p.i.AbstractProblemLoader Loading environment from /home/runner/work/key/key/key.core/../key.ui/examples/InformationFlow/NewObjects/object.AmtoftBanerjee2(object.AmtoftBanerjee2__expensive(int)).Non-interference contract.0.m.key 
190410     DEBUG main            d.u.i.k.p.i.AbstractProblemLoader Environment load took 73.4ns 
190411     INFO  main            d.u.i.k.p.i.AbstractProblemLoader Creating init config 
191284     DEBUG main            d.u.i.k.j.r.ClassPreparationMethodBuilder clPrepBuilder: Inner Class detected. Reject building class initialisation methods. 
193232     DEBUG main            d.u.i.k.p.i.AbstractProblemLoader Init config took 2.82s 
193278     INFO  main            d.u.i.k.p.i.AbstractProblemLoader Replaying proof object.AmtoftBanerjee2[object.AmtoftBanerjee2::expensive(int)].Non-interference contract.0 
193280     DEBUG main            d.u.i.k.p.i.IntermediateProofReplayer Proof replay took 17.3ns 
193281     DEBUG main            d.u.i.k.m.s.ProofScriptEngine [1] goal: 0, source line: 51, command: 'macro 'infflow-autopilot'' 
193380     INFO  main            d.u.i.k.p.r.p.TestFile    ... finished proof: closed. 
193589     INFO  main            d.u.i.k.p.r.p.TestFile    Now processing file /home/runner/work/key/key/key.core/../key.ui/examples/InformationFlow/NewObjects/object.AmtoftBanerjee2(object.AmtoftBanerjee2__cexp(int)).Non-interference contract.0.m.key 
193590     INFO  main            d.u.i.k.p.i.AbstractProblemLoader Loading environment from /home/runner/work/key/key/key.core/../key.ui/examples/InformationFlow/NewObjects/object.AmtoftBanerjee2(object.AmtoftBanerjee2__cexp(int)).Non-interference contract.0.m.key 
193590     DEBUG main            d.u.i.k.p.i.AbstractProblemLoader Environment load took 120.1ns 
193591     INFO  main            d.u.i.k.p.i.AbstractProblemLoader Creating init config 
194456     DEBUG main            d.u.i.k.j.r.ClassPreparationMethodBuilder clPrepBuilder: Inner Class detected. Reject building class initialisation methods. 
196364     DEBUG main            d.u.i.k.p.i.AbstractProblemLoader Init config took 2.77s 
196411     INFO  main            d.u.i.k.p.i.AbstractProblemLoader Replaying proof object.AmtoftBanerjee2[object.AmtoftBanerjee2::cexp(int)].Non-interference contract.0 
196414     DEBUG main            d.u.i.k.p.i.IntermediateProofReplayer Proof replay took 17.2ns 
196414     DEBUG main            d.u.i.k.m.s.ProofScriptEngine [1] goal: 0, source line: 51, command: 'macro 'infflow-autopilot'' 
196446     DEBUG main            d.u.i.k.p.m.ProofCorrectnessMgt No justification found for rule Class_invariant_axiom_for_object_AmtoftBanerjee2 
197965     INFO  main            d.u.i.k.p.r.p.TestFile    ... finished proof: closed. 
2526232    INFO  Test worker     d.u.i.k.p.r.RunAllProofsTestUnit Returning from test NewObjects_fullmacro 
2526235    INFO  Test worker     d.u.i.k.p.r.RunAllProofsTestUnit Running test SimpleEvoting_fullmacro 
363        INFO  Timeout watchdog d.u.i.k.p.r.p.ForkedTestFileRunner Timeout watcher launched (1000 secs.) 
374        WARN  main            d.u.i.k.s.ProofSettings   The settings in /home/runner/.key/proof-settings.props are *not* read. 
398        INFO  main            d.u.i.k.p.r.p.TestFile    Now processing file /home/runner/work/key/key/key.core/../key.ui/examples/InformationFlow/SimpleEvoting/simple_evoting.Environment(simple_evoting.Environment__untrustedOutputMessage((B)).Non-interference contract.0.m.key 
551        INFO  main            d.u.i.k.p.i.AbstractProblemLoader Loading environment from /home/runner/work/key/key/key.core/../key.ui/examples/InformationFlow/SimpleEvoting/simple_evoting.Environment(simple_evoting.Environment__untrustedOutputMessage((B)).Non-interference contract.0.m.key 
570        DEBUG main            d.u.i.k.p.i.AbstractProblemLoader Environment load took 2.07ms 
798        INFO  main            d.u.i.k.p.i.AbstractProblemLoader Creating init config 
1730       DEBUG main            d.u.i.k.j.TypeConverter   No LDT found for Meta 
1730       DEBUG main            d.u.i.k.j.TypeConverter   No LDT found for Meta 
1731       DEBUG main            d.u.i.k.j.TypeConverter   No LDT found for Meta 
1732       DEBUG main            d.u.i.k.j.TypeConverter   No LDT found for Meta 
3149       DEBUG main            d.u.i.k.j.TypeConverter   No LDT found for JavaBigintExpression 
9593       DEBUG main            d.u.i.k.p.i.AbstractProblemLoader Init config took 8.79s 
9815       INFO  main            d.u.i.k.p.i.AbstractProblemLoader Replaying proof simple_evoting.Environment[simple_evoting.Environment::untrustedOutputMessage([B)].Non-interference contract.0 
9921       DEBUG main            d.u.i.k.p.i.IntermediateProofReplayer Proof replay took 342.1ns 
10009      DEBUG main            d.u.i.k.m.s.ProofScriptEngine [1] goal: 0, source line: 51, command: 'macro 'infflow-autopilot'' 
10590      DEBUG main            d.u.i.k.p.m.ProofCorrectnessMgt No justification found for rule JML_represents_clause_for_simple_evoting_Environment_rep 
10792      DEBUG main            d.u.i.k.p.m.ProofCorrectnessMgt No justification found for rule JML_represents_clause_for_simple_evoting_Environment_rep 
11883      DEBUG main            d.u.i.k.p.m.ProofCorrectnessMgt No justification found for rule JML_represents_clause_for_simple_evoting_Environment_rep 
12416      DEBUG main            d.u.i.k.p.m.ProofCorrectnessMgt No justification found for rule JML_represents_clause_for_simple_evoting_Environment_rep 
13718      DEBUG main            d.u.i.k.p.m.ProofCorrectnessMgt No justification found for rule JML_represents_clause_for_simple_evoting_Environment_rep 
15776      INFO  main            d.u.i.k.p.r.p.TestFile    ... finished proof: closed. 
15981      INFO  main            d.u.i.k.p.r.p.TestFile    Now processing file /home/runner/work/key/key/key.core/../key.ui/examples/InformationFlow/SimpleEvoting/simple_evoting.Environment(simple_evoting.Environment__untrustedInputMessage()).Non-interference contract.0.m.key 
15982      INFO  main            d.u.i.k.p.i.AbstractProblemLoader Loading environment from /home/runner/work/key/key/key.core/../key.ui/examples/InformationFlow/SimpleEvoting/simple_evoting.Environment(simple_evoting.Environment__untrustedInputMessage()).Non-interference contract.0.m.key 
15982      DEBUG main            d.u.i.k.p.i.AbstractProblemLoader Environment load took 340.9ns 
15984      INFO  main            d.u.i.k.p.i.AbstractProblemLoader Creating init config 
19599      DEBUG main            d.u.i.k.p.i.AbstractProblemLoader Init config took 3.62s 
19672      INFO  main            d.u.i.k.p.i.AbstractProblemLoader Replaying proof simple_evoting.Environment[simple_evoting.Environment::untrustedInputMessage()].Non-interference contract.0 
19675      DEBUG main            d.u.i.k.p.i.IntermediateProofReplayer Proof replay took 14.1ns 
19676      DEBUG main            d.u.i.k.m.s.ProofScriptEngine [1] goal: 0, source line: 51, command: 'macro 'infflow-autopilot'' 
19753      DEBUG main            d.u.i.k.p.m.ProofCorrectnessMgt No justification found for rule JML_represents_clause_for_simple_evoting_Environment_rep 
20022      DEBUG main            d.u.i.k.p.m.ProofCorrectnessMgt No justification found for rule JML_represents_clause_for_simple_evoting_Environment_rep 
22683      INFO  main            d.u.i.k.p.r.p.TestFile    ... finished proof: closed. 
22869      INFO  main            d.u.i.k.p.r.p.TestFile    Now processing file /home/runner/work/key/key/key.core/../key.ui/examples/InformationFlow/SimpleEvoting/simple_evoting.Environment(simple_evoting.Environment__untrustedOutput(int)).Non-interference contract.0.m.key 
22873      INFO  main            d.u.i.k.p.i.AbstractProblemLoader Loading environment from /home/runner/work/key/key/key.core/../key.ui/examples/InformationFlow/SimpleEvoting/simple_evoting.Environment(simple_evoting.Environment__untrustedOutput(int)).Non-interference contract.0.m.key 
22874      DEBUG main            d.u.i.k.p.i.AbstractProblemLoader Environment load took 141.8ns 
22875      INFO  main            d.u.i.k.p.i.AbstractProblemLoader Creating init config 
26163      DEBUG main            d.u.i.k.p.i.AbstractProblemLoader Init config took 3.29s 
26247      INFO  main            d.u.i.k.p.i.AbstractProblemLoader Replaying proof simple_evoting.Environment[simple_evoting.Environment::untrustedOutput(int)].Non-interference contract.0 
26250      DEBUG main            d.u.i.k.p.i.IntermediateProofReplayer Proof replay took 15.2ns 
26251      DEBUG main            d.u.i.k.m.s.ProofScriptEngine [1] goal: 0, source line: 51, command: 'macro 'infflow-autopilot'' 
26332      INFO  main            d.u.i.k.p.r.p.TestFile    ... finished proof: closed. 
26539      INFO  main            d.u.i.k.p.r.p.TestFile    Now processing file /home/runner/work/key/key/key.core/../key.ui/examples/InformationFlow/SimpleEvoting/simple_evoting.Environment(simple_evoting.Environment__untrustedInput(int)).Non-interference contract.0.m.key 
26540      INFO  main            d.u.i.k.p.i.AbstractProblemLoader Loading environment from /home/runner/work/key/key/key.core/../key.ui/examples/InformationFlow/SimpleEvoting/simple_evoting.Environment(simple_evoting.Environment__untrustedInput(int)).Non-interference contract.0.m.key 
26540      DEBUG main            d.u.i.k.p.i.AbstractProblemLoader Environment load took 102ns 
26541      INFO  main            d.u.i.k.p.i.AbstractProblemLoader Creating init config 
29723      DEBUG main            d.u.i.k.p.i.AbstractProblemLoader Init config took 3.18s 
29786      INFO  main            d.u.i.k.p.i.AbstractProblemLoader Replaying proof simple_evoting.Environment[simple_evoting.Environment::untrustedInput(int)].Non-interference contract.0 
29789      DEBUG main            d.u.i.k.p.i.IntermediateProofReplayer Proof replay took 13.5ns 
29790      DEBUG main            d.u.i.k.m.s.ProofScriptEngine [1] goal: 0, source line: 51, command: 'macro 'infflow-autopilot'' 
29892      INFO  main            d.u.i.k.p.r.p.TestFile    ... finished proof: open goal(s) 
30037      INFO  main            d.u.i.k.p.r.p.TestFile    Now processing file /home/runner/work/key/key/key.core/../key.ui/examples/InformationFlow/SimpleEvoting/simple_evoting.Environment(simple_evoting.Environment__untrustedInput()).Non-interference contract.0.m.key 
30037      INFO  main            d.u.i.k.p.i.AbstractProblemLoader Loading environment from /home/runner/work/key/key/key.core/../key.ui/examples/InformationFlow/SimpleEvoting/simple_evoting.Environment(simple_evoting.Environment__untrustedInput()).Non-interference contract.0.m.key 
30037      DEBUG main            d.u.i.k.p.i.AbstractProblemLoader Environment load took 89.4ns 
30040      INFO  main            d.u.i.k.p.i.AbstractProblemLoader Creating init config 
33214      DEBUG main            d.u.i.k.p.i.AbstractProblemLoader Init config took 3.17s 
33276      INFO  main            d.u.i.k.p.i.AbstractProblemLoader Replaying proof simple_evoting.Environment[simple_evoting.Environment::untrustedInput()].Non-interference contract.0 
33278      DEBUG main            d.u.i.k.p.i.IntermediateProofReplayer Proof replay took 16ns 
33279      DEBUG main            d.u.i.k.m.s.ProofScriptEngine [1] goal: 0, source line: 51, command: 'macro 'infflow-autopilot'' 
33366      INFO  main            d.u.i.k.p.r.p.TestFile    ... finished proof: open goal(s) 
33531      INFO  main            d.u.i.k.p.r.p.TestFile    Now processing file /home/runner/work/key/key/key.core/../key.ui/examples/InformationFlow/SimpleEvoting/simple_evoting.SMT(simple_evoting.SMT__send(simple_evoting.Message,int,simple_evoting.Server)).Non-interference contract.1.m.key 
33532      INFO  main            d.u.i.k.p.i.AbstractProblemLoader Loading environment from /home/runner/work/key/key/key.core/../key.ui/examples/InformationFlow/SimpleEvoting/simple_evoting.SMT(simple_evoting.SMT__send(simple_evoting.Message,int,simple_evoting.Server)).Non-interference contract.1.m.key 
33532      DEBUG main            d.u.i.k.p.i.AbstractProblemLoader Environment load took 109.8ns 
33533      INFO  main            d.u.i.k.p.i.AbstractProblemLoader Creating init config 
36707      DEBUG main            d.u.i.k.p.i.AbstractProblemLoader Init config took 3.17s 
36778      INFO  main            d.u.i.k.p.i.AbstractProblemLoader Replaying proof simple_evoting.SMT[simple_evoting.SMT::send(simple_evoting.Message,int,simple_evoting.Server)].Non-interference contract.1 
36780      DEBUG main            d.u.i.k.p.i.IntermediateProofReplayer Proof replay took 14.9ns 
36781      DEBUG main            d.u.i.k.m.s.ProofScriptEngine [1] goal: 0, source line: 51, command: 'macro 'infflow-autopilot'' 
36834      DEBUG main            d.u.i.k.p.m.ProofCorrectnessMgt No justification found for rule Class_invariant_axiom_for_simple_evoting_Server 
36842      DEBUG main            d.u.i.k.p.m.ProofCorrectnessMgt No justification found for rule Class_invariant_axiom_for_simple_evoting_Message 
36884      DEBUG main            d.u.i.k.p.m.ProofCorrectnessMgt No justification found for rule JML_represents_clause_for_simple_evoting_Environment_rep 
37124      DEBUG main            d.u.i.k.p.m.ProofCorrectnessMgt No justification found for rule Class_invariant_axiom_for_simple_evoting_Server 
37212      DEBUG main            d.u.i.k.p.m.ProofCorrectnessMgt No justification found for rule Class_invariant_axiom_for_simple_evoting_Message 
37244      DEBUG main            d.u.i.k.p.m.ProofCorrectnessMgt No justification found for rule Class_invariant_axiom_for_simple_evoting_Server 
37282      DEBUG main            d.u.i.k.p.m.ProofCorrectnessMgt No justification found for rule Class_invariant_axiom_for_simple_evoting_Message 
38337      DEBUG main            d.u.i.k.p.m.ProofCorrectnessMgt No justification found for rule Class_invariant_axiom_for_simple_evoting_Server 
38550      DEBUG main            d.u.i.k.p.m.ProofCorrectnessMgt No justification found for rule Class_invariant_axiom_for_simple_evoting_Message 
38620      DEBUG main            d.u.i.k.p.m.ProofCorrectnessMgt No justification found for rule Class_invariant_axiom_for_simple_evoting_Message 
38648      DEBUG main            d.u.i.k.p.m.ProofCorrectnessMgt No justification found for rule Class_invariant_axiom_for_simple_evoting_Server 
38706      DEBUG main            d.u.i.k.p.m.ProofCorrectnessMgt No justification found for rule Class_invariant_axiom_for_simple_evoting_Message 
38721      DEBUG main            d.u.i.k.p.m.ProofCorrectnessMgt No justification found for rule Class_invariant_axiom_for_simple_evoting_Message 
38740      DEBUG main            d.u.i.k.p.m.ProofCorrectnessMgt No justification found for rule Class_invariant_axiom_for_simple_evoting_Server 
38797      DEBUG main            d.u.i.k.p.m.ProofCorrectnessMgt No justification found for rule Class_invariant_axiom_for_simple_evoting_Server 
39042      DEBUG main            d.u.i.k.p.m.ProofCorrectnessMgt No justification found for rule Class_invariant_axiom_for_simple_evoting_Message 
39069      DEBUG main            d.u.i.k.p.m.ProofCorrectnessMgt No justification found for rule Class_invariant_axiom_for_simple_evoting_Server 
39114      DEBUG main            d.u.i.k.p.m.ProofCorrectnessMgt No justification found for rule Class_invariant_axiom_for_simple_evoting_Server 
39163      DEBUG main            d.u.i.k.p.m.ProofCorrectnessMgt No justification found for rule Class_invariant_axiom_for_simple_evoting_Message 
39195      DEBUG main            d.u.i.k.p.m.ProofCorrectnessMgt No justification found for rule Class_invariant_axiom_for_simple_evoting_Server 
39226      DEBUG main            d.u.i.k.p.m.ProofCorrectnessMgt No justification found for rule Class_invariant_axiom_for_simple_evoting_Server 
39296      DEBUG main            d.u.i.k.p.m.ProofCorrectnessMgt No justification found for rule Class_invariant_axiom_for_simple_evoting_Server 
39359      DEBUG main            d.u.i.k.p.m.ProofCorrectnessMgt No justification found for rule Class_invariant_axiom_for_simple_evoting_Message 
39445      DEBUG main            d.u.i.k.p.m.ProofCorrectnessMgt No justification found for rule Class_invariant_axiom_for_simple_evoting_Server 
39504      DEBUG main            d.u.i.k.p.m.ProofCorrectnessMgt No justification found for rule Class_invariant_axiom_for_simple_evoting_Server 
39552      DEBUG main            d.u.i.k.p.m.ProofCorrectnessMgt No justification found for rule Class_invariant_axiom_for_simple_evoting_Message 
39570      DEBUG main            d.u.i.k.p.m.ProofCorrectnessMgt No justification found for rule Class_invariant_axiom_for_simple_evoting_Message 
39602      DEBUG main            d.u.i.k.p.m.ProofCorrectnessMgt No justification found for rule Class_invariant_axiom_for_simple_evoting_Server 
39666      DEBUG main            d.u.i.k.p.m.ProofCorrectnessMgt No justification found for rule Class_invariant_axiom_for_simple_evoting_Message 
39693      DEBUG main            d.u.i.k.p.m.ProofCorrectnessMgt No justification found for rule Class_invariant_axiom_for_simple_evoting_Message 
39737      DEBUG main            d.u.i.k.p.m.ProofCorrectnessMgt No justification found for rule Class_invariant_axiom_for_simple_evoting_Server 
39832      DEBUG main            d.u.i.k.p.m.ProofCorrectnessMgt No justification found for rule Class_invariant_axiom_for_simple_evoting_Message 
39865      DEBUG main            d.u.i.k.p.m.ProofCorrectnessMgt No justification found for rule Class_invariant_axiom_for_simple_evoting_Server 
39949      DEBUG main            d.u.i.k.p.m.ProofCorrectnessMgt No justification found for rule Class_invariant_axiom_for_simple_evoting_Message 
39985      DEBUG main            d.u.i.k.p.m.ProofCorrectnessMgt No justification found for rule Class_invariant_axiom_for_simple_evoting_Server 
40052      DEBUG main            d.u.i.k.p.m.ProofCorrectnessMgt No justification found for rule Class_invariant_axiom_for_simple_evoting_Message 
40080      DEBUG main            d.u.i.k.p.m.ProofCorrectnessMgt No justification found for rule Class_invariant_axiom_for_simple_evoting_Server 
40139      DEBUG main            d.u.i.k.p.m.ProofCorrectnessMgt No justification found for rule Class_invariant_axiom_for_simple_evoting_Message 
40166      DEBUG main            d.u.i.k.p.m.ProofCorrectnessMgt No justification found for rule Class_invariant_axiom_for_simple_evoting_Server 
40286      DEBUG main            d.u.i.k.p.m.ProofCorrectnessMgt No justification found for rule Class_invariant_axiom_for_simple_evoting_Server 
40359      DEBUG main            d.u.i.k.p.m.ProofCorrectnessMgt No justification found for rule Class_invariant_axiom_for_simple_evoting_Message 
40391      DEBUG main            d.u.i.k.p.m.ProofCorrectnessMgt No justification found for rule Class_invariant_axiom_for_simple_evoting_Message 
41410      DEBUG main            d.u.i.k.p.m.ProofCorrectnessMgt No justification found for rule JML_represents_clause_for_simple_evoting_Environment_rep 
41453      DEBUG main            d.u.i.k.p.m.ProofCorrectnessMgt No justification found for rule Class_invariant_axiom_for_simple_evoting_Message 
41498      DEBUG main            d.u.i.k.p.m.ProofCorrectnessMgt No justification found for rule Class_invariant_axiom_for_simple_evoting_Message 
41537      DEBUG main            d.u.i.k.p.m.ProofCorrectnessMgt No justification found for rule Class_invariant_axiom_for_simple_evoting_Message 
41580      DEBUG main            d.u.i.k.p.m.ProofCorrectnessMgt No justification found for rule Class_invariant_axiom_for_simple_evoting_Message 
41618      DEBUG main            d.u.i.k.p.m.ProofCorrectnessMgt No justification found for rule Class_invariant_axiom_for_simple_evoting_Message 
41661      DEBUG main            d.u.i.k.p.m.ProofCorrectnessMgt No justification found for rule Class_invariant_axiom_for_simple_evoting_Message 
41700      DEBUG main            d.u.i.k.p.m.ProofCorrectnessMgt No justification found for rule Class_invariant_axiom_for_simple_evoting_Message 
41744      DEBUG main            d.u.i.k.p.m.ProofCorrectnessMgt No justification found for rule Class_invariant_axiom_for_simple_evoting_Message 
41782      DEBUG main            d.u.i.k.p.m.ProofCorrectnessMgt No justification found for rule Class_invariant_axiom_for_simple_evoting_Message 
41825      DEBUG main            d.u.i.k.p.m.ProofCorrectnessMgt No justification found for rule Class_invariant_axiom_for_simple_evoting_Message 
41891      DEBUG main            d.u.i.k.p.m.ProofCorrectnessMgt No justification found for rule Class_invariant_axiom_for_simple_evoting_Message 
42103      DEBUG main            d.u.i.k.p.m.ProofCorrectnessMgt No justification found for rule Class_invariant_axiom_for_simple_evoting_Server 
42192      DEBUG main            d.u.i.k.p.m.ProofCorrectnessMgt No justification found for rule Class_invariant_axiom_for_simple_evoting_Server 
42274      DEBUG main            d.u.i.k.p.m.ProofCorrectnessMgt No justification found for rule Class_invariant_axiom_for_simple_evoting_Server 
42336      DEBUG main            d.u.i.k.p.m.ProofCorrectnessMgt No justification found for rule Class_invariant_axiom_for_simple_evoting_Server 
42408      DEBUG main            d.u.i.k.p.m.ProofCorrectnessMgt No justification found for rule Class_invariant_axiom_for_simple_evoting_Server 
42478      DEBUG main            d.u.i.k.p.m.ProofCorrectnessMgt No justification found for rule Class_invariant_axiom_for_simple_evoting_Server 
42578      DEBUG main            d.u.i.k.p.m.ProofCorrectnessMgt No justification found for rule Class_invariant_axiom_for_simple_evoting_Server 
42653      DEBUG main            d.u.i.k.p.m.ProofCorrectnessMgt No justification found for rule Class_invariant_axiom_for_simple_evoting_Server 
42715      DEBUG main            d.u.i.k.p.m.ProofCorrectnessMgt No justification found for rule Class_invariant_axiom_for_simple_evoting_Server 
42790      DEBUG main            d.u.i.k.p.m.ProofCorrectnessMgt No justification found for rule Class_invariant_axiom_for_simple_evoting_Server 
42899      DEBUG main            d.u.i.k.p.m.ProofCorrectnessMgt No justification found for rule Class_invariant_axiom_for_simple_evoting_Server 
42975      DEBUG main            d.u.i.k.p.m.ProofCorrectnessMgt No justification found for rule Class_invariant_axiom_for_simple_evoting_Server 
57888      DEBUG main            d.u.i.k.p.m.ProofCorrectnessMgt No justification found for rule Class_invariant_axiom_for_simple_evoting_Message 
57952      DEBUG main            d.u.i.k.p.m.ProofCorrectnessMgt No justification found for rule Class_invariant_axiom_for_simple_evoting_Server 
58034      DEBUG main            d.u.i.k.p.m.ProofCorrectnessMgt No justification found for rule Class_invariant_axiom_for_simple_evoting_Server 
58079      DEBUG main            d.u.i.k.p.m.ProofCorrectnessMgt No justification found for rule Class_invariant_axiom_for_simple_evoting_Message 
58142      DEBUG main            d.u.i.k.p.m.ProofCorrectnessMgt No justification found for rule Class_invariant_axiom_for_simple_evoting_Server 
58183      DEBUG main            d.u.i.k.p.m.ProofCorrectnessMgt No justification found for rule Class_invariant_axiom_for_simple_evoting_Message 
78941      INFO  main            d.u.i.k.p.r.p.TestFile    ... finished proof: closed. 
79311      INFO  main            d.u.i.k.p.r.p.TestFile    Now processing file /home/runner/work/key/key/key.core/../key.ui/examples/InformationFlow/SimpleEvoting/simple_evoting.SMT(simple_evoting.SMT__send(simple_evoting.Message,int,simple_evoting.Server)).Non-interference contract.0.m.key 
79311      INFO  main            d.u.i.k.p.i.AbstractProblemLoader Loading environment from /home/runner/work/key/key/key.core/../key.ui/examples/InformationFlow/SimpleEvoting/simple_evoting.SMT(simple_evoting.SMT__send(simple_evoting.Message,int,simple_evoting.Server)).Non-interference contract.0.m.key 
79312      DEBUG main            d.u.i.k.p.i.AbstractProblemLoader Environment load took 92.1ns 
79313      INFO  main            d.u.i.k.p.i.AbstractProblemLoader Creating init config 
82434      DEBUG main            d.u.i.k.p.i.AbstractProblemLoader Init config took 3.12s 
82509      INFO  main            d.u.i.k.p.i.AbstractProblemLoader Replaying proof simple_evoting.SMT[simple_evoting.SMT::send(simple_evoting.Message,int,simple_evoting.Server)].Non-interference contract.0 
82511      DEBUG main            d.u.i.k.p.i.IntermediateProofReplayer Proof replay took 17.2ns 
82512      DEBUG main            d.u.i.k.m.s.ProofScriptEngine [1] goal: 0, source line: 51, command: 'macro 'infflow-autopilot'' 
82592      DEBUG main            d.u.i.k.p.m.ProofCorrectnessMgt No justification found for rule Class_invariant_axiom_for_simple_evoting_Server 
82599      DEBUG main            d.u.i.k.p.m.ProofCorrectnessMgt No justification found for rule Class_invariant_axiom_for_simple_evoting_Message 
82640      DEBUG main            d.u.i.k.p.m.ProofCorrectnessMgt No justification found for rule JML_represents_clause_for_simple_evoting_Environment_rep 
82859      DEBUG main            d.u.i.k.p.m.ProofCorrectnessMgt No justification found for rule Class_invariant_axiom_for_simple_evoting_Server 
82940      DEBUG main            d.u.i.k.p.m.ProofCorrectnessMgt No justification found for rule Class_invariant_axiom_for_simple_evoting_Message 
82970      DEBUG main            d.u.i.k.p.m.ProofCorrectnessMgt No justification found for rule Class_invariant_axiom_for_simple_evoting_Message 
82980      DEBUG main            d.u.i.k.p.m.ProofCorrectnessMgt No justification found for rule Class_invariant_axiom_for_simple_evoting_Server 
84012      DEBUG main            d.u.i.k.p.m.ProofCorrectnessMgt No justification found for rule Class_invariant_axiom_for_simple_evoting_Server 
84159      DEBUG main            d.u.i.k.p.m.ProofCorrectnessMgt No justification found for rule Class_invariant_axiom_for_simple_evoting_Message 
84226      DEBUG main            d.u.i.k.p.m.ProofCorrectnessMgt No justification found for rule Class_invariant_axiom_for_simple_evoting_Message 
84250      DEBUG main            d.u.i.k.p.m.ProofCorrectnessMgt No justification found for rule Class_invariant_axiom_for_simple_evoting_Server 
84315      DEBUG main            d.u.i.k.p.m.ProofCorrectnessMgt No justification found for rule Class_invariant_axiom_for_simple_evoting_Server 
84385      DEBUG main            d.u.i.k.p.m.ProofCorrectnessMgt No justification found for rule Class_invariant_axiom_for_simple_evoting_Message 
84409      DEBUG main            d.u.i.k.p.m.ProofCorrectnessMgt No justification found for rule Class_invariant_axiom_for_simple_evoting_Server 
84664      DEBUG main            d.u.i.k.p.m.ProofCorrectnessMgt No justification found for rule Class_invariant_axiom_for_simple_evoting_Message 
84689      DEBUG main            d.u.i.k.p.m.ProofCorrectnessMgt No justification found for rule Class_invariant_axiom_for_simple_evoting_Message 
84755      DEBUG main            d.u.i.k.p.m.ProofCorrectnessMgt No justification found for rule Class_invariant_axiom_for_simple_evoting_Server 
84819      DEBUG main            d.u.i.k.p.m.ProofCorrectnessMgt No justification found for rule Class_invariant_axiom_for_simple_evoting_Message 
84844      DEBUG main            d.u.i.k.p.m.ProofCorrectnessMgt No justification found for rule Class_invariant_axiom_for_simple_evoting_Message 
84864      DEBUG main            d.u.i.k.p.m.ProofCorrectnessMgt No justification found for rule Class_invariant_axiom_for_simple_evoting_Server 
84912      DEBUG main            d.u.i.k.p.m.ProofCorrectnessMgt No justification found for rule Class_invariant_axiom_for_simple_evoting_Message 
84934      DEBUG main            d.u.i.k.p.m.ProofCorrectnessMgt No justification found for rule Class_invariant_axiom_for_simple_evoting_Message 
84961      DEBUG main            d.u.i.k.p.m.ProofCorrectnessMgt No justification found for rule Class_invariant_axiom_for_simple_evoting_Server 
85046      DEBUG main            d.u.i.k.p.m.ProofCorrectnessMgt No justification found for rule Class_invariant_axiom_for_simple_evoting_Server 
85082      DEBUG main            d.u.i.k.p.m.ProofCorrectnessMgt No justification found for rule Class_invariant_axiom_for_simple_evoting_Message 
85104      DEBUG main            d.u.i.k.p.m.ProofCorrectnessMgt No justification found for rule Class_invariant_axiom_for_simple_evoting_Server 
85160      DEBUG main            d.u.i.k.p.m.ProofCorrectnessMgt No justification found for rule Class_invariant_axiom_for_simple_evoting_Server 
85207      DEBUG main            d.u.i.k.p.m.ProofCorrectnessMgt No justification found for rule Class_invariant_axiom_for_simple_evoting_Server 
85237      DEBUG main            d.u.i.k.p.m.ProofCorrectnessMgt No justification found for rule Class_invariant_axiom_for_simple_evoting_Server 
85282      DEBUG main            d.u.i.k.p.m.ProofCorrectnessMgt No justification found for rule Class_invariant_axiom_for_simple_evoting_Server 
85373      DEBUG main            d.u.i.k.p.m.ProofCorrectnessMgt No justification found for rule Class_invariant_axiom_for_simple_evoting_Server 
85452      DEBUG main            d.u.i.k.p.m.ProofCorrectnessMgt No justification found for rule Class_invariant_axiom_for_simple_evoting_Message 
85481      DEBUG main            d.u.i.k.p.m.ProofCorrectnessMgt No justification found for rule Class_invariant_axiom_for_simple_evoting_Message 
85505      DEBUG main            d.u.i.k.p.m.ProofCorrectnessMgt No justification found for rule Class_invariant_axiom_for_simple_evoting_Message 
85539      DEBUG main            d.u.i.k.p.m.ProofCorrectnessMgt No justification found for rule Class_invariant_axiom_for_simple_evoting_Server 
85612      DEBUG main            d.u.i.k.p.m.ProofCorrectnessMgt No justification found for rule Class_invariant_axiom_for_simple_evoting_Message 
85639      DEBUG main            d.u.i.k.p.m.ProofCorrectnessMgt No justification found for rule Class_invariant_axiom_for_simple_evoting_Server 
85874      DEBUG main            d.u.i.k.p.m.ProofCorrectnessMgt No justification found for rule Class_invariant_axiom_for_simple_evoting_Server 
85956      DEBUG main            d.u.i.k.p.m.ProofCorrectnessMgt No justification found for rule Class_invariant_axiom_for_simple_evoting_Message 
85988      DEBUG main            d.u.i.k.p.m.ProofCorrectnessMgt No justification found for rule Class_invariant_axiom_for_simple_evoting_Message 
86015      DEBUG main            d.u.i.k.p.m.ProofCorrectnessMgt No justification found for rule Class_invariant_axiom_for_simple_evoting_Message 
86051      DEBUG main            d.u.i.k.p.m.ProofCorrectnessMgt No justification found for rule Class_invariant_axiom_for_simple_evoting_Message 
86085      DEBUG main            d.u.i.k.p.m.ProofCorrectnessMgt No justification found for rule Class_invariant_axiom_for_simple_evoting_Server 
86147      DEBUG main            d.u.i.k.p.m.ProofCorrectnessMgt No justification found for rule Class_invariant_axiom_for_simple_evoting_Server 
86193      DEBUG main            d.u.i.k.p.m.ProofCorrectnessMgt No justification found for rule Class_invariant_axiom_for_simple_evoting_Server 
87068      DEBUG main            d.u.i.k.p.m.ProofCorrectnessMgt No justification found for rule JML_represents_clause_for_simple_evoting_Environment_rep 
87199      DEBUG main            d.u.i.k.p.m.ProofCorrectnessMgt No justification found for rule Class_invariant_axiom_for_simple_evoting_Message 
87238      DEBUG main            d.u.i.k.p.m.ProofCorrectnessMgt No justification found for rule Class_invariant_axiom_for_simple_evoting_Message 
87273      DEBUG main            d.u.i.k.p.m.ProofCorrectnessMgt No justification found for rule Class_invariant_axiom_for_simple_evoting_Message 
87311      DEBUG main            d.u.i.k.p.m.ProofCorrectnessMgt No justification found for rule Class_invariant_axiom_for_simple_evoting_Message 
87347      DEBUG main            d.u.i.k.p.m.ProofCorrectnessMgt No justification found for rule Class_invariant_axiom_for_simple_evoting_Message 
87385      DEBUG main            d.u.i.k.p.m.ProofCorrectnessMgt No justification found for rule Class_invariant_axiom_for_simple_evoting_Message 
87419      DEBUG main            d.u.i.k.p.m.ProofCorrectnessMgt No justification found for rule Class_invariant_axiom_for_simple_evoting_Message 
87458      DEBUG main            d.u.i.k.p.m.ProofCorrectnessMgt No justification found for rule Class_invariant_axiom_for_simple_evoting_Message 
87492      DEBUG main            d.u.i.k.p.m.ProofCorrectnessMgt No justification found for rule Class_invariant_axiom_for_simple_evoting_Message 
87532      DEBUG main            d.u.i.k.p.m.ProofCorrectnessMgt No justification found for rule Class_invariant_axiom_for_simple_evoting_Message 
87778      DEBUG main            d.u.i.k.p.m.ProofCorrectnessMgt No justification found for rule Class_invariant_axiom_for_simple_evoting_Server 
87889      DEBUG main            d.u.i.k.p.m.ProofCorrectnessMgt No justification found for rule Class_invariant_axiom_for_simple_evoting_Server 
87970      DEBUG main            d.u.i.k.p.m.ProofCorrectnessMgt No justification found for rule Class_invariant_axiom_for_simple_evoting_Server 
88033      DEBUG main            d.u.i.k.p.m.ProofCorrectnessMgt No justification found for rule Class_invariant_axiom_for_simple_evoting_Server 
88108      DEBUG main            d.u.i.k.p.m.ProofCorrectnessMgt No justification found for rule Class_invariant_axiom_for_simple_evoting_Server 
88170      DEBUG main            d.u.i.k.p.m.ProofCorrectnessMgt No justification found for rule Class_invariant_axiom_for_simple_evoting_Server 
88244      DEBUG main            d.u.i.k.p.m.ProofCorrectnessMgt No justification found for rule Class_invariant_axiom_for_simple_evoting_Server 
88303      DEBUG main            d.u.i.k.p.m.ProofCorrectnessMgt No justification found for rule Class_invariant_axiom_for_simple_evoting_Server 
88378      DEBUG main            d.u.i.k.p.m.ProofCorrectnessMgt No justification found for rule Class_invariant_axiom_for_simple_evoting_Server 
88441      DEBUG main            d.u.i.k.p.m.ProofCorrectnessMgt No justification found for rule Class_invariant_axiom_for_simple_evoting_Server 
102547     DEBUG main            d.u.i.k.p.m.ProofCorrectnessMgt No justification found for rule Class_invariant_axiom_for_simple_evoting_Message 
102606     DEBUG main            d.u.i.k.p.m.ProofCorrectnessMgt No justification found for rule Class_invariant_axiom_for_simple_evoting_Server 
102689     DEBUG main            d.u.i.k.p.m.ProofCorrectnessMgt No justification found for rule Class_invariant_axiom_for_simple_evoting_Message 
102718     DEBUG main            d.u.i.k.p.m.ProofCorrectnessMgt No justification found for rule Class_invariant_axiom_for_simple_evoting_Server 
102786     DEBUG main            d.u.i.k.p.m.ProofCorrectnessMgt No justification found for rule Class_invariant_axiom_for_simple_evoting_Message 
102811     DEBUG main            d.u.i.k.p.m.ProofCorrectnessMgt No justification found for rule Class_invariant_axiom_for_simple_evoting_Server 
125036     INFO  main            d.u.i.k.p.r.p.TestFile    ... finished proof: closed. 
125365     INFO  main            d.u.i.k.p.r.p.TestFile    Now processing file /home/runner/work/key/key/key.core/../key.ui/examples/InformationFlow/SimpleEvoting/simple_evoting.SMTEnv(simple_evoting.SMTEnv__send(int,int,int,simple_evoting.Server,int)).Non-interference contract.0.m.key 
125365     INFO  main            d.u.i.k.p.i.AbstractProblemLoader Loading environment from /home/runner/work/key/key/key.core/../key.ui/examples/InformationFlow/SimpleEvoting/simple_evoting.SMTEnv(simple_evoting.SMTEnv__send(int,int,int,simple_evoting.Server,int)).Non-interference contract.0.m.key 
125365     DEBUG main            d.u.i.k.p.i.AbstractProblemLoader Environment load took 73.5ns 
125366     INFO  main            d.u.i.k.p.i.AbstractProblemLoader Creating init config 
128431     DEBUG main            d.u.i.k.p.i.AbstractProblemLoader Init config took 3.06s 
128488     INFO  main            d.u.i.k.p.i.AbstractProblemLoader Replaying proof simple_evoting.SMTEnv[simple_evoting.SMTEnv::send(int,int,int,simple_evoting.Server,int)].Non-interference contract.0 
128490     DEBUG main            d.u.i.k.p.i.IntermediateProofReplayer Proof replay took 15.3ns 
128491     DEBUG main            d.u.i.k.m.s.ProofScriptEngine [1] goal: 0, source line: 51, command: 'macro 'infflow-autopilot'' 
128543     DEBUG main            d.u.i.k.p.m.ProofCorrectnessMgt No justification found for rule JML_represents_clause_for_simple_evoting_Environment_rep 
128557     DEBUG main            d.u.i.k.p.m.ProofCorrectnessMgt No justification found for rule JML_represents_clause_for_simple_evoting_Environment_rep 
128570     DEBUG main            d.u.i.k.p.m.ProofCorrectnessMgt No justification found for rule JML_represents_clause_for_simple_evoting_Environment_rep 
128584     DEBUG main            d.u.i.k.p.m.ProofCorrectnessMgt No justification found for rule JML_represents_clause_for_simple_evoting_Environment_rep 
128599     DEBUG main            d.u.i.k.p.m.ProofCorrectnessMgt No justification found for rule JML_represents_clause_for_simple_evoting_Environment_rep 
128649     DEBUG main            d.u.i.k.p.m.ProofCorrectnessMgt No justification found for rule JML_represents_clause_for_simple_evoting_Environment_rep 
129846     INFO  main            d.u.i.k.p.r.p.TestFile    ... finished proof: closed. 
130175     INFO  main            d.u.i.k.p.r.p.TestFile    Now processing file /home/runner/work/key/key/key.core/../key.ui/examples/InformationFlow/SimpleEvoting/simple_evoting.NetworkClient(simple_evoting.NetworkClient__send((B,simple_evoting.Server,int)).Non-interference contract.0.m.key 
130176     INFO  main            d.u.i.k.p.i.AbstractProblemLoader Loading environment from /home/runner/work/key/key/key.core/../key.ui/examples/InformationFlow/SimpleEvoting/simple_evoting.NetworkClient(simple_evoting.NetworkClient__send((B,simple_evoting.Server,int)).Non-interference contract.0.m.key 
130176     DEBUG main            d.u.i.k.p.i.AbstractProblemLoader Environment load took 71.5ns 
130177     INFO  main            d.u.i.k.p.i.AbstractProblemLoader Creating init config 
133239     DEBUG main            d.u.i.k.p.i.AbstractProblemLoader Init config took 3.06s 
133303     INFO  main            d.u.i.k.p.i.AbstractProblemLoader Replaying proof simple_evoting.NetworkClient[simple_evoting.NetworkClient::send([B,simple_evoting.Server,int)].Non-interference contract.0 
133306     DEBUG main            d.u.i.k.p.i.IntermediateProofReplayer Proof replay took 16.9ns 
133307     DEBUG main            d.u.i.k.m.s.ProofScriptEngine [1] goal: 0, source line: 51, command: 'macro 'infflow-autopilot'' 
133374     DEBUG main            d.u.i.k.p.m.ProofCorrectnessMgt No justification found for rule JML_represents_clause_for_simple_evoting_Environment_rep 
133394     DEBUG main            d.u.i.k.p.m.ProofCorrectnessMgt No justification found for rule JML_represents_clause_for_simple_evoting_Environment_rep 
133409     DEBUG main            d.u.i.k.p.m.ProofCorrectnessMgt No justification found for rule JML_represents_clause_for_simple_evoting_Environment_rep 
134426     INFO  main            d.u.i.k.p.r.p.TestFile    ... finished proof: closed. 
134638     INFO  main            d.u.i.k.p.r.p.TestFile    Now processing file /home/runner/work/key/key/key.core/../key.ui/examples/InformationFlow/SimpleEvoting/simple_evoting.Voter(simple_evoting.Voter__onSendBallot(simple_evoting.Server)).Non-interference contract.1.m.key 
134638     INFO  main            d.u.i.k.p.i.AbstractProblemLoader Loading environment from /home/runner/work/key/key/key.core/../key.ui/examples/InformationFlow/SimpleEvoting/simple_evoting.Voter(simple_evoting.Voter__onSendBallot(simple_evoting.Server)).Non-interference contract.1.m.key 
134638     DEBUG main            d.u.i.k.p.i.AbstractProblemLoader Environment load took 79.2ns 
134639     INFO  main            d.u.i.k.p.i.AbstractProblemLoader Creating init config 
137715     DEBUG main            d.u.i.k.p.i.AbstractProblemLoader Init config took 3.08s 
137779     INFO  main            d.u.i.k.p.i.AbstractProblemLoader Replaying proof simple_evoting.Voter[simple_evoting.Voter::onSendBallot(simple_evoting.Server)].Non-interference contract.1 
137782     DEBUG main            d.u.i.k.p.i.IntermediateProofReplayer Proof replay took 16.7ns 
137783     DEBUG main            d.u.i.k.m.s.ProofScriptEngine [1] goal: 0, source line: 51, command: 'macro 'infflow-autopilot'' 
137824     DEBUG main            d.u.i.k.p.m.ProofCorrectnessMgt No justification found for rule Class_invariant_axiom_for_simple_evoting_Voter 
137827     DEBUG main            d.u.i.k.p.m.ProofCorrectnessMgt No justification found for rule Class_invariant_axiom_for_simple_evoting_Server 
138376     DEBUG main            d.u.i.k.p.m.ProofCorrectnessMgt No justification found for rule Class_invariant_axiom_for_simple_evoting_Message 
138425     DEBUG main            d.u.i.k.p.m.ProofCorrectnessMgt No justification found for rule Class_invariant_axiom_for_simple_evoting_Server 
138554     DEBUG main            d.u.i.k.p.m.ProofCorrectnessMgt No justification found for rule Class_invariant_axiom_for_simple_evoting_Message 
138603     DEBUG main            d.u.i.k.p.m.ProofCorrectnessMgt No justification found for rule Class_invariant_axiom_for_simple_evoting_Server 
141042     DEBUG main            d.u.i.k.p.m.ProofCorrectnessMgt No justification found for rule JML_represents_clause_for_simple_evoting_Environment_rep 
141049     DEBUG main            d.u.i.k.p.m.ProofCorrectnessMgt No justification found for rule JML_represents_clause_for_simple_evoting_Environment_rep 
141111     DEBUG main            d.u.i.k.p.m.ProofCorrectnessMgt No justification found for rule JML_represents_clause_for_simple_evoting_Environment_rep 
141126     DEBUG main            d.u.i.k.p.m.ProofCorrectnessMgt No justification found for rule JML_represents_clause_for_simple_evoting_Environment_rep 
141139     DEBUG main            d.u.i.k.p.m.ProofCorrectnessMgt No justification found for rule JML_represents_clause_for_simple_evoting_Environment_rep 
141162     DEBUG main            d.u.i.k.p.m.ProofCorrectnessMgt No justification found for rule JML_represents_clause_for_simple_evoting_Environment_rep 
141169     DEBUG main            d.u.i.k.p.m.ProofCorrectnessMgt No justification found for rule JML_represents_clause_for_simple_evoting_Environment_rep 
141191     DEBUG main            d.u.i.k.p.m.ProofCorrectnessMgt No justification found for rule JML_represents_clause_for_simple_evoting_Environment_rep 
141199     DEBUG main            d.u.i.k.p.m.ProofCorrectnessMgt No justification found for rule JML_represents_clause_for_simple_evoting_Environment_rep 
141206     DEBUG main            d.u.i.k.p.m.ProofCorrectnessMgt No justification found for rule JML_represents_clause_for_simple_evoting_Environment_rep 
141227     DEBUG main            d.u.i.k.p.m.ProofCorrectnessMgt No justification found for rule JML_represents_clause_for_simple_evoting_Environment_rep 
141234     DEBUG main            d.u.i.k.p.m.ProofCorrectnessMgt No justification found for rule JML_represents_clause_for_simple_evoting_Environment_rep 
141247     DEBUG main            d.u.i.k.p.m.ProofCorrectnessMgt No justification found for rule JML_represents_clause_for_simple_evoting_Environment_rep 
141254     DEBUG main            d.u.i.k.p.m.ProofCorrectnessMgt No justification found for rule JML_represents_clause_for_simple_evoting_Environment_rep 
141274     DEBUG main            d.u.i.k.p.m.ProofCorrectnessMgt No justification found for rule Class_invariant_axiom_for_simple_evoting_Server 
141599     DEBUG main            d.u.i.k.p.m.ProofCorrectnessMgt No justification found for rule Class_invariant_axiom_for_simple_evoting_Server 
141863     DEBUG main            d.u.i.k.p.m.ProofCorrectnessMgt No justification found for rule Class_invariant_axiom_for_simple_evoting_Message 
141964     DEBUG main            d.u.i.k.p.m.ProofCorrectnessMgt No justification found for rule Class_invariant_axiom_for_simple_evoting_Server 
142156     DEBUG main            d.u.i.k.p.m.ProofCorrectnessMgt No justification found for rule Class_invariant_axiom_for_simple_evoting_Message 
142216     DEBUG main            d.u.i.k.p.m.ProofCorrectnessMgt No justification found for rule Class_invariant_axiom_for_simple_evoting_Server 
142514     DEBUG main            d.u.i.k.p.m.ProofCorrectnessMgt No justification found for rule Class_invariant_axiom_for_simple_evoting_Message 
142630     DEBUG main            d.u.i.k.p.m.ProofCorrectnessMgt No justification found for rule Class_invariant_axiom_for_simple_evoting_Message 
142790     DEBUG main            d.u.i.k.p.m.ProofCorrectnessMgt No justification found for rule Class_invariant_axiom_for_simple_evoting_Server 
143087     DEBUG main            d.u.i.k.p.m.ProofCorrectnessMgt No justification found for rule Class_invariant_axiom_for_simple_evoting_Message 
143203     DEBUG main            d.u.i.k.p.m.ProofCorrectnessMgt No justification found for rule Class_invariant_axiom_for_simple_evoting_Server 
143522     DEBUG main            d.u.i.k.p.m.ProofCorrectnessMgt No justification found for rule Class_invariant_axiom_for_simple_evoting_Message 
143642     DEBUG main            d.u.i.k.p.m.ProofCorrectnessMgt No justification found for rule Class_invariant_axiom_for_simple_evoting_Message 
143827     DEBUG main            d.u.i.k.p.m.ProofCorrectnessMgt No justification found for rule Class_invariant_axiom_for_simple_evoting_Server 
144156     DEBUG main            d.u.i.k.p.m.ProofCorrectnessMgt No justification found for rule Class_invariant_axiom_for_simple_evoting_Server 
144457     DEBUG main            d.u.i.k.p.m.ProofCorrectnessMgt No justification found for rule Class_invariant_axiom_for_simple_evoting_Message 
144618     DEBUG main            d.u.i.k.p.m.ProofCorrectnessMgt No justification found for rule Class_invariant_axiom_for_simple_evoting_Message 
144853     DEBUG main            d.u.i.k.p.m.ProofCorrectnessMgt No justification found for rule Class_invariant_axiom_for_simple_evoting_Message 
144971     DEBUG main            d.u.i.k.p.m.ProofCorrectnessMgt No justification found for rule Class_invariant_axiom_for_simple_evoting_Message 
145079     DEBUG main            d.u.i.k.p.m.ProofCorrectnessMgt No justification found for rule Class_invariant_axiom_for_simple_evoting_Message 
145175     DEBUG main            d.u.i.k.p.m.ProofCorrectnessMgt No justification found for rule Class_invariant_axiom_for_simple_evoting_Message 
145277     DEBUG main            d.u.i.k.p.m.ProofCorrectnessMgt No justification found for rule Class_invariant_axiom_for_simple_evoting_Server 
145574     DEBUG main            d.u.i.k.p.m.ProofCorrectnessMgt No justification found for rule Class_invariant_axiom_for_simple_evoting_Message 
145679     DEBUG main            d.u.i.k.p.m.ProofCorrectnessMgt No justification found for rule Class_invariant_axiom_for_simple_evoting_Message 
145790     DEBUG main            d.u.i.k.p.m.ProofCorrectnessMgt No justification found for rule Class_invariant_axiom_for_simple_evoting_Message 
145901     DEBUG main            d.u.i.k.p.m.ProofCorrectnessMgt No justification found for rule Class_invariant_axiom_for_simple_evoting_Server 
146237     DEBUG main            d.u.i.k.p.m.ProofCorrectnessMgt No justification found for rule Class_invariant_axiom_for_simple_evoting_Server 
146506     DEBUG main            d.u.i.k.p.m.ProofCorrectnessMgt No justification found for rule Class_invariant_axiom_for_simple_evoting_Message 
147921     DEBUG main            d.u.i.k.p.m.ProofCorrectnessMgt No justification found for rule Class_invariant_axiom_for_simple_evoting_Server 
148104     DEBUG main            d.u.i.k.p.m.ProofCorrectnessMgt No justification found for rule Class_invariant_axiom_for_simple_evoting_Server 
148285     DEBUG main            d.u.i.k.p.m.ProofCorrectnessMgt No justification found for rule Class_invariant_axiom_for_simple_evoting_Server 
148467     DEBUG main            d.u.i.k.p.m.ProofCorrectnessMgt No justification found for rule Class_invariant_axiom_for_simple_evoting_Server 
149263     DEBUG main            d.u.i.k.p.m.ProofCorrectnessMgt No justification found for rule Class_invariant_axiom_for_simple_evoting_Message 
149323     DEBUG main            d.u.i.k.p.m.ProofCorrectnessMgt No justification found for rule Class_invariant_axiom_for_simple_evoting_Server 
154984     INFO  main            d.u.i.k.p.r.p.TestFile    ... finished proof: closed. 
155266     INFO  main            d.u.i.k.p.r.p.TestFile    Now processing file /home/runner/work/key/key/key.core/../key.ui/examples/InformationFlow/SimpleEvoting/simple_evoting.Voter(simple_evoting.Voter__onSendBallot(simple_evoting.Server)).Non-interference contract.0.m.key 
155266     INFO  main            d.u.i.k.p.i.AbstractProblemLoader Loading environment from /home/runner/work/key/key/key.core/../key.ui/examples/InformationFlow/SimpleEvoting/simple_evoting.Voter(simple_evoting.Voter__onSendBallot(simple_evoting.Server)).Non-interference contract.0.m.key 
155266     DEBUG main            d.u.i.k.p.i.AbstractProblemLoader Environment load took 65.7ns 
155267     INFO  main            d.u.i.k.p.i.AbstractProblemLoader Creating init config 
158313     DEBUG main            d.u.i.k.p.i.AbstractProblemLoader Init config took 3.05s 
158363     INFO  main            d.u.i.k.p.i.AbstractProblemLoader Replaying proof simple_evoting.Voter[simple_evoting.Voter::onSendBallot(simple_evoting.Server)].Non-interference contract.0 
158366     DEBUG main            d.u.i.k.p.i.IntermediateProofReplayer Proof replay took 15ns 
158366     DEBUG main            d.u.i.k.m.s.ProofScriptEngine [1] goal: 0, source line: 51, command: 'macro 'infflow-autopilot'' 
158403     DEBUG main            d.u.i.k.p.m.ProofCorrectnessMgt No justification found for rule Class_invariant_axiom_for_simple_evoting_Voter 
158407     DEBUG main            d.u.i.k.p.m.ProofCorrectnessMgt No justification found for rule Class_invariant_axiom_for_simple_evoting_Server 
158900     DEBUG main            d.u.i.k.p.m.ProofCorrectnessMgt No justification found for rule Class_invariant_axiom_for_simple_evoting_Server 
159037     DEBUG main            d.u.i.k.p.m.ProofCorrectnessMgt No justification found for rule Class_invariant_axiom_for_simple_evoting_Message 
159080     DEBUG main            d.u.i.k.p.m.ProofCorrectnessMgt No justification found for rule Class_invariant_axiom_for_simple_evoting_Message 
159119     DEBUG main            d.u.i.k.p.m.ProofCorrectnessMgt No justification found for rule Class_invariant_axiom_for_simple_evoting_Server 
161555     DEBUG main            d.u.i.k.p.m.ProofCorrectnessMgt No justification found for rule JML_represents_clause_for_simple_evoting_Environment_rep 
161562     DEBUG main            d.u.i.k.p.m.ProofCorrectnessMgt No justification found for rule JML_represents_clause_for_simple_evoting_Environment_rep 
161616     DEBUG main            d.u.i.k.p.m.ProofCorrectnessMgt No justification found for rule JML_represents_clause_for_simple_evoting_Environment_rep 
161630     DEBUG main            d.u.i.k.p.m.ProofCorrectnessMgt No justification found for rule JML_represents_clause_for_simple_evoting_Environment_rep 
161637     DEBUG main            d.u.i.k.p.m.ProofCorrectnessMgt No justification found for rule JML_represents_clause_for_simple_evoting_Environment_rep 
161644     DEBUG main            d.u.i.k.p.m.ProofCorrectnessMgt No justification found for rule JML_represents_clause_for_simple_evoting_Environment_rep 
161657     DEBUG main            d.u.i.k.p.m.ProofCorrectnessMgt No justification found for rule JML_represents_clause_for_simple_evoting_Environment_rep 
161664     DEBUG main            d.u.i.k.p.m.ProofCorrectnessMgt No justification found for rule JML_represents_clause_for_simple_evoting_Environment_rep 
161684     DEBUG main            d.u.i.k.p.m.ProofCorrectnessMgt No justification found for rule JML_represents_clause_for_simple_evoting_Environment_rep 
161697     DEBUG main            d.u.i.k.p.m.ProofCorrectnessMgt No justification found for rule JML_represents_clause_for_simple_evoting_Environment_rep 
161704     DEBUG main            d.u.i.k.p.m.ProofCorrectnessMgt No justification found for rule JML_represents_clause_for_simple_evoting_Environment_rep 
161711     DEBUG main            d.u.i.k.p.m.ProofCorrectnessMgt No justification found for rule JML_represents_clause_for_simple_evoting_Environment_rep 
161725     DEBUG main            d.u.i.k.p.m.ProofCorrectnessMgt No justification found for rule JML_represents_clause_for_simple_evoting_Environment_rep 
161731     DEBUG main            d.u.i.k.p.m.ProofCorrectnessMgt No justification found for rule JML_represents_clause_for_simple_evoting_Environment_rep 
161767     DEBUG main            d.u.i.k.p.m.ProofCorrectnessMgt No justification found for rule Class_invariant_axiom_for_simple_evoting_Message 
161901     DEBUG main            d.u.i.k.p.m.ProofCorrectnessMgt No justification found for rule Class_invariant_axiom_for_simple_evoting_Message 
161968     DEBUG main            d.u.i.k.p.m.ProofCorrectnessMgt No justification found for rule Class_invariant_axiom_for_simple_evoting_Message 
162077     DEBUG main            d.u.i.k.p.m.ProofCorrectnessMgt No justification found for rule Class_invariant_axiom_for_simple_evoting_Server 
162469     DEBUG main            d.u.i.k.p.m.ProofCorrectnessMgt No justification found for rule Class_invariant_axiom_for_simple_evoting_Message 
162575     DEBUG main            d.u.i.k.p.m.ProofCorrectnessMgt No justification found for rule Class_invariant_axiom_for_simple_evoting_Server 
162867     DEBUG main            d.u.i.k.p.m.ProofCorrectnessMgt No justification found for rule Class_invariant_axiom_for_simple_evoting_Message 
162968     DEBUG main            d.u.i.k.p.m.ProofCorrectnessMgt No justification found for rule Class_invariant_axiom_for_simple_evoting_Server 
163248     DEBUG main            d.u.i.k.p.m.ProofCorrectnessMgt No justification found for rule Class_invariant_axiom_for_simple_evoting_Message 
163399     DEBUG main            d.u.i.k.p.m.ProofCorrectnessMgt No justification found for rule Class_invariant_axiom_for_simple_evoting_Message 
163516     DEBUG main            d.u.i.k.p.m.ProofCorrectnessMgt No justification found for rule Class_invariant_axiom_for_simple_evoting_Message 
163635     DEBUG main            d.u.i.k.p.m.ProofCorrectnessMgt No justification found for rule Class_invariant_axiom_for_simple_evoting_Message 
163799     DEBUG main            d.u.i.k.p.m.ProofCorrectnessMgt No justification found for rule Class_invariant_axiom_for_simple_evoting_Message 
163892     DEBUG main            d.u.i.k.p.m.ProofCorrectnessMgt No justification found for rule Class_invariant_axiom_for_simple_evoting_Message 
164002     DEBUG main            d.u.i.k.p.m.ProofCorrectnessMgt No justification found for rule Class_invariant_axiom_for_simple_evoting_Server 
164281     DEBUG main            d.u.i.k.p.m.ProofCorrectnessMgt No justification found for rule Class_invariant_axiom_for_simple_evoting_Server 
164584     DEBUG main            d.u.i.k.p.m.ProofCorrectnessMgt No justification found for rule Class_invariant_axiom_for_simple_evoting_Message 
164685     DEBUG main            d.u.i.k.p.m.ProofCorrectnessMgt No justification found for rule Class_invariant_axiom_for_simple_evoting_Message 
164789     DEBUG main            d.u.i.k.p.m.ProofCorrectnessMgt No justification found for rule Class_invariant_axiom_for_simple_evoting_Message 
164888     DEBUG main            d.u.i.k.p.m.ProofCorrectnessMgt No justification found for rule Class_invariant_axiom_for_simple_evoting_Server 
165161     DEBUG main            d.u.i.k.p.m.ProofCorrectnessMgt No justification found for rule Class_invariant_axiom_for_simple_evoting_Message 
165263     DEBUG main            d.u.i.k.p.m.ProofCorrectnessMgt No justification found for rule Class_invariant_axiom_for_simple_evoting_Server 
165448     DEBUG main            d.u.i.k.p.m.ProofCorrectnessMgt No justification found for rule Class_invariant_axiom_for_simple_evoting_Message 
167041     DEBUG main            d.u.i.k.p.m.ProofCorrectnessMgt No justification found for rule Class_invariant_axiom_for_simple_evoting_Message 
167119     DEBUG main            d.u.i.k.p.m.ProofCorrectnessMgt No justification found for rule Class_invariant_axiom_for_simple_evoting_Server 
167970     DEBUG main            d.u.i.k.p.m.ProofCorrectnessMgt No justification found for rule Class_invariant_axiom_for_simple_evoting_Message 
168031     DEBUG main            d.u.i.k.p.m.ProofCorrectnessMgt No justification found for rule Class_invariant_axiom_for_simple_evoting_Server 
173987     INFO  main            d.u.i.k.p.r.p.TestFile    ... finished proof: closed. 
2700706    INFO  Test worker     d.u.i.k.p.r.RunAllProofsTestUnit Returning from test SimpleEvoting_fullmacro 
]]></system-out>
  <system-err><![CDATA[]]></system-err>
</testsuite>
