<?xml version="1.0" encoding="UTF-8"?>
<testsuite name="de.uka.ilkd.key.proof.runallproofs.RunAllProofsFunctional" tests="47" skipped="0" failures="0" errors="0" timestamp="2023-03-04T12:01:17" hostname="fv-az395-545" time="5642.303">
  <properties/>
  <testcase name="newBook" classname="de.uka.ilkd.key.proof.runallproofs.RunAllProofsFunctional" time="59.52"/>
  <testcase name="oldBook" classname="de.uka.ilkd.key.proof.runallproofs.RunAllProofsFunctional" time="18.562"/>
  <testcase name="comprehensions" classname="de.uka.ilkd.key.proof.runallproofs.RunAllProofsFunctional" time="69.782"/>
  <testcase name="performance" classname="de.uka.ilkd.key.proof.runallproofs.RunAllProofsFunctional" time="244.69"/>
  <testcase name="performancePOConstruction" classname="de.uka.ilkd.key.proof.runallproofs.RunAllProofsFunctional" time="82.575"/>
  <testcase name="applicationRestrictions" classname="de.uka.ilkd.key.proof.runallproofs.RunAllProofsFunctional" time="50.957"/>
  <testcase name="blockContracts" classname="de.uka.ilkd.key.proof.runallproofs.RunAllProofsFunctional" time="144.119"/>
  <testcase name="jmlAsserts" classname="de.uka.ilkd.key.proof.runallproofs.RunAllProofsFunctional" time="93.779"/>
  <testcase name="javaCard" classname="de.uka.ilkd.key.proof.runallproofs.RunAllProofsFunctional" time="33.534"/>
  <testcase name="project.key" classname="de.uka.ilkd.key.proof.runallproofs.RunAllProofsFunctional" time="38.004"/>
  <testcase name="project.key#1" classname="de.uka.ilkd.key.proof.runallproofs.RunAllProofsFunctional" time="14.336"/>
  <testcase name="lcp.key" classname="de.uka.ilkd.key.proof.runallproofs.RunAllProofsFunctional" time="16.07"/>
  <testcase name="project.key#2" classname="de.uka.ilkd.key.proof.runallproofs.RunAllProofsFunctional" time="19.624"/>
  <testcase name="ArrayList_contains.key" classname="de.uka.ilkd.key.proof.runallproofs.RunAllProofsFunctional" time="14.204"/>
  <testcase name="ArrayList_get.key" classname="de.uka.ilkd.key.proof.runallproofs.RunAllProofsFunctional" time="16.442"/>
  <testcase name="ArrayList_size.key" classname="de.uka.ilkd.key.proof.runallproofs.RunAllProofsFunctional" time="13.524"/>
  <testcase name="UpdateAbstraction_ex7_3_secure.key" classname="de.uka.ilkd.key.proof.runallproofs.RunAllProofsFunctional" time="13.75"/>
  <testcase name="UpdateAbstraction_ex7_4_secure.key" classname="de.uka.ilkd.key.proof.runallproofs.RunAllProofsFunctional" time="14.097"/>
  <testcase name="UpdateAbstraction_ex7_5_secure.key" classname="de.uka.ilkd.key.proof.runallproofs.RunAllProofsFunctional" time="13.113"/>
  <testcase name="UpdateAbstraction_ex7_6_secure.key" classname="de.uka.ilkd.key.proof.runallproofs.RunAllProofsFunctional" time="14.89"/>
  <testcase name="UpdateAbstraction_ex9_secure.key" classname="de.uka.ilkd.key.proof.runallproofs.RunAllProofsFunctional" time="15.593"/>
  <testcase name="list" classname="de.uka.ilkd.key.proof.runallproofs.RunAllProofsFunctional" time="283.37"/>
  <testcase name="list_ghost" classname="de.uka.ilkd.key.proof.runallproofs.RunAllProofsFunctional" time="69.77"/>
  <testcase name="list_recursive" classname="de.uka.ilkd.key.proof.runallproofs.RunAllProofsFunctional" time="23.767"/>
  <testcase name="list_seq" classname="de.uka.ilkd.key.proof.runallproofs.RunAllProofsFunctional" time="158.618"/>
  <testcase name="observer" classname="de.uka.ilkd.key.proof.runallproofs.RunAllProofsFunctional" time="104.217"/>
  <testcase name="removeDups" classname="de.uka.ilkd.key.proof.runallproofs.RunAllProofsFunctional" time="41.742"/>
  <testcase name="Saddleback_search.key" classname="de.uka.ilkd.key.proof.runallproofs.RunAllProofsFunctional" time="88.966"/>
  <testcase name="quicksort" classname="de.uka.ilkd.key.proof.runallproofs.RunAllProofsFunctional" time="100.399"/>
  <testcase name="simpleTests" classname="de.uka.ilkd.key.proof.runallproofs.RunAllProofsFunctional" time="172.671"/>
  <testcase name="SmansEtAl" classname="de.uka.ilkd.key.proof.runallproofs.RunAllProofsFunctional" time="209.471"/>
  <testcase name="VACID0" classname="de.uka.ilkd.key.proof.runallproofs.RunAllProofsFunctional" time="83.262"/>
  <testcase name="VSTTE10" classname="de.uka.ilkd.key.proof.runallproofs.RunAllProofsFunctional" time="182.652"/>
  <testcase name="WeideEtAl" classname="de.uka.ilkd.key.proof.runallproofs.RunAllProofsFunctional" time="30.165"/>
  <testcase name="arithmetic" classname="de.uka.ilkd.key.proof.runallproofs.RunAllProofsFunctional" time="505.743"/>
  <testcase name="arrays" classname="de.uka.ilkd.key.proof.runallproofs.RunAllProofsFunctional" time="58.897"/>
  <testcase name="javadl" classname="de.uka.ilkd.key.proof.runallproofs.RunAllProofsFunctional" time="616.759"/>
  <testcase name="FOL" classname="de.uka.ilkd.key.proof.runallproofs.RunAllProofsFunctional" time="311.145"/>
  <testcase name="strings" classname="de.uka.ilkd.key.proof.runallproofs.RunAllProofsFunctional" time="166.912"/>
  <testcase name="simple_info_flow" classname="de.uka.ilkd.key.proof.runallproofs.RunAllProofsFunctional" time="13.579"/>
  <testcase name="modelMethods" classname="de.uka.ilkd.key.proof.runallproofs.RunAllProofsFunctional" time="190.323"/>
  <testcase name="permissionHeap" classname="de.uka.ilkd.key.proof.runallproofs.RunAllProofsFunctional" time="914.296"/>
  <testcase name="completionScopes" classname="de.uka.ilkd.key.proof.runallproofs.RunAllProofsFunctional" time="53.93"/>
  <testcase name="reload_examples" classname="de.uka.ilkd.key.proof.runallproofs.RunAllProofsFunctional" time="45.144"/>
  <testcase name="proofLoadRepair" classname="de.uka.ilkd.key.proof.runallproofs.RunAllProofsFunctional" time="19.36"/>
  <testcase name="switch" classname="de.uka.ilkd.key.proof.runallproofs.RunAllProofsFunctional" time="63.877"/>
  <testcase name="redux" classname="de.uka.ilkd.key.proof.runallproofs.RunAllProofsFunctional" time="132.088"/>
  <system-out><![CDATA[12:01:17,439 |-INFO in ch.qos.logback.classic.LoggerContext[default] - Could NOT find resource [logback-test.xml]
12:01:17,440 |-INFO in ch.qos.logback.classic.LoggerContext[default] - Found resource [logback.xml] at [file:/home/runner/work/key/key/key.core/build/resources/test/logback.xml]
12:01:17,493 |-INFO in ch.qos.logback.classic.joran.action.ConfigurationAction - debug attribute not set
12:01:17,494 |-INFO in ch.qos.logback.core.joran.action.AppenderAction - About to instantiate appender of type [ch.qos.logback.core.ConsoleAppender]
12:01:17,498 |-INFO in ch.qos.logback.core.joran.action.AppenderAction - Naming appender as [STDOUT]
12:01:17,502 |-ERROR in ch.qos.logback.core.joran.spi.Interpreter@3:15 - no applicable action for [file], current ElementPath  is [[configuration][appender][file]]
12:01:17,502 |-ERROR in ch.qos.logback.core.joran.spi.Interpreter@4:17 - no applicable action for [append], current ElementPath  is [[configuration][appender][append]]
12:01:17,503 |-INFO in ch.qos.logback.core.joran.action.NestedComplexPropertyIA - Assuming default type [ch.qos.logback.classic.encoder.PatternLayoutEncoder] for [encoder] property
12:01:17,521 |-INFO in ch.qos.logback.classic.joran.action.RootLoggerAction - Setting level of ROOT logger to WARN
12:01:17,521 |-INFO in ch.qos.logback.core.joran.action.AppenderRefAction - Attaching appender named [STDOUT] to Logger[ROOT]
12:01:17,521 |-INFO in ch.qos.logback.classic.joran.action.ConfigurationAction - End of configuration.
12:01:17,522 |-INFO in ch.qos.logback.classic.joran.JoranConfigurator@19fb8826 - Registering current configuration as safe fallback point

Running test newBook
12:01:17,780 |-INFO in ch.qos.logback.classic.LoggerContext[default] - Could NOT find resource [logback-test.xml]
12:01:17,781 |-INFO in ch.qos.logback.classic.LoggerContext[default] - Found resource [logback.xml] at [file:/home/runner/work/key/key/key.core/build/resources/test/logback.xml]
12:01:17,879 |-INFO in ch.qos.logback.classic.joran.action.ConfigurationAction - debug attribute not set
12:01:17,880 |-INFO in ch.qos.logback.core.joran.action.AppenderAction - About to instantiate appender of type [ch.qos.logback.core.ConsoleAppender]
12:01:17,894 |-INFO in ch.qos.logback.core.joran.action.AppenderAction - Naming appender as [STDOUT]
12:01:17,898 |-ERROR in ch.qos.logback.core.joran.spi.Interpreter@3:15 - no applicable action for [file], current ElementPath  is [[configuration][appender][file]]
12:01:17,899 |-ERROR in ch.qos.logback.core.joran.spi.Interpreter@4:17 - no applicable action for [append], current ElementPath  is [[configuration][appender][append]]
12:01:17,900 |-INFO in ch.qos.logback.core.joran.action.NestedComplexPropertyIA - Assuming default type [ch.qos.logback.classic.encoder.PatternLayoutEncoder] for [encoder] property
12:01:17,919 |-INFO in ch.qos.logback.classic.joran.action.RootLoggerAction - Setting level of ROOT logger to WARN
12:01:17,919 |-INFO in ch.qos.logback.core.joran.action.AppenderRefAction - Attaching appender named [STDOUT] to Logger[ROOT]
12:01:17,920 |-INFO in ch.qos.logback.classic.joran.action.ConfigurationAction - End of configuration.
12:01:17,921 |-INFO in ch.qos.logback.classic.joran.JoranConfigurator@29176cc1 - Registering current configuration as safe fallback point

268        WARN  main            d.u.i.k.s.ProofSettings   No proof-settings could be loaded, using defaults java.io.FileNotFoundException: /home/runner/.key/proof-settings.props (No such file or directory)
	at java.base/java.io.FileInputStream.open0(Native Method)

Returning from test newBook
Running test oldBook
12:02:17,380 |-INFO in ch.qos.logback.classic.LoggerContext[default] - Could NOT find resource [logback-test.xml]
12:02:17,381 |-INFO in ch.qos.logback.classic.LoggerContext[default] - Found resource [logback.xml] at [file:/home/runner/work/key/key/key.core/build/resources/test/logback.xml]
12:02:17,527 |-INFO in ch.qos.logback.classic.joran.action.ConfigurationAction - debug attribute not set
12:02:17,527 |-INFO in ch.qos.logback.core.joran.action.AppenderAction - About to instantiate appender of type [ch.qos.logback.core.ConsoleAppender]
12:02:17,536 |-INFO in ch.qos.logback.core.joran.action.AppenderAction - Naming appender as [STDOUT]
12:02:17,544 |-ERROR in ch.qos.logback.core.joran.spi.Interpreter@3:15 - no applicable action for [file], current ElementPath  is [[configuration][appender][file]]
12:02:17,544 |-ERROR in ch.qos.logback.core.joran.spi.Interpreter@4:17 - no applicable action for [append], current ElementPath  is [[configuration][appender][append]]
12:02:17,545 |-INFO in ch.qos.logback.core.joran.action.NestedComplexPropertyIA - Assuming default type [ch.qos.logback.classic.encoder.PatternLayoutEncoder] for [encoder] property
12:02:17,565 |-INFO in ch.qos.logback.classic.joran.action.RootLoggerAction - Setting level of ROOT logger to WARN
12:02:17,565 |-INFO in ch.qos.logback.core.joran.action.AppenderRefAction - Attaching appender named [STDOUT] to Logger[ROOT]
12:02:17,565 |-INFO in ch.qos.logback.classic.joran.action.ConfigurationAction - End of configuration.
12:02:17,567 |-INFO in ch.qos.logback.classic.joran.JoranConfigurator@2f177a4b - Registering current configuration as safe fallback point

327        WARN  main            d.u.i.k.s.ProofSettings   The settings in /home/runner/.key/proof-settings.props are *not* read. 
Returning from test oldBook
Running test comprehensions
12:02:35,883 |-INFO in ch.qos.logback.classic.LoggerContext[default] - Could NOT find resource [logback-test.xml]
12:02:35,883 |-INFO in ch.qos.logback.classic.LoggerContext[default] - Found resource [logback.xml] at [file:/home/runner/work/key/key/key.core/build/resources/test/logback.xml]
12:02:35,982 |-INFO in ch.qos.logback.classic.joran.action.ConfigurationAction - debug attribute not set
12:02:35,983 |-INFO in ch.qos.logback.core.joran.action.AppenderAction - About to instantiate appender of type [ch.qos.logback.core.ConsoleAppender]
12:02:35,996 |-INFO in ch.qos.logback.core.joran.action.AppenderAction - Naming appender as [STDOUT]
12:02:36,005 |-ERROR in ch.qos.logback.core.joran.spi.Interpreter@3:15 - no applicable action for [file], current ElementPath  is [[configuration][appender][file]]
12:02:36,006 |-ERROR in ch.qos.logback.core.joran.spi.Interpreter@4:17 - no applicable action for [append], current ElementPath  is [[configuration][appender][append]]
12:02:36,007 |-INFO in ch.qos.logback.core.joran.action.NestedComplexPropertyIA - Assuming default type [ch.qos.logback.classic.encoder.PatternLayoutEncoder] for [encoder] property
12:02:36,037 |-INFO in ch.qos.logback.classic.joran.action.RootLoggerAction - Setting level of ROOT logger to WARN
12:02:36,037 |-INFO in ch.qos.logback.core.joran.action.AppenderRefAction - Attaching appender named [STDOUT] to Logger[ROOT]
12:02:36,038 |-INFO in ch.qos.logback.classic.joran.action.ConfigurationAction - End of configuration.
12:02:36,039 |-INFO in ch.qos.logback.classic.joran.JoranConfigurator@2f177a4b - Registering current configuration as safe fallback point

305        WARN  main            d.u.i.k.s.ProofSettings   The settings in /home/runner/.key/proof-settings.props are *not* read. 
Returning from test comprehensions
Running test performance
12:03:45,634 |-INFO in ch.qos.logback.classic.LoggerContext[default] - Could NOT find resource [logback-test.xml]
12:03:45,635 |-INFO in ch.qos.logback.classic.LoggerContext[default] - Found resource [logback.xml] at [file:/home/runner/work/key/key/key.core/build/resources/test/logback.xml]
12:03:45,745 |-INFO in ch.qos.logback.classic.joran.action.ConfigurationAction - debug attribute not set
12:03:45,746 |-INFO in ch.qos.logback.core.joran.action.AppenderAction - About to instantiate appender of type [ch.qos.logback.core.ConsoleAppender]
12:03:45,758 |-INFO in ch.qos.logback.core.joran.action.AppenderAction - Naming appender as [STDOUT]
12:03:45,762 |-ERROR in ch.qos.logback.core.joran.spi.Interpreter@3:15 - no applicable action for [file], current ElementPath  is [[configuration][appender][file]]
12:03:45,762 |-ERROR in ch.qos.logback.core.joran.spi.Interpreter@4:17 - no applicable action for [append], current ElementPath  is [[configuration][appender][append]]
12:03:45,763 |-INFO in ch.qos.logback.core.joran.action.NestedComplexPropertyIA - Assuming default type [ch.qos.logback.classic.encoder.PatternLayoutEncoder] for [encoder] property
12:03:45,784 |-INFO in ch.qos.logback.classic.joran.action.RootLoggerAction - Setting level of ROOT logger to WARN
12:03:45,784 |-INFO in ch.qos.logback.core.joran.action.AppenderRefAction - Attaching appender named [STDOUT] to Logger[ROOT]
12:03:45,784 |-INFO in ch.qos.logback.classic.joran.action.ConfigurationAction - End of configuration.
12:03:45,786 |-INFO in ch.qos.logback.classic.joran.JoranConfigurator@29176cc1 - Registering current configuration as safe fallback point

277        WARN  main            d.u.i.k.s.ProofSettings   The settings in /home/runner/.key/proof-settings.props are *not* read. 
Returning from test performance
Running test performancePOConstruction
12:07:50,339 |-INFO in ch.qos.logback.classic.LoggerContext[default] - Could NOT find resource [logback-test.xml]
12:07:50,340 |-INFO in ch.qos.logback.classic.LoggerContext[default] - Found resource [logback.xml] at [file:/home/runner/work/key/key/key.core/build/resources/test/logback.xml]
12:07:50,458 |-INFO in ch.qos.logback.classic.joran.action.ConfigurationAction - debug attribute not set
12:07:50,458 |-INFO in ch.qos.logback.core.joran.action.AppenderAction - About to instantiate appender of type [ch.qos.logback.core.ConsoleAppender]
12:07:50,471 |-INFO in ch.qos.logback.core.joran.action.AppenderAction - Naming appender as [STDOUT]
12:07:50,482 |-ERROR in ch.qos.logback.core.joran.spi.Interpreter@3:15 - no applicable action for [file], current ElementPath  is [[configuration][appender][file]]
12:07:50,482 |-ERROR in ch.qos.logback.core.joran.spi.Interpreter@4:17 - no applicable action for [append], current ElementPath  is [[configuration][appender][append]]
12:07:50,485 |-INFO in ch.qos.logback.core.joran.action.NestedComplexPropertyIA - Assuming default type [ch.qos.logback.classic.encoder.PatternLayoutEncoder] for [encoder] property
12:07:50,507 |-INFO in ch.qos.logback.classic.joran.action.RootLoggerAction - Setting level of ROOT logger to WARN
12:07:50,507 |-INFO in ch.qos.logback.core.joran.action.AppenderRefAction - Attaching appender named [STDOUT] to Logger[ROOT]
12:07:50,507 |-INFO in ch.qos.logback.classic.joran.action.ConfigurationAction - End of configuration.
12:07:50,509 |-INFO in ch.qos.logback.classic.joran.JoranConfigurator@29176cc1 - Registering current configuration as safe fallback point

310        WARN  main            d.u.i.k.s.ProofSettings   The settings in /home/runner/.key/proof-settings.props are *not* read. 
Returning from test performancePOConstruction
Running test applicationRestrictions
12:09:12,909 |-INFO in ch.qos.logback.classic.LoggerContext[default] - Could NOT find resource [logback-test.xml]
12:09:12,910 |-INFO in ch.qos.logback.classic.LoggerContext[default] - Found resource [logback.xml] at [file:/home/runner/work/key/key/key.core/build/resources/test/logback.xml]
12:09:13,022 |-INFO in ch.qos.logback.classic.joran.action.ConfigurationAction - debug attribute not set
12:09:13,022 |-INFO in ch.qos.logback.core.joran.action.AppenderAction - About to instantiate appender of type [ch.qos.logback.core.ConsoleAppender]
12:09:13,033 |-INFO in ch.qos.logback.core.joran.action.AppenderAction - Naming appender as [STDOUT]
12:09:13,038 |-ERROR in ch.qos.logback.core.joran.spi.Interpreter@3:15 - no applicable action for [file], current ElementPath  is [[configuration][appender][file]]
12:09:13,038 |-ERROR in ch.qos.logback.core.joran.spi.Interpreter@4:17 - no applicable action for [append], current ElementPath  is [[configuration][appender][append]]
12:09:13,039 |-INFO in ch.qos.logback.core.joran.action.NestedComplexPropertyIA - Assuming default type [ch.qos.logback.classic.encoder.PatternLayoutEncoder] for [encoder] property
12:09:13,059 |-INFO in ch.qos.logback.classic.joran.action.RootLoggerAction - Setting level of ROOT logger to WARN
12:09:13,059 |-INFO in ch.qos.logback.core.joran.action.AppenderRefAction - Attaching appender named [STDOUT] to Logger[ROOT]
12:09:13,059 |-INFO in ch.qos.logback.classic.joran.action.ConfigurationAction - End of configuration.
12:09:13,061 |-INFO in ch.qos.logback.classic.joran.JoranConfigurator@29176cc1 - Registering current configuration as safe fallback point

278        WARN  main            d.u.i.k.s.ProofSettings   The settings in /home/runner/.key/proof-settings.props are *not* read. 
Returning from test applicationRestrictions
Running test blockContracts
12:10:03,866 |-INFO in ch.qos.logback.classic.LoggerContext[default] - Could NOT find resource [logback-test.xml]
12:10:03,867 |-INFO in ch.qos.logback.classic.LoggerContext[default] - Found resource [logback.xml] at [file:/home/runner/work/key/key/key.core/build/resources/test/logback.xml]
12:10:03,985 |-INFO in ch.qos.logback.classic.joran.action.ConfigurationAction - debug attribute not set
12:10:03,986 |-INFO in ch.qos.logback.core.joran.action.AppenderAction - About to instantiate appender of type [ch.qos.logback.core.ConsoleAppender]
12:10:03,996 |-INFO in ch.qos.logback.core.joran.action.AppenderAction - Naming appender as [STDOUT]
12:10:04,006 |-ERROR in ch.qos.logback.core.joran.spi.Interpreter@3:15 - no applicable action for [file], current ElementPath  is [[configuration][appender][file]]
12:10:04,006 |-ERROR in ch.qos.logback.core.joran.spi.Interpreter@4:17 - no applicable action for [append], current ElementPath  is [[configuration][appender][append]]
12:10:04,008 |-INFO in ch.qos.logback.core.joran.action.NestedComplexPropertyIA - Assuming default type [ch.qos.logback.classic.encoder.PatternLayoutEncoder] for [encoder] property
12:10:04,047 |-INFO in ch.qos.logback.classic.joran.action.RootLoggerAction - Setting level of ROOT logger to WARN
12:10:04,047 |-INFO in ch.qos.logback.core.joran.action.AppenderRefAction - Attaching appender named [STDOUT] to Logger[ROOT]
12:10:04,047 |-INFO in ch.qos.logback.classic.joran.action.ConfigurationAction - End of configuration.
12:10:04,049 |-INFO in ch.qos.logback.classic.joran.JoranConfigurator@29176cc1 - Registering current configuration as safe fallback point

321        WARN  main            d.u.i.k.s.ProofSettings   The settings in /home/runner/.key/proof-settings.props are *not* read. 
Returning from test blockContracts
Running test jmlAsserts
12:12:27,990 |-INFO in ch.qos.logback.classic.LoggerContext[default] - Could NOT find resource [logback-test.xml]
12:12:27,990 |-INFO in ch.qos.logback.classic.LoggerContext[default] - Found resource [logback.xml] at [file:/home/runner/work/key/key/key.core/build/resources/test/logback.xml]
12:12:28,094 |-INFO in ch.qos.logback.classic.joran.action.ConfigurationAction - debug attribute not set
12:12:28,095 |-INFO in ch.qos.logback.core.joran.action.AppenderAction - About to instantiate appender of type [ch.qos.logback.core.ConsoleAppender]
12:12:28,107 |-INFO in ch.qos.logback.core.joran.action.AppenderAction - Naming appender as [STDOUT]
12:12:28,111 |-ERROR in ch.qos.logback.core.joran.spi.Interpreter@3:15 - no applicable action for [file], current ElementPath  is [[configuration][appender][file]]
12:12:28,112 |-ERROR in ch.qos.logback.core.joran.spi.Interpreter@4:17 - no applicable action for [append], current ElementPath  is [[configuration][appender][append]]
12:12:28,115 |-INFO in ch.qos.logback.core.joran.action.NestedComplexPropertyIA - Assuming default type [ch.qos.logback.classic.encoder.PatternLayoutEncoder] for [encoder] property
12:12:28,158 |-INFO in ch.qos.logback.classic.joran.action.RootLoggerAction - Setting level of ROOT logger to WARN
12:12:28,158 |-INFO in ch.qos.logback.core.joran.action.AppenderRefAction - Attaching appender named [STDOUT] to Logger[ROOT]
12:12:28,158 |-INFO in ch.qos.logback.classic.joran.action.ConfigurationAction - End of configuration.
12:12:28,160 |-INFO in ch.qos.logback.classic.joran.JoranConfigurator@29176cc1 - Registering current configuration as safe fallback point

320        WARN  main            d.u.i.k.s.ProofSettings   The settings in /home/runner/.key/proof-settings.props are *not* read. 
Returning from test jmlAsserts
Running test javaCard
12:14:01,762 |-INFO in ch.qos.logback.classic.LoggerContext[default] - Could NOT find resource [logback-test.xml]
12:14:01,764 |-INFO in ch.qos.logback.classic.LoggerContext[default] - Found resource [logback.xml] at [file:/home/runner/work/key/key/key.core/build/resources/test/logback.xml]
12:14:01,858 |-INFO in ch.qos.logback.classic.joran.action.ConfigurationAction - debug attribute not set
12:14:01,859 |-INFO in ch.qos.logback.core.joran.action.AppenderAction - About to instantiate appender of type [ch.qos.logback.core.ConsoleAppender]
12:14:01,870 |-INFO in ch.qos.logback.core.joran.action.AppenderAction - Naming appender as [STDOUT]
12:14:01,875 |-ERROR in ch.qos.logback.core.joran.spi.Interpreter@3:15 - no applicable action for [file], current ElementPath  is [[configuration][appender][file]]
12:14:01,875 |-ERROR in ch.qos.logback.core.joran.spi.Interpreter@4:17 - no applicable action for [append], current ElementPath  is [[configuration][appender][append]]
12:14:01,876 |-INFO in ch.qos.logback.core.joran.action.NestedComplexPropertyIA - Assuming default type [ch.qos.logback.classic.encoder.PatternLayoutEncoder] for [encoder] property
12:14:01,897 |-INFO in ch.qos.logback.classic.joran.action.RootLoggerAction - Setting level of ROOT logger to WARN
12:14:01,897 |-INFO in ch.qos.logback.core.joran.action.AppenderRefAction - Attaching appender named [STDOUT] to Logger[ROOT]
12:14:01,897 |-INFO in ch.qos.logback.classic.joran.action.ConfigurationAction - End of configuration.
12:14:01,899 |-INFO in ch.qos.logback.classic.joran.JoranConfigurator@29176cc1 - Registering current configuration as safe fallback point

272        WARN  main            d.u.i.k.s.ProofSettings   The settings in /home/runner/.key/proof-settings.props are *not* read. 
Returning from test javaCard
Running test project.key
12:14:35,290 |-INFO in ch.qos.logback.classic.LoggerContext[default] - Could NOT find resource [logback-test.xml]
12:14:35,291 |-INFO in ch.qos.logback.classic.LoggerContext[default] - Found resource [logback.xml] at [file:/home/runner/work/key/key/key.core/build/resources/test/logback.xml]
12:14:35,419 |-INFO in ch.qos.logback.classic.joran.action.ConfigurationAction - debug attribute not set
12:14:35,419 |-INFO in ch.qos.logback.core.joran.action.AppenderAction - About to instantiate appender of type [ch.qos.logback.core.ConsoleAppender]
12:14:35,430 |-INFO in ch.qos.logback.core.joran.action.AppenderAction - Naming appender as [STDOUT]
12:14:35,434 |-ERROR in ch.qos.logback.core.joran.spi.Interpreter@3:15 - no applicable action for [file], current ElementPath  is [[configuration][appender][file]]
12:14:35,434 |-ERROR in ch.qos.logback.core.joran.spi.Interpreter@4:17 - no applicable action for [append], current ElementPath  is [[configuration][appender][append]]
12:14:35,435 |-INFO in ch.qos.logback.core.joran.action.NestedComplexPropertyIA - Assuming default type [ch.qos.logback.classic.encoder.PatternLayoutEncoder] for [encoder] property
12:14:35,455 |-INFO in ch.qos.logback.classic.joran.action.RootLoggerAction - Setting level of ROOT logger to WARN
12:14:35,455 |-INFO in ch.qos.logback.core.joran.action.AppenderRefAction - Attaching appender named [STDOUT] to Logger[ROOT]
12:14:35,456 |-INFO in ch.qos.logback.classic.joran.action.ConfigurationAction - End of configuration.
12:14:35,457 |-INFO in ch.qos.logback.classic.joran.JoranConfigurator@29176cc1 - Registering current configuration as safe fallback point

290        WARN  main            d.u.i.k.s.ProofSettings   The settings in /home/runner/.key/proof-settings.props are *not* read. 
Returning from test project.key
Running test project.key#1
12:15:13,313 |-INFO in ch.qos.logback.classic.LoggerContext[default] - Could NOT find resource [logback-test.xml]
12:15:13,313 |-INFO in ch.qos.logback.classic.LoggerContext[default] - Found resource [logback.xml] at [file:/home/runner/work/key/key/key.core/build/resources/test/logback.xml]
12:15:13,420 |-INFO in ch.qos.logback.classic.joran.action.ConfigurationAction - debug attribute not set
12:15:13,421 |-INFO in ch.qos.logback.core.joran.action.AppenderAction - About to instantiate appender of type [ch.qos.logback.core.ConsoleAppender]
12:15:13,432 |-INFO in ch.qos.logback.core.joran.action.AppenderAction - Naming appender as [STDOUT]
12:15:13,437 |-ERROR in ch.qos.logback.core.joran.spi.Interpreter@3:15 - no applicable action for [file], current ElementPath  is [[configuration][appender][file]]
12:15:13,437 |-ERROR in ch.qos.logback.core.joran.spi.Interpreter@4:17 - no applicable action for [append], current ElementPath  is [[configuration][appender][append]]
12:15:13,438 |-INFO in ch.qos.logback.core.joran.action.NestedComplexPropertyIA - Assuming default type [ch.qos.logback.classic.encoder.PatternLayoutEncoder] for [encoder] property
12:15:13,459 |-INFO in ch.qos.logback.classic.joran.action.RootLoggerAction - Setting level of ROOT logger to WARN
12:15:13,459 |-INFO in ch.qos.logback.core.joran.action.AppenderRefAction - Attaching appender named [STDOUT] to Logger[ROOT]
12:15:13,459 |-INFO in ch.qos.logback.classic.joran.action.ConfigurationAction - End of configuration.
12:15:13,461 |-INFO in ch.qos.logback.classic.joran.JoranConfigurator@29176cc1 - Registering current configuration as safe fallback point

284        WARN  main            d.u.i.k.s.ProofSettings   The settings in /home/runner/.key/proof-settings.props are *not* read. 
Returning from test project.key#1
Running test lcp.key
12:15:27,640 |-INFO in ch.qos.logback.classic.LoggerContext[default] - Could NOT find resource [logback-test.xml]
12:15:27,640 |-INFO in ch.qos.logback.classic.LoggerContext[default] - Found resource [logback.xml] at [file:/home/runner/work/key/key/key.core/build/resources/test/logback.xml]
12:15:27,753 |-INFO in ch.qos.logback.classic.joran.action.ConfigurationAction - debug attribute not set
12:15:27,755 |-INFO in ch.qos.logback.core.joran.action.AppenderAction - About to instantiate appender of type [ch.qos.logback.core.ConsoleAppender]
12:15:27,767 |-INFO in ch.qos.logback.core.joran.action.AppenderAction - Naming appender as [STDOUT]
12:15:27,774 |-ERROR in ch.qos.logback.core.joran.spi.Interpreter@3:15 - no applicable action for [file], current ElementPath  is [[configuration][appender][file]]
12:15:27,775 |-ERROR in ch.qos.logback.core.joran.spi.Interpreter@4:17 - no applicable action for [append], current ElementPath  is [[configuration][appender][append]]
12:15:27,778 |-INFO in ch.qos.logback.core.joran.action.NestedComplexPropertyIA - Assuming default type [ch.qos.logback.classic.encoder.PatternLayoutEncoder] for [encoder] property
12:15:27,799 |-INFO in ch.qos.logback.classic.joran.action.RootLoggerAction - Setting level of ROOT logger to WARN
12:15:27,799 |-INFO in ch.qos.logback.core.joran.action.AppenderRefAction - Attaching appender named [STDOUT] to Logger[ROOT]
12:15:27,799 |-INFO in ch.qos.logback.classic.joran.action.ConfigurationAction - End of configuration.
12:15:27,801 |-INFO in ch.qos.logback.classic.joran.JoranConfigurator@29176cc1 - Registering current configuration as safe fallback point

290        WARN  main            d.u.i.k.s.ProofSettings   The settings in /home/runner/.key/proof-settings.props are *not* read. 
Returning from test lcp.key
Running test project.key#2
12:15:43,702 |-INFO in ch.qos.logback.classic.LoggerContext[default] - Could NOT find resource [logback-test.xml]
12:15:43,703 |-INFO in ch.qos.logback.classic.LoggerContext[default] - Found resource [logback.xml] at [file:/home/runner/work/key/key/key.core/build/resources/test/logback.xml]
12:15:43,811 |-INFO in ch.qos.logback.classic.joran.action.ConfigurationAction - debug attribute not set
12:15:43,811 |-INFO in ch.qos.logback.core.joran.action.AppenderAction - About to instantiate appender of type [ch.qos.logback.core.ConsoleAppender]
12:15:43,823 |-INFO in ch.qos.logback.core.joran.action.AppenderAction - Naming appender as [STDOUT]
12:15:43,827 |-ERROR in ch.qos.logback.core.joran.spi.Interpreter@3:15 - no applicable action for [file], current ElementPath  is [[configuration][appender][file]]
12:15:43,828 |-ERROR in ch.qos.logback.core.joran.spi.Interpreter@4:17 - no applicable action for [append], current ElementPath  is [[configuration][appender][append]]
12:15:43,829 |-INFO in ch.qos.logback.core.joran.action.NestedComplexPropertyIA - Assuming default type [ch.qos.logback.classic.encoder.PatternLayoutEncoder] for [encoder] property
12:15:43,870 |-INFO in ch.qos.logback.classic.joran.action.RootLoggerAction - Setting level of ROOT logger to WARN
12:15:43,870 |-INFO in ch.qos.logback.core.joran.action.AppenderRefAction - Attaching appender named [STDOUT] to Logger[ROOT]
12:15:43,870 |-INFO in ch.qos.logback.classic.joran.action.ConfigurationAction - End of configuration.
12:15:43,873 |-INFO in ch.qos.logback.classic.joran.JoranConfigurator@29176cc1 - Registering current configuration as safe fallback point

312        WARN  main            d.u.i.k.s.ProofSettings   The settings in /home/runner/.key/proof-settings.props are *not* read. 
Returning from test project.key#2
Running test ArrayList_contains.key
12:16:03,333 |-INFO in ch.qos.logback.classic.LoggerContext[default] - Could NOT find resource [logback-test.xml]
12:16:03,334 |-INFO in ch.qos.logback.classic.LoggerContext[default] - Found resource [logback.xml] at [file:/home/runner/work/key/key/key.core/build/resources/test/logback.xml]
12:16:03,456 |-INFO in ch.qos.logback.classic.joran.action.ConfigurationAction - debug attribute not set
12:16:03,457 |-INFO in ch.qos.logback.core.joran.action.AppenderAction - About to instantiate appender of type [ch.qos.logback.core.ConsoleAppender]
12:16:03,471 |-INFO in ch.qos.logback.core.joran.action.AppenderAction - Naming appender as [STDOUT]
12:16:03,479 |-ERROR in ch.qos.logback.core.joran.spi.Interpreter@3:15 - no applicable action for [file], current ElementPath  is [[configuration][appender][file]]
12:16:03,479 |-ERROR in ch.qos.logback.core.joran.spi.Interpreter@4:17 - no applicable action for [append], current ElementPath  is [[configuration][appender][append]]
12:16:03,481 |-INFO in ch.qos.logback.core.joran.action.NestedComplexPropertyIA - Assuming default type [ch.qos.logback.classic.encoder.PatternLayoutEncoder] for [encoder] property
12:16:03,504 |-INFO in ch.qos.logback.classic.joran.action.RootLoggerAction - Setting level of ROOT logger to WARN
12:16:03,504 |-INFO in ch.qos.logback.core.joran.action.AppenderRefAction - Attaching appender named [STDOUT] to Logger[ROOT]
12:16:03,504 |-INFO in ch.qos.logback.classic.joran.action.ConfigurationAction - End of configuration.
12:16:03,506 |-INFO in ch.qos.logback.classic.joran.JoranConfigurator@29176cc1 - Registering current configuration as safe fallback point

315        WARN  main            d.u.i.k.s.ProofSettings   The settings in /home/runner/.key/proof-settings.props are *not* read. 
Returning from test ArrayList_contains.key
Running test ArrayList_get.key
12:16:17,536 |-INFO in ch.qos.logback.classic.LoggerContext[default] - Could NOT find resource [logback-test.xml]
12:16:17,537 |-INFO in ch.qos.logback.classic.LoggerContext[default] - Found resource [logback.xml] at [file:/home/runner/work/key/key/key.core/build/resources/test/logback.xml]
12:16:17,650 |-INFO in ch.qos.logback.classic.joran.action.ConfigurationAction - debug attribute not set
12:16:17,650 |-INFO in ch.qos.logback.core.joran.action.AppenderAction - About to instantiate appender of type [ch.qos.logback.core.ConsoleAppender]
12:16:17,660 |-INFO in ch.qos.logback.core.joran.action.AppenderAction - Naming appender as [STDOUT]
12:16:17,665 |-ERROR in ch.qos.logback.core.joran.spi.Interpreter@3:15 - no applicable action for [file], current ElementPath  is [[configuration][appender][file]]
12:16:17,665 |-ERROR in ch.qos.logback.core.joran.spi.Interpreter@4:17 - no applicable action for [append], current ElementPath  is [[configuration][appender][append]]
12:16:17,666 |-INFO in ch.qos.logback.core.joran.action.NestedComplexPropertyIA - Assuming default type [ch.qos.logback.classic.encoder.PatternLayoutEncoder] for [encoder] property
12:16:17,686 |-INFO in ch.qos.logback.classic.joran.action.RootLoggerAction - Setting level of ROOT logger to WARN
12:16:17,686 |-INFO in ch.qos.logback.core.joran.action.AppenderRefAction - Attaching appender named [STDOUT] to Logger[ROOT]
12:16:17,687 |-INFO in ch.qos.logback.classic.joran.action.ConfigurationAction - End of configuration.
12:16:17,688 |-INFO in ch.qos.logback.classic.joran.JoranConfigurator@29176cc1 - Registering current configuration as safe fallback point

280        WARN  main            d.u.i.k.s.ProofSettings   The settings in /home/runner/.key/proof-settings.props are *not* read. 
Returning from test ArrayList_get.key
Running test ArrayList_size.key
12:16:33,973 |-INFO in ch.qos.logback.classic.LoggerContext[default] - Could NOT find resource [logback-test.xml]
12:16:33,974 |-INFO in ch.qos.logback.classic.LoggerContext[default] - Found resource [logback.xml] at [file:/home/runner/work/key/key/key.core/build/resources/test/logback.xml]
12:16:34,079 |-INFO in ch.qos.logback.classic.joran.action.ConfigurationAction - debug attribute not set
12:16:34,079 |-INFO in ch.qos.logback.core.joran.action.AppenderAction - About to instantiate appender of type [ch.qos.logback.core.ConsoleAppender]
12:16:34,092 |-INFO in ch.qos.logback.core.joran.action.AppenderAction - Naming appender as [STDOUT]
12:16:34,097 |-ERROR in ch.qos.logback.core.joran.spi.Interpreter@3:15 - no applicable action for [file], current ElementPath  is [[configuration][appender][file]]
12:16:34,097 |-ERROR in ch.qos.logback.core.joran.spi.Interpreter@4:17 - no applicable action for [append], current ElementPath  is [[configuration][appender][append]]
12:16:34,098 |-INFO in ch.qos.logback.core.joran.action.NestedComplexPropertyIA - Assuming default type [ch.qos.logback.classic.encoder.PatternLayoutEncoder] for [encoder] property
12:16:34,119 |-INFO in ch.qos.logback.classic.joran.action.RootLoggerAction - Setting level of ROOT logger to WARN
12:16:34,119 |-INFO in ch.qos.logback.core.joran.action.AppenderRefAction - Attaching appender named [STDOUT] to Logger[ROOT]
12:16:34,120 |-INFO in ch.qos.logback.classic.joran.action.ConfigurationAction - End of configuration.
12:16:34,122 |-INFO in ch.qos.logback.classic.joran.JoranConfigurator@29176cc1 - Registering current configuration as safe fallback point

290        WARN  main            d.u.i.k.s.ProofSettings   The settings in /home/runner/.key/proof-settings.props are *not* read. 
Returning from test ArrayList_size.key
Running test UpdateAbstraction_ex7_3_secure.key
12:16:47,500 |-INFO in ch.qos.logback.classic.LoggerContext[default] - Could NOT find resource [logback-test.xml]
12:16:47,501 |-INFO in ch.qos.logback.classic.LoggerContext[default] - Found resource [logback.xml] at [file:/home/runner/work/key/key/key.core/build/resources/test/logback.xml]
12:16:47,601 |-INFO in ch.qos.logback.classic.joran.action.ConfigurationAction - debug attribute not set
12:16:47,601 |-INFO in ch.qos.logback.core.joran.action.AppenderAction - About to instantiate appender of type [ch.qos.logback.core.ConsoleAppender]
12:16:47,612 |-INFO in ch.qos.logback.core.joran.action.AppenderAction - Naming appender as [STDOUT]
12:16:47,617 |-ERROR in ch.qos.logback.core.joran.spi.Interpreter@3:15 - no applicable action for [file], current ElementPath  is [[configuration][appender][file]]
12:16:47,618 |-ERROR in ch.qos.logback.core.joran.spi.Interpreter@4:17 - no applicable action for [append], current ElementPath  is [[configuration][appender][append]]
12:16:47,619 |-INFO in ch.qos.logback.core.joran.action.NestedComplexPropertyIA - Assuming default type [ch.qos.logback.classic.encoder.PatternLayoutEncoder] for [encoder] property
12:16:47,640 |-INFO in ch.qos.logback.classic.joran.action.RootLoggerAction - Setting level of ROOT logger to WARN
12:16:47,640 |-INFO in ch.qos.logback.core.joran.action.AppenderRefAction - Attaching appender named [STDOUT] to Logger[ROOT]
12:16:47,640 |-INFO in ch.qos.logback.classic.joran.action.ConfigurationAction - End of configuration.
12:16:47,642 |-INFO in ch.qos.logback.classic.joran.JoranConfigurator@29176cc1 - Registering current configuration as safe fallback point

277        WARN  main            d.u.i.k.s.ProofSettings   The settings in /home/runner/.key/proof-settings.props are *not* read. 
Returning from test UpdateAbstraction_ex7_3_secure.key
Running test UpdateAbstraction_ex7_4_secure.key
12:17:01,249 |-INFO in ch.qos.logback.classic.LoggerContext[default] - Could NOT find resource [logback-test.xml]
12:17:01,250 |-INFO in ch.qos.logback.classic.LoggerContext[default] - Found resource [logback.xml] at [file:/home/runner/work/key/key/key.core/build/resources/test/logback.xml]
12:17:01,350 |-INFO in ch.qos.logback.classic.joran.action.ConfigurationAction - debug attribute not set
12:17:01,351 |-INFO in ch.qos.logback.core.joran.action.AppenderAction - About to instantiate appender of type [ch.qos.logback.core.ConsoleAppender]
12:17:01,364 |-INFO in ch.qos.logback.core.joran.action.AppenderAction - Naming appender as [STDOUT]
12:17:01,368 |-ERROR in ch.qos.logback.core.joran.spi.Interpreter@3:15 - no applicable action for [file], current ElementPath  is [[configuration][appender][file]]
12:17:01,369 |-ERROR in ch.qos.logback.core.joran.spi.Interpreter@4:17 - no applicable action for [append], current ElementPath  is [[configuration][appender][append]]
12:17:01,372 |-INFO in ch.qos.logback.core.joran.action.NestedComplexPropertyIA - Assuming default type [ch.qos.logback.classic.encoder.PatternLayoutEncoder] for [encoder] property
12:17:01,420 |-INFO in ch.qos.logback.classic.joran.action.RootLoggerAction - Setting level of ROOT logger to WARN
12:17:01,420 |-INFO in ch.qos.logback.core.joran.action.AppenderRefAction - Attaching appender named [STDOUT] to Logger[ROOT]
12:17:01,420 |-INFO in ch.qos.logback.classic.joran.action.ConfigurationAction - End of configuration.
12:17:01,423 |-INFO in ch.qos.logback.classic.joran.JoranConfigurator@29176cc1 - Registering current configuration as safe fallback point

307        WARN  main            d.u.i.k.s.ProofSettings   The settings in /home/runner/.key/proof-settings.props are *not* read. 
Returning from test UpdateAbstraction_ex7_4_secure.key
Running test UpdateAbstraction_ex7_5_secure.key
12:17:15,362 |-INFO in ch.qos.logback.classic.LoggerContext[default] - Could NOT find resource [logback-test.xml]
12:17:15,363 |-INFO in ch.qos.logback.classic.LoggerContext[default] - Found resource [logback.xml] at [file:/home/runner/work/key/key/key.core/build/resources/test/logback.xml]
12:17:15,470 |-INFO in ch.qos.logback.classic.joran.action.ConfigurationAction - debug attribute not set
12:17:15,470 |-INFO in ch.qos.logback.core.joran.action.AppenderAction - About to instantiate appender of type [ch.qos.logback.core.ConsoleAppender]
12:17:15,482 |-INFO in ch.qos.logback.core.joran.action.AppenderAction - Naming appender as [STDOUT]
12:17:15,487 |-ERROR in ch.qos.logback.core.joran.spi.Interpreter@3:15 - no applicable action for [file], current ElementPath  is [[configuration][appender][file]]
12:17:15,487 |-ERROR in ch.qos.logback.core.joran.spi.Interpreter@4:17 - no applicable action for [append], current ElementPath  is [[configuration][appender][append]]
12:17:15,488 |-INFO in ch.qos.logback.core.joran.action.NestedComplexPropertyIA - Assuming default type [ch.qos.logback.classic.encoder.PatternLayoutEncoder] for [encoder] property
12:17:15,508 |-INFO in ch.qos.logback.classic.joran.action.RootLoggerAction - Setting level of ROOT logger to WARN
12:17:15,508 |-INFO in ch.qos.logback.core.joran.action.AppenderRefAction - Attaching appender named [STDOUT] to Logger[ROOT]
12:17:15,509 |-INFO in ch.qos.logback.classic.joran.action.ConfigurationAction - End of configuration.
12:17:15,511 |-INFO in ch.qos.logback.classic.joran.JoranConfigurator@29176cc1 - Registering current configuration as safe fallback point

310        WARN  main            d.u.i.k.s.ProofSettings   The settings in /home/runner/.key/proof-settings.props are *not* read. 
Returning from test UpdateAbstraction_ex7_5_secure.key
Running test UpdateAbstraction_ex7_6_secure.key
12:17:28,459 |-INFO in ch.qos.logback.classic.LoggerContext[default] - Could NOT find resource [logback-test.xml]
12:17:28,460 |-INFO in ch.qos.logback.classic.LoggerContext[default] - Found resource [logback.xml] at [file:/home/runner/work/key/key/key.core/build/resources/test/logback.xml]
12:17:28,562 |-INFO in ch.qos.logback.classic.joran.action.ConfigurationAction - debug attribute not set
12:17:28,563 |-INFO in ch.qos.logback.core.joran.action.AppenderAction - About to instantiate appender of type [ch.qos.logback.core.ConsoleAppender]
12:17:28,578 |-INFO in ch.qos.logback.core.joran.action.AppenderAction - Naming appender as [STDOUT]
12:17:28,583 |-ERROR in ch.qos.logback.core.joran.spi.Interpreter@3:15 - no applicable action for [file], current ElementPath  is [[configuration][appender][file]]
12:17:28,583 |-ERROR in ch.qos.logback.core.joran.spi.Interpreter@4:17 - no applicable action for [append], current ElementPath  is [[configuration][appender][append]]
12:17:28,584 |-INFO in ch.qos.logback.core.joran.action.NestedComplexPropertyIA - Assuming default type [ch.qos.logback.classic.encoder.PatternLayoutEncoder] for [encoder] property
12:17:28,605 |-INFO in ch.qos.logback.classic.joran.action.RootLoggerAction - Setting level of ROOT logger to WARN
12:17:28,605 |-INFO in ch.qos.logback.core.joran.action.AppenderRefAction - Attaching appender named [STDOUT] to Logger[ROOT]
12:17:28,605 |-INFO in ch.qos.logback.classic.joran.action.ConfigurationAction - End of configuration.
12:17:28,607 |-INFO in ch.qos.logback.classic.joran.JoranConfigurator@29176cc1 - Registering current configuration as safe fallback point

279        WARN  main            d.u.i.k.s.ProofSettings   The settings in /home/runner/.key/proof-settings.props are *not* read. 
Returning from test UpdateAbstraction_ex7_6_secure.key
Running test UpdateAbstraction_ex9_secure.key
12:17:43,348 |-INFO in ch.qos.logback.classic.LoggerContext[default] - Could NOT find resource [logback-test.xml]
12:17:43,348 |-INFO in ch.qos.logback.classic.LoggerContext[default] - Found resource [logback.xml] at [file:/home/runner/work/key/key/key.core/build/resources/test/logback.xml]
12:17:43,449 |-INFO in ch.qos.logback.classic.joran.action.ConfigurationAction - debug attribute not set
12:17:43,449 |-INFO in ch.qos.logback.core.joran.action.AppenderAction - About to instantiate appender of type [ch.qos.logback.core.ConsoleAppender]
12:17:43,462 |-INFO in ch.qos.logback.core.joran.action.AppenderAction - Naming appender as [STDOUT]
12:17:43,466 |-ERROR in ch.qos.logback.core.joran.spi.Interpreter@3:15 - no applicable action for [file], current ElementPath  is [[configuration][appender][file]]
12:17:43,466 |-ERROR in ch.qos.logback.core.joran.spi.Interpreter@4:17 - no applicable action for [append], current ElementPath  is [[configuration][appender][append]]
12:17:43,467 |-INFO in ch.qos.logback.core.joran.action.NestedComplexPropertyIA - Assuming default type [ch.qos.logback.classic.encoder.PatternLayoutEncoder] for [encoder] property
12:17:43,489 |-INFO in ch.qos.logback.classic.joran.action.RootLoggerAction - Setting level of ROOT logger to WARN
12:17:43,489 |-INFO in ch.qos.logback.core.joran.action.AppenderRefAction - Attaching appender named [STDOUT] to Logger[ROOT]
12:17:43,490 |-INFO in ch.qos.logback.classic.joran.action.ConfigurationAction - End of configuration.
12:17:43,491 |-INFO in ch.qos.logback.classic.joran.JoranConfigurator@29176cc1 - Registering current configuration as safe fallback point

289        WARN  main            d.u.i.k.s.ProofSettings   The settings in /home/runner/.key/proof-settings.props are *not* read. 
Returning from test UpdateAbstraction_ex9_secure.key
Running test list
12:17:58,946 |-INFO in ch.qos.logback.classic.LoggerContext[default] - Could NOT find resource [logback-test.xml]
12:17:58,947 |-INFO in ch.qos.logback.classic.LoggerContext[default] - Found resource [logback.xml] at [file:/home/runner/work/key/key/key.core/build/resources/test/logback.xml]
12:17:59,046 |-INFO in ch.qos.logback.classic.joran.action.ConfigurationAction - debug attribute not set
12:17:59,047 |-INFO in ch.qos.logback.core.joran.action.AppenderAction - About to instantiate appender of type [ch.qos.logback.core.ConsoleAppender]
12:17:59,058 |-INFO in ch.qos.logback.core.joran.action.AppenderAction - Naming appender as [STDOUT]
12:17:59,063 |-ERROR in ch.qos.logback.core.joran.spi.Interpreter@3:15 - no applicable action for [file], current ElementPath  is [[configuration][appender][file]]
12:17:59,064 |-ERROR in ch.qos.logback.core.joran.spi.Interpreter@4:17 - no applicable action for [append], current ElementPath  is [[configuration][appender][append]]
12:17:59,065 |-INFO in ch.qos.logback.core.joran.action.NestedComplexPropertyIA - Assuming default type [ch.qos.logback.classic.encoder.PatternLayoutEncoder] for [encoder] property
12:17:59,086 |-INFO in ch.qos.logback.classic.joran.action.RootLoggerAction - Setting level of ROOT logger to WARN
12:17:59,086 |-INFO in ch.qos.logback.core.joran.action.AppenderRefAction - Attaching appender named [STDOUT] to Logger[ROOT]
12:17:59,086 |-INFO in ch.qos.logback.classic.joran.action.ConfigurationAction - End of configuration.
12:17:59,088 |-INFO in ch.qos.logback.classic.joran.JoranConfigurator@29176cc1 - Registering current configuration as safe fallback point

295        WARN  main            d.u.i.k.s.ProofSettings   The settings in /home/runner/.key/proof-settings.props are *not* read. 
Returning from test list
Running test list_ghost
12:22:42,307 |-INFO in ch.qos.logback.classic.LoggerContext[default] - Could NOT find resource [logback-test.xml]
12:22:42,308 |-INFO in ch.qos.logback.classic.LoggerContext[default] - Found resource [logback.xml] at [file:/home/runner/work/key/key/key.core/build/resources/test/logback.xml]
12:22:42,408 |-INFO in ch.qos.logback.classic.joran.action.ConfigurationAction - debug attribute not set
12:22:42,408 |-INFO in ch.qos.logback.core.joran.action.AppenderAction - About to instantiate appender of type [ch.qos.logback.core.ConsoleAppender]
12:22:42,426 |-INFO in ch.qos.logback.core.joran.action.AppenderAction - Naming appender as [STDOUT]
12:22:42,430 |-ERROR in ch.qos.logback.core.joran.spi.Interpreter@3:15 - no applicable action for [file], current ElementPath  is [[configuration][appender][file]]
12:22:42,430 |-ERROR in ch.qos.logback.core.joran.spi.Interpreter@4:17 - no applicable action for [append], current ElementPath  is [[configuration][appender][append]]
12:22:42,431 |-INFO in ch.qos.logback.core.joran.action.NestedComplexPropertyIA - Assuming default type [ch.qos.logback.classic.encoder.PatternLayoutEncoder] for [encoder] property
12:22:42,452 |-INFO in ch.qos.logback.classic.joran.action.RootLoggerAction - Setting level of ROOT logger to WARN
12:22:42,452 |-INFO in ch.qos.logback.core.joran.action.AppenderRefAction - Attaching appender named [STDOUT] to Logger[ROOT]
12:22:42,452 |-INFO in ch.qos.logback.classic.joran.action.ConfigurationAction - End of configuration.
12:22:42,454 |-INFO in ch.qos.logback.classic.joran.JoranConfigurator@29176cc1 - Registering current configuration as safe fallback point

269        WARN  main            d.u.i.k.s.ProofSettings   The settings in /home/runner/.key/proof-settings.props are *not* read. 
Returning from test list_ghost
Running test list_recursive
12:23:52,083 |-INFO in ch.qos.logback.classic.LoggerContext[default] - Could NOT find resource [logback-test.xml]
12:23:52,084 |-INFO in ch.qos.logback.classic.LoggerContext[default] - Found resource [logback.xml] at [file:/home/runner/work/key/key/key.core/build/resources/test/logback.xml]
12:23:52,199 |-INFO in ch.qos.logback.classic.joran.action.ConfigurationAction - debug attribute not set
12:23:52,200 |-INFO in ch.qos.logback.core.joran.action.AppenderAction - About to instantiate appender of type [ch.qos.logback.core.ConsoleAppender]
12:23:52,211 |-INFO in ch.qos.logback.core.joran.action.AppenderAction - Naming appender as [STDOUT]
12:23:52,215 |-ERROR in ch.qos.logback.core.joran.spi.Interpreter@3:15 - no applicable action for [file], current ElementPath  is [[configuration][appender][file]]
12:23:52,216 |-ERROR in ch.qos.logback.core.joran.spi.Interpreter@4:17 - no applicable action for [append], current ElementPath  is [[configuration][appender][append]]
12:23:52,217 |-INFO in ch.qos.logback.core.joran.action.NestedComplexPropertyIA - Assuming default type [ch.qos.logback.classic.encoder.PatternLayoutEncoder] for [encoder] property
12:23:52,238 |-INFO in ch.qos.logback.classic.joran.action.RootLoggerAction - Setting level of ROOT logger to WARN
12:23:52,238 |-INFO in ch.qos.logback.core.joran.action.AppenderRefAction - Attaching appender named [STDOUT] to Logger[ROOT]
12:23:52,238 |-INFO in ch.qos.logback.classic.joran.action.ConfigurationAction - End of configuration.
12:23:52,240 |-INFO in ch.qos.logback.classic.joran.JoranConfigurator@29176cc1 - Registering current configuration as safe fallback point

296        WARN  main            d.u.i.k.s.ProofSettings   The settings in /home/runner/.key/proof-settings.props are *not* read. 
Returning from test list_recursive
Running test list_seq
12:24:15,864 |-INFO in ch.qos.logback.classic.LoggerContext[default] - Could NOT find resource [logback-test.xml]
12:24:15,865 |-INFO in ch.qos.logback.classic.LoggerContext[default] - Found resource [logback.xml] at [file:/home/runner/work/key/key/key.core/build/resources/test/logback.xml]
12:24:15,979 |-INFO in ch.qos.logback.classic.joran.action.ConfigurationAction - debug attribute not set
12:24:15,979 |-INFO in ch.qos.logback.core.joran.action.AppenderAction - About to instantiate appender of type [ch.qos.logback.core.ConsoleAppender]
12:24:15,990 |-INFO in ch.qos.logback.core.joran.action.AppenderAction - Naming appender as [STDOUT]
12:24:15,994 |-ERROR in ch.qos.logback.core.joran.spi.Interpreter@3:15 - no applicable action for [file], current ElementPath  is [[configuration][appender][file]]
12:24:15,995 |-ERROR in ch.qos.logback.core.joran.spi.Interpreter@4:17 - no applicable action for [append], current ElementPath  is [[configuration][appender][append]]
12:24:15,996 |-INFO in ch.qos.logback.core.joran.action.NestedComplexPropertyIA - Assuming default type [ch.qos.logback.classic.encoder.PatternLayoutEncoder] for [encoder] property
12:24:16,017 |-INFO in ch.qos.logback.classic.joran.action.RootLoggerAction - Setting level of ROOT logger to WARN
12:24:16,017 |-INFO in ch.qos.logback.core.joran.action.AppenderRefAction - Attaching appender named [STDOUT] to Logger[ROOT]
12:24:16,017 |-INFO in ch.qos.logback.classic.joran.action.ConfigurationAction - End of configuration.
12:24:16,019 |-INFO in ch.qos.logback.classic.joran.JoranConfigurator@29176cc1 - Registering current configuration as safe fallback point

312        WARN  main            d.u.i.k.s.ProofSettings   The settings in /home/runner/.key/proof-settings.props are *not* read. 
Returning from test list_seq
Running test observer
12:26:54,478 |-INFO in ch.qos.logback.classic.LoggerContext[default] - Could NOT find resource [logback-test.xml]
12:26:54,486 |-INFO in ch.qos.logback.classic.LoggerContext[default] - Found resource [logback.xml] at [file:/home/runner/work/key/key/key.core/build/resources/test/logback.xml]
12:26:54,576 |-INFO in ch.qos.logback.classic.joran.action.ConfigurationAction - debug attribute not set
12:26:54,577 |-INFO in ch.qos.logback.core.joran.action.AppenderAction - About to instantiate appender of type [ch.qos.logback.core.ConsoleAppender]
12:26:54,594 |-INFO in ch.qos.logback.core.joran.action.AppenderAction - Naming appender as [STDOUT]
12:26:54,599 |-ERROR in ch.qos.logback.core.joran.spi.Interpreter@3:15 - no applicable action for [file], current ElementPath  is [[configuration][appender][file]]
12:26:54,599 |-ERROR in ch.qos.logback.core.joran.spi.Interpreter@4:17 - no applicable action for [append], current ElementPath  is [[configuration][appender][append]]
12:26:54,600 |-INFO in ch.qos.logback.core.joran.action.NestedComplexPropertyIA - Assuming default type [ch.qos.logback.classic.encoder.PatternLayoutEncoder] for [encoder] property
12:26:54,621 |-INFO in ch.qos.logback.classic.joran.action.RootLoggerAction - Setting level of ROOT logger to WARN
12:26:54,621 |-INFO in ch.qos.logback.core.joran.action.AppenderRefAction - Attaching appender named [STDOUT] to Logger[ROOT]
12:26:54,622 |-INFO in ch.qos.logback.classic.joran.action.ConfigurationAction - End of configuration.
12:26:54,623 |-INFO in ch.qos.logback.classic.joran.JoranConfigurator@29176cc1 - Registering current configuration as safe fallback point

281        WARN  main            d.u.i.k.s.ProofSettings   The settings in /home/runner/.key/proof-settings.props are *not* read. 
Returning from test observer
Running test removeDups
12:28:38,687 |-INFO in ch.qos.logback.classic.LoggerContext[default] - Could NOT find resource [logback-test.xml]
12:28:38,688 |-INFO in ch.qos.logback.classic.LoggerContext[default] - Found resource [logback.xml] at [file:/home/runner/work/key/key/key.core/build/resources/test/logback.xml]
12:28:38,804 |-INFO in ch.qos.logback.classic.joran.action.ConfigurationAction - debug attribute not set
12:28:38,805 |-INFO in ch.qos.logback.core.joran.action.AppenderAction - About to instantiate appender of type [ch.qos.logback.core.ConsoleAppender]
12:28:38,814 |-INFO in ch.qos.logback.core.joran.action.AppenderAction - Naming appender as [STDOUT]
12:28:38,818 |-ERROR in ch.qos.logback.core.joran.spi.Interpreter@3:15 - no applicable action for [file], current ElementPath  is [[configuration][appender][file]]
12:28:38,818 |-ERROR in ch.qos.logback.core.joran.spi.Interpreter@4:17 - no applicable action for [append], current ElementPath  is [[configuration][appender][append]]
12:28:38,819 |-INFO in ch.qos.logback.core.joran.action.NestedComplexPropertyIA - Assuming default type [ch.qos.logback.classic.encoder.PatternLayoutEncoder] for [encoder] property
12:28:38,853 |-INFO in ch.qos.logback.classic.joran.action.RootLoggerAction - Setting level of ROOT logger to WARN
12:28:38,853 |-INFO in ch.qos.logback.core.joran.action.AppenderRefAction - Attaching appender named [STDOUT] to Logger[ROOT]
12:28:38,854 |-INFO in ch.qos.logback.classic.joran.action.ConfigurationAction - End of configuration.
12:28:38,855 |-INFO in ch.qos.logback.classic.joran.JoranConfigurator@29176cc1 - Registering current configuration as safe fallback point

307        WARN  main            d.u.i.k.s.ProofSettings   The settings in /home/runner/.key/proof-settings.props are *not* read. 
Returning from test removeDups
Running test Saddleback_search.key
12:29:20,423 |-INFO in ch.qos.logback.classic.LoggerContext[default] - Could NOT find resource [logback-test.xml]
12:29:20,424 |-INFO in ch.qos.logback.classic.LoggerContext[default] - Found resource [logback.xml] at [file:/home/runner/work/key/key/key.core/build/resources/test/logback.xml]
12:29:20,540 |-INFO in ch.qos.logback.classic.joran.action.ConfigurationAction - debug attribute not set
12:29:20,541 |-INFO in ch.qos.logback.core.joran.action.AppenderAction - About to instantiate appender of type [ch.qos.logback.core.ConsoleAppender]
12:29:20,554 |-INFO in ch.qos.logback.core.joran.action.AppenderAction - Naming appender as [STDOUT]
12:29:20,561 |-ERROR in ch.qos.logback.core.joran.spi.Interpreter@3:15 - no applicable action for [file], current ElementPath  is [[configuration][appender][file]]
12:29:20,562 |-ERROR in ch.qos.logback.core.joran.spi.Interpreter@4:17 - no applicable action for [append], current ElementPath  is [[configuration][appender][append]]
12:29:20,566 |-INFO in ch.qos.logback.core.joran.action.NestedComplexPropertyIA - Assuming default type [ch.qos.logback.classic.encoder.PatternLayoutEncoder] for [encoder] property
12:29:20,606 |-INFO in ch.qos.logback.classic.joran.action.RootLoggerAction - Setting level of ROOT logger to WARN
12:29:20,606 |-INFO in ch.qos.logback.core.joran.action.AppenderRefAction - Attaching appender named [STDOUT] to Logger[ROOT]
12:29:20,607 |-INFO in ch.qos.logback.classic.joran.action.ConfigurationAction - End of configuration.
12:29:20,609 |-INFO in ch.qos.logback.classic.joran.JoranConfigurator@29176cc1 - Registering current configuration as safe fallback point

327        WARN  main            d.u.i.k.s.ProofSettings   The settings in /home/runner/.key/proof-settings.props are *not* read. 
Returning from test Saddleback_search.key
Running test quicksort
12:30:49,442 |-INFO in ch.qos.logback.classic.LoggerContext[default] - Could NOT find resource [logback-test.xml]
12:30:49,443 |-INFO in ch.qos.logback.classic.LoggerContext[default] - Found resource [logback.xml] at [file:/home/runner/work/key/key/key.core/build/resources/test/logback.xml]
12:30:49,562 |-INFO in ch.qos.logback.classic.joran.action.ConfigurationAction - debug attribute not set
12:30:49,563 |-INFO in ch.qos.logback.core.joran.action.AppenderAction - About to instantiate appender of type [ch.qos.logback.core.ConsoleAppender]
12:30:49,583 |-INFO in ch.qos.logback.core.joran.action.AppenderAction - Naming appender as [STDOUT]
12:30:49,588 |-ERROR in ch.qos.logback.core.joran.spi.Interpreter@3:15 - no applicable action for [file], current ElementPath  is [[configuration][appender][file]]
12:30:49,588 |-ERROR in ch.qos.logback.core.joran.spi.Interpreter@4:17 - no applicable action for [append], current ElementPath  is [[configuration][appender][append]]
12:30:49,589 |-INFO in ch.qos.logback.core.joran.action.NestedComplexPropertyIA - Assuming default type [ch.qos.logback.classic.encoder.PatternLayoutEncoder] for [encoder] property
12:30:49,620 |-INFO in ch.qos.logback.classic.joran.action.RootLoggerAction - Setting level of ROOT logger to WARN
12:30:49,620 |-INFO in ch.qos.logback.core.joran.action.AppenderRefAction - Attaching appender named [STDOUT] to Logger[ROOT]
12:30:49,620 |-INFO in ch.qos.logback.classic.joran.action.ConfigurationAction - End of configuration.
12:30:49,622 |-INFO in ch.qos.logback.classic.joran.JoranConfigurator@29176cc1 - Registering current configuration as safe fallback point

314        WARN  main            d.u.i.k.s.ProofSettings   The settings in /home/runner/.key/proof-settings.props are *not* read. 
Returning from test quicksort
Running test simpleTests
12:32:29,795 |-INFO in ch.qos.logback.classic.LoggerContext[default] - Could NOT find resource [logback-test.xml]
12:32:29,796 |-INFO in ch.qos.logback.classic.LoggerContext[default] - Found resource [logback.xml] at [file:/home/runner/work/key/key/key.core/build/resources/test/logback.xml]
12:32:29,893 |-INFO in ch.qos.logback.classic.joran.action.ConfigurationAction - debug attribute not set
12:32:29,894 |-INFO in ch.qos.logback.core.joran.action.AppenderAction - About to instantiate appender of type [ch.qos.logback.core.ConsoleAppender]
12:32:29,906 |-INFO in ch.qos.logback.core.joran.action.AppenderAction - Naming appender as [STDOUT]
12:32:29,910 |-ERROR in ch.qos.logback.core.joran.spi.Interpreter@3:15 - no applicable action for [file], current ElementPath  is [[configuration][appender][file]]
12:32:29,911 |-ERROR in ch.qos.logback.core.joran.spi.Interpreter@4:17 - no applicable action for [append], current ElementPath  is [[configuration][appender][append]]
12:32:29,912 |-INFO in ch.qos.logback.core.joran.action.NestedComplexPropertyIA - Assuming default type [ch.qos.logback.classic.encoder.PatternLayoutEncoder] for [encoder] property
12:32:29,945 |-INFO in ch.qos.logback.classic.joran.action.RootLoggerAction - Setting level of ROOT logger to WARN
12:32:29,945 |-INFO in ch.qos.logback.core.joran.action.AppenderRefAction - Attaching appender named [STDOUT] to Logger[ROOT]
12:32:29,946 |-INFO in ch.qos.logback.classic.joran.action.ConfigurationAction - End of configuration.
12:32:29,947 |-INFO in ch.qos.logback.classic.joran.JoranConfigurator@29176cc1 - Registering current configuration as safe fallback point

285        WARN  main            d.u.i.k.s.ProofSettings   The settings in /home/runner/.key/proof-settings.props are *not* read. 
Returning from test simpleTests
Running test SmansEtAl
12:35:22,465 |-INFO in ch.qos.logback.classic.LoggerContext[default] - Could NOT find resource [logback-test.xml]
12:35:22,466 |-INFO in ch.qos.logback.classic.LoggerContext[default] - Found resource [logback.xml] at [file:/home/runner/work/key/key/key.core/build/resources/test/logback.xml]
12:35:22,571 |-INFO in ch.qos.logback.classic.joran.action.ConfigurationAction - debug attribute not set
12:35:22,571 |-INFO in ch.qos.logback.core.joran.action.AppenderAction - About to instantiate appender of type [ch.qos.logback.core.ConsoleAppender]
12:35:22,586 |-INFO in ch.qos.logback.core.joran.action.AppenderAction - Naming appender as [STDOUT]
12:35:22,590 |-ERROR in ch.qos.logback.core.joran.spi.Interpreter@3:15 - no applicable action for [file], current ElementPath  is [[configuration][appender][file]]
12:35:22,591 |-ERROR in ch.qos.logback.core.joran.spi.Interpreter@4:17 - no applicable action for [append], current ElementPath  is [[configuration][appender][append]]
12:35:22,592 |-INFO in ch.qos.logback.core.joran.action.NestedComplexPropertyIA - Assuming default type [ch.qos.logback.classic.encoder.PatternLayoutEncoder] for [encoder] property
12:35:22,612 |-INFO in ch.qos.logback.classic.joran.action.RootLoggerAction - Setting level of ROOT logger to WARN
12:35:22,613 |-INFO in ch.qos.logback.core.joran.action.AppenderRefAction - Attaching appender named [STDOUT] to Logger[ROOT]
12:35:22,613 |-INFO in ch.qos.logback.classic.joran.action.ConfigurationAction - End of configuration.
12:35:22,615 |-INFO in ch.qos.logback.classic.joran.JoranConfigurator@29176cc1 - Registering current configuration as safe fallback point

286        WARN  main            d.u.i.k.s.ProofSettings   The settings in /home/runner/.key/proof-settings.props are *not* read. 
Returning from test SmansEtAl
Running test VACID0
12:38:51,931 |-INFO in ch.qos.logback.classic.LoggerContext[default] - Could NOT find resource [logback-test.xml]
12:38:51,932 |-INFO in ch.qos.logback.classic.LoggerContext[default] - Found resource [logback.xml] at [file:/home/runner/work/key/key/key.core/build/resources/test/logback.xml]
12:38:52,043 |-INFO in ch.qos.logback.classic.joran.action.ConfigurationAction - debug attribute not set
12:38:52,043 |-INFO in ch.qos.logback.core.joran.action.AppenderAction - About to instantiate appender of type [ch.qos.logback.core.ConsoleAppender]
12:38:52,054 |-INFO in ch.qos.logback.core.joran.action.AppenderAction - Naming appender as [STDOUT]
12:38:52,059 |-ERROR in ch.qos.logback.core.joran.spi.Interpreter@3:15 - no applicable action for [file], current ElementPath  is [[configuration][appender][file]]
12:38:52,059 |-ERROR in ch.qos.logback.core.joran.spi.Interpreter@4:17 - no applicable action for [append], current ElementPath  is [[configuration][appender][append]]
12:38:52,060 |-INFO in ch.qos.logback.core.joran.action.NestedComplexPropertyIA - Assuming default type [ch.qos.logback.classic.encoder.PatternLayoutEncoder] for [encoder] property
12:38:52,080 |-INFO in ch.qos.logback.classic.joran.action.RootLoggerAction - Setting level of ROOT logger to WARN
12:38:52,080 |-INFO in ch.qos.logback.core.joran.action.AppenderRefAction - Attaching appender named [STDOUT] to Logger[ROOT]
12:38:52,081 |-INFO in ch.qos.logback.classic.joran.action.ConfigurationAction - End of configuration.
12:38:52,082 |-INFO in ch.qos.logback.classic.joran.JoranConfigurator@29176cc1 - Registering current configuration as safe fallback point

276        WARN  main            d.u.i.k.s.ProofSettings   The settings in /home/runner/.key/proof-settings.props are *not* read. 
Returning from test VACID0
Running test VSTTE10
12:40:15,201 |-INFO in ch.qos.logback.classic.LoggerContext[default] - Could NOT find resource [logback-test.xml]
12:40:15,203 |-INFO in ch.qos.logback.classic.LoggerContext[default] - Found resource [logback.xml] at [file:/home/runner/work/key/key/key.core/build/resources/test/logback.xml]
12:40:15,322 |-INFO in ch.qos.logback.classic.joran.action.ConfigurationAction - debug attribute not set
12:40:15,323 |-INFO in ch.qos.logback.core.joran.action.AppenderAction - About to instantiate appender of type [ch.qos.logback.core.ConsoleAppender]
12:40:15,334 |-INFO in ch.qos.logback.core.joran.action.AppenderAction - Naming appender as [STDOUT]
12:40:15,342 |-ERROR in ch.qos.logback.core.joran.spi.Interpreter@3:15 - no applicable action for [file], current ElementPath  is [[configuration][appender][file]]
12:40:15,342 |-ERROR in ch.qos.logback.core.joran.spi.Interpreter@4:17 - no applicable action for [append], current ElementPath  is [[configuration][appender][append]]
12:40:15,345 |-INFO in ch.qos.logback.core.joran.action.NestedComplexPropertyIA - Assuming default type [ch.qos.logback.classic.encoder.PatternLayoutEncoder] for [encoder] property
12:40:15,372 |-INFO in ch.qos.logback.classic.joran.action.RootLoggerAction - Setting level of ROOT logger to WARN
12:40:15,372 |-INFO in ch.qos.logback.core.joran.action.AppenderRefAction - Attaching appender named [STDOUT] to Logger[ROOT]
12:40:15,372 |-INFO in ch.qos.logback.classic.joran.action.ConfigurationAction - End of configuration.
12:40:15,374 |-INFO in ch.qos.logback.classic.joran.JoranConfigurator@29176cc1 - Registering current configuration as safe fallback point

322        WARN  main            d.u.i.k.s.ProofSettings   The settings in /home/runner/.key/proof-settings.props are *not* read. 
Returning from test VSTTE10
Running test WeideEtAl
12:43:17,853 |-INFO in ch.qos.logback.classic.LoggerContext[default] - Could NOT find resource [logback-test.xml]
12:43:17,854 |-INFO in ch.qos.logback.classic.LoggerContext[default] - Found resource [logback.xml] at [file:/home/runner/work/key/key/key.core/build/resources/test/logback.xml]
12:43:17,961 |-INFO in ch.qos.logback.classic.joran.action.ConfigurationAction - debug attribute not set
12:43:17,961 |-INFO in ch.qos.logback.core.joran.action.AppenderAction - About to instantiate appender of type [ch.qos.logback.core.ConsoleAppender]
12:43:17,972 |-INFO in ch.qos.logback.core.joran.action.AppenderAction - Naming appender as [STDOUT]
12:43:17,980 |-ERROR in ch.qos.logback.core.joran.spi.Interpreter@3:15 - no applicable action for [file], current ElementPath  is [[configuration][appender][file]]
12:43:17,981 |-ERROR in ch.qos.logback.core.joran.spi.Interpreter@4:17 - no applicable action for [append], current ElementPath  is [[configuration][appender][append]]
12:43:17,984 |-INFO in ch.qos.logback.core.joran.action.NestedComplexPropertyIA - Assuming default type [ch.qos.logback.classic.encoder.PatternLayoutEncoder] for [encoder] property
12:43:18,007 |-INFO in ch.qos.logback.classic.joran.action.RootLoggerAction - Setting level of ROOT logger to WARN
12:43:18,007 |-INFO in ch.qos.logback.core.joran.action.AppenderRefAction - Attaching appender named [STDOUT] to Logger[ROOT]
12:43:18,007 |-INFO in ch.qos.logback.classic.joran.action.ConfigurationAction - End of configuration.
12:43:18,009 |-INFO in ch.qos.logback.classic.joran.JoranConfigurator@29176cc1 - Registering current configuration as safe fallback point

284        WARN  main            d.u.i.k.s.ProofSettings   The settings in /home/runner/.key/proof-settings.props are *not* read. 
Returning from test WeideEtAl
Running test arithmetic
12:43:48,018 |-INFO in ch.qos.logback.classic.LoggerContext[default] - Could NOT find resource [logback-test.xml]
12:43:48,019 |-INFO in ch.qos.logback.classic.LoggerContext[default] - Found resource [logback.xml] at [file:/home/runner/work/key/key/key.core/build/resources/test/logback.xml]
12:43:48,123 |-INFO in ch.qos.logback.classic.joran.action.ConfigurationAction - debug attribute not set
12:43:48,124 |-INFO in ch.qos.logback.core.joran.action.AppenderAction - About to instantiate appender of type [ch.qos.logback.core.ConsoleAppender]
12:43:48,135 |-INFO in ch.qos.logback.core.joran.action.AppenderAction - Naming appender as [STDOUT]
12:43:48,140 |-ERROR in ch.qos.logback.core.joran.spi.Interpreter@3:15 - no applicable action for [file], current ElementPath  is [[configuration][appender][file]]
12:43:48,140 |-ERROR in ch.qos.logback.core.joran.spi.Interpreter@4:17 - no applicable action for [append], current ElementPath  is [[configuration][appender][append]]
12:43:48,141 |-INFO in ch.qos.logback.core.joran.action.NestedComplexPropertyIA - Assuming default type [ch.qos.logback.classic.encoder.PatternLayoutEncoder] for [encoder] property
12:43:48,162 |-INFO in ch.qos.logback.classic.joran.action.RootLoggerAction - Setting level of ROOT logger to WARN
12:43:48,162 |-INFO in ch.qos.logback.core.joran.action.AppenderRefAction - Attaching appender named [STDOUT] to Logger[ROOT]
12:43:48,162 |-INFO in ch.qos.logback.classic.joran.action.ConfigurationAction - End of configuration.
12:43:48,164 |-INFO in ch.qos.logback.classic.joran.JoranConfigurator@29176cc1 - Registering current configuration as safe fallback point

293        WARN  main            d.u.i.k.s.ProofSettings   The settings in /home/runner/.key/proof-settings.props are *not* read. 
Returning from test arithmetic
Running test arrays
12:52:13,757 |-INFO in ch.qos.logback.classic.LoggerContext[default] - Could NOT find resource [logback-test.xml]
12:52:13,758 |-INFO in ch.qos.logback.classic.LoggerContext[default] - Found resource [logback.xml] at [file:/home/runner/work/key/key/key.core/build/resources/test/logback.xml]
12:52:13,865 |-INFO in ch.qos.logback.classic.joran.action.ConfigurationAction - debug attribute not set
12:52:13,865 |-INFO in ch.qos.logback.core.joran.action.AppenderAction - About to instantiate appender of type [ch.qos.logback.core.ConsoleAppender]
12:52:13,876 |-INFO in ch.qos.logback.core.joran.action.AppenderAction - Naming appender as [STDOUT]
12:52:13,884 |-ERROR in ch.qos.logback.core.joran.spi.Interpreter@3:15 - no applicable action for [file], current ElementPath  is [[configuration][appender][file]]
12:52:13,884 |-ERROR in ch.qos.logback.core.joran.spi.Interpreter@4:17 - no applicable action for [append], current ElementPath  is [[configuration][appender][append]]
12:52:13,885 |-INFO in ch.qos.logback.core.joran.action.NestedComplexPropertyIA - Assuming default type [ch.qos.logback.classic.encoder.PatternLayoutEncoder] for [encoder] property
12:52:13,905 |-INFO in ch.qos.logback.classic.joran.action.RootLoggerAction - Setting level of ROOT logger to WARN
12:52:13,905 |-INFO in ch.qos.logback.core.joran.action.AppenderRefAction - Attaching appender named [STDOUT] to Logger[ROOT]
12:52:13,905 |-INFO in ch.qos.logback.classic.joran.action.ConfigurationAction - End of configuration.
12:52:13,907 |-INFO in ch.qos.logback.classic.joran.JoranConfigurator@29176cc1 - Registering current configuration as safe fallback point

283        WARN  main            d.u.i.k.s.ProofSettings   The settings in /home/runner/.key/proof-settings.props are *not* read. 
Returning from test arrays
Running test javadl
12:53:12,657 |-INFO in ch.qos.logback.classic.LoggerContext[default] - Could NOT find resource [logback-test.xml]
12:53:12,658 |-INFO in ch.qos.logback.classic.LoggerContext[default] - Found resource [logback.xml] at [file:/home/runner/work/key/key/key.core/build/resources/test/logback.xml]
12:53:12,757 |-INFO in ch.qos.logback.classic.joran.action.ConfigurationAction - debug attribute not set
12:53:12,758 |-INFO in ch.qos.logback.core.joran.action.AppenderAction - About to instantiate appender of type [ch.qos.logback.core.ConsoleAppender]
12:53:12,769 |-INFO in ch.qos.logback.core.joran.action.AppenderAction - Naming appender as [STDOUT]
12:53:12,774 |-ERROR in ch.qos.logback.core.joran.spi.Interpreter@3:15 - no applicable action for [file], current ElementPath  is [[configuration][appender][file]]
12:53:12,774 |-ERROR in ch.qos.logback.core.joran.spi.Interpreter@4:17 - no applicable action for [append], current ElementPath  is [[configuration][appender][append]]
12:53:12,775 |-INFO in ch.qos.logback.core.joran.action.NestedComplexPropertyIA - Assuming default type [ch.qos.logback.classic.encoder.PatternLayoutEncoder] for [encoder] property
12:53:12,796 |-INFO in ch.qos.logback.classic.joran.action.RootLoggerAction - Setting level of ROOT logger to WARN
12:53:12,796 |-INFO in ch.qos.logback.core.joran.action.AppenderRefAction - Attaching appender named [STDOUT] to Logger[ROOT]
12:53:12,796 |-INFO in ch.qos.logback.classic.joran.action.ConfigurationAction - End of configuration.
12:53:12,798 |-INFO in ch.qos.logback.classic.joran.JoranConfigurator@29176cc1 - Registering current configuration as safe fallback point

286        WARN  main            d.u.i.k.s.ProofSettings   The settings in /home/runner/.key/proof-settings.props are *not* read. 
50129      WARN  main            d.u.i.k.j.r.KeYCrossReferenceNameInfo Datatype java.lang.System declared twice: Once in FILE:/home/runner/work/key/key/key.core/../key.ui/examples/index/.././standard_key/java_dl/./classpath/System.java and once in URL:file:/home/runner/work/key/key/key.core/build/resources/main/de/uka/ilkd/key/java/JavaRedux/java/lang/System.java, Keeping one from URL:file:/home/runner/work/key/key/key.core/build/resources/main/de/uka/ilkd/key/java/JavaRedux/java/lang/System.java 
50129      WARN  main            d.u.i.k.j.r.KeYCrossReferenceNameInfo Datatype java.io.InputStream declared twice: Once in FILE:/home/runner/work/key/key/key.core/../key.ui/examples/index/.././standard_key/java_dl/./classpath/InputStream.java and once in URL:file:/home/runner/work/key/key/key.core/build/resources/main/de/uka/ilkd/key/java/JavaRedux/java/io/InputStream.java, Keeping one from URL:file:/home/runner/work/key/key/key.core/build/resources/main/de/uka/ilkd/key/java/JavaRedux/java/io/InputStream.java 
50129      WARN  main            d.u.i.k.j.r.KeYCrossReferenceNameInfo Datatype java.io.PrintStream declared twice: Once in FILE:/home/runner/work/key/key/key.core/../key.ui/examples/index/.././standard_key/java_dl/./classpath/PrintStream.java and once in URL:file:/home/runner/work/key/key/key.core/build/resources/main/de/uka/ilkd/key/java/JavaRedux/java/io/PrintStream.java, Keeping one from URL:file:/home/runner/work/key/key/key.core/build/resources/main/de/uka/ilkd/key/java/JavaRedux/java/io/PrintStream.java 
53142      WARN  main            d.u.i.k.j.r.KeYCrossReferenceNameInfo Datatype java.lang.System declared twice: Once in FILE:/home/runner/work/key/key/key.core/../key.ui/examples/index/.././standard_key/java_dl/classpath/System.java and once in URL:file:/home/runner/work/key/key/key.core/build/resources/main/de/uka/ilkd/key/java/JavaRedux/java/lang/System.java, Keeping one from URL:file:/home/runner/work/key/key/key.core/build/resources/main/de/uka/ilkd/key/java/JavaRedux/java/lang/System.java 
53143      WARN  main            d.u.i.k.j.r.KeYCrossReferenceNameInfo Datatype java.io.InputStream declared twice: Once in FILE:/home/runner/work/key/key/key.core/../key.ui/examples/index/.././standard_key/java_dl/classpath/InputStream.java and once in URL:file:/home/runner/work/key/key/key.core/build/resources/main/de/uka/ilkd/key/java/JavaRedux/java/io/InputStream.java, Keeping one from URL:file:/home/runner/work/key/key/key.core/build/resources/main/de/uka/ilkd/key/java/JavaRedux/java/io/InputStream.java 
53143      WARN  main            d.u.i.k.j.r.KeYCrossReferenceNameInfo Datatype java.io.PrintStream declared twice: Once in FILE:/home/runner/work/key/key/key.core/../key.ui/examples/index/.././standard_key/java_dl/classpath/PrintStream.java and once in URL:file:/home/runner/work/key/key/key.core/build/resources/main/de/uka/ilkd/key/java/JavaRedux/java/io/PrintStream.java, Keeping one from URL:file:/home/runner/work/key/key/key.core/build/resources/main/de/uka/ilkd/key/java/JavaRedux/java/io/PrintStream.java 
61756      WARN  main            d.u.i.k.j.r.KeYCrossReferenceNameInfo Datatype java.lang.System declared twice: Once in FILE:/home/runner/work/key/key/key.core/../key.ui/examples/index/.././standard_key/java_dl/classpath/System.java and once in URL:file:/home/runner/work/key/key/key.core/build/resources/main/de/uka/ilkd/key/java/JavaRedux/java/lang/System.java, Keeping one from URL:file:/home/runner/work/key/key/key.core/build/resources/main/de/uka/ilkd/key/java/JavaRedux/java/lang/System.java 
61756      WARN  main            d.u.i.k.j.r.KeYCrossReferenceNameInfo Datatype java.io.InputStream declared twice: Once in FILE:/home/runner/work/key/key/key.core/../key.ui/examples/index/.././standard_key/java_dl/classpath/InputStream.java and once in URL:file:/home/runner/work/key/key/key.core/build/resources/main/de/uka/ilkd/key/java/JavaRedux/java/io/InputStream.java, Keeping one from URL:file:/home/runner/work/key/key/key.core/build/resources/main/de/uka/ilkd/key/java/JavaRedux/java/io/InputStream.java 
61756      WARN  main            d.u.i.k.j.r.KeYCrossReferenceNameInfo Datatype java.io.PrintStream declared twice: Once in FILE:/home/runner/work/key/key/key.core/../key.ui/examples/index/.././standard_key/java_dl/classpath/PrintStream.java and once in URL:file:/home/runner/work/key/key/key.core/build/resources/main/de/uka/ilkd/key/java/JavaRedux/java/io/PrintStream.java, Keeping one from URL:file:/home/runner/work/key/key/key.core/build/resources/main/de/uka/ilkd/key/java/JavaRedux/java/io/PrintStream.java 
64771      WARN  main            d.u.i.k.j.r.KeYCrossReferenceNameInfo Datatype java.lang.System declared twice: Once in FILE:/home/runner/work/key/key/key.core/../key.ui/examples/index/.././standard_key/java_dl/classpath/System.java and once in URL:file:/home/runner/work/key/key/key.core/build/resources/main/de/uka/ilkd/key/java/JavaRedux/java/lang/System.java, Keeping one from URL:file:/home/runner/work/key/key/key.core/build/resources/main/de/uka/ilkd/key/java/JavaRedux/java/lang/System.java 
64772      WARN  main            d.u.i.k.j.r.KeYCrossReferenceNameInfo Datatype java.io.InputStream declared twice: Once in FILE:/home/runner/work/key/key/key.core/../key.ui/examples/index/.././standard_key/java_dl/classpath/InputStream.java and once in URL:file:/home/runner/work/key/key/key.core/build/resources/main/de/uka/ilkd/key/java/JavaRedux/java/io/InputStream.java, Keeping one from URL:file:/home/runner/work/key/key/key.core/build/resources/main/de/uka/ilkd/key/java/JavaRedux/java/io/InputStream.java 
64776      WARN  main            d.u.i.k.j.r.KeYCrossReferenceNameInfo Datatype java.io.PrintStream declared twice: Once in FILE:/home/runner/work/key/key/key.core/../key.ui/examples/index/.././standard_key/java_dl/classpath/PrintStream.java and once in URL:file:/home/runner/work/key/key/key.core/build/resources/main/de/uka/ilkd/key/java/JavaRedux/java/io/PrintStream.java, Keeping one from URL:file:/home/runner/work/key/key/key.core/build/resources/main/de/uka/ilkd/key/java/JavaRedux/java/io/PrintStream.java 
87557      WARN  main            d.u.i.k.j.r.KeYCrossReferenceNameInfo Datatype java.lang.System declared twice: Once in FILE:/home/runner/work/key/key/key.core/../key.ui/examples/index/.././standard_key/java_dl/classpath/System.java and once in URL:file:/home/runner/work/key/key/key.core/build/resources/main/de/uka/ilkd/key/java/JavaRedux/java/lang/System.java, Keeping one from URL:file:/home/runner/work/key/key/key.core/build/resources/main/de/uka/ilkd/key/java/JavaRedux/java/lang/System.java 
87558      WARN  main            d.u.i.k.j.r.KeYCrossReferenceNameInfo Datatype java.io.InputStream declared twice: Once in FILE:/home/runner/work/key/key/key.core/../key.ui/examples/index/.././standard_key/java_dl/classpath/InputStream.java and once in URL:file:/home/runner/work/key/key/key.core/build/resources/main/de/uka/ilkd/key/java/JavaRedux/java/io/InputStream.java, Keeping one from URL:file:/home/runner/work/key/key/key.core/build/resources/main/de/uka/ilkd/key/java/JavaRedux/java/io/InputStream.java 
87558      WARN  main            d.u.i.k.j.r.KeYCrossReferenceNameInfo Datatype java.io.PrintStream declared twice: Once in FILE:/home/runner/work/key/key/key.core/../key.ui/examples/index/.././standard_key/java_dl/classpath/PrintStream.java and once in URL:file:/home/runner/work/key/key/key.core/build/resources/main/de/uka/ilkd/key/java/JavaRedux/java/io/PrintStream.java, Keeping one from URL:file:/home/runner/work/key/key/key.core/build/resources/main/de/uka/ilkd/key/java/JavaRedux/java/io/PrintStream.java 
90582      WARN  main            d.u.i.k.j.r.KeYCrossReferenceNameInfo Datatype java.lang.System declared twice: Once in FILE:/home/runner/work/key/key/key.core/../key.ui/examples/index/.././standard_key/java_dl/classpath/System.java and once in URL:file:/home/runner/work/key/key/key.core/build/resources/main/de/uka/ilkd/key/java/JavaRedux/java/lang/System.java, Keeping one from URL:file:/home/runner/work/key/key/key.core/build/resources/main/de/uka/ilkd/key/java/JavaRedux/java/lang/System.java 
90582      WARN  main            d.u.i.k.j.r.KeYCrossReferenceNameInfo Datatype java.io.InputStream declared twice: Once in FILE:/home/runner/work/key/key/key.core/../key.ui/examples/index/.././standard_key/java_dl/classpath/InputStream.java and once in URL:file:/home/runner/work/key/key/key.core/build/resources/main/de/uka/ilkd/key/java/JavaRedux/java/io/InputStream.java, Keeping one from URL:file:/home/runner/work/key/key/key.core/build/resources/main/de/uka/ilkd/key/java/JavaRedux/java/io/InputStream.java 
90582      WARN  main            d.u.i.k.j.r.KeYCrossReferenceNameInfo Datatype java.io.PrintStream declared twice: Once in FILE:/home/runner/work/key/key/key.core/../key.ui/examples/index/.././standard_key/java_dl/classpath/PrintStream.java and once in URL:file:/home/runner/work/key/key/key.core/build/resources/main/de/uka/ilkd/key/java/JavaRedux/java/io/PrintStream.java, Keeping one from URL:file:/home/runner/work/key/key/key.core/build/resources/main/de/uka/ilkd/key/java/JavaRedux/java/io/PrintStream.java 
93206      WARN  main            d.u.i.k.j.r.KeYCrossReferenceNameInfo Datatype java.lang.System declared twice: Once in FILE:/home/runner/work/key/key/key.core/../key.ui/examples/index/.././standard_key/java_dl/classpath/System.java and once in URL:file:/home/runner/work/key/key/key.core/build/resources/main/de/uka/ilkd/key/java/JavaRedux/java/lang/System.java, Keeping one from URL:file:/home/runner/work/key/key/key.core/build/resources/main/de/uka/ilkd/key/java/JavaRedux/java/lang/System.java 
93207      WARN  main            d.u.i.k.j.r.KeYCrossReferenceNameInfo Datatype java.io.InputStream declared twice: Once in FILE:/home/runner/work/key/key/key.core/../key.ui/examples/index/.././standard_key/java_dl/classpath/InputStream.java and once in URL:file:/home/runner/work/key/key/key.core/build/resources/main/de/uka/ilkd/key/java/JavaRedux/java/io/InputStream.java, Keeping one from URL:file:/home/runner/work/key/key/key.core/build/resources/main/de/uka/ilkd/key/java/JavaRedux/java/io/InputStream.java 
93210      WARN  main            d.u.i.k.j.r.KeYCrossReferenceNameInfo Datatype java.io.PrintStream declared twice: Once in FILE:/home/runner/work/key/key/key.core/../key.ui/examples/index/.././standard_key/java_dl/classpath/PrintStream.java and once in URL:file:/home/runner/work/key/key/key.core/build/resources/main/de/uka/ilkd/key/java/JavaRedux/java/io/PrintStream.java, Keeping one from URL:file:/home/runner/work/key/key/key.core/build/resources/main/de/uka/ilkd/key/java/JavaRedux/java/io/PrintStream.java 
96306      WARN  main            d.u.i.k.j.r.KeYCrossReferenceNameInfo Datatype java.lang.System declared twice: Once in FILE:/home/runner/work/key/key/key.core/../key.ui/examples/index/.././standard_key/java_dl/classpath/System.java and once in URL:file:/home/runner/work/key/key/key.core/build/resources/main/de/uka/ilkd/key/java/JavaRedux/java/lang/System.java, Keeping one from URL:file:/home/runner/work/key/key/key.core/build/resources/main/de/uka/ilkd/key/java/JavaRedux/java/lang/System.java 
96306      WARN  main            d.u.i.k.j.r.KeYCrossReferenceNameInfo Datatype java.io.InputStream declared twice: Once in FILE:/home/runner/work/key/key/key.core/../key.ui/examples/index/.././standard_key/java_dl/classpath/InputStream.java and once in URL:file:/home/runner/work/key/key/key.core/build/resources/main/de/uka/ilkd/key/java/JavaRedux/java/io/InputStream.java, Keeping one from URL:file:/home/runner/work/key/key/key.core/build/resources/main/de/uka/ilkd/key/java/JavaRedux/java/io/InputStream.java 
96306      WARN  main            d.u.i.k.j.r.KeYCrossReferenceNameInfo Datatype java.io.PrintStream declared twice: Once in FILE:/home/runner/work/key/key/key.core/../key.ui/examples/index/.././standard_key/java_dl/classpath/PrintStream.java and once in URL:file:/home/runner/work/key/key/key.core/build/resources/main/de/uka/ilkd/key/java/JavaRedux/java/io/PrintStream.java, Keeping one from URL:file:/home/runner/work/key/key/key.core/build/resources/main/de/uka/ilkd/key/java/JavaRedux/java/io/PrintStream.java 
136940     WARN  main            d.u.i.k.j.r.KeYCrossReferenceNameInfo Datatype java.lang.System declared twice: Once in FILE:/home/runner/work/key/key/key.core/../key.ui/examples/index/.././standard_key/java_dl/classpath/System.java and once in URL:file:/home/runner/work/key/key/key.core/build/resources/main/de/uka/ilkd/key/java/JavaRedux/java/lang/System.java, Keeping one from URL:file:/home/runner/work/key/key/key.core/build/resources/main/de/uka/ilkd/key/java/JavaRedux/java/lang/System.java 
136941     WARN  main            d.u.i.k.j.r.KeYCrossReferenceNameInfo Datatype java.io.InputStream declared twice: Once in FILE:/home/runner/work/key/key/key.core/../key.ui/examples/index/.././standard_key/java_dl/classpath/InputStream.java and once in URL:file:/home/runner/work/key/key/key.core/build/resources/main/de/uka/ilkd/key/java/JavaRedux/java/io/InputStream.java, Keeping one from URL:file:/home/runner/work/key/key/key.core/build/resources/main/de/uka/ilkd/key/java/JavaRedux/java/io/InputStream.java 
136942     WARN  main            d.u.i.k.j.r.KeYCrossReferenceNameInfo Datatype java.io.PrintStream declared twice: Once in FILE:/home/runner/work/key/key/key.core/../key.ui/examples/index/.././standard_key/java_dl/classpath/PrintStream.java and once in URL:file:/home/runner/work/key/key/key.core/build/resources/main/de/uka/ilkd/key/java/JavaRedux/java/io/PrintStream.java, Keeping one from URL:file:/home/runner/work/key/key/key.core/build/resources/main/de/uka/ilkd/key/java/JavaRedux/java/io/PrintStream.java 
140039     WARN  main            d.u.i.k.j.r.KeYCrossReferenceNameInfo Datatype java.lang.System declared twice: Once in FILE:/home/runner/work/key/key/key.core/../key.ui/examples/index/.././standard_key/java_dl/classpath/System.java and once in URL:file:/home/runner/work/key/key/key.core/build/resources/main/de/uka/ilkd/key/java/JavaRedux/java/lang/System.java, Keeping one from URL:file:/home/runner/work/key/key/key.core/build/resources/main/de/uka/ilkd/key/java/JavaRedux/java/lang/System.java 
140040     WARN  main            d.u.i.k.j.r.KeYCrossReferenceNameInfo Datatype java.io.InputStream declared twice: Once in FILE:/home/runner/work/key/key/key.core/../key.ui/examples/index/.././standard_key/java_dl/classpath/InputStream.java and once in URL:file:/home/runner/work/key/key/key.core/build/resources/main/de/uka/ilkd/key/java/JavaRedux/java/io/InputStream.java, Keeping one from URL:file:/home/runner/work/key/key/key.core/build/resources/main/de/uka/ilkd/key/java/JavaRedux/java/io/InputStream.java 
140040     WARN  main            d.u.i.k.j.r.KeYCrossReferenceNameInfo Datatype java.io.PrintStream declared twice: Once in FILE:/home/runner/work/key/key/key.core/../key.ui/examples/index/.././standard_key/java_dl/classpath/PrintStream.java and once in URL:file:/home/runner/work/key/key/key.core/build/resources/main/de/uka/ilkd/key/java/JavaRedux/java/io/PrintStream.java, Keeping one from URL:file:/home/runner/work/key/key/key.core/build/resources/main/de/uka/ilkd/key/java/JavaRedux/java/io/PrintStream.java 
153933     WARN  main            d.u.i.k.j.r.KeYCrossReferenceNameInfo Datatype java.lang.System declared twice: Once in FILE:/home/runner/work/key/key/key.core/../key.ui/examples/index/.././standard_key/java_dl/classpath/System.java and once in URL:file:/home/runner/work/key/key/key.core/build/resources/main/de/uka/ilkd/key/java/JavaRedux/java/lang/System.java, Keeping one from URL:file:/home/runner/work/key/key/key.core/build/resources/main/de/uka/ilkd/key/java/JavaRedux/java/lang/System.java 
153933     WARN  main            d.u.i.k.j.r.KeYCrossReferenceNameInfo Datatype java.io.InputStream declared twice: Once in FILE:/home/runner/work/key/key/key.core/../key.ui/examples/index/.././standard_key/java_dl/classpath/InputStream.java and once in URL:file:/home/runner/work/key/key/key.core/build/resources/main/de/uka/ilkd/key/java/JavaRedux/java/io/InputStream.java, Keeping one from URL:file:/home/runner/work/key/key/key.core/build/resources/main/de/uka/ilkd/key/java/JavaRedux/java/io/InputStream.java 
153933     WARN  main            d.u.i.k.j.r.KeYCrossReferenceNameInfo Datatype java.io.PrintStream declared twice: Once in FILE:/home/runner/work/key/key/key.core/../key.ui/examples/index/.././standard_key/java_dl/classpath/PrintStream.java and once in URL:file:/home/runner/work/key/key/key.core/build/resources/main/de/uka/ilkd/key/java/JavaRedux/java/io/PrintStream.java, Keeping one from URL:file:/home/runner/work/key/key/key.core/build/resources/main/de/uka/ilkd/key/java/JavaRedux/java/io/PrintStream.java 
156950     WARN  main            d.u.i.k.j.r.KeYCrossReferenceNameInfo Datatype java.lang.System declared twice: Once in FILE:/home/runner/work/key/key/key.core/../key.ui/examples/index/.././standard_key/java_dl/classpath/System.java and once in URL:file:/home/runner/work/key/key/key.core/build/resources/main/de/uka/ilkd/key/java/JavaRedux/java/lang/System.java, Keeping one from URL:file:/home/runner/work/key/key/key.core/build/resources/main/de/uka/ilkd/key/java/JavaRedux/java/lang/System.java 
156951     WARN  main            d.u.i.k.j.r.KeYCrossReferenceNameInfo Datatype java.io.InputStream declared twice: Once in FILE:/home/runner/work/key/key/key.core/../key.ui/examples/index/.././standard_key/java_dl/classpath/InputStream.java and once in URL:file:/home/runner/work/key/key/key.core/build/resources/main/de/uka/ilkd/key/java/JavaRedux/java/io/InputStream.java, Keeping one from URL:file:/home/runner/work/key/key/key.core/build/resources/main/de/uka/ilkd/key/java/JavaRedux/java/io/InputStream.java 
156951     WARN  main            d.u.i.k.j.r.KeYCrossReferenceNameInfo Datatype java.io.PrintStream declared twice: Once in FILE:/home/runner/work/key/key/key.core/../key.ui/examples/index/.././standard_key/java_dl/classpath/PrintStream.java and once in URL:file:/home/runner/work/key/key/key.core/build/resources/main/de/uka/ilkd/key/java/JavaRedux/java/io/PrintStream.java, Keeping one from URL:file:/home/runner/work/key/key/key.core/build/resources/main/de/uka/ilkd/key/java/JavaRedux/java/io/PrintStream.java 
380219     WARN  main            d.u.i.k.j.r.KeYCrossReferenceNameInfo Datatype java.lang.System declared twice: Once in FILE:/home/runner/work/key/key/key.core/../key.ui/examples/index/.././standard_key/java_dl/./classpath/System.java and once in URL:file:/home/runner/work/key/key/key.core/build/resources/main/de/uka/ilkd/key/java/JavaRedux/java/lang/System.java, Keeping one from URL:file:/home/runner/work/key/key/key.core/build/resources/main/de/uka/ilkd/key/java/JavaRedux/java/lang/System.java 
380220     WARN  main            d.u.i.k.j.r.KeYCrossReferenceNameInfo Datatype java.io.InputStream declared twice: Once in FILE:/home/runner/work/key/key/key.core/../key.ui/examples/index/.././standard_key/java_dl/./classpath/InputStream.java and once in URL:file:/home/runner/work/key/key/key.core/build/resources/main/de/uka/ilkd/key/java/JavaRedux/java/io/InputStream.java, Keeping one from URL:file:/home/runner/work/key/key/key.core/build/resources/main/de/uka/ilkd/key/java/JavaRedux/java/io/InputStream.java 
380220     WARN  main            d.u.i.k.j.r.KeYCrossReferenceNameInfo Datatype java.io.PrintStream declared twice: Once in FILE:/home/runner/work/key/key/key.core/../key.ui/examples/index/.././standard_key/java_dl/./classpath/PrintStream.java and once in URL:file:/home/runner/work/key/key/key.core/build/resources/main/de/uka/ilkd/key/java/JavaRedux/java/io/PrintStream.java, Keeping one from URL:file:/home/runner/work/key/key/key.core/build/resources/main/de/uka/ilkd/key/java/JavaRedux/java/io/PrintStream.java 
387755     WARN  main            d.u.i.k.j.r.KeYCrossReferenceNameInfo Datatype java.lang.System declared twice: Once in FILE:/home/runner/work/key/key/key.core/../key.ui/examples/index/.././standard_key/java_dl/classpath/System.java and once in URL:file:/home/runner/work/key/key/key.core/build/resources/main/de/uka/ilkd/key/java/JavaRedux/java/lang/System.java, Keeping one from URL:file:/home/runner/work/key/key/key.core/build/resources/main/de/uka/ilkd/key/java/JavaRedux/java/lang/System.java 
387755     WARN  main            d.u.i.k.j.r.KeYCrossReferenceNameInfo Datatype java.io.InputStream declared twice: Once in FILE:/home/runner/work/key/key/key.core/../key.ui/examples/index/.././standard_key/java_dl/classpath/InputStream.java and once in URL:file:/home/runner/work/key/key/key.core/build/resources/main/de/uka/ilkd/key/java/JavaRedux/java/io/InputStream.java, Keeping one from URL:file:/home/runner/work/key/key/key.core/build/resources/main/de/uka/ilkd/key/java/JavaRedux/java/io/InputStream.java 
387756     WARN  main            d.u.i.k.j.r.KeYCrossReferenceNameInfo Datatype java.io.PrintStream declared twice: Once in FILE:/home/runner/work/key/key/key.core/../key.ui/examples/index/.././standard_key/java_dl/classpath/PrintStream.java and once in URL:file:/home/runner/work/key/key/key.core/build/resources/main/de/uka/ilkd/key/java/JavaRedux/java/io/PrintStream.java, Keeping one from URL:file:/home/runner/work/key/key/key.core/build/resources/main/de/uka/ilkd/key/java/JavaRedux/java/io/PrintStream.java 
391119     WARN  main            d.u.i.k.j.r.KeYCrossReferenceNameInfo Datatype java.lang.System declared twice: Once in FILE:/home/runner/work/key/key/key.core/../key.ui/examples/index/.././standard_key/java_dl/classpath/System.java and once in URL:file:/home/runner/work/key/key/key.core/build/resources/main/de/uka/ilkd/key/java/JavaRedux/java/lang/System.java, Keeping one from URL:file:/home/runner/work/key/key/key.core/build/resources/main/de/uka/ilkd/key/java/JavaRedux/java/lang/System.java 
391120     WARN  main            d.u.i.k.j.r.KeYCrossReferenceNameInfo Datatype java.io.InputStream declared twice: Once in FILE:/home/runner/work/key/key/key.core/../key.ui/examples/index/.././standard_key/java_dl/classpath/InputStream.java and once in URL:file:/home/runner/work/key/key/key.core/build/resources/main/de/uka/ilkd/key/java/JavaRedux/java/io/InputStream.java, Keeping one from URL:file:/home/runner/work/key/key/key.core/build/resources/main/de/uka/ilkd/key/java/JavaRedux/java/io/InputStream.java 
391120     WARN  main            d.u.i.k.j.r.KeYCrossReferenceNameInfo Datatype java.io.PrintStream declared twice: Once in FILE:/home/runner/work/key/key/key.core/../key.ui/examples/index/.././standard_key/java_dl/classpath/PrintStream.java and once in URL:file:/home/runner/work/key/key/key.core/build/resources/main/de/uka/ilkd/key/java/JavaRedux/java/io/PrintStream.java, Keeping one from URL:file:/home/runner/work/key/key/key.core/build/resources/main/de/uka/ilkd/key/java/JavaRedux/java/io/PrintStream.java 
395740     WARN  main            d.u.i.k.j.r.KeYCrossReferenceNameInfo Datatype java.lang.System declared twice: Once in FILE:/home/runner/work/key/key/key.core/../key.ui/examples/index/.././standard_key/java_dl/classpath/System.java and once in URL:file:/home/runner/work/key/key/key.core/build/resources/main/de/uka/ilkd/key/java/JavaRedux/java/lang/System.java, Keeping one from URL:file:/home/runner/work/key/key/key.core/build/resources/main/de/uka/ilkd/key/java/JavaRedux/java/lang/System.java 
395740     WARN  main            d.u.i.k.j.r.KeYCrossReferenceNameInfo Datatype java.io.InputStream declared twice: Once in FILE:/home/runner/work/key/key/key.core/../key.ui/examples/index/.././standard_key/java_dl/classpath/InputStream.java and once in URL:file:/home/runner/work/key/key/key.core/build/resources/main/de/uka/ilkd/key/java/JavaRedux/java/io/InputStream.java, Keeping one from URL:file:/home/runner/work/key/key/key.core/build/resources/main/de/uka/ilkd/key/java/JavaRedux/java/io/InputStream.java 
395740     WARN  main            d.u.i.k.j.r.KeYCrossReferenceNameInfo Datatype java.io.PrintStream declared twice: Once in FILE:/home/runner/work/key/key/key.core/../key.ui/examples/index/.././standard_key/java_dl/classpath/PrintStream.java and once in URL:file:/home/runner/work/key/key/key.core/build/resources/main/de/uka/ilkd/key/java/JavaRedux/java/io/PrintStream.java, Keeping one from URL:file:/home/runner/work/key/key/key.core/build/resources/main/de/uka/ilkd/key/java/JavaRedux/java/io/PrintStream.java 
534731     WARN  main            d.u.i.k.j.r.KeYCrossReferenceNameInfo Datatype java.lang.System declared twice: Once in FILE:/home/runner/work/key/key/key.core/../key.ui/examples/index/.././standard_key/java_dl/classpath/System.java and once in URL:file:/home/runner/work/key/key/key.core/build/resources/main/de/uka/ilkd/key/java/JavaRedux/java/lang/System.java, Keeping one from URL:file:/home/runner/work/key/key/key.core/build/resources/main/de/uka/ilkd/key/java/JavaRedux/java/lang/System.java 
534731     WARN  main            d.u.i.k.j.r.KeYCrossReferenceNameInfo Datatype java.io.InputStream declared twice: Once in FILE:/home/runner/work/key/key/key.core/../key.ui/examples/index/.././standard_key/java_dl/classpath/InputStream.java and once in URL:file:/home/runner/work/key/key/key.core/build/resources/main/de/uka/ilkd/key/java/JavaRedux/java/io/InputStream.java, Keeping one from URL:file:/home/runner/work/key/key/key.core/build/resources/main/de/uka/ilkd/key/java/JavaRedux/java/io/InputStream.java 
534732     WARN  main            d.u.i.k.j.r.KeYCrossReferenceNameInfo Datatype java.io.PrintStream declared twice: Once in FILE:/home/runner/work/key/key/key.core/../key.ui/examples/index/.././standard_key/java_dl/classpath/PrintStream.java and once in URL:file:/home/runner/work/key/key/key.core/build/resources/main/de/uka/ilkd/key/java/JavaRedux/java/io/PrintStream.java, Keeping one from URL:file:/home/runner/work/key/key/key.core/build/resources/main/de/uka/ilkd/key/java/JavaRedux/java/io/PrintStream.java 
538231     WARN  main            d.u.i.k.j.r.KeYCrossReferenceNameInfo Datatype java.lang.System declared twice: Once in FILE:/home/runner/work/key/key/key.core/../key.ui/examples/index/.././standard_key/java_dl/classpath/System.java and once in URL:file:/home/runner/work/key/key/key.core/build/resources/main/de/uka/ilkd/key/java/JavaRedux/java/lang/System.java, Keeping one from URL:file:/home/runner/work/key/key/key.core/build/resources/main/de/uka/ilkd/key/java/JavaRedux/java/lang/System.java 
538231     WARN  main            d.u.i.k.j.r.KeYCrossReferenceNameInfo Datatype java.io.InputStream declared twice: Once in FILE:/home/runner/work/key/key/key.core/../key.ui/examples/index/.././standard_key/java_dl/classpath/InputStream.java and once in URL:file:/home/runner/work/key/key/key.core/build/resources/main/de/uka/ilkd/key/java/JavaRedux/java/io/InputStream.java, Keeping one from URL:file:/home/runner/work/key/key/key.core/build/resources/main/de/uka/ilkd/key/java/JavaRedux/java/io/InputStream.java 
538232     WARN  main            d.u.i.k.j.r.KeYCrossReferenceNameInfo Datatype java.io.PrintStream declared twice: Once in FILE:/home/runner/work/key/key/key.core/../key.ui/examples/index/.././standard_key/java_dl/classpath/PrintStream.java and once in URL:file:/home/runner/work/key/key/key.core/build/resources/main/de/uka/ilkd/key/java/JavaRedux/java/io/PrintStream.java, Keeping one from URL:file:/home/runner/work/key/key/key.core/build/resources/main/de/uka/ilkd/key/java/JavaRedux/java/io/PrintStream.java 
540834     WARN  main            d.u.i.k.j.r.KeYCrossReferenceNameInfo Datatype java.lang.System declared twice: Once in FILE:/home/runner/work/key/key/key.core/../key.ui/examples/index/.././standard_key/staticInitialisation/classpath/System.java and once in URL:file:/home/runner/work/key/key/key.core/build/resources/main/de/uka/ilkd/key/java/JavaRedux/java/lang/System.java, Keeping one from URL:file:/home/runner/work/key/key/key.core/build/resources/main/de/uka/ilkd/key/java/JavaRedux/java/lang/System.java 
540835     WARN  main            d.u.i.k.j.r.KeYCrossReferenceNameInfo Datatype java.io.PrintStream declared twice: Once in FILE:/home/runner/work/key/key/key.core/../key.ui/examples/index/.././standard_key/staticInitialisation/classpath/PrintStream.java and once in URL:file:/home/runner/work/key/key/key.core/build/resources/main/de/uka/ilkd/key/java/JavaRedux/java/io/PrintStream.java, Keeping one from URL:file:/home/runner/work/key/key/key.core/build/resources/main/de/uka/ilkd/key/java/JavaRedux/java/io/PrintStream.java 
544720     WARN  main            d.u.i.k.j.r.KeYCrossReferenceNameInfo Datatype java.lang.System declared twice: Once in FILE:/home/runner/work/key/key/key.core/../key.ui/examples/index/.././standard_key/staticInitialisation/classpath/System.java and once in URL:file:/home/runner/work/key/key/key.core/build/resources/main/de/uka/ilkd/key/java/JavaRedux/java/lang/System.java, Keeping one from URL:file:/home/runner/work/key/key/key.core/build/resources/main/de/uka/ilkd/key/java/JavaRedux/java/lang/System.java 
544721     WARN  main            d.u.i.k.j.r.KeYCrossReferenceNameInfo Datatype java.io.PrintStream declared twice: Once in FILE:/home/runner/work/key/key/key.core/../key.ui/examples/index/.././standard_key/staticInitialisation/classpath/PrintStream.java and once in URL:file:/home/runner/work/key/key/key.core/build/resources/main/de/uka/ilkd/key/java/JavaRedux/java/io/PrintStream.java, Keeping one from URL:file:/home/runner/work/key/key/key.core/build/resources/main/de/uka/ilkd/key/java/JavaRedux/java/io/PrintStream.java 
547405     WARN  main            d.u.i.k.j.r.KeYCrossReferenceNameInfo Datatype java.lang.System declared twice: Once in FILE:/home/runner/work/key/key/key.core/../key.ui/examples/index/.././standard_key/staticInitialisation/classpath/System.java and once in URL:file:/home/runner/work/key/key/key.core/build/resources/main/de/uka/ilkd/key/java/JavaRedux/java/lang/System.java, Keeping one from URL:file:/home/runner/work/key/key/key.core/build/resources/main/de/uka/ilkd/key/java/JavaRedux/java/lang/System.java 
547406     WARN  main            d.u.i.k.j.r.KeYCrossReferenceNameInfo Datatype java.io.PrintStream declared twice: Once in FILE:/home/runner/work/key/key/key.core/../key.ui/examples/index/.././standard_key/staticInitialisation/classpath/PrintStream.java and once in URL:file:/home/runner/work/key/key/key.core/build/resources/main/de/uka/ilkd/key/java/JavaRedux/java/io/PrintStream.java, Keeping one from URL:file:/home/runner/work/key/key/key.core/build/resources/main/de/uka/ilkd/key/java/JavaRedux/java/io/PrintStream.java 
550622     WARN  main            d.u.i.k.j.r.KeYCrossReferenceNameInfo Datatype java.lang.System declared twice: Once in FILE:/home/runner/work/key/key/key.core/../key.ui/examples/index/.././standard_key/staticInitialisation/classpath/System.java and once in URL:file:/home/runner/work/key/key/key.core/build/resources/main/de/uka/ilkd/key/java/JavaRedux/java/lang/System.java, Keeping one from URL:file:/home/runner/work/key/key/key.core/build/resources/main/de/uka/ilkd/key/java/JavaRedux/java/lang/System.java 
550622     WARN  main            d.u.i.k.j.r.KeYCrossReferenceNameInfo Datatype java.io.PrintStream declared twice: Once in FILE:/home/runner/work/key/key/key.core/../key.ui/examples/index/.././standard_key/staticInitialisation/classpath/PrintStream.java and once in URL:file:/home/runner/work/key/key/key.core/build/resources/main/de/uka/ilkd/key/java/JavaRedux/java/io/PrintStream.java, Keeping one from URL:file:/home/runner/work/key/key/key.core/build/resources/main/de/uka/ilkd/key/java/JavaRedux/java/io/PrintStream.java 
553179     WARN  main            d.u.i.k.j.r.KeYCrossReferenceNameInfo Datatype java.lang.System declared twice: Once in FILE:/home/runner/work/key/key/key.core/../key.ui/examples/index/.././standard_key/staticInitialisation/classpath/System.java and once in URL:file:/home/runner/work/key/key/key.core/build/resources/main/de/uka/ilkd/key/java/JavaRedux/java/lang/System.java, Keeping one from URL:file:/home/runner/work/key/key/key.core/build/resources/main/de/uka/ilkd/key/java/JavaRedux/java/lang/System.java 
553179     WARN  main            d.u.i.k.j.r.KeYCrossReferenceNameInfo Datatype java.io.PrintStream declared twice: Once in FILE:/home/runner/work/key/key/key.core/../key.ui/examples/index/.././standard_key/staticInitialisation/classpath/PrintStream.java and once in URL:file:/home/runner/work/key/key/key.core/build/resources/main/de/uka/ilkd/key/java/JavaRedux/java/io/PrintStream.java, Keeping one from URL:file:/home/runner/work/key/key/key.core/build/resources/main/de/uka/ilkd/key/java/JavaRedux/java/io/PrintStream.java 
556433     WARN  main            d.u.i.k.j.r.KeYCrossReferenceNameInfo Datatype java.lang.System declared twice: Once in FILE:/home/runner/work/key/key/key.core/../key.ui/examples/index/.././standard_key/staticInitialisation/classpath/System.java and once in URL:file:/home/runner/work/key/key/key.core/build/resources/main/de/uka/ilkd/key/java/JavaRedux/java/lang/System.java, Keeping one from URL:file:/home/runner/work/key/key/key.core/build/resources/main/de/uka/ilkd/key/java/JavaRedux/java/lang/System.java 
556434     WARN  main            d.u.i.k.j.r.KeYCrossReferenceNameInfo Datatype java.io.PrintStream declared twice: Once in FILE:/home/runner/work/key/key/key.core/../key.ui/examples/index/.././standard_key/staticInitialisation/classpath/PrintStream.java and once in URL:file:/home/runner/work/key/key/key.core/build/resources/main/de/uka/ilkd/key/java/JavaRedux/java/io/PrintStream.java, Keeping one from URL:file:/home/runner/work/key/key/key.core/build/resources/main/de/uka/ilkd/key/java/JavaRedux/java/io/PrintStream.java 
558974     WARN  main            d.u.i.k.j.r.KeYCrossReferenceNameInfo Datatype java.lang.System declared twice: Once in FILE:/home/runner/work/key/key/key.core/../key.ui/examples/index/.././standard_key/staticInitialisation/classpath/System.java and once in URL:file:/home/runner/work/key/key/key.core/build/resources/main/de/uka/ilkd/key/java/JavaRedux/java/lang/System.java, Keeping one from URL:file:/home/runner/work/key/key/key.core/build/resources/main/de/uka/ilkd/key/java/JavaRedux/java/lang/System.java 
558975     WARN  main            d.u.i.k.j.r.KeYCrossReferenceNameInfo Datatype java.io.PrintStream declared twice: Once in FILE:/home/runner/work/key/key/key.core/../key.ui/examples/index/.././standard_key/staticInitialisation/classpath/PrintStream.java and once in URL:file:/home/runner/work/key/key/key.core/build/resources/main/de/uka/ilkd/key/java/JavaRedux/java/io/PrintStream.java, Keeping one from URL:file:/home/runner/work/key/key/key.core/build/resources/main/de/uka/ilkd/key/java/JavaRedux/java/io/PrintStream.java 
562342     WARN  main            d.u.i.k.j.r.KeYCrossReferenceNameInfo Datatype java.lang.System declared twice: Once in FILE:/home/runner/work/key/key/key.core/../key.ui/examples/index/.././standard_key/staticInitialisation/classpath/System.java and once in URL:file:/home/runner/work/key/key/key.core/build/resources/main/de/uka/ilkd/key/java/JavaRedux/java/lang/System.java, Keeping one from URL:file:/home/runner/work/key/key/key.core/build/resources/main/de/uka/ilkd/key/java/JavaRedux/java/lang/System.java 
562342     WARN  main            d.u.i.k.j.r.KeYCrossReferenceNameInfo Datatype java.io.PrintStream declared twice: Once in FILE:/home/runner/work/key/key/key.core/../key.ui/examples/index/.././standard_key/staticInitialisation/classpath/PrintStream.java and once in URL:file:/home/runner/work/key/key/key.core/build/resources/main/de/uka/ilkd/key/java/JavaRedux/java/io/PrintStream.java, Keeping one from URL:file:/home/runner/work/key/key/key.core/build/resources/main/de/uka/ilkd/key/java/JavaRedux/java/io/PrintStream.java 
565033     WARN  main            d.u.i.k.j.r.KeYCrossReferenceNameInfo Datatype java.lang.System declared twice: Once in FILE:/home/runner/work/key/key/key.core/../key.ui/examples/index/.././standard_key/staticInitialisation/classpath/System.java and once in URL:file:/home/runner/work/key/key/key.core/build/resources/main/de/uka/ilkd/key/java/JavaRedux/java/lang/System.java, Keeping one from URL:file:/home/runner/work/key/key/key.core/build/resources/main/de/uka/ilkd/key/java/JavaRedux/java/lang/System.java 
565033     WARN  main            d.u.i.k.j.r.KeYCrossReferenceNameInfo Datatype java.io.PrintStream declared twice: Once in FILE:/home/runner/work/key/key/key.core/../key.ui/examples/index/.././standard_key/staticInitialisation/classpath/PrintStream.java and once in URL:file:/home/runner/work/key/key/key.core/build/resources/main/de/uka/ilkd/key/java/JavaRedux/java/io/PrintStream.java, Keeping one from URL:file:/home/runner/work/key/key/key.core/build/resources/main/de/uka/ilkd/key/java/JavaRedux/java/io/PrintStream.java 
568423     WARN  main            d.u.i.k.j.r.KeYCrossReferenceNameInfo Datatype java.lang.System declared twice: Once in FILE:/home/runner/work/key/key/key.core/../key.ui/examples/index/.././standard_key/staticInitialisation/classpath/System.java and once in URL:file:/home/runner/work/key/key/key.core/build/resources/main/de/uka/ilkd/key/java/JavaRedux/java/lang/System.java, Keeping one from URL:file:/home/runner/work/key/key/key.core/build/resources/main/de/uka/ilkd/key/java/JavaRedux/java/lang/System.java 
568424     WARN  main            d.u.i.k.j.r.KeYCrossReferenceNameInfo Datatype java.io.PrintStream declared twice: Once in FILE:/home/runner/work/key/key/key.core/../key.ui/examples/index/.././standard_key/staticInitialisation/classpath/PrintStream.java and once in URL:file:/home/runner/work/key/key/key.core/build/resources/main/de/uka/ilkd/key/java/JavaRedux/java/io/PrintStream.java, Keeping one from URL:file:/home/runner/work/key/key/key.core/build/resources/main/de/uka/ilkd/key/java/JavaRedux/java/io/PrintStream.java 
571025     WARN  main            d.u.i.k.j.r.KeYCrossReferenceNameInfo Datatype java.lang.System declared twice: Once in FILE:/home/runner/work/key/key/key.core/../key.ui/examples/index/.././standard_key/staticInitialisation/classpath/System.java and once in URL:file:/home/runner/work/key/key/key.core/build/resources/main/de/uka/ilkd/key/java/JavaRedux/java/lang/System.java, Keeping one from URL:file:/home/runner/work/key/key/key.core/build/resources/main/de/uka/ilkd/key/java/JavaRedux/java/lang/System.java 
571025     WARN  main            d.u.i.k.j.r.KeYCrossReferenceNameInfo Datatype java.io.PrintStream declared twice: Once in FILE:/home/runner/work/key/key/key.core/../key.ui/examples/index/.././standard_key/staticInitialisation/classpath/PrintStream.java and once in URL:file:/home/runner/work/key/key/key.core/build/resources/main/de/uka/ilkd/key/java/JavaRedux/java/io/PrintStream.java, Keeping one from URL:file:/home/runner/work/key/key/key.core/build/resources/main/de/uka/ilkd/key/java/JavaRedux/java/io/PrintStream.java 
587337     WARN  main            d.u.i.k.j.r.KeYCrossReferenceNameInfo Datatype java.lang.System declared twice: Once in FILE:/home/runner/work/key/key/key.core/../key.ui/examples/index/.././standard_key/staticInitialisation/classpath/System.java and once in URL:file:/home/runner/work/key/key/key.core/build/resources/main/de/uka/ilkd/key/java/JavaRedux/java/lang/System.java, Keeping one from URL:file:/home/runner/work/key/key/key.core/build/resources/main/de/uka/ilkd/key/java/JavaRedux/java/lang/System.java 
587337     WARN  main            d.u.i.k.j.r.KeYCrossReferenceNameInfo Datatype java.io.PrintStream declared twice: Once in FILE:/home/runner/work/key/key/key.core/../key.ui/examples/index/.././standard_key/staticInitialisation/classpath/PrintStream.java and once in URL:file:/home/runner/work/key/key/key.core/build/resources/main/de/uka/ilkd/key/java/JavaRedux/java/io/PrintStream.java, Keeping one from URL:file:/home/runner/work/key/key/key.core/build/resources/main/de/uka/ilkd/key/java/JavaRedux/java/io/PrintStream.java 
592332     WARN  main            d.u.i.k.j.r.KeYCrossReferenceNameInfo Datatype java.lang.System declared twice: Once in FILE:/home/runner/work/key/key/key.core/../key.ui/examples/index/.././standard_key/staticInitialisation/classpath/System.java and once in URL:file:/home/runner/work/key/key/key.core/build/resources/main/de/uka/ilkd/key/java/JavaRedux/java/lang/System.java, Keeping one from URL:file:/home/runner/work/key/key/key.core/build/resources/main/de/uka/ilkd/key/java/JavaRedux/java/lang/System.java 
592333     WARN  main            d.u.i.k.j.r.KeYCrossReferenceNameInfo Datatype java.io.PrintStream declared twice: Once in FILE:/home/runner/work/key/key/key.core/../key.ui/examples/index/.././standard_key/staticInitialisation/classpath/PrintStream.java and once in URL:file:/home/runner/work/key/key/key.core/build/resources/main/de/uka/ilkd/key/java/JavaRedux/java/io/PrintStream.java, Keeping one from URL:file:/home/runner/work/key/key/key.core/build/resources/main/de/uka/ilkd/key/java/JavaRedux/java/io/PrintStream.java 
595877     WARN  main            d.u.i.k.j.r.KeYCrossReferenceNameInfo Datatype java.lang.System declared twice: Once in FILE:/home/runner/work/key/key/key.core/../key.ui/examples/index/.././standard_key/staticInitialisation/classpath/System.java and once in URL:file:/home/runner/work/key/key/key.core/build/resources/main/de/uka/ilkd/key/java/JavaRedux/java/lang/System.java, Keeping one from URL:file:/home/runner/work/key/key/key.core/build/resources/main/de/uka/ilkd/key/java/JavaRedux/java/lang/System.java 
595877     WARN  main            d.u.i.k.j.r.KeYCrossReferenceNameInfo Datatype java.io.PrintStream declared twice: Once in FILE:/home/runner/work/key/key/key.core/../key.ui/examples/index/.././standard_key/staticInitialisation/classpath/PrintStream.java and once in URL:file:/home/runner/work/key/key/key.core/build/resources/main/de/uka/ilkd/key/java/JavaRedux/java/io/PrintStream.java, Keeping one from URL:file:/home/runner/work/key/key/key.core/build/resources/main/de/uka/ilkd/key/java/JavaRedux/java/io/PrintStream.java 
604165     WARN  main            d.u.i.k.j.r.KeYCrossReferenceNameInfo Datatype cp.C declared twice: Once in FILE:/home/runner/work/key/key/key.core/../key.ui/examples/index/../../../key.core/src/test/resources/testcase/classpath/classpath/C.class and once in FILE:/home/runner/work/key/key/key.core/../key.ui/examples/index/../../../key.core/src/test/resources/testcase/classpath/classpath/C.jml, Keeping one from FILE:/home/runner/work/key/key/key.core/../key.ui/examples/index/../../../key.core/src/test/resources/testcase/classpath/classpath/C.jml 
607471     WARN  main            d.u.i.k.j.r.KeYCrossReferenceNameInfo Datatype cp.C declared twice: Once in FILE:/home/runner/work/key/key/key.core/../key.ui/examples/index/../../../key.core/src/test/resources/testcase/classpath/classpath/C.class and once in FILE:/home/runner/work/key/key/key.core/../key.ui/examples/index/../../../key.core/src/test/resources/testcase/classpath/classpath/C.jml, Keeping one from FILE:/home/runner/work/key/key/key.core/../key.ui/examples/index/../../../key.core/src/test/resources/testcase/classpath/classpath/C.jml 
Returning from test javadl
Running test FOL
13:03:29,416 |-INFO in ch.qos.logback.classic.LoggerContext[default] - Could NOT find resource [logback-test.xml]
13:03:29,417 |-INFO in ch.qos.logback.classic.LoggerContext[default] - Found resource [logback.xml] at [file:/home/runner/work/key/key/key.core/build/resources/test/logback.xml]
13:03:29,523 |-INFO in ch.qos.logback.classic.joran.action.ConfigurationAction - debug attribute not set
13:03:29,523 |-INFO in ch.qos.logback.core.joran.action.AppenderAction - About to instantiate appender of type [ch.qos.logback.core.ConsoleAppender]
13:03:29,535 |-INFO in ch.qos.logback.core.joran.action.AppenderAction - Naming appender as [STDOUT]
13:03:29,539 |-ERROR in ch.qos.logback.core.joran.spi.Interpreter@3:15 - no applicable action for [file], current ElementPath  is [[configuration][appender][file]]
13:03:29,539 |-ERROR in ch.qos.logback.core.joran.spi.Interpreter@4:17 - no applicable action for [append], current ElementPath  is [[configuration][appender][append]]
13:03:29,540 |-INFO in ch.qos.logback.core.joran.action.NestedComplexPropertyIA - Assuming default type [ch.qos.logback.classic.encoder.PatternLayoutEncoder] for [encoder] property
13:03:29,560 |-INFO in ch.qos.logback.classic.joran.action.RootLoggerAction - Setting level of ROOT logger to WARN
13:03:29,560 |-INFO in ch.qos.logback.core.joran.action.AppenderRefAction - Attaching appender named [STDOUT] to Logger[ROOT]
13:03:29,561 |-INFO in ch.qos.logback.classic.joran.action.ConfigurationAction - End of configuration.
13:03:29,562 |-INFO in ch.qos.logback.classic.joran.JoranConfigurator@29176cc1 - Registering current configuration as safe fallback point

270        WARN  main            d.u.i.k.s.ProofSettings   The settings in /home/runner/.key/proof-settings.props are *not* read. 
Returning from test FOL
Running test strings
13:08:40,554 |-INFO in ch.qos.logback.classic.LoggerContext[default] - Could NOT find resource [logback-test.xml]
13:08:40,555 |-INFO in ch.qos.logback.classic.LoggerContext[default] - Found resource [logback.xml] at [file:/home/runner/work/key/key/key.core/build/resources/test/logback.xml]
13:08:40,664 |-INFO in ch.qos.logback.classic.joran.action.ConfigurationAction - debug attribute not set
13:08:40,664 |-INFO in ch.qos.logback.core.joran.action.AppenderAction - About to instantiate appender of type [ch.qos.logback.core.ConsoleAppender]
13:08:40,680 |-INFO in ch.qos.logback.core.joran.action.AppenderAction - Naming appender as [STDOUT]
13:08:40,685 |-ERROR in ch.qos.logback.core.joran.spi.Interpreter@3:15 - no applicable action for [file], current ElementPath  is [[configuration][appender][file]]
13:08:40,686 |-ERROR in ch.qos.logback.core.joran.spi.Interpreter@4:17 - no applicable action for [append], current ElementPath  is [[configuration][appender][append]]
13:08:40,689 |-INFO in ch.qos.logback.core.joran.action.NestedComplexPropertyIA - Assuming default type [ch.qos.logback.classic.encoder.PatternLayoutEncoder] for [encoder] property
13:08:40,726 |-INFO in ch.qos.logback.classic.joran.action.RootLoggerAction - Setting level of ROOT logger to WARN
13:08:40,726 |-INFO in ch.qos.logback.core.joran.action.AppenderRefAction - Attaching appender named [STDOUT] to Logger[ROOT]
13:08:40,727 |-INFO in ch.qos.logback.classic.joran.action.ConfigurationAction - End of configuration.
13:08:40,730 |-INFO in ch.qos.logback.classic.joran.JoranConfigurator@29176cc1 - Registering current configuration as safe fallback point

297        WARN  main            d.u.i.k.s.ProofSettings   The settings in /home/runner/.key/proof-settings.props are *not* read. 
Returning from test strings
Running test simple_info_flow
13:11:27,467 |-INFO in ch.qos.logback.classic.LoggerContext[default] - Could NOT find resource [logback-test.xml]
13:11:27,468 |-INFO in ch.qos.logback.classic.LoggerContext[default] - Found resource [logback.xml] at [file:/home/runner/work/key/key/key.core/build/resources/test/logback.xml]
13:11:27,569 |-INFO in ch.qos.logback.classic.joran.action.ConfigurationAction - debug attribute not set
13:11:27,569 |-INFO in ch.qos.logback.core.joran.action.AppenderAction - About to instantiate appender of type [ch.qos.logback.core.ConsoleAppender]
13:11:27,581 |-INFO in ch.qos.logback.core.joran.action.AppenderAction - Naming appender as [STDOUT]
13:11:27,585 |-ERROR in ch.qos.logback.core.joran.spi.Interpreter@3:15 - no applicable action for [file], current ElementPath  is [[configuration][appender][file]]
13:11:27,586 |-ERROR in ch.qos.logback.core.joran.spi.Interpreter@4:17 - no applicable action for [append], current ElementPath  is [[configuration][appender][append]]
13:11:27,587 |-INFO in ch.qos.logback.core.joran.action.NestedComplexPropertyIA - Assuming default type [ch.qos.logback.classic.encoder.PatternLayoutEncoder] for [encoder] property
13:11:27,607 |-INFO in ch.qos.logback.classic.joran.action.RootLoggerAction - Setting level of ROOT logger to WARN
13:11:27,607 |-INFO in ch.qos.logback.core.joran.action.AppenderRefAction - Attaching appender named [STDOUT] to Logger[ROOT]
13:11:27,608 |-INFO in ch.qos.logback.classic.joran.action.ConfigurationAction - End of configuration.
13:11:27,609 |-INFO in ch.qos.logback.classic.joran.JoranConfigurator@29176cc1 - Registering current configuration as safe fallback point

269        WARN  main            d.u.i.k.s.ProofSettings   The settings in /home/runner/.key/proof-settings.props are *not* read. 
Returning from test simple_info_flow
Running test modelMethods
13:11:41,044 |-INFO in ch.qos.logback.classic.LoggerContext[default] - Could NOT find resource [logback-test.xml]
13:11:41,045 |-INFO in ch.qos.logback.classic.LoggerContext[default] - Found resource [logback.xml] at [file:/home/runner/work/key/key/key.core/build/resources/test/logback.xml]
13:11:41,180 |-INFO in ch.qos.logback.classic.joran.action.ConfigurationAction - debug attribute not set
13:11:41,180 |-INFO in ch.qos.logback.core.joran.action.AppenderAction - About to instantiate appender of type [ch.qos.logback.core.ConsoleAppender]
13:11:41,197 |-INFO in ch.qos.logback.core.joran.action.AppenderAction - Naming appender as [STDOUT]
13:11:41,201 |-ERROR in ch.qos.logback.core.joran.spi.Interpreter@3:15 - no applicable action for [file], current ElementPath  is [[configuration][appender][file]]
13:11:41,202 |-ERROR in ch.qos.logback.core.joran.spi.Interpreter@4:17 - no applicable action for [append], current ElementPath  is [[configuration][appender][append]]
13:11:41,203 |-INFO in ch.qos.logback.core.joran.action.NestedComplexPropertyIA - Assuming default type [ch.qos.logback.classic.encoder.PatternLayoutEncoder] for [encoder] property
13:11:41,223 |-INFO in ch.qos.logback.classic.joran.action.RootLoggerAction - Setting level of ROOT logger to WARN
13:11:41,223 |-INFO in ch.qos.logback.core.joran.action.AppenderRefAction - Attaching appender named [STDOUT] to Logger[ROOT]
13:11:41,223 |-INFO in ch.qos.logback.classic.joran.action.ConfigurationAction - End of configuration.
13:11:41,225 |-INFO in ch.qos.logback.classic.joran.JoranConfigurator@29176cc1 - Registering current configuration as safe fallback point

316        WARN  main            d.u.i.k.s.ProofSettings   The settings in /home/runner/.key/proof-settings.props are *not* read. 
Returning from test modelMethods
Running test permissionHeap
13:14:51,377 |-INFO in ch.qos.logback.classic.LoggerContext[default] - Could NOT find resource [logback-test.xml]
13:14:51,378 |-INFO in ch.qos.logback.classic.LoggerContext[default] - Found resource [logback.xml] at [file:/home/runner/work/key/key/key.core/build/resources/test/logback.xml]
13:14:51,495 |-INFO in ch.qos.logback.classic.joran.action.ConfigurationAction - debug attribute not set
13:14:51,496 |-INFO in ch.qos.logback.core.joran.action.AppenderAction - About to instantiate appender of type [ch.qos.logback.core.ConsoleAppender]
13:14:51,507 |-INFO in ch.qos.logback.core.joran.action.AppenderAction - Naming appender as [STDOUT]
13:14:51,512 |-ERROR in ch.qos.logback.core.joran.spi.Interpreter@3:15 - no applicable action for [file], current ElementPath  is [[configuration][appender][file]]
13:14:51,512 |-ERROR in ch.qos.logback.core.joran.spi.Interpreter@4:17 - no applicable action for [append], current ElementPath  is [[configuration][appender][append]]
13:14:51,515 |-INFO in ch.qos.logback.core.joran.action.NestedComplexPropertyIA - Assuming default type [ch.qos.logback.classic.encoder.PatternLayoutEncoder] for [encoder] property
13:14:51,554 |-INFO in ch.qos.logback.classic.joran.action.RootLoggerAction - Setting level of ROOT logger to WARN
13:14:51,554 |-INFO in ch.qos.logback.core.joran.action.AppenderRefAction - Attaching appender named [STDOUT] to Logger[ROOT]
13:14:51,555 |-INFO in ch.qos.logback.classic.joran.action.ConfigurationAction - End of configuration.
13:14:51,556 |-INFO in ch.qos.logback.classic.joran.JoranConfigurator@29176cc1 - Registering current configuration as safe fallback point

321        WARN  main            d.u.i.k.s.ProofSettings   The settings in /home/runner/.key/proof-settings.props are *not* read. 
913939     WARN  main            d.u.i.k.p.i.IntermediateProofReplayer Proof contains wrong number of \assumes instatiations for Definition_axiom_for_stateInv_in_Plotter 
913958     WARN  main            d.u.i.k.p.i.IntermediateProofReplayer Proof contains wrong number of \assumes instatiations for Definition_axiom_for_stateInv_in_Plotter 
913960     WARN  main            d.u.i.k.p.i.IntermediateProofReplayer Proof contains wrong number of \assumes instatiations for Definition_axiom_for_workingPermissions_in_Plotter 
913961     WARN  main            d.u.i.k.p.i.IntermediateProofReplayer Proof contains wrong number of \assumes instatiations for Definition_axiom_for_staticPermissions_in_Plotter 
913961     WARN  main            d.u.i.k.p.i.IntermediateProofReplayer Proof contains wrong number of \assumes instatiations for Definition_axiom_for_joinTransfer_in_Plotter 
913963     WARN  main            d.u.i.k.p.i.IntermediateProofReplayer Proof contains wrong number of \assumes instatiations for Definition_axiom_for_stateInv_in_BFilter 
913965     WARN  main            d.u.i.k.p.i.IntermediateProofReplayer Proof contains wrong number of \assumes instatiations for Definition_axiom_for_stateInv_in_AFilter 
913967     WARN  main            d.u.i.k.p.i.IntermediateProofReplayer Proof contains wrong number of \assumes instatiations for Definition_axiom_for_stateInv_in_BFilter 
913970     WARN  main            d.u.i.k.p.i.IntermediateProofReplayer Proof contains wrong number of \assumes instatiations for Definition_axiom_for_stateInv_in_AFilter 
913975     WARN  main            d.u.i.k.p.i.IntermediateProofReplayer Proof contains wrong number of \assumes instatiations for Definition_axiom_for_staticPermissions_in_AFilter 
913976     WARN  main            d.u.i.k.p.i.IntermediateProofReplayer Proof contains wrong number of \assumes instatiations for Definition_axiom_for_staticPermissions_in_Plotter 
913976     WARN  main            d.u.i.k.p.i.IntermediateProofReplayer Proof contains wrong number of \assumes instatiations for Definition_axiom_for_staticPermissions_in_BFilter 
913977     WARN  main            d.u.i.k.p.i.IntermediateProofReplayer Proof contains wrong number of \assumes instatiations for Definition_axiom_for_workingPermissions_in_Plotter 
913978     WARN  main            d.u.i.k.p.i.IntermediateProofReplayer Proof contains wrong number of \assumes instatiations for Definition_axiom_for_stateInv_in_Sampler 
913978     WARN  main            d.u.i.k.p.i.IntermediateProofReplayer Proof contains wrong number of \assumes instatiations for Definition_axiom_for_stateInv_in_Sampler 
913979     WARN  main            d.u.i.k.p.i.IntermediateProofReplayer Proof contains wrong number of \assumes instatiations for Definition_axiom_for_staticPermissions_in_Sampler 
913980     WARN  main            d.u.i.k.p.i.IntermediateProofReplayer Proof contains wrong number of \assumes instatiations for Definition_axiom_for_staticPermissions_in_BFilter 
913981     WARN  main            d.u.i.k.p.i.IntermediateProofReplayer Proof contains wrong number of \assumes instatiations for Definition_axiom_for_staticPermissions_in_AFilter 
913981     WARN  main            d.u.i.k.p.i.IntermediateProofReplayer Proof contains wrong number of \assumes instatiations for Definition_axiom_for_staticPermissions_in_Sampler 
913982     WARN  main            d.u.i.k.p.i.IntermediateProofReplayer Proof contains wrong number of \assumes instatiations for Definition_axiom_for_staticPermissions_in_Sampler 
913982     WARN  main            d.u.i.k.p.i.IntermediateProofReplayer Proof contains wrong number of \assumes instatiations for Definition_axiom_for_staticPermissions_in_Sampler 
913983     WARN  main            d.u.i.k.p.i.IntermediateProofReplayer Proof contains wrong number of \assumes instatiations for Definition_axiom_for_joinTransfer_in_Plotter 
Returning from test permissionHeap
Running test completionScopes
13:30:05,663 |-INFO in ch.qos.logback.classic.LoggerContext[default] - Could NOT find resource [logback-test.xml]
13:30:05,664 |-INFO in ch.qos.logback.classic.LoggerContext[default] - Found resource [logback.xml] at [file:/home/runner/work/key/key/key.core/build/resources/test/logback.xml]
13:30:05,764 |-INFO in ch.qos.logback.classic.joran.action.ConfigurationAction - debug attribute not set
13:30:05,765 |-INFO in ch.qos.logback.core.joran.action.AppenderAction - About to instantiate appender of type [ch.qos.logback.core.ConsoleAppender]
13:30:05,775 |-INFO in ch.qos.logback.core.joran.action.AppenderAction - Naming appender as [STDOUT]
13:30:05,780 |-ERROR in ch.qos.logback.core.joran.spi.Interpreter@3:15 - no applicable action for [file], current ElementPath  is [[configuration][appender][file]]
13:30:05,780 |-ERROR in ch.qos.logback.core.joran.spi.Interpreter@4:17 - no applicable action for [append], current ElementPath  is [[configuration][appender][append]]
13:30:05,781 |-INFO in ch.qos.logback.core.joran.action.NestedComplexPropertyIA - Assuming default type [ch.qos.logback.classic.encoder.PatternLayoutEncoder] for [encoder] property
13:30:05,803 |-INFO in ch.qos.logback.classic.joran.action.RootLoggerAction - Setting level of ROOT logger to WARN
13:30:05,803 |-INFO in ch.qos.logback.core.joran.action.AppenderRefAction - Attaching appender named [STDOUT] to Logger[ROOT]
13:30:05,803 |-INFO in ch.qos.logback.classic.joran.action.ConfigurationAction - End of configuration.
13:30:05,805 |-INFO in ch.qos.logback.classic.joran.JoranConfigurator@29176cc1 - Registering current configuration as safe fallback point

283        WARN  main            d.u.i.k.s.ProofSettings   The settings in /home/runner/.key/proof-settings.props are *not* read. 
Returning from test completionScopes
Running test reload_examples
13:30:59,599 |-INFO in ch.qos.logback.classic.LoggerContext[default] - Could NOT find resource [logback-test.xml]
13:30:59,600 |-INFO in ch.qos.logback.classic.LoggerContext[default] - Found resource [logback.xml] at [file:/home/runner/work/key/key/key.core/build/resources/test/logback.xml]
13:30:59,702 |-INFO in ch.qos.logback.classic.joran.action.ConfigurationAction - debug attribute not set
13:30:59,702 |-INFO in ch.qos.logback.core.joran.action.AppenderAction - About to instantiate appender of type [ch.qos.logback.core.ConsoleAppender]
13:30:59,714 |-INFO in ch.qos.logback.core.joran.action.AppenderAction - Naming appender as [STDOUT]
13:30:59,719 |-ERROR in ch.qos.logback.core.joran.spi.Interpreter@3:15 - no applicable action for [file], current ElementPath  is [[configuration][appender][file]]
13:30:59,719 |-ERROR in ch.qos.logback.core.joran.spi.Interpreter@4:17 - no applicable action for [append], current ElementPath  is [[configuration][appender][append]]
13:30:59,720 |-INFO in ch.qos.logback.core.joran.action.NestedComplexPropertyIA - Assuming default type [ch.qos.logback.classic.encoder.PatternLayoutEncoder] for [encoder] property
13:30:59,741 |-INFO in ch.qos.logback.classic.joran.action.RootLoggerAction - Setting level of ROOT logger to WARN
13:30:59,741 |-INFO in ch.qos.logback.core.joran.action.AppenderRefAction - Attaching appender named [STDOUT] to Logger[ROOT]
13:30:59,741 |-INFO in ch.qos.logback.classic.joran.action.ConfigurationAction - End of configuration.
13:30:59,743 |-INFO in ch.qos.logback.classic.joran.JoranConfigurator@29176cc1 - Registering current configuration as safe fallback point

280        WARN  main            d.u.i.k.s.ProofSettings   The settings in /home/runner/.key/proof-settings.props are *not* read. 
Returning from test reload_examples
Running test proofLoadRepair
13:31:44,763 |-INFO in ch.qos.logback.classic.LoggerContext[default] - Could NOT find resource [logback-test.xml]
13:31:44,766 |-INFO in ch.qos.logback.classic.LoggerContext[default] - Found resource [logback.xml] at [file:/home/runner/work/key/key/key.core/build/resources/test/logback.xml]
13:31:44,871 |-INFO in ch.qos.logback.classic.joran.action.ConfigurationAction - debug attribute not set
13:31:44,871 |-INFO in ch.qos.logback.core.joran.action.AppenderAction - About to instantiate appender of type [ch.qos.logback.core.ConsoleAppender]
13:31:44,881 |-INFO in ch.qos.logback.core.joran.action.AppenderAction - Naming appender as [STDOUT]
13:31:44,886 |-ERROR in ch.qos.logback.core.joran.spi.Interpreter@3:15 - no applicable action for [file], current ElementPath  is [[configuration][appender][file]]
13:31:44,886 |-ERROR in ch.qos.logback.core.joran.spi.Interpreter@4:17 - no applicable action for [append], current ElementPath  is [[configuration][appender][append]]
13:31:44,887 |-INFO in ch.qos.logback.core.joran.action.NestedComplexPropertyIA - Assuming default type [ch.qos.logback.classic.encoder.PatternLayoutEncoder] for [encoder] property
13:31:44,908 |-INFO in ch.qos.logback.classic.joran.action.RootLoggerAction - Setting level of ROOT logger to WARN
13:31:44,908 |-INFO in ch.qos.logback.core.joran.action.AppenderRefAction - Attaching appender named [STDOUT] to Logger[ROOT]
13:31:44,908 |-INFO in ch.qos.logback.classic.joran.action.ConfigurationAction - End of configuration.
13:31:44,910 |-INFO in ch.qos.logback.classic.joran.JoranConfigurator@29176cc1 - Registering current configuration as safe fallback point

287        WARN  main            d.u.i.k.s.ProofSettings   The settings in /home/runner/.key/proof-settings.props are *not* read. 
7842       WARN  main            d.u.i.k.p.i.IntermediateProofReplayer Proof contains wrong number of \assumes instatiations for andLeft 
7843       WARN  main            d.u.i.k.p.i.IntermediateProofReplayer Proof contains wrong number of \assumes instatiations for replace_known_right 
7847       WARN  main            d.u.i.k.p.i.IntermediateProofReplayer Proof contains wrong number of \assumes instatiations for close 
10806      WARN  main            d.u.i.k.p.i.IntermediateProofReplayer Proof contains wrong number of \assumes instatiations for applyEq 
Returning from test proofLoadRepair
Running test switch
13:32:04,128 |-INFO in ch.qos.logback.classic.LoggerContext[default] - Could NOT find resource [logback-test.xml]
13:32:04,129 |-INFO in ch.qos.logback.classic.LoggerContext[default] - Found resource [logback.xml] at [file:/home/runner/work/key/key/key.core/build/resources/test/logback.xml]
13:32:04,227 |-INFO in ch.qos.logback.classic.joran.action.ConfigurationAction - debug attribute not set
13:32:04,228 |-INFO in ch.qos.logback.core.joran.action.AppenderAction - About to instantiate appender of type [ch.qos.logback.core.ConsoleAppender]
13:32:04,239 |-INFO in ch.qos.logback.core.joran.action.AppenderAction - Naming appender as [STDOUT]
13:32:04,244 |-ERROR in ch.qos.logback.core.joran.spi.Interpreter@3:15 - no applicable action for [file], current ElementPath  is [[configuration][appender][file]]
13:32:04,244 |-ERROR in ch.qos.logback.core.joran.spi.Interpreter@4:17 - no applicable action for [append], current ElementPath  is [[configuration][appender][append]]
13:32:04,245 |-INFO in ch.qos.logback.core.joran.action.NestedComplexPropertyIA - Assuming default type [ch.qos.logback.classic.encoder.PatternLayoutEncoder] for [encoder] property
13:32:04,266 |-INFO in ch.qos.logback.classic.joran.action.RootLoggerAction - Setting level of ROOT logger to WARN
13:32:04,266 |-INFO in ch.qos.logback.core.joran.action.AppenderRefAction - Attaching appender named [STDOUT] to Logger[ROOT]
13:32:04,266 |-INFO in ch.qos.logback.classic.joran.action.ConfigurationAction - End of configuration.
13:32:04,268 |-INFO in ch.qos.logback.classic.joran.JoranConfigurator@2f177a4b - Registering current configuration as safe fallback point

271        WARN  main            d.u.i.k.s.ProofSettings   The settings in /home/runner/.key/proof-settings.props are *not* read. 
Returning from test switch
Running test redux
13:33:07,971 |-INFO in ch.qos.logback.classic.LoggerContext[default] - Could NOT find resource [logback-test.xml]
13:33:07,972 |-INFO in ch.qos.logback.classic.LoggerContext[default] - Found resource [logback.xml] at [file:/home/runner/work/key/key/key.core/build/resources/test/logback.xml]
13:33:08,083 |-INFO in ch.qos.logback.classic.joran.action.ConfigurationAction - debug attribute not set
13:33:08,084 |-INFO in ch.qos.logback.core.joran.action.AppenderAction - About to instantiate appender of type [ch.qos.logback.core.ConsoleAppender]
13:33:08,096 |-INFO in ch.qos.logback.core.joran.action.AppenderAction - Naming appender as [STDOUT]
13:33:08,101 |-ERROR in ch.qos.logback.core.joran.spi.Interpreter@3:15 - no applicable action for [file], current ElementPath  is [[configuration][appender][file]]
13:33:08,101 |-ERROR in ch.qos.logback.core.joran.spi.Interpreter@4:17 - no applicable action for [append], current ElementPath  is [[configuration][appender][append]]
13:33:08,102 |-INFO in ch.qos.logback.core.joran.action.NestedComplexPropertyIA - Assuming default type [ch.qos.logback.classic.encoder.PatternLayoutEncoder] for [encoder] property
13:33:08,123 |-INFO in ch.qos.logback.classic.joran.action.RootLoggerAction - Setting level of ROOT logger to WARN
13:33:08,123 |-INFO in ch.qos.logback.core.joran.action.AppenderRefAction - Attaching appender named [STDOUT] to Logger[ROOT]
13:33:08,123 |-INFO in ch.qos.logback.classic.joran.action.ConfigurationAction - End of configuration.
13:33:08,125 |-INFO in ch.qos.logback.classic.joran.JoranConfigurator@29176cc1 - Registering current configuration as safe fallback point

304        WARN  main            d.u.i.k.s.ProofSettings   The settings in /home/runner/.key/proof-settings.props are *not* read. 
Returning from test redux
]]></system-out>
  <system-err><![CDATA[Timeout watcher launched (2000 secs.)
Timeout watcher launched (2000 secs.)
Timeout watcher launched (2000 secs.)
Timeout watcher launched (2000 secs.)
Timeout watcher launched (2000 secs.)
Timeout watcher launched (2000 secs.)
Timeout watcher launched (2000 secs.)
Timeout watcher launched (2000 secs.)
Timeout watcher launched (2000 secs.)
Timeout watcher launched (2000 secs.)
Timeout watcher launched (2000 secs.)
Timeout watcher launched (2000 secs.)
Timeout watcher launched (2000 secs.)
Timeout watcher launched (2000 secs.)
Timeout watcher launched (2000 secs.)
Timeout watcher launched (2000 secs.)
Timeout watcher launched (2000 secs.)
Timeout watcher launched (2000 secs.)
Timeout watcher launched (2000 secs.)
Timeout watcher launched (2000 secs.)
Timeout watcher launched (2000 secs.)
Timeout watcher launched (2000 secs.)
Timeout watcher launched (2000 secs.)
Timeout watcher launched (2000 secs.)
Timeout watcher launched (2000 secs.)
Timeout watcher launched (2000 secs.)
Timeout watcher launched (2000 secs.)
Timeout watcher launched (2000 secs.)
Timeout watcher launched (2000 secs.)
Mar 04, 2023 12:31:05 PM de.uka.ilkd.key.macros.scripts.ScriptCommand execute
INFO: Included script /home/runner/work/key/key/key.core/../key.ui/examples/index/.././heap/quicksort/sort.script
Timeout watcher launched (2000 secs.)
Timeout watcher launched (2000 secs.)
Timeout watcher launched (2000 secs.)
Timeout watcher launched (2000 secs.)
Timeout watcher launched (2000 secs.)
Timeout watcher launched (2000 secs.)
Timeout watcher launched (2000 secs.)
Timeout watcher launched (2000 secs.)
Timeout watcher launched (2000 secs.)
Timeout watcher launched (2000 secs.)
Timeout watcher launched (2000 secs.)
Timeout watcher launched (2000 secs.)
Timeout watcher launched (2000 secs.)
Timeout watcher launched (2000 secs.)
Timeout watcher launched (2000 secs.)
Timeout watcher launched (2000 secs.)
Timeout watcher launched (2000 secs.)
Timeout watcher launched (2000 secs.)
SMT Runtime, goal 17: 69 ms; valid
SMT Runtime, goal 27: 42 ms; valid
]]></system-err>
</testsuite>
