<?xml version="1.0" encoding="UTF-8"?>
<testsuite name="recoder.testsuite.fixedbugs.FixedBugs" tests="5" skipped="0" failures="0" errors="0" timestamp="2023-04-05T17:42:52" hostname="fv-az366-739" time="0.054">
  <properties/>
  <testcase name="testBasicReflectionImport" classname="recoder.testsuite.fixedbugs.FixedBugs" time="0.0"/>
  <testcase name="testConstructorStartPosition" classname="recoder.testsuite.fixedbugs.FixedBugs" time="0.021"/>
  <testcase name="testFieldTypes" classname="recoder.testsuite.fixedbugs.FixedBugs" time="0.008"/>
  <testcase name="testComments" classname="recoder.testsuite.fixedbugs.FixedBugs" time="0.005"/>
  <testcase name="testIncorrectFileEnd" classname="recoder.testsuite.fixedbugs.FixedBugs" time="0.017"/>
  <system-out><![CDATA[]]></system-out>
  <system-err><![CDATA[]]></system-err>
</testsuite>
