<?xml version="1.0" encoding="UTF-8"?>
<testsuite name="org.key_project.exploration.ProofExplorationServiceTest" tests="3" skipped="0" failures="0" errors="0" timestamp="2023-04-04T10:50:22" hostname="fv-az221-216" time="14.393">
  <properties/>
  <testcase name="testAdditionAntec()" classname="org.key_project.exploration.ProofExplorationServiceTest" time="8.68"/>
  <testcase name="testChangeFormula()" classname="org.key_project.exploration.ProofExplorationServiceTest" time="2.941"/>
  <testcase name="testAdditionSucc()" classname="org.key_project.exploration.ProofExplorationServiceTest" time="2.77"/>
  <system-out><![CDATA[[10:50:22.787] ?[31mWARN ?[0;39m ?[36mProofIndependentSettings?[0;39m - The settings in /home/runner/.key/proofIndependentSettings.props are *not* read due to flag 'key.disregardSettings'
[10:50:23.009] ?[31mWARN ?[0;39m ?[36mProofSettings?[0;39m - The settings in /home/runner/.key/proof-settings.props are *not* read.
]]></system-out>
  <system-err><![CDATA[]]></system-err>
</testsuite>
