<?xml version="1.0" encoding="UTF-8"?>
<testsuite name="de.uka.ilkd.key.nparser.ParseLDTsTests" tests="2" skipped="0" failures="0" errors="0" timestamp="2023-04-05T09:20:03" hostname="fv-az842-22" time="1.18">
  <properties/>
  <testcase name="testLDT()" classname="de.uka.ilkd.key.nparser.ParseLDTsTests" time="0.021"/>
  <testcase name="testSR()" classname="de.uka.ilkd.key.nparser.ParseLDTsTests" time="1.158"/>
  <system-out><![CDATA[201864     INFO  Test worker     d.u.i.k.n.KeyIO           Parsing took 8 ms 
201865     INFO  Test worker     d.u.i.k.n.KeyIO           MODE: declarations took 1 ms 
202233     INFO  Test worker     d.u.i.k.n.KeyIO           Parsing took 353 ms 
202236     INFO  Test worker     d.u.i.k.n.KeyIO           MODE: declarations took 2 ms 
]]></system-out>
  <system-err><![CDATA[]]></system-err>
</testsuite>
