<?xml version="1.0" encoding="UTF-8"?>
<testsuite name="de.uka.ilkd.key.macros.scripts.meta.RewriteTest" tests="2" skipped="0" failures="0" errors="0" timestamp="2023-04-05T09:19:54" hostname="fv-az842-22" time="6.31">
  <properties/>
  <testcase name="testLessTransitive()" classname="de.uka.ilkd.key.macros.scripts.meta.RewriteTest" time="3.18"/>
  <testcase name="testTransitive()" classname="de.uka.ilkd.key.macros.scripts.meta.RewriteTest" time="3.13"/>
  <system-out><![CDATA[196408     INFO  Test worker     d.u.i.k.m.s.ProofScriptEngine 1: 'rewrite find="f < x" replace="x > f"' 
199536     INFO  Test worker     d.u.i.k.m.s.ProofScriptEngine 1: 'rule impRight' 
199540     INFO  Test worker     d.u.i.k.m.s.ProofScriptEngine 2: 'rule andLeft' 
199542     INFO  Test worker     d.u.i.k.m.s.ProofScriptEngine 3: 'rewrite find="f = x" replace="x = f"' 
]]></system-out>
  <system-err><![CDATA[]]></system-err>
</testsuite>
