<?xml version="1.0" encoding="UTF-8"?>
<testsuite name="de.uka.ilkd.key.util.removegenerics.TestClassDeclaration" tests="5" skipped="0" failures="0" errors="0" timestamp="2023-03-09T16:22:25" hostname="fv-az563-955" time="0.514">
  <properties/>
  <testcase name="testComparable()" classname="de.uka.ilkd.key.util.removegenerics.TestClassDeclaration" time="0.441"/>
  <testcase name="testClassDecl1()" classname="de.uka.ilkd.key.util.removegenerics.TestClassDeclaration" time="0.006"/>
  <testcase name="testOverriddenMethods()" classname="de.uka.ilkd.key.util.removegenerics.TestClassDeclaration" time="0.017"/>
  <testcase name="testInterfaceDecl1()" classname="de.uka.ilkd.key.util.removegenerics.TestClassDeclaration" time="0.01"/>
  <testcase name="testOveriddenMethods2()" classname="de.uka.ilkd.key.util.removegenerics.TestClassDeclaration" time="0.016"/>
  <system-out><![CDATA[16:22:25,762 |-INFO in ch.qos.logback.classic.LoggerContext[default] - This is logback-classic version 1.4.5
16:22:25,782 |-INFO in ch.qos.logback.classic.LoggerContext[default] - Could NOT find resource [logback-test.xml]
16:22:25,794 |-INFO in ch.qos.logback.classic.LoggerContext[default] - Found resource [logback.xml] at [file:/home/runner/work/key/key/key.removegenerics/build/resources/test/logback.xml]
16:22:25,950 |-INFO in ch.qos.logback.core.model.processor.AppenderModelHandler - Processing appender named [STDOUT]
16:22:25,950 |-INFO in ch.qos.logback.core.model.processor.AppenderModelHandler - About to instantiate appender of type [ch.qos.logback.core.ConsoleAppender]
16:22:25,980 |-WARN in ch.qos.logback.core.model.processor.ImplicitModelHandler - Ignoring unknown property [file] in [ch.qos.logback.core.ConsoleAppender]
16:22:25,980 |-WARN in ch.qos.logback.core.model.processor.ImplicitModelHandler - Ignoring unknown property [append] in [ch.qos.logback.core.ConsoleAppender]
16:22:25,983 |-INFO in ch.qos.logback.core.model.processor.ImplicitModelHandler - Assuming default type [ch.qos.logback.classic.encoder.PatternLayoutEncoder] for [encoder] property
16:22:26,006 |-INFO in ch.qos.logback.classic.model.processor.RootLoggerModelHandler - Setting level of ROOT logger to WARN
16:22:26,023 |-INFO in ch.qos.logback.core.model.processor.AppenderRefModelHandler - Attaching appender named [STDOUT] to Logger[ROOT]
16:22:26,023 |-INFO in ch.qos.logback.core.model.processor.DefaultProcessor@12365c88 - End of configuration.
16:22:26,024 |-INFO in ch.qos.logback.classic.joran.JoranConfigurator@6105f8a3 - Registering current configuration as safe fallback point

]]></system-out>
  <system-err><![CDATA[]]></system-err>
</testsuite>
