<?xml version="1.0" encoding="UTF-8"?>
<testsuite name="de.uka.ilkd.key.proof.runallproofs.RunAllProofsFunctional" tests="34" skipped="0" failures="0" errors="0" timestamp="2023-05-28T15:27:16" hostname="fv-az615-716" time="7344.22">
  <properties/>
  <testcase name="newBook" classname="de.uka.ilkd.key.proof.runallproofs.RunAllProofsFunctional" time="85.877"/>
  <testcase name="oldBook" classname="de.uka.ilkd.key.proof.runallproofs.RunAllProofsFunctional" time="25.648"/>
  <testcase name="comprehensions" classname="de.uka.ilkd.key.proof.runallproofs.RunAllProofsFunctional" time="95.723"/>
  <testcase name="performance" classname="de.uka.ilkd.key.proof.runallproofs.RunAllProofsFunctional" time="311.056"/>
  <testcase name="performancePOConstruction" classname="de.uka.ilkd.key.proof.runallproofs.RunAllProofsFunctional" time="108.854"/>
  <testcase name="applicationRestrictions" classname="de.uka.ilkd.key.proof.runallproofs.RunAllProofsFunctional" time="69.659"/>
  <testcase name="blockContracts" classname="de.uka.ilkd.key.proof.runallproofs.RunAllProofsFunctional" time="191.593"/>
  <testcase name="jmlAsserts" classname="de.uka.ilkd.key.proof.runallproofs.RunAllProofsFunctional" time="128.727"/>
  <testcase name="javaCard" classname="de.uka.ilkd.key.proof.runallproofs.RunAllProofsFunctional" time="188.927"/>
  <testcase name="list" classname="de.uka.ilkd.key.proof.runallproofs.RunAllProofsFunctional" time="376.291"/>
  <testcase name="list_ghost" classname="de.uka.ilkd.key.proof.runallproofs.RunAllProofsFunctional" time="96.375"/>
  <testcase name="list_recursive" classname="de.uka.ilkd.key.proof.runallproofs.RunAllProofsFunctional" time="31.991"/>
  <testcase name="list_seq" classname="de.uka.ilkd.key.proof.runallproofs.RunAllProofsFunctional" time="240.925"/>
  <testcase name="observer" classname="de.uka.ilkd.key.proof.runallproofs.RunAllProofsFunctional" time="139.363"/>
  <testcase name="removeDups" classname="de.uka.ilkd.key.proof.runallproofs.RunAllProofsFunctional" time="214.022"/>
  <testcase name="quicksort" classname="de.uka.ilkd.key.proof.runallproofs.RunAllProofsFunctional" time="154.387"/>
  <testcase name="simpleTests" classname="de.uka.ilkd.key.proof.runallproofs.RunAllProofsFunctional" time="214.66"/>
  <testcase name="SmansEtAl" classname="de.uka.ilkd.key.proof.runallproofs.RunAllProofsFunctional" time="282.276"/>
  <testcase name="VACID0" classname="de.uka.ilkd.key.proof.runallproofs.RunAllProofsFunctional" time="113.427"/>
  <testcase name="VSTTE10" classname="de.uka.ilkd.key.proof.runallproofs.RunAllProofsFunctional" time="252.556"/>
  <testcase name="WeideEtAl" classname="de.uka.ilkd.key.proof.runallproofs.RunAllProofsFunctional" time="40.562"/>
  <testcase name="arithmetic" classname="de.uka.ilkd.key.proof.runallproofs.RunAllProofsFunctional" time="697.179"/>
  <testcase name="arrays" classname="de.uka.ilkd.key.proof.runallproofs.RunAllProofsFunctional" time="79.942"/>
  <testcase name="javadl" classname="de.uka.ilkd.key.proof.runallproofs.RunAllProofsFunctional" time="808.345"/>
  <testcase name="FOL" classname="de.uka.ilkd.key.proof.runallproofs.RunAllProofsFunctional" time="369.311"/>
  <testcase name="strings" classname="de.uka.ilkd.key.proof.runallproofs.RunAllProofsFunctional" time="202.868"/>
  <testcase name="simple_info_flow" classname="de.uka.ilkd.key.proof.runallproofs.RunAllProofsFunctional" time="19.474"/>
  <testcase name="modelMethods" classname="de.uka.ilkd.key.proof.runallproofs.RunAllProofsFunctional" time="239.086"/>
  <testcase name="permissionHeap" classname="de.uka.ilkd.key.proof.runallproofs.RunAllProofsFunctional" time="1133.736"/>
  <testcase name="completionScopes" classname="de.uka.ilkd.key.proof.runallproofs.RunAllProofsFunctional" time="71.926"/>
  <testcase name="reload_examples" classname="de.uka.ilkd.key.proof.runallproofs.RunAllProofsFunctional" time="64.507"/>
  <testcase name="proofLoadRepair" classname="de.uka.ilkd.key.proof.runallproofs.RunAllProofsFunctional" time="27.15"/>
  <testcase name="switch" classname="de.uka.ilkd.key.proof.runallproofs.RunAllProofsFunctional" time="87.548"/>
  <testcase name="redux" classname="de.uka.ilkd.key.proof.runallproofs.RunAllProofsFunctional" time="180.177"/>
  <system-out><![CDATA[353        INFO  Test worker     d.u.i.k.p.r.p.StatisticsFile Running test newBook 
519        INFO  Timeout watchdog d.u.i.k.p.r.p.ForkedTestFileRunner Timeout watcher launched (2000 secs.) 
552        WARN  main            d.u.i.k.s.ProofSettings   No proof-settings could be loaded, using defaults java.io.FileNotFoundException: /home/runner/.key/proof-settings.props (No such file or directory)
	at java.base/java.io.FileInputStream.open0(Native Method)

624        INFO  main            d.u.i.k.p.r.p.TestFile    Now processing file /home/runner/work/key/key/key.core/../key.ui/examples/newBook/09.list_modelfield/ArrayList.add.key 
852        INFO  main            d.u.i.k.p.i.AbstractProblemLoader Loading environment from /home/runner/work/key/key/key.core/../key.ui/examples/newBook/09.list_modelfield/ArrayList.add.key 
878        DEBUG main            d.u.i.k.p.i.AbstractProblemLoader Environment load took 4.52ms 
1232       INFO  main            d.u.i.k.p.i.AbstractProblemLoader Creating init config 
2524       DEBUG main            d.u.i.k.j.TypeConverter   No LDT found for Meta 
2527       DEBUG main            d.u.i.k.j.TypeConverter   No LDT found for Meta 
2530       DEBUG main            d.u.i.k.j.TypeConverter   No LDT found for Meta 
2533       DEBUG main            d.u.i.k.j.TypeConverter   No LDT found for Meta 
4574       DEBUG main            d.u.i.k.j.TypeConverter   No LDT found for JavaBigintExpression 
11803      DEBUG main            d.u.i.k.p.i.AbstractProblemLoader Init config took 10.57s 
11985      INFO  main            d.u.i.k.p.i.AbstractProblemLoader Replaying proof ArrayList[List::add(int)].JML normal_behavior operation contract.0 
12044      DEBUG main            d.u.i.k.p.i.IntermediateProofReplayer Proof replay took 48.1ns 
36283      INFO  main            d.u.i.k.p.r.p.TestFile    ... finished proof: closed. 
36652      INFO  main            d.u.i.k.p.i.AbstractProblemLoader Loading environment from /home/runner/work/key/key/key.core/../key.ui/examples/newBook/09.list_modelfield/ArrayList.add.key.proof 
36653      DEBUG main            d.u.i.k.p.i.AbstractProblemLoader Environment load took 1.05ms 
36667      INFO  main            d.u.i.k.p.i.AbstractProblemLoader Creating init config 
40595      DEBUG main            d.u.i.k.p.i.AbstractProblemLoader Init config took 3.93s 
40678      INFO  main            d.u.i.k.p.i.AbstractProblemLoader Replaying proof ArrayList[List::add(int)].JML normal_behavior operation contract.0 
42945      DEBUG main            d.u.i.k.p.i.IntermediateProofReplayer Proof replay took 2.16s 
42963      DEBUG main            d.u.i.k.p.r.p.TestFile    ... success: reloaded. 
42973      INFO  main            d.u.i.k.p.r.p.TestFile    Now processing file /home/runner/work/key/key/key.core/../key.ui/examples/newBook/09.list_modelfield/ArrayList.remFirst.key 
42974      INFO  main            d.u.i.k.p.i.AbstractProblemLoader Loading environment from /home/runner/work/key/key/key.core/../key.ui/examples/newBook/09.list_modelfield/ArrayList.remFirst.key 
42975      DEBUG main            d.u.i.k.p.i.AbstractProblemLoader Environment load took 848.89ns 
42981      INFO  main            d.u.i.k.p.i.AbstractProblemLoader Creating init config 
47242      DEBUG main            d.u.i.k.p.i.AbstractProblemLoader Init config took 4.26s 
47318      INFO  main            d.u.i.k.p.i.AbstractProblemLoader Replaying proof ArrayList[List::remFirst()].JML normal_behavior operation contract.0 
47320      DEBUG main            d.u.i.k.p.i.IntermediateProofReplayer Proof replay took 6.8ns 
53449      INFO  main            d.u.i.k.p.r.p.TestFile    ... finished proof: closed. 
53827      INFO  main            d.u.i.k.p.i.AbstractProblemLoader Loading environment from /home/runner/work/key/key/key.core/../key.ui/examples/newBook/09.list_modelfield/ArrayList.remFirst.key.proof 
53827      DEBUG main            d.u.i.k.p.i.AbstractProblemLoader Environment load took 188.6ns 
53831      INFO  main            d.u.i.k.p.i.AbstractProblemLoader Creating init config 
57713      DEBUG main            d.u.i.k.p.i.AbstractProblemLoader Init config took 3.88s 
57782      INFO  main            d.u.i.k.p.i.AbstractProblemLoader Replaying proof ArrayList[List::remFirst()].JML normal_behavior operation contract.0 
58749      DEBUG main            d.u.i.k.p.i.IntermediateProofReplayer Proof replay took 944.11ms 
58752      DEBUG main            d.u.i.k.p.r.p.TestFile    ... success: reloaded. 
58754      INFO  main            d.u.i.k.p.r.p.TestFile    Now processing file /home/runner/work/key/key/key.core/../key.ui/examples/newBook/09.list_modelfield/ArrayList.empty.key 
58754      INFO  main            d.u.i.k.p.i.AbstractProblemLoader Loading environment from /home/runner/work/key/key/key.core/../key.ui/examples/newBook/09.list_modelfield/ArrayList.empty.key 
58756      DEBUG main            d.u.i.k.p.i.AbstractProblemLoader Environment load took 1.6ms 
58758      INFO  main            d.u.i.k.p.i.AbstractProblemLoader Creating init config 
62349      DEBUG main            d.u.i.k.p.i.AbstractProblemLoader Init config took 3.59s 
62448      INFO  main            d.u.i.k.p.i.AbstractProblemLoader Replaying proof ArrayList[List::empty()].JML normal_behavior operation contract.0 
62451      DEBUG main            d.u.i.k.p.i.IntermediateProofReplayer Proof replay took 23ns 
63862      INFO  main            d.u.i.k.p.r.p.TestFile    ... finished proof: closed. 
64121      INFO  main            d.u.i.k.p.i.AbstractProblemLoader Loading environment from /home/runner/work/key/key/key.core/../key.ui/examples/newBook/09.list_modelfield/ArrayList.empty.key.proof 
64126      DEBUG main            d.u.i.k.p.i.AbstractProblemLoader Environment load took 4.68ms 
64128      INFO  main            d.u.i.k.p.i.AbstractProblemLoader Creating init config 
67672      DEBUG main            d.u.i.k.p.i.AbstractProblemLoader Init config took 3.54s 
67740      INFO  main            d.u.i.k.p.i.AbstractProblemLoader Replaying proof ArrayList[List::empty()].JML normal_behavior operation contract.0 
67942      DEBUG main            d.u.i.k.p.i.IntermediateProofReplayer Proof replay took 194.05ms 
67944      DEBUG main            d.u.i.k.p.r.p.TestFile    ... success: reloaded. 
67946      INFO  main            d.u.i.k.p.r.p.TestFile    Now processing file /home/runner/work/key/key/key.core/../key.ui/examples/newBook/09.list_modelfield/ArrayList.size.key 
67947      INFO  main            d.u.i.k.p.i.AbstractProblemLoader Loading environment from /home/runner/work/key/key/key.core/../key.ui/examples/newBook/09.list_modelfield/ArrayList.size.key 
67947      DEBUG main            d.u.i.k.p.i.AbstractProblemLoader Environment load took 609.6ns 
67958      INFO  main            d.u.i.k.p.i.AbstractProblemLoader Creating init config 
71571      DEBUG main            d.u.i.k.p.i.AbstractProblemLoader Init config took 3.61s 
71649      INFO  main            d.u.i.k.p.i.AbstractProblemLoader Replaying proof ArrayList[List::size()].JML normal_behavior operation contract.0 
71653      DEBUG main            d.u.i.k.p.i.IntermediateProofReplayer Proof replay took 8ns 
72258      INFO  main            d.u.i.k.p.r.p.TestFile    ... finished proof: closed. 
72498      INFO  main            d.u.i.k.p.i.AbstractProblemLoader Loading environment from /home/runner/work/key/key/key.core/../key.ui/examples/newBook/09.list_modelfield/ArrayList.size.key.proof 
72499      DEBUG main            d.u.i.k.p.i.AbstractProblemLoader Environment load took 1.14ms 
72501      INFO  main            d.u.i.k.p.i.AbstractProblemLoader Creating init config 
76154      DEBUG main            d.u.i.k.p.i.AbstractProblemLoader Init config took 3.65s 
76215      INFO  main            d.u.i.k.p.i.AbstractProblemLoader Replaying proof ArrayList[List::size()].JML normal_behavior operation contract.0 
76307      DEBUG main            d.u.i.k.p.i.IntermediateProofReplayer Proof replay took 86.53ms 
76310      DEBUG main            d.u.i.k.p.r.p.TestFile    ... success: reloaded. 
76311      INFO  main            d.u.i.k.p.r.p.TestFile    Now processing file /home/runner/work/key/key/key.core/../key.ui/examples/newBook/09.list_modelfield/ArrayList.get.key 
76312      INFO  main            d.u.i.k.p.i.AbstractProblemLoader Loading environment from /home/runner/work/key/key/key.core/../key.ui/examples/newBook/09.list_modelfield/ArrayList.get.key 
76313      DEBUG main            d.u.i.k.p.i.AbstractProblemLoader Environment load took 808.79ns 
76314      INFO  main            d.u.i.k.p.i.AbstractProblemLoader Creating init config 
79942      DEBUG main            d.u.i.k.p.i.AbstractProblemLoader Init config took 3.63s 
80017      INFO  main            d.u.i.k.p.i.AbstractProblemLoader Replaying proof ArrayList[List::get(int)].JML normal_behavior operation contract.0 
80019      DEBUG main            d.u.i.k.p.i.IntermediateProofReplayer Proof replay took 7.2ns 
81324      INFO  main            d.u.i.k.p.r.p.TestFile    ... finished proof: closed. 
81597      INFO  main            d.u.i.k.p.i.AbstractProblemLoader Loading environment from /home/runner/work/key/key/key.core/../key.ui/examples/newBook/09.list_modelfield/ArrayList.get.key.proof 
81598      DEBUG main            d.u.i.k.p.i.AbstractProblemLoader Environment load took 491.5ns 
81599      INFO  main            d.u.i.k.p.i.AbstractProblemLoader Creating init config 
85249      DEBUG main            d.u.i.k.p.i.AbstractProblemLoader Init config took 3.65s 
85314      INFO  main            d.u.i.k.p.i.AbstractProblemLoader Replaying proof ArrayList[List::get(int)].JML normal_behavior operation contract.0 
85491      DEBUG main            d.u.i.k.p.i.IntermediateProofReplayer Proof replay took 170.83ms 
85493      DEBUG main            d.u.i.k.p.r.p.TestFile    ... success: reloaded. 
86187      INFO  Test worker     d.u.i.k.p.r.p.StatisticsFile Returning from test newBook 
86242      INFO  Test worker     d.u.i.k.p.r.p.StatisticsFile Running test oldBook 
546        INFO  Timeout watchdog d.u.i.k.p.r.p.ForkedTestFileRunner Timeout watcher launched (2000 secs.) 
567        WARN  main            d.u.i.k.s.ProofSettings   The settings in /home/runner/.key/proof-settings.props are *not* read. 
626        INFO  main            d.u.i.k.p.r.p.TestFile    Now processing file /home/runner/work/key/key/key.core/../key.ui/examples/standard_key/BookExamples/02FirstOrderLogic/Ex2.58.key 
813        INFO  main            d.u.i.k.p.i.AbstractProblemLoader Loading environment from /home/runner/work/key/key/key.core/../key.ui/examples/standard_key/BookExamples/02FirstOrderLogic/Ex2.58.key 
836        DEBUG main            d.u.i.k.p.i.AbstractProblemLoader Environment load took 3.91ms 
1167       INFO  main            d.u.i.k.p.i.AbstractProblemLoader Creating init config 
2525       DEBUG main            d.u.i.k.j.TypeConverter   No LDT found for Meta 
2526       DEBUG main            d.u.i.k.j.TypeConverter   No LDT found for Meta 
2530       DEBUG main            d.u.i.k.j.TypeConverter   No LDT found for Meta 
2530       DEBUG main            d.u.i.k.j.TypeConverter   No LDT found for Meta 
4425       DEBUG main            d.u.i.k.j.TypeConverter   No LDT found for JavaBigintExpression 
11761      DEBUG main            d.u.i.k.p.i.AbstractProblemLoader Init config took 10.59s 
11878      INFO  main            d.u.i.k.p.i.AbstractProblemLoader Replaying proof Ex2.58.key 
11926      DEBUG main            d.u.i.k.p.i.IntermediateProofReplayer Proof replay took 40.5ns 
12149      INFO  main            d.u.i.k.p.r.p.TestFile    ... finished proof: closed. 
12288      INFO  main            d.u.i.k.p.i.AbstractProblemLoader Loading environment from /home/runner/work/key/key/key.core/../key.ui/examples/standard_key/BookExamples/02FirstOrderLogic/Ex2.58.key.proof 
12289      DEBUG main            d.u.i.k.p.i.AbstractProblemLoader Environment load took 1.2ms 
12297      INFO  main            d.u.i.k.p.i.AbstractProblemLoader Creating init config 
16346      DEBUG main            d.u.i.k.p.i.AbstractProblemLoader Init config took 4.05s 
16409      INFO  main            d.u.i.k.p.i.AbstractProblemLoader Replaying proof Ex2.58.key.proof 
16433      DEBUG main            d.u.i.k.p.i.IntermediateProofReplayer Proof replay took 10.19ms 
16455      DEBUG main            d.u.i.k.p.r.p.TestFile    ... success: reloaded. 
16460      INFO  main            d.u.i.k.p.r.p.TestFile    Now processing file /home/runner/work/key/key/key.core/../key.ui/examples/standard_key/BookExamples/03DynamicLogic/Sect3.3.1.key 
16460      INFO  main            d.u.i.k.p.i.AbstractProblemLoader Loading environment from /home/runner/work/key/key/key.core/../key.ui/examples/standard_key/BookExamples/03DynamicLogic/Sect3.3.1.key 
16462      DEBUG main            d.u.i.k.p.i.AbstractProblemLoader Environment load took 1.98ms 
16469      INFO  main            d.u.i.k.p.i.AbstractProblemLoader Creating init config 
20328      DEBUG main            d.u.i.k.p.i.AbstractProblemLoader Init config took 3.86s 
20384      INFO  main            d.u.i.k.p.i.AbstractProblemLoader Replaying proof Sect3.3.1.key 
20390      DEBUG main            d.u.i.k.p.i.IntermediateProofReplayer Proof replay took 8.4ns 
21101      INFO  main            d.u.i.k.p.r.p.TestFile    ... finished proof: closed. 
21276      INFO  main            d.u.i.k.p.i.AbstractProblemLoader Loading environment from /home/runner/work/key/key/key.core/../key.ui/examples/standard_key/BookExamples/03DynamicLogic/Sect3.3.1.key.proof 
21276      DEBUG main            d.u.i.k.p.i.AbstractProblemLoader Environment load took 222.3ns 
21278      INFO  main            d.u.i.k.p.i.AbstractProblemLoader Creating init config 
25187      DEBUG main            d.u.i.k.p.i.AbstractProblemLoader Init config took 3.91s 
25262      INFO  main            d.u.i.k.p.i.AbstractProblemLoader Replaying proof Sect3.3.1.key.proof 
25361      DEBUG main            d.u.i.k.p.i.IntermediateProofReplayer Proof replay took 93.58ms 
25363      DEBUG main            d.u.i.k.p.r.p.TestFile    ... success: reloaded. 
111887     INFO  Test worker     d.u.i.k.p.r.p.StatisticsFile Returning from test oldBook 
111890     INFO  Test worker     d.u.i.k.p.r.p.StatisticsFile Running test comprehensions 
557        INFO  Timeout watchdog d.u.i.k.p.r.p.ForkedTestFileRunner Timeout watcher launched (2000 secs.) 
589        WARN  main            d.u.i.k.s.ProofSettings   The settings in /home/runner/.key/proof-settings.props are *not* read. 
652        INFO  main            d.u.i.k.p.r.p.TestFile    Now processing file /home/runner/work/key/key/key.core/../key.ui/examples/heap/comprehensions/general_sum.key 
820        INFO  main            d.u.i.k.p.i.AbstractProblemLoader Loading environment from /home/runner/work/key/key/key.core/../key.ui/examples/heap/comprehensions/general_sum.key 
842        DEBUG main            d.u.i.k.p.i.AbstractProblemLoader Environment load took 4.32ms 
1150       INFO  main            d.u.i.k.p.i.AbstractProblemLoader Creating init config 
2480       DEBUG main            d.u.i.k.j.TypeConverter   No LDT found for Meta 
2481       DEBUG main            d.u.i.k.j.TypeConverter   No LDT found for Meta 
2483       DEBUG main            d.u.i.k.j.TypeConverter   No LDT found for Meta 
2484       DEBUG main            d.u.i.k.j.TypeConverter   No LDT found for Meta 
4299       DEBUG main            d.u.i.k.j.TypeConverter   No LDT found for JavaBigintExpression 
11468      DEBUG main            d.u.i.k.p.i.AbstractProblemLoader Init config took 10.32s 
11712      INFO  main            d.u.i.k.p.i.AbstractProblemLoader Replaying proof GSum[GSum::doNothing()].JML operation contract.0 
11766      DEBUG main            d.u.i.k.p.i.IntermediateProofReplayer Proof replay took 43.3ns 
12324      INFO  main            d.u.i.k.p.r.p.TestFile    ... finished proof: closed. 
12457      INFO  main            d.u.i.k.p.i.AbstractProblemLoader Loading environment from /home/runner/work/key/key/key.core/../key.ui/examples/heap/comprehensions/general_sum.key.proof 
12458      DEBUG main            d.u.i.k.p.i.AbstractProblemLoader Environment load took 1.03ms 
12462      INFO  main            d.u.i.k.p.i.AbstractProblemLoader Creating init config 
16737      DEBUG main            d.u.i.k.p.i.AbstractProblemLoader Init config took 4.28s 
16857      INFO  main            d.u.i.k.p.i.AbstractProblemLoader Replaying proof GSum[GSum::doNothing()].JML operation contract.0 
16908      DEBUG main            d.u.i.k.p.i.IntermediateProofReplayer Proof replay took 38.72ms 
16931      DEBUG main            d.u.i.k.p.r.p.TestFile    ... success: reloaded. 
16934      INFO  main            d.u.i.k.p.r.p.TestFile    Now processing file /home/runner/work/key/key/key.core/../key.ui/examples/heap/comprehensions/sum0.key 
16935      INFO  main            d.u.i.k.p.i.AbstractProblemLoader Loading environment from /home/runner/work/key/key/key.core/../key.ui/examples/heap/comprehensions/sum0.key 
16935      DEBUG main            d.u.i.k.p.i.AbstractProblemLoader Environment load took 473.1ns 
16941      INFO  main            d.u.i.k.p.i.AbstractProblemLoader Creating init config 
21030      DEBUG main            d.u.i.k.p.i.AbstractProblemLoader Init config took 4.09s 
21112      INFO  main            d.u.i.k.p.i.AbstractProblemLoader Replaying proof Sum[Sum::sum0([I)].JML normal_behavior operation contract.0 
21117      DEBUG main            d.u.i.k.p.i.IntermediateProofReplayer Proof replay took 198.1ns 
21281      DEBUG Thread-4        d.u.i.k.l.l.OriginTermLabel commonFileName is null! 
21282      DEBUG Thread-4        d.u.i.k.l.l.OriginTermLabel commonFileName is null! 
21647      DEBUG Thread-4        d.u.i.k.l.l.OriginTermLabel commonFileName is null! 
21649      DEBUG Thread-4        d.u.i.k.l.l.OriginTermLabel commonFileName is null! 
21907      DEBUG Thread-4        d.u.i.k.l.l.OriginTermLabel commonFileName is null! 
22234      INFO  main            d.u.i.k.p.r.p.TestFile    ... finished proof: closed. 
22421      INFO  main            d.u.i.k.p.i.AbstractProblemLoader Loading environment from /home/runner/work/key/key/key.core/../key.ui/examples/heap/comprehensions/sum0.key.proof 
22421      DEBUG main            d.u.i.k.p.i.AbstractProblemLoader Environment load took 172ns 
22423      INFO  main            d.u.i.k.p.i.AbstractProblemLoader Creating init config 
26337      DEBUG main            d.u.i.k.p.i.AbstractProblemLoader Init config took 3.91s 
26417      INFO  main            d.u.i.k.p.i.AbstractProblemLoader Replaying proof Sum[Sum::sum0([I)].JML normal_behavior operation contract.0 
26469      DEBUG main            d.u.i.k.l.l.OriginTermLabel commonFileName is null! 
26470      DEBUG main            d.u.i.k.l.l.OriginTermLabel commonFileName is null! 
26570      DEBUG main            d.u.i.k.l.l.OriginTermLabel commonFileName is null! 
26663      DEBUG main            d.u.i.k.l.l.OriginTermLabel commonFileName is null! 
26664      DEBUG main            d.u.i.k.l.l.OriginTermLabel commonFileName is null! 
26668      DEBUG main            d.u.i.k.p.i.IntermediateProofReplayer Proof replay took 237.76ms 
26669      DEBUG main            d.u.i.k.p.r.p.TestFile    ... success: reloaded. 
26671      INFO  main            d.u.i.k.p.r.p.TestFile    Now processing file /home/runner/work/key/key/key.core/../key.ui/examples/heap/comprehensions/sum1.key 
26671      INFO  main            d.u.i.k.p.i.AbstractProblemLoader Loading environment from /home/runner/work/key/key/key.core/../key.ui/examples/heap/comprehensions/sum1.key 
26672      DEBUG main            d.u.i.k.p.i.AbstractProblemLoader Environment load took 682.09ns 
26676      INFO  main            d.u.i.k.p.i.AbstractProblemLoader Creating init config 
30527      DEBUG main            d.u.i.k.p.i.AbstractProblemLoader Init config took 3.85s 
30596      INFO  main            d.u.i.k.p.i.AbstractProblemLoader Replaying proof Sum[Sum::sum1([I)].JML normal_behavior operation contract.0 
30599      DEBUG main            d.u.i.k.p.i.IntermediateProofReplayer Proof replay took 8.2ns 
30686      DEBUG Thread-7        d.u.i.k.l.l.OriginTermLabel commonFileName is null! 
30688      DEBUG Thread-7        d.u.i.k.l.l.OriginTermLabel commonFileName is null! 
30889      DEBUG Thread-7        d.u.i.k.l.l.OriginTermLabel commonFileName is null! 
30890      DEBUG Thread-7        d.u.i.k.l.l.OriginTermLabel commonFileName is null! 
31071      DEBUG Thread-7        d.u.i.k.l.l.OriginTermLabel commonFileName is null! 
31304      INFO  main            d.u.i.k.p.r.p.TestFile    ... finished proof: closed. 
31546      INFO  main            d.u.i.k.p.i.AbstractProblemLoader Loading environment from /home/runner/work/key/key/key.core/../key.ui/examples/heap/comprehensions/sum1.key.proof 
31548      DEBUG main            d.u.i.k.p.i.AbstractProblemLoader Environment load took 1.41ms 
31550      INFO  main            d.u.i.k.p.i.AbstractProblemLoader Creating init config 
35351      DEBUG main            d.u.i.k.p.i.AbstractProblemLoader Init config took 3.8s 
35411      INFO  main            d.u.i.k.p.i.AbstractProblemLoader Replaying proof Sum[Sum::sum1([I)].JML normal_behavior operation contract.0 
35453      DEBUG main            d.u.i.k.l.l.OriginTermLabel commonFileName is null! 
35454      DEBUG main            d.u.i.k.l.l.OriginTermLabel commonFileName is null! 
35528      DEBUG main            d.u.i.k.l.l.OriginTermLabel commonFileName is null! 
35580      DEBUG main            d.u.i.k.l.l.OriginTermLabel commonFileName is null! 
35585      DEBUG main            d.u.i.k.l.l.OriginTermLabel commonFileName is null! 
35589      DEBUG main            d.u.i.k.p.i.IntermediateProofReplayer Proof replay took 172.22ms 
35591      DEBUG main            d.u.i.k.p.r.p.TestFile    ... success: reloaded. 
35593      INFO  main            d.u.i.k.p.r.p.TestFile    Now processing file /home/runner/work/key/key/key.core/../key.ui/examples/heap/comprehensions/sum2.key 
35594      INFO  main            d.u.i.k.p.i.AbstractProblemLoader Loading environment from /home/runner/work/key/key/key.core/../key.ui/examples/heap/comprehensions/sum2.key 
35595      DEBUG main            d.u.i.k.p.i.AbstractProblemLoader Environment load took 427.59ns 
35597      INFO  main            d.u.i.k.p.i.AbstractProblemLoader Creating init config 
39521      DEBUG main            d.u.i.k.p.i.AbstractProblemLoader Init config took 3.92s 
39580      INFO  main            d.u.i.k.p.i.AbstractProblemLoader Replaying proof Sum[Sum::sum2([I)].JML normal_behavior operation contract.0 
39583      DEBUG main            d.u.i.k.p.i.IntermediateProofReplayer Proof replay took 7.3ns 
39651      DEBUG Thread-10       d.u.i.k.l.l.OriginTermLabel commonFileName is null! 
39654      DEBUG Thread-10       d.u.i.k.l.l.OriginTermLabel commonFileName is null! 
39807      DEBUG Thread-10       d.u.i.k.l.l.OriginTermLabel commonFileName is null! 
39808      DEBUG Thread-10       d.u.i.k.l.l.OriginTermLabel commonFileName is null! 
39916      DEBUG Thread-10       d.u.i.k.l.l.OriginTermLabel commonFileName is null! 
40087      INFO  main            d.u.i.k.p.r.p.TestFile    ... finished proof: closed. 
40412      INFO  main            d.u.i.k.p.i.AbstractProblemLoader Loading environment from /home/runner/work/key/key/key.core/../key.ui/examples/heap/comprehensions/sum2.key.proof 
40413      DEBUG main            d.u.i.k.p.i.AbstractProblemLoader Environment load took 898.9ns 
40415      INFO  main            d.u.i.k.p.i.AbstractProblemLoader Creating init config 
44303      DEBUG main            d.u.i.k.p.i.AbstractProblemLoader Init config took 3.89s 
44372      INFO  main            d.u.i.k.p.i.AbstractProblemLoader Replaying proof Sum[Sum::sum2([I)].JML normal_behavior operation contract.0 
44411      DEBUG main            d.u.i.k.l.l.OriginTermLabel commonFileName is null! 
44412      DEBUG main            d.u.i.k.l.l.OriginTermLabel commonFileName is null! 
44474      DEBUG main            d.u.i.k.l.l.OriginTermLabel commonFileName is null! 
44520      DEBUG main            d.u.i.k.l.l.OriginTermLabel commonFileName is null! 
44522      DEBUG main            d.u.i.k.l.l.OriginTermLabel commonFileName is null! 
44528      DEBUG main            d.u.i.k.p.i.IntermediateProofReplayer Proof replay took 147.56ms 
44530      DEBUG main            d.u.i.k.p.r.p.TestFile    ... success: reloaded. 
44532      INFO  main            d.u.i.k.p.r.p.TestFile    Now processing file /home/runner/work/key/key/key.core/../key.ui/examples/heap/comprehensions/sum3.key 
44533      INFO  main            d.u.i.k.p.i.AbstractProblemLoader Loading environment from /home/runner/work/key/key/key.core/../key.ui/examples/heap/comprehensions/sum3.key 
44533      DEBUG main            d.u.i.k.p.i.AbstractProblemLoader Environment load took 643.09ns 
44535      INFO  main            d.u.i.k.p.i.AbstractProblemLoader Creating init config 
48382      DEBUG main            d.u.i.k.p.i.AbstractProblemLoader Init config took 3.85s 
48444      INFO  main            d.u.i.k.p.i.AbstractProblemLoader Replaying proof Sum[Sum::sum3([I)].JML normal_behavior operation contract.0 
48447      DEBUG main            d.u.i.k.p.i.IntermediateProofReplayer Proof replay took 7.3ns 
48520      DEBUG Thread-13       d.u.i.k.l.l.OriginTermLabel commonFileName is null! 
48521      DEBUG Thread-13       d.u.i.k.l.l.OriginTermLabel commonFileName is null! 
48704      DEBUG Thread-13       d.u.i.k.l.l.OriginTermLabel commonFileName is null! 
48705      DEBUG Thread-13       d.u.i.k.l.l.OriginTermLabel commonFileName is null! 
48827      DEBUG Thread-13       d.u.i.k.l.l.OriginTermLabel commonFileName is null! 
49051      INFO  main            d.u.i.k.p.r.p.TestFile    ... finished proof: closed. 
49301      INFO  main            d.u.i.k.p.i.AbstractProblemLoader Loading environment from /home/runner/work/key/key/key.core/../key.ui/examples/heap/comprehensions/sum3.key.proof 
49305      DEBUG main            d.u.i.k.p.i.AbstractProblemLoader Environment load took 4.19ms 
49313      INFO  main            d.u.i.k.p.i.AbstractProblemLoader Creating init config 
53072      DEBUG main            d.u.i.k.p.i.AbstractProblemLoader Init config took 3.76s 
53160      INFO  main            d.u.i.k.p.i.AbstractProblemLoader Replaying proof Sum[Sum::sum3([I)].JML normal_behavior operation contract.0 
53216      DEBUG main            d.u.i.k.l.l.OriginTermLabel commonFileName is null! 
53218      DEBUG main            d.u.i.k.l.l.OriginTermLabel commonFileName is null! 
53306      DEBUG main            d.u.i.k.l.l.OriginTermLabel commonFileName is null! 
53353      DEBUG main            d.u.i.k.l.l.OriginTermLabel commonFileName is null! 
53357      DEBUG main            d.u.i.k.l.l.OriginTermLabel commonFileName is null! 
53363      DEBUG main            d.u.i.k.p.i.IntermediateProofReplayer Proof replay took 195.5ms 
53366      DEBUG main            d.u.i.k.p.r.p.TestFile    ... success: reloaded. 
53370      INFO  main            d.u.i.k.p.r.p.TestFile    Now processing file /home/runner/work/key/key/key.core/../key.ui/examples/heap/comprehensions/segsum.key 
53370      INFO  main            d.u.i.k.p.i.AbstractProblemLoader Loading environment from /home/runner/work/key/key/key.core/../key.ui/examples/heap/comprehensions/segsum.key 
53371      DEBUG main            d.u.i.k.p.i.AbstractProblemLoader Environment load took 628.5ns 
53375      INFO  main            d.u.i.k.p.i.AbstractProblemLoader Creating init config 
57245      DEBUG main            d.u.i.k.p.i.AbstractProblemLoader Init config took 3.87s 
57331      INFO  main            d.u.i.k.p.i.AbstractProblemLoader Replaying proof SegSum[SegSum::segSum([I,int,int)].JML normal_behavior operation contract.0 
57334      DEBUG main            d.u.i.k.p.i.IntermediateProofReplayer Proof replay took 9.1ns 
57838      INFO  main            d.u.i.k.p.r.p.TestFile    ... finished proof: closed. 
58134      INFO  main            d.u.i.k.p.i.AbstractProblemLoader Loading environment from /home/runner/work/key/key/key.core/../key.ui/examples/heap/comprehensions/segsum.key.proof 
58135      DEBUG main            d.u.i.k.p.i.AbstractProblemLoader Environment load took 1.04ms 
58141      INFO  main            d.u.i.k.p.i.AbstractProblemLoader Creating init config 
61832      DEBUG main            d.u.i.k.p.i.AbstractProblemLoader Init config took 3.69s 
61900      INFO  main            d.u.i.k.p.i.AbstractProblemLoader Replaying proof SegSum[SegSum::segSum([I,int,int)].JML normal_behavior operation contract.0 
62063      DEBUG main            d.u.i.k.p.i.IntermediateProofReplayer Proof replay took 148.94ms 
62065      DEBUG main            d.u.i.k.p.r.p.TestFile    ... success: reloaded. 
62067      INFO  main            d.u.i.k.p.r.p.TestFile    Now processing file /home/runner/work/key/key/key.core/../key.ui/examples/heap/comprehensions/bsum_negative.key 
62068      INFO  main            d.u.i.k.p.i.AbstractProblemLoader Loading environment from /home/runner/work/key/key/key.core/../key.ui/examples/heap/comprehensions/bsum_negative.key 
62069      DEBUG main            d.u.i.k.p.i.AbstractProblemLoader Environment load took 940.29ns 
62072      INFO  main            d.u.i.k.p.i.AbstractProblemLoader Creating init config 
65592      DEBUG main            d.u.i.k.p.i.AbstractProblemLoader Init config took 3.52s 
65620      INFO  main            d.u.i.k.p.i.AbstractProblemLoader Replaying proof bsum_negative.key 
65621      DEBUG main            d.u.i.k.p.i.IntermediateProofReplayer Proof replay took 17.5ns 
65725      INFO  main            d.u.i.k.p.r.p.TestFile    ... finished proof: closed. 
65967      INFO  main            d.u.i.k.p.i.AbstractProblemLoader Loading environment from /home/runner/work/key/key/key.core/../key.ui/examples/heap/comprehensions/bsum_negative.key.proof 
65967      DEBUG main            d.u.i.k.p.i.AbstractProblemLoader Environment load took 141.2ns 
65968      INFO  main            d.u.i.k.p.i.AbstractProblemLoader Creating init config 
69408      DEBUG main            d.u.i.k.p.i.AbstractProblemLoader Init config took 3.44s 
69430      INFO  main            d.u.i.k.p.i.AbstractProblemLoader Replaying proof bsum_negative.key.proof 
69435      DEBUG main            d.u.i.k.p.i.IntermediateProofReplayer Proof replay took 2.39ms 
69436      DEBUG main            d.u.i.k.p.r.p.TestFile    ... success: reloaded. 
69437      INFO  main            d.u.i.k.p.r.p.TestFile    Now processing file /home/runner/work/key/key/key.core/../key.ui/examples/heap/comprehensions/bsum_neg2.key 
69437      INFO  main            d.u.i.k.p.i.AbstractProblemLoader Loading environment from /home/runner/work/key/key/key.core/../key.ui/examples/heap/comprehensions/bsum_neg2.key 
69437      DEBUG main            d.u.i.k.p.i.AbstractProblemLoader Environment load took 82.2ns 
69441      INFO  main            d.u.i.k.p.i.AbstractProblemLoader Creating init config 
72982      DEBUG main            d.u.i.k.p.i.AbstractProblemLoader Init config took 3.54s 
73004      INFO  main            d.u.i.k.p.i.AbstractProblemLoader Replaying proof bsum_neg2.key 
73006      DEBUG main            d.u.i.k.p.i.IntermediateProofReplayer Proof replay took 9.2ns 
73109      INFO  main            d.u.i.k.p.r.p.TestFile    ... finished proof: closed. 
73350      INFO  main            d.u.i.k.p.i.AbstractProblemLoader Loading environment from /home/runner/work/key/key/key.core/../key.ui/examples/heap/comprehensions/bsum_neg2.key.proof 
73351      DEBUG main            d.u.i.k.p.i.AbstractProblemLoader Environment load took 137.5ns 
73353      INFO  main            d.u.i.k.p.i.AbstractProblemLoader Creating init config 
76701      DEBUG main            d.u.i.k.p.i.AbstractProblemLoader Init config took 3.35s 
76736      INFO  main            d.u.i.k.p.i.AbstractProblemLoader Replaying proof bsum_neg2.key.proof 
76740      DEBUG main            d.u.i.k.p.i.IntermediateProofReplayer Proof replay took 1.27ms 
76741      DEBUG main            d.u.i.k.p.r.p.TestFile    ... success: reloaded. 
76742      INFO  main            d.u.i.k.p.r.p.TestFile    Now processing file /home/runner/work/key/key/key.core/../key.ui/examples/heap/comprehensions/bsumSplit.key 
76743      INFO  main            d.u.i.k.p.i.AbstractProblemLoader Loading environment from /home/runner/work/key/key/key.core/../key.ui/examples/heap/comprehensions/bsumSplit.key 
76743      DEBUG main            d.u.i.k.p.i.AbstractProblemLoader Environment load took 358ns 
76745      INFO  main            d.u.i.k.p.i.AbstractProblemLoader Creating init config 
80244      DEBUG main            d.u.i.k.p.i.AbstractProblemLoader Init config took 3.5s 
80265      INFO  main            d.u.i.k.p.i.AbstractProblemLoader Replaying proof bsumSplit.key 
80267      DEBUG main            d.u.i.k.p.i.IntermediateProofReplayer Proof replay took 8.7ns 
80373      INFO  main            d.u.i.k.p.r.p.TestFile    ... finished proof: closed. 
80604      INFO  main            d.u.i.k.p.i.AbstractProblemLoader Loading environment from /home/runner/work/key/key/key.core/../key.ui/examples/heap/comprehensions/bsumSplit.key.proof 
80604      DEBUG main            d.u.i.k.p.i.AbstractProblemLoader Environment load took 135.7ns 
80605      INFO  main            d.u.i.k.p.i.AbstractProblemLoader Creating init config 
84005      DEBUG main            d.u.i.k.p.i.AbstractProblemLoader Init config took 3.4s 
84033      INFO  main            d.u.i.k.p.i.AbstractProblemLoader Replaying proof bsumSplit.key.proof 
84043      DEBUG main            d.u.i.k.p.i.IntermediateProofReplayer Proof replay took 7.48ms 
84044      DEBUG main            d.u.i.k.p.r.p.TestFile    ... success: reloaded. 
84046      INFO  main            d.u.i.k.p.r.p.TestFile    Now processing file /home/runner/work/key/key/key.core/../key.ui/examples/heap/comprehensions/bprodSplit.key 
84047      INFO  main            d.u.i.k.p.i.AbstractProblemLoader Loading environment from /home/runner/work/key/key/key.core/../key.ui/examples/heap/comprehensions/bprodSplit.key 
84047      DEBUG main            d.u.i.k.p.i.AbstractProblemLoader Environment load took 74.1ns 
84048      INFO  main            d.u.i.k.p.i.AbstractProblemLoader Creating init config 
87615      DEBUG main            d.u.i.k.p.i.AbstractProblemLoader Init config took 3.57s 
87636      INFO  main            d.u.i.k.p.i.AbstractProblemLoader Replaying proof bprodSplit.key 
87637      DEBUG main            d.u.i.k.p.i.IntermediateProofReplayer Proof replay took 8.7ns 
87741      INFO  main            d.u.i.k.p.r.p.TestFile    ... finished proof: closed. 
87991      INFO  main            d.u.i.k.p.i.AbstractProblemLoader Loading environment from /home/runner/work/key/key/key.core/../key.ui/examples/heap/comprehensions/bprodSplit.key.proof 
87991      DEBUG main            d.u.i.k.p.i.AbstractProblemLoader Environment load took 144.4ns 
87997      INFO  main            d.u.i.k.p.i.AbstractProblemLoader Creating init config 
91395      DEBUG main            d.u.i.k.p.i.AbstractProblemLoader Init config took 3.4s 
91432      INFO  main            d.u.i.k.p.i.AbstractProblemLoader Replaying proof bprodSplit.key.proof 
91438      DEBUG main            d.u.i.k.p.i.IntermediateProofReplayer Proof replay took 3.46ms 
91440      DEBUG main            d.u.i.k.p.r.p.TestFile    ... success: reloaded. 
91441      INFO  main            d.u.i.k.p.r.p.TestFile    Now processing file /home/runner/work/key/key/key.core/../key.ui/examples/heap/comprehensions/bsumSplitInvalid.key 
91441      INFO  main            d.u.i.k.p.i.AbstractProblemLoader Loading environment from /home/runner/work/key/key/key.core/../key.ui/examples/heap/comprehensions/bsumSplitInvalid.key 
91442      DEBUG main            d.u.i.k.p.i.AbstractProblemLoader Environment load took 368.6ns 
91445      INFO  main            d.u.i.k.p.i.AbstractProblemLoader Creating init config 
94950      DEBUG main            d.u.i.k.p.i.AbstractProblemLoader Init config took 3.51s 
94971      INFO  main            d.u.i.k.p.i.AbstractProblemLoader Replaying proof bsumSplitInvalid.key 
94973      DEBUG main            d.u.i.k.p.i.IntermediateProofReplayer Proof replay took 9.9ns 
95077      INFO  main            d.u.i.k.p.r.p.TestFile    ... finished proof: open goal(s) 
207608     INFO  Test worker     d.u.i.k.p.r.p.StatisticsFile Returning from test comprehensions 
207614     INFO  Test worker     d.u.i.k.p.r.p.StatisticsFile Running test performance 
555        INFO  Timeout watchdog d.u.i.k.p.r.p.ForkedTestFileRunner Timeout watcher launched (2000 secs.) 
593        WARN  main            d.u.i.k.s.ProofSettings   The settings in /home/runner/.key/proof-settings.props are *not* read. 
634        INFO  main            d.u.i.k.p.r.p.TestFile    Now processing file /home/runner/work/key/key/key.core/../key.ui/examples/performance-test/Disjoint(Disjoint__disjoint_08()).JML_operation_contract.0.key 
816        INFO  main            d.u.i.k.p.i.AbstractProblemLoader Loading environment from /home/runner/work/key/key/key.core/../key.ui/examples/performance-test/Disjoint(Disjoint__disjoint_08()).JML_operation_contract.0.key 
840        DEBUG main            d.u.i.k.p.i.AbstractProblemLoader Environment load took 2.83ms 
1179       INFO  main            d.u.i.k.p.i.AbstractProblemLoader Creating init config 
2537       DEBUG main            d.u.i.k.j.TypeConverter   No LDT found for Meta 
2538       DEBUG main            d.u.i.k.j.TypeConverter   No LDT found for Meta 
2540       DEBUG main            d.u.i.k.j.TypeConverter   No LDT found for Meta 
2540       DEBUG main            d.u.i.k.j.TypeConverter   No LDT found for Meta 
4321       DEBUG main            d.u.i.k.j.TypeConverter   No LDT found for JavaBigintExpression 
12799      DEBUG main            d.u.i.k.j.r.ClassPreparationMethodBuilder clPrepBuilder: Inner Class detected. Reject building class initialisation methods. 
24411      DEBUG main            d.u.i.k.p.i.AbstractProblemLoader Init config took 23.23s 
24774      INFO  main            d.u.i.k.p.i.AbstractProblemLoader Replaying proof Disjoint[Disjoint::disjoint_8()].JML operation contract.0 
24887      DEBUG main            d.u.i.k.p.i.IntermediateProofReplayer Proof replay took 560.89ns 
28461      INFO  main            d.u.i.k.p.r.p.TestFile    ... finished proof: closed. 
28800      INFO  main            d.u.i.k.p.i.AbstractProblemLoader Loading environment from /home/runner/work/key/key/key.core/../key.ui/examples/performance-test/Disjoint(Disjoint__disjoint_08()).JML_operation_contract.0.key.proof 
28801      DEBUG main            d.u.i.k.p.i.AbstractProblemLoader Environment load took 248.2ns 
28812      INFO  main            d.u.i.k.p.i.AbstractProblemLoader Creating init config 
33431      DEBUG main            d.u.i.k.j.r.ClassPreparationMethodBuilder clPrepBuilder: Inner Class detected. Reject building class initialisation methods. 
43494      DEBUG main            d.u.i.k.p.i.AbstractProblemLoader Init config took 14.68s 
43681      INFO  main            d.u.i.k.p.i.AbstractProblemLoader Replaying proof Disjoint[Disjoint::disjoint_8()].JML operation contract.0 
44202      DEBUG main            d.u.i.k.p.i.IntermediateProofReplayer Proof replay took 502.47ms 
44213      DEBUG main            d.u.i.k.p.r.p.TestFile    ... success: reloaded. 
44217      INFO  main            d.u.i.k.p.r.p.TestFile    Now processing file /home/runner/work/key/key/key.core/../key.ui/examples/performance-test/Disjoint(Disjoint__disjoint2_08()).JML_operation_contract.0.key 
44218      INFO  main            d.u.i.k.p.i.AbstractProblemLoader Loading environment from /home/runner/work/key/key/key.core/../key.ui/examples/performance-test/Disjoint(Disjoint__disjoint2_08()).JML_operation_contract.0.key 
44218      DEBUG main            d.u.i.k.p.i.AbstractProblemLoader Environment load took 406.6ns 
44220      INFO  main            d.u.i.k.p.i.AbstractProblemLoader Creating init config 
48608      DEBUG main            d.u.i.k.j.r.ClassPreparationMethodBuilder clPrepBuilder: Inner Class detected. Reject building class initialisation methods. 
58559      DEBUG main            d.u.i.k.p.i.AbstractProblemLoader Init config took 14.34s 
58729      INFO  main            d.u.i.k.p.i.AbstractProblemLoader Replaying proof Disjoint[Disjoint::disjoint2_8()].JML operation contract.0 
58733      DEBUG main            d.u.i.k.p.i.IntermediateProofReplayer Proof replay took 39.4ns 
60240      INFO  main            d.u.i.k.p.r.p.TestFile    ... finished proof: closed. 
60645      INFO  main            d.u.i.k.p.i.AbstractProblemLoader Loading environment from /home/runner/work/key/key/key.core/../key.ui/examples/performance-test/Disjoint(Disjoint__disjoint2_08()).JML_operation_contract.0.key.proof 
60647      DEBUG main            d.u.i.k.p.i.AbstractProblemLoader Environment load took 1.58ms 
60649      INFO  main            d.u.i.k.p.i.AbstractProblemLoader Creating init config 
64805      DEBUG main            d.u.i.k.j.r.ClassPreparationMethodBuilder clPrepBuilder: Inner Class detected. Reject building class initialisation methods. 
74509      DEBUG main            d.u.i.k.p.i.AbstractProblemLoader Init config took 13.86s 
74646      INFO  main            d.u.i.k.p.i.AbstractProblemLoader Replaying proof Disjoint[Disjoint::disjoint2_8()].JML operation contract.0 
74785      DEBUG main            d.u.i.k.p.i.IntermediateProofReplayer Proof replay took 134.53ms 
74788      DEBUG main            d.u.i.k.p.r.p.TestFile    ... success: reloaded. 
74790      INFO  main            d.u.i.k.p.r.p.TestFile    Now processing file /home/runner/work/key/key/key.core/../key.ui/examples/performance-test/AccessChain1(AccessChain1__foo_08()).JML_operation_contract.0.key 
74790      INFO  main            d.u.i.k.p.i.AbstractProblemLoader Loading environment from /home/runner/work/key/key/key.core/../key.ui/examples/performance-test/AccessChain1(AccessChain1__foo_08()).JML_operation_contract.0.key 
74790      DEBUG main            d.u.i.k.p.i.AbstractProblemLoader Environment load took 98.6ns 
74791      INFO  main            d.u.i.k.p.i.AbstractProblemLoader Creating init config 
78926      DEBUG main            d.u.i.k.j.r.ClassPreparationMethodBuilder clPrepBuilder: Inner Class detected. Reject building class initialisation methods. 
88489      DEBUG main            d.u.i.k.p.i.AbstractProblemLoader Init config took 13.7s 
88623      INFO  main            d.u.i.k.p.i.AbstractProblemLoader Replaying proof AccessChain1[AccessChain1::foo_8()].JML operation contract.0 
88629      DEBUG main            d.u.i.k.p.i.IntermediateProofReplayer Proof replay took 14.1ns 
92049      INFO  main            d.u.i.k.p.r.p.TestFile    ... finished proof: closed. 
92530      INFO  main            d.u.i.k.p.i.AbstractProblemLoader Loading environment from /home/runner/work/key/key/key.core/../key.ui/examples/performance-test/AccessChain1(AccessChain1__foo_08()).JML_operation_contract.0.key.proof 
92530      DEBUG main            d.u.i.k.p.i.AbstractProblemLoader Environment load took 170.7ns 
92538      INFO  main            d.u.i.k.p.i.AbstractProblemLoader Creating init config 
96695      DEBUG main            d.u.i.k.j.r.ClassPreparationMethodBuilder clPrepBuilder: Inner Class detected. Reject building class initialisation methods. 
106146     DEBUG main            d.u.i.k.p.i.AbstractProblemLoader Init config took 13.61s 
106289     INFO  main            d.u.i.k.p.i.AbstractProblemLoader Replaying proof AccessChain1[AccessChain1::foo_8()].JML operation contract.0 
107045     DEBUG main            d.u.i.k.p.i.IntermediateProofReplayer Proof replay took 735.67ms 
107048     DEBUG main            d.u.i.k.p.r.p.TestFile    ... success: reloaded. 
107050     INFO  main            d.u.i.k.p.r.p.TestFile    Now processing file /home/runner/work/key/key/key.core/../key.ui/examples/performance-test/AccessChain4(AccessChain4__foo_08()).JML_operation_contract.0.key 
107051     INFO  main            d.u.i.k.p.i.AbstractProblemLoader Loading environment from /home/runner/work/key/key/key.core/../key.ui/examples/performance-test/AccessChain4(AccessChain4__foo_08()).JML_operation_contract.0.key 
107051     DEBUG main            d.u.i.k.p.i.AbstractProblemLoader Environment load took 346.6ns 
107053     INFO  main            d.u.i.k.p.i.AbstractProblemLoader Creating init config 
111366     DEBUG main            d.u.i.k.j.r.ClassPreparationMethodBuilder clPrepBuilder: Inner Class detected. Reject building class initialisation methods. 
120855     DEBUG main            d.u.i.k.p.i.AbstractProblemLoader Init config took 13.8s 
120995     INFO  main            d.u.i.k.p.i.AbstractProblemLoader Replaying proof AccessChain4[AccessChain4::foo_8()].JML operation contract.0 
120998     DEBUG main            d.u.i.k.p.i.IntermediateProofReplayer Proof replay took 13.4ns 
129584     INFO  main            d.u.i.k.p.r.p.TestFile    ... finished proof: closed. 
130073     INFO  main            d.u.i.k.p.i.AbstractProblemLoader Loading environment from /home/runner/work/key/key/key.core/../key.ui/examples/performance-test/AccessChain4(AccessChain4__foo_08()).JML_operation_contract.0.key.proof 
130076     DEBUG main            d.u.i.k.p.i.AbstractProblemLoader Environment load took 2.94ms 
130090     INFO  main            d.u.i.k.p.i.AbstractProblemLoader Creating init config 
134024     DEBUG main            d.u.i.k.j.r.ClassPreparationMethodBuilder clPrepBuilder: Inner Class detected. Reject building class initialisation methods. 
143486     DEBUG main            d.u.i.k.p.i.AbstractProblemLoader Init config took 13.4s 
143654     INFO  main            d.u.i.k.p.i.AbstractProblemLoader Replaying proof AccessChain4[AccessChain4::foo_8()].JML operation contract.0 
145178     DEBUG main            d.u.i.k.p.i.IntermediateProofReplayer Proof replay took 1.49s 
145183     DEBUG main            d.u.i.k.p.r.p.TestFile    ... success: reloaded. 
145194     INFO  main            d.u.i.k.p.r.p.TestFile    Now processing file /home/runner/work/key/key/key.core/../key.ui/examples/performance-test/Disjoint(Disjoint__xZero_08()).JML_operation_contract.0.key 
145194     INFO  main            d.u.i.k.p.i.AbstractProblemLoader Loading environment from /home/runner/work/key/key/key.core/../key.ui/examples/performance-test/Disjoint(Disjoint__xZero_08()).JML_operation_contract.0.key 
145194     DEBUG main            d.u.i.k.p.i.AbstractProblemLoader Environment load took 222.4ns 
145195     INFO  main            d.u.i.k.p.i.AbstractProblemLoader Creating init config 
149389     DEBUG main            d.u.i.k.j.r.ClassPreparationMethodBuilder clPrepBuilder: Inner Class detected. Reject building class initialisation methods. 
158956     DEBUG main            d.u.i.k.p.i.AbstractProblemLoader Init config took 13.76s 
159081     INFO  main            d.u.i.k.p.i.AbstractProblemLoader Replaying proof Disjoint[Disjoint::xZero_8()].JML operation contract.0 
159083     DEBUG main            d.u.i.k.p.i.IntermediateProofReplayer Proof replay took 13ns 
160500     INFO  main            d.u.i.k.p.r.p.TestFile    ... finished proof: closed. 
161014     INFO  main            d.u.i.k.p.i.AbstractProblemLoader Loading environment from /home/runner/work/key/key/key.core/../key.ui/examples/performance-test/Disjoint(Disjoint__xZero_08()).JML_operation_contract.0.key.proof 
161015     DEBUG main            d.u.i.k.p.i.AbstractProblemLoader Environment load took 784.39ns 
161017     INFO  main            d.u.i.k.p.i.AbstractProblemLoader Creating init config 
164997     DEBUG main            d.u.i.k.j.r.ClassPreparationMethodBuilder clPrepBuilder: Inner Class detected. Reject building class initialisation methods. 
174716     DEBUG main            d.u.i.k.p.i.AbstractProblemLoader Init config took 13.7s 
174843     INFO  main            d.u.i.k.p.i.AbstractProblemLoader Replaying proof Disjoint[Disjoint::xZero_8()].JML operation contract.0 
175201     DEBUG main            d.u.i.k.p.i.IntermediateProofReplayer Proof replay took 349.66ms 
175204     DEBUG main            d.u.i.k.p.r.p.TestFile    ... success: reloaded. 
175206     INFO  main            d.u.i.k.p.r.p.TestFile    Now processing file /home/runner/work/key/key/key.core/../key.ui/examples/performance-test/Dynamic(Dynamic__foo_08()).JML_operation_contract.0.key 
175207     INFO  main            d.u.i.k.p.i.AbstractProblemLoader Loading environment from /home/runner/work/key/key/key.core/../key.ui/examples/performance-test/Dynamic(Dynamic__foo_08()).JML_operation_contract.0.key 
175207     DEBUG main            d.u.i.k.p.i.AbstractProblemLoader Environment load took 320.1ns 
175208     INFO  main            d.u.i.k.p.i.AbstractProblemLoader Creating init config 
179308     DEBUG main            d.u.i.k.j.r.ClassPreparationMethodBuilder clPrepBuilder: Inner Class detected. Reject building class initialisation methods. 
188785     DEBUG main            d.u.i.k.p.i.AbstractProblemLoader Init config took 13.58s 
188904     INFO  main            d.u.i.k.p.i.AbstractProblemLoader Replaying proof Dynamic[Dynamic::foo_8()].JML operation contract.0 
188907     DEBUG main            d.u.i.k.p.i.IntermediateProofReplayer Proof replay took 13.6ns 
196143     INFO  main            d.u.i.k.p.r.p.TestFile    ... finished proof: closed. 
196705     INFO  main            d.u.i.k.p.i.AbstractProblemLoader Loading environment from /home/runner/work/key/key/key.core/../key.ui/examples/performance-test/Dynamic(Dynamic__foo_08()).JML_operation_contract.0.key.proof 
196706     DEBUG main            d.u.i.k.p.i.AbstractProblemLoader Environment load took 742.5ns 
196709     INFO  main            d.u.i.k.p.i.AbstractProblemLoader Creating init config 
200658     DEBUG main            d.u.i.k.j.r.ClassPreparationMethodBuilder clPrepBuilder: Inner Class detected. Reject building class initialisation methods. 
210306     DEBUG main            d.u.i.k.p.i.AbstractProblemLoader Init config took 13.6s 
210430     INFO  main            d.u.i.k.p.i.AbstractProblemLoader Replaying proof Dynamic[Dynamic::foo_8()].JML operation contract.0 
211381     DEBUG main            d.u.i.k.p.i.IntermediateProofReplayer Proof replay took 918.04ms 
211384     DEBUG main            d.u.i.k.p.r.p.TestFile    ... success: reloaded. 
211386     INFO  main            d.u.i.k.p.r.p.TestFile    Now processing file /home/runner/work/key/key/key.core/../key.ui/examples/performance-test/DynamicGhost(DynamicGhost__dynamicGhost_08()).JML_normal_behavior_operation_contract.0.key 
211386     INFO  main            d.u.i.k.p.i.AbstractProblemLoader Loading environment from /home/runner/work/key/key/key.core/../key.ui/examples/performance-test/DynamicGhost(DynamicGhost__dynamicGhost_08()).JML_normal_behavior_operation_contract.0.key 
211387     DEBUG main            d.u.i.k.p.i.AbstractProblemLoader Environment load took 143.4ns 
211388     INFO  main            d.u.i.k.p.i.AbstractProblemLoader Creating init config 
215516     DEBUG main            d.u.i.k.j.r.ClassPreparationMethodBuilder clPrepBuilder: Inner Class detected. Reject building class initialisation methods. 
225130     DEBUG main            d.u.i.k.p.i.AbstractProblemLoader Init config took 13.74s 
225256     INFO  main            d.u.i.k.p.i.AbstractProblemLoader Replaying proof DynamicGhost[DynamicGhost::dynamicGhost_8()].JML normal_behavior operation contract.0 
225259     DEBUG main            d.u.i.k.p.i.IntermediateProofReplayer Proof replay took 48.5ns 
230832     INFO  main            d.u.i.k.p.r.p.TestFile    ... finished proof: closed. 
231423     INFO  main            d.u.i.k.p.i.AbstractProblemLoader Loading environment from /home/runner/work/key/key/key.core/../key.ui/examples/performance-test/DynamicGhost(DynamicGhost__dynamicGhost_08()).JML_normal_behavior_operation_contract.0.key.proof 
231424     DEBUG main            d.u.i.k.p.i.AbstractProblemLoader Environment load took 733.49ns 
231427     INFO  main            d.u.i.k.p.i.AbstractProblemLoader Creating init config 
235536     DEBUG main            d.u.i.k.j.r.ClassPreparationMethodBuilder clPrepBuilder: Inner Class detected. Reject building class initialisation methods. 
245471     DEBUG main            d.u.i.k.p.i.AbstractProblemLoader Init config took 14.04s 
245631     INFO  main            d.u.i.k.p.i.AbstractProblemLoader Replaying proof DynamicGhost[DynamicGhost::dynamicGhost_8()].JML normal_behavior operation contract.0 
246511     DEBUG main            d.u.i.k.p.i.IntermediateProofReplayer Proof replay took 843.19ms 
246515     DEBUG main            d.u.i.k.p.r.p.TestFile    ... success: reloaded. 
246517     INFO  main            d.u.i.k.p.r.p.TestFile    Now processing file /home/runner/work/key/key/key.core/../key.ui/examples/performance-test/GhostFrame(GhostFrame__foo_08()).JML_operation_contract.0.key 
246517     INFO  main            d.u.i.k.p.i.AbstractProblemLoader Loading environment from /home/runner/work/key/key/key.core/../key.ui/examples/performance-test/GhostFrame(GhostFrame__foo_08()).JML_operation_contract.0.key 
246517     DEBUG main            d.u.i.k.p.i.AbstractProblemLoader Environment load took 242.6ns 
246526     INFO  main            d.u.i.k.p.i.AbstractProblemLoader Creating init config 
250683     DEBUG main            d.u.i.k.j.r.ClassPreparationMethodBuilder clPrepBuilder: Inner Class detected. Reject building class initialisation methods. 
260146     DEBUG main            d.u.i.k.p.i.AbstractProblemLoader Init config took 13.62s 
260259     INFO  main            d.u.i.k.p.i.AbstractProblemLoader Replaying proof GhostFrame[GhostFrame::foo_8()].JML operation contract.0 
260262     DEBUG main            d.u.i.k.p.i.IntermediateProofReplayer Proof replay took 15.7ns 
262933     INFO  main            d.u.i.k.p.r.p.TestFile    ... finished proof: closed. 
263537     INFO  main            d.u.i.k.p.i.AbstractProblemLoader Loading environment from /home/runner/work/key/key/key.core/../key.ui/examples/performance-test/GhostFrame(GhostFrame__foo_08()).JML_operation_contract.0.key.proof 
263537     DEBUG main            d.u.i.k.p.i.AbstractProblemLoader Environment load took 284.49ns 
263539     INFO  main            d.u.i.k.p.i.AbstractProblemLoader Creating init config 
267470     DEBUG main            d.u.i.k.j.r.ClassPreparationMethodBuilder clPrepBuilder: Inner Class detected. Reject building class initialisation methods. 
276811     DEBUG main            d.u.i.k.p.i.AbstractProblemLoader Init config took 13.27s 
276966     INFO  main            d.u.i.k.p.i.AbstractProblemLoader Replaying proof GhostFrame[GhostFrame::foo_8()].JML operation contract.0 
277476     DEBUG main            d.u.i.k.p.i.IntermediateProofReplayer Proof replay took 499.75ms 
277478     DEBUG main            d.u.i.k.p.r.p.TestFile    ... success: reloaded. 
277482     INFO  main            d.u.i.k.p.r.p.TestFile    Now processing file /home/runner/work/key/key/key.core/../key.ui/examples/performance-test/Modelfield(Modelfield__foo_08()).JML_operation_contract.0.key 
277483     INFO  main            d.u.i.k.p.i.AbstractProblemLoader Loading environment from /home/runner/work/key/key/key.core/../key.ui/examples/performance-test/Modelfield(Modelfield__foo_08()).JML_operation_contract.0.key 
277483     DEBUG main            d.u.i.k.p.i.AbstractProblemLoader Environment load took 339.5ns 
277484     INFO  main            d.u.i.k.p.i.AbstractProblemLoader Creating init config 
281587     DEBUG main            d.u.i.k.j.r.ClassPreparationMethodBuilder clPrepBuilder: Inner Class detected. Reject building class initialisation methods. 
291256     DEBUG main            d.u.i.k.p.i.AbstractProblemLoader Init config took 13.77s 
291416     INFO  main            d.u.i.k.p.i.AbstractProblemLoader Replaying proof Modelfield[Modelfield::foo_8()].JML operation contract.0 
291418     DEBUG main            d.u.i.k.p.i.IntermediateProofReplayer Proof replay took 7ns 
295675     INFO  main            d.u.i.k.p.r.p.TestFile    ... finished proof: closed. 
296310     INFO  main            d.u.i.k.p.i.AbstractProblemLoader Loading environment from /home/runner/work/key/key/key.core/../key.ui/examples/performance-test/Modelfield(Modelfield__foo_08()).JML_operation_contract.0.key.proof 
296311     DEBUG main            d.u.i.k.p.i.AbstractProblemLoader Environment load took 728.89ns 
296313     INFO  main            d.u.i.k.p.i.AbstractProblemLoader Creating init config 
300281     DEBUG main            d.u.i.k.j.r.ClassPreparationMethodBuilder clPrepBuilder: Inner Class detected. Reject building class initialisation methods. 
309995     DEBUG main            d.u.i.k.p.i.AbstractProblemLoader Init config took 13.68s 
310113     INFO  main            d.u.i.k.p.i.AbstractProblemLoader Replaying proof Modelfield[Modelfield::foo_8()].JML operation contract.0 
310783     DEBUG main            d.u.i.k.p.i.IntermediateProofReplayer Proof replay took 653.82ms 
310787     DEBUG main            d.u.i.k.p.r.p.TestFile    ... success: reloaded. 
518666     INFO  Test worker     d.u.i.k.p.r.p.StatisticsFile Returning from test performance 
518671     INFO  Test worker     d.u.i.k.p.r.p.StatisticsFile Running test performancePOConstruction 
566        INFO  Timeout watchdog d.u.i.k.p.r.p.ForkedTestFileRunner Timeout watcher launched (2000 secs.) 
601        WARN  main            d.u.i.k.s.ProofSettings   The settings in /home/runner/.key/proof-settings.props are *not* read. 
664        INFO  main            d.u.i.k.p.r.p.TestFile    Now processing file /home/runner/work/key/key/key.core/../key.ui/examples/performance-test/Test(Test__a0(int)).JML_normal_behavior_operation_contract.0.key 
854        INFO  main            d.u.i.k.p.i.AbstractProblemLoader Loading environment from /home/runner/work/key/key/key.core/../key.ui/examples/performance-test/Test(Test__a0(int)).JML_normal_behavior_operation_contract.0.key 
887        DEBUG main            d.u.i.k.p.i.AbstractProblemLoader Environment load took 3.2ms 
1216       INFO  main            d.u.i.k.p.i.AbstractProblemLoader Creating init config 
2715       DEBUG main            d.u.i.k.j.TypeConverter   No LDT found for Meta 
2718       DEBUG main            d.u.i.k.j.TypeConverter   No LDT found for Meta 
2724       DEBUG main            d.u.i.k.j.TypeConverter   No LDT found for Meta 
2726       DEBUG main            d.u.i.k.j.TypeConverter   No LDT found for Meta 
4990       DEBUG main            d.u.i.k.j.TypeConverter   No LDT found for JavaBigintExpression 
13133      DEBUG main            d.u.i.k.j.r.ClassPreparationMethodBuilder clPrepBuilder: Inner Class detected. Reject building class initialisation methods. 
24901      DEBUG main            d.u.i.k.p.i.AbstractProblemLoader Init config took 23.68s 
26591      INFO  main            d.u.i.k.p.i.AbstractProblemLoader Replaying proof Test[Test::a0(int)].JML normal_behavior operation contract.0 
26676      DEBUG main            d.u.i.k.p.i.IntermediateProofReplayer Proof replay took 40.2ns 
27232      INFO  main            d.u.i.k.p.r.p.TestFile    ... finished proof: closed. 
27501      INFO  main            d.u.i.k.p.i.AbstractProblemLoader Loading environment from /home/runner/work/key/key/key.core/../key.ui/examples/performance-test/Test(Test__a0(int)).JML_normal_behavior_operation_contract.0.key.proof 
27508      DEBUG main            d.u.i.k.p.i.AbstractProblemLoader Environment load took 7.2ms 
27511      INFO  main            d.u.i.k.p.i.AbstractProblemLoader Creating init config 
31987      DEBUG main            d.u.i.k.j.r.ClassPreparationMethodBuilder clPrepBuilder: Inner Class detected. Reject building class initialisation methods. 
42522      DEBUG main            d.u.i.k.p.i.AbstractProblemLoader Init config took 15.01s 
43973      INFO  main            d.u.i.k.p.i.AbstractProblemLoader Replaying proof Test[Test::a0(int)].JML normal_behavior operation contract.0 
44050      DEBUG main            d.u.i.k.p.i.IntermediateProofReplayer Proof replay took 66.6ms 
44075      DEBUG main            d.u.i.k.p.r.p.TestFile    ... success: reloaded. 
44083      INFO  main            d.u.i.k.p.r.p.TestFile    Now processing file /home/runner/work/key/key/key.core/../key.ui/examples/performance-test/Test(Test__a1(int)).JML_normal_behavior_operation_contract.0.key 
44087      INFO  main            d.u.i.k.p.i.AbstractProblemLoader Loading environment from /home/runner/work/key/key/key.core/../key.ui/examples/performance-test/Test(Test__a1(int)).JML_normal_behavior_operation_contract.0.key 
44087      DEBUG main            d.u.i.k.p.i.AbstractProblemLoader Environment load took 558.4ns 
44090      INFO  main            d.u.i.k.p.i.AbstractProblemLoader Creating init config 
48559      DEBUG main            d.u.i.k.j.r.ClassPreparationMethodBuilder clPrepBuilder: Inner Class detected. Reject building class initialisation methods. 
58739      DEBUG main            d.u.i.k.p.i.AbstractProblemLoader Init config took 14.65s 
60171      INFO  main            d.u.i.k.p.i.AbstractProblemLoader Replaying proof Test[Test::a1(int)].JML normal_behavior operation contract.0 
60179      DEBUG main            d.u.i.k.p.i.IntermediateProofReplayer Proof replay took 8.7ns 
60687      INFO  main            d.u.i.k.p.r.p.TestFile    ... finished proof: closed. 
61040      INFO  main            d.u.i.k.p.i.AbstractProblemLoader Loading environment from /home/runner/work/key/key/key.core/../key.ui/examples/performance-test/Test(Test__a1(int)).JML_normal_behavior_operation_contract.0.key.proof 
61041      DEBUG main            d.u.i.k.p.i.AbstractProblemLoader Environment load took 394.7ns 
61050      INFO  main            d.u.i.k.p.i.AbstractProblemLoader Creating init config 
65389      DEBUG main            d.u.i.k.j.r.ClassPreparationMethodBuilder clPrepBuilder: Inner Class detected. Reject building class initialisation methods. 
75442      DEBUG main            d.u.i.k.p.i.AbstractProblemLoader Init config took 14.39s 
76748      INFO  main            d.u.i.k.p.i.AbstractProblemLoader Replaying proof Test[Test::a1(int)].JML normal_behavior operation contract.0 
76951      DEBUG main            d.u.i.k.p.i.IntermediateProofReplayer Proof replay took 197.99ms 
76956      DEBUG main            d.u.i.k.p.r.p.TestFile    ... success: reloaded. 
76960      INFO  main            d.u.i.k.p.r.p.TestFile    Now processing file /home/runner/work/key/key/key.core/../key.ui/examples/performance-test/Test(Test__f1(int)).JML_normal_behavior_operation_contract.0.key 
76960      INFO  main            d.u.i.k.p.i.AbstractProblemLoader Loading environment from /home/runner/work/key/key/key.core/../key.ui/examples/performance-test/Test(Test__f1(int)).JML_normal_behavior_operation_contract.0.key 
76961      DEBUG main            d.u.i.k.p.i.AbstractProblemLoader Environment load took 535.8ns 
76964      INFO  main            d.u.i.k.p.i.AbstractProblemLoader Creating init config 
81376      DEBUG main            d.u.i.k.j.r.ClassPreparationMethodBuilder clPrepBuilder: Inner Class detected. Reject building class initialisation methods. 
91371      DEBUG main            d.u.i.k.p.i.AbstractProblemLoader Init config took 14.41s 
92686      INFO  main            d.u.i.k.p.i.AbstractProblemLoader Replaying proof Test[Test::f1(int)].JML normal_behavior operation contract.0 
92691      DEBUG main            d.u.i.k.p.i.IntermediateProofReplayer Proof replay took 8.5ns 
93095      INFO  main            d.u.i.k.p.r.p.TestFile    ... finished proof: closed. 
93448      INFO  main            d.u.i.k.p.i.AbstractProblemLoader Loading environment from /home/runner/work/key/key/key.core/../key.ui/examples/performance-test/Test(Test__f1(int)).JML_normal_behavior_operation_contract.0.key.proof 
93448      DEBUG main            d.u.i.k.p.i.AbstractProblemLoader Environment load took 178.4ns 
93450      INFO  main            d.u.i.k.p.i.AbstractProblemLoader Creating init config 
97562      DEBUG main            d.u.i.k.j.r.ClassPreparationMethodBuilder clPrepBuilder: Inner Class detected. Reject building class initialisation methods. 
107183     DEBUG main            d.u.i.k.p.i.AbstractProblemLoader Init config took 13.73s 
108555     INFO  main            d.u.i.k.p.i.AbstractProblemLoader Replaying proof Test[Test::f1(int)].JML normal_behavior operation contract.0 
108628     DEBUG main            d.u.i.k.p.i.IntermediateProofReplayer Proof replay took 68.97ms 
108630     DEBUG main            d.u.i.k.p.r.p.TestFile    ... success: reloaded. 
627523     INFO  Test worker     d.u.i.k.p.r.p.StatisticsFile Returning from test performancePOConstruction 
627527     INFO  Test worker     d.u.i.k.p.r.p.StatisticsFile Running test applicationRestrictions 
519        INFO  Timeout watchdog d.u.i.k.p.r.p.ForkedTestFileRunner Timeout watcher launched (2000 secs.) 
542        WARN  main            d.u.i.k.s.ProofSettings   The settings in /home/runner/.key/proof-settings.props are *not* read. 
589        INFO  main            d.u.i.k.p.r.p.TestFile    Now processing file /home/runner/work/key/key/key.core/../key.ui/examples/heap/polarity_tests/wellformed1.key 
738        INFO  main            d.u.i.k.p.i.AbstractProblemLoader Loading environment from /home/runner/work/key/key/key.core/../key.ui/examples/heap/polarity_tests/wellformed1.key 
775        DEBUG main            d.u.i.k.p.i.AbstractProblemLoader Environment load took 2.53ms 
1164       INFO  main            d.u.i.k.p.i.AbstractProblemLoader Creating init config 
2666       DEBUG main            d.u.i.k.j.TypeConverter   No LDT found for Meta 
2666       DEBUG main            d.u.i.k.j.TypeConverter   No LDT found for Meta 
2670       DEBUG main            d.u.i.k.j.TypeConverter   No LDT found for Meta 
2670       DEBUG main            d.u.i.k.j.TypeConverter   No LDT found for Meta 
4410       DEBUG main            d.u.i.k.j.TypeConverter   No LDT found for JavaBigintExpression 
11615      DEBUG main            d.u.i.k.p.i.AbstractProblemLoader Init config took 10.45s 
11726      INFO  main            d.u.i.k.p.i.AbstractProblemLoader Replaying proof wellformed1.key 
11785      DEBUG main            d.u.i.k.p.i.IntermediateProofReplayer Proof replay took 45ns 
11984      INFO  main            d.u.i.k.p.r.p.TestFile    ... finished proof: closed. 
12144      INFO  main            d.u.i.k.p.i.AbstractProblemLoader Loading environment from /home/runner/work/key/key/key.core/../key.ui/examples/heap/polarity_tests/wellformed1.key.proof 
12144      DEBUG main            d.u.i.k.p.i.AbstractProblemLoader Environment load took 174.1ns 
12150      INFO  main            d.u.i.k.p.i.AbstractProblemLoader Creating init config 
16168      DEBUG main            d.u.i.k.p.i.AbstractProblemLoader Init config took 4.02s 
16231      INFO  main            d.u.i.k.p.i.AbstractProblemLoader Replaying proof wellformed1.key.proof 
16240      DEBUG main            d.u.i.k.p.i.IntermediateProofReplayer Proof replay took 3.72ms 
16255      DEBUG main            d.u.i.k.p.r.p.TestFile    ... success: reloaded. 
16257      INFO  main            d.u.i.k.p.r.p.TestFile    Now processing file /home/runner/work/key/key/key.core/../key.ui/examples/heap/polarity_tests/wellformed2.key 
16259      INFO  main            d.u.i.k.p.i.AbstractProblemLoader Loading environment from /home/runner/work/key/key/key.core/../key.ui/examples/heap/polarity_tests/wellformed2.key 
16260      DEBUG main            d.u.i.k.p.i.AbstractProblemLoader Environment load took 357.5ns 
16262      INFO  main            d.u.i.k.p.i.AbstractProblemLoader Creating init config 
20005      DEBUG main            d.u.i.k.p.i.AbstractProblemLoader Init config took 3.74s 
20052      INFO  main            d.u.i.k.p.i.AbstractProblemLoader Replaying proof wellformed2.key 
20058      DEBUG main            d.u.i.k.p.i.IntermediateProofReplayer Proof replay took 8.7ns 
20162      INFO  main            d.u.i.k.p.r.p.TestFile    ... finished proof: open goal(s) 
20393      INFO  main            d.u.i.k.p.r.p.TestFile    Now processing file /home/runner/work/key/key/key.core/../key.ui/examples/heap/polarity_tests/wellformed3.key 
20394      INFO  main            d.u.i.k.p.i.AbstractProblemLoader Loading environment from /home/runner/work/key/key/key.core/../key.ui/examples/heap/polarity_tests/wellformed3.key 
20394      DEBUG main            d.u.i.k.p.i.AbstractProblemLoader Environment load took 109ns 
20399      INFO  main            d.u.i.k.p.i.AbstractProblemLoader Creating init config 
24043      DEBUG main            d.u.i.k.p.i.AbstractProblemLoader Init config took 3.64s 
24079      INFO  main            d.u.i.k.p.i.AbstractProblemLoader Replaying proof wellformed3.key 
24082      DEBUG main            d.u.i.k.p.i.IntermediateProofReplayer Proof replay took 8.5ns 
24190      INFO  main            d.u.i.k.p.r.p.TestFile    ... finished proof: closed. 
24347      INFO  main            d.u.i.k.p.i.AbstractProblemLoader Loading environment from /home/runner/work/key/key/key.core/../key.ui/examples/heap/polarity_tests/wellformed3.key.proof 
24347      DEBUG main            d.u.i.k.p.i.AbstractProblemLoader Environment load took 196ns 
24351      INFO  main            d.u.i.k.p.i.AbstractProblemLoader Creating init config 
27959      DEBUG main            d.u.i.k.p.i.AbstractProblemLoader Init config took 3.61s 
27986      INFO  main            d.u.i.k.p.i.AbstractProblemLoader Replaying proof wellformed3.key.proof 
27995      DEBUG main            d.u.i.k.p.i.IntermediateProofReplayer Proof replay took 5.56ms 
27996      DEBUG main            d.u.i.k.p.r.p.TestFile    ... success: reloaded. 
27998      INFO  main            d.u.i.k.p.r.p.TestFile    Now processing file /home/runner/work/key/key/key.core/../key.ui/examples/heap/polarity_tests/wellformed4.key 
27998      INFO  main            d.u.i.k.p.i.AbstractProblemLoader Loading environment from /home/runner/work/key/key/key.core/../key.ui/examples/heap/polarity_tests/wellformed4.key 
27998      DEBUG main            d.u.i.k.p.i.AbstractProblemLoader Environment load took 297.1ns 
28000      INFO  main            d.u.i.k.p.i.AbstractProblemLoader Creating init config 
31565      DEBUG main            d.u.i.k.p.i.AbstractProblemLoader Init config took 3.56s 
31596      INFO  main            d.u.i.k.p.i.AbstractProblemLoader Replaying proof wellformed4.key 
31602      DEBUG main            d.u.i.k.p.i.IntermediateProofReplayer Proof replay took 9.9ns 
31707      INFO  main            d.u.i.k.p.r.p.TestFile    ... finished proof: open goal(s) 
31949      INFO  main            d.u.i.k.p.r.p.TestFile    Now processing file /home/runner/work/key/key/key.core/../key.ui/examples/heap/polarity_tests/wellformed5.key 
31949      INFO  main            d.u.i.k.p.i.AbstractProblemLoader Loading environment from /home/runner/work/key/key/key.core/../key.ui/examples/heap/polarity_tests/wellformed5.key 
31949      DEBUG main            d.u.i.k.p.i.AbstractProblemLoader Environment load took 102ns 
31951      INFO  main            d.u.i.k.p.i.AbstractProblemLoader Creating init config 
35493      DEBUG main            d.u.i.k.p.i.AbstractProblemLoader Init config took 3.54s 
35524      INFO  main            d.u.i.k.p.i.AbstractProblemLoader Replaying proof wellformed5.key 
35526      DEBUG main            d.u.i.k.p.i.IntermediateProofReplayer Proof replay took 9.3ns 
35629      INFO  main            d.u.i.k.p.r.p.TestFile    ... finished proof: closed. 
35797      INFO  main            d.u.i.k.p.i.AbstractProblemLoader Loading environment from /home/runner/work/key/key/key.core/../key.ui/examples/heap/polarity_tests/wellformed5.key.proof 
35800      DEBUG main            d.u.i.k.p.i.AbstractProblemLoader Environment load took 2.63ms 
35807      INFO  main            d.u.i.k.p.i.AbstractProblemLoader Creating init config 
39294      DEBUG main            d.u.i.k.p.i.AbstractProblemLoader Init config took 3.49s 
39319      INFO  main            d.u.i.k.p.i.AbstractProblemLoader Replaying proof wellformed5.key.proof 
39324      DEBUG main            d.u.i.k.p.i.IntermediateProofReplayer Proof replay took 1.67ms 
39325      DEBUG main            d.u.i.k.p.r.p.TestFile    ... success: reloaded. 
39327      INFO  main            d.u.i.k.p.r.p.TestFile    Now processing file /home/runner/work/key/key/key.core/../key.ui/examples/heap/polarity_tests/wellformed6.key 
39327      INFO  main            d.u.i.k.p.i.AbstractProblemLoader Loading environment from /home/runner/work/key/key/key.core/../key.ui/examples/heap/polarity_tests/wellformed6.key 
39327      DEBUG main            d.u.i.k.p.i.AbstractProblemLoader Environment load took 282ns 
39330      INFO  main            d.u.i.k.p.i.AbstractProblemLoader Creating init config 
42776      DEBUG main            d.u.i.k.p.i.AbstractProblemLoader Init config took 3.45s 
42803      INFO  main            d.u.i.k.p.i.AbstractProblemLoader Replaying proof wellformed6.key 
42805      DEBUG main            d.u.i.k.p.i.IntermediateProofReplayer Proof replay took 9.1ns 
42914      INFO  main            d.u.i.k.p.r.p.TestFile    ... finished proof: open goal(s) 
43113      INFO  main            d.u.i.k.p.r.p.TestFile    Now processing file /home/runner/work/key/key/key.core/../key.ui/examples/heap/polarity_tests/wellformed7.key 
43113      INFO  main            d.u.i.k.p.i.AbstractProblemLoader Loading environment from /home/runner/work/key/key/key.core/../key.ui/examples/heap/polarity_tests/wellformed7.key 
43113      DEBUG main            d.u.i.k.p.i.AbstractProblemLoader Environment load took 81.7ns 
43114      INFO  main            d.u.i.k.p.i.AbstractProblemLoader Creating init config 
46598      DEBUG main            d.u.i.k.p.i.AbstractProblemLoader Init config took 3.48s 
46638      INFO  main            d.u.i.k.p.i.AbstractProblemLoader Replaying proof wellformed7.key 
46642      DEBUG main            d.u.i.k.p.i.IntermediateProofReplayer Proof replay took 8.9ns 
46745      INFO  main            d.u.i.k.p.r.p.TestFile    ... finished proof: closed. 
46932      INFO  main            d.u.i.k.p.i.AbstractProblemLoader Loading environment from /home/runner/work/key/key/key.core/../key.ui/examples/heap/polarity_tests/wellformed7.key.proof 
46933      DEBUG main            d.u.i.k.p.i.AbstractProblemLoader Environment load took 879.8ns 
46935      INFO  main            d.u.i.k.p.i.AbstractProblemLoader Creating init config 
50439      DEBUG main            d.u.i.k.p.i.AbstractProblemLoader Init config took 3.5s 
50461      INFO  main            d.u.i.k.p.i.AbstractProblemLoader Replaying proof wellformed7.key.proof 
50466      DEBUG main            d.u.i.k.p.i.IntermediateProofReplayer Proof replay took 2.09ms 
50468      DEBUG main            d.u.i.k.p.r.p.TestFile    ... success: reloaded. 
50469      INFO  main            d.u.i.k.p.r.p.TestFile    Now processing file /home/runner/work/key/key/key.core/../key.ui/examples/heap/polarity_tests/wellformed8.key 
50469      INFO  main            d.u.i.k.p.i.AbstractProblemLoader Loading environment from /home/runner/work/key/key/key.core/../key.ui/examples/heap/polarity_tests/wellformed8.key 
50470      DEBUG main            d.u.i.k.p.i.AbstractProblemLoader Environment load took 322.8ns 
50471      INFO  main            d.u.i.k.p.i.AbstractProblemLoader Creating init config 
53980      DEBUG main            d.u.i.k.p.i.AbstractProblemLoader Init config took 3.51s 
54003      INFO  main            d.u.i.k.p.i.AbstractProblemLoader Replaying proof wellformed8.key 
54006      DEBUG main            d.u.i.k.p.i.IntermediateProofReplayer Proof replay took 11.1ns 
54109      INFO  main            d.u.i.k.p.r.p.TestFile    ... finished proof: open goal(s) 
54352      INFO  main            d.u.i.k.p.r.p.TestFile    Now processing file /home/runner/work/key/key/key.core/../key.ui/examples/heap/polarity_tests/wellformed9.key 
54353      INFO  main            d.u.i.k.p.i.AbstractProblemLoader Loading environment from /home/runner/work/key/key/key.core/../key.ui/examples/heap/polarity_tests/wellformed9.key 
54353      DEBUG main            d.u.i.k.p.i.AbstractProblemLoader Environment load took 128.1ns 
54355      INFO  main            d.u.i.k.p.i.AbstractProblemLoader Creating init config 
57884      DEBUG main            d.u.i.k.p.i.AbstractProblemLoader Init config took 3.53s 
57914      INFO  main            d.u.i.k.p.i.AbstractProblemLoader Replaying proof wellformed9.key 
57916      DEBUG main            d.u.i.k.p.i.IntermediateProofReplayer Proof replay took 9.8ns 
58019      INFO  main            d.u.i.k.p.r.p.TestFile    ... finished proof: closed. 
58269      INFO  main            d.u.i.k.p.i.AbstractProblemLoader Loading environment from /home/runner/work/key/key/key.core/../key.ui/examples/heap/polarity_tests/wellformed9.key.proof 
58269      DEBUG main            d.u.i.k.p.i.AbstractProblemLoader Environment load took 134.6ns 
58271      INFO  main            d.u.i.k.p.i.AbstractProblemLoader Creating init config 
61718      DEBUG main            d.u.i.k.p.i.AbstractProblemLoader Init config took 3.45s 
61743      INFO  main            d.u.i.k.p.i.AbstractProblemLoader Replaying proof wellformed9.key.proof 
61748      DEBUG main            d.u.i.k.p.i.IntermediateProofReplayer Proof replay took 2.26ms 
61749      DEBUG main            d.u.i.k.p.r.p.TestFile    ... success: reloaded. 
61750      INFO  main            d.u.i.k.p.r.p.TestFile    Now processing file /home/runner/work/key/key/key.core/../key.ui/examples/heap/polarity_tests/wellformed10.key 
61750      INFO  main            d.u.i.k.p.i.AbstractProblemLoader Loading environment from /home/runner/work/key/key/key.core/../key.ui/examples/heap/polarity_tests/wellformed10.key 
61750      DEBUG main            d.u.i.k.p.i.AbstractProblemLoader Environment load took 132.6ns 
61752      INFO  main            d.u.i.k.p.i.AbstractProblemLoader Creating init config 
65222      DEBUG main            d.u.i.k.p.i.AbstractProblemLoader Init config took 3.47s 
65245      INFO  main            d.u.i.k.p.i.AbstractProblemLoader Replaying proof wellformed10.key 
65247      DEBUG main            d.u.i.k.p.i.IntermediateProofReplayer Proof replay took 9.5ns 
65350      INFO  main            d.u.i.k.p.r.p.TestFile    ... finished proof: open goal(s) 
65621      INFO  main            d.u.i.k.p.r.p.TestFile    Now processing file /home/runner/work/key/key/key.core/../key.ui/examples/heap/polarity_tests/wellformed11.key 
65621      INFO  main            d.u.i.k.p.i.AbstractProblemLoader Loading environment from /home/runner/work/key/key/key.core/../key.ui/examples/heap/polarity_tests/wellformed11.key 
65621      DEBUG main            d.u.i.k.p.i.AbstractProblemLoader Environment load took 328.7ns 
65623      INFO  main            d.u.i.k.p.i.AbstractProblemLoader Creating init config 
69025      DEBUG main            d.u.i.k.p.i.AbstractProblemLoader Init config took 3.4s 
69046      INFO  main            d.u.i.k.p.i.AbstractProblemLoader Replaying proof wellformed11.key 
69048      DEBUG main            d.u.i.k.p.i.IntermediateProofReplayer Proof replay took 9.3ns 
69158      INFO  main            d.u.i.k.p.r.p.TestFile    ... finished proof: open goal(s) 
697181     INFO  Test worker     d.u.i.k.p.r.p.StatisticsFile Returning from test applicationRestrictions 
697188     INFO  Test worker     d.u.i.k.p.r.p.StatisticsFile Running test blockContracts 
527        INFO  Timeout watchdog d.u.i.k.p.r.p.ForkedTestFileRunner Timeout watcher launched (2000 secs.) 
540        WARN  main            d.u.i.k.s.ProofSettings   The settings in /home/runner/.key/proof-settings.props are *not* read. 
577        INFO  main            d.u.i.k.p.r.p.TestFile    Now processing file /home/runner/work/key/key/key.core/../key.ui/examples/heap/block_contracts/Simple__add.key 
740        INFO  main            d.u.i.k.p.i.AbstractProblemLoader Loading environment from /home/runner/work/key/key/key.core/../key.ui/examples/heap/block_contracts/Simple__add.key 
766        DEBUG main            d.u.i.k.p.i.AbstractProblemLoader Environment load took 3.2ms 
1124       INFO  main            d.u.i.k.p.i.AbstractProblemLoader Creating init config 
2332       DEBUG main            d.u.i.k.j.TypeConverter   No LDT found for Meta 
2337       DEBUG main            d.u.i.k.j.TypeConverter   No LDT found for Meta 
2342       DEBUG main            d.u.i.k.j.TypeConverter   No LDT found for Meta 
2342       DEBUG main            d.u.i.k.j.TypeConverter   No LDT found for Meta 
4750       DEBUG main            d.u.i.k.j.TypeConverter   No LDT found for JavaBigintExpression 
12778      DEBUG main            d.u.i.k.p.i.AbstractProblemLoader Init config took 11.65s 
13009      INFO  main            d.u.i.k.p.i.AbstractProblemLoader Replaying proof Simple[Simple::add(int,int)].JML operation contract.0 
13128      DEBUG main            d.u.i.k.p.i.IntermediateProofReplayer Proof replay took 3.61ms 
14273      INFO  main            d.u.i.k.p.r.p.TestFile    ... finished proof: closed. 
14434      INFO  main            d.u.i.k.p.i.AbstractProblemLoader Loading environment from /home/runner/work/key/key/key.core/../key.ui/examples/heap/block_contracts/Simple__add.key.proof 
14440      DEBUG main            d.u.i.k.p.i.AbstractProblemLoader Environment load took 5.92ms 
14443      INFO  main            d.u.i.k.p.i.AbstractProblemLoader Creating init config 
19428      DEBUG main            d.u.i.k.p.i.AbstractProblemLoader Init config took 4.99s 
19557      INFO  main            d.u.i.k.p.i.AbstractProblemLoader Replaying proof Simple[Simple::add(int,int)].JML operation contract.0 
19756      DEBUG main            d.u.i.k.p.i.IntermediateProofReplayer Proof replay took 185.75ms 
19767      DEBUG main            d.u.i.k.p.r.p.TestFile    ... success: reloaded. 
19773      INFO  main            d.u.i.k.p.r.p.TestFile    Now processing file /home/runner/work/key/key/key.core/../key.ui/examples/heap/block_contracts/Simple__addAbsoluteValues.key 
19773      INFO  main            d.u.i.k.p.i.AbstractProblemLoader Loading environment from /home/runner/work/key/key/key.core/../key.ui/examples/heap/block_contracts/Simple__addAbsoluteValues.key 
19774      DEBUG main            d.u.i.k.p.i.AbstractProblemLoader Environment load took 183.9ns 
19778      INFO  main            d.u.i.k.p.i.AbstractProblemLoader Creating init config 
24220      DEBUG main            d.u.i.k.p.i.AbstractProblemLoader Init config took 4.44s 
24300      INFO  main            d.u.i.k.p.i.AbstractProblemLoader Replaying proof Simple[Simple::addAbsoluteValues(int,int)].JML normal_behavior operation contract.0 
24305      DEBUG main            d.u.i.k.p.i.IntermediateProofReplayer Proof replay took 17.2ns 
25819      INFO  main            d.u.i.k.p.r.p.TestFile    ... finished proof: closed. 
26093      INFO  main            d.u.i.k.p.i.AbstractProblemLoader Loading environment from /home/runner/work/key/key/key.core/../key.ui/examples/heap/block_contracts/Simple__addAbsoluteValues.key.proof 
26096      DEBUG main            d.u.i.k.p.i.AbstractProblemLoader Environment load took 3.02ms 
26098      INFO  main            d.u.i.k.p.i.AbstractProblemLoader Creating init config 
30400      DEBUG main            d.u.i.k.p.i.AbstractProblemLoader Init config took 4.3s 
30470      INFO  main            d.u.i.k.p.i.AbstractProblemLoader Replaying proof Simple[Simple::addAbsoluteValues(int,int)].JML normal_behavior operation contract.0 
30762      DEBUG main            d.u.i.k.p.i.IntermediateProofReplayer Proof replay took 277.09ms 
30764      DEBUG main            d.u.i.k.p.r.p.TestFile    ... success: reloaded. 
30766      INFO  main            d.u.i.k.p.r.p.TestFile    Now processing file /home/runner/work/key/key/key.core/../key.ui/examples/heap/block_contracts/Simple__addWithJump.key 
30767      INFO  main            d.u.i.k.p.i.AbstractProblemLoader Loading environment from /home/runner/work/key/key/key.core/../key.ui/examples/heap/block_contracts/Simple__addWithJump.key 
30767      DEBUG main            d.u.i.k.p.i.AbstractProblemLoader Environment load took 313ns 
30769      INFO  main            d.u.i.k.p.i.AbstractProblemLoader Creating init config 
34995      DEBUG main            d.u.i.k.p.i.AbstractProblemLoader Init config took 4.23s 
35061      INFO  main            d.u.i.k.p.i.AbstractProblemLoader Replaying proof Simple[Simple::addWithJump(int,int,int)].JML operation contract.0 
35064      DEBUG main            d.u.i.k.p.i.IntermediateProofReplayer Proof replay took 17.7ns 
35268      INFO  main            d.u.i.k.p.r.p.TestFile    ... finished proof: closed. 
35511      INFO  main            d.u.i.k.p.i.AbstractProblemLoader Loading environment from /home/runner/work/key/key/key.core/../key.ui/examples/heap/block_contracts/Simple__addWithJump.key.proof 
35511      DEBUG main            d.u.i.k.p.i.AbstractProblemLoader Environment load took 162.7ns 
35513      INFO  main            d.u.i.k.p.i.AbstractProblemLoader Creating init config 
39677      DEBUG main            d.u.i.k.p.i.AbstractProblemLoader Init config took 4.16s 
39758      INFO  main            d.u.i.k.p.i.AbstractProblemLoader Replaying proof Simple[Simple::addWithJump(int,int,int)].JML operation contract.0 
39831      DEBUG main            d.u.i.k.p.i.IntermediateProofReplayer Proof replay took 68.86ms 
39832      DEBUG main            d.u.i.k.p.r.p.TestFile    ... success: reloaded. 
39834      INFO  main            d.u.i.k.p.r.p.TestFile    Now processing file /home/runner/work/key/key/key.core/../key.ui/examples/heap/block_contracts/Simple__addWithTwoBlockContracts.key 
39835      INFO  main            d.u.i.k.p.i.AbstractProblemLoader Loading environment from /home/runner/work/key/key/key.core/../key.ui/examples/heap/block_contracts/Simple__addWithTwoBlockContracts.key 
39835      DEBUG main            d.u.i.k.p.i.AbstractProblemLoader Environment load took 279.6ns 
39837      INFO  main            d.u.i.k.p.i.AbstractProblemLoader Creating init config 
44034      DEBUG main            d.u.i.k.p.i.AbstractProblemLoader Init config took 4.2s 
44095      INFO  main            d.u.i.k.p.i.AbstractProblemLoader Replaying proof Simple[Simple::addWithTwoBlockContracts(int,int,int)].JML operation contract.0 
44098      DEBUG main            d.u.i.k.p.i.IntermediateProofReplayer Proof replay took 14.9ns 
44404      INFO  main            d.u.i.k.p.r.p.TestFile    ... finished proof: closed. 
44647      INFO  main            d.u.i.k.p.i.AbstractProblemLoader Loading environment from /home/runner/work/key/key/key.core/../key.ui/examples/heap/block_contracts/Simple__addWithTwoBlockContracts.key.proof 
44648      DEBUG main            d.u.i.k.p.i.AbstractProblemLoader Environment load took 787.5ns 
44649      INFO  main            d.u.i.k.p.i.AbstractProblemLoader Creating init config 
48770      DEBUG main            d.u.i.k.p.i.AbstractProblemLoader Init config took 4.12s 
48843      INFO  main            d.u.i.k.p.i.AbstractProblemLoader Replaying proof Simple[Simple::addWithTwoBlockContracts(int,int,int)].JML operation contract.0 
48930      DEBUG main            d.u.i.k.p.i.IntermediateProofReplayer Proof replay took 82.87ms 
48932      DEBUG main            d.u.i.k.p.r.p.TestFile    ... success: reloaded. 
48934      INFO  main            d.u.i.k.p.r.p.TestFile    Now processing file /home/runner/work/key/key/key.core/../key.ui/examples/heap/block_contracts/Simple__generateByteArray.key 
48935      INFO  main            d.u.i.k.p.i.AbstractProblemLoader Loading environment from /home/runner/work/key/key/key.core/../key.ui/examples/heap/block_contracts/Simple__generateByteArray.key 
48935      DEBUG main            d.u.i.k.p.i.AbstractProblemLoader Environment load took 285.8ns 
48937      INFO  main            d.u.i.k.p.i.AbstractProblemLoader Creating init config 
53103      DEBUG main            d.u.i.k.p.i.AbstractProblemLoader Init config took 4.16s 
53172      INFO  main            d.u.i.k.p.i.AbstractProblemLoader Replaying proof Simple[Simple::generateByteArray()].JML normal_behavior operation contract.0 
53176      DEBUG main            d.u.i.k.p.i.IntermediateProofReplayer Proof replay took 16.3ns 
55993      INFO  main            d.u.i.k.p.r.p.TestFile    ... finished proof: closed. 
56289      INFO  main            d.u.i.k.p.i.AbstractProblemLoader Loading environment from /home/runner/work/key/key/key.core/../key.ui/examples/heap/block_contracts/Simple__generateByteArray.key.proof 
56290      DEBUG main            d.u.i.k.p.i.AbstractProblemLoader Environment load took 657.4ns 
56293      INFO  main            d.u.i.k.p.i.AbstractProblemLoader Creating init config 
60525      DEBUG main            d.u.i.k.p.i.AbstractProblemLoader Init config took 4.23s 
60581      INFO  main            d.u.i.k.p.i.AbstractProblemLoader Replaying proof Simple[Simple::generateByteArray()].JML normal_behavior operation contract.0 
61022      DEBUG main            d.u.i.k.p.i.IntermediateProofReplayer Proof replay took 418.29ms 
61026      DEBUG main            d.u.i.k.p.r.p.TestFile    ... success: reloaded. 
61028      INFO  main            d.u.i.k.p.r.p.TestFile    Now processing file /home/runner/work/key/key/key.core/../key.ui/examples/heap/block_contracts/Simple__getLength.key 
61028      INFO  main            d.u.i.k.p.i.AbstractProblemLoader Loading environment from /home/runner/work/key/key/key.core/../key.ui/examples/heap/block_contracts/Simple__getLength.key 
61029      DEBUG main            d.u.i.k.p.i.AbstractProblemLoader Environment load took 334.2ns 
61030      INFO  main            d.u.i.k.p.i.AbstractProblemLoader Creating init config 
65145      DEBUG main            d.u.i.k.p.i.AbstractProblemLoader Init config took 4.11s 
65206      INFO  main            d.u.i.k.p.i.AbstractProblemLoader Replaying proof Simple[Simple::getLength()].JML normal_behavior operation contract.0 
65209      DEBUG main            d.u.i.k.p.i.IntermediateProofReplayer Proof replay took 15.6ns 
65318      INFO  main            d.u.i.k.p.r.p.TestFile    ... finished proof: closed. 
65582      INFO  main            d.u.i.k.p.i.AbstractProblemLoader Loading environment from /home/runner/work/key/key/key.core/../key.ui/examples/heap/block_contracts/Simple__getLength.key.proof 
65582      DEBUG main            d.u.i.k.p.i.AbstractProblemLoader Environment load took 166.8ns 
65583      INFO  main            d.u.i.k.p.i.AbstractProblemLoader Creating init config 
69531      DEBUG main            d.u.i.k.p.i.AbstractProblemLoader Init config took 3.95s 
69588      INFO  main            d.u.i.k.p.i.AbstractProblemLoader Replaying proof Simple[Simple::getLength()].JML normal_behavior operation contract.0 
69602      DEBUG main            d.u.i.k.p.i.IntermediateProofReplayer Proof replay took 11.66ms 
69604      DEBUG main            d.u.i.k.p.r.p.TestFile    ... success: reloaded. 
69606      INFO  main            d.u.i.k.p.r.p.TestFile    Now processing file /home/runner/work/key/key/key.core/../key.ui/examples/heap/block_contracts/Simple__square.key 
69606      INFO  main            d.u.i.k.p.i.AbstractProblemLoader Loading environment from /home/runner/work/key/key/key.core/../key.ui/examples/heap/block_contracts/Simple__square.key 
69606      DEBUG main            d.u.i.k.p.i.AbstractProblemLoader Environment load took 238.7ns 
69607      INFO  main            d.u.i.k.p.i.AbstractProblemLoader Creating init config 
73684      DEBUG main            d.u.i.k.p.i.AbstractProblemLoader Init config took 4.08s 
73743      INFO  main            d.u.i.k.p.i.AbstractProblemLoader Replaying proof Simple[Simple::square(int)].JML operation contract.0 
73746      DEBUG main            d.u.i.k.p.i.IntermediateProofReplayer Proof replay took 15.7ns 
74262      INFO  main            d.u.i.k.p.r.p.TestFile    ... finished proof: closed. 
74541      INFO  main            d.u.i.k.p.i.AbstractProblemLoader Loading environment from /home/runner/work/key/key/key.core/../key.ui/examples/heap/block_contracts/Simple__square.key.proof 
74542      DEBUG main            d.u.i.k.p.i.AbstractProblemLoader Environment load took 1.23ms 
74543      INFO  main            d.u.i.k.p.i.AbstractProblemLoader Creating init config 
78682      DEBUG main            d.u.i.k.p.i.AbstractProblemLoader Init config took 4.14s 
78747      INFO  main            d.u.i.k.p.i.AbstractProblemLoader Replaying proof Simple[Simple::square(int)].JML operation contract.0 
78949      DEBUG main            d.u.i.k.p.i.IntermediateProofReplayer Proof replay took 196.52ms 
78952      DEBUG main            d.u.i.k.p.r.p.TestFile    ... success: reloaded. 
78954      INFO  main            d.u.i.k.p.r.p.TestFile    Now processing file /home/runner/work/key/key/key.core/../key.ui/examples/heap/block_contracts/Simple__unnecessaryBlockContract.key 
78954      INFO  main            d.u.i.k.p.i.AbstractProblemLoader Loading environment from /home/runner/work/key/key/key.core/../key.ui/examples/heap/block_contracts/Simple__unnecessaryBlockContract.key 
78955      DEBUG main            d.u.i.k.p.i.AbstractProblemLoader Environment load took 263.9ns 
78956      INFO  main            d.u.i.k.p.i.AbstractProblemLoader Creating init config 
83195      DEBUG main            d.u.i.k.p.i.AbstractProblemLoader Init config took 4.24s 
83248      INFO  main            d.u.i.k.p.i.AbstractProblemLoader Replaying proof Simple[Simple::unnecessaryBlockContract()].JML operation contract.0 
83251      DEBUG main            d.u.i.k.p.i.IntermediateProofReplayer Proof replay took 19ns 
83454      INFO  main            d.u.i.k.p.r.p.TestFile    ... finished proof: closed. 
83716      INFO  main            d.u.i.k.p.i.AbstractProblemLoader Loading environment from /home/runner/work/key/key/key.core/../key.ui/examples/heap/block_contracts/Simple__unnecessaryBlockContract.key.proof 
83717      DEBUG main            d.u.i.k.p.i.AbstractProblemLoader Environment load took 407.3ns 
83718      INFO  main            d.u.i.k.p.i.AbstractProblemLoader Creating init config 
88033      DEBUG main            d.u.i.k.p.i.AbstractProblemLoader Init config took 4.31s 
88086      INFO  main            d.u.i.k.p.i.AbstractProblemLoader Replaying proof Simple[Simple::unnecessaryBlockContract()].JML operation contract.0 
88121      DEBUG main            d.u.i.k.p.i.IntermediateProofReplayer Proof replay took 32.75ms 
88122      DEBUG main            d.u.i.k.p.r.p.TestFile    ... success: reloaded. 
88124      INFO  main            d.u.i.k.p.r.p.TestFile    Now processing file /home/runner/work/key/key/key.core/../key.ui/examples/heap/block_contracts/Simple__unnecessaryLoopInvariant.key 
88124      INFO  main            d.u.i.k.p.i.AbstractProblemLoader Loading environment from /home/runner/work/key/key/key.core/../key.ui/examples/heap/block_contracts/Simple__unnecessaryLoopInvariant.key 
88124      DEBUG main            d.u.i.k.p.i.AbstractProblemLoader Environment load took 120.6ns 
88125      INFO  main            d.u.i.k.p.i.AbstractProblemLoader Creating init config 
92208      DEBUG main            d.u.i.k.p.i.AbstractProblemLoader Init config took 4.08s 
92278      INFO  main            d.u.i.k.p.i.AbstractProblemLoader Replaying proof Simple[Simple::unnecessaryLoopInvariant()].JML operation contract.0 
92281      DEBUG main            d.u.i.k.p.i.IntermediateProofReplayer Proof replay took 16.2ns 
92383      INFO  main            d.u.i.k.p.r.p.TestFile    ... finished proof: closed. 
92703      INFO  main            d.u.i.k.p.i.AbstractProblemLoader Loading environment from /home/runner/work/key/key/key.core/../key.ui/examples/heap/block_contracts/Simple__unnecessaryLoopInvariant.key.proof 
92703      DEBUG main            d.u.i.k.p.i.AbstractProblemLoader Environment load took 150.7ns 
92706      INFO  main            d.u.i.k.p.i.AbstractProblemLoader Creating init config 
96957      DEBUG main            d.u.i.k.p.i.AbstractProblemLoader Init config took 4.25s 
97010      INFO  main            d.u.i.k.p.i.AbstractProblemLoader Replaying proof Simple[Simple::unnecessaryLoopInvariant()].JML operation contract.0 
97029      DEBUG main            d.u.i.k.p.i.IntermediateProofReplayer Proof replay took 16.13ms 
97031      DEBUG main            d.u.i.k.p.r.p.TestFile    ... success: reloaded. 
97033      INFO  main            d.u.i.k.p.r.p.TestFile    Now processing file /home/runner/work/key/key/key.core/../key.ui/examples/standard_key/java_dl/jml-assert/assert.key 
97033      INFO  main            d.u.i.k.p.i.AbstractProblemLoader Loading environment from /home/runner/work/key/key/key.core/../key.ui/examples/standard_key/java_dl/jml-assert/assert.key 
97033      DEBUG main            d.u.i.k.p.i.AbstractProblemLoader Environment load took 268.6ns 
97035      INFO  main            d.u.i.k.p.i.AbstractProblemLoader Creating init config 
100726     DEBUG main            d.u.i.k.p.i.AbstractProblemLoader Init config took 3.69s 
100778     INFO  main            d.u.i.k.p.i.AbstractProblemLoader Replaying proof Assert[Assert::createArray(int)].JML normal_behavior operation contract.0 
100781     DEBUG main            d.u.i.k.p.i.IntermediateProofReplayer Proof replay took 9.1ns 
101085     INFO  main            d.u.i.k.p.r.p.TestFile    ... finished proof: closed. 
101407     INFO  main            d.u.i.k.p.i.AbstractProblemLoader Loading environment from /home/runner/work/key/key/key.core/../key.ui/examples/standard_key/java_dl/jml-assert/assert.key.proof 
101408     DEBUG main            d.u.i.k.p.i.AbstractProblemLoader Environment load took 161.3ns 
101409     INFO  main            d.u.i.k.p.i.AbstractProblemLoader Creating init config 
105048     DEBUG main            d.u.i.k.p.i.AbstractProblemLoader Init config took 3.64s 
105104     INFO  main            d.u.i.k.p.i.AbstractProblemLoader Replaying proof Assert[Assert::createArray(int)].JML normal_behavior operation contract.0 
105187     DEBUG main            d.u.i.k.p.i.IntermediateProofReplayer Proof replay took 78.58ms 
105189     DEBUG main            d.u.i.k.p.r.p.TestFile    ... success: reloaded. 
105191     INFO  main            d.u.i.k.p.r.p.TestFile    Now processing file /home/runner/work/key/key/key.core/../key.ui/examples/standard_key/java_dl/jml-assert/assert_assume_order.key 
105191     INFO  main            d.u.i.k.p.i.AbstractProblemLoader Loading environment from /home/runner/work/key/key/key.core/../key.ui/examples/standard_key/java_dl/jml-assert/assert_assume_order.key 
105191     DEBUG main            d.u.i.k.p.i.AbstractProblemLoader Environment load took 288.3ns 
105193     INFO  main            d.u.i.k.p.i.AbstractProblemLoader Creating init config 
108659     DEBUG main            d.u.i.k.p.i.AbstractProblemLoader Init config took 3.47s 
108710     INFO  main            d.u.i.k.p.i.AbstractProblemLoader Replaying proof AssertAssume[AssertAssume::singleAssumeAssert(int)].JML normal_behavior operation contract.0 
108712     DEBUG main            d.u.i.k.p.i.IntermediateProofReplayer Proof replay took 22.2ns 
108815     INFO  main            d.u.i.k.p.r.p.TestFile    ... finished proof: closed. 
109094     INFO  main            d.u.i.k.p.i.AbstractProblemLoader Loading environment from /home/runner/work/key/key/key.core/../key.ui/examples/standard_key/java_dl/jml-assert/assert_assume_order.key.proof 
109094     DEBUG main            d.u.i.k.p.i.AbstractProblemLoader Environment load took 191.7ns 
109096     INFO  main            d.u.i.k.p.i.AbstractProblemLoader Creating init config 
112643     DEBUG main            d.u.i.k.p.i.AbstractProblemLoader Init config took 3.55s 
112692     INFO  main            d.u.i.k.p.i.AbstractProblemLoader Replaying proof AssertAssume[AssertAssume::singleAssumeAssert(int)].JML normal_behavior operation contract.0 
112706     DEBUG main            d.u.i.k.p.i.IntermediateProofReplayer Proof replay took 11.33ms 
112707     DEBUG main            d.u.i.k.p.r.p.TestFile    ... success: reloaded. 
112709     INFO  main            d.u.i.k.p.r.p.TestFile    Now processing file /home/runner/work/key/key/key.core/../key.ui/examples/heap/block_loop_contracts/SimpleVariants/sum_onBlock_external.key 
112709     INFO  main            d.u.i.k.p.i.AbstractProblemLoader Loading environment from /home/runner/work/key/key/key.core/../key.ui/examples/heap/block_loop_contracts/SimpleVariants/sum_onBlock_external.key 
112709     DEBUG main            d.u.i.k.p.i.AbstractProblemLoader Environment load took 123ns 
112710     INFO  main            d.u.i.k.p.i.AbstractProblemLoader Creating init config 
116726     DEBUG main            d.u.i.k.p.i.AbstractProblemLoader Init config took 4.02s 
116776     INFO  main            d.u.i.k.p.i.AbstractProblemLoader Replaying proof LoopContractExamplesAll[LoopContractExamplesAll::sum_loopContract_onBlock([I)].JML normal_behavior operation contract.0 
116786     DEBUG main            d.u.i.k.p.i.IntermediateProofReplayer Proof replay took 17.1ns 
116997     INFO  main            d.u.i.k.p.r.p.TestFile    ... finished proof: closed. 
117315     INFO  main            d.u.i.k.p.i.AbstractProblemLoader Loading environment from /home/runner/work/key/key/key.core/../key.ui/examples/heap/block_loop_contracts/SimpleVariants/sum_onBlock_external.key.proof 
117315     DEBUG main            d.u.i.k.p.i.AbstractProblemLoader Environment load took 150.2ns 
117316     INFO  main            d.u.i.k.p.i.AbstractProblemLoader Creating init config 
121122     DEBUG main            d.u.i.k.p.i.AbstractProblemLoader Init config took 3.81s 
121169     INFO  main            d.u.i.k.p.i.AbstractProblemLoader Replaying proof LoopContractExamplesAll[LoopContractExamplesAll::sum_loopContract_onBlock([I)].JML normal_behavior operation contract.0 
121219     DEBUG main            d.u.i.k.p.i.IntermediateProofReplayer Proof replay took 47.56ms 
121221     DEBUG main            d.u.i.k.p.r.p.TestFile    ... success: reloaded. 
121222     INFO  main            d.u.i.k.p.r.p.TestFile    Now processing file /home/runner/work/key/key/key.core/../key.ui/examples/heap/block_loop_contracts/SimpleVariants/sum_onBlock_internal.key 
121222     INFO  main            d.u.i.k.p.i.AbstractProblemLoader Loading environment from /home/runner/work/key/key/key.core/../key.ui/examples/heap/block_loop_contracts/SimpleVariants/sum_onBlock_internal.key 
121222     DEBUG main            d.u.i.k.p.i.AbstractProblemLoader Environment load took 142.6ns 
121223     INFO  main            d.u.i.k.p.i.AbstractProblemLoader Creating init config 
125048     DEBUG main            d.u.i.k.p.i.AbstractProblemLoader Init config took 3.82s 
125095     INFO  main            d.u.i.k.p.i.AbstractProblemLoader Replaying proof LoopContractExamplesAll[LoopContractExamplesAll::sum_loopContract_onBlock([I)].JML normal_behavior operation contract.0 
125097     DEBUG main            d.u.i.k.p.i.IntermediateProofReplayer Proof replay took 33.3ns 
126008     INFO  main            d.u.i.k.p.r.p.TestFile    ... finished proof: closed. 
126329     INFO  main            d.u.i.k.p.i.AbstractProblemLoader Loading environment from /home/runner/work/key/key/key.core/../key.ui/examples/heap/block_loop_contracts/SimpleVariants/sum_onBlock_internal.key.proof 
126330     DEBUG main            d.u.i.k.p.i.AbstractProblemLoader Environment load took 614.3ns 
126331     INFO  main            d.u.i.k.p.i.AbstractProblemLoader Creating init config 
130006     DEBUG main            d.u.i.k.p.i.AbstractProblemLoader Init config took 3.67s 
130057     INFO  main            d.u.i.k.p.i.AbstractProblemLoader Replaying proof LoopContractExamplesAll[LoopContractExamplesAll::sum_loopContract_onBlock([I)].JML normal_behavior operation contract.0 
130447     DEBUG main            d.u.i.k.p.i.IntermediateProofReplayer Proof replay took 384.84ms 
130449     DEBUG main            d.u.i.k.p.r.p.TestFile    ... success: reloaded. 
130451     INFO  main            d.u.i.k.p.r.p.TestFile    Now processing file /home/runner/work/key/key/key.core/../key.ui/examples/heap/block_loop_contracts/SimpleVariants/sum_onBlock_loop.key 
130451     INFO  main            d.u.i.k.p.i.AbstractProblemLoader Loading environment from /home/runner/work/key/key/key.core/../key.ui/examples/heap/block_loop_contracts/SimpleVariants/sum_onBlock_loop.key 
130451     DEBUG main            d.u.i.k.p.i.AbstractProblemLoader Environment load took 318.1ns 
130453     INFO  main            d.u.i.k.p.i.AbstractProblemLoader Creating init config 
134324     DEBUG main            d.u.i.k.p.i.AbstractProblemLoader Init config took 3.87s 
134372     INFO  main            d.u.i.k.p.i.AbstractProblemLoader Replaying proof LoopContractExamplesAll[LoopContractExamplesAll::sum_loopContract_onBlock([I)].JML normal_behavior loop contract.0 
134374     DEBUG main            d.u.i.k.p.i.IntermediateProofReplayer Proof replay took 15.3ns 
135393     INFO  main            d.u.i.k.p.r.p.TestFile    ... finished proof: closed. 
135746     INFO  main            d.u.i.k.p.i.AbstractProblemLoader Loading environment from /home/runner/work/key/key/key.core/../key.ui/examples/heap/block_loop_contracts/SimpleVariants/sum_onBlock_loop.key.proof 
135747     DEBUG main            d.u.i.k.p.i.AbstractProblemLoader Environment load took 679.39ns 
135748     INFO  main            d.u.i.k.p.i.AbstractProblemLoader Creating init config 
139539     DEBUG main            d.u.i.k.p.i.AbstractProblemLoader Init config took 3.79s 
139583     INFO  main            d.u.i.k.p.i.AbstractProblemLoader Replaying proof LoopContractExamplesAll[LoopContractExamplesAll::sum_loopContract_onBlock([I)].JML normal_behavior loop contract.0 
139958     DEBUG main            d.u.i.k.p.i.IntermediateProofReplayer Proof replay took 369.56ms 
139960     DEBUG main            d.u.i.k.p.r.p.TestFile    ... success: reloaded. 
139961     INFO  main            d.u.i.k.p.r.p.TestFile    Now processing file /home/runner/work/key/key/key.core/../key.ui/examples/heap/block_loop_contracts/SimpleVariants/sum_onLoop_external.key 
139962     INFO  main            d.u.i.k.p.i.AbstractProblemLoader Loading environment from /home/runner/work/key/key/key.core/../key.ui/examples/heap/block_loop_contracts/SimpleVariants/sum_onLoop_external.key 
139962     DEBUG main            d.u.i.k.p.i.AbstractProblemLoader Environment load took 256.5ns 
139963     INFO  main            d.u.i.k.p.i.AbstractProblemLoader Creating init config 
143900     DEBUG main            d.u.i.k.p.i.AbstractProblemLoader Init config took 3.94s 
143947     INFO  main            d.u.i.k.p.i.AbstractProblemLoader Replaying proof LoopContractExamplesAll[LoopContractExamplesAll::sum_loopContract_onLoop([I)].JML normal_behavior operation contract.0 
143950     DEBUG main            d.u.i.k.p.i.IntermediateProofReplayer Proof replay took 16.6ns 
144154     INFO  main            d.u.i.k.p.r.p.TestFile    ... finished proof: closed. 
144519     INFO  main            d.u.i.k.p.i.AbstractProblemLoader Loading environment from /home/runner/work/key/key/key.core/../key.ui/examples/heap/block_loop_contracts/SimpleVariants/sum_onLoop_external.key.proof 
144519     DEBUG main            d.u.i.k.p.i.AbstractProblemLoader Environment load took 193ns 
144521     INFO  main            d.u.i.k.p.i.AbstractProblemLoader Creating init config 
148260     DEBUG main            d.u.i.k.p.i.AbstractProblemLoader Init config took 3.74s 
148312     INFO  main            d.u.i.k.p.i.AbstractProblemLoader Replaying proof LoopContractExamplesAll[LoopContractExamplesAll::sum_loopContract_onLoop([I)].JML normal_behavior operation contract.0 
148358     DEBUG main            d.u.i.k.p.i.IntermediateProofReplayer Proof replay took 41.35ms 
148359     DEBUG main            d.u.i.k.p.r.p.TestFile    ... success: reloaded. 
148361     INFO  main            d.u.i.k.p.r.p.TestFile    Now processing file /home/runner/work/key/key/key.core/../key.ui/examples/heap/block_loop_contracts/SimpleVariants/sum_onLoop_internal.key 
148361     INFO  main            d.u.i.k.p.i.AbstractProblemLoader Loading environment from /home/runner/work/key/key/key.core/../key.ui/examples/heap/block_loop_contracts/SimpleVariants/sum_onLoop_internal.key 
148361     DEBUG main            d.u.i.k.p.i.AbstractProblemLoader Environment load took 92.4ns 
148362     INFO  main            d.u.i.k.p.i.AbstractProblemLoader Creating init config 
152173     DEBUG main            d.u.i.k.p.i.AbstractProblemLoader Init config took 3.81s 
152215     INFO  main            d.u.i.k.p.i.AbstractProblemLoader Replaying proof LoopContractExamplesAll[LoopContractExamplesAll::sum_loopContract_onLoop([I)].JML normal_behavior operation contract.0 
152218     DEBUG main            d.u.i.k.p.i.IntermediateProofReplayer Proof replay took 16.6ns 
153127     INFO  main            d.u.i.k.p.r.p.TestFile    ... finished proof: closed. 
153463     INFO  main            d.u.i.k.p.i.AbstractProblemLoader Loading environment from /home/runner/work/key/key/key.core/../key.ui/examples/heap/block_loop_contracts/SimpleVariants/sum_onLoop_internal.key.proof 
153464     DEBUG main            d.u.i.k.p.i.AbstractProblemLoader Environment load took 620.7ns 
153465     INFO  main            d.u.i.k.p.i.AbstractProblemLoader Creating init config 
157147     DEBUG main            d.u.i.k.p.i.AbstractProblemLoader Init config took 3.68s 
157193     INFO  main            d.u.i.k.p.i.AbstractProblemLoader Replaying proof LoopContractExamplesAll[LoopContractExamplesAll::sum_loopContract_onLoop([I)].JML normal_behavior operation contract.0 
157565     DEBUG main            d.u.i.k.p.i.IntermediateProofReplayer Proof replay took 363.03ms 
157571     DEBUG main            d.u.i.k.p.r.p.TestFile    ... success: reloaded. 
157574     INFO  main            d.u.i.k.p.r.p.TestFile    Now processing file /home/runner/work/key/key/key.core/../key.ui/examples/heap/block_loop_contracts/SimpleVariants/sum_onLoop_loop.key 
157575     INFO  main            d.u.i.k.p.i.AbstractProblemLoader Loading environment from /home/runner/work/key/key/key.core/../key.ui/examples/heap/block_loop_contracts/SimpleVariants/sum_onLoop_loop.key 
157575     DEBUG main            d.u.i.k.p.i.AbstractProblemLoader Environment load took 296.4ns 
157577     INFO  main            d.u.i.k.p.i.AbstractProblemLoader Creating init config 
161413     DEBUG main            d.u.i.k.p.i.AbstractProblemLoader Init config took 3.84s 
161490     INFO  main            d.u.i.k.p.i.AbstractProblemLoader Replaying proof LoopContractExamplesAll[LoopContractExamplesAll::sum_loopContract_onLoop([I)].JML normal_behavior loop contract.0 
161492     DEBUG main            d.u.i.k.p.i.IntermediateProofReplayer Proof replay took 39.2ns 
162497     INFO  main            d.u.i.k.p.r.p.TestFile    ... finished proof: closed. 
162907     INFO  main            d.u.i.k.p.i.AbstractProblemLoader Loading environment from /home/runner/work/key/key/key.core/../key.ui/examples/heap/block_loop_contracts/SimpleVariants/sum_onLoop_loop.key.proof 
162908     DEBUG main            d.u.i.k.p.i.AbstractProblemLoader Environment load took 712.9ns 
162910     INFO  main            d.u.i.k.p.i.AbstractProblemLoader Creating init config 
166775     DEBUG main            d.u.i.k.p.i.AbstractProblemLoader Init config took 3.87s 
166819     INFO  main            d.u.i.k.p.i.AbstractProblemLoader Replaying proof LoopContractExamplesAll[LoopContractExamplesAll::sum_loopContract_onLoop([I)].JML normal_behavior loop contract.0 
167194     DEBUG main            d.u.i.k.p.i.IntermediateProofReplayer Proof replay took 368.41ms 
167196     DEBUG main            d.u.i.k.p.r.p.TestFile    ... success: reloaded. 
167197     INFO  main            d.u.i.k.p.r.p.TestFile    Now processing file /home/runner/work/key/key/key.core/../key.ui/examples/heap/block_loop_contracts/Free/blockContracts0.key 
167198     INFO  main            d.u.i.k.p.i.AbstractProblemLoader Loading environment from /home/runner/work/key/key/key.core/../key.ui/examples/heap/block_loop_contracts/Free/blockContracts0.key 
167198     DEBUG main            d.u.i.k.p.i.AbstractProblemLoader Environment load took 300.5ns 
167200     INFO  main            d.u.i.k.p.i.AbstractProblemLoader Creating init config 
170572     DEBUG main            d.u.i.k.p.i.AbstractProblemLoader Init config took 3.37s 
170614     INFO  main            d.u.i.k.p.i.AbstractProblemLoader Replaying proof FreeConditions[FreeConditions::blockContract0()].JML normal_behavior operation contract.0 
170617     DEBUG main            d.u.i.k.p.i.IntermediateProofReplayer Proof replay took 28.4ns 
170819     INFO  main            d.u.i.k.p.r.p.TestFile    ... finished proof: closed. 
171206     INFO  main            d.u.i.k.p.i.AbstractProblemLoader Loading environment from /home/runner/work/key/key/key.core/../key.ui/examples/heap/block_loop_contracts/Free/blockContracts0.key.proof 
171206     DEBUG main            d.u.i.k.p.i.AbstractProblemLoader Environment load took 152ns 
171207     INFO  main            d.u.i.k.p.i.AbstractProblemLoader Creating init config 
174546     DEBUG main            d.u.i.k.p.i.AbstractProblemLoader Init config took 3.34s 
174589     INFO  main            d.u.i.k.p.i.AbstractProblemLoader Replaying proof FreeConditions[FreeConditions::blockContract0()].JML normal_behavior operation contract.0 
174622     DEBUG main            d.u.i.k.p.i.IntermediateProofReplayer Proof replay took 30.59ms 
174623     DEBUG main            d.u.i.k.p.r.p.TestFile    ... success: reloaded. 
174625     INFO  main            d.u.i.k.p.r.p.TestFile    Now processing file /home/runner/work/key/key/key.core/../key.ui/examples/heap/block_loop_contracts/Free/blockContracts1.key 
174625     INFO  main            d.u.i.k.p.i.AbstractProblemLoader Loading environment from /home/runner/work/key/key/key.core/../key.ui/examples/heap/block_loop_contracts/Free/blockContracts1.key 
174625     DEBUG main            d.u.i.k.p.i.AbstractProblemLoader Environment load took 130ns 
174626     INFO  main            d.u.i.k.p.i.AbstractProblemLoader Creating init config 
177960     DEBUG main            d.u.i.k.p.i.AbstractProblemLoader Init config took 3.33s 
178001     INFO  main            d.u.i.k.p.i.AbstractProblemLoader Replaying proof FreeConditions[FreeConditions::blockContract1()].JML normal_behavior operation contract.0 
178004     DEBUG main            d.u.i.k.p.i.IntermediateProofReplayer Proof replay took 15.4ns 
178108     INFO  main            d.u.i.k.p.r.p.TestFile    ... finished proof: closed. 
178516     INFO  main            d.u.i.k.p.i.AbstractProblemLoader Loading environment from /home/runner/work/key/key/key.core/../key.ui/examples/heap/block_loop_contracts/Free/blockContracts1.key.proof 
178516     DEBUG main            d.u.i.k.p.i.AbstractProblemLoader Environment load took 194.4ns 
178518     INFO  main            d.u.i.k.p.i.AbstractProblemLoader Creating init config 
181916     DEBUG main            d.u.i.k.p.i.AbstractProblemLoader Init config took 3.4s 
181958     INFO  main            d.u.i.k.p.i.AbstractProblemLoader Replaying proof FreeConditions[FreeConditions::blockContract1()].JML normal_behavior operation contract.0 
181989     DEBUG main            d.u.i.k.p.i.IntermediateProofReplayer Proof replay took 29.26ms 
181992     DEBUG main            d.u.i.k.p.r.p.TestFile    ... success: reloaded. 
181993     INFO  main            d.u.i.k.p.r.p.TestFile    Now processing file /home/runner/work/key/key/key.core/../key.ui/examples/heap/block_loop_contracts/Finally/block_finally.key 
181995     INFO  main            d.u.i.k.p.i.AbstractProblemLoader Loading environment from /home/runner/work/key/key/key.core/../key.ui/examples/heap/block_loop_contracts/Finally/block_finally.key 
181997     DEBUG main            d.u.i.k.p.i.AbstractProblemLoader Environment load took 2.13ms 
181999     INFO  main            d.u.i.k.p.i.AbstractProblemLoader Creating init config 
185445     DEBUG main            d.u.i.k.p.i.AbstractProblemLoader Init config took 3.45s 
185488     INFO  main            d.u.i.k.p.i.AbstractProblemLoader Replaying proof AuxiliaryContractsFinally[AuxiliaryContractsFinally::breakThrowContinueBlockContract(java.lang.Exception)].JML block contract.0 
185490     DEBUG main            d.u.i.k.p.i.IntermediateProofReplayer Proof replay took 33ns 
186305     INFO  main            d.u.i.k.p.r.p.TestFile    ... finished proof: open goal(s) 
186686     INFO  main            d.u.i.k.p.r.p.TestFile    Now processing file /home/runner/work/key/key/key.core/../key.ui/examples/heap/block_loop_contracts/Finally/loop_finally.key 
186686     INFO  main            d.u.i.k.p.i.AbstractProblemLoader Loading environment from /home/runner/work/key/key/key.core/../key.ui/examples/heap/block_loop_contracts/Finally/loop_finally.key 
186686     DEBUG main            d.u.i.k.p.i.AbstractProblemLoader Environment load took 79.3ns 
186688     INFO  main            d.u.i.k.p.i.AbstractProblemLoader Creating init config 
190047     DEBUG main            d.u.i.k.p.i.AbstractProblemLoader Init config took 3.36s 
190105     INFO  main            d.u.i.k.p.i.AbstractProblemLoader Replaying proof AuxiliaryContractsFinally[AuxiliaryContractsFinally::breakThrowContinueLoopContract(java.lang.Exception)].JML normal_behavior loop contract.0 
190107     DEBUG main            d.u.i.k.p.i.IntermediateProofReplayer Proof replay took 33.4ns 
190922     INFO  main            d.u.i.k.p.r.p.TestFile    ... finished proof: open goal(s) 
888774     INFO  Test worker     d.u.i.k.p.r.p.StatisticsFile Returning from test blockContracts 
888782     INFO  Test worker     d.u.i.k.p.r.p.StatisticsFile Running test jmlAsserts 
542        INFO  Timeout watchdog d.u.i.k.p.r.p.ForkedTestFileRunner Timeout watcher launched (2000 secs.) 
579        WARN  main            d.u.i.k.s.ProofSettings   The settings in /home/runner/.key/proof-settings.props are *not* read. 
620        INFO  main            d.u.i.k.p.r.p.TestFile    Now processing file /home/runner/work/key/key/key.core/../key.ui/examples/standard_key/java_dl/jml-assert/assert.key 
777        INFO  main            d.u.i.k.p.i.AbstractProblemLoader Loading environment from /home/runner/work/key/key/key.core/../key.ui/examples/standard_key/java_dl/jml-assert/assert.key 
798        DEBUG main            d.u.i.k.p.i.AbstractProblemLoader Environment load took 2.29ms 
1126       INFO  main            d.u.i.k.p.i.AbstractProblemLoader Creating init config 
2557       DEBUG main            d.u.i.k.j.TypeConverter   No LDT found for Meta 
2557       DEBUG main            d.u.i.k.j.TypeConverter   No LDT found for Meta 
2562       DEBUG main            d.u.i.k.j.TypeConverter   No LDT found for Meta 
2563       DEBUG main            d.u.i.k.j.TypeConverter   No LDT found for Meta 
4594       DEBUG main            d.u.i.k.j.TypeConverter   No LDT found for JavaBigintExpression 
11825      DEBUG main            d.u.i.k.p.i.AbstractProblemLoader Init config took 10.7s 
12039      INFO  main            d.u.i.k.p.i.AbstractProblemLoader Replaying proof Assert[Assert::createArray(int)].JML normal_behavior operation contract.0 
12090      DEBUG main            d.u.i.k.p.i.IntermediateProofReplayer Proof replay took 39.7ns 
13335      INFO  main            d.u.i.k.p.r.p.TestFile    ... finished proof: closed. 
13516      INFO  main            d.u.i.k.p.i.AbstractProblemLoader Loading environment from /home/runner/work/key/key/key.core/../key.ui/examples/standard_key/java_dl/jml-assert/assert.key.proof 
13518      DEBUG main            d.u.i.k.p.i.AbstractProblemLoader Environment load took 2.52ms 
13523      INFO  main            d.u.i.k.p.i.AbstractProblemLoader Creating init config 
17808      DEBUG main            d.u.i.k.p.i.AbstractProblemLoader Init config took 4.29s 
17928      INFO  main            d.u.i.k.p.i.AbstractProblemLoader Replaying proof Assert[Assert::createArray(int)].JML normal_behavior operation contract.0 
18072      DEBUG main            d.u.i.k.p.i.IntermediateProofReplayer Proof replay took 135.1ms 
18082      DEBUG main            d.u.i.k.p.r.p.TestFile    ... success: reloaded. 
18090      INFO  main            d.u.i.k.p.r.p.TestFile    Now processing file /home/runner/work/key/key/key.core/../key.ui/examples/heap/block_loop_contracts/Free/assertions0.key 
18091      INFO  main            d.u.i.k.p.i.AbstractProblemLoader Loading environment from /home/runner/work/key/key/key.core/../key.ui/examples/heap/block_loop_contracts/Free/assertions0.key 
18091      DEBUG main            d.u.i.k.p.i.AbstractProblemLoader Environment load took 347.1ns 
18093      INFO  main            d.u.i.k.p.i.AbstractProblemLoader Creating init config 
21957      DEBUG main            d.u.i.k.p.i.AbstractProblemLoader Init config took 3.86s 
22058      INFO  main            d.u.i.k.p.i.AbstractProblemLoader Replaying proof FreeConditions[FreeConditions::assertions0()].JML normal_behavior operation contract.0 
22063      DEBUG main            d.u.i.k.p.i.IntermediateProofReplayer Proof replay took 15.6ns 
22266      INFO  main            d.u.i.k.p.r.p.TestFile    ... finished proof: closed. 
22429      INFO  main            d.u.i.k.p.i.AbstractProblemLoader Loading environment from /home/runner/work/key/key/key.core/../key.ui/examples/heap/block_loop_contracts/Free/assertions0.key.proof 
22433      DEBUG main            d.u.i.k.p.i.AbstractProblemLoader Environment load took 3.61ms 
22435      INFO  main            d.u.i.k.p.i.AbstractProblemLoader Creating init config 
26247      DEBUG main            d.u.i.k.p.i.AbstractProblemLoader Init config took 3.81s 
26322      INFO  main            d.u.i.k.p.i.AbstractProblemLoader Replaying proof FreeConditions[FreeConditions::assertions0()].JML normal_behavior operation contract.0 
26382      DEBUG main            d.u.i.k.p.i.IntermediateProofReplayer Proof replay took 56.6ms 
26384      DEBUG main            d.u.i.k.p.r.p.TestFile    ... success: reloaded. 
26386      INFO  main            d.u.i.k.p.r.p.TestFile    Now processing file /home/runner/work/key/key/key.core/../key.ui/examples/heap/block_loop_contracts/Free/assertions1.key 
26386      INFO  main            d.u.i.k.p.i.AbstractProblemLoader Loading environment from /home/runner/work/key/key/key.core/../key.ui/examples/heap/block_loop_contracts/Free/assertions1.key 
26387      DEBUG main            d.u.i.k.p.i.AbstractProblemLoader Environment load took 337.7ns 
26389      INFO  main            d.u.i.k.p.i.AbstractProblemLoader Creating init config 
30121      DEBUG main            d.u.i.k.p.i.AbstractProblemLoader Init config took 3.73s 
30182      INFO  main            d.u.i.k.p.i.AbstractProblemLoader Replaying proof FreeConditions[FreeConditions::assertions1()].JML normal_behavior operation contract.0 
30185      DEBUG main            d.u.i.k.p.i.IntermediateProofReplayer Proof replay took 29.8ns 
30287      INFO  main            d.u.i.k.p.r.p.TestFile    ... finished proof: closed. 
30510      INFO  main            d.u.i.k.p.i.AbstractProblemLoader Loading environment from /home/runner/work/key/key/key.core/../key.ui/examples/heap/block_loop_contracts/Free/assertions1.key.proof 
30511      DEBUG main            d.u.i.k.p.i.AbstractProblemLoader Environment load took 923.49ns 
30514      INFO  main            d.u.i.k.p.i.AbstractProblemLoader Creating init config 
34037      DEBUG main            d.u.i.k.p.i.AbstractProblemLoader Init config took 3.52s 
34095      INFO  main            d.u.i.k.p.i.AbstractProblemLoader Replaying proof FreeConditions[FreeConditions::assertions1()].JML normal_behavior operation contract.0 
34106      DEBUG main            d.u.i.k.p.i.IntermediateProofReplayer Proof replay took 7.63ms 
34107      DEBUG main            d.u.i.k.p.r.p.TestFile    ... success: reloaded. 
34109      INFO  main            d.u.i.k.p.r.p.TestFile    Now processing file /home/runner/work/key/key/key.core/../key.ui/examples/standard_key/java_dl/jml-assert/recursion-assert.key 
34109      INFO  main            d.u.i.k.p.i.AbstractProblemLoader Loading environment from /home/runner/work/key/key/key.core/../key.ui/examples/standard_key/java_dl/jml-assert/recursion-assert.key 
34109      DEBUG main            d.u.i.k.p.i.AbstractProblemLoader Environment load took 227.4ns 
34111      INFO  main            d.u.i.k.p.i.AbstractProblemLoader Creating init config 
37902      DEBUG main            d.u.i.k.p.i.AbstractProblemLoader Init config took 3.79s 
37960      INFO  main            d.u.i.k.p.i.AbstractProblemLoader Replaying proof RecursiveMethod[RecursiveMethod::fac1(int)].JML normal_behavior operation contract.0 
37963      DEBUG main            d.u.i.k.p.i.IntermediateProofReplayer Proof replay took 8.5ns 
38370      INFO  main            d.u.i.k.p.r.p.TestFile    ... finished proof: closed. 
38587      INFO  main            d.u.i.k.p.i.AbstractProblemLoader Loading environment from /home/runner/work/key/key/key.core/../key.ui/examples/standard_key/java_dl/jml-assert/recursion-assert.key.proof 
38589      DEBUG main            d.u.i.k.p.i.AbstractProblemLoader Environment load took 1.66ms 
38592      INFO  main            d.u.i.k.p.i.AbstractProblemLoader Creating init config 
42341      DEBUG main            d.u.i.k.p.i.AbstractProblemLoader Init config took 3.75s 
42398      INFO  main            d.u.i.k.p.i.AbstractProblemLoader Replaying proof RecursiveMethod[RecursiveMethod::fac1(int)].JML normal_behavior operation contract.0 
42492      DEBUG main            d.u.i.k.p.i.IntermediateProofReplayer Proof replay took 88.93ms 
42495      DEBUG main            d.u.i.k.p.r.p.TestFile    ... success: reloaded. 
42497      INFO  main            d.u.i.k.p.r.p.TestFile    Now processing file /home/runner/work/key/key/key.core/../key.ui/examples/standard_key/java_dl/jml-assert/recursion-assume.key 
42497      INFO  main            d.u.i.k.p.i.AbstractProblemLoader Loading environment from /home/runner/work/key/key/key.core/../key.ui/examples/standard_key/java_dl/jml-assert/recursion-assume.key 
42497      DEBUG main            d.u.i.k.p.i.AbstractProblemLoader Environment load took 256.6ns 
42499      INFO  main            d.u.i.k.p.i.AbstractProblemLoader Creating init config 
46327      DEBUG main            d.u.i.k.p.i.AbstractProblemLoader Init config took 3.83s 
46394      INFO  main            d.u.i.k.p.i.AbstractProblemLoader Replaying proof RecursiveMethod[RecursiveMethod::fac2(int)].JML normal_behavior operation contract.0 
46396      DEBUG main            d.u.i.k.p.i.IntermediateProofReplayer Proof replay took 8.7ns 
46802      INFO  main            d.u.i.k.p.r.p.TestFile    ... finished proof: closed. 
47035      INFO  main            d.u.i.k.p.i.AbstractProblemLoader Loading environment from /home/runner/work/key/key/key.core/../key.ui/examples/standard_key/java_dl/jml-assert/recursion-assume.key.proof 
47038      DEBUG main            d.u.i.k.p.i.AbstractProblemLoader Environment load took 2.65ms 
47039      INFO  main            d.u.i.k.p.i.AbstractProblemLoader Creating init config 
50782      DEBUG main            d.u.i.k.p.i.AbstractProblemLoader Init config took 3.74s 
50850      INFO  main            d.u.i.k.p.i.AbstractProblemLoader Replaying proof RecursiveMethod[RecursiveMethod::fac2(int)].JML normal_behavior operation contract.0 
50938      DEBUG main            d.u.i.k.p.i.IntermediateProofReplayer Proof replay took 82.58ms 
50939      DEBUG main            d.u.i.k.p.r.p.TestFile    ... success: reloaded. 
50941      INFO  main            d.u.i.k.p.r.p.TestFile    Now processing file /home/runner/work/key/key/key.core/../key.ui/examples/standard_key/java_dl/jml-assert/quantor-assert.key 
50942      INFO  main            d.u.i.k.p.i.AbstractProblemLoader Loading environment from /home/runner/work/key/key/key.core/../key.ui/examples/standard_key/java_dl/jml-assert/quantor-assert.key 
50942      DEBUG main            d.u.i.k.p.i.AbstractProblemLoader Environment load took 329.4ns 
50944      INFO  main            d.u.i.k.p.i.AbstractProblemLoader Creating init config 
54736      DEBUG main            d.u.i.k.p.i.AbstractProblemLoader Init config took 3.79s 
54790      INFO  main            d.u.i.k.p.i.AbstractProblemLoader Replaying proof Quantor[Quantor::square1(int)].JML normal_behavior operation contract.0 
54793      DEBUG main            d.u.i.k.p.i.IntermediateProofReplayer Proof replay took 9ns 
54997      INFO  main            d.u.i.k.p.r.p.TestFile    ... finished proof: closed. 
55274      INFO  main            d.u.i.k.p.i.AbstractProblemLoader Loading environment from /home/runner/work/key/key/key.core/../key.ui/examples/standard_key/java_dl/jml-assert/quantor-assert.key.proof 
55275      DEBUG main            d.u.i.k.p.i.AbstractProblemLoader Environment load took 817.5ns 
55276      INFO  main            d.u.i.k.p.i.AbstractProblemLoader Creating init config 
58961      DEBUG main            d.u.i.k.p.i.AbstractProblemLoader Init config took 3.69s 
59014      INFO  main            d.u.i.k.p.i.AbstractProblemLoader Replaying proof Quantor[Quantor::square1(int)].JML normal_behavior operation contract.0 
59042      DEBUG main            d.u.i.k.p.i.IntermediateProofReplayer Proof replay took 24.84ms 
59044      DEBUG main            d.u.i.k.p.r.p.TestFile    ... success: reloaded. 
59045      INFO  main            d.u.i.k.p.r.p.TestFile    Now processing file /home/runner/work/key/key/key.core/../key.ui/examples/standard_key/java_dl/jml-assert/quantor-assume.key 
59045      INFO  main            d.u.i.k.p.i.AbstractProblemLoader Loading environment from /home/runner/work/key/key/key.core/../key.ui/examples/standard_key/java_dl/jml-assert/quantor-assume.key 
59046      DEBUG main            d.u.i.k.p.i.AbstractProblemLoader Environment load took 277.9ns 
59047      INFO  main            d.u.i.k.p.i.AbstractProblemLoader Creating init config 
62817      DEBUG main            d.u.i.k.p.i.AbstractProblemLoader Init config took 3.77s 
62895      INFO  main            d.u.i.k.p.i.AbstractProblemLoader Replaying proof Quantor[Quantor::square2(int)].JML normal_behavior operation contract.0 
62902      DEBUG main            d.u.i.k.p.i.IntermediateProofReplayer Proof replay took 10.6ns 
63105      INFO  main            d.u.i.k.p.r.p.TestFile    ... finished proof: closed. 
63377      INFO  main            d.u.i.k.p.i.AbstractProblemLoader Loading environment from /home/runner/work/key/key/key.core/../key.ui/examples/standard_key/java_dl/jml-assert/quantor-assume.key.proof 
63378      DEBUG main            d.u.i.k.p.i.AbstractProblemLoader Environment load took 1.49ms 
63380      INFO  main            d.u.i.k.p.i.AbstractProblemLoader Creating init config 
67030      DEBUG main            d.u.i.k.p.i.AbstractProblemLoader Init config took 3.65s 
67114      INFO  main            d.u.i.k.p.i.AbstractProblemLoader Replaying proof Quantor[Quantor::square2(int)].JML normal_behavior operation contract.0 
67159      DEBUG main            d.u.i.k.p.i.IntermediateProofReplayer Proof replay took 42.45ms 
67161      DEBUG main            d.u.i.k.p.r.p.TestFile    ... success: reloaded. 
67162      INFO  main            d.u.i.k.p.r.p.TestFile    Now processing file /home/runner/work/key/key/key.core/../key.ui/examples/standard_key/java_dl/jml-assert/model-methods-static-static.key 
67163      INFO  main            d.u.i.k.p.i.AbstractProblemLoader Loading environment from /home/runner/work/key/key/key.core/../key.ui/examples/standard_key/java_dl/jml-assert/model-methods-static-static.key 
67163      DEBUG main            d.u.i.k.p.i.AbstractProblemLoader Environment load took 333ns 
67165      INFO  main            d.u.i.k.p.i.AbstractProblemLoader Creating init config 
70880      DEBUG main            d.u.i.k.p.i.AbstractProblemLoader Init config took 3.72s 
70941      INFO  main            d.u.i.k.p.i.AbstractProblemLoader Replaying proof ModelMethods[ModelMethods::test1()].JML normal_behavior operation contract.0 
70943      DEBUG main            d.u.i.k.p.i.IntermediateProofReplayer Proof replay took 9.3ns 
71048      INFO  main            d.u.i.k.p.r.p.TestFile    ... finished proof: closed. 
71313      INFO  main            d.u.i.k.p.i.AbstractProblemLoader Loading environment from /home/runner/work/key/key/key.core/../key.ui/examples/standard_key/java_dl/jml-assert/model-methods-static-static.key.proof 
71313      DEBUG main            d.u.i.k.p.i.AbstractProblemLoader Environment load took 152.4ns 
71314      INFO  main            d.u.i.k.p.i.AbstractProblemLoader Creating init config 
74986      DEBUG main            d.u.i.k.p.i.AbstractProblemLoader Init config took 3.67s 
75047      INFO  main            d.u.i.k.p.i.AbstractProblemLoader Replaying proof ModelMethods[ModelMethods::test1()].JML normal_behavior operation contract.0 
75060      DEBUG main            d.u.i.k.p.i.IntermediateProofReplayer Proof replay took 10.72ms 
75062      DEBUG main            d.u.i.k.p.r.p.TestFile    ... success: reloaded. 
75063      INFO  main            d.u.i.k.p.r.p.TestFile    Now processing file /home/runner/work/key/key/key.core/../key.ui/examples/standard_key/java_dl/jml-assert/model-methods-instance-static.key 
75063      INFO  main            d.u.i.k.p.i.AbstractProblemLoader Loading environment from /home/runner/work/key/key/key.core/../key.ui/examples/standard_key/java_dl/jml-assert/model-methods-instance-static.key 
75064      DEBUG main            d.u.i.k.p.i.AbstractProblemLoader Environment load took 115.4ns 
75065      INFO  main            d.u.i.k.p.i.AbstractProblemLoader Creating init config 
78832      DEBUG main            d.u.i.k.p.i.AbstractProblemLoader Init config took 3.77s 
78889      INFO  main            d.u.i.k.p.i.AbstractProblemLoader Replaying proof ModelMethods[ModelMethods::test2()].JML normal_behavior operation contract.0 
78891      DEBUG main            d.u.i.k.p.i.IntermediateProofReplayer Proof replay took 9.4ns 
78995      INFO  main            d.u.i.k.p.r.p.TestFile    ... finished proof: closed. 
79264      INFO  main            d.u.i.k.p.i.AbstractProblemLoader Loading environment from /home/runner/work/key/key/key.core/../key.ui/examples/standard_key/java_dl/jml-assert/model-methods-instance-static.key.proof 
79264      DEBUG main            d.u.i.k.p.i.AbstractProblemLoader Environment load took 142ns 
79265      INFO  main            d.u.i.k.p.i.AbstractProblemLoader Creating init config 
82873      DEBUG main            d.u.i.k.p.i.AbstractProblemLoader Init config took 3.61s 
82933      INFO  main            d.u.i.k.p.i.AbstractProblemLoader Replaying proof ModelMethods[ModelMethods::test2()].JML normal_behavior operation contract.0 
82947      DEBUG main            d.u.i.k.p.i.IntermediateProofReplayer Proof replay took 11.45ms 
82948      DEBUG main            d.u.i.k.p.r.p.TestFile    ... success: reloaded. 
82950      INFO  main            d.u.i.k.p.r.p.TestFile    Now processing file /home/runner/work/key/key/key.core/../key.ui/examples/standard_key/java_dl/jml-assert/model-methods-instance-instance.key 
82950      INFO  main            d.u.i.k.p.i.AbstractProblemLoader Loading environment from /home/runner/work/key/key/key.core/../key.ui/examples/standard_key/java_dl/jml-assert/model-methods-instance-instance.key 
82951      DEBUG main            d.u.i.k.p.i.AbstractProblemLoader Environment load took 292.7ns 
82961      INFO  main            d.u.i.k.p.i.AbstractProblemLoader Creating init config 
86512      DEBUG main            d.u.i.k.p.i.AbstractProblemLoader Init config took 3.55s 
86567      INFO  main            d.u.i.k.p.i.AbstractProblemLoader Replaying proof ModelMethods[ModelMethods::test3()].JML normal_behavior operation contract.0 
86569      DEBUG main            d.u.i.k.p.i.IntermediateProofReplayer Proof replay took 9.3ns 
86672      INFO  main            d.u.i.k.p.r.p.TestFile    ... finished proof: closed. 
86956      INFO  main            d.u.i.k.p.i.AbstractProblemLoader Loading environment from /home/runner/work/key/key/key.core/../key.ui/examples/standard_key/java_dl/jml-assert/model-methods-instance-instance.key.proof 
86956      DEBUG main            d.u.i.k.p.i.AbstractProblemLoader Environment load took 194ns 
86958      INFO  main            d.u.i.k.p.i.AbstractProblemLoader Creating init config 
90480      DEBUG main            d.u.i.k.p.i.AbstractProblemLoader Init config took 3.52s 
90539      INFO  main            d.u.i.k.p.i.AbstractProblemLoader Replaying proof ModelMethods[ModelMethods::test3()].JML normal_behavior operation contract.0 
90574      DEBUG main            d.u.i.k.p.i.IntermediateProofReplayer Proof replay took 26.92ms 
90576      DEBUG main            d.u.i.k.p.r.p.TestFile    ... success: reloaded. 
90578      INFO  main            d.u.i.k.p.r.p.TestFile    Now processing file /home/runner/work/key/key/key.core/../key.ui/examples/standard_key/java_dl/jml-assert/model-methods-static-instance.key 
90578      INFO  main            d.u.i.k.p.i.AbstractProblemLoader Loading environment from /home/runner/work/key/key/key.core/../key.ui/examples/standard_key/java_dl/jml-assert/model-methods-static-instance.key 
90578      DEBUG main            d.u.i.k.p.i.AbstractProblemLoader Environment load took 284.1ns 
90579      INFO  main            d.u.i.k.p.i.AbstractProblemLoader Creating init config 
94178      DEBUG main            d.u.i.k.p.i.AbstractProblemLoader Init config took 3.6s 
94243      INFO  main            d.u.i.k.p.i.AbstractProblemLoader Replaying proof ModelMethods[ModelMethods::test4()].JML normal_behavior operation contract.0 
94245      DEBUG main            d.u.i.k.p.i.IntermediateProofReplayer Proof replay took 8.9ns 
94448      INFO  main            d.u.i.k.p.r.p.TestFile    ... finished proof: closed. 
94701      INFO  main            d.u.i.k.p.i.AbstractProblemLoader Loading environment from /home/runner/work/key/key/key.core/../key.ui/examples/standard_key/java_dl/jml-assert/model-methods-static-instance.key.proof 
94701      DEBUG main            d.u.i.k.p.i.AbstractProblemLoader Environment load took 715.7ns 
94703      INFO  main            d.u.i.k.p.i.AbstractProblemLoader Creating init config 
98203      DEBUG main            d.u.i.k.p.i.AbstractProblemLoader Init config took 3.5s 
98278      INFO  main            d.u.i.k.p.i.AbstractProblemLoader Replaying proof ModelMethods[ModelMethods::test4()].JML normal_behavior operation contract.0 
98332      DEBUG main            d.u.i.k.p.i.IntermediateProofReplayer Proof replay took 50.85ms 
98334      DEBUG main            d.u.i.k.p.r.p.TestFile    ... success: reloaded. 
98335      INFO  main            d.u.i.k.p.r.p.TestFile    Now processing file /home/runner/work/key/key/key.core/../key.ui/examples/standard_key/java_dl/jml-assert/assert-old/inc-field.key 
98336      INFO  main            d.u.i.k.p.i.AbstractProblemLoader Loading environment from /home/runner/work/key/key/key.core/../key.ui/examples/standard_key/java_dl/jml-assert/assert-old/inc-field.key 
98336      DEBUG main            d.u.i.k.p.i.AbstractProblemLoader Environment load took 270.6ns 
98338      INFO  main            d.u.i.k.p.i.AbstractProblemLoader Creating init config 
101756     DEBUG main            d.u.i.k.p.i.AbstractProblemLoader Init config took 3.42s 
101802     INFO  main            d.u.i.k.p.i.AbstractProblemLoader Replaying proof Inc[Inc::inc_field()].JML normal_behavior operation contract.0 
101805     DEBUG main            d.u.i.k.p.i.IntermediateProofReplayer Proof replay took 8.7ns 
102009     INFO  main            d.u.i.k.p.r.p.TestFile    ... finished proof: closed. 
102321     INFO  main            d.u.i.k.p.i.AbstractProblemLoader Loading environment from /home/runner/work/key/key/key.core/../key.ui/examples/standard_key/java_dl/jml-assert/assert-old/inc-field.key.proof 
102321     DEBUG main            d.u.i.k.p.i.AbstractProblemLoader Environment load took 832.09ns 
102323     INFO  main            d.u.i.k.p.i.AbstractProblemLoader Creating init config 
105640     DEBUG main            d.u.i.k.p.i.AbstractProblemLoader Init config took 3.32s 
105686     INFO  main            d.u.i.k.p.i.AbstractProblemLoader Replaying proof Inc[Inc::inc_field()].JML normal_behavior operation contract.0 
105735     DEBUG main            d.u.i.k.p.i.IntermediateProofReplayer Proof replay took 46.73ms 
105737     DEBUG main            d.u.i.k.p.r.p.TestFile    ... success: reloaded. 
105738     INFO  main            d.u.i.k.p.r.p.TestFile    Now processing file /home/runner/work/key/key/key.core/../key.ui/examples/standard_key/java_dl/jml-assert/assert-old/inc-parameter.key 
105738     INFO  main            d.u.i.k.p.i.AbstractProblemLoader Loading environment from /home/runner/work/key/key/key.core/../key.ui/examples/standard_key/java_dl/jml-assert/assert-old/inc-parameter.key 
105739     DEBUG main            d.u.i.k.p.i.AbstractProblemLoader Environment load took 391.9ns 
105740     INFO  main            d.u.i.k.p.i.AbstractProblemLoader Creating init config 
109294     DEBUG main            d.u.i.k.p.i.AbstractProblemLoader Init config took 3.55s 
109340     INFO  main            d.u.i.k.p.i.AbstractProblemLoader Replaying proof Inc[Inc::inc_parameter(int)].JML normal_behavior operation contract.0 
109342     DEBUG main            d.u.i.k.p.i.IntermediateProofReplayer Proof replay took 7.9ns 
109448     INFO  main            d.u.i.k.p.r.p.TestFile    ... finished proof: closed. 
109772     INFO  main            d.u.i.k.p.i.AbstractProblemLoader Loading environment from /home/runner/work/key/key/key.core/../key.ui/examples/standard_key/java_dl/jml-assert/assert-old/inc-parameter.key.proof 
109772     DEBUG main            d.u.i.k.p.i.AbstractProblemLoader Environment load took 129.3ns 
109776     INFO  main            d.u.i.k.p.i.AbstractProblemLoader Creating init config 
113136     DEBUG main            d.u.i.k.p.i.AbstractProblemLoader Init config took 3.36s 
113183     INFO  main            d.u.i.k.p.i.AbstractProblemLoader Replaying proof Inc[Inc::inc_parameter(int)].JML normal_behavior operation contract.0 
113219     DEBUG main            d.u.i.k.p.i.IntermediateProofReplayer Proof replay took 33.32ms 
113221     DEBUG main            d.u.i.k.p.r.p.TestFile    ... success: reloaded. 
113222     INFO  main            d.u.i.k.p.r.p.TestFile    Now processing file /home/runner/work/key/key/key.core/../key.ui/examples/standard_key/java_dl/jml-assert/assert-old/inc-parameter-field.key 
113222     INFO  main            d.u.i.k.p.i.AbstractProblemLoader Loading environment from /home/runner/work/key/key/key.core/../key.ui/examples/standard_key/java_dl/jml-assert/assert-old/inc-parameter-field.key 
113223     DEBUG main            d.u.i.k.p.i.AbstractProblemLoader Environment load took 334.1ns 
113224     INFO  main            d.u.i.k.p.i.AbstractProblemLoader Creating init config 
116748     DEBUG main            d.u.i.k.p.i.AbstractProblemLoader Init config took 3.52s 
116791     INFO  main            d.u.i.k.p.i.AbstractProblemLoader Replaying proof Inc[Inc::inc_parameter_field(Inc)].JML normal_behavior operation contract.0 
116796     DEBUG main            d.u.i.k.p.i.IntermediateProofReplayer Proof replay took 9.5ns 
116999     INFO  main            d.u.i.k.p.r.p.TestFile    ... finished proof: closed. 
117326     INFO  main            d.u.i.k.p.i.AbstractProblemLoader Loading environment from /home/runner/work/key/key/key.core/../key.ui/examples/standard_key/java_dl/jml-assert/assert-old/inc-parameter-field.key.proof 
117331     DEBUG main            d.u.i.k.p.i.AbstractProblemLoader Environment load took 4.85ms 
117332     INFO  main            d.u.i.k.p.i.AbstractProblemLoader Creating init config 
120708     DEBUG main            d.u.i.k.p.i.AbstractProblemLoader Init config took 3.38s 
120770     INFO  main            d.u.i.k.p.i.AbstractProblemLoader Replaying proof Inc[Inc::inc_parameter_field(Inc)].JML normal_behavior operation contract.0 
120824     DEBUG main            d.u.i.k.p.i.IntermediateProofReplayer Proof replay took 51.91ms 
120826     DEBUG main            d.u.i.k.p.r.p.TestFile    ... success: reloaded. 
120827     INFO  main            d.u.i.k.p.r.p.TestFile    Now processing file /home/runner/work/key/key/key.core/../key.ui/examples/standard_key/java_dl/jml-assert/assert-old/inc-ghost-field.key 
120827     INFO  main            d.u.i.k.p.i.AbstractProblemLoader Loading environment from /home/runner/work/key/key/key.core/../key.ui/examples/standard_key/java_dl/jml-assert/assert-old/inc-ghost-field.key 
120828     DEBUG main            d.u.i.k.p.i.AbstractProblemLoader Environment load took 273ns 
120829     INFO  main            d.u.i.k.p.i.AbstractProblemLoader Creating init config 
124365     DEBUG main            d.u.i.k.p.i.AbstractProblemLoader Init config took 3.54s 
124415     INFO  main            d.u.i.k.p.i.AbstractProblemLoader Replaying proof Inc[Inc::inc_ghost_field()].JML normal_behavior operation contract.0 
124417     DEBUG main            d.u.i.k.p.i.IntermediateProofReplayer Proof replay took 9.5ns 
124620     INFO  main            d.u.i.k.p.r.p.TestFile    ... finished proof: closed. 
124952     INFO  main            d.u.i.k.p.i.AbstractProblemLoader Loading environment from /home/runner/work/key/key/key.core/../key.ui/examples/standard_key/java_dl/jml-assert/assert-old/inc-ghost-field.key.proof 
124952     DEBUG main            d.u.i.k.p.i.AbstractProblemLoader Environment load took 133.7ns 
124953     INFO  main            d.u.i.k.p.i.AbstractProblemLoader Creating init config 
128350     DEBUG main            d.u.i.k.p.i.AbstractProblemLoader Init config took 3.4s 
128402     INFO  main            d.u.i.k.p.i.AbstractProblemLoader Replaying proof Inc[Inc::inc_ghost_field()].JML normal_behavior operation contract.0 
128461     DEBUG main            d.u.i.k.p.i.IntermediateProofReplayer Proof replay took 53.76ms 
128464     DEBUG main            d.u.i.k.p.r.p.TestFile    ... success: reloaded. 
1017505    INFO  Test worker     d.u.i.k.p.r.p.StatisticsFile Returning from test jmlAsserts 
1017526    INFO  Test worker     d.u.i.k.p.r.p.StatisticsFile Running test javaCard 
494        INFO  Timeout watchdog d.u.i.k.p.r.p.ForkedTestFileRunner Timeout watcher launched (2000 secs.) 
524        WARN  main            d.u.i.k.s.ProofSettings   The settings in /home/runner/.key/proof-settings.props are *not* read. 
564        INFO  main            d.u.i.k.p.r.p.TestFile    Now processing file /home/runner/work/key/key/key.core/../key.ui/examples/heap/javacard/updateBalance0.key 
718        INFO  main            d.u.i.k.p.i.AbstractProblemLoader Loading environment from /home/runner/work/key/key/key.core/../key.ui/examples/heap/javacard/updateBalance0.key 
740        DEBUG main            d.u.i.k.p.i.AbstractProblemLoader Environment load took 2.91ms 
1081       INFO  main            d.u.i.k.p.i.AbstractProblemLoader Creating init config 
2452       DEBUG main            d.u.i.k.j.TypeConverter   No LDT found for Meta 
2454       DEBUG main            d.u.i.k.j.TypeConverter   No LDT found for Meta 
2459       DEBUG main            d.u.i.k.j.TypeConverter   No LDT found for Meta 
2459       DEBUG main            d.u.i.k.j.TypeConverter   No LDT found for Meta 
4583       DEBUG main            d.u.i.k.j.TypeConverter   No LDT found for JavaBigintExpression 
9397       DEBUG main            d.u.i.k.p.i.AbstractProblemLoader Init config took 8.32s 
9595       INFO  main            d.u.i.k.p.i.AbstractProblemLoader Replaying proof Examples[Examples::updateBalance(short)].JML normal_behavior operation contract.0 
9651       DEBUG main            d.u.i.k.p.i.IntermediateProofReplayer Proof replay took 40.7ns 
11504      INFO  main            d.u.i.k.p.r.p.TestFile    ... finished proof: closed. 
11679      INFO  main            d.u.i.k.p.i.AbstractProblemLoader Loading environment from /home/runner/work/key/key/key.core/../key.ui/examples/heap/javacard/updateBalance0.key.proof 
11684      DEBUG main            d.u.i.k.p.i.AbstractProblemLoader Environment load took 4.94ms 
11688      INFO  main            d.u.i.k.p.i.AbstractProblemLoader Creating init config 
14196      DEBUG main            d.u.i.k.p.i.AbstractProblemLoader Init config took 2.51s 
14271      INFO  main            d.u.i.k.p.i.AbstractProblemLoader Replaying proof Examples[Examples::updateBalance(short)].JML normal_behavior operation contract.0 
14580      DEBUG main            d.u.i.k.p.i.IntermediateProofReplayer Proof replay took 298.44ms 
14599      DEBUG main            d.u.i.k.p.r.p.TestFile    ... success: reloaded. 
14606      INFO  main            d.u.i.k.p.r.p.TestFile    Now processing file /home/runner/work/key/key/key.core/../key.ui/examples/heap/javacard/updateBalance1.key 
14608      INFO  main            d.u.i.k.p.i.AbstractProblemLoader Loading environment from /home/runner/work/key/key/key.core/../key.ui/examples/heap/javacard/updateBalance1.key 
14608      DEBUG main            d.u.i.k.p.i.AbstractProblemLoader Environment load took 130.9ns 
14611      INFO  main            d.u.i.k.p.i.AbstractProblemLoader Creating init config 
16981      DEBUG main            d.u.i.k.p.i.AbstractProblemLoader Init config took 2.37s 
17047      INFO  main            d.u.i.k.p.i.AbstractProblemLoader Replaying proof Examples[Examples::updateBalance(short)].JML normal_behavior operation contract.1 
17051      DEBUG main            d.u.i.k.p.i.IntermediateProofReplayer Proof replay took 7.9ns 
17959      INFO  main            d.u.i.k.p.r.p.TestFile    ... finished proof: closed. 
18125      INFO  main            d.u.i.k.p.i.AbstractProblemLoader Loading environment from /home/runner/work/key/key/key.core/../key.ui/examples/heap/javacard/updateBalance1.key.proof 
18125      DEBUG main            d.u.i.k.p.i.AbstractProblemLoader Environment load took 688.59ns 
18129      INFO  main            d.u.i.k.p.i.AbstractProblemLoader Creating init config 
20376      DEBUG main            d.u.i.k.p.i.AbstractProblemLoader Init config took 2.25s 
20453      INFO  main            d.u.i.k.p.i.AbstractProblemLoader Replaying proof Examples[Examples::updateBalance(short)].JML normal_behavior operation contract.1 
20680      DEBUG main            d.u.i.k.p.i.IntermediateProofReplayer Proof replay took 216.22ms 
20683      DEBUG main            d.u.i.k.p.r.p.TestFile    ... success: reloaded. 
20686      INFO  main            d.u.i.k.p.r.p.TestFile    Now processing file /home/runner/work/key/key/key.core/../key.ui/examples/heap/javacard/setArray1.key 
20687      INFO  main            d.u.i.k.p.i.AbstractProblemLoader Loading environment from /home/runner/work/key/key/key.core/../key.ui/examples/heap/javacard/setArray1.key 
20688      DEBUG main            d.u.i.k.p.i.AbstractProblemLoader Environment load took 764.39ns 
20692      INFO  main            d.u.i.k.p.i.AbstractProblemLoader Creating init config 
22922      DEBUG main            d.u.i.k.p.i.AbstractProblemLoader Init config took 2.23s 
22992      INFO  main            d.u.i.k.p.i.AbstractProblemLoader Replaying proof Examples[Examples::setArray1([B)].JML normal_behavior operation contract.0 
22996      DEBUG main            d.u.i.k.p.i.IntermediateProofReplayer Proof replay took 7.4ns 
24513      INFO  main            d.u.i.k.p.r.p.TestFile    ... finished proof: closed. 
24712      INFO  main            d.u.i.k.p.i.AbstractProblemLoader Loading environment from /home/runner/work/key/key/key.core/../key.ui/examples/heap/javacard/setArray1.key.proof 
24716      DEBUG main            d.u.i.k.p.i.AbstractProblemLoader Environment load took 3.26ms 
24717      INFO  main            d.u.i.k.p.i.AbstractProblemLoader Creating init config 
26949      DEBUG main            d.u.i.k.p.i.AbstractProblemLoader Init config took 2.23s 
27011      INFO  main            d.u.i.k.p.i.AbstractProblemLoader Replaying proof Examples[Examples::setArray1([B)].JML normal_behavior operation contract.0 
27378      DEBUG main            d.u.i.k.p.i.IntermediateProofReplayer Proof replay took 359.98ms 
27380      DEBUG main            d.u.i.k.p.r.p.TestFile    ... success: reloaded. 
27383      INFO  main            d.u.i.k.p.r.p.TestFile    Now processing file /home/runner/work/key/key/key.core/../key.ui/examples/heap/javacard/setArray2.key 
27384      INFO  main            d.u.i.k.p.i.AbstractProblemLoader Loading environment from /home/runner/work/key/key/key.core/../key.ui/examples/heap/javacard/setArray2.key 
27384      DEBUG main            d.u.i.k.p.i.AbstractProblemLoader Environment load took 358.5ns 
27385      INFO  main            d.u.i.k.p.i.AbstractProblemLoader Creating init config 
29594      DEBUG main            d.u.i.k.p.i.AbstractProblemLoader Init config took 2.21s 
29648      INFO  main            d.u.i.k.p.i.AbstractProblemLoader Replaying proof Examples[Examples::setArray2([B)].JML normal_behavior operation contract.0 
29651      DEBUG main            d.u.i.k.p.i.IntermediateProofReplayer Proof replay took 7.7ns 
31281      INFO  main            d.u.i.k.p.r.p.TestFile    ... finished proof: closed. 
31480      INFO  main            d.u.i.k.p.i.AbstractProblemLoader Loading environment from /home/runner/work/key/key/key.core/../key.ui/examples/heap/javacard/setArray2.key.proof 
31482      DEBUG main            d.u.i.k.p.i.AbstractProblemLoader Environment load took 2.06ms 
31485      INFO  main            d.u.i.k.p.i.AbstractProblemLoader Creating init config 
33654      DEBUG main            d.u.i.k.p.i.AbstractProblemLoader Init config took 2.17s 
33713      INFO  main            d.u.i.k.p.i.AbstractProblemLoader Replaying proof Examples[Examples::setArray2([B)].JML normal_behavior operation contract.0 
34052      DEBUG main            d.u.i.k.p.i.IntermediateProofReplayer Proof replay took 332.5ms 
34056      DEBUG main            d.u.i.k.p.r.p.TestFile    ... success: reloaded. 
34059      INFO  main            d.u.i.k.p.r.p.TestFile    Now processing file /home/runner/work/key/key/key.core/../key.ui/examples/heap/javacard/arrayFillNonAtomic.key 
34059      INFO  main            d.u.i.k.p.i.AbstractProblemLoader Loading environment from /home/runner/work/key/key/key.core/../key.ui/examples/heap/javacard/arrayFillNonAtomic.key 
34060      DEBUG main            d.u.i.k.p.i.AbstractProblemLoader Environment load took 291.9ns 
34061      INFO  main            d.u.i.k.p.i.AbstractProblemLoader Creating init config 
36222      DEBUG main            d.u.i.k.p.i.AbstractProblemLoader Init config took 2.16s 
36332      INFO  main            d.u.i.k.p.i.AbstractProblemLoader Replaying proof javacard.framework.Util[javacard.framework.Util::arrayFillNonAtomic([B,short,short,byte)].JML behavior operation contract.0.transaction_inactive 
36335      DEBUG main            d.u.i.k.p.i.IntermediateProofReplayer Proof replay took 9.3ns 
37682      DEBUG Thread-13       d.u.i.k.l.o.ProgramSV     Match failed: Former match of  SchemaVariable incompatible with  the current match. 
37683      DEBUG Thread-13       d.u.i.k.l.o.ProgramSV     Match failed: Former match of  SchemaVariable incompatible with  the current match. 
39846      DEBUG Thread-13       d.u.i.k.l.o.ProgramSV     Match failed: Former match of  SchemaVariable incompatible with  the current match. 
39847      DEBUG Thread-13       d.u.i.k.l.o.ProgramSV     Match failed: Former match of  SchemaVariable incompatible with  the current match. 
42105      INFO  main            d.u.i.k.p.r.p.TestFile    ... finished proof: closed. 
42435      INFO  main            d.u.i.k.p.i.AbstractProblemLoader Loading environment from /home/runner/work/key/key/key.core/../key.ui/examples/heap/javacard/arrayFillNonAtomic.key.proof 
42435      DEBUG main            d.u.i.k.p.i.AbstractProblemLoader Environment load took 305.4ns 
42440      INFO  main            d.u.i.k.p.i.AbstractProblemLoader Creating init config 
44568      DEBUG main            d.u.i.k.p.i.AbstractProblemLoader Init config took 2.13s 
44643      INFO  main            d.u.i.k.p.i.AbstractProblemLoader Replaying proof javacard.framework.Util[javacard.framework.Util::arrayFillNonAtomic([B,short,short,byte)].JML behavior operation contract.0.transaction_inactive 
46095      DEBUG main            d.u.i.k.p.i.IntermediateProofReplayer Proof replay took 1.43s 
46097      DEBUG main            d.u.i.k.p.r.p.TestFile    ... success: reloaded. 
46100      INFO  main            d.u.i.k.p.r.p.TestFile    Now processing file /home/runner/work/key/key/key.core/../key.ui/examples/heap/coincidence_count/project.key 
46101      INFO  main            d.u.i.k.p.i.AbstractProblemLoader Loading environment from /home/runner/work/key/key/key.core/../key.ui/examples/heap/coincidence_count/project.key 
46101      DEBUG main            d.u.i.k.p.i.AbstractProblemLoader Environment load took 302.5ns 
46103      INFO  main            d.u.i.k.p.i.AbstractProblemLoader Creating init config 
51036      DEBUG main            d.u.i.k.p.i.AbstractProblemLoader Init config took 4.93s 
51113      INFO  main            d.u.i.k.p.i.AbstractProblemLoader Replaying proof CC[CC::calcCoinIndex([I,[I)].JML normal_behavior operation contract.0 
51120      DEBUG main            d.u.i.k.p.i.IntermediateProofReplayer Proof replay took 9.4ns 
77519      INFO  main            d.u.i.k.p.r.p.TestFile    ... finished proof: closed. 
77928      INFO  main            d.u.i.k.p.i.AbstractProblemLoader Loading environment from /home/runner/work/key/key/key.core/../key.ui/examples/heap/coincidence_count/project.key.proof 
77928      DEBUG main            d.u.i.k.p.i.AbstractProblemLoader Environment load took 503.09ns 
77933      INFO  main            d.u.i.k.p.i.AbstractProblemLoader Creating init config 
81643      DEBUG main            d.u.i.k.p.i.AbstractProblemLoader Init config took 3.71s 
81706      INFO  main            d.u.i.k.p.i.AbstractProblemLoader Replaying proof CC[CC::calcCoinIndex([I,[I)].JML normal_behavior operation contract.0 
83358      DEBUG main            d.u.i.k.p.i.IntermediateProofReplayer Proof replay took 1.53s 
83363      DEBUG main            d.u.i.k.p.r.p.TestFile    ... success: reloaded. 
83365      INFO  main            d.u.i.k.p.r.p.TestFile    Now processing file /home/runner/work/key/key/key.core/../key.ui/examples/heap/verifyThis11_1_Maximum/project.key 
83365      INFO  main            d.u.i.k.p.i.AbstractProblemLoader Loading environment from /home/runner/work/key/key/key.core/../key.ui/examples/heap/verifyThis11_1_Maximum/project.key 
83365      DEBUG main            d.u.i.k.p.i.AbstractProblemLoader Environment load took 287.5ns 
83367      INFO  main            d.u.i.k.p.i.AbstractProblemLoader Creating init config 
87105      DEBUG main            d.u.i.k.p.i.AbstractProblemLoader Init config took 3.74s 
87163      INFO  main            d.u.i.k.p.i.AbstractProblemLoader Replaying proof Maximum[Maximum::maxIndex([I)].JML normal_behavior operation contract.0 
87165      DEBUG main            d.u.i.k.p.i.IntermediateProofReplayer Proof replay took 8.3ns 
88499      INFO  main            d.u.i.k.p.r.p.TestFile    ... finished proof: closed. 
88843      INFO  main            d.u.i.k.p.i.AbstractProblemLoader Loading environment from /home/runner/work/key/key/key.core/../key.ui/examples/heap/verifyThis11_1_Maximum/project.key.proof 
88844      DEBUG main            d.u.i.k.p.i.AbstractProblemLoader Environment load took 620.29ns 
88846      INFO  main            d.u.i.k.p.i.AbstractProblemLoader Creating init config 
92445      DEBUG main            d.u.i.k.p.i.AbstractProblemLoader Init config took 3.6s 
92511      INFO  main            d.u.i.k.p.i.AbstractProblemLoader Replaying proof Maximum[Maximum::maxIndex([I)].JML normal_behavior operation contract.0 
92813      DEBUG main            d.u.i.k.p.i.IntermediateProofReplayer Proof replay took 293.84ms 
92815      DEBUG main            d.u.i.k.p.r.p.TestFile    ... success: reloaded. 
92816      INFO  main            d.u.i.k.p.r.p.TestFile    Now processing file /home/runner/work/key/key/key.core/../key.ui/examples/heap/fm12_01_LRS/lcp.key 
92817      INFO  main            d.u.i.k.p.i.AbstractProblemLoader Loading environment from /home/runner/work/key/key/key.core/../key.ui/examples/heap/fm12_01_LRS/lcp.key 
92817      DEBUG main            d.u.i.k.p.i.AbstractProblemLoader Environment load took 349.8ns 
92818      INFO  main            d.u.i.k.p.i.AbstractProblemLoader Creating init config 
97475      DEBUG main            d.u.i.k.p.i.AbstractProblemLoader Init config took 4.66s 
97568      INFO  main            d.u.i.k.p.i.AbstractProblemLoader Replaying proof LCP[LCP::lcp([I,int,int)].JML normal_behavior operation contract.0 
97573      DEBUG main            d.u.i.k.p.i.IntermediateProofReplayer Proof replay took 8.9ns 
98908      INFO  main            d.u.i.k.p.r.p.TestFile    ... finished proof: closed. 
99250      INFO  main            d.u.i.k.p.i.AbstractProblemLoader Loading environment from /home/runner/work/key/key/key.core/../key.ui/examples/heap/fm12_01_LRS/lcp.key.proof 
99251      DEBUG main            d.u.i.k.p.i.AbstractProblemLoader Environment load took 667.79ns 
99253      INFO  main            d.u.i.k.p.i.AbstractProblemLoader Creating init config 
103475     DEBUG main            d.u.i.k.p.i.AbstractProblemLoader Init config took 4.22s 
103558     INFO  main            d.u.i.k.p.i.AbstractProblemLoader Replaying proof LCP[LCP::lcp([I,int,int)].JML normal_behavior operation contract.0 
103896     DEBUG main            d.u.i.k.p.i.IntermediateProofReplayer Proof replay took 331.2ms 
103898     DEBUG main            d.u.i.k.p.r.p.TestFile    ... success: reloaded. 
103900     INFO  main            d.u.i.k.p.r.p.TestFile    Now processing file /home/runner/work/key/key/key.core/../key.ui/examples/heap/SemanticSlicing/project.key 
103900     INFO  main            d.u.i.k.p.i.AbstractProblemLoader Loading environment from /home/runner/work/key/key/key.core/../key.ui/examples/heap/SemanticSlicing/project.key 
103900     DEBUG main            d.u.i.k.p.i.AbstractProblemLoader Environment load took 278.8ns 
103902     INFO  main            d.u.i.k.p.i.AbstractProblemLoader Creating init config 
107653     DEBUG main            d.u.i.k.p.i.AbstractProblemLoader Init config took 3.75s 
107727     INFO  main            d.u.i.k.p.i.AbstractProblemLoader Replaying proof unsatcore_after.competition.postcond5.scope333.LRS[unsatcore_after.competition.postcond5.scope333.LRS::doLRS()].JML operation contract.0 
107729     DEBUG main            d.u.i.k.p.i.IntermediateProofReplayer Proof replay took 8.7ns 
113511     INFO  main            d.u.i.k.p.r.p.TestFile    ... finished proof: closed. 
113918     INFO  main            d.u.i.k.p.i.AbstractProblemLoader Loading environment from /home/runner/work/key/key/key.core/../key.ui/examples/heap/SemanticSlicing/project.key.proof 
113919     DEBUG main            d.u.i.k.p.i.AbstractProblemLoader Environment load took 674.19ns 
113921     INFO  main            d.u.i.k.p.i.AbstractProblemLoader Creating init config 
117572     DEBUG main            d.u.i.k.p.i.AbstractProblemLoader Init config took 3.65s 
117652     INFO  main            d.u.i.k.p.i.AbstractProblemLoader Replaying proof unsatcore_after.competition.postcond5.scope333.LRS[unsatcore_after.competition.postcond5.scope333.LRS::doLRS()].JML operation contract.0 
118950     DEBUG main            d.u.i.k.p.i.IntermediateProofReplayer Proof replay took 1.28s 
118953     DEBUG main            d.u.i.k.p.r.p.TestFile    ... success: reloaded. 
118954     INFO  main            d.u.i.k.p.r.p.TestFile    Now processing file /home/runner/work/key/key/key.core/../key.ui/examples/heap/information_flow/ArrayList_contains.key 
118955     INFO  main            d.u.i.k.p.i.AbstractProblemLoader Loading environment from /home/runner/work/key/key/key.core/../key.ui/examples/heap/information_flow/ArrayList_contains.key 
118955     DEBUG main            d.u.i.k.p.i.AbstractProblemLoader Environment load took 302.2ns 
118956     INFO  main            d.u.i.k.p.i.AbstractProblemLoader Creating init config 
123032     DEBUG main            d.u.i.k.p.i.AbstractProblemLoader Init config took 4.08s 
123096     INFO  main            d.u.i.k.p.i.AbstractProblemLoader Replaying proof ArrayList[ArrayList::get(int)].JML normal_behavior operation contract.0 
123101     DEBUG main            d.u.i.k.p.i.IntermediateProofReplayer Proof replay took 8.7ns 
123608     INFO  main            d.u.i.k.p.r.p.TestFile    ... finished proof: closed. 
123988     INFO  main            d.u.i.k.p.i.AbstractProblemLoader Loading environment from /home/runner/work/key/key/key.core/../key.ui/examples/heap/information_flow/ArrayList_contains.key.proof 
123988     DEBUG main            d.u.i.k.p.i.AbstractProblemLoader Environment load took 573.69ns 
123991     INFO  main            d.u.i.k.p.i.AbstractProblemLoader Creating init config 
127658     DEBUG main            d.u.i.k.p.i.AbstractProblemLoader Init config took 3.67s 
127711     INFO  main            d.u.i.k.p.i.AbstractProblemLoader Replaying proof ArrayList[ArrayList::get(int)].JML normal_behavior operation contract.0 
127797     DEBUG main            d.u.i.k.p.i.IntermediateProofReplayer Proof replay took 82.82ms 
127799     DEBUG main            d.u.i.k.p.r.p.TestFile    ... success: reloaded. 
127800     INFO  main            d.u.i.k.p.r.p.TestFile    Now processing file /home/runner/work/key/key/key.core/../key.ui/examples/heap/information_flow/ArrayList_get.key 
127800     INFO  main            d.u.i.k.p.i.AbstractProblemLoader Loading environment from /home/runner/work/key/key/key.core/../key.ui/examples/heap/information_flow/ArrayList_get.key 
127800     DEBUG main            d.u.i.k.p.i.AbstractProblemLoader Environment load took 130.1ns 
127801     INFO  main            d.u.i.k.p.i.AbstractProblemLoader Creating init config 
131648     DEBUG main            d.u.i.k.p.i.AbstractProblemLoader Init config took 3.85s 
131700     INFO  main            d.u.i.k.p.i.AbstractProblemLoader Replaying proof ArrayList[ArrayList::contains(java.lang.Object)].JML normal_behavior operation contract.0 
131702     DEBUG main            d.u.i.k.p.i.IntermediateProofReplayer Proof replay took 8.5ns 
132908     INFO  main            d.u.i.k.p.r.p.TestFile    ... finished proof: closed. 
133281     INFO  main            d.u.i.k.p.i.AbstractProblemLoader Loading environment from /home/runner/work/key/key/key.core/../key.ui/examples/heap/information_flow/ArrayList_get.key.proof 
133282     DEBUG main            d.u.i.k.p.i.AbstractProblemLoader Environment load took 155.3ns 
133283     INFO  main            d.u.i.k.p.i.AbstractProblemLoader Creating init config 
137064     DEBUG main            d.u.i.k.p.i.AbstractProblemLoader Init config took 3.78s 
137124     INFO  main            d.u.i.k.p.i.AbstractProblemLoader Replaying proof ArrayList[ArrayList::contains(java.lang.Object)].JML normal_behavior operation contract.0 
137415     DEBUG main            d.u.i.k.p.i.IntermediateProofReplayer Proof replay took 281.58ms 
137417     DEBUG main            d.u.i.k.p.r.p.TestFile    ... success: reloaded. 
137418     INFO  main            d.u.i.k.p.r.p.TestFile    Now processing file /home/runner/work/key/key/key.core/../key.ui/examples/heap/information_flow/ArrayList_size.key 
137418     INFO  main            d.u.i.k.p.i.AbstractProblemLoader Loading environment from /home/runner/work/key/key/key.core/../key.ui/examples/heap/information_flow/ArrayList_size.key 
137419     DEBUG main            d.u.i.k.p.i.AbstractProblemLoader Environment load took 296.3ns 
137421     INFO  main            d.u.i.k.p.i.AbstractProblemLoader Creating init config 
141281     DEBUG main            d.u.i.k.p.i.AbstractProblemLoader Init config took 3.86s 
141330     INFO  main            d.u.i.k.p.i.AbstractProblemLoader Replaying proof ArrayList[ArrayList::size()].JML normal_behavior operation contract.0 
141332     DEBUG main            d.u.i.k.p.i.IntermediateProofReplayer Proof replay took 6.8ns 
141437     INFO  main            d.u.i.k.p.r.p.TestFile    ... finished proof: closed. 
141809     INFO  main            d.u.i.k.p.i.AbstractProblemLoader Loading environment from /home/runner/work/key/key/key.core/../key.ui/examples/heap/information_flow/ArrayList_size.key.proof 
141809     DEBUG main            d.u.i.k.p.i.AbstractProblemLoader Environment load took 145.1ns 
141811     INFO  main            d.u.i.k.p.i.AbstractProblemLoader Creating init config 
145663     DEBUG main            d.u.i.k.p.i.AbstractProblemLoader Init config took 3.85s 
145720     INFO  main            d.u.i.k.p.i.AbstractProblemLoader Replaying proof ArrayList[ArrayList::size()].JML normal_behavior operation contract.0 
145745     DEBUG main            d.u.i.k.p.i.IntermediateProofReplayer Proof replay took 21.06ms 
145747     DEBUG main            d.u.i.k.p.r.p.TestFile    ... success: reloaded. 
145748     INFO  main            d.u.i.k.p.r.p.TestFile    Now processing file /home/runner/work/key/key/key.core/../key.ui/examples/heap/information_flow/UpdateAbstraction_ex7_3_secure.key 
145751     INFO  main            d.u.i.k.p.i.AbstractProblemLoader Loading environment from /home/runner/work/key/key/key.core/../key.ui/examples/heap/information_flow/UpdateAbstraction_ex7_3_secure.key 
145751     DEBUG main            d.u.i.k.p.i.AbstractProblemLoader Environment load took 301ns 
145752     INFO  main            d.u.i.k.p.i.AbstractProblemLoader Creating init config 
149596     DEBUG main            d.u.i.k.p.i.AbstractProblemLoader Init config took 3.84s 
149650     INFO  main            d.u.i.k.p.i.AbstractProblemLoader Replaying proof UpdateAbstraction[UpdateAbstraction::ex7_3_secure()].JML operation contract.0 
149652     DEBUG main            d.u.i.k.p.i.IntermediateProofReplayer Proof replay took 33ns 
149856     INFO  main            d.u.i.k.p.r.p.TestFile    ... finished proof: closed. 
150287     INFO  main            d.u.i.k.p.i.AbstractProblemLoader Loading environment from /home/runner/work/key/key/key.core/../key.ui/examples/heap/information_flow/UpdateAbstraction_ex7_3_secure.key.proof 
150288     DEBUG main            d.u.i.k.p.i.AbstractProblemLoader Environment load took 556.89ns 
150290     INFO  main            d.u.i.k.p.i.AbstractProblemLoader Creating init config 
154003     DEBUG main            d.u.i.k.p.i.AbstractProblemLoader Init config took 3.71s 
154069     INFO  main            d.u.i.k.p.i.AbstractProblemLoader Replaying proof UpdateAbstraction[UpdateAbstraction::ex7_3_secure()].JML operation contract.0 
154127     DEBUG main            d.u.i.k.p.i.IntermediateProofReplayer Proof replay took 54.78ms 
154129     DEBUG main            d.u.i.k.p.r.p.TestFile    ... success: reloaded. 
154130     INFO  main            d.u.i.k.p.r.p.TestFile    Now processing file /home/runner/work/key/key/key.core/../key.ui/examples/heap/information_flow/UpdateAbstraction_ex7_4_secure.key 
154130     INFO  main            d.u.i.k.p.i.AbstractProblemLoader Loading environment from /home/runner/work/key/key/key.core/../key.ui/examples/heap/information_flow/UpdateAbstraction_ex7_4_secure.key 
154131     DEBUG main            d.u.i.k.p.i.AbstractProblemLoader Environment load took 296.9ns 
154132     INFO  main            d.u.i.k.p.i.AbstractProblemLoader Creating init config 
157838     DEBUG main            d.u.i.k.p.i.AbstractProblemLoader Init config took 3.71s 
157916     INFO  main            d.u.i.k.p.i.AbstractProblemLoader Replaying proof UpdateAbstraction[UpdateAbstraction::ex7_4_secure()].JML operation contract.0 
157918     DEBUG main            d.u.i.k.p.i.IntermediateProofReplayer Proof replay took 7ns 
158221     INFO  main            d.u.i.k.p.r.p.TestFile    ... finished proof: closed. 
158635     INFO  main            d.u.i.k.p.i.AbstractProblemLoader Loading environment from /home/runner/work/key/key/key.core/../key.ui/examples/heap/information_flow/UpdateAbstraction_ex7_4_secure.key.proof 
158635     DEBUG main            d.u.i.k.p.i.AbstractProblemLoader Environment load took 167.8ns 
158636     INFO  main            d.u.i.k.p.i.AbstractProblemLoader Creating init config 
162358     DEBUG main            d.u.i.k.p.i.AbstractProblemLoader Init config took 3.72s 
162421     INFO  main            d.u.i.k.p.i.AbstractProblemLoader Replaying proof UpdateAbstraction[UpdateAbstraction::ex7_4_secure()].JML operation contract.0 
162492     DEBUG main            d.u.i.k.p.i.IntermediateProofReplayer Proof replay took 67.3ms 
162494     DEBUG main            d.u.i.k.p.r.p.TestFile    ... success: reloaded. 
162495     INFO  main            d.u.i.k.p.r.p.TestFile    Now processing file /home/runner/work/key/key/key.core/../key.ui/examples/heap/information_flow/UpdateAbstraction_ex7_5_secure.key 
162496     INFO  main            d.u.i.k.p.i.AbstractProblemLoader Loading environment from /home/runner/work/key/key/key.core/../key.ui/examples/heap/information_flow/UpdateAbstraction_ex7_5_secure.key 
162496     DEBUG main            d.u.i.k.p.i.AbstractProblemLoader Environment load took 271.6ns 
162497     INFO  main            d.u.i.k.p.i.AbstractProblemLoader Creating init config 
166267     DEBUG main            d.u.i.k.p.i.AbstractProblemLoader Init config took 3.77s 
166321     INFO  main            d.u.i.k.p.i.AbstractProblemLoader Replaying proof UpdateAbstraction[UpdateAbstraction::ex7_5_secure()].JML operation contract.0 
166323     DEBUG main            d.u.i.k.p.i.IntermediateProofReplayer Proof replay took 7.1ns 
166425     INFO  main            d.u.i.k.p.r.p.TestFile    ... finished proof: closed. 
166817     INFO  main            d.u.i.k.p.i.AbstractProblemLoader Loading environment from /home/runner/work/key/key/key.core/../key.ui/examples/heap/information_flow/UpdateAbstraction_ex7_5_secure.key.proof 
166817     DEBUG main            d.u.i.k.p.i.AbstractProblemLoader Environment load took 144.6ns 
166818     INFO  main            d.u.i.k.p.i.AbstractProblemLoader Creating init config 
170485     DEBUG main            d.u.i.k.p.i.AbstractProblemLoader Init config took 3.67s 
170533     INFO  main            d.u.i.k.p.i.AbstractProblemLoader Replaying proof UpdateAbstraction[UpdateAbstraction::ex7_5_secure()].JML operation contract.0 
170562     DEBUG main            d.u.i.k.p.i.IntermediateProofReplayer Proof replay took 26.81ms 
170563     DEBUG main            d.u.i.k.p.r.p.TestFile    ... success: reloaded. 
170564     INFO  main            d.u.i.k.p.r.p.TestFile    Now processing file /home/runner/work/key/key/key.core/../key.ui/examples/heap/information_flow/UpdateAbstraction_ex7_6_secure.key 
170564     INFO  main            d.u.i.k.p.i.AbstractProblemLoader Loading environment from /home/runner/work/key/key/key.core/../key.ui/examples/heap/information_flow/UpdateAbstraction_ex7_6_secure.key 
170565     DEBUG main            d.u.i.k.p.i.AbstractProblemLoader Environment load took 144.4ns 
170566     INFO  main            d.u.i.k.p.i.AbstractProblemLoader Creating init config 
174326     DEBUG main            d.u.i.k.p.i.AbstractProblemLoader Init config took 3.76s 
174376     INFO  main            d.u.i.k.p.i.AbstractProblemLoader Replaying proof UpdateAbstraction[UpdateAbstraction::ex7_6_secure()].JML operation contract.0 
174378     DEBUG main            d.u.i.k.p.i.IntermediateProofReplayer Proof replay took 7.2ns 
174781     INFO  main            d.u.i.k.p.r.p.TestFile    ... finished proof: closed. 
175233     INFO  main            d.u.i.k.p.i.AbstractProblemLoader Loading environment from /home/runner/work/key/key/key.core/../key.ui/examples/heap/information_flow/UpdateAbstraction_ex7_6_secure.key.proof 
175234     DEBUG main            d.u.i.k.p.i.AbstractProblemLoader Environment load took 590.79ns 
175235     INFO  main            d.u.i.k.p.i.AbstractProblemLoader Creating init config 
178892     DEBUG main            d.u.i.k.p.i.AbstractProblemLoader Init config took 3.66s 
178937     INFO  main            d.u.i.k.p.i.AbstractProblemLoader Replaying proof UpdateAbstraction[UpdateAbstraction::ex7_6_secure()].JML operation contract.0 
179030     DEBUG main            d.u.i.k.p.i.IntermediateProofReplayer Proof replay took 89.81ms 
179032     DEBUG main            d.u.i.k.p.r.p.TestFile    ... success: reloaded. 
179033     INFO  main            d.u.i.k.p.r.p.TestFile    Now processing file /home/runner/work/key/key/key.core/../key.ui/examples/heap/information_flow/UpdateAbstraction_ex9_secure.key 
179033     INFO  main            d.u.i.k.p.i.AbstractProblemLoader Loading environment from /home/runner/work/key/key/key.core/../key.ui/examples/heap/information_flow/UpdateAbstraction_ex9_secure.key 
179033     DEBUG main            d.u.i.k.p.i.AbstractProblemLoader Environment load took 112.2ns 
179034     INFO  main            d.u.i.k.p.i.AbstractProblemLoader Creating init config 
182859     DEBUG main            d.u.i.k.p.i.AbstractProblemLoader Init config took 3.82s 
182905     INFO  main            d.u.i.k.p.i.AbstractProblemLoader Replaying proof UpdateAbstraction[UpdateAbstraction::ex9_secure()].JML operation contract.0 
182907     DEBUG main            d.u.i.k.p.i.IntermediateProofReplayer Proof replay took 7.6ns 
184139     INFO  main            d.u.i.k.p.r.p.TestFile    ... finished proof: closed. 
184592     INFO  main            d.u.i.k.p.i.AbstractProblemLoader Loading environment from /home/runner/work/key/key/key.core/../key.ui/examples/heap/information_flow/UpdateAbstraction_ex9_secure.key.proof 
184592     DEBUG main            d.u.i.k.p.i.AbstractProblemLoader Environment load took 143.7ns 
184595     INFO  main            d.u.i.k.p.i.AbstractProblemLoader Creating init config 
188279     DEBUG main            d.u.i.k.p.i.AbstractProblemLoader Init config took 3.69s 
188326     INFO  main            d.u.i.k.p.i.AbstractProblemLoader Replaying proof UpdateAbstraction[UpdateAbstraction::ex9_secure()].JML operation contract.0 
188678     DEBUG main            d.u.i.k.p.i.IntermediateProofReplayer Proof replay took 344.44ms 
188680     DEBUG main            d.u.i.k.p.r.p.TestFile    ... success: reloaded. 
1206449    INFO  Test worker     d.u.i.k.p.r.p.StatisticsFile Returning from test javaCard 
1206456    INFO  Test worker     d.u.i.k.p.r.p.StatisticsFile Running test list 
540        INFO  Timeout watchdog d.u.i.k.p.r.p.ForkedTestFileRunner Timeout watcher launched (2000 secs.) 
571        WARN  main            d.u.i.k.s.ProofSettings   The settings in /home/runner/.key/proof-settings.props are *not* read. 
631        INFO  main            d.u.i.k.p.r.p.TestFile    Now processing file /home/runner/work/key/key/key.core/../key.ui/examples/heap/list/ArrayList_add.key 
843        INFO  main            d.u.i.k.p.i.AbstractProblemLoader Loading environment from /home/runner/work/key/key/key.core/../key.ui/examples/heap/list/ArrayList_add.key 
865        DEBUG main            d.u.i.k.p.i.AbstractProblemLoader Environment load took 2.7ms 
1188       INFO  main            d.u.i.k.p.i.AbstractProblemLoader Creating init config 
2489       DEBUG main            d.u.i.k.j.TypeConverter   No LDT found for Meta 
2491       DEBUG main            d.u.i.k.j.TypeConverter   No LDT found for Meta 
2496       DEBUG main            d.u.i.k.j.TypeConverter   No LDT found for Meta 
2496       DEBUG main            d.u.i.k.j.TypeConverter   No LDT found for Meta 
4498       DEBUG main            d.u.i.k.j.TypeConverter   No LDT found for JavaBigintExpression 
9279       DEBUG main            d.u.i.k.j.r.ClassPreparationMethodBuilder clPrepBuilder: Inner Class detected. Reject building class initialisation methods. 
13105      DEBUG main            d.u.i.k.p.i.AbstractProblemLoader Init config took 11.92s 
13407      INFO  main            d.u.i.k.p.i.AbstractProblemLoader Replaying proof ArrayList[List::add(java.lang.Object)].JML normal_behavior operation contract.0 
13532      DEBUG main            d.u.i.k.p.i.IntermediateProofReplayer Proof replay took 48.8ns 
21875      INFO  main            d.u.i.k.p.r.p.TestFile    ... finished proof: closed. 
22154      INFO  main            d.u.i.k.p.i.AbstractProblemLoader Loading environment from /home/runner/work/key/key/key.core/../key.ui/examples/heap/list/ArrayList_add.key.proof 
22154      DEBUG main            d.u.i.k.p.i.AbstractProblemLoader Environment load took 243.2ns 
22161      INFO  main            d.u.i.k.p.i.AbstractProblemLoader Creating init config 
23775      DEBUG main            d.u.i.k.j.r.ClassPreparationMethodBuilder clPrepBuilder: Inner Class detected. Reject building class initialisation methods. 
27025      DEBUG main            d.u.i.k.p.i.AbstractProblemLoader Init config took 4.86s 
27125      INFO  main            d.u.i.k.p.i.AbstractProblemLoader Replaying proof ArrayList[List::add(java.lang.Object)].JML normal_behavior operation contract.0 
28891      DEBUG main            d.u.i.k.p.i.IntermediateProofReplayer Proof replay took 1.73s 
28903      DEBUG main            d.u.i.k.p.r.p.TestFile    ... success: reloaded. 
28906      INFO  main            d.u.i.k.p.r.p.TestFile    Now processing file /home/runner/work/key/key/key.core/../key.ui/examples/heap/list/ArrayList_ArrayList.key 
28907      INFO  main            d.u.i.k.p.i.AbstractProblemLoader Loading environment from /home/runner/work/key/key/key.core/../key.ui/examples/heap/list/ArrayList_ArrayList.key 
28908      DEBUG main            d.u.i.k.p.i.AbstractProblemLoader Environment load took 395.5ns 
28912      INFO  main            d.u.i.k.p.i.AbstractProblemLoader Creating init config 
30503      DEBUG main            d.u.i.k.j.r.ClassPreparationMethodBuilder clPrepBuilder: Inner Class detected. Reject building class initialisation methods. 
33656      DEBUG main            d.u.i.k.p.i.AbstractProblemLoader Init config took 4.74s 
33793      INFO  main            d.u.i.k.p.i.AbstractProblemLoader Replaying proof ArrayList[ArrayList::ArrayList()].JML normal_behavior operation contract.0 
33798      DEBUG main            d.u.i.k.p.i.IntermediateProofReplayer Proof replay took 7.9ns 
35928      INFO  main            d.u.i.k.p.r.p.TestFile    ... finished proof: closed. 
36145      INFO  main            d.u.i.k.p.i.AbstractProblemLoader Loading environment from /home/runner/work/key/key/key.core/../key.ui/examples/heap/list/ArrayList_ArrayList.key.proof 
36146      DEBUG main            d.u.i.k.p.i.AbstractProblemLoader Environment load took 957.59ns 
36148      INFO  main            d.u.i.k.p.i.AbstractProblemLoader Creating init config 
37627      DEBUG main            d.u.i.k.j.r.ClassPreparationMethodBuilder clPrepBuilder: Inner Class detected. Reject building class initialisation methods. 
40835      DEBUG main            d.u.i.k.p.i.AbstractProblemLoader Init config took 4.69s 
40917      INFO  main            d.u.i.k.p.i.AbstractProblemLoader Replaying proof ArrayList[ArrayList::ArrayList()].JML normal_behavior operation contract.0 
41340      DEBUG main            d.u.i.k.p.i.IntermediateProofReplayer Proof replay took 405.44ms 
41343      DEBUG main            d.u.i.k.p.r.p.TestFile    ... success: reloaded. 
41345      INFO  main            d.u.i.k.p.r.p.TestFile    Now processing file /home/runner/work/key/key/key.core/../key.ui/examples/heap/list/ArrayList_concatenate.key 
41346      INFO  main            d.u.i.k.p.i.AbstractProblemLoader Loading environment from /home/runner/work/key/key/key.core/../key.ui/examples/heap/list/ArrayList_concatenate.key 
41346      DEBUG main            d.u.i.k.p.i.AbstractProblemLoader Environment load took 297.8ns 
41348      INFO  main            d.u.i.k.p.i.AbstractProblemLoader Creating init config 
42803      DEBUG main            d.u.i.k.j.r.ClassPreparationMethodBuilder clPrepBuilder: Inner Class detected. Reject building class initialisation methods. 
45940      DEBUG main            d.u.i.k.p.i.AbstractProblemLoader Init config took 4.59s 
46031      INFO  main            d.u.i.k.p.i.AbstractProblemLoader Replaying proof ArrayList[List::concatenate(List)].JML normal_behavior operation contract.0 
46034      DEBUG main            d.u.i.k.p.i.IntermediateProofReplayer Proof replay took 7ns 
80848      INFO  main            d.u.i.k.p.r.p.TestFile    ... finished proof: closed. 
81188      INFO  main            d.u.i.k.p.i.AbstractProblemLoader Loading environment from /home/runner/work/key/key/key.core/../key.ui/examples/heap/list/ArrayList_concatenate.key.proof 
81189      DEBUG main            d.u.i.k.p.i.AbstractProblemLoader Environment load took 646.49ns 
81197      INFO  main            d.u.i.k.p.i.AbstractProblemLoader Creating init config 
82567      DEBUG main            d.u.i.k.j.r.ClassPreparationMethodBuilder clPrepBuilder: Inner Class detected. Reject building class initialisation methods. 
85569      DEBUG main            d.u.i.k.p.i.AbstractProblemLoader Init config took 4.37s 
85683      INFO  main            d.u.i.k.p.i.AbstractProblemLoader Replaying proof ArrayList[List::concatenate(List)].JML normal_behavior operation contract.0 
89178      DEBUG main            d.u.i.k.p.i.IntermediateProofReplayer Proof replay took 3.41s 
89183      DEBUG main            d.u.i.k.p.r.p.TestFile    ... success: reloaded. 
89186      INFO  main            d.u.i.k.p.r.p.TestFile    Now processing file /home/runner/work/key/key/key.core/../key.ui/examples/heap/list/ArrayList_contains_dep.key 
89186      INFO  main            d.u.i.k.p.i.AbstractProblemLoader Loading environment from /home/runner/work/key/key/key.core/../key.ui/examples/heap/list/ArrayList_contains_dep.key 
89187      DEBUG main            d.u.i.k.p.i.AbstractProblemLoader Environment load took 288.8ns 
89188      INFO  main            d.u.i.k.p.i.AbstractProblemLoader Creating init config 
90688      DEBUG main            d.u.i.k.j.r.ClassPreparationMethodBuilder clPrepBuilder: Inner Class detected. Reject building class initialisation methods. 
93837      DEBUG main            d.u.i.k.p.i.AbstractProblemLoader Init config took 4.65s 
93918      INFO  main            d.u.i.k.p.i.AbstractProblemLoader Replaying proof ArrayList[List::contains(java.lang.Object)].JML accessible clause.0 
93922      DEBUG main            d.u.i.k.p.i.IntermediateProofReplayer Proof replay took 7ns 
97981      INFO  main            d.u.i.k.p.r.p.TestFile    ... finished proof: closed. 
98306      INFO  main            d.u.i.k.p.i.AbstractProblemLoader Loading environment from /home/runner/work/key/key/key.core/../key.ui/examples/heap/list/ArrayList_contains_dep.key.proof 
98307      DEBUG main            d.u.i.k.p.i.AbstractProblemLoader Environment load took 633.69ns 
98309      INFO  main            d.u.i.k.p.i.AbstractProblemLoader Creating init config 
99691      DEBUG main            d.u.i.k.j.r.ClassPreparationMethodBuilder clPrepBuilder: Inner Class detected. Reject building class initialisation methods. 
102806     DEBUG main            d.u.i.k.p.i.AbstractProblemLoader Init config took 4.5s 
102913     INFO  main            d.u.i.k.p.i.AbstractProblemLoader Replaying proof ArrayList[List::contains(java.lang.Object)].JML accessible clause.0 
103692     DEBUG main            d.u.i.k.p.i.IntermediateProofReplayer Proof replay took 764.89ms 
103695     DEBUG main            d.u.i.k.p.r.p.TestFile    ... success: reloaded. 
103697     INFO  main            d.u.i.k.p.r.p.TestFile    Now processing file /home/runner/work/key/key/key.core/../key.ui/examples/heap/list/ArrayList_enlarge.key 
103697     INFO  main            d.u.i.k.p.i.AbstractProblemLoader Loading environment from /home/runner/work/key/key/key.core/../key.ui/examples/heap/list/ArrayList_enlarge.key 
103698     DEBUG main            d.u.i.k.p.i.AbstractProblemLoader Environment load took 346.6ns 
103699     INFO  main            d.u.i.k.p.i.AbstractProblemLoader Creating init config 
105168     DEBUG main            d.u.i.k.j.r.ClassPreparationMethodBuilder clPrepBuilder: Inner Class detected. Reject building class initialisation methods. 
108208     DEBUG main            d.u.i.k.p.i.AbstractProblemLoader Init config took 4.51s 
108282     INFO  main            d.u.i.k.p.i.AbstractProblemLoader Replaying proof ArrayList[ArrayList::enlarge()].JML normal_behavior operation contract.0 
108285     DEBUG main            d.u.i.k.p.i.IntermediateProofReplayer Proof replay took 6.7ns 
111679     INFO  main            d.u.i.k.p.r.p.TestFile    ... finished proof: closed. 
111958     INFO  main            d.u.i.k.p.i.AbstractProblemLoader Loading environment from /home/runner/work/key/key/key.core/../key.ui/examples/heap/list/ArrayList_enlarge.key.proof 
111961     DEBUG main            d.u.i.k.p.i.AbstractProblemLoader Environment load took 2.98ms 
111964     INFO  main            d.u.i.k.p.i.AbstractProblemLoader Creating init config 
113360     DEBUG main            d.u.i.k.j.r.ClassPreparationMethodBuilder clPrepBuilder: Inner Class detected. Reject building class initialisation methods. 
116392     DEBUG main            d.u.i.k.p.i.AbstractProblemLoader Init config took 4.43s 
116470     INFO  main            d.u.i.k.p.i.AbstractProblemLoader Replaying proof ArrayList[ArrayList::enlarge()].JML normal_behavior operation contract.0 
117087     DEBUG main            d.u.i.k.p.i.IntermediateProofReplayer Proof replay took 605.95ms 
117089     DEBUG main            d.u.i.k.p.r.p.TestFile    ... success: reloaded. 
117091     INFO  main            d.u.i.k.p.r.p.TestFile    Now processing file /home/runner/work/key/key/key.core/../key.ui/examples/heap/list/ArrayList_footprint.key 
117095     INFO  main            d.u.i.k.p.i.AbstractProblemLoader Loading environment from /home/runner/work/key/key/key.core/../key.ui/examples/heap/list/ArrayList_footprint.key 
117096     DEBUG main            d.u.i.k.p.i.AbstractProblemLoader Environment load took 356.1ns 
117097     INFO  main            d.u.i.k.p.i.AbstractProblemLoader Creating init config 
118560     DEBUG main            d.u.i.k.j.r.ClassPreparationMethodBuilder clPrepBuilder: Inner Class detected. Reject building class initialisation methods. 
121608     DEBUG main            d.u.i.k.p.i.AbstractProblemLoader Init config took 4.51s 
121672     INFO  main            d.u.i.k.p.i.AbstractProblemLoader Replaying proof List[List::$footprint()].JML accessible clause.0 
121674     DEBUG main            d.u.i.k.p.i.IntermediateProofReplayer Proof replay took 6.9ns 
121786     INFO  main            d.u.i.k.p.r.p.TestFile    ... finished proof: closed. 
122038     INFO  main            d.u.i.k.p.i.AbstractProblemLoader Loading environment from /home/runner/work/key/key/key.core/../key.ui/examples/heap/list/ArrayList_footprint.key.proof 
122038     DEBUG main            d.u.i.k.p.i.AbstractProblemLoader Environment load took 167.7ns 
122040     INFO  main            d.u.i.k.p.i.AbstractProblemLoader Creating init config 
123407     DEBUG main            d.u.i.k.j.r.ClassPreparationMethodBuilder clPrepBuilder: Inner Class detected. Reject building class initialisation methods. 
126365     DEBUG main            d.u.i.k.p.i.AbstractProblemLoader Init config took 4.33s 
126452     INFO  main            d.u.i.k.p.i.AbstractProblemLoader Replaying proof List[List::$footprint()].JML accessible clause.0 
126459     DEBUG main            d.u.i.k.p.i.IntermediateProofReplayer Proof replay took 1.9ms 
126461     DEBUG main            d.u.i.k.p.r.p.TestFile    ... success: reloaded. 
126465     INFO  main            d.u.i.k.p.r.p.TestFile    Now processing file /home/runner/work/key/key/key.core/../key.ui/examples/heap/list/ArrayList_get_dep.key 
126466     INFO  main            d.u.i.k.p.i.AbstractProblemLoader Loading environment from /home/runner/work/key/key/key.core/../key.ui/examples/heap/list/ArrayList_get_dep.key 
126467     DEBUG main            d.u.i.k.p.i.AbstractProblemLoader Environment load took 275ns 
126468     INFO  main            d.u.i.k.p.i.AbstractProblemLoader Creating init config 
127870     DEBUG main            d.u.i.k.j.r.ClassPreparationMethodBuilder clPrepBuilder: Inner Class detected. Reject building class initialisation methods. 
130835     DEBUG main            d.u.i.k.p.i.AbstractProblemLoader Init config took 4.37s 
130911     INFO  main            d.u.i.k.p.i.AbstractProblemLoader Replaying proof ArrayList[List::get(int)].JML accessible clause.0 
130915     DEBUG main            d.u.i.k.p.i.IntermediateProofReplayer Proof replay took 7.4ns 
131525     INFO  main            d.u.i.k.p.r.p.TestFile    ... finished proof: closed. 
131790     INFO  main            d.u.i.k.p.i.AbstractProblemLoader Loading environment from /home/runner/work/key/key/key.core/../key.ui/examples/heap/list/ArrayList_get_dep.key.proof 
131791     DEBUG main            d.u.i.k.p.i.AbstractProblemLoader Environment load took 728.59ns 
131792     INFO  main            d.u.i.k.p.i.AbstractProblemLoader Creating init config 
133199     DEBUG main            d.u.i.k.j.r.ClassPreparationMethodBuilder clPrepBuilder: Inner Class detected. Reject building class initialisation methods. 
136192     DEBUG main            d.u.i.k.p.i.AbstractProblemLoader Init config took 4.4s 
136260     INFO  main            d.u.i.k.p.i.AbstractProblemLoader Replaying proof ArrayList[List::get(int)].JML accessible clause.0 
136381     DEBUG main            d.u.i.k.p.i.IntermediateProofReplayer Proof replay took 116.83ms 
136383     DEBUG main            d.u.i.k.p.r.p.TestFile    ... success: reloaded. 
136385     INFO  main            d.u.i.k.p.r.p.TestFile    Now processing file /home/runner/work/key/key/key.core/../key.ui/examples/heap/list/ArrayList_get_exceptional.key 
136385     INFO  main            d.u.i.k.p.i.AbstractProblemLoader Loading environment from /home/runner/work/key/key/key.core/../key.ui/examples/heap/list/ArrayList_get_exceptional.key 
136385     DEBUG main            d.u.i.k.p.i.AbstractProblemLoader Environment load took 360.8ns 
136387     INFO  main            d.u.i.k.p.i.AbstractProblemLoader Creating init config 
137781     DEBUG main            d.u.i.k.j.r.ClassPreparationMethodBuilder clPrepBuilder: Inner Class detected. Reject building class initialisation methods. 
140717     DEBUG main            d.u.i.k.p.i.AbstractProblemLoader Init config took 4.33s 
140792     INFO  main            d.u.i.k.p.i.AbstractProblemLoader Replaying proof ArrayList[List::get(int)].JML exceptional_behavior operation contract.0 
140795     DEBUG main            d.u.i.k.p.i.IntermediateProofReplayer Proof replay took 6.9ns 
142644     INFO  main            d.u.i.k.p.r.p.TestFile    ... finished proof: closed. 
142991     INFO  main            d.u.i.k.p.i.AbstractProblemLoader Loading environment from /home/runner/work/key/key/key.core/../key.ui/examples/heap/list/ArrayList_get_exceptional.key.proof 
142992     DEBUG main            d.u.i.k.p.i.AbstractProblemLoader Environment load took 639.29ns 
142993     INFO  main            d.u.i.k.p.i.AbstractProblemLoader Creating init config 
144359     DEBUG main            d.u.i.k.j.r.ClassPreparationMethodBuilder clPrepBuilder: Inner Class detected. Reject building class initialisation methods. 
147360     DEBUG main            d.u.i.k.p.i.AbstractProblemLoader Init config took 4.37s 
147434     INFO  main            d.u.i.k.p.i.AbstractProblemLoader Replaying proof ArrayList[List::get(int)].JML exceptional_behavior operation contract.0 
147782     DEBUG main            d.u.i.k.p.i.IntermediateProofReplayer Proof replay took 339.63ms 
147784     DEBUG main            d.u.i.k.p.r.p.TestFile    ... success: reloaded. 
147786     INFO  main            d.u.i.k.p.r.p.TestFile    Now processing file /home/runner/work/key/key/key.core/../key.ui/examples/heap/list/ArrayList_get_normal.key 
147789     INFO  main            d.u.i.k.p.i.AbstractProblemLoader Loading environment from /home/runner/work/key/key/key.core/../key.ui/examples/heap/list/ArrayList_get_normal.key 
147789     DEBUG main            d.u.i.k.p.i.AbstractProblemLoader Environment load took 435.9ns 
147791     INFO  main            d.u.i.k.p.i.AbstractProblemLoader Creating init config 
149269     DEBUG main            d.u.i.k.j.r.ClassPreparationMethodBuilder clPrepBuilder: Inner Class detected. Reject building class initialisation methods. 
152240     DEBUG main            d.u.i.k.p.i.AbstractProblemLoader Init config took 4.45s 
152305     INFO  main            d.u.i.k.p.i.AbstractProblemLoader Replaying proof ArrayList[List::get(int)].JML normal_behavior operation contract.0 
152307     DEBUG main            d.u.i.k.p.i.IntermediateProofReplayer Proof replay took 6.4ns 
152913     INFO  main            d.u.i.k.p.r.p.TestFile    ... finished proof: closed. 
153196     INFO  main            d.u.i.k.p.i.AbstractProblemLoader Loading environment from /home/runner/work/key/key/key.core/../key.ui/examples/heap/list/ArrayList_get_normal.key.proof 
153197     DEBUG main            d.u.i.k.p.i.AbstractProblemLoader Environment load took 617.2ns 
153198     INFO  main            d.u.i.k.p.i.AbstractProblemLoader Creating init config 
154580     DEBUG main            d.u.i.k.j.r.ClassPreparationMethodBuilder clPrepBuilder: Inner Class detected. Reject building class initialisation methods. 
157423     DEBUG main            d.u.i.k.p.i.AbstractProblemLoader Init config took 4.23s 
157489     INFO  main            d.u.i.k.p.i.AbstractProblemLoader Replaying proof ArrayList[List::get(int)].JML normal_behavior operation contract.0 
157612     DEBUG main            d.u.i.k.p.i.IntermediateProofReplayer Proof replay took 117.42ms 
157613     DEBUG main            d.u.i.k.p.r.p.TestFile    ... success: reloaded. 
157615     INFO  main            d.u.i.k.p.r.p.TestFile    Now processing file /home/runner/work/key/key/key.core/../key.ui/examples/heap/list/ArrayList_inv.key 
157615     INFO  main            d.u.i.k.p.i.AbstractProblemLoader Loading environment from /home/runner/work/key/key/key.core/../key.ui/examples/heap/list/ArrayList_inv.key 
157616     DEBUG main            d.u.i.k.p.i.AbstractProblemLoader Environment load took 168.5ns 
157617     INFO  main            d.u.i.k.p.i.AbstractProblemLoader Creating init config 
158975     DEBUG main            d.u.i.k.j.r.ClassPreparationMethodBuilder clPrepBuilder: Inner Class detected. Reject building class initialisation methods. 
161897     DEBUG main            d.u.i.k.p.i.AbstractProblemLoader Init config took 4.28s 
161967     INFO  main            d.u.i.k.p.i.AbstractProblemLoader Replaying proof ArrayList[java.lang.Object::<inv>()].JML accessible clause.0 
161973     DEBUG main            d.u.i.k.p.i.IntermediateProofReplayer Proof replay took 8.6ns 
162477     INFO  main            d.u.i.k.p.r.p.TestFile    ... finished proof: closed. 
162802     INFO  main            d.u.i.k.p.i.AbstractProblemLoader Loading environment from /home/runner/work/key/key/key.core/../key.ui/examples/heap/list/ArrayList_inv.key.proof 
162803     DEBUG main            d.u.i.k.p.i.AbstractProblemLoader Environment load took 748.59ns 
162805     INFO  main            d.u.i.k.p.i.AbstractProblemLoader Creating init config 
164169     DEBUG main            d.u.i.k.j.r.ClassPreparationMethodBuilder clPrepBuilder: Inner Class detected. Reject building class initialisation methods. 
167175     DEBUG main            d.u.i.k.p.i.AbstractProblemLoader Init config took 4.37s 
167241     INFO  main            d.u.i.k.p.i.AbstractProblemLoader Replaying proof ArrayList[java.lang.Object::<inv>()].JML accessible clause.0 
167311     DEBUG main            d.u.i.k.p.i.IntermediateProofReplayer Proof replay took 64.35ms 
167314     DEBUG main            d.u.i.k.p.r.p.TestFile    ... success: reloaded. 
167316     INFO  main            d.u.i.k.p.r.p.TestFile    Now processing file /home/runner/work/key/key/key.core/../key.ui/examples/heap/list/ArrayList_iterator.key 
167316     INFO  main            d.u.i.k.p.i.AbstractProblemLoader Loading environment from /home/runner/work/key/key/key.core/../key.ui/examples/heap/list/ArrayList_iterator.key 
167317     DEBUG main            d.u.i.k.p.i.AbstractProblemLoader Environment load took 457.9ns 
167318     INFO  main            d.u.i.k.p.i.AbstractProblemLoader Creating init config 
168700     DEBUG main            d.u.i.k.j.r.ClassPreparationMethodBuilder clPrepBuilder: Inner Class detected. Reject building class initialisation methods. 
171680     DEBUG main            d.u.i.k.p.i.AbstractProblemLoader Init config took 4.36s 
171772     INFO  main            d.u.i.k.p.i.AbstractProblemLoader Replaying proof ArrayList[List::iterator()].JML normal_behavior operation contract.0 
171774     DEBUG main            d.u.i.k.p.i.IntermediateProofReplayer Proof replay took 7.3ns 
172479     INFO  main            d.u.i.k.p.r.p.TestFile    ... finished proof: closed. 
172821     INFO  main            d.u.i.k.p.i.AbstractProblemLoader Loading environment from /home/runner/work/key/key/key.core/../key.ui/examples/heap/list/ArrayList_iterator.key.proof 
172821     DEBUG main            d.u.i.k.p.i.AbstractProblemLoader Environment load took 185.4ns 
172822     INFO  main            d.u.i.k.p.i.AbstractProblemLoader Creating init config 
174184     DEBUG main            d.u.i.k.j.r.ClassPreparationMethodBuilder clPrepBuilder: Inner Class detected. Reject building class initialisation methods. 
177137     DEBUG main            d.u.i.k.p.i.AbstractProblemLoader Init config took 4.31s 
177200     INFO  main            d.u.i.k.p.i.AbstractProblemLoader Replaying proof ArrayList[List::iterator()].JML normal_behavior operation contract.0 
177349     DEBUG main            d.u.i.k.p.i.IntermediateProofReplayer Proof replay took 141.35ms 
177351     DEBUG main            d.u.i.k.p.r.p.TestFile    ... success: reloaded. 
177352     INFO  main            d.u.i.k.p.r.p.TestFile    Now processing file /home/runner/work/key/key/key.core/../key.ui/examples/heap/list/ArrayList_size_dep.key 
177353     INFO  main            d.u.i.k.p.i.AbstractProblemLoader Loading environment from /home/runner/work/key/key/key.core/../key.ui/examples/heap/list/ArrayList_size_dep.key 
177353     DEBUG main            d.u.i.k.p.i.AbstractProblemLoader Environment load took 159.3ns 
177354     INFO  main            d.u.i.k.p.i.AbstractProblemLoader Creating init config 
178821     DEBUG main            d.u.i.k.j.r.ClassPreparationMethodBuilder clPrepBuilder: Inner Class detected. Reject building class initialisation methods. 
181873     DEBUG main            d.u.i.k.p.i.AbstractProblemLoader Init config took 4.52s 
181938     INFO  main            d.u.i.k.p.i.AbstractProblemLoader Replaying proof ArrayList[List::size()].JML accessible clause.0 
181940     DEBUG main            d.u.i.k.p.i.IntermediateProofReplayer Proof replay took 7.4ns 
182143     INFO  main            d.u.i.k.p.r.p.TestFile    ... finished proof: closed. 
182452     INFO  main            d.u.i.k.p.i.AbstractProblemLoader Loading environment from /home/runner/work/key/key/key.core/../key.ui/examples/heap/list/ArrayList_size_dep.key.proof 
182453     DEBUG main            d.u.i.k.p.i.AbstractProblemLoader Environment load took 143.6ns 
182454     INFO  main            d.u.i.k.p.i.AbstractProblemLoader Creating init config 
183915     DEBUG main            d.u.i.k.j.r.ClassPreparationMethodBuilder clPrepBuilder: Inner Class detected. Reject building class initialisation methods. 
187017     DEBUG main            d.u.i.k.p.i.AbstractProblemLoader Init config took 4.56s 
187080     INFO  main            d.u.i.k.p.i.AbstractProblemLoader Replaying proof ArrayList[List::size()].JML accessible clause.0 
187119     DEBUG main            d.u.i.k.p.i.IntermediateProofReplayer Proof replay took 35.4ms 
187120     DEBUG main            d.u.i.k.p.r.p.TestFile    ... success: reloaded. 
187122     INFO  main            d.u.i.k.p.r.p.TestFile    Now processing file /home/runner/work/key/key/key.core/../key.ui/examples/heap/list/ArrayList_size.key 
187122     INFO  main            d.u.i.k.p.i.AbstractProblemLoader Loading environment from /home/runner/work/key/key/key.core/../key.ui/examples/heap/list/ArrayList_size.key 
187122     DEBUG main            d.u.i.k.p.i.AbstractProblemLoader Environment load took 300.9ns 
187124     INFO  main            d.u.i.k.p.i.AbstractProblemLoader Creating init config 
188525     DEBUG main            d.u.i.k.j.r.ClassPreparationMethodBuilder clPrepBuilder: Inner Class detected. Reject building class initialisation methods. 
191547     DEBUG main            d.u.i.k.p.i.AbstractProblemLoader Init config took 4.42s 
191619     INFO  main            d.u.i.k.p.i.AbstractProblemLoader Replaying proof ArrayList[List::size()].JML normal_behavior operation contract.0 
191622     DEBUG main            d.u.i.k.p.i.IntermediateProofReplayer Proof replay took 7.7ns 
191926     INFO  main            d.u.i.k.p.r.p.TestFile    ... finished proof: closed. 
192259     INFO  main            d.u.i.k.p.i.AbstractProblemLoader Loading environment from /home/runner/work/key/key/key.core/../key.ui/examples/heap/list/ArrayList_size.key.proof 
192260     DEBUG main            d.u.i.k.p.i.AbstractProblemLoader Environment load took 671.1ns 
192261     INFO  main            d.u.i.k.p.i.AbstractProblemLoader Creating init config 
193653     DEBUG main            d.u.i.k.j.r.ClassPreparationMethodBuilder clPrepBuilder: Inner Class detected. Reject building class initialisation methods. 
196644     DEBUG main            d.u.i.k.p.i.AbstractProblemLoader Init config took 4.38s 
196710     INFO  main            d.u.i.k.p.i.AbstractProblemLoader Replaying proof ArrayList[List::size()].JML normal_behavior operation contract.0 
196766     DEBUG main            d.u.i.k.p.i.IntermediateProofReplayer Proof replay took 53.12ms 
196768     DEBUG main            d.u.i.k.p.r.p.TestFile    ... success: reloaded. 
196769     INFO  main            d.u.i.k.p.r.p.TestFile    Now processing file /home/runner/work/key/key/key.core/../key.ui/examples/heap/list/ArrayList.ArrayListIterator_ArrayListIterator.key 
196769     INFO  main            d.u.i.k.p.i.AbstractProblemLoader Loading environment from /home/runner/work/key/key/key.core/../key.ui/examples/heap/list/ArrayList.ArrayListIterator_ArrayListIterator.key 
196770     DEBUG main            d.u.i.k.p.i.AbstractProblemLoader Environment load took 150.89ns 
196771     INFO  main            d.u.i.k.p.i.AbstractProblemLoader Creating init config 
198149     DEBUG main            d.u.i.k.j.r.ClassPreparationMethodBuilder clPrepBuilder: Inner Class detected. Reject building class initialisation methods. 
201117     DEBUG main            d.u.i.k.p.i.AbstractProblemLoader Init config took 4.35s 
201203     INFO  main            d.u.i.k.p.i.AbstractProblemLoader Replaying proof ArrayList.ArrayListIterator[ArrayList.ArrayListIterator::ArrayListIterator(ArrayList)].JML normal_behavior operation contract.0 
201205     DEBUG main            d.u.i.k.p.i.IntermediateProofReplayer Proof replay took 7.1ns 
202110     INFO  main            d.u.i.k.p.r.p.TestFile    ... finished proof: closed. 
202475     INFO  main            d.u.i.k.p.i.AbstractProblemLoader Loading environment from /home/runner/work/key/key/key.core/../key.ui/examples/heap/list/ArrayList.ArrayListIterator_ArrayListIterator.key.proof 
202475     DEBUG main            d.u.i.k.p.i.AbstractProblemLoader Environment load took 148.01ns 
202477     INFO  main            d.u.i.k.p.i.AbstractProblemLoader Creating init config 
203764     DEBUG main            d.u.i.k.j.r.ClassPreparationMethodBuilder clPrepBuilder: Inner Class detected. Reject building class initialisation methods. 
206725     DEBUG main            d.u.i.k.p.i.AbstractProblemLoader Init config took 4.25s 
206805     INFO  main            d.u.i.k.p.i.AbstractProblemLoader Replaying proof ArrayList.ArrayListIterator[ArrayList.ArrayListIterator::ArrayListIterator(ArrayList)].JML normal_behavior operation contract.0 
206975     DEBUG main            d.u.i.k.p.i.IntermediateProofReplayer Proof replay took 163.2ms 
206976     DEBUG main            d.u.i.k.p.r.p.TestFile    ... success: reloaded. 
206978     INFO  main            d.u.i.k.p.r.p.TestFile    Now processing file /home/runner/work/key/key/key.core/../key.ui/examples/heap/list/ArrayList.ArrayListIterator_hasNext_dep.key 
206978     INFO  main            d.u.i.k.p.i.AbstractProblemLoader Loading environment from /home/runner/work/key/key/key.core/../key.ui/examples/heap/list/ArrayList.ArrayListIterator_hasNext_dep.key 
206978     DEBUG main            d.u.i.k.p.i.AbstractProblemLoader Environment load took 228.01ns 
206980     INFO  main            d.u.i.k.p.i.AbstractProblemLoader Creating init config 
208312     DEBUG main            d.u.i.k.j.r.ClassPreparationMethodBuilder clPrepBuilder: Inner Class detected. Reject building class initialisation methods. 
211266     DEBUG main            d.u.i.k.p.i.AbstractProblemLoader Init config took 4.29s 
211346     INFO  main            d.u.i.k.p.i.AbstractProblemLoader Replaying proof ArrayList.ArrayListIterator[ListIterator::hasNext()].JML accessible clause.0 
211348     DEBUG main            d.u.i.k.p.i.IntermediateProofReplayer Proof replay took 6.6ns 
211852     INFO  main            d.u.i.k.p.r.p.TestFile    ... finished proof: closed. 
212166     INFO  main            d.u.i.k.p.i.AbstractProblemLoader Loading environment from /home/runner/work/key/key/key.core/../key.ui/examples/heap/list/ArrayList.ArrayListIterator_hasNext_dep.key.proof 
212166     DEBUG main            d.u.i.k.p.i.AbstractProblemLoader Environment load took 139.4ns 
212167     INFO  main            d.u.i.k.p.i.AbstractProblemLoader Creating init config 
213439     DEBUG main            d.u.i.k.j.r.ClassPreparationMethodBuilder clPrepBuilder: Inner Class detected. Reject building class initialisation methods. 
216219     DEBUG main            d.u.i.k.p.i.AbstractProblemLoader Init config took 4.05s 
216295     INFO  main            d.u.i.k.p.i.AbstractProblemLoader Replaying proof ArrayList.ArrayListIterator[ListIterator::hasNext()].JML accessible clause.0 
216388     DEBUG main            d.u.i.k.p.i.IntermediateProofReplayer Proof replay took 88.96ms 
216390     DEBUG main            d.u.i.k.p.r.p.TestFile    ... success: reloaded. 
216391     INFO  main            d.u.i.k.p.r.p.TestFile    Now processing file /home/runner/work/key/key/key.core/../key.ui/examples/heap/list/ArrayList.ArrayListIterator_hasNext.key 
216392     INFO  main            d.u.i.k.p.i.AbstractProblemLoader Loading environment from /home/runner/work/key/key/key.core/../key.ui/examples/heap/list/ArrayList.ArrayListIterator_hasNext.key 
216392     DEBUG main            d.u.i.k.p.i.AbstractProblemLoader Environment load took 271.1ns 
216393     INFO  main            d.u.i.k.p.i.AbstractProblemLoader Creating init config 
217749     DEBUG main            d.u.i.k.j.r.ClassPreparationMethodBuilder clPrepBuilder: Inner Class detected. Reject building class initialisation methods. 
220655     DEBUG main            d.u.i.k.p.i.AbstractProblemLoader Init config took 4.26s 
220738     INFO  main            d.u.i.k.p.i.AbstractProblemLoader Replaying proof ArrayList.ArrayListIterator[ListIterator::hasNext()].JML normal_behavior operation contract.0 
220741     DEBUG main            d.u.i.k.p.i.IntermediateProofReplayer Proof replay took 6.4ns 
221244     INFO  main            d.u.i.k.p.r.p.TestFile    ... finished proof: closed. 
221583     INFO  main            d.u.i.k.p.i.AbstractProblemLoader Loading environment from /home/runner/work/key/key/key.core/../key.ui/examples/heap/list/ArrayList.ArrayListIterator_hasNext.key.proof 
221584     DEBUG main            d.u.i.k.p.i.AbstractProblemLoader Environment load took 629.6ns 
221587     INFO  main            d.u.i.k.p.i.AbstractProblemLoader Creating init config 
222863     DEBUG main            d.u.i.k.j.r.ClassPreparationMethodBuilder clPrepBuilder: Inner Class detected. Reject building class initialisation methods. 
225700     DEBUG main            d.u.i.k.p.i.AbstractProblemLoader Init config took 4.11s 
225769     INFO  main            d.u.i.k.p.i.AbstractProblemLoader Replaying proof ArrayList.ArrayListIterator[ListIterator::hasNext()].JML normal_behavior operation contract.0 
225852     DEBUG main            d.u.i.k.p.i.IntermediateProofReplayer Proof replay took 79.81ms 
225854     DEBUG main            d.u.i.k.p.r.p.TestFile    ... success: reloaded. 
225855     INFO  main            d.u.i.k.p.r.p.TestFile    Now processing file /home/runner/work/key/key/key.core/../key.ui/examples/heap/list/ArrayList.ArrayListIterator_inv.key 
225855     INFO  main            d.u.i.k.p.i.AbstractProblemLoader Loading environment from /home/runner/work/key/key/key.core/../key.ui/examples/heap/list/ArrayList.ArrayListIterator_inv.key 
225856     DEBUG main            d.u.i.k.p.i.AbstractProblemLoader Environment load took 127ns 
225857     INFO  main            d.u.i.k.p.i.AbstractProblemLoader Creating init config 
227173     DEBUG main            d.u.i.k.j.r.ClassPreparationMethodBuilder clPrepBuilder: Inner Class detected. Reject building class initialisation methods. 
229923     DEBUG main            d.u.i.k.p.i.AbstractProblemLoader Init config took 4.07s 
229991     INFO  main            d.u.i.k.p.i.AbstractProblemLoader Replaying proof ArrayList.ArrayListIterator[java.lang.Object::<inv>()].JML accessible clause.0 
229993     DEBUG main            d.u.i.k.p.i.IntermediateProofReplayer Proof replay took 7.2ns 
231231     INFO  main            d.u.i.k.p.r.p.TestFile    ... finished proof: closed. 
231596     INFO  main            d.u.i.k.p.i.AbstractProblemLoader Loading environment from /home/runner/work/key/key/key.core/../key.ui/examples/heap/list/ArrayList.ArrayListIterator_inv.key.proof 
231597     DEBUG main            d.u.i.k.p.i.AbstractProblemLoader Environment load took 244.8ns 
231598     INFO  main            d.u.i.k.p.i.AbstractProblemLoader Creating init config 
232838     DEBUG main            d.u.i.k.j.r.ClassPreparationMethodBuilder clPrepBuilder: Inner Class detected. Reject building class initialisation methods. 
235644     DEBUG main            d.u.i.k.p.i.AbstractProblemLoader Init config took 4.05s 
235725     INFO  main            d.u.i.k.p.i.AbstractProblemLoader Replaying proof ArrayList.ArrayListIterator[java.lang.Object::<inv>()].JML accessible clause.0 
235877     DEBUG main            d.u.i.k.p.i.IntermediateProofReplayer Proof replay took 145.98ms 
235879     DEBUG main            d.u.i.k.p.r.p.TestFile    ... success: reloaded. 
235881     INFO  main            d.u.i.k.p.r.p.TestFile    Now processing file /home/runner/work/key/key/key.core/../key.ui/examples/heap/list/ArrayList.ArrayListIterator_list.key 
235881     INFO  main            d.u.i.k.p.i.AbstractProblemLoader Loading environment from /home/runner/work/key/key/key.core/../key.ui/examples/heap/list/ArrayList.ArrayListIterator_list.key 
235881     DEBUG main            d.u.i.k.p.i.AbstractProblemLoader Environment load took 310.8ns 
235886     INFO  main            d.u.i.k.p.i.AbstractProblemLoader Creating init config 
237159     DEBUG main            d.u.i.k.j.r.ClassPreparationMethodBuilder clPrepBuilder: Inner Class detected. Reject building class initialisation methods. 
239931     DEBUG main            d.u.i.k.p.i.AbstractProblemLoader Init config took 4.04s 
239990     INFO  main            d.u.i.k.p.i.AbstractProblemLoader Replaying proof ListIterator[ListIterator::$list()].JML accessible clause.0 
239992     DEBUG main            d.u.i.k.p.i.IntermediateProofReplayer Proof replay took 7.4ns 
240094     INFO  main            d.u.i.k.p.r.p.TestFile    ... finished proof: closed. 
240436     INFO  main            d.u.i.k.p.i.AbstractProblemLoader Loading environment from /home/runner/work/key/key/key.core/../key.ui/examples/heap/list/ArrayList.ArrayListIterator_list.key.proof 
240436     DEBUG main            d.u.i.k.p.i.AbstractProblemLoader Environment load took 140.9ns 
240438     INFO  main            d.u.i.k.p.i.AbstractProblemLoader Creating init config 
241721     DEBUG main            d.u.i.k.j.r.ClassPreparationMethodBuilder clPrepBuilder: Inner Class detected. Reject building class initialisation methods. 
244489     DEBUG main            d.u.i.k.p.i.AbstractProblemLoader Init config took 4.05s 
244541     INFO  main            d.u.i.k.p.i.AbstractProblemLoader Replaying proof ListIterator[ListIterator::$list()].JML accessible clause.0 
244544     DEBUG main            d.u.i.k.p.i.IntermediateProofReplayer Proof replay took 1.5ms 
244545     DEBUG main            d.u.i.k.p.r.p.TestFile    ... success: reloaded. 
244546     INFO  main            d.u.i.k.p.r.p.TestFile    Now processing file /home/runner/work/key/key/key.core/../key.ui/examples/heap/list/ArrayList.ArrayListIterator_next_exceptional.key 
244547     INFO  main            d.u.i.k.p.i.AbstractProblemLoader Loading environment from /home/runner/work/key/key/key.core/../key.ui/examples/heap/list/ArrayList.ArrayListIterator_next_exceptional.key 
244547     DEBUG main            d.u.i.k.p.i.AbstractProblemLoader Environment load took 128.6ns 
244548     INFO  main            d.u.i.k.p.i.AbstractProblemLoader Creating init config 
245864     DEBUG main            d.u.i.k.j.r.ClassPreparationMethodBuilder clPrepBuilder: Inner Class detected. Reject building class initialisation methods. 
248605     DEBUG main            d.u.i.k.p.i.AbstractProblemLoader Init config took 4.06s 
248676     INFO  main            d.u.i.k.p.i.AbstractProblemLoader Replaying proof ArrayList.ArrayListIterator[ListIterator::next()].JML exceptional_behavior operation contract.0 
248678     DEBUG main            d.u.i.k.p.i.IntermediateProofReplayer Proof replay took 6.8ns 
249785     INFO  main            d.u.i.k.p.r.p.TestFile    ... finished proof: closed. 
250158     INFO  main            d.u.i.k.p.i.AbstractProblemLoader Loading environment from /home/runner/work/key/key/key.core/../key.ui/examples/heap/list/ArrayList.ArrayListIterator_next_exceptional.key.proof 
250159     DEBUG main            d.u.i.k.p.i.AbstractProblemLoader Environment load took 516.5ns 
250160     INFO  main            d.u.i.k.p.i.AbstractProblemLoader Creating init config 
251501     DEBUG main            d.u.i.k.j.r.ClassPreparationMethodBuilder clPrepBuilder: Inner Class detected. Reject building class initialisation methods. 
254384     DEBUG main            d.u.i.k.p.i.AbstractProblemLoader Init config took 4.22s 
254455     INFO  main            d.u.i.k.p.i.AbstractProblemLoader Replaying proof ArrayList.ArrayListIterator[ListIterator::next()].JML exceptional_behavior operation contract.0 
254687     DEBUG main            d.u.i.k.p.i.IntermediateProofReplayer Proof replay took 225.11ms 
254689     DEBUG main            d.u.i.k.p.r.p.TestFile    ... success: reloaded. 
254690     INFO  main            d.u.i.k.p.r.p.TestFile    Now processing file /home/runner/work/key/key/key.core/../key.ui/examples/heap/list/ArrayList.ArrayListIterator_next_normal.key 
254690     INFO  main            d.u.i.k.p.i.AbstractProblemLoader Loading environment from /home/runner/work/key/key/key.core/../key.ui/examples/heap/list/ArrayList.ArrayListIterator_next_normal.key 
254690     DEBUG main            d.u.i.k.p.i.AbstractProblemLoader Environment load took 160.5ns 
254692     INFO  main            d.u.i.k.p.i.AbstractProblemLoader Creating init config 
256030     DEBUG main            d.u.i.k.j.r.ClassPreparationMethodBuilder clPrepBuilder: Inner Class detected. Reject building class initialisation methods. 
258906     DEBUG main            d.u.i.k.p.i.AbstractProblemLoader Init config took 4.21s 
258975     INFO  main            d.u.i.k.p.i.AbstractProblemLoader Replaying proof ArrayList.ArrayListIterator[ListIterator::next()].JML normal_behavior operation contract.0 
258978     DEBUG main            d.u.i.k.p.i.IntermediateProofReplayer Proof replay took 7.2ns 
260284     INFO  main            d.u.i.k.p.r.p.TestFile    ... finished proof: closed. 
260761     INFO  main            d.u.i.k.p.i.AbstractProblemLoader Loading environment from /home/runner/work/key/key/key.core/../key.ui/examples/heap/list/ArrayList.ArrayListIterator_next_normal.key.proof 
260761     DEBUG main            d.u.i.k.p.i.AbstractProblemLoader Environment load took 542.3ns 
260763     INFO  main            d.u.i.k.p.i.AbstractProblemLoader Creating init config 
262031     DEBUG main            d.u.i.k.j.r.ClassPreparationMethodBuilder clPrepBuilder: Inner Class detected. Reject building class initialisation methods. 
264782     DEBUG main            d.u.i.k.p.i.AbstractProblemLoader Init config took 4.02s 
264854     INFO  main            d.u.i.k.p.i.AbstractProblemLoader Replaying proof ArrayList.ArrayListIterator[ListIterator::next()].JML normal_behavior operation contract.0 
265125     DEBUG main            d.u.i.k.p.i.IntermediateProofReplayer Proof replay took 263.05ms 
265126     DEBUG main            d.u.i.k.p.r.p.TestFile    ... success: reloaded. 
265127     INFO  main            d.u.i.k.p.r.p.TestFile    Now processing file /home/runner/work/key/key/key.core/../key.ui/examples/heap/list/ArrayList.ArrayListIterator_pos.key 
265128     INFO  main            d.u.i.k.p.i.AbstractProblemLoader Loading environment from /home/runner/work/key/key/key.core/../key.ui/examples/heap/list/ArrayList.ArrayListIterator_pos.key 
265128     DEBUG main            d.u.i.k.p.i.AbstractProblemLoader Environment load took 119.7ns 
265129     INFO  main            d.u.i.k.p.i.AbstractProblemLoader Creating init config 
266473     DEBUG main            d.u.i.k.j.r.ClassPreparationMethodBuilder clPrepBuilder: Inner Class detected. Reject building class initialisation methods. 
269258     DEBUG main            d.u.i.k.p.i.AbstractProblemLoader Init config took 4.13s 
269310     INFO  main            d.u.i.k.p.i.AbstractProblemLoader Replaying proof ListIterator[ListIterator::$pos()].JML accessible clause.0 
269312     DEBUG main            d.u.i.k.p.i.IntermediateProofReplayer Proof replay took 7.2ns 
269416     INFO  main            d.u.i.k.p.r.p.TestFile    ... finished proof: closed. 
269799     INFO  main            d.u.i.k.p.i.AbstractProblemLoader Loading environment from /home/runner/work/key/key/key.core/../key.ui/examples/heap/list/ArrayList.ArrayListIterator_pos.key.proof 
269799     DEBUG main            d.u.i.k.p.i.AbstractProblemLoader Environment load took 166.7ns 
269800     INFO  main            d.u.i.k.p.i.AbstractProblemLoader Creating init config 
271080     DEBUG main            d.u.i.k.j.r.ClassPreparationMethodBuilder clPrepBuilder: Inner Class detected. Reject building class initialisation methods. 
273861     DEBUG main            d.u.i.k.p.i.AbstractProblemLoader Init config took 4.06s 
273914     INFO  main            d.u.i.k.p.i.AbstractProblemLoader Replaying proof ListIterator[ListIterator::$pos()].JML accessible clause.0 
273917     DEBUG main            d.u.i.k.p.i.IntermediateProofReplayer Proof replay took 1.39ms 
273918     DEBUG main            d.u.i.k.p.r.p.TestFile    ... success: reloaded. 
273920     INFO  main            d.u.i.k.p.r.p.TestFile    Now processing file /home/runner/work/key/key/key.core/../key.ui/examples/heap/list/Client_m.key 
273921     INFO  main            d.u.i.k.p.i.AbstractProblemLoader Loading environment from /home/runner/work/key/key/key.core/../key.ui/examples/heap/list/Client_m.key 
273921     DEBUG main            d.u.i.k.p.i.AbstractProblemLoader Environment load took 153.6ns 
273922     INFO  main            d.u.i.k.p.i.AbstractProblemLoader Creating init config 
275254     DEBUG main            d.u.i.k.j.r.ClassPreparationMethodBuilder clPrepBuilder: Inner Class detected. Reject building class initialisation methods. 
278147     DEBUG main            d.u.i.k.p.i.AbstractProblemLoader Init config took 4.23s 
278202     INFO  main            d.u.i.k.p.i.AbstractProblemLoader Replaying proof Client[Client::m(List)].JML normal_behavior operation contract.0 
278204     DEBUG main            d.u.i.k.p.i.IntermediateProofReplayer Proof replay took 7.2ns 
278613     INFO  main            d.u.i.k.p.r.p.TestFile    ... finished proof: closed. 
279010     INFO  main            d.u.i.k.p.i.AbstractProblemLoader Loading environment from /home/runner/work/key/key/key.core/../key.ui/examples/heap/list/Client_m.key.proof 
279011     DEBUG main            d.u.i.k.p.i.AbstractProblemLoader Environment load took 1.69ms 
279013     INFO  main            d.u.i.k.p.i.AbstractProblemLoader Creating init config 
280374     DEBUG main            d.u.i.k.j.r.ClassPreparationMethodBuilder clPrepBuilder: Inner Class detected. Reject building class initialisation methods. 
283237     DEBUG main            d.u.i.k.p.i.AbstractProblemLoader Init config took 4.22s 
283291     INFO  main            d.u.i.k.p.i.AbstractProblemLoader Replaying proof Client[Client::m(List)].JML normal_behavior operation contract.0 
283423     DEBUG main            d.u.i.k.p.i.IntermediateProofReplayer Proof replay took 127.59ms 
283424     DEBUG main            d.u.i.k.p.r.p.TestFile    ... success: reloaded. 
283426     INFO  main            d.u.i.k.p.r.p.TestFile    Now processing file /home/runner/work/key/key/key.core/../key.ui/examples/heap/list/Client_n.key 
283427     INFO  main            d.u.i.k.p.i.AbstractProblemLoader Loading environment from /home/runner/work/key/key/key.core/../key.ui/examples/heap/list/Client_n.key 
283427     DEBUG main            d.u.i.k.p.i.AbstractProblemLoader Environment load took 267.2ns 
283428     INFO  main            d.u.i.k.p.i.AbstractProblemLoader Creating init config 
284748     DEBUG main            d.u.i.k.j.r.ClassPreparationMethodBuilder clPrepBuilder: Inner Class detected. Reject building class initialisation methods. 
287645     DEBUG main            d.u.i.k.p.i.AbstractProblemLoader Init config took 4.22s 
287702     INFO  main            d.u.i.k.p.i.AbstractProblemLoader Replaying proof Client[Client::n(List)].JML normal_behavior operation contract.0 
287703     DEBUG main            d.u.i.k.p.i.IntermediateProofReplayer Proof replay took 6.9ns 
287806     INFO  main            d.u.i.k.p.r.p.TestFile    ... finished proof: closed. 
288213     INFO  main            d.u.i.k.p.i.AbstractProblemLoader Loading environment from /home/runner/work/key/key/key.core/../key.ui/examples/heap/list/Client_n.key.proof 
288214     DEBUG main            d.u.i.k.p.i.AbstractProblemLoader Environment load took 811.29ns 
288216     INFO  main            d.u.i.k.p.i.AbstractProblemLoader Creating init config 
289541     DEBUG main            d.u.i.k.j.r.ClassPreparationMethodBuilder clPrepBuilder: Inner Class detected. Reject building class initialisation methods. 
292283     DEBUG main            d.u.i.k.p.i.AbstractProblemLoader Init config took 4.07s 
292341     INFO  main            d.u.i.k.p.i.AbstractProblemLoader Replaying proof Client[Client::n(List)].JML normal_behavior operation contract.0 
292371     DEBUG main            d.u.i.k.p.i.IntermediateProofReplayer Proof replay took 28.17ms 
292373     DEBUG main            d.u.i.k.p.r.p.TestFile    ... success: reloaded. 
292374     INFO  main            d.u.i.k.p.r.p.TestFile    Now processing file /home/runner/work/key/key/key.core/../key.ui/examples/heap/list/LinkedList_get_exceptional.key 
292374     INFO  main            d.u.i.k.p.i.AbstractProblemLoader Loading environment from /home/runner/work/key/key/key.core/../key.ui/examples/heap/list/LinkedList_get_exceptional.key 
292374     DEBUG main            d.u.i.k.p.i.AbstractProblemLoader Environment load took 160ns 
292375     INFO  main            d.u.i.k.p.i.AbstractProblemLoader Creating init config 
293731     DEBUG main            d.u.i.k.j.r.ClassPreparationMethodBuilder clPrepBuilder: Inner Class detected. Reject building class initialisation methods. 
296689     DEBUG main            d.u.i.k.p.i.AbstractProblemLoader Init config took 4.31s 
296781     INFO  main            d.u.i.k.p.i.AbstractProblemLoader Replaying proof LinkedList[List::get(int)].JML exceptional_behavior operation contract.0 
296782     DEBUG main            d.u.i.k.p.i.IntermediateProofReplayer Proof replay took 51.2ns 
299792     INFO  main            d.u.i.k.p.r.p.TestFile    ... finished proof: closed. 
300212     INFO  main            d.u.i.k.p.i.AbstractProblemLoader Loading environment from /home/runner/work/key/key/key.core/../key.ui/examples/heap/list/LinkedList_get_exceptional.key.proof 
300212     DEBUG main            d.u.i.k.p.i.AbstractProblemLoader Environment load took 131.7ns 
300213     INFO  main            d.u.i.k.p.i.AbstractProblemLoader Creating init config 
301528     DEBUG main            d.u.i.k.j.r.ClassPreparationMethodBuilder clPrepBuilder: Inner Class detected. Reject building class initialisation methods. 
304426     DEBUG main            d.u.i.k.p.i.AbstractProblemLoader Init config took 4.21s 
304486     INFO  main            d.u.i.k.p.i.AbstractProblemLoader Replaying proof LinkedList[List::get(int)].JML exceptional_behavior operation contract.0 
304986     DEBUG main            d.u.i.k.p.i.IntermediateProofReplayer Proof replay took 488.91ms 
304988     DEBUG main            d.u.i.k.p.r.p.TestFile    ... success: reloaded. 
304989     INFO  main            d.u.i.k.p.r.p.TestFile    Now processing file /home/runner/work/key/key/key.core/../key.ui/examples/heap/list/LinkedList_get_normal.key 
304990     INFO  main            d.u.i.k.p.i.AbstractProblemLoader Loading environment from /home/runner/work/key/key/key.core/../key.ui/examples/heap/list/LinkedList_get_normal.key 
304990     DEBUG main            d.u.i.k.p.i.AbstractProblemLoader Environment load took 107.1ns 
304991     INFO  main            d.u.i.k.p.i.AbstractProblemLoader Creating init config 
306352     DEBUG main            d.u.i.k.j.r.ClassPreparationMethodBuilder clPrepBuilder: Inner Class detected. Reject building class initialisation methods. 
309275     DEBUG main            d.u.i.k.p.i.AbstractProblemLoader Init config took 4.28s 
309371     INFO  main            d.u.i.k.p.i.AbstractProblemLoader Replaying proof LinkedList[List::get(int)].JML normal_behavior operation contract.0 
309374     DEBUG main            d.u.i.k.p.i.IntermediateProofReplayer Proof replay took 9.4ns 
316903     INFO  main            d.u.i.k.p.r.p.TestFile    ... finished proof: closed. 
317502     INFO  main            d.u.i.k.p.i.AbstractProblemLoader Loading environment from /home/runner/work/key/key/key.core/../key.ui/examples/heap/list/LinkedList_get_normal.key.proof 
317503     DEBUG main            d.u.i.k.p.i.AbstractProblemLoader Environment load took 554.2ns 
317506     INFO  main            d.u.i.k.p.i.AbstractProblemLoader Creating init config 
318836     DEBUG main            d.u.i.k.j.r.ClassPreparationMethodBuilder clPrepBuilder: Inner Class detected. Reject building class initialisation methods. 
321757     DEBUG main            d.u.i.k.p.i.AbstractProblemLoader Init config took 4.25s 
321816     INFO  main            d.u.i.k.p.i.AbstractProblemLoader Replaying proof LinkedList[List::get(int)].JML normal_behavior operation contract.0 
322541     DEBUG main            d.u.i.k.p.i.IntermediateProofReplayer Proof replay took 700.02ms 
322544     DEBUG main            d.u.i.k.p.r.p.TestFile    ... success: reloaded. 
322545     INFO  main            d.u.i.k.p.r.p.TestFile    Now processing file /home/runner/work/key/key/key.core/../key.ui/examples/heap/list/LinkedList_LinkedList.key 
322546     INFO  main            d.u.i.k.p.i.AbstractProblemLoader Loading environment from /home/runner/work/key/key/key.core/../key.ui/examples/heap/list/LinkedList_LinkedList.key 
322546     DEBUG main            d.u.i.k.p.i.AbstractProblemLoader Environment load took 180.4ns 
322547     INFO  main            d.u.i.k.p.i.AbstractProblemLoader Creating init config 
324051     DEBUG main            d.u.i.k.j.r.ClassPreparationMethodBuilder clPrepBuilder: Inner Class detected. Reject building class initialisation methods. 
327023     DEBUG main            d.u.i.k.p.i.AbstractProblemLoader Init config took 4.48s 
327081     INFO  main            d.u.i.k.p.i.AbstractProblemLoader Replaying proof LinkedList[LinkedList::LinkedList()].JML normal_behavior operation contract.0 
327083     DEBUG main            d.u.i.k.p.i.IntermediateProofReplayer Proof replay took 7.3ns 
327788     INFO  main            d.u.i.k.p.r.p.TestFile    ... finished proof: closed. 
328261     INFO  main            d.u.i.k.p.i.AbstractProblemLoader Loading environment from /home/runner/work/key/key/key.core/../key.ui/examples/heap/list/LinkedList_LinkedList.key.proof 
328261     DEBUG main            d.u.i.k.p.i.AbstractProblemLoader Environment load took 145.6ns 
328263     INFO  main            d.u.i.k.p.i.AbstractProblemLoader Creating init config 
329683     DEBUG main            d.u.i.k.j.r.ClassPreparationMethodBuilder clPrepBuilder: Inner Class detected. Reject building class initialisation methods. 
332606     DEBUG main            d.u.i.k.p.i.AbstractProblemLoader Init config took 4.34s 
332677     INFO  main            d.u.i.k.p.i.AbstractProblemLoader Replaying proof LinkedList[LinkedList::LinkedList()].JML normal_behavior operation contract.0 
332836     DEBUG main            d.u.i.k.p.i.IntermediateProofReplayer Proof replay took 153.2ms 
332837     DEBUG main            d.u.i.k.p.r.p.TestFile    ... success: reloaded. 
332838     INFO  main            d.u.i.k.p.r.p.TestFile    Now processing file /home/runner/work/key/key/key.core/../key.ui/examples/heap/list/LinkedList_size_dep.key 
332839     INFO  main            d.u.i.k.p.i.AbstractProblemLoader Loading environment from /home/runner/work/key/key/key.core/../key.ui/examples/heap/list/LinkedList_size_dep.key 
332839     DEBUG main            d.u.i.k.p.i.AbstractProblemLoader Environment load took 109ns 
332840     INFO  main            d.u.i.k.p.i.AbstractProblemLoader Creating init config 
334213     DEBUG main            d.u.i.k.j.r.ClassPreparationMethodBuilder clPrepBuilder: Inner Class detected. Reject building class initialisation methods. 
337115     DEBUG main            d.u.i.k.p.i.AbstractProblemLoader Init config took 4.28s 
337180     INFO  main            d.u.i.k.p.i.AbstractProblemLoader Replaying proof LinkedList[List::size()].JML accessible clause.0 
337182     DEBUG main            d.u.i.k.p.i.IntermediateProofReplayer Proof replay took 7.9ns 
337909     INFO  main            d.u.i.k.p.r.p.TestFile    ... finished proof: closed. 
338334     INFO  main            d.u.i.k.p.i.AbstractProblemLoader Loading environment from /home/runner/work/key/key/key.core/../key.ui/examples/heap/list/LinkedList_size_dep.key.proof 
338334     DEBUG main            d.u.i.k.p.i.AbstractProblemLoader Environment load took 134ns 
338335     INFO  main            d.u.i.k.p.i.AbstractProblemLoader Creating init config 
339692     DEBUG main            d.u.i.k.j.r.ClassPreparationMethodBuilder clPrepBuilder: Inner Class detected. Reject building class initialisation methods. 
342653     DEBUG main            d.u.i.k.p.i.AbstractProblemLoader Init config took 4.32s 
342714     INFO  main            d.u.i.k.p.i.AbstractProblemLoader Replaying proof LinkedList[List::size()].JML accessible clause.0 
342790     DEBUG main            d.u.i.k.p.i.IntermediateProofReplayer Proof replay took 70.72ms 
342791     DEBUG main            d.u.i.k.p.r.p.TestFile    ... success: reloaded. 
342794     INFO  main            d.u.i.k.p.r.p.TestFile    Now processing file /home/runner/work/key/key/key.core/../key.ui/examples/heap/list/LinkedList_size.key 
342795     INFO  main            d.u.i.k.p.i.AbstractProblemLoader Loading environment from /home/runner/work/key/key/key.core/../key.ui/examples/heap/list/LinkedList_size.key 
342795     DEBUG main            d.u.i.k.p.i.AbstractProblemLoader Environment load took 283.9ns 
342796     INFO  main            d.u.i.k.p.i.AbstractProblemLoader Creating init config 
344211     DEBUG main            d.u.i.k.j.r.ClassPreparationMethodBuilder clPrepBuilder: Inner Class detected. Reject building class initialisation methods. 
347158     DEBUG main            d.u.i.k.p.i.AbstractProblemLoader Init config took 4.36s 
347228     INFO  main            d.u.i.k.p.i.AbstractProblemLoader Replaying proof LinkedList[List::size()].JML normal_behavior operation contract.0 
347230     DEBUG main            d.u.i.k.p.i.IntermediateProofReplayer Proof replay took 7.2ns 
347939     INFO  main            d.u.i.k.p.r.p.TestFile    ... finished proof: closed. 
348399     INFO  main            d.u.i.k.p.i.AbstractProblemLoader Loading environment from /home/runner/work/key/key/key.core/../key.ui/examples/heap/list/LinkedList_size.key.proof 
348399     DEBUG main            d.u.i.k.p.i.AbstractProblemLoader Environment load took 178.5ns 
348400     INFO  main            d.u.i.k.p.i.AbstractProblemLoader Creating init config 
349828     DEBUG main            d.u.i.k.j.r.ClassPreparationMethodBuilder clPrepBuilder: Inner Class detected. Reject building class initialisation methods. 
352784     DEBUG main            d.u.i.k.p.i.AbstractProblemLoader Init config took 4.38s 
352844     INFO  main            d.u.i.k.p.i.AbstractProblemLoader Replaying proof LinkedList[List::size()].JML normal_behavior operation contract.0 
352916     DEBUG main            d.u.i.k.p.i.IntermediateProofReplayer Proof replay took 66.85ms 
352917     DEBUG main            d.u.i.k.p.r.p.TestFile    ... success: reloaded. 
352918     INFO  main            d.u.i.k.p.r.p.TestFile    Now processing file /home/runner/work/key/key/key.core/../key.ui/examples/heap/list/MySet_footprint.key 
352919     INFO  main            d.u.i.k.p.i.AbstractProblemLoader Loading environment from /home/runner/work/key/key/key.core/../key.ui/examples/heap/list/MySet_footprint.key 
352919     DEBUG main            d.u.i.k.p.i.AbstractProblemLoader Environment load took 193.4ns 
352920     INFO  main            d.u.i.k.p.i.AbstractProblemLoader Creating init config 
354327     DEBUG main            d.u.i.k.j.r.ClassPreparationMethodBuilder clPrepBuilder: Inner Class detected. Reject building class initialisation methods. 
357267     DEBUG main            d.u.i.k.p.i.AbstractProblemLoader Init config took 4.35s 
357361     INFO  main            d.u.i.k.p.i.AbstractProblemLoader Replaying proof MySet[MySet::$footprint()].JML accessible clause.0 
357363     DEBUG main            d.u.i.k.p.i.IntermediateProofReplayer Proof replay took 7.5ns 
357766     INFO  main            d.u.i.k.p.r.p.TestFile    ... finished proof: closed. 
358258     INFO  main            d.u.i.k.p.i.AbstractProblemLoader Loading environment from /home/runner/work/key/key/key.core/../key.ui/examples/heap/list/MySet_footprint.key.proof 
358258     DEBUG main            d.u.i.k.p.i.AbstractProblemLoader Environment load took 134.3ns 
358259     INFO  main            d.u.i.k.p.i.AbstractProblemLoader Creating init config 
359604     DEBUG main            d.u.i.k.j.r.ClassPreparationMethodBuilder clPrepBuilder: Inner Class detected. Reject building class initialisation methods. 
362523     DEBUG main            d.u.i.k.p.i.AbstractProblemLoader Init config took 4.26s 
362606     INFO  main            d.u.i.k.p.i.AbstractProblemLoader Replaying proof MySet[MySet::$footprint()].JML accessible clause.0 
362664     DEBUG main            d.u.i.k.p.i.IntermediateProofReplayer Proof replay took 55.21ms 
362666     DEBUG main            d.u.i.k.p.r.p.TestFile    ... success: reloaded. 
362667     INFO  main            d.u.i.k.p.r.p.TestFile    Now processing file /home/runner/work/key/key/key.core/../key.ui/examples/heap/list/MySet_MySet.key 
362667     INFO  main            d.u.i.k.p.i.AbstractProblemLoader Loading environment from /home/runner/work/key/key/key.core/../key.ui/examples/heap/list/MySet_MySet.key 
362667     DEBUG main            d.u.i.k.p.i.AbstractProblemLoader Environment load took 90.1ns 
362668     INFO  main            d.u.i.k.p.i.AbstractProblemLoader Creating init config 
364045     DEBUG main            d.u.i.k.j.r.ClassPreparationMethodBuilder clPrepBuilder: Inner Class detected. Reject building class initialisation methods. 
366984     DEBUG main            d.u.i.k.p.i.AbstractProblemLoader Init config took 4.32s 
367048     INFO  main            d.u.i.k.p.i.AbstractProblemLoader Replaying proof MySet[MySet::MySet()].JML normal_behavior operation contract.0 
367049     DEBUG main            d.u.i.k.p.i.IntermediateProofReplayer Proof replay took 7.4ns 
370572     INFO  main            d.u.i.k.p.r.p.TestFile    ... finished proof: closed. 
371105     INFO  main            d.u.i.k.p.i.AbstractProblemLoader Loading environment from /home/runner/work/key/key/key.core/../key.ui/examples/heap/list/MySet_MySet.key.proof 
371105     DEBUG main            d.u.i.k.p.i.AbstractProblemLoader Environment load took 146.8ns 
371107     INFO  main            d.u.i.k.p.i.AbstractProblemLoader Creating init config 
372450     DEBUG main            d.u.i.k.j.r.ClassPreparationMethodBuilder clPrepBuilder: Inner Class detected. Reject building class initialisation methods. 
375323     DEBUG main            d.u.i.k.p.i.AbstractProblemLoader Init config took 4.22s 
375396     INFO  main            d.u.i.k.p.i.AbstractProblemLoader Replaying proof MySet[MySet::MySet()].JML normal_behavior operation contract.0 
376000     DEBUG main            d.u.i.k.p.i.IntermediateProofReplayer Proof replay took 587.46ms 
376002     DEBUG main            d.u.i.k.p.r.p.TestFile    ... success: reloaded. 
1582742    INFO  Test worker     d.u.i.k.p.r.p.StatisticsFile Returning from test list 
1582754    INFO  Test worker     d.u.i.k.p.r.p.StatisticsFile Running test list_ghost 
592        INFO  Timeout watchdog d.u.i.k.p.r.p.ForkedTestFileRunner Timeout watcher launched (2000 secs.) 
631        WARN  main            d.u.i.k.s.ProofSettings   The settings in /home/runner/.key/proof-settings.props are *not* read. 
697        INFO  main            d.u.i.k.p.r.p.TestFile    Now processing file /home/runner/work/key/key/key.core/../key.ui/examples/heap/list_ghost/ArrayList_add.key 
867        INFO  main            d.u.i.k.p.i.AbstractProblemLoader Loading environment from /home/runner/work/key/key/key.core/../key.ui/examples/heap/list_ghost/ArrayList_add.key 
889        DEBUG main            d.u.i.k.p.i.AbstractProblemLoader Environment load took 2.47ms 
1239       INFO  main            d.u.i.k.p.i.AbstractProblemLoader Creating init config 
2516       DEBUG main            d.u.i.k.j.TypeConverter   No LDT found for Meta 
2516       DEBUG main            d.u.i.k.j.TypeConverter   No LDT found for Meta 
2518       DEBUG main            d.u.i.k.j.TypeConverter   No LDT found for Meta 
2518       DEBUG main            d.u.i.k.j.TypeConverter   No LDT found for Meta 
4971       DEBUG main            d.u.i.k.j.TypeConverter   No LDT found for JavaBigintExpression 
12353      DEBUG main            d.u.i.k.p.i.AbstractProblemLoader Init config took 11.11s 
12536      INFO  main            d.u.i.k.p.i.AbstractProblemLoader Replaying proof ArrayList[List::add(java.lang.Object)].JML normal_behavior operation contract.0 
12586      DEBUG main            d.u.i.k.p.i.IntermediateProofReplayer Proof replay took 44.1ns 
19861      INFO  main            d.u.i.k.p.r.p.TestFile    ... finished proof: closed. 
20208      INFO  main            d.u.i.k.p.i.AbstractProblemLoader Loading environment from /home/runner/work/key/key/key.core/../key.ui/examples/heap/list_ghost/ArrayList_add.key.proof 
20209      DEBUG main            d.u.i.k.p.i.AbstractProblemLoader Environment load took 629.6ns 
20213      INFO  main            d.u.i.k.p.i.AbstractProblemLoader Creating init config 
24428      DEBUG main            d.u.i.k.p.i.AbstractProblemLoader Init config took 4.22s 
24516      INFO  main            d.u.i.k.p.i.AbstractProblemLoader Replaying proof ArrayList[List::add(java.lang.Object)].JML normal_behavior operation contract.0 
25744      DEBUG main            d.u.i.k.p.i.IntermediateProofReplayer Proof replay took 1.19s 
25758      DEBUG main            d.u.i.k.p.r.p.TestFile    ... success: reloaded. 
25761      INFO  main            d.u.i.k.p.r.p.TestFile    Now processing file /home/runner/work/key/key/key.core/../key.ui/examples/heap/list_ghost/ArrayList_ArrayList.key 
25762      INFO  main            d.u.i.k.p.i.AbstractProblemLoader Loading environment from /home/runner/work/key/key/key.core/../key.ui/examples/heap/list_ghost/ArrayList_ArrayList.key 
25762      DEBUG main            d.u.i.k.p.i.AbstractProblemLoader Environment load took 334.1ns 
25764      INFO  main            d.u.i.k.p.i.AbstractProblemLoader Creating init config 
29834      DEBUG main            d.u.i.k.p.i.AbstractProblemLoader Init config took 4.07s 
29916      INFO  main            d.u.i.k.p.i.AbstractProblemLoader Replaying proof ArrayList[ArrayList::ArrayList()].JML normal_behavior operation contract.0 
29921      DEBUG main            d.u.i.k.p.i.IntermediateProofReplayer Proof replay took 8.4ns 
31529      INFO  main            d.u.i.k.p.r.p.TestFile    ... finished proof: closed. 
31810      INFO  main            d.u.i.k.p.i.AbstractProblemLoader Loading environment from /home/runner/work/key/key/key.core/../key.ui/examples/heap/list_ghost/ArrayList_ArrayList.key.proof 
31812      DEBUG main            d.u.i.k.p.i.AbstractProblemLoader Environment load took 1.84ms 
31816      INFO  main            d.u.i.k.p.i.AbstractProblemLoader Creating init config 
35583      DEBUG main            d.u.i.k.p.i.AbstractProblemLoader Init config took 3.77s 
35659      INFO  main            d.u.i.k.p.i.AbstractProblemLoader Replaying proof ArrayList[ArrayList::ArrayList()].JML normal_behavior operation contract.0 
35928      DEBUG main            d.u.i.k.p.i.IntermediateProofReplayer Proof replay took 257.56ms 
35930      DEBUG main            d.u.i.k.p.r.p.TestFile    ... success: reloaded. 
35932      INFO  main            d.u.i.k.p.r.p.TestFile    Now processing file /home/runner/work/key/key/key.core/../key.ui/examples/heap/list_ghost/ArrayList_enlarge.key 
35932      INFO  main            d.u.i.k.p.i.AbstractProblemLoader Loading environment from /home/runner/work/key/key/key.core/../key.ui/examples/heap/list_ghost/ArrayList_enlarge.key 
35933      DEBUG main            d.u.i.k.p.i.AbstractProblemLoader Environment load took 315.1ns 
35934      INFO  main            d.u.i.k.p.i.AbstractProblemLoader Creating init config 
39803      DEBUG main            d.u.i.k.p.i.AbstractProblemLoader Init config took 3.87s 
39881      INFO  main            d.u.i.k.p.i.AbstractProblemLoader Replaying proof ArrayList[ArrayList::enlarge()].JML normal_behavior operation contract.0 
39887      DEBUG main            d.u.i.k.p.i.IntermediateProofReplayer Proof replay took 7.5ns 
42819      INFO  main            d.u.i.k.p.r.p.TestFile    ... finished proof: closed. 
43086      INFO  main            d.u.i.k.p.i.AbstractProblemLoader Loading environment from /home/runner/work/key/key/key.core/../key.ui/examples/heap/list_ghost/ArrayList_enlarge.key.proof 
43086      DEBUG main            d.u.i.k.p.i.AbstractProblemLoader Environment load took 576ns 
43088      INFO  main            d.u.i.k.p.i.AbstractProblemLoader Creating init config 
46885      DEBUG main            d.u.i.k.p.i.AbstractProblemLoader Init config took 3.8s 
46948      INFO  main            d.u.i.k.p.i.AbstractProblemLoader Replaying proof ArrayList[ArrayList::enlarge()].JML normal_behavior operation contract.0 
47667      DEBUG main            d.u.i.k.p.i.IntermediateProofReplayer Proof replay took 702.01ms 
47669      DEBUG main            d.u.i.k.p.r.p.TestFile    ... success: reloaded. 
47671      INFO  main            d.u.i.k.p.r.p.TestFile    Now processing file /home/runner/work/key/key/key.core/../key.ui/examples/heap/list_ghost/ArrayList_get_dep.key 
47671      INFO  main            d.u.i.k.p.i.AbstractProblemLoader Loading environment from /home/runner/work/key/key/key.core/../key.ui/examples/heap/list_ghost/ArrayList_get_dep.key 
47672      DEBUG main            d.u.i.k.p.i.AbstractProblemLoader Environment load took 314.1ns 
47673      INFO  main            d.u.i.k.p.i.AbstractProblemLoader Creating init config 
51378      DEBUG main            d.u.i.k.p.i.AbstractProblemLoader Init config took 3.71s 
51448      INFO  main            d.u.i.k.p.i.AbstractProblemLoader Replaying proof ArrayList[List::get(int)].JML accessible clause.0 
51450      DEBUG main            d.u.i.k.p.i.IntermediateProofReplayer Proof replay took 20.6ns 
51957      INFO  main            d.u.i.k.p.r.p.TestFile    ... finished proof: closed. 
52192      INFO  main            d.u.i.k.p.i.AbstractProblemLoader Loading environment from /home/runner/work/key/key/key.core/../key.ui/examples/heap/list_ghost/ArrayList_get_dep.key.proof 
52194      DEBUG main            d.u.i.k.p.i.AbstractProblemLoader Environment load took 1.81ms 
52196      INFO  main            d.u.i.k.p.i.AbstractProblemLoader Creating init config 
55907      DEBUG main            d.u.i.k.p.i.AbstractProblemLoader Init config took 3.71s 
55965      INFO  main            d.u.i.k.p.i.AbstractProblemLoader Replaying proof ArrayList[List::get(int)].JML accessible clause.0 
56072      DEBUG main            d.u.i.k.p.i.IntermediateProofReplayer Proof replay took 101.26ms 
56073      DEBUG main            d.u.i.k.p.r.p.TestFile    ... success: reloaded. 
56075      INFO  main            d.u.i.k.p.r.p.TestFile    Now processing file /home/runner/work/key/key/key.core/../key.ui/examples/heap/list_ghost/ArrayList_get_exceptional.key 
56075      INFO  main            d.u.i.k.p.i.AbstractProblemLoader Loading environment from /home/runner/work/key/key/key.core/../key.ui/examples/heap/list_ghost/ArrayList_get_exceptional.key 
56076      DEBUG main            d.u.i.k.p.i.AbstractProblemLoader Environment load took 322.7ns 
56077      INFO  main            d.u.i.k.p.i.AbstractProblemLoader Creating init config 
59750      DEBUG main            d.u.i.k.p.i.AbstractProblemLoader Init config took 3.67s 
59809      INFO  main            d.u.i.k.p.i.AbstractProblemLoader Replaying proof ArrayList[List::get(int)].JML exceptional_behavior operation contract.0 
59811      DEBUG main            d.u.i.k.p.i.IntermediateProofReplayer Proof replay took 7.6ns 
60921      INFO  main            d.u.i.k.p.r.p.TestFile    ... finished proof: closed. 
61223      INFO  main            d.u.i.k.p.i.AbstractProblemLoader Loading environment from /home/runner/work/key/key/key.core/../key.ui/examples/heap/list_ghost/ArrayList_get_exceptional.key.proof 
61225      DEBUG main            d.u.i.k.p.i.AbstractProblemLoader Environment load took 2.1ms 
61233      INFO  main            d.u.i.k.p.i.AbstractProblemLoader Creating init config 
64849      DEBUG main            d.u.i.k.p.i.AbstractProblemLoader Init config took 3.62s 
64919      INFO  main            d.u.i.k.p.i.AbstractProblemLoader Replaying proof ArrayList[List::get(int)].JML exceptional_behavior operation contract.0 
65158      DEBUG main            d.u.i.k.p.i.IntermediateProofReplayer Proof replay took 230.5ms 
65160      DEBUG main            d.u.i.k.p.r.p.TestFile    ... success: reloaded. 
65162      INFO  main            d.u.i.k.p.r.p.TestFile    Now processing file /home/runner/work/key/key/key.core/../key.ui/examples/heap/list_ghost/ArrayList_get_normal.key 
65163      INFO  main            d.u.i.k.p.i.AbstractProblemLoader Loading environment from /home/runner/work/key/key/key.core/../key.ui/examples/heap/list_ghost/ArrayList_get_normal.key 
65163      DEBUG main            d.u.i.k.p.i.AbstractProblemLoader Environment load took 281.3ns 
65164      INFO  main            d.u.i.k.p.i.AbstractProblemLoader Creating init config 
68787      DEBUG main            d.u.i.k.p.i.AbstractProblemLoader Init config took 3.62s 
68843      INFO  main            d.u.i.k.p.i.AbstractProblemLoader Replaying proof ArrayList[List::get(int)].JML normal_behavior operation contract.0 
68846      DEBUG main            d.u.i.k.p.i.IntermediateProofReplayer Proof replay took 7.3ns 
69150      INFO  main            d.u.i.k.p.r.p.TestFile    ... finished proof: closed. 
69394      INFO  main            d.u.i.k.p.i.AbstractProblemLoader Loading environment from /home/runner/work/key/key/key.core/../key.ui/examples/heap/list_ghost/ArrayList_get_normal.key.proof 
69395      DEBUG main            d.u.i.k.p.i.AbstractProblemLoader Environment load took 805.39ns 
69396      INFO  main            d.u.i.k.p.i.AbstractProblemLoader Creating init config 
72982      DEBUG main            d.u.i.k.p.i.AbstractProblemLoader Init config took 3.59s 
73037      INFO  main            d.u.i.k.p.i.AbstractProblemLoader Replaying proof ArrayList[List::get(int)].JML normal_behavior operation contract.0 
73114      DEBUG main            d.u.i.k.p.i.IntermediateProofReplayer Proof replay took 72.83ms 
73115      DEBUG main            d.u.i.k.p.r.p.TestFile    ... success: reloaded. 
73116      INFO  main            d.u.i.k.p.r.p.TestFile    Now processing file /home/runner/work/key/key/key.core/../key.ui/examples/heap/list_ghost/ArrayList_inv.key 
73117      INFO  main            d.u.i.k.p.i.AbstractProblemLoader Loading environment from /home/runner/work/key/key/key.core/../key.ui/examples/heap/list_ghost/ArrayList_inv.key 
73117      DEBUG main            d.u.i.k.p.i.AbstractProblemLoader Environment load took 312.4ns 
73119      INFO  main            d.u.i.k.p.i.AbstractProblemLoader Creating init config 
76733      DEBUG main            d.u.i.k.p.i.AbstractProblemLoader Init config took 3.61s 
76788      INFO  main            d.u.i.k.p.i.AbstractProblemLoader Replaying proof ArrayList[java.lang.Object::<inv>()].JML accessible clause.0 
76790      DEBUG main            d.u.i.k.p.i.IntermediateProofReplayer Proof replay took 8.3ns 
76898      INFO  main            d.u.i.k.p.r.p.TestFile    ... finished proof: closed. 
77157      INFO  main            d.u.i.k.p.i.AbstractProblemLoader Loading environment from /home/runner/work/key/key/key.core/../key.ui/examples/heap/list_ghost/ArrayList_inv.key.proof 
77157      DEBUG main            d.u.i.k.p.i.AbstractProblemLoader Environment load took 152.1ns 
77158      INFO  main            d.u.i.k.p.i.AbstractProblemLoader Creating init config 
80782      DEBUG main            d.u.i.k.p.i.AbstractProblemLoader Init config took 3.62s 
80858      INFO  main            d.u.i.k.p.i.AbstractProblemLoader Replaying proof ArrayList[java.lang.Object::<inv>()].JML accessible clause.0 
80883      DEBUG main            d.u.i.k.p.i.IntermediateProofReplayer Proof replay took 22.17ms 
80885      DEBUG main            d.u.i.k.p.r.p.TestFile    ... success: reloaded. 
80887      INFO  main            d.u.i.k.p.r.p.TestFile    Now processing file /home/runner/work/key/key/key.core/../key.ui/examples/heap/list_ghost/ArrayList_size_dep.key 
80888      INFO  main            d.u.i.k.p.i.AbstractProblemLoader Loading environment from /home/runner/work/key/key/key.core/../key.ui/examples/heap/list_ghost/ArrayList_size_dep.key 
80888      DEBUG main            d.u.i.k.p.i.AbstractProblemLoader Environment load took 304.4ns 
80890      INFO  main            d.u.i.k.p.i.AbstractProblemLoader Creating init config 
84553      DEBUG main            d.u.i.k.p.i.AbstractProblemLoader Init config took 3.66s 
84632      INFO  main            d.u.i.k.p.i.AbstractProblemLoader Replaying proof ArrayList[List::size()].JML accessible clause.0 
84635      DEBUG main            d.u.i.k.p.i.IntermediateProofReplayer Proof replay took 8.7ns 
84739      INFO  main            d.u.i.k.p.r.p.TestFile    ... finished proof: closed. 
85027      INFO  main            d.u.i.k.p.i.AbstractProblemLoader Loading environment from /home/runner/work/key/key/key.core/../key.ui/examples/heap/list_ghost/ArrayList_size_dep.key.proof 
85027      DEBUG main            d.u.i.k.p.i.AbstractProblemLoader Environment load took 148.5ns 
85028      INFO  main            d.u.i.k.p.i.AbstractProblemLoader Creating init config 
88574      DEBUG main            d.u.i.k.p.i.AbstractProblemLoader Init config took 3.55s 
88626      INFO  main            d.u.i.k.p.i.AbstractProblemLoader Replaying proof ArrayList[List::size()].JML accessible clause.0 
88649      DEBUG main            d.u.i.k.p.i.IntermediateProofReplayer Proof replay took 19.09ms 
88652      DEBUG main            d.u.i.k.p.r.p.TestFile    ... success: reloaded. 
88654      INFO  main            d.u.i.k.p.r.p.TestFile    Now processing file /home/runner/work/key/key/key.core/../key.ui/examples/heap/list_ghost/ArrayList_size.key 
88655      INFO  main            d.u.i.k.p.i.AbstractProblemLoader Loading environment from /home/runner/work/key/key/key.core/../key.ui/examples/heap/list_ghost/ArrayList_size.key 
88655      DEBUG main            d.u.i.k.p.i.AbstractProblemLoader Environment load took 533.4ns 
88657      INFO  main            d.u.i.k.p.i.AbstractProblemLoader Creating init config 
92170      DEBUG main            d.u.i.k.p.i.AbstractProblemLoader Init config took 3.51s 
92220      INFO  main            d.u.i.k.p.i.AbstractProblemLoader Replaying proof ArrayList[List::size()].JML normal_behavior operation contract.0 
92223      DEBUG main            d.u.i.k.p.i.IntermediateProofReplayer Proof replay took 7.6ns 
92327      INFO  main            d.u.i.k.p.r.p.TestFile    ... finished proof: closed. 
92600      INFO  main            d.u.i.k.p.i.AbstractProblemLoader Loading environment from /home/runner/work/key/key/key.core/../key.ui/examples/heap/list_ghost/ArrayList_size.key.proof 
92600      DEBUG main            d.u.i.k.p.i.AbstractProblemLoader Environment load took 146.5ns 
92602      INFO  main            d.u.i.k.p.i.AbstractProblemLoader Creating init config 
96063      DEBUG main            d.u.i.k.p.i.AbstractProblemLoader Init config took 3.46s 
96111      INFO  main            d.u.i.k.p.i.AbstractProblemLoader Replaying proof ArrayList[List::size()].JML normal_behavior operation contract.0 
96131      DEBUG main            d.u.i.k.p.i.IntermediateProofReplayer Proof replay took 18ms 
96132      DEBUG main            d.u.i.k.p.r.p.TestFile    ... success: reloaded. 
1679125    INFO  Test worker     d.u.i.k.p.r.p.StatisticsFile Returning from test list_ghost 
1679128    INFO  Test worker     d.u.i.k.p.r.p.StatisticsFile Running test list_recursive 
465        INFO  Timeout watchdog d.u.i.k.p.r.p.ForkedTestFileRunner Timeout watcher launched (2000 secs.) 
485        WARN  main            d.u.i.k.s.ProofSettings   The settings in /home/runner/.key/proof-settings.props are *not* read. 
531        INFO  main            d.u.i.k.p.r.p.TestFile    Now processing file /home/runner/work/key/key/key.core/../key.ui/examples/heap/list_recursiveSpec/ListOperationsNonNull_getNextNN_normal_behavior.key 
699        INFO  main            d.u.i.k.p.i.AbstractProblemLoader Loading environment from /home/runner/work/key/key/key.core/../key.ui/examples/heap/list_recursiveSpec/ListOperationsNonNull_getNextNN_normal_behavior.key 
721        DEBUG main            d.u.i.k.p.i.AbstractProblemLoader Environment load took 2.83ms 
1066       INFO  main            d.u.i.k.p.i.AbstractProblemLoader Creating init config 
2619       DEBUG main            d.u.i.k.j.TypeConverter   No LDT found for Meta 
2620       DEBUG main            d.u.i.k.j.TypeConverter   No LDT found for Meta 
2622       DEBUG main            d.u.i.k.j.TypeConverter   No LDT found for Meta 
2623       DEBUG main            d.u.i.k.j.TypeConverter   No LDT found for Meta 
4456       DEBUG main            d.u.i.k.j.TypeConverter   No LDT found for JavaBigintExpression 
12143      DEBUG main            d.u.i.k.p.i.AbstractProblemLoader Init config took 11.08s 
12358      INFO  main            d.u.i.k.p.i.AbstractProblemLoader Replaying proof ListOperationsNonNull[ListOperationsNonNull::getNextNN(ListNN,int)].JML normal_behavior operation contract.0 
12411      DEBUG main            d.u.i.k.p.i.IntermediateProofReplayer Proof replay took 46.6ns 
14472      INFO  main            d.u.i.k.p.r.p.TestFile    ... finished proof: closed. 
14662      INFO  main            d.u.i.k.p.i.AbstractProblemLoader Loading environment from /home/runner/work/key/key/key.core/../key.ui/examples/heap/list_recursiveSpec/ListOperationsNonNull_getNextNN_normal_behavior.key.proof 
14669      DEBUG main            d.u.i.k.p.i.AbstractProblemLoader Environment load took 6.96ms 
14675      INFO  main            d.u.i.k.p.i.AbstractProblemLoader Creating init config 
18870      DEBUG main            d.u.i.k.p.i.AbstractProblemLoader Init config took 4.2s 
19017      INFO  main            d.u.i.k.p.i.AbstractProblemLoader Replaying proof ListOperationsNonNull[ListOperationsNonNull::getNextNN(ListNN,int)].JML normal_behavior operation contract.0 
19274      DEBUG main            d.u.i.k.p.i.IntermediateProofReplayer Proof replay took 246.01ms 
19284      DEBUG main            d.u.i.k.p.r.p.TestFile    ... success: reloaded. 
19287      INFO  main            d.u.i.k.p.r.p.TestFile    Now processing file /home/runner/work/key/key/key.core/../key.ui/examples/heap/list_recursiveSpec/ListOperationsNonNull_setValueAt_normal_behavior.key 
19287      INFO  main            d.u.i.k.p.i.AbstractProblemLoader Loading environment from /home/runner/work/key/key/key.core/../key.ui/examples/heap/list_recursiveSpec/ListOperationsNonNull_setValueAt_normal_behavior.key 
19288      DEBUG main            d.u.i.k.p.i.AbstractProblemLoader Environment load took 624.1ns 
19291      INFO  main            d.u.i.k.p.i.AbstractProblemLoader Creating init config 
23424      DEBUG main            d.u.i.k.p.i.AbstractProblemLoader Init config took 4.13s 
23525      INFO  main            d.u.i.k.p.i.AbstractProblemLoader Replaying proof ListOperationsNonNull[ListOperationsNonNull::setValueAt_NN(ListNN,int,int)].JML normal_behavior operation contract.0 
23529      DEBUG main            d.u.i.k.p.i.IntermediateProofReplayer Proof replay took 7.4ns 
23567      DEBUG main            d.u.i.k.m.s.ProofScriptEngine 1: 'macro autopilot' 
27082      DEBUG main            d.u.i.k.m.s.ProofScriptEngine 2: 'macro simp-upd' 
27094      DEBUG main            d.u.i.k.m.s.ProofScriptEngine 3: 'rule observerDependencyEQ' 
27124      DEBUG main            d.u.i.k.m.s.ProofScriptEngine 4: 'tryclose' 
27175      INFO  main            d.u.i.k.p.r.p.TestFile    ... finished proof: closed. 
27417      INFO  main            d.u.i.k.p.i.AbstractProblemLoader Loading environment from /home/runner/work/key/key/key.core/../key.ui/examples/heap/list_recursiveSpec/ListOperationsNonNull_setValueAt_normal_behavior.key.proof 
27418      DEBUG main            d.u.i.k.p.i.AbstractProblemLoader Environment load took 829.79ns 
27421      INFO  main            d.u.i.k.p.i.AbstractProblemLoader Creating init config 
31474      DEBUG main            d.u.i.k.p.i.AbstractProblemLoader Init config took 4.05s 
31553      INFO  main            d.u.i.k.p.i.AbstractProblemLoader Replaying proof ListOperationsNonNull[ListOperationsNonNull::setValueAt_NN(ListNN,int,int)].JML normal_behavior operation contract.0 
31744      DEBUG main            d.u.i.k.p.i.IntermediateProofReplayer Proof replay took 184.52ms 
31746      DEBUG main            d.u.i.k.p.r.p.TestFile    ... success: reloaded. 
1711116    INFO  Test worker     d.u.i.k.p.r.p.StatisticsFile Returning from test list_recursive 
1711119    INFO  Test worker     d.u.i.k.p.r.p.StatisticsFile Running test list_seq 
529        INFO  Timeout watchdog d.u.i.k.p.r.p.ForkedTestFileRunner Timeout watcher launched (2000 secs.) 
555        WARN  main            d.u.i.k.s.ProofSettings   The settings in /home/runner/.key/proof-settings.props are *not* read. 
627        INFO  main            d.u.i.k.p.r.p.TestFile    Now processing file /home/runner/work/key/key/key.core/../key.ui/examples/heap/list_seq/SimplifiedLinkedList.remove.key 
821        INFO  main            d.u.i.k.p.i.AbstractProblemLoader Loading environment from /home/runner/work/key/key/key.core/../key.ui/examples/heap/list_seq/SimplifiedLinkedList.remove.key 
859        DEBUG main            d.u.i.k.p.i.AbstractProblemLoader Environment load took 3.1ms 
1215       INFO  main            d.u.i.k.p.i.AbstractProblemLoader Creating init config 
2710       DEBUG main            d.u.i.k.j.TypeConverter   No LDT found for Meta 
2710       DEBUG main            d.u.i.k.j.TypeConverter   No LDT found for Meta 
2713       DEBUG main            d.u.i.k.j.TypeConverter   No LDT found for Meta 
2713       DEBUG main            d.u.i.k.j.TypeConverter   No LDT found for Meta 
4590       DEBUG main            d.u.i.k.j.TypeConverter   No LDT found for JavaBigintExpression 
12579      DEBUG main            d.u.i.k.p.i.AbstractProblemLoader Init config took 11.36s 
12820      INFO  main            d.u.i.k.p.i.AbstractProblemLoader Replaying proof SimplifiedLinkedList[SimplifiedLinkedList::remove(int)].JML normal_behavior operation contract.0 
12875      DEBUG main            d.u.i.k.p.i.IntermediateProofReplayer Proof replay took 41.7ns 
122676     INFO  main            d.u.i.k.p.r.p.TestFile    ... finished proof: closed. 
123216     INFO  main            d.u.i.k.p.i.AbstractProblemLoader Loading environment from /home/runner/work/key/key/key.core/../key.ui/examples/heap/list_seq/SimplifiedLinkedList.remove.key.proof 
123217     DEBUG main            d.u.i.k.p.i.AbstractProblemLoader Environment load took 731.4ns 
123247     INFO  main            d.u.i.k.p.i.AbstractProblemLoader Creating init config 
127759     DEBUG main            d.u.i.k.p.i.AbstractProblemLoader Init config took 4.51s 
127921     INFO  main            d.u.i.k.p.i.AbstractProblemLoader Replaying proof SimplifiedLinkedList[SimplifiedLinkedList::remove(int)].JML normal_behavior operation contract.0 
134791     DEBUG main            d.u.i.k.p.i.IntermediateProofReplayer Proof replay took 6.55s 
134817     DEBUG main            d.u.i.k.p.r.p.TestFile    ... success: reloaded. 
134819     INFO  main            d.u.i.k.p.r.p.TestFile    Now processing file /home/runner/work/key/key/key.core/../key.ui/examples/heap/list_seq/ArrayList.ArrayList.key 
134821     INFO  main            d.u.i.k.p.i.AbstractProblemLoader Loading environment from /home/runner/work/key/key/key.core/../key.ui/examples/heap/list_seq/ArrayList.ArrayList.key 
134821     DEBUG main            d.u.i.k.p.i.AbstractProblemLoader Environment load took 140.8ns 
134823     INFO  main            d.u.i.k.p.i.AbstractProblemLoader Creating init config 
139070     DEBUG main            d.u.i.k.p.i.AbstractProblemLoader Init config took 4.25s 
139192     INFO  main            d.u.i.k.p.i.AbstractProblemLoader Replaying proof ArrayList[ArrayList::ArrayList()].JML normal_behavior operation contract.0 
139195     DEBUG main            d.u.i.k.p.i.IntermediateProofReplayer Proof replay took 7.8ns 
140501     INFO  main            d.u.i.k.p.r.p.TestFile    ... finished proof: closed. 
140735     INFO  main            d.u.i.k.p.i.AbstractProblemLoader Loading environment from /home/runner/work/key/key/key.core/../key.ui/examples/heap/list_seq/ArrayList.ArrayList.key.proof 
140735     DEBUG main            d.u.i.k.p.i.AbstractProblemLoader Environment load took 257.8ns 
140737     INFO  main            d.u.i.k.p.i.AbstractProblemLoader Creating init config 
144880     DEBUG main            d.u.i.k.p.i.AbstractProblemLoader Init config took 4.14s 
145025     INFO  main            d.u.i.k.p.i.AbstractProblemLoader Replaying proof ArrayList[ArrayList::ArrayList()].JML normal_behavior operation contract.0 
145234     DEBUG main            d.u.i.k.p.i.IntermediateProofReplayer Proof replay took 202.95ms 
145236     DEBUG main            d.u.i.k.p.r.p.TestFile    ... success: reloaded. 
145237     INFO  main            d.u.i.k.p.r.p.TestFile    Now processing file /home/runner/work/key/key/key.core/../key.ui/examples/heap/list_seq/ArrayList.add.key 
145238     INFO  main            d.u.i.k.p.i.AbstractProblemLoader Loading environment from /home/runner/work/key/key/key.core/../key.ui/examples/heap/list_seq/ArrayList.add.key 
145238     DEBUG main            d.u.i.k.p.i.AbstractProblemLoader Environment load took 321.3ns 
145240     INFO  main            d.u.i.k.p.i.AbstractProblemLoader Creating init config 
149515     DEBUG main            d.u.i.k.p.i.AbstractProblemLoader Init config took 4.28s 
149625     INFO  main            d.u.i.k.p.i.AbstractProblemLoader Replaying proof ArrayList[List::add(java.lang.Object)].JML normal_behavior operation contract.0 
149628     DEBUG main            d.u.i.k.p.i.IntermediateProofReplayer Proof replay took 7ns 
154546     INFO  main            d.u.i.k.p.r.p.TestFile    ... finished proof: closed. 
154810     INFO  main            d.u.i.k.p.i.AbstractProblemLoader Loading environment from /home/runner/work/key/key/key.core/../key.ui/examples/heap/list_seq/ArrayList.add.key.proof 
154811     DEBUG main            d.u.i.k.p.i.AbstractProblemLoader Environment load took 649ns 
154813     INFO  main            d.u.i.k.p.i.AbstractProblemLoader Creating init config 
158788     DEBUG main            d.u.i.k.p.i.AbstractProblemLoader Init config took 3.98s 
158886     INFO  main            d.u.i.k.p.i.AbstractProblemLoader Replaying proof ArrayList[List::add(java.lang.Object)].JML normal_behavior operation contract.0 
159526     DEBUG main            d.u.i.k.p.i.IntermediateProofReplayer Proof replay took 627.2ms 
159529     DEBUG main            d.u.i.k.p.r.p.TestFile    ... success: reloaded. 
159530     INFO  main            d.u.i.k.p.r.p.TestFile    Now processing file /home/runner/work/key/key/key.core/../key.ui/examples/heap/list_seq/ArrayList.contains.key 
159530     INFO  main            d.u.i.k.p.i.AbstractProblemLoader Loading environment from /home/runner/work/key/key/key.core/../key.ui/examples/heap/list_seq/ArrayList.contains.key 
159531     DEBUG main            d.u.i.k.p.i.AbstractProblemLoader Environment load took 261.5ns 
159532     INFO  main            d.u.i.k.p.i.AbstractProblemLoader Creating init config 
163700     DEBUG main            d.u.i.k.p.i.AbstractProblemLoader Init config took 4.17s 
163816     INFO  main            d.u.i.k.p.i.AbstractProblemLoader Replaying proof ArrayList[List::contains(java.lang.Object)].JML normal_behavior operation contract.0 
163820     DEBUG main            d.u.i.k.p.i.IntermediateProofReplayer Proof replay took 7.1ns 
166028     INFO  main            d.u.i.k.p.r.p.TestFile    ... finished proof: closed. 
166295     INFO  main            d.u.i.k.p.i.AbstractProblemLoader Loading environment from /home/runner/work/key/key/key.core/../key.ui/examples/heap/list_seq/ArrayList.contains.key.proof 
166301     DEBUG main            d.u.i.k.p.i.AbstractProblemLoader Environment load took 5.89ms 
166303     INFO  main            d.u.i.k.p.i.AbstractProblemLoader Creating init config 
170201     DEBUG main            d.u.i.k.p.i.AbstractProblemLoader Init config took 3.9s 
170307     INFO  main            d.u.i.k.p.i.AbstractProblemLoader Replaying proof ArrayList[List::contains(java.lang.Object)].JML normal_behavior operation contract.0 
170723     DEBUG main            d.u.i.k.p.i.IntermediateProofReplayer Proof replay took 407.92ms 
170725     DEBUG main            d.u.i.k.p.r.p.TestFile    ... success: reloaded. 
170727     INFO  main            d.u.i.k.p.r.p.TestFile    Now processing file /home/runner/work/key/key/key.core/../key.ui/examples/heap/list_seq/ArrayList.enlarge.key 
170727     INFO  main            d.u.i.k.p.i.AbstractProblemLoader Loading environment from /home/runner/work/key/key/key.core/../key.ui/examples/heap/list_seq/ArrayList.enlarge.key 
170727     DEBUG main            d.u.i.k.p.i.AbstractProblemLoader Environment load took 278.7ns 
170730     INFO  main            d.u.i.k.p.i.AbstractProblemLoader Creating init config 
174915     DEBUG main            d.u.i.k.p.i.AbstractProblemLoader Init config took 4.18s 
175016     INFO  main            d.u.i.k.p.i.AbstractProblemLoader Replaying proof ArrayList[ArrayList::enlarge()].JML normal_behavior operation contract.0 
175019     DEBUG main            d.u.i.k.p.i.IntermediateProofReplayer Proof replay took 6.9ns 
178035     INFO  main            d.u.i.k.p.r.p.TestFile    ... finished proof: closed. 
178318     INFO  main            d.u.i.k.p.i.AbstractProblemLoader Loading environment from /home/runner/work/key/key/key.core/../key.ui/examples/heap/list_seq/ArrayList.enlarge.key.proof 
178319     DEBUG main            d.u.i.k.p.i.AbstractProblemLoader Environment load took 551.29ns 
178321     INFO  main            d.u.i.k.p.i.AbstractProblemLoader Creating init config 
182319     DEBUG main            d.u.i.k.p.i.AbstractProblemLoader Init config took 4s 
182422     INFO  main            d.u.i.k.p.i.AbstractProblemLoader Replaying proof ArrayList[ArrayList::enlarge()].JML normal_behavior operation contract.0 
182959     DEBUG main            d.u.i.k.p.i.IntermediateProofReplayer Proof replay took 527.35ms 
182961     DEBUG main            d.u.i.k.p.r.p.TestFile    ... success: reloaded. 
182963     INFO  main            d.u.i.k.p.r.p.TestFile    Now processing file /home/runner/work/key/key/key.core/../key.ui/examples/heap/list_seq/ArrayList.get.key 
182963     INFO  main            d.u.i.k.p.i.AbstractProblemLoader Loading environment from /home/runner/work/key/key/key.core/../key.ui/examples/heap/list_seq/ArrayList.get.key 
182963     DEBUG main            d.u.i.k.p.i.AbstractProblemLoader Environment load took 289.39ns 
182965     INFO  main            d.u.i.k.p.i.AbstractProblemLoader Creating init config 
187067     DEBUG main            d.u.i.k.p.i.AbstractProblemLoader Init config took 4.1s 
187158     INFO  main            d.u.i.k.p.i.AbstractProblemLoader Replaying proof ArrayList[List::get(int)].JML normal_behavior operation contract.0 
187160     DEBUG main            d.u.i.k.p.i.IntermediateProofReplayer Proof replay took 8ns 
187865     INFO  main            d.u.i.k.p.r.p.TestFile    ... finished proof: closed. 
188156     INFO  main            d.u.i.k.p.i.AbstractProblemLoader Loading environment from /home/runner/work/key/key/key.core/../key.ui/examples/heap/list_seq/ArrayList.get.key.proof 
188156     DEBUG main            d.u.i.k.p.i.AbstractProblemLoader Environment load took 390.9ns 
188158     INFO  main            d.u.i.k.p.i.AbstractProblemLoader Creating init config 
192215     DEBUG main            d.u.i.k.p.i.AbstractProblemLoader Init config took 4.06s 
192309     INFO  main            d.u.i.k.p.i.AbstractProblemLoader Replaying proof ArrayList[List::get(int)].JML normal_behavior operation contract.0 
192433     DEBUG main            d.u.i.k.p.i.IntermediateProofReplayer Proof replay took 120.31ms 
192435     DEBUG main            d.u.i.k.p.r.p.TestFile    ... success: reloaded. 
192436     INFO  main            d.u.i.k.p.r.p.TestFile    Now processing file /home/runner/work/key/key/key.core/../key.ui/examples/heap/list_seq/ArrayList.newArray.key 
192437     INFO  main            d.u.i.k.p.i.AbstractProblemLoader Loading environment from /home/runner/work/key/key/key.core/../key.ui/examples/heap/list_seq/ArrayList.newArray.key 
192437     DEBUG main            d.u.i.k.p.i.AbstractProblemLoader Environment load took 205.2ns 
192439     INFO  main            d.u.i.k.p.i.AbstractProblemLoader Creating init config 
196402     DEBUG main            d.u.i.k.p.i.AbstractProblemLoader Init config took 3.96s 
196505     INFO  main            d.u.i.k.p.i.AbstractProblemLoader Replaying proof ArrayList[ArrayList::newArray(int)].JML normal_behavior operation contract.0 
196507     DEBUG main            d.u.i.k.p.i.IntermediateProofReplayer Proof replay took 7.9ns 
196912     INFO  main            d.u.i.k.p.r.p.TestFile    ... finished proof: closed. 
197197     INFO  main            d.u.i.k.p.i.AbstractProblemLoader Loading environment from /home/runner/work/key/key/key.core/../key.ui/examples/heap/list_seq/ArrayList.newArray.key.proof 
197197     DEBUG main            d.u.i.k.p.i.AbstractProblemLoader Environment load took 564.5ns 
197199     INFO  main            d.u.i.k.p.i.AbstractProblemLoader Creating init config 
201285     DEBUG main            d.u.i.k.p.i.AbstractProblemLoader Init config took 4.09s 
201390     INFO  main            d.u.i.k.p.i.AbstractProblemLoader Replaying proof ArrayList[ArrayList::newArray(int)].JML normal_behavior operation contract.0 
201491     DEBUG main            d.u.i.k.p.i.IntermediateProofReplayer Proof replay took 96.06ms 
201492     DEBUG main            d.u.i.k.p.r.p.TestFile    ... success: reloaded. 
201494     INFO  main            d.u.i.k.p.r.p.TestFile    Now processing file /home/runner/work/key/key/key.core/../key.ui/examples/heap/list_seq/ArrayList.remove.0.key 
201494     INFO  main            d.u.i.k.p.i.AbstractProblemLoader Loading environment from /home/runner/work/key/key/key.core/../key.ui/examples/heap/list_seq/ArrayList.remove.0.key 
201494     DEBUG main            d.u.i.k.p.i.AbstractProblemLoader Environment load took 221ns 
201495     INFO  main            d.u.i.k.p.i.AbstractProblemLoader Creating init config 
205576     DEBUG main            d.u.i.k.p.i.AbstractProblemLoader Init config took 4.08s 
205661     INFO  main            d.u.i.k.p.i.AbstractProblemLoader Replaying proof ArrayList[List::remove(java.lang.Object)].JML normal_behavior operation contract.0 
205664     DEBUG main            d.u.i.k.p.i.IntermediateProofReplayer Proof replay took 7.4ns 
208389     INFO  main            d.u.i.k.p.r.p.TestFile    ... finished proof: closed. 
208703     INFO  main            d.u.i.k.p.i.AbstractProblemLoader Loading environment from /home/runner/work/key/key/key.core/../key.ui/examples/heap/list_seq/ArrayList.remove.0.key.proof 
208705     DEBUG main            d.u.i.k.p.i.AbstractProblemLoader Environment load took 1.94ms 
208707     INFO  main            d.u.i.k.p.i.AbstractProblemLoader Creating init config 
212733     DEBUG main            d.u.i.k.p.i.AbstractProblemLoader Init config took 4.03s 
212832     INFO  main            d.u.i.k.p.i.AbstractProblemLoader Replaying proof ArrayList[List::remove(java.lang.Object)].JML normal_behavior operation contract.0 
213564     DEBUG main            d.u.i.k.p.i.IntermediateProofReplayer Proof replay took 723.53ms 
213567     DEBUG main            d.u.i.k.p.r.p.TestFile    ... success: reloaded. 
213571     INFO  main            d.u.i.k.p.r.p.TestFile    Now processing file /home/runner/work/key/key/key.core/../key.ui/examples/heap/list_seq/ArrayList.remove.1.key 
213575     INFO  main            d.u.i.k.p.i.AbstractProblemLoader Loading environment from /home/runner/work/key/key/key.core/../key.ui/examples/heap/list_seq/ArrayList.remove.1.key 
213576     DEBUG main            d.u.i.k.p.i.AbstractProblemLoader Environment load took 645.6ns 
213579     INFO  main            d.u.i.k.p.i.AbstractProblemLoader Creating init config 
217529     DEBUG main            d.u.i.k.p.i.AbstractProblemLoader Init config took 3.95s 
217639     INFO  main            d.u.i.k.p.i.AbstractProblemLoader Replaying proof ArrayList[List::remove(java.lang.Object)].JML normal_behavior operation contract.1 
217642     DEBUG main            d.u.i.k.p.i.IntermediateProofReplayer Proof replay took 6.6ns 
234156     INFO  main            d.u.i.k.p.r.p.TestFile    ... finished proof: closed. 
234536     INFO  main            d.u.i.k.p.i.AbstractProblemLoader Loading environment from /home/runner/work/key/key/key.core/../key.ui/examples/heap/list_seq/ArrayList.remove.1.key.proof 
234536     DEBUG main            d.u.i.k.p.i.AbstractProblemLoader Environment load took 564.9ns 
234540     INFO  main            d.u.i.k.p.i.AbstractProblemLoader Creating init config 
238478     DEBUG main            d.u.i.k.p.i.AbstractProblemLoader Init config took 3.94s 
238580     INFO  main            d.u.i.k.p.i.AbstractProblemLoader Replaying proof ArrayList[List::remove(java.lang.Object)].JML normal_behavior operation contract.1 
240664     DEBUG main            d.u.i.k.p.i.IntermediateProofReplayer Proof replay took 2.05s 
240669     DEBUG main            d.u.i.k.p.r.p.TestFile    ... success: reloaded. 
1952041    INFO  Test worker     d.u.i.k.p.r.p.StatisticsFile Returning from test list_seq 
1952044    INFO  Test worker     d.u.i.k.p.r.p.StatisticsFile Running test observer 
559        INFO  Timeout watchdog d.u.i.k.p.r.p.ForkedTestFileRunner Timeout watcher launched (2000 secs.) 
561        WARN  main            d.u.i.k.s.ProofSettings   The settings in /home/runner/.key/proof-settings.props are *not* read. 
601        INFO  main            d.u.i.k.p.r.p.TestFile    Now processing file /home/runner/work/key/key/key.core/../key.ui/examples/heap/observer/ExampleObserver_ExampleObserver.key 
769        INFO  main            d.u.i.k.p.i.AbstractProblemLoader Loading environment from /home/runner/work/key/key/key.core/../key.ui/examples/heap/observer/ExampleObserver_ExampleObserver.key 
791        DEBUG main            d.u.i.k.p.i.AbstractProblemLoader Environment load took 2.4ms 
1130       INFO  main            d.u.i.k.p.i.AbstractProblemLoader Creating init config 
2455       DEBUG main            d.u.i.k.j.TypeConverter   No LDT found for Meta 
2456       DEBUG main            d.u.i.k.j.TypeConverter   No LDT found for Meta 
2458       DEBUG main            d.u.i.k.j.TypeConverter   No LDT found for Meta 
2459       DEBUG main            d.u.i.k.j.TypeConverter   No LDT found for Meta 
4486       DEBUG main            d.u.i.k.j.TypeConverter   No LDT found for JavaBigintExpression 
12226      DEBUG main            d.u.i.k.p.i.AbstractProblemLoader Init config took 11.1s 
12478      INFO  main            d.u.i.k.p.i.AbstractProblemLoader Replaying proof ExampleObserver[ExampleObserver::ExampleObserver(ExampleSubject)].JML normal_behavior operation contract.0 
12534      DEBUG main            d.u.i.k.p.i.IntermediateProofReplayer Proof replay took 42.4ns 
13980      INFO  main            d.u.i.k.p.r.p.TestFile    ... finished proof: closed. 
14165      INFO  main            d.u.i.k.p.i.AbstractProblemLoader Loading environment from /home/runner/work/key/key/key.core/../key.ui/examples/heap/observer/ExampleObserver_ExampleObserver.key.proof 
14166      DEBUG main            d.u.i.k.p.i.AbstractProblemLoader Environment load took 605ns 
14169      INFO  main            d.u.i.k.p.i.AbstractProblemLoader Creating init config 
18682      DEBUG main            d.u.i.k.p.i.AbstractProblemLoader Init config took 4.51s 
18801      INFO  main            d.u.i.k.p.i.AbstractProblemLoader Replaying proof ExampleObserver[ExampleObserver::ExampleObserver(ExampleSubject)].JML normal_behavior operation contract.0 
19078      DEBUG main            d.u.i.k.p.i.IntermediateProofReplayer Proof replay took 266.83ms 
19090      DEBUG main            d.u.i.k.p.r.p.TestFile    ... success: reloaded. 
19093      INFO  main            d.u.i.k.p.r.p.TestFile    Now processing file /home/runner/work/key/key/key.core/../key.ui/examples/heap/observer/ExampleObserver_inv.key 
19094      INFO  main            d.u.i.k.p.i.AbstractProblemLoader Loading environment from /home/runner/work/key/key/key.core/../key.ui/examples/heap/observer/ExampleObserver_inv.key 
19094      DEBUG main            d.u.i.k.p.i.AbstractProblemLoader Environment load took 469.7ns 
19098      INFO  main            d.u.i.k.p.i.AbstractProblemLoader Creating init config 
23323      DEBUG main            d.u.i.k.p.i.AbstractProblemLoader Init config took 4.23s 
23409      INFO  main            d.u.i.k.p.i.AbstractProblemLoader Replaying proof ExampleObserver[java.lang.Object::<inv>()].JML accessible clause.0 
23413      DEBUG main            d.u.i.k.p.i.IntermediateProofReplayer Proof replay took 9.3ns 
23616      INFO  main            d.u.i.k.p.r.p.TestFile    ... finished proof: closed. 
23791      INFO  main            d.u.i.k.p.i.AbstractProblemLoader Loading environment from /home/runner/work/key/key/key.core/../key.ui/examples/heap/observer/ExampleObserver_inv.key.proof 
23792      DEBUG main            d.u.i.k.p.i.AbstractProblemLoader Environment load took 941.69ns 
23794      INFO  main            d.u.i.k.p.i.AbstractProblemLoader Creating init config 
27867      DEBUG main            d.u.i.k.p.i.AbstractProblemLoader Init config took 4.07s 
27968      INFO  main            d.u.i.k.p.i.AbstractProblemLoader Replaying proof ExampleObserver[java.lang.Object::<inv>()].JML accessible clause.0 
28005      DEBUG main            d.u.i.k.p.i.IntermediateProofReplayer Proof replay took 29.38ms 
28008      DEBUG main            d.u.i.k.p.r.p.TestFile    ... success: reloaded. 
28013      INFO  main            d.u.i.k.p.r.p.TestFile    Now processing file /home/runner/work/key/key/key.core/../key.ui/examples/heap/observer/ExampleObserver_subject.key 
28014      INFO  main            d.u.i.k.p.i.AbstractProblemLoader Loading environment from /home/runner/work/key/key/key.core/../key.ui/examples/heap/observer/ExampleObserver_subject.key 
28015      DEBUG main            d.u.i.k.p.i.AbstractProblemLoader Environment load took 504.3ns 
28018      INFO  main            d.u.i.k.p.i.AbstractProblemLoader Creating init config 
31977      DEBUG main            d.u.i.k.p.i.AbstractProblemLoader Init config took 3.96s 
32053      INFO  main            d.u.i.k.p.i.AbstractProblemLoader Replaying proof Observer[Observer::$subject()].JML accessible clause.0 
32057      DEBUG main            d.u.i.k.p.i.IntermediateProofReplayer Proof replay took 8.2ns 
32159      INFO  main            d.u.i.k.p.r.p.TestFile    ... finished proof: closed. 
32366      INFO  main            d.u.i.k.p.i.AbstractProblemLoader Loading environment from /home/runner/work/key/key/key.core/../key.ui/examples/heap/observer/ExampleObserver_subject.key.proof 
32366      DEBUG main            d.u.i.k.p.i.AbstractProblemLoader Environment load took 192.7ns 
32368      INFO  main            d.u.i.k.p.i.AbstractProblemLoader Creating init config 
36249      DEBUG main            d.u.i.k.p.i.AbstractProblemLoader Init config took 3.88s 
36337      INFO  main            d.u.i.k.p.i.AbstractProblemLoader Replaying proof Observer[Observer::$subject()].JML accessible clause.0 
36344      DEBUG main            d.u.i.k.p.i.IntermediateProofReplayer Proof replay took 2.95ms 
36346      DEBUG main            d.u.i.k.p.r.p.TestFile    ... success: reloaded. 
36353      INFO  main            d.u.i.k.p.r.p.TestFile    Now processing file /home/runner/work/key/key/key.core/../key.ui/examples/heap/observer/ExampleObserver_update.key 
36354      INFO  main            d.u.i.k.p.i.AbstractProblemLoader Loading environment from /home/runner/work/key/key/key.core/../key.ui/examples/heap/observer/ExampleObserver_update.key 
36354      DEBUG main            d.u.i.k.p.i.AbstractProblemLoader Environment load took 321.1ns 
36355      INFO  main            d.u.i.k.p.i.AbstractProblemLoader Creating init config 
40341      DEBUG main            d.u.i.k.p.i.AbstractProblemLoader Init config took 3.99s 
40407      INFO  main            d.u.i.k.p.i.AbstractProblemLoader Replaying proof ExampleObserver[Observer::update()].JML normal_behavior operation contract.0 
40410      DEBUG main            d.u.i.k.p.i.IntermediateProofReplayer Proof replay took 8.2ns 
40815      INFO  main            d.u.i.k.p.r.p.TestFile    ... finished proof: closed. 
41042      INFO  main            d.u.i.k.p.i.AbstractProblemLoader Loading environment from /home/runner/work/key/key/key.core/../key.ui/examples/heap/observer/ExampleObserver_update.key.proof 
41043      DEBUG main            d.u.i.k.p.i.AbstractProblemLoader Environment load took 1.49ms 
41045      INFO  main            d.u.i.k.p.i.AbstractProblemLoader Creating init config 
44939      DEBUG main            d.u.i.k.p.i.AbstractProblemLoader Init config took 3.89s 
45035      INFO  main            d.u.i.k.p.i.AbstractProblemLoader Replaying proof ExampleObserver[Observer::update()].JML normal_behavior operation contract.0 
45135      DEBUG main            d.u.i.k.p.i.IntermediateProofReplayer Proof replay took 95.04ms 
45137      DEBUG main            d.u.i.k.p.r.p.TestFile    ... success: reloaded. 
45139      INFO  main            d.u.i.k.p.r.p.TestFile    Now processing file /home/runner/work/key/key/key.core/../key.ui/examples/heap/observer/ExampleObserver_upToDate.key 
45140      INFO  main            d.u.i.k.p.i.AbstractProblemLoader Loading environment from /home/runner/work/key/key/key.core/../key.ui/examples/heap/observer/ExampleObserver_upToDate.key 
45140      DEBUG main            d.u.i.k.p.i.AbstractProblemLoader Environment load took 330.1ns 
45141      INFO  main            d.u.i.k.p.i.AbstractProblemLoader Creating init config 
49053      DEBUG main            d.u.i.k.p.i.AbstractProblemLoader Init config took 3.91s 
49126      INFO  main            d.u.i.k.p.i.AbstractProblemLoader Replaying proof ExampleObserver[Observer::$upToDate()].JML accessible clause.0 
49129      DEBUG main            d.u.i.k.p.i.IntermediateProofReplayer Proof replay took 9.2ns 
49333      INFO  main            d.u.i.k.p.r.p.TestFile    ... finished proof: closed. 
49551      INFO  main            d.u.i.k.p.i.AbstractProblemLoader Loading environment from /home/runner/work/key/key/key.core/../key.ui/examples/heap/observer/ExampleObserver_upToDate.key.proof 
49552      DEBUG main            d.u.i.k.p.i.AbstractProblemLoader Environment load took 607.9ns 
49553      INFO  main            d.u.i.k.p.i.AbstractProblemLoader Creating init config 
53421      DEBUG main            d.u.i.k.p.i.AbstractProblemLoader Init config took 3.87s 
53508      INFO  main            d.u.i.k.p.i.AbstractProblemLoader Replaying proof ExampleObserver[Observer::$upToDate()].JML accessible clause.0 
53546      DEBUG main            d.u.i.k.p.i.IntermediateProofReplayer Proof replay took 32.58ms 
53548      DEBUG main            d.u.i.k.p.r.p.TestFile    ... success: reloaded. 
53550      INFO  main            d.u.i.k.p.r.p.TestFile    Now processing file /home/runner/work/key/key/key.core/../key.ui/examples/heap/observer/ExampleObserver_value.key 
53551      INFO  main            d.u.i.k.p.i.AbstractProblemLoader Loading environment from /home/runner/work/key/key/key.core/../key.ui/examples/heap/observer/ExampleObserver_value.key 
53551      DEBUG main            d.u.i.k.p.i.AbstractProblemLoader Environment load took 192.6ns 
53553      INFO  main            d.u.i.k.p.i.AbstractProblemLoader Creating init config 
57370      DEBUG main            d.u.i.k.p.i.AbstractProblemLoader Init config took 3.82s 
57431      INFO  main            d.u.i.k.p.i.AbstractProblemLoader Replaying proof ExampleObserver[ExampleObserver::value()].JML normal_behavior operation contract.0 
57436      DEBUG main            d.u.i.k.p.i.IntermediateProofReplayer Proof replay took 9.2ns 
57539      INFO  main            d.u.i.k.p.r.p.TestFile    ... finished proof: closed. 
57773      INFO  main            d.u.i.k.p.i.AbstractProblemLoader Loading environment from /home/runner/work/key/key/key.core/../key.ui/examples/heap/observer/ExampleObserver_value.key.proof 
57777      DEBUG main            d.u.i.k.p.i.AbstractProblemLoader Environment load took 3.51ms 
57778      INFO  main            d.u.i.k.p.i.AbstractProblemLoader Creating init config 
61527      DEBUG main            d.u.i.k.p.i.AbstractProblemLoader Init config took 3.75s 
61594      INFO  main            d.u.i.k.p.i.AbstractProblemLoader Replaying proof ExampleObserver[ExampleObserver::value()].JML normal_behavior operation contract.0 
61629      DEBUG main            d.u.i.k.p.i.IntermediateProofReplayer Proof replay took 29.77ms 
61631      DEBUG main            d.u.i.k.p.r.p.TestFile    ... success: reloaded. 
61633      INFO  main            d.u.i.k.p.r.p.TestFile    Now processing file /home/runner/work/key/key/key.core/../key.ui/examples/heap/observer/ExampleSubject_addObserver.key 
61633      INFO  main            d.u.i.k.p.i.AbstractProblemLoader Loading environment from /home/runner/work/key/key/key.core/../key.ui/examples/heap/observer/ExampleSubject_addObserver.key 
61634      DEBUG main            d.u.i.k.p.i.AbstractProblemLoader Environment load took 280.1ns 
61635      INFO  main            d.u.i.k.p.i.AbstractProblemLoader Creating init config 
65523      DEBUG main            d.u.i.k.p.i.AbstractProblemLoader Init config took 3.89s 
65609      INFO  main            d.u.i.k.p.i.AbstractProblemLoader Replaying proof ExampleSubject[Subject::addObserver(Observer)].JML normal_behavior operation contract.0 
65611      DEBUG main            d.u.i.k.p.i.IntermediateProofReplayer Proof replay took 8.5ns 
73294      INFO  main            d.u.i.k.p.r.p.TestFile    ... finished proof: closed. 
73629      INFO  main            d.u.i.k.p.i.AbstractProblemLoader Loading environment from /home/runner/work/key/key/key.core/../key.ui/examples/heap/observer/ExampleSubject_addObserver.key.proof 
73629      DEBUG main            d.u.i.k.p.i.AbstractProblemLoader Environment load took 686.8ns 
73632      INFO  main            d.u.i.k.p.i.AbstractProblemLoader Creating init config 
77377      DEBUG main            d.u.i.k.p.i.AbstractProblemLoader Init config took 3.74s 
77452      INFO  main            d.u.i.k.p.i.AbstractProblemLoader Replaying proof ExampleSubject[Subject::addObserver(Observer)].JML normal_behavior operation contract.0 
78598      DEBUG main            d.u.i.k.p.i.IntermediateProofReplayer Proof replay took 1.12s 
78602      DEBUG main            d.u.i.k.p.r.p.TestFile    ... success: reloaded. 
78604      INFO  main            d.u.i.k.p.r.p.TestFile    Now processing file /home/runner/work/key/key/key.core/../key.ui/examples/heap/observer/ExampleSubject_change.key 
78605      INFO  main            d.u.i.k.p.i.AbstractProblemLoader Loading environment from /home/runner/work/key/key/key.core/../key.ui/examples/heap/observer/ExampleSubject_change.key 
78605      DEBUG main            d.u.i.k.p.i.AbstractProblemLoader Environment load took 310.4ns 
78607      INFO  main            d.u.i.k.p.i.AbstractProblemLoader Creating init config 
82322      DEBUG main            d.u.i.k.p.i.AbstractProblemLoader Init config took 3.72s 
82383      INFO  main            d.u.i.k.p.i.AbstractProblemLoader Replaying proof ExampleSubject[ExampleSubject::change()].JML normal_behavior operation contract.0 
82385      DEBUG main            d.u.i.k.p.i.IntermediateProofReplayer Proof replay took 9.7ns 
83000      INFO  main            d.u.i.k.p.r.p.TestFile    ... finished proof: closed. 
83279      INFO  main            d.u.i.k.p.i.AbstractProblemLoader Loading environment from /home/runner/work/key/key/key.core/../key.ui/examples/heap/observer/ExampleSubject_change.key.proof 
83280      DEBUG main            d.u.i.k.p.i.AbstractProblemLoader Environment load took 959.09ns 
83281      INFO  main            d.u.i.k.p.i.AbstractProblemLoader Creating init config 
87013      DEBUG main            d.u.i.k.p.i.AbstractProblemLoader Init config took 3.73s 
87085      INFO  main            d.u.i.k.p.i.AbstractProblemLoader Replaying proof ExampleSubject[ExampleSubject::change()].JML normal_behavior operation contract.0 
87242      DEBUG main            d.u.i.k.p.i.IntermediateProofReplayer Proof replay took 150.44ms 
87243      DEBUG main            d.u.i.k.p.r.p.TestFile    ... success: reloaded. 
87245      INFO  main            d.u.i.k.p.r.p.TestFile    Now processing file /home/runner/work/key/key/key.core/../key.ui/examples/heap/observer/ExampleSubject_ExampleSubject.key 
87245      INFO  main            d.u.i.k.p.i.AbstractProblemLoader Loading environment from /home/runner/work/key/key/key.core/../key.ui/examples/heap/observer/ExampleSubject_ExampleSubject.key 
87246      DEBUG main            d.u.i.k.p.i.AbstractProblemLoader Environment load took 274.2ns 
87247      INFO  main            d.u.i.k.p.i.AbstractProblemLoader Creating init config 
90974      DEBUG main            d.u.i.k.p.i.AbstractProblemLoader Init config took 3.73s 
91044      INFO  main            d.u.i.k.p.i.AbstractProblemLoader Replaying proof ExampleSubject[ExampleSubject::ExampleSubject()].JML normal_behavior operation contract.0 
91047      DEBUG main            d.u.i.k.p.i.IntermediateProofReplayer Proof replay took 8.7ns 
92574      INFO  main            d.u.i.k.p.r.p.TestFile    ... finished proof: closed. 
92883      INFO  main            d.u.i.k.p.i.AbstractProblemLoader Loading environment from /home/runner/work/key/key/key.core/../key.ui/examples/heap/observer/ExampleSubject_ExampleSubject.key.proof 
92884      DEBUG main            d.u.i.k.p.i.AbstractProblemLoader Environment load took 1.22ms 
92885      INFO  main            d.u.i.k.p.i.AbstractProblemLoader Creating init config 
96757      DEBUG main            d.u.i.k.p.i.AbstractProblemLoader Init config took 3.87s 
96820      INFO  main            d.u.i.k.p.i.AbstractProblemLoader Replaying proof ExampleSubject[ExampleSubject::ExampleSubject()].JML normal_behavior operation contract.0 
97122      DEBUG main            d.u.i.k.p.i.IntermediateProofReplayer Proof replay took 292.24ms 
97127      DEBUG main            d.u.i.k.p.r.p.TestFile    ... success: reloaded. 
97128      INFO  main            d.u.i.k.p.r.p.TestFile    Now processing file /home/runner/work/key/key/key.core/../key.ui/examples/heap/observer/ExampleSubject_footprint.key 
97129      INFO  main            d.u.i.k.p.i.AbstractProblemLoader Loading environment from /home/runner/work/key/key/key.core/../key.ui/examples/heap/observer/ExampleSubject_footprint.key 
97129      DEBUG main            d.u.i.k.p.i.AbstractProblemLoader Environment load took 280.5ns 
97131      INFO  main            d.u.i.k.p.i.AbstractProblemLoader Creating init config 
100838     DEBUG main            d.u.i.k.p.i.AbstractProblemLoader Init config took 3.71s 
100895     INFO  main            d.u.i.k.p.i.AbstractProblemLoader Replaying proof ExampleSubject[Subject::$footprint()].JML accessible clause.0 
100897     DEBUG main            d.u.i.k.p.i.IntermediateProofReplayer Proof replay took 7.9ns 
101100     INFO  main            d.u.i.k.p.r.p.TestFile    ... finished proof: closed. 
101392     INFO  main            d.u.i.k.p.i.AbstractProblemLoader Loading environment from /home/runner/work/key/key/key.core/../key.ui/examples/heap/observer/ExampleSubject_footprint.key.proof 
101392     DEBUG main            d.u.i.k.p.i.AbstractProblemLoader Environment load took 551ns 
101394     INFO  main            d.u.i.k.p.i.AbstractProblemLoader Creating init config 
105089     DEBUG main            d.u.i.k.p.i.AbstractProblemLoader Init config took 3.7s 
105151     INFO  main            d.u.i.k.p.i.AbstractProblemLoader Replaying proof ExampleSubject[Subject::$footprint()].JML accessible clause.0 
105183     DEBUG main            d.u.i.k.p.i.IntermediateProofReplayer Proof replay took 29.45ms 
105185     DEBUG main            d.u.i.k.p.r.p.TestFile    ... success: reloaded. 
105187     INFO  main            d.u.i.k.p.r.p.TestFile    Now processing file /home/runner/work/key/key/key.core/../key.ui/examples/heap/observer/ExampleSubject_inv.key 
105187     INFO  main            d.u.i.k.p.i.AbstractProblemLoader Loading environment from /home/runner/work/key/key/key.core/../key.ui/examples/heap/observer/ExampleSubject_inv.key 
105188     DEBUG main            d.u.i.k.p.i.AbstractProblemLoader Environment load took 257.8ns 
105191     INFO  main            d.u.i.k.p.i.AbstractProblemLoader Creating init config 
109063     DEBUG main            d.u.i.k.p.i.AbstractProblemLoader Init config took 3.87s 
109119     INFO  main            d.u.i.k.p.i.AbstractProblemLoader Replaying proof ExampleSubject[java.lang.Object::<inv>()].JML accessible clause.0 
109123     DEBUG main            d.u.i.k.p.i.IntermediateProofReplayer Proof replay took 11ns 
110628     INFO  main            d.u.i.k.p.r.p.TestFile    ... finished proof: closed. 
110951     INFO  main            d.u.i.k.p.i.AbstractProblemLoader Loading environment from /home/runner/work/key/key/key.core/../key.ui/examples/heap/observer/ExampleSubject_inv.key.proof 
110952     DEBUG main            d.u.i.k.p.i.AbstractProblemLoader Environment load took 595ns 
110953     INFO  main            d.u.i.k.p.i.AbstractProblemLoader Creating init config 
114591     DEBUG main            d.u.i.k.p.i.AbstractProblemLoader Init config took 3.64s 
114666     INFO  main            d.u.i.k.p.i.AbstractProblemLoader Replaying proof ExampleSubject[java.lang.Object::<inv>()].JML accessible clause.0 
114865     DEBUG main            d.u.i.k.p.i.IntermediateProofReplayer Proof replay took 189ms 
114869     DEBUG main            d.u.i.k.p.r.p.TestFile    ... success: reloaded. 
114871     INFO  main            d.u.i.k.p.r.p.TestFile    Now processing file /home/runner/work/key/key/key.core/../key.ui/examples/heap/observer/ExampleSubject_notifyObservers.key 
114871     INFO  main            d.u.i.k.p.i.AbstractProblemLoader Loading environment from /home/runner/work/key/key/key.core/../key.ui/examples/heap/observer/ExampleSubject_notifyObservers.key 
114871     DEBUG main            d.u.i.k.p.i.AbstractProblemLoader Environment load took 153.4ns 
114873     INFO  main            d.u.i.k.p.i.AbstractProblemLoader Creating init config 
118682     DEBUG main            d.u.i.k.p.i.AbstractProblemLoader Init config took 3.81s 
118749     INFO  main            d.u.i.k.p.i.AbstractProblemLoader Replaying proof Subject[Subject::notifyObservers()].JML normal_behavior operation contract.0 
118752     DEBUG main            d.u.i.k.p.i.IntermediateProofReplayer Proof replay took 10.2ns 
118855     INFO  main            d.u.i.k.p.r.p.TestFile    ... finished proof: closed. 
119142     INFO  main            d.u.i.k.p.i.AbstractProblemLoader Loading environment from /home/runner/work/key/key/key.core/../key.ui/examples/heap/observer/ExampleSubject_notifyObservers.key.proof 
119142     DEBUG main            d.u.i.k.p.i.AbstractProblemLoader Environment load took 154.6ns 
119143     INFO  main            d.u.i.k.p.i.AbstractProblemLoader Creating init config 
122787     DEBUG main            d.u.i.k.p.i.AbstractProblemLoader Init config took 3.64s 
122884     INFO  main            d.u.i.k.p.i.AbstractProblemLoader Replaying proof Subject[Subject::notifyObservers()].JML normal_behavior operation contract.0 
122892     DEBUG main            d.u.i.k.p.i.IntermediateProofReplayer Proof replay took 4.09ms 
122893     DEBUG main            d.u.i.k.p.r.p.TestFile    ... success: reloaded. 
122895     INFO  main            d.u.i.k.p.r.p.TestFile    Now processing file /home/runner/work/key/key/key.core/../key.ui/examples/heap/observer/ExampleSubject_value_dep.key 
122895     INFO  main            d.u.i.k.p.i.AbstractProblemLoader Loading environment from /home/runner/work/key/key/key.core/../key.ui/examples/heap/observer/ExampleSubject_value_dep.key 
122895     DEBUG main            d.u.i.k.p.i.AbstractProblemLoader Environment load took 168.7ns 
122897     INFO  main            d.u.i.k.p.i.AbstractProblemLoader Creating init config 
126645     DEBUG main            d.u.i.k.p.i.AbstractProblemLoader Init config took 3.75s 
126704     INFO  main            d.u.i.k.p.i.AbstractProblemLoader Replaying proof ExampleSubject[ExampleSubject::value()].JML accessible clause.0 
126706     DEBUG main            d.u.i.k.p.i.IntermediateProofReplayer Proof replay took 7.5ns 
126810     INFO  main            d.u.i.k.p.r.p.TestFile    ... finished proof: closed. 
127144     INFO  main            d.u.i.k.p.i.AbstractProblemLoader Loading environment from /home/runner/work/key/key/key.core/../key.ui/examples/heap/observer/ExampleSubject_value_dep.key.proof 
127144     DEBUG main            d.u.i.k.p.i.AbstractProblemLoader Environment load took 257.1ns 
127146     INFO  main            d.u.i.k.p.i.AbstractProblemLoader Creating init config 
130755     DEBUG main            d.u.i.k.p.i.AbstractProblemLoader Init config took 3.61s 
130820     INFO  main            d.u.i.k.p.i.AbstractProblemLoader Replaying proof ExampleSubject[ExampleSubject::value()].JML accessible clause.0 
130843     DEBUG main            d.u.i.k.p.i.IntermediateProofReplayer Proof replay took 20.81ms 
130845     DEBUG main            d.u.i.k.p.r.p.TestFile    ... success: reloaded. 
130847     INFO  main            d.u.i.k.p.r.p.TestFile    Now processing file /home/runner/work/key/key/key.core/../key.ui/examples/heap/observer/ExampleSubject_value.key 
130848     INFO  main            d.u.i.k.p.i.AbstractProblemLoader Loading environment from /home/runner/work/key/key/key.core/../key.ui/examples/heap/observer/ExampleSubject_value.key 
130848     DEBUG main            d.u.i.k.p.i.AbstractProblemLoader Environment load took 351.19ns 
130849     INFO  main            d.u.i.k.p.i.AbstractProblemLoader Creating init config 
134764     DEBUG main            d.u.i.k.p.i.AbstractProblemLoader Init config took 3.92s 
134834     INFO  main            d.u.i.k.p.i.AbstractProblemLoader Replaying proof ExampleSubject[ExampleSubject::value()].JML normal_behavior operation contract.0 
134836     DEBUG main            d.u.i.k.p.i.IntermediateProofReplayer Proof replay took 10.1ns 
134940     INFO  main            d.u.i.k.p.r.p.TestFile    ... finished proof: closed. 
135263     INFO  main            d.u.i.k.p.i.AbstractProblemLoader Loading environment from /home/runner/work/key/key/key.core/../key.ui/examples/heap/observer/ExampleSubject_value.key.proof 
135263     DEBUG main            d.u.i.k.p.i.AbstractProblemLoader Environment load took 271.8ns 
135264     INFO  main            d.u.i.k.p.i.AbstractProblemLoader Creating init config 
139005     DEBUG main            d.u.i.k.p.i.AbstractProblemLoader Init config took 3.74s 
139081     INFO  main            d.u.i.k.p.i.AbstractProblemLoader Replaying proof ExampleSubject[ExampleSubject::value()].JML normal_behavior operation contract.0 
139100     DEBUG main            d.u.i.k.p.i.IntermediateProofReplayer Proof replay took 15.9ms 
139102     DEBUG main            d.u.i.k.p.r.p.TestFile    ... success: reloaded. 
2091404    INFO  Test worker     d.u.i.k.p.r.p.StatisticsFile Returning from test observer 
2091411    INFO  Test worker     d.u.i.k.p.r.p.StatisticsFile Running test removeDups 
549        INFO  Timeout watchdog d.u.i.k.p.r.p.ForkedTestFileRunner Timeout watcher launched (2000 secs.) 
556        WARN  main            d.u.i.k.s.ProofSettings   The settings in /home/runner/.key/proof-settings.props are *not* read. 
641        INFO  main            d.u.i.k.p.r.p.TestFile    Now processing file /home/runner/work/key/key/key.core/../key.ui/examples/heap/removeDups/arrayPart.key 
825        INFO  main            d.u.i.k.p.i.AbstractProblemLoader Loading environment from /home/runner/work/key/key/key.core/../key.ui/examples/heap/removeDups/arrayPart.key 
847        DEBUG main            d.u.i.k.p.i.AbstractProblemLoader Environment load took 2.55ms 
1175       INFO  main            d.u.i.k.p.i.AbstractProblemLoader Creating init config 
2552       DEBUG main            d.u.i.k.j.TypeConverter   No LDT found for Meta 
2553       DEBUG main            d.u.i.k.j.TypeConverter   No LDT found for Meta 
2559       DEBUG main            d.u.i.k.j.TypeConverter   No LDT found for Meta 
2560       DEBUG main            d.u.i.k.j.TypeConverter   No LDT found for Meta 
4779       DEBUG main            d.u.i.k.j.TypeConverter   No LDT found for JavaBigintExpression 
13221      DEBUG main            d.u.i.k.p.i.AbstractProblemLoader Init config took 12.04s 
13444      INFO  main            d.u.i.k.p.i.AbstractProblemLoader Replaying proof RemoveDup[RemoveDup::arrayPart([I,int)].JML normal_behavior operation contract.0 
13502      DEBUG main            d.u.i.k.p.i.IntermediateProofReplayer Proof replay took 82.5ns 
17678      INFO  main            d.u.i.k.p.r.p.TestFile    ... finished proof: closed. 
17887      INFO  main            d.u.i.k.p.i.AbstractProblemLoader Loading environment from /home/runner/work/key/key/key.core/../key.ui/examples/heap/removeDups/arrayPart.key.proof 
17890      DEBUG main            d.u.i.k.p.i.AbstractProblemLoader Environment load took 2.59ms 
17893      INFO  main            d.u.i.k.p.i.AbstractProblemLoader Creating init config 
22144      DEBUG main            d.u.i.k.p.i.AbstractProblemLoader Init config took 4.25s 
22223      INFO  main            d.u.i.k.p.i.AbstractProblemLoader Replaying proof RemoveDup[RemoveDup::arrayPart([I,int)].JML normal_behavior operation contract.0 
22742      DEBUG main            d.u.i.k.p.i.IntermediateProofReplayer Proof replay took 500.31ms 
22752      DEBUG main            d.u.i.k.p.r.p.TestFile    ... success: reloaded. 
22755      INFO  main            d.u.i.k.p.r.p.TestFile    Now processing file /home/runner/work/key/key/key.core/../key.ui/examples/heap/removeDups/contains.key 
22756      INFO  main            d.u.i.k.p.i.AbstractProblemLoader Loading environment from /home/runner/work/key/key/key.core/../key.ui/examples/heap/removeDups/contains.key 
22756      DEBUG main            d.u.i.k.p.i.AbstractProblemLoader Environment load took 305.2ns 
22762      INFO  main            d.u.i.k.p.i.AbstractProblemLoader Creating init config 
26948      DEBUG main            d.u.i.k.p.i.AbstractProblemLoader Init config took 4.19s 
27054      INFO  main            d.u.i.k.p.i.AbstractProblemLoader Replaying proof RemoveDup[RemoveDup::contains([I,int,int)].JML normal_behavior operation contract.0 
27061      DEBUG main            d.u.i.k.p.i.IntermediateProofReplayer Proof replay took 10.3ns 
27967      INFO  main            d.u.i.k.p.r.p.TestFile    ... finished proof: closed. 
28268      INFO  main            d.u.i.k.p.i.AbstractProblemLoader Loading environment from /home/runner/work/key/key/key.core/../key.ui/examples/heap/removeDups/contains.key.proof 
28269      DEBUG main            d.u.i.k.p.i.AbstractProblemLoader Environment load took 612.79ns 
28272      INFO  main            d.u.i.k.p.i.AbstractProblemLoader Creating init config 
32092      DEBUG main            d.u.i.k.p.i.AbstractProblemLoader Init config took 3.82s 
32168      INFO  main            d.u.i.k.p.i.AbstractProblemLoader Replaying proof RemoveDup[RemoveDup::contains([I,int,int)].JML normal_behavior operation contract.0 
32371      DEBUG main            d.u.i.k.p.i.IntermediateProofReplayer Proof replay took 195.53ms 
32372      DEBUG main            d.u.i.k.p.r.p.TestFile    ... success: reloaded. 
32376      INFO  main            d.u.i.k.p.r.p.TestFile    Now processing file /home/runner/work/key/key/key.core/../key.ui/examples/heap/removeDups/removeDup.key 
32376      INFO  main            d.u.i.k.p.i.AbstractProblemLoader Loading environment from /home/runner/work/key/key/key.core/../key.ui/examples/heap/removeDups/removeDup.key 
32376      DEBUG main            d.u.i.k.p.i.AbstractProblemLoader Environment load took 187.4ns 
32379      INFO  main            d.u.i.k.p.i.AbstractProblemLoader Creating init config 
36293      DEBUG main            d.u.i.k.p.i.AbstractProblemLoader Init config took 3.91s 
36359      INFO  main            d.u.i.k.p.i.AbstractProblemLoader Replaying proof RemoveDup[RemoveDup::removeDup([I)].JML normal_behavior operation contract.0 
36362      DEBUG main            d.u.i.k.p.i.IntermediateProofReplayer Proof replay took 7.8ns 
43676      DEBUG Thread-7        d.u.i.k.j.d.VariableSpecification Program match. Variables have different dimension (template #v0 = #vi;, source a#11[] = var;) 
75179      INFO  main            d.u.i.k.p.r.p.TestFile    ... finished proof: closed. 
75569      INFO  main            d.u.i.k.p.i.AbstractProblemLoader Loading environment from /home/runner/work/key/key/key.core/../key.ui/examples/heap/removeDups/removeDup.key.proof 
75570      DEBUG main            d.u.i.k.p.i.AbstractProblemLoader Environment load took 661.39ns 
75584      INFO  main            d.u.i.k.p.i.AbstractProblemLoader Creating init config 
79339      DEBUG main            d.u.i.k.p.i.AbstractProblemLoader Init config took 3.76s 
79423      INFO  main            d.u.i.k.p.i.AbstractProblemLoader Replaying proof RemoveDup[RemoveDup::removeDup([I)].JML normal_behavior operation contract.0 
82527      DEBUG main            d.u.i.k.p.i.IntermediateProofReplayer Proof replay took 3.01s 
82531      DEBUG main            d.u.i.k.p.r.p.TestFile    ... success: reloaded. 
82533      INFO  main            d.u.i.k.p.r.p.TestFile    Now processing file /home/runner/work/key/key/key.core/../key.ui/examples/heap/saddleback_search/Saddleback_search.key 
82535      INFO  main            d.u.i.k.p.i.AbstractProblemLoader Loading environment from /home/runner/work/key/key/key.core/../key.ui/examples/heap/saddleback_search/Saddleback_search.key 
82536      DEBUG main            d.u.i.k.p.i.AbstractProblemLoader Environment load took 315ns 
82539      INFO  main            d.u.i.k.p.i.AbstractProblemLoader Creating init config 
86401      DEBUG main            d.u.i.k.p.i.AbstractProblemLoader Init config took 3.86s 
86456      INFO  main            d.u.i.k.p.i.AbstractProblemLoader Replaying proof Saddleback[Saddleback::search([[I,int)].JML normal_behavior operation contract.0 
86467      DEBUG main            d.u.i.k.p.i.IntermediateProofReplayer Proof replay took 9.3ns 
204146     INFO  main            d.u.i.k.p.r.p.TestFile    ... finished proof: closed. 
204693     INFO  main            d.u.i.k.p.i.AbstractProblemLoader Loading environment from /home/runner/work/key/key/key.core/../key.ui/examples/heap/saddleback_search/Saddleback_search.key.proof 
204694     DEBUG main            d.u.i.k.p.i.AbstractProblemLoader Environment load took 469.5ns 
204708     INFO  main            d.u.i.k.p.i.AbstractProblemLoader Creating init config 
208255     DEBUG main            d.u.i.k.p.i.AbstractProblemLoader Init config took 3.55s 
208336     INFO  main            d.u.i.k.p.i.AbstractProblemLoader Replaying proof Saddleback[Saddleback::search([[I,int)].JML normal_behavior operation contract.0 
212633     DEBUG main            d.u.i.k.p.i.IntermediateProofReplayer Proof replay took 4.06s 
212705     DEBUG main            d.u.i.k.p.r.p.TestFile    ... success: reloaded. 
2305430    INFO  Test worker     d.u.i.k.p.r.p.StatisticsFile Returning from test removeDups 
2305440    INFO  Test worker     d.u.i.k.p.r.p.StatisticsFile Running test quicksort 
601        INFO  Timeout watchdog d.u.i.k.p.r.p.ForkedTestFileRunner Timeout watcher launched (2000 secs.) 
630        WARN  main            d.u.i.k.s.ProofSettings   The settings in /home/runner/.key/proof-settings.props are *not* read. 
697        INFO  main            d.u.i.k.p.r.p.TestFile    Now processing file /home/runner/work/key/key/key.core/../key.ui/examples/heap/quicksort/toplevel.key 
853        INFO  main            d.u.i.k.p.i.AbstractProblemLoader Loading environment from /home/runner/work/key/key/key.core/../key.ui/examples/heap/quicksort/toplevel.key 
877        DEBUG main            d.u.i.k.p.i.AbstractProblemLoader Environment load took 2.41ms 
1201       INFO  main            d.u.i.k.p.i.AbstractProblemLoader Creating init config 
2552       DEBUG main            d.u.i.k.j.TypeConverter   No LDT found for Meta 
2553       DEBUG main            d.u.i.k.j.TypeConverter   No LDT found for Meta 
2560       DEBUG main            d.u.i.k.j.TypeConverter   No LDT found for Meta 
2561       DEBUG main            d.u.i.k.j.TypeConverter   No LDT found for Meta 
4726       DEBUG main            d.u.i.k.j.TypeConverter   No LDT found for JavaBigintExpression 
11718      DEBUG main            d.u.i.k.p.i.AbstractProblemLoader Init config took 10.52s 
11980      INFO  main            d.u.i.k.p.i.AbstractProblemLoader Replaying proof Quicksort[Quicksort::sort([I)].JML normal_behavior operation contract.0 
12034      DEBUG main            d.u.i.k.p.i.IntermediateProofReplayer Proof replay took 49.8ns 
13987      INFO  main            d.u.i.k.p.r.p.TestFile    ... finished proof: closed. 
14189      INFO  main            d.u.i.k.p.i.AbstractProblemLoader Loading environment from /home/runner/work/key/key/key.core/../key.ui/examples/heap/quicksort/toplevel.key.proof 
14190      DEBUG main            d.u.i.k.p.i.AbstractProblemLoader Environment load took 691.29ns 
14193      INFO  main            d.u.i.k.p.i.AbstractProblemLoader Creating init config 
18275      DEBUG main            d.u.i.k.p.i.AbstractProblemLoader Init config took 4.08s 
18387      INFO  main            d.u.i.k.p.i.AbstractProblemLoader Replaying proof Quicksort[Quicksort::sort([I)].JML normal_behavior operation contract.0 
18747      DEBUG main            d.u.i.k.p.i.IntermediateProofReplayer Proof replay took 341.21ms 
18758      DEBUG main            d.u.i.k.p.r.p.TestFile    ... success: reloaded. 
18766      INFO  main            d.u.i.k.p.r.p.TestFile    Now processing file /home/runner/work/key/key/key.core/../key.ui/examples/heap/quicksort/sort.key 
18766      INFO  main            d.u.i.k.p.i.AbstractProblemLoader Loading environment from /home/runner/work/key/key/key.core/../key.ui/examples/heap/quicksort/sort.key 
18767      DEBUG main            d.u.i.k.p.i.AbstractProblemLoader Environment load took 188.1ns 
18772      INFO  main            d.u.i.k.p.i.AbstractProblemLoader Creating init config 
22820      DEBUG main            d.u.i.k.p.i.AbstractProblemLoader Init config took 4.05s 
22914      INFO  main            d.u.i.k.p.i.AbstractProblemLoader Replaying proof Quicksort[Quicksort::sort([I,int,int)].JML normal_behavior operation contract.0 
22923      DEBUG main            d.u.i.k.p.i.IntermediateProofReplayer Proof replay took 9.4ns 
22976      DEBUG main            d.u.i.k.m.s.ProofScriptEngine 1: 'script 'sort.script'' 
22984      INFO  main            d.u.i.k.m.s.ProofScriptCommand Included script /home/runner/work/key/key/key.core/../key.ui/examples/heap/quicksort/sort.script 
22985      DEBUG main            d.u.i.k.m.s.ProofScriptEngine 1: 'macro autopilot-prep' 
24636      DEBUG main            d.u.i.k.m.s.ProofScriptEngine 2: 'select formula="{heapAtPre:=heap || exc:=null || heap:=heapAfter_sort_0}
   seq ...' 
24648      DEBUG main            d.u.i.k.m.s.ProofScriptEngine 3: 'macro simp-upd' 
24703      DEBUG main            d.u.i.k.m.s.ProofScriptEngine 4: 'let   @seqPre="seqDef{int u;}(0, array.length, array[u])"
    @seqSplit="seqDef ...' 
24716      DEBUG main            d.u.i.k.m.s.ProofScriptEngine 5: 'rule seqPermSym 
  formula="seqPerm(@seqSplit, @seqPre)"' 
24742      DEBUG main            d.u.i.k.m.s.ProofScriptEngine 6: 'rule seqPermSym
  formula="seqPerm(@seqSort, @seqSplit)"' 
24745      DEBUG main            d.u.i.k.m.s.ProofScriptEngine 7: 'rule seqPermSym
  formula="seqPerm(@seqSort0, @seqSort)"' 
24747      DEBUG main            d.u.i.k.m.s.ProofScriptEngine 8: 'rule seqPermTrans
  formula="seqPerm(@seqPre, @seqSplit)"' 
24748      DEBUG main            d.u.i.k.m.s.ProofScriptEngine 9: 'rule seqPermTrans
  formula="seqPerm(@seqPre, @seqSort)"' 
24749      DEBUG main            d.u.i.k.m.s.ProofScriptEngine 10: 'rule seqPermSym
  formula="seqPerm(@seqPre, @seqSort0)"' 
24750      DEBUG main            d.u.i.k.m.s.ProofScriptEngine 11: 'tryclose' 
61293      INFO  main            d.u.i.k.p.r.p.TestFile    ... finished proof: closed. 
61700      INFO  main            d.u.i.k.p.i.AbstractProblemLoader Loading environment from /home/runner/work/key/key/key.core/../key.ui/examples/heap/quicksort/sort.key.proof 
61701      DEBUG main            d.u.i.k.p.i.AbstractProblemLoader Environment load took 680.7ns 
61708      INFO  main            d.u.i.k.p.i.AbstractProblemLoader Creating init config 
65371      DEBUG main            d.u.i.k.p.i.AbstractProblemLoader Init config took 3.66s 
65446      INFO  main            d.u.i.k.p.i.AbstractProblemLoader Replaying proof Quicksort[Quicksort::sort([I,int,int)].JML normal_behavior operation contract.0 
68545      DEBUG main            d.u.i.k.p.i.IntermediateProofReplayer Proof replay took 2.96s 
68598      DEBUG main            d.u.i.k.p.r.p.TestFile    ... success: reloaded. 
68612      INFO  main            d.u.i.k.p.r.p.TestFile    Now processing file /home/runner/work/key/key/key.core/../key.ui/examples/heap/quicksort/split.key 
68613      INFO  main            d.u.i.k.p.i.AbstractProblemLoader Loading environment from /home/runner/work/key/key/key.core/../key.ui/examples/heap/quicksort/split.key 
68614      DEBUG main            d.u.i.k.p.i.AbstractProblemLoader Environment load took 330.3ns 
68615      INFO  main            d.u.i.k.p.i.AbstractProblemLoader Creating init config 
72755      DEBUG main            d.u.i.k.p.i.AbstractProblemLoader Init config took 4.14s 
72816      INFO  main            d.u.i.k.p.i.AbstractProblemLoader Replaying proof Quicksort[Quicksort::split([I,int,int)].JML normal_behavior operation contract.0 
72823      DEBUG main            d.u.i.k.p.i.IntermediateProofReplayer Proof replay took 8ns 
72824      DEBUG main            d.u.i.k.m.s.ProofScriptEngine 1: 'macro autopilot-prep' 
74565      DEBUG main            d.u.i.k.m.s.ProofScriptEngine 2: 'tryclose' 
127410     DEBUG main            d.u.i.k.m.s.ProofScriptEngine 3: 'macro simp-upd' 
127557     DEBUG main            d.u.i.k.m.s.ProofScriptEngine 4: 'rule seqPermFromSwap' 
127578     DEBUG main            d.u.i.k.m.s.ProofScriptEngine 5: 'rule andRight' 
127581     DEBUG main            d.u.i.k.m.s.ProofScriptEngine 6: 'auto' 
127609     DEBUG main            d.u.i.k.m.s.ProofScriptEngine 7: 'instantiate hide var=iv with=i_0' 
127614     DEBUG main            d.u.i.k.m.s.ProofScriptEngine 8: 'instantiate hide var=jv with=j_0' 
127616     DEBUG main            d.u.i.k.m.s.ProofScriptEngine 9: 'auto' 
137085     DEBUG main            d.u.i.k.m.s.ProofScriptEngine 10: 'macro simp-upd' 
137438     DEBUG main            d.u.i.k.m.s.ProofScriptEngine 11: 'rule seqPermFromSwap' 
137442     DEBUG main            d.u.i.k.m.s.ProofScriptEngine 12: 'rule andRight' 
137444     DEBUG main            d.u.i.k.m.s.ProofScriptEngine 13: 'auto' 
137467     DEBUG main            d.u.i.k.m.s.ProofScriptEngine 14: 'instantiate hide var=iv with=i_0' 
137472     DEBUG main            d.u.i.k.m.s.ProofScriptEngine 15: 'instantiate hide var=jv with=to' 
137474     DEBUG main            d.u.i.k.m.s.ProofScriptEngine 16: 'auto' 
144386     INFO  main            d.u.i.k.p.r.p.TestFile    ... finished proof: closed. 
145001     INFO  main            d.u.i.k.p.i.AbstractProblemLoader Loading environment from /home/runner/work/key/key/key.core/../key.ui/examples/heap/quicksort/split.key.proof 
145001     DEBUG main            d.u.i.k.p.i.AbstractProblemLoader Environment load took 566.3ns 
145016     INFO  main            d.u.i.k.p.i.AbstractProblemLoader Creating init config 
148615     DEBUG main            d.u.i.k.p.i.AbstractProblemLoader Init config took 3.6s 
148685     INFO  main            d.u.i.k.p.i.AbstractProblemLoader Replaying proof Quicksort[Quicksort::split([I,int,int)].JML normal_behavior operation contract.0 
154123     DEBUG main            d.u.i.k.p.i.IntermediateProofReplayer Proof replay took 5.18s 
154143     DEBUG main            d.u.i.k.p.r.p.TestFile    ... success: reloaded. 
2459822    INFO  Test worker     d.u.i.k.p.r.p.StatisticsFile Returning from test quicksort 
2459827    INFO  Test worker     d.u.i.k.p.r.p.StatisticsFile Running test simpleTests 
466        INFO  Timeout watchdog d.u.i.k.p.r.p.ForkedTestFileRunner Timeout watcher launched (2000 secs.) 
493        WARN  main            d.u.i.k.s.ProofSettings   The settings in /home/runner/.key/proof-settings.props are *not* read. 
561        INFO  main            d.u.i.k.p.r.p.TestFile    Now processing file /home/runner/work/key/key/key.core/../key.ui/examples/heap/simple/anonymise_datagroup.key 
705        INFO  main            d.u.i.k.p.i.AbstractProblemLoader Loading environment from /home/runner/work/key/key/key.core/../key.ui/examples/heap/simple/anonymise_datagroup.key 
727        DEBUG main            d.u.i.k.p.i.AbstractProblemLoader Environment load took 2.9ms 
1118       INFO  main            d.u.i.k.p.i.AbstractProblemLoader Creating init config 
2618       DEBUG main            d.u.i.k.j.TypeConverter   No LDT found for Meta 
2620       DEBUG main            d.u.i.k.j.TypeConverter   No LDT found for Meta 
2623       DEBUG main            d.u.i.k.j.TypeConverter   No LDT found for Meta 
2627       DEBUG main            d.u.i.k.j.TypeConverter   No LDT found for Meta 
4899       DEBUG main            d.u.i.k.j.TypeConverter   No LDT found for JavaBigintExpression 
11661      DEBUG main            d.u.i.k.p.i.AbstractProblemLoader Init config took 10.54s 
11756      INFO  main            d.u.i.k.p.i.AbstractProblemLoader Replaying proof anonymise_datagroup.key 
11823      DEBUG main            d.u.i.k.p.i.IntermediateProofReplayer Proof replay took 42.5ns 
12196      INFO  main            d.u.i.k.p.r.p.TestFile    ... finished proof: closed. 
12326      INFO  main            d.u.i.k.p.i.AbstractProblemLoader Loading environment from /home/runner/work/key/key/key.core/../key.ui/examples/heap/simple/anonymise_datagroup.key.proof 
12327      DEBUG main            d.u.i.k.p.i.AbstractProblemLoader Environment load took 1.08ms 
12335      INFO  main            d.u.i.k.p.i.AbstractProblemLoader Creating init config 
16131      DEBUG main            d.u.i.k.p.i.AbstractProblemLoader Init config took 3.8s 
16192      INFO  main            d.u.i.k.p.i.AbstractProblemLoader Replaying proof anonymise_datagroup.key.proof 
16208      DEBUG main            d.u.i.k.p.i.IntermediateProofReplayer Proof replay took 10.38ms 
16226      DEBUG main            d.u.i.k.p.r.p.TestFile    ... success: reloaded. 
16228      INFO  main            d.u.i.k.p.r.p.TestFile    Now processing file /home/runner/work/key/key/key.core/../key.ui/examples/heap/simple/array_creation.key 
16228      INFO  main            d.u.i.k.p.i.AbstractProblemLoader Loading environment from /home/runner/work/key/key/key.core/../key.ui/examples/heap/simple/array_creation.key 
16229      DEBUG main            d.u.i.k.p.i.AbstractProblemLoader Environment load took 356.5ns 
16232      INFO  main            d.u.i.k.p.i.AbstractProblemLoader Creating init config 
19818      DEBUG main            d.u.i.k.p.i.AbstractProblemLoader Init config took 3.59s 
19883      INFO  main            d.u.i.k.p.i.AbstractProblemLoader Replaying proof array_creation.key 
19894      DEBUG main            d.u.i.k.p.i.IntermediateProofReplayer Proof replay took 9.2ns 
21016      INFO  main            d.u.i.k.p.r.p.TestFile    ... finished proof: closed. 
21235      INFO  main            d.u.i.k.p.i.AbstractProblemLoader Loading environment from /home/runner/work/key/key/key.core/../key.ui/examples/heap/simple/array_creation.key.proof 
21236      DEBUG main            d.u.i.k.p.i.AbstractProblemLoader Environment load took 885.29ns 
21238      INFO  main            d.u.i.k.p.i.AbstractProblemLoader Creating init config 
24739      DEBUG main            d.u.i.k.p.i.AbstractProblemLoader Init config took 3.5s 
24798      INFO  main            d.u.i.k.p.i.AbstractProblemLoader Replaying proof array_creation.key.proof 
24943      DEBUG main            d.u.i.k.p.i.IntermediateProofReplayer Proof replay took 139.24ms 
24947      DEBUG main            d.u.i.k.p.r.p.TestFile    ... success: reloaded. 
24948      INFO  main            d.u.i.k.p.r.p.TestFile    Now processing file /home/runner/work/key/key/key.core/../key.ui/examples/heap/simple/arrays_with_disjoint_sorts.key 
24949      INFO  main            d.u.i.k.p.i.AbstractProblemLoader Loading environment from /home/runner/work/key/key/key.core/../key.ui/examples/heap/simple/arrays_with_disjoint_sorts.key 
24949      DEBUG main            d.u.i.k.p.i.AbstractProblemLoader Environment load took 128.5ns 
24951      INFO  main            d.u.i.k.p.i.AbstractProblemLoader Creating init config 
28426      DEBUG main            d.u.i.k.p.i.AbstractProblemLoader Init config took 3.48s 
28456      INFO  main            d.u.i.k.p.i.AbstractProblemLoader Replaying proof arrays_with_disjoint_sorts.key 
28459      DEBUG main            d.u.i.k.p.i.IntermediateProofReplayer Proof replay took 10.2ns 
28664      INFO  main            d.u.i.k.p.r.p.TestFile    ... finished proof: closed. 
28864      INFO  main            d.u.i.k.p.i.AbstractProblemLoader Loading environment from /home/runner/work/key/key/key.core/../key.ui/examples/heap/simple/arrays_with_disjoint_sorts.key.proof 
28868      DEBUG main            d.u.i.k.p.i.AbstractProblemLoader Environment load took 3.56ms 
28871      INFO  main            d.u.i.k.p.i.AbstractProblemLoader Creating init config 
32258      DEBUG main            d.u.i.k.p.i.AbstractProblemLoader Init config took 3.39s 
32307      INFO  main            d.u.i.k.p.i.AbstractProblemLoader Replaying proof arrays_with_disjoint_sorts.key.proof 
32366      DEBUG main            d.u.i.k.p.i.IntermediateProofReplayer Proof replay took 49.69ms 
32368      DEBUG main            d.u.i.k.p.r.p.TestFile    ... success: reloaded. 
32369      INFO  main            d.u.i.k.p.r.p.TestFile    Now processing file /home/runner/work/key/key/key.core/../key.ui/examples/heap/simple/arrays.key 
32369      INFO  main            d.u.i.k.p.i.AbstractProblemLoader Loading environment from /home/runner/work/key/key/key.core/../key.ui/examples/heap/simple/arrays.key 
32370      DEBUG main            d.u.i.k.p.i.AbstractProblemLoader Environment load took 298.4ns 
32372      INFO  main            d.u.i.k.p.i.AbstractProblemLoader Creating init config 
35855      DEBUG main            d.u.i.k.p.i.AbstractProblemLoader Init config took 3.48s 
35885      INFO  main            d.u.i.k.p.i.AbstractProblemLoader Replaying proof arrays.key 
35889      DEBUG main            d.u.i.k.p.i.IntermediateProofReplayer Proof replay took 29.5ns 
36095      INFO  main            d.u.i.k.p.r.p.TestFile    ... finished proof: closed. 
36355      INFO  main            d.u.i.k.p.i.AbstractProblemLoader Loading environment from /home/runner/work/key/key/key.core/../key.ui/examples/heap/simple/arrays.key.proof 
36357      DEBUG main            d.u.i.k.p.i.AbstractProblemLoader Environment load took 1.76ms 
36364      INFO  main            d.u.i.k.p.i.AbstractProblemLoader Creating init config 
39712      DEBUG main            d.u.i.k.p.i.AbstractProblemLoader Init config took 3.35s 
39742      INFO  main            d.u.i.k.p.i.AbstractProblemLoader Replaying proof arrays.key.proof 
39798      DEBUG main            d.u.i.k.p.i.IntermediateProofReplayer Proof replay took 36.18ms 
39800      DEBUG main            d.u.i.k.p.r.p.TestFile    ... success: reloaded. 
39803      INFO  main            d.u.i.k.p.r.p.TestFile    Now processing file /home/runner/work/key/key/key.core/../key.ui/examples/heap/simple/attributes.key 
39803      INFO  main            d.u.i.k.p.i.AbstractProblemLoader Loading environment from /home/runner/work/key/key/key.core/../key.ui/examples/heap/simple/attributes.key 
39804      DEBUG main            d.u.i.k.p.i.AbstractProblemLoader Environment load took 277.3ns 
39805      INFO  main            d.u.i.k.p.i.AbstractProblemLoader Creating init config 
43096      DEBUG main            d.u.i.k.p.i.AbstractProblemLoader Init config took 3.29s 
43123      INFO  main            d.u.i.k.p.i.AbstractProblemLoader Replaying proof attributes.key 
43125      DEBUG main            d.u.i.k.p.i.IntermediateProofReplayer Proof replay took 7.5ns 
43230      INFO  main            d.u.i.k.p.r.p.TestFile    ... finished proof: closed. 
43448      INFO  main            d.u.i.k.p.i.AbstractProblemLoader Loading environment from /home/runner/work/key/key/key.core/../key.ui/examples/heap/simple/attributes.key.proof 
43452      DEBUG main            d.u.i.k.p.i.AbstractProblemLoader Environment load took 3.4ms 
43454      INFO  main            d.u.i.k.p.i.AbstractProblemLoader Creating init config 
46686      DEBUG main            d.u.i.k.p.i.AbstractProblemLoader Init config took 3.23s 
46713      INFO  main            d.u.i.k.p.i.AbstractProblemLoader Replaying proof attributes.key.proof 
46719      DEBUG main            d.u.i.k.p.i.IntermediateProofReplayer Proof replay took 2.81ms 
46721      DEBUG main            d.u.i.k.p.r.p.TestFile    ... success: reloaded. 
46722      INFO  main            d.u.i.k.p.r.p.TestFile    Now processing file /home/runner/work/key/key/key.core/../key.ui/examples/heap/simple/constructor_contracts.key 
46722      INFO  main            d.u.i.k.p.i.AbstractProblemLoader Loading environment from /home/runner/work/key/key/key.core/../key.ui/examples/heap/simple/constructor_contracts.key 
46723      DEBUG main            d.u.i.k.p.i.AbstractProblemLoader Environment load took 280.4ns 
46726      INFO  main            d.u.i.k.p.i.AbstractProblemLoader Creating init config 
50548      DEBUG main            d.u.i.k.p.i.AbstractProblemLoader Init config took 3.82s 
50605      INFO  main            d.u.i.k.p.i.AbstractProblemLoader Replaying proof constructor_contracts.key 
50610      DEBUG main            d.u.i.k.p.i.IntermediateProofReplayer Proof replay took 8.6ns 
51550      INFO  main            d.u.i.k.p.r.p.TestFile    ... finished proof: closed. 
51815      INFO  main            d.u.i.k.p.i.AbstractProblemLoader Loading environment from /home/runner/work/key/key/key.core/../key.ui/examples/heap/simple/constructor_contracts.key.proof 
51816      DEBUG main            d.u.i.k.p.i.AbstractProblemLoader Environment load took 1.27ms 
51819      INFO  main            d.u.i.k.p.i.AbstractProblemLoader Creating init config 
55554      DEBUG main            d.u.i.k.p.i.AbstractProblemLoader Init config took 3.73s 
55583      INFO  main            d.u.i.k.p.i.AbstractProblemLoader Replaying proof constructor_contracts.key.proof 
55800      DEBUG main            d.u.i.k.p.i.IntermediateProofReplayer Proof replay took 210.05ms 
55803      DEBUG main            d.u.i.k.p.r.p.TestFile    ... success: reloaded. 
55805      INFO  main            d.u.i.k.p.r.p.TestFile    Now processing file /home/runner/work/key/key/key.core/../key.ui/examples/heap/simple/dependencies.key 
55805      INFO  main            d.u.i.k.p.i.AbstractProblemLoader Loading environment from /home/runner/work/key/key/key.core/../key.ui/examples/heap/simple/dependencies.key 
55805      DEBUG main            d.u.i.k.p.i.AbstractProblemLoader Environment load took 249.8ns 
55807      INFO  main            d.u.i.k.p.i.AbstractProblemLoader Creating init config 
59031      DEBUG main            d.u.i.k.p.i.AbstractProblemLoader Init config took 3.22s 
59058      INFO  main            d.u.i.k.p.i.AbstractProblemLoader Replaying proof dependencies.key 
59061      DEBUG main            d.u.i.k.p.i.IntermediateProofReplayer Proof replay took 9.6ns 
59266      INFO  main            d.u.i.k.p.r.p.TestFile    ... finished proof: closed. 
59570      INFO  main            d.u.i.k.p.i.AbstractProblemLoader Loading environment from /home/runner/work/key/key/key.core/../key.ui/examples/heap/simple/dependencies.key.proof 
59572      DEBUG main            d.u.i.k.p.i.AbstractProblemLoader Environment load took 2.57ms 
59574      INFO  main            d.u.i.k.p.i.AbstractProblemLoader Creating init config 
62793      DEBUG main            d.u.i.k.p.i.AbstractProblemLoader Init config took 3.22s 
62817      INFO  main            d.u.i.k.p.i.AbstractProblemLoader Replaying proof dependencies.key.proof 
62833      DEBUG main            d.u.i.k.p.i.IntermediateProofReplayer Proof replay took 12.78ms 
62835      DEBUG main            d.u.i.k.p.r.p.TestFile    ... success: reloaded. 
62836      INFO  main            d.u.i.k.p.r.p.TestFile    Now processing file /home/runner/work/key/key/key.core/../key.ui/examples/heap/simple/dependency_contracts.key 
62837      INFO  main            d.u.i.k.p.i.AbstractProblemLoader Loading environment from /home/runner/work/key/key/key.core/../key.ui/examples/heap/simple/dependency_contracts.key 
62837      DEBUG main            d.u.i.k.p.i.AbstractProblemLoader Environment load took 301ns 
62840      INFO  main            d.u.i.k.p.i.AbstractProblemLoader Creating init config 
66414      DEBUG main            d.u.i.k.p.i.AbstractProblemLoader Init config took 3.57s 
66440      INFO  main            d.u.i.k.p.i.AbstractProblemLoader Replaying proof dependency_contracts.key 
66461      DEBUG main            d.u.i.k.p.i.IntermediateProofReplayer Proof replay took 10.4ns 
68172      INFO  main            d.u.i.k.p.r.p.TestFile    ... finished proof: closed. 
68476      INFO  main            d.u.i.k.p.i.AbstractProblemLoader Loading environment from /home/runner/work/key/key/key.core/../key.ui/examples/heap/simple/dependency_contracts.key.proof 
68482      DEBUG main            d.u.i.k.p.i.AbstractProblemLoader Environment load took 6.31ms 
68487      INFO  main            d.u.i.k.p.i.AbstractProblemLoader Creating init config 
71896      DEBUG main            d.u.i.k.p.i.AbstractProblemLoader Init config took 3.41s 
71920      INFO  main            d.u.i.k.p.i.AbstractProblemLoader Replaying proof dependency_contracts.key.proof 
72219      DEBUG main            d.u.i.k.p.i.IntermediateProofReplayer Proof replay took 289.06ms 
72222      DEBUG main            d.u.i.k.p.r.p.TestFile    ... success: reloaded. 
72224      INFO  main            d.u.i.k.p.r.p.TestFile    Now processing file /home/runner/work/key/key/key.core/../key.ui/examples/heap/simple/invariant_preservation.key 
72225      INFO  main            d.u.i.k.p.i.AbstractProblemLoader Loading environment from /home/runner/work/key/key/key.core/../key.ui/examples/heap/simple/invariant_preservation.key 
72225      DEBUG main            d.u.i.k.p.i.AbstractProblemLoader Environment load took 138ns 
72227      INFO  main            d.u.i.k.p.i.AbstractProblemLoader Creating init config 
75776      DEBUG main            d.u.i.k.p.i.AbstractProblemLoader Init config took 3.55s 
75801      INFO  main            d.u.i.k.p.i.AbstractProblemLoader Replaying proof invariant_preservation.key 
75803      DEBUG main            d.u.i.k.p.i.IntermediateProofReplayer Proof replay took 8.8ns 
76011      INFO  main            d.u.i.k.p.r.p.TestFile    ... finished proof: closed. 
76307      INFO  main            d.u.i.k.p.i.AbstractProblemLoader Loading environment from /home/runner/work/key/key/key.core/../key.ui/examples/heap/simple/invariant_preservation.key.proof 
76309      DEBUG main            d.u.i.k.p.i.AbstractProblemLoader Environment load took 1.91ms 
76311      INFO  main            d.u.i.k.p.i.AbstractProblemLoader Creating init config 
79723      DEBUG main            d.u.i.k.p.i.AbstractProblemLoader Init config took 3.41s 
79750      INFO  main            d.u.i.k.p.i.AbstractProblemLoader Replaying proof invariant_preservation.key.proof 
79800      DEBUG main            d.u.i.k.p.i.IntermediateProofReplayer Proof replay took 47.19ms 
79803      DEBUG main            d.u.i.k.p.r.p.TestFile    ... success: reloaded. 
79805      INFO  main            d.u.i.k.p.r.p.TestFile    Now processing file /home/runner/work/key/key/key.core/../key.ui/examples/heap/simple/locsets.key 
79806      INFO  main            d.u.i.k.p.i.AbstractProblemLoader Loading environment from /home/runner/work/key/key/key.core/../key.ui/examples/heap/simple/locsets.key 
79806      DEBUG main            d.u.i.k.p.i.AbstractProblemLoader Environment load took 245ns 
79808      INFO  main            d.u.i.k.p.i.AbstractProblemLoader Creating init config 
82991      DEBUG main            d.u.i.k.p.i.AbstractProblemLoader Init config took 3.18s 
83015      INFO  main            d.u.i.k.p.i.AbstractProblemLoader Replaying proof locsets.key 
83020      DEBUG main            d.u.i.k.p.i.IntermediateProofReplayer Proof replay took 10.2ns 
83128      INFO  main            d.u.i.k.p.r.p.TestFile    ... finished proof: closed. 
83386      INFO  main            d.u.i.k.p.i.AbstractProblemLoader Loading environment from /home/runner/work/key/key/key.core/../key.ui/examples/heap/simple/locsets.key.proof 
83386      DEBUG main            d.u.i.k.p.i.AbstractProblemLoader Environment load took 154ns 
83388      INFO  main            d.u.i.k.p.i.AbstractProblemLoader Creating init config 
86474      DEBUG main            d.u.i.k.p.i.AbstractProblemLoader Init config took 3.09s 
86511      INFO  main            d.u.i.k.p.i.AbstractProblemLoader Replaying proof locsets.key.proof 
86520      DEBUG main            d.u.i.k.p.i.IntermediateProofReplayer Proof replay took 3.44ms 
86522      DEBUG main            d.u.i.k.p.r.p.TestFile    ... success: reloaded. 
86524      INFO  main            d.u.i.k.p.r.p.TestFile    Now processing file /home/runner/work/key/key/key.core/../key.ui/examples/heap/simple/loop1.key 
86524      INFO  main            d.u.i.k.p.i.AbstractProblemLoader Loading environment from /home/runner/work/key/key/key.core/../key.ui/examples/heap/simple/loop1.key 
86525      DEBUG main            d.u.i.k.p.i.AbstractProblemLoader Environment load took 370.3ns 
86528      INFO  main            d.u.i.k.p.i.AbstractProblemLoader Creating init config 
90108      DEBUG main            d.u.i.k.p.i.AbstractProblemLoader Init config took 3.58s 
90138      INFO  main            d.u.i.k.p.i.AbstractProblemLoader Replaying proof loop1.key 
90140      DEBUG main            d.u.i.k.p.i.IntermediateProofReplayer Proof replay took 9.4ns 
90444      INFO  main            d.u.i.k.p.r.p.TestFile    ... finished proof: closed. 
90711      INFO  main            d.u.i.k.p.i.AbstractProblemLoader Loading environment from /home/runner/work/key/key/key.core/../key.ui/examples/heap/simple/loop1.key.proof 
90712      DEBUG main            d.u.i.k.p.i.AbstractProblemLoader Environment load took 944.89ns 
90713      INFO  main            d.u.i.k.p.i.AbstractProblemLoader Creating init config 
94188      DEBUG main            d.u.i.k.p.i.AbstractProblemLoader Init config took 3.47s 
94210      INFO  main            d.u.i.k.p.i.AbstractProblemLoader Replaying proof loop1.key.proof 
94313      DEBUG main            d.u.i.k.p.i.IntermediateProofReplayer Proof replay took 99.31ms 
94314      DEBUG main            d.u.i.k.p.r.p.TestFile    ... success: reloaded. 
94316      INFO  main            d.u.i.k.p.r.p.TestFile    Now processing file /home/runner/work/key/key/key.core/../key.ui/examples/heap/simple/loop2.key 
94316      INFO  main            d.u.i.k.p.i.AbstractProblemLoader Loading environment from /home/runner/work/key/key/key.core/../key.ui/examples/heap/simple/loop2.key 
94317      DEBUG main            d.u.i.k.p.i.AbstractProblemLoader Environment load took 262.1ns 
94319      INFO  main            d.u.i.k.p.i.AbstractProblemLoader Creating init config 
97890      DEBUG main            d.u.i.k.p.i.AbstractProblemLoader Init config took 3.57s 
97912      INFO  main            d.u.i.k.p.i.AbstractProblemLoader Replaying proof loop2.key 
97915      DEBUG main            d.u.i.k.p.i.IntermediateProofReplayer Proof replay took 8.1ns 
98824      INFO  main            d.u.i.k.p.r.p.TestFile    ... finished proof: closed. 
99181      INFO  main            d.u.i.k.p.i.AbstractProblemLoader Loading environment from /home/runner/work/key/key/key.core/../key.ui/examples/heap/simple/loop2.key.proof 
99182      DEBUG main            d.u.i.k.p.i.AbstractProblemLoader Environment load took 545.5ns 
99184      INFO  main            d.u.i.k.p.i.AbstractProblemLoader Creating init config 
102671     DEBUG main            d.u.i.k.p.i.AbstractProblemLoader Init config took 3.49s 
102696     INFO  main            d.u.i.k.p.i.AbstractProblemLoader Replaying proof loop2.key.proof 
102903     DEBUG main            d.u.i.k.p.i.IntermediateProofReplayer Proof replay took 200.73ms 
102905     DEBUG main            d.u.i.k.p.r.p.TestFile    ... success: reloaded. 
102907     INFO  main            d.u.i.k.p.r.p.TestFile    Now processing file /home/runner/work/key/key/key.core/../key.ui/examples/heap/simple/modifies_datagroup.key 
102908     INFO  main            d.u.i.k.p.i.AbstractProblemLoader Loading environment from /home/runner/work/key/key/key.core/../key.ui/examples/heap/simple/modifies_datagroup.key 
102908     DEBUG main            d.u.i.k.p.i.AbstractProblemLoader Environment load took 399.2ns 
102910     INFO  main            d.u.i.k.p.i.AbstractProblemLoader Creating init config 
106151     DEBUG main            d.u.i.k.p.i.AbstractProblemLoader Init config took 3.24s 
106170     INFO  main            d.u.i.k.p.i.AbstractProblemLoader Replaying proof modifies_datagroup.key 
106172     DEBUG main            d.u.i.k.p.i.IntermediateProofReplayer Proof replay took 9.3ns 
106278     INFO  main            d.u.i.k.p.r.p.TestFile    ... finished proof: closed. 
106565     INFO  main            d.u.i.k.p.i.AbstractProblemLoader Loading environment from /home/runner/work/key/key/key.core/../key.ui/examples/heap/simple/modifies_datagroup.key.proof 
106565     DEBUG main            d.u.i.k.p.i.AbstractProblemLoader Environment load took 156.2ns 
106567     INFO  main            d.u.i.k.p.i.AbstractProblemLoader Creating init config 
109619     DEBUG main            d.u.i.k.p.i.AbstractProblemLoader Init config took 3.05s 
109640     INFO  main            d.u.i.k.p.i.AbstractProblemLoader Replaying proof modifies_datagroup.key.proof 
109647     DEBUG main            d.u.i.k.p.i.IntermediateProofReplayer Proof replay took 4.88ms 
109648     DEBUG main            d.u.i.k.p.r.p.TestFile    ... success: reloaded. 
109649     INFO  main            d.u.i.k.p.r.p.TestFile    Now processing file /home/runner/work/key/key/key.core/../key.ui/examples/heap/simple/modifies.key 
109650     INFO  main            d.u.i.k.p.i.AbstractProblemLoader Loading environment from /home/runner/work/key/key/key.core/../key.ui/examples/heap/simple/modifies.key 
109650     DEBUG main            d.u.i.k.p.i.AbstractProblemLoader Environment load took 250.9ns 
109652     INFO  main            d.u.i.k.p.i.AbstractProblemLoader Creating init config 
112850     DEBUG main            d.u.i.k.p.i.AbstractProblemLoader Init config took 3.2s 
112868     INFO  main            d.u.i.k.p.i.AbstractProblemLoader Replaying proof modifies.key 
112870     DEBUG main            d.u.i.k.p.i.IntermediateProofReplayer Proof replay took 9ns 
112974     INFO  main            d.u.i.k.p.r.p.TestFile    ... finished proof: closed. 
113329     INFO  main            d.u.i.k.p.i.AbstractProblemLoader Loading environment from /home/runner/work/key/key/key.core/../key.ui/examples/heap/simple/modifies.key.proof 
113329     DEBUG main            d.u.i.k.p.i.AbstractProblemLoader Environment load took 157.6ns 
113332     INFO  main            d.u.i.k.p.i.AbstractProblemLoader Creating init config 
116532     DEBUG main            d.u.i.k.p.i.AbstractProblemLoader Init config took 3.2s 
116552     INFO  main            d.u.i.k.p.i.AbstractProblemLoader Replaying proof modifies.key.proof 
116571     DEBUG main            d.u.i.k.p.i.IntermediateProofReplayer Proof replay took 17.21ms 
116573     DEBUG main            d.u.i.k.p.r.p.TestFile    ... success: reloaded. 
116574     INFO  main            d.u.i.k.p.r.p.TestFile    Now processing file /home/runner/work/key/key/key.core/../key.ui/examples/heap/simple/object_creation.key 
116574     INFO  main            d.u.i.k.p.i.AbstractProblemLoader Loading environment from /home/runner/work/key/key/key.core/../key.ui/examples/heap/simple/object_creation.key 
116574     DEBUG main            d.u.i.k.p.i.AbstractProblemLoader Environment load took 141.1ns 
116576     INFO  main            d.u.i.k.p.i.AbstractProblemLoader Creating init config 
119911     DEBUG main            d.u.i.k.p.i.AbstractProblemLoader Init config took 3.34s 
119931     INFO  main            d.u.i.k.p.i.AbstractProblemLoader Replaying proof object_creation.key 
119933     DEBUG main            d.u.i.k.p.i.IntermediateProofReplayer Proof replay took 9.5ns 
120239     INFO  main            d.u.i.k.p.r.p.TestFile    ... finished proof: closed. 
120559     INFO  main            d.u.i.k.p.i.AbstractProblemLoader Loading environment from /home/runner/work/key/key/key.core/../key.ui/examples/heap/simple/object_creation.key.proof 
120560     DEBUG main            d.u.i.k.p.i.AbstractProblemLoader Environment load took 806.39ns 
120562     INFO  main            d.u.i.k.p.i.AbstractProblemLoader Creating init config 
123697     DEBUG main            d.u.i.k.p.i.AbstractProblemLoader Init config took 3.13s 
123717     INFO  main            d.u.i.k.p.i.AbstractProblemLoader Replaying proof object_creation.key.proof 
123790     DEBUG main            d.u.i.k.p.i.IntermediateProofReplayer Proof replay took 68.76ms 
123791     DEBUG main            d.u.i.k.p.r.p.TestFile    ... success: reloaded. 
123792     INFO  main            d.u.i.k.p.r.p.TestFile    Now processing file /home/runner/work/key/key/key.core/../key.ui/examples/heap/simple/operation_contracts.key 
123793     INFO  main            d.u.i.k.p.i.AbstractProblemLoader Loading environment from /home/runner/work/key/key/key.core/../key.ui/examples/heap/simple/operation_contracts.key 
123793     DEBUG main            d.u.i.k.p.i.AbstractProblemLoader Environment load took 397.8ns 
123795     INFO  main            d.u.i.k.p.i.AbstractProblemLoader Creating init config 
127294     DEBUG main            d.u.i.k.p.i.AbstractProblemLoader Init config took 3.5s 
127318     INFO  main            d.u.i.k.p.i.AbstractProblemLoader Replaying proof operation_contracts.key 
127320     DEBUG main            d.u.i.k.p.i.IntermediateProofReplayer Proof replay took 8.7ns 
128428     INFO  main            d.u.i.k.p.r.p.TestFile    ... finished proof: closed. 
128778     INFO  main            d.u.i.k.p.i.AbstractProblemLoader Loading environment from /home/runner/work/key/key/key.core/../key.ui/examples/heap/simple/operation_contracts.key.proof 
128778     DEBUG main            d.u.i.k.p.i.AbstractProblemLoader Environment load took 159ns 
128781     INFO  main            d.u.i.k.p.i.AbstractProblemLoader Creating init config 
132229     DEBUG main            d.u.i.k.p.i.AbstractProblemLoader Init config took 3.45s 
132258     INFO  main            d.u.i.k.p.i.AbstractProblemLoader Replaying proof operation_contracts.key.proof 
132479     DEBUG main            d.u.i.k.p.i.IntermediateProofReplayer Proof replay took 212.63ms 
132482     DEBUG main            d.u.i.k.p.r.p.TestFile    ... success: reloaded. 
132484     INFO  main            d.u.i.k.p.r.p.TestFile    Now processing file /home/runner/work/key/key/key.core/../key.ui/examples/heap/simple/select_store.key 
132484     INFO  main            d.u.i.k.p.i.AbstractProblemLoader Loading environment from /home/runner/work/key/key/key.core/../key.ui/examples/heap/simple/select_store.key 
132485     DEBUG main            d.u.i.k.p.i.AbstractProblemLoader Environment load took 476.4ns 
132486     INFO  main            d.u.i.k.p.i.AbstractProblemLoader Creating init config 
135666     DEBUG main            d.u.i.k.p.i.AbstractProblemLoader Init config took 3.18s 
135686     INFO  main            d.u.i.k.p.i.AbstractProblemLoader Replaying proof select_store.key 
135690     DEBUG main            d.u.i.k.p.i.IntermediateProofReplayer Proof replay took 10.9ns 
135794     INFO  main            d.u.i.k.p.r.p.TestFile    ... finished proof: closed. 
136145     INFO  main            d.u.i.k.p.i.AbstractProblemLoader Loading environment from /home/runner/work/key/key/key.core/../key.ui/examples/heap/simple/select_store.key.proof 
136145     DEBUG main            d.u.i.k.p.i.AbstractProblemLoader Environment load took 230.6ns 
136147     INFO  main            d.u.i.k.p.i.AbstractProblemLoader Creating init config 
139295     DEBUG main            d.u.i.k.p.i.AbstractProblemLoader Init config took 3.15s 
139314     INFO  main            d.u.i.k.p.i.AbstractProblemLoader Replaying proof select_store.key.proof 
139319     DEBUG main            d.u.i.k.p.i.IntermediateProofReplayer Proof replay took 2.89ms 
139321     DEBUG main            d.u.i.k.p.r.p.TestFile    ... success: reloaded. 
139322     INFO  main            d.u.i.k.p.r.p.TestFile    Now processing file /home/runner/work/key/key/key.core/../key.ui/examples/heap/simple/selection_sort.key 
139323     INFO  main            d.u.i.k.p.i.AbstractProblemLoader Loading environment from /home/runner/work/key/key/key.core/../key.ui/examples/heap/simple/selection_sort.key 
139323     DEBUG main            d.u.i.k.p.i.AbstractProblemLoader Environment load took 259ns 
139325     INFO  main            d.u.i.k.p.i.AbstractProblemLoader Creating init config 
142779     DEBUG main            d.u.i.k.p.i.AbstractProblemLoader Init config took 3.45s 
142798     INFO  main            d.u.i.k.p.i.AbstractProblemLoader Replaying proof selection_sort.key 
142801     DEBUG main            d.u.i.k.p.i.IntermediateProofReplayer Proof replay took 11ns 
147923     INFO  main            d.u.i.k.p.r.p.TestFile    ... finished proof: closed. 
148336     INFO  main            d.u.i.k.p.i.AbstractProblemLoader Loading environment from /home/runner/work/key/key/key.core/../key.ui/examples/heap/simple/selection_sort.key.proof 
148339     DEBUG main            d.u.i.k.p.i.AbstractProblemLoader Environment load took 3.72ms 
148343     INFO  main            d.u.i.k.p.i.AbstractProblemLoader Creating init config 
151734     DEBUG main            d.u.i.k.p.i.AbstractProblemLoader Init config took 3.39s 
151757     INFO  main            d.u.i.k.p.i.AbstractProblemLoader Replaying proof selection_sort.key.proof 
152798     DEBUG main            d.u.i.k.p.i.IntermediateProofReplayer Proof replay took 1.01s 
152801     DEBUG main            d.u.i.k.p.r.p.TestFile    ... success: reloaded. 
152803     INFO  main            d.u.i.k.p.r.p.TestFile    Now processing file /home/runner/work/key/key/key.core/../key.ui/examples/heap/simple/seq.key 
152804     INFO  main            d.u.i.k.p.i.AbstractProblemLoader Loading environment from /home/runner/work/key/key/key.core/../key.ui/examples/heap/simple/seq.key 
152804     DEBUG main            d.u.i.k.p.i.AbstractProblemLoader Environment load took 252ns 
152805     INFO  main            d.u.i.k.p.i.AbstractProblemLoader Creating init config 
155897     DEBUG main            d.u.i.k.p.i.AbstractProblemLoader Init config took 3.09s 
155913     INFO  main            d.u.i.k.p.i.AbstractProblemLoader Replaying proof seq.key 
155915     DEBUG main            d.u.i.k.p.i.IntermediateProofReplayer Proof replay took 8.1ns 
156521     INFO  main            d.u.i.k.p.r.p.TestFile    ... finished proof: closed. 
156933     INFO  main            d.u.i.k.p.i.AbstractProblemLoader Loading environment from /home/runner/work/key/key/key.core/../key.ui/examples/heap/simple/seq.key.proof 
156933     DEBUG main            d.u.i.k.p.i.AbstractProblemLoader Environment load took 591.8ns 
156935     INFO  main            d.u.i.k.p.i.AbstractProblemLoader Creating init config 
160010     DEBUG main            d.u.i.k.p.i.AbstractProblemLoader Init config took 3.07s 
160030     INFO  main            d.u.i.k.p.i.AbstractProblemLoader Replaying proof seq.key.proof 
160112     DEBUG main            d.u.i.k.p.i.IntermediateProofReplayer Proof replay took 76.22ms 
160114     DEBUG main            d.u.i.k.p.r.p.TestFile    ... success: reloaded. 
160115     INFO  main            d.u.i.k.p.r.p.TestFile    Now processing file /home/runner/work/key/key/key.core/../key.ui/examples/heap/simple/oldForParams.key 
160116     INFO  main            d.u.i.k.p.i.AbstractProblemLoader Loading environment from /home/runner/work/key/key/key.core/../key.ui/examples/heap/simple/oldForParams.key 
160116     DEBUG main            d.u.i.k.p.i.AbstractProblemLoader Environment load took 252.5ns 
160117     INFO  main            d.u.i.k.p.i.AbstractProblemLoader Creating init config 
163506     DEBUG main            d.u.i.k.p.i.AbstractProblemLoader Init config took 3.39s 
163592     INFO  main            d.u.i.k.p.i.AbstractProblemLoader Replaying proof OldForParameters[OldForParameters::method(int)].JML operation contract.0 
163595     DEBUG main            d.u.i.k.p.i.IntermediateProofReplayer Proof replay took 9ns 
163900     INFO  main            d.u.i.k.p.r.p.TestFile    ... finished proof: closed. 
164284     INFO  main            d.u.i.k.p.i.AbstractProblemLoader Loading environment from /home/runner/work/key/key/key.core/../key.ui/examples/heap/simple/oldForParams.key.proof 
164285     DEBUG main            d.u.i.k.p.i.AbstractProblemLoader Environment load took 804.7ns 
164286     INFO  main            d.u.i.k.p.i.AbstractProblemLoader Creating init config 
167693     DEBUG main            d.u.i.k.p.i.AbstractProblemLoader Init config took 3.41s 
167755     INFO  main            d.u.i.k.p.i.AbstractProblemLoader Replaying proof OldForParameters[OldForParameters::method(int)].JML operation contract.0 
167830     DEBUG main            d.u.i.k.p.i.IntermediateProofReplayer Proof replay took 70.4ms 
167834     DEBUG main            d.u.i.k.p.r.p.TestFile    ... success: reloaded. 
167836     INFO  main            d.u.i.k.p.r.p.TestFile    Now processing file /home/runner/work/key/key/key.core/../key.ui/examples/heap/simple/parse_lmtd.key 
167837     INFO  main            d.u.i.k.p.i.AbstractProblemLoader Loading environment from /home/runner/work/key/key/key.core/../key.ui/examples/heap/simple/parse_lmtd.key 
167837     DEBUG main            d.u.i.k.p.i.AbstractProblemLoader Environment load took 264.6ns 
167839     INFO  main            d.u.i.k.p.i.AbstractProblemLoader Creating init config 
171318     DEBUG main            d.u.i.k.p.i.AbstractProblemLoader Init config took 3.48s 
171374     INFO  main            d.u.i.k.p.i.AbstractProblemLoader Replaying proof ParseLmtd[ParseLmtd::simple(int)].JML normal_behavior operation contract.0 
171375     DEBUG main            d.u.i.k.p.i.IntermediateProofReplayer Proof replay took 7.6ns 
171578     INFO  main            d.u.i.k.p.r.p.TestFile    ... finished proof: closed. 
171937     INFO  main            d.u.i.k.p.i.AbstractProblemLoader Loading environment from /home/runner/work/key/key/key.core/../key.ui/examples/heap/simple/parse_lmtd.key.proof 
171937     DEBUG main            d.u.i.k.p.i.AbstractProblemLoader Environment load took 154.3ns 
171938     INFO  main            d.u.i.k.p.i.AbstractProblemLoader Creating init config 
175281     DEBUG main            d.u.i.k.p.i.AbstractProblemLoader Init config took 3.34s 
175336     INFO  main            d.u.i.k.p.i.AbstractProblemLoader Replaying proof ParseLmtd[ParseLmtd::simple(int)].JML normal_behavior operation contract.0 
175376     DEBUG main            d.u.i.k.p.i.IntermediateProofReplayer Proof replay took 36.66ms 
175378     DEBUG main            d.u.i.k.p.r.p.TestFile    ... success: reloaded. 
175381     INFO  main            d.u.i.k.p.r.p.TestFile    Now processing file /home/runner/work/key/key/key.core/../key.ui/examples/heap/strictly_pure/strictlyPureMethod.key 
175382     INFO  main            d.u.i.k.p.i.AbstractProblemLoader Loading environment from /home/runner/work/key/key/key.core/../key.ui/examples/heap/strictly_pure/strictlyPureMethod.key 
175382     DEBUG main            d.u.i.k.p.i.AbstractProblemLoader Environment load took 131.3ns 
175383     INFO  main            d.u.i.k.p.i.AbstractProblemLoader Creating init config 
178620     DEBUG main            d.u.i.k.p.i.AbstractProblemLoader Init config took 3.24s 
178668     INFO  main            d.u.i.k.p.i.AbstractProblemLoader Replaying proof StrictlyPure[StrictlyPure::strictlyPureMethod()].JML operation contract.0 
178670     DEBUG main            d.u.i.k.p.i.IntermediateProofReplayer Proof replay took 8.9ns 
178878     INFO  main            d.u.i.k.p.r.p.TestFile    ... finished proof: closed. 
179241     INFO  main            d.u.i.k.p.i.AbstractProblemLoader Loading environment from /home/runner/work/key/key/key.core/../key.ui/examples/heap/strictly_pure/strictlyPureMethod.key.proof 
179241     DEBUG main            d.u.i.k.p.i.AbstractProblemLoader Environment load took 157.7ns 
179243     INFO  main            d.u.i.k.p.i.AbstractProblemLoader Creating init config 
182330     DEBUG main            d.u.i.k.p.i.AbstractProblemLoader Init config took 3.09s 
182380     INFO  main            d.u.i.k.p.i.AbstractProblemLoader Replaying proof StrictlyPure[StrictlyPure::strictlyPureMethod()].JML operation contract.0 
182441     DEBUG main            d.u.i.k.p.i.IntermediateProofReplayer Proof replay took 57.5ms 
182442     DEBUG main            d.u.i.k.p.r.p.TestFile    ... success: reloaded. 
182444     INFO  main            d.u.i.k.p.r.p.TestFile    Now processing file /home/runner/work/key/key/key.core/../key.ui/examples/heap/strictly_pure/useStrictlyPureMethod.key 
182444     INFO  main            d.u.i.k.p.i.AbstractProblemLoader Loading environment from /home/runner/work/key/key/key.core/../key.ui/examples/heap/strictly_pure/useStrictlyPureMethod.key 
182445     DEBUG main            d.u.i.k.p.i.AbstractProblemLoader Environment load took 257.6ns 
182446     INFO  main            d.u.i.k.p.i.AbstractProblemLoader Creating init config 
185743     DEBUG main            d.u.i.k.p.i.AbstractProblemLoader Init config took 3.3s 
185801     INFO  main            d.u.i.k.p.i.AbstractProblemLoader Replaying proof StrictlyPure[StrictlyPure::useStrictlyPureMethod(StrictlyPureClass)].JML operation contract.0 
185804     DEBUG main            d.u.i.k.p.i.IntermediateProofReplayer Proof replay took 8.6ns 
186110     INFO  main            d.u.i.k.p.r.p.TestFile    ... finished proof: closed. 
186465     INFO  main            d.u.i.k.p.i.AbstractProblemLoader Loading environment from /home/runner/work/key/key/key.core/../key.ui/examples/heap/strictly_pure/useStrictlyPureMethod.key.proof 
186466     DEBUG main            d.u.i.k.p.i.AbstractProblemLoader Environment load took 570.6ns 
186467     INFO  main            d.u.i.k.p.i.AbstractProblemLoader Creating init config 
189589     DEBUG main            d.u.i.k.p.i.AbstractProblemLoader Init config took 3.12s 
189636     INFO  main            d.u.i.k.p.i.AbstractProblemLoader Replaying proof StrictlyPure[StrictlyPure::useStrictlyPureMethod(StrictlyPureClass)].JML operation contract.0 
189721     DEBUG main            d.u.i.k.p.i.IntermediateProofReplayer Proof replay took 81.12ms 
189722     DEBUG main            d.u.i.k.p.r.p.TestFile    ... success: reloaded. 
189723     INFO  main            d.u.i.k.p.r.p.TestFile    Now processing file /home/runner/work/key/key/key.core/../key.ui/examples/heap/Wellfounded/ackermann.key 
189724     INFO  main            d.u.i.k.p.i.AbstractProblemLoader Loading environment from /home/runner/work/key/key/key.core/../key.ui/examples/heap/Wellfounded/ackermann.key 
189724     DEBUG main            d.u.i.k.p.i.AbstractProblemLoader Environment load took 124.3ns 
189725     INFO  main            d.u.i.k.p.i.AbstractProblemLoader Creating init config 
192882     DEBUG main            d.u.i.k.p.i.AbstractProblemLoader Init config took 3.16s 
192932     INFO  main            d.u.i.k.p.i.AbstractProblemLoader Replaying proof Ackermann[Ackermann::a(int,int)].JML normal_behavior operation contract.0 
192935     DEBUG main            d.u.i.k.p.i.IntermediateProofReplayer Proof replay took 8.4ns 
193339     INFO  main            d.u.i.k.p.r.p.TestFile    ... finished proof: closed. 
193798     INFO  main            d.u.i.k.p.i.AbstractProblemLoader Loading environment from /home/runner/work/key/key/key.core/../key.ui/examples/heap/Wellfounded/ackermann.key.proof 
193799     DEBUG main            d.u.i.k.p.i.AbstractProblemLoader Environment load took 536.1ns 
193800     INFO  main            d.u.i.k.p.i.AbstractProblemLoader Creating init config 
196999     DEBUG main            d.u.i.k.p.i.AbstractProblemLoader Init config took 3.2s 
197058     INFO  main            d.u.i.k.p.i.AbstractProblemLoader Replaying proof Ackermann[Ackermann::a(int,int)].JML normal_behavior operation contract.0 
197162     DEBUG main            d.u.i.k.p.i.IntermediateProofReplayer Proof replay took 99.2ms 
197163     DEBUG main            d.u.i.k.p.r.p.TestFile    ... success: reloaded. 
197165     INFO  main            d.u.i.k.p.r.p.TestFile    Now processing file /home/runner/work/key/key/key.core/../key.ui/examples/standard_key/unicode_test.key 
197165     INFO  main            d.u.i.k.p.i.AbstractProblemLoader Loading environment from /home/runner/work/key/key/key.core/../key.ui/examples/standard_key/unicode_test.key 
197166     DEBUG main            d.u.i.k.p.i.AbstractProblemLoader Environment load took 134.3ns 
197168     INFO  main            d.u.i.k.p.i.AbstractProblemLoader Creating init config 
200216     DEBUG main            d.u.i.k.p.i.AbstractProblemLoader Init config took 3.05s 
200232     INFO  main            d.u.i.k.p.i.AbstractProblemLoader Replaying proof unicode_test.key 
200234     DEBUG main            d.u.i.k.p.i.IntermediateProofReplayer Proof replay took 9.6ns 
200338     INFO  main            d.u.i.k.p.r.p.TestFile    ... finished proof: closed. 
200722     INFO  main            d.u.i.k.p.i.AbstractProblemLoader Loading environment from /home/runner/work/key/key/key.core/../key.ui/examples/standard_key/unicode_test.key.proof 
200722     DEBUG main            d.u.i.k.p.i.AbstractProblemLoader Environment load took 137.1ns 
200723     INFO  main            d.u.i.k.p.i.AbstractProblemLoader Creating init config 
203743     DEBUG main            d.u.i.k.p.i.AbstractProblemLoader Init config took 3.02s 
203763     INFO  main            d.u.i.k.p.i.AbstractProblemLoader Replaying proof unicode_test.key.proof 
203766     DEBUG main            d.u.i.k.p.i.IntermediateProofReplayer Proof replay took 505.3ns 
203767     DEBUG main            d.u.i.k.p.r.p.TestFile    ... success: reloaded. 
203767     INFO  main            d.u.i.k.p.r.p.TestFile    Now processing file /home/runner/work/key/key/key.core/../key.ui/examples/heap/strictlyModular/mayExpand.key 
203768     INFO  main            d.u.i.k.p.i.AbstractProblemLoader Loading environment from /home/runner/work/key/key/key.core/../key.ui/examples/heap/strictlyModular/mayExpand.key 
203768     DEBUG main            d.u.i.k.p.i.AbstractProblemLoader Environment load took 307ns 
203769     INFO  main            d.u.i.k.p.i.AbstractProblemLoader Creating init config 
206874     DEBUG main            d.u.i.k.p.i.AbstractProblemLoader Init config took 3.11s 
206924     INFO  main            d.u.i.k.p.i.AbstractProblemLoader Replaying proof Modular[Modular::m()].JML operation contract.0 
206926     DEBUG main            d.u.i.k.p.i.IntermediateProofReplayer Proof replay took 21.7ns 
207029     INFO  main            d.u.i.k.p.r.p.TestFile    ... finished proof: closed. 
207435     INFO  main            d.u.i.k.p.i.AbstractProblemLoader Loading environment from /home/runner/work/key/key/key.core/../key.ui/examples/heap/strictlyModular/mayExpand.key.proof 
207435     DEBUG main            d.u.i.k.p.i.AbstractProblemLoader Environment load took 127.7ns 
207436     INFO  main            d.u.i.k.p.i.AbstractProblemLoader Creating init config 
210535     DEBUG main            d.u.i.k.p.i.AbstractProblemLoader Init config took 3.1s 
210581     INFO  main            d.u.i.k.p.i.AbstractProblemLoader Replaying proof Modular[Modular::m()].JML operation contract.0 
210606     DEBUG main            d.u.i.k.p.i.IntermediateProofReplayer Proof replay took 22.24ms 
210607     DEBUG main            d.u.i.k.p.r.p.TestFile    ... success: reloaded. 
210609     INFO  main            d.u.i.k.p.r.p.TestFile    Now processing file /home/runner/work/key/key/key.core/../key.ui/examples/heap/strictlyModular/modularOnly.key 
210609     INFO  main            d.u.i.k.p.i.AbstractProblemLoader Loading environment from /home/runner/work/key/key/key.core/../key.ui/examples/heap/strictlyModular/modularOnly.key 
210609     DEBUG main            d.u.i.k.p.i.AbstractProblemLoader Environment load took 129.9ns 
210610     INFO  main            d.u.i.k.p.i.AbstractProblemLoader Creating init config 
213858     DEBUG main            d.u.i.k.p.i.AbstractProblemLoader Init config took 3.25s 
213902     INFO  main            d.u.i.k.p.i.AbstractProblemLoader Replaying proof Modular[Modular::m()].JML operation contract.0 
213904     DEBUG main            d.u.i.k.p.i.IntermediateProofReplayer Proof replay took 9.1ns 
214008     INFO  main            d.u.i.k.p.r.p.TestFile    ... finished proof: open goal(s) 
2674483    INFO  Test worker     d.u.i.k.p.r.p.StatisticsFile Returning from test simpleTests 
2674487    INFO  Test worker     d.u.i.k.p.r.p.StatisticsFile Running test SmansEtAl 
520        INFO  Timeout watchdog d.u.i.k.p.r.p.ForkedTestFileRunner Timeout watcher launched (2000 secs.) 
558        WARN  main            d.u.i.k.s.ProofSettings   The settings in /home/runner/.key/proof-settings.props are *not* read. 
623        INFO  main            d.u.i.k.p.r.p.TestFile    Now processing file /home/runner/work/key/key/key.core/../key.ui/examples/heap/SmansEtAl/ArrayList_add.key 
811        INFO  main            d.u.i.k.p.i.AbstractProblemLoader Loading environment from /home/runner/work/key/key/key.core/../key.ui/examples/heap/SmansEtAl/ArrayList_add.key 
835        DEBUG main            d.u.i.k.p.i.AbstractProblemLoader Environment load took 2.39ms 
1229       INFO  main            d.u.i.k.p.i.AbstractProblemLoader Creating init config 
2622       DEBUG main            d.u.i.k.j.TypeConverter   No LDT found for Meta 
2623       DEBUG main            d.u.i.k.j.TypeConverter   No LDT found for Meta 
2629       DEBUG main            d.u.i.k.j.TypeConverter   No LDT found for Meta 
2629       DEBUG main            d.u.i.k.j.TypeConverter   No LDT found for Meta 
4396       DEBUG main            d.u.i.k.j.TypeConverter   No LDT found for JavaBigintExpression 
12376      DEBUG main            d.u.i.k.p.i.AbstractProblemLoader Init config took 11.15s 
12636      INFO  main            d.u.i.k.p.i.AbstractProblemLoader Replaying proof ArrayList[ArrayList::add(java.lang.Object)].JML normal_behavior operation contract.0 
12696      DEBUG main            d.u.i.k.p.i.IntermediateProofReplayer Proof replay took 40.8ns 
23422      INFO  main            d.u.i.k.p.r.p.TestFile    ... finished proof: closed. 
23698      INFO  main            d.u.i.k.p.i.AbstractProblemLoader Loading environment from /home/runner/work/key/key/key.core/../key.ui/examples/heap/SmansEtAl/ArrayList_add.key.proof 
23699      DEBUG main            d.u.i.k.p.i.AbstractProblemLoader Environment load took 639.9ns 
23703      INFO  main            d.u.i.k.p.i.AbstractProblemLoader Creating init config 
28082      DEBUG main            d.u.i.k.p.i.AbstractProblemLoader Init config took 4.38s 
28223      INFO  main            d.u.i.k.p.i.AbstractProblemLoader Replaying proof ArrayList[ArrayList::add(java.lang.Object)].JML normal_behavior operation contract.0 
30104      DEBUG main            d.u.i.k.p.i.IntermediateProofReplayer Proof replay took 1.83s 
30115      DEBUG main            d.u.i.k.p.r.p.TestFile    ... success: reloaded. 
30118      INFO  main            d.u.i.k.p.r.p.TestFile    Now processing file /home/runner/work/key/key/key.core/../key.ui/examples/heap/SmansEtAl/ArrayList_ArrayList.key 
30119      INFO  main            d.u.i.k.p.i.AbstractProblemLoader Loading environment from /home/runner/work/key/key/key.core/../key.ui/examples/heap/SmansEtAl/ArrayList_ArrayList.key 
30119      DEBUG main            d.u.i.k.p.i.AbstractProblemLoader Environment load took 341.3ns 
30121      INFO  main            d.u.i.k.p.i.AbstractProblemLoader Creating init config 
34278      DEBUG main            d.u.i.k.p.i.AbstractProblemLoader Init config took 4.16s 
34356      INFO  main            d.u.i.k.p.i.AbstractProblemLoader Replaying proof ArrayList[ArrayList::ArrayList()].JML normal_behavior operation contract.0 
34359      DEBUG main            d.u.i.k.p.i.IntermediateProofReplayer Proof replay took 9.1ns 
35693      INFO  main            d.u.i.k.p.r.p.TestFile    ... finished proof: closed. 
35923      INFO  main            d.u.i.k.p.i.AbstractProblemLoader Loading environment from /home/runner/work/key/key/key.core/../key.ui/examples/heap/SmansEtAl/ArrayList_ArrayList.key.proof 
35924      DEBUG main            d.u.i.k.p.i.AbstractProblemLoader Environment load took 548.1ns 
35928      INFO  main            d.u.i.k.p.i.AbstractProblemLoader Creating init config 
40188      DEBUG main            d.u.i.k.p.i.AbstractProblemLoader Init config took 4.26s 
40287      INFO  main            d.u.i.k.p.i.AbstractProblemLoader Replaying proof ArrayList[ArrayList::ArrayList()].JML normal_behavior operation contract.0 
40630      DEBUG main            d.u.i.k.p.i.IntermediateProofReplayer Proof replay took 324.21ms 
40633      DEBUG main            d.u.i.k.p.r.p.TestFile    ... success: reloaded. 
40636      INFO  main            d.u.i.k.p.r.p.TestFile    Now processing file /home/runner/work/key/key/key.core/../key.ui/examples/heap/SmansEtAl/ArrayList_footprint.key 
40636      INFO  main            d.u.i.k.p.i.AbstractProblemLoader Loading environment from /home/runner/work/key/key/key.core/../key.ui/examples/heap/SmansEtAl/ArrayList_footprint.key 
40637      DEBUG main            d.u.i.k.p.i.AbstractProblemLoader Environment load took 306.4ns 
40638      INFO  main            d.u.i.k.p.i.AbstractProblemLoader Creating init config 
44648      DEBUG main            d.u.i.k.p.i.AbstractProblemLoader Init config took 4.01s 
44726      INFO  main            d.u.i.k.p.i.AbstractProblemLoader Replaying proof ArrayList[ArrayList::$footprint()].JML accessible clause.0 
44730      DEBUG main            d.u.i.k.p.i.IntermediateProofReplayer Proof replay took 9.1ns 
44833      INFO  main            d.u.i.k.p.r.p.TestFile    ... finished proof: closed. 
45042      INFO  main            d.u.i.k.p.i.AbstractProblemLoader Loading environment from /home/runner/work/key/key/key.core/../key.ui/examples/heap/SmansEtAl/ArrayList_footprint.key.proof 
45045      DEBUG main            d.u.i.k.p.i.AbstractProblemLoader Environment load took 2.27ms 
45046      INFO  main            d.u.i.k.p.i.AbstractProblemLoader Creating init config 
49038      DEBUG main            d.u.i.k.p.i.AbstractProblemLoader Init config took 3.99s 
49114      INFO  main            d.u.i.k.p.i.AbstractProblemLoader Replaying proof ArrayList[ArrayList::$footprint()].JML accessible clause.0 
49144      DEBUG main            d.u.i.k.p.i.IntermediateProofReplayer Proof replay took 23.98ms 
49146      DEBUG main            d.u.i.k.p.r.p.TestFile    ... success: reloaded. 
49148      INFO  main            d.u.i.k.p.r.p.TestFile    Now processing file /home/runner/work/key/key/key.core/../key.ui/examples/heap/SmansEtAl/ArrayList_get_dep.key 
49149      INFO  main            d.u.i.k.p.i.AbstractProblemLoader Loading environment from /home/runner/work/key/key/key.core/../key.ui/examples/heap/SmansEtAl/ArrayList_get_dep.key 
49150      DEBUG main            d.u.i.k.p.i.AbstractProblemLoader Environment load took 627.39ns 
49151      INFO  main            d.u.i.k.p.i.AbstractProblemLoader Creating init config 
53151      DEBUG main            d.u.i.k.p.i.AbstractProblemLoader Init config took 4s 
53208      INFO  main            d.u.i.k.p.i.AbstractProblemLoader Replaying proof ArrayList[ArrayList::get(int)].JML accessible clause.0 
53211      DEBUG main            d.u.i.k.p.i.IntermediateProofReplayer Proof replay took 8.6ns 
53617      INFO  main            d.u.i.k.p.r.p.TestFile    ... finished proof: closed. 
53857      INFO  main            d.u.i.k.p.i.AbstractProblemLoader Loading environment from /home/runner/work/key/key/key.core/../key.ui/examples/heap/SmansEtAl/ArrayList_get_dep.key.proof 
53858      DEBUG main            d.u.i.k.p.i.AbstractProblemLoader Environment load took 718ns 
53860      INFO  main            d.u.i.k.p.i.AbstractProblemLoader Creating init config 
57851      DEBUG main            d.u.i.k.p.i.AbstractProblemLoader Init config took 3.99s 
57940      INFO  main            d.u.i.k.p.i.AbstractProblemLoader Replaying proof ArrayList[ArrayList::get(int)].JML accessible clause.0 
58047      DEBUG main            d.u.i.k.p.i.IntermediateProofReplayer Proof replay took 100.77ms 
58049      DEBUG main            d.u.i.k.p.r.p.TestFile    ... success: reloaded. 
58051      INFO  main            d.u.i.k.p.r.p.TestFile    Now processing file /home/runner/work/key/key/key.core/../key.ui/examples/heap/SmansEtAl/ArrayList_get.key 
58051      INFO  main            d.u.i.k.p.i.AbstractProblemLoader Loading environment from /home/runner/work/key/key/key.core/../key.ui/examples/heap/SmansEtAl/ArrayList_get.key 
58051      DEBUG main            d.u.i.k.p.i.AbstractProblemLoader Environment load took 260.4ns 
58053      INFO  main            d.u.i.k.p.i.AbstractProblemLoader Creating init config 
62138      DEBUG main            d.u.i.k.p.i.AbstractProblemLoader Init config took 4.09s 
62208      INFO  main            d.u.i.k.p.i.AbstractProblemLoader Replaying proof ArrayList[ArrayList::get(int)].JML normal_behavior operation contract.0 
62213      DEBUG main            d.u.i.k.p.i.IntermediateProofReplayer Proof replay took 7.5ns 
62532      INFO  main            d.u.i.k.p.r.p.TestFile    ... finished proof: closed. 
62746      INFO  main            d.u.i.k.p.i.AbstractProblemLoader Loading environment from /home/runner/work/key/key/key.core/../key.ui/examples/heap/SmansEtAl/ArrayList_get.key.proof 
62747      DEBUG main            d.u.i.k.p.i.AbstractProblemLoader Environment load took 550.7ns 
62749      INFO  main            d.u.i.k.p.i.AbstractProblemLoader Creating init config 
66614      DEBUG main            d.u.i.k.p.i.AbstractProblemLoader Init config took 3.87s 
66677      INFO  main            d.u.i.k.p.i.AbstractProblemLoader Replaying proof ArrayList[ArrayList::get(int)].JML normal_behavior operation contract.0 
66727      DEBUG main            d.u.i.k.p.i.IntermediateProofReplayer Proof replay took 46.6ms 
66728      DEBUG main            d.u.i.k.p.r.p.TestFile    ... success: reloaded. 
66730      INFO  main            d.u.i.k.p.r.p.TestFile    Now processing file /home/runner/work/key/key/key.core/../key.ui/examples/heap/SmansEtAl/ArrayList_inv.key 
66731      INFO  main            d.u.i.k.p.i.AbstractProblemLoader Loading environment from /home/runner/work/key/key/key.core/../key.ui/examples/heap/SmansEtAl/ArrayList_inv.key 
66731      DEBUG main            d.u.i.k.p.i.AbstractProblemLoader Environment load took 156.6ns 
66732      INFO  main            d.u.i.k.p.i.AbstractProblemLoader Creating init config 
70560      DEBUG main            d.u.i.k.p.i.AbstractProblemLoader Init config took 3.83s 
70620      INFO  main            d.u.i.k.p.i.AbstractProblemLoader Replaying proof ArrayList[java.lang.Object::<inv>()].JML accessible clause.0 
70624      DEBUG main            d.u.i.k.p.i.IntermediateProofReplayer Proof replay took 8.6ns 
70827      INFO  main            d.u.i.k.p.r.p.TestFile    ... finished proof: closed. 
71045      INFO  main            d.u.i.k.p.i.AbstractProblemLoader Loading environment from /home/runner/work/key/key/key.core/../key.ui/examples/heap/SmansEtAl/ArrayList_inv.key.proof 
71046      DEBUG main            d.u.i.k.p.i.AbstractProblemLoader Environment load took 810.79ns 
71047      INFO  main            d.u.i.k.p.i.AbstractProblemLoader Creating init config 
74941      DEBUG main            d.u.i.k.p.i.AbstractProblemLoader Init config took 3.89s 
75023      INFO  main            d.u.i.k.p.i.AbstractProblemLoader Replaying proof ArrayList[java.lang.Object::<inv>()].JML accessible clause.0 
75044      DEBUG main            d.u.i.k.p.i.IntermediateProofReplayer Proof replay took 18.29ms 
75045      DEBUG main            d.u.i.k.p.r.p.TestFile    ... success: reloaded. 
75047      INFO  main            d.u.i.k.p.r.p.TestFile    Now processing file /home/runner/work/key/key/key.core/../key.ui/examples/heap/SmansEtAl/ArrayList_size_dep.key 
75047      INFO  main            d.u.i.k.p.i.AbstractProblemLoader Loading environment from /home/runner/work/key/key/key.core/../key.ui/examples/heap/SmansEtAl/ArrayList_size_dep.key 
75047      DEBUG main            d.u.i.k.p.i.AbstractProblemLoader Environment load took 141.1ns 
75049      INFO  main            d.u.i.k.p.i.AbstractProblemLoader Creating init config 
79039      DEBUG main            d.u.i.k.p.i.AbstractProblemLoader Init config took 3.99s 
79105      INFO  main            d.u.i.k.p.i.AbstractProblemLoader Replaying proof ArrayList[ArrayList::size()].JML accessible clause.0 
79107      DEBUG main            d.u.i.k.p.i.IntermediateProofReplayer Proof replay took 8.5ns 
79212      INFO  main            d.u.i.k.p.r.p.TestFile    ... finished proof: closed. 
79453      INFO  main            d.u.i.k.p.i.AbstractProblemLoader Loading environment from /home/runner/work/key/key/key.core/../key.ui/examples/heap/SmansEtAl/ArrayList_size_dep.key.proof 
79454      DEBUG main            d.u.i.k.p.i.AbstractProblemLoader Environment load took 587.4ns 
79456      INFO  main            d.u.i.k.p.i.AbstractProblemLoader Creating init config 
83291      DEBUG main            d.u.i.k.p.i.AbstractProblemLoader Init config took 3.84s 
83362      INFO  main            d.u.i.k.p.i.AbstractProblemLoader Replaying proof ArrayList[ArrayList::size()].JML accessible clause.0 
83397      DEBUG main            d.u.i.k.p.i.IntermediateProofReplayer Proof replay took 30.68ms 
83398      DEBUG main            d.u.i.k.p.r.p.TestFile    ... success: reloaded. 
83400      INFO  main            d.u.i.k.p.r.p.TestFile    Now processing file /home/runner/work/key/key/key.core/../key.ui/examples/heap/SmansEtAl/ArrayList_size.key 
83400      INFO  main            d.u.i.k.p.i.AbstractProblemLoader Loading environment from /home/runner/work/key/key/key.core/../key.ui/examples/heap/SmansEtAl/ArrayList_size.key 
83401      DEBUG main            d.u.i.k.p.i.AbstractProblemLoader Environment load took 138.1ns 
83403      INFO  main            d.u.i.k.p.i.AbstractProblemLoader Creating init config 
87334      DEBUG main            d.u.i.k.p.i.AbstractProblemLoader Init config took 3.93s 
87388      INFO  main            d.u.i.k.p.i.AbstractProblemLoader Replaying proof ArrayList[ArrayList::size()].JML normal_behavior operation contract.0 
87390      DEBUG main            d.u.i.k.p.i.IntermediateProofReplayer Proof replay took 7.9ns 
87496      INFO  main            d.u.i.k.p.r.p.TestFile    ... finished proof: closed. 
87781      INFO  main            d.u.i.k.p.i.AbstractProblemLoader Loading environment from /home/runner/work/key/key/key.core/../key.ui/examples/heap/SmansEtAl/ArrayList_size.key.proof 
87782      DEBUG main            d.u.i.k.p.i.AbstractProblemLoader Environment load took 920.79ns 
87783      INFO  main            d.u.i.k.p.i.AbstractProblemLoader Creating init config 
91644      DEBUG main            d.u.i.k.p.i.AbstractProblemLoader Init config took 3.86s 
91697      INFO  main            d.u.i.k.p.i.AbstractProblemLoader Replaying proof ArrayList[ArrayList::size()].JML normal_behavior operation contract.0 
91719      DEBUG main            d.u.i.k.p.i.IntermediateProofReplayer Proof replay took 19.44ms 
91720      DEBUG main            d.u.i.k.p.r.p.TestFile    ... success: reloaded. 
91722      INFO  main            d.u.i.k.p.r.p.TestFile    Now processing file /home/runner/work/key/key/key.core/../key.ui/examples/heap/SmansEtAl/Cell_Cell.key 
91722      INFO  main            d.u.i.k.p.i.AbstractProblemLoader Loading environment from /home/runner/work/key/key/key.core/../key.ui/examples/heap/SmansEtAl/Cell_Cell.key 
91722      DEBUG main            d.u.i.k.p.i.AbstractProblemLoader Environment load took 111.6ns 
91723      INFO  main            d.u.i.k.p.i.AbstractProblemLoader Creating init config 
95431      DEBUG main            d.u.i.k.p.i.AbstractProblemLoader Init config took 3.71s 
95478      INFO  main            d.u.i.k.p.i.AbstractProblemLoader Replaying proof Cell[Cell::Cell()].JML normal_behavior operation contract.0 
95481      DEBUG main            d.u.i.k.p.i.IntermediateProofReplayer Proof replay took 15.2ns 
95785      INFO  main            d.u.i.k.p.r.p.TestFile    ... finished proof: closed. 
96052      INFO  main            d.u.i.k.p.i.AbstractProblemLoader Loading environment from /home/runner/work/key/key/key.core/../key.ui/examples/heap/SmansEtAl/Cell_Cell.key.proof 
96052      DEBUG main            d.u.i.k.p.i.AbstractProblemLoader Environment load took 530.1ns 
96054      INFO  main            d.u.i.k.p.i.AbstractProblemLoader Creating init config 
99889      DEBUG main            d.u.i.k.p.i.AbstractProblemLoader Init config took 3.83s 
99940      INFO  main            d.u.i.k.p.i.AbstractProblemLoader Replaying proof Cell[Cell::Cell()].JML normal_behavior operation contract.0 
100012     DEBUG main            d.u.i.k.p.i.IntermediateProofReplayer Proof replay took 65.54ms 
100014     DEBUG main            d.u.i.k.p.r.p.TestFile    ... success: reloaded. 
100015     INFO  main            d.u.i.k.p.r.p.TestFile    Now processing file /home/runner/work/key/key/key.core/../key.ui/examples/heap/SmansEtAl/Cell_footprint.key 
100016     INFO  main            d.u.i.k.p.i.AbstractProblemLoader Loading environment from /home/runner/work/key/key/key.core/../key.ui/examples/heap/SmansEtAl/Cell_footprint.key 
100016     DEBUG main            d.u.i.k.p.i.AbstractProblemLoader Environment load took 176.9ns 
100017     INFO  main            d.u.i.k.p.i.AbstractProblemLoader Creating init config 
103791     DEBUG main            d.u.i.k.p.i.AbstractProblemLoader Init config took 3.77s 
103839     INFO  main            d.u.i.k.p.i.AbstractProblemLoader Replaying proof Cell[Cell::$footprint()].JML accessible clause.0 
103841     DEBUG main            d.u.i.k.p.i.IntermediateProofReplayer Proof replay took 8.6ns 
103944     INFO  main            d.u.i.k.p.r.p.TestFile    ... finished proof: closed. 
104232     INFO  main            d.u.i.k.p.i.AbstractProblemLoader Loading environment from /home/runner/work/key/key/key.core/../key.ui/examples/heap/SmansEtAl/Cell_footprint.key.proof 
104232     DEBUG main            d.u.i.k.p.i.AbstractProblemLoader Environment load took 158.1ns 
104234     INFO  main            d.u.i.k.p.i.AbstractProblemLoader Creating init config 
108051     DEBUG main            d.u.i.k.p.i.AbstractProblemLoader Init config took 3.82s 
108101     INFO  main            d.u.i.k.p.i.AbstractProblemLoader Replaying proof Cell[Cell::$footprint()].JML accessible clause.0 
108108     DEBUG main            d.u.i.k.p.i.IntermediateProofReplayer Proof replay took 5.18ms 
108109     DEBUG main            d.u.i.k.p.r.p.TestFile    ... success: reloaded. 
108114     INFO  main            d.u.i.k.p.r.p.TestFile    Now processing file /home/runner/work/key/key/key.core/../key.ui/examples/heap/SmansEtAl/Cell_getX_dep.key 
108114     INFO  main            d.u.i.k.p.i.AbstractProblemLoader Loading environment from /home/runner/work/key/key/key.core/../key.ui/examples/heap/SmansEtAl/Cell_getX_dep.key 
108114     DEBUG main            d.u.i.k.p.i.AbstractProblemLoader Environment load took 339.7ns 
108116     INFO  main            d.u.i.k.p.i.AbstractProblemLoader Creating init config 
111972     DEBUG main            d.u.i.k.p.i.AbstractProblemLoader Init config took 3.86s 
112021     INFO  main            d.u.i.k.p.i.AbstractProblemLoader Replaying proof Cell[Cell::getX()].JML accessible clause.0 
112023     DEBUG main            d.u.i.k.p.i.IntermediateProofReplayer Proof replay took 62.5ns 
112128     INFO  main            d.u.i.k.p.r.p.TestFile    ... finished proof: closed. 
112419     INFO  main            d.u.i.k.p.i.AbstractProblemLoader Loading environment from /home/runner/work/key/key/key.core/../key.ui/examples/heap/SmansEtAl/Cell_getX_dep.key.proof 
112419     DEBUG main            d.u.i.k.p.i.AbstractProblemLoader Environment load took 176.8ns 
112420     INFO  main            d.u.i.k.p.i.AbstractProblemLoader Creating init config 
116219     DEBUG main            d.u.i.k.p.i.AbstractProblemLoader Init config took 3.8s 
116277     INFO  main            d.u.i.k.p.i.AbstractProblemLoader Replaying proof Cell[Cell::getX()].JML accessible clause.0 
116306     DEBUG main            d.u.i.k.p.i.IntermediateProofReplayer Proof replay took 26.91ms 
116310     DEBUG main            d.u.i.k.p.r.p.TestFile    ... success: reloaded. 
116313     INFO  main            d.u.i.k.p.r.p.TestFile    Now processing file /home/runner/work/key/key/key.core/../key.ui/examples/heap/SmansEtAl/Cell_getX.key 
116314     INFO  main            d.u.i.k.p.i.AbstractProblemLoader Loading environment from /home/runner/work/key/key/key.core/../key.ui/examples/heap/SmansEtAl/Cell_getX.key 
116314     DEBUG main            d.u.i.k.p.i.AbstractProblemLoader Environment load took 420.3ns 
116316     INFO  main            d.u.i.k.p.i.AbstractProblemLoader Creating init config 
120188     DEBUG main            d.u.i.k.p.i.AbstractProblemLoader Init config took 3.87s 
120235     INFO  main            d.u.i.k.p.i.AbstractProblemLoader Replaying proof Cell[Cell::getX()].JML normal_behavior operation contract.0 
120237     DEBUG main            d.u.i.k.p.i.IntermediateProofReplayer Proof replay took 8.6ns 
120340     INFO  main            d.u.i.k.p.r.p.TestFile    ... finished proof: closed. 
120630     INFO  main            d.u.i.k.p.i.AbstractProblemLoader Loading environment from /home/runner/work/key/key/key.core/../key.ui/examples/heap/SmansEtAl/Cell_getX.key.proof 
120631     DEBUG main            d.u.i.k.p.i.AbstractProblemLoader Environment load took 171.3ns 
120632     INFO  main            d.u.i.k.p.i.AbstractProblemLoader Creating init config 
124447     DEBUG main            d.u.i.k.p.i.AbstractProblemLoader Init config took 3.81s 
124495     INFO  main            d.u.i.k.p.i.AbstractProblemLoader Replaying proof Cell[Cell::getX()].JML normal_behavior operation contract.0 
124517     DEBUG main            d.u.i.k.p.i.IntermediateProofReplayer Proof replay took 19.1ms 
124519     DEBUG main            d.u.i.k.p.r.p.TestFile    ... success: reloaded. 
124521     INFO  main            d.u.i.k.p.r.p.TestFile    Now processing file /home/runner/work/key/key/key.core/../key.ui/examples/heap/SmansEtAl/Cell_inv.key 
124521     INFO  main            d.u.i.k.p.i.AbstractProblemLoader Loading environment from /home/runner/work/key/key/key.core/../key.ui/examples/heap/SmansEtAl/Cell_inv.key 
124522     DEBUG main            d.u.i.k.p.i.AbstractProblemLoader Environment load took 311.3ns 
124523     INFO  main            d.u.i.k.p.i.AbstractProblemLoader Creating init config 
128361     DEBUG main            d.u.i.k.p.i.AbstractProblemLoader Init config took 3.84s 
128413     INFO  main            d.u.i.k.p.i.AbstractProblemLoader Replaying proof Cell[java.lang.Object::<inv>()].JML accessible clause.0 
128416     DEBUG main            d.u.i.k.p.i.IntermediateProofReplayer Proof replay took 8.4ns 
128520     INFO  main            d.u.i.k.p.r.p.TestFile    ... finished proof: closed. 
128835     INFO  main            d.u.i.k.p.i.AbstractProblemLoader Loading environment from /home/runner/work/key/key/key.core/../key.ui/examples/heap/SmansEtAl/Cell_inv.key.proof 
128835     DEBUG main            d.u.i.k.p.i.AbstractProblemLoader Environment load took 144.3ns 
128836     INFO  main            d.u.i.k.p.i.AbstractProblemLoader Creating init config 
132741     DEBUG main            d.u.i.k.p.i.AbstractProblemLoader Init config took 3.9s 
132784     INFO  main            d.u.i.k.p.i.AbstractProblemLoader Replaying proof Cell[java.lang.Object::<inv>()].JML accessible clause.0 
132790     DEBUG main            d.u.i.k.p.i.IntermediateProofReplayer Proof replay took 2.54ms 
132791     DEBUG main            d.u.i.k.p.r.p.TestFile    ... success: reloaded. 
132792     INFO  main            d.u.i.k.p.r.p.TestFile    Now processing file /home/runner/work/key/key/key.core/../key.ui/examples/heap/SmansEtAl/Cell_setX.key 
132793     INFO  main            d.u.i.k.p.i.AbstractProblemLoader Loading environment from /home/runner/work/key/key/key.core/../key.ui/examples/heap/SmansEtAl/Cell_setX.key 
132793     DEBUG main            d.u.i.k.p.i.AbstractProblemLoader Environment load took 127.8ns 
132794     INFO  main            d.u.i.k.p.i.AbstractProblemLoader Creating init config 
136676     DEBUG main            d.u.i.k.p.i.AbstractProblemLoader Init config took 3.88s 
136730     INFO  main            d.u.i.k.p.i.AbstractProblemLoader Replaying proof Cell[Cell::setX(int)].JML normal_behavior operation contract.0 
136733     DEBUG main            d.u.i.k.p.i.IntermediateProofReplayer Proof replay took 8.4ns 
136935     INFO  main            d.u.i.k.p.r.p.TestFile    ... finished proof: closed. 
137241     INFO  main            d.u.i.k.p.i.AbstractProblemLoader Loading environment from /home/runner/work/key/key/key.core/../key.ui/examples/heap/SmansEtAl/Cell_setX.key.proof 
137241     DEBUG main            d.u.i.k.p.i.AbstractProblemLoader Environment load took 166.7ns 
137242     INFO  main            d.u.i.k.p.i.AbstractProblemLoader Creating init config 
141023     DEBUG main            d.u.i.k.p.i.AbstractProblemLoader Init config took 3.78s 
141069     INFO  main            d.u.i.k.p.i.AbstractProblemLoader Replaying proof Cell[Cell::setX(int)].JML normal_behavior operation contract.0 
141102     DEBUG main            d.u.i.k.p.i.IntermediateProofReplayer Proof replay took 30.73ms 
141103     DEBUG main            d.u.i.k.p.r.p.TestFile    ... success: reloaded. 
141105     INFO  main            d.u.i.k.p.r.p.TestFile    Now processing file /home/runner/work/key/key/key.core/../key.ui/examples/heap/SmansEtAl/CellClient_m.key 
141105     INFO  main            d.u.i.k.p.i.AbstractProblemLoader Loading environment from /home/runner/work/key/key/key.core/../key.ui/examples/heap/SmansEtAl/CellClient_m.key 
141105     DEBUG main            d.u.i.k.p.i.AbstractProblemLoader Environment load took 201.5ns 
141106     INFO  main            d.u.i.k.p.i.AbstractProblemLoader Creating init config 
144857     DEBUG main            d.u.i.k.p.i.AbstractProblemLoader Init config took 3.75s 
144902     INFO  main            d.u.i.k.p.i.AbstractProblemLoader Replaying proof CellClient[CellClient::m()].JML operation contract.0 
144904     DEBUG main            d.u.i.k.p.i.IntermediateProofReplayer Proof replay took 7.6ns 
145609     INFO  main            d.u.i.k.p.r.p.TestFile    ... finished proof: closed. 
145977     INFO  main            d.u.i.k.p.i.AbstractProblemLoader Loading environment from /home/runner/work/key/key/key.core/../key.ui/examples/heap/SmansEtAl/CellClient_m.key.proof 
145977     DEBUG main            d.u.i.k.p.i.AbstractProblemLoader Environment load took 165.4ns 
145979     INFO  main            d.u.i.k.p.i.AbstractProblemLoader Creating init config 
149671     DEBUG main            d.u.i.k.p.i.AbstractProblemLoader Init config took 3.69s 
149723     INFO  main            d.u.i.k.p.i.AbstractProblemLoader Replaying proof CellClient[CellClient::m()].JML operation contract.0 
149895     DEBUG main            d.u.i.k.p.i.IntermediateProofReplayer Proof replay took 166.39ms 
149896     DEBUG main            d.u.i.k.p.r.p.TestFile    ... success: reloaded. 
149897     INFO  main            d.u.i.k.p.r.p.TestFile    Now processing file /home/runner/work/key/key/key.core/../key.ui/examples/heap/SmansEtAl/Iterator_footprint.key 
149898     INFO  main            d.u.i.k.p.i.AbstractProblemLoader Loading environment from /home/runner/work/key/key/key.core/../key.ui/examples/heap/SmansEtAl/Iterator_footprint.key 
149898     DEBUG main            d.u.i.k.p.i.AbstractProblemLoader Environment load took 133.6ns 
149899     INFO  main            d.u.i.k.p.i.AbstractProblemLoader Creating init config 
153735     DEBUG main            d.u.i.k.p.i.AbstractProblemLoader Init config took 3.84s 
153800     INFO  main            d.u.i.k.p.i.AbstractProblemLoader Replaying proof Iterator[Iterator::$footprint()].JML accessible clause.0 
153803     DEBUG main            d.u.i.k.p.i.IntermediateProofReplayer Proof replay took 7.7ns 
153905     INFO  main            d.u.i.k.p.r.p.TestFile    ... finished proof: closed. 
154244     INFO  main            d.u.i.k.p.i.AbstractProblemLoader Loading environment from /home/runner/work/key/key/key.core/../key.ui/examples/heap/SmansEtAl/Iterator_footprint.key.proof 
154244     DEBUG main            d.u.i.k.p.i.AbstractProblemLoader Environment load took 137.9ns 
154245     INFO  main            d.u.i.k.p.i.AbstractProblemLoader Creating init config 
158039     DEBUG main            d.u.i.k.p.i.AbstractProblemLoader Init config took 3.79s 
158091     INFO  main            d.u.i.k.p.i.AbstractProblemLoader Replaying proof Iterator[Iterator::$footprint()].JML accessible clause.0 
158104     DEBUG main            d.u.i.k.p.i.IntermediateProofReplayer Proof replay took 9.52ms 
158105     DEBUG main            d.u.i.k.p.r.p.TestFile    ... success: reloaded. 
158107     INFO  main            d.u.i.k.p.r.p.TestFile    Now processing file /home/runner/work/key/key/key.core/../key.ui/examples/heap/SmansEtAl/Iterator_hasNext_dep.key 
158108     INFO  main            d.u.i.k.p.i.AbstractProblemLoader Loading environment from /home/runner/work/key/key/key.core/../key.ui/examples/heap/SmansEtAl/Iterator_hasNext_dep.key 
158108     DEBUG main            d.u.i.k.p.i.AbstractProblemLoader Environment load took 487.7ns 
158109     INFO  main            d.u.i.k.p.i.AbstractProblemLoader Creating init config 
161923     DEBUG main            d.u.i.k.p.i.AbstractProblemLoader Init config took 3.81s 
161974     INFO  main            d.u.i.k.p.i.AbstractProblemLoader Replaying proof Iterator[Iterator::hasNext()].JML accessible clause.0 
161977     DEBUG main            d.u.i.k.p.i.IntermediateProofReplayer Proof replay took 8.8ns 
162784     INFO  main            d.u.i.k.p.r.p.TestFile    ... finished proof: closed. 
163154     INFO  main            d.u.i.k.p.i.AbstractProblemLoader Loading environment from /home/runner/work/key/key/key.core/../key.ui/examples/heap/SmansEtAl/Iterator_hasNext_dep.key.proof 
163155     DEBUG main            d.u.i.k.p.i.AbstractProblemLoader Environment load took 223.4ns 
163156     INFO  main            d.u.i.k.p.i.AbstractProblemLoader Creating init config 
166893     DEBUG main            d.u.i.k.p.i.AbstractProblemLoader Init config took 3.74s 
166941     INFO  main            d.u.i.k.p.i.AbstractProblemLoader Replaying proof Iterator[Iterator::hasNext()].JML accessible clause.0 
167080     DEBUG main            d.u.i.k.p.i.IntermediateProofReplayer Proof replay took 133.01ms 
167084     DEBUG main            d.u.i.k.p.r.p.TestFile    ... success: reloaded. 
167087     INFO  main            d.u.i.k.p.r.p.TestFile    Now processing file /home/runner/work/key/key/key.core/../key.ui/examples/heap/SmansEtAl/Iterator_hasNext.key 
167088     INFO  main            d.u.i.k.p.i.AbstractProblemLoader Loading environment from /home/runner/work/key/key/key.core/../key.ui/examples/heap/SmansEtAl/Iterator_hasNext.key 
167088     DEBUG main            d.u.i.k.p.i.AbstractProblemLoader Environment load took 102.8ns 
167089     INFO  main            d.u.i.k.p.i.AbstractProblemLoader Creating init config 
170869     DEBUG main            d.u.i.k.p.i.AbstractProblemLoader Init config took 3.78s 
170921     INFO  main            d.u.i.k.p.i.AbstractProblemLoader Replaying proof Iterator[Iterator::hasNext()].JML normal_behavior operation contract.0 
170923     DEBUG main            d.u.i.k.p.i.IntermediateProofReplayer Proof replay took 7.6ns 
171728     INFO  main            d.u.i.k.p.r.p.TestFile    ... finished proof: closed. 
172067     INFO  main            d.u.i.k.p.i.AbstractProblemLoader Loading environment from /home/runner/work/key/key/key.core/../key.ui/examples/heap/SmansEtAl/Iterator_hasNext.key.proof 
172068     DEBUG main            d.u.i.k.p.i.AbstractProblemLoader Environment load took 544.6ns 
172070     INFO  main            d.u.i.k.p.i.AbstractProblemLoader Creating init config 
175707     DEBUG main            d.u.i.k.p.i.AbstractProblemLoader Init config took 3.64s 
175754     INFO  main            d.u.i.k.p.i.AbstractProblemLoader Replaying proof Iterator[Iterator::hasNext()].JML normal_behavior operation contract.0 
175901     DEBUG main            d.u.i.k.p.i.IntermediateProofReplayer Proof replay took 140.78ms 
175903     DEBUG main            d.u.i.k.p.r.p.TestFile    ... success: reloaded. 
175905     INFO  main            d.u.i.k.p.r.p.TestFile    Now processing file /home/runner/work/key/key/key.core/../key.ui/examples/heap/SmansEtAl/Iterator_inv.key 
175905     INFO  main            d.u.i.k.p.i.AbstractProblemLoader Loading environment from /home/runner/work/key/key/key.core/../key.ui/examples/heap/SmansEtAl/Iterator_inv.key 
175906     DEBUG main            d.u.i.k.p.i.AbstractProblemLoader Environment load took 273.5ns 
175907     INFO  main            d.u.i.k.p.i.AbstractProblemLoader Creating init config 
179687     DEBUG main            d.u.i.k.p.i.AbstractProblemLoader Init config took 3.78s 
179732     INFO  main            d.u.i.k.p.i.AbstractProblemLoader Replaying proof Iterator[java.lang.Object::<inv>()].JML accessible clause.0 
179734     DEBUG main            d.u.i.k.p.i.IntermediateProofReplayer Proof replay took 6.9ns 
179940     INFO  main            d.u.i.k.p.r.p.TestFile    ... finished proof: closed. 
180296     INFO  main            d.u.i.k.p.i.AbstractProblemLoader Loading environment from /home/runner/work/key/key/key.core/../key.ui/examples/heap/SmansEtAl/Iterator_inv.key.proof 
180296     DEBUG main            d.u.i.k.p.i.AbstractProblemLoader Environment load took 485.6ns 
180298     INFO  main            d.u.i.k.p.i.AbstractProblemLoader Creating init config 
183929     DEBUG main            d.u.i.k.p.i.AbstractProblemLoader Init config took 3.63s 
183979     INFO  main            d.u.i.k.p.i.AbstractProblemLoader Replaying proof Iterator[java.lang.Object::<inv>()].JML accessible clause.0 
184017     DEBUG main            d.u.i.k.p.i.IntermediateProofReplayer Proof replay took 34.64ms 
184019     DEBUG main            d.u.i.k.p.r.p.TestFile    ... success: reloaded. 
184020     INFO  main            d.u.i.k.p.r.p.TestFile    Now processing file /home/runner/work/key/key/key.core/../key.ui/examples/heap/SmansEtAl/Iterator_Iterator.key 
184020     INFO  main            d.u.i.k.p.i.AbstractProblemLoader Loading environment from /home/runner/work/key/key/key.core/../key.ui/examples/heap/SmansEtAl/Iterator_Iterator.key 
184020     DEBUG main            d.u.i.k.p.i.AbstractProblemLoader Environment load took 81.5ns 
184021     INFO  main            d.u.i.k.p.i.AbstractProblemLoader Creating init config 
187850     DEBUG main            d.u.i.k.p.i.AbstractProblemLoader Init config took 3.83s 
187900     INFO  main            d.u.i.k.p.i.AbstractProblemLoader Replaying proof Iterator[Iterator::Iterator(ArrayList)].JML normal_behavior operation contract.0 
187902     DEBUG main            d.u.i.k.p.i.IntermediateProofReplayer Proof replay took 8ns 
189928     INFO  main            d.u.i.k.p.r.p.TestFile    ... finished proof: closed. 
190283     INFO  main            d.u.i.k.p.i.AbstractProblemLoader Loading environment from /home/runner/work/key/key/key.core/../key.ui/examples/heap/SmansEtAl/Iterator_Iterator.key.proof 
190283     DEBUG main            d.u.i.k.p.i.AbstractProblemLoader Environment load took 164.8ns 
190285     INFO  main            d.u.i.k.p.i.AbstractProblemLoader Creating init config 
194000     DEBUG main            d.u.i.k.p.i.AbstractProblemLoader Init config took 3.71s 
194058     INFO  main            d.u.i.k.p.i.AbstractProblemLoader Replaying proof Iterator[Iterator::Iterator(ArrayList)].JML normal_behavior operation contract.0 
194348     DEBUG main            d.u.i.k.p.i.IntermediateProofReplayer Proof replay took 275.55ms 
194350     DEBUG main            d.u.i.k.p.r.p.TestFile    ... success: reloaded. 
194352     INFO  main            d.u.i.k.p.r.p.TestFile    Now processing file /home/runner/work/key/key/key.core/../key.ui/examples/heap/SmansEtAl/Iterator_list_dep.key 
194353     INFO  main            d.u.i.k.p.i.AbstractProblemLoader Loading environment from /home/runner/work/key/key/key.core/../key.ui/examples/heap/SmansEtAl/Iterator_list_dep.key 
194353     DEBUG main            d.u.i.k.p.i.AbstractProblemLoader Environment load took 264.9ns 
194354     INFO  main            d.u.i.k.p.i.AbstractProblemLoader Creating init config 
198222     DEBUG main            d.u.i.k.p.i.AbstractProblemLoader Init config took 3.87s 
198278     INFO  main            d.u.i.k.p.i.AbstractProblemLoader Replaying proof Iterator[Iterator::list()].JML accessible clause.0 
198281     DEBUG main            d.u.i.k.p.i.IntermediateProofReplayer Proof replay took 9.2ns 
198484     INFO  main            d.u.i.k.p.r.p.TestFile    ... finished proof: closed. 
198853     INFO  main            d.u.i.k.p.i.AbstractProblemLoader Loading environment from /home/runner/work/key/key/key.core/../key.ui/examples/heap/SmansEtAl/Iterator_list_dep.key.proof 
198853     DEBUG main            d.u.i.k.p.i.AbstractProblemLoader Environment load took 138.6ns 
198855     INFO  main            d.u.i.k.p.i.AbstractProblemLoader Creating init config 
202516     DEBUG main            d.u.i.k.p.i.AbstractProblemLoader Init config took 3.66s 
202563     INFO  main            d.u.i.k.p.i.AbstractProblemLoader Replaying proof Iterator[Iterator::list()].JML accessible clause.0 
202589     DEBUG main            d.u.i.k.p.i.IntermediateProofReplayer Proof replay took 23.95ms 
202591     DEBUG main            d.u.i.k.p.r.p.TestFile    ... success: reloaded. 
202592     INFO  main            d.u.i.k.p.r.p.TestFile    Now processing file /home/runner/work/key/key/key.core/../key.ui/examples/heap/SmansEtAl/Iterator_list.key 
202592     INFO  main            d.u.i.k.p.i.AbstractProblemLoader Loading environment from /home/runner/work/key/key/key.core/../key.ui/examples/heap/SmansEtAl/Iterator_list.key 
202592     DEBUG main            d.u.i.k.p.i.AbstractProblemLoader Environment load took 141.7ns 
202594     INFO  main            d.u.i.k.p.i.AbstractProblemLoader Creating init config 
206425     DEBUG main            d.u.i.k.p.i.AbstractProblemLoader Init config took 3.83s 
206474     INFO  main            d.u.i.k.p.i.AbstractProblemLoader Replaying proof Iterator[Iterator::list()].JML normal_behavior operation contract.0 
206477     DEBUG main            d.u.i.k.p.i.IntermediateProofReplayer Proof replay took 9.9ns 
206580     INFO  main            d.u.i.k.p.r.p.TestFile    ... finished proof: closed. 
206968     INFO  main            d.u.i.k.p.i.AbstractProblemLoader Loading environment from /home/runner/work/key/key/key.core/../key.ui/examples/heap/SmansEtAl/Iterator_list.key.proof 
206968     DEBUG main            d.u.i.k.p.i.AbstractProblemLoader Environment load took 140.6ns 
206970     INFO  main            d.u.i.k.p.i.AbstractProblemLoader Creating init config 
210760     DEBUG main            d.u.i.k.p.i.AbstractProblemLoader Init config took 3.79s 
210824     INFO  main            d.u.i.k.p.i.AbstractProblemLoader Replaying proof Iterator[Iterator::list()].JML normal_behavior operation contract.0 
210849     DEBUG main            d.u.i.k.p.i.IntermediateProofReplayer Proof replay took 23.02ms 
210851     DEBUG main            d.u.i.k.p.r.p.TestFile    ... success: reloaded. 
210852     INFO  main            d.u.i.k.p.r.p.TestFile    Now processing file /home/runner/work/key/key/key.core/../key.ui/examples/heap/SmansEtAl/Iterator_next.key 
210853     INFO  main            d.u.i.k.p.i.AbstractProblemLoader Loading environment from /home/runner/work/key/key/key.core/../key.ui/examples/heap/SmansEtAl/Iterator_next.key 
210853     DEBUG main            d.u.i.k.p.i.AbstractProblemLoader Environment load took 130.5ns 
210854     INFO  main            d.u.i.k.p.i.AbstractProblemLoader Creating init config 
214641     DEBUG main            d.u.i.k.p.i.AbstractProblemLoader Init config took 3.79s 
214700     INFO  main            d.u.i.k.p.i.AbstractProblemLoader Replaying proof Iterator[Iterator::next()].JML normal_behavior operation contract.0 
214702     DEBUG main            d.u.i.k.p.i.IntermediateProofReplayer Proof replay took 7.1ns 
218575     INFO  main            d.u.i.k.p.r.p.TestFile    ... finished proof: closed. 
219025     INFO  main            d.u.i.k.p.i.AbstractProblemLoader Loading environment from /home/runner/work/key/key/key.core/../key.ui/examples/heap/SmansEtAl/Iterator_next.key.proof 
219026     DEBUG main            d.u.i.k.p.i.AbstractProblemLoader Environment load took 249.4ns 
219028     INFO  main            d.u.i.k.p.i.AbstractProblemLoader Creating init config 
222754     DEBUG main            d.u.i.k.p.i.AbstractProblemLoader Init config took 3.73s 
222809     INFO  main            d.u.i.k.p.i.AbstractProblemLoader Replaying proof Iterator[Iterator::next()].JML normal_behavior operation contract.0 
223347     DEBUG main            d.u.i.k.p.i.IntermediateProofReplayer Proof replay took 515.2ms 
223349     DEBUG main            d.u.i.k.p.r.p.TestFile    ... success: reloaded. 
223351     INFO  main            d.u.i.k.p.r.p.TestFile    Now processing file /home/runner/work/key/key/key.core/../key.ui/examples/heap/SmansEtAl/Stack_footprint.key 
223351     INFO  main            d.u.i.k.p.i.AbstractProblemLoader Loading environment from /home/runner/work/key/key/key.core/../key.ui/examples/heap/SmansEtAl/Stack_footprint.key 
223352     DEBUG main            d.u.i.k.p.i.AbstractProblemLoader Environment load took 127.1ns 
223353     INFO  main            d.u.i.k.p.i.AbstractProblemLoader Creating init config 
227249     DEBUG main            d.u.i.k.p.i.AbstractProblemLoader Init config took 3.9s 
227297     INFO  main            d.u.i.k.p.i.AbstractProblemLoader Replaying proof Stack[Stack::$footprint()].JML accessible clause.0 
227299     DEBUG main            d.u.i.k.p.i.IntermediateProofReplayer Proof replay took 8.9ns 
227619     INFO  main            d.u.i.k.p.r.p.TestFile    ... finished proof: closed. 
227987     INFO  main            d.u.i.k.p.i.AbstractProblemLoader Loading environment from /home/runner/work/key/key/key.core/../key.ui/examples/heap/SmansEtAl/Stack_footprint.key.proof 
227988     DEBUG main            d.u.i.k.p.i.AbstractProblemLoader Environment load took 501.4ns 
227989     INFO  main            d.u.i.k.p.i.AbstractProblemLoader Creating init config 
231635     DEBUG main            d.u.i.k.p.i.AbstractProblemLoader Init config took 3.65s 
231679     INFO  main            d.u.i.k.p.i.AbstractProblemLoader Replaying proof Stack[Stack::$footprint()].JML accessible clause.0 
231722     DEBUG main            d.u.i.k.p.i.IntermediateProofReplayer Proof replay took 38.61ms 
231723     DEBUG main            d.u.i.k.p.r.p.TestFile    ... success: reloaded. 
231724     INFO  main            d.u.i.k.p.r.p.TestFile    Now processing file /home/runner/work/key/key/key.core/../key.ui/examples/heap/SmansEtAl/Stack_inv.key 
231725     INFO  main            d.u.i.k.p.i.AbstractProblemLoader Loading environment from /home/runner/work/key/key/key.core/../key.ui/examples/heap/SmansEtAl/Stack_inv.key 
231725     DEBUG main            d.u.i.k.p.i.AbstractProblemLoader Environment load took 231.8ns 
231726     INFO  main            d.u.i.k.p.i.AbstractProblemLoader Creating init config 
235485     DEBUG main            d.u.i.k.p.i.AbstractProblemLoader Init config took 3.76s 
235574     INFO  main            d.u.i.k.p.i.AbstractProblemLoader Replaying proof Stack[java.lang.Object::<inv>()].JML accessible clause.0 
235576     DEBUG main            d.u.i.k.p.i.IntermediateProofReplayer Proof replay took 8.5ns 
235679     INFO  main            d.u.i.k.p.r.p.TestFile    ... finished proof: closed. 
236080     INFO  main            d.u.i.k.p.i.AbstractProblemLoader Loading environment from /home/runner/work/key/key/key.core/../key.ui/examples/heap/SmansEtAl/Stack_inv.key.proof 
236080     DEBUG main            d.u.i.k.p.i.AbstractProblemLoader Environment load took 139.6ns 
236081     INFO  main            d.u.i.k.p.i.AbstractProblemLoader Creating init config 
239639     DEBUG main            d.u.i.k.p.i.AbstractProblemLoader Init config took 3.56s 
239696     INFO  main            d.u.i.k.p.i.AbstractProblemLoader Replaying proof Stack[java.lang.Object::<inv>()].JML accessible clause.0 
239712     DEBUG main            d.u.i.k.p.i.IntermediateProofReplayer Proof replay took 13.99ms 
239713     DEBUG main            d.u.i.k.p.r.p.TestFile    ... success: reloaded. 
239714     INFO  main            d.u.i.k.p.r.p.TestFile    Now processing file /home/runner/work/key/key/key.core/../key.ui/examples/heap/SmansEtAl/Stack_push.key 
239715     INFO  main            d.u.i.k.p.i.AbstractProblemLoader Loading environment from /home/runner/work/key/key/key.core/../key.ui/examples/heap/SmansEtAl/Stack_push.key 
239715     DEBUG main            d.u.i.k.p.i.AbstractProblemLoader Environment load took 482.5ns 
239716     INFO  main            d.u.i.k.p.i.AbstractProblemLoader Creating init config 
243478     DEBUG main            d.u.i.k.p.i.AbstractProblemLoader Init config took 3.76s 
243529     INFO  main            d.u.i.k.p.i.AbstractProblemLoader Replaying proof Stack[Stack::push(java.lang.Object)].JML normal_behavior operation contract.0 
243531     DEBUG main            d.u.i.k.p.i.IntermediateProofReplayer Proof replay took 8.3ns 
244536     INFO  main            d.u.i.k.p.r.p.TestFile    ... finished proof: closed. 
244973     INFO  main            d.u.i.k.p.i.AbstractProblemLoader Loading environment from /home/runner/work/key/key/key.core/../key.ui/examples/heap/SmansEtAl/Stack_push.key.proof 
244975     DEBUG main            d.u.i.k.p.i.AbstractProblemLoader Environment load took 1.1ms 
244976     INFO  main            d.u.i.k.p.i.AbstractProblemLoader Creating init config 
248648     DEBUG main            d.u.i.k.p.i.AbstractProblemLoader Init config took 3.67s 
248714     INFO  main            d.u.i.k.p.i.AbstractProblemLoader Replaying proof Stack[Stack::push(java.lang.Object)].JML normal_behavior operation contract.0 
248914     DEBUG main            d.u.i.k.p.i.IntermediateProofReplayer Proof replay took 190.42ms 
248916     DEBUG main            d.u.i.k.p.r.p.TestFile    ... success: reloaded. 
248921     INFO  main            d.u.i.k.p.r.p.TestFile    Now processing file /home/runner/work/key/key/key.core/../key.ui/examples/heap/SmansEtAl/Stack_size.key 
248922     INFO  main            d.u.i.k.p.i.AbstractProblemLoader Loading environment from /home/runner/work/key/key/key.core/../key.ui/examples/heap/SmansEtAl/Stack_size.key 
248922     DEBUG main            d.u.i.k.p.i.AbstractProblemLoader Environment load took 151.3ns 
248923     INFO  main            d.u.i.k.p.i.AbstractProblemLoader Creating init config 
252743     DEBUG main            d.u.i.k.p.i.AbstractProblemLoader Init config took 3.82s 
252817     INFO  main            d.u.i.k.p.i.AbstractProblemLoader Replaying proof Stack[Stack::size()].JML accessible clause.0 
252819     DEBUG main            d.u.i.k.p.i.IntermediateProofReplayer Proof replay took 8.2ns 
253125     INFO  main            d.u.i.k.p.r.p.TestFile    ... finished proof: closed. 
253560     INFO  main            d.u.i.k.p.i.AbstractProblemLoader Loading environment from /home/runner/work/key/key/key.core/../key.ui/examples/heap/SmansEtAl/Stack_size.key.proof 
253560     DEBUG main            d.u.i.k.p.i.AbstractProblemLoader Environment load took 142.7ns 
253562     INFO  main            d.u.i.k.p.i.AbstractProblemLoader Creating init config 
257227     DEBUG main            d.u.i.k.p.i.AbstractProblemLoader Init config took 3.66s 
257277     INFO  main            d.u.i.k.p.i.AbstractProblemLoader Replaying proof Stack[Stack::size()].JML accessible clause.0 
257376     DEBUG main            d.u.i.k.p.i.IntermediateProofReplayer Proof replay took 82.45ms 
257377     DEBUG main            d.u.i.k.p.r.p.TestFile    ... success: reloaded. 
257378     INFO  main            d.u.i.k.p.r.p.TestFile    Now processing file /home/runner/work/key/key/key.core/../key.ui/examples/heap/SmansEtAl/Stack_Stack.key 
257380     INFO  main            d.u.i.k.p.i.AbstractProblemLoader Loading environment from /home/runner/work/key/key/key.core/../key.ui/examples/heap/SmansEtAl/Stack_Stack.key 
257380     DEBUG main            d.u.i.k.p.i.AbstractProblemLoader Environment load took 277.9ns 
257382     INFO  main            d.u.i.k.p.i.AbstractProblemLoader Creating init config 
261155     DEBUG main            d.u.i.k.p.i.AbstractProblemLoader Init config took 3.77s 
261200     INFO  main            d.u.i.k.p.i.AbstractProblemLoader Replaying proof Stack[Stack::Stack()].JML normal_behavior operation contract.0 
261201     DEBUG main            d.u.i.k.p.i.IntermediateProofReplayer Proof replay took 6.8ns 
262715     INFO  main            d.u.i.k.p.r.p.TestFile    ... finished proof: closed. 
263206     INFO  main            d.u.i.k.p.i.AbstractProblemLoader Loading environment from /home/runner/work/key/key/key.core/../key.ui/examples/heap/SmansEtAl/Stack_Stack.key.proof 
263206     DEBUG main            d.u.i.k.p.i.AbstractProblemLoader Environment load took 533.1ns 
263208     INFO  main            d.u.i.k.p.i.AbstractProblemLoader Creating init config 
266781     DEBUG main            d.u.i.k.p.i.AbstractProblemLoader Init config took 3.57s 
266840     INFO  main            d.u.i.k.p.i.AbstractProblemLoader Replaying proof Stack[Stack::Stack()].JML normal_behavior operation contract.0 
267111     DEBUG main            d.u.i.k.p.i.IntermediateProofReplayer Proof replay took 260.38ms 
267113     DEBUG main            d.u.i.k.p.r.p.TestFile    ... success: reloaded. 
267114     INFO  main            d.u.i.k.p.r.p.TestFile    Now processing file /home/runner/work/key/key/key.core/../key.ui/examples/heap/SmansEtAl/Stack_switchContents.key 
267114     INFO  main            d.u.i.k.p.i.AbstractProblemLoader Loading environment from /home/runner/work/key/key/key.core/../key.ui/examples/heap/SmansEtAl/Stack_switchContents.key 
267115     DEBUG main            d.u.i.k.p.i.AbstractProblemLoader Environment load took 275.2ns 
267116     INFO  main            d.u.i.k.p.i.AbstractProblemLoader Creating init config 
270783     DEBUG main            d.u.i.k.p.i.AbstractProblemLoader Init config took 3.67s 
270828     INFO  main            d.u.i.k.p.i.AbstractProblemLoader Replaying proof Stack[Stack::switchContents(Stack)].JML normal_behavior operation contract.0 
270830     DEBUG main            d.u.i.k.p.i.IntermediateProofReplayer Proof replay took 8.2ns 
277076     INFO  main            d.u.i.k.p.r.p.TestFile    ... finished proof: closed. 
277541     INFO  main            d.u.i.k.p.i.AbstractProblemLoader Loading environment from /home/runner/work/key/key/key.core/../key.ui/examples/heap/SmansEtAl/Stack_switchContents.key.proof 
277541     DEBUG main            d.u.i.k.p.i.AbstractProblemLoader Environment load took 236ns 
277544     INFO  main            d.u.i.k.p.i.AbstractProblemLoader Creating init config 
281267     DEBUG main            d.u.i.k.p.i.AbstractProblemLoader Init config took 3.72s 
281314     INFO  main            d.u.i.k.p.i.AbstractProblemLoader Replaying proof Stack[Stack::switchContents(Stack)].JML normal_behavior operation contract.0 
281990     DEBUG main            d.u.i.k.p.i.IntermediateProofReplayer Proof replay took 657.83ms 
281993     DEBUG main            d.u.i.k.p.r.p.TestFile    ... success: reloaded. 
2956759    INFO  Test worker     d.u.i.k.p.r.p.StatisticsFile Returning from test SmansEtAl 
2956764    INFO  Test worker     d.u.i.k.p.r.p.StatisticsFile Running test VACID0 
545        INFO  Timeout watchdog d.u.i.k.p.r.p.ForkedTestFileRunner Timeout watcher launched (2000 secs.) 
585        WARN  main            d.u.i.k.s.ProofSettings   The settings in /home/runner/.key/proof-settings.props are *not* read. 
643        INFO  main            d.u.i.k.p.r.p.TestFile    Now processing file /home/runner/work/key/key/key.core/../key.ui/examples/heap/vacid0_01_SparseArray/Harness_sparseArrayTestHarness1.key 
796        INFO  main            d.u.i.k.p.i.AbstractProblemLoader Loading environment from /home/runner/work/key/key/key.core/../key.ui/examples/heap/vacid0_01_SparseArray/Harness_sparseArrayTestHarness1.key 
819        DEBUG main            d.u.i.k.p.i.AbstractProblemLoader Environment load took 2.45ms 
1160       INFO  main            d.u.i.k.p.i.AbstractProblemLoader Creating init config 
2560       DEBUG main            d.u.i.k.j.TypeConverter   No LDT found for Meta 
2561       DEBUG main            d.u.i.k.j.TypeConverter   No LDT found for Meta 
2566       DEBUG main            d.u.i.k.j.TypeConverter   No LDT found for Meta 
2566       DEBUG main            d.u.i.k.j.TypeConverter   No LDT found for Meta 
4806       DEBUG main            d.u.i.k.j.TypeConverter   No LDT found for JavaBigintExpression 
12675      DEBUG main            d.u.i.k.p.i.AbstractProblemLoader Init config took 11.52s 
12922      INFO  main            d.u.i.k.p.i.AbstractProblemLoader Replaying proof Harness[Harness::sparseArrayTestHarness1()].JML normal_behavior operation contract.0 
12977      DEBUG main            d.u.i.k.p.i.IntermediateProofReplayer Proof replay took 44.1ns 
14887      INFO  main            d.u.i.k.p.r.p.TestFile    ... finished proof: closed. 
15065      INFO  main            d.u.i.k.p.i.AbstractProblemLoader Loading environment from /home/runner/work/key/key/key.core/../key.ui/examples/heap/vacid0_01_SparseArray/Harness_sparseArrayTestHarness1.key.proof 
15065      DEBUG main            d.u.i.k.p.i.AbstractProblemLoader Environment load took 191.4ns 
15068      INFO  main            d.u.i.k.p.i.AbstractProblemLoader Creating init config 
19354      DEBUG main            d.u.i.k.p.i.AbstractProblemLoader Init config took 4.29s 
19467      INFO  main            d.u.i.k.p.i.AbstractProblemLoader Replaying proof Harness[Harness::sparseArrayTestHarness1()].JML normal_behavior operation contract.0 
19791      DEBUG main            d.u.i.k.p.i.IntermediateProofReplayer Proof replay took 306.37ms 
19802      DEBUG main            d.u.i.k.p.r.p.TestFile    ... success: reloaded. 
19808      INFO  main            d.u.i.k.p.r.p.TestFile    Now processing file /home/runner/work/key/key/key.core/../key.ui/examples/heap/vacid0_01_SparseArray/Harness_sparseArrayTestHarness2.key 
19809      INFO  main            d.u.i.k.p.i.AbstractProblemLoader Loading environment from /home/runner/work/key/key/key.core/../key.ui/examples/heap/vacid0_01_SparseArray/Harness_sparseArrayTestHarness2.key 
19811      DEBUG main            d.u.i.k.p.i.AbstractProblemLoader Environment load took 1.9ms 
19823      INFO  main            d.u.i.k.p.i.AbstractProblemLoader Creating init config 
24078      DEBUG main            d.u.i.k.p.i.AbstractProblemLoader Init config took 4.25s 
24155      INFO  main            d.u.i.k.p.i.AbstractProblemLoader Replaying proof Harness[Harness::sparseArrayTestHarness2()].JML normal_behavior operation contract.0 
24159      DEBUG main            d.u.i.k.p.i.IntermediateProofReplayer Proof replay took 7.8ns 
38045      INFO  main            d.u.i.k.p.r.p.TestFile    ... finished proof: closed. 
38355      INFO  main            d.u.i.k.p.i.AbstractProblemLoader Loading environment from /home/runner/work/key/key/key.core/../key.ui/examples/heap/vacid0_01_SparseArray/Harness_sparseArrayTestHarness2.key.proof 
38356      DEBUG main            d.u.i.k.p.i.AbstractProblemLoader Environment load took 599.4ns 
38369      INFO  main            d.u.i.k.p.i.AbstractProblemLoader Creating init config 
42348      DEBUG main            d.u.i.k.p.i.AbstractProblemLoader Init config took 3.98s 
42423      INFO  main            d.u.i.k.p.i.AbstractProblemLoader Replaying proof Harness[Harness::sparseArrayTestHarness2()].JML normal_behavior operation contract.0 
44083      DEBUG main            d.u.i.k.p.i.IntermediateProofReplayer Proof replay took 1.59s 
44087      DEBUG main            d.u.i.k.p.r.p.TestFile    ... success: reloaded. 
44089      INFO  main            d.u.i.k.p.r.p.TestFile    Now processing file /home/runner/work/key/key/key.core/../key.ui/examples/heap/vacid0_01_SparseArray/MemoryAllocator_alloc_unsigned.key 
44089      INFO  main            d.u.i.k.p.i.AbstractProblemLoader Loading environment from /home/runner/work/key/key/key.core/../key.ui/examples/heap/vacid0_01_SparseArray/MemoryAllocator_alloc_unsigned.key 
44089      DEBUG main            d.u.i.k.p.i.AbstractProblemLoader Environment load took 306ns 
44091      INFO  main            d.u.i.k.p.i.AbstractProblemLoader Creating init config 
48146      DEBUG main            d.u.i.k.p.i.AbstractProblemLoader Init config took 4.06s 
48227      INFO  main            d.u.i.k.p.i.AbstractProblemLoader Replaying proof MemoryAllocator[MemoryAllocator::alloc_unsigned(int)].JML normal_behavior operation contract.0 
48229      DEBUG main            d.u.i.k.p.i.IntermediateProofReplayer Proof replay took 6.3ns 
49537      INFO  main            d.u.i.k.p.r.p.TestFile    ... finished proof: closed. 
49814      INFO  main            d.u.i.k.p.i.AbstractProblemLoader Loading environment from /home/runner/work/key/key/key.core/../key.ui/examples/heap/vacid0_01_SparseArray/MemoryAllocator_alloc_unsigned.key.proof 
49814      DEBUG main            d.u.i.k.p.i.AbstractProblemLoader Environment load took 700.6ns 
49816      INFO  main            d.u.i.k.p.i.AbstractProblemLoader Creating init config 
53660      DEBUG main            d.u.i.k.p.i.AbstractProblemLoader Init config took 3.84s 
53728      INFO  main            d.u.i.k.p.i.AbstractProblemLoader Replaying proof MemoryAllocator[MemoryAllocator::alloc_unsigned(int)].JML normal_behavior operation contract.0 
54059      DEBUG main            d.u.i.k.p.i.IntermediateProofReplayer Proof replay took 318.35ms 
54061      DEBUG main            d.u.i.k.p.r.p.TestFile    ... success: reloaded. 
54063      INFO  main            d.u.i.k.p.r.p.TestFile    Now processing file /home/runner/work/key/key/key.core/../key.ui/examples/heap/vacid0_01_SparseArray/MemoryAllocator_alloc.key 
54064      INFO  main            d.u.i.k.p.i.AbstractProblemLoader Loading environment from /home/runner/work/key/key/key.core/../key.ui/examples/heap/vacid0_01_SparseArray/MemoryAllocator_alloc.key 
54064      DEBUG main            d.u.i.k.p.i.AbstractProblemLoader Environment load took 147.3ns 
54065      INFO  main            d.u.i.k.p.i.AbstractProblemLoader Creating init config 
58023      DEBUG main            d.u.i.k.p.i.AbstractProblemLoader Init config took 3.96s 
58086      INFO  main            d.u.i.k.p.i.AbstractProblemLoader Replaying proof MemoryAllocator[MemoryAllocator::alloc(int)].JML normal_behavior operation contract.0 
58088      DEBUG main            d.u.i.k.p.i.IntermediateProofReplayer Proof replay took 7ns 
58893      INFO  main            d.u.i.k.p.r.p.TestFile    ... finished proof: closed. 
59146      INFO  main            d.u.i.k.p.i.AbstractProblemLoader Loading environment from /home/runner/work/key/key/key.core/../key.ui/examples/heap/vacid0_01_SparseArray/MemoryAllocator_alloc.key.proof 
59147      DEBUG main            d.u.i.k.p.i.AbstractProblemLoader Environment load took 611ns 
59148      INFO  main            d.u.i.k.p.i.AbstractProblemLoader Creating init config 
63204      DEBUG main            d.u.i.k.p.i.AbstractProblemLoader Init config took 4.06s 
63272      INFO  main            d.u.i.k.p.i.AbstractProblemLoader Replaying proof MemoryAllocator[MemoryAllocator::alloc(int)].JML normal_behavior operation contract.0 
63500      DEBUG main            d.u.i.k.p.i.IntermediateProofReplayer Proof replay took 220.65ms 
63501      DEBUG main            d.u.i.k.p.r.p.TestFile    ... success: reloaded. 
63503      INFO  main            d.u.i.k.p.r.p.TestFile    Now processing file /home/runner/work/key/key/key.core/../key.ui/examples/heap/vacid0_01_SparseArray/SparseArray_get_dep.key 
63504      INFO  main            d.u.i.k.p.i.AbstractProblemLoader Loading environment from /home/runner/work/key/key/key.core/../key.ui/examples/heap/vacid0_01_SparseArray/SparseArray_get_dep.key 
63504      DEBUG main            d.u.i.k.p.i.AbstractProblemLoader Environment load took 403.9ns 
63506      INFO  main            d.u.i.k.p.i.AbstractProblemLoader Creating init config 
67421      DEBUG main            d.u.i.k.p.i.AbstractProblemLoader Init config took 3.91s 
67505      INFO  main            d.u.i.k.p.i.AbstractProblemLoader Replaying proof SparseArray[SparseArray::get(int)].JML accessible clause.0 
67507      DEBUG main            d.u.i.k.p.i.IntermediateProofReplayer Proof replay took 7.5ns 
71851      INFO  main            d.u.i.k.p.r.p.TestFile    ... finished proof: closed. 
72120      INFO  main            d.u.i.k.p.i.AbstractProblemLoader Loading environment from /home/runner/work/key/key/key.core/../key.ui/examples/heap/vacid0_01_SparseArray/SparseArray_get_dep.key.proof 
72120      DEBUG main            d.u.i.k.p.i.AbstractProblemLoader Environment load took 568.5ns 
72122      INFO  main            d.u.i.k.p.i.AbstractProblemLoader Creating init config 
76023      DEBUG main            d.u.i.k.p.i.AbstractProblemLoader Init config took 3.9s 
76108      INFO  main            d.u.i.k.p.i.AbstractProblemLoader Replaying proof SparseArray[SparseArray::get(int)].JML accessible clause.0 
76625      DEBUG main            d.u.i.k.p.i.IntermediateProofReplayer Proof replay took 497.7ms 
76627      DEBUG main            d.u.i.k.p.r.p.TestFile    ... success: reloaded. 
76629      INFO  main            d.u.i.k.p.r.p.TestFile    Now processing file /home/runner/work/key/key/key.core/../key.ui/examples/heap/vacid0_01_SparseArray/SparseArray_get.key 
76629      INFO  main            d.u.i.k.p.i.AbstractProblemLoader Loading environment from /home/runner/work/key/key/key.core/../key.ui/examples/heap/vacid0_01_SparseArray/SparseArray_get.key 
76629      DEBUG main            d.u.i.k.p.i.AbstractProblemLoader Environment load took 328.6ns 
76631      INFO  main            d.u.i.k.p.i.AbstractProblemLoader Creating init config 
80450      DEBUG main            d.u.i.k.p.i.AbstractProblemLoader Init config took 3.82s 
80531      INFO  main            d.u.i.k.p.i.AbstractProblemLoader Replaying proof SparseArray[SparseArray::get(int)].JML normal_behavior operation contract.0 
80533      DEBUG main            d.u.i.k.p.i.IntermediateProofReplayer Proof replay took 7.6ns 
83564      INFO  main            d.u.i.k.p.r.p.TestFile    ... finished proof: closed. 
83842      INFO  main            d.u.i.k.p.i.AbstractProblemLoader Loading environment from /home/runner/work/key/key/key.core/../key.ui/examples/heap/vacid0_01_SparseArray/SparseArray_get.key.proof 
83844      DEBUG main            d.u.i.k.p.i.AbstractProblemLoader Environment load took 1.83ms 
83846      INFO  main            d.u.i.k.p.i.AbstractProblemLoader Creating init config 
87666      DEBUG main            d.u.i.k.p.i.AbstractProblemLoader Init config took 3.82s 
87759      INFO  main            d.u.i.k.p.i.AbstractProblemLoader Replaying proof SparseArray[SparseArray::get(int)].JML normal_behavior operation contract.0 
88214      DEBUG main            d.u.i.k.p.i.IntermediateProofReplayer Proof replay took 439.2ms 
88215      DEBUG main            d.u.i.k.p.r.p.TestFile    ... success: reloaded. 
88217      INFO  main            d.u.i.k.p.r.p.TestFile    Now processing file /home/runner/work/key/key/key.core/../key.ui/examples/heap/vacid0_01_SparseArray/SparseArray_inv.key 
88217      INFO  main            d.u.i.k.p.i.AbstractProblemLoader Loading environment from /home/runner/work/key/key/key.core/../key.ui/examples/heap/vacid0_01_SparseArray/SparseArray_inv.key 
88218      DEBUG main            d.u.i.k.p.i.AbstractProblemLoader Environment load took 156.4ns 
88219      INFO  main            d.u.i.k.p.i.AbstractProblemLoader Creating init config 
92303      DEBUG main            d.u.i.k.p.i.AbstractProblemLoader Init config took 4.08s 
92383      INFO  main            d.u.i.k.p.i.AbstractProblemLoader Replaying proof SparseArray[java.lang.Object::<inv>()].JML accessible clause.0 
92386      DEBUG main            d.u.i.k.p.i.IntermediateProofReplayer Proof replay took 8.1ns 
95030      INFO  main            d.u.i.k.p.r.p.TestFile    ... finished proof: closed. 
95312      INFO  main            d.u.i.k.p.i.AbstractProblemLoader Loading environment from /home/runner/work/key/key/key.core/../key.ui/examples/heap/vacid0_01_SparseArray/SparseArray_inv.key.proof 
95315      DEBUG main            d.u.i.k.p.i.AbstractProblemLoader Environment load took 3.18ms 
95317      INFO  main            d.u.i.k.p.i.AbstractProblemLoader Creating init config 
99204      DEBUG main            d.u.i.k.p.i.AbstractProblemLoader Init config took 3.89s 
99288      INFO  main            d.u.i.k.p.i.AbstractProblemLoader Replaying proof SparseArray[java.lang.Object::<inv>()].JML accessible clause.0 
99502      DEBUG main            d.u.i.k.p.i.IntermediateProofReplayer Proof replay took 206.18ms 
99503      DEBUG main            d.u.i.k.p.r.p.TestFile    ... success: reloaded. 
99505      INFO  main            d.u.i.k.p.r.p.TestFile    Now processing file /home/runner/work/key/key/key.core/../key.ui/examples/heap/vacid0_01_SparseArray/SparseArray_SparseArray.key 
99505      INFO  main            d.u.i.k.p.i.AbstractProblemLoader Loading environment from /home/runner/work/key/key/key.core/../key.ui/examples/heap/vacid0_01_SparseArray/SparseArray_SparseArray.key 
99505      DEBUG main            d.u.i.k.p.i.AbstractProblemLoader Environment load took 164.9ns 
99507      INFO  main            d.u.i.k.p.i.AbstractProblemLoader Creating init config 
103445     DEBUG main            d.u.i.k.p.i.AbstractProblemLoader Init config took 3.94s 
103531     INFO  main            d.u.i.k.p.i.AbstractProblemLoader Replaying proof SparseArray[SparseArray::SparseArray(int)].JML normal_behavior operation contract.0 
103533     DEBUG main            d.u.i.k.p.i.IntermediateProofReplayer Proof replay took 8ns 
108165     INFO  main            d.u.i.k.p.r.p.TestFile    ... finished proof: closed. 
108473     INFO  main            d.u.i.k.p.i.AbstractProblemLoader Loading environment from /home/runner/work/key/key/key.core/../key.ui/examples/heap/vacid0_01_SparseArray/SparseArray_SparseArray.key.proof 
108474     DEBUG main            d.u.i.k.p.i.AbstractProblemLoader Environment load took 569.1ns 
108475     INFO  main            d.u.i.k.p.i.AbstractProblemLoader Creating init config 
112357     DEBUG main            d.u.i.k.p.i.AbstractProblemLoader Init config took 3.88s 
112444     INFO  main            d.u.i.k.p.i.AbstractProblemLoader Replaying proof SparseArray[SparseArray::SparseArray(int)].JML normal_behavior operation contract.0 
113173     DEBUG main            d.u.i.k.p.i.IntermediateProofReplayer Proof replay took 715.25ms 
113175     DEBUG main            d.u.i.k.p.r.p.TestFile    ... success: reloaded. 
3070189    INFO  Test worker     d.u.i.k.p.r.p.StatisticsFile Returning from test VACID0 
3070191    INFO  Test worker     d.u.i.k.p.r.p.StatisticsFile Running test VSTTE10 
555        INFO  Timeout watchdog d.u.i.k.p.r.p.ForkedTestFileRunner Timeout watcher launched (2000 secs.) 
580        WARN  main            d.u.i.k.s.ProofSettings   The settings in /home/runner/.key/proof-settings.props are *not* read. 
641        INFO  main            d.u.i.k.p.r.p.TestFile    Now processing file /home/runner/work/key/key/key.core/../key.ui/examples/heap/vstte10_01_SumAndMax/SumAndMax_sumAndMax.key 
797        INFO  main            d.u.i.k.p.i.AbstractProblemLoader Loading environment from /home/runner/work/key/key/key.core/../key.ui/examples/heap/vstte10_01_SumAndMax/SumAndMax_sumAndMax.key 
819        DEBUG main            d.u.i.k.p.i.AbstractProblemLoader Environment load took 3.03ms 
1122       INFO  main            d.u.i.k.p.i.AbstractProblemLoader Creating init config 
2492       DEBUG main            d.u.i.k.j.TypeConverter   No LDT found for Meta 
2493       DEBUG main            d.u.i.k.j.TypeConverter   No LDT found for Meta 
2495       DEBUG main            d.u.i.k.j.TypeConverter   No LDT found for Meta 
2495       DEBUG main            d.u.i.k.j.TypeConverter   No LDT found for Meta 
4335       DEBUG main            d.u.i.k.j.TypeConverter   No LDT found for JavaBigintExpression 
11701      DEBUG main            d.u.i.k.p.i.AbstractProblemLoader Init config took 10.58s 
11905      INFO  main            d.u.i.k.p.i.AbstractProblemLoader Replaying proof SumAndMax[SumAndMax::sumAndMax([I)].JML normal_behavior operation contract.0 
11965      DEBUG main            d.u.i.k.p.i.IntermediateProofReplayer Proof replay took 61.4ns 
18938      INFO  main            d.u.i.k.p.r.p.TestFile    ... finished proof: closed. 
19212      INFO  main            d.u.i.k.p.i.AbstractProblemLoader Loading environment from /home/runner/work/key/key/key.core/../key.ui/examples/heap/vstte10_01_SumAndMax/SumAndMax_sumAndMax.key.proof 
19213      DEBUG main            d.u.i.k.p.i.AbstractProblemLoader Environment load took 690.99ns 
19219      INFO  main            d.u.i.k.p.i.AbstractProblemLoader Creating init config 
23104      DEBUG main            d.u.i.k.p.i.AbstractProblemLoader Init config took 3.88s 
23189      INFO  main            d.u.i.k.p.i.AbstractProblemLoader Replaying proof SumAndMax[SumAndMax::sumAndMax([I)].JML normal_behavior operation contract.0 
24317      DEBUG main            d.u.i.k.p.i.IntermediateProofReplayer Proof replay took 1.09s 
24329      DEBUG main            d.u.i.k.p.r.p.TestFile    ... success: reloaded. 
24331      INFO  main            d.u.i.k.p.r.p.TestFile    Now processing file /home/runner/work/key/key/key.core/../key.ui/examples/heap/vstte10_03_LinkedList/Node_cons.key 
24332      INFO  main            d.u.i.k.p.i.AbstractProblemLoader Loading environment from /home/runner/work/key/key/key.core/../key.ui/examples/heap/vstte10_03_LinkedList/Node_cons.key 
24332      DEBUG main            d.u.i.k.p.i.AbstractProblemLoader Environment load took 351.2ns 
24335      INFO  main            d.u.i.k.p.i.AbstractProblemLoader Creating init config 
28425      DEBUG main            d.u.i.k.p.i.AbstractProblemLoader Init config took 4.09s 
28509      INFO  main            d.u.i.k.p.i.AbstractProblemLoader Replaying proof Node[Node::cons(int,Node)].JML normal_behavior operation contract.0 
28512      DEBUG main            d.u.i.k.p.i.IntermediateProofReplayer Proof replay took 19.5ns 
30857      INFO  main            d.u.i.k.p.r.p.TestFile    ... finished proof: closed. 
31111      INFO  main            d.u.i.k.p.i.AbstractProblemLoader Loading environment from /home/runner/work/key/key/key.core/../key.ui/examples/heap/vstte10_03_LinkedList/Node_cons.key.proof 
31112      DEBUG main            d.u.i.k.p.i.AbstractProblemLoader Environment load took 599.29ns 
31114      INFO  main            d.u.i.k.p.i.AbstractProblemLoader Creating init config 
34908      DEBUG main            d.u.i.k.p.i.AbstractProblemLoader Init config took 3.79s 
34985      INFO  main            d.u.i.k.p.i.AbstractProblemLoader Replaying proof Node[Node::cons(int,Node)].JML normal_behavior operation contract.0 
35509      DEBUG main            d.u.i.k.p.i.IntermediateProofReplayer Proof replay took 510.05ms 
35511      DEBUG main            d.u.i.k.p.r.p.TestFile    ... success: reloaded. 
35515      INFO  main            d.u.i.k.p.r.p.TestFile    Now processing file /home/runner/work/key/key/key.core/../key.ui/examples/heap/vstte10_03_LinkedList/Node_inv.key 
35515      INFO  main            d.u.i.k.p.i.AbstractProblemLoader Loading environment from /home/runner/work/key/key/key.core/../key.ui/examples/heap/vstte10_03_LinkedList/Node_inv.key 
35515      DEBUG main            d.u.i.k.p.i.AbstractProblemLoader Environment load took 282.8ns 
35518      INFO  main            d.u.i.k.p.i.AbstractProblemLoader Creating init config 
39145      DEBUG main            d.u.i.k.p.i.AbstractProblemLoader Init config took 3.63s 
39222      INFO  main            d.u.i.k.p.i.AbstractProblemLoader Replaying proof Node[java.lang.Object::<inv>()].JML accessible clause.0 
39225      DEBUG main            d.u.i.k.p.i.IntermediateProofReplayer Proof replay took 6.8ns 
39629      INFO  main            d.u.i.k.p.r.p.TestFile    ... finished proof: closed. 
39843      INFO  main            d.u.i.k.p.i.AbstractProblemLoader Loading environment from /home/runner/work/key/key/key.core/../key.ui/examples/heap/vstte10_03_LinkedList/Node_inv.key.proof 
39844      DEBUG main            d.u.i.k.p.i.AbstractProblemLoader Environment load took 708.39ns 
39848      INFO  main            d.u.i.k.p.i.AbstractProblemLoader Creating init config 
43483      DEBUG main            d.u.i.k.p.i.AbstractProblemLoader Init config took 3.64s 
43575      INFO  main            d.u.i.k.p.i.AbstractProblemLoader Replaying proof Node[java.lang.Object::<inv>()].JML accessible clause.0 
43634      DEBUG main            d.u.i.k.p.i.IntermediateProofReplayer Proof replay took 54.22ms 
43635      DEBUG main            d.u.i.k.p.r.p.TestFile    ... success: reloaded. 
43637      INFO  main            d.u.i.k.p.r.p.TestFile    Now processing file /home/runner/work/key/key/key.core/../key.ui/examples/heap/vstte10_03_LinkedList/Node_search.key 
43638      INFO  main            d.u.i.k.p.i.AbstractProblemLoader Loading environment from /home/runner/work/key/key/key.core/../key.ui/examples/heap/vstte10_03_LinkedList/Node_search.key 
43638      DEBUG main            d.u.i.k.p.i.AbstractProblemLoader Environment load took 264.9ns 
43639      INFO  main            d.u.i.k.p.i.AbstractProblemLoader Creating init config 
47249      DEBUG main            d.u.i.k.p.i.AbstractProblemLoader Init config took 3.61s 
47317      INFO  main            d.u.i.k.p.i.AbstractProblemLoader Replaying proof Node[Node::search()].JML normal_behavior operation contract.0 
47320      DEBUG main            d.u.i.k.p.i.IntermediateProofReplayer Proof replay took 7.7ns 
55785      INFO  main            d.u.i.k.p.r.p.TestFile    ... finished proof: closed. 
56119      INFO  main            d.u.i.k.p.i.AbstractProblemLoader Loading environment from /home/runner/work/key/key/key.core/../key.ui/examples/heap/vstte10_03_LinkedList/Node_search.key.proof 
56120      DEBUG main            d.u.i.k.p.i.AbstractProblemLoader Environment load took 327.2ns 
56123      INFO  main            d.u.i.k.p.i.AbstractProblemLoader Creating init config 
59587      DEBUG main            d.u.i.k.p.i.AbstractProblemLoader Init config took 3.46s 
59675      INFO  main            d.u.i.k.p.i.AbstractProblemLoader Replaying proof Node[Node::search()].JML normal_behavior operation contract.0 
60751      DEBUG main            d.u.i.k.p.i.IntermediateProofReplayer Proof replay took 1.02s 
60754      DEBUG main            d.u.i.k.p.r.p.TestFile    ... success: reloaded. 
60756      INFO  main            d.u.i.k.p.r.p.TestFile    Now processing file /home/runner/work/key/key/key.core/../key.ui/examples/heap/vstte10_04_Queens/Queens_isConsistent.key 
60756      INFO  main            d.u.i.k.p.i.AbstractProblemLoader Loading environment from /home/runner/work/key/key/key.core/../key.ui/examples/heap/vstte10_04_Queens/Queens_isConsistent.key 
60757      DEBUG main            d.u.i.k.p.i.AbstractProblemLoader Environment load took 332.2ns 
60758      INFO  main            d.u.i.k.p.i.AbstractProblemLoader Creating init config 
64823      DEBUG main            d.u.i.k.p.i.AbstractProblemLoader Init config took 4.07s 
64895      INFO  main            d.u.i.k.p.i.AbstractProblemLoader Replaying proof Queens[Queens::isConsistent([I,int)].JML normal_behavior operation contract.0 
64898      DEBUG main            d.u.i.k.p.i.IntermediateProofReplayer Proof replay took 7.4ns 
67468      INFO  main            d.u.i.k.p.r.p.TestFile    ... finished proof: closed. 
67778      INFO  main            d.u.i.k.p.i.AbstractProblemLoader Loading environment from /home/runner/work/key/key/key.core/../key.ui/examples/heap/vstte10_04_Queens/Queens_isConsistent.key.proof 
67779      DEBUG main            d.u.i.k.p.i.AbstractProblemLoader Environment load took 715.59ns 
67781      INFO  main            d.u.i.k.p.i.AbstractProblemLoader Creating init config 
71662      DEBUG main            d.u.i.k.p.i.AbstractProblemLoader Init config took 3.88s 
71724      INFO  main            d.u.i.k.p.i.AbstractProblemLoader Replaying proof Queens[Queens::isConsistent([I,int)].JML normal_behavior operation contract.0 
72349      DEBUG main            d.u.i.k.p.i.IntermediateProofReplayer Proof replay took 614.02ms 
72351      DEBUG main            d.u.i.k.p.r.p.TestFile    ... success: reloaded. 
72352      INFO  main            d.u.i.k.p.r.p.TestFile    Now processing file /home/runner/work/key/key/key.core/../key.ui/examples/heap/vstte10_04_Queens/Queens_nQueens.key 
72353      INFO  main            d.u.i.k.p.i.AbstractProblemLoader Loading environment from /home/runner/work/key/key/key.core/../key.ui/examples/heap/vstte10_04_Queens/Queens_nQueens.key 
72353      DEBUG main            d.u.i.k.p.i.AbstractProblemLoader Environment load took 264.6ns 
72354      INFO  main            d.u.i.k.p.i.AbstractProblemLoader Creating init config 
76023      DEBUG main            d.u.i.k.p.i.AbstractProblemLoader Init config took 3.67s 
76078      INFO  main            d.u.i.k.p.i.AbstractProblemLoader Replaying proof Queens[Queens::nQueens(int)].JML normal_behavior operation contract.0 
76081      DEBUG main            d.u.i.k.p.i.IntermediateProofReplayer Proof replay took 7.9ns 
92796      INFO  main            d.u.i.k.p.r.p.TestFile    ... finished proof: closed. 
93104      INFO  main            d.u.i.k.p.i.AbstractProblemLoader Loading environment from /home/runner/work/key/key/key.core/../key.ui/examples/heap/vstte10_04_Queens/Queens_nQueens.key.proof 
93104      DEBUG main            d.u.i.k.p.i.AbstractProblemLoader Environment load took 611.89ns 
93107      INFO  main            d.u.i.k.p.i.AbstractProblemLoader Creating init config 
96714      DEBUG main            d.u.i.k.p.i.AbstractProblemLoader Init config took 3.61s 
96780      INFO  main            d.u.i.k.p.i.AbstractProblemLoader Replaying proof Queens[Queens::nQueens(int)].JML normal_behavior operation contract.0 
98262      DEBUG main            d.u.i.k.p.i.IntermediateProofReplayer Proof replay took 1.46s 
98264      DEBUG main            d.u.i.k.p.r.p.TestFile    ... success: reloaded. 
98265      INFO  main            d.u.i.k.p.r.p.TestFile    Now processing file /home/runner/work/key/key/key.core/../key.ui/examples/heap/vstte10_05_Queue/AmortizedQueue_AmortizedQueue.key 
98266      INFO  main            d.u.i.k.p.i.AbstractProblemLoader Loading environment from /home/runner/work/key/key/key.core/../key.ui/examples/heap/vstte10_05_Queue/AmortizedQueue_AmortizedQueue.key 
98266      DEBUG main            d.u.i.k.p.i.AbstractProblemLoader Environment load took 136.5ns 
98267      INFO  main            d.u.i.k.p.i.AbstractProblemLoader Creating init config 
102104     DEBUG main            d.u.i.k.p.i.AbstractProblemLoader Init config took 3.84s 
102180     INFO  main            d.u.i.k.p.i.AbstractProblemLoader Replaying proof AmortizedQueue[AmortizedQueue::AmortizedQueue()].JML normal_behavior operation contract.0 
102183     DEBUG main            d.u.i.k.p.i.IntermediateProofReplayer Proof replay took 7.8ns 
104202     INFO  main            d.u.i.k.p.r.p.TestFile    ... finished proof: closed. 
104584     INFO  main            d.u.i.k.p.i.AbstractProblemLoader Loading environment from /home/runner/work/key/key/key.core/../key.ui/examples/heap/vstte10_05_Queue/AmortizedQueue_AmortizedQueue.key.proof 
104585     DEBUG main            d.u.i.k.p.i.AbstractProblemLoader Environment load took 193.9ns 
104586     INFO  main            d.u.i.k.p.i.AbstractProblemLoader Creating init config 
108224     DEBUG main            d.u.i.k.p.i.AbstractProblemLoader Init config took 3.64s 
108292     INFO  main            d.u.i.k.p.i.AbstractProblemLoader Replaying proof AmortizedQueue[AmortizedQueue::AmortizedQueue()].JML normal_behavior operation contract.0 
108639     DEBUG main            d.u.i.k.p.i.IntermediateProofReplayer Proof replay took 339.29ms 
108642     DEBUG main            d.u.i.k.p.r.p.TestFile    ... success: reloaded. 
108645     INFO  main            d.u.i.k.p.r.p.TestFile    Now processing file /home/runner/work/key/key/key.core/../key.ui/examples/heap/vstte10_05_Queue/AmortizedQueue_front.key 
108646     INFO  main            d.u.i.k.p.i.AbstractProblemLoader Loading environment from /home/runner/work/key/key/key.core/../key.ui/examples/heap/vstte10_05_Queue/AmortizedQueue_front.key 
108646     DEBUG main            d.u.i.k.p.i.AbstractProblemLoader Environment load took 421.4ns 
108649     INFO  main            d.u.i.k.p.i.AbstractProblemLoader Creating init config 
112466     DEBUG main            d.u.i.k.p.i.AbstractProblemLoader Init config took 3.82s 
112537     INFO  main            d.u.i.k.p.i.AbstractProblemLoader Replaying proof AmortizedQueue[AmortizedQueue::front()].JML normal_behavior operation contract.0 
112539     DEBUG main            d.u.i.k.p.i.IntermediateProofReplayer Proof replay took 7.6ns 
113146     INFO  main            d.u.i.k.p.r.p.TestFile    ... finished proof: closed. 
113498     INFO  main            d.u.i.k.p.i.AbstractProblemLoader Loading environment from /home/runner/work/key/key/key.core/../key.ui/examples/heap/vstte10_05_Queue/AmortizedQueue_front.key.proof 
113499     DEBUG main            d.u.i.k.p.i.AbstractProblemLoader Environment load took 858.79ns 
113501     INFO  main            d.u.i.k.p.i.AbstractProblemLoader Creating init config 
117255     DEBUG main            d.u.i.k.p.i.AbstractProblemLoader Init config took 3.75s 
117324     INFO  main            d.u.i.k.p.i.AbstractProblemLoader Replaying proof AmortizedQueue[AmortizedQueue::front()].JML normal_behavior operation contract.0 
117412     DEBUG main            d.u.i.k.p.i.IntermediateProofReplayer Proof replay took 83.82ms 
117414     DEBUG main            d.u.i.k.p.r.p.TestFile    ... success: reloaded. 
117416     INFO  main            d.u.i.k.p.r.p.TestFile    Now processing file /home/runner/work/key/key/key.core/../key.ui/examples/heap/vstte10_05_Queue/LinkedList_concat.key 
117416     INFO  main            d.u.i.k.p.i.AbstractProblemLoader Loading environment from /home/runner/work/key/key/key.core/../key.ui/examples/heap/vstte10_05_Queue/LinkedList_concat.key 
117417     DEBUG main            d.u.i.k.p.i.AbstractProblemLoader Environment load took 248ns 
117418     INFO  main            d.u.i.k.p.i.AbstractProblemLoader Creating init config 
121224     DEBUG main            d.u.i.k.p.i.AbstractProblemLoader Init config took 3.81s 
121293     INFO  main            d.u.i.k.p.i.AbstractProblemLoader Replaying proof LinkedList[LinkedList::concat(LinkedList)].JML normal_behavior operation contract.0 
121296     DEBUG main            d.u.i.k.p.i.IntermediateProofReplayer Proof replay took 7.1ns 
133183     INFO  main            d.u.i.k.p.r.p.TestFile    ... finished proof: closed. 
133544     INFO  main            d.u.i.k.p.i.AbstractProblemLoader Loading environment from /home/runner/work/key/key/key.core/../key.ui/examples/heap/vstte10_05_Queue/LinkedList_concat.key.proof 
133544     DEBUG main            d.u.i.k.p.i.AbstractProblemLoader Environment load took 558.3ns 
133547     INFO  main            d.u.i.k.p.i.AbstractProblemLoader Creating init config 
137217     DEBUG main            d.u.i.k.p.i.AbstractProblemLoader Init config took 3.67s 
137285     INFO  main            d.u.i.k.p.i.AbstractProblemLoader Replaying proof LinkedList[LinkedList::concat(LinkedList)].JML normal_behavior operation contract.0 
138520     DEBUG main            d.u.i.k.p.i.IntermediateProofReplayer Proof replay took 1.2s 
138523     DEBUG main            d.u.i.k.p.r.p.TestFile    ... success: reloaded. 
138525     INFO  main            d.u.i.k.p.r.p.TestFile    Now processing file /home/runner/work/key/key/key.core/../key.ui/examples/heap/vstte10_05_Queue/LinkedList_cons.key 
138525     INFO  main            d.u.i.k.p.i.AbstractProblemLoader Loading environment from /home/runner/work/key/key/key.core/../key.ui/examples/heap/vstte10_05_Queue/LinkedList_cons.key 
138525     DEBUG main            d.u.i.k.p.i.AbstractProblemLoader Environment load took 125.9ns 
138526     INFO  main            d.u.i.k.p.i.AbstractProblemLoader Creating init config 
142259     DEBUG main            d.u.i.k.p.i.AbstractProblemLoader Init config took 3.73s 
142332     INFO  main            d.u.i.k.p.i.AbstractProblemLoader Replaying proof LinkedList[LinkedList::cons(int)].JML normal_behavior operation contract.0 
142335     DEBUG main            d.u.i.k.p.i.IntermediateProofReplayer Proof replay took 7.4ns 
145470     INFO  main            d.u.i.k.p.r.p.TestFile    ... finished proof: closed. 
145810     INFO  main            d.u.i.k.p.i.AbstractProblemLoader Loading environment from /home/runner/work/key/key/key.core/../key.ui/examples/heap/vstte10_05_Queue/LinkedList_cons.key.proof 
145810     DEBUG main            d.u.i.k.p.i.AbstractProblemLoader Environment load took 168.1ns 
145812     INFO  main            d.u.i.k.p.i.AbstractProblemLoader Creating init config 
149434     DEBUG main            d.u.i.k.p.i.AbstractProblemLoader Init config took 3.62s 
149491     INFO  main            d.u.i.k.p.i.AbstractProblemLoader Replaying proof LinkedList[LinkedList::cons(int)].JML normal_behavior operation contract.0 
149888     DEBUG main            d.u.i.k.p.i.IntermediateProofReplayer Proof replay took 387.21ms 
149890     DEBUG main            d.u.i.k.p.r.p.TestFile    ... success: reloaded. 
149891     INFO  main            d.u.i.k.p.r.p.TestFile    Now processing file /home/runner/work/key/key/key.core/../key.ui/examples/heap/vstte10_05_Queue/LinkedList_head.key 
149892     INFO  main            d.u.i.k.p.i.AbstractProblemLoader Loading environment from /home/runner/work/key/key/key.core/../key.ui/examples/heap/vstte10_05_Queue/LinkedList_head.key 
149892     DEBUG main            d.u.i.k.p.i.AbstractProblemLoader Environment load took 91.7ns 
149893     INFO  main            d.u.i.k.p.i.AbstractProblemLoader Creating init config 
153790     DEBUG main            d.u.i.k.p.i.AbstractProblemLoader Init config took 3.9s 
153847     INFO  main            d.u.i.k.p.i.AbstractProblemLoader Replaying proof LinkedList[LinkedList::head()].JML normal_behavior operation contract.0 
153849     DEBUG main            d.u.i.k.p.i.IntermediateProofReplayer Proof replay took 7ns 
154052     INFO  main            d.u.i.k.p.r.p.TestFile    ... finished proof: closed. 
154361     INFO  main            d.u.i.k.p.i.AbstractProblemLoader Loading environment from /home/runner/work/key/key/key.core/../key.ui/examples/heap/vstte10_05_Queue/LinkedList_head.key.proof 
154361     DEBUG main            d.u.i.k.p.i.AbstractProblemLoader Environment load took 147.9ns 
154364     INFO  main            d.u.i.k.p.i.AbstractProblemLoader Creating init config 
158060     DEBUG main            d.u.i.k.p.i.AbstractProblemLoader Init config took 3.7s 
158122     INFO  main            d.u.i.k.p.i.AbstractProblemLoader Replaying proof LinkedList[LinkedList::head()].JML normal_behavior operation contract.0 
158145     DEBUG main            d.u.i.k.p.i.IntermediateProofReplayer Proof replay took 20.27ms 
158146     DEBUG main            d.u.i.k.p.r.p.TestFile    ... success: reloaded. 
158147     INFO  main            d.u.i.k.p.r.p.TestFile    Now processing file /home/runner/work/key/key/key.core/../key.ui/examples/heap/vstte10_05_Queue/LinkedList_inv.key 
158148     INFO  main            d.u.i.k.p.i.AbstractProblemLoader Loading environment from /home/runner/work/key/key/key.core/../key.ui/examples/heap/vstte10_05_Queue/LinkedList_inv.key 
158148     DEBUG main            d.u.i.k.p.i.AbstractProblemLoader Environment load took 146.9ns 
158149     INFO  main            d.u.i.k.p.i.AbstractProblemLoader Creating init config 
161804     DEBUG main            d.u.i.k.p.i.AbstractProblemLoader Init config took 3.65s 
161864     INFO  main            d.u.i.k.p.i.AbstractProblemLoader Replaying proof LinkedList[java.lang.Object::<inv>()].JML accessible clause.0 
161868     DEBUG main            d.u.i.k.p.i.IntermediateProofReplayer Proof replay took 8.2ns 
162275     INFO  main            d.u.i.k.p.r.p.TestFile    ... finished proof: closed. 
162593     INFO  main            d.u.i.k.p.i.AbstractProblemLoader Loading environment from /home/runner/work/key/key/key.core/../key.ui/examples/heap/vstte10_05_Queue/LinkedList_inv.key.proof 
162593     DEBUG main            d.u.i.k.p.i.AbstractProblemLoader Environment load took 246.1ns 
162594     INFO  main            d.u.i.k.p.i.AbstractProblemLoader Creating init config 
166109     DEBUG main            d.u.i.k.p.i.AbstractProblemLoader Init config took 3.52s 
166171     INFO  main            d.u.i.k.p.i.AbstractProblemLoader Replaying proof LinkedList[java.lang.Object::<inv>()].JML accessible clause.0 
166227     DEBUG main            d.u.i.k.p.i.IntermediateProofReplayer Proof replay took 53.15ms 
166229     DEBUG main            d.u.i.k.p.r.p.TestFile    ... success: reloaded. 
166230     INFO  main            d.u.i.k.p.r.p.TestFile    Now processing file /home/runner/work/key/key/key.core/../key.ui/examples/heap/vstte10_05_Queue/LinkedList_length.key 
166231     INFO  main            d.u.i.k.p.i.AbstractProblemLoader Loading environment from /home/runner/work/key/key/key.core/../key.ui/examples/heap/vstte10_05_Queue/LinkedList_length.key 
166231     DEBUG main            d.u.i.k.p.i.AbstractProblemLoader Environment load took 148.2ns 
166232     INFO  main            d.u.i.k.p.i.AbstractProblemLoader Creating init config 
169830     DEBUG main            d.u.i.k.p.i.AbstractProblemLoader Init config took 3.6s 
169891     INFO  main            d.u.i.k.p.i.AbstractProblemLoader Replaying proof LinkedList[LinkedList::length()].JML normal_behavior operation contract.0 
169893     DEBUG main            d.u.i.k.p.i.IntermediateProofReplayer Proof replay took 8.2ns 
169996     INFO  main            d.u.i.k.p.r.p.TestFile    ... finished proof: closed. 
170428     INFO  main            d.u.i.k.p.i.AbstractProblemLoader Loading environment from /home/runner/work/key/key/key.core/../key.ui/examples/heap/vstte10_05_Queue/LinkedList_length.key.proof 
170429     DEBUG main            d.u.i.k.p.i.AbstractProblemLoader Environment load took 175.5ns 
170430     INFO  main            d.u.i.k.p.i.AbstractProblemLoader Creating init config 
174008     DEBUG main            d.u.i.k.p.i.AbstractProblemLoader Init config took 3.58s 
174067     INFO  main            d.u.i.k.p.i.AbstractProblemLoader Replaying proof LinkedList[LinkedList::length()].JML normal_behavior operation contract.0 
174088     DEBUG main            d.u.i.k.p.i.IntermediateProofReplayer Proof replay took 17.94ms 
174090     DEBUG main            d.u.i.k.p.r.p.TestFile    ... success: reloaded. 
174091     INFO  main            d.u.i.k.p.r.p.TestFile    Now processing file /home/runner/work/key/key/key.core/../key.ui/examples/heap/vstte10_05_Queue/LinkedList_LinkedList1.key 
174091     INFO  main            d.u.i.k.p.i.AbstractProblemLoader Loading environment from /home/runner/work/key/key/key.core/../key.ui/examples/heap/vstte10_05_Queue/LinkedList_LinkedList1.key 
174091     DEBUG main            d.u.i.k.p.i.AbstractProblemLoader Environment load took 114.5ns 
174093     INFO  main            d.u.i.k.p.i.AbstractProblemLoader Creating init config 
177646     DEBUG main            d.u.i.k.p.i.AbstractProblemLoader Init config took 3.55s 
177706     INFO  main            d.u.i.k.p.i.AbstractProblemLoader Replaying proof LinkedList[LinkedList::LinkedList(int,LinkedList)].JML normal_behavior operation contract.0 
177708     DEBUG main            d.u.i.k.p.i.IntermediateProofReplayer Proof replay took 7.4ns 
180151     INFO  main            d.u.i.k.p.r.p.TestFile    ... finished proof: closed. 
180500     INFO  main            d.u.i.k.p.i.AbstractProblemLoader Loading environment from /home/runner/work/key/key/key.core/../key.ui/examples/heap/vstte10_05_Queue/LinkedList_LinkedList1.key.proof 
180501     DEBUG main            d.u.i.k.p.i.AbstractProblemLoader Environment load took 538.5ns 
180503     INFO  main            d.u.i.k.p.i.AbstractProblemLoader Creating init config 
183996     DEBUG main            d.u.i.k.p.i.AbstractProblemLoader Init config took 3.49s 
184056     INFO  main            d.u.i.k.p.i.AbstractProblemLoader Replaying proof LinkedList[LinkedList::LinkedList(int,LinkedList)].JML normal_behavior operation contract.0 
184429     DEBUG main            d.u.i.k.p.i.IntermediateProofReplayer Proof replay took 364.21ms 
184430     DEBUG main            d.u.i.k.p.r.p.TestFile    ... success: reloaded. 
184432     INFO  main            d.u.i.k.p.r.p.TestFile    Now processing file /home/runner/work/key/key/key.core/../key.ui/examples/heap/vstte10_05_Queue/LinkedList_LinkedList2.key 
184433     INFO  main            d.u.i.k.p.i.AbstractProblemLoader Loading environment from /home/runner/work/key/key/key.core/../key.ui/examples/heap/vstte10_05_Queue/LinkedList_LinkedList2.key 
184433     DEBUG main            d.u.i.k.p.i.AbstractProblemLoader Environment load took 128.1ns 
184434     INFO  main            d.u.i.k.p.i.AbstractProblemLoader Creating init config 
187964     DEBUG main            d.u.i.k.p.i.AbstractProblemLoader Init config took 3.53s 
188055     INFO  main            d.u.i.k.p.i.AbstractProblemLoader Replaying proof LinkedList[LinkedList::LinkedList(int,LinkedList)].JML normal_behavior operation contract.0 
188059     DEBUG main            d.u.i.k.p.i.IntermediateProofReplayer Proof replay took 6.6ns 
190467     INFO  main            d.u.i.k.p.r.p.TestFile    ... finished proof: closed. 
190829     INFO  main            d.u.i.k.p.i.AbstractProblemLoader Loading environment from /home/runner/work/key/key/key.core/../key.ui/examples/heap/vstte10_05_Queue/LinkedList_LinkedList2.key.proof 
190829     DEBUG main            d.u.i.k.p.i.AbstractProblemLoader Environment load took 171ns 
190831     INFO  main            d.u.i.k.p.i.AbstractProblemLoader Creating init config 
194342     DEBUG main            d.u.i.k.p.i.AbstractProblemLoader Init config took 3.51s 
194401     INFO  main            d.u.i.k.p.i.AbstractProblemLoader Replaying proof LinkedList[LinkedList::LinkedList(int,LinkedList)].JML normal_behavior operation contract.0 
194771     DEBUG main            d.u.i.k.p.i.IntermediateProofReplayer Proof replay took 360.63ms 
194773     DEBUG main            d.u.i.k.p.r.p.TestFile    ... success: reloaded. 
194774     INFO  main            d.u.i.k.p.r.p.TestFile    Now processing file /home/runner/work/key/key/key.core/../key.ui/examples/heap/vstte10_05_Queue/LinkedList_LinkedList3.key 
194775     INFO  main            d.u.i.k.p.i.AbstractProblemLoader Loading environment from /home/runner/work/key/key/key.core/../key.ui/examples/heap/vstte10_05_Queue/LinkedList_LinkedList3.key 
194775     DEBUG main            d.u.i.k.p.i.AbstractProblemLoader Environment load took 87.3ns 
194776     INFO  main            d.u.i.k.p.i.AbstractProblemLoader Creating init config 
198233     DEBUG main            d.u.i.k.p.i.AbstractProblemLoader Init config took 3.46s 
198291     INFO  main            d.u.i.k.p.i.AbstractProblemLoader Replaying proof LinkedList[LinkedList::LinkedList(int,LinkedList)].JML normal_behavior operation contract.0 
198293     DEBUG main            d.u.i.k.p.i.IntermediateProofReplayer Proof replay took 7.3ns 
216384     INFO  main            d.u.i.k.p.r.p.TestFile    ... finished proof: closed. 
216845     INFO  main            d.u.i.k.p.i.AbstractProblemLoader Loading environment from /home/runner/work/key/key/key.core/../key.ui/examples/heap/vstte10_05_Queue/LinkedList_LinkedList3.key.proof 
216845     DEBUG main            d.u.i.k.p.i.AbstractProblemLoader Environment load took 265.1ns 
216852     INFO  main            d.u.i.k.p.i.AbstractProblemLoader Creating init config 
220418     DEBUG main            d.u.i.k.p.i.AbstractProblemLoader Init config took 3.57s 
220484     INFO  main            d.u.i.k.p.i.AbstractProblemLoader Replaying proof LinkedList[LinkedList::LinkedList(int,LinkedList)].JML normal_behavior operation contract.0 
222458     DEBUG main            d.u.i.k.p.i.IntermediateProofReplayer Proof replay took 1.87s 
222468     DEBUG main            d.u.i.k.p.r.p.TestFile    ... success: reloaded. 
222471     INFO  main            d.u.i.k.p.r.p.TestFile    Now processing file /home/runner/work/key/key/key.core/../key.ui/examples/heap/vstte10_05_Queue/LinkedList_reverse.key 
222471     INFO  main            d.u.i.k.p.i.AbstractProblemLoader Loading environment from /home/runner/work/key/key/key.core/../key.ui/examples/heap/vstte10_05_Queue/LinkedList_reverse.key 
222472     DEBUG main            d.u.i.k.p.i.AbstractProblemLoader Environment load took 359.6ns 
222473     INFO  main            d.u.i.k.p.i.AbstractProblemLoader Creating init config 
226381     DEBUG main            d.u.i.k.p.i.AbstractProblemLoader Init config took 3.91s 
226438     INFO  main            d.u.i.k.p.i.AbstractProblemLoader Replaying proof LinkedList[LinkedList::reverse()].JML normal_behavior operation contract.0 
226441     DEBUG main            d.u.i.k.p.i.IntermediateProofReplayer Proof replay took 7.5ns 
238653     INFO  main            d.u.i.k.p.r.p.TestFile    ... finished proof: closed. 
239077     INFO  main            d.u.i.k.p.i.AbstractProblemLoader Loading environment from /home/runner/work/key/key/key.core/../key.ui/examples/heap/vstte10_05_Queue/LinkedList_reverse.key.proof 
239081     DEBUG main            d.u.i.k.p.i.AbstractProblemLoader Environment load took 5.77ms 
239087     INFO  main            d.u.i.k.p.i.AbstractProblemLoader Creating init config 
242519     DEBUG main            d.u.i.k.p.i.AbstractProblemLoader Init config took 3.43s 
242594     INFO  main            d.u.i.k.p.i.AbstractProblemLoader Replaying proof LinkedList[LinkedList::reverse()].JML normal_behavior operation contract.0 
243803     DEBUG main            d.u.i.k.p.i.IntermediateProofReplayer Proof replay took 1.17s 
243806     DEBUG main            d.u.i.k.p.r.p.TestFile    ... success: reloaded. 
243808     INFO  main            d.u.i.k.p.r.p.TestFile    Now processing file /home/runner/work/key/key/key.core/../key.ui/examples/heap/vstte10_05_Queue/LinkedList_tail.key 
243808     INFO  main            d.u.i.k.p.i.AbstractProblemLoader Loading environment from /home/runner/work/key/key/key.core/../key.ui/examples/heap/vstte10_05_Queue/LinkedList_tail.key 
243808     DEBUG main            d.u.i.k.p.i.AbstractProblemLoader Environment load took 121.7ns 
243809     INFO  main            d.u.i.k.p.i.AbstractProblemLoader Creating init config 
247476     DEBUG main            d.u.i.k.p.i.AbstractProblemLoader Init config took 3.67s 
247530     INFO  main            d.u.i.k.p.i.AbstractProblemLoader Replaying proof LinkedList[LinkedList::tail()].JML normal_behavior operation contract.0 
247532     DEBUG main            d.u.i.k.p.i.IntermediateProofReplayer Proof replay took 60.1ns 
248236     INFO  main            d.u.i.k.p.r.p.TestFile    ... finished proof: closed. 
248609     INFO  main            d.u.i.k.p.i.AbstractProblemLoader Loading environment from /home/runner/work/key/key/key.core/../key.ui/examples/heap/vstte10_05_Queue/LinkedList_tail.key.proof 
248609     DEBUG main            d.u.i.k.p.i.AbstractProblemLoader Environment load took 533.5ns 
248611     INFO  main            d.u.i.k.p.i.AbstractProblemLoader Creating init config 
252106     DEBUG main            d.u.i.k.p.i.AbstractProblemLoader Init config took 3.5s 
252161     INFO  main            d.u.i.k.p.i.AbstractProblemLoader Replaying proof LinkedList[LinkedList::tail()].JML normal_behavior operation contract.0 
252301     DEBUG main            d.u.i.k.p.i.IntermediateProofReplayer Proof replay took 136.38ms 
252302     DEBUG main            d.u.i.k.p.r.p.TestFile    ... success: reloaded. 
3322740    INFO  Test worker     d.u.i.k.p.r.p.StatisticsFile Returning from test VSTTE10 
3322746    INFO  Test worker     d.u.i.k.p.r.p.StatisticsFile Running test WeideEtAl 
499        INFO  Timeout watchdog d.u.i.k.p.r.p.ForkedTestFileRunner Timeout watcher launched (2000 secs.) 
520        WARN  main            d.u.i.k.s.ProofSettings   The settings in /home/runner/.key/proof-settings.props are *not* read. 
562        INFO  main            d.u.i.k.p.r.p.TestFile    Now processing file /home/runner/work/key/key/key.core/../key.ui/examples/heap/WeideEtAl_01_AddAndMultiply/AddAndMultiply_add.key 
707        INFO  main            d.u.i.k.p.i.AbstractProblemLoader Loading environment from /home/runner/work/key/key/key.core/../key.ui/examples/heap/WeideEtAl_01_AddAndMultiply/AddAndMultiply_add.key 
729        DEBUG main            d.u.i.k.p.i.AbstractProblemLoader Environment load took 2.68ms 
1060       INFO  main            d.u.i.k.p.i.AbstractProblemLoader Creating init config 
2622       DEBUG main            d.u.i.k.j.TypeConverter   No LDT found for Meta 
2623       DEBUG main            d.u.i.k.j.TypeConverter   No LDT found for Meta 
2628       DEBUG main            d.u.i.k.j.TypeConverter   No LDT found for Meta 
2628       DEBUG main            d.u.i.k.j.TypeConverter   No LDT found for Meta 
4620       DEBUG main            d.u.i.k.j.TypeConverter   No LDT found for JavaBigintExpression 
11559      DEBUG main            d.u.i.k.p.i.AbstractProblemLoader Init config took 10.5s 
11751      INFO  main            d.u.i.k.p.i.AbstractProblemLoader Replaying proof AddAndMultiply[AddAndMultiply::add(int,int)].JML normal_behavior operation contract.0 
11800      DEBUG main            d.u.i.k.p.i.IntermediateProofReplayer Proof replay took 78.6ns 
14449      INFO  main            d.u.i.k.p.r.p.TestFile    ... finished proof: closed. 
14650      INFO  main            d.u.i.k.p.i.AbstractProblemLoader Loading environment from /home/runner/work/key/key/key.core/../key.ui/examples/heap/WeideEtAl_01_AddAndMultiply/AddAndMultiply_add.key.proof 
14651      DEBUG main            d.u.i.k.p.i.AbstractProblemLoader Environment load took 1.1ms 
14657      INFO  main            d.u.i.k.p.i.AbstractProblemLoader Creating init config 
18517      DEBUG main            d.u.i.k.p.i.AbstractProblemLoader Init config took 3.86s 
18623      INFO  main            d.u.i.k.p.i.AbstractProblemLoader Replaying proof AddAndMultiply[AddAndMultiply::add(int,int)].JML normal_behavior operation contract.0 
19115      DEBUG main            d.u.i.k.p.i.IntermediateProofReplayer Proof replay took 478.62ms 
19126      DEBUG main            d.u.i.k.p.r.p.TestFile    ... success: reloaded. 
19135      INFO  main            d.u.i.k.p.r.p.TestFile    Now processing file /home/runner/work/key/key/key.core/../key.ui/examples/heap/WeideEtAl_01_AddAndMultiply/AddAndMultiply_mul.key 
19137      INFO  main            d.u.i.k.p.i.AbstractProblemLoader Loading environment from /home/runner/work/key/key/key.core/../key.ui/examples/heap/WeideEtAl_01_AddAndMultiply/AddAndMultiply_mul.key 
19137      DEBUG main            d.u.i.k.p.i.AbstractProblemLoader Environment load took 207.5ns 
19140      INFO  main            d.u.i.k.p.i.AbstractProblemLoader Creating init config 
23044      DEBUG main            d.u.i.k.p.i.AbstractProblemLoader Init config took 3.9s 
23167      INFO  main            d.u.i.k.p.i.AbstractProblemLoader Replaying proof AddAndMultiply[AddAndMultiply::mul(int,int)].JML normal_behavior operation contract.0 
23174      DEBUG main            d.u.i.k.p.i.IntermediateProofReplayer Proof replay took 53.9ns 
23884      INFO  main            d.u.i.k.p.r.p.TestFile    ... finished proof: closed. 
24087      INFO  main            d.u.i.k.p.i.AbstractProblemLoader Loading environment from /home/runner/work/key/key/key.core/../key.ui/examples/heap/WeideEtAl_01_AddAndMultiply/AddAndMultiply_mul.key.proof 
24088      DEBUG main            d.u.i.k.p.i.AbstractProblemLoader Environment load took 837.69ns 
24091      INFO  main            d.u.i.k.p.i.AbstractProblemLoader Creating init config 
27699      DEBUG main            d.u.i.k.p.i.AbstractProblemLoader Init config took 3.61s 
27765      INFO  main            d.u.i.k.p.i.AbstractProblemLoader Replaying proof AddAndMultiply[AddAndMultiply::mul(int,int)].JML normal_behavior operation contract.0 
27958      DEBUG main            d.u.i.k.p.i.IntermediateProofReplayer Proof replay took 185.21ms 
27960      DEBUG main            d.u.i.k.p.r.p.TestFile    ... success: reloaded. 
27962      INFO  main            d.u.i.k.p.r.p.TestFile    Now processing file /home/runner/work/key/key/key.core/../key.ui/examples/heap/WeideEtAl_02_BinarySearch/BinarySearch_search.key 
27963      INFO  main            d.u.i.k.p.i.AbstractProblemLoader Loading environment from /home/runner/work/key/key/key.core/../key.ui/examples/heap/WeideEtAl_02_BinarySearch/BinarySearch_search.key 
27963      DEBUG main            d.u.i.k.p.i.AbstractProblemLoader Environment load took 308.7ns 
27965      INFO  main            d.u.i.k.p.i.AbstractProblemLoader Creating init config 
31504      DEBUG main            d.u.i.k.p.i.AbstractProblemLoader Init config took 3.54s 
31568      INFO  main            d.u.i.k.p.i.AbstractProblemLoader Replaying proof BinarySearch[BinarySearch::search([I,int)].JML normal_behavior operation contract.0 
31574      DEBUG main            d.u.i.k.p.i.IntermediateProofReplayer Proof replay took 7.4ns 
35761      INFO  main            d.u.i.k.p.r.p.TestFile    ... finished proof: closed. 
36032      INFO  main            d.u.i.k.p.i.AbstractProblemLoader Loading environment from /home/runner/work/key/key/key.core/../key.ui/examples/heap/WeideEtAl_02_BinarySearch/BinarySearch_search.key.proof 
36032      DEBUG main            d.u.i.k.p.i.AbstractProblemLoader Environment load took 301ns 
36034      INFO  main            d.u.i.k.p.i.AbstractProblemLoader Creating init config 
39441      DEBUG main            d.u.i.k.p.i.AbstractProblemLoader Init config took 3.41s 
39505      INFO  main            d.u.i.k.p.i.AbstractProblemLoader Replaying proof BinarySearch[BinarySearch::search([I,int)].JML normal_behavior operation contract.0 
40289      DEBUG main            d.u.i.k.p.i.IntermediateProofReplayer Proof replay took 761.24ms 
40291      DEBUG main            d.u.i.k.p.r.p.TestFile    ... success: reloaded. 
3363300    INFO  Test worker     d.u.i.k.p.r.p.StatisticsFile Returning from test WeideEtAl 
3363310    INFO  Test worker     d.u.i.k.p.r.p.StatisticsFile Running test arithmetic 
553        INFO  Timeout watchdog d.u.i.k.p.r.p.ForkedTestFileRunner Timeout watcher launched (2000 secs.) 
575        WARN  main            d.u.i.k.s.ProofSettings   The settings in /home/runner/.key/proof-settings.props are *not* read. 
622        INFO  main            d.u.i.k.p.r.p.TestFile    Now processing file /home/runner/work/key/key/key.core/../key.ui/examples/standard_key/arith/binomial1.key 
793        INFO  main            d.u.i.k.p.i.AbstractProblemLoader Loading environment from /home/runner/work/key/key/key.core/../key.ui/examples/standard_key/arith/binomial1.key 
833        DEBUG main            d.u.i.k.p.i.AbstractProblemLoader Environment load took 3.68ms 
1172       INFO  main            d.u.i.k.p.i.AbstractProblemLoader Creating init config 
2446       DEBUG main            d.u.i.k.j.TypeConverter   No LDT found for Meta 
2447       DEBUG main            d.u.i.k.j.TypeConverter   No LDT found for Meta 
2451       DEBUG main            d.u.i.k.j.TypeConverter   No LDT found for Meta 
2452       DEBUG main            d.u.i.k.j.TypeConverter   No LDT found for Meta 
4345       DEBUG main            d.u.i.k.j.TypeConverter   No LDT found for JavaBigintExpression 
11291      DEBUG main            d.u.i.k.p.i.AbstractProblemLoader Init config took 10.12s 
11373      INFO  main            d.u.i.k.p.i.AbstractProblemLoader Replaying proof binomial1.key 
11422      DEBUG main            d.u.i.k.p.i.IntermediateProofReplayer Proof replay took 48.7ns 
11819      INFO  main            d.u.i.k.p.r.p.TestFile    ... finished proof: closed. 
11965      INFO  main            d.u.i.k.p.i.AbstractProblemLoader Loading environment from /home/runner/work/key/key/key.core/../key.ui/examples/standard_key/arith/binomial1.key.proof 
11966      DEBUG main            d.u.i.k.p.i.AbstractProblemLoader Environment load took 701.69ns 
11975      INFO  main            d.u.i.k.p.i.AbstractProblemLoader Creating init config 
15729      DEBUG main            d.u.i.k.p.i.AbstractProblemLoader Init config took 3.75s 
15768      INFO  main            d.u.i.k.p.i.AbstractProblemLoader Replaying proof binomial1.key.proof 
15797      DEBUG main            d.u.i.k.p.i.IntermediateProofReplayer Proof replay took 20.83ms 
15811      DEBUG main            d.u.i.k.p.r.p.TestFile    ... success: reloaded. 
15813      INFO  main            d.u.i.k.p.r.p.TestFile    Now processing file /home/runner/work/key/key/key.core/../key.ui/examples/standard_key/arith/binomial2.key 
15814      INFO  main            d.u.i.k.p.i.AbstractProblemLoader Loading environment from /home/runner/work/key/key/key.core/../key.ui/examples/standard_key/arith/binomial2.key 
15814      DEBUG main            d.u.i.k.p.i.AbstractProblemLoader Environment load took 290.8ns 
15817      INFO  main            d.u.i.k.p.i.AbstractProblemLoader Creating init config 
19388      DEBUG main            d.u.i.k.p.i.AbstractProblemLoader Init config took 3.57s 
19424      INFO  main            d.u.i.k.p.i.AbstractProblemLoader Replaying proof binomial2.key 
19429      DEBUG main            d.u.i.k.p.i.IntermediateProofReplayer Proof replay took 8.9ns 
19536      INFO  main            d.u.i.k.p.r.p.TestFile    ... finished proof: closed. 
19718      INFO  main            d.u.i.k.p.i.AbstractProblemLoader Loading environment from /home/runner/work/key/key/key.core/../key.ui/examples/standard_key/arith/binomial2.key.proof 
19720      DEBUG main            d.u.i.k.p.i.AbstractProblemLoader Environment load took 2.24ms 
19724      INFO  main            d.u.i.k.p.i.AbstractProblemLoader Creating init config 
23321      DEBUG main            d.u.i.k.p.i.AbstractProblemLoader Init config took 3.6s 
23354      INFO  main            d.u.i.k.p.i.AbstractProblemLoader Replaying proof binomial2.key.proof 
23371      DEBUG main            d.u.i.k.p.i.IntermediateProofReplayer Proof replay took 13.59ms 
23373      DEBUG main            d.u.i.k.p.r.p.TestFile    ... success: reloaded. 
23375      INFO  main            d.u.i.k.p.r.p.TestFile    Now processing file /home/runner/work/key/key/key.core/../key.ui/examples/standard_key/arith/check_jdiv.key 
23375      INFO  main            d.u.i.k.p.i.AbstractProblemLoader Loading environment from /home/runner/work/key/key/key.core/../key.ui/examples/standard_key/arith/check_jdiv.key 
23376      DEBUG main            d.u.i.k.p.i.AbstractProblemLoader Environment load took 279.7ns 
23378      INFO  main            d.u.i.k.p.i.AbstractProblemLoader Creating init config 
26867      DEBUG main            d.u.i.k.p.i.AbstractProblemLoader Init config took 3.49s 
26913      INFO  main            d.u.i.k.p.i.AbstractProblemLoader Replaying proof check_jdiv.key 
26927      DEBUG main            d.u.i.k.p.i.IntermediateProofReplayer Proof replay took 9.2ns 
34872      INFO  main            d.u.i.k.p.r.p.TestFile    ... finished proof: closed. 
35199      INFO  main            d.u.i.k.p.i.AbstractProblemLoader Loading environment from /home/runner/work/key/key/key.core/../key.ui/examples/standard_key/arith/check_jdiv.key.proof 
35200      DEBUG main            d.u.i.k.p.i.AbstractProblemLoader Environment load took 825.49ns 
35208      INFO  main            d.u.i.k.p.i.AbstractProblemLoader Creating init config 
38644      DEBUG main            d.u.i.k.p.i.AbstractProblemLoader Init config took 3.44s 
38671      INFO  main            d.u.i.k.p.i.AbstractProblemLoader Replaying proof check_jdiv.key.proof 
39288      DEBUG main            d.u.i.k.p.i.IntermediateProofReplayer Proof replay took 567.95ms 
39291      DEBUG main            d.u.i.k.p.r.p.TestFile    ... success: reloaded. 
39293      INFO  main            d.u.i.k.p.r.p.TestFile    Now processing file /home/runner/work/key/key/key.core/../key.ui/examples/standard_key/arith/check_jdiv_concrete.key 
39293      INFO  main            d.u.i.k.p.i.AbstractProblemLoader Loading environment from /home/runner/work/key/key/key.core/../key.ui/examples/standard_key/arith/check_jdiv_concrete.key 
39294      DEBUG main            d.u.i.k.p.i.AbstractProblemLoader Environment load took 210.7ns 
39296      INFO  main            d.u.i.k.p.i.AbstractProblemLoader Creating init config 
42691      DEBUG main            d.u.i.k.p.i.AbstractProblemLoader Init config took 3.39s 
42721      INFO  main            d.u.i.k.p.i.AbstractProblemLoader Replaying proof check_jdiv_concrete.key 
42724      DEBUG main            d.u.i.k.p.i.IntermediateProofReplayer Proof replay took 8.6ns 
42827      INFO  main            d.u.i.k.p.r.p.TestFile    ... finished proof: closed. 
43167      INFO  main            d.u.i.k.p.i.AbstractProblemLoader Loading environment from /home/runner/work/key/key/key.core/../key.ui/examples/standard_key/arith/check_jdiv_concrete.key.proof 
43167      DEBUG main            d.u.i.k.p.i.AbstractProblemLoader Environment load took 534ns 
43169      INFO  main            d.u.i.k.p.i.AbstractProblemLoader Creating init config 
46556      DEBUG main            d.u.i.k.p.i.AbstractProblemLoader Init config took 3.39s 
46581      INFO  main            d.u.i.k.p.i.AbstractProblemLoader Replaying proof check_jdiv_concrete.key.proof 
46591      DEBUG main            d.u.i.k.p.i.IntermediateProofReplayer Proof replay took 6.71ms 
46592      DEBUG main            d.u.i.k.p.r.p.TestFile    ... success: reloaded. 
46594      INFO  main            d.u.i.k.p.r.p.TestFile    Now processing file /home/runner/work/key/key/key.core/../key.ui/examples/standard_key/arith/check_jdiv_instantiated.key 
46594      INFO  main            d.u.i.k.p.i.AbstractProblemLoader Loading environment from /home/runner/work/key/key/key.core/../key.ui/examples/standard_key/arith/check_jdiv_instantiated.key 
46595      DEBUG main            d.u.i.k.p.i.AbstractProblemLoader Environment load took 214.5ns 
46597      INFO  main            d.u.i.k.p.i.AbstractProblemLoader Creating init config 
49994      DEBUG main            d.u.i.k.p.i.AbstractProblemLoader Init config took 3.4s 
50025      INFO  main            d.u.i.k.p.i.AbstractProblemLoader Replaying proof check_jdiv_instantiated.key 
50028      DEBUG main            d.u.i.k.p.i.IntermediateProofReplayer Proof replay took 7.8ns 
54996      INFO  main            d.u.i.k.p.r.p.TestFile    ... finished proof: closed. 
55257      INFO  main            d.u.i.k.p.i.AbstractProblemLoader Loading environment from /home/runner/work/key/key/key.core/../key.ui/examples/standard_key/arith/check_jdiv_instantiated.key.proof 
55257      DEBUG main            d.u.i.k.p.i.AbstractProblemLoader Environment load took 660.2ns 
55261      INFO  main            d.u.i.k.p.i.AbstractProblemLoader Creating init config 
58738      DEBUG main            d.u.i.k.p.i.AbstractProblemLoader Init config took 3.48s 
58767      INFO  main            d.u.i.k.p.i.AbstractProblemLoader Replaying proof check_jdiv_instantiated.key.proof 
59118      DEBUG main            d.u.i.k.p.i.IntermediateProofReplayer Proof replay took 315.26ms 
59121      DEBUG main            d.u.i.k.p.r.p.TestFile    ... success: reloaded. 
59123      INFO  main            d.u.i.k.p.r.p.TestFile    Now processing file /home/runner/work/key/key/key.core/../key.ui/examples/standard_key/arith/check_jmod.key 
59123      INFO  main            d.u.i.k.p.i.AbstractProblemLoader Loading environment from /home/runner/work/key/key/key.core/../key.ui/examples/standard_key/arith/check_jmod.key 
59124      DEBUG main            d.u.i.k.p.i.AbstractProblemLoader Environment load took 304.3ns 
59125      INFO  main            d.u.i.k.p.i.AbstractProblemLoader Creating init config 
62649      DEBUG main            d.u.i.k.p.i.AbstractProblemLoader Init config took 3.52s 
62675      INFO  main            d.u.i.k.p.i.AbstractProblemLoader Replaying proof check_jmod.key 
62679      DEBUG main            d.u.i.k.p.i.IntermediateProofReplayer Proof replay took 7.6ns 
63385      INFO  main            d.u.i.k.p.r.p.TestFile    ... finished proof: closed. 
63721      INFO  main            d.u.i.k.p.i.AbstractProblemLoader Loading environment from /home/runner/work/key/key/key.core/../key.ui/examples/standard_key/arith/check_jmod.key.proof 
63722      DEBUG main            d.u.i.k.p.i.AbstractProblemLoader Environment load took 599.79ns 
63723      INFO  main            d.u.i.k.p.i.AbstractProblemLoader Creating init config 
67406      DEBUG main            d.u.i.k.p.i.AbstractProblemLoader Init config took 3.68s 
67429      INFO  main            d.u.i.k.p.i.AbstractProblemLoader Replaying proof check_jmod.key.proof 
67506      DEBUG main            d.u.i.k.p.i.IntermediateProofReplayer Proof replay took 68.81ms 
67508      DEBUG main            d.u.i.k.p.r.p.TestFile    ... success: reloaded. 
67509      INFO  main            d.u.i.k.p.r.p.TestFile    Now processing file /home/runner/work/key/key/key.core/../key.ui/examples/standard_key/arith/complexExpressions.key 
67510      INFO  main            d.u.i.k.p.i.AbstractProblemLoader Loading environment from /home/runner/work/key/key/key.core/../key.ui/examples/standard_key/arith/complexExpressions.key 
67510      DEBUG main            d.u.i.k.p.i.AbstractProblemLoader Environment load took 283.9ns 
67513      INFO  main            d.u.i.k.p.i.AbstractProblemLoader Creating init config 
71217      DEBUG main            d.u.i.k.p.i.AbstractProblemLoader Init config took 3.7s 
71243      INFO  main            d.u.i.k.p.i.AbstractProblemLoader Replaying proof complexExpressions.key 
71246      DEBUG main            d.u.i.k.p.i.IntermediateProofReplayer Proof replay took 8.2ns 
71453      INFO  main            d.u.i.k.p.r.p.TestFile    ... finished proof: closed. 
71665      INFO  main            d.u.i.k.p.i.AbstractProblemLoader Loading environment from /home/runner/work/key/key/key.core/../key.ui/examples/standard_key/arith/complexExpressions.key.proof 
71665      DEBUG main            d.u.i.k.p.i.AbstractProblemLoader Environment load took 157.4ns 
71670      INFO  main            d.u.i.k.p.i.AbstractProblemLoader Creating init config 
75083      DEBUG main            d.u.i.k.p.i.AbstractProblemLoader Init config took 3.41s 
75121      INFO  main            d.u.i.k.p.i.AbstractProblemLoader Replaying proof complexExpressions.key.proof 
75137      DEBUG main            d.u.i.k.p.i.IntermediateProofReplayer Proof replay took 13.08ms 
75139      DEBUG main            d.u.i.k.p.r.p.TestFile    ... success: reloaded. 
75140      INFO  main            d.u.i.k.p.r.p.TestFile    Now processing file /home/runner/work/key/key/key.core/../key.ui/examples/standard_key/arith/compound_unaryMinus.key 
75140      INFO  main            d.u.i.k.p.i.AbstractProblemLoader Loading environment from /home/runner/work/key/key/key.core/../key.ui/examples/standard_key/arith/compound_unaryMinus.key 
75140      DEBUG main            d.u.i.k.p.i.AbstractProblemLoader Environment load took 273.4ns 
75142      INFO  main            d.u.i.k.p.i.AbstractProblemLoader Creating init config 
78483      DEBUG main            d.u.i.k.p.i.AbstractProblemLoader Init config took 3.34s 
78529      INFO  main            d.u.i.k.p.i.AbstractProblemLoader Replaying proof compound_unaryMinus.key 
78531      DEBUG main            d.u.i.k.p.i.IntermediateProofReplayer Proof replay took 8.7ns 
78634      INFO  main            d.u.i.k.p.r.p.TestFile    ... finished proof: closed. 
78894      INFO  main            d.u.i.k.p.i.AbstractProblemLoader Loading environment from /home/runner/work/key/key/key.core/../key.ui/examples/standard_key/arith/compound_unaryMinus.key.proof 
78894      DEBUG main            d.u.i.k.p.i.AbstractProblemLoader Environment load took 164.2ns 
78896      INFO  main            d.u.i.k.p.i.AbstractProblemLoader Creating init config 
82188      DEBUG main            d.u.i.k.p.i.AbstractProblemLoader Init config took 3.29s 
82211      INFO  main            d.u.i.k.p.i.AbstractProblemLoader Replaying proof compound_unaryMinus.key.proof 
82219      DEBUG main            d.u.i.k.p.i.IntermediateProofReplayer Proof replay took 5.35ms 
82221      DEBUG main            d.u.i.k.p.r.p.TestFile    ... success: reloaded. 
82223      INFO  main            d.u.i.k.p.r.p.TestFile    Now processing file /home/runner/work/key/key/key.core/../key.ui/examples/standard_key/arith/computation.key 
82225      INFO  main            d.u.i.k.p.i.AbstractProblemLoader Loading environment from /home/runner/work/key/key/key.core/../key.ui/examples/standard_key/arith/computation.key 
82226      DEBUG main            d.u.i.k.p.i.AbstractProblemLoader Environment load took 532.7ns 
82228      INFO  main            d.u.i.k.p.i.AbstractProblemLoader Creating init config 
85561      DEBUG main            d.u.i.k.p.i.AbstractProblemLoader Init config took 3.33s 
85584      INFO  main            d.u.i.k.p.i.AbstractProblemLoader Replaying proof computation.key 
85587      DEBUG main            d.u.i.k.p.i.IntermediateProofReplayer Proof replay took 8.6ns 
87512      INFO  main            d.u.i.k.p.r.p.TestFile    ... finished proof: closed. 
87836      INFO  main            d.u.i.k.p.i.AbstractProblemLoader Loading environment from /home/runner/work/key/key/key.core/../key.ui/examples/standard_key/arith/computation.key.proof 
87836      DEBUG main            d.u.i.k.p.i.AbstractProblemLoader Environment load took 267.3ns 
87838      INFO  main            d.u.i.k.p.i.AbstractProblemLoader Creating init config 
91127      DEBUG main            d.u.i.k.p.i.AbstractProblemLoader Init config took 3.29s 
91153      INFO  main            d.u.i.k.p.i.AbstractProblemLoader Replaying proof computation.key.proof 
91350      DEBUG main            d.u.i.k.p.i.IntermediateProofReplayer Proof replay took 189.73ms 
91352      DEBUG main            d.u.i.k.p.r.p.TestFile    ... success: reloaded. 
91353      INFO  main            d.u.i.k.p.r.p.TestFile    Now processing file /home/runner/work/key/key/key.core/../key.ui/examples/standard_key/arith/cubicSum.key 
91354      INFO  main            d.u.i.k.p.i.AbstractProblemLoader Loading environment from /home/runner/work/key/key/key.core/../key.ui/examples/standard_key/arith/cubicSum.key 
91354      DEBUG main            d.u.i.k.p.i.AbstractProblemLoader Environment load took 297.2ns 
91356      INFO  main            d.u.i.k.p.i.AbstractProblemLoader Creating init config 
94962      DEBUG main            d.u.i.k.p.i.AbstractProblemLoader Init config took 3.61s 
94988      INFO  main            d.u.i.k.p.i.AbstractProblemLoader Replaying proof cubicSum.key 
94991      DEBUG main            d.u.i.k.p.i.IntermediateProofReplayer Proof replay took 8.5ns 
96803      INFO  main            d.u.i.k.p.r.p.TestFile    ... finished proof: closed. 
97205      INFO  main            d.u.i.k.p.i.AbstractProblemLoader Loading environment from /home/runner/work/key/key/key.core/../key.ui/examples/standard_key/arith/cubicSum.key.proof 
97207      DEBUG main            d.u.i.k.p.i.AbstractProblemLoader Environment load took 1.76ms 
97209      INFO  main            d.u.i.k.p.i.AbstractProblemLoader Creating init config 
100639     DEBUG main            d.u.i.k.p.i.AbstractProblemLoader Init config took 3.43s 
100665     INFO  main            d.u.i.k.p.i.AbstractProblemLoader Replaying proof cubicSum.key.proof 
100881     DEBUG main            d.u.i.k.p.i.IntermediateProofReplayer Proof replay took 207.5ms 
100883     DEBUG main            d.u.i.k.p.r.p.TestFile    ... success: reloaded. 
100884     INFO  main            d.u.i.k.p.r.p.TestFile    Now processing file /home/runner/work/key/key/key.core/../key.ui/examples/standard_key/arith/divByZero.key 
100885     INFO  main            d.u.i.k.p.i.AbstractProblemLoader Loading environment from /home/runner/work/key/key/key.core/../key.ui/examples/standard_key/arith/divByZero.key 
100885     DEBUG main            d.u.i.k.p.i.AbstractProblemLoader Environment load took 269.2ns 
100887     INFO  main            d.u.i.k.p.i.AbstractProblemLoader Creating init config 
104353     DEBUG main            d.u.i.k.p.i.AbstractProblemLoader Init config took 3.47s 
104374     INFO  main            d.u.i.k.p.i.AbstractProblemLoader Replaying proof divByZero.key 
104377     DEBUG main            d.u.i.k.p.i.IntermediateProofReplayer Proof replay took 8.5ns 
104682     INFO  main            d.u.i.k.p.r.p.TestFile    ... finished proof: closed. 
104972     INFO  main            d.u.i.k.p.i.AbstractProblemLoader Loading environment from /home/runner/work/key/key/key.core/../key.ui/examples/standard_key/arith/divByZero.key.proof 
104973     DEBUG main            d.u.i.k.p.i.AbstractProblemLoader Environment load took 732.2ns 
104975     INFO  main            d.u.i.k.p.i.AbstractProblemLoader Creating init config 
108432     DEBUG main            d.u.i.k.p.i.AbstractProblemLoader Init config took 3.46s 
108453     INFO  main            d.u.i.k.p.i.AbstractProblemLoader Replaying proof divByZero.key.proof 
108507     DEBUG main            d.u.i.k.p.i.IntermediateProofReplayer Proof replay took 49.95ms 
108508     DEBUG main            d.u.i.k.p.r.p.TestFile    ... success: reloaded. 
108511     INFO  main            d.u.i.k.p.r.p.TestFile    Now processing file /home/runner/work/key/key/key.core/../key.ui/examples/standard_key/arith/divisionAssoc.key 
108511     INFO  main            d.u.i.k.p.i.AbstractProblemLoader Loading environment from /home/runner/work/key/key/key.core/../key.ui/examples/standard_key/arith/divisionAssoc.key 
108512     DEBUG main            d.u.i.k.p.i.AbstractProblemLoader Environment load took 370.7ns 
108513     INFO  main            d.u.i.k.p.i.AbstractProblemLoader Creating init config 
111864     DEBUG main            d.u.i.k.p.i.AbstractProblemLoader Init config took 3.35s 
111893     INFO  main            d.u.i.k.p.i.AbstractProblemLoader Replaying proof divisionAssoc.key 
111896     DEBUG main            d.u.i.k.p.i.IntermediateProofReplayer Proof replay took 7.4ns 
113009     INFO  main            d.u.i.k.p.r.p.TestFile    ... finished proof: closed. 
113425     INFO  main            d.u.i.k.p.i.AbstractProblemLoader Loading environment from /home/runner/work/key/key/key.core/../key.ui/examples/standard_key/arith/divisionAssoc.key.proof 
113426     DEBUG main            d.u.i.k.p.i.AbstractProblemLoader Environment load took 690.6ns 
113430     INFO  main            d.u.i.k.p.i.AbstractProblemLoader Creating init config 
116857     DEBUG main            d.u.i.k.p.i.AbstractProblemLoader Init config took 3.43s 
116877     INFO  main            d.u.i.k.p.i.AbstractProblemLoader Replaying proof divisionAssoc.key.proof 
116961     DEBUG main            d.u.i.k.p.i.IntermediateProofReplayer Proof replay took 77.38ms 
116962     DEBUG main            d.u.i.k.p.r.p.TestFile    ... success: reloaded. 
116964     INFO  main            d.u.i.k.p.r.p.TestFile    Now processing file /home/runner/work/key/key/key.core/../key.ui/examples/standard_key/arith/divisionBy2.key 
116964     INFO  main            d.u.i.k.p.i.AbstractProblemLoader Loading environment from /home/runner/work/key/key/key.core/../key.ui/examples/standard_key/arith/divisionBy2.key 
116965     DEBUG main            d.u.i.k.p.i.AbstractProblemLoader Environment load took 401.4ns 
116966     INFO  main            d.u.i.k.p.i.AbstractProblemLoader Creating init config 
120435     DEBUG main            d.u.i.k.p.i.AbstractProblemLoader Init config took 3.47s 
120460     INFO  main            d.u.i.k.p.i.AbstractProblemLoader Replaying proof divisionBy2.key 
120461     DEBUG main            d.u.i.k.p.i.IntermediateProofReplayer Proof replay took 13.8ns 
120564     INFO  main            d.u.i.k.p.r.p.TestFile    ... finished proof: closed. 
120881     INFO  main            d.u.i.k.p.i.AbstractProblemLoader Loading environment from /home/runner/work/key/key/key.core/../key.ui/examples/standard_key/arith/divisionBy2.key.proof 
120882     DEBUG main            d.u.i.k.p.i.AbstractProblemLoader Environment load took 142.8ns 
120883     INFO  main            d.u.i.k.p.i.AbstractProblemLoader Creating init config 
124338     DEBUG main            d.u.i.k.p.i.AbstractProblemLoader Init config took 3.45s 
124357     INFO  main            d.u.i.k.p.i.AbstractProblemLoader Replaying proof divisionBy2.key.proof 
124369     DEBUG main            d.u.i.k.p.i.IntermediateProofReplayer Proof replay took 9.01ms 
124370     DEBUG main            d.u.i.k.p.r.p.TestFile    ... success: reloaded. 
124371     INFO  main            d.u.i.k.p.r.p.TestFile    Now processing file /home/runner/work/key/key/key.core/../key.ui/examples/standard_key/arith/euclidean/gcdHelp-post.key 
124377     INFO  main            d.u.i.k.p.i.AbstractProblemLoader Loading environment from /home/runner/work/key/key/key.core/../key.ui/examples/standard_key/arith/euclidean/gcdHelp-post.key 
124377     DEBUG main            d.u.i.k.p.i.AbstractProblemLoader Environment load took 278.4ns 
124379     INFO  main            d.u.i.k.p.i.AbstractProblemLoader Creating init config 
128027     DEBUG main            d.u.i.k.p.i.AbstractProblemLoader Init config took 3.65s 
128047     INFO  main            d.u.i.k.p.i.AbstractProblemLoader Replaying proof gcdHelp-post.key 
128050     DEBUG main            d.u.i.k.p.i.IntermediateProofReplayer Proof replay took 7ns 
132936     INFO  main            d.u.i.k.p.r.p.TestFile    ... finished proof: closed. 
133262     INFO  main            d.u.i.k.p.i.AbstractProblemLoader Loading environment from /home/runner/work/key/key/key.core/../key.ui/examples/standard_key/arith/euclidean/gcdHelp-post.key.proof 
133263     DEBUG main            d.u.i.k.p.i.AbstractProblemLoader Environment load took 625.5ns 
133265     INFO  main            d.u.i.k.p.i.AbstractProblemLoader Creating init config 
136712     DEBUG main            d.u.i.k.p.i.AbstractProblemLoader Init config took 3.45s 
136733     INFO  main            d.u.i.k.p.i.AbstractProblemLoader Replaying proof gcdHelp-post.key.proof 
137080     DEBUG main            d.u.i.k.p.i.IntermediateProofReplayer Proof replay took 324.26ms 
137084     DEBUG main            d.u.i.k.p.r.p.TestFile    ... success: reloaded. 
137085     INFO  main            d.u.i.k.p.r.p.TestFile    Now processing file /home/runner/work/key/key/key.core/../key.ui/examples/standard_key/arith/gemplusDecimal/add.key 
137086     INFO  main            d.u.i.k.p.i.AbstractProblemLoader Loading environment from /home/runner/work/key/key/key.core/../key.ui/examples/standard_key/arith/gemplusDecimal/add.key 
137086     DEBUG main            d.u.i.k.p.i.AbstractProblemLoader Environment load took 276.7ns 
137089     INFO  main            d.u.i.k.p.i.AbstractProblemLoader Creating init config 
140565     DEBUG main            d.u.i.k.p.i.AbstractProblemLoader Init config took 3.48s 
140585     INFO  main            d.u.i.k.p.i.AbstractProblemLoader Replaying proof add.key 
140588     DEBUG main            d.u.i.k.p.i.IntermediateProofReplayer Proof replay took 8.5ns 
201184     INFO  main            d.u.i.k.p.r.p.TestFile    ... finished proof: closed. 
201778     INFO  main            d.u.i.k.p.i.AbstractProblemLoader Loading environment from /home/runner/work/key/key/key.core/../key.ui/examples/standard_key/arith/gemplusDecimal/add.key.proof 
201778     DEBUG main            d.u.i.k.p.i.AbstractProblemLoader Environment load took 248.8ns 
201788     INFO  main            d.u.i.k.p.i.AbstractProblemLoader Creating init config 
205182     DEBUG main            d.u.i.k.p.i.AbstractProblemLoader Init config took 3.39s 
205206     INFO  main            d.u.i.k.p.i.AbstractProblemLoader Replaying proof add.key.proof 
211277     DEBUG main            d.u.i.k.p.i.IntermediateProofReplayer Proof replay took 5.83s 
211287     DEBUG main            d.u.i.k.p.r.p.TestFile    ... success: reloaded. 
211288     INFO  main            d.u.i.k.p.r.p.TestFile    Now processing file /home/runner/work/key/key/key.core/../key.ui/examples/standard_key/arith/jdivevenodd.key 
211289     INFO  main            d.u.i.k.p.i.AbstractProblemLoader Loading environment from /home/runner/work/key/key/key.core/../key.ui/examples/standard_key/arith/jdivevenodd.key 
211289     DEBUG main            d.u.i.k.p.i.AbstractProblemLoader Environment load took 309.7ns 
211291     INFO  main            d.u.i.k.p.i.AbstractProblemLoader Creating init config 
214736     DEBUG main            d.u.i.k.p.i.AbstractProblemLoader Init config took 3.45s 
214755     INFO  main            d.u.i.k.p.i.AbstractProblemLoader Replaying proof jdivevenodd.key 
214761     DEBUG main            d.u.i.k.p.i.IntermediateProofReplayer Proof replay took 9.2ns 
214968     INFO  main            d.u.i.k.p.r.p.TestFile    ... finished proof: closed. 
215460     INFO  main            d.u.i.k.p.i.AbstractProblemLoader Loading environment from /home/runner/work/key/key/key.core/../key.ui/examples/standard_key/arith/jdivevenodd.key.proof 
215462     DEBUG main            d.u.i.k.p.i.AbstractProblemLoader Environment load took 1.87ms 
215464     INFO  main            d.u.i.k.p.i.AbstractProblemLoader Creating init config 
218792     DEBUG main            d.u.i.k.p.i.AbstractProblemLoader Init config took 3.33s 
218815     INFO  main            d.u.i.k.p.i.AbstractProblemLoader Replaying proof jdivevenodd.key.proof 
218842     DEBUG main            d.u.i.k.p.i.IntermediateProofReplayer Proof replay took 22.96ms 
218844     DEBUG main            d.u.i.k.p.r.p.TestFile    ... success: reloaded. 
218845     INFO  main            d.u.i.k.p.r.p.TestFile    Now processing file /home/runner/work/key/key/key.core/../key.ui/examples/standard_key/arith/median.key 
218846     INFO  main            d.u.i.k.p.i.AbstractProblemLoader Loading environment from /home/runner/work/key/key/key.core/../key.ui/examples/standard_key/arith/median.key 
218846     DEBUG main            d.u.i.k.p.i.AbstractProblemLoader Environment load took 251.5ns 
218848     INFO  main            d.u.i.k.p.i.AbstractProblemLoader Creating init config 
222086     DEBUG main            d.u.i.k.p.i.AbstractProblemLoader Init config took 3.24s 
222107     INFO  main            d.u.i.k.p.i.AbstractProblemLoader Replaying proof median.key 
222110     DEBUG main            d.u.i.k.p.i.IntermediateProofReplayer Proof replay took 7.8ns 
244455     INFO  main            d.u.i.k.p.r.p.TestFile    ... finished proof: closed. 
244913     INFO  main            d.u.i.k.p.i.AbstractProblemLoader Loading environment from /home/runner/work/key/key/key.core/../key.ui/examples/standard_key/arith/median.key.proof 
244913     DEBUG main            d.u.i.k.p.i.AbstractProblemLoader Environment load took 665.5ns 
244918     INFO  main            d.u.i.k.p.i.AbstractProblemLoader Creating init config 
248145     DEBUG main            d.u.i.k.p.i.AbstractProblemLoader Init config took 3.23s 
248190     INFO  main            d.u.i.k.p.i.AbstractProblemLoader Replaying proof median.key.proof 
249930     DEBUG main            d.u.i.k.p.i.IntermediateProofReplayer Proof replay took 1.67s 
249934     DEBUG main            d.u.i.k.p.r.p.TestFile    ... success: reloaded. 
249935     INFO  main            d.u.i.k.p.r.p.TestFile    Now processing file /home/runner/work/key/key/key.core/../key.ui/examples/standard_key/arith/mod1.key 
249935     INFO  main            d.u.i.k.p.i.AbstractProblemLoader Loading environment from /home/runner/work/key/key/key.core/../key.ui/examples/standard_key/arith/mod1.key 
249935     DEBUG main            d.u.i.k.p.i.AbstractProblemLoader Environment load took 213.3ns 
249936     INFO  main            d.u.i.k.p.i.AbstractProblemLoader Creating init config 
253206     DEBUG main            d.u.i.k.p.i.AbstractProblemLoader Init config took 3.27s 
253223     INFO  main            d.u.i.k.p.i.AbstractProblemLoader Replaying proof mod1.key 
253227     DEBUG main            d.u.i.k.p.i.IntermediateProofReplayer Proof replay took 7.2ns 
253331     INFO  main            d.u.i.k.p.r.p.TestFile    ... finished proof: closed. 
253776     INFO  main            d.u.i.k.p.i.AbstractProblemLoader Loading environment from /home/runner/work/key/key/key.core/../key.ui/examples/standard_key/arith/mod1.key.proof 
253776     DEBUG main            d.u.i.k.p.i.AbstractProblemLoader Environment load took 150.6ns 
253777     INFO  main            d.u.i.k.p.i.AbstractProblemLoader Creating init config 
256995     DEBUG main            d.u.i.k.p.i.AbstractProblemLoader Init config took 3.22s 
257015     INFO  main            d.u.i.k.p.i.AbstractProblemLoader Replaying proof mod1.key.proof 
257021     DEBUG main            d.u.i.k.p.i.IntermediateProofReplayer Proof replay took 3.54ms 
257022     DEBUG main            d.u.i.k.p.r.p.TestFile    ... success: reloaded. 
257023     INFO  main            d.u.i.k.p.r.p.TestFile    Now processing file /home/runner/work/key/key/key.core/../key.ui/examples/standard_key/arith/mod2.key 
257023     INFO  main            d.u.i.k.p.i.AbstractProblemLoader Loading environment from /home/runner/work/key/key/key.core/../key.ui/examples/standard_key/arith/mod2.key 
257023     DEBUG main            d.u.i.k.p.i.AbstractProblemLoader Environment load took 143.8ns 
257024     INFO  main            d.u.i.k.p.i.AbstractProblemLoader Creating init config 
260305     DEBUG main            d.u.i.k.p.i.AbstractProblemLoader Init config took 3.28s 
260327     INFO  main            d.u.i.k.p.i.AbstractProblemLoader Replaying proof mod2.key 
260329     DEBUG main            d.u.i.k.p.i.IntermediateProofReplayer Proof replay took 7.2ns 
260431     INFO  main            d.u.i.k.p.r.p.TestFile    ... finished proof: closed. 
260771     INFO  main            d.u.i.k.p.i.AbstractProblemLoader Loading environment from /home/runner/work/key/key/key.core/../key.ui/examples/standard_key/arith/mod2.key.proof 
260771     DEBUG main            d.u.i.k.p.i.AbstractProblemLoader Environment load took 152.5ns 
260772     INFO  main            d.u.i.k.p.i.AbstractProblemLoader Creating init config 
264044     DEBUG main            d.u.i.k.p.i.AbstractProblemLoader Init config took 3.27s 
264063     INFO  main            d.u.i.k.p.i.AbstractProblemLoader Replaying proof mod2.key.proof 
264067     DEBUG main            d.u.i.k.p.i.IntermediateProofReplayer Proof replay took 2.26ms 
264068     DEBUG main            d.u.i.k.p.r.p.TestFile    ... success: reloaded. 
264069     INFO  main            d.u.i.k.p.r.p.TestFile    Now processing file /home/runner/work/key/key/key.core/../key.ui/examples/standard_key/arith/mod7.key 
264069     INFO  main            d.u.i.k.p.i.AbstractProblemLoader Loading environment from /home/runner/work/key/key/key.core/../key.ui/examples/standard_key/arith/mod7.key 
264069     DEBUG main            d.u.i.k.p.i.AbstractProblemLoader Environment load took 86ns 
264070     INFO  main            d.u.i.k.p.i.AbstractProblemLoader Creating init config 
267379     DEBUG main            d.u.i.k.p.i.AbstractProblemLoader Init config took 3.31s 
267399     INFO  main            d.u.i.k.p.i.AbstractProblemLoader Replaying proof mod7.key 
267401     DEBUG main            d.u.i.k.p.i.IntermediateProofReplayer Proof replay took 7.8ns 
267503     INFO  main            d.u.i.k.p.r.p.TestFile    ... finished proof: closed. 
267861     INFO  main            d.u.i.k.p.i.AbstractProblemLoader Loading environment from /home/runner/work/key/key/key.core/../key.ui/examples/standard_key/arith/mod7.key.proof 
267862     DEBUG main            d.u.i.k.p.i.AbstractProblemLoader Environment load took 213.7ns 
267863     INFO  main            d.u.i.k.p.i.AbstractProblemLoader Creating init config 
271176     DEBUG main            d.u.i.k.p.i.AbstractProblemLoader Init config took 3.31s 
271199     INFO  main            d.u.i.k.p.i.AbstractProblemLoader Replaying proof mod7.key.proof 
271209     DEBUG main            d.u.i.k.p.i.IntermediateProofReplayer Proof replay took 8.05ms 
271210     DEBUG main            d.u.i.k.p.r.p.TestFile    ... success: reloaded. 
271211     INFO  main            d.u.i.k.p.r.p.TestFile    Now processing file /home/runner/work/key/key/key.core/../key.ui/examples/standard_key/arith/overflow_hija.key 
271211     INFO  main            d.u.i.k.p.i.AbstractProblemLoader Loading environment from /home/runner/work/key/key/key.core/../key.ui/examples/standard_key/arith/overflow_hija.key 
271211     DEBUG main            d.u.i.k.p.i.AbstractProblemLoader Environment load took 113.3ns 
271214     INFO  main            d.u.i.k.p.i.AbstractProblemLoader Creating init config 
274629     DEBUG main            d.u.i.k.p.i.AbstractProblemLoader Init config took 3.42s 
274650     INFO  main            d.u.i.k.p.i.AbstractProblemLoader Replaying proof overflow_hija.key 
274652     DEBUG main            d.u.i.k.p.i.IntermediateProofReplayer Proof replay took 7.3ns 
281025     INFO  main            d.u.i.k.p.r.p.TestFile    ... finished proof: closed. 
281440     INFO  main            d.u.i.k.p.i.AbstractProblemLoader Loading environment from /home/runner/work/key/key/key.core/../key.ui/examples/standard_key/arith/overflow_hija.key.proof 
281440     DEBUG main            d.u.i.k.p.i.AbstractProblemLoader Environment load took 163.6ns 
281443     INFO  main            d.u.i.k.p.i.AbstractProblemLoader Creating init config 
284743     DEBUG main            d.u.i.k.p.i.AbstractProblemLoader Init config took 3.3s 
284767     INFO  main            d.u.i.k.p.i.AbstractProblemLoader Replaying proof overflow_hija.key.proof 
285304     DEBUG main            d.u.i.k.p.i.IntermediateProofReplayer Proof replay took 522.6ms 
285307     DEBUG main            d.u.i.k.p.r.p.TestFile    ... success: reloaded. 
285308     INFO  main            d.u.i.k.p.r.p.TestFile    Now processing file /home/runner/work/key/key/key.core/../key.ui/examples/standard_key/arith/poly_division0.key 
285308     INFO  main            d.u.i.k.p.i.AbstractProblemLoader Loading environment from /home/runner/work/key/key/key.core/../key.ui/examples/standard_key/arith/poly_division0.key 
285308     DEBUG main            d.u.i.k.p.i.AbstractProblemLoader Environment load took 120.8ns 
285310     INFO  main            d.u.i.k.p.i.AbstractProblemLoader Creating init config 
288709     DEBUG main            d.u.i.k.p.i.AbstractProblemLoader Init config took 3.4s 
288732     INFO  main            d.u.i.k.p.i.AbstractProblemLoader Replaying proof poly_division0.key 
288734     DEBUG main            d.u.i.k.p.i.IntermediateProofReplayer Proof replay took 7.7ns 
288842     INFO  main            d.u.i.k.p.r.p.TestFile    ... finished proof: closed. 
289279     INFO  main            d.u.i.k.p.i.AbstractProblemLoader Loading environment from /home/runner/work/key/key/key.core/../key.ui/examples/standard_key/arith/poly_division0.key.proof 
289279     DEBUG main            d.u.i.k.p.i.AbstractProblemLoader Environment load took 139.5ns 
289281     INFO  main            d.u.i.k.p.i.AbstractProblemLoader Creating init config 
292539     DEBUG main            d.u.i.k.p.i.AbstractProblemLoader Init config took 3.26s 
292557     INFO  main            d.u.i.k.p.i.AbstractProblemLoader Replaying proof poly_division0.key.proof 
292571     DEBUG main            d.u.i.k.p.i.IntermediateProofReplayer Proof replay took 11.54ms 
292572     DEBUG main            d.u.i.k.p.r.p.TestFile    ... success: reloaded. 
292573     INFO  main            d.u.i.k.p.r.p.TestFile    Now processing file /home/runner/work/key/key/key.core/../key.ui/examples/standard_key/arith/poly_division1.key 
292573     INFO  main            d.u.i.k.p.i.AbstractProblemLoader Loading environment from /home/runner/work/key/key/key.core/../key.ui/examples/standard_key/arith/poly_division1.key 
292573     DEBUG main            d.u.i.k.p.i.AbstractProblemLoader Environment load took 82.4ns 
292574     INFO  main            d.u.i.k.p.i.AbstractProblemLoader Creating init config 
295742     DEBUG main            d.u.i.k.p.i.AbstractProblemLoader Init config took 3.17s 
295763     INFO  main            d.u.i.k.p.i.AbstractProblemLoader Replaying proof poly_division1.key 
295766     DEBUG main            d.u.i.k.p.i.IntermediateProofReplayer Proof replay took 8.1ns 
295869     INFO  main            d.u.i.k.p.r.p.TestFile    ... finished proof: closed. 
296228     INFO  main            d.u.i.k.p.i.AbstractProblemLoader Loading environment from /home/runner/work/key/key/key.core/../key.ui/examples/standard_key/arith/poly_division1.key.proof 
296228     DEBUG main            d.u.i.k.p.i.AbstractProblemLoader Environment load took 131.6ns 
296230     INFO  main            d.u.i.k.p.i.AbstractProblemLoader Creating init config 
299419     DEBUG main            d.u.i.k.p.i.AbstractProblemLoader Init config took 3.19s 
299437     INFO  main            d.u.i.k.p.i.AbstractProblemLoader Replaying proof poly_division1.key.proof 
299447     DEBUG main            d.u.i.k.p.i.IntermediateProofReplayer Proof replay took 8.31ms 
299448     DEBUG main            d.u.i.k.p.r.p.TestFile    ... success: reloaded. 
299449     INFO  main            d.u.i.k.p.r.p.TestFile    Now processing file /home/runner/work/key/key/key.core/../key.ui/examples/standard_key/inEqSimp/division.key 
299449     INFO  main            d.u.i.k.p.i.AbstractProblemLoader Loading environment from /home/runner/work/key/key/key.core/../key.ui/examples/standard_key/inEqSimp/division.key 
299449     DEBUG main            d.u.i.k.p.i.AbstractProblemLoader Environment load took 67.7ns 
299450     INFO  main            d.u.i.k.p.i.AbstractProblemLoader Creating init config 
302644     DEBUG main            d.u.i.k.p.i.AbstractProblemLoader Init config took 3.19s 
302662     INFO  main            d.u.i.k.p.i.AbstractProblemLoader Replaying proof division.key 
302665     DEBUG main            d.u.i.k.p.i.IntermediateProofReplayer Proof replay took 8ns 
305398     INFO  main            d.u.i.k.p.r.p.TestFile    ... finished proof: closed. 
305767     INFO  main            d.u.i.k.p.i.AbstractProblemLoader Loading environment from /home/runner/work/key/key/key.core/../key.ui/examples/standard_key/inEqSimp/division.key.proof 
305767     DEBUG main            d.u.i.k.p.i.AbstractProblemLoader Environment load took 289.6ns 
305769     INFO  main            d.u.i.k.p.i.AbstractProblemLoader Creating init config 
308975     DEBUG main            d.u.i.k.p.i.AbstractProblemLoader Init config took 3.21s 
308995     INFO  main            d.u.i.k.p.i.AbstractProblemLoader Replaying proof division.key.proof 
309148     DEBUG main            d.u.i.k.p.i.IntermediateProofReplayer Proof replay took 131.44ms 
309150     DEBUG main            d.u.i.k.p.r.p.TestFile    ... success: reloaded. 
309151     INFO  main            d.u.i.k.p.r.p.TestFile    Now processing file /home/runner/work/key/key/key.core/../key.ui/examples/standard_key/inEqSimp/inequations0.key 
309152     INFO  main            d.u.i.k.p.i.AbstractProblemLoader Loading environment from /home/runner/work/key/key/key.core/../key.ui/examples/standard_key/inEqSimp/inequations0.key 
309152     DEBUG main            d.u.i.k.p.i.AbstractProblemLoader Environment load took 261.3ns 
309153     INFO  main            d.u.i.k.p.i.AbstractProblemLoader Creating init config 
312426     DEBUG main            d.u.i.k.p.i.AbstractProblemLoader Init config took 3.27s 
312442     INFO  main            d.u.i.k.p.i.AbstractProblemLoader Replaying proof inequations0.key 
312444     DEBUG main            d.u.i.k.p.i.IntermediateProofReplayer Proof replay took 40.7ns 
312546     INFO  main            d.u.i.k.p.r.p.TestFile    ... finished proof: closed. 
312955     INFO  main            d.u.i.k.p.i.AbstractProblemLoader Loading environment from /home/runner/work/key/key/key.core/../key.ui/examples/standard_key/inEqSimp/inequations0.key.proof 
312955     DEBUG main            d.u.i.k.p.i.AbstractProblemLoader Environment load took 148.8ns 
312956     INFO  main            d.u.i.k.p.i.AbstractProblemLoader Creating init config 
316027     DEBUG main            d.u.i.k.p.i.AbstractProblemLoader Init config took 3.07s 
316043     INFO  main            d.u.i.k.p.i.AbstractProblemLoader Replaying proof inequations0.key.proof 
316054     DEBUG main            d.u.i.k.p.i.IntermediateProofReplayer Proof replay took 8.73ms 
316055     DEBUG main            d.u.i.k.p.r.p.TestFile    ... success: reloaded. 
316056     INFO  main            d.u.i.k.p.r.p.TestFile    Now processing file /home/runner/work/key/key/key.core/../key.ui/examples/standard_key/inEqSimp/inequations1.key 
316059     INFO  main            d.u.i.k.p.i.AbstractProblemLoader Loading environment from /home/runner/work/key/key/key.core/../key.ui/examples/standard_key/inEqSimp/inequations1.key 
316059     DEBUG main            d.u.i.k.p.i.AbstractProblemLoader Environment load took 353.5ns 
316060     INFO  main            d.u.i.k.p.i.AbstractProblemLoader Creating init config 
319237     DEBUG main            d.u.i.k.p.i.AbstractProblemLoader Init config took 3.18s 
319253     INFO  main            d.u.i.k.p.i.AbstractProblemLoader Replaying proof inequations1.key 
319255     DEBUG main            d.u.i.k.p.i.IntermediateProofReplayer Proof replay took 3.6ns 
319358     INFO  main            d.u.i.k.p.r.p.TestFile    ... finished proof: closed. 
319729     INFO  main            d.u.i.k.p.i.AbstractProblemLoader Loading environment from /home/runner/work/key/key/key.core/../key.ui/examples/standard_key/inEqSimp/inequations1.key.proof 
319729     DEBUG main            d.u.i.k.p.i.AbstractProblemLoader Environment load took 191.3ns 
319731     INFO  main            d.u.i.k.p.i.AbstractProblemLoader Creating init config 
322779     DEBUG main            d.u.i.k.p.i.AbstractProblemLoader Init config took 3.05s 
322796     INFO  main            d.u.i.k.p.i.AbstractProblemLoader Replaying proof inequations1.key.proof 
322800     DEBUG main            d.u.i.k.p.i.IntermediateProofReplayer Proof replay took 1.92ms 
322801     DEBUG main            d.u.i.k.p.r.p.TestFile    ... success: reloaded. 
322801     INFO  main            d.u.i.k.p.r.p.TestFile    Now processing file /home/runner/work/key/key/key.core/../key.ui/examples/standard_key/inEqSimp/inequations2.key 
322802     INFO  main            d.u.i.k.p.i.AbstractProblemLoader Loading environment from /home/runner/work/key/key/key.core/../key.ui/examples/standard_key/inEqSimp/inequations2.key 
322802     DEBUG main            d.u.i.k.p.i.AbstractProblemLoader Environment load took 120.2ns 
322803     INFO  main            d.u.i.k.p.i.AbstractProblemLoader Creating init config 
325984     DEBUG main            d.u.i.k.p.i.AbstractProblemLoader Init config took 3.18s 
326000     INFO  main            d.u.i.k.p.i.AbstractProblemLoader Replaying proof inequations2.key 
326001     DEBUG main            d.u.i.k.p.i.IntermediateProofReplayer Proof replay took 3.4ns 
326107     INFO  main            d.u.i.k.p.r.p.TestFile    ... finished proof: closed. 
326483     INFO  main            d.u.i.k.p.i.AbstractProblemLoader Loading environment from /home/runner/work/key/key/key.core/../key.ui/examples/standard_key/inEqSimp/inequations2.key.proof 
326483     DEBUG main            d.u.i.k.p.i.AbstractProblemLoader Environment load took 115.2ns 
326484     INFO  main            d.u.i.k.p.i.AbstractProblemLoader Creating init config 
329698     DEBUG main            d.u.i.k.p.i.AbstractProblemLoader Init config took 3.21s 
329716     INFO  main            d.u.i.k.p.i.AbstractProblemLoader Replaying proof inequations2.key.proof 
329721     DEBUG main            d.u.i.k.p.i.IntermediateProofReplayer Proof replay took 3ms 
329722     DEBUG main            d.u.i.k.p.r.p.TestFile    ... success: reloaded. 
329723     INFO  main            d.u.i.k.p.r.p.TestFile    Now processing file /home/runner/work/key/key/key.core/../key.ui/examples/standard_key/inEqSimp/linApprox.key 
329724     INFO  main            d.u.i.k.p.i.AbstractProblemLoader Loading environment from /home/runner/work/key/key/key.core/../key.ui/examples/standard_key/inEqSimp/linApprox.key 
329724     DEBUG main            d.u.i.k.p.i.AbstractProblemLoader Environment load took 110.3ns 
329725     INFO  main            d.u.i.k.p.i.AbstractProblemLoader Creating init config 
333077     DEBUG main            d.u.i.k.p.i.AbstractProblemLoader Init config took 3.35s 
333101     INFO  main            d.u.i.k.p.i.AbstractProblemLoader Replaying proof linApprox.key 
333106     DEBUG main            d.u.i.k.p.i.IntermediateProofReplayer Proof replay took 3.8ns 
333208     INFO  main            d.u.i.k.p.r.p.TestFile    ... finished proof: closed. 
333597     INFO  main            d.u.i.k.p.i.AbstractProblemLoader Loading environment from /home/runner/work/key/key/key.core/../key.ui/examples/standard_key/inEqSimp/linApprox.key.proof 
333598     DEBUG main            d.u.i.k.p.i.AbstractProblemLoader Environment load took 123.1ns 
333599     INFO  main            d.u.i.k.p.i.AbstractProblemLoader Creating init config 
336801     DEBUG main            d.u.i.k.p.i.AbstractProblemLoader Init config took 3.2s 
336820     INFO  main            d.u.i.k.p.i.AbstractProblemLoader Replaying proof linApprox.key.proof 
336827     DEBUG main            d.u.i.k.p.i.IntermediateProofReplayer Proof replay took 4.06ms 
336829     DEBUG main            d.u.i.k.p.r.p.TestFile    ... success: reloaded. 
336830     INFO  main            d.u.i.k.p.r.p.TestFile    Now processing file /home/runner/work/key/key/key.core/../key.ui/examples/standard_key/inEqSimp/nonLinInEqExample0.key 
336831     INFO  main            d.u.i.k.p.i.AbstractProblemLoader Loading environment from /home/runner/work/key/key/key.core/../key.ui/examples/standard_key/inEqSimp/nonLinInEqExample0.key 
336831     DEBUG main            d.u.i.k.p.i.AbstractProblemLoader Environment load took 245.3ns 
336832     INFO  main            d.u.i.k.p.i.AbstractProblemLoader Creating init config 
340113     DEBUG main            d.u.i.k.p.i.AbstractProblemLoader Init config took 3.28s 
340130     INFO  main            d.u.i.k.p.i.AbstractProblemLoader Replaying proof nonLinInEqExample0.key 
340132     DEBUG main            d.u.i.k.p.i.IntermediateProofReplayer Proof replay took 3.9ns 
340234     INFO  main            d.u.i.k.p.r.p.TestFile    ... finished proof: closed. 
340634     INFO  main            d.u.i.k.p.i.AbstractProblemLoader Loading environment from /home/runner/work/key/key/key.core/../key.ui/examples/standard_key/inEqSimp/nonLinInEqExample0.key.proof 
340634     DEBUG main            d.u.i.k.p.i.AbstractProblemLoader Environment load took 123.6ns 
340635     INFO  main            d.u.i.k.p.i.AbstractProblemLoader Creating init config 
343738     DEBUG main            d.u.i.k.p.i.AbstractProblemLoader Init config took 3.1s 
343757     INFO  main            d.u.i.k.p.i.AbstractProblemLoader Replaying proof nonLinInEqExample0.key.proof 
343760     DEBUG main            d.u.i.k.p.i.IntermediateProofReplayer Proof replay took 1.28ms 
343761     DEBUG main            d.u.i.k.p.r.p.TestFile    ... success: reloaded. 
343762     INFO  main            d.u.i.k.p.r.p.TestFile    Now processing file /home/runner/work/key/key/key.core/../key.ui/examples/standard_key/inEqSimp/nonLinInEqExample2.key 
343762     INFO  main            d.u.i.k.p.i.AbstractProblemLoader Loading environment from /home/runner/work/key/key/key.core/../key.ui/examples/standard_key/inEqSimp/nonLinInEqExample2.key 
343762     DEBUG main            d.u.i.k.p.i.AbstractProblemLoader Environment load took 111.4ns 
343764     INFO  main            d.u.i.k.p.i.AbstractProblemLoader Creating init config 
347050     DEBUG main            d.u.i.k.p.i.AbstractProblemLoader Init config took 3.29s 
347069     INFO  main            d.u.i.k.p.i.AbstractProblemLoader Replaying proof nonLinInEqExample2.key 
347071     DEBUG main            d.u.i.k.p.i.IntermediateProofReplayer Proof replay took 3.7ns 
347475     INFO  main            d.u.i.k.p.r.p.TestFile    ... finished proof: closed. 
347903     INFO  main            d.u.i.k.p.i.AbstractProblemLoader Loading environment from /home/runner/work/key/key/key.core/../key.ui/examples/standard_key/inEqSimp/nonLinInEqExample2.key.proof 
347904     DEBUG main            d.u.i.k.p.i.AbstractProblemLoader Environment load took 1.01ms 
347906     INFO  main            d.u.i.k.p.i.AbstractProblemLoader Creating init config 
351116     DEBUG main            d.u.i.k.p.i.AbstractProblemLoader Init config took 3.21s 
351133     INFO  main            d.u.i.k.p.i.AbstractProblemLoader Replaying proof nonLinInEqExample2.key.proof 
351184     DEBUG main            d.u.i.k.p.i.IntermediateProofReplayer Proof replay took 46.35ms 
351185     DEBUG main            d.u.i.k.p.r.p.TestFile    ... success: reloaded. 
351186     INFO  main            d.u.i.k.p.r.p.TestFile    Now processing file /home/runner/work/key/key/key.core/../key.ui/examples/standard_key/inEqSimp/nonLinInEqExample3.key 
351186     INFO  main            d.u.i.k.p.i.AbstractProblemLoader Loading environment from /home/runner/work/key/key/key.core/../key.ui/examples/standard_key/inEqSimp/nonLinInEqExample3.key 
351186     DEBUG main            d.u.i.k.p.i.AbstractProblemLoader Environment load took 108.8ns 
351188     INFO  main            d.u.i.k.p.i.AbstractProblemLoader Creating init config 
354441     DEBUG main            d.u.i.k.p.i.AbstractProblemLoader Init config took 3.25s 
354461     INFO  main            d.u.i.k.p.i.AbstractProblemLoader Replaying proof nonLinInEqExample3.key 
354463     DEBUG main            d.u.i.k.p.i.IntermediateProofReplayer Proof replay took 14.1ns 
354766     INFO  main            d.u.i.k.p.r.p.TestFile    ... finished proof: closed. 
355211     INFO  main            d.u.i.k.p.i.AbstractProblemLoader Loading environment from /home/runner/work/key/key/key.core/../key.ui/examples/standard_key/inEqSimp/nonLinInEqExample3.key.proof 
355212     DEBUG main            d.u.i.k.p.i.AbstractProblemLoader Environment load took 562.9ns 
355213     INFO  main            d.u.i.k.p.i.AbstractProblemLoader Creating init config 
358328     DEBUG main            d.u.i.k.p.i.AbstractProblemLoader Init config took 3.11s 
358344     INFO  main            d.u.i.k.p.i.AbstractProblemLoader Replaying proof nonLinInEqExample3.key.proof 
358387     DEBUG main            d.u.i.k.p.i.IntermediateProofReplayer Proof replay took 39.86ms 
358388     DEBUG main            d.u.i.k.p.r.p.TestFile    ... success: reloaded. 
358389     INFO  main            d.u.i.k.p.r.p.TestFile    Now processing file /home/runner/work/key/key/key.core/../key.ui/examples/standard_key/inEqSimp/nonLinInEqExample4.key 
358389     INFO  main            d.u.i.k.p.i.AbstractProblemLoader Loading environment from /home/runner/work/key/key/key.core/../key.ui/examples/standard_key/inEqSimp/nonLinInEqExample4.key 
358389     DEBUG main            d.u.i.k.p.i.AbstractProblemLoader Environment load took 109.1ns 
358391     INFO  main            d.u.i.k.p.i.AbstractProblemLoader Creating init config 
361710     DEBUG main            d.u.i.k.p.i.AbstractProblemLoader Init config took 3.32s 
361735     INFO  main            d.u.i.k.p.i.AbstractProblemLoader Replaying proof nonLinInEqExample4.key 
361737     DEBUG main            d.u.i.k.p.i.IntermediateProofReplayer Proof replay took 4ns 
361840     INFO  main            d.u.i.k.p.r.p.TestFile    ... finished proof: closed. 
362266     INFO  main            d.u.i.k.p.i.AbstractProblemLoader Loading environment from /home/runner/work/key/key/key.core/../key.ui/examples/standard_key/inEqSimp/nonLinInEqExample4.key.proof 
362266     DEBUG main            d.u.i.k.p.i.AbstractProblemLoader Environment load took 116.2ns 
362267     INFO  main            d.u.i.k.p.i.AbstractProblemLoader Creating init config 
365484     DEBUG main            d.u.i.k.p.i.AbstractProblemLoader Init config took 3.22s 
365501     INFO  main            d.u.i.k.p.i.AbstractProblemLoader Replaying proof nonLinInEqExample4.key.proof 
365509     DEBUG main            d.u.i.k.p.i.IntermediateProofReplayer Proof replay took 6.5ms 
365511     DEBUG main            d.u.i.k.p.r.p.TestFile    ... success: reloaded. 
365511     INFO  main            d.u.i.k.p.r.p.TestFile    Now processing file /home/runner/work/key/key/key.core/../key.ui/examples/standard_key/inEqSimp/quadraticInEq.key 
365512     INFO  main            d.u.i.k.p.i.AbstractProblemLoader Loading environment from /home/runner/work/key/key/key.core/../key.ui/examples/standard_key/inEqSimp/quadraticInEq.key 
365512     DEBUG main            d.u.i.k.p.i.AbstractProblemLoader Environment load took 64.7ns 
365514     INFO  main            d.u.i.k.p.i.AbstractProblemLoader Creating init config 
368896     DEBUG main            d.u.i.k.p.i.AbstractProblemLoader Init config took 3.38s 
368913     INFO  main            d.u.i.k.p.i.AbstractProblemLoader Replaying proof quadraticInEq.key 
368915     DEBUG main            d.u.i.k.p.i.IntermediateProofReplayer Proof replay took 3.3ns 
369319     INFO  main            d.u.i.k.p.r.p.TestFile    ... finished proof: closed. 
369763     INFO  main            d.u.i.k.p.i.AbstractProblemLoader Loading environment from /home/runner/work/key/key/key.core/../key.ui/examples/standard_key/inEqSimp/quadraticInEq.key.proof 
369763     DEBUG main            d.u.i.k.p.i.AbstractProblemLoader Environment load took 117.6ns 
369764     INFO  main            d.u.i.k.p.i.AbstractProblemLoader Creating init config 
372979     DEBUG main            d.u.i.k.p.i.AbstractProblemLoader Init config took 3.21s 
372998     INFO  main            d.u.i.k.p.i.AbstractProblemLoader Replaying proof quadraticInEq.key.proof 
373066     DEBUG main            d.u.i.k.p.i.IntermediateProofReplayer Proof replay took 61.56ms 
373067     DEBUG main            d.u.i.k.p.r.p.TestFile    ... success: reloaded. 
373068     INFO  main            d.u.i.k.p.r.p.TestFile    Now processing file /home/runner/work/key/key/key.core/../key.ui/examples/standard_key/inEqSimp/quadraticInEq10.key 
373069     INFO  main            d.u.i.k.p.i.AbstractProblemLoader Loading environment from /home/runner/work/key/key/key.core/../key.ui/examples/standard_key/inEqSimp/quadraticInEq10.key 
373069     DEBUG main            d.u.i.k.p.i.AbstractProblemLoader Environment load took 120ns 
373071     INFO  main            d.u.i.k.p.i.AbstractProblemLoader Creating init config 
376329     DEBUG main            d.u.i.k.p.i.AbstractProblemLoader Init config took 3.26s 
376346     INFO  main            d.u.i.k.p.i.AbstractProblemLoader Replaying proof quadraticInEq10.key 
376348     DEBUG main            d.u.i.k.p.i.IntermediateProofReplayer Proof replay took 4ns 
376651     INFO  main            d.u.i.k.p.r.p.TestFile    ... finished proof: closed. 
377119     INFO  main            d.u.i.k.p.i.AbstractProblemLoader Loading environment from /home/runner/work/key/key/key.core/../key.ui/examples/standard_key/inEqSimp/quadraticInEq10.key.proof 
377119     DEBUG main            d.u.i.k.p.i.AbstractProblemLoader Environment load took 120.2ns 
377122     INFO  main            d.u.i.k.p.i.AbstractProblemLoader Creating init config 
380370     DEBUG main            d.u.i.k.p.i.AbstractProblemLoader Init config took 3.25s 
380387     INFO  main            d.u.i.k.p.i.AbstractProblemLoader Replaying proof quadraticInEq10.key.proof 
380410     DEBUG main            d.u.i.k.p.i.IntermediateProofReplayer Proof replay took 20.46ms 
380412     DEBUG main            d.u.i.k.p.r.p.TestFile    ... success: reloaded. 
380413     INFO  main            d.u.i.k.p.r.p.TestFile    Now processing file /home/runner/work/key/key/key.core/../key.ui/examples/standard_key/inEqSimp/quadraticInEq13.key 
380414     INFO  main            d.u.i.k.p.i.AbstractProblemLoader Loading environment from /home/runner/work/key/key/key.core/../key.ui/examples/standard_key/inEqSimp/quadraticInEq13.key 
380414     DEBUG main            d.u.i.k.p.i.AbstractProblemLoader Environment load took 119.9ns 
380415     INFO  main            d.u.i.k.p.i.AbstractProblemLoader Creating init config 
383716     DEBUG main            d.u.i.k.p.i.AbstractProblemLoader Init config took 3.3s 
383733     INFO  main            d.u.i.k.p.i.AbstractProblemLoader Replaying proof quadraticInEq13.key 
383736     DEBUG main            d.u.i.k.p.i.IntermediateProofReplayer Proof replay took 3.6ns 
384039     INFO  main            d.u.i.k.p.r.p.TestFile    ... finished proof: closed. 
384512     INFO  main            d.u.i.k.p.i.AbstractProblemLoader Loading environment from /home/runner/work/key/key/key.core/../key.ui/examples/standard_key/inEqSimp/quadraticInEq13.key.proof 
384513     DEBUG main            d.u.i.k.p.i.AbstractProblemLoader Environment load took 569.2ns 
384514     INFO  main            d.u.i.k.p.i.AbstractProblemLoader Creating init config 
387748     DEBUG main            d.u.i.k.p.i.AbstractProblemLoader Init config took 3.23s 
387764     INFO  main            d.u.i.k.p.i.AbstractProblemLoader Replaying proof quadraticInEq13.key.proof 
387808     DEBUG main            d.u.i.k.p.i.IntermediateProofReplayer Proof replay took 39.97ms 
387809     DEBUG main            d.u.i.k.p.r.p.TestFile    ... success: reloaded. 
387811     INFO  main            d.u.i.k.p.r.p.TestFile    Now processing file /home/runner/work/key/key/key.core/../key.ui/examples/standard_key/inEqSimp/quadraticInEq14.key 
387812     INFO  main            d.u.i.k.p.i.AbstractProblemLoader Loading environment from /home/runner/work/key/key/key.core/../key.ui/examples/standard_key/inEqSimp/quadraticInEq14.key 
387812     DEBUG main            d.u.i.k.p.i.AbstractProblemLoader Environment load took 133.3ns 
387813     INFO  main            d.u.i.k.p.i.AbstractProblemLoader Creating init config 
391043     DEBUG main            d.u.i.k.p.i.AbstractProblemLoader Init config took 3.23s 
391059     INFO  main            d.u.i.k.p.i.AbstractProblemLoader Replaying proof quadraticInEq14.key 
391061     DEBUG main            d.u.i.k.p.i.IntermediateProofReplayer Proof replay took 4ns 
391465     INFO  main            d.u.i.k.p.r.p.TestFile    ... finished proof: closed. 
391962     INFO  main            d.u.i.k.p.i.AbstractProblemLoader Loading environment from /home/runner/work/key/key/key.core/../key.ui/examples/standard_key/inEqSimp/quadraticInEq14.key.proof 
391962     DEBUG main            d.u.i.k.p.i.AbstractProblemLoader Environment load took 690.2ns 
391964     INFO  main            d.u.i.k.p.i.AbstractProblemLoader Creating init config 
395170     DEBUG main            d.u.i.k.p.i.AbstractProblemLoader Init config took 3.21s 
395199     INFO  main            d.u.i.k.p.i.AbstractProblemLoader Replaying proof quadraticInEq14.key.proof 
395233     DEBUG main            d.u.i.k.p.i.IntermediateProofReplayer Proof replay took 30.3ms 
395234     DEBUG main            d.u.i.k.p.r.p.TestFile    ... success: reloaded. 
395236     INFO  main            d.u.i.k.p.r.p.TestFile    Now processing file /home/runner/work/key/key/key.core/../key.ui/examples/standard_key/inEqSimp/quadraticInEq2.key 
395237     INFO  main            d.u.i.k.p.i.AbstractProblemLoader Loading environment from /home/runner/work/key/key/key.core/../key.ui/examples/standard_key/inEqSimp/quadraticInEq2.key 
395237     DEBUG main            d.u.i.k.p.i.AbstractProblemLoader Environment load took 82.9ns 
395238     INFO  main            d.u.i.k.p.i.AbstractProblemLoader Creating init config 
398504     DEBUG main            d.u.i.k.p.i.AbstractProblemLoader Init config took 3.27s 
398521     INFO  main            d.u.i.k.p.i.AbstractProblemLoader Replaying proof quadraticInEq2.key 
398522     DEBUG main            d.u.i.k.p.i.IntermediateProofReplayer Proof replay took 4ns 
398626     INFO  main            d.u.i.k.p.r.p.TestFile    ... finished proof: closed. 
399104     INFO  main            d.u.i.k.p.i.AbstractProblemLoader Loading environment from /home/runner/work/key/key/key.core/../key.ui/examples/standard_key/inEqSimp/quadraticInEq2.key.proof 
399104     DEBUG main            d.u.i.k.p.i.AbstractProblemLoader Environment load took 118.3ns 
399106     INFO  main            d.u.i.k.p.i.AbstractProblemLoader Creating init config 
402341     DEBUG main            d.u.i.k.p.i.AbstractProblemLoader Init config took 3.23s 
402358     INFO  main            d.u.i.k.p.i.AbstractProblemLoader Replaying proof quadraticInEq2.key.proof 
402364     DEBUG main            d.u.i.k.p.i.IntermediateProofReplayer Proof replay took 3.22ms 
402365     DEBUG main            d.u.i.k.p.r.p.TestFile    ... success: reloaded. 
402366     INFO  main            d.u.i.k.p.r.p.TestFile    Now processing file /home/runner/work/key/key/key.core/../key.ui/examples/standard_key/inEqSimp/quadraticInEq3.key 
402366     INFO  main            d.u.i.k.p.i.AbstractProblemLoader Loading environment from /home/runner/work/key/key/key.core/../key.ui/examples/standard_key/inEqSimp/quadraticInEq3.key 
402366     DEBUG main            d.u.i.k.p.i.AbstractProblemLoader Environment load took 136.3ns 
402367     INFO  main            d.u.i.k.p.i.AbstractProblemLoader Creating init config 
405691     DEBUG main            d.u.i.k.p.i.AbstractProblemLoader Init config took 3.32s 
405707     INFO  main            d.u.i.k.p.i.AbstractProblemLoader Replaying proof quadraticInEq3.key 
405710     DEBUG main            d.u.i.k.p.i.IntermediateProofReplayer Proof replay took 3.9ns 
405815     INFO  main            d.u.i.k.p.r.p.TestFile    ... finished proof: closed. 
406275     INFO  main            d.u.i.k.p.i.AbstractProblemLoader Loading environment from /home/runner/work/key/key/key.core/../key.ui/examples/standard_key/inEqSimp/quadraticInEq3.key.proof 
406275     DEBUG main            d.u.i.k.p.i.AbstractProblemLoader Environment load took 134.7ns 
406276     INFO  main            d.u.i.k.p.i.AbstractProblemLoader Creating init config 
409534     DEBUG main            d.u.i.k.p.i.AbstractProblemLoader Init config took 3.26s 
409554     INFO  main            d.u.i.k.p.i.AbstractProblemLoader Replaying proof quadraticInEq3.key.proof 
409569     DEBUG main            d.u.i.k.p.i.IntermediateProofReplayer Proof replay took 8.03ms 
409571     DEBUG main            d.u.i.k.p.r.p.TestFile    ... success: reloaded. 
409572     INFO  main            d.u.i.k.p.r.p.TestFile    Now processing file /home/runner/work/key/key/key.core/../key.ui/examples/standard_key/inEqSimp/quadraticInEq4.key 
409572     INFO  main            d.u.i.k.p.i.AbstractProblemLoader Loading environment from /home/runner/work/key/key/key.core/../key.ui/examples/standard_key/inEqSimp/quadraticInEq4.key 
409572     DEBUG main            d.u.i.k.p.i.AbstractProblemLoader Environment load took 95.5ns 
409573     INFO  main            d.u.i.k.p.i.AbstractProblemLoader Creating init config 
412800     DEBUG main            d.u.i.k.p.i.AbstractProblemLoader Init config took 3.23s 
412818     INFO  main            d.u.i.k.p.i.AbstractProblemLoader Replaying proof quadraticInEq4.key 
412819     DEBUG main            d.u.i.k.p.i.IntermediateProofReplayer Proof replay took 4.3ns 
412923     INFO  main            d.u.i.k.p.r.p.TestFile    ... finished proof: closed. 
413416     INFO  main            d.u.i.k.p.i.AbstractProblemLoader Loading environment from /home/runner/work/key/key/key.core/../key.ui/examples/standard_key/inEqSimp/quadraticInEq4.key.proof 
413416     DEBUG main            d.u.i.k.p.i.AbstractProblemLoader Environment load took 131.4ns 
413417     INFO  main            d.u.i.k.p.i.AbstractProblemLoader Creating init config 
416536     DEBUG main            d.u.i.k.p.i.AbstractProblemLoader Init config took 3.12s 
416553     INFO  main            d.u.i.k.p.i.AbstractProblemLoader Replaying proof quadraticInEq4.key.proof 
416572     DEBUG main            d.u.i.k.p.i.IntermediateProofReplayer Proof replay took 16.81ms 
416573     DEBUG main            d.u.i.k.p.r.p.TestFile    ... success: reloaded. 
416574     INFO  main            d.u.i.k.p.r.p.TestFile    Now processing file /home/runner/work/key/key/key.core/../key.ui/examples/standard_key/inEqSimp/quadraticInEq5.key 
416574     INFO  main            d.u.i.k.p.i.AbstractProblemLoader Loading environment from /home/runner/work/key/key/key.core/../key.ui/examples/standard_key/inEqSimp/quadraticInEq5.key 
416574     DEBUG main            d.u.i.k.p.i.AbstractProblemLoader Environment load took 100.9ns 
416575     INFO  main            d.u.i.k.p.i.AbstractProblemLoader Creating init config 
419828     DEBUG main            d.u.i.k.p.i.AbstractProblemLoader Init config took 3.25s 
419846     INFO  main            d.u.i.k.p.i.AbstractProblemLoader Replaying proof quadraticInEq5.key 
419848     DEBUG main            d.u.i.k.p.i.IntermediateProofReplayer Proof replay took 3.9ns 
419951     INFO  main            d.u.i.k.p.r.p.TestFile    ... finished proof: closed. 
420443     INFO  main            d.u.i.k.p.i.AbstractProblemLoader Loading environment from /home/runner/work/key/key/key.core/../key.ui/examples/standard_key/inEqSimp/quadraticInEq5.key.proof 
420443     DEBUG main            d.u.i.k.p.i.AbstractProblemLoader Environment load took 135.9ns 
420444     INFO  main            d.u.i.k.p.i.AbstractProblemLoader Creating init config 
423624     DEBUG main            d.u.i.k.p.i.AbstractProblemLoader Init config took 3.18s 
423642     INFO  main            d.u.i.k.p.i.AbstractProblemLoader Replaying proof quadraticInEq5.key.proof 
423650     DEBUG main            d.u.i.k.p.i.IntermediateProofReplayer Proof replay took 6.06ms 
423651     DEBUG main            d.u.i.k.p.r.p.TestFile    ... success: reloaded. 
423652     INFO  main            d.u.i.k.p.r.p.TestFile    Now processing file /home/runner/work/key/key/key.core/../key.ui/examples/standard_key/inEqSimp/quadraticInEq6.key 
423653     INFO  main            d.u.i.k.p.i.AbstractProblemLoader Loading environment from /home/runner/work/key/key/key.core/../key.ui/examples/standard_key/inEqSimp/quadraticInEq6.key 
423653     DEBUG main            d.u.i.k.p.i.AbstractProblemLoader Environment load took 65.1ns 
423654     INFO  main            d.u.i.k.p.i.AbstractProblemLoader Creating init config 
426861     DEBUG main            d.u.i.k.p.i.AbstractProblemLoader Init config took 3.21s 
426879     INFO  main            d.u.i.k.p.i.AbstractProblemLoader Replaying proof quadraticInEq6.key 
426881     DEBUG main            d.u.i.k.p.i.IntermediateProofReplayer Proof replay took 4.1ns 
426984     INFO  main            d.u.i.k.p.r.p.TestFile    ... finished proof: closed. 
427465     INFO  main            d.u.i.k.p.i.AbstractProblemLoader Loading environment from /home/runner/work/key/key/key.core/../key.ui/examples/standard_key/inEqSimp/quadraticInEq6.key.proof 
427466     DEBUG main            d.u.i.k.p.i.AbstractProblemLoader Environment load took 103.7ns 
427467     INFO  main            d.u.i.k.p.i.AbstractProblemLoader Creating init config 
430567     DEBUG main            d.u.i.k.p.i.AbstractProblemLoader Init config took 3.1s 
430583     INFO  main            d.u.i.k.p.i.AbstractProblemLoader Replaying proof quadraticInEq6.key.proof 
430591     DEBUG main            d.u.i.k.p.i.IntermediateProofReplayer Proof replay took 5.56ms 
430592     DEBUG main            d.u.i.k.p.r.p.TestFile    ... success: reloaded. 
430593     INFO  main            d.u.i.k.p.r.p.TestFile    Now processing file /home/runner/work/key/key/key.core/../key.ui/examples/standard_key/inEqSimp/quadraticInEq7.key 
430593     INFO  main            d.u.i.k.p.i.AbstractProblemLoader Loading environment from /home/runner/work/key/key/key.core/../key.ui/examples/standard_key/inEqSimp/quadraticInEq7.key 
430593     DEBUG main            d.u.i.k.p.i.AbstractProblemLoader Environment load took 62.1ns 
430594     INFO  main            d.u.i.k.p.i.AbstractProblemLoader Creating init config 
433843     DEBUG main            d.u.i.k.p.i.AbstractProblemLoader Init config took 3.25s 
433859     INFO  main            d.u.i.k.p.i.AbstractProblemLoader Replaying proof quadraticInEq7.key 
433861     DEBUG main            d.u.i.k.p.i.IntermediateProofReplayer Proof replay took 3.7ns 
433963     INFO  main            d.u.i.k.p.r.p.TestFile    ... finished proof: closed. 
434469     INFO  main            d.u.i.k.p.i.AbstractProblemLoader Loading environment from /home/runner/work/key/key/key.core/../key.ui/examples/standard_key/inEqSimp/quadraticInEq7.key.proof 
434470     DEBUG main            d.u.i.k.p.i.AbstractProblemLoader Environment load took 121.7ns 
434471     INFO  main            d.u.i.k.p.i.AbstractProblemLoader Creating init config 
437635     DEBUG main            d.u.i.k.p.i.AbstractProblemLoader Init config took 3.16s 
437652     INFO  main            d.u.i.k.p.i.AbstractProblemLoader Replaying proof quadraticInEq7.key.proof 
437657     DEBUG main            d.u.i.k.p.i.IntermediateProofReplayer Proof replay took 3.06ms 
437658     DEBUG main            d.u.i.k.p.r.p.TestFile    ... success: reloaded. 
437659     INFO  main            d.u.i.k.p.r.p.TestFile    Now processing file /home/runner/work/key/key/key.core/../key.ui/examples/standard_key/inEqSimp/quadraticInEq8.key 
437659     INFO  main            d.u.i.k.p.i.AbstractProblemLoader Loading environment from /home/runner/work/key/key/key.core/../key.ui/examples/standard_key/inEqSimp/quadraticInEq8.key 
437659     DEBUG main            d.u.i.k.p.i.AbstractProblemLoader Environment load took 86.3ns 
437660     INFO  main            d.u.i.k.p.i.AbstractProblemLoader Creating init config 
440872     DEBUG main            d.u.i.k.p.i.AbstractProblemLoader Init config took 3.21s 
440888     INFO  main            d.u.i.k.p.i.AbstractProblemLoader Replaying proof quadraticInEq8.key 
440889     DEBUG main            d.u.i.k.p.i.IntermediateProofReplayer Proof replay took 4.1ns 
441092     INFO  main            d.u.i.k.p.r.p.TestFile    ... finished proof: closed. 
441596     INFO  main            d.u.i.k.p.i.AbstractProblemLoader Loading environment from /home/runner/work/key/key/key.core/../key.ui/examples/standard_key/inEqSimp/quadraticInEq8.key.proof 
441596     DEBUG main            d.u.i.k.p.i.AbstractProblemLoader Environment load took 102ns 
441597     INFO  main            d.u.i.k.p.i.AbstractProblemLoader Creating init config 
444780     DEBUG main            d.u.i.k.p.i.AbstractProblemLoader Init config took 3.18s 
444797     INFO  main            d.u.i.k.p.i.AbstractProblemLoader Replaying proof quadraticInEq8.key.proof 
444810     DEBUG main            d.u.i.k.p.i.IntermediateProofReplayer Proof replay took 10.11ms 
444811     DEBUG main            d.u.i.k.p.r.p.TestFile    ... success: reloaded. 
444812     INFO  main            d.u.i.k.p.r.p.TestFile    Now processing file /home/runner/work/key/key/key.core/../key.ui/examples/standard_key/inEqSimp/simplify0.key 
444812     INFO  main            d.u.i.k.p.i.AbstractProblemLoader Loading environment from /home/runner/work/key/key/key.core/../key.ui/examples/standard_key/inEqSimp/simplify0.key 
444812     DEBUG main            d.u.i.k.p.i.AbstractProblemLoader Environment load took 67.3ns 
444814     INFO  main            d.u.i.k.p.i.AbstractProblemLoader Creating init config 
448043     DEBUG main            d.u.i.k.p.i.AbstractProblemLoader Init config took 3.23s 
448060     INFO  main            d.u.i.k.p.i.AbstractProblemLoader Replaying proof simplify0.key 
448062     DEBUG main            d.u.i.k.p.i.IntermediateProofReplayer Proof replay took 4.7ns 
448164     INFO  main            d.u.i.k.p.r.p.TestFile    ... finished proof: closed. 
448676     INFO  main            d.u.i.k.p.i.AbstractProblemLoader Loading environment from /home/runner/work/key/key/key.core/../key.ui/examples/standard_key/inEqSimp/simplify0.key.proof 
448676     DEBUG main            d.u.i.k.p.i.AbstractProblemLoader Environment load took 154.8ns 
448677     INFO  main            d.u.i.k.p.i.AbstractProblemLoader Creating init config 
451887     DEBUG main            d.u.i.k.p.i.AbstractProblemLoader Init config took 3.21s 
451906     INFO  main            d.u.i.k.p.i.AbstractProblemLoader Replaying proof simplify0.key.proof 
451911     DEBUG main            d.u.i.k.p.i.IntermediateProofReplayer Proof replay took 3.22ms 
451912     DEBUG main            d.u.i.k.p.r.p.TestFile    ... success: reloaded. 
451912     INFO  main            d.u.i.k.p.r.p.TestFile    Now processing file /home/runner/work/key/key/key.core/../key.ui/examples/standard_key/inEqSimp/simplify1.key 
451912     INFO  main            d.u.i.k.p.i.AbstractProblemLoader Loading environment from /home/runner/work/key/key/key.core/../key.ui/examples/standard_key/inEqSimp/simplify1.key 
451913     DEBUG main            d.u.i.k.p.i.AbstractProblemLoader Environment load took 86.9ns 
451914     INFO  main            d.u.i.k.p.i.AbstractProblemLoader Creating init config 
455115     DEBUG main            d.u.i.k.p.i.AbstractProblemLoader Init config took 3.2s 
455131     INFO  main            d.u.i.k.p.i.AbstractProblemLoader Replaying proof simplify1.key 
455132     DEBUG main            d.u.i.k.p.i.IntermediateProofReplayer Proof replay took 3.4ns 
455234     INFO  main            d.u.i.k.p.r.p.TestFile    ... finished proof: closed. 
455751     INFO  main            d.u.i.k.p.i.AbstractProblemLoader Loading environment from /home/runner/work/key/key/key.core/../key.ui/examples/standard_key/inEqSimp/simplify1.key.proof 
455752     DEBUG main            d.u.i.k.p.i.AbstractProblemLoader Environment load took 97.6ns 
455753     INFO  main            d.u.i.k.p.i.AbstractProblemLoader Creating init config 
458960     DEBUG main            d.u.i.k.p.i.AbstractProblemLoader Init config took 3.21s 
458980     INFO  main            d.u.i.k.p.i.AbstractProblemLoader Replaying proof simplify1.key.proof 
458985     DEBUG main            d.u.i.k.p.i.IntermediateProofReplayer Proof replay took 3.17ms 
458987     DEBUG main            d.u.i.k.p.r.p.TestFile    ... success: reloaded. 
458987     INFO  main            d.u.i.k.p.r.p.TestFile    Now processing file /home/runner/work/key/key/key.core/../key.ui/examples/standard_key/inEqSimp/simplify2.key 
458989     INFO  main            d.u.i.k.p.i.AbstractProblemLoader Loading environment from /home/runner/work/key/key/key.core/../key.ui/examples/standard_key/inEqSimp/simplify2.key 
458989     DEBUG main            d.u.i.k.p.i.AbstractProblemLoader Environment load took 271.6ns 
458990     INFO  main            d.u.i.k.p.i.AbstractProblemLoader Creating init config 
462242     DEBUG main            d.u.i.k.p.i.AbstractProblemLoader Init config took 3.25s 
462259     INFO  main            d.u.i.k.p.i.AbstractProblemLoader Replaying proof simplify2.key 
462260     DEBUG main            d.u.i.k.p.i.IntermediateProofReplayer Proof replay took 4.3ns 
462471     INFO  main            d.u.i.k.p.r.p.TestFile    ... finished proof: closed. 
463015     INFO  main            d.u.i.k.p.i.AbstractProblemLoader Loading environment from /home/runner/work/key/key/key.core/../key.ui/examples/standard_key/inEqSimp/simplify2.key.proof 
463015     DEBUG main            d.u.i.k.p.i.AbstractProblemLoader Environment load took 121.5ns 
463017     INFO  main            d.u.i.k.p.i.AbstractProblemLoader Creating init config 
466257     DEBUG main            d.u.i.k.p.i.AbstractProblemLoader Init config took 3.24s 
466273     INFO  main            d.u.i.k.p.i.AbstractProblemLoader Replaying proof simplify2.key.proof 
466292     DEBUG main            d.u.i.k.p.i.IntermediateProofReplayer Proof replay took 16.54ms 
466293     DEBUG main            d.u.i.k.p.r.p.TestFile    ... success: reloaded. 
466294     INFO  main            d.u.i.k.p.r.p.TestFile    Now processing file /home/runner/work/key/key/key.core/../key.ui/examples/standard_key/inEqSimp/simplify3.key 
466294     INFO  main            d.u.i.k.p.i.AbstractProblemLoader Loading environment from /home/runner/work/key/key/key.core/../key.ui/examples/standard_key/inEqSimp/simplify3.key 
466294     DEBUG main            d.u.i.k.p.i.AbstractProblemLoader Environment load took 62.8ns 
466295     INFO  main            d.u.i.k.p.i.AbstractProblemLoader Creating init config 
469559     DEBUG main            d.u.i.k.p.i.AbstractProblemLoader Init config took 3.26s 
469574     INFO  main            d.u.i.k.p.i.AbstractProblemLoader Replaying proof simplify3.key 
469576     DEBUG main            d.u.i.k.p.i.IntermediateProofReplayer Proof replay took 3.6ns 
469678     INFO  main            d.u.i.k.p.r.p.TestFile    ... finished proof: closed. 
470235     INFO  main            d.u.i.k.p.i.AbstractProblemLoader Loading environment from /home/runner/work/key/key/key.core/../key.ui/examples/standard_key/inEqSimp/simplify3.key.proof 
470235     DEBUG main            d.u.i.k.p.i.AbstractProblemLoader Environment load took 113.4ns 
470236     INFO  main            d.u.i.k.p.i.AbstractProblemLoader Creating init config 
473533     DEBUG main            d.u.i.k.p.i.AbstractProblemLoader Init config took 3.3s 
473552     INFO  main            d.u.i.k.p.i.AbstractProblemLoader Replaying proof simplify3.key.proof 
473556     DEBUG main            d.u.i.k.p.i.IntermediateProofReplayer Proof replay took 2.67ms 
473557     DEBUG main            d.u.i.k.p.r.p.TestFile    ... success: reloaded. 
473558     INFO  main            d.u.i.k.p.r.p.TestFile    Now processing file /home/runner/work/key/key/key.core/../key.ui/examples/standard_key/inEqSimp/simplify4.key 
473558     INFO  main            d.u.i.k.p.i.AbstractProblemLoader Loading environment from /home/runner/work/key/key/key.core/../key.ui/examples/standard_key/inEqSimp/simplify4.key 
473558     DEBUG main            d.u.i.k.p.i.AbstractProblemLoader Environment load took 115ns 
473559     INFO  main            d.u.i.k.p.i.AbstractProblemLoader Creating init config 
476873     DEBUG main            d.u.i.k.p.i.AbstractProblemLoader Init config took 3.31s 
476891     INFO  main            d.u.i.k.p.i.AbstractProblemLoader Replaying proof simplify4.key 
476892     DEBUG main            d.u.i.k.p.i.IntermediateProofReplayer Proof replay took 3.7ns 
476994     INFO  main            d.u.i.k.p.r.p.TestFile    ... finished proof: closed. 
477560     INFO  main            d.u.i.k.p.i.AbstractProblemLoader Loading environment from /home/runner/work/key/key/key.core/../key.ui/examples/standard_key/inEqSimp/simplify4.key.proof 
477561     DEBUG main            d.u.i.k.p.i.AbstractProblemLoader Environment load took 113.8ns 
477564     INFO  main            d.u.i.k.p.i.AbstractProblemLoader Creating init config 
480795     DEBUG main            d.u.i.k.p.i.AbstractProblemLoader Init config took 3.23s 
480815     INFO  main            d.u.i.k.p.i.AbstractProblemLoader Replaying proof simplify4.key.proof 
480840     DEBUG main            d.u.i.k.p.i.IntermediateProofReplayer Proof replay took 18.27ms 
480841     DEBUG main            d.u.i.k.p.r.p.TestFile    ... success: reloaded. 
480842     INFO  main            d.u.i.k.p.r.p.TestFile    Now processing file /home/runner/work/key/key/key.core/../key.ui/examples/standard_key/inEqSimp/simplify5.key 
480842     INFO  main            d.u.i.k.p.i.AbstractProblemLoader Loading environment from /home/runner/work/key/key/key.core/../key.ui/examples/standard_key/inEqSimp/simplify5.key 
480842     DEBUG main            d.u.i.k.p.i.AbstractProblemLoader Environment load took 95ns 
480843     INFO  main            d.u.i.k.p.i.AbstractProblemLoader Creating init config 
484151     DEBUG main            d.u.i.k.p.i.AbstractProblemLoader Init config took 3.31s 
484170     INFO  main            d.u.i.k.p.i.AbstractProblemLoader Replaying proof simplify5.key 
484172     DEBUG main            d.u.i.k.p.i.IntermediateProofReplayer Proof replay took 4.5ns 
484918     INFO  main            d.u.i.k.p.r.p.TestFile    ... finished proof: closed. 
485489     INFO  main            d.u.i.k.p.i.AbstractProblemLoader Loading environment from /home/runner/work/key/key/key.core/../key.ui/examples/standard_key/inEqSimp/simplify5.key.proof 
485489     DEBUG main            d.u.i.k.p.i.AbstractProblemLoader Environment load took 112.2ns 
485491     INFO  main            d.u.i.k.p.i.AbstractProblemLoader Creating init config 
488698     DEBUG main            d.u.i.k.p.i.AbstractProblemLoader Init config took 3.21s 
488718     INFO  main            d.u.i.k.p.i.AbstractProblemLoader Replaying proof simplify5.key.proof 
488797     DEBUG main            d.u.i.k.p.i.IntermediateProofReplayer Proof replay took 71.94ms 
488798     DEBUG main            d.u.i.k.p.r.p.TestFile    ... success: reloaded. 
488799     INFO  main            d.u.i.k.p.r.p.TestFile    Now processing file /home/runner/work/key/key/key.core/../key.ui/examples/standard_key/inEqSimp/subsumptionExample.key 
488799     INFO  main            d.u.i.k.p.i.AbstractProblemLoader Loading environment from /home/runner/work/key/key/key.core/../key.ui/examples/standard_key/inEqSimp/subsumptionExample.key 
488799     DEBUG main            d.u.i.k.p.i.AbstractProblemLoader Environment load took 54.8ns 
488800     INFO  main            d.u.i.k.p.i.AbstractProblemLoader Creating init config 
492014     DEBUG main            d.u.i.k.p.i.AbstractProblemLoader Init config took 3.21s 
492032     INFO  main            d.u.i.k.p.i.AbstractProblemLoader Replaying proof subsumptionExample.key 
492034     DEBUG main            d.u.i.k.p.i.IntermediateProofReplayer Proof replay took 5.1ns 
492142     INFO  main            d.u.i.k.p.r.p.TestFile    ... finished proof: closed. 
492727     INFO  main            d.u.i.k.p.i.AbstractProblemLoader Loading environment from /home/runner/work/key/key/key.core/../key.ui/examples/standard_key/inEqSimp/subsumptionExample.key.proof 
492727     DEBUG main            d.u.i.k.p.i.AbstractProblemLoader Environment load took 110.6ns 
492731     INFO  main            d.u.i.k.p.i.AbstractProblemLoader Creating init config 
495973     DEBUG main            d.u.i.k.p.i.AbstractProblemLoader Init config took 3.24s 
495989     INFO  main            d.u.i.k.p.i.AbstractProblemLoader Replaying proof subsumptionExample.key.proof 
495992     DEBUG main            d.u.i.k.p.i.IntermediateProofReplayer Proof replay took 1.15ms 
495993     DEBUG main            d.u.i.k.p.r.p.TestFile    ... success: reloaded. 
495993     INFO  main            d.u.i.k.p.r.p.TestFile    Now processing file /home/runner/work/key/key/key.core/../key.ui/examples/standard_key/polySimp/simplify0.key 
495993     INFO  main            d.u.i.k.p.i.AbstractProblemLoader Loading environment from /home/runner/work/key/key/key.core/../key.ui/examples/standard_key/polySimp/simplify0.key 
495993     DEBUG main            d.u.i.k.p.i.AbstractProblemLoader Environment load took 82ns 
495995     INFO  main            d.u.i.k.p.i.AbstractProblemLoader Creating init config 
499292     DEBUG main            d.u.i.k.p.i.AbstractProblemLoader Init config took 3.3s 
499311     INFO  main            d.u.i.k.p.i.AbstractProblemLoader Replaying proof simplify0.key 
499312     DEBUG main            d.u.i.k.p.i.IntermediateProofReplayer Proof replay took 4.2ns 
499615     INFO  main            d.u.i.k.p.r.p.TestFile    ... finished proof: closed. 
500208     INFO  main            d.u.i.k.p.i.AbstractProblemLoader Loading environment from /home/runner/work/key/key/key.core/../key.ui/examples/standard_key/polySimp/simplify0.key.proof 
500209     DEBUG main            d.u.i.k.p.i.AbstractProblemLoader Environment load took 146.5ns 
500211     INFO  main            d.u.i.k.p.i.AbstractProblemLoader Creating init config 
503383     DEBUG main            d.u.i.k.p.i.AbstractProblemLoader Init config took 3.17s 
503400     INFO  main            d.u.i.k.p.i.AbstractProblemLoader Replaying proof simplify0.key.proof 
503424     DEBUG main            d.u.i.k.p.i.IntermediateProofReplayer Proof replay took 20.66ms 
503425     DEBUG main            d.u.i.k.p.r.p.TestFile    ... success: reloaded. 
503426     INFO  main            d.u.i.k.p.r.p.TestFile    Now processing file /home/runner/work/key/key/key.core/../key.ui/examples/standard_key/polySimp/simplify1.key 
503426     INFO  main            d.u.i.k.p.i.AbstractProblemLoader Loading environment from /home/runner/work/key/key/key.core/../key.ui/examples/standard_key/polySimp/simplify1.key 
503426     DEBUG main            d.u.i.k.p.i.AbstractProblemLoader Environment load took 112.8ns 
503427     INFO  main            d.u.i.k.p.i.AbstractProblemLoader Creating init config 
506532     DEBUG main            d.u.i.k.p.i.AbstractProblemLoader Init config took 3.11s 
506550     INFO  main            d.u.i.k.p.i.AbstractProblemLoader Replaying proof simplify1.key 
506551     DEBUG main            d.u.i.k.p.i.IntermediateProofReplayer Proof replay took 3.4ns 
506956     INFO  main            d.u.i.k.p.r.p.TestFile    ... finished proof: closed. 
507560     INFO  main            d.u.i.k.p.i.AbstractProblemLoader Loading environment from /home/runner/work/key/key/key.core/../key.ui/examples/standard_key/polySimp/simplify1.key.proof 
507560     DEBUG main            d.u.i.k.p.i.AbstractProblemLoader Environment load took 228.8ns 
507562     INFO  main            d.u.i.k.p.i.AbstractProblemLoader Creating init config 
510707     DEBUG main            d.u.i.k.p.i.AbstractProblemLoader Init config took 3.14s 
510724     INFO  main            d.u.i.k.p.i.AbstractProblemLoader Replaying proof simplify1.key.proof 
510758     DEBUG main            d.u.i.k.p.i.IntermediateProofReplayer Proof replay took 30.92ms 
510759     DEBUG main            d.u.i.k.p.r.p.TestFile    ... success: reloaded. 
510760     INFO  main            d.u.i.k.p.r.p.TestFile    Now processing file /home/runner/work/key/key/key.core/../key.ui/examples/standard_key/polySimp/simplify10.key 
510760     INFO  main            d.u.i.k.p.i.AbstractProblemLoader Loading environment from /home/runner/work/key/key/key.core/../key.ui/examples/standard_key/polySimp/simplify10.key 
510760     DEBUG main            d.u.i.k.p.i.AbstractProblemLoader Environment load took 149.3ns 
510762     INFO  main            d.u.i.k.p.i.AbstractProblemLoader Creating init config 
514046     DEBUG main            d.u.i.k.p.i.AbstractProblemLoader Init config took 3.28s 
514064     INFO  main            d.u.i.k.p.i.AbstractProblemLoader Replaying proof simplify10.key 
514065     DEBUG main            d.u.i.k.p.i.IntermediateProofReplayer Proof replay took 3.3ns 
514368     INFO  main            d.u.i.k.p.r.p.TestFile    ... finished proof: closed. 
515028     INFO  main            d.u.i.k.p.i.AbstractProblemLoader Loading environment from /home/runner/work/key/key/key.core/../key.ui/examples/standard_key/polySimp/simplify10.key.proof 
515028     DEBUG main            d.u.i.k.p.i.AbstractProblemLoader Environment load took 109.7ns 
515030     INFO  main            d.u.i.k.p.i.AbstractProblemLoader Creating init config 
518322     DEBUG main            d.u.i.k.p.i.AbstractProblemLoader Init config took 3.29s 
518341     INFO  main            d.u.i.k.p.i.AbstractProblemLoader Replaying proof simplify10.key.proof 
518393     DEBUG main            d.u.i.k.p.i.IntermediateProofReplayer Proof replay took 48.64ms 
518394     DEBUG main            d.u.i.k.p.r.p.TestFile    ... success: reloaded. 
518395     INFO  main            d.u.i.k.p.r.p.TestFile    Now processing file /home/runner/work/key/key/key.core/../key.ui/examples/standard_key/polySimp/simplify11.key 
518395     INFO  main            d.u.i.k.p.i.AbstractProblemLoader Loading environment from /home/runner/work/key/key/key.core/../key.ui/examples/standard_key/polySimp/simplify11.key 
518395     DEBUG main            d.u.i.k.p.i.AbstractProblemLoader Environment load took 71.1ns 
518397     INFO  main            d.u.i.k.p.i.AbstractProblemLoader Creating init config 
521589     DEBUG main            d.u.i.k.p.i.AbstractProblemLoader Init config took 3.19s 
521606     INFO  main            d.u.i.k.p.i.AbstractProblemLoader Replaying proof simplify11.key 
521607     DEBUG main            d.u.i.k.p.i.IntermediateProofReplayer Proof replay took 3.1ns 
521910     INFO  main            d.u.i.k.p.r.p.TestFile    ... finished proof: closed. 
522514     INFO  main            d.u.i.k.p.i.AbstractProblemLoader Loading environment from /home/runner/work/key/key/key.core/../key.ui/examples/standard_key/polySimp/simplify11.key.proof 
522514     DEBUG main            d.u.i.k.p.i.AbstractProblemLoader Environment load took 101.5ns 
522515     INFO  main            d.u.i.k.p.i.AbstractProblemLoader Creating init config 
525747     DEBUG main            d.u.i.k.p.i.AbstractProblemLoader Init config took 3.23s 
525767     INFO  main            d.u.i.k.p.i.AbstractProblemLoader Replaying proof simplify11.key.proof 
525799     DEBUG main            d.u.i.k.p.i.IntermediateProofReplayer Proof replay took 29.56ms 
525801     DEBUG main            d.u.i.k.p.r.p.TestFile    ... success: reloaded. 
525801     INFO  main            d.u.i.k.p.r.p.TestFile    Now processing file /home/runner/work/key/key/key.core/../key.ui/examples/standard_key/polySimp/simplify12.key 
525802     INFO  main            d.u.i.k.p.i.AbstractProblemLoader Loading environment from /home/runner/work/key/key/key.core/../key.ui/examples/standard_key/polySimp/simplify12.key 
525802     DEBUG main            d.u.i.k.p.i.AbstractProblemLoader Environment load took 61.9ns 
525803     INFO  main            d.u.i.k.p.i.AbstractProblemLoader Creating init config 
529044     DEBUG main            d.u.i.k.p.i.AbstractProblemLoader Init config took 3.24s 
529062     INFO  main            d.u.i.k.p.i.AbstractProblemLoader Replaying proof simplify12.key 
529064     DEBUG main            d.u.i.k.p.i.IntermediateProofReplayer Proof replay took 3.6ns 
529266     INFO  main            d.u.i.k.p.r.p.TestFile    ... finished proof: closed. 
529906     INFO  main            d.u.i.k.p.i.AbstractProblemLoader Loading environment from /home/runner/work/key/key/key.core/../key.ui/examples/standard_key/polySimp/simplify12.key.proof 
529906     DEBUG main            d.u.i.k.p.i.AbstractProblemLoader Environment load took 113.2ns 
529908     INFO  main            d.u.i.k.p.i.AbstractProblemLoader Creating init config 
533178     DEBUG main            d.u.i.k.p.i.AbstractProblemLoader Init config took 3.27s 
533194     INFO  main            d.u.i.k.p.i.AbstractProblemLoader Replaying proof simplify12.key.proof 
533209     DEBUG main            d.u.i.k.p.i.IntermediateProofReplayer Proof replay took 12.79ms 
533210     DEBUG main            d.u.i.k.p.r.p.TestFile    ... success: reloaded. 
533211     INFO  main            d.u.i.k.p.r.p.TestFile    Now processing file /home/runner/work/key/key/key.core/../key.ui/examples/standard_key/polySimp/simplify13.key 
533211     INFO  main            d.u.i.k.p.i.AbstractProblemLoader Loading environment from /home/runner/work/key/key/key.core/../key.ui/examples/standard_key/polySimp/simplify13.key 
533211     DEBUG main            d.u.i.k.p.i.AbstractProblemLoader Environment load took 95.6ns 
533213     INFO  main            d.u.i.k.p.i.AbstractProblemLoader Creating init config 
536404     DEBUG main            d.u.i.k.p.i.AbstractProblemLoader Init config took 3.19s 
536420     INFO  main            d.u.i.k.p.i.AbstractProblemLoader Replaying proof simplify13.key 
536422     DEBUG main            d.u.i.k.p.i.IntermediateProofReplayer Proof replay took 3.6ns 
536524     INFO  main            d.u.i.k.p.r.p.TestFile    ... finished proof: closed. 
537143     INFO  main            d.u.i.k.p.i.AbstractProblemLoader Loading environment from /home/runner/work/key/key/key.core/../key.ui/examples/standard_key/polySimp/simplify13.key.proof 
537143     DEBUG main            d.u.i.k.p.i.AbstractProblemLoader Environment load took 108.7ns 
537145     INFO  main            d.u.i.k.p.i.AbstractProblemLoader Creating init config 
540474     DEBUG main            d.u.i.k.p.i.AbstractProblemLoader Init config took 3.33s 
540494     INFO  main            d.u.i.k.p.i.AbstractProblemLoader Replaying proof simplify13.key.proof 
540505     DEBUG main            d.u.i.k.p.i.IntermediateProofReplayer Proof replay took 9.41ms 
540507     DEBUG main            d.u.i.k.p.r.p.TestFile    ... success: reloaded. 
540507     INFO  main            d.u.i.k.p.r.p.TestFile    Now processing file /home/runner/work/key/key/key.core/../key.ui/examples/standard_key/polySimp/simplify14.key 
540507     INFO  main            d.u.i.k.p.i.AbstractProblemLoader Loading environment from /home/runner/work/key/key/key.core/../key.ui/examples/standard_key/polySimp/simplify14.key 
540507     DEBUG main            d.u.i.k.p.i.AbstractProblemLoader Environment load took 53.5ns 
540508     INFO  main            d.u.i.k.p.i.AbstractProblemLoader Creating init config 
543704     DEBUG main            d.u.i.k.p.i.AbstractProblemLoader Init config took 3.2s 
543721     INFO  main            d.u.i.k.p.i.AbstractProblemLoader Replaying proof simplify14.key 
543723     DEBUG main            d.u.i.k.p.i.IntermediateProofReplayer Proof replay took 4.4ns 
543827     INFO  main            d.u.i.k.p.r.p.TestFile    ... finished proof: closed. 
544440     INFO  main            d.u.i.k.p.i.AbstractProblemLoader Loading environment from /home/runner/work/key/key/key.core/../key.ui/examples/standard_key/polySimp/simplify14.key.proof 
544440     DEBUG main            d.u.i.k.p.i.AbstractProblemLoader Environment load took 102.1ns 
544446     INFO  main            d.u.i.k.p.i.AbstractProblemLoader Creating init config 
547627     DEBUG main            d.u.i.k.p.i.AbstractProblemLoader Init config took 3.18s 
547647     INFO  main            d.u.i.k.p.i.AbstractProblemLoader Replaying proof simplify14.key.proof 
547653     DEBUG main            d.u.i.k.p.i.IntermediateProofReplayer Proof replay took 2.21ms 
547654     DEBUG main            d.u.i.k.p.r.p.TestFile    ... success: reloaded. 
547655     INFO  main            d.u.i.k.p.r.p.TestFile    Now processing file /home/runner/work/key/key/key.core/../key.ui/examples/standard_key/polySimp/simplify15.key 
547655     INFO  main            d.u.i.k.p.i.AbstractProblemLoader Loading environment from /home/runner/work/key/key/key.core/../key.ui/examples/standard_key/polySimp/simplify15.key 
547655     DEBUG main            d.u.i.k.p.i.AbstractProblemLoader Environment load took 126.7ns 
547656     INFO  main            d.u.i.k.p.i.AbstractProblemLoader Creating init config 
550886     DEBUG main            d.u.i.k.p.i.AbstractProblemLoader Init config took 3.23s 
550911     INFO  main            d.u.i.k.p.i.AbstractProblemLoader Replaying proof simplify15.key 
550914     DEBUG main            d.u.i.k.p.i.IntermediateProofReplayer Proof replay took 4.2ns 
551016     INFO  main            d.u.i.k.p.r.p.TestFile    ... finished proof: closed. 
551634     INFO  main            d.u.i.k.p.i.AbstractProblemLoader Loading environment from /home/runner/work/key/key/key.core/../key.ui/examples/standard_key/polySimp/simplify15.key.proof 
551634     DEBUG main            d.u.i.k.p.i.AbstractProblemLoader Environment load took 129.9ns 
551635     INFO  main            d.u.i.k.p.i.AbstractProblemLoader Creating init config 
554778     DEBUG main            d.u.i.k.p.i.AbstractProblemLoader Init config took 3.14s 
554795     INFO  main            d.u.i.k.p.i.AbstractProblemLoader Replaying proof simplify15.key.proof 
554798     DEBUG main            d.u.i.k.p.i.IntermediateProofReplayer Proof replay took 1.02ms 
554798     DEBUG main            d.u.i.k.p.r.p.TestFile    ... success: reloaded. 
554799     INFO  main            d.u.i.k.p.r.p.TestFile    Now processing file /home/runner/work/key/key/key.core/../key.ui/examples/standard_key/polySimp/simplify16.key 
554799     INFO  main            d.u.i.k.p.i.AbstractProblemLoader Loading environment from /home/runner/work/key/key/key.core/../key.ui/examples/standard_key/polySimp/simplify16.key 
554799     DEBUG main            d.u.i.k.p.i.AbstractProblemLoader Environment load took 103.3ns 
554800     INFO  main            d.u.i.k.p.i.AbstractProblemLoader Creating init config 
558005     DEBUG main            d.u.i.k.p.i.AbstractProblemLoader Init config took 3.2s 
558021     INFO  main            d.u.i.k.p.i.AbstractProblemLoader Replaying proof simplify16.key 
558023     DEBUG main            d.u.i.k.p.i.IntermediateProofReplayer Proof replay took 3.8ns 
558124     INFO  main            d.u.i.k.p.r.p.TestFile    ... finished proof: closed. 
558766     INFO  main            d.u.i.k.p.i.AbstractProblemLoader Loading environment from /home/runner/work/key/key/key.core/../key.ui/examples/standard_key/polySimp/simplify16.key.proof 
558766     DEBUG main            d.u.i.k.p.i.AbstractProblemLoader Environment load took 101.6ns 
558767     INFO  main            d.u.i.k.p.i.AbstractProblemLoader Creating init config 
561942     DEBUG main            d.u.i.k.p.i.AbstractProblemLoader Init config took 3.17s 
561958     INFO  main            d.u.i.k.p.i.AbstractProblemLoader Replaying proof simplify16.key.proof 
561961     DEBUG main            d.u.i.k.p.i.IntermediateProofReplayer Proof replay took 657.3ns 
561962     DEBUG main            d.u.i.k.p.r.p.TestFile    ... success: reloaded. 
561962     INFO  main            d.u.i.k.p.r.p.TestFile    Now processing file /home/runner/work/key/key/key.core/../key.ui/examples/standard_key/polySimp/simplify17.key 
561962     INFO  main            d.u.i.k.p.i.AbstractProblemLoader Loading environment from /home/runner/work/key/key/key.core/../key.ui/examples/standard_key/polySimp/simplify17.key 
561963     DEBUG main            d.u.i.k.p.i.AbstractProblemLoader Environment load took 102.8ns 
561964     INFO  main            d.u.i.k.p.i.AbstractProblemLoader Creating init config 
565124     DEBUG main            d.u.i.k.p.i.AbstractProblemLoader Init config took 3.16s 
565141     INFO  main            d.u.i.k.p.i.AbstractProblemLoader Replaying proof simplify17.key 
565143     DEBUG main            d.u.i.k.p.i.IntermediateProofReplayer Proof replay took 3.2ns 
565246     INFO  main            d.u.i.k.p.r.p.TestFile    ... finished proof: closed. 
565897     INFO  main            d.u.i.k.p.i.AbstractProblemLoader Loading environment from /home/runner/work/key/key/key.core/../key.ui/examples/standard_key/polySimp/simplify17.key.proof 
565897     DEBUG main            d.u.i.k.p.i.AbstractProblemLoader Environment load took 103.8ns 
565898     INFO  main            d.u.i.k.p.i.AbstractProblemLoader Creating init config 
568998     DEBUG main            d.u.i.k.p.i.AbstractProblemLoader Init config took 3.1s 
569020     INFO  main            d.u.i.k.p.i.AbstractProblemLoader Replaying proof simplify17.key.proof 
569030     DEBUG main            d.u.i.k.p.i.IntermediateProofReplayer Proof replay took 7.91ms 
569031     DEBUG main            d.u.i.k.p.r.p.TestFile    ... success: reloaded. 
569032     INFO  main            d.u.i.k.p.r.p.TestFile    Now processing file /home/runner/work/key/key/key.core/../key.ui/examples/standard_key/polySimp/simplify18.key 
569032     INFO  main            d.u.i.k.p.i.AbstractProblemLoader Loading environment from /home/runner/work/key/key/key.core/../key.ui/examples/standard_key/polySimp/simplify18.key 
569032     DEBUG main            d.u.i.k.p.i.AbstractProblemLoader Environment load took 61.7ns 
569033     INFO  main            d.u.i.k.p.i.AbstractProblemLoader Creating init config 
572294     DEBUG main            d.u.i.k.p.i.AbstractProblemLoader Init config took 3.26s 
572314     INFO  main            d.u.i.k.p.i.AbstractProblemLoader Replaying proof simplify18.key 
572315     DEBUG main            d.u.i.k.p.i.IntermediateProofReplayer Proof replay took 3.2ns 
572518     INFO  main            d.u.i.k.p.r.p.TestFile    ... finished proof: closed. 
573208     INFO  main            d.u.i.k.p.i.AbstractProblemLoader Loading environment from /home/runner/work/key/key/key.core/../key.ui/examples/standard_key/polySimp/simplify18.key.proof 
573209     DEBUG main            d.u.i.k.p.i.AbstractProblemLoader Environment load took 107.3ns 
573210     INFO  main            d.u.i.k.p.i.AbstractProblemLoader Creating init config 
576415     DEBUG main            d.u.i.k.p.i.AbstractProblemLoader Init config took 3.21s 
576434     INFO  main            d.u.i.k.p.i.AbstractProblemLoader Replaying proof simplify18.key.proof 
576463     DEBUG main            d.u.i.k.p.i.IntermediateProofReplayer Proof replay took 25.39ms 
576464     DEBUG main            d.u.i.k.p.r.p.TestFile    ... success: reloaded. 
576464     INFO  main            d.u.i.k.p.r.p.TestFile    Now processing file /home/runner/work/key/key/key.core/../key.ui/examples/standard_key/polySimp/simplify19.key 
576465     INFO  main            d.u.i.k.p.i.AbstractProblemLoader Loading environment from /home/runner/work/key/key/key.core/../key.ui/examples/standard_key/polySimp/simplify19.key 
576465     DEBUG main            d.u.i.k.p.i.AbstractProblemLoader Environment load took 103.4ns 
576466     INFO  main            d.u.i.k.p.i.AbstractProblemLoader Creating init config 
579713     DEBUG main            d.u.i.k.p.i.AbstractProblemLoader Init config took 3.25s 
579733     INFO  main            d.u.i.k.p.i.AbstractProblemLoader Replaying proof simplify19.key 
579734     DEBUG main            d.u.i.k.p.i.IntermediateProofReplayer Proof replay took 3.3ns 
584204     INFO  main            d.u.i.k.p.r.p.TestFile    ... finished proof: closed. 
584901     INFO  main            d.u.i.k.p.i.AbstractProblemLoader Loading environment from /home/runner/work/key/key/key.core/../key.ui/examples/standard_key/polySimp/simplify19.key.proof 
584901     DEBUG main            d.u.i.k.p.i.AbstractProblemLoader Environment load took 114.2ns 
584903     INFO  main            d.u.i.k.p.i.AbstractProblemLoader Creating init config 
588044     DEBUG main            d.u.i.k.p.i.AbstractProblemLoader Init config took 3.14s 
588062     INFO  main            d.u.i.k.p.i.AbstractProblemLoader Replaying proof simplify19.key.proof 
588464     DEBUG main            d.u.i.k.p.i.IntermediateProofReplayer Proof replay took 387.43ms 
588466     DEBUG main            d.u.i.k.p.r.p.TestFile    ... success: reloaded. 
588467     INFO  main            d.u.i.k.p.r.p.TestFile    Now processing file /home/runner/work/key/key/key.core/../key.ui/examples/standard_key/polySimp/simplify2.key 
588467     INFO  main            d.u.i.k.p.i.AbstractProblemLoader Loading environment from /home/runner/work/key/key/key.core/../key.ui/examples/standard_key/polySimp/simplify2.key 
588467     DEBUG main            d.u.i.k.p.i.AbstractProblemLoader Environment load took 79.6ns 
588468     INFO  main            d.u.i.k.p.i.AbstractProblemLoader Creating init config 
591780     DEBUG main            d.u.i.k.p.i.AbstractProblemLoader Init config took 3.31s 
591798     INFO  main            d.u.i.k.p.i.AbstractProblemLoader Replaying proof simplify2.key 
591800     DEBUG main            d.u.i.k.p.i.IntermediateProofReplayer Proof replay took 4.3ns 
591902     INFO  main            d.u.i.k.p.r.p.TestFile    ... finished proof: closed. 
592629     INFO  main            d.u.i.k.p.i.AbstractProblemLoader Loading environment from /home/runner/work/key/key/key.core/../key.ui/examples/standard_key/polySimp/simplify2.key.proof 
592629     DEBUG main            d.u.i.k.p.i.AbstractProblemLoader Environment load took 108.7ns 
592630     INFO  main            d.u.i.k.p.i.AbstractProblemLoader Creating init config 
595924     DEBUG main            d.u.i.k.p.i.AbstractProblemLoader Init config took 3.29s 
595955     INFO  main            d.u.i.k.p.i.AbstractProblemLoader Replaying proof simplify2.key.proof 
595958     DEBUG main            d.u.i.k.p.i.IntermediateProofReplayer Proof replay took 1.25ms 
595959     DEBUG main            d.u.i.k.p.r.p.TestFile    ... success: reloaded. 
595959     INFO  main            d.u.i.k.p.r.p.TestFile    Now processing file /home/runner/work/key/key/key.core/../key.ui/examples/standard_key/polySimp/simplify20.key 
595959     INFO  main            d.u.i.k.p.i.AbstractProblemLoader Loading environment from /home/runner/work/key/key/key.core/../key.ui/examples/standard_key/polySimp/simplify20.key 
595960     DEBUG main            d.u.i.k.p.i.AbstractProblemLoader Environment load took 88ns 
595961     INFO  main            d.u.i.k.p.i.AbstractProblemLoader Creating init config 
599143     DEBUG main            d.u.i.k.p.i.AbstractProblemLoader Init config took 3.18s 
599162     INFO  main            d.u.i.k.p.i.AbstractProblemLoader Replaying proof simplify20.key 
599163     DEBUG main            d.u.i.k.p.i.IntermediateProofReplayer Proof replay took 3.3ns 
600068     INFO  main            d.u.i.k.p.r.p.TestFile    ... finished proof: closed. 
600802     INFO  main            d.u.i.k.p.i.AbstractProblemLoader Loading environment from /home/runner/work/key/key/key.core/../key.ui/examples/standard_key/polySimp/simplify20.key.proof 
600802     DEBUG main            d.u.i.k.p.i.AbstractProblemLoader Environment load took 449.2ns 
600809     INFO  main            d.u.i.k.p.i.AbstractProblemLoader Creating init config 
604002     DEBUG main            d.u.i.k.p.i.AbstractProblemLoader Init config took 3.19s 
604029     INFO  main            d.u.i.k.p.i.AbstractProblemLoader Replaying proof simplify20.key.proof 
604133     DEBUG main            d.u.i.k.p.i.IntermediateProofReplayer Proof replay took 97.43ms 
604134     DEBUG main            d.u.i.k.p.r.p.TestFile    ... success: reloaded. 
604135     INFO  main            d.u.i.k.p.r.p.TestFile    Now processing file /home/runner/work/key/key/key.core/../key.ui/examples/standard_key/polySimp/simplify21.key 
604135     INFO  main            d.u.i.k.p.i.AbstractProblemLoader Loading environment from /home/runner/work/key/key/key.core/../key.ui/examples/standard_key/polySimp/simplify21.key 
604136     DEBUG main            d.u.i.k.p.i.AbstractProblemLoader Environment load took 106.1ns 
604139     INFO  main            d.u.i.k.p.i.AbstractProblemLoader Creating init config 
607387     DEBUG main            d.u.i.k.p.i.AbstractProblemLoader Init config took 3.25s 
607406     INFO  main            d.u.i.k.p.i.AbstractProblemLoader Replaying proof simplify21.key 
607407     DEBUG main            d.u.i.k.p.i.IntermediateProofReplayer Proof replay took 3.6ns 
608215     INFO  main            d.u.i.k.p.r.p.TestFile    ... finished proof: closed. 
608988     INFO  main            d.u.i.k.p.i.AbstractProblemLoader Loading environment from /home/runner/work/key/key/key.core/../key.ui/examples/standard_key/polySimp/simplify21.key.proof 
608988     DEBUG main            d.u.i.k.p.i.AbstractProblemLoader Environment load took 624ns 
608991     INFO  main            d.u.i.k.p.i.AbstractProblemLoader Creating init config 
612257     DEBUG main            d.u.i.k.p.i.AbstractProblemLoader Init config took 3.27s 
612279     INFO  main            d.u.i.k.p.i.AbstractProblemLoader Replaying proof simplify21.key.proof 
612363     DEBUG main            d.u.i.k.p.i.IntermediateProofReplayer Proof replay took 79.94ms 
612366     DEBUG main            d.u.i.k.p.r.p.TestFile    ... success: reloaded. 
612366     INFO  main            d.u.i.k.p.r.p.TestFile    Now processing file /home/runner/work/key/key/key.core/../key.ui/examples/standard_key/polySimp/simplify22.key 
612367     INFO  main            d.u.i.k.p.i.AbstractProblemLoader Loading environment from /home/runner/work/key/key/key.core/../key.ui/examples/standard_key/polySimp/simplify22.key 
612367     DEBUG main            d.u.i.k.p.i.AbstractProblemLoader Environment load took 61.2ns 
612368     INFO  main            d.u.i.k.p.i.AbstractProblemLoader Creating init config 
615531     DEBUG main            d.u.i.k.p.i.AbstractProblemLoader Init config took 3.16s 
615548     INFO  main            d.u.i.k.p.i.AbstractProblemLoader Replaying proof simplify22.key 
615549     DEBUG main            d.u.i.k.p.i.IntermediateProofReplayer Proof replay took 3.3ns 
615652     INFO  main            d.u.i.k.p.r.p.TestFile    ... finished proof: closed. 
616366     INFO  main            d.u.i.k.p.i.AbstractProblemLoader Loading environment from /home/runner/work/key/key/key.core/../key.ui/examples/standard_key/polySimp/simplify22.key.proof 
616366     DEBUG main            d.u.i.k.p.i.AbstractProblemLoader Environment load took 134.7ns 
616368     INFO  main            d.u.i.k.p.i.AbstractProblemLoader Creating init config 
619546     DEBUG main            d.u.i.k.p.i.AbstractProblemLoader Init config took 3.18s 
619562     INFO  main            d.u.i.k.p.i.AbstractProblemLoader Replaying proof simplify22.key.proof 
619568     DEBUG main            d.u.i.k.p.i.IntermediateProofReplayer Proof replay took 3.35ms 
619569     DEBUG main            d.u.i.k.p.r.p.TestFile    ... success: reloaded. 
619569     INFO  main            d.u.i.k.p.r.p.TestFile    Now processing file /home/runner/work/key/key/key.core/../key.ui/examples/standard_key/polySimp/simplify23.key 
619570     INFO  main            d.u.i.k.p.i.AbstractProblemLoader Loading environment from /home/runner/work/key/key/key.core/../key.ui/examples/standard_key/polySimp/simplify23.key 
619570     DEBUG main            d.u.i.k.p.i.AbstractProblemLoader Environment load took 285.6ns 
619571     INFO  main            d.u.i.k.p.i.AbstractProblemLoader Creating init config 
622714     DEBUG main            d.u.i.k.p.i.AbstractProblemLoader Init config took 3.14s 
622732     INFO  main            d.u.i.k.p.i.AbstractProblemLoader Replaying proof simplify23.key 
622734     DEBUG main            d.u.i.k.p.i.IntermediateProofReplayer Proof replay took 3.5ns 
622936     INFO  main            d.u.i.k.p.r.p.TestFile    ... finished proof: closed. 
623652     INFO  main            d.u.i.k.p.i.AbstractProblemLoader Loading environment from /home/runner/work/key/key/key.core/../key.ui/examples/standard_key/polySimp/simplify23.key.proof 
623652     DEBUG main            d.u.i.k.p.i.AbstractProblemLoader Environment load took 219.4ns 
623653     INFO  main            d.u.i.k.p.i.AbstractProblemLoader Creating init config 
626796     DEBUG main            d.u.i.k.p.i.AbstractProblemLoader Init config took 3.14s 
626815     INFO  main            d.u.i.k.p.i.AbstractProblemLoader Replaying proof simplify23.key.proof 
626835     DEBUG main            d.u.i.k.p.i.IntermediateProofReplayer Proof replay took 17.63ms 
626836     DEBUG main            d.u.i.k.p.r.p.TestFile    ... success: reloaded. 
626837     INFO  main            d.u.i.k.p.r.p.TestFile    Now processing file /home/runner/work/key/key/key.core/../key.ui/examples/standard_key/polySimp/simplify24.key 
626837     INFO  main            d.u.i.k.p.i.AbstractProblemLoader Loading environment from /home/runner/work/key/key/key.core/../key.ui/examples/standard_key/polySimp/simplify24.key 
626837     DEBUG main            d.u.i.k.p.i.AbstractProblemLoader Environment load took 114ns 
626838     INFO  main            d.u.i.k.p.i.AbstractProblemLoader Creating init config 
630099     DEBUG main            d.u.i.k.p.i.AbstractProblemLoader Init config took 3.26s 
630117     INFO  main            d.u.i.k.p.i.AbstractProblemLoader Replaying proof simplify24.key 
630118     DEBUG main            d.u.i.k.p.i.IntermediateProofReplayer Proof replay took 3ns 
630220     INFO  main            d.u.i.k.p.r.p.TestFile    ... finished proof: closed. 
630918     INFO  main            d.u.i.k.p.i.AbstractProblemLoader Loading environment from /home/runner/work/key/key/key.core/../key.ui/examples/standard_key/polySimp/simplify24.key.proof 
630919     DEBUG main            d.u.i.k.p.i.AbstractProblemLoader Environment load took 99.8ns 
630920     INFO  main            d.u.i.k.p.i.AbstractProblemLoader Creating init config 
634156     DEBUG main            d.u.i.k.p.i.AbstractProblemLoader Init config took 3.24s 
634175     INFO  main            d.u.i.k.p.i.AbstractProblemLoader Replaying proof simplify24.key.proof 
634180     DEBUG main            d.u.i.k.p.i.IntermediateProofReplayer Proof replay took 3.29ms 
634181     DEBUG main            d.u.i.k.p.r.p.TestFile    ... success: reloaded. 
634181     INFO  main            d.u.i.k.p.r.p.TestFile    Now processing file /home/runner/work/key/key/key.core/../key.ui/examples/standard_key/polySimp/simplify25.key 
634181     INFO  main            d.u.i.k.p.i.AbstractProblemLoader Loading environment from /home/runner/work/key/key/key.core/../key.ui/examples/standard_key/polySimp/simplify25.key 
634181     DEBUG main            d.u.i.k.p.i.AbstractProblemLoader Environment load took 123.8ns 
634182     INFO  main            d.u.i.k.p.i.AbstractProblemLoader Creating init config 
637357     DEBUG main            d.u.i.k.p.i.AbstractProblemLoader Init config took 3.17s 
637378     INFO  main            d.u.i.k.p.i.AbstractProblemLoader Replaying proof simplify25.key 
637379     DEBUG main            d.u.i.k.p.i.IntermediateProofReplayer Proof replay took 3.8ns 
637483     INFO  main            d.u.i.k.p.r.p.TestFile    ... finished proof: closed. 
638191     INFO  main            d.u.i.k.p.i.AbstractProblemLoader Loading environment from /home/runner/work/key/key/key.core/../key.ui/examples/standard_key/polySimp/simplify25.key.proof 
638191     DEBUG main            d.u.i.k.p.i.AbstractProblemLoader Environment load took 108ns 
638192     INFO  main            d.u.i.k.p.i.AbstractProblemLoader Creating init config 
641316     DEBUG main            d.u.i.k.p.i.AbstractProblemLoader Init config took 3.12s 
641332     INFO  main            d.u.i.k.p.i.AbstractProblemLoader Replaying proof simplify25.key.proof 
641338     DEBUG main            d.u.i.k.p.i.IntermediateProofReplayer Proof replay took 3.6ms 
641339     DEBUG main            d.u.i.k.p.r.p.TestFile    ... success: reloaded. 
641339     INFO  main            d.u.i.k.p.r.p.TestFile    Now processing file /home/runner/work/key/key/key.core/../key.ui/examples/standard_key/polySimp/simplify3.key 
641339     INFO  main            d.u.i.k.p.i.AbstractProblemLoader Loading environment from /home/runner/work/key/key/key.core/../key.ui/examples/standard_key/polySimp/simplify3.key 
641339     DEBUG main            d.u.i.k.p.i.AbstractProblemLoader Environment load took 116ns 
641340     INFO  main            d.u.i.k.p.i.AbstractProblemLoader Creating init config 
644428     DEBUG main            d.u.i.k.p.i.AbstractProblemLoader Init config took 3.09s 
644444     INFO  main            d.u.i.k.p.i.AbstractProblemLoader Replaying proof simplify3.key 
644446     DEBUG main            d.u.i.k.p.i.IntermediateProofReplayer Proof replay took 3.7ns 
644548     INFO  main            d.u.i.k.p.r.p.TestFile    ... finished proof: closed. 
645293     INFO  main            d.u.i.k.p.i.AbstractProblemLoader Loading environment from /home/runner/work/key/key/key.core/../key.ui/examples/standard_key/polySimp/simplify3.key.proof 
645293     DEBUG main            d.u.i.k.p.i.AbstractProblemLoader Environment load took 104.6ns 
645294     INFO  main            d.u.i.k.p.i.AbstractProblemLoader Creating init config 
648397     DEBUG main            d.u.i.k.p.i.AbstractProblemLoader Init config took 3.1s 
648414     INFO  main            d.u.i.k.p.i.AbstractProblemLoader Replaying proof simplify3.key.proof 
648417     DEBUG main            d.u.i.k.p.i.IntermediateProofReplayer Proof replay took 1.36ms 
648418     DEBUG main            d.u.i.k.p.r.p.TestFile    ... success: reloaded. 
648419     INFO  main            d.u.i.k.p.r.p.TestFile    Now processing file /home/runner/work/key/key/key.core/../key.ui/examples/standard_key/polySimp/simplify4.key 
648419     INFO  main            d.u.i.k.p.i.AbstractProblemLoader Loading environment from /home/runner/work/key/key/key.core/../key.ui/examples/standard_key/polySimp/simplify4.key 
648419     DEBUG main            d.u.i.k.p.i.AbstractProblemLoader Environment load took 57.6ns 
648420     INFO  main            d.u.i.k.p.i.AbstractProblemLoader Creating init config 
651556     DEBUG main            d.u.i.k.p.i.AbstractProblemLoader Init config took 3.14s 
651572     INFO  main            d.u.i.k.p.i.AbstractProblemLoader Replaying proof simplify4.key 
651573     DEBUG main            d.u.i.k.p.i.IntermediateProofReplayer Proof replay took 3.6ns 
651674     INFO  main            d.u.i.k.p.r.p.TestFile    ... finished proof: closed. 
652385     INFO  main            d.u.i.k.p.i.AbstractProblemLoader Loading environment from /home/runner/work/key/key/key.core/../key.ui/examples/standard_key/polySimp/simplify4.key.proof 
652385     DEBUG main            d.u.i.k.p.i.AbstractProblemLoader Environment load took 99ns 
652387     INFO  main            d.u.i.k.p.i.AbstractProblemLoader Creating init config 
655549     DEBUG main            d.u.i.k.p.i.AbstractProblemLoader Init config took 3.16s 
655568     INFO  main            d.u.i.k.p.i.AbstractProblemLoader Replaying proof simplify4.key.proof 
655571     DEBUG main            d.u.i.k.p.i.IntermediateProofReplayer Proof replay took 1.65ms 
655572     DEBUG main            d.u.i.k.p.r.p.TestFile    ... success: reloaded. 
655572     INFO  main            d.u.i.k.p.r.p.TestFile    Now processing file /home/runner/work/key/key/key.core/../key.ui/examples/standard_key/polySimp/simplify5.key 
655573     INFO  main            d.u.i.k.p.i.AbstractProblemLoader Loading environment from /home/runner/work/key/key/key.core/../key.ui/examples/standard_key/polySimp/simplify5.key 
655573     DEBUG main            d.u.i.k.p.i.AbstractProblemLoader Environment load took 84.1ns 
655574     INFO  main            d.u.i.k.p.i.AbstractProblemLoader Creating init config 
658748     DEBUG main            d.u.i.k.p.i.AbstractProblemLoader Init config took 3.17s 
658765     INFO  main            d.u.i.k.p.i.AbstractProblemLoader Replaying proof simplify5.key 
658766     DEBUG main            d.u.i.k.p.i.IntermediateProofReplayer Proof replay took 3.5ns 
658868     INFO  main            d.u.i.k.p.r.p.TestFile    ... finished proof: closed. 
659588     INFO  main            d.u.i.k.p.i.AbstractProblemLoader Loading environment from /home/runner/work/key/key/key.core/../key.ui/examples/standard_key/polySimp/simplify5.key.proof 
659588     DEBUG main            d.u.i.k.p.i.AbstractProblemLoader Environment load took 123.6ns 
659589     INFO  main            d.u.i.k.p.i.AbstractProblemLoader Creating init config 
662669     DEBUG main            d.u.i.k.p.i.AbstractProblemLoader Init config took 3.08s 
662688     INFO  main            d.u.i.k.p.i.AbstractProblemLoader Replaying proof simplify5.key.proof 
662700     DEBUG main            d.u.i.k.p.i.IntermediateProofReplayer Proof replay took 9.98ms 
662701     DEBUG main            d.u.i.k.p.r.p.TestFile    ... success: reloaded. 
662701     INFO  main            d.u.i.k.p.r.p.TestFile    Now processing file /home/runner/work/key/key/key.core/../key.ui/examples/standard_key/polySimp/simplify6.key 
662702     INFO  main            d.u.i.k.p.i.AbstractProblemLoader Loading environment from /home/runner/work/key/key/key.core/../key.ui/examples/standard_key/polySimp/simplify6.key 
662702     DEBUG main            d.u.i.k.p.i.AbstractProblemLoader Environment load took 58.6ns 
662703     INFO  main            d.u.i.k.p.i.AbstractProblemLoader Creating init config 
665878     DEBUG main            d.u.i.k.p.i.AbstractProblemLoader Init config took 3.18s 
665908     INFO  main            d.u.i.k.p.i.AbstractProblemLoader Replaying proof simplify6.key 
665911     DEBUG main            d.u.i.k.p.i.IntermediateProofReplayer Proof replay took 4.1ns 
666013     INFO  main            d.u.i.k.p.r.p.TestFile    ... finished proof: closed. 
666769     INFO  main            d.u.i.k.p.i.AbstractProblemLoader Loading environment from /home/runner/work/key/key/key.core/../key.ui/examples/standard_key/polySimp/simplify6.key.proof 
666769     DEBUG main            d.u.i.k.p.i.AbstractProblemLoader Environment load took 197.9ns 
666771     INFO  main            d.u.i.k.p.i.AbstractProblemLoader Creating init config 
669927     DEBUG main            d.u.i.k.p.i.AbstractProblemLoader Init config took 3.16s 
669944     INFO  main            d.u.i.k.p.i.AbstractProblemLoader Replaying proof simplify6.key.proof 
669946     DEBUG main            d.u.i.k.p.i.IntermediateProofReplayer Proof replay took 446ns 
669947     DEBUG main            d.u.i.k.p.r.p.TestFile    ... success: reloaded. 
669947     INFO  main            d.u.i.k.p.r.p.TestFile    Now processing file /home/runner/work/key/key/key.core/../key.ui/examples/standard_key/polySimp/simplify7.key 
669948     INFO  main            d.u.i.k.p.i.AbstractProblemLoader Loading environment from /home/runner/work/key/key/key.core/../key.ui/examples/standard_key/polySimp/simplify7.key 
669948     DEBUG main            d.u.i.k.p.i.AbstractProblemLoader Environment load took 109.2ns 
669949     INFO  main            d.u.i.k.p.i.AbstractProblemLoader Creating init config 
673033     DEBUG main            d.u.i.k.p.i.AbstractProblemLoader Init config took 3.08s 
673052     INFO  main            d.u.i.k.p.i.AbstractProblemLoader Replaying proof simplify7.key 
673053     DEBUG main            d.u.i.k.p.i.IntermediateProofReplayer Proof replay took 4.2ns 
673155     INFO  main            d.u.i.k.p.r.p.TestFile    ... finished proof: closed. 
673906     INFO  main            d.u.i.k.p.i.AbstractProblemLoader Loading environment from /home/runner/work/key/key/key.core/../key.ui/examples/standard_key/polySimp/simplify7.key.proof 
673906     DEBUG main            d.u.i.k.p.i.AbstractProblemLoader Environment load took 93.8ns 
673907     INFO  main            d.u.i.k.p.i.AbstractProblemLoader Creating init config 
677046     DEBUG main            d.u.i.k.p.i.AbstractProblemLoader Init config took 3.14s 
677063     INFO  main            d.u.i.k.p.i.AbstractProblemLoader Replaying proof simplify7.key.proof 
677068     DEBUG main            d.u.i.k.p.i.IntermediateProofReplayer Proof replay took 963.59ns 
677069     DEBUG main            d.u.i.k.p.r.p.TestFile    ... success: reloaded. 
677069     INFO  main            d.u.i.k.p.r.p.TestFile    Now processing file /home/runner/work/key/key/key.core/../key.ui/examples/standard_key/polySimp/simplify8.key 
677069     INFO  main            d.u.i.k.p.i.AbstractProblemLoader Loading environment from /home/runner/work/key/key/key.core/../key.ui/examples/standard_key/polySimp/simplify8.key 
677069     DEBUG main            d.u.i.k.p.i.AbstractProblemLoader Environment load took 77ns 
677074     INFO  main            d.u.i.k.p.i.AbstractProblemLoader Creating init config 
680214     DEBUG main            d.u.i.k.p.i.AbstractProblemLoader Init config took 3.14s 
680232     INFO  main            d.u.i.k.p.i.AbstractProblemLoader Replaying proof simplify8.key 
680233     DEBUG main            d.u.i.k.p.i.IntermediateProofReplayer Proof replay took 3.6ns 
685302     INFO  main            d.u.i.k.p.r.p.TestFile    ... finished proof: closed. 
686075     INFO  main            d.u.i.k.p.i.AbstractProblemLoader Loading environment from /home/runner/work/key/key/key.core/../key.ui/examples/standard_key/polySimp/simplify8.key.proof 
686075     DEBUG main            d.u.i.k.p.i.AbstractProblemLoader Environment load took 101.1ns 
686078     INFO  main            d.u.i.k.p.i.AbstractProblemLoader Creating init config 
689185     DEBUG main            d.u.i.k.p.i.AbstractProblemLoader Init config took 3.11s 
689206     INFO  main            d.u.i.k.p.i.AbstractProblemLoader Replaying proof simplify8.key.proof 
689450     DEBUG main            d.u.i.k.p.i.IntermediateProofReplayer Proof replay took 238.57ms 
689453     DEBUG main            d.u.i.k.p.r.p.TestFile    ... success: reloaded. 
689453     INFO  main            d.u.i.k.p.r.p.TestFile    Now processing file /home/runner/work/key/key/key.core/../key.ui/examples/standard_key/polySimp/simplify9.key 
689453     INFO  main            d.u.i.k.p.i.AbstractProblemLoader Loading environment from /home/runner/work/key/key/key.core/../key.ui/examples/standard_key/polySimp/simplify9.key 
689454     DEBUG main            d.u.i.k.p.i.AbstractProblemLoader Environment load took 57.7ns 
689455     INFO  main            d.u.i.k.p.i.AbstractProblemLoader Creating init config 
692641     DEBUG main            d.u.i.k.p.i.AbstractProblemLoader Init config took 3.19s 
692661     INFO  main            d.u.i.k.p.i.AbstractProblemLoader Replaying proof simplify9.key 
692662     DEBUG main            d.u.i.k.p.i.IntermediateProofReplayer Proof replay took 3.7ns 
692867     INFO  main            d.u.i.k.p.r.p.TestFile    ... finished proof: closed. 
693708     INFO  main            d.u.i.k.p.i.AbstractProblemLoader Loading environment from /home/runner/work/key/key/key.core/../key.ui/examples/standard_key/polySimp/simplify9.key.proof 
693708     DEBUG main            d.u.i.k.p.i.AbstractProblemLoader Environment load took 103.6ns 
693710     INFO  main            d.u.i.k.p.i.AbstractProblemLoader Creating init config 
696833     DEBUG main            d.u.i.k.p.i.AbstractProblemLoader Init config took 3.12s 
696850     INFO  main            d.u.i.k.p.i.AbstractProblemLoader Replaying proof simplify9.key.proof 
696868     DEBUG main            d.u.i.k.p.i.IntermediateProofReplayer Proof replay took 15.3ms 
696870     DEBUG main            d.u.i.k.p.r.p.TestFile    ... success: reloaded. 
4060477    INFO  Test worker     d.u.i.k.p.r.p.StatisticsFile Returning from test arithmetic 
4060488    INFO  Test worker     d.u.i.k.p.r.p.StatisticsFile Running test arrays 
541        INFO  Timeout watchdog d.u.i.k.p.r.p.ForkedTestFileRunner Timeout watcher launched (2000 secs.) 
557        WARN  main            d.u.i.k.s.ProofSettings   The settings in /home/runner/.key/proof-settings.props are *not* read. 
602        INFO  main            d.u.i.k.p.r.p.TestFile    Now processing file /home/runner/work/key/key/key.core/../key.ui/examples/standard_key/arrays/arrayStoreException/array2DimPrim.key 
766        INFO  main            d.u.i.k.p.i.AbstractProblemLoader Loading environment from /home/runner/work/key/key/key.core/../key.ui/examples/standard_key/arrays/arrayStoreException/array2DimPrim.key 
800        DEBUG main            d.u.i.k.p.i.AbstractProblemLoader Environment load took 2.72ms 
1196       INFO  main            d.u.i.k.p.i.AbstractProblemLoader Creating init config 
2638       DEBUG main            d.u.i.k.j.TypeConverter   No LDT found for Meta 
2638       DEBUG main            d.u.i.k.j.TypeConverter   No LDT found for Meta 
2643       DEBUG main            d.u.i.k.j.TypeConverter   No LDT found for Meta 
2643       DEBUG main            d.u.i.k.j.TypeConverter   No LDT found for Meta 
4888       DEBUG main            d.u.i.k.j.TypeConverter   No LDT found for JavaBigintExpression 
11625      DEBUG main            d.u.i.k.p.i.AbstractProblemLoader Init config took 10.43s 
11711      INFO  main            d.u.i.k.p.i.AbstractProblemLoader Replaying proof array2DimPrim.key 
11765      DEBUG main            d.u.i.k.p.i.IntermediateProofReplayer Proof replay took 50.9ns 
17561      INFO  main            d.u.i.k.p.r.p.TestFile    ... finished proof: closed. 
17851      INFO  main            d.u.i.k.p.i.AbstractProblemLoader Loading environment from /home/runner/work/key/key/key.core/../key.ui/examples/standard_key/arrays/arrayStoreException/array2DimPrim.key.proof 
17855      DEBUG main            d.u.i.k.p.i.AbstractProblemLoader Environment load took 4.39ms 
17861      INFO  main            d.u.i.k.p.i.AbstractProblemLoader Creating init config 
21745      DEBUG main            d.u.i.k.p.i.AbstractProblemLoader Init config took 3.88s 
21793      INFO  main            d.u.i.k.p.i.AbstractProblemLoader Replaying proof array2DimPrim.key.proof 
22674      DEBUG main            d.u.i.k.p.i.IntermediateProofReplayer Proof replay took 840.78ms 
22700      DEBUG main            d.u.i.k.p.r.p.TestFile    ... success: reloaded. 
22704      INFO  main            d.u.i.k.p.r.p.TestFile    Now processing file /home/runner/work/key/key/key.core/../key.ui/examples/standard_key/arrays/arrayStoreException/arrayStoreKnownDynType.key 
22704      INFO  main            d.u.i.k.p.i.AbstractProblemLoader Loading environment from /home/runner/work/key/key/key.core/../key.ui/examples/standard_key/arrays/arrayStoreException/arrayStoreKnownDynType.key 
22704      DEBUG main            d.u.i.k.p.i.AbstractProblemLoader Environment load took 147.7ns 
22709      INFO  main            d.u.i.k.p.i.AbstractProblemLoader Creating init config 
26338      DEBUG main            d.u.i.k.p.i.AbstractProblemLoader Init config took 3.63s 
26393      INFO  main            d.u.i.k.p.i.AbstractProblemLoader Replaying proof arrayStoreKnownDynType.key 
26397      DEBUG main            d.u.i.k.p.i.IntermediateProofReplayer Proof replay took 9ns 
26707      INFO  main            d.u.i.k.p.r.p.TestFile    ... finished proof: closed. 
27036      INFO  main            d.u.i.k.p.i.AbstractProblemLoader Loading environment from /home/runner/work/key/key/key.core/../key.ui/examples/standard_key/arrays/arrayStoreException/arrayStoreKnownDynType.key.proof 
27039      DEBUG main            d.u.i.k.p.i.AbstractProblemLoader Environment load took 3.28ms 
27041      INFO  main            d.u.i.k.p.i.AbstractProblemLoader Creating init config 
30473      DEBUG main            d.u.i.k.p.i.AbstractProblemLoader Init config took 3.43s 
30521      INFO  main            d.u.i.k.p.i.AbstractProblemLoader Replaying proof arrayStoreKnownDynType.key.proof 
30594      DEBUG main            d.u.i.k.p.i.IntermediateProofReplayer Proof replay took 62.24ms 
30596      DEBUG main            d.u.i.k.p.r.p.TestFile    ... success: reloaded. 
30598      INFO  main            d.u.i.k.p.r.p.TestFile    Now processing file /home/runner/work/key/key/key.core/../key.ui/examples/standard_key/arrays/arrayStoreException/reverseArray.key 
30598      INFO  main            d.u.i.k.p.i.AbstractProblemLoader Loading environment from /home/runner/work/key/key/key.core/../key.ui/examples/standard_key/arrays/arrayStoreException/reverseArray.key 
30599      DEBUG main            d.u.i.k.p.i.AbstractProblemLoader Environment load took 392.1ns 
30605      INFO  main            d.u.i.k.p.i.AbstractProblemLoader Creating init config 
34256      DEBUG main            d.u.i.k.p.i.AbstractProblemLoader Init config took 3.65s 
34289      INFO  main            d.u.i.k.p.i.AbstractProblemLoader Replaying proof reverseArray.key 
34292      DEBUG main            d.u.i.k.p.i.IntermediateProofReplayer Proof replay took 8.7ns 
35302      INFO  main            d.u.i.k.p.r.p.TestFile    ... finished proof: closed. 
35550      INFO  main            d.u.i.k.p.i.AbstractProblemLoader Loading environment from /home/runner/work/key/key/key.core/../key.ui/examples/standard_key/arrays/arrayStoreException/reverseArray.key.proof 
35550      DEBUG main            d.u.i.k.p.i.AbstractProblemLoader Environment load took 158.6ns 
35552      INFO  main            d.u.i.k.p.i.AbstractProblemLoader Creating init config 
39004      DEBUG main            d.u.i.k.p.i.AbstractProblemLoader Init config took 3.45s 
39037      INFO  main            d.u.i.k.p.i.AbstractProblemLoader Replaying proof reverseArray.key.proof 
39256      DEBUG main            d.u.i.k.p.i.IntermediateProofReplayer Proof replay took 209.67ms 
39258      DEBUG main            d.u.i.k.p.r.p.TestFile    ... success: reloaded. 
39260      INFO  main            d.u.i.k.p.r.p.TestFile    Now processing file /home/runner/work/key/key/key.core/../key.ui/examples/standard_key/arrays/arrayStoreException/throwArrayStoreException.key 
39260      INFO  main            d.u.i.k.p.i.AbstractProblemLoader Loading environment from /home/runner/work/key/key/key.core/../key.ui/examples/standard_key/arrays/arrayStoreException/throwArrayStoreException.key 
39260      DEBUG main            d.u.i.k.p.i.AbstractProblemLoader Environment load took 246.3ns 
39262      INFO  main            d.u.i.k.p.i.AbstractProblemLoader Creating init config 
42732      DEBUG main            d.u.i.k.p.i.AbstractProblemLoader Init config took 3.47s 
42763      INFO  main            d.u.i.k.p.i.AbstractProblemLoader Replaying proof throwArrayStoreException.key 
42766      DEBUG main            d.u.i.k.p.i.IntermediateProofReplayer Proof replay took 8.5ns 
43376      INFO  main            d.u.i.k.p.r.p.TestFile    ... finished proof: closed. 
43658      INFO  main            d.u.i.k.p.i.AbstractProblemLoader Loading environment from /home/runner/work/key/key/key.core/../key.ui/examples/standard_key/arrays/arrayStoreException/throwArrayStoreException.key.proof 
43659      DEBUG main            d.u.i.k.p.i.AbstractProblemLoader Environment load took 563.4ns 
43661      INFO  main            d.u.i.k.p.i.AbstractProblemLoader Creating init config 
47119      DEBUG main            d.u.i.k.p.i.AbstractProblemLoader Init config took 3.46s 
47148      INFO  main            d.u.i.k.p.i.AbstractProblemLoader Replaying proof throwArrayStoreException.key.proof 
47284      DEBUG main            d.u.i.k.p.i.IntermediateProofReplayer Proof replay took 130.16ms 
47286      DEBUG main            d.u.i.k.p.r.p.TestFile    ... success: reloaded. 
47287      INFO  main            d.u.i.k.p.r.p.TestFile    Now processing file /home/runner/work/key/key/key.core/../key.ui/examples/standard_key/arrays/creation/arrayCreation1.key 
47288      INFO  main            d.u.i.k.p.i.AbstractProblemLoader Loading environment from /home/runner/work/key/key/key.core/../key.ui/examples/standard_key/arrays/creation/arrayCreation1.key 
47288      DEBUG main            d.u.i.k.p.i.AbstractProblemLoader Environment load took 271.7ns 
47289      INFO  main            d.u.i.k.p.i.AbstractProblemLoader Creating init config 
50714      DEBUG main            d.u.i.k.p.i.AbstractProblemLoader Init config took 3.42s 
50740      INFO  main            d.u.i.k.p.i.AbstractProblemLoader Replaying proof arrayCreation1.key 
50743      DEBUG main            d.u.i.k.p.i.IntermediateProofReplayer Proof replay took 8.9ns 
50949      INFO  main            d.u.i.k.p.r.p.TestFile    ... finished proof: closed. 
51194      INFO  main            d.u.i.k.p.i.AbstractProblemLoader Loading environment from /home/runner/work/key/key/key.core/../key.ui/examples/standard_key/arrays/creation/arrayCreation1.key.proof 
51195      DEBUG main            d.u.i.k.p.i.AbstractProblemLoader Environment load took 868ns 
51196      INFO  main            d.u.i.k.p.i.AbstractProblemLoader Creating init config 
54463      DEBUG main            d.u.i.k.p.i.AbstractProblemLoader Init config took 3.27s 
54490      INFO  main            d.u.i.k.p.i.AbstractProblemLoader Replaying proof arrayCreation1.key.proof 
54529      DEBUG main            d.u.i.k.p.i.IntermediateProofReplayer Proof replay took 35.58ms 
54531      DEBUG main            d.u.i.k.p.r.p.TestFile    ... success: reloaded. 
54533      INFO  main            d.u.i.k.p.r.p.TestFile    Now processing file /home/runner/work/key/key/key.core/../key.ui/examples/standard_key/arrays/arrayStoreException/array2Dim.key 
54533      INFO  main            d.u.i.k.p.i.AbstractProblemLoader Loading environment from /home/runner/work/key/key/key.core/../key.ui/examples/standard_key/arrays/arrayStoreException/array2Dim.key 
54534      DEBUG main            d.u.i.k.p.i.AbstractProblemLoader Environment load took 336.6ns 
54535      INFO  main            d.u.i.k.p.i.AbstractProblemLoader Creating init config 
58087      DEBUG main            d.u.i.k.p.i.AbstractProblemLoader Init config took 3.55s 
58135      INFO  main            d.u.i.k.p.i.AbstractProblemLoader Replaying proof array2Dim.key 
58138      DEBUG main            d.u.i.k.p.i.IntermediateProofReplayer Proof replay took 9.3ns 
62770      INFO  main            d.u.i.k.p.r.p.TestFile    ... finished proof: open goal(s) 
63123      INFO  main            d.u.i.k.p.r.p.TestFile    Now processing file /home/runner/work/key/key/key.core/../key.ui/examples/standard_key/arrays/arrayStoreException/array2DimClose.key 
63123      INFO  main            d.u.i.k.p.i.AbstractProblemLoader Loading environment from /home/runner/work/key/key/key.core/../key.ui/examples/standard_key/arrays/arrayStoreException/array2DimClose.key 
63124      DEBUG main            d.u.i.k.p.i.AbstractProblemLoader Environment load took 404.2ns 
63126      INFO  main            d.u.i.k.p.i.AbstractProblemLoader Creating init config 
66456      DEBUG main            d.u.i.k.p.i.AbstractProblemLoader Init config took 3.33s 
66486      INFO  main            d.u.i.k.p.i.AbstractProblemLoader Replaying proof array2DimClose.key 
66489      DEBUG main            d.u.i.k.p.i.IntermediateProofReplayer Proof replay took 14.1ns 
69678      INFO  main            d.u.i.k.p.r.p.TestFile    ... finished proof: open goal(s) 
70137      INFO  main            d.u.i.k.p.r.p.TestFile    Now processing file /home/runner/work/key/key/key.core/../key.ui/examples/standard_key/arrays/arrayStoreException/throwASEForPrim.key 
70138      INFO  main            d.u.i.k.p.i.AbstractProblemLoader Loading environment from /home/runner/work/key/key/key.core/../key.ui/examples/standard_key/arrays/arrayStoreException/throwASEForPrim.key 
70138      DEBUG main            d.u.i.k.p.i.AbstractProblemLoader Environment load took 95.1ns 
70139      INFO  main            d.u.i.k.p.i.AbstractProblemLoader Creating init config 
73356      DEBUG main            d.u.i.k.p.i.AbstractProblemLoader Init config took 3.22s 
73383      INFO  main            d.u.i.k.p.i.AbstractProblemLoader Replaying proof throwASEForPrim.key 
73386      DEBUG main            d.u.i.k.p.i.IntermediateProofReplayer Proof replay took 7.1ns 
79226      INFO  main            d.u.i.k.p.r.p.TestFile    ... finished proof: open goal(s) 
4140428    INFO  Test worker     d.u.i.k.p.r.p.StatisticsFile Returning from test arrays 
4140430    INFO  Test worker     d.u.i.k.p.r.p.StatisticsFile Running test javadl 
527        INFO  Timeout watchdog d.u.i.k.p.r.p.ForkedTestFileRunner Timeout watcher launched (2000 secs.) 
554        WARN  main            d.u.i.k.s.ProofSettings   The settings in /home/runner/.key/proof-settings.props are *not* read. 
595        INFO  main            d.u.i.k.p.r.p.TestFile    Now processing file /home/runner/work/key/key/key.core/../key.ui/examples/standard_key/instanceCreation/instanceCreation1.key 
731        INFO  main            d.u.i.k.p.i.AbstractProblemLoader Loading environment from /home/runner/work/key/key/key.core/../key.ui/examples/standard_key/instanceCreation/instanceCreation1.key 
762        DEBUG main            d.u.i.k.p.i.AbstractProblemLoader Environment load took 2.79ms 
1161       INFO  main            d.u.i.k.p.i.AbstractProblemLoader Creating init config 
2587       DEBUG main            d.u.i.k.j.TypeConverter   No LDT found for Meta 
2589       DEBUG main            d.u.i.k.j.TypeConverter   No LDT found for Meta 
2593       DEBUG main            d.u.i.k.j.TypeConverter   No LDT found for Meta 
2593       DEBUG main            d.u.i.k.j.TypeConverter   No LDT found for Meta 
4693       DEBUG main            d.u.i.k.j.TypeConverter   No LDT found for JavaBigintExpression 
11498      DEBUG main            d.u.i.k.p.i.AbstractProblemLoader Init config took 10.34s 
11612      INFO  main            d.u.i.k.p.i.AbstractProblemLoader Replaying proof instanceCreation1.key 
11670      DEBUG main            d.u.i.k.p.i.IntermediateProofReplayer Proof replay took 46.4ns 
13120      INFO  main            d.u.i.k.p.r.p.TestFile    ... finished proof: closed. 
13281      INFO  main            d.u.i.k.p.i.AbstractProblemLoader Loading environment from /home/runner/work/key/key/key.core/../key.ui/examples/standard_key/instanceCreation/instanceCreation1.key.proof 
13283      DEBUG main            d.u.i.k.p.i.AbstractProblemLoader Environment load took 1.73ms 
13293      INFO  main            d.u.i.k.p.i.AbstractProblemLoader Creating init config 
17233      DEBUG main            d.u.i.k.p.i.AbstractProblemLoader Init config took 3.94s 
17315      INFO  main            d.u.i.k.p.i.AbstractProblemLoader Replaying proof instanceCreation1.key.proof 
17527      DEBUG main            d.u.i.k.p.i.IntermediateProofReplayer Proof replay took 202.66ms 
17545      DEBUG main            d.u.i.k.p.r.p.TestFile    ... success: reloaded. 
17548      INFO  main            d.u.i.k.p.r.p.TestFile    Now processing file /home/runner/work/key/key/key.core/../key.ui/examples/standard_key/instanceCreation/instanceCreation2.key 
17549      INFO  main            d.u.i.k.p.i.AbstractProblemLoader Loading environment from /home/runner/work/key/key/key.core/../key.ui/examples/standard_key/instanceCreation/instanceCreation2.key 
17549      DEBUG main            d.u.i.k.p.i.AbstractProblemLoader Environment load took 364.6ns 
17555      INFO  main            d.u.i.k.p.i.AbstractProblemLoader Creating init config 
21287      DEBUG main            d.u.i.k.p.i.AbstractProblemLoader Init config took 3.73s 
21338      INFO  main            d.u.i.k.p.i.AbstractProblemLoader Replaying proof instanceCreation2.key 
21343      DEBUG main            d.u.i.k.p.i.IntermediateProofReplayer Proof replay took 9ns 
22257      INFO  main            d.u.i.k.p.r.p.TestFile    ... finished proof: closed. 
22528      INFO  main            d.u.i.k.p.i.AbstractProblemLoader Loading environment from /home/runner/work/key/key/key.core/../key.ui/examples/standard_key/instanceCreation/instanceCreation2.key.proof 
22532      DEBUG main            d.u.i.k.p.i.AbstractProblemLoader Environment load took 3.91ms 
22535      INFO  main            d.u.i.k.p.i.AbstractProblemLoader Creating init config 
26144      DEBUG main            d.u.i.k.p.i.AbstractProblemLoader Init config took 3.61s 
26199      INFO  main            d.u.i.k.p.i.AbstractProblemLoader Replaying proof instanceCreation2.key.proof 
26358      DEBUG main            d.u.i.k.p.i.IntermediateProofReplayer Proof replay took 152.28ms 
26360      DEBUG main            d.u.i.k.p.r.p.TestFile    ... success: reloaded. 
26362      INFO  main            d.u.i.k.p.r.p.TestFile    Now processing file /home/runner/work/key/key/key.core/../key.ui/examples/standard_key/instanceCreation/interfacesAndAbstractClassesHaveNoInstances.key 
26362      INFO  main            d.u.i.k.p.i.AbstractProblemLoader Loading environment from /home/runner/work/key/key/key.core/../key.ui/examples/standard_key/instanceCreation/interfacesAndAbstractClassesHaveNoInstances.key 
26362      DEBUG main            d.u.i.k.p.i.AbstractProblemLoader Environment load took 342.5ns 
26364      INFO  main            d.u.i.k.p.i.AbstractProblemLoader Creating init config 
29874      DEBUG main            d.u.i.k.p.i.AbstractProblemLoader Init config took 3.51s 
29909      INFO  main            d.u.i.k.p.i.AbstractProblemLoader Replaying proof interfacesAndAbstractClassesHaveNoInstances.key 
29913      DEBUG main            d.u.i.k.p.i.IntermediateProofReplayer Proof replay took 8.9ns 
30018      INFO  main            d.u.i.k.p.r.p.TestFile    ... finished proof: closed. 
30237      INFO  main            d.u.i.k.p.i.AbstractProblemLoader Loading environment from /home/runner/work/key/key/key.core/../key.ui/examples/standard_key/instanceCreation/interfacesAndAbstractClassesHaveNoInstances.key.proof 
30238      DEBUG main            d.u.i.k.p.i.AbstractProblemLoader Environment load took 765.79ns 
30240      INFO  main            d.u.i.k.p.i.AbstractProblemLoader Creating init config 
33630      DEBUG main            d.u.i.k.p.i.AbstractProblemLoader Init config took 3.39s 
33660      INFO  main            d.u.i.k.p.i.AbstractProblemLoader Replaying proof interfacesAndAbstractClassesHaveNoInstances.key.proof 
33665      DEBUG main            d.u.i.k.p.i.IntermediateProofReplayer Proof replay took 1.97ms 
33667      DEBUG main            d.u.i.k.p.r.p.TestFile    ... success: reloaded. 
33669      INFO  main            d.u.i.k.p.r.p.TestFile    Now processing file /home/runner/work/key/key/key.core/../key.ui/examples/standard_key/instanceCreation/successiveCreatedObjectsAreDistinct.key 
33669      INFO  main            d.u.i.k.p.i.AbstractProblemLoader Loading environment from /home/runner/work/key/key/key.core/../key.ui/examples/standard_key/instanceCreation/successiveCreatedObjectsAreDistinct.key 
33670      DEBUG main            d.u.i.k.p.i.AbstractProblemLoader Environment load took 405.28ns 
33671      INFO  main            d.u.i.k.p.i.AbstractProblemLoader Creating init config 
37275      DEBUG main            d.u.i.k.p.i.AbstractProblemLoader Init config took 3.6s 
37308      INFO  main            d.u.i.k.p.i.AbstractProblemLoader Replaying proof successiveCreatedObjectsAreDistinct.key 
37313      DEBUG main            d.u.i.k.p.i.IntermediateProofReplayer Proof replay took 9ns 
37918      INFO  main            d.u.i.k.p.r.p.TestFile    ... finished proof: closed. 
38239      INFO  main            d.u.i.k.p.i.AbstractProblemLoader Loading environment from /home/runner/work/key/key/key.core/../key.ui/examples/standard_key/instanceCreation/successiveCreatedObjectsAreDistinct.key.proof 
38240      DEBUG main            d.u.i.k.p.i.AbstractProblemLoader Environment load took 314.9ns 
38241      INFO  main            d.u.i.k.p.i.AbstractProblemLoader Creating init config 
41590      DEBUG main            d.u.i.k.p.i.AbstractProblemLoader Init config took 3.35s 
41624      INFO  main            d.u.i.k.p.i.AbstractProblemLoader Replaying proof successiveCreatedObjectsAreDistinct.key.proof 
41762      DEBUG main            d.u.i.k.p.i.IntermediateProofReplayer Proof replay took 134.15ms 
41764      DEBUG main            d.u.i.k.p.r.p.TestFile    ... success: reloaded. 
41766      INFO  main            d.u.i.k.p.r.p.TestFile    Now processing file /home/runner/work/key/key/key.core/../key.ui/examples/standard_key/instanceCreation/testOverloadingConstructors.key 
41766      INFO  main            d.u.i.k.p.i.AbstractProblemLoader Loading environment from /home/runner/work/key/key/key.core/../key.ui/examples/standard_key/instanceCreation/testOverloadingConstructors.key 
41767      DEBUG main            d.u.i.k.p.i.AbstractProblemLoader Environment load took 293ns 
41768      INFO  main            d.u.i.k.p.i.AbstractProblemLoader Creating init config 
45218      DEBUG main            d.u.i.k.p.i.AbstractProblemLoader Init config took 3.45s 
45250      INFO  main            d.u.i.k.p.i.AbstractProblemLoader Replaying proof testOverloadingConstructors.key 
45253      DEBUG main            d.u.i.k.p.i.IntermediateProofReplayer Proof replay took 8.5ns 
45657      INFO  main            d.u.i.k.p.r.p.TestFile    ... finished proof: closed. 
45954      INFO  main            d.u.i.k.p.i.AbstractProblemLoader Loading environment from /home/runner/work/key/key/key.core/../key.ui/examples/standard_key/instanceCreation/testOverloadingConstructors.key.proof 
45955      DEBUG main            d.u.i.k.p.i.AbstractProblemLoader Environment load took 570.59ns 
45962      INFO  main            d.u.i.k.p.i.AbstractProblemLoader Creating init config 
49208      DEBUG main            d.u.i.k.p.i.AbstractProblemLoader Init config took 3.25s 
49238      INFO  main            d.u.i.k.p.i.AbstractProblemLoader Replaying proof testOverloadingConstructors.key.proof 
49318      DEBUG main            d.u.i.k.p.i.IntermediateProofReplayer Proof replay took 75.61ms 
49320      DEBUG main            d.u.i.k.p.r.p.TestFile    ... success: reloaded. 
49322      INFO  main            d.u.i.k.p.r.p.TestFile    Now processing file /home/runner/work/key/key/key.core/../key.ui/examples/standard_key/java_dl/SimpleAttributes.key 
49322      INFO  main            d.u.i.k.p.i.AbstractProblemLoader Loading environment from /home/runner/work/key/key/key.core/../key.ui/examples/standard_key/java_dl/SimpleAttributes.key 
49323      DEBUG main            d.u.i.k.p.i.AbstractProblemLoader Environment load took 386.89ns 
49324      INFO  main            d.u.i.k.p.i.AbstractProblemLoader Creating init config 
52697      DEBUG main            d.u.i.k.p.i.AbstractProblemLoader Init config took 3.37s 
52726      INFO  main            d.u.i.k.p.i.AbstractProblemLoader Replaying proof SimpleAttributes.key 
52728      DEBUG main            d.u.i.k.p.i.IntermediateProofReplayer Proof replay took 9.2ns 
52932      INFO  main            d.u.i.k.p.r.p.TestFile    ... finished proof: closed. 
53171      INFO  main            d.u.i.k.p.i.AbstractProblemLoader Loading environment from /home/runner/work/key/key/key.core/../key.ui/examples/standard_key/java_dl/SimpleAttributes.key.proof 
53171      DEBUG main            d.u.i.k.p.i.AbstractProblemLoader Environment load took 660.49ns 
53173      INFO  main            d.u.i.k.p.i.AbstractProblemLoader Creating init config 
56503      DEBUG main            d.u.i.k.p.i.AbstractProblemLoader Init config took 3.33s 
56539      INFO  main            d.u.i.k.p.i.AbstractProblemLoader Replaying proof SimpleAttributes.key.proof 
56576      DEBUG main            d.u.i.k.p.i.IntermediateProofReplayer Proof replay took 32.11ms 
56578      DEBUG main            d.u.i.k.p.r.p.TestFile    ... success: reloaded. 
56579      INFO  main            d.u.i.k.p.r.p.TestFile    Now processing file /home/runner/work/key/key/key.core/../key.ui/examples/standard_key/java_dl/arrayMax.key 
56580      INFO  main            d.u.i.k.p.i.AbstractProblemLoader Loading environment from /home/runner/work/key/key/key.core/../key.ui/examples/standard_key/java_dl/arrayMax.key 
56580      DEBUG main            d.u.i.k.p.i.AbstractProblemLoader Environment load took 258.5ns 
56583      INFO  main            d.u.i.k.p.i.AbstractProblemLoader Creating init config 
60012      DEBUG main            d.u.i.k.p.i.AbstractProblemLoader Init config took 3.43s 
60041      INFO  main            d.u.i.k.p.i.AbstractProblemLoader Replaying proof arrayMax.key 
60045      DEBUG main            d.u.i.k.p.i.IntermediateProofReplayer Proof replay took 8.3ns 
62059      INFO  main            d.u.i.k.p.r.p.TestFile    ... finished proof: closed. 
62420      INFO  main            d.u.i.k.p.i.AbstractProblemLoader Loading environment from /home/runner/work/key/key/key.core/../key.ui/examples/standard_key/java_dl/arrayMax.key.proof 
62421      DEBUG main            d.u.i.k.p.i.AbstractProblemLoader Environment load took 575.99ns 
62423      INFO  main            d.u.i.k.p.i.AbstractProblemLoader Creating init config 
65827      DEBUG main            d.u.i.k.p.i.AbstractProblemLoader Init config took 3.4s 
65863      INFO  main            d.u.i.k.p.i.AbstractProblemLoader Replaying proof arrayMax.key.proof 
66209      DEBUG main            d.u.i.k.p.i.IntermediateProofReplayer Proof replay took 336.31ms 
66211      DEBUG main            d.u.i.k.p.r.p.TestFile    ... success: reloaded. 
66213      INFO  main            d.u.i.k.p.r.p.TestFile    Now processing file /home/runner/work/key/key/key.core/../key.ui/examples/standard_key/java_dl/arrayUpdateSimp.key 
66213      INFO  main            d.u.i.k.p.i.AbstractProblemLoader Loading environment from /home/runner/work/key/key/key.core/../key.ui/examples/standard_key/java_dl/arrayUpdateSimp.key 
66221      DEBUG main            d.u.i.k.p.i.AbstractProblemLoader Environment load took 7.22ms 
66224      INFO  main            d.u.i.k.p.i.AbstractProblemLoader Creating init config 
66284      WARN  main            d.u.i.k.j.r.KeYCrossReferenceNameInfo Datatype java.io.InputStream declared twice: Once in FILE:/home/runner/work/key/key/key.core/../key.ui/examples/standard_key/java_dl/./classpath/InputStream.java and once in URL:file:/home/runner/work/key/key/key.core/build/resources/main/de/uka/ilkd/key/java/JavaRedux/java/io/InputStream.java, Keeping one from URL:file:/home/runner/work/key/key/key.core/build/resources/main/de/uka/ilkd/key/java/JavaRedux/java/io/InputStream.java 
66285      WARN  main            d.u.i.k.j.r.KeYCrossReferenceNameInfo Datatype java.lang.System declared twice: Once in FILE:/home/runner/work/key/key/key.core/../key.ui/examples/standard_key/java_dl/./classpath/System.java and once in URL:file:/home/runner/work/key/key/key.core/build/resources/main/de/uka/ilkd/key/java/JavaRedux/java/lang/System.java, Keeping one from URL:file:/home/runner/work/key/key/key.core/build/resources/main/de/uka/ilkd/key/java/JavaRedux/java/lang/System.java 
66285      WARN  main            d.u.i.k.j.r.KeYCrossReferenceNameInfo Datatype java.io.PrintStream declared twice: Once in FILE:/home/runner/work/key/key/key.core/../key.ui/examples/standard_key/java_dl/./classpath/PrintStream.java and once in URL:file:/home/runner/work/key/key/key.core/build/resources/main/de/uka/ilkd/key/java/JavaRedux/java/io/PrintStream.java, Keeping one from URL:file:/home/runner/work/key/key/key.core/build/resources/main/de/uka/ilkd/key/java/JavaRedux/java/io/PrintStream.java 
66292      DEBUG main            d.u.i.k.j.r.ClassFileDeclarationBuilder Parsing: package java.io; public class Closeable { } 
66293      DEBUG main            r.s.KeYCrossReferenceSourceInfo Dynamically created class: java.io.Closeable 
69632      DEBUG main            d.u.i.k.p.i.AbstractProblemLoader Init config took 3.41s 
69660      INFO  main            d.u.i.k.p.i.AbstractProblemLoader Replaying proof arrayUpdateSimp.key 
69662      DEBUG main            d.u.i.k.p.i.IntermediateProofReplayer Proof replay took 9.5ns 
69766      INFO  main            d.u.i.k.p.r.p.TestFile    ... finished proof: closed. 
70038      INFO  main            d.u.i.k.p.i.AbstractProblemLoader Loading environment from /home/runner/work/key/key/key.core/../key.ui/examples/standard_key/java_dl/arrayUpdateSimp.key.proof 
70038      DEBUG main            d.u.i.k.p.i.AbstractProblemLoader Environment load took 162.8ns 
70046      INFO  main            d.u.i.k.p.i.AbstractProblemLoader Creating init config 
70088      WARN  main            d.u.i.k.j.r.KeYCrossReferenceNameInfo Datatype java.io.InputStream declared twice: Once in FILE:/home/runner/work/key/key/key.core/../key.ui/examples/standard_key/java_dl/classpath/InputStream.java and once in URL:file:/home/runner/work/key/key/key.core/build/resources/main/de/uka/ilkd/key/java/JavaRedux/java/io/InputStream.java, Keeping one from URL:file:/home/runner/work/key/key/key.core/build/resources/main/de/uka/ilkd/key/java/JavaRedux/java/io/InputStream.java 
70088      WARN  main            d.u.i.k.j.r.KeYCrossReferenceNameInfo Datatype java.lang.System declared twice: Once in FILE:/home/runner/work/key/key/key.core/../key.ui/examples/standard_key/java_dl/classpath/System.java and once in URL:file:/home/runner/work/key/key/key.core/build/resources/main/de/uka/ilkd/key/java/JavaRedux/java/lang/System.java, Keeping one from URL:file:/home/runner/work/key/key/key.core/build/resources/main/de/uka/ilkd/key/java/JavaRedux/java/lang/System.java 
70089      WARN  main            d.u.i.k.j.r.KeYCrossReferenceNameInfo Datatype java.io.PrintStream declared twice: Once in FILE:/home/runner/work/key/key/key.core/../key.ui/examples/standard_key/java_dl/classpath/PrintStream.java and once in URL:file:/home/runner/work/key/key/key.core/build/resources/main/de/uka/ilkd/key/java/JavaRedux/java/io/PrintStream.java, Keeping one from URL:file:/home/runner/work/key/key/key.core/build/resources/main/de/uka/ilkd/key/java/JavaRedux/java/io/PrintStream.java 
70093      DEBUG main            d.u.i.k.j.r.ClassFileDeclarationBuilder Parsing: package java.io; public class Closeable { } 
70094      DEBUG main            r.s.KeYCrossReferenceSourceInfo Dynamically created class: java.io.Closeable 
73323      DEBUG main            d.u.i.k.p.i.AbstractProblemLoader Init config took 3.28s 
73362      INFO  main            d.u.i.k.p.i.AbstractProblemLoader Replaying proof arrayUpdateSimp.key.proof 
73373      DEBUG main            d.u.i.k.p.i.IntermediateProofReplayer Proof replay took 3.42ms 
73376      DEBUG main            d.u.i.k.p.r.p.TestFile    ... success: reloaded. 
73377      INFO  main            d.u.i.k.p.r.p.TestFile    Now processing file /home/runner/work/key/key/key.core/../key.ui/examples/standard_key/java_dl/attributes.key 
73378      INFO  main            d.u.i.k.p.i.AbstractProblemLoader Loading environment from /home/runner/work/key/key/key.core/../key.ui/examples/standard_key/java_dl/attributes.key 
73378      DEBUG main            d.u.i.k.p.i.AbstractProblemLoader Environment load took 134.4ns 
73379      INFO  main            d.u.i.k.p.i.AbstractProblemLoader Creating init config 
76592      DEBUG main            d.u.i.k.p.i.AbstractProblemLoader Init config took 3.21s 
76618      INFO  main            d.u.i.k.p.i.AbstractProblemLoader Replaying proof attributes.key 
76621      DEBUG main            d.u.i.k.p.i.IntermediateProofReplayer Proof replay took 8.9ns 
76824      INFO  main            d.u.i.k.p.r.p.TestFile    ... finished proof: closed. 
77179      INFO  main            d.u.i.k.p.i.AbstractProblemLoader Loading environment from /home/runner/work/key/key/key.core/../key.ui/examples/standard_key/java_dl/attributes.key.proof 
77181      DEBUG main            d.u.i.k.p.i.AbstractProblemLoader Environment load took 2.59ms 
77183      INFO  main            d.u.i.k.p.i.AbstractProblemLoader Creating init config 
80452      DEBUG main            d.u.i.k.p.i.AbstractProblemLoader Init config took 3.27s 
80478      INFO  main            d.u.i.k.p.i.AbstractProblemLoader Replaying proof attributes.key.proof 
80538      DEBUG main            d.u.i.k.p.i.IntermediateProofReplayer Proof replay took 51.47ms 
80539      DEBUG main            d.u.i.k.p.r.p.TestFile    ... success: reloaded. 
80553      INFO  main            d.u.i.k.p.r.p.TestFile    Now processing file /home/runner/work/key/key/key.core/../key.ui/examples/standard_key/java_dl/break.key 
80553      INFO  main            d.u.i.k.p.i.AbstractProblemLoader Loading environment from /home/runner/work/key/key/key.core/../key.ui/examples/standard_key/java_dl/break.key 
80553      DEBUG main            d.u.i.k.p.i.AbstractProblemLoader Environment load took 128.1ns 
80555      INFO  main            d.u.i.k.p.i.AbstractProblemLoader Creating init config 
80590      WARN  main            d.u.i.k.j.r.KeYCrossReferenceNameInfo Datatype java.io.InputStream declared twice: Once in FILE:/home/runner/work/key/key/key.core/../key.ui/examples/standard_key/java_dl/classpath/InputStream.java and once in URL:file:/home/runner/work/key/key/key.core/build/resources/main/de/uka/ilkd/key/java/JavaRedux/java/io/InputStream.java, Keeping one from URL:file:/home/runner/work/key/key/key.core/build/resources/main/de/uka/ilkd/key/java/JavaRedux/java/io/InputStream.java 
80590      WARN  main            d.u.i.k.j.r.KeYCrossReferenceNameInfo Datatype java.lang.System declared twice: Once in FILE:/home/runner/work/key/key/key.core/../key.ui/examples/standard_key/java_dl/classpath/System.java and once in URL:file:/home/runner/work/key/key/key.core/build/resources/main/de/uka/ilkd/key/java/JavaRedux/java/lang/System.java, Keeping one from URL:file:/home/runner/work/key/key/key.core/build/resources/main/de/uka/ilkd/key/java/JavaRedux/java/lang/System.java 
80590      WARN  main            d.u.i.k.j.r.KeYCrossReferenceNameInfo Datatype java.io.PrintStream declared twice: Once in FILE:/home/runner/work/key/key/key.core/../key.ui/examples/standard_key/java_dl/classpath/PrintStream.java and once in URL:file:/home/runner/work/key/key/key.core/build/resources/main/de/uka/ilkd/key/java/JavaRedux/java/io/PrintStream.java, Keeping one from URL:file:/home/runner/work/key/key/key.core/build/resources/main/de/uka/ilkd/key/java/JavaRedux/java/io/PrintStream.java 
80621      DEBUG main            d.u.i.k.j.r.ClassFileDeclarationBuilder Parsing: package java.io; public class Closeable { } 
80622      DEBUG main            r.s.KeYCrossReferenceSourceInfo Dynamically created class: java.io.Closeable 
83871      DEBUG main            d.u.i.k.p.i.AbstractProblemLoader Init config took 3.32s 
83894      INFO  main            d.u.i.k.p.i.AbstractProblemLoader Replaying proof break.key 
83896      DEBUG main            d.u.i.k.p.i.IntermediateProofReplayer Proof replay took 10.4ns 
84002      INFO  main            d.u.i.k.p.r.p.TestFile    ... finished proof: closed. 
84283      INFO  main            d.u.i.k.p.i.AbstractProblemLoader Loading environment from /home/runner/work/key/key/key.core/../key.ui/examples/standard_key/java_dl/break.key.proof 
84283      DEBUG main            d.u.i.k.p.i.AbstractProblemLoader Environment load took 188.4ns 
84287      INFO  main            d.u.i.k.p.i.AbstractProblemLoader Creating init config 
84320      WARN  main            d.u.i.k.j.r.KeYCrossReferenceNameInfo Datatype java.io.InputStream declared twice: Once in FILE:/home/runner/work/key/key/key.core/../key.ui/examples/standard_key/java_dl/classpath/InputStream.java and once in URL:file:/home/runner/work/key/key/key.core/build/resources/main/de/uka/ilkd/key/java/JavaRedux/java/io/InputStream.java, Keeping one from URL:file:/home/runner/work/key/key/key.core/build/resources/main/de/uka/ilkd/key/java/JavaRedux/java/io/InputStream.java 
84321      WARN  main            d.u.i.k.j.r.KeYCrossReferenceNameInfo Datatype java.lang.System declared twice: Once in FILE:/home/runner/work/key/key/key.core/../key.ui/examples/standard_key/java_dl/classpath/System.java and once in URL:file:/home/runner/work/key/key/key.core/build/resources/main/de/uka/ilkd/key/java/JavaRedux/java/lang/System.java, Keeping one from URL:file:/home/runner/work/key/key/key.core/build/resources/main/de/uka/ilkd/key/java/JavaRedux/java/lang/System.java 
84321      WARN  main            d.u.i.k.j.r.KeYCrossReferenceNameInfo Datatype java.io.PrintStream declared twice: Once in FILE:/home/runner/work/key/key/key.core/../key.ui/examples/standard_key/java_dl/classpath/PrintStream.java and once in URL:file:/home/runner/work/key/key/key.core/build/resources/main/de/uka/ilkd/key/java/JavaRedux/java/io/PrintStream.java, Keeping one from URL:file:/home/runner/work/key/key/key.core/build/resources/main/de/uka/ilkd/key/java/JavaRedux/java/io/PrintStream.java 
84325      DEBUG main            d.u.i.k.j.r.ClassFileDeclarationBuilder Parsing: package java.io; public class Closeable { } 
84325      DEBUG main            r.s.KeYCrossReferenceSourceInfo Dynamically created class: java.io.Closeable 
87484      DEBUG main            d.u.i.k.p.i.AbstractProblemLoader Init config took 3.2s 
87505      INFO  main            d.u.i.k.p.i.AbstractProblemLoader Replaying proof break.key.proof 
87519      DEBUG main            d.u.i.k.p.i.IntermediateProofReplayer Proof replay took 11.13ms 
87521      DEBUG main            d.u.i.k.p.r.p.TestFile    ... success: reloaded. 
87522      INFO  main            d.u.i.k.p.r.p.TestFile    Now processing file /home/runner/work/key/key/key.core/../key.ui/examples/standard_key/java_dl/char.key 
87523      INFO  main            d.u.i.k.p.i.AbstractProblemLoader Loading environment from /home/runner/work/key/key/key.core/../key.ui/examples/standard_key/java_dl/char.key 
87523      DEBUG main            d.u.i.k.p.i.AbstractProblemLoader Environment load took 120.4ns 
87524      INFO  main            d.u.i.k.p.i.AbstractProblemLoader Creating init config 
90741      DEBUG main            d.u.i.k.p.i.AbstractProblemLoader Init config took 3.22s 
90769      INFO  main            d.u.i.k.p.i.AbstractProblemLoader Replaying proof char.key 
90771      DEBUG main            d.u.i.k.p.i.IntermediateProofReplayer Proof replay took 9ns 
90873      INFO  main            d.u.i.k.p.r.p.TestFile    ... finished proof: closed. 
91136      INFO  main            d.u.i.k.p.i.AbstractProblemLoader Loading environment from /home/runner/work/key/key/key.core/../key.ui/examples/standard_key/java_dl/char.key.proof 
91136      DEBUG main            d.u.i.k.p.i.AbstractProblemLoader Environment load took 142.4ns 
91139      INFO  main            d.u.i.k.p.i.AbstractProblemLoader Creating init config 
94357      DEBUG main            d.u.i.k.p.i.AbstractProblemLoader Init config took 3.22s 
94382      INFO  main            d.u.i.k.p.i.AbstractProblemLoader Replaying proof char.key.proof 
94390      DEBUG main            d.u.i.k.p.i.IntermediateProofReplayer Proof replay took 4.39ms 
94391      DEBUG main            d.u.i.k.p.r.p.TestFile    ... success: reloaded. 
94392      INFO  main            d.u.i.k.p.r.p.TestFile    Now processing file /home/runner/work/key/key/key.core/../key.ui/examples/standard_key/java_dl/compileTimeConstants.key 
94393      INFO  main            d.u.i.k.p.i.AbstractProblemLoader Loading environment from /home/runner/work/key/key/key.core/../key.ui/examples/standard_key/java_dl/compileTimeConstants.key 
94393      DEBUG main            d.u.i.k.p.i.AbstractProblemLoader Environment load took 246.4ns 
94395      INFO  main            d.u.i.k.p.i.AbstractProblemLoader Creating init config 
97621      DEBUG main            d.u.i.k.p.i.AbstractProblemLoader Init config took 3.23s 
97643      INFO  main            d.u.i.k.p.i.AbstractProblemLoader Replaying proof compileTimeConstants.key 
97645      DEBUG main            d.u.i.k.p.i.IntermediateProofReplayer Proof replay took 9.9ns 
97748      INFO  main            d.u.i.k.p.r.p.TestFile    ... finished proof: closed. 
98034      INFO  main            d.u.i.k.p.i.AbstractProblemLoader Loading environment from /home/runner/work/key/key/key.core/../key.ui/examples/standard_key/java_dl/compileTimeConstants.key.proof 
98034      DEBUG main            d.u.i.k.p.i.AbstractProblemLoader Environment load took 141.8ns 
98036      INFO  main            d.u.i.k.p.i.AbstractProblemLoader Creating init config 
101230     DEBUG main            d.u.i.k.p.i.AbstractProblemLoader Init config took 3.19s 
101252     INFO  main            d.u.i.k.p.i.AbstractProblemLoader Replaying proof compileTimeConstants.key.proof 
101270     DEBUG main            d.u.i.k.p.i.IntermediateProofReplayer Proof replay took 15.39ms 
101282     DEBUG main            d.u.i.k.p.r.p.TestFile    ... success: reloaded. 
101283     INFO  main            d.u.i.k.p.r.p.TestFile    Now processing file /home/runner/work/key/key/key.core/../key.ui/examples/standard_key/java_dl/constructorException/test.key 
101283     INFO  main            d.u.i.k.p.i.AbstractProblemLoader Loading environment from /home/runner/work/key/key/key.core/../key.ui/examples/standard_key/java_dl/constructorException/test.key 
101283     DEBUG main            d.u.i.k.p.i.AbstractProblemLoader Environment load took 101.5ns 
101284     INFO  main            d.u.i.k.p.i.AbstractProblemLoader Creating init config 
104612     DEBUG main            d.u.i.k.p.i.AbstractProblemLoader Init config took 3.33s 
104717     INFO  main            d.u.i.k.p.i.AbstractProblemLoader Replaying proof Test[Test::Test(int)].JML operation contract.0 
104719     DEBUG main            d.u.i.k.p.i.IntermediateProofReplayer Proof replay took 9.9ns 
105022     INFO  main            d.u.i.k.p.r.p.TestFile    ... finished proof: closed. 
105335     INFO  main            d.u.i.k.p.i.AbstractProblemLoader Loading environment from /home/runner/work/key/key/key.core/../key.ui/examples/standard_key/java_dl/constructorException/test.key.proof 
105336     DEBUG main            d.u.i.k.p.i.AbstractProblemLoader Environment load took 919.99ns 
105339     INFO  main            d.u.i.k.p.i.AbstractProblemLoader Creating init config 
108554     DEBUG main            d.u.i.k.p.i.AbstractProblemLoader Init config took 3.22s 
108627     INFO  main            d.u.i.k.p.i.AbstractProblemLoader Replaying proof Test[Test::Test(int)].JML operation contract.0 
108720     DEBUG main            d.u.i.k.p.i.IntermediateProofReplayer Proof replay took 89.1ms 
108722     DEBUG main            d.u.i.k.p.r.p.TestFile    ... success: reloaded. 
108723     INFO  main            d.u.i.k.p.r.p.TestFile    Now processing file /home/runner/work/key/key/key.core/../key.ui/examples/standard_key/java_dl/constructorException/regressionTestBug1333.key 
108723     INFO  main            d.u.i.k.p.i.AbstractProblemLoader Loading environment from /home/runner/work/key/key/key.core/../key.ui/examples/standard_key/java_dl/constructorException/regressionTestBug1333.key 
108723     DEBUG main            d.u.i.k.p.i.AbstractProblemLoader Environment load took 266.5ns 
108725     INFO  main            d.u.i.k.p.i.AbstractProblemLoader Creating init config 
111996     DEBUG main            d.u.i.k.p.i.AbstractProblemLoader Init config took 3.27s 
112048     INFO  main            d.u.i.k.p.i.AbstractProblemLoader Replaying proof False[False::False()].JML normal_behavior operation contract.0 
112051     DEBUG main            d.u.i.k.p.i.IntermediateProofReplayer Proof replay took 9.4ns 
112155     INFO  main            d.u.i.k.p.r.p.TestFile    ... finished proof: open goal(s) 
112437     INFO  main            d.u.i.k.p.r.p.TestFile    Now processing file /home/runner/work/key/key/key.core/../key.ui/examples/standard_key/java_dl/continue1.key 
112438     INFO  main            d.u.i.k.p.i.AbstractProblemLoader Loading environment from /home/runner/work/key/key/key.core/../key.ui/examples/standard_key/java_dl/continue1.key 
112438     DEBUG main            d.u.i.k.p.i.AbstractProblemLoader Environment load took 78.6ns 
112439     INFO  main            d.u.i.k.p.i.AbstractProblemLoader Creating init config 
112506     WARN  main            d.u.i.k.j.r.KeYCrossReferenceNameInfo Datatype java.io.InputStream declared twice: Once in FILE:/home/runner/work/key/key/key.core/../key.ui/examples/standard_key/java_dl/classpath/InputStream.java and once in URL:file:/home/runner/work/key/key/key.core/build/resources/main/de/uka/ilkd/key/java/JavaRedux/java/io/InputStream.java, Keeping one from URL:file:/home/runner/work/key/key/key.core/build/resources/main/de/uka/ilkd/key/java/JavaRedux/java/io/InputStream.java 
112507     WARN  main            d.u.i.k.j.r.KeYCrossReferenceNameInfo Datatype java.lang.System declared twice: Once in FILE:/home/runner/work/key/key/key.core/../key.ui/examples/standard_key/java_dl/classpath/System.java and once in URL:file:/home/runner/work/key/key/key.core/build/resources/main/de/uka/ilkd/key/java/JavaRedux/java/lang/System.java, Keeping one from URL:file:/home/runner/work/key/key/key.core/build/resources/main/de/uka/ilkd/key/java/JavaRedux/java/lang/System.java 
112507     WARN  main            d.u.i.k.j.r.KeYCrossReferenceNameInfo Datatype java.io.PrintStream declared twice: Once in FILE:/home/runner/work/key/key/key.core/../key.ui/examples/standard_key/java_dl/classpath/PrintStream.java and once in URL:file:/home/runner/work/key/key/key.core/build/resources/main/de/uka/ilkd/key/java/JavaRedux/java/io/PrintStream.java, Keeping one from URL:file:/home/runner/work/key/key/key.core/build/resources/main/de/uka/ilkd/key/java/JavaRedux/java/io/PrintStream.java 
112511     DEBUG main            d.u.i.k.j.r.ClassFileDeclarationBuilder Parsing: package java.io; public class Closeable { } 
112512     DEBUG main            r.s.KeYCrossReferenceSourceInfo Dynamically created class: java.io.Closeable 
115553     DEBUG main            d.u.i.k.p.i.AbstractProblemLoader Init config took 3.11s 
115574     INFO  main            d.u.i.k.p.i.AbstractProblemLoader Replaying proof continue1.key 
115576     DEBUG main            d.u.i.k.p.i.IntermediateProofReplayer Proof replay took 9.6ns 
115679     INFO  main            d.u.i.k.p.r.p.TestFile    ... finished proof: closed. 
115979     INFO  main            d.u.i.k.p.i.AbstractProblemLoader Loading environment from /home/runner/work/key/key/key.core/../key.ui/examples/standard_key/java_dl/continue1.key.proof 
115979     DEBUG main            d.u.i.k.p.i.AbstractProblemLoader Environment load took 669.29ns 
115981     INFO  main            d.u.i.k.p.i.AbstractProblemLoader Creating init config 
116011     WARN  main            d.u.i.k.j.r.KeYCrossReferenceNameInfo Datatype java.io.InputStream declared twice: Once in FILE:/home/runner/work/key/key/key.core/../key.ui/examples/standard_key/java_dl/classpath/InputStream.java and once in URL:file:/home/runner/work/key/key/key.core/build/resources/main/de/uka/ilkd/key/java/JavaRedux/java/io/InputStream.java, Keeping one from URL:file:/home/runner/work/key/key/key.core/build/resources/main/de/uka/ilkd/key/java/JavaRedux/java/io/InputStream.java 
116011     WARN  main            d.u.i.k.j.r.KeYCrossReferenceNameInfo Datatype java.lang.System declared twice: Once in FILE:/home/runner/work/key/key/key.core/../key.ui/examples/standard_key/java_dl/classpath/System.java and once in URL:file:/home/runner/work/key/key/key.core/build/resources/main/de/uka/ilkd/key/java/JavaRedux/java/lang/System.java, Keeping one from URL:file:/home/runner/work/key/key/key.core/build/resources/main/de/uka/ilkd/key/java/JavaRedux/java/lang/System.java 
116012     WARN  main            d.u.i.k.j.r.KeYCrossReferenceNameInfo Datatype java.io.PrintStream declared twice: Once in FILE:/home/runner/work/key/key/key.core/../key.ui/examples/standard_key/java_dl/classpath/PrintStream.java and once in URL:file:/home/runner/work/key/key/key.core/build/resources/main/de/uka/ilkd/key/java/JavaRedux/java/io/PrintStream.java, Keeping one from URL:file:/home/runner/work/key/key/key.core/build/resources/main/de/uka/ilkd/key/java/JavaRedux/java/io/PrintStream.java 
116015     DEBUG main            d.u.i.k.j.r.ClassFileDeclarationBuilder Parsing: package java.io; public class Closeable { } 
116015     DEBUG main            r.s.KeYCrossReferenceSourceInfo Dynamically created class: java.io.Closeable 
119116     DEBUG main            d.u.i.k.p.i.AbstractProblemLoader Init config took 3.13s 
119136     INFO  main            d.u.i.k.p.i.AbstractProblemLoader Replaying proof continue1.key.proof 
119169     DEBUG main            d.u.i.k.p.i.IntermediateProofReplayer Proof replay took 28.53ms 
119171     DEBUG main            d.u.i.k.p.r.p.TestFile    ... success: reloaded. 
119172     INFO  main            d.u.i.k.p.r.p.TestFile    Now processing file /home/runner/work/key/key/key.core/../key.ui/examples/standard_key/java_dl/continue2.key 
119173     INFO  main            d.u.i.k.p.i.AbstractProblemLoader Loading environment from /home/runner/work/key/key/key.core/../key.ui/examples/standard_key/java_dl/continue2.key 
119173     DEBUG main            d.u.i.k.p.i.AbstractProblemLoader Environment load took 256.4ns 
119174     INFO  main            d.u.i.k.p.i.AbstractProblemLoader Creating init config 
119206     WARN  main            d.u.i.k.j.r.KeYCrossReferenceNameInfo Datatype java.io.InputStream declared twice: Once in FILE:/home/runner/work/key/key/key.core/../key.ui/examples/standard_key/java_dl/classpath/InputStream.java and once in URL:file:/home/runner/work/key/key/key.core/build/resources/main/de/uka/ilkd/key/java/JavaRedux/java/io/InputStream.java, Keeping one from URL:file:/home/runner/work/key/key/key.core/build/resources/main/de/uka/ilkd/key/java/JavaRedux/java/io/InputStream.java 
119206     WARN  main            d.u.i.k.j.r.KeYCrossReferenceNameInfo Datatype java.lang.System declared twice: Once in FILE:/home/runner/work/key/key/key.core/../key.ui/examples/standard_key/java_dl/classpath/System.java and once in URL:file:/home/runner/work/key/key/key.core/build/resources/main/de/uka/ilkd/key/java/JavaRedux/java/lang/System.java, Keeping one from URL:file:/home/runner/work/key/key/key.core/build/resources/main/de/uka/ilkd/key/java/JavaRedux/java/lang/System.java 
119207     WARN  main            d.u.i.k.j.r.KeYCrossReferenceNameInfo Datatype java.io.PrintStream declared twice: Once in FILE:/home/runner/work/key/key/key.core/../key.ui/examples/standard_key/java_dl/classpath/PrintStream.java and once in URL:file:/home/runner/work/key/key/key.core/build/resources/main/de/uka/ilkd/key/java/JavaRedux/java/io/PrintStream.java, Keeping one from URL:file:/home/runner/work/key/key/key.core/build/resources/main/de/uka/ilkd/key/java/JavaRedux/java/io/PrintStream.java 
119210     DEBUG main            d.u.i.k.j.r.ClassFileDeclarationBuilder Parsing: package java.io; public class Closeable { } 
119211     DEBUG main            r.s.KeYCrossReferenceSourceInfo Dynamically created class: java.io.Closeable 
122338     DEBUG main            d.u.i.k.p.i.AbstractProblemLoader Init config took 3.16s 
122357     INFO  main            d.u.i.k.p.i.AbstractProblemLoader Replaying proof continue2.key 
122359     DEBUG main            d.u.i.k.p.i.IntermediateProofReplayer Proof replay took 9.3ns 
122662     INFO  main            d.u.i.k.p.r.p.TestFile    ... finished proof: closed. 
123002     INFO  main            d.u.i.k.p.i.AbstractProblemLoader Loading environment from /home/runner/work/key/key/key.core/../key.ui/examples/standard_key/java_dl/continue2.key.proof 
123003     DEBUG main            d.u.i.k.p.i.AbstractProblemLoader Environment load took 473.39ns 
123004     INFO  main            d.u.i.k.p.i.AbstractProblemLoader Creating init config 
123045     WARN  main            d.u.i.k.j.r.KeYCrossReferenceNameInfo Datatype java.io.InputStream declared twice: Once in FILE:/home/runner/work/key/key/key.core/../key.ui/examples/standard_key/java_dl/classpath/InputStream.java and once in URL:file:/home/runner/work/key/key/key.core/build/resources/main/de/uka/ilkd/key/java/JavaRedux/java/io/InputStream.java, Keeping one from URL:file:/home/runner/work/key/key/key.core/build/resources/main/de/uka/ilkd/key/java/JavaRedux/java/io/InputStream.java 
123045     WARN  main            d.u.i.k.j.r.KeYCrossReferenceNameInfo Datatype java.lang.System declared twice: Once in FILE:/home/runner/work/key/key/key.core/../key.ui/examples/standard_key/java_dl/classpath/System.java and once in URL:file:/home/runner/work/key/key/key.core/build/resources/main/de/uka/ilkd/key/java/JavaRedux/java/lang/System.java, Keeping one from URL:file:/home/runner/work/key/key/key.core/build/resources/main/de/uka/ilkd/key/java/JavaRedux/java/lang/System.java 
123046     WARN  main            d.u.i.k.j.r.KeYCrossReferenceNameInfo Datatype java.io.PrintStream declared twice: Once in FILE:/home/runner/work/key/key/key.core/../key.ui/examples/standard_key/java_dl/classpath/PrintStream.java and once in URL:file:/home/runner/work/key/key/key.core/build/resources/main/de/uka/ilkd/key/java/JavaRedux/java/io/PrintStream.java, Keeping one from URL:file:/home/runner/work/key/key/key.core/build/resources/main/de/uka/ilkd/key/java/JavaRedux/java/io/PrintStream.java 
123049     DEBUG main            d.u.i.k.j.r.ClassFileDeclarationBuilder Parsing: package java.io; public class Closeable { } 
123049     DEBUG main            r.s.KeYCrossReferenceSourceInfo Dynamically created class: java.io.Closeable 
126184     DEBUG main            d.u.i.k.p.i.AbstractProblemLoader Init config took 3.18s 
126205     INFO  main            d.u.i.k.p.i.AbstractProblemLoader Replaying proof continue2.key.proof 
126322     DEBUG main            d.u.i.k.p.i.IntermediateProofReplayer Proof replay took 112.09ms 
126324     DEBUG main            d.u.i.k.p.r.p.TestFile    ... success: reloaded. 
126326     INFO  main            d.u.i.k.p.r.p.TestFile    Now processing file /home/runner/work/key/key/key.core/../key.ui/examples/standard_key/java_dl/complexAssignment.key 
126326     INFO  main            d.u.i.k.p.i.AbstractProblemLoader Loading environment from /home/runner/work/key/key/key.core/../key.ui/examples/standard_key/java_dl/complexAssignment.key 
126326     DEBUG main            d.u.i.k.p.i.AbstractProblemLoader Environment load took 231.6ns 
126342     INFO  main            d.u.i.k.p.i.AbstractProblemLoader Creating init config 
129505     DEBUG main            d.u.i.k.p.i.AbstractProblemLoader Init config took 3.16s 
129524     INFO  main            d.u.i.k.p.i.AbstractProblemLoader Replaying proof complexAssignment.key 
129527     DEBUG main            d.u.i.k.p.i.IntermediateProofReplayer Proof replay took 10.1ns 
129629     INFO  main            d.u.i.k.p.r.p.TestFile    ... finished proof: closed. 
129954     INFO  main            d.u.i.k.p.i.AbstractProblemLoader Loading environment from /home/runner/work/key/key/key.core/../key.ui/examples/standard_key/java_dl/complexAssignment.key.proof 
129954     DEBUG main            d.u.i.k.p.i.AbstractProblemLoader Environment load took 145.9ns 
129956     INFO  main            d.u.i.k.p.i.AbstractProblemLoader Creating init config 
133091     DEBUG main            d.u.i.k.p.i.AbstractProblemLoader Init config took 3.14s 
133110     INFO  main            d.u.i.k.p.i.AbstractProblemLoader Replaying proof complexAssignment.key.proof 
133122     DEBUG main            d.u.i.k.p.i.IntermediateProofReplayer Proof replay took 10.26ms 
133123     DEBUG main            d.u.i.k.p.r.p.TestFile    ... success: reloaded. 
133124     INFO  main            d.u.i.k.p.r.p.TestFile    Now processing file /home/runner/work/key/key/key.core/../key.ui/examples/standard_key/java_dl/danglingElseSolution1.key 
133124     INFO  main            d.u.i.k.p.i.AbstractProblemLoader Loading environment from /home/runner/work/key/key/key.core/../key.ui/examples/standard_key/java_dl/danglingElseSolution1.key 
133125     DEBUG main            d.u.i.k.p.i.AbstractProblemLoader Environment load took 121.6ns 
133126     INFO  main            d.u.i.k.p.i.AbstractProblemLoader Creating init config 
136329     DEBUG main            d.u.i.k.p.i.AbstractProblemLoader Init config took 3.2s 
136350     INFO  main            d.u.i.k.p.i.AbstractProblemLoader Replaying proof danglingElseSolution1.key 
136353     DEBUG main            d.u.i.k.p.i.IntermediateProofReplayer Proof replay took 9.6ns 
136456     INFO  main            d.u.i.k.p.r.p.TestFile    ... finished proof: closed. 
136811     INFO  main            d.u.i.k.p.i.AbstractProblemLoader Loading environment from /home/runner/work/key/key/key.core/../key.ui/examples/standard_key/java_dl/danglingElseSolution1.key.proof 
136811     DEBUG main            d.u.i.k.p.i.AbstractProblemLoader Environment load took 136.8ns 
136813     INFO  main            d.u.i.k.p.i.AbstractProblemLoader Creating init config 
139899     DEBUG main            d.u.i.k.p.i.AbstractProblemLoader Init config took 3.09s 
139918     INFO  main            d.u.i.k.p.i.AbstractProblemLoader Replaying proof danglingElseSolution1.key.proof 
139935     DEBUG main            d.u.i.k.p.i.IntermediateProofReplayer Proof replay took 13.81ms 
139936     DEBUG main            d.u.i.k.p.r.p.TestFile    ... success: reloaded. 
139937     INFO  main            d.u.i.k.p.r.p.TestFile    Now processing file /home/runner/work/key/key/key.core/../key.ui/examples/standard_key/java_dl/danglingElseSolution2.key 
139937     INFO  main            d.u.i.k.p.i.AbstractProblemLoader Loading environment from /home/runner/work/key/key/key.core/../key.ui/examples/standard_key/java_dl/danglingElseSolution2.key 
139937     DEBUG main            d.u.i.k.p.i.AbstractProblemLoader Environment load took 95.4ns 
139938     INFO  main            d.u.i.k.p.i.AbstractProblemLoader Creating init config 
143086     DEBUG main            d.u.i.k.p.i.AbstractProblemLoader Init config took 3.15s 
143104     INFO  main            d.u.i.k.p.i.AbstractProblemLoader Replaying proof danglingElseSolution2.key 
143106     DEBUG main            d.u.i.k.p.i.IntermediateProofReplayer Proof replay took 9.2ns 
143210     INFO  main            d.u.i.k.p.r.p.TestFile    ... finished proof: closed. 
143529     INFO  main            d.u.i.k.p.i.AbstractProblemLoader Loading environment from /home/runner/work/key/key/key.core/../key.ui/examples/standard_key/java_dl/danglingElseSolution2.key.proof 
143529     DEBUG main            d.u.i.k.p.i.AbstractProblemLoader Environment load took 142.5ns 
143530     INFO  main            d.u.i.k.p.i.AbstractProblemLoader Creating init config 
146573     DEBUG main            d.u.i.k.p.i.AbstractProblemLoader Init config took 3.04s 
146591     INFO  main            d.u.i.k.p.i.AbstractProblemLoader Replaying proof danglingElseSolution2.key.proof 
146609     DEBUG main            d.u.i.k.p.i.IntermediateProofReplayer Proof replay took 15.26ms 
146610     DEBUG main            d.u.i.k.p.r.p.TestFile    ... success: reloaded. 
146615     INFO  main            d.u.i.k.p.r.p.TestFile    Now processing file /home/runner/work/key/key/key.core/../key.ui/examples/standard_key/java_dl/deepNonNull/deepNonNull0.key 
146616     INFO  main            d.u.i.k.p.i.AbstractProblemLoader Loading environment from /home/runner/work/key/key/key.core/../key.ui/examples/standard_key/java_dl/deepNonNull/deepNonNull0.key 
146616     DEBUG main            d.u.i.k.p.i.AbstractProblemLoader Environment load took 105.9ns 
146617     INFO  main            d.u.i.k.p.i.AbstractProblemLoader Creating init config 
149761     DEBUG main            d.u.i.k.p.i.AbstractProblemLoader Init config took 3.14s 
149844     INFO  main            d.u.i.k.p.i.AbstractProblemLoader Replaying proof Arrays[Arrays::get()].JML operation contract.0 
149845     DEBUG main            d.u.i.k.p.i.IntermediateProofReplayer Proof replay took 8.9ns 
150049     INFO  main            d.u.i.k.p.r.p.TestFile    ... finished proof: closed. 
150506     INFO  main            d.u.i.k.p.i.AbstractProblemLoader Loading environment from /home/runner/work/key/key/key.core/../key.ui/examples/standard_key/java_dl/deepNonNull/deepNonNull0.key.proof 
150508     DEBUG main            d.u.i.k.p.i.AbstractProblemLoader Environment load took 158.6ns 
150510     INFO  main            d.u.i.k.p.i.AbstractProblemLoader Creating init config 
153755     DEBUG main            d.u.i.k.p.i.AbstractProblemLoader Init config took 3.25s 
153827     INFO  main            d.u.i.k.p.i.AbstractProblemLoader Replaying proof Arrays[Arrays::get()].JML operation contract.0 
153881     DEBUG main            d.u.i.k.p.i.IntermediateProofReplayer Proof replay took 51.35ms 
153882     DEBUG main            d.u.i.k.p.r.p.TestFile    ... success: reloaded. 
153883     INFO  main            d.u.i.k.p.r.p.TestFile    Now processing file /home/runner/work/key/key/key.core/../key.ui/examples/standard_key/java_dl/deepNonNull/deepNonNull1.key 
153883     INFO  main            d.u.i.k.p.i.AbstractProblemLoader Loading environment from /home/runner/work/key/key/key.core/../key.ui/examples/standard_key/java_dl/deepNonNull/deepNonNull1.key 
153884     DEBUG main            d.u.i.k.p.i.AbstractProblemLoader Environment load took 212.9ns 
153885     INFO  main            d.u.i.k.p.i.AbstractProblemLoader Creating init config 
157066     DEBUG main            d.u.i.k.p.i.AbstractProblemLoader Init config took 3.18s 
157112     INFO  main            d.u.i.k.p.i.AbstractProblemLoader Replaying proof Arrays[Arrays::head()].JML operation contract.0 
157114     DEBUG main            d.u.i.k.p.i.IntermediateProofReplayer Proof replay took 68.3ns 
157318     INFO  main            d.u.i.k.p.r.p.TestFile    ... finished proof: closed. 
157664     INFO  main            d.u.i.k.p.i.AbstractProblemLoader Loading environment from /home/runner/work/key/key/key.core/../key.ui/examples/standard_key/java_dl/deepNonNull/deepNonNull1.key.proof 
157664     DEBUG main            d.u.i.k.p.i.AbstractProblemLoader Environment load took 646.09ns 
157666     INFO  main            d.u.i.k.p.i.AbstractProblemLoader Creating init config 
160914     DEBUG main            d.u.i.k.p.i.AbstractProblemLoader Init config took 3.25s 
160961     INFO  main            d.u.i.k.p.i.AbstractProblemLoader Replaying proof Arrays[Arrays::head()].JML operation contract.0 
161010     DEBUG main            d.u.i.k.p.i.IntermediateProofReplayer Proof replay took 45.38ms 
161011     DEBUG main            d.u.i.k.p.r.p.TestFile    ... success: reloaded. 
161011     INFO  main            d.u.i.k.p.r.p.TestFile    Now processing file /home/runner/work/key/key/key.core/../key.ui/examples/standard_key/java_dl/deepNonNull/deepNonNull2.key 
161012     INFO  main            d.u.i.k.p.i.AbstractProblemLoader Loading environment from /home/runner/work/key/key/key.core/../key.ui/examples/standard_key/java_dl/deepNonNull/deepNonNull2.key 
161012     DEBUG main            d.u.i.k.p.i.AbstractProblemLoader Environment load took 126.8ns 
161013     INFO  main            d.u.i.k.p.i.AbstractProblemLoader Creating init config 
164297     DEBUG main            d.u.i.k.p.i.AbstractProblemLoader Init config took 3.28s 
164344     INFO  main            d.u.i.k.p.i.AbstractProblemLoader Replaying proof Arrays[Arrays::unprovable(java.lang.Object)].JML operation contract.0 
164345     DEBUG main            d.u.i.k.p.i.IntermediateProofReplayer Proof replay took 9.6ns 
164457     INFO  main            d.u.i.k.p.r.p.TestFile    ... finished proof: open goal(s) 
164813     INFO  main            d.u.i.k.p.r.p.TestFile    Now processing file /home/runner/work/key/key/key.core/../key.ui/examples/standard_key/java_dl/deepNonNull/deepNonNull3.key 
164814     INFO  main            d.u.i.k.p.i.AbstractProblemLoader Loading environment from /home/runner/work/key/key/key.core/../key.ui/examples/standard_key/java_dl/deepNonNull/deepNonNull3.key 
164814     DEBUG main            d.u.i.k.p.i.AbstractProblemLoader Environment load took 107.2ns 
164815     INFO  main            d.u.i.k.p.i.AbstractProblemLoader Creating init config 
167970     DEBUG main            d.u.i.k.p.i.AbstractProblemLoader Init config took 3.16s 
168017     INFO  main            d.u.i.k.p.i.AbstractProblemLoader Replaying proof Arrays[Arrays::head([[[[Ljava.lang.Object)].JML operation contract.0 
168018     DEBUG main            d.u.i.k.p.i.IntermediateProofReplayer Proof replay took 8.1ns 
169265     INFO  main            d.u.i.k.p.r.p.TestFile    ... finished proof: closed. 
169635     INFO  main            d.u.i.k.p.i.AbstractProblemLoader Loading environment from /home/runner/work/key/key/key.core/../key.ui/examples/standard_key/java_dl/deepNonNull/deepNonNull3.key.proof 
169638     DEBUG main            d.u.i.k.p.i.AbstractProblemLoader Environment load took 2.5ms 
169639     INFO  main            d.u.i.k.p.i.AbstractProblemLoader Creating init config 
172903     DEBUG main            d.u.i.k.p.i.AbstractProblemLoader Init config took 3.26s 
172952     INFO  main            d.u.i.k.p.i.AbstractProblemLoader Replaying proof Arrays[Arrays::head([[[[Ljava.lang.Object)].JML operation contract.0 
173143     DEBUG main            d.u.i.k.p.i.IntermediateProofReplayer Proof replay took 184.23ms 
173144     DEBUG main            d.u.i.k.p.r.p.TestFile    ... success: reloaded. 
173146     INFO  main            d.u.i.k.p.r.p.TestFile    Now processing file /home/runner/work/key/key/key.core/../key.ui/examples/standard_key/java_dl/exceptions.key 
173146     INFO  main            d.u.i.k.p.i.AbstractProblemLoader Loading environment from /home/runner/work/key/key/key.core/../key.ui/examples/standard_key/java_dl/exceptions.key 
173154     DEBUG main            d.u.i.k.p.i.AbstractProblemLoader Environment load took 7.99ms 
173160     INFO  main            d.u.i.k.p.i.AbstractProblemLoader Creating init config 
173206     WARN  main            d.u.i.k.j.r.KeYCrossReferenceNameInfo Datatype java.io.InputStream declared twice: Once in FILE:/home/runner/work/key/key/key.core/../key.ui/examples/standard_key/java_dl/classpath/InputStream.java and once in URL:file:/home/runner/work/key/key/key.core/build/resources/main/de/uka/ilkd/key/java/JavaRedux/java/io/InputStream.java, Keeping one from URL:file:/home/runner/work/key/key/key.core/build/resources/main/de/uka/ilkd/key/java/JavaRedux/java/io/InputStream.java 
173208     WARN  main            d.u.i.k.j.r.KeYCrossReferenceNameInfo Datatype java.lang.System declared twice: Once in FILE:/home/runner/work/key/key/key.core/../key.ui/examples/standard_key/java_dl/classpath/System.java and once in URL:file:/home/runner/work/key/key/key.core/build/resources/main/de/uka/ilkd/key/java/JavaRedux/java/lang/System.java, Keeping one from URL:file:/home/runner/work/key/key/key.core/build/resources/main/de/uka/ilkd/key/java/JavaRedux/java/lang/System.java 
173214     WARN  main            d.u.i.k.j.r.KeYCrossReferenceNameInfo Datatype java.io.PrintStream declared twice: Once in FILE:/home/runner/work/key/key/key.core/../key.ui/examples/standard_key/java_dl/classpath/PrintStream.java and once in URL:file:/home/runner/work/key/key/key.core/build/resources/main/de/uka/ilkd/key/java/JavaRedux/java/io/PrintStream.java, Keeping one from URL:file:/home/runner/work/key/key/key.core/build/resources/main/de/uka/ilkd/key/java/JavaRedux/java/io/PrintStream.java 
173219     DEBUG main            d.u.i.k.j.r.ClassFileDeclarationBuilder Parsing: package java.io; public class Closeable { } 
173220     DEBUG main            r.s.KeYCrossReferenceSourceInfo Dynamically created class: java.io.Closeable 
176403     DEBUG main            d.u.i.k.p.i.AbstractProblemLoader Init config took 3.24s 
176420     INFO  main            d.u.i.k.p.i.AbstractProblemLoader Replaying proof exceptions.key 
176423     DEBUG main            d.u.i.k.p.i.IntermediateProofReplayer Proof replay took 10.2ns 
176626     INFO  main            d.u.i.k.p.r.p.TestFile    ... finished proof: closed. 
177044     INFO  main            d.u.i.k.p.i.AbstractProblemLoader Loading environment from /home/runner/work/key/key/key.core/../key.ui/examples/standard_key/java_dl/exceptions.key.proof 
177045     DEBUG main            d.u.i.k.p.i.AbstractProblemLoader Environment load took 1.87ms 
177047     INFO  main            d.u.i.k.p.i.AbstractProblemLoader Creating init config 
177081     WARN  main            d.u.i.k.j.r.KeYCrossReferenceNameInfo Datatype java.io.InputStream declared twice: Once in FILE:/home/runner/work/key/key/key.core/../key.ui/examples/standard_key/java_dl/classpath/InputStream.java and once in URL:file:/home/runner/work/key/key/key.core/build/resources/main/de/uka/ilkd/key/java/JavaRedux/java/io/InputStream.java, Keeping one from URL:file:/home/runner/work/key/key/key.core/build/resources/main/de/uka/ilkd/key/java/JavaRedux/java/io/InputStream.java 
177082     WARN  main            d.u.i.k.j.r.KeYCrossReferenceNameInfo Datatype java.lang.System declared twice: Once in FILE:/home/runner/work/key/key/key.core/../key.ui/examples/standard_key/java_dl/classpath/System.java and once in URL:file:/home/runner/work/key/key/key.core/build/resources/main/de/uka/ilkd/key/java/JavaRedux/java/lang/System.java, Keeping one from URL:file:/home/runner/work/key/key/key.core/build/resources/main/de/uka/ilkd/key/java/JavaRedux/java/lang/System.java 
177082     WARN  main            d.u.i.k.j.r.KeYCrossReferenceNameInfo Datatype java.io.PrintStream declared twice: Once in FILE:/home/runner/work/key/key/key.core/../key.ui/examples/standard_key/java_dl/classpath/PrintStream.java and once in URL:file:/home/runner/work/key/key/key.core/build/resources/main/de/uka/ilkd/key/java/JavaRedux/java/io/PrintStream.java, Keeping one from URL:file:/home/runner/work/key/key/key.core/build/resources/main/de/uka/ilkd/key/java/JavaRedux/java/io/PrintStream.java 
177085     DEBUG main            d.u.i.k.j.r.ClassFileDeclarationBuilder Parsing: package java.io; public class Closeable { } 
177085     DEBUG main            r.s.KeYCrossReferenceSourceInfo Dynamically created class: java.io.Closeable 
180210     DEBUG main            d.u.i.k.p.i.AbstractProblemLoader Init config took 3.16s 
180229     INFO  main            d.u.i.k.p.i.AbstractProblemLoader Replaying proof exceptions.key.proof 
180293     DEBUG main            d.u.i.k.p.i.IntermediateProofReplayer Proof replay took 60.86ms 
180295     DEBUG main            d.u.i.k.p.r.p.TestFile    ... success: reloaded. 
180296     INFO  main            d.u.i.k.p.r.p.TestFile    Now processing file /home/runner/work/key/key/key.core/../key.ui/examples/standard_key/java_dl/exceptions1.key 
180297     INFO  main            d.u.i.k.p.i.AbstractProblemLoader Loading environment from /home/runner/work/key/key/key.core/../key.ui/examples/standard_key/java_dl/exceptions1.key 
180297     DEBUG main            d.u.i.k.p.i.AbstractProblemLoader Environment load took 192.8ns 
180298     INFO  main            d.u.i.k.p.i.AbstractProblemLoader Creating init config 
183384     DEBUG main            d.u.i.k.p.i.AbstractProblemLoader Init config took 3.09s 
183402     INFO  main            d.u.i.k.p.i.AbstractProblemLoader Replaying proof exceptions1.key 
183405     DEBUG main            d.u.i.k.p.i.IntermediateProofReplayer Proof replay took 10.3ns 
183610     INFO  main            d.u.i.k.p.r.p.TestFile    ... finished proof: closed. 
184035     INFO  main            d.u.i.k.p.i.AbstractProblemLoader Loading environment from /home/runner/work/key/key/key.core/../key.ui/examples/standard_key/java_dl/exceptions1.key.proof 
184035     DEBUG main            d.u.i.k.p.i.AbstractProblemLoader Environment load took 106.3ns 
184037     INFO  main            d.u.i.k.p.i.AbstractProblemLoader Creating init config 
187250     DEBUG main            d.u.i.k.p.i.AbstractProblemLoader Init config took 3.21s 
187274     INFO  main            d.u.i.k.p.i.AbstractProblemLoader Replaying proof exceptions1.key.proof 
187328     DEBUG main            d.u.i.k.p.i.IntermediateProofReplayer Proof replay took 50.95ms 
187329     DEBUG main            d.u.i.k.p.r.p.TestFile    ... success: reloaded. 
187330     INFO  main            d.u.i.k.p.r.p.TestFile    Now processing file /home/runner/work/key/key/key.core/../key.ui/examples/standard_key/java_dl/exceptions2.key 
187331     INFO  main            d.u.i.k.p.i.AbstractProblemLoader Loading environment from /home/runner/work/key/key/key.core/../key.ui/examples/standard_key/java_dl/exceptions2.key 
187331     DEBUG main            d.u.i.k.p.i.AbstractProblemLoader Environment load took 124.9ns 
187332     INFO  main            d.u.i.k.p.i.AbstractProblemLoader Creating init config 
190480     DEBUG main            d.u.i.k.p.i.AbstractProblemLoader Init config took 3.15s 
190498     INFO  main            d.u.i.k.p.i.AbstractProblemLoader Replaying proof exceptions2.key 
190502     DEBUG main            d.u.i.k.p.i.IntermediateProofReplayer Proof replay took 27.1ns 
190704     INFO  main            d.u.i.k.p.r.p.TestFile    ... finished proof: closed. 
191095     INFO  main            d.u.i.k.p.i.AbstractProblemLoader Loading environment from /home/runner/work/key/key/key.core/../key.ui/examples/standard_key/java_dl/exceptions2.key.proof 
191095     DEBUG main            d.u.i.k.p.i.AbstractProblemLoader Environment load took 106.1ns 
191097     INFO  main            d.u.i.k.p.i.AbstractProblemLoader Creating init config 
194209     DEBUG main            d.u.i.k.p.i.AbstractProblemLoader Init config took 3.11s 
194250     INFO  main            d.u.i.k.p.i.AbstractProblemLoader Replaying proof exceptions2.key.proof 
194301     DEBUG main            d.u.i.k.p.i.IntermediateProofReplayer Proof replay took 47.23ms 
194302     DEBUG main            d.u.i.k.p.r.p.TestFile    ... success: reloaded. 
194303     INFO  main            d.u.i.k.p.r.p.TestFile    Now processing file /home/runner/work/key/key/key.core/../key.ui/examples/standard_key/java_dl/exceptions3.key 
194304     INFO  main            d.u.i.k.p.i.AbstractProblemLoader Loading environment from /home/runner/work/key/key/key.core/../key.ui/examples/standard_key/java_dl/exceptions3.key 
194304     DEBUG main            d.u.i.k.p.i.AbstractProblemLoader Environment load took 193.9ns 
194305     INFO  main            d.u.i.k.p.i.AbstractProblemLoader Creating init config 
194336     WARN  main            d.u.i.k.j.r.KeYCrossReferenceNameInfo Datatype java.io.InputStream declared twice: Once in FILE:/home/runner/work/key/key/key.core/../key.ui/examples/standard_key/java_dl/classpath/InputStream.java and once in URL:file:/home/runner/work/key/key/key.core/build/resources/main/de/uka/ilkd/key/java/JavaRedux/java/io/InputStream.java, Keeping one from URL:file:/home/runner/work/key/key/key.core/build/resources/main/de/uka/ilkd/key/java/JavaRedux/java/io/InputStream.java 
194337     WARN  main            d.u.i.k.j.r.KeYCrossReferenceNameInfo Datatype java.lang.System declared twice: Once in FILE:/home/runner/work/key/key/key.core/../key.ui/examples/standard_key/java_dl/classpath/System.java and once in URL:file:/home/runner/work/key/key/key.core/build/resources/main/de/uka/ilkd/key/java/JavaRedux/java/lang/System.java, Keeping one from URL:file:/home/runner/work/key/key/key.core/build/resources/main/de/uka/ilkd/key/java/JavaRedux/java/lang/System.java 
194337     WARN  main            d.u.i.k.j.r.KeYCrossReferenceNameInfo Datatype java.io.PrintStream declared twice: Once in FILE:/home/runner/work/key/key/key.core/../key.ui/examples/standard_key/java_dl/classpath/PrintStream.java and once in URL:file:/home/runner/work/key/key/key.core/build/resources/main/de/uka/ilkd/key/java/JavaRedux/java/io/PrintStream.java, Keeping one from URL:file:/home/runner/work/key/key/key.core/build/resources/main/de/uka/ilkd/key/java/JavaRedux/java/io/PrintStream.java 
194340     DEBUG main            d.u.i.k.j.r.ClassFileDeclarationBuilder Parsing: package java.io; public class Closeable { } 
194341     DEBUG main            r.s.KeYCrossReferenceSourceInfo Dynamically created class: java.io.Closeable 
197623     DEBUG main            d.u.i.k.p.i.AbstractProblemLoader Init config took 3.32s 
197640     INFO  main            d.u.i.k.p.i.AbstractProblemLoader Replaying proof exceptions3.key 
197642     DEBUG main            d.u.i.k.p.i.IntermediateProofReplayer Proof replay took 10.2ns 
197746     INFO  main            d.u.i.k.p.r.p.TestFile    ... finished proof: closed. 
198116     INFO  main            d.u.i.k.p.i.AbstractProblemLoader Loading environment from /home/runner/work/key/key/key.core/../key.ui/examples/standard_key/java_dl/exceptions3.key.proof 
198116     DEBUG main            d.u.i.k.p.i.AbstractProblemLoader Environment load took 100.4ns 
198118     INFO  main            d.u.i.k.p.i.AbstractProblemLoader Creating init config 
198147     WARN  main            d.u.i.k.j.r.KeYCrossReferenceNameInfo Datatype java.io.InputStream declared twice: Once in FILE:/home/runner/work/key/key/key.core/../key.ui/examples/standard_key/java_dl/classpath/InputStream.java and once in URL:file:/home/runner/work/key/key/key.core/build/resources/main/de/uka/ilkd/key/java/JavaRedux/java/io/InputStream.java, Keeping one from URL:file:/home/runner/work/key/key/key.core/build/resources/main/de/uka/ilkd/key/java/JavaRedux/java/io/InputStream.java 
198148     WARN  main            d.u.i.k.j.r.KeYCrossReferenceNameInfo Datatype java.lang.System declared twice: Once in FILE:/home/runner/work/key/key/key.core/../key.ui/examples/standard_key/java_dl/classpath/System.java and once in URL:file:/home/runner/work/key/key/key.core/build/resources/main/de/uka/ilkd/key/java/JavaRedux/java/lang/System.java, Keeping one from URL:file:/home/runner/work/key/key/key.core/build/resources/main/de/uka/ilkd/key/java/JavaRedux/java/lang/System.java 
198148     WARN  main            d.u.i.k.j.r.KeYCrossReferenceNameInfo Datatype java.io.PrintStream declared twice: Once in FILE:/home/runner/work/key/key/key.core/../key.ui/examples/standard_key/java_dl/classpath/PrintStream.java and once in URL:file:/home/runner/work/key/key/key.core/build/resources/main/de/uka/ilkd/key/java/JavaRedux/java/io/PrintStream.java, Keeping one from URL:file:/home/runner/work/key/key/key.core/build/resources/main/de/uka/ilkd/key/java/JavaRedux/java/io/PrintStream.java 
198152     DEBUG main            d.u.i.k.j.r.ClassFileDeclarationBuilder Parsing: package java.io; public class Closeable { } 
198152     DEBUG main            r.s.KeYCrossReferenceSourceInfo Dynamically created class: java.io.Closeable 
201364     DEBUG main            d.u.i.k.p.i.AbstractProblemLoader Init config took 3.25s 
201384     INFO  main            d.u.i.k.p.i.AbstractProblemLoader Replaying proof exceptions3.key.proof 
201393     DEBUG main            d.u.i.k.p.i.IntermediateProofReplayer Proof replay took 5.62ms 
201395     DEBUG main            d.u.i.k.p.r.p.TestFile    ... success: reloaded. 
201396     INFO  main            d.u.i.k.p.r.p.TestFile    Now processing file /home/runner/work/key/key/key.core/../key.ui/examples/standard_key/java_dl/exchange.key 
201397     INFO  main            d.u.i.k.p.i.AbstractProblemLoader Loading environment from /home/runner/work/key/key/key.core/../key.ui/examples/standard_key/java_dl/exchange.key 
201397     DEBUG main            d.u.i.k.p.i.AbstractProblemLoader Environment load took 199.2ns 
201398     INFO  main            d.u.i.k.p.i.AbstractProblemLoader Creating init config 
204564     DEBUG main            d.u.i.k.p.i.AbstractProblemLoader Init config took 3.17s 
204584     INFO  main            d.u.i.k.p.i.AbstractProblemLoader Replaying proof exchange.key 
204586     DEBUG main            d.u.i.k.p.i.IntermediateProofReplayer Proof replay took 11.1ns 
204690     INFO  main            d.u.i.k.p.r.p.TestFile    ... finished proof: closed. 
205202     INFO  main            d.u.i.k.p.i.AbstractProblemLoader Loading environment from /home/runner/work/key/key/key.core/../key.ui/examples/standard_key/java_dl/exchange.key.proof 
205202     DEBUG main            d.u.i.k.p.i.AbstractProblemLoader Environment load took 109.4ns 
205203     INFO  main            d.u.i.k.p.i.AbstractProblemLoader Creating init config 
208250     DEBUG main            d.u.i.k.p.i.AbstractProblemLoader Init config took 3.05s 
208270     INFO  main            d.u.i.k.p.i.AbstractProblemLoader Replaying proof exchange.key.proof 
208278     DEBUG main            d.u.i.k.p.i.IntermediateProofReplayer Proof replay took 5.09ms 
208279     DEBUG main            d.u.i.k.p.r.p.TestFile    ... success: reloaded. 
208279     INFO  main            d.u.i.k.p.r.p.TestFile    Now processing file /home/runner/work/key/key/key.core/../key.ui/examples/standard_key/java_dl/if.key 
208280     INFO  main            d.u.i.k.p.i.AbstractProblemLoader Loading environment from /home/runner/work/key/key/key.core/../key.ui/examples/standard_key/java_dl/if.key 
208280     DEBUG main            d.u.i.k.p.i.AbstractProblemLoader Environment load took 105ns 
208281     INFO  main            d.u.i.k.p.i.AbstractProblemLoader Creating init config 
211298     DEBUG main            d.u.i.k.p.i.AbstractProblemLoader Init config took 3.02s 
211326     INFO  main            d.u.i.k.p.i.AbstractProblemLoader Replaying proof if.key 
211329     DEBUG main            d.u.i.k.p.i.IntermediateProofReplayer Proof replay took 11.5ns 
211432     INFO  main            d.u.i.k.p.r.p.TestFile    ... finished proof: closed. 
211831     INFO  main            d.u.i.k.p.i.AbstractProblemLoader Loading environment from /home/runner/work/key/key/key.core/../key.ui/examples/standard_key/java_dl/if.key.proof 
211831     DEBUG main            d.u.i.k.p.i.AbstractProblemLoader Environment load took 127.7ns 
211832     INFO  main            d.u.i.k.p.i.AbstractProblemLoader Creating init config 
214800     DEBUG main            d.u.i.k.p.i.AbstractProblemLoader Init config took 2.97s 
214817     INFO  main            d.u.i.k.p.i.AbstractProblemLoader Replaying proof if.key.proof 
214823     DEBUG main            d.u.i.k.p.i.IntermediateProofReplayer Proof replay took 3.59ms 
214824     DEBUG main            d.u.i.k.p.r.p.TestFile    ... success: reloaded. 
214824     INFO  main            d.u.i.k.p.r.p.TestFile    Now processing file /home/runner/work/key/key/key.core/../key.ui/examples/standard_key/java_dl/incrementcounter.key 
214825     INFO  main            d.u.i.k.p.i.AbstractProblemLoader Loading environment from /home/runner/work/key/key/key.core/../key.ui/examples/standard_key/java_dl/incrementcounter.key 
214825     DEBUG main            d.u.i.k.p.i.AbstractProblemLoader Environment load took 62.2ns 
214827     INFO  main            d.u.i.k.p.i.AbstractProblemLoader Creating init config 
217911     DEBUG main            d.u.i.k.p.i.AbstractProblemLoader Init config took 3.08s 
217928     INFO  main            d.u.i.k.p.i.AbstractProblemLoader Replaying proof incrementcounter.key 
217930     DEBUG main            d.u.i.k.p.i.IntermediateProofReplayer Proof replay took 45.2ns 
218032     INFO  main            d.u.i.k.p.r.p.TestFile    ... finished proof: closed. 
218452     INFO  main            d.u.i.k.p.i.AbstractProblemLoader Loading environment from /home/runner/work/key/key/key.core/../key.ui/examples/standard_key/java_dl/incrementcounter.key.proof 
218453     DEBUG main            d.u.i.k.p.i.AbstractProblemLoader Environment load took 245.4ns 
218454     INFO  main            d.u.i.k.p.i.AbstractProblemLoader Creating init config 
221501     DEBUG main            d.u.i.k.p.i.AbstractProblemLoader Init config took 3.05s 
221519     INFO  main            d.u.i.k.p.i.AbstractProblemLoader Replaying proof incrementcounter.key.proof 
221525     DEBUG main            d.u.i.k.p.i.IntermediateProofReplayer Proof replay took 2.75ms 
221526     DEBUG main            d.u.i.k.p.r.p.TestFile    ... success: reloaded. 
221526     INFO  main            d.u.i.k.p.r.p.TestFile    Now processing file /home/runner/work/key/key/key.core/../key.ui/examples/standard_key/java_dl/danglingElse.key 
221527     INFO  main            d.u.i.k.p.i.AbstractProblemLoader Loading environment from /home/runner/work/key/key/key.core/../key.ui/examples/standard_key/java_dl/danglingElse.key 
221527     DEBUG main            d.u.i.k.p.i.AbstractProblemLoader Environment load took 99.5ns 
221528     INFO  main            d.u.i.k.p.i.AbstractProblemLoader Creating init config 
224743     DEBUG main            d.u.i.k.p.i.AbstractProblemLoader Init config took 3.21s 
224782     INFO  main            d.u.i.k.p.i.AbstractProblemLoader Replaying proof danglingElse.key 
224785     DEBUG main            d.u.i.k.p.i.IntermediateProofReplayer Proof replay took 9.3ns 
224890     INFO  main            d.u.i.k.p.r.p.TestFile    ... finished proof: open goal(s) 
225300     INFO  main            d.u.i.k.p.r.p.TestFile    Now processing file /home/runner/work/key/key/key.core/../key.ui/examples/standard_key/java_dl/iteratedAssignment.key 
225302     INFO  main            d.u.i.k.p.i.AbstractProblemLoader Loading environment from /home/runner/work/key/key/key.core/../key.ui/examples/standard_key/java_dl/iteratedAssignment.key 
225302     DEBUG main            d.u.i.k.p.i.AbstractProblemLoader Environment load took 105.3ns 
225304     INFO  main            d.u.i.k.p.i.AbstractProblemLoader Creating init config 
228366     DEBUG main            d.u.i.k.p.i.AbstractProblemLoader Init config took 3.06s 
228386     INFO  main            d.u.i.k.p.i.AbstractProblemLoader Replaying proof iteratedAssignment.key 
228389     DEBUG main            d.u.i.k.p.i.IntermediateProofReplayer Proof replay took 9.7ns 
228793     INFO  main            d.u.i.k.p.r.p.TestFile    ... finished proof: closed. 
229200     INFO  main            d.u.i.k.p.i.AbstractProblemLoader Loading environment from /home/runner/work/key/key/key.core/../key.ui/examples/standard_key/java_dl/iteratedAssignment.key.proof 
229201     DEBUG main            d.u.i.k.p.i.AbstractProblemLoader Environment load took 606.39ns 
229202     INFO  main            d.u.i.k.p.i.AbstractProblemLoader Creating init config 
232180     DEBUG main            d.u.i.k.p.i.AbstractProblemLoader Init config took 2.98s 
232215     INFO  main            d.u.i.k.p.i.AbstractProblemLoader Replaying proof iteratedAssignment.key.proof 
232304     DEBUG main            d.u.i.k.p.i.IntermediateProofReplayer Proof replay took 85.05ms 
232306     DEBUG main            d.u.i.k.p.r.p.TestFile    ... success: reloaded. 
232307     INFO  main            d.u.i.k.p.r.p.TestFile    Now processing file /home/runner/work/key/key/key.core/../key.ui/examples/standard_key/java_dl/assert/assert1.key 
232307     INFO  main            d.u.i.k.p.i.AbstractProblemLoader Loading environment from /home/runner/work/key/key/key.core/../key.ui/examples/standard_key/java_dl/assert/assert1.key 
232308     DEBUG main            d.u.i.k.p.i.AbstractProblemLoader Environment load took 203.5ns 
232309     INFO  main            d.u.i.k.p.i.AbstractProblemLoader Creating init config 
235525     DEBUG main            d.u.i.k.p.i.AbstractProblemLoader Init config took 3.22s 
235571     INFO  main            d.u.i.k.p.i.AbstractProblemLoader Replaying proof C[C::foo()].JML normal_behavior operation contract.0 
235574     DEBUG main            d.u.i.k.p.i.IntermediateProofReplayer Proof replay took 10.1ns 
235777     INFO  main            d.u.i.k.p.r.p.TestFile    ... finished proof: open goal(s) 
236243     INFO  main            d.u.i.k.p.r.p.TestFile    Now processing file /home/runner/work/key/key/key.core/../key.ui/examples/standard_key/java_dl/assert/assert2.key 
236245     INFO  main            d.u.i.k.p.i.AbstractProblemLoader Loading environment from /home/runner/work/key/key/key.core/../key.ui/examples/standard_key/java_dl/assert/assert2.key 
236245     DEBUG main            d.u.i.k.p.i.AbstractProblemLoader Environment load took 241.1ns 
236247     INFO  main            d.u.i.k.p.i.AbstractProblemLoader Creating init config 
239372     DEBUG main            d.u.i.k.p.i.AbstractProblemLoader Init config took 3.13s 
239419     INFO  main            d.u.i.k.p.i.AbstractProblemLoader Replaying proof C[C::bar()].JML exceptional_behavior operation contract.0 
239422     DEBUG main            d.u.i.k.p.i.IntermediateProofReplayer Proof replay took 10.6ns 
239626     INFO  main            d.u.i.k.p.r.p.TestFile    ... finished proof: closed. 
240054     INFO  main            d.u.i.k.p.i.AbstractProblemLoader Loading environment from /home/runner/work/key/key/key.core/../key.ui/examples/standard_key/java_dl/assert/assert2.key.proof 
240054     DEBUG main            d.u.i.k.p.i.AbstractProblemLoader Environment load took 123ns 
240055     INFO  main            d.u.i.k.p.i.AbstractProblemLoader Creating init config 
243140     DEBUG main            d.u.i.k.p.i.AbstractProblemLoader Init config took 3.08s 
243185     INFO  main            d.u.i.k.p.i.AbstractProblemLoader Replaying proof C[C::bar()].JML exceptional_behavior operation contract.0 
243248     DEBUG main            d.u.i.k.p.i.IntermediateProofReplayer Proof replay took 60.05ms 
243253     DEBUG main            d.u.i.k.p.r.p.TestFile    ... success: reloaded. 
243255     INFO  main            d.u.i.k.p.r.p.TestFile    Now processing file /home/runner/work/key/key/key.core/../key.ui/examples/standard_key/java_dl/assert/assert3.key 
243255     INFO  main            d.u.i.k.p.i.AbstractProblemLoader Loading environment from /home/runner/work/key/key/key.core/../key.ui/examples/standard_key/java_dl/assert/assert3.key 
243255     DEBUG main            d.u.i.k.p.i.AbstractProblemLoader Environment load took 187.9ns 
243257     INFO  main            d.u.i.k.p.i.AbstractProblemLoader Creating init config 
246396     DEBUG main            d.u.i.k.p.i.AbstractProblemLoader Init config took 3.14s 
246438     INFO  main            d.u.i.k.p.i.AbstractProblemLoader Replaying proof C[C::foo()].JML normal_behavior operation contract.0 
246441     DEBUG main            d.u.i.k.p.i.IntermediateProofReplayer Proof replay took 10.6ns 
246544     INFO  main            d.u.i.k.p.r.p.TestFile    ... finished proof: open goal(s) 
246994     INFO  main            d.u.i.k.p.r.p.TestFile    Now processing file /home/runner/work/key/key/key.core/../key.ui/examples/standard_key/java_dl/java5/vararg.key 
246995     INFO  main            d.u.i.k.p.i.AbstractProblemLoader Loading environment from /home/runner/work/key/key/key.core/../key.ui/examples/standard_key/java_dl/java5/vararg.key 
246995     DEBUG main            d.u.i.k.p.i.AbstractProblemLoader Environment load took 187.8ns 
246996     INFO  main            d.u.i.k.p.i.AbstractProblemLoader Creating init config 
248168     DEBUG main            d.u.i.k.j.r.ClassPreparationMethodBuilder clPrepBuilder: Inner Class detected. Reject building class initialisation methods. 
250647     DEBUG main            d.u.i.k.p.i.AbstractProblemLoader Init config took 3.65s 
250684     INFO  main            d.u.i.k.p.i.AbstractProblemLoader Replaying proof vararg.key 
250688     DEBUG main            d.u.i.k.p.i.IntermediateProofReplayer Proof replay took 10.6ns 
251034     DEBUG Thread-101      d.u.i.k.j.d.VariableSpecification Program match. Variables have different dimension (template #v0 = #vi;, source var#17[] = new java.lang.Object[]{d1, d2};) 
251236     DEBUG Thread-101      d.u.i.k.j.d.VariableSpecification Program match. Variables have different dimension (template #v0 = #vi;, source var#24[] = new java.lang.Object[]{d1, d2};) 
251429     DEBUG Thread-101      d.u.i.k.j.d.VariableSpecification Program match. Variables have different dimension (template #v0 = #vi;, source var#33[] = new java.lang.Object[]{var_1};) 
251430     DEBUG Thread-101      d.u.i.k.j.d.VariableSpecification Program match. Variables have different dimension (template #v0 = #vi;, source var#33[] = new java.lang.Object[]{var_1};) 
251584     DEBUG Thread-101      d.u.i.k.j.d.VariableSpecification Program match. Variables have different dimension (template #v0 = #vi;, source var#39[] = new java.lang.Object[]{null, null};) 
251777     DEBUG Thread-101      d.u.i.k.j.d.VariableSpecification Program match. Variables have different dimension (template #v0 = #vi;, source var#46[] = new java.lang.Object[]{};) 
252318     INFO  main            d.u.i.k.p.r.p.TestFile    ... finished proof: closed. 
252840     INFO  main            d.u.i.k.p.i.AbstractProblemLoader Loading environment from /home/runner/work/key/key/key.core/../key.ui/examples/standard_key/java_dl/java5/vararg.key.proof 
252841     DEBUG main            d.u.i.k.p.i.AbstractProblemLoader Environment load took 476.3ns 
252843     INFO  main            d.u.i.k.p.i.AbstractProblemLoader Creating init config 
253986     DEBUG main            d.u.i.k.j.r.ClassPreparationMethodBuilder clPrepBuilder: Inner Class detected. Reject building class initialisation methods. 
256384     DEBUG main            d.u.i.k.p.i.AbstractProblemLoader Init config took 3.54s 
256421     INFO  main            d.u.i.k.p.i.AbstractProblemLoader Replaying proof vararg.key.proof 
257027     DEBUG main            d.u.i.k.p.i.IntermediateProofReplayer Proof replay took 587.58ms 
257029     DEBUG main            d.u.i.k.p.r.p.TestFile    ... success: reloaded. 
257030     INFO  main            d.u.i.k.p.r.p.TestFile    Now processing file /home/runner/work/key/key/key.core/../key.ui/examples/standard_key/java_dl/java5/for_Array.key 
257030     INFO  main            d.u.i.k.p.i.AbstractProblemLoader Loading environment from /home/runner/work/key/key/key.core/../key.ui/examples/standard_key/java_dl/java5/for_Array.key 
257031     DEBUG main            d.u.i.k.p.i.AbstractProblemLoader Environment load took 213.8ns 
257032     INFO  main            d.u.i.k.p.i.AbstractProblemLoader Creating init config 
258139     DEBUG main            d.u.i.k.j.r.ClassPreparationMethodBuilder clPrepBuilder: Inner Class detected. Reject building class initialisation methods. 
260577     DEBUG main            d.u.i.k.p.i.AbstractProblemLoader Init config took 3.55s 
260682     INFO  main            d.u.i.k.p.i.AbstractProblemLoader Replaying proof For[For::sum([I)].JML operation contract.0 
260684     DEBUG main            d.u.i.k.p.i.IntermediateProofReplayer Proof replay took 65.9ns 
261188     INFO  main            d.u.i.k.p.r.p.TestFile    ... finished proof: closed. 
261772     INFO  main            d.u.i.k.p.i.AbstractProblemLoader Loading environment from /home/runner/work/key/key/key.core/../key.ui/examples/standard_key/java_dl/java5/for_Array.key.proof 
261772     DEBUG main            d.u.i.k.p.i.AbstractProblemLoader Environment load took 183.5ns 
261774     INFO  main            d.u.i.k.p.i.AbstractProblemLoader Creating init config 
262863     DEBUG main            d.u.i.k.j.r.ClassPreparationMethodBuilder clPrepBuilder: Inner Class detected. Reject building class initialisation methods. 
265263     DEBUG main            d.u.i.k.p.i.AbstractProblemLoader Init config took 3.49s 
265333     INFO  main            d.u.i.k.p.i.AbstractProblemLoader Replaying proof For[For::sum([I)].JML operation contract.0 
265492     DEBUG main            d.u.i.k.p.i.IntermediateProofReplayer Proof replay took 154.45ms 
265493     DEBUG main            d.u.i.k.p.r.p.TestFile    ... success: reloaded. 
265494     INFO  main            d.u.i.k.p.r.p.TestFile    Now processing file /home/runner/work/key/key/key.core/../key.ui/examples/standard_key/java_dl/java5/for_Iterable.key 
265494     INFO  main            d.u.i.k.p.i.AbstractProblemLoader Loading environment from /home/runner/work/key/key/key.core/../key.ui/examples/standard_key/java_dl/java5/for_Iterable.key 
265495     DEBUG main            d.u.i.k.p.i.AbstractProblemLoader Environment load took 269.9ns 
265496     INFO  main            d.u.i.k.p.i.AbstractProblemLoader Creating init config 
266542     DEBUG main            d.u.i.k.j.r.ClassPreparationMethodBuilder clPrepBuilder: Inner Class detected. Reject building class initialisation methods. 
268899     DEBUG main            d.u.i.k.p.i.AbstractProblemLoader Init config took 3.4s 
268979     INFO  main            d.u.i.k.p.i.AbstractProblemLoader Replaying proof For[For::infiniteLoop(For)].JML operation contract.0 
268981     DEBUG main            d.u.i.k.p.i.IntermediateProofReplayer Proof replay took 9.1ns 
269183     INFO  main            d.u.i.k.p.r.p.TestFile    ... finished proof: closed. 
269715     INFO  main            d.u.i.k.p.i.AbstractProblemLoader Loading environment from /home/runner/work/key/key/key.core/../key.ui/examples/standard_key/java_dl/java5/for_Iterable.key.proof 
269715     DEBUG main            d.u.i.k.p.i.AbstractProblemLoader Environment load took 132.9ns 
269716     INFO  main            d.u.i.k.p.i.AbstractProblemLoader Creating init config 
270781     DEBUG main            d.u.i.k.j.r.ClassPreparationMethodBuilder clPrepBuilder: Inner Class detected. Reject building class initialisation methods. 
273019     DEBUG main            d.u.i.k.p.i.AbstractProblemLoader Init config took 3.3s 
273100     INFO  main            d.u.i.k.p.i.AbstractProblemLoader Replaying proof For[For::infiniteLoop(For)].JML operation contract.0 
273183     DEBUG main            d.u.i.k.p.i.IntermediateProofReplayer Proof replay took 78.98ms 
273184     DEBUG main            d.u.i.k.p.r.p.TestFile    ... success: reloaded. 
273185     INFO  main            d.u.i.k.p.r.p.TestFile    Now processing file /home/runner/work/key/key/key.core/../key.ui/examples/standard_key/java_dl/java5/for_ReferenceArray.key 
273185     INFO  main            d.u.i.k.p.i.AbstractProblemLoader Loading environment from /home/runner/work/key/key/key.core/../key.ui/examples/standard_key/java_dl/java5/for_ReferenceArray.key 
273186     DEBUG main            d.u.i.k.p.i.AbstractProblemLoader Environment load took 219.3ns 
273187     INFO  main            d.u.i.k.p.i.AbstractProblemLoader Creating init config 
274283     DEBUG main            d.u.i.k.j.r.ClassPreparationMethodBuilder clPrepBuilder: Inner Class detected. Reject building class initialisation methods. 
276609     DEBUG main            d.u.i.k.p.i.AbstractProblemLoader Init config took 3.42s 
276677     INFO  main            d.u.i.k.p.i.AbstractProblemLoader Replaying proof ForReferenceArray[ForReferenceArray::foo([Ljava.lang.Object)].JML operation contract.0 
276680     DEBUG main            d.u.i.k.p.i.IntermediateProofReplayer Proof replay took 8.1ns 
277085     INFO  main            d.u.i.k.p.r.p.TestFile    ... finished proof: closed. 
277589     INFO  main            d.u.i.k.p.i.AbstractProblemLoader Loading environment from /home/runner/work/key/key/key.core/../key.ui/examples/standard_key/java_dl/java5/for_ReferenceArray.key.proof 
277589     DEBUG main            d.u.i.k.p.i.AbstractProblemLoader Environment load took 124.9ns 
277590     INFO  main            d.u.i.k.p.i.AbstractProblemLoader Creating init config 
278588     DEBUG main            d.u.i.k.j.r.ClassPreparationMethodBuilder clPrepBuilder: Inner Class detected. Reject building class initialisation methods. 
280831     DEBUG main            d.u.i.k.p.i.AbstractProblemLoader Init config took 3.24s 
280898     INFO  main            d.u.i.k.p.i.AbstractProblemLoader Replaying proof ForReferenceArray[ForReferenceArray::foo([Ljava.lang.Object)].JML operation contract.0 
281016     DEBUG main            d.u.i.k.p.i.IntermediateProofReplayer Proof replay took 113.78ms 
281017     DEBUG main            d.u.i.k.p.r.p.TestFile    ... success: reloaded. 
281019     INFO  main            d.u.i.k.p.r.p.TestFile    Now processing file /home/runner/work/key/key/key.core/../key.ui/examples/standard_key/java_dl/jml-bigint/cast.key 
281019     INFO  main            d.u.i.k.p.i.AbstractProblemLoader Loading environment from /home/runner/work/key/key/key.core/../key.ui/examples/standard_key/java_dl/jml-bigint/cast.key 
281019     DEBUG main            d.u.i.k.p.i.AbstractProblemLoader Environment load took 188.8ns 
281020     INFO  main            d.u.i.k.p.i.AbstractProblemLoader Creating init config 
284275     DEBUG main            d.u.i.k.p.i.AbstractProblemLoader Init config took 3.25s 
284327     INFO  main            d.u.i.k.p.i.AbstractProblemLoader Replaying proof Mult[Mult::cast()].JML operation contract.0 
284333     DEBUG main            d.u.i.k.p.i.IntermediateProofReplayer Proof replay took 9.8ns 
284435     INFO  main            d.u.i.k.p.r.p.TestFile    ... finished proof: closed. 
284901     INFO  main            d.u.i.k.p.i.AbstractProblemLoader Loading environment from /home/runner/work/key/key/key.core/../key.ui/examples/standard_key/java_dl/jml-bigint/cast.key.proof 
284901     DEBUG main            d.u.i.k.p.i.AbstractProblemLoader Environment load took 115.3ns 
284902     INFO  main            d.u.i.k.p.i.AbstractProblemLoader Creating init config 
288027     DEBUG main            d.u.i.k.p.i.AbstractProblemLoader Init config took 3.12s 
288076     INFO  main            d.u.i.k.p.i.AbstractProblemLoader Replaying proof Mult[Mult::cast()].JML operation contract.0 
288097     DEBUG main            d.u.i.k.p.i.IntermediateProofReplayer Proof replay took 18.76ms 
288098     DEBUG main            d.u.i.k.p.r.p.TestFile    ... success: reloaded. 
288100     INFO  main            d.u.i.k.p.r.p.TestFile    Now processing file /home/runner/work/key/key/key.core/../key.ui/examples/standard_key/java_dl/jml-free/loopInvFree.key 
288100     INFO  main            d.u.i.k.p.i.AbstractProblemLoader Loading environment from /home/runner/work/key/key/key.core/../key.ui/examples/standard_key/java_dl/jml-free/loopInvFree.key 
288100     DEBUG main            d.u.i.k.p.i.AbstractProblemLoader Environment load took 196.7ns 
288101     INFO  main            d.u.i.k.p.i.AbstractProblemLoader Creating init config 
291273     DEBUG main            d.u.i.k.p.i.AbstractProblemLoader Init config took 3.17s 
291315     INFO  main            d.u.i.k.p.i.AbstractProblemLoader Replaying proof LoopInvFree[LoopInvFree::test()].JML operation contract.0 
291316     DEBUG main            d.u.i.k.p.i.IntermediateProofReplayer Proof replay took 8.9ns 
291519     INFO  main            d.u.i.k.p.r.p.TestFile    ... finished proof: closed. 
292178     INFO  main            d.u.i.k.p.i.AbstractProblemLoader Loading environment from /home/runner/work/key/key/key.core/../key.ui/examples/standard_key/java_dl/jml-free/loopInvFree.key.proof 
292178     DEBUG main            d.u.i.k.p.i.AbstractProblemLoader Environment load took 101.5ns 
292179     INFO  main            d.u.i.k.p.i.AbstractProblemLoader Creating init config 
295229     DEBUG main            d.u.i.k.p.i.AbstractProblemLoader Init config took 3.05s 
295272     INFO  main            d.u.i.k.p.i.AbstractProblemLoader Replaying proof LoopInvFree[LoopInvFree::test()].JML operation contract.0 
295349     DEBUG main            d.u.i.k.p.i.IntermediateProofReplayer Proof replay took 74.69ms 
295350     DEBUG main            d.u.i.k.p.r.p.TestFile    ... success: reloaded. 
295352     INFO  main            d.u.i.k.p.r.p.TestFile    Now processing file /home/runner/work/key/key/key.core/../key.ui/examples/standard_key/java_dl/jml-free/ensuresFree.key 
295352     INFO  main            d.u.i.k.p.i.AbstractProblemLoader Loading environment from /home/runner/work/key/key/key.core/../key.ui/examples/standard_key/java_dl/jml-free/ensuresFree.key 
295352     DEBUG main            d.u.i.k.p.i.AbstractProblemLoader Environment load took 298.5ns 
295354     INFO  main            d.u.i.k.p.i.AbstractProblemLoader Creating init config 
298511     DEBUG main            d.u.i.k.p.i.AbstractProblemLoader Init config took 3.16s 
298557     INFO  main            d.u.i.k.p.i.AbstractProblemLoader Replaying proof EnsuresFree[EnsuresFree::test()].JML operation contract.0 
298559     DEBUG main            d.u.i.k.p.i.IntermediateProofReplayer Proof replay took 179.1ns 
298661     INFO  main            d.u.i.k.p.r.p.TestFile    ... finished proof: closed. 
299177     INFO  main            d.u.i.k.p.i.AbstractProblemLoader Loading environment from /home/runner/work/key/key/key.core/../key.ui/examples/standard_key/java_dl/jml-free/ensuresFree.key.proof 
299177     DEBUG main            d.u.i.k.p.i.AbstractProblemLoader Environment load took 111.2ns 
299178     INFO  main            d.u.i.k.p.i.AbstractProblemLoader Creating init config 
302148     DEBUG main            d.u.i.k.p.i.AbstractProblemLoader Init config took 2.97s 
302190     INFO  main            d.u.i.k.p.i.AbstractProblemLoader Replaying proof EnsuresFree[EnsuresFree::test()].JML operation contract.0 
302216     DEBUG main            d.u.i.k.p.i.IntermediateProofReplayer Proof replay took 23.27ms 
302217     DEBUG main            d.u.i.k.p.r.p.TestFile    ... success: reloaded. 
302218     INFO  main            d.u.i.k.p.r.p.TestFile    Now processing file /home/runner/work/key/key/key.core/../key.ui/examples/standard_key/java_dl/jml-information-flow.key 
302218     INFO  main            d.u.i.k.p.i.AbstractProblemLoader Loading environment from /home/runner/work/key/key/key.core/../key.ui/examples/standard_key/java_dl/jml-information-flow.key 
302219     DEBUG main            d.u.i.k.p.i.AbstractProblemLoader Environment load took 90.5ns 
302226     INFO  main            d.u.i.k.p.i.AbstractProblemLoader Creating init config 
305558     DEBUG main            d.u.i.k.p.i.AbstractProblemLoader Init config took 3.33s 
305584     INFO  main            d.u.i.k.p.i.AbstractProblemLoader Replaying proof jml-information-flow.key 
305586     DEBUG main            d.u.i.k.p.i.IntermediateProofReplayer Proof replay took 8.1ns 
449252     INFO  main            d.u.i.k.p.r.p.TestFile    ... finished proof: closed. 
450057     INFO  main            d.u.i.k.p.i.AbstractProblemLoader Loading environment from /home/runner/work/key/key/key.core/../key.ui/examples/standard_key/java_dl/jml-information-flow.key.proof 
450058     DEBUG main            d.u.i.k.p.i.AbstractProblemLoader Environment load took 427.8ns 
450069     INFO  main            d.u.i.k.p.i.AbstractProblemLoader Creating init config 
453329     DEBUG main            d.u.i.k.p.i.AbstractProblemLoader Init config took 3.26s 
453352     INFO  main            d.u.i.k.p.i.AbstractProblemLoader Replaying proof jml-information-flow.key.proof 
458366     DEBUG main            d.u.i.k.p.i.IntermediateProofReplayer Proof replay took 4.88s 
458376     DEBUG main            d.u.i.k.p.r.p.TestFile    ... success: reloaded. 
458377     INFO  main            d.u.i.k.p.r.p.TestFile    Now processing file /home/runner/work/key/key/key.core/../key.ui/examples/standard_key/java_dl/jml-min/min-unprovable1.key 
458377     INFO  main            d.u.i.k.p.i.AbstractProblemLoader Loading environment from /home/runner/work/key/key/key.core/../key.ui/examples/standard_key/java_dl/jml-min/min-unprovable1.key 
458377     DEBUG main            d.u.i.k.p.i.AbstractProblemLoader Environment load took 175.4ns 
458378     INFO  main            d.u.i.k.p.i.AbstractProblemLoader Creating init config 
461725     DEBUG main            d.u.i.k.p.i.AbstractProblemLoader Init config took 3.35s 
461765     INFO  main            d.u.i.k.p.i.AbstractProblemLoader Replaying proof Min[Min::foo()].JML operation contract.0 
461766     DEBUG main            d.u.i.k.p.i.IntermediateProofReplayer Proof replay took 8.6ns 
461869     INFO  main            d.u.i.k.p.r.p.TestFile    ... finished proof: open goal(s) 
462582     INFO  main            d.u.i.k.p.r.p.TestFile    Now processing file /home/runner/work/key/key/key.core/../key.ui/examples/standard_key/java_dl/jml-min/min-unprovable2.key 
462583     INFO  main            d.u.i.k.p.i.AbstractProblemLoader Loading environment from /home/runner/work/key/key/key.core/../key.ui/examples/standard_key/java_dl/jml-min/min-unprovable2.key 
462583     DEBUG main            d.u.i.k.p.i.AbstractProblemLoader Environment load took 55.3ns 
462584     INFO  main            d.u.i.k.p.i.AbstractProblemLoader Creating init config 
465768     DEBUG main            d.u.i.k.p.i.AbstractProblemLoader Init config took 3.18s 
465814     INFO  main            d.u.i.k.p.i.AbstractProblemLoader Replaying proof Min[Min::foo2()].JML operation contract.0 
465815     DEBUG main            d.u.i.k.p.i.IntermediateProofReplayer Proof replay took 9.1ns 
465918     INFO  main            d.u.i.k.p.r.p.TestFile    ... finished proof: open goal(s) 
466456     INFO  main            d.u.i.k.p.r.p.TestFile    Now processing file /home/runner/work/key/key/key.core/../key.ui/examples/standard_key/java_dl/methodCall.key 
466456     INFO  main            d.u.i.k.p.i.AbstractProblemLoader Loading environment from /home/runner/work/key/key/key.core/../key.ui/examples/standard_key/java_dl/methodCall.key 
466456     DEBUG main            d.u.i.k.p.i.AbstractProblemLoader Environment load took 65.4ns 
466457     INFO  main            d.u.i.k.p.i.AbstractProblemLoader Creating init config 
469504     DEBUG main            d.u.i.k.p.i.AbstractProblemLoader Init config took 3.05s 
469525     INFO  main            d.u.i.k.p.i.AbstractProblemLoader Replaying proof methodCall.key 
469527     DEBUG main            d.u.i.k.p.i.IntermediateProofReplayer Proof replay took 8.8ns 
469629     INFO  main            d.u.i.k.p.r.p.TestFile    ... finished proof: closed. 
470178     INFO  main            d.u.i.k.p.i.AbstractProblemLoader Loading environment from /home/runner/work/key/key/key.core/../key.ui/examples/standard_key/java_dl/methodCall.key.proof 
470178     DEBUG main            d.u.i.k.p.i.AbstractProblemLoader Environment load took 96.5ns 
470179     INFO  main            d.u.i.k.p.i.AbstractProblemLoader Creating init config 
473242     DEBUG main            d.u.i.k.p.i.AbstractProblemLoader Init config took 3.06s 
473263     INFO  main            d.u.i.k.p.i.AbstractProblemLoader Replaying proof methodCall.key.proof 
473269     DEBUG main            d.u.i.k.p.i.IntermediateProofReplayer Proof replay took 3.85ms 
473270     DEBUG main            d.u.i.k.p.r.p.TestFile    ... success: reloaded. 
473271     INFO  main            d.u.i.k.p.r.p.TestFile    Now processing file /home/runner/work/key/key/key.core/../key.ui/examples/standard_key/java_dl/methodCall1.key 
473272     INFO  main            d.u.i.k.p.i.AbstractProblemLoader Loading environment from /home/runner/work/key/key/key.core/../key.ui/examples/standard_key/java_dl/methodCall1.key 
473272     DEBUG main            d.u.i.k.p.i.AbstractProblemLoader Environment load took 102.6ns 
473273     INFO  main            d.u.i.k.p.i.AbstractProblemLoader Creating init config 
476383     DEBUG main            d.u.i.k.p.i.AbstractProblemLoader Init config took 3.11s 
476400     INFO  main            d.u.i.k.p.i.AbstractProblemLoader Replaying proof methodCall1.key 
476402     DEBUG main            d.u.i.k.p.i.IntermediateProofReplayer Proof replay took 10.4ns 
476505     INFO  main            d.u.i.k.p.r.p.TestFile    ... finished proof: closed. 
477057     INFO  main            d.u.i.k.p.i.AbstractProblemLoader Loading environment from /home/runner/work/key/key/key.core/../key.ui/examples/standard_key/java_dl/methodCall1.key.proof 
477057     DEBUG main            d.u.i.k.p.i.AbstractProblemLoader Environment load took 98ns 
477059     INFO  main            d.u.i.k.p.i.AbstractProblemLoader Creating init config 
480062     DEBUG main            d.u.i.k.p.i.AbstractProblemLoader Init config took 3s 
480082     INFO  main            d.u.i.k.p.i.AbstractProblemLoader Replaying proof methodCall1.key.proof 
480101     DEBUG main            d.u.i.k.p.i.IntermediateProofReplayer Proof replay took 16.71ms 
480102     DEBUG main            d.u.i.k.p.r.p.TestFile    ... success: reloaded. 
480103     INFO  main            d.u.i.k.p.r.p.TestFile    Now processing file /home/runner/work/key/key/key.core/../key.ui/examples/standard_key/java_dl/methodCall1box.key 
480103     INFO  main            d.u.i.k.p.i.AbstractProblemLoader Loading environment from /home/runner/work/key/key/key.core/../key.ui/examples/standard_key/java_dl/methodCall1box.key 
480104     DEBUG main            d.u.i.k.p.i.AbstractProblemLoader Environment load took 121.2ns 
480105     INFO  main            d.u.i.k.p.i.AbstractProblemLoader Creating init config 
483200     DEBUG main            d.u.i.k.p.i.AbstractProblemLoader Init config took 3.09s 
483219     INFO  main            d.u.i.k.p.i.AbstractProblemLoader Replaying proof methodCall1box.key 
483221     DEBUG main            d.u.i.k.p.i.IntermediateProofReplayer Proof replay took 12.5ns 
483323     INFO  main            d.u.i.k.p.r.p.TestFile    ... finished proof: closed. 
483911     INFO  main            d.u.i.k.p.i.AbstractProblemLoader Loading environment from /home/runner/work/key/key/key.core/../key.ui/examples/standard_key/java_dl/methodCall1box.key.proof 
483911     DEBUG main            d.u.i.k.p.i.AbstractProblemLoader Environment load took 90.9ns 
483912     INFO  main            d.u.i.k.p.i.AbstractProblemLoader Creating init config 
486936     DEBUG main            d.u.i.k.p.i.AbstractProblemLoader Init config took 3.02s 
486953     INFO  main            d.u.i.k.p.i.AbstractProblemLoader Replaying proof methodCall1box.key.proof 
486975     DEBUG main            d.u.i.k.p.i.IntermediateProofReplayer Proof replay took 18.67ms 
486976     DEBUG main            d.u.i.k.p.r.p.TestFile    ... success: reloaded. 
486977     INFO  main            d.u.i.k.p.r.p.TestFile    Now processing file /home/runner/work/key/key/key.core/../key.ui/examples/standard_key/java_dl/methodCall3.key 
486978     INFO  main            d.u.i.k.p.i.AbstractProblemLoader Loading environment from /home/runner/work/key/key/key.core/../key.ui/examples/standard_key/java_dl/methodCall3.key 
486978     DEBUG main            d.u.i.k.p.i.AbstractProblemLoader Environment load took 106.7ns 
486979     INFO  main            d.u.i.k.p.i.AbstractProblemLoader Creating init config 
490016     DEBUG main            d.u.i.k.p.i.AbstractProblemLoader Init config took 3.04s 
490033     INFO  main            d.u.i.k.p.i.AbstractProblemLoader Replaying proof methodCall3.key 
490035     DEBUG main            d.u.i.k.p.i.IntermediateProofReplayer Proof replay took 9.2ns 
490137     INFO  main            d.u.i.k.p.r.p.TestFile    ... finished proof: closed. 
490684     INFO  main            d.u.i.k.p.i.AbstractProblemLoader Loading environment from /home/runner/work/key/key/key.core/../key.ui/examples/standard_key/java_dl/methodCall3.key.proof 
490684     DEBUG main            d.u.i.k.p.i.AbstractProblemLoader Environment load took 99.7ns 
490686     INFO  main            d.u.i.k.p.i.AbstractProblemLoader Creating init config 
493754     DEBUG main            d.u.i.k.p.i.AbstractProblemLoader Init config took 3.07s 
493773     INFO  main            d.u.i.k.p.i.AbstractProblemLoader Replaying proof methodCall3.key.proof 
493789     DEBUG main            d.u.i.k.p.i.IntermediateProofReplayer Proof replay took 13.07ms 
493791     DEBUG main            d.u.i.k.p.r.p.TestFile    ... success: reloaded. 
493791     INFO  main            d.u.i.k.p.r.p.TestFile    Now processing file /home/runner/work/key/key/key.core/../key.ui/examples/standard_key/java_dl/polishFlagSort.key 
493792     INFO  main            d.u.i.k.p.i.AbstractProblemLoader Loading environment from /home/runner/work/key/key/key.core/../key.ui/examples/standard_key/java_dl/polishFlagSort.key 
493792     DEBUG main            d.u.i.k.p.i.AbstractProblemLoader Environment load took 61.4ns 
493794     INFO  main            d.u.i.k.p.i.AbstractProblemLoader Creating init config 
496954     DEBUG main            d.u.i.k.p.i.AbstractProblemLoader Init config took 3.16s 
496972     INFO  main            d.u.i.k.p.i.AbstractProblemLoader Replaying proof polishFlagSort.key 
496974     DEBUG main            d.u.i.k.p.i.IntermediateProofReplayer Proof replay took 9.4ns 
499727     INFO  main            d.u.i.k.p.r.p.TestFile    ... finished proof: closed. 
500382     INFO  main            d.u.i.k.p.i.AbstractProblemLoader Loading environment from /home/runner/work/key/key/key.core/../key.ui/examples/standard_key/java_dl/polishFlagSort.key.proof 
500384     DEBUG main            d.u.i.k.p.i.AbstractProblemLoader Environment load took 1.84ms 
500389     INFO  main            d.u.i.k.p.i.AbstractProblemLoader Creating init config 
503520     DEBUG main            d.u.i.k.p.i.AbstractProblemLoader Init config took 3.13s 
503539     INFO  main            d.u.i.k.p.i.AbstractProblemLoader Replaying proof polishFlagSort.key.proof 
504050     DEBUG main            d.u.i.k.p.i.IntermediateProofReplayer Proof replay took 498.91ms 
504053     DEBUG main            d.u.i.k.p.r.p.TestFile    ... success: reloaded. 
504054     INFO  main            d.u.i.k.p.r.p.TestFile    Now processing file /home/runner/work/key/key/key.core/../key.ui/examples/standard_key/java_dl/postConditionTaclets1.key 
504054     INFO  main            d.u.i.k.p.i.AbstractProblemLoader Loading environment from /home/runner/work/key/key/key.core/../key.ui/examples/standard_key/java_dl/postConditionTaclets1.key 
504054     DEBUG main            d.u.i.k.p.i.AbstractProblemLoader Environment load took 195.5ns 
504056     INFO  main            d.u.i.k.p.i.AbstractProblemLoader Creating init config 
507103     DEBUG main            d.u.i.k.p.i.AbstractProblemLoader Init config took 3.05s 
507123     INFO  main            d.u.i.k.p.i.AbstractProblemLoader Replaying proof postConditionTaclets1.key 
507125     DEBUG main            d.u.i.k.p.i.IntermediateProofReplayer Proof replay took 10.1ns 
507230     INFO  main            d.u.i.k.p.r.p.TestFile    ... finished proof: closed. 
507884     INFO  main            d.u.i.k.p.i.AbstractProblemLoader Loading environment from /home/runner/work/key/key/key.core/../key.ui/examples/standard_key/java_dl/postConditionTaclets1.key.proof 
507884     DEBUG main            d.u.i.k.p.i.AbstractProblemLoader Environment load took 99.7ns 
507885     INFO  main            d.u.i.k.p.i.AbstractProblemLoader Creating init config 
510909     DEBUG main            d.u.i.k.p.i.AbstractProblemLoader Init config took 3.02s 
510929     INFO  main            d.u.i.k.p.i.AbstractProblemLoader Replaying proof postConditionTaclets1.key.proof 
510932     DEBUG main            d.u.i.k.p.i.IntermediateProofReplayer Proof replay took 557.2ns 
510933     DEBUG main            d.u.i.k.p.r.p.TestFile    ... success: reloaded. 
510934     INFO  main            d.u.i.k.p.r.p.TestFile    Now processing file /home/runner/work/key/key/key.core/../key.ui/examples/standard_key/java_dl/postConditionTaclets2.key 
510934     INFO  main            d.u.i.k.p.i.AbstractProblemLoader Loading environment from /home/runner/work/key/key/key.core/../key.ui/examples/standard_key/java_dl/postConditionTaclets2.key 
510934     DEBUG main            d.u.i.k.p.i.AbstractProblemLoader Environment load took 94.8ns 
510935     INFO  main            d.u.i.k.p.i.AbstractProblemLoader Creating init config 
513989     DEBUG main            d.u.i.k.p.i.AbstractProblemLoader Init config took 3.05s 
514006     INFO  main            d.u.i.k.p.i.AbstractProblemLoader Replaying proof postConditionTaclets2.key 
514008     DEBUG main            d.u.i.k.p.i.IntermediateProofReplayer Proof replay took 9.2ns 
514114     INFO  main            d.u.i.k.p.r.p.TestFile    ... finished proof: closed. 
514697     INFO  main            d.u.i.k.p.i.AbstractProblemLoader Loading environment from /home/runner/work/key/key/key.core/../key.ui/examples/standard_key/java_dl/postConditionTaclets2.key.proof 
514698     DEBUG main            d.u.i.k.p.i.AbstractProblemLoader Environment load took 94.8ns 
514699     INFO  main            d.u.i.k.p.i.AbstractProblemLoader Creating init config 
517693     DEBUG main            d.u.i.k.p.i.AbstractProblemLoader Init config took 2.99s 
517710     INFO  main            d.u.i.k.p.i.AbstractProblemLoader Replaying proof postConditionTaclets2.key.proof 
517713     DEBUG main            d.u.i.k.p.i.IntermediateProofReplayer Proof replay took 988.19ns 
517714     DEBUG main            d.u.i.k.p.r.p.TestFile    ... success: reloaded. 
517714     INFO  main            d.u.i.k.p.r.p.TestFile    Now processing file /home/runner/work/key/key/key.core/../key.ui/examples/standard_key/java_dl/quantifiedQuery.key 
517715     INFO  main            d.u.i.k.p.i.AbstractProblemLoader Loading environment from /home/runner/work/key/key/key.core/../key.ui/examples/standard_key/java_dl/quantifiedQuery.key 
517715     DEBUG main            d.u.i.k.p.i.AbstractProblemLoader Environment load took 59.6ns 
517716     INFO  main            d.u.i.k.p.i.AbstractProblemLoader Creating init config 
520873     DEBUG main            d.u.i.k.p.i.AbstractProblemLoader Init config took 3.16s 
520909     INFO  main            d.u.i.k.p.i.AbstractProblemLoader Replaying proof quantifiedQuery.key 
520913     DEBUG main            d.u.i.k.p.i.IntermediateProofReplayer Proof replay took 10.2ns 
521016     INFO  main            d.u.i.k.p.r.p.TestFile    ... finished proof: closed. 
521619     INFO  main            d.u.i.k.p.i.AbstractProblemLoader Loading environment from /home/runner/work/key/key/key.core/../key.ui/examples/standard_key/java_dl/quantifiedQuery.key.proof 
521619     DEBUG main            d.u.i.k.p.i.AbstractProblemLoader Environment load took 124.1ns 
521621     INFO  main            d.u.i.k.p.i.AbstractProblemLoader Creating init config 
524787     DEBUG main            d.u.i.k.p.i.AbstractProblemLoader Init config took 3.17s 
524806     INFO  main            d.u.i.k.p.i.AbstractProblemLoader Replaying proof quantifiedQuery.key.proof 
524823     DEBUG main            d.u.i.k.p.i.IntermediateProofReplayer Proof replay took 14.04ms 
524824     DEBUG main            d.u.i.k.p.r.p.TestFile    ... success: reloaded. 
524825     INFO  main            d.u.i.k.p.r.p.TestFile    Now processing file /home/runner/work/key/key/key.core/../key.ui/examples/standard_key/java_dl/recursion/triangular.key 
524825     INFO  main            d.u.i.k.p.i.AbstractProblemLoader Loading environment from /home/runner/work/key/key/key.core/../key.ui/examples/standard_key/java_dl/recursion/triangular.key 
524825     DEBUG main            d.u.i.k.p.i.AbstractProblemLoader Environment load took 171.4ns 
524826     INFO  main            d.u.i.k.p.i.AbstractProblemLoader Creating init config 
527888     DEBUG main            d.u.i.k.p.i.AbstractProblemLoader Init config took 3.06s 
527931     INFO  main            d.u.i.k.p.i.AbstractProblemLoader Replaying proof Triangular[Triangular::tria(int)].JML normal_behavior operation contract.0 
527932     DEBUG main            d.u.i.k.p.i.IntermediateProofReplayer Proof replay took 9.8ns 
528135     INFO  main            d.u.i.k.p.r.p.TestFile    ... finished proof: closed. 
528762     INFO  main            d.u.i.k.p.i.AbstractProblemLoader Loading environment from /home/runner/work/key/key/key.core/../key.ui/examples/standard_key/java_dl/recursion/triangular.key.proof 
528762     DEBUG main            d.u.i.k.p.i.AbstractProblemLoader Environment load took 92.1ns 
528763     INFO  main            d.u.i.k.p.i.AbstractProblemLoader Creating init config 
531883     DEBUG main            d.u.i.k.p.i.AbstractProblemLoader Init config took 3.12s 
531925     INFO  main            d.u.i.k.p.i.AbstractProblemLoader Replaying proof Triangular[Triangular::tria(int)].JML normal_behavior operation contract.0 
531977     DEBUG main            d.u.i.k.p.i.IntermediateProofReplayer Proof replay took 48.95ms 
531978     DEBUG main            d.u.i.k.p.r.p.TestFile    ... success: reloaded. 
531978     INFO  main            d.u.i.k.p.r.p.TestFile    Now processing file /home/runner/work/key/key/key.core/../key.ui/examples/standard_key/java_dl/reverseArray.key 
531979     INFO  main            d.u.i.k.p.i.AbstractProblemLoader Loading environment from /home/runner/work/key/key/key.core/../key.ui/examples/standard_key/java_dl/reverseArray.key 
531979     DEBUG main            d.u.i.k.p.i.AbstractProblemLoader Environment load took 106.2ns 
531981     INFO  main            d.u.i.k.p.i.AbstractProblemLoader Creating init config 
532011     WARN  main            d.u.i.k.j.r.KeYCrossReferenceNameInfo Datatype java.io.InputStream declared twice: Once in FILE:/home/runner/work/key/key/key.core/../key.ui/examples/standard_key/java_dl/./classpath/InputStream.java and once in URL:file:/home/runner/work/key/key/key.core/build/resources/main/de/uka/ilkd/key/java/JavaRedux/java/io/InputStream.java, Keeping one from URL:file:/home/runner/work/key/key/key.core/build/resources/main/de/uka/ilkd/key/java/JavaRedux/java/io/InputStream.java 
532011     WARN  main            d.u.i.k.j.r.KeYCrossReferenceNameInfo Datatype java.lang.System declared twice: Once in FILE:/home/runner/work/key/key/key.core/../key.ui/examples/standard_key/java_dl/./classpath/System.java and once in URL:file:/home/runner/work/key/key/key.core/build/resources/main/de/uka/ilkd/key/java/JavaRedux/java/lang/System.java, Keeping one from URL:file:/home/runner/work/key/key/key.core/build/resources/main/de/uka/ilkd/key/java/JavaRedux/java/lang/System.java 
532011     WARN  main            d.u.i.k.j.r.KeYCrossReferenceNameInfo Datatype java.io.PrintStream declared twice: Once in FILE:/home/runner/work/key/key/key.core/../key.ui/examples/standard_key/java_dl/./classpath/PrintStream.java and once in URL:file:/home/runner/work/key/key/key.core/build/resources/main/de/uka/ilkd/key/java/JavaRedux/java/io/PrintStream.java, Keeping one from URL:file:/home/runner/work/key/key/key.core/build/resources/main/de/uka/ilkd/key/java/JavaRedux/java/io/PrintStream.java 
532014     DEBUG main            d.u.i.k.j.r.ClassFileDeclarationBuilder Parsing: package java.io; public class Closeable { } 
532014     DEBUG main            r.s.KeYCrossReferenceSourceInfo Dynamically created class: java.io.Closeable 
535219     DEBUG main            d.u.i.k.p.i.AbstractProblemLoader Init config took 3.24s 
535239     INFO  main            d.u.i.k.p.i.AbstractProblemLoader Replaying proof reverseArray.key 
535241     DEBUG main            d.u.i.k.p.i.IntermediateProofReplayer Proof replay took 61.4ns 
541218     INFO  main            d.u.i.k.p.r.p.TestFile    ... finished proof: closed. 
541915     INFO  main            d.u.i.k.p.i.AbstractProblemLoader Loading environment from /home/runner/work/key/key/key.core/../key.ui/examples/standard_key/java_dl/reverseArray.key.proof 
541915     DEBUG main            d.u.i.k.p.i.AbstractProblemLoader Environment load took 495.2ns 
541917     INFO  main            d.u.i.k.p.i.AbstractProblemLoader Creating init config 
541952     WARN  main            d.u.i.k.j.r.KeYCrossReferenceNameInfo Datatype java.io.InputStream declared twice: Once in FILE:/home/runner/work/key/key/key.core/../key.ui/examples/standard_key/java_dl/classpath/InputStream.java and once in URL:file:/home/runner/work/key/key/key.core/build/resources/main/de/uka/ilkd/key/java/JavaRedux/java/io/InputStream.java, Keeping one from URL:file:/home/runner/work/key/key/key.core/build/resources/main/de/uka/ilkd/key/java/JavaRedux/java/io/InputStream.java 
541952     WARN  main            d.u.i.k.j.r.KeYCrossReferenceNameInfo Datatype java.lang.System declared twice: Once in FILE:/home/runner/work/key/key/key.core/../key.ui/examples/standard_key/java_dl/classpath/System.java and once in URL:file:/home/runner/work/key/key/key.core/build/resources/main/de/uka/ilkd/key/java/JavaRedux/java/lang/System.java, Keeping one from URL:file:/home/runner/work/key/key/key.core/build/resources/main/de/uka/ilkd/key/java/JavaRedux/java/lang/System.java 
541952     WARN  main            d.u.i.k.j.r.KeYCrossReferenceNameInfo Datatype java.io.PrintStream declared twice: Once in FILE:/home/runner/work/key/key/key.core/../key.ui/examples/standard_key/java_dl/classpath/PrintStream.java and once in URL:file:/home/runner/work/key/key/key.core/build/resources/main/de/uka/ilkd/key/java/JavaRedux/java/io/PrintStream.java, Keeping one from URL:file:/home/runner/work/key/key/key.core/build/resources/main/de/uka/ilkd/key/java/JavaRedux/java/io/PrintStream.java 
541955     DEBUG main            d.u.i.k.j.r.ClassFileDeclarationBuilder Parsing: package java.io; public class Closeable { } 
541956     DEBUG main            r.s.KeYCrossReferenceSourceInfo Dynamically created class: java.io.Closeable 
545169     DEBUG main            d.u.i.k.p.i.AbstractProblemLoader Init config took 3.25s 
545188     INFO  main            d.u.i.k.p.i.AbstractProblemLoader Replaying proof reverseArray.key.proof 
546126     DEBUG main            d.u.i.k.p.i.IntermediateProofReplayer Proof replay took 922.52ms 
546128     DEBUG main            d.u.i.k.p.r.p.TestFile    ... success: reloaded. 
546129     INFO  main            d.u.i.k.p.r.p.TestFile    Now processing file /home/runner/work/key/key/key.core/../key.ui/examples/standard_key/java_dl/reverseArray2.key 
546129     INFO  main            d.u.i.k.p.i.AbstractProblemLoader Loading environment from /home/runner/work/key/key/key.core/../key.ui/examples/standard_key/java_dl/reverseArray2.key 
546129     DEBUG main            d.u.i.k.p.i.AbstractProblemLoader Environment load took 97.5ns 
546132     INFO  main            d.u.i.k.p.i.AbstractProblemLoader Creating init config 
546161     WARN  main            d.u.i.k.j.r.KeYCrossReferenceNameInfo Datatype java.io.InputStream declared twice: Once in FILE:/home/runner/work/key/key/key.core/../key.ui/examples/standard_key/java_dl/classpath/InputStream.java and once in URL:file:/home/runner/work/key/key/key.core/build/resources/main/de/uka/ilkd/key/java/JavaRedux/java/io/InputStream.java, Keeping one from URL:file:/home/runner/work/key/key/key.core/build/resources/main/de/uka/ilkd/key/java/JavaRedux/java/io/InputStream.java 
546161     WARN  main            d.u.i.k.j.r.KeYCrossReferenceNameInfo Datatype java.lang.System declared twice: Once in FILE:/home/runner/work/key/key/key.core/../key.ui/examples/standard_key/java_dl/classpath/System.java and once in URL:file:/home/runner/work/key/key/key.core/build/resources/main/de/uka/ilkd/key/java/JavaRedux/java/lang/System.java, Keeping one from URL:file:/home/runner/work/key/key/key.core/build/resources/main/de/uka/ilkd/key/java/JavaRedux/java/lang/System.java 
546161     WARN  main            d.u.i.k.j.r.KeYCrossReferenceNameInfo Datatype java.io.PrintStream declared twice: Once in FILE:/home/runner/work/key/key/key.core/../key.ui/examples/standard_key/java_dl/classpath/PrintStream.java and once in URL:file:/home/runner/work/key/key/key.core/build/resources/main/de/uka/ilkd/key/java/JavaRedux/java/io/PrintStream.java, Keeping one from URL:file:/home/runner/work/key/key/key.core/build/resources/main/de/uka/ilkd/key/java/JavaRedux/java/io/PrintStream.java 
546165     DEBUG main            d.u.i.k.j.r.ClassFileDeclarationBuilder Parsing: package java.io; public class Closeable { } 
546165     DEBUG main            r.s.KeYCrossReferenceSourceInfo Dynamically created class: java.io.Closeable 
549542     DEBUG main            d.u.i.k.p.i.AbstractProblemLoader Init config took 3.41s 
549564     INFO  main            d.u.i.k.p.i.AbstractProblemLoader Replaying proof reverseArray2.key 
549566     DEBUG main            d.u.i.k.p.i.IntermediateProofReplayer Proof replay took 3.5ns 
551495     INFO  main            d.u.i.k.p.r.p.TestFile    ... finished proof: closed. 
552268     INFO  main            d.u.i.k.p.i.AbstractProblemLoader Loading environment from /home/runner/work/key/key/key.core/../key.ui/examples/standard_key/java_dl/reverseArray2.key.proof 
552268     DEBUG main            d.u.i.k.p.i.AbstractProblemLoader Environment load took 108.2ns 
552270     INFO  main            d.u.i.k.p.i.AbstractProblemLoader Creating init config 
552299     WARN  main            d.u.i.k.j.r.KeYCrossReferenceNameInfo Datatype java.io.InputStream declared twice: Once in FILE:/home/runner/work/key/key/key.core/../key.ui/examples/standard_key/java_dl/classpath/InputStream.java and once in URL:file:/home/runner/work/key/key/key.core/build/resources/main/de/uka/ilkd/key/java/JavaRedux/java/io/InputStream.java, Keeping one from URL:file:/home/runner/work/key/key/key.core/build/resources/main/de/uka/ilkd/key/java/JavaRedux/java/io/InputStream.java 
552300     WARN  main            d.u.i.k.j.r.KeYCrossReferenceNameInfo Datatype java.lang.System declared twice: Once in FILE:/home/runner/work/key/key/key.core/../key.ui/examples/standard_key/java_dl/classpath/System.java and once in URL:file:/home/runner/work/key/key/key.core/build/resources/main/de/uka/ilkd/key/java/JavaRedux/java/lang/System.java, Keeping one from URL:file:/home/runner/work/key/key/key.core/build/resources/main/de/uka/ilkd/key/java/JavaRedux/java/lang/System.java 
552300     WARN  main            d.u.i.k.j.r.KeYCrossReferenceNameInfo Datatype java.io.PrintStream declared twice: Once in FILE:/home/runner/work/key/key/key.core/../key.ui/examples/standard_key/java_dl/classpath/PrintStream.java and once in URL:file:/home/runner/work/key/key/key.core/build/resources/main/de/uka/ilkd/key/java/JavaRedux/java/io/PrintStream.java, Keeping one from URL:file:/home/runner/work/key/key/key.core/build/resources/main/de/uka/ilkd/key/java/JavaRedux/java/io/PrintStream.java 
552303     DEBUG main            d.u.i.k.j.r.ClassFileDeclarationBuilder Parsing: package java.io; public class Closeable { } 
552304     DEBUG main            r.s.KeYCrossReferenceSourceInfo Dynamically created class: java.io.Closeable 
555461     DEBUG main            d.u.i.k.p.i.AbstractProblemLoader Init config took 3.19s 
555481     INFO  main            d.u.i.k.p.i.AbstractProblemLoader Replaying proof reverseArray2.key.proof 
555797     DEBUG main            d.u.i.k.p.i.IntermediateProofReplayer Proof replay took 310.97ms 
555799     DEBUG main            d.u.i.k.p.r.p.TestFile    ... success: reloaded. 
555800     INFO  main            d.u.i.k.p.r.p.TestFile    Now processing file /home/runner/work/key/key/key.core/../key.ui/examples/standard_key/java_dl/simpleAssignment.key 
555801     INFO  main            d.u.i.k.p.i.AbstractProblemLoader Loading environment from /home/runner/work/key/key/key.core/../key.ui/examples/standard_key/java_dl/simpleAssignment.key 
555801     DEBUG main            d.u.i.k.p.i.AbstractProblemLoader Environment load took 103.5ns 
555802     INFO  main            d.u.i.k.p.i.AbstractProblemLoader Creating init config 
558946     DEBUG main            d.u.i.k.p.i.AbstractProblemLoader Init config took 3.14s 
558963     INFO  main            d.u.i.k.p.i.AbstractProblemLoader Replaying proof simpleAssignment.key 
558965     DEBUG main            d.u.i.k.p.i.IntermediateProofReplayer Proof replay took 3.6ns 
559066     INFO  main            d.u.i.k.p.r.p.TestFile    ... finished proof: closed. 
559745     INFO  main            d.u.i.k.p.i.AbstractProblemLoader Loading environment from /home/runner/work/key/key/key.core/../key.ui/examples/standard_key/java_dl/simpleAssignment.key.proof 
559746     DEBUG main            d.u.i.k.p.i.AbstractProblemLoader Environment load took 106.5ns 
559747     INFO  main            d.u.i.k.p.i.AbstractProblemLoader Creating init config 
562704     DEBUG main            d.u.i.k.p.i.AbstractProblemLoader Init config took 2.96s 
562732     INFO  main            d.u.i.k.p.i.AbstractProblemLoader Replaying proof simpleAssignment.key.proof 
562737     DEBUG main            d.u.i.k.p.i.IntermediateProofReplayer Proof replay took 896.39ns 
562738     DEBUG main            d.u.i.k.p.r.p.TestFile    ... success: reloaded. 
562739     INFO  main            d.u.i.k.p.r.p.TestFile    Now processing file /home/runner/work/key/key/key.core/../key.ui/examples/standard_key/java_dl/simpleAssignment2.key 
562739     INFO  main            d.u.i.k.p.i.AbstractProblemLoader Loading environment from /home/runner/work/key/key/key.core/../key.ui/examples/standard_key/java_dl/simpleAssignment2.key 
562739     DEBUG main            d.u.i.k.p.i.AbstractProblemLoader Environment load took 111.9ns 
562740     INFO  main            d.u.i.k.p.i.AbstractProblemLoader Creating init config 
565790     DEBUG main            d.u.i.k.p.i.AbstractProblemLoader Init config took 3.05s 
565806     INFO  main            d.u.i.k.p.i.AbstractProblemLoader Replaying proof simpleAssignment2.key 
565808     DEBUG main            d.u.i.k.p.i.IntermediateProofReplayer Proof replay took 4ns 
565910     INFO  main            d.u.i.k.p.r.p.TestFile    ... finished proof: closed. 
566518     INFO  main            d.u.i.k.p.i.AbstractProblemLoader Loading environment from /home/runner/work/key/key/key.core/../key.ui/examples/standard_key/java_dl/simpleAssignment2.key.proof 
566519     DEBUG main            d.u.i.k.p.i.AbstractProblemLoader Environment load took 92.1ns 
566520     INFO  main            d.u.i.k.p.i.AbstractProblemLoader Creating init config 
569441     DEBUG main            d.u.i.k.p.i.AbstractProblemLoader Init config took 2.92s 
569458     INFO  main            d.u.i.k.p.i.AbstractProblemLoader Replaying proof simpleAssignment2.key.proof 
569461     DEBUG main            d.u.i.k.p.i.IntermediateProofReplayer Proof replay took 663.89ns 
569462     DEBUG main            d.u.i.k.p.r.p.TestFile    ... success: reloaded. 
569462     INFO  main            d.u.i.k.p.r.p.TestFile    Now processing file /home/runner/work/key/key/key.core/../key.ui/examples/standard_key/java_dl/splittingWithQueries.key 
569462     INFO  main            d.u.i.k.p.i.AbstractProblemLoader Loading environment from /home/runner/work/key/key/key.core/../key.ui/examples/standard_key/java_dl/splittingWithQueries.key 
569462     DEBUG main            d.u.i.k.p.i.AbstractProblemLoader Environment load took 59.1ns 
569464     INFO  main            d.u.i.k.p.i.AbstractProblemLoader Creating init config 
572727     DEBUG main            d.u.i.k.p.i.AbstractProblemLoader Init config took 3.26s 
572745     INFO  main            d.u.i.k.p.i.AbstractProblemLoader Replaying proof splittingWithQueries.key 
572747     DEBUG main            d.u.i.k.p.i.IntermediateProofReplayer Proof replay took 3.9ns 
572850     INFO  main            d.u.i.k.p.r.p.TestFile    ... finished proof: closed. 
573501     INFO  main            d.u.i.k.p.i.AbstractProblemLoader Loading environment from /home/runner/work/key/key/key.core/../key.ui/examples/standard_key/java_dl/splittingWithQueries.key.proof 
573501     DEBUG main            d.u.i.k.p.i.AbstractProblemLoader Environment load took 92.9ns 
573504     INFO  main            d.u.i.k.p.i.AbstractProblemLoader Creating init config 
576591     DEBUG main            d.u.i.k.p.i.AbstractProblemLoader Init config took 3.09s 
576615     INFO  main            d.u.i.k.p.i.AbstractProblemLoader Replaying proof splittingWithQueries.key.proof 
576620     DEBUG main            d.u.i.k.p.i.IntermediateProofReplayer Proof replay took 2.46ms 
576621     DEBUG main            d.u.i.k.p.r.p.TestFile    ... success: reloaded. 
576622     INFO  main            d.u.i.k.p.r.p.TestFile    Now processing file /home/runner/work/key/key/key.core/../key.ui/examples/standard_key/java_dl/strassen/strassen.key 
576622     INFO  main            d.u.i.k.p.i.AbstractProblemLoader Loading environment from /home/runner/work/key/key/key.core/../key.ui/examples/standard_key/java_dl/strassen/strassen.key 
576622     DEBUG main            d.u.i.k.p.i.AbstractProblemLoader Environment load took 99.8ns 
576623     INFO  main            d.u.i.k.p.i.AbstractProblemLoader Creating init config 
579788     DEBUG main            d.u.i.k.p.i.AbstractProblemLoader Init config took 3.16s 
579831     INFO  main            d.u.i.k.p.i.AbstractProblemLoader Replaying proof Matrix22[Matrix22::strassen(Matrix22,Matrix22)].JML normal_behavior operation contract.0 
579833     DEBUG main            d.u.i.k.p.i.IntermediateProofReplayer Proof replay took 3.1ns 
586111     INFO  main            d.u.i.k.p.r.p.TestFile    ... finished proof: closed. 
586946     INFO  main            d.u.i.k.p.i.AbstractProblemLoader Loading environment from /home/runner/work/key/key/key.core/../key.ui/examples/standard_key/java_dl/strassen/strassen.key.proof 
586947     DEBUG main            d.u.i.k.p.i.AbstractProblemLoader Environment load took 112.1ns 
586949     INFO  main            d.u.i.k.p.i.AbstractProblemLoader Creating init config 
590110     DEBUG main            d.u.i.k.p.i.AbstractProblemLoader Init config took 3.16s 
590190     INFO  main            d.u.i.k.p.i.AbstractProblemLoader Replaying proof Matrix22[Matrix22::strassen(Matrix22,Matrix22)].JML normal_behavior operation contract.0 
591268     DEBUG main            d.u.i.k.p.i.IntermediateProofReplayer Proof replay took 1.07s 
591269     DEBUG main            d.u.i.k.p.r.p.TestFile    ... success: reloaded. 
591270     INFO  main            d.u.i.k.p.r.p.TestFile    Now processing file /home/runner/work/key/key/key.core/../key.ui/examples/standard_key/java_dl/symmArray.key 
591270     INFO  main            d.u.i.k.p.i.AbstractProblemLoader Loading environment from /home/runner/work/key/key/key.core/../key.ui/examples/standard_key/java_dl/symmArray.key 
591271     DEBUG main            d.u.i.k.p.i.AbstractProblemLoader Environment load took 107.6ns 
591274     INFO  main            d.u.i.k.p.i.AbstractProblemLoader Creating init config 
594524     DEBUG main            d.u.i.k.p.i.AbstractProblemLoader Init config took 3.25s 
594544     INFO  main            d.u.i.k.p.i.AbstractProblemLoader Replaying proof symmArray.key 
594546     DEBUG main            d.u.i.k.p.i.IntermediateProofReplayer Proof replay took 3.8ns 
702323     INFO  main            d.u.i.k.p.r.p.TestFile    ... finished proof: closed. 
703135     INFO  main            d.u.i.k.p.i.AbstractProblemLoader Loading environment from /home/runner/work/key/key/key.core/../key.ui/examples/standard_key/java_dl/symmArray.key.proof 
703135     DEBUG main            d.u.i.k.p.i.AbstractProblemLoader Environment load took 236.4ns 
703141     INFO  main            d.u.i.k.p.i.AbstractProblemLoader Creating init config 
706247     DEBUG main            d.u.i.k.p.i.AbstractProblemLoader Init config took 3.11s 
706267     INFO  main            d.u.i.k.p.i.AbstractProblemLoader Replaying proof symmArray.key.proof 
708019     DEBUG main            d.u.i.k.p.i.IntermediateProofReplayer Proof replay took 1.68s 
708025     DEBUG main            d.u.i.k.p.r.p.TestFile    ... success: reloaded. 
708027     INFO  main            d.u.i.k.p.r.p.TestFile    Now processing file /home/runner/work/key/key/key.core/../key.ui/examples/standard_key/java_dl/testcontext.key 
708027     INFO  main            d.u.i.k.p.i.AbstractProblemLoader Loading environment from /home/runner/work/key/key/key.core/../key.ui/examples/standard_key/java_dl/testcontext.key 
708027     DEBUG main            d.u.i.k.p.i.AbstractProblemLoader Environment load took 208.2ns 
708028     INFO  main            d.u.i.k.p.i.AbstractProblemLoader Creating init config 
708055     WARN  main            d.u.i.k.j.r.KeYCrossReferenceNameInfo Datatype java.io.InputStream declared twice: Once in FILE:/home/runner/work/key/key/key.core/../key.ui/examples/standard_key/java_dl/classpath/InputStream.java and once in URL:file:/home/runner/work/key/key/key.core/build/resources/main/de/uka/ilkd/key/java/JavaRedux/java/io/InputStream.java, Keeping one from URL:file:/home/runner/work/key/key/key.core/build/resources/main/de/uka/ilkd/key/java/JavaRedux/java/io/InputStream.java 
708056     WARN  main            d.u.i.k.j.r.KeYCrossReferenceNameInfo Datatype java.lang.System declared twice: Once in FILE:/home/runner/work/key/key/key.core/../key.ui/examples/standard_key/java_dl/classpath/System.java and once in URL:file:/home/runner/work/key/key/key.core/build/resources/main/de/uka/ilkd/key/java/JavaRedux/java/lang/System.java, Keeping one from URL:file:/home/runner/work/key/key/key.core/build/resources/main/de/uka/ilkd/key/java/JavaRedux/java/lang/System.java 
708056     WARN  main            d.u.i.k.j.r.KeYCrossReferenceNameInfo Datatype java.io.PrintStream declared twice: Once in FILE:/home/runner/work/key/key/key.core/../key.ui/examples/standard_key/java_dl/classpath/PrintStream.java and once in URL:file:/home/runner/work/key/key/key.core/build/resources/main/de/uka/ilkd/key/java/JavaRedux/java/io/PrintStream.java, Keeping one from URL:file:/home/runner/work/key/key/key.core/build/resources/main/de/uka/ilkd/key/java/JavaRedux/java/io/PrintStream.java 
708059     DEBUG main            d.u.i.k.j.r.ClassFileDeclarationBuilder Parsing: package java.io; public class Closeable { } 
708059     DEBUG main            r.s.KeYCrossReferenceSourceInfo Dynamically created class: java.io.Closeable 
711277     DEBUG main            d.u.i.k.p.i.AbstractProblemLoader Init config took 3.25s 
711295     INFO  main            d.u.i.k.p.i.AbstractProblemLoader Replaying proof testcontext.key 
711297     DEBUG main            d.u.i.k.p.i.IntermediateProofReplayer Proof replay took 3ns 
711700     INFO  main            d.u.i.k.p.r.p.TestFile    ... finished proof: closed. 
712573     INFO  main            d.u.i.k.p.i.AbstractProblemLoader Loading environment from /home/runner/work/key/key/key.core/../key.ui/examples/standard_key/java_dl/testcontext.key.proof 
712573     DEBUG main            d.u.i.k.p.i.AbstractProblemLoader Environment load took 119.2ns 
712574     INFO  main            d.u.i.k.p.i.AbstractProblemLoader Creating init config 
712601     WARN  main            d.u.i.k.j.r.KeYCrossReferenceNameInfo Datatype java.io.InputStream declared twice: Once in FILE:/home/runner/work/key/key/key.core/../key.ui/examples/standard_key/java_dl/classpath/InputStream.java and once in URL:file:/home/runner/work/key/key/key.core/build/resources/main/de/uka/ilkd/key/java/JavaRedux/java/io/InputStream.java, Keeping one from URL:file:/home/runner/work/key/key/key.core/build/resources/main/de/uka/ilkd/key/java/JavaRedux/java/io/InputStream.java 
712602     WARN  main            d.u.i.k.j.r.KeYCrossReferenceNameInfo Datatype java.lang.System declared twice: Once in FILE:/home/runner/work/key/key/key.core/../key.ui/examples/standard_key/java_dl/classpath/System.java and once in URL:file:/home/runner/work/key/key/key.core/build/resources/main/de/uka/ilkd/key/java/JavaRedux/java/lang/System.java, Keeping one from URL:file:/home/runner/work/key/key/key.core/build/resources/main/de/uka/ilkd/key/java/JavaRedux/java/lang/System.java 
712602     WARN  main            d.u.i.k.j.r.KeYCrossReferenceNameInfo Datatype java.io.PrintStream declared twice: Once in FILE:/home/runner/work/key/key/key.core/../key.ui/examples/standard_key/java_dl/classpath/PrintStream.java and once in URL:file:/home/runner/work/key/key/key.core/build/resources/main/de/uka/ilkd/key/java/JavaRedux/java/io/PrintStream.java, Keeping one from URL:file:/home/runner/work/key/key/key.core/build/resources/main/de/uka/ilkd/key/java/JavaRedux/java/io/PrintStream.java 
712605     DEBUG main            d.u.i.k.j.r.ClassFileDeclarationBuilder Parsing: package java.io; public class Closeable { } 
712606     DEBUG main            r.s.KeYCrossReferenceSourceInfo Dynamically created class: java.io.Closeable 
715638     DEBUG main            d.u.i.k.p.i.AbstractProblemLoader Init config took 3.06s 
715655     INFO  main            d.u.i.k.p.i.AbstractProblemLoader Replaying proof testcontext.key.proof 
715740     DEBUG main            d.u.i.k.p.i.IntermediateProofReplayer Proof replay took 81.71ms 
715742     DEBUG main            d.u.i.k.p.r.p.TestFile    ... success: reloaded. 
715742     INFO  main            d.u.i.k.p.r.p.TestFile    Now processing file /home/runner/work/key/key/key.core/../key.ui/examples/standard_key/staticInitialisation/cascadeStaticInitialisation.key 
715743     INFO  main            d.u.i.k.p.i.AbstractProblemLoader Loading environment from /home/runner/work/key/key/key.core/../key.ui/examples/standard_key/staticInitialisation/cascadeStaticInitialisation.key 
715743     DEBUG main            d.u.i.k.p.i.AbstractProblemLoader Environment load took 58.5ns 
715746     INFO  main            d.u.i.k.p.i.AbstractProblemLoader Creating init config 
715773     WARN  main            d.u.i.k.j.r.KeYCrossReferenceNameInfo Datatype java.lang.System declared twice: Once in FILE:/home/runner/work/key/key/key.core/../key.ui/examples/standard_key/staticInitialisation/classpath/System.java and once in URL:file:/home/runner/work/key/key/key.core/build/resources/main/de/uka/ilkd/key/java/JavaRedux/java/lang/System.java, Keeping one from URL:file:/home/runner/work/key/key/key.core/build/resources/main/de/uka/ilkd/key/java/JavaRedux/java/lang/System.java 
715773     WARN  main            d.u.i.k.j.r.KeYCrossReferenceNameInfo Datatype java.io.PrintStream declared twice: Once in FILE:/home/runner/work/key/key/key.core/../key.ui/examples/standard_key/staticInitialisation/classpath/PrintStream.java and once in URL:file:/home/runner/work/key/key/key.core/build/resources/main/de/uka/ilkd/key/java/JavaRedux/java/io/PrintStream.java, Keeping one from URL:file:/home/runner/work/key/key/key.core/build/resources/main/de/uka/ilkd/key/java/JavaRedux/java/io/PrintStream.java 
718806     DEBUG main            d.u.i.k.p.i.AbstractProblemLoader Init config took 3.06s 
718824     INFO  main            d.u.i.k.p.i.AbstractProblemLoader Replaying proof cascadeStaticInitialisation.key 
718827     DEBUG main            d.u.i.k.p.i.IntermediateProofReplayer Proof replay took 3.8ns 
719633     INFO  main            d.u.i.k.p.r.p.TestFile    ... finished proof: closed. 
720413     INFO  main            d.u.i.k.p.i.AbstractProblemLoader Loading environment from /home/runner/work/key/key/key.core/../key.ui/examples/standard_key/staticInitialisation/cascadeStaticInitialisation.key.proof 
720414     DEBUG main            d.u.i.k.p.i.AbstractProblemLoader Environment load took 94.6ns 
720418     INFO  main            d.u.i.k.p.i.AbstractProblemLoader Creating init config 
720450     WARN  main            d.u.i.k.j.r.KeYCrossReferenceNameInfo Datatype java.lang.System declared twice: Once in FILE:/home/runner/work/key/key/key.core/../key.ui/examples/standard_key/staticInitialisation/classpath/System.java and once in URL:file:/home/runner/work/key/key/key.core/build/resources/main/de/uka/ilkd/key/java/JavaRedux/java/lang/System.java, Keeping one from URL:file:/home/runner/work/key/key/key.core/build/resources/main/de/uka/ilkd/key/java/JavaRedux/java/lang/System.java 
720450     WARN  main            d.u.i.k.j.r.KeYCrossReferenceNameInfo Datatype java.io.PrintStream declared twice: Once in FILE:/home/runner/work/key/key/key.core/../key.ui/examples/standard_key/staticInitialisation/classpath/PrintStream.java and once in URL:file:/home/runner/work/key/key/key.core/build/resources/main/de/uka/ilkd/key/java/JavaRedux/java/io/PrintStream.java, Keeping one from URL:file:/home/runner/work/key/key/key.core/build/resources/main/de/uka/ilkd/key/java/JavaRedux/java/io/PrintStream.java 
723426     DEBUG main            d.u.i.k.p.i.AbstractProblemLoader Init config took 3.01s 
723444     INFO  main            d.u.i.k.p.i.AbstractProblemLoader Replaying proof cascadeStaticInitialisation.key.proof 
723655     DEBUG main            d.u.i.k.p.i.IntermediateProofReplayer Proof replay took 206.43ms 
723657     DEBUG main            d.u.i.k.p.r.p.TestFile    ... success: reloaded. 
723658     INFO  main            d.u.i.k.p.r.p.TestFile    Now processing file /home/runner/work/key/key/key.core/../key.ui/examples/standard_key/staticInitialisation/erroneousClassImpliesErroneousSubclass.key 
723658     INFO  main            d.u.i.k.p.i.AbstractProblemLoader Loading environment from /home/runner/work/key/key/key.core/../key.ui/examples/standard_key/staticInitialisation/erroneousClassImpliesErroneousSubclass.key 
723659     DEBUG main            d.u.i.k.p.i.AbstractProblemLoader Environment load took 279.8ns 
723660     INFO  main            d.u.i.k.p.i.AbstractProblemLoader Creating init config 
723685     WARN  main            d.u.i.k.j.r.KeYCrossReferenceNameInfo Datatype java.lang.System declared twice: Once in FILE:/home/runner/work/key/key/key.core/../key.ui/examples/standard_key/staticInitialisation/classpath/System.java and once in URL:file:/home/runner/work/key/key/key.core/build/resources/main/de/uka/ilkd/key/java/JavaRedux/java/lang/System.java, Keeping one from URL:file:/home/runner/work/key/key/key.core/build/resources/main/de/uka/ilkd/key/java/JavaRedux/java/lang/System.java 
723686     WARN  main            d.u.i.k.j.r.KeYCrossReferenceNameInfo Datatype java.io.PrintStream declared twice: Once in FILE:/home/runner/work/key/key/key.core/../key.ui/examples/standard_key/staticInitialisation/classpath/PrintStream.java and once in URL:file:/home/runner/work/key/key/key.core/build/resources/main/de/uka/ilkd/key/java/JavaRedux/java/io/PrintStream.java, Keeping one from URL:file:/home/runner/work/key/key/key.core/build/resources/main/de/uka/ilkd/key/java/JavaRedux/java/io/PrintStream.java 
726644     DEBUG main            d.u.i.k.p.i.AbstractProblemLoader Init config took 2.98s 
726659     INFO  main            d.u.i.k.p.i.AbstractProblemLoader Replaying proof erroneousClassImpliesErroneousSubclass.key 
726661     DEBUG main            d.u.i.k.p.i.IntermediateProofReplayer Proof replay took 3.7ns 
726762     INFO  main            d.u.i.k.p.r.p.TestFile    ... finished proof: closed. 
727501     INFO  main            d.u.i.k.p.i.AbstractProblemLoader Loading environment from /home/runner/work/key/key/key.core/../key.ui/examples/standard_key/staticInitialisation/erroneousClassImpliesErroneousSubclass.key.proof 
727501     DEBUG main            d.u.i.k.p.i.AbstractProblemLoader Environment load took 93ns 
727502     INFO  main            d.u.i.k.p.i.AbstractProblemLoader Creating init config 
727534     WARN  main            d.u.i.k.j.r.KeYCrossReferenceNameInfo Datatype java.lang.System declared twice: Once in FILE:/home/runner/work/key/key/key.core/../key.ui/examples/standard_key/staticInitialisation/classpath/System.java and once in URL:file:/home/runner/work/key/key/key.core/build/resources/main/de/uka/ilkd/key/java/JavaRedux/java/lang/System.java, Keeping one from URL:file:/home/runner/work/key/key/key.core/build/resources/main/de/uka/ilkd/key/java/JavaRedux/java/lang/System.java 
727534     WARN  main            d.u.i.k.j.r.KeYCrossReferenceNameInfo Datatype java.io.PrintStream declared twice: Once in FILE:/home/runner/work/key/key/key.core/../key.ui/examples/standard_key/staticInitialisation/classpath/PrintStream.java and once in URL:file:/home/runner/work/key/key/key.core/build/resources/main/de/uka/ilkd/key/java/JavaRedux/java/io/PrintStream.java, Keeping one from URL:file:/home/runner/work/key/key/key.core/build/resources/main/de/uka/ilkd/key/java/JavaRedux/java/io/PrintStream.java 
730511     DEBUG main            d.u.i.k.p.i.AbstractProblemLoader Init config took 3.01s 
730527     INFO  main            d.u.i.k.p.i.AbstractProblemLoader Replaying proof erroneousClassImpliesErroneousSubclass.key.proof 
730530     DEBUG main            d.u.i.k.p.i.IntermediateProofReplayer Proof replay took 1.91ms 
730532     DEBUG main            d.u.i.k.p.r.p.TestFile    ... success: reloaded. 
730532     INFO  main            d.u.i.k.p.r.p.TestFile    Now processing file /home/runner/work/key/key/key.core/../key.ui/examples/standard_key/staticInitialisation/initializedSubclassImpliesInitializedSuperclass.key 
730533     INFO  main            d.u.i.k.p.i.AbstractProblemLoader Loading environment from /home/runner/work/key/key/key.core/../key.ui/examples/standard_key/staticInitialisation/initializedSubclassImpliesInitializedSuperclass.key 
730533     DEBUG main            d.u.i.k.p.i.AbstractProblemLoader Environment load took 87.5ns 
730534     INFO  main            d.u.i.k.p.i.AbstractProblemLoader Creating init config 
730558     WARN  main            d.u.i.k.j.r.KeYCrossReferenceNameInfo Datatype java.lang.System declared twice: Once in FILE:/home/runner/work/key/key/key.core/../key.ui/examples/standard_key/staticInitialisation/classpath/System.java and once in URL:file:/home/runner/work/key/key/key.core/build/resources/main/de/uka/ilkd/key/java/JavaRedux/java/lang/System.java, Keeping one from URL:file:/home/runner/work/key/key/key.core/build/resources/main/de/uka/ilkd/key/java/JavaRedux/java/lang/System.java 
730558     WARN  main            d.u.i.k.j.r.KeYCrossReferenceNameInfo Datatype java.io.PrintStream declared twice: Once in FILE:/home/runner/work/key/key/key.core/../key.ui/examples/standard_key/staticInitialisation/classpath/PrintStream.java and once in URL:file:/home/runner/work/key/key/key.core/build/resources/main/de/uka/ilkd/key/java/JavaRedux/java/io/PrintStream.java, Keeping one from URL:file:/home/runner/work/key/key/key.core/build/resources/main/de/uka/ilkd/key/java/JavaRedux/java/io/PrintStream.java 
733561     DEBUG main            d.u.i.k.p.i.AbstractProblemLoader Init config took 3.03s 
733577     INFO  main            d.u.i.k.p.i.AbstractProblemLoader Replaying proof initializedSubclassImpliesInitializedSuperclass.key 
733578     DEBUG main            d.u.i.k.p.i.IntermediateProofReplayer Proof replay took 4.2ns 
733681     INFO  main            d.u.i.k.p.r.p.TestFile    ... finished proof: closed. 
734384     INFO  main            d.u.i.k.p.i.AbstractProblemLoader Loading environment from /home/runner/work/key/key/key.core/../key.ui/examples/standard_key/staticInitialisation/initializedSubclassImpliesInitializedSuperclass.key.proof 
734384     DEBUG main            d.u.i.k.p.i.AbstractProblemLoader Environment load took 98.7ns 
734385     INFO  main            d.u.i.k.p.i.AbstractProblemLoader Creating init config 
734418     WARN  main            d.u.i.k.j.r.KeYCrossReferenceNameInfo Datatype java.lang.System declared twice: Once in FILE:/home/runner/work/key/key/key.core/../key.ui/examples/standard_key/staticInitialisation/classpath/System.java and once in URL:file:/home/runner/work/key/key/key.core/build/resources/main/de/uka/ilkd/key/java/JavaRedux/java/lang/System.java, Keeping one from URL:file:/home/runner/work/key/key/key.core/build/resources/main/de/uka/ilkd/key/java/JavaRedux/java/lang/System.java 
734418     WARN  main            d.u.i.k.j.r.KeYCrossReferenceNameInfo Datatype java.io.PrintStream declared twice: Once in FILE:/home/runner/work/key/key/key.core/../key.ui/examples/standard_key/staticInitialisation/classpath/PrintStream.java and once in URL:file:/home/runner/work/key/key/key.core/build/resources/main/de/uka/ilkd/key/java/JavaRedux/java/io/PrintStream.java, Keeping one from URL:file:/home/runner/work/key/key/key.core/build/resources/main/de/uka/ilkd/key/java/JavaRedux/java/io/PrintStream.java 
737477     DEBUG main            d.u.i.k.p.i.AbstractProblemLoader Init config took 3.09s 
737493     INFO  main            d.u.i.k.p.i.AbstractProblemLoader Replaying proof initializedSubclassImpliesInitializedSuperclass.key.proof 
737495     DEBUG main            d.u.i.k.p.i.IntermediateProofReplayer Proof replay took 496.8ns 
737496     DEBUG main            d.u.i.k.p.r.p.TestFile    ... success: reloaded. 
737497     INFO  main            d.u.i.k.p.r.p.TestFile    Now processing file /home/runner/work/key/key/key.core/../key.ui/examples/standard_key/staticInitialisation/localDeclared.key 
737498     INFO  main            d.u.i.k.p.i.AbstractProblemLoader Loading environment from /home/runner/work/key/key/key.core/../key.ui/examples/standard_key/staticInitialisation/localDeclared.key 
737498     DEBUG main            d.u.i.k.p.i.AbstractProblemLoader Environment load took 86.7ns 
737502     INFO  main            d.u.i.k.p.i.AbstractProblemLoader Creating init config 
737534     WARN  main            d.u.i.k.j.r.KeYCrossReferenceNameInfo Datatype java.lang.System declared twice: Once in FILE:/home/runner/work/key/key/key.core/../key.ui/examples/standard_key/staticInitialisation/classpath/System.java and once in URL:file:/home/runner/work/key/key/key.core/build/resources/main/de/uka/ilkd/key/java/JavaRedux/java/lang/System.java, Keeping one from URL:file:/home/runner/work/key/key/key.core/build/resources/main/de/uka/ilkd/key/java/JavaRedux/java/lang/System.java 
737534     WARN  main            d.u.i.k.j.r.KeYCrossReferenceNameInfo Datatype java.io.PrintStream declared twice: Once in FILE:/home/runner/work/key/key/key.core/../key.ui/examples/standard_key/staticInitialisation/classpath/PrintStream.java and once in URL:file:/home/runner/work/key/key/key.core/build/resources/main/de/uka/ilkd/key/java/JavaRedux/java/io/PrintStream.java, Keeping one from URL:file:/home/runner/work/key/key/key.core/build/resources/main/de/uka/ilkd/key/java/JavaRedux/java/io/PrintStream.java 
740670     DEBUG main            d.u.i.k.p.i.AbstractProblemLoader Init config took 3.17s 
740689     INFO  main            d.u.i.k.p.i.AbstractProblemLoader Replaying proof localDeclared.key 
740690     DEBUG main            d.u.i.k.p.i.IntermediateProofReplayer Proof replay took 3.6ns 
741095     INFO  main            d.u.i.k.p.r.p.TestFile    ... finished proof: closed. 
741796     INFO  main            d.u.i.k.p.i.AbstractProblemLoader Loading environment from /home/runner/work/key/key/key.core/../key.ui/examples/standard_key/staticInitialisation/localDeclared.key.proof 
741797     DEBUG main            d.u.i.k.p.i.AbstractProblemLoader Environment load took 98.5ns 
741798     INFO  main            d.u.i.k.p.i.AbstractProblemLoader Creating init config 
741829     WARN  main            d.u.i.k.j.r.KeYCrossReferenceNameInfo Datatype java.lang.System declared twice: Once in FILE:/home/runner/work/key/key/key.core/../key.ui/examples/standard_key/staticInitialisation/classpath/System.java and once in URL:file:/home/runner/work/key/key/key.core/build/resources/main/de/uka/ilkd/key/java/JavaRedux/java/lang/System.java, Keeping one from URL:file:/home/runner/work/key/key/key.core/build/resources/main/de/uka/ilkd/key/java/JavaRedux/java/lang/System.java 
741829     WARN  main            d.u.i.k.j.r.KeYCrossReferenceNameInfo Datatype java.io.PrintStream declared twice: Once in FILE:/home/runner/work/key/key/key.core/../key.ui/examples/standard_key/staticInitialisation/classpath/PrintStream.java and once in URL:file:/home/runner/work/key/key/key.core/build/resources/main/de/uka/ilkd/key/java/JavaRedux/java/io/PrintStream.java, Keeping one from URL:file:/home/runner/work/key/key/key.core/build/resources/main/de/uka/ilkd/key/java/JavaRedux/java/io/PrintStream.java 
744980     DEBUG main            d.u.i.k.p.i.AbstractProblemLoader Init config took 3.18s 
744999     INFO  main            d.u.i.k.p.i.AbstractProblemLoader Replaying proof localDeclared.key.proof 
745082     DEBUG main            d.u.i.k.p.i.IntermediateProofReplayer Proof replay took 80.42ms 
745084     DEBUG main            d.u.i.k.p.r.p.TestFile    ... success: reloaded. 
745084     INFO  main            d.u.i.k.p.r.p.TestFile    Now processing file /home/runner/work/key/key/key.core/../key.ui/examples/standard_key/staticInitialisation/localDeclaredMethod.key 
745085     INFO  main            d.u.i.k.p.i.AbstractProblemLoader Loading environment from /home/runner/work/key/key/key.core/../key.ui/examples/standard_key/staticInitialisation/localDeclaredMethod.key 
745085     DEBUG main            d.u.i.k.p.i.AbstractProblemLoader Environment load took 154.3ns 
745087     INFO  main            d.u.i.k.p.i.AbstractProblemLoader Creating init config 
745112     WARN  main            d.u.i.k.j.r.KeYCrossReferenceNameInfo Datatype java.lang.System declared twice: Once in FILE:/home/runner/work/key/key/key.core/../key.ui/examples/standard_key/staticInitialisation/classpath/System.java and once in URL:file:/home/runner/work/key/key/key.core/build/resources/main/de/uka/ilkd/key/java/JavaRedux/java/lang/System.java, Keeping one from URL:file:/home/runner/work/key/key/key.core/build/resources/main/de/uka/ilkd/key/java/JavaRedux/java/lang/System.java 
745112     WARN  main            d.u.i.k.j.r.KeYCrossReferenceNameInfo Datatype java.io.PrintStream declared twice: Once in FILE:/home/runner/work/key/key/key.core/../key.ui/examples/standard_key/staticInitialisation/classpath/PrintStream.java and once in URL:file:/home/runner/work/key/key/key.core/build/resources/main/de/uka/ilkd/key/java/JavaRedux/java/io/PrintStream.java, Keeping one from URL:file:/home/runner/work/key/key/key.core/build/resources/main/de/uka/ilkd/key/java/JavaRedux/java/io/PrintStream.java 
748139     DEBUG main            d.u.i.k.p.i.AbstractProblemLoader Init config took 3.05s 
748156     INFO  main            d.u.i.k.p.i.AbstractProblemLoader Replaying proof localDeclaredMethod.key 
748157     DEBUG main            d.u.i.k.p.i.IntermediateProofReplayer Proof replay took 3ns 
748461     INFO  main            d.u.i.k.p.r.p.TestFile    ... finished proof: closed. 
749219     INFO  main            d.u.i.k.p.i.AbstractProblemLoader Loading environment from /home/runner/work/key/key/key.core/../key.ui/examples/standard_key/staticInitialisation/localDeclaredMethod.key.proof 
749219     DEBUG main            d.u.i.k.p.i.AbstractProblemLoader Environment load took 99.5ns 
749221     INFO  main            d.u.i.k.p.i.AbstractProblemLoader Creating init config 
749246     WARN  main            d.u.i.k.j.r.KeYCrossReferenceNameInfo Datatype java.lang.System declared twice: Once in FILE:/home/runner/work/key/key/key.core/../key.ui/examples/standard_key/staticInitialisation/classpath/System.java and once in URL:file:/home/runner/work/key/key/key.core/build/resources/main/de/uka/ilkd/key/java/JavaRedux/java/lang/System.java, Keeping one from URL:file:/home/runner/work/key/key/key.core/build/resources/main/de/uka/ilkd/key/java/JavaRedux/java/lang/System.java 
749246     WARN  main            d.u.i.k.j.r.KeYCrossReferenceNameInfo Datatype java.io.PrintStream declared twice: Once in FILE:/home/runner/work/key/key/key.core/../key.ui/examples/standard_key/staticInitialisation/classpath/PrintStream.java and once in URL:file:/home/runner/work/key/key/key.core/build/resources/main/de/uka/ilkd/key/java/JavaRedux/java/io/PrintStream.java, Keeping one from URL:file:/home/runner/work/key/key/key.core/build/resources/main/de/uka/ilkd/key/java/JavaRedux/java/io/PrintStream.java 
752233     DEBUG main            d.u.i.k.p.i.AbstractProblemLoader Init config took 3.01s 
752250     INFO  main            d.u.i.k.p.i.AbstractProblemLoader Replaying proof localDeclaredMethod.key.proof 
752331     DEBUG main            d.u.i.k.p.i.IntermediateProofReplayer Proof replay took 77.38ms 
752332     DEBUG main            d.u.i.k.p.r.p.TestFile    ... success: reloaded. 
752333     INFO  main            d.u.i.k.p.r.p.TestFile    Now processing file /home/runner/work/key/key/key.core/../key.ui/examples/standard_key/staticInitialisation/objectOfErroneousClass.key 
752333     INFO  main            d.u.i.k.p.i.AbstractProblemLoader Loading environment from /home/runner/work/key/key/key.core/../key.ui/examples/standard_key/staticInitialisation/objectOfErroneousClass.key 
752333     DEBUG main            d.u.i.k.p.i.AbstractProblemLoader Environment load took 115.9ns 
752335     INFO  main            d.u.i.k.p.i.AbstractProblemLoader Creating init config 
752359     WARN  main            d.u.i.k.j.r.KeYCrossReferenceNameInfo Datatype java.lang.System declared twice: Once in FILE:/home/runner/work/key/key/key.core/../key.ui/examples/standard_key/staticInitialisation/classpath/System.java and once in URL:file:/home/runner/work/key/key/key.core/build/resources/main/de/uka/ilkd/key/java/JavaRedux/java/lang/System.java, Keeping one from URL:file:/home/runner/work/key/key/key.core/build/resources/main/de/uka/ilkd/key/java/JavaRedux/java/lang/System.java 
752359     WARN  main            d.u.i.k.j.r.KeYCrossReferenceNameInfo Datatype java.io.PrintStream declared twice: Once in FILE:/home/runner/work/key/key/key.core/../key.ui/examples/standard_key/staticInitialisation/classpath/PrintStream.java and once in URL:file:/home/runner/work/key/key/key.core/build/resources/main/de/uka/ilkd/key/java/JavaRedux/java/io/PrintStream.java, Keeping one from URL:file:/home/runner/work/key/key/key.core/build/resources/main/de/uka/ilkd/key/java/JavaRedux/java/io/PrintStream.java 
755458     DEBUG main            d.u.i.k.p.i.AbstractProblemLoader Init config took 3.12s 
755476     INFO  main            d.u.i.k.p.i.AbstractProblemLoader Replaying proof objectOfErroneousClass.key 
755481     DEBUG main            d.u.i.k.p.i.IntermediateProofReplayer Proof replay took 3.3ns 
771890     INFO  main            d.u.i.k.p.r.p.TestFile    ... finished proof: closed. 
772726     INFO  main            d.u.i.k.p.i.AbstractProblemLoader Loading environment from /home/runner/work/key/key/key.core/../key.ui/examples/standard_key/staticInitialisation/objectOfErroneousClass.key.proof 
772726     DEBUG main            d.u.i.k.p.i.AbstractProblemLoader Environment load took 138.4ns 
772733     INFO  main            d.u.i.k.p.i.AbstractProblemLoader Creating init config 
772761     WARN  main            d.u.i.k.j.r.KeYCrossReferenceNameInfo Datatype java.lang.System declared twice: Once in FILE:/home/runner/work/key/key/key.core/../key.ui/examples/standard_key/staticInitialisation/classpath/System.java and once in URL:file:/home/runner/work/key/key/key.core/build/resources/main/de/uka/ilkd/key/java/JavaRedux/java/lang/System.java, Keeping one from URL:file:/home/runner/work/key/key/key.core/build/resources/main/de/uka/ilkd/key/java/JavaRedux/java/lang/System.java 
772761     WARN  main            d.u.i.k.j.r.KeYCrossReferenceNameInfo Datatype java.io.PrintStream declared twice: Once in FILE:/home/runner/work/key/key/key.core/../key.ui/examples/standard_key/staticInitialisation/classpath/PrintStream.java and once in URL:file:/home/runner/work/key/key/key.core/build/resources/main/de/uka/ilkd/key/java/JavaRedux/java/io/PrintStream.java, Keeping one from URL:file:/home/runner/work/key/key/key.core/build/resources/main/de/uka/ilkd/key/java/JavaRedux/java/io/PrintStream.java 
775855     DEBUG main            d.u.i.k.p.i.AbstractProblemLoader Init config took 3.12s 
775873     INFO  main            d.u.i.k.p.i.AbstractProblemLoader Replaying proof objectOfErroneousClass.key.proof 
778943     DEBUG main            d.u.i.k.p.i.IntermediateProofReplayer Proof replay took 3.04s 
778948     DEBUG main            d.u.i.k.p.r.p.TestFile    ... success: reloaded. 
778950     INFO  main            d.u.i.k.p.r.p.TestFile    Now processing file /home/runner/work/key/key/key.core/../key.ui/examples/standard_key/staticInitialisation/staticInitialisersAreNonSimple.key 
778950     INFO  main            d.u.i.k.p.i.AbstractProblemLoader Loading environment from /home/runner/work/key/key/key.core/../key.ui/examples/standard_key/staticInitialisation/staticInitialisersAreNonSimple.key 
778950     DEBUG main            d.u.i.k.p.i.AbstractProblemLoader Environment load took 236.3ns 
778952     INFO  main            d.u.i.k.p.i.AbstractProblemLoader Creating init config 
778978     WARN  main            d.u.i.k.j.r.KeYCrossReferenceNameInfo Datatype java.lang.System declared twice: Once in FILE:/home/runner/work/key/key/key.core/../key.ui/examples/standard_key/staticInitialisation/classpath/System.java and once in URL:file:/home/runner/work/key/key/key.core/build/resources/main/de/uka/ilkd/key/java/JavaRedux/java/lang/System.java, Keeping one from URL:file:/home/runner/work/key/key/key.core/build/resources/main/de/uka/ilkd/key/java/JavaRedux/java/lang/System.java 
778978     WARN  main            d.u.i.k.j.r.KeYCrossReferenceNameInfo Datatype java.io.PrintStream declared twice: Once in FILE:/home/runner/work/key/key/key.core/../key.ui/examples/standard_key/staticInitialisation/classpath/PrintStream.java and once in URL:file:/home/runner/work/key/key/key.core/build/resources/main/de/uka/ilkd/key/java/JavaRedux/java/io/PrintStream.java, Keeping one from URL:file:/home/runner/work/key/key/key.core/build/resources/main/de/uka/ilkd/key/java/JavaRedux/java/io/PrintStream.java 
782084     DEBUG main            d.u.i.k.p.i.AbstractProblemLoader Init config took 3.13s 
782101     INFO  main            d.u.i.k.p.i.AbstractProblemLoader Replaying proof staticInitialisersAreNonSimple.key 
782103     DEBUG main            d.u.i.k.p.i.IntermediateProofReplayer Proof replay took 2.9ns 
782507     INFO  main            d.u.i.k.p.r.p.TestFile    ... finished proof: closed. 
783366     INFO  main            d.u.i.k.p.i.AbstractProblemLoader Loading environment from /home/runner/work/key/key/key.core/../key.ui/examples/standard_key/staticInitialisation/staticInitialisersAreNonSimple.key.proof 
783366     DEBUG main            d.u.i.k.p.i.AbstractProblemLoader Environment load took 83.6ns 
783368     INFO  main            d.u.i.k.p.i.AbstractProblemLoader Creating init config 
783391     WARN  main            d.u.i.k.j.r.KeYCrossReferenceNameInfo Datatype java.lang.System declared twice: Once in FILE:/home/runner/work/key/key/key.core/../key.ui/examples/standard_key/staticInitialisation/classpath/System.java and once in URL:file:/home/runner/work/key/key/key.core/build/resources/main/de/uka/ilkd/key/java/JavaRedux/java/lang/System.java, Keeping one from URL:file:/home/runner/work/key/key/key.core/build/resources/main/de/uka/ilkd/key/java/JavaRedux/java/lang/System.java 
783391     WARN  main            d.u.i.k.j.r.KeYCrossReferenceNameInfo Datatype java.io.PrintStream declared twice: Once in FILE:/home/runner/work/key/key/key.core/../key.ui/examples/standard_key/staticInitialisation/classpath/PrintStream.java and once in URL:file:/home/runner/work/key/key/key.core/build/resources/main/de/uka/ilkd/key/java/JavaRedux/java/io/PrintStream.java, Keeping one from URL:file:/home/runner/work/key/key/key.core/build/resources/main/de/uka/ilkd/key/java/JavaRedux/java/io/PrintStream.java 
786340     DEBUG main            d.u.i.k.p.i.AbstractProblemLoader Init config took 2.97s 
786358     INFO  main            d.u.i.k.p.i.AbstractProblemLoader Replaying proof staticInitialisersAreNonSimple.key.proof 
786471     DEBUG main            d.u.i.k.p.i.IntermediateProofReplayer Proof replay took 110.36ms 
786473     DEBUG main            d.u.i.k.p.r.p.TestFile    ... success: reloaded. 
786474     INFO  main            d.u.i.k.p.r.p.TestFile    Now processing file /home/runner/work/key/key/key.core/../key.ui/examples/standard_key/types/disjoint.key 
786474     INFO  main            d.u.i.k.p.i.AbstractProblemLoader Loading environment from /home/runner/work/key/key/key.core/../key.ui/examples/standard_key/types/disjoint.key 
786474     DEBUG main            d.u.i.k.p.i.AbstractProblemLoader Environment load took 71.5ns 
786475     INFO  main            d.u.i.k.p.i.AbstractProblemLoader Creating init config 
789363     DEBUG main            d.u.i.k.p.i.AbstractProblemLoader Init config took 2.89s 
789378     INFO  main            d.u.i.k.p.i.AbstractProblemLoader Replaying proof disjoint.key 
789379     DEBUG main            d.u.i.k.p.i.IntermediateProofReplayer Proof replay took 3ns 
789481     INFO  main            d.u.i.k.p.r.p.TestFile    ... finished proof: closed. 
790246     INFO  main            d.u.i.k.p.i.AbstractProblemLoader Loading environment from /home/runner/work/key/key/key.core/../key.ui/examples/standard_key/types/disjoint.key.proof 
790246     DEBUG main            d.u.i.k.p.i.AbstractProblemLoader Environment load took 87.7ns 
790247     INFO  main            d.u.i.k.p.i.AbstractProblemLoader Creating init config 
793164     DEBUG main            d.u.i.k.p.i.AbstractProblemLoader Init config took 2.92s 
793180     INFO  main            d.u.i.k.p.i.AbstractProblemLoader Replaying proof disjoint.key.proof 
793182     DEBUG main            d.u.i.k.p.i.IntermediateProofReplayer Proof replay took 614.89ns 
793183     DEBUG main            d.u.i.k.p.r.p.TestFile    ... success: reloaded. 
793184     INFO  main            d.u.i.k.p.r.p.TestFile    Now processing file /home/runner/work/key/key/key.core/../key.ui/examples/../../key.core/src/test/resources/testcase/classpath/classpath.key 
793184     INFO  main            d.u.i.k.p.i.AbstractProblemLoader Loading environment from /home/runner/work/key/key/key.core/../key.ui/examples/../../key.core/src/test/resources/testcase/classpath/classpath.key 
793184     DEBUG main            d.u.i.k.p.i.AbstractProblemLoader Environment load took 120.2ns 
793185     INFO  main            d.u.i.k.p.i.AbstractProblemLoader Creating init config 
793213     WARN  main            d.u.i.k.j.r.KeYCrossReferenceNameInfo Datatype cp.C declared twice: Once in FILE:/home/runner/work/key/key/key.core/../key.ui/examples/../../key.core/src/test/resources/testcase/classpath/classpath/C.class and once in FILE:/home/runner/work/key/key/key.core/../key.ui/examples/../../key.core/src/test/resources/testcase/classpath/classpath/C.jml, Keeping one from FILE:/home/runner/work/key/key/key.core/../key.ui/examples/../../key.core/src/test/resources/testcase/classpath/classpath/C.jml 
793216     DEBUG main            d.u.i.k.j.r.ClassFileDeclarationBuilder Parsing: package cp; public class Unresolved1 { } 
793216     DEBUG main            r.s.KeYCrossReferenceSourceInfo Dynamically created class: cp.Unresolved1 
793216     DEBUG main            d.u.i.k.j.r.ClassFileDeclarationBuilder Parsing: package cp; public class Unresolved2 { } 
793217     DEBUG main            r.s.KeYCrossReferenceSourceInfo Dynamically created class: cp.Unresolved2 
796346     DEBUG main            d.u.i.k.p.i.AbstractProblemLoader Init config took 3.16s 
796365     INFO  main            d.u.i.k.p.i.AbstractProblemLoader Replaying proof classpath.key 
796367     DEBUG main            d.u.i.k.p.i.IntermediateProofReplayer Proof replay took 4.3ns 
796477     INFO  main            d.u.i.k.p.r.p.TestFile    ... finished proof: closed. 
797242     INFO  main            d.u.i.k.p.i.AbstractProblemLoader Loading environment from /home/runner/work/key/key/key.core/../key.ui/examples/../../key.core/src/test/resources/testcase/classpath/classpath.key.proof 
797242     DEBUG main            d.u.i.k.p.i.AbstractProblemLoader Environment load took 86ns 
797243     INFO  main            d.u.i.k.p.i.AbstractProblemLoader Creating init config 
797279     WARN  main            d.u.i.k.j.r.KeYCrossReferenceNameInfo Datatype cp.C declared twice: Once in FILE:/home/runner/work/key/key/key.core/../key.ui/examples/../../key.core/src/test/resources/testcase/classpath/classpath/C.class and once in FILE:/home/runner/work/key/key/key.core/../key.ui/examples/../../key.core/src/test/resources/testcase/classpath/classpath/C.jml, Keeping one from FILE:/home/runner/work/key/key/key.core/../key.ui/examples/../../key.core/src/test/resources/testcase/classpath/classpath/C.jml 
797283     DEBUG main            d.u.i.k.j.r.ClassFileDeclarationBuilder Parsing: package cp; public class Unresolved1 { } 
797283     DEBUG main            r.s.KeYCrossReferenceSourceInfo Dynamically created class: cp.Unresolved1 
797284     DEBUG main            d.u.i.k.j.r.ClassFileDeclarationBuilder Parsing: package cp; public class Unresolved2 { } 
797284     DEBUG main            r.s.KeYCrossReferenceSourceInfo Dynamically created class: cp.Unresolved2 
800324     DEBUG main            d.u.i.k.p.i.AbstractProblemLoader Init config took 3.08s 
800342     INFO  main            d.u.i.k.p.i.AbstractProblemLoader Replaying proof classpath.key.proof 
800344     DEBUG main            d.u.i.k.p.i.IntermediateProofReplayer Proof replay took 706.39ns 
800345     DEBUG main            d.u.i.k.p.r.p.TestFile    ... success: reloaded. 
800346     INFO  main            d.u.i.k.p.r.p.TestFile    Now processing file /home/runner/work/key/key/key.core/../key.ui/examples/heap/inconsistent_represents/MyClass_m.key 
800346     INFO  main            d.u.i.k.p.i.AbstractProblemLoader Loading environment from /home/runner/work/key/key/key.core/../key.ui/examples/heap/inconsistent_represents/MyClass_m.key 
800346     DEBUG main            d.u.i.k.p.i.AbstractProblemLoader Environment load took 58ns 
800347     INFO  main            d.u.i.k.p.i.AbstractProblemLoader Creating init config 
803364     DEBUG main            d.u.i.k.p.i.AbstractProblemLoader Init config took 3.02s 
803408     INFO  main            d.u.i.k.p.i.AbstractProblemLoader Replaying proof MyClass[MyClass::m()].JML operation contract.0 
803409     DEBUG main            d.u.i.k.p.i.IntermediateProofReplayer Proof replay took 3.4ns 
803512     INFO  main            d.u.i.k.p.r.p.TestFile    ... finished proof: open goal(s) 
804275     INFO  main            d.u.i.k.p.r.p.TestFile    Now processing file /home/runner/work/key/key/key.core/../key.ui/examples/heap/inconsistent_represents/MyClass_n.key 
804275     INFO  main            d.u.i.k.p.i.AbstractProblemLoader Loading environment from /home/runner/work/key/key/key.core/../key.ui/examples/heap/inconsistent_represents/MyClass_n.key 
804276     DEBUG main            d.u.i.k.p.i.AbstractProblemLoader Environment load took 54.2ns 
804285     INFO  main            d.u.i.k.p.i.AbstractProblemLoader Creating init config 
807191     DEBUG main            d.u.i.k.p.i.AbstractProblemLoader Init config took 2.91s 
807233     INFO  main            d.u.i.k.p.i.AbstractProblemLoader Replaying proof MyClass[MyClass::n()].JML operation contract.0 
807235     DEBUG main            d.u.i.k.p.i.IntermediateProofReplayer Proof replay took 3.8ns 
807338     INFO  main            d.u.i.k.p.r.p.TestFile    ... finished proof: open goal(s) 
4948766    INFO  Test worker     d.u.i.k.p.r.p.StatisticsFile Returning from test javadl 
4948775    INFO  Test worker     d.u.i.k.p.r.p.StatisticsFile Running test FOL 
481        INFO  Timeout watchdog d.u.i.k.p.r.p.ForkedTestFileRunner Timeout watcher launched (2000 secs.) 
519        WARN  main            d.u.i.k.s.ProofSettings   The settings in /home/runner/.key/proof-settings.props are *not* read. 
588        INFO  main            d.u.i.k.p.r.p.TestFile    Now processing file /home/runner/work/key/key/key.core/../key.ui/examples/standard_key/pred_log/count.key 
754        INFO  main            d.u.i.k.p.i.AbstractProblemLoader Loading environment from /home/runner/work/key/key/key.core/../key.ui/examples/standard_key/pred_log/count.key 
778        DEBUG main            d.u.i.k.p.i.AbstractProblemLoader Environment load took 2.4ms 
1136       INFO  main            d.u.i.k.p.i.AbstractProblemLoader Creating init config 
2445       DEBUG main            d.u.i.k.j.TypeConverter   No LDT found for Meta 
2446       DEBUG main            d.u.i.k.j.TypeConverter   No LDT found for Meta 
2448       DEBUG main            d.u.i.k.j.TypeConverter   No LDT found for Meta 
2449       DEBUG main            d.u.i.k.j.TypeConverter   No LDT found for Meta 
4407       DEBUG main            d.u.i.k.j.TypeConverter   No LDT found for JavaBigintExpression 
10766      DEBUG main            d.u.i.k.p.i.AbstractProblemLoader Init config took 9.63s 
10864      INFO  main            d.u.i.k.p.i.AbstractProblemLoader Replaying proof count.key 
10918      DEBUG main            d.u.i.k.p.i.IntermediateProofReplayer Proof replay took 45.5ns 
11207      INFO  main            d.u.i.k.p.r.p.TestFile    ... finished proof: closed. 
11354      INFO  main            d.u.i.k.p.i.AbstractProblemLoader Loading environment from /home/runner/work/key/key/key.core/../key.ui/examples/standard_key/pred_log/count.key.proof 
11356      DEBUG main            d.u.i.k.p.i.AbstractProblemLoader Environment load took 2.33ms 
11363      INFO  main            d.u.i.k.p.i.AbstractProblemLoader Creating init config 
15082      DEBUG main            d.u.i.k.p.i.AbstractProblemLoader Init config took 3.72s 
15125      INFO  main            d.u.i.k.p.i.AbstractProblemLoader Replaying proof count.key.proof 
15140      DEBUG main            d.u.i.k.p.i.IntermediateProofReplayer Proof replay took 8.99ms 
15155      DEBUG main            d.u.i.k.p.r.p.TestFile    ... success: reloaded. 
15157      INFO  main            d.u.i.k.p.r.p.TestFile    Now processing file /home/runner/work/key/key/key.core/../key.ui/examples/standard_key/pred_log/count2.key 
15157      INFO  main            d.u.i.k.p.i.AbstractProblemLoader Loading environment from /home/runner/work/key/key/key.core/../key.ui/examples/standard_key/pred_log/count2.key 
15157      DEBUG main            d.u.i.k.p.i.AbstractProblemLoader Environment load took 256.3ns 
15160      INFO  main            d.u.i.k.p.i.AbstractProblemLoader Creating init config 
18633      DEBUG main            d.u.i.k.p.i.AbstractProblemLoader Init config took 3.47s 
18672      INFO  main            d.u.i.k.p.i.AbstractProblemLoader Replaying proof count2.key 
18679      DEBUG main            d.u.i.k.p.i.IntermediateProofReplayer Proof replay took 9.1ns 
18790      INFO  main            d.u.i.k.p.r.p.TestFile    ... finished proof: closed. 
19008      INFO  main            d.u.i.k.p.i.AbstractProblemLoader Loading environment from /home/runner/work/key/key/key.core/../key.ui/examples/standard_key/pred_log/count2.key.proof 
19009      DEBUG main            d.u.i.k.p.i.AbstractProblemLoader Environment load took 460.7ns 
19012      INFO  main            d.u.i.k.p.i.AbstractProblemLoader Creating init config 
22369      DEBUG main            d.u.i.k.p.i.AbstractProblemLoader Init config took 3.36s 
22397      INFO  main            d.u.i.k.p.i.AbstractProblemLoader Replaying proof count2.key.proof 
22405      DEBUG main            d.u.i.k.p.i.IntermediateProofReplayer Proof replay took 4.42ms 
22406      DEBUG main            d.u.i.k.p.r.p.TestFile    ... success: reloaded. 
22407      INFO  main            d.u.i.k.p.r.p.TestFile    Now processing file /home/runner/work/key/key/key.core/../key.ui/examples/standard_key/pred_log/count3.key 
22408      INFO  main            d.u.i.k.p.i.AbstractProblemLoader Loading environment from /home/runner/work/key/key/key.core/../key.ui/examples/standard_key/pred_log/count3.key 
22408      DEBUG main            d.u.i.k.p.i.AbstractProblemLoader Environment load took 269.5ns 
22410      INFO  main            d.u.i.k.p.i.AbstractProblemLoader Creating init config 
25654      DEBUG main            d.u.i.k.p.i.AbstractProblemLoader Init config took 3.24s 
25679      INFO  main            d.u.i.k.p.i.AbstractProblemLoader Replaying proof count3.key 
25681      DEBUG main            d.u.i.k.p.i.IntermediateProofReplayer Proof replay took 7ns 
25785      INFO  main            d.u.i.k.p.r.p.TestFile    ... finished proof: closed. 
25977      INFO  main            d.u.i.k.p.i.AbstractProblemLoader Loading environment from /home/runner/work/key/key/key.core/../key.ui/examples/standard_key/pred_log/count3.key.proof 
25977      DEBUG main            d.u.i.k.p.i.AbstractProblemLoader Environment load took 169ns 
25979      INFO  main            d.u.i.k.p.i.AbstractProblemLoader Creating init config 
29140      DEBUG main            d.u.i.k.p.i.AbstractProblemLoader Init config took 3.16s 
29166      INFO  main            d.u.i.k.p.i.AbstractProblemLoader Replaying proof count3.key.proof 
29173      DEBUG main            d.u.i.k.p.i.IntermediateProofReplayer Proof replay took 3.87ms 
29174      DEBUG main            d.u.i.k.p.r.p.TestFile    ... success: reloaded. 
29175      INFO  main            d.u.i.k.p.r.p.TestFile    Now processing file /home/runner/work/key/key/key.core/../key.ui/examples/standard_key/pred_log/equalities.key 
29176      INFO  main            d.u.i.k.p.i.AbstractProblemLoader Loading environment from /home/runner/work/key/key/key.core/../key.ui/examples/standard_key/pred_log/equalities.key 
29176      DEBUG main            d.u.i.k.p.i.AbstractProblemLoader Environment load took 232.1ns 
29184      INFO  main            d.u.i.k.p.i.AbstractProblemLoader Creating init config 
32412      DEBUG main            d.u.i.k.p.i.AbstractProblemLoader Init config took 3.23s 
32453      INFO  main            d.u.i.k.p.i.AbstractProblemLoader Replaying proof equalities.key 
32455      DEBUG main            d.u.i.k.p.i.IntermediateProofReplayer Proof replay took 8.4ns 
32561      INFO  main            d.u.i.k.p.r.p.TestFile    ... finished proof: closed. 
32727      INFO  main            d.u.i.k.p.i.AbstractProblemLoader Loading environment from /home/runner/work/key/key/key.core/../key.ui/examples/standard_key/pred_log/equalities.key.proof 
32728      DEBUG main            d.u.i.k.p.i.AbstractProblemLoader Environment load took 437.4ns 
32729      INFO  main            d.u.i.k.p.i.AbstractProblemLoader Creating init config 
35875      DEBUG main            d.u.i.k.p.i.AbstractProblemLoader Init config took 3.15s 
35901      INFO  main            d.u.i.k.p.i.AbstractProblemLoader Replaying proof equalities.key.proof 
35906      DEBUG main            d.u.i.k.p.i.IntermediateProofReplayer Proof replay took 2.08ms 
35907      DEBUG main            d.u.i.k.p.r.p.TestFile    ... success: reloaded. 
35908      INFO  main            d.u.i.k.p.r.p.TestFile    Now processing file /home/runner/work/key/key/key.core/../key.ui/examples/standard_key/pred_log/equalities2.key 
35908      INFO  main            d.u.i.k.p.i.AbstractProblemLoader Loading environment from /home/runner/work/key/key/key.core/../key.ui/examples/standard_key/pred_log/equalities2.key 
35909      DEBUG main            d.u.i.k.p.i.AbstractProblemLoader Environment load took 199.8ns 
35910      INFO  main            d.u.i.k.p.i.AbstractProblemLoader Creating init config 
39031      DEBUG main            d.u.i.k.p.i.AbstractProblemLoader Init config took 3.12s 
39056      INFO  main            d.u.i.k.p.i.AbstractProblemLoader Replaying proof equalities2.key 
39058      DEBUG main            d.u.i.k.p.i.IntermediateProofReplayer Proof replay took 8.7ns 
39164      INFO  main            d.u.i.k.p.r.p.TestFile    ... finished proof: closed. 
39357      INFO  main            d.u.i.k.p.i.AbstractProblemLoader Loading environment from /home/runner/work/key/key/key.core/../key.ui/examples/standard_key/pred_log/equalities2.key.proof 
39357      DEBUG main            d.u.i.k.p.i.AbstractProblemLoader Environment load took 470.7ns 
39359      INFO  main            d.u.i.k.p.i.AbstractProblemLoader Creating init config 
42445      DEBUG main            d.u.i.k.p.i.AbstractProblemLoader Init config took 3.09s 
42470      INFO  main            d.u.i.k.p.i.AbstractProblemLoader Replaying proof equalities2.key.proof 
42478      DEBUG main            d.u.i.k.p.i.IntermediateProofReplayer Proof replay took 5.56ms 
42479      DEBUG main            d.u.i.k.p.r.p.TestFile    ... success: reloaded. 
42480      INFO  main            d.u.i.k.p.r.p.TestFile    Now processing file /home/runner/work/key/key/key.core/../key.ui/examples/standard_key/pred_log/equalities3.key 
42480      INFO  main            d.u.i.k.p.i.AbstractProblemLoader Loading environment from /home/runner/work/key/key/key.core/../key.ui/examples/standard_key/pred_log/equalities3.key 
42481      DEBUG main            d.u.i.k.p.i.AbstractProblemLoader Environment load took 220.1ns 
42482      INFO  main            d.u.i.k.p.i.AbstractProblemLoader Creating init config 
45625      DEBUG main            d.u.i.k.p.i.AbstractProblemLoader Init config took 3.14s 
45653      INFO  main            d.u.i.k.p.i.AbstractProblemLoader Replaying proof equalities3.key 
45655      DEBUG main            d.u.i.k.p.i.IntermediateProofReplayer Proof replay took 8.8ns 
45760      INFO  main            d.u.i.k.p.r.p.TestFile    ... finished proof: closed. 
45960      INFO  main            d.u.i.k.p.i.AbstractProblemLoader Loading environment from /home/runner/work/key/key/key.core/../key.ui/examples/standard_key/pred_log/equalities3.key.proof 
45960      DEBUG main            d.u.i.k.p.i.AbstractProblemLoader Environment load took 504.8ns 
45962      INFO  main            d.u.i.k.p.i.AbstractProblemLoader Creating init config 
49042      DEBUG main            d.u.i.k.p.i.AbstractProblemLoader Init config took 3.08s 
49066      INFO  main            d.u.i.k.p.i.AbstractProblemLoader Replaying proof equalities3.key.proof 
49112      DEBUG main            d.u.i.k.p.i.IntermediateProofReplayer Proof replay took 33.92ms 
49114      DEBUG main            d.u.i.k.p.r.p.TestFile    ... success: reloaded. 
49115      INFO  main            d.u.i.k.p.r.p.TestFile    Now processing file /home/runner/work/key/key/key.core/../key.ui/examples/standard_key/pred_log/functions.key 
49115      INFO  main            d.u.i.k.p.i.AbstractProblemLoader Loading environment from /home/runner/work/key/key/key.core/../key.ui/examples/standard_key/pred_log/functions.key 
49115      DEBUG main            d.u.i.k.p.i.AbstractProblemLoader Environment load took 216.8ns 
49117      INFO  main            d.u.i.k.p.i.AbstractProblemLoader Creating init config 
52292      DEBUG main            d.u.i.k.p.i.AbstractProblemLoader Init config took 3.17s 
52317      INFO  main            d.u.i.k.p.i.AbstractProblemLoader Replaying proof functions.key 
52319      DEBUG main            d.u.i.k.p.i.IntermediateProofReplayer Proof replay took 8.2ns 
52422      INFO  main            d.u.i.k.p.r.p.TestFile    ... finished proof: closed. 
52629      INFO  main            d.u.i.k.p.i.AbstractProblemLoader Loading environment from /home/runner/work/key/key/key.core/../key.ui/examples/standard_key/pred_log/functions.key.proof 
52629      DEBUG main            d.u.i.k.p.i.AbstractProblemLoader Environment load took 143.7ns 
52630      INFO  main            d.u.i.k.p.i.AbstractProblemLoader Creating init config 
55683      DEBUG main            d.u.i.k.p.i.AbstractProblemLoader Init config took 3.05s 
55705      INFO  main            d.u.i.k.p.i.AbstractProblemLoader Replaying proof functions.key.proof 
55710      DEBUG main            d.u.i.k.p.i.IntermediateProofReplayer Proof replay took 3.41ms 
55711      DEBUG main            d.u.i.k.p.r.p.TestFile    ... success: reloaded. 
55712      INFO  main            d.u.i.k.p.r.p.TestFile    Now processing file /home/runner/work/key/key/key.core/../key.ui/examples/standard_key/pred_log/mv1.key 
55713      INFO  main            d.u.i.k.p.i.AbstractProblemLoader Loading environment from /home/runner/work/key/key/key.core/../key.ui/examples/standard_key/pred_log/mv1.key 
55713      DEBUG main            d.u.i.k.p.i.AbstractProblemLoader Environment load took 127.3ns 
55714      INFO  main            d.u.i.k.p.i.AbstractProblemLoader Creating init config 
58852      DEBUG main            d.u.i.k.p.i.AbstractProblemLoader Init config took 3.14s 
58877      INFO  main            d.u.i.k.p.i.AbstractProblemLoader Replaying proof mv1.key 
58879      DEBUG main            d.u.i.k.p.i.IntermediateProofReplayer Proof replay took 8.1ns 
58982      INFO  main            d.u.i.k.p.r.p.TestFile    ... finished proof: closed. 
59192      INFO  main            d.u.i.k.p.i.AbstractProblemLoader Loading environment from /home/runner/work/key/key/key.core/../key.ui/examples/standard_key/pred_log/mv1.key.proof 
59193      DEBUG main            d.u.i.k.p.i.AbstractProblemLoader Environment load took 167.5ns 
59194      INFO  main            d.u.i.k.p.i.AbstractProblemLoader Creating init config 
62260      DEBUG main            d.u.i.k.p.i.AbstractProblemLoader Init config took 3.07s 
62279      INFO  main            d.u.i.k.p.i.AbstractProblemLoader Replaying proof mv1.key.proof 
62282      DEBUG main            d.u.i.k.p.i.IntermediateProofReplayer Proof replay took 1.14ms 
62283      DEBUG main            d.u.i.k.p.r.p.TestFile    ... success: reloaded. 
62284      INFO  main            d.u.i.k.p.r.p.TestFile    Now processing file /home/runner/work/key/key/key.core/../key.ui/examples/standard_key/pred_log/mv2.key 
62284      INFO  main            d.u.i.k.p.i.AbstractProblemLoader Loading environment from /home/runner/work/key/key/key.core/../key.ui/examples/standard_key/pred_log/mv2.key 
62284      DEBUG main            d.u.i.k.p.i.AbstractProblemLoader Environment load took 142.7ns 
62286      INFO  main            d.u.i.k.p.i.AbstractProblemLoader Creating init config 
65339      DEBUG main            d.u.i.k.p.i.AbstractProblemLoader Init config took 3.05s 
65358      INFO  main            d.u.i.k.p.i.AbstractProblemLoader Replaying proof mv2.key 
65359      DEBUG main            d.u.i.k.p.i.IntermediateProofReplayer Proof replay took 7.3ns 
65463      INFO  main            d.u.i.k.p.r.p.TestFile    ... finished proof: closed. 
65688      INFO  main            d.u.i.k.p.i.AbstractProblemLoader Loading environment from /home/runner/work/key/key/key.core/../key.ui/examples/standard_key/pred_log/mv2.key.proof 
65688      DEBUG main            d.u.i.k.p.i.AbstractProblemLoader Environment load took 158.2ns 
65689      INFO  main            d.u.i.k.p.i.AbstractProblemLoader Creating init config 
68727      DEBUG main            d.u.i.k.p.i.AbstractProblemLoader Init config took 3.04s 
68746      INFO  main            d.u.i.k.p.i.AbstractProblemLoader Replaying proof mv2.key.proof 
68751      DEBUG main            d.u.i.k.p.i.IntermediateProofReplayer Proof replay took 2.33ms 
68751      DEBUG main            d.u.i.k.p.r.p.TestFile    ... success: reloaded. 
68752      INFO  main            d.u.i.k.p.r.p.TestFile    Now processing file /home/runner/work/key/key/key.core/../key.ui/examples/standard_key/pred_log/quantifiers.key 
68753      INFO  main            d.u.i.k.p.i.AbstractProblemLoader Loading environment from /home/runner/work/key/key/key.core/../key.ui/examples/standard_key/pred_log/quantifiers.key 
68753      DEBUG main            d.u.i.k.p.i.AbstractProblemLoader Environment load took 137.4ns 
68754      INFO  main            d.u.i.k.p.i.AbstractProblemLoader Creating init config 
71814      DEBUG main            d.u.i.k.p.i.AbstractProblemLoader Init config took 3.06s 
71832      INFO  main            d.u.i.k.p.i.AbstractProblemLoader Replaying proof quantifiers.key 
71834      DEBUG main            d.u.i.k.p.i.IntermediateProofReplayer Proof replay took 7.9ns 
71937      INFO  main            d.u.i.k.p.r.p.TestFile    ... finished proof: closed. 
72169      INFO  main            d.u.i.k.p.i.AbstractProblemLoader Loading environment from /home/runner/work/key/key/key.core/../key.ui/examples/standard_key/pred_log/quantifiers.key.proof 
72169      DEBUG main            d.u.i.k.p.i.AbstractProblemLoader Environment load took 151.1ns 
72170      INFO  main            d.u.i.k.p.i.AbstractProblemLoader Creating init config 
75107      DEBUG main            d.u.i.k.p.i.AbstractProblemLoader Init config took 2.94s 
75125      INFO  main            d.u.i.k.p.i.AbstractProblemLoader Replaying proof quantifiers.key.proof 
75130      DEBUG main            d.u.i.k.p.i.IntermediateProofReplayer Proof replay took 3.34ms 
75131      DEBUG main            d.u.i.k.p.r.p.TestFile    ... success: reloaded. 
75132      INFO  main            d.u.i.k.p.r.p.TestFile    Now processing file /home/runner/work/key/key/key.core/../key.ui/examples/standard_key/pred_log/simpleEps.key 
75132      INFO  main            d.u.i.k.p.i.AbstractProblemLoader Loading environment from /home/runner/work/key/key/key.core/../key.ui/examples/standard_key/pred_log/simpleEps.key 
75132      DEBUG main            d.u.i.k.p.i.AbstractProblemLoader Environment load took 141.8ns 
75133      INFO  main            d.u.i.k.p.i.AbstractProblemLoader Creating init config 
78287      DEBUG main            d.u.i.k.p.i.AbstractProblemLoader Init config took 3.15s 
78304      INFO  main            d.u.i.k.p.i.AbstractProblemLoader Replaying proof simpleEps.key 
78307      DEBUG main            d.u.i.k.p.i.IntermediateProofReplayer Proof replay took 9.6ns 
78412      INFO  main            d.u.i.k.p.r.p.TestFile    ... finished proof: closed. 
78637      INFO  main            d.u.i.k.p.i.AbstractProblemLoader Loading environment from /home/runner/work/key/key/key.core/../key.ui/examples/standard_key/pred_log/simpleEps.key.proof 
78637      DEBUG main            d.u.i.k.p.i.AbstractProblemLoader Environment load took 139.7ns 
78639      INFO  main            d.u.i.k.p.i.AbstractProblemLoader Creating init config 
81709      DEBUG main            d.u.i.k.p.i.AbstractProblemLoader Init config took 3.07s 
81733      INFO  main            d.u.i.k.p.i.AbstractProblemLoader Replaying proof simpleEps.key.proof 
81747      DEBUG main            d.u.i.k.p.i.IntermediateProofReplayer Proof replay took 8.66ms 
81749      DEBUG main            d.u.i.k.p.r.p.TestFile    ... success: reloaded. 
81752      INFO  main            d.u.i.k.p.r.p.TestFile    Now processing file /home/runner/work/key/key/key.core/../key.ui/examples/standard_key/pred_log/steam1.key 
81752      INFO  main            d.u.i.k.p.i.AbstractProblemLoader Loading environment from /home/runner/work/key/key/key.core/../key.ui/examples/standard_key/pred_log/steam1.key 
81752      DEBUG main            d.u.i.k.p.i.AbstractProblemLoader Environment load took 213.3ns 
81755      INFO  main            d.u.i.k.p.i.AbstractProblemLoader Creating init config 
84979      DEBUG main            d.u.i.k.p.i.AbstractProblemLoader Init config took 3.22s 
85003      INFO  main            d.u.i.k.p.i.AbstractProblemLoader Replaying proof steam1.key 
85004      DEBUG main            d.u.i.k.p.i.IntermediateProofReplayer Proof replay took 24.9ns 
85513      INFO  main            d.u.i.k.p.r.p.TestFile    ... finished proof: closed. 
85787      INFO  main            d.u.i.k.p.i.AbstractProblemLoader Loading environment from /home/runner/work/key/key/key.core/../key.ui/examples/standard_key/pred_log/steam1.key.proof 
85790      DEBUG main            d.u.i.k.p.i.AbstractProblemLoader Environment load took 3.77ms 
85793      INFO  main            d.u.i.k.p.i.AbstractProblemLoader Creating init config 
88984      DEBUG main            d.u.i.k.p.i.AbstractProblemLoader Init config took 3.19s 
89022      INFO  main            d.u.i.k.p.i.AbstractProblemLoader Replaying proof steam1.key.proof 
89060      DEBUG main            d.u.i.k.p.i.IntermediateProofReplayer Proof replay took 32.78ms 
89065      DEBUG main            d.u.i.k.p.r.p.TestFile    ... success: reloaded. 
89068      INFO  main            d.u.i.k.p.r.p.TestFile    Now processing file /home/runner/work/key/key/key.core/../key.ui/examples/standard_key/pred_log/tptp/PUZ/PUZ001p1.key 
89068      INFO  main            d.u.i.k.p.i.AbstractProblemLoader Loading environment from /home/runner/work/key/key/key.core/../key.ui/examples/standard_key/pred_log/tptp/PUZ/PUZ001p1.key 
89069      DEBUG main            d.u.i.k.p.i.AbstractProblemLoader Environment load took 243.8ns 
89071      INFO  main            d.u.i.k.p.i.AbstractProblemLoader Creating init config 
92111      DEBUG main            d.u.i.k.p.i.AbstractProblemLoader Init config took 3.04s 
92133      INFO  main            d.u.i.k.p.i.AbstractProblemLoader Replaying proof PUZ001p1.key 
92135      DEBUG main            d.u.i.k.p.i.IntermediateProofReplayer Proof replay took 18.2ns 
95965      INFO  main            d.u.i.k.p.r.p.TestFile    ... finished proof: closed. 
96275      INFO  main            d.u.i.k.p.i.AbstractProblemLoader Loading environment from /home/runner/work/key/key/key.core/../key.ui/examples/standard_key/pred_log/tptp/PUZ/PUZ001p1.key.proof 
96276      DEBUG main            d.u.i.k.p.i.AbstractProblemLoader Environment load took 261.5ns 
96288      INFO  main            d.u.i.k.p.i.AbstractProblemLoader Creating init config 
99311      DEBUG main            d.u.i.k.p.i.AbstractProblemLoader Init config took 3.02s 
99332      INFO  main            d.u.i.k.p.i.AbstractProblemLoader Replaying proof PUZ001p1.key.proof 
99537      DEBUG main            d.u.i.k.p.i.IntermediateProofReplayer Proof replay took 194.42ms 
99539      DEBUG main            d.u.i.k.p.r.p.TestFile    ... success: reloaded. 
99540      INFO  main            d.u.i.k.p.r.p.TestFile    Now processing file /home/runner/work/key/key/key.core/../key.ui/examples/standard_key/pred_log/tptp/PUZ/PUZ001p1-eq.key 
99540      INFO  main            d.u.i.k.p.i.AbstractProblemLoader Loading environment from /home/runner/work/key/key/key.core/../key.ui/examples/standard_key/pred_log/tptp/PUZ/PUZ001p1-eq.key 
99541      DEBUG main            d.u.i.k.p.i.AbstractProblemLoader Environment load took 215.8ns 
99542      INFO  main            d.u.i.k.p.i.AbstractProblemLoader Creating init config 
102545     DEBUG main            d.u.i.k.p.i.AbstractProblemLoader Init config took 3s 
102564     INFO  main            d.u.i.k.p.i.AbstractProblemLoader Replaying proof PUZ001p1-eq.key 
102566     DEBUG main            d.u.i.k.p.i.IntermediateProofReplayer Proof replay took 9.1ns 
102770     INFO  main            d.u.i.k.p.r.p.TestFile    ... finished proof: closed. 
103130     INFO  main            d.u.i.k.p.i.AbstractProblemLoader Loading environment from /home/runner/work/key/key/key.core/../key.ui/examples/standard_key/pred_log/tptp/PUZ/PUZ001p1-eq.key.proof 
103132     DEBUG main            d.u.i.k.p.i.AbstractProblemLoader Environment load took 2.23ms 
103134     INFO  main            d.u.i.k.p.i.AbstractProblemLoader Creating init config 
106155     DEBUG main            d.u.i.k.p.i.AbstractProblemLoader Init config took 3.02s 
106175     INFO  main            d.u.i.k.p.i.AbstractProblemLoader Replaying proof PUZ001p1-eq.key.proof 
106214     DEBUG main            d.u.i.k.p.i.IntermediateProofReplayer Proof replay took 30.34ms 
106215     DEBUG main            d.u.i.k.p.r.p.TestFile    ... success: reloaded. 
106216     INFO  main            d.u.i.k.p.r.p.TestFile    Now processing file /home/runner/work/key/key/key.core/../key.ui/examples/standard_key/pred_log/tptp/PUZ/PUZ031p1.key 
106217     INFO  main            d.u.i.k.p.i.AbstractProblemLoader Loading environment from /home/runner/work/key/key/key.core/../key.ui/examples/standard_key/pred_log/tptp/PUZ/PUZ031p1.key 
106217     DEBUG main            d.u.i.k.p.i.AbstractProblemLoader Environment load took 236ns 
106219     INFO  main            d.u.i.k.p.i.AbstractProblemLoader Creating init config 
109389     DEBUG main            d.u.i.k.p.i.AbstractProblemLoader Init config took 3.17s 
109411     INFO  main            d.u.i.k.p.i.AbstractProblemLoader Replaying proof PUZ031p1.key 
109413     DEBUG main            d.u.i.k.p.i.IntermediateProofReplayer Proof replay took 9.3ns 
120171     INFO  main            d.u.i.k.p.r.p.TestFile    ... finished proof: closed. 
120481     INFO  main            d.u.i.k.p.i.AbstractProblemLoader Loading environment from /home/runner/work/key/key/key.core/../key.ui/examples/standard_key/pred_log/tptp/PUZ/PUZ031p1.key.proof 
120486     DEBUG main            d.u.i.k.p.i.AbstractProblemLoader Environment load took 4.5ms 
120488     INFO  main            d.u.i.k.p.i.AbstractProblemLoader Creating init config 
123484     DEBUG main            d.u.i.k.p.i.AbstractProblemLoader Init config took 3s 
123503     INFO  main            d.u.i.k.p.i.AbstractProblemLoader Replaying proof PUZ031p1.key.proof 
123586     DEBUG main            d.u.i.k.p.i.IntermediateProofReplayer Proof replay took 76.54ms 
123588     DEBUG main            d.u.i.k.p.r.p.TestFile    ... success: reloaded. 
123589     INFO  main            d.u.i.k.p.r.p.TestFile    Now processing file /home/runner/work/key/key/key.core/../key.ui/examples/standard_key/pred_log/tptp/SET/SET027p3.key 
123589     INFO  main            d.u.i.k.p.i.AbstractProblemLoader Loading environment from /home/runner/work/key/key/key.core/../key.ui/examples/standard_key/pred_log/tptp/SET/SET027p3.key 
123589     DEBUG main            d.u.i.k.p.i.AbstractProblemLoader Environment load took 204ns 
123591     INFO  main            d.u.i.k.p.i.AbstractProblemLoader Creating init config 
126616     DEBUG main            d.u.i.k.p.i.AbstractProblemLoader Init config took 3.02s 
126633     INFO  main            d.u.i.k.p.i.AbstractProblemLoader Replaying proof SET027p3.key 
126635     DEBUG main            d.u.i.k.p.i.IntermediateProofReplayer Proof replay took 8.2ns 
126737     INFO  main            d.u.i.k.p.r.p.TestFile    ... finished proof: closed. 
127042     INFO  main            d.u.i.k.p.i.AbstractProblemLoader Loading environment from /home/runner/work/key/key/key.core/../key.ui/examples/standard_key/pred_log/tptp/SET/SET027p3.key.proof 
127042     DEBUG main            d.u.i.k.p.i.AbstractProblemLoader Environment load took 142.8ns 
127044     INFO  main            d.u.i.k.p.i.AbstractProblemLoader Creating init config 
130007     DEBUG main            d.u.i.k.p.i.AbstractProblemLoader Init config took 2.96s 
130024     INFO  main            d.u.i.k.p.i.AbstractProblemLoader Replaying proof SET027p3.key.proof 
130036     DEBUG main            d.u.i.k.p.i.IntermediateProofReplayer Proof replay took 7ms 
130037     DEBUG main            d.u.i.k.p.r.p.TestFile    ... success: reloaded. 
130038     INFO  main            d.u.i.k.p.r.p.TestFile    Now processing file /home/runner/work/key/key/key.core/../key.ui/examples/standard_key/pred_log/tptp/SET/SET043p1.key 
130038     INFO  main            d.u.i.k.p.i.AbstractProblemLoader Loading environment from /home/runner/work/key/key/key.core/../key.ui/examples/standard_key/pred_log/tptp/SET/SET043p1.key 
130039     DEBUG main            d.u.i.k.p.i.AbstractProblemLoader Environment load took 274.5ns 
130040     INFO  main            d.u.i.k.p.i.AbstractProblemLoader Creating init config 
133062     DEBUG main            d.u.i.k.p.i.AbstractProblemLoader Init config took 3.02s 
133079     INFO  main            d.u.i.k.p.i.AbstractProblemLoader Replaying proof SET043p1.key 
133080     DEBUG main            d.u.i.k.p.i.IntermediateProofReplayer Proof replay took 8.7ns 
133188     INFO  main            d.u.i.k.p.r.p.TestFile    ... finished proof: closed. 
133475     INFO  main            d.u.i.k.p.i.AbstractProblemLoader Loading environment from /home/runner/work/key/key/key.core/../key.ui/examples/standard_key/pred_log/tptp/SET/SET043p1.key.proof 
133475     DEBUG main            d.u.i.k.p.i.AbstractProblemLoader Environment load took 189.7ns 
133476     INFO  main            d.u.i.k.p.i.AbstractProblemLoader Creating init config 
136425     DEBUG main            d.u.i.k.p.i.AbstractProblemLoader Init config took 2.95s 
136442     INFO  main            d.u.i.k.p.i.AbstractProblemLoader Replaying proof SET043p1.key.proof 
136446     DEBUG main            d.u.i.k.p.i.IntermediateProofReplayer Proof replay took 1.55ms 
136447     DEBUG main            d.u.i.k.p.r.p.TestFile    ... success: reloaded. 
136448     INFO  main            d.u.i.k.p.r.p.TestFile    Now processing file /home/runner/work/key/key/key.core/../key.ui/examples/standard_key/pred_log/tptp/SET/SET045p1.key 
136449     INFO  main            d.u.i.k.p.i.AbstractProblemLoader Loading environment from /home/runner/work/key/key/key.core/../key.ui/examples/standard_key/pred_log/tptp/SET/SET045p1.key 
136449     DEBUG main            d.u.i.k.p.i.AbstractProblemLoader Environment load took 221.7ns 
136450     INFO  main            d.u.i.k.p.i.AbstractProblemLoader Creating init config 
139434     DEBUG main            d.u.i.k.p.i.AbstractProblemLoader Init config took 2.98s 
139450     INFO  main            d.u.i.k.p.i.AbstractProblemLoader Replaying proof SET045p1.key 
139452     DEBUG main            d.u.i.k.p.i.IntermediateProofReplayer Proof replay took 9.2ns 
139554     INFO  main            d.u.i.k.p.r.p.TestFile    ... finished proof: closed. 
139861     INFO  main            d.u.i.k.p.i.AbstractProblemLoader Loading environment from /home/runner/work/key/key/key.core/../key.ui/examples/standard_key/pred_log/tptp/SET/SET045p1.key.proof 
139861     DEBUG main            d.u.i.k.p.i.AbstractProblemLoader Environment load took 127.4ns 
139863     INFO  main            d.u.i.k.p.i.AbstractProblemLoader Creating init config 
142837     DEBUG main            d.u.i.k.p.i.AbstractProblemLoader Init config took 2.97s 
142856     INFO  main            d.u.i.k.p.i.AbstractProblemLoader Replaying proof SET045p1.key.proof 
142865     DEBUG main            d.u.i.k.p.i.IntermediateProofReplayer Proof replay took 6.68ms 
142866     DEBUG main            d.u.i.k.p.r.p.TestFile    ... success: reloaded. 
142867     INFO  main            d.u.i.k.p.r.p.TestFile    Now processing file /home/runner/work/key/key/key.core/../key.ui/examples/standard_key/pred_log/tptp/SET/SET062p3.key 
142868     INFO  main            d.u.i.k.p.i.AbstractProblemLoader Loading environment from /home/runner/work/key/key/key.core/../key.ui/examples/standard_key/pred_log/tptp/SET/SET062p3.key 
142868     DEBUG main            d.u.i.k.p.i.AbstractProblemLoader Environment load took 254.6ns 
142869     INFO  main            d.u.i.k.p.i.AbstractProblemLoader Creating init config 
146010     DEBUG main            d.u.i.k.p.i.AbstractProblemLoader Init config took 3.14s 
146029     INFO  main            d.u.i.k.p.i.AbstractProblemLoader Replaying proof SET062p3.key 
146031     DEBUG main            d.u.i.k.p.i.IntermediateProofReplayer Proof replay took 9.4ns 
146133     INFO  main            d.u.i.k.p.r.p.TestFile    ... finished proof: closed. 
146455     INFO  main            d.u.i.k.p.i.AbstractProblemLoader Loading environment from /home/runner/work/key/key/key.core/../key.ui/examples/standard_key/pred_log/tptp/SET/SET062p3.key.proof 
146455     DEBUG main            d.u.i.k.p.i.AbstractProblemLoader Environment load took 139.5ns 
146457     INFO  main            d.u.i.k.p.i.AbstractProblemLoader Creating init config 
149598     DEBUG main            d.u.i.k.p.i.AbstractProblemLoader Init config took 3.14s 
149617     INFO  main            d.u.i.k.p.i.AbstractProblemLoader Replaying proof SET062p3.key.proof 
149624     DEBUG main            d.u.i.k.p.i.IntermediateProofReplayer Proof replay took 5.42ms 
149625     DEBUG main            d.u.i.k.p.r.p.TestFile    ... success: reloaded. 
149626     INFO  main            d.u.i.k.p.r.p.TestFile    Now processing file /home/runner/work/key/key/key.core/../key.ui/examples/standard_key/pred_log/tptp/SET/SET063p3.key 
149626     INFO  main            d.u.i.k.p.i.AbstractProblemLoader Loading environment from /home/runner/work/key/key/key.core/../key.ui/examples/standard_key/pred_log/tptp/SET/SET063p3.key 
149626     DEBUG main            d.u.i.k.p.i.AbstractProblemLoader Environment load took 111.2ns 
149628     INFO  main            d.u.i.k.p.i.AbstractProblemLoader Creating init config 
152767     DEBUG main            d.u.i.k.p.i.AbstractProblemLoader Init config took 3.14s 
152788     INFO  main            d.u.i.k.p.i.AbstractProblemLoader Replaying proof SET063p3.key 
152790     DEBUG main            d.u.i.k.p.i.IntermediateProofReplayer Proof replay took 9.9ns 
152893     INFO  main            d.u.i.k.p.r.p.TestFile    ... finished proof: closed. 
153221     INFO  main            d.u.i.k.p.i.AbstractProblemLoader Loading environment from /home/runner/work/key/key/key.core/../key.ui/examples/standard_key/pred_log/tptp/SET/SET063p3.key.proof 
153221     DEBUG main            d.u.i.k.p.i.AbstractProblemLoader Environment load took 135.3ns 
153225     INFO  main            d.u.i.k.p.i.AbstractProblemLoader Creating init config 
156332     DEBUG main            d.u.i.k.p.i.AbstractProblemLoader Init config took 3.11s 
156350     INFO  main            d.u.i.k.p.i.AbstractProblemLoader Replaying proof SET063p3.key.proof 
156364     DEBUG main            d.u.i.k.p.i.IntermediateProofReplayer Proof replay took 7.91ms 
156366     DEBUG main            d.u.i.k.p.r.p.TestFile    ... success: reloaded. 
156367     INFO  main            d.u.i.k.p.r.p.TestFile    Now processing file /home/runner/work/key/key/key.core/../key.ui/examples/standard_key/pred_log/tptp/SYN/SYN036p2.key 
156367     INFO  main            d.u.i.k.p.i.AbstractProblemLoader Loading environment from /home/runner/work/key/key/key.core/../key.ui/examples/standard_key/pred_log/tptp/SYN/SYN036p2.key 
156367     DEBUG main            d.u.i.k.p.i.AbstractProblemLoader Environment load took 205.2ns 
156370     INFO  main            d.u.i.k.p.i.AbstractProblemLoader Creating init config 
159684     DEBUG main            d.u.i.k.p.i.AbstractProblemLoader Init config took 3.31s 
159710     INFO  main            d.u.i.k.p.i.AbstractProblemLoader Replaying proof SYN036p2.key 
159711     DEBUG main            d.u.i.k.p.i.IntermediateProofReplayer Proof replay took 9.7ns 
160126     INFO  main            d.u.i.k.p.r.p.TestFile    ... finished proof: closed. 
160489     INFO  main            d.u.i.k.p.i.AbstractProblemLoader Loading environment from /home/runner/work/key/key/key.core/../key.ui/examples/standard_key/pred_log/tptp/SYN/SYN036p2.key.proof 
160490     DEBUG main            d.u.i.k.p.i.AbstractProblemLoader Environment load took 472ns 
160491     INFO  main            d.u.i.k.p.i.AbstractProblemLoader Creating init config 
163585     DEBUG main            d.u.i.k.p.i.AbstractProblemLoader Init config took 3.09s 
163602     INFO  main            d.u.i.k.p.i.AbstractProblemLoader Replaying proof SYN036p2.key.proof 
163709     DEBUG main            d.u.i.k.p.i.IntermediateProofReplayer Proof replay took 97.29ms 
163711     DEBUG main            d.u.i.k.p.r.p.TestFile    ... success: reloaded. 
163712     INFO  main            d.u.i.k.p.r.p.TestFile    Now processing file /home/runner/work/key/key/key.core/../key.ui/examples/standard_key/pred_log/tptp/SYN/SYN550p1.key 
163712     INFO  main            d.u.i.k.p.i.AbstractProblemLoader Loading environment from /home/runner/work/key/key/key.core/../key.ui/examples/standard_key/pred_log/tptp/SYN/SYN550p1.key 
163712     DEBUG main            d.u.i.k.p.i.AbstractProblemLoader Environment load took 215.8ns 
163714     INFO  main            d.u.i.k.p.i.AbstractProblemLoader Creating init config 
166875     DEBUG main            d.u.i.k.p.i.AbstractProblemLoader Init config took 3.16s 
166892     INFO  main            d.u.i.k.p.i.AbstractProblemLoader Replaying proof SYN550p1.key 
166894     DEBUG main            d.u.i.k.p.i.IntermediateProofReplayer Proof replay took 8.9ns 
170710     INFO  main            d.u.i.k.p.r.p.TestFile    ... finished proof: closed. 
171077     INFO  main            d.u.i.k.p.i.AbstractProblemLoader Loading environment from /home/runner/work/key/key/key.core/../key.ui/examples/standard_key/pred_log/tptp/SYN/SYN550p1.key.proof 
171078     DEBUG main            d.u.i.k.p.i.AbstractProblemLoader Environment load took 176.4ns 
171080     INFO  main            d.u.i.k.p.i.AbstractProblemLoader Creating init config 
174164     DEBUG main            d.u.i.k.p.i.AbstractProblemLoader Init config took 3.08s 
174201     INFO  main            d.u.i.k.p.i.AbstractProblemLoader Replaying proof SYN550p1.key.proof 
174342     DEBUG main            d.u.i.k.p.i.IntermediateProofReplayer Proof replay took 130.22ms 
174344     DEBUG main            d.u.i.k.p.r.p.TestFile    ... success: reloaded. 
174346     INFO  main            d.u.i.k.p.r.p.TestFile    Now processing file /home/runner/work/key/key/key.core/../key.ui/examples/standard_key/prop_log/reallySimple.key 
174346     INFO  main            d.u.i.k.p.i.AbstractProblemLoader Loading environment from /home/runner/work/key/key/key.core/../key.ui/examples/standard_key/prop_log/reallySimple.key 
174347     DEBUG main            d.u.i.k.p.i.AbstractProblemLoader Environment load took 382.6ns 
174348     INFO  main            d.u.i.k.p.i.AbstractProblemLoader Creating init config 
177564     DEBUG main            d.u.i.k.p.i.AbstractProblemLoader Init config took 3.22s 
177581     INFO  main            d.u.i.k.p.i.AbstractProblemLoader Replaying proof reallySimple.key 
177582     DEBUG main            d.u.i.k.p.i.IntermediateProofReplayer Proof replay took 9.4ns 
177685     INFO  main            d.u.i.k.p.r.p.TestFile    ... finished proof: open goal(s) 
178073     INFO  main            d.u.i.k.p.r.p.TestFile    Now processing file /home/runner/work/key/key/key.core/../key.ui/examples/standard_key/pred_log/sameName1.key 
178073     INFO  main            d.u.i.k.p.i.AbstractProblemLoader Loading environment from /home/runner/work/key/key/key.core/../key.ui/examples/standard_key/pred_log/sameName1.key 
178073     DEBUG main            d.u.i.k.p.i.AbstractProblemLoader Environment load took 73.6ns 
178074     INFO  main            d.u.i.k.p.i.AbstractProblemLoader Creating init config 
181134     DEBUG main            d.u.i.k.p.i.AbstractProblemLoader Init config took 3.06s 
181150     INFO  main            d.u.i.k.p.i.AbstractProblemLoader Replaying proof sameName1.key 
181152     DEBUG main            d.u.i.k.p.i.IntermediateProofReplayer Proof replay took 8.2ns 
181254     INFO  main            d.u.i.k.p.r.p.TestFile    ... finished proof: open goal(s) 
181574     INFO  main            d.u.i.k.p.r.p.TestFile    Now processing file /home/runner/work/key/key/key.core/../key.ui/examples/standard_key/pred_log/jbyteIfEx.key 
181574     INFO  main            d.u.i.k.p.i.AbstractProblemLoader Loading environment from /home/runner/work/key/key/key.core/../key.ui/examples/standard_key/pred_log/jbyteIfEx.key 
181574     DEBUG main            d.u.i.k.p.i.AbstractProblemLoader Environment load took 95.6ns 
181577     INFO  main            d.u.i.k.p.i.AbstractProblemLoader Creating init config 
184694     DEBUG main            d.u.i.k.p.i.AbstractProblemLoader Init config took 3.12s 
184710     INFO  main            d.u.i.k.p.i.AbstractProblemLoader Replaying proof jbyteIfEx.key 
184712     DEBUG main            d.u.i.k.p.i.IntermediateProofReplayer Proof replay took 9.1ns 
184814     INFO  main            d.u.i.k.p.r.p.TestFile    ... finished proof: closed. 
185136     INFO  main            d.u.i.k.p.i.AbstractProblemLoader Loading environment from /home/runner/work/key/key/key.core/../key.ui/examples/standard_key/pred_log/jbyteIfEx.key.proof 
185136     DEBUG main            d.u.i.k.p.i.AbstractProblemLoader Environment load took 138.6ns 
185138     INFO  main            d.u.i.k.p.i.AbstractProblemLoader Creating init config 
188131     DEBUG main            d.u.i.k.p.i.AbstractProblemLoader Init config took 2.99s 
188147     INFO  main            d.u.i.k.p.i.AbstractProblemLoader Replaying proof jbyteIfEx.key.proof 
188157     DEBUG main            d.u.i.k.p.i.IntermediateProofReplayer Proof replay took 7.76ms 
188158     DEBUG main            d.u.i.k.p.r.p.TestFile    ... success: reloaded. 
188158     INFO  main            d.u.i.k.p.r.p.TestFile    Now processing file /home/runner/work/key/key/key.core/../key.ui/examples/standard_key/prop_log/allClausesLength4.key 
188159     INFO  main            d.u.i.k.p.i.AbstractProblemLoader Loading environment from /home/runner/work/key/key/key.core/../key.ui/examples/standard_key/prop_log/allClausesLength4.key 
188159     DEBUG main            d.u.i.k.p.i.AbstractProblemLoader Environment load took 107.9ns 
188161     INFO  main            d.u.i.k.p.i.AbstractProblemLoader Creating init config 
191192     DEBUG main            d.u.i.k.p.i.AbstractProblemLoader Init config took 3.03s 
191210     INFO  main            d.u.i.k.p.i.AbstractProblemLoader Replaying proof allClausesLength4.key 
191211     DEBUG main            d.u.i.k.p.i.IntermediateProofReplayer Proof replay took 8.1ns 
191316     INFO  main            d.u.i.k.p.r.p.TestFile    ... finished proof: closed. 
191652     INFO  main            d.u.i.k.p.i.AbstractProblemLoader Loading environment from /home/runner/work/key/key/key.core/../key.ui/examples/standard_key/prop_log/allClausesLength4.key.proof 
191652     DEBUG main            d.u.i.k.p.i.AbstractProblemLoader Environment load took 330.8ns 
191654     INFO  main            d.u.i.k.p.i.AbstractProblemLoader Creating init config 
194531     DEBUG main            d.u.i.k.p.i.AbstractProblemLoader Init config took 2.88s 
194549     INFO  main            d.u.i.k.p.i.AbstractProblemLoader Replaying proof allClausesLength4.key.proof 
194570     DEBUG main            d.u.i.k.p.i.IntermediateProofReplayer Proof replay took 16.99ms 
194571     DEBUG main            d.u.i.k.p.r.p.TestFile    ... success: reloaded. 
194572     INFO  main            d.u.i.k.p.r.p.TestFile    Now processing file /home/runner/work/key/key/key.core/../key.ui/examples/standard_key/prop_log/allClausesLength5.key 
194573     INFO  main            d.u.i.k.p.i.AbstractProblemLoader Loading environment from /home/runner/work/key/key/key.core/../key.ui/examples/standard_key/prop_log/allClausesLength5.key 
194573     DEBUG main            d.u.i.k.p.i.AbstractProblemLoader Environment load took 121.2ns 
194575     INFO  main            d.u.i.k.p.i.AbstractProblemLoader Creating init config 
197733     DEBUG main            d.u.i.k.p.i.AbstractProblemLoader Init config took 3.16s 
197751     INFO  main            d.u.i.k.p.i.AbstractProblemLoader Replaying proof allClausesLength5.key 
197752     DEBUG main            d.u.i.k.p.i.IntermediateProofReplayer Proof replay took 9.7ns 
198058     INFO  main            d.u.i.k.p.r.p.TestFile    ... finished proof: closed. 
198438     INFO  main            d.u.i.k.p.i.AbstractProblemLoader Loading environment from /home/runner/work/key/key/key.core/../key.ui/examples/standard_key/prop_log/allClausesLength5.key.proof 
198438     DEBUG main            d.u.i.k.p.i.AbstractProblemLoader Environment load took 245.4ns 
198440     INFO  main            d.u.i.k.p.i.AbstractProblemLoader Creating init config 
201564     DEBUG main            d.u.i.k.p.i.AbstractProblemLoader Init config took 3.12s 
201583     INFO  main            d.u.i.k.p.i.AbstractProblemLoader Replaying proof allClausesLength5.key.proof 
201634     DEBUG main            d.u.i.k.p.i.IntermediateProofReplayer Proof replay took 45.85ms 
201636     DEBUG main            d.u.i.k.p.r.p.TestFile    ... success: reloaded. 
201636     INFO  main            d.u.i.k.p.r.p.TestFile    Now processing file /home/runner/work/key/key/key.core/../key.ui/examples/standard_key/prop_log/doubleNeg.key 
201637     INFO  main            d.u.i.k.p.i.AbstractProblemLoader Loading environment from /home/runner/work/key/key/key.core/../key.ui/examples/standard_key/prop_log/doubleNeg.key 
201637     DEBUG main            d.u.i.k.p.i.AbstractProblemLoader Environment load took 115.1ns 
201638     INFO  main            d.u.i.k.p.i.AbstractProblemLoader Creating init config 
204759     DEBUG main            d.u.i.k.p.i.AbstractProblemLoader Init config took 3.12s 
204781     INFO  main            d.u.i.k.p.i.AbstractProblemLoader Replaying proof doubleNeg.key 
204783     DEBUG main            d.u.i.k.p.i.IntermediateProofReplayer Proof replay took 9.7ns 
204886     INFO  main            d.u.i.k.p.r.p.TestFile    ... finished proof: closed. 
205251     INFO  main            d.u.i.k.p.i.AbstractProblemLoader Loading environment from /home/runner/work/key/key/key.core/../key.ui/examples/standard_key/prop_log/doubleNeg.key.proof 
205251     DEBUG main            d.u.i.k.p.i.AbstractProblemLoader Environment load took 123.6ns 
205252     INFO  main            d.u.i.k.p.i.AbstractProblemLoader Creating init config 
208271     DEBUG main            d.u.i.k.p.i.AbstractProblemLoader Init config took 3.02s 
208289     INFO  main            d.u.i.k.p.i.AbstractProblemLoader Replaying proof doubleNeg.key.proof 
208293     DEBUG main            d.u.i.k.p.i.IntermediateProofReplayer Proof replay took 1.24ms 
208295     DEBUG main            d.u.i.k.p.r.p.TestFile    ... success: reloaded. 
208296     INFO  main            d.u.i.k.p.r.p.TestFile    Now processing file /home/runner/work/key/key/key.core/../key.ui/examples/standard_key/prop_log/liarsville.key 
208296     INFO  main            d.u.i.k.p.i.AbstractProblemLoader Loading environment from /home/runner/work/key/key/key.core/../key.ui/examples/standard_key/prop_log/liarsville.key 
208297     DEBUG main            d.u.i.k.p.i.AbstractProblemLoader Environment load took 232.5ns 
208298     INFO  main            d.u.i.k.p.i.AbstractProblemLoader Creating init config 
211336     DEBUG main            d.u.i.k.p.i.AbstractProblemLoader Init config took 3.04s 
211353     INFO  main            d.u.i.k.p.i.AbstractProblemLoader Replaying proof liarsville.key 
211354     DEBUG main            d.u.i.k.p.i.IntermediateProofReplayer Proof replay took 8.9ns 
211458     INFO  main            d.u.i.k.p.r.p.TestFile    ... finished proof: closed. 
211835     INFO  main            d.u.i.k.p.i.AbstractProblemLoader Loading environment from /home/runner/work/key/key/key.core/../key.ui/examples/standard_key/prop_log/liarsville.key.proof 
211835     DEBUG main            d.u.i.k.p.i.AbstractProblemLoader Environment load took 135.1ns 
211837     INFO  main            d.u.i.k.p.i.AbstractProblemLoader Creating init config 
214835     DEBUG main            d.u.i.k.p.i.AbstractProblemLoader Init config took 3s 
214851     INFO  main            d.u.i.k.p.i.AbstractProblemLoader Replaying proof liarsville.key.proof 
214859     DEBUG main            d.u.i.k.p.i.IntermediateProofReplayer Proof replay took 6.23ms 
214860     DEBUG main            d.u.i.k.p.r.p.TestFile    ... success: reloaded. 
214861     INFO  main            d.u.i.k.p.r.p.TestFile    Now processing file /home/runner/work/key/key/key.core/../key.ui/examples/standard_key/prop_log/simplest.key 
214861     INFO  main            d.u.i.k.p.i.AbstractProblemLoader Loading environment from /home/runner/work/key/key/key.core/../key.ui/examples/standard_key/prop_log/simplest.key 
214862     DEBUG main            d.u.i.k.p.i.AbstractProblemLoader Environment load took 202.8ns 
214863     INFO  main            d.u.i.k.p.i.AbstractProblemLoader Creating init config 
217851     DEBUG main            d.u.i.k.p.i.AbstractProblemLoader Init config took 2.99s 
217867     INFO  main            d.u.i.k.p.i.AbstractProblemLoader Replaying proof simplest.key 
217869     DEBUG main            d.u.i.k.p.i.IntermediateProofReplayer Proof replay took 8ns 
217971     INFO  main            d.u.i.k.p.r.p.TestFile    ... finished proof: closed. 
218350     INFO  main            d.u.i.k.p.i.AbstractProblemLoader Loading environment from /home/runner/work/key/key/key.core/../key.ui/examples/standard_key/prop_log/simplest.key.proof 
218350     DEBUG main            d.u.i.k.p.i.AbstractProblemLoader Environment load took 140.9ns 
218351     INFO  main            d.u.i.k.p.i.AbstractProblemLoader Creating init config 
221300     DEBUG main            d.u.i.k.p.i.AbstractProblemLoader Init config took 2.95s 
221317     INFO  main            d.u.i.k.p.i.AbstractProblemLoader Replaying proof simplest.key.proof 
221318     DEBUG main            d.u.i.k.p.i.IntermediateProofReplayer Proof replay took 165.8ns 
221319     DEBUG main            d.u.i.k.p.r.p.TestFile    ... success: reloaded. 
221320     INFO  main            d.u.i.k.p.r.p.TestFile    Now processing file /home/runner/work/key/key/key.core/../key.ui/examples/standard_key/prop_log/contraposition.key 
221320     INFO  main            d.u.i.k.p.i.AbstractProblemLoader Loading environment from /home/runner/work/key/key/key.core/../key.ui/examples/standard_key/prop_log/contraposition.key 
221320     DEBUG main            d.u.i.k.p.i.AbstractProblemLoader Environment load took 77.4ns 
221321     INFO  main            d.u.i.k.p.i.AbstractProblemLoader Creating init config 
224329     DEBUG main            d.u.i.k.p.i.AbstractProblemLoader Init config took 3.01s 
224344     INFO  main            d.u.i.k.p.i.AbstractProblemLoader Replaying proof contraposition.key 
224347     DEBUG main            d.u.i.k.p.i.IntermediateProofReplayer Proof replay took 7.1ns 
224449     INFO  main            d.u.i.k.p.r.p.TestFile    ... finished proof: closed. 
224839     INFO  main            d.u.i.k.p.i.AbstractProblemLoader Loading environment from /home/runner/work/key/key/key.core/../key.ui/examples/standard_key/prop_log/contraposition.key.proof 
224839     DEBUG main            d.u.i.k.p.i.AbstractProblemLoader Environment load took 149.1ns 
224840     INFO  main            d.u.i.k.p.i.AbstractProblemLoader Creating init config 
227839     DEBUG main            d.u.i.k.p.i.AbstractProblemLoader Init config took 3s 
227856     INFO  main            d.u.i.k.p.i.AbstractProblemLoader Replaying proof contraposition.key.proof 
227859     DEBUG main            d.u.i.k.p.i.IntermediateProofReplayer Proof replay took 779.89ns 
227860     DEBUG main            d.u.i.k.p.r.p.TestFile    ... success: reloaded. 
227861     INFO  main            d.u.i.k.p.r.p.TestFile    Now processing file /home/runner/work/key/key/key.core/../key.ui/examples/standard_key/quantifiers/elimination0.key 
227862     INFO  main            d.u.i.k.p.i.AbstractProblemLoader Loading environment from /home/runner/work/key/key/key.core/../key.ui/examples/standard_key/quantifiers/elimination0.key 
227862     DEBUG main            d.u.i.k.p.i.AbstractProblemLoader Environment load took 245.7ns 
227863     INFO  main            d.u.i.k.p.i.AbstractProblemLoader Creating init config 
230877     DEBUG main            d.u.i.k.p.i.AbstractProblemLoader Init config took 3.01s 
230892     INFO  main            d.u.i.k.p.i.AbstractProblemLoader Replaying proof elimination0.key 
230895     DEBUG main            d.u.i.k.p.i.IntermediateProofReplayer Proof replay took 8.3ns 
230997     INFO  main            d.u.i.k.p.r.p.TestFile    ... finished proof: closed. 
231386     INFO  main            d.u.i.k.p.i.AbstractProblemLoader Loading environment from /home/runner/work/key/key/key.core/../key.ui/examples/standard_key/quantifiers/elimination0.key.proof 
231386     DEBUG main            d.u.i.k.p.i.AbstractProblemLoader Environment load took 122.7ns 
231387     INFO  main            d.u.i.k.p.i.AbstractProblemLoader Creating init config 
234431     DEBUG main            d.u.i.k.p.i.AbstractProblemLoader Init config took 3.04s 
234448     INFO  main            d.u.i.k.p.i.AbstractProblemLoader Replaying proof elimination0.key.proof 
234451     DEBUG main            d.u.i.k.p.i.IntermediateProofReplayer Proof replay took 1.6ms 
234452     DEBUG main            d.u.i.k.p.r.p.TestFile    ... success: reloaded. 
234453     INFO  main            d.u.i.k.p.r.p.TestFile    Now processing file /home/runner/work/key/key/key.core/../key.ui/examples/standard_key/quantifiers/heuristic_PUZ001p1-eq.key 
234453     INFO  main            d.u.i.k.p.i.AbstractProblemLoader Loading environment from /home/runner/work/key/key/key.core/../key.ui/examples/standard_key/quantifiers/heuristic_PUZ001p1-eq.key 
234454     DEBUG main            d.u.i.k.p.i.AbstractProblemLoader Environment load took 122ns 
234455     INFO  main            d.u.i.k.p.i.AbstractProblemLoader Creating init config 
237504     DEBUG main            d.u.i.k.p.i.AbstractProblemLoader Init config took 3.05s 
237522     INFO  main            d.u.i.k.p.i.AbstractProblemLoader Replaying proof heuristic_PUZ001p1-eq.key 
237525     DEBUG main            d.u.i.k.p.i.IntermediateProofReplayer Proof replay took 8.5ns 
237728     INFO  main            d.u.i.k.p.r.p.TestFile    ... finished proof: closed. 
238120     INFO  main            d.u.i.k.p.i.AbstractProblemLoader Loading environment from /home/runner/work/key/key/key.core/../key.ui/examples/standard_key/quantifiers/heuristic_PUZ001p1-eq.key.proof 
238120     DEBUG main            d.u.i.k.p.i.AbstractProblemLoader Environment load took 487.19ns 
238122     INFO  main            d.u.i.k.p.i.AbstractProblemLoader Creating init config 
241037     DEBUG main            d.u.i.k.p.i.AbstractProblemLoader Init config took 2.91s 
241054     INFO  main            d.u.i.k.p.i.AbstractProblemLoader Replaying proof heuristic_PUZ001p1-eq.key.proof 
241069     DEBUG main            d.u.i.k.p.i.IntermediateProofReplayer Proof replay took 12.66ms 
241071     DEBUG main            d.u.i.k.p.r.p.TestFile    ... success: reloaded. 
241072     INFO  main            d.u.i.k.p.r.p.TestFile    Now processing file /home/runner/work/key/key/key.core/../key.ui/examples/standard_key/quantifiers/heuristic_PUZ001p1.key 
241073     INFO  main            d.u.i.k.p.i.AbstractProblemLoader Loading environment from /home/runner/work/key/key/key.core/../key.ui/examples/standard_key/quantifiers/heuristic_PUZ001p1.key 
241073     DEBUG main            d.u.i.k.p.i.AbstractProblemLoader Environment load took 340.3ns 
241075     INFO  main            d.u.i.k.p.i.AbstractProblemLoader Creating init config 
244137     DEBUG main            d.u.i.k.p.i.AbstractProblemLoader Init config took 3.06s 
244155     INFO  main            d.u.i.k.p.i.AbstractProblemLoader Replaying proof heuristic_PUZ001p1.key 
244157     DEBUG main            d.u.i.k.p.i.IntermediateProofReplayer Proof replay took 8.3ns 
245864     INFO  main            d.u.i.k.p.r.p.TestFile    ... finished proof: closed. 
246282     INFO  main            d.u.i.k.p.i.AbstractProblemLoader Loading environment from /home/runner/work/key/key/key.core/../key.ui/examples/standard_key/quantifiers/heuristic_PUZ001p1.key.proof 
246282     DEBUG main            d.u.i.k.p.i.AbstractProblemLoader Environment load took 406.2ns 
246285     INFO  main            d.u.i.k.p.i.AbstractProblemLoader Creating init config 
249292     DEBUG main            d.u.i.k.p.i.AbstractProblemLoader Init config took 3.01s 
249310     INFO  main            d.u.i.k.p.i.AbstractProblemLoader Replaying proof heuristic_PUZ001p1.key.proof 
249380     DEBUG main            d.u.i.k.p.i.IntermediateProofReplayer Proof replay took 66.22ms 
249382     DEBUG main            d.u.i.k.p.r.p.TestFile    ... success: reloaded. 
249383     INFO  main            d.u.i.k.p.r.p.TestFile    Now processing file /home/runner/work/key/key/key.core/../key.ui/examples/standard_key/quantifiers/heuristic_PUZ031p1.key 
249384     INFO  main            d.u.i.k.p.i.AbstractProblemLoader Loading environment from /home/runner/work/key/key/key.core/../key.ui/examples/standard_key/quantifiers/heuristic_PUZ031p1.key 
249384     DEBUG main            d.u.i.k.p.i.AbstractProblemLoader Environment load took 114.6ns 
249385     INFO  main            d.u.i.k.p.i.AbstractProblemLoader Creating init config 
252338     DEBUG main            d.u.i.k.p.i.AbstractProblemLoader Init config took 2.95s 
252356     INFO  main            d.u.i.k.p.i.AbstractProblemLoader Replaying proof heuristic_PUZ031p1.key 
252357     DEBUG main            d.u.i.k.p.i.IntermediateProofReplayer Proof replay took 7.8ns 
258391     INFO  main            d.u.i.k.p.r.p.TestFile    ... finished proof: closed. 
258858     INFO  main            d.u.i.k.p.i.AbstractProblemLoader Loading environment from /home/runner/work/key/key/key.core/../key.ui/examples/standard_key/quantifiers/heuristic_PUZ031p1.key.proof 
258859     DEBUG main            d.u.i.k.p.i.AbstractProblemLoader Environment load took 475.29ns 
258861     INFO  main            d.u.i.k.p.i.AbstractProblemLoader Creating init config 
261877     DEBUG main            d.u.i.k.p.i.AbstractProblemLoader Init config took 3.02s 
261896     INFO  main            d.u.i.k.p.i.AbstractProblemLoader Replaying proof heuristic_PUZ031p1.key.proof 
261974     DEBUG main            d.u.i.k.p.i.IntermediateProofReplayer Proof replay took 73.64ms 
261976     DEBUG main            d.u.i.k.p.r.p.TestFile    ... success: reloaded. 
261978     INFO  main            d.u.i.k.p.r.p.TestFile    Now processing file /home/runner/work/key/key/key.core/../key.ui/examples/standard_key/quantifiers/heuristic_SYN036p2.key 
261978     INFO  main            d.u.i.k.p.i.AbstractProblemLoader Loading environment from /home/runner/work/key/key/key.core/../key.ui/examples/standard_key/quantifiers/heuristic_SYN036p2.key 
261978     DEBUG main            d.u.i.k.p.i.AbstractProblemLoader Environment load took 214.3ns 
261980     INFO  main            d.u.i.k.p.i.AbstractProblemLoader Creating init config 
265112     DEBUG main            d.u.i.k.p.i.AbstractProblemLoader Init config took 3.13s 
265130     INFO  main            d.u.i.k.p.i.AbstractProblemLoader Replaying proof heuristic_SYN036p2.key 
265132     DEBUG main            d.u.i.k.p.i.IntermediateProofReplayer Proof replay took 8.5ns 
265436     INFO  main            d.u.i.k.p.r.p.TestFile    ... finished proof: closed. 
266006     INFO  main            d.u.i.k.p.i.AbstractProblemLoader Loading environment from /home/runner/work/key/key/key.core/../key.ui/examples/standard_key/quantifiers/heuristic_SYN036p2.key.proof 
266007     DEBUG main            d.u.i.k.p.i.AbstractProblemLoader Environment load took 641.99ns 
266008     INFO  main            d.u.i.k.p.i.AbstractProblemLoader Creating init config 
268998     DEBUG main            d.u.i.k.p.i.AbstractProblemLoader Init config took 2.99s 
269014     INFO  main            d.u.i.k.p.i.AbstractProblemLoader Replaying proof heuristic_SYN036p2.key.proof 
269114     DEBUG main            d.u.i.k.p.i.IntermediateProofReplayer Proof replay took 90.83ms 
269115     DEBUG main            d.u.i.k.p.r.p.TestFile    ... success: reloaded. 
269116     INFO  main            d.u.i.k.p.r.p.TestFile    Now processing file /home/runner/work/key/key/key.core/../key.ui/examples/standard_key/quantifiers/injectivity.key 
269116     INFO  main            d.u.i.k.p.i.AbstractProblemLoader Loading environment from /home/runner/work/key/key/key.core/../key.ui/examples/standard_key/quantifiers/injectivity.key 
269116     DEBUG main            d.u.i.k.p.i.AbstractProblemLoader Environment load took 102.9ns 
269118     INFO  main            d.u.i.k.p.i.AbstractProblemLoader Creating init config 
272176     DEBUG main            d.u.i.k.p.i.AbstractProblemLoader Init config took 3.06s 
272191     INFO  main            d.u.i.k.p.i.AbstractProblemLoader Replaying proof injectivity.key 
272193     DEBUG main            d.u.i.k.p.i.IntermediateProofReplayer Proof replay took 8.1ns 
272295     INFO  main            d.u.i.k.p.r.p.TestFile    ... finished proof: closed. 
272732     INFO  main            d.u.i.k.p.i.AbstractProblemLoader Loading environment from /home/runner/work/key/key/key.core/../key.ui/examples/standard_key/quantifiers/injectivity.key.proof 
272732     DEBUG main            d.u.i.k.p.i.AbstractProblemLoader Environment load took 136.8ns 
272734     INFO  main            d.u.i.k.p.i.AbstractProblemLoader Creating init config 
275663     DEBUG main            d.u.i.k.p.i.AbstractProblemLoader Init config took 2.93s 
275680     INFO  main            d.u.i.k.p.i.AbstractProblemLoader Replaying proof injectivity.key.proof 
275684     DEBUG main            d.u.i.k.p.i.IntermediateProofReplayer Proof replay took 2.16ms 
275685     DEBUG main            d.u.i.k.p.r.p.TestFile    ... success: reloaded. 
275686     INFO  main            d.u.i.k.p.r.p.TestFile    Now processing file /home/runner/work/key/key/key.core/../key.ui/examples/standard_key/quantifiers/normalisation0.key 
275686     INFO  main            d.u.i.k.p.i.AbstractProblemLoader Loading environment from /home/runner/work/key/key/key.core/../key.ui/examples/standard_key/quantifiers/normalisation0.key 
275686     DEBUG main            d.u.i.k.p.i.AbstractProblemLoader Environment load took 74ns 
275688     INFO  main            d.u.i.k.p.i.AbstractProblemLoader Creating init config 
278658     DEBUG main            d.u.i.k.p.i.AbstractProblemLoader Init config took 2.97s 
278674     INFO  main            d.u.i.k.p.i.AbstractProblemLoader Replaying proof normalisation0.key 
278676     DEBUG main            d.u.i.k.p.i.IntermediateProofReplayer Proof replay took 8.4ns 
278783     INFO  main            d.u.i.k.p.r.p.TestFile    ... finished proof: closed. 
279207     INFO  main            d.u.i.k.p.i.AbstractProblemLoader Loading environment from /home/runner/work/key/key/key.core/../key.ui/examples/standard_key/quantifiers/normalisation0.key.proof 
279207     DEBUG main            d.u.i.k.p.i.AbstractProblemLoader Environment load took 113.2ns 
279209     INFO  main            d.u.i.k.p.i.AbstractProblemLoader Creating init config 
282118     DEBUG main            d.u.i.k.p.i.AbstractProblemLoader Init config took 2.91s 
282133     INFO  main            d.u.i.k.p.i.AbstractProblemLoader Replaying proof normalisation0.key.proof 
282138     DEBUG main            d.u.i.k.p.i.IntermediateProofReplayer Proof replay took 3.13ms 
282139     DEBUG main            d.u.i.k.p.r.p.TestFile    ... success: reloaded. 
282140     INFO  main            d.u.i.k.p.r.p.TestFile    Now processing file /home/runner/work/key/key/key.core/../key.ui/examples/standard_key/quantifiers/normalisation1.key 
282141     INFO  main            d.u.i.k.p.i.AbstractProblemLoader Loading environment from /home/runner/work/key/key/key.core/../key.ui/examples/standard_key/quantifiers/normalisation1.key 
282141     DEBUG main            d.u.i.k.p.i.AbstractProblemLoader Environment load took 109.9ns 
282142     INFO  main            d.u.i.k.p.i.AbstractProblemLoader Creating init config 
285176     DEBUG main            d.u.i.k.p.i.AbstractProblemLoader Init config took 3.03s 
285196     INFO  main            d.u.i.k.p.i.AbstractProblemLoader Replaying proof normalisation1.key 
285198     DEBUG main            d.u.i.k.p.i.IntermediateProofReplayer Proof replay took 10.2ns 
285306     INFO  main            d.u.i.k.p.r.p.TestFile    ... finished proof: closed. 
285744     INFO  main            d.u.i.k.p.i.AbstractProblemLoader Loading environment from /home/runner/work/key/key/key.core/../key.ui/examples/standard_key/quantifiers/normalisation1.key.proof 
285744     DEBUG main            d.u.i.k.p.i.AbstractProblemLoader Environment load took 118.5ns 
285745     INFO  main            d.u.i.k.p.i.AbstractProblemLoader Creating init config 
288777     DEBUG main            d.u.i.k.p.i.AbstractProblemLoader Init config took 3.03s 
288797     INFO  main            d.u.i.k.p.i.AbstractProblemLoader Replaying proof normalisation1.key.proof 
288803     DEBUG main            d.u.i.k.p.i.IntermediateProofReplayer Proof replay took 4.35ms 
288804     DEBUG main            d.u.i.k.p.r.p.TestFile    ... success: reloaded. 
288805     INFO  main            d.u.i.k.p.r.p.TestFile    Now processing file /home/runner/work/key/key/key.core/../key.ui/examples/standard_key/quantifiers/normalisation2.key 
288806     INFO  main            d.u.i.k.p.i.AbstractProblemLoader Loading environment from /home/runner/work/key/key/key.core/../key.ui/examples/standard_key/quantifiers/normalisation2.key 
288806     DEBUG main            d.u.i.k.p.i.AbstractProblemLoader Environment load took 129ns 
288807     INFO  main            d.u.i.k.p.i.AbstractProblemLoader Creating init config 
291754     DEBUG main            d.u.i.k.p.i.AbstractProblemLoader Init config took 2.95s 
291771     INFO  main            d.u.i.k.p.i.AbstractProblemLoader Replaying proof normalisation2.key 
291773     DEBUG main            d.u.i.k.p.i.IntermediateProofReplayer Proof replay took 7.8ns 
291875     INFO  main            d.u.i.k.p.r.p.TestFile    ... finished proof: closed. 
292309     INFO  main            d.u.i.k.p.i.AbstractProblemLoader Loading environment from /home/runner/work/key/key/key.core/../key.ui/examples/standard_key/quantifiers/normalisation2.key.proof 
292309     DEBUG main            d.u.i.k.p.i.AbstractProblemLoader Environment load took 106.7ns 
292310     INFO  main            d.u.i.k.p.i.AbstractProblemLoader Creating init config 
295300     DEBUG main            d.u.i.k.p.i.AbstractProblemLoader Init config took 2.99s 
295317     INFO  main            d.u.i.k.p.i.AbstractProblemLoader Replaying proof normalisation2.key.proof 
295323     DEBUG main            d.u.i.k.p.i.IntermediateProofReplayer Proof replay took 3.12ms 
295324     DEBUG main            d.u.i.k.p.r.p.TestFile    ... success: reloaded. 
295325     INFO  main            d.u.i.k.p.r.p.TestFile    Now processing file /home/runner/work/key/key/key.core/../key.ui/examples/standard_key/quantifiers/normalisation3.key 
295325     INFO  main            d.u.i.k.p.i.AbstractProblemLoader Loading environment from /home/runner/work/key/key/key.core/../key.ui/examples/standard_key/quantifiers/normalisation3.key 
295325     DEBUG main            d.u.i.k.p.i.AbstractProblemLoader Environment load took 104.7ns 
295326     INFO  main            d.u.i.k.p.i.AbstractProblemLoader Creating init config 
298381     DEBUG main            d.u.i.k.p.i.AbstractProblemLoader Init config took 3.06s 
298398     INFO  main            d.u.i.k.p.i.AbstractProblemLoader Replaying proof normalisation3.key 
298400     DEBUG main            d.u.i.k.p.i.IntermediateProofReplayer Proof replay took 9.1ns 
298502     INFO  main            d.u.i.k.p.r.p.TestFile    ... finished proof: closed. 
298974     INFO  main            d.u.i.k.p.i.AbstractProblemLoader Loading environment from /home/runner/work/key/key/key.core/../key.ui/examples/standard_key/quantifiers/normalisation3.key.proof 
298974     DEBUG main            d.u.i.k.p.i.AbstractProblemLoader Environment load took 115.9ns 
298975     INFO  main            d.u.i.k.p.i.AbstractProblemLoader Creating init config 
302008     DEBUG main            d.u.i.k.p.i.AbstractProblemLoader Init config took 3.03s 
302024     INFO  main            d.u.i.k.p.i.AbstractProblemLoader Replaying proof normalisation3.key.proof 
302029     DEBUG main            d.u.i.k.p.i.IntermediateProofReplayer Proof replay took 3.16ms 
302030     DEBUG main            d.u.i.k.p.r.p.TestFile    ... success: reloaded. 
302031     INFO  main            d.u.i.k.p.r.p.TestFile    Now processing file /home/runner/work/key/key/key.core/../key.ui/examples/standard_key/quantifiers/normalisation4.key 
302031     INFO  main            d.u.i.k.p.i.AbstractProblemLoader Loading environment from /home/runner/work/key/key/key.core/../key.ui/examples/standard_key/quantifiers/normalisation4.key 
302031     DEBUG main            d.u.i.k.p.i.AbstractProblemLoader Environment load took 110.9ns 
302033     INFO  main            d.u.i.k.p.i.AbstractProblemLoader Creating init config 
305093     DEBUG main            d.u.i.k.p.i.AbstractProblemLoader Init config took 3.06s 
305109     INFO  main            d.u.i.k.p.i.AbstractProblemLoader Replaying proof normalisation4.key 
305111     DEBUG main            d.u.i.k.p.i.IntermediateProofReplayer Proof replay took 9ns 
305214     INFO  main            d.u.i.k.p.r.p.TestFile    ... finished proof: closed. 
305680     INFO  main            d.u.i.k.p.i.AbstractProblemLoader Loading environment from /home/runner/work/key/key/key.core/../key.ui/examples/standard_key/quantifiers/normalisation4.key.proof 
305680     DEBUG main            d.u.i.k.p.i.AbstractProblemLoader Environment load took 109.4ns 
305681     INFO  main            d.u.i.k.p.i.AbstractProblemLoader Creating init config 
308664     DEBUG main            d.u.i.k.p.i.AbstractProblemLoader Init config took 2.98s 
308680     INFO  main            d.u.i.k.p.i.AbstractProblemLoader Replaying proof normalisation4.key.proof 
308688     DEBUG main            d.u.i.k.p.i.IntermediateProofReplayer Proof replay took 6.09ms 
308689     DEBUG main            d.u.i.k.p.r.p.TestFile    ... success: reloaded. 
308690     INFO  main            d.u.i.k.p.r.p.TestFile    Now processing file /home/runner/work/key/key/key.core/../key.ui/examples/standard_key/quantifiers/normalisation5.key 
308690     INFO  main            d.u.i.k.p.i.AbstractProblemLoader Loading environment from /home/runner/work/key/key/key.core/../key.ui/examples/standard_key/quantifiers/normalisation5.key 
308690     DEBUG main            d.u.i.k.p.i.AbstractProblemLoader Environment load took 103.7ns 
308691     INFO  main            d.u.i.k.p.i.AbstractProblemLoader Creating init config 
311704     DEBUG main            d.u.i.k.p.i.AbstractProblemLoader Init config took 3.01s 
311720     INFO  main            d.u.i.k.p.i.AbstractProblemLoader Replaying proof normalisation5.key 
311722     DEBUG main            d.u.i.k.p.i.IntermediateProofReplayer Proof replay took 7.3ns 
311825     INFO  main            d.u.i.k.p.r.p.TestFile    ... finished proof: closed. 
312308     INFO  main            d.u.i.k.p.i.AbstractProblemLoader Loading environment from /home/runner/work/key/key/key.core/../key.ui/examples/standard_key/quantifiers/normalisation5.key.proof 
312308     DEBUG main            d.u.i.k.p.i.AbstractProblemLoader Environment load took 153.9ns 
312309     INFO  main            d.u.i.k.p.i.AbstractProblemLoader Creating init config 
315286     DEBUG main            d.u.i.k.p.i.AbstractProblemLoader Init config took 2.98s 
315303     INFO  main            d.u.i.k.p.i.AbstractProblemLoader Replaying proof normalisation5.key.proof 
315310     DEBUG main            d.u.i.k.p.i.IntermediateProofReplayer Proof replay took 5.22ms 
315311     DEBUG main            d.u.i.k.p.r.p.TestFile    ... success: reloaded. 
315312     INFO  main            d.u.i.k.p.r.p.TestFile    Now processing file /home/runner/work/key/key/key.core/../key.ui/examples/standard_key/quantifiers/normalisation6.key 
315313     INFO  main            d.u.i.k.p.i.AbstractProblemLoader Loading environment from /home/runner/work/key/key/key.core/../key.ui/examples/standard_key/quantifiers/normalisation6.key 
315313     DEBUG main            d.u.i.k.p.i.AbstractProblemLoader Environment load took 161.2ns 
315314     INFO  main            d.u.i.k.p.i.AbstractProblemLoader Creating init config 
318320     DEBUG main            d.u.i.k.p.i.AbstractProblemLoader Init config took 3.01s 
318336     INFO  main            d.u.i.k.p.i.AbstractProblemLoader Replaying proof normalisation6.key 
318338     DEBUG main            d.u.i.k.p.i.IntermediateProofReplayer Proof replay took 8.7ns 
318439     INFO  main            d.u.i.k.p.r.p.TestFile    ... finished proof: closed. 
318926     INFO  main            d.u.i.k.p.i.AbstractProblemLoader Loading environment from /home/runner/work/key/key/key.core/../key.ui/examples/standard_key/quantifiers/normalisation6.key.proof 
318926     DEBUG main            d.u.i.k.p.i.AbstractProblemLoader Environment load took 108.4ns 
318927     INFO  main            d.u.i.k.p.i.AbstractProblemLoader Creating init config 
321931     DEBUG main            d.u.i.k.p.i.AbstractProblemLoader Init config took 3s 
321949     INFO  main            d.u.i.k.p.i.AbstractProblemLoader Replaying proof normalisation6.key.proof 
321955     DEBUG main            d.u.i.k.p.i.IntermediateProofReplayer Proof replay took 3.64ms 
321956     DEBUG main            d.u.i.k.p.r.p.TestFile    ... success: reloaded. 
321957     INFO  main            d.u.i.k.p.r.p.TestFile    Now processing file /home/runner/work/key/key/key.core/../key.ui/examples/standard_key/quantifiers/normalisation7.key 
321957     INFO  main            d.u.i.k.p.i.AbstractProblemLoader Loading environment from /home/runner/work/key/key/key.core/../key.ui/examples/standard_key/quantifiers/normalisation7.key 
321957     DEBUG main            d.u.i.k.p.i.AbstractProblemLoader Environment load took 131.7ns 
321958     INFO  main            d.u.i.k.p.i.AbstractProblemLoader Creating init config 
324960     DEBUG main            d.u.i.k.p.i.AbstractProblemLoader Init config took 3s 
324976     INFO  main            d.u.i.k.p.i.AbstractProblemLoader Replaying proof normalisation7.key 
324980     DEBUG main            d.u.i.k.p.i.IntermediateProofReplayer Proof replay took 9.7ns 
325083     INFO  main            d.u.i.k.p.r.p.TestFile    ... finished proof: closed. 
325588     INFO  main            d.u.i.k.p.i.AbstractProblemLoader Loading environment from /home/runner/work/key/key/key.core/../key.ui/examples/standard_key/quantifiers/normalisation7.key.proof 
325588     DEBUG main            d.u.i.k.p.i.AbstractProblemLoader Environment load took 163.2ns 
325590     INFO  main            d.u.i.k.p.i.AbstractProblemLoader Creating init config 
328538     DEBUG main            d.u.i.k.p.i.AbstractProblemLoader Init config took 2.95s 
328558     INFO  main            d.u.i.k.p.i.AbstractProblemLoader Replaying proof normalisation7.key.proof 
328563     DEBUG main            d.u.i.k.p.i.IntermediateProofReplayer Proof replay took 2.86ms 
328564     DEBUG main            d.u.i.k.p.r.p.TestFile    ... success: reloaded. 
328565     INFO  main            d.u.i.k.p.r.p.TestFile    Now processing file /home/runner/work/key/key/key.core/../key.ui/examples/standard_key/quantifiers/normalisation8.key 
328565     INFO  main            d.u.i.k.p.i.AbstractProblemLoader Loading environment from /home/runner/work/key/key/key.core/../key.ui/examples/standard_key/quantifiers/normalisation8.key 
328565     DEBUG main            d.u.i.k.p.i.AbstractProblemLoader Environment load took 136ns 
328566     INFO  main            d.u.i.k.p.i.AbstractProblemLoader Creating init config 
331589     DEBUG main            d.u.i.k.p.i.AbstractProblemLoader Init config took 3.02s 
331605     INFO  main            d.u.i.k.p.i.AbstractProblemLoader Replaying proof normalisation8.key 
331607     DEBUG main            d.u.i.k.p.i.IntermediateProofReplayer Proof replay took 8.5ns 
331709     INFO  main            d.u.i.k.p.r.p.TestFile    ... finished proof: closed. 
332204     INFO  main            d.u.i.k.p.i.AbstractProblemLoader Loading environment from /home/runner/work/key/key/key.core/../key.ui/examples/standard_key/quantifiers/normalisation8.key.proof 
332204     DEBUG main            d.u.i.k.p.i.AbstractProblemLoader Environment load took 124.7ns 
332205     INFO  main            d.u.i.k.p.i.AbstractProblemLoader Creating init config 
335053     DEBUG main            d.u.i.k.p.i.AbstractProblemLoader Init config took 2.85s 
335070     INFO  main            d.u.i.k.p.i.AbstractProblemLoader Replaying proof normalisation8.key.proof 
335079     DEBUG main            d.u.i.k.p.i.IntermediateProofReplayer Proof replay took 6.84ms 
335080     DEBUG main            d.u.i.k.p.r.p.TestFile    ... success: reloaded. 
335081     INFO  main            d.u.i.k.p.r.p.TestFile    Now processing file /home/runner/work/key/key/key.core/../key.ui/examples/standard_key/quantifiers/normalisation9.key 
335081     INFO  main            d.u.i.k.p.i.AbstractProblemLoader Loading environment from /home/runner/work/key/key/key.core/../key.ui/examples/standard_key/quantifiers/normalisation9.key 
335081     DEBUG main            d.u.i.k.p.i.AbstractProblemLoader Environment load took 127.4ns 
335082     INFO  main            d.u.i.k.p.i.AbstractProblemLoader Creating init config 
338064     DEBUG main            d.u.i.k.p.i.AbstractProblemLoader Init config took 2.98s 
338081     INFO  main            d.u.i.k.p.i.AbstractProblemLoader Replaying proof normalisation9.key 
338082     DEBUG main            d.u.i.k.p.i.IntermediateProofReplayer Proof replay took 9.2ns 
338188     INFO  main            d.u.i.k.p.r.p.TestFile    ... finished proof: closed. 
338684     INFO  main            d.u.i.k.p.i.AbstractProblemLoader Loading environment from /home/runner/work/key/key/key.core/../key.ui/examples/standard_key/quantifiers/normalisation9.key.proof 
338684     DEBUG main            d.u.i.k.p.i.AbstractProblemLoader Environment load took 143ns 
338685     INFO  main            d.u.i.k.p.i.AbstractProblemLoader Creating init config 
341539     DEBUG main            d.u.i.k.p.i.AbstractProblemLoader Init config took 2.85s 
341566     INFO  main            d.u.i.k.p.i.AbstractProblemLoader Replaying proof normalisation9.key.proof 
341583     DEBUG main            d.u.i.k.p.i.IntermediateProofReplayer Proof replay took 9.77ms 
341584     DEBUG main            d.u.i.k.p.r.p.TestFile    ... success: reloaded. 
341586     INFO  main            d.u.i.k.p.r.p.TestFile    Now processing file /home/runner/work/key/key/key.core/../key.ui/examples/standard_key/quantifiers/normalisation10.key 
341586     INFO  main            d.u.i.k.p.i.AbstractProblemLoader Loading environment from /home/runner/work/key/key/key.core/../key.ui/examples/standard_key/quantifiers/normalisation10.key 
341586     DEBUG main            d.u.i.k.p.i.AbstractProblemLoader Environment load took 104.6ns 
341588     INFO  main            d.u.i.k.p.i.AbstractProblemLoader Creating init config 
344574     DEBUG main            d.u.i.k.p.i.AbstractProblemLoader Init config took 2.99s 
344591     INFO  main            d.u.i.k.p.i.AbstractProblemLoader Replaying proof normalisation10.key 
344593     DEBUG main            d.u.i.k.p.i.IntermediateProofReplayer Proof replay took 8.6ns 
344695     INFO  main            d.u.i.k.p.r.p.TestFile    ... finished proof: closed. 
345351     INFO  main            d.u.i.k.p.i.AbstractProblemLoader Loading environment from /home/runner/work/key/key/key.core/../key.ui/examples/standard_key/quantifiers/normalisation10.key.proof 
345352     DEBUG main            d.u.i.k.p.i.AbstractProblemLoader Environment load took 110.6ns 
345353     INFO  main            d.u.i.k.p.i.AbstractProblemLoader Creating init config 
348335     DEBUG main            d.u.i.k.p.i.AbstractProblemLoader Init config took 2.98s 
348357     INFO  main            d.u.i.k.p.i.AbstractProblemLoader Replaying proof normalisation10.key.proof 
348366     DEBUG main            d.u.i.k.p.i.IntermediateProofReplayer Proof replay took 6.96ms 
348367     DEBUG main            d.u.i.k.p.r.p.TestFile    ... success: reloaded. 
348369     INFO  main            d.u.i.k.p.r.p.TestFile    Now processing file /home/runner/work/key/key/key.core/../key.ui/examples/standard_key/quantifiers/normalisation12.key 
348369     INFO  main            d.u.i.k.p.i.AbstractProblemLoader Loading environment from /home/runner/work/key/key/key.core/../key.ui/examples/standard_key/quantifiers/normalisation12.key 
348369     DEBUG main            d.u.i.k.p.i.AbstractProblemLoader Environment load took 118.5ns 
348370     INFO  main            d.u.i.k.p.i.AbstractProblemLoader Creating init config 
351361     DEBUG main            d.u.i.k.p.i.AbstractProblemLoader Init config took 2.99s 
351378     INFO  main            d.u.i.k.p.i.AbstractProblemLoader Replaying proof normalisation12.key 
351380     DEBUG main            d.u.i.k.p.i.IntermediateProofReplayer Proof replay took 9.3ns 
351482     INFO  main            d.u.i.k.p.r.p.TestFile    ... finished proof: closed. 
352032     INFO  main            d.u.i.k.p.i.AbstractProblemLoader Loading environment from /home/runner/work/key/key/key.core/../key.ui/examples/standard_key/quantifiers/normalisation12.key.proof 
352032     DEBUG main            d.u.i.k.p.i.AbstractProblemLoader Environment load took 122.5ns 
352033     INFO  main            d.u.i.k.p.i.AbstractProblemLoader Creating init config 
355000     DEBUG main            d.u.i.k.p.i.AbstractProblemLoader Init config took 2.97s 
355016     INFO  main            d.u.i.k.p.i.AbstractProblemLoader Replaying proof normalisation12.key.proof 
355020     DEBUG main            d.u.i.k.p.i.IntermediateProofReplayer Proof replay took 2.28ms 
355021     DEBUG main            d.u.i.k.p.r.p.TestFile    ... success: reloaded. 
355022     INFO  main            d.u.i.k.p.r.p.TestFile    Now processing file /home/runner/work/key/key/key.core/../key.ui/examples/standard_key/quantifiers/normalisation13.key 
355023     INFO  main            d.u.i.k.p.i.AbstractProblemLoader Loading environment from /home/runner/work/key/key/key.core/../key.ui/examples/standard_key/quantifiers/normalisation13.key 
355023     DEBUG main            d.u.i.k.p.i.AbstractProblemLoader Environment load took 109.7ns 
355024     INFO  main            d.u.i.k.p.i.AbstractProblemLoader Creating init config 
358047     DEBUG main            d.u.i.k.p.i.AbstractProblemLoader Init config took 3.02s 
358078     INFO  main            d.u.i.k.p.i.AbstractProblemLoader Replaying proof normalisation13.key 
358083     DEBUG main            d.u.i.k.p.i.IntermediateProofReplayer Proof replay took 8.7ns 
358185     INFO  main            d.u.i.k.p.r.p.TestFile    ... finished proof: closed. 
358710     INFO  main            d.u.i.k.p.i.AbstractProblemLoader Loading environment from /home/runner/work/key/key/key.core/../key.ui/examples/standard_key/quantifiers/normalisation13.key.proof 
358711     DEBUG main            d.u.i.k.p.i.AbstractProblemLoader Environment load took 106.9ns 
358712     INFO  main            d.u.i.k.p.i.AbstractProblemLoader Creating init config 
361956     DEBUG main            d.u.i.k.p.i.AbstractProblemLoader Init config took 3.24s 
361973     INFO  main            d.u.i.k.p.i.AbstractProblemLoader Replaying proof normalisation13.key.proof 
361976     DEBUG main            d.u.i.k.p.i.IntermediateProofReplayer Proof replay took 743.59ns 
361977     DEBUG main            d.u.i.k.p.r.p.TestFile    ... success: reloaded. 
361978     INFO  main            d.u.i.k.p.r.p.TestFile    Now processing file /home/runner/work/key/key/key.core/../key.ui/examples/standard_key/quantifiers/triggers0.key 
361978     INFO  main            d.u.i.k.p.i.AbstractProblemLoader Loading environment from /home/runner/work/key/key/key.core/../key.ui/examples/standard_key/quantifiers/triggers0.key 
361978     DEBUG main            d.u.i.k.p.i.AbstractProblemLoader Environment load took 98.5ns 
361980     INFO  main            d.u.i.k.p.i.AbstractProblemLoader Creating init config 
365211     DEBUG main            d.u.i.k.p.i.AbstractProblemLoader Init config took 3.23s 
365228     INFO  main            d.u.i.k.p.i.AbstractProblemLoader Replaying proof triggers0.key 
365230     DEBUG main            d.u.i.k.p.i.IntermediateProofReplayer Proof replay took 8.2ns 
365332     INFO  main            d.u.i.k.p.r.p.TestFile    ... finished proof: closed. 
365905     INFO  main            d.u.i.k.p.i.AbstractProblemLoader Loading environment from /home/runner/work/key/key/key.core/../key.ui/examples/standard_key/quantifiers/triggers0.key.proof 
365905     DEBUG main            d.u.i.k.p.i.AbstractProblemLoader Environment load took 117ns 
365906     INFO  main            d.u.i.k.p.i.AbstractProblemLoader Creating init config 
369041     DEBUG main            d.u.i.k.p.i.AbstractProblemLoader Init config took 3.13s 
369057     INFO  main            d.u.i.k.p.i.AbstractProblemLoader Replaying proof triggers0.key.proof 
369061     DEBUG main            d.u.i.k.p.i.IntermediateProofReplayer Proof replay took 2.17ms 
369062     DEBUG main            d.u.i.k.p.r.p.TestFile    ... success: reloaded. 
5318079    INFO  Test worker     d.u.i.k.p.r.p.StatisticsFile Returning from test FOL 
5318092    INFO  Test worker     d.u.i.k.p.r.p.StatisticsFile Running test strings 
506        INFO  Timeout watchdog d.u.i.k.p.r.p.ForkedTestFileRunner Timeout watcher launched (2000 secs.) 
525        WARN  main            d.u.i.k.s.ProofSettings   The settings in /home/runner/.key/proof-settings.props are *not* read. 
588        INFO  main            d.u.i.k.p.r.p.TestFile    Now processing file /home/runner/work/key/key/key.core/../key.ui/examples/standard_key/strings/charAt0.key 
761        INFO  main            d.u.i.k.p.i.AbstractProblemLoader Loading environment from /home/runner/work/key/key/key.core/../key.ui/examples/standard_key/strings/charAt0.key 
783        DEBUG main            d.u.i.k.p.i.AbstractProblemLoader Environment load took 2.44ms 
1161       INFO  main            d.u.i.k.p.i.AbstractProblemLoader Creating init config 
2529       DEBUG main            d.u.i.k.j.TypeConverter   No LDT found for Meta 
2530       DEBUG main            d.u.i.k.j.TypeConverter   No LDT found for Meta 
2532       DEBUG main            d.u.i.k.j.TypeConverter   No LDT found for Meta 
2532       DEBUG main            d.u.i.k.j.TypeConverter   No LDT found for Meta 
4724       DEBUG main            d.u.i.k.j.TypeConverter   No LDT found for JavaBigintExpression 
11441      DEBUG main            d.u.i.k.p.i.AbstractProblemLoader Init config took 10.28s 
11554      INFO  main            d.u.i.k.p.i.AbstractProblemLoader Replaying proof charAt0.key 
11613      DEBUG main            d.u.i.k.p.i.IntermediateProofReplayer Proof replay took 43.1ns 
12309      INFO  main            d.u.i.k.p.r.p.TestFile    ... finished proof: closed. 
12442      INFO  main            d.u.i.k.p.i.AbstractProblemLoader Loading environment from /home/runner/work/key/key/key.core/../key.ui/examples/standard_key/strings/charAt0.key.proof 
12444      DEBUG main            d.u.i.k.p.i.AbstractProblemLoader Environment load took 2.07ms 
12451      INFO  main            d.u.i.k.p.i.AbstractProblemLoader Creating init config 
16226      DEBUG main            d.u.i.k.p.i.AbstractProblemLoader Init config took 3.78s 
16273      INFO  main            d.u.i.k.p.i.AbstractProblemLoader Replaying proof charAt0.key.proof 
16305      DEBUG main            d.u.i.k.p.i.IntermediateProofReplayer Proof replay took 25.41ms 
16320      DEBUG main            d.u.i.k.p.r.p.TestFile    ... success: reloaded. 
16322      INFO  main            d.u.i.k.p.r.p.TestFile    Now processing file /home/runner/work/key/key/key.core/../key.ui/examples/standard_key/strings/charAt1.key 
16323      INFO  main            d.u.i.k.p.i.AbstractProblemLoader Loading environment from /home/runner/work/key/key/key.core/../key.ui/examples/standard_key/strings/charAt1.key 
16323      DEBUG main            d.u.i.k.p.i.AbstractProblemLoader Environment load took 278.3ns 
16325      INFO  main            d.u.i.k.p.i.AbstractProblemLoader Creating init config 
19751      DEBUG main            d.u.i.k.p.i.AbstractProblemLoader Init config took 3.43s 
19791      INFO  main            d.u.i.k.p.i.AbstractProblemLoader Replaying proof charAt1.key 
19794      DEBUG main            d.u.i.k.p.i.IntermediateProofReplayer Proof replay took 9.1ns 
20001      INFO  main            d.u.i.k.p.r.p.TestFile    ... finished proof: closed. 
20213      INFO  main            d.u.i.k.p.i.AbstractProblemLoader Loading environment from /home/runner/work/key/key/key.core/../key.ui/examples/standard_key/strings/charAt1.key.proof 
20213      DEBUG main            d.u.i.k.p.i.AbstractProblemLoader Environment load took 450.7ns 
20216      INFO  main            d.u.i.k.p.i.AbstractProblemLoader Creating init config 
23560      DEBUG main            d.u.i.k.p.i.AbstractProblemLoader Init config took 3.34s 
23592      INFO  main            d.u.i.k.p.i.AbstractProblemLoader Replaying proof charAt1.key.proof 
23617      DEBUG main            d.u.i.k.p.i.IntermediateProofReplayer Proof replay took 20.67ms 
23618      DEBUG main            d.u.i.k.p.r.p.TestFile    ... success: reloaded. 
23619      INFO  main            d.u.i.k.p.r.p.TestFile    Now processing file /home/runner/work/key/key/key.core/../key.ui/examples/standard_key/strings/concat1.key 
23620      INFO  main            d.u.i.k.p.i.AbstractProblemLoader Loading environment from /home/runner/work/key/key/key.core/../key.ui/examples/standard_key/strings/concat1.key 
23620      DEBUG main            d.u.i.k.p.i.AbstractProblemLoader Environment load took 262.3ns 
23622      INFO  main            d.u.i.k.p.i.AbstractProblemLoader Creating init config 
26998      DEBUG main            d.u.i.k.p.i.AbstractProblemLoader Init config took 3.38s 
27027      INFO  main            d.u.i.k.p.i.AbstractProblemLoader Replaying proof concat1.key 
27030      DEBUG main            d.u.i.k.p.i.IntermediateProofReplayer Proof replay took 8.3ns 
27135      INFO  main            d.u.i.k.p.r.p.TestFile    ... finished proof: closed. 
27333      INFO  main            d.u.i.k.p.i.AbstractProblemLoader Loading environment from /home/runner/work/key/key/key.core/../key.ui/examples/standard_key/strings/concat1.key.proof 
27334      DEBUG main            d.u.i.k.p.i.AbstractProblemLoader Environment load took 683.19ns 
27336      INFO  main            d.u.i.k.p.i.AbstractProblemLoader Creating init config 
30581      DEBUG main            d.u.i.k.p.i.AbstractProblemLoader Init config took 3.24s 
30607      INFO  main            d.u.i.k.p.i.AbstractProblemLoader Replaying proof concat1.key.proof 
30612      DEBUG main            d.u.i.k.p.i.IntermediateProofReplayer Proof replay took 1.9ms 
30613      DEBUG main            d.u.i.k.p.r.p.TestFile    ... success: reloaded. 
30614      INFO  main            d.u.i.k.p.r.p.TestFile    Now processing file /home/runner/work/key/key/key.core/../key.ui/examples/standard_key/strings/concat2.key 
30614      INFO  main            d.u.i.k.p.i.AbstractProblemLoader Loading environment from /home/runner/work/key/key/key.core/../key.ui/examples/standard_key/strings/concat2.key 
30615      DEBUG main            d.u.i.k.p.i.AbstractProblemLoader Environment load took 122.3ns 
30616      INFO  main            d.u.i.k.p.i.AbstractProblemLoader Creating init config 
33983      DEBUG main            d.u.i.k.p.i.AbstractProblemLoader Init config took 3.37s 
34010      INFO  main            d.u.i.k.p.i.AbstractProblemLoader Replaying proof concat2.key 
34012      DEBUG main            d.u.i.k.p.i.IntermediateProofReplayer Proof replay took 7.6ns 
34117      INFO  main            d.u.i.k.p.r.p.TestFile    ... finished proof: closed. 
34310      INFO  main            d.u.i.k.p.i.AbstractProblemLoader Loading environment from /home/runner/work/key/key/key.core/../key.ui/examples/standard_key/strings/concat2.key.proof 
34311      DEBUG main            d.u.i.k.p.i.AbstractProblemLoader Environment load took 993.09ns 
34313      INFO  main            d.u.i.k.p.i.AbstractProblemLoader Creating init config 
37775      DEBUG main            d.u.i.k.p.i.AbstractProblemLoader Init config took 3.46s 
37803      INFO  main            d.u.i.k.p.i.AbstractProblemLoader Replaying proof concat2.key.proof 
37819      DEBUG main            d.u.i.k.p.i.IntermediateProofReplayer Proof replay took 13.18ms 
37820      DEBUG main            d.u.i.k.p.r.p.TestFile    ... success: reloaded. 
37822      INFO  main            d.u.i.k.p.r.p.TestFile    Now processing file /home/runner/work/key/key/key.core/../key.ui/examples/standard_key/strings/deriveLength1.key 
37822      INFO  main            d.u.i.k.p.i.AbstractProblemLoader Loading environment from /home/runner/work/key/key/key.core/../key.ui/examples/standard_key/strings/deriveLength1.key 
37823      DEBUG main            d.u.i.k.p.i.AbstractProblemLoader Environment load took 237.6ns 
37824      INFO  main            d.u.i.k.p.i.AbstractProblemLoader Creating init config 
41082      DEBUG main            d.u.i.k.p.i.AbstractProblemLoader Init config took 3.26s 
41108      INFO  main            d.u.i.k.p.i.AbstractProblemLoader Replaying proof deriveLength1.key 
41110      DEBUG main            d.u.i.k.p.i.IntermediateProofReplayer Proof replay took 9.7ns 
41214      INFO  main            d.u.i.k.p.r.p.TestFile    ... finished proof: closed. 
41483      INFO  main            d.u.i.k.p.i.AbstractProblemLoader Loading environment from /home/runner/work/key/key/key.core/../key.ui/examples/standard_key/strings/deriveLength1.key.proof 
41483      DEBUG main            d.u.i.k.p.i.AbstractProblemLoader Environment load took 454.9ns 
41485      INFO  main            d.u.i.k.p.i.AbstractProblemLoader Creating init config 
44686      DEBUG main            d.u.i.k.p.i.AbstractProblemLoader Init config took 3.2s 
44711      INFO  main            d.u.i.k.p.i.AbstractProblemLoader Replaying proof deriveLength1.key.proof 
44732      DEBUG main            d.u.i.k.p.i.IntermediateProofReplayer Proof replay took 17.09ms 
44733      DEBUG main            d.u.i.k.p.r.p.TestFile    ... success: reloaded. 
44734      INFO  main            d.u.i.k.p.r.p.TestFile    Now processing file /home/runner/work/key/key/key.core/../key.ui/examples/standard_key/strings/emptyStringLengthZero.key 
44735      INFO  main            d.u.i.k.p.i.AbstractProblemLoader Loading environment from /home/runner/work/key/key/key.core/../key.ui/examples/standard_key/strings/emptyStringLengthZero.key 
44735      DEBUG main            d.u.i.k.p.i.AbstractProblemLoader Environment load took 296.3ns 
44736      INFO  main            d.u.i.k.p.i.AbstractProblemLoader Creating init config 
48078      DEBUG main            d.u.i.k.p.i.AbstractProblemLoader Init config took 3.34s 
48102      INFO  main            d.u.i.k.p.i.AbstractProblemLoader Replaying proof emptyStringLengthZero.key 
48104      DEBUG main            d.u.i.k.p.i.IntermediateProofReplayer Proof replay took 8.9ns 
48209      INFO  main            d.u.i.k.p.r.p.TestFile    ... finished proof: closed. 
48421      INFO  main            d.u.i.k.p.i.AbstractProblemLoader Loading environment from /home/runner/work/key/key/key.core/../key.ui/examples/standard_key/strings/emptyStringLengthZero.key.proof 
48421      DEBUG main            d.u.i.k.p.i.AbstractProblemLoader Environment load took 477.4ns 
48423      INFO  main            d.u.i.k.p.i.AbstractProblemLoader Creating init config 
51591      DEBUG main            d.u.i.k.p.i.AbstractProblemLoader Init config took 3.17s 
51628      INFO  main            d.u.i.k.p.i.AbstractProblemLoader Replaying proof emptyStringLengthZero.key.proof 
51636      DEBUG main            d.u.i.k.p.i.IntermediateProofReplayer Proof replay took 5.03ms 
51638      DEBUG main            d.u.i.k.p.r.p.TestFile    ... success: reloaded. 
51639      INFO  main            d.u.i.k.p.r.p.TestFile    Now processing file /home/runner/work/key/key/key.core/../key.ui/examples/standard_key/strings/implicitBooleanStringConversion.key 
51639      INFO  main            d.u.i.k.p.i.AbstractProblemLoader Loading environment from /home/runner/work/key/key/key.core/../key.ui/examples/standard_key/strings/implicitBooleanStringConversion.key 
51639      DEBUG main            d.u.i.k.p.i.AbstractProblemLoader Environment load took 221.2ns 
51641      INFO  main            d.u.i.k.p.i.AbstractProblemLoader Creating init config 
54896      DEBUG main            d.u.i.k.p.i.AbstractProblemLoader Init config took 3.26s 
54930      INFO  main            d.u.i.k.p.i.AbstractProblemLoader Replaying proof implicitBooleanStringConversion.key 
54934      DEBUG main            d.u.i.k.p.i.IntermediateProofReplayer Proof replay took 20.1ns 
56150      INFO  main            d.u.i.k.p.r.p.TestFile    ... finished proof: closed. 
56426      INFO  main            d.u.i.k.p.i.AbstractProblemLoader Loading environment from /home/runner/work/key/key/key.core/../key.ui/examples/standard_key/strings/implicitBooleanStringConversion.key.proof 
56428      DEBUG main            d.u.i.k.p.i.AbstractProblemLoader Environment load took 1.36ms 
56430      INFO  main            d.u.i.k.p.i.AbstractProblemLoader Creating init config 
59716      DEBUG main            d.u.i.k.p.i.AbstractProblemLoader Init config took 3.29s 
59744      INFO  main            d.u.i.k.p.i.AbstractProblemLoader Replaying proof implicitBooleanStringConversion.key.proof 
59888      DEBUG main            d.u.i.k.p.i.IntermediateProofReplayer Proof replay took 136ms 
59889      DEBUG main            d.u.i.k.p.r.p.TestFile    ... success: reloaded. 
59890      INFO  main            d.u.i.k.p.r.p.TestFile    Now processing file /home/runner/work/key/key/key.core/../key.ui/examples/standard_key/strings/implicitBooleanStringConversion2.key 
59891      INFO  main            d.u.i.k.p.i.AbstractProblemLoader Loading environment from /home/runner/work/key/key/key.core/../key.ui/examples/standard_key/strings/implicitBooleanStringConversion2.key 
59891      DEBUG main            d.u.i.k.p.i.AbstractProblemLoader Environment load took 230.7ns 
59892      INFO  main            d.u.i.k.p.i.AbstractProblemLoader Creating init config 
63144      DEBUG main            d.u.i.k.p.i.AbstractProblemLoader Init config took 3.25s 
63171      INFO  main            d.u.i.k.p.i.AbstractProblemLoader Replaying proof implicitBooleanStringConversion2.key 
63174      DEBUG main            d.u.i.k.p.i.IntermediateProofReplayer Proof replay took 10ns 
63578      INFO  main            d.u.i.k.p.r.p.TestFile    ... finished proof: closed. 
63879      INFO  main            d.u.i.k.p.i.AbstractProblemLoader Loading environment from /home/runner/work/key/key/key.core/../key.ui/examples/standard_key/strings/implicitBooleanStringConversion2.key.proof 
63879      DEBUG main            d.u.i.k.p.i.AbstractProblemLoader Environment load took 413.7ns 
63881      INFO  main            d.u.i.k.p.i.AbstractProblemLoader Creating init config 
67020      DEBUG main            d.u.i.k.p.i.AbstractProblemLoader Init config took 3.14s 
67045      INFO  main            d.u.i.k.p.i.AbstractProblemLoader Replaying proof implicitBooleanStringConversion2.key.proof 
67099      DEBUG main            d.u.i.k.p.i.IntermediateProofReplayer Proof replay took 49.72ms 
67100      DEBUG main            d.u.i.k.p.r.p.TestFile    ... success: reloaded. 
67101      INFO  main            d.u.i.k.p.r.p.TestFile    Now processing file /home/runner/work/key/key/key.core/../key.ui/examples/standard_key/strings/implicitIntStringConversion.key 
67101      INFO  main            d.u.i.k.p.i.AbstractProblemLoader Loading environment from /home/runner/work/key/key/key.core/../key.ui/examples/standard_key/strings/implicitIntStringConversion.key 
67101      DEBUG main            d.u.i.k.p.i.AbstractProblemLoader Environment load took 123.4ns 
67102      INFO  main            d.u.i.k.p.i.AbstractProblemLoader Creating init config 
70363      DEBUG main            d.u.i.k.p.i.AbstractProblemLoader Init config took 3.26s 
70389      INFO  main            d.u.i.k.p.i.AbstractProblemLoader Replaying proof implicitIntStringConversion.key 
70392      DEBUG main            d.u.i.k.p.i.IntermediateProofReplayer Proof replay took 9.7ns 
71297      INFO  main            d.u.i.k.p.r.p.TestFile    ... finished proof: closed. 
71574      INFO  main            d.u.i.k.p.i.AbstractProblemLoader Loading environment from /home/runner/work/key/key/key.core/../key.ui/examples/standard_key/strings/implicitIntStringConversion.key.proof 
71575      DEBUG main            d.u.i.k.p.i.AbstractProblemLoader Environment load took 608.29ns 
71576      INFO  main            d.u.i.k.p.i.AbstractProblemLoader Creating init config 
74672      DEBUG main            d.u.i.k.p.i.AbstractProblemLoader Init config took 3.1s 
74697      INFO  main            d.u.i.k.p.i.AbstractProblemLoader Replaying proof implicitIntStringConversion.key.proof 
74799      DEBUG main            d.u.i.k.p.i.IntermediateProofReplayer Proof replay took 94.72ms 
74800      DEBUG main            d.u.i.k.p.r.p.TestFile    ... success: reloaded. 
74801      INFO  main            d.u.i.k.p.r.p.TestFile    Now processing file /home/runner/work/key/key/key.core/../key.ui/examples/standard_key/strings/implicitNullStringConversion.key 
74802      INFO  main            d.u.i.k.p.i.AbstractProblemLoader Loading environment from /home/runner/work/key/key/key.core/../key.ui/examples/standard_key/strings/implicitNullStringConversion.key 
74802      DEBUG main            d.u.i.k.p.i.AbstractProblemLoader Environment load took 216.9ns 
74803      INFO  main            d.u.i.k.p.i.AbstractProblemLoader Creating init config 
77988      DEBUG main            d.u.i.k.p.i.AbstractProblemLoader Init config took 3.18s 
78013      INFO  main            d.u.i.k.p.i.AbstractProblemLoader Replaying proof implicitNullStringConversion.key 
78015      DEBUG main            d.u.i.k.p.i.IntermediateProofReplayer Proof replay took 8.7ns 
78421      INFO  main            d.u.i.k.p.r.p.TestFile    ... finished proof: closed. 
78696      INFO  main            d.u.i.k.p.i.AbstractProblemLoader Loading environment from /home/runner/work/key/key/key.core/../key.ui/examples/standard_key/strings/implicitNullStringConversion.key.proof 
78696      DEBUG main            d.u.i.k.p.i.AbstractProblemLoader Environment load took 450.6ns 
78698      INFO  main            d.u.i.k.p.i.AbstractProblemLoader Creating init config 
81825      DEBUG main            d.u.i.k.p.i.AbstractProblemLoader Init config took 3.13s 
81857      INFO  main            d.u.i.k.p.i.AbstractProblemLoader Replaying proof implicitNullStringConversion.key.proof 
81937      DEBUG main            d.u.i.k.p.i.IntermediateProofReplayer Proof replay took 71.48ms 
81938      DEBUG main            d.u.i.k.p.r.p.TestFile    ... success: reloaded. 
81939      INFO  main            d.u.i.k.p.r.p.TestFile    Now processing file /home/runner/work/key/key/key.core/../key.ui/examples/standard_key/strings/implicitNullStringConversion2.key 
81940      INFO  main            d.u.i.k.p.i.AbstractProblemLoader Loading environment from /home/runner/work/key/key/key.core/../key.ui/examples/standard_key/strings/implicitNullStringConversion2.key 
81940      DEBUG main            d.u.i.k.p.i.AbstractProblemLoader Environment load took 263.6ns 
81941      INFO  main            d.u.i.k.p.i.AbstractProblemLoader Creating init config 
85215      DEBUG main            d.u.i.k.p.i.AbstractProblemLoader Init config took 3.27s 
85237      INFO  main            d.u.i.k.p.i.AbstractProblemLoader Replaying proof implicitNullStringConversion2.key 
85240      DEBUG main            d.u.i.k.p.i.IntermediateProofReplayer Proof replay took 9.3ns 
85545      INFO  main            d.u.i.k.p.r.p.TestFile    ... finished proof: closed. 
85858      INFO  main            d.u.i.k.p.i.AbstractProblemLoader Loading environment from /home/runner/work/key/key/key.core/../key.ui/examples/standard_key/strings/implicitNullStringConversion2.key.proof 
85858      DEBUG main            d.u.i.k.p.i.AbstractProblemLoader Environment load took 241ns 
85860      INFO  main            d.u.i.k.p.i.AbstractProblemLoader Creating init config 
89063      DEBUG main            d.u.i.k.p.i.AbstractProblemLoader Init config took 3.2s 
89089      INFO  main            d.u.i.k.p.i.AbstractProblemLoader Replaying proof implicitNullStringConversion2.key.proof 
89162      DEBUG main            d.u.i.k.p.i.IntermediateProofReplayer Proof replay took 69.36ms 
89163      DEBUG main            d.u.i.k.p.r.p.TestFile    ... success: reloaded. 
89164      INFO  main            d.u.i.k.p.r.p.TestFile    Now processing file /home/runner/work/key/key/key.core/../key.ui/examples/standard_key/strings/implicitObjectStringConversion.key 
89164      INFO  main            d.u.i.k.p.i.AbstractProblemLoader Loading environment from /home/runner/work/key/key/key.core/../key.ui/examples/standard_key/strings/implicitObjectStringConversion.key 
89165      DEBUG main            d.u.i.k.p.i.AbstractProblemLoader Environment load took 124.7ns 
89166      INFO  main            d.u.i.k.p.i.AbstractProblemLoader Creating init config 
92552      DEBUG main            d.u.i.k.p.i.AbstractProblemLoader Init config took 3.39s 
92573      INFO  main            d.u.i.k.p.i.AbstractProblemLoader Replaying proof implicitObjectStringConversion.key 
92575      DEBUG main            d.u.i.k.p.i.IntermediateProofReplayer Proof replay took 10ns 
93189      INFO  main            d.u.i.k.p.r.p.TestFile    ... finished proof: closed. 
93497      INFO  main            d.u.i.k.p.i.AbstractProblemLoader Loading environment from /home/runner/work/key/key/key.core/../key.ui/examples/standard_key/strings/implicitObjectStringConversion.key.proof 
93498      DEBUG main            d.u.i.k.p.i.AbstractProblemLoader Environment load took 188.5ns 
93499      INFO  main            d.u.i.k.p.i.AbstractProblemLoader Creating init config 
96918      DEBUG main            d.u.i.k.p.i.AbstractProblemLoader Init config took 3.42s 
96944      INFO  main            d.u.i.k.p.i.AbstractProblemLoader Replaying proof implicitObjectStringConversion.key.proof 
97026      DEBUG main            d.u.i.k.p.i.IntermediateProofReplayer Proof replay took 77.22ms 
97029      DEBUG main            d.u.i.k.p.r.p.TestFile    ... success: reloaded. 
97030      INFO  main            d.u.i.k.p.r.p.TestFile    Now processing file /home/runner/work/key/key/key.core/../key.ui/examples/standard_key/strings/literalEquality.key 
97030      INFO  main            d.u.i.k.p.i.AbstractProblemLoader Loading environment from /home/runner/work/key/key/key.core/../key.ui/examples/standard_key/strings/literalEquality.key 
97030      DEBUG main            d.u.i.k.p.i.AbstractProblemLoader Environment load took 231.8ns 
97032      INFO  main            d.u.i.k.p.i.AbstractProblemLoader Creating init config 
100255     DEBUG main            d.u.i.k.p.i.AbstractProblemLoader Init config took 3.22s 
100275     INFO  main            d.u.i.k.p.i.AbstractProblemLoader Replaying proof literalEquality.key 
100277     DEBUG main            d.u.i.k.p.i.IntermediateProofReplayer Proof replay took 9ns 
100384     INFO  main            d.u.i.k.p.r.p.TestFile    ... finished proof: closed. 
100665     INFO  main            d.u.i.k.p.i.AbstractProblemLoader Loading environment from /home/runner/work/key/key/key.core/../key.ui/examples/standard_key/strings/literalEquality.key.proof 
100665     DEBUG main            d.u.i.k.p.i.AbstractProblemLoader Environment load took 182.3ns 
100667     INFO  main            d.u.i.k.p.i.AbstractProblemLoader Creating init config 
103730     DEBUG main            d.u.i.k.p.i.AbstractProblemLoader Init config took 3.06s 
103753     INFO  main            d.u.i.k.p.i.AbstractProblemLoader Replaying proof literalEquality.key.proof 
103760     DEBUG main            d.u.i.k.p.i.IntermediateProofReplayer Proof replay took 4.65ms 
103761     DEBUG main            d.u.i.k.p.r.p.TestFile    ... success: reloaded. 
103762     INFO  main            d.u.i.k.p.r.p.TestFile    Now processing file /home/runner/work/key/key/key.core/../key.ui/examples/standard_key/strings/replace0.key 
103762     INFO  main            d.u.i.k.p.i.AbstractProblemLoader Loading environment from /home/runner/work/key/key/key.core/../key.ui/examples/standard_key/strings/replace0.key 
103762     DEBUG main            d.u.i.k.p.i.AbstractProblemLoader Environment load took 189.1ns 
103764     INFO  main            d.u.i.k.p.i.AbstractProblemLoader Creating init config 
107002     DEBUG main            d.u.i.k.p.i.AbstractProblemLoader Init config took 3.24s 
107024     INFO  main            d.u.i.k.p.i.AbstractProblemLoader Replaying proof replace0.key 
107027     DEBUG main            d.u.i.k.p.i.IntermediateProofReplayer Proof replay took 9.9ns 
107129     INFO  main            d.u.i.k.p.r.p.TestFile    ... finished proof: closed. 
107432     INFO  main            d.u.i.k.p.i.AbstractProblemLoader Loading environment from /home/runner/work/key/key/key.core/../key.ui/examples/standard_key/strings/replace0.key.proof 
107433     DEBUG main            d.u.i.k.p.i.AbstractProblemLoader Environment load took 214.4ns 
107436     INFO  main            d.u.i.k.p.i.AbstractProblemLoader Creating init config 
110586     DEBUG main            d.u.i.k.p.i.AbstractProblemLoader Init config took 3.15s 
110606     INFO  main            d.u.i.k.p.i.AbstractProblemLoader Replaying proof replace0.key.proof 
110616     DEBUG main            d.u.i.k.p.i.IntermediateProofReplayer Proof replay took 7.18ms 
110617     DEBUG main            d.u.i.k.p.r.p.TestFile    ... success: reloaded. 
110618     INFO  main            d.u.i.k.p.r.p.TestFile    Now processing file /home/runner/work/key/key/key.core/../key.ui/examples/standard_key/strings/replace1.key 
110619     INFO  main            d.u.i.k.p.i.AbstractProblemLoader Loading environment from /home/runner/work/key/key/key.core/../key.ui/examples/standard_key/strings/replace1.key 
110619     DEBUG main            d.u.i.k.p.i.AbstractProblemLoader Environment load took 225.2ns 
110621     INFO  main            d.u.i.k.p.i.AbstractProblemLoader Creating init config 
113800     DEBUG main            d.u.i.k.p.i.AbstractProblemLoader Init config took 3.18s 
113819     INFO  main            d.u.i.k.p.i.AbstractProblemLoader Replaying proof replace1.key 
113820     DEBUG main            d.u.i.k.p.i.IntermediateProofReplayer Proof replay took 9ns 
113928     INFO  main            d.u.i.k.p.r.p.TestFile    ... finished proof: closed. 
114222     INFO  main            d.u.i.k.p.i.AbstractProblemLoader Loading environment from /home/runner/work/key/key/key.core/../key.ui/examples/standard_key/strings/replace1.key.proof 
114223     DEBUG main            d.u.i.k.p.i.AbstractProblemLoader Environment load took 611.39ns 
114225     INFO  main            d.u.i.k.p.i.AbstractProblemLoader Creating init config 
117251     DEBUG main            d.u.i.k.p.i.AbstractProblemLoader Init config took 3.03s 
117272     INFO  main            d.u.i.k.p.i.AbstractProblemLoader Replaying proof replace1.key.proof 
117286     DEBUG main            d.u.i.k.p.i.IntermediateProofReplayer Proof replay took 11.64ms 
117287     DEBUG main            d.u.i.k.p.r.p.TestFile    ... success: reloaded. 
117288     INFO  main            d.u.i.k.p.r.p.TestFile    Now processing file /home/runner/work/key/key/key.core/../key.ui/examples/standard_key/strings/simpleAssignment.key 
117289     INFO  main            d.u.i.k.p.i.AbstractProblemLoader Loading environment from /home/runner/work/key/key/key.core/../key.ui/examples/standard_key/strings/simpleAssignment.key 
117289     DEBUG main            d.u.i.k.p.i.AbstractProblemLoader Environment load took 288.2ns 
117290     INFO  main            d.u.i.k.p.i.AbstractProblemLoader Creating init config 
120475     DEBUG main            d.u.i.k.p.i.AbstractProblemLoader Init config took 3.18s 
120494     INFO  main            d.u.i.k.p.i.AbstractProblemLoader Replaying proof simpleAssignment.key 
120496     DEBUG main            d.u.i.k.p.i.IntermediateProofReplayer Proof replay took 8.8ns 
120598     INFO  main            d.u.i.k.p.r.p.TestFile    ... finished proof: closed. 
120903     INFO  main            d.u.i.k.p.i.AbstractProblemLoader Loading environment from /home/runner/work/key/key/key.core/../key.ui/examples/standard_key/strings/simpleAssignment.key.proof 
120903     DEBUG main            d.u.i.k.p.i.AbstractProblemLoader Environment load took 149.7ns 
120904     INFO  main            d.u.i.k.p.i.AbstractProblemLoader Creating init config 
123986     DEBUG main            d.u.i.k.p.i.AbstractProblemLoader Init config took 3.08s 
124005     INFO  main            d.u.i.k.p.i.AbstractProblemLoader Replaying proof simpleAssignment.key.proof 
124010     DEBUG main            d.u.i.k.p.i.IntermediateProofReplayer Proof replay took 2.02ms 
124011     DEBUG main            d.u.i.k.p.r.p.TestFile    ... success: reloaded. 
124012     INFO  main            d.u.i.k.p.r.p.TestFile    Now processing file /home/runner/work/key/key/key.core/../key.ui/examples/standard_key/strings/simpleLengthComp.key 
124013     INFO  main            d.u.i.k.p.i.AbstractProblemLoader Loading environment from /home/runner/work/key/key/key.core/../key.ui/examples/standard_key/strings/simpleLengthComp.key 
124013     DEBUG main            d.u.i.k.p.i.AbstractProblemLoader Environment load took 228.8ns 
124014     INFO  main            d.u.i.k.p.i.AbstractProblemLoader Creating init config 
127246     DEBUG main            d.u.i.k.p.i.AbstractProblemLoader Init config took 3.23s 
127265     INFO  main            d.u.i.k.p.i.AbstractProblemLoader Replaying proof simpleLengthComp.key 
127269     DEBUG main            d.u.i.k.p.i.IntermediateProofReplayer Proof replay took 9.9ns 
127572     INFO  main            d.u.i.k.p.r.p.TestFile    ... finished proof: closed. 
127893     INFO  main            d.u.i.k.p.i.AbstractProblemLoader Loading environment from /home/runner/work/key/key/key.core/../key.ui/examples/standard_key/strings/simpleLengthComp.key.proof 
127894     DEBUG main            d.u.i.k.p.i.AbstractProblemLoader Environment load took 173.1ns 
127895     INFO  main            d.u.i.k.p.i.AbstractProblemLoader Creating init config 
131087     DEBUG main            d.u.i.k.p.i.AbstractProblemLoader Init config took 3.19s 
131108     INFO  main            d.u.i.k.p.i.AbstractProblemLoader Replaying proof simpleLengthComp.key.proof 
131147     DEBUG main            d.u.i.k.p.i.IntermediateProofReplayer Proof replay took 36.28ms 
131148     DEBUG main            d.u.i.k.p.r.p.TestFile    ... success: reloaded. 
131149     INFO  main            d.u.i.k.p.r.p.TestFile    Now processing file /home/runner/work/key/key/key.core/../key.ui/examples/standard_key/strings/stringCompileTimeConstant1.key 
131150     INFO  main            d.u.i.k.p.i.AbstractProblemLoader Loading environment from /home/runner/work/key/key/key.core/../key.ui/examples/standard_key/strings/stringCompileTimeConstant1.key 
131150     DEBUG main            d.u.i.k.p.i.AbstractProblemLoader Environment load took 121.2ns 
131151     INFO  main            d.u.i.k.p.i.AbstractProblemLoader Creating init config 
134342     DEBUG main            d.u.i.k.p.i.AbstractProblemLoader Init config took 3.19s 
134361     INFO  main            d.u.i.k.p.i.AbstractProblemLoader Replaying proof stringCompileTimeConstant1.key 
134362     DEBUG main            d.u.i.k.p.i.IntermediateProofReplayer Proof replay took 9.3ns 
134468     INFO  main            d.u.i.k.p.r.p.TestFile    ... finished proof: closed. 
134781     INFO  main            d.u.i.k.p.i.AbstractProblemLoader Loading environment from /home/runner/work/key/key/key.core/../key.ui/examples/standard_key/strings/stringCompileTimeConstant1.key.proof 
134781     DEBUG main            d.u.i.k.p.i.AbstractProblemLoader Environment load took 130.7ns 
134783     INFO  main            d.u.i.k.p.i.AbstractProblemLoader Creating init config 
137864     DEBUG main            d.u.i.k.p.i.AbstractProblemLoader Init config took 3.08s 
137883     INFO  main            d.u.i.k.p.i.AbstractProblemLoader Replaying proof stringCompileTimeConstant1.key.proof 
137893     DEBUG main            d.u.i.k.p.i.IntermediateProofReplayer Proof replay took 7.24ms 
137896     DEBUG main            d.u.i.k.p.r.p.TestFile    ... success: reloaded. 
137896     INFO  main            d.u.i.k.p.r.p.TestFile    Now processing file /home/runner/work/key/key/key.core/../key.ui/examples/standard_key/strings/stringCompileTimeConstant2.key 
137897     INFO  main            d.u.i.k.p.i.AbstractProblemLoader Loading environment from /home/runner/work/key/key/key.core/../key.ui/examples/standard_key/strings/stringCompileTimeConstant2.key 
137897     DEBUG main            d.u.i.k.p.i.AbstractProblemLoader Environment load took 225.2ns 
137899     INFO  main            d.u.i.k.p.i.AbstractProblemLoader Creating init config 
141316     DEBUG main            d.u.i.k.p.i.AbstractProblemLoader Init config took 3.42s 
141335     INFO  main            d.u.i.k.p.i.AbstractProblemLoader Replaying proof stringCompileTimeConstant2.key 
141337     DEBUG main            d.u.i.k.p.i.IntermediateProofReplayer Proof replay took 9.1ns 
145155     INFO  main            d.u.i.k.p.r.p.TestFile    ... finished proof: closed. 
145569     INFO  main            d.u.i.k.p.i.AbstractProblemLoader Loading environment from /home/runner/work/key/key/key.core/../key.ui/examples/standard_key/strings/stringCompileTimeConstant2.key.proof 
145569     DEBUG main            d.u.i.k.p.i.AbstractProblemLoader Environment load took 478.55ns 
145571     INFO  main            d.u.i.k.p.i.AbstractProblemLoader Creating init config 
148857     DEBUG main            d.u.i.k.p.i.AbstractProblemLoader Init config took 3.29s 
148877     INFO  main            d.u.i.k.p.i.AbstractProblemLoader Replaying proof stringCompileTimeConstant2.key.proof 
149366     DEBUG main            d.u.i.k.p.i.IntermediateProofReplayer Proof replay took 474.14ms 
149367     DEBUG main            d.u.i.k.p.r.p.TestFile    ... success: reloaded. 
149369     INFO  main            d.u.i.k.p.r.p.TestFile    Now processing file /home/runner/work/key/key/key.core/../key.ui/examples/standard_key/strings/stringEquality1.key 
149370     INFO  main            d.u.i.k.p.i.AbstractProblemLoader Loading environment from /home/runner/work/key/key/key.core/../key.ui/examples/standard_key/strings/stringEquality1.key 
149370     DEBUG main            d.u.i.k.p.i.AbstractProblemLoader Environment load took 117.4ns 
149371     INFO  main            d.u.i.k.p.i.AbstractProblemLoader Creating init config 
152520     DEBUG main            d.u.i.k.p.i.AbstractProblemLoader Init config took 3.15s 
152537     INFO  main            d.u.i.k.p.i.AbstractProblemLoader Replaying proof stringEquality1.key 
152538     DEBUG main            d.u.i.k.p.i.IntermediateProofReplayer Proof replay took 8.8ns 
152641     INFO  main            d.u.i.k.p.r.p.TestFile    ... finished proof: closed. 
153049     INFO  main            d.u.i.k.p.i.AbstractProblemLoader Loading environment from /home/runner/work/key/key/key.core/../key.ui/examples/standard_key/strings/stringEquality1.key.proof 
153049     DEBUG main            d.u.i.k.p.i.AbstractProblemLoader Environment load took 124.5ns 
153051     INFO  main            d.u.i.k.p.i.AbstractProblemLoader Creating init config 
156187     DEBUG main            d.u.i.k.p.i.AbstractProblemLoader Init config took 3.14s 
156206     INFO  main            d.u.i.k.p.i.AbstractProblemLoader Replaying proof stringEquality1.key.proof 
156226     DEBUG main            d.u.i.k.p.i.IntermediateProofReplayer Proof replay took 17.39ms 
156228     DEBUG main            d.u.i.k.p.r.p.TestFile    ... success: reloaded. 
156229     INFO  main            d.u.i.k.p.r.p.TestFile    Now processing file /home/runner/work/key/key/key.core/../key.ui/examples/standard_key/strings/stringEquality2.key 
156229     INFO  main            d.u.i.k.p.i.AbstractProblemLoader Loading environment from /home/runner/work/key/key/key.core/../key.ui/examples/standard_key/strings/stringEquality2.key 
156229     DEBUG main            d.u.i.k.p.i.AbstractProblemLoader Environment load took 119.5ns 
156231     INFO  main            d.u.i.k.p.i.AbstractProblemLoader Creating init config 
159476     DEBUG main            d.u.i.k.p.i.AbstractProblemLoader Init config took 3.24s 
159493     INFO  main            d.u.i.k.p.i.AbstractProblemLoader Replaying proof stringEquality2.key 
159494     DEBUG main            d.u.i.k.p.i.IntermediateProofReplayer Proof replay took 9.4ns 
160099     INFO  main            d.u.i.k.p.r.p.TestFile    ... finished proof: closed. 
160546     INFO  main            d.u.i.k.p.i.AbstractProblemLoader Loading environment from /home/runner/work/key/key/key.core/../key.ui/examples/standard_key/strings/stringEquality2.key.proof 
160547     DEBUG main            d.u.i.k.p.i.AbstractProblemLoader Environment load took 517.8ns 
160549     INFO  main            d.u.i.k.p.i.AbstractProblemLoader Creating init config 
163637     DEBUG main            d.u.i.k.p.i.AbstractProblemLoader Init config took 3.09s 
163656     INFO  main            d.u.i.k.p.i.AbstractProblemLoader Replaying proof stringEquality2.key.proof 
163745     DEBUG main            d.u.i.k.p.i.IntermediateProofReplayer Proof replay took 83.83ms 
163747     DEBUG main            d.u.i.k.p.r.p.TestFile    ... success: reloaded. 
163748     INFO  main            d.u.i.k.p.r.p.TestFile    Now processing file /home/runner/work/key/key/key.core/../key.ui/examples/standard_key/strings/substring0.key 
163748     INFO  main            d.u.i.k.p.i.AbstractProblemLoader Loading environment from /home/runner/work/key/key/key.core/../key.ui/examples/standard_key/strings/substring0.key 
163748     DEBUG main            d.u.i.k.p.i.AbstractProblemLoader Environment load took 69ns 
163749     INFO  main            d.u.i.k.p.i.AbstractProblemLoader Creating init config 
166809     DEBUG main            d.u.i.k.p.i.AbstractProblemLoader Init config took 3.06s 
166849     INFO  main            d.u.i.k.p.i.AbstractProblemLoader Replaying proof substring0.key 
166851     DEBUG main            d.u.i.k.p.i.IntermediateProofReplayer Proof replay took 9.2ns 
166953     INFO  main            d.u.i.k.p.r.p.TestFile    ... finished proof: closed. 
167299     INFO  main            d.u.i.k.p.i.AbstractProblemLoader Loading environment from /home/runner/work/key/key/key.core/../key.ui/examples/standard_key/strings/substring0.key.proof 
167299     DEBUG main            d.u.i.k.p.i.AbstractProblemLoader Environment load took 158.8ns 
167301     INFO  main            d.u.i.k.p.i.AbstractProblemLoader Creating init config 
170257     DEBUG main            d.u.i.k.p.i.AbstractProblemLoader Init config took 2.96s 
170283     INFO  main            d.u.i.k.p.i.AbstractProblemLoader Replaying proof substring0.key.proof 
170286     DEBUG main            d.u.i.k.p.i.IntermediateProofReplayer Proof replay took 673.19ns 
170288     DEBUG main            d.u.i.k.p.r.p.TestFile    ... success: reloaded. 
170288     INFO  main            d.u.i.k.p.r.p.TestFile    Now processing file /home/runner/work/key/key/key.core/../key.ui/examples/standard_key/strings/substring1.key 
170289     INFO  main            d.u.i.k.p.i.AbstractProblemLoader Loading environment from /home/runner/work/key/key/key.core/../key.ui/examples/standard_key/strings/substring1.key 
170289     DEBUG main            d.u.i.k.p.i.AbstractProblemLoader Environment load took 112.4ns 
170290     INFO  main            d.u.i.k.p.i.AbstractProblemLoader Creating init config 
173298     DEBUG main            d.u.i.k.p.i.AbstractProblemLoader Init config took 3.01s 
173314     INFO  main            d.u.i.k.p.i.AbstractProblemLoader Replaying proof substring1.key 
173316     DEBUG main            d.u.i.k.p.i.IntermediateProofReplayer Proof replay took 10ns 
173418     INFO  main            d.u.i.k.p.r.p.TestFile    ... finished proof: closed. 
173749     INFO  main            d.u.i.k.p.i.AbstractProblemLoader Loading environment from /home/runner/work/key/key/key.core/../key.ui/examples/standard_key/strings/substring1.key.proof 
173749     DEBUG main            d.u.i.k.p.i.AbstractProblemLoader Environment load took 117.8ns 
173751     INFO  main            d.u.i.k.p.i.AbstractProblemLoader Creating init config 
176755     DEBUG main            d.u.i.k.p.i.AbstractProblemLoader Init config took 3s 
176779     INFO  main            d.u.i.k.p.i.AbstractProblemLoader Replaying proof substring1.key.proof 
176781     DEBUG main            d.u.i.k.p.i.IntermediateProofReplayer Proof replay took 601.98ns 
176782     DEBUG main            d.u.i.k.p.r.p.TestFile    ... success: reloaded. 
176783     INFO  main            d.u.i.k.p.r.p.TestFile    Now processing file /home/runner/work/key/key/key.core/../key.ui/examples/standard_key/strings/substring2.key 
176783     INFO  main            d.u.i.k.p.i.AbstractProblemLoader Loading environment from /home/runner/work/key/key/key.core/../key.ui/examples/standard_key/strings/substring2.key 
176783     DEBUG main            d.u.i.k.p.i.AbstractProblemLoader Environment load took 87.8ns 
176784     INFO  main            d.u.i.k.p.i.AbstractProblemLoader Creating init config 
179870     DEBUG main            d.u.i.k.p.i.AbstractProblemLoader Init config took 3.09s 
179891     INFO  main            d.u.i.k.p.i.AbstractProblemLoader Replaying proof substring2.key 
179894     DEBUG main            d.u.i.k.p.i.IntermediateProofReplayer Proof replay took 10.2ns 
179999     INFO  main            d.u.i.k.p.r.p.TestFile    ... finished proof: closed. 
180349     INFO  main            d.u.i.k.p.i.AbstractProblemLoader Loading environment from /home/runner/work/key/key/key.core/../key.ui/examples/standard_key/strings/substring2.key.proof 
180349     DEBUG main            d.u.i.k.p.i.AbstractProblemLoader Environment load took 190.3ns 
180350     INFO  main            d.u.i.k.p.i.AbstractProblemLoader Creating init config 
183340     DEBUG main            d.u.i.k.p.i.AbstractProblemLoader Init config took 2.99s 
183360     INFO  main            d.u.i.k.p.i.AbstractProblemLoader Replaying proof substring2.key.proof 
183364     DEBUG main            d.u.i.k.p.i.IntermediateProofReplayer Proof replay took 1.2ms 
183365     DEBUG main            d.u.i.k.p.r.p.TestFile    ... success: reloaded. 
183366     INFO  main            d.u.i.k.p.r.p.TestFile    Now processing file /home/runner/work/key/key/key.core/../key.ui/examples/standard_key/strings/substring3.key 
183366     INFO  main            d.u.i.k.p.i.AbstractProblemLoader Loading environment from /home/runner/work/key/key/key.core/../key.ui/examples/standard_key/strings/substring3.key 
183366     DEBUG main            d.u.i.k.p.i.AbstractProblemLoader Environment load took 112.4ns 
183367     INFO  main            d.u.i.k.p.i.AbstractProblemLoader Creating init config 
186299     DEBUG main            d.u.i.k.p.i.AbstractProblemLoader Init config took 2.93s 
186315     INFO  main            d.u.i.k.p.i.AbstractProblemLoader Replaying proof substring3.key 
186318     DEBUG main            d.u.i.k.p.i.IntermediateProofReplayer Proof replay took 10ns 
186424     INFO  main            d.u.i.k.p.r.p.TestFile    ... finished proof: closed. 
186757     INFO  main            d.u.i.k.p.i.AbstractProblemLoader Loading environment from /home/runner/work/key/key/key.core/../key.ui/examples/standard_key/strings/substring3.key.proof 
186758     DEBUG main            d.u.i.k.p.i.AbstractProblemLoader Environment load took 165.1ns 
186759     INFO  main            d.u.i.k.p.i.AbstractProblemLoader Creating init config 
189572     DEBUG main            d.u.i.k.p.i.AbstractProblemLoader Init config took 2.81s 
189588     INFO  main            d.u.i.k.p.i.AbstractProblemLoader Replaying proof substring3.key.proof 
189594     DEBUG main            d.u.i.k.p.i.IntermediateProofReplayer Proof replay took 3.4ms 
189595     DEBUG main            d.u.i.k.p.r.p.TestFile    ... success: reloaded. 
189595     INFO  main            d.u.i.k.p.r.p.TestFile    Now processing file /home/runner/work/key/key/key.core/../key.ui/examples/standard_key/strings/substring4.key 
189596     INFO  main            d.u.i.k.p.i.AbstractProblemLoader Loading environment from /home/runner/work/key/key/key.core/../key.ui/examples/standard_key/strings/substring4.key 
189596     DEBUG main            d.u.i.k.p.i.AbstractProblemLoader Environment load took 130.5ns 
189597     INFO  main            d.u.i.k.p.i.AbstractProblemLoader Creating init config 
192519     DEBUG main            d.u.i.k.p.i.AbstractProblemLoader Init config took 2.92s 
192535     INFO  main            d.u.i.k.p.i.AbstractProblemLoader Replaying proof substring4.key 
192537     DEBUG main            d.u.i.k.p.i.IntermediateProofReplayer Proof replay took 9ns 
192640     INFO  main            d.u.i.k.p.r.p.TestFile    ... finished proof: closed. 
192997     INFO  main            d.u.i.k.p.i.AbstractProblemLoader Loading environment from /home/runner/work/key/key/key.core/../key.ui/examples/standard_key/strings/substring4.key.proof 
192998     DEBUG main            d.u.i.k.p.i.AbstractProblemLoader Environment load took 126.7ns 
192999     INFO  main            d.u.i.k.p.i.AbstractProblemLoader Creating init config 
195849     DEBUG main            d.u.i.k.p.i.AbstractProblemLoader Init config took 2.85s 
195867     INFO  main            d.u.i.k.p.i.AbstractProblemLoader Replaying proof substring4.key.proof 
195880     DEBUG main            d.u.i.k.p.i.IntermediateProofReplayer Proof replay took 9.25ms 
195881     DEBUG main            d.u.i.k.p.r.p.TestFile    ... success: reloaded. 
195883     INFO  main            d.u.i.k.p.r.p.TestFile    Now processing file /home/runner/work/key/key/key.core/../key.ui/examples/standard_key/strings/substring5.key 
195883     INFO  main            d.u.i.k.p.i.AbstractProblemLoader Loading environment from /home/runner/work/key/key/key.core/../key.ui/examples/standard_key/strings/substring5.key 
195883     DEBUG main            d.u.i.k.p.i.AbstractProblemLoader Environment load took 108.9ns 
195885     INFO  main            d.u.i.k.p.i.AbstractProblemLoader Creating init config 
198818     DEBUG main            d.u.i.k.p.i.AbstractProblemLoader Init config took 2.93s 
198839     INFO  main            d.u.i.k.p.i.AbstractProblemLoader Replaying proof substring5.key 
198840     DEBUG main            d.u.i.k.p.i.IntermediateProofReplayer Proof replay took 10.6ns 
199244     INFO  main            d.u.i.k.p.r.p.TestFile    ... finished proof: closed. 
199613     INFO  main            d.u.i.k.p.i.AbstractProblemLoader Loading environment from /home/runner/work/key/key/key.core/../key.ui/examples/standard_key/strings/substring5.key.proof 
199613     DEBUG main            d.u.i.k.p.i.AbstractProblemLoader Environment load took 400.7ns 
199615     INFO  main            d.u.i.k.p.i.AbstractProblemLoader Creating init config 
202501     DEBUG main            d.u.i.k.p.i.AbstractProblemLoader Init config took 2.89s 
202520     INFO  main            d.u.i.k.p.i.AbstractProblemLoader Replaying proof substring5.key.proof 
202570     DEBUG main            d.u.i.k.p.i.IntermediateProofReplayer Proof replay took 44.7ms 
202571     DEBUG main            d.u.i.k.p.r.p.TestFile    ... success: reloaded. 
5520953    INFO  Test worker     d.u.i.k.p.r.p.StatisticsFile Returning from test strings 
5520962    INFO  Test worker     d.u.i.k.p.r.p.StatisticsFile Running test simple_info_flow 
506        INFO  Timeout watchdog d.u.i.k.p.r.p.ForkedTestFileRunner Timeout watcher launched (2000 secs.) 
510        WARN  main            d.u.i.k.s.ProofSettings   The settings in /home/runner/.key/proof-settings.props are *not* read. 
585        INFO  main            d.u.i.k.p.r.p.TestFile    Now processing file /home/runner/work/key/key/key.core/../key.ui/examples/heap/information_flow/UpdateAbstraction_ex7_1_insecure.key 
750        INFO  main            d.u.i.k.p.i.AbstractProblemLoader Loading environment from /home/runner/work/key/key/key.core/../key.ui/examples/heap/information_flow/UpdateAbstraction_ex7_1_insecure.key 
773        DEBUG main            d.u.i.k.p.i.AbstractProblemLoader Environment load took 2.81ms 
1079       INFO  main            d.u.i.k.p.i.AbstractProblemLoader Creating init config 
2510       DEBUG main            d.u.i.k.j.TypeConverter   No LDT found for Meta 
2511       DEBUG main            d.u.i.k.j.TypeConverter   No LDT found for Meta 
2512       DEBUG main            d.u.i.k.j.TypeConverter   No LDT found for Meta 
2513       DEBUG main            d.u.i.k.j.TypeConverter   No LDT found for Meta 
4777       DEBUG main            d.u.i.k.j.TypeConverter   No LDT found for JavaBigintExpression 
12645      DEBUG main            d.u.i.k.p.i.AbstractProblemLoader Init config took 11.57s 
12856      INFO  main            d.u.i.k.p.i.AbstractProblemLoader Replaying proof UpdateAbstraction[UpdateAbstraction::ex7_1_insecure()].JML operation contract.0 
12949      DEBUG main            d.u.i.k.p.i.IntermediateProofReplayer Proof replay took 139.4ns 
13800      INFO  main            d.u.i.k.p.r.p.TestFile    ... finished proof: open goal(s) 
14027      INFO  main            d.u.i.k.p.r.p.TestFile    Now processing file /home/runner/work/key/key/key.core/../key.ui/examples/heap/information_flow/UpdateAbstraction_ex7_2_insecure.key 
14031      INFO  main            d.u.i.k.p.i.AbstractProblemLoader Loading environment from /home/runner/work/key/key/key.core/../key.ui/examples/heap/information_flow/UpdateAbstraction_ex7_2_insecure.key 
14031      DEBUG main            d.u.i.k.p.i.AbstractProblemLoader Environment load took 383.1ns 
14033      INFO  main            d.u.i.k.p.i.AbstractProblemLoader Creating init config 
18337      DEBUG main            d.u.i.k.p.i.AbstractProblemLoader Init config took 4.3s 
18445      INFO  main            d.u.i.k.p.i.AbstractProblemLoader Replaying proof UpdateAbstraction[UpdateAbstraction::ex7_2_insecure()].JML operation contract.0 
18449      DEBUG main            d.u.i.k.p.i.IntermediateProofReplayer Proof replay took 7.6ns 
19057      INFO  main            d.u.i.k.p.r.p.TestFile    ... finished proof: open goal(s) 
5540434    INFO  Test worker     d.u.i.k.p.r.p.StatisticsFile Returning from test simple_info_flow 
5540435    INFO  Test worker     d.u.i.k.p.r.p.StatisticsFile Running test modelMethods 
578        INFO  Timeout watchdog d.u.i.k.p.r.p.ForkedTestFileRunner Timeout watcher launched (2000 secs.) 
594        WARN  main            d.u.i.k.s.ProofSettings   The settings in /home/runner/.key/proof-settings.props are *not* read. 
636        INFO  main            d.u.i.k.p.r.p.TestFile    Now processing file /home/runner/work/key/key/key.core/../key.ui/examples/heap/model_methods/Cell_footprint_acc.key 
794        INFO  main            d.u.i.k.p.i.AbstractProblemLoader Loading environment from /home/runner/work/key/key/key.core/../key.ui/examples/heap/model_methods/Cell_footprint_acc.key 
816        DEBUG main            d.u.i.k.p.i.AbstractProblemLoader Environment load took 2.55ms 
1162       INFO  main            d.u.i.k.p.i.AbstractProblemLoader Creating init config 
2361       DEBUG main            d.u.i.k.j.TypeConverter   No LDT found for Meta 
2361       DEBUG main            d.u.i.k.j.TypeConverter   No LDT found for Meta 
2363       DEBUG main            d.u.i.k.j.TypeConverter   No LDT found for Meta 
2364       DEBUG main            d.u.i.k.j.TypeConverter   No LDT found for Meta 
4441       DEBUG main            d.u.i.k.j.TypeConverter   No LDT found for JavaBigintExpression 
11334      DEBUG main            d.u.i.k.p.i.AbstractProblemLoader Init config took 10.17s 
11516      INFO  main            d.u.i.k.p.i.AbstractProblemLoader Replaying proof Cell[Cell::footprint()].JML accessible clause.0 
11572      DEBUG main            d.u.i.k.p.i.IntermediateProofReplayer Proof replay took 45.7ns 
12213      INFO  main            d.u.i.k.p.r.p.TestFile    ... finished proof: closed. 
12431      INFO  main            d.u.i.k.p.i.AbstractProblemLoader Loading environment from /home/runner/work/key/key/key.core/../key.ui/examples/heap/model_methods/Cell_footprint_acc.key.proof 
12433      DEBUG main            d.u.i.k.p.i.AbstractProblemLoader Environment load took 1.17ms 
12435      INFO  main            d.u.i.k.p.i.AbstractProblemLoader Creating init config 
16435      DEBUG main            d.u.i.k.p.i.AbstractProblemLoader Init config took 4s 
16529      INFO  main            d.u.i.k.p.i.AbstractProblemLoader Replaying proof Cell[Cell::footprint()].JML accessible clause.0 
16587      DEBUG main            d.u.i.k.p.i.IntermediateProofReplayer Proof replay took 51.07ms 
16597      DEBUG main            d.u.i.k.p.r.p.TestFile    ... success: reloaded. 
16599      INFO  main            d.u.i.k.p.r.p.TestFile    Now processing file /home/runner/work/key/key/key.core/../key.ui/examples/heap/model_methods/Cell_footprint.key 
16600      INFO  main            d.u.i.k.p.i.AbstractProblemLoader Loading environment from /home/runner/work/key/key/key.core/../key.ui/examples/heap/model_methods/Cell_footprint.key 
16600      DEBUG main            d.u.i.k.p.i.AbstractProblemLoader Environment load took 244.1ns 
16602      INFO  main            d.u.i.k.p.i.AbstractProblemLoader Creating init config 
20464      DEBUG main            d.u.i.k.p.i.AbstractProblemLoader Init config took 3.86s 
20563      INFO  main            d.u.i.k.p.i.AbstractProblemLoader Replaying proof Cell[Cell::footprint()].JML model_behavior operation contract.0 
20568      DEBUG main            d.u.i.k.p.i.IntermediateProofReplayer Proof replay took 9ns 
20671      INFO  main            d.u.i.k.p.r.p.TestFile    ... finished proof: closed. 
20853      INFO  main            d.u.i.k.p.i.AbstractProblemLoader Loading environment from /home/runner/work/key/key/key.core/../key.ui/examples/heap/model_methods/Cell_footprint.key.proof 
20853      DEBUG main            d.u.i.k.p.i.AbstractProblemLoader Environment load took 159.8ns 
20855      INFO  main            d.u.i.k.p.i.AbstractProblemLoader Creating init config 
24661      DEBUG main            d.u.i.k.p.i.AbstractProblemLoader Init config took 3.81s 
24758      INFO  main            d.u.i.k.p.i.AbstractProblemLoader Replaying proof Cell[Cell::footprint()].JML model_behavior operation contract.0 
24772      DEBUG main            d.u.i.k.p.i.IntermediateProofReplayer Proof replay took 9.52ms 
24774      DEBUG main            d.u.i.k.p.r.p.TestFile    ... success: reloaded. 
24775      INFO  main            d.u.i.k.p.r.p.TestFile    Now processing file /home/runner/work/key/key/key.core/../key.ui/examples/heap/model_methods/Cell_get_acc.key 
24776      INFO  main            d.u.i.k.p.i.AbstractProblemLoader Loading environment from /home/runner/work/key/key/key.core/../key.ui/examples/heap/model_methods/Cell_get_acc.key 
24776      DEBUG main            d.u.i.k.p.i.AbstractProblemLoader Environment load took 240.6ns 
24778      INFO  main            d.u.i.k.p.i.AbstractProblemLoader Creating init config 
28426      DEBUG main            d.u.i.k.p.i.AbstractProblemLoader Init config took 3.65s 
28496      INFO  main            d.u.i.k.p.i.AbstractProblemLoader Replaying proof Cell[Cell::get()].JML accessible clause.0 
28499      DEBUG main            d.u.i.k.p.i.IntermediateProofReplayer Proof replay took 8.2ns 
28814      INFO  main            d.u.i.k.p.r.p.TestFile    ... finished proof: closed. 
29043      INFO  main            d.u.i.k.p.i.AbstractProblemLoader Loading environment from /home/runner/work/key/key/key.core/../key.ui/examples/heap/model_methods/Cell_get_acc.key.proof 
29045      DEBUG main            d.u.i.k.p.i.AbstractProblemLoader Environment load took 2.46ms 
29049      INFO  main            d.u.i.k.p.i.AbstractProblemLoader Creating init config 
32670      DEBUG main            d.u.i.k.p.i.AbstractProblemLoader Init config took 3.62s 
32755      INFO  main            d.u.i.k.p.i.AbstractProblemLoader Replaying proof Cell[Cell::get()].JML accessible clause.0 
32807      DEBUG main            d.u.i.k.p.i.IntermediateProofReplayer Proof replay took 47.27ms 
32808      DEBUG main            d.u.i.k.p.r.p.TestFile    ... success: reloaded. 
32810      INFO  main            d.u.i.k.p.r.p.TestFile    Now processing file /home/runner/work/key/key/key.core/../key.ui/examples/heap/model_methods/Cell_get.key 
32811      INFO  main            d.u.i.k.p.i.AbstractProblemLoader Loading environment from /home/runner/work/key/key/key.core/../key.ui/examples/heap/model_methods/Cell_get.key 
32811      DEBUG main            d.u.i.k.p.i.AbstractProblemLoader Environment load took 263.3ns 
32813      INFO  main            d.u.i.k.p.i.AbstractProblemLoader Creating init config 
36528      DEBUG main            d.u.i.k.p.i.AbstractProblemLoader Init config took 3.72s 
36601      INFO  main            d.u.i.k.p.i.AbstractProblemLoader Replaying proof Cell[Cell::get()].JML operation contract.0 
36610      DEBUG main            d.u.i.k.p.i.IntermediateProofReplayer Proof replay took 9.2ns 
36713      INFO  main            d.u.i.k.p.r.p.TestFile    ... finished proof: closed. 
36942      INFO  main            d.u.i.k.p.i.AbstractProblemLoader Loading environment from /home/runner/work/key/key/key.core/../key.ui/examples/heap/model_methods/Cell_get.key.proof 
36943      DEBUG main            d.u.i.k.p.i.AbstractProblemLoader Environment load took 150.5ns 
36944      INFO  main            d.u.i.k.p.i.AbstractProblemLoader Creating init config 
40511      DEBUG main            d.u.i.k.p.i.AbstractProblemLoader Init config took 3.57s 
40572      INFO  main            d.u.i.k.p.i.AbstractProblemLoader Replaying proof Cell[Cell::get()].JML operation contract.0 
40597      DEBUG main            d.u.i.k.p.i.IntermediateProofReplayer Proof replay took 22.78ms 
40599      DEBUG main            d.u.i.k.p.r.p.TestFile    ... success: reloaded. 
40601      INFO  main            d.u.i.k.p.r.p.TestFile    Now processing file /home/runner/work/key/key/key.core/../key.ui/examples/heap/model_methods/Cell_post_set.key 
40601      INFO  main            d.u.i.k.p.i.AbstractProblemLoader Loading environment from /home/runner/work/key/key/key.core/../key.ui/examples/heap/model_methods/Cell_post_set.key 
40601      DEBUG main            d.u.i.k.p.i.AbstractProblemLoader Environment load took 220ns 
40603      INFO  main            d.u.i.k.p.i.AbstractProblemLoader Creating init config 
44225      DEBUG main            d.u.i.k.p.i.AbstractProblemLoader Init config took 3.62s 
44290      INFO  main            d.u.i.k.p.i.AbstractProblemLoader Replaying proof Cell[Cell::post_set(int)].JML model_behavior operation contract.0 
44298      DEBUG main            d.u.i.k.p.i.IntermediateProofReplayer Proof replay took 9ns 
44403      INFO  main            d.u.i.k.p.r.p.TestFile    ... finished proof: closed. 
44609      INFO  main            d.u.i.k.p.i.AbstractProblemLoader Loading environment from /home/runner/work/key/key/key.core/../key.ui/examples/heap/model_methods/Cell_post_set.key.proof 
44610      DEBUG main            d.u.i.k.p.i.AbstractProblemLoader Environment load took 172.6ns 
44611      INFO  main            d.u.i.k.p.i.AbstractProblemLoader Creating init config 
48134      DEBUG main            d.u.i.k.p.i.AbstractProblemLoader Init config took 3.52s 
48212      INFO  main            d.u.i.k.p.i.AbstractProblemLoader Replaying proof Cell[Cell::post_set(int)].JML model_behavior operation contract.0 
48224      DEBUG main            d.u.i.k.p.i.IntermediateProofReplayer Proof replay took 10.06ms 
48225      DEBUG main            d.u.i.k.p.r.p.TestFile    ... success: reloaded. 
48227      INFO  main            d.u.i.k.p.r.p.TestFile    Now processing file /home/runner/work/key/key/key.core/../key.ui/examples/heap/model_methods/Cell_set.key 
48227      INFO  main            d.u.i.k.p.i.AbstractProblemLoader Loading environment from /home/runner/work/key/key/key.core/../key.ui/examples/heap/model_methods/Cell_set.key 
48227      DEBUG main            d.u.i.k.p.i.AbstractProblemLoader Environment load took 178.3ns 
48229      INFO  main            d.u.i.k.p.i.AbstractProblemLoader Creating init config 
51769      DEBUG main            d.u.i.k.p.i.AbstractProblemLoader Init config took 3.54s 
51834      INFO  main            d.u.i.k.p.i.AbstractProblemLoader Replaying proof Cell[Cell::set(int)].JML operation contract.0 
51838      DEBUG main            d.u.i.k.p.i.IntermediateProofReplayer Proof replay took 9.5ns 
60252      INFO  main            d.u.i.k.p.r.p.TestFile    ... finished proof: closed. 
60584      INFO  main            d.u.i.k.p.i.AbstractProblemLoader Loading environment from /home/runner/work/key/key/key.core/../key.ui/examples/heap/model_methods/Cell_set.key.proof 
60584      DEBUG main            d.u.i.k.p.i.AbstractProblemLoader Environment load took 196.6ns 
60590      INFO  main            d.u.i.k.p.i.AbstractProblemLoader Creating init config 
64042      DEBUG main            d.u.i.k.p.i.AbstractProblemLoader Init config took 3.45s 
64103      INFO  main            d.u.i.k.p.i.AbstractProblemLoader Replaying proof Cell[Cell::set(int)].JML operation contract.0 
64947      DEBUG main            d.u.i.k.p.i.IntermediateProofReplayer Proof replay took 822.38ms 
64949      DEBUG main            d.u.i.k.p.r.p.TestFile    ... success: reloaded. 
64951      INFO  main            d.u.i.k.p.r.p.TestFile    Now processing file /home/runner/work/key/key/key.core/../key.ui/examples/heap/model_methods/CellTest_callSet.key 
64951      INFO  main            d.u.i.k.p.i.AbstractProblemLoader Loading environment from /home/runner/work/key/key/key.core/../key.ui/examples/heap/model_methods/CellTest_callSet.key 
64952      DEBUG main            d.u.i.k.p.i.AbstractProblemLoader Environment load took 342.6ns 
64953      INFO  main            d.u.i.k.p.i.AbstractProblemLoader Creating init config 
68557      DEBUG main            d.u.i.k.p.i.AbstractProblemLoader Init config took 3.6s 
68623      INFO  main            d.u.i.k.p.i.AbstractProblemLoader Replaying proof CellTest[CellTest::callSet(Cell,int)].JML operation contract.0 
68626      DEBUG main            d.u.i.k.p.i.IntermediateProofReplayer Proof replay took 9.2ns 
68929      INFO  main            d.u.i.k.p.r.p.TestFile    ... finished proof: closed. 
69273      INFO  main            d.u.i.k.p.i.AbstractProblemLoader Loading environment from /home/runner/work/key/key/key.core/../key.ui/examples/heap/model_methods/CellTest_callSet.key.proof 
69274      DEBUG main            d.u.i.k.p.i.AbstractProblemLoader Environment load took 512.8ns 
69275      INFO  main            d.u.i.k.p.i.AbstractProblemLoader Creating init config 
72776      DEBUG main            d.u.i.k.p.i.AbstractProblemLoader Init config took 3.5s 
72840      INFO  main            d.u.i.k.p.i.AbstractProblemLoader Replaying proof CellTest[CellTest::callSet(Cell,int)].JML operation contract.0 
72908      DEBUG main            d.u.i.k.p.i.IntermediateProofReplayer Proof replay took 64.77ms 
72909      DEBUG main            d.u.i.k.p.r.p.TestFile    ... success: reloaded. 
72911      INFO  main            d.u.i.k.p.r.p.TestFile    Now processing file /home/runner/work/key/key/key.core/../key.ui/examples/heap/model_methods/CellTest_test2.key 
72911      INFO  main            d.u.i.k.p.i.AbstractProblemLoader Loading environment from /home/runner/work/key/key/key.core/../key.ui/examples/heap/model_methods/CellTest_test2.key 
72911      DEBUG main            d.u.i.k.p.i.AbstractProblemLoader Environment load took 217.6ns 
72913      INFO  main            d.u.i.k.p.i.AbstractProblemLoader Creating init config 
76341      DEBUG main            d.u.i.k.p.i.AbstractProblemLoader Init config took 3.43s 
76400      INFO  main            d.u.i.k.p.i.AbstractProblemLoader Replaying proof CellTest[CellTest::test2(Cell)].JML operation contract.0 
76403      DEBUG main            d.u.i.k.p.i.IntermediateProofReplayer Proof replay took 8.7ns 
76807      INFO  main            d.u.i.k.p.r.p.TestFile    ... finished proof: closed. 
77061      INFO  main            d.u.i.k.p.i.AbstractProblemLoader Loading environment from /home/runner/work/key/key/key.core/../key.ui/examples/heap/model_methods/CellTest_test2.key.proof 
77062      DEBUG main            d.u.i.k.p.i.AbstractProblemLoader Environment load took 424.3ns 
77065      INFO  main            d.u.i.k.p.i.AbstractProblemLoader Creating init config 
80443      DEBUG main            d.u.i.k.p.i.AbstractProblemLoader Init config took 3.38s 
80503      INFO  main            d.u.i.k.p.i.AbstractProblemLoader Replaying proof CellTest[CellTest::test2(Cell)].JML operation contract.0 
80635      DEBUG main            d.u.i.k.p.i.IntermediateProofReplayer Proof replay took 127.74ms 
80636      DEBUG main            d.u.i.k.p.r.p.TestFile    ... success: reloaded. 
80638      INFO  main            d.u.i.k.p.r.p.TestFile    Now processing file /home/runner/work/key/key/key.core/../key.ui/examples/heap/model_methods/CellTest_test.key 
80639      INFO  main            d.u.i.k.p.i.AbstractProblemLoader Loading environment from /home/runner/work/key/key/key.core/../key.ui/examples/heap/model_methods/CellTest_test.key 
80639      DEBUG main            d.u.i.k.p.i.AbstractProblemLoader Environment load took 227.9ns 
80640      INFO  main            d.u.i.k.p.i.AbstractProblemLoader Creating init config 
84128      DEBUG main            d.u.i.k.p.i.AbstractProblemLoader Init config took 3.49s 
84199      INFO  main            d.u.i.k.p.i.AbstractProblemLoader Replaying proof CellTest[CellTest::test(Recell)].JML operation contract.0 
84201      DEBUG main            d.u.i.k.p.i.IntermediateProofReplayer Proof replay took 8.4ns 
87219      INFO  main            d.u.i.k.p.r.p.TestFile    ... finished proof: closed. 
87574      INFO  main            d.u.i.k.p.i.AbstractProblemLoader Loading environment from /home/runner/work/key/key/key.core/../key.ui/examples/heap/model_methods/CellTest_test.key.proof 
87574      DEBUG main            d.u.i.k.p.i.AbstractProblemLoader Environment load took 249.3ns 
87576      INFO  main            d.u.i.k.p.i.AbstractProblemLoader Creating init config 
91052      DEBUG main            d.u.i.k.p.i.AbstractProblemLoader Init config took 3.48s 
91110      INFO  main            d.u.i.k.p.i.AbstractProblemLoader Replaying proof CellTest[CellTest::test(Recell)].JML operation contract.0 
91962      DEBUG main            d.u.i.k.p.i.IntermediateProofReplayer Proof replay took 828.26ms 
91964      DEBUG main            d.u.i.k.p.r.p.TestFile    ... success: reloaded. 
91965      INFO  main            d.u.i.k.p.r.p.TestFile    Now processing file /home/runner/work/key/key/key.core/../key.ui/examples/heap/model_methods/Coll1_add.key 
91966      INFO  main            d.u.i.k.p.i.AbstractProblemLoader Loading environment from /home/runner/work/key/key/key.core/../key.ui/examples/heap/model_methods/Coll1_add.key 
91966      DEBUG main            d.u.i.k.p.i.AbstractProblemLoader Environment load took 232ns 
91967      INFO  main            d.u.i.k.p.i.AbstractProblemLoader Creating init config 
95425      DEBUG main            d.u.i.k.p.i.AbstractProblemLoader Init config took 3.46s 
95481      INFO  main            d.u.i.k.p.i.AbstractProblemLoader Replaying proof Coll1[Coll::add(int)].JML operation contract.0 
95483      DEBUG main            d.u.i.k.p.i.IntermediateProofReplayer Proof replay took 7.9ns 
95585      INFO  main            d.u.i.k.p.r.p.TestFile    ... finished proof: closed. 
95846      INFO  main            d.u.i.k.p.i.AbstractProblemLoader Loading environment from /home/runner/work/key/key/key.core/../key.ui/examples/heap/model_methods/Coll1_add.key.proof 
95846      DEBUG main            d.u.i.k.p.i.AbstractProblemLoader Environment load took 155.8ns 
95847      INFO  main            d.u.i.k.p.i.AbstractProblemLoader Creating init config 
99345      DEBUG main            d.u.i.k.p.i.AbstractProblemLoader Init config took 3.5s 
99403      INFO  main            d.u.i.k.p.i.AbstractProblemLoader Replaying proof Coll1[Coll::add(int)].JML operation contract.0 
99418      DEBUG main            d.u.i.k.p.i.IntermediateProofReplayer Proof replay took 12.65ms 
99420      DEBUG main            d.u.i.k.p.r.p.TestFile    ... success: reloaded. 
99423      INFO  main            d.u.i.k.p.r.p.TestFile    Now processing file /home/runner/work/key/key/key.core/../key.ui/examples/heap/model_methods/Coll1_Coll1_add_pre.key 
99423      INFO  main            d.u.i.k.p.i.AbstractProblemLoader Loading environment from /home/runner/work/key/key/key.core/../key.ui/examples/heap/model_methods/Coll1_Coll1_add_pre.key 
99424      DEBUG main            d.u.i.k.p.i.AbstractProblemLoader Environment load took 243.1ns 
99427      INFO  main            d.u.i.k.p.i.AbstractProblemLoader Creating init config 
103071     DEBUG main            d.u.i.k.p.i.AbstractProblemLoader Init config took 3.64s 
103125     INFO  main            d.u.i.k.p.i.AbstractProblemLoader Replaying proof Coll1[Coll1::add_pre(int)].JML model_behavior operation contract.0 
103127     DEBUG main            d.u.i.k.p.i.IntermediateProofReplayer Proof replay took 9.2ns 
103229     INFO  main            d.u.i.k.p.r.p.TestFile    ... finished proof: closed. 
103492     INFO  main            d.u.i.k.p.i.AbstractProblemLoader Loading environment from /home/runner/work/key/key/key.core/../key.ui/examples/heap/model_methods/Coll1_Coll1_add_pre.key.proof 
103492     DEBUG main            d.u.i.k.p.i.AbstractProblemLoader Environment load took 187.3ns 
103493     INFO  main            d.u.i.k.p.i.AbstractProblemLoader Creating init config 
106845     DEBUG main            d.u.i.k.p.i.AbstractProblemLoader Init config took 3.35s 
106899     INFO  main            d.u.i.k.p.i.AbstractProblemLoader Replaying proof Coll1[Coll1::add_pre(int)].JML model_behavior operation contract.0 
106903     DEBUG main            d.u.i.k.p.i.IntermediateProofReplayer Proof replay took 2.6ms 
106905     DEBUG main            d.u.i.k.p.r.p.TestFile    ... success: reloaded. 
106906     INFO  main            d.u.i.k.p.r.p.TestFile    Now processing file /home/runner/work/key/key/key.core/../key.ui/examples/heap/model_methods/Coll1_Coll_add_pre.key 
106906     INFO  main            d.u.i.k.p.i.AbstractProblemLoader Loading environment from /home/runner/work/key/key/key.core/../key.ui/examples/heap/model_methods/Coll1_Coll_add_pre.key 
106907     DEBUG main            d.u.i.k.p.i.AbstractProblemLoader Environment load took 137.7ns 
106908     INFO  main            d.u.i.k.p.i.AbstractProblemLoader Creating init config 
110352     DEBUG main            d.u.i.k.p.i.AbstractProblemLoader Init config took 3.44s 
110405     INFO  main            d.u.i.k.p.i.AbstractProblemLoader Replaying proof Coll1[Coll::add_pre(int)].JML model_behavior operation contract.0 
110407     DEBUG main            d.u.i.k.p.i.IntermediateProofReplayer Proof replay took 9.8ns 
110510     INFO  main            d.u.i.k.p.r.p.TestFile    ... finished proof: closed. 
110783     INFO  main            d.u.i.k.p.i.AbstractProblemLoader Loading environment from /home/runner/work/key/key/key.core/../key.ui/examples/heap/model_methods/Coll1_Coll_add_pre.key.proof 
110783     DEBUG main            d.u.i.k.p.i.AbstractProblemLoader Environment load took 150.2ns 
110785     INFO  main            d.u.i.k.p.i.AbstractProblemLoader Creating init config 
114186     DEBUG main            d.u.i.k.p.i.AbstractProblemLoader Init config took 3.4s 
114250     INFO  main            d.u.i.k.p.i.AbstractProblemLoader Replaying proof Coll1[Coll::add_pre(int)].JML model_behavior operation contract.0 
114255     DEBUG main            d.u.i.k.p.i.IntermediateProofReplayer Proof replay took 3.08ms 
114257     DEBUG main            d.u.i.k.p.r.p.TestFile    ... success: reloaded. 
114258     INFO  main            d.u.i.k.p.r.p.TestFile    Now processing file /home/runner/work/key/key/key.core/../key.ui/examples/heap/model_methods/Coll2_add.key 
114259     INFO  main            d.u.i.k.p.i.AbstractProblemLoader Loading environment from /home/runner/work/key/key/key.core/../key.ui/examples/heap/model_methods/Coll2_add.key 
114259     DEBUG main            d.u.i.k.p.i.AbstractProblemLoader Environment load took 220.7ns 
114260     INFO  main            d.u.i.k.p.i.AbstractProblemLoader Creating init config 
117699     DEBUG main            d.u.i.k.p.i.AbstractProblemLoader Init config took 3.44s 
117752     INFO  main            d.u.i.k.p.i.AbstractProblemLoader Replaying proof Coll2[Coll::add(int)].JML operation contract.0 
117754     DEBUG main            d.u.i.k.p.i.IntermediateProofReplayer Proof replay took 8.5ns 
117856     INFO  main            d.u.i.k.p.r.p.TestFile    ... finished proof: closed. 
118128     INFO  main            d.u.i.k.p.i.AbstractProblemLoader Loading environment from /home/runner/work/key/key/key.core/../key.ui/examples/heap/model_methods/Coll2_add.key.proof 
118128     DEBUG main            d.u.i.k.p.i.AbstractProblemLoader Environment load took 154.6ns 
118129     INFO  main            d.u.i.k.p.i.AbstractProblemLoader Creating init config 
121437     DEBUG main            d.u.i.k.p.i.AbstractProblemLoader Init config took 3.31s 
121489     INFO  main            d.u.i.k.p.i.AbstractProblemLoader Replaying proof Coll2[Coll::add(int)].JML operation contract.0 
121499     DEBUG main            d.u.i.k.p.i.IntermediateProofReplayer Proof replay took 8.18ms 
121500     DEBUG main            d.u.i.k.p.r.p.TestFile    ... success: reloaded. 
121501     INFO  main            d.u.i.k.p.r.p.TestFile    Now processing file /home/runner/work/key/key/key.core/../key.ui/examples/heap/model_methods/Coll2_Coll2_add_pre.key 
121502     INFO  main            d.u.i.k.p.i.AbstractProblemLoader Loading environment from /home/runner/work/key/key/key.core/../key.ui/examples/heap/model_methods/Coll2_Coll2_add_pre.key 
121502     DEBUG main            d.u.i.k.p.i.AbstractProblemLoader Environment load took 123.9ns 
121503     INFO  main            d.u.i.k.p.i.AbstractProblemLoader Creating init config 
124854     DEBUG main            d.u.i.k.p.i.AbstractProblemLoader Init config took 3.35s 
124924     INFO  main            d.u.i.k.p.i.AbstractProblemLoader Replaying proof Coll2[Coll2::add_pre(int)].JML model_behavior operation contract.0 
124926     DEBUG main            d.u.i.k.p.i.IntermediateProofReplayer Proof replay took 7.6ns 
125034     INFO  main            d.u.i.k.p.r.p.TestFile    ... finished proof: closed. 
125302     INFO  main            d.u.i.k.p.i.AbstractProblemLoader Loading environment from /home/runner/work/key/key/key.core/../key.ui/examples/heap/model_methods/Coll2_Coll2_add_pre.key.proof 
125302     DEBUG main            d.u.i.k.p.i.AbstractProblemLoader Environment load took 137.4ns 
125304     INFO  main            d.u.i.k.p.i.AbstractProblemLoader Creating init config 
128621     DEBUG main            d.u.i.k.p.i.AbstractProblemLoader Init config took 3.32s 
128672     INFO  main            d.u.i.k.p.i.AbstractProblemLoader Replaying proof Coll2[Coll2::add_pre(int)].JML model_behavior operation contract.0 
128676     DEBUG main            d.u.i.k.p.i.IntermediateProofReplayer Proof replay took 2.5ms 
128677     DEBUG main            d.u.i.k.p.r.p.TestFile    ... success: reloaded. 
128679     INFO  main            d.u.i.k.p.r.p.TestFile    Now processing file /home/runner/work/key/key/key.core/../key.ui/examples/heap/model_methods/Coll2_Coll_add_pre.key 
128679     INFO  main            d.u.i.k.p.i.AbstractProblemLoader Loading environment from /home/runner/work/key/key/key.core/../key.ui/examples/heap/model_methods/Coll2_Coll_add_pre.key 
128679     DEBUG main            d.u.i.k.p.i.AbstractProblemLoader Environment load took 103.6ns 
128680     INFO  main            d.u.i.k.p.i.AbstractProblemLoader Creating init config 
132080     DEBUG main            d.u.i.k.p.i.AbstractProblemLoader Init config took 3.4s 
132132     INFO  main            d.u.i.k.p.i.AbstractProblemLoader Replaying proof Coll2[Coll::add_pre(int)].JML model_behavior operation contract.0 
132134     DEBUG main            d.u.i.k.p.i.IntermediateProofReplayer Proof replay took 8.5ns 
132236     INFO  main            d.u.i.k.p.r.p.TestFile    ... finished proof: closed. 
132549     INFO  main            d.u.i.k.p.i.AbstractProblemLoader Loading environment from /home/runner/work/key/key/key.core/../key.ui/examples/heap/model_methods/Coll2_Coll_add_pre.key.proof 
132550     DEBUG main            d.u.i.k.p.i.AbstractProblemLoader Environment load took 137.7ns 
132551     INFO  main            d.u.i.k.p.i.AbstractProblemLoader Creating init config 
135957     DEBUG main            d.u.i.k.p.i.AbstractProblemLoader Init config took 3.41s 
136007     INFO  main            d.u.i.k.p.i.AbstractProblemLoader Replaying proof Coll2[Coll::add_pre(int)].JML model_behavior operation contract.0 
136012     DEBUG main            d.u.i.k.p.i.IntermediateProofReplayer Proof replay took 2.97ms 
136013     DEBUG main            d.u.i.k.p.r.p.TestFile    ... success: reloaded. 
136015     INFO  main            d.u.i.k.p.r.p.TestFile    Now processing file /home/runner/work/key/key/key.core/../key.ui/examples/heap/model_methods/Coll_add.key 
136016     INFO  main            d.u.i.k.p.i.AbstractProblemLoader Loading environment from /home/runner/work/key/key/key.core/../key.ui/examples/heap/model_methods/Coll_add.key 
136016     DEBUG main            d.u.i.k.p.i.AbstractProblemLoader Environment load took 232.4ns 
136017     INFO  main            d.u.i.k.p.i.AbstractProblemLoader Creating init config 
139366     DEBUG main            d.u.i.k.p.i.AbstractProblemLoader Init config took 3.35s 
139416     INFO  main            d.u.i.k.p.i.AbstractProblemLoader Replaying proof Coll[Coll::add(int)].JML operation contract.0 
139418     DEBUG main            d.u.i.k.p.i.IntermediateProofReplayer Proof replay took 8.6ns 
139522     INFO  main            d.u.i.k.p.r.p.TestFile    ... finished proof: closed. 
139836     INFO  main            d.u.i.k.p.i.AbstractProblemLoader Loading environment from /home/runner/work/key/key/key.core/../key.ui/examples/heap/model_methods/Coll_add.key.proof 
139836     DEBUG main            d.u.i.k.p.i.AbstractProblemLoader Environment load took 179.4ns 
139837     INFO  main            d.u.i.k.p.i.AbstractProblemLoader Creating init config 
143079     DEBUG main            d.u.i.k.p.i.AbstractProblemLoader Init config took 3.24s 
143130     INFO  main            d.u.i.k.p.i.AbstractProblemLoader Replaying proof Coll[Coll::add(int)].JML operation contract.0 
143135     DEBUG main            d.u.i.k.p.i.IntermediateProofReplayer Proof replay took 3.01ms 
143137     DEBUG main            d.u.i.k.p.r.p.TestFile    ... success: reloaded. 
143139     INFO  main            d.u.i.k.p.r.p.TestFile    Now processing file /home/runner/work/key/key/key.core/../key.ui/examples/heap/model_methods/Coll_add_pre.key 
143140     INFO  main            d.u.i.k.p.i.AbstractProblemLoader Loading environment from /home/runner/work/key/key/key.core/../key.ui/examples/heap/model_methods/Coll_add_pre.key 
143141     DEBUG main            d.u.i.k.p.i.AbstractProblemLoader Environment load took 288.2ns 
143146     INFO  main            d.u.i.k.p.i.AbstractProblemLoader Creating init config 
146582     DEBUG main            d.u.i.k.p.i.AbstractProblemLoader Init config took 3.44s 
146633     INFO  main            d.u.i.k.p.i.AbstractProblemLoader Replaying proof Coll[Coll::add_pre(int)].JML model_behavior operation contract.0 
146635     DEBUG main            d.u.i.k.p.i.IntermediateProofReplayer Proof replay took 8.2ns 
146738     INFO  main            d.u.i.k.p.r.p.TestFile    ... finished proof: closed. 
147055     INFO  main            d.u.i.k.p.i.AbstractProblemLoader Loading environment from /home/runner/work/key/key/key.core/../key.ui/examples/heap/model_methods/Coll_add_pre.key.proof 
147055     DEBUG main            d.u.i.k.p.i.AbstractProblemLoader Environment load took 192.2ns 
147056     INFO  main            d.u.i.k.p.i.AbstractProblemLoader Creating init config 
150340     DEBUG main            d.u.i.k.p.i.AbstractProblemLoader Init config took 3.28s 
150401     INFO  main            d.u.i.k.p.i.AbstractProblemLoader Replaying proof Coll[Coll::add_pre(int)].JML model_behavior operation contract.0 
150408     DEBUG main            d.u.i.k.p.i.IntermediateProofReplayer Proof replay took 4.09ms 
150409     DEBUG main            d.u.i.k.p.r.p.TestFile    ... success: reloaded. 
150411     INFO  main            d.u.i.k.p.r.p.TestFile    Now processing file /home/runner/work/key/key/key.core/../key.ui/examples/heap/model_methods/Indirect_callAdd.key 
150411     INFO  main            d.u.i.k.p.i.AbstractProblemLoader Loading environment from /home/runner/work/key/key/key.core/../key.ui/examples/heap/model_methods/Indirect_callAdd.key 
150411     DEBUG main            d.u.i.k.p.i.AbstractProblemLoader Environment load took 122.9ns 
150412     INFO  main            d.u.i.k.p.i.AbstractProblemLoader Creating init config 
153799     DEBUG main            d.u.i.k.p.i.AbstractProblemLoader Init config took 3.39s 
153850     INFO  main            d.u.i.k.p.i.AbstractProblemLoader Replaying proof Indirect[Indirect::callAdd(Coll,int)].JML operation contract.0 
153852     DEBUG main            d.u.i.k.p.i.IntermediateProofReplayer Proof replay took 8.5ns 
154055     INFO  main            d.u.i.k.p.r.p.TestFile    ... finished proof: closed. 
154408     INFO  main            d.u.i.k.p.i.AbstractProblemLoader Loading environment from /home/runner/work/key/key/key.core/../key.ui/examples/heap/model_methods/Indirect_callAdd.key.proof 
154408     DEBUG main            d.u.i.k.p.i.AbstractProblemLoader Environment load took 141.6ns 
154409     INFO  main            d.u.i.k.p.i.AbstractProblemLoader Creating init config 
157680     DEBUG main            d.u.i.k.p.i.AbstractProblemLoader Init config took 3.27s 
157729     INFO  main            d.u.i.k.p.i.AbstractProblemLoader Replaying proof Indirect[Indirect::callAdd(Coll,int)].JML operation contract.0 
157768     DEBUG main            d.u.i.k.p.i.IntermediateProofReplayer Proof replay took 35.9ms 
157769     DEBUG main            d.u.i.k.p.r.p.TestFile    ... success: reloaded. 
157770     INFO  main            d.u.i.k.p.r.p.TestFile    Now processing file /home/runner/work/key/key/key.core/../key.ui/examples/heap/model_methods/Indirect_test.key 
157771     INFO  main            d.u.i.k.p.i.AbstractProblemLoader Loading environment from /home/runner/work/key/key/key.core/../key.ui/examples/heap/model_methods/Indirect_test.key 
157771     DEBUG main            d.u.i.k.p.i.AbstractProblemLoader Environment load took 107ns 
157772     INFO  main            d.u.i.k.p.i.AbstractProblemLoader Creating init config 
161158     DEBUG main            d.u.i.k.p.i.AbstractProblemLoader Init config took 3.39s 
161238     INFO  main            d.u.i.k.p.i.AbstractProblemLoader Replaying proof Indirect[Indirect::test(Coll1,Coll2)].JML operation contract.0 
161240     DEBUG main            d.u.i.k.p.i.IntermediateProofReplayer Proof replay took 8.7ns 
161544     INFO  main            d.u.i.k.p.r.p.TestFile    ... finished proof: closed. 
161986     INFO  main            d.u.i.k.p.i.AbstractProblemLoader Loading environment from /home/runner/work/key/key/key.core/../key.ui/examples/heap/model_methods/Indirect_test.key.proof 
161986     DEBUG main            d.u.i.k.p.i.AbstractProblemLoader Environment load took 127ns 
161988     INFO  main            d.u.i.k.p.i.AbstractProblemLoader Creating init config 
165255     DEBUG main            d.u.i.k.p.i.AbstractProblemLoader Init config took 3.27s 
165305     INFO  main            d.u.i.k.p.i.AbstractProblemLoader Replaying proof Indirect[Indirect::test(Coll1,Coll2)].JML operation contract.0 
165381     DEBUG main            d.u.i.k.p.i.IntermediateProofReplayer Proof replay took 71.05ms 
165383     DEBUG main            d.u.i.k.p.r.p.TestFile    ... success: reloaded. 
165385     INFO  main            d.u.i.k.p.r.p.TestFile    Now processing file /home/runner/work/key/key/key.core/../key.ui/examples/heap/model_methods/Recell_Cell_footprint.key 
165386     INFO  main            d.u.i.k.p.i.AbstractProblemLoader Loading environment from /home/runner/work/key/key/key.core/../key.ui/examples/heap/model_methods/Recell_Cell_footprint.key 
165386     DEBUG main            d.u.i.k.p.i.AbstractProblemLoader Environment load took 245ns 
165387     INFO  main            d.u.i.k.p.i.AbstractProblemLoader Creating init config 
168750     DEBUG main            d.u.i.k.p.i.AbstractProblemLoader Init config took 3.36s 
168799     INFO  main            d.u.i.k.p.i.AbstractProblemLoader Replaying proof Recell[Cell::footprint()].JML model_behavior operation contract.0 
168801     DEBUG main            d.u.i.k.p.i.IntermediateProofReplayer Proof replay took 8.8ns 
168904     INFO  main            d.u.i.k.p.r.p.TestFile    ... finished proof: closed. 
169236     INFO  main            d.u.i.k.p.i.AbstractProblemLoader Loading environment from /home/runner/work/key/key/key.core/../key.ui/examples/heap/model_methods/Recell_Cell_footprint.key.proof 
169236     DEBUG main            d.u.i.k.p.i.AbstractProblemLoader Environment load took 128.9ns 
169237     INFO  main            d.u.i.k.p.i.AbstractProblemLoader Creating init config 
172535     DEBUG main            d.u.i.k.p.i.AbstractProblemLoader Init config took 3.3s 
172587     INFO  main            d.u.i.k.p.i.AbstractProblemLoader Replaying proof Recell[Cell::footprint()].JML model_behavior operation contract.0 
172594     DEBUG main            d.u.i.k.p.i.IntermediateProofReplayer Proof replay took 4.57ms 
172595     DEBUG main            d.u.i.k.p.r.p.TestFile    ... success: reloaded. 
172596     INFO  main            d.u.i.k.p.r.p.TestFile    Now processing file /home/runner/work/key/key/key.core/../key.ui/examples/heap/model_methods/Recell_Cell_post_set.key 
172596     INFO  main            d.u.i.k.p.i.AbstractProblemLoader Loading environment from /home/runner/work/key/key/key.core/../key.ui/examples/heap/model_methods/Recell_Cell_post_set.key 
172597     DEBUG main            d.u.i.k.p.i.AbstractProblemLoader Environment load took 89.2ns 
172598     INFO  main            d.u.i.k.p.i.AbstractProblemLoader Creating init config 
176130     DEBUG main            d.u.i.k.p.i.AbstractProblemLoader Init config took 3.53s 
176180     INFO  main            d.u.i.k.p.i.AbstractProblemLoader Replaying proof Recell[Cell::post_set(int)].JML model_behavior operation contract.0 
176182     DEBUG main            d.u.i.k.p.i.IntermediateProofReplayer Proof replay took 8.7ns 
176284     INFO  main            d.u.i.k.p.r.p.TestFile    ... finished proof: closed. 
176633     INFO  main            d.u.i.k.p.i.AbstractProblemLoader Loading environment from /home/runner/work/key/key/key.core/../key.ui/examples/heap/model_methods/Recell_Cell_post_set.key.proof 
176633     DEBUG main            d.u.i.k.p.i.AbstractProblemLoader Environment load took 147.3ns 
176634     INFO  main            d.u.i.k.p.i.AbstractProblemLoader Creating init config 
179984     DEBUG main            d.u.i.k.p.i.AbstractProblemLoader Init config took 3.35s 
180033     INFO  main            d.u.i.k.p.i.AbstractProblemLoader Replaying proof Recell[Cell::post_set(int)].JML model_behavior operation contract.0 
180042     DEBUG main            d.u.i.k.p.i.IntermediateProofReplayer Proof replay took 6.61ms 
180043     DEBUG main            d.u.i.k.p.r.p.TestFile    ... success: reloaded. 
180044     INFO  main            d.u.i.k.p.r.p.TestFile    Now processing file /home/runner/work/key/key/key.core/../key.ui/examples/heap/model_methods/Recell_footprint_acc.key 
180044     INFO  main            d.u.i.k.p.i.AbstractProblemLoader Loading environment from /home/runner/work/key/key/key.core/../key.ui/examples/heap/model_methods/Recell_footprint_acc.key 
180045     DEBUG main            d.u.i.k.p.i.AbstractProblemLoader Environment load took 112.2ns 
180046     INFO  main            d.u.i.k.p.i.AbstractProblemLoader Creating init config 
183402     DEBUG main            d.u.i.k.p.i.AbstractProblemLoader Init config took 3.36s 
183451     INFO  main            d.u.i.k.p.i.AbstractProblemLoader Replaying proof Recell[Cell::footprint()].JML accessible clause.0 
183453     DEBUG main            d.u.i.k.p.i.IntermediateProofReplayer Proof replay took 8.2ns 
183561     INFO  main            d.u.i.k.p.r.p.TestFile    ... finished proof: closed. 
183926     INFO  main            d.u.i.k.p.i.AbstractProblemLoader Loading environment from /home/runner/work/key/key/key.core/../key.ui/examples/heap/model_methods/Recell_footprint_acc.key.proof 
183926     DEBUG main            d.u.i.k.p.i.AbstractProblemLoader Environment load took 196.5ns 
183928     INFO  main            d.u.i.k.p.i.AbstractProblemLoader Creating init config 
187136     DEBUG main            d.u.i.k.p.i.AbstractProblemLoader Init config took 3.21s 
187184     INFO  main            d.u.i.k.p.i.AbstractProblemLoader Replaying proof Recell[Cell::footprint()].JML accessible clause.0 
187210     DEBUG main            d.u.i.k.p.i.IntermediateProofReplayer Proof replay took 22.77ms 
187211     DEBUG main            d.u.i.k.p.r.p.TestFile    ... success: reloaded. 
187213     INFO  main            d.u.i.k.p.r.p.TestFile    Now processing file /home/runner/work/key/key/key.core/../key.ui/examples/heap/model_methods/Recell_get_acc.key 
187213     INFO  main            d.u.i.k.p.i.AbstractProblemLoader Loading environment from /home/runner/work/key/key/key.core/../key.ui/examples/heap/model_methods/Recell_get_acc.key 
187213     DEBUG main            d.u.i.k.p.i.AbstractProblemLoader Environment load took 86.7ns 
187214     INFO  main            d.u.i.k.p.i.AbstractProblemLoader Creating init config 
190466     DEBUG main            d.u.i.k.p.i.AbstractProblemLoader Init config took 3.25s 
190515     INFO  main            d.u.i.k.p.i.AbstractProblemLoader Replaying proof Recell[Cell::get()].JML accessible clause.0 
190517     DEBUG main            d.u.i.k.p.i.IntermediateProofReplayer Proof replay took 7.5ns 
190620     INFO  main            d.u.i.k.p.r.p.TestFile    ... finished proof: closed. 
190987     INFO  main            d.u.i.k.p.i.AbstractProblemLoader Loading environment from /home/runner/work/key/key/key.core/../key.ui/examples/heap/model_methods/Recell_get_acc.key.proof 
190987     DEBUG main            d.u.i.k.p.i.AbstractProblemLoader Environment load took 130.3ns 
190988     INFO  main            d.u.i.k.p.i.AbstractProblemLoader Creating init config 
194362     DEBUG main            d.u.i.k.p.i.AbstractProblemLoader Init config took 3.37s 
194411     INFO  main            d.u.i.k.p.i.AbstractProblemLoader Replaying proof Recell[Cell::get()].JML accessible clause.0 
194439     DEBUG main            d.u.i.k.p.i.IntermediateProofReplayer Proof replay took 24.72ms 
194440     DEBUG main            d.u.i.k.p.r.p.TestFile    ... success: reloaded. 
194441     INFO  main            d.u.i.k.p.r.p.TestFile    Now processing file /home/runner/work/key/key/key.core/../key.ui/examples/heap/model_methods/Recell_get.key 
194441     INFO  main            d.u.i.k.p.i.AbstractProblemLoader Loading environment from /home/runner/work/key/key/key.core/../key.ui/examples/heap/model_methods/Recell_get.key 
194441     DEBUG main            d.u.i.k.p.i.AbstractProblemLoader Environment load took 86.5ns 
194442     INFO  main            d.u.i.k.p.i.AbstractProblemLoader Creating init config 
197802     DEBUG main            d.u.i.k.p.i.AbstractProblemLoader Init config took 3.36s 
197852     INFO  main            d.u.i.k.p.i.AbstractProblemLoader Replaying proof Recell[Cell::get()].JML operation contract.0 
197855     DEBUG main            d.u.i.k.p.i.IntermediateProofReplayer Proof replay took 8.4ns 
197958     INFO  main            d.u.i.k.p.r.p.TestFile    ... finished proof: closed. 
198326     INFO  main            d.u.i.k.p.i.AbstractProblemLoader Loading environment from /home/runner/work/key/key/key.core/../key.ui/examples/heap/model_methods/Recell_get.key.proof 
198326     DEBUG main            d.u.i.k.p.i.AbstractProblemLoader Environment load took 146.8ns 
198328     INFO  main            d.u.i.k.p.i.AbstractProblemLoader Creating init config 
201563     DEBUG main            d.u.i.k.p.i.AbstractProblemLoader Init config took 3.24s 
201611     INFO  main            d.u.i.k.p.i.AbstractProblemLoader Replaying proof Recell[Cell::get()].JML operation contract.0 
201628     DEBUG main            d.u.i.k.p.i.IntermediateProofReplayer Proof replay took 14.63ms 
201630     DEBUG main            d.u.i.k.p.r.p.TestFile    ... success: reloaded. 
201631     INFO  main            d.u.i.k.p.r.p.TestFile    Now processing file /home/runner/work/key/key/key.core/../key.ui/examples/heap/model_methods/Recell_Recell_footprint.key 
201632     INFO  main            d.u.i.k.p.i.AbstractProblemLoader Loading environment from /home/runner/work/key/key/key.core/../key.ui/examples/heap/model_methods/Recell_Recell_footprint.key 
201632     DEBUG main            d.u.i.k.p.i.AbstractProblemLoader Environment load took 278.1ns 
201633     INFO  main            d.u.i.k.p.i.AbstractProblemLoader Creating init config 
205015     DEBUG main            d.u.i.k.p.i.AbstractProblemLoader Init config took 3.38s 
205068     INFO  main            d.u.i.k.p.i.AbstractProblemLoader Replaying proof Recell[Recell::footprint()].JML model_behavior operation contract.0 
205070     DEBUG main            d.u.i.k.p.i.IntermediateProofReplayer Proof replay took 7.9ns 
205172     INFO  main            d.u.i.k.p.r.p.TestFile    ... finished proof: closed. 
205534     INFO  main            d.u.i.k.p.i.AbstractProblemLoader Loading environment from /home/runner/work/key/key/key.core/../key.ui/examples/heap/model_methods/Recell_Recell_footprint.key.proof 
205534     DEBUG main            d.u.i.k.p.i.AbstractProblemLoader Environment load took 131.2ns 
205535     INFO  main            d.u.i.k.p.i.AbstractProblemLoader Creating init config 
208733     DEBUG main            d.u.i.k.p.i.AbstractProblemLoader Init config took 3.2s 
208786     INFO  main            d.u.i.k.p.i.AbstractProblemLoader Replaying proof Recell[Recell::footprint()].JML model_behavior operation contract.0 
208790     DEBUG main            d.u.i.k.p.i.IntermediateProofReplayer Proof replay took 1.95ms 
208791     DEBUG main            d.u.i.k.p.r.p.TestFile    ... success: reloaded. 
208793     INFO  main            d.u.i.k.p.r.p.TestFile    Now processing file /home/runner/work/key/key/key.core/../key.ui/examples/heap/model_methods/Recell_Recell_post_set.key 
208793     INFO  main            d.u.i.k.p.i.AbstractProblemLoader Loading environment from /home/runner/work/key/key/key.core/../key.ui/examples/heap/model_methods/Recell_Recell_post_set.key 
208793     DEBUG main            d.u.i.k.p.i.AbstractProblemLoader Environment load took 240ns 
208794     INFO  main            d.u.i.k.p.i.AbstractProblemLoader Creating init config 
212150     DEBUG main            d.u.i.k.p.i.AbstractProblemLoader Init config took 3.36s 
212198     INFO  main            d.u.i.k.p.i.AbstractProblemLoader Replaying proof Recell[Recell::post_set(int)].JML model_behavior operation contract.0 
212200     DEBUG main            d.u.i.k.p.i.IntermediateProofReplayer Proof replay took 9.2ns 
212302     INFO  main            d.u.i.k.p.r.p.TestFile    ... finished proof: closed. 
212673     INFO  main            d.u.i.k.p.i.AbstractProblemLoader Loading environment from /home/runner/work/key/key/key.core/../key.ui/examples/heap/model_methods/Recell_Recell_post_set.key.proof 
212673     DEBUG main            d.u.i.k.p.i.AbstractProblemLoader Environment load took 124.7ns 
212674     INFO  main            d.u.i.k.p.i.AbstractProblemLoader Creating init config 
215950     DEBUG main            d.u.i.k.p.i.AbstractProblemLoader Init config took 3.28s 
215999     INFO  main            d.u.i.k.p.i.AbstractProblemLoader Replaying proof Recell[Recell::post_set(int)].JML model_behavior operation contract.0 
216004     DEBUG main            d.u.i.k.p.i.IntermediateProofReplayer Proof replay took 3.39ms 
216006     DEBUG main            d.u.i.k.p.r.p.TestFile    ... success: reloaded. 
216007     INFO  main            d.u.i.k.p.r.p.TestFile    Now processing file /home/runner/work/key/key/key.core/../key.ui/examples/heap/model_methods/Recell_set.key 
216007     INFO  main            d.u.i.k.p.i.AbstractProblemLoader Loading environment from /home/runner/work/key/key/key.core/../key.ui/examples/heap/model_methods/Recell_set.key 
216007     DEBUG main            d.u.i.k.p.i.AbstractProblemLoader Environment load took 195.2ns 
216009     INFO  main            d.u.i.k.p.i.AbstractProblemLoader Creating init config 
219316     DEBUG main            d.u.i.k.p.i.AbstractProblemLoader Init config took 3.31s 
219363     INFO  main            d.u.i.k.p.i.AbstractProblemLoader Replaying proof Recell[Cell::set(int)].JML operation contract.0 
219365     DEBUG main            d.u.i.k.p.i.IntermediateProofReplayer Proof replay took 8.6ns 
226993     INFO  main            d.u.i.k.p.r.p.TestFile    ... finished proof: closed. 
227413     INFO  main            d.u.i.k.p.i.AbstractProblemLoader Loading environment from /home/runner/work/key/key/key.core/../key.ui/examples/heap/model_methods/Recell_set.key.proof 
227414     DEBUG main            d.u.i.k.p.i.AbstractProblemLoader Environment load took 324.8ns 
227415     INFO  main            d.u.i.k.p.i.AbstractProblemLoader Creating init config 
230557     DEBUG main            d.u.i.k.p.i.AbstractProblemLoader Init config took 3.14s 
230606     INFO  main            d.u.i.k.p.i.AbstractProblemLoader Replaying proof Recell[Cell::set(int)].JML operation contract.0 
231304     DEBUG main            d.u.i.k.p.i.IntermediateProofReplayer Proof replay took 662.4ms 
231306     DEBUG main            d.u.i.k.p.r.p.TestFile    ... success: reloaded. 
231307     INFO  main            d.u.i.k.p.r.p.TestFile    Now processing file /home/runner/work/key/key/key.core/../key.ui/examples/heap/model_methods/Recell_undo.key 
231307     INFO  main            d.u.i.k.p.i.AbstractProblemLoader Loading environment from /home/runner/work/key/key/key.core/../key.ui/examples/heap/model_methods/Recell_undo.key 
231307     DEBUG main            d.u.i.k.p.i.AbstractProblemLoader Environment load took 112.2ns 
231308     INFO  main            d.u.i.k.p.i.AbstractProblemLoader Creating init config 
234687     DEBUG main            d.u.i.k.p.i.AbstractProblemLoader Init config took 3.38s 
234733     INFO  main            d.u.i.k.p.i.AbstractProblemLoader Replaying proof Recell[Recell::undo()].JML operation contract.0 
234735     DEBUG main            d.u.i.k.p.i.IntermediateProofReplayer Proof replay took 8.8ns 
234942     INFO  main            d.u.i.k.p.r.p.TestFile    ... finished proof: closed. 
235343     INFO  main            d.u.i.k.p.i.AbstractProblemLoader Loading environment from /home/runner/work/key/key/key.core/../key.ui/examples/heap/model_methods/Recell_undo.key.proof 
235343     DEBUG main            d.u.i.k.p.i.AbstractProblemLoader Environment load took 116.2ns 
235344     INFO  main            d.u.i.k.p.i.AbstractProblemLoader Creating init config 
238732     DEBUG main            d.u.i.k.p.i.AbstractProblemLoader Init config took 3.39s 
238783     INFO  main            d.u.i.k.p.i.AbstractProblemLoader Replaying proof Recell[Recell::undo()].JML operation contract.0 
238836     DEBUG main            d.u.i.k.p.i.IntermediateProofReplayer Proof replay took 47.59ms 
238838     DEBUG main            d.u.i.k.p.r.p.TestFile    ... success: reloaded. 
5779519    INFO  Test worker     d.u.i.k.p.r.p.StatisticsFile Returning from test modelMethods 
5779522    INFO  Test worker     d.u.i.k.p.r.p.StatisticsFile Running test permissionHeap 
576        INFO  Timeout watchdog d.u.i.k.p.r.p.ForkedTestFileRunner Timeout watcher launched (2000 secs.) 
601        WARN  main            d.u.i.k.s.ProofSettings   The settings in /home/runner/.key/proof-settings.props are *not* read. 
664        INFO  main            d.u.i.k.p.r.p.TestFile    Now processing file /home/runner/work/key/key/key.core/../key.ui/examples/heap/permissions/permissions_method0.key 
877        INFO  main            d.u.i.k.p.i.AbstractProblemLoader Loading environment from /home/runner/work/key/key/key.core/../key.ui/examples/heap/permissions/permissions_method0.key 
921        DEBUG main            d.u.i.k.p.i.AbstractProblemLoader Environment load took 2.42ms 
1246       INFO  main            d.u.i.k.p.i.AbstractProblemLoader Creating init config 
2627       DEBUG main            d.u.i.k.j.TypeConverter   No LDT found for Meta 
2627       DEBUG main            d.u.i.k.j.TypeConverter   No LDT found for Meta 
2632       DEBUG main            d.u.i.k.j.TypeConverter   No LDT found for Meta 
2632       DEBUG main            d.u.i.k.j.TypeConverter   No LDT found for Meta 
4651       DEBUG main            d.u.i.k.j.TypeConverter   No LDT found for JavaBigintExpression 
12039      DEBUG main            d.u.i.k.p.i.AbstractProblemLoader Init config took 10.79s 
12199      INFO  main            d.u.i.k.p.i.AbstractProblemLoader Replaying proof MyClass[MyClass::method0()].JML normal_behavior operation contract.0 
12246      DEBUG main            d.u.i.k.p.i.IntermediateProofReplayer Proof replay took 73.7ns 
13582      INFO  main            d.u.i.k.p.r.p.TestFile    ... finished proof: closed. 
13755      INFO  main            d.u.i.k.p.i.AbstractProblemLoader Loading environment from /home/runner/work/key/key/key.core/../key.ui/examples/heap/permissions/permissions_method0.key.proof 
13756      DEBUG main            d.u.i.k.p.i.AbstractProblemLoader Environment load took 287.2ns 
13758      INFO  main            d.u.i.k.p.i.AbstractProblemLoader Creating init config 
17678      DEBUG main            d.u.i.k.p.i.AbstractProblemLoader Init config took 3.92s 
17773      INFO  main            d.u.i.k.p.i.AbstractProblemLoader Replaying proof MyClass[MyClass::method0()].JML normal_behavior operation contract.0 
18016      DEBUG main            d.u.i.k.p.i.IntermediateProofReplayer Proof replay took 228.76ms 
18026      DEBUG main            d.u.i.k.p.r.p.TestFile    ... success: reloaded. 
18028      INFO  main            d.u.i.k.p.r.p.TestFile    Now processing file /home/runner/work/key/key/key.core/../key.ui/examples/heap/permissions/permissions_method1.key 
18028      INFO  main            d.u.i.k.p.i.AbstractProblemLoader Loading environment from /home/runner/work/key/key/key.core/../key.ui/examples/heap/permissions/permissions_method1.key 
18029      DEBUG main            d.u.i.k.p.i.AbstractProblemLoader Environment load took 285.6ns 
18031      INFO  main            d.u.i.k.p.i.AbstractProblemLoader Creating init config 
21844      DEBUG main            d.u.i.k.p.i.AbstractProblemLoader Init config took 3.81s 
21923      INFO  main            d.u.i.k.p.i.AbstractProblemLoader Replaying proof MyClass[MyClass::method1()].JML normal_behavior operation contract.0 
21927      DEBUG main            d.u.i.k.p.i.IntermediateProofReplayer Proof replay took 8.3ns 
22331      INFO  main            d.u.i.k.p.r.p.TestFile    ... finished proof: closed. 
22519      INFO  main            d.u.i.k.p.i.AbstractProblemLoader Loading environment from /home/runner/work/key/key/key.core/../key.ui/examples/heap/permissions/permissions_method1.key.proof 
22520      DEBUG main            d.u.i.k.p.i.AbstractProblemLoader Environment load took 953.89ns 
22523      INFO  main            d.u.i.k.p.i.AbstractProblemLoader Creating init config 
26066      DEBUG main            d.u.i.k.p.i.AbstractProblemLoader Init config took 3.54s 
26133      INFO  main            d.u.i.k.p.i.AbstractProblemLoader Replaying proof MyClass[MyClass::method1()].JML normal_behavior operation contract.0 
26249      DEBUG main            d.u.i.k.p.i.IntermediateProofReplayer Proof replay took 112.02ms 
26250      DEBUG main            d.u.i.k.p.r.p.TestFile    ... success: reloaded. 
26252      INFO  main            d.u.i.k.p.r.p.TestFile    Now processing file /home/runner/work/key/key/key.core/../key.ui/examples/heap/permissions/permissions_method3.key 
26252      INFO  main            d.u.i.k.p.i.AbstractProblemLoader Loading environment from /home/runner/work/key/key/key.core/../key.ui/examples/heap/permissions/permissions_method3.key 
26253      DEBUG main            d.u.i.k.p.i.AbstractProblemLoader Environment load took 288.8ns 
26255      INFO  main            d.u.i.k.p.i.AbstractProblemLoader Creating init config 
29858      DEBUG main            d.u.i.k.p.i.AbstractProblemLoader Init config took 3.6s 
29933      INFO  main            d.u.i.k.p.i.AbstractProblemLoader Replaying proof MyClass[MyClass::method3()].JML normal_behavior operation contract.0 
29936      DEBUG main            d.u.i.k.p.i.IntermediateProofReplayer Proof replay took 22.7ns 
31958      INFO  main            d.u.i.k.p.r.p.TestFile    ... finished proof: closed. 
32182      INFO  main            d.u.i.k.p.i.AbstractProblemLoader Loading environment from /home/runner/work/key/key/key.core/../key.ui/examples/heap/permissions/permissions_method3.key.proof 
32182      DEBUG main            d.u.i.k.p.i.AbstractProblemLoader Environment load took 500ns 
32184      INFO  main            d.u.i.k.p.i.AbstractProblemLoader Creating init config 
35761      DEBUG main            d.u.i.k.p.i.AbstractProblemLoader Init config took 3.58s 
35822      INFO  main            d.u.i.k.p.i.AbstractProblemLoader Replaying proof MyClass[MyClass::method3()].JML normal_behavior operation contract.0 
36291      DEBUG main            d.u.i.k.p.i.IntermediateProofReplayer Proof replay took 452.89ms 
36293      DEBUG main            d.u.i.k.p.r.p.TestFile    ... success: reloaded. 
36295      INFO  main            d.u.i.k.p.r.p.TestFile    Now processing file /home/runner/work/key/key/key.core/../key.ui/examples/heap/permissions/permissions_setAB.key 
36296      INFO  main            d.u.i.k.p.i.AbstractProblemLoader Loading environment from /home/runner/work/key/key/key.core/../key.ui/examples/heap/permissions/permissions_setAB.key 
36296      DEBUG main            d.u.i.k.p.i.AbstractProblemLoader Environment load took 235.3ns 
36298      INFO  main            d.u.i.k.p.i.AbstractProblemLoader Creating init config 
39851      DEBUG main            d.u.i.k.p.i.AbstractProblemLoader Init config took 3.55s 
39909      INFO  main            d.u.i.k.p.i.AbstractProblemLoader Replaying proof MyClass[MyClass::setAB()].JML normal_behavior operation contract.0 
39912      DEBUG main            d.u.i.k.p.i.IntermediateProofReplayer Proof replay took 7.2ns 
41721      INFO  main            d.u.i.k.p.r.p.TestFile    ... finished proof: closed. 
41966      INFO  main            d.u.i.k.p.i.AbstractProblemLoader Loading environment from /home/runner/work/key/key/key.core/../key.ui/examples/heap/permissions/permissions_setAB.key.proof 
41967      DEBUG main            d.u.i.k.p.i.AbstractProblemLoader Environment load took 412.3ns 
41968      INFO  main            d.u.i.k.p.i.AbstractProblemLoader Creating init config 
45333      DEBUG main            d.u.i.k.p.i.AbstractProblemLoader Init config took 3.36s 
45402      INFO  main            d.u.i.k.p.i.AbstractProblemLoader Replaying proof MyClass[MyClass::setAB()].JML normal_behavior operation contract.0 
45712      DEBUG main            d.u.i.k.p.i.IntermediateProofReplayer Proof replay took 302.79ms 
45714      DEBUG main            d.u.i.k.p.r.p.TestFile    ... success: reloaded. 
45715      INFO  main            d.u.i.k.p.r.p.TestFile    Now processing file /home/runner/work/key/key/key.core/../key.ui/examples/heap/permissions/permissionProperties.key 
45716      INFO  main            d.u.i.k.p.i.AbstractProblemLoader Loading environment from /home/runner/work/key/key/key.core/../key.ui/examples/heap/permissions/permissionProperties.key 
45716      DEBUG main            d.u.i.k.p.i.AbstractProblemLoader Environment load took 209.7ns 
45718      INFO  main            d.u.i.k.p.i.AbstractProblemLoader Creating init config 
45907      DEBUG main            d.u.i.k.j.TypeConverter   No LDT found for Meta 
45908      DEBUG main            d.u.i.k.j.TypeConverter   No LDT found for Meta 
45909      DEBUG main            d.u.i.k.j.TypeConverter   No LDT found for Meta 
45910      DEBUG main            d.u.i.k.j.TypeConverter   No LDT found for Meta 
46866      DEBUG main            d.u.i.k.j.TypeConverter   No LDT found for JavaBigintExpression 
50599      DEBUG main            d.u.i.k.p.i.AbstractProblemLoader Init config took 4.88s 
50625      INFO  main            d.u.i.k.p.i.AbstractProblemLoader Replaying proof permissionProperties.key 
50628      DEBUG main            d.u.i.k.p.i.IntermediateProofReplayer Proof replay took 7.7ns 
50836      INFO  main            d.u.i.k.p.r.p.TestFile    ... finished proof: closed. 
51049      INFO  main            d.u.i.k.p.i.AbstractProblemLoader Loading environment from /home/runner/work/key/key/key.core/../key.ui/examples/heap/permissions/permissionProperties.key.proof 
51049      DEBUG main            d.u.i.k.p.i.AbstractProblemLoader Environment load took 453.3ns 
51051      INFO  main            d.u.i.k.p.i.AbstractProblemLoader Creating init config 
54240      DEBUG main            d.u.i.k.p.i.AbstractProblemLoader Init config took 3.19s 
54266      INFO  main            d.u.i.k.p.i.AbstractProblemLoader Replaying proof permissionProperties.key.proof 
54311      DEBUG main            d.u.i.k.p.i.IntermediateProofReplayer Proof replay took 41.74ms 
54312      DEBUG main            d.u.i.k.p.r.p.TestFile    ... success: reloaded. 
54314      INFO  main            d.u.i.k.p.r.p.TestFile    Now processing file /home/runner/work/key/key/key.core/../key.ui/examples/heap/permissions/threads/AFilter_AFilter.key 
54314      INFO  main            d.u.i.k.p.i.AbstractProblemLoader Loading environment from /home/runner/work/key/key/key.core/../key.ui/examples/heap/permissions/threads/AFilter_AFilter.key 
54315      DEBUG main            d.u.i.k.p.i.AbstractProblemLoader Environment load took 263.3ns 
54316      INFO  main            d.u.i.k.p.i.AbstractProblemLoader Creating init config 
54495      DEBUG main            d.u.i.k.j.TypeConverter   No LDT found for Meta 
54496      DEBUG main            d.u.i.k.j.TypeConverter   No LDT found for Meta 
54497      DEBUG main            d.u.i.k.j.TypeConverter   No LDT found for Meta 
54497      DEBUG main            d.u.i.k.j.TypeConverter   No LDT found for Meta 
55356      DEBUG main            d.u.i.k.j.TypeConverter   No LDT found for JavaBigintExpression 
62673      DEBUG main            d.u.i.k.p.i.AbstractProblemLoader Init config took 8.36s 
62815      INFO  main            d.u.i.k.p.i.AbstractProblemLoader Replaying proof AFilter[AFilter::AFilter(Sampler,Buffer)].JML normal_behavior operation contract.0 
62823      DEBUG main            d.u.i.k.p.i.IntermediateProofReplayer Proof replay took 24.5ns 
64295      INFO  main            d.u.i.k.p.r.p.TestFile    ... finished proof: closed. 
64652      INFO  main            d.u.i.k.p.i.AbstractProblemLoader Loading environment from /home/runner/work/key/key/key.core/../key.ui/examples/heap/permissions/threads/AFilter_AFilter.key.proof 
64654      DEBUG main            d.u.i.k.p.i.AbstractProblemLoader Environment load took 1.86ms 
64656      INFO  main            d.u.i.k.p.i.AbstractProblemLoader Creating init config 
70964      DEBUG main            d.u.i.k.p.i.AbstractProblemLoader Init config took 6.31s 
71105      INFO  main            d.u.i.k.p.i.AbstractProblemLoader Replaying proof AFilter[AFilter::AFilter(Sampler,Buffer)].JML normal_behavior operation contract.0 
71359      DEBUG main            d.u.i.k.p.i.IntermediateProofReplayer Proof replay took 248.14ms 
71360      DEBUG main            d.u.i.k.p.r.p.TestFile    ... success: reloaded. 
71362      INFO  main            d.u.i.k.p.r.p.TestFile    Now processing file /home/runner/work/key/key/key.core/../key.ui/examples/heap/permissions/threads/AFilter_initPost_accessible.key 
71362      INFO  main            d.u.i.k.p.i.AbstractProblemLoader Loading environment from /home/runner/work/key/key/key.core/../key.ui/examples/heap/permissions/threads/AFilter_initPost_accessible.key 
71362      DEBUG main            d.u.i.k.p.i.AbstractProblemLoader Environment load took 91.4ns 
71363      INFO  main            d.u.i.k.p.i.AbstractProblemLoader Creating init config 
77664      DEBUG main            d.u.i.k.p.i.AbstractProblemLoader Init config took 6.3s 
77789      INFO  main            d.u.i.k.p.i.AbstractProblemLoader Replaying proof AFilter[ThreadSpec2::initPost()].JML accessible clause.0 
77792      DEBUG main            d.u.i.k.p.i.IntermediateProofReplayer Proof replay took 8.9ns 
77895      INFO  main            d.u.i.k.p.r.p.TestFile    ... finished proof: closed. 
78239      INFO  main            d.u.i.k.p.i.AbstractProblemLoader Loading environment from /home/runner/work/key/key/key.core/../key.ui/examples/heap/permissions/threads/AFilter_initPost_accessible.key.proof 
78239      DEBUG main            d.u.i.k.p.i.AbstractProblemLoader Environment load took 203.7ns 
78240      INFO  main            d.u.i.k.p.i.AbstractProblemLoader Creating init config 
84440      DEBUG main            d.u.i.k.p.i.AbstractProblemLoader Init config took 6.2s 
84561      INFO  main            d.u.i.k.p.i.AbstractProblemLoader Replaying proof AFilter[ThreadSpec2::initPost()].JML accessible clause.0 
84584      DEBUG main            d.u.i.k.p.i.IntermediateProofReplayer Proof replay took 20.09ms 
84585      DEBUG main            d.u.i.k.p.r.p.TestFile    ... success: reloaded. 
84587      INFO  main            d.u.i.k.p.r.p.TestFile    Now processing file /home/runner/work/key/key/key.core/../key.ui/examples/heap/permissions/threads/AFilter_inv_accessible1.key 
84588      INFO  main            d.u.i.k.p.i.AbstractProblemLoader Loading environment from /home/runner/work/key/key/key.core/../key.ui/examples/heap/permissions/threads/AFilter_inv_accessible1.key 
84588      DEBUG main            d.u.i.k.p.i.AbstractProblemLoader Environment load took 199ns 
84589      INFO  main            d.u.i.k.p.i.AbstractProblemLoader Creating init config 
90849      DEBUG main            d.u.i.k.p.i.AbstractProblemLoader Init config took 6.26s 
90967      INFO  main            d.u.i.k.p.i.AbstractProblemLoader Replaying proof AFilter[java.lang.Object::<inv>()].JML accessible clause.0 
90970      DEBUG main            d.u.i.k.p.i.IntermediateProofReplayer Proof replay took 9.3ns 
91072      INFO  main            d.u.i.k.p.r.p.TestFile    ... finished proof: closed. 
91378      INFO  main            d.u.i.k.p.i.AbstractProblemLoader Loading environment from /home/runner/work/key/key/key.core/../key.ui/examples/heap/permissions/threads/AFilter_inv_accessible1.key.proof 
91378      DEBUG main            d.u.i.k.p.i.AbstractProblemLoader Environment load took 154.9ns 
91382      INFO  main            d.u.i.k.p.i.AbstractProblemLoader Creating init config 
97533      DEBUG main            d.u.i.k.p.i.AbstractProblemLoader Init config took 6.15s 
97667      INFO  main            d.u.i.k.p.i.AbstractProblemLoader Replaying proof AFilter[java.lang.Object::<inv>()].JML accessible clause.0 
97673      DEBUG main            d.u.i.k.p.i.IntermediateProofReplayer Proof replay took 3.64ms 
97674      DEBUG main            d.u.i.k.p.r.p.TestFile    ... success: reloaded. 
97675      INFO  main            d.u.i.k.p.r.p.TestFile    Now processing file /home/runner/work/key/key/key.core/../key.ui/examples/heap/permissions/threads/AFilter_inv_accessible2.key 
97676      INFO  main            d.u.i.k.p.i.AbstractProblemLoader Loading environment from /home/runner/work/key/key/key.core/../key.ui/examples/heap/permissions/threads/AFilter_inv_accessible2.key 
97676      DEBUG main            d.u.i.k.p.i.AbstractProblemLoader Environment load took 122.4ns 
97677      INFO  main            d.u.i.k.p.i.AbstractProblemLoader Creating init config 
103723     DEBUG main            d.u.i.k.p.i.AbstractProblemLoader Init config took 6.05s 
103864     INFO  main            d.u.i.k.p.i.AbstractProblemLoader Replaying proof AFilter[java.lang.Object::<inv>()].JML accessible clause.1 
103866     DEBUG main            d.u.i.k.p.i.IntermediateProofReplayer Proof replay took 9.5ns 
103969     INFO  main            d.u.i.k.p.r.p.TestFile    ... finished proof: closed. 
104249     INFO  main            d.u.i.k.p.i.AbstractProblemLoader Loading environment from /home/runner/work/key/key/key.core/../key.ui/examples/heap/permissions/threads/AFilter_inv_accessible2.key.proof 
104250     DEBUG main            d.u.i.k.p.i.AbstractProblemLoader Environment load took 193.4ns 
104251     INFO  main            d.u.i.k.p.i.AbstractProblemLoader Creating init config 
110281     DEBUG main            d.u.i.k.p.i.AbstractProblemLoader Init config took 6.03s 
110393     INFO  main            d.u.i.k.p.i.AbstractProblemLoader Replaying proof AFilter[java.lang.Object::<inv>()].JML accessible clause.1 
110398     DEBUG main            d.u.i.k.p.i.IntermediateProofReplayer Proof replay took 3.13ms 
110399     DEBUG main            d.u.i.k.p.r.p.TestFile    ... success: reloaded. 
110401     INFO  main            d.u.i.k.p.r.p.TestFile    Now processing file /home/runner/work/key/key/key.core/../key.ui/examples/heap/permissions/threads/AFilter_joinTransfer_accessible.key 
110401     INFO  main            d.u.i.k.p.i.AbstractProblemLoader Loading environment from /home/runner/work/key/key/key.core/../key.ui/examples/heap/permissions/threads/AFilter_joinTransfer_accessible.key 
110401     DEBUG main            d.u.i.k.p.i.AbstractProblemLoader Environment load took 137.1ns 
110402     INFO  main            d.u.i.k.p.i.AbstractProblemLoader Creating init config 
116560     DEBUG main            d.u.i.k.p.i.AbstractProblemLoader Init config took 6.16s 
116674     INFO  main            d.u.i.k.p.i.AbstractProblemLoader Replaying proof AFilter[ThreadSpec2::joinTransfer()].JML accessible clause.0 
116677     DEBUG main            d.u.i.k.p.i.IntermediateProofReplayer Proof replay took 9.7ns 
118192     INFO  main            d.u.i.k.p.r.p.TestFile    ... finished proof: closed. 
118524     INFO  main            d.u.i.k.p.i.AbstractProblemLoader Loading environment from /home/runner/work/key/key/key.core/../key.ui/examples/heap/permissions/threads/AFilter_joinTransfer_accessible.key.proof 
118525     DEBUG main            d.u.i.k.p.i.AbstractProblemLoader Environment load took 176.3ns 
118526     INFO  main            d.u.i.k.p.i.AbstractProblemLoader Creating init config 
124462     DEBUG main            d.u.i.k.p.i.AbstractProblemLoader Init config took 5.94s 
124573     INFO  main            d.u.i.k.p.i.AbstractProblemLoader Replaying proof AFilter[ThreadSpec2::joinTransfer()].JML accessible clause.0 
124761     DEBUG main            d.u.i.k.p.i.IntermediateProofReplayer Proof replay took 180.88ms 
124763     DEBUG main            d.u.i.k.p.r.p.TestFile    ... success: reloaded. 
124765     INFO  main            d.u.i.k.p.r.p.TestFile    Now processing file /home/runner/work/key/key/key.core/../key.ui/examples/heap/permissions/threads/AFilter_joinTransfer_contract.key 
124765     INFO  main            d.u.i.k.p.i.AbstractProblemLoader Loading environment from /home/runner/work/key/key/key.core/../key.ui/examples/heap/permissions/threads/AFilter_joinTransfer_contract.key 
124766     DEBUG main            d.u.i.k.p.i.AbstractProblemLoader Environment load took 215.7ns 
124767     INFO  main            d.u.i.k.p.i.AbstractProblemLoader Creating init config 
130858     DEBUG main            d.u.i.k.p.i.AbstractProblemLoader Init config took 6.09s 
130977     INFO  main            d.u.i.k.p.i.AbstractProblemLoader Replaying proof AFilter[ThreadSpec2::joinTransfer()].JML model_behavior operation contract.0 
130979     DEBUG main            d.u.i.k.p.i.IntermediateProofReplayer Proof replay took 8.6ns 
131082     INFO  main            d.u.i.k.p.r.p.TestFile    ... finished proof: closed. 
131398     INFO  main            d.u.i.k.p.i.AbstractProblemLoader Loading environment from /home/runner/work/key/key/key.core/../key.ui/examples/heap/permissions/threads/AFilter_joinTransfer_contract.key.proof 
131398     DEBUG main            d.u.i.k.p.i.AbstractProblemLoader Environment load took 157.7ns 
131400     INFO  main            d.u.i.k.p.i.AbstractProblemLoader Creating init config 
137581     DEBUG main            d.u.i.k.p.i.AbstractProblemLoader Init config took 6.18s 
137689     INFO  main            d.u.i.k.p.i.AbstractProblemLoader Replaying proof AFilter[ThreadSpec2::joinTransfer()].JML model_behavior operation contract.0 
137702     DEBUG main            d.u.i.k.p.i.IntermediateProofReplayer Proof replay took 10.81ms 
137703     DEBUG main            d.u.i.k.p.r.p.TestFile    ... success: reloaded. 
137705     INFO  main            d.u.i.k.p.r.p.TestFile    Now processing file /home/runner/work/key/key/key.core/../key.ui/examples/heap/permissions/threads/AFilter_postJoin_accessible.key 
137705     INFO  main            d.u.i.k.p.i.AbstractProblemLoader Loading environment from /home/runner/work/key/key/key.core/../key.ui/examples/heap/permissions/threads/AFilter_postJoin_accessible.key 
137706     DEBUG main            d.u.i.k.p.i.AbstractProblemLoader Environment load took 115.3ns 
137707     INFO  main            d.u.i.k.p.i.AbstractProblemLoader Creating init config 
143619     DEBUG main            d.u.i.k.p.i.AbstractProblemLoader Init config took 5.91s 
143752     INFO  main            d.u.i.k.p.i.AbstractProblemLoader Replaying proof AFilter[ThreadSpec2::postJoin(java.lang.Object)].JML accessible clause.0 
143754     DEBUG main            d.u.i.k.p.i.IntermediateProofReplayer Proof replay took 7.8ns 
143856     INFO  main            d.u.i.k.p.r.p.TestFile    ... finished proof: closed. 
144172     INFO  main            d.u.i.k.p.i.AbstractProblemLoader Loading environment from /home/runner/work/key/key/key.core/../key.ui/examples/heap/permissions/threads/AFilter_postJoin_accessible.key.proof 
144172     DEBUG main            d.u.i.k.p.i.AbstractProblemLoader Environment load took 158.8ns 
144174     INFO  main            d.u.i.k.p.i.AbstractProblemLoader Creating init config 
150101     DEBUG main            d.u.i.k.p.i.AbstractProblemLoader Init config took 5.93s 
150211     INFO  main            d.u.i.k.p.i.AbstractProblemLoader Replaying proof AFilter[ThreadSpec2::postJoin(java.lang.Object)].JML accessible clause.0 
150223     DEBUG main            d.u.i.k.p.i.IntermediateProofReplayer Proof replay took 10.26ms 
150225     DEBUG main            d.u.i.k.p.r.p.TestFile    ... success: reloaded. 
150226     INFO  main            d.u.i.k.p.r.p.TestFile    Now processing file /home/runner/work/key/key/key.core/../key.ui/examples/heap/permissions/threads/AFilter_preStart_accessible.key 
150226     INFO  main            d.u.i.k.p.i.AbstractProblemLoader Loading environment from /home/runner/work/key/key/key.core/../key.ui/examples/heap/permissions/threads/AFilter_preStart_accessible.key 
150227     DEBUG main            d.u.i.k.p.i.AbstractProblemLoader Environment load took 140.1ns 
150228     INFO  main            d.u.i.k.p.i.AbstractProblemLoader Creating init config 
156191     DEBUG main            d.u.i.k.p.i.AbstractProblemLoader Init config took 5.96s 
156319     INFO  main            d.u.i.k.p.i.AbstractProblemLoader Replaying proof AFilter[ThreadSpec2::preStart(java.lang.Object)].JML accessible clause.0 
156321     DEBUG main            d.u.i.k.p.i.IntermediateProofReplayer Proof replay took 9.5ns 
156724     INFO  main            d.u.i.k.p.r.p.TestFile    ... finished proof: closed. 
157179     INFO  main            d.u.i.k.p.i.AbstractProblemLoader Loading environment from /home/runner/work/key/key/key.core/../key.ui/examples/heap/permissions/threads/AFilter_preStart_accessible.key.proof 
157187     DEBUG main            d.u.i.k.p.i.AbstractProblemLoader Environment load took 7.48ms 
157188     INFO  main            d.u.i.k.p.i.AbstractProblemLoader Creating init config 
163209     DEBUG main            d.u.i.k.p.i.AbstractProblemLoader Init config took 6.02s 
163336     INFO  main            d.u.i.k.p.i.AbstractProblemLoader Replaying proof AFilter[ThreadSpec2::preStart(java.lang.Object)].JML accessible clause.0 
163393     DEBUG main            d.u.i.k.p.i.IntermediateProofReplayer Proof replay took 52.81ms 
163394     DEBUG main            d.u.i.k.p.r.p.TestFile    ... success: reloaded. 
163396     INFO  main            d.u.i.k.p.r.p.TestFile    Now processing file /home/runner/work/key/key/key.core/../key.ui/examples/heap/permissions/threads/AFilter_startTransfer_accessible.key 
163396     INFO  main            d.u.i.k.p.i.AbstractProblemLoader Loading environment from /home/runner/work/key/key/key.core/../key.ui/examples/heap/permissions/threads/AFilter_startTransfer_accessible.key 
163397     DEBUG main            d.u.i.k.p.i.AbstractProblemLoader Environment load took 240.3ns 
163398     INFO  main            d.u.i.k.p.i.AbstractProblemLoader Creating init config 
169775     DEBUG main            d.u.i.k.p.i.AbstractProblemLoader Init config took 6.38s 
169907     INFO  main            d.u.i.k.p.i.AbstractProblemLoader Replaying proof AFilter[ThreadSpec2::startTransfer()].JML accessible clause.0 
169909     DEBUG main            d.u.i.k.p.i.IntermediateProofReplayer Proof replay took 7.9ns 
182391     INFO  main            d.u.i.k.p.r.p.TestFile    ... finished proof: closed. 
182774     INFO  main            d.u.i.k.p.i.AbstractProblemLoader Loading environment from /home/runner/work/key/key/key.core/../key.ui/examples/heap/permissions/threads/AFilter_startTransfer_accessible.key.proof 
182774     DEBUG main            d.u.i.k.p.i.AbstractProblemLoader Environment load took 544.1ns 
182776     INFO  main            d.u.i.k.p.i.AbstractProblemLoader Creating init config 
188692     DEBUG main            d.u.i.k.p.i.AbstractProblemLoader Init config took 5.92s 
188801     INFO  main            d.u.i.k.p.i.AbstractProblemLoader Replaying proof AFilter[ThreadSpec2::startTransfer()].JML accessible clause.0 
189937     DEBUG main            d.u.i.k.p.i.IntermediateProofReplayer Proof replay took 1.11s 
189939     DEBUG main            d.u.i.k.p.r.p.TestFile    ... success: reloaded. 
189940     INFO  main            d.u.i.k.p.r.p.TestFile    Now processing file /home/runner/work/key/key/key.core/../key.ui/examples/heap/permissions/threads/AFilter_startTransfer_contract.key 
189941     INFO  main            d.u.i.k.p.i.AbstractProblemLoader Loading environment from /home/runner/work/key/key/key.core/../key.ui/examples/heap/permissions/threads/AFilter_startTransfer_contract.key 
189941     DEBUG main            d.u.i.k.p.i.AbstractProblemLoader Environment load took 211.2ns 
189942     INFO  main            d.u.i.k.p.i.AbstractProblemLoader Creating init config 
196012     DEBUG main            d.u.i.k.p.i.AbstractProblemLoader Init config took 6.07s 
196160     INFO  main            d.u.i.k.p.i.AbstractProblemLoader Replaying proof AFilter[ThreadSpec2::startTransfer()].JML model_behavior operation contract.0 
196162     DEBUG main            d.u.i.k.p.i.IntermediateProofReplayer Proof replay took 9.1ns 
196669     INFO  main            d.u.i.k.p.r.p.TestFile    ... finished proof: closed. 
197043     INFO  main            d.u.i.k.p.i.AbstractProblemLoader Loading environment from /home/runner/work/key/key/key.core/../key.ui/examples/heap/permissions/threads/AFilter_startTransfer_contract.key.proof 
197044     DEBUG main            d.u.i.k.p.i.AbstractProblemLoader Environment load took 466.9ns 
197045     INFO  main            d.u.i.k.p.i.AbstractProblemLoader Creating init config 
202873     DEBUG main            d.u.i.k.p.i.AbstractProblemLoader Init config took 5.83s 
202996     INFO  main            d.u.i.k.p.i.AbstractProblemLoader Replaying proof AFilter[ThreadSpec2::startTransfer()].JML model_behavior operation contract.0 
203082     DEBUG main            d.u.i.k.p.i.IntermediateProofReplayer Proof replay took 78.46ms 
203084     DEBUG main            d.u.i.k.p.r.p.TestFile    ... success: reloaded. 
203085     INFO  main            d.u.i.k.p.r.p.TestFile    Now processing file /home/runner/work/key/key/key.core/../key.ui/examples/heap/permissions/threads/AFilter_stateInv_accessible.key 
203086     INFO  main            d.u.i.k.p.i.AbstractProblemLoader Loading environment from /home/runner/work/key/key/key.core/../key.ui/examples/heap/permissions/threads/AFilter_stateInv_accessible.key 
203086     DEBUG main            d.u.i.k.p.i.AbstractProblemLoader Environment load took 230.1ns 
203087     INFO  main            d.u.i.k.p.i.AbstractProblemLoader Creating init config 
209275     DEBUG main            d.u.i.k.p.i.AbstractProblemLoader Init config took 6.19s 
209399     INFO  main            d.u.i.k.p.i.AbstractProblemLoader Replaying proof AFilter[ThreadSpec2::stateInv()].JML accessible clause.0 
209401     DEBUG main            d.u.i.k.p.i.IntermediateProofReplayer Proof replay took 8.7ns 
209809     INFO  main            d.u.i.k.p.r.p.TestFile    ... finished proof: closed. 
210182     INFO  main            d.u.i.k.p.i.AbstractProblemLoader Loading environment from /home/runner/work/key/key/key.core/../key.ui/examples/heap/permissions/threads/AFilter_stateInv_accessible.key.proof 
210182     DEBUG main            d.u.i.k.p.i.AbstractProblemLoader Environment load took 146.4ns 
210184     INFO  main            d.u.i.k.p.i.AbstractProblemLoader Creating init config 
216243     DEBUG main            d.u.i.k.p.i.AbstractProblemLoader Init config took 6.06s 
216352     INFO  main            d.u.i.k.p.i.AbstractProblemLoader Replaying proof AFilter[ThreadSpec2::stateInv()].JML accessible clause.0 
216413     DEBUG main            d.u.i.k.p.i.IntermediateProofReplayer Proof replay took 56.27ms 
216415     DEBUG main            d.u.i.k.p.r.p.TestFile    ... success: reloaded. 
216416     INFO  main            d.u.i.k.p.r.p.TestFile    Now processing file /home/runner/work/key/key/key.core/../key.ui/examples/heap/permissions/threads/AFilter_staticPermissions_accessible.key 
216417     INFO  main            d.u.i.k.p.i.AbstractProblemLoader Loading environment from /home/runner/work/key/key/key.core/../key.ui/examples/heap/permissions/threads/AFilter_staticPermissions_accessible.key 
216417     DEBUG main            d.u.i.k.p.i.AbstractProblemLoader Environment load took 366.9ns 
216418     INFO  main            d.u.i.k.p.i.AbstractProblemLoader Creating init config 
222417     DEBUG main            d.u.i.k.p.i.AbstractProblemLoader Init config took 6s 
222538     INFO  main            d.u.i.k.p.i.AbstractProblemLoader Replaying proof AFilter[ThreadSpec2::staticPermissions()].JML accessible clause.0 
222540     DEBUG main            d.u.i.k.p.i.IntermediateProofReplayer Proof replay took 8.6ns 
222642     INFO  main            d.u.i.k.p.r.p.TestFile    ... finished proof: closed. 
223005     INFO  main            d.u.i.k.p.i.AbstractProblemLoader Loading environment from /home/runner/work/key/key/key.core/../key.ui/examples/heap/permissions/threads/AFilter_staticPermissions_accessible.key.proof 
223005     DEBUG main            d.u.i.k.p.i.AbstractProblemLoader Environment load took 162.5ns 
223006     INFO  main            d.u.i.k.p.i.AbstractProblemLoader Creating init config 
229132     DEBUG main            d.u.i.k.p.i.AbstractProblemLoader Init config took 6.13s 
229240     INFO  main            d.u.i.k.p.i.AbstractProblemLoader Replaying proof AFilter[ThreadSpec2::staticPermissions()].JML accessible clause.0 
229279     DEBUG main            d.u.i.k.p.i.IntermediateProofReplayer Proof replay took 36.24ms 
229280     DEBUG main            d.u.i.k.p.r.p.TestFile    ... success: reloaded. 
229282     INFO  main            d.u.i.k.p.r.p.TestFile    Now processing file /home/runner/work/key/key/key.core/../key.ui/examples/heap/permissions/threads/AFilter_workingPermissions_accessible.key 
229282     INFO  main            d.u.i.k.p.i.AbstractProblemLoader Loading environment from /home/runner/work/key/key/key.core/../key.ui/examples/heap/permissions/threads/AFilter_workingPermissions_accessible.key 
229282     DEBUG main            d.u.i.k.p.i.AbstractProblemLoader Environment load took 109.6ns 
229283     INFO  main            d.u.i.k.p.i.AbstractProblemLoader Creating init config 
235447     DEBUG main            d.u.i.k.p.i.AbstractProblemLoader Init config took 6.16s 
235560     INFO  main            d.u.i.k.p.i.AbstractProblemLoader Replaying proof AFilter[ThreadSpec2::workingPermissions()].JML accessible clause.0 
235562     DEBUG main            d.u.i.k.p.i.IntermediateProofReplayer Proof replay took 8.7ns 
235666     INFO  main            d.u.i.k.p.r.p.TestFile    ... finished proof: closed. 
236068     INFO  main            d.u.i.k.p.i.AbstractProblemLoader Loading environment from /home/runner/work/key/key/key.core/../key.ui/examples/heap/permissions/threads/AFilter_workingPermissions_accessible.key.proof 
236069     DEBUG main            d.u.i.k.p.i.AbstractProblemLoader Environment load took 417.5ns 
236070     INFO  main            d.u.i.k.p.i.AbstractProblemLoader Creating init config 
242066     DEBUG main            d.u.i.k.p.i.AbstractProblemLoader Init config took 6s 
242184     INFO  main            d.u.i.k.p.i.AbstractProblemLoader Replaying proof AFilter[ThreadSpec2::workingPermissions()].JML accessible clause.0 
242199     DEBUG main            d.u.i.k.p.i.IntermediateProofReplayer Proof replay took 11.8ms 
242201     DEBUG main            d.u.i.k.p.r.p.TestFile    ... success: reloaded. 
242203     INFO  main            d.u.i.k.p.r.p.TestFile    Now processing file /home/runner/work/key/key/key.core/../key.ui/examples/heap/permissions/threads/BFilter_BFilter.key 
242203     INFO  main            d.u.i.k.p.i.AbstractProblemLoader Loading environment from /home/runner/work/key/key/key.core/../key.ui/examples/heap/permissions/threads/BFilter_BFilter.key 
242203     DEBUG main            d.u.i.k.p.i.AbstractProblemLoader Environment load took 129ns 
242204     INFO  main            d.u.i.k.p.i.AbstractProblemLoader Creating init config 
248437     DEBUG main            d.u.i.k.p.i.AbstractProblemLoader Init config took 6.23s 
248549     INFO  main            d.u.i.k.p.i.AbstractProblemLoader Replaying proof BFilter[BFilter::BFilter(Sampler,Buffer)].JML normal_behavior operation contract.0 
248552     DEBUG main            d.u.i.k.p.i.IntermediateProofReplayer Proof replay took 7.9ns 
249860     INFO  main            d.u.i.k.p.r.p.TestFile    ... finished proof: closed. 
250300     INFO  main            d.u.i.k.p.i.AbstractProblemLoader Loading environment from /home/runner/work/key/key/key.core/../key.ui/examples/heap/permissions/threads/BFilter_BFilter.key.proof 
250301     DEBUG main            d.u.i.k.p.i.AbstractProblemLoader Environment load took 1.06ms 
250303     INFO  main            d.u.i.k.p.i.AbstractProblemLoader Creating init config 
256320     DEBUG main            d.u.i.k.p.i.AbstractProblemLoader Init config took 6.02s 
256425     INFO  main            d.u.i.k.p.i.AbstractProblemLoader Replaying proof BFilter[BFilter::BFilter(Sampler,Buffer)].JML normal_behavior operation contract.0 
256657     DEBUG main            d.u.i.k.p.i.IntermediateProofReplayer Proof replay took 225.94ms 
256658     DEBUG main            d.u.i.k.p.r.p.TestFile    ... success: reloaded. 
256659     INFO  main            d.u.i.k.p.r.p.TestFile    Now processing file /home/runner/work/key/key/key.core/../key.ui/examples/heap/permissions/threads/BFilter_initPost_accessible.key 
256660     INFO  main            d.u.i.k.p.i.AbstractProblemLoader Loading environment from /home/runner/work/key/key/key.core/../key.ui/examples/heap/permissions/threads/BFilter_initPost_accessible.key 
256660     DEBUG main            d.u.i.k.p.i.AbstractProblemLoader Environment load took 175.2ns 
256661     INFO  main            d.u.i.k.p.i.AbstractProblemLoader Creating init config 
262873     DEBUG main            d.u.i.k.p.i.AbstractProblemLoader Init config took 6.21s 
262984     INFO  main            d.u.i.k.p.i.AbstractProblemLoader Replaying proof BFilter[ThreadSpec2::initPost()].JML accessible clause.0 
262986     DEBUG main            d.u.i.k.p.i.IntermediateProofReplayer Proof replay took 7.5ns 
263088     INFO  main            d.u.i.k.p.r.p.TestFile    ... finished proof: closed. 
263506     INFO  main            d.u.i.k.p.i.AbstractProblemLoader Loading environment from /home/runner/work/key/key/key.core/../key.ui/examples/heap/permissions/threads/BFilter_initPost_accessible.key.proof 
263506     DEBUG main            d.u.i.k.p.i.AbstractProblemLoader Environment load took 212.1ns 
263507     INFO  main            d.u.i.k.p.i.AbstractProblemLoader Creating init config 
269801     DEBUG main            d.u.i.k.p.i.AbstractProblemLoader Init config took 6.29s 
269916     INFO  main            d.u.i.k.p.i.AbstractProblemLoader Replaying proof BFilter[ThreadSpec2::initPost()].JML accessible clause.0 
269933     DEBUG main            d.u.i.k.p.i.IntermediateProofReplayer Proof replay took 14.11ms 
269934     DEBUG main            d.u.i.k.p.r.p.TestFile    ... success: reloaded. 
269935     INFO  main            d.u.i.k.p.r.p.TestFile    Now processing file /home/runner/work/key/key/key.core/../key.ui/examples/heap/permissions/threads/BFilter_inv_accessible1.key 
269936     INFO  main            d.u.i.k.p.i.AbstractProblemLoader Loading environment from /home/runner/work/key/key/key.core/../key.ui/examples/heap/permissions/threads/BFilter_inv_accessible1.key 
269936     DEBUG main            d.u.i.k.p.i.AbstractProblemLoader Environment load took 101.2ns 
269937     INFO  main            d.u.i.k.p.i.AbstractProblemLoader Creating init config 
276088     DEBUG main            d.u.i.k.p.i.AbstractProblemLoader Init config took 6.15s 
276194     INFO  main            d.u.i.k.p.i.AbstractProblemLoader Replaying proof BFilter[java.lang.Object::<inv>()].JML accessible clause.0 
276197     DEBUG main            d.u.i.k.p.i.IntermediateProofReplayer Proof replay took 9.9ns 
276298     INFO  main            d.u.i.k.p.r.p.TestFile    ... finished proof: closed. 
276723     INFO  main            d.u.i.k.p.i.AbstractProblemLoader Loading environment from /home/runner/work/key/key/key.core/../key.ui/examples/heap/permissions/threads/BFilter_inv_accessible1.key.proof 
276723     DEBUG main            d.u.i.k.p.i.AbstractProblemLoader Environment load took 127.2ns 
276725     INFO  main            d.u.i.k.p.i.AbstractProblemLoader Creating init config 
282592     DEBUG main            d.u.i.k.p.i.AbstractProblemLoader Init config took 5.87s 
282718     INFO  main            d.u.i.k.p.i.AbstractProblemLoader Replaying proof BFilter[java.lang.Object::<inv>()].JML accessible clause.0 
282723     DEBUG main            d.u.i.k.p.i.IntermediateProofReplayer Proof replay took 2.58ms 
282724     DEBUG main            d.u.i.k.p.r.p.TestFile    ... success: reloaded. 
282726     INFO  main            d.u.i.k.p.r.p.TestFile    Now processing file /home/runner/work/key/key/key.core/../key.ui/examples/heap/permissions/threads/BFilter_inv_accessible2.key 
282726     INFO  main            d.u.i.k.p.i.AbstractProblemLoader Loading environment from /home/runner/work/key/key/key.core/../key.ui/examples/heap/permissions/threads/BFilter_inv_accessible2.key 
282727     DEBUG main            d.u.i.k.p.i.AbstractProblemLoader Environment load took 230ns 
282728     INFO  main            d.u.i.k.p.i.AbstractProblemLoader Creating init config 
288773     DEBUG main            d.u.i.k.p.i.AbstractProblemLoader Init config took 6.05s 
288880     INFO  main            d.u.i.k.p.i.AbstractProblemLoader Replaying proof BFilter[java.lang.Object::<inv>()].JML accessible clause.1 
288882     DEBUG main            d.u.i.k.p.i.IntermediateProofReplayer Proof replay took 8.4ns 
288984     INFO  main            d.u.i.k.p.r.p.TestFile    ... finished proof: closed. 
289409     INFO  main            d.u.i.k.p.i.AbstractProblemLoader Loading environment from /home/runner/work/key/key/key.core/../key.ui/examples/heap/permissions/threads/BFilter_inv_accessible2.key.proof 
289409     DEBUG main            d.u.i.k.p.i.AbstractProblemLoader Environment load took 133.7ns 
289410     INFO  main            d.u.i.k.p.i.AbstractProblemLoader Creating init config 
295436     DEBUG main            d.u.i.k.p.i.AbstractProblemLoader Init config took 6.03s 
295547     INFO  main            d.u.i.k.p.i.AbstractProblemLoader Replaying proof BFilter[java.lang.Object::<inv>()].JML accessible clause.1 
295551     DEBUG main            d.u.i.k.p.i.IntermediateProofReplayer Proof replay took 2.52ms 
295553     DEBUG main            d.u.i.k.p.r.p.TestFile    ... success: reloaded. 
295554     INFO  main            d.u.i.k.p.r.p.TestFile    Now processing file /home/runner/work/key/key/key.core/../key.ui/examples/heap/permissions/threads/BFilter_joinTransfer_accessible.key 
295554     INFO  main            d.u.i.k.p.i.AbstractProblemLoader Loading environment from /home/runner/work/key/key/key.core/../key.ui/examples/heap/permissions/threads/BFilter_joinTransfer_accessible.key 
295554     DEBUG main            d.u.i.k.p.i.AbstractProblemLoader Environment load took 89.6ns 
295555     INFO  main            d.u.i.k.p.i.AbstractProblemLoader Creating init config 
301587     DEBUG main            d.u.i.k.p.i.AbstractProblemLoader Init config took 6.03s 
301694     INFO  main            d.u.i.k.p.i.AbstractProblemLoader Replaying proof BFilter[ThreadSpec2::joinTransfer()].JML accessible clause.0 
301696     DEBUG main            d.u.i.k.p.i.IntermediateProofReplayer Proof replay took 9ns 
303102     INFO  main            d.u.i.k.p.r.p.TestFile    ... finished proof: closed. 
303579     INFO  main            d.u.i.k.p.i.AbstractProblemLoader Loading environment from /home/runner/work/key/key/key.core/../key.ui/examples/heap/permissions/threads/BFilter_joinTransfer_accessible.key.proof 
303579     DEBUG main            d.u.i.k.p.i.AbstractProblemLoader Environment load took 547ns 
303581     INFO  main            d.u.i.k.p.i.AbstractProblemLoader Creating init config 
309526     DEBUG main            d.u.i.k.p.i.AbstractProblemLoader Init config took 5.95s 
309636     INFO  main            d.u.i.k.p.i.AbstractProblemLoader Replaying proof BFilter[ThreadSpec2::joinTransfer()].JML accessible clause.0 
309805     DEBUG main            d.u.i.k.p.i.IntermediateProofReplayer Proof replay took 163.19ms 
309807     DEBUG main            d.u.i.k.p.r.p.TestFile    ... success: reloaded. 
309808     INFO  main            d.u.i.k.p.r.p.TestFile    Now processing file /home/runner/work/key/key/key.core/../key.ui/examples/heap/permissions/threads/BFilter_joinTransfer_contract.key 
309808     INFO  main            d.u.i.k.p.i.AbstractProblemLoader Loading environment from /home/runner/work/key/key/key.core/../key.ui/examples/heap/permissions/threads/BFilter_joinTransfer_contract.key 
309809     DEBUG main            d.u.i.k.p.i.AbstractProblemLoader Environment load took 212.1ns 
309810     INFO  main            d.u.i.k.p.i.AbstractProblemLoader Creating init config 
315847     DEBUG main            d.u.i.k.p.i.AbstractProblemLoader Init config took 6.04s 
315954     INFO  main            d.u.i.k.p.i.AbstractProblemLoader Replaying proof BFilter[ThreadSpec2::joinTransfer()].JML model_behavior operation contract.0 
315955     DEBUG main            d.u.i.k.p.i.IntermediateProofReplayer Proof replay took 8.5ns 
316057     INFO  main            d.u.i.k.p.r.p.TestFile    ... finished proof: closed. 
316528     INFO  main            d.u.i.k.p.i.AbstractProblemLoader Loading environment from /home/runner/work/key/key/key.core/../key.ui/examples/heap/permissions/threads/BFilter_joinTransfer_contract.key.proof 
316529     DEBUG main            d.u.i.k.p.i.AbstractProblemLoader Environment load took 389.2ns 
316530     INFO  main            d.u.i.k.p.i.AbstractProblemLoader Creating init config 
322654     DEBUG main            d.u.i.k.p.i.AbstractProblemLoader Init config took 6.12s 
322758     INFO  main            d.u.i.k.p.i.AbstractProblemLoader Replaying proof BFilter[ThreadSpec2::joinTransfer()].JML model_behavior operation contract.0 
322770     DEBUG main            d.u.i.k.p.i.IntermediateProofReplayer Proof replay took 9.69ms 
322771     DEBUG main            d.u.i.k.p.r.p.TestFile    ... success: reloaded. 
322772     INFO  main            d.u.i.k.p.r.p.TestFile    Now processing file /home/runner/work/key/key/key.core/../key.ui/examples/heap/permissions/threads/BFilter_postJoin_accessible.key 
322773     INFO  main            d.u.i.k.p.i.AbstractProblemLoader Loading environment from /home/runner/work/key/key/key.core/../key.ui/examples/heap/permissions/threads/BFilter_postJoin_accessible.key 
322773     DEBUG main            d.u.i.k.p.i.AbstractProblemLoader Environment load took 72.8ns 
322774     INFO  main            d.u.i.k.p.i.AbstractProblemLoader Creating init config 
328577     DEBUG main            d.u.i.k.p.i.AbstractProblemLoader Init config took 5.8s 
328681     INFO  main            d.u.i.k.p.i.AbstractProblemLoader Replaying proof BFilter[ThreadSpec2::postJoin(java.lang.Object)].JML accessible clause.0 
328683     DEBUG main            d.u.i.k.p.i.IntermediateProofReplayer Proof replay took 10.3ns 
328788     INFO  main            d.u.i.k.p.r.p.TestFile    ... finished proof: closed. 
329210     INFO  main            d.u.i.k.p.i.AbstractProblemLoader Loading environment from /home/runner/work/key/key/key.core/../key.ui/examples/heap/permissions/threads/BFilter_postJoin_accessible.key.proof 
329210     DEBUG main            d.u.i.k.p.i.AbstractProblemLoader Environment load took 121.9ns 
329211     INFO  main            d.u.i.k.p.i.AbstractProblemLoader Creating init config 
335234     DEBUG main            d.u.i.k.p.i.AbstractProblemLoader Init config took 6.02s 
335336     INFO  main            d.u.i.k.p.i.AbstractProblemLoader Replaying proof BFilter[ThreadSpec2::postJoin(java.lang.Object)].JML accessible clause.0 
335347     DEBUG main            d.u.i.k.p.i.IntermediateProofReplayer Proof replay took 8.52ms 
335348     DEBUG main            d.u.i.k.p.r.p.TestFile    ... success: reloaded. 
335349     INFO  main            d.u.i.k.p.r.p.TestFile    Now processing file /home/runner/work/key/key/key.core/../key.ui/examples/heap/permissions/threads/BFilter_preStart_accessible.key 
335349     INFO  main            d.u.i.k.p.i.AbstractProblemLoader Loading environment from /home/runner/work/key/key/key.core/../key.ui/examples/heap/permissions/threads/BFilter_preStart_accessible.key 
335349     DEBUG main            d.u.i.k.p.i.AbstractProblemLoader Environment load took 71.9ns 
335350     INFO  main            d.u.i.k.p.i.AbstractProblemLoader Creating init config 
341285     DEBUG main            d.u.i.k.p.i.AbstractProblemLoader Init config took 5.94s 
341404     INFO  main            d.u.i.k.p.i.AbstractProblemLoader Replaying proof BFilter[ThreadSpec2::preStart(java.lang.Object)].JML accessible clause.0 
341405     DEBUG main            d.u.i.k.p.i.IntermediateProofReplayer Proof replay took 8.7ns 
341808     INFO  main            d.u.i.k.p.r.p.TestFile    ... finished proof: closed. 
342284     INFO  main            d.u.i.k.p.i.AbstractProblemLoader Loading environment from /home/runner/work/key/key/key.core/../key.ui/examples/heap/permissions/threads/BFilter_preStart_accessible.key.proof 
342284     DEBUG main            d.u.i.k.p.i.AbstractProblemLoader Environment load took 124.7ns 
342285     INFO  main            d.u.i.k.p.i.AbstractProblemLoader Creating init config 
348325     DEBUG main            d.u.i.k.p.i.AbstractProblemLoader Init config took 6.04s 
348432     INFO  main            d.u.i.k.p.i.AbstractProblemLoader Replaying proof BFilter[ThreadSpec2::preStart(java.lang.Object)].JML accessible clause.0 
348479     DEBUG main            d.u.i.k.p.i.IntermediateProofReplayer Proof replay took 43.98ms 
348480     DEBUG main            d.u.i.k.p.r.p.TestFile    ... success: reloaded. 
348482     INFO  main            d.u.i.k.p.r.p.TestFile    Now processing file /home/runner/work/key/key/key.core/../key.ui/examples/heap/permissions/threads/BFilter_startTransfer_accessible.key 
348482     INFO  main            d.u.i.k.p.i.AbstractProblemLoader Loading environment from /home/runner/work/key/key/key.core/../key.ui/examples/heap/permissions/threads/BFilter_startTransfer_accessible.key 
348482     DEBUG main            d.u.i.k.p.i.AbstractProblemLoader Environment load took 132ns 
348483     INFO  main            d.u.i.k.p.i.AbstractProblemLoader Creating init config 
354544     DEBUG main            d.u.i.k.p.i.AbstractProblemLoader Init config took 6.06s 
354650     INFO  main            d.u.i.k.p.i.AbstractProblemLoader Replaying proof BFilter[ThreadSpec2::startTransfer()].JML accessible clause.0 
354652     DEBUG main            d.u.i.k.p.i.IntermediateProofReplayer Proof replay took 8.7ns 
368233     INFO  main            d.u.i.k.p.r.p.TestFile    ... finished proof: closed. 
368729     INFO  main            d.u.i.k.p.i.AbstractProblemLoader Loading environment from /home/runner/work/key/key/key.core/../key.ui/examples/heap/permissions/threads/BFilter_startTransfer_accessible.key.proof 
368729     DEBUG main            d.u.i.k.p.i.AbstractProblemLoader Environment load took 416.2ns 
368731     INFO  main            d.u.i.k.p.i.AbstractProblemLoader Creating init config 
374702     DEBUG main            d.u.i.k.p.i.AbstractProblemLoader Init config took 5.97s 
374808     INFO  main            d.u.i.k.p.i.AbstractProblemLoader Replaying proof BFilter[ThreadSpec2::startTransfer()].JML accessible clause.0 
375927     DEBUG main            d.u.i.k.p.i.IntermediateProofReplayer Proof replay took 1.1s 
375929     DEBUG main            d.u.i.k.p.r.p.TestFile    ... success: reloaded. 
375930     INFO  main            d.u.i.k.p.r.p.TestFile    Now processing file /home/runner/work/key/key/key.core/../key.ui/examples/heap/permissions/threads/BFilter_startTransfer_contract.key 
375931     INFO  main            d.u.i.k.p.i.AbstractProblemLoader Loading environment from /home/runner/work/key/key/key.core/../key.ui/examples/heap/permissions/threads/BFilter_startTransfer_contract.key 
375931     DEBUG main            d.u.i.k.p.i.AbstractProblemLoader Environment load took 138ns 
375932     INFO  main            d.u.i.k.p.i.AbstractProblemLoader Creating init config 
382069     DEBUG main            d.u.i.k.p.i.AbstractProblemLoader Init config took 6.14s 
382208     INFO  main            d.u.i.k.p.i.AbstractProblemLoader Replaying proof BFilter[ThreadSpec2::startTransfer()].JML model_behavior operation contract.0 
382211     DEBUG main            d.u.i.k.p.i.IntermediateProofReplayer Proof replay took 8.9ns 
383618     INFO  main            d.u.i.k.p.r.p.TestFile    ... finished proof: closed. 
384124     INFO  main            d.u.i.k.p.i.AbstractProblemLoader Loading environment from /home/runner/work/key/key/key.core/../key.ui/examples/heap/permissions/threads/BFilter_startTransfer_contract.key.proof 
384125     DEBUG main            d.u.i.k.p.i.AbstractProblemLoader Environment load took 126.9ns 
384126     INFO  main            d.u.i.k.p.i.AbstractProblemLoader Creating init config 
390181     DEBUG main            d.u.i.k.p.i.AbstractProblemLoader Init config took 6.06s 
390305     INFO  main            d.u.i.k.p.i.AbstractProblemLoader Replaying proof BFilter[ThreadSpec2::startTransfer()].JML model_behavior operation contract.0 
390442     DEBUG main            d.u.i.k.p.i.IntermediateProofReplayer Proof replay took 130.41ms 
390443     DEBUG main            d.u.i.k.p.r.p.TestFile    ... success: reloaded. 
390444     INFO  main            d.u.i.k.p.r.p.TestFile    Now processing file /home/runner/work/key/key/key.core/../key.ui/examples/heap/permissions/threads/BFilter_stateInv_accessible.key 
390445     INFO  main            d.u.i.k.p.i.AbstractProblemLoader Loading environment from /home/runner/work/key/key/key.core/../key.ui/examples/heap/permissions/threads/BFilter_stateInv_accessible.key 
390445     DEBUG main            d.u.i.k.p.i.AbstractProblemLoader Environment load took 107.8ns 
390446     INFO  main            d.u.i.k.p.i.AbstractProblemLoader Creating init config 
396663     DEBUG main            d.u.i.k.p.i.AbstractProblemLoader Init config took 6.22s 
396770     INFO  main            d.u.i.k.p.i.AbstractProblemLoader Replaying proof BFilter[ThreadSpec2::stateInv()].JML accessible clause.0 
396772     DEBUG main            d.u.i.k.p.i.IntermediateProofReplayer Proof replay took 8.4ns 
397175     INFO  main            d.u.i.k.p.r.p.TestFile    ... finished proof: closed. 
397894     INFO  main            d.u.i.k.p.i.AbstractProblemLoader Loading environment from /home/runner/work/key/key/key.core/../key.ui/examples/heap/permissions/threads/BFilter_stateInv_accessible.key.proof 
397894     DEBUG main            d.u.i.k.p.i.AbstractProblemLoader Environment load took 136ns 
397897     INFO  main            d.u.i.k.p.i.AbstractProblemLoader Creating init config 
404021     DEBUG main            d.u.i.k.p.i.AbstractProblemLoader Init config took 6.12s 
404134     INFO  main            d.u.i.k.p.i.AbstractProblemLoader Replaying proof BFilter[ThreadSpec2::stateInv()].JML accessible clause.0 
404218     DEBUG main            d.u.i.k.p.i.IntermediateProofReplayer Proof replay took 57.77ms 
404219     DEBUG main            d.u.i.k.p.r.p.TestFile    ... success: reloaded. 
404220     INFO  main            d.u.i.k.p.r.p.TestFile    Now processing file /home/runner/work/key/key/key.core/../key.ui/examples/heap/permissions/threads/BFilter_staticPermissions_accessible.key 
404220     INFO  main            d.u.i.k.p.i.AbstractProblemLoader Loading environment from /home/runner/work/key/key/key.core/../key.ui/examples/heap/permissions/threads/BFilter_staticPermissions_accessible.key 
404220     DEBUG main            d.u.i.k.p.i.AbstractProblemLoader Environment load took 91.8ns 
404221     INFO  main            d.u.i.k.p.i.AbstractProblemLoader Creating init config 
410431     DEBUG main            d.u.i.k.p.i.AbstractProblemLoader Init config took 6.21s 
410542     INFO  main            d.u.i.k.p.i.AbstractProblemLoader Replaying proof BFilter[ThreadSpec2::staticPermissions()].JML accessible clause.0 
410547     DEBUG main            d.u.i.k.p.i.IntermediateProofReplayer Proof replay took 9.8ns 
410649     INFO  main            d.u.i.k.p.r.p.TestFile    ... finished proof: closed. 
411135     INFO  main            d.u.i.k.p.i.AbstractProblemLoader Loading environment from /home/runner/work/key/key/key.core/../key.ui/examples/heap/permissions/threads/BFilter_staticPermissions_accessible.key.proof 
411135     DEBUG main            d.u.i.k.p.i.AbstractProblemLoader Environment load took 143.2ns 
411136     INFO  main            d.u.i.k.p.i.AbstractProblemLoader Creating init config 
416950     DEBUG main            d.u.i.k.p.i.AbstractProblemLoader Init config took 5.81s 
417073     INFO  main            d.u.i.k.p.i.AbstractProblemLoader Replaying proof BFilter[ThreadSpec2::staticPermissions()].JML accessible clause.0 
417088     DEBUG main            d.u.i.k.p.i.IntermediateProofReplayer Proof replay took 12.21ms 
417089     DEBUG main            d.u.i.k.p.r.p.TestFile    ... success: reloaded. 
417091     INFO  main            d.u.i.k.p.r.p.TestFile    Now processing file /home/runner/work/key/key/key.core/../key.ui/examples/heap/permissions/threads/BFilter_workingPermissions_accessible.key 
417091     INFO  main            d.u.i.k.p.i.AbstractProblemLoader Loading environment from /home/runner/work/key/key/key.core/../key.ui/examples/heap/permissions/threads/BFilter_workingPermissions_accessible.key 
417091     DEBUG main            d.u.i.k.p.i.AbstractProblemLoader Environment load took 185ns 
417092     INFO  main            d.u.i.k.p.i.AbstractProblemLoader Creating init config 
423080     DEBUG main            d.u.i.k.p.i.AbstractProblemLoader Init config took 5.99s 
423190     INFO  main            d.u.i.k.p.i.AbstractProblemLoader Replaying proof BFilter[ThreadSpec2::workingPermissions()].JML accessible clause.0 
423193     DEBUG main            d.u.i.k.p.i.IntermediateProofReplayer Proof replay took 9.5ns 
423295     INFO  main            d.u.i.k.p.r.p.TestFile    ... finished proof: closed. 
423790     INFO  main            d.u.i.k.p.i.AbstractProblemLoader Loading environment from /home/runner/work/key/key/key.core/../key.ui/examples/heap/permissions/threads/BFilter_workingPermissions_accessible.key.proof 
423791     DEBUG main            d.u.i.k.p.i.AbstractProblemLoader Environment load took 114.4ns 
423792     INFO  main            d.u.i.k.p.i.AbstractProblemLoader Creating init config 
429637     DEBUG main            d.u.i.k.p.i.AbstractProblemLoader Init config took 5.85s 
429756     INFO  main            d.u.i.k.p.i.AbstractProblemLoader Replaying proof BFilter[ThreadSpec2::workingPermissions()].JML accessible clause.0 
429769     DEBUG main            d.u.i.k.p.i.IntermediateProofReplayer Proof replay took 10.3ms 
429770     DEBUG main            d.u.i.k.p.r.p.TestFile    ... success: reloaded. 
429771     INFO  main            d.u.i.k.p.r.p.TestFile    Now processing file /home/runner/work/key/key/key.core/../key.ui/examples/heap/permissions/threads/Fib_Fib.key 
429772     INFO  main            d.u.i.k.p.i.AbstractProblemLoader Loading environment from /home/runner/work/key/key/key.core/../key.ui/examples/heap/permissions/threads/Fib_Fib.key 
429772     DEBUG main            d.u.i.k.p.i.AbstractProblemLoader Environment load took 117.2ns 
429773     INFO  main            d.u.i.k.p.i.AbstractProblemLoader Creating init config 
435751     DEBUG main            d.u.i.k.p.i.AbstractProblemLoader Init config took 5.98s 
435858     INFO  main            d.u.i.k.p.i.AbstractProblemLoader Replaying proof Fib[Fib::Fib(int)].JML normal_behavior operation contract.0 
435860     DEBUG main            d.u.i.k.p.i.IntermediateProofReplayer Proof replay took 8.6ns 
436764     INFO  main            d.u.i.k.p.r.p.TestFile    ... finished proof: closed. 
437306     INFO  main            d.u.i.k.p.i.AbstractProblemLoader Loading environment from /home/runner/work/key/key/key.core/../key.ui/examples/heap/permissions/threads/Fib_Fib.key.proof 
437307     DEBUG main            d.u.i.k.p.i.AbstractProblemLoader Environment load took 1.01ms 
437310     INFO  main            d.u.i.k.p.i.AbstractProblemLoader Creating init config 
443326     DEBUG main            d.u.i.k.p.i.AbstractProblemLoader Init config took 6.02s 
443427     INFO  main            d.u.i.k.p.i.AbstractProblemLoader Replaying proof Fib[Fib::Fib(int)].JML normal_behavior operation contract.0 
443564     DEBUG main            d.u.i.k.p.i.IntermediateProofReplayer Proof replay took 133.47ms 
443565     DEBUG main            d.u.i.k.p.r.p.TestFile    ... success: reloaded. 
443566     INFO  main            d.u.i.k.p.r.p.TestFile    Now processing file /home/runner/work/key/key/key.core/../key.ui/examples/heap/permissions/threads/Fib_initPost_accessible.key 
443567     INFO  main            d.u.i.k.p.i.AbstractProblemLoader Loading environment from /home/runner/work/key/key/key.core/../key.ui/examples/heap/permissions/threads/Fib_initPost_accessible.key 
443567     DEBUG main            d.u.i.k.p.i.AbstractProblemLoader Environment load took 144.7ns 
443568     INFO  main            d.u.i.k.p.i.AbstractProblemLoader Creating init config 
449699     DEBUG main            d.u.i.k.p.i.AbstractProblemLoader Init config took 6.13s 
449801     INFO  main            d.u.i.k.p.i.AbstractProblemLoader Replaying proof Fib[ThreadSpec::initPost()].JML accessible clause.0 
449803     DEBUG main            d.u.i.k.p.i.IntermediateProofReplayer Proof replay took 9.8ns 
449905     INFO  main            d.u.i.k.p.r.p.TestFile    ... finished proof: closed. 
450412     INFO  main            d.u.i.k.p.i.AbstractProblemLoader Loading environment from /home/runner/work/key/key/key.core/../key.ui/examples/heap/permissions/threads/Fib_initPost_accessible.key.proof 
450413     DEBUG main            d.u.i.k.p.i.AbstractProblemLoader Environment load took 121.2ns 
450414     INFO  main            d.u.i.k.p.i.AbstractProblemLoader Creating init config 
456396     DEBUG main            d.u.i.k.p.i.AbstractProblemLoader Init config took 5.98s 
456495     INFO  main            d.u.i.k.p.i.AbstractProblemLoader Replaying proof Fib[ThreadSpec::initPost()].JML accessible clause.0 
456504     DEBUG main            d.u.i.k.p.i.IntermediateProofReplayer Proof replay took 6.17ms 
456505     DEBUG main            d.u.i.k.p.r.p.TestFile    ... success: reloaded. 
456507     INFO  main            d.u.i.k.p.r.p.TestFile    Now processing file /home/runner/work/key/key/key.core/../key.ui/examples/heap/permissions/threads/Fib_inv1_accessible.key 
456507     INFO  main            d.u.i.k.p.i.AbstractProblemLoader Loading environment from /home/runner/work/key/key/key.core/../key.ui/examples/heap/permissions/threads/Fib_inv1_accessible.key 
456507     DEBUG main            d.u.i.k.p.i.AbstractProblemLoader Environment load took 131.2ns 
456508     INFO  main            d.u.i.k.p.i.AbstractProblemLoader Creating init config 
462781     DEBUG main            d.u.i.k.p.i.AbstractProblemLoader Init config took 6.27s 
462882     INFO  main            d.u.i.k.p.i.AbstractProblemLoader Replaying proof Fib[java.lang.Object::<inv>()].JML accessible clause.0 
462884     DEBUG main            d.u.i.k.p.i.IntermediateProofReplayer Proof replay took 8.8ns 
462986     INFO  main            d.u.i.k.p.r.p.TestFile    ... finished proof: closed. 
463555     INFO  main            d.u.i.k.p.i.AbstractProblemLoader Loading environment from /home/runner/work/key/key/key.core/../key.ui/examples/heap/permissions/threads/Fib_inv1_accessible.key.proof 
463555     DEBUG main            d.u.i.k.p.i.AbstractProblemLoader Environment load took 109.1ns 
463556     INFO  main            d.u.i.k.p.i.AbstractProblemLoader Creating init config 
469669     DEBUG main            d.u.i.k.p.i.AbstractProblemLoader Init config took 6.11s 
469786     INFO  main            d.u.i.k.p.i.AbstractProblemLoader Replaying proof Fib[java.lang.Object::<inv>()].JML accessible clause.0 
469790     DEBUG main            d.u.i.k.p.i.IntermediateProofReplayer Proof replay took 2.28ms 
469791     DEBUG main            d.u.i.k.p.r.p.TestFile    ... success: reloaded. 
469792     INFO  main            d.u.i.k.p.r.p.TestFile    Now processing file /home/runner/work/key/key/key.core/../key.ui/examples/heap/permissions/threads/Fib_inv2_accessible.key 
469793     INFO  main            d.u.i.k.p.i.AbstractProblemLoader Loading environment from /home/runner/work/key/key/key.core/../key.ui/examples/heap/permissions/threads/Fib_inv2_accessible.key 
469793     DEBUG main            d.u.i.k.p.i.AbstractProblemLoader Environment load took 108.7ns 
469794     INFO  main            d.u.i.k.p.i.AbstractProblemLoader Creating init config 
476123     DEBUG main            d.u.i.k.p.i.AbstractProblemLoader Init config took 6.33s 
476235     INFO  main            d.u.i.k.p.i.AbstractProblemLoader Replaying proof Fib[java.lang.Object::<inv>()].JML accessible clause.1 
476237     DEBUG main            d.u.i.k.p.i.IntermediateProofReplayer Proof replay took 8.3ns 
476339     INFO  main            d.u.i.k.p.r.p.TestFile    ... finished proof: closed. 
476878     INFO  main            d.u.i.k.p.i.AbstractProblemLoader Loading environment from /home/runner/work/key/key/key.core/../key.ui/examples/heap/permissions/threads/Fib_inv2_accessible.key.proof 
476878     DEBUG main            d.u.i.k.p.i.AbstractProblemLoader Environment load took 116.6ns 
476879     INFO  main            d.u.i.k.p.i.AbstractProblemLoader Creating init config 
483071     DEBUG main            d.u.i.k.p.i.AbstractProblemLoader Init config took 6.19s 
483174     INFO  main            d.u.i.k.p.i.AbstractProblemLoader Replaying proof Fib[java.lang.Object::<inv>()].JML accessible clause.1 
483178     DEBUG main            d.u.i.k.p.i.IntermediateProofReplayer Proof replay took 2.44ms 
483179     DEBUG main            d.u.i.k.p.r.p.TestFile    ... success: reloaded. 
483180     INFO  main            d.u.i.k.p.r.p.TestFile    Now processing file /home/runner/work/key/key/key.core/../key.ui/examples/heap/permissions/threads/Fib_joinTransfer_accessible.key 
483180     INFO  main            d.u.i.k.p.i.AbstractProblemLoader Loading environment from /home/runner/work/key/key/key.core/../key.ui/examples/heap/permissions/threads/Fib_joinTransfer_accessible.key 
483181     DEBUG main            d.u.i.k.p.i.AbstractProblemLoader Environment load took 72.3ns 
483182     INFO  main            d.u.i.k.p.i.AbstractProblemLoader Creating init config 
489103     DEBUG main            d.u.i.k.p.i.AbstractProblemLoader Init config took 5.92s 
489202     INFO  main            d.u.i.k.p.i.AbstractProblemLoader Replaying proof Fib[ThreadSpec::joinTransfer()].JML accessible clause.0 
489204     DEBUG main            d.u.i.k.p.i.IntermediateProofReplayer Proof replay took 8.6ns 
489410     INFO  main            d.u.i.k.p.r.p.TestFile    ... finished proof: closed. 
489957     INFO  main            d.u.i.k.p.i.AbstractProblemLoader Loading environment from /home/runner/work/key/key/key.core/../key.ui/examples/heap/permissions/threads/Fib_joinTransfer_accessible.key.proof 
489957     DEBUG main            d.u.i.k.p.i.AbstractProblemLoader Environment load took 447.99ns 
489959     INFO  main            d.u.i.k.p.i.AbstractProblemLoader Creating init config 
495970     DEBUG main            d.u.i.k.p.i.AbstractProblemLoader Init config took 6.01s 
496072     INFO  main            d.u.i.k.p.i.AbstractProblemLoader Replaying proof Fib[ThreadSpec::joinTransfer()].JML accessible clause.0 
496131     DEBUG main            d.u.i.k.p.i.IntermediateProofReplayer Proof replay took 55.99ms 
496132     DEBUG main            d.u.i.k.p.r.p.TestFile    ... success: reloaded. 
496134     INFO  main            d.u.i.k.p.r.p.TestFile    Now processing file /home/runner/work/key/key/key.core/../key.ui/examples/heap/permissions/threads/Fib_joinTransfer_contract.key 
496134     INFO  main            d.u.i.k.p.i.AbstractProblemLoader Loading environment from /home/runner/work/key/key/key.core/../key.ui/examples/heap/permissions/threads/Fib_joinTransfer_contract.key 
496134     DEBUG main            d.u.i.k.p.i.AbstractProblemLoader Environment load took 123.7ns 
496136     INFO  main            d.u.i.k.p.i.AbstractProblemLoader Creating init config 
502358     DEBUG main            d.u.i.k.p.i.AbstractProblemLoader Init config took 6.22s 
502459     INFO  main            d.u.i.k.p.i.AbstractProblemLoader Replaying proof Fib[ThreadSpec::joinTransfer()].JML model_behavior operation contract.0 
502460     DEBUG main            d.u.i.k.p.i.IntermediateProofReplayer Proof replay took 8.6ns 
502562     INFO  main            d.u.i.k.p.r.p.TestFile    ... finished proof: closed. 
503093     INFO  main            d.u.i.k.p.i.AbstractProblemLoader Loading environment from /home/runner/work/key/key/key.core/../key.ui/examples/heap/permissions/threads/Fib_joinTransfer_contract.key.proof 
503093     DEBUG main            d.u.i.k.p.i.AbstractProblemLoader Environment load took 117.9ns 
503094     INFO  main            d.u.i.k.p.i.AbstractProblemLoader Creating init config 
508905     DEBUG main            d.u.i.k.p.i.AbstractProblemLoader Init config took 5.81s 
509031     INFO  main            d.u.i.k.p.i.AbstractProblemLoader Replaying proof Fib[ThreadSpec::joinTransfer()].JML model_behavior operation contract.0 
509042     DEBUG main            d.u.i.k.p.i.IntermediateProofReplayer Proof replay took 8.9ms 
509043     DEBUG main            d.u.i.k.p.r.p.TestFile    ... success: reloaded. 
509044     INFO  main            d.u.i.k.p.r.p.TestFile    Now processing file /home/runner/work/key/key/key.core/../key.ui/examples/heap/permissions/threads/Fib_postJoin_accessible.key 
509044     INFO  main            d.u.i.k.p.i.AbstractProblemLoader Loading environment from /home/runner/work/key/key/key.core/../key.ui/examples/heap/permissions/threads/Fib_postJoin_accessible.key 
509044     DEBUG main            d.u.i.k.p.i.AbstractProblemLoader Environment load took 211.41ns 
509045     INFO  main            d.u.i.k.p.i.AbstractProblemLoader Creating init config 
515058     DEBUG main            d.u.i.k.p.i.AbstractProblemLoader Init config took 6.01s 
515162     INFO  main            d.u.i.k.p.i.AbstractProblemLoader Replaying proof Fib[ThreadSpec::postJoin(java.lang.Object)].JML accessible clause.0 
515164     DEBUG main            d.u.i.k.p.i.IntermediateProofReplayer Proof replay took 8ns 
515266     INFO  main            d.u.i.k.p.r.p.TestFile    ... finished proof: closed. 
515818     INFO  main            d.u.i.k.p.i.AbstractProblemLoader Loading environment from /home/runner/work/key/key/key.core/../key.ui/examples/heap/permissions/threads/Fib_postJoin_accessible.key.proof 
515818     DEBUG main            d.u.i.k.p.i.AbstractProblemLoader Environment load took 108.8ns 
515819     INFO  main            d.u.i.k.p.i.AbstractProblemLoader Creating init config 
521796     DEBUG main            d.u.i.k.p.i.AbstractProblemLoader Init config took 5.98s 
521920     INFO  main            d.u.i.k.p.i.AbstractProblemLoader Replaying proof Fib[ThreadSpec::postJoin(java.lang.Object)].JML accessible clause.0 
521932     DEBUG main            d.u.i.k.p.i.IntermediateProofReplayer Proof replay took 8.98ms 
521933     DEBUG main            d.u.i.k.p.r.p.TestFile    ... success: reloaded. 
521934     INFO  main            d.u.i.k.p.r.p.TestFile    Now processing file /home/runner/work/key/key/key.core/../key.ui/examples/heap/permissions/threads/Fib_preStart_accessible.key 
521934     INFO  main            d.u.i.k.p.i.AbstractProblemLoader Loading environment from /home/runner/work/key/key/key.core/../key.ui/examples/heap/permissions/threads/Fib_preStart_accessible.key 
521934     DEBUG main            d.u.i.k.p.i.AbstractProblemLoader Environment load took 103.2ns 
521935     INFO  main            d.u.i.k.p.i.AbstractProblemLoader Creating init config 
527970     DEBUG main            d.u.i.k.p.i.AbstractProblemLoader Init config took 6.03s 
528078     INFO  main            d.u.i.k.p.i.AbstractProblemLoader Replaying proof Fib[ThreadSpec::preStart(java.lang.Object)].JML accessible clause.0 
528080     DEBUG main            d.u.i.k.p.i.IntermediateProofReplayer Proof replay took 10.9ns 
528183     INFO  main            d.u.i.k.p.r.p.TestFile    ... finished proof: closed. 
528777     INFO  main            d.u.i.k.p.i.AbstractProblemLoader Loading environment from /home/runner/work/key/key/key.core/../key.ui/examples/heap/permissions/threads/Fib_preStart_accessible.key.proof 
528778     DEBUG main            d.u.i.k.p.i.AbstractProblemLoader Environment load took 115.3ns 
528779     INFO  main            d.u.i.k.p.i.AbstractProblemLoader Creating init config 
534874     DEBUG main            d.u.i.k.p.i.AbstractProblemLoader Init config took 6.1s 
534985     INFO  main            d.u.i.k.p.i.AbstractProblemLoader Replaying proof Fib[ThreadSpec::preStart(java.lang.Object)].JML accessible clause.0 
534995     DEBUG main            d.u.i.k.p.i.IntermediateProofReplayer Proof replay took 7.17ms 
534996     DEBUG main            d.u.i.k.p.r.p.TestFile    ... success: reloaded. 
534997     INFO  main            d.u.i.k.p.r.p.TestFile    Now processing file /home/runner/work/key/key/key.core/../key.ui/examples/heap/permissions/threads/Fib_startTransfer_accessible.key 
534997     INFO  main            d.u.i.k.p.i.AbstractProblemLoader Loading environment from /home/runner/work/key/key/key.core/../key.ui/examples/heap/permissions/threads/Fib_startTransfer_accessible.key 
534998     DEBUG main            d.u.i.k.p.i.AbstractProblemLoader Environment load took 98.3ns 
534999     INFO  main            d.u.i.k.p.i.AbstractProblemLoader Creating init config 
541202     DEBUG main            d.u.i.k.p.i.AbstractProblemLoader Init config took 6.2s 
541330     INFO  main            d.u.i.k.p.i.AbstractProblemLoader Replaying proof Fib[ThreadSpec::startTransfer()].JML accessible clause.0 
541332     DEBUG main            d.u.i.k.p.i.IntermediateProofReplayer Proof replay took 8.6ns 
541635     INFO  main            d.u.i.k.p.r.p.TestFile    ... finished proof: closed. 
542236     INFO  main            d.u.i.k.p.i.AbstractProblemLoader Loading environment from /home/runner/work/key/key/key.core/../key.ui/examples/heap/permissions/threads/Fib_startTransfer_accessible.key.proof 
542237     DEBUG main            d.u.i.k.p.i.AbstractProblemLoader Environment load took 493.1ns 
542238     INFO  main            d.u.i.k.p.i.AbstractProblemLoader Creating init config 
548278     DEBUG main            d.u.i.k.p.i.AbstractProblemLoader Init config took 6.04s 
548377     INFO  main            d.u.i.k.p.i.AbstractProblemLoader Replaying proof Fib[ThreadSpec::startTransfer()].JML accessible clause.0 
548425     DEBUG main            d.u.i.k.p.i.IntermediateProofReplayer Proof replay took 46.11ms 
548426     DEBUG main            d.u.i.k.p.r.p.TestFile    ... success: reloaded. 
548428     INFO  main            d.u.i.k.p.r.p.TestFile    Now processing file /home/runner/work/key/key/key.core/../key.ui/examples/heap/permissions/threads/Fib_startTransfer_contract.key 
548428     INFO  main            d.u.i.k.p.i.AbstractProblemLoader Loading environment from /home/runner/work/key/key/key.core/../key.ui/examples/heap/permissions/threads/Fib_startTransfer_contract.key 
548428     DEBUG main            d.u.i.k.p.i.AbstractProblemLoader Environment load took 80.7ns 
548429     INFO  main            d.u.i.k.p.i.AbstractProblemLoader Creating init config 
554514     DEBUG main            d.u.i.k.p.i.AbstractProblemLoader Init config took 6.08s 
554622     INFO  main            d.u.i.k.p.i.AbstractProblemLoader Replaying proof Fib[ThreadSpec::startTransfer()].JML model_behavior operation contract.0 
554624     DEBUG main            d.u.i.k.p.i.IntermediateProofReplayer Proof replay took 8.9ns 
554729     INFO  main            d.u.i.k.p.r.p.TestFile    ... finished proof: closed. 
555327     INFO  main            d.u.i.k.p.i.AbstractProblemLoader Loading environment from /home/runner/work/key/key/key.core/../key.ui/examples/heap/permissions/threads/Fib_startTransfer_contract.key.proof 
555327     DEBUG main            d.u.i.k.p.i.AbstractProblemLoader Environment load took 143.7ns 
555328     INFO  main            d.u.i.k.p.i.AbstractProblemLoader Creating init config 
561373     DEBUG main            d.u.i.k.p.i.AbstractProblemLoader Init config took 6.04s 
561492     INFO  main            d.u.i.k.p.i.AbstractProblemLoader Replaying proof Fib[ThreadSpec::startTransfer()].JML model_behavior operation contract.0 
561503     DEBUG main            d.u.i.k.p.i.IntermediateProofReplayer Proof replay took 9.45ms 
561505     DEBUG main            d.u.i.k.p.r.p.TestFile    ... success: reloaded. 
561506     INFO  main            d.u.i.k.p.r.p.TestFile    Now processing file /home/runner/work/key/key/key.core/../key.ui/examples/heap/permissions/threads/Fib_workingPermissions_accessible.key 
561506     INFO  main            d.u.i.k.p.i.AbstractProblemLoader Loading environment from /home/runner/work/key/key/key.core/../key.ui/examples/heap/permissions/threads/Fib_workingPermissions_accessible.key 
561506     DEBUG main            d.u.i.k.p.i.AbstractProblemLoader Environment load took 103.8ns 
561507     INFO  main            d.u.i.k.p.i.AbstractProblemLoader Creating init config 
567662     DEBUG main            d.u.i.k.p.i.AbstractProblemLoader Init config took 6.15s 
567770     INFO  main            d.u.i.k.p.i.AbstractProblemLoader Replaying proof Fib[ThreadSpec::workingPermissions()].JML accessible clause.0 
567772     DEBUG main            d.u.i.k.p.i.IntermediateProofReplayer Proof replay took 21ns 
567878     INFO  main            d.u.i.k.p.r.p.TestFile    ... finished proof: closed. 
568479     INFO  main            d.u.i.k.p.i.AbstractProblemLoader Loading environment from /home/runner/work/key/key/key.core/../key.ui/examples/heap/permissions/threads/Fib_workingPermissions_accessible.key.proof 
568479     DEBUG main            d.u.i.k.p.i.AbstractProblemLoader Environment load took 161.4ns 
568480     INFO  main            d.u.i.k.p.i.AbstractProblemLoader Creating init config 
574507     DEBUG main            d.u.i.k.p.i.AbstractProblemLoader Init config took 6.03s 
574613     INFO  main            d.u.i.k.p.i.AbstractProblemLoader Replaying proof Fib[ThreadSpec::workingPermissions()].JML accessible clause.0 
574617     DEBUG main            d.u.i.k.p.i.IntermediateProofReplayer Proof replay took 2.95ms 
574618     DEBUG main            d.u.i.k.p.r.p.TestFile    ... success: reloaded. 
574619     INFO  main            d.u.i.k.p.r.p.TestFile    Now processing file /home/runner/work/key/key/key.core/../key.ui/examples/heap/permissions/threads/Plotter_initPost_accessible.key 
574620     INFO  main            d.u.i.k.p.i.AbstractProblemLoader Loading environment from /home/runner/work/key/key/key.core/../key.ui/examples/heap/permissions/threads/Plotter_initPost_accessible.key 
574620     DEBUG main            d.u.i.k.p.i.AbstractProblemLoader Environment load took 73.6ns 
574621     INFO  main            d.u.i.k.p.i.AbstractProblemLoader Creating init config 
580651     DEBUG main            d.u.i.k.p.i.AbstractProblemLoader Init config took 6.03s 
580786     INFO  main            d.u.i.k.p.i.AbstractProblemLoader Replaying proof Plotter[ThreadSpec2::initPost()].JML accessible clause.0 
580787     DEBUG main            d.u.i.k.p.i.IntermediateProofReplayer Proof replay took 9.9ns 
580990     INFO  main            d.u.i.k.p.r.p.TestFile    ... finished proof: closed. 
581602     INFO  main            d.u.i.k.p.i.AbstractProblemLoader Loading environment from /home/runner/work/key/key/key.core/../key.ui/examples/heap/permissions/threads/Plotter_initPost_accessible.key.proof 
581602     DEBUG main            d.u.i.k.p.i.AbstractProblemLoader Environment load took 117.8ns 
581604     INFO  main            d.u.i.k.p.i.AbstractProblemLoader Creating init config 
587771     DEBUG main            d.u.i.k.p.i.AbstractProblemLoader Init config took 6.17s 
587908     INFO  main            d.u.i.k.p.i.AbstractProblemLoader Replaying proof Plotter[ThreadSpec2::initPost()].JML accessible clause.0 
587931     DEBUG main            d.u.i.k.p.i.IntermediateProofReplayer Proof replay took 19.74ms 
587932     DEBUG main            d.u.i.k.p.r.p.TestFile    ... success: reloaded. 
587933     INFO  main            d.u.i.k.p.r.p.TestFile    Now processing file /home/runner/work/key/key/key.core/../key.ui/examples/heap/permissions/threads/Plotter_inv_accessible1.key 
587934     INFO  main            d.u.i.k.p.i.AbstractProblemLoader Loading environment from /home/runner/work/key/key/key.core/../key.ui/examples/heap/permissions/threads/Plotter_inv_accessible1.key 
587934     DEBUG main            d.u.i.k.p.i.AbstractProblemLoader Environment load took 73.3ns 
587935     INFO  main            d.u.i.k.p.i.AbstractProblemLoader Creating init config 
594685     DEBUG main            d.u.i.k.p.i.AbstractProblemLoader Init config took 6.75s 
594798     INFO  main            d.u.i.k.p.i.AbstractProblemLoader Replaying proof Plotter[java.lang.Object::<inv>()].JML accessible clause.0 
594800     DEBUG main            d.u.i.k.p.i.IntermediateProofReplayer Proof replay took 9.6ns 
594903     INFO  main            d.u.i.k.p.r.p.TestFile    ... finished proof: closed. 
595578     INFO  main            d.u.i.k.p.i.AbstractProblemLoader Loading environment from /home/runner/work/key/key/key.core/../key.ui/examples/heap/permissions/threads/Plotter_inv_accessible1.key.proof 
595579     DEBUG main            d.u.i.k.p.i.AbstractProblemLoader Environment load took 144.8ns 
595580     INFO  main            d.u.i.k.p.i.AbstractProblemLoader Creating init config 
601852     DEBUG main            d.u.i.k.p.i.AbstractProblemLoader Init config took 6.27s 
601979     INFO  main            d.u.i.k.p.i.AbstractProblemLoader Replaying proof Plotter[java.lang.Object::<inv>()].JML accessible clause.0 
601983     DEBUG main            d.u.i.k.p.i.IntermediateProofReplayer Proof replay took 2.2ms 
601984     DEBUG main            d.u.i.k.p.r.p.TestFile    ... success: reloaded. 
601985     INFO  main            d.u.i.k.p.r.p.TestFile    Now processing file /home/runner/work/key/key/key.core/../key.ui/examples/heap/permissions/threads/Plotter_inv_accessible2.key 
601985     INFO  main            d.u.i.k.p.i.AbstractProblemLoader Loading environment from /home/runner/work/key/key/key.core/../key.ui/examples/heap/permissions/threads/Plotter_inv_accessible2.key 
601985     DEBUG main            d.u.i.k.p.i.AbstractProblemLoader Environment load took 87.2ns 
601986     INFO  main            d.u.i.k.p.i.AbstractProblemLoader Creating init config 
608296     DEBUG main            d.u.i.k.p.i.AbstractProblemLoader Init config took 6.31s 
608411     INFO  main            d.u.i.k.p.i.AbstractProblemLoader Replaying proof Plotter[java.lang.Object::<inv>()].JML accessible clause.1 
608413     DEBUG main            d.u.i.k.p.i.IntermediateProofReplayer Proof replay took 8.4ns 
608515     INFO  main            d.u.i.k.p.r.p.TestFile    ... finished proof: closed. 
609167     INFO  main            d.u.i.k.p.i.AbstractProblemLoader Loading environment from /home/runner/work/key/key/key.core/../key.ui/examples/heap/permissions/threads/Plotter_inv_accessible2.key.proof 
609167     DEBUG main            d.u.i.k.p.i.AbstractProblemLoader Environment load took 125.4ns 
609168     INFO  main            d.u.i.k.p.i.AbstractProblemLoader Creating init config 
615366     DEBUG main            d.u.i.k.p.i.AbstractProblemLoader Init config took 6.2s 
615471     INFO  main            d.u.i.k.p.i.AbstractProblemLoader Replaying proof Plotter[java.lang.Object::<inv>()].JML accessible clause.1 
615475     DEBUG main            d.u.i.k.p.i.IntermediateProofReplayer Proof replay took 2.25ms 
615477     DEBUG main            d.u.i.k.p.r.p.TestFile    ... success: reloaded. 
615478     INFO  main            d.u.i.k.p.r.p.TestFile    Now processing file /home/runner/work/key/key/key.core/../key.ui/examples/heap/permissions/threads/Plotter_joinTransfer_contract.key 
615478     INFO  main            d.u.i.k.p.i.AbstractProblemLoader Loading environment from /home/runner/work/key/key/key.core/../key.ui/examples/heap/permissions/threads/Plotter_joinTransfer_contract.key 
615478     DEBUG main            d.u.i.k.p.i.AbstractProblemLoader Environment load took 108.1ns 
615479     INFO  main            d.u.i.k.p.i.AbstractProblemLoader Creating init config 
621857     DEBUG main            d.u.i.k.p.i.AbstractProblemLoader Init config took 6.38s 
621991     INFO  main            d.u.i.k.p.i.AbstractProblemLoader Replaying proof Plotter[ThreadSpec2::joinTransfer()].JML model_behavior operation contract.0 
621993     DEBUG main            d.u.i.k.p.i.IntermediateProofReplayer Proof replay took 9.6ns 
622095     INFO  main            d.u.i.k.p.r.p.TestFile    ... finished proof: closed. 
622742     INFO  main            d.u.i.k.p.i.AbstractProblemLoader Loading environment from /home/runner/work/key/key/key.core/../key.ui/examples/heap/permissions/threads/Plotter_joinTransfer_contract.key.proof 
622742     DEBUG main            d.u.i.k.p.i.AbstractProblemLoader Environment load took 105.8ns 
622743     INFO  main            d.u.i.k.p.i.AbstractProblemLoader Creating init config 
628846     DEBUG main            d.u.i.k.p.i.AbstractProblemLoader Init config took 6.1s 
628950     INFO  main            d.u.i.k.p.i.AbstractProblemLoader Replaying proof Plotter[ThreadSpec2::joinTransfer()].JML model_behavior operation contract.0 
628963     DEBUG main            d.u.i.k.p.i.IntermediateProofReplayer Proof replay took 11.11ms 
628964     DEBUG main            d.u.i.k.p.r.p.TestFile    ... success: reloaded. 
628965     INFO  main            d.u.i.k.p.r.p.TestFile    Now processing file /home/runner/work/key/key/key.core/../key.ui/examples/heap/permissions/threads/Plotter_Plotter.key 
628965     INFO  main            d.u.i.k.p.i.AbstractProblemLoader Loading environment from /home/runner/work/key/key/key.core/../key.ui/examples/heap/permissions/threads/Plotter_Plotter.key 
628965     DEBUG main            d.u.i.k.p.i.AbstractProblemLoader Environment load took 64.6ns 
628966     INFO  main            d.u.i.k.p.i.AbstractProblemLoader Creating init config 
635160     DEBUG main            d.u.i.k.p.i.AbstractProblemLoader Init config took 6.19s 
635267     INFO  main            d.u.i.k.p.i.AbstractProblemLoader Replaying proof Plotter[Plotter::Plotter(AFilter,BFilter,Buffer)].JML normal_behavior operation contract.0 
635269     DEBUG main            d.u.i.k.p.i.IntermediateProofReplayer Proof replay took 9.4ns 
637692     INFO  main            d.u.i.k.p.r.p.TestFile    ... finished proof: closed. 
638340     INFO  main            d.u.i.k.p.i.AbstractProblemLoader Loading environment from /home/runner/work/key/key/key.core/../key.ui/examples/heap/permissions/threads/Plotter_Plotter.key.proof 
638340     DEBUG main            d.u.i.k.p.i.AbstractProblemLoader Environment load took 101.9ns 
638341     INFO  main            d.u.i.k.p.i.AbstractProblemLoader Creating init config 
644461     DEBUG main            d.u.i.k.p.i.AbstractProblemLoader Init config took 6.12s 
644567     INFO  main            d.u.i.k.p.i.AbstractProblemLoader Replaying proof Plotter[Plotter::Plotter(AFilter,BFilter,Buffer)].JML normal_behavior operation contract.0 
644927     DEBUG main            d.u.i.k.p.i.IntermediateProofReplayer Proof replay took 353.75ms 
644929     DEBUG main            d.u.i.k.p.r.p.TestFile    ... success: reloaded. 
644930     INFO  main            d.u.i.k.p.r.p.TestFile    Now processing file /home/runner/work/key/key/key.core/../key.ui/examples/heap/permissions/threads/Plotter_postJoin_accessible.key 
644930     INFO  main            d.u.i.k.p.i.AbstractProblemLoader Loading environment from /home/runner/work/key/key/key.core/../key.ui/examples/heap/permissions/threads/Plotter_postJoin_accessible.key 
644930     DEBUG main            d.u.i.k.p.i.AbstractProblemLoader Environment load took 78.2ns 
644931     INFO  main            d.u.i.k.p.i.AbstractProblemLoader Creating init config 
651004     DEBUG main            d.u.i.k.p.i.AbstractProblemLoader Init config took 6.07s 
651109     INFO  main            d.u.i.k.p.i.AbstractProblemLoader Replaying proof Plotter[ThreadSpec2::postJoin(java.lang.Object)].JML accessible clause.0 
651111     DEBUG main            d.u.i.k.p.i.IntermediateProofReplayer Proof replay took 9ns 
651313     INFO  main            d.u.i.k.p.r.p.TestFile    ... finished proof: closed. 
651971     INFO  main            d.u.i.k.p.i.AbstractProblemLoader Loading environment from /home/runner/work/key/key/key.core/../key.ui/examples/heap/permissions/threads/Plotter_postJoin_accessible.key.proof 
651971     DEBUG main            d.u.i.k.p.i.AbstractProblemLoader Environment load took 102.6ns 
651972     INFO  main            d.u.i.k.p.i.AbstractProblemLoader Creating init config 
657960     DEBUG main            d.u.i.k.p.i.AbstractProblemLoader Init config took 5.99s 
658095     INFO  main            d.u.i.k.p.i.AbstractProblemLoader Replaying proof Plotter[ThreadSpec2::postJoin(java.lang.Object)].JML accessible clause.0 
658114     DEBUG main            d.u.i.k.p.i.IntermediateProofReplayer Proof replay took 16.61ms 
658116     DEBUG main            d.u.i.k.p.r.p.TestFile    ... success: reloaded. 
658117     INFO  main            d.u.i.k.p.r.p.TestFile    Now processing file /home/runner/work/key/key/key.core/../key.ui/examples/heap/permissions/threads/Plotter_preStart_accessible.key 
658117     INFO  main            d.u.i.k.p.i.AbstractProblemLoader Loading environment from /home/runner/work/key/key/key.core/../key.ui/examples/heap/permissions/threads/Plotter_preStart_accessible.key 
658118     DEBUG main            d.u.i.k.p.i.AbstractProblemLoader Environment load took 207.7ns 
658119     INFO  main            d.u.i.k.p.i.AbstractProblemLoader Creating init config 
663997     DEBUG main            d.u.i.k.p.i.AbstractProblemLoader Init config took 5.88s 
664125     INFO  main            d.u.i.k.p.i.AbstractProblemLoader Replaying proof Plotter[ThreadSpec2::preStart(java.lang.Object)].JML accessible clause.0 
664127     DEBUG main            d.u.i.k.p.i.IntermediateProofReplayer Proof replay took 8.7ns 
665532     INFO  main            d.u.i.k.p.r.p.TestFile    ... finished proof: closed. 
666222     INFO  main            d.u.i.k.p.i.AbstractProblemLoader Loading environment from /home/runner/work/key/key/key.core/../key.ui/examples/heap/permissions/threads/Plotter_preStart_accessible.key.proof 
666222     DEBUG main            d.u.i.k.p.i.AbstractProblemLoader Environment load took 104.8ns 
666223     INFO  main            d.u.i.k.p.i.AbstractProblemLoader Creating init config 
672057     DEBUG main            d.u.i.k.p.i.AbstractProblemLoader Init config took 5.83s 
672156     INFO  main            d.u.i.k.p.i.AbstractProblemLoader Replaying proof Plotter[ThreadSpec2::preStart(java.lang.Object)].JML accessible clause.0 
672270     DEBUG main            d.u.i.k.p.i.IntermediateProofReplayer Proof replay took 109.31ms 
672272     DEBUG main            d.u.i.k.p.r.p.TestFile    ... success: reloaded. 
672273     INFO  main            d.u.i.k.p.r.p.TestFile    Now processing file /home/runner/work/key/key/key.core/../key.ui/examples/heap/permissions/threads/Plotter_stateInv_accessible.key 
672273     INFO  main            d.u.i.k.p.i.AbstractProblemLoader Loading environment from /home/runner/work/key/key/key.core/../key.ui/examples/heap/permissions/threads/Plotter_stateInv_accessible.key 
672274     DEBUG main            d.u.i.k.p.i.AbstractProblemLoader Environment load took 62.6ns 
672275     INFO  main            d.u.i.k.p.i.AbstractProblemLoader Creating init config 
678239     DEBUG main            d.u.i.k.p.i.AbstractProblemLoader Init config took 5.96s 
678348     INFO  main            d.u.i.k.p.i.AbstractProblemLoader Replaying proof Plotter[ThreadSpec2::stateInv()].JML accessible clause.0 
678349     DEBUG main            d.u.i.k.p.i.IntermediateProofReplayer Proof replay took 9.5ns 
688279     INFO  main            d.u.i.k.p.r.p.TestFile    ... finished proof: closed. 
688985     INFO  main            d.u.i.k.p.i.AbstractProblemLoader Loading environment from /home/runner/work/key/key/key.core/../key.ui/examples/heap/permissions/threads/Plotter_stateInv_accessible.key.proof 
688985     DEBUG main            d.u.i.k.p.i.AbstractProblemLoader Environment load took 384.7ns 
688987     INFO  main            d.u.i.k.p.i.AbstractProblemLoader Creating init config 
694779     DEBUG main            d.u.i.k.p.i.AbstractProblemLoader Init config took 5.79s 
694878     INFO  main            d.u.i.k.p.i.AbstractProblemLoader Replaying proof Plotter[ThreadSpec2::stateInv()].JML accessible clause.0 
695739     DEBUG main            d.u.i.k.p.i.IntermediateProofReplayer Proof replay took 847.23ms 
695741     DEBUG main            d.u.i.k.p.r.p.TestFile    ... success: reloaded. 
695742     INFO  main            d.u.i.k.p.r.p.TestFile    Now processing file /home/runner/work/key/key/key.core/../key.ui/examples/heap/permissions/threads/Plotter_staticPermissions_accessible.key 
695743     INFO  main            d.u.i.k.p.i.AbstractProblemLoader Loading environment from /home/runner/work/key/key/key.core/../key.ui/examples/heap/permissions/threads/Plotter_staticPermissions_accessible.key 
695743     DEBUG main            d.u.i.k.p.i.AbstractProblemLoader Environment load took 108.1ns 
695744     INFO  main            d.u.i.k.p.i.AbstractProblemLoader Creating init config 
701632     DEBUG main            d.u.i.k.p.i.AbstractProblemLoader Init config took 5.89s 
701768     INFO  main            d.u.i.k.p.i.AbstractProblemLoader Replaying proof Plotter[ThreadSpec2::staticPermissions()].JML accessible clause.0 
701770     DEBUG main            d.u.i.k.p.i.IntermediateProofReplayer Proof replay took 273ns 
702674     INFO  main            d.u.i.k.p.r.p.TestFile    ... finished proof: closed. 
703358     INFO  main            d.u.i.k.p.i.AbstractProblemLoader Loading environment from /home/runner/work/key/key/key.core/../key.ui/examples/heap/permissions/threads/Plotter_staticPermissions_accessible.key.proof 
703358     DEBUG main            d.u.i.k.p.i.AbstractProblemLoader Environment load took 122.6ns 
703359     INFO  main            d.u.i.k.p.i.AbstractProblemLoader Creating init config 
709148     DEBUG main            d.u.i.k.p.i.AbstractProblemLoader Init config took 5.79s 
709247     INFO  main            d.u.i.k.p.i.AbstractProblemLoader Replaying proof Plotter[ThreadSpec2::staticPermissions()].JML accessible clause.0 
709331     DEBUG main            d.u.i.k.p.i.IntermediateProofReplayer Proof replay took 81.02ms 
709332     DEBUG main            d.u.i.k.p.r.p.TestFile    ... success: reloaded. 
709333     INFO  main            d.u.i.k.p.r.p.TestFile    Now processing file /home/runner/work/key/key/key.core/../key.ui/examples/heap/permissions/threads/Plotter_workingPermissions_accessible.key 
709334     INFO  main            d.u.i.k.p.i.AbstractProblemLoader Loading environment from /home/runner/work/key/key/key.core/../key.ui/examples/heap/permissions/threads/Plotter_workingPermissions_accessible.key 
709334     DEBUG main            d.u.i.k.p.i.AbstractProblemLoader Environment load took 85.6ns 
709335     INFO  main            d.u.i.k.p.i.AbstractProblemLoader Creating init config 
715057     DEBUG main            d.u.i.k.p.i.AbstractProblemLoader Init config took 5.72s 
715179     INFO  main            d.u.i.k.p.i.AbstractProblemLoader Replaying proof Plotter[ThreadSpec2::workingPermissions()].JML accessible clause.0 
715181     DEBUG main            d.u.i.k.p.i.IntermediateProofReplayer Proof replay took 3.5ns 
715383     INFO  main            d.u.i.k.p.r.p.TestFile    ... finished proof: closed. 
716040     INFO  main            d.u.i.k.p.i.AbstractProblemLoader Loading environment from /home/runner/work/key/key/key.core/../key.ui/examples/heap/permissions/threads/Plotter_workingPermissions_accessible.key.proof 
716040     DEBUG main            d.u.i.k.p.i.AbstractProblemLoader Environment load took 131.7ns 
716041     INFO  main            d.u.i.k.p.i.AbstractProblemLoader Creating init config 
721728     DEBUG main            d.u.i.k.p.i.AbstractProblemLoader Init config took 5.69s 
721826     INFO  main            d.u.i.k.p.i.AbstractProblemLoader Replaying proof Plotter[ThreadSpec2::workingPermissions()].JML accessible clause.0 
721848     DEBUG main            d.u.i.k.p.i.IntermediateProofReplayer Proof replay took 20.42ms 
721850     DEBUG main            d.u.i.k.p.r.p.TestFile    ... success: reloaded. 
721854     INFO  main            d.u.i.k.p.r.p.TestFile    Now processing file /home/runner/work/key/key/key.core/../key.ui/examples/heap/permissions/threads/Sampler_initPost_accessible.key 
721855     INFO  main            d.u.i.k.p.i.AbstractProblemLoader Loading environment from /home/runner/work/key/key/key.core/../key.ui/examples/heap/permissions/threads/Sampler_initPost_accessible.key 
721855     DEBUG main            d.u.i.k.p.i.AbstractProblemLoader Environment load took 109.5ns 
721856     INFO  main            d.u.i.k.p.i.AbstractProblemLoader Creating init config 
727548     DEBUG main            d.u.i.k.p.i.AbstractProblemLoader Init config took 5.69s 
727683     INFO  main            d.u.i.k.p.i.AbstractProblemLoader Replaying proof Sampler[ThreadSpec2::initPost()].JML accessible clause.0 
727685     DEBUG main            d.u.i.k.p.i.IntermediateProofReplayer Proof replay took 3.8ns 
727786     INFO  main            d.u.i.k.p.r.p.TestFile    ... finished proof: closed. 
728442     INFO  main            d.u.i.k.p.i.AbstractProblemLoader Loading environment from /home/runner/work/key/key/key.core/../key.ui/examples/heap/permissions/threads/Sampler_initPost_accessible.key.proof 
728442     DEBUG main            d.u.i.k.p.i.AbstractProblemLoader Environment load took 107.7ns 
728443     INFO  main            d.u.i.k.p.i.AbstractProblemLoader Creating init config 
733983     DEBUG main            d.u.i.k.p.i.AbstractProblemLoader Init config took 5.54s 
734084     INFO  main            d.u.i.k.p.i.AbstractProblemLoader Replaying proof Sampler[ThreadSpec2::initPost()].JML accessible clause.0 
734093     DEBUG main            d.u.i.k.p.i.IntermediateProofReplayer Proof replay took 6.77ms 
734094     DEBUG main            d.u.i.k.p.r.p.TestFile    ... success: reloaded. 
734095     INFO  main            d.u.i.k.p.r.p.TestFile    Now processing file /home/runner/work/key/key/key.core/../key.ui/examples/heap/permissions/threads/Sampler_inv_accessible1.key 
734095     INFO  main            d.u.i.k.p.i.AbstractProblemLoader Loading environment from /home/runner/work/key/key/key.core/../key.ui/examples/heap/permissions/threads/Sampler_inv_accessible1.key 
734095     DEBUG main            d.u.i.k.p.i.AbstractProblemLoader Environment load took 56.8ns 
734096     INFO  main            d.u.i.k.p.i.AbstractProblemLoader Creating init config 
739827     DEBUG main            d.u.i.k.p.i.AbstractProblemLoader Init config took 5.73s 
739954     INFO  main            d.u.i.k.p.i.AbstractProblemLoader Replaying proof Sampler[java.lang.Object::<inv>()].JML accessible clause.0 
739956     DEBUG main            d.u.i.k.p.i.IntermediateProofReplayer Proof replay took 3.5ns 
740057     INFO  main            d.u.i.k.p.r.p.TestFile    ... finished proof: closed. 
740741     INFO  main            d.u.i.k.p.i.AbstractProblemLoader Loading environment from /home/runner/work/key/key/key.core/../key.ui/examples/heap/permissions/threads/Sampler_inv_accessible1.key.proof 
740741     DEBUG main            d.u.i.k.p.i.AbstractProblemLoader Environment load took 95.5ns 
740742     INFO  main            d.u.i.k.p.i.AbstractProblemLoader Creating init config 
746368     DEBUG main            d.u.i.k.p.i.AbstractProblemLoader Init config took 5.63s 
746461     INFO  main            d.u.i.k.p.i.AbstractProblemLoader Replaying proof Sampler[java.lang.Object::<inv>()].JML accessible clause.0 
746464     DEBUG main            d.u.i.k.p.i.IntermediateProofReplayer Proof replay took 1.99ms 
746465     DEBUG main            d.u.i.k.p.r.p.TestFile    ... success: reloaded. 
746466     INFO  main            d.u.i.k.p.r.p.TestFile    Now processing file /home/runner/work/key/key/key.core/../key.ui/examples/heap/permissions/threads/Sampler_inv_accessible2.key 
746466     INFO  main            d.u.i.k.p.i.AbstractProblemLoader Loading environment from /home/runner/work/key/key/key.core/../key.ui/examples/heap/permissions/threads/Sampler_inv_accessible2.key 
746466     DEBUG main            d.u.i.k.p.i.AbstractProblemLoader Environment load took 208.8ns 
746467     INFO  main            d.u.i.k.p.i.AbstractProblemLoader Creating init config 
752288     DEBUG main            d.u.i.k.p.i.AbstractProblemLoader Init config took 5.82s 
752388     INFO  main            d.u.i.k.p.i.AbstractProblemLoader Replaying proof Sampler[java.lang.Object::<inv>()].JML accessible clause.1 
752389     DEBUG main            d.u.i.k.p.i.IntermediateProofReplayer Proof replay took 3.7ns 
752491     INFO  main            d.u.i.k.p.r.p.TestFile    ... finished proof: closed. 
753166     INFO  main            d.u.i.k.p.i.AbstractProblemLoader Loading environment from /home/runner/work/key/key/key.core/../key.ui/examples/heap/permissions/threads/Sampler_inv_accessible2.key.proof 
753166     DEBUG main            d.u.i.k.p.i.AbstractProblemLoader Environment load took 96.8ns 
753167     INFO  main            d.u.i.k.p.i.AbstractProblemLoader Creating init config 
758899     DEBUG main            d.u.i.k.p.i.AbstractProblemLoader Init config took 5.73s 
759003     INFO  main            d.u.i.k.p.i.AbstractProblemLoader Replaying proof Sampler[java.lang.Object::<inv>()].JML accessible clause.1 
759007     DEBUG main            d.u.i.k.p.i.IntermediateProofReplayer Proof replay took 2.02ms 
759008     DEBUG main            d.u.i.k.p.r.p.TestFile    ... success: reloaded. 
759009     INFO  main            d.u.i.k.p.r.p.TestFile    Now processing file /home/runner/work/key/key/key.core/../key.ui/examples/heap/permissions/threads/Sampler_joinTransfer_accessible.key 
759009     INFO  main            d.u.i.k.p.i.AbstractProblemLoader Loading environment from /home/runner/work/key/key/key.core/../key.ui/examples/heap/permissions/threads/Sampler_joinTransfer_accessible.key 
759009     DEBUG main            d.u.i.k.p.i.AbstractProblemLoader Environment load took 268.3ns 
759010     INFO  main            d.u.i.k.p.i.AbstractProblemLoader Creating init config 
764756     DEBUG main            d.u.i.k.p.i.AbstractProblemLoader Init config took 5.75s 
764868     INFO  main            d.u.i.k.p.i.AbstractProblemLoader Replaying proof Sampler[ThreadSpec2::joinTransfer()].JML accessible clause.0 
764870     DEBUG main            d.u.i.k.p.i.IntermediateProofReplayer Proof replay took 3.5ns 
768982     INFO  main            d.u.i.k.p.r.p.TestFile    ... finished proof: closed. 
769679     INFO  main            d.u.i.k.p.i.AbstractProblemLoader Loading environment from /home/runner/work/key/key/key.core/../key.ui/examples/heap/permissions/threads/Sampler_joinTransfer_accessible.key.proof 
769679     DEBUG main            d.u.i.k.p.i.AbstractProblemLoader Environment load took 361.4ns 
769681     INFO  main            d.u.i.k.p.i.AbstractProblemLoader Creating init config 
775446     DEBUG main            d.u.i.k.p.i.AbstractProblemLoader Init config took 5.76s 
775544     INFO  main            d.u.i.k.p.i.AbstractProblemLoader Replaying proof Sampler[ThreadSpec2::joinTransfer()].JML accessible clause.0 
776294     DEBUG main            d.u.i.k.p.i.IntermediateProofReplayer Proof replay took 738.34ms 
776296     DEBUG main            d.u.i.k.p.r.p.TestFile    ... success: reloaded. 
776297     INFO  main            d.u.i.k.p.r.p.TestFile    Now processing file /home/runner/work/key/key/key.core/../key.ui/examples/heap/permissions/threads/Sampler_joinTransfer_contract.key 
776297     INFO  main            d.u.i.k.p.i.AbstractProblemLoader Loading environment from /home/runner/work/key/key/key.core/../key.ui/examples/heap/permissions/threads/Sampler_joinTransfer_contract.key 
776297     DEBUG main            d.u.i.k.p.i.AbstractProblemLoader Environment load took 65.6ns 
776298     INFO  main            d.u.i.k.p.i.AbstractProblemLoader Creating init config 
782126     DEBUG main            d.u.i.k.p.i.AbstractProblemLoader Init config took 5.83s 
782227     INFO  main            d.u.i.k.p.i.AbstractProblemLoader Replaying proof Sampler[ThreadSpec2::joinTransfer()].JML model_behavior operation contract.0 
782229     DEBUG main            d.u.i.k.p.i.IntermediateProofReplayer Proof replay took 3.4ns 
782331     INFO  main            d.u.i.k.p.r.p.TestFile    ... finished proof: closed. 
783025     INFO  main            d.u.i.k.p.i.AbstractProblemLoader Loading environment from /home/runner/work/key/key/key.core/../key.ui/examples/heap/permissions/threads/Sampler_joinTransfer_contract.key.proof 
783025     DEBUG main            d.u.i.k.p.i.AbstractProblemLoader Environment load took 94.4ns 
783026     INFO  main            d.u.i.k.p.i.AbstractProblemLoader Creating init config 
788754     DEBUG main            d.u.i.k.p.i.AbstractProblemLoader Init config took 5.73s 
788856     INFO  main            d.u.i.k.p.i.AbstractProblemLoader Replaying proof Sampler[ThreadSpec2::joinTransfer()].JML model_behavior operation contract.0 
788867     DEBUG main            d.u.i.k.p.i.IntermediateProofReplayer Proof replay took 9.09ms 
788868     DEBUG main            d.u.i.k.p.r.p.TestFile    ... success: reloaded. 
788869     INFO  main            d.u.i.k.p.r.p.TestFile    Now processing file /home/runner/work/key/key/key.core/../key.ui/examples/heap/permissions/threads/Sampler_postJoin_accessible.key 
788869     INFO  main            d.u.i.k.p.i.AbstractProblemLoader Loading environment from /home/runner/work/key/key/key.core/../key.ui/examples/heap/permissions/threads/Sampler_postJoin_accessible.key 
788869     DEBUG main            d.u.i.k.p.i.AbstractProblemLoader Environment load took 53.9ns 
788870     INFO  main            d.u.i.k.p.i.AbstractProblemLoader Creating init config 
794670     DEBUG main            d.u.i.k.p.i.AbstractProblemLoader Init config took 5.8s 
794763     INFO  main            d.u.i.k.p.i.AbstractProblemLoader Replaying proof Sampler[ThreadSpec2::postJoin(java.lang.Object)].JML accessible clause.0 
794765     DEBUG main            d.u.i.k.p.i.IntermediateProofReplayer Proof replay took 3.5ns 
794867     INFO  main            d.u.i.k.p.r.p.TestFile    ... finished proof: closed. 
795590     INFO  main            d.u.i.k.p.i.AbstractProblemLoader Loading environment from /home/runner/work/key/key/key.core/../key.ui/examples/heap/permissions/threads/Sampler_postJoin_accessible.key.proof 
795590     DEBUG main            d.u.i.k.p.i.AbstractProblemLoader Environment load took 110.8ns 
795591     INFO  main            d.u.i.k.p.i.AbstractProblemLoader Creating init config 
801302     DEBUG main            d.u.i.k.p.i.AbstractProblemLoader Init config took 5.71s 
801400     INFO  main            d.u.i.k.p.i.AbstractProblemLoader Replaying proof Sampler[ThreadSpec2::postJoin(java.lang.Object)].JML accessible clause.0 
801413     DEBUG main            d.u.i.k.p.i.IntermediateProofReplayer Proof replay took 10.82ms 
801414     DEBUG main            d.u.i.k.p.r.p.TestFile    ... success: reloaded. 
801415     INFO  main            d.u.i.k.p.r.p.TestFile    Now processing file /home/runner/work/key/key/key.core/../key.ui/examples/heap/permissions/threads/Sampler_preStart_accessible.key 
801415     INFO  main            d.u.i.k.p.i.AbstractProblemLoader Loading environment from /home/runner/work/key/key/key.core/../key.ui/examples/heap/permissions/threads/Sampler_preStart_accessible.key 
801415     DEBUG main            d.u.i.k.p.i.AbstractProblemLoader Environment load took 91.2ns 
801417     INFO  main            d.u.i.k.p.i.AbstractProblemLoader Creating init config 
807169     DEBUG main            d.u.i.k.p.i.AbstractProblemLoader Init config took 5.75s 
807283     INFO  main            d.u.i.k.p.i.AbstractProblemLoader Replaying proof Sampler[ThreadSpec2::preStart(java.lang.Object)].JML accessible clause.0 
807285     DEBUG main            d.u.i.k.p.i.IntermediateProofReplayer Proof replay took 3.7ns 
807387     INFO  main            d.u.i.k.p.r.p.TestFile    ... finished proof: closed. 
808113     INFO  main            d.u.i.k.p.i.AbstractProblemLoader Loading environment from /home/runner/work/key/key/key.core/../key.ui/examples/heap/permissions/threads/Sampler_preStart_accessible.key.proof 
808113     DEBUG main            d.u.i.k.p.i.AbstractProblemLoader Environment load took 96.5ns 
808114     INFO  main            d.u.i.k.p.i.AbstractProblemLoader Creating init config 
813816     DEBUG main            d.u.i.k.p.i.AbstractProblemLoader Init config took 5.7s 
813909     INFO  main            d.u.i.k.p.i.AbstractProblemLoader Replaying proof Sampler[ThreadSpec2::preStart(java.lang.Object)].JML accessible clause.0 
813944     DEBUG main            d.u.i.k.p.i.IntermediateProofReplayer Proof replay took 31.79ms 
813945     DEBUG main            d.u.i.k.p.r.p.TestFile    ... success: reloaded. 
813946     INFO  main            d.u.i.k.p.r.p.TestFile    Now processing file /home/runner/work/key/key/key.core/../key.ui/examples/heap/permissions/threads/Sampler_run.key 
813946     INFO  main            d.u.i.k.p.i.AbstractProblemLoader Loading environment from /home/runner/work/key/key/key.core/../key.ui/examples/heap/permissions/threads/Sampler_run.key 
813946     DEBUG main            d.u.i.k.p.i.AbstractProblemLoader Environment load took 57.6ns 
813947     INFO  main            d.u.i.k.p.i.AbstractProblemLoader Creating init config 
819878     DEBUG main            d.u.i.k.p.i.AbstractProblemLoader Init config took 5.93s 
819982     INFO  main            d.u.i.k.p.i.AbstractProblemLoader Replaying proof Sampler[ThreadSpec2::run()].JML normal_behavior operation contract.0 
819984     DEBUG main            d.u.i.k.p.i.IntermediateProofReplayer Proof replay took 3.8ns 
820191     INFO  main            d.u.i.k.p.r.p.TestFile    ... finished proof: closed. 
820955     INFO  main            d.u.i.k.p.i.AbstractProblemLoader Loading environment from /home/runner/work/key/key/key.core/../key.ui/examples/heap/permissions/threads/Sampler_run.key.proof 
820955     DEBUG main            d.u.i.k.p.i.AbstractProblemLoader Environment load took 93.5ns 
820956     INFO  main            d.u.i.k.p.i.AbstractProblemLoader Creating init config 
826873     DEBUG main            d.u.i.k.p.i.AbstractProblemLoader Init config took 5.92s 
826991     INFO  main            d.u.i.k.p.i.AbstractProblemLoader Replaying proof Sampler[ThreadSpec2::run()].JML normal_behavior operation contract.0 
827043     DEBUG main            d.u.i.k.p.i.IntermediateProofReplayer Proof replay took 49.75ms 
827045     DEBUG main            d.u.i.k.p.r.p.TestFile    ... success: reloaded. 
827046     INFO  main            d.u.i.k.p.r.p.TestFile    Now processing file /home/runner/work/key/key/key.core/../key.ui/examples/heap/permissions/threads/Sampler_Sampler.key 
827046     INFO  main            d.u.i.k.p.i.AbstractProblemLoader Loading environment from /home/runner/work/key/key/key.core/../key.ui/examples/heap/permissions/threads/Sampler_Sampler.key 
827046     DEBUG main            d.u.i.k.p.i.AbstractProblemLoader Environment load took 127.6ns 
827047     INFO  main            d.u.i.k.p.i.AbstractProblemLoader Creating init config 
832997     DEBUG main            d.u.i.k.p.i.AbstractProblemLoader Init config took 5.95s 
833104     INFO  main            d.u.i.k.p.i.AbstractProblemLoader Replaying proof Sampler[Sampler::Sampler(Buffer)].JML normal_behavior operation contract.0 
833106     DEBUG main            d.u.i.k.p.i.IntermediateProofReplayer Proof replay took 3.5ns 
833811     INFO  main            d.u.i.k.p.r.p.TestFile    ... finished proof: closed. 
834606     INFO  main            d.u.i.k.p.i.AbstractProblemLoader Loading environment from /home/runner/work/key/key/key.core/../key.ui/examples/heap/permissions/threads/Sampler_Sampler.key.proof 
834606     DEBUG main            d.u.i.k.p.i.AbstractProblemLoader Environment load took 404.3ns 
834608     INFO  main            d.u.i.k.p.i.AbstractProblemLoader Creating init config 
840444     DEBUG main            d.u.i.k.p.i.AbstractProblemLoader Init config took 5.84s 
840547     INFO  main            d.u.i.k.p.i.AbstractProblemLoader Replaying proof Sampler[Sampler::Sampler(Buffer)].JML normal_behavior operation contract.0 
840675     DEBUG main            d.u.i.k.p.i.IntermediateProofReplayer Proof replay took 124.46ms 
840677     DEBUG main            d.u.i.k.p.r.p.TestFile    ... success: reloaded. 
840678     INFO  main            d.u.i.k.p.r.p.TestFile    Now processing file /home/runner/work/key/key/key.core/../key.ui/examples/heap/permissions/threads/Sampler_startTransfer_accessible.key 
840679     INFO  main            d.u.i.k.p.i.AbstractProblemLoader Loading environment from /home/runner/work/key/key/key.core/../key.ui/examples/heap/permissions/threads/Sampler_startTransfer_accessible.key 
840679     DEBUG main            d.u.i.k.p.i.AbstractProblemLoader Environment load took 121.1ns 
840680     INFO  main            d.u.i.k.p.i.AbstractProblemLoader Creating init config 
846667     DEBUG main            d.u.i.k.p.i.AbstractProblemLoader Init config took 5.99s 
846781     INFO  main            d.u.i.k.p.i.AbstractProblemLoader Replaying proof Sampler[ThreadSpec2::startTransfer()].JML accessible clause.0 
846783     DEBUG main            d.u.i.k.p.i.IntermediateProofReplayer Proof replay took 3.5ns 
852009     INFO  main            d.u.i.k.p.r.p.TestFile    ... finished proof: closed. 
852758     INFO  main            d.u.i.k.p.i.AbstractProblemLoader Loading environment from /home/runner/work/key/key/key.core/../key.ui/examples/heap/permissions/threads/Sampler_startTransfer_accessible.key.proof 
852758     DEBUG main            d.u.i.k.p.i.AbstractProblemLoader Environment load took 374.9ns 
852760     INFO  main            d.u.i.k.p.i.AbstractProblemLoader Creating init config 
858446     DEBUG main            d.u.i.k.p.i.AbstractProblemLoader Init config took 5.69s 
858546     INFO  main            d.u.i.k.p.i.AbstractProblemLoader Replaying proof Sampler[ThreadSpec2::startTransfer()].JML accessible clause.0 
859369     DEBUG main            d.u.i.k.p.i.IntermediateProofReplayer Proof replay took 810.4ms 
859370     DEBUG main            d.u.i.k.p.r.p.TestFile    ... success: reloaded. 
859372     INFO  main            d.u.i.k.p.r.p.TestFile    Now processing file /home/runner/work/key/key/key.core/../key.ui/examples/heap/permissions/threads/Sampler_startTransfer_contract.key 
859372     INFO  main            d.u.i.k.p.i.AbstractProblemLoader Loading environment from /home/runner/work/key/key/key.core/../key.ui/examples/heap/permissions/threads/Sampler_startTransfer_contract.key 
859372     DEBUG main            d.u.i.k.p.i.AbstractProblemLoader Environment load took 182.8ns 
859373     INFO  main            d.u.i.k.p.i.AbstractProblemLoader Creating init config 
865064     DEBUG main            d.u.i.k.p.i.AbstractProblemLoader Init config took 5.69s 
865183     INFO  main            d.u.i.k.p.i.AbstractProblemLoader Replaying proof Sampler[ThreadSpec2::startTransfer()].JML model_behavior operation contract.0 
865186     DEBUG main            d.u.i.k.p.i.IntermediateProofReplayer Proof replay took 4.4ns 
865288     INFO  main            d.u.i.k.p.r.p.TestFile    ... finished proof: closed. 
866026     INFO  main            d.u.i.k.p.i.AbstractProblemLoader Loading environment from /home/runner/work/key/key/key.core/../key.ui/examples/heap/permissions/threads/Sampler_startTransfer_contract.key.proof 
866026     DEBUG main            d.u.i.k.p.i.AbstractProblemLoader Environment load took 95.2ns 
866027     INFO  main            d.u.i.k.p.i.AbstractProblemLoader Creating init config 
871812     DEBUG main            d.u.i.k.p.i.AbstractProblemLoader Init config took 5.79s 
871913     INFO  main            d.u.i.k.p.i.AbstractProblemLoader Replaying proof Sampler[ThreadSpec2::startTransfer()].JML model_behavior operation contract.0 
871924     DEBUG main            d.u.i.k.p.i.IntermediateProofReplayer Proof replay took 9.09ms 
871925     DEBUG main            d.u.i.k.p.r.p.TestFile    ... success: reloaded. 
871926     INFO  main            d.u.i.k.p.r.p.TestFile    Now processing file /home/runner/work/key/key/key.core/../key.ui/examples/heap/permissions/threads/Sampler_stateInv_accessible.key 
871926     INFO  main            d.u.i.k.p.i.AbstractProblemLoader Loading environment from /home/runner/work/key/key/key.core/../key.ui/examples/heap/permissions/threads/Sampler_stateInv_accessible.key 
871926     DEBUG main            d.u.i.k.p.i.AbstractProblemLoader Environment load took 107.7ns 
871927     INFO  main            d.u.i.k.p.i.AbstractProblemLoader Creating init config 
877770     DEBUG main            d.u.i.k.p.i.AbstractProblemLoader Init config took 5.84s 
877892     INFO  main            d.u.i.k.p.i.AbstractProblemLoader Replaying proof Sampler[ThreadSpec2::stateInv()].JML accessible clause.0 
877894     DEBUG main            d.u.i.k.p.i.IntermediateProofReplayer Proof replay took 3.5ns 
877996     INFO  main            d.u.i.k.p.r.p.TestFile    ... finished proof: closed. 
878750     INFO  main            d.u.i.k.p.i.AbstractProblemLoader Loading environment from /home/runner/work/key/key/key.core/../key.ui/examples/heap/permissions/threads/Sampler_stateInv_accessible.key.proof 
878750     DEBUG main            d.u.i.k.p.i.AbstractProblemLoader Environment load took 114.3ns 
878751     INFO  main            d.u.i.k.p.i.AbstractProblemLoader Creating init config 
884426     DEBUG main            d.u.i.k.p.i.AbstractProblemLoader Init config took 5.67s 
884530     INFO  main            d.u.i.k.p.i.AbstractProblemLoader Replaying proof Sampler[ThreadSpec2::stateInv()].JML accessible clause.0 
884540     DEBUG main            d.u.i.k.p.i.IntermediateProofReplayer Proof replay took 8.18ms 
884541     DEBUG main            d.u.i.k.p.r.p.TestFile    ... success: reloaded. 
884543     INFO  main            d.u.i.k.p.r.p.TestFile    Now processing file /home/runner/work/key/key/key.core/../key.ui/examples/heap/permissions/threads/Sampler_staticPermissions_accessible.key 
884543     INFO  main            d.u.i.k.p.i.AbstractProblemLoader Loading environment from /home/runner/work/key/key/key.core/../key.ui/examples/heap/permissions/threads/Sampler_staticPermissions_accessible.key 
884543     DEBUG main            d.u.i.k.p.i.AbstractProblemLoader Environment load took 85.1ns 
884544     INFO  main            d.u.i.k.p.i.AbstractProblemLoader Creating init config 
890672     DEBUG main            d.u.i.k.p.i.AbstractProblemLoader Init config took 6.13s 
890773     INFO  main            d.u.i.k.p.i.AbstractProblemLoader Replaying proof Sampler[ThreadSpec2::staticPermissions()].JML accessible clause.0 
890775     DEBUG main            d.u.i.k.p.i.IntermediateProofReplayer Proof replay took 3.7ns 
890882     INFO  main            d.u.i.k.p.r.p.TestFile    ... finished proof: closed. 
891693     INFO  main            d.u.i.k.p.i.AbstractProblemLoader Loading environment from /home/runner/work/key/key/key.core/../key.ui/examples/heap/permissions/threads/Sampler_staticPermissions_accessible.key.proof 
891693     DEBUG main            d.u.i.k.p.i.AbstractProblemLoader Environment load took 84.7ns 
891694     INFO  main            d.u.i.k.p.i.AbstractProblemLoader Creating init config 
898019     DEBUG main            d.u.i.k.p.i.AbstractProblemLoader Init config took 6.32s 
898131     INFO  main            d.u.i.k.p.i.AbstractProblemLoader Replaying proof Sampler[ThreadSpec2::staticPermissions()].JML accessible clause.0 
898141     DEBUG main            d.u.i.k.p.i.IntermediateProofReplayer Proof replay took 6.69ms 
898143     DEBUG main            d.u.i.k.p.r.p.TestFile    ... success: reloaded. 
898144     INFO  main            d.u.i.k.p.r.p.TestFile    Now processing file /home/runner/work/key/key/key.core/../key.ui/examples/heap/permissions/threads/Sampler_workingPermissions_accessible.key 
898144     INFO  main            d.u.i.k.p.i.AbstractProblemLoader Loading environment from /home/runner/work/key/key/key.core/../key.ui/examples/heap/permissions/threads/Sampler_workingPermissions_accessible.key 
898144     DEBUG main            d.u.i.k.p.i.AbstractProblemLoader Environment load took 99.8ns 
898145     INFO  main            d.u.i.k.p.i.AbstractProblemLoader Creating init config 
904209     DEBUG main            d.u.i.k.p.i.AbstractProblemLoader Init config took 6.06s 
904315     INFO  main            d.u.i.k.p.i.AbstractProblemLoader Replaying proof Sampler[ThreadSpec2::workingPermissions()].JML accessible clause.0 
904317     DEBUG main            d.u.i.k.p.i.IntermediateProofReplayer Proof replay took 4.4ns 
904419     INFO  main            d.u.i.k.p.r.p.TestFile    ... finished proof: closed. 
905256     INFO  main            d.u.i.k.p.i.AbstractProblemLoader Loading environment from /home/runner/work/key/key/key.core/../key.ui/examples/heap/permissions/threads/Sampler_workingPermissions_accessible.key.proof 
905256     DEBUG main            d.u.i.k.p.i.AbstractProblemLoader Environment load took 95.9ns 
905257     INFO  main            d.u.i.k.p.i.AbstractProblemLoader Creating init config 
911332     DEBUG main            d.u.i.k.p.i.AbstractProblemLoader Init config took 6.08s 
911427     INFO  main            d.u.i.k.p.i.AbstractProblemLoader Replaying proof Sampler[ThreadSpec2::workingPermissions()].JML accessible clause.0 
911436     DEBUG main            d.u.i.k.p.i.IntermediateProofReplayer Proof replay took 6.76ms 
911437     DEBUG main            d.u.i.k.p.r.p.TestFile    ... success: reloaded. 
911439     INFO  main            d.u.i.k.p.r.p.TestFile    Now processing file /home/runner/work/key/key/key.core/../key.ui/examples/heap/permissions/mulleretal/ReadWrite_doRead_contract.key 
911439     INFO  main            d.u.i.k.p.i.AbstractProblemLoader Loading environment from /home/runner/work/key/key/key.core/../key.ui/examples/heap/permissions/mulleretal/ReadWrite_doRead_contract.key 
911439     DEBUG main            d.u.i.k.p.i.AbstractProblemLoader Environment load took 174.5ns 
911440     INFO  main            d.u.i.k.p.i.AbstractProblemLoader Creating init config 
915030     DEBUG main            d.u.i.k.p.i.AbstractProblemLoader Init config took 3.59s 
915074     INFO  main            d.u.i.k.p.i.AbstractProblemLoader Replaying proof ReadWrite[ReadWrite::doRead()].JML normal_behavior operation contract.0 
915077     DEBUG main            d.u.i.k.p.i.IntermediateProofReplayer Proof replay took 3.7ns 
917449     INFO  main            d.u.i.k.p.r.p.TestFile    ... finished proof: closed. 
918312     INFO  main            d.u.i.k.p.i.AbstractProblemLoader Loading environment from /home/runner/work/key/key/key.core/../key.ui/examples/heap/permissions/mulleretal/ReadWrite_doRead_contract.key.proof 
918312     DEBUG main            d.u.i.k.p.i.AbstractProblemLoader Environment load took 147.2ns 
918314     INFO  main            d.u.i.k.p.i.AbstractProblemLoader Creating init config 
922052     DEBUG main            d.u.i.k.p.i.AbstractProblemLoader Init config took 3.74s 
922113     INFO  main            d.u.i.k.p.i.AbstractProblemLoader Replaying proof ReadWrite[ReadWrite::doRead()].JML normal_behavior operation contract.0 
923044     DEBUG main            d.u.i.k.p.i.IntermediateProofReplayer Proof replay took 906ms 
923045     DEBUG main            d.u.i.k.p.r.p.TestFile    ... success: reloaded. 
923046     INFO  main            d.u.i.k.p.r.p.TestFile    Now processing file /home/runner/work/key/key/key.core/../key.ui/examples/heap/permissions/mulleretal/ReadWrite_doWrite_contract.key 
923047     INFO  main            d.u.i.k.p.i.AbstractProblemLoader Loading environment from /home/runner/work/key/key/key.core/../key.ui/examples/heap/permissions/mulleretal/ReadWrite_doWrite_contract.key 
923047     DEBUG main            d.u.i.k.p.i.AbstractProblemLoader Environment load took 254.5ns 
923048     INFO  main            d.u.i.k.p.i.AbstractProblemLoader Creating init config 
926724     DEBUG main            d.u.i.k.p.i.AbstractProblemLoader Init config took 3.68s 
926764     INFO  main            d.u.i.k.p.i.AbstractProblemLoader Replaying proof ReadWrite[ReadWrite::doWrite()].JML normal_behavior operation contract.0 
926765     DEBUG main            d.u.i.k.p.i.IntermediateProofReplayer Proof replay took 3.4ns 
929099     INFO  main            d.u.i.k.p.r.p.TestFile    ... finished proof: closed. 
929999     INFO  main            d.u.i.k.p.i.AbstractProblemLoader Loading environment from /home/runner/work/key/key/key.core/../key.ui/examples/heap/permissions/mulleretal/ReadWrite_doWrite_contract.key.proof 
929999     DEBUG main            d.u.i.k.p.i.AbstractProblemLoader Environment load took 399.2ns 
930001     INFO  main            d.u.i.k.p.i.AbstractProblemLoader Creating init config 
933641     DEBUG main            d.u.i.k.p.i.AbstractProblemLoader Init config took 3.64s 
933689     INFO  main            d.u.i.k.p.i.AbstractProblemLoader Replaying proof ReadWrite[ReadWrite::doWrite()].JML normal_behavior operation contract.0 
934537     DEBUG main            d.u.i.k.p.i.IntermediateProofReplayer Proof replay took 829.78ms 
934539     DEBUG main            d.u.i.k.p.r.p.TestFile    ... success: reloaded. 
934540     INFO  main            d.u.i.k.p.r.p.TestFile    Now processing file /home/runner/work/key/key/key.core/../key.ui/examples/heap/permissions/mulleretal/ReadWrite_read_contract.key 
934540     INFO  main            d.u.i.k.p.i.AbstractProblemLoader Loading environment from /home/runner/work/key/key/key.core/../key.ui/examples/heap/permissions/mulleretal/ReadWrite_read_contract.key 
934540     DEBUG main            d.u.i.k.p.i.AbstractProblemLoader Environment load took 266.2ns 
934541     INFO  main            d.u.i.k.p.i.AbstractProblemLoader Creating init config 
938135     DEBUG main            d.u.i.k.p.i.AbstractProblemLoader Init config took 3.59s 
938178     INFO  main            d.u.i.k.p.i.AbstractProblemLoader Replaying proof ReadWrite[ReadWrite::read()].JML normal_behavior operation contract.0 
938181     DEBUG main            d.u.i.k.p.i.IntermediateProofReplayer Proof replay took 3.4ns 
938283     INFO  main            d.u.i.k.p.r.p.TestFile    ... finished proof: closed. 
939073     INFO  main            d.u.i.k.p.i.AbstractProblemLoader Loading environment from /home/runner/work/key/key/key.core/../key.ui/examples/heap/permissions/mulleretal/ReadWrite_read_contract.key.proof 
939073     DEBUG main            d.u.i.k.p.i.AbstractProblemLoader Environment load took 98.4ns 
939074     INFO  main            d.u.i.k.p.i.AbstractProblemLoader Creating init config 
942271     DEBUG main            d.u.i.k.p.i.AbstractProblemLoader Init config took 3.2s 
942311     INFO  main            d.u.i.k.p.i.AbstractProblemLoader Replaying proof ReadWrite[ReadWrite::read()].JML normal_behavior operation contract.0 
942321     DEBUG main            d.u.i.k.p.i.IntermediateProofReplayer Proof replay took 8.79ms 
942322     DEBUG main            d.u.i.k.p.r.p.TestFile    ... success: reloaded. 
942324     INFO  main            d.u.i.k.p.r.p.TestFile    Now processing file /home/runner/work/key/key/key.core/../key.ui/examples/heap/permissions/mulleretal/ReadWrite_write_contract.key 
942324     INFO  main            d.u.i.k.p.i.AbstractProblemLoader Loading environment from /home/runner/work/key/key/key.core/../key.ui/examples/heap/permissions/mulleretal/ReadWrite_write_contract.key 
942324     DEBUG main            d.u.i.k.p.i.AbstractProblemLoader Environment load took 144ns 
942325     INFO  main            d.u.i.k.p.i.AbstractProblemLoader Creating init config 
945614     DEBUG main            d.u.i.k.p.i.AbstractProblemLoader Init config took 3.29s 
945655     INFO  main            d.u.i.k.p.i.AbstractProblemLoader Replaying proof ReadWrite[ReadWrite::write()].JML normal_behavior operation contract.0 
945657     DEBUG main            d.u.i.k.p.i.IntermediateProofReplayer Proof replay took 3.9ns 
945860     INFO  main            d.u.i.k.p.r.p.TestFile    ... finished proof: closed. 
946665     INFO  main            d.u.i.k.p.i.AbstractProblemLoader Loading environment from /home/runner/work/key/key/key.core/../key.ui/examples/heap/permissions/mulleretal/ReadWrite_write_contract.key.proof 
946665     DEBUG main            d.u.i.k.p.i.AbstractProblemLoader Environment load took 96.7ns 
946666     INFO  main            d.u.i.k.p.i.AbstractProblemLoader Creating init config 
950150     DEBUG main            d.u.i.k.p.i.AbstractProblemLoader Init config took 3.48s 
950199     INFO  main            d.u.i.k.p.i.AbstractProblemLoader Replaying proof ReadWrite[ReadWrite::write()].JML normal_behavior operation contract.0 
950245     DEBUG main            d.u.i.k.p.i.IntermediateProofReplayer Proof replay took 42.91ms 
950247     DEBUG main            d.u.i.k.p.r.p.TestFile    ... success: reloaded. 
950248     INFO  main            d.u.i.k.p.r.p.TestFile    Now processing file /home/runner/work/key/key/key.core/../key.ui/examples/heap/permissions/mulleretal/ReadWrite_inv1_accessible.key 
950248     INFO  main            d.u.i.k.p.i.AbstractProblemLoader Loading environment from /home/runner/work/key/key/key.core/../key.ui/examples/heap/permissions/mulleretal/ReadWrite_inv1_accessible.key 
950248     DEBUG main            d.u.i.k.p.i.AbstractProblemLoader Environment load took 226.9ns 
950250     INFO  main            d.u.i.k.p.i.AbstractProblemLoader Creating init config 
954008     DEBUG main            d.u.i.k.p.i.AbstractProblemLoader Init config took 3.76s 
954050     INFO  main            d.u.i.k.p.i.AbstractProblemLoader Replaying proof ReadWrite[java.lang.Object::<inv>()].JML accessible clause.0 
954052     DEBUG main            d.u.i.k.p.i.IntermediateProofReplayer Proof replay took 3.7ns 
954154     INFO  main            d.u.i.k.p.r.p.TestFile    ... finished proof: closed. 
954985     INFO  main            d.u.i.k.p.i.AbstractProblemLoader Loading environment from /home/runner/work/key/key/key.core/../key.ui/examples/heap/permissions/mulleretal/ReadWrite_inv1_accessible.key.proof 
954985     DEBUG main            d.u.i.k.p.i.AbstractProblemLoader Environment load took 146.6ns 
954986     INFO  main            d.u.i.k.p.i.AbstractProblemLoader Creating init config 
958379     DEBUG main            d.u.i.k.p.i.AbstractProblemLoader Init config took 3.39s 
958419     INFO  main            d.u.i.k.p.i.AbstractProblemLoader Replaying proof ReadWrite[java.lang.Object::<inv>()].JML accessible clause.0 
958422     DEBUG main            d.u.i.k.p.i.IntermediateProofReplayer Proof replay took 2ms 
958423     DEBUG main            d.u.i.k.p.r.p.TestFile    ... success: reloaded. 
958424     INFO  main            d.u.i.k.p.r.p.TestFile    Now processing file /home/runner/work/key/key/key.core/../key.ui/examples/heap/permissions/mulleretal/ReadWrite_inv2_accessible.key 
958424     INFO  main            d.u.i.k.p.i.AbstractProblemLoader Loading environment from /home/runner/work/key/key/key.core/../key.ui/examples/heap/permissions/mulleretal/ReadWrite_inv2_accessible.key 
958424     DEBUG main            d.u.i.k.p.i.AbstractProblemLoader Environment load took 58ns 
958425     INFO  main            d.u.i.k.p.i.AbstractProblemLoader Creating init config 
962124     DEBUG main            d.u.i.k.p.i.AbstractProblemLoader Init config took 3.7s 
962173     INFO  main            d.u.i.k.p.i.AbstractProblemLoader Replaying proof ReadWrite[java.lang.Object::<inv>()].JML accessible clause.1 
962178     DEBUG main            d.u.i.k.p.i.IntermediateProofReplayer Proof replay took 4.9ns 
962280     INFO  main            d.u.i.k.p.r.p.TestFile    ... finished proof: closed. 
963151     INFO  main            d.u.i.k.p.i.AbstractProblemLoader Loading environment from /home/runner/work/key/key/key.core/../key.ui/examples/heap/permissions/mulleretal/ReadWrite_inv2_accessible.key.proof 
963151     DEBUG main            d.u.i.k.p.i.AbstractProblemLoader Environment load took 106.1ns 
963152     INFO  main            d.u.i.k.p.i.AbstractProblemLoader Creating init config 
966627     DEBUG main            d.u.i.k.p.i.AbstractProblemLoader Init config took 3.48s 
966677     INFO  main            d.u.i.k.p.i.AbstractProblemLoader Replaying proof ReadWrite[java.lang.Object::<inv>()].JML accessible clause.1 
966681     DEBUG main            d.u.i.k.p.i.IntermediateProofReplayer Proof replay took 2.17ms 
966682     DEBUG main            d.u.i.k.p.r.p.TestFile    ... success: reloaded. 
966682     INFO  main            d.u.i.k.p.r.p.TestFile    Now processing file /home/runner/work/key/key/key.core/../key.ui/examples/heap/permissions/lockspec/Counter_lockConsistent_contract.key 
966683     INFO  main            d.u.i.k.p.i.AbstractProblemLoader Loading environment from /home/runner/work/key/key/key.core/../key.ui/examples/heap/permissions/lockspec/Counter_lockConsistent_contract.key 
966683     DEBUG main            d.u.i.k.p.i.AbstractProblemLoader Environment load took 58.6ns 
966684     INFO  main            d.u.i.k.p.i.AbstractProblemLoader Creating init config 
971036     DEBUG main            d.u.i.k.p.i.AbstractProblemLoader Init config took 4.35s 
971112     INFO  main            d.u.i.k.p.i.AbstractProblemLoader Replaying proof Counter[LockSpec::lockConsistent()].JML model_behavior operation contract.0 
971114     DEBUG main            d.u.i.k.p.i.IntermediateProofReplayer Proof replay took 4.6ns 
972520     INFO  main            d.u.i.k.p.r.p.TestFile    ... finished proof: closed. 
973408     INFO  main            d.u.i.k.p.i.AbstractProblemLoader Loading environment from /home/runner/work/key/key/key.core/../key.ui/examples/heap/permissions/lockspec/Counter_lockConsistent_contract.key.proof 
973408     DEBUG main            d.u.i.k.p.i.AbstractProblemLoader Environment load took 158ns 
973410     INFO  main            d.u.i.k.p.i.AbstractProblemLoader Creating init config 
977573     DEBUG main            d.u.i.k.p.i.AbstractProblemLoader Init config took 4.16s 
977648     INFO  main            d.u.i.k.p.i.AbstractProblemLoader Replaying proof Counter[LockSpec::lockConsistent()].JML model_behavior operation contract.0 
977970     DEBUG main            d.u.i.k.p.i.IntermediateProofReplayer Proof replay took 300.47ms 
977972     DEBUG main            d.u.i.k.p.r.p.TestFile    ... success: reloaded. 
977973     INFO  main            d.u.i.k.p.r.p.TestFile    Now processing file /home/runner/work/key/key/key.core/../key.ui/examples/heap/permissions/lockspec/Counter_increase_contract.key 
977973     INFO  main            d.u.i.k.p.i.AbstractProblemLoader Loading environment from /home/runner/work/key/key/key.core/../key.ui/examples/heap/permissions/lockspec/Counter_increase_contract.key 
977973     DEBUG main            d.u.i.k.p.i.AbstractProblemLoader Environment load took 204.5ns 
977974     INFO  main            d.u.i.k.p.i.AbstractProblemLoader Creating init config 
982465     DEBUG main            d.u.i.k.p.i.AbstractProblemLoader Init config took 4.49s 
982549     INFO  main            d.u.i.k.p.i.AbstractProblemLoader Replaying proof Counter[Counter::increase()].JML normal_behavior operation contract.0 
982558     DEBUG main            d.u.i.k.p.i.IntermediateProofReplayer Proof replay took 4.4ns 
985074     INFO  main            d.u.i.k.p.r.p.TestFile    ... finished proof: closed. 
985992     INFO  main            d.u.i.k.p.i.AbstractProblemLoader Loading environment from /home/runner/work/key/key/key.core/../key.ui/examples/heap/permissions/lockspec/Counter_increase_contract.key.proof 
985992     DEBUG main            d.u.i.k.p.i.AbstractProblemLoader Environment load took 394.6ns 
985994     INFO  main            d.u.i.k.p.i.AbstractProblemLoader Creating init config 
990206     DEBUG main            d.u.i.k.p.i.AbstractProblemLoader Init config took 4.21s 
990302     INFO  main            d.u.i.k.p.i.AbstractProblemLoader Replaying proof Counter[Counter::increase()].JML normal_behavior operation contract.0 
990859     DEBUG main            d.u.i.k.p.i.IntermediateProofReplayer Proof replay took 538.79ms 
990870     DEBUG main            d.u.i.k.p.r.p.TestFile    ... success: reloaded. 
990871     INFO  main            d.u.i.k.p.r.p.TestFile    Now processing file /home/runner/work/key/key/key.core/../key.ui/examples/heap/permissions/lockspec/Counter_fp_accessible.key 
990873     INFO  main            d.u.i.k.p.i.AbstractProblemLoader Loading environment from /home/runner/work/key/key/key.core/../key.ui/examples/heap/permissions/lockspec/Counter_fp_accessible.key 
990873     DEBUG main            d.u.i.k.p.i.AbstractProblemLoader Environment load took 192ns 
990874     INFO  main            d.u.i.k.p.i.AbstractProblemLoader Creating init config 
995096     DEBUG main            d.u.i.k.p.i.AbstractProblemLoader Init config took 4.22s 
995180     INFO  main            d.u.i.k.p.i.AbstractProblemLoader Replaying proof Counter[LockSpec::fp()].JML accessible clause.0 
995183     DEBUG main            d.u.i.k.p.i.IntermediateProofReplayer Proof replay took 3.8ns 
995289     INFO  main            d.u.i.k.p.r.p.TestFile    ... finished proof: closed. 
996126     INFO  main            d.u.i.k.p.i.AbstractProblemLoader Loading environment from /home/runner/work/key/key/key.core/../key.ui/examples/heap/permissions/lockspec/Counter_fp_accessible.key.proof 
996126     DEBUG main            d.u.i.k.p.i.AbstractProblemLoader Environment load took 93.1ns 
996128     INFO  main            d.u.i.k.p.i.AbstractProblemLoader Creating init config 
1000351    DEBUG main            d.u.i.k.p.i.AbstractProblemLoader Init config took 4.22s 
1000423    INFO  main            d.u.i.k.p.i.AbstractProblemLoader Replaying proof Counter[LockSpec::fp()].JML accessible clause.0 
1000442    DEBUG main            d.u.i.k.p.i.IntermediateProofReplayer Proof replay took 12.77ms 
1000443    DEBUG main            d.u.i.k.p.r.p.TestFile    ... success: reloaded. 
1000444    INFO  main            d.u.i.k.p.r.p.TestFile    Now processing file /home/runner/work/key/key/key.core/../key.ui/examples/heap/permissions/lockspec/Counter_fpLock_accessible.key 
1000445    INFO  main            d.u.i.k.p.i.AbstractProblemLoader Loading environment from /home/runner/work/key/key/key.core/../key.ui/examples/heap/permissions/lockspec/Counter_fpLock_accessible.key 
1000445    DEBUG main            d.u.i.k.p.i.AbstractProblemLoader Environment load took 191.6ns 
1000446    INFO  main            d.u.i.k.p.i.AbstractProblemLoader Creating init config 
1005437    DEBUG main            d.u.i.k.p.i.AbstractProblemLoader Init config took 4.99s 
1005499    INFO  main            d.u.i.k.p.i.AbstractProblemLoader Replaying proof Counter[LockSpec::fpLock()].JML accessible clause.0 
1005501    DEBUG main            d.u.i.k.p.i.IntermediateProofReplayer Proof replay took 3.7ns 
1005603    INFO  main            d.u.i.k.p.r.p.TestFile    ... finished proof: closed. 
1006476    INFO  main            d.u.i.k.p.i.AbstractProblemLoader Loading environment from /home/runner/work/key/key/key.core/../key.ui/examples/heap/permissions/lockspec/Counter_fpLock_accessible.key.proof 
1006476    DEBUG main            d.u.i.k.p.i.AbstractProblemLoader Environment load took 150.4ns 
1006477    INFO  main            d.u.i.k.p.i.AbstractProblemLoader Creating init config 
1010682    DEBUG main            d.u.i.k.p.i.AbstractProblemLoader Init config took 4.2s 
1010776    INFO  main            d.u.i.k.p.i.AbstractProblemLoader Replaying proof Counter[LockSpec::fpLock()].JML accessible clause.0 
1010791    DEBUG main            d.u.i.k.p.i.IntermediateProofReplayer Proof replay took 12.59ms 
1010792    DEBUG main            d.u.i.k.p.r.p.TestFile    ... success: reloaded. 
1010793    INFO  main            d.u.i.k.p.r.p.TestFile    Now processing file /home/runner/work/key/key/key.core/../key.ui/examples/heap/permissions/lockspec/Counter_fpPerm_accessible.key 
1010794    INFO  main            d.u.i.k.p.i.AbstractProblemLoader Loading environment from /home/runner/work/key/key/key.core/../key.ui/examples/heap/permissions/lockspec/Counter_fpPerm_accessible.key 
1010794    DEBUG main            d.u.i.k.p.i.AbstractProblemLoader Environment load took 192.1ns 
1010795    INFO  main            d.u.i.k.p.i.AbstractProblemLoader Creating init config 
1015110    DEBUG main            d.u.i.k.p.i.AbstractProblemLoader Init config took 4.32s 
1015217    INFO  main            d.u.i.k.p.i.AbstractProblemLoader Replaying proof Counter[LockSpec::fpPerm()].JML accessible clause.0 
1015219    DEBUG main            d.u.i.k.p.i.IntermediateProofReplayer Proof replay took 3.9ns 
1015330    INFO  main            d.u.i.k.p.r.p.TestFile    ... finished proof: closed. 
1016215    INFO  main            d.u.i.k.p.i.AbstractProblemLoader Loading environment from /home/runner/work/key/key/key.core/../key.ui/examples/heap/permissions/lockspec/Counter_fpPerm_accessible.key.proof 
1016215    DEBUG main            d.u.i.k.p.i.AbstractProblemLoader Environment load took 131ns 
1016216    INFO  main            d.u.i.k.p.i.AbstractProblemLoader Creating init config 
1020430    DEBUG main            d.u.i.k.p.i.AbstractProblemLoader Init config took 4.21s 
1020530    INFO  main            d.u.i.k.p.i.AbstractProblemLoader Replaying proof Counter[LockSpec::fpPerm()].JML accessible clause.0 
1020545    DEBUG main            d.u.i.k.p.i.IntermediateProofReplayer Proof replay took 11.75ms 
1020546    DEBUG main            d.u.i.k.p.r.p.TestFile    ... success: reloaded. 
1020547    INFO  main            d.u.i.k.p.r.p.TestFile    Now processing file /home/runner/work/key/key/key.core/../key.ui/examples/heap/permissions/lockspec/Counter_inv_accessible1.key 
1020548    INFO  main            d.u.i.k.p.i.AbstractProblemLoader Loading environment from /home/runner/work/key/key/key.core/../key.ui/examples/heap/permissions/lockspec/Counter_inv_accessible1.key 
1020548    DEBUG main            d.u.i.k.p.i.AbstractProblemLoader Environment load took 201ns 
1020549    INFO  main            d.u.i.k.p.i.AbstractProblemLoader Creating init config 
1024948    DEBUG main            d.u.i.k.p.i.AbstractProblemLoader Init config took 4.4s 
1025026    INFO  main            d.u.i.k.p.i.AbstractProblemLoader Replaying proof Counter[java.lang.Object::<inv>()].JML accessible clause.0 
1025027    DEBUG main            d.u.i.k.p.i.IntermediateProofReplayer Proof replay took 3.8ns 
1025229    INFO  main            d.u.i.k.p.r.p.TestFile    ... finished proof: closed. 
1026172    INFO  main            d.u.i.k.p.i.AbstractProblemLoader Loading environment from /home/runner/work/key/key/key.core/../key.ui/examples/heap/permissions/lockspec/Counter_inv_accessible1.key.proof 
1026172    DEBUG main            d.u.i.k.p.i.AbstractProblemLoader Environment load took 109.2ns 
1026173    INFO  main            d.u.i.k.p.i.AbstractProblemLoader Creating init config 
1030305    DEBUG main            d.u.i.k.p.i.AbstractProblemLoader Init config took 4.13s 
1030392    INFO  main            d.u.i.k.p.i.AbstractProblemLoader Replaying proof Counter[java.lang.Object::<inv>()].JML accessible clause.0 
1030410    DEBUG main            d.u.i.k.p.i.IntermediateProofReplayer Proof replay took 16.19ms 
1030411    DEBUG main            d.u.i.k.p.r.p.TestFile    ... success: reloaded. 
1030420    INFO  main            d.u.i.k.p.r.p.TestFile    Now processing file /home/runner/work/key/key/key.core/../key.ui/examples/heap/permissions/lockspec/Counter_inv_accessible2.key 
1030421    INFO  main            d.u.i.k.p.i.AbstractProblemLoader Loading environment from /home/runner/work/key/key/key.core/../key.ui/examples/heap/permissions/lockspec/Counter_inv_accessible2.key 
1030421    DEBUG main            d.u.i.k.p.i.AbstractProblemLoader Environment load took 143.9ns 
1030422    INFO  main            d.u.i.k.p.i.AbstractProblemLoader Creating init config 
1034805    DEBUG main            d.u.i.k.p.i.AbstractProblemLoader Init config took 4.38s 
1034877    INFO  main            d.u.i.k.p.i.AbstractProblemLoader Replaying proof Counter[java.lang.Object::<inv>()].JML accessible clause.1 
1034879    DEBUG main            d.u.i.k.p.i.IntermediateProofReplayer Proof replay took 3.8ns 
1034981    INFO  main            d.u.i.k.p.r.p.TestFile    ... finished proof: closed. 
1035927    INFO  main            d.u.i.k.p.i.AbstractProblemLoader Loading environment from /home/runner/work/key/key/key.core/../key.ui/examples/heap/permissions/lockspec/Counter_inv_accessible2.key.proof 
1035927    DEBUG main            d.u.i.k.p.i.AbstractProblemLoader Environment load took 91.5ns 
1035928    INFO  main            d.u.i.k.p.i.AbstractProblemLoader Creating init config 
1040345    DEBUG main            d.u.i.k.p.i.AbstractProblemLoader Init config took 4.42s 
1040419    INFO  main            d.u.i.k.p.i.AbstractProblemLoader Replaying proof Counter[java.lang.Object::<inv>()].JML accessible clause.1 
1040438    DEBUG main            d.u.i.k.p.i.IntermediateProofReplayer Proof replay took 16.02ms 
1040439    DEBUG main            d.u.i.k.p.r.p.TestFile    ... success: reloaded. 
1040440    INFO  main            d.u.i.k.p.r.p.TestFile    Now processing file /home/runner/work/key/key/key.core/../key.ui/examples/heap/permissions/lockspec/Counter_lockRef_accessible.key 
1040441    INFO  main            d.u.i.k.p.i.AbstractProblemLoader Loading environment from /home/runner/work/key/key/key.core/../key.ui/examples/heap/permissions/lockspec/Counter_lockRef_accessible.key 
1040441    DEBUG main            d.u.i.k.p.i.AbstractProblemLoader Environment load took 274.4ns 
1040442    INFO  main            d.u.i.k.p.i.AbstractProblemLoader Creating init config 
1044803    DEBUG main            d.u.i.k.p.i.AbstractProblemLoader Init config took 4.36s 
1044872    INFO  main            d.u.i.k.p.i.AbstractProblemLoader Replaying proof Counter[LockSpec::lockRef()].JML accessible clause.0 
1044874    DEBUG main            d.u.i.k.p.i.IntermediateProofReplayer Proof replay took 3.8ns 
1045177    INFO  main            d.u.i.k.p.r.p.TestFile    ... finished proof: closed. 
1046110    INFO  main            d.u.i.k.p.i.AbstractProblemLoader Loading environment from /home/runner/work/key/key/key.core/../key.ui/examples/heap/permissions/lockspec/Counter_lockRef_accessible.key.proof 
1046110    DEBUG main            d.u.i.k.p.i.AbstractProblemLoader Environment load took 89.6ns 
1046111    INFO  main            d.u.i.k.p.i.AbstractProblemLoader Creating init config 
1050334    DEBUG main            d.u.i.k.p.i.AbstractProblemLoader Init config took 4.22s 
1050405    INFO  main            d.u.i.k.p.i.AbstractProblemLoader Replaying proof Counter[LockSpec::lockRef()].JML accessible clause.0 
1050456    DEBUG main            d.u.i.k.p.i.IntermediateProofReplayer Proof replay took 48.38ms 
1050457    DEBUG main            d.u.i.k.p.r.p.TestFile    ... success: reloaded. 
1050458    INFO  main            d.u.i.k.p.r.p.TestFile    Now processing file /home/runner/work/key/key/key.core/../key.ui/examples/heap/permissions/lockspec/Counter_lockRef_contract1.key 
1050460    INFO  main            d.u.i.k.p.i.AbstractProblemLoader Loading environment from /home/runner/work/key/key/key.core/../key.ui/examples/heap/permissions/lockspec/Counter_lockRef_contract1.key 
1050460    DEBUG main            d.u.i.k.p.i.AbstractProblemLoader Environment load took 235.9ns 
1050461    INFO  main            d.u.i.k.p.i.AbstractProblemLoader Creating init config 
1054902    DEBUG main            d.u.i.k.p.i.AbstractProblemLoader Init config took 4.44s 
1054975    INFO  main            d.u.i.k.p.i.AbstractProblemLoader Replaying proof Counter[LockSpec::lockRef()].JML model_behavior operation contract.0 
1054978    DEBUG main            d.u.i.k.p.i.IntermediateProofReplayer Proof replay took 4.1ns 
1055079    INFO  main            d.u.i.k.p.r.p.TestFile    ... finished proof: closed. 
1056059    INFO  main            d.u.i.k.p.i.AbstractProblemLoader Loading environment from /home/runner/work/key/key/key.core/../key.ui/examples/heap/permissions/lockspec/Counter_lockRef_contract1.key.proof 
1056059    DEBUG main            d.u.i.k.p.i.AbstractProblemLoader Environment load took 118.2ns 
1056061    INFO  main            d.u.i.k.p.i.AbstractProblemLoader Creating init config 
1060272    DEBUG main            d.u.i.k.p.i.AbstractProblemLoader Init config took 4.21s 
1060347    INFO  main            d.u.i.k.p.i.AbstractProblemLoader Replaying proof Counter[LockSpec::lockRef()].JML model_behavior operation contract.0 
1060357    DEBUG main            d.u.i.k.p.i.IntermediateProofReplayer Proof replay took 6ms 
1060358    DEBUG main            d.u.i.k.p.r.p.TestFile    ... success: reloaded. 
1060359    INFO  main            d.u.i.k.p.r.p.TestFile    Now processing file /home/runner/work/key/key/key.core/../key.ui/examples/heap/permissions/lockspec/Counter_lockRef_contract2.key 
1060360    INFO  main            d.u.i.k.p.i.AbstractProblemLoader Loading environment from /home/runner/work/key/key/key.core/../key.ui/examples/heap/permissions/lockspec/Counter_lockRef_contract2.key 
1060360    DEBUG main            d.u.i.k.p.i.AbstractProblemLoader Environment load took 186.4ns 
1060361    INFO  main            d.u.i.k.p.i.AbstractProblemLoader Creating init config 
1064586    DEBUG main            d.u.i.k.p.i.AbstractProblemLoader Init config took 4.22s 
1064648    INFO  main            d.u.i.k.p.i.AbstractProblemLoader Replaying proof Counter[Counter::lockRef()].JML model_behavior operation contract.0 
1064650    DEBUG main            d.u.i.k.p.i.IntermediateProofReplayer Proof replay took 3.5ns 
1064752    INFO  main            d.u.i.k.p.r.p.TestFile    ... finished proof: closed. 
1065664    INFO  main            d.u.i.k.p.i.AbstractProblemLoader Loading environment from /home/runner/work/key/key/key.core/../key.ui/examples/heap/permissions/lockspec/Counter_lockRef_contract2.key.proof 
1065664    DEBUG main            d.u.i.k.p.i.AbstractProblemLoader Environment load took 93ns 
1065667    INFO  main            d.u.i.k.p.i.AbstractProblemLoader Creating init config 
1069796    DEBUG main            d.u.i.k.p.i.AbstractProblemLoader Init config took 4.13s 
1069956    INFO  main            d.u.i.k.p.i.AbstractProblemLoader Replaying proof Counter[Counter::lockRef()].JML model_behavior operation contract.0 
1069972    DEBUG main            d.u.i.k.p.i.IntermediateProofReplayer Proof replay took 13.9ms 
1069973    DEBUG main            d.u.i.k.p.r.p.TestFile    ... success: reloaded. 
1069980    INFO  main            d.u.i.k.p.r.p.TestFile    Now processing file /home/runner/work/key/key/key.core/../key.ui/examples/heap/permissions/lockspec/Counter_lockState_accessible.key 
1069981    INFO  main            d.u.i.k.p.i.AbstractProblemLoader Loading environment from /home/runner/work/key/key/key.core/../key.ui/examples/heap/permissions/lockspec/Counter_lockState_accessible.key 
1069981    DEBUG main            d.u.i.k.p.i.AbstractProblemLoader Environment load took 296.9ns 
1069982    INFO  main            d.u.i.k.p.i.AbstractProblemLoader Creating init config 
1074495    DEBUG main            d.u.i.k.p.i.AbstractProblemLoader Init config took 4.51s 
1074573    INFO  main            d.u.i.k.p.i.AbstractProblemLoader Replaying proof Counter[LockSpec::lockState(boolean)].JML accessible clause.0 
1074575    DEBUG main            d.u.i.k.p.i.IntermediateProofReplayer Proof replay took 3.9ns 
1074979    INFO  main            d.u.i.k.p.r.p.TestFile    ... finished proof: closed. 
1075886    INFO  main            d.u.i.k.p.i.AbstractProblemLoader Loading environment from /home/runner/work/key/key/key.core/../key.ui/examples/heap/permissions/lockspec/Counter_lockState_accessible.key.proof 
1075887    DEBUG main            d.u.i.k.p.i.AbstractProblemLoader Environment load took 98.6ns 
1075891    INFO  main            d.u.i.k.p.i.AbstractProblemLoader Creating init config 
1080287    DEBUG main            d.u.i.k.p.i.AbstractProblemLoader Init config took 4.4s 
1080370    INFO  main            d.u.i.k.p.i.AbstractProblemLoader Replaying proof Counter[LockSpec::lockState(boolean)].JML accessible clause.0 
1080484    DEBUG main            d.u.i.k.p.i.IntermediateProofReplayer Proof replay took 102.36ms 
1080485    DEBUG main            d.u.i.k.p.r.p.TestFile    ... success: reloaded. 
1080486    INFO  main            d.u.i.k.p.r.p.TestFile    Now processing file /home/runner/work/key/key/key.core/../key.ui/examples/heap/permissions/lockspec/Counter_lockStatus_accessible.key 
1080487    INFO  main            d.u.i.k.p.i.AbstractProblemLoader Loading environment from /home/runner/work/key/key/key.core/../key.ui/examples/heap/permissions/lockspec/Counter_lockStatus_accessible.key 
1080487    DEBUG main            d.u.i.k.p.i.AbstractProblemLoader Environment load took 204.9ns 
1080488    INFO  main            d.u.i.k.p.i.AbstractProblemLoader Creating init config 
1084682    DEBUG main            d.u.i.k.p.i.AbstractProblemLoader Init config took 4.19s 
1084745    INFO  main            d.u.i.k.p.i.AbstractProblemLoader Replaying proof Counter[LockSpec::lockStatus(boolean)].JML accessible clause.0 
1084747    DEBUG main            d.u.i.k.p.i.IntermediateProofReplayer Proof replay took 3.8ns 
1084950    INFO  main            d.u.i.k.p.r.p.TestFile    ... finished proof: closed. 
1085891    INFO  main            d.u.i.k.p.i.AbstractProblemLoader Loading environment from /home/runner/work/key/key/key.core/../key.ui/examples/heap/permissions/lockspec/Counter_lockStatus_accessible.key.proof 
1085891    DEBUG main            d.u.i.k.p.i.AbstractProblemLoader Environment load took 95.4ns 
1085892    INFO  main            d.u.i.k.p.i.AbstractProblemLoader Creating init config 
1090117    DEBUG main            d.u.i.k.p.i.AbstractProblemLoader Init config took 4.23s 
1090192    INFO  main            d.u.i.k.p.i.AbstractProblemLoader Replaying proof Counter[LockSpec::lockStatus(boolean)].JML accessible clause.0 
1090224    DEBUG main            d.u.i.k.p.i.IntermediateProofReplayer Proof replay took 29.27ms 
1090225    DEBUG main            d.u.i.k.p.r.p.TestFile    ... success: reloaded. 
1090226    INFO  main            d.u.i.k.p.r.p.TestFile    Now processing file /home/runner/work/key/key/key.core/../key.ui/examples/heap/permissions/lockspec/Counter_lockTransfer_accessible.key 
1090226    INFO  main            d.u.i.k.p.i.AbstractProblemLoader Loading environment from /home/runner/work/key/key/key.core/../key.ui/examples/heap/permissions/lockspec/Counter_lockTransfer_accessible.key 
1090226    DEBUG main            d.u.i.k.p.i.AbstractProblemLoader Environment load took 209ns 
1090228    INFO  main            d.u.i.k.p.i.AbstractProblemLoader Creating init config 
1094613    DEBUG main            d.u.i.k.p.i.AbstractProblemLoader Init config took 4.39s 
1094680    INFO  main            d.u.i.k.p.i.AbstractProblemLoader Replaying proof Counter[LockSpec::lockTransfer()].JML accessible clause.0 
1094681    DEBUG main            d.u.i.k.p.i.IntermediateProofReplayer Proof replay took 3.7ns 
1095084    INFO  main            d.u.i.k.p.r.p.TestFile    ... finished proof: closed. 
1096115    INFO  main            d.u.i.k.p.i.AbstractProblemLoader Loading environment from /home/runner/work/key/key/key.core/../key.ui/examples/heap/permissions/lockspec/Counter_lockTransfer_accessible.key.proof 
1096115    DEBUG main            d.u.i.k.p.i.AbstractProblemLoader Environment load took 125.4ns 
1096116    INFO  main            d.u.i.k.p.i.AbstractProblemLoader Creating init config 
1100336    DEBUG main            d.u.i.k.p.i.AbstractProblemLoader Init config took 4.22s 
1100409    INFO  main            d.u.i.k.p.i.AbstractProblemLoader Replaying proof Counter[LockSpec::lockTransfer()].JML accessible clause.0 
1100499    DEBUG main            d.u.i.k.p.i.IntermediateProofReplayer Proof replay took 86.93ms 
1100501    DEBUG main            d.u.i.k.p.r.p.TestFile    ... success: reloaded. 
1100501    INFO  main            d.u.i.k.p.r.p.TestFile    Now processing file /home/runner/work/key/key/key.core/../key.ui/examples/heap/permissions/lockspec/Counter_unlockTransfer_accessible.key 
1100502    INFO  main            d.u.i.k.p.i.AbstractProblemLoader Loading environment from /home/runner/work/key/key/key.core/../key.ui/examples/heap/permissions/lockspec/Counter_unlockTransfer_accessible.key 
1100502    DEBUG main            d.u.i.k.p.i.AbstractProblemLoader Environment load took 104.9ns 
1100503    INFO  main            d.u.i.k.p.i.AbstractProblemLoader Creating init config 
1104780    DEBUG main            d.u.i.k.p.i.AbstractProblemLoader Init config took 4.28s 
1104856    INFO  main            d.u.i.k.p.i.AbstractProblemLoader Replaying proof Counter[LockSpec::unlockTransfer()].JML accessible clause.0 
1104858    DEBUG main            d.u.i.k.p.i.IntermediateProofReplayer Proof replay took 3.5ns 
1105362    INFO  main            d.u.i.k.p.r.p.TestFile    ... finished proof: closed. 
1106370    INFO  main            d.u.i.k.p.i.AbstractProblemLoader Loading environment from /home/runner/work/key/key/key.core/../key.ui/examples/heap/permissions/lockspec/Counter_unlockTransfer_accessible.key.proof 
1106370    DEBUG main            d.u.i.k.p.i.AbstractProblemLoader Environment load took 176.8ns 
1106372    INFO  main            d.u.i.k.p.i.AbstractProblemLoader Creating init config 
1110772    DEBUG main            d.u.i.k.p.i.AbstractProblemLoader Init config took 4.4s 
1110864    INFO  main            d.u.i.k.p.i.AbstractProblemLoader Replaying proof Counter[LockSpec::unlockTransfer()].JML accessible clause.0 
1110966    DEBUG main            d.u.i.k.p.i.IntermediateProofReplayer Proof replay took 98.19ms 
1110967    DEBUG main            d.u.i.k.p.r.p.TestFile    ... success: reloaded. 
1110968    INFO  main            d.u.i.k.p.r.p.TestFile    Now processing file /home/runner/work/key/key/key.core/../key.ui/examples/heap/permissions/threads/Plotter_startTransfer_contract.proof 
1110968    INFO  main            d.u.i.k.p.i.AbstractProblemLoader Loading environment from /home/runner/work/key/key/key.core/../key.ui/examples/heap/permissions/threads/Plotter_startTransfer_contract.proof 
1110969    DEBUG main            d.u.i.k.p.i.AbstractProblemLoader Environment load took 121.6ns 
1110970    INFO  main            d.u.i.k.p.i.AbstractProblemLoader Creating init config 
1117806    DEBUG main            d.u.i.k.p.i.AbstractProblemLoader Init config took 6.84s 
1117932    INFO  main            d.u.i.k.p.i.AbstractProblemLoader Replaying proof Plotter[ThreadSpec2::startTransfer()].JML model_behavior operation contract.0 
1118089    DEBUG main            d.u.i.k.p.i.IntermediateProofReplayer Proof replay took 148.64ms 
1118091    INFO  main            d.u.i.k.p.r.p.TestFile    ... success: loaded 
1118096    INFO  main            d.u.i.k.p.r.p.TestFile    Now processing file /home/runner/work/key/key/key.core/../key.ui/examples/heap/permissions/threads/Plotter_startTransfer_accessible.proof 
1118097    INFO  main            d.u.i.k.p.i.AbstractProblemLoader Loading environment from /home/runner/work/key/key/key.core/../key.ui/examples/heap/permissions/threads/Plotter_startTransfer_accessible.proof 
1118097    DEBUG main            d.u.i.k.p.i.AbstractProblemLoader Environment load took 120.9ns 
1118098    INFO  main            d.u.i.k.p.i.AbstractProblemLoader Creating init config 
1124824    DEBUG main            d.u.i.k.p.i.AbstractProblemLoader Init config took 6.73s 
1124961    INFO  main            d.u.i.k.p.i.AbstractProblemLoader Replaying proof Plotter[ThreadSpec2::startTransfer()].JML accessible clause.0 
1125137    DEBUG main            d.u.i.k.p.i.IntermediateProofReplayer Proof replay took 171.16ms 
1125137    INFO  main            d.u.i.k.p.r.p.TestFile    ... success: loaded 
1125139    INFO  main            d.u.i.k.p.r.p.TestFile    Now processing file /home/runner/work/key/key/key.core/../key.ui/examples/heap/permissions/threads/Plotter_joinTransfer_accessible.proof 
1125139    INFO  main            d.u.i.k.p.i.AbstractProblemLoader Loading environment from /home/runner/work/key/key/key.core/../key.ui/examples/heap/permissions/threads/Plotter_joinTransfer_accessible.proof 
1125139    DEBUG main            d.u.i.k.p.i.AbstractProblemLoader Environment load took 213.2ns 
1125140    INFO  main            d.u.i.k.p.i.AbstractProblemLoader Creating init config 
1131824    DEBUG main            d.u.i.k.p.i.AbstractProblemLoader Init config took 6.68s 
1131934    INFO  main            d.u.i.k.p.i.AbstractProblemLoader Replaying proof Plotter[ThreadSpec2::joinTransfer()].JML accessible clause.0 
1131945    WARN  main            d.u.i.k.p.i.IntermediateProofReplayer Proof contains wrong number of \assumes instatiations for Definition_axiom_for_stateInv_in_Plotter 
1131949    WARN  main            d.u.i.k.p.i.IntermediateProofReplayer Proof contains wrong number of \assumes instatiations for Definition_axiom_for_stateInv_in_Plotter 
1131953    WARN  main            d.u.i.k.p.i.IntermediateProofReplayer Proof contains wrong number of \assumes instatiations for Definition_axiom_for_workingPermissions_in_Plotter 
1131954    WARN  main            d.u.i.k.p.i.IntermediateProofReplayer Proof contains wrong number of \assumes instatiations for Definition_axiom_for_staticPermissions_in_Plotter 
1131955    WARN  main            d.u.i.k.p.i.IntermediateProofReplayer Proof contains wrong number of \assumes instatiations for Definition_axiom_for_joinTransfer_in_Plotter 
1131957    WARN  main            d.u.i.k.p.i.IntermediateProofReplayer Proof contains wrong number of \assumes instatiations for Definition_axiom_for_stateInv_in_BFilter 
1131960    WARN  main            d.u.i.k.p.i.IntermediateProofReplayer Proof contains wrong number of \assumes instatiations for Definition_axiom_for_stateInv_in_AFilter 
1131962    WARN  main            d.u.i.k.p.i.IntermediateProofReplayer Proof contains wrong number of \assumes instatiations for Definition_axiom_for_stateInv_in_BFilter 
1131970    WARN  main            d.u.i.k.p.i.IntermediateProofReplayer Proof contains wrong number of \assumes instatiations for Definition_axiom_for_stateInv_in_AFilter 
1131972    WARN  main            d.u.i.k.p.i.IntermediateProofReplayer Proof contains wrong number of \assumes instatiations for Definition_axiom_for_staticPermissions_in_AFilter 
1131974    WARN  main            d.u.i.k.p.i.IntermediateProofReplayer Proof contains wrong number of \assumes instatiations for Definition_axiom_for_staticPermissions_in_Plotter 
1131975    WARN  main            d.u.i.k.p.i.IntermediateProofReplayer Proof contains wrong number of \assumes instatiations for Definition_axiom_for_staticPermissions_in_BFilter 
1131976    WARN  main            d.u.i.k.p.i.IntermediateProofReplayer Proof contains wrong number of \assumes instatiations for Definition_axiom_for_workingPermissions_in_Plotter 
1131977    WARN  main            d.u.i.k.p.i.IntermediateProofReplayer Proof contains wrong number of \assumes instatiations for Definition_axiom_for_stateInv_in_Sampler 
1131978    WARN  main            d.u.i.k.p.i.IntermediateProofReplayer Proof contains wrong number of \assumes instatiations for Definition_axiom_for_stateInv_in_Sampler 
1131980    WARN  main            d.u.i.k.p.i.IntermediateProofReplayer Proof contains wrong number of \assumes instatiations for Definition_axiom_for_staticPermissions_in_Sampler 
1131980    WARN  main            d.u.i.k.p.i.IntermediateProofReplayer Proof contains wrong number of \assumes instatiations for Definition_axiom_for_staticPermissions_in_BFilter 
1131982    WARN  main            d.u.i.k.p.i.IntermediateProofReplayer Proof contains wrong number of \assumes instatiations for Definition_axiom_for_staticPermissions_in_AFilter 
1131983    WARN  main            d.u.i.k.p.i.IntermediateProofReplayer Proof contains wrong number of \assumes instatiations for Definition_axiom_for_staticPermissions_in_Sampler 
1131984    WARN  main            d.u.i.k.p.i.IntermediateProofReplayer Proof contains wrong number of \assumes instatiations for Definition_axiom_for_staticPermissions_in_Sampler 
1131986    WARN  main            d.u.i.k.p.i.IntermediateProofReplayer Proof contains wrong number of \assumes instatiations for Definition_axiom_for_staticPermissions_in_Sampler 
1131986    WARN  main            d.u.i.k.p.i.IntermediateProofReplayer Proof contains wrong number of \assumes instatiations for Definition_axiom_for_joinTransfer_in_Plotter 
1132125    DEBUG main            d.u.i.k.p.i.IntermediateProofReplayer Proof replay took 185.32ms 
1132126    INFO  main            d.u.i.k.p.r.p.TestFile    ... success: loaded 
6913237    INFO  Test worker     d.u.i.k.p.r.p.StatisticsFile Returning from test permissionHeap 
6913258    INFO  Test worker     d.u.i.k.p.r.p.StatisticsFile Running test completionScopes 
529        INFO  Timeout watchdog d.u.i.k.p.r.p.ForkedTestFileRunner Timeout watcher launched (2000 secs.) 
545        WARN  main            d.u.i.k.s.ProofSettings   The settings in /home/runner/.key/proof-settings.props are *not* read. 
610        INFO  main            d.u.i.k.p.r.p.TestFile    Now processing file /home/runner/work/key/key/key.core/../key.ui/examples/completionscopes/testCcatchReturnVal.key 
805        INFO  main            d.u.i.k.p.i.AbstractProblemLoader Loading environment from /home/runner/work/key/key/key.core/../key.ui/examples/completionscopes/testCcatchReturnVal.key 
828        DEBUG main            d.u.i.k.p.i.AbstractProblemLoader Environment load took 2.87ms 
1182       INFO  main            d.u.i.k.p.i.AbstractProblemLoader Creating init config 
2493       DEBUG main            d.u.i.k.j.TypeConverter   No LDT found for Meta 
2494       DEBUG main            d.u.i.k.j.TypeConverter   No LDT found for Meta 
2497       DEBUG main            d.u.i.k.j.TypeConverter   No LDT found for Meta 
2498       DEBUG main            d.u.i.k.j.TypeConverter   No LDT found for Meta 
4727       DEBUG main            d.u.i.k.j.TypeConverter   No LDT found for JavaBigintExpression 
11719      DEBUG main            d.u.i.k.p.i.AbstractProblemLoader Init config took 10.54s 
11901      INFO  main            d.u.i.k.p.i.AbstractProblemLoader Replaying proof CompletionScopes[CompletionScopes::testCcatchReturnVal()].JML normal_behavior operation contract.0 
11950      DEBUG main            d.u.i.k.p.i.IntermediateProofReplayer Proof replay took 39.1ns 
12811      INFO  main            d.u.i.k.p.r.p.TestFile    ... finished proof: closed. 
12946      INFO  main            d.u.i.k.p.i.AbstractProblemLoader Loading environment from /home/runner/work/key/key/key.core/../key.ui/examples/completionscopes/testCcatchReturnVal.key.proof 
12947      DEBUG main            d.u.i.k.p.i.AbstractProblemLoader Environment load took 1.58ms 
12950      INFO  main            d.u.i.k.p.i.AbstractProblemLoader Creating init config 
16923      DEBUG main            d.u.i.k.p.i.AbstractProblemLoader Init config took 3.97s 
17031      INFO  main            d.u.i.k.p.i.AbstractProblemLoader Replaying proof CompletionScopes[CompletionScopes::testCcatchReturnVal()].JML normal_behavior operation contract.0 
17098      DEBUG main            d.u.i.k.p.i.IntermediateProofReplayer Proof replay took 56.04ms 
17116      DEBUG main            d.u.i.k.p.r.p.TestFile    ... success: reloaded. 
17120      INFO  main            d.u.i.k.p.r.p.TestFile    Now processing file /home/runner/work/key/key/key.core/../key.ui/examples/completionscopes/testMultCcatchClauses.key 
17120      INFO  main            d.u.i.k.p.i.AbstractProblemLoader Loading environment from /home/runner/work/key/key/key.core/../key.ui/examples/completionscopes/testMultCcatchClauses.key 
17120      DEBUG main            d.u.i.k.p.i.AbstractProblemLoader Environment load took 221.4ns 
17125      INFO  main            d.u.i.k.p.i.AbstractProblemLoader Creating init config 
20811      DEBUG main            d.u.i.k.p.i.AbstractProblemLoader Init config took 3.69s 
20887      INFO  main            d.u.i.k.p.i.AbstractProblemLoader Replaying proof CompletionScopes[CompletionScopes::testMultCcatchClauses()].JML normal_behavior operation contract.0 
20890      DEBUG main            d.u.i.k.p.i.IntermediateProofReplayer Proof replay took 7.6ns 
21500      INFO  main            d.u.i.k.p.r.p.TestFile    ... finished proof: closed. 
21727      INFO  main            d.u.i.k.p.i.AbstractProblemLoader Loading environment from /home/runner/work/key/key/key.core/../key.ui/examples/completionscopes/testMultCcatchClauses.key.proof 
21728      DEBUG main            d.u.i.k.p.i.AbstractProblemLoader Environment load took 1.51ms 
21730      INFO  main            d.u.i.k.p.i.AbstractProblemLoader Creating init config 
25366      DEBUG main            d.u.i.k.p.i.AbstractProblemLoader Init config took 3.64s 
25460      INFO  main            d.u.i.k.p.i.AbstractProblemLoader Replaying proof CompletionScopes[CompletionScopes::testMultCcatchClauses()].JML normal_behavior operation contract.0 
25597      DEBUG main            d.u.i.k.p.i.IntermediateProofReplayer Proof replay took 131.26ms 
25599      DEBUG main            d.u.i.k.p.r.p.TestFile    ... success: reloaded. 
25602      INFO  main            d.u.i.k.p.r.p.TestFile    Now processing file /home/runner/work/key/key/key.core/../key.ui/examples/completionscopes/testNestedExec.key 
25603      INFO  main            d.u.i.k.p.i.AbstractProblemLoader Loading environment from /home/runner/work/key/key/key.core/../key.ui/examples/completionscopes/testNestedExec.key 
25605      DEBUG main            d.u.i.k.p.i.AbstractProblemLoader Environment load took 1.94ms 
25607      INFO  main            d.u.i.k.p.i.AbstractProblemLoader Creating init config 
29375      DEBUG main            d.u.i.k.p.i.AbstractProblemLoader Init config took 3.77s 
29448      INFO  main            d.u.i.k.p.i.AbstractProblemLoader Replaying proof CompletionScopes[CompletionScopes::testMultCcatchClauses()].JML normal_behavior operation contract.0 
29451      DEBUG main            d.u.i.k.p.i.IntermediateProofReplayer Proof replay took 7.9ns 
29956      INFO  main            d.u.i.k.p.r.p.TestFile    ... finished proof: closed. 
30157      INFO  main            d.u.i.k.p.i.AbstractProblemLoader Loading environment from /home/runner/work/key/key/key.core/../key.ui/examples/completionscopes/testNestedExec.key.proof 
30158      DEBUG main            d.u.i.k.p.i.AbstractProblemLoader Environment load took 523.5ns 
30159      INFO  main            d.u.i.k.p.i.AbstractProblemLoader Creating init config 
33952      DEBUG main            d.u.i.k.p.i.AbstractProblemLoader Init config took 3.79s 
34013      INFO  main            d.u.i.k.p.i.AbstractProblemLoader Replaying proof CompletionScopes[CompletionScopes::testMultCcatchClauses()].JML normal_behavior operation contract.0 
34121      DEBUG main            d.u.i.k.p.i.IntermediateProofReplayer Proof replay took 103.79ms 
34123      DEBUG main            d.u.i.k.p.r.p.TestFile    ... success: reloaded. 
34124      INFO  main            d.u.i.k.p.r.p.TestFile    Now processing file /home/runner/work/key/key/key.core/../key.ui/examples/completionscopes/testCcatchBreakLabel.key 
34125      INFO  main            d.u.i.k.p.i.AbstractProblemLoader Loading environment from /home/runner/work/key/key/key.core/../key.ui/examples/completionscopes/testCcatchBreakLabel.key 
34125      DEBUG main            d.u.i.k.p.i.AbstractProblemLoader Environment load took 227.6ns 
34126      INFO  main            d.u.i.k.p.i.AbstractProblemLoader Creating init config 
37638      DEBUG main            d.u.i.k.p.i.AbstractProblemLoader Init config took 3.51s 
37702      INFO  main            d.u.i.k.p.i.AbstractProblemLoader Replaying proof CompletionScopes[CompletionScopes::testBreakLabel()].JML normal_behavior operation contract.0 
37705      DEBUG main            d.u.i.k.p.i.IntermediateProofReplayer Proof replay took 7.5ns 
37747      DEBUG Thread-10       d.u.i.k.l.o.ProgramSV     Match failed: Former match of  SchemaVariable incompatible with  the current match. 
37813      INFO  main            d.u.i.k.p.r.p.TestFile    ... finished proof: closed. 
38012      INFO  main            d.u.i.k.p.i.AbstractProblemLoader Loading environment from /home/runner/work/key/key/key.core/../key.ui/examples/completionscopes/testCcatchBreakLabel.key.proof 
38012      DEBUG main            d.u.i.k.p.i.AbstractProblemLoader Environment load took 157.4ns 
38013      INFO  main            d.u.i.k.p.i.AbstractProblemLoader Creating init config 
41501      DEBUG main            d.u.i.k.p.i.AbstractProblemLoader Init config took 3.49s 
41583      INFO  main            d.u.i.k.p.i.AbstractProblemLoader Replaying proof CompletionScopes[CompletionScopes::testBreakLabel()].JML normal_behavior operation contract.0 
41601      DEBUG main            d.u.i.k.p.i.IntermediateProofReplayer Proof replay took 12.57ms 
41603      DEBUG main            d.u.i.k.p.r.p.TestFile    ... success: reloaded. 
41604      INFO  main            d.u.i.k.p.r.p.TestFile    Now processing file /home/runner/work/key/key/key.core/../key.ui/examples/completionscopes/testCcatchContinueLabel.key 
41605      INFO  main            d.u.i.k.p.i.AbstractProblemLoader Loading environment from /home/runner/work/key/key/key.core/../key.ui/examples/completionscopes/testCcatchContinueLabel.key 
41605      DEBUG main            d.u.i.k.p.i.AbstractProblemLoader Environment load took 143.3ns 
41606      INFO  main            d.u.i.k.p.i.AbstractProblemLoader Creating init config 
45288      DEBUG main            d.u.i.k.p.i.AbstractProblemLoader Init config took 3.68s 
45349      INFO  main            d.u.i.k.p.i.AbstractProblemLoader Replaying proof CompletionScopes[CompletionScopes::testContinueLabel()].JML normal_behavior operation contract.0 
45352      DEBUG main            d.u.i.k.p.i.IntermediateProofReplayer Proof replay took 8.3ns 
45401      DEBUG Thread-13       d.u.i.k.l.o.ProgramSV     Match failed: Former match of  SchemaVariable incompatible with  the current match. 
45455      INFO  main            d.u.i.k.p.r.p.TestFile    ... finished proof: closed. 
45678      INFO  main            d.u.i.k.p.i.AbstractProblemLoader Loading environment from /home/runner/work/key/key/key.core/../key.ui/examples/completionscopes/testCcatchContinueLabel.key.proof 
45678      DEBUG main            d.u.i.k.p.i.AbstractProblemLoader Environment load took 180ns 
45680      INFO  main            d.u.i.k.p.i.AbstractProblemLoader Creating init config 
49274      DEBUG main            d.u.i.k.p.i.AbstractProblemLoader Init config took 3.59s 
49365      INFO  main            d.u.i.k.p.i.AbstractProblemLoader Replaying proof CompletionScopes[CompletionScopes::testContinueLabel()].JML normal_behavior operation contract.0 
49379      DEBUG main            d.u.i.k.p.i.IntermediateProofReplayer Proof replay took 11.63ms 
49381      DEBUG main            d.u.i.k.p.r.p.TestFile    ... success: reloaded. 
49383      INFO  main            d.u.i.k.p.r.p.TestFile    Now processing file /home/runner/work/key/key/key.core/../key.ui/examples/completionscopes/testCcatchBreakLabelWildcard.key 
49383      INFO  main            d.u.i.k.p.i.AbstractProblemLoader Loading environment from /home/runner/work/key/key/key.core/../key.ui/examples/completionscopes/testCcatchBreakLabelWildcard.key 
49384      DEBUG main            d.u.i.k.p.i.AbstractProblemLoader Environment load took 250.3ns 
49385      INFO  main            d.u.i.k.p.i.AbstractProblemLoader Creating init config 
52798      DEBUG main            d.u.i.k.p.i.AbstractProblemLoader Init config took 3.41s 
52851      INFO  main            d.u.i.k.p.i.AbstractProblemLoader Replaying proof CompletionScopes[CompletionScopes::testBreakLabelWildcard()].JML normal_behavior operation contract.0 
52854      DEBUG main            d.u.i.k.p.i.IntermediateProofReplayer Proof replay took 8.8ns 
52883      DEBUG Thread-16       d.u.i.k.l.o.ProgramSV     Match failed: Former match of  SchemaVariable incompatible with  the current match. 
52886      DEBUG Thread-16       d.u.i.k.l.o.ProgramSV     Match failed: Former match of  SchemaVariable incompatible with  the current match. 
52956      INFO  main            d.u.i.k.p.r.p.TestFile    ... finished proof: closed. 
53164      INFO  main            d.u.i.k.p.i.AbstractProblemLoader Loading environment from /home/runner/work/key/key/key.core/../key.ui/examples/completionscopes/testCcatchBreakLabelWildcard.key.proof 
53165      DEBUG main            d.u.i.k.p.i.AbstractProblemLoader Environment load took 138.3ns 
53166      INFO  main            d.u.i.k.p.i.AbstractProblemLoader Creating init config 
56688      DEBUG main            d.u.i.k.p.i.AbstractProblemLoader Init config took 3.52s 
56770      INFO  main            d.u.i.k.p.i.AbstractProblemLoader Replaying proof CompletionScopes[CompletionScopes::testBreakLabelWildcard()].JML normal_behavior operation contract.0 
56786      DEBUG main            d.u.i.k.p.i.IntermediateProofReplayer Proof replay took 13.41ms 
56788      DEBUG main            d.u.i.k.p.r.p.TestFile    ... success: reloaded. 
56792      INFO  main            d.u.i.k.p.r.p.TestFile    Now processing file /home/runner/work/key/key/key.core/../key.ui/examples/completionscopes/testCcatchContinueLabelWildcard.key 
56793      INFO  main            d.u.i.k.p.i.AbstractProblemLoader Loading environment from /home/runner/work/key/key/key.core/../key.ui/examples/completionscopes/testCcatchContinueLabelWildcard.key 
56793      DEBUG main            d.u.i.k.p.i.AbstractProblemLoader Environment load took 204.3ns 
56794      INFO  main            d.u.i.k.p.i.AbstractProblemLoader Creating init config 
60214      DEBUG main            d.u.i.k.p.i.AbstractProblemLoader Init config took 3.42s 
60269      INFO  main            d.u.i.k.p.i.AbstractProblemLoader Replaying proof CompletionScopes[CompletionScopes::testContinueLabelWildcard()].JML normal_behavior operation contract.0 
60271      DEBUG main            d.u.i.k.p.i.IntermediateProofReplayer Proof replay took 8.6ns 
60298      DEBUG Thread-19       d.u.i.k.l.o.ProgramSV     Match failed: Former match of  SchemaVariable incompatible with  the current match. 
60300      DEBUG Thread-19       d.u.i.k.l.o.ProgramSV     Match failed: Former match of  SchemaVariable incompatible with  the current match. 
60374      INFO  main            d.u.i.k.p.r.p.TestFile    ... finished proof: closed. 
60609      INFO  main            d.u.i.k.p.i.AbstractProblemLoader Loading environment from /home/runner/work/key/key/key.core/../key.ui/examples/completionscopes/testCcatchContinueLabelWildcard.key.proof 
60609      DEBUG main            d.u.i.k.p.i.AbstractProblemLoader Environment load took 146.1ns 
60612      INFO  main            d.u.i.k.p.i.AbstractProblemLoader Creating init config 
64079      DEBUG main            d.u.i.k.p.i.AbstractProblemLoader Init config took 3.47s 
64146      INFO  main            d.u.i.k.p.i.AbstractProblemLoader Replaying proof CompletionScopes[CompletionScopes::testContinueLabelWildcard()].JML normal_behavior operation contract.0 
64163      DEBUG main            d.u.i.k.p.i.IntermediateProofReplayer Proof replay took 13.83ms 
64166      DEBUG main            d.u.i.k.p.r.p.TestFile    ... success: reloaded. 
64167      INFO  main            d.u.i.k.p.r.p.TestFile    Now processing file /home/runner/work/key/key/key.core/../key.ui/examples/completionscopes/testCcatchBreakLabelNonmatchingNested.key 
64167      INFO  main            d.u.i.k.p.i.AbstractProblemLoader Loading environment from /home/runner/work/key/key/key.core/../key.ui/examples/completionscopes/testCcatchBreakLabelNonmatchingNested.key 
64168      DEBUG main            d.u.i.k.p.i.AbstractProblemLoader Environment load took 140.4ns 
64169      INFO  main            d.u.i.k.p.i.AbstractProblemLoader Creating init config 
67794      DEBUG main            d.u.i.k.p.i.AbstractProblemLoader Init config took 3.62s 
67875      INFO  main            d.u.i.k.p.i.AbstractProblemLoader Replaying proof CompletionScopes[CompletionScopes::testBreakLabelNonmatchingNested()].JML normal_behavior operation contract.0 
67879      DEBUG main            d.u.i.k.p.i.IntermediateProofReplayer Proof replay took 8.3ns 
67901      DEBUG Thread-22       d.u.i.k.l.o.ProgramSV     Match failed: Former match of  SchemaVariable incompatible with  the current match. 
67903      DEBUG Thread-22       d.u.i.k.l.o.ProgramSV     Match failed: Former match of  SchemaVariable incompatible with  the current match. 
67982      INFO  main            d.u.i.k.p.r.p.TestFile    ... finished proof: closed. 
68236      INFO  main            d.u.i.k.p.i.AbstractProblemLoader Loading environment from /home/runner/work/key/key/key.core/../key.ui/examples/completionscopes/testCcatchBreakLabelNonmatchingNested.key.proof 
68237      DEBUG main            d.u.i.k.p.i.AbstractProblemLoader Environment load took 165.5ns 
68239      INFO  main            d.u.i.k.p.i.AbstractProblemLoader Creating init config 
71603      DEBUG main            d.u.i.k.p.i.AbstractProblemLoader Init config took 3.36s 
71658      INFO  main            d.u.i.k.p.i.AbstractProblemLoader Replaying proof CompletionScopes[CompletionScopes::testBreakLabelNonmatchingNested()].JML normal_behavior operation contract.0 
71674      DEBUG main            d.u.i.k.p.i.IntermediateProofReplayer Proof replay took 14.29ms 
71675      DEBUG main            d.u.i.k.p.r.p.TestFile    ... success: reloaded. 
6985180    INFO  Test worker     d.u.i.k.p.r.p.StatisticsFile Returning from test completionScopes 
6985185    INFO  Test worker     d.u.i.k.p.r.p.StatisticsFile Running test reload_examples 
511        INFO  Timeout watchdog d.u.i.k.p.r.p.ForkedTestFileRunner Timeout watcher launched (2000 secs.) 
523        WARN  main            d.u.i.k.s.ProofSettings   The settings in /home/runner/.key/proof-settings.props are *not* read. 
560        INFO  main            d.u.i.k.p.r.p.TestFile    Now processing file /home/runner/work/key/key/key.core/../key.ui/examples/firstTouch/05-ReverseArray/reverseArray.key 
706        INFO  main            d.u.i.k.p.i.AbstractProblemLoader Loading environment from /home/runner/work/key/key/key.core/../key.ui/examples/firstTouch/05-ReverseArray/reverseArray.key 
727        DEBUG main            d.u.i.k.p.i.AbstractProblemLoader Environment load took 2.13ms 
1036       INFO  main            d.u.i.k.p.i.AbstractProblemLoader Creating init config 
2544       DEBUG main            d.u.i.k.j.TypeConverter   No LDT found for Meta 
2544       DEBUG main            d.u.i.k.j.TypeConverter   No LDT found for Meta 
2546       DEBUG main            d.u.i.k.j.TypeConverter   No LDT found for Meta 
2546       DEBUG main            d.u.i.k.j.TypeConverter   No LDT found for Meta 
4424       DEBUG main            d.u.i.k.j.TypeConverter   No LDT found for JavaBigintExpression 
12415      DEBUG main            d.u.i.k.p.i.AbstractProblemLoader Init config took 11.38s 
12629      INFO  main            d.u.i.k.p.i.AbstractProblemLoader Replaying proof ReverseArray[ReverseArray::reverse()].JML normal_behavior operation contract.0 
12749      DEBUG main            d.u.i.k.p.i.IntermediateProofReplayer Proof replay took 72.5ns 
27182      INFO  main            d.u.i.k.p.r.p.TestFile    ... finished proof: closed. 
27457      INFO  main            d.u.i.k.p.i.AbstractProblemLoader Loading environment from /home/runner/work/key/key/key.core/../key.ui/examples/firstTouch/05-ReverseArray/reverseArray.key.proof 
27457      DEBUG main            d.u.i.k.p.i.AbstractProblemLoader Environment load took 295ns 
27462      INFO  main            d.u.i.k.p.i.AbstractProblemLoader Creating init config 
31751      DEBUG main            d.u.i.k.p.i.AbstractProblemLoader Init config took 4.29s 
31821      INFO  main            d.u.i.k.p.i.AbstractProblemLoader Replaying proof ReverseArray[ReverseArray::reverse()].JML normal_behavior operation contract.0 
33630      DEBUG main            d.u.i.k.p.i.IntermediateProofReplayer Proof replay took 1.73s 
33645      DEBUG main            d.u.i.k.p.r.p.TestFile    ... success: reloaded. 
33649      INFO  main            d.u.i.k.p.r.p.TestFile    Now processing file /home/runner/work/key/key/key.core/../key.ui/examples/standard_key/arith/saveProofTest.key.proof 
33649      INFO  main            d.u.i.k.p.i.AbstractProblemLoader Loading environment from /home/runner/work/key/key/key.core/../key.ui/examples/standard_key/arith/saveProofTest.key.proof 
33650      DEBUG main            d.u.i.k.p.i.AbstractProblemLoader Environment load took 141.8ns 
33653      INFO  main            d.u.i.k.p.i.AbstractProblemLoader Creating init config 
37296      DEBUG main            d.u.i.k.p.i.AbstractProblemLoader Init config took 3.64s 
37337      INFO  main            d.u.i.k.p.i.AbstractProblemLoader Replaying proof saveProofTest.key.proof 
37350      DEBUG main            d.u.i.k.p.i.IntermediateProofReplayer Proof replay took 6.44ms 
37352      INFO  main            d.u.i.k.p.r.p.TestFile    ... success: loaded 
37354      INFO  main            d.u.i.k.p.r.p.TestFile    Now processing file /home/runner/work/key/key/key.core/../key.ui/examples/heap/permutedSum/perm.proof 
37355      INFO  main            d.u.i.k.p.i.AbstractProblemLoader Loading environment from /home/runner/work/key/key/key.core/../key.ui/examples/heap/permutedSum/perm.proof 
37356      DEBUG main            d.u.i.k.p.i.AbstractProblemLoader Environment load took 802.4ns 
37362      INFO  main            d.u.i.k.p.i.AbstractProblemLoader Creating init config 
41433      DEBUG main            d.u.i.k.p.i.AbstractProblemLoader Init config took 4.07s 
41538      INFO  main            d.u.i.k.p.i.AbstractProblemLoader Replaying proof Perm[Perm::foo()].JML normal_behavior operation contract.0 
43262      DEBUG main            d.u.i.k.p.i.IntermediateProofReplayer Proof replay took 1.61s 
43265      INFO  main            d.u.i.k.p.r.p.TestFile    ... success: loaded 
43266      INFO  main            d.u.i.k.p.r.p.TestFile    Now processing file /home/runner/work/key/key/key.core/../key.ui/examples/firstTouch/05-ReverseArray/reverseArray.proof 
43267      INFO  main            d.u.i.k.p.i.AbstractProblemLoader Loading environment from /home/runner/work/key/key/key.core/../key.ui/examples/firstTouch/05-ReverseArray/reverseArray.proof 
43267      DEBUG main            d.u.i.k.p.i.AbstractProblemLoader Environment load took 266.7ns 
43270      INFO  main            d.u.i.k.p.i.AbstractProblemLoader Creating init config 
47095      DEBUG main            d.u.i.k.p.i.AbstractProblemLoader Init config took 3.83s 
47153      INFO  main            d.u.i.k.p.i.AbstractProblemLoader Replaying proof ReverseArray[ReverseArray::reverse()].JML normal_behavior operation contract.0 
48724      DEBUG main            d.u.i.k.p.i.IntermediateProofReplayer Proof replay took 1.53s 
48728      INFO  main            d.u.i.k.p.r.p.TestFile    ... success: loaded 
48730      INFO  main            d.u.i.k.p.r.p.TestFile    Now processing file /home/runner/work/key/key/key.core/../key.ui/examples/heap/verifyThis15_1_RelaxedPrefix/relax.proof 
48731      INFO  main            d.u.i.k.p.i.AbstractProblemLoader Loading environment from /home/runner/work/key/key/key.core/../key.ui/examples/heap/verifyThis15_1_RelaxedPrefix/relax.proof 
48731      DEBUG main            d.u.i.k.p.i.AbstractProblemLoader Environment load took 220.4ns 
48736      INFO  main            d.u.i.k.p.i.AbstractProblemLoader Creating init config 
52702      DEBUG main            d.u.i.k.p.i.AbstractProblemLoader Init config took 3.97s 
52776      INFO  main            d.u.i.k.p.i.AbstractProblemLoader Replaying proof Relaxed[Relaxed::isRelaxedPrefix([I,[I)].JML operation contract.0 
53573      DEBUG main            d.u.i.k.p.i.IntermediateProofReplayer Proof replay took 775.13ms 
53578      INFO  main            d.u.i.k.p.r.p.TestFile    ... success: loaded 
53580      INFO  main            d.u.i.k.p.r.p.TestFile    Now processing file /home/runner/work/key/key/key.core/../key.ui/examples/heap/verifyThis15_3_DLL/doUndo.proof 
53580      INFO  main            d.u.i.k.p.i.AbstractProblemLoader Loading environment from /home/runner/work/key/key/key.core/../key.ui/examples/heap/verifyThis15_3_DLL/doUndo.proof 
53580      DEBUG main            d.u.i.k.p.i.AbstractProblemLoader Environment load took 162.7ns 
53586      INFO  main            d.u.i.k.p.i.AbstractProblemLoader Creating init config 
54977      DEBUG main            d.u.i.k.j.r.ClassPreparationMethodBuilder clPrepBuilder: Inner Class detected. Reject building class initialisation methods. 
57831      DEBUG main            d.u.i.k.p.i.AbstractProblemLoader Init config took 4.24s 
57940      INFO  main            d.u.i.k.p.i.AbstractProblemLoader Replaying proof DoubleLinkedList[DoubleLinkedList::doUndo(DoubleLinkedList.Node,int)].JML normal_behavior operation contract.0 
59144      DEBUG main            d.u.i.k.p.i.IntermediateProofReplayer Proof replay took 1.17s 
59147      INFO  main            d.u.i.k.p.r.p.TestFile    ... success: loaded 
59150      INFO  main            d.u.i.k.p.r.p.TestFile    Now processing file /home/runner/work/key/key/key.core/../key.ui/examples/heap/verifyThis15_2_ParallelGcd/parallelGcd.proof 
59150      INFO  main            d.u.i.k.p.i.AbstractProblemLoader Loading environment from /home/runner/work/key/key/key.core/../key.ui/examples/heap/verifyThis15_2_ParallelGcd/parallelGcd.proof 
59151      DEBUG main            d.u.i.k.p.i.AbstractProblemLoader Environment load took 228.8ns 
59153      INFO  main            d.u.i.k.p.i.AbstractProblemLoader Creating init config 
63117      DEBUG main            d.u.i.k.p.i.AbstractProblemLoader Init config took 3.96s 
63193      INFO  main            d.u.i.k.p.i.AbstractProblemLoader Replaying proof ParallelGcd[ParallelGcd::parallelGcd(int,int,[Z)].JML behavior operation contract.0 
64150      DEBUG main            d.u.i.k.p.i.IntermediateProofReplayer Proof replay took 940.05ms 
64151      INFO  main            d.u.i.k.p.r.p.TestFile    ... success: loaded 
7049690    INFO  Test worker     d.u.i.k.p.r.p.StatisticsFile Returning from test reload_examples 
7049692    INFO  Test worker     d.u.i.k.p.r.p.StatisticsFile Running test proofLoadRepair 
515        INFO  Timeout watchdog d.u.i.k.p.r.p.ForkedTestFileRunner Timeout watcher launched (2000 secs.) 
541        WARN  main            d.u.i.k.s.ProofSettings   The settings in /home/runner/.key/proof-settings.props are *not* read. 
605        INFO  main            d.u.i.k.p.r.p.TestFile    Now processing file /home/runner/work/key/key/key.core/../key.ui/examples/proofLoadRepair/disjConj-manipulated.proof 
761        INFO  main            d.u.i.k.p.i.AbstractProblemLoader Loading environment from /home/runner/work/key/key/key.core/../key.ui/examples/proofLoadRepair/disjConj-manipulated.proof 
784        DEBUG main            d.u.i.k.p.i.AbstractProblemLoader Environment load took 2.52ms 
1109       INFO  main            d.u.i.k.p.i.AbstractProblemLoader Creating init config 
2472       DEBUG main            d.u.i.k.j.TypeConverter   No LDT found for Meta 
2473       DEBUG main            d.u.i.k.j.TypeConverter   No LDT found for Meta 
2478       DEBUG main            d.u.i.k.j.TypeConverter   No LDT found for Meta 
2479       DEBUG main            d.u.i.k.j.TypeConverter   No LDT found for Meta 
4636       DEBUG main            d.u.i.k.j.TypeConverter   No LDT found for JavaBigintExpression 
11504      DEBUG main            d.u.i.k.p.i.AbstractProblemLoader Init config took 10.39s 
11595      INFO  main            d.u.i.k.p.i.AbstractProblemLoader Replaying proof disjConj-manipulated.proof 
11678      WARN  main            d.u.i.k.p.i.IntermediateProofReplayer Proof contains wrong number of \assumes instatiations for andLeft 
11681      WARN  main            d.u.i.k.p.i.IntermediateProofReplayer Proof contains wrong number of \assumes instatiations for replace_known_right 
11691      WARN  main            d.u.i.k.p.i.IntermediateProofReplayer Proof contains wrong number of \assumes instatiations for close 
11692      DEBUG main            d.u.i.k.p.i.IntermediateProofReplayer Proof replay took 34.46ms 
11699      INFO  main            d.u.i.k.p.r.p.TestFile    ... success: loaded 
11710      INFO  main            d.u.i.k.p.r.p.TestFile    Now processing file /home/runner/work/key/key/key.core/../key.ui/examples/proofLoadRepair/insufficient-manipulated.proof 
11711      INFO  main            d.u.i.k.p.i.AbstractProblemLoader Loading environment from /home/runner/work/key/key/key.core/../key.ui/examples/proofLoadRepair/insufficient-manipulated.proof 
11711      DEBUG main            d.u.i.k.p.i.AbstractProblemLoader Environment load took 348.6ns 
11720      INFO  main            d.u.i.k.p.i.AbstractProblemLoader Creating init config 
15702      DEBUG main            d.u.i.k.p.i.AbstractProblemLoader Init config took 3.98s 
15738      INFO  main            d.u.i.k.p.i.AbstractProblemLoader Replaying proof insufficient-manipulated.proof 
15775      WARN  main            d.u.i.k.p.i.IntermediateProofReplayer Proof contains wrong number of \assumes instatiations for applyEq 
15796      DEBUG main            d.u.i.k.p.i.IntermediateProofReplayer Proof replay took 28.95ms 
15800      INFO  main            d.u.i.k.p.r.p.TestFile    ... success: loading failed 
15802      INFO  main            d.u.i.k.p.r.p.TestFile    Now processing file /home/runner/work/key/key/key.core/../key.ui/examples/../../key.core/src/test/resources/testcase/issues/1716/incorrectPolarity.proof 
15802      INFO  main            d.u.i.k.p.i.AbstractProblemLoader Loading environment from /home/runner/work/key/key/key.core/../key.ui/examples/../../key.core/src/test/resources/testcase/issues/1716/incorrectPolarity.proof 
15802      DEBUG main            d.u.i.k.p.i.AbstractProblemLoader Environment load took 150ns 
15807      INFO  main            d.u.i.k.p.i.AbstractProblemLoader Creating init config 
19815      DEBUG main            d.u.i.k.p.i.AbstractProblemLoader Init config took 4.01s 
19855      INFO  main            d.u.i.k.p.i.AbstractProblemLoader Replaying proof incorrectPolarity.proof 
19859      DEBUG main            d.u.i.k.p.i.IntermediateProofReplayer Proof replay took 328.7ns 
19859      INFO  main            d.u.i.k.p.r.p.TestFile    ... success: loading failed 
19861      INFO  main            d.u.i.k.p.r.p.TestFile    Now processing file /home/runner/work/key/key/key.core/../key.ui/examples/../../key.core/src/test/resources/testcase/issues/1716/incorrectPolarity2.proof 
19861      INFO  main            d.u.i.k.p.i.AbstractProblemLoader Loading environment from /home/runner/work/key/key/key.core/../key.ui/examples/../../key.core/src/test/resources/testcase/issues/1716/incorrectPolarity2.proof 
19861      DEBUG main            d.u.i.k.p.i.AbstractProblemLoader Environment load took 229.7ns 
19863      INFO  main            d.u.i.k.p.i.AbstractProblemLoader Creating init config 
23391      DEBUG main            d.u.i.k.p.i.AbstractProblemLoader Init config took 3.53s 
23427      INFO  main            d.u.i.k.p.i.AbstractProblemLoader Replaying proof incorrectPolarity2.proof 
23434      DEBUG main            d.u.i.k.p.i.IntermediateProofReplayer Proof replay took 4.13ms 
23435      INFO  main            d.u.i.k.p.r.p.TestFile    ... success: loading failed 
23436      INFO  main            d.u.i.k.p.r.p.TestFile    Now processing file /home/runner/work/key/key/key.core/../key.ui/examples/../../key.core/src/test/resources/testcase/issues/1716/incorrectPolarity3.proof 
23437      INFO  main            d.u.i.k.p.i.AbstractProblemLoader Loading environment from /home/runner/work/key/key/key.core/../key.ui/examples/../../key.core/src/test/resources/testcase/issues/1716/incorrectPolarity3.proof 
23437      DEBUG main            d.u.i.k.p.i.AbstractProblemLoader Environment load took 230.8ns 
23439      INFO  main            d.u.i.k.p.i.AbstractProblemLoader Creating init config 
26871      DEBUG main            d.u.i.k.p.i.AbstractProblemLoader Init config took 3.43s 
26900      INFO  main            d.u.i.k.p.i.AbstractProblemLoader Replaying proof incorrectPolarity3.proof 
26905      DEBUG main            d.u.i.k.p.i.IntermediateProofReplayer Proof replay took 2.12ms 
26906      INFO  main            d.u.i.k.p.r.p.TestFile    ... success: loading failed 
7076840    INFO  Test worker     d.u.i.k.p.r.p.StatisticsFile Returning from test proofLoadRepair 
7076842    INFO  Test worker     d.u.i.k.p.r.p.StatisticsFile Running test switch 
577        INFO  Timeout watchdog d.u.i.k.p.r.p.ForkedTestFileRunner Timeout watcher launched (2000 secs.) 
590        WARN  main            d.u.i.k.s.ProofSettings   The settings in /home/runner/.key/proof-settings.props are *not* read. 
645        INFO  main            d.u.i.k.p.r.p.TestFile    Now processing file /home/runner/work/key/key/key.core/../key.ui/examples/standard_key/java_dl/switch/labeled_case.key 
834        INFO  main            d.u.i.k.p.i.AbstractProblemLoader Loading environment from /home/runner/work/key/key/key.core/../key.ui/examples/standard_key/java_dl/switch/labeled_case.key 
859        DEBUG main            d.u.i.k.p.i.AbstractProblemLoader Environment load took 2.68ms 
1165       INFO  main            d.u.i.k.p.i.AbstractProblemLoader Creating init config 
2488       DEBUG main            d.u.i.k.j.TypeConverter   No LDT found for Meta 
2491       DEBUG main            d.u.i.k.j.TypeConverter   No LDT found for Meta 
2496       DEBUG main            d.u.i.k.j.TypeConverter   No LDT found for Meta 
2496       DEBUG main            d.u.i.k.j.TypeConverter   No LDT found for Meta 
4503       DEBUG main            d.u.i.k.j.TypeConverter   No LDT found for JavaBigintExpression 
11816      DEBUG main            d.u.i.k.p.i.AbstractProblemLoader Init config took 10.65s 
12063      INFO  main            d.u.i.k.p.i.AbstractProblemLoader Replaying proof LabeledCase[LabeledCase::m(int)].JML normal_behavior operation contract.0 
12120      DEBUG main            d.u.i.k.p.i.IntermediateProofReplayer Proof replay took 41.6ns 
13066      INFO  main            d.u.i.k.p.r.p.TestFile    ... finished proof: closed. 
13252      INFO  main            d.u.i.k.p.i.AbstractProblemLoader Loading environment from /home/runner/work/key/key/key.core/../key.ui/examples/standard_key/java_dl/switch/labeled_case.key.proof 
13253      DEBUG main            d.u.i.k.p.i.AbstractProblemLoader Environment load took 547.4ns 
13258      INFO  main            d.u.i.k.p.i.AbstractProblemLoader Creating init config 
17116      DEBUG main            d.u.i.k.p.i.AbstractProblemLoader Init config took 3.86s 
17196      INFO  main            d.u.i.k.p.i.AbstractProblemLoader Replaying proof LabeledCase[LabeledCase::m(int)].JML normal_behavior operation contract.0 
17298      DEBUG main            d.u.i.k.p.i.IntermediateProofReplayer Proof replay took 94.87ms 
17313      DEBUG main            d.u.i.k.p.r.p.TestFile    ... success: reloaded. 
17315      INFO  main            d.u.i.k.p.r.p.TestFile    Now processing file /home/runner/work/key/key/key.core/../key.ui/examples/standard_key/java_dl/switch/empty_switch.key 
17316      INFO  main            d.u.i.k.p.i.AbstractProblemLoader Loading environment from /home/runner/work/key/key/key.core/../key.ui/examples/standard_key/java_dl/switch/empty_switch.key 
17316      DEBUG main            d.u.i.k.p.i.AbstractProblemLoader Environment load took 264.9ns 
17318      INFO  main            d.u.i.k.p.i.AbstractProblemLoader Creating init config 
20969      DEBUG main            d.u.i.k.p.i.AbstractProblemLoader Init config took 3.65s 
21009      INFO  main            d.u.i.k.p.i.AbstractProblemLoader Replaying proof empty_switch.key 
21013      DEBUG main            d.u.i.k.p.i.IntermediateProofReplayer Proof replay took 8.8ns 
21116      INFO  main            d.u.i.k.p.r.p.TestFile    ... finished proof: closed. 
21307      INFO  main            d.u.i.k.p.i.AbstractProblemLoader Loading environment from /home/runner/work/key/key/key.core/../key.ui/examples/standard_key/java_dl/switch/empty_switch.key.proof 
21308      DEBUG main            d.u.i.k.p.i.AbstractProblemLoader Environment load took 250.2ns 
21310      INFO  main            d.u.i.k.p.i.AbstractProblemLoader Creating init config 
25037      DEBUG main            d.u.i.k.p.i.AbstractProblemLoader Init config took 3.73s 
25075      INFO  main            d.u.i.k.p.i.AbstractProblemLoader Replaying proof empty_switch.key.proof 
25082      DEBUG main            d.u.i.k.p.i.IntermediateProofReplayer Proof replay took 3.13ms 
25084      DEBUG main            d.u.i.k.p.r.p.TestFile    ... success: reloaded. 
25085      INFO  main            d.u.i.k.p.r.p.TestFile    Now processing file /home/runner/work/key/key/key.core/../key.ui/examples/standard_key/java_dl/switch/empty_switch_null.key 
25085      INFO  main            d.u.i.k.p.i.AbstractProblemLoader Loading environment from /home/runner/work/key/key/key.core/../key.ui/examples/standard_key/java_dl/switch/empty_switch_null.key 
25086      DEBUG main            d.u.i.k.p.i.AbstractProblemLoader Environment load took 270.5ns 
25087      INFO  main            d.u.i.k.p.i.AbstractProblemLoader Creating init config 
28680      DEBUG main            d.u.i.k.p.i.AbstractProblemLoader Init config took 3.59s 
28710      INFO  main            d.u.i.k.p.i.AbstractProblemLoader Replaying proof empty_switch_null.key 
28713      DEBUG main            d.u.i.k.p.i.IntermediateProofReplayer Proof replay took 8.2ns 
28917      INFO  main            d.u.i.k.p.r.p.TestFile    ... finished proof: closed. 
29117      INFO  main            d.u.i.k.p.i.AbstractProblemLoader Loading environment from /home/runner/work/key/key/key.core/../key.ui/examples/standard_key/java_dl/switch/empty_switch_null.key.proof 
29118      DEBUG main            d.u.i.k.p.i.AbstractProblemLoader Environment load took 1.28ms 
29122      INFO  main            d.u.i.k.p.i.AbstractProblemLoader Creating init config 
32581      DEBUG main            d.u.i.k.p.i.AbstractProblemLoader Init config took 3.46s 
32615      INFO  main            d.u.i.k.p.i.AbstractProblemLoader Replaying proof empty_switch_null.key.proof 
32670      DEBUG main            d.u.i.k.p.i.IntermediateProofReplayer Proof replay took 50.92ms 
32671      DEBUG main            d.u.i.k.p.r.p.TestFile    ... success: reloaded. 
32672      INFO  main            d.u.i.k.p.r.p.TestFile    Now processing file /home/runner/work/key/key/key.core/../key.ui/examples/standard_key/java_dl/switch/empty_switch_null_catch.key 
32673      INFO  main            d.u.i.k.p.i.AbstractProblemLoader Loading environment from /home/runner/work/key/key/key.core/../key.ui/examples/standard_key/java_dl/switch/empty_switch_null_catch.key 
32673      DEBUG main            d.u.i.k.p.i.AbstractProblemLoader Environment load took 247.9ns 
32675      INFO  main            d.u.i.k.p.i.AbstractProblemLoader Creating init config 
36078      DEBUG main            d.u.i.k.p.i.AbstractProblemLoader Init config took 3.4s 
36108      INFO  main            d.u.i.k.p.i.AbstractProblemLoader Replaying proof empty_switch_null_catch.key 
36110      DEBUG main            d.u.i.k.p.i.IntermediateProofReplayer Proof replay took 8.2ns 
36315      INFO  main            d.u.i.k.p.r.p.TestFile    ... finished proof: closed. 
36557      INFO  main            d.u.i.k.p.i.AbstractProblemLoader Loading environment from /home/runner/work/key/key/key.core/../key.ui/examples/standard_key/java_dl/switch/empty_switch_null_catch.key.proof 
36558      DEBUG main            d.u.i.k.p.i.AbstractProblemLoader Environment load took 473.79ns 
36559      INFO  main            d.u.i.k.p.i.AbstractProblemLoader Creating init config 
39845      DEBUG main            d.u.i.k.p.i.AbstractProblemLoader Init config took 3.29s 
39877      INFO  main            d.u.i.k.p.i.AbstractProblemLoader Replaying proof empty_switch_null_catch.key.proof 
39946      DEBUG main            d.u.i.k.p.i.IntermediateProofReplayer Proof replay took 65.09ms 
39948      DEBUG main            d.u.i.k.p.r.p.TestFile    ... success: reloaded. 
39949      INFO  main            d.u.i.k.p.r.p.TestFile    Now processing file /home/runner/work/key/key/key.core/../key.ui/examples/standard_key/java_dl/switch/empty_switch_array_out_of_bounds.key 
39949      INFO  main            d.u.i.k.p.i.AbstractProblemLoader Loading environment from /home/runner/work/key/key/key.core/../key.ui/examples/standard_key/java_dl/switch/empty_switch_array_out_of_bounds.key 
39950      DEBUG main            d.u.i.k.p.i.AbstractProblemLoader Environment load took 226.5ns 
39951      INFO  main            d.u.i.k.p.i.AbstractProblemLoader Creating init config 
43344      DEBUG main            d.u.i.k.p.i.AbstractProblemLoader Init config took 3.39s 
43372      INFO  main            d.u.i.k.p.i.AbstractProblemLoader Replaying proof empty_switch_array_out_of_bounds.key 
43377      DEBUG main            d.u.i.k.p.i.IntermediateProofReplayer Proof replay took 7.8ns 
43681      INFO  main            d.u.i.k.p.r.p.TestFile    ... finished proof: closed. 
43944      INFO  main            d.u.i.k.p.i.AbstractProblemLoader Loading environment from /home/runner/work/key/key/key.core/../key.ui/examples/standard_key/java_dl/switch/empty_switch_array_out_of_bounds.key.proof 
43944      DEBUG main            d.u.i.k.p.i.AbstractProblemLoader Environment load took 206.7ns 
43946      INFO  main            d.u.i.k.p.i.AbstractProblemLoader Creating init config 
47333      DEBUG main            d.u.i.k.p.i.AbstractProblemLoader Init config took 3.39s 
47395      INFO  main            d.u.i.k.p.i.AbstractProblemLoader Replaying proof empty_switch_array_out_of_bounds.key.proof 
47512      DEBUG main            d.u.i.k.p.i.IntermediateProofReplayer Proof replay took 112.83ms 
47514      DEBUG main            d.u.i.k.p.r.p.TestFile    ... success: reloaded. 
47521      INFO  main            d.u.i.k.p.r.p.TestFile    Now processing file /home/runner/work/key/key/key.core/../key.ui/examples/standard_key/java_dl/switch/empty_switch_array_out_of_bounds_catch.key 
47522      INFO  main            d.u.i.k.p.i.AbstractProblemLoader Loading environment from /home/runner/work/key/key/key.core/../key.ui/examples/standard_key/java_dl/switch/empty_switch_array_out_of_bounds_catch.key 
47522      DEBUG main            d.u.i.k.p.i.AbstractProblemLoader Environment load took 751.7ns 
47524      INFO  main            d.u.i.k.p.i.AbstractProblemLoader Creating init config 
50985      DEBUG main            d.u.i.k.p.i.AbstractProblemLoader Init config took 3.46s 
51030      INFO  main            d.u.i.k.p.i.AbstractProblemLoader Replaying proof empty_switch_array_out_of_bounds_catch.key 
51034      DEBUG main            d.u.i.k.p.i.IntermediateProofReplayer Proof replay took 25.5ns 
51237      INFO  main            d.u.i.k.p.r.p.TestFile    ... finished proof: closed. 
51521      INFO  main            d.u.i.k.p.i.AbstractProblemLoader Loading environment from /home/runner/work/key/key/key.core/../key.ui/examples/standard_key/java_dl/switch/empty_switch_array_out_of_bounds_catch.key.proof 
51521      DEBUG main            d.u.i.k.p.i.AbstractProblemLoader Environment load took 617.3ns 
51523      INFO  main            d.u.i.k.p.i.AbstractProblemLoader Creating init config 
54807      DEBUG main            d.u.i.k.p.i.AbstractProblemLoader Init config took 3.28s 
54837      INFO  main            d.u.i.k.p.i.AbstractProblemLoader Replaying proof empty_switch_array_out_of_bounds_catch.key.proof 
54901      DEBUG main            d.u.i.k.p.i.IntermediateProofReplayer Proof replay took 59.99ms 
54903      DEBUG main            d.u.i.k.p.r.p.TestFile    ... success: reloaded. 
54905      INFO  main            d.u.i.k.p.r.p.TestFile    Now processing file /home/runner/work/key/key/key.core/../key.ui/examples/standard_key/java_dl/switch/switch_in_switch.key 
54905      INFO  main            d.u.i.k.p.i.AbstractProblemLoader Loading environment from /home/runner/work/key/key/key.core/../key.ui/examples/standard_key/java_dl/switch/switch_in_switch.key 
54905      DEBUG main            d.u.i.k.p.i.AbstractProblemLoader Environment load took 209.6ns 
54907      INFO  main            d.u.i.k.p.i.AbstractProblemLoader Creating init config 
58416      DEBUG main            d.u.i.k.p.i.AbstractProblemLoader Init config took 3.51s 
58483      INFO  main            d.u.i.k.p.i.AbstractProblemLoader Replaying proof SwitchInSwitch[SwitchInSwitch::m(int)].JML normal_behavior operation contract.0 
58485      DEBUG main            d.u.i.k.p.i.IntermediateProofReplayer Proof replay took 26.3ns 
64569      INFO  main            d.u.i.k.p.r.p.TestFile    ... finished proof: closed. 
64903      INFO  main            d.u.i.k.p.i.AbstractProblemLoader Loading environment from /home/runner/work/key/key/key.core/../key.ui/examples/standard_key/java_dl/switch/switch_in_switch.key.proof 
64903      DEBUG main            d.u.i.k.p.i.AbstractProblemLoader Environment load took 239.1ns 
64905      INFO  main            d.u.i.k.p.i.AbstractProblemLoader Creating init config 
68346      DEBUG main            d.u.i.k.p.i.AbstractProblemLoader Init config took 3.44s 
68411      INFO  main            d.u.i.k.p.i.AbstractProblemLoader Replaying proof SwitchInSwitch[SwitchInSwitch::m(int)].JML normal_behavior operation contract.0 
69319      DEBUG main            d.u.i.k.p.i.IntermediateProofReplayer Proof replay took 862.5ms 
69321      DEBUG main            d.u.i.k.p.r.p.TestFile    ... success: reloaded. 
69323      INFO  main            d.u.i.k.p.r.p.TestFile    Now processing file /home/runner/work/key/key/key.core/../key.ui/examples/standard_key/java_dl/switch/while_and_switch.key 
69323      INFO  main            d.u.i.k.p.i.AbstractProblemLoader Loading environment from /home/runner/work/key/key/key.core/../key.ui/examples/standard_key/java_dl/switch/while_and_switch.key 
69323      DEBUG main            d.u.i.k.p.i.AbstractProblemLoader Environment load took 343.5ns 
69325      INFO  main            d.u.i.k.p.i.AbstractProblemLoader Creating init config 
72865      DEBUG main            d.u.i.k.p.i.AbstractProblemLoader Init config took 3.54s 
72931      INFO  main            d.u.i.k.p.i.AbstractProblemLoader Replaying proof WhileAndSwitch[WhileAndSwitch::m(int)].JML normal_behavior operation contract.0 
72935      DEBUG main            d.u.i.k.p.i.IntermediateProofReplayer Proof replay took 15.9ns 
73941      INFO  main            d.u.i.k.p.r.p.TestFile    ... finished proof: closed. 
74203      INFO  main            d.u.i.k.p.i.AbstractProblemLoader Loading environment from /home/runner/work/key/key/key.core/../key.ui/examples/standard_key/java_dl/switch/while_and_switch.key.proof 
74204      DEBUG main            d.u.i.k.p.i.AbstractProblemLoader Environment load took 482.9ns 
74205      INFO  main            d.u.i.k.p.i.AbstractProblemLoader Creating init config 
77601      DEBUG main            d.u.i.k.p.i.AbstractProblemLoader Init config took 3.4s 
77658      INFO  main            d.u.i.k.p.i.AbstractProblemLoader Replaying proof WhileAndSwitch[WhileAndSwitch::m(int)].JML normal_behavior operation contract.0 
77886      DEBUG main            d.u.i.k.p.i.IntermediateProofReplayer Proof replay took 219.18ms 
77888      DEBUG main            d.u.i.k.p.r.p.TestFile    ... success: reloaded. 
77889      INFO  main            d.u.i.k.p.r.p.TestFile    Now processing file /home/runner/work/key/key/key.core/../key.ui/examples/standard_key/java_dl/switch/large_switch.key 
77890      INFO  main            d.u.i.k.p.i.AbstractProblemLoader Loading environment from /home/runner/work/key/key/key.core/../key.ui/examples/standard_key/java_dl/switch/large_switch.key 
77890      DEBUG main            d.u.i.k.p.i.AbstractProblemLoader Environment load took 286.8ns 
77891      INFO  main            d.u.i.k.p.i.AbstractProblemLoader Creating init config 
81210      DEBUG main            d.u.i.k.p.i.AbstractProblemLoader Init config took 3.32s 
81261      INFO  main            d.u.i.k.p.i.AbstractProblemLoader Replaying proof LargeSwitch[LargeSwitch::m(int)].JML normal_behavior operation contract.0 
81263      DEBUG main            d.u.i.k.p.i.IntermediateProofReplayer Proof replay took 8.9ns 
82978      INFO  main            d.u.i.k.p.r.p.TestFile    ... finished proof: closed. 
83267      INFO  main            d.u.i.k.p.i.AbstractProblemLoader Loading environment from /home/runner/work/key/key/key.core/../key.ui/examples/standard_key/java_dl/switch/large_switch.key.proof 
83268      DEBUG main            d.u.i.k.p.i.AbstractProblemLoader Environment load took 446.3ns 
83270      INFO  main            d.u.i.k.p.i.AbstractProblemLoader Creating init config 
86595      DEBUG main            d.u.i.k.p.i.AbstractProblemLoader Init config took 3.32s 
86653      INFO  main            d.u.i.k.p.i.AbstractProblemLoader Replaying proof LargeSwitch[LargeSwitch::m(int)].JML normal_behavior operation contract.0 
87291      DEBUG main            d.u.i.k.p.i.IntermediateProofReplayer Proof replay took 607.31ms 
87293      DEBUG main            d.u.i.k.p.r.p.TestFile    ... success: reloaded. 
7164388    INFO  Test worker     d.u.i.k.p.r.p.StatisticsFile Returning from test switch 
7164390    INFO  Test worker     d.u.i.k.p.r.p.StatisticsFile Running test redux 
482        INFO  Timeout watchdog d.u.i.k.p.r.p.ForkedTestFileRunner Timeout watcher launched (2000 secs.) 
506        WARN  main            d.u.i.k.s.ProofSettings   The settings in /home/runner/.key/proof-settings.props are *not* read. 
579        INFO  main            d.u.i.k.p.r.p.TestFile    Now processing file /home/runner/work/key/key/key.core/../key.ui/examples/redux/arrays/Arrays.copyOf.key 
750        INFO  main            d.u.i.k.p.i.AbstractProblemLoader Loading environment from /home/runner/work/key/key/key.core/../key.ui/examples/redux/arrays/Arrays.copyOf.key 
772        DEBUG main            d.u.i.k.p.i.AbstractProblemLoader Environment load took 2.52ms 
1114       INFO  main            d.u.i.k.p.i.AbstractProblemLoader Creating init config 
2406       DEBUG main            d.u.i.k.j.TypeConverter   No LDT found for Meta 
2407       DEBUG main            d.u.i.k.j.TypeConverter   No LDT found for Meta 
2409       DEBUG main            d.u.i.k.j.TypeConverter   No LDT found for Meta 
2409       DEBUG main            d.u.i.k.j.TypeConverter   No LDT found for Meta 
4139       DEBUG main            d.u.i.k.j.TypeConverter   No LDT found for JavaBigintExpression 
12021      DEBUG main            d.u.i.k.p.i.AbstractProblemLoader Init config took 10.91s 
12217      INFO  main            d.u.i.k.p.i.AbstractProblemLoader Replaying proof Arrays[Arrays::copyOf([I,int)].JML normal_behavior operation contract.0 
12269      DEBUG main            d.u.i.k.p.i.IntermediateProofReplayer Proof replay took 43.6ns 
19747      INFO  main            d.u.i.k.p.r.p.TestFile    ... finished proof: closed. 
20009      INFO  main            d.u.i.k.p.i.AbstractProblemLoader Loading environment from /home/runner/work/key/key/key.core/../key.ui/examples/redux/arrays/Arrays.copyOf.key.proof 
20011      DEBUG main            d.u.i.k.p.i.AbstractProblemLoader Environment load took 2.62ms 
20016      INFO  main            d.u.i.k.p.i.AbstractProblemLoader Creating init config 
24606      DEBUG main            d.u.i.k.p.i.AbstractProblemLoader Init config took 4.59s 
24685      INFO  main            d.u.i.k.p.i.AbstractProblemLoader Replaying proof Arrays[Arrays::copyOf([I,int)].JML normal_behavior operation contract.0 
25561      DEBUG main            d.u.i.k.p.i.IntermediateProofReplayer Proof replay took 828.93ms 
25572      DEBUG main            d.u.i.k.p.r.p.TestFile    ... success: reloaded. 
25574      INFO  main            d.u.i.k.p.r.p.TestFile    Now processing file /home/runner/work/key/key/key.core/../key.ui/examples/redux/arrays/Arrays.copyOf.float.key 
25574      INFO  main            d.u.i.k.p.i.AbstractProblemLoader Loading environment from /home/runner/work/key/key/key.core/../key.ui/examples/redux/arrays/Arrays.copyOf.float.key 
25574      DEBUG main            d.u.i.k.p.i.AbstractProblemLoader Environment load took 236.69ns 
25576      INFO  main            d.u.i.k.p.i.AbstractProblemLoader Creating init config 
30082      DEBUG main            d.u.i.k.p.i.AbstractProblemLoader Init config took 4.51s 
30171      INFO  main            d.u.i.k.p.i.AbstractProblemLoader Replaying proof Arrays[Arrays::copyOf([F,int)].JML normal_behavior operation contract.0 
30174      DEBUG main            d.u.i.k.p.i.IntermediateProofReplayer Proof replay took 8ns 
30216      DEBUG main            d.u.i.k.m.s.ProofScriptEngine 1: 'macro autopilot' 
36292      DEBUG main            d.u.i.k.m.s.ProofScriptEngine 2: 'smt solver=Z3' 
36417      INFO  main            d.u.i.k.m.s.SMTCommand    Finished run on goal 17 in 94ms, result is valid 
36421      DEBUG main            d.u.i.k.m.s.ProofScriptEngine 3: 'tryclose' 
38863      INFO  main            d.u.i.k.p.r.p.TestFile    ... finished proof: closed. 
39099      INFO  main            d.u.i.k.p.i.AbstractProblemLoader Loading environment from /home/runner/work/key/key/key.core/../key.ui/examples/redux/arrays/Arrays.copyOf.float.key.proof 
39102      DEBUG main            d.u.i.k.p.i.AbstractProblemLoader Environment load took 2.61ms 
39111      INFO  main            d.u.i.k.p.i.AbstractProblemLoader Creating init config 
43613      DEBUG main            d.u.i.k.p.i.AbstractProblemLoader Init config took 4.5s 
43688      INFO  main            d.u.i.k.p.i.AbstractProblemLoader Replaying proof Arrays[Arrays::copyOf([F,int)].JML normal_behavior operation contract.0 
43811      INFO  main            d.u.i.k.s.SMTFocusResults Analyzing unsat core: (L_6) 
44907      DEBUG main            d.u.i.k.p.i.IntermediateProofReplayer Proof replay took 1.19s 
44909      DEBUG main            d.u.i.k.p.r.p.TestFile    ... success: reloaded. 
44911      INFO  main            d.u.i.k.p.r.p.TestFile    Now processing file /home/runner/work/key/key/key.core/../key.ui/examples/redux/arrays/Arrays.copyOfRange.key 
44911      INFO  main            d.u.i.k.p.i.AbstractProblemLoader Loading environment from /home/runner/work/key/key/key.core/../key.ui/examples/redux/arrays/Arrays.copyOfRange.key 
44912      DEBUG main            d.u.i.k.p.i.AbstractProblemLoader Environment load took 287.5ns 
44913      INFO  main            d.u.i.k.p.i.AbstractProblemLoader Creating init config 
49515      DEBUG main            d.u.i.k.p.i.AbstractProblemLoader Init config took 4.6s 
49585      INFO  main            d.u.i.k.p.i.AbstractProblemLoader Replaying proof Arrays[Arrays::copyOfRange([I,int,int)].JML normal_behavior operation contract.0 
49590      DEBUG main            d.u.i.k.p.i.IntermediateProofReplayer Proof replay took 7.4ns 
56079      INFO  main            d.u.i.k.p.r.p.TestFile    ... finished proof: closed. 
56477      INFO  main            d.u.i.k.p.i.AbstractProblemLoader Loading environment from /home/runner/work/key/key/key.core/../key.ui/examples/redux/arrays/Arrays.copyOfRange.key.proof 
56478      DEBUG main            d.u.i.k.p.i.AbstractProblemLoader Environment load took 507ns 
56480      INFO  main            d.u.i.k.p.i.AbstractProblemLoader Creating init config 
60841      DEBUG main            d.u.i.k.p.i.AbstractProblemLoader Init config took 4.36s 
60908      INFO  main            d.u.i.k.p.i.AbstractProblemLoader Replaying proof Arrays[Arrays::copyOfRange([I,int,int)].JML normal_behavior operation contract.0 
61786      DEBUG main            d.u.i.k.p.i.IntermediateProofReplayer Proof replay took 852.62ms 
61788      DEBUG main            d.u.i.k.p.r.p.TestFile    ... success: reloaded. 
61790      INFO  main            d.u.i.k.p.r.p.TestFile    Now processing file /home/runner/work/key/key/key.core/../key.ui/examples/redux/arrays/Arrays.copyOfRange.float.key 
61790      INFO  main            d.u.i.k.p.i.AbstractProblemLoader Loading environment from /home/runner/work/key/key/key.core/../key.ui/examples/redux/arrays/Arrays.copyOfRange.float.key 
61791      DEBUG main            d.u.i.k.p.i.AbstractProblemLoader Environment load took 262.2ns 
61792      INFO  main            d.u.i.k.p.i.AbstractProblemLoader Creating init config 
66201      DEBUG main            d.u.i.k.p.i.AbstractProblemLoader Init config took 4.41s 
66271      INFO  main            d.u.i.k.p.i.AbstractProblemLoader Replaying proof Arrays[Arrays::copyOfRange([F,int,int)].JML normal_behavior operation contract.0 
66272      DEBUG main            d.u.i.k.p.i.IntermediateProofReplayer Proof replay took 6.6ns 
66274      DEBUG main            d.u.i.k.m.s.ProofScriptEngine 1: 'macro autopilot' 
74969      DEBUG main            d.u.i.k.m.s.ProofScriptEngine 2: 'smt solver=Z3' 
75018      INFO  main            d.u.i.k.m.s.SMTCommand    Finished run on goal 27 in 45ms, result is valid 
75018      DEBUG main            d.u.i.k.m.s.ProofScriptEngine 3: 'tryclose' 
79965      INFO  main            d.u.i.k.p.r.p.TestFile    ... finished proof: closed. 
80263      INFO  main            d.u.i.k.p.i.AbstractProblemLoader Loading environment from /home/runner/work/key/key/key.core/../key.ui/examples/redux/arrays/Arrays.copyOfRange.float.key.proof 
80264      DEBUG main            d.u.i.k.p.i.AbstractProblemLoader Environment load took 258.89ns 
80266      INFO  main            d.u.i.k.p.i.AbstractProblemLoader Creating init config 
84510      DEBUG main            d.u.i.k.p.i.AbstractProblemLoader Init config took 4.24s 
84597      INFO  main            d.u.i.k.p.i.AbstractProblemLoader Replaying proof Arrays[Arrays::copyOfRange([F,int,int)].JML normal_behavior operation contract.0 
84720      INFO  main            d.u.i.k.s.SMTFocusResults Analyzing unsat core: (L_8) 
86162      DEBUG main            d.u.i.k.p.i.IntermediateProofReplayer Proof replay took 1.52s 
86165      DEBUG main            d.u.i.k.p.r.p.TestFile    ... success: reloaded. 
86170      INFO  main            d.u.i.k.p.r.p.TestFile    Now processing file /home/runner/work/key/key/key.core/../key.ui/examples/redux/arrays/Arrays.equals.key 
86170      INFO  main            d.u.i.k.p.i.AbstractProblemLoader Loading environment from /home/runner/work/key/key/key.core/../key.ui/examples/redux/arrays/Arrays.equals.key 
86170      DEBUG main            d.u.i.k.p.i.AbstractProblemLoader Environment load took 106.2ns 
86171      INFO  main            d.u.i.k.p.i.AbstractProblemLoader Creating init config 
90473      DEBUG main            d.u.i.k.p.i.AbstractProblemLoader Init config took 4.3s 
90530      INFO  main            d.u.i.k.p.i.AbstractProblemLoader Replaying proof Arrays[Arrays::equals([B,[B)].JML normal_behavior operation contract.0 
90532      DEBUG main            d.u.i.k.p.i.IntermediateProofReplayer Proof replay took 7ns 
91238      INFO  main            d.u.i.k.p.r.p.TestFile    ... finished proof: closed. 
91601      INFO  main            d.u.i.k.p.i.AbstractProblemLoader Loading environment from /home/runner/work/key/key/key.core/../key.ui/examples/redux/arrays/Arrays.equals.key.proof 
91601      DEBUG main            d.u.i.k.p.i.AbstractProblemLoader Environment load took 479.29ns 
91603      INFO  main            d.u.i.k.p.i.AbstractProblemLoader Creating init config 
95682      DEBUG main            d.u.i.k.p.i.AbstractProblemLoader Init config took 4.08s 
95735      INFO  main            d.u.i.k.p.i.AbstractProblemLoader Replaying proof Arrays[Arrays::equals([B,[B)].JML normal_behavior operation contract.0 
95976      DEBUG main            d.u.i.k.p.i.IntermediateProofReplayer Proof replay took 234.17ms 
95977      DEBUG main            d.u.i.k.p.r.p.TestFile    ... success: reloaded. 
95978      INFO  main            d.u.i.k.p.r.p.TestFile    Now processing file /home/runner/work/key/key/key.core/../key.ui/examples/redux/arrays/Arrays.fill.key 
95979      INFO  main            d.u.i.k.p.i.AbstractProblemLoader Loading environment from /home/runner/work/key/key/key.core/../key.ui/examples/redux/arrays/Arrays.fill.key 
95979      DEBUG main            d.u.i.k.p.i.AbstractProblemLoader Environment load took 122.1ns 
95980      INFO  main            d.u.i.k.p.i.AbstractProblemLoader Creating init config 
100008     DEBUG main            d.u.i.k.p.i.AbstractProblemLoader Init config took 4.03s 
100061     INFO  main            d.u.i.k.p.i.AbstractProblemLoader Replaying proof Arrays[Arrays::fill([I,int)].JML normal_behavior operation contract.0 
100064     DEBUG main            d.u.i.k.p.i.IntermediateProofReplayer Proof replay took 7.2ns 
100271     INFO  main            d.u.i.k.p.r.p.TestFile    ... finished proof: closed. 
100534     INFO  main            d.u.i.k.p.i.AbstractProblemLoader Loading environment from /home/runner/work/key/key/key.core/../key.ui/examples/redux/arrays/Arrays.fill.key.proof 
100535     DEBUG main            d.u.i.k.p.i.AbstractProblemLoader Environment load took 890.48ns 
100536     INFO  main            d.u.i.k.p.i.AbstractProblemLoader Creating init config 
104593     DEBUG main            d.u.i.k.p.i.AbstractProblemLoader Init config took 4.06s 
104647     INFO  main            d.u.i.k.p.i.AbstractProblemLoader Replaying proof Arrays[Arrays::fill([I,int)].JML normal_behavior operation contract.0 
104698     DEBUG main            d.u.i.k.p.i.IntermediateProofReplayer Proof replay took 47.34ms 
104699     DEBUG main            d.u.i.k.p.r.p.TestFile    ... success: reloaded. 
104700     INFO  main            d.u.i.k.p.r.p.TestFile    Now processing file /home/runner/work/key/key/key.core/../key.ui/examples/redux/arrays/Arrays.fill.float.key 
104701     INFO  main            d.u.i.k.p.i.AbstractProblemLoader Loading environment from /home/runner/work/key/key/key.core/../key.ui/examples/redux/arrays/Arrays.fill.float.key 
104701     DEBUG main            d.u.i.k.p.i.AbstractProblemLoader Environment load took 224.1ns 
104702     INFO  main            d.u.i.k.p.i.AbstractProblemLoader Creating init config 
108696     DEBUG main            d.u.i.k.p.i.AbstractProblemLoader Init config took 3.99s 
108745     INFO  main            d.u.i.k.p.i.AbstractProblemLoader Replaying proof Arrays[Arrays::fill([F,float)].JML normal_behavior operation contract.0 
108747     DEBUG main            d.u.i.k.p.i.IntermediateProofReplayer Proof replay took 7.9ns 
109052     INFO  main            d.u.i.k.p.r.p.TestFile    ... finished proof: closed. 
109323     INFO  main            d.u.i.k.p.i.AbstractProblemLoader Loading environment from /home/runner/work/key/key/key.core/../key.ui/examples/redux/arrays/Arrays.fill.float.key.proof 
109324     DEBUG main            d.u.i.k.p.i.AbstractProblemLoader Environment load took 479.6ns 
109325     INFO  main            d.u.i.k.p.i.AbstractProblemLoader Creating init config 
113421     DEBUG main            d.u.i.k.p.i.AbstractProblemLoader Init config took 4.1s 
113468     INFO  main            d.u.i.k.p.i.AbstractProblemLoader Replaying proof Arrays[Arrays::fill([F,float)].JML normal_behavior operation contract.0 
113534     DEBUG main            d.u.i.k.p.i.IntermediateProofReplayer Proof replay took 63.28ms 
113536     DEBUG main            d.u.i.k.p.r.p.TestFile    ... success: reloaded. 
113537     INFO  main            d.u.i.k.p.r.p.TestFile    Now processing file /home/runner/work/key/key/key.core/../key.ui/examples/redux/arrays/Arrays.fillFromTo.key 
113538     INFO  main            d.u.i.k.p.i.AbstractProblemLoader Loading environment from /home/runner/work/key/key/key.core/../key.ui/examples/redux/arrays/Arrays.fillFromTo.key 
113538     DEBUG main            d.u.i.k.p.i.AbstractProblemLoader Environment load took 223.5ns 
113539     INFO  main            d.u.i.k.p.i.AbstractProblemLoader Creating init config 
117697     DEBUG main            d.u.i.k.p.i.AbstractProblemLoader Init config took 4.16s 
117756     INFO  main            d.u.i.k.p.i.AbstractProblemLoader Replaying proof Arrays[Arrays::fill([I,int,int,int)].JML normal_behavior operation contract.0 
117758     DEBUG main            d.u.i.k.p.i.IntermediateProofReplayer Proof replay took 7.6ns 
118562     INFO  main            d.u.i.k.p.r.p.TestFile    ... finished proof: closed. 
118862     INFO  main            d.u.i.k.p.i.AbstractProblemLoader Loading environment from /home/runner/work/key/key/key.core/../key.ui/examples/redux/arrays/Arrays.fillFromTo.key.proof 
118863     DEBUG main            d.u.i.k.p.i.AbstractProblemLoader Environment load took 659.39ns 
118865     INFO  main            d.u.i.k.p.i.AbstractProblemLoader Creating init config 
122830     DEBUG main            d.u.i.k.p.i.AbstractProblemLoader Init config took 3.96s 
122882     INFO  main            d.u.i.k.p.i.AbstractProblemLoader Replaying proof Arrays[Arrays::fill([I,int,int,int)].JML normal_behavior operation contract.0 
123072     DEBUG main            d.u.i.k.p.i.IntermediateProofReplayer Proof replay took 183.47ms 
123074     DEBUG main            d.u.i.k.p.r.p.TestFile    ... success: reloaded. 
123075     INFO  main            d.u.i.k.p.r.p.TestFile    Now processing file /home/runner/work/key/key/key.core/../key.ui/examples/redux/arrays/Arrays.fillFromTo.float.key 
123076     INFO  main            d.u.i.k.p.i.AbstractProblemLoader Loading environment from /home/runner/work/key/key/key.core/../key.ui/examples/redux/arrays/Arrays.fillFromTo.float.key 
123076     DEBUG main            d.u.i.k.p.i.AbstractProblemLoader Environment load took 246ns 
123078     INFO  main            d.u.i.k.p.i.AbstractProblemLoader Creating init config 
127091     DEBUG main            d.u.i.k.p.i.AbstractProblemLoader Init config took 4.01s 
127141     INFO  main            d.u.i.k.p.i.AbstractProblemLoader Replaying proof Arrays[Arrays::fill([F,int,int,float)].JML normal_behavior operation contract.0 
127143     DEBUG main            d.u.i.k.p.i.IntermediateProofReplayer Proof replay took 22.5ns 
128052     INFO  main            d.u.i.k.p.r.p.TestFile    ... finished proof: closed. 
128326     INFO  main            d.u.i.k.p.i.AbstractProblemLoader Loading environment from /home/runner/work/key/key/key.core/../key.ui/examples/redux/arrays/Arrays.fillFromTo.float.key.proof 
128327     DEBUG main            d.u.i.k.p.i.AbstractProblemLoader Environment load took 441.6ns 
128328     INFO  main            d.u.i.k.p.i.AbstractProblemLoader Creating init config 
132288     DEBUG main            d.u.i.k.p.i.AbstractProblemLoader Init config took 3.96s 
132338     INFO  main            d.u.i.k.p.i.AbstractProblemLoader Replaying proof Arrays[Arrays::fill([F,int,int,float)].JML normal_behavior operation contract.0 
132558     DEBUG main            d.u.i.k.p.i.IntermediateProofReplayer Proof replay took 214.78ms 
132560     DEBUG main            d.u.i.k.p.r.p.TestFile    ... success: reloaded. 
132561     INFO  main            d.u.i.k.p.r.p.TestFile    Now processing file /home/runner/work/key/key/key.core/../key.ui/examples/redux/arrays/ArrayCopy.arraycopy.normal.0.key 
132561     INFO  main            d.u.i.k.p.i.AbstractProblemLoader Loading environment from /home/runner/work/key/key/key.core/../key.ui/examples/redux/arrays/ArrayCopy.arraycopy.normal.0.key 
132561     DEBUG main            d.u.i.k.p.i.AbstractProblemLoader Environment load took 123.1ns 
132562     INFO  main            d.u.i.k.p.i.AbstractProblemLoader Creating init config 
136741     DEBUG main            d.u.i.k.p.i.AbstractProblemLoader Init config took 4.18s 
136795     INFO  main            d.u.i.k.p.i.AbstractProblemLoader Replaying proof ArrayCopy[ArrayCopy::arraycopy(java.lang.Object,int,java.lang.Object,int,int)].JML normal_behavior operation contract.0 
136797     DEBUG main            d.u.i.k.p.i.IntermediateProofReplayer Proof replay took 7.4ns 
145427     INFO  main            d.u.i.k.p.r.p.TestFile    ... finished proof: closed. 
145763     INFO  main            d.u.i.k.p.i.AbstractProblemLoader Loading environment from /home/runner/work/key/key/key.core/../key.ui/examples/redux/arrays/ArrayCopy.arraycopy.normal.0.key.proof 
145764     DEBUG main            d.u.i.k.p.i.AbstractProblemLoader Environment load took 494.09ns 
145766     INFO  main            d.u.i.k.p.i.AbstractProblemLoader Creating init config 
149795     DEBUG main            d.u.i.k.p.i.AbstractProblemLoader Init config took 4.03s 
149862     INFO  main            d.u.i.k.p.i.AbstractProblemLoader Replaying proof ArrayCopy[ArrayCopy::arraycopy(java.lang.Object,int,java.lang.Object,int,int)].JML normal_behavior operation contract.0 
151166     DEBUG main            d.u.i.k.p.i.IntermediateProofReplayer Proof replay took 1.28s 
151169     DEBUG main            d.u.i.k.p.r.p.TestFile    ... success: reloaded. 
151170     INFO  main            d.u.i.k.p.r.p.TestFile    Now processing file /home/runner/work/key/key/key.core/../key.ui/examples/redux/arrays/ArrayCopy.arraycopy.exceptional.0.key 
151171     INFO  main            d.u.i.k.p.i.AbstractProblemLoader Loading environment from /home/runner/work/key/key/key.core/../key.ui/examples/redux/arrays/ArrayCopy.arraycopy.exceptional.0.key 
151171     DEBUG main            d.u.i.k.p.i.AbstractProblemLoader Environment load took 222.7ns 
151172     INFO  main            d.u.i.k.p.i.AbstractProblemLoader Creating init config 
155299     DEBUG main            d.u.i.k.p.i.AbstractProblemLoader Init config took 4.13s 
155344     INFO  main            d.u.i.k.p.i.AbstractProblemLoader Replaying proof ArrayCopy[ArrayCopy::arraycopy(java.lang.Object,int,java.lang.Object,int,int)].JML exceptional_behavior operation contract.0 
155346     DEBUG main            d.u.i.k.p.i.IntermediateProofReplayer Proof replay took 7.8ns 
155850     INFO  main            d.u.i.k.p.r.p.TestFile    ... finished proof: closed. 
156156     INFO  main            d.u.i.k.p.i.AbstractProblemLoader Loading environment from /home/runner/work/key/key/key.core/../key.ui/examples/redux/arrays/ArrayCopy.arraycopy.exceptional.0.key.proof 
156157     DEBUG main            d.u.i.k.p.i.AbstractProblemLoader Environment load took 1.7ms 
156159     INFO  main            d.u.i.k.p.i.AbstractProblemLoader Creating init config 
160271     DEBUG main            d.u.i.k.p.i.AbstractProblemLoader Init config took 4.11s 
160315     INFO  main            d.u.i.k.p.i.AbstractProblemLoader Replaying proof ArrayCopy[ArrayCopy::arraycopy(java.lang.Object,int,java.lang.Object,int,int)].JML exceptional_behavior operation contract.0 
160498     DEBUG main            d.u.i.k.p.i.IntermediateProofReplayer Proof replay took 178.57ms 
160499     DEBUG main            d.u.i.k.p.r.p.TestFile    ... success: reloaded. 
160501     INFO  main            d.u.i.k.p.r.p.TestFile    Now processing file /home/runner/work/key/key/key.core/../key.ui/examples/redux/arrays/ArrayCopy.arraycopy.exceptional.1.key 
160501     INFO  main            d.u.i.k.p.i.AbstractProblemLoader Loading environment from /home/runner/work/key/key/key.core/../key.ui/examples/redux/arrays/ArrayCopy.arraycopy.exceptional.1.key 
160501     DEBUG main            d.u.i.k.p.i.AbstractProblemLoader Environment load took 203.1ns 
160502     INFO  main            d.u.i.k.p.i.AbstractProblemLoader Creating init config 
164454     DEBUG main            d.u.i.k.p.i.AbstractProblemLoader Init config took 3.95s 
164520     INFO  main            d.u.i.k.p.i.AbstractProblemLoader Replaying proof ArrayCopy[ArrayCopy::arraycopy(java.lang.Object,int,java.lang.Object,int,int)].JML exceptional_behavior operation contract.1 
164522     DEBUG main            d.u.i.k.p.i.IntermediateProofReplayer Proof replay took 7.6ns 
173053     INFO  main            d.u.i.k.p.r.p.TestFile    ... finished proof: closed. 
173383     INFO  main            d.u.i.k.p.i.AbstractProblemLoader Loading environment from /home/runner/work/key/key/key.core/../key.ui/examples/redux/arrays/ArrayCopy.arraycopy.exceptional.1.key.proof 
173383     DEBUG main            d.u.i.k.p.i.AbstractProblemLoader Environment load took 175ns 
173385     INFO  main            d.u.i.k.p.i.AbstractProblemLoader Creating init config 
177446     DEBUG main            d.u.i.k.p.i.AbstractProblemLoader Init config took 4.06s 
177491     INFO  main            d.u.i.k.p.i.AbstractProblemLoader Replaying proof ArrayCopy[ArrayCopy::arraycopy(java.lang.Object,int,java.lang.Object,int,int)].JML exceptional_behavior operation contract.1 
179933     DEBUG main            d.u.i.k.p.i.IntermediateProofReplayer Proof replay took 2.42s 
179936     DEBUG main            d.u.i.k.p.r.p.TestFile    ... success: reloaded. 
7344565    INFO  Test worker     d.u.i.k.p.r.p.StatisticsFile Returning from test redux 
]]></system-out>
  <system-err><![CDATA[]]></system-err>
</testsuite>
