<?xml version="1.0" encoding="UTF-8"?>
<testsuite name="org.key_project.exploration.ProofExplorationServiceTest" tests="3" skipped="0" failures="0" errors="0" timestamp="2023-04-24T21:26:35" hostname="fv-az1113-423" time="24.283">
  <properties/>
  <testcase name="testAdditionAntec()" classname="org.key_project.exploration.ProofExplorationServiceTest" time="15.279"/>
  <testcase name="testChangeFormula()" classname="org.key_project.exploration.ProofExplorationServiceTest" time="4.719"/>
  <testcase name="testAdditionSucc()" classname="org.key_project.exploration.ProofExplorationServiceTest" time="4.281"/>
  <system-out><![CDATA[[21:26:36.301] ?[31mWARN ?[0;39m ?[36mProofIndependentSettings?[0;39m - The settings in C:\Users\runneradmin\.key\proofIndependentSettings.props are *not* read due to flag 'key.disregardSettings'
[21:26:36.317] ?[34mINFO ?[0;39m ?[36mAbstractProblemLoader?[0;39m - Loading environment from src\test\resources\org\key_project\exploration\testAdditions.key
[21:26:36.849] ?[34mINFO ?[0;39m ?[36mAbstractProblemLoader?[0;39m - Creating init config
[21:26:36.880] ?[31mWARN ?[0;39m ?[36mProofSettings?[0;39m - The settings in C:\Users\runneradmin\.key\proof-settings.props are *not* read.
[21:26:50.605] ?[34mINFO ?[0;39m ?[36mAbstractProblemLoader?[0;39m - Replaying proof testAdditions.key
[21:26:50.762] ?[34mINFO ?[0;39m ?[36mAbstractProblemLoader?[0;39m - Loading environment from src\test\resources\org\key_project\exploration\testAdditions.key
[21:26:50.793] ?[34mINFO ?[0;39m ?[36mAbstractProblemLoader?[0;39m - Creating init config
[21:26:55.342] ?[34mINFO ?[0;39m ?[36mAbstractProblemLoader?[0;39m - Replaying proof testAdditions.key
[21:26:55.483] ?[34mINFO ?[0;39m ?[36mAbstractProblemLoader?[0;39m - Loading environment from src\test\resources\org\key_project\exploration\testAdditions.key
[21:26:55.499] ?[34mINFO ?[0;39m ?[36mAbstractProblemLoader?[0;39m - Creating init config
[21:26:59.766] ?[34mINFO ?[0;39m ?[36mAbstractProblemLoader?[0;39m - Replaying proof testAdditions.key
]]></system-out>
  <system-err><![CDATA[]]></system-err>
</testsuite>
