<?xml version="1.0" encoding="UTF-8"?>
<testsuite name="de.uka.ilkd.key.rule.match.legacy.TestLegacyTacletMatch" tests="4" skipped="0" failures="0" errors="0" timestamp="2023-02-27T18:31:05" hostname="fv-az564-478" time="1.04">
  <properties/>
  <testcase name="testProgramMatch0()" classname="de.uka.ilkd.key.rule.match.legacy.TestLegacyTacletMatch" time="1.036"/>
  <testcase name="testProgramMatch1()" classname="de.uka.ilkd.key.rule.match.legacy.TestLegacyTacletMatch" time="0.001"/>
  <testcase name="testProgramMatch2()" classname="de.uka.ilkd.key.rule.match.legacy.TestLegacyTacletMatch" time="0.002"/>
  <testcase name="testStatementListMatch()" classname="de.uka.ilkd.key.rule.match.legacy.TestLegacyTacletMatch" time="0.001"/>
  <system-out><![CDATA[]]></system-out>
  <system-err><![CDATA[]]></system-err>
</testsuite>
