<?xml version="1.0" encoding="UTF-8"?>
<testsuite name="de.uka.ilkd.key.parser.TestTermParser" tests="47" skipped="4" failures="0" errors="0" timestamp="2023-04-03T21:11:47" hostname="fv-az399-738" time="3.872">
  <properties/>
  <testcase name="testNotEqual()" classname="de.uka.ilkd.key.parser.TestTermParser" time="0.002"/>
  <testcase name="testProgramVariables()" classname="de.uka.ilkd.key.parser.TestTermParser" time="0.065"/>
  <testcase name="testAttributeWithSpecifiedSortOnObject()" classname="de.uka.ilkd.key.parser.TestTermParser" time="0.007"/>
  <testcase name="testCast()" classname="de.uka.ilkd.key.parser.TestTermParser" time="0.002"/>
  <testcase name="testJavaQueryAndAttribute_all()" classname="de.uka.ilkd.key.parser.TestTermParser" time="0.0">
    <skipped/>
  </testcase>
  <testcase name="test10()" classname="de.uka.ilkd.key.parser.TestTermParser" time="0.002"/>
  <testcase name="test11()" classname="de.uka.ilkd.key.parser.TestTermParser" time="0.002"/>
  <testcase name="test12()" classname="de.uka.ilkd.key.parser.TestTermParser" time="0.0">
    <skipped/>
  </testcase>
  <testcase name="test13()" classname="de.uka.ilkd.key.parser.TestTermParser" time="0.005"/>
  <testcase name="test14()" classname="de.uka.ilkd.key.parser.TestTermParser" time="0.002"/>
  <testcase name="test1a()" classname="de.uka.ilkd.key.parser.TestTermParser" time="0.002"/>
  <testcase name="testJavaAttributeAccess_4()" classname="de.uka.ilkd.key.parser.TestTermParser" time="0.003"/>
  <testcase name="testAttributeOnObject()" classname="de.uka.ilkd.key.parser.TestTermParser" time="0.002"/>
  <testcase name="testNegativeLiteralParsing1()" classname="de.uka.ilkd.key.parser.TestTermParser" time="0.001"/>
  <testcase name="testNegativeLiteralParsing2()" classname="de.uka.ilkd.key.parser.TestTermParser" time="0.002"/>
  <testcase name="testNegativeLiteralParsing3()" classname="de.uka.ilkd.key.parser.TestTermParser" time="0.003"/>
  <testcase name="xtestParsingArrayWithSpaces()" classname="de.uka.ilkd.key.parser.TestTermParser" time="0.0">
    <skipped/>
  </testcase>
  <testcase name="testAmbigiousFuncVarPred()" classname="de.uka.ilkd.key.parser.TestTermParser" time="0.001"/>
  <testcase name="test1()" classname="de.uka.ilkd.key.parser.TestTermParser" time="0.002"/>
  <testcase name="test2()" classname="de.uka.ilkd.key.parser.TestTermParser" time="0.001"/>
  <testcase name="test3()" classname="de.uka.ilkd.key.parser.TestTermParser" time="0.002"/>
  <testcase name="test5()" classname="de.uka.ilkd.key.parser.TestTermParser" time="0.001"/>
  <testcase name="test6()" classname="de.uka.ilkd.key.parser.TestTermParser" time="0.001"/>
  <testcase name="test7()" classname="de.uka.ilkd.key.parser.TestTermParser" time="0.001"/>
  <testcase name="test8()" classname="de.uka.ilkd.key.parser.TestTermParser" time="0.002"/>
  <testcase name="test9()" classname="de.uka.ilkd.key.parser.TestTermParser" time="0.001"/>
  <testcase name="testBindingUpdateTerm()" classname="de.uka.ilkd.key.parser.TestTermParser" time="0.001"/>
  <testcase name="testJavaStaticQuery()" classname="de.uka.ilkd.key.parser.TestTermParser" time="0.003"/>
  <testcase name="testInfix1()" classname="de.uka.ilkd.key.parser.TestTermParser" time="0.001"/>
  <testcase name="testInfix2()" classname="de.uka.ilkd.key.parser.TestTermParser" time="0.001"/>
  <testcase name="testInfix3()" classname="de.uka.ilkd.key.parser.TestTermParser" time="0.001"/>
  <testcase name="testInfix4()" classname="de.uka.ilkd.key.parser.TestTermParser" time="0.002"/>
  <testcase name="testIfThenElse()" classname="de.uka.ilkd.key.parser.TestTermParser" time="0.002"/>
  <testcase name="testJavaAttributeAccessBoth_1()" classname="de.uka.ilkd.key.parser.TestTermParser" time="0.003"/>
  <testcase name="testJavaAttributeAccessBoth_2()" classname="de.uka.ilkd.key.parser.TestTermParser" time="0.002"/>
  <testcase name="testJavaAttributeAccessBoth_3()" classname="de.uka.ilkd.key.parser.TestTermParser" time="0.002"/>
  <testcase name="testBindingUpdateTerm_1()" classname="de.uka.ilkd.key.parser.TestTermParser" time="0.001"/>
  <testcase name="testBindingUpdateTerm_3()" classname="de.uka.ilkd.key.parser.TestTermParser" time="0.003"/>
  <testcase name="testBindingUpdateTerm_4()" classname="de.uka.ilkd.key.parser.TestTermParser" time="0.001"/>
  <testcase name="testBindingUpdateTerm_5()" classname="de.uka.ilkd.key.parser.TestTermParser" time="0.001"/>
  <testcase name="testBindingUpdateTerm_6()" classname="de.uka.ilkd.key.parser.TestTermParser" time="0.002"/>
  <testcase name="testBindingUpdateTerm_7()" classname="de.uka.ilkd.key.parser.TestTermParser" time="0.002"/>
  <testcase name="testBindingUpdateTerm_8()" classname="de.uka.ilkd.key.parser.TestTermParser" time="0.002"/>
  <testcase name="testParsingArray()" classname="de.uka.ilkd.key.parser.TestTermParser" time="0.004"/>
  <testcase name="xtestBindingUpdateTermOldBindingAlternative()" classname="de.uka.ilkd.key.parser.TestTermParser" time="0.0">
    <skipped/>
  </testcase>
  <testcase name="testJavaStaticQueryWithParameter()" classname="de.uka.ilkd.key.parser.TestTermParser" time="0.003"/>
  <testcase name="testParsingArrayCombination()" classname="de.uka.ilkd.key.parser.TestTermParser" time="0.003"/>
  <system-out><![CDATA[285511     INFO  Test worker     d.u.i.k.n.KeyIO           Parsing took 0 ms 
285511     INFO  Test worker     d.u.i.k.n.KeyIO           MODE: declarations took 0 ms 
285513     WARN  Test worker     d.u.i.k.j.r.KeYCrossReferenceNameInfo Datatype T declared twice: Once in UNKNOWN:unknown and once in UNKNOWN:unknown, Keeping one from UNKNOWN:unknown 
285597     INFO  Test worker     d.u.i.k.n.KeyIO           Parsing took 0 ms 
285598     INFO  Test worker     d.u.i.k.n.KeyIO           MODE: declarations took 1 ms 
285662     WARN  Test worker     d.u.i.k.j.r.KeYCrossReferenceNameInfo Datatype T declared twice: Once in UNKNOWN:unknown and once in UNKNOWN:unknown, Keeping one from UNKNOWN:unknown 
285743     INFO  Test worker     d.u.i.k.n.KeyIO           Parsing took 0 ms 
285743     INFO  Test worker     d.u.i.k.n.KeyIO           MODE: declarations took 0 ms 
285750     WARN  Test worker     d.u.i.k.j.r.KeYCrossReferenceNameInfo Datatype T declared twice: Once in UNKNOWN:unknown and once in UNKNOWN:unknown, Keeping one from UNKNOWN:unknown 
285836     INFO  Test worker     d.u.i.k.n.KeyIO           Parsing took 0 ms 
285836     INFO  Test worker     d.u.i.k.n.KeyIO           MODE: declarations took 0 ms 
285838     WARN  Test worker     d.u.i.k.j.r.KeYCrossReferenceNameInfo Datatype T declared twice: Once in UNKNOWN:unknown and once in UNKNOWN:unknown, Keeping one from UNKNOWN:unknown 
285922     WARN  Test worker     d.u.i.k.j.r.KeYCrossReferenceNameInfo Datatype T declared twice: Once in UNKNOWN:unknown and once in UNKNOWN:unknown, Keeping one from UNKNOWN:unknown 
286052     INFO  Test worker     d.u.i.k.n.KeyIO           Parsing took 0 ms 
286052     INFO  Test worker     d.u.i.k.n.KeyIO           MODE: declarations took 0 ms 
286054     INFO  Test worker     d.u.i.k.p.TestTermParser  Out: \<{
  int x = 1;
  {
    int s = 2;
  }
}\> (equals(x,x)) 
286054     WARN  Test worker     d.u.i.k.j.r.KeYCrossReferenceNameInfo Datatype T declared twice: Once in UNKNOWN:unknown and once in UNKNOWN:unknown, Keeping one from UNKNOWN:unknown 
286138     INFO  Test worker     d.u.i.k.n.KeyIO           Parsing took 0 ms 
286138     INFO  Test worker     d.u.i.k.n.KeyIO           MODE: declarations took 0 ms 
286139     INFO  Test worker     d.u.i.k.p.TestTermParser  Out: \[{
  int x = 2;
  {
    String s = ""}";
  }
}\] (true) 
286140     WARN  Test worker     d.u.i.k.j.r.KeYCrossReferenceNameInfo Datatype T declared twice: Once in UNKNOWN:unknown and once in UNKNOWN:unknown, Keeping one from UNKNOWN:unknown 
286220     WARN  Test worker     d.u.i.k.j.r.KeYCrossReferenceNameInfo Datatype T declared twice: Once in UNKNOWN:unknown and once in UNKNOWN:unknown, Keeping one from UNKNOWN:unknown 
286300     INFO  Test worker     d.u.i.k.n.KeyIO           Parsing took 0 ms 
286301     INFO  Test worker     d.u.i.k.n.KeyIO           MODE: declarations took 0 ms 
286305     WARN  Test worker     d.u.i.k.j.r.KeYCrossReferenceNameInfo Datatype T declared twice: Once in UNKNOWN:unknown and once in UNKNOWN:unknown, Keeping one from UNKNOWN:unknown 
286383     INFO  Test worker     d.u.i.k.n.KeyIO           Parsing took 1 ms 
286383     INFO  Test worker     d.u.i.k.n.KeyIO           MODE: declarations took 0 ms 
286384     INFO  Test worker     d.u.i.k.p.TestTermParser  Out: \<{
  int[] i;
}\> (diamond(true)) 
286385     WARN  Test worker     d.u.i.k.j.r.KeYCrossReferenceNameInfo Datatype T declared twice: Once in UNKNOWN:unknown and once in UNKNOWN:unknown, Keeping one from UNKNOWN:unknown 
286461     INFO  Test worker     d.u.i.k.n.KeyIO           Parsing took 0 ms 
286461     INFO  Test worker     d.u.i.k.n.KeyIO           MODE: declarations took 0 ms 
286463     WARN  Test worker     d.u.i.k.j.r.KeYCrossReferenceNameInfo Datatype T declared twice: Once in UNKNOWN:unknown and once in UNKNOWN:unknown, Keeping one from UNKNOWN:unknown 
286539     INFO  Test worker     d.u.i.k.n.KeyIO           Parsing took 0 ms 
286539     INFO  Test worker     d.u.i.k.n.KeyIO           MODE: declarations took 0 ms 
286542     WARN  Test worker     d.u.i.k.j.r.KeYCrossReferenceNameInfo Datatype T declared twice: Once in UNKNOWN:unknown and once in UNKNOWN:unknown, Keeping one from UNKNOWN:unknown 
286620     INFO  Test worker     d.u.i.k.n.KeyIO           Parsing took 0 ms 
286621     INFO  Test worker     d.u.i.k.n.KeyIO           MODE: declarations took 0 ms 
286623     WARN  Test worker     d.u.i.k.j.r.KeYCrossReferenceNameInfo Datatype T declared twice: Once in UNKNOWN:unknown and once in UNKNOWN:unknown, Keeping one from UNKNOWN:unknown 
286700     INFO  Test worker     d.u.i.k.n.KeyIO           Parsing took 0 ms 
286700     INFO  Test worker     d.u.i.k.n.KeyIO           MODE: declarations took 0 ms 
286701     WARN  Test worker     d.u.i.k.j.r.KeYCrossReferenceNameInfo Datatype T declared twice: Once in UNKNOWN:unknown and once in UNKNOWN:unknown, Keeping one from UNKNOWN:unknown 
286779     INFO  Test worker     d.u.i.k.n.KeyIO           Parsing took 0 ms 
286780     INFO  Test worker     d.u.i.k.n.KeyIO           MODE: declarations took 0 ms 
286782     WARN  Test worker     d.u.i.k.j.r.KeYCrossReferenceNameInfo Datatype T declared twice: Once in UNKNOWN:unknown and once in UNKNOWN:unknown, Keeping one from UNKNOWN:unknown 
286864     INFO  Test worker     d.u.i.k.n.KeyIO           Parsing took 0 ms 
286864     INFO  Test worker     d.u.i.k.n.KeyIO           MODE: declarations took 0 ms 
286866     WARN  Test worker     d.u.i.k.j.r.KeYCrossReferenceNameInfo Datatype T declared twice: Once in UNKNOWN:unknown and once in UNKNOWN:unknown, Keeping one from UNKNOWN:unknown 
286945     WARN  Test worker     d.u.i.k.j.r.KeYCrossReferenceNameInfo Datatype T declared twice: Once in UNKNOWN:unknown and once in UNKNOWN:unknown, Keeping one from UNKNOWN:unknown 
287019     INFO  Test worker     d.u.i.k.n.KeyIO           Parsing took 0 ms 
287019     INFO  Test worker     d.u.i.k.n.KeyIO           MODE: declarations took 0 ms 
287020     WARN  Test worker     d.u.i.k.j.r.KeYCrossReferenceNameInfo Datatype T declared twice: Once in UNKNOWN:unknown and once in UNKNOWN:unknown, Keeping one from UNKNOWN:unknown 
287100     INFO  Test worker     d.u.i.k.n.KeyIO           Parsing took 0 ms 
287100     INFO  Test worker     d.u.i.k.n.KeyIO           MODE: declarations took 0 ms 
287101     WARN  Test worker     d.u.i.k.j.r.KeYCrossReferenceNameInfo Datatype T declared twice: Once in UNKNOWN:unknown and once in UNKNOWN:unknown, Keeping one from UNKNOWN:unknown 
287179     INFO  Test worker     d.u.i.k.n.KeyIO           Parsing took 0 ms 
287179     INFO  Test worker     d.u.i.k.n.KeyIO           MODE: declarations took 0 ms 
287180     WARN  Test worker     d.u.i.k.j.r.KeYCrossReferenceNameInfo Datatype T declared twice: Once in UNKNOWN:unknown and once in UNKNOWN:unknown, Keeping one from UNKNOWN:unknown 
287259     INFO  Test worker     d.u.i.k.n.KeyIO           Parsing took 0 ms 
287260     INFO  Test worker     d.u.i.k.n.KeyIO           MODE: declarations took 0 ms 
287261     WARN  Test worker     d.u.i.k.j.r.KeYCrossReferenceNameInfo Datatype T declared twice: Once in UNKNOWN:unknown and once in UNKNOWN:unknown, Keeping one from UNKNOWN:unknown 
287341     INFO  Test worker     d.u.i.k.n.KeyIO           Parsing took 0 ms 
287342     INFO  Test worker     d.u.i.k.n.KeyIO           MODE: declarations took 0 ms 
287343     WARN  Test worker     d.u.i.k.j.r.KeYCrossReferenceNameInfo Datatype T declared twice: Once in UNKNOWN:unknown and once in UNKNOWN:unknown, Keeping one from UNKNOWN:unknown 
287422     INFO  Test worker     d.u.i.k.n.KeyIO           Parsing took 1 ms 
287422     INFO  Test worker     d.u.i.k.n.KeyIO           MODE: declarations took 0 ms 
287423     WARN  Test worker     d.u.i.k.j.r.KeYCrossReferenceNameInfo Datatype T declared twice: Once in UNKNOWN:unknown and once in UNKNOWN:unknown, Keeping one from UNKNOWN:unknown 
287500     INFO  Test worker     d.u.i.k.n.KeyIO           Parsing took 0 ms 
287501     INFO  Test worker     d.u.i.k.n.KeyIO           MODE: declarations took 1 ms 
287502     WARN  Test worker     d.u.i.k.j.r.KeYCrossReferenceNameInfo Datatype T declared twice: Once in UNKNOWN:unknown and once in UNKNOWN:unknown, Keeping one from UNKNOWN:unknown 
287580     INFO  Test worker     d.u.i.k.n.KeyIO           Parsing took 0 ms 
287580     INFO  Test worker     d.u.i.k.n.KeyIO           MODE: declarations took 0 ms 
287582     WARN  Test worker     d.u.i.k.j.r.KeYCrossReferenceNameInfo Datatype T declared twice: Once in UNKNOWN:unknown and once in UNKNOWN:unknown, Keeping one from UNKNOWN:unknown 
287662     INFO  Test worker     d.u.i.k.n.KeyIO           Parsing took 0 ms 
287662     INFO  Test worker     d.u.i.k.n.KeyIO           MODE: declarations took 0 ms 
287663     WARN  Test worker     d.u.i.k.j.r.KeYCrossReferenceNameInfo Datatype T declared twice: Once in UNKNOWN:unknown and once in UNKNOWN:unknown, Keeping one from UNKNOWN:unknown 
287743     INFO  Test worker     d.u.i.k.n.KeyIO           Parsing took 0 ms 
287743     INFO  Test worker     d.u.i.k.n.KeyIO           MODE: declarations took 0 ms 
287744     WARN  Test worker     d.u.i.k.j.r.KeYCrossReferenceNameInfo Datatype T declared twice: Once in UNKNOWN:unknown and once in UNKNOWN:unknown, Keeping one from UNKNOWN:unknown 
287823     INFO  Test worker     d.u.i.k.n.KeyIO           Parsing took 0 ms 
287823     INFO  Test worker     d.u.i.k.n.KeyIO           MODE: declarations took 0 ms 
287826     WARN  Test worker     d.u.i.k.j.r.KeYCrossReferenceNameInfo Datatype T declared twice: Once in UNKNOWN:unknown and once in UNKNOWN:unknown, Keeping one from UNKNOWN:unknown 
287908     INFO  Test worker     d.u.i.k.n.KeyIO           Parsing took 1 ms 
287908     INFO  Test worker     d.u.i.k.n.KeyIO           MODE: declarations took 0 ms 
287909     WARN  Test worker     d.u.i.k.j.r.KeYCrossReferenceNameInfo Datatype T declared twice: Once in UNKNOWN:unknown and once in UNKNOWN:unknown, Keeping one from UNKNOWN:unknown 
287991     INFO  Test worker     d.u.i.k.n.KeyIO           Parsing took 0 ms 
287991     INFO  Test worker     d.u.i.k.n.KeyIO           MODE: declarations took 0 ms 
287993     WARN  Test worker     d.u.i.k.j.r.KeYCrossReferenceNameInfo Datatype T declared twice: Once in UNKNOWN:unknown and once in UNKNOWN:unknown, Keeping one from UNKNOWN:unknown 
288073     INFO  Test worker     d.u.i.k.n.KeyIO           Parsing took 0 ms 
288074     INFO  Test worker     d.u.i.k.n.KeyIO           MODE: declarations took 1 ms 
288075     WARN  Test worker     d.u.i.k.j.r.KeYCrossReferenceNameInfo Datatype T declared twice: Once in UNKNOWN:unknown and once in UNKNOWN:unknown, Keeping one from UNKNOWN:unknown 
288155     INFO  Test worker     d.u.i.k.n.KeyIO           Parsing took 0 ms 
288155     INFO  Test worker     d.u.i.k.n.KeyIO           MODE: declarations took 0 ms 
288157     WARN  Test worker     d.u.i.k.j.r.KeYCrossReferenceNameInfo Datatype T declared twice: Once in UNKNOWN:unknown and once in UNKNOWN:unknown, Keeping one from UNKNOWN:unknown 
288236     INFO  Test worker     d.u.i.k.n.KeyIO           Parsing took 0 ms 
288236     INFO  Test worker     d.u.i.k.n.KeyIO           MODE: declarations took 0 ms 
288238     WARN  Test worker     d.u.i.k.j.r.KeYCrossReferenceNameInfo Datatype T declared twice: Once in UNKNOWN:unknown and once in UNKNOWN:unknown, Keeping one from UNKNOWN:unknown 
288315     INFO  Test worker     d.u.i.k.n.KeyIO           Parsing took 0 ms 
288315     INFO  Test worker     d.u.i.k.n.KeyIO           MODE: declarations took 0 ms 
288318     WARN  Test worker     d.u.i.k.j.r.KeYCrossReferenceNameInfo Datatype T declared twice: Once in UNKNOWN:unknown and once in UNKNOWN:unknown, Keeping one from UNKNOWN:unknown 
288398     INFO  Test worker     d.u.i.k.n.KeyIO           Parsing took 0 ms 
288398     INFO  Test worker     d.u.i.k.n.KeyIO           MODE: declarations took 0 ms 
288400     WARN  Test worker     d.u.i.k.j.r.KeYCrossReferenceNameInfo Datatype T declared twice: Once in UNKNOWN:unknown and once in UNKNOWN:unknown, Keeping one from UNKNOWN:unknown 
288480     INFO  Test worker     d.u.i.k.n.KeyIO           Parsing took 0 ms 
288480     INFO  Test worker     d.u.i.k.n.KeyIO           MODE: declarations took 0 ms 
288482     WARN  Test worker     d.u.i.k.j.r.KeYCrossReferenceNameInfo Datatype T declared twice: Once in UNKNOWN:unknown and once in UNKNOWN:unknown, Keeping one from UNKNOWN:unknown 
288561     INFO  Test worker     d.u.i.k.n.KeyIO           Parsing took 1 ms 
288561     INFO  Test worker     d.u.i.k.n.KeyIO           MODE: declarations took 0 ms 
288562     WARN  Test worker     d.u.i.k.j.r.KeYCrossReferenceNameInfo Datatype T declared twice: Once in UNKNOWN:unknown and once in UNKNOWN:unknown, Keeping one from UNKNOWN:unknown 
288641     INFO  Test worker     d.u.i.k.n.KeyIO           Parsing took 0 ms 
288641     INFO  Test worker     d.u.i.k.n.KeyIO           MODE: declarations took 0 ms 
288644     WARN  Test worker     d.u.i.k.j.r.KeYCrossReferenceNameInfo Datatype T declared twice: Once in UNKNOWN:unknown and once in UNKNOWN:unknown, Keeping one from UNKNOWN:unknown 
288725     INFO  Test worker     d.u.i.k.n.KeyIO           Parsing took 0 ms 
288725     INFO  Test worker     d.u.i.k.n.KeyIO           MODE: declarations took 0 ms 
288726     WARN  Test worker     d.u.i.k.j.r.KeYCrossReferenceNameInfo Datatype T declared twice: Once in UNKNOWN:unknown and once in UNKNOWN:unknown, Keeping one from UNKNOWN:unknown 
288806     INFO  Test worker     d.u.i.k.n.KeyIO           Parsing took 0 ms 
288806     INFO  Test worker     d.u.i.k.n.KeyIO           MODE: declarations took 0 ms 
288807     WARN  Test worker     d.u.i.k.j.r.KeYCrossReferenceNameInfo Datatype T declared twice: Once in UNKNOWN:unknown and once in UNKNOWN:unknown, Keeping one from UNKNOWN:unknown 
288890     INFO  Test worker     d.u.i.k.n.KeyIO           Parsing took 0 ms 
288890     INFO  Test worker     d.u.i.k.n.KeyIO           MODE: declarations took 0 ms 
288892     WARN  Test worker     d.u.i.k.j.r.KeYCrossReferenceNameInfo Datatype T declared twice: Once in UNKNOWN:unknown and once in UNKNOWN:unknown, Keeping one from UNKNOWN:unknown 
288971     INFO  Test worker     d.u.i.k.n.KeyIO           Parsing took 0 ms 
288971     INFO  Test worker     d.u.i.k.n.KeyIO           MODE: declarations took 0 ms 
288973     WARN  Test worker     d.u.i.k.j.r.KeYCrossReferenceNameInfo Datatype T declared twice: Once in UNKNOWN:unknown and once in UNKNOWN:unknown, Keeping one from UNKNOWN:unknown 
289056     INFO  Test worker     d.u.i.k.n.KeyIO           Parsing took 0 ms 
289056     INFO  Test worker     d.u.i.k.n.KeyIO           MODE: declarations took 0 ms 
289058     WARN  Test worker     d.u.i.k.j.r.KeYCrossReferenceNameInfo Datatype T declared twice: Once in UNKNOWN:unknown and once in UNKNOWN:unknown, Keeping one from UNKNOWN:unknown 
289140     INFO  Test worker     d.u.i.k.n.KeyIO           Parsing took 0 ms 
289140     INFO  Test worker     d.u.i.k.n.KeyIO           MODE: declarations took 0 ms 
289144     WARN  Test worker     d.u.i.k.j.r.KeYCrossReferenceNameInfo Datatype T declared twice: Once in UNKNOWN:unknown and once in UNKNOWN:unknown, Keeping one from UNKNOWN:unknown 
289223     WARN  Test worker     d.u.i.k.j.r.KeYCrossReferenceNameInfo Datatype T declared twice: Once in UNKNOWN:unknown and once in UNKNOWN:unknown, Keeping one from UNKNOWN:unknown 
289299     INFO  Test worker     d.u.i.k.n.KeyIO           Parsing took 0 ms 
289300     INFO  Test worker     d.u.i.k.n.KeyIO           MODE: declarations took 0 ms 
289303     WARN  Test worker     d.u.i.k.j.r.KeYCrossReferenceNameInfo Datatype T declared twice: Once in UNKNOWN:unknown and once in UNKNOWN:unknown, Keeping one from UNKNOWN:unknown 
289380     INFO  Test worker     d.u.i.k.n.KeyIO           Parsing took 0 ms 
289380     INFO  Test worker     d.u.i.k.n.KeyIO           MODE: declarations took 0 ms 
]]></system-out>
  <system-err><![CDATA[]]></system-err>
</testsuite>
