<?xml version="1.0" encoding="UTF-8"?>
<testsuite name="de.uka.ilkd.key.parser.TestTermParserSorts" tests="2" skipped="0" failures="0" errors="0" timestamp="2023-04-03T21:13:46" hostname="fv-az399-738" time="2.903">
  <properties/>
  <testcase name="testParseIntegerArgs()" classname="de.uka.ilkd.key.parser.TestTermParserSorts" time="0.016"/>
  <testcase name="testParseSequencePrettySyntax()" classname="de.uka.ilkd.key.parser.TestTermParserSorts" time="0.002"/>
  <system-out><![CDATA[403974     INFO  Test worker     d.u.i.k.n.KeyIO           Parsing took 0 ms 
403974     INFO  Test worker     d.u.i.k.n.KeyIO           MODE: declarations took 0 ms 
403974     INFO  Test worker     d.u.i.k.n.KeyIO           Parsing took 0 ms 
403974     INFO  Test worker     d.u.i.k.n.KeyIO           MODE: declarations took 0 ms 
403974     INFO  Test worker     d.u.i.k.n.KeyIO           Parsing took 0 ms 
403974     INFO  Test worker     d.u.i.k.n.KeyIO           MODE: declarations took 0 ms 
406876     INFO  Test worker     d.u.i.k.n.KeyIO           Parsing took 0 ms 
406876     INFO  Test worker     d.u.i.k.n.KeyIO           MODE: declarations took 0 ms 
406876     INFO  Test worker     d.u.i.k.n.KeyIO           Parsing took 0 ms 
406876     INFO  Test worker     d.u.i.k.n.KeyIO           MODE: declarations took 0 ms 
406876     INFO  Test worker     d.u.i.k.n.KeyIO           Parsing took 0 ms 
406876     INFO  Test worker     d.u.i.k.n.KeyIO           MODE: declarations took 0 ms 
]]></system-out>
  <system-err><![CDATA[]]></system-err>
</testsuite>
