<?xml version="1.0" encoding="UTF-8"?>
<testsuite name="de.uka.ilkd.key.java.ProofJavaProgramFactoryTest" tests="5" skipped="0" failures="0" errors="0" timestamp="2023-03-08T18:05:01" hostname="fv-az741-97" time="11.658">
  <properties/>
  <testcase name="testAttachCommentsCompilationUnit_LockSpec()" classname="de.uka.ilkd.key.java.ProofJavaProgramFactoryTest" time="0.35"/>
  <testcase name="testAttachCommentsCompilationUnit_AssertsFalse()" classname="de.uka.ilkd.key.java.ProofJavaProgramFactoryTest" time="0.06"/>
  <testcase name="testAttachCommentsCompilationUnit_Steinhofel1()" classname="de.uka.ilkd.key.java.ProofJavaProgramFactoryTest" time="0.112"/>
  <testcase name="testAttachCommentsCompilationUnit_SetStatements()" classname="de.uka.ilkd.key.java.ProofJavaProgramFactoryTest" time="0.09"/>
  <testcase name="testAttachCommentsCompilationUnit_SmansEtAlArrayList()" classname="de.uka.ilkd.key.java.ProofJavaProgramFactoryTest" time="0.127"/>
  <system-out><![CDATA[18:04:55,715 |-INFO in ch.qos.logback.classic.LoggerContext[default] - Could NOT find resource [logback-test.xml]
18:04:55,715 |-INFO in ch.qos.logback.classic.LoggerContext[default] - Found resource [logback.xml] at [file:/home/runner/work/key/key/key.core/build/resources/test/logback.xml]
18:04:55,812 |-INFO in ch.qos.logback.classic.joran.action.ConfigurationAction - debug attribute not set
18:04:55,812 |-INFO in ch.qos.logback.core.joran.action.AppenderAction - About to instantiate appender of type [ch.qos.logback.core.ConsoleAppender]
18:04:55,817 |-INFO in ch.qos.logback.core.joran.action.AppenderAction - Naming appender as [STDOUT]
18:04:55,821 |-ERROR in ch.qos.logback.core.joran.spi.Interpreter@3:15 - no applicable action for [file], current ElementPath  is [[configuration][appender][file]]
18:04:55,821 |-ERROR in ch.qos.logback.core.joran.spi.Interpreter@4:17 - no applicable action for [append], current ElementPath  is [[configuration][appender][append]]
18:04:55,822 |-INFO in ch.qos.logback.core.joran.action.NestedComplexPropertyIA - Assuming default type [ch.qos.logback.classic.encoder.PatternLayoutEncoder] for [encoder] property
18:04:55,837 |-INFO in ch.qos.logback.classic.joran.action.RootLoggerAction - Setting level of ROOT logger to WARN
18:04:55,837 |-INFO in ch.qos.logback.core.joran.action.AppenderRefAction - Attaching appender named [STDOUT] to Logger[ROOT]
18:04:55,838 |-INFO in ch.qos.logback.classic.joran.action.ConfigurationAction - End of configuration.
18:04:55,838 |-INFO in ch.qos.logback.classic.joran.JoranConfigurator@4917d36b - Registering current configuration as safe fallback point

329        WARN  Test worker     d.u.i.k.s.ProofSettings   No proof-settings could be loaded, using defaults java.io.FileNotFoundException: /home/runner/.key/proof-settings.props (No such file or directory)
	at java.base/java.io.FileInputStream.open0(Native Method)

]]></system-out>
  <system-err><![CDATA[]]></system-err>
</testsuite>
