<?xml version="1.0" encoding="UTF-8"?>
<testsuite name="de.uka.ilkd.key.rule.merge.MergeRuleTests" tests="11" skipped="0" failures="0" errors="0" timestamp="2023-03-08T18:11:40" hostname="fv-az741-97" time="66.962">
  <properties/>
  <testcase name="testDoManualGcdProof()" classname="de.uka.ilkd.key.rule.merge.MergeRuleTests" time="18.9"/>
  <testcase name="testLoadProofWithDiffVarsWithSameNameAndMPS()" classname="de.uka.ilkd.key.rule.merge.MergeRuleTests" time="3.216"/>
  <testcase name="testDoAutomaticGcdProofWithMergePointStatementAndBlockContract()" classname="de.uka.ilkd.key.rule.merge.MergeRuleTests" time="10.561"/>
  <testcase name="testLoadGcdProofWithPredAbstrAndUserChoices()" classname="de.uka.ilkd.key.rule.merge.MergeRuleTests" time="3.48"/>
  <testcase name="testLoadGcdProofWithPredAbstr()" classname="de.uka.ilkd.key.rule.merge.MergeRuleTests" time="4.341"/>
  <testcase name="testMergeThreeIndistinguishablePathConditionsWithITE()" classname="de.uka.ilkd.key.rule.merge.MergeRuleTests" time="2.731"/>
  <testcase name="testMergeIndistinguishablePathConditionsWithFullAnonymization()" classname="de.uka.ilkd.key.rule.merge.MergeRuleTests" time="2.636"/>
  <testcase name="testLoadClosedGcdProofWithMergePointStatements()" classname="de.uka.ilkd.key.rule.merge.MergeRuleTests" time="4.122"/>
  <testcase name="testMergeIndistinguishablePathConditionsWithITE()" classname="de.uka.ilkd.key.rule.merge.MergeRuleTests" time="2.845"/>
  <testcase name="testDoAutomaticGcdProofWithMergePointStatements()" classname="de.uka.ilkd.key.rule.merge.MergeRuleTests" time="10.398"/>
  <testcase name="testLoadGcdProof()" classname="de.uka.ilkd.key.rule.merge.MergeRuleTests" time="3.732"/>
  <system-out><![CDATA[]]></system-out>
  <system-err><![CDATA[]]></system-err>
</testsuite>
