<?xml version="1.0" encoding="UTF-8"?>
<testsuite name="org.key_project.util.testcase.collection.TestSetAsListOfString" tests="7" skipped="0" failures="0" errors="0" timestamp="2023-02-08T10:54:56" hostname="fv-az254-234" time="0.029">
  <properties/>
  <testcase name="testAdd()" classname="org.key_project.util.testcase.collection.TestSetAsListOfString" time="0.001"/>
  <testcase name="testUnion()" classname="org.key_project.util.testcase.collection.TestSetAsListOfString" time="0.002"/>
  <testcase name="testToString()" classname="org.key_project.util.testcase.collection.TestSetAsListOfString" time="0.001"/>
  <testcase name="testUnionRemoveDuplicates()" classname="org.key_project.util.testcase.collection.TestSetAsListOfString" time="0.003"/>
  <testcase name="testRemove()" classname="org.key_project.util.testcase.collection.TestSetAsListOfString" time="0.002"/>
  <testcase name="testSubset()" classname="org.key_project.util.testcase.collection.TestSetAsListOfString" time="0.002"/>
  <testcase name="testUnionEmptyWithNonEmptySet()" classname="org.key_project.util.testcase.collection.TestSetAsListOfString" time="0.012"/>
  <system-out><![CDATA[]]></system-out>
  <system-err><![CDATA[]]></system-err>
</testsuite>
