<?xml version="1.0" encoding="UTF-8"?>
<testsuite name="recoder.testsuite.basic.syntax.ParserPrinterTest" tests="1" skipped="0" failures="0" errors="0" timestamp="2023-04-16T02:15:24" hostname="fv-az252-497" time="0.001">
  <properties/>
  <testcase name="testParserPrinter" classname="recoder.testsuite.basic.syntax.ParserPrinterTest" time="0.001"/>
  <system-out><![CDATA[]]></system-out>
  <system-err><![CDATA[]]></system-err>
</testsuite>
