<?xml version="1.0" encoding="UTF-8"?>
<testsuite name="de.uka.ilkd.key.proof.runallproofs.RunAllProofsInfFlow" tests="30" skipped="0" failures="2" errors="0" timestamp="2023-03-22T17:17:35" hostname="fv-az392-837" time="2667.803">
  <properties/>
  <testcase name="ToyVoting" classname="de.uka.ilkd.key.proof.runallproofs.RunAllProofsInfFlow" time="24.895"/>
  <testcase name="ConditionalConfidential" classname="de.uka.ilkd.key.proof.runallproofs.RunAllProofsInfFlow" time="14.717"/>
  <testcase name="SumExample" classname="de.uka.ilkd.key.proof.runallproofs.RunAllProofsInfFlow" time="10.162"/>
  <testcase name="ToyBanking" classname="de.uka.ilkd.key.proof.runallproofs.RunAllProofsInfFlow" time="112.989"/>
  <testcase name="BlockContracts" classname="de.uka.ilkd.key.proof.runallproofs.RunAllProofsInfFlow" time="60.861"/>
  <testcase name="MethodContracts" classname="de.uka.ilkd.key.proof.runallproofs.RunAllProofsInfFlow" time="67.952"/>
  <testcase name="LoopInvariants" classname="de.uka.ilkd.key.proof.runallproofs.RunAllProofsInfFlow" time="69.225"/>
  <testcase name="MiniExamples" classname="de.uka.ilkd.key.proof.runallproofs.RunAllProofsInfFlow" time="93.248"/>
  <testcase name="NewObjects" classname="de.uka.ilkd.key.proof.runallproofs.RunAllProofsInfFlow" time="75.665"/>
  <testcase name="passwordfile.SecurePasswordFile(passwordfile.SecurePasswordFile___userIndex()).JML accessible clause.0.key" classname="de.uka.ilkd.key.proof.runallproofs.RunAllProofsInfFlow" time="8.139">
    <failure message="org.opentest4j.AssertionFailedError: Executed process terminated with non-zero exit value. ==&gt; expected: &lt;0&gt; but was: &lt;1&gt;" type="org.opentest4j.AssertionFailedError">org.opentest4j.AssertionFailedError: Executed process terminated with non-zero exit value. ==&gt; expected: &lt;0&gt; but was: &lt;1&gt;
	at app//org.junit.jupiter.api.AssertionFailureBuilder.build(AssertionFailureBuilder.java:151)
	at app//org.junit.jupiter.api.AssertionFailureBuilder.buildAndThrow(AssertionFailureBuilder.java:132)
	at app//org.junit.jupiter.api.AssertEquals.failNotEqual(AssertEquals.java:197)
	at app//org.junit.jupiter.api.AssertEquals.assertEquals(AssertEquals.java:150)
	at app//org.junit.jupiter.api.Assertions.assertEquals(Assertions.java:560)
	at app//de.uka.ilkd.key.proof.runallproofs.proofcollection.ForkedTestFileRunner.processTestFiles(ForkedTestFileRunner.java:129)
	at app//de.uka.ilkd.key.proof.runallproofs.RunAllProofsTestUnit.runTest(RunAllProofsTestUnit.java:85)
	at app//de.uka.ilkd.key.proof.runallproofs.RunAllProofsTest.lambda$data$0(RunAllProofsTest.java:83)
	at app//org.junit.jupiter.engine.descriptor.DynamicTestTestDescriptor.lambda$execute$0(DynamicTestTestDescriptor.java:53)
	at app//org.junit.jupiter.engine.execution.InvocationInterceptorChain$ValidatingInvocation.proceed(InvocationInterceptorChain.java:131)
	at app//org.junit.jupiter.api.extension.InvocationInterceptor.interceptDynamicTest(InvocationInterceptor.java:167)
	at app//org.junit.jupiter.api.extension.InvocationInterceptor.interceptDynamicTest(InvocationInterceptor.java:184)
	at app//org.junit.jupiter.engine.descriptor.DynamicTestTestDescriptor.lambda$execute$1(DynamicTestTestDescriptor.java:61)
	at app//org.junit.jupiter.engine.execution.InvocationInterceptorChain$InterceptorCall.lambda$ofVoid$0(InvocationInterceptorChain.java:78)
	at app//org.junit.jupiter.engine.execution.InvocationInterceptorChain$InterceptedInvocation.proceed(InvocationInterceptorChain.java:106)
	at app//org.junit.jupiter.engine.execution.InvocationInterceptorChain.proceed(InvocationInterceptorChain.java:64)
	at app//org.junit.jupiter.engine.execution.InvocationInterceptorChain.chainAndInvoke(InvocationInterceptorChain.java:45)
	at app//org.junit.jupiter.engine.execution.InvocationInterceptorChain.invoke(InvocationInterceptorChain.java:37)
	at app//org.junit.jupiter.engine.descriptor.DynamicTestTestDescriptor.execute(DynamicTestTestDescriptor.java:60)
	at app//org.junit.jupiter.engine.descriptor.DynamicTestTestDescriptor.execute(DynamicTestTestDescriptor.java:32)
	at app//org.junit.platform.engine.support.hierarchical.NodeTestTask.lambda$executeRecursively$6(NodeTestTask.java:151)
	at app//org.junit.platform.engine.support.hierarchical.ThrowableCollector.execute(ThrowableCollector.java:73)
	at app//org.junit.platform.engine.support.hierarchical.NodeTestTask.lambda$executeRecursively$8(NodeTestTask.java:141)
	at app//org.junit.platform.engine.support.hierarchical.Node.around(Node.java:137)
	at app//org.junit.platform.engine.support.hierarchical.NodeTestTask.lambda$executeRecursively$9(NodeTestTask.java:139)
	at app//org.junit.platform.engine.support.hierarchical.ThrowableCollector.execute(ThrowableCollector.java:73)
	at app//org.junit.platform.engine.support.hierarchical.NodeTestTask.executeRecursively(NodeTestTask.java:138)
	at app//org.junit.platform.engine.support.hierarchical.NodeTestTask.execute(NodeTestTask.java:95)
	at app//org.junit.platform.engine.support.hierarchical.SameThreadHierarchicalTestExecutorService.submit(SameThreadHierarchicalTestExecutorService.java:35)
	at app//org.junit.platform.engine.support.hierarchical.NodeTestTask$DefaultDynamicTestExecutor.execute(NodeTestTask.java:226)
	at app//org.junit.platform.engine.support.hierarchical.NodeTestTask$DefaultDynamicTestExecutor.execute(NodeTestTask.java:204)
	at java.base@11.0.18/java.util.Optional.ifPresent(Optional.java:183)
	at app//org.junit.jupiter.engine.descriptor.TestFactoryTestDescriptor.lambda$invokeTestMethod$1(TestFactoryTestDescriptor.java:108)
	at app//org.junit.platform.engine.support.hierarchical.ThrowableCollector.execute(ThrowableCollector.java:73)
	at app//org.junit.jupiter.engine.descriptor.TestFactoryTestDescriptor.invokeTestMethod(TestFactoryTestDescriptor.java:95)
	at app//org.junit.jupiter.engine.descriptor.TestMethodTestDescriptor.execute(TestMethodTestDescriptor.java:138)
	at app//org.junit.jupiter.engine.descriptor.TestMethodTestDescriptor.execute(TestMethodTestDescriptor.java:68)
	at app//org.junit.platform.engine.support.hierarchical.NodeTestTask.lambda$executeRecursively$6(NodeTestTask.java:151)
	at app//org.junit.platform.engine.support.hierarchical.ThrowableCollector.execute(ThrowableCollector.java:73)
	at app//org.junit.platform.engine.support.hierarchical.NodeTestTask.lambda$executeRecursively$8(NodeTestTask.java:141)
	at app//org.junit.platform.engine.support.hierarchical.Node.around(Node.java:137)
	at app//org.junit.platform.engine.support.hierarchical.NodeTestTask.lambda$executeRecursively$9(NodeTestTask.java:139)
	at app//org.junit.platform.engine.support.hierarchical.ThrowableCollector.execute(ThrowableCollector.java:73)
	at app//org.junit.platform.engine.support.hierarchical.NodeTestTask.executeRecursively(NodeTestTask.java:138)
	at app//org.junit.platform.engine.support.hierarchical.NodeTestTask.execute(NodeTestTask.java:95)
	at java.base@11.0.18/java.util.ArrayList.forEach(ArrayList.java:1541)
	at app//org.junit.platform.engine.support.hierarchical.SameThreadHierarchicalTestExecutorService.invokeAll(SameThreadHierarchicalTestExecutorService.java:41)
	at app//org.junit.platform.engine.support.hierarchical.NodeTestTask.lambda$executeRecursively$6(NodeTestTask.java:155)
	at app//org.junit.platform.engine.support.hierarchical.ThrowableCollector.execute(ThrowableCollector.java:73)
	at app//org.junit.platform.engine.support.hierarchical.NodeTestTask.lambda$executeRecursively$8(NodeTestTask.java:141)
	at app//org.junit.platform.engine.support.hierarchical.Node.around(Node.java:137)
	at app//org.junit.platform.engine.support.hierarchical.NodeTestTask.lambda$executeRecursively$9(NodeTestTask.java:139)
	at app//org.junit.platform.engine.support.hierarchical.ThrowableCollector.execute(ThrowableCollector.java:73)
	at app//org.junit.platform.engine.support.hierarchical.NodeTestTask.executeRecursively(NodeTestTask.java:138)
	at app//org.junit.platform.engine.support.hierarchical.NodeTestTask.execute(NodeTestTask.java:95)
	at java.base@11.0.18/java.util.ArrayList.forEach(ArrayList.java:1541)
	at app//org.junit.platform.engine.support.hierarchical.SameThreadHierarchicalTestExecutorService.invokeAll(SameThreadHierarchicalTestExecutorService.java:41)
	at app//org.junit.platform.engine.support.hierarchical.NodeTestTask.lambda$executeRecursively$6(NodeTestTask.java:155)
	at app//org.junit.platform.engine.support.hierarchical.ThrowableCollector.execute(ThrowableCollector.java:73)
	at app//org.junit.platform.engine.support.hierarchical.NodeTestTask.lambda$executeRecursively$8(NodeTestTask.java:141)
	at app//org.junit.platform.engine.support.hierarchical.Node.around(Node.java:137)
	at app//org.junit.platform.engine.support.hierarchical.NodeTestTask.lambda$executeRecursively$9(NodeTestTask.java:139)
	at app//org.junit.platform.engine.support.hierarchical.ThrowableCollector.execute(ThrowableCollector.java:73)
	at app//org.junit.platform.engine.support.hierarchical.NodeTestTask.executeRecursively(NodeTestTask.java:138)
	at app//org.junit.platform.engine.support.hierarchical.NodeTestTask.execute(NodeTestTask.java:95)
	at app//org.junit.platform.engine.support.hierarchical.SameThreadHierarchicalTestExecutorService.submit(SameThreadHierarchicalTestExecutorService.java:35)
	at app//org.junit.platform.engine.support.hierarchical.HierarchicalTestExecutor.execute(HierarchicalTestExecutor.java:57)
	at app//org.junit.platform.engine.support.hierarchical.HierarchicalTestEngine.execute(HierarchicalTestEngine.java:54)
	at org.junit.platform.launcher.core.EngineExecutionOrchestrator.execute(EngineExecutionOrchestrator.java:107)
	at org.junit.platform.launcher.core.EngineExecutionOrchestrator.execute(EngineExecutionOrchestrator.java:88)
	at org.junit.platform.launcher.core.EngineExecutionOrchestrator.lambda$execute$0(EngineExecutionOrchestrator.java:54)
	at org.junit.platform.launcher.core.EngineExecutionOrchestrator.withInterceptedStreams(EngineExecutionOrchestrator.java:67)
	at org.junit.platform.launcher.core.EngineExecutionOrchestrator.execute(EngineExecutionOrchestrator.java:52)
	at org.junit.platform.launcher.core.DefaultLauncher.execute(DefaultLauncher.java:114)
	at org.junit.platform.launcher.core.DefaultLauncher.execute(DefaultLauncher.java:86)
	at org.junit.platform.launcher.core.DefaultLauncherSession$DelegatingLauncher.execute(DefaultLauncherSession.java:86)
	at org.junit.platform.launcher.core.SessionPerRequestLauncher.execute(SessionPerRequestLauncher.java:53)
	at org.gradle.api.internal.tasks.testing.junitplatform.JUnitPlatformTestClassProcessor$CollectAllTestClassesExecutor.processAllTestClasses(JUnitPlatformTestClassProcessor.java:99)
	at org.gradle.api.internal.tasks.testing.junitplatform.JUnitPlatformTestClassProcessor$CollectAllTestClassesExecutor.access$000(JUnitPlatformTestClassProcessor.java:79)
	at org.gradle.api.internal.tasks.testing.junitplatform.JUnitPlatformTestClassProcessor.stop(JUnitPlatformTestClassProcessor.java:75)
	at org.gradle.api.internal.tasks.testing.SuiteTestClassProcessor.stop(SuiteTestClassProcessor.java:62)
	at java.base@11.0.18/jdk.internal.reflect.NativeMethodAccessorImpl.invoke0(Native Method)
	at java.base@11.0.18/jdk.internal.reflect.NativeMethodAccessorImpl.invoke(NativeMethodAccessorImpl.java:62)
	at java.base@11.0.18/jdk.internal.reflect.DelegatingMethodAccessorImpl.invoke(DelegatingMethodAccessorImpl.java:43)
	at java.base@11.0.18/java.lang.reflect.Method.invoke(Method.java:566)
	at org.gradle.internal.dispatch.ReflectionDispatch.dispatch(ReflectionDispatch.java:36)
	at org.gradle.internal.dispatch.ReflectionDispatch.dispatch(ReflectionDispatch.java:24)
	at org.gradle.internal.dispatch.ContextClassLoaderDispatch.dispatch(ContextClassLoaderDispatch.java:33)
	at org.gradle.internal.dispatch.ProxyDispatchAdapter$DispatchingInvocationHandler.invoke(ProxyDispatchAdapter.java:94)
	at com.sun.proxy.$Proxy2.stop(Unknown Source)
	at org.gradle.api.internal.tasks.testing.worker.TestWorker$3.run(TestWorker.java:193)
	at org.gradle.api.internal.tasks.testing.worker.TestWorker.executeAndMaintainThreadName(TestWorker.java:129)
	at org.gradle.api.internal.tasks.testing.worker.TestWorker.execute(TestWorker.java:100)
	at org.gradle.api.internal.tasks.testing.worker.TestWorker.execute(TestWorker.java:60)
	at org.gradle.process.internal.worker.child.ActionExecutionWorker.execute(ActionExecutionWorker.java:56)
	at org.gradle.process.internal.worker.child.SystemApplicationClassLoaderWorker.call(SystemApplicationClassLoaderWorker.java:113)
	at org.gradle.process.internal.worker.child.SystemApplicationClassLoaderWorker.call(SystemApplicationClassLoaderWorker.java:65)
	at app//worker.org.gradle.process.internal.worker.GradleWorkerMain.run(GradleWorkerMain.java:69)
	at app//worker.org.gradle.process.internal.worker.GradleWorkerMain.main(GradleWorkerMain.java:74)
</failure>
  </testcase>
  <testcase name="SimpleEvoting" classname="de.uka.ilkd.key.proof.runallproofs.RunAllProofsInfFlow" time="169.827">
    <failure message="org.opentest4j.AssertionFailedError: Executed process terminated with non-zero exit value. ==&gt; expected: &lt;0&gt; but was: &lt;1&gt;" type="org.opentest4j.AssertionFailedError">org.opentest4j.AssertionFailedError: Executed process terminated with non-zero exit value. ==&gt; expected: &lt;0&gt; but was: &lt;1&gt;
	at app//org.junit.jupiter.api.AssertionFailureBuilder.build(AssertionFailureBuilder.java:151)
	at app//org.junit.jupiter.api.AssertionFailureBuilder.buildAndThrow(AssertionFailureBuilder.java:132)
	at app//org.junit.jupiter.api.AssertEquals.failNotEqual(AssertEquals.java:197)
	at app//org.junit.jupiter.api.AssertEquals.assertEquals(AssertEquals.java:150)
	at app//org.junit.jupiter.api.Assertions.assertEquals(Assertions.java:560)
	at app//de.uka.ilkd.key.proof.runallproofs.proofcollection.ForkedTestFileRunner.processTestFiles(ForkedTestFileRunner.java:129)
	at app//de.uka.ilkd.key.proof.runallproofs.RunAllProofsTestUnit.runTest(RunAllProofsTestUnit.java:85)
	at app//de.uka.ilkd.key.proof.runallproofs.RunAllProofsTest.lambda$data$0(RunAllProofsTest.java:83)
	at app//org.junit.jupiter.engine.descriptor.DynamicTestTestDescriptor.lambda$execute$0(DynamicTestTestDescriptor.java:53)
	at app//org.junit.jupiter.engine.execution.InvocationInterceptorChain$ValidatingInvocation.proceed(InvocationInterceptorChain.java:131)
	at app//org.junit.jupiter.api.extension.InvocationInterceptor.interceptDynamicTest(InvocationInterceptor.java:167)
	at app//org.junit.jupiter.api.extension.InvocationInterceptor.interceptDynamicTest(InvocationInterceptor.java:184)
	at app//org.junit.jupiter.engine.descriptor.DynamicTestTestDescriptor.lambda$execute$1(DynamicTestTestDescriptor.java:61)
	at app//org.junit.jupiter.engine.execution.InvocationInterceptorChain$InterceptorCall.lambda$ofVoid$0(InvocationInterceptorChain.java:78)
	at app//org.junit.jupiter.engine.execution.InvocationInterceptorChain$InterceptedInvocation.proceed(InvocationInterceptorChain.java:106)
	at app//org.junit.jupiter.engine.execution.InvocationInterceptorChain.proceed(InvocationInterceptorChain.java:64)
	at app//org.junit.jupiter.engine.execution.InvocationInterceptorChain.chainAndInvoke(InvocationInterceptorChain.java:45)
	at app//org.junit.jupiter.engine.execution.InvocationInterceptorChain.invoke(InvocationInterceptorChain.java:37)
	at app//org.junit.jupiter.engine.descriptor.DynamicTestTestDescriptor.execute(DynamicTestTestDescriptor.java:60)
	at app//org.junit.jupiter.engine.descriptor.DynamicTestTestDescriptor.execute(DynamicTestTestDescriptor.java:32)
	at app//org.junit.platform.engine.support.hierarchical.NodeTestTask.lambda$executeRecursively$6(NodeTestTask.java:151)
	at app//org.junit.platform.engine.support.hierarchical.ThrowableCollector.execute(ThrowableCollector.java:73)
	at app//org.junit.platform.engine.support.hierarchical.NodeTestTask.lambda$executeRecursively$8(NodeTestTask.java:141)
	at app//org.junit.platform.engine.support.hierarchical.Node.around(Node.java:137)
	at app//org.junit.platform.engine.support.hierarchical.NodeTestTask.lambda$executeRecursively$9(NodeTestTask.java:139)
	at app//org.junit.platform.engine.support.hierarchical.ThrowableCollector.execute(ThrowableCollector.java:73)
	at app//org.junit.platform.engine.support.hierarchical.NodeTestTask.executeRecursively(NodeTestTask.java:138)
	at app//org.junit.platform.engine.support.hierarchical.NodeTestTask.execute(NodeTestTask.java:95)
	at app//org.junit.platform.engine.support.hierarchical.SameThreadHierarchicalTestExecutorService.submit(SameThreadHierarchicalTestExecutorService.java:35)
	at app//org.junit.platform.engine.support.hierarchical.NodeTestTask$DefaultDynamicTestExecutor.execute(NodeTestTask.java:226)
	at app//org.junit.platform.engine.support.hierarchical.NodeTestTask$DefaultDynamicTestExecutor.execute(NodeTestTask.java:204)
	at java.base@11.0.18/java.util.Optional.ifPresent(Optional.java:183)
	at app//org.junit.jupiter.engine.descriptor.TestFactoryTestDescriptor.lambda$invokeTestMethod$1(TestFactoryTestDescriptor.java:108)
	at app//org.junit.platform.engine.support.hierarchical.ThrowableCollector.execute(ThrowableCollector.java:73)
	at app//org.junit.jupiter.engine.descriptor.TestFactoryTestDescriptor.invokeTestMethod(TestFactoryTestDescriptor.java:95)
	at app//org.junit.jupiter.engine.descriptor.TestMethodTestDescriptor.execute(TestMethodTestDescriptor.java:138)
	at app//org.junit.jupiter.engine.descriptor.TestMethodTestDescriptor.execute(TestMethodTestDescriptor.java:68)
	at app//org.junit.platform.engine.support.hierarchical.NodeTestTask.lambda$executeRecursively$6(NodeTestTask.java:151)
	at app//org.junit.platform.engine.support.hierarchical.ThrowableCollector.execute(ThrowableCollector.java:73)
	at app//org.junit.platform.engine.support.hierarchical.NodeTestTask.lambda$executeRecursively$8(NodeTestTask.java:141)
	at app//org.junit.platform.engine.support.hierarchical.Node.around(Node.java:137)
	at app//org.junit.platform.engine.support.hierarchical.NodeTestTask.lambda$executeRecursively$9(NodeTestTask.java:139)
	at app//org.junit.platform.engine.support.hierarchical.ThrowableCollector.execute(ThrowableCollector.java:73)
	at app//org.junit.platform.engine.support.hierarchical.NodeTestTask.executeRecursively(NodeTestTask.java:138)
	at app//org.junit.platform.engine.support.hierarchical.NodeTestTask.execute(NodeTestTask.java:95)
	at java.base@11.0.18/java.util.ArrayList.forEach(ArrayList.java:1541)
	at app//org.junit.platform.engine.support.hierarchical.SameThreadHierarchicalTestExecutorService.invokeAll(SameThreadHierarchicalTestExecutorService.java:41)
	at app//org.junit.platform.engine.support.hierarchical.NodeTestTask.lambda$executeRecursively$6(NodeTestTask.java:155)
	at app//org.junit.platform.engine.support.hierarchical.ThrowableCollector.execute(ThrowableCollector.java:73)
	at app//org.junit.platform.engine.support.hierarchical.NodeTestTask.lambda$executeRecursively$8(NodeTestTask.java:141)
	at app//org.junit.platform.engine.support.hierarchical.Node.around(Node.java:137)
	at app//org.junit.platform.engine.support.hierarchical.NodeTestTask.lambda$executeRecursively$9(NodeTestTask.java:139)
	at app//org.junit.platform.engine.support.hierarchical.ThrowableCollector.execute(ThrowableCollector.java:73)
	at app//org.junit.platform.engine.support.hierarchical.NodeTestTask.executeRecursively(NodeTestTask.java:138)
	at app//org.junit.platform.engine.support.hierarchical.NodeTestTask.execute(NodeTestTask.java:95)
	at java.base@11.0.18/java.util.ArrayList.forEach(ArrayList.java:1541)
	at app//org.junit.platform.engine.support.hierarchical.SameThreadHierarchicalTestExecutorService.invokeAll(SameThreadHierarchicalTestExecutorService.java:41)
	at app//org.junit.platform.engine.support.hierarchical.NodeTestTask.lambda$executeRecursively$6(NodeTestTask.java:155)
	at app//org.junit.platform.engine.support.hierarchical.ThrowableCollector.execute(ThrowableCollector.java:73)
	at app//org.junit.platform.engine.support.hierarchical.NodeTestTask.lambda$executeRecursively$8(NodeTestTask.java:141)
	at app//org.junit.platform.engine.support.hierarchical.Node.around(Node.java:137)
	at app//org.junit.platform.engine.support.hierarchical.NodeTestTask.lambda$executeRecursively$9(NodeTestTask.java:139)
	at app//org.junit.platform.engine.support.hierarchical.ThrowableCollector.execute(ThrowableCollector.java:73)
	at app//org.junit.platform.engine.support.hierarchical.NodeTestTask.executeRecursively(NodeTestTask.java:138)
	at app//org.junit.platform.engine.support.hierarchical.NodeTestTask.execute(NodeTestTask.java:95)
	at app//org.junit.platform.engine.support.hierarchical.SameThreadHierarchicalTestExecutorService.submit(SameThreadHierarchicalTestExecutorService.java:35)
	at app//org.junit.platform.engine.support.hierarchical.HierarchicalTestExecutor.execute(HierarchicalTestExecutor.java:57)
	at app//org.junit.platform.engine.support.hierarchical.HierarchicalTestEngine.execute(HierarchicalTestEngine.java:54)
	at org.junit.platform.launcher.core.EngineExecutionOrchestrator.execute(EngineExecutionOrchestrator.java:107)
	at org.junit.platform.launcher.core.EngineExecutionOrchestrator.execute(EngineExecutionOrchestrator.java:88)
	at org.junit.platform.launcher.core.EngineExecutionOrchestrator.lambda$execute$0(EngineExecutionOrchestrator.java:54)
	at org.junit.platform.launcher.core.EngineExecutionOrchestrator.withInterceptedStreams(EngineExecutionOrchestrator.java:67)
	at org.junit.platform.launcher.core.EngineExecutionOrchestrator.execute(EngineExecutionOrchestrator.java:52)
	at org.junit.platform.launcher.core.DefaultLauncher.execute(DefaultLauncher.java:114)
	at org.junit.platform.launcher.core.DefaultLauncher.execute(DefaultLauncher.java:86)
	at org.junit.platform.launcher.core.DefaultLauncherSession$DelegatingLauncher.execute(DefaultLauncherSession.java:86)
	at org.junit.platform.launcher.core.SessionPerRequestLauncher.execute(SessionPerRequestLauncher.java:53)
	at org.gradle.api.internal.tasks.testing.junitplatform.JUnitPlatformTestClassProcessor$CollectAllTestClassesExecutor.processAllTestClasses(JUnitPlatformTestClassProcessor.java:99)
	at org.gradle.api.internal.tasks.testing.junitplatform.JUnitPlatformTestClassProcessor$CollectAllTestClassesExecutor.access$000(JUnitPlatformTestClassProcessor.java:79)
	at org.gradle.api.internal.tasks.testing.junitplatform.JUnitPlatformTestClassProcessor.stop(JUnitPlatformTestClassProcessor.java:75)
	at org.gradle.api.internal.tasks.testing.SuiteTestClassProcessor.stop(SuiteTestClassProcessor.java:62)
	at java.base@11.0.18/jdk.internal.reflect.NativeMethodAccessorImpl.invoke0(Native Method)
	at java.base@11.0.18/jdk.internal.reflect.NativeMethodAccessorImpl.invoke(NativeMethodAccessorImpl.java:62)
	at java.base@11.0.18/jdk.internal.reflect.DelegatingMethodAccessorImpl.invoke(DelegatingMethodAccessorImpl.java:43)
	at java.base@11.0.18/java.lang.reflect.Method.invoke(Method.java:566)
	at org.gradle.internal.dispatch.ReflectionDispatch.dispatch(ReflectionDispatch.java:36)
	at org.gradle.internal.dispatch.ReflectionDispatch.dispatch(ReflectionDispatch.java:24)
	at org.gradle.internal.dispatch.ContextClassLoaderDispatch.dispatch(ContextClassLoaderDispatch.java:33)
	at org.gradle.internal.dispatch.ProxyDispatchAdapter$DispatchingInvocationHandler.invoke(ProxyDispatchAdapter.java:94)
	at com.sun.proxy.$Proxy2.stop(Unknown Source)
	at org.gradle.api.internal.tasks.testing.worker.TestWorker$3.run(TestWorker.java:193)
	at org.gradle.api.internal.tasks.testing.worker.TestWorker.executeAndMaintainThreadName(TestWorker.java:129)
	at org.gradle.api.internal.tasks.testing.worker.TestWorker.execute(TestWorker.java:100)
	at org.gradle.api.internal.tasks.testing.worker.TestWorker.execute(TestWorker.java:60)
	at org.gradle.process.internal.worker.child.ActionExecutionWorker.execute(ActionExecutionWorker.java:56)
	at org.gradle.process.internal.worker.child.SystemApplicationClassLoaderWorker.call(SystemApplicationClassLoaderWorker.java:113)
	at org.gradle.process.internal.worker.child.SystemApplicationClassLoaderWorker.call(SystemApplicationClassLoaderWorker.java:65)
	at app//worker.org.gradle.process.internal.worker.GradleWorkerMain.run(GradleWorkerMain.java:69)
	at app//worker.org.gradle.process.internal.worker.GradleWorkerMain.main(GradleWorkerMain.java:74)
</failure>
  </testcase>
  <testcase name="ToyVoting_nomacro" classname="de.uka.ilkd.key.proof.runallproofs.RunAllProofsInfFlow" time="34.699"/>
  <testcase name="ConditionalConfidential_nomacro" classname="de.uka.ilkd.key.proof.runallproofs.RunAllProofsInfFlow" time="0.0"/>
  <testcase name="SumExample_nomacro" classname="de.uka.ilkd.key.proof.runallproofs.RunAllProofsInfFlow" time="11.218"/>
  <testcase name="ToyBanking_nomacro" classname="de.uka.ilkd.key.proof.runallproofs.RunAllProofsInfFlow" time="75.122"/>
  <testcase name="BlockContracts_nomacro" classname="de.uka.ilkd.key.proof.runallproofs.RunAllProofsInfFlow" time="76.154"/>
  <testcase name="MethodContracts_nomacro" classname="de.uka.ilkd.key.proof.runallproofs.RunAllProofsInfFlow" time="74.411"/>
  <testcase name="LoopInvariants_nomacro" classname="de.uka.ilkd.key.proof.runallproofs.RunAllProofsInfFlow" time="106.801"/>
  <testcase name="MiniExamples_nomacro" classname="de.uka.ilkd.key.proof.runallproofs.RunAllProofsInfFlow" time="94.509"/>
  <testcase name="NewObjects_nomacro" classname="de.uka.ilkd.key.proof.runallproofs.RunAllProofsInfFlow" time="126.228"/>
  <testcase name="SimpleEvoting_nomacro" classname="de.uka.ilkd.key.proof.runallproofs.RunAllProofsInfFlow" time="129.01"/>
  <testcase name="ToyVoting_fullmacro" classname="de.uka.ilkd.key.proof.runallproofs.RunAllProofsInfFlow" time="57.114"/>
  <testcase name="SumExample_fullmacro" classname="de.uka.ilkd.key.proof.runallproofs.RunAllProofsInfFlow" time="10.446"/>
  <testcase name="ToyBanking_fullmacro" classname="de.uka.ilkd.key.proof.runallproofs.RunAllProofsInfFlow" time="251.299"/>
  <testcase name="BlockContracts_fullmacro" classname="de.uka.ilkd.key.proof.runallproofs.RunAllProofsInfFlow" time="78.535"/>
  <testcase name="MethodContracts_fullmacro" classname="de.uka.ilkd.key.proof.runallproofs.RunAllProofsInfFlow" time="69.578"/>
  <testcase name="InformationFlow_fullmacro" classname="de.uka.ilkd.key.proof.runallproofs.RunAllProofsInfFlow" time="312.169"/>
  <testcase name="MiniExamples_fullmacro" classname="de.uka.ilkd.key.proof.runallproofs.RunAllProofsInfFlow" time="93.439"/>
  <testcase name="NewObjects_fullmacro" classname="de.uka.ilkd.key.proof.runallproofs.RunAllProofsInfFlow" time="183.257"/>
  <testcase name="SimpleEvoting_fullmacro" classname="de.uka.ilkd.key.proof.runallproofs.RunAllProofsInfFlow" time="176.125"/>
  <system-out><![CDATA[17:17:35,284 |-INFO in ch.qos.logback.classic.LoggerContext[default] - This is logback-classic version 1.4.6
17:17:35,305 |-INFO in ch.qos.logback.classic.LoggerContext[default] - Could NOT find resource [logback-test.xml]
17:17:35,314 |-INFO in ch.qos.logback.classic.LoggerContext[default] - Found resource [logback.xml] at [file:/home/runner/work/key/key/key.core/build/resources/test/logback.xml]
17:17:35,394 |-INFO in ch.qos.logback.core.model.processor.AppenderModelHandler - Processing appender named [STDOUT]
17:17:35,394 |-INFO in ch.qos.logback.core.model.processor.AppenderModelHandler - About to instantiate appender of type [ch.qos.logback.core.ConsoleAppender]
17:17:35,406 |-WARN in ch.qos.logback.core.model.processor.ImplicitModelHandler - Ignoring unknown property [file] in [ch.qos.logback.core.ConsoleAppender]
17:17:35,406 |-WARN in ch.qos.logback.core.model.processor.ImplicitModelHandler - Ignoring unknown property [append] in [ch.qos.logback.core.ConsoleAppender]
17:17:35,407 |-INFO in ch.qos.logback.core.model.processor.ImplicitModelHandler - Assuming default type [ch.qos.logback.classic.encoder.PatternLayoutEncoder] for [encoder] property
17:17:35,420 |-INFO in ch.qos.logback.classic.model.processor.RootLoggerModelHandler - Setting level of ROOT logger to WARN
17:17:35,425 |-INFO in ch.qos.logback.core.model.processor.AppenderRefModelHandler - Attaching appender named [STDOUT] to Logger[ROOT]
17:17:35,425 |-INFO in ch.qos.logback.core.model.processor.DefaultProcessor@493dfb8e - End of configuration.
17:17:35,425 |-INFO in ch.qos.logback.classic.joran.JoranConfigurator@5d25e6bb - Registering current configuration as safe fallback point

Running test ToyVoting
17:17:35,792 |-INFO in ch.qos.logback.classic.LoggerContext[default] - This is logback-classic version 1.4.6
17:17:35,819 |-INFO in ch.qos.logback.classic.LoggerContext[default] - Could NOT find resource [logback-test.xml]
17:17:35,836 |-INFO in ch.qos.logback.classic.LoggerContext[default] - Found resource [logback.xml] at [file:/home/runner/work/key/key/key.core/build/resources/test/logback.xml]
17:17:36,013 |-INFO in ch.qos.logback.core.model.processor.AppenderModelHandler - Processing appender named [STDOUT]
17:17:36,013 |-INFO in ch.qos.logback.core.model.processor.AppenderModelHandler - About to instantiate appender of type [ch.qos.logback.core.ConsoleAppender]
17:17:36,032 |-WARN in ch.qos.logback.core.model.processor.ImplicitModelHandler - Ignoring unknown property [file] in [ch.qos.logback.core.ConsoleAppender]
17:17:36,032 |-WARN in ch.qos.logback.core.model.processor.ImplicitModelHandler - Ignoring unknown property [append] in [ch.qos.logback.core.ConsoleAppender]
17:17:36,033 |-INFO in ch.qos.logback.core.model.processor.ImplicitModelHandler - Assuming default type [ch.qos.logback.classic.encoder.PatternLayoutEncoder] for [encoder] property
17:17:36,056 |-INFO in ch.qos.logback.classic.model.processor.RootLoggerModelHandler - Setting level of ROOT logger to WARN
17:17:36,065 |-INFO in ch.qos.logback.core.model.processor.AppenderRefModelHandler - Attaching appender named [STDOUT] to Logger[ROOT]
17:17:36,066 |-INFO in ch.qos.logback.core.model.processor.DefaultProcessor@1ff4931d - End of configuration.
17:17:36,067 |-INFO in ch.qos.logback.classic.joran.JoranConfigurator@65e98b1c - Registering current configuration as safe fallback point

398        WARN  main            d.u.i.k.s.ProofSettings   No proof-settings could be loaded, using defaults java.io.FileNotFoundException: /home/runner/.key/proof-settings.props (No such file or directory)
	at java.base/java.io.FileInputStream.open0(Native Method)

Returning from test ToyVoting
Running test ConditionalConfidential
17:18:00,656 |-INFO in ch.qos.logback.classic.LoggerContext[default] - This is logback-classic version 1.4.6
17:18:00,687 |-INFO in ch.qos.logback.classic.LoggerContext[default] - Could NOT find resource [logback-test.xml]
17:18:00,704 |-INFO in ch.qos.logback.classic.LoggerContext[default] - Found resource [logback.xml] at [file:/home/runner/work/key/key/key.core/build/resources/test/logback.xml]
17:18:00,868 |-INFO in ch.qos.logback.core.model.processor.AppenderModelHandler - Processing appender named [STDOUT]
17:18:00,868 |-INFO in ch.qos.logback.core.model.processor.AppenderModelHandler - About to instantiate appender of type [ch.qos.logback.core.ConsoleAppender]
17:18:00,883 |-WARN in ch.qos.logback.core.model.processor.ImplicitModelHandler - Ignoring unknown property [file] in [ch.qos.logback.core.ConsoleAppender]
17:18:00,883 |-WARN in ch.qos.logback.core.model.processor.ImplicitModelHandler - Ignoring unknown property [append] in [ch.qos.logback.core.ConsoleAppender]
17:18:00,884 |-INFO in ch.qos.logback.core.model.processor.ImplicitModelHandler - Assuming default type [ch.qos.logback.classic.encoder.PatternLayoutEncoder] for [encoder] property
17:18:00,903 |-INFO in ch.qos.logback.classic.model.processor.RootLoggerModelHandler - Setting level of ROOT logger to WARN
17:18:00,908 |-INFO in ch.qos.logback.core.model.processor.AppenderRefModelHandler - Attaching appender named [STDOUT] to Logger[ROOT]
17:18:00,909 |-INFO in ch.qos.logback.core.model.processor.DefaultProcessor@1ff4931d - End of configuration.
17:18:00,909 |-INFO in ch.qos.logback.classic.joran.JoranConfigurator@65e98b1c - Registering current configuration as safe fallback point

382        WARN  main            d.u.i.k.s.ProofSettings   The settings in /home/runner/.key/proof-settings.props are *not* read. 
Returning from test ConditionalConfidential
Running test SumExample
17:18:15,305 |-INFO in ch.qos.logback.classic.LoggerContext[default] - This is logback-classic version 1.4.6
17:18:15,351 |-INFO in ch.qos.logback.classic.LoggerContext[default] - Could NOT find resource [logback-test.xml]
17:18:15,374 |-INFO in ch.qos.logback.classic.LoggerContext[default] - Found resource [logback.xml] at [file:/home/runner/work/key/key/key.core/build/resources/test/logback.xml]
17:18:15,526 |-INFO in ch.qos.logback.core.model.processor.AppenderModelHandler - Processing appender named [STDOUT]
17:18:15,527 |-INFO in ch.qos.logback.core.model.processor.AppenderModelHandler - About to instantiate appender of type [ch.qos.logback.core.ConsoleAppender]
17:18:15,541 |-WARN in ch.qos.logback.core.model.processor.ImplicitModelHandler - Ignoring unknown property [file] in [ch.qos.logback.core.ConsoleAppender]
17:18:15,542 |-WARN in ch.qos.logback.core.model.processor.ImplicitModelHandler - Ignoring unknown property [append] in [ch.qos.logback.core.ConsoleAppender]
17:18:15,543 |-INFO in ch.qos.logback.core.model.processor.ImplicitModelHandler - Assuming default type [ch.qos.logback.classic.encoder.PatternLayoutEncoder] for [encoder] property
17:18:15,562 |-INFO in ch.qos.logback.classic.model.processor.RootLoggerModelHandler - Setting level of ROOT logger to WARN
17:18:15,566 |-INFO in ch.qos.logback.core.model.processor.AppenderRefModelHandler - Attaching appender named [STDOUT] to Logger[ROOT]
17:18:15,567 |-INFO in ch.qos.logback.core.model.processor.DefaultProcessor@710f4dc7 - End of configuration.
17:18:15,568 |-INFO in ch.qos.logback.classic.joran.JoranConfigurator@1ff4931d - Registering current configuration as safe fallback point

393        WARN  main            d.u.i.k.s.ProofSettings   The settings in /home/runner/.key/proof-settings.props are *not* read. 
Returning from test SumExample
Running test ToyBanking
17:18:25,457 |-INFO in ch.qos.logback.classic.LoggerContext[default] - This is logback-classic version 1.4.6
17:18:25,502 |-INFO in ch.qos.logback.classic.LoggerContext[default] - Could NOT find resource [logback-test.xml]
17:18:25,527 |-INFO in ch.qos.logback.classic.LoggerContext[default] - Found resource [logback.xml] at [file:/home/runner/work/key/key/key.core/build/resources/test/logback.xml]
17:18:25,674 |-INFO in ch.qos.logback.core.model.processor.AppenderModelHandler - Processing appender named [STDOUT]
17:18:25,674 |-INFO in ch.qos.logback.core.model.processor.AppenderModelHandler - About to instantiate appender of type [ch.qos.logback.core.ConsoleAppender]
17:18:25,688 |-WARN in ch.qos.logback.core.model.processor.ImplicitModelHandler - Ignoring unknown property [file] in [ch.qos.logback.core.ConsoleAppender]
17:18:25,688 |-WARN in ch.qos.logback.core.model.processor.ImplicitModelHandler - Ignoring unknown property [append] in [ch.qos.logback.core.ConsoleAppender]
17:18:25,689 |-INFO in ch.qos.logback.core.model.processor.ImplicitModelHandler - Assuming default type [ch.qos.logback.classic.encoder.PatternLayoutEncoder] for [encoder] property
17:18:25,708 |-INFO in ch.qos.logback.classic.model.processor.RootLoggerModelHandler - Setting level of ROOT logger to WARN
17:18:25,712 |-INFO in ch.qos.logback.core.model.processor.AppenderRefModelHandler - Attaching appender named [STDOUT] to Logger[ROOT]
17:18:25,713 |-INFO in ch.qos.logback.core.model.processor.DefaultProcessor@710f4dc7 - End of configuration.
17:18:25,713 |-INFO in ch.qos.logback.classic.joran.JoranConfigurator@1ff4931d - Registering current configuration as safe fallback point

359        WARN  main            d.u.i.k.s.ProofSettings   The settings in /home/runner/.key/proof-settings.props are *not* read. 
Returning from test ToyBanking
Running test BlockContracts
17:20:18,451 |-INFO in ch.qos.logback.classic.LoggerContext[default] - This is logback-classic version 1.4.6
17:20:18,482 |-INFO in ch.qos.logback.classic.LoggerContext[default] - Could NOT find resource [logback-test.xml]
17:20:18,521 |-INFO in ch.qos.logback.classic.LoggerContext[default] - Found resource [logback.xml] at [file:/home/runner/work/key/key/key.core/build/resources/test/logback.xml]
17:20:18,687 |-INFO in ch.qos.logback.core.model.processor.AppenderModelHandler - Processing appender named [STDOUT]
17:20:18,688 |-INFO in ch.qos.logback.core.model.processor.AppenderModelHandler - About to instantiate appender of type [ch.qos.logback.core.ConsoleAppender]
17:20:18,702 |-WARN in ch.qos.logback.core.model.processor.ImplicitModelHandler - Ignoring unknown property [file] in [ch.qos.logback.core.ConsoleAppender]
17:20:18,702 |-WARN in ch.qos.logback.core.model.processor.ImplicitModelHandler - Ignoring unknown property [append] in [ch.qos.logback.core.ConsoleAppender]
17:20:18,703 |-INFO in ch.qos.logback.core.model.processor.ImplicitModelHandler - Assuming default type [ch.qos.logback.classic.encoder.PatternLayoutEncoder] for [encoder] property
17:20:18,722 |-INFO in ch.qos.logback.classic.model.processor.RootLoggerModelHandler - Setting level of ROOT logger to WARN
17:20:18,727 |-INFO in ch.qos.logback.core.model.processor.AppenderRefModelHandler - Attaching appender named [STDOUT] to Logger[ROOT]
17:20:18,727 |-INFO in ch.qos.logback.core.model.processor.DefaultProcessor@710f4dc7 - End of configuration.
17:20:18,728 |-INFO in ch.qos.logback.classic.joran.JoranConfigurator@1ff4931d - Registering current configuration as safe fallback point

398        WARN  main            d.u.i.k.s.ProofSettings   The settings in /home/runner/.key/proof-settings.props are *not* read. 
Returning from test BlockContracts
Running test MethodContracts
17:21:19,306 |-INFO in ch.qos.logback.classic.LoggerContext[default] - This is logback-classic version 1.4.6
17:21:19,331 |-INFO in ch.qos.logback.classic.LoggerContext[default] - Could NOT find resource [logback-test.xml]
17:21:19,366 |-INFO in ch.qos.logback.classic.LoggerContext[default] - Found resource [logback.xml] at [file:/home/runner/work/key/key/key.core/build/resources/test/logback.xml]
17:21:19,523 |-INFO in ch.qos.logback.core.model.processor.AppenderModelHandler - Processing appender named [STDOUT]
17:21:19,524 |-INFO in ch.qos.logback.core.model.processor.AppenderModelHandler - About to instantiate appender of type [ch.qos.logback.core.ConsoleAppender]
17:21:19,537 |-WARN in ch.qos.logback.core.model.processor.ImplicitModelHandler - Ignoring unknown property [file] in [ch.qos.logback.core.ConsoleAppender]
17:21:19,537 |-WARN in ch.qos.logback.core.model.processor.ImplicitModelHandler - Ignoring unknown property [append] in [ch.qos.logback.core.ConsoleAppender]
17:21:19,538 |-INFO in ch.qos.logback.core.model.processor.ImplicitModelHandler - Assuming default type [ch.qos.logback.classic.encoder.PatternLayoutEncoder] for [encoder] property
17:21:19,557 |-INFO in ch.qos.logback.classic.model.processor.RootLoggerModelHandler - Setting level of ROOT logger to WARN
17:21:19,562 |-INFO in ch.qos.logback.core.model.processor.AppenderRefModelHandler - Attaching appender named [STDOUT] to Logger[ROOT]
17:21:19,563 |-INFO in ch.qos.logback.core.model.processor.DefaultProcessor@710f4dc7 - End of configuration.
17:21:19,563 |-INFO in ch.qos.logback.classic.joran.JoranConfigurator@1ff4931d - Registering current configuration as safe fallback point

367        WARN  main            d.u.i.k.s.ProofSettings   The settings in /home/runner/.key/proof-settings.props are *not* read. 
Returning from test MethodContracts
Running test LoopInvariants
17:22:27,263 |-INFO in ch.qos.logback.classic.LoggerContext[default] - This is logback-classic version 1.4.6
17:22:27,290 |-INFO in ch.qos.logback.classic.LoggerContext[default] - Could NOT find resource [logback-test.xml]
17:22:27,311 |-INFO in ch.qos.logback.classic.LoggerContext[default] - Found resource [logback.xml] at [file:/home/runner/work/key/key/key.core/build/resources/test/logback.xml]
17:22:27,457 |-INFO in ch.qos.logback.core.model.processor.AppenderModelHandler - Processing appender named [STDOUT]
17:22:27,457 |-INFO in ch.qos.logback.core.model.processor.AppenderModelHandler - About to instantiate appender of type [ch.qos.logback.core.ConsoleAppender]
17:22:27,473 |-WARN in ch.qos.logback.core.model.processor.ImplicitModelHandler - Ignoring unknown property [file] in [ch.qos.logback.core.ConsoleAppender]
17:22:27,473 |-WARN in ch.qos.logback.core.model.processor.ImplicitModelHandler - Ignoring unknown property [append] in [ch.qos.logback.core.ConsoleAppender]
17:22:27,474 |-INFO in ch.qos.logback.core.model.processor.ImplicitModelHandler - Assuming default type [ch.qos.logback.classic.encoder.PatternLayoutEncoder] for [encoder] property
17:22:27,493 |-INFO in ch.qos.logback.classic.model.processor.RootLoggerModelHandler - Setting level of ROOT logger to WARN
17:22:27,502 |-INFO in ch.qos.logback.core.model.processor.AppenderRefModelHandler - Attaching appender named [STDOUT] to Logger[ROOT]
17:22:27,503 |-INFO in ch.qos.logback.core.model.processor.DefaultProcessor@710f4dc7 - End of configuration.
17:22:27,503 |-INFO in ch.qos.logback.classic.joran.JoranConfigurator@1ff4931d - Registering current configuration as safe fallback point

385        WARN  main            d.u.i.k.s.ProofSettings   The settings in /home/runner/.key/proof-settings.props are *not* read. 
Returning from test LoopInvariants
Running test MiniExamples
17:23:36,490 |-INFO in ch.qos.logback.classic.LoggerContext[default] - This is logback-classic version 1.4.6
17:23:36,528 |-INFO in ch.qos.logback.classic.LoggerContext[default] - Could NOT find resource [logback-test.xml]
17:23:36,545 |-INFO in ch.qos.logback.classic.LoggerContext[default] - Found resource [logback.xml] at [file:/home/runner/work/key/key/key.core/build/resources/test/logback.xml]
17:23:36,705 |-INFO in ch.qos.logback.core.model.processor.AppenderModelHandler - Processing appender named [STDOUT]
17:23:36,705 |-INFO in ch.qos.logback.core.model.processor.AppenderModelHandler - About to instantiate appender of type [ch.qos.logback.core.ConsoleAppender]
17:23:36,720 |-WARN in ch.qos.logback.core.model.processor.ImplicitModelHandler - Ignoring unknown property [file] in [ch.qos.logback.core.ConsoleAppender]
17:23:36,720 |-WARN in ch.qos.logback.core.model.processor.ImplicitModelHandler - Ignoring unknown property [append] in [ch.qos.logback.core.ConsoleAppender]
17:23:36,721 |-INFO in ch.qos.logback.core.model.processor.ImplicitModelHandler - Assuming default type [ch.qos.logback.classic.encoder.PatternLayoutEncoder] for [encoder] property
17:23:36,740 |-INFO in ch.qos.logback.classic.model.processor.RootLoggerModelHandler - Setting level of ROOT logger to WARN
17:23:36,745 |-INFO in ch.qos.logback.core.model.processor.AppenderRefModelHandler - Attaching appender named [STDOUT] to Logger[ROOT]
17:23:36,746 |-INFO in ch.qos.logback.core.model.processor.DefaultProcessor@710f4dc7 - End of configuration.
17:23:36,746 |-INFO in ch.qos.logback.classic.joran.JoranConfigurator@1ff4931d - Registering current configuration as safe fallback point

366        WARN  main            d.u.i.k.s.ProofSettings   The settings in /home/runner/.key/proof-settings.props are *not* read. 
Returning from test MiniExamples
Running test NewObjects
17:25:09,739 |-INFO in ch.qos.logback.classic.LoggerContext[default] - This is logback-classic version 1.4.6
17:25:09,776 |-INFO in ch.qos.logback.classic.LoggerContext[default] - Could NOT find resource [logback-test.xml]
17:25:09,808 |-INFO in ch.qos.logback.classic.LoggerContext[default] - Found resource [logback.xml] at [file:/home/runner/work/key/key/key.core/build/resources/test/logback.xml]
17:25:09,970 |-INFO in ch.qos.logback.core.model.processor.AppenderModelHandler - Processing appender named [STDOUT]
17:25:09,970 |-INFO in ch.qos.logback.core.model.processor.AppenderModelHandler - About to instantiate appender of type [ch.qos.logback.core.ConsoleAppender]
17:25:09,995 |-WARN in ch.qos.logback.core.model.processor.ImplicitModelHandler - Ignoring unknown property [file] in [ch.qos.logback.core.ConsoleAppender]
17:25:09,995 |-WARN in ch.qos.logback.core.model.processor.ImplicitModelHandler - Ignoring unknown property [append] in [ch.qos.logback.core.ConsoleAppender]
17:25:09,996 |-INFO in ch.qos.logback.core.model.processor.ImplicitModelHandler - Assuming default type [ch.qos.logback.classic.encoder.PatternLayoutEncoder] for [encoder] property
17:25:10,015 |-INFO in ch.qos.logback.classic.model.processor.RootLoggerModelHandler - Setting level of ROOT logger to WARN
17:25:10,024 |-INFO in ch.qos.logback.core.model.processor.AppenderRefModelHandler - Attaching appender named [STDOUT] to Logger[ROOT]
17:25:10,025 |-INFO in ch.qos.logback.core.model.processor.DefaultProcessor@710f4dc7 - End of configuration.
17:25:10,026 |-INFO in ch.qos.logback.classic.joran.JoranConfigurator@1ff4931d - Registering current configuration as safe fallback point

395        WARN  main            d.u.i.k.s.ProofSettings   The settings in /home/runner/.key/proof-settings.props are *not* read. 
Returning from test NewObjects
Running test passwordfile.SecurePasswordFile(passwordfile.SecurePasswordFile___userIndex()).JML accessible clause.0.key
17:26:25,403 |-INFO in ch.qos.logback.classic.LoggerContext[default] - This is logback-classic version 1.4.6
17:26:25,428 |-INFO in ch.qos.logback.classic.LoggerContext[default] - Could NOT find resource [logback-test.xml]
17:26:25,446 |-INFO in ch.qos.logback.classic.LoggerContext[default] - Found resource [logback.xml] at [file:/home/runner/work/key/key/key.core/build/resources/test/logback.xml]
17:26:25,596 |-INFO in ch.qos.logback.core.model.processor.AppenderModelHandler - Processing appender named [STDOUT]
17:26:25,596 |-INFO in ch.qos.logback.core.model.processor.AppenderModelHandler - About to instantiate appender of type [ch.qos.logback.core.ConsoleAppender]
17:26:25,621 |-WARN in ch.qos.logback.core.model.processor.ImplicitModelHandler - Ignoring unknown property [file] in [ch.qos.logback.core.ConsoleAppender]
17:26:25,621 |-WARN in ch.qos.logback.core.model.processor.ImplicitModelHandler - Ignoring unknown property [append] in [ch.qos.logback.core.ConsoleAppender]
17:26:25,622 |-INFO in ch.qos.logback.core.model.processor.ImplicitModelHandler - Assuming default type [ch.qos.logback.classic.encoder.PatternLayoutEncoder] for [encoder] property
17:26:25,641 |-INFO in ch.qos.logback.classic.model.processor.RootLoggerModelHandler - Setting level of ROOT logger to WARN
17:26:25,646 |-INFO in ch.qos.logback.core.model.processor.AppenderRefModelHandler - Attaching appender named [STDOUT] to Logger[ROOT]
17:26:25,646 |-INFO in ch.qos.logback.core.model.processor.DefaultProcessor@710f4dc7 - End of configuration.
17:26:25,647 |-INFO in ch.qos.logback.classic.joran.JoranConfigurator@1ff4931d - Registering current configuration as safe fallback point

351        WARN  main            d.u.i.k.s.ProofSettings   The settings in /home/runner/.key/proof-settings.props are *not* read. 
Running test SimpleEvoting
17:26:33,577 |-INFO in ch.qos.logback.classic.LoggerContext[default] - This is logback-classic version 1.4.6
17:26:33,602 |-INFO in ch.qos.logback.classic.LoggerContext[default] - Could NOT find resource [logback-test.xml]
17:26:33,620 |-INFO in ch.qos.logback.classic.LoggerContext[default] - Found resource [logback.xml] at [file:/home/runner/work/key/key/key.core/build/resources/test/logback.xml]
17:26:33,803 |-INFO in ch.qos.logback.core.model.processor.AppenderModelHandler - Processing appender named [STDOUT]
17:26:33,803 |-INFO in ch.qos.logback.core.model.processor.AppenderModelHandler - About to instantiate appender of type [ch.qos.logback.core.ConsoleAppender]
17:26:33,817 |-WARN in ch.qos.logback.core.model.processor.ImplicitModelHandler - Ignoring unknown property [file] in [ch.qos.logback.core.ConsoleAppender]
17:26:33,817 |-WARN in ch.qos.logback.core.model.processor.ImplicitModelHandler - Ignoring unknown property [append] in [ch.qos.logback.core.ConsoleAppender]
17:26:33,818 |-INFO in ch.qos.logback.core.model.processor.ImplicitModelHandler - Assuming default type [ch.qos.logback.classic.encoder.PatternLayoutEncoder] for [encoder] property
17:26:33,848 |-INFO in ch.qos.logback.classic.model.processor.RootLoggerModelHandler - Setting level of ROOT logger to WARN
17:26:33,853 |-INFO in ch.qos.logback.core.model.processor.AppenderRefModelHandler - Attaching appender named [STDOUT] to Logger[ROOT]
17:26:33,859 |-INFO in ch.qos.logback.core.model.processor.DefaultProcessor@1ff4931d - End of configuration.
17:26:33,859 |-INFO in ch.qos.logback.classic.joran.JoranConfigurator@65e98b1c - Registering current configuration as safe fallback point

495        WARN  main            d.u.i.k.s.ProofSettings   The settings in /home/runner/.key/proof-settings.props are *not* read. 
Running test ToyVoting_nomacro
17:29:23,410 |-INFO in ch.qos.logback.classic.LoggerContext[default] - This is logback-classic version 1.4.6
17:29:23,440 |-INFO in ch.qos.logback.classic.LoggerContext[default] - Could NOT find resource [logback-test.xml]
17:29:23,458 |-INFO in ch.qos.logback.classic.LoggerContext[default] - Found resource [logback.xml] at [file:/home/runner/work/key/key/key.core/build/resources/test/logback.xml]
17:29:23,622 |-INFO in ch.qos.logback.core.model.processor.AppenderModelHandler - Processing appender named [STDOUT]
17:29:23,622 |-INFO in ch.qos.logback.core.model.processor.AppenderModelHandler - About to instantiate appender of type [ch.qos.logback.core.ConsoleAppender]
17:29:23,637 |-WARN in ch.qos.logback.core.model.processor.ImplicitModelHandler - Ignoring unknown property [file] in [ch.qos.logback.core.ConsoleAppender]
17:29:23,637 |-WARN in ch.qos.logback.core.model.processor.ImplicitModelHandler - Ignoring unknown property [append] in [ch.qos.logback.core.ConsoleAppender]
17:29:23,638 |-INFO in ch.qos.logback.core.model.processor.ImplicitModelHandler - Assuming default type [ch.qos.logback.classic.encoder.PatternLayoutEncoder] for [encoder] property
17:29:23,657 |-INFO in ch.qos.logback.classic.model.processor.RootLoggerModelHandler - Setting level of ROOT logger to WARN
17:29:23,662 |-INFO in ch.qos.logback.core.model.processor.AppenderRefModelHandler - Attaching appender named [STDOUT] to Logger[ROOT]
17:29:23,663 |-INFO in ch.qos.logback.core.model.processor.DefaultProcessor@710f4dc7 - End of configuration.
17:29:23,663 |-INFO in ch.qos.logback.classic.joran.JoranConfigurator@1ff4931d - Registering current configuration as safe fallback point

380        WARN  main            d.u.i.k.s.ProofSettings   The settings in /home/runner/.key/proof-settings.props are *not* read. 
Returning from test ToyVoting_nomacro
Running test ConditionalConfidential_nomacro
Returning from test ConditionalConfidential_nomacro
Running test SumExample_nomacro
17:29:58,065 |-INFO in ch.qos.logback.classic.LoggerContext[default] - This is logback-classic version 1.4.6
17:29:58,097 |-INFO in ch.qos.logback.classic.LoggerContext[default] - Could NOT find resource [logback-test.xml]
17:29:58,119 |-INFO in ch.qos.logback.classic.LoggerContext[default] - Found resource [logback.xml] at [file:/home/runner/work/key/key/key.core/build/resources/test/logback.xml]
17:29:58,279 |-INFO in ch.qos.logback.core.model.processor.AppenderModelHandler - Processing appender named [STDOUT]
17:29:58,280 |-INFO in ch.qos.logback.core.model.processor.AppenderModelHandler - About to instantiate appender of type [ch.qos.logback.core.ConsoleAppender]
17:29:58,294 |-WARN in ch.qos.logback.core.model.processor.ImplicitModelHandler - Ignoring unknown property [file] in [ch.qos.logback.core.ConsoleAppender]
17:29:58,294 |-WARN in ch.qos.logback.core.model.processor.ImplicitModelHandler - Ignoring unknown property [append] in [ch.qos.logback.core.ConsoleAppender]
17:29:58,295 |-INFO in ch.qos.logback.core.model.processor.ImplicitModelHandler - Assuming default type [ch.qos.logback.classic.encoder.PatternLayoutEncoder] for [encoder] property
17:29:58,313 |-INFO in ch.qos.logback.classic.model.processor.RootLoggerModelHandler - Setting level of ROOT logger to WARN
17:29:58,318 |-INFO in ch.qos.logback.core.model.processor.AppenderRefModelHandler - Attaching appender named [STDOUT] to Logger[ROOT]
17:29:58,318 |-INFO in ch.qos.logback.core.model.processor.DefaultProcessor@710f4dc7 - End of configuration.
17:29:58,319 |-INFO in ch.qos.logback.classic.joran.JoranConfigurator@1ff4931d - Registering current configuration as safe fallback point

355        WARN  main            d.u.i.k.s.ProofSettings   The settings in /home/runner/.key/proof-settings.props are *not* read. 
Returning from test SumExample_nomacro
Running test ToyBanking_nomacro
17:30:09,287 |-INFO in ch.qos.logback.classic.LoggerContext[default] - This is logback-classic version 1.4.6
17:30:09,314 |-INFO in ch.qos.logback.classic.LoggerContext[default] - Could NOT find resource [logback-test.xml]
17:30:09,341 |-INFO in ch.qos.logback.classic.LoggerContext[default] - Found resource [logback.xml] at [file:/home/runner/work/key/key/key.core/build/resources/test/logback.xml]
17:30:09,472 |-INFO in ch.qos.logback.core.model.processor.AppenderModelHandler - Processing appender named [STDOUT]
17:30:09,473 |-INFO in ch.qos.logback.core.model.processor.AppenderModelHandler - About to instantiate appender of type [ch.qos.logback.core.ConsoleAppender]
17:30:09,497 |-WARN in ch.qos.logback.core.model.processor.ImplicitModelHandler - Ignoring unknown property [file] in [ch.qos.logback.core.ConsoleAppender]
17:30:09,497 |-WARN in ch.qos.logback.core.model.processor.ImplicitModelHandler - Ignoring unknown property [append] in [ch.qos.logback.core.ConsoleAppender]
17:30:09,498 |-INFO in ch.qos.logback.core.model.processor.ImplicitModelHandler - Assuming default type [ch.qos.logback.classic.encoder.PatternLayoutEncoder] for [encoder] property
17:30:09,531 |-INFO in ch.qos.logback.classic.model.processor.RootLoggerModelHandler - Setting level of ROOT logger to WARN
17:30:09,544 |-INFO in ch.qos.logback.core.model.processor.AppenderRefModelHandler - Attaching appender named [STDOUT] to Logger[ROOT]
17:30:09,545 |-INFO in ch.qos.logback.core.model.processor.DefaultProcessor@710f4dc7 - End of configuration.
17:30:09,546 |-INFO in ch.qos.logback.classic.joran.JoranConfigurator@1ff4931d - Registering current configuration as safe fallback point

400        WARN  main            d.u.i.k.s.ProofSettings   The settings in /home/runner/.key/proof-settings.props are *not* read. 
Returning from test ToyBanking_nomacro
Running test BlockContracts_nomacro
17:31:24,412 |-INFO in ch.qos.logback.classic.LoggerContext[default] - This is logback-classic version 1.4.6
17:31:24,451 |-INFO in ch.qos.logback.classic.LoggerContext[default] - Could NOT find resource [logback-test.xml]
17:31:24,469 |-INFO in ch.qos.logback.classic.LoggerContext[default] - Found resource [logback.xml] at [file:/home/runner/work/key/key/key.core/build/resources/test/logback.xml]
17:31:24,608 |-INFO in ch.qos.logback.core.model.processor.AppenderModelHandler - Processing appender named [STDOUT]
17:31:24,608 |-INFO in ch.qos.logback.core.model.processor.AppenderModelHandler - About to instantiate appender of type [ch.qos.logback.core.ConsoleAppender]
17:31:24,623 |-WARN in ch.qos.logback.core.model.processor.ImplicitModelHandler - Ignoring unknown property [file] in [ch.qos.logback.core.ConsoleAppender]
17:31:24,623 |-WARN in ch.qos.logback.core.model.processor.ImplicitModelHandler - Ignoring unknown property [append] in [ch.qos.logback.core.ConsoleAppender]
17:31:24,624 |-INFO in ch.qos.logback.core.model.processor.ImplicitModelHandler - Assuming default type [ch.qos.logback.classic.encoder.PatternLayoutEncoder] for [encoder] property
17:31:24,643 |-INFO in ch.qos.logback.classic.model.processor.RootLoggerModelHandler - Setting level of ROOT logger to WARN
17:31:24,648 |-INFO in ch.qos.logback.core.model.processor.AppenderRefModelHandler - Attaching appender named [STDOUT] to Logger[ROOT]
17:31:24,648 |-INFO in ch.qos.logback.core.model.processor.DefaultProcessor@710f4dc7 - End of configuration.
17:31:24,649 |-INFO in ch.qos.logback.classic.joran.JoranConfigurator@1ff4931d - Registering current configuration as safe fallback point

383        WARN  main            d.u.i.k.s.ProofSettings   The settings in /home/runner/.key/proof-settings.props are *not* read. 
Returning from test BlockContracts_nomacro
Running test MethodContracts_nomacro
17:32:40,567 |-INFO in ch.qos.logback.classic.LoggerContext[default] - This is logback-classic version 1.4.6
17:32:40,603 |-INFO in ch.qos.logback.classic.LoggerContext[default] - Could NOT find resource [logback-test.xml]
17:32:40,631 |-INFO in ch.qos.logback.classic.LoggerContext[default] - Found resource [logback.xml] at [file:/home/runner/work/key/key/key.core/build/resources/test/logback.xml]
17:32:40,778 |-INFO in ch.qos.logback.core.model.processor.AppenderModelHandler - Processing appender named [STDOUT]
17:32:40,778 |-INFO in ch.qos.logback.core.model.processor.AppenderModelHandler - About to instantiate appender of type [ch.qos.logback.core.ConsoleAppender]
17:32:40,799 |-WARN in ch.qos.logback.core.model.processor.ImplicitModelHandler - Ignoring unknown property [file] in [ch.qos.logback.core.ConsoleAppender]
17:32:40,799 |-WARN in ch.qos.logback.core.model.processor.ImplicitModelHandler - Ignoring unknown property [append] in [ch.qos.logback.core.ConsoleAppender]
17:32:40,800 |-INFO in ch.qos.logback.core.model.processor.ImplicitModelHandler - Assuming default type [ch.qos.logback.classic.encoder.PatternLayoutEncoder] for [encoder] property
17:32:40,819 |-INFO in ch.qos.logback.classic.model.processor.RootLoggerModelHandler - Setting level of ROOT logger to WARN
17:32:40,824 |-INFO in ch.qos.logback.core.model.processor.AppenderRefModelHandler - Attaching appender named [STDOUT] to Logger[ROOT]
17:32:40,824 |-INFO in ch.qos.logback.core.model.processor.DefaultProcessor@710f4dc7 - End of configuration.
17:32:40,825 |-INFO in ch.qos.logback.classic.joran.JoranConfigurator@1ff4931d - Registering current configuration as safe fallback point

416        WARN  main            d.u.i.k.s.ProofSettings   The settings in /home/runner/.key/proof-settings.props are *not* read. 
Returning from test MethodContracts_nomacro
Running test LoopInvariants_nomacro
17:33:54,972 |-INFO in ch.qos.logback.classic.LoggerContext[default] - This is logback-classic version 1.4.6
17:33:55,006 |-INFO in ch.qos.logback.classic.LoggerContext[default] - Could NOT find resource [logback-test.xml]
17:33:55,024 |-INFO in ch.qos.logback.classic.LoggerContext[default] - Found resource [logback.xml] at [file:/home/runner/work/key/key/key.core/build/resources/test/logback.xml]
17:33:55,187 |-INFO in ch.qos.logback.core.model.processor.AppenderModelHandler - Processing appender named [STDOUT]
17:33:55,188 |-INFO in ch.qos.logback.core.model.processor.AppenderModelHandler - About to instantiate appender of type [ch.qos.logback.core.ConsoleAppender]
17:33:55,222 |-WARN in ch.qos.logback.core.model.processor.ImplicitModelHandler - Ignoring unknown property [file] in [ch.qos.logback.core.ConsoleAppender]
17:33:55,222 |-WARN in ch.qos.logback.core.model.processor.ImplicitModelHandler - Ignoring unknown property [append] in [ch.qos.logback.core.ConsoleAppender]
17:33:55,224 |-INFO in ch.qos.logback.core.model.processor.ImplicitModelHandler - Assuming default type [ch.qos.logback.classic.encoder.PatternLayoutEncoder] for [encoder] property
17:33:55,254 |-INFO in ch.qos.logback.classic.model.processor.RootLoggerModelHandler - Setting level of ROOT logger to WARN
17:33:55,264 |-INFO in ch.qos.logback.core.model.processor.AppenderRefModelHandler - Attaching appender named [STDOUT] to Logger[ROOT]
17:33:55,265 |-INFO in ch.qos.logback.core.model.processor.DefaultProcessor@710f4dc7 - End of configuration.
17:33:55,266 |-INFO in ch.qos.logback.classic.joran.JoranConfigurator@1ff4931d - Registering current configuration as safe fallback point

449        WARN  main            d.u.i.k.s.ProofSettings   The settings in /home/runner/.key/proof-settings.props are *not* read. 
Returning from test LoopInvariants_nomacro
Running test MiniExamples_nomacro
17:35:41,770 |-INFO in ch.qos.logback.classic.LoggerContext[default] - This is logback-classic version 1.4.6
17:35:41,796 |-INFO in ch.qos.logback.classic.LoggerContext[default] - Could NOT find resource [logback-test.xml]
17:35:41,814 |-INFO in ch.qos.logback.classic.LoggerContext[default] - Found resource [logback.xml] at [file:/home/runner/work/key/key/key.core/build/resources/test/logback.xml]
17:35:41,988 |-INFO in ch.qos.logback.core.model.processor.AppenderModelHandler - Processing appender named [STDOUT]
17:35:41,988 |-INFO in ch.qos.logback.core.model.processor.AppenderModelHandler - About to instantiate appender of type [ch.qos.logback.core.ConsoleAppender]
17:35:42,003 |-WARN in ch.qos.logback.core.model.processor.ImplicitModelHandler - Ignoring unknown property [file] in [ch.qos.logback.core.ConsoleAppender]
17:35:42,003 |-WARN in ch.qos.logback.core.model.processor.ImplicitModelHandler - Ignoring unknown property [append] in [ch.qos.logback.core.ConsoleAppender]
17:35:42,004 |-INFO in ch.qos.logback.core.model.processor.ImplicitModelHandler - Assuming default type [ch.qos.logback.classic.encoder.PatternLayoutEncoder] for [encoder] property
17:35:42,022 |-INFO in ch.qos.logback.classic.model.processor.RootLoggerModelHandler - Setting level of ROOT logger to WARN
17:35:42,027 |-INFO in ch.qos.logback.core.model.processor.AppenderRefModelHandler - Attaching appender named [STDOUT] to Logger[ROOT]
17:35:42,028 |-INFO in ch.qos.logback.core.model.processor.DefaultProcessor@710f4dc7 - End of configuration.
17:35:42,028 |-INFO in ch.qos.logback.classic.joran.JoranConfigurator@1ff4931d - Registering current configuration as safe fallback point

390        WARN  main            d.u.i.k.s.ProofSettings   The settings in /home/runner/.key/proof-settings.props are *not* read. 
Returning from test MiniExamples_nomacro
Running test NewObjects_nomacro
17:37:16,275 |-INFO in ch.qos.logback.classic.LoggerContext[default] - This is logback-classic version 1.4.6
17:37:16,316 |-INFO in ch.qos.logback.classic.LoggerContext[default] - Could NOT find resource [logback-test.xml]
17:37:16,335 |-INFO in ch.qos.logback.classic.LoggerContext[default] - Found resource [logback.xml] at [file:/home/runner/work/key/key/key.core/build/resources/test/logback.xml]
17:37:16,490 |-INFO in ch.qos.logback.core.model.processor.AppenderModelHandler - Processing appender named [STDOUT]
17:37:16,490 |-INFO in ch.qos.logback.core.model.processor.AppenderModelHandler - About to instantiate appender of type [ch.qos.logback.core.ConsoleAppender]
17:37:16,505 |-WARN in ch.qos.logback.core.model.processor.ImplicitModelHandler - Ignoring unknown property [file] in [ch.qos.logback.core.ConsoleAppender]
17:37:16,505 |-WARN in ch.qos.logback.core.model.processor.ImplicitModelHandler - Ignoring unknown property [append] in [ch.qos.logback.core.ConsoleAppender]
17:37:16,506 |-INFO in ch.qos.logback.core.model.processor.ImplicitModelHandler - Assuming default type [ch.qos.logback.classic.encoder.PatternLayoutEncoder] for [encoder] property
17:37:16,524 |-INFO in ch.qos.logback.classic.model.processor.RootLoggerModelHandler - Setting level of ROOT logger to WARN
17:37:16,528 |-INFO in ch.qos.logback.core.model.processor.AppenderRefModelHandler - Attaching appender named [STDOUT] to Logger[ROOT]
17:37:16,529 |-INFO in ch.qos.logback.core.model.processor.DefaultProcessor@710f4dc7 - End of configuration.
17:37:16,529 |-INFO in ch.qos.logback.classic.joran.JoranConfigurator@1ff4931d - Registering current configuration as safe fallback point

367        WARN  main            d.u.i.k.s.ProofSettings   The settings in /home/runner/.key/proof-settings.props are *not* read. 
Returning from test NewObjects_nomacro
Running test SimpleEvoting_nomacro
17:39:22,505 |-INFO in ch.qos.logback.classic.LoggerContext[default] - This is logback-classic version 1.4.6
17:39:22,537 |-INFO in ch.qos.logback.classic.LoggerContext[default] - Could NOT find resource [logback-test.xml]
17:39:22,556 |-INFO in ch.qos.logback.classic.LoggerContext[default] - Found resource [logback.xml] at [file:/home/runner/work/key/key/key.core/build/resources/test/logback.xml]
17:39:22,736 |-INFO in ch.qos.logback.core.model.processor.AppenderModelHandler - Processing appender named [STDOUT]
17:39:22,736 |-INFO in ch.qos.logback.core.model.processor.AppenderModelHandler - About to instantiate appender of type [ch.qos.logback.core.ConsoleAppender]
17:39:22,752 |-WARN in ch.qos.logback.core.model.processor.ImplicitModelHandler - Ignoring unknown property [file] in [ch.qos.logback.core.ConsoleAppender]
17:39:22,752 |-WARN in ch.qos.logback.core.model.processor.ImplicitModelHandler - Ignoring unknown property [append] in [ch.qos.logback.core.ConsoleAppender]
17:39:22,760 |-INFO in ch.qos.logback.core.model.processor.ImplicitModelHandler - Assuming default type [ch.qos.logback.classic.encoder.PatternLayoutEncoder] for [encoder] property
17:39:22,784 |-INFO in ch.qos.logback.classic.model.processor.RootLoggerModelHandler - Setting level of ROOT logger to WARN
17:39:22,796 |-INFO in ch.qos.logback.core.model.processor.AppenderRefModelHandler - Attaching appender named [STDOUT] to Logger[ROOT]
17:39:22,797 |-INFO in ch.qos.logback.core.model.processor.DefaultProcessor@710f4dc7 - End of configuration.
17:39:22,797 |-INFO in ch.qos.logback.classic.joran.JoranConfigurator@1ff4931d - Registering current configuration as safe fallback point

446        WARN  main            d.u.i.k.s.ProofSettings   The settings in /home/runner/.key/proof-settings.props are *not* read. 
Returning from test SimpleEvoting_nomacro
Running test ToyVoting_fullmacro
17:41:31,514 |-INFO in ch.qos.logback.classic.LoggerContext[default] - This is logback-classic version 1.4.6
17:41:31,559 |-INFO in ch.qos.logback.classic.LoggerContext[default] - Could NOT find resource [logback-test.xml]
17:41:31,591 |-INFO in ch.qos.logback.classic.LoggerContext[default] - Found resource [logback.xml] at [file:/home/runner/work/key/key/key.core/build/resources/test/logback.xml]
17:41:31,738 |-INFO in ch.qos.logback.core.model.processor.AppenderModelHandler - Processing appender named [STDOUT]
17:41:31,738 |-INFO in ch.qos.logback.core.model.processor.AppenderModelHandler - About to instantiate appender of type [ch.qos.logback.core.ConsoleAppender]
17:41:31,753 |-WARN in ch.qos.logback.core.model.processor.ImplicitModelHandler - Ignoring unknown property [file] in [ch.qos.logback.core.ConsoleAppender]
17:41:31,753 |-WARN in ch.qos.logback.core.model.processor.ImplicitModelHandler - Ignoring unknown property [append] in [ch.qos.logback.core.ConsoleAppender]
17:41:31,754 |-INFO in ch.qos.logback.core.model.processor.ImplicitModelHandler - Assuming default type [ch.qos.logback.classic.encoder.PatternLayoutEncoder] for [encoder] property
17:41:31,773 |-INFO in ch.qos.logback.classic.model.processor.RootLoggerModelHandler - Setting level of ROOT logger to WARN
17:41:31,783 |-INFO in ch.qos.logback.core.model.processor.AppenderRefModelHandler - Attaching appender named [STDOUT] to Logger[ROOT]
17:41:31,783 |-INFO in ch.qos.logback.core.model.processor.DefaultProcessor@710f4dc7 - End of configuration.
17:41:31,784 |-INFO in ch.qos.logback.classic.joran.JoranConfigurator@1ff4931d - Registering current configuration as safe fallback point

417        WARN  main            d.u.i.k.s.ProofSettings   The settings in /home/runner/.key/proof-settings.props are *not* read. 
Returning from test ToyVoting_fullmacro
Running test SumExample_fullmacro
17:42:28,629 |-INFO in ch.qos.logback.classic.LoggerContext[default] - This is logback-classic version 1.4.6
17:42:28,654 |-INFO in ch.qos.logback.classic.LoggerContext[default] - Could NOT find resource [logback-test.xml]
17:42:28,672 |-INFO in ch.qos.logback.classic.LoggerContext[default] - Found resource [logback.xml] at [file:/home/runner/work/key/key/key.core/build/resources/test/logback.xml]
17:42:28,871 |-INFO in ch.qos.logback.core.model.processor.AppenderModelHandler - Processing appender named [STDOUT]
17:42:28,871 |-INFO in ch.qos.logback.core.model.processor.AppenderModelHandler - About to instantiate appender of type [ch.qos.logback.core.ConsoleAppender]
17:42:28,888 |-WARN in ch.qos.logback.core.model.processor.ImplicitModelHandler - Ignoring unknown property [file] in [ch.qos.logback.core.ConsoleAppender]
17:42:28,888 |-WARN in ch.qos.logback.core.model.processor.ImplicitModelHandler - Ignoring unknown property [append] in [ch.qos.logback.core.ConsoleAppender]
17:42:28,889 |-INFO in ch.qos.logback.core.model.processor.ImplicitModelHandler - Assuming default type [ch.qos.logback.classic.encoder.PatternLayoutEncoder] for [encoder] property
17:42:28,910 |-INFO in ch.qos.logback.classic.model.processor.RootLoggerModelHandler - Setting level of ROOT logger to WARN
17:42:28,914 |-INFO in ch.qos.logback.core.model.processor.AppenderRefModelHandler - Attaching appender named [STDOUT] to Logger[ROOT]
17:42:28,915 |-INFO in ch.qos.logback.core.model.processor.DefaultProcessor@710f4dc7 - End of configuration.
17:42:28,916 |-INFO in ch.qos.logback.classic.joran.JoranConfigurator@1ff4931d - Registering current configuration as safe fallback point

466        WARN  main            d.u.i.k.s.ProofSettings   The settings in /home/runner/.key/proof-settings.props are *not* read. 
Returning from test SumExample_fullmacro
Running test ToyBanking_fullmacro
17:42:39,072 |-INFO in ch.qos.logback.classic.LoggerContext[default] - This is logback-classic version 1.4.6
17:42:39,102 |-INFO in ch.qos.logback.classic.LoggerContext[default] - Could NOT find resource [logback-test.xml]
17:42:39,127 |-INFO in ch.qos.logback.classic.LoggerContext[default] - Found resource [logback.xml] at [file:/home/runner/work/key/key/key.core/build/resources/test/logback.xml]
17:42:39,295 |-INFO in ch.qos.logback.core.model.processor.AppenderModelHandler - Processing appender named [STDOUT]
17:42:39,295 |-INFO in ch.qos.logback.core.model.processor.AppenderModelHandler - About to instantiate appender of type [ch.qos.logback.core.ConsoleAppender]
17:42:39,310 |-WARN in ch.qos.logback.core.model.processor.ImplicitModelHandler - Ignoring unknown property [file] in [ch.qos.logback.core.ConsoleAppender]
17:42:39,310 |-WARN in ch.qos.logback.core.model.processor.ImplicitModelHandler - Ignoring unknown property [append] in [ch.qos.logback.core.ConsoleAppender]
17:42:39,311 |-INFO in ch.qos.logback.core.model.processor.ImplicitModelHandler - Assuming default type [ch.qos.logback.classic.encoder.PatternLayoutEncoder] for [encoder] property
17:42:39,329 |-INFO in ch.qos.logback.classic.model.processor.RootLoggerModelHandler - Setting level of ROOT logger to WARN
17:42:39,333 |-INFO in ch.qos.logback.core.model.processor.AppenderRefModelHandler - Attaching appender named [STDOUT] to Logger[ROOT]
17:42:39,334 |-INFO in ch.qos.logback.core.model.processor.DefaultProcessor@710f4dc7 - End of configuration.
17:42:39,334 |-INFO in ch.qos.logback.classic.joran.JoranConfigurator@1ff4931d - Registering current configuration as safe fallback point

393        WARN  main            d.u.i.k.s.ProofSettings   The settings in /home/runner/.key/proof-settings.props are *not* read. 
10952      WARN  main            d.u.i.k.p.NodeInfo        No instantiation for #60. Probably branch label not up to date in orLeft 
10953      WARN  main            d.u.i.k.p.NodeInfo        No instantiation for #60. Probably branch label not up to date in orLeft 
10953      WARN  main            d.u.i.k.p.NodeInfo        No instantiation for #60. Probably branch label not up to date in orLeft 
10953      WARN  main            d.u.i.k.p.NodeInfo        No instantiation for #60. Probably branch label not up to date in orLeft 
10956      WARN  main            d.u.i.k.p.NodeInfo        No instantiation for #61. Probably branch label not up to date in orLeft 
10956      WARN  main            d.u.i.k.p.NodeInfo        No instantiation for #61. Probably branch label not up to date in orLeft 
10956      WARN  main            d.u.i.k.p.NodeInfo        No instantiation for #62. Probably branch label not up to date in orLeft 
10956      WARN  main            d.u.i.k.p.NodeInfo        No instantiation for #62. Probably branch label not up to date in orLeft 
10956      WARN  main            d.u.i.k.p.NodeInfo        No instantiation for #63. Probably branch label not up to date in orLeft 
10956      WARN  main            d.u.i.k.p.NodeInfo        No instantiation for #63. Probably branch label not up to date in orLeft 
10956      WARN  main            d.u.i.k.p.NodeInfo        No instantiation for #60. Probably branch label not up to date in orLeft 
10956      WARN  main            d.u.i.k.p.NodeInfo        No instantiation for #60. Probably branch label not up to date in orLeft 
10956      WARN  main            d.u.i.k.p.NodeInfo        No instantiation for #60. Probably branch label not up to date in orLeft 
10956      WARN  main            d.u.i.k.p.NodeInfo        No instantiation for #60. Probably branch label not up to date in orLeft 
10956      WARN  main            d.u.i.k.p.NodeInfo        No instantiation for #61. Probably branch label not up to date in orLeft 
10956      WARN  main            d.u.i.k.p.NodeInfo        No instantiation for #61. Probably branch label not up to date in orLeft 
10956      WARN  main            d.u.i.k.p.NodeInfo        No instantiation for #62. Probably branch label not up to date in orLeft 
10956      WARN  main            d.u.i.k.p.NodeInfo        No instantiation for #62. Probably branch label not up to date in orLeft 
10956      WARN  main            d.u.i.k.p.NodeInfo        No instantiation for #63. Probably branch label not up to date in orLeft 
10956      WARN  main            d.u.i.k.p.NodeInfo        No instantiation for #63. Probably branch label not up to date in orLeft 
10979      WARN  main            d.u.i.k.p.NodeInfo        No instantiation for #60. Probably branch label not up to date in orLeft 
10979      WARN  main            d.u.i.k.p.NodeInfo        No instantiation for #60. Probably branch label not up to date in orLeft 
10979      WARN  main            d.u.i.k.p.NodeInfo        No instantiation for #60. Probably branch label not up to date in orLeft 
10979      WARN  main            d.u.i.k.p.NodeInfo        No instantiation for #60. Probably branch label not up to date in orLeft 
10979      WARN  main            d.u.i.k.p.NodeInfo        No instantiation for #61. Probably branch label not up to date in orLeft 
10979      WARN  main            d.u.i.k.p.NodeInfo        No instantiation for #61. Probably branch label not up to date in orLeft 
10980      WARN  main            d.u.i.k.p.NodeInfo        No instantiation for #62. Probably branch label not up to date in orLeft 
10980      WARN  main            d.u.i.k.p.NodeInfo        No instantiation for #62. Probably branch label not up to date in orLeft 
10980      WARN  main            d.u.i.k.p.NodeInfo        No instantiation for #63. Probably branch label not up to date in orLeft 
10980      WARN  main            d.u.i.k.p.NodeInfo        No instantiation for #63. Probably branch label not up to date in orLeft 
10980      WARN  main            d.u.i.k.p.NodeInfo        No instantiation for #60. Probably branch label not up to date in orLeft 
10980      WARN  main            d.u.i.k.p.NodeInfo        No instantiation for #60. Probably branch label not up to date in orLeft 
10980      WARN  main            d.u.i.k.p.NodeInfo        No instantiation for #60. Probably branch label not up to date in orLeft 
10980      WARN  main            d.u.i.k.p.NodeInfo        No instantiation for #60. Probably branch label not up to date in orLeft 
10980      WARN  main            d.u.i.k.p.NodeInfo        No instantiation for #61. Probably branch label not up to date in orLeft 
10980      WARN  main            d.u.i.k.p.NodeInfo        No instantiation for #61. Probably branch label not up to date in orLeft 
10981      WARN  main            d.u.i.k.p.NodeInfo        No instantiation for #62. Probably branch label not up to date in orLeft 
10981      WARN  main            d.u.i.k.p.NodeInfo        No instantiation for #62. Probably branch label not up to date in orLeft 
10981      WARN  main            d.u.i.k.p.NodeInfo        No instantiation for #63. Probably branch label not up to date in orLeft 
10981      WARN  main            d.u.i.k.p.NodeInfo        No instantiation for #63. Probably branch label not up to date in orLeft 
10982      WARN  main            d.u.i.k.p.NodeInfo        No instantiation for #60. Probably branch label not up to date in orLeft 
10982      WARN  main            d.u.i.k.p.NodeInfo        No instantiation for #60. Probably branch label not up to date in orLeft 
10982      WARN  main            d.u.i.k.p.NodeInfo        No instantiation for #60. Probably branch label not up to date in orLeft 
10982      WARN  main            d.u.i.k.p.NodeInfo        No instantiation for #60. Probably branch label not up to date in orLeft 
10982      WARN  main            d.u.i.k.p.NodeInfo        No instantiation for #61. Probably branch label not up to date in orLeft 
10982      WARN  main            d.u.i.k.p.NodeInfo        No instantiation for #61. Probably branch label not up to date in orLeft 
10982      WARN  main            d.u.i.k.p.NodeInfo        No instantiation for #62. Probably branch label not up to date in orLeft 
10982      WARN  main            d.u.i.k.p.NodeInfo        No instantiation for #62. Probably branch label not up to date in orLeft 
10982      WARN  main            d.u.i.k.p.NodeInfo        No instantiation for #63. Probably branch label not up to date in orLeft 
10982      WARN  main            d.u.i.k.p.NodeInfo        No instantiation for #63. Probably branch label not up to date in orLeft 
10982      WARN  main            d.u.i.k.p.NodeInfo        No instantiation for #60. Probably branch label not up to date in orLeft 
10982      WARN  main            d.u.i.k.p.NodeInfo        No instantiation for #60. Probably branch label not up to date in orLeft 
10982      WARN  main            d.u.i.k.p.NodeInfo        No instantiation for #60. Probably branch label not up to date in orLeft 
10982      WARN  main            d.u.i.k.p.NodeInfo        No instantiation for #60. Probably branch label not up to date in orLeft 
10982      WARN  main            d.u.i.k.p.NodeInfo        No instantiation for #61. Probably branch label not up to date in orLeft 
10982      WARN  main            d.u.i.k.p.NodeInfo        No instantiation for #61. Probably branch label not up to date in orLeft 
10982      WARN  main            d.u.i.k.p.NodeInfo        No instantiation for #62. Probably branch label not up to date in orLeft 
10982      WARN  main            d.u.i.k.p.NodeInfo        No instantiation for #62. Probably branch label not up to date in orLeft 
10982      WARN  main            d.u.i.k.p.NodeInfo        No instantiation for #63. Probably branch label not up to date in orLeft 
10983      WARN  main            d.u.i.k.p.NodeInfo        No instantiation for #63. Probably branch label not up to date in orLeft 
10983      WARN  main            d.u.i.k.p.NodeInfo        No instantiation for #60. Probably branch label not up to date in orLeft 
10983      WARN  main            d.u.i.k.p.NodeInfo        No instantiation for #60. Probably branch label not up to date in orLeft 
10983      WARN  main            d.u.i.k.p.NodeInfo        No instantiation for #60. Probably branch label not up to date in orLeft 
10983      WARN  main            d.u.i.k.p.NodeInfo        No instantiation for #60. Probably branch label not up to date in orLeft 
10983      WARN  main            d.u.i.k.p.NodeInfo        No instantiation for #61. Probably branch label not up to date in orLeft 
10983      WARN  main            d.u.i.k.p.NodeInfo        No instantiation for #61. Probably branch label not up to date in orLeft 
10983      WARN  main            d.u.i.k.p.NodeInfo        No instantiation for #62. Probably branch label not up to date in orLeft 
10983      WARN  main            d.u.i.k.p.NodeInfo        No instantiation for #62. Probably branch label not up to date in orLeft 
10984      WARN  main            d.u.i.k.p.NodeInfo        No instantiation for #63. Probably branch label not up to date in orLeft 
10984      WARN  main            d.u.i.k.p.NodeInfo        No instantiation for #63. Probably branch label not up to date in orLeft 
10984      WARN  main            d.u.i.k.p.NodeInfo        No instantiation for #60. Probably branch label not up to date in orLeft 
10990      WARN  main            d.u.i.k.p.NodeInfo        No instantiation for #60. Probably branch label not up to date in orLeft 
10990      WARN  main            d.u.i.k.p.NodeInfo        No instantiation for #60. Probably branch label not up to date in orLeft 
10990      WARN  main            d.u.i.k.p.NodeInfo        No instantiation for #60. Probably branch label not up to date in orLeft 
10990      WARN  main            d.u.i.k.p.NodeInfo        No instantiation for #61. Probably branch label not up to date in orLeft 
10990      WARN  main            d.u.i.k.p.NodeInfo        No instantiation for #61. Probably branch label not up to date in orLeft 
10991      WARN  main            d.u.i.k.p.NodeInfo        No instantiation for #62. Probably branch label not up to date in orLeft 
10991      WARN  main            d.u.i.k.p.NodeInfo        No instantiation for #62. Probably branch label not up to date in orLeft 
10992      WARN  main            d.u.i.k.p.NodeInfo        No instantiation for #63. Probably branch label not up to date in orLeft 
10992      WARN  main            d.u.i.k.p.NodeInfo        No instantiation for #63. Probably branch label not up to date in orLeft 
10992      WARN  main            d.u.i.k.p.NodeInfo        No instantiation for #60. Probably branch label not up to date in orLeft 
10992      WARN  main            d.u.i.k.p.NodeInfo        No instantiation for #60. Probably branch label not up to date in orLeft 
10993      WARN  main            d.u.i.k.p.NodeInfo        No instantiation for #60. Probably branch label not up to date in orLeft 
10993      WARN  main            d.u.i.k.p.NodeInfo        No instantiation for #60. Probably branch label not up to date in orLeft 
10993      WARN  main            d.u.i.k.p.NodeInfo        No instantiation for #61. Probably branch label not up to date in orLeft 
10993      WARN  main            d.u.i.k.p.NodeInfo        No instantiation for #61. Probably branch label not up to date in orLeft 
10993      WARN  main            d.u.i.k.p.NodeInfo        No instantiation for #62. Probably branch label not up to date in orLeft 
10994      WARN  main            d.u.i.k.p.NodeInfo        No instantiation for #62. Probably branch label not up to date in orLeft 
10994      WARN  main            d.u.i.k.p.NodeInfo        No instantiation for #63. Probably branch label not up to date in orLeft 
10994      WARN  main            d.u.i.k.p.NodeInfo        No instantiation for #63. Probably branch label not up to date in orLeft 
10995      WARN  main            d.u.i.k.p.NodeInfo        No instantiation for #60. Probably branch label not up to date in orLeft 
10995      WARN  main            d.u.i.k.p.NodeInfo        No instantiation for #60. Probably branch label not up to date in orLeft 
10995      WARN  main            d.u.i.k.p.NodeInfo        No instantiation for #60. Probably branch label not up to date in orLeft 
10995      WARN  main            d.u.i.k.p.NodeInfo        No instantiation for #60. Probably branch label not up to date in orLeft 
10997      WARN  main            d.u.i.k.p.NodeInfo        No instantiation for #61. Probably branch label not up to date in orLeft 
10997      WARN  main            d.u.i.k.p.NodeInfo        No instantiation for #61. Probably branch label not up to date in orLeft 
10997      WARN  main            d.u.i.k.p.NodeInfo        No instantiation for #62. Probably branch label not up to date in orLeft 
10997      WARN  main            d.u.i.k.p.NodeInfo        No instantiation for #62. Probably branch label not up to date in orLeft 
10997      WARN  main            d.u.i.k.p.NodeInfo        No instantiation for #63. Probably branch label not up to date in orLeft 
10998      WARN  main            d.u.i.k.p.NodeInfo        No instantiation for #63. Probably branch label not up to date in orLeft 
10998      WARN  main            d.u.i.k.p.NodeInfo        No instantiation for #60. Probably branch label not up to date in orLeft 
10999      WARN  main            d.u.i.k.p.NodeInfo        No instantiation for #60. Probably branch label not up to date in orLeft 
10999      WARN  main            d.u.i.k.p.NodeInfo        No instantiation for #60. Probably branch label not up to date in orLeft 
10999      WARN  main            d.u.i.k.p.NodeInfo        No instantiation for #60. Probably branch label not up to date in orLeft 
11000      WARN  main            d.u.i.k.p.NodeInfo        No instantiation for #61. Probably branch label not up to date in orLeft 
11000      WARN  main            d.u.i.k.p.NodeInfo        No instantiation for #61. Probably branch label not up to date in orLeft 
11000      WARN  main            d.u.i.k.p.NodeInfo        No instantiation for #62. Probably branch label not up to date in orLeft 
11001      WARN  main            d.u.i.k.p.NodeInfo        No instantiation for #62. Probably branch label not up to date in orLeft 
11001      WARN  main            d.u.i.k.p.NodeInfo        No instantiation for #63. Probably branch label not up to date in orLeft 
11001      WARN  main            d.u.i.k.p.NodeInfo        No instantiation for #63. Probably branch label not up to date in orLeft 
11001      WARN  main            d.u.i.k.p.NodeInfo        No instantiation for #60. Probably branch label not up to date in orLeft 
11001      WARN  main            d.u.i.k.p.NodeInfo        No instantiation for #60. Probably branch label not up to date in orLeft 
11002      WARN  main            d.u.i.k.p.NodeInfo        No instantiation for #60. Probably branch label not up to date in orLeft 
11002      WARN  main            d.u.i.k.p.NodeInfo        No instantiation for #60. Probably branch label not up to date in orLeft 
11002      WARN  main            d.u.i.k.p.NodeInfo        No instantiation for #61. Probably branch label not up to date in orLeft 
11002      WARN  main            d.u.i.k.p.NodeInfo        No instantiation for #61. Probably branch label not up to date in orLeft 
11002      WARN  main            d.u.i.k.p.NodeInfo        No instantiation for #62. Probably branch label not up to date in orLeft 
11002      WARN  main            d.u.i.k.p.NodeInfo        No instantiation for #62. Probably branch label not up to date in orLeft 
11002      WARN  main            d.u.i.k.p.NodeInfo        No instantiation for #63. Probably branch label not up to date in orLeft 
11003      WARN  main            d.u.i.k.p.NodeInfo        No instantiation for #63. Probably branch label not up to date in orLeft 
11038      WARN  main            d.u.i.k.p.NodeInfo        No instantiation for #60. Probably branch label not up to date in orLeft 
11038      WARN  main            d.u.i.k.p.NodeInfo        No instantiation for #60. Probably branch label not up to date in orLeft 
11038      WARN  main            d.u.i.k.p.NodeInfo        No instantiation for #60. Probably branch label not up to date in orLeft 
11039      WARN  main            d.u.i.k.p.NodeInfo        No instantiation for #60. Probably branch label not up to date in orLeft 
11039      WARN  main            d.u.i.k.p.NodeInfo        No instantiation for #61. Probably branch label not up to date in orLeft 
11039      WARN  main            d.u.i.k.p.NodeInfo        No instantiation for #61. Probably branch label not up to date in orLeft 
11040      WARN  main            d.u.i.k.p.NodeInfo        No instantiation for #62. Probably branch label not up to date in orLeft 
11042      WARN  main            d.u.i.k.p.NodeInfo        No instantiation for #62. Probably branch label not up to date in orLeft 
11043      WARN  main            d.u.i.k.p.NodeInfo        No instantiation for #63. Probably branch label not up to date in orLeft 
11043      WARN  main            d.u.i.k.p.NodeInfo        No instantiation for #63. Probably branch label not up to date in orLeft 
11043      WARN  main            d.u.i.k.p.NodeInfo        No instantiation for #60. Probably branch label not up to date in orLeft 
11045      WARN  main            d.u.i.k.p.NodeInfo        No instantiation for #60. Probably branch label not up to date in orLeft 
11045      WARN  main            d.u.i.k.p.NodeInfo        No instantiation for #60. Probably branch label not up to date in orLeft 
11045      WARN  main            d.u.i.k.p.NodeInfo        No instantiation for #60. Probably branch label not up to date in orLeft 
11045      WARN  main            d.u.i.k.p.NodeInfo        No instantiation for #61. Probably branch label not up to date in orLeft 
11045      WARN  main            d.u.i.k.p.NodeInfo        No instantiation for #61. Probably branch label not up to date in orLeft 
11045      WARN  main            d.u.i.k.p.NodeInfo        No instantiation for #62. Probably branch label not up to date in orLeft 
11045      WARN  main            d.u.i.k.p.NodeInfo        No instantiation for #62. Probably branch label not up to date in orLeft 
11045      WARN  main            d.u.i.k.p.NodeInfo        No instantiation for #63. Probably branch label not up to date in orLeft 
11045      WARN  main            d.u.i.k.p.NodeInfo        No instantiation for #63. Probably branch label not up to date in orLeft 
11058      WARN  main            d.u.i.k.p.NodeInfo        No instantiation for #60. Probably branch label not up to date in orLeft 
11058      WARN  main            d.u.i.k.p.NodeInfo        No instantiation for #60. Probably branch label not up to date in orLeft 
11058      WARN  main            d.u.i.k.p.NodeInfo        No instantiation for #60. Probably branch label not up to date in orLeft 
11058      WARN  main            d.u.i.k.p.NodeInfo        No instantiation for #60. Probably branch label not up to date in orLeft 
11058      WARN  main            d.u.i.k.p.NodeInfo        No instantiation for #61. Probably branch label not up to date in orLeft 
11059      WARN  main            d.u.i.k.p.NodeInfo        No instantiation for #61. Probably branch label not up to date in orLeft 
11059      WARN  main            d.u.i.k.p.NodeInfo        No instantiation for #62. Probably branch label not up to date in orLeft 
11059      WARN  main            d.u.i.k.p.NodeInfo        No instantiation for #62. Probably branch label not up to date in orLeft 
11059      WARN  main            d.u.i.k.p.NodeInfo        No instantiation for #63. Probably branch label not up to date in orLeft 
11059      WARN  main            d.u.i.k.p.NodeInfo        No instantiation for #63. Probably branch label not up to date in orLeft 
11059      WARN  main            d.u.i.k.p.NodeInfo        No instantiation for #60. Probably branch label not up to date in orLeft 
11059      WARN  main            d.u.i.k.p.NodeInfo        No instantiation for #60. Probably branch label not up to date in orLeft 
11059      WARN  main            d.u.i.k.p.NodeInfo        No instantiation for #60. Probably branch label not up to date in orLeft 
11059      WARN  main            d.u.i.k.p.NodeInfo        No instantiation for #60. Probably branch label not up to date in orLeft 
11059      WARN  main            d.u.i.k.p.NodeInfo        No instantiation for #61. Probably branch label not up to date in orLeft 
11059      WARN  main            d.u.i.k.p.NodeInfo        No instantiation for #61. Probably branch label not up to date in orLeft 
11060      WARN  main            d.u.i.k.p.NodeInfo        No instantiation for #62. Probably branch label not up to date in orLeft 
11060      WARN  main            d.u.i.k.p.NodeInfo        No instantiation for #62. Probably branch label not up to date in orLeft 
11060      WARN  main            d.u.i.k.p.NodeInfo        No instantiation for #63. Probably branch label not up to date in orLeft 
11060      WARN  main            d.u.i.k.p.NodeInfo        No instantiation for #63. Probably branch label not up to date in orLeft 
11060      WARN  main            d.u.i.k.p.NodeInfo        No instantiation for #60. Probably branch label not up to date in orLeft 
11060      WARN  main            d.u.i.k.p.NodeInfo        No instantiation for #60. Probably branch label not up to date in orLeft 
11060      WARN  main            d.u.i.k.p.NodeInfo        No instantiation for #60. Probably branch label not up to date in orLeft 
11060      WARN  main            d.u.i.k.p.NodeInfo        No instantiation for #60. Probably branch label not up to date in orLeft 
11060      WARN  main            d.u.i.k.p.NodeInfo        No instantiation for #61. Probably branch label not up to date in orLeft 
11060      WARN  main            d.u.i.k.p.NodeInfo        No instantiation for #61. Probably branch label not up to date in orLeft 
11060      WARN  main            d.u.i.k.p.NodeInfo        No instantiation for #62. Probably branch label not up to date in orLeft 
11060      WARN  main            d.u.i.k.p.NodeInfo        No instantiation for #62. Probably branch label not up to date in orLeft 
11060      WARN  main            d.u.i.k.p.NodeInfo        No instantiation for #63. Probably branch label not up to date in orLeft 
11060      WARN  main            d.u.i.k.p.NodeInfo        No instantiation for #63. Probably branch label not up to date in orLeft 
11061      WARN  main            d.u.i.k.p.NodeInfo        No instantiation for #60. Probably branch label not up to date in orLeft 
11061      WARN  main            d.u.i.k.p.NodeInfo        No instantiation for #60. Probably branch label not up to date in orLeft 
11061      WARN  main            d.u.i.k.p.NodeInfo        No instantiation for #60. Probably branch label not up to date in orLeft 
11061      WARN  main            d.u.i.k.p.NodeInfo        No instantiation for #60. Probably branch label not up to date in orLeft 
11061      WARN  main            d.u.i.k.p.NodeInfo        No instantiation for #61. Probably branch label not up to date in orLeft 
11061      WARN  main            d.u.i.k.p.NodeInfo        No instantiation for #61. Probably branch label not up to date in orLeft 
11062      WARN  main            d.u.i.k.p.NodeInfo        No instantiation for #62. Probably branch label not up to date in orLeft 
11062      WARN  main            d.u.i.k.p.NodeInfo        No instantiation for #62. Probably branch label not up to date in orLeft 
11062      WARN  main            d.u.i.k.p.NodeInfo        No instantiation for #63. Probably branch label not up to date in orLeft 
11062      WARN  main            d.u.i.k.p.NodeInfo        No instantiation for #63. Probably branch label not up to date in orLeft 
11064      WARN  main            d.u.i.k.p.NodeInfo        No instantiation for #60. Probably branch label not up to date in orLeft 
11064      WARN  main            d.u.i.k.p.NodeInfo        No instantiation for #60. Probably branch label not up to date in orLeft 
11064      WARN  main            d.u.i.k.p.NodeInfo        No instantiation for #60. Probably branch label not up to date in orLeft 
11064      WARN  main            d.u.i.k.p.NodeInfo        No instantiation for #60. Probably branch label not up to date in orLeft 
11064      WARN  main            d.u.i.k.p.NodeInfo        No instantiation for #61. Probably branch label not up to date in orLeft 
11064      WARN  main            d.u.i.k.p.NodeInfo        No instantiation for #61. Probably branch label not up to date in orLeft 
11064      WARN  main            d.u.i.k.p.NodeInfo        No instantiation for #62. Probably branch label not up to date in orLeft 
11064      WARN  main            d.u.i.k.p.NodeInfo        No instantiation for #62. Probably branch label not up to date in orLeft 
11064      WARN  main            d.u.i.k.p.NodeInfo        No instantiation for #63. Probably branch label not up to date in orLeft 
11064      WARN  main            d.u.i.k.p.NodeInfo        No instantiation for #63. Probably branch label not up to date in orLeft 
11064      WARN  main            d.u.i.k.p.NodeInfo        No instantiation for #60. Probably branch label not up to date in orLeft 
11065      WARN  main            d.u.i.k.p.NodeInfo        No instantiation for #60. Probably branch label not up to date in orLeft 
11065      WARN  main            d.u.i.k.p.NodeInfo        No instantiation for #60. Probably branch label not up to date in orLeft 
11065      WARN  main            d.u.i.k.p.NodeInfo        No instantiation for #60. Probably branch label not up to date in orLeft 
11065      WARN  main            d.u.i.k.p.NodeInfo        No instantiation for #61. Probably branch label not up to date in orLeft 
11065      WARN  main            d.u.i.k.p.NodeInfo        No instantiation for #61. Probably branch label not up to date in orLeft 
11065      WARN  main            d.u.i.k.p.NodeInfo        No instantiation for #62. Probably branch label not up to date in orLeft 
11065      WARN  main            d.u.i.k.p.NodeInfo        No instantiation for #62. Probably branch label not up to date in orLeft 
11065      WARN  main            d.u.i.k.p.NodeInfo        No instantiation for #63. Probably branch label not up to date in orLeft 
11065      WARN  main            d.u.i.k.p.NodeInfo        No instantiation for #63. Probably branch label not up to date in orLeft 
11066      WARN  main            d.u.i.k.p.NodeInfo        No instantiation for #60. Probably branch label not up to date in orLeft 
11066      WARN  main            d.u.i.k.p.NodeInfo        No instantiation for #60. Probably branch label not up to date in orLeft 
11066      WARN  main            d.u.i.k.p.NodeInfo        No instantiation for #60. Probably branch label not up to date in orLeft 
11066      WARN  main            d.u.i.k.p.NodeInfo        No instantiation for #60. Probably branch label not up to date in orLeft 
11066      WARN  main            d.u.i.k.p.NodeInfo        No instantiation for #61. Probably branch label not up to date in orLeft 
11066      WARN  main            d.u.i.k.p.NodeInfo        No instantiation for #61. Probably branch label not up to date in orLeft 
11066      WARN  main            d.u.i.k.p.NodeInfo        No instantiation for #62. Probably branch label not up to date in orLeft 
11066      WARN  main            d.u.i.k.p.NodeInfo        No instantiation for #62. Probably branch label not up to date in orLeft 
11066      WARN  main            d.u.i.k.p.NodeInfo        No instantiation for #63. Probably branch label not up to date in orLeft 
11066      WARN  main            d.u.i.k.p.NodeInfo        No instantiation for #63. Probably branch label not up to date in orLeft 
11066      WARN  main            d.u.i.k.p.NodeInfo        No instantiation for #60. Probably branch label not up to date in orLeft 
11066      WARN  main            d.u.i.k.p.NodeInfo        No instantiation for #60. Probably branch label not up to date in orLeft 
11066      WARN  main            d.u.i.k.p.NodeInfo        No instantiation for #60. Probably branch label not up to date in orLeft 
11066      WARN  main            d.u.i.k.p.NodeInfo        No instantiation for #60. Probably branch label not up to date in orLeft 
11066      WARN  main            d.u.i.k.p.NodeInfo        No instantiation for #61. Probably branch label not up to date in orLeft 
11066      WARN  main            d.u.i.k.p.NodeInfo        No instantiation for #61. Probably branch label not up to date in orLeft 
11067      WARN  main            d.u.i.k.p.NodeInfo        No instantiation for #62. Probably branch label not up to date in orLeft 
11067      WARN  main            d.u.i.k.p.NodeInfo        No instantiation for #62. Probably branch label not up to date in orLeft 
11067      WARN  main            d.u.i.k.p.NodeInfo        No instantiation for #63. Probably branch label not up to date in orLeft 
11067      WARN  main            d.u.i.k.p.NodeInfo        No instantiation for #63. Probably branch label not up to date in orLeft 
11086      WARN  main            d.u.i.k.p.NodeInfo        No instantiation for #60. Probably branch label not up to date in orLeft 
11086      WARN  main            d.u.i.k.p.NodeInfo        No instantiation for #60. Probably branch label not up to date in orLeft 
11086      WARN  main            d.u.i.k.p.NodeInfo        No instantiation for #60. Probably branch label not up to date in orLeft 
11086      WARN  main            d.u.i.k.p.NodeInfo        No instantiation for #60. Probably branch label not up to date in orLeft 
11086      WARN  main            d.u.i.k.p.NodeInfo        No instantiation for #61. Probably branch label not up to date in orLeft 
11086      WARN  main            d.u.i.k.p.NodeInfo        No instantiation for #61. Probably branch label not up to date in orLeft 
11086      WARN  main            d.u.i.k.p.NodeInfo        No instantiation for #62. Probably branch label not up to date in orLeft 
11086      WARN  main            d.u.i.k.p.NodeInfo        No instantiation for #62. Probably branch label not up to date in orLeft 
11086      WARN  main            d.u.i.k.p.NodeInfo        No instantiation for #63. Probably branch label not up to date in orLeft 
11086      WARN  main            d.u.i.k.p.NodeInfo        No instantiation for #63. Probably branch label not up to date in orLeft 
11086      WARN  main            d.u.i.k.p.NodeInfo        No instantiation for #60. Probably branch label not up to date in orLeft 
11086      WARN  main            d.u.i.k.p.NodeInfo        No instantiation for #60. Probably branch label not up to date in orLeft 
11086      WARN  main            d.u.i.k.p.NodeInfo        No instantiation for #60. Probably branch label not up to date in orLeft 
11086      WARN  main            d.u.i.k.p.NodeInfo        No instantiation for #60. Probably branch label not up to date in orLeft 
11087      WARN  main            d.u.i.k.p.NodeInfo        No instantiation for #61. Probably branch label not up to date in orLeft 
11088      WARN  main            d.u.i.k.p.NodeInfo        No instantiation for #61. Probably branch label not up to date in orLeft 
11088      WARN  main            d.u.i.k.p.NodeInfo        No instantiation for #62. Probably branch label not up to date in orLeft 
11090      WARN  main            d.u.i.k.p.NodeInfo        No instantiation for #62. Probably branch label not up to date in orLeft 
11090      WARN  main            d.u.i.k.p.NodeInfo        No instantiation for #63. Probably branch label not up to date in orLeft 
11090      WARN  main            d.u.i.k.p.NodeInfo        No instantiation for #63. Probably branch label not up to date in orLeft 
11098      WARN  main            d.u.i.k.p.NodeInfo        No instantiation for #60. Probably branch label not up to date in orLeft 
11098      WARN  main            d.u.i.k.p.NodeInfo        No instantiation for #60. Probably branch label not up to date in orLeft 
11099      WARN  main            d.u.i.k.p.NodeInfo        No instantiation for #60. Probably branch label not up to date in orLeft 
11100      WARN  main            d.u.i.k.p.NodeInfo        No instantiation for #60. Probably branch label not up to date in orLeft 
11100      WARN  main            d.u.i.k.p.NodeInfo        No instantiation for #61. Probably branch label not up to date in orLeft 
11100      WARN  main            d.u.i.k.p.NodeInfo        No instantiation for #61. Probably branch label not up to date in orLeft 
11100      WARN  main            d.u.i.k.p.NodeInfo        No instantiation for #62. Probably branch label not up to date in orLeft 
11100      WARN  main            d.u.i.k.p.NodeInfo        No instantiation for #62. Probably branch label not up to date in orLeft 
11100      WARN  main            d.u.i.k.p.NodeInfo        No instantiation for #63. Probably branch label not up to date in orLeft 
11101      WARN  main            d.u.i.k.p.NodeInfo        No instantiation for #63. Probably branch label not up to date in orLeft 
11101      WARN  main            d.u.i.k.p.NodeInfo        No instantiation for #60. Probably branch label not up to date in orLeft 
11101      WARN  main            d.u.i.k.p.NodeInfo        No instantiation for #60. Probably branch label not up to date in orLeft 
11101      WARN  main            d.u.i.k.p.NodeInfo        No instantiation for #60. Probably branch label not up to date in orLeft 
11102      WARN  main            d.u.i.k.p.NodeInfo        No instantiation for #60. Probably branch label not up to date in orLeft 
11103      WARN  main            d.u.i.k.p.NodeInfo        No instantiation for #61. Probably branch label not up to date in orLeft 
11108      WARN  main            d.u.i.k.p.NodeInfo        No instantiation for #61. Probably branch label not up to date in orLeft 
11108      WARN  main            d.u.i.k.p.NodeInfo        No instantiation for #62. Probably branch label not up to date in orLeft 
11115      WARN  main            d.u.i.k.p.NodeInfo        No instantiation for #62. Probably branch label not up to date in orLeft 
11115      WARN  main            d.u.i.k.p.NodeInfo        No instantiation for #63. Probably branch label not up to date in orLeft 
11115      WARN  main            d.u.i.k.p.NodeInfo        No instantiation for #63. Probably branch label not up to date in orLeft 
11115      WARN  main            d.u.i.k.p.NodeInfo        No instantiation for #60. Probably branch label not up to date in orLeft 
11115      WARN  main            d.u.i.k.p.NodeInfo        No instantiation for #60. Probably branch label not up to date in orLeft 
11115      WARN  main            d.u.i.k.p.NodeInfo        No instantiation for #60. Probably branch label not up to date in orLeft 
11115      WARN  main            d.u.i.k.p.NodeInfo        No instantiation for #60. Probably branch label not up to date in orLeft 
11115      WARN  main            d.u.i.k.p.NodeInfo        No instantiation for #61. Probably branch label not up to date in orLeft 
11115      WARN  main            d.u.i.k.p.NodeInfo        No instantiation for #61. Probably branch label not up to date in orLeft 
11116      WARN  main            d.u.i.k.p.NodeInfo        No instantiation for #62. Probably branch label not up to date in orLeft 
11116      WARN  main            d.u.i.k.p.NodeInfo        No instantiation for #62. Probably branch label not up to date in orLeft 
11116      WARN  main            d.u.i.k.p.NodeInfo        No instantiation for #63. Probably branch label not up to date in orLeft 
11116      WARN  main            d.u.i.k.p.NodeInfo        No instantiation for #63. Probably branch label not up to date in orLeft 
11116      WARN  main            d.u.i.k.p.NodeInfo        No instantiation for #60. Probably branch label not up to date in orLeft 
11116      WARN  main            d.u.i.k.p.NodeInfo        No instantiation for #60. Probably branch label not up to date in orLeft 
11116      WARN  main            d.u.i.k.p.NodeInfo        No instantiation for #60. Probably branch label not up to date in orLeft 
11116      WARN  main            d.u.i.k.p.NodeInfo        No instantiation for #60. Probably branch label not up to date in orLeft 
11116      WARN  main            d.u.i.k.p.NodeInfo        No instantiation for #61. Probably branch label not up to date in orLeft 
11116      WARN  main            d.u.i.k.p.NodeInfo        No instantiation for #61. Probably branch label not up to date in orLeft 
11116      WARN  main            d.u.i.k.p.NodeInfo        No instantiation for #62. Probably branch label not up to date in orLeft 
11116      WARN  main            d.u.i.k.p.NodeInfo        No instantiation for #62. Probably branch label not up to date in orLeft 
11116      WARN  main            d.u.i.k.p.NodeInfo        No instantiation for #63. Probably branch label not up to date in orLeft 
11116      WARN  main            d.u.i.k.p.NodeInfo        No instantiation for #63. Probably branch label not up to date in orLeft 
11117      WARN  main            d.u.i.k.p.NodeInfo        No instantiation for #60. Probably branch label not up to date in orLeft 
11117      WARN  main            d.u.i.k.p.NodeInfo        No instantiation for #60. Probably branch label not up to date in orLeft 
11117      WARN  main            d.u.i.k.p.NodeInfo        No instantiation for #60. Probably branch label not up to date in orLeft 
11117      WARN  main            d.u.i.k.p.NodeInfo        No instantiation for #60. Probably branch label not up to date in orLeft 
11117      WARN  main            d.u.i.k.p.NodeInfo        No instantiation for #61. Probably branch label not up to date in orLeft 
11117      WARN  main            d.u.i.k.p.NodeInfo        No instantiation for #61. Probably branch label not up to date in orLeft 
11117      WARN  main            d.u.i.k.p.NodeInfo        No instantiation for #62. Probably branch label not up to date in orLeft 
11118      WARN  main            d.u.i.k.p.NodeInfo        No instantiation for #62. Probably branch label not up to date in orLeft 
11118      WARN  main            d.u.i.k.p.NodeInfo        No instantiation for #63. Probably branch label not up to date in orLeft 
11118      WARN  main            d.u.i.k.p.NodeInfo        No instantiation for #63. Probably branch label not up to date in orLeft 
11118      WARN  main            d.u.i.k.p.NodeInfo        No instantiation for #60. Probably branch label not up to date in orLeft 
11118      WARN  main            d.u.i.k.p.NodeInfo        No instantiation for #60. Probably branch label not up to date in orLeft 
11118      WARN  main            d.u.i.k.p.NodeInfo        No instantiation for #60. Probably branch label not up to date in orLeft 
11118      WARN  main            d.u.i.k.p.NodeInfo        No instantiation for #60. Probably branch label not up to date in orLeft 
11118      WARN  main            d.u.i.k.p.NodeInfo        No instantiation for #61. Probably branch label not up to date in orLeft 
11118      WARN  main            d.u.i.k.p.NodeInfo        No instantiation for #61. Probably branch label not up to date in orLeft 
11118      WARN  main            d.u.i.k.p.NodeInfo        No instantiation for #62. Probably branch label not up to date in orLeft 
11118      WARN  main            d.u.i.k.p.NodeInfo        No instantiation for #62. Probably branch label not up to date in orLeft 
11118      WARN  main            d.u.i.k.p.NodeInfo        No instantiation for #63. Probably branch label not up to date in orLeft 
11118      WARN  main            d.u.i.k.p.NodeInfo        No instantiation for #63. Probably branch label not up to date in orLeft 
11137      WARN  main            d.u.i.k.p.NodeInfo        No instantiation for #60. Probably branch label not up to date in orLeft 
11137      WARN  main            d.u.i.k.p.NodeInfo        No instantiation for #60. Probably branch label not up to date in orLeft 
11137      WARN  main            d.u.i.k.p.NodeInfo        No instantiation for #60. Probably branch label not up to date in orLeft 
11137      WARN  main            d.u.i.k.p.NodeInfo        No instantiation for #60. Probably branch label not up to date in orLeft 
11138      WARN  main            d.u.i.k.p.NodeInfo        No instantiation for #61. Probably branch label not up to date in orLeft 
11138      WARN  main            d.u.i.k.p.NodeInfo        No instantiation for #61. Probably branch label not up to date in orLeft 
11138      WARN  main            d.u.i.k.p.NodeInfo        No instantiation for #62. Probably branch label not up to date in orLeft 
11138      WARN  main            d.u.i.k.p.NodeInfo        No instantiation for #62. Probably branch label not up to date in orLeft 
11138      WARN  main            d.u.i.k.p.NodeInfo        No instantiation for #63. Probably branch label not up to date in orLeft 
11138      WARN  main            d.u.i.k.p.NodeInfo        No instantiation for #63. Probably branch label not up to date in orLeft 
11148      WARN  main            d.u.i.k.p.NodeInfo        No instantiation for #60. Probably branch label not up to date in orLeft 
11148      WARN  main            d.u.i.k.p.NodeInfo        No instantiation for #60. Probably branch label not up to date in orLeft 
11148      WARN  main            d.u.i.k.p.NodeInfo        No instantiation for #60. Probably branch label not up to date in orLeft 
11148      WARN  main            d.u.i.k.p.NodeInfo        No instantiation for #60. Probably branch label not up to date in orLeft 
11148      WARN  main            d.u.i.k.p.NodeInfo        No instantiation for #61. Probably branch label not up to date in orLeft 
11148      WARN  main            d.u.i.k.p.NodeInfo        No instantiation for #61. Probably branch label not up to date in orLeft 
11148      WARN  main            d.u.i.k.p.NodeInfo        No instantiation for #62. Probably branch label not up to date in orLeft 
11148      WARN  main            d.u.i.k.p.NodeInfo        No instantiation for #62. Probably branch label not up to date in orLeft 
11148      WARN  main            d.u.i.k.p.NodeInfo        No instantiation for #63. Probably branch label not up to date in orLeft 
11148      WARN  main            d.u.i.k.p.NodeInfo        No instantiation for #63. Probably branch label not up to date in orLeft 
11157      WARN  main            d.u.i.k.p.NodeInfo        No instantiation for #60. Probably branch label not up to date in orLeft 
11157      WARN  main            d.u.i.k.p.NodeInfo        No instantiation for #60. Probably branch label not up to date in orLeft 
11157      WARN  main            d.u.i.k.p.NodeInfo        No instantiation for #60. Probably branch label not up to date in orLeft 
11157      WARN  main            d.u.i.k.p.NodeInfo        No instantiation for #60. Probably branch label not up to date in orLeft 
11157      WARN  main            d.u.i.k.p.NodeInfo        No instantiation for #61. Probably branch label not up to date in orLeft 
11157      WARN  main            d.u.i.k.p.NodeInfo        No instantiation for #61. Probably branch label not up to date in orLeft 
11157      WARN  main            d.u.i.k.p.NodeInfo        No instantiation for #62. Probably branch label not up to date in orLeft 
11157      WARN  main            d.u.i.k.p.NodeInfo        No instantiation for #62. Probably branch label not up to date in orLeft 
11157      WARN  main            d.u.i.k.p.NodeInfo        No instantiation for #63. Probably branch label not up to date in orLeft 
11157      WARN  main            d.u.i.k.p.NodeInfo        No instantiation for #63. Probably branch label not up to date in orLeft 
11164      WARN  main            d.u.i.k.p.NodeInfo        No instantiation for #60. Probably branch label not up to date in orLeft 
11164      WARN  main            d.u.i.k.p.NodeInfo        No instantiation for #60. Probably branch label not up to date in orLeft 
11164      WARN  main            d.u.i.k.p.NodeInfo        No instantiation for #60. Probably branch label not up to date in orLeft 
11164      WARN  main            d.u.i.k.p.NodeInfo        No instantiation for #60. Probably branch label not up to date in orLeft 
11164      WARN  main            d.u.i.k.p.NodeInfo        No instantiation for #61. Probably branch label not up to date in orLeft 
11164      WARN  main            d.u.i.k.p.NodeInfo        No instantiation for #61. Probably branch label not up to date in orLeft 
11164      WARN  main            d.u.i.k.p.NodeInfo        No instantiation for #62. Probably branch label not up to date in orLeft 
11164      WARN  main            d.u.i.k.p.NodeInfo        No instantiation for #62. Probably branch label not up to date in orLeft 
11164      WARN  main            d.u.i.k.p.NodeInfo        No instantiation for #63. Probably branch label not up to date in orLeft 
11164      WARN  main            d.u.i.k.p.NodeInfo        No instantiation for #63. Probably branch label not up to date in orLeft 
11164      WARN  main            d.u.i.k.p.NodeInfo        No instantiation for #60. Probably branch label not up to date in orLeft 
11164      WARN  main            d.u.i.k.p.NodeInfo        No instantiation for #60. Probably branch label not up to date in orLeft 
11164      WARN  main            d.u.i.k.p.NodeInfo        No instantiation for #60. Probably branch label not up to date in orLeft 
11164      WARN  main            d.u.i.k.p.NodeInfo        No instantiation for #60. Probably branch label not up to date in orLeft 
11164      WARN  main            d.u.i.k.p.NodeInfo        No instantiation for #61. Probably branch label not up to date in orLeft 
11164      WARN  main            d.u.i.k.p.NodeInfo        No instantiation for #61. Probably branch label not up to date in orLeft 
11164      WARN  main            d.u.i.k.p.NodeInfo        No instantiation for #62. Probably branch label not up to date in orLeft 
11164      WARN  main            d.u.i.k.p.NodeInfo        No instantiation for #62. Probably branch label not up to date in orLeft 
11164      WARN  main            d.u.i.k.p.NodeInfo        No instantiation for #63. Probably branch label not up to date in orLeft 
11164      WARN  main            d.u.i.k.p.NodeInfo        No instantiation for #63. Probably branch label not up to date in orLeft 
11164      WARN  main            d.u.i.k.p.NodeInfo        No instantiation for #60. Probably branch label not up to date in orLeft 
11164      WARN  main            d.u.i.k.p.NodeInfo        No instantiation for #60. Probably branch label not up to date in orLeft 
11164      WARN  main            d.u.i.k.p.NodeInfo        No instantiation for #60. Probably branch label not up to date in orLeft 
11165      WARN  main            d.u.i.k.p.NodeInfo        No instantiation for #60. Probably branch label not up to date in orLeft 
11165      WARN  main            d.u.i.k.p.NodeInfo        No instantiation for #61. Probably branch label not up to date in orLeft 
11165      WARN  main            d.u.i.k.p.NodeInfo        No instantiation for #61. Probably branch label not up to date in orLeft 
11165      WARN  main            d.u.i.k.p.NodeInfo        No instantiation for #62. Probably branch label not up to date in orLeft 
11165      WARN  main            d.u.i.k.p.NodeInfo        No instantiation for #62. Probably branch label not up to date in orLeft 
11165      WARN  main            d.u.i.k.p.NodeInfo        No instantiation for #63. Probably branch label not up to date in orLeft 
11165      WARN  main            d.u.i.k.p.NodeInfo        No instantiation for #63. Probably branch label not up to date in orLeft 
11185      WARN  main            d.u.i.k.p.NodeInfo        No instantiation for #60. Probably branch label not up to date in orLeft 
11185      WARN  main            d.u.i.k.p.NodeInfo        No instantiation for #60. Probably branch label not up to date in orLeft 
11186      WARN  main            d.u.i.k.p.NodeInfo        No instantiation for #60. Probably branch label not up to date in orLeft 
11186      WARN  main            d.u.i.k.p.NodeInfo        No instantiation for #60. Probably branch label not up to date in orLeft 
11186      WARN  main            d.u.i.k.p.NodeInfo        No instantiation for #61. Probably branch label not up to date in orLeft 
11186      WARN  main            d.u.i.k.p.NodeInfo        No instantiation for #61. Probably branch label not up to date in orLeft 
11186      WARN  main            d.u.i.k.p.NodeInfo        No instantiation for #62. Probably branch label not up to date in orLeft 
11186      WARN  main            d.u.i.k.p.NodeInfo        No instantiation for #62. Probably branch label not up to date in orLeft 
11186      WARN  main            d.u.i.k.p.NodeInfo        No instantiation for #63. Probably branch label not up to date in orLeft 
11186      WARN  main            d.u.i.k.p.NodeInfo        No instantiation for #63. Probably branch label not up to date in orLeft 
11186      WARN  main            d.u.i.k.p.NodeInfo        No instantiation for #60. Probably branch label not up to date in orLeft 
11186      WARN  main            d.u.i.k.p.NodeInfo        No instantiation for #60. Probably branch label not up to date in orLeft 
11187      WARN  main            d.u.i.k.p.NodeInfo        No instantiation for #60. Probably branch label not up to date in orLeft 
11187      WARN  main            d.u.i.k.p.NodeInfo        No instantiation for #60. Probably branch label not up to date in orLeft 
11187      WARN  main            d.u.i.k.p.NodeInfo        No instantiation for #61. Probably branch label not up to date in orLeft 
11187      WARN  main            d.u.i.k.p.NodeInfo        No instantiation for #61. Probably branch label not up to date in orLeft 
11187      WARN  main            d.u.i.k.p.NodeInfo        No instantiation for #62. Probably branch label not up to date in orLeft 
11187      WARN  main            d.u.i.k.p.NodeInfo        No instantiation for #62. Probably branch label not up to date in orLeft 
11188      WARN  main            d.u.i.k.p.NodeInfo        No instantiation for #63. Probably branch label not up to date in orLeft 
11188      WARN  main            d.u.i.k.p.NodeInfo        No instantiation for #63. Probably branch label not up to date in orLeft 
11192      WARN  main            d.u.i.k.p.NodeInfo        No instantiation for #60. Probably branch label not up to date in orLeft 
11192      WARN  main            d.u.i.k.p.NodeInfo        No instantiation for #60. Probably branch label not up to date in orLeft 
11193      WARN  main            d.u.i.k.p.NodeInfo        No instantiation for #60. Probably branch label not up to date in orLeft 
11196      WARN  main            d.u.i.k.p.NodeInfo        No instantiation for #60. Probably branch label not up to date in orLeft 
11197      WARN  main            d.u.i.k.p.NodeInfo        No instantiation for #61. Probably branch label not up to date in orLeft 
11197      WARN  main            d.u.i.k.p.NodeInfo        No instantiation for #61. Probably branch label not up to date in orLeft 
11197      WARN  main            d.u.i.k.p.NodeInfo        No instantiation for #62. Probably branch label not up to date in orLeft 
11197      WARN  main            d.u.i.k.p.NodeInfo        No instantiation for #62. Probably branch label not up to date in orLeft 
11197      WARN  main            d.u.i.k.p.NodeInfo        No instantiation for #63. Probably branch label not up to date in orLeft 
11197      WARN  main            d.u.i.k.p.NodeInfo        No instantiation for #63. Probably branch label not up to date in orLeft 
11197      WARN  main            d.u.i.k.p.NodeInfo        No instantiation for #60. Probably branch label not up to date in orLeft 
11197      WARN  main            d.u.i.k.p.NodeInfo        No instantiation for #60. Probably branch label not up to date in orLeft 
11197      WARN  main            d.u.i.k.p.NodeInfo        No instantiation for #60. Probably branch label not up to date in orLeft 
11197      WARN  main            d.u.i.k.p.NodeInfo        No instantiation for #60. Probably branch label not up to date in orLeft 
11197      WARN  main            d.u.i.k.p.NodeInfo        No instantiation for #61. Probably branch label not up to date in orLeft 
11197      WARN  main            d.u.i.k.p.NodeInfo        No instantiation for #61. Probably branch label not up to date in orLeft 
11197      WARN  main            d.u.i.k.p.NodeInfo        No instantiation for #62. Probably branch label not up to date in orLeft 
11197      WARN  main            d.u.i.k.p.NodeInfo        No instantiation for #62. Probably branch label not up to date in orLeft 
11197      WARN  main            d.u.i.k.p.NodeInfo        No instantiation for #63. Probably branch label not up to date in orLeft 
11197      WARN  main            d.u.i.k.p.NodeInfo        No instantiation for #63. Probably branch label not up to date in orLeft 
11220      WARN  main            d.u.i.k.p.NodeInfo        No instantiation for #60. Probably branch label not up to date in orLeft 
11220      WARN  main            d.u.i.k.p.NodeInfo        No instantiation for #60. Probably branch label not up to date in orLeft 
11220      WARN  main            d.u.i.k.p.NodeInfo        No instantiation for #60. Probably branch label not up to date in orLeft 
11220      WARN  main            d.u.i.k.p.NodeInfo        No instantiation for #60. Probably branch label not up to date in orLeft 
11220      WARN  main            d.u.i.k.p.NodeInfo        No instantiation for #61. Probably branch label not up to date in orLeft 
11220      WARN  main            d.u.i.k.p.NodeInfo        No instantiation for #61. Probably branch label not up to date in orLeft 
11220      WARN  main            d.u.i.k.p.NodeInfo        No instantiation for #62. Probably branch label not up to date in orLeft 
11220      WARN  main            d.u.i.k.p.NodeInfo        No instantiation for #62. Probably branch label not up to date in orLeft 
11220      WARN  main            d.u.i.k.p.NodeInfo        No instantiation for #63. Probably branch label not up to date in orLeft 
11220      WARN  main            d.u.i.k.p.NodeInfo        No instantiation for #63. Probably branch label not up to date in orLeft 
11220      WARN  main            d.u.i.k.p.NodeInfo        No instantiation for #60. Probably branch label not up to date in orLeft 
11220      WARN  main            d.u.i.k.p.NodeInfo        No instantiation for #60. Probably branch label not up to date in orLeft 
11220      WARN  main            d.u.i.k.p.NodeInfo        No instantiation for #60. Probably branch label not up to date in orLeft 
11220      WARN  main            d.u.i.k.p.NodeInfo        No instantiation for #60. Probably branch label not up to date in orLeft 
11220      WARN  main            d.u.i.k.p.NodeInfo        No instantiation for #61. Probably branch label not up to date in orLeft 
11220      WARN  main            d.u.i.k.p.NodeInfo        No instantiation for #61. Probably branch label not up to date in orLeft 
11220      WARN  main            d.u.i.k.p.NodeInfo        No instantiation for #62. Probably branch label not up to date in orLeft 
11220      WARN  main            d.u.i.k.p.NodeInfo        No instantiation for #62. Probably branch label not up to date in orLeft 
11220      WARN  main            d.u.i.k.p.NodeInfo        No instantiation for #63. Probably branch label not up to date in orLeft 
11220      WARN  main            d.u.i.k.p.NodeInfo        No instantiation for #63. Probably branch label not up to date in orLeft 
11230      WARN  main            d.u.i.k.p.NodeInfo        No instantiation for #60. Probably branch label not up to date in orLeft 
11230      WARN  main            d.u.i.k.p.NodeInfo        No instantiation for #60. Probably branch label not up to date in orLeft 
11230      WARN  main            d.u.i.k.p.NodeInfo        No instantiation for #60. Probably branch label not up to date in orLeft 
11230      WARN  main            d.u.i.k.p.NodeInfo        No instantiation for #60. Probably branch label not up to date in orLeft 
11230      WARN  main            d.u.i.k.p.NodeInfo        No instantiation for #61. Probably branch label not up to date in orLeft 
11230      WARN  main            d.u.i.k.p.NodeInfo        No instantiation for #61. Probably branch label not up to date in orLeft 
11230      WARN  main            d.u.i.k.p.NodeInfo        No instantiation for #62. Probably branch label not up to date in orLeft 
11230      WARN  main            d.u.i.k.p.NodeInfo        No instantiation for #62. Probably branch label not up to date in orLeft 
11230      WARN  main            d.u.i.k.p.NodeInfo        No instantiation for #63. Probably branch label not up to date in orLeft 
11230      WARN  main            d.u.i.k.p.NodeInfo        No instantiation for #63. Probably branch label not up to date in orLeft 
11230      WARN  main            d.u.i.k.p.NodeInfo        No instantiation for #60. Probably branch label not up to date in orLeft 
11230      WARN  main            d.u.i.k.p.NodeInfo        No instantiation for #60. Probably branch label not up to date in orLeft 
11230      WARN  main            d.u.i.k.p.NodeInfo        No instantiation for #60. Probably branch label not up to date in orLeft 
11230      WARN  main            d.u.i.k.p.NodeInfo        No instantiation for #60. Probably branch label not up to date in orLeft 
11230      WARN  main            d.u.i.k.p.NodeInfo        No instantiation for #61. Probably branch label not up to date in orLeft 
11230      WARN  main            d.u.i.k.p.NodeInfo        No instantiation for #61. Probably branch label not up to date in orLeft 
11230      WARN  main            d.u.i.k.p.NodeInfo        No instantiation for #62. Probably branch label not up to date in orLeft 
11230      WARN  main            d.u.i.k.p.NodeInfo        No instantiation for #62. Probably branch label not up to date in orLeft 
11230      WARN  main            d.u.i.k.p.NodeInfo        No instantiation for #63. Probably branch label not up to date in orLeft 
11230      WARN  main            d.u.i.k.p.NodeInfo        No instantiation for #63. Probably branch label not up to date in orLeft 
11230      WARN  main            d.u.i.k.p.NodeInfo        No instantiation for #60. Probably branch label not up to date in orLeft 
11230      WARN  main            d.u.i.k.p.NodeInfo        No instantiation for #60. Probably branch label not up to date in orLeft 
11230      WARN  main            d.u.i.k.p.NodeInfo        No instantiation for #60. Probably branch label not up to date in orLeft 
11230      WARN  main            d.u.i.k.p.NodeInfo        No instantiation for #60. Probably branch label not up to date in orLeft 
11230      WARN  main            d.u.i.k.p.NodeInfo        No instantiation for #61. Probably branch label not up to date in orLeft 
11230      WARN  main            d.u.i.k.p.NodeInfo        No instantiation for #61. Probably branch label not up to date in orLeft 
11230      WARN  main            d.u.i.k.p.NodeInfo        No instantiation for #62. Probably branch label not up to date in orLeft 
11230      WARN  main            d.u.i.k.p.NodeInfo        No instantiation for #62. Probably branch label not up to date in orLeft 
11230      WARN  main            d.u.i.k.p.NodeInfo        No instantiation for #63. Probably branch label not up to date in orLeft 
11230      WARN  main            d.u.i.k.p.NodeInfo        No instantiation for #63. Probably branch label not up to date in orLeft 
11231      WARN  main            d.u.i.k.p.NodeInfo        No instantiation for #60. Probably branch label not up to date in orLeft 
11231      WARN  main            d.u.i.k.p.NodeInfo        No instantiation for #60. Probably branch label not up to date in orLeft 
11231      WARN  main            d.u.i.k.p.NodeInfo        No instantiation for #60. Probably branch label not up to date in orLeft 
11231      WARN  main            d.u.i.k.p.NodeInfo        No instantiation for #60. Probably branch label not up to date in orLeft 
11231      WARN  main            d.u.i.k.p.NodeInfo        No instantiation for #61. Probably branch label not up to date in orLeft 
11231      WARN  main            d.u.i.k.p.NodeInfo        No instantiation for #61. Probably branch label not up to date in orLeft 
11231      WARN  main            d.u.i.k.p.NodeInfo        No instantiation for #62. Probably branch label not up to date in orLeft 
11231      WARN  main            d.u.i.k.p.NodeInfo        No instantiation for #62. Probably branch label not up to date in orLeft 
11231      WARN  main            d.u.i.k.p.NodeInfo        No instantiation for #63. Probably branch label not up to date in orLeft 
11231      WARN  main            d.u.i.k.p.NodeInfo        No instantiation for #63. Probably branch label not up to date in orLeft 
11231      WARN  main            d.u.i.k.p.NodeInfo        No instantiation for #60. Probably branch label not up to date in orLeft 
11231      WARN  main            d.u.i.k.p.NodeInfo        No instantiation for #60. Probably branch label not up to date in orLeft 
11231      WARN  main            d.u.i.k.p.NodeInfo        No instantiation for #60. Probably branch label not up to date in orLeft 
11231      WARN  main            d.u.i.k.p.NodeInfo        No instantiation for #60. Probably branch label not up to date in orLeft 
11231      WARN  main            d.u.i.k.p.NodeInfo        No instantiation for #61. Probably branch label not up to date in orLeft 
11231      WARN  main            d.u.i.k.p.NodeInfo        No instantiation for #61. Probably branch label not up to date in orLeft 
11231      WARN  main            d.u.i.k.p.NodeInfo        No instantiation for #62. Probably branch label not up to date in orLeft 
11231      WARN  main            d.u.i.k.p.NodeInfo        No instantiation for #62. Probably branch label not up to date in orLeft 
11231      WARN  main            d.u.i.k.p.NodeInfo        No instantiation for #63. Probably branch label not up to date in orLeft 
11231      WARN  main            d.u.i.k.p.NodeInfo        No instantiation for #63. Probably branch label not up to date in orLeft 
11231      WARN  main            d.u.i.k.p.NodeInfo        No instantiation for #60. Probably branch label not up to date in orLeft 
11231      WARN  main            d.u.i.k.p.NodeInfo        No instantiation for #60. Probably branch label not up to date in orLeft 
11231      WARN  main            d.u.i.k.p.NodeInfo        No instantiation for #60. Probably branch label not up to date in orLeft 
11231      WARN  main            d.u.i.k.p.NodeInfo        No instantiation for #60. Probably branch label not up to date in orLeft 
11231      WARN  main            d.u.i.k.p.NodeInfo        No instantiation for #61. Probably branch label not up to date in orLeft 
11231      WARN  main            d.u.i.k.p.NodeInfo        No instantiation for #61. Probably branch label not up to date in orLeft 
11231      WARN  main            d.u.i.k.p.NodeInfo        No instantiation for #62. Probably branch label not up to date in orLeft 
11231      WARN  main            d.u.i.k.p.NodeInfo        No instantiation for #62. Probably branch label not up to date in orLeft 
11231      WARN  main            d.u.i.k.p.NodeInfo        No instantiation for #63. Probably branch label not up to date in orLeft 
11231      WARN  main            d.u.i.k.p.NodeInfo        No instantiation for #63. Probably branch label not up to date in orLeft 
11231      WARN  main            d.u.i.k.p.NodeInfo        No instantiation for #60. Probably branch label not up to date in orLeft 
11233      WARN  main            d.u.i.k.p.NodeInfo        No instantiation for #60. Probably branch label not up to date in orLeft 
11233      WARN  main            d.u.i.k.p.NodeInfo        No instantiation for #60. Probably branch label not up to date in orLeft 
11233      WARN  main            d.u.i.k.p.NodeInfo        No instantiation for #60. Probably branch label not up to date in orLeft 
11233      WARN  main            d.u.i.k.p.NodeInfo        No instantiation for #61. Probably branch label not up to date in orLeft 
11233      WARN  main            d.u.i.k.p.NodeInfo        No instantiation for #61. Probably branch label not up to date in orLeft 
11233      WARN  main            d.u.i.k.p.NodeInfo        No instantiation for #62. Probably branch label not up to date in orLeft 
11233      WARN  main            d.u.i.k.p.NodeInfo        No instantiation for #62. Probably branch label not up to date in orLeft 
11233      WARN  main            d.u.i.k.p.NodeInfo        No instantiation for #63. Probably branch label not up to date in orLeft 
11233      WARN  main            d.u.i.k.p.NodeInfo        No instantiation for #63. Probably branch label not up to date in orLeft 
11233      WARN  main            d.u.i.k.p.NodeInfo        No instantiation for #60. Probably branch label not up to date in orLeft 
11233      WARN  main            d.u.i.k.p.NodeInfo        No instantiation for #60. Probably branch label not up to date in orLeft 
11233      WARN  main            d.u.i.k.p.NodeInfo        No instantiation for #60. Probably branch label not up to date in orLeft 
11233      WARN  main            d.u.i.k.p.NodeInfo        No instantiation for #60. Probably branch label not up to date in orLeft 
11233      WARN  main            d.u.i.k.p.NodeInfo        No instantiation for #61. Probably branch label not up to date in orLeft 
11233      WARN  main            d.u.i.k.p.NodeInfo        No instantiation for #61. Probably branch label not up to date in orLeft 
11233      WARN  main            d.u.i.k.p.NodeInfo        No instantiation for #62. Probably branch label not up to date in orLeft 
11233      WARN  main            d.u.i.k.p.NodeInfo        No instantiation for #62. Probably branch label not up to date in orLeft 
11233      WARN  main            d.u.i.k.p.NodeInfo        No instantiation for #63. Probably branch label not up to date in orLeft 
11233      WARN  main            d.u.i.k.p.NodeInfo        No instantiation for #63. Probably branch label not up to date in orLeft 
11234      WARN  main            d.u.i.k.p.NodeInfo        No instantiation for #60. Probably branch label not up to date in orLeft 
11234      WARN  main            d.u.i.k.p.NodeInfo        No instantiation for #60. Probably branch label not up to date in orLeft 
11234      WARN  main            d.u.i.k.p.NodeInfo        No instantiation for #60. Probably branch label not up to date in orLeft 
11234      WARN  main            d.u.i.k.p.NodeInfo        No instantiation for #60. Probably branch label not up to date in orLeft 
11234      WARN  main            d.u.i.k.p.NodeInfo        No instantiation for #61. Probably branch label not up to date in orLeft 
11234      WARN  main            d.u.i.k.p.NodeInfo        No instantiation for #61. Probably branch label not up to date in orLeft 
11234      WARN  main            d.u.i.k.p.NodeInfo        No instantiation for #62. Probably branch label not up to date in orLeft 
11234      WARN  main            d.u.i.k.p.NodeInfo        No instantiation for #62. Probably branch label not up to date in orLeft 
11234      WARN  main            d.u.i.k.p.NodeInfo        No instantiation for #63. Probably branch label not up to date in orLeft 
11234      WARN  main            d.u.i.k.p.NodeInfo        No instantiation for #63. Probably branch label not up to date in orLeft 
11236      WARN  main            d.u.i.k.p.NodeInfo        No instantiation for #60. Probably branch label not up to date in orLeft 
11236      WARN  main            d.u.i.k.p.NodeInfo        No instantiation for #60. Probably branch label not up to date in orLeft 
11236      WARN  main            d.u.i.k.p.NodeInfo        No instantiation for #60. Probably branch label not up to date in orLeft 
11236      WARN  main            d.u.i.k.p.NodeInfo        No instantiation for #60. Probably branch label not up to date in orLeft 
11236      WARN  main            d.u.i.k.p.NodeInfo        No instantiation for #61. Probably branch label not up to date in orLeft 
11236      WARN  main            d.u.i.k.p.NodeInfo        No instantiation for #61. Probably branch label not up to date in orLeft 
11237      WARN  main            d.u.i.k.p.NodeInfo        No instantiation for #62. Probably branch label not up to date in orLeft 
11237      WARN  main            d.u.i.k.p.NodeInfo        No instantiation for #62. Probably branch label not up to date in orLeft 
11237      WARN  main            d.u.i.k.p.NodeInfo        No instantiation for #63. Probably branch label not up to date in orLeft 
11237      WARN  main            d.u.i.k.p.NodeInfo        No instantiation for #63. Probably branch label not up to date in orLeft 
11244      WARN  main            d.u.i.k.p.NodeInfo        No instantiation for #60. Probably branch label not up to date in orLeft 
11244      WARN  main            d.u.i.k.p.NodeInfo        No instantiation for #60. Probably branch label not up to date in orLeft 
11244      WARN  main            d.u.i.k.p.NodeInfo        No instantiation for #60. Probably branch label not up to date in orLeft 
11244      WARN  main            d.u.i.k.p.NodeInfo        No instantiation for #60. Probably branch label not up to date in orLeft 
11244      WARN  main            d.u.i.k.p.NodeInfo        No instantiation for #61. Probably branch label not up to date in orLeft 
11244      WARN  main            d.u.i.k.p.NodeInfo        No instantiation for #61. Probably branch label not up to date in orLeft 
11244      WARN  main            d.u.i.k.p.NodeInfo        No instantiation for #62. Probably branch label not up to date in orLeft 
11244      WARN  main            d.u.i.k.p.NodeInfo        No instantiation for #62. Probably branch label not up to date in orLeft 
11244      WARN  main            d.u.i.k.p.NodeInfo        No instantiation for #63. Probably branch label not up to date in orLeft 
11244      WARN  main            d.u.i.k.p.NodeInfo        No instantiation for #63. Probably branch label not up to date in orLeft 
11244      WARN  main            d.u.i.k.p.NodeInfo        No instantiation for #60. Probably branch label not up to date in orLeft 
11244      WARN  main            d.u.i.k.p.NodeInfo        No instantiation for #60. Probably branch label not up to date in orLeft 
11244      WARN  main            d.u.i.k.p.NodeInfo        No instantiation for #60. Probably branch label not up to date in orLeft 
11244      WARN  main            d.u.i.k.p.NodeInfo        No instantiation for #60. Probably branch label not up to date in orLeft 
11244      WARN  main            d.u.i.k.p.NodeInfo        No instantiation for #61. Probably branch label not up to date in orLeft 
11244      WARN  main            d.u.i.k.p.NodeInfo        No instantiation for #61. Probably branch label not up to date in orLeft 
11245      WARN  main            d.u.i.k.p.NodeInfo        No instantiation for #62. Probably branch label not up to date in orLeft 
11245      WARN  main            d.u.i.k.p.NodeInfo        No instantiation for #62. Probably branch label not up to date in orLeft 
11245      WARN  main            d.u.i.k.p.NodeInfo        No instantiation for #63. Probably branch label not up to date in orLeft 
11245      WARN  main            d.u.i.k.p.NodeInfo        No instantiation for #63. Probably branch label not up to date in orLeft 
11252      WARN  main            d.u.i.k.p.NodeInfo        No instantiation for #60. Probably branch label not up to date in orLeft 
11252      WARN  main            d.u.i.k.p.NodeInfo        No instantiation for #60. Probably branch label not up to date in orLeft 
11252      WARN  main            d.u.i.k.p.NodeInfo        No instantiation for #60. Probably branch label not up to date in orLeft 
11252      WARN  main            d.u.i.k.p.NodeInfo        No instantiation for #60. Probably branch label not up to date in orLeft 
11252      WARN  main            d.u.i.k.p.NodeInfo        No instantiation for #61. Probably branch label not up to date in orLeft 
11252      WARN  main            d.u.i.k.p.NodeInfo        No instantiation for #61. Probably branch label not up to date in orLeft 
11252      WARN  main            d.u.i.k.p.NodeInfo        No instantiation for #62. Probably branch label not up to date in orLeft 
11252      WARN  main            d.u.i.k.p.NodeInfo        No instantiation for #62. Probably branch label not up to date in orLeft 
11252      WARN  main            d.u.i.k.p.NodeInfo        No instantiation for #63. Probably branch label not up to date in orLeft 
11252      WARN  main            d.u.i.k.p.NodeInfo        No instantiation for #63. Probably branch label not up to date in orLeft 
11252      WARN  main            d.u.i.k.p.NodeInfo        No instantiation for #60. Probably branch label not up to date in orLeft 
11252      WARN  main            d.u.i.k.p.NodeInfo        No instantiation for #60. Probably branch label not up to date in orLeft 
11252      WARN  main            d.u.i.k.p.NodeInfo        No instantiation for #60. Probably branch label not up to date in orLeft 
11253      WARN  main            d.u.i.k.p.NodeInfo        No instantiation for #60. Probably branch label not up to date in orLeft 
11253      WARN  main            d.u.i.k.p.NodeInfo        No instantiation for #61. Probably branch label not up to date in orLeft 
11253      WARN  main            d.u.i.k.p.NodeInfo        No instantiation for #61. Probably branch label not up to date in orLeft 
11253      WARN  main            d.u.i.k.p.NodeInfo        No instantiation for #62. Probably branch label not up to date in orLeft 
11253      WARN  main            d.u.i.k.p.NodeInfo        No instantiation for #62. Probably branch label not up to date in orLeft 
11253      WARN  main            d.u.i.k.p.NodeInfo        No instantiation for #63. Probably branch label not up to date in orLeft 
11253      WARN  main            d.u.i.k.p.NodeInfo        No instantiation for #63. Probably branch label not up to date in orLeft 
11253      WARN  main            d.u.i.k.p.NodeInfo        No instantiation for #60. Probably branch label not up to date in orLeft 
11253      WARN  main            d.u.i.k.p.NodeInfo        No instantiation for #60. Probably branch label not up to date in orLeft 
11253      WARN  main            d.u.i.k.p.NodeInfo        No instantiation for #60. Probably branch label not up to date in orLeft 
11253      WARN  main            d.u.i.k.p.NodeInfo        No instantiation for #60. Probably branch label not up to date in orLeft 
11253      WARN  main            d.u.i.k.p.NodeInfo        No instantiation for #61. Probably branch label not up to date in orLeft 
11253      WARN  main            d.u.i.k.p.NodeInfo        No instantiation for #61. Probably branch label not up to date in orLeft 
11253      WARN  main            d.u.i.k.p.NodeInfo        No instantiation for #62. Probably branch label not up to date in orLeft 
11253      WARN  main            d.u.i.k.p.NodeInfo        No instantiation for #62. Probably branch label not up to date in orLeft 
11253      WARN  main            d.u.i.k.p.NodeInfo        No instantiation for #63. Probably branch label not up to date in orLeft 
11253      WARN  main            d.u.i.k.p.NodeInfo        No instantiation for #63. Probably branch label not up to date in orLeft 
11253      WARN  main            d.u.i.k.p.NodeInfo        No instantiation for #60. Probably branch label not up to date in orLeft 
11253      WARN  main            d.u.i.k.p.NodeInfo        No instantiation for #60. Probably branch label not up to date in orLeft 
11253      WARN  main            d.u.i.k.p.NodeInfo        No instantiation for #60. Probably branch label not up to date in orLeft 
11253      WARN  main            d.u.i.k.p.NodeInfo        No instantiation for #60. Probably branch label not up to date in orLeft 
11253      WARN  main            d.u.i.k.p.NodeInfo        No instantiation for #61. Probably branch label not up to date in orLeft 
11253      WARN  main            d.u.i.k.p.NodeInfo        No instantiation for #61. Probably branch label not up to date in orLeft 
11253      WARN  main            d.u.i.k.p.NodeInfo        No instantiation for #62. Probably branch label not up to date in orLeft 
11253      WARN  main            d.u.i.k.p.NodeInfo        No instantiation for #62. Probably branch label not up to date in orLeft 
11253      WARN  main            d.u.i.k.p.NodeInfo        No instantiation for #63. Probably branch label not up to date in orLeft 
11253      WARN  main            d.u.i.k.p.NodeInfo        No instantiation for #63. Probably branch label not up to date in orLeft 
11253      WARN  main            d.u.i.k.p.NodeInfo        No instantiation for #60. Probably branch label not up to date in orLeft 
11253      WARN  main            d.u.i.k.p.NodeInfo        No instantiation for #60. Probably branch label not up to date in orLeft 
11253      WARN  main            d.u.i.k.p.NodeInfo        No instantiation for #60. Probably branch label not up to date in orLeft 
11253      WARN  main            d.u.i.k.p.NodeInfo        No instantiation for #60. Probably branch label not up to date in orLeft 
11253      WARN  main            d.u.i.k.p.NodeInfo        No instantiation for #61. Probably branch label not up to date in orLeft 
11253      WARN  main            d.u.i.k.p.NodeInfo        No instantiation for #61. Probably branch label not up to date in orLeft 
11253      WARN  main            d.u.i.k.p.NodeInfo        No instantiation for #62. Probably branch label not up to date in orLeft 
11253      WARN  main            d.u.i.k.p.NodeInfo        No instantiation for #62. Probably branch label not up to date in orLeft 
11253      WARN  main            d.u.i.k.p.NodeInfo        No instantiation for #63. Probably branch label not up to date in orLeft 
11253      WARN  main            d.u.i.k.p.NodeInfo        No instantiation for #63. Probably branch label not up to date in orLeft 
11253      WARN  main            d.u.i.k.p.NodeInfo        No instantiation for #60. Probably branch label not up to date in orLeft 
11253      WARN  main            d.u.i.k.p.NodeInfo        No instantiation for #60. Probably branch label not up to date in orLeft 
11253      WARN  main            d.u.i.k.p.NodeInfo        No instantiation for #60. Probably branch label not up to date in orLeft 
11253      WARN  main            d.u.i.k.p.NodeInfo        No instantiation for #60. Probably branch label not up to date in orLeft 
11253      WARN  main            d.u.i.k.p.NodeInfo        No instantiation for #61. Probably branch label not up to date in orLeft 
11253      WARN  main            d.u.i.k.p.NodeInfo        No instantiation for #61. Probably branch label not up to date in orLeft 
11253      WARN  main            d.u.i.k.p.NodeInfo        No instantiation for #62. Probably branch label not up to date in orLeft 
11253      WARN  main            d.u.i.k.p.NodeInfo        No instantiation for #62. Probably branch label not up to date in orLeft 
11253      WARN  main            d.u.i.k.p.NodeInfo        No instantiation for #63. Probably branch label not up to date in orLeft 
11253      WARN  main            d.u.i.k.p.NodeInfo        No instantiation for #63. Probably branch label not up to date in orLeft 
11253      WARN  main            d.u.i.k.p.NodeInfo        No instantiation for #60. Probably branch label not up to date in orLeft 
11253      WARN  main            d.u.i.k.p.NodeInfo        No instantiation for #60. Probably branch label not up to date in orLeft 
11253      WARN  main            d.u.i.k.p.NodeInfo        No instantiation for #60. Probably branch label not up to date in orLeft 
11253      WARN  main            d.u.i.k.p.NodeInfo        No instantiation for #60. Probably branch label not up to date in orLeft 
11253      WARN  main            d.u.i.k.p.NodeInfo        No instantiation for #61. Probably branch label not up to date in orLeft 
11253      WARN  main            d.u.i.k.p.NodeInfo        No instantiation for #61. Probably branch label not up to date in orLeft 
11253      WARN  main            d.u.i.k.p.NodeInfo        No instantiation for #62. Probably branch label not up to date in orLeft 
11253      WARN  main            d.u.i.k.p.NodeInfo        No instantiation for #62. Probably branch label not up to date in orLeft 
11253      WARN  main            d.u.i.k.p.NodeInfo        No instantiation for #63. Probably branch label not up to date in orLeft 
11253      WARN  main            d.u.i.k.p.NodeInfo        No instantiation for #63. Probably branch label not up to date in orLeft 
11253      WARN  main            d.u.i.k.p.NodeInfo        No instantiation for #60. Probably branch label not up to date in orLeft 
11253      WARN  main            d.u.i.k.p.NodeInfo        No instantiation for #60. Probably branch label not up to date in orLeft 
11253      WARN  main            d.u.i.k.p.NodeInfo        No instantiation for #60. Probably branch label not up to date in orLeft 
11253      WARN  main            d.u.i.k.p.NodeInfo        No instantiation for #60. Probably branch label not up to date in orLeft 
11253      WARN  main            d.u.i.k.p.NodeInfo        No instantiation for #61. Probably branch label not up to date in orLeft 
11253      WARN  main            d.u.i.k.p.NodeInfo        No instantiation for #61. Probably branch label not up to date in orLeft 
11253      WARN  main            d.u.i.k.p.NodeInfo        No instantiation for #62. Probably branch label not up to date in orLeft 
11253      WARN  main            d.u.i.k.p.NodeInfo        No instantiation for #62. Probably branch label not up to date in orLeft 
11253      WARN  main            d.u.i.k.p.NodeInfo        No instantiation for #63. Probably branch label not up to date in orLeft 
11253      WARN  main            d.u.i.k.p.NodeInfo        No instantiation for #63. Probably branch label not up to date in orLeft 
11262      WARN  main            d.u.i.k.p.NodeInfo        No instantiation for #60. Probably branch label not up to date in orLeft 
11262      WARN  main            d.u.i.k.p.NodeInfo        No instantiation for #60. Probably branch label not up to date in orLeft 
11262      WARN  main            d.u.i.k.p.NodeInfo        No instantiation for #60. Probably branch label not up to date in orLeft 
11262      WARN  main            d.u.i.k.p.NodeInfo        No instantiation for #60. Probably branch label not up to date in orLeft 
11262      WARN  main            d.u.i.k.p.NodeInfo        No instantiation for #61. Probably branch label not up to date in orLeft 
11262      WARN  main            d.u.i.k.p.NodeInfo        No instantiation for #61. Probably branch label not up to date in orLeft 
11262      WARN  main            d.u.i.k.p.NodeInfo        No instantiation for #62. Probably branch label not up to date in orLeft 
11262      WARN  main            d.u.i.k.p.NodeInfo        No instantiation for #62. Probably branch label not up to date in orLeft 
11262      WARN  main            d.u.i.k.p.NodeInfo        No instantiation for #63. Probably branch label not up to date in orLeft 
11262      WARN  main            d.u.i.k.p.NodeInfo        No instantiation for #63. Probably branch label not up to date in orLeft 
11262      WARN  main            d.u.i.k.p.NodeInfo        No instantiation for #60. Probably branch label not up to date in orLeft 
11262      WARN  main            d.u.i.k.p.NodeInfo        No instantiation for #60. Probably branch label not up to date in orLeft 
11262      WARN  main            d.u.i.k.p.NodeInfo        No instantiation for #60. Probably branch label not up to date in orLeft 
11262      WARN  main            d.u.i.k.p.NodeInfo        No instantiation for #60. Probably branch label not up to date in orLeft 
11262      WARN  main            d.u.i.k.p.NodeInfo        No instantiation for #61. Probably branch label not up to date in orLeft 
11262      WARN  main            d.u.i.k.p.NodeInfo        No instantiation for #61. Probably branch label not up to date in orLeft 
11262      WARN  main            d.u.i.k.p.NodeInfo        No instantiation for #62. Probably branch label not up to date in orLeft 
11262      WARN  main            d.u.i.k.p.NodeInfo        No instantiation for #62. Probably branch label not up to date in orLeft 
11262      WARN  main            d.u.i.k.p.NodeInfo        No instantiation for #63. Probably branch label not up to date in orLeft 
11262      WARN  main            d.u.i.k.p.NodeInfo        No instantiation for #63. Probably branch label not up to date in orLeft 
11275      WARN  main            d.u.i.k.p.NodeInfo        No instantiation for #60. Probably branch label not up to date in orLeft 
11275      WARN  main            d.u.i.k.p.NodeInfo        No instantiation for #60. Probably branch label not up to date in orLeft 
11275      WARN  main            d.u.i.k.p.NodeInfo        No instantiation for #60. Probably branch label not up to date in orLeft 
11275      WARN  main            d.u.i.k.p.NodeInfo        No instantiation for #60. Probably branch label not up to date in orLeft 
11275      WARN  main            d.u.i.k.p.NodeInfo        No instantiation for #61. Probably branch label not up to date in orLeft 
11275      WARN  main            d.u.i.k.p.NodeInfo        No instantiation for #61. Probably branch label not up to date in orLeft 
11275      WARN  main            d.u.i.k.p.NodeInfo        No instantiation for #62. Probably branch label not up to date in orLeft 
11275      WARN  main            d.u.i.k.p.NodeInfo        No instantiation for #62. Probably branch label not up to date in orLeft 
11275      WARN  main            d.u.i.k.p.NodeInfo        No instantiation for #63. Probably branch label not up to date in orLeft 
11275      WARN  main            d.u.i.k.p.NodeInfo        No instantiation for #63. Probably branch label not up to date in orLeft 
11275      WARN  main            d.u.i.k.p.NodeInfo        No instantiation for #60. Probably branch label not up to date in orLeft 
11275      WARN  main            d.u.i.k.p.NodeInfo        No instantiation for #60. Probably branch label not up to date in orLeft 
11275      WARN  main            d.u.i.k.p.NodeInfo        No instantiation for #60. Probably branch label not up to date in orLeft 
11275      WARN  main            d.u.i.k.p.NodeInfo        No instantiation for #60. Probably branch label not up to date in orLeft 
11275      WARN  main            d.u.i.k.p.NodeInfo        No instantiation for #61. Probably branch label not up to date in orLeft 
11275      WARN  main            d.u.i.k.p.NodeInfo        No instantiation for #61. Probably branch label not up to date in orLeft 
11276      WARN  main            d.u.i.k.p.NodeInfo        No instantiation for #62. Probably branch label not up to date in orLeft 
11276      WARN  main            d.u.i.k.p.NodeInfo        No instantiation for #62. Probably branch label not up to date in orLeft 
11276      WARN  main            d.u.i.k.p.NodeInfo        No instantiation for #63. Probably branch label not up to date in orLeft 
11276      WARN  main            d.u.i.k.p.NodeInfo        No instantiation for #63. Probably branch label not up to date in orLeft 
11276      WARN  main            d.u.i.k.p.NodeInfo        No instantiation for #60. Probably branch label not up to date in orLeft 
11276      WARN  main            d.u.i.k.p.NodeInfo        No instantiation for #60. Probably branch label not up to date in orLeft 
11276      WARN  main            d.u.i.k.p.NodeInfo        No instantiation for #60. Probably branch label not up to date in orLeft 
11276      WARN  main            d.u.i.k.p.NodeInfo        No instantiation for #60. Probably branch label not up to date in orLeft 
11276      WARN  main            d.u.i.k.p.NodeInfo        No instantiation for #61. Probably branch label not up to date in orLeft 
11276      WARN  main            d.u.i.k.p.NodeInfo        No instantiation for #61. Probably branch label not up to date in orLeft 
11276      WARN  main            d.u.i.k.p.NodeInfo        No instantiation for #62. Probably branch label not up to date in orLeft 
11276      WARN  main            d.u.i.k.p.NodeInfo        No instantiation for #62. Probably branch label not up to date in orLeft 
11276      WARN  main            d.u.i.k.p.NodeInfo        No instantiation for #63. Probably branch label not up to date in orLeft 
11276      WARN  main            d.u.i.k.p.NodeInfo        No instantiation for #63. Probably branch label not up to date in orLeft 
11276      WARN  main            d.u.i.k.p.NodeInfo        No instantiation for #60. Probably branch label not up to date in orLeft 
11276      WARN  main            d.u.i.k.p.NodeInfo        No instantiation for #60. Probably branch label not up to date in orLeft 
11276      WARN  main            d.u.i.k.p.NodeInfo        No instantiation for #60. Probably branch label not up to date in orLeft 
11276      WARN  main            d.u.i.k.p.NodeInfo        No instantiation for #60. Probably branch label not up to date in orLeft 
11276      WARN  main            d.u.i.k.p.NodeInfo        No instantiation for #61. Probably branch label not up to date in orLeft 
11276      WARN  main            d.u.i.k.p.NodeInfo        No instantiation for #61. Probably branch label not up to date in orLeft 
11276      WARN  main            d.u.i.k.p.NodeInfo        No instantiation for #62. Probably branch label not up to date in orLeft 
11276      WARN  main            d.u.i.k.p.NodeInfo        No instantiation for #62. Probably branch label not up to date in orLeft 
11276      WARN  main            d.u.i.k.p.NodeInfo        No instantiation for #63. Probably branch label not up to date in orLeft 
11276      WARN  main            d.u.i.k.p.NodeInfo        No instantiation for #63. Probably branch label not up to date in orLeft 
11276      WARN  main            d.u.i.k.p.NodeInfo        No instantiation for #60. Probably branch label not up to date in orLeft 
11276      WARN  main            d.u.i.k.p.NodeInfo        No instantiation for #60. Probably branch label not up to date in orLeft 
11276      WARN  main            d.u.i.k.p.NodeInfo        No instantiation for #60. Probably branch label not up to date in orLeft 
11276      WARN  main            d.u.i.k.p.NodeInfo        No instantiation for #60. Probably branch label not up to date in orLeft 
11276      WARN  main            d.u.i.k.p.NodeInfo        No instantiation for #61. Probably branch label not up to date in orLeft 
11276      WARN  main            d.u.i.k.p.NodeInfo        No instantiation for #61. Probably branch label not up to date in orLeft 
11276      WARN  main            d.u.i.k.p.NodeInfo        No instantiation for #62. Probably branch label not up to date in orLeft 
11276      WARN  main            d.u.i.k.p.NodeInfo        No instantiation for #62. Probably branch label not up to date in orLeft 
11276      WARN  main            d.u.i.k.p.NodeInfo        No instantiation for #63. Probably branch label not up to date in orLeft 
11276      WARN  main            d.u.i.k.p.NodeInfo        No instantiation for #63. Probably branch label not up to date in orLeft 
11277      WARN  main            d.u.i.k.p.NodeInfo        No instantiation for #60. Probably branch label not up to date in orLeft 
11277      WARN  main            d.u.i.k.p.NodeInfo        No instantiation for #60. Probably branch label not up to date in orLeft 
11280      WARN  main            d.u.i.k.p.NodeInfo        No instantiation for #60. Probably branch label not up to date in orLeft 
11281      WARN  main            d.u.i.k.p.NodeInfo        No instantiation for #60. Probably branch label not up to date in orLeft 
11281      WARN  main            d.u.i.k.p.NodeInfo        No instantiation for #61. Probably branch label not up to date in orLeft 
11281      WARN  main            d.u.i.k.p.NodeInfo        No instantiation for #61. Probably branch label not up to date in orLeft 
11281      WARN  main            d.u.i.k.p.NodeInfo        No instantiation for #62. Probably branch label not up to date in orLeft 
11281      WARN  main            d.u.i.k.p.NodeInfo        No instantiation for #62. Probably branch label not up to date in orLeft 
11281      WARN  main            d.u.i.k.p.NodeInfo        No instantiation for #63. Probably branch label not up to date in orLeft 
11281      WARN  main            d.u.i.k.p.NodeInfo        No instantiation for #63. Probably branch label not up to date in orLeft 
11289      WARN  main            d.u.i.k.p.NodeInfo        No instantiation for #60. Probably branch label not up to date in orLeft 
11289      WARN  main            d.u.i.k.p.NodeInfo        No instantiation for #60. Probably branch label not up to date in orLeft 
11289      WARN  main            d.u.i.k.p.NodeInfo        No instantiation for #60. Probably branch label not up to date in orLeft 
11289      WARN  main            d.u.i.k.p.NodeInfo        No instantiation for #60. Probably branch label not up to date in orLeft 
11289      WARN  main            d.u.i.k.p.NodeInfo        No instantiation for #61. Probably branch label not up to date in orLeft 
11289      WARN  main            d.u.i.k.p.NodeInfo        No instantiation for #61. Probably branch label not up to date in orLeft 
11289      WARN  main            d.u.i.k.p.NodeInfo        No instantiation for #62. Probably branch label not up to date in orLeft 
11289      WARN  main            d.u.i.k.p.NodeInfo        No instantiation for #62. Probably branch label not up to date in orLeft 
11289      WARN  main            d.u.i.k.p.NodeInfo        No instantiation for #63. Probably branch label not up to date in orLeft 
11289      WARN  main            d.u.i.k.p.NodeInfo        No instantiation for #63. Probably branch label not up to date in orLeft 
11289      WARN  main            d.u.i.k.p.NodeInfo        No instantiation for #60. Probably branch label not up to date in orLeft 
11289      WARN  main            d.u.i.k.p.NodeInfo        No instantiation for #60. Probably branch label not up to date in orLeft 
11289      WARN  main            d.u.i.k.p.NodeInfo        No instantiation for #60. Probably branch label not up to date in orLeft 
11289      WARN  main            d.u.i.k.p.NodeInfo        No instantiation for #60. Probably branch label not up to date in orLeft 
11289      WARN  main            d.u.i.k.p.NodeInfo        No instantiation for #61. Probably branch label not up to date in orLeft 
11289      WARN  main            d.u.i.k.p.NodeInfo        No instantiation for #61. Probably branch label not up to date in orLeft 
11289      WARN  main            d.u.i.k.p.NodeInfo        No instantiation for #62. Probably branch label not up to date in orLeft 
11289      WARN  main            d.u.i.k.p.NodeInfo        No instantiation for #62. Probably branch label not up to date in orLeft 
11289      WARN  main            d.u.i.k.p.NodeInfo        No instantiation for #63. Probably branch label not up to date in orLeft 
11289      WARN  main            d.u.i.k.p.NodeInfo        No instantiation for #63. Probably branch label not up to date in orLeft 
11293      WARN  main            d.u.i.k.p.NodeInfo        No instantiation for #60. Probably branch label not up to date in orLeft 
11294      WARN  main            d.u.i.k.p.NodeInfo        No instantiation for #60. Probably branch label not up to date in orLeft 
11294      WARN  main            d.u.i.k.p.NodeInfo        No instantiation for #60. Probably branch label not up to date in orLeft 
11294      WARN  main            d.u.i.k.p.NodeInfo        No instantiation for #60. Probably branch label not up to date in orLeft 
11294      WARN  main            d.u.i.k.p.NodeInfo        No instantiation for #61. Probably branch label not up to date in orLeft 
11294      WARN  main            d.u.i.k.p.NodeInfo        No instantiation for #61. Probably branch label not up to date in orLeft 
11294      WARN  main            d.u.i.k.p.NodeInfo        No instantiation for #62. Probably branch label not up to date in orLeft 
11294      WARN  main            d.u.i.k.p.NodeInfo        No instantiation for #62. Probably branch label not up to date in orLeft 
11294      WARN  main            d.u.i.k.p.NodeInfo        No instantiation for #63. Probably branch label not up to date in orLeft 
11294      WARN  main            d.u.i.k.p.NodeInfo        No instantiation for #63. Probably branch label not up to date in orLeft 
11294      WARN  main            d.u.i.k.p.NodeInfo        No instantiation for #60. Probably branch label not up to date in orLeft 
11294      WARN  main            d.u.i.k.p.NodeInfo        No instantiation for #60. Probably branch label not up to date in orLeft 
11294      WARN  main            d.u.i.k.p.NodeInfo        No instantiation for #60. Probably branch label not up to date in orLeft 
11294      WARN  main            d.u.i.k.p.NodeInfo        No instantiation for #60. Probably branch label not up to date in orLeft 
11294      WARN  main            d.u.i.k.p.NodeInfo        No instantiation for #61. Probably branch label not up to date in orLeft 
11294      WARN  main            d.u.i.k.p.NodeInfo        No instantiation for #61. Probably branch label not up to date in orLeft 
11294      WARN  main            d.u.i.k.p.NodeInfo        No instantiation for #62. Probably branch label not up to date in orLeft 
11294      WARN  main            d.u.i.k.p.NodeInfo        No instantiation for #62. Probably branch label not up to date in orLeft 
11294      WARN  main            d.u.i.k.p.NodeInfo        No instantiation for #63. Probably branch label not up to date in orLeft 
11294      WARN  main            d.u.i.k.p.NodeInfo        No instantiation for #63. Probably branch label not up to date in orLeft 
11294      WARN  main            d.u.i.k.p.NodeInfo        No instantiation for #60. Probably branch label not up to date in orLeft 
11294      WARN  main            d.u.i.k.p.NodeInfo        No instantiation for #60. Probably branch label not up to date in orLeft 
11294      WARN  main            d.u.i.k.p.NodeInfo        No instantiation for #60. Probably branch label not up to date in orLeft 
11294      WARN  main            d.u.i.k.p.NodeInfo        No instantiation for #60. Probably branch label not up to date in orLeft 
11294      WARN  main            d.u.i.k.p.NodeInfo        No instantiation for #61. Probably branch label not up to date in orLeft 
11294      WARN  main            d.u.i.k.p.NodeInfo        No instantiation for #61. Probably branch label not up to date in orLeft 
11294      WARN  main            d.u.i.k.p.NodeInfo        No instantiation for #62. Probably branch label not up to date in orLeft 
11294      WARN  main            d.u.i.k.p.NodeInfo        No instantiation for #62. Probably branch label not up to date in orLeft 
11294      WARN  main            d.u.i.k.p.NodeInfo        No instantiation for #63. Probably branch label not up to date in orLeft 
11294      WARN  main            d.u.i.k.p.NodeInfo        No instantiation for #63. Probably branch label not up to date in orLeft 
11294      WARN  main            d.u.i.k.p.NodeInfo        No instantiation for #60. Probably branch label not up to date in orLeft 
11294      WARN  main            d.u.i.k.p.NodeInfo        No instantiation for #60. Probably branch label not up to date in orLeft 
11294      WARN  main            d.u.i.k.p.NodeInfo        No instantiation for #60. Probably branch label not up to date in orLeft 
11294      WARN  main            d.u.i.k.p.NodeInfo        No instantiation for #60. Probably branch label not up to date in orLeft 
11294      WARN  main            d.u.i.k.p.NodeInfo        No instantiation for #61. Probably branch label not up to date in orLeft 
11294      WARN  main            d.u.i.k.p.NodeInfo        No instantiation for #61. Probably branch label not up to date in orLeft 
11294      WARN  main            d.u.i.k.p.NodeInfo        No instantiation for #62. Probably branch label not up to date in orLeft 
11294      WARN  main            d.u.i.k.p.NodeInfo        No instantiation for #62. Probably branch label not up to date in orLeft 
11294      WARN  main            d.u.i.k.p.NodeInfo        No instantiation for #63. Probably branch label not up to date in orLeft 
11294      WARN  main            d.u.i.k.p.NodeInfo        No instantiation for #63. Probably branch label not up to date in orLeft 
11302      WARN  main            d.u.i.k.p.NodeInfo        No instantiation for #60. Probably branch label not up to date in orLeft 
11302      WARN  main            d.u.i.k.p.NodeInfo        No instantiation for #60. Probably branch label not up to date in orLeft 
11302      WARN  main            d.u.i.k.p.NodeInfo        No instantiation for #60. Probably branch label not up to date in orLeft 
11302      WARN  main            d.u.i.k.p.NodeInfo        No instantiation for #60. Probably branch label not up to date in orLeft 
11302      WARN  main            d.u.i.k.p.NodeInfo        No instantiation for #61. Probably branch label not up to date in orLeft 
11302      WARN  main            d.u.i.k.p.NodeInfo        No instantiation for #61. Probably branch label not up to date in orLeft 
11302      WARN  main            d.u.i.k.p.NodeInfo        No instantiation for #62. Probably branch label not up to date in orLeft 
11302      WARN  main            d.u.i.k.p.NodeInfo        No instantiation for #62. Probably branch label not up to date in orLeft 
11302      WARN  main            d.u.i.k.p.NodeInfo        No instantiation for #63. Probably branch label not up to date in orLeft 
11302      WARN  main            d.u.i.k.p.NodeInfo        No instantiation for #63. Probably branch label not up to date in orLeft 
11304      WARN  main            d.u.i.k.p.NodeInfo        No instantiation for #60. Probably branch label not up to date in orLeft 
11304      WARN  main            d.u.i.k.p.NodeInfo        No instantiation for #60. Probably branch label not up to date in orLeft 
11304      WARN  main            d.u.i.k.p.NodeInfo        No instantiation for #60. Probably branch label not up to date in orLeft 
11304      WARN  main            d.u.i.k.p.NodeInfo        No instantiation for #60. Probably branch label not up to date in orLeft 
11304      WARN  main            d.u.i.k.p.NodeInfo        No instantiation for #61. Probably branch label not up to date in orLeft 
11304      WARN  main            d.u.i.k.p.NodeInfo        No instantiation for #61. Probably branch label not up to date in orLeft 
11304      WARN  main            d.u.i.k.p.NodeInfo        No instantiation for #62. Probably branch label not up to date in orLeft 
11304      WARN  main            d.u.i.k.p.NodeInfo        No instantiation for #62. Probably branch label not up to date in orLeft 
11304      WARN  main            d.u.i.k.p.NodeInfo        No instantiation for #63. Probably branch label not up to date in orLeft 
11304      WARN  main            d.u.i.k.p.NodeInfo        No instantiation for #63. Probably branch label not up to date in orLeft 
11307      WARN  main            d.u.i.k.p.NodeInfo        No instantiation for #60. Probably branch label not up to date in orLeft 
11307      WARN  main            d.u.i.k.p.NodeInfo        No instantiation for #60. Probably branch label not up to date in orLeft 
11307      WARN  main            d.u.i.k.p.NodeInfo        No instantiation for #60. Probably branch label not up to date in orLeft 
11307      WARN  main            d.u.i.k.p.NodeInfo        No instantiation for #60. Probably branch label not up to date in orLeft 
11307      WARN  main            d.u.i.k.p.NodeInfo        No instantiation for #61. Probably branch label not up to date in orLeft 
11307      WARN  main            d.u.i.k.p.NodeInfo        No instantiation for #61. Probably branch label not up to date in orLeft 
11307      WARN  main            d.u.i.k.p.NodeInfo        No instantiation for #62. Probably branch label not up to date in orLeft 
11307      WARN  main            d.u.i.k.p.NodeInfo        No instantiation for #62. Probably branch label not up to date in orLeft 
11307      WARN  main            d.u.i.k.p.NodeInfo        No instantiation for #63. Probably branch label not up to date in orLeft 
11307      WARN  main            d.u.i.k.p.NodeInfo        No instantiation for #63. Probably branch label not up to date in orLeft 
11307      WARN  main            d.u.i.k.p.NodeInfo        No instantiation for #60. Probably branch label not up to date in orLeft 
11307      WARN  main            d.u.i.k.p.NodeInfo        No instantiation for #60. Probably branch label not up to date in orLeft 
11307      WARN  main            d.u.i.k.p.NodeInfo        No instantiation for #60. Probably branch label not up to date in orLeft 
11307      WARN  main            d.u.i.k.p.NodeInfo        No instantiation for #60. Probably branch label not up to date in orLeft 
11307      WARN  main            d.u.i.k.p.NodeInfo        No instantiation for #61. Probably branch label not up to date in orLeft 
11307      WARN  main            d.u.i.k.p.NodeInfo        No instantiation for #61. Probably branch label not up to date in orLeft 
11307      WARN  main            d.u.i.k.p.NodeInfo        No instantiation for #62. Probably branch label not up to date in orLeft 
11307      WARN  main            d.u.i.k.p.NodeInfo        No instantiation for #62. Probably branch label not up to date in orLeft 
11307      WARN  main            d.u.i.k.p.NodeInfo        No instantiation for #63. Probably branch label not up to date in orLeft 
11307      WARN  main            d.u.i.k.p.NodeInfo        No instantiation for #63. Probably branch label not up to date in orLeft 
24592      WARN  main            d.u.i.k.p.NodeInfo        No instantiation for #106. Probably branch label not up to date in orLeft 
24593      WARN  main            d.u.i.k.p.NodeInfo        No instantiation for #106. Probably branch label not up to date in orLeft 
24593      WARN  main            d.u.i.k.p.NodeInfo        No instantiation for #106. Probably branch label not up to date in orLeft 
24593      WARN  main            d.u.i.k.p.NodeInfo        No instantiation for #106. Probably branch label not up to date in orLeft 
24593      WARN  main            d.u.i.k.p.NodeInfo        No instantiation for #107. Probably branch label not up to date in orLeft 
24593      WARN  main            d.u.i.k.p.NodeInfo        No instantiation for #107. Probably branch label not up to date in orLeft 
24593      WARN  main            d.u.i.k.p.NodeInfo        No instantiation for #108. Probably branch label not up to date in orLeft 
24593      WARN  main            d.u.i.k.p.NodeInfo        No instantiation for #108. Probably branch label not up to date in orLeft 
24593      WARN  main            d.u.i.k.p.NodeInfo        No instantiation for #109. Probably branch label not up to date in orLeft 
24593      WARN  main            d.u.i.k.p.NodeInfo        No instantiation for #109. Probably branch label not up to date in orLeft 
24593      WARN  main            d.u.i.k.p.NodeInfo        No instantiation for #110. Probably branch label not up to date in orLeft 
24593      WARN  main            d.u.i.k.p.NodeInfo        No instantiation for #110. Probably branch label not up to date in orLeft 
24593      WARN  main            d.u.i.k.p.NodeInfo        No instantiation for #110. Probably branch label not up to date in orLeft 
24594      WARN  main            d.u.i.k.p.NodeInfo        No instantiation for #110. Probably branch label not up to date in orLeft 
24594      WARN  main            d.u.i.k.p.NodeInfo        No instantiation for #110. Probably branch label not up to date in orLeft 
24594      WARN  main            d.u.i.k.p.NodeInfo        No instantiation for #111. Probably branch label not up to date in orLeft 
24594      WARN  main            d.u.i.k.p.NodeInfo        No instantiation for #111. Probably branch label not up to date in orLeft 
24594      WARN  main            d.u.i.k.p.NodeInfo        No instantiation for #112. Probably branch label not up to date in orLeft 
24594      WARN  main            d.u.i.k.p.NodeInfo        No instantiation for #112. Probably branch label not up to date in orLeft 
24594      WARN  main            d.u.i.k.p.NodeInfo        No instantiation for #113. Probably branch label not up to date in orLeft 
24594      WARN  main            d.u.i.k.p.NodeInfo        No instantiation for #113. Probably branch label not up to date in orLeft 
24594      WARN  main            d.u.i.k.p.NodeInfo        No instantiation for #106. Probably branch label not up to date in orLeft 
24594      WARN  main            d.u.i.k.p.NodeInfo        No instantiation for #106. Probably branch label not up to date in orLeft 
24594      WARN  main            d.u.i.k.p.NodeInfo        No instantiation for #106. Probably branch label not up to date in orLeft 
24594      WARN  main            d.u.i.k.p.NodeInfo        No instantiation for #106. Probably branch label not up to date in orLeft 
24595      WARN  main            d.u.i.k.p.NodeInfo        No instantiation for #107. Probably branch label not up to date in orLeft 
24595      WARN  main            d.u.i.k.p.NodeInfo        No instantiation for #107. Probably branch label not up to date in orLeft 
24595      WARN  main            d.u.i.k.p.NodeInfo        No instantiation for #108. Probably branch label not up to date in orLeft 
24595      WARN  main            d.u.i.k.p.NodeInfo        No instantiation for #108. Probably branch label not up to date in orLeft 
24595      WARN  main            d.u.i.k.p.NodeInfo        No instantiation for #109. Probably branch label not up to date in orLeft 
24595      WARN  main            d.u.i.k.p.NodeInfo        No instantiation for #109. Probably branch label not up to date in orLeft 
24595      WARN  main            d.u.i.k.p.NodeInfo        No instantiation for #110. Probably branch label not up to date in orLeft 
24595      WARN  main            d.u.i.k.p.NodeInfo        No instantiation for #110. Probably branch label not up to date in orLeft 
24595      WARN  main            d.u.i.k.p.NodeInfo        No instantiation for #110. Probably branch label not up to date in orLeft 
24595      WARN  main            d.u.i.k.p.NodeInfo        No instantiation for #110. Probably branch label not up to date in orLeft 
24595      WARN  main            d.u.i.k.p.NodeInfo        No instantiation for #110. Probably branch label not up to date in orLeft 
24595      WARN  main            d.u.i.k.p.NodeInfo        No instantiation for #111. Probably branch label not up to date in orLeft 
24595      WARN  main            d.u.i.k.p.NodeInfo        No instantiation for #111. Probably branch label not up to date in orLeft 
24596      WARN  main            d.u.i.k.p.NodeInfo        No instantiation for #112. Probably branch label not up to date in orLeft 
24596      WARN  main            d.u.i.k.p.NodeInfo        No instantiation for #112. Probably branch label not up to date in orLeft 
24596      WARN  main            d.u.i.k.p.NodeInfo        No instantiation for #113. Probably branch label not up to date in orLeft 
24596      WARN  main            d.u.i.k.p.NodeInfo        No instantiation for #113. Probably branch label not up to date in orLeft 
24613      WARN  main            d.u.i.k.p.NodeInfo        No instantiation for #106. Probably branch label not up to date in orLeft 
24614      WARN  main            d.u.i.k.p.NodeInfo        No instantiation for #106. Probably branch label not up to date in orLeft 
24614      WARN  main            d.u.i.k.p.NodeInfo        No instantiation for #106. Probably branch label not up to date in orLeft 
24614      WARN  main            d.u.i.k.p.NodeInfo        No instantiation for #106. Probably branch label not up to date in orLeft 
24614      WARN  main            d.u.i.k.p.NodeInfo        No instantiation for #107. Probably branch label not up to date in orLeft 
24614      WARN  main            d.u.i.k.p.NodeInfo        No instantiation for #107. Probably branch label not up to date in orLeft 
24614      WARN  main            d.u.i.k.p.NodeInfo        No instantiation for #108. Probably branch label not up to date in orLeft 
24614      WARN  main            d.u.i.k.p.NodeInfo        No instantiation for #108. Probably branch label not up to date in orLeft 
24614      WARN  main            d.u.i.k.p.NodeInfo        No instantiation for #109. Probably branch label not up to date in orLeft 
24614      WARN  main            d.u.i.k.p.NodeInfo        No instantiation for #109. Probably branch label not up to date in orLeft 
24615      WARN  main            d.u.i.k.p.NodeInfo        No instantiation for #110. Probably branch label not up to date in orLeft 
24615      WARN  main            d.u.i.k.p.NodeInfo        No instantiation for #110. Probably branch label not up to date in orLeft 
24615      WARN  main            d.u.i.k.p.NodeInfo        No instantiation for #110. Probably branch label not up to date in orLeft 
24615      WARN  main            d.u.i.k.p.NodeInfo        No instantiation for #110. Probably branch label not up to date in orLeft 
24615      WARN  main            d.u.i.k.p.NodeInfo        No instantiation for #110. Probably branch label not up to date in orLeft 
24616      WARN  main            d.u.i.k.p.NodeInfo        No instantiation for #55. Probably branch label not up to date in orLeft 
24616      WARN  main            d.u.i.k.p.NodeInfo        No instantiation for #55. Probably branch label not up to date in orLeft 
24616      WARN  main            d.u.i.k.p.NodeInfo        No instantiation for #56. Probably branch label not up to date in orLeft 
24616      WARN  main            d.u.i.k.p.NodeInfo        No instantiation for #56. Probably branch label not up to date in orLeft 
24616      WARN  main            d.u.i.k.p.NodeInfo        No instantiation for #57. Probably branch label not up to date in orLeft 
24616      WARN  main            d.u.i.k.p.NodeInfo        No instantiation for #57. Probably branch label not up to date in orLeft 
24616      WARN  main            d.u.i.k.p.NodeInfo        No instantiation for #106. Probably branch label not up to date in orLeft 
24616      WARN  main            d.u.i.k.p.NodeInfo        No instantiation for #106. Probably branch label not up to date in orLeft 
24617      WARN  main            d.u.i.k.p.NodeInfo        No instantiation for #106. Probably branch label not up to date in orLeft 
24617      WARN  main            d.u.i.k.p.NodeInfo        No instantiation for #106. Probably branch label not up to date in orLeft 
24617      WARN  main            d.u.i.k.p.NodeInfo        No instantiation for #107. Probably branch label not up to date in orLeft 
24617      WARN  main            d.u.i.k.p.NodeInfo        No instantiation for #107. Probably branch label not up to date in orLeft 
24617      WARN  main            d.u.i.k.p.NodeInfo        No instantiation for #108. Probably branch label not up to date in orLeft 
24617      WARN  main            d.u.i.k.p.NodeInfo        No instantiation for #108. Probably branch label not up to date in orLeft 
24617      WARN  main            d.u.i.k.p.NodeInfo        No instantiation for #109. Probably branch label not up to date in orLeft 
24617      WARN  main            d.u.i.k.p.NodeInfo        No instantiation for #109. Probably branch label not up to date in orLeft 
24618      WARN  main            d.u.i.k.p.NodeInfo        No instantiation for #110. Probably branch label not up to date in orLeft 
24618      WARN  main            d.u.i.k.p.NodeInfo        No instantiation for #110. Probably branch label not up to date in orLeft 
24618      WARN  main            d.u.i.k.p.NodeInfo        No instantiation for #110. Probably branch label not up to date in orLeft 
24618      WARN  main            d.u.i.k.p.NodeInfo        No instantiation for #110. Probably branch label not up to date in orLeft 
24618      WARN  main            d.u.i.k.p.NodeInfo        No instantiation for #110. Probably branch label not up to date in orLeft 
24618      WARN  main            d.u.i.k.p.NodeInfo        No instantiation for #55. Probably branch label not up to date in orLeft 
24618      WARN  main            d.u.i.k.p.NodeInfo        No instantiation for #55. Probably branch label not up to date in orLeft 
24618      WARN  main            d.u.i.k.p.NodeInfo        No instantiation for #56. Probably branch label not up to date in orLeft 
24618      WARN  main            d.u.i.k.p.NodeInfo        No instantiation for #56. Probably branch label not up to date in orLeft 
24618      WARN  main            d.u.i.k.p.NodeInfo        No instantiation for #57. Probably branch label not up to date in orLeft 
24618      WARN  main            d.u.i.k.p.NodeInfo        No instantiation for #57. Probably branch label not up to date in orLeft 
24618      WARN  main            d.u.i.k.p.NodeInfo        No instantiation for #106. Probably branch label not up to date in orLeft 
24618      WARN  main            d.u.i.k.p.NodeInfo        No instantiation for #106. Probably branch label not up to date in orLeft 
24619      WARN  main            d.u.i.k.p.NodeInfo        No instantiation for #106. Probably branch label not up to date in orLeft 
24619      WARN  main            d.u.i.k.p.NodeInfo        No instantiation for #106. Probably branch label not up to date in orLeft 
24619      WARN  main            d.u.i.k.p.NodeInfo        No instantiation for #107. Probably branch label not up to date in orLeft 
24619      WARN  main            d.u.i.k.p.NodeInfo        No instantiation for #107. Probably branch label not up to date in orLeft 
24619      WARN  main            d.u.i.k.p.NodeInfo        No instantiation for #108. Probably branch label not up to date in orLeft 
24619      WARN  main            d.u.i.k.p.NodeInfo        No instantiation for #108. Probably branch label not up to date in orLeft 
24619      WARN  main            d.u.i.k.p.NodeInfo        No instantiation for #109. Probably branch label not up to date in orLeft 
24619      WARN  main            d.u.i.k.p.NodeInfo        No instantiation for #109. Probably branch label not up to date in orLeft 
24619      WARN  main            d.u.i.k.p.NodeInfo        No instantiation for #110. Probably branch label not up to date in orLeft 
24619      WARN  main            d.u.i.k.p.NodeInfo        No instantiation for #110. Probably branch label not up to date in orLeft 
24619      WARN  main            d.u.i.k.p.NodeInfo        No instantiation for #110. Probably branch label not up to date in orLeft 
24619      WARN  main            d.u.i.k.p.NodeInfo        No instantiation for #110. Probably branch label not up to date in orLeft 
24619      WARN  main            d.u.i.k.p.NodeInfo        No instantiation for #110. Probably branch label not up to date in orLeft 
24620      WARN  main            d.u.i.k.p.NodeInfo        No instantiation for #55. Probably branch label not up to date in orLeft 
24620      WARN  main            d.u.i.k.p.NodeInfo        No instantiation for #55. Probably branch label not up to date in orLeft 
24620      WARN  main            d.u.i.k.p.NodeInfo        No instantiation for #56. Probably branch label not up to date in orLeft 
24620      WARN  main            d.u.i.k.p.NodeInfo        No instantiation for #56. Probably branch label not up to date in orLeft 
24620      WARN  main            d.u.i.k.p.NodeInfo        No instantiation for #57. Probably branch label not up to date in orLeft 
24620      WARN  main            d.u.i.k.p.NodeInfo        No instantiation for #57. Probably branch label not up to date in orLeft 
24620      WARN  main            d.u.i.k.p.NodeInfo        No instantiation for #106. Probably branch label not up to date in orLeft 
24620      WARN  main            d.u.i.k.p.NodeInfo        No instantiation for #106. Probably branch label not up to date in orLeft 
24620      WARN  main            d.u.i.k.p.NodeInfo        No instantiation for #106. Probably branch label not up to date in orLeft 
24620      WARN  main            d.u.i.k.p.NodeInfo        No instantiation for #106. Probably branch label not up to date in orLeft 
24620      WARN  main            d.u.i.k.p.NodeInfo        No instantiation for #107. Probably branch label not up to date in orLeft 
24620      WARN  main            d.u.i.k.p.NodeInfo        No instantiation for #107. Probably branch label not up to date in orLeft 
24621      WARN  main            d.u.i.k.p.NodeInfo        No instantiation for #108. Probably branch label not up to date in orLeft 
24621      WARN  main            d.u.i.k.p.NodeInfo        No instantiation for #108. Probably branch label not up to date in orLeft 
24621      WARN  main            d.u.i.k.p.NodeInfo        No instantiation for #109. Probably branch label not up to date in orLeft 
24621      WARN  main            d.u.i.k.p.NodeInfo        No instantiation for #109. Probably branch label not up to date in orLeft 
24621      WARN  main            d.u.i.k.p.NodeInfo        No instantiation for #110. Probably branch label not up to date in orLeft 
24621      WARN  main            d.u.i.k.p.NodeInfo        No instantiation for #110. Probably branch label not up to date in orLeft 
24621      WARN  main            d.u.i.k.p.NodeInfo        No instantiation for #110. Probably branch label not up to date in orLeft 
24621      WARN  main            d.u.i.k.p.NodeInfo        No instantiation for #110. Probably branch label not up to date in orLeft 
24621      WARN  main            d.u.i.k.p.NodeInfo        No instantiation for #110. Probably branch label not up to date in orLeft 
24621      WARN  main            d.u.i.k.p.NodeInfo        No instantiation for #87. Probably branch label not up to date in orLeft 
24621      WARN  main            d.u.i.k.p.NodeInfo        No instantiation for #87. Probably branch label not up to date in orLeft 
24621      WARN  main            d.u.i.k.p.NodeInfo        No instantiation for #88. Probably branch label not up to date in orLeft 
24621      WARN  main            d.u.i.k.p.NodeInfo        No instantiation for #88. Probably branch label not up to date in orLeft 
24622      WARN  main            d.u.i.k.p.NodeInfo        No instantiation for #89. Probably branch label not up to date in orLeft 
24622      WARN  main            d.u.i.k.p.NodeInfo        No instantiation for #89. Probably branch label not up to date in orLeft 
24622      WARN  main            d.u.i.k.p.NodeInfo        No instantiation for #106. Probably branch label not up to date in orLeft 
24622      WARN  main            d.u.i.k.p.NodeInfo        No instantiation for #106. Probably branch label not up to date in orLeft 
24622      WARN  main            d.u.i.k.p.NodeInfo        No instantiation for #106. Probably branch label not up to date in orLeft 
24622      WARN  main            d.u.i.k.p.NodeInfo        No instantiation for #106. Probably branch label not up to date in orLeft 
24622      WARN  main            d.u.i.k.p.NodeInfo        No instantiation for #107. Probably branch label not up to date in orLeft 
24622      WARN  main            d.u.i.k.p.NodeInfo        No instantiation for #107. Probably branch label not up to date in orLeft 
24622      WARN  main            d.u.i.k.p.NodeInfo        No instantiation for #108. Probably branch label not up to date in orLeft 
24622      WARN  main            d.u.i.k.p.NodeInfo        No instantiation for #108. Probably branch label not up to date in orLeft 
24622      WARN  main            d.u.i.k.p.NodeInfo        No instantiation for #109. Probably branch label not up to date in orLeft 
24622      WARN  main            d.u.i.k.p.NodeInfo        No instantiation for #109. Probably branch label not up to date in orLeft 
24622      WARN  main            d.u.i.k.p.NodeInfo        No instantiation for #110. Probably branch label not up to date in orLeft 
24623      WARN  main            d.u.i.k.p.NodeInfo        No instantiation for #110. Probably branch label not up to date in orLeft 
24623      WARN  main            d.u.i.k.p.NodeInfo        No instantiation for #110. Probably branch label not up to date in orLeft 
24623      WARN  main            d.u.i.k.p.NodeInfo        No instantiation for #110. Probably branch label not up to date in orLeft 
24623      WARN  main            d.u.i.k.p.NodeInfo        No instantiation for #110. Probably branch label not up to date in orLeft 
24623      WARN  main            d.u.i.k.p.NodeInfo        No instantiation for #55. Probably branch label not up to date in orLeft 
24623      WARN  main            d.u.i.k.p.NodeInfo        No instantiation for #55. Probably branch label not up to date in orLeft 
24623      WARN  main            d.u.i.k.p.NodeInfo        No instantiation for #56. Probably branch label not up to date in orLeft 
24623      WARN  main            d.u.i.k.p.NodeInfo        No instantiation for #56. Probably branch label not up to date in orLeft 
24623      WARN  main            d.u.i.k.p.NodeInfo        No instantiation for #57. Probably branch label not up to date in orLeft 
24623      WARN  main            d.u.i.k.p.NodeInfo        No instantiation for #57. Probably branch label not up to date in orLeft 
24623      WARN  main            d.u.i.k.p.NodeInfo        No instantiation for #106. Probably branch label not up to date in orLeft 
24623      WARN  main            d.u.i.k.p.NodeInfo        No instantiation for #106. Probably branch label not up to date in orLeft 
24623      WARN  main            d.u.i.k.p.NodeInfo        No instantiation for #106. Probably branch label not up to date in orLeft 
24624      WARN  main            d.u.i.k.p.NodeInfo        No instantiation for #106. Probably branch label not up to date in orLeft 
24624      WARN  main            d.u.i.k.p.NodeInfo        No instantiation for #107. Probably branch label not up to date in orLeft 
24624      WARN  main            d.u.i.k.p.NodeInfo        No instantiation for #107. Probably branch label not up to date in orLeft 
24624      WARN  main            d.u.i.k.p.NodeInfo        No instantiation for #108. Probably branch label not up to date in orLeft 
24624      WARN  main            d.u.i.k.p.NodeInfo        No instantiation for #108. Probably branch label not up to date in orLeft 
24624      WARN  main            d.u.i.k.p.NodeInfo        No instantiation for #109. Probably branch label not up to date in orLeft 
24624      WARN  main            d.u.i.k.p.NodeInfo        No instantiation for #109. Probably branch label not up to date in orLeft 
24624      WARN  main            d.u.i.k.p.NodeInfo        No instantiation for #110. Probably branch label not up to date in orLeft 
24624      WARN  main            d.u.i.k.p.NodeInfo        No instantiation for #110. Probably branch label not up to date in orLeft 
24624      WARN  main            d.u.i.k.p.NodeInfo        No instantiation for #110. Probably branch label not up to date in orLeft 
24624      WARN  main            d.u.i.k.p.NodeInfo        No instantiation for #110. Probably branch label not up to date in orLeft 
24624      WARN  main            d.u.i.k.p.NodeInfo        No instantiation for #110. Probably branch label not up to date in orLeft 
24625      WARN  main            d.u.i.k.p.NodeInfo        No instantiation for #111. Probably branch label not up to date in orLeft 
24625      WARN  main            d.u.i.k.p.NodeInfo        No instantiation for #111. Probably branch label not up to date in orLeft 
24625      WARN  main            d.u.i.k.p.NodeInfo        No instantiation for #112. Probably branch label not up to date in orLeft 
24625      WARN  main            d.u.i.k.p.NodeInfo        No instantiation for #112. Probably branch label not up to date in orLeft 
24625      WARN  main            d.u.i.k.p.NodeInfo        No instantiation for #113. Probably branch label not up to date in orLeft 
24625      WARN  main            d.u.i.k.p.NodeInfo        No instantiation for #113. Probably branch label not up to date in orLeft 
24625      WARN  main            d.u.i.k.p.NodeInfo        No instantiation for #106. Probably branch label not up to date in orLeft 
24625      WARN  main            d.u.i.k.p.NodeInfo        No instantiation for #106. Probably branch label not up to date in orLeft 
24625      WARN  main            d.u.i.k.p.NodeInfo        No instantiation for #106. Probably branch label not up to date in orLeft 
24625      WARN  main            d.u.i.k.p.NodeInfo        No instantiation for #106. Probably branch label not up to date in orLeft 
24625      WARN  main            d.u.i.k.p.NodeInfo        No instantiation for #107. Probably branch label not up to date in orLeft 
24625      WARN  main            d.u.i.k.p.NodeInfo        No instantiation for #107. Probably branch label not up to date in orLeft 
24626      WARN  main            d.u.i.k.p.NodeInfo        No instantiation for #108. Probably branch label not up to date in orLeft 
24626      WARN  main            d.u.i.k.p.NodeInfo        No instantiation for #108. Probably branch label not up to date in orLeft 
24626      WARN  main            d.u.i.k.p.NodeInfo        No instantiation for #109. Probably branch label not up to date in orLeft 
24626      WARN  main            d.u.i.k.p.NodeInfo        No instantiation for #109. Probably branch label not up to date in orLeft 
24626      WARN  main            d.u.i.k.p.NodeInfo        No instantiation for #110. Probably branch label not up to date in orLeft 
24626      WARN  main            d.u.i.k.p.NodeInfo        No instantiation for #110. Probably branch label not up to date in orLeft 
24626      WARN  main            d.u.i.k.p.NodeInfo        No instantiation for #110. Probably branch label not up to date in orLeft 
24626      WARN  main            d.u.i.k.p.NodeInfo        No instantiation for #110. Probably branch label not up to date in orLeft 
24626      WARN  main            d.u.i.k.p.NodeInfo        No instantiation for #110. Probably branch label not up to date in orLeft 
24626      WARN  main            d.u.i.k.p.NodeInfo        No instantiation for #87. Probably branch label not up to date in orLeft 
24626      WARN  main            d.u.i.k.p.NodeInfo        No instantiation for #87. Probably branch label not up to date in orLeft 
24626      WARN  main            d.u.i.k.p.NodeInfo        No instantiation for #88. Probably branch label not up to date in orLeft 
24626      WARN  main            d.u.i.k.p.NodeInfo        No instantiation for #88. Probably branch label not up to date in orLeft 
24626      WARN  main            d.u.i.k.p.NodeInfo        No instantiation for #89. Probably branch label not up to date in orLeft 
24627      WARN  main            d.u.i.k.p.NodeInfo        No instantiation for #89. Probably branch label not up to date in orLeft 
24627      WARN  main            d.u.i.k.p.NodeInfo        No instantiation for #106. Probably branch label not up to date in orLeft 
24627      WARN  main            d.u.i.k.p.NodeInfo        No instantiation for #106. Probably branch label not up to date in orLeft 
24627      WARN  main            d.u.i.k.p.NodeInfo        No instantiation for #106. Probably branch label not up to date in orLeft 
24627      WARN  main            d.u.i.k.p.NodeInfo        No instantiation for #106. Probably branch label not up to date in orLeft 
24627      WARN  main            d.u.i.k.p.NodeInfo        No instantiation for #107. Probably branch label not up to date in orLeft 
24627      WARN  main            d.u.i.k.p.NodeInfo        No instantiation for #107. Probably branch label not up to date in orLeft 
24627      WARN  main            d.u.i.k.p.NodeInfo        No instantiation for #108. Probably branch label not up to date in orLeft 
24627      WARN  main            d.u.i.k.p.NodeInfo        No instantiation for #108. Probably branch label not up to date in orLeft 
24627      WARN  main            d.u.i.k.p.NodeInfo        No instantiation for #109. Probably branch label not up to date in orLeft 
24627      WARN  main            d.u.i.k.p.NodeInfo        No instantiation for #109. Probably branch label not up to date in orLeft 
24627      WARN  main            d.u.i.k.p.NodeInfo        No instantiation for #110. Probably branch label not up to date in orLeft 
24627      WARN  main            d.u.i.k.p.NodeInfo        No instantiation for #110. Probably branch label not up to date in orLeft 
24628      WARN  main            d.u.i.k.p.NodeInfo        No instantiation for #110. Probably branch label not up to date in orLeft 
24628      WARN  main            d.u.i.k.p.NodeInfo        No instantiation for #110. Probably branch label not up to date in orLeft 
24628      WARN  main            d.u.i.k.p.NodeInfo        No instantiation for #110. Probably branch label not up to date in orLeft 
24628      WARN  main            d.u.i.k.p.NodeInfo        No instantiation for #87. Probably branch label not up to date in orLeft 
24628      WARN  main            d.u.i.k.p.NodeInfo        No instantiation for #87. Probably branch label not up to date in orLeft 
24628      WARN  main            d.u.i.k.p.NodeInfo        No instantiation for #88. Probably branch label not up to date in orLeft 
24628      WARN  main            d.u.i.k.p.NodeInfo        No instantiation for #88. Probably branch label not up to date in orLeft 
24628      WARN  main            d.u.i.k.p.NodeInfo        No instantiation for #89. Probably branch label not up to date in orLeft 
24628      WARN  main            d.u.i.k.p.NodeInfo        No instantiation for #89. Probably branch label not up to date in orLeft 
24628      WARN  main            d.u.i.k.p.NodeInfo        No instantiation for #106. Probably branch label not up to date in orLeft 
24628      WARN  main            d.u.i.k.p.NodeInfo        No instantiation for #106. Probably branch label not up to date in orLeft 
24628      WARN  main            d.u.i.k.p.NodeInfo        No instantiation for #106. Probably branch label not up to date in orLeft 
24629      WARN  main            d.u.i.k.p.NodeInfo        No instantiation for #106. Probably branch label not up to date in orLeft 
24629      WARN  main            d.u.i.k.p.NodeInfo        No instantiation for #107. Probably branch label not up to date in orLeft 
24629      WARN  main            d.u.i.k.p.NodeInfo        No instantiation for #107. Probably branch label not up to date in orLeft 
24629      WARN  main            d.u.i.k.p.NodeInfo        No instantiation for #108. Probably branch label not up to date in orLeft 
24629      WARN  main            d.u.i.k.p.NodeInfo        No instantiation for #108. Probably branch label not up to date in orLeft 
24629      WARN  main            d.u.i.k.p.NodeInfo        No instantiation for #109. Probably branch label not up to date in orLeft 
24629      WARN  main            d.u.i.k.p.NodeInfo        No instantiation for #109. Probably branch label not up to date in orLeft 
24629      WARN  main            d.u.i.k.p.NodeInfo        No instantiation for #110. Probably branch label not up to date in orLeft 
24629      WARN  main            d.u.i.k.p.NodeInfo        No instantiation for #110. Probably branch label not up to date in orLeft 
24629      WARN  main            d.u.i.k.p.NodeInfo        No instantiation for #110. Probably branch label not up to date in orLeft 
24629      WARN  main            d.u.i.k.p.NodeInfo        No instantiation for #110. Probably branch label not up to date in orLeft 
24629      WARN  main            d.u.i.k.p.NodeInfo        No instantiation for #110. Probably branch label not up to date in orLeft 
24629      WARN  main            d.u.i.k.p.NodeInfo        No instantiation for #87. Probably branch label not up to date in orLeft 
24630      WARN  main            d.u.i.k.p.NodeInfo        No instantiation for #87. Probably branch label not up to date in orLeft 
24630      WARN  main            d.u.i.k.p.NodeInfo        No instantiation for #88. Probably branch label not up to date in orLeft 
24630      WARN  main            d.u.i.k.p.NodeInfo        No instantiation for #88. Probably branch label not up to date in orLeft 
24630      WARN  main            d.u.i.k.p.NodeInfo        No instantiation for #89. Probably branch label not up to date in orLeft 
24630      WARN  main            d.u.i.k.p.NodeInfo        No instantiation for #89. Probably branch label not up to date in orLeft 
24630      WARN  main            d.u.i.k.p.NodeInfo        No instantiation for #106. Probably branch label not up to date in orLeft 
24630      WARN  main            d.u.i.k.p.NodeInfo        No instantiation for #106. Probably branch label not up to date in orLeft 
24630      WARN  main            d.u.i.k.p.NodeInfo        No instantiation for #106. Probably branch label not up to date in orLeft 
24630      WARN  main            d.u.i.k.p.NodeInfo        No instantiation for #106. Probably branch label not up to date in orLeft 
24630      WARN  main            d.u.i.k.p.NodeInfo        No instantiation for #107. Probably branch label not up to date in orLeft 
24630      WARN  main            d.u.i.k.p.NodeInfo        No instantiation for #107. Probably branch label not up to date in orLeft 
24630      WARN  main            d.u.i.k.p.NodeInfo        No instantiation for #108. Probably branch label not up to date in orLeft 
24631      WARN  main            d.u.i.k.p.NodeInfo        No instantiation for #108. Probably branch label not up to date in orLeft 
24631      WARN  main            d.u.i.k.p.NodeInfo        No instantiation for #109. Probably branch label not up to date in orLeft 
24631      WARN  main            d.u.i.k.p.NodeInfo        No instantiation for #109. Probably branch label not up to date in orLeft 
24631      WARN  main            d.u.i.k.p.NodeInfo        No instantiation for #110. Probably branch label not up to date in orLeft 
24631      WARN  main            d.u.i.k.p.NodeInfo        No instantiation for #110. Probably branch label not up to date in orLeft 
24631      WARN  main            d.u.i.k.p.NodeInfo        No instantiation for #110. Probably branch label not up to date in orLeft 
24631      WARN  main            d.u.i.k.p.NodeInfo        No instantiation for #110. Probably branch label not up to date in orLeft 
24631      WARN  main            d.u.i.k.p.NodeInfo        No instantiation for #110. Probably branch label not up to date in orLeft 
24631      WARN  main            d.u.i.k.p.NodeInfo        No instantiation for #111. Probably branch label not up to date in orLeft 
24631      WARN  main            d.u.i.k.p.NodeInfo        No instantiation for #111. Probably branch label not up to date in orLeft 
24631      WARN  main            d.u.i.k.p.NodeInfo        No instantiation for #112. Probably branch label not up to date in orLeft 
24631      WARN  main            d.u.i.k.p.NodeInfo        No instantiation for #112. Probably branch label not up to date in orLeft 
24631      WARN  main            d.u.i.k.p.NodeInfo        No instantiation for #113. Probably branch label not up to date in orLeft 
24632      WARN  main            d.u.i.k.p.NodeInfo        No instantiation for #113. Probably branch label not up to date in orLeft 
24674      WARN  main            d.u.i.k.p.NodeInfo        No instantiation for #106. Probably branch label not up to date in orLeft 
24675      WARN  main            d.u.i.k.p.NodeInfo        No instantiation for #106. Probably branch label not up to date in orLeft 
24675      WARN  main            d.u.i.k.p.NodeInfo        No instantiation for #106. Probably branch label not up to date in orLeft 
24675      WARN  main            d.u.i.k.p.NodeInfo        No instantiation for #106. Probably branch label not up to date in orLeft 
24675      WARN  main            d.u.i.k.p.NodeInfo        No instantiation for #107. Probably branch label not up to date in orLeft 
24675      WARN  main            d.u.i.k.p.NodeInfo        No instantiation for #107. Probably branch label not up to date in orLeft 
24675      WARN  main            d.u.i.k.p.NodeInfo        No instantiation for #108. Probably branch label not up to date in orLeft 
24675      WARN  main            d.u.i.k.p.NodeInfo        No instantiation for #108. Probably branch label not up to date in orLeft 
24675      WARN  main            d.u.i.k.p.NodeInfo        No instantiation for #109. Probably branch label not up to date in orLeft 
24675      WARN  main            d.u.i.k.p.NodeInfo        No instantiation for #109. Probably branch label not up to date in orLeft 
24675      WARN  main            d.u.i.k.p.NodeInfo        No instantiation for #110. Probably branch label not up to date in orLeft 
24675      WARN  main            d.u.i.k.p.NodeInfo        No instantiation for #110. Probably branch label not up to date in orLeft 
24675      WARN  main            d.u.i.k.p.NodeInfo        No instantiation for #110. Probably branch label not up to date in orLeft 
24676      WARN  main            d.u.i.k.p.NodeInfo        No instantiation for #110. Probably branch label not up to date in orLeft 
24676      WARN  main            d.u.i.k.p.NodeInfo        No instantiation for #110. Probably branch label not up to date in orLeft 
24676      WARN  main            d.u.i.k.p.NodeInfo        No instantiation for #87. Probably branch label not up to date in orLeft 
24676      WARN  main            d.u.i.k.p.NodeInfo        No instantiation for #87. Probably branch label not up to date in orLeft 
24676      WARN  main            d.u.i.k.p.NodeInfo        No instantiation for #88. Probably branch label not up to date in orLeft 
24676      WARN  main            d.u.i.k.p.NodeInfo        No instantiation for #88. Probably branch label not up to date in orLeft 
24676      WARN  main            d.u.i.k.p.NodeInfo        No instantiation for #89. Probably branch label not up to date in orLeft 
24676      WARN  main            d.u.i.k.p.NodeInfo        No instantiation for #89. Probably branch label not up to date in orLeft 
24676      WARN  main            d.u.i.k.p.NodeInfo        No instantiation for #106. Probably branch label not up to date in orLeft 
24676      WARN  main            d.u.i.k.p.NodeInfo        No instantiation for #106. Probably branch label not up to date in orLeft 
24676      WARN  main            d.u.i.k.p.NodeInfo        No instantiation for #106. Probably branch label not up to date in orLeft 
24676      WARN  main            d.u.i.k.p.NodeInfo        No instantiation for #106. Probably branch label not up to date in orLeft 
24676      WARN  main            d.u.i.k.p.NodeInfo        No instantiation for #107. Probably branch label not up to date in orLeft 
24677      WARN  main            d.u.i.k.p.NodeInfo        No instantiation for #107. Probably branch label not up to date in orLeft 
24677      WARN  main            d.u.i.k.p.NodeInfo        No instantiation for #108. Probably branch label not up to date in orLeft 
24677      WARN  main            d.u.i.k.p.NodeInfo        No instantiation for #108. Probably branch label not up to date in orLeft 
24677      WARN  main            d.u.i.k.p.NodeInfo        No instantiation for #109. Probably branch label not up to date in orLeft 
24677      WARN  main            d.u.i.k.p.NodeInfo        No instantiation for #109. Probably branch label not up to date in orLeft 
24677      WARN  main            d.u.i.k.p.NodeInfo        No instantiation for #110. Probably branch label not up to date in orLeft 
24677      WARN  main            d.u.i.k.p.NodeInfo        No instantiation for #110. Probably branch label not up to date in orLeft 
24677      WARN  main            d.u.i.k.p.NodeInfo        No instantiation for #110. Probably branch label not up to date in orLeft 
24677      WARN  main            d.u.i.k.p.NodeInfo        No instantiation for #110. Probably branch label not up to date in orLeft 
24677      WARN  main            d.u.i.k.p.NodeInfo        No instantiation for #110. Probably branch label not up to date in orLeft 
24677      WARN  main            d.u.i.k.p.NodeInfo        No instantiation for #111. Probably branch label not up to date in orLeft 
24677      WARN  main            d.u.i.k.p.NodeInfo        No instantiation for #111. Probably branch label not up to date in orLeft 
24677      WARN  main            d.u.i.k.p.NodeInfo        No instantiation for #112. Probably branch label not up to date in orLeft 
24678      WARN  main            d.u.i.k.p.NodeInfo        No instantiation for #112. Probably branch label not up to date in orLeft 
24678      WARN  main            d.u.i.k.p.NodeInfo        No instantiation for #113. Probably branch label not up to date in orLeft 
24678      WARN  main            d.u.i.k.p.NodeInfo        No instantiation for #113. Probably branch label not up to date in orLeft 
24692      WARN  main            d.u.i.k.p.NodeInfo        No instantiation for #106. Probably branch label not up to date in orLeft 
24693      WARN  main            d.u.i.k.p.NodeInfo        No instantiation for #106. Probably branch label not up to date in orLeft 
24693      WARN  main            d.u.i.k.p.NodeInfo        No instantiation for #106. Probably branch label not up to date in orLeft 
24693      WARN  main            d.u.i.k.p.NodeInfo        No instantiation for #106. Probably branch label not up to date in orLeft 
24693      WARN  main            d.u.i.k.p.NodeInfo        No instantiation for #107. Probably branch label not up to date in orLeft 
24693      WARN  main            d.u.i.k.p.NodeInfo        No instantiation for #107. Probably branch label not up to date in orLeft 
24693      WARN  main            d.u.i.k.p.NodeInfo        No instantiation for #108. Probably branch label not up to date in orLeft 
24693      WARN  main            d.u.i.k.p.NodeInfo        No instantiation for #108. Probably branch label not up to date in orLeft 
24693      WARN  main            d.u.i.k.p.NodeInfo        No instantiation for #109. Probably branch label not up to date in orLeft 
24693      WARN  main            d.u.i.k.p.NodeInfo        No instantiation for #109. Probably branch label not up to date in orLeft 
24693      WARN  main            d.u.i.k.p.NodeInfo        No instantiation for #110. Probably branch label not up to date in orLeft 
24694      WARN  main            d.u.i.k.p.NodeInfo        No instantiation for #110. Probably branch label not up to date in orLeft 
24694      WARN  main            d.u.i.k.p.NodeInfo        No instantiation for #110. Probably branch label not up to date in orLeft 
24694      WARN  main            d.u.i.k.p.NodeInfo        No instantiation for #110. Probably branch label not up to date in orLeft 
24694      WARN  main            d.u.i.k.p.NodeInfo        No instantiation for #110. Probably branch label not up to date in orLeft 
24694      WARN  main            d.u.i.k.p.NodeInfo        No instantiation for #55. Probably branch label not up to date in orLeft 
24699      WARN  main            d.u.i.k.p.NodeInfo        No instantiation for #55. Probably branch label not up to date in orLeft 
24699      WARN  main            d.u.i.k.p.NodeInfo        No instantiation for #56. Probably branch label not up to date in orLeft 
24699      WARN  main            d.u.i.k.p.NodeInfo        No instantiation for #56. Probably branch label not up to date in orLeft 
24700      WARN  main            d.u.i.k.p.NodeInfo        No instantiation for #57. Probably branch label not up to date in orLeft 
24700      WARN  main            d.u.i.k.p.NodeInfo        No instantiation for #57. Probably branch label not up to date in orLeft 
24700      WARN  main            d.u.i.k.p.NodeInfo        No instantiation for #106. Probably branch label not up to date in orLeft 
24700      WARN  main            d.u.i.k.p.NodeInfo        No instantiation for #106. Probably branch label not up to date in orLeft 
24700      WARN  main            d.u.i.k.p.NodeInfo        No instantiation for #106. Probably branch label not up to date in orLeft 
24700      WARN  main            d.u.i.k.p.NodeInfo        No instantiation for #106. Probably branch label not up to date in orLeft 
24700      WARN  main            d.u.i.k.p.NodeInfo        No instantiation for #107. Probably branch label not up to date in orLeft 
24700      WARN  main            d.u.i.k.p.NodeInfo        No instantiation for #107. Probably branch label not up to date in orLeft 
24700      WARN  main            d.u.i.k.p.NodeInfo        No instantiation for #108. Probably branch label not up to date in orLeft 
24700      WARN  main            d.u.i.k.p.NodeInfo        No instantiation for #108. Probably branch label not up to date in orLeft 
24700      WARN  main            d.u.i.k.p.NodeInfo        No instantiation for #109. Probably branch label not up to date in orLeft 
24700      WARN  main            d.u.i.k.p.NodeInfo        No instantiation for #109. Probably branch label not up to date in orLeft 
24702      WARN  main            d.u.i.k.p.NodeInfo        No instantiation for #110. Probably branch label not up to date in orLeft 
24702      WARN  main            d.u.i.k.p.NodeInfo        No instantiation for #110. Probably branch label not up to date in orLeft 
24702      WARN  main            d.u.i.k.p.NodeInfo        No instantiation for #110. Probably branch label not up to date in orLeft 
24702      WARN  main            d.u.i.k.p.NodeInfo        No instantiation for #110. Probably branch label not up to date in orLeft 
24702      WARN  main            d.u.i.k.p.NodeInfo        No instantiation for #110. Probably branch label not up to date in orLeft 
24702      WARN  main            d.u.i.k.p.NodeInfo        No instantiation for #55. Probably branch label not up to date in orLeft 
24702      WARN  main            d.u.i.k.p.NodeInfo        No instantiation for #55. Probably branch label not up to date in orLeft 
24702      WARN  main            d.u.i.k.p.NodeInfo        No instantiation for #56. Probably branch label not up to date in orLeft 
24702      WARN  main            d.u.i.k.p.NodeInfo        No instantiation for #56. Probably branch label not up to date in orLeft 
24702      WARN  main            d.u.i.k.p.NodeInfo        No instantiation for #57. Probably branch label not up to date in orLeft 
24702      WARN  main            d.u.i.k.p.NodeInfo        No instantiation for #57. Probably branch label not up to date in orLeft 
24702      WARN  main            d.u.i.k.p.NodeInfo        No instantiation for #106. Probably branch label not up to date in orLeft 
24703      WARN  main            d.u.i.k.p.NodeInfo        No instantiation for #106. Probably branch label not up to date in orLeft 
24703      WARN  main            d.u.i.k.p.NodeInfo        No instantiation for #106. Probably branch label not up to date in orLeft 
24703      WARN  main            d.u.i.k.p.NodeInfo        No instantiation for #106. Probably branch label not up to date in orLeft 
24703      WARN  main            d.u.i.k.p.NodeInfo        No instantiation for #107. Probably branch label not up to date in orLeft 
24703      WARN  main            d.u.i.k.p.NodeInfo        No instantiation for #107. Probably branch label not up to date in orLeft 
24703      WARN  main            d.u.i.k.p.NodeInfo        No instantiation for #108. Probably branch label not up to date in orLeft 
24703      WARN  main            d.u.i.k.p.NodeInfo        No instantiation for #108. Probably branch label not up to date in orLeft 
24703      WARN  main            d.u.i.k.p.NodeInfo        No instantiation for #109. Probably branch label not up to date in orLeft 
24703      WARN  main            d.u.i.k.p.NodeInfo        No instantiation for #109. Probably branch label not up to date in orLeft 
24703      WARN  main            d.u.i.k.p.NodeInfo        No instantiation for #110. Probably branch label not up to date in orLeft 
24703      WARN  main            d.u.i.k.p.NodeInfo        No instantiation for #110. Probably branch label not up to date in orLeft 
24703      WARN  main            d.u.i.k.p.NodeInfo        No instantiation for #110. Probably branch label not up to date in orLeft 
24704      WARN  main            d.u.i.k.p.NodeInfo        No instantiation for #110. Probably branch label not up to date in orLeft 
24704      WARN  main            d.u.i.k.p.NodeInfo        No instantiation for #110. Probably branch label not up to date in orLeft 
24704      WARN  main            d.u.i.k.p.NodeInfo        No instantiation for #55. Probably branch label not up to date in orLeft 
24704      WARN  main            d.u.i.k.p.NodeInfo        No instantiation for #55. Probably branch label not up to date in orLeft 
24704      WARN  main            d.u.i.k.p.NodeInfo        No instantiation for #56. Probably branch label not up to date in orLeft 
24704      WARN  main            d.u.i.k.p.NodeInfo        No instantiation for #56. Probably branch label not up to date in orLeft 
24704      WARN  main            d.u.i.k.p.NodeInfo        No instantiation for #57. Probably branch label not up to date in orLeft 
24704      WARN  main            d.u.i.k.p.NodeInfo        No instantiation for #57. Probably branch label not up to date in orLeft 
24704      WARN  main            d.u.i.k.p.NodeInfo        No instantiation for #106. Probably branch label not up to date in orLeft 
24704      WARN  main            d.u.i.k.p.NodeInfo        No instantiation for #106. Probably branch label not up to date in orLeft 
24704      WARN  main            d.u.i.k.p.NodeInfo        No instantiation for #106. Probably branch label not up to date in orLeft 
24704      WARN  main            d.u.i.k.p.NodeInfo        No instantiation for #106. Probably branch label not up to date in orLeft 
24704      WARN  main            d.u.i.k.p.NodeInfo        No instantiation for #107. Probably branch label not up to date in orLeft 
24705      WARN  main            d.u.i.k.p.NodeInfo        No instantiation for #107. Probably branch label not up to date in orLeft 
24705      WARN  main            d.u.i.k.p.NodeInfo        No instantiation for #108. Probably branch label not up to date in orLeft 
24705      WARN  main            d.u.i.k.p.NodeInfo        No instantiation for #108. Probably branch label not up to date in orLeft 
24705      WARN  main            d.u.i.k.p.NodeInfo        No instantiation for #109. Probably branch label not up to date in orLeft 
24705      WARN  main            d.u.i.k.p.NodeInfo        No instantiation for #109. Probably branch label not up to date in orLeft 
24705      WARN  main            d.u.i.k.p.NodeInfo        No instantiation for #110. Probably branch label not up to date in orLeft 
24705      WARN  main            d.u.i.k.p.NodeInfo        No instantiation for #110. Probably branch label not up to date in orLeft 
24705      WARN  main            d.u.i.k.p.NodeInfo        No instantiation for #110. Probably branch label not up to date in orLeft 
24705      WARN  main            d.u.i.k.p.NodeInfo        No instantiation for #110. Probably branch label not up to date in orLeft 
24705      WARN  main            d.u.i.k.p.NodeInfo        No instantiation for #110. Probably branch label not up to date in orLeft 
24705      WARN  main            d.u.i.k.p.NodeInfo        No instantiation for #87. Probably branch label not up to date in orLeft 
24706      WARN  main            d.u.i.k.p.NodeInfo        No instantiation for #87. Probably branch label not up to date in orLeft 
24706      WARN  main            d.u.i.k.p.NodeInfo        No instantiation for #88. Probably branch label not up to date in orLeft 
24706      WARN  main            d.u.i.k.p.NodeInfo        No instantiation for #88. Probably branch label not up to date in orLeft 
24706      WARN  main            d.u.i.k.p.NodeInfo        No instantiation for #89. Probably branch label not up to date in orLeft 
24706      WARN  main            d.u.i.k.p.NodeInfo        No instantiation for #89. Probably branch label not up to date in orLeft 
24707      WARN  main            d.u.i.k.p.NodeInfo        No instantiation for #106. Probably branch label not up to date in orLeft 
24707      WARN  main            d.u.i.k.p.NodeInfo        No instantiation for #106. Probably branch label not up to date in orLeft 
24707      WARN  main            d.u.i.k.p.NodeInfo        No instantiation for #106. Probably branch label not up to date in orLeft 
24707      WARN  main            d.u.i.k.p.NodeInfo        No instantiation for #106. Probably branch label not up to date in orLeft 
24707      WARN  main            d.u.i.k.p.NodeInfo        No instantiation for #107. Probably branch label not up to date in orLeft 
24707      WARN  main            d.u.i.k.p.NodeInfo        No instantiation for #107. Probably branch label not up to date in orLeft 
24707      WARN  main            d.u.i.k.p.NodeInfo        No instantiation for #108. Probably branch label not up to date in orLeft 
24707      WARN  main            d.u.i.k.p.NodeInfo        No instantiation for #108. Probably branch label not up to date in orLeft 
24707      WARN  main            d.u.i.k.p.NodeInfo        No instantiation for #109. Probably branch label not up to date in orLeft 
24707      WARN  main            d.u.i.k.p.NodeInfo        No instantiation for #109. Probably branch label not up to date in orLeft 
24707      WARN  main            d.u.i.k.p.NodeInfo        No instantiation for #110. Probably branch label not up to date in orLeft 
24707      WARN  main            d.u.i.k.p.NodeInfo        No instantiation for #110. Probably branch label not up to date in orLeft 
24708      WARN  main            d.u.i.k.p.NodeInfo        No instantiation for #110. Probably branch label not up to date in orLeft 
24708      WARN  main            d.u.i.k.p.NodeInfo        No instantiation for #110. Probably branch label not up to date in orLeft 
24708      WARN  main            d.u.i.k.p.NodeInfo        No instantiation for #110. Probably branch label not up to date in orLeft 
24708      WARN  main            d.u.i.k.p.NodeInfo        No instantiation for #55. Probably branch label not up to date in orLeft 
24708      WARN  main            d.u.i.k.p.NodeInfo        No instantiation for #55. Probably branch label not up to date in orLeft 
24708      WARN  main            d.u.i.k.p.NodeInfo        No instantiation for #56. Probably branch label not up to date in orLeft 
24708      WARN  main            d.u.i.k.p.NodeInfo        No instantiation for #56. Probably branch label not up to date in orLeft 
24708      WARN  main            d.u.i.k.p.NodeInfo        No instantiation for #57. Probably branch label not up to date in orLeft 
24708      WARN  main            d.u.i.k.p.NodeInfo        No instantiation for #57. Probably branch label not up to date in orLeft 
24708      WARN  main            d.u.i.k.p.NodeInfo        No instantiation for #106. Probably branch label not up to date in orLeft 
24708      WARN  main            d.u.i.k.p.NodeInfo        No instantiation for #106. Probably branch label not up to date in orLeft 
24708      WARN  main            d.u.i.k.p.NodeInfo        No instantiation for #106. Probably branch label not up to date in orLeft 
24708      WARN  main            d.u.i.k.p.NodeInfo        No instantiation for #106. Probably branch label not up to date in orLeft 
24709      WARN  main            d.u.i.k.p.NodeInfo        No instantiation for #107. Probably branch label not up to date in orLeft 
24709      WARN  main            d.u.i.k.p.NodeInfo        No instantiation for #107. Probably branch label not up to date in orLeft 
24709      WARN  main            d.u.i.k.p.NodeInfo        No instantiation for #108. Probably branch label not up to date in orLeft 
24709      WARN  main            d.u.i.k.p.NodeInfo        No instantiation for #108. Probably branch label not up to date in orLeft 
24709      WARN  main            d.u.i.k.p.NodeInfo        No instantiation for #109. Probably branch label not up to date in orLeft 
24709      WARN  main            d.u.i.k.p.NodeInfo        No instantiation for #109. Probably branch label not up to date in orLeft 
24709      WARN  main            d.u.i.k.p.NodeInfo        No instantiation for #110. Probably branch label not up to date in orLeft 
24709      WARN  main            d.u.i.k.p.NodeInfo        No instantiation for #110. Probably branch label not up to date in orLeft 
24709      WARN  main            d.u.i.k.p.NodeInfo        No instantiation for #110. Probably branch label not up to date in orLeft 
24709      WARN  main            d.u.i.k.p.NodeInfo        No instantiation for #110. Probably branch label not up to date in orLeft 
24709      WARN  main            d.u.i.k.p.NodeInfo        No instantiation for #110. Probably branch label not up to date in orLeft 
24709      WARN  main            d.u.i.k.p.NodeInfo        No instantiation for #111. Probably branch label not up to date in orLeft 
24709      WARN  main            d.u.i.k.p.NodeInfo        No instantiation for #111. Probably branch label not up to date in orLeft 
24710      WARN  main            d.u.i.k.p.NodeInfo        No instantiation for #112. Probably branch label not up to date in orLeft 
24710      WARN  main            d.u.i.k.p.NodeInfo        No instantiation for #112. Probably branch label not up to date in orLeft 
24710      WARN  main            d.u.i.k.p.NodeInfo        No instantiation for #113. Probably branch label not up to date in orLeft 
24710      WARN  main            d.u.i.k.p.NodeInfo        No instantiation for #113. Probably branch label not up to date in orLeft 
24710      WARN  main            d.u.i.k.p.NodeInfo        No instantiation for #106. Probably branch label not up to date in orLeft 
24710      WARN  main            d.u.i.k.p.NodeInfo        No instantiation for #106. Probably branch label not up to date in orLeft 
24710      WARN  main            d.u.i.k.p.NodeInfo        No instantiation for #106. Probably branch label not up to date in orLeft 
24710      WARN  main            d.u.i.k.p.NodeInfo        No instantiation for #106. Probably branch label not up to date in orLeft 
24710      WARN  main            d.u.i.k.p.NodeInfo        No instantiation for #107. Probably branch label not up to date in orLeft 
24710      WARN  main            d.u.i.k.p.NodeInfo        No instantiation for #107. Probably branch label not up to date in orLeft 
24710      WARN  main            d.u.i.k.p.NodeInfo        No instantiation for #108. Probably branch label not up to date in orLeft 
24710      WARN  main            d.u.i.k.p.NodeInfo        No instantiation for #108. Probably branch label not up to date in orLeft 
24710      WARN  main            d.u.i.k.p.NodeInfo        No instantiation for #109. Probably branch label not up to date in orLeft 
24711      WARN  main            d.u.i.k.p.NodeInfo        No instantiation for #109. Probably branch label not up to date in orLeft 
24711      WARN  main            d.u.i.k.p.NodeInfo        No instantiation for #110. Probably branch label not up to date in orLeft 
24711      WARN  main            d.u.i.k.p.NodeInfo        No instantiation for #110. Probably branch label not up to date in orLeft 
24711      WARN  main            d.u.i.k.p.NodeInfo        No instantiation for #110. Probably branch label not up to date in orLeft 
24711      WARN  main            d.u.i.k.p.NodeInfo        No instantiation for #110. Probably branch label not up to date in orLeft 
24711      WARN  main            d.u.i.k.p.NodeInfo        No instantiation for #110. Probably branch label not up to date in orLeft 
24711      WARN  main            d.u.i.k.p.NodeInfo        No instantiation for #87. Probably branch label not up to date in orLeft 
24711      WARN  main            d.u.i.k.p.NodeInfo        No instantiation for #87. Probably branch label not up to date in orLeft 
24711      WARN  main            d.u.i.k.p.NodeInfo        No instantiation for #88. Probably branch label not up to date in orLeft 
24711      WARN  main            d.u.i.k.p.NodeInfo        No instantiation for #88. Probably branch label not up to date in orLeft 
24711      WARN  main            d.u.i.k.p.NodeInfo        No instantiation for #89. Probably branch label not up to date in orLeft 
24711      WARN  main            d.u.i.k.p.NodeInfo        No instantiation for #89. Probably branch label not up to date in orLeft 
24712      WARN  main            d.u.i.k.p.NodeInfo        No instantiation for #106. Probably branch label not up to date in orLeft 
24712      WARN  main            d.u.i.k.p.NodeInfo        No instantiation for #106. Probably branch label not up to date in orLeft 
24712      WARN  main            d.u.i.k.p.NodeInfo        No instantiation for #106. Probably branch label not up to date in orLeft 
24712      WARN  main            d.u.i.k.p.NodeInfo        No instantiation for #106. Probably branch label not up to date in orLeft 
24712      WARN  main            d.u.i.k.p.NodeInfo        No instantiation for #107. Probably branch label not up to date in orLeft 
24712      WARN  main            d.u.i.k.p.NodeInfo        No instantiation for #107. Probably branch label not up to date in orLeft 
24712      WARN  main            d.u.i.k.p.NodeInfo        No instantiation for #108. Probably branch label not up to date in orLeft 
24712      WARN  main            d.u.i.k.p.NodeInfo        No instantiation for #108. Probably branch label not up to date in orLeft 
24712      WARN  main            d.u.i.k.p.NodeInfo        No instantiation for #109. Probably branch label not up to date in orLeft 
24712      WARN  main            d.u.i.k.p.NodeInfo        No instantiation for #109. Probably branch label not up to date in orLeft 
24712      WARN  main            d.u.i.k.p.NodeInfo        No instantiation for #110. Probably branch label not up to date in orLeft 
24712      WARN  main            d.u.i.k.p.NodeInfo        No instantiation for #110. Probably branch label not up to date in orLeft 
24712      WARN  main            d.u.i.k.p.NodeInfo        No instantiation for #110. Probably branch label not up to date in orLeft 
24713      WARN  main            d.u.i.k.p.NodeInfo        No instantiation for #110. Probably branch label not up to date in orLeft 
24713      WARN  main            d.u.i.k.p.NodeInfo        No instantiation for #110. Probably branch label not up to date in orLeft 
24713      WARN  main            d.u.i.k.p.NodeInfo        No instantiation for #87. Probably branch label not up to date in orLeft 
24713      WARN  main            d.u.i.k.p.NodeInfo        No instantiation for #87. Probably branch label not up to date in orLeft 
24713      WARN  main            d.u.i.k.p.NodeInfo        No instantiation for #88. Probably branch label not up to date in orLeft 
24713      WARN  main            d.u.i.k.p.NodeInfo        No instantiation for #88. Probably branch label not up to date in orLeft 
24713      WARN  main            d.u.i.k.p.NodeInfo        No instantiation for #89. Probably branch label not up to date in orLeft 
24713      WARN  main            d.u.i.k.p.NodeInfo        No instantiation for #89. Probably branch label not up to date in orLeft 
24739      WARN  main            d.u.i.k.p.NodeInfo        No instantiation for #106. Probably branch label not up to date in orLeft 
24740      WARN  main            d.u.i.k.p.NodeInfo        No instantiation for #106. Probably branch label not up to date in orLeft 
24740      WARN  main            d.u.i.k.p.NodeInfo        No instantiation for #106. Probably branch label not up to date in orLeft 
24740      WARN  main            d.u.i.k.p.NodeInfo        No instantiation for #106. Probably branch label not up to date in orLeft 
24740      WARN  main            d.u.i.k.p.NodeInfo        No instantiation for #107. Probably branch label not up to date in orLeft 
24740      WARN  main            d.u.i.k.p.NodeInfo        No instantiation for #107. Probably branch label not up to date in orLeft 
24740      WARN  main            d.u.i.k.p.NodeInfo        No instantiation for #108. Probably branch label not up to date in orLeft 
24740      WARN  main            d.u.i.k.p.NodeInfo        No instantiation for #108. Probably branch label not up to date in orLeft 
24740      WARN  main            d.u.i.k.p.NodeInfo        No instantiation for #109. Probably branch label not up to date in orLeft 
24740      WARN  main            d.u.i.k.p.NodeInfo        No instantiation for #109. Probably branch label not up to date in orLeft 
24741      WARN  main            d.u.i.k.p.NodeInfo        No instantiation for #110. Probably branch label not up to date in orLeft 
24741      WARN  main            d.u.i.k.p.NodeInfo        No instantiation for #110. Probably branch label not up to date in orLeft 
24741      WARN  main            d.u.i.k.p.NodeInfo        No instantiation for #110. Probably branch label not up to date in orLeft 
24741      WARN  main            d.u.i.k.p.NodeInfo        No instantiation for #110. Probably branch label not up to date in orLeft 
24741      WARN  main            d.u.i.k.p.NodeInfo        No instantiation for #110. Probably branch label not up to date in orLeft 
24741      WARN  main            d.u.i.k.p.NodeInfo        No instantiation for #87. Probably branch label not up to date in orLeft 
24741      WARN  main            d.u.i.k.p.NodeInfo        No instantiation for #87. Probably branch label not up to date in orLeft 
24741      WARN  main            d.u.i.k.p.NodeInfo        No instantiation for #88. Probably branch label not up to date in orLeft 
24741      WARN  main            d.u.i.k.p.NodeInfo        No instantiation for #88. Probably branch label not up to date in orLeft 
24741      WARN  main            d.u.i.k.p.NodeInfo        No instantiation for #89. Probably branch label not up to date in orLeft 
24741      WARN  main            d.u.i.k.p.NodeInfo        No instantiation for #89. Probably branch label not up to date in orLeft 
24741      WARN  main            d.u.i.k.p.NodeInfo        No instantiation for #106. Probably branch label not up to date in orLeft 
24741      WARN  main            d.u.i.k.p.NodeInfo        No instantiation for #106. Probably branch label not up to date in orLeft 
24742      WARN  main            d.u.i.k.p.NodeInfo        No instantiation for #106. Probably branch label not up to date in orLeft 
24742      WARN  main            d.u.i.k.p.NodeInfo        No instantiation for #106. Probably branch label not up to date in orLeft 
24742      WARN  main            d.u.i.k.p.NodeInfo        No instantiation for #107. Probably branch label not up to date in orLeft 
24742      WARN  main            d.u.i.k.p.NodeInfo        No instantiation for #107. Probably branch label not up to date in orLeft 
24742      WARN  main            d.u.i.k.p.NodeInfo        No instantiation for #108. Probably branch label not up to date in orLeft 
24742      WARN  main            d.u.i.k.p.NodeInfo        No instantiation for #108. Probably branch label not up to date in orLeft 
24742      WARN  main            d.u.i.k.p.NodeInfo        No instantiation for #109. Probably branch label not up to date in orLeft 
24742      WARN  main            d.u.i.k.p.NodeInfo        No instantiation for #109. Probably branch label not up to date in orLeft 
24742      WARN  main            d.u.i.k.p.NodeInfo        No instantiation for #110. Probably branch label not up to date in orLeft 
24742      WARN  main            d.u.i.k.p.NodeInfo        No instantiation for #110. Probably branch label not up to date in orLeft 
24742      WARN  main            d.u.i.k.p.NodeInfo        No instantiation for #110. Probably branch label not up to date in orLeft 
24742      WARN  main            d.u.i.k.p.NodeInfo        No instantiation for #110. Probably branch label not up to date in orLeft 
24742      WARN  main            d.u.i.k.p.NodeInfo        No instantiation for #110. Probably branch label not up to date in orLeft 
24743      WARN  main            d.u.i.k.p.NodeInfo        No instantiation for #87. Probably branch label not up to date in orLeft 
24743      WARN  main            d.u.i.k.p.NodeInfo        No instantiation for #87. Probably branch label not up to date in orLeft 
24743      WARN  main            d.u.i.k.p.NodeInfo        No instantiation for #88. Probably branch label not up to date in orLeft 
24743      WARN  main            d.u.i.k.p.NodeInfo        No instantiation for #88. Probably branch label not up to date in orLeft 
24743      WARN  main            d.u.i.k.p.NodeInfo        No instantiation for #89. Probably branch label not up to date in orLeft 
24743      WARN  main            d.u.i.k.p.NodeInfo        No instantiation for #89. Probably branch label not up to date in orLeft 
24754      WARN  main            d.u.i.k.p.NodeInfo        No instantiation for #106. Probably branch label not up to date in orLeft 
24755      WARN  main            d.u.i.k.p.NodeInfo        No instantiation for #106. Probably branch label not up to date in orLeft 
24755      WARN  main            d.u.i.k.p.NodeInfo        No instantiation for #106. Probably branch label not up to date in orLeft 
24755      WARN  main            d.u.i.k.p.NodeInfo        No instantiation for #106. Probably branch label not up to date in orLeft 
24755      WARN  main            d.u.i.k.p.NodeInfo        No instantiation for #107. Probably branch label not up to date in orLeft 
24755      WARN  main            d.u.i.k.p.NodeInfo        No instantiation for #107. Probably branch label not up to date in orLeft 
24755      WARN  main            d.u.i.k.p.NodeInfo        No instantiation for #108. Probably branch label not up to date in orLeft 
24755      WARN  main            d.u.i.k.p.NodeInfo        No instantiation for #108. Probably branch label not up to date in orLeft 
24755      WARN  main            d.u.i.k.p.NodeInfo        No instantiation for #109. Probably branch label not up to date in orLeft 
24755      WARN  main            d.u.i.k.p.NodeInfo        No instantiation for #109. Probably branch label not up to date in orLeft 
24755      WARN  main            d.u.i.k.p.NodeInfo        No instantiation for #110. Probably branch label not up to date in orLeft 
24755      WARN  main            d.u.i.k.p.NodeInfo        No instantiation for #110. Probably branch label not up to date in orLeft 
24755      WARN  main            d.u.i.k.p.NodeInfo        No instantiation for #110. Probably branch label not up to date in orLeft 
24755      WARN  main            d.u.i.k.p.NodeInfo        No instantiation for #110. Probably branch label not up to date in orLeft 
24755      WARN  main            d.u.i.k.p.NodeInfo        No instantiation for #110. Probably branch label not up to date in orLeft 
24756      WARN  main            d.u.i.k.p.NodeInfo        No instantiation for #55. Probably branch label not up to date in orLeft 
24756      WARN  main            d.u.i.k.p.NodeInfo        No instantiation for #55. Probably branch label not up to date in orLeft 
24756      WARN  main            d.u.i.k.p.NodeInfo        No instantiation for #56. Probably branch label not up to date in orLeft 
24756      WARN  main            d.u.i.k.p.NodeInfo        No instantiation for #56. Probably branch label not up to date in orLeft 
24756      WARN  main            d.u.i.k.p.NodeInfo        No instantiation for #57. Probably branch label not up to date in orLeft 
24756      WARN  main            d.u.i.k.p.NodeInfo        No instantiation for #57. Probably branch label not up to date in orLeft 
24756      WARN  main            d.u.i.k.p.NodeInfo        No instantiation for #106. Probably branch label not up to date in orLeft 
24756      WARN  main            d.u.i.k.p.NodeInfo        No instantiation for #106. Probably branch label not up to date in orLeft 
24756      WARN  main            d.u.i.k.p.NodeInfo        No instantiation for #106. Probably branch label not up to date in orLeft 
24756      WARN  main            d.u.i.k.p.NodeInfo        No instantiation for #106. Probably branch label not up to date in orLeft 
24756      WARN  main            d.u.i.k.p.NodeInfo        No instantiation for #107. Probably branch label not up to date in orLeft 
24756      WARN  main            d.u.i.k.p.NodeInfo        No instantiation for #107. Probably branch label not up to date in orLeft 
24756      WARN  main            d.u.i.k.p.NodeInfo        No instantiation for #108. Probably branch label not up to date in orLeft 
24756      WARN  main            d.u.i.k.p.NodeInfo        No instantiation for #108. Probably branch label not up to date in orLeft 
24757      WARN  main            d.u.i.k.p.NodeInfo        No instantiation for #109. Probably branch label not up to date in orLeft 
24757      WARN  main            d.u.i.k.p.NodeInfo        No instantiation for #109. Probably branch label not up to date in orLeft 
24757      WARN  main            d.u.i.k.p.NodeInfo        No instantiation for #110. Probably branch label not up to date in orLeft 
24757      WARN  main            d.u.i.k.p.NodeInfo        No instantiation for #110. Probably branch label not up to date in orLeft 
24757      WARN  main            d.u.i.k.p.NodeInfo        No instantiation for #110. Probably branch label not up to date in orLeft 
24757      WARN  main            d.u.i.k.p.NodeInfo        No instantiation for #110. Probably branch label not up to date in orLeft 
24757      WARN  main            d.u.i.k.p.NodeInfo        No instantiation for #110. Probably branch label not up to date in orLeft 
24757      WARN  main            d.u.i.k.p.NodeInfo        No instantiation for #55. Probably branch label not up to date in orLeft 
24757      WARN  main            d.u.i.k.p.NodeInfo        No instantiation for #55. Probably branch label not up to date in orLeft 
24757      WARN  main            d.u.i.k.p.NodeInfo        No instantiation for #56. Probably branch label not up to date in orLeft 
24757      WARN  main            d.u.i.k.p.NodeInfo        No instantiation for #56. Probably branch label not up to date in orLeft 
24757      WARN  main            d.u.i.k.p.NodeInfo        No instantiation for #57. Probably branch label not up to date in orLeft 
24757      WARN  main            d.u.i.k.p.NodeInfo        No instantiation for #57. Probably branch label not up to date in orLeft 
24757      WARN  main            d.u.i.k.p.NodeInfo        No instantiation for #106. Probably branch label not up to date in orLeft 
24761      WARN  main            d.u.i.k.p.NodeInfo        No instantiation for #106. Probably branch label not up to date in orLeft 
24761      WARN  main            d.u.i.k.p.NodeInfo        No instantiation for #106. Probably branch label not up to date in orLeft 
24761      WARN  main            d.u.i.k.p.NodeInfo        No instantiation for #106. Probably branch label not up to date in orLeft 
24761      WARN  main            d.u.i.k.p.NodeInfo        No instantiation for #107. Probably branch label not up to date in orLeft 
24761      WARN  main            d.u.i.k.p.NodeInfo        No instantiation for #107. Probably branch label not up to date in orLeft 
24761      WARN  main            d.u.i.k.p.NodeInfo        No instantiation for #108. Probably branch label not up to date in orLeft 
24761      WARN  main            d.u.i.k.p.NodeInfo        No instantiation for #108. Probably branch label not up to date in orLeft 
24761      WARN  main            d.u.i.k.p.NodeInfo        No instantiation for #109. Probably branch label not up to date in orLeft 
24761      WARN  main            d.u.i.k.p.NodeInfo        No instantiation for #109. Probably branch label not up to date in orLeft 
24761      WARN  main            d.u.i.k.p.NodeInfo        No instantiation for #110. Probably branch label not up to date in orLeft 
24762      WARN  main            d.u.i.k.p.NodeInfo        No instantiation for #110. Probably branch label not up to date in orLeft 
24762      WARN  main            d.u.i.k.p.NodeInfo        No instantiation for #110. Probably branch label not up to date in orLeft 
24762      WARN  main            d.u.i.k.p.NodeInfo        No instantiation for #110. Probably branch label not up to date in orLeft 
24762      WARN  main            d.u.i.k.p.NodeInfo        No instantiation for #110. Probably branch label not up to date in orLeft 
24762      WARN  main            d.u.i.k.p.NodeInfo        No instantiation for #55. Probably branch label not up to date in orLeft 
24762      WARN  main            d.u.i.k.p.NodeInfo        No instantiation for #55. Probably branch label not up to date in orLeft 
24762      WARN  main            d.u.i.k.p.NodeInfo        No instantiation for #56. Probably branch label not up to date in orLeft 
24762      WARN  main            d.u.i.k.p.NodeInfo        No instantiation for #56. Probably branch label not up to date in orLeft 
24762      WARN  main            d.u.i.k.p.NodeInfo        No instantiation for #57. Probably branch label not up to date in orLeft 
24762      WARN  main            d.u.i.k.p.NodeInfo        No instantiation for #57. Probably branch label not up to date in orLeft 
24762      WARN  main            d.u.i.k.p.NodeInfo        No instantiation for #106. Probably branch label not up to date in orLeft 
24762      WARN  main            d.u.i.k.p.NodeInfo        No instantiation for #106. Probably branch label not up to date in orLeft 
24762      WARN  main            d.u.i.k.p.NodeInfo        No instantiation for #106. Probably branch label not up to date in orLeft 
24762      WARN  main            d.u.i.k.p.NodeInfo        No instantiation for #106. Probably branch label not up to date in orLeft 
24763      WARN  main            d.u.i.k.p.NodeInfo        No instantiation for #107. Probably branch label not up to date in orLeft 
24763      WARN  main            d.u.i.k.p.NodeInfo        No instantiation for #107. Probably branch label not up to date in orLeft 
24763      WARN  main            d.u.i.k.p.NodeInfo        No instantiation for #108. Probably branch label not up to date in orLeft 
24765      WARN  main            d.u.i.k.p.NodeInfo        No instantiation for #108. Probably branch label not up to date in orLeft 
24765      WARN  main            d.u.i.k.p.NodeInfo        No instantiation for #109. Probably branch label not up to date in orLeft 
24765      WARN  main            d.u.i.k.p.NodeInfo        No instantiation for #109. Probably branch label not up to date in orLeft 
24765      WARN  main            d.u.i.k.p.NodeInfo        No instantiation for #110. Probably branch label not up to date in orLeft 
24766      WARN  main            d.u.i.k.p.NodeInfo        No instantiation for #110. Probably branch label not up to date in orLeft 
24766      WARN  main            d.u.i.k.p.NodeInfo        No instantiation for #110. Probably branch label not up to date in orLeft 
24766      WARN  main            d.u.i.k.p.NodeInfo        No instantiation for #110. Probably branch label not up to date in orLeft 
24766      WARN  main            d.u.i.k.p.NodeInfo        No instantiation for #110. Probably branch label not up to date in orLeft 
24766      WARN  main            d.u.i.k.p.NodeInfo        No instantiation for #87. Probably branch label not up to date in orLeft 
24766      WARN  main            d.u.i.k.p.NodeInfo        No instantiation for #87. Probably branch label not up to date in orLeft 
24767      WARN  main            d.u.i.k.p.NodeInfo        No instantiation for #88. Probably branch label not up to date in orLeft 
24767      WARN  main            d.u.i.k.p.NodeInfo        No instantiation for #88. Probably branch label not up to date in orLeft 
24767      WARN  main            d.u.i.k.p.NodeInfo        No instantiation for #89. Probably branch label not up to date in orLeft 
24767      WARN  main            d.u.i.k.p.NodeInfo        No instantiation for #89. Probably branch label not up to date in orLeft 
24767      WARN  main            d.u.i.k.p.NodeInfo        No instantiation for #106. Probably branch label not up to date in orLeft 
24767      WARN  main            d.u.i.k.p.NodeInfo        No instantiation for #106. Probably branch label not up to date in orLeft 
24767      WARN  main            d.u.i.k.p.NodeInfo        No instantiation for #106. Probably branch label not up to date in orLeft 
24767      WARN  main            d.u.i.k.p.NodeInfo        No instantiation for #106. Probably branch label not up to date in orLeft 
24767      WARN  main            d.u.i.k.p.NodeInfo        No instantiation for #107. Probably branch label not up to date in orLeft 
24767      WARN  main            d.u.i.k.p.NodeInfo        No instantiation for #107. Probably branch label not up to date in orLeft 
24767      WARN  main            d.u.i.k.p.NodeInfo        No instantiation for #108. Probably branch label not up to date in orLeft 
24767      WARN  main            d.u.i.k.p.NodeInfo        No instantiation for #108. Probably branch label not up to date in orLeft 
24767      WARN  main            d.u.i.k.p.NodeInfo        No instantiation for #109. Probably branch label not up to date in orLeft 
24768      WARN  main            d.u.i.k.p.NodeInfo        No instantiation for #109. Probably branch label not up to date in orLeft 
24768      WARN  main            d.u.i.k.p.NodeInfo        No instantiation for #110. Probably branch label not up to date in orLeft 
24768      WARN  main            d.u.i.k.p.NodeInfo        No instantiation for #110. Probably branch label not up to date in orLeft 
24768      WARN  main            d.u.i.k.p.NodeInfo        No instantiation for #110. Probably branch label not up to date in orLeft 
24768      WARN  main            d.u.i.k.p.NodeInfo        No instantiation for #110. Probably branch label not up to date in orLeft 
24768      WARN  main            d.u.i.k.p.NodeInfo        No instantiation for #110. Probably branch label not up to date in orLeft 
24768      WARN  main            d.u.i.k.p.NodeInfo        No instantiation for #55. Probably branch label not up to date in orLeft 
24768      WARN  main            d.u.i.k.p.NodeInfo        No instantiation for #55. Probably branch label not up to date in orLeft 
24768      WARN  main            d.u.i.k.p.NodeInfo        No instantiation for #56. Probably branch label not up to date in orLeft 
24768      WARN  main            d.u.i.k.p.NodeInfo        No instantiation for #56. Probably branch label not up to date in orLeft 
24768      WARN  main            d.u.i.k.p.NodeInfo        No instantiation for #57. Probably branch label not up to date in orLeft 
24768      WARN  main            d.u.i.k.p.NodeInfo        No instantiation for #57. Probably branch label not up to date in orLeft 
24768      WARN  main            d.u.i.k.p.NodeInfo        No instantiation for #106. Probably branch label not up to date in orLeft 
24768      WARN  main            d.u.i.k.p.NodeInfo        No instantiation for #106. Probably branch label not up to date in orLeft 
24769      WARN  main            d.u.i.k.p.NodeInfo        No instantiation for #106. Probably branch label not up to date in orLeft 
24769      WARN  main            d.u.i.k.p.NodeInfo        No instantiation for #106. Probably branch label not up to date in orLeft 
24769      WARN  main            d.u.i.k.p.NodeInfo        No instantiation for #107. Probably branch label not up to date in orLeft 
24769      WARN  main            d.u.i.k.p.NodeInfo        No instantiation for #107. Probably branch label not up to date in orLeft 
24769      WARN  main            d.u.i.k.p.NodeInfo        No instantiation for #108. Probably branch label not up to date in orLeft 
24769      WARN  main            d.u.i.k.p.NodeInfo        No instantiation for #108. Probably branch label not up to date in orLeft 
24769      WARN  main            d.u.i.k.p.NodeInfo        No instantiation for #109. Probably branch label not up to date in orLeft 
24770      WARN  main            d.u.i.k.p.NodeInfo        No instantiation for #109. Probably branch label not up to date in orLeft 
24770      WARN  main            d.u.i.k.p.NodeInfo        No instantiation for #110. Probably branch label not up to date in orLeft 
24770      WARN  main            d.u.i.k.p.NodeInfo        No instantiation for #110. Probably branch label not up to date in orLeft 
24770      WARN  main            d.u.i.k.p.NodeInfo        No instantiation for #110. Probably branch label not up to date in orLeft 
24770      WARN  main            d.u.i.k.p.NodeInfo        No instantiation for #110. Probably branch label not up to date in orLeft 
24770      WARN  main            d.u.i.k.p.NodeInfo        No instantiation for #110. Probably branch label not up to date in orLeft 
24770      WARN  main            d.u.i.k.p.NodeInfo        No instantiation for #111. Probably branch label not up to date in orLeft 
24770      WARN  main            d.u.i.k.p.NodeInfo        No instantiation for #111. Probably branch label not up to date in orLeft 
24770      WARN  main            d.u.i.k.p.NodeInfo        No instantiation for #112. Probably branch label not up to date in orLeft 
24770      WARN  main            d.u.i.k.p.NodeInfo        No instantiation for #112. Probably branch label not up to date in orLeft 
24770      WARN  main            d.u.i.k.p.NodeInfo        No instantiation for #113. Probably branch label not up to date in orLeft 
24770      WARN  main            d.u.i.k.p.NodeInfo        No instantiation for #113. Probably branch label not up to date in orLeft 
24796      WARN  main            d.u.i.k.p.NodeInfo        No instantiation for #106. Probably branch label not up to date in orLeft 
24797      WARN  main            d.u.i.k.p.NodeInfo        No instantiation for #106. Probably branch label not up to date in orLeft 
24797      WARN  main            d.u.i.k.p.NodeInfo        No instantiation for #106. Probably branch label not up to date in orLeft 
24797      WARN  main            d.u.i.k.p.NodeInfo        No instantiation for #106. Probably branch label not up to date in orLeft 
24797      WARN  main            d.u.i.k.p.NodeInfo        No instantiation for #107. Probably branch label not up to date in orLeft 
24797      WARN  main            d.u.i.k.p.NodeInfo        No instantiation for #107. Probably branch label not up to date in orLeft 
24797      WARN  main            d.u.i.k.p.NodeInfo        No instantiation for #108. Probably branch label not up to date in orLeft 
24797      WARN  main            d.u.i.k.p.NodeInfo        No instantiation for #108. Probably branch label not up to date in orLeft 
24797      WARN  main            d.u.i.k.p.NodeInfo        No instantiation for #109. Probably branch label not up to date in orLeft 
24797      WARN  main            d.u.i.k.p.NodeInfo        No instantiation for #109. Probably branch label not up to date in orLeft 
24797      WARN  main            d.u.i.k.p.NodeInfo        No instantiation for #110. Probably branch label not up to date in orLeft 
24797      WARN  main            d.u.i.k.p.NodeInfo        No instantiation for #110. Probably branch label not up to date in orLeft 
24797      WARN  main            d.u.i.k.p.NodeInfo        No instantiation for #110. Probably branch label not up to date in orLeft 
24798      WARN  main            d.u.i.k.p.NodeInfo        No instantiation for #110. Probably branch label not up to date in orLeft 
24798      WARN  main            d.u.i.k.p.NodeInfo        No instantiation for #110. Probably branch label not up to date in orLeft 
24798      WARN  main            d.u.i.k.p.NodeInfo        No instantiation for #55. Probably branch label not up to date in orLeft 
24798      WARN  main            d.u.i.k.p.NodeInfo        No instantiation for #55. Probably branch label not up to date in orLeft 
24798      WARN  main            d.u.i.k.p.NodeInfo        No instantiation for #56. Probably branch label not up to date in orLeft 
24798      WARN  main            d.u.i.k.p.NodeInfo        No instantiation for #56. Probably branch label not up to date in orLeft 
24798      WARN  main            d.u.i.k.p.NodeInfo        No instantiation for #57. Probably branch label not up to date in orLeft 
24798      WARN  main            d.u.i.k.p.NodeInfo        No instantiation for #57. Probably branch label not up to date in orLeft 
24798      WARN  main            d.u.i.k.p.NodeInfo        No instantiation for #106. Probably branch label not up to date in orLeft 
24798      WARN  main            d.u.i.k.p.NodeInfo        No instantiation for #106. Probably branch label not up to date in orLeft 
24798      WARN  main            d.u.i.k.p.NodeInfo        No instantiation for #106. Probably branch label not up to date in orLeft 
24798      WARN  main            d.u.i.k.p.NodeInfo        No instantiation for #106. Probably branch label not up to date in orLeft 
24798      WARN  main            d.u.i.k.p.NodeInfo        No instantiation for #107. Probably branch label not up to date in orLeft 
24799      WARN  main            d.u.i.k.p.NodeInfo        No instantiation for #107. Probably branch label not up to date in orLeft 
24799      WARN  main            d.u.i.k.p.NodeInfo        No instantiation for #108. Probably branch label not up to date in orLeft 
24799      WARN  main            d.u.i.k.p.NodeInfo        No instantiation for #108. Probably branch label not up to date in orLeft 
24799      WARN  main            d.u.i.k.p.NodeInfo        No instantiation for #109. Probably branch label not up to date in orLeft 
24799      WARN  main            d.u.i.k.p.NodeInfo        No instantiation for #109. Probably branch label not up to date in orLeft 
24799      WARN  main            d.u.i.k.p.NodeInfo        No instantiation for #110. Probably branch label not up to date in orLeft 
24799      WARN  main            d.u.i.k.p.NodeInfo        No instantiation for #110. Probably branch label not up to date in orLeft 
24799      WARN  main            d.u.i.k.p.NodeInfo        No instantiation for #110. Probably branch label not up to date in orLeft 
24799      WARN  main            d.u.i.k.p.NodeInfo        No instantiation for #110. Probably branch label not up to date in orLeft 
24799      WARN  main            d.u.i.k.p.NodeInfo        No instantiation for #110. Probably branch label not up to date in orLeft 
24799      WARN  main            d.u.i.k.p.NodeInfo        No instantiation for #111. Probably branch label not up to date in orLeft 
24799      WARN  main            d.u.i.k.p.NodeInfo        No instantiation for #111. Probably branch label not up to date in orLeft 
24799      WARN  main            d.u.i.k.p.NodeInfo        No instantiation for #112. Probably branch label not up to date in orLeft 
24800      WARN  main            d.u.i.k.p.NodeInfo        No instantiation for #112. Probably branch label not up to date in orLeft 
24800      WARN  main            d.u.i.k.p.NodeInfo        No instantiation for #113. Probably branch label not up to date in orLeft 
24800      WARN  main            d.u.i.k.p.NodeInfo        No instantiation for #113. Probably branch label not up to date in orLeft 
24808      WARN  main            d.u.i.k.p.NodeInfo        No instantiation for #106. Probably branch label not up to date in orLeft 
24808      WARN  main            d.u.i.k.p.NodeInfo        No instantiation for #106. Probably branch label not up to date in orLeft 
24808      WARN  main            d.u.i.k.p.NodeInfo        No instantiation for #106. Probably branch label not up to date in orLeft 
24808      WARN  main            d.u.i.k.p.NodeInfo        No instantiation for #106. Probably branch label not up to date in orLeft 
24808      WARN  main            d.u.i.k.p.NodeInfo        No instantiation for #107. Probably branch label not up to date in orLeft 
24808      WARN  main            d.u.i.k.p.NodeInfo        No instantiation for #107. Probably branch label not up to date in orLeft 
24808      WARN  main            d.u.i.k.p.NodeInfo        No instantiation for #108. Probably branch label not up to date in orLeft 
24809      WARN  main            d.u.i.k.p.NodeInfo        No instantiation for #108. Probably branch label not up to date in orLeft 
24809      WARN  main            d.u.i.k.p.NodeInfo        No instantiation for #109. Probably branch label not up to date in orLeft 
24809      WARN  main            d.u.i.k.p.NodeInfo        No instantiation for #109. Probably branch label not up to date in orLeft 
24809      WARN  main            d.u.i.k.p.NodeInfo        No instantiation for #110. Probably branch label not up to date in orLeft 
24809      WARN  main            d.u.i.k.p.NodeInfo        No instantiation for #110. Probably branch label not up to date in orLeft 
24809      WARN  main            d.u.i.k.p.NodeInfo        No instantiation for #110. Probably branch label not up to date in orLeft 
24809      WARN  main            d.u.i.k.p.NodeInfo        No instantiation for #110. Probably branch label not up to date in orLeft 
24809      WARN  main            d.u.i.k.p.NodeInfo        No instantiation for #110. Probably branch label not up to date in orLeft 
24809      WARN  main            d.u.i.k.p.NodeInfo        No instantiation for #55. Probably branch label not up to date in orLeft 
24809      WARN  main            d.u.i.k.p.NodeInfo        No instantiation for #55. Probably branch label not up to date in orLeft 
24809      WARN  main            d.u.i.k.p.NodeInfo        No instantiation for #56. Probably branch label not up to date in orLeft 
24809      WARN  main            d.u.i.k.p.NodeInfo        No instantiation for #56. Probably branch label not up to date in orLeft 
24809      WARN  main            d.u.i.k.p.NodeInfo        No instantiation for #57. Probably branch label not up to date in orLeft 
24810      WARN  main            d.u.i.k.p.NodeInfo        No instantiation for #57. Probably branch label not up to date in orLeft 
24810      WARN  main            d.u.i.k.p.NodeInfo        No instantiation for #106. Probably branch label not up to date in orLeft 
24810      WARN  main            d.u.i.k.p.NodeInfo        No instantiation for #106. Probably branch label not up to date in orLeft 
24810      WARN  main            d.u.i.k.p.NodeInfo        No instantiation for #106. Probably branch label not up to date in orLeft 
24810      WARN  main            d.u.i.k.p.NodeInfo        No instantiation for #106. Probably branch label not up to date in orLeft 
24810      WARN  main            d.u.i.k.p.NodeInfo        No instantiation for #107. Probably branch label not up to date in orLeft 
24810      WARN  main            d.u.i.k.p.NodeInfo        No instantiation for #107. Probably branch label not up to date in orLeft 
24810      WARN  main            d.u.i.k.p.NodeInfo        No instantiation for #108. Probably branch label not up to date in orLeft 
24810      WARN  main            d.u.i.k.p.NodeInfo        No instantiation for #108. Probably branch label not up to date in orLeft 
24810      WARN  main            d.u.i.k.p.NodeInfo        No instantiation for #109. Probably branch label not up to date in orLeft 
24810      WARN  main            d.u.i.k.p.NodeInfo        No instantiation for #109. Probably branch label not up to date in orLeft 
24811      WARN  main            d.u.i.k.p.NodeInfo        No instantiation for #110. Probably branch label not up to date in orLeft 
24811      WARN  main            d.u.i.k.p.NodeInfo        No instantiation for #110. Probably branch label not up to date in orLeft 
24811      WARN  main            d.u.i.k.p.NodeInfo        No instantiation for #110. Probably branch label not up to date in orLeft 
24811      WARN  main            d.u.i.k.p.NodeInfo        No instantiation for #110. Probably branch label not up to date in orLeft 
24811      WARN  main            d.u.i.k.p.NodeInfo        No instantiation for #110. Probably branch label not up to date in orLeft 
24812      WARN  main            d.u.i.k.p.NodeInfo        No instantiation for #55. Probably branch label not up to date in orLeft 
24812      WARN  main            d.u.i.k.p.NodeInfo        No instantiation for #55. Probably branch label not up to date in orLeft 
24812      WARN  main            d.u.i.k.p.NodeInfo        No instantiation for #56. Probably branch label not up to date in orLeft 
24812      WARN  main            d.u.i.k.p.NodeInfo        No instantiation for #56. Probably branch label not up to date in orLeft 
24812      WARN  main            d.u.i.k.p.NodeInfo        No instantiation for #57. Probably branch label not up to date in orLeft 
24812      WARN  main            d.u.i.k.p.NodeInfo        No instantiation for #57. Probably branch label not up to date in orLeft 
24812      WARN  main            d.u.i.k.p.NodeInfo        No instantiation for #106. Probably branch label not up to date in orLeft 
24812      WARN  main            d.u.i.k.p.NodeInfo        No instantiation for #106. Probably branch label not up to date in orLeft 
24812      WARN  main            d.u.i.k.p.NodeInfo        No instantiation for #106. Probably branch label not up to date in orLeft 
24812      WARN  main            d.u.i.k.p.NodeInfo        No instantiation for #106. Probably branch label not up to date in orLeft 
24813      WARN  main            d.u.i.k.p.NodeInfo        No instantiation for #107. Probably branch label not up to date in orLeft 
24813      WARN  main            d.u.i.k.p.NodeInfo        No instantiation for #107. Probably branch label not up to date in orLeft 
24813      WARN  main            d.u.i.k.p.NodeInfo        No instantiation for #108. Probably branch label not up to date in orLeft 
24813      WARN  main            d.u.i.k.p.NodeInfo        No instantiation for #108. Probably branch label not up to date in orLeft 
24813      WARN  main            d.u.i.k.p.NodeInfo        No instantiation for #109. Probably branch label not up to date in orLeft 
24813      WARN  main            d.u.i.k.p.NodeInfo        No instantiation for #109. Probably branch label not up to date in orLeft 
24813      WARN  main            d.u.i.k.p.NodeInfo        No instantiation for #110. Probably branch label not up to date in orLeft 
24813      WARN  main            d.u.i.k.p.NodeInfo        No instantiation for #110. Probably branch label not up to date in orLeft 
24813      WARN  main            d.u.i.k.p.NodeInfo        No instantiation for #110. Probably branch label not up to date in orLeft 
24813      WARN  main            d.u.i.k.p.NodeInfo        No instantiation for #110. Probably branch label not up to date in orLeft 
24813      WARN  main            d.u.i.k.p.NodeInfo        No instantiation for #110. Probably branch label not up to date in orLeft 
24814      WARN  main            d.u.i.k.p.NodeInfo        No instantiation for #55. Probably branch label not up to date in orLeft 
24814      WARN  main            d.u.i.k.p.NodeInfo        No instantiation for #55. Probably branch label not up to date in orLeft 
24814      WARN  main            d.u.i.k.p.NodeInfo        No instantiation for #56. Probably branch label not up to date in orLeft 
24814      WARN  main            d.u.i.k.p.NodeInfo        No instantiation for #56. Probably branch label not up to date in orLeft 
24814      WARN  main            d.u.i.k.p.NodeInfo        No instantiation for #57. Probably branch label not up to date in orLeft 
24814      WARN  main            d.u.i.k.p.NodeInfo        No instantiation for #57. Probably branch label not up to date in orLeft 
24814      WARN  main            d.u.i.k.p.NodeInfo        No instantiation for #106. Probably branch label not up to date in orLeft 
24814      WARN  main            d.u.i.k.p.NodeInfo        No instantiation for #106. Probably branch label not up to date in orLeft 
24814      WARN  main            d.u.i.k.p.NodeInfo        No instantiation for #106. Probably branch label not up to date in orLeft 
24814      WARN  main            d.u.i.k.p.NodeInfo        No instantiation for #106. Probably branch label not up to date in orLeft 
24814      WARN  main            d.u.i.k.p.NodeInfo        No instantiation for #107. Probably branch label not up to date in orLeft 
24814      WARN  main            d.u.i.k.p.NodeInfo        No instantiation for #107. Probably branch label not up to date in orLeft 
24815      WARN  main            d.u.i.k.p.NodeInfo        No instantiation for #108. Probably branch label not up to date in orLeft 
24815      WARN  main            d.u.i.k.p.NodeInfo        No instantiation for #108. Probably branch label not up to date in orLeft 
24815      WARN  main            d.u.i.k.p.NodeInfo        No instantiation for #109. Probably branch label not up to date in orLeft 
24815      WARN  main            d.u.i.k.p.NodeInfo        No instantiation for #109. Probably branch label not up to date in orLeft 
24815      WARN  main            d.u.i.k.p.NodeInfo        No instantiation for #110. Probably branch label not up to date in orLeft 
24815      WARN  main            d.u.i.k.p.NodeInfo        No instantiation for #110. Probably branch label not up to date in orLeft 
24815      WARN  main            d.u.i.k.p.NodeInfo        No instantiation for #110. Probably branch label not up to date in orLeft 
24815      WARN  main            d.u.i.k.p.NodeInfo        No instantiation for #110. Probably branch label not up to date in orLeft 
24815      WARN  main            d.u.i.k.p.NodeInfo        No instantiation for #110. Probably branch label not up to date in orLeft 
24815      WARN  main            d.u.i.k.p.NodeInfo        No instantiation for #87. Probably branch label not up to date in orLeft 
24815      WARN  main            d.u.i.k.p.NodeInfo        No instantiation for #87. Probably branch label not up to date in orLeft 
24815      WARN  main            d.u.i.k.p.NodeInfo        No instantiation for #88. Probably branch label not up to date in orLeft 
24816      WARN  main            d.u.i.k.p.NodeInfo        No instantiation for #88. Probably branch label not up to date in orLeft 
24816      WARN  main            d.u.i.k.p.NodeInfo        No instantiation for #89. Probably branch label not up to date in orLeft 
24816      WARN  main            d.u.i.k.p.NodeInfo        No instantiation for #89. Probably branch label not up to date in orLeft 
24842      WARN  main            d.u.i.k.p.NodeInfo        No instantiation for #106. Probably branch label not up to date in orLeft 
24842      WARN  main            d.u.i.k.p.NodeInfo        No instantiation for #106. Probably branch label not up to date in orLeft 
24842      WARN  main            d.u.i.k.p.NodeInfo        No instantiation for #106. Probably branch label not up to date in orLeft 
24842      WARN  main            d.u.i.k.p.NodeInfo        No instantiation for #106. Probably branch label not up to date in orLeft 
24842      WARN  main            d.u.i.k.p.NodeInfo        No instantiation for #107. Probably branch label not up to date in orLeft 
24842      WARN  main            d.u.i.k.p.NodeInfo        No instantiation for #107. Probably branch label not up to date in orLeft 
24842      WARN  main            d.u.i.k.p.NodeInfo        No instantiation for #108. Probably branch label not up to date in orLeft 
24843      WARN  main            d.u.i.k.p.NodeInfo        No instantiation for #108. Probably branch label not up to date in orLeft 
24843      WARN  main            d.u.i.k.p.NodeInfo        No instantiation for #109. Probably branch label not up to date in orLeft 
24843      WARN  main            d.u.i.k.p.NodeInfo        No instantiation for #109. Probably branch label not up to date in orLeft 
24843      WARN  main            d.u.i.k.p.NodeInfo        No instantiation for #110. Probably branch label not up to date in orLeft 
24843      WARN  main            d.u.i.k.p.NodeInfo        No instantiation for #110. Probably branch label not up to date in orLeft 
24843      WARN  main            d.u.i.k.p.NodeInfo        No instantiation for #110. Probably branch label not up to date in orLeft 
24843      WARN  main            d.u.i.k.p.NodeInfo        No instantiation for #110. Probably branch label not up to date in orLeft 
24843      WARN  main            d.u.i.k.p.NodeInfo        No instantiation for #110. Probably branch label not up to date in orLeft 
24843      WARN  main            d.u.i.k.p.NodeInfo        No instantiation for #55. Probably branch label not up to date in orLeft 
24843      WARN  main            d.u.i.k.p.NodeInfo        No instantiation for #55. Probably branch label not up to date in orLeft 
24843      WARN  main            d.u.i.k.p.NodeInfo        No instantiation for #56. Probably branch label not up to date in orLeft 
24843      WARN  main            d.u.i.k.p.NodeInfo        No instantiation for #56. Probably branch label not up to date in orLeft 
24844      WARN  main            d.u.i.k.p.NodeInfo        No instantiation for #57. Probably branch label not up to date in orLeft 
24844      WARN  main            d.u.i.k.p.NodeInfo        No instantiation for #57. Probably branch label not up to date in orLeft 
24844      WARN  main            d.u.i.k.p.NodeInfo        No instantiation for #106. Probably branch label not up to date in orLeft 
24844      WARN  main            d.u.i.k.p.NodeInfo        No instantiation for #106. Probably branch label not up to date in orLeft 
24844      WARN  main            d.u.i.k.p.NodeInfo        No instantiation for #106. Probably branch label not up to date in orLeft 
24844      WARN  main            d.u.i.k.p.NodeInfo        No instantiation for #106. Probably branch label not up to date in orLeft 
24844      WARN  main            d.u.i.k.p.NodeInfo        No instantiation for #107. Probably branch label not up to date in orLeft 
24844      WARN  main            d.u.i.k.p.NodeInfo        No instantiation for #107. Probably branch label not up to date in orLeft 
24844      WARN  main            d.u.i.k.p.NodeInfo        No instantiation for #108. Probably branch label not up to date in orLeft 
24844      WARN  main            d.u.i.k.p.NodeInfo        No instantiation for #108. Probably branch label not up to date in orLeft 
24844      WARN  main            d.u.i.k.p.NodeInfo        No instantiation for #109. Probably branch label not up to date in orLeft 
24845      WARN  main            d.u.i.k.p.NodeInfo        No instantiation for #109. Probably branch label not up to date in orLeft 
24845      WARN  main            d.u.i.k.p.NodeInfo        No instantiation for #110. Probably branch label not up to date in orLeft 
24845      WARN  main            d.u.i.k.p.NodeInfo        No instantiation for #110. Probably branch label not up to date in orLeft 
24845      WARN  main            d.u.i.k.p.NodeInfo        No instantiation for #110. Probably branch label not up to date in orLeft 
24845      WARN  main            d.u.i.k.p.NodeInfo        No instantiation for #110. Probably branch label not up to date in orLeft 
24845      WARN  main            d.u.i.k.p.NodeInfo        No instantiation for #110. Probably branch label not up to date in orLeft 
24845      WARN  main            d.u.i.k.p.NodeInfo        No instantiation for #87. Probably branch label not up to date in orLeft 
24845      WARN  main            d.u.i.k.p.NodeInfo        No instantiation for #87. Probably branch label not up to date in orLeft 
24845      WARN  main            d.u.i.k.p.NodeInfo        No instantiation for #88. Probably branch label not up to date in orLeft 
24845      WARN  main            d.u.i.k.p.NodeInfo        No instantiation for #88. Probably branch label not up to date in orLeft 
24845      WARN  main            d.u.i.k.p.NodeInfo        No instantiation for #89. Probably branch label not up to date in orLeft 
24845      WARN  main            d.u.i.k.p.NodeInfo        No instantiation for #89. Probably branch label not up to date in orLeft 
24850      WARN  main            d.u.i.k.p.NodeInfo        No instantiation for #106. Probably branch label not up to date in orLeft 
24851      WARN  main            d.u.i.k.p.NodeInfo        No instantiation for #106. Probably branch label not up to date in orLeft 
24851      WARN  main            d.u.i.k.p.NodeInfo        No instantiation for #106. Probably branch label not up to date in orLeft 
24851      WARN  main            d.u.i.k.p.NodeInfo        No instantiation for #106. Probably branch label not up to date in orLeft 
24851      WARN  main            d.u.i.k.p.NodeInfo        No instantiation for #107. Probably branch label not up to date in orLeft 
24851      WARN  main            d.u.i.k.p.NodeInfo        No instantiation for #107. Probably branch label not up to date in orLeft 
24851      WARN  main            d.u.i.k.p.NodeInfo        No instantiation for #108. Probably branch label not up to date in orLeft 
24851      WARN  main            d.u.i.k.p.NodeInfo        No instantiation for #108. Probably branch label not up to date in orLeft 
24851      WARN  main            d.u.i.k.p.NodeInfo        No instantiation for #109. Probably branch label not up to date in orLeft 
24851      WARN  main            d.u.i.k.p.NodeInfo        No instantiation for #109. Probably branch label not up to date in orLeft 
24851      WARN  main            d.u.i.k.p.NodeInfo        No instantiation for #110. Probably branch label not up to date in orLeft 
24852      WARN  main            d.u.i.k.p.NodeInfo        No instantiation for #110. Probably branch label not up to date in orLeft 
24852      WARN  main            d.u.i.k.p.NodeInfo        No instantiation for #110. Probably branch label not up to date in orLeft 
24852      WARN  main            d.u.i.k.p.NodeInfo        No instantiation for #110. Probably branch label not up to date in orLeft 
24852      WARN  main            d.u.i.k.p.NodeInfo        No instantiation for #110. Probably branch label not up to date in orLeft 
24852      WARN  main            d.u.i.k.p.NodeInfo        No instantiation for #55. Probably branch label not up to date in orLeft 
24852      WARN  main            d.u.i.k.p.NodeInfo        No instantiation for #55. Probably branch label not up to date in orLeft 
24852      WARN  main            d.u.i.k.p.NodeInfo        No instantiation for #56. Probably branch label not up to date in orLeft 
24852      WARN  main            d.u.i.k.p.NodeInfo        No instantiation for #56. Probably branch label not up to date in orLeft 
24852      WARN  main            d.u.i.k.p.NodeInfo        No instantiation for #57. Probably branch label not up to date in orLeft 
24852      WARN  main            d.u.i.k.p.NodeInfo        No instantiation for #57. Probably branch label not up to date in orLeft 
24852      WARN  main            d.u.i.k.p.NodeInfo        No instantiation for #106. Probably branch label not up to date in orLeft 
24853      WARN  main            d.u.i.k.p.NodeInfo        No instantiation for #106. Probably branch label not up to date in orLeft 
24853      WARN  main            d.u.i.k.p.NodeInfo        No instantiation for #106. Probably branch label not up to date in orLeft 
24853      WARN  main            d.u.i.k.p.NodeInfo        No instantiation for #106. Probably branch label not up to date in orLeft 
24853      WARN  main            d.u.i.k.p.NodeInfo        No instantiation for #107. Probably branch label not up to date in orLeft 
24853      WARN  main            d.u.i.k.p.NodeInfo        No instantiation for #107. Probably branch label not up to date in orLeft 
24853      WARN  main            d.u.i.k.p.NodeInfo        No instantiation for #108. Probably branch label not up to date in orLeft 
24854      WARN  main            d.u.i.k.p.NodeInfo        No instantiation for #108. Probably branch label not up to date in orLeft 
24856      WARN  main            d.u.i.k.p.NodeInfo        No instantiation for #109. Probably branch label not up to date in orLeft 
24856      WARN  main            d.u.i.k.p.NodeInfo        No instantiation for #109. Probably branch label not up to date in orLeft 
24857      WARN  main            d.u.i.k.p.NodeInfo        No instantiation for #110. Probably branch label not up to date in orLeft 
24857      WARN  main            d.u.i.k.p.NodeInfo        No instantiation for #110. Probably branch label not up to date in orLeft 
24857      WARN  main            d.u.i.k.p.NodeInfo        No instantiation for #110. Probably branch label not up to date in orLeft 
24857      WARN  main            d.u.i.k.p.NodeInfo        No instantiation for #110. Probably branch label not up to date in orLeft 
24857      WARN  main            d.u.i.k.p.NodeInfo        No instantiation for #110. Probably branch label not up to date in orLeft 
24857      WARN  main            d.u.i.k.p.NodeInfo        No instantiation for #55. Probably branch label not up to date in orLeft 
24857      WARN  main            d.u.i.k.p.NodeInfo        No instantiation for #55. Probably branch label not up to date in orLeft 
24857      WARN  main            d.u.i.k.p.NodeInfo        No instantiation for #56. Probably branch label not up to date in orLeft 
24857      WARN  main            d.u.i.k.p.NodeInfo        No instantiation for #56. Probably branch label not up to date in orLeft 
24858      WARN  main            d.u.i.k.p.NodeInfo        No instantiation for #57. Probably branch label not up to date in orLeft 
24858      WARN  main            d.u.i.k.p.NodeInfo        No instantiation for #57. Probably branch label not up to date in orLeft 
24890      WARN  main            d.u.i.k.p.NodeInfo        No instantiation for #106. Probably branch label not up to date in orLeft 
24891      WARN  main            d.u.i.k.p.NodeInfo        No instantiation for #106. Probably branch label not up to date in orLeft 
24891      WARN  main            d.u.i.k.p.NodeInfo        No instantiation for #106. Probably branch label not up to date in orLeft 
24891      WARN  main            d.u.i.k.p.NodeInfo        No instantiation for #106. Probably branch label not up to date in orLeft 
24891      WARN  main            d.u.i.k.p.NodeInfo        No instantiation for #107. Probably branch label not up to date in orLeft 
24891      WARN  main            d.u.i.k.p.NodeInfo        No instantiation for #107. Probably branch label not up to date in orLeft 
24891      WARN  main            d.u.i.k.p.NodeInfo        No instantiation for #108. Probably branch label not up to date in orLeft 
24891      WARN  main            d.u.i.k.p.NodeInfo        No instantiation for #108. Probably branch label not up to date in orLeft 
24891      WARN  main            d.u.i.k.p.NodeInfo        No instantiation for #109. Probably branch label not up to date in orLeft 
24891      WARN  main            d.u.i.k.p.NodeInfo        No instantiation for #109. Probably branch label not up to date in orLeft 
24891      WARN  main            d.u.i.k.p.NodeInfo        No instantiation for #110. Probably branch label not up to date in orLeft 
24892      WARN  main            d.u.i.k.p.NodeInfo        No instantiation for #110. Probably branch label not up to date in orLeft 
24892      WARN  main            d.u.i.k.p.NodeInfo        No instantiation for #110. Probably branch label not up to date in orLeft 
24892      WARN  main            d.u.i.k.p.NodeInfo        No instantiation for #110. Probably branch label not up to date in orLeft 
24892      WARN  main            d.u.i.k.p.NodeInfo        No instantiation for #110. Probably branch label not up to date in orLeft 
24892      WARN  main            d.u.i.k.p.NodeInfo        No instantiation for #111. Probably branch label not up to date in orLeft 
24892      WARN  main            d.u.i.k.p.NodeInfo        No instantiation for #111. Probably branch label not up to date in orLeft 
24892      WARN  main            d.u.i.k.p.NodeInfo        No instantiation for #112. Probably branch label not up to date in orLeft 
24892      WARN  main            d.u.i.k.p.NodeInfo        No instantiation for #112. Probably branch label not up to date in orLeft 
24892      WARN  main            d.u.i.k.p.NodeInfo        No instantiation for #113. Probably branch label not up to date in orLeft 
24892      WARN  main            d.u.i.k.p.NodeInfo        No instantiation for #113. Probably branch label not up to date in orLeft 
24892      WARN  main            d.u.i.k.p.NodeInfo        No instantiation for #106. Probably branch label not up to date in orLeft 
24893      WARN  main            d.u.i.k.p.NodeInfo        No instantiation for #106. Probably branch label not up to date in orLeft 
24893      WARN  main            d.u.i.k.p.NodeInfo        No instantiation for #106. Probably branch label not up to date in orLeft 
24893      WARN  main            d.u.i.k.p.NodeInfo        No instantiation for #106. Probably branch label not up to date in orLeft 
24893      WARN  main            d.u.i.k.p.NodeInfo        No instantiation for #107. Probably branch label not up to date in orLeft 
24893      WARN  main            d.u.i.k.p.NodeInfo        No instantiation for #107. Probably branch label not up to date in orLeft 
24893      WARN  main            d.u.i.k.p.NodeInfo        No instantiation for #108. Probably branch label not up to date in orLeft 
24893      WARN  main            d.u.i.k.p.NodeInfo        No instantiation for #108. Probably branch label not up to date in orLeft 
24893      WARN  main            d.u.i.k.p.NodeInfo        No instantiation for #109. Probably branch label not up to date in orLeft 
24893      WARN  main            d.u.i.k.p.NodeInfo        No instantiation for #109. Probably branch label not up to date in orLeft 
24893      WARN  main            d.u.i.k.p.NodeInfo        No instantiation for #110. Probably branch label not up to date in orLeft 
24893      WARN  main            d.u.i.k.p.NodeInfo        No instantiation for #110. Probably branch label not up to date in orLeft 
24893      WARN  main            d.u.i.k.p.NodeInfo        No instantiation for #110. Probably branch label not up to date in orLeft 
24894      WARN  main            d.u.i.k.p.NodeInfo        No instantiation for #110. Probably branch label not up to date in orLeft 
24894      WARN  main            d.u.i.k.p.NodeInfo        No instantiation for #110. Probably branch label not up to date in orLeft 
24894      WARN  main            d.u.i.k.p.NodeInfo        No instantiation for #111. Probably branch label not up to date in orLeft 
24894      WARN  main            d.u.i.k.p.NodeInfo        No instantiation for #111. Probably branch label not up to date in orLeft 
24894      WARN  main            d.u.i.k.p.NodeInfo        No instantiation for #112. Probably branch label not up to date in orLeft 
24894      WARN  main            d.u.i.k.p.NodeInfo        No instantiation for #112. Probably branch label not up to date in orLeft 
24894      WARN  main            d.u.i.k.p.NodeInfo        No instantiation for #113. Probably branch label not up to date in orLeft 
24894      WARN  main            d.u.i.k.p.NodeInfo        No instantiation for #113. Probably branch label not up to date in orLeft 
24912      WARN  main            d.u.i.k.p.NodeInfo        No instantiation for #106. Probably branch label not up to date in orLeft 
24912      WARN  main            d.u.i.k.p.NodeInfo        No instantiation for #106. Probably branch label not up to date in orLeft 
24912      WARN  main            d.u.i.k.p.NodeInfo        No instantiation for #106. Probably branch label not up to date in orLeft 
24912      WARN  main            d.u.i.k.p.NodeInfo        No instantiation for #106. Probably branch label not up to date in orLeft 
24912      WARN  main            d.u.i.k.p.NodeInfo        No instantiation for #107. Probably branch label not up to date in orLeft 
24912      WARN  main            d.u.i.k.p.NodeInfo        No instantiation for #107. Probably branch label not up to date in orLeft 
24912      WARN  main            d.u.i.k.p.NodeInfo        No instantiation for #108. Probably branch label not up to date in orLeft 
24913      WARN  main            d.u.i.k.p.NodeInfo        No instantiation for #108. Probably branch label not up to date in orLeft 
24913      WARN  main            d.u.i.k.p.NodeInfo        No instantiation for #109. Probably branch label not up to date in orLeft 
24913      WARN  main            d.u.i.k.p.NodeInfo        No instantiation for #109. Probably branch label not up to date in orLeft 
24913      WARN  main            d.u.i.k.p.NodeInfo        No instantiation for #110. Probably branch label not up to date in orLeft 
24913      WARN  main            d.u.i.k.p.NodeInfo        No instantiation for #110. Probably branch label not up to date in orLeft 
24913      WARN  main            d.u.i.k.p.NodeInfo        No instantiation for #110. Probably branch label not up to date in orLeft 
24913      WARN  main            d.u.i.k.p.NodeInfo        No instantiation for #110. Probably branch label not up to date in orLeft 
24913      WARN  main            d.u.i.k.p.NodeInfo        No instantiation for #110. Probably branch label not up to date in orLeft 
24913      WARN  main            d.u.i.k.p.NodeInfo        No instantiation for #55. Probably branch label not up to date in orLeft 
24913      WARN  main            d.u.i.k.p.NodeInfo        No instantiation for #55. Probably branch label not up to date in orLeft 
24913      WARN  main            d.u.i.k.p.NodeInfo        No instantiation for #56. Probably branch label not up to date in orLeft 
24913      WARN  main            d.u.i.k.p.NodeInfo        No instantiation for #56. Probably branch label not up to date in orLeft 
24914      WARN  main            d.u.i.k.p.NodeInfo        No instantiation for #57. Probably branch label not up to date in orLeft 
24914      WARN  main            d.u.i.k.p.NodeInfo        No instantiation for #57. Probably branch label not up to date in orLeft 
24914      WARN  main            d.u.i.k.p.NodeInfo        No instantiation for #106. Probably branch label not up to date in orLeft 
24914      WARN  main            d.u.i.k.p.NodeInfo        No instantiation for #106. Probably branch label not up to date in orLeft 
24914      WARN  main            d.u.i.k.p.NodeInfo        No instantiation for #106. Probably branch label not up to date in orLeft 
24914      WARN  main            d.u.i.k.p.NodeInfo        No instantiation for #106. Probably branch label not up to date in orLeft 
24914      WARN  main            d.u.i.k.p.NodeInfo        No instantiation for #107. Probably branch label not up to date in orLeft 
24914      WARN  main            d.u.i.k.p.NodeInfo        No instantiation for #107. Probably branch label not up to date in orLeft 
24914      WARN  main            d.u.i.k.p.NodeInfo        No instantiation for #108. Probably branch label not up to date in orLeft 
24914      WARN  main            d.u.i.k.p.NodeInfo        No instantiation for #108. Probably branch label not up to date in orLeft 
24914      WARN  main            d.u.i.k.p.NodeInfo        No instantiation for #109. Probably branch label not up to date in orLeft 
24915      WARN  main            d.u.i.k.p.NodeInfo        No instantiation for #109. Probably branch label not up to date in orLeft 
24915      WARN  main            d.u.i.k.p.NodeInfo        No instantiation for #110. Probably branch label not up to date in orLeft 
24915      WARN  main            d.u.i.k.p.NodeInfo        No instantiation for #110. Probably branch label not up to date in orLeft 
24915      WARN  main            d.u.i.k.p.NodeInfo        No instantiation for #110. Probably branch label not up to date in orLeft 
24915      WARN  main            d.u.i.k.p.NodeInfo        No instantiation for #110. Probably branch label not up to date in orLeft 
24915      WARN  main            d.u.i.k.p.NodeInfo        No instantiation for #110. Probably branch label not up to date in orLeft 
24915      WARN  main            d.u.i.k.p.NodeInfo        No instantiation for #55. Probably branch label not up to date in orLeft 
24915      WARN  main            d.u.i.k.p.NodeInfo        No instantiation for #55. Probably branch label not up to date in orLeft 
24915      WARN  main            d.u.i.k.p.NodeInfo        No instantiation for #56. Probably branch label not up to date in orLeft 
24915      WARN  main            d.u.i.k.p.NodeInfo        No instantiation for #56. Probably branch label not up to date in orLeft 
24915      WARN  main            d.u.i.k.p.NodeInfo        No instantiation for #57. Probably branch label not up to date in orLeft 
24916      WARN  main            d.u.i.k.p.NodeInfo        No instantiation for #57. Probably branch label not up to date in orLeft 
24916      WARN  main            d.u.i.k.p.NodeInfo        No instantiation for #106. Probably branch label not up to date in orLeft 
24916      WARN  main            d.u.i.k.p.NodeInfo        No instantiation for #106. Probably branch label not up to date in orLeft 
24916      WARN  main            d.u.i.k.p.NodeInfo        No instantiation for #106. Probably branch label not up to date in orLeft 
24916      WARN  main            d.u.i.k.p.NodeInfo        No instantiation for #106. Probably branch label not up to date in orLeft 
24916      WARN  main            d.u.i.k.p.NodeInfo        No instantiation for #107. Probably branch label not up to date in orLeft 
24916      WARN  main            d.u.i.k.p.NodeInfo        No instantiation for #107. Probably branch label not up to date in orLeft 
24916      WARN  main            d.u.i.k.p.NodeInfo        No instantiation for #108. Probably branch label not up to date in orLeft 
24916      WARN  main            d.u.i.k.p.NodeInfo        No instantiation for #108. Probably branch label not up to date in orLeft 
24916      WARN  main            d.u.i.k.p.NodeInfo        No instantiation for #109. Probably branch label not up to date in orLeft 
24916      WARN  main            d.u.i.k.p.NodeInfo        No instantiation for #109. Probably branch label not up to date in orLeft 
24917      WARN  main            d.u.i.k.p.NodeInfo        No instantiation for #110. Probably branch label not up to date in orLeft 
24917      WARN  main            d.u.i.k.p.NodeInfo        No instantiation for #110. Probably branch label not up to date in orLeft 
24917      WARN  main            d.u.i.k.p.NodeInfo        No instantiation for #110. Probably branch label not up to date in orLeft 
24917      WARN  main            d.u.i.k.p.NodeInfo        No instantiation for #110. Probably branch label not up to date in orLeft 
24917      WARN  main            d.u.i.k.p.NodeInfo        No instantiation for #110. Probably branch label not up to date in orLeft 
24917      WARN  main            d.u.i.k.p.NodeInfo        No instantiation for #55. Probably branch label not up to date in orLeft 
24917      WARN  main            d.u.i.k.p.NodeInfo        No instantiation for #55. Probably branch label not up to date in orLeft 
24917      WARN  main            d.u.i.k.p.NodeInfo        No instantiation for #56. Probably branch label not up to date in orLeft 
24917      WARN  main            d.u.i.k.p.NodeInfo        No instantiation for #56. Probably branch label not up to date in orLeft 
24917      WARN  main            d.u.i.k.p.NodeInfo        No instantiation for #57. Probably branch label not up to date in orLeft 
24917      WARN  main            d.u.i.k.p.NodeInfo        No instantiation for #57. Probably branch label not up to date in orLeft 
24917      WARN  main            d.u.i.k.p.NodeInfo        No instantiation for #106. Probably branch label not up to date in orLeft 
24918      WARN  main            d.u.i.k.p.NodeInfo        No instantiation for #106. Probably branch label not up to date in orLeft 
24918      WARN  main            d.u.i.k.p.NodeInfo        No instantiation for #106. Probably branch label not up to date in orLeft 
24918      WARN  main            d.u.i.k.p.NodeInfo        No instantiation for #106. Probably branch label not up to date in orLeft 
24918      WARN  main            d.u.i.k.p.NodeInfo        No instantiation for #107. Probably branch label not up to date in orLeft 
24918      WARN  main            d.u.i.k.p.NodeInfo        No instantiation for #107. Probably branch label not up to date in orLeft 
24918      WARN  main            d.u.i.k.p.NodeInfo        No instantiation for #108. Probably branch label not up to date in orLeft 
24918      WARN  main            d.u.i.k.p.NodeInfo        No instantiation for #108. Probably branch label not up to date in orLeft 
24918      WARN  main            d.u.i.k.p.NodeInfo        No instantiation for #109. Probably branch label not up to date in orLeft 
24918      WARN  main            d.u.i.k.p.NodeInfo        No instantiation for #109. Probably branch label not up to date in orLeft 
24918      WARN  main            d.u.i.k.p.NodeInfo        No instantiation for #110. Probably branch label not up to date in orLeft 
24918      WARN  main            d.u.i.k.p.NodeInfo        No instantiation for #110. Probably branch label not up to date in orLeft 
24919      WARN  main            d.u.i.k.p.NodeInfo        No instantiation for #110. Probably branch label not up to date in orLeft 
24919      WARN  main            d.u.i.k.p.NodeInfo        No instantiation for #110. Probably branch label not up to date in orLeft 
24919      WARN  main            d.u.i.k.p.NodeInfo        No instantiation for #110. Probably branch label not up to date in orLeft 
24919      WARN  main            d.u.i.k.p.NodeInfo        No instantiation for #87. Probably branch label not up to date in orLeft 
24919      WARN  main            d.u.i.k.p.NodeInfo        No instantiation for #87. Probably branch label not up to date in orLeft 
24919      WARN  main            d.u.i.k.p.NodeInfo        No instantiation for #88. Probably branch label not up to date in orLeft 
24919      WARN  main            d.u.i.k.p.NodeInfo        No instantiation for #88. Probably branch label not up to date in orLeft 
24919      WARN  main            d.u.i.k.p.NodeInfo        No instantiation for #89. Probably branch label not up to date in orLeft 
24919      WARN  main            d.u.i.k.p.NodeInfo        No instantiation for #89. Probably branch label not up to date in orLeft 
24919      WARN  main            d.u.i.k.p.NodeInfo        No instantiation for #106. Probably branch label not up to date in orLeft 
24919      WARN  main            d.u.i.k.p.NodeInfo        No instantiation for #106. Probably branch label not up to date in orLeft 
24919      WARN  main            d.u.i.k.p.NodeInfo        No instantiation for #106. Probably branch label not up to date in orLeft 
24920      WARN  main            d.u.i.k.p.NodeInfo        No instantiation for #106. Probably branch label not up to date in orLeft 
24920      WARN  main            d.u.i.k.p.NodeInfo        No instantiation for #107. Probably branch label not up to date in orLeft 
24920      WARN  main            d.u.i.k.p.NodeInfo        No instantiation for #107. Probably branch label not up to date in orLeft 
24920      WARN  main            d.u.i.k.p.NodeInfo        No instantiation for #108. Probably branch label not up to date in orLeft 
24920      WARN  main            d.u.i.k.p.NodeInfo        No instantiation for #108. Probably branch label not up to date in orLeft 
24920      WARN  main            d.u.i.k.p.NodeInfo        No instantiation for #109. Probably branch label not up to date in orLeft 
24920      WARN  main            d.u.i.k.p.NodeInfo        No instantiation for #109. Probably branch label not up to date in orLeft 
24920      WARN  main            d.u.i.k.p.NodeInfo        No instantiation for #110. Probably branch label not up to date in orLeft 
24920      WARN  main            d.u.i.k.p.NodeInfo        No instantiation for #110. Probably branch label not up to date in orLeft 
24920      WARN  main            d.u.i.k.p.NodeInfo        No instantiation for #110. Probably branch label not up to date in orLeft 
24920      WARN  main            d.u.i.k.p.NodeInfo        No instantiation for #110. Probably branch label not up to date in orLeft 
24921      WARN  main            d.u.i.k.p.NodeInfo        No instantiation for #110. Probably branch label not up to date in orLeft 
24921      WARN  main            d.u.i.k.p.NodeInfo        No instantiation for #55. Probably branch label not up to date in orLeft 
24921      WARN  main            d.u.i.k.p.NodeInfo        No instantiation for #55. Probably branch label not up to date in orLeft 
24921      WARN  main            d.u.i.k.p.NodeInfo        No instantiation for #56. Probably branch label not up to date in orLeft 
24921      WARN  main            d.u.i.k.p.NodeInfo        No instantiation for #56. Probably branch label not up to date in orLeft 
24921      WARN  main            d.u.i.k.p.NodeInfo        No instantiation for #57. Probably branch label not up to date in orLeft 
24921      WARN  main            d.u.i.k.p.NodeInfo        No instantiation for #57. Probably branch label not up to date in orLeft 
24921      WARN  main            d.u.i.k.p.NodeInfo        No instantiation for #106. Probably branch label not up to date in orLeft 
24921      WARN  main            d.u.i.k.p.NodeInfo        No instantiation for #106. Probably branch label not up to date in orLeft 
24921      WARN  main            d.u.i.k.p.NodeInfo        No instantiation for #106. Probably branch label not up to date in orLeft 
24921      WARN  main            d.u.i.k.p.NodeInfo        No instantiation for #106. Probably branch label not up to date in orLeft 
24922      WARN  main            d.u.i.k.p.NodeInfo        No instantiation for #107. Probably branch label not up to date in orLeft 
24922      WARN  main            d.u.i.k.p.NodeInfo        No instantiation for #107. Probably branch label not up to date in orLeft 
24922      WARN  main            d.u.i.k.p.NodeInfo        No instantiation for #108. Probably branch label not up to date in orLeft 
24922      WARN  main            d.u.i.k.p.NodeInfo        No instantiation for #108. Probably branch label not up to date in orLeft 
24922      WARN  main            d.u.i.k.p.NodeInfo        No instantiation for #109. Probably branch label not up to date in orLeft 
24922      WARN  main            d.u.i.k.p.NodeInfo        No instantiation for #109. Probably branch label not up to date in orLeft 
24922      WARN  main            d.u.i.k.p.NodeInfo        No instantiation for #110. Probably branch label not up to date in orLeft 
24922      WARN  main            d.u.i.k.p.NodeInfo        No instantiation for #110. Probably branch label not up to date in orLeft 
24922      WARN  main            d.u.i.k.p.NodeInfo        No instantiation for #110. Probably branch label not up to date in orLeft 
24922      WARN  main            d.u.i.k.p.NodeInfo        No instantiation for #110. Probably branch label not up to date in orLeft 
24922      WARN  main            d.u.i.k.p.NodeInfo        No instantiation for #110. Probably branch label not up to date in orLeft 
24923      WARN  main            d.u.i.k.p.NodeInfo        No instantiation for #111. Probably branch label not up to date in orLeft 
24923      WARN  main            d.u.i.k.p.NodeInfo        No instantiation for #111. Probably branch label not up to date in orLeft 
24923      WARN  main            d.u.i.k.p.NodeInfo        No instantiation for #112. Probably branch label not up to date in orLeft 
24923      WARN  main            d.u.i.k.p.NodeInfo        No instantiation for #112. Probably branch label not up to date in orLeft 
24923      WARN  main            d.u.i.k.p.NodeInfo        No instantiation for #113. Probably branch label not up to date in orLeft 
24923      WARN  main            d.u.i.k.p.NodeInfo        No instantiation for #113. Probably branch label not up to date in orLeft 
24923      WARN  main            d.u.i.k.p.NodeInfo        No instantiation for #106. Probably branch label not up to date in orLeft 
24923      WARN  main            d.u.i.k.p.NodeInfo        No instantiation for #106. Probably branch label not up to date in orLeft 
24923      WARN  main            d.u.i.k.p.NodeInfo        No instantiation for #106. Probably branch label not up to date in orLeft 
24923      WARN  main            d.u.i.k.p.NodeInfo        No instantiation for #106. Probably branch label not up to date in orLeft 
24923      WARN  main            d.u.i.k.p.NodeInfo        No instantiation for #107. Probably branch label not up to date in orLeft 
24924      WARN  main            d.u.i.k.p.NodeInfo        No instantiation for #107. Probably branch label not up to date in orLeft 
24924      WARN  main            d.u.i.k.p.NodeInfo        No instantiation for #108. Probably branch label not up to date in orLeft 
24924      WARN  main            d.u.i.k.p.NodeInfo        No instantiation for #108. Probably branch label not up to date in orLeft 
24924      WARN  main            d.u.i.k.p.NodeInfo        No instantiation for #109. Probably branch label not up to date in orLeft 
24924      WARN  main            d.u.i.k.p.NodeInfo        No instantiation for #109. Probably branch label not up to date in orLeft 
24924      WARN  main            d.u.i.k.p.NodeInfo        No instantiation for #110. Probably branch label not up to date in orLeft 
24924      WARN  main            d.u.i.k.p.NodeInfo        No instantiation for #110. Probably branch label not up to date in orLeft 
24924      WARN  main            d.u.i.k.p.NodeInfo        No instantiation for #110. Probably branch label not up to date in orLeft 
24924      WARN  main            d.u.i.k.p.NodeInfo        No instantiation for #110. Probably branch label not up to date in orLeft 
24924      WARN  main            d.u.i.k.p.NodeInfo        No instantiation for #110. Probably branch label not up to date in orLeft 
24924      WARN  main            d.u.i.k.p.NodeInfo        No instantiation for #87. Probably branch label not up to date in orLeft 
24925      WARN  main            d.u.i.k.p.NodeInfo        No instantiation for #87. Probably branch label not up to date in orLeft 
24925      WARN  main            d.u.i.k.p.NodeInfo        No instantiation for #88. Probably branch label not up to date in orLeft 
24925      WARN  main            d.u.i.k.p.NodeInfo        No instantiation for #88. Probably branch label not up to date in orLeft 
24925      WARN  main            d.u.i.k.p.NodeInfo        No instantiation for #89. Probably branch label not up to date in orLeft 
24925      WARN  main            d.u.i.k.p.NodeInfo        No instantiation for #89. Probably branch label not up to date in orLeft 
24925      WARN  main            d.u.i.k.p.NodeInfo        No instantiation for #106. Probably branch label not up to date in orLeft 
24925      WARN  main            d.u.i.k.p.NodeInfo        No instantiation for #106. Probably branch label not up to date in orLeft 
24925      WARN  main            d.u.i.k.p.NodeInfo        No instantiation for #106. Probably branch label not up to date in orLeft 
24925      WARN  main            d.u.i.k.p.NodeInfo        No instantiation for #106. Probably branch label not up to date in orLeft 
24925      WARN  main            d.u.i.k.p.NodeInfo        No instantiation for #107. Probably branch label not up to date in orLeft 
24925      WARN  main            d.u.i.k.p.NodeInfo        No instantiation for #107. Probably branch label not up to date in orLeft 
24925      WARN  main            d.u.i.k.p.NodeInfo        No instantiation for #108. Probably branch label not up to date in orLeft 
24926      WARN  main            d.u.i.k.p.NodeInfo        No instantiation for #108. Probably branch label not up to date in orLeft 
24926      WARN  main            d.u.i.k.p.NodeInfo        No instantiation for #109. Probably branch label not up to date in orLeft 
24926      WARN  main            d.u.i.k.p.NodeInfo        No instantiation for #109. Probably branch label not up to date in orLeft 
24926      WARN  main            d.u.i.k.p.NodeInfo        No instantiation for #110. Probably branch label not up to date in orLeft 
24926      WARN  main            d.u.i.k.p.NodeInfo        No instantiation for #110. Probably branch label not up to date in orLeft 
24926      WARN  main            d.u.i.k.p.NodeInfo        No instantiation for #110. Probably branch label not up to date in orLeft 
24926      WARN  main            d.u.i.k.p.NodeInfo        No instantiation for #110. Probably branch label not up to date in orLeft 
24926      WARN  main            d.u.i.k.p.NodeInfo        No instantiation for #110. Probably branch label not up to date in orLeft 
24926      WARN  main            d.u.i.k.p.NodeInfo        No instantiation for #87. Probably branch label not up to date in orLeft 
24926      WARN  main            d.u.i.k.p.NodeInfo        No instantiation for #87. Probably branch label not up to date in orLeft 
24926      WARN  main            d.u.i.k.p.NodeInfo        No instantiation for #88. Probably branch label not up to date in orLeft 
24927      WARN  main            d.u.i.k.p.NodeInfo        No instantiation for #88. Probably branch label not up to date in orLeft 
24927      WARN  main            d.u.i.k.p.NodeInfo        No instantiation for #89. Probably branch label not up to date in orLeft 
24927      WARN  main            d.u.i.k.p.NodeInfo        No instantiation for #89. Probably branch label not up to date in orLeft 
24927      WARN  main            d.u.i.k.p.NodeInfo        No instantiation for #106. Probably branch label not up to date in orLeft 
24927      WARN  main            d.u.i.k.p.NodeInfo        No instantiation for #106. Probably branch label not up to date in orLeft 
24927      WARN  main            d.u.i.k.p.NodeInfo        No instantiation for #106. Probably branch label not up to date in orLeft 
24927      WARN  main            d.u.i.k.p.NodeInfo        No instantiation for #106. Probably branch label not up to date in orLeft 
24927      WARN  main            d.u.i.k.p.NodeInfo        No instantiation for #107. Probably branch label not up to date in orLeft 
24927      WARN  main            d.u.i.k.p.NodeInfo        No instantiation for #107. Probably branch label not up to date in orLeft 
24927      WARN  main            d.u.i.k.p.NodeInfo        No instantiation for #108. Probably branch label not up to date in orLeft 
24927      WARN  main            d.u.i.k.p.NodeInfo        No instantiation for #108. Probably branch label not up to date in orLeft 
24927      WARN  main            d.u.i.k.p.NodeInfo        No instantiation for #109. Probably branch label not up to date in orLeft 
24928      WARN  main            d.u.i.k.p.NodeInfo        No instantiation for #109. Probably branch label not up to date in orLeft 
24928      WARN  main            d.u.i.k.p.NodeInfo        No instantiation for #110. Probably branch label not up to date in orLeft 
24928      WARN  main            d.u.i.k.p.NodeInfo        No instantiation for #110. Probably branch label not up to date in orLeft 
24928      WARN  main            d.u.i.k.p.NodeInfo        No instantiation for #110. Probably branch label not up to date in orLeft 
24928      WARN  main            d.u.i.k.p.NodeInfo        No instantiation for #110. Probably branch label not up to date in orLeft 
24928      WARN  main            d.u.i.k.p.NodeInfo        No instantiation for #110. Probably branch label not up to date in orLeft 
24928      WARN  main            d.u.i.k.p.NodeInfo        No instantiation for #87. Probably branch label not up to date in orLeft 
24928      WARN  main            d.u.i.k.p.NodeInfo        No instantiation for #87. Probably branch label not up to date in orLeft 
24928      WARN  main            d.u.i.k.p.NodeInfo        No instantiation for #88. Probably branch label not up to date in orLeft 
24928      WARN  main            d.u.i.k.p.NodeInfo        No instantiation for #88. Probably branch label not up to date in orLeft 
24928      WARN  main            d.u.i.k.p.NodeInfo        No instantiation for #89. Probably branch label not up to date in orLeft 
24929      WARN  main            d.u.i.k.p.NodeInfo        No instantiation for #89. Probably branch label not up to date in orLeft 
24929      WARN  main            d.u.i.k.p.NodeInfo        No instantiation for #106. Probably branch label not up to date in orLeft 
24929      WARN  main            d.u.i.k.p.NodeInfo        No instantiation for #106. Probably branch label not up to date in orLeft 
24929      WARN  main            d.u.i.k.p.NodeInfo        No instantiation for #106. Probably branch label not up to date in orLeft 
24929      WARN  main            d.u.i.k.p.NodeInfo        No instantiation for #106. Probably branch label not up to date in orLeft 
24929      WARN  main            d.u.i.k.p.NodeInfo        No instantiation for #107. Probably branch label not up to date in orLeft 
24929      WARN  main            d.u.i.k.p.NodeInfo        No instantiation for #107. Probably branch label not up to date in orLeft 
24929      WARN  main            d.u.i.k.p.NodeInfo        No instantiation for #108. Probably branch label not up to date in orLeft 
24929      WARN  main            d.u.i.k.p.NodeInfo        No instantiation for #108. Probably branch label not up to date in orLeft 
24929      WARN  main            d.u.i.k.p.NodeInfo        No instantiation for #109. Probably branch label not up to date in orLeft 
24929      WARN  main            d.u.i.k.p.NodeInfo        No instantiation for #109. Probably branch label not up to date in orLeft 
24930      WARN  main            d.u.i.k.p.NodeInfo        No instantiation for #110. Probably branch label not up to date in orLeft 
24930      WARN  main            d.u.i.k.p.NodeInfo        No instantiation for #110. Probably branch label not up to date in orLeft 
24930      WARN  main            d.u.i.k.p.NodeInfo        No instantiation for #110. Probably branch label not up to date in orLeft 
24930      WARN  main            d.u.i.k.p.NodeInfo        No instantiation for #110. Probably branch label not up to date in orLeft 
24930      WARN  main            d.u.i.k.p.NodeInfo        No instantiation for #110. Probably branch label not up to date in orLeft 
24930      WARN  main            d.u.i.k.p.NodeInfo        No instantiation for #111. Probably branch label not up to date in orLeft 
24930      WARN  main            d.u.i.k.p.NodeInfo        No instantiation for #111. Probably branch label not up to date in orLeft 
24930      WARN  main            d.u.i.k.p.NodeInfo        No instantiation for #112. Probably branch label not up to date in orLeft 
24930      WARN  main            d.u.i.k.p.NodeInfo        No instantiation for #112. Probably branch label not up to date in orLeft 
24930      WARN  main            d.u.i.k.p.NodeInfo        No instantiation for #113. Probably branch label not up to date in orLeft 
24930      WARN  main            d.u.i.k.p.NodeInfo        No instantiation for #113. Probably branch label not up to date in orLeft 
24941      WARN  main            d.u.i.k.p.NodeInfo        No instantiation for #106. Probably branch label not up to date in orLeft 
24941      WARN  main            d.u.i.k.p.NodeInfo        No instantiation for #106. Probably branch label not up to date in orLeft 
24941      WARN  main            d.u.i.k.p.NodeInfo        No instantiation for #106. Probably branch label not up to date in orLeft 
24941      WARN  main            d.u.i.k.p.NodeInfo        No instantiation for #106. Probably branch label not up to date in orLeft 
24941      WARN  main            d.u.i.k.p.NodeInfo        No instantiation for #107. Probably branch label not up to date in orLeft 
24941      WARN  main            d.u.i.k.p.NodeInfo        No instantiation for #107. Probably branch label not up to date in orLeft 
24941      WARN  main            d.u.i.k.p.NodeInfo        No instantiation for #108. Probably branch label not up to date in orLeft 
24942      WARN  main            d.u.i.k.p.NodeInfo        No instantiation for #108. Probably branch label not up to date in orLeft 
24942      WARN  main            d.u.i.k.p.NodeInfo        No instantiation for #109. Probably branch label not up to date in orLeft 
24942      WARN  main            d.u.i.k.p.NodeInfo        No instantiation for #109. Probably branch label not up to date in orLeft 
24942      WARN  main            d.u.i.k.p.NodeInfo        No instantiation for #110. Probably branch label not up to date in orLeft 
24942      WARN  main            d.u.i.k.p.NodeInfo        No instantiation for #110. Probably branch label not up to date in orLeft 
24942      WARN  main            d.u.i.k.p.NodeInfo        No instantiation for #110. Probably branch label not up to date in orLeft 
24942      WARN  main            d.u.i.k.p.NodeInfo        No instantiation for #110. Probably branch label not up to date in orLeft 
24942      WARN  main            d.u.i.k.p.NodeInfo        No instantiation for #110. Probably branch label not up to date in orLeft 
24942      WARN  main            d.u.i.k.p.NodeInfo        No instantiation for #87. Probably branch label not up to date in orLeft 
24942      WARN  main            d.u.i.k.p.NodeInfo        No instantiation for #87. Probably branch label not up to date in orLeft 
24942      WARN  main            d.u.i.k.p.NodeInfo        No instantiation for #88. Probably branch label not up to date in orLeft 
24943      WARN  main            d.u.i.k.p.NodeInfo        No instantiation for #88. Probably branch label not up to date in orLeft 
24943      WARN  main            d.u.i.k.p.NodeInfo        No instantiation for #89. Probably branch label not up to date in orLeft 
24943      WARN  main            d.u.i.k.p.NodeInfo        No instantiation for #89. Probably branch label not up to date in orLeft 
24943      WARN  main            d.u.i.k.p.NodeInfo        No instantiation for #106. Probably branch label not up to date in orLeft 
24943      WARN  main            d.u.i.k.p.NodeInfo        No instantiation for #106. Probably branch label not up to date in orLeft 
24943      WARN  main            d.u.i.k.p.NodeInfo        No instantiation for #106. Probably branch label not up to date in orLeft 
24943      WARN  main            d.u.i.k.p.NodeInfo        No instantiation for #106. Probably branch label not up to date in orLeft 
24943      WARN  main            d.u.i.k.p.NodeInfo        No instantiation for #107. Probably branch label not up to date in orLeft 
24943      WARN  main            d.u.i.k.p.NodeInfo        No instantiation for #107. Probably branch label not up to date in orLeft 
24943      WARN  main            d.u.i.k.p.NodeInfo        No instantiation for #108. Probably branch label not up to date in orLeft 
24943      WARN  main            d.u.i.k.p.NodeInfo        No instantiation for #108. Probably branch label not up to date in orLeft 
24944      WARN  main            d.u.i.k.p.NodeInfo        No instantiation for #109. Probably branch label not up to date in orLeft 
24944      WARN  main            d.u.i.k.p.NodeInfo        No instantiation for #109. Probably branch label not up to date in orLeft 
24944      WARN  main            d.u.i.k.p.NodeInfo        No instantiation for #110. Probably branch label not up to date in orLeft 
24944      WARN  main            d.u.i.k.p.NodeInfo        No instantiation for #110. Probably branch label not up to date in orLeft 
24944      WARN  main            d.u.i.k.p.NodeInfo        No instantiation for #110. Probably branch label not up to date in orLeft 
24944      WARN  main            d.u.i.k.p.NodeInfo        No instantiation for #110. Probably branch label not up to date in orLeft 
24944      WARN  main            d.u.i.k.p.NodeInfo        No instantiation for #110. Probably branch label not up to date in orLeft 
24944      WARN  main            d.u.i.k.p.NodeInfo        No instantiation for #111. Probably branch label not up to date in orLeft 
24944      WARN  main            d.u.i.k.p.NodeInfo        No instantiation for #111. Probably branch label not up to date in orLeft 
24944      WARN  main            d.u.i.k.p.NodeInfo        No instantiation for #112. Probably branch label not up to date in orLeft 
24944      WARN  main            d.u.i.k.p.NodeInfo        No instantiation for #112. Probably branch label not up to date in orLeft 
24945      WARN  main            d.u.i.k.p.NodeInfo        No instantiation for #113. Probably branch label not up to date in orLeft 
24945      WARN  main            d.u.i.k.p.NodeInfo        No instantiation for #113. Probably branch label not up to date in orLeft 
24959      WARN  main            d.u.i.k.p.NodeInfo        No instantiation for #106. Probably branch label not up to date in orLeft 
24959      WARN  main            d.u.i.k.p.NodeInfo        No instantiation for #106. Probably branch label not up to date in orLeft 
24959      WARN  main            d.u.i.k.p.NodeInfo        No instantiation for #106. Probably branch label not up to date in orLeft 
24959      WARN  main            d.u.i.k.p.NodeInfo        No instantiation for #106. Probably branch label not up to date in orLeft 
24959      WARN  main            d.u.i.k.p.NodeInfo        No instantiation for #107. Probably branch label not up to date in orLeft 
24960      WARN  main            d.u.i.k.p.NodeInfo        No instantiation for #107. Probably branch label not up to date in orLeft 
24960      WARN  main            d.u.i.k.p.NodeInfo        No instantiation for #108. Probably branch label not up to date in orLeft 
24960      WARN  main            d.u.i.k.p.NodeInfo        No instantiation for #108. Probably branch label not up to date in orLeft 
24960      WARN  main            d.u.i.k.p.NodeInfo        No instantiation for #109. Probably branch label not up to date in orLeft 
24960      WARN  main            d.u.i.k.p.NodeInfo        No instantiation for #109. Probably branch label not up to date in orLeft 
24960      WARN  main            d.u.i.k.p.NodeInfo        No instantiation for #110. Probably branch label not up to date in orLeft 
24960      WARN  main            d.u.i.k.p.NodeInfo        No instantiation for #110. Probably branch label not up to date in orLeft 
24960      WARN  main            d.u.i.k.p.NodeInfo        No instantiation for #110. Probably branch label not up to date in orLeft 
24960      WARN  main            d.u.i.k.p.NodeInfo        No instantiation for #110. Probably branch label not up to date in orLeft 
24960      WARN  main            d.u.i.k.p.NodeInfo        No instantiation for #110. Probably branch label not up to date in orLeft 
24960      WARN  main            d.u.i.k.p.NodeInfo        No instantiation for #55. Probably branch label not up to date in orLeft 
24961      WARN  main            d.u.i.k.p.NodeInfo        No instantiation for #55. Probably branch label not up to date in orLeft 
24961      WARN  main            d.u.i.k.p.NodeInfo        No instantiation for #56. Probably branch label not up to date in orLeft 
24961      WARN  main            d.u.i.k.p.NodeInfo        No instantiation for #56. Probably branch label not up to date in orLeft 
24961      WARN  main            d.u.i.k.p.NodeInfo        No instantiation for #57. Probably branch label not up to date in orLeft 
24961      WARN  main            d.u.i.k.p.NodeInfo        No instantiation for #57. Probably branch label not up to date in orLeft 
24961      WARN  main            d.u.i.k.p.NodeInfo        No instantiation for #106. Probably branch label not up to date in orLeft 
24961      WARN  main            d.u.i.k.p.NodeInfo        No instantiation for #106. Probably branch label not up to date in orLeft 
24961      WARN  main            d.u.i.k.p.NodeInfo        No instantiation for #106. Probably branch label not up to date in orLeft 
24961      WARN  main            d.u.i.k.p.NodeInfo        No instantiation for #106. Probably branch label not up to date in orLeft 
24961      WARN  main            d.u.i.k.p.NodeInfo        No instantiation for #107. Probably branch label not up to date in orLeft 
24961      WARN  main            d.u.i.k.p.NodeInfo        No instantiation for #107. Probably branch label not up to date in orLeft 
24962      WARN  main            d.u.i.k.p.NodeInfo        No instantiation for #108. Probably branch label not up to date in orLeft 
24962      WARN  main            d.u.i.k.p.NodeInfo        No instantiation for #108. Probably branch label not up to date in orLeft 
24962      WARN  main            d.u.i.k.p.NodeInfo        No instantiation for #109. Probably branch label not up to date in orLeft 
24962      WARN  main            d.u.i.k.p.NodeInfo        No instantiation for #109. Probably branch label not up to date in orLeft 
24962      WARN  main            d.u.i.k.p.NodeInfo        No instantiation for #110. Probably branch label not up to date in orLeft 
24962      WARN  main            d.u.i.k.p.NodeInfo        No instantiation for #110. Probably branch label not up to date in orLeft 
24962      WARN  main            d.u.i.k.p.NodeInfo        No instantiation for #110. Probably branch label not up to date in orLeft 
24962      WARN  main            d.u.i.k.p.NodeInfo        No instantiation for #110. Probably branch label not up to date in orLeft 
24962      WARN  main            d.u.i.k.p.NodeInfo        No instantiation for #110. Probably branch label not up to date in orLeft 
24962      WARN  main            d.u.i.k.p.NodeInfo        No instantiation for #55. Probably branch label not up to date in orLeft 
24962      WARN  main            d.u.i.k.p.NodeInfo        No instantiation for #55. Probably branch label not up to date in orLeft 
24962      WARN  main            d.u.i.k.p.NodeInfo        No instantiation for #56. Probably branch label not up to date in orLeft 
24963      WARN  main            d.u.i.k.p.NodeInfo        No instantiation for #56. Probably branch label not up to date in orLeft 
24963      WARN  main            d.u.i.k.p.NodeInfo        No instantiation for #57. Probably branch label not up to date in orLeft 
24963      WARN  main            d.u.i.k.p.NodeInfo        No instantiation for #57. Probably branch label not up to date in orLeft 
24963      WARN  main            d.u.i.k.p.NodeInfo        No instantiation for #106. Probably branch label not up to date in orLeft 
24963      WARN  main            d.u.i.k.p.NodeInfo        No instantiation for #106. Probably branch label not up to date in orLeft 
24963      WARN  main            d.u.i.k.p.NodeInfo        No instantiation for #106. Probably branch label not up to date in orLeft 
24963      WARN  main            d.u.i.k.p.NodeInfo        No instantiation for #106. Probably branch label not up to date in orLeft 
24963      WARN  main            d.u.i.k.p.NodeInfo        No instantiation for #107. Probably branch label not up to date in orLeft 
24963      WARN  main            d.u.i.k.p.NodeInfo        No instantiation for #107. Probably branch label not up to date in orLeft 
24963      WARN  main            d.u.i.k.p.NodeInfo        No instantiation for #108. Probably branch label not up to date in orLeft 
24963      WARN  main            d.u.i.k.p.NodeInfo        No instantiation for #108. Probably branch label not up to date in orLeft 
24963      WARN  main            d.u.i.k.p.NodeInfo        No instantiation for #109. Probably branch label not up to date in orLeft 
24964      WARN  main            d.u.i.k.p.NodeInfo        No instantiation for #109. Probably branch label not up to date in orLeft 
24964      WARN  main            d.u.i.k.p.NodeInfo        No instantiation for #110. Probably branch label not up to date in orLeft 
24964      WARN  main            d.u.i.k.p.NodeInfo        No instantiation for #110. Probably branch label not up to date in orLeft 
24964      WARN  main            d.u.i.k.p.NodeInfo        No instantiation for #110. Probably branch label not up to date in orLeft 
24964      WARN  main            d.u.i.k.p.NodeInfo        No instantiation for #110. Probably branch label not up to date in orLeft 
24964      WARN  main            d.u.i.k.p.NodeInfo        No instantiation for #110. Probably branch label not up to date in orLeft 
24964      WARN  main            d.u.i.k.p.NodeInfo        No instantiation for #55. Probably branch label not up to date in orLeft 
24964      WARN  main            d.u.i.k.p.NodeInfo        No instantiation for #55. Probably branch label not up to date in orLeft 
24964      WARN  main            d.u.i.k.p.NodeInfo        No instantiation for #56. Probably branch label not up to date in orLeft 
24964      WARN  main            d.u.i.k.p.NodeInfo        No instantiation for #56. Probably branch label not up to date in orLeft 
24964      WARN  main            d.u.i.k.p.NodeInfo        No instantiation for #57. Probably branch label not up to date in orLeft 
24964      WARN  main            d.u.i.k.p.NodeInfo        No instantiation for #57. Probably branch label not up to date in orLeft 
24965      WARN  main            d.u.i.k.p.NodeInfo        No instantiation for #106. Probably branch label not up to date in orLeft 
24965      WARN  main            d.u.i.k.p.NodeInfo        No instantiation for #106. Probably branch label not up to date in orLeft 
24965      WARN  main            d.u.i.k.p.NodeInfo        No instantiation for #106. Probably branch label not up to date in orLeft 
24965      WARN  main            d.u.i.k.p.NodeInfo        No instantiation for #106. Probably branch label not up to date in orLeft 
24965      WARN  main            d.u.i.k.p.NodeInfo        No instantiation for #107. Probably branch label not up to date in orLeft 
24965      WARN  main            d.u.i.k.p.NodeInfo        No instantiation for #107. Probably branch label not up to date in orLeft 
24965      WARN  main            d.u.i.k.p.NodeInfo        No instantiation for #108. Probably branch label not up to date in orLeft 
24965      WARN  main            d.u.i.k.p.NodeInfo        No instantiation for #108. Probably branch label not up to date in orLeft 
24965      WARN  main            d.u.i.k.p.NodeInfo        No instantiation for #109. Probably branch label not up to date in orLeft 
24965      WARN  main            d.u.i.k.p.NodeInfo        No instantiation for #109. Probably branch label not up to date in orLeft 
24965      WARN  main            d.u.i.k.p.NodeInfo        No instantiation for #110. Probably branch label not up to date in orLeft 
24965      WARN  main            d.u.i.k.p.NodeInfo        No instantiation for #110. Probably branch label not up to date in orLeft 
24965      WARN  main            d.u.i.k.p.NodeInfo        No instantiation for #110. Probably branch label not up to date in orLeft 
24966      WARN  main            d.u.i.k.p.NodeInfo        No instantiation for #110. Probably branch label not up to date in orLeft 
24966      WARN  main            d.u.i.k.p.NodeInfo        No instantiation for #110. Probably branch label not up to date in orLeft 
24966      WARN  main            d.u.i.k.p.NodeInfo        No instantiation for #87. Probably branch label not up to date in orLeft 
24966      WARN  main            d.u.i.k.p.NodeInfo        No instantiation for #87. Probably branch label not up to date in orLeft 
24966      WARN  main            d.u.i.k.p.NodeInfo        No instantiation for #88. Probably branch label not up to date in orLeft 
24966      WARN  main            d.u.i.k.p.NodeInfo        No instantiation for #88. Probably branch label not up to date in orLeft 
24966      WARN  main            d.u.i.k.p.NodeInfo        No instantiation for #89. Probably branch label not up to date in orLeft 
24966      WARN  main            d.u.i.k.p.NodeInfo        No instantiation for #89. Probably branch label not up to date in orLeft 
24966      WARN  main            d.u.i.k.p.NodeInfo        No instantiation for #106. Probably branch label not up to date in orLeft 
24966      WARN  main            d.u.i.k.p.NodeInfo        No instantiation for #106. Probably branch label not up to date in orLeft 
24966      WARN  main            d.u.i.k.p.NodeInfo        No instantiation for #106. Probably branch label not up to date in orLeft 
24966      WARN  main            d.u.i.k.p.NodeInfo        No instantiation for #106. Probably branch label not up to date in orLeft 
24967      WARN  main            d.u.i.k.p.NodeInfo        No instantiation for #107. Probably branch label not up to date in orLeft 
24967      WARN  main            d.u.i.k.p.NodeInfo        No instantiation for #107. Probably branch label not up to date in orLeft 
24967      WARN  main            d.u.i.k.p.NodeInfo        No instantiation for #108. Probably branch label not up to date in orLeft 
24967      WARN  main            d.u.i.k.p.NodeInfo        No instantiation for #108. Probably branch label not up to date in orLeft 
24967      WARN  main            d.u.i.k.p.NodeInfo        No instantiation for #109. Probably branch label not up to date in orLeft 
24967      WARN  main            d.u.i.k.p.NodeInfo        No instantiation for #109. Probably branch label not up to date in orLeft 
24967      WARN  main            d.u.i.k.p.NodeInfo        No instantiation for #110. Probably branch label not up to date in orLeft 
24967      WARN  main            d.u.i.k.p.NodeInfo        No instantiation for #110. Probably branch label not up to date in orLeft 
24967      WARN  main            d.u.i.k.p.NodeInfo        No instantiation for #110. Probably branch label not up to date in orLeft 
24967      WARN  main            d.u.i.k.p.NodeInfo        No instantiation for #110. Probably branch label not up to date in orLeft 
24967      WARN  main            d.u.i.k.p.NodeInfo        No instantiation for #110. Probably branch label not up to date in orLeft 
24968      WARN  main            d.u.i.k.p.NodeInfo        No instantiation for #55. Probably branch label not up to date in orLeft 
24968      WARN  main            d.u.i.k.p.NodeInfo        No instantiation for #55. Probably branch label not up to date in orLeft 
24968      WARN  main            d.u.i.k.p.NodeInfo        No instantiation for #56. Probably branch label not up to date in orLeft 
24968      WARN  main            d.u.i.k.p.NodeInfo        No instantiation for #56. Probably branch label not up to date in orLeft 
24968      WARN  main            d.u.i.k.p.NodeInfo        No instantiation for #57. Probably branch label not up to date in orLeft 
24968      WARN  main            d.u.i.k.p.NodeInfo        No instantiation for #57. Probably branch label not up to date in orLeft 
24968      WARN  main            d.u.i.k.p.NodeInfo        No instantiation for #106. Probably branch label not up to date in orLeft 
24968      WARN  main            d.u.i.k.p.NodeInfo        No instantiation for #106. Probably branch label not up to date in orLeft 
24968      WARN  main            d.u.i.k.p.NodeInfo        No instantiation for #106. Probably branch label not up to date in orLeft 
24968      WARN  main            d.u.i.k.p.NodeInfo        No instantiation for #106. Probably branch label not up to date in orLeft 
24968      WARN  main            d.u.i.k.p.NodeInfo        No instantiation for #107. Probably branch label not up to date in orLeft 
24969      WARN  main            d.u.i.k.p.NodeInfo        No instantiation for #107. Probably branch label not up to date in orLeft 
24969      WARN  main            d.u.i.k.p.NodeInfo        No instantiation for #108. Probably branch label not up to date in orLeft 
24969      WARN  main            d.u.i.k.p.NodeInfo        No instantiation for #108. Probably branch label not up to date in orLeft 
24969      WARN  main            d.u.i.k.p.NodeInfo        No instantiation for #109. Probably branch label not up to date in orLeft 
24969      WARN  main            d.u.i.k.p.NodeInfo        No instantiation for #109. Probably branch label not up to date in orLeft 
24969      WARN  main            d.u.i.k.p.NodeInfo        No instantiation for #110. Probably branch label not up to date in orLeft 
24969      WARN  main            d.u.i.k.p.NodeInfo        No instantiation for #110. Probably branch label not up to date in orLeft 
24969      WARN  main            d.u.i.k.p.NodeInfo        No instantiation for #110. Probably branch label not up to date in orLeft 
24969      WARN  main            d.u.i.k.p.NodeInfo        No instantiation for #110. Probably branch label not up to date in orLeft 
24969      WARN  main            d.u.i.k.p.NodeInfo        No instantiation for #110. Probably branch label not up to date in orLeft 
24970      WARN  main            d.u.i.k.p.NodeInfo        No instantiation for #111. Probably branch label not up to date in orLeft 
24970      WARN  main            d.u.i.k.p.NodeInfo        No instantiation for #111. Probably branch label not up to date in orLeft 
24972      WARN  main            d.u.i.k.p.NodeInfo        No instantiation for #112. Probably branch label not up to date in orLeft 
24975      WARN  main            d.u.i.k.p.NodeInfo        No instantiation for #112. Probably branch label not up to date in orLeft 
24975      WARN  main            d.u.i.k.p.NodeInfo        No instantiation for #113. Probably branch label not up to date in orLeft 
24975      WARN  main            d.u.i.k.p.NodeInfo        No instantiation for #113. Probably branch label not up to date in orLeft 
24975      WARN  main            d.u.i.k.p.NodeInfo        No instantiation for #106. Probably branch label not up to date in orLeft 
24975      WARN  main            d.u.i.k.p.NodeInfo        No instantiation for #106. Probably branch label not up to date in orLeft 
24975      WARN  main            d.u.i.k.p.NodeInfo        No instantiation for #106. Probably branch label not up to date in orLeft 
24975      WARN  main            d.u.i.k.p.NodeInfo        No instantiation for #106. Probably branch label not up to date in orLeft 
24975      WARN  main            d.u.i.k.p.NodeInfo        No instantiation for #107. Probably branch label not up to date in orLeft 
24975      WARN  main            d.u.i.k.p.NodeInfo        No instantiation for #107. Probably branch label not up to date in orLeft 
24976      WARN  main            d.u.i.k.p.NodeInfo        No instantiation for #108. Probably branch label not up to date in orLeft 
24976      WARN  main            d.u.i.k.p.NodeInfo        No instantiation for #108. Probably branch label not up to date in orLeft 
24976      WARN  main            d.u.i.k.p.NodeInfo        No instantiation for #109. Probably branch label not up to date in orLeft 
24976      WARN  main            d.u.i.k.p.NodeInfo        No instantiation for #109. Probably branch label not up to date in orLeft 
24976      WARN  main            d.u.i.k.p.NodeInfo        No instantiation for #110. Probably branch label not up to date in orLeft 
24977      WARN  main            d.u.i.k.p.NodeInfo        No instantiation for #110. Probably branch label not up to date in orLeft 
24977      WARN  main            d.u.i.k.p.NodeInfo        No instantiation for #110. Probably branch label not up to date in orLeft 
24977      WARN  main            d.u.i.k.p.NodeInfo        No instantiation for #110. Probably branch label not up to date in orLeft 
24977      WARN  main            d.u.i.k.p.NodeInfo        No instantiation for #110. Probably branch label not up to date in orLeft 
24977      WARN  main            d.u.i.k.p.NodeInfo        No instantiation for #87. Probably branch label not up to date in orLeft 
24977      WARN  main            d.u.i.k.p.NodeInfo        No instantiation for #87. Probably branch label not up to date in orLeft 
24977      WARN  main            d.u.i.k.p.NodeInfo        No instantiation for #88. Probably branch label not up to date in orLeft 
24977      WARN  main            d.u.i.k.p.NodeInfo        No instantiation for #88. Probably branch label not up to date in orLeft 
24977      WARN  main            d.u.i.k.p.NodeInfo        No instantiation for #89. Probably branch label not up to date in orLeft 
24977      WARN  main            d.u.i.k.p.NodeInfo        No instantiation for #89. Probably branch label not up to date in orLeft 
24978      WARN  main            d.u.i.k.p.NodeInfo        No instantiation for #106. Probably branch label not up to date in orLeft 
24978      WARN  main            d.u.i.k.p.NodeInfo        No instantiation for #106. Probably branch label not up to date in orLeft 
24978      WARN  main            d.u.i.k.p.NodeInfo        No instantiation for #106. Probably branch label not up to date in orLeft 
24978      WARN  main            d.u.i.k.p.NodeInfo        No instantiation for #106. Probably branch label not up to date in orLeft 
24978      WARN  main            d.u.i.k.p.NodeInfo        No instantiation for #107. Probably branch label not up to date in orLeft 
24978      WARN  main            d.u.i.k.p.NodeInfo        No instantiation for #107. Probably branch label not up to date in orLeft 
24979      WARN  main            d.u.i.k.p.NodeInfo        No instantiation for #108. Probably branch label not up to date in orLeft 
24979      WARN  main            d.u.i.k.p.NodeInfo        No instantiation for #108. Probably branch label not up to date in orLeft 
24982      WARN  main            d.u.i.k.p.NodeInfo        No instantiation for #109. Probably branch label not up to date in orLeft 
24982      WARN  main            d.u.i.k.p.NodeInfo        No instantiation for #109. Probably branch label not up to date in orLeft 
24982      WARN  main            d.u.i.k.p.NodeInfo        No instantiation for #110. Probably branch label not up to date in orLeft 
24983      WARN  main            d.u.i.k.p.NodeInfo        No instantiation for #110. Probably branch label not up to date in orLeft 
24983      WARN  main            d.u.i.k.p.NodeInfo        No instantiation for #110. Probably branch label not up to date in orLeft 
24983      WARN  main            d.u.i.k.p.NodeInfo        No instantiation for #110. Probably branch label not up to date in orLeft 
24983      WARN  main            d.u.i.k.p.NodeInfo        No instantiation for #110. Probably branch label not up to date in orLeft 
24983      WARN  main            d.u.i.k.p.NodeInfo        No instantiation for #87. Probably branch label not up to date in orLeft 
24983      WARN  main            d.u.i.k.p.NodeInfo        No instantiation for #87. Probably branch label not up to date in orLeft 
24983      WARN  main            d.u.i.k.p.NodeInfo        No instantiation for #88. Probably branch label not up to date in orLeft 
24983      WARN  main            d.u.i.k.p.NodeInfo        No instantiation for #88. Probably branch label not up to date in orLeft 
24983      WARN  main            d.u.i.k.p.NodeInfo        No instantiation for #89. Probably branch label not up to date in orLeft 
24983      WARN  main            d.u.i.k.p.NodeInfo        No instantiation for #89. Probably branch label not up to date in orLeft 
24997      WARN  main            d.u.i.k.p.NodeInfo        No instantiation for #106. Probably branch label not up to date in orLeft 
24997      WARN  main            d.u.i.k.p.NodeInfo        No instantiation for #106. Probably branch label not up to date in orLeft 
24997      WARN  main            d.u.i.k.p.NodeInfo        No instantiation for #106. Probably branch label not up to date in orLeft 
24997      WARN  main            d.u.i.k.p.NodeInfo        No instantiation for #106. Probably branch label not up to date in orLeft 
24997      WARN  main            d.u.i.k.p.NodeInfo        No instantiation for #107. Probably branch label not up to date in orLeft 
24997      WARN  main            d.u.i.k.p.NodeInfo        No instantiation for #107. Probably branch label not up to date in orLeft 
24998      WARN  main            d.u.i.k.p.NodeInfo        No instantiation for #108. Probably branch label not up to date in orLeft 
24998      WARN  main            d.u.i.k.p.NodeInfo        No instantiation for #108. Probably branch label not up to date in orLeft 
24998      WARN  main            d.u.i.k.p.NodeInfo        No instantiation for #109. Probably branch label not up to date in orLeft 
24998      WARN  main            d.u.i.k.p.NodeInfo        No instantiation for #109. Probably branch label not up to date in orLeft 
24998      WARN  main            d.u.i.k.p.NodeInfo        No instantiation for #110. Probably branch label not up to date in orLeft 
24998      WARN  main            d.u.i.k.p.NodeInfo        No instantiation for #110. Probably branch label not up to date in orLeft 
24998      WARN  main            d.u.i.k.p.NodeInfo        No instantiation for #110. Probably branch label not up to date in orLeft 
24998      WARN  main            d.u.i.k.p.NodeInfo        No instantiation for #110. Probably branch label not up to date in orLeft 
24998      WARN  main            d.u.i.k.p.NodeInfo        No instantiation for #110. Probably branch label not up to date in orLeft 
24998      WARN  main            d.u.i.k.p.NodeInfo        No instantiation for #87. Probably branch label not up to date in orLeft 
24998      WARN  main            d.u.i.k.p.NodeInfo        No instantiation for #87. Probably branch label not up to date in orLeft 
24998      WARN  main            d.u.i.k.p.NodeInfo        No instantiation for #88. Probably branch label not up to date in orLeft 
24999      WARN  main            d.u.i.k.p.NodeInfo        No instantiation for #88. Probably branch label not up to date in orLeft 
24999      WARN  main            d.u.i.k.p.NodeInfo        No instantiation for #89. Probably branch label not up to date in orLeft 
24999      WARN  main            d.u.i.k.p.NodeInfo        No instantiation for #89. Probably branch label not up to date in orLeft 
24999      WARN  main            d.u.i.k.p.NodeInfo        No instantiation for #106. Probably branch label not up to date in orLeft 
24999      WARN  main            d.u.i.k.p.NodeInfo        No instantiation for #106. Probably branch label not up to date in orLeft 
24999      WARN  main            d.u.i.k.p.NodeInfo        No instantiation for #106. Probably branch label not up to date in orLeft 
24999      WARN  main            d.u.i.k.p.NodeInfo        No instantiation for #106. Probably branch label not up to date in orLeft 
24999      WARN  main            d.u.i.k.p.NodeInfo        No instantiation for #107. Probably branch label not up to date in orLeft 
24999      WARN  main            d.u.i.k.p.NodeInfo        No instantiation for #107. Probably branch label not up to date in orLeft 
24999      WARN  main            d.u.i.k.p.NodeInfo        No instantiation for #108. Probably branch label not up to date in orLeft 
24999      WARN  main            d.u.i.k.p.NodeInfo        No instantiation for #108. Probably branch label not up to date in orLeft 
25000      WARN  main            d.u.i.k.p.NodeInfo        No instantiation for #109. Probably branch label not up to date in orLeft 
25000      WARN  main            d.u.i.k.p.NodeInfo        No instantiation for #109. Probably branch label not up to date in orLeft 
25000      WARN  main            d.u.i.k.p.NodeInfo        No instantiation for #110. Probably branch label not up to date in orLeft 
25000      WARN  main            d.u.i.k.p.NodeInfo        No instantiation for #110. Probably branch label not up to date in orLeft 
25000      WARN  main            d.u.i.k.p.NodeInfo        No instantiation for #110. Probably branch label not up to date in orLeft 
25000      WARN  main            d.u.i.k.p.NodeInfo        No instantiation for #110. Probably branch label not up to date in orLeft 
25000      WARN  main            d.u.i.k.p.NodeInfo        No instantiation for #110. Probably branch label not up to date in orLeft 
25000      WARN  main            d.u.i.k.p.NodeInfo        No instantiation for #87. Probably branch label not up to date in orLeft 
25000      WARN  main            d.u.i.k.p.NodeInfo        No instantiation for #87. Probably branch label not up to date in orLeft 
25000      WARN  main            d.u.i.k.p.NodeInfo        No instantiation for #88. Probably branch label not up to date in orLeft 
25000      WARN  main            d.u.i.k.p.NodeInfo        No instantiation for #88. Probably branch label not up to date in orLeft 
25000      WARN  main            d.u.i.k.p.NodeInfo        No instantiation for #89. Probably branch label not up to date in orLeft 
25001      WARN  main            d.u.i.k.p.NodeInfo        No instantiation for #89. Probably branch label not up to date in orLeft 
25012      WARN  main            d.u.i.k.p.NodeInfo        No instantiation for #106. Probably branch label not up to date in orLeft 
25012      WARN  main            d.u.i.k.p.NodeInfo        No instantiation for #106. Probably branch label not up to date in orLeft 
25012      WARN  main            d.u.i.k.p.NodeInfo        No instantiation for #106. Probably branch label not up to date in orLeft 
25012      WARN  main            d.u.i.k.p.NodeInfo        No instantiation for #106. Probably branch label not up to date in orLeft 
25013      WARN  main            d.u.i.k.p.NodeInfo        No instantiation for #107. Probably branch label not up to date in orLeft 
25013      WARN  main            d.u.i.k.p.NodeInfo        No instantiation for #107. Probably branch label not up to date in orLeft 
25013      WARN  main            d.u.i.k.p.NodeInfo        No instantiation for #108. Probably branch label not up to date in orLeft 
25013      WARN  main            d.u.i.k.p.NodeInfo        No instantiation for #108. Probably branch label not up to date in orLeft 
25013      WARN  main            d.u.i.k.p.NodeInfo        No instantiation for #109. Probably branch label not up to date in orLeft 
25013      WARN  main            d.u.i.k.p.NodeInfo        No instantiation for #109. Probably branch label not up to date in orLeft 
25013      WARN  main            d.u.i.k.p.NodeInfo        No instantiation for #110. Probably branch label not up to date in orLeft 
25013      WARN  main            d.u.i.k.p.NodeInfo        No instantiation for #110. Probably branch label not up to date in orLeft 
25013      WARN  main            d.u.i.k.p.NodeInfo        No instantiation for #110. Probably branch label not up to date in orLeft 
25013      WARN  main            d.u.i.k.p.NodeInfo        No instantiation for #110. Probably branch label not up to date in orLeft 
25013      WARN  main            d.u.i.k.p.NodeInfo        No instantiation for #110. Probably branch label not up to date in orLeft 
25014      WARN  main            d.u.i.k.p.NodeInfo        No instantiation for #55. Probably branch label not up to date in orLeft 
25014      WARN  main            d.u.i.k.p.NodeInfo        No instantiation for #55. Probably branch label not up to date in orLeft 
25014      WARN  main            d.u.i.k.p.NodeInfo        No instantiation for #56. Probably branch label not up to date in orLeft 
25014      WARN  main            d.u.i.k.p.NodeInfo        No instantiation for #56. Probably branch label not up to date in orLeft 
25014      WARN  main            d.u.i.k.p.NodeInfo        No instantiation for #57. Probably branch label not up to date in orLeft 
25014      WARN  main            d.u.i.k.p.NodeInfo        No instantiation for #57. Probably branch label not up to date in orLeft 
25014      WARN  main            d.u.i.k.p.NodeInfo        No instantiation for #106. Probably branch label not up to date in orLeft 
25014      WARN  main            d.u.i.k.p.NodeInfo        No instantiation for #106. Probably branch label not up to date in orLeft 
25014      WARN  main            d.u.i.k.p.NodeInfo        No instantiation for #106. Probably branch label not up to date in orLeft 
25014      WARN  main            d.u.i.k.p.NodeInfo        No instantiation for #106. Probably branch label not up to date in orLeft 
25014      WARN  main            d.u.i.k.p.NodeInfo        No instantiation for #107. Probably branch label not up to date in orLeft 
25014      WARN  main            d.u.i.k.p.NodeInfo        No instantiation for #107. Probably branch label not up to date in orLeft 
25015      WARN  main            d.u.i.k.p.NodeInfo        No instantiation for #108. Probably branch label not up to date in orLeft 
25015      WARN  main            d.u.i.k.p.NodeInfo        No instantiation for #108. Probably branch label not up to date in orLeft 
25015      WARN  main            d.u.i.k.p.NodeInfo        No instantiation for #109. Probably branch label not up to date in orLeft 
25015      WARN  main            d.u.i.k.p.NodeInfo        No instantiation for #109. Probably branch label not up to date in orLeft 
25015      WARN  main            d.u.i.k.p.NodeInfo        No instantiation for #110. Probably branch label not up to date in orLeft 
25015      WARN  main            d.u.i.k.p.NodeInfo        No instantiation for #110. Probably branch label not up to date in orLeft 
25015      WARN  main            d.u.i.k.p.NodeInfo        No instantiation for #110. Probably branch label not up to date in orLeft 
25015      WARN  main            d.u.i.k.p.NodeInfo        No instantiation for #110. Probably branch label not up to date in orLeft 
25015      WARN  main            d.u.i.k.p.NodeInfo        No instantiation for #110. Probably branch label not up to date in orLeft 
25015      WARN  main            d.u.i.k.p.NodeInfo        No instantiation for #55. Probably branch label not up to date in orLeft 
25015      WARN  main            d.u.i.k.p.NodeInfo        No instantiation for #55. Probably branch label not up to date in orLeft 
25016      WARN  main            d.u.i.k.p.NodeInfo        No instantiation for #56. Probably branch label not up to date in orLeft 
25016      WARN  main            d.u.i.k.p.NodeInfo        No instantiation for #56. Probably branch label not up to date in orLeft 
25016      WARN  main            d.u.i.k.p.NodeInfo        No instantiation for #57. Probably branch label not up to date in orLeft 
25016      WARN  main            d.u.i.k.p.NodeInfo        No instantiation for #57. Probably branch label not up to date in orLeft 
25016      WARN  main            d.u.i.k.p.NodeInfo        No instantiation for #106. Probably branch label not up to date in orLeft 
25016      WARN  main            d.u.i.k.p.NodeInfo        No instantiation for #106. Probably branch label not up to date in orLeft 
25016      WARN  main            d.u.i.k.p.NodeInfo        No instantiation for #106. Probably branch label not up to date in orLeft 
25016      WARN  main            d.u.i.k.p.NodeInfo        No instantiation for #106. Probably branch label not up to date in orLeft 
25016      WARN  main            d.u.i.k.p.NodeInfo        No instantiation for #107. Probably branch label not up to date in orLeft 
25016      WARN  main            d.u.i.k.p.NodeInfo        No instantiation for #107. Probably branch label not up to date in orLeft 
25016      WARN  main            d.u.i.k.p.NodeInfo        No instantiation for #108. Probably branch label not up to date in orLeft 
25016      WARN  main            d.u.i.k.p.NodeInfo        No instantiation for #108. Probably branch label not up to date in orLeft 
25017      WARN  main            d.u.i.k.p.NodeInfo        No instantiation for #109. Probably branch label not up to date in orLeft 
25017      WARN  main            d.u.i.k.p.NodeInfo        No instantiation for #109. Probably branch label not up to date in orLeft 
25017      WARN  main            d.u.i.k.p.NodeInfo        No instantiation for #110. Probably branch label not up to date in orLeft 
25017      WARN  main            d.u.i.k.p.NodeInfo        No instantiation for #110. Probably branch label not up to date in orLeft 
25017      WARN  main            d.u.i.k.p.NodeInfo        No instantiation for #110. Probably branch label not up to date in orLeft 
25017      WARN  main            d.u.i.k.p.NodeInfo        No instantiation for #110. Probably branch label not up to date in orLeft 
25017      WARN  main            d.u.i.k.p.NodeInfo        No instantiation for #110. Probably branch label not up to date in orLeft 
25017      WARN  main            d.u.i.k.p.NodeInfo        No instantiation for #55. Probably branch label not up to date in orLeft 
25017      WARN  main            d.u.i.k.p.NodeInfo        No instantiation for #55. Probably branch label not up to date in orLeft 
25017      WARN  main            d.u.i.k.p.NodeInfo        No instantiation for #56. Probably branch label not up to date in orLeft 
25017      WARN  main            d.u.i.k.p.NodeInfo        No instantiation for #56. Probably branch label not up to date in orLeft 
25018      WARN  main            d.u.i.k.p.NodeInfo        No instantiation for #57. Probably branch label not up to date in orLeft 
25018      WARN  main            d.u.i.k.p.NodeInfo        No instantiation for #57. Probably branch label not up to date in orLeft 
25018      WARN  main            d.u.i.k.p.NodeInfo        No instantiation for #106. Probably branch label not up to date in orLeft 
25018      WARN  main            d.u.i.k.p.NodeInfo        No instantiation for #106. Probably branch label not up to date in orLeft 
25018      WARN  main            d.u.i.k.p.NodeInfo        No instantiation for #106. Probably branch label not up to date in orLeft 
25018      WARN  main            d.u.i.k.p.NodeInfo        No instantiation for #106. Probably branch label not up to date in orLeft 
25018      WARN  main            d.u.i.k.p.NodeInfo        No instantiation for #107. Probably branch label not up to date in orLeft 
25018      WARN  main            d.u.i.k.p.NodeInfo        No instantiation for #107. Probably branch label not up to date in orLeft 
25018      WARN  main            d.u.i.k.p.NodeInfo        No instantiation for #108. Probably branch label not up to date in orLeft 
25018      WARN  main            d.u.i.k.p.NodeInfo        No instantiation for #108. Probably branch label not up to date in orLeft 
25018      WARN  main            d.u.i.k.p.NodeInfo        No instantiation for #109. Probably branch label not up to date in orLeft 
25018      WARN  main            d.u.i.k.p.NodeInfo        No instantiation for #109. Probably branch label not up to date in orLeft 
25019      WARN  main            d.u.i.k.p.NodeInfo        No instantiation for #110. Probably branch label not up to date in orLeft 
25019      WARN  main            d.u.i.k.p.NodeInfo        No instantiation for #110. Probably branch label not up to date in orLeft 
25019      WARN  main            d.u.i.k.p.NodeInfo        No instantiation for #110. Probably branch label not up to date in orLeft 
25019      WARN  main            d.u.i.k.p.NodeInfo        No instantiation for #110. Probably branch label not up to date in orLeft 
25019      WARN  main            d.u.i.k.p.NodeInfo        No instantiation for #110. Probably branch label not up to date in orLeft 
25019      WARN  main            d.u.i.k.p.NodeInfo        No instantiation for #87. Probably branch label not up to date in orLeft 
25019      WARN  main            d.u.i.k.p.NodeInfo        No instantiation for #87. Probably branch label not up to date in orLeft 
25019      WARN  main            d.u.i.k.p.NodeInfo        No instantiation for #88. Probably branch label not up to date in orLeft 
25019      WARN  main            d.u.i.k.p.NodeInfo        No instantiation for #88. Probably branch label not up to date in orLeft 
25019      WARN  main            d.u.i.k.p.NodeInfo        No instantiation for #89. Probably branch label not up to date in orLeft 
25019      WARN  main            d.u.i.k.p.NodeInfo        No instantiation for #89. Probably branch label not up to date in orLeft 
25019      WARN  main            d.u.i.k.p.NodeInfo        No instantiation for #106. Probably branch label not up to date in orLeft 
25020      WARN  main            d.u.i.k.p.NodeInfo        No instantiation for #106. Probably branch label not up to date in orLeft 
25020      WARN  main            d.u.i.k.p.NodeInfo        No instantiation for #106. Probably branch label not up to date in orLeft 
25020      WARN  main            d.u.i.k.p.NodeInfo        No instantiation for #106. Probably branch label not up to date in orLeft 
25020      WARN  main            d.u.i.k.p.NodeInfo        No instantiation for #107. Probably branch label not up to date in orLeft 
25020      WARN  main            d.u.i.k.p.NodeInfo        No instantiation for #107. Probably branch label not up to date in orLeft 
25020      WARN  main            d.u.i.k.p.NodeInfo        No instantiation for #108. Probably branch label not up to date in orLeft 
25020      WARN  main            d.u.i.k.p.NodeInfo        No instantiation for #108. Probably branch label not up to date in orLeft 
25020      WARN  main            d.u.i.k.p.NodeInfo        No instantiation for #109. Probably branch label not up to date in orLeft 
25020      WARN  main            d.u.i.k.p.NodeInfo        No instantiation for #109. Probably branch label not up to date in orLeft 
25020      WARN  main            d.u.i.k.p.NodeInfo        No instantiation for #110. Probably branch label not up to date in orLeft 
25020      WARN  main            d.u.i.k.p.NodeInfo        No instantiation for #110. Probably branch label not up to date in orLeft 
25020      WARN  main            d.u.i.k.p.NodeInfo        No instantiation for #110. Probably branch label not up to date in orLeft 
25021      WARN  main            d.u.i.k.p.NodeInfo        No instantiation for #110. Probably branch label not up to date in orLeft 
25021      WARN  main            d.u.i.k.p.NodeInfo        No instantiation for #110. Probably branch label not up to date in orLeft 
25021      WARN  main            d.u.i.k.p.NodeInfo        No instantiation for #55. Probably branch label not up to date in orLeft 
25021      WARN  main            d.u.i.k.p.NodeInfo        No instantiation for #55. Probably branch label not up to date in orLeft 
25022      WARN  main            d.u.i.k.p.NodeInfo        No instantiation for #56. Probably branch label not up to date in orLeft 
25022      WARN  main            d.u.i.k.p.NodeInfo        No instantiation for #56. Probably branch label not up to date in orLeft 
25022      WARN  main            d.u.i.k.p.NodeInfo        No instantiation for #57. Probably branch label not up to date in orLeft 
25022      WARN  main            d.u.i.k.p.NodeInfo        No instantiation for #57. Probably branch label not up to date in orLeft 
25022      WARN  main            d.u.i.k.p.NodeInfo        No instantiation for #106. Probably branch label not up to date in orLeft 
25022      WARN  main            d.u.i.k.p.NodeInfo        No instantiation for #106. Probably branch label not up to date in orLeft 
25022      WARN  main            d.u.i.k.p.NodeInfo        No instantiation for #106. Probably branch label not up to date in orLeft 
25022      WARN  main            d.u.i.k.p.NodeInfo        No instantiation for #106. Probably branch label not up to date in orLeft 
25022      WARN  main            d.u.i.k.p.NodeInfo        No instantiation for #107. Probably branch label not up to date in orLeft 
25022      WARN  main            d.u.i.k.p.NodeInfo        No instantiation for #107. Probably branch label not up to date in orLeft 
25022      WARN  main            d.u.i.k.p.NodeInfo        No instantiation for #108. Probably branch label not up to date in orLeft 
25022      WARN  main            d.u.i.k.p.NodeInfo        No instantiation for #108. Probably branch label not up to date in orLeft 
25023      WARN  main            d.u.i.k.p.NodeInfo        No instantiation for #109. Probably branch label not up to date in orLeft 
25023      WARN  main            d.u.i.k.p.NodeInfo        No instantiation for #109. Probably branch label not up to date in orLeft 
25023      WARN  main            d.u.i.k.p.NodeInfo        No instantiation for #110. Probably branch label not up to date in orLeft 
25023      WARN  main            d.u.i.k.p.NodeInfo        No instantiation for #110. Probably branch label not up to date in orLeft 
25023      WARN  main            d.u.i.k.p.NodeInfo        No instantiation for #110. Probably branch label not up to date in orLeft 
25023      WARN  main            d.u.i.k.p.NodeInfo        No instantiation for #110. Probably branch label not up to date in orLeft 
25023      WARN  main            d.u.i.k.p.NodeInfo        No instantiation for #110. Probably branch label not up to date in orLeft 
25023      WARN  main            d.u.i.k.p.NodeInfo        No instantiation for #111. Probably branch label not up to date in orLeft 
25023      WARN  main            d.u.i.k.p.NodeInfo        No instantiation for #111. Probably branch label not up to date in orLeft 
25023      WARN  main            d.u.i.k.p.NodeInfo        No instantiation for #112. Probably branch label not up to date in orLeft 
25023      WARN  main            d.u.i.k.p.NodeInfo        No instantiation for #112. Probably branch label not up to date in orLeft 
25023      WARN  main            d.u.i.k.p.NodeInfo        No instantiation for #113. Probably branch label not up to date in orLeft 
25024      WARN  main            d.u.i.k.p.NodeInfo        No instantiation for #113. Probably branch label not up to date in orLeft 
25039      WARN  main            d.u.i.k.p.NodeInfo        No instantiation for #106. Probably branch label not up to date in orLeft 
25040      WARN  main            d.u.i.k.p.NodeInfo        No instantiation for #106. Probably branch label not up to date in orLeft 
25040      WARN  main            d.u.i.k.p.NodeInfo        No instantiation for #106. Probably branch label not up to date in orLeft 
25040      WARN  main            d.u.i.k.p.NodeInfo        No instantiation for #106. Probably branch label not up to date in orLeft 
25040      WARN  main            d.u.i.k.p.NodeInfo        No instantiation for #107. Probably branch label not up to date in orLeft 
25040      WARN  main            d.u.i.k.p.NodeInfo        No instantiation for #107. Probably branch label not up to date in orLeft 
25040      WARN  main            d.u.i.k.p.NodeInfo        No instantiation for #108. Probably branch label not up to date in orLeft 
25040      WARN  main            d.u.i.k.p.NodeInfo        No instantiation for #108. Probably branch label not up to date in orLeft 
25040      WARN  main            d.u.i.k.p.NodeInfo        No instantiation for #109. Probably branch label not up to date in orLeft 
25040      WARN  main            d.u.i.k.p.NodeInfo        No instantiation for #109. Probably branch label not up to date in orLeft 
25041      WARN  main            d.u.i.k.p.NodeInfo        No instantiation for #110. Probably branch label not up to date in orLeft 
25041      WARN  main            d.u.i.k.p.NodeInfo        No instantiation for #110. Probably branch label not up to date in orLeft 
25041      WARN  main            d.u.i.k.p.NodeInfo        No instantiation for #110. Probably branch label not up to date in orLeft 
25041      WARN  main            d.u.i.k.p.NodeInfo        No instantiation for #110. Probably branch label not up to date in orLeft 
25041      WARN  main            d.u.i.k.p.NodeInfo        No instantiation for #110. Probably branch label not up to date in orLeft 
25041      WARN  main            d.u.i.k.p.NodeInfo        No instantiation for #55. Probably branch label not up to date in orLeft 
25041      WARN  main            d.u.i.k.p.NodeInfo        No instantiation for #55. Probably branch label not up to date in orLeft 
25041      WARN  main            d.u.i.k.p.NodeInfo        No instantiation for #56. Probably branch label not up to date in orLeft 
25041      WARN  main            d.u.i.k.p.NodeInfo        No instantiation for #56. Probably branch label not up to date in orLeft 
25041      WARN  main            d.u.i.k.p.NodeInfo        No instantiation for #57. Probably branch label not up to date in orLeft 
25041      WARN  main            d.u.i.k.p.NodeInfo        No instantiation for #57. Probably branch label not up to date in orLeft 
25041      WARN  main            d.u.i.k.p.NodeInfo        No instantiation for #106. Probably branch label not up to date in orLeft 
25042      WARN  main            d.u.i.k.p.NodeInfo        No instantiation for #106. Probably branch label not up to date in orLeft 
25042      WARN  main            d.u.i.k.p.NodeInfo        No instantiation for #106. Probably branch label not up to date in orLeft 
25042      WARN  main            d.u.i.k.p.NodeInfo        No instantiation for #106. Probably branch label not up to date in orLeft 
25042      WARN  main            d.u.i.k.p.NodeInfo        No instantiation for #107. Probably branch label not up to date in orLeft 
25042      WARN  main            d.u.i.k.p.NodeInfo        No instantiation for #107. Probably branch label not up to date in orLeft 
25042      WARN  main            d.u.i.k.p.NodeInfo        No instantiation for #108. Probably branch label not up to date in orLeft 
25042      WARN  main            d.u.i.k.p.NodeInfo        No instantiation for #108. Probably branch label not up to date in orLeft 
25042      WARN  main            d.u.i.k.p.NodeInfo        No instantiation for #109. Probably branch label not up to date in orLeft 
25042      WARN  main            d.u.i.k.p.NodeInfo        No instantiation for #109. Probably branch label not up to date in orLeft 
25042      WARN  main            d.u.i.k.p.NodeInfo        No instantiation for #110. Probably branch label not up to date in orLeft 
25042      WARN  main            d.u.i.k.p.NodeInfo        No instantiation for #110. Probably branch label not up to date in orLeft 
25042      WARN  main            d.u.i.k.p.NodeInfo        No instantiation for #110. Probably branch label not up to date in orLeft 
25043      WARN  main            d.u.i.k.p.NodeInfo        No instantiation for #110. Probably branch label not up to date in orLeft 
25043      WARN  main            d.u.i.k.p.NodeInfo        No instantiation for #110. Probably branch label not up to date in orLeft 
25043      WARN  main            d.u.i.k.p.NodeInfo        No instantiation for #111. Probably branch label not up to date in orLeft 
25043      WARN  main            d.u.i.k.p.NodeInfo        No instantiation for #111. Probably branch label not up to date in orLeft 
25043      WARN  main            d.u.i.k.p.NodeInfo        No instantiation for #112. Probably branch label not up to date in orLeft 
25046      WARN  main            d.u.i.k.p.NodeInfo        No instantiation for #112. Probably branch label not up to date in orLeft 
25046      WARN  main            d.u.i.k.p.NodeInfo        No instantiation for #113. Probably branch label not up to date in orLeft 
25046      WARN  main            d.u.i.k.p.NodeInfo        No instantiation for #113. Probably branch label not up to date in orLeft 
25054      WARN  main            d.u.i.k.p.NodeInfo        No instantiation for #106. Probably branch label not up to date in orLeft 
25055      WARN  main            d.u.i.k.p.NodeInfo        No instantiation for #106. Probably branch label not up to date in orLeft 
25055      WARN  main            d.u.i.k.p.NodeInfo        No instantiation for #106. Probably branch label not up to date in orLeft 
25055      WARN  main            d.u.i.k.p.NodeInfo        No instantiation for #106. Probably branch label not up to date in orLeft 
25055      WARN  main            d.u.i.k.p.NodeInfo        No instantiation for #107. Probably branch label not up to date in orLeft 
25055      WARN  main            d.u.i.k.p.NodeInfo        No instantiation for #107. Probably branch label not up to date in orLeft 
25055      WARN  main            d.u.i.k.p.NodeInfo        No instantiation for #108. Probably branch label not up to date in orLeft 
25055      WARN  main            d.u.i.k.p.NodeInfo        No instantiation for #108. Probably branch label not up to date in orLeft 
25055      WARN  main            d.u.i.k.p.NodeInfo        No instantiation for #109. Probably branch label not up to date in orLeft 
25055      WARN  main            d.u.i.k.p.NodeInfo        No instantiation for #109. Probably branch label not up to date in orLeft 
25055      WARN  main            d.u.i.k.p.NodeInfo        No instantiation for #110. Probably branch label not up to date in orLeft 
25055      WARN  main            d.u.i.k.p.NodeInfo        No instantiation for #110. Probably branch label not up to date in orLeft 
25056      WARN  main            d.u.i.k.p.NodeInfo        No instantiation for #110. Probably branch label not up to date in orLeft 
25056      WARN  main            d.u.i.k.p.NodeInfo        No instantiation for #110. Probably branch label not up to date in orLeft 
25056      WARN  main            d.u.i.k.p.NodeInfo        No instantiation for #110. Probably branch label not up to date in orLeft 
25056      WARN  main            d.u.i.k.p.NodeInfo        No instantiation for #55. Probably branch label not up to date in orLeft 
25056      WARN  main            d.u.i.k.p.NodeInfo        No instantiation for #55. Probably branch label not up to date in orLeft 
25056      WARN  main            d.u.i.k.p.NodeInfo        No instantiation for #56. Probably branch label not up to date in orLeft 
25056      WARN  main            d.u.i.k.p.NodeInfo        No instantiation for #56. Probably branch label not up to date in orLeft 
25056      WARN  main            d.u.i.k.p.NodeInfo        No instantiation for #57. Probably branch label not up to date in orLeft 
25056      WARN  main            d.u.i.k.p.NodeInfo        No instantiation for #57. Probably branch label not up to date in orLeft 
25056      WARN  main            d.u.i.k.p.NodeInfo        No instantiation for #106. Probably branch label not up to date in orLeft 
25056      WARN  main            d.u.i.k.p.NodeInfo        No instantiation for #106. Probably branch label not up to date in orLeft 
25057      WARN  main            d.u.i.k.p.NodeInfo        No instantiation for #106. Probably branch label not up to date in orLeft 
25057      WARN  main            d.u.i.k.p.NodeInfo        No instantiation for #106. Probably branch label not up to date in orLeft 
25057      WARN  main            d.u.i.k.p.NodeInfo        No instantiation for #107. Probably branch label not up to date in orLeft 
25057      WARN  main            d.u.i.k.p.NodeInfo        No instantiation for #107. Probably branch label not up to date in orLeft 
25057      WARN  main            d.u.i.k.p.NodeInfo        No instantiation for #108. Probably branch label not up to date in orLeft 
25057      WARN  main            d.u.i.k.p.NodeInfo        No instantiation for #108. Probably branch label not up to date in orLeft 
25057      WARN  main            d.u.i.k.p.NodeInfo        No instantiation for #109. Probably branch label not up to date in orLeft 
25057      WARN  main            d.u.i.k.p.NodeInfo        No instantiation for #109. Probably branch label not up to date in orLeft 
25057      WARN  main            d.u.i.k.p.NodeInfo        No instantiation for #110. Probably branch label not up to date in orLeft 
25057      WARN  main            d.u.i.k.p.NodeInfo        No instantiation for #110. Probably branch label not up to date in orLeft 
25057      WARN  main            d.u.i.k.p.NodeInfo        No instantiation for #110. Probably branch label not up to date in orLeft 
25057      WARN  main            d.u.i.k.p.NodeInfo        No instantiation for #110. Probably branch label not up to date in orLeft 
25058      WARN  main            d.u.i.k.p.NodeInfo        No instantiation for #110. Probably branch label not up to date in orLeft 
25058      WARN  main            d.u.i.k.p.NodeInfo        No instantiation for #55. Probably branch label not up to date in orLeft 
25058      WARN  main            d.u.i.k.p.NodeInfo        No instantiation for #55. Probably branch label not up to date in orLeft 
25058      WARN  main            d.u.i.k.p.NodeInfo        No instantiation for #56. Probably branch label not up to date in orLeft 
25058      WARN  main            d.u.i.k.p.NodeInfo        No instantiation for #56. Probably branch label not up to date in orLeft 
25058      WARN  main            d.u.i.k.p.NodeInfo        No instantiation for #57. Probably branch label not up to date in orLeft 
25058      WARN  main            d.u.i.k.p.NodeInfo        No instantiation for #57. Probably branch label not up to date in orLeft 
25058      WARN  main            d.u.i.k.p.NodeInfo        No instantiation for #106. Probably branch label not up to date in orLeft 
25058      WARN  main            d.u.i.k.p.NodeInfo        No instantiation for #106. Probably branch label not up to date in orLeft 
25058      WARN  main            d.u.i.k.p.NodeInfo        No instantiation for #106. Probably branch label not up to date in orLeft 
25058      WARN  main            d.u.i.k.p.NodeInfo        No instantiation for #106. Probably branch label not up to date in orLeft 
25059      WARN  main            d.u.i.k.p.NodeInfo        No instantiation for #107. Probably branch label not up to date in orLeft 
25059      WARN  main            d.u.i.k.p.NodeInfo        No instantiation for #107. Probably branch label not up to date in orLeft 
25059      WARN  main            d.u.i.k.p.NodeInfo        No instantiation for #108. Probably branch label not up to date in orLeft 
25059      WARN  main            d.u.i.k.p.NodeInfo        No instantiation for #108. Probably branch label not up to date in orLeft 
25059      WARN  main            d.u.i.k.p.NodeInfo        No instantiation for #109. Probably branch label not up to date in orLeft 
25059      WARN  main            d.u.i.k.p.NodeInfo        No instantiation for #109. Probably branch label not up to date in orLeft 
25059      WARN  main            d.u.i.k.p.NodeInfo        No instantiation for #110. Probably branch label not up to date in orLeft 
25059      WARN  main            d.u.i.k.p.NodeInfo        No instantiation for #110. Probably branch label not up to date in orLeft 
25059      WARN  main            d.u.i.k.p.NodeInfo        No instantiation for #110. Probably branch label not up to date in orLeft 
25059      WARN  main            d.u.i.k.p.NodeInfo        No instantiation for #110. Probably branch label not up to date in orLeft 
25059      WARN  main            d.u.i.k.p.NodeInfo        No instantiation for #110. Probably branch label not up to date in orLeft 
25059      WARN  main            d.u.i.k.p.NodeInfo        No instantiation for #55. Probably branch label not up to date in orLeft 
25060      WARN  main            d.u.i.k.p.NodeInfo        No instantiation for #55. Probably branch label not up to date in orLeft 
25060      WARN  main            d.u.i.k.p.NodeInfo        No instantiation for #56. Probably branch label not up to date in orLeft 
25060      WARN  main            d.u.i.k.p.NodeInfo        No instantiation for #56. Probably branch label not up to date in orLeft 
25060      WARN  main            d.u.i.k.p.NodeInfo        No instantiation for #57. Probably branch label not up to date in orLeft 
25060      WARN  main            d.u.i.k.p.NodeInfo        No instantiation for #57. Probably branch label not up to date in orLeft 
25060      WARN  main            d.u.i.k.p.NodeInfo        No instantiation for #106. Probably branch label not up to date in orLeft 
25060      WARN  main            d.u.i.k.p.NodeInfo        No instantiation for #106. Probably branch label not up to date in orLeft 
25060      WARN  main            d.u.i.k.p.NodeInfo        No instantiation for #106. Probably branch label not up to date in orLeft 
25060      WARN  main            d.u.i.k.p.NodeInfo        No instantiation for #106. Probably branch label not up to date in orLeft 
25060      WARN  main            d.u.i.k.p.NodeInfo        No instantiation for #107. Probably branch label not up to date in orLeft 
25060      WARN  main            d.u.i.k.p.NodeInfo        No instantiation for #107. Probably branch label not up to date in orLeft 
25061      WARN  main            d.u.i.k.p.NodeInfo        No instantiation for #108. Probably branch label not up to date in orLeft 
25061      WARN  main            d.u.i.k.p.NodeInfo        No instantiation for #108. Probably branch label not up to date in orLeft 
25061      WARN  main            d.u.i.k.p.NodeInfo        No instantiation for #109. Probably branch label not up to date in orLeft 
25061      WARN  main            d.u.i.k.p.NodeInfo        No instantiation for #109. Probably branch label not up to date in orLeft 
25061      WARN  main            d.u.i.k.p.NodeInfo        No instantiation for #110. Probably branch label not up to date in orLeft 
25061      WARN  main            d.u.i.k.p.NodeInfo        No instantiation for #110. Probably branch label not up to date in orLeft 
25061      WARN  main            d.u.i.k.p.NodeInfo        No instantiation for #110. Probably branch label not up to date in orLeft 
25061      WARN  main            d.u.i.k.p.NodeInfo        No instantiation for #110. Probably branch label not up to date in orLeft 
25061      WARN  main            d.u.i.k.p.NodeInfo        No instantiation for #110. Probably branch label not up to date in orLeft 
25061      WARN  main            d.u.i.k.p.NodeInfo        No instantiation for #87. Probably branch label not up to date in orLeft 
25061      WARN  main            d.u.i.k.p.NodeInfo        No instantiation for #87. Probably branch label not up to date in orLeft 
25061      WARN  main            d.u.i.k.p.NodeInfo        No instantiation for #88. Probably branch label not up to date in orLeft 
25062      WARN  main            d.u.i.k.p.NodeInfo        No instantiation for #88. Probably branch label not up to date in orLeft 
25062      WARN  main            d.u.i.k.p.NodeInfo        No instantiation for #89. Probably branch label not up to date in orLeft 
25062      WARN  main            d.u.i.k.p.NodeInfo        No instantiation for #89. Probably branch label not up to date in orLeft 
25071      WARN  main            d.u.i.k.p.NodeInfo        No instantiation for #106. Probably branch label not up to date in orLeft 
25071      WARN  main            d.u.i.k.p.NodeInfo        No instantiation for #106. Probably branch label not up to date in orLeft 
25071      WARN  main            d.u.i.k.p.NodeInfo        No instantiation for #106. Probably branch label not up to date in orLeft 
25071      WARN  main            d.u.i.k.p.NodeInfo        No instantiation for #106. Probably branch label not up to date in orLeft 
25072      WARN  main            d.u.i.k.p.NodeInfo        No instantiation for #107. Probably branch label not up to date in orLeft 
25072      WARN  main            d.u.i.k.p.NodeInfo        No instantiation for #107. Probably branch label not up to date in orLeft 
25072      WARN  main            d.u.i.k.p.NodeInfo        No instantiation for #108. Probably branch label not up to date in orLeft 
25072      WARN  main            d.u.i.k.p.NodeInfo        No instantiation for #108. Probably branch label not up to date in orLeft 
25072      WARN  main            d.u.i.k.p.NodeInfo        No instantiation for #109. Probably branch label not up to date in orLeft 
25072      WARN  main            d.u.i.k.p.NodeInfo        No instantiation for #109. Probably branch label not up to date in orLeft 
25072      WARN  main            d.u.i.k.p.NodeInfo        No instantiation for #110. Probably branch label not up to date in orLeft 
25072      WARN  main            d.u.i.k.p.NodeInfo        No instantiation for #110. Probably branch label not up to date in orLeft 
25072      WARN  main            d.u.i.k.p.NodeInfo        No instantiation for #110. Probably branch label not up to date in orLeft 
25072      WARN  main            d.u.i.k.p.NodeInfo        No instantiation for #110. Probably branch label not up to date in orLeft 
25072      WARN  main            d.u.i.k.p.NodeInfo        No instantiation for #110. Probably branch label not up to date in orLeft 
25073      WARN  main            d.u.i.k.p.NodeInfo        No instantiation for #55. Probably branch label not up to date in orLeft 
25073      WARN  main            d.u.i.k.p.NodeInfo        No instantiation for #55. Probably branch label not up to date in orLeft 
25073      WARN  main            d.u.i.k.p.NodeInfo        No instantiation for #56. Probably branch label not up to date in orLeft 
25073      WARN  main            d.u.i.k.p.NodeInfo        No instantiation for #56. Probably branch label not up to date in orLeft 
25073      WARN  main            d.u.i.k.p.NodeInfo        No instantiation for #57. Probably branch label not up to date in orLeft 
25073      WARN  main            d.u.i.k.p.NodeInfo        No instantiation for #57. Probably branch label not up to date in orLeft 
25073      WARN  main            d.u.i.k.p.NodeInfo        No instantiation for #106. Probably branch label not up to date in orLeft 
25073      WARN  main            d.u.i.k.p.NodeInfo        No instantiation for #106. Probably branch label not up to date in orLeft 
25073      WARN  main            d.u.i.k.p.NodeInfo        No instantiation for #106. Probably branch label not up to date in orLeft 
25073      WARN  main            d.u.i.k.p.NodeInfo        No instantiation for #106. Probably branch label not up to date in orLeft 
25073      WARN  main            d.u.i.k.p.NodeInfo        No instantiation for #107. Probably branch label not up to date in orLeft 
25074      WARN  main            d.u.i.k.p.NodeInfo        No instantiation for #107. Probably branch label not up to date in orLeft 
25074      WARN  main            d.u.i.k.p.NodeInfo        No instantiation for #108. Probably branch label not up to date in orLeft 
25074      WARN  main            d.u.i.k.p.NodeInfo        No instantiation for #108. Probably branch label not up to date in orLeft 
25074      WARN  main            d.u.i.k.p.NodeInfo        No instantiation for #109. Probably branch label not up to date in orLeft 
25074      WARN  main            d.u.i.k.p.NodeInfo        No instantiation for #109. Probably branch label not up to date in orLeft 
25074      WARN  main            d.u.i.k.p.NodeInfo        No instantiation for #110. Probably branch label not up to date in orLeft 
25074      WARN  main            d.u.i.k.p.NodeInfo        No instantiation for #110. Probably branch label not up to date in orLeft 
25074      WARN  main            d.u.i.k.p.NodeInfo        No instantiation for #110. Probably branch label not up to date in orLeft 
25074      WARN  main            d.u.i.k.p.NodeInfo        No instantiation for #110. Probably branch label not up to date in orLeft 
25074      WARN  main            d.u.i.k.p.NodeInfo        No instantiation for #110. Probably branch label not up to date in orLeft 
25074      WARN  main            d.u.i.k.p.NodeInfo        No instantiation for #87. Probably branch label not up to date in orLeft 
25074      WARN  main            d.u.i.k.p.NodeInfo        No instantiation for #87. Probably branch label not up to date in orLeft 
25075      WARN  main            d.u.i.k.p.NodeInfo        No instantiation for #88. Probably branch label not up to date in orLeft 
25075      WARN  main            d.u.i.k.p.NodeInfo        No instantiation for #88. Probably branch label not up to date in orLeft 
25075      WARN  main            d.u.i.k.p.NodeInfo        No instantiation for #89. Probably branch label not up to date in orLeft 
25075      WARN  main            d.u.i.k.p.NodeInfo        No instantiation for #89. Probably branch label not up to date in orLeft 
25080      WARN  main            d.u.i.k.p.NodeInfo        No instantiation for #106. Probably branch label not up to date in orLeft 
25080      WARN  main            d.u.i.k.p.NodeInfo        No instantiation for #106. Probably branch label not up to date in orLeft 
25080      WARN  main            d.u.i.k.p.NodeInfo        No instantiation for #106. Probably branch label not up to date in orLeft 
25080      WARN  main            d.u.i.k.p.NodeInfo        No instantiation for #106. Probably branch label not up to date in orLeft 
25080      WARN  main            d.u.i.k.p.NodeInfo        No instantiation for #107. Probably branch label not up to date in orLeft 
25080      WARN  main            d.u.i.k.p.NodeInfo        No instantiation for #107. Probably branch label not up to date in orLeft 
25080      WARN  main            d.u.i.k.p.NodeInfo        No instantiation for #108. Probably branch label not up to date in orLeft 
25080      WARN  main            d.u.i.k.p.NodeInfo        No instantiation for #108. Probably branch label not up to date in orLeft 
25080      WARN  main            d.u.i.k.p.NodeInfo        No instantiation for #109. Probably branch label not up to date in orLeft 
25080      WARN  main            d.u.i.k.p.NodeInfo        No instantiation for #109. Probably branch label not up to date in orLeft 
25081      WARN  main            d.u.i.k.p.NodeInfo        No instantiation for #110. Probably branch label not up to date in orLeft 
25081      WARN  main            d.u.i.k.p.NodeInfo        No instantiation for #110. Probably branch label not up to date in orLeft 
25081      WARN  main            d.u.i.k.p.NodeInfo        No instantiation for #110. Probably branch label not up to date in orLeft 
25081      WARN  main            d.u.i.k.p.NodeInfo        No instantiation for #110. Probably branch label not up to date in orLeft 
25081      WARN  main            d.u.i.k.p.NodeInfo        No instantiation for #110. Probably branch label not up to date in orLeft 
25081      WARN  main            d.u.i.k.p.NodeInfo        No instantiation for #55. Probably branch label not up to date in orLeft 
25081      WARN  main            d.u.i.k.p.NodeInfo        No instantiation for #55. Probably branch label not up to date in orLeft 
25081      WARN  main            d.u.i.k.p.NodeInfo        No instantiation for #56. Probably branch label not up to date in orLeft 
25081      WARN  main            d.u.i.k.p.NodeInfo        No instantiation for #56. Probably branch label not up to date in orLeft 
25081      WARN  main            d.u.i.k.p.NodeInfo        No instantiation for #57. Probably branch label not up to date in orLeft 
25081      WARN  main            d.u.i.k.p.NodeInfo        No instantiation for #57. Probably branch label not up to date in orLeft 
25082      WARN  main            d.u.i.k.p.NodeInfo        No instantiation for #106. Probably branch label not up to date in orLeft 
25082      WARN  main            d.u.i.k.p.NodeInfo        No instantiation for #106. Probably branch label not up to date in orLeft 
25082      WARN  main            d.u.i.k.p.NodeInfo        No instantiation for #106. Probably branch label not up to date in orLeft 
25082      WARN  main            d.u.i.k.p.NodeInfo        No instantiation for #106. Probably branch label not up to date in orLeft 
25082      WARN  main            d.u.i.k.p.NodeInfo        No instantiation for #107. Probably branch label not up to date in orLeft 
25082      WARN  main            d.u.i.k.p.NodeInfo        No instantiation for #107. Probably branch label not up to date in orLeft 
25082      WARN  main            d.u.i.k.p.NodeInfo        No instantiation for #108. Probably branch label not up to date in orLeft 
25082      WARN  main            d.u.i.k.p.NodeInfo        No instantiation for #108. Probably branch label not up to date in orLeft 
25082      WARN  main            d.u.i.k.p.NodeInfo        No instantiation for #109. Probably branch label not up to date in orLeft 
25082      WARN  main            d.u.i.k.p.NodeInfo        No instantiation for #109. Probably branch label not up to date in orLeft 
25082      WARN  main            d.u.i.k.p.NodeInfo        No instantiation for #110. Probably branch label not up to date in orLeft 
25082      WARN  main            d.u.i.k.p.NodeInfo        No instantiation for #110. Probably branch label not up to date in orLeft 
25083      WARN  main            d.u.i.k.p.NodeInfo        No instantiation for #110. Probably branch label not up to date in orLeft 
25083      WARN  main            d.u.i.k.p.NodeInfo        No instantiation for #110. Probably branch label not up to date in orLeft 
25083      WARN  main            d.u.i.k.p.NodeInfo        No instantiation for #110. Probably branch label not up to date in orLeft 
25083      WARN  main            d.u.i.k.p.NodeInfo        No instantiation for #55. Probably branch label not up to date in orLeft 
25083      WARN  main            d.u.i.k.p.NodeInfo        No instantiation for #55. Probably branch label not up to date in orLeft 
25083      WARN  main            d.u.i.k.p.NodeInfo        No instantiation for #56. Probably branch label not up to date in orLeft 
25083      WARN  main            d.u.i.k.p.NodeInfo        No instantiation for #56. Probably branch label not up to date in orLeft 
25083      WARN  main            d.u.i.k.p.NodeInfo        No instantiation for #57. Probably branch label not up to date in orLeft 
25083      WARN  main            d.u.i.k.p.NodeInfo        No instantiation for #57. Probably branch label not up to date in orLeft 
83133      WARN  main            d.u.i.k.p.NodeInfo        No instantiation for #104. Probably branch label not up to date in orLeft 
83133      WARN  main            d.u.i.k.p.NodeInfo        No instantiation for #104. Probably branch label not up to date in orLeft 
83133      WARN  main            d.u.i.k.p.NodeInfo        No instantiation for #104. Probably branch label not up to date in orLeft 
83134      WARN  main            d.u.i.k.p.NodeInfo        No instantiation for #104. Probably branch label not up to date in orLeft 
83134      WARN  main            d.u.i.k.p.NodeInfo        No instantiation for #105. Probably branch label not up to date in orLeft 
83134      WARN  main            d.u.i.k.p.NodeInfo        No instantiation for #105. Probably branch label not up to date in orLeft 
83134      WARN  main            d.u.i.k.p.NodeInfo        No instantiation for #105. Probably branch label not up to date in orLeft 
83134      WARN  main            d.u.i.k.p.NodeInfo        No instantiation for #105. Probably branch label not up to date in orLeft 
83134      WARN  main            d.u.i.k.p.NodeInfo        No instantiation for #106. Probably branch label not up to date in orLeft 
83134      WARN  main            d.u.i.k.p.NodeInfo        No instantiation for #106. Probably branch label not up to date in orLeft 
83134      WARN  main            d.u.i.k.p.NodeInfo        No instantiation for #106. Probably branch label not up to date in orLeft 
83134      WARN  main            d.u.i.k.p.NodeInfo        No instantiation for #107. Probably branch label not up to date in orLeft 
83134      WARN  main            d.u.i.k.p.NodeInfo        No instantiation for #107. Probably branch label not up to date in orLeft 
83134      WARN  main            d.u.i.k.p.NodeInfo        No instantiation for #107. Probably branch label not up to date in orLeft 
83134      WARN  main            d.u.i.k.p.NodeInfo        No instantiation for #106. Probably branch label not up to date in orLeft 
83135      WARN  main            d.u.i.k.p.NodeInfo        No instantiation for #107. Probably branch label not up to date in orLeft 
83135      WARN  main            d.u.i.k.p.NodeInfo        No instantiation for #106. Probably branch label not up to date in orLeft 
83135      WARN  main            d.u.i.k.p.NodeInfo        No instantiation for #104. Probably branch label not up to date in orLeft 
83135      WARN  main            d.u.i.k.p.NodeInfo        No instantiation for #104. Probably branch label not up to date in orLeft 
83135      WARN  main            d.u.i.k.p.NodeInfo        No instantiation for #104. Probably branch label not up to date in orLeft 
83135      WARN  main            d.u.i.k.p.NodeInfo        No instantiation for #104. Probably branch label not up to date in orLeft 
83135      WARN  main            d.u.i.k.p.NodeInfo        No instantiation for #105. Probably branch label not up to date in orLeft 
83135      WARN  main            d.u.i.k.p.NodeInfo        No instantiation for #105. Probably branch label not up to date in orLeft 
83135      WARN  main            d.u.i.k.p.NodeInfo        No instantiation for #105. Probably branch label not up to date in orLeft 
83135      WARN  main            d.u.i.k.p.NodeInfo        No instantiation for #105. Probably branch label not up to date in orLeft 
83135      WARN  main            d.u.i.k.p.NodeInfo        No instantiation for #106. Probably branch label not up to date in orLeft 
83135      WARN  main            d.u.i.k.p.NodeInfo        No instantiation for #106. Probably branch label not up to date in orLeft 
83136      WARN  main            d.u.i.k.p.NodeInfo        No instantiation for #106. Probably branch label not up to date in orLeft 
83136      WARN  main            d.u.i.k.p.NodeInfo        No instantiation for #107. Probably branch label not up to date in orLeft 
83136      WARN  main            d.u.i.k.p.NodeInfo        No instantiation for #107. Probably branch label not up to date in orLeft 
83136      WARN  main            d.u.i.k.p.NodeInfo        No instantiation for #107. Probably branch label not up to date in orLeft 
83136      WARN  main            d.u.i.k.p.NodeInfo        No instantiation for #106. Probably branch label not up to date in orLeft 
83136      WARN  main            d.u.i.k.p.NodeInfo        No instantiation for #107. Probably branch label not up to date in orLeft 
83136      WARN  main            d.u.i.k.p.NodeInfo        No instantiation for #106. Probably branch label not up to date in orLeft 
83156      WARN  main            d.u.i.k.p.NodeInfo        No instantiation for #104. Probably branch label not up to date in orLeft 
83156      WARN  main            d.u.i.k.p.NodeInfo        No instantiation for #104. Probably branch label not up to date in orLeft 
83156      WARN  main            d.u.i.k.p.NodeInfo        No instantiation for #104. Probably branch label not up to date in orLeft 
83156      WARN  main            d.u.i.k.p.NodeInfo        No instantiation for #104. Probably branch label not up to date in orLeft 
83156      WARN  main            d.u.i.k.p.NodeInfo        No instantiation for #105. Probably branch label not up to date in orLeft 
83156      WARN  main            d.u.i.k.p.NodeInfo        No instantiation for #105. Probably branch label not up to date in orLeft 
83156      WARN  main            d.u.i.k.p.NodeInfo        No instantiation for #105. Probably branch label not up to date in orLeft 
83156      WARN  main            d.u.i.k.p.NodeInfo        No instantiation for #105. Probably branch label not up to date in orLeft 
83156      WARN  main            d.u.i.k.p.NodeInfo        No instantiation for #106. Probably branch label not up to date in orLeft 
83157      WARN  main            d.u.i.k.p.NodeInfo        No instantiation for #106. Probably branch label not up to date in orLeft 
83157      WARN  main            d.u.i.k.p.NodeInfo        No instantiation for #106. Probably branch label not up to date in orLeft 
83157      WARN  main            d.u.i.k.p.NodeInfo        No instantiation for #107. Probably branch label not up to date in orLeft 
83157      WARN  main            d.u.i.k.p.NodeInfo        No instantiation for #107. Probably branch label not up to date in orLeft 
83157      WARN  main            d.u.i.k.p.NodeInfo        No instantiation for #107. Probably branch label not up to date in orLeft 
83157      WARN  main            d.u.i.k.p.NodeInfo        No instantiation for #106. Probably branch label not up to date in orLeft 
83157      WARN  main            d.u.i.k.p.NodeInfo        No instantiation for #107. Probably branch label not up to date in orLeft 
83157      WARN  main            d.u.i.k.p.NodeInfo        No instantiation for #106. Probably branch label not up to date in orLeft 
83157      WARN  main            d.u.i.k.p.NodeInfo        No instantiation for #79. Probably branch label not up to date in orLeft 
83157      WARN  main            d.u.i.k.p.NodeInfo        No instantiation for #79. Probably branch label not up to date in orLeft 
83157      WARN  main            d.u.i.k.p.NodeInfo        No instantiation for #79. Probably branch label not up to date in orLeft 
83157      WARN  main            d.u.i.k.p.NodeInfo        No instantiation for #79. Probably branch label not up to date in orLeft 
83158      WARN  main            d.u.i.k.p.NodeInfo        No instantiation for #79. Probably branch label not up to date in orLeft 
83158      WARN  main            d.u.i.k.p.NodeInfo        No instantiation for #104. Probably branch label not up to date in orLeft 
83158      WARN  main            d.u.i.k.p.NodeInfo        No instantiation for #104. Probably branch label not up to date in orLeft 
83158      WARN  main            d.u.i.k.p.NodeInfo        No instantiation for #104. Probably branch label not up to date in orLeft 
83158      WARN  main            d.u.i.k.p.NodeInfo        No instantiation for #104. Probably branch label not up to date in orLeft 
83158      WARN  main            d.u.i.k.p.NodeInfo        No instantiation for #105. Probably branch label not up to date in orLeft 
83158      WARN  main            d.u.i.k.p.NodeInfo        No instantiation for #105. Probably branch label not up to date in orLeft 
83158      WARN  main            d.u.i.k.p.NodeInfo        No instantiation for #105. Probably branch label not up to date in orLeft 
83158      WARN  main            d.u.i.k.p.NodeInfo        No instantiation for #105. Probably branch label not up to date in orLeft 
83158      WARN  main            d.u.i.k.p.NodeInfo        No instantiation for #106. Probably branch label not up to date in orLeft 
83158      WARN  main            d.u.i.k.p.NodeInfo        No instantiation for #106. Probably branch label not up to date in orLeft 
83158      WARN  main            d.u.i.k.p.NodeInfo        No instantiation for #106. Probably branch label not up to date in orLeft 
83159      WARN  main            d.u.i.k.p.NodeInfo        No instantiation for #107. Probably branch label not up to date in orLeft 
83159      WARN  main            d.u.i.k.p.NodeInfo        No instantiation for #107. Probably branch label not up to date in orLeft 
83159      WARN  main            d.u.i.k.p.NodeInfo        No instantiation for #107. Probably branch label not up to date in orLeft 
83159      WARN  main            d.u.i.k.p.NodeInfo        No instantiation for #106. Probably branch label not up to date in orLeft 
83159      WARN  main            d.u.i.k.p.NodeInfo        No instantiation for #107. Probably branch label not up to date in orLeft 
83159      WARN  main            d.u.i.k.p.NodeInfo        No instantiation for #106. Probably branch label not up to date in orLeft 
83159      WARN  main            d.u.i.k.p.NodeInfo        No instantiation for #79. Probably branch label not up to date in orLeft 
83159      WARN  main            d.u.i.k.p.NodeInfo        No instantiation for #79. Probably branch label not up to date in orLeft 
83159      WARN  main            d.u.i.k.p.NodeInfo        No instantiation for #79. Probably branch label not up to date in orLeft 
83159      WARN  main            d.u.i.k.p.NodeInfo        No instantiation for #79. Probably branch label not up to date in orLeft 
83159      WARN  main            d.u.i.k.p.NodeInfo        No instantiation for #79. Probably branch label not up to date in orLeft 
83160      WARN  main            d.u.i.k.p.NodeInfo        No instantiation for #104. Probably branch label not up to date in orLeft 
83160      WARN  main            d.u.i.k.p.NodeInfo        No instantiation for #104. Probably branch label not up to date in orLeft 
83160      WARN  main            d.u.i.k.p.NodeInfo        No instantiation for #104. Probably branch label not up to date in orLeft 
83160      WARN  main            d.u.i.k.p.NodeInfo        No instantiation for #104. Probably branch label not up to date in orLeft 
83162      WARN  main            d.u.i.k.p.NodeInfo        No instantiation for #105. Probably branch label not up to date in orLeft 
83162      WARN  main            d.u.i.k.p.NodeInfo        No instantiation for #105. Probably branch label not up to date in orLeft 
83162      WARN  main            d.u.i.k.p.NodeInfo        No instantiation for #105. Probably branch label not up to date in orLeft 
83163      WARN  main            d.u.i.k.p.NodeInfo        No instantiation for #105. Probably branch label not up to date in orLeft 
83163      WARN  main            d.u.i.k.p.NodeInfo        No instantiation for #106. Probably branch label not up to date in orLeft 
83163      WARN  main            d.u.i.k.p.NodeInfo        No instantiation for #106. Probably branch label not up to date in orLeft 
83163      WARN  main            d.u.i.k.p.NodeInfo        No instantiation for #106. Probably branch label not up to date in orLeft 
83163      WARN  main            d.u.i.k.p.NodeInfo        No instantiation for #107. Probably branch label not up to date in orLeft 
83163      WARN  main            d.u.i.k.p.NodeInfo        No instantiation for #107. Probably branch label not up to date in orLeft 
83163      WARN  main            d.u.i.k.p.NodeInfo        No instantiation for #107. Probably branch label not up to date in orLeft 
83163      WARN  main            d.u.i.k.p.NodeInfo        No instantiation for #106. Probably branch label not up to date in orLeft 
83163      WARN  main            d.u.i.k.p.NodeInfo        No instantiation for #107. Probably branch label not up to date in orLeft 
83163      WARN  main            d.u.i.k.p.NodeInfo        No instantiation for #106. Probably branch label not up to date in orLeft 
83168      WARN  main            d.u.i.k.p.NodeInfo        No instantiation for #79. Probably branch label not up to date in orLeft 
83168      WARN  main            d.u.i.k.p.NodeInfo        No instantiation for #79. Probably branch label not up to date in orLeft 
83168      WARN  main            d.u.i.k.p.NodeInfo        No instantiation for #79. Probably branch label not up to date in orLeft 
83168      WARN  main            d.u.i.k.p.NodeInfo        No instantiation for #79. Probably branch label not up to date in orLeft 
83168      WARN  main            d.u.i.k.p.NodeInfo        No instantiation for #79. Probably branch label not up to date in orLeft 
83168      WARN  main            d.u.i.k.p.NodeInfo        No instantiation for #104. Probably branch label not up to date in orLeft 
83168      WARN  main            d.u.i.k.p.NodeInfo        No instantiation for #104. Probably branch label not up to date in orLeft 
83168      WARN  main            d.u.i.k.p.NodeInfo        No instantiation for #104. Probably branch label not up to date in orLeft 
83169      WARN  main            d.u.i.k.p.NodeInfo        No instantiation for #104. Probably branch label not up to date in orLeft 
83169      WARN  main            d.u.i.k.p.NodeInfo        No instantiation for #105. Probably branch label not up to date in orLeft 
83169      WARN  main            d.u.i.k.p.NodeInfo        No instantiation for #105. Probably branch label not up to date in orLeft 
83169      WARN  main            d.u.i.k.p.NodeInfo        No instantiation for #105. Probably branch label not up to date in orLeft 
83169      WARN  main            d.u.i.k.p.NodeInfo        No instantiation for #105. Probably branch label not up to date in orLeft 
83172      WARN  main            d.u.i.k.p.NodeInfo        No instantiation for #106. Probably branch label not up to date in orLeft 
83172      WARN  main            d.u.i.k.p.NodeInfo        No instantiation for #106. Probably branch label not up to date in orLeft 
83172      WARN  main            d.u.i.k.p.NodeInfo        No instantiation for #106. Probably branch label not up to date in orLeft 
83172      WARN  main            d.u.i.k.p.NodeInfo        No instantiation for #107. Probably branch label not up to date in orLeft 
83172      WARN  main            d.u.i.k.p.NodeInfo        No instantiation for #107. Probably branch label not up to date in orLeft 
83172      WARN  main            d.u.i.k.p.NodeInfo        No instantiation for #107. Probably branch label not up to date in orLeft 
83172      WARN  main            d.u.i.k.p.NodeInfo        No instantiation for #106. Probably branch label not up to date in orLeft 
83172      WARN  main            d.u.i.k.p.NodeInfo        No instantiation for #107. Probably branch label not up to date in orLeft 
83172      WARN  main            d.u.i.k.p.NodeInfo        No instantiation for #106. Probably branch label not up to date in orLeft 
83172      WARN  main            d.u.i.k.p.NodeInfo        No instantiation for #79. Probably branch label not up to date in orLeft 
83173      WARN  main            d.u.i.k.p.NodeInfo        No instantiation for #79. Probably branch label not up to date in orLeft 
83173      WARN  main            d.u.i.k.p.NodeInfo        No instantiation for #79. Probably branch label not up to date in orLeft 
83173      WARN  main            d.u.i.k.p.NodeInfo        No instantiation for #79. Probably branch label not up to date in orLeft 
83173      WARN  main            d.u.i.k.p.NodeInfo        No instantiation for #79. Probably branch label not up to date in orLeft 
83173      WARN  main            d.u.i.k.p.NodeInfo        No instantiation for #104. Probably branch label not up to date in orLeft 
83173      WARN  main            d.u.i.k.p.NodeInfo        No instantiation for #104. Probably branch label not up to date in orLeft 
83173      WARN  main            d.u.i.k.p.NodeInfo        No instantiation for #104. Probably branch label not up to date in orLeft 
83173      WARN  main            d.u.i.k.p.NodeInfo        No instantiation for #104. Probably branch label not up to date in orLeft 
83173      WARN  main            d.u.i.k.p.NodeInfo        No instantiation for #105. Probably branch label not up to date in orLeft 
83173      WARN  main            d.u.i.k.p.NodeInfo        No instantiation for #105. Probably branch label not up to date in orLeft 
83173      WARN  main            d.u.i.k.p.NodeInfo        No instantiation for #105. Probably branch label not up to date in orLeft 
83173      WARN  main            d.u.i.k.p.NodeInfo        No instantiation for #105. Probably branch label not up to date in orLeft 
83174      WARN  main            d.u.i.k.p.NodeInfo        No instantiation for #106. Probably branch label not up to date in orLeft 
83174      WARN  main            d.u.i.k.p.NodeInfo        No instantiation for #106. Probably branch label not up to date in orLeft 
83174      WARN  main            d.u.i.k.p.NodeInfo        No instantiation for #106. Probably branch label not up to date in orLeft 
83174      WARN  main            d.u.i.k.p.NodeInfo        No instantiation for #107. Probably branch label not up to date in orLeft 
83174      WARN  main            d.u.i.k.p.NodeInfo        No instantiation for #107. Probably branch label not up to date in orLeft 
83174      WARN  main            d.u.i.k.p.NodeInfo        No instantiation for #107. Probably branch label not up to date in orLeft 
83174      WARN  main            d.u.i.k.p.NodeInfo        No instantiation for #106. Probably branch label not up to date in orLeft 
83174      WARN  main            d.u.i.k.p.NodeInfo        No instantiation for #107. Probably branch label not up to date in orLeft 
83174      WARN  main            d.u.i.k.p.NodeInfo        No instantiation for #106. Probably branch label not up to date in orLeft 
83174      WARN  main            d.u.i.k.p.NodeInfo        No instantiation for #79. Probably branch label not up to date in orLeft 
83174      WARN  main            d.u.i.k.p.NodeInfo        No instantiation for #79. Probably branch label not up to date in orLeft 
83174      WARN  main            d.u.i.k.p.NodeInfo        No instantiation for #79. Probably branch label not up to date in orLeft 
83175      WARN  main            d.u.i.k.p.NodeInfo        No instantiation for #79. Probably branch label not up to date in orLeft 
83175      WARN  main            d.u.i.k.p.NodeInfo        No instantiation for #79. Probably branch label not up to date in orLeft 
83175      WARN  main            d.u.i.k.p.NodeInfo        No instantiation for #104. Probably branch label not up to date in orLeft 
83175      WARN  main            d.u.i.k.p.NodeInfo        No instantiation for #104. Probably branch label not up to date in orLeft 
83175      WARN  main            d.u.i.k.p.NodeInfo        No instantiation for #104. Probably branch label not up to date in orLeft 
83175      WARN  main            d.u.i.k.p.NodeInfo        No instantiation for #104. Probably branch label not up to date in orLeft 
83175      WARN  main            d.u.i.k.p.NodeInfo        No instantiation for #105. Probably branch label not up to date in orLeft 
83175      WARN  main            d.u.i.k.p.NodeInfo        No instantiation for #105. Probably branch label not up to date in orLeft 
83175      WARN  main            d.u.i.k.p.NodeInfo        No instantiation for #105. Probably branch label not up to date in orLeft 
83175      WARN  main            d.u.i.k.p.NodeInfo        No instantiation for #105. Probably branch label not up to date in orLeft 
83175      WARN  main            d.u.i.k.p.NodeInfo        No instantiation for #106. Probably branch label not up to date in orLeft 
83175      WARN  main            d.u.i.k.p.NodeInfo        No instantiation for #106. Probably branch label not up to date in orLeft 
83175      WARN  main            d.u.i.k.p.NodeInfo        No instantiation for #106. Probably branch label not up to date in orLeft 
83176      WARN  main            d.u.i.k.p.NodeInfo        No instantiation for #107. Probably branch label not up to date in orLeft 
83176      WARN  main            d.u.i.k.p.NodeInfo        No instantiation for #107. Probably branch label not up to date in orLeft 
83176      WARN  main            d.u.i.k.p.NodeInfo        No instantiation for #107. Probably branch label not up to date in orLeft 
83176      WARN  main            d.u.i.k.p.NodeInfo        No instantiation for #106. Probably branch label not up to date in orLeft 
83176      WARN  main            d.u.i.k.p.NodeInfo        No instantiation for #107. Probably branch label not up to date in orLeft 
83176      WARN  main            d.u.i.k.p.NodeInfo        No instantiation for #106. Probably branch label not up to date in orLeft 
83176      WARN  main            d.u.i.k.p.NodeInfo        No instantiation for #104. Probably branch label not up to date in orLeft 
83176      WARN  main            d.u.i.k.p.NodeInfo        No instantiation for #104. Probably branch label not up to date in orLeft 
83176      WARN  main            d.u.i.k.p.NodeInfo        No instantiation for #104. Probably branch label not up to date in orLeft 
83176      WARN  main            d.u.i.k.p.NodeInfo        No instantiation for #104. Probably branch label not up to date in orLeft 
83176      WARN  main            d.u.i.k.p.NodeInfo        No instantiation for #105. Probably branch label not up to date in orLeft 
83176      WARN  main            d.u.i.k.p.NodeInfo        No instantiation for #105. Probably branch label not up to date in orLeft 
83176      WARN  main            d.u.i.k.p.NodeInfo        No instantiation for #105. Probably branch label not up to date in orLeft 
83177      WARN  main            d.u.i.k.p.NodeInfo        No instantiation for #105. Probably branch label not up to date in orLeft 
83177      WARN  main            d.u.i.k.p.NodeInfo        No instantiation for #106. Probably branch label not up to date in orLeft 
83177      WARN  main            d.u.i.k.p.NodeInfo        No instantiation for #106. Probably branch label not up to date in orLeft 
83177      WARN  main            d.u.i.k.p.NodeInfo        No instantiation for #106. Probably branch label not up to date in orLeft 
83177      WARN  main            d.u.i.k.p.NodeInfo        No instantiation for #107. Probably branch label not up to date in orLeft 
83177      WARN  main            d.u.i.k.p.NodeInfo        No instantiation for #107. Probably branch label not up to date in orLeft 
83177      WARN  main            d.u.i.k.p.NodeInfo        No instantiation for #107. Probably branch label not up to date in orLeft 
83177      WARN  main            d.u.i.k.p.NodeInfo        No instantiation for #106. Probably branch label not up to date in orLeft 
83177      WARN  main            d.u.i.k.p.NodeInfo        No instantiation for #107. Probably branch label not up to date in orLeft 
83177      WARN  main            d.u.i.k.p.NodeInfo        No instantiation for #106. Probably branch label not up to date in orLeft 
83177      WARN  main            d.u.i.k.p.NodeInfo        No instantiation for #79. Probably branch label not up to date in orLeft 
83177      WARN  main            d.u.i.k.p.NodeInfo        No instantiation for #79. Probably branch label not up to date in orLeft 
83177      WARN  main            d.u.i.k.p.NodeInfo        No instantiation for #79. Probably branch label not up to date in orLeft 
83178      WARN  main            d.u.i.k.p.NodeInfo        No instantiation for #79. Probably branch label not up to date in orLeft 
83178      WARN  main            d.u.i.k.p.NodeInfo        No instantiation for #79. Probably branch label not up to date in orLeft 
83178      WARN  main            d.u.i.k.p.NodeInfo        No instantiation for #104. Probably branch label not up to date in orLeft 
83178      WARN  main            d.u.i.k.p.NodeInfo        No instantiation for #104. Probably branch label not up to date in orLeft 
83178      WARN  main            d.u.i.k.p.NodeInfo        No instantiation for #104. Probably branch label not up to date in orLeft 
83178      WARN  main            d.u.i.k.p.NodeInfo        No instantiation for #104. Probably branch label not up to date in orLeft 
83178      WARN  main            d.u.i.k.p.NodeInfo        No instantiation for #105. Probably branch label not up to date in orLeft 
83178      WARN  main            d.u.i.k.p.NodeInfo        No instantiation for #105. Probably branch label not up to date in orLeft 
83178      WARN  main            d.u.i.k.p.NodeInfo        No instantiation for #105. Probably branch label not up to date in orLeft 
83178      WARN  main            d.u.i.k.p.NodeInfo        No instantiation for #105. Probably branch label not up to date in orLeft 
83178      WARN  main            d.u.i.k.p.NodeInfo        No instantiation for #106. Probably branch label not up to date in orLeft 
83178      WARN  main            d.u.i.k.p.NodeInfo        No instantiation for #106. Probably branch label not up to date in orLeft 
83178      WARN  main            d.u.i.k.p.NodeInfo        No instantiation for #106. Probably branch label not up to date in orLeft 
83178      WARN  main            d.u.i.k.p.NodeInfo        No instantiation for #107. Probably branch label not up to date in orLeft 
83179      WARN  main            d.u.i.k.p.NodeInfo        No instantiation for #107. Probably branch label not up to date in orLeft 
83179      WARN  main            d.u.i.k.p.NodeInfo        No instantiation for #107. Probably branch label not up to date in orLeft 
83179      WARN  main            d.u.i.k.p.NodeInfo        No instantiation for #106. Probably branch label not up to date in orLeft 
83179      WARN  main            d.u.i.k.p.NodeInfo        No instantiation for #107. Probably branch label not up to date in orLeft 
83179      WARN  main            d.u.i.k.p.NodeInfo        No instantiation for #106. Probably branch label not up to date in orLeft 
83179      WARN  main            d.u.i.k.p.NodeInfo        No instantiation for #104. Probably branch label not up to date in orLeft 
83179      WARN  main            d.u.i.k.p.NodeInfo        No instantiation for #104. Probably branch label not up to date in orLeft 
83179      WARN  main            d.u.i.k.p.NodeInfo        No instantiation for #104. Probably branch label not up to date in orLeft 
83179      WARN  main            d.u.i.k.p.NodeInfo        No instantiation for #104. Probably branch label not up to date in orLeft 
83179      WARN  main            d.u.i.k.p.NodeInfo        No instantiation for #105. Probably branch label not up to date in orLeft 
83179      WARN  main            d.u.i.k.p.NodeInfo        No instantiation for #105. Probably branch label not up to date in orLeft 
83179      WARN  main            d.u.i.k.p.NodeInfo        No instantiation for #105. Probably branch label not up to date in orLeft 
83180      WARN  main            d.u.i.k.p.NodeInfo        No instantiation for #105. Probably branch label not up to date in orLeft 
83180      WARN  main            d.u.i.k.p.NodeInfo        No instantiation for #106. Probably branch label not up to date in orLeft 
83180      WARN  main            d.u.i.k.p.NodeInfo        No instantiation for #106. Probably branch label not up to date in orLeft 
83180      WARN  main            d.u.i.k.p.NodeInfo        No instantiation for #106. Probably branch label not up to date in orLeft 
83180      WARN  main            d.u.i.k.p.NodeInfo        No instantiation for #107. Probably branch label not up to date in orLeft 
83180      WARN  main            d.u.i.k.p.NodeInfo        No instantiation for #107. Probably branch label not up to date in orLeft 
83180      WARN  main            d.u.i.k.p.NodeInfo        No instantiation for #107. Probably branch label not up to date in orLeft 
83180      WARN  main            d.u.i.k.p.NodeInfo        No instantiation for #106. Probably branch label not up to date in orLeft 
83180      WARN  main            d.u.i.k.p.NodeInfo        No instantiation for #107. Probably branch label not up to date in orLeft 
83180      WARN  main            d.u.i.k.p.NodeInfo        No instantiation for #106. Probably branch label not up to date in orLeft 
83180      WARN  main            d.u.i.k.p.NodeInfo        No instantiation for #79. Probably branch label not up to date in orLeft 
83181      WARN  main            d.u.i.k.p.NodeInfo        No instantiation for #79. Probably branch label not up to date in orLeft 
83181      WARN  main            d.u.i.k.p.NodeInfo        No instantiation for #79. Probably branch label not up to date in orLeft 
83181      WARN  main            d.u.i.k.p.NodeInfo        No instantiation for #79. Probably branch label not up to date in orLeft 
83181      WARN  main            d.u.i.k.p.NodeInfo        No instantiation for #79. Probably branch label not up to date in orLeft 
83181      WARN  main            d.u.i.k.p.NodeInfo        No instantiation for #104. Probably branch label not up to date in orLeft 
83181      WARN  main            d.u.i.k.p.NodeInfo        No instantiation for #104. Probably branch label not up to date in orLeft 
83181      WARN  main            d.u.i.k.p.NodeInfo        No instantiation for #104. Probably branch label not up to date in orLeft 
83181      WARN  main            d.u.i.k.p.NodeInfo        No instantiation for #104. Probably branch label not up to date in orLeft 
83181      WARN  main            d.u.i.k.p.NodeInfo        No instantiation for #105. Probably branch label not up to date in orLeft 
83181      WARN  main            d.u.i.k.p.NodeInfo        No instantiation for #105. Probably branch label not up to date in orLeft 
83181      WARN  main            d.u.i.k.p.NodeInfo        No instantiation for #105. Probably branch label not up to date in orLeft 
83181      WARN  main            d.u.i.k.p.NodeInfo        No instantiation for #105. Probably branch label not up to date in orLeft 
83182      WARN  main            d.u.i.k.p.NodeInfo        No instantiation for #106. Probably branch label not up to date in orLeft 
83182      WARN  main            d.u.i.k.p.NodeInfo        No instantiation for #106. Probably branch label not up to date in orLeft 
83182      WARN  main            d.u.i.k.p.NodeInfo        No instantiation for #106. Probably branch label not up to date in orLeft 
83182      WARN  main            d.u.i.k.p.NodeInfo        No instantiation for #107. Probably branch label not up to date in orLeft 
83182      WARN  main            d.u.i.k.p.NodeInfo        No instantiation for #107. Probably branch label not up to date in orLeft 
83182      WARN  main            d.u.i.k.p.NodeInfo        No instantiation for #107. Probably branch label not up to date in orLeft 
83182      WARN  main            d.u.i.k.p.NodeInfo        No instantiation for #106. Probably branch label not up to date in orLeft 
83182      WARN  main            d.u.i.k.p.NodeInfo        No instantiation for #107. Probably branch label not up to date in orLeft 
83182      WARN  main            d.u.i.k.p.NodeInfo        No instantiation for #106. Probably branch label not up to date in orLeft 
83182      WARN  main            d.u.i.k.p.NodeInfo        No instantiation for #79. Probably branch label not up to date in orLeft 
83182      WARN  main            d.u.i.k.p.NodeInfo        No instantiation for #79. Probably branch label not up to date in orLeft 
83182      WARN  main            d.u.i.k.p.NodeInfo        No instantiation for #79. Probably branch label not up to date in orLeft 
83183      WARN  main            d.u.i.k.p.NodeInfo        No instantiation for #79. Probably branch label not up to date in orLeft 
83183      WARN  main            d.u.i.k.p.NodeInfo        No instantiation for #79. Probably branch label not up to date in orLeft 
83183      WARN  main            d.u.i.k.p.NodeInfo        No instantiation for #104. Probably branch label not up to date in orLeft 
83183      WARN  main            d.u.i.k.p.NodeInfo        No instantiation for #104. Probably branch label not up to date in orLeft 
83183      WARN  main            d.u.i.k.p.NodeInfo        No instantiation for #104. Probably branch label not up to date in orLeft 
83183      WARN  main            d.u.i.k.p.NodeInfo        No instantiation for #104. Probably branch label not up to date in orLeft 
83183      WARN  main            d.u.i.k.p.NodeInfo        No instantiation for #105. Probably branch label not up to date in orLeft 
83183      WARN  main            d.u.i.k.p.NodeInfo        No instantiation for #105. Probably branch label not up to date in orLeft 
83183      WARN  main            d.u.i.k.p.NodeInfo        No instantiation for #105. Probably branch label not up to date in orLeft 
83183      WARN  main            d.u.i.k.p.NodeInfo        No instantiation for #105. Probably branch label not up to date in orLeft 
83183      WARN  main            d.u.i.k.p.NodeInfo        No instantiation for #106. Probably branch label not up to date in orLeft 
83183      WARN  main            d.u.i.k.p.NodeInfo        No instantiation for #106. Probably branch label not up to date in orLeft 
83183      WARN  main            d.u.i.k.p.NodeInfo        No instantiation for #106. Probably branch label not up to date in orLeft 
83184      WARN  main            d.u.i.k.p.NodeInfo        No instantiation for #107. Probably branch label not up to date in orLeft 
83184      WARN  main            d.u.i.k.p.NodeInfo        No instantiation for #107. Probably branch label not up to date in orLeft 
83184      WARN  main            d.u.i.k.p.NodeInfo        No instantiation for #107. Probably branch label not up to date in orLeft 
83184      WARN  main            d.u.i.k.p.NodeInfo        No instantiation for #106. Probably branch label not up to date in orLeft 
83184      WARN  main            d.u.i.k.p.NodeInfo        No instantiation for #107. Probably branch label not up to date in orLeft 
83184      WARN  main            d.u.i.k.p.NodeInfo        No instantiation for #106. Probably branch label not up to date in orLeft 
83184      WARN  main            d.u.i.k.p.NodeInfo        No instantiation for #79. Probably branch label not up to date in orLeft 
83184      WARN  main            d.u.i.k.p.NodeInfo        No instantiation for #79. Probably branch label not up to date in orLeft 
83184      WARN  main            d.u.i.k.p.NodeInfo        No instantiation for #79. Probably branch label not up to date in orLeft 
83184      WARN  main            d.u.i.k.p.NodeInfo        No instantiation for #79. Probably branch label not up to date in orLeft 
83184      WARN  main            d.u.i.k.p.NodeInfo        No instantiation for #79. Probably branch label not up to date in orLeft 
83185      WARN  main            d.u.i.k.p.NodeInfo        No instantiation for #104. Probably branch label not up to date in orLeft 
83185      WARN  main            d.u.i.k.p.NodeInfo        No instantiation for #104. Probably branch label not up to date in orLeft 
83185      WARN  main            d.u.i.k.p.NodeInfo        No instantiation for #104. Probably branch label not up to date in orLeft 
83185      WARN  main            d.u.i.k.p.NodeInfo        No instantiation for #104. Probably branch label not up to date in orLeft 
83185      WARN  main            d.u.i.k.p.NodeInfo        No instantiation for #105. Probably branch label not up to date in orLeft 
83185      WARN  main            d.u.i.k.p.NodeInfo        No instantiation for #105. Probably branch label not up to date in orLeft 
83185      WARN  main            d.u.i.k.p.NodeInfo        No instantiation for #105. Probably branch label not up to date in orLeft 
83185      WARN  main            d.u.i.k.p.NodeInfo        No instantiation for #105. Probably branch label not up to date in orLeft 
83192      WARN  main            d.u.i.k.p.NodeInfo        No instantiation for #106. Probably branch label not up to date in orLeft 
83192      WARN  main            d.u.i.k.p.NodeInfo        No instantiation for #106. Probably branch label not up to date in orLeft 
83192      WARN  main            d.u.i.k.p.NodeInfo        No instantiation for #106. Probably branch label not up to date in orLeft 
83192      WARN  main            d.u.i.k.p.NodeInfo        No instantiation for #107. Probably branch label not up to date in orLeft 
83192      WARN  main            d.u.i.k.p.NodeInfo        No instantiation for #107. Probably branch label not up to date in orLeft 
83192      WARN  main            d.u.i.k.p.NodeInfo        No instantiation for #107. Probably branch label not up to date in orLeft 
83192      WARN  main            d.u.i.k.p.NodeInfo        No instantiation for #106. Probably branch label not up to date in orLeft 
83192      WARN  main            d.u.i.k.p.NodeInfo        No instantiation for #107. Probably branch label not up to date in orLeft 
83193      WARN  main            d.u.i.k.p.NodeInfo        No instantiation for #106. Probably branch label not up to date in orLeft 
83193      WARN  main            d.u.i.k.p.NodeInfo        No instantiation for #104. Probably branch label not up to date in orLeft 
83193      WARN  main            d.u.i.k.p.NodeInfo        No instantiation for #104. Probably branch label not up to date in orLeft 
83193      WARN  main            d.u.i.k.p.NodeInfo        No instantiation for #104. Probably branch label not up to date in orLeft 
83193      WARN  main            d.u.i.k.p.NodeInfo        No instantiation for #104. Probably branch label not up to date in orLeft 
83193      WARN  main            d.u.i.k.p.NodeInfo        No instantiation for #105. Probably branch label not up to date in orLeft 
83193      WARN  main            d.u.i.k.p.NodeInfo        No instantiation for #105. Probably branch label not up to date in orLeft 
83193      WARN  main            d.u.i.k.p.NodeInfo        No instantiation for #105. Probably branch label not up to date in orLeft 
83193      WARN  main            d.u.i.k.p.NodeInfo        No instantiation for #105. Probably branch label not up to date in orLeft 
83193      WARN  main            d.u.i.k.p.NodeInfo        No instantiation for #106. Probably branch label not up to date in orLeft 
83193      WARN  main            d.u.i.k.p.NodeInfo        No instantiation for #106. Probably branch label not up to date in orLeft 
83193      WARN  main            d.u.i.k.p.NodeInfo        No instantiation for #106. Probably branch label not up to date in orLeft 
83193      WARN  main            d.u.i.k.p.NodeInfo        No instantiation for #107. Probably branch label not up to date in orLeft 
83194      WARN  main            d.u.i.k.p.NodeInfo        No instantiation for #107. Probably branch label not up to date in orLeft 
83194      WARN  main            d.u.i.k.p.NodeInfo        No instantiation for #107. Probably branch label not up to date in orLeft 
83194      WARN  main            d.u.i.k.p.NodeInfo        No instantiation for #106. Probably branch label not up to date in orLeft 
83194      WARN  main            d.u.i.k.p.NodeInfo        No instantiation for #107. Probably branch label not up to date in orLeft 
83194      WARN  main            d.u.i.k.p.NodeInfo        No instantiation for #106. Probably branch label not up to date in orLeft 
83194      WARN  main            d.u.i.k.p.NodeInfo        No instantiation for #79. Probably branch label not up to date in orLeft 
83194      WARN  main            d.u.i.k.p.NodeInfo        No instantiation for #79. Probably branch label not up to date in orLeft 
83194      WARN  main            d.u.i.k.p.NodeInfo        No instantiation for #79. Probably branch label not up to date in orLeft 
83194      WARN  main            d.u.i.k.p.NodeInfo        No instantiation for #79. Probably branch label not up to date in orLeft 
83194      WARN  main            d.u.i.k.p.NodeInfo        No instantiation for #79. Probably branch label not up to date in orLeft 
83194      WARN  main            d.u.i.k.p.NodeInfo        No instantiation for #104. Probably branch label not up to date in orLeft 
83194      WARN  main            d.u.i.k.p.NodeInfo        No instantiation for #104. Probably branch label not up to date in orLeft 
83195      WARN  main            d.u.i.k.p.NodeInfo        No instantiation for #104. Probably branch label not up to date in orLeft 
83195      WARN  main            d.u.i.k.p.NodeInfo        No instantiation for #104. Probably branch label not up to date in orLeft 
83195      WARN  main            d.u.i.k.p.NodeInfo        No instantiation for #105. Probably branch label not up to date in orLeft 
83195      WARN  main            d.u.i.k.p.NodeInfo        No instantiation for #105. Probably branch label not up to date in orLeft 
83195      WARN  main            d.u.i.k.p.NodeInfo        No instantiation for #105. Probably branch label not up to date in orLeft 
83195      WARN  main            d.u.i.k.p.NodeInfo        No instantiation for #105. Probably branch label not up to date in orLeft 
83195      WARN  main            d.u.i.k.p.NodeInfo        No instantiation for #106. Probably branch label not up to date in orLeft 
83195      WARN  main            d.u.i.k.p.NodeInfo        No instantiation for #106. Probably branch label not up to date in orLeft 
83195      WARN  main            d.u.i.k.p.NodeInfo        No instantiation for #106. Probably branch label not up to date in orLeft 
83195      WARN  main            d.u.i.k.p.NodeInfo        No instantiation for #107. Probably branch label not up to date in orLeft 
83195      WARN  main            d.u.i.k.p.NodeInfo        No instantiation for #107. Probably branch label not up to date in orLeft 
83195      WARN  main            d.u.i.k.p.NodeInfo        No instantiation for #107. Probably branch label not up to date in orLeft 
83195      WARN  main            d.u.i.k.p.NodeInfo        No instantiation for #106. Probably branch label not up to date in orLeft 
83196      WARN  main            d.u.i.k.p.NodeInfo        No instantiation for #107. Probably branch label not up to date in orLeft 
83196      WARN  main            d.u.i.k.p.NodeInfo        No instantiation for #106. Probably branch label not up to date in orLeft 
83196      WARN  main            d.u.i.k.p.NodeInfo        No instantiation for #104. Probably branch label not up to date in orLeft 
83196      WARN  main            d.u.i.k.p.NodeInfo        No instantiation for #104. Probably branch label not up to date in orLeft 
83196      WARN  main            d.u.i.k.p.NodeInfo        No instantiation for #104. Probably branch label not up to date in orLeft 
83196      WARN  main            d.u.i.k.p.NodeInfo        No instantiation for #104. Probably branch label not up to date in orLeft 
83196      WARN  main            d.u.i.k.p.NodeInfo        No instantiation for #105. Probably branch label not up to date in orLeft 
83196      WARN  main            d.u.i.k.p.NodeInfo        No instantiation for #105. Probably branch label not up to date in orLeft 
83196      WARN  main            d.u.i.k.p.NodeInfo        No instantiation for #105. Probably branch label not up to date in orLeft 
83196      WARN  main            d.u.i.k.p.NodeInfo        No instantiation for #105. Probably branch label not up to date in orLeft 
83196      WARN  main            d.u.i.k.p.NodeInfo        No instantiation for #106. Probably branch label not up to date in orLeft 
83196      WARN  main            d.u.i.k.p.NodeInfo        No instantiation for #106. Probably branch label not up to date in orLeft 
83197      WARN  main            d.u.i.k.p.NodeInfo        No instantiation for #106. Probably branch label not up to date in orLeft 
83197      WARN  main            d.u.i.k.p.NodeInfo        No instantiation for #107. Probably branch label not up to date in orLeft 
83197      WARN  main            d.u.i.k.p.NodeInfo        No instantiation for #107. Probably branch label not up to date in orLeft 
83197      WARN  main            d.u.i.k.p.NodeInfo        No instantiation for #107. Probably branch label not up to date in orLeft 
83197      WARN  main            d.u.i.k.p.NodeInfo        No instantiation for #106. Probably branch label not up to date in orLeft 
83197      WARN  main            d.u.i.k.p.NodeInfo        No instantiation for #107. Probably branch label not up to date in orLeft 
83197      WARN  main            d.u.i.k.p.NodeInfo        No instantiation for #106. Probably branch label not up to date in orLeft 
83197      WARN  main            d.u.i.k.p.NodeInfo        No instantiation for #104. Probably branch label not up to date in orLeft 
83197      WARN  main            d.u.i.k.p.NodeInfo        No instantiation for #104. Probably branch label not up to date in orLeft 
83197      WARN  main            d.u.i.k.p.NodeInfo        No instantiation for #104. Probably branch label not up to date in orLeft 
83197      WARN  main            d.u.i.k.p.NodeInfo        No instantiation for #104. Probably branch label not up to date in orLeft 
83197      WARN  main            d.u.i.k.p.NodeInfo        No instantiation for #105. Probably branch label not up to date in orLeft 
83198      WARN  main            d.u.i.k.p.NodeInfo        No instantiation for #105. Probably branch label not up to date in orLeft 
83198      WARN  main            d.u.i.k.p.NodeInfo        No instantiation for #105. Probably branch label not up to date in orLeft 
83198      WARN  main            d.u.i.k.p.NodeInfo        No instantiation for #105. Probably branch label not up to date in orLeft 
83198      WARN  main            d.u.i.k.p.NodeInfo        No instantiation for #106. Probably branch label not up to date in orLeft 
83198      WARN  main            d.u.i.k.p.NodeInfo        No instantiation for #106. Probably branch label not up to date in orLeft 
83198      WARN  main            d.u.i.k.p.NodeInfo        No instantiation for #106. Probably branch label not up to date in orLeft 
83198      WARN  main            d.u.i.k.p.NodeInfo        No instantiation for #107. Probably branch label not up to date in orLeft 
83198      WARN  main            d.u.i.k.p.NodeInfo        No instantiation for #107. Probably branch label not up to date in orLeft 
83198      WARN  main            d.u.i.k.p.NodeInfo        No instantiation for #107. Probably branch label not up to date in orLeft 
83198      WARN  main            d.u.i.k.p.NodeInfo        No instantiation for #106. Probably branch label not up to date in orLeft 
83198      WARN  main            d.u.i.k.p.NodeInfo        No instantiation for #107. Probably branch label not up to date in orLeft 
83198      WARN  main            d.u.i.k.p.NodeInfo        No instantiation for #106. Probably branch label not up to date in orLeft 
83199      WARN  main            d.u.i.k.p.NodeInfo        No instantiation for #104. Probably branch label not up to date in orLeft 
83199      WARN  main            d.u.i.k.p.NodeInfo        No instantiation for #104. Probably branch label not up to date in orLeft 
83199      WARN  main            d.u.i.k.p.NodeInfo        No instantiation for #104. Probably branch label not up to date in orLeft 
83199      WARN  main            d.u.i.k.p.NodeInfo        No instantiation for #104. Probably branch label not up to date in orLeft 
83199      WARN  main            d.u.i.k.p.NodeInfo        No instantiation for #105. Probably branch label not up to date in orLeft 
83199      WARN  main            d.u.i.k.p.NodeInfo        No instantiation for #105. Probably branch label not up to date in orLeft 
83199      WARN  main            d.u.i.k.p.NodeInfo        No instantiation for #105. Probably branch label not up to date in orLeft 
83199      WARN  main            d.u.i.k.p.NodeInfo        No instantiation for #105. Probably branch label not up to date in orLeft 
83199      WARN  main            d.u.i.k.p.NodeInfo        No instantiation for #106. Probably branch label not up to date in orLeft 
83199      WARN  main            d.u.i.k.p.NodeInfo        No instantiation for #106. Probably branch label not up to date in orLeft 
83199      WARN  main            d.u.i.k.p.NodeInfo        No instantiation for #106. Probably branch label not up to date in orLeft 
83199      WARN  main            d.u.i.k.p.NodeInfo        No instantiation for #107. Probably branch label not up to date in orLeft 
83199      WARN  main            d.u.i.k.p.NodeInfo        No instantiation for #107. Probably branch label not up to date in orLeft 
83200      WARN  main            d.u.i.k.p.NodeInfo        No instantiation for #107. Probably branch label not up to date in orLeft 
83200      WARN  main            d.u.i.k.p.NodeInfo        No instantiation for #106. Probably branch label not up to date in orLeft 
83200      WARN  main            d.u.i.k.p.NodeInfo        No instantiation for #107. Probably branch label not up to date in orLeft 
83200      WARN  main            d.u.i.k.p.NodeInfo        No instantiation for #106. Probably branch label not up to date in orLeft 
83200      WARN  main            d.u.i.k.p.NodeInfo        No instantiation for #104. Probably branch label not up to date in orLeft 
83200      WARN  main            d.u.i.k.p.NodeInfo        No instantiation for #104. Probably branch label not up to date in orLeft 
83200      WARN  main            d.u.i.k.p.NodeInfo        No instantiation for #104. Probably branch label not up to date in orLeft 
83200      WARN  main            d.u.i.k.p.NodeInfo        No instantiation for #104. Probably branch label not up to date in orLeft 
83200      WARN  main            d.u.i.k.p.NodeInfo        No instantiation for #105. Probably branch label not up to date in orLeft 
83200      WARN  main            d.u.i.k.p.NodeInfo        No instantiation for #105. Probably branch label not up to date in orLeft 
83200      WARN  main            d.u.i.k.p.NodeInfo        No instantiation for #105. Probably branch label not up to date in orLeft 
83201      WARN  main            d.u.i.k.p.NodeInfo        No instantiation for #105. Probably branch label not up to date in orLeft 
83201      WARN  main            d.u.i.k.p.NodeInfo        No instantiation for #106. Probably branch label not up to date in orLeft 
83201      WARN  main            d.u.i.k.p.NodeInfo        No instantiation for #106. Probably branch label not up to date in orLeft 
83201      WARN  main            d.u.i.k.p.NodeInfo        No instantiation for #106. Probably branch label not up to date in orLeft 
83201      WARN  main            d.u.i.k.p.NodeInfo        No instantiation for #107. Probably branch label not up to date in orLeft 
83201      WARN  main            d.u.i.k.p.NodeInfo        No instantiation for #107. Probably branch label not up to date in orLeft 
83201      WARN  main            d.u.i.k.p.NodeInfo        No instantiation for #107. Probably branch label not up to date in orLeft 
83201      WARN  main            d.u.i.k.p.NodeInfo        No instantiation for #106. Probably branch label not up to date in orLeft 
83201      WARN  main            d.u.i.k.p.NodeInfo        No instantiation for #107. Probably branch label not up to date in orLeft 
83201      WARN  main            d.u.i.k.p.NodeInfo        No instantiation for #106. Probably branch label not up to date in orLeft 
83264      WARN  main            d.u.i.k.p.NodeInfo        No instantiation for #104. Probably branch label not up to date in orLeft 
83265      WARN  main            d.u.i.k.p.NodeInfo        No instantiation for #104. Probably branch label not up to date in orLeft 
83265      WARN  main            d.u.i.k.p.NodeInfo        No instantiation for #104. Probably branch label not up to date in orLeft 
83265      WARN  main            d.u.i.k.p.NodeInfo        No instantiation for #104. Probably branch label not up to date in orLeft 
83265      WARN  main            d.u.i.k.p.NodeInfo        No instantiation for #105. Probably branch label not up to date in orLeft 
83265      WARN  main            d.u.i.k.p.NodeInfo        No instantiation for #105. Probably branch label not up to date in orLeft 
83265      WARN  main            d.u.i.k.p.NodeInfo        No instantiation for #105. Probably branch label not up to date in orLeft 
83265      WARN  main            d.u.i.k.p.NodeInfo        No instantiation for #105. Probably branch label not up to date in orLeft 
83265      WARN  main            d.u.i.k.p.NodeInfo        No instantiation for #106. Probably branch label not up to date in orLeft 
83265      WARN  main            d.u.i.k.p.NodeInfo        No instantiation for #106. Probably branch label not up to date in orLeft 
83265      WARN  main            d.u.i.k.p.NodeInfo        No instantiation for #106. Probably branch label not up to date in orLeft 
83265      WARN  main            d.u.i.k.p.NodeInfo        No instantiation for #107. Probably branch label not up to date in orLeft 
83266      WARN  main            d.u.i.k.p.NodeInfo        No instantiation for #107. Probably branch label not up to date in orLeft 
83266      WARN  main            d.u.i.k.p.NodeInfo        No instantiation for #107. Probably branch label not up to date in orLeft 
83266      WARN  main            d.u.i.k.p.NodeInfo        No instantiation for #106. Probably branch label not up to date in orLeft 
83266      WARN  main            d.u.i.k.p.NodeInfo        No instantiation for #107. Probably branch label not up to date in orLeft 
83266      WARN  main            d.u.i.k.p.NodeInfo        No instantiation for #106. Probably branch label not up to date in orLeft 
83266      WARN  main            d.u.i.k.p.NodeInfo        No instantiation for #104. Probably branch label not up to date in orLeft 
83266      WARN  main            d.u.i.k.p.NodeInfo        No instantiation for #104. Probably branch label not up to date in orLeft 
83266      WARN  main            d.u.i.k.p.NodeInfo        No instantiation for #104. Probably branch label not up to date in orLeft 
83266      WARN  main            d.u.i.k.p.NodeInfo        No instantiation for #104. Probably branch label not up to date in orLeft 
83266      WARN  main            d.u.i.k.p.NodeInfo        No instantiation for #105. Probably branch label not up to date in orLeft 
83266      WARN  main            d.u.i.k.p.NodeInfo        No instantiation for #105. Probably branch label not up to date in orLeft 
83266      WARN  main            d.u.i.k.p.NodeInfo        No instantiation for #105. Probably branch label not up to date in orLeft 
83266      WARN  main            d.u.i.k.p.NodeInfo        No instantiation for #105. Probably branch label not up to date in orLeft 
83267      WARN  main            d.u.i.k.p.NodeInfo        No instantiation for #106. Probably branch label not up to date in orLeft 
83267      WARN  main            d.u.i.k.p.NodeInfo        No instantiation for #106. Probably branch label not up to date in orLeft 
83267      WARN  main            d.u.i.k.p.NodeInfo        No instantiation for #106. Probably branch label not up to date in orLeft 
83267      WARN  main            d.u.i.k.p.NodeInfo        No instantiation for #107. Probably branch label not up to date in orLeft 
83267      WARN  main            d.u.i.k.p.NodeInfo        No instantiation for #107. Probably branch label not up to date in orLeft 
83267      WARN  main            d.u.i.k.p.NodeInfo        No instantiation for #107. Probably branch label not up to date in orLeft 
83267      WARN  main            d.u.i.k.p.NodeInfo        No instantiation for #106. Probably branch label not up to date in orLeft 
83267      WARN  main            d.u.i.k.p.NodeInfo        No instantiation for #107. Probably branch label not up to date in orLeft 
83267      WARN  main            d.u.i.k.p.NodeInfo        No instantiation for #106. Probably branch label not up to date in orLeft 
83285      WARN  main            d.u.i.k.p.NodeInfo        No instantiation for #104. Probably branch label not up to date in orLeft 
83286      WARN  main            d.u.i.k.p.NodeInfo        No instantiation for #104. Probably branch label not up to date in orLeft 
83286      WARN  main            d.u.i.k.p.NodeInfo        No instantiation for #104. Probably branch label not up to date in orLeft 
83286      WARN  main            d.u.i.k.p.NodeInfo        No instantiation for #104. Probably branch label not up to date in orLeft 
83286      WARN  main            d.u.i.k.p.NodeInfo        No instantiation for #105. Probably branch label not up to date in orLeft 
83286      WARN  main            d.u.i.k.p.NodeInfo        No instantiation for #105. Probably branch label not up to date in orLeft 
83286      WARN  main            d.u.i.k.p.NodeInfo        No instantiation for #105. Probably branch label not up to date in orLeft 
83286      WARN  main            d.u.i.k.p.NodeInfo        No instantiation for #105. Probably branch label not up to date in orLeft 
83286      WARN  main            d.u.i.k.p.NodeInfo        No instantiation for #106. Probably branch label not up to date in orLeft 
83286      WARN  main            d.u.i.k.p.NodeInfo        No instantiation for #106. Probably branch label not up to date in orLeft 
83286      WARN  main            d.u.i.k.p.NodeInfo        No instantiation for #106. Probably branch label not up to date in orLeft 
83287      WARN  main            d.u.i.k.p.NodeInfo        No instantiation for #107. Probably branch label not up to date in orLeft 
83287      WARN  main            d.u.i.k.p.NodeInfo        No instantiation for #107. Probably branch label not up to date in orLeft 
83287      WARN  main            d.u.i.k.p.NodeInfo        No instantiation for #107. Probably branch label not up to date in orLeft 
83287      WARN  main            d.u.i.k.p.NodeInfo        No instantiation for #106. Probably branch label not up to date in orLeft 
83287      WARN  main            d.u.i.k.p.NodeInfo        No instantiation for #107. Probably branch label not up to date in orLeft 
83287      WARN  main            d.u.i.k.p.NodeInfo        No instantiation for #106. Probably branch label not up to date in orLeft 
83287      WARN  main            d.u.i.k.p.NodeInfo        No instantiation for #79. Probably branch label not up to date in orLeft 
83287      WARN  main            d.u.i.k.p.NodeInfo        No instantiation for #79. Probably branch label not up to date in orLeft 
83287      WARN  main            d.u.i.k.p.NodeInfo        No instantiation for #79. Probably branch label not up to date in orLeft 
83287      WARN  main            d.u.i.k.p.NodeInfo        No instantiation for #79. Probably branch label not up to date in orLeft 
83287      WARN  main            d.u.i.k.p.NodeInfo        No instantiation for #79. Probably branch label not up to date in orLeft 
83287      WARN  main            d.u.i.k.p.NodeInfo        No instantiation for #104. Probably branch label not up to date in orLeft 
83287      WARN  main            d.u.i.k.p.NodeInfo        No instantiation for #104. Probably branch label not up to date in orLeft 
83288      WARN  main            d.u.i.k.p.NodeInfo        No instantiation for #104. Probably branch label not up to date in orLeft 
83288      WARN  main            d.u.i.k.p.NodeInfo        No instantiation for #104. Probably branch label not up to date in orLeft 
83288      WARN  main            d.u.i.k.p.NodeInfo        No instantiation for #105. Probably branch label not up to date in orLeft 
83288      WARN  main            d.u.i.k.p.NodeInfo        No instantiation for #105. Probably branch label not up to date in orLeft 
83288      WARN  main            d.u.i.k.p.NodeInfo        No instantiation for #105. Probably branch label not up to date in orLeft 
83288      WARN  main            d.u.i.k.p.NodeInfo        No instantiation for #105. Probably branch label not up to date in orLeft 
83288      WARN  main            d.u.i.k.p.NodeInfo        No instantiation for #106. Probably branch label not up to date in orLeft 
83288      WARN  main            d.u.i.k.p.NodeInfo        No instantiation for #106. Probably branch label not up to date in orLeft 
83288      WARN  main            d.u.i.k.p.NodeInfo        No instantiation for #106. Probably branch label not up to date in orLeft 
83288      WARN  main            d.u.i.k.p.NodeInfo        No instantiation for #107. Probably branch label not up to date in orLeft 
83288      WARN  main            d.u.i.k.p.NodeInfo        No instantiation for #107. Probably branch label not up to date in orLeft 
83288      WARN  main            d.u.i.k.p.NodeInfo        No instantiation for #107. Probably branch label not up to date in orLeft 
83288      WARN  main            d.u.i.k.p.NodeInfo        No instantiation for #106. Probably branch label not up to date in orLeft 
83289      WARN  main            d.u.i.k.p.NodeInfo        No instantiation for #107. Probably branch label not up to date in orLeft 
83289      WARN  main            d.u.i.k.p.NodeInfo        No instantiation for #106. Probably branch label not up to date in orLeft 
83289      WARN  main            d.u.i.k.p.NodeInfo        No instantiation for #79. Probably branch label not up to date in orLeft 
83289      WARN  main            d.u.i.k.p.NodeInfo        No instantiation for #79. Probably branch label not up to date in orLeft 
83289      WARN  main            d.u.i.k.p.NodeInfo        No instantiation for #79. Probably branch label not up to date in orLeft 
83289      WARN  main            d.u.i.k.p.NodeInfo        No instantiation for #79. Probably branch label not up to date in orLeft 
83289      WARN  main            d.u.i.k.p.NodeInfo        No instantiation for #79. Probably branch label not up to date in orLeft 
83291      WARN  main            d.u.i.k.p.NodeInfo        No instantiation for #104. Probably branch label not up to date in orLeft 
83291      WARN  main            d.u.i.k.p.NodeInfo        No instantiation for #104. Probably branch label not up to date in orLeft 
83292      WARN  main            d.u.i.k.p.NodeInfo        No instantiation for #104. Probably branch label not up to date in orLeft 
83292      WARN  main            d.u.i.k.p.NodeInfo        No instantiation for #104. Probably branch label not up to date in orLeft 
83292      WARN  main            d.u.i.k.p.NodeInfo        No instantiation for #105. Probably branch label not up to date in orLeft 
83292      WARN  main            d.u.i.k.p.NodeInfo        No instantiation for #105. Probably branch label not up to date in orLeft 
83292      WARN  main            d.u.i.k.p.NodeInfo        No instantiation for #105. Probably branch label not up to date in orLeft 
83292      WARN  main            d.u.i.k.p.NodeInfo        No instantiation for #105. Probably branch label not up to date in orLeft 
83292      WARN  main            d.u.i.k.p.NodeInfo        No instantiation for #106. Probably branch label not up to date in orLeft 
83292      WARN  main            d.u.i.k.p.NodeInfo        No instantiation for #106. Probably branch label not up to date in orLeft 
83292      WARN  main            d.u.i.k.p.NodeInfo        No instantiation for #106. Probably branch label not up to date in orLeft 
83292      WARN  main            d.u.i.k.p.NodeInfo        No instantiation for #107. Probably branch label not up to date in orLeft 
83294      WARN  main            d.u.i.k.p.NodeInfo        No instantiation for #107. Probably branch label not up to date in orLeft 
83294      WARN  main            d.u.i.k.p.NodeInfo        No instantiation for #107. Probably branch label not up to date in orLeft 
83295      WARN  main            d.u.i.k.p.NodeInfo        No instantiation for #106. Probably branch label not up to date in orLeft 
83295      WARN  main            d.u.i.k.p.NodeInfo        No instantiation for #107. Probably branch label not up to date in orLeft 
83295      WARN  main            d.u.i.k.p.NodeInfo        No instantiation for #106. Probably branch label not up to date in orLeft 
83295      WARN  main            d.u.i.k.p.NodeInfo        No instantiation for #79. Probably branch label not up to date in orLeft 
83295      WARN  main            d.u.i.k.p.NodeInfo        No instantiation for #79. Probably branch label not up to date in orLeft 
83295      WARN  main            d.u.i.k.p.NodeInfo        No instantiation for #79. Probably branch label not up to date in orLeft 
83295      WARN  main            d.u.i.k.p.NodeInfo        No instantiation for #79. Probably branch label not up to date in orLeft 
83295      WARN  main            d.u.i.k.p.NodeInfo        No instantiation for #79. Probably branch label not up to date in orLeft 
83295      WARN  main            d.u.i.k.p.NodeInfo        No instantiation for #104. Probably branch label not up to date in orLeft 
83295      WARN  main            d.u.i.k.p.NodeInfo        No instantiation for #104. Probably branch label not up to date in orLeft 
83295      WARN  main            d.u.i.k.p.NodeInfo        No instantiation for #104. Probably branch label not up to date in orLeft 
83295      WARN  main            d.u.i.k.p.NodeInfo        No instantiation for #104. Probably branch label not up to date in orLeft 
83296      WARN  main            d.u.i.k.p.NodeInfo        No instantiation for #105. Probably branch label not up to date in orLeft 
83301      WARN  main            d.u.i.k.p.NodeInfo        No instantiation for #105. Probably branch label not up to date in orLeft 
83301      WARN  main            d.u.i.k.p.NodeInfo        No instantiation for #105. Probably branch label not up to date in orLeft 
83301      WARN  main            d.u.i.k.p.NodeInfo        No instantiation for #105. Probably branch label not up to date in orLeft 
83301      WARN  main            d.u.i.k.p.NodeInfo        No instantiation for #106. Probably branch label not up to date in orLeft 
83301      WARN  main            d.u.i.k.p.NodeInfo        No instantiation for #106. Probably branch label not up to date in orLeft 
83301      WARN  main            d.u.i.k.p.NodeInfo        No instantiation for #106. Probably branch label not up to date in orLeft 
83301      WARN  main            d.u.i.k.p.NodeInfo        No instantiation for #107. Probably branch label not up to date in orLeft 
83302      WARN  main            d.u.i.k.p.NodeInfo        No instantiation for #107. Probably branch label not up to date in orLeft 
83302      WARN  main            d.u.i.k.p.NodeInfo        No instantiation for #107. Probably branch label not up to date in orLeft 
83302      WARN  main            d.u.i.k.p.NodeInfo        No instantiation for #106. Probably branch label not up to date in orLeft 
83302      WARN  main            d.u.i.k.p.NodeInfo        No instantiation for #107. Probably branch label not up to date in orLeft 
83302      WARN  main            d.u.i.k.p.NodeInfo        No instantiation for #106. Probably branch label not up to date in orLeft 
83302      WARN  main            d.u.i.k.p.NodeInfo        No instantiation for #79. Probably branch label not up to date in orLeft 
83302      WARN  main            d.u.i.k.p.NodeInfo        No instantiation for #79. Probably branch label not up to date in orLeft 
83302      WARN  main            d.u.i.k.p.NodeInfo        No instantiation for #79. Probably branch label not up to date in orLeft 
83302      WARN  main            d.u.i.k.p.NodeInfo        No instantiation for #79. Probably branch label not up to date in orLeft 
83302      WARN  main            d.u.i.k.p.NodeInfo        No instantiation for #79. Probably branch label not up to date in orLeft 
83302      WARN  main            d.u.i.k.p.NodeInfo        No instantiation for #104. Probably branch label not up to date in orLeft 
83303      WARN  main            d.u.i.k.p.NodeInfo        No instantiation for #104. Probably branch label not up to date in orLeft 
83303      WARN  main            d.u.i.k.p.NodeInfo        No instantiation for #104. Probably branch label not up to date in orLeft 
83303      WARN  main            d.u.i.k.p.NodeInfo        No instantiation for #104. Probably branch label not up to date in orLeft 
83303      WARN  main            d.u.i.k.p.NodeInfo        No instantiation for #105. Probably branch label not up to date in orLeft 
83303      WARN  main            d.u.i.k.p.NodeInfo        No instantiation for #105. Probably branch label not up to date in orLeft 
83303      WARN  main            d.u.i.k.p.NodeInfo        No instantiation for #105. Probably branch label not up to date in orLeft 
83303      WARN  main            d.u.i.k.p.NodeInfo        No instantiation for #105. Probably branch label not up to date in orLeft 
83303      WARN  main            d.u.i.k.p.NodeInfo        No instantiation for #106. Probably branch label not up to date in orLeft 
83303      WARN  main            d.u.i.k.p.NodeInfo        No instantiation for #106. Probably branch label not up to date in orLeft 
83303      WARN  main            d.u.i.k.p.NodeInfo        No instantiation for #106. Probably branch label not up to date in orLeft 
83303      WARN  main            d.u.i.k.p.NodeInfo        No instantiation for #107. Probably branch label not up to date in orLeft 
83303      WARN  main            d.u.i.k.p.NodeInfo        No instantiation for #107. Probably branch label not up to date in orLeft 
83303      WARN  main            d.u.i.k.p.NodeInfo        No instantiation for #107. Probably branch label not up to date in orLeft 
83304      WARN  main            d.u.i.k.p.NodeInfo        No instantiation for #106. Probably branch label not up to date in orLeft 
83304      WARN  main            d.u.i.k.p.NodeInfo        No instantiation for #107. Probably branch label not up to date in orLeft 
83304      WARN  main            d.u.i.k.p.NodeInfo        No instantiation for #106. Probably branch label not up to date in orLeft 
83304      WARN  main            d.u.i.k.p.NodeInfo        No instantiation for #79. Probably branch label not up to date in orLeft 
83304      WARN  main            d.u.i.k.p.NodeInfo        No instantiation for #79. Probably branch label not up to date in orLeft 
83304      WARN  main            d.u.i.k.p.NodeInfo        No instantiation for #79. Probably branch label not up to date in orLeft 
83304      WARN  main            d.u.i.k.p.NodeInfo        No instantiation for #79. Probably branch label not up to date in orLeft 
83304      WARN  main            d.u.i.k.p.NodeInfo        No instantiation for #79. Probably branch label not up to date in orLeft 
83304      WARN  main            d.u.i.k.p.NodeInfo        No instantiation for #104. Probably branch label not up to date in orLeft 
83304      WARN  main            d.u.i.k.p.NodeInfo        No instantiation for #104. Probably branch label not up to date in orLeft 
83304      WARN  main            d.u.i.k.p.NodeInfo        No instantiation for #104. Probably branch label not up to date in orLeft 
83304      WARN  main            d.u.i.k.p.NodeInfo        No instantiation for #104. Probably branch label not up to date in orLeft 
83305      WARN  main            d.u.i.k.p.NodeInfo        No instantiation for #105. Probably branch label not up to date in orLeft 
83305      WARN  main            d.u.i.k.p.NodeInfo        No instantiation for #105. Probably branch label not up to date in orLeft 
83305      WARN  main            d.u.i.k.p.NodeInfo        No instantiation for #105. Probably branch label not up to date in orLeft 
83305      WARN  main            d.u.i.k.p.NodeInfo        No instantiation for #105. Probably branch label not up to date in orLeft 
83305      WARN  main            d.u.i.k.p.NodeInfo        No instantiation for #106. Probably branch label not up to date in orLeft 
83305      WARN  main            d.u.i.k.p.NodeInfo        No instantiation for #106. Probably branch label not up to date in orLeft 
83305      WARN  main            d.u.i.k.p.NodeInfo        No instantiation for #106. Probably branch label not up to date in orLeft 
83305      WARN  main            d.u.i.k.p.NodeInfo        No instantiation for #107. Probably branch label not up to date in orLeft 
83305      WARN  main            d.u.i.k.p.NodeInfo        No instantiation for #107. Probably branch label not up to date in orLeft 
83305      WARN  main            d.u.i.k.p.NodeInfo        No instantiation for #107. Probably branch label not up to date in orLeft 
83305      WARN  main            d.u.i.k.p.NodeInfo        No instantiation for #106. Probably branch label not up to date in orLeft 
83305      WARN  main            d.u.i.k.p.NodeInfo        No instantiation for #107. Probably branch label not up to date in orLeft 
83305      WARN  main            d.u.i.k.p.NodeInfo        No instantiation for #106. Probably branch label not up to date in orLeft 
83306      WARN  main            d.u.i.k.p.NodeInfo        No instantiation for #104. Probably branch label not up to date in orLeft 
83306      WARN  main            d.u.i.k.p.NodeInfo        No instantiation for #104. Probably branch label not up to date in orLeft 
83306      WARN  main            d.u.i.k.p.NodeInfo        No instantiation for #104. Probably branch label not up to date in orLeft 
83306      WARN  main            d.u.i.k.p.NodeInfo        No instantiation for #104. Probably branch label not up to date in orLeft 
83306      WARN  main            d.u.i.k.p.NodeInfo        No instantiation for #105. Probably branch label not up to date in orLeft 
83306      WARN  main            d.u.i.k.p.NodeInfo        No instantiation for #105. Probably branch label not up to date in orLeft 
83306      WARN  main            d.u.i.k.p.NodeInfo        No instantiation for #105. Probably branch label not up to date in orLeft 
83306      WARN  main            d.u.i.k.p.NodeInfo        No instantiation for #105. Probably branch label not up to date in orLeft 
83306      WARN  main            d.u.i.k.p.NodeInfo        No instantiation for #106. Probably branch label not up to date in orLeft 
83306      WARN  main            d.u.i.k.p.NodeInfo        No instantiation for #106. Probably branch label not up to date in orLeft 
83306      WARN  main            d.u.i.k.p.NodeInfo        No instantiation for #106. Probably branch label not up to date in orLeft 
83306      WARN  main            d.u.i.k.p.NodeInfo        No instantiation for #107. Probably branch label not up to date in orLeft 
83306      WARN  main            d.u.i.k.p.NodeInfo        No instantiation for #107. Probably branch label not up to date in orLeft 
83307      WARN  main            d.u.i.k.p.NodeInfo        No instantiation for #107. Probably branch label not up to date in orLeft 
83307      WARN  main            d.u.i.k.p.NodeInfo        No instantiation for #106. Probably branch label not up to date in orLeft 
83307      WARN  main            d.u.i.k.p.NodeInfo        No instantiation for #107. Probably branch label not up to date in orLeft 
83307      WARN  main            d.u.i.k.p.NodeInfo        No instantiation for #106. Probably branch label not up to date in orLeft 
83307      WARN  main            d.u.i.k.p.NodeInfo        No instantiation for #79. Probably branch label not up to date in orLeft 
83307      WARN  main            d.u.i.k.p.NodeInfo        No instantiation for #79. Probably branch label not up to date in orLeft 
83307      WARN  main            d.u.i.k.p.NodeInfo        No instantiation for #79. Probably branch label not up to date in orLeft 
83307      WARN  main            d.u.i.k.p.NodeInfo        No instantiation for #79. Probably branch label not up to date in orLeft 
83307      WARN  main            d.u.i.k.p.NodeInfo        No instantiation for #79. Probably branch label not up to date in orLeft 
83307      WARN  main            d.u.i.k.p.NodeInfo        No instantiation for #104. Probably branch label not up to date in orLeft 
83307      WARN  main            d.u.i.k.p.NodeInfo        No instantiation for #104. Probably branch label not up to date in orLeft 
83307      WARN  main            d.u.i.k.p.NodeInfo        No instantiation for #104. Probably branch label not up to date in orLeft 
83308      WARN  main            d.u.i.k.p.NodeInfo        No instantiation for #104. Probably branch label not up to date in orLeft 
83308      WARN  main            d.u.i.k.p.NodeInfo        No instantiation for #105. Probably branch label not up to date in orLeft 
83308      WARN  main            d.u.i.k.p.NodeInfo        No instantiation for #105. Probably branch label not up to date in orLeft 
83308      WARN  main            d.u.i.k.p.NodeInfo        No instantiation for #105. Probably branch label not up to date in orLeft 
83308      WARN  main            d.u.i.k.p.NodeInfo        No instantiation for #105. Probably branch label not up to date in orLeft 
83308      WARN  main            d.u.i.k.p.NodeInfo        No instantiation for #106. Probably branch label not up to date in orLeft 
83308      WARN  main            d.u.i.k.p.NodeInfo        No instantiation for #106. Probably branch label not up to date in orLeft 
83308      WARN  main            d.u.i.k.p.NodeInfo        No instantiation for #106. Probably branch label not up to date in orLeft 
83308      WARN  main            d.u.i.k.p.NodeInfo        No instantiation for #107. Probably branch label not up to date in orLeft 
83308      WARN  main            d.u.i.k.p.NodeInfo        No instantiation for #107. Probably branch label not up to date in orLeft 
83308      WARN  main            d.u.i.k.p.NodeInfo        No instantiation for #107. Probably branch label not up to date in orLeft 
83308      WARN  main            d.u.i.k.p.NodeInfo        No instantiation for #106. Probably branch label not up to date in orLeft 
83308      WARN  main            d.u.i.k.p.NodeInfo        No instantiation for #107. Probably branch label not up to date in orLeft 
83309      WARN  main            d.u.i.k.p.NodeInfo        No instantiation for #106. Probably branch label not up to date in orLeft 
83309      WARN  main            d.u.i.k.p.NodeInfo        No instantiation for #104. Probably branch label not up to date in orLeft 
83309      WARN  main            d.u.i.k.p.NodeInfo        No instantiation for #104. Probably branch label not up to date in orLeft 
83309      WARN  main            d.u.i.k.p.NodeInfo        No instantiation for #104. Probably branch label not up to date in orLeft 
83309      WARN  main            d.u.i.k.p.NodeInfo        No instantiation for #104. Probably branch label not up to date in orLeft 
83309      WARN  main            d.u.i.k.p.NodeInfo        No instantiation for #105. Probably branch label not up to date in orLeft 
83309      WARN  main            d.u.i.k.p.NodeInfo        No instantiation for #105. Probably branch label not up to date in orLeft 
83309      WARN  main            d.u.i.k.p.NodeInfo        No instantiation for #105. Probably branch label not up to date in orLeft 
83309      WARN  main            d.u.i.k.p.NodeInfo        No instantiation for #105. Probably branch label not up to date in orLeft 
83309      WARN  main            d.u.i.k.p.NodeInfo        No instantiation for #106. Probably branch label not up to date in orLeft 
83309      WARN  main            d.u.i.k.p.NodeInfo        No instantiation for #106. Probably branch label not up to date in orLeft 
83309      WARN  main            d.u.i.k.p.NodeInfo        No instantiation for #106. Probably branch label not up to date in orLeft 
83310      WARN  main            d.u.i.k.p.NodeInfo        No instantiation for #107. Probably branch label not up to date in orLeft 
83310      WARN  main            d.u.i.k.p.NodeInfo        No instantiation for #107. Probably branch label not up to date in orLeft 
83310      WARN  main            d.u.i.k.p.NodeInfo        No instantiation for #107. Probably branch label not up to date in orLeft 
83310      WARN  main            d.u.i.k.p.NodeInfo        No instantiation for #106. Probably branch label not up to date in orLeft 
83310      WARN  main            d.u.i.k.p.NodeInfo        No instantiation for #107. Probably branch label not up to date in orLeft 
83310      WARN  main            d.u.i.k.p.NodeInfo        No instantiation for #106. Probably branch label not up to date in orLeft 
83310      WARN  main            d.u.i.k.p.NodeInfo        No instantiation for #79. Probably branch label not up to date in orLeft 
83310      WARN  main            d.u.i.k.p.NodeInfo        No instantiation for #79. Probably branch label not up to date in orLeft 
83310      WARN  main            d.u.i.k.p.NodeInfo        No instantiation for #79. Probably branch label not up to date in orLeft 
83310      WARN  main            d.u.i.k.p.NodeInfo        No instantiation for #79. Probably branch label not up to date in orLeft 
83310      WARN  main            d.u.i.k.p.NodeInfo        No instantiation for #79. Probably branch label not up to date in orLeft 
83310      WARN  main            d.u.i.k.p.NodeInfo        No instantiation for #104. Probably branch label not up to date in orLeft 
83311      WARN  main            d.u.i.k.p.NodeInfo        No instantiation for #104. Probably branch label not up to date in orLeft 
83311      WARN  main            d.u.i.k.p.NodeInfo        No instantiation for #104. Probably branch label not up to date in orLeft 
83311      WARN  main            d.u.i.k.p.NodeInfo        No instantiation for #104. Probably branch label not up to date in orLeft 
83311      WARN  main            d.u.i.k.p.NodeInfo        No instantiation for #105. Probably branch label not up to date in orLeft 
83311      WARN  main            d.u.i.k.p.NodeInfo        No instantiation for #105. Probably branch label not up to date in orLeft 
83311      WARN  main            d.u.i.k.p.NodeInfo        No instantiation for #105. Probably branch label not up to date in orLeft 
83311      WARN  main            d.u.i.k.p.NodeInfo        No instantiation for #105. Probably branch label not up to date in orLeft 
83311      WARN  main            d.u.i.k.p.NodeInfo        No instantiation for #106. Probably branch label not up to date in orLeft 
83311      WARN  main            d.u.i.k.p.NodeInfo        No instantiation for #106. Probably branch label not up to date in orLeft 
83311      WARN  main            d.u.i.k.p.NodeInfo        No instantiation for #106. Probably branch label not up to date in orLeft 
83311      WARN  main            d.u.i.k.p.NodeInfo        No instantiation for #107. Probably branch label not up to date in orLeft 
83311      WARN  main            d.u.i.k.p.NodeInfo        No instantiation for #107. Probably branch label not up to date in orLeft 
83311      WARN  main            d.u.i.k.p.NodeInfo        No instantiation for #107. Probably branch label not up to date in orLeft 
83312      WARN  main            d.u.i.k.p.NodeInfo        No instantiation for #106. Probably branch label not up to date in orLeft 
83312      WARN  main            d.u.i.k.p.NodeInfo        No instantiation for #107. Probably branch label not up to date in orLeft 
83312      WARN  main            d.u.i.k.p.NodeInfo        No instantiation for #106. Probably branch label not up to date in orLeft 
83312      WARN  main            d.u.i.k.p.NodeInfo        No instantiation for #79. Probably branch label not up to date in orLeft 
83312      WARN  main            d.u.i.k.p.NodeInfo        No instantiation for #79. Probably branch label not up to date in orLeft 
83312      WARN  main            d.u.i.k.p.NodeInfo        No instantiation for #79. Probably branch label not up to date in orLeft 
83312      WARN  main            d.u.i.k.p.NodeInfo        No instantiation for #79. Probably branch label not up to date in orLeft 
83312      WARN  main            d.u.i.k.p.NodeInfo        No instantiation for #79. Probably branch label not up to date in orLeft 
83312      WARN  main            d.u.i.k.p.NodeInfo        No instantiation for #104. Probably branch label not up to date in orLeft 
83312      WARN  main            d.u.i.k.p.NodeInfo        No instantiation for #104. Probably branch label not up to date in orLeft 
83312      WARN  main            d.u.i.k.p.NodeInfo        No instantiation for #104. Probably branch label not up to date in orLeft 
83312      WARN  main            d.u.i.k.p.NodeInfo        No instantiation for #104. Probably branch label not up to date in orLeft 
83313      WARN  main            d.u.i.k.p.NodeInfo        No instantiation for #105. Probably branch label not up to date in orLeft 
83313      WARN  main            d.u.i.k.p.NodeInfo        No instantiation for #105. Probably branch label not up to date in orLeft 
83313      WARN  main            d.u.i.k.p.NodeInfo        No instantiation for #105. Probably branch label not up to date in orLeft 
83313      WARN  main            d.u.i.k.p.NodeInfo        No instantiation for #105. Probably branch label not up to date in orLeft 
83313      WARN  main            d.u.i.k.p.NodeInfo        No instantiation for #106. Probably branch label not up to date in orLeft 
83313      WARN  main            d.u.i.k.p.NodeInfo        No instantiation for #106. Probably branch label not up to date in orLeft 
83313      WARN  main            d.u.i.k.p.NodeInfo        No instantiation for #106. Probably branch label not up to date in orLeft 
83313      WARN  main            d.u.i.k.p.NodeInfo        No instantiation for #107. Probably branch label not up to date in orLeft 
83313      WARN  main            d.u.i.k.p.NodeInfo        No instantiation for #107. Probably branch label not up to date in orLeft 
83313      WARN  main            d.u.i.k.p.NodeInfo        No instantiation for #107. Probably branch label not up to date in orLeft 
83313      WARN  main            d.u.i.k.p.NodeInfo        No instantiation for #106. Probably branch label not up to date in orLeft 
83313      WARN  main            d.u.i.k.p.NodeInfo        No instantiation for #107. Probably branch label not up to date in orLeft 
83313      WARN  main            d.u.i.k.p.NodeInfo        No instantiation for #106. Probably branch label not up to date in orLeft 
83314      WARN  main            d.u.i.k.p.NodeInfo        No instantiation for #79. Probably branch label not up to date in orLeft 
83314      WARN  main            d.u.i.k.p.NodeInfo        No instantiation for #79. Probably branch label not up to date in orLeft 
83314      WARN  main            d.u.i.k.p.NodeInfo        No instantiation for #79. Probably branch label not up to date in orLeft 
83314      WARN  main            d.u.i.k.p.NodeInfo        No instantiation for #79. Probably branch label not up to date in orLeft 
83314      WARN  main            d.u.i.k.p.NodeInfo        No instantiation for #79. Probably branch label not up to date in orLeft 
83314      WARN  main            d.u.i.k.p.NodeInfo        No instantiation for #104. Probably branch label not up to date in orLeft 
83314      WARN  main            d.u.i.k.p.NodeInfo        No instantiation for #104. Probably branch label not up to date in orLeft 
83314      WARN  main            d.u.i.k.p.NodeInfo        No instantiation for #104. Probably branch label not up to date in orLeft 
83314      WARN  main            d.u.i.k.p.NodeInfo        No instantiation for #104. Probably branch label not up to date in orLeft 
83314      WARN  main            d.u.i.k.p.NodeInfo        No instantiation for #105. Probably branch label not up to date in orLeft 
83314      WARN  main            d.u.i.k.p.NodeInfo        No instantiation for #105. Probably branch label not up to date in orLeft 
83314      WARN  main            d.u.i.k.p.NodeInfo        No instantiation for #105. Probably branch label not up to date in orLeft 
83314      WARN  main            d.u.i.k.p.NodeInfo        No instantiation for #105. Probably branch label not up to date in orLeft 
83315      WARN  main            d.u.i.k.p.NodeInfo        No instantiation for #106. Probably branch label not up to date in orLeft 
83315      WARN  main            d.u.i.k.p.NodeInfo        No instantiation for #106. Probably branch label not up to date in orLeft 
83315      WARN  main            d.u.i.k.p.NodeInfo        No instantiation for #106. Probably branch label not up to date in orLeft 
83315      WARN  main            d.u.i.k.p.NodeInfo        No instantiation for #107. Probably branch label not up to date in orLeft 
83315      WARN  main            d.u.i.k.p.NodeInfo        No instantiation for #107. Probably branch label not up to date in orLeft 
83315      WARN  main            d.u.i.k.p.NodeInfo        No instantiation for #107. Probably branch label not up to date in orLeft 
83315      WARN  main            d.u.i.k.p.NodeInfo        No instantiation for #106. Probably branch label not up to date in orLeft 
83315      WARN  main            d.u.i.k.p.NodeInfo        No instantiation for #107. Probably branch label not up to date in orLeft 
83315      WARN  main            d.u.i.k.p.NodeInfo        No instantiation for #106. Probably branch label not up to date in orLeft 
83315      WARN  main            d.u.i.k.p.NodeInfo        No instantiation for #104. Probably branch label not up to date in orLeft 
83315      WARN  main            d.u.i.k.p.NodeInfo        No instantiation for #104. Probably branch label not up to date in orLeft 
83315      WARN  main            d.u.i.k.p.NodeInfo        No instantiation for #104. Probably branch label not up to date in orLeft 
83315      WARN  main            d.u.i.k.p.NodeInfo        No instantiation for #104. Probably branch label not up to date in orLeft 
83316      WARN  main            d.u.i.k.p.NodeInfo        No instantiation for #105. Probably branch label not up to date in orLeft 
83316      WARN  main            d.u.i.k.p.NodeInfo        No instantiation for #105. Probably branch label not up to date in orLeft 
83316      WARN  main            d.u.i.k.p.NodeInfo        No instantiation for #105. Probably branch label not up to date in orLeft 
83316      WARN  main            d.u.i.k.p.NodeInfo        No instantiation for #105. Probably branch label not up to date in orLeft 
83316      WARN  main            d.u.i.k.p.NodeInfo        No instantiation for #106. Probably branch label not up to date in orLeft 
83316      WARN  main            d.u.i.k.p.NodeInfo        No instantiation for #106. Probably branch label not up to date in orLeft 
83316      WARN  main            d.u.i.k.p.NodeInfo        No instantiation for #106. Probably branch label not up to date in orLeft 
83316      WARN  main            d.u.i.k.p.NodeInfo        No instantiation for #107. Probably branch label not up to date in orLeft 
83316      WARN  main            d.u.i.k.p.NodeInfo        No instantiation for #107. Probably branch label not up to date in orLeft 
83316      WARN  main            d.u.i.k.p.NodeInfo        No instantiation for #107. Probably branch label not up to date in orLeft 
83316      WARN  main            d.u.i.k.p.NodeInfo        No instantiation for #106. Probably branch label not up to date in orLeft 
83316      WARN  main            d.u.i.k.p.NodeInfo        No instantiation for #107. Probably branch label not up to date in orLeft 
83317      WARN  main            d.u.i.k.p.NodeInfo        No instantiation for #106. Probably branch label not up to date in orLeft 
83317      WARN  main            d.u.i.k.p.NodeInfo        No instantiation for #79. Probably branch label not up to date in orLeft 
83317      WARN  main            d.u.i.k.p.NodeInfo        No instantiation for #79. Probably branch label not up to date in orLeft 
83317      WARN  main            d.u.i.k.p.NodeInfo        No instantiation for #79. Probably branch label not up to date in orLeft 
83317      WARN  main            d.u.i.k.p.NodeInfo        No instantiation for #79. Probably branch label not up to date in orLeft 
83317      WARN  main            d.u.i.k.p.NodeInfo        No instantiation for #79. Probably branch label not up to date in orLeft 
83317      WARN  main            d.u.i.k.p.NodeInfo        No instantiation for #104. Probably branch label not up to date in orLeft 
83317      WARN  main            d.u.i.k.p.NodeInfo        No instantiation for #104. Probably branch label not up to date in orLeft 
83317      WARN  main            d.u.i.k.p.NodeInfo        No instantiation for #104. Probably branch label not up to date in orLeft 
83317      WARN  main            d.u.i.k.p.NodeInfo        No instantiation for #104. Probably branch label not up to date in orLeft 
83317      WARN  main            d.u.i.k.p.NodeInfo        No instantiation for #105. Probably branch label not up to date in orLeft 
83317      WARN  main            d.u.i.k.p.NodeInfo        No instantiation for #105. Probably branch label not up to date in orLeft 
83317      WARN  main            d.u.i.k.p.NodeInfo        No instantiation for #105. Probably branch label not up to date in orLeft 
83318      WARN  main            d.u.i.k.p.NodeInfo        No instantiation for #105. Probably branch label not up to date in orLeft 
83318      WARN  main            d.u.i.k.p.NodeInfo        No instantiation for #106. Probably branch label not up to date in orLeft 
83318      WARN  main            d.u.i.k.p.NodeInfo        No instantiation for #106. Probably branch label not up to date in orLeft 
83318      WARN  main            d.u.i.k.p.NodeInfo        No instantiation for #106. Probably branch label not up to date in orLeft 
83318      WARN  main            d.u.i.k.p.NodeInfo        No instantiation for #107. Probably branch label not up to date in orLeft 
83318      WARN  main            d.u.i.k.p.NodeInfo        No instantiation for #107. Probably branch label not up to date in orLeft 
83318      WARN  main            d.u.i.k.p.NodeInfo        No instantiation for #107. Probably branch label not up to date in orLeft 
83318      WARN  main            d.u.i.k.p.NodeInfo        No instantiation for #106. Probably branch label not up to date in orLeft 
83318      WARN  main            d.u.i.k.p.NodeInfo        No instantiation for #107. Probably branch label not up to date in orLeft 
83318      WARN  main            d.u.i.k.p.NodeInfo        No instantiation for #106. Probably branch label not up to date in orLeft 
83318      WARN  main            d.u.i.k.p.NodeInfo        No instantiation for #104. Probably branch label not up to date in orLeft 
83318      WARN  main            d.u.i.k.p.NodeInfo        No instantiation for #104. Probably branch label not up to date in orLeft 
83318      WARN  main            d.u.i.k.p.NodeInfo        No instantiation for #104. Probably branch label not up to date in orLeft 
83319      WARN  main            d.u.i.k.p.NodeInfo        No instantiation for #104. Probably branch label not up to date in orLeft 
83319      WARN  main            d.u.i.k.p.NodeInfo        No instantiation for #105. Probably branch label not up to date in orLeft 
83319      WARN  main            d.u.i.k.p.NodeInfo        No instantiation for #105. Probably branch label not up to date in orLeft 
83319      WARN  main            d.u.i.k.p.NodeInfo        No instantiation for #105. Probably branch label not up to date in orLeft 
83319      WARN  main            d.u.i.k.p.NodeInfo        No instantiation for #105. Probably branch label not up to date in orLeft 
83319      WARN  main            d.u.i.k.p.NodeInfo        No instantiation for #106. Probably branch label not up to date in orLeft 
83319      WARN  main            d.u.i.k.p.NodeInfo        No instantiation for #106. Probably branch label not up to date in orLeft 
83319      WARN  main            d.u.i.k.p.NodeInfo        No instantiation for #106. Probably branch label not up to date in orLeft 
83319      WARN  main            d.u.i.k.p.NodeInfo        No instantiation for #107. Probably branch label not up to date in orLeft 
83319      WARN  main            d.u.i.k.p.NodeInfo        No instantiation for #107. Probably branch label not up to date in orLeft 
83319      WARN  main            d.u.i.k.p.NodeInfo        No instantiation for #107. Probably branch label not up to date in orLeft 
83319      WARN  main            d.u.i.k.p.NodeInfo        No instantiation for #106. Probably branch label not up to date in orLeft 
83319      WARN  main            d.u.i.k.p.NodeInfo        No instantiation for #107. Probably branch label not up to date in orLeft 
83320      WARN  main            d.u.i.k.p.NodeInfo        No instantiation for #106. Probably branch label not up to date in orLeft 
83320      WARN  main            d.u.i.k.p.NodeInfo        No instantiation for #104. Probably branch label not up to date in orLeft 
83320      WARN  main            d.u.i.k.p.NodeInfo        No instantiation for #104. Probably branch label not up to date in orLeft 
83320      WARN  main            d.u.i.k.p.NodeInfo        No instantiation for #104. Probably branch label not up to date in orLeft 
83320      WARN  main            d.u.i.k.p.NodeInfo        No instantiation for #104. Probably branch label not up to date in orLeft 
83320      WARN  main            d.u.i.k.p.NodeInfo        No instantiation for #105. Probably branch label not up to date in orLeft 
83320      WARN  main            d.u.i.k.p.NodeInfo        No instantiation for #105. Probably branch label not up to date in orLeft 
83320      WARN  main            d.u.i.k.p.NodeInfo        No instantiation for #105. Probably branch label not up to date in orLeft 
83320      WARN  main            d.u.i.k.p.NodeInfo        No instantiation for #105. Probably branch label not up to date in orLeft 
83320      WARN  main            d.u.i.k.p.NodeInfo        No instantiation for #106. Probably branch label not up to date in orLeft 
83320      WARN  main            d.u.i.k.p.NodeInfo        No instantiation for #106. Probably branch label not up to date in orLeft 
83320      WARN  main            d.u.i.k.p.NodeInfo        No instantiation for #106. Probably branch label not up to date in orLeft 
83321      WARN  main            d.u.i.k.p.NodeInfo        No instantiation for #107. Probably branch label not up to date in orLeft 
83321      WARN  main            d.u.i.k.p.NodeInfo        No instantiation for #107. Probably branch label not up to date in orLeft 
83321      WARN  main            d.u.i.k.p.NodeInfo        No instantiation for #107. Probably branch label not up to date in orLeft 
83321      WARN  main            d.u.i.k.p.NodeInfo        No instantiation for #106. Probably branch label not up to date in orLeft 
83321      WARN  main            d.u.i.k.p.NodeInfo        No instantiation for #107. Probably branch label not up to date in orLeft 
83321      WARN  main            d.u.i.k.p.NodeInfo        No instantiation for #106. Probably branch label not up to date in orLeft 
83354      WARN  main            d.u.i.k.p.NodeInfo        No instantiation for #104. Probably branch label not up to date in orLeft 
83354      WARN  main            d.u.i.k.p.NodeInfo        No instantiation for #104. Probably branch label not up to date in orLeft 
83355      WARN  main            d.u.i.k.p.NodeInfo        No instantiation for #104. Probably branch label not up to date in orLeft 
83355      WARN  main            d.u.i.k.p.NodeInfo        No instantiation for #104. Probably branch label not up to date in orLeft 
83355      WARN  main            d.u.i.k.p.NodeInfo        No instantiation for #105. Probably branch label not up to date in orLeft 
83355      WARN  main            d.u.i.k.p.NodeInfo        No instantiation for #105. Probably branch label not up to date in orLeft 
83355      WARN  main            d.u.i.k.p.NodeInfo        No instantiation for #105. Probably branch label not up to date in orLeft 
83355      WARN  main            d.u.i.k.p.NodeInfo        No instantiation for #105. Probably branch label not up to date in orLeft 
83355      WARN  main            d.u.i.k.p.NodeInfo        No instantiation for #106. Probably branch label not up to date in orLeft 
83355      WARN  main            d.u.i.k.p.NodeInfo        No instantiation for #106. Probably branch label not up to date in orLeft 
83355      WARN  main            d.u.i.k.p.NodeInfo        No instantiation for #106. Probably branch label not up to date in orLeft 
83355      WARN  main            d.u.i.k.p.NodeInfo        No instantiation for #107. Probably branch label not up to date in orLeft 
83355      WARN  main            d.u.i.k.p.NodeInfo        No instantiation for #107. Probably branch label not up to date in orLeft 
83355      WARN  main            d.u.i.k.p.NodeInfo        No instantiation for #107. Probably branch label not up to date in orLeft 
83355      WARN  main            d.u.i.k.p.NodeInfo        No instantiation for #106. Probably branch label not up to date in orLeft 
83356      WARN  main            d.u.i.k.p.NodeInfo        No instantiation for #107. Probably branch label not up to date in orLeft 
83356      WARN  main            d.u.i.k.p.NodeInfo        No instantiation for #106. Probably branch label not up to date in orLeft 
83356      WARN  main            d.u.i.k.p.NodeInfo        No instantiation for #104. Probably branch label not up to date in orLeft 
83356      WARN  main            d.u.i.k.p.NodeInfo        No instantiation for #104. Probably branch label not up to date in orLeft 
83356      WARN  main            d.u.i.k.p.NodeInfo        No instantiation for #104. Probably branch label not up to date in orLeft 
83356      WARN  main            d.u.i.k.p.NodeInfo        No instantiation for #104. Probably branch label not up to date in orLeft 
83356      WARN  main            d.u.i.k.p.NodeInfo        No instantiation for #105. Probably branch label not up to date in orLeft 
83356      WARN  main            d.u.i.k.p.NodeInfo        No instantiation for #105. Probably branch label not up to date in orLeft 
83356      WARN  main            d.u.i.k.p.NodeInfo        No instantiation for #105. Probably branch label not up to date in orLeft 
83356      WARN  main            d.u.i.k.p.NodeInfo        No instantiation for #105. Probably branch label not up to date in orLeft 
83356      WARN  main            d.u.i.k.p.NodeInfo        No instantiation for #106. Probably branch label not up to date in orLeft 
83356      WARN  main            d.u.i.k.p.NodeInfo        No instantiation for #106. Probably branch label not up to date in orLeft 
83356      WARN  main            d.u.i.k.p.NodeInfo        No instantiation for #106. Probably branch label not up to date in orLeft 
83357      WARN  main            d.u.i.k.p.NodeInfo        No instantiation for #107. Probably branch label not up to date in orLeft 
83357      WARN  main            d.u.i.k.p.NodeInfo        No instantiation for #107. Probably branch label not up to date in orLeft 
83357      WARN  main            d.u.i.k.p.NodeInfo        No instantiation for #107. Probably branch label not up to date in orLeft 
83357      WARN  main            d.u.i.k.p.NodeInfo        No instantiation for #106. Probably branch label not up to date in orLeft 
83357      WARN  main            d.u.i.k.p.NodeInfo        No instantiation for #107. Probably branch label not up to date in orLeft 
83357      WARN  main            d.u.i.k.p.NodeInfo        No instantiation for #106. Probably branch label not up to date in orLeft 
83374      WARN  main            d.u.i.k.p.NodeInfo        No instantiation for #104. Probably branch label not up to date in orLeft 
83374      WARN  main            d.u.i.k.p.NodeInfo        No instantiation for #104. Probably branch label not up to date in orLeft 
83374      WARN  main            d.u.i.k.p.NodeInfo        No instantiation for #104. Probably branch label not up to date in orLeft 
83374      WARN  main            d.u.i.k.p.NodeInfo        No instantiation for #104. Probably branch label not up to date in orLeft 
83374      WARN  main            d.u.i.k.p.NodeInfo        No instantiation for #105. Probably branch label not up to date in orLeft 
83374      WARN  main            d.u.i.k.p.NodeInfo        No instantiation for #105. Probably branch label not up to date in orLeft 
83374      WARN  main            d.u.i.k.p.NodeInfo        No instantiation for #105. Probably branch label not up to date in orLeft 
83374      WARN  main            d.u.i.k.p.NodeInfo        No instantiation for #105. Probably branch label not up to date in orLeft 
83374      WARN  main            d.u.i.k.p.NodeInfo        No instantiation for #106. Probably branch label not up to date in orLeft 
83375      WARN  main            d.u.i.k.p.NodeInfo        No instantiation for #106. Probably branch label not up to date in orLeft 
83375      WARN  main            d.u.i.k.p.NodeInfo        No instantiation for #106. Probably branch label not up to date in orLeft 
83375      WARN  main            d.u.i.k.p.NodeInfo        No instantiation for #107. Probably branch label not up to date in orLeft 
83375      WARN  main            d.u.i.k.p.NodeInfo        No instantiation for #107. Probably branch label not up to date in orLeft 
83375      WARN  main            d.u.i.k.p.NodeInfo        No instantiation for #107. Probably branch label not up to date in orLeft 
83375      WARN  main            d.u.i.k.p.NodeInfo        No instantiation for #106. Probably branch label not up to date in orLeft 
83375      WARN  main            d.u.i.k.p.NodeInfo        No instantiation for #107. Probably branch label not up to date in orLeft 
83375      WARN  main            d.u.i.k.p.NodeInfo        No instantiation for #106. Probably branch label not up to date in orLeft 
83375      WARN  main            d.u.i.k.p.NodeInfo        No instantiation for #79. Probably branch label not up to date in orLeft 
83375      WARN  main            d.u.i.k.p.NodeInfo        No instantiation for #79. Probably branch label not up to date in orLeft 
83375      WARN  main            d.u.i.k.p.NodeInfo        No instantiation for #79. Probably branch label not up to date in orLeft 
83375      WARN  main            d.u.i.k.p.NodeInfo        No instantiation for #79. Probably branch label not up to date in orLeft 
83375      WARN  main            d.u.i.k.p.NodeInfo        No instantiation for #79. Probably branch label not up to date in orLeft 
83376      WARN  main            d.u.i.k.p.NodeInfo        No instantiation for #104. Probably branch label not up to date in orLeft 
83376      WARN  main            d.u.i.k.p.NodeInfo        No instantiation for #104. Probably branch label not up to date in orLeft 
83376      WARN  main            d.u.i.k.p.NodeInfo        No instantiation for #104. Probably branch label not up to date in orLeft 
83376      WARN  main            d.u.i.k.p.NodeInfo        No instantiation for #104. Probably branch label not up to date in orLeft 
83376      WARN  main            d.u.i.k.p.NodeInfo        No instantiation for #105. Probably branch label not up to date in orLeft 
83376      WARN  main            d.u.i.k.p.NodeInfo        No instantiation for #105. Probably branch label not up to date in orLeft 
83376      WARN  main            d.u.i.k.p.NodeInfo        No instantiation for #105. Probably branch label not up to date in orLeft 
83376      WARN  main            d.u.i.k.p.NodeInfo        No instantiation for #105. Probably branch label not up to date in orLeft 
83376      WARN  main            d.u.i.k.p.NodeInfo        No instantiation for #106. Probably branch label not up to date in orLeft 
83376      WARN  main            d.u.i.k.p.NodeInfo        No instantiation for #106. Probably branch label not up to date in orLeft 
83376      WARN  main            d.u.i.k.p.NodeInfo        No instantiation for #106. Probably branch label not up to date in orLeft 
83376      WARN  main            d.u.i.k.p.NodeInfo        No instantiation for #107. Probably branch label not up to date in orLeft 
83376      WARN  main            d.u.i.k.p.NodeInfo        No instantiation for #107. Probably branch label not up to date in orLeft 
83377      WARN  main            d.u.i.k.p.NodeInfo        No instantiation for #107. Probably branch label not up to date in orLeft 
83377      WARN  main            d.u.i.k.p.NodeInfo        No instantiation for #106. Probably branch label not up to date in orLeft 
83377      WARN  main            d.u.i.k.p.NodeInfo        No instantiation for #107. Probably branch label not up to date in orLeft 
83377      WARN  main            d.u.i.k.p.NodeInfo        No instantiation for #106. Probably branch label not up to date in orLeft 
83377      WARN  main            d.u.i.k.p.NodeInfo        No instantiation for #79. Probably branch label not up to date in orLeft 
83377      WARN  main            d.u.i.k.p.NodeInfo        No instantiation for #79. Probably branch label not up to date in orLeft 
83377      WARN  main            d.u.i.k.p.NodeInfo        No instantiation for #79. Probably branch label not up to date in orLeft 
83377      WARN  main            d.u.i.k.p.NodeInfo        No instantiation for #79. Probably branch label not up to date in orLeft 
83377      WARN  main            d.u.i.k.p.NodeInfo        No instantiation for #79. Probably branch label not up to date in orLeft 
83377      WARN  main            d.u.i.k.p.NodeInfo        No instantiation for #104. Probably branch label not up to date in orLeft 
83377      WARN  main            d.u.i.k.p.NodeInfo        No instantiation for #104. Probably branch label not up to date in orLeft 
83377      WARN  main            d.u.i.k.p.NodeInfo        No instantiation for #104. Probably branch label not up to date in orLeft 
83378      WARN  main            d.u.i.k.p.NodeInfo        No instantiation for #104. Probably branch label not up to date in orLeft 
83378      WARN  main            d.u.i.k.p.NodeInfo        No instantiation for #105. Probably branch label not up to date in orLeft 
83378      WARN  main            d.u.i.k.p.NodeInfo        No instantiation for #105. Probably branch label not up to date in orLeft 
83378      WARN  main            d.u.i.k.p.NodeInfo        No instantiation for #105. Probably branch label not up to date in orLeft 
83378      WARN  main            d.u.i.k.p.NodeInfo        No instantiation for #105. Probably branch label not up to date in orLeft 
83378      WARN  main            d.u.i.k.p.NodeInfo        No instantiation for #106. Probably branch label not up to date in orLeft 
83378      WARN  main            d.u.i.k.p.NodeInfo        No instantiation for #106. Probably branch label not up to date in orLeft 
83378      WARN  main            d.u.i.k.p.NodeInfo        No instantiation for #106. Probably branch label not up to date in orLeft 
83378      WARN  main            d.u.i.k.p.NodeInfo        No instantiation for #107. Probably branch label not up to date in orLeft 
83378      WARN  main            d.u.i.k.p.NodeInfo        No instantiation for #107. Probably branch label not up to date in orLeft 
83378      WARN  main            d.u.i.k.p.NodeInfo        No instantiation for #107. Probably branch label not up to date in orLeft 
83378      WARN  main            d.u.i.k.p.NodeInfo        No instantiation for #106. Probably branch label not up to date in orLeft 
83378      WARN  main            d.u.i.k.p.NodeInfo        No instantiation for #107. Probably branch label not up to date in orLeft 
83378      WARN  main            d.u.i.k.p.NodeInfo        No instantiation for #106. Probably branch label not up to date in orLeft 
83379      WARN  main            d.u.i.k.p.NodeInfo        No instantiation for #79. Probably branch label not up to date in orLeft 
83379      WARN  main            d.u.i.k.p.NodeInfo        No instantiation for #79. Probably branch label not up to date in orLeft 
83379      WARN  main            d.u.i.k.p.NodeInfo        No instantiation for #79. Probably branch label not up to date in orLeft 
83379      WARN  main            d.u.i.k.p.NodeInfo        No instantiation for #79. Probably branch label not up to date in orLeft 
83379      WARN  main            d.u.i.k.p.NodeInfo        No instantiation for #79. Probably branch label not up to date in orLeft 
83379      WARN  main            d.u.i.k.p.NodeInfo        No instantiation for #104. Probably branch label not up to date in orLeft 
83379      WARN  main            d.u.i.k.p.NodeInfo        No instantiation for #104. Probably branch label not up to date in orLeft 
83379      WARN  main            d.u.i.k.p.NodeInfo        No instantiation for #104. Probably branch label not up to date in orLeft 
83379      WARN  main            d.u.i.k.p.NodeInfo        No instantiation for #104. Probably branch label not up to date in orLeft 
83379      WARN  main            d.u.i.k.p.NodeInfo        No instantiation for #105. Probably branch label not up to date in orLeft 
83379      WARN  main            d.u.i.k.p.NodeInfo        No instantiation for #105. Probably branch label not up to date in orLeft 
83379      WARN  main            d.u.i.k.p.NodeInfo        No instantiation for #105. Probably branch label not up to date in orLeft 
83380      WARN  main            d.u.i.k.p.NodeInfo        No instantiation for #105. Probably branch label not up to date in orLeft 
83380      WARN  main            d.u.i.k.p.NodeInfo        No instantiation for #106. Probably branch label not up to date in orLeft 
83380      WARN  main            d.u.i.k.p.NodeInfo        No instantiation for #106. Probably branch label not up to date in orLeft 
83380      WARN  main            d.u.i.k.p.NodeInfo        No instantiation for #106. Probably branch label not up to date in orLeft 
83380      WARN  main            d.u.i.k.p.NodeInfo        No instantiation for #107. Probably branch label not up to date in orLeft 
83380      WARN  main            d.u.i.k.p.NodeInfo        No instantiation for #107. Probably branch label not up to date in orLeft 
83380      WARN  main            d.u.i.k.p.NodeInfo        No instantiation for #107. Probably branch label not up to date in orLeft 
83380      WARN  main            d.u.i.k.p.NodeInfo        No instantiation for #106. Probably branch label not up to date in orLeft 
83380      WARN  main            d.u.i.k.p.NodeInfo        No instantiation for #107. Probably branch label not up to date in orLeft 
83380      WARN  main            d.u.i.k.p.NodeInfo        No instantiation for #106. Probably branch label not up to date in orLeft 
83380      WARN  main            d.u.i.k.p.NodeInfo        No instantiation for #79. Probably branch label not up to date in orLeft 
83380      WARN  main            d.u.i.k.p.NodeInfo        No instantiation for #79. Probably branch label not up to date in orLeft 
83380      WARN  main            d.u.i.k.p.NodeInfo        No instantiation for #79. Probably branch label not up to date in orLeft 
83381      WARN  main            d.u.i.k.p.NodeInfo        No instantiation for #79. Probably branch label not up to date in orLeft 
83381      WARN  main            d.u.i.k.p.NodeInfo        No instantiation for #79. Probably branch label not up to date in orLeft 
83381      WARN  main            d.u.i.k.p.NodeInfo        No instantiation for #104. Probably branch label not up to date in orLeft 
83381      WARN  main            d.u.i.k.p.NodeInfo        No instantiation for #104. Probably branch label not up to date in orLeft 
83381      WARN  main            d.u.i.k.p.NodeInfo        No instantiation for #104. Probably branch label not up to date in orLeft 
83381      WARN  main            d.u.i.k.p.NodeInfo        No instantiation for #104. Probably branch label not up to date in orLeft 
83381      WARN  main            d.u.i.k.p.NodeInfo        No instantiation for #105. Probably branch label not up to date in orLeft 
83381      WARN  main            d.u.i.k.p.NodeInfo        No instantiation for #105. Probably branch label not up to date in orLeft 
83381      WARN  main            d.u.i.k.p.NodeInfo        No instantiation for #105. Probably branch label not up to date in orLeft 
83381      WARN  main            d.u.i.k.p.NodeInfo        No instantiation for #105. Probably branch label not up to date in orLeft 
83381      WARN  main            d.u.i.k.p.NodeInfo        No instantiation for #106. Probably branch label not up to date in orLeft 
83381      WARN  main            d.u.i.k.p.NodeInfo        No instantiation for #106. Probably branch label not up to date in orLeft 
83381      WARN  main            d.u.i.k.p.NodeInfo        No instantiation for #106. Probably branch label not up to date in orLeft 
83382      WARN  main            d.u.i.k.p.NodeInfo        No instantiation for #107. Probably branch label not up to date in orLeft 
83382      WARN  main            d.u.i.k.p.NodeInfo        No instantiation for #107. Probably branch label not up to date in orLeft 
83382      WARN  main            d.u.i.k.p.NodeInfo        No instantiation for #107. Probably branch label not up to date in orLeft 
83382      WARN  main            d.u.i.k.p.NodeInfo        No instantiation for #106. Probably branch label not up to date in orLeft 
83382      WARN  main            d.u.i.k.p.NodeInfo        No instantiation for #107. Probably branch label not up to date in orLeft 
83382      WARN  main            d.u.i.k.p.NodeInfo        No instantiation for #106. Probably branch label not up to date in orLeft 
83382      WARN  main            d.u.i.k.p.NodeInfo        No instantiation for #79. Probably branch label not up to date in orLeft 
83382      WARN  main            d.u.i.k.p.NodeInfo        No instantiation for #79. Probably branch label not up to date in orLeft 
83382      WARN  main            d.u.i.k.p.NodeInfo        No instantiation for #79. Probably branch label not up to date in orLeft 
83382      WARN  main            d.u.i.k.p.NodeInfo        No instantiation for #79. Probably branch label not up to date in orLeft 
83382      WARN  main            d.u.i.k.p.NodeInfo        No instantiation for #79. Probably branch label not up to date in orLeft 
83382      WARN  main            d.u.i.k.p.NodeInfo        No instantiation for #104. Probably branch label not up to date in orLeft 
83383      WARN  main            d.u.i.k.p.NodeInfo        No instantiation for #104. Probably branch label not up to date in orLeft 
83383      WARN  main            d.u.i.k.p.NodeInfo        No instantiation for #104. Probably branch label not up to date in orLeft 
83383      WARN  main            d.u.i.k.p.NodeInfo        No instantiation for #104. Probably branch label not up to date in orLeft 
83383      WARN  main            d.u.i.k.p.NodeInfo        No instantiation for #105. Probably branch label not up to date in orLeft 
83383      WARN  main            d.u.i.k.p.NodeInfo        No instantiation for #105. Probably branch label not up to date in orLeft 
83383      WARN  main            d.u.i.k.p.NodeInfo        No instantiation for #105. Probably branch label not up to date in orLeft 
83383      WARN  main            d.u.i.k.p.NodeInfo        No instantiation for #105. Probably branch label not up to date in orLeft 
83383      WARN  main            d.u.i.k.p.NodeInfo        No instantiation for #106. Probably branch label not up to date in orLeft 
83383      WARN  main            d.u.i.k.p.NodeInfo        No instantiation for #106. Probably branch label not up to date in orLeft 
83383      WARN  main            d.u.i.k.p.NodeInfo        No instantiation for #106. Probably branch label not up to date in orLeft 
83383      WARN  main            d.u.i.k.p.NodeInfo        No instantiation for #107. Probably branch label not up to date in orLeft 
83383      WARN  main            d.u.i.k.p.NodeInfo        No instantiation for #107. Probably branch label not up to date in orLeft 
83383      WARN  main            d.u.i.k.p.NodeInfo        No instantiation for #107. Probably branch label not up to date in orLeft 
83384      WARN  main            d.u.i.k.p.NodeInfo        No instantiation for #106. Probably branch label not up to date in orLeft 
83384      WARN  main            d.u.i.k.p.NodeInfo        No instantiation for #107. Probably branch label not up to date in orLeft 
83384      WARN  main            d.u.i.k.p.NodeInfo        No instantiation for #106. Probably branch label not up to date in orLeft 
83384      WARN  main            d.u.i.k.p.NodeInfo        No instantiation for #104. Probably branch label not up to date in orLeft 
83384      WARN  main            d.u.i.k.p.NodeInfo        No instantiation for #104. Probably branch label not up to date in orLeft 
83384      WARN  main            d.u.i.k.p.NodeInfo        No instantiation for #104. Probably branch label not up to date in orLeft 
83384      WARN  main            d.u.i.k.p.NodeInfo        No instantiation for #104. Probably branch label not up to date in orLeft 
83384      WARN  main            d.u.i.k.p.NodeInfo        No instantiation for #105. Probably branch label not up to date in orLeft 
83384      WARN  main            d.u.i.k.p.NodeInfo        No instantiation for #105. Probably branch label not up to date in orLeft 
83384      WARN  main            d.u.i.k.p.NodeInfo        No instantiation for #105. Probably branch label not up to date in orLeft 
83384      WARN  main            d.u.i.k.p.NodeInfo        No instantiation for #105. Probably branch label not up to date in orLeft 
83384      WARN  main            d.u.i.k.p.NodeInfo        No instantiation for #106. Probably branch label not up to date in orLeft 
83385      WARN  main            d.u.i.k.p.NodeInfo        No instantiation for #106. Probably branch label not up to date in orLeft 
83385      WARN  main            d.u.i.k.p.NodeInfo        No instantiation for #106. Probably branch label not up to date in orLeft 
83385      WARN  main            d.u.i.k.p.NodeInfo        No instantiation for #107. Probably branch label not up to date in orLeft 
83385      WARN  main            d.u.i.k.p.NodeInfo        No instantiation for #107. Probably branch label not up to date in orLeft 
83385      WARN  main            d.u.i.k.p.NodeInfo        No instantiation for #107. Probably branch label not up to date in orLeft 
83385      WARN  main            d.u.i.k.p.NodeInfo        No instantiation for #106. Probably branch label not up to date in orLeft 
83385      WARN  main            d.u.i.k.p.NodeInfo        No instantiation for #107. Probably branch label not up to date in orLeft 
83385      WARN  main            d.u.i.k.p.NodeInfo        No instantiation for #106. Probably branch label not up to date in orLeft 
83385      WARN  main            d.u.i.k.p.NodeInfo        No instantiation for #79. Probably branch label not up to date in orLeft 
83385      WARN  main            d.u.i.k.p.NodeInfo        No instantiation for #79. Probably branch label not up to date in orLeft 
83385      WARN  main            d.u.i.k.p.NodeInfo        No instantiation for #79. Probably branch label not up to date in orLeft 
83385      WARN  main            d.u.i.k.p.NodeInfo        No instantiation for #79. Probably branch label not up to date in orLeft 
83385      WARN  main            d.u.i.k.p.NodeInfo        No instantiation for #79. Probably branch label not up to date in orLeft 
83386      WARN  main            d.u.i.k.p.NodeInfo        No instantiation for #104. Probably branch label not up to date in orLeft 
83386      WARN  main            d.u.i.k.p.NodeInfo        No instantiation for #104. Probably branch label not up to date in orLeft 
83386      WARN  main            d.u.i.k.p.NodeInfo        No instantiation for #104. Probably branch label not up to date in orLeft 
83386      WARN  main            d.u.i.k.p.NodeInfo        No instantiation for #104. Probably branch label not up to date in orLeft 
83386      WARN  main            d.u.i.k.p.NodeInfo        No instantiation for #105. Probably branch label not up to date in orLeft 
83386      WARN  main            d.u.i.k.p.NodeInfo        No instantiation for #105. Probably branch label not up to date in orLeft 
83386      WARN  main            d.u.i.k.p.NodeInfo        No instantiation for #105. Probably branch label not up to date in orLeft 
83386      WARN  main            d.u.i.k.p.NodeInfo        No instantiation for #105. Probably branch label not up to date in orLeft 
83386      WARN  main            d.u.i.k.p.NodeInfo        No instantiation for #106. Probably branch label not up to date in orLeft 
83386      WARN  main            d.u.i.k.p.NodeInfo        No instantiation for #106. Probably branch label not up to date in orLeft 
83386      WARN  main            d.u.i.k.p.NodeInfo        No instantiation for #106. Probably branch label not up to date in orLeft 
83386      WARN  main            d.u.i.k.p.NodeInfo        No instantiation for #107. Probably branch label not up to date in orLeft 
83387      WARN  main            d.u.i.k.p.NodeInfo        No instantiation for #107. Probably branch label not up to date in orLeft 
83387      WARN  main            d.u.i.k.p.NodeInfo        No instantiation for #107. Probably branch label not up to date in orLeft 
83387      WARN  main            d.u.i.k.p.NodeInfo        No instantiation for #106. Probably branch label not up to date in orLeft 
83387      WARN  main            d.u.i.k.p.NodeInfo        No instantiation for #107. Probably branch label not up to date in orLeft 
83387      WARN  main            d.u.i.k.p.NodeInfo        No instantiation for #106. Probably branch label not up to date in orLeft 
83387      WARN  main            d.u.i.k.p.NodeInfo        No instantiation for #104. Probably branch label not up to date in orLeft 
83387      WARN  main            d.u.i.k.p.NodeInfo        No instantiation for #104. Probably branch label not up to date in orLeft 
83387      WARN  main            d.u.i.k.p.NodeInfo        No instantiation for #104. Probably branch label not up to date in orLeft 
83387      WARN  main            d.u.i.k.p.NodeInfo        No instantiation for #104. Probably branch label not up to date in orLeft 
83387      WARN  main            d.u.i.k.p.NodeInfo        No instantiation for #105. Probably branch label not up to date in orLeft 
83387      WARN  main            d.u.i.k.p.NodeInfo        No instantiation for #105. Probably branch label not up to date in orLeft 
83387      WARN  main            d.u.i.k.p.NodeInfo        No instantiation for #105. Probably branch label not up to date in orLeft 
83387      WARN  main            d.u.i.k.p.NodeInfo        No instantiation for #105. Probably branch label not up to date in orLeft 
83388      WARN  main            d.u.i.k.p.NodeInfo        No instantiation for #106. Probably branch label not up to date in orLeft 
83388      WARN  main            d.u.i.k.p.NodeInfo        No instantiation for #106. Probably branch label not up to date in orLeft 
83388      WARN  main            d.u.i.k.p.NodeInfo        No instantiation for #106. Probably branch label not up to date in orLeft 
83388      WARN  main            d.u.i.k.p.NodeInfo        No instantiation for #107. Probably branch label not up to date in orLeft 
83388      WARN  main            d.u.i.k.p.NodeInfo        No instantiation for #107. Probably branch label not up to date in orLeft 
83388      WARN  main            d.u.i.k.p.NodeInfo        No instantiation for #107. Probably branch label not up to date in orLeft 
83388      WARN  main            d.u.i.k.p.NodeInfo        No instantiation for #106. Probably branch label not up to date in orLeft 
83388      WARN  main            d.u.i.k.p.NodeInfo        No instantiation for #107. Probably branch label not up to date in orLeft 
83388      WARN  main            d.u.i.k.p.NodeInfo        No instantiation for #106. Probably branch label not up to date in orLeft 
83388      WARN  main            d.u.i.k.p.NodeInfo        No instantiation for #79. Probably branch label not up to date in orLeft 
83388      WARN  main            d.u.i.k.p.NodeInfo        No instantiation for #79. Probably branch label not up to date in orLeft 
83388      WARN  main            d.u.i.k.p.NodeInfo        No instantiation for #79. Probably branch label not up to date in orLeft 
83388      WARN  main            d.u.i.k.p.NodeInfo        No instantiation for #79. Probably branch label not up to date in orLeft 
83389      WARN  main            d.u.i.k.p.NodeInfo        No instantiation for #79. Probably branch label not up to date in orLeft 
83389      WARN  main            d.u.i.k.p.NodeInfo        No instantiation for #104. Probably branch label not up to date in orLeft 
83389      WARN  main            d.u.i.k.p.NodeInfo        No instantiation for #104. Probably branch label not up to date in orLeft 
83389      WARN  main            d.u.i.k.p.NodeInfo        No instantiation for #104. Probably branch label not up to date in orLeft 
83389      WARN  main            d.u.i.k.p.NodeInfo        No instantiation for #104. Probably branch label not up to date in orLeft 
83389      WARN  main            d.u.i.k.p.NodeInfo        No instantiation for #105. Probably branch label not up to date in orLeft 
83389      WARN  main            d.u.i.k.p.NodeInfo        No instantiation for #105. Probably branch label not up to date in orLeft 
83389      WARN  main            d.u.i.k.p.NodeInfo        No instantiation for #105. Probably branch label not up to date in orLeft 
83389      WARN  main            d.u.i.k.p.NodeInfo        No instantiation for #105. Probably branch label not up to date in orLeft 
83389      WARN  main            d.u.i.k.p.NodeInfo        No instantiation for #106. Probably branch label not up to date in orLeft 
83389      WARN  main            d.u.i.k.p.NodeInfo        No instantiation for #106. Probably branch label not up to date in orLeft 
83390      WARN  main            d.u.i.k.p.NodeInfo        No instantiation for #106. Probably branch label not up to date in orLeft 
83390      WARN  main            d.u.i.k.p.NodeInfo        No instantiation for #107. Probably branch label not up to date in orLeft 
83390      WARN  main            d.u.i.k.p.NodeInfo        No instantiation for #107. Probably branch label not up to date in orLeft 
83390      WARN  main            d.u.i.k.p.NodeInfo        No instantiation for #107. Probably branch label not up to date in orLeft 
83390      WARN  main            d.u.i.k.p.NodeInfo        No instantiation for #106. Probably branch label not up to date in orLeft 
83390      WARN  main            d.u.i.k.p.NodeInfo        No instantiation for #107. Probably branch label not up to date in orLeft 
83390      WARN  main            d.u.i.k.p.NodeInfo        No instantiation for #106. Probably branch label not up to date in orLeft 
83390      WARN  main            d.u.i.k.p.NodeInfo        No instantiation for #79. Probably branch label not up to date in orLeft 
83390      WARN  main            d.u.i.k.p.NodeInfo        No instantiation for #79. Probably branch label not up to date in orLeft 
83390      WARN  main            d.u.i.k.p.NodeInfo        No instantiation for #79. Probably branch label not up to date in orLeft 
83390      WARN  main            d.u.i.k.p.NodeInfo        No instantiation for #79. Probably branch label not up to date in orLeft 
83390      WARN  main            d.u.i.k.p.NodeInfo        No instantiation for #79. Probably branch label not up to date in orLeft 
83390      WARN  main            d.u.i.k.p.NodeInfo        No instantiation for #104. Probably branch label not up to date in orLeft 
83391      WARN  main            d.u.i.k.p.NodeInfo        No instantiation for #104. Probably branch label not up to date in orLeft 
83391      WARN  main            d.u.i.k.p.NodeInfo        No instantiation for #104. Probably branch label not up to date in orLeft 
83391      WARN  main            d.u.i.k.p.NodeInfo        No instantiation for #104. Probably branch label not up to date in orLeft 
83391      WARN  main            d.u.i.k.p.NodeInfo        No instantiation for #105. Probably branch label not up to date in orLeft 
83391      WARN  main            d.u.i.k.p.NodeInfo        No instantiation for #105. Probably branch label not up to date in orLeft 
83391      WARN  main            d.u.i.k.p.NodeInfo        No instantiation for #105. Probably branch label not up to date in orLeft 
83391      WARN  main            d.u.i.k.p.NodeInfo        No instantiation for #105. Probably branch label not up to date in orLeft 
83391      WARN  main            d.u.i.k.p.NodeInfo        No instantiation for #106. Probably branch label not up to date in orLeft 
83391      WARN  main            d.u.i.k.p.NodeInfo        No instantiation for #106. Probably branch label not up to date in orLeft 
83391      WARN  main            d.u.i.k.p.NodeInfo        No instantiation for #106. Probably branch label not up to date in orLeft 
83395      WARN  main            d.u.i.k.p.NodeInfo        No instantiation for #107. Probably branch label not up to date in orLeft 
83395      WARN  main            d.u.i.k.p.NodeInfo        No instantiation for #107. Probably branch label not up to date in orLeft 
83395      WARN  main            d.u.i.k.p.NodeInfo        No instantiation for #107. Probably branch label not up to date in orLeft 
83395      WARN  main            d.u.i.k.p.NodeInfo        No instantiation for #106. Probably branch label not up to date in orLeft 
83395      WARN  main            d.u.i.k.p.NodeInfo        No instantiation for #107. Probably branch label not up to date in orLeft 
83395      WARN  main            d.u.i.k.p.NodeInfo        No instantiation for #106. Probably branch label not up to date in orLeft 
83395      WARN  main            d.u.i.k.p.NodeInfo        No instantiation for #79. Probably branch label not up to date in orLeft 
83396      WARN  main            d.u.i.k.p.NodeInfo        No instantiation for #79. Probably branch label not up to date in orLeft 
83396      WARN  main            d.u.i.k.p.NodeInfo        No instantiation for #79. Probably branch label not up to date in orLeft 
83396      WARN  main            d.u.i.k.p.NodeInfo        No instantiation for #79. Probably branch label not up to date in orLeft 
83396      WARN  main            d.u.i.k.p.NodeInfo        No instantiation for #79. Probably branch label not up to date in orLeft 
83396      WARN  main            d.u.i.k.p.NodeInfo        No instantiation for #104. Probably branch label not up to date in orLeft 
83396      WARN  main            d.u.i.k.p.NodeInfo        No instantiation for #104. Probably branch label not up to date in orLeft 
83396      WARN  main            d.u.i.k.p.NodeInfo        No instantiation for #104. Probably branch label not up to date in orLeft 
83396      WARN  main            d.u.i.k.p.NodeInfo        No instantiation for #104. Probably branch label not up to date in orLeft 
83396      WARN  main            d.u.i.k.p.NodeInfo        No instantiation for #105. Probably branch label not up to date in orLeft 
83396      WARN  main            d.u.i.k.p.NodeInfo        No instantiation for #105. Probably branch label not up to date in orLeft 
83396      WARN  main            d.u.i.k.p.NodeInfo        No instantiation for #105. Probably branch label not up to date in orLeft 
83396      WARN  main            d.u.i.k.p.NodeInfo        No instantiation for #105. Probably branch label not up to date in orLeft 
83396      WARN  main            d.u.i.k.p.NodeInfo        No instantiation for #106. Probably branch label not up to date in orLeft 
83397      WARN  main            d.u.i.k.p.NodeInfo        No instantiation for #106. Probably branch label not up to date in orLeft 
83397      WARN  main            d.u.i.k.p.NodeInfo        No instantiation for #106. Probably branch label not up to date in orLeft 
83397      WARN  main            d.u.i.k.p.NodeInfo        No instantiation for #107. Probably branch label not up to date in orLeft 
83397      WARN  main            d.u.i.k.p.NodeInfo        No instantiation for #107. Probably branch label not up to date in orLeft 
83397      WARN  main            d.u.i.k.p.NodeInfo        No instantiation for #107. Probably branch label not up to date in orLeft 
83397      WARN  main            d.u.i.k.p.NodeInfo        No instantiation for #106. Probably branch label not up to date in orLeft 
83397      WARN  main            d.u.i.k.p.NodeInfo        No instantiation for #107. Probably branch label not up to date in orLeft 
83397      WARN  main            d.u.i.k.p.NodeInfo        No instantiation for #106. Probably branch label not up to date in orLeft 
83397      WARN  main            d.u.i.k.p.NodeInfo        No instantiation for #104. Probably branch label not up to date in orLeft 
83397      WARN  main            d.u.i.k.p.NodeInfo        No instantiation for #104. Probably branch label not up to date in orLeft 
83397      WARN  main            d.u.i.k.p.NodeInfo        No instantiation for #104. Probably branch label not up to date in orLeft 
83397      WARN  main            d.u.i.k.p.NodeInfo        No instantiation for #104. Probably branch label not up to date in orLeft 
83398      WARN  main            d.u.i.k.p.NodeInfo        No instantiation for #105. Probably branch label not up to date in orLeft 
83398      WARN  main            d.u.i.k.p.NodeInfo        No instantiation for #105. Probably branch label not up to date in orLeft 
83398      WARN  main            d.u.i.k.p.NodeInfo        No instantiation for #105. Probably branch label not up to date in orLeft 
83398      WARN  main            d.u.i.k.p.NodeInfo        No instantiation for #105. Probably branch label not up to date in orLeft 
83398      WARN  main            d.u.i.k.p.NodeInfo        No instantiation for #106. Probably branch label not up to date in orLeft 
83398      WARN  main            d.u.i.k.p.NodeInfo        No instantiation for #106. Probably branch label not up to date in orLeft 
83398      WARN  main            d.u.i.k.p.NodeInfo        No instantiation for #106. Probably branch label not up to date in orLeft 
83398      WARN  main            d.u.i.k.p.NodeInfo        No instantiation for #107. Probably branch label not up to date in orLeft 
83398      WARN  main            d.u.i.k.p.NodeInfo        No instantiation for #107. Probably branch label not up to date in orLeft 
83398      WARN  main            d.u.i.k.p.NodeInfo        No instantiation for #107. Probably branch label not up to date in orLeft 
83398      WARN  main            d.u.i.k.p.NodeInfo        No instantiation for #106. Probably branch label not up to date in orLeft 
83398      WARN  main            d.u.i.k.p.NodeInfo        No instantiation for #107. Probably branch label not up to date in orLeft 
83398      WARN  main            d.u.i.k.p.NodeInfo        No instantiation for #106. Probably branch label not up to date in orLeft 
83399      WARN  main            d.u.i.k.p.NodeInfo        No instantiation for #79. Probably branch label not up to date in orLeft 
83399      WARN  main            d.u.i.k.p.NodeInfo        No instantiation for #79. Probably branch label not up to date in orLeft 
83399      WARN  main            d.u.i.k.p.NodeInfo        No instantiation for #79. Probably branch label not up to date in orLeft 
83399      WARN  main            d.u.i.k.p.NodeInfo        No instantiation for #79. Probably branch label not up to date in orLeft 
83399      WARN  main            d.u.i.k.p.NodeInfo        No instantiation for #79. Probably branch label not up to date in orLeft 
83399      WARN  main            d.u.i.k.p.NodeInfo        No instantiation for #104. Probably branch label not up to date in orLeft 
83399      WARN  main            d.u.i.k.p.NodeInfo        No instantiation for #104. Probably branch label not up to date in orLeft 
83399      WARN  main            d.u.i.k.p.NodeInfo        No instantiation for #104. Probably branch label not up to date in orLeft 
83399      WARN  main            d.u.i.k.p.NodeInfo        No instantiation for #104. Probably branch label not up to date in orLeft 
83399      WARN  main            d.u.i.k.p.NodeInfo        No instantiation for #105. Probably branch label not up to date in orLeft 
83399      WARN  main            d.u.i.k.p.NodeInfo        No instantiation for #105. Probably branch label not up to date in orLeft 
83399      WARN  main            d.u.i.k.p.NodeInfo        No instantiation for #105. Probably branch label not up to date in orLeft 
83399      WARN  main            d.u.i.k.p.NodeInfo        No instantiation for #105. Probably branch label not up to date in orLeft 
83400      WARN  main            d.u.i.k.p.NodeInfo        No instantiation for #106. Probably branch label not up to date in orLeft 
83400      WARN  main            d.u.i.k.p.NodeInfo        No instantiation for #106. Probably branch label not up to date in orLeft 
83400      WARN  main            d.u.i.k.p.NodeInfo        No instantiation for #106. Probably branch label not up to date in orLeft 
83400      WARN  main            d.u.i.k.p.NodeInfo        No instantiation for #107. Probably branch label not up to date in orLeft 
83400      WARN  main            d.u.i.k.p.NodeInfo        No instantiation for #107. Probably branch label not up to date in orLeft 
83400      WARN  main            d.u.i.k.p.NodeInfo        No instantiation for #107. Probably branch label not up to date in orLeft 
83400      WARN  main            d.u.i.k.p.NodeInfo        No instantiation for #106. Probably branch label not up to date in orLeft 
83400      WARN  main            d.u.i.k.p.NodeInfo        No instantiation for #107. Probably branch label not up to date in orLeft 
83400      WARN  main            d.u.i.k.p.NodeInfo        No instantiation for #106. Probably branch label not up to date in orLeft 
83434      WARN  main            d.u.i.k.p.NodeInfo        No instantiation for #104. Probably branch label not up to date in orLeft 
83435      WARN  main            d.u.i.k.p.NodeInfo        No instantiation for #104. Probably branch label not up to date in orLeft 
83435      WARN  main            d.u.i.k.p.NodeInfo        No instantiation for #104. Probably branch label not up to date in orLeft 
83435      WARN  main            d.u.i.k.p.NodeInfo        No instantiation for #104. Probably branch label not up to date in orLeft 
83435      WARN  main            d.u.i.k.p.NodeInfo        No instantiation for #105. Probably branch label not up to date in orLeft 
83435      WARN  main            d.u.i.k.p.NodeInfo        No instantiation for #105. Probably branch label not up to date in orLeft 
83435      WARN  main            d.u.i.k.p.NodeInfo        No instantiation for #105. Probably branch label not up to date in orLeft 
83435      WARN  main            d.u.i.k.p.NodeInfo        No instantiation for #105. Probably branch label not up to date in orLeft 
83435      WARN  main            d.u.i.k.p.NodeInfo        No instantiation for #106. Probably branch label not up to date in orLeft 
83435      WARN  main            d.u.i.k.p.NodeInfo        No instantiation for #106. Probably branch label not up to date in orLeft 
83435      WARN  main            d.u.i.k.p.NodeInfo        No instantiation for #106. Probably branch label not up to date in orLeft 
83436      WARN  main            d.u.i.k.p.NodeInfo        No instantiation for #107. Probably branch label not up to date in orLeft 
83436      WARN  main            d.u.i.k.p.NodeInfo        No instantiation for #107. Probably branch label not up to date in orLeft 
83436      WARN  main            d.u.i.k.p.NodeInfo        No instantiation for #107. Probably branch label not up to date in orLeft 
83436      WARN  main            d.u.i.k.p.NodeInfo        No instantiation for #106. Probably branch label not up to date in orLeft 
83436      WARN  main            d.u.i.k.p.NodeInfo        No instantiation for #107. Probably branch label not up to date in orLeft 
83436      WARN  main            d.u.i.k.p.NodeInfo        No instantiation for #106. Probably branch label not up to date in orLeft 
83436      WARN  main            d.u.i.k.p.NodeInfo        No instantiation for #79. Probably branch label not up to date in orLeft 
83436      WARN  main            d.u.i.k.p.NodeInfo        No instantiation for #79. Probably branch label not up to date in orLeft 
83436      WARN  main            d.u.i.k.p.NodeInfo        No instantiation for #79. Probably branch label not up to date in orLeft 
83436      WARN  main            d.u.i.k.p.NodeInfo        No instantiation for #79. Probably branch label not up to date in orLeft 
83436      WARN  main            d.u.i.k.p.NodeInfo        No instantiation for #79. Probably branch label not up to date in orLeft 
83436      WARN  main            d.u.i.k.p.NodeInfo        No instantiation for #104. Probably branch label not up to date in orLeft 
83437      WARN  main            d.u.i.k.p.NodeInfo        No instantiation for #104. Probably branch label not up to date in orLeft 
83437      WARN  main            d.u.i.k.p.NodeInfo        No instantiation for #104. Probably branch label not up to date in orLeft 
83437      WARN  main            d.u.i.k.p.NodeInfo        No instantiation for #104. Probably branch label not up to date in orLeft 
83437      WARN  main            d.u.i.k.p.NodeInfo        No instantiation for #105. Probably branch label not up to date in orLeft 
83437      WARN  main            d.u.i.k.p.NodeInfo        No instantiation for #105. Probably branch label not up to date in orLeft 
83437      WARN  main            d.u.i.k.p.NodeInfo        No instantiation for #105. Probably branch label not up to date in orLeft 
83437      WARN  main            d.u.i.k.p.NodeInfo        No instantiation for #105. Probably branch label not up to date in orLeft 
83437      WARN  main            d.u.i.k.p.NodeInfo        No instantiation for #106. Probably branch label not up to date in orLeft 
83437      WARN  main            d.u.i.k.p.NodeInfo        No instantiation for #106. Probably branch label not up to date in orLeft 
83437      WARN  main            d.u.i.k.p.NodeInfo        No instantiation for #106. Probably branch label not up to date in orLeft 
83437      WARN  main            d.u.i.k.p.NodeInfo        No instantiation for #107. Probably branch label not up to date in orLeft 
83437      WARN  main            d.u.i.k.p.NodeInfo        No instantiation for #107. Probably branch label not up to date in orLeft 
83437      WARN  main            d.u.i.k.p.NodeInfo        No instantiation for #107. Probably branch label not up to date in orLeft 
83437      WARN  main            d.u.i.k.p.NodeInfo        No instantiation for #106. Probably branch label not up to date in orLeft 
83438      WARN  main            d.u.i.k.p.NodeInfo        No instantiation for #107. Probably branch label not up to date in orLeft 
83438      WARN  main            d.u.i.k.p.NodeInfo        No instantiation for #106. Probably branch label not up to date in orLeft 
83485      WARN  main            d.u.i.k.p.NodeInfo        No instantiation for #104. Probably branch label not up to date in orLeft 
83485      WARN  main            d.u.i.k.p.NodeInfo        No instantiation for #104. Probably branch label not up to date in orLeft 
83485      WARN  main            d.u.i.k.p.NodeInfo        No instantiation for #104. Probably branch label not up to date in orLeft 
83485      WARN  main            d.u.i.k.p.NodeInfo        No instantiation for #104. Probably branch label not up to date in orLeft 
83485      WARN  main            d.u.i.k.p.NodeInfo        No instantiation for #105. Probably branch label not up to date in orLeft 
83486      WARN  main            d.u.i.k.p.NodeInfo        No instantiation for #105. Probably branch label not up to date in orLeft 
83486      WARN  main            d.u.i.k.p.NodeInfo        No instantiation for #105. Probably branch label not up to date in orLeft 
83486      WARN  main            d.u.i.k.p.NodeInfo        No instantiation for #105. Probably branch label not up to date in orLeft 
83486      WARN  main            d.u.i.k.p.NodeInfo        No instantiation for #106. Probably branch label not up to date in orLeft 
83486      WARN  main            d.u.i.k.p.NodeInfo        No instantiation for #106. Probably branch label not up to date in orLeft 
83486      WARN  main            d.u.i.k.p.NodeInfo        No instantiation for #106. Probably branch label not up to date in orLeft 
83486      WARN  main            d.u.i.k.p.NodeInfo        No instantiation for #107. Probably branch label not up to date in orLeft 
83486      WARN  main            d.u.i.k.p.NodeInfo        No instantiation for #107. Probably branch label not up to date in orLeft 
83486      WARN  main            d.u.i.k.p.NodeInfo        No instantiation for #107. Probably branch label not up to date in orLeft 
83486      WARN  main            d.u.i.k.p.NodeInfo        No instantiation for #106. Probably branch label not up to date in orLeft 
83486      WARN  main            d.u.i.k.p.NodeInfo        No instantiation for #107. Probably branch label not up to date in orLeft 
83486      WARN  main            d.u.i.k.p.NodeInfo        No instantiation for #106. Probably branch label not up to date in orLeft 
83487      WARN  main            d.u.i.k.p.NodeInfo        No instantiation for #79. Probably branch label not up to date in orLeft 
83487      WARN  main            d.u.i.k.p.NodeInfo        No instantiation for #79. Probably branch label not up to date in orLeft 
83487      WARN  main            d.u.i.k.p.NodeInfo        No instantiation for #79. Probably branch label not up to date in orLeft 
83487      WARN  main            d.u.i.k.p.NodeInfo        No instantiation for #79. Probably branch label not up to date in orLeft 
83487      WARN  main            d.u.i.k.p.NodeInfo        No instantiation for #79. Probably branch label not up to date in orLeft 
83487      WARN  main            d.u.i.k.p.NodeInfo        No instantiation for #104. Probably branch label not up to date in orLeft 
83487      WARN  main            d.u.i.k.p.NodeInfo        No instantiation for #104. Probably branch label not up to date in orLeft 
83487      WARN  main            d.u.i.k.p.NodeInfo        No instantiation for #104. Probably branch label not up to date in orLeft 
83487      WARN  main            d.u.i.k.p.NodeInfo        No instantiation for #104. Probably branch label not up to date in orLeft 
83487      WARN  main            d.u.i.k.p.NodeInfo        No instantiation for #105. Probably branch label not up to date in orLeft 
83487      WARN  main            d.u.i.k.p.NodeInfo        No instantiation for #105. Probably branch label not up to date in orLeft 
83487      WARN  main            d.u.i.k.p.NodeInfo        No instantiation for #105. Probably branch label not up to date in orLeft 
83487      WARN  main            d.u.i.k.p.NodeInfo        No instantiation for #105. Probably branch label not up to date in orLeft 
83488      WARN  main            d.u.i.k.p.NodeInfo        No instantiation for #106. Probably branch label not up to date in orLeft 
83488      WARN  main            d.u.i.k.p.NodeInfo        No instantiation for #106. Probably branch label not up to date in orLeft 
83488      WARN  main            d.u.i.k.p.NodeInfo        No instantiation for #106. Probably branch label not up to date in orLeft 
83488      WARN  main            d.u.i.k.p.NodeInfo        No instantiation for #107. Probably branch label not up to date in orLeft 
83488      WARN  main            d.u.i.k.p.NodeInfo        No instantiation for #107. Probably branch label not up to date in orLeft 
83488      WARN  main            d.u.i.k.p.NodeInfo        No instantiation for #107. Probably branch label not up to date in orLeft 
83488      WARN  main            d.u.i.k.p.NodeInfo        No instantiation for #106. Probably branch label not up to date in orLeft 
83488      WARN  main            d.u.i.k.p.NodeInfo        No instantiation for #107. Probably branch label not up to date in orLeft 
83488      WARN  main            d.u.i.k.p.NodeInfo        No instantiation for #106. Probably branch label not up to date in orLeft 
83488      WARN  main            d.u.i.k.p.NodeInfo        No instantiation for #79. Probably branch label not up to date in orLeft 
83488      WARN  main            d.u.i.k.p.NodeInfo        No instantiation for #79. Probably branch label not up to date in orLeft 
83488      WARN  main            d.u.i.k.p.NodeInfo        No instantiation for #79. Probably branch label not up to date in orLeft 
83489      WARN  main            d.u.i.k.p.NodeInfo        No instantiation for #79. Probably branch label not up to date in orLeft 
83489      WARN  main            d.u.i.k.p.NodeInfo        No instantiation for #79. Probably branch label not up to date in orLeft 
83489      WARN  main            d.u.i.k.p.NodeInfo        No instantiation for #104. Probably branch label not up to date in orLeft 
83489      WARN  main            d.u.i.k.p.NodeInfo        No instantiation for #104. Probably branch label not up to date in orLeft 
83489      WARN  main            d.u.i.k.p.NodeInfo        No instantiation for #104. Probably branch label not up to date in orLeft 
83489      WARN  main            d.u.i.k.p.NodeInfo        No instantiation for #104. Probably branch label not up to date in orLeft 
83489      WARN  main            d.u.i.k.p.NodeInfo        No instantiation for #105. Probably branch label not up to date in orLeft 
83489      WARN  main            d.u.i.k.p.NodeInfo        No instantiation for #105. Probably branch label not up to date in orLeft 
83489      WARN  main            d.u.i.k.p.NodeInfo        No instantiation for #105. Probably branch label not up to date in orLeft 
83489      WARN  main            d.u.i.k.p.NodeInfo        No instantiation for #105. Probably branch label not up to date in orLeft 
83489      WARN  main            d.u.i.k.p.NodeInfo        No instantiation for #106. Probably branch label not up to date in orLeft 
83489      WARN  main            d.u.i.k.p.NodeInfo        No instantiation for #106. Probably branch label not up to date in orLeft 
83489      WARN  main            d.u.i.k.p.NodeInfo        No instantiation for #106. Probably branch label not up to date in orLeft 
83490      WARN  main            d.u.i.k.p.NodeInfo        No instantiation for #107. Probably branch label not up to date in orLeft 
83490      WARN  main            d.u.i.k.p.NodeInfo        No instantiation for #107. Probably branch label not up to date in orLeft 
83490      WARN  main            d.u.i.k.p.NodeInfo        No instantiation for #107. Probably branch label not up to date in orLeft 
83490      WARN  main            d.u.i.k.p.NodeInfo        No instantiation for #106. Probably branch label not up to date in orLeft 
83490      WARN  main            d.u.i.k.p.NodeInfo        No instantiation for #107. Probably branch label not up to date in orLeft 
83490      WARN  main            d.u.i.k.p.NodeInfo        No instantiation for #106. Probably branch label not up to date in orLeft 
83490      WARN  main            d.u.i.k.p.NodeInfo        No instantiation for #79. Probably branch label not up to date in orLeft 
83490      WARN  main            d.u.i.k.p.NodeInfo        No instantiation for #79. Probably branch label not up to date in orLeft 
83490      WARN  main            d.u.i.k.p.NodeInfo        No instantiation for #79. Probably branch label not up to date in orLeft 
83490      WARN  main            d.u.i.k.p.NodeInfo        No instantiation for #79. Probably branch label not up to date in orLeft 
83490      WARN  main            d.u.i.k.p.NodeInfo        No instantiation for #79. Probably branch label not up to date in orLeft 
83490      WARN  main            d.u.i.k.p.NodeInfo        No instantiation for #104. Probably branch label not up to date in orLeft 
83490      WARN  main            d.u.i.k.p.NodeInfo        No instantiation for #104. Probably branch label not up to date in orLeft 
83491      WARN  main            d.u.i.k.p.NodeInfo        No instantiation for #104. Probably branch label not up to date in orLeft 
83491      WARN  main            d.u.i.k.p.NodeInfo        No instantiation for #104. Probably branch label not up to date in orLeft 
83491      WARN  main            d.u.i.k.p.NodeInfo        No instantiation for #105. Probably branch label not up to date in orLeft 
83491      WARN  main            d.u.i.k.p.NodeInfo        No instantiation for #105. Probably branch label not up to date in orLeft 
83491      WARN  main            d.u.i.k.p.NodeInfo        No instantiation for #105. Probably branch label not up to date in orLeft 
83491      WARN  main            d.u.i.k.p.NodeInfo        No instantiation for #105. Probably branch label not up to date in orLeft 
83491      WARN  main            d.u.i.k.p.NodeInfo        No instantiation for #106. Probably branch label not up to date in orLeft 
83491      WARN  main            d.u.i.k.p.NodeInfo        No instantiation for #106. Probably branch label not up to date in orLeft 
83491      WARN  main            d.u.i.k.p.NodeInfo        No instantiation for #106. Probably branch label not up to date in orLeft 
83491      WARN  main            d.u.i.k.p.NodeInfo        No instantiation for #107. Probably branch label not up to date in orLeft 
83491      WARN  main            d.u.i.k.p.NodeInfo        No instantiation for #107. Probably branch label not up to date in orLeft 
83491      WARN  main            d.u.i.k.p.NodeInfo        No instantiation for #107. Probably branch label not up to date in orLeft 
83492      WARN  main            d.u.i.k.p.NodeInfo        No instantiation for #106. Probably branch label not up to date in orLeft 
83492      WARN  main            d.u.i.k.p.NodeInfo        No instantiation for #107. Probably branch label not up to date in orLeft 
83492      WARN  main            d.u.i.k.p.NodeInfo        No instantiation for #106. Probably branch label not up to date in orLeft 
83492      WARN  main            d.u.i.k.p.NodeInfo        No instantiation for #79. Probably branch label not up to date in orLeft 
83492      WARN  main            d.u.i.k.p.NodeInfo        No instantiation for #79. Probably branch label not up to date in orLeft 
83492      WARN  main            d.u.i.k.p.NodeInfo        No instantiation for #79. Probably branch label not up to date in orLeft 
83492      WARN  main            d.u.i.k.p.NodeInfo        No instantiation for #79. Probably branch label not up to date in orLeft 
83492      WARN  main            d.u.i.k.p.NodeInfo        No instantiation for #79. Probably branch label not up to date in orLeft 
83492      WARN  main            d.u.i.k.p.NodeInfo        No instantiation for #104. Probably branch label not up to date in orLeft 
83492      WARN  main            d.u.i.k.p.NodeInfo        No instantiation for #104. Probably branch label not up to date in orLeft 
83492      WARN  main            d.u.i.k.p.NodeInfo        No instantiation for #104. Probably branch label not up to date in orLeft 
83492      WARN  main            d.u.i.k.p.NodeInfo        No instantiation for #104. Probably branch label not up to date in orLeft 
83492      WARN  main            d.u.i.k.p.NodeInfo        No instantiation for #105. Probably branch label not up to date in orLeft 
83493      WARN  main            d.u.i.k.p.NodeInfo        No instantiation for #105. Probably branch label not up to date in orLeft 
83493      WARN  main            d.u.i.k.p.NodeInfo        No instantiation for #105. Probably branch label not up to date in orLeft 
83493      WARN  main            d.u.i.k.p.NodeInfo        No instantiation for #105. Probably branch label not up to date in orLeft 
83493      WARN  main            d.u.i.k.p.NodeInfo        No instantiation for #106. Probably branch label not up to date in orLeft 
83493      WARN  main            d.u.i.k.p.NodeInfo        No instantiation for #106. Probably branch label not up to date in orLeft 
83493      WARN  main            d.u.i.k.p.NodeInfo        No instantiation for #106. Probably branch label not up to date in orLeft 
83493      WARN  main            d.u.i.k.p.NodeInfo        No instantiation for #107. Probably branch label not up to date in orLeft 
83493      WARN  main            d.u.i.k.p.NodeInfo        No instantiation for #107. Probably branch label not up to date in orLeft 
83493      WARN  main            d.u.i.k.p.NodeInfo        No instantiation for #107. Probably branch label not up to date in orLeft 
83493      WARN  main            d.u.i.k.p.NodeInfo        No instantiation for #106. Probably branch label not up to date in orLeft 
83493      WARN  main            d.u.i.k.p.NodeInfo        No instantiation for #107. Probably branch label not up to date in orLeft 
83493      WARN  main            d.u.i.k.p.NodeInfo        No instantiation for #106. Probably branch label not up to date in orLeft 
83494      WARN  main            d.u.i.k.p.NodeInfo        No instantiation for #79. Probably branch label not up to date in orLeft 
83494      WARN  main            d.u.i.k.p.NodeInfo        No instantiation for #79. Probably branch label not up to date in orLeft 
83494      WARN  main            d.u.i.k.p.NodeInfo        No instantiation for #79. Probably branch label not up to date in orLeft 
83494      WARN  main            d.u.i.k.p.NodeInfo        No instantiation for #79. Probably branch label not up to date in orLeft 
83494      WARN  main            d.u.i.k.p.NodeInfo        No instantiation for #79. Probably branch label not up to date in orLeft 
83494      WARN  main            d.u.i.k.p.NodeInfo        No instantiation for #104. Probably branch label not up to date in orLeft 
83494      WARN  main            d.u.i.k.p.NodeInfo        No instantiation for #104. Probably branch label not up to date in orLeft 
83494      WARN  main            d.u.i.k.p.NodeInfo        No instantiation for #104. Probably branch label not up to date in orLeft 
83494      WARN  main            d.u.i.k.p.NodeInfo        No instantiation for #104. Probably branch label not up to date in orLeft 
83494      WARN  main            d.u.i.k.p.NodeInfo        No instantiation for #105. Probably branch label not up to date in orLeft 
83494      WARN  main            d.u.i.k.p.NodeInfo        No instantiation for #105. Probably branch label not up to date in orLeft 
83494      WARN  main            d.u.i.k.p.NodeInfo        No instantiation for #105. Probably branch label not up to date in orLeft 
83494      WARN  main            d.u.i.k.p.NodeInfo        No instantiation for #105. Probably branch label not up to date in orLeft 
83495      WARN  main            d.u.i.k.p.NodeInfo        No instantiation for #106. Probably branch label not up to date in orLeft 
83495      WARN  main            d.u.i.k.p.NodeInfo        No instantiation for #106. Probably branch label not up to date in orLeft 
83495      WARN  main            d.u.i.k.p.NodeInfo        No instantiation for #106. Probably branch label not up to date in orLeft 
83495      WARN  main            d.u.i.k.p.NodeInfo        No instantiation for #107. Probably branch label not up to date in orLeft 
83495      WARN  main            d.u.i.k.p.NodeInfo        No instantiation for #107. Probably branch label not up to date in orLeft 
83495      WARN  main            d.u.i.k.p.NodeInfo        No instantiation for #107. Probably branch label not up to date in orLeft 
83495      WARN  main            d.u.i.k.p.NodeInfo        No instantiation for #106. Probably branch label not up to date in orLeft 
83495      WARN  main            d.u.i.k.p.NodeInfo        No instantiation for #107. Probably branch label not up to date in orLeft 
83495      WARN  main            d.u.i.k.p.NodeInfo        No instantiation for #106. Probably branch label not up to date in orLeft 
83495      WARN  main            d.u.i.k.p.NodeInfo        No instantiation for #104. Probably branch label not up to date in orLeft 
83495      WARN  main            d.u.i.k.p.NodeInfo        No instantiation for #104. Probably branch label not up to date in orLeft 
83495      WARN  main            d.u.i.k.p.NodeInfo        No instantiation for #104. Probably branch label not up to date in orLeft 
83495      WARN  main            d.u.i.k.p.NodeInfo        No instantiation for #104. Probably branch label not up to date in orLeft 
83496      WARN  main            d.u.i.k.p.NodeInfo        No instantiation for #105. Probably branch label not up to date in orLeft 
83496      WARN  main            d.u.i.k.p.NodeInfo        No instantiation for #105. Probably branch label not up to date in orLeft 
83496      WARN  main            d.u.i.k.p.NodeInfo        No instantiation for #105. Probably branch label not up to date in orLeft 
83496      WARN  main            d.u.i.k.p.NodeInfo        No instantiation for #105. Probably branch label not up to date in orLeft 
83496      WARN  main            d.u.i.k.p.NodeInfo        No instantiation for #106. Probably branch label not up to date in orLeft 
83496      WARN  main            d.u.i.k.p.NodeInfo        No instantiation for #106. Probably branch label not up to date in orLeft 
83496      WARN  main            d.u.i.k.p.NodeInfo        No instantiation for #106. Probably branch label not up to date in orLeft 
83496      WARN  main            d.u.i.k.p.NodeInfo        No instantiation for #107. Probably branch label not up to date in orLeft 
83496      WARN  main            d.u.i.k.p.NodeInfo        No instantiation for #107. Probably branch label not up to date in orLeft 
83496      WARN  main            d.u.i.k.p.NodeInfo        No instantiation for #107. Probably branch label not up to date in orLeft 
83496      WARN  main            d.u.i.k.p.NodeInfo        No instantiation for #106. Probably branch label not up to date in orLeft 
83496      WARN  main            d.u.i.k.p.NodeInfo        No instantiation for #107. Probably branch label not up to date in orLeft 
83497      WARN  main            d.u.i.k.p.NodeInfo        No instantiation for #106. Probably branch label not up to date in orLeft 
83497      WARN  main            d.u.i.k.p.NodeInfo        No instantiation for #79. Probably branch label not up to date in orLeft 
83497      WARN  main            d.u.i.k.p.NodeInfo        No instantiation for #79. Probably branch label not up to date in orLeft 
83497      WARN  main            d.u.i.k.p.NodeInfo        No instantiation for #79. Probably branch label not up to date in orLeft 
83497      WARN  main            d.u.i.k.p.NodeInfo        No instantiation for #79. Probably branch label not up to date in orLeft 
83497      WARN  main            d.u.i.k.p.NodeInfo        No instantiation for #79. Probably branch label not up to date in orLeft 
83497      WARN  main            d.u.i.k.p.NodeInfo        No instantiation for #104. Probably branch label not up to date in orLeft 
83497      WARN  main            d.u.i.k.p.NodeInfo        No instantiation for #104. Probably branch label not up to date in orLeft 
83497      WARN  main            d.u.i.k.p.NodeInfo        No instantiation for #104. Probably branch label not up to date in orLeft 
83497      WARN  main            d.u.i.k.p.NodeInfo        No instantiation for #104. Probably branch label not up to date in orLeft 
83497      WARN  main            d.u.i.k.p.NodeInfo        No instantiation for #105. Probably branch label not up to date in orLeft 
83497      WARN  main            d.u.i.k.p.NodeInfo        No instantiation for #105. Probably branch label not up to date in orLeft 
83498      WARN  main            d.u.i.k.p.NodeInfo        No instantiation for #105. Probably branch label not up to date in orLeft 
83498      WARN  main            d.u.i.k.p.NodeInfo        No instantiation for #105. Probably branch label not up to date in orLeft 
83498      WARN  main            d.u.i.k.p.NodeInfo        No instantiation for #106. Probably branch label not up to date in orLeft 
83498      WARN  main            d.u.i.k.p.NodeInfo        No instantiation for #106. Probably branch label not up to date in orLeft 
83498      WARN  main            d.u.i.k.p.NodeInfo        No instantiation for #106. Probably branch label not up to date in orLeft 
83498      WARN  main            d.u.i.k.p.NodeInfo        No instantiation for #107. Probably branch label not up to date in orLeft 
83498      WARN  main            d.u.i.k.p.NodeInfo        No instantiation for #107. Probably branch label not up to date in orLeft 
83498      WARN  main            d.u.i.k.p.NodeInfo        No instantiation for #107. Probably branch label not up to date in orLeft 
83498      WARN  main            d.u.i.k.p.NodeInfo        No instantiation for #106. Probably branch label not up to date in orLeft 
83498      WARN  main            d.u.i.k.p.NodeInfo        No instantiation for #107. Probably branch label not up to date in orLeft 
83498      WARN  main            d.u.i.k.p.NodeInfo        No instantiation for #106. Probably branch label not up to date in orLeft 
83498      WARN  main            d.u.i.k.p.NodeInfo        No instantiation for #104. Probably branch label not up to date in orLeft 
83499      WARN  main            d.u.i.k.p.NodeInfo        No instantiation for #104. Probably branch label not up to date in orLeft 
83499      WARN  main            d.u.i.k.p.NodeInfo        No instantiation for #104. Probably branch label not up to date in orLeft 
83499      WARN  main            d.u.i.k.p.NodeInfo        No instantiation for #104. Probably branch label not up to date in orLeft 
83499      WARN  main            d.u.i.k.p.NodeInfo        No instantiation for #105. Probably branch label not up to date in orLeft 
83499      WARN  main            d.u.i.k.p.NodeInfo        No instantiation for #105. Probably branch label not up to date in orLeft 
83499      WARN  main            d.u.i.k.p.NodeInfo        No instantiation for #105. Probably branch label not up to date in orLeft 
83499      WARN  main            d.u.i.k.p.NodeInfo        No instantiation for #105. Probably branch label not up to date in orLeft 
83499      WARN  main            d.u.i.k.p.NodeInfo        No instantiation for #106. Probably branch label not up to date in orLeft 
83499      WARN  main            d.u.i.k.p.NodeInfo        No instantiation for #106. Probably branch label not up to date in orLeft 
83499      WARN  main            d.u.i.k.p.NodeInfo        No instantiation for #106. Probably branch label not up to date in orLeft 
83499      WARN  main            d.u.i.k.p.NodeInfo        No instantiation for #107. Probably branch label not up to date in orLeft 
83499      WARN  main            d.u.i.k.p.NodeInfo        No instantiation for #107. Probably branch label not up to date in orLeft 
83499      WARN  main            d.u.i.k.p.NodeInfo        No instantiation for #107. Probably branch label not up to date in orLeft 
83499      WARN  main            d.u.i.k.p.NodeInfo        No instantiation for #106. Probably branch label not up to date in orLeft 
83500      WARN  main            d.u.i.k.p.NodeInfo        No instantiation for #107. Probably branch label not up to date in orLeft 
83500      WARN  main            d.u.i.k.p.NodeInfo        No instantiation for #106. Probably branch label not up to date in orLeft 
83500      WARN  main            d.u.i.k.p.NodeInfo        No instantiation for #79. Probably branch label not up to date in orLeft 
83500      WARN  main            d.u.i.k.p.NodeInfo        No instantiation for #79. Probably branch label not up to date in orLeft 
83500      WARN  main            d.u.i.k.p.NodeInfo        No instantiation for #79. Probably branch label not up to date in orLeft 
83500      WARN  main            d.u.i.k.p.NodeInfo        No instantiation for #79. Probably branch label not up to date in orLeft 
83500      WARN  main            d.u.i.k.p.NodeInfo        No instantiation for #79. Probably branch label not up to date in orLeft 
83500      WARN  main            d.u.i.k.p.NodeInfo        No instantiation for #104. Probably branch label not up to date in orLeft 
83501      WARN  main            d.u.i.k.p.NodeInfo        No instantiation for #104. Probably branch label not up to date in orLeft 
83501      WARN  main            d.u.i.k.p.NodeInfo        No instantiation for #104. Probably branch label not up to date in orLeft 
83501      WARN  main            d.u.i.k.p.NodeInfo        No instantiation for #104. Probably branch label not up to date in orLeft 
83501      WARN  main            d.u.i.k.p.NodeInfo        No instantiation for #105. Probably branch label not up to date in orLeft 
83501      WARN  main            d.u.i.k.p.NodeInfo        No instantiation for #105. Probably branch label not up to date in orLeft 
83501      WARN  main            d.u.i.k.p.NodeInfo        No instantiation for #105. Probably branch label not up to date in orLeft 
83501      WARN  main            d.u.i.k.p.NodeInfo        No instantiation for #105. Probably branch label not up to date in orLeft 
83501      WARN  main            d.u.i.k.p.NodeInfo        No instantiation for #106. Probably branch label not up to date in orLeft 
83501      WARN  main            d.u.i.k.p.NodeInfo        No instantiation for #106. Probably branch label not up to date in orLeft 
83501      WARN  main            d.u.i.k.p.NodeInfo        No instantiation for #106. Probably branch label not up to date in orLeft 
83501      WARN  main            d.u.i.k.p.NodeInfo        No instantiation for #107. Probably branch label not up to date in orLeft 
83501      WARN  main            d.u.i.k.p.NodeInfo        No instantiation for #107. Probably branch label not up to date in orLeft 
83501      WARN  main            d.u.i.k.p.NodeInfo        No instantiation for #107. Probably branch label not up to date in orLeft 
83502      WARN  main            d.u.i.k.p.NodeInfo        No instantiation for #106. Probably branch label not up to date in orLeft 
83502      WARN  main            d.u.i.k.p.NodeInfo        No instantiation for #107. Probably branch label not up to date in orLeft 
83502      WARN  main            d.u.i.k.p.NodeInfo        No instantiation for #106. Probably branch label not up to date in orLeft 
83502      WARN  main            d.u.i.k.p.NodeInfo        No instantiation for #79. Probably branch label not up to date in orLeft 
83502      WARN  main            d.u.i.k.p.NodeInfo        No instantiation for #79. Probably branch label not up to date in orLeft 
83502      WARN  main            d.u.i.k.p.NodeInfo        No instantiation for #79. Probably branch label not up to date in orLeft 
83502      WARN  main            d.u.i.k.p.NodeInfo        No instantiation for #79. Probably branch label not up to date in orLeft 
83502      WARN  main            d.u.i.k.p.NodeInfo        No instantiation for #79. Probably branch label not up to date in orLeft 
83502      WARN  main            d.u.i.k.p.NodeInfo        No instantiation for #104. Probably branch label not up to date in orLeft 
83502      WARN  main            d.u.i.k.p.NodeInfo        No instantiation for #104. Probably branch label not up to date in orLeft 
83502      WARN  main            d.u.i.k.p.NodeInfo        No instantiation for #104. Probably branch label not up to date in orLeft 
83503      WARN  main            d.u.i.k.p.NodeInfo        No instantiation for #104. Probably branch label not up to date in orLeft 
83503      WARN  main            d.u.i.k.p.NodeInfo        No instantiation for #105. Probably branch label not up to date in orLeft 
83503      WARN  main            d.u.i.k.p.NodeInfo        No instantiation for #105. Probably branch label not up to date in orLeft 
83503      WARN  main            d.u.i.k.p.NodeInfo        No instantiation for #105. Probably branch label not up to date in orLeft 
83503      WARN  main            d.u.i.k.p.NodeInfo        No instantiation for #105. Probably branch label not up to date in orLeft 
83503      WARN  main            d.u.i.k.p.NodeInfo        No instantiation for #106. Probably branch label not up to date in orLeft 
83503      WARN  main            d.u.i.k.p.NodeInfo        No instantiation for #106. Probably branch label not up to date in orLeft 
83503      WARN  main            d.u.i.k.p.NodeInfo        No instantiation for #106. Probably branch label not up to date in orLeft 
83503      WARN  main            d.u.i.k.p.NodeInfo        No instantiation for #107. Probably branch label not up to date in orLeft 
83503      WARN  main            d.u.i.k.p.NodeInfo        No instantiation for #107. Probably branch label not up to date in orLeft 
83503      WARN  main            d.u.i.k.p.NodeInfo        No instantiation for #107. Probably branch label not up to date in orLeft 
83503      WARN  main            d.u.i.k.p.NodeInfo        No instantiation for #106. Probably branch label not up to date in orLeft 
83503      WARN  main            d.u.i.k.p.NodeInfo        No instantiation for #107. Probably branch label not up to date in orLeft 
83504      WARN  main            d.u.i.k.p.NodeInfo        No instantiation for #106. Probably branch label not up to date in orLeft 
83504      WARN  main            d.u.i.k.p.NodeInfo        No instantiation for #79. Probably branch label not up to date in orLeft 
83504      WARN  main            d.u.i.k.p.NodeInfo        No instantiation for #79. Probably branch label not up to date in orLeft 
83504      WARN  main            d.u.i.k.p.NodeInfo        No instantiation for #79. Probably branch label not up to date in orLeft 
83504      WARN  main            d.u.i.k.p.NodeInfo        No instantiation for #79. Probably branch label not up to date in orLeft 
83504      WARN  main            d.u.i.k.p.NodeInfo        No instantiation for #79. Probably branch label not up to date in orLeft 
83504      WARN  main            d.u.i.k.p.NodeInfo        No instantiation for #104. Probably branch label not up to date in orLeft 
83504      WARN  main            d.u.i.k.p.NodeInfo        No instantiation for #104. Probably branch label not up to date in orLeft 
83504      WARN  main            d.u.i.k.p.NodeInfo        No instantiation for #104. Probably branch label not up to date in orLeft 
83504      WARN  main            d.u.i.k.p.NodeInfo        No instantiation for #104. Probably branch label not up to date in orLeft 
83504      WARN  main            d.u.i.k.p.NodeInfo        No instantiation for #105. Probably branch label not up to date in orLeft 
83504      WARN  main            d.u.i.k.p.NodeInfo        No instantiation for #105. Probably branch label not up to date in orLeft 
83505      WARN  main            d.u.i.k.p.NodeInfo        No instantiation for #105. Probably branch label not up to date in orLeft 
83505      WARN  main            d.u.i.k.p.NodeInfo        No instantiation for #105. Probably branch label not up to date in orLeft 
83505      WARN  main            d.u.i.k.p.NodeInfo        No instantiation for #106. Probably branch label not up to date in orLeft 
83505      WARN  main            d.u.i.k.p.NodeInfo        No instantiation for #106. Probably branch label not up to date in orLeft 
83505      WARN  main            d.u.i.k.p.NodeInfo        No instantiation for #106. Probably branch label not up to date in orLeft 
83505      WARN  main            d.u.i.k.p.NodeInfo        No instantiation for #107. Probably branch label not up to date in orLeft 
83505      WARN  main            d.u.i.k.p.NodeInfo        No instantiation for #107. Probably branch label not up to date in orLeft 
83505      WARN  main            d.u.i.k.p.NodeInfo        No instantiation for #107. Probably branch label not up to date in orLeft 
83505      WARN  main            d.u.i.k.p.NodeInfo        No instantiation for #106. Probably branch label not up to date in orLeft 
83505      WARN  main            d.u.i.k.p.NodeInfo        No instantiation for #107. Probably branch label not up to date in orLeft 
83505      WARN  main            d.u.i.k.p.NodeInfo        No instantiation for #106. Probably branch label not up to date in orLeft 
83547      WARN  main            d.u.i.k.p.NodeInfo        No instantiation for #104. Probably branch label not up to date in orLeft 
83547      WARN  main            d.u.i.k.p.NodeInfo        No instantiation for #104. Probably branch label not up to date in orLeft 
83547      WARN  main            d.u.i.k.p.NodeInfo        No instantiation for #104. Probably branch label not up to date in orLeft 
83548      WARN  main            d.u.i.k.p.NodeInfo        No instantiation for #104. Probably branch label not up to date in orLeft 
83548      WARN  main            d.u.i.k.p.NodeInfo        No instantiation for #105. Probably branch label not up to date in orLeft 
83548      WARN  main            d.u.i.k.p.NodeInfo        No instantiation for #105. Probably branch label not up to date in orLeft 
83548      WARN  main            d.u.i.k.p.NodeInfo        No instantiation for #105. Probably branch label not up to date in orLeft 
83548      WARN  main            d.u.i.k.p.NodeInfo        No instantiation for #105. Probably branch label not up to date in orLeft 
83548      WARN  main            d.u.i.k.p.NodeInfo        No instantiation for #106. Probably branch label not up to date in orLeft 
83548      WARN  main            d.u.i.k.p.NodeInfo        No instantiation for #106. Probably branch label not up to date in orLeft 
83548      WARN  main            d.u.i.k.p.NodeInfo        No instantiation for #106. Probably branch label not up to date in orLeft 
83548      WARN  main            d.u.i.k.p.NodeInfo        No instantiation for #107. Probably branch label not up to date in orLeft 
83548      WARN  main            d.u.i.k.p.NodeInfo        No instantiation for #107. Probably branch label not up to date in orLeft 
83548      WARN  main            d.u.i.k.p.NodeInfo        No instantiation for #107. Probably branch label not up to date in orLeft 
83548      WARN  main            d.u.i.k.p.NodeInfo        No instantiation for #106. Probably branch label not up to date in orLeft 
83548      WARN  main            d.u.i.k.p.NodeInfo        No instantiation for #107. Probably branch label not up to date in orLeft 
83549      WARN  main            d.u.i.k.p.NodeInfo        No instantiation for #106. Probably branch label not up to date in orLeft 
83549      WARN  main            d.u.i.k.p.NodeInfo        No instantiation for #79. Probably branch label not up to date in orLeft 
83549      WARN  main            d.u.i.k.p.NodeInfo        No instantiation for #79. Probably branch label not up to date in orLeft 
83549      WARN  main            d.u.i.k.p.NodeInfo        No instantiation for #79. Probably branch label not up to date in orLeft 
83549      WARN  main            d.u.i.k.p.NodeInfo        No instantiation for #79. Probably branch label not up to date in orLeft 
83549      WARN  main            d.u.i.k.p.NodeInfo        No instantiation for #79. Probably branch label not up to date in orLeft 
83549      WARN  main            d.u.i.k.p.NodeInfo        No instantiation for #104. Probably branch label not up to date in orLeft 
83549      WARN  main            d.u.i.k.p.NodeInfo        No instantiation for #104. Probably branch label not up to date in orLeft 
83549      WARN  main            d.u.i.k.p.NodeInfo        No instantiation for #104. Probably branch label not up to date in orLeft 
83549      WARN  main            d.u.i.k.p.NodeInfo        No instantiation for #104. Probably branch label not up to date in orLeft 
83549      WARN  main            d.u.i.k.p.NodeInfo        No instantiation for #105. Probably branch label not up to date in orLeft 
83549      WARN  main            d.u.i.k.p.NodeInfo        No instantiation for #105. Probably branch label not up to date in orLeft 
83550      WARN  main            d.u.i.k.p.NodeInfo        No instantiation for #105. Probably branch label not up to date in orLeft 
83550      WARN  main            d.u.i.k.p.NodeInfo        No instantiation for #105. Probably branch label not up to date in orLeft 
83550      WARN  main            d.u.i.k.p.NodeInfo        No instantiation for #106. Probably branch label not up to date in orLeft 
83550      WARN  main            d.u.i.k.p.NodeInfo        No instantiation for #106. Probably branch label not up to date in orLeft 
83550      WARN  main            d.u.i.k.p.NodeInfo        No instantiation for #106. Probably branch label not up to date in orLeft 
83550      WARN  main            d.u.i.k.p.NodeInfo        No instantiation for #107. Probably branch label not up to date in orLeft 
83550      WARN  main            d.u.i.k.p.NodeInfo        No instantiation for #107. Probably branch label not up to date in orLeft 
83550      WARN  main            d.u.i.k.p.NodeInfo        No instantiation for #107. Probably branch label not up to date in orLeft 
83550      WARN  main            d.u.i.k.p.NodeInfo        No instantiation for #106. Probably branch label not up to date in orLeft 
83550      WARN  main            d.u.i.k.p.NodeInfo        No instantiation for #107. Probably branch label not up to date in orLeft 
83550      WARN  main            d.u.i.k.p.NodeInfo        No instantiation for #106. Probably branch label not up to date in orLeft 
83560      WARN  main            d.u.i.k.p.NodeInfo        No instantiation for #104. Probably branch label not up to date in orLeft 
83561      WARN  main            d.u.i.k.p.NodeInfo        No instantiation for #104. Probably branch label not up to date in orLeft 
83561      WARN  main            d.u.i.k.p.NodeInfo        No instantiation for #104. Probably branch label not up to date in orLeft 
83561      WARN  main            d.u.i.k.p.NodeInfo        No instantiation for #104. Probably branch label not up to date in orLeft 
83561      WARN  main            d.u.i.k.p.NodeInfo        No instantiation for #105. Probably branch label not up to date in orLeft 
83561      WARN  main            d.u.i.k.p.NodeInfo        No instantiation for #105. Probably branch label not up to date in orLeft 
83561      WARN  main            d.u.i.k.p.NodeInfo        No instantiation for #105. Probably branch label not up to date in orLeft 
83561      WARN  main            d.u.i.k.p.NodeInfo        No instantiation for #105. Probably branch label not up to date in orLeft 
83561      WARN  main            d.u.i.k.p.NodeInfo        No instantiation for #106. Probably branch label not up to date in orLeft 
83561      WARN  main            d.u.i.k.p.NodeInfo        No instantiation for #106. Probably branch label not up to date in orLeft 
83561      WARN  main            d.u.i.k.p.NodeInfo        No instantiation for #106. Probably branch label not up to date in orLeft 
83561      WARN  main            d.u.i.k.p.NodeInfo        No instantiation for #107. Probably branch label not up to date in orLeft 
83561      WARN  main            d.u.i.k.p.NodeInfo        No instantiation for #107. Probably branch label not up to date in orLeft 
83562      WARN  main            d.u.i.k.p.NodeInfo        No instantiation for #107. Probably branch label not up to date in orLeft 
83562      WARN  main            d.u.i.k.p.NodeInfo        No instantiation for #106. Probably branch label not up to date in orLeft 
83562      WARN  main            d.u.i.k.p.NodeInfo        No instantiation for #107. Probably branch label not up to date in orLeft 
83562      WARN  main            d.u.i.k.p.NodeInfo        No instantiation for #106. Probably branch label not up to date in orLeft 
83562      WARN  main            d.u.i.k.p.NodeInfo        No instantiation for #79. Probably branch label not up to date in orLeft 
83562      WARN  main            d.u.i.k.p.NodeInfo        No instantiation for #79. Probably branch label not up to date in orLeft 
83562      WARN  main            d.u.i.k.p.NodeInfo        No instantiation for #79. Probably branch label not up to date in orLeft 
83562      WARN  main            d.u.i.k.p.NodeInfo        No instantiation for #79. Probably branch label not up to date in orLeft 
83562      WARN  main            d.u.i.k.p.NodeInfo        No instantiation for #79. Probably branch label not up to date in orLeft 
83562      WARN  main            d.u.i.k.p.NodeInfo        No instantiation for #104. Probably branch label not up to date in orLeft 
83562      WARN  main            d.u.i.k.p.NodeInfo        No instantiation for #104. Probably branch label not up to date in orLeft 
83562      WARN  main            d.u.i.k.p.NodeInfo        No instantiation for #104. Probably branch label not up to date in orLeft 
83563      WARN  main            d.u.i.k.p.NodeInfo        No instantiation for #104. Probably branch label not up to date in orLeft 
83563      WARN  main            d.u.i.k.p.NodeInfo        No instantiation for #105. Probably branch label not up to date in orLeft 
83563      WARN  main            d.u.i.k.p.NodeInfo        No instantiation for #105. Probably branch label not up to date in orLeft 
83563      WARN  main            d.u.i.k.p.NodeInfo        No instantiation for #105. Probably branch label not up to date in orLeft 
83563      WARN  main            d.u.i.k.p.NodeInfo        No instantiation for #105. Probably branch label not up to date in orLeft 
83563      WARN  main            d.u.i.k.p.NodeInfo        No instantiation for #106. Probably branch label not up to date in orLeft 
83563      WARN  main            d.u.i.k.p.NodeInfo        No instantiation for #106. Probably branch label not up to date in orLeft 
83563      WARN  main            d.u.i.k.p.NodeInfo        No instantiation for #106. Probably branch label not up to date in orLeft 
83563      WARN  main            d.u.i.k.p.NodeInfo        No instantiation for #107. Probably branch label not up to date in orLeft 
83563      WARN  main            d.u.i.k.p.NodeInfo        No instantiation for #107. Probably branch label not up to date in orLeft 
83563      WARN  main            d.u.i.k.p.NodeInfo        No instantiation for #107. Probably branch label not up to date in orLeft 
83563      WARN  main            d.u.i.k.p.NodeInfo        No instantiation for #106. Probably branch label not up to date in orLeft 
83563      WARN  main            d.u.i.k.p.NodeInfo        No instantiation for #107. Probably branch label not up to date in orLeft 
83564      WARN  main            d.u.i.k.p.NodeInfo        No instantiation for #106. Probably branch label not up to date in orLeft 
83564      WARN  main            d.u.i.k.p.NodeInfo        No instantiation for #79. Probably branch label not up to date in orLeft 
83564      WARN  main            d.u.i.k.p.NodeInfo        No instantiation for #79. Probably branch label not up to date in orLeft 
83564      WARN  main            d.u.i.k.p.NodeInfo        No instantiation for #79. Probably branch label not up to date in orLeft 
83564      WARN  main            d.u.i.k.p.NodeInfo        No instantiation for #79. Probably branch label not up to date in orLeft 
83564      WARN  main            d.u.i.k.p.NodeInfo        No instantiation for #79. Probably branch label not up to date in orLeft 
83564      WARN  main            d.u.i.k.p.NodeInfo        No instantiation for #104. Probably branch label not up to date in orLeft 
83564      WARN  main            d.u.i.k.p.NodeInfo        No instantiation for #104. Probably branch label not up to date in orLeft 
83564      WARN  main            d.u.i.k.p.NodeInfo        No instantiation for #104. Probably branch label not up to date in orLeft 
83564      WARN  main            d.u.i.k.p.NodeInfo        No instantiation for #104. Probably branch label not up to date in orLeft 
83564      WARN  main            d.u.i.k.p.NodeInfo        No instantiation for #105. Probably branch label not up to date in orLeft 
83564      WARN  main            d.u.i.k.p.NodeInfo        No instantiation for #105. Probably branch label not up to date in orLeft 
83564      WARN  main            d.u.i.k.p.NodeInfo        No instantiation for #105. Probably branch label not up to date in orLeft 
83565      WARN  main            d.u.i.k.p.NodeInfo        No instantiation for #105. Probably branch label not up to date in orLeft 
83565      WARN  main            d.u.i.k.p.NodeInfo        No instantiation for #106. Probably branch label not up to date in orLeft 
83565      WARN  main            d.u.i.k.p.NodeInfo        No instantiation for #106. Probably branch label not up to date in orLeft 
83565      WARN  main            d.u.i.k.p.NodeInfo        No instantiation for #106. Probably branch label not up to date in orLeft 
83565      WARN  main            d.u.i.k.p.NodeInfo        No instantiation for #107. Probably branch label not up to date in orLeft 
83565      WARN  main            d.u.i.k.p.NodeInfo        No instantiation for #107. Probably branch label not up to date in orLeft 
83565      WARN  main            d.u.i.k.p.NodeInfo        No instantiation for #107. Probably branch label not up to date in orLeft 
83565      WARN  main            d.u.i.k.p.NodeInfo        No instantiation for #106. Probably branch label not up to date in orLeft 
83565      WARN  main            d.u.i.k.p.NodeInfo        No instantiation for #107. Probably branch label not up to date in orLeft 
83565      WARN  main            d.u.i.k.p.NodeInfo        No instantiation for #106. Probably branch label not up to date in orLeft 
83565      WARN  main            d.u.i.k.p.NodeInfo        No instantiation for #79. Probably branch label not up to date in orLeft 
83565      WARN  main            d.u.i.k.p.NodeInfo        No instantiation for #79. Probably branch label not up to date in orLeft 
83565      WARN  main            d.u.i.k.p.NodeInfo        No instantiation for #79. Probably branch label not up to date in orLeft 
83565      WARN  main            d.u.i.k.p.NodeInfo        No instantiation for #79. Probably branch label not up to date in orLeft 
83566      WARN  main            d.u.i.k.p.NodeInfo        No instantiation for #79. Probably branch label not up to date in orLeft 
83566      WARN  main            d.u.i.k.p.NodeInfo        No instantiation for #104. Probably branch label not up to date in orLeft 
83566      WARN  main            d.u.i.k.p.NodeInfo        No instantiation for #104. Probably branch label not up to date in orLeft 
83566      WARN  main            d.u.i.k.p.NodeInfo        No instantiation for #104. Probably branch label not up to date in orLeft 
83566      WARN  main            d.u.i.k.p.NodeInfo        No instantiation for #104. Probably branch label not up to date in orLeft 
83566      WARN  main            d.u.i.k.p.NodeInfo        No instantiation for #105. Probably branch label not up to date in orLeft 
83566      WARN  main            d.u.i.k.p.NodeInfo        No instantiation for #105. Probably branch label not up to date in orLeft 
83566      WARN  main            d.u.i.k.p.NodeInfo        No instantiation for #105. Probably branch label not up to date in orLeft 
83566      WARN  main            d.u.i.k.p.NodeInfo        No instantiation for #105. Probably branch label not up to date in orLeft 
83566      WARN  main            d.u.i.k.p.NodeInfo        No instantiation for #106. Probably branch label not up to date in orLeft 
83566      WARN  main            d.u.i.k.p.NodeInfo        No instantiation for #106. Probably branch label not up to date in orLeft 
83566      WARN  main            d.u.i.k.p.NodeInfo        No instantiation for #106. Probably branch label not up to date in orLeft 
83566      WARN  main            d.u.i.k.p.NodeInfo        No instantiation for #107. Probably branch label not up to date in orLeft 
83567      WARN  main            d.u.i.k.p.NodeInfo        No instantiation for #107. Probably branch label not up to date in orLeft 
83567      WARN  main            d.u.i.k.p.NodeInfo        No instantiation for #107. Probably branch label not up to date in orLeft 
83567      WARN  main            d.u.i.k.p.NodeInfo        No instantiation for #106. Probably branch label not up to date in orLeft 
83567      WARN  main            d.u.i.k.p.NodeInfo        No instantiation for #107. Probably branch label not up to date in orLeft 
83567      WARN  main            d.u.i.k.p.NodeInfo        No instantiation for #106. Probably branch label not up to date in orLeft 
83567      WARN  main            d.u.i.k.p.NodeInfo        No instantiation for #79. Probably branch label not up to date in orLeft 
83567      WARN  main            d.u.i.k.p.NodeInfo        No instantiation for #79. Probably branch label not up to date in orLeft 
83567      WARN  main            d.u.i.k.p.NodeInfo        No instantiation for #79. Probably branch label not up to date in orLeft 
83567      WARN  main            d.u.i.k.p.NodeInfo        No instantiation for #79. Probably branch label not up to date in orLeft 
83567      WARN  main            d.u.i.k.p.NodeInfo        No instantiation for #79. Probably branch label not up to date in orLeft 
83567      WARN  main            d.u.i.k.p.NodeInfo        No instantiation for #104. Probably branch label not up to date in orLeft 
83568      WARN  main            d.u.i.k.p.NodeInfo        No instantiation for #104. Probably branch label not up to date in orLeft 
83568      WARN  main            d.u.i.k.p.NodeInfo        No instantiation for #104. Probably branch label not up to date in orLeft 
83568      WARN  main            d.u.i.k.p.NodeInfo        No instantiation for #104. Probably branch label not up to date in orLeft 
83568      WARN  main            d.u.i.k.p.NodeInfo        No instantiation for #105. Probably branch label not up to date in orLeft 
83568      WARN  main            d.u.i.k.p.NodeInfo        No instantiation for #105. Probably branch label not up to date in orLeft 
83568      WARN  main            d.u.i.k.p.NodeInfo        No instantiation for #105. Probably branch label not up to date in orLeft 
83568      WARN  main            d.u.i.k.p.NodeInfo        No instantiation for #105. Probably branch label not up to date in orLeft 
83568      WARN  main            d.u.i.k.p.NodeInfo        No instantiation for #106. Probably branch label not up to date in orLeft 
83568      WARN  main            d.u.i.k.p.NodeInfo        No instantiation for #106. Probably branch label not up to date in orLeft 
83568      WARN  main            d.u.i.k.p.NodeInfo        No instantiation for #106. Probably branch label not up to date in orLeft 
83568      WARN  main            d.u.i.k.p.NodeInfo        No instantiation for #107. Probably branch label not up to date in orLeft 
83568      WARN  main            d.u.i.k.p.NodeInfo        No instantiation for #107. Probably branch label not up to date in orLeft 
83569      WARN  main            d.u.i.k.p.NodeInfo        No instantiation for #107. Probably branch label not up to date in orLeft 
83569      WARN  main            d.u.i.k.p.NodeInfo        No instantiation for #106. Probably branch label not up to date in orLeft 
83569      WARN  main            d.u.i.k.p.NodeInfo        No instantiation for #107. Probably branch label not up to date in orLeft 
83569      WARN  main            d.u.i.k.p.NodeInfo        No instantiation for #106. Probably branch label not up to date in orLeft 
83569      WARN  main            d.u.i.k.p.NodeInfo        No instantiation for #79. Probably branch label not up to date in orLeft 
83569      WARN  main            d.u.i.k.p.NodeInfo        No instantiation for #79. Probably branch label not up to date in orLeft 
83569      WARN  main            d.u.i.k.p.NodeInfo        No instantiation for #79. Probably branch label not up to date in orLeft 
83569      WARN  main            d.u.i.k.p.NodeInfo        No instantiation for #79. Probably branch label not up to date in orLeft 
83569      WARN  main            d.u.i.k.p.NodeInfo        No instantiation for #79. Probably branch label not up to date in orLeft 
83569      WARN  main            d.u.i.k.p.NodeInfo        No instantiation for #104. Probably branch label not up to date in orLeft 
83569      WARN  main            d.u.i.k.p.NodeInfo        No instantiation for #104. Probably branch label not up to date in orLeft 
83569      WARN  main            d.u.i.k.p.NodeInfo        No instantiation for #104. Probably branch label not up to date in orLeft 
83569      WARN  main            d.u.i.k.p.NodeInfo        No instantiation for #104. Probably branch label not up to date in orLeft 
83570      WARN  main            d.u.i.k.p.NodeInfo        No instantiation for #105. Probably branch label not up to date in orLeft 
83570      WARN  main            d.u.i.k.p.NodeInfo        No instantiation for #105. Probably branch label not up to date in orLeft 
83570      WARN  main            d.u.i.k.p.NodeInfo        No instantiation for #105. Probably branch label not up to date in orLeft 
83570      WARN  main            d.u.i.k.p.NodeInfo        No instantiation for #105. Probably branch label not up to date in orLeft 
83570      WARN  main            d.u.i.k.p.NodeInfo        No instantiation for #106. Probably branch label not up to date in orLeft 
83570      WARN  main            d.u.i.k.p.NodeInfo        No instantiation for #106. Probably branch label not up to date in orLeft 
83570      WARN  main            d.u.i.k.p.NodeInfo        No instantiation for #106. Probably branch label not up to date in orLeft 
83570      WARN  main            d.u.i.k.p.NodeInfo        No instantiation for #107. Probably branch label not up to date in orLeft 
83570      WARN  main            d.u.i.k.p.NodeInfo        No instantiation for #107. Probably branch label not up to date in orLeft 
83570      WARN  main            d.u.i.k.p.NodeInfo        No instantiation for #107. Probably branch label not up to date in orLeft 
83570      WARN  main            d.u.i.k.p.NodeInfo        No instantiation for #106. Probably branch label not up to date in orLeft 
83570      WARN  main            d.u.i.k.p.NodeInfo        No instantiation for #107. Probably branch label not up to date in orLeft 
83570      WARN  main            d.u.i.k.p.NodeInfo        No instantiation for #106. Probably branch label not up to date in orLeft 
83571      WARN  main            d.u.i.k.p.NodeInfo        No instantiation for #104. Probably branch label not up to date in orLeft 
83571      WARN  main            d.u.i.k.p.NodeInfo        No instantiation for #104. Probably branch label not up to date in orLeft 
83571      WARN  main            d.u.i.k.p.NodeInfo        No instantiation for #104. Probably branch label not up to date in orLeft 
83571      WARN  main            d.u.i.k.p.NodeInfo        No instantiation for #104. Probably branch label not up to date in orLeft 
83571      WARN  main            d.u.i.k.p.NodeInfo        No instantiation for #105. Probably branch label not up to date in orLeft 
83571      WARN  main            d.u.i.k.p.NodeInfo        No instantiation for #105. Probably branch label not up to date in orLeft 
83571      WARN  main            d.u.i.k.p.NodeInfo        No instantiation for #105. Probably branch label not up to date in orLeft 
83571      WARN  main            d.u.i.k.p.NodeInfo        No instantiation for #105. Probably branch label not up to date in orLeft 
83571      WARN  main            d.u.i.k.p.NodeInfo        No instantiation for #106. Probably branch label not up to date in orLeft 
83571      WARN  main            d.u.i.k.p.NodeInfo        No instantiation for #106. Probably branch label not up to date in orLeft 
83571      WARN  main            d.u.i.k.p.NodeInfo        No instantiation for #106. Probably branch label not up to date in orLeft 
83571      WARN  main            d.u.i.k.p.NodeInfo        No instantiation for #107. Probably branch label not up to date in orLeft 
83572      WARN  main            d.u.i.k.p.NodeInfo        No instantiation for #107. Probably branch label not up to date in orLeft 
83572      WARN  main            d.u.i.k.p.NodeInfo        No instantiation for #107. Probably branch label not up to date in orLeft 
83572      WARN  main            d.u.i.k.p.NodeInfo        No instantiation for #106. Probably branch label not up to date in orLeft 
83572      WARN  main            d.u.i.k.p.NodeInfo        No instantiation for #107. Probably branch label not up to date in orLeft 
83572      WARN  main            d.u.i.k.p.NodeInfo        No instantiation for #106. Probably branch label not up to date in orLeft 
83572      WARN  main            d.u.i.k.p.NodeInfo        No instantiation for #79. Probably branch label not up to date in orLeft 
83572      WARN  main            d.u.i.k.p.NodeInfo        No instantiation for #79. Probably branch label not up to date in orLeft 
83572      WARN  main            d.u.i.k.p.NodeInfo        No instantiation for #79. Probably branch label not up to date in orLeft 
83572      WARN  main            d.u.i.k.p.NodeInfo        No instantiation for #79. Probably branch label not up to date in orLeft 
83572      WARN  main            d.u.i.k.p.NodeInfo        No instantiation for #79. Probably branch label not up to date in orLeft 
83572      WARN  main            d.u.i.k.p.NodeInfo        No instantiation for #104. Probably branch label not up to date in orLeft 
83572      WARN  main            d.u.i.k.p.NodeInfo        No instantiation for #104. Probably branch label not up to date in orLeft 
83573      WARN  main            d.u.i.k.p.NodeInfo        No instantiation for #104. Probably branch label not up to date in orLeft 
83573      WARN  main            d.u.i.k.p.NodeInfo        No instantiation for #104. Probably branch label not up to date in orLeft 
83573      WARN  main            d.u.i.k.p.NodeInfo        No instantiation for #105. Probably branch label not up to date in orLeft 
83573      WARN  main            d.u.i.k.p.NodeInfo        No instantiation for #105. Probably branch label not up to date in orLeft 
83573      WARN  main            d.u.i.k.p.NodeInfo        No instantiation for #105. Probably branch label not up to date in orLeft 
83573      WARN  main            d.u.i.k.p.NodeInfo        No instantiation for #105. Probably branch label not up to date in orLeft 
83573      WARN  main            d.u.i.k.p.NodeInfo        No instantiation for #106. Probably branch label not up to date in orLeft 
83573      WARN  main            d.u.i.k.p.NodeInfo        No instantiation for #106. Probably branch label not up to date in orLeft 
83573      WARN  main            d.u.i.k.p.NodeInfo        No instantiation for #106. Probably branch label not up to date in orLeft 
83573      WARN  main            d.u.i.k.p.NodeInfo        No instantiation for #107. Probably branch label not up to date in orLeft 
83573      WARN  main            d.u.i.k.p.NodeInfo        No instantiation for #107. Probably branch label not up to date in orLeft 
83573      WARN  main            d.u.i.k.p.NodeInfo        No instantiation for #107. Probably branch label not up to date in orLeft 
83573      WARN  main            d.u.i.k.p.NodeInfo        No instantiation for #106. Probably branch label not up to date in orLeft 
83574      WARN  main            d.u.i.k.p.NodeInfo        No instantiation for #107. Probably branch label not up to date in orLeft 
83574      WARN  main            d.u.i.k.p.NodeInfo        No instantiation for #106. Probably branch label not up to date in orLeft 
83574      WARN  main            d.u.i.k.p.NodeInfo        No instantiation for #104. Probably branch label not up to date in orLeft 
83574      WARN  main            d.u.i.k.p.NodeInfo        No instantiation for #104. Probably branch label not up to date in orLeft 
83574      WARN  main            d.u.i.k.p.NodeInfo        No instantiation for #104. Probably branch label not up to date in orLeft 
83574      WARN  main            d.u.i.k.p.NodeInfo        No instantiation for #104. Probably branch label not up to date in orLeft 
83574      WARN  main            d.u.i.k.p.NodeInfo        No instantiation for #105. Probably branch label not up to date in orLeft 
83574      WARN  main            d.u.i.k.p.NodeInfo        No instantiation for #105. Probably branch label not up to date in orLeft 
83574      WARN  main            d.u.i.k.p.NodeInfo        No instantiation for #105. Probably branch label not up to date in orLeft 
83574      WARN  main            d.u.i.k.p.NodeInfo        No instantiation for #105. Probably branch label not up to date in orLeft 
83574      WARN  main            d.u.i.k.p.NodeInfo        No instantiation for #106. Probably branch label not up to date in orLeft 
83574      WARN  main            d.u.i.k.p.NodeInfo        No instantiation for #106. Probably branch label not up to date in orLeft 
83574      WARN  main            d.u.i.k.p.NodeInfo        No instantiation for #106. Probably branch label not up to date in orLeft 
83575      WARN  main            d.u.i.k.p.NodeInfo        No instantiation for #107. Probably branch label not up to date in orLeft 
83575      WARN  main            d.u.i.k.p.NodeInfo        No instantiation for #107. Probably branch label not up to date in orLeft 
83575      WARN  main            d.u.i.k.p.NodeInfo        No instantiation for #107. Probably branch label not up to date in orLeft 
83575      WARN  main            d.u.i.k.p.NodeInfo        No instantiation for #106. Probably branch label not up to date in orLeft 
83575      WARN  main            d.u.i.k.p.NodeInfo        No instantiation for #107. Probably branch label not up to date in orLeft 
83575      WARN  main            d.u.i.k.p.NodeInfo        No instantiation for #106. Probably branch label not up to date in orLeft 
83575      WARN  main            d.u.i.k.p.NodeInfo        No instantiation for #79. Probably branch label not up to date in orLeft 
83575      WARN  main            d.u.i.k.p.NodeInfo        No instantiation for #79. Probably branch label not up to date in orLeft 
83575      WARN  main            d.u.i.k.p.NodeInfo        No instantiation for #79. Probably branch label not up to date in orLeft 
83575      WARN  main            d.u.i.k.p.NodeInfo        No instantiation for #79. Probably branch label not up to date in orLeft 
83575      WARN  main            d.u.i.k.p.NodeInfo        No instantiation for #79. Probably branch label not up to date in orLeft 
83575      WARN  main            d.u.i.k.p.NodeInfo        No instantiation for #104. Probably branch label not up to date in orLeft 
83576      WARN  main            d.u.i.k.p.NodeInfo        No instantiation for #104. Probably branch label not up to date in orLeft 
83576      WARN  main            d.u.i.k.p.NodeInfo        No instantiation for #104. Probably branch label not up to date in orLeft 
83576      WARN  main            d.u.i.k.p.NodeInfo        No instantiation for #104. Probably branch label not up to date in orLeft 
83576      WARN  main            d.u.i.k.p.NodeInfo        No instantiation for #105. Probably branch label not up to date in orLeft 
83576      WARN  main            d.u.i.k.p.NodeInfo        No instantiation for #105. Probably branch label not up to date in orLeft 
83576      WARN  main            d.u.i.k.p.NodeInfo        No instantiation for #105. Probably branch label not up to date in orLeft 
83576      WARN  main            d.u.i.k.p.NodeInfo        No instantiation for #105. Probably branch label not up to date in orLeft 
83576      WARN  main            d.u.i.k.p.NodeInfo        No instantiation for #106. Probably branch label not up to date in orLeft 
83576      WARN  main            d.u.i.k.p.NodeInfo        No instantiation for #106. Probably branch label not up to date in orLeft 
83576      WARN  main            d.u.i.k.p.NodeInfo        No instantiation for #106. Probably branch label not up to date in orLeft 
83576      WARN  main            d.u.i.k.p.NodeInfo        No instantiation for #107. Probably branch label not up to date in orLeft 
83576      WARN  main            d.u.i.k.p.NodeInfo        No instantiation for #107. Probably branch label not up to date in orLeft 
83576      WARN  main            d.u.i.k.p.NodeInfo        No instantiation for #107. Probably branch label not up to date in orLeft 
83577      WARN  main            d.u.i.k.p.NodeInfo        No instantiation for #106. Probably branch label not up to date in orLeft 
83577      WARN  main            d.u.i.k.p.NodeInfo        No instantiation for #107. Probably branch label not up to date in orLeft 
83577      WARN  main            d.u.i.k.p.NodeInfo        No instantiation for #106. Probably branch label not up to date in orLeft 
83577      WARN  main            d.u.i.k.p.NodeInfo        No instantiation for #79. Probably branch label not up to date in orLeft 
83577      WARN  main            d.u.i.k.p.NodeInfo        No instantiation for #79. Probably branch label not up to date in orLeft 
83577      WARN  main            d.u.i.k.p.NodeInfo        No instantiation for #79. Probably branch label not up to date in orLeft 
83577      WARN  main            d.u.i.k.p.NodeInfo        No instantiation for #79. Probably branch label not up to date in orLeft 
83577      WARN  main            d.u.i.k.p.NodeInfo        No instantiation for #79. Probably branch label not up to date in orLeft 
83602      WARN  main            d.u.i.k.p.NodeInfo        No instantiation for #104. Probably branch label not up to date in orLeft 
83603      WARN  main            d.u.i.k.p.NodeInfo        No instantiation for #104. Probably branch label not up to date in orLeft 
83603      WARN  main            d.u.i.k.p.NodeInfo        No instantiation for #104. Probably branch label not up to date in orLeft 
83603      WARN  main            d.u.i.k.p.NodeInfo        No instantiation for #104. Probably branch label not up to date in orLeft 
83603      WARN  main            d.u.i.k.p.NodeInfo        No instantiation for #105. Probably branch label not up to date in orLeft 
83603      WARN  main            d.u.i.k.p.NodeInfo        No instantiation for #105. Probably branch label not up to date in orLeft 
83603      WARN  main            d.u.i.k.p.NodeInfo        No instantiation for #105. Probably branch label not up to date in orLeft 
83603      WARN  main            d.u.i.k.p.NodeInfo        No instantiation for #105. Probably branch label not up to date in orLeft 
83603      WARN  main            d.u.i.k.p.NodeInfo        No instantiation for #106. Probably branch label not up to date in orLeft 
83603      WARN  main            d.u.i.k.p.NodeInfo        No instantiation for #106. Probably branch label not up to date in orLeft 
83603      WARN  main            d.u.i.k.p.NodeInfo        No instantiation for #106. Probably branch label not up to date in orLeft 
83603      WARN  main            d.u.i.k.p.NodeInfo        No instantiation for #107. Probably branch label not up to date in orLeft 
83604      WARN  main            d.u.i.k.p.NodeInfo        No instantiation for #107. Probably branch label not up to date in orLeft 
83604      WARN  main            d.u.i.k.p.NodeInfo        No instantiation for #107. Probably branch label not up to date in orLeft 
83604      WARN  main            d.u.i.k.p.NodeInfo        No instantiation for #106. Probably branch label not up to date in orLeft 
83604      WARN  main            d.u.i.k.p.NodeInfo        No instantiation for #107. Probably branch label not up to date in orLeft 
83604      WARN  main            d.u.i.k.p.NodeInfo        No instantiation for #106. Probably branch label not up to date in orLeft 
83604      WARN  main            d.u.i.k.p.NodeInfo        No instantiation for #79. Probably branch label not up to date in orLeft 
83604      WARN  main            d.u.i.k.p.NodeInfo        No instantiation for #79. Probably branch label not up to date in orLeft 
83604      WARN  main            d.u.i.k.p.NodeInfo        No instantiation for #79. Probably branch label not up to date in orLeft 
83604      WARN  main            d.u.i.k.p.NodeInfo        No instantiation for #79. Probably branch label not up to date in orLeft 
83604      WARN  main            d.u.i.k.p.NodeInfo        No instantiation for #79. Probably branch label not up to date in orLeft 
83604      WARN  main            d.u.i.k.p.NodeInfo        No instantiation for #104. Probably branch label not up to date in orLeft 
83605      WARN  main            d.u.i.k.p.NodeInfo        No instantiation for #104. Probably branch label not up to date in orLeft 
83605      WARN  main            d.u.i.k.p.NodeInfo        No instantiation for #104. Probably branch label not up to date in orLeft 
83605      WARN  main            d.u.i.k.p.NodeInfo        No instantiation for #104. Probably branch label not up to date in orLeft 
83605      WARN  main            d.u.i.k.p.NodeInfo        No instantiation for #105. Probably branch label not up to date in orLeft 
83605      WARN  main            d.u.i.k.p.NodeInfo        No instantiation for #105. Probably branch label not up to date in orLeft 
83605      WARN  main            d.u.i.k.p.NodeInfo        No instantiation for #105. Probably branch label not up to date in orLeft 
83605      WARN  main            d.u.i.k.p.NodeInfo        No instantiation for #105. Probably branch label not up to date in orLeft 
83605      WARN  main            d.u.i.k.p.NodeInfo        No instantiation for #106. Probably branch label not up to date in orLeft 
83605      WARN  main            d.u.i.k.p.NodeInfo        No instantiation for #106. Probably branch label not up to date in orLeft 
83605      WARN  main            d.u.i.k.p.NodeInfo        No instantiation for #106. Probably branch label not up to date in orLeft 
83605      WARN  main            d.u.i.k.p.NodeInfo        No instantiation for #107. Probably branch label not up to date in orLeft 
83605      WARN  main            d.u.i.k.p.NodeInfo        No instantiation for #107. Probably branch label not up to date in orLeft 
83605      WARN  main            d.u.i.k.p.NodeInfo        No instantiation for #107. Probably branch label not up to date in orLeft 
83605      WARN  main            d.u.i.k.p.NodeInfo        No instantiation for #106. Probably branch label not up to date in orLeft 
83606      WARN  main            d.u.i.k.p.NodeInfo        No instantiation for #107. Probably branch label not up to date in orLeft 
83606      WARN  main            d.u.i.k.p.NodeInfo        No instantiation for #106. Probably branch label not up to date in orLeft 
83606      WARN  main            d.u.i.k.p.NodeInfo        No instantiation for #79. Probably branch label not up to date in orLeft 
83606      WARN  main            d.u.i.k.p.NodeInfo        No instantiation for #79. Probably branch label not up to date in orLeft 
83606      WARN  main            d.u.i.k.p.NodeInfo        No instantiation for #79. Probably branch label not up to date in orLeft 
83606      WARN  main            d.u.i.k.p.NodeInfo        No instantiation for #79. Probably branch label not up to date in orLeft 
83606      WARN  main            d.u.i.k.p.NodeInfo        No instantiation for #79. Probably branch label not up to date in orLeft 
83614      WARN  main            d.u.i.k.p.NodeInfo        No instantiation for #104. Probably branch label not up to date in orLeft 
83614      WARN  main            d.u.i.k.p.NodeInfo        No instantiation for #104. Probably branch label not up to date in orLeft 
83614      WARN  main            d.u.i.k.p.NodeInfo        No instantiation for #104. Probably branch label not up to date in orLeft 
83614      WARN  main            d.u.i.k.p.NodeInfo        No instantiation for #104. Probably branch label not up to date in orLeft 
83614      WARN  main            d.u.i.k.p.NodeInfo        No instantiation for #105. Probably branch label not up to date in orLeft 
83614      WARN  main            d.u.i.k.p.NodeInfo        No instantiation for #105. Probably branch label not up to date in orLeft 
83614      WARN  main            d.u.i.k.p.NodeInfo        No instantiation for #105. Probably branch label not up to date in orLeft 
83614      WARN  main            d.u.i.k.p.NodeInfo        No instantiation for #105. Probably branch label not up to date in orLeft 
83615      WARN  main            d.u.i.k.p.NodeInfo        No instantiation for #106. Probably branch label not up to date in orLeft 
83615      WARN  main            d.u.i.k.p.NodeInfo        No instantiation for #106. Probably branch label not up to date in orLeft 
83615      WARN  main            d.u.i.k.p.NodeInfo        No instantiation for #106. Probably branch label not up to date in orLeft 
83615      WARN  main            d.u.i.k.p.NodeInfo        No instantiation for #107. Probably branch label not up to date in orLeft 
83615      WARN  main            d.u.i.k.p.NodeInfo        No instantiation for #107. Probably branch label not up to date in orLeft 
83615      WARN  main            d.u.i.k.p.NodeInfo        No instantiation for #107. Probably branch label not up to date in orLeft 
83615      WARN  main            d.u.i.k.p.NodeInfo        No instantiation for #106. Probably branch label not up to date in orLeft 
83615      WARN  main            d.u.i.k.p.NodeInfo        No instantiation for #107. Probably branch label not up to date in orLeft 
83615      WARN  main            d.u.i.k.p.NodeInfo        No instantiation for #106. Probably branch label not up to date in orLeft 
83615      WARN  main            d.u.i.k.p.NodeInfo        No instantiation for #79. Probably branch label not up to date in orLeft 
83615      WARN  main            d.u.i.k.p.NodeInfo        No instantiation for #79. Probably branch label not up to date in orLeft 
83615      WARN  main            d.u.i.k.p.NodeInfo        No instantiation for #79. Probably branch label not up to date in orLeft 
83616      WARN  main            d.u.i.k.p.NodeInfo        No instantiation for #79. Probably branch label not up to date in orLeft 
83616      WARN  main            d.u.i.k.p.NodeInfo        No instantiation for #79. Probably branch label not up to date in orLeft 
83616      WARN  main            d.u.i.k.p.NodeInfo        No instantiation for #104. Probably branch label not up to date in orLeft 
83616      WARN  main            d.u.i.k.p.NodeInfo        No instantiation for #104. Probably branch label not up to date in orLeft 
83616      WARN  main            d.u.i.k.p.NodeInfo        No instantiation for #104. Probably branch label not up to date in orLeft 
83616      WARN  main            d.u.i.k.p.NodeInfo        No instantiation for #104. Probably branch label not up to date in orLeft 
83616      WARN  main            d.u.i.k.p.NodeInfo        No instantiation for #105. Probably branch label not up to date in orLeft 
83616      WARN  main            d.u.i.k.p.NodeInfo        No instantiation for #105. Probably branch label not up to date in orLeft 
83616      WARN  main            d.u.i.k.p.NodeInfo        No instantiation for #105. Probably branch label not up to date in orLeft 
83616      WARN  main            d.u.i.k.p.NodeInfo        No instantiation for #105. Probably branch label not up to date in orLeft 
83616      WARN  main            d.u.i.k.p.NodeInfo        No instantiation for #106. Probably branch label not up to date in orLeft 
83616      WARN  main            d.u.i.k.p.NodeInfo        No instantiation for #106. Probably branch label not up to date in orLeft 
83617      WARN  main            d.u.i.k.p.NodeInfo        No instantiation for #106. Probably branch label not up to date in orLeft 
83617      WARN  main            d.u.i.k.p.NodeInfo        No instantiation for #107. Probably branch label not up to date in orLeft 
83617      WARN  main            d.u.i.k.p.NodeInfo        No instantiation for #107. Probably branch label not up to date in orLeft 
83617      WARN  main            d.u.i.k.p.NodeInfo        No instantiation for #107. Probably branch label not up to date in orLeft 
83617      WARN  main            d.u.i.k.p.NodeInfo        No instantiation for #106. Probably branch label not up to date in orLeft 
83617      WARN  main            d.u.i.k.p.NodeInfo        No instantiation for #107. Probably branch label not up to date in orLeft 
83617      WARN  main            d.u.i.k.p.NodeInfo        No instantiation for #106. Probably branch label not up to date in orLeft 
83617      WARN  main            d.u.i.k.p.NodeInfo        No instantiation for #79. Probably branch label not up to date in orLeft 
83617      WARN  main            d.u.i.k.p.NodeInfo        No instantiation for #79. Probably branch label not up to date in orLeft 
83617      WARN  main            d.u.i.k.p.NodeInfo        No instantiation for #79. Probably branch label not up to date in orLeft 
83617      WARN  main            d.u.i.k.p.NodeInfo        No instantiation for #79. Probably branch label not up to date in orLeft 
83617      WARN  main            d.u.i.k.p.NodeInfo        No instantiation for #79. Probably branch label not up to date in orLeft 
83617      WARN  main            d.u.i.k.p.NodeInfo        No instantiation for #104. Probably branch label not up to date in orLeft 
83618      WARN  main            d.u.i.k.p.NodeInfo        No instantiation for #104. Probably branch label not up to date in orLeft 
83618      WARN  main            d.u.i.k.p.NodeInfo        No instantiation for #104. Probably branch label not up to date in orLeft 
83618      WARN  main            d.u.i.k.p.NodeInfo        No instantiation for #104. Probably branch label not up to date in orLeft 
83618      WARN  main            d.u.i.k.p.NodeInfo        No instantiation for #105. Probably branch label not up to date in orLeft 
83618      WARN  main            d.u.i.k.p.NodeInfo        No instantiation for #105. Probably branch label not up to date in orLeft 
83618      WARN  main            d.u.i.k.p.NodeInfo        No instantiation for #105. Probably branch label not up to date in orLeft 
83618      WARN  main            d.u.i.k.p.NodeInfo        No instantiation for #105. Probably branch label not up to date in orLeft 
83618      WARN  main            d.u.i.k.p.NodeInfo        No instantiation for #106. Probably branch label not up to date in orLeft 
83618      WARN  main            d.u.i.k.p.NodeInfo        No instantiation for #106. Probably branch label not up to date in orLeft 
83618      WARN  main            d.u.i.k.p.NodeInfo        No instantiation for #106. Probably branch label not up to date in orLeft 
83618      WARN  main            d.u.i.k.p.NodeInfo        No instantiation for #107. Probably branch label not up to date in orLeft 
83618      WARN  main            d.u.i.k.p.NodeInfo        No instantiation for #107. Probably branch label not up to date in orLeft 
83618      WARN  main            d.u.i.k.p.NodeInfo        No instantiation for #107. Probably branch label not up to date in orLeft 
83618      WARN  main            d.u.i.k.p.NodeInfo        No instantiation for #106. Probably branch label not up to date in orLeft 
83618      WARN  main            d.u.i.k.p.NodeInfo        No instantiation for #107. Probably branch label not up to date in orLeft 
83619      WARN  main            d.u.i.k.p.NodeInfo        No instantiation for #106. Probably branch label not up to date in orLeft 
83619      WARN  main            d.u.i.k.p.NodeInfo        No instantiation for #79. Probably branch label not up to date in orLeft 
83619      WARN  main            d.u.i.k.p.NodeInfo        No instantiation for #79. Probably branch label not up to date in orLeft 
83619      WARN  main            d.u.i.k.p.NodeInfo        No instantiation for #79. Probably branch label not up to date in orLeft 
83619      WARN  main            d.u.i.k.p.NodeInfo        No instantiation for #79. Probably branch label not up to date in orLeft 
83619      WARN  main            d.u.i.k.p.NodeInfo        No instantiation for #79. Probably branch label not up to date in orLeft 
83619      WARN  main            d.u.i.k.p.NodeInfo        No instantiation for #104. Probably branch label not up to date in orLeft 
83619      WARN  main            d.u.i.k.p.NodeInfo        No instantiation for #104. Probably branch label not up to date in orLeft 
83619      WARN  main            d.u.i.k.p.NodeInfo        No instantiation for #104. Probably branch label not up to date in orLeft 
83619      WARN  main            d.u.i.k.p.NodeInfo        No instantiation for #104. Probably branch label not up to date in orLeft 
83619      WARN  main            d.u.i.k.p.NodeInfo        No instantiation for #105. Probably branch label not up to date in orLeft 
83619      WARN  main            d.u.i.k.p.NodeInfo        No instantiation for #105. Probably branch label not up to date in orLeft 
83619      WARN  main            d.u.i.k.p.NodeInfo        No instantiation for #105. Probably branch label not up to date in orLeft 
83620      WARN  main            d.u.i.k.p.NodeInfo        No instantiation for #105. Probably branch label not up to date in orLeft 
83620      WARN  main            d.u.i.k.p.NodeInfo        No instantiation for #106. Probably branch label not up to date in orLeft 
83620      WARN  main            d.u.i.k.p.NodeInfo        No instantiation for #106. Probably branch label not up to date in orLeft 
83620      WARN  main            d.u.i.k.p.NodeInfo        No instantiation for #106. Probably branch label not up to date in orLeft 
83620      WARN  main            d.u.i.k.p.NodeInfo        No instantiation for #107. Probably branch label not up to date in orLeft 
83620      WARN  main            d.u.i.k.p.NodeInfo        No instantiation for #107. Probably branch label not up to date in orLeft 
83620      WARN  main            d.u.i.k.p.NodeInfo        No instantiation for #107. Probably branch label not up to date in orLeft 
83620      WARN  main            d.u.i.k.p.NodeInfo        No instantiation for #106. Probably branch label not up to date in orLeft 
83620      WARN  main            d.u.i.k.p.NodeInfo        No instantiation for #107. Probably branch label not up to date in orLeft 
83620      WARN  main            d.u.i.k.p.NodeInfo        No instantiation for #106. Probably branch label not up to date in orLeft 
83620      WARN  main            d.u.i.k.p.NodeInfo        No instantiation for #79. Probably branch label not up to date in orLeft 
83620      WARN  main            d.u.i.k.p.NodeInfo        No instantiation for #79. Probably branch label not up to date in orLeft 
83620      WARN  main            d.u.i.k.p.NodeInfo        No instantiation for #79. Probably branch label not up to date in orLeft 
83621      WARN  main            d.u.i.k.p.NodeInfo        No instantiation for #79. Probably branch label not up to date in orLeft 
83621      WARN  main            d.u.i.k.p.NodeInfo        No instantiation for #79. Probably branch label not up to date in orLeft 
83621      WARN  main            d.u.i.k.p.NodeInfo        No instantiation for #104. Probably branch label not up to date in orLeft 
83621      WARN  main            d.u.i.k.p.NodeInfo        No instantiation for #104. Probably branch label not up to date in orLeft 
83621      WARN  main            d.u.i.k.p.NodeInfo        No instantiation for #104. Probably branch label not up to date in orLeft 
83621      WARN  main            d.u.i.k.p.NodeInfo        No instantiation for #104. Probably branch label not up to date in orLeft 
83621      WARN  main            d.u.i.k.p.NodeInfo        No instantiation for #105. Probably branch label not up to date in orLeft 
83621      WARN  main            d.u.i.k.p.NodeInfo        No instantiation for #105. Probably branch label not up to date in orLeft 
83621      WARN  main            d.u.i.k.p.NodeInfo        No instantiation for #105. Probably branch label not up to date in orLeft 
83621      WARN  main            d.u.i.k.p.NodeInfo        No instantiation for #105. Probably branch label not up to date in orLeft 
83621      WARN  main            d.u.i.k.p.NodeInfo        No instantiation for #106. Probably branch label not up to date in orLeft 
83621      WARN  main            d.u.i.k.p.NodeInfo        No instantiation for #106. Probably branch label not up to date in orLeft 
83622      WARN  main            d.u.i.k.p.NodeInfo        No instantiation for #106. Probably branch label not up to date in orLeft 
83622      WARN  main            d.u.i.k.p.NodeInfo        No instantiation for #107. Probably branch label not up to date in orLeft 
83622      WARN  main            d.u.i.k.p.NodeInfo        No instantiation for #107. Probably branch label not up to date in orLeft 
83622      WARN  main            d.u.i.k.p.NodeInfo        No instantiation for #107. Probably branch label not up to date in orLeft 
83622      WARN  main            d.u.i.k.p.NodeInfo        No instantiation for #106. Probably branch label not up to date in orLeft 
83622      WARN  main            d.u.i.k.p.NodeInfo        No instantiation for #107. Probably branch label not up to date in orLeft 
83622      WARN  main            d.u.i.k.p.NodeInfo        No instantiation for #106. Probably branch label not up to date in orLeft 
83622      WARN  main            d.u.i.k.p.NodeInfo        No instantiation for #79. Probably branch label not up to date in orLeft 
83622      WARN  main            d.u.i.k.p.NodeInfo        No instantiation for #79. Probably branch label not up to date in orLeft 
83622      WARN  main            d.u.i.k.p.NodeInfo        No instantiation for #79. Probably branch label not up to date in orLeft 
83622      WARN  main            d.u.i.k.p.NodeInfo        No instantiation for #79. Probably branch label not up to date in orLeft 
83622      WARN  main            d.u.i.k.p.NodeInfo        No instantiation for #79. Probably branch label not up to date in orLeft 
83622      WARN  main            d.u.i.k.p.NodeInfo        No instantiation for #104. Probably branch label not up to date in orLeft 
83622      WARN  main            d.u.i.k.p.NodeInfo        No instantiation for #104. Probably branch label not up to date in orLeft 
83623      WARN  main            d.u.i.k.p.NodeInfo        No instantiation for #104. Probably branch label not up to date in orLeft 
83623      WARN  main            d.u.i.k.p.NodeInfo        No instantiation for #104. Probably branch label not up to date in orLeft 
83623      WARN  main            d.u.i.k.p.NodeInfo        No instantiation for #105. Probably branch label not up to date in orLeft 
83623      WARN  main            d.u.i.k.p.NodeInfo        No instantiation for #105. Probably branch label not up to date in orLeft 
83623      WARN  main            d.u.i.k.p.NodeInfo        No instantiation for #105. Probably branch label not up to date in orLeft 
83623      WARN  main            d.u.i.k.p.NodeInfo        No instantiation for #105. Probably branch label not up to date in orLeft 
83623      WARN  main            d.u.i.k.p.NodeInfo        No instantiation for #106. Probably branch label not up to date in orLeft 
83623      WARN  main            d.u.i.k.p.NodeInfo        No instantiation for #106. Probably branch label not up to date in orLeft 
83623      WARN  main            d.u.i.k.p.NodeInfo        No instantiation for #106. Probably branch label not up to date in orLeft 
83623      WARN  main            d.u.i.k.p.NodeInfo        No instantiation for #107. Probably branch label not up to date in orLeft 
83623      WARN  main            d.u.i.k.p.NodeInfo        No instantiation for #107. Probably branch label not up to date in orLeft 
83623      WARN  main            d.u.i.k.p.NodeInfo        No instantiation for #107. Probably branch label not up to date in orLeft 
83623      WARN  main            d.u.i.k.p.NodeInfo        No instantiation for #106. Probably branch label not up to date in orLeft 
83623      WARN  main            d.u.i.k.p.NodeInfo        No instantiation for #107. Probably branch label not up to date in orLeft 
83624      WARN  main            d.u.i.k.p.NodeInfo        No instantiation for #106. Probably branch label not up to date in orLeft 
83624      WARN  main            d.u.i.k.p.NodeInfo        No instantiation for #104. Probably branch label not up to date in orLeft 
83624      WARN  main            d.u.i.k.p.NodeInfo        No instantiation for #104. Probably branch label not up to date in orLeft 
83624      WARN  main            d.u.i.k.p.NodeInfo        No instantiation for #104. Probably branch label not up to date in orLeft 
83624      WARN  main            d.u.i.k.p.NodeInfo        No instantiation for #104. Probably branch label not up to date in orLeft 
83624      WARN  main            d.u.i.k.p.NodeInfo        No instantiation for #105. Probably branch label not up to date in orLeft 
83624      WARN  main            d.u.i.k.p.NodeInfo        No instantiation for #105. Probably branch label not up to date in orLeft 
83624      WARN  main            d.u.i.k.p.NodeInfo        No instantiation for #105. Probably branch label not up to date in orLeft 
83624      WARN  main            d.u.i.k.p.NodeInfo        No instantiation for #105. Probably branch label not up to date in orLeft 
83624      WARN  main            d.u.i.k.p.NodeInfo        No instantiation for #106. Probably branch label not up to date in orLeft 
83624      WARN  main            d.u.i.k.p.NodeInfo        No instantiation for #106. Probably branch label not up to date in orLeft 
83624      WARN  main            d.u.i.k.p.NodeInfo        No instantiation for #106. Probably branch label not up to date in orLeft 
83625      WARN  main            d.u.i.k.p.NodeInfo        No instantiation for #107. Probably branch label not up to date in orLeft 
83625      WARN  main            d.u.i.k.p.NodeInfo        No instantiation for #107. Probably branch label not up to date in orLeft 
83625      WARN  main            d.u.i.k.p.NodeInfo        No instantiation for #107. Probably branch label not up to date in orLeft 
83625      WARN  main            d.u.i.k.p.NodeInfo        No instantiation for #106. Probably branch label not up to date in orLeft 
83625      WARN  main            d.u.i.k.p.NodeInfo        No instantiation for #107. Probably branch label not up to date in orLeft 
83625      WARN  main            d.u.i.k.p.NodeInfo        No instantiation for #106. Probably branch label not up to date in orLeft 
83625      WARN  main            d.u.i.k.p.NodeInfo        No instantiation for #79. Probably branch label not up to date in orLeft 
83625      WARN  main            d.u.i.k.p.NodeInfo        No instantiation for #79. Probably branch label not up to date in orLeft 
83625      WARN  main            d.u.i.k.p.NodeInfo        No instantiation for #79. Probably branch label not up to date in orLeft 
83625      WARN  main            d.u.i.k.p.NodeInfo        No instantiation for #79. Probably branch label not up to date in orLeft 
83625      WARN  main            d.u.i.k.p.NodeInfo        No instantiation for #79. Probably branch label not up to date in orLeft 
83625      WARN  main            d.u.i.k.p.NodeInfo        No instantiation for #104. Probably branch label not up to date in orLeft 
83625      WARN  main            d.u.i.k.p.NodeInfo        No instantiation for #104. Probably branch label not up to date in orLeft 
83626      WARN  main            d.u.i.k.p.NodeInfo        No instantiation for #104. Probably branch label not up to date in orLeft 
83626      WARN  main            d.u.i.k.p.NodeInfo        No instantiation for #104. Probably branch label not up to date in orLeft 
83626      WARN  main            d.u.i.k.p.NodeInfo        No instantiation for #105. Probably branch label not up to date in orLeft 
83626      WARN  main            d.u.i.k.p.NodeInfo        No instantiation for #105. Probably branch label not up to date in orLeft 
83626      WARN  main            d.u.i.k.p.NodeInfo        No instantiation for #105. Probably branch label not up to date in orLeft 
83626      WARN  main            d.u.i.k.p.NodeInfo        No instantiation for #105. Probably branch label not up to date in orLeft 
83626      WARN  main            d.u.i.k.p.NodeInfo        No instantiation for #106. Probably branch label not up to date in orLeft 
83626      WARN  main            d.u.i.k.p.NodeInfo        No instantiation for #106. Probably branch label not up to date in orLeft 
83626      WARN  main            d.u.i.k.p.NodeInfo        No instantiation for #106. Probably branch label not up to date in orLeft 
83626      WARN  main            d.u.i.k.p.NodeInfo        No instantiation for #107. Probably branch label not up to date in orLeft 
83626      WARN  main            d.u.i.k.p.NodeInfo        No instantiation for #107. Probably branch label not up to date in orLeft 
83626      WARN  main            d.u.i.k.p.NodeInfo        No instantiation for #107. Probably branch label not up to date in orLeft 
83627      WARN  main            d.u.i.k.p.NodeInfo        No instantiation for #106. Probably branch label not up to date in orLeft 
83627      WARN  main            d.u.i.k.p.NodeInfo        No instantiation for #107. Probably branch label not up to date in orLeft 
83627      WARN  main            d.u.i.k.p.NodeInfo        No instantiation for #106. Probably branch label not up to date in orLeft 
83668      WARN  main            d.u.i.k.p.NodeInfo        No instantiation for #104. Probably branch label not up to date in orLeft 
83669      WARN  main            d.u.i.k.p.NodeInfo        No instantiation for #104. Probably branch label not up to date in orLeft 
83669      WARN  main            d.u.i.k.p.NodeInfo        No instantiation for #104. Probably branch label not up to date in orLeft 
83669      WARN  main            d.u.i.k.p.NodeInfo        No instantiation for #104. Probably branch label not up to date in orLeft 
83669      WARN  main            d.u.i.k.p.NodeInfo        No instantiation for #105. Probably branch label not up to date in orLeft 
83669      WARN  main            d.u.i.k.p.NodeInfo        No instantiation for #105. Probably branch label not up to date in orLeft 
83669      WARN  main            d.u.i.k.p.NodeInfo        No instantiation for #105. Probably branch label not up to date in orLeft 
83669      WARN  main            d.u.i.k.p.NodeInfo        No instantiation for #105. Probably branch label not up to date in orLeft 
83669      WARN  main            d.u.i.k.p.NodeInfo        No instantiation for #106. Probably branch label not up to date in orLeft 
83669      WARN  main            d.u.i.k.p.NodeInfo        No instantiation for #106. Probably branch label not up to date in orLeft 
83670      WARN  main            d.u.i.k.p.NodeInfo        No instantiation for #106. Probably branch label not up to date in orLeft 
83670      WARN  main            d.u.i.k.p.NodeInfo        No instantiation for #107. Probably branch label not up to date in orLeft 
83670      WARN  main            d.u.i.k.p.NodeInfo        No instantiation for #107. Probably branch label not up to date in orLeft 
83670      WARN  main            d.u.i.k.p.NodeInfo        No instantiation for #107. Probably branch label not up to date in orLeft 
83670      WARN  main            d.u.i.k.p.NodeInfo        No instantiation for #106. Probably branch label not up to date in orLeft 
83670      WARN  main            d.u.i.k.p.NodeInfo        No instantiation for #107. Probably branch label not up to date in orLeft 
83670      WARN  main            d.u.i.k.p.NodeInfo        No instantiation for #106. Probably branch label not up to date in orLeft 
83670      WARN  main            d.u.i.k.p.NodeInfo        No instantiation for #79. Probably branch label not up to date in orLeft 
83670      WARN  main            d.u.i.k.p.NodeInfo        No instantiation for #79. Probably branch label not up to date in orLeft 
83670      WARN  main            d.u.i.k.p.NodeInfo        No instantiation for #79. Probably branch label not up to date in orLeft 
83670      WARN  main            d.u.i.k.p.NodeInfo        No instantiation for #79. Probably branch label not up to date in orLeft 
83671      WARN  main            d.u.i.k.p.NodeInfo        No instantiation for #79. Probably branch label not up to date in orLeft 
83671      WARN  main            d.u.i.k.p.NodeInfo        No instantiation for #104. Probably branch label not up to date in orLeft 
83671      WARN  main            d.u.i.k.p.NodeInfo        No instantiation for #104. Probably branch label not up to date in orLeft 
83671      WARN  main            d.u.i.k.p.NodeInfo        No instantiation for #104. Probably branch label not up to date in orLeft 
83671      WARN  main            d.u.i.k.p.NodeInfo        No instantiation for #104. Probably branch label not up to date in orLeft 
83671      WARN  main            d.u.i.k.p.NodeInfo        No instantiation for #105. Probably branch label not up to date in orLeft 
83671      WARN  main            d.u.i.k.p.NodeInfo        No instantiation for #105. Probably branch label not up to date in orLeft 
83671      WARN  main            d.u.i.k.p.NodeInfo        No instantiation for #105. Probably branch label not up to date in orLeft 
83671      WARN  main            d.u.i.k.p.NodeInfo        No instantiation for #105. Probably branch label not up to date in orLeft 
83671      WARN  main            d.u.i.k.p.NodeInfo        No instantiation for #106. Probably branch label not up to date in orLeft 
83671      WARN  main            d.u.i.k.p.NodeInfo        No instantiation for #106. Probably branch label not up to date in orLeft 
83671      WARN  main            d.u.i.k.p.NodeInfo        No instantiation for #106. Probably branch label not up to date in orLeft 
83671      WARN  main            d.u.i.k.p.NodeInfo        No instantiation for #107. Probably branch label not up to date in orLeft 
83672      WARN  main            d.u.i.k.p.NodeInfo        No instantiation for #107. Probably branch label not up to date in orLeft 
83672      WARN  main            d.u.i.k.p.NodeInfo        No instantiation for #107. Probably branch label not up to date in orLeft 
83672      WARN  main            d.u.i.k.p.NodeInfo        No instantiation for #106. Probably branch label not up to date in orLeft 
83672      WARN  main            d.u.i.k.p.NodeInfo        No instantiation for #107. Probably branch label not up to date in orLeft 
83672      WARN  main            d.u.i.k.p.NodeInfo        No instantiation for #106. Probably branch label not up to date in orLeft 
83678      WARN  main            d.u.i.k.p.NodeInfo        No instantiation for #104. Probably branch label not up to date in orLeft 
83678      WARN  main            d.u.i.k.p.NodeInfo        No instantiation for #104. Probably branch label not up to date in orLeft 
83678      WARN  main            d.u.i.k.p.NodeInfo        No instantiation for #104. Probably branch label not up to date in orLeft 
83679      WARN  main            d.u.i.k.p.NodeInfo        No instantiation for #104. Probably branch label not up to date in orLeft 
83679      WARN  main            d.u.i.k.p.NodeInfo        No instantiation for #105. Probably branch label not up to date in orLeft 
83679      WARN  main            d.u.i.k.p.NodeInfo        No instantiation for #105. Probably branch label not up to date in orLeft 
83679      WARN  main            d.u.i.k.p.NodeInfo        No instantiation for #105. Probably branch label not up to date in orLeft 
83679      WARN  main            d.u.i.k.p.NodeInfo        No instantiation for #105. Probably branch label not up to date in orLeft 
83679      WARN  main            d.u.i.k.p.NodeInfo        No instantiation for #106. Probably branch label not up to date in orLeft 
83679      WARN  main            d.u.i.k.p.NodeInfo        No instantiation for #106. Probably branch label not up to date in orLeft 
83679      WARN  main            d.u.i.k.p.NodeInfo        No instantiation for #106. Probably branch label not up to date in orLeft 
83679      WARN  main            d.u.i.k.p.NodeInfo        No instantiation for #107. Probably branch label not up to date in orLeft 
83679      WARN  main            d.u.i.k.p.NodeInfo        No instantiation for #107. Probably branch label not up to date in orLeft 
83679      WARN  main            d.u.i.k.p.NodeInfo        No instantiation for #107. Probably branch label not up to date in orLeft 
83679      WARN  main            d.u.i.k.p.NodeInfo        No instantiation for #106. Probably branch label not up to date in orLeft 
83679      WARN  main            d.u.i.k.p.NodeInfo        No instantiation for #107. Probably branch label not up to date in orLeft 
83680      WARN  main            d.u.i.k.p.NodeInfo        No instantiation for #106. Probably branch label not up to date in orLeft 
83680      WARN  main            d.u.i.k.p.NodeInfo        No instantiation for #79. Probably branch label not up to date in orLeft 
83680      WARN  main            d.u.i.k.p.NodeInfo        No instantiation for #79. Probably branch label not up to date in orLeft 
83680      WARN  main            d.u.i.k.p.NodeInfo        No instantiation for #79. Probably branch label not up to date in orLeft 
83680      WARN  main            d.u.i.k.p.NodeInfo        No instantiation for #79. Probably branch label not up to date in orLeft 
83680      WARN  main            d.u.i.k.p.NodeInfo        No instantiation for #79. Probably branch label not up to date in orLeft 
83680      WARN  main            d.u.i.k.p.NodeInfo        No instantiation for #104. Probably branch label not up to date in orLeft 
83680      WARN  main            d.u.i.k.p.NodeInfo        No instantiation for #104. Probably branch label not up to date in orLeft 
83680      WARN  main            d.u.i.k.p.NodeInfo        No instantiation for #104. Probably branch label not up to date in orLeft 
83680      WARN  main            d.u.i.k.p.NodeInfo        No instantiation for #104. Probably branch label not up to date in orLeft 
83680      WARN  main            d.u.i.k.p.NodeInfo        No instantiation for #105. Probably branch label not up to date in orLeft 
83680      WARN  main            d.u.i.k.p.NodeInfo        No instantiation for #105. Probably branch label not up to date in orLeft 
83681      WARN  main            d.u.i.k.p.NodeInfo        No instantiation for #105. Probably branch label not up to date in orLeft 
83681      WARN  main            d.u.i.k.p.NodeInfo        No instantiation for #105. Probably branch label not up to date in orLeft 
83681      WARN  main            d.u.i.k.p.NodeInfo        No instantiation for #106. Probably branch label not up to date in orLeft 
83681      WARN  main            d.u.i.k.p.NodeInfo        No instantiation for #106. Probably branch label not up to date in orLeft 
83681      WARN  main            d.u.i.k.p.NodeInfo        No instantiation for #106. Probably branch label not up to date in orLeft 
83681      WARN  main            d.u.i.k.p.NodeInfo        No instantiation for #107. Probably branch label not up to date in orLeft 
83681      WARN  main            d.u.i.k.p.NodeInfo        No instantiation for #107. Probably branch label not up to date in orLeft 
83681      WARN  main            d.u.i.k.p.NodeInfo        No instantiation for #107. Probably branch label not up to date in orLeft 
83681      WARN  main            d.u.i.k.p.NodeInfo        No instantiation for #106. Probably branch label not up to date in orLeft 
83681      WARN  main            d.u.i.k.p.NodeInfo        No instantiation for #107. Probably branch label not up to date in orLeft 
83681      WARN  main            d.u.i.k.p.NodeInfo        No instantiation for #106. Probably branch label not up to date in orLeft 
83681      WARN  main            d.u.i.k.p.NodeInfo        No instantiation for #79. Probably branch label not up to date in orLeft 
83681      WARN  main            d.u.i.k.p.NodeInfo        No instantiation for #79. Probably branch label not up to date in orLeft 
83682      WARN  main            d.u.i.k.p.NodeInfo        No instantiation for #79. Probably branch label not up to date in orLeft 
83682      WARN  main            d.u.i.k.p.NodeInfo        No instantiation for #79. Probably branch label not up to date in orLeft 
83682      WARN  main            d.u.i.k.p.NodeInfo        No instantiation for #79. Probably branch label not up to date in orLeft 
83682      WARN  main            d.u.i.k.p.NodeInfo        No instantiation for #104. Probably branch label not up to date in orLeft 
83682      WARN  main            d.u.i.k.p.NodeInfo        No instantiation for #104. Probably branch label not up to date in orLeft 
83682      WARN  main            d.u.i.k.p.NodeInfo        No instantiation for #104. Probably branch label not up to date in orLeft 
83682      WARN  main            d.u.i.k.p.NodeInfo        No instantiation for #104. Probably branch label not up to date in orLeft 
83682      WARN  main            d.u.i.k.p.NodeInfo        No instantiation for #105. Probably branch label not up to date in orLeft 
83682      WARN  main            d.u.i.k.p.NodeInfo        No instantiation for #105. Probably branch label not up to date in orLeft 
83682      WARN  main            d.u.i.k.p.NodeInfo        No instantiation for #105. Probably branch label not up to date in orLeft 
83682      WARN  main            d.u.i.k.p.NodeInfo        No instantiation for #105. Probably branch label not up to date in orLeft 
83682      WARN  main            d.u.i.k.p.NodeInfo        No instantiation for #106. Probably branch label not up to date in orLeft 
83683      WARN  main            d.u.i.k.p.NodeInfo        No instantiation for #106. Probably branch label not up to date in orLeft 
83683      WARN  main            d.u.i.k.p.NodeInfo        No instantiation for #106. Probably branch label not up to date in orLeft 
83683      WARN  main            d.u.i.k.p.NodeInfo        No instantiation for #107. Probably branch label not up to date in orLeft 
83683      WARN  main            d.u.i.k.p.NodeInfo        No instantiation for #107. Probably branch label not up to date in orLeft 
83683      WARN  main            d.u.i.k.p.NodeInfo        No instantiation for #107. Probably branch label not up to date in orLeft 
83683      WARN  main            d.u.i.k.p.NodeInfo        No instantiation for #106. Probably branch label not up to date in orLeft 
83683      WARN  main            d.u.i.k.p.NodeInfo        No instantiation for #107. Probably branch label not up to date in orLeft 
83683      WARN  main            d.u.i.k.p.NodeInfo        No instantiation for #106. Probably branch label not up to date in orLeft 
83683      WARN  main            d.u.i.k.p.NodeInfo        No instantiation for #79. Probably branch label not up to date in orLeft 
83683      WARN  main            d.u.i.k.p.NodeInfo        No instantiation for #79. Probably branch label not up to date in orLeft 
83683      WARN  main            d.u.i.k.p.NodeInfo        No instantiation for #79. Probably branch label not up to date in orLeft 
83683      WARN  main            d.u.i.k.p.NodeInfo        No instantiation for #79. Probably branch label not up to date in orLeft 
83683      WARN  main            d.u.i.k.p.NodeInfo        No instantiation for #79. Probably branch label not up to date in orLeft 
83684      WARN  main            d.u.i.k.p.NodeInfo        No instantiation for #104. Probably branch label not up to date in orLeft 
83684      WARN  main            d.u.i.k.p.NodeInfo        No instantiation for #104. Probably branch label not up to date in orLeft 
83684      WARN  main            d.u.i.k.p.NodeInfo        No instantiation for #104. Probably branch label not up to date in orLeft 
83684      WARN  main            d.u.i.k.p.NodeInfo        No instantiation for #104. Probably branch label not up to date in orLeft 
83684      WARN  main            d.u.i.k.p.NodeInfo        No instantiation for #105. Probably branch label not up to date in orLeft 
83684      WARN  main            d.u.i.k.p.NodeInfo        No instantiation for #105. Probably branch label not up to date in orLeft 
83684      WARN  main            d.u.i.k.p.NodeInfo        No instantiation for #105. Probably branch label not up to date in orLeft 
83684      WARN  main            d.u.i.k.p.NodeInfo        No instantiation for #105. Probably branch label not up to date in orLeft 
83684      WARN  main            d.u.i.k.p.NodeInfo        No instantiation for #106. Probably branch label not up to date in orLeft 
83684      WARN  main            d.u.i.k.p.NodeInfo        No instantiation for #106. Probably branch label not up to date in orLeft 
83684      WARN  main            d.u.i.k.p.NodeInfo        No instantiation for #106. Probably branch label not up to date in orLeft 
83684      WARN  main            d.u.i.k.p.NodeInfo        No instantiation for #107. Probably branch label not up to date in orLeft 
83685      WARN  main            d.u.i.k.p.NodeInfo        No instantiation for #107. Probably branch label not up to date in orLeft 
83685      WARN  main            d.u.i.k.p.NodeInfo        No instantiation for #107. Probably branch label not up to date in orLeft 
83685      WARN  main            d.u.i.k.p.NodeInfo        No instantiation for #106. Probably branch label not up to date in orLeft 
83685      WARN  main            d.u.i.k.p.NodeInfo        No instantiation for #107. Probably branch label not up to date in orLeft 
83685      WARN  main            d.u.i.k.p.NodeInfo        No instantiation for #106. Probably branch label not up to date in orLeft 
83685      WARN  main            d.u.i.k.p.NodeInfo        No instantiation for #79. Probably branch label not up to date in orLeft 
83685      WARN  main            d.u.i.k.p.NodeInfo        No instantiation for #79. Probably branch label not up to date in orLeft 
83685      WARN  main            d.u.i.k.p.NodeInfo        No instantiation for #79. Probably branch label not up to date in orLeft 
83685      WARN  main            d.u.i.k.p.NodeInfo        No instantiation for #79. Probably branch label not up to date in orLeft 
83685      WARN  main            d.u.i.k.p.NodeInfo        No instantiation for #79. Probably branch label not up to date in orLeft 
83685      WARN  main            d.u.i.k.p.NodeInfo        No instantiation for #104. Probably branch label not up to date in orLeft 
83685      WARN  main            d.u.i.k.p.NodeInfo        No instantiation for #104. Probably branch label not up to date in orLeft 
83685      WARN  main            d.u.i.k.p.NodeInfo        No instantiation for #104. Probably branch label not up to date in orLeft 
83686      WARN  main            d.u.i.k.p.NodeInfo        No instantiation for #104. Probably branch label not up to date in orLeft 
83686      WARN  main            d.u.i.k.p.NodeInfo        No instantiation for #105. Probably branch label not up to date in orLeft 
83686      WARN  main            d.u.i.k.p.NodeInfo        No instantiation for #105. Probably branch label not up to date in orLeft 
83686      WARN  main            d.u.i.k.p.NodeInfo        No instantiation for #105. Probably branch label not up to date in orLeft 
83686      WARN  main            d.u.i.k.p.NodeInfo        No instantiation for #105. Probably branch label not up to date in orLeft 
83686      WARN  main            d.u.i.k.p.NodeInfo        No instantiation for #106. Probably branch label not up to date in orLeft 
83686      WARN  main            d.u.i.k.p.NodeInfo        No instantiation for #106. Probably branch label not up to date in orLeft 
83686      WARN  main            d.u.i.k.p.NodeInfo        No instantiation for #106. Probably branch label not up to date in orLeft 
83686      WARN  main            d.u.i.k.p.NodeInfo        No instantiation for #107. Probably branch label not up to date in orLeft 
83686      WARN  main            d.u.i.k.p.NodeInfo        No instantiation for #107. Probably branch label not up to date in orLeft 
83686      WARN  main            d.u.i.k.p.NodeInfo        No instantiation for #107. Probably branch label not up to date in orLeft 
83686      WARN  main            d.u.i.k.p.NodeInfo        No instantiation for #106. Probably branch label not up to date in orLeft 
83686      WARN  main            d.u.i.k.p.NodeInfo        No instantiation for #107. Probably branch label not up to date in orLeft 
83687      WARN  main            d.u.i.k.p.NodeInfo        No instantiation for #106. Probably branch label not up to date in orLeft 
83687      WARN  main            d.u.i.k.p.NodeInfo        No instantiation for #79. Probably branch label not up to date in orLeft 
83687      WARN  main            d.u.i.k.p.NodeInfo        No instantiation for #79. Probably branch label not up to date in orLeft 
83687      WARN  main            d.u.i.k.p.NodeInfo        No instantiation for #79. Probably branch label not up to date in orLeft 
83687      WARN  main            d.u.i.k.p.NodeInfo        No instantiation for #79. Probably branch label not up to date in orLeft 
83687      WARN  main            d.u.i.k.p.NodeInfo        No instantiation for #79. Probably branch label not up to date in orLeft 
83687      WARN  main            d.u.i.k.p.NodeInfo        No instantiation for #104. Probably branch label not up to date in orLeft 
83687      WARN  main            d.u.i.k.p.NodeInfo        No instantiation for #104. Probably branch label not up to date in orLeft 
83687      WARN  main            d.u.i.k.p.NodeInfo        No instantiation for #104. Probably branch label not up to date in orLeft 
83687      WARN  main            d.u.i.k.p.NodeInfo        No instantiation for #104. Probably branch label not up to date in orLeft 
83687      WARN  main            d.u.i.k.p.NodeInfo        No instantiation for #105. Probably branch label not up to date in orLeft 
83687      WARN  main            d.u.i.k.p.NodeInfo        No instantiation for #105. Probably branch label not up to date in orLeft 
83688      WARN  main            d.u.i.k.p.NodeInfo        No instantiation for #105. Probably branch label not up to date in orLeft 
83688      WARN  main            d.u.i.k.p.NodeInfo        No instantiation for #105. Probably branch label not up to date in orLeft 
83688      WARN  main            d.u.i.k.p.NodeInfo        No instantiation for #106. Probably branch label not up to date in orLeft 
83688      WARN  main            d.u.i.k.p.NodeInfo        No instantiation for #106. Probably branch label not up to date in orLeft 
83688      WARN  main            d.u.i.k.p.NodeInfo        No instantiation for #106. Probably branch label not up to date in orLeft 
83688      WARN  main            d.u.i.k.p.NodeInfo        No instantiation for #107. Probably branch label not up to date in orLeft 
83688      WARN  main            d.u.i.k.p.NodeInfo        No instantiation for #107. Probably branch label not up to date in orLeft 
83688      WARN  main            d.u.i.k.p.NodeInfo        No instantiation for #107. Probably branch label not up to date in orLeft 
83688      WARN  main            d.u.i.k.p.NodeInfo        No instantiation for #106. Probably branch label not up to date in orLeft 
83688      WARN  main            d.u.i.k.p.NodeInfo        No instantiation for #107. Probably branch label not up to date in orLeft 
83688      WARN  main            d.u.i.k.p.NodeInfo        No instantiation for #106. Probably branch label not up to date in orLeft 
83726      WARN  main            d.u.i.k.p.NodeInfo        No instantiation for #104. Probably branch label not up to date in orLeft 
83727      WARN  main            d.u.i.k.p.NodeInfo        No instantiation for #104. Probably branch label not up to date in orLeft 
83727      WARN  main            d.u.i.k.p.NodeInfo        No instantiation for #104. Probably branch label not up to date in orLeft 
83727      WARN  main            d.u.i.k.p.NodeInfo        No instantiation for #104. Probably branch label not up to date in orLeft 
83727      WARN  main            d.u.i.k.p.NodeInfo        No instantiation for #105. Probably branch label not up to date in orLeft 
83727      WARN  main            d.u.i.k.p.NodeInfo        No instantiation for #105. Probably branch label not up to date in orLeft 
83727      WARN  main            d.u.i.k.p.NodeInfo        No instantiation for #105. Probably branch label not up to date in orLeft 
83727      WARN  main            d.u.i.k.p.NodeInfo        No instantiation for #105. Probably branch label not up to date in orLeft 
83727      WARN  main            d.u.i.k.p.NodeInfo        No instantiation for #106. Probably branch label not up to date in orLeft 
83727      WARN  main            d.u.i.k.p.NodeInfo        No instantiation for #106. Probably branch label not up to date in orLeft 
83727      WARN  main            d.u.i.k.p.NodeInfo        No instantiation for #106. Probably branch label not up to date in orLeft 
83728      WARN  main            d.u.i.k.p.NodeInfo        No instantiation for #107. Probably branch label not up to date in orLeft 
83728      WARN  main            d.u.i.k.p.NodeInfo        No instantiation for #107. Probably branch label not up to date in orLeft 
83728      WARN  main            d.u.i.k.p.NodeInfo        No instantiation for #107. Probably branch label not up to date in orLeft 
83728      WARN  main            d.u.i.k.p.NodeInfo        No instantiation for #106. Probably branch label not up to date in orLeft 
83728      WARN  main            d.u.i.k.p.NodeInfo        No instantiation for #107. Probably branch label not up to date in orLeft 
83728      WARN  main            d.u.i.k.p.NodeInfo        No instantiation for #106. Probably branch label not up to date in orLeft 
83728      WARN  main            d.u.i.k.p.NodeInfo        No instantiation for #79. Probably branch label not up to date in orLeft 
83728      WARN  main            d.u.i.k.p.NodeInfo        No instantiation for #79. Probably branch label not up to date in orLeft 
83728      WARN  main            d.u.i.k.p.NodeInfo        No instantiation for #79. Probably branch label not up to date in orLeft 
83728      WARN  main            d.u.i.k.p.NodeInfo        No instantiation for #79. Probably branch label not up to date in orLeft 
83728      WARN  main            d.u.i.k.p.NodeInfo        No instantiation for #79. Probably branch label not up to date in orLeft 
83728      WARN  main            d.u.i.k.p.NodeInfo        No instantiation for #104. Probably branch label not up to date in orLeft 
83729      WARN  main            d.u.i.k.p.NodeInfo        No instantiation for #104. Probably branch label not up to date in orLeft 
83729      WARN  main            d.u.i.k.p.NodeInfo        No instantiation for #104. Probably branch label not up to date in orLeft 
83729      WARN  main            d.u.i.k.p.NodeInfo        No instantiation for #104. Probably branch label not up to date in orLeft 
83729      WARN  main            d.u.i.k.p.NodeInfo        No instantiation for #105. Probably branch label not up to date in orLeft 
83729      WARN  main            d.u.i.k.p.NodeInfo        No instantiation for #105. Probably branch label not up to date in orLeft 
83729      WARN  main            d.u.i.k.p.NodeInfo        No instantiation for #105. Probably branch label not up to date in orLeft 
83729      WARN  main            d.u.i.k.p.NodeInfo        No instantiation for #105. Probably branch label not up to date in orLeft 
83729      WARN  main            d.u.i.k.p.NodeInfo        No instantiation for #106. Probably branch label not up to date in orLeft 
83729      WARN  main            d.u.i.k.p.NodeInfo        No instantiation for #106. Probably branch label not up to date in orLeft 
83729      WARN  main            d.u.i.k.p.NodeInfo        No instantiation for #106. Probably branch label not up to date in orLeft 
83729      WARN  main            d.u.i.k.p.NodeInfo        No instantiation for #107. Probably branch label not up to date in orLeft 
83729      WARN  main            d.u.i.k.p.NodeInfo        No instantiation for #107. Probably branch label not up to date in orLeft 
83729      WARN  main            d.u.i.k.p.NodeInfo        No instantiation for #107. Probably branch label not up to date in orLeft 
83730      WARN  main            d.u.i.k.p.NodeInfo        No instantiation for #106. Probably branch label not up to date in orLeft 
83730      WARN  main            d.u.i.k.p.NodeInfo        No instantiation for #107. Probably branch label not up to date in orLeft 
83730      WARN  main            d.u.i.k.p.NodeInfo        No instantiation for #106. Probably branch label not up to date in orLeft 
83735      WARN  main            d.u.i.k.p.NodeInfo        No instantiation for #104. Probably branch label not up to date in orLeft 
83735      WARN  main            d.u.i.k.p.NodeInfo        No instantiation for #104. Probably branch label not up to date in orLeft 
83735      WARN  main            d.u.i.k.p.NodeInfo        No instantiation for #104. Probably branch label not up to date in orLeft 
83735      WARN  main            d.u.i.k.p.NodeInfo        No instantiation for #104. Probably branch label not up to date in orLeft 
83735      WARN  main            d.u.i.k.p.NodeInfo        No instantiation for #105. Probably branch label not up to date in orLeft 
83735      WARN  main            d.u.i.k.p.NodeInfo        No instantiation for #105. Probably branch label not up to date in orLeft 
83735      WARN  main            d.u.i.k.p.NodeInfo        No instantiation for #105. Probably branch label not up to date in orLeft 
83735      WARN  main            d.u.i.k.p.NodeInfo        No instantiation for #105. Probably branch label not up to date in orLeft 
83735      WARN  main            d.u.i.k.p.NodeInfo        No instantiation for #106. Probably branch label not up to date in orLeft 
83735      WARN  main            d.u.i.k.p.NodeInfo        No instantiation for #106. Probably branch label not up to date in orLeft 
83735      WARN  main            d.u.i.k.p.NodeInfo        No instantiation for #106. Probably branch label not up to date in orLeft 
83736      WARN  main            d.u.i.k.p.NodeInfo        No instantiation for #107. Probably branch label not up to date in orLeft 
83736      WARN  main            d.u.i.k.p.NodeInfo        No instantiation for #107. Probably branch label not up to date in orLeft 
83736      WARN  main            d.u.i.k.p.NodeInfo        No instantiation for #107. Probably branch label not up to date in orLeft 
83736      WARN  main            d.u.i.k.p.NodeInfo        No instantiation for #106. Probably branch label not up to date in orLeft 
83736      WARN  main            d.u.i.k.p.NodeInfo        No instantiation for #107. Probably branch label not up to date in orLeft 
83736      WARN  main            d.u.i.k.p.NodeInfo        No instantiation for #106. Probably branch label not up to date in orLeft 
83736      WARN  main            d.u.i.k.p.NodeInfo        No instantiation for #79. Probably branch label not up to date in orLeft 
83736      WARN  main            d.u.i.k.p.NodeInfo        No instantiation for #79. Probably branch label not up to date in orLeft 
83736      WARN  main            d.u.i.k.p.NodeInfo        No instantiation for #79. Probably branch label not up to date in orLeft 
83736      WARN  main            d.u.i.k.p.NodeInfo        No instantiation for #79. Probably branch label not up to date in orLeft 
83736      WARN  main            d.u.i.k.p.NodeInfo        No instantiation for #79. Probably branch label not up to date in orLeft 
83736      WARN  main            d.u.i.k.p.NodeInfo        No instantiation for #104. Probably branch label not up to date in orLeft 
83737      WARN  main            d.u.i.k.p.NodeInfo        No instantiation for #104. Probably branch label not up to date in orLeft 
83737      WARN  main            d.u.i.k.p.NodeInfo        No instantiation for #104. Probably branch label not up to date in orLeft 
83737      WARN  main            d.u.i.k.p.NodeInfo        No instantiation for #104. Probably branch label not up to date in orLeft 
83737      WARN  main            d.u.i.k.p.NodeInfo        No instantiation for #105. Probably branch label not up to date in orLeft 
83737      WARN  main            d.u.i.k.p.NodeInfo        No instantiation for #105. Probably branch label not up to date in orLeft 
83737      WARN  main            d.u.i.k.p.NodeInfo        No instantiation for #105. Probably branch label not up to date in orLeft 
83737      WARN  main            d.u.i.k.p.NodeInfo        No instantiation for #105. Probably branch label not up to date in orLeft 
83737      WARN  main            d.u.i.k.p.NodeInfo        No instantiation for #106. Probably branch label not up to date in orLeft 
83737      WARN  main            d.u.i.k.p.NodeInfo        No instantiation for #106. Probably branch label not up to date in orLeft 
83737      WARN  main            d.u.i.k.p.NodeInfo        No instantiation for #106. Probably branch label not up to date in orLeft 
83737      WARN  main            d.u.i.k.p.NodeInfo        No instantiation for #107. Probably branch label not up to date in orLeft 
83737      WARN  main            d.u.i.k.p.NodeInfo        No instantiation for #107. Probably branch label not up to date in orLeft 
83738      WARN  main            d.u.i.k.p.NodeInfo        No instantiation for #107. Probably branch label not up to date in orLeft 
83738      WARN  main            d.u.i.k.p.NodeInfo        No instantiation for #106. Probably branch label not up to date in orLeft 
83738      WARN  main            d.u.i.k.p.NodeInfo        No instantiation for #107. Probably branch label not up to date in orLeft 
83738      WARN  main            d.u.i.k.p.NodeInfo        No instantiation for #106. Probably branch label not up to date in orLeft 
83738      WARN  main            d.u.i.k.p.NodeInfo        No instantiation for #79. Probably branch label not up to date in orLeft 
83738      WARN  main            d.u.i.k.p.NodeInfo        No instantiation for #79. Probably branch label not up to date in orLeft 
83738      WARN  main            d.u.i.k.p.NodeInfo        No instantiation for #79. Probably branch label not up to date in orLeft 
83738      WARN  main            d.u.i.k.p.NodeInfo        No instantiation for #79. Probably branch label not up to date in orLeft 
83738      WARN  main            d.u.i.k.p.NodeInfo        No instantiation for #79. Probably branch label not up to date in orLeft 
83738      WARN  main            d.u.i.k.p.NodeInfo        No instantiation for #104. Probably branch label not up to date in orLeft 
83738      WARN  main            d.u.i.k.p.NodeInfo        No instantiation for #104. Probably branch label not up to date in orLeft 
83738      WARN  main            d.u.i.k.p.NodeInfo        No instantiation for #104. Probably branch label not up to date in orLeft 
83739      WARN  main            d.u.i.k.p.NodeInfo        No instantiation for #104. Probably branch label not up to date in orLeft 
83739      WARN  main            d.u.i.k.p.NodeInfo        No instantiation for #105. Probably branch label not up to date in orLeft 
83739      WARN  main            d.u.i.k.p.NodeInfo        No instantiation for #105. Probably branch label not up to date in orLeft 
83739      WARN  main            d.u.i.k.p.NodeInfo        No instantiation for #105. Probably branch label not up to date in orLeft 
83739      WARN  main            d.u.i.k.p.NodeInfo        No instantiation for #105. Probably branch label not up to date in orLeft 
83739      WARN  main            d.u.i.k.p.NodeInfo        No instantiation for #106. Probably branch label not up to date in orLeft 
83739      WARN  main            d.u.i.k.p.NodeInfo        No instantiation for #106. Probably branch label not up to date in orLeft 
83739      WARN  main            d.u.i.k.p.NodeInfo        No instantiation for #106. Probably branch label not up to date in orLeft 
83739      WARN  main            d.u.i.k.p.NodeInfo        No instantiation for #107. Probably branch label not up to date in orLeft 
83739      WARN  main            d.u.i.k.p.NodeInfo        No instantiation for #107. Probably branch label not up to date in orLeft 
83739      WARN  main            d.u.i.k.p.NodeInfo        No instantiation for #107. Probably branch label not up to date in orLeft 
83739      WARN  main            d.u.i.k.p.NodeInfo        No instantiation for #106. Probably branch label not up to date in orLeft 
83739      WARN  main            d.u.i.k.p.NodeInfo        No instantiation for #107. Probably branch label not up to date in orLeft 
83740      WARN  main            d.u.i.k.p.NodeInfo        No instantiation for #106. Probably branch label not up to date in orLeft 
83740      WARN  main            d.u.i.k.p.NodeInfo        No instantiation for #79. Probably branch label not up to date in orLeft 
83740      WARN  main            d.u.i.k.p.NodeInfo        No instantiation for #79. Probably branch label not up to date in orLeft 
83740      WARN  main            d.u.i.k.p.NodeInfo        No instantiation for #79. Probably branch label not up to date in orLeft 
83740      WARN  main            d.u.i.k.p.NodeInfo        No instantiation for #79. Probably branch label not up to date in orLeft 
83740      WARN  main            d.u.i.k.p.NodeInfo        No instantiation for #79. Probably branch label not up to date in orLeft 
83740      WARN  main            d.u.i.k.p.NodeInfo        No instantiation for #104. Probably branch label not up to date in orLeft 
83740      WARN  main            d.u.i.k.p.NodeInfo        No instantiation for #104. Probably branch label not up to date in orLeft 
83740      WARN  main            d.u.i.k.p.NodeInfo        No instantiation for #104. Probably branch label not up to date in orLeft 
83740      WARN  main            d.u.i.k.p.NodeInfo        No instantiation for #104. Probably branch label not up to date in orLeft 
83740      WARN  main            d.u.i.k.p.NodeInfo        No instantiation for #105. Probably branch label not up to date in orLeft 
83740      WARN  main            d.u.i.k.p.NodeInfo        No instantiation for #105. Probably branch label not up to date in orLeft 
83740      WARN  main            d.u.i.k.p.NodeInfo        No instantiation for #105. Probably branch label not up to date in orLeft 
83741      WARN  main            d.u.i.k.p.NodeInfo        No instantiation for #105. Probably branch label not up to date in orLeft 
83741      WARN  main            d.u.i.k.p.NodeInfo        No instantiation for #106. Probably branch label not up to date in orLeft 
83741      WARN  main            d.u.i.k.p.NodeInfo        No instantiation for #106. Probably branch label not up to date in orLeft 
83741      WARN  main            d.u.i.k.p.NodeInfo        No instantiation for #106. Probably branch label not up to date in orLeft 
83741      WARN  main            d.u.i.k.p.NodeInfo        No instantiation for #107. Probably branch label not up to date in orLeft 
83741      WARN  main            d.u.i.k.p.NodeInfo        No instantiation for #107. Probably branch label not up to date in orLeft 
83741      WARN  main            d.u.i.k.p.NodeInfo        No instantiation for #107. Probably branch label not up to date in orLeft 
83741      WARN  main            d.u.i.k.p.NodeInfo        No instantiation for #106. Probably branch label not up to date in orLeft 
83741      WARN  main            d.u.i.k.p.NodeInfo        No instantiation for #107. Probably branch label not up to date in orLeft 
83741      WARN  main            d.u.i.k.p.NodeInfo        No instantiation for #106. Probably branch label not up to date in orLeft 
83741      WARN  main            d.u.i.k.p.NodeInfo        No instantiation for #79. Probably branch label not up to date in orLeft 
83741      WARN  main            d.u.i.k.p.NodeInfo        No instantiation for #79. Probably branch label not up to date in orLeft 
83742      WARN  main            d.u.i.k.p.NodeInfo        No instantiation for #79. Probably branch label not up to date in orLeft 
83742      WARN  main            d.u.i.k.p.NodeInfo        No instantiation for #79. Probably branch label not up to date in orLeft 
83742      WARN  main            d.u.i.k.p.NodeInfo        No instantiation for #79. Probably branch label not up to date in orLeft 
83766      WARN  main            d.u.i.k.p.NodeInfo        No instantiation for #104. Probably branch label not up to date in orLeft 
83766      WARN  main            d.u.i.k.p.NodeInfo        No instantiation for #104. Probably branch label not up to date in orLeft 
83767      WARN  main            d.u.i.k.p.NodeInfo        No instantiation for #104. Probably branch label not up to date in orLeft 
83767      WARN  main            d.u.i.k.p.NodeInfo        No instantiation for #104. Probably branch label not up to date in orLeft 
83767      WARN  main            d.u.i.k.p.NodeInfo        No instantiation for #105. Probably branch label not up to date in orLeft 
83767      WARN  main            d.u.i.k.p.NodeInfo        No instantiation for #105. Probably branch label not up to date in orLeft 
83767      WARN  main            d.u.i.k.p.NodeInfo        No instantiation for #105. Probably branch label not up to date in orLeft 
83767      WARN  main            d.u.i.k.p.NodeInfo        No instantiation for #105. Probably branch label not up to date in orLeft 
83767      WARN  main            d.u.i.k.p.NodeInfo        No instantiation for #106. Probably branch label not up to date in orLeft 
83767      WARN  main            d.u.i.k.p.NodeInfo        No instantiation for #106. Probably branch label not up to date in orLeft 
83767      WARN  main            d.u.i.k.p.NodeInfo        No instantiation for #106. Probably branch label not up to date in orLeft 
83767      WARN  main            d.u.i.k.p.NodeInfo        No instantiation for #107. Probably branch label not up to date in orLeft 
83767      WARN  main            d.u.i.k.p.NodeInfo        No instantiation for #107. Probably branch label not up to date in orLeft 
83767      WARN  main            d.u.i.k.p.NodeInfo        No instantiation for #107. Probably branch label not up to date in orLeft 
83767      WARN  main            d.u.i.k.p.NodeInfo        No instantiation for #106. Probably branch label not up to date in orLeft 
83768      WARN  main            d.u.i.k.p.NodeInfo        No instantiation for #107. Probably branch label not up to date in orLeft 
83768      WARN  main            d.u.i.k.p.NodeInfo        No instantiation for #106. Probably branch label not up to date in orLeft 
83768      WARN  main            d.u.i.k.p.NodeInfo        No instantiation for #79. Probably branch label not up to date in orLeft 
83768      WARN  main            d.u.i.k.p.NodeInfo        No instantiation for #79. Probably branch label not up to date in orLeft 
83768      WARN  main            d.u.i.k.p.NodeInfo        No instantiation for #79. Probably branch label not up to date in orLeft 
83768      WARN  main            d.u.i.k.p.NodeInfo        No instantiation for #79. Probably branch label not up to date in orLeft 
83768      WARN  main            d.u.i.k.p.NodeInfo        No instantiation for #79. Probably branch label not up to date in orLeft 
83768      WARN  main            d.u.i.k.p.NodeInfo        No instantiation for #104. Probably branch label not up to date in orLeft 
83768      WARN  main            d.u.i.k.p.NodeInfo        No instantiation for #104. Probably branch label not up to date in orLeft 
83768      WARN  main            d.u.i.k.p.NodeInfo        No instantiation for #104. Probably branch label not up to date in orLeft 
83768      WARN  main            d.u.i.k.p.NodeInfo        No instantiation for #104. Probably branch label not up to date in orLeft 
83768      WARN  main            d.u.i.k.p.NodeInfo        No instantiation for #105. Probably branch label not up to date in orLeft 
83768      WARN  main            d.u.i.k.p.NodeInfo        No instantiation for #105. Probably branch label not up to date in orLeft 
83769      WARN  main            d.u.i.k.p.NodeInfo        No instantiation for #105. Probably branch label not up to date in orLeft 
83769      WARN  main            d.u.i.k.p.NodeInfo        No instantiation for #105. Probably branch label not up to date in orLeft 
83769      WARN  main            d.u.i.k.p.NodeInfo        No instantiation for #106. Probably branch label not up to date in orLeft 
83769      WARN  main            d.u.i.k.p.NodeInfo        No instantiation for #106. Probably branch label not up to date in orLeft 
83769      WARN  main            d.u.i.k.p.NodeInfo        No instantiation for #106. Probably branch label not up to date in orLeft 
83769      WARN  main            d.u.i.k.p.NodeInfo        No instantiation for #107. Probably branch label not up to date in orLeft 
83769      WARN  main            d.u.i.k.p.NodeInfo        No instantiation for #107. Probably branch label not up to date in orLeft 
83769      WARN  main            d.u.i.k.p.NodeInfo        No instantiation for #107. Probably branch label not up to date in orLeft 
83769      WARN  main            d.u.i.k.p.NodeInfo        No instantiation for #106. Probably branch label not up to date in orLeft 
83769      WARN  main            d.u.i.k.p.NodeInfo        No instantiation for #107. Probably branch label not up to date in orLeft 
83769      WARN  main            d.u.i.k.p.NodeInfo        No instantiation for #106. Probably branch label not up to date in orLeft 
83769      WARN  main            d.u.i.k.p.NodeInfo        No instantiation for #79. Probably branch label not up to date in orLeft 
83769      WARN  main            d.u.i.k.p.NodeInfo        No instantiation for #79. Probably branch label not up to date in orLeft 
83769      WARN  main            d.u.i.k.p.NodeInfo        No instantiation for #79. Probably branch label not up to date in orLeft 
83770      WARN  main            d.u.i.k.p.NodeInfo        No instantiation for #79. Probably branch label not up to date in orLeft 
83770      WARN  main            d.u.i.k.p.NodeInfo        No instantiation for #79. Probably branch label not up to date in orLeft 
83772      WARN  main            d.u.i.k.p.NodeInfo        No instantiation for #104. Probably branch label not up to date in orLeft 
83773      WARN  main            d.u.i.k.p.NodeInfo        No instantiation for #104. Probably branch label not up to date in orLeft 
83773      WARN  main            d.u.i.k.p.NodeInfo        No instantiation for #104. Probably branch label not up to date in orLeft 
83773      WARN  main            d.u.i.k.p.NodeInfo        No instantiation for #104. Probably branch label not up to date in orLeft 
83773      WARN  main            d.u.i.k.p.NodeInfo        No instantiation for #105. Probably branch label not up to date in orLeft 
83773      WARN  main            d.u.i.k.p.NodeInfo        No instantiation for #105. Probably branch label not up to date in orLeft 
83773      WARN  main            d.u.i.k.p.NodeInfo        No instantiation for #105. Probably branch label not up to date in orLeft 
83773      WARN  main            d.u.i.k.p.NodeInfo        No instantiation for #105. Probably branch label not up to date in orLeft 
83773      WARN  main            d.u.i.k.p.NodeInfo        No instantiation for #106. Probably branch label not up to date in orLeft 
83773      WARN  main            d.u.i.k.p.NodeInfo        No instantiation for #106. Probably branch label not up to date in orLeft 
83773      WARN  main            d.u.i.k.p.NodeInfo        No instantiation for #106. Probably branch label not up to date in orLeft 
83774      WARN  main            d.u.i.k.p.NodeInfo        No instantiation for #107. Probably branch label not up to date in orLeft 
83774      WARN  main            d.u.i.k.p.NodeInfo        No instantiation for #107. Probably branch label not up to date in orLeft 
83774      WARN  main            d.u.i.k.p.NodeInfo        No instantiation for #107. Probably branch label not up to date in orLeft 
83774      WARN  main            d.u.i.k.p.NodeInfo        No instantiation for #106. Probably branch label not up to date in orLeft 
83774      WARN  main            d.u.i.k.p.NodeInfo        No instantiation for #107. Probably branch label not up to date in orLeft 
83774      WARN  main            d.u.i.k.p.NodeInfo        No instantiation for #106. Probably branch label not up to date in orLeft 
83774      WARN  main            d.u.i.k.p.NodeInfo        No instantiation for #79. Probably branch label not up to date in orLeft 
83774      WARN  main            d.u.i.k.p.NodeInfo        No instantiation for #79. Probably branch label not up to date in orLeft 
83774      WARN  main            d.u.i.k.p.NodeInfo        No instantiation for #79. Probably branch label not up to date in orLeft 
83774      WARN  main            d.u.i.k.p.NodeInfo        No instantiation for #79. Probably branch label not up to date in orLeft 
83774      WARN  main            d.u.i.k.p.NodeInfo        No instantiation for #79. Probably branch label not up to date in orLeft 
83774      WARN  main            d.u.i.k.p.NodeInfo        No instantiation for #104. Probably branch label not up to date in orLeft 
83775      WARN  main            d.u.i.k.p.NodeInfo        No instantiation for #104. Probably branch label not up to date in orLeft 
83775      WARN  main            d.u.i.k.p.NodeInfo        No instantiation for #104. Probably branch label not up to date in orLeft 
83775      WARN  main            d.u.i.k.p.NodeInfo        No instantiation for #104. Probably branch label not up to date in orLeft 
83775      WARN  main            d.u.i.k.p.NodeInfo        No instantiation for #105. Probably branch label not up to date in orLeft 
83775      WARN  main            d.u.i.k.p.NodeInfo        No instantiation for #105. Probably branch label not up to date in orLeft 
83775      WARN  main            d.u.i.k.p.NodeInfo        No instantiation for #105. Probably branch label not up to date in orLeft 
83775      WARN  main            d.u.i.k.p.NodeInfo        No instantiation for #105. Probably branch label not up to date in orLeft 
83775      WARN  main            d.u.i.k.p.NodeInfo        No instantiation for #106. Probably branch label not up to date in orLeft 
83775      WARN  main            d.u.i.k.p.NodeInfo        No instantiation for #106. Probably branch label not up to date in orLeft 
83775      WARN  main            d.u.i.k.p.NodeInfo        No instantiation for #106. Probably branch label not up to date in orLeft 
83775      WARN  main            d.u.i.k.p.NodeInfo        No instantiation for #107. Probably branch label not up to date in orLeft 
83775      WARN  main            d.u.i.k.p.NodeInfo        No instantiation for #107. Probably branch label not up to date in orLeft 
83775      WARN  main            d.u.i.k.p.NodeInfo        No instantiation for #107. Probably branch label not up to date in orLeft 
83776      WARN  main            d.u.i.k.p.NodeInfo        No instantiation for #106. Probably branch label not up to date in orLeft 
83776      WARN  main            d.u.i.k.p.NodeInfo        No instantiation for #107. Probably branch label not up to date in orLeft 
83776      WARN  main            d.u.i.k.p.NodeInfo        No instantiation for #106. Probably branch label not up to date in orLeft 
83776      WARN  main            d.u.i.k.p.NodeInfo        No instantiation for #79. Probably branch label not up to date in orLeft 
83776      WARN  main            d.u.i.k.p.NodeInfo        No instantiation for #79. Probably branch label not up to date in orLeft 
83776      WARN  main            d.u.i.k.p.NodeInfo        No instantiation for #79. Probably branch label not up to date in orLeft 
83776      WARN  main            d.u.i.k.p.NodeInfo        No instantiation for #79. Probably branch label not up to date in orLeft 
83776      WARN  main            d.u.i.k.p.NodeInfo        No instantiation for #79. Probably branch label not up to date in orLeft 
225902     WARN  main            d.u.i.k.p.NodeInfo        No instantiation for #60. Probably branch label not up to date in orLeft 
225902     WARN  main            d.u.i.k.p.NodeInfo        No instantiation for #60. Probably branch label not up to date in orLeft 
225913     WARN  main            d.u.i.k.p.NodeInfo        No instantiation for #60. Probably branch label not up to date in orLeft 
225913     WARN  main            d.u.i.k.p.NodeInfo        No instantiation for #60. Probably branch label not up to date in orLeft 
225913     WARN  main            d.u.i.k.p.NodeInfo        No instantiation for #61. Probably branch label not up to date in orLeft 
225913     WARN  main            d.u.i.k.p.NodeInfo        No instantiation for #61. Probably branch label not up to date in orLeft 
225913     WARN  main            d.u.i.k.p.NodeInfo        No instantiation for #62. Probably branch label not up to date in orLeft 
225913     WARN  main            d.u.i.k.p.NodeInfo        No instantiation for #62. Probably branch label not up to date in orLeft 
225913     WARN  main            d.u.i.k.p.NodeInfo        No instantiation for #63. Probably branch label not up to date in orLeft 
225913     WARN  main            d.u.i.k.p.NodeInfo        No instantiation for #63. Probably branch label not up to date in orLeft 
225913     WARN  main            d.u.i.k.p.NodeInfo        No instantiation for #60. Probably branch label not up to date in orLeft 
225913     WARN  main            d.u.i.k.p.NodeInfo        No instantiation for #60. Probably branch label not up to date in orLeft 
225913     WARN  main            d.u.i.k.p.NodeInfo        No instantiation for #60. Probably branch label not up to date in orLeft 
225913     WARN  main            d.u.i.k.p.NodeInfo        No instantiation for #60. Probably branch label not up to date in orLeft 
225913     WARN  main            d.u.i.k.p.NodeInfo        No instantiation for #61. Probably branch label not up to date in orLeft 
225913     WARN  main            d.u.i.k.p.NodeInfo        No instantiation for #61. Probably branch label not up to date in orLeft 
225913     WARN  main            d.u.i.k.p.NodeInfo        No instantiation for #62. Probably branch label not up to date in orLeft 
225913     WARN  main            d.u.i.k.p.NodeInfo        No instantiation for #62. Probably branch label not up to date in orLeft 
225913     WARN  main            d.u.i.k.p.NodeInfo        No instantiation for #63. Probably branch label not up to date in orLeft 
225913     WARN  main            d.u.i.k.p.NodeInfo        No instantiation for #63. Probably branch label not up to date in orLeft 
225928     WARN  main            d.u.i.k.p.NodeInfo        No instantiation for #60. Probably branch label not up to date in orLeft 
225928     WARN  main            d.u.i.k.p.NodeInfo        No instantiation for #60. Probably branch label not up to date in orLeft 
225928     WARN  main            d.u.i.k.p.NodeInfo        No instantiation for #60. Probably branch label not up to date in orLeft 
225928     WARN  main            d.u.i.k.p.NodeInfo        No instantiation for #60. Probably branch label not up to date in orLeft 
225929     WARN  main            d.u.i.k.p.NodeInfo        No instantiation for #61. Probably branch label not up to date in orLeft 
225929     WARN  main            d.u.i.k.p.NodeInfo        No instantiation for #61. Probably branch label not up to date in orLeft 
225929     WARN  main            d.u.i.k.p.NodeInfo        No instantiation for #62. Probably branch label not up to date in orLeft 
225929     WARN  main            d.u.i.k.p.NodeInfo        No instantiation for #62. Probably branch label not up to date in orLeft 
225929     WARN  main            d.u.i.k.p.NodeInfo        No instantiation for #63. Probably branch label not up to date in orLeft 
225929     WARN  main            d.u.i.k.p.NodeInfo        No instantiation for #63. Probably branch label not up to date in orLeft 
225929     WARN  main            d.u.i.k.p.NodeInfo        No instantiation for #60. Probably branch label not up to date in orLeft 
225929     WARN  main            d.u.i.k.p.NodeInfo        No instantiation for #60. Probably branch label not up to date in orLeft 
225929     WARN  main            d.u.i.k.p.NodeInfo        No instantiation for #60. Probably branch label not up to date in orLeft 
225929     WARN  main            d.u.i.k.p.NodeInfo        No instantiation for #60. Probably branch label not up to date in orLeft 
225929     WARN  main            d.u.i.k.p.NodeInfo        No instantiation for #61. Probably branch label not up to date in orLeft 
225929     WARN  main            d.u.i.k.p.NodeInfo        No instantiation for #61. Probably branch label not up to date in orLeft 
225929     WARN  main            d.u.i.k.p.NodeInfo        No instantiation for #62. Probably branch label not up to date in orLeft 
225929     WARN  main            d.u.i.k.p.NodeInfo        No instantiation for #62. Probably branch label not up to date in orLeft 
225929     WARN  main            d.u.i.k.p.NodeInfo        No instantiation for #63. Probably branch label not up to date in orLeft 
225929     WARN  main            d.u.i.k.p.NodeInfo        No instantiation for #63. Probably branch label not up to date in orLeft 
225929     WARN  main            d.u.i.k.p.NodeInfo        No instantiation for #60. Probably branch label not up to date in orLeft 
225929     WARN  main            d.u.i.k.p.NodeInfo        No instantiation for #60. Probably branch label not up to date in orLeft 
225929     WARN  main            d.u.i.k.p.NodeInfo        No instantiation for #60. Probably branch label not up to date in orLeft 
225929     WARN  main            d.u.i.k.p.NodeInfo        No instantiation for #60. Probably branch label not up to date in orLeft 
225929     WARN  main            d.u.i.k.p.NodeInfo        No instantiation for #61. Probably branch label not up to date in orLeft 
225929     WARN  main            d.u.i.k.p.NodeInfo        No instantiation for #61. Probably branch label not up to date in orLeft 
225929     WARN  main            d.u.i.k.p.NodeInfo        No instantiation for #62. Probably branch label not up to date in orLeft 
225929     WARN  main            d.u.i.k.p.NodeInfo        No instantiation for #62. Probably branch label not up to date in orLeft 
225929     WARN  main            d.u.i.k.p.NodeInfo        No instantiation for #63. Probably branch label not up to date in orLeft 
225929     WARN  main            d.u.i.k.p.NodeInfo        No instantiation for #63. Probably branch label not up to date in orLeft 
225929     WARN  main            d.u.i.k.p.NodeInfo        No instantiation for #60. Probably branch label not up to date in orLeft 
225929     WARN  main            d.u.i.k.p.NodeInfo        No instantiation for #60. Probably branch label not up to date in orLeft 
225929     WARN  main            d.u.i.k.p.NodeInfo        No instantiation for #60. Probably branch label not up to date in orLeft 
225929     WARN  main            d.u.i.k.p.NodeInfo        No instantiation for #60. Probably branch label not up to date in orLeft 
225929     WARN  main            d.u.i.k.p.NodeInfo        No instantiation for #61. Probably branch label not up to date in orLeft 
225929     WARN  main            d.u.i.k.p.NodeInfo        No instantiation for #61. Probably branch label not up to date in orLeft 
225929     WARN  main            d.u.i.k.p.NodeInfo        No instantiation for #62. Probably branch label not up to date in orLeft 
225929     WARN  main            d.u.i.k.p.NodeInfo        No instantiation for #62. Probably branch label not up to date in orLeft 
225929     WARN  main            d.u.i.k.p.NodeInfo        No instantiation for #63. Probably branch label not up to date in orLeft 
225929     WARN  main            d.u.i.k.p.NodeInfo        No instantiation for #63. Probably branch label not up to date in orLeft 
225929     WARN  main            d.u.i.k.p.NodeInfo        No instantiation for #60. Probably branch label not up to date in orLeft 
225929     WARN  main            d.u.i.k.p.NodeInfo        No instantiation for #60. Probably branch label not up to date in orLeft 
225929     WARN  main            d.u.i.k.p.NodeInfo        No instantiation for #60. Probably branch label not up to date in orLeft 
225929     WARN  main            d.u.i.k.p.NodeInfo        No instantiation for #60. Probably branch label not up to date in orLeft 
225929     WARN  main            d.u.i.k.p.NodeInfo        No instantiation for #61. Probably branch label not up to date in orLeft 
225929     WARN  main            d.u.i.k.p.NodeInfo        No instantiation for #61. Probably branch label not up to date in orLeft 
225929     WARN  main            d.u.i.k.p.NodeInfo        No instantiation for #62. Probably branch label not up to date in orLeft 
225929     WARN  main            d.u.i.k.p.NodeInfo        No instantiation for #62. Probably branch label not up to date in orLeft 
225929     WARN  main            d.u.i.k.p.NodeInfo        No instantiation for #63. Probably branch label not up to date in orLeft 
225929     WARN  main            d.u.i.k.p.NodeInfo        No instantiation for #63. Probably branch label not up to date in orLeft 
225929     WARN  main            d.u.i.k.p.NodeInfo        No instantiation for #60. Probably branch label not up to date in orLeft 
225929     WARN  main            d.u.i.k.p.NodeInfo        No instantiation for #60. Probably branch label not up to date in orLeft 
225929     WARN  main            d.u.i.k.p.NodeInfo        No instantiation for #60. Probably branch label not up to date in orLeft 
225929     WARN  main            d.u.i.k.p.NodeInfo        No instantiation for #60. Probably branch label not up to date in orLeft 
225929     WARN  main            d.u.i.k.p.NodeInfo        No instantiation for #61. Probably branch label not up to date in orLeft 
225929     WARN  main            d.u.i.k.p.NodeInfo        No instantiation for #61. Probably branch label not up to date in orLeft 
225929     WARN  main            d.u.i.k.p.NodeInfo        No instantiation for #62. Probably branch label not up to date in orLeft 
225929     WARN  main            d.u.i.k.p.NodeInfo        No instantiation for #62. Probably branch label not up to date in orLeft 
225929     WARN  main            d.u.i.k.p.NodeInfo        No instantiation for #63. Probably branch label not up to date in orLeft 
225929     WARN  main            d.u.i.k.p.NodeInfo        No instantiation for #63. Probably branch label not up to date in orLeft 
225929     WARN  main            d.u.i.k.p.NodeInfo        No instantiation for #60. Probably branch label not up to date in orLeft 
225929     WARN  main            d.u.i.k.p.NodeInfo        No instantiation for #60. Probably branch label not up to date in orLeft 
225929     WARN  main            d.u.i.k.p.NodeInfo        No instantiation for #60. Probably branch label not up to date in orLeft 
225929     WARN  main            d.u.i.k.p.NodeInfo        No instantiation for #60. Probably branch label not up to date in orLeft 
225929     WARN  main            d.u.i.k.p.NodeInfo        No instantiation for #61. Probably branch label not up to date in orLeft 
225929     WARN  main            d.u.i.k.p.NodeInfo        No instantiation for #61. Probably branch label not up to date in orLeft 
225929     WARN  main            d.u.i.k.p.NodeInfo        No instantiation for #62. Probably branch label not up to date in orLeft 
225929     WARN  main            d.u.i.k.p.NodeInfo        No instantiation for #62. Probably branch label not up to date in orLeft 
225929     WARN  main            d.u.i.k.p.NodeInfo        No instantiation for #63. Probably branch label not up to date in orLeft 
225929     WARN  main            d.u.i.k.p.NodeInfo        No instantiation for #63. Probably branch label not up to date in orLeft 
225929     WARN  main            d.u.i.k.p.NodeInfo        No instantiation for #60. Probably branch label not up to date in orLeft 
225929     WARN  main            d.u.i.k.p.NodeInfo        No instantiation for #60. Probably branch label not up to date in orLeft 
225929     WARN  main            d.u.i.k.p.NodeInfo        No instantiation for #60. Probably branch label not up to date in orLeft 
225929     WARN  main            d.u.i.k.p.NodeInfo        No instantiation for #60. Probably branch label not up to date in orLeft 
225929     WARN  main            d.u.i.k.p.NodeInfo        No instantiation for #61. Probably branch label not up to date in orLeft 
225929     WARN  main            d.u.i.k.p.NodeInfo        No instantiation for #61. Probably branch label not up to date in orLeft 
225929     WARN  main            d.u.i.k.p.NodeInfo        No instantiation for #62. Probably branch label not up to date in orLeft 
225929     WARN  main            d.u.i.k.p.NodeInfo        No instantiation for #62. Probably branch label not up to date in orLeft 
225929     WARN  main            d.u.i.k.p.NodeInfo        No instantiation for #63. Probably branch label not up to date in orLeft 
225929     WARN  main            d.u.i.k.p.NodeInfo        No instantiation for #63. Probably branch label not up to date in orLeft 
225929     WARN  main            d.u.i.k.p.NodeInfo        No instantiation for #60. Probably branch label not up to date in orLeft 
225929     WARN  main            d.u.i.k.p.NodeInfo        No instantiation for #60. Probably branch label not up to date in orLeft 
225929     WARN  main            d.u.i.k.p.NodeInfo        No instantiation for #60. Probably branch label not up to date in orLeft 
225929     WARN  main            d.u.i.k.p.NodeInfo        No instantiation for #60. Probably branch label not up to date in orLeft 
225929     WARN  main            d.u.i.k.p.NodeInfo        No instantiation for #61. Probably branch label not up to date in orLeft 
225929     WARN  main            d.u.i.k.p.NodeInfo        No instantiation for #61. Probably branch label not up to date in orLeft 
225929     WARN  main            d.u.i.k.p.NodeInfo        No instantiation for #62. Probably branch label not up to date in orLeft 
225929     WARN  main            d.u.i.k.p.NodeInfo        No instantiation for #62. Probably branch label not up to date in orLeft 
225929     WARN  main            d.u.i.k.p.NodeInfo        No instantiation for #63. Probably branch label not up to date in orLeft 
225929     WARN  main            d.u.i.k.p.NodeInfo        No instantiation for #63. Probably branch label not up to date in orLeft 
225929     WARN  main            d.u.i.k.p.NodeInfo        No instantiation for #60. Probably branch label not up to date in orLeft 
225929     WARN  main            d.u.i.k.p.NodeInfo        No instantiation for #60. Probably branch label not up to date in orLeft 
225929     WARN  main            d.u.i.k.p.NodeInfo        No instantiation for #60. Probably branch label not up to date in orLeft 
225929     WARN  main            d.u.i.k.p.NodeInfo        No instantiation for #60. Probably branch label not up to date in orLeft 
225929     WARN  main            d.u.i.k.p.NodeInfo        No instantiation for #61. Probably branch label not up to date in orLeft 
225929     WARN  main            d.u.i.k.p.NodeInfo        No instantiation for #61. Probably branch label not up to date in orLeft 
225929     WARN  main            d.u.i.k.p.NodeInfo        No instantiation for #62. Probably branch label not up to date in orLeft 
225929     WARN  main            d.u.i.k.p.NodeInfo        No instantiation for #62. Probably branch label not up to date in orLeft 
225929     WARN  main            d.u.i.k.p.NodeInfo        No instantiation for #63. Probably branch label not up to date in orLeft 
225929     WARN  main            d.u.i.k.p.NodeInfo        No instantiation for #63. Probably branch label not up to date in orLeft 
225948     WARN  main            d.u.i.k.p.NodeInfo        No instantiation for #60. Probably branch label not up to date in orLeft 
225948     WARN  main            d.u.i.k.p.NodeInfo        No instantiation for #60. Probably branch label not up to date in orLeft 
225948     WARN  main            d.u.i.k.p.NodeInfo        No instantiation for #60. Probably branch label not up to date in orLeft 
225948     WARN  main            d.u.i.k.p.NodeInfo        No instantiation for #60. Probably branch label not up to date in orLeft 
225948     WARN  main            d.u.i.k.p.NodeInfo        No instantiation for #61. Probably branch label not up to date in orLeft 
225948     WARN  main            d.u.i.k.p.NodeInfo        No instantiation for #61. Probably branch label not up to date in orLeft 
225948     WARN  main            d.u.i.k.p.NodeInfo        No instantiation for #62. Probably branch label not up to date in orLeft 
225948     WARN  main            d.u.i.k.p.NodeInfo        No instantiation for #62. Probably branch label not up to date in orLeft 
225948     WARN  main            d.u.i.k.p.NodeInfo        No instantiation for #63. Probably branch label not up to date in orLeft 
225948     WARN  main            d.u.i.k.p.NodeInfo        No instantiation for #63. Probably branch label not up to date in orLeft 
225948     WARN  main            d.u.i.k.p.NodeInfo        No instantiation for #60. Probably branch label not up to date in orLeft 
225948     WARN  main            d.u.i.k.p.NodeInfo        No instantiation for #60. Probably branch label not up to date in orLeft 
225948     WARN  main            d.u.i.k.p.NodeInfo        No instantiation for #60. Probably branch label not up to date in orLeft 
225948     WARN  main            d.u.i.k.p.NodeInfo        No instantiation for #60. Probably branch label not up to date in orLeft 
225948     WARN  main            d.u.i.k.p.NodeInfo        No instantiation for #61. Probably branch label not up to date in orLeft 
225948     WARN  main            d.u.i.k.p.NodeInfo        No instantiation for #61. Probably branch label not up to date in orLeft 
225948     WARN  main            d.u.i.k.p.NodeInfo        No instantiation for #62. Probably branch label not up to date in orLeft 
225948     WARN  main            d.u.i.k.p.NodeInfo        No instantiation for #62. Probably branch label not up to date in orLeft 
225948     WARN  main            d.u.i.k.p.NodeInfo        No instantiation for #63. Probably branch label not up to date in orLeft 
225948     WARN  main            d.u.i.k.p.NodeInfo        No instantiation for #63. Probably branch label not up to date in orLeft 
225954     WARN  main            d.u.i.k.p.NodeInfo        No instantiation for #60. Probably branch label not up to date in orLeft 
225954     WARN  main            d.u.i.k.p.NodeInfo        No instantiation for #60. Probably branch label not up to date in orLeft 
225954     WARN  main            d.u.i.k.p.NodeInfo        No instantiation for #60. Probably branch label not up to date in orLeft 
225954     WARN  main            d.u.i.k.p.NodeInfo        No instantiation for #60. Probably branch label not up to date in orLeft 
225954     WARN  main            d.u.i.k.p.NodeInfo        No instantiation for #61. Probably branch label not up to date in orLeft 
225954     WARN  main            d.u.i.k.p.NodeInfo        No instantiation for #61. Probably branch label not up to date in orLeft 
225954     WARN  main            d.u.i.k.p.NodeInfo        No instantiation for #62. Probably branch label not up to date in orLeft 
225954     WARN  main            d.u.i.k.p.NodeInfo        No instantiation for #62. Probably branch label not up to date in orLeft 
225954     WARN  main            d.u.i.k.p.NodeInfo        No instantiation for #63. Probably branch label not up to date in orLeft 
225954     WARN  main            d.u.i.k.p.NodeInfo        No instantiation for #63. Probably branch label not up to date in orLeft 
225954     WARN  main            d.u.i.k.p.NodeInfo        No instantiation for #60. Probably branch label not up to date in orLeft 
225954     WARN  main            d.u.i.k.p.NodeInfo        No instantiation for #60. Probably branch label not up to date in orLeft 
225954     WARN  main            d.u.i.k.p.NodeInfo        No instantiation for #60. Probably branch label not up to date in orLeft 
225954     WARN  main            d.u.i.k.p.NodeInfo        No instantiation for #60. Probably branch label not up to date in orLeft 
225954     WARN  main            d.u.i.k.p.NodeInfo        No instantiation for #61. Probably branch label not up to date in orLeft 
225954     WARN  main            d.u.i.k.p.NodeInfo        No instantiation for #61. Probably branch label not up to date in orLeft 
225954     WARN  main            d.u.i.k.p.NodeInfo        No instantiation for #62. Probably branch label not up to date in orLeft 
225954     WARN  main            d.u.i.k.p.NodeInfo        No instantiation for #62. Probably branch label not up to date in orLeft 
225954     WARN  main            d.u.i.k.p.NodeInfo        No instantiation for #63. Probably branch label not up to date in orLeft 
225954     WARN  main            d.u.i.k.p.NodeInfo        No instantiation for #63. Probably branch label not up to date in orLeft 
225954     WARN  main            d.u.i.k.p.NodeInfo        No instantiation for #60. Probably branch label not up to date in orLeft 
225954     WARN  main            d.u.i.k.p.NodeInfo        No instantiation for #60. Probably branch label not up to date in orLeft 
225954     WARN  main            d.u.i.k.p.NodeInfo        No instantiation for #60. Probably branch label not up to date in orLeft 
225954     WARN  main            d.u.i.k.p.NodeInfo        No instantiation for #60. Probably branch label not up to date in orLeft 
225954     WARN  main            d.u.i.k.p.NodeInfo        No instantiation for #61. Probably branch label not up to date in orLeft 
225954     WARN  main            d.u.i.k.p.NodeInfo        No instantiation for #61. Probably branch label not up to date in orLeft 
225954     WARN  main            d.u.i.k.p.NodeInfo        No instantiation for #62. Probably branch label not up to date in orLeft 
225954     WARN  main            d.u.i.k.p.NodeInfo        No instantiation for #62. Probably branch label not up to date in orLeft 
225954     WARN  main            d.u.i.k.p.NodeInfo        No instantiation for #63. Probably branch label not up to date in orLeft 
225954     WARN  main            d.u.i.k.p.NodeInfo        No instantiation for #63. Probably branch label not up to date in orLeft 
225954     WARN  main            d.u.i.k.p.NodeInfo        No instantiation for #60. Probably branch label not up to date in orLeft 
225954     WARN  main            d.u.i.k.p.NodeInfo        No instantiation for #60. Probably branch label not up to date in orLeft 
225954     WARN  main            d.u.i.k.p.NodeInfo        No instantiation for #60. Probably branch label not up to date in orLeft 
225954     WARN  main            d.u.i.k.p.NodeInfo        No instantiation for #60. Probably branch label not up to date in orLeft 
225954     WARN  main            d.u.i.k.p.NodeInfo        No instantiation for #61. Probably branch label not up to date in orLeft 
225954     WARN  main            d.u.i.k.p.NodeInfo        No instantiation for #61. Probably branch label not up to date in orLeft 
225954     WARN  main            d.u.i.k.p.NodeInfo        No instantiation for #62. Probably branch label not up to date in orLeft 
225954     WARN  main            d.u.i.k.p.NodeInfo        No instantiation for #62. Probably branch label not up to date in orLeft 
225954     WARN  main            d.u.i.k.p.NodeInfo        No instantiation for #63. Probably branch label not up to date in orLeft 
225954     WARN  main            d.u.i.k.p.NodeInfo        No instantiation for #63. Probably branch label not up to date in orLeft 
225954     WARN  main            d.u.i.k.p.NodeInfo        No instantiation for #60. Probably branch label not up to date in orLeft 
225954     WARN  main            d.u.i.k.p.NodeInfo        No instantiation for #60. Probably branch label not up to date in orLeft 
225954     WARN  main            d.u.i.k.p.NodeInfo        No instantiation for #60. Probably branch label not up to date in orLeft 
225954     WARN  main            d.u.i.k.p.NodeInfo        No instantiation for #60. Probably branch label not up to date in orLeft 
225954     WARN  main            d.u.i.k.p.NodeInfo        No instantiation for #61. Probably branch label not up to date in orLeft 
225954     WARN  main            d.u.i.k.p.NodeInfo        No instantiation for #61. Probably branch label not up to date in orLeft 
225954     WARN  main            d.u.i.k.p.NodeInfo        No instantiation for #62. Probably branch label not up to date in orLeft 
225954     WARN  main            d.u.i.k.p.NodeInfo        No instantiation for #62. Probably branch label not up to date in orLeft 
225954     WARN  main            d.u.i.k.p.NodeInfo        No instantiation for #63. Probably branch label not up to date in orLeft 
225954     WARN  main            d.u.i.k.p.NodeInfo        No instantiation for #63. Probably branch label not up to date in orLeft 
225954     WARN  main            d.u.i.k.p.NodeInfo        No instantiation for #60. Probably branch label not up to date in orLeft 
225954     WARN  main            d.u.i.k.p.NodeInfo        No instantiation for #60. Probably branch label not up to date in orLeft 
225954     WARN  main            d.u.i.k.p.NodeInfo        No instantiation for #60. Probably branch label not up to date in orLeft 
225954     WARN  main            d.u.i.k.p.NodeInfo        No instantiation for #60. Probably branch label not up to date in orLeft 
225954     WARN  main            d.u.i.k.p.NodeInfo        No instantiation for #61. Probably branch label not up to date in orLeft 
225954     WARN  main            d.u.i.k.p.NodeInfo        No instantiation for #61. Probably branch label not up to date in orLeft 
225954     WARN  main            d.u.i.k.p.NodeInfo        No instantiation for #62. Probably branch label not up to date in orLeft 
225954     WARN  main            d.u.i.k.p.NodeInfo        No instantiation for #62. Probably branch label not up to date in orLeft 
225954     WARN  main            d.u.i.k.p.NodeInfo        No instantiation for #63. Probably branch label not up to date in orLeft 
225954     WARN  main            d.u.i.k.p.NodeInfo        No instantiation for #63. Probably branch label not up to date in orLeft 
225954     WARN  main            d.u.i.k.p.NodeInfo        No instantiation for #60. Probably branch label not up to date in orLeft 
225954     WARN  main            d.u.i.k.p.NodeInfo        No instantiation for #60. Probably branch label not up to date in orLeft 
225954     WARN  main            d.u.i.k.p.NodeInfo        No instantiation for #60. Probably branch label not up to date in orLeft 
225954     WARN  main            d.u.i.k.p.NodeInfo        No instantiation for #60. Probably branch label not up to date in orLeft 
225954     WARN  main            d.u.i.k.p.NodeInfo        No instantiation for #61. Probably branch label not up to date in orLeft 
225954     WARN  main            d.u.i.k.p.NodeInfo        No instantiation for #61. Probably branch label not up to date in orLeft 
225954     WARN  main            d.u.i.k.p.NodeInfo        No instantiation for #62. Probably branch label not up to date in orLeft 
225954     WARN  main            d.u.i.k.p.NodeInfo        No instantiation for #62. Probably branch label not up to date in orLeft 
225954     WARN  main            d.u.i.k.p.NodeInfo        No instantiation for #63. Probably branch label not up to date in orLeft 
225954     WARN  main            d.u.i.k.p.NodeInfo        No instantiation for #63. Probably branch label not up to date in orLeft 
225954     WARN  main            d.u.i.k.p.NodeInfo        No instantiation for #60. Probably branch label not up to date in orLeft 
225954     WARN  main            d.u.i.k.p.NodeInfo        No instantiation for #60. Probably branch label not up to date in orLeft 
225954     WARN  main            d.u.i.k.p.NodeInfo        No instantiation for #60. Probably branch label not up to date in orLeft 
225954     WARN  main            d.u.i.k.p.NodeInfo        No instantiation for #60. Probably branch label not up to date in orLeft 
225954     WARN  main            d.u.i.k.p.NodeInfo        No instantiation for #61. Probably branch label not up to date in orLeft 
225954     WARN  main            d.u.i.k.p.NodeInfo        No instantiation for #61. Probably branch label not up to date in orLeft 
225954     WARN  main            d.u.i.k.p.NodeInfo        No instantiation for #62. Probably branch label not up to date in orLeft 
225954     WARN  main            d.u.i.k.p.NodeInfo        No instantiation for #62. Probably branch label not up to date in orLeft 
225954     WARN  main            d.u.i.k.p.NodeInfo        No instantiation for #63. Probably branch label not up to date in orLeft 
225954     WARN  main            d.u.i.k.p.NodeInfo        No instantiation for #63. Probably branch label not up to date in orLeft 
225984     WARN  main            d.u.i.k.p.NodeInfo        No instantiation for #60. Probably branch label not up to date in orLeft 
225984     WARN  main            d.u.i.k.p.NodeInfo        No instantiation for #60. Probably branch label not up to date in orLeft 
225984     WARN  main            d.u.i.k.p.NodeInfo        No instantiation for #60. Probably branch label not up to date in orLeft 
225984     WARN  main            d.u.i.k.p.NodeInfo        No instantiation for #60. Probably branch label not up to date in orLeft 
225984     WARN  main            d.u.i.k.p.NodeInfo        No instantiation for #61. Probably branch label not up to date in orLeft 
225984     WARN  main            d.u.i.k.p.NodeInfo        No instantiation for #61. Probably branch label not up to date in orLeft 
225984     WARN  main            d.u.i.k.p.NodeInfo        No instantiation for #62. Probably branch label not up to date in orLeft 
225984     WARN  main            d.u.i.k.p.NodeInfo        No instantiation for #62. Probably branch label not up to date in orLeft 
225984     WARN  main            d.u.i.k.p.NodeInfo        No instantiation for #63. Probably branch label not up to date in orLeft 
225984     WARN  main            d.u.i.k.p.NodeInfo        No instantiation for #63. Probably branch label not up to date in orLeft 
225984     WARN  main            d.u.i.k.p.NodeInfo        No instantiation for #60. Probably branch label not up to date in orLeft 
225984     WARN  main            d.u.i.k.p.NodeInfo        No instantiation for #60. Probably branch label not up to date in orLeft 
225984     WARN  main            d.u.i.k.p.NodeInfo        No instantiation for #60. Probably branch label not up to date in orLeft 
225984     WARN  main            d.u.i.k.p.NodeInfo        No instantiation for #60. Probably branch label not up to date in orLeft 
225984     WARN  main            d.u.i.k.p.NodeInfo        No instantiation for #61. Probably branch label not up to date in orLeft 
225984     WARN  main            d.u.i.k.p.NodeInfo        No instantiation for #61. Probably branch label not up to date in orLeft 
225984     WARN  main            d.u.i.k.p.NodeInfo        No instantiation for #62. Probably branch label not up to date in orLeft 
225984     WARN  main            d.u.i.k.p.NodeInfo        No instantiation for #62. Probably branch label not up to date in orLeft 
225984     WARN  main            d.u.i.k.p.NodeInfo        No instantiation for #63. Probably branch label not up to date in orLeft 
225984     WARN  main            d.u.i.k.p.NodeInfo        No instantiation for #63. Probably branch label not up to date in orLeft 
225989     WARN  main            d.u.i.k.p.NodeInfo        No instantiation for #60. Probably branch label not up to date in orLeft 
225989     WARN  main            d.u.i.k.p.NodeInfo        No instantiation for #60. Probably branch label not up to date in orLeft 
225989     WARN  main            d.u.i.k.p.NodeInfo        No instantiation for #60. Probably branch label not up to date in orLeft 
225989     WARN  main            d.u.i.k.p.NodeInfo        No instantiation for #60. Probably branch label not up to date in orLeft 
225989     WARN  main            d.u.i.k.p.NodeInfo        No instantiation for #61. Probably branch label not up to date in orLeft 
225989     WARN  main            d.u.i.k.p.NodeInfo        No instantiation for #61. Probably branch label not up to date in orLeft 
225989     WARN  main            d.u.i.k.p.NodeInfo        No instantiation for #62. Probably branch label not up to date in orLeft 
225989     WARN  main            d.u.i.k.p.NodeInfo        No instantiation for #62. Probably branch label not up to date in orLeft 
225989     WARN  main            d.u.i.k.p.NodeInfo        No instantiation for #63. Probably branch label not up to date in orLeft 
225989     WARN  main            d.u.i.k.p.NodeInfo        No instantiation for #63. Probably branch label not up to date in orLeft 
225989     WARN  main            d.u.i.k.p.NodeInfo        No instantiation for #60. Probably branch label not up to date in orLeft 
225989     WARN  main            d.u.i.k.p.NodeInfo        No instantiation for #60. Probably branch label not up to date in orLeft 
225989     WARN  main            d.u.i.k.p.NodeInfo        No instantiation for #60. Probably branch label not up to date in orLeft 
225989     WARN  main            d.u.i.k.p.NodeInfo        No instantiation for #60. Probably branch label not up to date in orLeft 
225989     WARN  main            d.u.i.k.p.NodeInfo        No instantiation for #61. Probably branch label not up to date in orLeft 
225989     WARN  main            d.u.i.k.p.NodeInfo        No instantiation for #61. Probably branch label not up to date in orLeft 
225989     WARN  main            d.u.i.k.p.NodeInfo        No instantiation for #62. Probably branch label not up to date in orLeft 
225989     WARN  main            d.u.i.k.p.NodeInfo        No instantiation for #62. Probably branch label not up to date in orLeft 
225989     WARN  main            d.u.i.k.p.NodeInfo        No instantiation for #63. Probably branch label not up to date in orLeft 
225989     WARN  main            d.u.i.k.p.NodeInfo        No instantiation for #63. Probably branch label not up to date in orLeft 
225989     WARN  main            d.u.i.k.p.NodeInfo        No instantiation for #60. Probably branch label not up to date in orLeft 
225989     WARN  main            d.u.i.k.p.NodeInfo        No instantiation for #60. Probably branch label not up to date in orLeft 
225989     WARN  main            d.u.i.k.p.NodeInfo        No instantiation for #60. Probably branch label not up to date in orLeft 
225989     WARN  main            d.u.i.k.p.NodeInfo        No instantiation for #60. Probably branch label not up to date in orLeft 
225989     WARN  main            d.u.i.k.p.NodeInfo        No instantiation for #61. Probably branch label not up to date in orLeft 
225989     WARN  main            d.u.i.k.p.NodeInfo        No instantiation for #61. Probably branch label not up to date in orLeft 
225989     WARN  main            d.u.i.k.p.NodeInfo        No instantiation for #62. Probably branch label not up to date in orLeft 
225989     WARN  main            d.u.i.k.p.NodeInfo        No instantiation for #62. Probably branch label not up to date in orLeft 
225989     WARN  main            d.u.i.k.p.NodeInfo        No instantiation for #63. Probably branch label not up to date in orLeft 
225989     WARN  main            d.u.i.k.p.NodeInfo        No instantiation for #63. Probably branch label not up to date in orLeft 
225989     WARN  main            d.u.i.k.p.NodeInfo        No instantiation for #60. Probably branch label not up to date in orLeft 
225989     WARN  main            d.u.i.k.p.NodeInfo        No instantiation for #60. Probably branch label not up to date in orLeft 
225989     WARN  main            d.u.i.k.p.NodeInfo        No instantiation for #60. Probably branch label not up to date in orLeft 
225989     WARN  main            d.u.i.k.p.NodeInfo        No instantiation for #60. Probably branch label not up to date in orLeft 
225989     WARN  main            d.u.i.k.p.NodeInfo        No instantiation for #61. Probably branch label not up to date in orLeft 
225989     WARN  main            d.u.i.k.p.NodeInfo        No instantiation for #61. Probably branch label not up to date in orLeft 
225989     WARN  main            d.u.i.k.p.NodeInfo        No instantiation for #62. Probably branch label not up to date in orLeft 
225989     WARN  main            d.u.i.k.p.NodeInfo        No instantiation for #62. Probably branch label not up to date in orLeft 
225989     WARN  main            d.u.i.k.p.NodeInfo        No instantiation for #63. Probably branch label not up to date in orLeft 
225989     WARN  main            d.u.i.k.p.NodeInfo        No instantiation for #63. Probably branch label not up to date in orLeft 
225989     WARN  main            d.u.i.k.p.NodeInfo        No instantiation for #60. Probably branch label not up to date in orLeft 
225989     WARN  main            d.u.i.k.p.NodeInfo        No instantiation for #60. Probably branch label not up to date in orLeft 
225989     WARN  main            d.u.i.k.p.NodeInfo        No instantiation for #60. Probably branch label not up to date in orLeft 
225989     WARN  main            d.u.i.k.p.NodeInfo        No instantiation for #60. Probably branch label not up to date in orLeft 
225989     WARN  main            d.u.i.k.p.NodeInfo        No instantiation for #61. Probably branch label not up to date in orLeft 
225989     WARN  main            d.u.i.k.p.NodeInfo        No instantiation for #61. Probably branch label not up to date in orLeft 
225989     WARN  main            d.u.i.k.p.NodeInfo        No instantiation for #62. Probably branch label not up to date in orLeft 
225989     WARN  main            d.u.i.k.p.NodeInfo        No instantiation for #62. Probably branch label not up to date in orLeft 
225989     WARN  main            d.u.i.k.p.NodeInfo        No instantiation for #63. Probably branch label not up to date in orLeft 
225989     WARN  main            d.u.i.k.p.NodeInfo        No instantiation for #63. Probably branch label not up to date in orLeft 
225989     WARN  main            d.u.i.k.p.NodeInfo        No instantiation for #60. Probably branch label not up to date in orLeft 
225989     WARN  main            d.u.i.k.p.NodeInfo        No instantiation for #60. Probably branch label not up to date in orLeft 
225989     WARN  main            d.u.i.k.p.NodeInfo        No instantiation for #60. Probably branch label not up to date in orLeft 
225989     WARN  main            d.u.i.k.p.NodeInfo        No instantiation for #60. Probably branch label not up to date in orLeft 
225990     WARN  main            d.u.i.k.p.NodeInfo        No instantiation for #61. Probably branch label not up to date in orLeft 
225990     WARN  main            d.u.i.k.p.NodeInfo        No instantiation for #61. Probably branch label not up to date in orLeft 
225990     WARN  main            d.u.i.k.p.NodeInfo        No instantiation for #62. Probably branch label not up to date in orLeft 
225990     WARN  main            d.u.i.k.p.NodeInfo        No instantiation for #62. Probably branch label not up to date in orLeft 
225990     WARN  main            d.u.i.k.p.NodeInfo        No instantiation for #63. Probably branch label not up to date in orLeft 
225990     WARN  main            d.u.i.k.p.NodeInfo        No instantiation for #63. Probably branch label not up to date in orLeft 
226010     WARN  main            d.u.i.k.p.NodeInfo        No instantiation for #60. Probably branch label not up to date in orLeft 
226012     WARN  main            d.u.i.k.p.NodeInfo        No instantiation for #60. Probably branch label not up to date in orLeft 
226012     WARN  main            d.u.i.k.p.NodeInfo        No instantiation for #60. Probably branch label not up to date in orLeft 
226012     WARN  main            d.u.i.k.p.NodeInfo        No instantiation for #60. Probably branch label not up to date in orLeft 
226012     WARN  main            d.u.i.k.p.NodeInfo        No instantiation for #61. Probably branch label not up to date in orLeft 
226012     WARN  main            d.u.i.k.p.NodeInfo        No instantiation for #61. Probably branch label not up to date in orLeft 
226012     WARN  main            d.u.i.k.p.NodeInfo        No instantiation for #62. Probably branch label not up to date in orLeft 
226012     WARN  main            d.u.i.k.p.NodeInfo        No instantiation for #62. Probably branch label not up to date in orLeft 
226012     WARN  main            d.u.i.k.p.NodeInfo        No instantiation for #63. Probably branch label not up to date in orLeft 
226012     WARN  main            d.u.i.k.p.NodeInfo        No instantiation for #63. Probably branch label not up to date in orLeft 
226012     WARN  main            d.u.i.k.p.NodeInfo        No instantiation for #60. Probably branch label not up to date in orLeft 
226012     WARN  main            d.u.i.k.p.NodeInfo        No instantiation for #60. Probably branch label not up to date in orLeft 
226012     WARN  main            d.u.i.k.p.NodeInfo        No instantiation for #60. Probably branch label not up to date in orLeft 
226012     WARN  main            d.u.i.k.p.NodeInfo        No instantiation for #60. Probably branch label not up to date in orLeft 
226012     WARN  main            d.u.i.k.p.NodeInfo        No instantiation for #61. Probably branch label not up to date in orLeft 
226012     WARN  main            d.u.i.k.p.NodeInfo        No instantiation for #61. Probably branch label not up to date in orLeft 
226012     WARN  main            d.u.i.k.p.NodeInfo        No instantiation for #62. Probably branch label not up to date in orLeft 
226012     WARN  main            d.u.i.k.p.NodeInfo        No instantiation for #62. Probably branch label not up to date in orLeft 
226012     WARN  main            d.u.i.k.p.NodeInfo        No instantiation for #63. Probably branch label not up to date in orLeft 
226012     WARN  main            d.u.i.k.p.NodeInfo        No instantiation for #63. Probably branch label not up to date in orLeft 
226029     WARN  main            d.u.i.k.p.NodeInfo        No instantiation for #60. Probably branch label not up to date in orLeft 
226029     WARN  main            d.u.i.k.p.NodeInfo        No instantiation for #60. Probably branch label not up to date in orLeft 
226029     WARN  main            d.u.i.k.p.NodeInfo        No instantiation for #60. Probably branch label not up to date in orLeft 
226029     WARN  main            d.u.i.k.p.NodeInfo        No instantiation for #60. Probably branch label not up to date in orLeft 
226029     WARN  main            d.u.i.k.p.NodeInfo        No instantiation for #61. Probably branch label not up to date in orLeft 
226029     WARN  main            d.u.i.k.p.NodeInfo        No instantiation for #61. Probably branch label not up to date in orLeft 
226029     WARN  main            d.u.i.k.p.NodeInfo        No instantiation for #62. Probably branch label not up to date in orLeft 
226029     WARN  main            d.u.i.k.p.NodeInfo        No instantiation for #62. Probably branch label not up to date in orLeft 
226029     WARN  main            d.u.i.k.p.NodeInfo        No instantiation for #63. Probably branch label not up to date in orLeft 
226029     WARN  main            d.u.i.k.p.NodeInfo        No instantiation for #63. Probably branch label not up to date in orLeft 
226029     WARN  main            d.u.i.k.p.NodeInfo        No instantiation for #60. Probably branch label not up to date in orLeft 
226029     WARN  main            d.u.i.k.p.NodeInfo        No instantiation for #60. Probably branch label not up to date in orLeft 
226029     WARN  main            d.u.i.k.p.NodeInfo        No instantiation for #60. Probably branch label not up to date in orLeft 
226029     WARN  main            d.u.i.k.p.NodeInfo        No instantiation for #60. Probably branch label not up to date in orLeft 
226029     WARN  main            d.u.i.k.p.NodeInfo        No instantiation for #61. Probably branch label not up to date in orLeft 
226029     WARN  main            d.u.i.k.p.NodeInfo        No instantiation for #61. Probably branch label not up to date in orLeft 
226029     WARN  main            d.u.i.k.p.NodeInfo        No instantiation for #62. Probably branch label not up to date in orLeft 
226029     WARN  main            d.u.i.k.p.NodeInfo        No instantiation for #62. Probably branch label not up to date in orLeft 
226029     WARN  main            d.u.i.k.p.NodeInfo        No instantiation for #63. Probably branch label not up to date in orLeft 
226029     WARN  main            d.u.i.k.p.NodeInfo        No instantiation for #63. Probably branch label not up to date in orLeft 
226029     WARN  main            d.u.i.k.p.NodeInfo        No instantiation for #60. Probably branch label not up to date in orLeft 
226029     WARN  main            d.u.i.k.p.NodeInfo        No instantiation for #60. Probably branch label not up to date in orLeft 
226029     WARN  main            d.u.i.k.p.NodeInfo        No instantiation for #60. Probably branch label not up to date in orLeft 
226029     WARN  main            d.u.i.k.p.NodeInfo        No instantiation for #60. Probably branch label not up to date in orLeft 
226029     WARN  main            d.u.i.k.p.NodeInfo        No instantiation for #61. Probably branch label not up to date in orLeft 
226029     WARN  main            d.u.i.k.p.NodeInfo        No instantiation for #61. Probably branch label not up to date in orLeft 
226029     WARN  main            d.u.i.k.p.NodeInfo        No instantiation for #62. Probably branch label not up to date in orLeft 
226029     WARN  main            d.u.i.k.p.NodeInfo        No instantiation for #62. Probably branch label not up to date in orLeft 
226029     WARN  main            d.u.i.k.p.NodeInfo        No instantiation for #63. Probably branch label not up to date in orLeft 
226029     WARN  main            d.u.i.k.p.NodeInfo        No instantiation for #63. Probably branch label not up to date in orLeft 
226029     WARN  main            d.u.i.k.p.NodeInfo        No instantiation for #60. Probably branch label not up to date in orLeft 
226029     WARN  main            d.u.i.k.p.NodeInfo        No instantiation for #60. Probably branch label not up to date in orLeft 
226029     WARN  main            d.u.i.k.p.NodeInfo        No instantiation for #60. Probably branch label not up to date in orLeft 
226029     WARN  main            d.u.i.k.p.NodeInfo        No instantiation for #60. Probably branch label not up to date in orLeft 
226029     WARN  main            d.u.i.k.p.NodeInfo        No instantiation for #61. Probably branch label not up to date in orLeft 
226029     WARN  main            d.u.i.k.p.NodeInfo        No instantiation for #61. Probably branch label not up to date in orLeft 
226029     WARN  main            d.u.i.k.p.NodeInfo        No instantiation for #62. Probably branch label not up to date in orLeft 
226029     WARN  main            d.u.i.k.p.NodeInfo        No instantiation for #62. Probably branch label not up to date in orLeft 
226029     WARN  main            d.u.i.k.p.NodeInfo        No instantiation for #63. Probably branch label not up to date in orLeft 
226029     WARN  main            d.u.i.k.p.NodeInfo        No instantiation for #63. Probably branch label not up to date in orLeft 
226053     WARN  main            d.u.i.k.p.NodeInfo        No instantiation for #60. Probably branch label not up to date in orLeft 
226053     WARN  main            d.u.i.k.p.NodeInfo        No instantiation for #60. Probably branch label not up to date in orLeft 
226053     WARN  main            d.u.i.k.p.NodeInfo        No instantiation for #60. Probably branch label not up to date in orLeft 
226053     WARN  main            d.u.i.k.p.NodeInfo        No instantiation for #60. Probably branch label not up to date in orLeft 
226053     WARN  main            d.u.i.k.p.NodeInfo        No instantiation for #61. Probably branch label not up to date in orLeft 
226053     WARN  main            d.u.i.k.p.NodeInfo        No instantiation for #61. Probably branch label not up to date in orLeft 
226053     WARN  main            d.u.i.k.p.NodeInfo        No instantiation for #62. Probably branch label not up to date in orLeft 
226053     WARN  main            d.u.i.k.p.NodeInfo        No instantiation for #62. Probably branch label not up to date in orLeft 
226053     WARN  main            d.u.i.k.p.NodeInfo        No instantiation for #63. Probably branch label not up to date in orLeft 
226053     WARN  main            d.u.i.k.p.NodeInfo        No instantiation for #63. Probably branch label not up to date in orLeft 
226053     WARN  main            d.u.i.k.p.NodeInfo        No instantiation for #60. Probably branch label not up to date in orLeft 
226053     WARN  main            d.u.i.k.p.NodeInfo        No instantiation for #60. Probably branch label not up to date in orLeft 
226053     WARN  main            d.u.i.k.p.NodeInfo        No instantiation for #60. Probably branch label not up to date in orLeft 
226053     WARN  main            d.u.i.k.p.NodeInfo        No instantiation for #60. Probably branch label not up to date in orLeft 
226053     WARN  main            d.u.i.k.p.NodeInfo        No instantiation for #61. Probably branch label not up to date in orLeft 
226053     WARN  main            d.u.i.k.p.NodeInfo        No instantiation for #61. Probably branch label not up to date in orLeft 
226053     WARN  main            d.u.i.k.p.NodeInfo        No instantiation for #62. Probably branch label not up to date in orLeft 
226053     WARN  main            d.u.i.k.p.NodeInfo        No instantiation for #62. Probably branch label not up to date in orLeft 
226053     WARN  main            d.u.i.k.p.NodeInfo        No instantiation for #63. Probably branch label not up to date in orLeft 
226053     WARN  main            d.u.i.k.p.NodeInfo        No instantiation for #63. Probably branch label not up to date in orLeft 
226056     WARN  main            d.u.i.k.p.NodeInfo        No instantiation for #60. Probably branch label not up to date in orLeft 
226056     WARN  main            d.u.i.k.p.NodeInfo        No instantiation for #60. Probably branch label not up to date in orLeft 
226056     WARN  main            d.u.i.k.p.NodeInfo        No instantiation for #60. Probably branch label not up to date in orLeft 
226056     WARN  main            d.u.i.k.p.NodeInfo        No instantiation for #60. Probably branch label not up to date in orLeft 
226056     WARN  main            d.u.i.k.p.NodeInfo        No instantiation for #61. Probably branch label not up to date in orLeft 
226056     WARN  main            d.u.i.k.p.NodeInfo        No instantiation for #61. Probably branch label not up to date in orLeft 
226056     WARN  main            d.u.i.k.p.NodeInfo        No instantiation for #62. Probably branch label not up to date in orLeft 
226056     WARN  main            d.u.i.k.p.NodeInfo        No instantiation for #62. Probably branch label not up to date in orLeft 
226056     WARN  main            d.u.i.k.p.NodeInfo        No instantiation for #63. Probably branch label not up to date in orLeft 
226056     WARN  main            d.u.i.k.p.NodeInfo        No instantiation for #63. Probably branch label not up to date in orLeft 
226056     WARN  main            d.u.i.k.p.NodeInfo        No instantiation for #60. Probably branch label not up to date in orLeft 
226056     WARN  main            d.u.i.k.p.NodeInfo        No instantiation for #60. Probably branch label not up to date in orLeft 
226056     WARN  main            d.u.i.k.p.NodeInfo        No instantiation for #60. Probably branch label not up to date in orLeft 
226056     WARN  main            d.u.i.k.p.NodeInfo        No instantiation for #60. Probably branch label not up to date in orLeft 
226056     WARN  main            d.u.i.k.p.NodeInfo        No instantiation for #61. Probably branch label not up to date in orLeft 
226056     WARN  main            d.u.i.k.p.NodeInfo        No instantiation for #61. Probably branch label not up to date in orLeft 
226056     WARN  main            d.u.i.k.p.NodeInfo        No instantiation for #62. Probably branch label not up to date in orLeft 
226056     WARN  main            d.u.i.k.p.NodeInfo        No instantiation for #62. Probably branch label not up to date in orLeft 
226056     WARN  main            d.u.i.k.p.NodeInfo        No instantiation for #63. Probably branch label not up to date in orLeft 
226056     WARN  main            d.u.i.k.p.NodeInfo        No instantiation for #63. Probably branch label not up to date in orLeft 
226069     WARN  main            d.u.i.k.p.NodeInfo        No instantiation for #60. Probably branch label not up to date in orLeft 
226069     WARN  main            d.u.i.k.p.NodeInfo        No instantiation for #60. Probably branch label not up to date in orLeft 
226069     WARN  main            d.u.i.k.p.NodeInfo        No instantiation for #60. Probably branch label not up to date in orLeft 
226069     WARN  main            d.u.i.k.p.NodeInfo        No instantiation for #60. Probably branch label not up to date in orLeft 
226069     WARN  main            d.u.i.k.p.NodeInfo        No instantiation for #61. Probably branch label not up to date in orLeft 
226069     WARN  main            d.u.i.k.p.NodeInfo        No instantiation for #61. Probably branch label not up to date in orLeft 
226069     WARN  main            d.u.i.k.p.NodeInfo        No instantiation for #62. Probably branch label not up to date in orLeft 
226069     WARN  main            d.u.i.k.p.NodeInfo        No instantiation for #62. Probably branch label not up to date in orLeft 
226069     WARN  main            d.u.i.k.p.NodeInfo        No instantiation for #63. Probably branch label not up to date in orLeft 
226069     WARN  main            d.u.i.k.p.NodeInfo        No instantiation for #63. Probably branch label not up to date in orLeft 
226069     WARN  main            d.u.i.k.p.NodeInfo        No instantiation for #60. Probably branch label not up to date in orLeft 
226069     WARN  main            d.u.i.k.p.NodeInfo        No instantiation for #60. Probably branch label not up to date in orLeft 
226069     WARN  main            d.u.i.k.p.NodeInfo        No instantiation for #60. Probably branch label not up to date in orLeft 
226069     WARN  main            d.u.i.k.p.NodeInfo        No instantiation for #60. Probably branch label not up to date in orLeft 
226069     WARN  main            d.u.i.k.p.NodeInfo        No instantiation for #61. Probably branch label not up to date in orLeft 
226069     WARN  main            d.u.i.k.p.NodeInfo        No instantiation for #61. Probably branch label not up to date in orLeft 
226069     WARN  main            d.u.i.k.p.NodeInfo        No instantiation for #62. Probably branch label not up to date in orLeft 
226069     WARN  main            d.u.i.k.p.NodeInfo        No instantiation for #62. Probably branch label not up to date in orLeft 
226069     WARN  main            d.u.i.k.p.NodeInfo        No instantiation for #63. Probably branch label not up to date in orLeft 
226069     WARN  main            d.u.i.k.p.NodeInfo        No instantiation for #63. Probably branch label not up to date in orLeft 
226076     WARN  main            d.u.i.k.p.NodeInfo        No instantiation for #60. Probably branch label not up to date in orLeft 
226076     WARN  main            d.u.i.k.p.NodeInfo        No instantiation for #60. Probably branch label not up to date in orLeft 
226076     WARN  main            d.u.i.k.p.NodeInfo        No instantiation for #60. Probably branch label not up to date in orLeft 
226076     WARN  main            d.u.i.k.p.NodeInfo        No instantiation for #60. Probably branch label not up to date in orLeft 
226076     WARN  main            d.u.i.k.p.NodeInfo        No instantiation for #61. Probably branch label not up to date in orLeft 
226076     WARN  main            d.u.i.k.p.NodeInfo        No instantiation for #61. Probably branch label not up to date in orLeft 
226076     WARN  main            d.u.i.k.p.NodeInfo        No instantiation for #62. Probably branch label not up to date in orLeft 
226076     WARN  main            d.u.i.k.p.NodeInfo        No instantiation for #62. Probably branch label not up to date in orLeft 
226076     WARN  main            d.u.i.k.p.NodeInfo        No instantiation for #63. Probably branch label not up to date in orLeft 
226076     WARN  main            d.u.i.k.p.NodeInfo        No instantiation for #63. Probably branch label not up to date in orLeft 
226076     WARN  main            d.u.i.k.p.NodeInfo        No instantiation for #60. Probably branch label not up to date in orLeft 
226076     WARN  main            d.u.i.k.p.NodeInfo        No instantiation for #60. Probably branch label not up to date in orLeft 
226076     WARN  main            d.u.i.k.p.NodeInfo        No instantiation for #60. Probably branch label not up to date in orLeft 
226076     WARN  main            d.u.i.k.p.NodeInfo        No instantiation for #60. Probably branch label not up to date in orLeft 
226076     WARN  main            d.u.i.k.p.NodeInfo        No instantiation for #61. Probably branch label not up to date in orLeft 
226076     WARN  main            d.u.i.k.p.NodeInfo        No instantiation for #61. Probably branch label not up to date in orLeft 
226076     WARN  main            d.u.i.k.p.NodeInfo        No instantiation for #62. Probably branch label not up to date in orLeft 
226076     WARN  main            d.u.i.k.p.NodeInfo        No instantiation for #62. Probably branch label not up to date in orLeft 
226076     WARN  main            d.u.i.k.p.NodeInfo        No instantiation for #63. Probably branch label not up to date in orLeft 
226076     WARN  main            d.u.i.k.p.NodeInfo        No instantiation for #63. Probably branch label not up to date in orLeft 
226076     WARN  main            d.u.i.k.p.NodeInfo        No instantiation for #60. Probably branch label not up to date in orLeft 
226076     WARN  main            d.u.i.k.p.NodeInfo        No instantiation for #60. Probably branch label not up to date in orLeft 
226076     WARN  main            d.u.i.k.p.NodeInfo        No instantiation for #60. Probably branch label not up to date in orLeft 
226076     WARN  main            d.u.i.k.p.NodeInfo        No instantiation for #60. Probably branch label not up to date in orLeft 
226076     WARN  main            d.u.i.k.p.NodeInfo        No instantiation for #61. Probably branch label not up to date in orLeft 
226076     WARN  main            d.u.i.k.p.NodeInfo        No instantiation for #61. Probably branch label not up to date in orLeft 
226076     WARN  main            d.u.i.k.p.NodeInfo        No instantiation for #62. Probably branch label not up to date in orLeft 
226076     WARN  main            d.u.i.k.p.NodeInfo        No instantiation for #62. Probably branch label not up to date in orLeft 
226076     WARN  main            d.u.i.k.p.NodeInfo        No instantiation for #63. Probably branch label not up to date in orLeft 
226076     WARN  main            d.u.i.k.p.NodeInfo        No instantiation for #63. Probably branch label not up to date in orLeft 
226076     WARN  main            d.u.i.k.p.NodeInfo        No instantiation for #60. Probably branch label not up to date in orLeft 
226076     WARN  main            d.u.i.k.p.NodeInfo        No instantiation for #60. Probably branch label not up to date in orLeft 
226076     WARN  main            d.u.i.k.p.NodeInfo        No instantiation for #60. Probably branch label not up to date in orLeft 
226076     WARN  main            d.u.i.k.p.NodeInfo        No instantiation for #60. Probably branch label not up to date in orLeft 
226076     WARN  main            d.u.i.k.p.NodeInfo        No instantiation for #61. Probably branch label not up to date in orLeft 
226076     WARN  main            d.u.i.k.p.NodeInfo        No instantiation for #61. Probably branch label not up to date in orLeft 
226076     WARN  main            d.u.i.k.p.NodeInfo        No instantiation for #62. Probably branch label not up to date in orLeft 
226076     WARN  main            d.u.i.k.p.NodeInfo        No instantiation for #62. Probably branch label not up to date in orLeft 
226076     WARN  main            d.u.i.k.p.NodeInfo        No instantiation for #63. Probably branch label not up to date in orLeft 
226076     WARN  main            d.u.i.k.p.NodeInfo        No instantiation for #63. Probably branch label not up to date in orLeft 
226076     WARN  main            d.u.i.k.p.NodeInfo        No instantiation for #60. Probably branch label not up to date in orLeft 
226076     WARN  main            d.u.i.k.p.NodeInfo        No instantiation for #60. Probably branch label not up to date in orLeft 
226076     WARN  main            d.u.i.k.p.NodeInfo        No instantiation for #60. Probably branch label not up to date in orLeft 
226076     WARN  main            d.u.i.k.p.NodeInfo        No instantiation for #60. Probably branch label not up to date in orLeft 
226076     WARN  main            d.u.i.k.p.NodeInfo        No instantiation for #61. Probably branch label not up to date in orLeft 
226076     WARN  main            d.u.i.k.p.NodeInfo        No instantiation for #61. Probably branch label not up to date in orLeft 
226076     WARN  main            d.u.i.k.p.NodeInfo        No instantiation for #62. Probably branch label not up to date in orLeft 
226076     WARN  main            d.u.i.k.p.NodeInfo        No instantiation for #62. Probably branch label not up to date in orLeft 
226076     WARN  main            d.u.i.k.p.NodeInfo        No instantiation for #63. Probably branch label not up to date in orLeft 
226076     WARN  main            d.u.i.k.p.NodeInfo        No instantiation for #63. Probably branch label not up to date in orLeft 
226076     WARN  main            d.u.i.k.p.NodeInfo        No instantiation for #60. Probably branch label not up to date in orLeft 
226076     WARN  main            d.u.i.k.p.NodeInfo        No instantiation for #60. Probably branch label not up to date in orLeft 
226076     WARN  main            d.u.i.k.p.NodeInfo        No instantiation for #60. Probably branch label not up to date in orLeft 
226076     WARN  main            d.u.i.k.p.NodeInfo        No instantiation for #60. Probably branch label not up to date in orLeft 
226076     WARN  main            d.u.i.k.p.NodeInfo        No instantiation for #61. Probably branch label not up to date in orLeft 
226076     WARN  main            d.u.i.k.p.NodeInfo        No instantiation for #61. Probably branch label not up to date in orLeft 
226076     WARN  main            d.u.i.k.p.NodeInfo        No instantiation for #62. Probably branch label not up to date in orLeft 
226076     WARN  main            d.u.i.k.p.NodeInfo        No instantiation for #62. Probably branch label not up to date in orLeft 
226076     WARN  main            d.u.i.k.p.NodeInfo        No instantiation for #63. Probably branch label not up to date in orLeft 
226076     WARN  main            d.u.i.k.p.NodeInfo        No instantiation for #63. Probably branch label not up to date in orLeft 
226076     WARN  main            d.u.i.k.p.NodeInfo        No instantiation for #60. Probably branch label not up to date in orLeft 
226076     WARN  main            d.u.i.k.p.NodeInfo        No instantiation for #60. Probably branch label not up to date in orLeft 
226076     WARN  main            d.u.i.k.p.NodeInfo        No instantiation for #60. Probably branch label not up to date in orLeft 
226076     WARN  main            d.u.i.k.p.NodeInfo        No instantiation for #60. Probably branch label not up to date in orLeft 
226076     WARN  main            d.u.i.k.p.NodeInfo        No instantiation for #61. Probably branch label not up to date in orLeft 
226076     WARN  main            d.u.i.k.p.NodeInfo        No instantiation for #61. Probably branch label not up to date in orLeft 
226076     WARN  main            d.u.i.k.p.NodeInfo        No instantiation for #62. Probably branch label not up to date in orLeft 
226076     WARN  main            d.u.i.k.p.NodeInfo        No instantiation for #62. Probably branch label not up to date in orLeft 
226076     WARN  main            d.u.i.k.p.NodeInfo        No instantiation for #63. Probably branch label not up to date in orLeft 
226076     WARN  main            d.u.i.k.p.NodeInfo        No instantiation for #63. Probably branch label not up to date in orLeft 
226076     WARN  main            d.u.i.k.p.NodeInfo        No instantiation for #60. Probably branch label not up to date in orLeft 
226076     WARN  main            d.u.i.k.p.NodeInfo        No instantiation for #60. Probably branch label not up to date in orLeft 
226076     WARN  main            d.u.i.k.p.NodeInfo        No instantiation for #60. Probably branch label not up to date in orLeft 
226076     WARN  main            d.u.i.k.p.NodeInfo        No instantiation for #60. Probably branch label not up to date in orLeft 
226076     WARN  main            d.u.i.k.p.NodeInfo        No instantiation for #61. Probably branch label not up to date in orLeft 
226076     WARN  main            d.u.i.k.p.NodeInfo        No instantiation for #61. Probably branch label not up to date in orLeft 
226076     WARN  main            d.u.i.k.p.NodeInfo        No instantiation for #62. Probably branch label not up to date in orLeft 
226076     WARN  main            d.u.i.k.p.NodeInfo        No instantiation for #62. Probably branch label not up to date in orLeft 
226076     WARN  main            d.u.i.k.p.NodeInfo        No instantiation for #63. Probably branch label not up to date in orLeft 
226076     WARN  main            d.u.i.k.p.NodeInfo        No instantiation for #63. Probably branch label not up to date in orLeft 
226076     WARN  main            d.u.i.k.p.NodeInfo        No instantiation for #60. Probably branch label not up to date in orLeft 
226076     WARN  main            d.u.i.k.p.NodeInfo        No instantiation for #60. Probably branch label not up to date in orLeft 
226076     WARN  main            d.u.i.k.p.NodeInfo        No instantiation for #60. Probably branch label not up to date in orLeft 
226076     WARN  main            d.u.i.k.p.NodeInfo        No instantiation for #60. Probably branch label not up to date in orLeft 
226076     WARN  main            d.u.i.k.p.NodeInfo        No instantiation for #61. Probably branch label not up to date in orLeft 
226076     WARN  main            d.u.i.k.p.NodeInfo        No instantiation for #61. Probably branch label not up to date in orLeft 
226076     WARN  main            d.u.i.k.p.NodeInfo        No instantiation for #62. Probably branch label not up to date in orLeft 
226076     WARN  main            d.u.i.k.p.NodeInfo        No instantiation for #62. Probably branch label not up to date in orLeft 
226076     WARN  main            d.u.i.k.p.NodeInfo        No instantiation for #63. Probably branch label not up to date in orLeft 
226076     WARN  main            d.u.i.k.p.NodeInfo        No instantiation for #63. Probably branch label not up to date in orLeft 
226076     WARN  main            d.u.i.k.p.NodeInfo        No instantiation for #60. Probably branch label not up to date in orLeft 
226076     WARN  main            d.u.i.k.p.NodeInfo        No instantiation for #60. Probably branch label not up to date in orLeft 
226076     WARN  main            d.u.i.k.p.NodeInfo        No instantiation for #60. Probably branch label not up to date in orLeft 
226076     WARN  main            d.u.i.k.p.NodeInfo        No instantiation for #60. Probably branch label not up to date in orLeft 
226076     WARN  main            d.u.i.k.p.NodeInfo        No instantiation for #61. Probably branch label not up to date in orLeft 
226076     WARN  main            d.u.i.k.p.NodeInfo        No instantiation for #61. Probably branch label not up to date in orLeft 
226076     WARN  main            d.u.i.k.p.NodeInfo        No instantiation for #62. Probably branch label not up to date in orLeft 
226076     WARN  main            d.u.i.k.p.NodeInfo        No instantiation for #62. Probably branch label not up to date in orLeft 
226076     WARN  main            d.u.i.k.p.NodeInfo        No instantiation for #63. Probably branch label not up to date in orLeft 
226076     WARN  main            d.u.i.k.p.NodeInfo        No instantiation for #63. Probably branch label not up to date in orLeft 
226080     WARN  main            d.u.i.k.p.NodeInfo        No instantiation for #60. Probably branch label not up to date in orLeft 
226080     WARN  main            d.u.i.k.p.NodeInfo        No instantiation for #60. Probably branch label not up to date in orLeft 
226080     WARN  main            d.u.i.k.p.NodeInfo        No instantiation for #60. Probably branch label not up to date in orLeft 
226080     WARN  main            d.u.i.k.p.NodeInfo        No instantiation for #60. Probably branch label not up to date in orLeft 
226080     WARN  main            d.u.i.k.p.NodeInfo        No instantiation for #61. Probably branch label not up to date in orLeft 
226080     WARN  main            d.u.i.k.p.NodeInfo        No instantiation for #61. Probably branch label not up to date in orLeft 
226080     WARN  main            d.u.i.k.p.NodeInfo        No instantiation for #62. Probably branch label not up to date in orLeft 
226080     WARN  main            d.u.i.k.p.NodeInfo        No instantiation for #62. Probably branch label not up to date in orLeft 
226081     WARN  main            d.u.i.k.p.NodeInfo        No instantiation for #63. Probably branch label not up to date in orLeft 
226081     WARN  main            d.u.i.k.p.NodeInfo        No instantiation for #63. Probably branch label not up to date in orLeft 
226081     WARN  main            d.u.i.k.p.NodeInfo        No instantiation for #60. Probably branch label not up to date in orLeft 
226081     WARN  main            d.u.i.k.p.NodeInfo        No instantiation for #60. Probably branch label not up to date in orLeft 
226081     WARN  main            d.u.i.k.p.NodeInfo        No instantiation for #60. Probably branch label not up to date in orLeft 
226081     WARN  main            d.u.i.k.p.NodeInfo        No instantiation for #60. Probably branch label not up to date in orLeft 
226081     WARN  main            d.u.i.k.p.NodeInfo        No instantiation for #61. Probably branch label not up to date in orLeft 
226081     WARN  main            d.u.i.k.p.NodeInfo        No instantiation for #61. Probably branch label not up to date in orLeft 
226081     WARN  main            d.u.i.k.p.NodeInfo        No instantiation for #62. Probably branch label not up to date in orLeft 
226081     WARN  main            d.u.i.k.p.NodeInfo        No instantiation for #62. Probably branch label not up to date in orLeft 
226081     WARN  main            d.u.i.k.p.NodeInfo        No instantiation for #63. Probably branch label not up to date in orLeft 
226081     WARN  main            d.u.i.k.p.NodeInfo        No instantiation for #63. Probably branch label not up to date in orLeft 
226086     WARN  main            d.u.i.k.p.NodeInfo        No instantiation for #60. Probably branch label not up to date in orLeft 
226086     WARN  main            d.u.i.k.p.NodeInfo        No instantiation for #60. Probably branch label not up to date in orLeft 
226086     WARN  main            d.u.i.k.p.NodeInfo        No instantiation for #60. Probably branch label not up to date in orLeft 
226086     WARN  main            d.u.i.k.p.NodeInfo        No instantiation for #60. Probably branch label not up to date in orLeft 
226086     WARN  main            d.u.i.k.p.NodeInfo        No instantiation for #61. Probably branch label not up to date in orLeft 
226086     WARN  main            d.u.i.k.p.NodeInfo        No instantiation for #61. Probably branch label not up to date in orLeft 
226086     WARN  main            d.u.i.k.p.NodeInfo        No instantiation for #62. Probably branch label not up to date in orLeft 
226086     WARN  main            d.u.i.k.p.NodeInfo        No instantiation for #62. Probably branch label not up to date in orLeft 
226086     WARN  main            d.u.i.k.p.NodeInfo        No instantiation for #63. Probably branch label not up to date in orLeft 
226086     WARN  main            d.u.i.k.p.NodeInfo        No instantiation for #63. Probably branch label not up to date in orLeft 
226086     WARN  main            d.u.i.k.p.NodeInfo        No instantiation for #60. Probably branch label not up to date in orLeft 
226086     WARN  main            d.u.i.k.p.NodeInfo        No instantiation for #60. Probably branch label not up to date in orLeft 
226086     WARN  main            d.u.i.k.p.NodeInfo        No instantiation for #60. Probably branch label not up to date in orLeft 
226086     WARN  main            d.u.i.k.p.NodeInfo        No instantiation for #60. Probably branch label not up to date in orLeft 
226086     WARN  main            d.u.i.k.p.NodeInfo        No instantiation for #61. Probably branch label not up to date in orLeft 
226086     WARN  main            d.u.i.k.p.NodeInfo        No instantiation for #61. Probably branch label not up to date in orLeft 
226086     WARN  main            d.u.i.k.p.NodeInfo        No instantiation for #62. Probably branch label not up to date in orLeft 
226086     WARN  main            d.u.i.k.p.NodeInfo        No instantiation for #62. Probably branch label not up to date in orLeft 
226086     WARN  main            d.u.i.k.p.NodeInfo        No instantiation for #63. Probably branch label not up to date in orLeft 
226086     WARN  main            d.u.i.k.p.NodeInfo        No instantiation for #63. Probably branch label not up to date in orLeft 
226086     WARN  main            d.u.i.k.p.NodeInfo        No instantiation for #60. Probably branch label not up to date in orLeft 
226086     WARN  main            d.u.i.k.p.NodeInfo        No instantiation for #60. Probably branch label not up to date in orLeft 
226086     WARN  main            d.u.i.k.p.NodeInfo        No instantiation for #60. Probably branch label not up to date in orLeft 
226086     WARN  main            d.u.i.k.p.NodeInfo        No instantiation for #60. Probably branch label not up to date in orLeft 
226086     WARN  main            d.u.i.k.p.NodeInfo        No instantiation for #61. Probably branch label not up to date in orLeft 
226086     WARN  main            d.u.i.k.p.NodeInfo        No instantiation for #61. Probably branch label not up to date in orLeft 
226086     WARN  main            d.u.i.k.p.NodeInfo        No instantiation for #62. Probably branch label not up to date in orLeft 
226086     WARN  main            d.u.i.k.p.NodeInfo        No instantiation for #62. Probably branch label not up to date in orLeft 
226086     WARN  main            d.u.i.k.p.NodeInfo        No instantiation for #63. Probably branch label not up to date in orLeft 
226086     WARN  main            d.u.i.k.p.NodeInfo        No instantiation for #63. Probably branch label not up to date in orLeft 
226086     WARN  main            d.u.i.k.p.NodeInfo        No instantiation for #60. Probably branch label not up to date in orLeft 
226086     WARN  main            d.u.i.k.p.NodeInfo        No instantiation for #60. Probably branch label not up to date in orLeft 
226086     WARN  main            d.u.i.k.p.NodeInfo        No instantiation for #60. Probably branch label not up to date in orLeft 
226086     WARN  main            d.u.i.k.p.NodeInfo        No instantiation for #60. Probably branch label not up to date in orLeft 
226086     WARN  main            d.u.i.k.p.NodeInfo        No instantiation for #61. Probably branch label not up to date in orLeft 
226086     WARN  main            d.u.i.k.p.NodeInfo        No instantiation for #61. Probably branch label not up to date in orLeft 
226086     WARN  main            d.u.i.k.p.NodeInfo        No instantiation for #62. Probably branch label not up to date in orLeft 
226086     WARN  main            d.u.i.k.p.NodeInfo        No instantiation for #62. Probably branch label not up to date in orLeft 
226086     WARN  main            d.u.i.k.p.NodeInfo        No instantiation for #63. Probably branch label not up to date in orLeft 
226086     WARN  main            d.u.i.k.p.NodeInfo        No instantiation for #63. Probably branch label not up to date in orLeft 
226086     WARN  main            d.u.i.k.p.NodeInfo        No instantiation for #60. Probably branch label not up to date in orLeft 
226086     WARN  main            d.u.i.k.p.NodeInfo        No instantiation for #60. Probably branch label not up to date in orLeft 
226086     WARN  main            d.u.i.k.p.NodeInfo        No instantiation for #60. Probably branch label not up to date in orLeft 
226086     WARN  main            d.u.i.k.p.NodeInfo        No instantiation for #60. Probably branch label not up to date in orLeft 
226086     WARN  main            d.u.i.k.p.NodeInfo        No instantiation for #61. Probably branch label not up to date in orLeft 
226086     WARN  main            d.u.i.k.p.NodeInfo        No instantiation for #61. Probably branch label not up to date in orLeft 
226086     WARN  main            d.u.i.k.p.NodeInfo        No instantiation for #62. Probably branch label not up to date in orLeft 
226086     WARN  main            d.u.i.k.p.NodeInfo        No instantiation for #62. Probably branch label not up to date in orLeft 
226086     WARN  main            d.u.i.k.p.NodeInfo        No instantiation for #63. Probably branch label not up to date in orLeft 
226086     WARN  main            d.u.i.k.p.NodeInfo        No instantiation for #63. Probably branch label not up to date in orLeft 
226086     WARN  main            d.u.i.k.p.NodeInfo        No instantiation for #60. Probably branch label not up to date in orLeft 
226086     WARN  main            d.u.i.k.p.NodeInfo        No instantiation for #60. Probably branch label not up to date in orLeft 
226086     WARN  main            d.u.i.k.p.NodeInfo        No instantiation for #60. Probably branch label not up to date in orLeft 
226086     WARN  main            d.u.i.k.p.NodeInfo        No instantiation for #60. Probably branch label not up to date in orLeft 
226086     WARN  main            d.u.i.k.p.NodeInfo        No instantiation for #61. Probably branch label not up to date in orLeft 
226086     WARN  main            d.u.i.k.p.NodeInfo        No instantiation for #61. Probably branch label not up to date in orLeft 
226086     WARN  main            d.u.i.k.p.NodeInfo        No instantiation for #62. Probably branch label not up to date in orLeft 
226086     WARN  main            d.u.i.k.p.NodeInfo        No instantiation for #62. Probably branch label not up to date in orLeft 
226086     WARN  main            d.u.i.k.p.NodeInfo        No instantiation for #63. Probably branch label not up to date in orLeft 
226086     WARN  main            d.u.i.k.p.NodeInfo        No instantiation for #63. Probably branch label not up to date in orLeft 
226086     WARN  main            d.u.i.k.p.NodeInfo        No instantiation for #60. Probably branch label not up to date in orLeft 
226086     WARN  main            d.u.i.k.p.NodeInfo        No instantiation for #60. Probably branch label not up to date in orLeft 
226086     WARN  main            d.u.i.k.p.NodeInfo        No instantiation for #60. Probably branch label not up to date in orLeft 
226086     WARN  main            d.u.i.k.p.NodeInfo        No instantiation for #60. Probably branch label not up to date in orLeft 
226086     WARN  main            d.u.i.k.p.NodeInfo        No instantiation for #61. Probably branch label not up to date in orLeft 
226086     WARN  main            d.u.i.k.p.NodeInfo        No instantiation for #61. Probably branch label not up to date in orLeft 
226086     WARN  main            d.u.i.k.p.NodeInfo        No instantiation for #62. Probably branch label not up to date in orLeft 
226086     WARN  main            d.u.i.k.p.NodeInfo        No instantiation for #62. Probably branch label not up to date in orLeft 
226086     WARN  main            d.u.i.k.p.NodeInfo        No instantiation for #63. Probably branch label not up to date in orLeft 
226086     WARN  main            d.u.i.k.p.NodeInfo        No instantiation for #63. Probably branch label not up to date in orLeft 
226086     WARN  main            d.u.i.k.p.NodeInfo        No instantiation for #60. Probably branch label not up to date in orLeft 
226086     WARN  main            d.u.i.k.p.NodeInfo        No instantiation for #60. Probably branch label not up to date in orLeft 
226086     WARN  main            d.u.i.k.p.NodeInfo        No instantiation for #60. Probably branch label not up to date in orLeft 
226086     WARN  main            d.u.i.k.p.NodeInfo        No instantiation for #60. Probably branch label not up to date in orLeft 
226086     WARN  main            d.u.i.k.p.NodeInfo        No instantiation for #61. Probably branch label not up to date in orLeft 
226086     WARN  main            d.u.i.k.p.NodeInfo        No instantiation for #61. Probably branch label not up to date in orLeft 
226086     WARN  main            d.u.i.k.p.NodeInfo        No instantiation for #62. Probably branch label not up to date in orLeft 
226086     WARN  main            d.u.i.k.p.NodeInfo        No instantiation for #62. Probably branch label not up to date in orLeft 
226086     WARN  main            d.u.i.k.p.NodeInfo        No instantiation for #63. Probably branch label not up to date in orLeft 
226086     WARN  main            d.u.i.k.p.NodeInfo        No instantiation for #63. Probably branch label not up to date in orLeft 
226090     WARN  main            d.u.i.k.p.NodeInfo        No instantiation for #60. Probably branch label not up to date in orLeft 
226090     WARN  main            d.u.i.k.p.NodeInfo        No instantiation for #60. Probably branch label not up to date in orLeft 
226090     WARN  main            d.u.i.k.p.NodeInfo        No instantiation for #60. Probably branch label not up to date in orLeft 
226090     WARN  main            d.u.i.k.p.NodeInfo        No instantiation for #60. Probably branch label not up to date in orLeft 
226090     WARN  main            d.u.i.k.p.NodeInfo        No instantiation for #61. Probably branch label not up to date in orLeft 
226090     WARN  main            d.u.i.k.p.NodeInfo        No instantiation for #61. Probably branch label not up to date in orLeft 
226090     WARN  main            d.u.i.k.p.NodeInfo        No instantiation for #62. Probably branch label not up to date in orLeft 
226090     WARN  main            d.u.i.k.p.NodeInfo        No instantiation for #62. Probably branch label not up to date in orLeft 
226090     WARN  main            d.u.i.k.p.NodeInfo        No instantiation for #63. Probably branch label not up to date in orLeft 
226090     WARN  main            d.u.i.k.p.NodeInfo        No instantiation for #63. Probably branch label not up to date in orLeft 
226090     WARN  main            d.u.i.k.p.NodeInfo        No instantiation for #60. Probably branch label not up to date in orLeft 
226090     WARN  main            d.u.i.k.p.NodeInfo        No instantiation for #60. Probably branch label not up to date in orLeft 
226090     WARN  main            d.u.i.k.p.NodeInfo        No instantiation for #60. Probably branch label not up to date in orLeft 
226090     WARN  main            d.u.i.k.p.NodeInfo        No instantiation for #60. Probably branch label not up to date in orLeft 
226090     WARN  main            d.u.i.k.p.NodeInfo        No instantiation for #61. Probably branch label not up to date in orLeft 
226090     WARN  main            d.u.i.k.p.NodeInfo        No instantiation for #61. Probably branch label not up to date in orLeft 
226090     WARN  main            d.u.i.k.p.NodeInfo        No instantiation for #62. Probably branch label not up to date in orLeft 
226090     WARN  main            d.u.i.k.p.NodeInfo        No instantiation for #62. Probably branch label not up to date in orLeft 
226090     WARN  main            d.u.i.k.p.NodeInfo        No instantiation for #63. Probably branch label not up to date in orLeft 
226090     WARN  main            d.u.i.k.p.NodeInfo        No instantiation for #63. Probably branch label not up to date in orLeft 
226099     WARN  main            d.u.i.k.p.NodeInfo        No instantiation for #60. Probably branch label not up to date in orLeft 
226099     WARN  main            d.u.i.k.p.NodeInfo        No instantiation for #60. Probably branch label not up to date in orLeft 
226099     WARN  main            d.u.i.k.p.NodeInfo        No instantiation for #60. Probably branch label not up to date in orLeft 
226099     WARN  main            d.u.i.k.p.NodeInfo        No instantiation for #60. Probably branch label not up to date in orLeft 
226099     WARN  main            d.u.i.k.p.NodeInfo        No instantiation for #61. Probably branch label not up to date in orLeft 
226099     WARN  main            d.u.i.k.p.NodeInfo        No instantiation for #61. Probably branch label not up to date in orLeft 
226099     WARN  main            d.u.i.k.p.NodeInfo        No instantiation for #62. Probably branch label not up to date in orLeft 
226099     WARN  main            d.u.i.k.p.NodeInfo        No instantiation for #62. Probably branch label not up to date in orLeft 
226099     WARN  main            d.u.i.k.p.NodeInfo        No instantiation for #63. Probably branch label not up to date in orLeft 
226099     WARN  main            d.u.i.k.p.NodeInfo        No instantiation for #63. Probably branch label not up to date in orLeft 
226099     WARN  main            d.u.i.k.p.NodeInfo        No instantiation for #60. Probably branch label not up to date in orLeft 
226099     WARN  main            d.u.i.k.p.NodeInfo        No instantiation for #60. Probably branch label not up to date in orLeft 
226099     WARN  main            d.u.i.k.p.NodeInfo        No instantiation for #60. Probably branch label not up to date in orLeft 
226099     WARN  main            d.u.i.k.p.NodeInfo        No instantiation for #60. Probably branch label not up to date in orLeft 
226099     WARN  main            d.u.i.k.p.NodeInfo        No instantiation for #61. Probably branch label not up to date in orLeft 
226099     WARN  main            d.u.i.k.p.NodeInfo        No instantiation for #61. Probably branch label not up to date in orLeft 
226099     WARN  main            d.u.i.k.p.NodeInfo        No instantiation for #62. Probably branch label not up to date in orLeft 
226099     WARN  main            d.u.i.k.p.NodeInfo        No instantiation for #62. Probably branch label not up to date in orLeft 
226099     WARN  main            d.u.i.k.p.NodeInfo        No instantiation for #63. Probably branch label not up to date in orLeft 
226099     WARN  main            d.u.i.k.p.NodeInfo        No instantiation for #63. Probably branch label not up to date in orLeft 
226099     WARN  main            d.u.i.k.p.NodeInfo        No instantiation for #60. Probably branch label not up to date in orLeft 
226099     WARN  main            d.u.i.k.p.NodeInfo        No instantiation for #60. Probably branch label not up to date in orLeft 
226099     WARN  main            d.u.i.k.p.NodeInfo        No instantiation for #60. Probably branch label not up to date in orLeft 
226099     WARN  main            d.u.i.k.p.NodeInfo        No instantiation for #60. Probably branch label not up to date in orLeft 
226099     WARN  main            d.u.i.k.p.NodeInfo        No instantiation for #61. Probably branch label not up to date in orLeft 
226099     WARN  main            d.u.i.k.p.NodeInfo        No instantiation for #61. Probably branch label not up to date in orLeft 
226099     WARN  main            d.u.i.k.p.NodeInfo        No instantiation for #62. Probably branch label not up to date in orLeft 
226099     WARN  main            d.u.i.k.p.NodeInfo        No instantiation for #62. Probably branch label not up to date in orLeft 
226099     WARN  main            d.u.i.k.p.NodeInfo        No instantiation for #63. Probably branch label not up to date in orLeft 
226099     WARN  main            d.u.i.k.p.NodeInfo        No instantiation for #63. Probably branch label not up to date in orLeft 
226099     WARN  main            d.u.i.k.p.NodeInfo        No instantiation for #60. Probably branch label not up to date in orLeft 
226099     WARN  main            d.u.i.k.p.NodeInfo        No instantiation for #60. Probably branch label not up to date in orLeft 
226099     WARN  main            d.u.i.k.p.NodeInfo        No instantiation for #60. Probably branch label not up to date in orLeft 
226099     WARN  main            d.u.i.k.p.NodeInfo        No instantiation for #60. Probably branch label not up to date in orLeft 
226099     WARN  main            d.u.i.k.p.NodeInfo        No instantiation for #61. Probably branch label not up to date in orLeft 
226099     WARN  main            d.u.i.k.p.NodeInfo        No instantiation for #61. Probably branch label not up to date in orLeft 
226099     WARN  main            d.u.i.k.p.NodeInfo        No instantiation for #62. Probably branch label not up to date in orLeft 
226099     WARN  main            d.u.i.k.p.NodeInfo        No instantiation for #62. Probably branch label not up to date in orLeft 
226099     WARN  main            d.u.i.k.p.NodeInfo        No instantiation for #63. Probably branch label not up to date in orLeft 
226099     WARN  main            d.u.i.k.p.NodeInfo        No instantiation for #63. Probably branch label not up to date in orLeft 
226099     WARN  main            d.u.i.k.p.NodeInfo        No instantiation for #60. Probably branch label not up to date in orLeft 
226099     WARN  main            d.u.i.k.p.NodeInfo        No instantiation for #60. Probably branch label not up to date in orLeft 
226099     WARN  main            d.u.i.k.p.NodeInfo        No instantiation for #60. Probably branch label not up to date in orLeft 
226099     WARN  main            d.u.i.k.p.NodeInfo        No instantiation for #60. Probably branch label not up to date in orLeft 
226099     WARN  main            d.u.i.k.p.NodeInfo        No instantiation for #61. Probably branch label not up to date in orLeft 
226099     WARN  main            d.u.i.k.p.NodeInfo        No instantiation for #61. Probably branch label not up to date in orLeft 
226099     WARN  main            d.u.i.k.p.NodeInfo        No instantiation for #62. Probably branch label not up to date in orLeft 
226099     WARN  main            d.u.i.k.p.NodeInfo        No instantiation for #62. Probably branch label not up to date in orLeft 
226099     WARN  main            d.u.i.k.p.NodeInfo        No instantiation for #63. Probably branch label not up to date in orLeft 
226099     WARN  main            d.u.i.k.p.NodeInfo        No instantiation for #63. Probably branch label not up to date in orLeft 
226099     WARN  main            d.u.i.k.p.NodeInfo        No instantiation for #60. Probably branch label not up to date in orLeft 
226099     WARN  main            d.u.i.k.p.NodeInfo        No instantiation for #60. Probably branch label not up to date in orLeft 
226099     WARN  main            d.u.i.k.p.NodeInfo        No instantiation for #60. Probably branch label not up to date in orLeft 
226099     WARN  main            d.u.i.k.p.NodeInfo        No instantiation for #60. Probably branch label not up to date in orLeft 
226099     WARN  main            d.u.i.k.p.NodeInfo        No instantiation for #61. Probably branch label not up to date in orLeft 
226099     WARN  main            d.u.i.k.p.NodeInfo        No instantiation for #61. Probably branch label not up to date in orLeft 
226099     WARN  main            d.u.i.k.p.NodeInfo        No instantiation for #62. Probably branch label not up to date in orLeft 
226099     WARN  main            d.u.i.k.p.NodeInfo        No instantiation for #62. Probably branch label not up to date in orLeft 
226099     WARN  main            d.u.i.k.p.NodeInfo        No instantiation for #63. Probably branch label not up to date in orLeft 
226099     WARN  main            d.u.i.k.p.NodeInfo        No instantiation for #63. Probably branch label not up to date in orLeft 
226103     WARN  main            d.u.i.k.p.NodeInfo        No instantiation for #60. Probably branch label not up to date in orLeft 
226103     WARN  main            d.u.i.k.p.NodeInfo        No instantiation for #60. Probably branch label not up to date in orLeft 
226104     WARN  main            d.u.i.k.p.NodeInfo        No instantiation for #60. Probably branch label not up to date in orLeft 
226104     WARN  main            d.u.i.k.p.NodeInfo        No instantiation for #60. Probably branch label not up to date in orLeft 
226104     WARN  main            d.u.i.k.p.NodeInfo        No instantiation for #61. Probably branch label not up to date in orLeft 
226104     WARN  main            d.u.i.k.p.NodeInfo        No instantiation for #61. Probably branch label not up to date in orLeft 
226104     WARN  main            d.u.i.k.p.NodeInfo        No instantiation for #62. Probably branch label not up to date in orLeft 
226104     WARN  main            d.u.i.k.p.NodeInfo        No instantiation for #62. Probably branch label not up to date in orLeft 
226104     WARN  main            d.u.i.k.p.NodeInfo        No instantiation for #63. Probably branch label not up to date in orLeft 
226104     WARN  main            d.u.i.k.p.NodeInfo        No instantiation for #63. Probably branch label not up to date in orLeft 
226104     WARN  main            d.u.i.k.p.NodeInfo        No instantiation for #60. Probably branch label not up to date in orLeft 
226104     WARN  main            d.u.i.k.p.NodeInfo        No instantiation for #60. Probably branch label not up to date in orLeft 
226104     WARN  main            d.u.i.k.p.NodeInfo        No instantiation for #60. Probably branch label not up to date in orLeft 
226104     WARN  main            d.u.i.k.p.NodeInfo        No instantiation for #60. Probably branch label not up to date in orLeft 
226104     WARN  main            d.u.i.k.p.NodeInfo        No instantiation for #61. Probably branch label not up to date in orLeft 
226104     WARN  main            d.u.i.k.p.NodeInfo        No instantiation for #61. Probably branch label not up to date in orLeft 
226104     WARN  main            d.u.i.k.p.NodeInfo        No instantiation for #62. Probably branch label not up to date in orLeft 
226104     WARN  main            d.u.i.k.p.NodeInfo        No instantiation for #62. Probably branch label not up to date in orLeft 
226104     WARN  main            d.u.i.k.p.NodeInfo        No instantiation for #63. Probably branch label not up to date in orLeft 
226104     WARN  main            d.u.i.k.p.NodeInfo        No instantiation for #63. Probably branch label not up to date in orLeft 
226107     WARN  main            d.u.i.k.p.NodeInfo        No instantiation for #60. Probably branch label not up to date in orLeft 
226107     WARN  main            d.u.i.k.p.NodeInfo        No instantiation for #60. Probably branch label not up to date in orLeft 
226107     WARN  main            d.u.i.k.p.NodeInfo        No instantiation for #60. Probably branch label not up to date in orLeft 
226107     WARN  main            d.u.i.k.p.NodeInfo        No instantiation for #60. Probably branch label not up to date in orLeft 
226107     WARN  main            d.u.i.k.p.NodeInfo        No instantiation for #61. Probably branch label not up to date in orLeft 
226107     WARN  main            d.u.i.k.p.NodeInfo        No instantiation for #61. Probably branch label not up to date in orLeft 
226107     WARN  main            d.u.i.k.p.NodeInfo        No instantiation for #62. Probably branch label not up to date in orLeft 
226107     WARN  main            d.u.i.k.p.NodeInfo        No instantiation for #62. Probably branch label not up to date in orLeft 
226107     WARN  main            d.u.i.k.p.NodeInfo        No instantiation for #63. Probably branch label not up to date in orLeft 
226107     WARN  main            d.u.i.k.p.NodeInfo        No instantiation for #63. Probably branch label not up to date in orLeft 
226107     WARN  main            d.u.i.k.p.NodeInfo        No instantiation for #60. Probably branch label not up to date in orLeft 
226107     WARN  main            d.u.i.k.p.NodeInfo        No instantiation for #60. Probably branch label not up to date in orLeft 
226107     WARN  main            d.u.i.k.p.NodeInfo        No instantiation for #60. Probably branch label not up to date in orLeft 
226107     WARN  main            d.u.i.k.p.NodeInfo        No instantiation for #60. Probably branch label not up to date in orLeft 
226107     WARN  main            d.u.i.k.p.NodeInfo        No instantiation for #61. Probably branch label not up to date in orLeft 
226107     WARN  main            d.u.i.k.p.NodeInfo        No instantiation for #61. Probably branch label not up to date in orLeft 
226107     WARN  main            d.u.i.k.p.NodeInfo        No instantiation for #62. Probably branch label not up to date in orLeft 
226107     WARN  main            d.u.i.k.p.NodeInfo        No instantiation for #62. Probably branch label not up to date in orLeft 
226107     WARN  main            d.u.i.k.p.NodeInfo        No instantiation for #63. Probably branch label not up to date in orLeft 
226107     WARN  main            d.u.i.k.p.NodeInfo        No instantiation for #63. Probably branch label not up to date in orLeft 
226107     WARN  main            d.u.i.k.p.NodeInfo        No instantiation for #60. Probably branch label not up to date in orLeft 
226107     WARN  main            d.u.i.k.p.NodeInfo        No instantiation for #60. Probably branch label not up to date in orLeft 
226107     WARN  main            d.u.i.k.p.NodeInfo        No instantiation for #60. Probably branch label not up to date in orLeft 
226107     WARN  main            d.u.i.k.p.NodeInfo        No instantiation for #60. Probably branch label not up to date in orLeft 
226107     WARN  main            d.u.i.k.p.NodeInfo        No instantiation for #61. Probably branch label not up to date in orLeft 
226107     WARN  main            d.u.i.k.p.NodeInfo        No instantiation for #61. Probably branch label not up to date in orLeft 
226107     WARN  main            d.u.i.k.p.NodeInfo        No instantiation for #62. Probably branch label not up to date in orLeft 
226107     WARN  main            d.u.i.k.p.NodeInfo        No instantiation for #62. Probably branch label not up to date in orLeft 
226107     WARN  main            d.u.i.k.p.NodeInfo        No instantiation for #63. Probably branch label not up to date in orLeft 
226107     WARN  main            d.u.i.k.p.NodeInfo        No instantiation for #63. Probably branch label not up to date in orLeft 
226107     WARN  main            d.u.i.k.p.NodeInfo        No instantiation for #60. Probably branch label not up to date in orLeft 
226107     WARN  main            d.u.i.k.p.NodeInfo        No instantiation for #60. Probably branch label not up to date in orLeft 
226107     WARN  main            d.u.i.k.p.NodeInfo        No instantiation for #60. Probably branch label not up to date in orLeft 
226107     WARN  main            d.u.i.k.p.NodeInfo        No instantiation for #60. Probably branch label not up to date in orLeft 
226107     WARN  main            d.u.i.k.p.NodeInfo        No instantiation for #61. Probably branch label not up to date in orLeft 
226107     WARN  main            d.u.i.k.p.NodeInfo        No instantiation for #61. Probably branch label not up to date in orLeft 
226107     WARN  main            d.u.i.k.p.NodeInfo        No instantiation for #62. Probably branch label not up to date in orLeft 
226107     WARN  main            d.u.i.k.p.NodeInfo        No instantiation for #62. Probably branch label not up to date in orLeft 
226107     WARN  main            d.u.i.k.p.NodeInfo        No instantiation for #63. Probably branch label not up to date in orLeft 
226107     WARN  main            d.u.i.k.p.NodeInfo        No instantiation for #63. Probably branch label not up to date in orLeft 
226110     WARN  main            d.u.i.k.p.NodeInfo        No instantiation for #60. Probably branch label not up to date in orLeft 
226110     WARN  main            d.u.i.k.p.NodeInfo        No instantiation for #60. Probably branch label not up to date in orLeft 
226110     WARN  main            d.u.i.k.p.NodeInfo        No instantiation for #60. Probably branch label not up to date in orLeft 
226110     WARN  main            d.u.i.k.p.NodeInfo        No instantiation for #60. Probably branch label not up to date in orLeft 
226110     WARN  main            d.u.i.k.p.NodeInfo        No instantiation for #61. Probably branch label not up to date in orLeft 
226110     WARN  main            d.u.i.k.p.NodeInfo        No instantiation for #61. Probably branch label not up to date in orLeft 
226110     WARN  main            d.u.i.k.p.NodeInfo        No instantiation for #62. Probably branch label not up to date in orLeft 
226110     WARN  main            d.u.i.k.p.NodeInfo        No instantiation for #62. Probably branch label not up to date in orLeft 
226110     WARN  main            d.u.i.k.p.NodeInfo        No instantiation for #63. Probably branch label not up to date in orLeft 
226110     WARN  main            d.u.i.k.p.NodeInfo        No instantiation for #63. Probably branch label not up to date in orLeft 
226110     WARN  main            d.u.i.k.p.NodeInfo        No instantiation for #60. Probably branch label not up to date in orLeft 
226110     WARN  main            d.u.i.k.p.NodeInfo        No instantiation for #60. Probably branch label not up to date in orLeft 
226110     WARN  main            d.u.i.k.p.NodeInfo        No instantiation for #60. Probably branch label not up to date in orLeft 
226110     WARN  main            d.u.i.k.p.NodeInfo        No instantiation for #60. Probably branch label not up to date in orLeft 
226110     WARN  main            d.u.i.k.p.NodeInfo        No instantiation for #61. Probably branch label not up to date in orLeft 
226110     WARN  main            d.u.i.k.p.NodeInfo        No instantiation for #61. Probably branch label not up to date in orLeft 
226110     WARN  main            d.u.i.k.p.NodeInfo        No instantiation for #62. Probably branch label not up to date in orLeft 
226110     WARN  main            d.u.i.k.p.NodeInfo        No instantiation for #62. Probably branch label not up to date in orLeft 
226110     WARN  main            d.u.i.k.p.NodeInfo        No instantiation for #63. Probably branch label not up to date in orLeft 
226110     WARN  main            d.u.i.k.p.NodeInfo        No instantiation for #63. Probably branch label not up to date in orLeft 
226112     WARN  main            d.u.i.k.p.NodeInfo        No instantiation for #60. Probably branch label not up to date in orLeft 
226112     WARN  main            d.u.i.k.p.NodeInfo        No instantiation for #60. Probably branch label not up to date in orLeft 
226112     WARN  main            d.u.i.k.p.NodeInfo        No instantiation for #60. Probably branch label not up to date in orLeft 
226112     WARN  main            d.u.i.k.p.NodeInfo        No instantiation for #60. Probably branch label not up to date in orLeft 
226112     WARN  main            d.u.i.k.p.NodeInfo        No instantiation for #61. Probably branch label not up to date in orLeft 
226112     WARN  main            d.u.i.k.p.NodeInfo        No instantiation for #61. Probably branch label not up to date in orLeft 
226112     WARN  main            d.u.i.k.p.NodeInfo        No instantiation for #62. Probably branch label not up to date in orLeft 
226112     WARN  main            d.u.i.k.p.NodeInfo        No instantiation for #62. Probably branch label not up to date in orLeft 
226112     WARN  main            d.u.i.k.p.NodeInfo        No instantiation for #63. Probably branch label not up to date in orLeft 
226112     WARN  main            d.u.i.k.p.NodeInfo        No instantiation for #63. Probably branch label not up to date in orLeft 
226112     WARN  main            d.u.i.k.p.NodeInfo        No instantiation for #60. Probably branch label not up to date in orLeft 
226112     WARN  main            d.u.i.k.p.NodeInfo        No instantiation for #60. Probably branch label not up to date in orLeft 
226112     WARN  main            d.u.i.k.p.NodeInfo        No instantiation for #60. Probably branch label not up to date in orLeft 
226112     WARN  main            d.u.i.k.p.NodeInfo        No instantiation for #60. Probably branch label not up to date in orLeft 
226112     WARN  main            d.u.i.k.p.NodeInfo        No instantiation for #61. Probably branch label not up to date in orLeft 
226112     WARN  main            d.u.i.k.p.NodeInfo        No instantiation for #61. Probably branch label not up to date in orLeft 
226112     WARN  main            d.u.i.k.p.NodeInfo        No instantiation for #62. Probably branch label not up to date in orLeft 
226112     WARN  main            d.u.i.k.p.NodeInfo        No instantiation for #62. Probably branch label not up to date in orLeft 
226112     WARN  main            d.u.i.k.p.NodeInfo        No instantiation for #63. Probably branch label not up to date in orLeft 
226112     WARN  main            d.u.i.k.p.NodeInfo        No instantiation for #63. Probably branch label not up to date in orLeft 
236783     WARN  main            d.u.i.k.p.NodeInfo        No instantiation for #106. Probably branch label not up to date in orLeft 
236783     WARN  main            d.u.i.k.p.NodeInfo        No instantiation for #106. Probably branch label not up to date in orLeft 
236783     WARN  main            d.u.i.k.p.NodeInfo        No instantiation for #106. Probably branch label not up to date in orLeft 
236784     WARN  main            d.u.i.k.p.NodeInfo        No instantiation for #106. Probably branch label not up to date in orLeft 
236784     WARN  main            d.u.i.k.p.NodeInfo        No instantiation for #107. Probably branch label not up to date in orLeft 
236784     WARN  main            d.u.i.k.p.NodeInfo        No instantiation for #107. Probably branch label not up to date in orLeft 
236784     WARN  main            d.u.i.k.p.NodeInfo        No instantiation for #108. Probably branch label not up to date in orLeft 
236784     WARN  main            d.u.i.k.p.NodeInfo        No instantiation for #108. Probably branch label not up to date in orLeft 
236784     WARN  main            d.u.i.k.p.NodeInfo        No instantiation for #109. Probably branch label not up to date in orLeft 
236784     WARN  main            d.u.i.k.p.NodeInfo        No instantiation for #109. Probably branch label not up to date in orLeft 
236784     WARN  main            d.u.i.k.p.NodeInfo        No instantiation for #110. Probably branch label not up to date in orLeft 
236784     WARN  main            d.u.i.k.p.NodeInfo        No instantiation for #110. Probably branch label not up to date in orLeft 
236784     WARN  main            d.u.i.k.p.NodeInfo        No instantiation for #110. Probably branch label not up to date in orLeft 
236784     WARN  main            d.u.i.k.p.NodeInfo        No instantiation for #110. Probably branch label not up to date in orLeft 
236784     WARN  main            d.u.i.k.p.NodeInfo        No instantiation for #110. Probably branch label not up to date in orLeft 
236784     WARN  main            d.u.i.k.p.NodeInfo        No instantiation for #111. Probably branch label not up to date in orLeft 
236785     WARN  main            d.u.i.k.p.NodeInfo        No instantiation for #111. Probably branch label not up to date in orLeft 
236785     WARN  main            d.u.i.k.p.NodeInfo        No instantiation for #112. Probably branch label not up to date in orLeft 
236785     WARN  main            d.u.i.k.p.NodeInfo        No instantiation for #112. Probably branch label not up to date in orLeft 
236785     WARN  main            d.u.i.k.p.NodeInfo        No instantiation for #113. Probably branch label not up to date in orLeft 
236785     WARN  main            d.u.i.k.p.NodeInfo        No instantiation for #113. Probably branch label not up to date in orLeft 
236785     WARN  main            d.u.i.k.p.NodeInfo        No instantiation for #106. Probably branch label not up to date in orLeft 
236785     WARN  main            d.u.i.k.p.NodeInfo        No instantiation for #106. Probably branch label not up to date in orLeft 
236785     WARN  main            d.u.i.k.p.NodeInfo        No instantiation for #106. Probably branch label not up to date in orLeft 
236785     WARN  main            d.u.i.k.p.NodeInfo        No instantiation for #106. Probably branch label not up to date in orLeft 
236785     WARN  main            d.u.i.k.p.NodeInfo        No instantiation for #107. Probably branch label not up to date in orLeft 
236785     WARN  main            d.u.i.k.p.NodeInfo        No instantiation for #107. Probably branch label not up to date in orLeft 
236785     WARN  main            d.u.i.k.p.NodeInfo        No instantiation for #108. Probably branch label not up to date in orLeft 
236785     WARN  main            d.u.i.k.p.NodeInfo        No instantiation for #108. Probably branch label not up to date in orLeft 
236785     WARN  main            d.u.i.k.p.NodeInfo        No instantiation for #109. Probably branch label not up to date in orLeft 
236786     WARN  main            d.u.i.k.p.NodeInfo        No instantiation for #109. Probably branch label not up to date in orLeft 
236786     WARN  main            d.u.i.k.p.NodeInfo        No instantiation for #110. Probably branch label not up to date in orLeft 
236786     WARN  main            d.u.i.k.p.NodeInfo        No instantiation for #110. Probably branch label not up to date in orLeft 
236786     WARN  main            d.u.i.k.p.NodeInfo        No instantiation for #110. Probably branch label not up to date in orLeft 
236786     WARN  main            d.u.i.k.p.NodeInfo        No instantiation for #110. Probably branch label not up to date in orLeft 
236786     WARN  main            d.u.i.k.p.NodeInfo        No instantiation for #110. Probably branch label not up to date in orLeft 
236786     WARN  main            d.u.i.k.p.NodeInfo        No instantiation for #111. Probably branch label not up to date in orLeft 
236786     WARN  main            d.u.i.k.p.NodeInfo        No instantiation for #111. Probably branch label not up to date in orLeft 
236786     WARN  main            d.u.i.k.p.NodeInfo        No instantiation for #112. Probably branch label not up to date in orLeft 
236786     WARN  main            d.u.i.k.p.NodeInfo        No instantiation for #112. Probably branch label not up to date in orLeft 
236786     WARN  main            d.u.i.k.p.NodeInfo        No instantiation for #113. Probably branch label not up to date in orLeft 
236786     WARN  main            d.u.i.k.p.NodeInfo        No instantiation for #113. Probably branch label not up to date in orLeft 
236801     WARN  main            d.u.i.k.p.NodeInfo        No instantiation for #106. Probably branch label not up to date in orLeft 
236801     WARN  main            d.u.i.k.p.NodeInfo        No instantiation for #106. Probably branch label not up to date in orLeft 
236801     WARN  main            d.u.i.k.p.NodeInfo        No instantiation for #106. Probably branch label not up to date in orLeft 
236801     WARN  main            d.u.i.k.p.NodeInfo        No instantiation for #106. Probably branch label not up to date in orLeft 
236801     WARN  main            d.u.i.k.p.NodeInfo        No instantiation for #107. Probably branch label not up to date in orLeft 
236801     WARN  main            d.u.i.k.p.NodeInfo        No instantiation for #107. Probably branch label not up to date in orLeft 
236801     WARN  main            d.u.i.k.p.NodeInfo        No instantiation for #108. Probably branch label not up to date in orLeft 
236801     WARN  main            d.u.i.k.p.NodeInfo        No instantiation for #108. Probably branch label not up to date in orLeft 
236801     WARN  main            d.u.i.k.p.NodeInfo        No instantiation for #109. Probably branch label not up to date in orLeft 
236801     WARN  main            d.u.i.k.p.NodeInfo        No instantiation for #109. Probably branch label not up to date in orLeft 
236801     WARN  main            d.u.i.k.p.NodeInfo        No instantiation for #110. Probably branch label not up to date in orLeft 
236801     WARN  main            d.u.i.k.p.NodeInfo        No instantiation for #110. Probably branch label not up to date in orLeft 
236801     WARN  main            d.u.i.k.p.NodeInfo        No instantiation for #110. Probably branch label not up to date in orLeft 
236801     WARN  main            d.u.i.k.p.NodeInfo        No instantiation for #110. Probably branch label not up to date in orLeft 
236801     WARN  main            d.u.i.k.p.NodeInfo        No instantiation for #110. Probably branch label not up to date in orLeft 
236801     WARN  main            d.u.i.k.p.NodeInfo        No instantiation for #55. Probably branch label not up to date in orLeft 
236801     WARN  main            d.u.i.k.p.NodeInfo        No instantiation for #55. Probably branch label not up to date in orLeft 
236801     WARN  main            d.u.i.k.p.NodeInfo        No instantiation for #56. Probably branch label not up to date in orLeft 
236801     WARN  main            d.u.i.k.p.NodeInfo        No instantiation for #56. Probably branch label not up to date in orLeft 
236801     WARN  main            d.u.i.k.p.NodeInfo        No instantiation for #57. Probably branch label not up to date in orLeft 
236801     WARN  main            d.u.i.k.p.NodeInfo        No instantiation for #57. Probably branch label not up to date in orLeft 
236801     WARN  main            d.u.i.k.p.NodeInfo        No instantiation for #106. Probably branch label not up to date in orLeft 
236801     WARN  main            d.u.i.k.p.NodeInfo        No instantiation for #106. Probably branch label not up to date in orLeft 
236801     WARN  main            d.u.i.k.p.NodeInfo        No instantiation for #106. Probably branch label not up to date in orLeft 
236801     WARN  main            d.u.i.k.p.NodeInfo        No instantiation for #106. Probably branch label not up to date in orLeft 
236801     WARN  main            d.u.i.k.p.NodeInfo        No instantiation for #107. Probably branch label not up to date in orLeft 
236801     WARN  main            d.u.i.k.p.NodeInfo        No instantiation for #107. Probably branch label not up to date in orLeft 
236801     WARN  main            d.u.i.k.p.NodeInfo        No instantiation for #108. Probably branch label not up to date in orLeft 
236801     WARN  main            d.u.i.k.p.NodeInfo        No instantiation for #108. Probably branch label not up to date in orLeft 
236801     WARN  main            d.u.i.k.p.NodeInfo        No instantiation for #109. Probably branch label not up to date in orLeft 
236801     WARN  main            d.u.i.k.p.NodeInfo        No instantiation for #109. Probably branch label not up to date in orLeft 
236801     WARN  main            d.u.i.k.p.NodeInfo        No instantiation for #110. Probably branch label not up to date in orLeft 
236801     WARN  main            d.u.i.k.p.NodeInfo        No instantiation for #110. Probably branch label not up to date in orLeft 
236801     WARN  main            d.u.i.k.p.NodeInfo        No instantiation for #110. Probably branch label not up to date in orLeft 
236801     WARN  main            d.u.i.k.p.NodeInfo        No instantiation for #110. Probably branch label not up to date in orLeft 
236801     WARN  main            d.u.i.k.p.NodeInfo        No instantiation for #110. Probably branch label not up to date in orLeft 
236801     WARN  main            d.u.i.k.p.NodeInfo        No instantiation for #55. Probably branch label not up to date in orLeft 
236801     WARN  main            d.u.i.k.p.NodeInfo        No instantiation for #55. Probably branch label not up to date in orLeft 
236801     WARN  main            d.u.i.k.p.NodeInfo        No instantiation for #56. Probably branch label not up to date in orLeft 
236801     WARN  main            d.u.i.k.p.NodeInfo        No instantiation for #56. Probably branch label not up to date in orLeft 
236801     WARN  main            d.u.i.k.p.NodeInfo        No instantiation for #57. Probably branch label not up to date in orLeft 
236801     WARN  main            d.u.i.k.p.NodeInfo        No instantiation for #57. Probably branch label not up to date in orLeft 
236801     WARN  main            d.u.i.k.p.NodeInfo        No instantiation for #106. Probably branch label not up to date in orLeft 
236801     WARN  main            d.u.i.k.p.NodeInfo        No instantiation for #106. Probably branch label not up to date in orLeft 
236801     WARN  main            d.u.i.k.p.NodeInfo        No instantiation for #106. Probably branch label not up to date in orLeft 
236801     WARN  main            d.u.i.k.p.NodeInfo        No instantiation for #106. Probably branch label not up to date in orLeft 
236801     WARN  main            d.u.i.k.p.NodeInfo        No instantiation for #107. Probably branch label not up to date in orLeft 
236801     WARN  main            d.u.i.k.p.NodeInfo        No instantiation for #107. Probably branch label not up to date in orLeft 
236801     WARN  main            d.u.i.k.p.NodeInfo        No instantiation for #108. Probably branch label not up to date in orLeft 
236801     WARN  main            d.u.i.k.p.NodeInfo        No instantiation for #108. Probably branch label not up to date in orLeft 
236801     WARN  main            d.u.i.k.p.NodeInfo        No instantiation for #109. Probably branch label not up to date in orLeft 
236801     WARN  main            d.u.i.k.p.NodeInfo        No instantiation for #109. Probably branch label not up to date in orLeft 
236801     WARN  main            d.u.i.k.p.NodeInfo        No instantiation for #110. Probably branch label not up to date in orLeft 
236801     WARN  main            d.u.i.k.p.NodeInfo        No instantiation for #110. Probably branch label not up to date in orLeft 
236801     WARN  main            d.u.i.k.p.NodeInfo        No instantiation for #110. Probably branch label not up to date in orLeft 
236801     WARN  main            d.u.i.k.p.NodeInfo        No instantiation for #110. Probably branch label not up to date in orLeft 
236801     WARN  main            d.u.i.k.p.NodeInfo        No instantiation for #110. Probably branch label not up to date in orLeft 
236801     WARN  main            d.u.i.k.p.NodeInfo        No instantiation for #55. Probably branch label not up to date in orLeft 
236801     WARN  main            d.u.i.k.p.NodeInfo        No instantiation for #55. Probably branch label not up to date in orLeft 
236801     WARN  main            d.u.i.k.p.NodeInfo        No instantiation for #56. Probably branch label not up to date in orLeft 
236801     WARN  main            d.u.i.k.p.NodeInfo        No instantiation for #56. Probably branch label not up to date in orLeft 
236801     WARN  main            d.u.i.k.p.NodeInfo        No instantiation for #57. Probably branch label not up to date in orLeft 
236801     WARN  main            d.u.i.k.p.NodeInfo        No instantiation for #57. Probably branch label not up to date in orLeft 
236801     WARN  main            d.u.i.k.p.NodeInfo        No instantiation for #106. Probably branch label not up to date in orLeft 
236801     WARN  main            d.u.i.k.p.NodeInfo        No instantiation for #106. Probably branch label not up to date in orLeft 
236801     WARN  main            d.u.i.k.p.NodeInfo        No instantiation for #106. Probably branch label not up to date in orLeft 
236801     WARN  main            d.u.i.k.p.NodeInfo        No instantiation for #106. Probably branch label not up to date in orLeft 
236801     WARN  main            d.u.i.k.p.NodeInfo        No instantiation for #107. Probably branch label not up to date in orLeft 
236801     WARN  main            d.u.i.k.p.NodeInfo        No instantiation for #107. Probably branch label not up to date in orLeft 
236801     WARN  main            d.u.i.k.p.NodeInfo        No instantiation for #108. Probably branch label not up to date in orLeft 
236801     WARN  main            d.u.i.k.p.NodeInfo        No instantiation for #108. Probably branch label not up to date in orLeft 
236801     WARN  main            d.u.i.k.p.NodeInfo        No instantiation for #109. Probably branch label not up to date in orLeft 
236801     WARN  main            d.u.i.k.p.NodeInfo        No instantiation for #109. Probably branch label not up to date in orLeft 
236801     WARN  main            d.u.i.k.p.NodeInfo        No instantiation for #110. Probably branch label not up to date in orLeft 
236801     WARN  main            d.u.i.k.p.NodeInfo        No instantiation for #110. Probably branch label not up to date in orLeft 
236801     WARN  main            d.u.i.k.p.NodeInfo        No instantiation for #110. Probably branch label not up to date in orLeft 
236801     WARN  main            d.u.i.k.p.NodeInfo        No instantiation for #110. Probably branch label not up to date in orLeft 
236801     WARN  main            d.u.i.k.p.NodeInfo        No instantiation for #110. Probably branch label not up to date in orLeft 
236801     WARN  main            d.u.i.k.p.NodeInfo        No instantiation for #87. Probably branch label not up to date in orLeft 
236801     WARN  main            d.u.i.k.p.NodeInfo        No instantiation for #87. Probably branch label not up to date in orLeft 
236801     WARN  main            d.u.i.k.p.NodeInfo        No instantiation for #88. Probably branch label not up to date in orLeft 
236801     WARN  main            d.u.i.k.p.NodeInfo        No instantiation for #88. Probably branch label not up to date in orLeft 
236801     WARN  main            d.u.i.k.p.NodeInfo        No instantiation for #89. Probably branch label not up to date in orLeft 
236801     WARN  main            d.u.i.k.p.NodeInfo        No instantiation for #89. Probably branch label not up to date in orLeft 
236801     WARN  main            d.u.i.k.p.NodeInfo        No instantiation for #106. Probably branch label not up to date in orLeft 
236801     WARN  main            d.u.i.k.p.NodeInfo        No instantiation for #106. Probably branch label not up to date in orLeft 
236801     WARN  main            d.u.i.k.p.NodeInfo        No instantiation for #106. Probably branch label not up to date in orLeft 
236801     WARN  main            d.u.i.k.p.NodeInfo        No instantiation for #106. Probably branch label not up to date in orLeft 
236801     WARN  main            d.u.i.k.p.NodeInfo        No instantiation for #107. Probably branch label not up to date in orLeft 
236801     WARN  main            d.u.i.k.p.NodeInfo        No instantiation for #107. Probably branch label not up to date in orLeft 
236801     WARN  main            d.u.i.k.p.NodeInfo        No instantiation for #108. Probably branch label not up to date in orLeft 
236801     WARN  main            d.u.i.k.p.NodeInfo        No instantiation for #108. Probably branch label not up to date in orLeft 
236801     WARN  main            d.u.i.k.p.NodeInfo        No instantiation for #109. Probably branch label not up to date in orLeft 
236801     WARN  main            d.u.i.k.p.NodeInfo        No instantiation for #109. Probably branch label not up to date in orLeft 
236801     WARN  main            d.u.i.k.p.NodeInfo        No instantiation for #110. Probably branch label not up to date in orLeft 
236801     WARN  main            d.u.i.k.p.NodeInfo        No instantiation for #110. Probably branch label not up to date in orLeft 
236801     WARN  main            d.u.i.k.p.NodeInfo        No instantiation for #110. Probably branch label not up to date in orLeft 
236801     WARN  main            d.u.i.k.p.NodeInfo        No instantiation for #110. Probably branch label not up to date in orLeft 
236801     WARN  main            d.u.i.k.p.NodeInfo        No instantiation for #110. Probably branch label not up to date in orLeft 
236801     WARN  main            d.u.i.k.p.NodeInfo        No instantiation for #55. Probably branch label not up to date in orLeft 
236801     WARN  main            d.u.i.k.p.NodeInfo        No instantiation for #55. Probably branch label not up to date in orLeft 
236801     WARN  main            d.u.i.k.p.NodeInfo        No instantiation for #56. Probably branch label not up to date in orLeft 
236801     WARN  main            d.u.i.k.p.NodeInfo        No instantiation for #56. Probably branch label not up to date in orLeft 
236801     WARN  main            d.u.i.k.p.NodeInfo        No instantiation for #57. Probably branch label not up to date in orLeft 
236801     WARN  main            d.u.i.k.p.NodeInfo        No instantiation for #57. Probably branch label not up to date in orLeft 
236801     WARN  main            d.u.i.k.p.NodeInfo        No instantiation for #106. Probably branch label not up to date in orLeft 
236801     WARN  main            d.u.i.k.p.NodeInfo        No instantiation for #106. Probably branch label not up to date in orLeft 
236801     WARN  main            d.u.i.k.p.NodeInfo        No instantiation for #106. Probably branch label not up to date in orLeft 
236801     WARN  main            d.u.i.k.p.NodeInfo        No instantiation for #106. Probably branch label not up to date in orLeft 
236801     WARN  main            d.u.i.k.p.NodeInfo        No instantiation for #107. Probably branch label not up to date in orLeft 
236801     WARN  main            d.u.i.k.p.NodeInfo        No instantiation for #107. Probably branch label not up to date in orLeft 
236802     WARN  main            d.u.i.k.p.NodeInfo        No instantiation for #108. Probably branch label not up to date in orLeft 
236802     WARN  main            d.u.i.k.p.NodeInfo        No instantiation for #108. Probably branch label not up to date in orLeft 
236802     WARN  main            d.u.i.k.p.NodeInfo        No instantiation for #109. Probably branch label not up to date in orLeft 
236802     WARN  main            d.u.i.k.p.NodeInfo        No instantiation for #109. Probably branch label not up to date in orLeft 
236802     WARN  main            d.u.i.k.p.NodeInfo        No instantiation for #110. Probably branch label not up to date in orLeft 
236802     WARN  main            d.u.i.k.p.NodeInfo        No instantiation for #110. Probably branch label not up to date in orLeft 
236802     WARN  main            d.u.i.k.p.NodeInfo        No instantiation for #110. Probably branch label not up to date in orLeft 
236802     WARN  main            d.u.i.k.p.NodeInfo        No instantiation for #110. Probably branch label not up to date in orLeft 
236802     WARN  main            d.u.i.k.p.NodeInfo        No instantiation for #110. Probably branch label not up to date in orLeft 
236802     WARN  main            d.u.i.k.p.NodeInfo        No instantiation for #111. Probably branch label not up to date in orLeft 
236802     WARN  main            d.u.i.k.p.NodeInfo        No instantiation for #111. Probably branch label not up to date in orLeft 
236802     WARN  main            d.u.i.k.p.NodeInfo        No instantiation for #112. Probably branch label not up to date in orLeft 
236802     WARN  main            d.u.i.k.p.NodeInfo        No instantiation for #112. Probably branch label not up to date in orLeft 
236802     WARN  main            d.u.i.k.p.NodeInfo        No instantiation for #113. Probably branch label not up to date in orLeft 
236802     WARN  main            d.u.i.k.p.NodeInfo        No instantiation for #113. Probably branch label not up to date in orLeft 
236802     WARN  main            d.u.i.k.p.NodeInfo        No instantiation for #106. Probably branch label not up to date in orLeft 
236802     WARN  main            d.u.i.k.p.NodeInfo        No instantiation for #106. Probably branch label not up to date in orLeft 
236802     WARN  main            d.u.i.k.p.NodeInfo        No instantiation for #106. Probably branch label not up to date in orLeft 
236802     WARN  main            d.u.i.k.p.NodeInfo        No instantiation for #106. Probably branch label not up to date in orLeft 
236802     WARN  main            d.u.i.k.p.NodeInfo        No instantiation for #107. Probably branch label not up to date in orLeft 
236802     WARN  main            d.u.i.k.p.NodeInfo        No instantiation for #107. Probably branch label not up to date in orLeft 
236802     WARN  main            d.u.i.k.p.NodeInfo        No instantiation for #108. Probably branch label not up to date in orLeft 
236802     WARN  main            d.u.i.k.p.NodeInfo        No instantiation for #108. Probably branch label not up to date in orLeft 
236802     WARN  main            d.u.i.k.p.NodeInfo        No instantiation for #109. Probably branch label not up to date in orLeft 
236802     WARN  main            d.u.i.k.p.NodeInfo        No instantiation for #109. Probably branch label not up to date in orLeft 
236802     WARN  main            d.u.i.k.p.NodeInfo        No instantiation for #110. Probably branch label not up to date in orLeft 
236802     WARN  main            d.u.i.k.p.NodeInfo        No instantiation for #110. Probably branch label not up to date in orLeft 
236802     WARN  main            d.u.i.k.p.NodeInfo        No instantiation for #110. Probably branch label not up to date in orLeft 
236802     WARN  main            d.u.i.k.p.NodeInfo        No instantiation for #110. Probably branch label not up to date in orLeft 
236802     WARN  main            d.u.i.k.p.NodeInfo        No instantiation for #110. Probably branch label not up to date in orLeft 
236802     WARN  main            d.u.i.k.p.NodeInfo        No instantiation for #87. Probably branch label not up to date in orLeft 
236802     WARN  main            d.u.i.k.p.NodeInfo        No instantiation for #87. Probably branch label not up to date in orLeft 
236802     WARN  main            d.u.i.k.p.NodeInfo        No instantiation for #88. Probably branch label not up to date in orLeft 
236802     WARN  main            d.u.i.k.p.NodeInfo        No instantiation for #88. Probably branch label not up to date in orLeft 
236802     WARN  main            d.u.i.k.p.NodeInfo        No instantiation for #89. Probably branch label not up to date in orLeft 
236802     WARN  main            d.u.i.k.p.NodeInfo        No instantiation for #89. Probably branch label not up to date in orLeft 
236802     WARN  main            d.u.i.k.p.NodeInfo        No instantiation for #106. Probably branch label not up to date in orLeft 
236802     WARN  main            d.u.i.k.p.NodeInfo        No instantiation for #106. Probably branch label not up to date in orLeft 
236802     WARN  main            d.u.i.k.p.NodeInfo        No instantiation for #106. Probably branch label not up to date in orLeft 
236802     WARN  main            d.u.i.k.p.NodeInfo        No instantiation for #106. Probably branch label not up to date in orLeft 
236802     WARN  main            d.u.i.k.p.NodeInfo        No instantiation for #107. Probably branch label not up to date in orLeft 
236802     WARN  main            d.u.i.k.p.NodeInfo        No instantiation for #107. Probably branch label not up to date in orLeft 
236802     WARN  main            d.u.i.k.p.NodeInfo        No instantiation for #108. Probably branch label not up to date in orLeft 
236802     WARN  main            d.u.i.k.p.NodeInfo        No instantiation for #108. Probably branch label not up to date in orLeft 
236802     WARN  main            d.u.i.k.p.NodeInfo        No instantiation for #109. Probably branch label not up to date in orLeft 
236802     WARN  main            d.u.i.k.p.NodeInfo        No instantiation for #109. Probably branch label not up to date in orLeft 
236802     WARN  main            d.u.i.k.p.NodeInfo        No instantiation for #110. Probably branch label not up to date in orLeft 
236802     WARN  main            d.u.i.k.p.NodeInfo        No instantiation for #110. Probably branch label not up to date in orLeft 
236802     WARN  main            d.u.i.k.p.NodeInfo        No instantiation for #110. Probably branch label not up to date in orLeft 
236802     WARN  main            d.u.i.k.p.NodeInfo        No instantiation for #110. Probably branch label not up to date in orLeft 
236802     WARN  main            d.u.i.k.p.NodeInfo        No instantiation for #110. Probably branch label not up to date in orLeft 
236802     WARN  main            d.u.i.k.p.NodeInfo        No instantiation for #87. Probably branch label not up to date in orLeft 
236802     WARN  main            d.u.i.k.p.NodeInfo        No instantiation for #87. Probably branch label not up to date in orLeft 
236802     WARN  main            d.u.i.k.p.NodeInfo        No instantiation for #88. Probably branch label not up to date in orLeft 
236802     WARN  main            d.u.i.k.p.NodeInfo        No instantiation for #88. Probably branch label not up to date in orLeft 
236802     WARN  main            d.u.i.k.p.NodeInfo        No instantiation for #89. Probably branch label not up to date in orLeft 
236802     WARN  main            d.u.i.k.p.NodeInfo        No instantiation for #89. Probably branch label not up to date in orLeft 
236802     WARN  main            d.u.i.k.p.NodeInfo        No instantiation for #106. Probably branch label not up to date in orLeft 
236802     WARN  main            d.u.i.k.p.NodeInfo        No instantiation for #106. Probably branch label not up to date in orLeft 
236802     WARN  main            d.u.i.k.p.NodeInfo        No instantiation for #106. Probably branch label not up to date in orLeft 
236802     WARN  main            d.u.i.k.p.NodeInfo        No instantiation for #106. Probably branch label not up to date in orLeft 
236802     WARN  main            d.u.i.k.p.NodeInfo        No instantiation for #107. Probably branch label not up to date in orLeft 
236802     WARN  main            d.u.i.k.p.NodeInfo        No instantiation for #107. Probably branch label not up to date in orLeft 
236802     WARN  main            d.u.i.k.p.NodeInfo        No instantiation for #108. Probably branch label not up to date in orLeft 
236802     WARN  main            d.u.i.k.p.NodeInfo        No instantiation for #108. Probably branch label not up to date in orLeft 
236802     WARN  main            d.u.i.k.p.NodeInfo        No instantiation for #109. Probably branch label not up to date in orLeft 
236802     WARN  main            d.u.i.k.p.NodeInfo        No instantiation for #109. Probably branch label not up to date in orLeft 
236802     WARN  main            d.u.i.k.p.NodeInfo        No instantiation for #110. Probably branch label not up to date in orLeft 
236802     WARN  main            d.u.i.k.p.NodeInfo        No instantiation for #110. Probably branch label not up to date in orLeft 
236802     WARN  main            d.u.i.k.p.NodeInfo        No instantiation for #110. Probably branch label not up to date in orLeft 
236802     WARN  main            d.u.i.k.p.NodeInfo        No instantiation for #110. Probably branch label not up to date in orLeft 
236802     WARN  main            d.u.i.k.p.NodeInfo        No instantiation for #110. Probably branch label not up to date in orLeft 
236802     WARN  main            d.u.i.k.p.NodeInfo        No instantiation for #87. Probably branch label not up to date in orLeft 
236802     WARN  main            d.u.i.k.p.NodeInfo        No instantiation for #87. Probably branch label not up to date in orLeft 
236802     WARN  main            d.u.i.k.p.NodeInfo        No instantiation for #88. Probably branch label not up to date in orLeft 
236802     WARN  main            d.u.i.k.p.NodeInfo        No instantiation for #88. Probably branch label not up to date in orLeft 
236802     WARN  main            d.u.i.k.p.NodeInfo        No instantiation for #89. Probably branch label not up to date in orLeft 
236802     WARN  main            d.u.i.k.p.NodeInfo        No instantiation for #89. Probably branch label not up to date in orLeft 
236802     WARN  main            d.u.i.k.p.NodeInfo        No instantiation for #106. Probably branch label not up to date in orLeft 
236802     WARN  main            d.u.i.k.p.NodeInfo        No instantiation for #106. Probably branch label not up to date in orLeft 
236802     WARN  main            d.u.i.k.p.NodeInfo        No instantiation for #106. Probably branch label not up to date in orLeft 
236802     WARN  main            d.u.i.k.p.NodeInfo        No instantiation for #106. Probably branch label not up to date in orLeft 
236802     WARN  main            d.u.i.k.p.NodeInfo        No instantiation for #107. Probably branch label not up to date in orLeft 
236802     WARN  main            d.u.i.k.p.NodeInfo        No instantiation for #107. Probably branch label not up to date in orLeft 
236802     WARN  main            d.u.i.k.p.NodeInfo        No instantiation for #108. Probably branch label not up to date in orLeft 
236802     WARN  main            d.u.i.k.p.NodeInfo        No instantiation for #108. Probably branch label not up to date in orLeft 
236802     WARN  main            d.u.i.k.p.NodeInfo        No instantiation for #109. Probably branch label not up to date in orLeft 
236802     WARN  main            d.u.i.k.p.NodeInfo        No instantiation for #109. Probably branch label not up to date in orLeft 
236802     WARN  main            d.u.i.k.p.NodeInfo        No instantiation for #110. Probably branch label not up to date in orLeft 
236802     WARN  main            d.u.i.k.p.NodeInfo        No instantiation for #110. Probably branch label not up to date in orLeft 
236802     WARN  main            d.u.i.k.p.NodeInfo        No instantiation for #110. Probably branch label not up to date in orLeft 
236802     WARN  main            d.u.i.k.p.NodeInfo        No instantiation for #110. Probably branch label not up to date in orLeft 
236802     WARN  main            d.u.i.k.p.NodeInfo        No instantiation for #110. Probably branch label not up to date in orLeft 
236802     WARN  main            d.u.i.k.p.NodeInfo        No instantiation for #111. Probably branch label not up to date in orLeft 
236802     WARN  main            d.u.i.k.p.NodeInfo        No instantiation for #111. Probably branch label not up to date in orLeft 
236802     WARN  main            d.u.i.k.p.NodeInfo        No instantiation for #112. Probably branch label not up to date in orLeft 
236802     WARN  main            d.u.i.k.p.NodeInfo        No instantiation for #112. Probably branch label not up to date in orLeft 
236802     WARN  main            d.u.i.k.p.NodeInfo        No instantiation for #113. Probably branch label not up to date in orLeft 
236802     WARN  main            d.u.i.k.p.NodeInfo        No instantiation for #113. Probably branch label not up to date in orLeft 
236841     WARN  main            d.u.i.k.p.NodeInfo        No instantiation for #106. Probably branch label not up to date in orLeft 
236841     WARN  main            d.u.i.k.p.NodeInfo        No instantiation for #106. Probably branch label not up to date in orLeft 
236841     WARN  main            d.u.i.k.p.NodeInfo        No instantiation for #106. Probably branch label not up to date in orLeft 
236841     WARN  main            d.u.i.k.p.NodeInfo        No instantiation for #106. Probably branch label not up to date in orLeft 
236841     WARN  main            d.u.i.k.p.NodeInfo        No instantiation for #107. Probably branch label not up to date in orLeft 
236841     WARN  main            d.u.i.k.p.NodeInfo        No instantiation for #107. Probably branch label not up to date in orLeft 
236841     WARN  main            d.u.i.k.p.NodeInfo        No instantiation for #108. Probably branch label not up to date in orLeft 
236841     WARN  main            d.u.i.k.p.NodeInfo        No instantiation for #108. Probably branch label not up to date in orLeft 
236841     WARN  main            d.u.i.k.p.NodeInfo        No instantiation for #109. Probably branch label not up to date in orLeft 
236841     WARN  main            d.u.i.k.p.NodeInfo        No instantiation for #109. Probably branch label not up to date in orLeft 
236841     WARN  main            d.u.i.k.p.NodeInfo        No instantiation for #110. Probably branch label not up to date in orLeft 
236841     WARN  main            d.u.i.k.p.NodeInfo        No instantiation for #110. Probably branch label not up to date in orLeft 
236841     WARN  main            d.u.i.k.p.NodeInfo        No instantiation for #110. Probably branch label not up to date in orLeft 
236841     WARN  main            d.u.i.k.p.NodeInfo        No instantiation for #110. Probably branch label not up to date in orLeft 
236841     WARN  main            d.u.i.k.p.NodeInfo        No instantiation for #110. Probably branch label not up to date in orLeft 
236841     WARN  main            d.u.i.k.p.NodeInfo        No instantiation for #87. Probably branch label not up to date in orLeft 
236841     WARN  main            d.u.i.k.p.NodeInfo        No instantiation for #87. Probably branch label not up to date in orLeft 
236841     WARN  main            d.u.i.k.p.NodeInfo        No instantiation for #88. Probably branch label not up to date in orLeft 
236841     WARN  main            d.u.i.k.p.NodeInfo        No instantiation for #88. Probably branch label not up to date in orLeft 
236841     WARN  main            d.u.i.k.p.NodeInfo        No instantiation for #89. Probably branch label not up to date in orLeft 
236841     WARN  main            d.u.i.k.p.NodeInfo        No instantiation for #89. Probably branch label not up to date in orLeft 
236841     WARN  main            d.u.i.k.p.NodeInfo        No instantiation for #106. Probably branch label not up to date in orLeft 
236841     WARN  main            d.u.i.k.p.NodeInfo        No instantiation for #106. Probably branch label not up to date in orLeft 
236841     WARN  main            d.u.i.k.p.NodeInfo        No instantiation for #106. Probably branch label not up to date in orLeft 
236841     WARN  main            d.u.i.k.p.NodeInfo        No instantiation for #106. Probably branch label not up to date in orLeft 
236841     WARN  main            d.u.i.k.p.NodeInfo        No instantiation for #107. Probably branch label not up to date in orLeft 
236841     WARN  main            d.u.i.k.p.NodeInfo        No instantiation for #107. Probably branch label not up to date in orLeft 
236841     WARN  main            d.u.i.k.p.NodeInfo        No instantiation for #108. Probably branch label not up to date in orLeft 
236841     WARN  main            d.u.i.k.p.NodeInfo        No instantiation for #108. Probably branch label not up to date in orLeft 
236841     WARN  main            d.u.i.k.p.NodeInfo        No instantiation for #109. Probably branch label not up to date in orLeft 
236841     WARN  main            d.u.i.k.p.NodeInfo        No instantiation for #109. Probably branch label not up to date in orLeft 
236842     WARN  main            d.u.i.k.p.NodeInfo        No instantiation for #110. Probably branch label not up to date in orLeft 
236842     WARN  main            d.u.i.k.p.NodeInfo        No instantiation for #110. Probably branch label not up to date in orLeft 
236842     WARN  main            d.u.i.k.p.NodeInfo        No instantiation for #110. Probably branch label not up to date in orLeft 
236842     WARN  main            d.u.i.k.p.NodeInfo        No instantiation for #110. Probably branch label not up to date in orLeft 
236842     WARN  main            d.u.i.k.p.NodeInfo        No instantiation for #110. Probably branch label not up to date in orLeft 
236842     WARN  main            d.u.i.k.p.NodeInfo        No instantiation for #111. Probably branch label not up to date in orLeft 
236842     WARN  main            d.u.i.k.p.NodeInfo        No instantiation for #111. Probably branch label not up to date in orLeft 
236842     WARN  main            d.u.i.k.p.NodeInfo        No instantiation for #112. Probably branch label not up to date in orLeft 
236842     WARN  main            d.u.i.k.p.NodeInfo        No instantiation for #112. Probably branch label not up to date in orLeft 
236842     WARN  main            d.u.i.k.p.NodeInfo        No instantiation for #113. Probably branch label not up to date in orLeft 
236842     WARN  main            d.u.i.k.p.NodeInfo        No instantiation for #113. Probably branch label not up to date in orLeft 
236854     WARN  main            d.u.i.k.p.NodeInfo        No instantiation for #106. Probably branch label not up to date in orLeft 
236854     WARN  main            d.u.i.k.p.NodeInfo        No instantiation for #106. Probably branch label not up to date in orLeft 
236854     WARN  main            d.u.i.k.p.NodeInfo        No instantiation for #106. Probably branch label not up to date in orLeft 
236854     WARN  main            d.u.i.k.p.NodeInfo        No instantiation for #106. Probably branch label not up to date in orLeft 
236854     WARN  main            d.u.i.k.p.NodeInfo        No instantiation for #107. Probably branch label not up to date in orLeft 
236854     WARN  main            d.u.i.k.p.NodeInfo        No instantiation for #107. Probably branch label not up to date in orLeft 
236854     WARN  main            d.u.i.k.p.NodeInfo        No instantiation for #108. Probably branch label not up to date in orLeft 
236854     WARN  main            d.u.i.k.p.NodeInfo        No instantiation for #108. Probably branch label not up to date in orLeft 
236854     WARN  main            d.u.i.k.p.NodeInfo        No instantiation for #109. Probably branch label not up to date in orLeft 
236854     WARN  main            d.u.i.k.p.NodeInfo        No instantiation for #109. Probably branch label not up to date in orLeft 
236854     WARN  main            d.u.i.k.p.NodeInfo        No instantiation for #110. Probably branch label not up to date in orLeft 
236854     WARN  main            d.u.i.k.p.NodeInfo        No instantiation for #110. Probably branch label not up to date in orLeft 
236854     WARN  main            d.u.i.k.p.NodeInfo        No instantiation for #110. Probably branch label not up to date in orLeft 
236854     WARN  main            d.u.i.k.p.NodeInfo        No instantiation for #110. Probably branch label not up to date in orLeft 
236854     WARN  main            d.u.i.k.p.NodeInfo        No instantiation for #110. Probably branch label not up to date in orLeft 
236854     WARN  main            d.u.i.k.p.NodeInfo        No instantiation for #55. Probably branch label not up to date in orLeft 
236854     WARN  main            d.u.i.k.p.NodeInfo        No instantiation for #55. Probably branch label not up to date in orLeft 
236854     WARN  main            d.u.i.k.p.NodeInfo        No instantiation for #56. Probably branch label not up to date in orLeft 
236854     WARN  main            d.u.i.k.p.NodeInfo        No instantiation for #56. Probably branch label not up to date in orLeft 
236854     WARN  main            d.u.i.k.p.NodeInfo        No instantiation for #57. Probably branch label not up to date in orLeft 
236855     WARN  main            d.u.i.k.p.NodeInfo        No instantiation for #57. Probably branch label not up to date in orLeft 
236855     WARN  main            d.u.i.k.p.NodeInfo        No instantiation for #106. Probably branch label not up to date in orLeft 
236855     WARN  main            d.u.i.k.p.NodeInfo        No instantiation for #106. Probably branch label not up to date in orLeft 
236855     WARN  main            d.u.i.k.p.NodeInfo        No instantiation for #106. Probably branch label not up to date in orLeft 
236855     WARN  main            d.u.i.k.p.NodeInfo        No instantiation for #106. Probably branch label not up to date in orLeft 
236855     WARN  main            d.u.i.k.p.NodeInfo        No instantiation for #107. Probably branch label not up to date in orLeft 
236855     WARN  main            d.u.i.k.p.NodeInfo        No instantiation for #107. Probably branch label not up to date in orLeft 
236855     WARN  main            d.u.i.k.p.NodeInfo        No instantiation for #108. Probably branch label not up to date in orLeft 
236855     WARN  main            d.u.i.k.p.NodeInfo        No instantiation for #108. Probably branch label not up to date in orLeft 
236855     WARN  main            d.u.i.k.p.NodeInfo        No instantiation for #109. Probably branch label not up to date in orLeft 
236855     WARN  main            d.u.i.k.p.NodeInfo        No instantiation for #109. Probably branch label not up to date in orLeft 
236855     WARN  main            d.u.i.k.p.NodeInfo        No instantiation for #110. Probably branch label not up to date in orLeft 
236855     WARN  main            d.u.i.k.p.NodeInfo        No instantiation for #110. Probably branch label not up to date in orLeft 
236855     WARN  main            d.u.i.k.p.NodeInfo        No instantiation for #110. Probably branch label not up to date in orLeft 
236855     WARN  main            d.u.i.k.p.NodeInfo        No instantiation for #110. Probably branch label not up to date in orLeft 
236855     WARN  main            d.u.i.k.p.NodeInfo        No instantiation for #110. Probably branch label not up to date in orLeft 
236855     WARN  main            d.u.i.k.p.NodeInfo        No instantiation for #55. Probably branch label not up to date in orLeft 
236855     WARN  main            d.u.i.k.p.NodeInfo        No instantiation for #55. Probably branch label not up to date in orLeft 
236855     WARN  main            d.u.i.k.p.NodeInfo        No instantiation for #56. Probably branch label not up to date in orLeft 
236855     WARN  main            d.u.i.k.p.NodeInfo        No instantiation for #56. Probably branch label not up to date in orLeft 
236855     WARN  main            d.u.i.k.p.NodeInfo        No instantiation for #57. Probably branch label not up to date in orLeft 
236855     WARN  main            d.u.i.k.p.NodeInfo        No instantiation for #57. Probably branch label not up to date in orLeft 
236855     WARN  main            d.u.i.k.p.NodeInfo        No instantiation for #106. Probably branch label not up to date in orLeft 
236855     WARN  main            d.u.i.k.p.NodeInfo        No instantiation for #106. Probably branch label not up to date in orLeft 
236855     WARN  main            d.u.i.k.p.NodeInfo        No instantiation for #106. Probably branch label not up to date in orLeft 
236855     WARN  main            d.u.i.k.p.NodeInfo        No instantiation for #106. Probably branch label not up to date in orLeft 
236855     WARN  main            d.u.i.k.p.NodeInfo        No instantiation for #107. Probably branch label not up to date in orLeft 
236855     WARN  main            d.u.i.k.p.NodeInfo        No instantiation for #107. Probably branch label not up to date in orLeft 
236855     WARN  main            d.u.i.k.p.NodeInfo        No instantiation for #108. Probably branch label not up to date in orLeft 
236855     WARN  main            d.u.i.k.p.NodeInfo        No instantiation for #108. Probably branch label not up to date in orLeft 
236855     WARN  main            d.u.i.k.p.NodeInfo        No instantiation for #109. Probably branch label not up to date in orLeft 
236855     WARN  main            d.u.i.k.p.NodeInfo        No instantiation for #109. Probably branch label not up to date in orLeft 
236855     WARN  main            d.u.i.k.p.NodeInfo        No instantiation for #110. Probably branch label not up to date in orLeft 
236855     WARN  main            d.u.i.k.p.NodeInfo        No instantiation for #110. Probably branch label not up to date in orLeft 
236855     WARN  main            d.u.i.k.p.NodeInfo        No instantiation for #110. Probably branch label not up to date in orLeft 
236855     WARN  main            d.u.i.k.p.NodeInfo        No instantiation for #110. Probably branch label not up to date in orLeft 
236855     WARN  main            d.u.i.k.p.NodeInfo        No instantiation for #110. Probably branch label not up to date in orLeft 
236855     WARN  main            d.u.i.k.p.NodeInfo        No instantiation for #55. Probably branch label not up to date in orLeft 
236855     WARN  main            d.u.i.k.p.NodeInfo        No instantiation for #55. Probably branch label not up to date in orLeft 
236855     WARN  main            d.u.i.k.p.NodeInfo        No instantiation for #56. Probably branch label not up to date in orLeft 
236855     WARN  main            d.u.i.k.p.NodeInfo        No instantiation for #56. Probably branch label not up to date in orLeft 
236855     WARN  main            d.u.i.k.p.NodeInfo        No instantiation for #57. Probably branch label not up to date in orLeft 
236855     WARN  main            d.u.i.k.p.NodeInfo        No instantiation for #57. Probably branch label not up to date in orLeft 
236855     WARN  main            d.u.i.k.p.NodeInfo        No instantiation for #106. Probably branch label not up to date in orLeft 
236855     WARN  main            d.u.i.k.p.NodeInfo        No instantiation for #106. Probably branch label not up to date in orLeft 
236855     WARN  main            d.u.i.k.p.NodeInfo        No instantiation for #106. Probably branch label not up to date in orLeft 
236855     WARN  main            d.u.i.k.p.NodeInfo        No instantiation for #106. Probably branch label not up to date in orLeft 
236855     WARN  main            d.u.i.k.p.NodeInfo        No instantiation for #107. Probably branch label not up to date in orLeft 
236855     WARN  main            d.u.i.k.p.NodeInfo        No instantiation for #107. Probably branch label not up to date in orLeft 
236855     WARN  main            d.u.i.k.p.NodeInfo        No instantiation for #108. Probably branch label not up to date in orLeft 
236855     WARN  main            d.u.i.k.p.NodeInfo        No instantiation for #108. Probably branch label not up to date in orLeft 
236855     WARN  main            d.u.i.k.p.NodeInfo        No instantiation for #109. Probably branch label not up to date in orLeft 
236855     WARN  main            d.u.i.k.p.NodeInfo        No instantiation for #109. Probably branch label not up to date in orLeft 
236855     WARN  main            d.u.i.k.p.NodeInfo        No instantiation for #110. Probably branch label not up to date in orLeft 
236855     WARN  main            d.u.i.k.p.NodeInfo        No instantiation for #110. Probably branch label not up to date in orLeft 
236855     WARN  main            d.u.i.k.p.NodeInfo        No instantiation for #110. Probably branch label not up to date in orLeft 
236855     WARN  main            d.u.i.k.p.NodeInfo        No instantiation for #110. Probably branch label not up to date in orLeft 
236855     WARN  main            d.u.i.k.p.NodeInfo        No instantiation for #110. Probably branch label not up to date in orLeft 
236855     WARN  main            d.u.i.k.p.NodeInfo        No instantiation for #87. Probably branch label not up to date in orLeft 
236855     WARN  main            d.u.i.k.p.NodeInfo        No instantiation for #87. Probably branch label not up to date in orLeft 
236855     WARN  main            d.u.i.k.p.NodeInfo        No instantiation for #88. Probably branch label not up to date in orLeft 
236855     WARN  main            d.u.i.k.p.NodeInfo        No instantiation for #88. Probably branch label not up to date in orLeft 
236855     WARN  main            d.u.i.k.p.NodeInfo        No instantiation for #89. Probably branch label not up to date in orLeft 
236856     WARN  main            d.u.i.k.p.NodeInfo        No instantiation for #89. Probably branch label not up to date in orLeft 
236856     WARN  main            d.u.i.k.p.NodeInfo        No instantiation for #106. Probably branch label not up to date in orLeft 
236856     WARN  main            d.u.i.k.p.NodeInfo        No instantiation for #106. Probably branch label not up to date in orLeft 
236856     WARN  main            d.u.i.k.p.NodeInfo        No instantiation for #106. Probably branch label not up to date in orLeft 
236856     WARN  main            d.u.i.k.p.NodeInfo        No instantiation for #106. Probably branch label not up to date in orLeft 
236856     WARN  main            d.u.i.k.p.NodeInfo        No instantiation for #107. Probably branch label not up to date in orLeft 
236856     WARN  main            d.u.i.k.p.NodeInfo        No instantiation for #107. Probably branch label not up to date in orLeft 
236856     WARN  main            d.u.i.k.p.NodeInfo        No instantiation for #108. Probably branch label not up to date in orLeft 
236856     WARN  main            d.u.i.k.p.NodeInfo        No instantiation for #108. Probably branch label not up to date in orLeft 
236856     WARN  main            d.u.i.k.p.NodeInfo        No instantiation for #109. Probably branch label not up to date in orLeft 
236856     WARN  main            d.u.i.k.p.NodeInfo        No instantiation for #109. Probably branch label not up to date in orLeft 
236856     WARN  main            d.u.i.k.p.NodeInfo        No instantiation for #110. Probably branch label not up to date in orLeft 
236856     WARN  main            d.u.i.k.p.NodeInfo        No instantiation for #110. Probably branch label not up to date in orLeft 
236856     WARN  main            d.u.i.k.p.NodeInfo        No instantiation for #110. Probably branch label not up to date in orLeft 
236856     WARN  main            d.u.i.k.p.NodeInfo        No instantiation for #110. Probably branch label not up to date in orLeft 
236856     WARN  main            d.u.i.k.p.NodeInfo        No instantiation for #110. Probably branch label not up to date in orLeft 
236856     WARN  main            d.u.i.k.p.NodeInfo        No instantiation for #55. Probably branch label not up to date in orLeft 
236856     WARN  main            d.u.i.k.p.NodeInfo        No instantiation for #55. Probably branch label not up to date in orLeft 
236856     WARN  main            d.u.i.k.p.NodeInfo        No instantiation for #56. Probably branch label not up to date in orLeft 
236856     WARN  main            d.u.i.k.p.NodeInfo        No instantiation for #56. Probably branch label not up to date in orLeft 
236856     WARN  main            d.u.i.k.p.NodeInfo        No instantiation for #57. Probably branch label not up to date in orLeft 
236856     WARN  main            d.u.i.k.p.NodeInfo        No instantiation for #57. Probably branch label not up to date in orLeft 
236856     WARN  main            d.u.i.k.p.NodeInfo        No instantiation for #106. Probably branch label not up to date in orLeft 
236856     WARN  main            d.u.i.k.p.NodeInfo        No instantiation for #106. Probably branch label not up to date in orLeft 
236856     WARN  main            d.u.i.k.p.NodeInfo        No instantiation for #106. Probably branch label not up to date in orLeft 
236856     WARN  main            d.u.i.k.p.NodeInfo        No instantiation for #106. Probably branch label not up to date in orLeft 
236856     WARN  main            d.u.i.k.p.NodeInfo        No instantiation for #107. Probably branch label not up to date in orLeft 
236856     WARN  main            d.u.i.k.p.NodeInfo        No instantiation for #107. Probably branch label not up to date in orLeft 
236856     WARN  main            d.u.i.k.p.NodeInfo        No instantiation for #108. Probably branch label not up to date in orLeft 
236856     WARN  main            d.u.i.k.p.NodeInfo        No instantiation for #108. Probably branch label not up to date in orLeft 
236856     WARN  main            d.u.i.k.p.NodeInfo        No instantiation for #109. Probably branch label not up to date in orLeft 
236856     WARN  main            d.u.i.k.p.NodeInfo        No instantiation for #109. Probably branch label not up to date in orLeft 
236856     WARN  main            d.u.i.k.p.NodeInfo        No instantiation for #110. Probably branch label not up to date in orLeft 
236856     WARN  main            d.u.i.k.p.NodeInfo        No instantiation for #110. Probably branch label not up to date in orLeft 
236856     WARN  main            d.u.i.k.p.NodeInfo        No instantiation for #110. Probably branch label not up to date in orLeft 
236856     WARN  main            d.u.i.k.p.NodeInfo        No instantiation for #110. Probably branch label not up to date in orLeft 
236856     WARN  main            d.u.i.k.p.NodeInfo        No instantiation for #110. Probably branch label not up to date in orLeft 
236856     WARN  main            d.u.i.k.p.NodeInfo        No instantiation for #111. Probably branch label not up to date in orLeft 
236856     WARN  main            d.u.i.k.p.NodeInfo        No instantiation for #111. Probably branch label not up to date in orLeft 
236856     WARN  main            d.u.i.k.p.NodeInfo        No instantiation for #112. Probably branch label not up to date in orLeft 
236856     WARN  main            d.u.i.k.p.NodeInfo        No instantiation for #112. Probably branch label not up to date in orLeft 
236856     WARN  main            d.u.i.k.p.NodeInfo        No instantiation for #113. Probably branch label not up to date in orLeft 
236856     WARN  main            d.u.i.k.p.NodeInfo        No instantiation for #113. Probably branch label not up to date in orLeft 
236856     WARN  main            d.u.i.k.p.NodeInfo        No instantiation for #106. Probably branch label not up to date in orLeft 
236856     WARN  main            d.u.i.k.p.NodeInfo        No instantiation for #106. Probably branch label not up to date in orLeft 
236856     WARN  main            d.u.i.k.p.NodeInfo        No instantiation for #106. Probably branch label not up to date in orLeft 
236856     WARN  main            d.u.i.k.p.NodeInfo        No instantiation for #106. Probably branch label not up to date in orLeft 
236856     WARN  main            d.u.i.k.p.NodeInfo        No instantiation for #107. Probably branch label not up to date in orLeft 
236856     WARN  main            d.u.i.k.p.NodeInfo        No instantiation for #107. Probably branch label not up to date in orLeft 
236856     WARN  main            d.u.i.k.p.NodeInfo        No instantiation for #108. Probably branch label not up to date in orLeft 
236856     WARN  main            d.u.i.k.p.NodeInfo        No instantiation for #108. Probably branch label not up to date in orLeft 
236856     WARN  main            d.u.i.k.p.NodeInfo        No instantiation for #109. Probably branch label not up to date in orLeft 
236856     WARN  main            d.u.i.k.p.NodeInfo        No instantiation for #109. Probably branch label not up to date in orLeft 
236856     WARN  main            d.u.i.k.p.NodeInfo        No instantiation for #110. Probably branch label not up to date in orLeft 
236856     WARN  main            d.u.i.k.p.NodeInfo        No instantiation for #110. Probably branch label not up to date in orLeft 
236856     WARN  main            d.u.i.k.p.NodeInfo        No instantiation for #110. Probably branch label not up to date in orLeft 
236856     WARN  main            d.u.i.k.p.NodeInfo        No instantiation for #110. Probably branch label not up to date in orLeft 
236856     WARN  main            d.u.i.k.p.NodeInfo        No instantiation for #110. Probably branch label not up to date in orLeft 
236856     WARN  main            d.u.i.k.p.NodeInfo        No instantiation for #87. Probably branch label not up to date in orLeft 
236856     WARN  main            d.u.i.k.p.NodeInfo        No instantiation for #87. Probably branch label not up to date in orLeft 
236856     WARN  main            d.u.i.k.p.NodeInfo        No instantiation for #88. Probably branch label not up to date in orLeft 
236856     WARN  main            d.u.i.k.p.NodeInfo        No instantiation for #88. Probably branch label not up to date in orLeft 
236856     WARN  main            d.u.i.k.p.NodeInfo        No instantiation for #89. Probably branch label not up to date in orLeft 
236857     WARN  main            d.u.i.k.p.NodeInfo        No instantiation for #89. Probably branch label not up to date in orLeft 
236857     WARN  main            d.u.i.k.p.NodeInfo        No instantiation for #106. Probably branch label not up to date in orLeft 
236857     WARN  main            d.u.i.k.p.NodeInfo        No instantiation for #106. Probably branch label not up to date in orLeft 
236857     WARN  main            d.u.i.k.p.NodeInfo        No instantiation for #106. Probably branch label not up to date in orLeft 
236857     WARN  main            d.u.i.k.p.NodeInfo        No instantiation for #106. Probably branch label not up to date in orLeft 
236857     WARN  main            d.u.i.k.p.NodeInfo        No instantiation for #107. Probably branch label not up to date in orLeft 
236857     WARN  main            d.u.i.k.p.NodeInfo        No instantiation for #107. Probably branch label not up to date in orLeft 
236857     WARN  main            d.u.i.k.p.NodeInfo        No instantiation for #108. Probably branch label not up to date in orLeft 
236857     WARN  main            d.u.i.k.p.NodeInfo        No instantiation for #108. Probably branch label not up to date in orLeft 
236857     WARN  main            d.u.i.k.p.NodeInfo        No instantiation for #109. Probably branch label not up to date in orLeft 
236857     WARN  main            d.u.i.k.p.NodeInfo        No instantiation for #109. Probably branch label not up to date in orLeft 
236857     WARN  main            d.u.i.k.p.NodeInfo        No instantiation for #110. Probably branch label not up to date in orLeft 
236857     WARN  main            d.u.i.k.p.NodeInfo        No instantiation for #110. Probably branch label not up to date in orLeft 
236857     WARN  main            d.u.i.k.p.NodeInfo        No instantiation for #110. Probably branch label not up to date in orLeft 
236857     WARN  main            d.u.i.k.p.NodeInfo        No instantiation for #110. Probably branch label not up to date in orLeft 
236857     WARN  main            d.u.i.k.p.NodeInfo        No instantiation for #110. Probably branch label not up to date in orLeft 
236857     WARN  main            d.u.i.k.p.NodeInfo        No instantiation for #87. Probably branch label not up to date in orLeft 
236857     WARN  main            d.u.i.k.p.NodeInfo        No instantiation for #87. Probably branch label not up to date in orLeft 
236857     WARN  main            d.u.i.k.p.NodeInfo        No instantiation for #88. Probably branch label not up to date in orLeft 
236857     WARN  main            d.u.i.k.p.NodeInfo        No instantiation for #88. Probably branch label not up to date in orLeft 
236857     WARN  main            d.u.i.k.p.NodeInfo        No instantiation for #89. Probably branch label not up to date in orLeft 
236857     WARN  main            d.u.i.k.p.NodeInfo        No instantiation for #89. Probably branch label not up to date in orLeft 
236880     WARN  main            d.u.i.k.p.NodeInfo        No instantiation for #106. Probably branch label not up to date in orLeft 
236880     WARN  main            d.u.i.k.p.NodeInfo        No instantiation for #106. Probably branch label not up to date in orLeft 
236881     WARN  main            d.u.i.k.p.NodeInfo        No instantiation for #106. Probably branch label not up to date in orLeft 
236881     WARN  main            d.u.i.k.p.NodeInfo        No instantiation for #106. Probably branch label not up to date in orLeft 
236881     WARN  main            d.u.i.k.p.NodeInfo        No instantiation for #107. Probably branch label not up to date in orLeft 
236881     WARN  main            d.u.i.k.p.NodeInfo        No instantiation for #107. Probably branch label not up to date in orLeft 
236881     WARN  main            d.u.i.k.p.NodeInfo        No instantiation for #108. Probably branch label not up to date in orLeft 
236881     WARN  main            d.u.i.k.p.NodeInfo        No instantiation for #108. Probably branch label not up to date in orLeft 
236881     WARN  main            d.u.i.k.p.NodeInfo        No instantiation for #109. Probably branch label not up to date in orLeft 
236881     WARN  main            d.u.i.k.p.NodeInfo        No instantiation for #109. Probably branch label not up to date in orLeft 
236881     WARN  main            d.u.i.k.p.NodeInfo        No instantiation for #110. Probably branch label not up to date in orLeft 
236881     WARN  main            d.u.i.k.p.NodeInfo        No instantiation for #110. Probably branch label not up to date in orLeft 
236881     WARN  main            d.u.i.k.p.NodeInfo        No instantiation for #110. Probably branch label not up to date in orLeft 
236881     WARN  main            d.u.i.k.p.NodeInfo        No instantiation for #110. Probably branch label not up to date in orLeft 
236881     WARN  main            d.u.i.k.p.NodeInfo        No instantiation for #110. Probably branch label not up to date in orLeft 
236881     WARN  main            d.u.i.k.p.NodeInfo        No instantiation for #87. Probably branch label not up to date in orLeft 
236881     WARN  main            d.u.i.k.p.NodeInfo        No instantiation for #87. Probably branch label not up to date in orLeft 
236881     WARN  main            d.u.i.k.p.NodeInfo        No instantiation for #88. Probably branch label not up to date in orLeft 
236881     WARN  main            d.u.i.k.p.NodeInfo        No instantiation for #88. Probably branch label not up to date in orLeft 
236881     WARN  main            d.u.i.k.p.NodeInfo        No instantiation for #89. Probably branch label not up to date in orLeft 
236881     WARN  main            d.u.i.k.p.NodeInfo        No instantiation for #89. Probably branch label not up to date in orLeft 
236881     WARN  main            d.u.i.k.p.NodeInfo        No instantiation for #106. Probably branch label not up to date in orLeft 
236881     WARN  main            d.u.i.k.p.NodeInfo        No instantiation for #106. Probably branch label not up to date in orLeft 
236881     WARN  main            d.u.i.k.p.NodeInfo        No instantiation for #106. Probably branch label not up to date in orLeft 
236881     WARN  main            d.u.i.k.p.NodeInfo        No instantiation for #106. Probably branch label not up to date in orLeft 
236881     WARN  main            d.u.i.k.p.NodeInfo        No instantiation for #107. Probably branch label not up to date in orLeft 
236881     WARN  main            d.u.i.k.p.NodeInfo        No instantiation for #107. Probably branch label not up to date in orLeft 
236881     WARN  main            d.u.i.k.p.NodeInfo        No instantiation for #108. Probably branch label not up to date in orLeft 
236881     WARN  main            d.u.i.k.p.NodeInfo        No instantiation for #108. Probably branch label not up to date in orLeft 
236881     WARN  main            d.u.i.k.p.NodeInfo        No instantiation for #109. Probably branch label not up to date in orLeft 
236881     WARN  main            d.u.i.k.p.NodeInfo        No instantiation for #109. Probably branch label not up to date in orLeft 
236881     WARN  main            d.u.i.k.p.NodeInfo        No instantiation for #110. Probably branch label not up to date in orLeft 
236881     WARN  main            d.u.i.k.p.NodeInfo        No instantiation for #110. Probably branch label not up to date in orLeft 
236881     WARN  main            d.u.i.k.p.NodeInfo        No instantiation for #110. Probably branch label not up to date in orLeft 
236881     WARN  main            d.u.i.k.p.NodeInfo        No instantiation for #110. Probably branch label not up to date in orLeft 
236881     WARN  main            d.u.i.k.p.NodeInfo        No instantiation for #110. Probably branch label not up to date in orLeft 
236881     WARN  main            d.u.i.k.p.NodeInfo        No instantiation for #87. Probably branch label not up to date in orLeft 
236881     WARN  main            d.u.i.k.p.NodeInfo        No instantiation for #87. Probably branch label not up to date in orLeft 
236881     WARN  main            d.u.i.k.p.NodeInfo        No instantiation for #88. Probably branch label not up to date in orLeft 
236881     WARN  main            d.u.i.k.p.NodeInfo        No instantiation for #88. Probably branch label not up to date in orLeft 
236881     WARN  main            d.u.i.k.p.NodeInfo        No instantiation for #89. Probably branch label not up to date in orLeft 
236881     WARN  main            d.u.i.k.p.NodeInfo        No instantiation for #89. Probably branch label not up to date in orLeft 
236891     WARN  main            d.u.i.k.p.NodeInfo        No instantiation for #106. Probably branch label not up to date in orLeft 
236891     WARN  main            d.u.i.k.p.NodeInfo        No instantiation for #106. Probably branch label not up to date in orLeft 
236891     WARN  main            d.u.i.k.p.NodeInfo        No instantiation for #106. Probably branch label not up to date in orLeft 
236891     WARN  main            d.u.i.k.p.NodeInfo        No instantiation for #106. Probably branch label not up to date in orLeft 
236891     WARN  main            d.u.i.k.p.NodeInfo        No instantiation for #107. Probably branch label not up to date in orLeft 
236891     WARN  main            d.u.i.k.p.NodeInfo        No instantiation for #107. Probably branch label not up to date in orLeft 
236891     WARN  main            d.u.i.k.p.NodeInfo        No instantiation for #108. Probably branch label not up to date in orLeft 
236891     WARN  main            d.u.i.k.p.NodeInfo        No instantiation for #108. Probably branch label not up to date in orLeft 
236891     WARN  main            d.u.i.k.p.NodeInfo        No instantiation for #109. Probably branch label not up to date in orLeft 
236891     WARN  main            d.u.i.k.p.NodeInfo        No instantiation for #109. Probably branch label not up to date in orLeft 
236891     WARN  main            d.u.i.k.p.NodeInfo        No instantiation for #110. Probably branch label not up to date in orLeft 
236891     WARN  main            d.u.i.k.p.NodeInfo        No instantiation for #110. Probably branch label not up to date in orLeft 
236891     WARN  main            d.u.i.k.p.NodeInfo        No instantiation for #110. Probably branch label not up to date in orLeft 
236891     WARN  main            d.u.i.k.p.NodeInfo        No instantiation for #110. Probably branch label not up to date in orLeft 
236891     WARN  main            d.u.i.k.p.NodeInfo        No instantiation for #110. Probably branch label not up to date in orLeft 
236891     WARN  main            d.u.i.k.p.NodeInfo        No instantiation for #55. Probably branch label not up to date in orLeft 
236891     WARN  main            d.u.i.k.p.NodeInfo        No instantiation for #55. Probably branch label not up to date in orLeft 
236891     WARN  main            d.u.i.k.p.NodeInfo        No instantiation for #56. Probably branch label not up to date in orLeft 
236891     WARN  main            d.u.i.k.p.NodeInfo        No instantiation for #56. Probably branch label not up to date in orLeft 
236891     WARN  main            d.u.i.k.p.NodeInfo        No instantiation for #57. Probably branch label not up to date in orLeft 
236891     WARN  main            d.u.i.k.p.NodeInfo        No instantiation for #57. Probably branch label not up to date in orLeft 
236891     WARN  main            d.u.i.k.p.NodeInfo        No instantiation for #106. Probably branch label not up to date in orLeft 
236891     WARN  main            d.u.i.k.p.NodeInfo        No instantiation for #106. Probably branch label not up to date in orLeft 
236891     WARN  main            d.u.i.k.p.NodeInfo        No instantiation for #106. Probably branch label not up to date in orLeft 
236891     WARN  main            d.u.i.k.p.NodeInfo        No instantiation for #106. Probably branch label not up to date in orLeft 
236891     WARN  main            d.u.i.k.p.NodeInfo        No instantiation for #107. Probably branch label not up to date in orLeft 
236891     WARN  main            d.u.i.k.p.NodeInfo        No instantiation for #107. Probably branch label not up to date in orLeft 
236891     WARN  main            d.u.i.k.p.NodeInfo        No instantiation for #108. Probably branch label not up to date in orLeft 
236891     WARN  main            d.u.i.k.p.NodeInfo        No instantiation for #108. Probably branch label not up to date in orLeft 
236891     WARN  main            d.u.i.k.p.NodeInfo        No instantiation for #109. Probably branch label not up to date in orLeft 
236892     WARN  main            d.u.i.k.p.NodeInfo        No instantiation for #109. Probably branch label not up to date in orLeft 
236892     WARN  main            d.u.i.k.p.NodeInfo        No instantiation for #110. Probably branch label not up to date in orLeft 
236892     WARN  main            d.u.i.k.p.NodeInfo        No instantiation for #110. Probably branch label not up to date in orLeft 
236892     WARN  main            d.u.i.k.p.NodeInfo        No instantiation for #110. Probably branch label not up to date in orLeft 
236892     WARN  main            d.u.i.k.p.NodeInfo        No instantiation for #110. Probably branch label not up to date in orLeft 
236892     WARN  main            d.u.i.k.p.NodeInfo        No instantiation for #110. Probably branch label not up to date in orLeft 
236892     WARN  main            d.u.i.k.p.NodeInfo        No instantiation for #55. Probably branch label not up to date in orLeft 
236892     WARN  main            d.u.i.k.p.NodeInfo        No instantiation for #55. Probably branch label not up to date in orLeft 
236892     WARN  main            d.u.i.k.p.NodeInfo        No instantiation for #56. Probably branch label not up to date in orLeft 
236892     WARN  main            d.u.i.k.p.NodeInfo        No instantiation for #56. Probably branch label not up to date in orLeft 
236892     WARN  main            d.u.i.k.p.NodeInfo        No instantiation for #57. Probably branch label not up to date in orLeft 
236892     WARN  main            d.u.i.k.p.NodeInfo        No instantiation for #57. Probably branch label not up to date in orLeft 
236892     WARN  main            d.u.i.k.p.NodeInfo        No instantiation for #106. Probably branch label not up to date in orLeft 
236892     WARN  main            d.u.i.k.p.NodeInfo        No instantiation for #106. Probably branch label not up to date in orLeft 
236892     WARN  main            d.u.i.k.p.NodeInfo        No instantiation for #106. Probably branch label not up to date in orLeft 
236892     WARN  main            d.u.i.k.p.NodeInfo        No instantiation for #106. Probably branch label not up to date in orLeft 
236892     WARN  main            d.u.i.k.p.NodeInfo        No instantiation for #107. Probably branch label not up to date in orLeft 
236892     WARN  main            d.u.i.k.p.NodeInfo        No instantiation for #107. Probably branch label not up to date in orLeft 
236892     WARN  main            d.u.i.k.p.NodeInfo        No instantiation for #108. Probably branch label not up to date in orLeft 
236892     WARN  main            d.u.i.k.p.NodeInfo        No instantiation for #108. Probably branch label not up to date in orLeft 
236892     WARN  main            d.u.i.k.p.NodeInfo        No instantiation for #109. Probably branch label not up to date in orLeft 
236892     WARN  main            d.u.i.k.p.NodeInfo        No instantiation for #109. Probably branch label not up to date in orLeft 
236892     WARN  main            d.u.i.k.p.NodeInfo        No instantiation for #110. Probably branch label not up to date in orLeft 
236892     WARN  main            d.u.i.k.p.NodeInfo        No instantiation for #110. Probably branch label not up to date in orLeft 
236892     WARN  main            d.u.i.k.p.NodeInfo        No instantiation for #110. Probably branch label not up to date in orLeft 
236892     WARN  main            d.u.i.k.p.NodeInfo        No instantiation for #110. Probably branch label not up to date in orLeft 
236892     WARN  main            d.u.i.k.p.NodeInfo        No instantiation for #110. Probably branch label not up to date in orLeft 
236892     WARN  main            d.u.i.k.p.NodeInfo        No instantiation for #55. Probably branch label not up to date in orLeft 
236892     WARN  main            d.u.i.k.p.NodeInfo        No instantiation for #55. Probably branch label not up to date in orLeft 
236892     WARN  main            d.u.i.k.p.NodeInfo        No instantiation for #56. Probably branch label not up to date in orLeft 
236892     WARN  main            d.u.i.k.p.NodeInfo        No instantiation for #56. Probably branch label not up to date in orLeft 
236892     WARN  main            d.u.i.k.p.NodeInfo        No instantiation for #57. Probably branch label not up to date in orLeft 
236892     WARN  main            d.u.i.k.p.NodeInfo        No instantiation for #57. Probably branch label not up to date in orLeft 
236892     WARN  main            d.u.i.k.p.NodeInfo        No instantiation for #106. Probably branch label not up to date in orLeft 
236892     WARN  main            d.u.i.k.p.NodeInfo        No instantiation for #106. Probably branch label not up to date in orLeft 
236892     WARN  main            d.u.i.k.p.NodeInfo        No instantiation for #106. Probably branch label not up to date in orLeft 
236892     WARN  main            d.u.i.k.p.NodeInfo        No instantiation for #106. Probably branch label not up to date in orLeft 
236892     WARN  main            d.u.i.k.p.NodeInfo        No instantiation for #107. Probably branch label not up to date in orLeft 
236892     WARN  main            d.u.i.k.p.NodeInfo        No instantiation for #107. Probably branch label not up to date in orLeft 
236892     WARN  main            d.u.i.k.p.NodeInfo        No instantiation for #108. Probably branch label not up to date in orLeft 
236892     WARN  main            d.u.i.k.p.NodeInfo        No instantiation for #108. Probably branch label not up to date in orLeft 
236892     WARN  main            d.u.i.k.p.NodeInfo        No instantiation for #109. Probably branch label not up to date in orLeft 
236892     WARN  main            d.u.i.k.p.NodeInfo        No instantiation for #109. Probably branch label not up to date in orLeft 
236892     WARN  main            d.u.i.k.p.NodeInfo        No instantiation for #110. Probably branch label not up to date in orLeft 
236892     WARN  main            d.u.i.k.p.NodeInfo        No instantiation for #110. Probably branch label not up to date in orLeft 
236892     WARN  main            d.u.i.k.p.NodeInfo        No instantiation for #110. Probably branch label not up to date in orLeft 
236892     WARN  main            d.u.i.k.p.NodeInfo        No instantiation for #110. Probably branch label not up to date in orLeft 
236892     WARN  main            d.u.i.k.p.NodeInfo        No instantiation for #110. Probably branch label not up to date in orLeft 
236892     WARN  main            d.u.i.k.p.NodeInfo        No instantiation for #87. Probably branch label not up to date in orLeft 
236892     WARN  main            d.u.i.k.p.NodeInfo        No instantiation for #87. Probably branch label not up to date in orLeft 
236892     WARN  main            d.u.i.k.p.NodeInfo        No instantiation for #88. Probably branch label not up to date in orLeft 
236892     WARN  main            d.u.i.k.p.NodeInfo        No instantiation for #88. Probably branch label not up to date in orLeft 
236892     WARN  main            d.u.i.k.p.NodeInfo        No instantiation for #89. Probably branch label not up to date in orLeft 
236892     WARN  main            d.u.i.k.p.NodeInfo        No instantiation for #89. Probably branch label not up to date in orLeft 
236892     WARN  main            d.u.i.k.p.NodeInfo        No instantiation for #106. Probably branch label not up to date in orLeft 
236892     WARN  main            d.u.i.k.p.NodeInfo        No instantiation for #106. Probably branch label not up to date in orLeft 
236892     WARN  main            d.u.i.k.p.NodeInfo        No instantiation for #106. Probably branch label not up to date in orLeft 
236892     WARN  main            d.u.i.k.p.NodeInfo        No instantiation for #106. Probably branch label not up to date in orLeft 
236892     WARN  main            d.u.i.k.p.NodeInfo        No instantiation for #107. Probably branch label not up to date in orLeft 
236892     WARN  main            d.u.i.k.p.NodeInfo        No instantiation for #107. Probably branch label not up to date in orLeft 
236892     WARN  main            d.u.i.k.p.NodeInfo        No instantiation for #108. Probably branch label not up to date in orLeft 
236892     WARN  main            d.u.i.k.p.NodeInfo        No instantiation for #108. Probably branch label not up to date in orLeft 
236892     WARN  main            d.u.i.k.p.NodeInfo        No instantiation for #109. Probably branch label not up to date in orLeft 
236893     WARN  main            d.u.i.k.p.NodeInfo        No instantiation for #109. Probably branch label not up to date in orLeft 
236893     WARN  main            d.u.i.k.p.NodeInfo        No instantiation for #110. Probably branch label not up to date in orLeft 
236893     WARN  main            d.u.i.k.p.NodeInfo        No instantiation for #110. Probably branch label not up to date in orLeft 
236893     WARN  main            d.u.i.k.p.NodeInfo        No instantiation for #110. Probably branch label not up to date in orLeft 
236893     WARN  main            d.u.i.k.p.NodeInfo        No instantiation for #110. Probably branch label not up to date in orLeft 
236893     WARN  main            d.u.i.k.p.NodeInfo        No instantiation for #110. Probably branch label not up to date in orLeft 
236893     WARN  main            d.u.i.k.p.NodeInfo        No instantiation for #55. Probably branch label not up to date in orLeft 
236893     WARN  main            d.u.i.k.p.NodeInfo        No instantiation for #55. Probably branch label not up to date in orLeft 
236893     WARN  main            d.u.i.k.p.NodeInfo        No instantiation for #56. Probably branch label not up to date in orLeft 
236893     WARN  main            d.u.i.k.p.NodeInfo        No instantiation for #56. Probably branch label not up to date in orLeft 
236893     WARN  main            d.u.i.k.p.NodeInfo        No instantiation for #57. Probably branch label not up to date in orLeft 
236893     WARN  main            d.u.i.k.p.NodeInfo        No instantiation for #57. Probably branch label not up to date in orLeft 
236893     WARN  main            d.u.i.k.p.NodeInfo        No instantiation for #106. Probably branch label not up to date in orLeft 
236893     WARN  main            d.u.i.k.p.NodeInfo        No instantiation for #106. Probably branch label not up to date in orLeft 
236893     WARN  main            d.u.i.k.p.NodeInfo        No instantiation for #106. Probably branch label not up to date in orLeft 
236893     WARN  main            d.u.i.k.p.NodeInfo        No instantiation for #106. Probably branch label not up to date in orLeft 
236893     WARN  main            d.u.i.k.p.NodeInfo        No instantiation for #107. Probably branch label not up to date in orLeft 
236893     WARN  main            d.u.i.k.p.NodeInfo        No instantiation for #107. Probably branch label not up to date in orLeft 
236893     WARN  main            d.u.i.k.p.NodeInfo        No instantiation for #108. Probably branch label not up to date in orLeft 
236893     WARN  main            d.u.i.k.p.NodeInfo        No instantiation for #108. Probably branch label not up to date in orLeft 
236893     WARN  main            d.u.i.k.p.NodeInfo        No instantiation for #109. Probably branch label not up to date in orLeft 
236893     WARN  main            d.u.i.k.p.NodeInfo        No instantiation for #109. Probably branch label not up to date in orLeft 
236893     WARN  main            d.u.i.k.p.NodeInfo        No instantiation for #110. Probably branch label not up to date in orLeft 
236893     WARN  main            d.u.i.k.p.NodeInfo        No instantiation for #110. Probably branch label not up to date in orLeft 
236893     WARN  main            d.u.i.k.p.NodeInfo        No instantiation for #110. Probably branch label not up to date in orLeft 
236893     WARN  main            d.u.i.k.p.NodeInfo        No instantiation for #110. Probably branch label not up to date in orLeft 
236893     WARN  main            d.u.i.k.p.NodeInfo        No instantiation for #110. Probably branch label not up to date in orLeft 
236893     WARN  main            d.u.i.k.p.NodeInfo        No instantiation for #111. Probably branch label not up to date in orLeft 
236893     WARN  main            d.u.i.k.p.NodeInfo        No instantiation for #111. Probably branch label not up to date in orLeft 
236893     WARN  main            d.u.i.k.p.NodeInfo        No instantiation for #112. Probably branch label not up to date in orLeft 
236893     WARN  main            d.u.i.k.p.NodeInfo        No instantiation for #112. Probably branch label not up to date in orLeft 
236893     WARN  main            d.u.i.k.p.NodeInfo        No instantiation for #113. Probably branch label not up to date in orLeft 
236893     WARN  main            d.u.i.k.p.NodeInfo        No instantiation for #113. Probably branch label not up to date in orLeft 
236916     WARN  main            d.u.i.k.p.NodeInfo        No instantiation for #106. Probably branch label not up to date in orLeft 
236916     WARN  main            d.u.i.k.p.NodeInfo        No instantiation for #106. Probably branch label not up to date in orLeft 
236916     WARN  main            d.u.i.k.p.NodeInfo        No instantiation for #106. Probably branch label not up to date in orLeft 
236916     WARN  main            d.u.i.k.p.NodeInfo        No instantiation for #106. Probably branch label not up to date in orLeft 
236917     WARN  main            d.u.i.k.p.NodeInfo        No instantiation for #107. Probably branch label not up to date in orLeft 
236917     WARN  main            d.u.i.k.p.NodeInfo        No instantiation for #107. Probably branch label not up to date in orLeft 
236917     WARN  main            d.u.i.k.p.NodeInfo        No instantiation for #108. Probably branch label not up to date in orLeft 
236917     WARN  main            d.u.i.k.p.NodeInfo        No instantiation for #108. Probably branch label not up to date in orLeft 
236917     WARN  main            d.u.i.k.p.NodeInfo        No instantiation for #109. Probably branch label not up to date in orLeft 
236917     WARN  main            d.u.i.k.p.NodeInfo        No instantiation for #109. Probably branch label not up to date in orLeft 
236917     WARN  main            d.u.i.k.p.NodeInfo        No instantiation for #110. Probably branch label not up to date in orLeft 
236917     WARN  main            d.u.i.k.p.NodeInfo        No instantiation for #110. Probably branch label not up to date in orLeft 
236917     WARN  main            d.u.i.k.p.NodeInfo        No instantiation for #110. Probably branch label not up to date in orLeft 
236917     WARN  main            d.u.i.k.p.NodeInfo        No instantiation for #110. Probably branch label not up to date in orLeft 
236917     WARN  main            d.u.i.k.p.NodeInfo        No instantiation for #110. Probably branch label not up to date in orLeft 
236917     WARN  main            d.u.i.k.p.NodeInfo        No instantiation for #55. Probably branch label not up to date in orLeft 
236917     WARN  main            d.u.i.k.p.NodeInfo        No instantiation for #55. Probably branch label not up to date in orLeft 
236917     WARN  main            d.u.i.k.p.NodeInfo        No instantiation for #56. Probably branch label not up to date in orLeft 
236917     WARN  main            d.u.i.k.p.NodeInfo        No instantiation for #56. Probably branch label not up to date in orLeft 
236917     WARN  main            d.u.i.k.p.NodeInfo        No instantiation for #57. Probably branch label not up to date in orLeft 
236917     WARN  main            d.u.i.k.p.NodeInfo        No instantiation for #57. Probably branch label not up to date in orLeft 
236917     WARN  main            d.u.i.k.p.NodeInfo        No instantiation for #106. Probably branch label not up to date in orLeft 
236917     WARN  main            d.u.i.k.p.NodeInfo        No instantiation for #106. Probably branch label not up to date in orLeft 
236917     WARN  main            d.u.i.k.p.NodeInfo        No instantiation for #106. Probably branch label not up to date in orLeft 
236917     WARN  main            d.u.i.k.p.NodeInfo        No instantiation for #106. Probably branch label not up to date in orLeft 
236917     WARN  main            d.u.i.k.p.NodeInfo        No instantiation for #107. Probably branch label not up to date in orLeft 
236917     WARN  main            d.u.i.k.p.NodeInfo        No instantiation for #107. Probably branch label not up to date in orLeft 
236917     WARN  main            d.u.i.k.p.NodeInfo        No instantiation for #108. Probably branch label not up to date in orLeft 
236917     WARN  main            d.u.i.k.p.NodeInfo        No instantiation for #108. Probably branch label not up to date in orLeft 
236917     WARN  main            d.u.i.k.p.NodeInfo        No instantiation for #109. Probably branch label not up to date in orLeft 
236917     WARN  main            d.u.i.k.p.NodeInfo        No instantiation for #109. Probably branch label not up to date in orLeft 
236917     WARN  main            d.u.i.k.p.NodeInfo        No instantiation for #110. Probably branch label not up to date in orLeft 
236917     WARN  main            d.u.i.k.p.NodeInfo        No instantiation for #110. Probably branch label not up to date in orLeft 
236917     WARN  main            d.u.i.k.p.NodeInfo        No instantiation for #110. Probably branch label not up to date in orLeft 
236917     WARN  main            d.u.i.k.p.NodeInfo        No instantiation for #110. Probably branch label not up to date in orLeft 
236917     WARN  main            d.u.i.k.p.NodeInfo        No instantiation for #110. Probably branch label not up to date in orLeft 
236917     WARN  main            d.u.i.k.p.NodeInfo        No instantiation for #111. Probably branch label not up to date in orLeft 
236917     WARN  main            d.u.i.k.p.NodeInfo        No instantiation for #111. Probably branch label not up to date in orLeft 
236917     WARN  main            d.u.i.k.p.NodeInfo        No instantiation for #112. Probably branch label not up to date in orLeft 
236917     WARN  main            d.u.i.k.p.NodeInfo        No instantiation for #112. Probably branch label not up to date in orLeft 
236917     WARN  main            d.u.i.k.p.NodeInfo        No instantiation for #113. Probably branch label not up to date in orLeft 
236917     WARN  main            d.u.i.k.p.NodeInfo        No instantiation for #113. Probably branch label not up to date in orLeft 
236924     WARN  main            d.u.i.k.p.NodeInfo        No instantiation for #106. Probably branch label not up to date in orLeft 
236924     WARN  main            d.u.i.k.p.NodeInfo        No instantiation for #106. Probably branch label not up to date in orLeft 
236924     WARN  main            d.u.i.k.p.NodeInfo        No instantiation for #106. Probably branch label not up to date in orLeft 
236924     WARN  main            d.u.i.k.p.NodeInfo        No instantiation for #106. Probably branch label not up to date in orLeft 
236924     WARN  main            d.u.i.k.p.NodeInfo        No instantiation for #107. Probably branch label not up to date in orLeft 
236924     WARN  main            d.u.i.k.p.NodeInfo        No instantiation for #107. Probably branch label not up to date in orLeft 
236924     WARN  main            d.u.i.k.p.NodeInfo        No instantiation for #108. Probably branch label not up to date in orLeft 
236924     WARN  main            d.u.i.k.p.NodeInfo        No instantiation for #108. Probably branch label not up to date in orLeft 
236924     WARN  main            d.u.i.k.p.NodeInfo        No instantiation for #109. Probably branch label not up to date in orLeft 
236924     WARN  main            d.u.i.k.p.NodeInfo        No instantiation for #109. Probably branch label not up to date in orLeft 
236924     WARN  main            d.u.i.k.p.NodeInfo        No instantiation for #110. Probably branch label not up to date in orLeft 
236924     WARN  main            d.u.i.k.p.NodeInfo        No instantiation for #110. Probably branch label not up to date in orLeft 
236924     WARN  main            d.u.i.k.p.NodeInfo        No instantiation for #110. Probably branch label not up to date in orLeft 
236924     WARN  main            d.u.i.k.p.NodeInfo        No instantiation for #110. Probably branch label not up to date in orLeft 
236924     WARN  main            d.u.i.k.p.NodeInfo        No instantiation for #110. Probably branch label not up to date in orLeft 
236924     WARN  main            d.u.i.k.p.NodeInfo        No instantiation for #55. Probably branch label not up to date in orLeft 
236924     WARN  main            d.u.i.k.p.NodeInfo        No instantiation for #55. Probably branch label not up to date in orLeft 
236924     WARN  main            d.u.i.k.p.NodeInfo        No instantiation for #56. Probably branch label not up to date in orLeft 
236924     WARN  main            d.u.i.k.p.NodeInfo        No instantiation for #56. Probably branch label not up to date in orLeft 
236924     WARN  main            d.u.i.k.p.NodeInfo        No instantiation for #57. Probably branch label not up to date in orLeft 
236924     WARN  main            d.u.i.k.p.NodeInfo        No instantiation for #57. Probably branch label not up to date in orLeft 
236924     WARN  main            d.u.i.k.p.NodeInfo        No instantiation for #106. Probably branch label not up to date in orLeft 
236924     WARN  main            d.u.i.k.p.NodeInfo        No instantiation for #106. Probably branch label not up to date in orLeft 
236924     WARN  main            d.u.i.k.p.NodeInfo        No instantiation for #106. Probably branch label not up to date in orLeft 
236924     WARN  main            d.u.i.k.p.NodeInfo        No instantiation for #106. Probably branch label not up to date in orLeft 
236924     WARN  main            d.u.i.k.p.NodeInfo        No instantiation for #107. Probably branch label not up to date in orLeft 
236924     WARN  main            d.u.i.k.p.NodeInfo        No instantiation for #107. Probably branch label not up to date in orLeft 
236924     WARN  main            d.u.i.k.p.NodeInfo        No instantiation for #108. Probably branch label not up to date in orLeft 
236924     WARN  main            d.u.i.k.p.NodeInfo        No instantiation for #108. Probably branch label not up to date in orLeft 
236924     WARN  main            d.u.i.k.p.NodeInfo        No instantiation for #109. Probably branch label not up to date in orLeft 
236924     WARN  main            d.u.i.k.p.NodeInfo        No instantiation for #109. Probably branch label not up to date in orLeft 
236924     WARN  main            d.u.i.k.p.NodeInfo        No instantiation for #110. Probably branch label not up to date in orLeft 
236924     WARN  main            d.u.i.k.p.NodeInfo        No instantiation for #110. Probably branch label not up to date in orLeft 
236924     WARN  main            d.u.i.k.p.NodeInfo        No instantiation for #110. Probably branch label not up to date in orLeft 
236924     WARN  main            d.u.i.k.p.NodeInfo        No instantiation for #110. Probably branch label not up to date in orLeft 
236924     WARN  main            d.u.i.k.p.NodeInfo        No instantiation for #110. Probably branch label not up to date in orLeft 
236924     WARN  main            d.u.i.k.p.NodeInfo        No instantiation for #55. Probably branch label not up to date in orLeft 
236925     WARN  main            d.u.i.k.p.NodeInfo        No instantiation for #55. Probably branch label not up to date in orLeft 
236925     WARN  main            d.u.i.k.p.NodeInfo        No instantiation for #56. Probably branch label not up to date in orLeft 
236925     WARN  main            d.u.i.k.p.NodeInfo        No instantiation for #56. Probably branch label not up to date in orLeft 
236925     WARN  main            d.u.i.k.p.NodeInfo        No instantiation for #57. Probably branch label not up to date in orLeft 
236925     WARN  main            d.u.i.k.p.NodeInfo        No instantiation for #57. Probably branch label not up to date in orLeft 
236925     WARN  main            d.u.i.k.p.NodeInfo        No instantiation for #106. Probably branch label not up to date in orLeft 
236925     WARN  main            d.u.i.k.p.NodeInfo        No instantiation for #106. Probably branch label not up to date in orLeft 
236925     WARN  main            d.u.i.k.p.NodeInfo        No instantiation for #106. Probably branch label not up to date in orLeft 
236925     WARN  main            d.u.i.k.p.NodeInfo        No instantiation for #106. Probably branch label not up to date in orLeft 
236925     WARN  main            d.u.i.k.p.NodeInfo        No instantiation for #107. Probably branch label not up to date in orLeft 
236925     WARN  main            d.u.i.k.p.NodeInfo        No instantiation for #107. Probably branch label not up to date in orLeft 
236925     WARN  main            d.u.i.k.p.NodeInfo        No instantiation for #108. Probably branch label not up to date in orLeft 
236925     WARN  main            d.u.i.k.p.NodeInfo        No instantiation for #108. Probably branch label not up to date in orLeft 
236925     WARN  main            d.u.i.k.p.NodeInfo        No instantiation for #109. Probably branch label not up to date in orLeft 
236925     WARN  main            d.u.i.k.p.NodeInfo        No instantiation for #109. Probably branch label not up to date in orLeft 
236925     WARN  main            d.u.i.k.p.NodeInfo        No instantiation for #110. Probably branch label not up to date in orLeft 
236925     WARN  main            d.u.i.k.p.NodeInfo        No instantiation for #110. Probably branch label not up to date in orLeft 
236925     WARN  main            d.u.i.k.p.NodeInfo        No instantiation for #110. Probably branch label not up to date in orLeft 
236925     WARN  main            d.u.i.k.p.NodeInfo        No instantiation for #110. Probably branch label not up to date in orLeft 
236925     WARN  main            d.u.i.k.p.NodeInfo        No instantiation for #110. Probably branch label not up to date in orLeft 
236925     WARN  main            d.u.i.k.p.NodeInfo        No instantiation for #55. Probably branch label not up to date in orLeft 
236925     WARN  main            d.u.i.k.p.NodeInfo        No instantiation for #55. Probably branch label not up to date in orLeft 
236925     WARN  main            d.u.i.k.p.NodeInfo        No instantiation for #56. Probably branch label not up to date in orLeft 
236925     WARN  main            d.u.i.k.p.NodeInfo        No instantiation for #56. Probably branch label not up to date in orLeft 
236925     WARN  main            d.u.i.k.p.NodeInfo        No instantiation for #57. Probably branch label not up to date in orLeft 
236925     WARN  main            d.u.i.k.p.NodeInfo        No instantiation for #57. Probably branch label not up to date in orLeft 
236925     WARN  main            d.u.i.k.p.NodeInfo        No instantiation for #106. Probably branch label not up to date in orLeft 
236925     WARN  main            d.u.i.k.p.NodeInfo        No instantiation for #106. Probably branch label not up to date in orLeft 
236925     WARN  main            d.u.i.k.p.NodeInfo        No instantiation for #106. Probably branch label not up to date in orLeft 
236925     WARN  main            d.u.i.k.p.NodeInfo        No instantiation for #106. Probably branch label not up to date in orLeft 
236925     WARN  main            d.u.i.k.p.NodeInfo        No instantiation for #107. Probably branch label not up to date in orLeft 
236925     WARN  main            d.u.i.k.p.NodeInfo        No instantiation for #107. Probably branch label not up to date in orLeft 
236925     WARN  main            d.u.i.k.p.NodeInfo        No instantiation for #108. Probably branch label not up to date in orLeft 
236925     WARN  main            d.u.i.k.p.NodeInfo        No instantiation for #108. Probably branch label not up to date in orLeft 
236925     WARN  main            d.u.i.k.p.NodeInfo        No instantiation for #109. Probably branch label not up to date in orLeft 
236925     WARN  main            d.u.i.k.p.NodeInfo        No instantiation for #109. Probably branch label not up to date in orLeft 
236925     WARN  main            d.u.i.k.p.NodeInfo        No instantiation for #110. Probably branch label not up to date in orLeft 
236925     WARN  main            d.u.i.k.p.NodeInfo        No instantiation for #110. Probably branch label not up to date in orLeft 
236925     WARN  main            d.u.i.k.p.NodeInfo        No instantiation for #110. Probably branch label not up to date in orLeft 
236925     WARN  main            d.u.i.k.p.NodeInfo        No instantiation for #110. Probably branch label not up to date in orLeft 
236925     WARN  main            d.u.i.k.p.NodeInfo        No instantiation for #110. Probably branch label not up to date in orLeft 
236925     WARN  main            d.u.i.k.p.NodeInfo        No instantiation for #87. Probably branch label not up to date in orLeft 
236925     WARN  main            d.u.i.k.p.NodeInfo        No instantiation for #87. Probably branch label not up to date in orLeft 
236925     WARN  main            d.u.i.k.p.NodeInfo        No instantiation for #88. Probably branch label not up to date in orLeft 
236925     WARN  main            d.u.i.k.p.NodeInfo        No instantiation for #88. Probably branch label not up to date in orLeft 
236925     WARN  main            d.u.i.k.p.NodeInfo        No instantiation for #89. Probably branch label not up to date in orLeft 
236925     WARN  main            d.u.i.k.p.NodeInfo        No instantiation for #89. Probably branch label not up to date in orLeft 
236949     WARN  main            d.u.i.k.p.NodeInfo        No instantiation for #106. Probably branch label not up to date in orLeft 
236949     WARN  main            d.u.i.k.p.NodeInfo        No instantiation for #106. Probably branch label not up to date in orLeft 
236949     WARN  main            d.u.i.k.p.NodeInfo        No instantiation for #106. Probably branch label not up to date in orLeft 
236949     WARN  main            d.u.i.k.p.NodeInfo        No instantiation for #106. Probably branch label not up to date in orLeft 
236949     WARN  main            d.u.i.k.p.NodeInfo        No instantiation for #107. Probably branch label not up to date in orLeft 
236949     WARN  main            d.u.i.k.p.NodeInfo        No instantiation for #107. Probably branch label not up to date in orLeft 
236949     WARN  main            d.u.i.k.p.NodeInfo        No instantiation for #108. Probably branch label not up to date in orLeft 
236949     WARN  main            d.u.i.k.p.NodeInfo        No instantiation for #108. Probably branch label not up to date in orLeft 
236949     WARN  main            d.u.i.k.p.NodeInfo        No instantiation for #109. Probably branch label not up to date in orLeft 
236949     WARN  main            d.u.i.k.p.NodeInfo        No instantiation for #109. Probably branch label not up to date in orLeft 
236949     WARN  main            d.u.i.k.p.NodeInfo        No instantiation for #110. Probably branch label not up to date in orLeft 
236949     WARN  main            d.u.i.k.p.NodeInfo        No instantiation for #110. Probably branch label not up to date in orLeft 
236949     WARN  main            d.u.i.k.p.NodeInfo        No instantiation for #110. Probably branch label not up to date in orLeft 
236949     WARN  main            d.u.i.k.p.NodeInfo        No instantiation for #110. Probably branch label not up to date in orLeft 
236949     WARN  main            d.u.i.k.p.NodeInfo        No instantiation for #110. Probably branch label not up to date in orLeft 
236949     WARN  main            d.u.i.k.p.NodeInfo        No instantiation for #55. Probably branch label not up to date in orLeft 
236949     WARN  main            d.u.i.k.p.NodeInfo        No instantiation for #55. Probably branch label not up to date in orLeft 
236949     WARN  main            d.u.i.k.p.NodeInfo        No instantiation for #56. Probably branch label not up to date in orLeft 
236949     WARN  main            d.u.i.k.p.NodeInfo        No instantiation for #56. Probably branch label not up to date in orLeft 
236949     WARN  main            d.u.i.k.p.NodeInfo        No instantiation for #57. Probably branch label not up to date in orLeft 
236949     WARN  main            d.u.i.k.p.NodeInfo        No instantiation for #57. Probably branch label not up to date in orLeft 
236949     WARN  main            d.u.i.k.p.NodeInfo        No instantiation for #106. Probably branch label not up to date in orLeft 
236949     WARN  main            d.u.i.k.p.NodeInfo        No instantiation for #106. Probably branch label not up to date in orLeft 
236949     WARN  main            d.u.i.k.p.NodeInfo        No instantiation for #106. Probably branch label not up to date in orLeft 
236949     WARN  main            d.u.i.k.p.NodeInfo        No instantiation for #106. Probably branch label not up to date in orLeft 
236949     WARN  main            d.u.i.k.p.NodeInfo        No instantiation for #107. Probably branch label not up to date in orLeft 
236949     WARN  main            d.u.i.k.p.NodeInfo        No instantiation for #107. Probably branch label not up to date in orLeft 
236949     WARN  main            d.u.i.k.p.NodeInfo        No instantiation for #108. Probably branch label not up to date in orLeft 
236949     WARN  main            d.u.i.k.p.NodeInfo        No instantiation for #108. Probably branch label not up to date in orLeft 
236949     WARN  main            d.u.i.k.p.NodeInfo        No instantiation for #109. Probably branch label not up to date in orLeft 
236949     WARN  main            d.u.i.k.p.NodeInfo        No instantiation for #109. Probably branch label not up to date in orLeft 
236949     WARN  main            d.u.i.k.p.NodeInfo        No instantiation for #110. Probably branch label not up to date in orLeft 
236949     WARN  main            d.u.i.k.p.NodeInfo        No instantiation for #110. Probably branch label not up to date in orLeft 
236949     WARN  main            d.u.i.k.p.NodeInfo        No instantiation for #110. Probably branch label not up to date in orLeft 
236949     WARN  main            d.u.i.k.p.NodeInfo        No instantiation for #110. Probably branch label not up to date in orLeft 
236949     WARN  main            d.u.i.k.p.NodeInfo        No instantiation for #110. Probably branch label not up to date in orLeft 
236949     WARN  main            d.u.i.k.p.NodeInfo        No instantiation for #87. Probably branch label not up to date in orLeft 
236956     WARN  main            d.u.i.k.p.NodeInfo        No instantiation for #87. Probably branch label not up to date in orLeft 
236956     WARN  main            d.u.i.k.p.NodeInfo        No instantiation for #88. Probably branch label not up to date in orLeft 
236956     WARN  main            d.u.i.k.p.NodeInfo        No instantiation for #88. Probably branch label not up to date in orLeft 
236956     WARN  main            d.u.i.k.p.NodeInfo        No instantiation for #89. Probably branch label not up to date in orLeft 
236956     WARN  main            d.u.i.k.p.NodeInfo        No instantiation for #89. Probably branch label not up to date in orLeft 
236960     WARN  main            d.u.i.k.p.NodeInfo        No instantiation for #106. Probably branch label not up to date in orLeft 
236961     WARN  main            d.u.i.k.p.NodeInfo        No instantiation for #106. Probably branch label not up to date in orLeft 
236961     WARN  main            d.u.i.k.p.NodeInfo        No instantiation for #106. Probably branch label not up to date in orLeft 
236961     WARN  main            d.u.i.k.p.NodeInfo        No instantiation for #106. Probably branch label not up to date in orLeft 
236961     WARN  main            d.u.i.k.p.NodeInfo        No instantiation for #107. Probably branch label not up to date in orLeft 
236961     WARN  main            d.u.i.k.p.NodeInfo        No instantiation for #107. Probably branch label not up to date in orLeft 
236961     WARN  main            d.u.i.k.p.NodeInfo        No instantiation for #108. Probably branch label not up to date in orLeft 
236961     WARN  main            d.u.i.k.p.NodeInfo        No instantiation for #108. Probably branch label not up to date in orLeft 
236961     WARN  main            d.u.i.k.p.NodeInfo        No instantiation for #109. Probably branch label not up to date in orLeft 
236961     WARN  main            d.u.i.k.p.NodeInfo        No instantiation for #109. Probably branch label not up to date in orLeft 
236961     WARN  main            d.u.i.k.p.NodeInfo        No instantiation for #110. Probably branch label not up to date in orLeft 
236961     WARN  main            d.u.i.k.p.NodeInfo        No instantiation for #110. Probably branch label not up to date in orLeft 
236961     WARN  main            d.u.i.k.p.NodeInfo        No instantiation for #110. Probably branch label not up to date in orLeft 
236961     WARN  main            d.u.i.k.p.NodeInfo        No instantiation for #110. Probably branch label not up to date in orLeft 
236961     WARN  main            d.u.i.k.p.NodeInfo        No instantiation for #110. Probably branch label not up to date in orLeft 
236961     WARN  main            d.u.i.k.p.NodeInfo        No instantiation for #55. Probably branch label not up to date in orLeft 
236961     WARN  main            d.u.i.k.p.NodeInfo        No instantiation for #55. Probably branch label not up to date in orLeft 
236961     WARN  main            d.u.i.k.p.NodeInfo        No instantiation for #56. Probably branch label not up to date in orLeft 
236961     WARN  main            d.u.i.k.p.NodeInfo        No instantiation for #56. Probably branch label not up to date in orLeft 
236961     WARN  main            d.u.i.k.p.NodeInfo        No instantiation for #57. Probably branch label not up to date in orLeft 
236961     WARN  main            d.u.i.k.p.NodeInfo        No instantiation for #57. Probably branch label not up to date in orLeft 
236961     WARN  main            d.u.i.k.p.NodeInfo        No instantiation for #106. Probably branch label not up to date in orLeft 
236961     WARN  main            d.u.i.k.p.NodeInfo        No instantiation for #106. Probably branch label not up to date in orLeft 
236961     WARN  main            d.u.i.k.p.NodeInfo        No instantiation for #106. Probably branch label not up to date in orLeft 
236961     WARN  main            d.u.i.k.p.NodeInfo        No instantiation for #106. Probably branch label not up to date in orLeft 
236961     WARN  main            d.u.i.k.p.NodeInfo        No instantiation for #107. Probably branch label not up to date in orLeft 
236961     WARN  main            d.u.i.k.p.NodeInfo        No instantiation for #107. Probably branch label not up to date in orLeft 
236961     WARN  main            d.u.i.k.p.NodeInfo        No instantiation for #108. Probably branch label not up to date in orLeft 
236961     WARN  main            d.u.i.k.p.NodeInfo        No instantiation for #108. Probably branch label not up to date in orLeft 
236961     WARN  main            d.u.i.k.p.NodeInfo        No instantiation for #109. Probably branch label not up to date in orLeft 
236961     WARN  main            d.u.i.k.p.NodeInfo        No instantiation for #109. Probably branch label not up to date in orLeft 
236961     WARN  main            d.u.i.k.p.NodeInfo        No instantiation for #110. Probably branch label not up to date in orLeft 
236961     WARN  main            d.u.i.k.p.NodeInfo        No instantiation for #110. Probably branch label not up to date in orLeft 
236961     WARN  main            d.u.i.k.p.NodeInfo        No instantiation for #110. Probably branch label not up to date in orLeft 
236961     WARN  main            d.u.i.k.p.NodeInfo        No instantiation for #110. Probably branch label not up to date in orLeft 
236961     WARN  main            d.u.i.k.p.NodeInfo        No instantiation for #110. Probably branch label not up to date in orLeft 
236961     WARN  main            d.u.i.k.p.NodeInfo        No instantiation for #55. Probably branch label not up to date in orLeft 
236961     WARN  main            d.u.i.k.p.NodeInfo        No instantiation for #55. Probably branch label not up to date in orLeft 
236961     WARN  main            d.u.i.k.p.NodeInfo        No instantiation for #56. Probably branch label not up to date in orLeft 
236961     WARN  main            d.u.i.k.p.NodeInfo        No instantiation for #56. Probably branch label not up to date in orLeft 
236961     WARN  main            d.u.i.k.p.NodeInfo        No instantiation for #57. Probably branch label not up to date in orLeft 
236961     WARN  main            d.u.i.k.p.NodeInfo        No instantiation for #57. Probably branch label not up to date in orLeft 
Returning from test ToyBanking_fullmacro
Running test BlockContracts_fullmacro
17:46:50,374 |-INFO in ch.qos.logback.classic.LoggerContext[default] - This is logback-classic version 1.4.6
17:46:50,408 |-INFO in ch.qos.logback.classic.LoggerContext[default] - Could NOT find resource [logback-test.xml]
17:46:50,428 |-INFO in ch.qos.logback.classic.LoggerContext[default] - Found resource [logback.xml] at [file:/home/runner/work/key/key/key.core/build/resources/test/logback.xml]
17:46:50,620 |-INFO in ch.qos.logback.core.model.processor.AppenderModelHandler - Processing appender named [STDOUT]
17:46:50,620 |-INFO in ch.qos.logback.core.model.processor.AppenderModelHandler - About to instantiate appender of type [ch.qos.logback.core.ConsoleAppender]
17:46:50,639 |-WARN in ch.qos.logback.core.model.processor.ImplicitModelHandler - Ignoring unknown property [file] in [ch.qos.logback.core.ConsoleAppender]
17:46:50,639 |-WARN in ch.qos.logback.core.model.processor.ImplicitModelHandler - Ignoring unknown property [append] in [ch.qos.logback.core.ConsoleAppender]
17:46:50,640 |-INFO in ch.qos.logback.core.model.processor.ImplicitModelHandler - Assuming default type [ch.qos.logback.classic.encoder.PatternLayoutEncoder] for [encoder] property
17:46:50,670 |-INFO in ch.qos.logback.classic.model.processor.RootLoggerModelHandler - Setting level of ROOT logger to WARN
17:46:50,684 |-INFO in ch.qos.logback.core.model.processor.AppenderRefModelHandler - Attaching appender named [STDOUT] to Logger[ROOT]
17:46:50,684 |-INFO in ch.qos.logback.core.model.processor.DefaultProcessor@710f4dc7 - End of configuration.
17:46:50,685 |-INFO in ch.qos.logback.classic.joran.JoranConfigurator@1ff4931d - Registering current configuration as safe fallback point

456        WARN  main            d.u.i.k.s.ProofSettings   The settings in /home/runner/.key/proof-settings.props are *not* read. 
Returning from test BlockContracts_fullmacro
Running test MethodContracts_fullmacro
17:48:08,908 |-INFO in ch.qos.logback.classic.LoggerContext[default] - This is logback-classic version 1.4.6
17:48:08,934 |-INFO in ch.qos.logback.classic.LoggerContext[default] - Could NOT find resource [logback-test.xml]
17:48:08,953 |-INFO in ch.qos.logback.classic.LoggerContext[default] - Found resource [logback.xml] at [file:/home/runner/work/key/key/key.core/build/resources/test/logback.xml]
17:48:09,110 |-INFO in ch.qos.logback.core.model.processor.AppenderModelHandler - Processing appender named [STDOUT]
17:48:09,110 |-INFO in ch.qos.logback.core.model.processor.AppenderModelHandler - About to instantiate appender of type [ch.qos.logback.core.ConsoleAppender]
17:48:09,125 |-WARN in ch.qos.logback.core.model.processor.ImplicitModelHandler - Ignoring unknown property [file] in [ch.qos.logback.core.ConsoleAppender]
17:48:09,125 |-WARN in ch.qos.logback.core.model.processor.ImplicitModelHandler - Ignoring unknown property [append] in [ch.qos.logback.core.ConsoleAppender]
17:48:09,126 |-INFO in ch.qos.logback.core.model.processor.ImplicitModelHandler - Assuming default type [ch.qos.logback.classic.encoder.PatternLayoutEncoder] for [encoder] property
17:48:09,144 |-INFO in ch.qos.logback.classic.model.processor.RootLoggerModelHandler - Setting level of ROOT logger to WARN
17:48:09,149 |-INFO in ch.qos.logback.core.model.processor.AppenderRefModelHandler - Attaching appender named [STDOUT] to Logger[ROOT]
17:48:09,149 |-INFO in ch.qos.logback.core.model.processor.DefaultProcessor@710f4dc7 - End of configuration.
17:48:09,150 |-INFO in ch.qos.logback.classic.joran.JoranConfigurator@1ff4931d - Registering current configuration as safe fallback point

388        WARN  main            d.u.i.k.s.ProofSettings   The settings in /home/runner/.key/proof-settings.props are *not* read. 
Returning from test MethodContracts_fullmacro
Running test InformationFlow_fullmacro
17:49:18,489 |-INFO in ch.qos.logback.classic.LoggerContext[default] - This is logback-classic version 1.4.6
17:49:18,515 |-INFO in ch.qos.logback.classic.LoggerContext[default] - Could NOT find resource [logback-test.xml]
17:49:18,534 |-INFO in ch.qos.logback.classic.LoggerContext[default] - Found resource [logback.xml] at [file:/home/runner/work/key/key/key.core/build/resources/test/logback.xml]
17:49:18,714 |-INFO in ch.qos.logback.core.model.processor.AppenderModelHandler - Processing appender named [STDOUT]
17:49:18,714 |-INFO in ch.qos.logback.core.model.processor.AppenderModelHandler - About to instantiate appender of type [ch.qos.logback.core.ConsoleAppender]
17:49:18,729 |-WARN in ch.qos.logback.core.model.processor.ImplicitModelHandler - Ignoring unknown property [file] in [ch.qos.logback.core.ConsoleAppender]
17:49:18,729 |-WARN in ch.qos.logback.core.model.processor.ImplicitModelHandler - Ignoring unknown property [append] in [ch.qos.logback.core.ConsoleAppender]
17:49:18,730 |-INFO in ch.qos.logback.core.model.processor.ImplicitModelHandler - Assuming default type [ch.qos.logback.classic.encoder.PatternLayoutEncoder] for [encoder] property
17:49:18,748 |-INFO in ch.qos.logback.classic.model.processor.RootLoggerModelHandler - Setting level of ROOT logger to WARN
17:49:18,753 |-INFO in ch.qos.logback.core.model.processor.AppenderRefModelHandler - Attaching appender named [STDOUT] to Logger[ROOT]
17:49:18,754 |-INFO in ch.qos.logback.core.model.processor.DefaultProcessor@710f4dc7 - End of configuration.
17:49:18,754 |-INFO in ch.qos.logback.classic.joran.JoranConfigurator@1ff4931d - Registering current configuration as safe fallback point

374        WARN  main            d.u.i.k.s.ProofSettings   The settings in /home/runner/.key/proof-settings.props are *not* read. 
Returning from test InformationFlow_fullmacro
Running test MiniExamples_fullmacro
17:54:30,681 |-INFO in ch.qos.logback.classic.LoggerContext[default] - This is logback-classic version 1.4.6
17:54:30,718 |-INFO in ch.qos.logback.classic.LoggerContext[default] - Could NOT find resource [logback-test.xml]
17:54:30,735 |-INFO in ch.qos.logback.classic.LoggerContext[default] - Found resource [logback.xml] at [file:/home/runner/work/key/key/key.core/build/resources/test/logback.xml]
17:54:30,879 |-INFO in ch.qos.logback.core.model.processor.AppenderModelHandler - Processing appender named [STDOUT]
17:54:30,879 |-INFO in ch.qos.logback.core.model.processor.AppenderModelHandler - About to instantiate appender of type [ch.qos.logback.core.ConsoleAppender]
17:54:30,895 |-WARN in ch.qos.logback.core.model.processor.ImplicitModelHandler - Ignoring unknown property [file] in [ch.qos.logback.core.ConsoleAppender]
17:54:30,895 |-WARN in ch.qos.logback.core.model.processor.ImplicitModelHandler - Ignoring unknown property [append] in [ch.qos.logback.core.ConsoleAppender]
17:54:30,896 |-INFO in ch.qos.logback.core.model.processor.ImplicitModelHandler - Assuming default type [ch.qos.logback.classic.encoder.PatternLayoutEncoder] for [encoder] property
17:54:30,923 |-INFO in ch.qos.logback.classic.model.processor.RootLoggerModelHandler - Setting level of ROOT logger to WARN
17:54:30,938 |-INFO in ch.qos.logback.core.model.processor.AppenderRefModelHandler - Attaching appender named [STDOUT] to Logger[ROOT]
17:54:30,939 |-INFO in ch.qos.logback.core.model.processor.DefaultProcessor@710f4dc7 - End of configuration.
17:54:30,939 |-INFO in ch.qos.logback.classic.joran.JoranConfigurator@1ff4931d - Registering current configuration as safe fallback point

403        WARN  main            d.u.i.k.s.ProofSettings   The settings in /home/runner/.key/proof-settings.props are *not* read. 
Returning from test MiniExamples_fullmacro
Running test NewObjects_fullmacro
17:56:04,103 |-INFO in ch.qos.logback.classic.LoggerContext[default] - This is logback-classic version 1.4.6
17:56:04,140 |-INFO in ch.qos.logback.classic.LoggerContext[default] - Could NOT find resource [logback-test.xml]
17:56:04,159 |-INFO in ch.qos.logback.classic.LoggerContext[default] - Found resource [logback.xml] at [file:/home/runner/work/key/key/key.core/build/resources/test/logback.xml]
17:56:04,318 |-INFO in ch.qos.logback.core.model.processor.AppenderModelHandler - Processing appender named [STDOUT]
17:56:04,318 |-INFO in ch.qos.logback.core.model.processor.AppenderModelHandler - About to instantiate appender of type [ch.qos.logback.core.ConsoleAppender]
17:56:04,332 |-WARN in ch.qos.logback.core.model.processor.ImplicitModelHandler - Ignoring unknown property [file] in [ch.qos.logback.core.ConsoleAppender]
17:56:04,332 |-WARN in ch.qos.logback.core.model.processor.ImplicitModelHandler - Ignoring unknown property [append] in [ch.qos.logback.core.ConsoleAppender]
17:56:04,333 |-INFO in ch.qos.logback.core.model.processor.ImplicitModelHandler - Assuming default type [ch.qos.logback.classic.encoder.PatternLayoutEncoder] for [encoder] property
17:56:04,352 |-INFO in ch.qos.logback.classic.model.processor.RootLoggerModelHandler - Setting level of ROOT logger to WARN
17:56:04,357 |-INFO in ch.qos.logback.core.model.processor.AppenderRefModelHandler - Attaching appender named [STDOUT] to Logger[ROOT]
17:56:04,357 |-INFO in ch.qos.logback.core.model.processor.DefaultProcessor@710f4dc7 - End of configuration.
17:56:04,358 |-INFO in ch.qos.logback.classic.joran.JoranConfigurator@1ff4931d - Registering current configuration as safe fallback point

395        WARN  main            d.u.i.k.s.ProofSettings   The settings in /home/runner/.key/proof-settings.props are *not* read. 
35883      WARN  main            d.u.i.k.p.NodeInfo        No instantiation for #42. Probably branch label not up to date in andRight 
35883      WARN  main            d.u.i.k.p.NodeInfo        No instantiation for #42. Probably branch label not up to date in andRight 
35883      WARN  main            d.u.i.k.p.NodeInfo        No instantiation for #42. Probably branch label not up to date in andRight 
35884      WARN  main            d.u.i.k.p.NodeInfo        No instantiation for #42. Probably branch label not up to date in andRight 
35884      WARN  main            d.u.i.k.p.NodeInfo        No instantiation for #44. Probably branch label not up to date in andRight 
35884      WARN  main            d.u.i.k.p.NodeInfo        No instantiation for #44. Probably branch label not up to date in andRight 
35884      WARN  main            d.u.i.k.p.NodeInfo        No instantiation for #44. Probably branch label not up to date in andRight 
35884      WARN  main            d.u.i.k.p.NodeInfo        No instantiation for #44. Probably branch label not up to date in andRight 
35885      WARN  main            d.u.i.k.p.NodeInfo        No instantiation for #44. Probably branch label not up to date in andRight 
35885      WARN  main            d.u.i.k.p.NodeInfo        No instantiation for #44. Probably branch label not up to date in andRight 
35885      WARN  main            d.u.i.k.p.NodeInfo        No instantiation for #44. Probably branch label not up to date in andRight 
35885      WARN  main            d.u.i.k.p.NodeInfo        No instantiation for #44. Probably branch label not up to date in andRight 
35885      WARN  main            d.u.i.k.p.NodeInfo        No instantiation for #42. Probably branch label not up to date in andRight 
35886      WARN  main            d.u.i.k.p.NodeInfo        No instantiation for #42. Probably branch label not up to date in andRight 
35886      WARN  main            d.u.i.k.p.NodeInfo        No instantiation for #42. Probably branch label not up to date in andRight 
35886      WARN  main            d.u.i.k.p.NodeInfo        No instantiation for #42. Probably branch label not up to date in andRight 
35886      WARN  main            d.u.i.k.p.NodeInfo        No instantiation for #42. Probably branch label not up to date in andRight 
35887      WARN  main            d.u.i.k.p.NodeInfo        No instantiation for #42. Probably branch label not up to date in andRight 
35887      WARN  main            d.u.i.k.p.NodeInfo        No instantiation for #42. Probably branch label not up to date in andRight 
35887      WARN  main            d.u.i.k.p.NodeInfo        No instantiation for #42. Probably branch label not up to date in andRight 
44743      WARN  main            d.u.i.k.p.NodeInfo        No instantiation for #27. Probably branch label not up to date in andRight 
44743      WARN  main            d.u.i.k.p.NodeInfo        No instantiation for #27. Probably branch label not up to date in andRight 
44743      WARN  main            d.u.i.k.p.NodeInfo        No instantiation for #27. Probably branch label not up to date in andRight 
44743      WARN  main            d.u.i.k.p.NodeInfo        No instantiation for #27. Probably branch label not up to date in andRight 
44744      WARN  main            d.u.i.k.p.NodeInfo        No instantiation for #27. Probably branch label not up to date in andRight 
44744      WARN  main            d.u.i.k.p.NodeInfo        No instantiation for #27. Probably branch label not up to date in andRight 
44744      WARN  main            d.u.i.k.p.NodeInfo        No instantiation for #27. Probably branch label not up to date in andRight 
44744      WARN  main            d.u.i.k.p.NodeInfo        No instantiation for #27. Probably branch label not up to date in andRight 
Returning from test NewObjects_fullmacro
Running test SimpleEvoting_fullmacro
17:59:07,359 |-INFO in ch.qos.logback.classic.LoggerContext[default] - This is logback-classic version 1.4.6
17:59:07,388 |-INFO in ch.qos.logback.classic.LoggerContext[default] - Could NOT find resource [logback-test.xml]
17:59:07,406 |-INFO in ch.qos.logback.classic.LoggerContext[default] - Found resource [logback.xml] at [file:/home/runner/work/key/key/key.core/build/resources/test/logback.xml]
17:59:07,566 |-INFO in ch.qos.logback.core.model.processor.AppenderModelHandler - Processing appender named [STDOUT]
17:59:07,566 |-INFO in ch.qos.logback.core.model.processor.AppenderModelHandler - About to instantiate appender of type [ch.qos.logback.core.ConsoleAppender]
17:59:07,583 |-WARN in ch.qos.logback.core.model.processor.ImplicitModelHandler - Ignoring unknown property [file] in [ch.qos.logback.core.ConsoleAppender]
17:59:07,583 |-WARN in ch.qos.logback.core.model.processor.ImplicitModelHandler - Ignoring unknown property [append] in [ch.qos.logback.core.ConsoleAppender]
17:59:07,584 |-INFO in ch.qos.logback.core.model.processor.ImplicitModelHandler - Assuming default type [ch.qos.logback.classic.encoder.PatternLayoutEncoder] for [encoder] property
17:59:07,611 |-INFO in ch.qos.logback.classic.model.processor.RootLoggerModelHandler - Setting level of ROOT logger to WARN
17:59:07,616 |-INFO in ch.qos.logback.core.model.processor.AppenderRefModelHandler - Attaching appender named [STDOUT] to Logger[ROOT]
17:59:07,616 |-INFO in ch.qos.logback.core.model.processor.DefaultProcessor@710f4dc7 - End of configuration.
17:59:07,617 |-INFO in ch.qos.logback.classic.joran.JoranConfigurator@1ff4931d - Registering current configuration as safe fallback point

363        WARN  main            d.u.i.k.s.ProofSettings   The settings in /home/runner/.key/proof-settings.props are *not* read. 
Returning from test SimpleEvoting_fullmacro
]]></system-out>
  <system-err><![CDATA[Timeout watcher launched (1000 secs.)
Timeout watcher launched (1000 secs.)
Timeout watcher launched (1000 secs.)
Timeout watcher launched (1000 secs.)
Timeout watcher launched (1000 secs.)
Timeout watcher launched (1000 secs.)
Timeout watcher launched (1000 secs.)
Timeout watcher launched (1000 secs.)
Timeout watcher launched (1000 secs.)
Timeout watcher launched (1000 secs.)
Contract not found: passwordfile.SecurePasswordFile[passwordfile.SecurePasswordFile::$userIndex()].JML accessible clause.0 (file: /home/runner/work/key/key/key.core/../key.ui/examples/index/../InformationFlow/PasswordFile/passwordfile.SecurePasswordFile(passwordfile.SecurePasswordFile___userIndex()).JML accessible clause.0.key; caused by: java.lang.RuntimeException: Contract not found: passwordfile.SecurePasswordFile[passwordfile.SecurePasswordFile::$userIndex()].JML accessible clause.0)
	at de.uka.ilkd.key.control.AbstractUserInterfaceControl.load(AbstractUserInterfaceControl.java:228)
	at de.uka.ilkd.key.control.KeYEnvironment.load(KeYEnvironment.java:283)
	at de.uka.ilkd.key.control.KeYEnvironment.load(KeYEnvironment.java:252)
	at de.uka.ilkd.key.control.KeYEnvironment.load(KeYEnvironment.java:226)
	at de.uka.ilkd.key.control.KeYEnvironment.load(KeYEnvironment.java:186)
	at de.uka.ilkd.key.control.KeYEnvironment.load(KeYEnvironment.java:293)
	at de.uka.ilkd.key.proof.runallproofs.proofcollection.TestFile.load(TestFile.java:270)
	at de.uka.ilkd.key.proof.runallproofs.proofcollection.TestFile.runKey(TestFile.java:160)
	at de.uka.ilkd.key.proof.runallproofs.proofcollection.ForkedTestFileRunner.main(ForkedTestFileRunner.java:171)
Caused by: java.lang.RuntimeException: Contract not found: passwordfile.SecurePasswordFile[passwordfile.SecurePasswordFile::$userIndex()].JML accessible clause.0
	at de.uka.ilkd.key.proof.init.DependencyContractPO.loadFrom(DependencyContractPO.java:325)
	at java.base/jdk.internal.reflect.NativeMethodAccessorImpl.invoke0(Native Method)
	at java.base/jdk.internal.reflect.NativeMethodAccessorImpl.invoke(NativeMethodAccessorImpl.java:62)
	at java.base/jdk.internal.reflect.DelegatingMethodAccessorImpl.invoke(DelegatingMethodAccessorImpl.java:43)
	at java.base/java.lang.reflect.Method.invoke(Method.java:566)
	at de.uka.ilkd.key.proof.io.AbstractProblemLoader.createProofObligationContainer(AbstractProblemLoader.java:618)
	at de.uka.ilkd.key.proof.io.AbstractProblemLoader.load(AbstractProblemLoader.java:279)
	at de.uka.ilkd.key.proof.io.AbstractProblemLoader.load(AbstractProblemLoader.java:258)
	at de.uka.ilkd.key.control.AbstractUserInterfaceControl.load(AbstractUserInterfaceControl.java:215)
	... 8 more
Exception in thread "main" org.opentest4j.AssertionFailedError: Exception during the execution of proofs. See log for more details.
	at org.junit.jupiter.api.AssertionUtils.fail(AssertionUtils.java:38)
	at org.junit.jupiter.api.Assertions.fail(Assertions.java:135)
	at de.uka.ilkd.key.proof.runallproofs.proofcollection.ForkedTestFileRunner.main(ForkedTestFileRunner.java:192)
Timeout watcher launched (1000 secs.)
Contract not found: simple_evoting.Environment[simple_evoting.Environment::$rep()].JML accessible clause.0 (file: /home/runner/work/key/key/key.core/../key.ui/examples/index/../InformationFlow/SimpleEvoting/simple_evoting.Environment(simple_evoting.Environment___rep()).JML accessible clause.0.key; caused by: java.lang.RuntimeException: Contract not found: simple_evoting.Environment[simple_evoting.Environment::$rep()].JML accessible clause.0)
	at de.uka.ilkd.key.control.AbstractUserInterfaceControl.load(AbstractUserInterfaceControl.java:228)
	at de.uka.ilkd.key.control.KeYEnvironment.load(KeYEnvironment.java:283)
	at de.uka.ilkd.key.control.KeYEnvironment.load(KeYEnvironment.java:252)
	at de.uka.ilkd.key.control.KeYEnvironment.load(KeYEnvironment.java:226)
	at de.uka.ilkd.key.control.KeYEnvironment.load(KeYEnvironment.java:186)
	at de.uka.ilkd.key.control.KeYEnvironment.load(KeYEnvironment.java:293)
	at de.uka.ilkd.key.proof.runallproofs.proofcollection.TestFile.load(TestFile.java:270)
	at de.uka.ilkd.key.proof.runallproofs.proofcollection.TestFile.runKey(TestFile.java:160)
	at de.uka.ilkd.key.proof.runallproofs.proofcollection.ForkedTestFileRunner.main(ForkedTestFileRunner.java:171)
Caused by: java.lang.RuntimeException: Contract not found: simple_evoting.Environment[simple_evoting.Environment::$rep()].JML accessible clause.0
	at de.uka.ilkd.key.proof.init.DependencyContractPO.loadFrom(DependencyContractPO.java:325)
	at java.base/jdk.internal.reflect.NativeMethodAccessorImpl.invoke0(Native Method)
	at java.base/jdk.internal.reflect.NativeMethodAccessorImpl.invoke(NativeMethodAccessorImpl.java:62)
	at java.base/jdk.internal.reflect.DelegatingMethodAccessorImpl.invoke(DelegatingMethodAccessorImpl.java:43)
	at java.base/java.lang.reflect.Method.invoke(Method.java:566)
	at de.uka.ilkd.key.proof.io.AbstractProblemLoader.createProofObligationContainer(AbstractProblemLoader.java:618)
	at de.uka.ilkd.key.proof.io.AbstractProblemLoader.load(AbstractProblemLoader.java:279)
	at de.uka.ilkd.key.proof.io.AbstractProblemLoader.load(AbstractProblemLoader.java:258)
	at de.uka.ilkd.key.control.AbstractUserInterfaceControl.load(AbstractUserInterfaceControl.java:215)
	... 8 more
Exception in thread "main" org.opentest4j.AssertionFailedError: Exception during the execution of proofs. See log for more details.
	at org.junit.jupiter.api.AssertionUtils.fail(AssertionUtils.java:38)
	at org.junit.jupiter.api.Assertions.fail(Assertions.java:135)
	at de.uka.ilkd.key.proof.runallproofs.proofcollection.ForkedTestFileRunner.main(ForkedTestFileRunner.java:192)
Timeout watcher launched (1000 secs.)
Timeout watcher launched (1000 secs.)
Timeout watcher launched (1000 secs.)
Timeout watcher launched (1000 secs.)
Timeout watcher launched (1000 secs.)
Timeout watcher launched (1000 secs.)
Timeout watcher launched (1000 secs.)
Timeout watcher launched (1000 secs.)
Timeout watcher launched (1000 secs.)
Timeout watcher launched (1000 secs.)
Timeout watcher launched (1000 secs.)
Timeout watcher launched (1000 secs.)
Timeout watcher launched (1000 secs.)
Timeout watcher launched (1000 secs.)
Timeout watcher launched (1000 secs.)
Timeout watcher launched (1000 secs.)
Timeout watcher launched (1000 secs.)
Timeout watcher launched (1000 secs.)
]]></system-err>
</testsuite>
