<?xml version="1.0" encoding="UTF-8"?>
<testsuite name="de.uka.ilkd.key.proof.io.TestZipProofSaving" tests="1" skipped="0" failures="0" errors="0" timestamp="2023-04-24T14:07:09" hostname="fv-az405-611" time="8.753">
  <properties/>
  <testcase name="testZip()" classname="de.uka.ilkd.key.proof.io.TestZipProofSaving" time="8.753"/>
  <system-out><![CDATA[531654     INFO  Test worker     d.u.i.k.p.i.AbstractProblemLoader Loading environment from C:\Users\RUNNER~1\AppData\Local\Temp\keyZipTest18056542277913646168.key 
531654     DEBUG Test worker     d.u.i.k.p.i.AbstractProblemLoader Environment load took 219ns 
531654     INFO  Test worker     d.u.i.k.p.i.AbstractProblemLoader Creating init config 
531826     DEBUG Test worker     d.u.i.k.j.TypeConverter   No LDT found for Meta 
531826     DEBUG Test worker     d.u.i.k.j.TypeConverter   No LDT found for Meta 
531826     DEBUG Test worker     d.u.i.k.j.TypeConverter   No LDT found for Meta 
531826     DEBUG Test worker     d.u.i.k.j.TypeConverter   No LDT found for Meta 
532607     DEBUG Test worker     d.u.i.k.j.TypeConverter   No LDT found for JavaBigintExpression 
536595     DEBUG Test worker     d.u.i.k.p.i.AbstractProblemLoader Init config took 4.94s 
536626     INFO  Test worker     d.u.i.k.p.i.AbstractProblemLoader Replaying proof keyZipTest18056542277913646168.key 
536626     DEBUG Test worker     d.u.i.k.p.i.IntermediateProofReplayer Proof replay took 10.8ns 
536751     INFO  Test worker     d.u.i.k.p.i.AbstractProblemLoader Loading environment from C:\Users\RUNNER~1\AppData\Local\Temp\keyZipTest14761886995499877085.proof.gz 
536751     DEBUG Test worker     d.u.i.k.p.i.AbstractProblemLoader Environment load took 450.3ns 
536751     INFO  Test worker     d.u.i.k.p.i.AbstractProblemLoader Creating init config 
540252     DEBUG Test worker     d.u.i.k.p.i.AbstractProblemLoader Init config took 3.5s 
540284     INFO  Test worker     d.u.i.k.p.i.AbstractProblemLoader Replaying proof keyZipTest14761886995499877085.proof.gz 
540299     DEBUG Test worker     d.u.i.k.p.i.IntermediateProofReplayer Proof replay took 8.96ms 
]]></system-out>
  <system-err><![CDATA[]]></system-err>
</testsuite>
