<?xml version="1.0" encoding="UTF-8"?>
<testsuite name="de.uka.ilkd.key.parser.TestDeclParser" tests="14" skipped="2" failures="0" errors="0" timestamp="2023-04-24T14:02:39" hostname="fv-az405-611" time="14.051">
  <properties/>
  <testcase name="testGenericSortDecl1()" classname="de.uka.ilkd.key.parser.TestDeclParser" time="1.35"/>
  <testcase name="testGenericSortDecl2()" classname="de.uka.ilkd.key.parser.TestDeclParser" time="1.105"/>
  <testcase name="testGenericSortDecl3()" classname="de.uka.ilkd.key.parser.TestDeclParser" time="1.203"/>
  <testcase name="testGenericSortDecl4()" classname="de.uka.ilkd.key.parser.TestDeclParser" time="1.209"/>
  <testcase name="testGenericSortDecl5()" classname="de.uka.ilkd.key.parser.TestDeclParser" time="0.0">
    <skipped/>
  </testcase>
  <testcase name="testGenericSortDecl6()" classname="de.uka.ilkd.key.parser.TestDeclParser" time="1.037"/>
  <testcase name="testSortDecl()" classname="de.uka.ilkd.key.parser.TestDeclParser" time="1.159"/>
  <testcase name="testProxySortDecl()" classname="de.uka.ilkd.key.parser.TestDeclParser" time="1.118"/>
  <testcase name="testArrayDecl()" classname="de.uka.ilkd.key.parser.TestDeclParser" time="1.182"/>
  <testcase name="testAmbiguousDecls()" classname="de.uka.ilkd.key.parser.TestDeclParser" time="0.0">
    <skipped/>
  </testcase>
  <testcase name="testHeurDecl()" classname="de.uka.ilkd.key.parser.TestDeclParser" time="1.25"/>
  <testcase name="testFunctionDecl()" classname="de.uka.ilkd.key.parser.TestDeclParser" time="1.116"/>
  <testcase name="testPredicateDecl()" classname="de.uka.ilkd.key.parser.TestDeclParser" time="1.181"/>
  <testcase name="testSVDecl()" classname="de.uka.ilkd.key.parser.TestDeclParser" time="1.138"/>
  <system-out><![CDATA[263163     INFO  Test worker     d.u.i.k.n.KeyIO           Parsing took 0 ms 
263163     DEBUG Test worker     d.u.i.k.n.KeyIO           Load declarations of de.uka.ilkd.key.nparser.KeyAst$File:  <unknown>:1#1 
263163     INFO  Test worker     d.u.i.k.n.KeyIO           MODE: declarations took 0 ms 
263163     DEBUG Test worker     d.u.i.k.n.KeyIO           MODE: 2nd degree decls took 0 
263163     DEBUG Test worker     d.u.i.k.n.KeyIO           MODE: taclets took 0ms 
264273     INFO  Test worker     d.u.i.k.n.KeyIO           Parsing took 0 ms 
264273     DEBUG Test worker     d.u.i.k.n.KeyIO           Load declarations of de.uka.ilkd.key.nparser.KeyAst$File:  <unknown>:1#1 
264273     INFO  Test worker     d.u.i.k.n.KeyIO           MODE: declarations took 0 ms 
264273     DEBUG Test worker     d.u.i.k.n.KeyIO           MODE: 2nd degree decls took 0 
264273     DEBUG Test worker     d.u.i.k.n.KeyIO           MODE: taclets took 0ms 
265477     INFO  Test worker     d.u.i.k.n.KeyIO           Parsing took 0 ms 
265477     DEBUG Test worker     d.u.i.k.n.KeyIO           Load declarations of de.uka.ilkd.key.nparser.KeyAst$File:  <unknown>:1#1 
265477     INFO  Test worker     d.u.i.k.n.KeyIO           MODE: declarations took 0 ms 
265477     DEBUG Test worker     d.u.i.k.n.KeyIO           MODE: 2nd degree decls took 0 
265477     DEBUG Test worker     d.u.i.k.n.KeyIO           MODE: taclets took 0ms 
266680     INFO  Test worker     d.u.i.k.n.KeyIO           Parsing took 0 ms 
266680     DEBUG Test worker     d.u.i.k.n.KeyIO           Load declarations of de.uka.ilkd.key.nparser.KeyAst$File:  <unknown>:1#1 
266680     INFO  Test worker     d.u.i.k.n.KeyIO           MODE: declarations took 0 ms 
266680     DEBUG Test worker     d.u.i.k.n.KeyIO           MODE: 2nd degree decls took 0 
266680     DEBUG Test worker     d.u.i.k.n.KeyIO           MODE: taclets took 0ms 
267727     INFO  Test worker     d.u.i.k.n.KeyIO           Parsing took 0 ms 
267727     DEBUG Test worker     d.u.i.k.n.KeyIO           Load declarations of de.uka.ilkd.key.nparser.KeyAst$File:  <unknown>:1#1 
267727     INFO  Test worker     d.u.i.k.n.KeyIO           MODE: declarations took 0 ms 
267727     DEBUG Test worker     d.u.i.k.n.KeyIO           MODE: 2nd degree decls took 0 
267727     DEBUG Test worker     d.u.i.k.n.KeyIO           MODE: taclets took 0ms 
268885     INFO  Test worker     d.u.i.k.n.KeyIO           Parsing took 0 ms 
268885     DEBUG Test worker     d.u.i.k.n.KeyIO           Load declarations of de.uka.ilkd.key.nparser.KeyAst$File:  <unknown>:1#1 
268885     INFO  Test worker     d.u.i.k.n.KeyIO           MODE: declarations took 0 ms 
268885     DEBUG Test worker     d.u.i.k.n.KeyIO           MODE: 2nd degree decls took 0 
268885     DEBUG Test worker     d.u.i.k.n.KeyIO           MODE: taclets took 0ms 
269995     INFO  Test worker     d.u.i.k.n.KeyIO           Parsing took 0 ms 
269995     DEBUG Test worker     d.u.i.k.n.KeyIO           Load declarations of de.uka.ilkd.key.nparser.KeyAst$File:  <unknown>:1#1 
269995     INFO  Test worker     d.u.i.k.n.KeyIO           MODE: declarations took 0 ms 
269995     DEBUG Test worker     d.u.i.k.n.KeyIO           MODE: 2nd degree decls took 0 
269995     DEBUG Test worker     d.u.i.k.n.KeyIO           MODE: taclets took 0ms 
271168     INFO  Test worker     d.u.i.k.n.KeyIO           Parsing took 0 ms 
271168     DEBUG Test worker     d.u.i.k.n.KeyIO           Load declarations of de.uka.ilkd.key.nparser.KeyAst$File:  <unknown>:1#1 
271168     INFO  Test worker     d.u.i.k.n.KeyIO           MODE: declarations took 0 ms 
271168     DEBUG Test worker     d.u.i.k.n.KeyIO           MODE: 2nd degree decls took 0 
271168     DEBUG Test worker     d.u.i.k.n.KeyIO           MODE: taclets took 0ms 
272420     INFO  Test worker     d.u.i.k.n.KeyIO           Parsing took 0 ms 
272420     DEBUG Test worker     d.u.i.k.n.KeyIO           Load declarations of de.uka.ilkd.key.nparser.KeyAst$File:  <unknown>:1#1 
272420     INFO  Test worker     d.u.i.k.n.KeyIO           MODE: declarations took 0 ms 
272420     DEBUG Test worker     d.u.i.k.n.KeyIO           MODE: 2nd degree decls took 0 
272420     DEBUG Test worker     d.u.i.k.n.KeyIO           MODE: taclets took 0ms 
273545     INFO  Test worker     d.u.i.k.n.KeyIO           Parsing took 0 ms 
273545     DEBUG Test worker     d.u.i.k.n.KeyIO           Load declarations of de.uka.ilkd.key.nparser.KeyAst$File:  <unknown>:1#1 
273545     INFO  Test worker     d.u.i.k.n.KeyIO           MODE: declarations took 0 ms 
273545     DEBUG Test worker     d.u.i.k.n.KeyIO           MODE: 2nd degree decls took 0 
273545     DEBUG Test worker     d.u.i.k.n.KeyIO           MODE: taclets took 0ms 
274733     INFO  Test worker     d.u.i.k.n.KeyIO           Parsing took 0 ms 
274733     DEBUG Test worker     d.u.i.k.n.KeyIO           Load declarations of de.uka.ilkd.key.nparser.KeyAst$File:  <unknown>:1#1 
274733     INFO  Test worker     d.u.i.k.n.KeyIO           MODE: declarations took 0 ms 
274733     DEBUG Test worker     d.u.i.k.n.KeyIO           MODE: 2nd degree decls took 0 
274733     DEBUG Test worker     d.u.i.k.n.KeyIO           MODE: taclets took 0ms 
275875     INFO  Test worker     d.u.i.k.n.KeyIO           Parsing took 0 ms 
275875     DEBUG Test worker     d.u.i.k.n.KeyIO           Load declarations of de.uka.ilkd.key.nparser.KeyAst$File:  <unknown>:1#1 
275875     INFO  Test worker     d.u.i.k.n.KeyIO           MODE: declarations took 0 ms 
275875     DEBUG Test worker     d.u.i.k.n.KeyIO           MODE: 2nd degree decls took 0 
275875     DEBUG Test worker     d.u.i.k.n.KeyIO           MODE: taclets took 0ms 
]]></system-out>
  <system-err><![CDATA[]]></system-err>
</testsuite>
