<?xml version="1.0" encoding="UTF-8"?>
<testsuite name="de.uka.ilkd.key.rule.merge.PredicateAbstractionLatticeTests" tests="3" skipped="0" failures="0" errors="0" timestamp="2023-04-24T14:09:32" hostname="fv-az405-611" time="7.424">
  <properties/>
  <testcase name="testToAndFromString()" classname="de.uka.ilkd.key.rule.merge.PredicateAbstractionLatticeTests" time="3.688"/>
  <testcase name="testCreateSignLatticeWithPredicates()" classname="de.uka.ilkd.key.rule.merge.PredicateAbstractionLatticeTests" time="3.736"/>
  <testcase name="testTrivialPredicatesLattice()" classname="de.uka.ilkd.key.rule.merge.PredicateAbstractionLatticeTests" time="0.0"/>
  <system-out><![CDATA[674536     INFO  Test worker     d.u.i.k.p.i.AbstractProblemLoader Loading environment from src\test\resources\testcase\merge\dummy.key 
674536     DEBUG Test worker     d.u.i.k.p.i.AbstractProblemLoader Environment load took 139.1ns 
674552     INFO  Test worker     d.u.i.k.p.i.AbstractProblemLoader Creating init config 
678194     DEBUG Test worker     d.u.i.k.p.i.AbstractProblemLoader Init config took 3.65s 
678210     INFO  Test worker     d.u.i.k.p.i.AbstractProblemLoader Replaying proof dummy.key 
678226     DEBUG Test worker     d.u.i.k.p.i.IntermediateProofReplayer Proof replay took 8.8ns 
678226     INFO  Test worker     d.u.i.k.p.i.AbstractProblemLoader Loading environment from src\test\resources\testcase\merge\dummy.key 
678226     DEBUG Test worker     d.u.i.k.p.i.AbstractProblemLoader Environment load took 147.2ns 
678226     INFO  Test worker     d.u.i.k.p.i.AbstractProblemLoader Creating init config 
681946     DEBUG Test worker     d.u.i.k.p.i.AbstractProblemLoader Init config took 3.72s 
681962     INFO  Test worker     d.u.i.k.p.i.AbstractProblemLoader Replaying proof dummy.key 
681962     DEBUG Test worker     d.u.i.k.p.i.IntermediateProofReplayer Proof replay took 9.7ns 
]]></system-out>
  <system-err><![CDATA[]]></system-err>
</testsuite>
