<?xml version="1.0" encoding="UTF-8"?>
<testsuite name="de.uka.ilkd.key.taclettranslation.TestTacletTranslator" tests="5" skipped="0" failures="0" errors="0" timestamp="2023-04-24T14:14:57" hostname="fv-az405-611" time="0.031">
  <properties/>
  <testcase name="testPropositional1()" classname="de.uka.ilkd.key.taclettranslation.TestTacletTranslator" time="0.014"/>
  <testcase name="testPropositional2()" classname="de.uka.ilkd.key.taclettranslation.TestTacletTranslator" time="0.006"/>
  <testcase name="testNegativePolarity()" classname="de.uka.ilkd.key.taclettranslation.TestTacletTranslator" time="0.004"/>
  <testcase name="testNoPolarity()" classname="de.uka.ilkd.key.taclettranslation.TestTacletTranslator" time="0.004"/>
  <testcase name="testPositivePolarity()" classname="de.uka.ilkd.key.taclettranslation.TestTacletTranslator" time="0.003"/>
  <system-out><![CDATA[999813     INFO  Test worker     d.u.i.k.n.KeyIO           Parsing took 0 ms 
999813     DEBUG Test worker     d.u.i.k.n.KeyIO           Load declarations of de.uka.ilkd.key.nparser.KeyAst$File:  <unknown>:1#1 
999813     INFO  Test worker     d.u.i.k.n.KeyIO           MODE: declarations took 0 ms 
999813     DEBUG Test worker     d.u.i.k.n.KeyIO           MODE: 2nd degree decls took 0 
999813     DEBUG Test worker     d.u.i.k.n.KeyIO           MODE: taclets took 0ms 
999828     INFO  Test worker     d.u.i.k.n.KeyIO           Parsing took 0 ms 
999828     DEBUG Test worker     d.u.i.k.n.KeyIO           Load declarations of de.uka.ilkd.key.nparser.KeyAst$File:  <unknown>:1#1 
999828     INFO  Test worker     d.u.i.k.n.KeyIO           MODE: declarations took 0 ms 
999828     DEBUG Test worker     d.u.i.k.n.KeyIO           MODE: 2nd degree decls took 0 
999828     DEBUG Test worker     d.u.i.k.n.KeyIO           MODE: taclets took 0ms 
999828     INFO  Test worker     d.u.i.k.n.KeyIO           Parsing took 0 ms 
999828     DEBUG Test worker     d.u.i.k.n.KeyIO           Load declarations of de.uka.ilkd.key.nparser.KeyAst$File:  <unknown>:1#1 
999828     INFO  Test worker     d.u.i.k.n.KeyIO           MODE: declarations took 0 ms 
999828     DEBUG Test worker     d.u.i.k.n.KeyIO           MODE: 2nd degree decls took 0 
999828     DEBUG Test worker     d.u.i.k.n.KeyIO           MODE: taclets took 0ms 
999828     INFO  Test worker     d.u.i.k.n.KeyIO           Parsing took 0 ms 
999828     DEBUG Test worker     d.u.i.k.n.KeyIO           Load declarations of de.uka.ilkd.key.nparser.KeyAst$File:  <unknown>:1#1 
999828     INFO  Test worker     d.u.i.k.n.KeyIO           MODE: declarations took 0 ms 
999828     DEBUG Test worker     d.u.i.k.n.KeyIO           MODE: 2nd degree decls took 0 
999828     DEBUG Test worker     d.u.i.k.n.KeyIO           MODE: taclets took 0ms 
999828     INFO  Test worker     d.u.i.k.n.KeyIO           Parsing took 0 ms 
999828     DEBUG Test worker     d.u.i.k.n.KeyIO           Load declarations of de.uka.ilkd.key.nparser.KeyAst$File:  <unknown>:1#1 
999828     INFO  Test worker     d.u.i.k.n.KeyIO           MODE: declarations took 0 ms 
999828     DEBUG Test worker     d.u.i.k.n.KeyIO           MODE: 2nd degree decls took 0 
999844     DEBUG Test worker     d.u.i.k.n.KeyIO           MODE: taclets took 0ms 
]]></system-out>
  <system-err><![CDATA[]]></system-err>
</testsuite>
