<?xml version="1.0" encoding="UTF-8"?>
<testsuite name="de.uka.ilkd.key.parser.TestTermParserSorts" tests="2" skipped="0" failures="0" errors="0" timestamp="2023-04-24T14:06:59" hostname="fv-az405-611" time="3.472">
  <properties/>
  <testcase name="testParseIntegerArgs()" classname="de.uka.ilkd.key.parser.TestTermParserSorts" time="0.015"/>
  <testcase name="testParseSequencePrettySyntax()" classname="de.uka.ilkd.key.parser.TestTermParserSorts" time="0.002"/>
  <system-out><![CDATA[522117     INFO  Test worker     d.u.i.k.n.KeyIO           Parsing took 0 ms 
522117     DEBUG Test worker     d.u.i.k.n.KeyIO           Load declarations of de.uka.ilkd.key.nparser.KeyAst$File:  <unknown>:1#1 
522117     INFO  Test worker     d.u.i.k.n.KeyIO           MODE: declarations took 0 ms 
522117     DEBUG Test worker     d.u.i.k.n.KeyIO           MODE: 2nd degree decls took 0 
522117     INFO  Test worker     d.u.i.k.n.KeyIO           Parsing took 0 ms 
522117     DEBUG Test worker     d.u.i.k.n.KeyIO           Load declarations of de.uka.ilkd.key.nparser.KeyAst$File:  <unknown>:1#1 
522117     INFO  Test worker     d.u.i.k.n.KeyIO           MODE: declarations took 0 ms 
522117     DEBUG Test worker     d.u.i.k.n.KeyIO           MODE: 2nd degree decls took 0 
522117     INFO  Test worker     d.u.i.k.n.KeyIO           Parsing took 0 ms 
522117     DEBUG Test worker     d.u.i.k.n.KeyIO           Load declarations of de.uka.ilkd.key.nparser.KeyAst$File:  <unknown>:1#1 
522117     INFO  Test worker     d.u.i.k.n.KeyIO           MODE: declarations took 0 ms 
522117     DEBUG Test worker     d.u.i.k.n.KeyIO           MODE: 2nd degree decls took 0 
525587     INFO  Test worker     d.u.i.k.n.KeyIO           Parsing took 0 ms 
525587     DEBUG Test worker     d.u.i.k.n.KeyIO           Load declarations of de.uka.ilkd.key.nparser.KeyAst$File:  <unknown>:1#1 
525587     INFO  Test worker     d.u.i.k.n.KeyIO           MODE: declarations took 0 ms 
525587     DEBUG Test worker     d.u.i.k.n.KeyIO           MODE: 2nd degree decls took 0 
525587     INFO  Test worker     d.u.i.k.n.KeyIO           Parsing took 0 ms 
525587     DEBUG Test worker     d.u.i.k.n.KeyIO           Load declarations of de.uka.ilkd.key.nparser.KeyAst$File:  <unknown>:1#1 
525587     INFO  Test worker     d.u.i.k.n.KeyIO           MODE: declarations took 0 ms 
525587     DEBUG Test worker     d.u.i.k.n.KeyIO           MODE: 2nd degree decls took 0 
525587     INFO  Test worker     d.u.i.k.n.KeyIO           Parsing took 0 ms 
525587     DEBUG Test worker     d.u.i.k.n.KeyIO           Load declarations of de.uka.ilkd.key.nparser.KeyAst$File:  <unknown>:1#1 
525587     INFO  Test worker     d.u.i.k.n.KeyIO           MODE: declarations took 0 ms 
525587     DEBUG Test worker     d.u.i.k.n.KeyIO           MODE: 2nd degree decls took 0 
]]></system-out>
  <system-err><![CDATA[]]></system-err>
</testsuite>
