<?xml version="1.0" encoding="UTF-8"?>
<testsuite name="de.uka.ilkd.key.logic.TestClashFreeSubst" tests="14" skipped="2" failures="0" errors="0" timestamp="2023-04-24T13:59:05" hostname="fv-az405-611" time="60.073">
  <properties/>
  <testcase name="testMultiShareBound()" classname="de.uka.ilkd.key.logic.TestClashFreeSubst" time="1.198"/>
  <testcase name="testClash()" classname="de.uka.ilkd.key.logic.TestClashFreeSubst" time="1.175"/>
  <testcase name="testShare()" classname="de.uka.ilkd.key.logic.TestClashFreeSubst" time="1.105"/>
  <testcase name="testSubst()" classname="de.uka.ilkd.key.logic.TestClashFreeSubst" time="1.167"/>
  <testcase name="testWary0()" classname="de.uka.ilkd.key.logic.TestClashFreeSubst" time="1.087"/>
  <testcase name="testWary1()" classname="de.uka.ilkd.key.logic.TestClashFreeSubst" time="1.041"/>
  <testcase name="testWary2()" classname="de.uka.ilkd.key.logic.TestClashFreeSubst" time="1.068"/>
  <testcase name="testClashInSubstTerm()" classname="de.uka.ilkd.key.logic.TestClashFreeSubst" time="1.037"/>
  <testcase name="testShareWary()" classname="de.uka.ilkd.key.logic.TestClashFreeSubst" time="1.229"/>
  <testcase name="testMultiSubst()" classname="de.uka.ilkd.key.logic.TestClashFreeSubst" time="1.104"/>
  <testcase name="xtestMultiClash()" classname="de.uka.ilkd.key.logic.TestClashFreeSubst" time="0.0">
    <skipped/>
  </testcase>
  <testcase name="testSubstInSubstTerm()" classname="de.uka.ilkd.key.logic.TestClashFreeSubst" time="1.096"/>
  <testcase name="testSubstWary()" classname="de.uka.ilkd.key.logic.TestClashFreeSubst" time="1.085"/>
  <testcase name="xtestMultiClash1()" classname="de.uka.ilkd.key.logic.TestClashFreeSubst" time="0.0">
    <skipped/>
  </testcase>
  <system-out><![CDATA[48378      INFO  Test worker     d.u.i.k.n.KeyIO           Parsing took 0 ms 
48378      DEBUG Test worker     d.u.i.k.n.KeyIO           Load declarations of de.uka.ilkd.key.nparser.KeyAst$File:  <unknown>:1#1 
48378      INFO  Test worker     d.u.i.k.n.KeyIO           MODE: declarations took 0 ms 
48378      DEBUG Test worker     d.u.i.k.n.KeyIO           MODE: 2nd degree decls took 0 
49567      INFO  Test worker     d.u.i.k.n.KeyIO           Parsing took 0 ms 
49567      DEBUG Test worker     d.u.i.k.n.KeyIO           Load declarations of de.uka.ilkd.key.nparser.KeyAst$File:  <unknown>:1#1 
49567      INFO  Test worker     d.u.i.k.n.KeyIO           MODE: declarations took 0 ms 
49567      DEBUG Test worker     d.u.i.k.n.KeyIO           MODE: 2nd degree decls took 0 
53444      INFO  Test worker     d.u.i.k.n.KeyIO           Parsing took 0 ms 
53444      DEBUG Test worker     d.u.i.k.n.KeyIO           Load declarations of de.uka.ilkd.key.nparser.KeyAst$File:  <unknown>:1#1 
53459      INFO  Test worker     d.u.i.k.n.KeyIO           MODE: declarations took 15 ms 
53459      DEBUG Test worker     d.u.i.k.n.KeyIO           MODE: 2nd degree decls took 0 
54616      INFO  Test worker     d.u.i.k.n.KeyIO           Parsing took 0 ms 
54616      DEBUG Test worker     d.u.i.k.n.KeyIO           Load declarations of de.uka.ilkd.key.nparser.KeyAst$File:  <unknown>:1#1 
54616      INFO  Test worker     d.u.i.k.n.KeyIO           MODE: declarations took 0 ms 
54616      DEBUG Test worker     d.u.i.k.n.KeyIO           MODE: 2nd degree decls took 0 
58229      INFO  Test worker     d.u.i.k.n.KeyIO           Parsing took 0 ms 
58229      DEBUG Test worker     d.u.i.k.n.KeyIO           Load declarations of de.uka.ilkd.key.nparser.KeyAst$File:  <unknown>:1#1 
58229      INFO  Test worker     d.u.i.k.n.KeyIO           MODE: declarations took 0 ms 
58229      DEBUG Test worker     d.u.i.k.n.KeyIO           MODE: 2nd degree decls took 0 
59327      INFO  Test worker     d.u.i.k.n.KeyIO           Parsing took 0 ms 
59327      DEBUG Test worker     d.u.i.k.n.KeyIO           Load declarations of de.uka.ilkd.key.nparser.KeyAst$File:  <unknown>:1#1 
59327      INFO  Test worker     d.u.i.k.n.KeyIO           MODE: declarations took 0 ms 
59327      DEBUG Test worker     d.u.i.k.n.KeyIO           MODE: 2nd degree decls took 0 
62971      INFO  Test worker     d.u.i.k.n.KeyIO           Parsing took 0 ms 
62971      DEBUG Test worker     d.u.i.k.n.KeyIO           Load declarations of de.uka.ilkd.key.nparser.KeyAst$File:  <unknown>:1#1 
62971      INFO  Test worker     d.u.i.k.n.KeyIO           MODE: declarations took 0 ms 
62971      DEBUG Test worker     d.u.i.k.n.KeyIO           MODE: 2nd degree decls took 0 
64128      INFO  Test worker     d.u.i.k.n.KeyIO           Parsing took 0 ms 
64128      DEBUG Test worker     d.u.i.k.n.KeyIO           Load declarations of de.uka.ilkd.key.nparser.KeyAst$File:  <unknown>:1#1 
64128      INFO  Test worker     d.u.i.k.n.KeyIO           MODE: declarations took 0 ms 
64128      DEBUG Test worker     d.u.i.k.n.KeyIO           MODE: 2nd degree decls took 0 
67834      INFO  Test worker     d.u.i.k.n.KeyIO           Parsing took 0 ms 
67834      DEBUG Test worker     d.u.i.k.n.KeyIO           Load declarations of de.uka.ilkd.key.nparser.KeyAst$File:  <unknown>:1#1 
67834      INFO  Test worker     d.u.i.k.n.KeyIO           MODE: declarations took 0 ms 
67834      DEBUG Test worker     d.u.i.k.n.KeyIO           MODE: 2nd degree decls took 0 
68912      INFO  Test worker     d.u.i.k.n.KeyIO           Parsing took 0 ms 
68912      DEBUG Test worker     d.u.i.k.n.KeyIO           Load declarations of de.uka.ilkd.key.nparser.KeyAst$File:  <unknown>:1#1 
68912      INFO  Test worker     d.u.i.k.n.KeyIO           MODE: declarations took 0 ms 
68912      DEBUG Test worker     d.u.i.k.n.KeyIO           MODE: 2nd degree decls took 0 
72414      INFO  Test worker     d.u.i.k.n.KeyIO           Parsing took 0 ms 
72414      DEBUG Test worker     d.u.i.k.n.KeyIO           Load declarations of de.uka.ilkd.key.nparser.KeyAst$File:  <unknown>:1#1 
72414      INFO  Test worker     d.u.i.k.n.KeyIO           MODE: declarations took 0 ms 
72414      DEBUG Test worker     d.u.i.k.n.KeyIO           MODE: 2nd degree decls took 0 
73446      INFO  Test worker     d.u.i.k.n.KeyIO           Parsing took 0 ms 
73446      DEBUG Test worker     d.u.i.k.n.KeyIO           Load declarations of de.uka.ilkd.key.nparser.KeyAst$File:  <unknown>:1#1 
73446      INFO  Test worker     d.u.i.k.n.KeyIO           MODE: declarations took 0 ms 
73446      DEBUG Test worker     d.u.i.k.n.KeyIO           MODE: 2nd degree decls took 0 
76980      INFO  Test worker     d.u.i.k.n.KeyIO           Parsing took 0 ms 
76980      DEBUG Test worker     d.u.i.k.n.KeyIO           Load declarations of de.uka.ilkd.key.nparser.KeyAst$File:  <unknown>:1#1 
76980      INFO  Test worker     d.u.i.k.n.KeyIO           MODE: declarations took 0 ms 
76980      DEBUG Test worker     d.u.i.k.n.KeyIO           MODE: 2nd degree decls took 0 
78043      INFO  Test worker     d.u.i.k.n.KeyIO           Parsing took 16 ms 
78043      DEBUG Test worker     d.u.i.k.n.KeyIO           Load declarations of de.uka.ilkd.key.nparser.KeyAst$File:  <unknown>:1#1 
78043      INFO  Test worker     d.u.i.k.n.KeyIO           MODE: declarations took 0 ms 
78043      DEBUG Test worker     d.u.i.k.n.KeyIO           MODE: 2nd degree decls took 0 
81606      INFO  Test worker     d.u.i.k.n.KeyIO           Parsing took 0 ms 
81606      DEBUG Test worker     d.u.i.k.n.KeyIO           Load declarations of de.uka.ilkd.key.nparser.KeyAst$File:  <unknown>:1#1 
81606      INFO  Test worker     d.u.i.k.n.KeyIO           MODE: declarations took 0 ms 
81606      DEBUG Test worker     d.u.i.k.n.KeyIO           MODE: 2nd degree decls took 0 
82638      INFO  Test worker     d.u.i.k.n.KeyIO           Parsing took 0 ms 
82638      DEBUG Test worker     d.u.i.k.n.KeyIO           Load declarations of de.uka.ilkd.key.nparser.KeyAst$File:  <unknown>:1#1 
82638      INFO  Test worker     d.u.i.k.n.KeyIO           MODE: declarations took 0 ms 
82638      DEBUG Test worker     d.u.i.k.n.KeyIO           MODE: 2nd degree decls took 0 
86046      INFO  Test worker     d.u.i.k.n.KeyIO           Parsing took 0 ms 
86046      DEBUG Test worker     d.u.i.k.n.KeyIO           Load declarations of de.uka.ilkd.key.nparser.KeyAst$File:  <unknown>:1#1 
86046      INFO  Test worker     d.u.i.k.n.KeyIO           MODE: declarations took 0 ms 
86046      DEBUG Test worker     d.u.i.k.n.KeyIO           MODE: 2nd degree decls took 0 
87267      INFO  Test worker     d.u.i.k.n.KeyIO           Parsing took 0 ms 
87267      DEBUG Test worker     d.u.i.k.n.KeyIO           Load declarations of de.uka.ilkd.key.nparser.KeyAst$File:  <unknown>:1#1 
87267      INFO  Test worker     d.u.i.k.n.KeyIO           MODE: declarations took 0 ms 
87267      DEBUG Test worker     d.u.i.k.n.KeyIO           MODE: 2nd degree decls took 0 
91035      INFO  Test worker     d.u.i.k.n.KeyIO           Parsing took 0 ms 
91035      DEBUG Test worker     d.u.i.k.n.KeyIO           Load declarations of de.uka.ilkd.key.nparser.KeyAst$File:  <unknown>:1#1 
91035      INFO  Test worker     d.u.i.k.n.KeyIO           MODE: declarations took 0 ms 
91035      DEBUG Test worker     d.u.i.k.n.KeyIO           MODE: 2nd degree decls took 0 
92130      INFO  Test worker     d.u.i.k.n.KeyIO           Parsing took 16 ms 
92130      DEBUG Test worker     d.u.i.k.n.KeyIO           Load declarations of de.uka.ilkd.key.nparser.KeyAst$File:  <unknown>:1#1 
92130      INFO  Test worker     d.u.i.k.n.KeyIO           MODE: declarations took 0 ms 
92130      DEBUG Test worker     d.u.i.k.n.KeyIO           MODE: 2nd degree decls took 0 
99291      INFO  Test worker     d.u.i.k.n.KeyIO           Parsing took 0 ms 
99291      DEBUG Test worker     d.u.i.k.n.KeyIO           Load declarations of de.uka.ilkd.key.nparser.KeyAst$File:  <unknown>:1#1 
99291      INFO  Test worker     d.u.i.k.n.KeyIO           MODE: declarations took 0 ms 
99291      DEBUG Test worker     d.u.i.k.n.KeyIO           MODE: 2nd degree decls took 0 
100370     INFO  Test worker     d.u.i.k.n.KeyIO           Parsing took 0 ms 
100370     DEBUG Test worker     d.u.i.k.n.KeyIO           Load declarations of de.uka.ilkd.key.nparser.KeyAst$File:  <unknown>:1#1 
100370     INFO  Test worker     d.u.i.k.n.KeyIO           MODE: declarations took 0 ms 
100370     DEBUG Test worker     d.u.i.k.n.KeyIO           MODE: 2nd degree decls took 0 
103823     INFO  Test worker     d.u.i.k.n.KeyIO           Parsing took 0 ms 
103823     DEBUG Test worker     d.u.i.k.n.KeyIO           Load declarations of de.uka.ilkd.key.nparser.KeyAst$File:  <unknown>:1#1 
103823     INFO  Test worker     d.u.i.k.n.KeyIO           MODE: declarations took 0 ms 
103823     DEBUG Test worker     d.u.i.k.n.KeyIO           MODE: 2nd degree decls took 0 
104902     INFO  Test worker     d.u.i.k.n.KeyIO           Parsing took 0 ms 
104902     DEBUG Test worker     d.u.i.k.n.KeyIO           Load declarations of de.uka.ilkd.key.nparser.KeyAst$File:  <unknown>:1#1 
104902     INFO  Test worker     d.u.i.k.n.KeyIO           MODE: declarations took 0 ms 
104902     DEBUG Test worker     d.u.i.k.n.KeyIO           MODE: 2nd degree decls took 0 
]]></system-out>
  <system-err><![CDATA[]]></system-err>
</testsuite>
