<?xml version="1.0" encoding="UTF-8"?>
<testsuite name="de.uka.ilkd.key.logic.TestTermLabelManager" tests="21" skipped="0" failures="0" errors="0" timestamp="2023-04-24T14:00:33" hostname="fv-az405-611" time="68.862">
  <properties/>
  <testcase name="testInstantiateLabels_directChildPolicies_allRules()" classname="de.uka.ilkd.key.logic.TestTermLabelManager" time="5.347"/>
  <testcase name="testInstantiateLabels_childAndGrandchildPolicies_ruleSpecific()" classname="de.uka.ilkd.key.logic.TestTermLabelManager" time="3.563"/>
  <testcase name="testParseLabel()" classname="de.uka.ilkd.key.logic.TestTermLabelManager" time="3.628"/>
  <testcase name="testrefactorGoal_childrenAndGrandchildren_ruleSpecific()" classname="de.uka.ilkd.key.logic.TestTermLabelManager" time="3.462"/>
  <testcase name="testrefactorGoal_directChildren_allRules()" classname="de.uka.ilkd.key.logic.TestTermLabelManager" time="3.626"/>
  <testcase name="testInstantiateLabels_childAndGrandchildPolicies_allRules()" classname="de.uka.ilkd.key.logic.TestTermLabelManager" time="3.533"/>
  <testcase name="testInstantiateLabels_taclet()" classname="de.uka.ilkd.key.logic.TestTermLabelManager" time="3.548"/>
  <testcase name="testrefactorGoal_none_ruleSpecific()" classname="de.uka.ilkd.key.logic.TestTermLabelManager" time="3.628"/>
  <testcase name="testInstantiateLabels_updates_ruleSpecific()" classname="de.uka.ilkd.key.logic.TestTermLabelManager" time="3.721"/>
  <testcase name="testrefactorGoal_sequent_ruleSpecific()" classname="de.uka.ilkd.key.logic.TestTermLabelManager" time="3.407"/>
  <testcase name="testInstantiateLabels_updates_allRules()" classname="de.uka.ilkd.key.logic.TestTermLabelManager" time="3.408"/>
  <testcase name="testrefactorGoal_sequent_allRules()" classname="de.uka.ilkd.key.logic.TestTermLabelManager" time="3.487"/>
  <testcase name="testrefactorGoal_childrenAndGrandchildren_allRules()" classname="de.uka.ilkd.key.logic.TestTermLabelManager" time="3.517"/>
  <testcase name="testGetTermLabelManager()" classname="de.uka.ilkd.key.logic.TestTermLabelManager" time="0.004"/>
  <testcase name="testInstantiateLabels_applicationTermPolicies()" classname="de.uka.ilkd.key.logic.TestTermLabelManager" time="3.449"/>
  <testcase name="testInstantiateLabels_modalityTermPolicies()" classname="de.uka.ilkd.key.logic.TestTermLabelManager" time="3.58"/>
  <testcase name="testrefactorGoal_none_allRules()" classname="de.uka.ilkd.key.logic.TestTermLabelManager" time="3.47"/>
  <testcase name="testInstantiateLabels_null()" classname="de.uka.ilkd.key.logic.TestTermLabelManager" time="0.0"/>
  <testcase name="testrefactorGoal_directChildren_ruleSpecific()" classname="de.uka.ilkd.key.logic.TestTermLabelManager" time="3.464"/>
  <testcase name="testInstantiateLabels_directChildPolicies_ruleSpecific()" classname="de.uka.ilkd.key.logic.TestTermLabelManager" time="3.578"/>
  <testcase name="testGetSupportedTermLabelNames()" classname="de.uka.ilkd.key.logic.TestTermLabelManager" time="3.424"/>
  <system-out><![CDATA[135827     INFO  Test worker     d.u.i.k.p.i.AbstractProblemLoader Loading environment from src\test\resources\testcase\termLabels\flatSteps\FlatSteps.java 
135827     DEBUG Test worker     d.u.i.k.p.i.AbstractProblemLoader Environment load took 291.7ns 
135843     INFO  Test worker     d.u.i.k.p.i.AbstractProblemLoader Creating init config 
136108     DEBUG Test worker     d.u.i.k.j.TypeConverter   No LDT found for Meta 
136108     DEBUG Test worker     d.u.i.k.j.TypeConverter   No LDT found for Meta 
136108     DEBUG Test worker     d.u.i.k.j.TypeConverter   No LDT found for Meta 
136108     DEBUG Test worker     d.u.i.k.j.TypeConverter   No LDT found for Meta 
137093     DEBUG Test worker     d.u.i.k.j.TypeConverter   No LDT found for JavaBigintExpression 
141172     DEBUG Test worker     d.u.i.k.p.i.AbstractProblemLoader Init config took 5.33s 
141172     INFO  Test worker     d.u.i.k.p.i.AbstractProblemLoader Loading environment from src\test\resources\testcase\termLabels\flatSteps\FlatSteps.java 
141172     DEBUG Test worker     d.u.i.k.p.i.AbstractProblemLoader Environment load took 593.7ns 
141188     INFO  Test worker     d.u.i.k.p.i.AbstractProblemLoader Creating init config 
144736     DEBUG Test worker     d.u.i.k.p.i.AbstractProblemLoader Init config took 3.55s 
144736     INFO  Test worker     d.u.i.k.p.i.AbstractProblemLoader Loading environment from src\test\resources\testcase\termLabels\flatSteps\FlatSteps.java 
144736     DEBUG Test worker     d.u.i.k.p.i.AbstractProblemLoader Environment load took 311.3ns 
144736     INFO  Test worker     d.u.i.k.p.i.AbstractProblemLoader Creating init config 
148364     DEBUG Test worker     d.u.i.k.p.i.AbstractProblemLoader Init config took 3.62s 
148379     INFO  Test worker     d.u.i.k.p.i.AbstractProblemLoader Loading environment from src\test\resources\testcase\termLabels\flatSteps\FlatSteps.java 
148379     DEBUG Test worker     d.u.i.k.p.i.AbstractProblemLoader Environment load took 442ns 
148379     INFO  Test worker     d.u.i.k.p.i.AbstractProblemLoader Creating init config 
151810     DEBUG Test worker     d.u.i.k.p.i.AbstractProblemLoader Init config took 3.43s 
151826     INFO  Test worker     d.u.i.k.p.i.AbstractProblemLoader Loading environment from src\test\resources\testcase\termLabels\flatSteps\FlatSteps.java 
151826     DEBUG Test worker     d.u.i.k.p.i.AbstractProblemLoader Environment load took 211.2ns 
151826     INFO  Test worker     d.u.i.k.p.i.AbstractProblemLoader Creating init config 
155437     DEBUG Test worker     d.u.i.k.p.i.AbstractProblemLoader Init config took 3.61s 
155453     INFO  Test worker     d.u.i.k.p.i.AbstractProblemLoader Loading environment from src\test\resources\testcase\termLabels\flatSteps\FlatSteps.java 
155468     DEBUG Test worker     d.u.i.k.p.i.AbstractProblemLoader Environment load took 997.2ns 
155469     INFO  Test worker     d.u.i.k.p.i.AbstractProblemLoader Creating init config 
158987     DEBUG Test worker     d.u.i.k.p.i.AbstractProblemLoader Init config took 3.52s 
158987     INFO  Test worker     d.u.i.k.p.i.AbstractProblemLoader Loading environment from src\test\resources\testcase\termLabels\flatSteps\FlatSteps.java 
158987     DEBUG Test worker     d.u.i.k.p.i.AbstractProblemLoader Environment load took 606.1ns 
158987     INFO  Test worker     d.u.i.k.p.i.AbstractProblemLoader Creating init config 
162535     DEBUG Test worker     d.u.i.k.p.i.AbstractProblemLoader Init config took 3.54s 
162535     INFO  Test worker     d.u.i.k.p.i.AbstractProblemLoader Loading environment from src\test\resources\testcase\termLabels\flatSteps\FlatSteps.java 
162535     DEBUG Test worker     d.u.i.k.p.i.AbstractProblemLoader Environment load took 223.7ns 
162551     INFO  Test worker     d.u.i.k.p.i.AbstractProblemLoader Creating init config 
166147     DEBUG Test worker     d.u.i.k.p.i.AbstractProblemLoader Init config took 3.6s 
166163     INFO  Test worker     d.u.i.k.p.i.AbstractProblemLoader Loading environment from src\test\resources\testcase\termLabels\flatSteps\FlatSteps.java 
166163     DEBUG Test worker     d.u.i.k.p.i.AbstractProblemLoader Environment load took 2.46ms 
166163     INFO  Test worker     d.u.i.k.p.i.AbstractProblemLoader Creating init config 
169885     DEBUG Test worker     d.u.i.k.p.i.AbstractProblemLoader Init config took 3.71s 
169885     INFO  Test worker     d.u.i.k.p.i.AbstractProblemLoader Loading environment from src\test\resources\testcase\termLabels\flatSteps\FlatSteps.java 
169885     DEBUG Test worker     d.u.i.k.p.i.AbstractProblemLoader Environment load took 209.8ns 
169885     INFO  Test worker     d.u.i.k.p.i.AbstractProblemLoader Creating init config 
173276     DEBUG Test worker     d.u.i.k.p.i.AbstractProblemLoader Init config took 3.39s 
173292     INFO  Test worker     d.u.i.k.p.i.AbstractProblemLoader Loading environment from src\test\resources\testcase\termLabels\flatSteps\FlatSteps.java 
173292     DEBUG Test worker     d.u.i.k.p.i.AbstractProblemLoader Environment load took 213.6ns 
173307     INFO  Test worker     d.u.i.k.p.i.AbstractProblemLoader Creating init config 
176700     DEBUG Test worker     d.u.i.k.p.i.AbstractProblemLoader Init config took 3.4s 
176715     INFO  Test worker     d.u.i.k.p.i.AbstractProblemLoader Loading environment from src\test\resources\testcase\termLabels\flatSteps\FlatSteps.java 
176715     DEBUG Test worker     d.u.i.k.p.i.AbstractProblemLoader Environment load took 452.8ns 
176715     INFO  Test worker     d.u.i.k.p.i.AbstractProblemLoader Creating init config 
180172     DEBUG Test worker     d.u.i.k.p.i.AbstractProblemLoader Init config took 3.46s 
180187     INFO  Test worker     d.u.i.k.p.i.AbstractProblemLoader Loading environment from src\test\resources\testcase\termLabels\flatSteps\FlatSteps.java 
180187     DEBUG Test worker     d.u.i.k.p.i.AbstractProblemLoader Environment load took 357ns 
180187     INFO  Test worker     d.u.i.k.p.i.AbstractProblemLoader Creating init config 
183689     DEBUG Test worker     d.u.i.k.p.i.AbstractProblemLoader Init config took 3.5s 
183705     INFO  Test worker     d.u.i.k.p.i.AbstractProblemLoader Loading environment from src\test\resources\testcase\termLabels\flatSteps\FlatSteps.java 
183705     DEBUG Test worker     d.u.i.k.p.i.AbstractProblemLoader Environment load took 196.7ns 
183720     INFO  Test worker     d.u.i.k.p.i.AbstractProblemLoader Creating init config 
187161     DEBUG Test worker     d.u.i.k.p.i.AbstractProblemLoader Init config took 3.44s 
187161     INFO  Test worker     d.u.i.k.p.i.AbstractProblemLoader Loading environment from src\test\resources\testcase\termLabels\flatSteps\FlatSteps.java 
187161     DEBUG Test worker     d.u.i.k.p.i.AbstractProblemLoader Environment load took 213.6ns 
187176     INFO  Test worker     d.u.i.k.p.i.AbstractProblemLoader Creating init config 
190742     DEBUG Test worker     d.u.i.k.p.i.AbstractProblemLoader Init config took 3.57s 
190742     INFO  Test worker     d.u.i.k.p.i.AbstractProblemLoader Loading environment from src\test\resources\testcase\termLabels\flatSteps\FlatSteps.java 
190742     DEBUG Test worker     d.u.i.k.p.i.AbstractProblemLoader Environment load took 424ns 
190742     INFO  Test worker     d.u.i.k.p.i.AbstractProblemLoader Creating init config 
194197     DEBUG Test worker     d.u.i.k.p.i.AbstractProblemLoader Init config took 3.46s 
194228     INFO  Test worker     d.u.i.k.p.i.AbstractProblemLoader Loading environment from src\test\resources\testcase\termLabels\flatSteps\FlatSteps.java 
194228     DEBUG Test worker     d.u.i.k.p.i.AbstractProblemLoader Environment load took 576ns 
194228     INFO  Test worker     d.u.i.k.p.i.AbstractProblemLoader Creating init config 
197669     DEBUG Test worker     d.u.i.k.p.i.AbstractProblemLoader Init config took 3.45s 
197684     INFO  Test worker     d.u.i.k.p.i.AbstractProblemLoader Loading environment from src\test\resources\testcase\termLabels\flatSteps\FlatSteps.java 
197684     DEBUG Test worker     d.u.i.k.p.i.AbstractProblemLoader Environment load took 331.9ns 
197684     INFO  Test worker     d.u.i.k.p.i.AbstractProblemLoader Creating init config 
201263     DEBUG Test worker     d.u.i.k.p.i.AbstractProblemLoader Init config took 3.56s 
201263     INFO  Test worker     d.u.i.k.p.i.AbstractProblemLoader Loading environment from src\test\resources\testcase\termLabels\flatSteps\FlatSteps.java 
201263     DEBUG Test worker     d.u.i.k.p.i.AbstractProblemLoader Environment load took 255.5ns 
201263     INFO  Test worker     d.u.i.k.p.i.AbstractProblemLoader Creating init config 
204672     DEBUG Test worker     d.u.i.k.p.i.AbstractProblemLoader Init config took 3.41s 
]]></system-out>
  <system-err><![CDATA[]]></system-err>
</testsuite>
