<?xml version="1.0" encoding="UTF-8"?>
<testsuite name="de.uka.ilkd.key.testcase.smt.ce.TestCE" tests="12" skipped="0" failures="0" errors="0" timestamp="2023-04-18T11:06:11" hostname="fv-az269-753" time="12.972">
  <properties/>
  <testcase name="testOverFlow1()" classname="de.uka.ilkd.key.testcase.smt.ce.TestCE" time="0.09"/>
  <testcase name="testOverFlow2()" classname="de.uka.ilkd.key.testcase.smt.ce.TestCE" time="0.002"/>
  <testcase name="testMiddle()" classname="de.uka.ilkd.key.testcase.smt.ce.TestCE" time="12.814"/>
  <testcase name="testTypes1()" classname="de.uka.ilkd.key.testcase.smt.ce.TestCE" time="0.001"/>
  <testcase name="testTypes2()" classname="de.uka.ilkd.key.testcase.smt.ce.TestCE" time="0.001"/>
  <testcase name="testTypes3()" classname="de.uka.ilkd.key.testcase.smt.ce.TestCE" time="0.001"/>
  <testcase name="testTypes4()" classname="de.uka.ilkd.key.testcase.smt.ce.TestCE" time="0.038"/>
  <testcase name="testTypes5()" classname="de.uka.ilkd.key.testcase.smt.ce.TestCE" time="0.001"/>
  <testcase name="testTypes6()" classname="de.uka.ilkd.key.testcase.smt.ce.TestCE" time="0.002"/>
  <testcase name="testTypes7()" classname="de.uka.ilkd.key.testcase.smt.ce.TestCE" time="0.003"/>
  <testcase name="testTypes8()" classname="de.uka.ilkd.key.testcase.smt.ce.TestCE" time="0.001"/>
  <testcase name="testTypes9()" classname="de.uka.ilkd.key.testcase.smt.ce.TestCE" time="0.0"/>
  <system-out><![CDATA[11:06:10,803 |-INFO in ch.qos.logback.classic.LoggerContext[default] - This is logback-classic version 1.4.6
11:06:10,835 |-INFO in ch.qos.logback.classic.LoggerContext[default] - Could NOT find resource [logback-test.xml]
11:06:10,835 |-INFO in ch.qos.logback.classic.LoggerContext[default] - Found resource [logback.xml] at [file:/D:/a/key/key/key.core.testgen/build/resources/test/logback.xml]
11:06:10,960 |-INFO in ch.qos.logback.core.model.processor.AppenderModelHandler - Processing appender named [STDOUT]
11:06:10,960 |-INFO in ch.qos.logback.core.model.processor.AppenderModelHandler - About to instantiate appender of type [ch.qos.logback.core.ConsoleAppender]
11:06:10,976 |-WARN in ch.qos.logback.core.model.processor.ImplicitModelHandler - Ignoring unknown property [file] in [ch.qos.logback.core.ConsoleAppender]
11:06:10,976 |-WARN in ch.qos.logback.core.model.processor.ImplicitModelHandler - Ignoring unknown property [append] in [ch.qos.logback.core.ConsoleAppender]
11:06:10,976 |-INFO in ch.qos.logback.core.model.processor.ImplicitModelHandler - Assuming default type [ch.qos.logback.classic.encoder.PatternLayoutEncoder] for [encoder] property
11:06:11,023 |-INFO in ch.qos.logback.classic.model.processor.RootLoggerModelHandler - Setting level of ROOT logger to DEBUG
11:06:11,023 |-INFO in ch.qos.logback.core.model.processor.AppenderRefModelHandler - Attaching appender named [STDOUT] to Logger[ROOT]
11:06:11,023 |-INFO in ch.qos.logback.core.model.processor.DefaultProcessor@6bea52d4 - End of configuration.
11:06:11,023 |-INFO in ch.qos.logback.classic.joran.JoranConfigurator@11981797 - Registering current configuration as safe fallback point

391        WARN  Test worker     d.u.i.k.t.s.c.TestCE      Warning: Z3_CE is not installed, tests skipped. 
391        WARN  Test worker     d.u.i.k.t.s.c.TestCE      Maybe use JVM system property "z3SolverPath" to define the path to the Z3 command. 
428        WARN  Test worker     d.u.i.k.s.ProofIndependentSettings The settings in C:\Users\runneradmin\.key\proofIndependentSettings.props are *not* read due to flag 'key.disregardSettings' 
444        DEBUG Test worker     d.u.i.k.p.i.KeYFile       Reading KeY file src\test\resources\testcase\smt\ce\middle.key 
741        WARN  Test worker     d.u.i.k.s.ProofSettings   The settings in C:\Users\runneradmin\.key\proof-settings.props are *not* read. 
741        DEBUG Test worker     d.u.i.k.p.i.KeYFile       Reading KeY file jar:file:/D:/a/key/key/key.core/build/libs/key.core-2.11.0.jar!/de/uka/ilkd/key/proof/rules/standardRules.key 
885        DEBUG Test worker     d.u.i.k.p.i.KeYFile       Reading KeY file jar:file:/D:/a/key/key/key.core/build/libs/key.core-2.11.0.jar!/de/uka/ilkd/key/proof/rules/ldt.key 
900        DEBUG Test worker     d.u.i.k.p.i.KeYFile       Reading KeY file jar:file:/D:/a/key/key/key.core/build/libs/key.core-2.11.0.jar!/de/uka/ilkd/key/proof/rules/boolean.key 
916        DEBUG Test worker     d.u.i.k.p.i.KeYFile       Reading KeY file jar:file:/D:/a/key/key/key.core/build/libs/key.core-2.11.0.jar!/de/uka/ilkd/key/proof/rules/ruleSetsDeclarations.key 
978        DEBUG Test worker     d.u.i.k.p.i.KeYFile       Reading KeY file jar:file:/D:/a/key/key/key.core/build/libs/key.core-2.11.0.jar!/de/uka/ilkd/key/proof/rules/integerHeader.key 
978        DEBUG Test worker     d.u.i.k.p.i.KeYFile       Reading KeY file jar:file:/D:/a/key/key/key.core/build/libs/key.core-2.11.0.jar!/de/uka/ilkd/key/proof/rules/floatHeader.key 
994        DEBUG Test worker     d.u.i.k.p.i.KeYFile       Reading KeY file jar:file:/D:/a/key/key/key.core/build/libs/key.core-2.11.0.jar!/de/uka/ilkd/key/proof/rules/heap.key 
994        DEBUG Test worker     d.u.i.k.p.i.KeYFile       Reading KeY file jar:file:/D:/a/key/key/key.core/build/libs/key.core-2.11.0.jar!/de/uka/ilkd/key/proof/rules/locSets.key 
994        DEBUG Test worker     d.u.i.k.p.i.KeYFile       Reading KeY file jar:file:/D:/a/key/key/key.core/build/libs/key.core-2.11.0.jar!/de/uka/ilkd/key/proof/rules/permission.key 
994        DEBUG Test worker     d.u.i.k.p.i.KeYFile       Reading KeY file jar:file:/D:/a/key/key/key.core/build/libs/key.core-2.11.0.jar!/de/uka/ilkd/key/proof/rules/reach.key 
1010       DEBUG Test worker     d.u.i.k.p.i.KeYFile       Reading KeY file jar:file:/D:/a/key/key/key.core/build/libs/key.core-2.11.0.jar!/de/uka/ilkd/key/proof/rules/seq.key 
1010       DEBUG Test worker     d.u.i.k.p.i.KeYFile       Reading KeY file jar:file:/D:/a/key/key/key.core/build/libs/key.core-2.11.0.jar!/de/uka/ilkd/key/proof/rules/map.key 
1072       DEBUG Test worker     d.u.i.k.p.i.KeYFile       Reading KeY file jar:file:/D:/a/key/key/key.core/build/libs/key.core-2.11.0.jar!/de/uka/ilkd/key/proof/rules/freeADT.key 
1072       DEBUG Test worker     d.u.i.k.p.i.KeYFile       Reading KeY file jar:file:/D:/a/key/key/key.core/build/libs/key.core-2.11.0.jar!/de/uka/ilkd/key/proof/rules/wellfound.key 
1088       DEBUG Test worker     d.u.i.k.p.i.KeYFile       Reading KeY file jar:file:/D:/a/key/key/key.core/build/libs/key.core-2.11.0.jar!/de/uka/ilkd/key/proof/rules/charListHeader.key 
1297       DEBUG Test worker     d.u.i.k.p.i.KeYFile       Reading KeY file jar:file:/D:/a/key/key/key.core/build/libs/key.core-2.11.0.jar!/de/uka/ilkd/key/proof/rules/propRule.key 
1344       DEBUG Test worker     d.u.i.k.p.i.KeYFile       Reading KeY file jar:file:/D:/a/key/key/key.core/build/libs/key.core-2.11.0.jar!/de/uka/ilkd/key/proof/rules/firstOrderRules.key 
1375       DEBUG Test worker     d.u.i.k.p.i.KeYFile       Reading KeY file jar:file:/D:/a/key/key/key.core/build/libs/key.core-2.11.0.jar!/de/uka/ilkd/key/proof/rules/ifThenElseRules.key 
1407       DEBUG Test worker     d.u.i.k.p.i.KeYFile       Reading KeY file jar:file:/D:/a/key/key/key.core/build/libs/key.core-2.11.0.jar!/de/uka/ilkd/key/proof/rules/formulaNormalisationRules.key 
1532       DEBUG Test worker     d.u.i.k.p.i.KeYFile       Reading KeY file jar:file:/D:/a/key/key/key.core/build/libs/key.core-2.11.0.jar!/de/uka/ilkd/key/proof/rules/updateRules.key 
1563       DEBUG Test worker     d.u.i.k.p.i.KeYFile       Reading KeY file jar:file:/D:/a/key/key/key.core/build/libs/key.core-2.11.0.jar!/de/uka/ilkd/key/proof/rules/integerRulesCommon.key 
1695       DEBUG Test worker     d.u.i.k.p.i.KeYFile       Reading KeY file jar:file:/D:/a/key/key/key.core/build/libs/key.core-2.11.0.jar!/de/uka/ilkd/key/proof/rules/intRules.key 
1742       DEBUG Test worker     d.u.i.k.p.i.KeYFile       Reading KeY file jar:file:/D:/a/key/key/key.core/build/libs/key.core-2.11.0.jar!/de/uka/ilkd/key/proof/rules/intRulesUncheckedSemantics.key 
1758       DEBUG Test worker     d.u.i.k.p.i.KeYFile       Reading KeY file jar:file:/D:/a/key/key/key.core/build/libs/key.core-2.11.0.jar!/de/uka/ilkd/key/proof/rules/intRulesCheckedSemantics.key 
1774       DEBUG Test worker     d.u.i.k.p.i.KeYFile       Reading KeY file jar:file:/D:/a/key/key/key.core/build/libs/key.core-2.11.0.jar!/de/uka/ilkd/key/proof/rules/intRulesJavaSemantics.key 
1805       DEBUG Test worker     d.u.i.k.p.i.KeYFile       Reading KeY file jar:file:/D:/a/key/key/key.core/build/libs/key.core-2.11.0.jar!/de/uka/ilkd/key/proof/rules/integerSimplificationRules.key 
2071       DEBUG Test worker     d.u.i.k.j.TypeConverter   No LDT found for Meta 
2071       DEBUG Test worker     d.u.i.k.j.TypeConverter   No LDT found for Meta 
2071       DEBUG Test worker     d.u.i.k.j.TypeConverter   No LDT found for Meta 
2071       DEBUG Test worker     d.u.i.k.j.TypeConverter   No LDT found for Meta 
2117       DEBUG Test worker     d.u.i.k.p.i.KeYFile       Reading KeY file jar:file:/D:/a/key/key/key.core/build/libs/key.core-2.11.0.jar!/de/uka/ilkd/key/proof/rules/intDiv.key 
2249       DEBUG Test worker     d.u.i.k.p.i.KeYFile       Reading KeY file jar:file:/D:/a/key/key/key.core/build/libs/key.core-2.11.0.jar!/de/uka/ilkd/key/proof/rules/bsum.key 
2430       DEBUG Test worker     d.u.i.k.p.i.KeYFile       Reading KeY file jar:file:/D:/a/key/key/key.core/build/libs/key.core-2.11.0.jar!/de/uka/ilkd/key/proof/rules/bprod.key 
2493       DEBUG Test worker     d.u.i.k.p.i.KeYFile       Reading KeY file jar:file:/D:/a/key/key/key.core/build/libs/key.core-2.11.0.jar!/de/uka/ilkd/key/proof/rules/binaryAxioms.key 
2508       DEBUG Test worker     d.u.i.k.p.i.KeYFile       Reading KeY file jar:file:/D:/a/key/key/key.core/build/libs/key.core-2.11.0.jar!/de/uka/ilkd/key/proof/rules/binaryLemmas.key 
2524       DEBUG Test worker     d.u.i.k.p.i.KeYFile       Reading KeY file jar:file:/D:/a/key/key/key.core/build/libs/key.core-2.11.0.jar!/de/uka/ilkd/key/proof/rules/intPow.key 
2539       DEBUG Test worker     d.u.i.k.p.i.KeYFile       Reading KeY file jar:file:/D:/a/key/key/key.core/build/libs/key.core-2.11.0.jar!/de/uka/ilkd/key/proof/rules/floatRulesCommon.key 
2571       DEBUG Test worker     d.u.i.k.p.i.KeYFile       Reading KeY file jar:file:/D:/a/key/key/key.core/build/libs/key.core-2.11.0.jar!/de/uka/ilkd/key/proof/rules/floatRules.key 
2571       DEBUG Test worker     d.u.i.k.p.i.KeYFile       Reading KeY file jar:file:/D:/a/key/key/key.core/build/libs/key.core-2.11.0.jar!/de/uka/ilkd/key/proof/rules/floatRulesVerifyNormal.key 
2571       DEBUG Test worker     d.u.i.k.p.i.KeYFile       Reading KeY file jar:file:/D:/a/key/key/key.core/build/libs/key.core-2.11.0.jar!/de/uka/ilkd/key/proof/rules/floatRulesAssumeStrictfp.key 
2618       DEBUG Test worker     d.u.i.k.p.i.KeYFile       Reading KeY file jar:file:/D:/a/key/key/key.core/build/libs/key.core-2.11.0.jar!/de/uka/ilkd/key/proof/rules/genericRules.key 
2664       DEBUG Test worker     d.u.i.k.p.i.KeYFile       Reading KeY file jar:file:/D:/a/key/key/key.core/build/libs/key.core-2.11.0.jar!/de/uka/ilkd/key/proof/rules/booleanRules.key 
2664       DEBUG Test worker     d.u.i.k.p.i.KeYFile       Reading KeY file jar:file:/D:/a/key/key/key.core/build/libs/key.core-2.11.0.jar!/de/uka/ilkd/key/proof/rules/epsilon.key 
2664       DEBUG Test worker     d.u.i.k.p.i.KeYFile       Reading KeY file jar:file:/D:/a/key/key/key.core/build/libs/key.core-2.11.0.jar!/de/uka/ilkd/key/proof/rules/locSetsRules.key 
2758       DEBUG Test worker     d.u.i.k.p.i.KeYFile       Reading KeY file jar:file:/D:/a/key/key/key.core/build/libs/key.core-2.11.0.jar!/de/uka/ilkd/key/proof/rules/heapRules.key 
2899       DEBUG Test worker     d.u.i.k.p.i.KeYFile       Reading KeY file jar:file:/D:/a/key/key/key.core/build/libs/key.core-2.11.0.jar!/de/uka/ilkd/key/proof/rules/permissionRules.key 
2946       DEBUG Test worker     d.u.i.k.p.i.KeYFile       Reading KeY file jar:file:/D:/a/key/key/key.core/build/libs/key.core-2.11.0.jar!/de/uka/ilkd/key/proof/rules/reachRules.key 
3008       DEBUG Test worker     d.u.i.k.p.i.KeYFile       Reading KeY file jar:file:/D:/a/key/key/key.core/build/libs/key.core-2.11.0.jar!/de/uka/ilkd/key/proof/rules/seqCoreRules.key 
3008       DEBUG Test worker     d.u.i.k.p.i.KeYFile       Reading KeY file jar:file:/D:/a/key/key/key.core/build/libs/key.core-2.11.0.jar!/de/uka/ilkd/key/proof/rules/seqRules.key 
3102       DEBUG Test worker     d.u.i.k.p.i.KeYFile       Reading KeY file jar:file:/D:/a/key/key/key.core/build/libs/key.core-2.11.0.jar!/de/uka/ilkd/key/proof/rules/seqPerm.key 
3165       DEBUG Test worker     d.u.i.k.p.i.KeYFile       Reading KeY file jar:file:/D:/a/key/key/key.core/build/libs/key.core-2.11.0.jar!/de/uka/ilkd/key/proof/rules/seqPerm2.key 
3180       DEBUG Test worker     d.u.i.k.p.i.KeYFile       Reading KeY file jar:file:/D:/a/key/key/key.core/build/libs/key.core-2.11.0.jar!/de/uka/ilkd/key/proof/rules/javaRules.key 
3493       DEBUG Test worker     d.u.i.k.p.i.KeYFile       Reading KeY file jar:file:/D:/a/key/key/key.core/build/libs/key.core-2.11.0.jar!/de/uka/ilkd/key/proof/rules/assertions.key 
4286       DEBUG Test worker     d.u.i.k.p.i.KeYFile       Reading KeY file jar:file:/D:/a/key/key/key.core/build/libs/key.core-2.11.0.jar!/de/uka/ilkd/key/proof/rules/loopRules.key 
4380       DEBUG Test worker     d.u.i.k.p.i.KeYFile       Reading KeY file jar:file:/D:/a/key/key/key.core/build/libs/key.core-2.11.0.jar!/de/uka/ilkd/key/proof/rules/activeUse.key 
4458       DEBUG Test worker     d.u.i.k.p.i.KeYFile       Reading KeY file jar:file:/D:/a/key/key/key.core/build/libs/key.core-2.11.0.jar!/de/uka/ilkd/key/proof/rules/instanceAllocation.key 
4474       DEBUG Test worker     d.u.i.k.p.i.KeYFile       Reading KeY file jar:file:/D:/a/key/key/key.core/build/libs/key.core-2.11.0.jar!/de/uka/ilkd/key/proof/rules/java5.key 
4490       DEBUG Test worker     d.u.i.k.p.i.KeYFile       Reading KeY file jar:file:/D:/a/key/key/key.core/build/libs/key.core-2.11.0.jar!/de/uka/ilkd/key/proof/rules/integerAssignment2UpdateRules.key 
4552       DEBUG Test worker     d.u.i.k.p.i.KeYFile       Reading KeY file jar:file:/D:/a/key/key/key.core/build/libs/key.core-2.11.0.jar!/de/uka/ilkd/key/proof/rules/floatAssignment2UpdateRules.key 
4599       DEBUG Test worker     d.u.i.k.p.i.KeYFile       Reading KeY file jar:file:/D:/a/key/key/key.core/build/libs/key.core-2.11.0.jar!/de/uka/ilkd/key/proof/rules/bigint.key 
4615       DEBUG Test worker     d.u.i.k.j.TypeConverter   No LDT found for JavaBigintExpression 
4630       DEBUG Test worker     d.u.i.k.p.i.KeYFile       Reading KeY file jar:file:/D:/a/key/key/key.core/build/libs/key.core-2.11.0.jar!/de/uka/ilkd/key/proof/rules/adtProgramDecompositionRules.key 
4646       DEBUG Test worker     d.u.i.k.p.i.KeYFile       Reading KeY file jar:file:/D:/a/key/key/key.core/build/libs/key.core-2.11.0.jar!/de/uka/ilkd/key/proof/rules/precRules.key 
4646       DEBUG Test worker     d.u.i.k.p.i.KeYFile       Reading KeY file jar:file:/D:/a/key/key/key.core/build/libs/key.core-2.11.0.jar!/de/uka/ilkd/key/proof/rules/charListRules.key 
4677       DEBUG Test worker     d.u.i.k.p.i.KeYFile       Reading KeY file jar:file:/D:/a/key/key/key.core/build/libs/key.core-2.11.0.jar!/de/uka/ilkd/key/proof/rules/regExTheory.key 
4677       DEBUG Test worker     d.u.i.k.p.i.KeYFile       Reading KeY file jar:file:/D:/a/key/key/key.core/build/libs/key.core-2.11.0.jar!/de/uka/ilkd/key/proof/rules/regExHeader.key 
4677       DEBUG Test worker     d.u.i.k.p.i.KeYFile       Reading KeY file jar:file:/D:/a/key/key/key.core/build/libs/key.core-2.11.0.jar!/de/uka/ilkd/key/proof/rules/regExAxioms.key 
4677       DEBUG Test worker     d.u.i.k.p.i.KeYFile       Reading KeY file jar:file:/D:/a/key/key/key.core/build/libs/key.core-2.11.0.jar!/de/uka/ilkd/key/proof/rules/regExLemmaProven.key 
4708       DEBUG Test worker     d.u.i.k.p.i.KeYFile       Reading KeY file jar:file:/D:/a/key/key/key.core/build/libs/key.core-2.11.0.jar!/de/uka/ilkd/key/proof/rules/seqEq.key 
4708       DEBUG Test worker     d.u.i.k.p.i.KeYFile       Reading KeY file jar:file:/D:/a/key/key/key.core/build/libs/key.core-2.11.0.jar!/de/uka/ilkd/key/proof/rules/infFlow.key 
4740       DEBUG Test worker     d.u.i.k.p.i.KeYFile       Reading KeY file jar:file:/D:/a/key/key/key.core/build/libs/key.core-2.11.0.jar!/de/uka/ilkd/key/proof/rules/mapSize.key 
4755       DEBUG Test worker     d.u.i.k.p.i.KeYFile       Reading KeY file jar:file:/D:/a/key/key/key.core/build/libs/key.core-2.11.0.jar!/de/uka/ilkd/key/proof/rules/wd.key 
4755       DEBUG Test worker     d.u.i.k.p.i.KeYFile       Reading KeY file jar:file:/D:/a/key/key/key.core/build/libs/key.core-2.11.0.jar!/de/uka/ilkd/key/proof/rules/wdHeader.key 
4755       DEBUG Test worker     d.u.i.k.p.i.KeYFile       Reading KeY file jar:file:/D:/a/key/key/key.core/build/libs/key.core-2.11.0.jar!/de/uka/ilkd/key/proof/rules/wdGeneralRules.key 
4771       DEBUG Test worker     d.u.i.k.p.i.KeYFile       Reading KeY file jar:file:/D:/a/key/key/key.core/build/libs/key.core-2.11.0.jar!/de/uka/ilkd/key/proof/rules/wdNumericalRules.key 
4786       DEBUG Test worker     d.u.i.k.p.i.KeYFile       Reading KeY file jar:file:/D:/a/key/key/key.core/build/libs/key.core-2.11.0.jar!/de/uka/ilkd/key/proof/rules/wdLocSetRules.key 
4802       DEBUG Test worker     d.u.i.k.p.i.KeYFile       Reading KeY file jar:file:/D:/a/key/key/key.core/build/libs/key.core-2.11.0.jar!/de/uka/ilkd/key/proof/rules/wdHeapRules.key 
4802       DEBUG Test worker     d.u.i.k.p.i.KeYFile       Reading KeY file jar:file:/D:/a/key/key/key.core/build/libs/key.core-2.11.0.jar!/de/uka/ilkd/key/proof/rules/wdReachRules.key 
4802       DEBUG Test worker     d.u.i.k.p.i.KeYFile       Reading KeY file jar:file:/D:/a/key/key/key.core/build/libs/key.core-2.11.0.jar!/de/uka/ilkd/key/proof/rules/wdSeqRules.key 
4802       DEBUG Test worker     d.u.i.k.p.i.KeYFile       Reading KeY file jar:file:/D:/a/key/key/key.core/build/libs/key.core-2.11.0.jar!/de/uka/ilkd/key/proof/rules/wdStringRules.key 
4818       DEBUG Test worker     d.u.i.k.p.i.KeYFile       Reading KeY file jar:file:/D:/a/key/key/key.core/build/libs/key.core-2.11.0.jar!/de/uka/ilkd/key/proof/rules/wdRegExRules.key 
4818       DEBUG Test worker     d.u.i.k.p.i.KeYFile       Reading KeY file jar:file:/D:/a/key/key/key.core/build/libs/key.core-2.11.0.jar!/de/uka/ilkd/key/proof/rules/wdFormulaRules.key 
4865       DEBUG Test worker     d.u.i.k.p.i.KeYFile       Reading KeY file jar:file:/D:/a/key/key/key.core/build/libs/key.core-2.11.0.jar!/de/uka/ilkd/key/proof/rules/loopInvariantRules.key 
4865       DEBUG Test worker     d.u.i.k.p.i.KeYFile       Reading KeY file jar:file:/D:/a/key/key/key.core/build/libs/key.core-2.11.0.jar!/de/uka/ilkd/key/proof/rules/forLoopRules.key 
4865       DEBUG Test worker     d.u.i.k.p.i.KeYFile       Reading KeY file jar:file:/D:/a/key/key/key.core/build/libs/key.core-2.11.0.jar!/de/uka/ilkd/key/proof/rules/execRules.key 
4990       DEBUG Test worker     d.u.i.k.p.i.KeYFile       Reading KeY file jar:file:/D:/a/key/key/key.core/build/libs/key.core-2.11.0.jar!/de/uka/ilkd/key/proof/rules/loopScopeRules.key 
8003       DEBUG Test worker     d.u.i.k.j.Recoder2KeY     converting now D:\a\key\key\key.core.testgen\src\test\resources\testcase\smt\ce\src\Middle.java 
8019       DEBUG Test worker     d.u.i.k.j.Recoder2KeY     converting now D:\a\key\key\key.core.testgen\src\test\resources\testcase\smt\ce\src\Test.java 
8059       DEBUG Test worker     d.u.i.k.s.TermLabelSettings TermLabelSettings: Failure while reading the setting "UseOriginLabels".Using the default value: true.The string read was: null 
8066       DEBUG Test worker     d.u.i.k.p.i.KeYFile       Reading KeY file jar:file:/D:/a/key/key/key.core/build/libs/key.core-2.11.0.jar!/de/uka/ilkd/key/java/JavaRedux/java/lang/String.key 
10725      DEBUG Test worker     d.u.i.k.p.i.IntermediateProofReplayer Proof replay took 47.9ns 
10725      DEBUG Test worker     d.u.i.k.p.i.KeYFile       Reading KeY file src\test\resources\testcase\smt\ce\middle.key 
]]></system-out>
  <system-err><![CDATA[]]></system-err>
</testsuite>
