<?xml version="1.0" encoding="UTF-8"?>
<testsuite name="de.uka.ilkd.key.testcase.smt.testgen.TestTestgen" tests="1" skipped="0" failures="0" errors="0" timestamp="2023-04-21T08:03:57" hostname="fv-az206-437" time="6.104">
  <properties/>
  <testcase name="testMiddle()" classname="de.uka.ilkd.key.testcase.smt.testgen.TestTestgen" time="6.104"/>
  <system-out><![CDATA[20258      WARN  Test worker     d.u.i.k.t.s.t.TestTestgen Warning: Z3_CE is not installed, tests skipped. 
20414      WARN  Test worker     d.u.i.k.t.s.t.TestTestgen Maybe use JVM system property "z3SolverPath" to define the path to the Z3 command. 
20508      INFO  Test worker     d.u.i.k.p.i.AbstractProblemLoader Loading environment from src\test\resources\testcase\smt\tg\middle.key 
20508      DEBUG Test worker     d.u.i.k.p.i.AbstractProblemLoader Environment load took 313.3ns 
20508      INFO  Test worker     d.u.i.k.p.i.AbstractProblemLoader Creating init config 
25191      DEBUG Test worker     d.u.i.k.p.i.AbstractProblemLoader Init config took 4.67s 
25378      INFO  Test worker     d.u.i.k.p.i.AbstractProblemLoader Replaying proof Middle[Middle::middle(int,int,int)].JML normal_behavior operation contract.0 
25378      DEBUG Test worker     d.u.i.k.p.i.IntermediateProofReplayer Proof replay took 16.5ns 
]]></system-out>
  <system-err><![CDATA[]]></system-err>
</testsuite>
