<?xml version="1.0" encoding="UTF-8"?>
<testsuite name="de.uka.ilkd.key.testcase.smt.testgen.TestTestgen" tests="1" skipped="0" failures="0" errors="0" timestamp="2023-04-25T08:01:06" hostname="fv-az571-371" time="4.49">
  <properties/>
  <testcase name="testMiddle()" classname="de.uka.ilkd.key.testcase.smt.testgen.TestTestgen" time="4.49"/>
  <system-out><![CDATA[15010      WARN  Test worker     d.u.i.k.t.s.t.TestTestgen Warning: Z3_CE is not installed, tests skipped. 
15011      WARN  Test worker     d.u.i.k.t.s.t.TestTestgen Maybe use JVM system property "z3SolverPath" to define the path to the Z3 command. 
15013      INFO  Test worker     d.u.i.k.p.i.AbstractProblemLoader Loading environment from src/test/resources/testcase/smt/tg/middle.key 
15014      DEBUG Test worker     d.u.i.k.p.i.AbstractProblemLoader Environment load took 412.8ns 
15018      INFO  Test worker     d.u.i.k.p.i.AbstractProblemLoader Creating init config 
18767      DEBUG Test worker     d.u.i.k.p.i.AbstractProblemLoader Init config took 3.75s 
18873      INFO  Test worker     d.u.i.k.p.i.AbstractProblemLoader Replaying proof Middle[Middle::middle(int,int,int)].JML normal_behavior operation contract.0 
18880      DEBUG Test worker     d.u.i.k.p.i.IntermediateProofReplayer Proof replay took 14.6ns 
]]></system-out>
  <system-err><![CDATA[]]></system-err>
</testsuite>
