<?xml version="1.0" encoding="UTF-8"?>
<testsuite name="de.uka.ilkd.key.testcase.smt.testgen.TestTestgen" tests="1" skipped="0" failures="0" errors="0" timestamp="2023-05-29T21:19:14" hostname="fv-az449-897" time="3.759">
  <properties/>
  <testcase name="testMiddle()" classname="de.uka.ilkd.key.testcase.smt.testgen.TestTestgen" time="3.759"/>
  <system-out><![CDATA[13528      WARN  Test worker     d.u.i.k.t.s.t.TestTestgen Warning: Z3_CE is not installed, tests skipped. 
13528      WARN  Test worker     d.u.i.k.t.s.t.TestTestgen Maybe use JVM system property "z3SolverPath" to define the path to the Z3 command. 
13544      INFO  Test worker     d.u.i.k.p.i.AbstractProblemLoader Loading environment from src\test\resources\testcase\smt\tg\middle.key 
13544      DEBUG Test worker     d.u.i.k.p.i.AbstractProblemLoader Environment load took 231.1ns 
13544      INFO  Test worker     d.u.i.k.p.i.AbstractProblemLoader Creating init config 
16710      DEBUG Test worker     d.u.i.k.p.i.AbstractProblemLoader Init config took 3.17s 
16804      INFO  Test worker     d.u.i.k.p.i.AbstractProblemLoader Replaying proof Middle[Middle::middle(int,int,int)].JML normal_behavior operation contract.0 
16804      DEBUG Test worker     d.u.i.k.p.i.IntermediateProofReplayer Proof replay took 14.5ns 
]]></system-out>
  <system-err><![CDATA[]]></system-err>
</testsuite>
