<?xml version="1.0" encoding="UTF-8"?>
<testsuite name="de.uka.ilkd.key.speclang.jml.pretranslation.TextualJMLAssertStatementTest" tests="1" skipped="0" failures="0" errors="0" timestamp="2023-03-27T21:17:10" hostname="fv-az362-942" time="0.005">
  <properties/>
  <testcase name="testTextRepr()" classname="de.uka.ilkd.key.speclang.jml.pretranslation.TextualJMLAssertStatementTest" time="0.005"/>
  <system-out><![CDATA[]]></system-out>
  <system-err><![CDATA[]]></system-err>
</testsuite>
