<?xml version="1.0" encoding="UTF-8"?>
<testsuite name="de.uka.ilkd.key.proof_references.testcase.analyst.TestContractProofReferencesAnalyst" tests="1" skipped="0" failures="0" errors="0" timestamp="2023-04-05T13:30:44" hostname="fv-az364-820" time="3.384">
  <properties/>
  <testcase name="testUseOperationContracts()" classname="de.uka.ilkd.key.proof_references.testcase.analyst.TestContractProofReferencesAnalyst" time="3.384"/>
  <system-out><![CDATA[]]></system-out>
  <system-err><![CDATA[]]></system-err>
</testsuite>
