<?xml version="1.0" encoding="UTF-8"?>
<testsuite name="de.uka.ilkd.key.proof_references.testcase.TestKeYTypeUtil" tests="4" skipped="0" failures="0" errors="0" timestamp="2023-04-05T13:29:41" hostname="fv-az364-820" time="23.07">
  <properties/>
  <testcase name="testGetType()" classname="de.uka.ilkd.key.proof_references.testcase.TestKeYTypeUtil" time="12.09"/>
  <testcase name="testIsInnerType()" classname="de.uka.ilkd.key.proof_references.testcase.TestKeYTypeUtil" time="3.728"/>
  <testcase name="testGetParentName()" classname="de.uka.ilkd.key.proof_references.testcase.TestKeYTypeUtil" time="3.593"/>
  <testcase name="testIsType()" classname="de.uka.ilkd.key.proof_references.testcase.TestKeYTypeUtil" time="3.655"/>
  <system-out><![CDATA[13:29:41,670 |-INFO in ch.qos.logback.classic.LoggerContext[default] - This is logback-classic version 1.4.6
13:29:41,724 |-INFO in ch.qos.logback.classic.LoggerContext[default] - Could NOT find resource [logback-test.xml]
13:29:41,739 |-INFO in ch.qos.logback.classic.LoggerContext[default] - Found resource [logback.xml] at [file:/home/runner/work/key/key/key.core.proof_references/build/resources/test/logback.xml]
13:29:42,172 |-INFO in ch.qos.logback.core.model.processor.AppenderModelHandler - Processing appender named [STDOUT]
13:29:42,173 |-INFO in ch.qos.logback.core.model.processor.AppenderModelHandler - About to instantiate appender of type [ch.qos.logback.core.ConsoleAppender]
13:29:42,188 |-WARN in ch.qos.logback.core.model.processor.ImplicitModelHandler - Ignoring unknown property [file] in [ch.qos.logback.core.ConsoleAppender]
13:29:42,188 |-WARN in ch.qos.logback.core.model.processor.ImplicitModelHandler - Ignoring unknown property [append] in [ch.qos.logback.core.ConsoleAppender]
13:29:42,189 |-INFO in ch.qos.logback.core.model.processor.ImplicitModelHandler - Assuming default type [ch.qos.logback.classic.encoder.PatternLayoutEncoder] for [encoder] property
13:29:42,209 |-INFO in ch.qos.logback.classic.model.processor.RootLoggerModelHandler - Setting level of ROOT logger to WARN
13:29:42,214 |-INFO in ch.qos.logback.core.model.processor.AppenderRefModelHandler - Attaching appender named [STDOUT] to Logger[ROOT]
13:29:42,215 |-INFO in ch.qos.logback.core.model.processor.DefaultProcessor@578524c3 - End of configuration.
13:29:42,216 |-INFO in ch.qos.logback.classic.joran.JoranConfigurator@64c2b546 - Registering current configuration as safe fallback point

1036       WARN  Test worker     d.u.i.k.s.ProofSettings   No proof-settings could be loaded, using defaults java.io.FileNotFoundException: /home/runner/.key/proof-settings.props (No such file or directory)
	at java.base/java.io.FileInputStream.open0(Native Method)

]]></system-out>
  <system-err><![CDATA[]]></system-err>
</testsuite>
