<?xml version="1.0" encoding="UTF-8"?>
<testsuite name="de.uka.ilkd.key.proof.runallproofs.RunAllProofsInfFlow" tests="30" skipped="0" failures="29" errors="0" timestamp="2023-02-06T17:28:29" hostname="fv-az553-307" time="31.516">
  <properties/>
  <testcase name="ToyVoting" classname="de.uka.ilkd.key.proof.runallproofs.RunAllProofsInfFlow" time="1.09">
    <failure message="org.opentest4j.AssertionFailedError: Executed process terminated with non-zero exit value. ==&gt; expected: &lt;0&gt; but was: &lt;1&gt;" type="org.opentest4j.AssertionFailedError">org.opentest4j.AssertionFailedError: Executed process terminated with non-zero exit value. ==&gt; expected: &lt;0&gt; but was: &lt;1&gt;
	at app//org.junit.jupiter.api.AssertionUtils.fail(AssertionUtils.java:55)
	at app//org.junit.jupiter.api.AssertionUtils.failNotEqual(AssertionUtils.java:62)
	at app//org.junit.jupiter.api.AssertEquals.assertEquals(AssertEquals.java:150)
	at app//org.junit.jupiter.api.Assertions.assertEquals(Assertions.java:559)
	at app//de.uka.ilkd.key.proof.runallproofs.proofcollection.ForkedTestFileRunner.processTestFiles(ForkedTestFileRunner.java:129)
	at app//de.uka.ilkd.key.proof.runallproofs.RunAllProofsTestUnit.runTest(RunAllProofsTestUnit.java:85)
	at app//de.uka.ilkd.key.proof.runallproofs.RunAllProofsTest.lambda$data$0(RunAllProofsTest.java:83)
	at app//org.junit.jupiter.engine.descriptor.DynamicTestTestDescriptor.lambda$execute$0(DynamicTestTestDescriptor.java:53)
	at app//org.junit.jupiter.engine.execution.InvocationInterceptorChain$ValidatingInvocation.proceed(InvocationInterceptorChain.java:131)
	at app//org.junit.jupiter.api.extension.InvocationInterceptor.interceptDynamicTest(InvocationInterceptor.java:167)
	at app//org.junit.jupiter.api.extension.InvocationInterceptor.interceptDynamicTest(InvocationInterceptor.java:184)
	at app//org.junit.jupiter.engine.descriptor.DynamicTestTestDescriptor.lambda$execute$1(DynamicTestTestDescriptor.java:61)
	at app//org.junit.jupiter.engine.execution.InvocationInterceptorChain$InterceptorCall.lambda$ofVoid$0(InvocationInterceptorChain.java:78)
	at app//org.junit.jupiter.engine.execution.InvocationInterceptorChain$InterceptedInvocation.proceed(InvocationInterceptorChain.java:106)
	at app//org.junit.jupiter.engine.execution.InvocationInterceptorChain.proceed(InvocationInterceptorChain.java:64)
	at app//org.junit.jupiter.engine.execution.InvocationInterceptorChain.chainAndInvoke(InvocationInterceptorChain.java:45)
	at app//org.junit.jupiter.engine.execution.InvocationInterceptorChain.invoke(InvocationInterceptorChain.java:37)
	at app//org.junit.jupiter.engine.descriptor.DynamicTestTestDescriptor.execute(DynamicTestTestDescriptor.java:60)
	at app//org.junit.jupiter.engine.descriptor.DynamicTestTestDescriptor.execute(DynamicTestTestDescriptor.java:32)
	at app//org.junit.platform.engine.support.hierarchical.NodeTestTask.lambda$executeRecursively$6(NodeTestTask.java:151)
	at app//org.junit.platform.engine.support.hierarchical.ThrowableCollector.execute(ThrowableCollector.java:73)
	at app//org.junit.platform.engine.support.hierarchical.NodeTestTask.lambda$executeRecursively$8(NodeTestTask.java:141)
	at app//org.junit.platform.engine.support.hierarchical.Node.around(Node.java:137)
	at app//org.junit.platform.engine.support.hierarchical.NodeTestTask.lambda$executeRecursively$9(NodeTestTask.java:139)
	at app//org.junit.platform.engine.support.hierarchical.ThrowableCollector.execute(ThrowableCollector.java:73)
	at app//org.junit.platform.engine.support.hierarchical.NodeTestTask.executeRecursively(NodeTestTask.java:138)
	at app//org.junit.platform.engine.support.hierarchical.NodeTestTask.execute(NodeTestTask.java:95)
	at app//org.junit.platform.engine.support.hierarchical.SameThreadHierarchicalTestExecutorService.submit(SameThreadHierarchicalTestExecutorService.java:35)
	at app//org.junit.platform.engine.support.hierarchical.NodeTestTask$DefaultDynamicTestExecutor.execute(NodeTestTask.java:226)
	at app//org.junit.platform.engine.support.hierarchical.NodeTestTask$DefaultDynamicTestExecutor.execute(NodeTestTask.java:204)
	at java.base@11.0.18/java.util.Optional.ifPresent(Optional.java:183)
	at app//org.junit.jupiter.engine.descriptor.TestFactoryTestDescriptor.lambda$invokeTestMethod$1(TestFactoryTestDescriptor.java:108)
	at app//org.junit.platform.engine.support.hierarchical.ThrowableCollector.execute(ThrowableCollector.java:73)
	at app//org.junit.jupiter.engine.descriptor.TestFactoryTestDescriptor.invokeTestMethod(TestFactoryTestDescriptor.java:95)
	at app//org.junit.jupiter.engine.descriptor.TestMethodTestDescriptor.execute(TestMethodTestDescriptor.java:135)
	at app//org.junit.jupiter.engine.descriptor.TestMethodTestDescriptor.execute(TestMethodTestDescriptor.java:66)
	at app//org.junit.platform.engine.support.hierarchical.NodeTestTask.lambda$executeRecursively$6(NodeTestTask.java:151)
	at app//org.junit.platform.engine.support.hierarchical.ThrowableCollector.execute(ThrowableCollector.java:73)
	at app//org.junit.platform.engine.support.hierarchical.NodeTestTask.lambda$executeRecursively$8(NodeTestTask.java:141)
	at app//org.junit.platform.engine.support.hierarchical.Node.around(Node.java:137)
	at app//org.junit.platform.engine.support.hierarchical.NodeTestTask.lambda$executeRecursively$9(NodeTestTask.java:139)
	at app//org.junit.platform.engine.support.hierarchical.ThrowableCollector.execute(ThrowableCollector.java:73)
	at app//org.junit.platform.engine.support.hierarchical.NodeTestTask.executeRecursively(NodeTestTask.java:138)
	at app//org.junit.platform.engine.support.hierarchical.NodeTestTask.execute(NodeTestTask.java:95)
	at java.base@11.0.18/java.util.ArrayList.forEach(ArrayList.java:1541)
	at app//org.junit.platform.engine.support.hierarchical.SameThreadHierarchicalTestExecutorService.invokeAll(SameThreadHierarchicalTestExecutorService.java:41)
	at app//org.junit.platform.engine.support.hierarchical.NodeTestTask.lambda$executeRecursively$6(NodeTestTask.java:155)
	at app//org.junit.platform.engine.support.hierarchical.ThrowableCollector.execute(ThrowableCollector.java:73)
	at app//org.junit.platform.engine.support.hierarchical.NodeTestTask.lambda$executeRecursively$8(NodeTestTask.java:141)
	at app//org.junit.platform.engine.support.hierarchical.Node.around(Node.java:137)
	at app//org.junit.platform.engine.support.hierarchical.NodeTestTask.lambda$executeRecursively$9(NodeTestTask.java:139)
	at app//org.junit.platform.engine.support.hierarchical.ThrowableCollector.execute(ThrowableCollector.java:73)
	at app//org.junit.platform.engine.support.hierarchical.NodeTestTask.executeRecursively(NodeTestTask.java:138)
	at app//org.junit.platform.engine.support.hierarchical.NodeTestTask.execute(NodeTestTask.java:95)
	at java.base@11.0.18/java.util.ArrayList.forEach(ArrayList.java:1541)
	at app//org.junit.platform.engine.support.hierarchical.SameThreadHierarchicalTestExecutorService.invokeAll(SameThreadHierarchicalTestExecutorService.java:41)
	at app//org.junit.platform.engine.support.hierarchical.NodeTestTask.lambda$executeRecursively$6(NodeTestTask.java:155)
	at app//org.junit.platform.engine.support.hierarchical.ThrowableCollector.execute(ThrowableCollector.java:73)
	at app//org.junit.platform.engine.support.hierarchical.NodeTestTask.lambda$executeRecursively$8(NodeTestTask.java:141)
	at app//org.junit.platform.engine.support.hierarchical.Node.around(Node.java:137)
	at app//org.junit.platform.engine.support.hierarchical.NodeTestTask.lambda$executeRecursively$9(NodeTestTask.java:139)
	at app//org.junit.platform.engine.support.hierarchical.ThrowableCollector.execute(ThrowableCollector.java:73)
	at app//org.junit.platform.engine.support.hierarchical.NodeTestTask.executeRecursively(NodeTestTask.java:138)
	at app//org.junit.platform.engine.support.hierarchical.NodeTestTask.execute(NodeTestTask.java:95)
	at app//org.junit.platform.engine.support.hierarchical.SameThreadHierarchicalTestExecutorService.submit(SameThreadHierarchicalTestExecutorService.java:35)
	at app//org.junit.platform.engine.support.hierarchical.HierarchicalTestExecutor.execute(HierarchicalTestExecutor.java:57)
	at app//org.junit.platform.engine.support.hierarchical.HierarchicalTestEngine.execute(HierarchicalTestEngine.java:54)
	at org.junit.platform.launcher.core.EngineExecutionOrchestrator.execute(EngineExecutionOrchestrator.java:107)
	at org.junit.platform.launcher.core.EngineExecutionOrchestrator.execute(EngineExecutionOrchestrator.java:88)
	at org.junit.platform.launcher.core.EngineExecutionOrchestrator.lambda$execute$0(EngineExecutionOrchestrator.java:54)
	at org.junit.platform.launcher.core.EngineExecutionOrchestrator.withInterceptedStreams(EngineExecutionOrchestrator.java:67)
	at org.junit.platform.launcher.core.EngineExecutionOrchestrator.execute(EngineExecutionOrchestrator.java:52)
	at org.junit.platform.launcher.core.DefaultLauncher.execute(DefaultLauncher.java:114)
	at org.junit.platform.launcher.core.DefaultLauncher.execute(DefaultLauncher.java:86)
	at org.junit.platform.launcher.core.DefaultLauncherSession$DelegatingLauncher.execute(DefaultLauncherSession.java:86)
	at org.junit.platform.launcher.core.SessionPerRequestLauncher.execute(SessionPerRequestLauncher.java:53)
	at org.gradle.api.internal.tasks.testing.junitplatform.JUnitPlatformTestClassProcessor$CollectAllTestClassesExecutor.processAllTestClasses(JUnitPlatformTestClassProcessor.java:99)
	at org.gradle.api.internal.tasks.testing.junitplatform.JUnitPlatformTestClassProcessor$CollectAllTestClassesExecutor.access$000(JUnitPlatformTestClassProcessor.java:79)
	at org.gradle.api.internal.tasks.testing.junitplatform.JUnitPlatformTestClassProcessor.stop(JUnitPlatformTestClassProcessor.java:75)
	at org.gradle.api.internal.tasks.testing.SuiteTestClassProcessor.stop(SuiteTestClassProcessor.java:62)
	at java.base@11.0.18/jdk.internal.reflect.NativeMethodAccessorImpl.invoke0(Native Method)
	at java.base@11.0.18/jdk.internal.reflect.NativeMethodAccessorImpl.invoke(NativeMethodAccessorImpl.java:62)
	at java.base@11.0.18/jdk.internal.reflect.DelegatingMethodAccessorImpl.invoke(DelegatingMethodAccessorImpl.java:43)
	at java.base@11.0.18/java.lang.reflect.Method.invoke(Method.java:566)
	at org.gradle.internal.dispatch.ReflectionDispatch.dispatch(ReflectionDispatch.java:36)
	at org.gradle.internal.dispatch.ReflectionDispatch.dispatch(ReflectionDispatch.java:24)
	at org.gradle.internal.dispatch.ContextClassLoaderDispatch.dispatch(ContextClassLoaderDispatch.java:33)
	at org.gradle.internal.dispatch.ProxyDispatchAdapter$DispatchingInvocationHandler.invoke(ProxyDispatchAdapter.java:94)
	at com.sun.proxy.$Proxy2.stop(Unknown Source)
	at org.gradle.api.internal.tasks.testing.worker.TestWorker$3.run(TestWorker.java:193)
	at org.gradle.api.internal.tasks.testing.worker.TestWorker.executeAndMaintainThreadName(TestWorker.java:129)
	at org.gradle.api.internal.tasks.testing.worker.TestWorker.execute(TestWorker.java:100)
	at org.gradle.api.internal.tasks.testing.worker.TestWorker.execute(TestWorker.java:60)
	at org.gradle.process.internal.worker.child.ActionExecutionWorker.execute(ActionExecutionWorker.java:56)
	at org.gradle.process.internal.worker.child.SystemApplicationClassLoaderWorker.call(SystemApplicationClassLoaderWorker.java:113)
	at org.gradle.process.internal.worker.child.SystemApplicationClassLoaderWorker.call(SystemApplicationClassLoaderWorker.java:65)
	at app//worker.org.gradle.process.internal.worker.GradleWorkerMain.run(GradleWorkerMain.java:69)
	at app//worker.org.gradle.process.internal.worker.GradleWorkerMain.main(GradleWorkerMain.java:74)
</failure>
  </testcase>
  <testcase name="ConditionalConfidential" classname="de.uka.ilkd.key.proof.runallproofs.RunAllProofsInfFlow" time="0.9">
    <failure message="org.opentest4j.AssertionFailedError: Executed process terminated with non-zero exit value. ==&gt; expected: &lt;0&gt; but was: &lt;1&gt;" type="org.opentest4j.AssertionFailedError">org.opentest4j.AssertionFailedError: Executed process terminated with non-zero exit value. ==&gt; expected: &lt;0&gt; but was: &lt;1&gt;
	at app//org.junit.jupiter.api.AssertionUtils.fail(AssertionUtils.java:55)
	at app//org.junit.jupiter.api.AssertionUtils.failNotEqual(AssertionUtils.java:62)
	at app//org.junit.jupiter.api.AssertEquals.assertEquals(AssertEquals.java:150)
	at app//org.junit.jupiter.api.Assertions.assertEquals(Assertions.java:559)
	at app//de.uka.ilkd.key.proof.runallproofs.proofcollection.ForkedTestFileRunner.processTestFiles(ForkedTestFileRunner.java:129)
	at app//de.uka.ilkd.key.proof.runallproofs.RunAllProofsTestUnit.runTest(RunAllProofsTestUnit.java:85)
	at app//de.uka.ilkd.key.proof.runallproofs.RunAllProofsTest.lambda$data$0(RunAllProofsTest.java:83)
	at app//org.junit.jupiter.engine.descriptor.DynamicTestTestDescriptor.lambda$execute$0(DynamicTestTestDescriptor.java:53)
	at app//org.junit.jupiter.engine.execution.InvocationInterceptorChain$ValidatingInvocation.proceed(InvocationInterceptorChain.java:131)
	at app//org.junit.jupiter.api.extension.InvocationInterceptor.interceptDynamicTest(InvocationInterceptor.java:167)
	at app//org.junit.jupiter.api.extension.InvocationInterceptor.interceptDynamicTest(InvocationInterceptor.java:184)
	at app//org.junit.jupiter.engine.descriptor.DynamicTestTestDescriptor.lambda$execute$1(DynamicTestTestDescriptor.java:61)
	at app//org.junit.jupiter.engine.execution.InvocationInterceptorChain$InterceptorCall.lambda$ofVoid$0(InvocationInterceptorChain.java:78)
	at app//org.junit.jupiter.engine.execution.InvocationInterceptorChain$InterceptedInvocation.proceed(InvocationInterceptorChain.java:106)
	at app//org.junit.jupiter.engine.execution.InvocationInterceptorChain.proceed(InvocationInterceptorChain.java:64)
	at app//org.junit.jupiter.engine.execution.InvocationInterceptorChain.chainAndInvoke(InvocationInterceptorChain.java:45)
	at app//org.junit.jupiter.engine.execution.InvocationInterceptorChain.invoke(InvocationInterceptorChain.java:37)
	at app//org.junit.jupiter.engine.descriptor.DynamicTestTestDescriptor.execute(DynamicTestTestDescriptor.java:60)
	at app//org.junit.jupiter.engine.descriptor.DynamicTestTestDescriptor.execute(DynamicTestTestDescriptor.java:32)
	at app//org.junit.platform.engine.support.hierarchical.NodeTestTask.lambda$executeRecursively$6(NodeTestTask.java:151)
	at app//org.junit.platform.engine.support.hierarchical.ThrowableCollector.execute(ThrowableCollector.java:73)
	at app//org.junit.platform.engine.support.hierarchical.NodeTestTask.lambda$executeRecursively$8(NodeTestTask.java:141)
	at app//org.junit.platform.engine.support.hierarchical.Node.around(Node.java:137)
	at app//org.junit.platform.engine.support.hierarchical.NodeTestTask.lambda$executeRecursively$9(NodeTestTask.java:139)
	at app//org.junit.platform.engine.support.hierarchical.ThrowableCollector.execute(ThrowableCollector.java:73)
	at app//org.junit.platform.engine.support.hierarchical.NodeTestTask.executeRecursively(NodeTestTask.java:138)
	at app//org.junit.platform.engine.support.hierarchical.NodeTestTask.execute(NodeTestTask.java:95)
	at app//org.junit.platform.engine.support.hierarchical.SameThreadHierarchicalTestExecutorService.submit(SameThreadHierarchicalTestExecutorService.java:35)
	at app//org.junit.platform.engine.support.hierarchical.NodeTestTask$DefaultDynamicTestExecutor.execute(NodeTestTask.java:226)
	at app//org.junit.platform.engine.support.hierarchical.NodeTestTask$DefaultDynamicTestExecutor.execute(NodeTestTask.java:204)
	at java.base@11.0.18/java.util.Optional.ifPresent(Optional.java:183)
	at app//org.junit.jupiter.engine.descriptor.TestFactoryTestDescriptor.lambda$invokeTestMethod$1(TestFactoryTestDescriptor.java:108)
	at app//org.junit.platform.engine.support.hierarchical.ThrowableCollector.execute(ThrowableCollector.java:73)
	at app//org.junit.jupiter.engine.descriptor.TestFactoryTestDescriptor.invokeTestMethod(TestFactoryTestDescriptor.java:95)
	at app//org.junit.jupiter.engine.descriptor.TestMethodTestDescriptor.execute(TestMethodTestDescriptor.java:135)
	at app//org.junit.jupiter.engine.descriptor.TestMethodTestDescriptor.execute(TestMethodTestDescriptor.java:66)
	at app//org.junit.platform.engine.support.hierarchical.NodeTestTask.lambda$executeRecursively$6(NodeTestTask.java:151)
	at app//org.junit.platform.engine.support.hierarchical.ThrowableCollector.execute(ThrowableCollector.java:73)
	at app//org.junit.platform.engine.support.hierarchical.NodeTestTask.lambda$executeRecursively$8(NodeTestTask.java:141)
	at app//org.junit.platform.engine.support.hierarchical.Node.around(Node.java:137)
	at app//org.junit.platform.engine.support.hierarchical.NodeTestTask.lambda$executeRecursively$9(NodeTestTask.java:139)
	at app//org.junit.platform.engine.support.hierarchical.ThrowableCollector.execute(ThrowableCollector.java:73)
	at app//org.junit.platform.engine.support.hierarchical.NodeTestTask.executeRecursively(NodeTestTask.java:138)
	at app//org.junit.platform.engine.support.hierarchical.NodeTestTask.execute(NodeTestTask.java:95)
	at java.base@11.0.18/java.util.ArrayList.forEach(ArrayList.java:1541)
	at app//org.junit.platform.engine.support.hierarchical.SameThreadHierarchicalTestExecutorService.invokeAll(SameThreadHierarchicalTestExecutorService.java:41)
	at app//org.junit.platform.engine.support.hierarchical.NodeTestTask.lambda$executeRecursively$6(NodeTestTask.java:155)
	at app//org.junit.platform.engine.support.hierarchical.ThrowableCollector.execute(ThrowableCollector.java:73)
	at app//org.junit.platform.engine.support.hierarchical.NodeTestTask.lambda$executeRecursively$8(NodeTestTask.java:141)
	at app//org.junit.platform.engine.support.hierarchical.Node.around(Node.java:137)
	at app//org.junit.platform.engine.support.hierarchical.NodeTestTask.lambda$executeRecursively$9(NodeTestTask.java:139)
	at app//org.junit.platform.engine.support.hierarchical.ThrowableCollector.execute(ThrowableCollector.java:73)
	at app//org.junit.platform.engine.support.hierarchical.NodeTestTask.executeRecursively(NodeTestTask.java:138)
	at app//org.junit.platform.engine.support.hierarchical.NodeTestTask.execute(NodeTestTask.java:95)
	at java.base@11.0.18/java.util.ArrayList.forEach(ArrayList.java:1541)
	at app//org.junit.platform.engine.support.hierarchical.SameThreadHierarchicalTestExecutorService.invokeAll(SameThreadHierarchicalTestExecutorService.java:41)
	at app//org.junit.platform.engine.support.hierarchical.NodeTestTask.lambda$executeRecursively$6(NodeTestTask.java:155)
	at app//org.junit.platform.engine.support.hierarchical.ThrowableCollector.execute(ThrowableCollector.java:73)
	at app//org.junit.platform.engine.support.hierarchical.NodeTestTask.lambda$executeRecursively$8(NodeTestTask.java:141)
	at app//org.junit.platform.engine.support.hierarchical.Node.around(Node.java:137)
	at app//org.junit.platform.engine.support.hierarchical.NodeTestTask.lambda$executeRecursively$9(NodeTestTask.java:139)
	at app//org.junit.platform.engine.support.hierarchical.ThrowableCollector.execute(ThrowableCollector.java:73)
	at app//org.junit.platform.engine.support.hierarchical.NodeTestTask.executeRecursively(NodeTestTask.java:138)
	at app//org.junit.platform.engine.support.hierarchical.NodeTestTask.execute(NodeTestTask.java:95)
	at app//org.junit.platform.engine.support.hierarchical.SameThreadHierarchicalTestExecutorService.submit(SameThreadHierarchicalTestExecutorService.java:35)
	at app//org.junit.platform.engine.support.hierarchical.HierarchicalTestExecutor.execute(HierarchicalTestExecutor.java:57)
	at app//org.junit.platform.engine.support.hierarchical.HierarchicalTestEngine.execute(HierarchicalTestEngine.java:54)
	at org.junit.platform.launcher.core.EngineExecutionOrchestrator.execute(EngineExecutionOrchestrator.java:107)
	at org.junit.platform.launcher.core.EngineExecutionOrchestrator.execute(EngineExecutionOrchestrator.java:88)
	at org.junit.platform.launcher.core.EngineExecutionOrchestrator.lambda$execute$0(EngineExecutionOrchestrator.java:54)
	at org.junit.platform.launcher.core.EngineExecutionOrchestrator.withInterceptedStreams(EngineExecutionOrchestrator.java:67)
	at org.junit.platform.launcher.core.EngineExecutionOrchestrator.execute(EngineExecutionOrchestrator.java:52)
	at org.junit.platform.launcher.core.DefaultLauncher.execute(DefaultLauncher.java:114)
	at org.junit.platform.launcher.core.DefaultLauncher.execute(DefaultLauncher.java:86)
	at org.junit.platform.launcher.core.DefaultLauncherSession$DelegatingLauncher.execute(DefaultLauncherSession.java:86)
	at org.junit.platform.launcher.core.SessionPerRequestLauncher.execute(SessionPerRequestLauncher.java:53)
	at org.gradle.api.internal.tasks.testing.junitplatform.JUnitPlatformTestClassProcessor$CollectAllTestClassesExecutor.processAllTestClasses(JUnitPlatformTestClassProcessor.java:99)
	at org.gradle.api.internal.tasks.testing.junitplatform.JUnitPlatformTestClassProcessor$CollectAllTestClassesExecutor.access$000(JUnitPlatformTestClassProcessor.java:79)
	at org.gradle.api.internal.tasks.testing.junitplatform.JUnitPlatformTestClassProcessor.stop(JUnitPlatformTestClassProcessor.java:75)
	at org.gradle.api.internal.tasks.testing.SuiteTestClassProcessor.stop(SuiteTestClassProcessor.java:62)
	at java.base@11.0.18/jdk.internal.reflect.NativeMethodAccessorImpl.invoke0(Native Method)
	at java.base@11.0.18/jdk.internal.reflect.NativeMethodAccessorImpl.invoke(NativeMethodAccessorImpl.java:62)
	at java.base@11.0.18/jdk.internal.reflect.DelegatingMethodAccessorImpl.invoke(DelegatingMethodAccessorImpl.java:43)
	at java.base@11.0.18/java.lang.reflect.Method.invoke(Method.java:566)
	at org.gradle.internal.dispatch.ReflectionDispatch.dispatch(ReflectionDispatch.java:36)
	at org.gradle.internal.dispatch.ReflectionDispatch.dispatch(ReflectionDispatch.java:24)
	at org.gradle.internal.dispatch.ContextClassLoaderDispatch.dispatch(ContextClassLoaderDispatch.java:33)
	at org.gradle.internal.dispatch.ProxyDispatchAdapter$DispatchingInvocationHandler.invoke(ProxyDispatchAdapter.java:94)
	at com.sun.proxy.$Proxy2.stop(Unknown Source)
	at org.gradle.api.internal.tasks.testing.worker.TestWorker$3.run(TestWorker.java:193)
	at org.gradle.api.internal.tasks.testing.worker.TestWorker.executeAndMaintainThreadName(TestWorker.java:129)
	at org.gradle.api.internal.tasks.testing.worker.TestWorker.execute(TestWorker.java:100)
	at org.gradle.api.internal.tasks.testing.worker.TestWorker.execute(TestWorker.java:60)
	at org.gradle.process.internal.worker.child.ActionExecutionWorker.execute(ActionExecutionWorker.java:56)
	at org.gradle.process.internal.worker.child.SystemApplicationClassLoaderWorker.call(SystemApplicationClassLoaderWorker.java:113)
	at org.gradle.process.internal.worker.child.SystemApplicationClassLoaderWorker.call(SystemApplicationClassLoaderWorker.java:65)
	at app//worker.org.gradle.process.internal.worker.GradleWorkerMain.run(GradleWorkerMain.java:69)
	at app//worker.org.gradle.process.internal.worker.GradleWorkerMain.main(GradleWorkerMain.java:74)
</failure>
  </testcase>
  <testcase name="SumExample" classname="de.uka.ilkd.key.proof.runallproofs.RunAllProofsInfFlow" time="0.829">
    <failure message="org.opentest4j.AssertionFailedError: Executed process terminated with non-zero exit value. ==&gt; expected: &lt;0&gt; but was: &lt;1&gt;" type="org.opentest4j.AssertionFailedError">org.opentest4j.AssertionFailedError: Executed process terminated with non-zero exit value. ==&gt; expected: &lt;0&gt; but was: &lt;1&gt;
	at app//org.junit.jupiter.api.AssertionUtils.fail(AssertionUtils.java:55)
	at app//org.junit.jupiter.api.AssertionUtils.failNotEqual(AssertionUtils.java:62)
	at app//org.junit.jupiter.api.AssertEquals.assertEquals(AssertEquals.java:150)
	at app//org.junit.jupiter.api.Assertions.assertEquals(Assertions.java:559)
	at app//de.uka.ilkd.key.proof.runallproofs.proofcollection.ForkedTestFileRunner.processTestFiles(ForkedTestFileRunner.java:129)
	at app//de.uka.ilkd.key.proof.runallproofs.RunAllProofsTestUnit.runTest(RunAllProofsTestUnit.java:85)
	at app//de.uka.ilkd.key.proof.runallproofs.RunAllProofsTest.lambda$data$0(RunAllProofsTest.java:83)
	at app//org.junit.jupiter.engine.descriptor.DynamicTestTestDescriptor.lambda$execute$0(DynamicTestTestDescriptor.java:53)
	at app//org.junit.jupiter.engine.execution.InvocationInterceptorChain$ValidatingInvocation.proceed(InvocationInterceptorChain.java:131)
	at app//org.junit.jupiter.api.extension.InvocationInterceptor.interceptDynamicTest(InvocationInterceptor.java:167)
	at app//org.junit.jupiter.api.extension.InvocationInterceptor.interceptDynamicTest(InvocationInterceptor.java:184)
	at app//org.junit.jupiter.engine.descriptor.DynamicTestTestDescriptor.lambda$execute$1(DynamicTestTestDescriptor.java:61)
	at app//org.junit.jupiter.engine.execution.InvocationInterceptorChain$InterceptorCall.lambda$ofVoid$0(InvocationInterceptorChain.java:78)
	at app//org.junit.jupiter.engine.execution.InvocationInterceptorChain$InterceptedInvocation.proceed(InvocationInterceptorChain.java:106)
	at app//org.junit.jupiter.engine.execution.InvocationInterceptorChain.proceed(InvocationInterceptorChain.java:64)
	at app//org.junit.jupiter.engine.execution.InvocationInterceptorChain.chainAndInvoke(InvocationInterceptorChain.java:45)
	at app//org.junit.jupiter.engine.execution.InvocationInterceptorChain.invoke(InvocationInterceptorChain.java:37)
	at app//org.junit.jupiter.engine.descriptor.DynamicTestTestDescriptor.execute(DynamicTestTestDescriptor.java:60)
	at app//org.junit.jupiter.engine.descriptor.DynamicTestTestDescriptor.execute(DynamicTestTestDescriptor.java:32)
	at app//org.junit.platform.engine.support.hierarchical.NodeTestTask.lambda$executeRecursively$6(NodeTestTask.java:151)
	at app//org.junit.platform.engine.support.hierarchical.ThrowableCollector.execute(ThrowableCollector.java:73)
	at app//org.junit.platform.engine.support.hierarchical.NodeTestTask.lambda$executeRecursively$8(NodeTestTask.java:141)
	at app//org.junit.platform.engine.support.hierarchical.Node.around(Node.java:137)
	at app//org.junit.platform.engine.support.hierarchical.NodeTestTask.lambda$executeRecursively$9(NodeTestTask.java:139)
	at app//org.junit.platform.engine.support.hierarchical.ThrowableCollector.execute(ThrowableCollector.java:73)
	at app//org.junit.platform.engine.support.hierarchical.NodeTestTask.executeRecursively(NodeTestTask.java:138)
	at app//org.junit.platform.engine.support.hierarchical.NodeTestTask.execute(NodeTestTask.java:95)
	at app//org.junit.platform.engine.support.hierarchical.SameThreadHierarchicalTestExecutorService.submit(SameThreadHierarchicalTestExecutorService.java:35)
	at app//org.junit.platform.engine.support.hierarchical.NodeTestTask$DefaultDynamicTestExecutor.execute(NodeTestTask.java:226)
	at app//org.junit.platform.engine.support.hierarchical.NodeTestTask$DefaultDynamicTestExecutor.execute(NodeTestTask.java:204)
	at java.base@11.0.18/java.util.Optional.ifPresent(Optional.java:183)
	at app//org.junit.jupiter.engine.descriptor.TestFactoryTestDescriptor.lambda$invokeTestMethod$1(TestFactoryTestDescriptor.java:108)
	at app//org.junit.platform.engine.support.hierarchical.ThrowableCollector.execute(ThrowableCollector.java:73)
	at app//org.junit.jupiter.engine.descriptor.TestFactoryTestDescriptor.invokeTestMethod(TestFactoryTestDescriptor.java:95)
	at app//org.junit.jupiter.engine.descriptor.TestMethodTestDescriptor.execute(TestMethodTestDescriptor.java:135)
	at app//org.junit.jupiter.engine.descriptor.TestMethodTestDescriptor.execute(TestMethodTestDescriptor.java:66)
	at app//org.junit.platform.engine.support.hierarchical.NodeTestTask.lambda$executeRecursively$6(NodeTestTask.java:151)
	at app//org.junit.platform.engine.support.hierarchical.ThrowableCollector.execute(ThrowableCollector.java:73)
	at app//org.junit.platform.engine.support.hierarchical.NodeTestTask.lambda$executeRecursively$8(NodeTestTask.java:141)
	at app//org.junit.platform.engine.support.hierarchical.Node.around(Node.java:137)
	at app//org.junit.platform.engine.support.hierarchical.NodeTestTask.lambda$executeRecursively$9(NodeTestTask.java:139)
	at app//org.junit.platform.engine.support.hierarchical.ThrowableCollector.execute(ThrowableCollector.java:73)
	at app//org.junit.platform.engine.support.hierarchical.NodeTestTask.executeRecursively(NodeTestTask.java:138)
	at app//org.junit.platform.engine.support.hierarchical.NodeTestTask.execute(NodeTestTask.java:95)
	at java.base@11.0.18/java.util.ArrayList.forEach(ArrayList.java:1541)
	at app//org.junit.platform.engine.support.hierarchical.SameThreadHierarchicalTestExecutorService.invokeAll(SameThreadHierarchicalTestExecutorService.java:41)
	at app//org.junit.platform.engine.support.hierarchical.NodeTestTask.lambda$executeRecursively$6(NodeTestTask.java:155)
	at app//org.junit.platform.engine.support.hierarchical.ThrowableCollector.execute(ThrowableCollector.java:73)
	at app//org.junit.platform.engine.support.hierarchical.NodeTestTask.lambda$executeRecursively$8(NodeTestTask.java:141)
	at app//org.junit.platform.engine.support.hierarchical.Node.around(Node.java:137)
	at app//org.junit.platform.engine.support.hierarchical.NodeTestTask.lambda$executeRecursively$9(NodeTestTask.java:139)
	at app//org.junit.platform.engine.support.hierarchical.ThrowableCollector.execute(ThrowableCollector.java:73)
	at app//org.junit.platform.engine.support.hierarchical.NodeTestTask.executeRecursively(NodeTestTask.java:138)
	at app//org.junit.platform.engine.support.hierarchical.NodeTestTask.execute(NodeTestTask.java:95)
	at java.base@11.0.18/java.util.ArrayList.forEach(ArrayList.java:1541)
	at app//org.junit.platform.engine.support.hierarchical.SameThreadHierarchicalTestExecutorService.invokeAll(SameThreadHierarchicalTestExecutorService.java:41)
	at app//org.junit.platform.engine.support.hierarchical.NodeTestTask.lambda$executeRecursively$6(NodeTestTask.java:155)
	at app//org.junit.platform.engine.support.hierarchical.ThrowableCollector.execute(ThrowableCollector.java:73)
	at app//org.junit.platform.engine.support.hierarchical.NodeTestTask.lambda$executeRecursively$8(NodeTestTask.java:141)
	at app//org.junit.platform.engine.support.hierarchical.Node.around(Node.java:137)
	at app//org.junit.platform.engine.support.hierarchical.NodeTestTask.lambda$executeRecursively$9(NodeTestTask.java:139)
	at app//org.junit.platform.engine.support.hierarchical.ThrowableCollector.execute(ThrowableCollector.java:73)
	at app//org.junit.platform.engine.support.hierarchical.NodeTestTask.executeRecursively(NodeTestTask.java:138)
	at app//org.junit.platform.engine.support.hierarchical.NodeTestTask.execute(NodeTestTask.java:95)
	at app//org.junit.platform.engine.support.hierarchical.SameThreadHierarchicalTestExecutorService.submit(SameThreadHierarchicalTestExecutorService.java:35)
	at app//org.junit.platform.engine.support.hierarchical.HierarchicalTestExecutor.execute(HierarchicalTestExecutor.java:57)
	at app//org.junit.platform.engine.support.hierarchical.HierarchicalTestEngine.execute(HierarchicalTestEngine.java:54)
	at org.junit.platform.launcher.core.EngineExecutionOrchestrator.execute(EngineExecutionOrchestrator.java:107)
	at org.junit.platform.launcher.core.EngineExecutionOrchestrator.execute(EngineExecutionOrchestrator.java:88)
	at org.junit.platform.launcher.core.EngineExecutionOrchestrator.lambda$execute$0(EngineExecutionOrchestrator.java:54)
	at org.junit.platform.launcher.core.EngineExecutionOrchestrator.withInterceptedStreams(EngineExecutionOrchestrator.java:67)
	at org.junit.platform.launcher.core.EngineExecutionOrchestrator.execute(EngineExecutionOrchestrator.java:52)
	at org.junit.platform.launcher.core.DefaultLauncher.execute(DefaultLauncher.java:114)
	at org.junit.platform.launcher.core.DefaultLauncher.execute(DefaultLauncher.java:86)
	at org.junit.platform.launcher.core.DefaultLauncherSession$DelegatingLauncher.execute(DefaultLauncherSession.java:86)
	at org.junit.platform.launcher.core.SessionPerRequestLauncher.execute(SessionPerRequestLauncher.java:53)
	at org.gradle.api.internal.tasks.testing.junitplatform.JUnitPlatformTestClassProcessor$CollectAllTestClassesExecutor.processAllTestClasses(JUnitPlatformTestClassProcessor.java:99)
	at org.gradle.api.internal.tasks.testing.junitplatform.JUnitPlatformTestClassProcessor$CollectAllTestClassesExecutor.access$000(JUnitPlatformTestClassProcessor.java:79)
	at org.gradle.api.internal.tasks.testing.junitplatform.JUnitPlatformTestClassProcessor.stop(JUnitPlatformTestClassProcessor.java:75)
	at org.gradle.api.internal.tasks.testing.SuiteTestClassProcessor.stop(SuiteTestClassProcessor.java:62)
	at java.base@11.0.18/jdk.internal.reflect.NativeMethodAccessorImpl.invoke0(Native Method)
	at java.base@11.0.18/jdk.internal.reflect.NativeMethodAccessorImpl.invoke(NativeMethodAccessorImpl.java:62)
	at java.base@11.0.18/jdk.internal.reflect.DelegatingMethodAccessorImpl.invoke(DelegatingMethodAccessorImpl.java:43)
	at java.base@11.0.18/java.lang.reflect.Method.invoke(Method.java:566)
	at org.gradle.internal.dispatch.ReflectionDispatch.dispatch(ReflectionDispatch.java:36)
	at org.gradle.internal.dispatch.ReflectionDispatch.dispatch(ReflectionDispatch.java:24)
	at org.gradle.internal.dispatch.ContextClassLoaderDispatch.dispatch(ContextClassLoaderDispatch.java:33)
	at org.gradle.internal.dispatch.ProxyDispatchAdapter$DispatchingInvocationHandler.invoke(ProxyDispatchAdapter.java:94)
	at com.sun.proxy.$Proxy2.stop(Unknown Source)
	at org.gradle.api.internal.tasks.testing.worker.TestWorker$3.run(TestWorker.java:193)
	at org.gradle.api.internal.tasks.testing.worker.TestWorker.executeAndMaintainThreadName(TestWorker.java:129)
	at org.gradle.api.internal.tasks.testing.worker.TestWorker.execute(TestWorker.java:100)
	at org.gradle.api.internal.tasks.testing.worker.TestWorker.execute(TestWorker.java:60)
	at org.gradle.process.internal.worker.child.ActionExecutionWorker.execute(ActionExecutionWorker.java:56)
	at org.gradle.process.internal.worker.child.SystemApplicationClassLoaderWorker.call(SystemApplicationClassLoaderWorker.java:113)
	at org.gradle.process.internal.worker.child.SystemApplicationClassLoaderWorker.call(SystemApplicationClassLoaderWorker.java:65)
	at app//worker.org.gradle.process.internal.worker.GradleWorkerMain.run(GradleWorkerMain.java:69)
	at app//worker.org.gradle.process.internal.worker.GradleWorkerMain.main(GradleWorkerMain.java:74)
</failure>
  </testcase>
  <testcase name="ToyBanking" classname="de.uka.ilkd.key.proof.runallproofs.RunAllProofsInfFlow" time="1.163">
    <failure message="org.opentest4j.AssertionFailedError: Executed process terminated with non-zero exit value. ==&gt; expected: &lt;0&gt; but was: &lt;1&gt;" type="org.opentest4j.AssertionFailedError">org.opentest4j.AssertionFailedError: Executed process terminated with non-zero exit value. ==&gt; expected: &lt;0&gt; but was: &lt;1&gt;
	at app//org.junit.jupiter.api.AssertionUtils.fail(AssertionUtils.java:55)
	at app//org.junit.jupiter.api.AssertionUtils.failNotEqual(AssertionUtils.java:62)
	at app//org.junit.jupiter.api.AssertEquals.assertEquals(AssertEquals.java:150)
	at app//org.junit.jupiter.api.Assertions.assertEquals(Assertions.java:559)
	at app//de.uka.ilkd.key.proof.runallproofs.proofcollection.ForkedTestFileRunner.processTestFiles(ForkedTestFileRunner.java:129)
	at app//de.uka.ilkd.key.proof.runallproofs.RunAllProofsTestUnit.runTest(RunAllProofsTestUnit.java:85)
	at app//de.uka.ilkd.key.proof.runallproofs.RunAllProofsTest.lambda$data$0(RunAllProofsTest.java:83)
	at app//org.junit.jupiter.engine.descriptor.DynamicTestTestDescriptor.lambda$execute$0(DynamicTestTestDescriptor.java:53)
	at app//org.junit.jupiter.engine.execution.InvocationInterceptorChain$ValidatingInvocation.proceed(InvocationInterceptorChain.java:131)
	at app//org.junit.jupiter.api.extension.InvocationInterceptor.interceptDynamicTest(InvocationInterceptor.java:167)
	at app//org.junit.jupiter.api.extension.InvocationInterceptor.interceptDynamicTest(InvocationInterceptor.java:184)
	at app//org.junit.jupiter.engine.descriptor.DynamicTestTestDescriptor.lambda$execute$1(DynamicTestTestDescriptor.java:61)
	at app//org.junit.jupiter.engine.execution.InvocationInterceptorChain$InterceptorCall.lambda$ofVoid$0(InvocationInterceptorChain.java:78)
	at app//org.junit.jupiter.engine.execution.InvocationInterceptorChain$InterceptedInvocation.proceed(InvocationInterceptorChain.java:106)
	at app//org.junit.jupiter.engine.execution.InvocationInterceptorChain.proceed(InvocationInterceptorChain.java:64)
	at app//org.junit.jupiter.engine.execution.InvocationInterceptorChain.chainAndInvoke(InvocationInterceptorChain.java:45)
	at app//org.junit.jupiter.engine.execution.InvocationInterceptorChain.invoke(InvocationInterceptorChain.java:37)
	at app//org.junit.jupiter.engine.descriptor.DynamicTestTestDescriptor.execute(DynamicTestTestDescriptor.java:60)
	at app//org.junit.jupiter.engine.descriptor.DynamicTestTestDescriptor.execute(DynamicTestTestDescriptor.java:32)
	at app//org.junit.platform.engine.support.hierarchical.NodeTestTask.lambda$executeRecursively$6(NodeTestTask.java:151)
	at app//org.junit.platform.engine.support.hierarchical.ThrowableCollector.execute(ThrowableCollector.java:73)
	at app//org.junit.platform.engine.support.hierarchical.NodeTestTask.lambda$executeRecursively$8(NodeTestTask.java:141)
	at app//org.junit.platform.engine.support.hierarchical.Node.around(Node.java:137)
	at app//org.junit.platform.engine.support.hierarchical.NodeTestTask.lambda$executeRecursively$9(NodeTestTask.java:139)
	at app//org.junit.platform.engine.support.hierarchical.ThrowableCollector.execute(ThrowableCollector.java:73)
	at app//org.junit.platform.engine.support.hierarchical.NodeTestTask.executeRecursively(NodeTestTask.java:138)
	at app//org.junit.platform.engine.support.hierarchical.NodeTestTask.execute(NodeTestTask.java:95)
	at app//org.junit.platform.engine.support.hierarchical.SameThreadHierarchicalTestExecutorService.submit(SameThreadHierarchicalTestExecutorService.java:35)
	at app//org.junit.platform.engine.support.hierarchical.NodeTestTask$DefaultDynamicTestExecutor.execute(NodeTestTask.java:226)
	at app//org.junit.platform.engine.support.hierarchical.NodeTestTask$DefaultDynamicTestExecutor.execute(NodeTestTask.java:204)
	at java.base@11.0.18/java.util.Optional.ifPresent(Optional.java:183)
	at app//org.junit.jupiter.engine.descriptor.TestFactoryTestDescriptor.lambda$invokeTestMethod$1(TestFactoryTestDescriptor.java:108)
	at app//org.junit.platform.engine.support.hierarchical.ThrowableCollector.execute(ThrowableCollector.java:73)
	at app//org.junit.jupiter.engine.descriptor.TestFactoryTestDescriptor.invokeTestMethod(TestFactoryTestDescriptor.java:95)
	at app//org.junit.jupiter.engine.descriptor.TestMethodTestDescriptor.execute(TestMethodTestDescriptor.java:135)
	at app//org.junit.jupiter.engine.descriptor.TestMethodTestDescriptor.execute(TestMethodTestDescriptor.java:66)
	at app//org.junit.platform.engine.support.hierarchical.NodeTestTask.lambda$executeRecursively$6(NodeTestTask.java:151)
	at app//org.junit.platform.engine.support.hierarchical.ThrowableCollector.execute(ThrowableCollector.java:73)
	at app//org.junit.platform.engine.support.hierarchical.NodeTestTask.lambda$executeRecursively$8(NodeTestTask.java:141)
	at app//org.junit.platform.engine.support.hierarchical.Node.around(Node.java:137)
	at app//org.junit.platform.engine.support.hierarchical.NodeTestTask.lambda$executeRecursively$9(NodeTestTask.java:139)
	at app//org.junit.platform.engine.support.hierarchical.ThrowableCollector.execute(ThrowableCollector.java:73)
	at app//org.junit.platform.engine.support.hierarchical.NodeTestTask.executeRecursively(NodeTestTask.java:138)
	at app//org.junit.platform.engine.support.hierarchical.NodeTestTask.execute(NodeTestTask.java:95)
	at java.base@11.0.18/java.util.ArrayList.forEach(ArrayList.java:1541)
	at app//org.junit.platform.engine.support.hierarchical.SameThreadHierarchicalTestExecutorService.invokeAll(SameThreadHierarchicalTestExecutorService.java:41)
	at app//org.junit.platform.engine.support.hierarchical.NodeTestTask.lambda$executeRecursively$6(NodeTestTask.java:155)
	at app//org.junit.platform.engine.support.hierarchical.ThrowableCollector.execute(ThrowableCollector.java:73)
	at app//org.junit.platform.engine.support.hierarchical.NodeTestTask.lambda$executeRecursively$8(NodeTestTask.java:141)
	at app//org.junit.platform.engine.support.hierarchical.Node.around(Node.java:137)
	at app//org.junit.platform.engine.support.hierarchical.NodeTestTask.lambda$executeRecursively$9(NodeTestTask.java:139)
	at app//org.junit.platform.engine.support.hierarchical.ThrowableCollector.execute(ThrowableCollector.java:73)
	at app//org.junit.platform.engine.support.hierarchical.NodeTestTask.executeRecursively(NodeTestTask.java:138)
	at app//org.junit.platform.engine.support.hierarchical.NodeTestTask.execute(NodeTestTask.java:95)
	at java.base@11.0.18/java.util.ArrayList.forEach(ArrayList.java:1541)
	at app//org.junit.platform.engine.support.hierarchical.SameThreadHierarchicalTestExecutorService.invokeAll(SameThreadHierarchicalTestExecutorService.java:41)
	at app//org.junit.platform.engine.support.hierarchical.NodeTestTask.lambda$executeRecursively$6(NodeTestTask.java:155)
	at app//org.junit.platform.engine.support.hierarchical.ThrowableCollector.execute(ThrowableCollector.java:73)
	at app//org.junit.platform.engine.support.hierarchical.NodeTestTask.lambda$executeRecursively$8(NodeTestTask.java:141)
	at app//org.junit.platform.engine.support.hierarchical.Node.around(Node.java:137)
	at app//org.junit.platform.engine.support.hierarchical.NodeTestTask.lambda$executeRecursively$9(NodeTestTask.java:139)
	at app//org.junit.platform.engine.support.hierarchical.ThrowableCollector.execute(ThrowableCollector.java:73)
	at app//org.junit.platform.engine.support.hierarchical.NodeTestTask.executeRecursively(NodeTestTask.java:138)
	at app//org.junit.platform.engine.support.hierarchical.NodeTestTask.execute(NodeTestTask.java:95)
	at app//org.junit.platform.engine.support.hierarchical.SameThreadHierarchicalTestExecutorService.submit(SameThreadHierarchicalTestExecutorService.java:35)
	at app//org.junit.platform.engine.support.hierarchical.HierarchicalTestExecutor.execute(HierarchicalTestExecutor.java:57)
	at app//org.junit.platform.engine.support.hierarchical.HierarchicalTestEngine.execute(HierarchicalTestEngine.java:54)
	at org.junit.platform.launcher.core.EngineExecutionOrchestrator.execute(EngineExecutionOrchestrator.java:107)
	at org.junit.platform.launcher.core.EngineExecutionOrchestrator.execute(EngineExecutionOrchestrator.java:88)
	at org.junit.platform.launcher.core.EngineExecutionOrchestrator.lambda$execute$0(EngineExecutionOrchestrator.java:54)
	at org.junit.platform.launcher.core.EngineExecutionOrchestrator.withInterceptedStreams(EngineExecutionOrchestrator.java:67)
	at org.junit.platform.launcher.core.EngineExecutionOrchestrator.execute(EngineExecutionOrchestrator.java:52)
	at org.junit.platform.launcher.core.DefaultLauncher.execute(DefaultLauncher.java:114)
	at org.junit.platform.launcher.core.DefaultLauncher.execute(DefaultLauncher.java:86)
	at org.junit.platform.launcher.core.DefaultLauncherSession$DelegatingLauncher.execute(DefaultLauncherSession.java:86)
	at org.junit.platform.launcher.core.SessionPerRequestLauncher.execute(SessionPerRequestLauncher.java:53)
	at org.gradle.api.internal.tasks.testing.junitplatform.JUnitPlatformTestClassProcessor$CollectAllTestClassesExecutor.processAllTestClasses(JUnitPlatformTestClassProcessor.java:99)
	at org.gradle.api.internal.tasks.testing.junitplatform.JUnitPlatformTestClassProcessor$CollectAllTestClassesExecutor.access$000(JUnitPlatformTestClassProcessor.java:79)
	at org.gradle.api.internal.tasks.testing.junitplatform.JUnitPlatformTestClassProcessor.stop(JUnitPlatformTestClassProcessor.java:75)
	at org.gradle.api.internal.tasks.testing.SuiteTestClassProcessor.stop(SuiteTestClassProcessor.java:62)
	at java.base@11.0.18/jdk.internal.reflect.NativeMethodAccessorImpl.invoke0(Native Method)
	at java.base@11.0.18/jdk.internal.reflect.NativeMethodAccessorImpl.invoke(NativeMethodAccessorImpl.java:62)
	at java.base@11.0.18/jdk.internal.reflect.DelegatingMethodAccessorImpl.invoke(DelegatingMethodAccessorImpl.java:43)
	at java.base@11.0.18/java.lang.reflect.Method.invoke(Method.java:566)
	at org.gradle.internal.dispatch.ReflectionDispatch.dispatch(ReflectionDispatch.java:36)
	at org.gradle.internal.dispatch.ReflectionDispatch.dispatch(ReflectionDispatch.java:24)
	at org.gradle.internal.dispatch.ContextClassLoaderDispatch.dispatch(ContextClassLoaderDispatch.java:33)
	at org.gradle.internal.dispatch.ProxyDispatchAdapter$DispatchingInvocationHandler.invoke(ProxyDispatchAdapter.java:94)
	at com.sun.proxy.$Proxy2.stop(Unknown Source)
	at org.gradle.api.internal.tasks.testing.worker.TestWorker$3.run(TestWorker.java:193)
	at org.gradle.api.internal.tasks.testing.worker.TestWorker.executeAndMaintainThreadName(TestWorker.java:129)
	at org.gradle.api.internal.tasks.testing.worker.TestWorker.execute(TestWorker.java:100)
	at org.gradle.api.internal.tasks.testing.worker.TestWorker.execute(TestWorker.java:60)
	at org.gradle.process.internal.worker.child.ActionExecutionWorker.execute(ActionExecutionWorker.java:56)
	at org.gradle.process.internal.worker.child.SystemApplicationClassLoaderWorker.call(SystemApplicationClassLoaderWorker.java:113)
	at org.gradle.process.internal.worker.child.SystemApplicationClassLoaderWorker.call(SystemApplicationClassLoaderWorker.java:65)
	at app//worker.org.gradle.process.internal.worker.GradleWorkerMain.run(GradleWorkerMain.java:69)
	at app//worker.org.gradle.process.internal.worker.GradleWorkerMain.main(GradleWorkerMain.java:74)
</failure>
  </testcase>
  <testcase name="BlockContracts" classname="de.uka.ilkd.key.proof.runallproofs.RunAllProofsInfFlow" time="1.05">
    <failure message="org.opentest4j.AssertionFailedError: Executed process terminated with non-zero exit value. ==&gt; expected: &lt;0&gt; but was: &lt;1&gt;" type="org.opentest4j.AssertionFailedError">org.opentest4j.AssertionFailedError: Executed process terminated with non-zero exit value. ==&gt; expected: &lt;0&gt; but was: &lt;1&gt;
	at app//org.junit.jupiter.api.AssertionUtils.fail(AssertionUtils.java:55)
	at app//org.junit.jupiter.api.AssertionUtils.failNotEqual(AssertionUtils.java:62)
	at app//org.junit.jupiter.api.AssertEquals.assertEquals(AssertEquals.java:150)
	at app//org.junit.jupiter.api.Assertions.assertEquals(Assertions.java:559)
	at app//de.uka.ilkd.key.proof.runallproofs.proofcollection.ForkedTestFileRunner.processTestFiles(ForkedTestFileRunner.java:129)
	at app//de.uka.ilkd.key.proof.runallproofs.RunAllProofsTestUnit.runTest(RunAllProofsTestUnit.java:85)
	at app//de.uka.ilkd.key.proof.runallproofs.RunAllProofsTest.lambda$data$0(RunAllProofsTest.java:83)
	at app//org.junit.jupiter.engine.descriptor.DynamicTestTestDescriptor.lambda$execute$0(DynamicTestTestDescriptor.java:53)
	at app//org.junit.jupiter.engine.execution.InvocationInterceptorChain$ValidatingInvocation.proceed(InvocationInterceptorChain.java:131)
	at app//org.junit.jupiter.api.extension.InvocationInterceptor.interceptDynamicTest(InvocationInterceptor.java:167)
	at app//org.junit.jupiter.api.extension.InvocationInterceptor.interceptDynamicTest(InvocationInterceptor.java:184)
	at app//org.junit.jupiter.engine.descriptor.DynamicTestTestDescriptor.lambda$execute$1(DynamicTestTestDescriptor.java:61)
	at app//org.junit.jupiter.engine.execution.InvocationInterceptorChain$InterceptorCall.lambda$ofVoid$0(InvocationInterceptorChain.java:78)
	at app//org.junit.jupiter.engine.execution.InvocationInterceptorChain$InterceptedInvocation.proceed(InvocationInterceptorChain.java:106)
	at app//org.junit.jupiter.engine.execution.InvocationInterceptorChain.proceed(InvocationInterceptorChain.java:64)
	at app//org.junit.jupiter.engine.execution.InvocationInterceptorChain.chainAndInvoke(InvocationInterceptorChain.java:45)
	at app//org.junit.jupiter.engine.execution.InvocationInterceptorChain.invoke(InvocationInterceptorChain.java:37)
	at app//org.junit.jupiter.engine.descriptor.DynamicTestTestDescriptor.execute(DynamicTestTestDescriptor.java:60)
	at app//org.junit.jupiter.engine.descriptor.DynamicTestTestDescriptor.execute(DynamicTestTestDescriptor.java:32)
	at app//org.junit.platform.engine.support.hierarchical.NodeTestTask.lambda$executeRecursively$6(NodeTestTask.java:151)
	at app//org.junit.platform.engine.support.hierarchical.ThrowableCollector.execute(ThrowableCollector.java:73)
	at app//org.junit.platform.engine.support.hierarchical.NodeTestTask.lambda$executeRecursively$8(NodeTestTask.java:141)
	at app//org.junit.platform.engine.support.hierarchical.Node.around(Node.java:137)
	at app//org.junit.platform.engine.support.hierarchical.NodeTestTask.lambda$executeRecursively$9(NodeTestTask.java:139)
	at app//org.junit.platform.engine.support.hierarchical.ThrowableCollector.execute(ThrowableCollector.java:73)
	at app//org.junit.platform.engine.support.hierarchical.NodeTestTask.executeRecursively(NodeTestTask.java:138)
	at app//org.junit.platform.engine.support.hierarchical.NodeTestTask.execute(NodeTestTask.java:95)
	at app//org.junit.platform.engine.support.hierarchical.SameThreadHierarchicalTestExecutorService.submit(SameThreadHierarchicalTestExecutorService.java:35)
	at app//org.junit.platform.engine.support.hierarchical.NodeTestTask$DefaultDynamicTestExecutor.execute(NodeTestTask.java:226)
	at app//org.junit.platform.engine.support.hierarchical.NodeTestTask$DefaultDynamicTestExecutor.execute(NodeTestTask.java:204)
	at java.base@11.0.18/java.util.Optional.ifPresent(Optional.java:183)
	at app//org.junit.jupiter.engine.descriptor.TestFactoryTestDescriptor.lambda$invokeTestMethod$1(TestFactoryTestDescriptor.java:108)
	at app//org.junit.platform.engine.support.hierarchical.ThrowableCollector.execute(ThrowableCollector.java:73)
	at app//org.junit.jupiter.engine.descriptor.TestFactoryTestDescriptor.invokeTestMethod(TestFactoryTestDescriptor.java:95)
	at app//org.junit.jupiter.engine.descriptor.TestMethodTestDescriptor.execute(TestMethodTestDescriptor.java:135)
	at app//org.junit.jupiter.engine.descriptor.TestMethodTestDescriptor.execute(TestMethodTestDescriptor.java:66)
	at app//org.junit.platform.engine.support.hierarchical.NodeTestTask.lambda$executeRecursively$6(NodeTestTask.java:151)
	at app//org.junit.platform.engine.support.hierarchical.ThrowableCollector.execute(ThrowableCollector.java:73)
	at app//org.junit.platform.engine.support.hierarchical.NodeTestTask.lambda$executeRecursively$8(NodeTestTask.java:141)
	at app//org.junit.platform.engine.support.hierarchical.Node.around(Node.java:137)
	at app//org.junit.platform.engine.support.hierarchical.NodeTestTask.lambda$executeRecursively$9(NodeTestTask.java:139)
	at app//org.junit.platform.engine.support.hierarchical.ThrowableCollector.execute(ThrowableCollector.java:73)
	at app//org.junit.platform.engine.support.hierarchical.NodeTestTask.executeRecursively(NodeTestTask.java:138)
	at app//org.junit.platform.engine.support.hierarchical.NodeTestTask.execute(NodeTestTask.java:95)
	at java.base@11.0.18/java.util.ArrayList.forEach(ArrayList.java:1541)
	at app//org.junit.platform.engine.support.hierarchical.SameThreadHierarchicalTestExecutorService.invokeAll(SameThreadHierarchicalTestExecutorService.java:41)
	at app//org.junit.platform.engine.support.hierarchical.NodeTestTask.lambda$executeRecursively$6(NodeTestTask.java:155)
	at app//org.junit.platform.engine.support.hierarchical.ThrowableCollector.execute(ThrowableCollector.java:73)
	at app//org.junit.platform.engine.support.hierarchical.NodeTestTask.lambda$executeRecursively$8(NodeTestTask.java:141)
	at app//org.junit.platform.engine.support.hierarchical.Node.around(Node.java:137)
	at app//org.junit.platform.engine.support.hierarchical.NodeTestTask.lambda$executeRecursively$9(NodeTestTask.java:139)
	at app//org.junit.platform.engine.support.hierarchical.ThrowableCollector.execute(ThrowableCollector.java:73)
	at app//org.junit.platform.engine.support.hierarchical.NodeTestTask.executeRecursively(NodeTestTask.java:138)
	at app//org.junit.platform.engine.support.hierarchical.NodeTestTask.execute(NodeTestTask.java:95)
	at java.base@11.0.18/java.util.ArrayList.forEach(ArrayList.java:1541)
	at app//org.junit.platform.engine.support.hierarchical.SameThreadHierarchicalTestExecutorService.invokeAll(SameThreadHierarchicalTestExecutorService.java:41)
	at app//org.junit.platform.engine.support.hierarchical.NodeTestTask.lambda$executeRecursively$6(NodeTestTask.java:155)
	at app//org.junit.platform.engine.support.hierarchical.ThrowableCollector.execute(ThrowableCollector.java:73)
	at app//org.junit.platform.engine.support.hierarchical.NodeTestTask.lambda$executeRecursively$8(NodeTestTask.java:141)
	at app//org.junit.platform.engine.support.hierarchical.Node.around(Node.java:137)
	at app//org.junit.platform.engine.support.hierarchical.NodeTestTask.lambda$executeRecursively$9(NodeTestTask.java:139)
	at app//org.junit.platform.engine.support.hierarchical.ThrowableCollector.execute(ThrowableCollector.java:73)
	at app//org.junit.platform.engine.support.hierarchical.NodeTestTask.executeRecursively(NodeTestTask.java:138)
	at app//org.junit.platform.engine.support.hierarchical.NodeTestTask.execute(NodeTestTask.java:95)
	at app//org.junit.platform.engine.support.hierarchical.SameThreadHierarchicalTestExecutorService.submit(SameThreadHierarchicalTestExecutorService.java:35)
	at app//org.junit.platform.engine.support.hierarchical.HierarchicalTestExecutor.execute(HierarchicalTestExecutor.java:57)
	at app//org.junit.platform.engine.support.hierarchical.HierarchicalTestEngine.execute(HierarchicalTestEngine.java:54)
	at org.junit.platform.launcher.core.EngineExecutionOrchestrator.execute(EngineExecutionOrchestrator.java:107)
	at org.junit.platform.launcher.core.EngineExecutionOrchestrator.execute(EngineExecutionOrchestrator.java:88)
	at org.junit.platform.launcher.core.EngineExecutionOrchestrator.lambda$execute$0(EngineExecutionOrchestrator.java:54)
	at org.junit.platform.launcher.core.EngineExecutionOrchestrator.withInterceptedStreams(EngineExecutionOrchestrator.java:67)
	at org.junit.platform.launcher.core.EngineExecutionOrchestrator.execute(EngineExecutionOrchestrator.java:52)
	at org.junit.platform.launcher.core.DefaultLauncher.execute(DefaultLauncher.java:114)
	at org.junit.platform.launcher.core.DefaultLauncher.execute(DefaultLauncher.java:86)
	at org.junit.platform.launcher.core.DefaultLauncherSession$DelegatingLauncher.execute(DefaultLauncherSession.java:86)
	at org.junit.platform.launcher.core.SessionPerRequestLauncher.execute(SessionPerRequestLauncher.java:53)
	at org.gradle.api.internal.tasks.testing.junitplatform.JUnitPlatformTestClassProcessor$CollectAllTestClassesExecutor.processAllTestClasses(JUnitPlatformTestClassProcessor.java:99)
	at org.gradle.api.internal.tasks.testing.junitplatform.JUnitPlatformTestClassProcessor$CollectAllTestClassesExecutor.access$000(JUnitPlatformTestClassProcessor.java:79)
	at org.gradle.api.internal.tasks.testing.junitplatform.JUnitPlatformTestClassProcessor.stop(JUnitPlatformTestClassProcessor.java:75)
	at org.gradle.api.internal.tasks.testing.SuiteTestClassProcessor.stop(SuiteTestClassProcessor.java:62)
	at java.base@11.0.18/jdk.internal.reflect.NativeMethodAccessorImpl.invoke0(Native Method)
	at java.base@11.0.18/jdk.internal.reflect.NativeMethodAccessorImpl.invoke(NativeMethodAccessorImpl.java:62)
	at java.base@11.0.18/jdk.internal.reflect.DelegatingMethodAccessorImpl.invoke(DelegatingMethodAccessorImpl.java:43)
	at java.base@11.0.18/java.lang.reflect.Method.invoke(Method.java:566)
	at org.gradle.internal.dispatch.ReflectionDispatch.dispatch(ReflectionDispatch.java:36)
	at org.gradle.internal.dispatch.ReflectionDispatch.dispatch(ReflectionDispatch.java:24)
	at org.gradle.internal.dispatch.ContextClassLoaderDispatch.dispatch(ContextClassLoaderDispatch.java:33)
	at org.gradle.internal.dispatch.ProxyDispatchAdapter$DispatchingInvocationHandler.invoke(ProxyDispatchAdapter.java:94)
	at com.sun.proxy.$Proxy2.stop(Unknown Source)
	at org.gradle.api.internal.tasks.testing.worker.TestWorker$3.run(TestWorker.java:193)
	at org.gradle.api.internal.tasks.testing.worker.TestWorker.executeAndMaintainThreadName(TestWorker.java:129)
	at org.gradle.api.internal.tasks.testing.worker.TestWorker.execute(TestWorker.java:100)
	at org.gradle.api.internal.tasks.testing.worker.TestWorker.execute(TestWorker.java:60)
	at org.gradle.process.internal.worker.child.ActionExecutionWorker.execute(ActionExecutionWorker.java:56)
	at org.gradle.process.internal.worker.child.SystemApplicationClassLoaderWorker.call(SystemApplicationClassLoaderWorker.java:113)
	at org.gradle.process.internal.worker.child.SystemApplicationClassLoaderWorker.call(SystemApplicationClassLoaderWorker.java:65)
	at app//worker.org.gradle.process.internal.worker.GradleWorkerMain.run(GradleWorkerMain.java:69)
	at app//worker.org.gradle.process.internal.worker.GradleWorkerMain.main(GradleWorkerMain.java:74)
</failure>
  </testcase>
  <testcase name="MethodContracts" classname="de.uka.ilkd.key.proof.runallproofs.RunAllProofsInfFlow" time="1.16">
    <failure message="org.opentest4j.AssertionFailedError: Executed process terminated with non-zero exit value. ==&gt; expected: &lt;0&gt; but was: &lt;1&gt;" type="org.opentest4j.AssertionFailedError">org.opentest4j.AssertionFailedError: Executed process terminated with non-zero exit value. ==&gt; expected: &lt;0&gt; but was: &lt;1&gt;
	at app//org.junit.jupiter.api.AssertionUtils.fail(AssertionUtils.java:55)
	at app//org.junit.jupiter.api.AssertionUtils.failNotEqual(AssertionUtils.java:62)
	at app//org.junit.jupiter.api.AssertEquals.assertEquals(AssertEquals.java:150)
	at app//org.junit.jupiter.api.Assertions.assertEquals(Assertions.java:559)
	at app//de.uka.ilkd.key.proof.runallproofs.proofcollection.ForkedTestFileRunner.processTestFiles(ForkedTestFileRunner.java:129)
	at app//de.uka.ilkd.key.proof.runallproofs.RunAllProofsTestUnit.runTest(RunAllProofsTestUnit.java:85)
	at app//de.uka.ilkd.key.proof.runallproofs.RunAllProofsTest.lambda$data$0(RunAllProofsTest.java:83)
	at app//org.junit.jupiter.engine.descriptor.DynamicTestTestDescriptor.lambda$execute$0(DynamicTestTestDescriptor.java:53)
	at app//org.junit.jupiter.engine.execution.InvocationInterceptorChain$ValidatingInvocation.proceed(InvocationInterceptorChain.java:131)
	at app//org.junit.jupiter.api.extension.InvocationInterceptor.interceptDynamicTest(InvocationInterceptor.java:167)
	at app//org.junit.jupiter.api.extension.InvocationInterceptor.interceptDynamicTest(InvocationInterceptor.java:184)
	at app//org.junit.jupiter.engine.descriptor.DynamicTestTestDescriptor.lambda$execute$1(DynamicTestTestDescriptor.java:61)
	at app//org.junit.jupiter.engine.execution.InvocationInterceptorChain$InterceptorCall.lambda$ofVoid$0(InvocationInterceptorChain.java:78)
	at app//org.junit.jupiter.engine.execution.InvocationInterceptorChain$InterceptedInvocation.proceed(InvocationInterceptorChain.java:106)
	at app//org.junit.jupiter.engine.execution.InvocationInterceptorChain.proceed(InvocationInterceptorChain.java:64)
	at app//org.junit.jupiter.engine.execution.InvocationInterceptorChain.chainAndInvoke(InvocationInterceptorChain.java:45)
	at app//org.junit.jupiter.engine.execution.InvocationInterceptorChain.invoke(InvocationInterceptorChain.java:37)
	at app//org.junit.jupiter.engine.descriptor.DynamicTestTestDescriptor.execute(DynamicTestTestDescriptor.java:60)
	at app//org.junit.jupiter.engine.descriptor.DynamicTestTestDescriptor.execute(DynamicTestTestDescriptor.java:32)
	at app//org.junit.platform.engine.support.hierarchical.NodeTestTask.lambda$executeRecursively$6(NodeTestTask.java:151)
	at app//org.junit.platform.engine.support.hierarchical.ThrowableCollector.execute(ThrowableCollector.java:73)
	at app//org.junit.platform.engine.support.hierarchical.NodeTestTask.lambda$executeRecursively$8(NodeTestTask.java:141)
	at app//org.junit.platform.engine.support.hierarchical.Node.around(Node.java:137)
	at app//org.junit.platform.engine.support.hierarchical.NodeTestTask.lambda$executeRecursively$9(NodeTestTask.java:139)
	at app//org.junit.platform.engine.support.hierarchical.ThrowableCollector.execute(ThrowableCollector.java:73)
	at app//org.junit.platform.engine.support.hierarchical.NodeTestTask.executeRecursively(NodeTestTask.java:138)
	at app//org.junit.platform.engine.support.hierarchical.NodeTestTask.execute(NodeTestTask.java:95)
	at app//org.junit.platform.engine.support.hierarchical.SameThreadHierarchicalTestExecutorService.submit(SameThreadHierarchicalTestExecutorService.java:35)
	at app//org.junit.platform.engine.support.hierarchical.NodeTestTask$DefaultDynamicTestExecutor.execute(NodeTestTask.java:226)
	at app//org.junit.platform.engine.support.hierarchical.NodeTestTask$DefaultDynamicTestExecutor.execute(NodeTestTask.java:204)
	at java.base@11.0.18/java.util.Optional.ifPresent(Optional.java:183)
	at app//org.junit.jupiter.engine.descriptor.TestFactoryTestDescriptor.lambda$invokeTestMethod$1(TestFactoryTestDescriptor.java:108)
	at app//org.junit.platform.engine.support.hierarchical.ThrowableCollector.execute(ThrowableCollector.java:73)
	at app//org.junit.jupiter.engine.descriptor.TestFactoryTestDescriptor.invokeTestMethod(TestFactoryTestDescriptor.java:95)
	at app//org.junit.jupiter.engine.descriptor.TestMethodTestDescriptor.execute(TestMethodTestDescriptor.java:135)
	at app//org.junit.jupiter.engine.descriptor.TestMethodTestDescriptor.execute(TestMethodTestDescriptor.java:66)
	at app//org.junit.platform.engine.support.hierarchical.NodeTestTask.lambda$executeRecursively$6(NodeTestTask.java:151)
	at app//org.junit.platform.engine.support.hierarchical.ThrowableCollector.execute(ThrowableCollector.java:73)
	at app//org.junit.platform.engine.support.hierarchical.NodeTestTask.lambda$executeRecursively$8(NodeTestTask.java:141)
	at app//org.junit.platform.engine.support.hierarchical.Node.around(Node.java:137)
	at app//org.junit.platform.engine.support.hierarchical.NodeTestTask.lambda$executeRecursively$9(NodeTestTask.java:139)
	at app//org.junit.platform.engine.support.hierarchical.ThrowableCollector.execute(ThrowableCollector.java:73)
	at app//org.junit.platform.engine.support.hierarchical.NodeTestTask.executeRecursively(NodeTestTask.java:138)
	at app//org.junit.platform.engine.support.hierarchical.NodeTestTask.execute(NodeTestTask.java:95)
	at java.base@11.0.18/java.util.ArrayList.forEach(ArrayList.java:1541)
	at app//org.junit.platform.engine.support.hierarchical.SameThreadHierarchicalTestExecutorService.invokeAll(SameThreadHierarchicalTestExecutorService.java:41)
	at app//org.junit.platform.engine.support.hierarchical.NodeTestTask.lambda$executeRecursively$6(NodeTestTask.java:155)
	at app//org.junit.platform.engine.support.hierarchical.ThrowableCollector.execute(ThrowableCollector.java:73)
	at app//org.junit.platform.engine.support.hierarchical.NodeTestTask.lambda$executeRecursively$8(NodeTestTask.java:141)
	at app//org.junit.platform.engine.support.hierarchical.Node.around(Node.java:137)
	at app//org.junit.platform.engine.support.hierarchical.NodeTestTask.lambda$executeRecursively$9(NodeTestTask.java:139)
	at app//org.junit.platform.engine.support.hierarchical.ThrowableCollector.execute(ThrowableCollector.java:73)
	at app//org.junit.platform.engine.support.hierarchical.NodeTestTask.executeRecursively(NodeTestTask.java:138)
	at app//org.junit.platform.engine.support.hierarchical.NodeTestTask.execute(NodeTestTask.java:95)
	at java.base@11.0.18/java.util.ArrayList.forEach(ArrayList.java:1541)
	at app//org.junit.platform.engine.support.hierarchical.SameThreadHierarchicalTestExecutorService.invokeAll(SameThreadHierarchicalTestExecutorService.java:41)
	at app//org.junit.platform.engine.support.hierarchical.NodeTestTask.lambda$executeRecursively$6(NodeTestTask.java:155)
	at app//org.junit.platform.engine.support.hierarchical.ThrowableCollector.execute(ThrowableCollector.java:73)
	at app//org.junit.platform.engine.support.hierarchical.NodeTestTask.lambda$executeRecursively$8(NodeTestTask.java:141)
	at app//org.junit.platform.engine.support.hierarchical.Node.around(Node.java:137)
	at app//org.junit.platform.engine.support.hierarchical.NodeTestTask.lambda$executeRecursively$9(NodeTestTask.java:139)
	at app//org.junit.platform.engine.support.hierarchical.ThrowableCollector.execute(ThrowableCollector.java:73)
	at app//org.junit.platform.engine.support.hierarchical.NodeTestTask.executeRecursively(NodeTestTask.java:138)
	at app//org.junit.platform.engine.support.hierarchical.NodeTestTask.execute(NodeTestTask.java:95)
	at app//org.junit.platform.engine.support.hierarchical.SameThreadHierarchicalTestExecutorService.submit(SameThreadHierarchicalTestExecutorService.java:35)
	at app//org.junit.platform.engine.support.hierarchical.HierarchicalTestExecutor.execute(HierarchicalTestExecutor.java:57)
	at app//org.junit.platform.engine.support.hierarchical.HierarchicalTestEngine.execute(HierarchicalTestEngine.java:54)
	at org.junit.platform.launcher.core.EngineExecutionOrchestrator.execute(EngineExecutionOrchestrator.java:107)
	at org.junit.platform.launcher.core.EngineExecutionOrchestrator.execute(EngineExecutionOrchestrator.java:88)
	at org.junit.platform.launcher.core.EngineExecutionOrchestrator.lambda$execute$0(EngineExecutionOrchestrator.java:54)
	at org.junit.platform.launcher.core.EngineExecutionOrchestrator.withInterceptedStreams(EngineExecutionOrchestrator.java:67)
	at org.junit.platform.launcher.core.EngineExecutionOrchestrator.execute(EngineExecutionOrchestrator.java:52)
	at org.junit.platform.launcher.core.DefaultLauncher.execute(DefaultLauncher.java:114)
	at org.junit.platform.launcher.core.DefaultLauncher.execute(DefaultLauncher.java:86)
	at org.junit.platform.launcher.core.DefaultLauncherSession$DelegatingLauncher.execute(DefaultLauncherSession.java:86)
	at org.junit.platform.launcher.core.SessionPerRequestLauncher.execute(SessionPerRequestLauncher.java:53)
	at org.gradle.api.internal.tasks.testing.junitplatform.JUnitPlatformTestClassProcessor$CollectAllTestClassesExecutor.processAllTestClasses(JUnitPlatformTestClassProcessor.java:99)
	at org.gradle.api.internal.tasks.testing.junitplatform.JUnitPlatformTestClassProcessor$CollectAllTestClassesExecutor.access$000(JUnitPlatformTestClassProcessor.java:79)
	at org.gradle.api.internal.tasks.testing.junitplatform.JUnitPlatformTestClassProcessor.stop(JUnitPlatformTestClassProcessor.java:75)
	at org.gradle.api.internal.tasks.testing.SuiteTestClassProcessor.stop(SuiteTestClassProcessor.java:62)
	at java.base@11.0.18/jdk.internal.reflect.NativeMethodAccessorImpl.invoke0(Native Method)
	at java.base@11.0.18/jdk.internal.reflect.NativeMethodAccessorImpl.invoke(NativeMethodAccessorImpl.java:62)
	at java.base@11.0.18/jdk.internal.reflect.DelegatingMethodAccessorImpl.invoke(DelegatingMethodAccessorImpl.java:43)
	at java.base@11.0.18/java.lang.reflect.Method.invoke(Method.java:566)
	at org.gradle.internal.dispatch.ReflectionDispatch.dispatch(ReflectionDispatch.java:36)
	at org.gradle.internal.dispatch.ReflectionDispatch.dispatch(ReflectionDispatch.java:24)
	at org.gradle.internal.dispatch.ContextClassLoaderDispatch.dispatch(ContextClassLoaderDispatch.java:33)
	at org.gradle.internal.dispatch.ProxyDispatchAdapter$DispatchingInvocationHandler.invoke(ProxyDispatchAdapter.java:94)
	at com.sun.proxy.$Proxy2.stop(Unknown Source)
	at org.gradle.api.internal.tasks.testing.worker.TestWorker$3.run(TestWorker.java:193)
	at org.gradle.api.internal.tasks.testing.worker.TestWorker.executeAndMaintainThreadName(TestWorker.java:129)
	at org.gradle.api.internal.tasks.testing.worker.TestWorker.execute(TestWorker.java:100)
	at org.gradle.api.internal.tasks.testing.worker.TestWorker.execute(TestWorker.java:60)
	at org.gradle.process.internal.worker.child.ActionExecutionWorker.execute(ActionExecutionWorker.java:56)
	at org.gradle.process.internal.worker.child.SystemApplicationClassLoaderWorker.call(SystemApplicationClassLoaderWorker.java:113)
	at org.gradle.process.internal.worker.child.SystemApplicationClassLoaderWorker.call(SystemApplicationClassLoaderWorker.java:65)
	at app//worker.org.gradle.process.internal.worker.GradleWorkerMain.run(GradleWorkerMain.java:69)
	at app//worker.org.gradle.process.internal.worker.GradleWorkerMain.main(GradleWorkerMain.java:74)
</failure>
  </testcase>
  <testcase name="LoopInvariants" classname="de.uka.ilkd.key.proof.runallproofs.RunAllProofsInfFlow" time="1.124">
    <failure message="org.opentest4j.AssertionFailedError: Executed process terminated with non-zero exit value. ==&gt; expected: &lt;0&gt; but was: &lt;1&gt;" type="org.opentest4j.AssertionFailedError">org.opentest4j.AssertionFailedError: Executed process terminated with non-zero exit value. ==&gt; expected: &lt;0&gt; but was: &lt;1&gt;
	at app//org.junit.jupiter.api.AssertionUtils.fail(AssertionUtils.java:55)
	at app//org.junit.jupiter.api.AssertionUtils.failNotEqual(AssertionUtils.java:62)
	at app//org.junit.jupiter.api.AssertEquals.assertEquals(AssertEquals.java:150)
	at app//org.junit.jupiter.api.Assertions.assertEquals(Assertions.java:559)
	at app//de.uka.ilkd.key.proof.runallproofs.proofcollection.ForkedTestFileRunner.processTestFiles(ForkedTestFileRunner.java:129)
	at app//de.uka.ilkd.key.proof.runallproofs.RunAllProofsTestUnit.runTest(RunAllProofsTestUnit.java:85)
	at app//de.uka.ilkd.key.proof.runallproofs.RunAllProofsTest.lambda$data$0(RunAllProofsTest.java:83)
	at app//org.junit.jupiter.engine.descriptor.DynamicTestTestDescriptor.lambda$execute$0(DynamicTestTestDescriptor.java:53)
	at app//org.junit.jupiter.engine.execution.InvocationInterceptorChain$ValidatingInvocation.proceed(InvocationInterceptorChain.java:131)
	at app//org.junit.jupiter.api.extension.InvocationInterceptor.interceptDynamicTest(InvocationInterceptor.java:167)
	at app//org.junit.jupiter.api.extension.InvocationInterceptor.interceptDynamicTest(InvocationInterceptor.java:184)
	at app//org.junit.jupiter.engine.descriptor.DynamicTestTestDescriptor.lambda$execute$1(DynamicTestTestDescriptor.java:61)
	at app//org.junit.jupiter.engine.execution.InvocationInterceptorChain$InterceptorCall.lambda$ofVoid$0(InvocationInterceptorChain.java:78)
	at app//org.junit.jupiter.engine.execution.InvocationInterceptorChain$InterceptedInvocation.proceed(InvocationInterceptorChain.java:106)
	at app//org.junit.jupiter.engine.execution.InvocationInterceptorChain.proceed(InvocationInterceptorChain.java:64)
	at app//org.junit.jupiter.engine.execution.InvocationInterceptorChain.chainAndInvoke(InvocationInterceptorChain.java:45)
	at app//org.junit.jupiter.engine.execution.InvocationInterceptorChain.invoke(InvocationInterceptorChain.java:37)
	at app//org.junit.jupiter.engine.descriptor.DynamicTestTestDescriptor.execute(DynamicTestTestDescriptor.java:60)
	at app//org.junit.jupiter.engine.descriptor.DynamicTestTestDescriptor.execute(DynamicTestTestDescriptor.java:32)
	at app//org.junit.platform.engine.support.hierarchical.NodeTestTask.lambda$executeRecursively$6(NodeTestTask.java:151)
	at app//org.junit.platform.engine.support.hierarchical.ThrowableCollector.execute(ThrowableCollector.java:73)
	at app//org.junit.platform.engine.support.hierarchical.NodeTestTask.lambda$executeRecursively$8(NodeTestTask.java:141)
	at app//org.junit.platform.engine.support.hierarchical.Node.around(Node.java:137)
	at app//org.junit.platform.engine.support.hierarchical.NodeTestTask.lambda$executeRecursively$9(NodeTestTask.java:139)
	at app//org.junit.platform.engine.support.hierarchical.ThrowableCollector.execute(ThrowableCollector.java:73)
	at app//org.junit.platform.engine.support.hierarchical.NodeTestTask.executeRecursively(NodeTestTask.java:138)
	at app//org.junit.platform.engine.support.hierarchical.NodeTestTask.execute(NodeTestTask.java:95)
	at app//org.junit.platform.engine.support.hierarchical.SameThreadHierarchicalTestExecutorService.submit(SameThreadHierarchicalTestExecutorService.java:35)
	at app//org.junit.platform.engine.support.hierarchical.NodeTestTask$DefaultDynamicTestExecutor.execute(NodeTestTask.java:226)
	at app//org.junit.platform.engine.support.hierarchical.NodeTestTask$DefaultDynamicTestExecutor.execute(NodeTestTask.java:204)
	at java.base@11.0.18/java.util.Optional.ifPresent(Optional.java:183)
	at app//org.junit.jupiter.engine.descriptor.TestFactoryTestDescriptor.lambda$invokeTestMethod$1(TestFactoryTestDescriptor.java:108)
	at app//org.junit.platform.engine.support.hierarchical.ThrowableCollector.execute(ThrowableCollector.java:73)
	at app//org.junit.jupiter.engine.descriptor.TestFactoryTestDescriptor.invokeTestMethod(TestFactoryTestDescriptor.java:95)
	at app//org.junit.jupiter.engine.descriptor.TestMethodTestDescriptor.execute(TestMethodTestDescriptor.java:135)
	at app//org.junit.jupiter.engine.descriptor.TestMethodTestDescriptor.execute(TestMethodTestDescriptor.java:66)
	at app//org.junit.platform.engine.support.hierarchical.NodeTestTask.lambda$executeRecursively$6(NodeTestTask.java:151)
	at app//org.junit.platform.engine.support.hierarchical.ThrowableCollector.execute(ThrowableCollector.java:73)
	at app//org.junit.platform.engine.support.hierarchical.NodeTestTask.lambda$executeRecursively$8(NodeTestTask.java:141)
	at app//org.junit.platform.engine.support.hierarchical.Node.around(Node.java:137)
	at app//org.junit.platform.engine.support.hierarchical.NodeTestTask.lambda$executeRecursively$9(NodeTestTask.java:139)
	at app//org.junit.platform.engine.support.hierarchical.ThrowableCollector.execute(ThrowableCollector.java:73)
	at app//org.junit.platform.engine.support.hierarchical.NodeTestTask.executeRecursively(NodeTestTask.java:138)
	at app//org.junit.platform.engine.support.hierarchical.NodeTestTask.execute(NodeTestTask.java:95)
	at java.base@11.0.18/java.util.ArrayList.forEach(ArrayList.java:1541)
	at app//org.junit.platform.engine.support.hierarchical.SameThreadHierarchicalTestExecutorService.invokeAll(SameThreadHierarchicalTestExecutorService.java:41)
	at app//org.junit.platform.engine.support.hierarchical.NodeTestTask.lambda$executeRecursively$6(NodeTestTask.java:155)
	at app//org.junit.platform.engine.support.hierarchical.ThrowableCollector.execute(ThrowableCollector.java:73)
	at app//org.junit.platform.engine.support.hierarchical.NodeTestTask.lambda$executeRecursively$8(NodeTestTask.java:141)
	at app//org.junit.platform.engine.support.hierarchical.Node.around(Node.java:137)
	at app//org.junit.platform.engine.support.hierarchical.NodeTestTask.lambda$executeRecursively$9(NodeTestTask.java:139)
	at app//org.junit.platform.engine.support.hierarchical.ThrowableCollector.execute(ThrowableCollector.java:73)
	at app//org.junit.platform.engine.support.hierarchical.NodeTestTask.executeRecursively(NodeTestTask.java:138)
	at app//org.junit.platform.engine.support.hierarchical.NodeTestTask.execute(NodeTestTask.java:95)
	at java.base@11.0.18/java.util.ArrayList.forEach(ArrayList.java:1541)
	at app//org.junit.platform.engine.support.hierarchical.SameThreadHierarchicalTestExecutorService.invokeAll(SameThreadHierarchicalTestExecutorService.java:41)
	at app//org.junit.platform.engine.support.hierarchical.NodeTestTask.lambda$executeRecursively$6(NodeTestTask.java:155)
	at app//org.junit.platform.engine.support.hierarchical.ThrowableCollector.execute(ThrowableCollector.java:73)
	at app//org.junit.platform.engine.support.hierarchical.NodeTestTask.lambda$executeRecursively$8(NodeTestTask.java:141)
	at app//org.junit.platform.engine.support.hierarchical.Node.around(Node.java:137)
	at app//org.junit.platform.engine.support.hierarchical.NodeTestTask.lambda$executeRecursively$9(NodeTestTask.java:139)
	at app//org.junit.platform.engine.support.hierarchical.ThrowableCollector.execute(ThrowableCollector.java:73)
	at app//org.junit.platform.engine.support.hierarchical.NodeTestTask.executeRecursively(NodeTestTask.java:138)
	at app//org.junit.platform.engine.support.hierarchical.NodeTestTask.execute(NodeTestTask.java:95)
	at app//org.junit.platform.engine.support.hierarchical.SameThreadHierarchicalTestExecutorService.submit(SameThreadHierarchicalTestExecutorService.java:35)
	at app//org.junit.platform.engine.support.hierarchical.HierarchicalTestExecutor.execute(HierarchicalTestExecutor.java:57)
	at app//org.junit.platform.engine.support.hierarchical.HierarchicalTestEngine.execute(HierarchicalTestEngine.java:54)
	at org.junit.platform.launcher.core.EngineExecutionOrchestrator.execute(EngineExecutionOrchestrator.java:107)
	at org.junit.platform.launcher.core.EngineExecutionOrchestrator.execute(EngineExecutionOrchestrator.java:88)
	at org.junit.platform.launcher.core.EngineExecutionOrchestrator.lambda$execute$0(EngineExecutionOrchestrator.java:54)
	at org.junit.platform.launcher.core.EngineExecutionOrchestrator.withInterceptedStreams(EngineExecutionOrchestrator.java:67)
	at org.junit.platform.launcher.core.EngineExecutionOrchestrator.execute(EngineExecutionOrchestrator.java:52)
	at org.junit.platform.launcher.core.DefaultLauncher.execute(DefaultLauncher.java:114)
	at org.junit.platform.launcher.core.DefaultLauncher.execute(DefaultLauncher.java:86)
	at org.junit.platform.launcher.core.DefaultLauncherSession$DelegatingLauncher.execute(DefaultLauncherSession.java:86)
	at org.junit.platform.launcher.core.SessionPerRequestLauncher.execute(SessionPerRequestLauncher.java:53)
	at org.gradle.api.internal.tasks.testing.junitplatform.JUnitPlatformTestClassProcessor$CollectAllTestClassesExecutor.processAllTestClasses(JUnitPlatformTestClassProcessor.java:99)
	at org.gradle.api.internal.tasks.testing.junitplatform.JUnitPlatformTestClassProcessor$CollectAllTestClassesExecutor.access$000(JUnitPlatformTestClassProcessor.java:79)
	at org.gradle.api.internal.tasks.testing.junitplatform.JUnitPlatformTestClassProcessor.stop(JUnitPlatformTestClassProcessor.java:75)
	at org.gradle.api.internal.tasks.testing.SuiteTestClassProcessor.stop(SuiteTestClassProcessor.java:62)
	at java.base@11.0.18/jdk.internal.reflect.NativeMethodAccessorImpl.invoke0(Native Method)
	at java.base@11.0.18/jdk.internal.reflect.NativeMethodAccessorImpl.invoke(NativeMethodAccessorImpl.java:62)
	at java.base@11.0.18/jdk.internal.reflect.DelegatingMethodAccessorImpl.invoke(DelegatingMethodAccessorImpl.java:43)
	at java.base@11.0.18/java.lang.reflect.Method.invoke(Method.java:566)
	at org.gradle.internal.dispatch.ReflectionDispatch.dispatch(ReflectionDispatch.java:36)
	at org.gradle.internal.dispatch.ReflectionDispatch.dispatch(ReflectionDispatch.java:24)
	at org.gradle.internal.dispatch.ContextClassLoaderDispatch.dispatch(ContextClassLoaderDispatch.java:33)
	at org.gradle.internal.dispatch.ProxyDispatchAdapter$DispatchingInvocationHandler.invoke(ProxyDispatchAdapter.java:94)
	at com.sun.proxy.$Proxy2.stop(Unknown Source)
	at org.gradle.api.internal.tasks.testing.worker.TestWorker$3.run(TestWorker.java:193)
	at org.gradle.api.internal.tasks.testing.worker.TestWorker.executeAndMaintainThreadName(TestWorker.java:129)
	at org.gradle.api.internal.tasks.testing.worker.TestWorker.execute(TestWorker.java:100)
	at org.gradle.api.internal.tasks.testing.worker.TestWorker.execute(TestWorker.java:60)
	at org.gradle.process.internal.worker.child.ActionExecutionWorker.execute(ActionExecutionWorker.java:56)
	at org.gradle.process.internal.worker.child.SystemApplicationClassLoaderWorker.call(SystemApplicationClassLoaderWorker.java:113)
	at org.gradle.process.internal.worker.child.SystemApplicationClassLoaderWorker.call(SystemApplicationClassLoaderWorker.java:65)
	at app//worker.org.gradle.process.internal.worker.GradleWorkerMain.run(GradleWorkerMain.java:69)
	at app//worker.org.gradle.process.internal.worker.GradleWorkerMain.main(GradleWorkerMain.java:74)
</failure>
  </testcase>
  <testcase name="MiniExamples" classname="de.uka.ilkd.key.proof.runallproofs.RunAllProofsInfFlow" time="1.251">
    <failure message="org.opentest4j.AssertionFailedError: Executed process terminated with non-zero exit value. ==&gt; expected: &lt;0&gt; but was: &lt;1&gt;" type="org.opentest4j.AssertionFailedError">org.opentest4j.AssertionFailedError: Executed process terminated with non-zero exit value. ==&gt; expected: &lt;0&gt; but was: &lt;1&gt;
	at app//org.junit.jupiter.api.AssertionUtils.fail(AssertionUtils.java:55)
	at app//org.junit.jupiter.api.AssertionUtils.failNotEqual(AssertionUtils.java:62)
	at app//org.junit.jupiter.api.AssertEquals.assertEquals(AssertEquals.java:150)
	at app//org.junit.jupiter.api.Assertions.assertEquals(Assertions.java:559)
	at app//de.uka.ilkd.key.proof.runallproofs.proofcollection.ForkedTestFileRunner.processTestFiles(ForkedTestFileRunner.java:129)
	at app//de.uka.ilkd.key.proof.runallproofs.RunAllProofsTestUnit.runTest(RunAllProofsTestUnit.java:85)
	at app//de.uka.ilkd.key.proof.runallproofs.RunAllProofsTest.lambda$data$0(RunAllProofsTest.java:83)
	at app//org.junit.jupiter.engine.descriptor.DynamicTestTestDescriptor.lambda$execute$0(DynamicTestTestDescriptor.java:53)
	at app//org.junit.jupiter.engine.execution.InvocationInterceptorChain$ValidatingInvocation.proceed(InvocationInterceptorChain.java:131)
	at app//org.junit.jupiter.api.extension.InvocationInterceptor.interceptDynamicTest(InvocationInterceptor.java:167)
	at app//org.junit.jupiter.api.extension.InvocationInterceptor.interceptDynamicTest(InvocationInterceptor.java:184)
	at app//org.junit.jupiter.engine.descriptor.DynamicTestTestDescriptor.lambda$execute$1(DynamicTestTestDescriptor.java:61)
	at app//org.junit.jupiter.engine.execution.InvocationInterceptorChain$InterceptorCall.lambda$ofVoid$0(InvocationInterceptorChain.java:78)
	at app//org.junit.jupiter.engine.execution.InvocationInterceptorChain$InterceptedInvocation.proceed(InvocationInterceptorChain.java:106)
	at app//org.junit.jupiter.engine.execution.InvocationInterceptorChain.proceed(InvocationInterceptorChain.java:64)
	at app//org.junit.jupiter.engine.execution.InvocationInterceptorChain.chainAndInvoke(InvocationInterceptorChain.java:45)
	at app//org.junit.jupiter.engine.execution.InvocationInterceptorChain.invoke(InvocationInterceptorChain.java:37)
	at app//org.junit.jupiter.engine.descriptor.DynamicTestTestDescriptor.execute(DynamicTestTestDescriptor.java:60)
	at app//org.junit.jupiter.engine.descriptor.DynamicTestTestDescriptor.execute(DynamicTestTestDescriptor.java:32)
	at app//org.junit.platform.engine.support.hierarchical.NodeTestTask.lambda$executeRecursively$6(NodeTestTask.java:151)
	at app//org.junit.platform.engine.support.hierarchical.ThrowableCollector.execute(ThrowableCollector.java:73)
	at app//org.junit.platform.engine.support.hierarchical.NodeTestTask.lambda$executeRecursively$8(NodeTestTask.java:141)
	at app//org.junit.platform.engine.support.hierarchical.Node.around(Node.java:137)
	at app//org.junit.platform.engine.support.hierarchical.NodeTestTask.lambda$executeRecursively$9(NodeTestTask.java:139)
	at app//org.junit.platform.engine.support.hierarchical.ThrowableCollector.execute(ThrowableCollector.java:73)
	at app//org.junit.platform.engine.support.hierarchical.NodeTestTask.executeRecursively(NodeTestTask.java:138)
	at app//org.junit.platform.engine.support.hierarchical.NodeTestTask.execute(NodeTestTask.java:95)
	at app//org.junit.platform.engine.support.hierarchical.SameThreadHierarchicalTestExecutorService.submit(SameThreadHierarchicalTestExecutorService.java:35)
	at app//org.junit.platform.engine.support.hierarchical.NodeTestTask$DefaultDynamicTestExecutor.execute(NodeTestTask.java:226)
	at app//org.junit.platform.engine.support.hierarchical.NodeTestTask$DefaultDynamicTestExecutor.execute(NodeTestTask.java:204)
	at java.base@11.0.18/java.util.Optional.ifPresent(Optional.java:183)
	at app//org.junit.jupiter.engine.descriptor.TestFactoryTestDescriptor.lambda$invokeTestMethod$1(TestFactoryTestDescriptor.java:108)
	at app//org.junit.platform.engine.support.hierarchical.ThrowableCollector.execute(ThrowableCollector.java:73)
	at app//org.junit.jupiter.engine.descriptor.TestFactoryTestDescriptor.invokeTestMethod(TestFactoryTestDescriptor.java:95)
	at app//org.junit.jupiter.engine.descriptor.TestMethodTestDescriptor.execute(TestMethodTestDescriptor.java:135)
	at app//org.junit.jupiter.engine.descriptor.TestMethodTestDescriptor.execute(TestMethodTestDescriptor.java:66)
	at app//org.junit.platform.engine.support.hierarchical.NodeTestTask.lambda$executeRecursively$6(NodeTestTask.java:151)
	at app//org.junit.platform.engine.support.hierarchical.ThrowableCollector.execute(ThrowableCollector.java:73)
	at app//org.junit.platform.engine.support.hierarchical.NodeTestTask.lambda$executeRecursively$8(NodeTestTask.java:141)
	at app//org.junit.platform.engine.support.hierarchical.Node.around(Node.java:137)
	at app//org.junit.platform.engine.support.hierarchical.NodeTestTask.lambda$executeRecursively$9(NodeTestTask.java:139)
	at app//org.junit.platform.engine.support.hierarchical.ThrowableCollector.execute(ThrowableCollector.java:73)
	at app//org.junit.platform.engine.support.hierarchical.NodeTestTask.executeRecursively(NodeTestTask.java:138)
	at app//org.junit.platform.engine.support.hierarchical.NodeTestTask.execute(NodeTestTask.java:95)
	at java.base@11.0.18/java.util.ArrayList.forEach(ArrayList.java:1541)
	at app//org.junit.platform.engine.support.hierarchical.SameThreadHierarchicalTestExecutorService.invokeAll(SameThreadHierarchicalTestExecutorService.java:41)
	at app//org.junit.platform.engine.support.hierarchical.NodeTestTask.lambda$executeRecursively$6(NodeTestTask.java:155)
	at app//org.junit.platform.engine.support.hierarchical.ThrowableCollector.execute(ThrowableCollector.java:73)
	at app//org.junit.platform.engine.support.hierarchical.NodeTestTask.lambda$executeRecursively$8(NodeTestTask.java:141)
	at app//org.junit.platform.engine.support.hierarchical.Node.around(Node.java:137)
	at app//org.junit.platform.engine.support.hierarchical.NodeTestTask.lambda$executeRecursively$9(NodeTestTask.java:139)
	at app//org.junit.platform.engine.support.hierarchical.ThrowableCollector.execute(ThrowableCollector.java:73)
	at app//org.junit.platform.engine.support.hierarchical.NodeTestTask.executeRecursively(NodeTestTask.java:138)
	at app//org.junit.platform.engine.support.hierarchical.NodeTestTask.execute(NodeTestTask.java:95)
	at java.base@11.0.18/java.util.ArrayList.forEach(ArrayList.java:1541)
	at app//org.junit.platform.engine.support.hierarchical.SameThreadHierarchicalTestExecutorService.invokeAll(SameThreadHierarchicalTestExecutorService.java:41)
	at app//org.junit.platform.engine.support.hierarchical.NodeTestTask.lambda$executeRecursively$6(NodeTestTask.java:155)
	at app//org.junit.platform.engine.support.hierarchical.ThrowableCollector.execute(ThrowableCollector.java:73)
	at app//org.junit.platform.engine.support.hierarchical.NodeTestTask.lambda$executeRecursively$8(NodeTestTask.java:141)
	at app//org.junit.platform.engine.support.hierarchical.Node.around(Node.java:137)
	at app//org.junit.platform.engine.support.hierarchical.NodeTestTask.lambda$executeRecursively$9(NodeTestTask.java:139)
	at app//org.junit.platform.engine.support.hierarchical.ThrowableCollector.execute(ThrowableCollector.java:73)
	at app//org.junit.platform.engine.support.hierarchical.NodeTestTask.executeRecursively(NodeTestTask.java:138)
	at app//org.junit.platform.engine.support.hierarchical.NodeTestTask.execute(NodeTestTask.java:95)
	at app//org.junit.platform.engine.support.hierarchical.SameThreadHierarchicalTestExecutorService.submit(SameThreadHierarchicalTestExecutorService.java:35)
	at app//org.junit.platform.engine.support.hierarchical.HierarchicalTestExecutor.execute(HierarchicalTestExecutor.java:57)
	at app//org.junit.platform.engine.support.hierarchical.HierarchicalTestEngine.execute(HierarchicalTestEngine.java:54)
	at org.junit.platform.launcher.core.EngineExecutionOrchestrator.execute(EngineExecutionOrchestrator.java:107)
	at org.junit.platform.launcher.core.EngineExecutionOrchestrator.execute(EngineExecutionOrchestrator.java:88)
	at org.junit.platform.launcher.core.EngineExecutionOrchestrator.lambda$execute$0(EngineExecutionOrchestrator.java:54)
	at org.junit.platform.launcher.core.EngineExecutionOrchestrator.withInterceptedStreams(EngineExecutionOrchestrator.java:67)
	at org.junit.platform.launcher.core.EngineExecutionOrchestrator.execute(EngineExecutionOrchestrator.java:52)
	at org.junit.platform.launcher.core.DefaultLauncher.execute(DefaultLauncher.java:114)
	at org.junit.platform.launcher.core.DefaultLauncher.execute(DefaultLauncher.java:86)
	at org.junit.platform.launcher.core.DefaultLauncherSession$DelegatingLauncher.execute(DefaultLauncherSession.java:86)
	at org.junit.platform.launcher.core.SessionPerRequestLauncher.execute(SessionPerRequestLauncher.java:53)
	at org.gradle.api.internal.tasks.testing.junitplatform.JUnitPlatformTestClassProcessor$CollectAllTestClassesExecutor.processAllTestClasses(JUnitPlatformTestClassProcessor.java:99)
	at org.gradle.api.internal.tasks.testing.junitplatform.JUnitPlatformTestClassProcessor$CollectAllTestClassesExecutor.access$000(JUnitPlatformTestClassProcessor.java:79)
	at org.gradle.api.internal.tasks.testing.junitplatform.JUnitPlatformTestClassProcessor.stop(JUnitPlatformTestClassProcessor.java:75)
	at org.gradle.api.internal.tasks.testing.SuiteTestClassProcessor.stop(SuiteTestClassProcessor.java:62)
	at java.base@11.0.18/jdk.internal.reflect.NativeMethodAccessorImpl.invoke0(Native Method)
	at java.base@11.0.18/jdk.internal.reflect.NativeMethodAccessorImpl.invoke(NativeMethodAccessorImpl.java:62)
	at java.base@11.0.18/jdk.internal.reflect.DelegatingMethodAccessorImpl.invoke(DelegatingMethodAccessorImpl.java:43)
	at java.base@11.0.18/java.lang.reflect.Method.invoke(Method.java:566)
	at org.gradle.internal.dispatch.ReflectionDispatch.dispatch(ReflectionDispatch.java:36)
	at org.gradle.internal.dispatch.ReflectionDispatch.dispatch(ReflectionDispatch.java:24)
	at org.gradle.internal.dispatch.ContextClassLoaderDispatch.dispatch(ContextClassLoaderDispatch.java:33)
	at org.gradle.internal.dispatch.ProxyDispatchAdapter$DispatchingInvocationHandler.invoke(ProxyDispatchAdapter.java:94)
	at com.sun.proxy.$Proxy2.stop(Unknown Source)
	at org.gradle.api.internal.tasks.testing.worker.TestWorker$3.run(TestWorker.java:193)
	at org.gradle.api.internal.tasks.testing.worker.TestWorker.executeAndMaintainThreadName(TestWorker.java:129)
	at org.gradle.api.internal.tasks.testing.worker.TestWorker.execute(TestWorker.java:100)
	at org.gradle.api.internal.tasks.testing.worker.TestWorker.execute(TestWorker.java:60)
	at org.gradle.process.internal.worker.child.ActionExecutionWorker.execute(ActionExecutionWorker.java:56)
	at org.gradle.process.internal.worker.child.SystemApplicationClassLoaderWorker.call(SystemApplicationClassLoaderWorker.java:113)
	at org.gradle.process.internal.worker.child.SystemApplicationClassLoaderWorker.call(SystemApplicationClassLoaderWorker.java:65)
	at app//worker.org.gradle.process.internal.worker.GradleWorkerMain.run(GradleWorkerMain.java:69)
	at app//worker.org.gradle.process.internal.worker.GradleWorkerMain.main(GradleWorkerMain.java:74)
</failure>
  </testcase>
  <testcase name="NewObjects" classname="de.uka.ilkd.key.proof.runallproofs.RunAllProofsInfFlow" time="1.066">
    <failure message="org.opentest4j.AssertionFailedError: Executed process terminated with non-zero exit value. ==&gt; expected: &lt;0&gt; but was: &lt;1&gt;" type="org.opentest4j.AssertionFailedError">org.opentest4j.AssertionFailedError: Executed process terminated with non-zero exit value. ==&gt; expected: &lt;0&gt; but was: &lt;1&gt;
	at app//org.junit.jupiter.api.AssertionUtils.fail(AssertionUtils.java:55)
	at app//org.junit.jupiter.api.AssertionUtils.failNotEqual(AssertionUtils.java:62)
	at app//org.junit.jupiter.api.AssertEquals.assertEquals(AssertEquals.java:150)
	at app//org.junit.jupiter.api.Assertions.assertEquals(Assertions.java:559)
	at app//de.uka.ilkd.key.proof.runallproofs.proofcollection.ForkedTestFileRunner.processTestFiles(ForkedTestFileRunner.java:129)
	at app//de.uka.ilkd.key.proof.runallproofs.RunAllProofsTestUnit.runTest(RunAllProofsTestUnit.java:85)
	at app//de.uka.ilkd.key.proof.runallproofs.RunAllProofsTest.lambda$data$0(RunAllProofsTest.java:83)
	at app//org.junit.jupiter.engine.descriptor.DynamicTestTestDescriptor.lambda$execute$0(DynamicTestTestDescriptor.java:53)
	at app//org.junit.jupiter.engine.execution.InvocationInterceptorChain$ValidatingInvocation.proceed(InvocationInterceptorChain.java:131)
	at app//org.junit.jupiter.api.extension.InvocationInterceptor.interceptDynamicTest(InvocationInterceptor.java:167)
	at app//org.junit.jupiter.api.extension.InvocationInterceptor.interceptDynamicTest(InvocationInterceptor.java:184)
	at app//org.junit.jupiter.engine.descriptor.DynamicTestTestDescriptor.lambda$execute$1(DynamicTestTestDescriptor.java:61)
	at app//org.junit.jupiter.engine.execution.InvocationInterceptorChain$InterceptorCall.lambda$ofVoid$0(InvocationInterceptorChain.java:78)
	at app//org.junit.jupiter.engine.execution.InvocationInterceptorChain$InterceptedInvocation.proceed(InvocationInterceptorChain.java:106)
	at app//org.junit.jupiter.engine.execution.InvocationInterceptorChain.proceed(InvocationInterceptorChain.java:64)
	at app//org.junit.jupiter.engine.execution.InvocationInterceptorChain.chainAndInvoke(InvocationInterceptorChain.java:45)
	at app//org.junit.jupiter.engine.execution.InvocationInterceptorChain.invoke(InvocationInterceptorChain.java:37)
	at app//org.junit.jupiter.engine.descriptor.DynamicTestTestDescriptor.execute(DynamicTestTestDescriptor.java:60)
	at app//org.junit.jupiter.engine.descriptor.DynamicTestTestDescriptor.execute(DynamicTestTestDescriptor.java:32)
	at app//org.junit.platform.engine.support.hierarchical.NodeTestTask.lambda$executeRecursively$6(NodeTestTask.java:151)
	at app//org.junit.platform.engine.support.hierarchical.ThrowableCollector.execute(ThrowableCollector.java:73)
	at app//org.junit.platform.engine.support.hierarchical.NodeTestTask.lambda$executeRecursively$8(NodeTestTask.java:141)
	at app//org.junit.platform.engine.support.hierarchical.Node.around(Node.java:137)
	at app//org.junit.platform.engine.support.hierarchical.NodeTestTask.lambda$executeRecursively$9(NodeTestTask.java:139)
	at app//org.junit.platform.engine.support.hierarchical.ThrowableCollector.execute(ThrowableCollector.java:73)
	at app//org.junit.platform.engine.support.hierarchical.NodeTestTask.executeRecursively(NodeTestTask.java:138)
	at app//org.junit.platform.engine.support.hierarchical.NodeTestTask.execute(NodeTestTask.java:95)
	at app//org.junit.platform.engine.support.hierarchical.SameThreadHierarchicalTestExecutorService.submit(SameThreadHierarchicalTestExecutorService.java:35)
	at app//org.junit.platform.engine.support.hierarchical.NodeTestTask$DefaultDynamicTestExecutor.execute(NodeTestTask.java:226)
	at app//org.junit.platform.engine.support.hierarchical.NodeTestTask$DefaultDynamicTestExecutor.execute(NodeTestTask.java:204)
	at java.base@11.0.18/java.util.Optional.ifPresent(Optional.java:183)
	at app//org.junit.jupiter.engine.descriptor.TestFactoryTestDescriptor.lambda$invokeTestMethod$1(TestFactoryTestDescriptor.java:108)
	at app//org.junit.platform.engine.support.hierarchical.ThrowableCollector.execute(ThrowableCollector.java:73)
	at app//org.junit.jupiter.engine.descriptor.TestFactoryTestDescriptor.invokeTestMethod(TestFactoryTestDescriptor.java:95)
	at app//org.junit.jupiter.engine.descriptor.TestMethodTestDescriptor.execute(TestMethodTestDescriptor.java:135)
	at app//org.junit.jupiter.engine.descriptor.TestMethodTestDescriptor.execute(TestMethodTestDescriptor.java:66)
	at app//org.junit.platform.engine.support.hierarchical.NodeTestTask.lambda$executeRecursively$6(NodeTestTask.java:151)
	at app//org.junit.platform.engine.support.hierarchical.ThrowableCollector.execute(ThrowableCollector.java:73)
	at app//org.junit.platform.engine.support.hierarchical.NodeTestTask.lambda$executeRecursively$8(NodeTestTask.java:141)
	at app//org.junit.platform.engine.support.hierarchical.Node.around(Node.java:137)
	at app//org.junit.platform.engine.support.hierarchical.NodeTestTask.lambda$executeRecursively$9(NodeTestTask.java:139)
	at app//org.junit.platform.engine.support.hierarchical.ThrowableCollector.execute(ThrowableCollector.java:73)
	at app//org.junit.platform.engine.support.hierarchical.NodeTestTask.executeRecursively(NodeTestTask.java:138)
	at app//org.junit.platform.engine.support.hierarchical.NodeTestTask.execute(NodeTestTask.java:95)
	at java.base@11.0.18/java.util.ArrayList.forEach(ArrayList.java:1541)
	at app//org.junit.platform.engine.support.hierarchical.SameThreadHierarchicalTestExecutorService.invokeAll(SameThreadHierarchicalTestExecutorService.java:41)
	at app//org.junit.platform.engine.support.hierarchical.NodeTestTask.lambda$executeRecursively$6(NodeTestTask.java:155)
	at app//org.junit.platform.engine.support.hierarchical.ThrowableCollector.execute(ThrowableCollector.java:73)
	at app//org.junit.platform.engine.support.hierarchical.NodeTestTask.lambda$executeRecursively$8(NodeTestTask.java:141)
	at app//org.junit.platform.engine.support.hierarchical.Node.around(Node.java:137)
	at app//org.junit.platform.engine.support.hierarchical.NodeTestTask.lambda$executeRecursively$9(NodeTestTask.java:139)
	at app//org.junit.platform.engine.support.hierarchical.ThrowableCollector.execute(ThrowableCollector.java:73)
	at app//org.junit.platform.engine.support.hierarchical.NodeTestTask.executeRecursively(NodeTestTask.java:138)
	at app//org.junit.platform.engine.support.hierarchical.NodeTestTask.execute(NodeTestTask.java:95)
	at java.base@11.0.18/java.util.ArrayList.forEach(ArrayList.java:1541)
	at app//org.junit.platform.engine.support.hierarchical.SameThreadHierarchicalTestExecutorService.invokeAll(SameThreadHierarchicalTestExecutorService.java:41)
	at app//org.junit.platform.engine.support.hierarchical.NodeTestTask.lambda$executeRecursively$6(NodeTestTask.java:155)
	at app//org.junit.platform.engine.support.hierarchical.ThrowableCollector.execute(ThrowableCollector.java:73)
	at app//org.junit.platform.engine.support.hierarchical.NodeTestTask.lambda$executeRecursively$8(NodeTestTask.java:141)
	at app//org.junit.platform.engine.support.hierarchical.Node.around(Node.java:137)
	at app//org.junit.platform.engine.support.hierarchical.NodeTestTask.lambda$executeRecursively$9(NodeTestTask.java:139)
	at app//org.junit.platform.engine.support.hierarchical.ThrowableCollector.execute(ThrowableCollector.java:73)
	at app//org.junit.platform.engine.support.hierarchical.NodeTestTask.executeRecursively(NodeTestTask.java:138)
	at app//org.junit.platform.engine.support.hierarchical.NodeTestTask.execute(NodeTestTask.java:95)
	at app//org.junit.platform.engine.support.hierarchical.SameThreadHierarchicalTestExecutorService.submit(SameThreadHierarchicalTestExecutorService.java:35)
	at app//org.junit.platform.engine.support.hierarchical.HierarchicalTestExecutor.execute(HierarchicalTestExecutor.java:57)
	at app//org.junit.platform.engine.support.hierarchical.HierarchicalTestEngine.execute(HierarchicalTestEngine.java:54)
	at org.junit.platform.launcher.core.EngineExecutionOrchestrator.execute(EngineExecutionOrchestrator.java:107)
	at org.junit.platform.launcher.core.EngineExecutionOrchestrator.execute(EngineExecutionOrchestrator.java:88)
	at org.junit.platform.launcher.core.EngineExecutionOrchestrator.lambda$execute$0(EngineExecutionOrchestrator.java:54)
	at org.junit.platform.launcher.core.EngineExecutionOrchestrator.withInterceptedStreams(EngineExecutionOrchestrator.java:67)
	at org.junit.platform.launcher.core.EngineExecutionOrchestrator.execute(EngineExecutionOrchestrator.java:52)
	at org.junit.platform.launcher.core.DefaultLauncher.execute(DefaultLauncher.java:114)
	at org.junit.platform.launcher.core.DefaultLauncher.execute(DefaultLauncher.java:86)
	at org.junit.platform.launcher.core.DefaultLauncherSession$DelegatingLauncher.execute(DefaultLauncherSession.java:86)
	at org.junit.platform.launcher.core.SessionPerRequestLauncher.execute(SessionPerRequestLauncher.java:53)
	at org.gradle.api.internal.tasks.testing.junitplatform.JUnitPlatformTestClassProcessor$CollectAllTestClassesExecutor.processAllTestClasses(JUnitPlatformTestClassProcessor.java:99)
	at org.gradle.api.internal.tasks.testing.junitplatform.JUnitPlatformTestClassProcessor$CollectAllTestClassesExecutor.access$000(JUnitPlatformTestClassProcessor.java:79)
	at org.gradle.api.internal.tasks.testing.junitplatform.JUnitPlatformTestClassProcessor.stop(JUnitPlatformTestClassProcessor.java:75)
	at org.gradle.api.internal.tasks.testing.SuiteTestClassProcessor.stop(SuiteTestClassProcessor.java:62)
	at java.base@11.0.18/jdk.internal.reflect.NativeMethodAccessorImpl.invoke0(Native Method)
	at java.base@11.0.18/jdk.internal.reflect.NativeMethodAccessorImpl.invoke(NativeMethodAccessorImpl.java:62)
	at java.base@11.0.18/jdk.internal.reflect.DelegatingMethodAccessorImpl.invoke(DelegatingMethodAccessorImpl.java:43)
	at java.base@11.0.18/java.lang.reflect.Method.invoke(Method.java:566)
	at org.gradle.internal.dispatch.ReflectionDispatch.dispatch(ReflectionDispatch.java:36)
	at org.gradle.internal.dispatch.ReflectionDispatch.dispatch(ReflectionDispatch.java:24)
	at org.gradle.internal.dispatch.ContextClassLoaderDispatch.dispatch(ContextClassLoaderDispatch.java:33)
	at org.gradle.internal.dispatch.ProxyDispatchAdapter$DispatchingInvocationHandler.invoke(ProxyDispatchAdapter.java:94)
	at com.sun.proxy.$Proxy2.stop(Unknown Source)
	at org.gradle.api.internal.tasks.testing.worker.TestWorker$3.run(TestWorker.java:193)
	at org.gradle.api.internal.tasks.testing.worker.TestWorker.executeAndMaintainThreadName(TestWorker.java:129)
	at org.gradle.api.internal.tasks.testing.worker.TestWorker.execute(TestWorker.java:100)
	at org.gradle.api.internal.tasks.testing.worker.TestWorker.execute(TestWorker.java:60)
	at org.gradle.process.internal.worker.child.ActionExecutionWorker.execute(ActionExecutionWorker.java:56)
	at org.gradle.process.internal.worker.child.SystemApplicationClassLoaderWorker.call(SystemApplicationClassLoaderWorker.java:113)
	at org.gradle.process.internal.worker.child.SystemApplicationClassLoaderWorker.call(SystemApplicationClassLoaderWorker.java:65)
	at app//worker.org.gradle.process.internal.worker.GradleWorkerMain.run(GradleWorkerMain.java:69)
	at app//worker.org.gradle.process.internal.worker.GradleWorkerMain.main(GradleWorkerMain.java:74)
</failure>
  </testcase>
  <testcase name="passwordfile.SecurePasswordFile(passwordfile.SecurePasswordFile___userIndex()).JML accessible clause.0.key" classname="de.uka.ilkd.key.proof.runallproofs.RunAllProofsInfFlow" time="0.846">
    <failure message="org.opentest4j.AssertionFailedError: Executed process terminated with non-zero exit value. ==&gt; expected: &lt;0&gt; but was: &lt;1&gt;" type="org.opentest4j.AssertionFailedError">org.opentest4j.AssertionFailedError: Executed process terminated with non-zero exit value. ==&gt; expected: &lt;0&gt; but was: &lt;1&gt;
	at app//org.junit.jupiter.api.AssertionUtils.fail(AssertionUtils.java:55)
	at app//org.junit.jupiter.api.AssertionUtils.failNotEqual(AssertionUtils.java:62)
	at app//org.junit.jupiter.api.AssertEquals.assertEquals(AssertEquals.java:150)
	at app//org.junit.jupiter.api.Assertions.assertEquals(Assertions.java:559)
	at app//de.uka.ilkd.key.proof.runallproofs.proofcollection.ForkedTestFileRunner.processTestFiles(ForkedTestFileRunner.java:129)
	at app//de.uka.ilkd.key.proof.runallproofs.RunAllProofsTestUnit.runTest(RunAllProofsTestUnit.java:85)
	at app//de.uka.ilkd.key.proof.runallproofs.RunAllProofsTest.lambda$data$0(RunAllProofsTest.java:83)
	at app//org.junit.jupiter.engine.descriptor.DynamicTestTestDescriptor.lambda$execute$0(DynamicTestTestDescriptor.java:53)
	at app//org.junit.jupiter.engine.execution.InvocationInterceptorChain$ValidatingInvocation.proceed(InvocationInterceptorChain.java:131)
	at app//org.junit.jupiter.api.extension.InvocationInterceptor.interceptDynamicTest(InvocationInterceptor.java:167)
	at app//org.junit.jupiter.api.extension.InvocationInterceptor.interceptDynamicTest(InvocationInterceptor.java:184)
	at app//org.junit.jupiter.engine.descriptor.DynamicTestTestDescriptor.lambda$execute$1(DynamicTestTestDescriptor.java:61)
	at app//org.junit.jupiter.engine.execution.InvocationInterceptorChain$InterceptorCall.lambda$ofVoid$0(InvocationInterceptorChain.java:78)
	at app//org.junit.jupiter.engine.execution.InvocationInterceptorChain$InterceptedInvocation.proceed(InvocationInterceptorChain.java:106)
	at app//org.junit.jupiter.engine.execution.InvocationInterceptorChain.proceed(InvocationInterceptorChain.java:64)
	at app//org.junit.jupiter.engine.execution.InvocationInterceptorChain.chainAndInvoke(InvocationInterceptorChain.java:45)
	at app//org.junit.jupiter.engine.execution.InvocationInterceptorChain.invoke(InvocationInterceptorChain.java:37)
	at app//org.junit.jupiter.engine.descriptor.DynamicTestTestDescriptor.execute(DynamicTestTestDescriptor.java:60)
	at app//org.junit.jupiter.engine.descriptor.DynamicTestTestDescriptor.execute(DynamicTestTestDescriptor.java:32)
	at app//org.junit.platform.engine.support.hierarchical.NodeTestTask.lambda$executeRecursively$6(NodeTestTask.java:151)
	at app//org.junit.platform.engine.support.hierarchical.ThrowableCollector.execute(ThrowableCollector.java:73)
	at app//org.junit.platform.engine.support.hierarchical.NodeTestTask.lambda$executeRecursively$8(NodeTestTask.java:141)
	at app//org.junit.platform.engine.support.hierarchical.Node.around(Node.java:137)
	at app//org.junit.platform.engine.support.hierarchical.NodeTestTask.lambda$executeRecursively$9(NodeTestTask.java:139)
	at app//org.junit.platform.engine.support.hierarchical.ThrowableCollector.execute(ThrowableCollector.java:73)
	at app//org.junit.platform.engine.support.hierarchical.NodeTestTask.executeRecursively(NodeTestTask.java:138)
	at app//org.junit.platform.engine.support.hierarchical.NodeTestTask.execute(NodeTestTask.java:95)
	at app//org.junit.platform.engine.support.hierarchical.SameThreadHierarchicalTestExecutorService.submit(SameThreadHierarchicalTestExecutorService.java:35)
	at app//org.junit.platform.engine.support.hierarchical.NodeTestTask$DefaultDynamicTestExecutor.execute(NodeTestTask.java:226)
	at app//org.junit.platform.engine.support.hierarchical.NodeTestTask$DefaultDynamicTestExecutor.execute(NodeTestTask.java:204)
	at java.base@11.0.18/java.util.Optional.ifPresent(Optional.java:183)
	at app//org.junit.jupiter.engine.descriptor.TestFactoryTestDescriptor.lambda$invokeTestMethod$1(TestFactoryTestDescriptor.java:108)
	at app//org.junit.platform.engine.support.hierarchical.ThrowableCollector.execute(ThrowableCollector.java:73)
	at app//org.junit.jupiter.engine.descriptor.TestFactoryTestDescriptor.invokeTestMethod(TestFactoryTestDescriptor.java:95)
	at app//org.junit.jupiter.engine.descriptor.TestMethodTestDescriptor.execute(TestMethodTestDescriptor.java:135)
	at app//org.junit.jupiter.engine.descriptor.TestMethodTestDescriptor.execute(TestMethodTestDescriptor.java:66)
	at app//org.junit.platform.engine.support.hierarchical.NodeTestTask.lambda$executeRecursively$6(NodeTestTask.java:151)
	at app//org.junit.platform.engine.support.hierarchical.ThrowableCollector.execute(ThrowableCollector.java:73)
	at app//org.junit.platform.engine.support.hierarchical.NodeTestTask.lambda$executeRecursively$8(NodeTestTask.java:141)
	at app//org.junit.platform.engine.support.hierarchical.Node.around(Node.java:137)
	at app//org.junit.platform.engine.support.hierarchical.NodeTestTask.lambda$executeRecursively$9(NodeTestTask.java:139)
	at app//org.junit.platform.engine.support.hierarchical.ThrowableCollector.execute(ThrowableCollector.java:73)
	at app//org.junit.platform.engine.support.hierarchical.NodeTestTask.executeRecursively(NodeTestTask.java:138)
	at app//org.junit.platform.engine.support.hierarchical.NodeTestTask.execute(NodeTestTask.java:95)
	at java.base@11.0.18/java.util.ArrayList.forEach(ArrayList.java:1541)
	at app//org.junit.platform.engine.support.hierarchical.SameThreadHierarchicalTestExecutorService.invokeAll(SameThreadHierarchicalTestExecutorService.java:41)
	at app//org.junit.platform.engine.support.hierarchical.NodeTestTask.lambda$executeRecursively$6(NodeTestTask.java:155)
	at app//org.junit.platform.engine.support.hierarchical.ThrowableCollector.execute(ThrowableCollector.java:73)
	at app//org.junit.platform.engine.support.hierarchical.NodeTestTask.lambda$executeRecursively$8(NodeTestTask.java:141)
	at app//org.junit.platform.engine.support.hierarchical.Node.around(Node.java:137)
	at app//org.junit.platform.engine.support.hierarchical.NodeTestTask.lambda$executeRecursively$9(NodeTestTask.java:139)
	at app//org.junit.platform.engine.support.hierarchical.ThrowableCollector.execute(ThrowableCollector.java:73)
	at app//org.junit.platform.engine.support.hierarchical.NodeTestTask.executeRecursively(NodeTestTask.java:138)
	at app//org.junit.platform.engine.support.hierarchical.NodeTestTask.execute(NodeTestTask.java:95)
	at java.base@11.0.18/java.util.ArrayList.forEach(ArrayList.java:1541)
	at app//org.junit.platform.engine.support.hierarchical.SameThreadHierarchicalTestExecutorService.invokeAll(SameThreadHierarchicalTestExecutorService.java:41)
	at app//org.junit.platform.engine.support.hierarchical.NodeTestTask.lambda$executeRecursively$6(NodeTestTask.java:155)
	at app//org.junit.platform.engine.support.hierarchical.ThrowableCollector.execute(ThrowableCollector.java:73)
	at app//org.junit.platform.engine.support.hierarchical.NodeTestTask.lambda$executeRecursively$8(NodeTestTask.java:141)
	at app//org.junit.platform.engine.support.hierarchical.Node.around(Node.java:137)
	at app//org.junit.platform.engine.support.hierarchical.NodeTestTask.lambda$executeRecursively$9(NodeTestTask.java:139)
	at app//org.junit.platform.engine.support.hierarchical.ThrowableCollector.execute(ThrowableCollector.java:73)
	at app//org.junit.platform.engine.support.hierarchical.NodeTestTask.executeRecursively(NodeTestTask.java:138)
	at app//org.junit.platform.engine.support.hierarchical.NodeTestTask.execute(NodeTestTask.java:95)
	at app//org.junit.platform.engine.support.hierarchical.SameThreadHierarchicalTestExecutorService.submit(SameThreadHierarchicalTestExecutorService.java:35)
	at app//org.junit.platform.engine.support.hierarchical.HierarchicalTestExecutor.execute(HierarchicalTestExecutor.java:57)
	at app//org.junit.platform.engine.support.hierarchical.HierarchicalTestEngine.execute(HierarchicalTestEngine.java:54)
	at org.junit.platform.launcher.core.EngineExecutionOrchestrator.execute(EngineExecutionOrchestrator.java:107)
	at org.junit.platform.launcher.core.EngineExecutionOrchestrator.execute(EngineExecutionOrchestrator.java:88)
	at org.junit.platform.launcher.core.EngineExecutionOrchestrator.lambda$execute$0(EngineExecutionOrchestrator.java:54)
	at org.junit.platform.launcher.core.EngineExecutionOrchestrator.withInterceptedStreams(EngineExecutionOrchestrator.java:67)
	at org.junit.platform.launcher.core.EngineExecutionOrchestrator.execute(EngineExecutionOrchestrator.java:52)
	at org.junit.platform.launcher.core.DefaultLauncher.execute(DefaultLauncher.java:114)
	at org.junit.platform.launcher.core.DefaultLauncher.execute(DefaultLauncher.java:86)
	at org.junit.platform.launcher.core.DefaultLauncherSession$DelegatingLauncher.execute(DefaultLauncherSession.java:86)
	at org.junit.platform.launcher.core.SessionPerRequestLauncher.execute(SessionPerRequestLauncher.java:53)
	at org.gradle.api.internal.tasks.testing.junitplatform.JUnitPlatformTestClassProcessor$CollectAllTestClassesExecutor.processAllTestClasses(JUnitPlatformTestClassProcessor.java:99)
	at org.gradle.api.internal.tasks.testing.junitplatform.JUnitPlatformTestClassProcessor$CollectAllTestClassesExecutor.access$000(JUnitPlatformTestClassProcessor.java:79)
	at org.gradle.api.internal.tasks.testing.junitplatform.JUnitPlatformTestClassProcessor.stop(JUnitPlatformTestClassProcessor.java:75)
	at org.gradle.api.internal.tasks.testing.SuiteTestClassProcessor.stop(SuiteTestClassProcessor.java:62)
	at java.base@11.0.18/jdk.internal.reflect.NativeMethodAccessorImpl.invoke0(Native Method)
	at java.base@11.0.18/jdk.internal.reflect.NativeMethodAccessorImpl.invoke(NativeMethodAccessorImpl.java:62)
	at java.base@11.0.18/jdk.internal.reflect.DelegatingMethodAccessorImpl.invoke(DelegatingMethodAccessorImpl.java:43)
	at java.base@11.0.18/java.lang.reflect.Method.invoke(Method.java:566)
	at org.gradle.internal.dispatch.ReflectionDispatch.dispatch(ReflectionDispatch.java:36)
	at org.gradle.internal.dispatch.ReflectionDispatch.dispatch(ReflectionDispatch.java:24)
	at org.gradle.internal.dispatch.ContextClassLoaderDispatch.dispatch(ContextClassLoaderDispatch.java:33)
	at org.gradle.internal.dispatch.ProxyDispatchAdapter$DispatchingInvocationHandler.invoke(ProxyDispatchAdapter.java:94)
	at com.sun.proxy.$Proxy2.stop(Unknown Source)
	at org.gradle.api.internal.tasks.testing.worker.TestWorker$3.run(TestWorker.java:193)
	at org.gradle.api.internal.tasks.testing.worker.TestWorker.executeAndMaintainThreadName(TestWorker.java:129)
	at org.gradle.api.internal.tasks.testing.worker.TestWorker.execute(TestWorker.java:100)
	at org.gradle.api.internal.tasks.testing.worker.TestWorker.execute(TestWorker.java:60)
	at org.gradle.process.internal.worker.child.ActionExecutionWorker.execute(ActionExecutionWorker.java:56)
	at org.gradle.process.internal.worker.child.SystemApplicationClassLoaderWorker.call(SystemApplicationClassLoaderWorker.java:113)
	at org.gradle.process.internal.worker.child.SystemApplicationClassLoaderWorker.call(SystemApplicationClassLoaderWorker.java:65)
	at app//worker.org.gradle.process.internal.worker.GradleWorkerMain.run(GradleWorkerMain.java:69)
	at app//worker.org.gradle.process.internal.worker.GradleWorkerMain.main(GradleWorkerMain.java:74)
</failure>
  </testcase>
  <testcase name="SimpleEvoting" classname="de.uka.ilkd.key.proof.runallproofs.RunAllProofsInfFlow" time="1.072">
    <failure message="org.opentest4j.AssertionFailedError: Executed process terminated with non-zero exit value. ==&gt; expected: &lt;0&gt; but was: &lt;1&gt;" type="org.opentest4j.AssertionFailedError">org.opentest4j.AssertionFailedError: Executed process terminated with non-zero exit value. ==&gt; expected: &lt;0&gt; but was: &lt;1&gt;
	at app//org.junit.jupiter.api.AssertionUtils.fail(AssertionUtils.java:55)
	at app//org.junit.jupiter.api.AssertionUtils.failNotEqual(AssertionUtils.java:62)
	at app//org.junit.jupiter.api.AssertEquals.assertEquals(AssertEquals.java:150)
	at app//org.junit.jupiter.api.Assertions.assertEquals(Assertions.java:559)
	at app//de.uka.ilkd.key.proof.runallproofs.proofcollection.ForkedTestFileRunner.processTestFiles(ForkedTestFileRunner.java:129)
	at app//de.uka.ilkd.key.proof.runallproofs.RunAllProofsTestUnit.runTest(RunAllProofsTestUnit.java:85)
	at app//de.uka.ilkd.key.proof.runallproofs.RunAllProofsTest.lambda$data$0(RunAllProofsTest.java:83)
	at app//org.junit.jupiter.engine.descriptor.DynamicTestTestDescriptor.lambda$execute$0(DynamicTestTestDescriptor.java:53)
	at app//org.junit.jupiter.engine.execution.InvocationInterceptorChain$ValidatingInvocation.proceed(InvocationInterceptorChain.java:131)
	at app//org.junit.jupiter.api.extension.InvocationInterceptor.interceptDynamicTest(InvocationInterceptor.java:167)
	at app//org.junit.jupiter.api.extension.InvocationInterceptor.interceptDynamicTest(InvocationInterceptor.java:184)
	at app//org.junit.jupiter.engine.descriptor.DynamicTestTestDescriptor.lambda$execute$1(DynamicTestTestDescriptor.java:61)
	at app//org.junit.jupiter.engine.execution.InvocationInterceptorChain$InterceptorCall.lambda$ofVoid$0(InvocationInterceptorChain.java:78)
	at app//org.junit.jupiter.engine.execution.InvocationInterceptorChain$InterceptedInvocation.proceed(InvocationInterceptorChain.java:106)
	at app//org.junit.jupiter.engine.execution.InvocationInterceptorChain.proceed(InvocationInterceptorChain.java:64)
	at app//org.junit.jupiter.engine.execution.InvocationInterceptorChain.chainAndInvoke(InvocationInterceptorChain.java:45)
	at app//org.junit.jupiter.engine.execution.InvocationInterceptorChain.invoke(InvocationInterceptorChain.java:37)
	at app//org.junit.jupiter.engine.descriptor.DynamicTestTestDescriptor.execute(DynamicTestTestDescriptor.java:60)
	at app//org.junit.jupiter.engine.descriptor.DynamicTestTestDescriptor.execute(DynamicTestTestDescriptor.java:32)
	at app//org.junit.platform.engine.support.hierarchical.NodeTestTask.lambda$executeRecursively$6(NodeTestTask.java:151)
	at app//org.junit.platform.engine.support.hierarchical.ThrowableCollector.execute(ThrowableCollector.java:73)
	at app//org.junit.platform.engine.support.hierarchical.NodeTestTask.lambda$executeRecursively$8(NodeTestTask.java:141)
	at app//org.junit.platform.engine.support.hierarchical.Node.around(Node.java:137)
	at app//org.junit.platform.engine.support.hierarchical.NodeTestTask.lambda$executeRecursively$9(NodeTestTask.java:139)
	at app//org.junit.platform.engine.support.hierarchical.ThrowableCollector.execute(ThrowableCollector.java:73)
	at app//org.junit.platform.engine.support.hierarchical.NodeTestTask.executeRecursively(NodeTestTask.java:138)
	at app//org.junit.platform.engine.support.hierarchical.NodeTestTask.execute(NodeTestTask.java:95)
	at app//org.junit.platform.engine.support.hierarchical.SameThreadHierarchicalTestExecutorService.submit(SameThreadHierarchicalTestExecutorService.java:35)
	at app//org.junit.platform.engine.support.hierarchical.NodeTestTask$DefaultDynamicTestExecutor.execute(NodeTestTask.java:226)
	at app//org.junit.platform.engine.support.hierarchical.NodeTestTask$DefaultDynamicTestExecutor.execute(NodeTestTask.java:204)
	at java.base@11.0.18/java.util.Optional.ifPresent(Optional.java:183)
	at app//org.junit.jupiter.engine.descriptor.TestFactoryTestDescriptor.lambda$invokeTestMethod$1(TestFactoryTestDescriptor.java:108)
	at app//org.junit.platform.engine.support.hierarchical.ThrowableCollector.execute(ThrowableCollector.java:73)
	at app//org.junit.jupiter.engine.descriptor.TestFactoryTestDescriptor.invokeTestMethod(TestFactoryTestDescriptor.java:95)
	at app//org.junit.jupiter.engine.descriptor.TestMethodTestDescriptor.execute(TestMethodTestDescriptor.java:135)
	at app//org.junit.jupiter.engine.descriptor.TestMethodTestDescriptor.execute(TestMethodTestDescriptor.java:66)
	at app//org.junit.platform.engine.support.hierarchical.NodeTestTask.lambda$executeRecursively$6(NodeTestTask.java:151)
	at app//org.junit.platform.engine.support.hierarchical.ThrowableCollector.execute(ThrowableCollector.java:73)
	at app//org.junit.platform.engine.support.hierarchical.NodeTestTask.lambda$executeRecursively$8(NodeTestTask.java:141)
	at app//org.junit.platform.engine.support.hierarchical.Node.around(Node.java:137)
	at app//org.junit.platform.engine.support.hierarchical.NodeTestTask.lambda$executeRecursively$9(NodeTestTask.java:139)
	at app//org.junit.platform.engine.support.hierarchical.ThrowableCollector.execute(ThrowableCollector.java:73)
	at app//org.junit.platform.engine.support.hierarchical.NodeTestTask.executeRecursively(NodeTestTask.java:138)
	at app//org.junit.platform.engine.support.hierarchical.NodeTestTask.execute(NodeTestTask.java:95)
	at java.base@11.0.18/java.util.ArrayList.forEach(ArrayList.java:1541)
	at app//org.junit.platform.engine.support.hierarchical.SameThreadHierarchicalTestExecutorService.invokeAll(SameThreadHierarchicalTestExecutorService.java:41)
	at app//org.junit.platform.engine.support.hierarchical.NodeTestTask.lambda$executeRecursively$6(NodeTestTask.java:155)
	at app//org.junit.platform.engine.support.hierarchical.ThrowableCollector.execute(ThrowableCollector.java:73)
	at app//org.junit.platform.engine.support.hierarchical.NodeTestTask.lambda$executeRecursively$8(NodeTestTask.java:141)
	at app//org.junit.platform.engine.support.hierarchical.Node.around(Node.java:137)
	at app//org.junit.platform.engine.support.hierarchical.NodeTestTask.lambda$executeRecursively$9(NodeTestTask.java:139)
	at app//org.junit.platform.engine.support.hierarchical.ThrowableCollector.execute(ThrowableCollector.java:73)
	at app//org.junit.platform.engine.support.hierarchical.NodeTestTask.executeRecursively(NodeTestTask.java:138)
	at app//org.junit.platform.engine.support.hierarchical.NodeTestTask.execute(NodeTestTask.java:95)
	at java.base@11.0.18/java.util.ArrayList.forEach(ArrayList.java:1541)
	at app//org.junit.platform.engine.support.hierarchical.SameThreadHierarchicalTestExecutorService.invokeAll(SameThreadHierarchicalTestExecutorService.java:41)
	at app//org.junit.platform.engine.support.hierarchical.NodeTestTask.lambda$executeRecursively$6(NodeTestTask.java:155)
	at app//org.junit.platform.engine.support.hierarchical.ThrowableCollector.execute(ThrowableCollector.java:73)
	at app//org.junit.platform.engine.support.hierarchical.NodeTestTask.lambda$executeRecursively$8(NodeTestTask.java:141)
	at app//org.junit.platform.engine.support.hierarchical.Node.around(Node.java:137)
	at app//org.junit.platform.engine.support.hierarchical.NodeTestTask.lambda$executeRecursively$9(NodeTestTask.java:139)
	at app//org.junit.platform.engine.support.hierarchical.ThrowableCollector.execute(ThrowableCollector.java:73)
	at app//org.junit.platform.engine.support.hierarchical.NodeTestTask.executeRecursively(NodeTestTask.java:138)
	at app//org.junit.platform.engine.support.hierarchical.NodeTestTask.execute(NodeTestTask.java:95)
	at app//org.junit.platform.engine.support.hierarchical.SameThreadHierarchicalTestExecutorService.submit(SameThreadHierarchicalTestExecutorService.java:35)
	at app//org.junit.platform.engine.support.hierarchical.HierarchicalTestExecutor.execute(HierarchicalTestExecutor.java:57)
	at app//org.junit.platform.engine.support.hierarchical.HierarchicalTestEngine.execute(HierarchicalTestEngine.java:54)
	at org.junit.platform.launcher.core.EngineExecutionOrchestrator.execute(EngineExecutionOrchestrator.java:107)
	at org.junit.platform.launcher.core.EngineExecutionOrchestrator.execute(EngineExecutionOrchestrator.java:88)
	at org.junit.platform.launcher.core.EngineExecutionOrchestrator.lambda$execute$0(EngineExecutionOrchestrator.java:54)
	at org.junit.platform.launcher.core.EngineExecutionOrchestrator.withInterceptedStreams(EngineExecutionOrchestrator.java:67)
	at org.junit.platform.launcher.core.EngineExecutionOrchestrator.execute(EngineExecutionOrchestrator.java:52)
	at org.junit.platform.launcher.core.DefaultLauncher.execute(DefaultLauncher.java:114)
	at org.junit.platform.launcher.core.DefaultLauncher.execute(DefaultLauncher.java:86)
	at org.junit.platform.launcher.core.DefaultLauncherSession$DelegatingLauncher.execute(DefaultLauncherSession.java:86)
	at org.junit.platform.launcher.core.SessionPerRequestLauncher.execute(SessionPerRequestLauncher.java:53)
	at org.gradle.api.internal.tasks.testing.junitplatform.JUnitPlatformTestClassProcessor$CollectAllTestClassesExecutor.processAllTestClasses(JUnitPlatformTestClassProcessor.java:99)
	at org.gradle.api.internal.tasks.testing.junitplatform.JUnitPlatformTestClassProcessor$CollectAllTestClassesExecutor.access$000(JUnitPlatformTestClassProcessor.java:79)
	at org.gradle.api.internal.tasks.testing.junitplatform.JUnitPlatformTestClassProcessor.stop(JUnitPlatformTestClassProcessor.java:75)
	at org.gradle.api.internal.tasks.testing.SuiteTestClassProcessor.stop(SuiteTestClassProcessor.java:62)
	at java.base@11.0.18/jdk.internal.reflect.NativeMethodAccessorImpl.invoke0(Native Method)
	at java.base@11.0.18/jdk.internal.reflect.NativeMethodAccessorImpl.invoke(NativeMethodAccessorImpl.java:62)
	at java.base@11.0.18/jdk.internal.reflect.DelegatingMethodAccessorImpl.invoke(DelegatingMethodAccessorImpl.java:43)
	at java.base@11.0.18/java.lang.reflect.Method.invoke(Method.java:566)
	at org.gradle.internal.dispatch.ReflectionDispatch.dispatch(ReflectionDispatch.java:36)
	at org.gradle.internal.dispatch.ReflectionDispatch.dispatch(ReflectionDispatch.java:24)
	at org.gradle.internal.dispatch.ContextClassLoaderDispatch.dispatch(ContextClassLoaderDispatch.java:33)
	at org.gradle.internal.dispatch.ProxyDispatchAdapter$DispatchingInvocationHandler.invoke(ProxyDispatchAdapter.java:94)
	at com.sun.proxy.$Proxy2.stop(Unknown Source)
	at org.gradle.api.internal.tasks.testing.worker.TestWorker$3.run(TestWorker.java:193)
	at org.gradle.api.internal.tasks.testing.worker.TestWorker.executeAndMaintainThreadName(TestWorker.java:129)
	at org.gradle.api.internal.tasks.testing.worker.TestWorker.execute(TestWorker.java:100)
	at org.gradle.api.internal.tasks.testing.worker.TestWorker.execute(TestWorker.java:60)
	at org.gradle.process.internal.worker.child.ActionExecutionWorker.execute(ActionExecutionWorker.java:56)
	at org.gradle.process.internal.worker.child.SystemApplicationClassLoaderWorker.call(SystemApplicationClassLoaderWorker.java:113)
	at org.gradle.process.internal.worker.child.SystemApplicationClassLoaderWorker.call(SystemApplicationClassLoaderWorker.java:65)
	at app//worker.org.gradle.process.internal.worker.GradleWorkerMain.run(GradleWorkerMain.java:69)
	at app//worker.org.gradle.process.internal.worker.GradleWorkerMain.main(GradleWorkerMain.java:74)
</failure>
  </testcase>
  <testcase name="ToyVoting_nomacro" classname="de.uka.ilkd.key.proof.runallproofs.RunAllProofsInfFlow" time="0.891">
    <failure message="org.opentest4j.AssertionFailedError: Executed process terminated with non-zero exit value. ==&gt; expected: &lt;0&gt; but was: &lt;1&gt;" type="org.opentest4j.AssertionFailedError">org.opentest4j.AssertionFailedError: Executed process terminated with non-zero exit value. ==&gt; expected: &lt;0&gt; but was: &lt;1&gt;
	at app//org.junit.jupiter.api.AssertionUtils.fail(AssertionUtils.java:55)
	at app//org.junit.jupiter.api.AssertionUtils.failNotEqual(AssertionUtils.java:62)
	at app//org.junit.jupiter.api.AssertEquals.assertEquals(AssertEquals.java:150)
	at app//org.junit.jupiter.api.Assertions.assertEquals(Assertions.java:559)
	at app//de.uka.ilkd.key.proof.runallproofs.proofcollection.ForkedTestFileRunner.processTestFiles(ForkedTestFileRunner.java:129)
	at app//de.uka.ilkd.key.proof.runallproofs.RunAllProofsTestUnit.runTest(RunAllProofsTestUnit.java:85)
	at app//de.uka.ilkd.key.proof.runallproofs.RunAllProofsTest.lambda$data$0(RunAllProofsTest.java:83)
	at app//org.junit.jupiter.engine.descriptor.DynamicTestTestDescriptor.lambda$execute$0(DynamicTestTestDescriptor.java:53)
	at app//org.junit.jupiter.engine.execution.InvocationInterceptorChain$ValidatingInvocation.proceed(InvocationInterceptorChain.java:131)
	at app//org.junit.jupiter.api.extension.InvocationInterceptor.interceptDynamicTest(InvocationInterceptor.java:167)
	at app//org.junit.jupiter.api.extension.InvocationInterceptor.interceptDynamicTest(InvocationInterceptor.java:184)
	at app//org.junit.jupiter.engine.descriptor.DynamicTestTestDescriptor.lambda$execute$1(DynamicTestTestDescriptor.java:61)
	at app//org.junit.jupiter.engine.execution.InvocationInterceptorChain$InterceptorCall.lambda$ofVoid$0(InvocationInterceptorChain.java:78)
	at app//org.junit.jupiter.engine.execution.InvocationInterceptorChain$InterceptedInvocation.proceed(InvocationInterceptorChain.java:106)
	at app//org.junit.jupiter.engine.execution.InvocationInterceptorChain.proceed(InvocationInterceptorChain.java:64)
	at app//org.junit.jupiter.engine.execution.InvocationInterceptorChain.chainAndInvoke(InvocationInterceptorChain.java:45)
	at app//org.junit.jupiter.engine.execution.InvocationInterceptorChain.invoke(InvocationInterceptorChain.java:37)
	at app//org.junit.jupiter.engine.descriptor.DynamicTestTestDescriptor.execute(DynamicTestTestDescriptor.java:60)
	at app//org.junit.jupiter.engine.descriptor.DynamicTestTestDescriptor.execute(DynamicTestTestDescriptor.java:32)
	at app//org.junit.platform.engine.support.hierarchical.NodeTestTask.lambda$executeRecursively$6(NodeTestTask.java:151)
	at app//org.junit.platform.engine.support.hierarchical.ThrowableCollector.execute(ThrowableCollector.java:73)
	at app//org.junit.platform.engine.support.hierarchical.NodeTestTask.lambda$executeRecursively$8(NodeTestTask.java:141)
	at app//org.junit.platform.engine.support.hierarchical.Node.around(Node.java:137)
	at app//org.junit.platform.engine.support.hierarchical.NodeTestTask.lambda$executeRecursively$9(NodeTestTask.java:139)
	at app//org.junit.platform.engine.support.hierarchical.ThrowableCollector.execute(ThrowableCollector.java:73)
	at app//org.junit.platform.engine.support.hierarchical.NodeTestTask.executeRecursively(NodeTestTask.java:138)
	at app//org.junit.platform.engine.support.hierarchical.NodeTestTask.execute(NodeTestTask.java:95)
	at app//org.junit.platform.engine.support.hierarchical.SameThreadHierarchicalTestExecutorService.submit(SameThreadHierarchicalTestExecutorService.java:35)
	at app//org.junit.platform.engine.support.hierarchical.NodeTestTask$DefaultDynamicTestExecutor.execute(NodeTestTask.java:226)
	at app//org.junit.platform.engine.support.hierarchical.NodeTestTask$DefaultDynamicTestExecutor.execute(NodeTestTask.java:204)
	at java.base@11.0.18/java.util.Optional.ifPresent(Optional.java:183)
	at app//org.junit.jupiter.engine.descriptor.TestFactoryTestDescriptor.lambda$invokeTestMethod$1(TestFactoryTestDescriptor.java:108)
	at app//org.junit.platform.engine.support.hierarchical.ThrowableCollector.execute(ThrowableCollector.java:73)
	at app//org.junit.jupiter.engine.descriptor.TestFactoryTestDescriptor.invokeTestMethod(TestFactoryTestDescriptor.java:95)
	at app//org.junit.jupiter.engine.descriptor.TestMethodTestDescriptor.execute(TestMethodTestDescriptor.java:135)
	at app//org.junit.jupiter.engine.descriptor.TestMethodTestDescriptor.execute(TestMethodTestDescriptor.java:66)
	at app//org.junit.platform.engine.support.hierarchical.NodeTestTask.lambda$executeRecursively$6(NodeTestTask.java:151)
	at app//org.junit.platform.engine.support.hierarchical.ThrowableCollector.execute(ThrowableCollector.java:73)
	at app//org.junit.platform.engine.support.hierarchical.NodeTestTask.lambda$executeRecursively$8(NodeTestTask.java:141)
	at app//org.junit.platform.engine.support.hierarchical.Node.around(Node.java:137)
	at app//org.junit.platform.engine.support.hierarchical.NodeTestTask.lambda$executeRecursively$9(NodeTestTask.java:139)
	at app//org.junit.platform.engine.support.hierarchical.ThrowableCollector.execute(ThrowableCollector.java:73)
	at app//org.junit.platform.engine.support.hierarchical.NodeTestTask.executeRecursively(NodeTestTask.java:138)
	at app//org.junit.platform.engine.support.hierarchical.NodeTestTask.execute(NodeTestTask.java:95)
	at java.base@11.0.18/java.util.ArrayList.forEach(ArrayList.java:1541)
	at app//org.junit.platform.engine.support.hierarchical.SameThreadHierarchicalTestExecutorService.invokeAll(SameThreadHierarchicalTestExecutorService.java:41)
	at app//org.junit.platform.engine.support.hierarchical.NodeTestTask.lambda$executeRecursively$6(NodeTestTask.java:155)
	at app//org.junit.platform.engine.support.hierarchical.ThrowableCollector.execute(ThrowableCollector.java:73)
	at app//org.junit.platform.engine.support.hierarchical.NodeTestTask.lambda$executeRecursively$8(NodeTestTask.java:141)
	at app//org.junit.platform.engine.support.hierarchical.Node.around(Node.java:137)
	at app//org.junit.platform.engine.support.hierarchical.NodeTestTask.lambda$executeRecursively$9(NodeTestTask.java:139)
	at app//org.junit.platform.engine.support.hierarchical.ThrowableCollector.execute(ThrowableCollector.java:73)
	at app//org.junit.platform.engine.support.hierarchical.NodeTestTask.executeRecursively(NodeTestTask.java:138)
	at app//org.junit.platform.engine.support.hierarchical.NodeTestTask.execute(NodeTestTask.java:95)
	at java.base@11.0.18/java.util.ArrayList.forEach(ArrayList.java:1541)
	at app//org.junit.platform.engine.support.hierarchical.SameThreadHierarchicalTestExecutorService.invokeAll(SameThreadHierarchicalTestExecutorService.java:41)
	at app//org.junit.platform.engine.support.hierarchical.NodeTestTask.lambda$executeRecursively$6(NodeTestTask.java:155)
	at app//org.junit.platform.engine.support.hierarchical.ThrowableCollector.execute(ThrowableCollector.java:73)
	at app//org.junit.platform.engine.support.hierarchical.NodeTestTask.lambda$executeRecursively$8(NodeTestTask.java:141)
	at app//org.junit.platform.engine.support.hierarchical.Node.around(Node.java:137)
	at app//org.junit.platform.engine.support.hierarchical.NodeTestTask.lambda$executeRecursively$9(NodeTestTask.java:139)
	at app//org.junit.platform.engine.support.hierarchical.ThrowableCollector.execute(ThrowableCollector.java:73)
	at app//org.junit.platform.engine.support.hierarchical.NodeTestTask.executeRecursively(NodeTestTask.java:138)
	at app//org.junit.platform.engine.support.hierarchical.NodeTestTask.execute(NodeTestTask.java:95)
	at app//org.junit.platform.engine.support.hierarchical.SameThreadHierarchicalTestExecutorService.submit(SameThreadHierarchicalTestExecutorService.java:35)
	at app//org.junit.platform.engine.support.hierarchical.HierarchicalTestExecutor.execute(HierarchicalTestExecutor.java:57)
	at app//org.junit.platform.engine.support.hierarchical.HierarchicalTestEngine.execute(HierarchicalTestEngine.java:54)
	at org.junit.platform.launcher.core.EngineExecutionOrchestrator.execute(EngineExecutionOrchestrator.java:107)
	at org.junit.platform.launcher.core.EngineExecutionOrchestrator.execute(EngineExecutionOrchestrator.java:88)
	at org.junit.platform.launcher.core.EngineExecutionOrchestrator.lambda$execute$0(EngineExecutionOrchestrator.java:54)
	at org.junit.platform.launcher.core.EngineExecutionOrchestrator.withInterceptedStreams(EngineExecutionOrchestrator.java:67)
	at org.junit.platform.launcher.core.EngineExecutionOrchestrator.execute(EngineExecutionOrchestrator.java:52)
	at org.junit.platform.launcher.core.DefaultLauncher.execute(DefaultLauncher.java:114)
	at org.junit.platform.launcher.core.DefaultLauncher.execute(DefaultLauncher.java:86)
	at org.junit.platform.launcher.core.DefaultLauncherSession$DelegatingLauncher.execute(DefaultLauncherSession.java:86)
	at org.junit.platform.launcher.core.SessionPerRequestLauncher.execute(SessionPerRequestLauncher.java:53)
	at org.gradle.api.internal.tasks.testing.junitplatform.JUnitPlatformTestClassProcessor$CollectAllTestClassesExecutor.processAllTestClasses(JUnitPlatformTestClassProcessor.java:99)
	at org.gradle.api.internal.tasks.testing.junitplatform.JUnitPlatformTestClassProcessor$CollectAllTestClassesExecutor.access$000(JUnitPlatformTestClassProcessor.java:79)
	at org.gradle.api.internal.tasks.testing.junitplatform.JUnitPlatformTestClassProcessor.stop(JUnitPlatformTestClassProcessor.java:75)
	at org.gradle.api.internal.tasks.testing.SuiteTestClassProcessor.stop(SuiteTestClassProcessor.java:62)
	at java.base@11.0.18/jdk.internal.reflect.NativeMethodAccessorImpl.invoke0(Native Method)
	at java.base@11.0.18/jdk.internal.reflect.NativeMethodAccessorImpl.invoke(NativeMethodAccessorImpl.java:62)
	at java.base@11.0.18/jdk.internal.reflect.DelegatingMethodAccessorImpl.invoke(DelegatingMethodAccessorImpl.java:43)
	at java.base@11.0.18/java.lang.reflect.Method.invoke(Method.java:566)
	at org.gradle.internal.dispatch.ReflectionDispatch.dispatch(ReflectionDispatch.java:36)
	at org.gradle.internal.dispatch.ReflectionDispatch.dispatch(ReflectionDispatch.java:24)
	at org.gradle.internal.dispatch.ContextClassLoaderDispatch.dispatch(ContextClassLoaderDispatch.java:33)
	at org.gradle.internal.dispatch.ProxyDispatchAdapter$DispatchingInvocationHandler.invoke(ProxyDispatchAdapter.java:94)
	at com.sun.proxy.$Proxy2.stop(Unknown Source)
	at org.gradle.api.internal.tasks.testing.worker.TestWorker$3.run(TestWorker.java:193)
	at org.gradle.api.internal.tasks.testing.worker.TestWorker.executeAndMaintainThreadName(TestWorker.java:129)
	at org.gradle.api.internal.tasks.testing.worker.TestWorker.execute(TestWorker.java:100)
	at org.gradle.api.internal.tasks.testing.worker.TestWorker.execute(TestWorker.java:60)
	at org.gradle.process.internal.worker.child.ActionExecutionWorker.execute(ActionExecutionWorker.java:56)
	at org.gradle.process.internal.worker.child.SystemApplicationClassLoaderWorker.call(SystemApplicationClassLoaderWorker.java:113)
	at org.gradle.process.internal.worker.child.SystemApplicationClassLoaderWorker.call(SystemApplicationClassLoaderWorker.java:65)
	at app//worker.org.gradle.process.internal.worker.GradleWorkerMain.run(GradleWorkerMain.java:69)
	at app//worker.org.gradle.process.internal.worker.GradleWorkerMain.main(GradleWorkerMain.java:74)
</failure>
  </testcase>
  <testcase name="ConditionalConfidential_nomacro" classname="de.uka.ilkd.key.proof.runallproofs.RunAllProofsInfFlow" time="0.011"/>
  <testcase name="SumExample_nomacro" classname="de.uka.ilkd.key.proof.runallproofs.RunAllProofsInfFlow" time="0.885">
    <failure message="org.opentest4j.AssertionFailedError: Executed process terminated with non-zero exit value. ==&gt; expected: &lt;0&gt; but was: &lt;1&gt;" type="org.opentest4j.AssertionFailedError">org.opentest4j.AssertionFailedError: Executed process terminated with non-zero exit value. ==&gt; expected: &lt;0&gt; but was: &lt;1&gt;
	at app//org.junit.jupiter.api.AssertionUtils.fail(AssertionUtils.java:55)
	at app//org.junit.jupiter.api.AssertionUtils.failNotEqual(AssertionUtils.java:62)
	at app//org.junit.jupiter.api.AssertEquals.assertEquals(AssertEquals.java:150)
	at app//org.junit.jupiter.api.Assertions.assertEquals(Assertions.java:559)
	at app//de.uka.ilkd.key.proof.runallproofs.proofcollection.ForkedTestFileRunner.processTestFiles(ForkedTestFileRunner.java:129)
	at app//de.uka.ilkd.key.proof.runallproofs.RunAllProofsTestUnit.runTest(RunAllProofsTestUnit.java:85)
	at app//de.uka.ilkd.key.proof.runallproofs.RunAllProofsTest.lambda$data$0(RunAllProofsTest.java:83)
	at app//org.junit.jupiter.engine.descriptor.DynamicTestTestDescriptor.lambda$execute$0(DynamicTestTestDescriptor.java:53)
	at app//org.junit.jupiter.engine.execution.InvocationInterceptorChain$ValidatingInvocation.proceed(InvocationInterceptorChain.java:131)
	at app//org.junit.jupiter.api.extension.InvocationInterceptor.interceptDynamicTest(InvocationInterceptor.java:167)
	at app//org.junit.jupiter.api.extension.InvocationInterceptor.interceptDynamicTest(InvocationInterceptor.java:184)
	at app//org.junit.jupiter.engine.descriptor.DynamicTestTestDescriptor.lambda$execute$1(DynamicTestTestDescriptor.java:61)
	at app//org.junit.jupiter.engine.execution.InvocationInterceptorChain$InterceptorCall.lambda$ofVoid$0(InvocationInterceptorChain.java:78)
	at app//org.junit.jupiter.engine.execution.InvocationInterceptorChain$InterceptedInvocation.proceed(InvocationInterceptorChain.java:106)
	at app//org.junit.jupiter.engine.execution.InvocationInterceptorChain.proceed(InvocationInterceptorChain.java:64)
	at app//org.junit.jupiter.engine.execution.InvocationInterceptorChain.chainAndInvoke(InvocationInterceptorChain.java:45)
	at app//org.junit.jupiter.engine.execution.InvocationInterceptorChain.invoke(InvocationInterceptorChain.java:37)
	at app//org.junit.jupiter.engine.descriptor.DynamicTestTestDescriptor.execute(DynamicTestTestDescriptor.java:60)
	at app//org.junit.jupiter.engine.descriptor.DynamicTestTestDescriptor.execute(DynamicTestTestDescriptor.java:32)
	at app//org.junit.platform.engine.support.hierarchical.NodeTestTask.lambda$executeRecursively$6(NodeTestTask.java:151)
	at app//org.junit.platform.engine.support.hierarchical.ThrowableCollector.execute(ThrowableCollector.java:73)
	at app//org.junit.platform.engine.support.hierarchical.NodeTestTask.lambda$executeRecursively$8(NodeTestTask.java:141)
	at app//org.junit.platform.engine.support.hierarchical.Node.around(Node.java:137)
	at app//org.junit.platform.engine.support.hierarchical.NodeTestTask.lambda$executeRecursively$9(NodeTestTask.java:139)
	at app//org.junit.platform.engine.support.hierarchical.ThrowableCollector.execute(ThrowableCollector.java:73)
	at app//org.junit.platform.engine.support.hierarchical.NodeTestTask.executeRecursively(NodeTestTask.java:138)
	at app//org.junit.platform.engine.support.hierarchical.NodeTestTask.execute(NodeTestTask.java:95)
	at app//org.junit.platform.engine.support.hierarchical.SameThreadHierarchicalTestExecutorService.submit(SameThreadHierarchicalTestExecutorService.java:35)
	at app//org.junit.platform.engine.support.hierarchical.NodeTestTask$DefaultDynamicTestExecutor.execute(NodeTestTask.java:226)
	at app//org.junit.platform.engine.support.hierarchical.NodeTestTask$DefaultDynamicTestExecutor.execute(NodeTestTask.java:204)
	at java.base@11.0.18/java.util.Optional.ifPresent(Optional.java:183)
	at app//org.junit.jupiter.engine.descriptor.TestFactoryTestDescriptor.lambda$invokeTestMethod$1(TestFactoryTestDescriptor.java:108)
	at app//org.junit.platform.engine.support.hierarchical.ThrowableCollector.execute(ThrowableCollector.java:73)
	at app//org.junit.jupiter.engine.descriptor.TestFactoryTestDescriptor.invokeTestMethod(TestFactoryTestDescriptor.java:95)
	at app//org.junit.jupiter.engine.descriptor.TestMethodTestDescriptor.execute(TestMethodTestDescriptor.java:135)
	at app//org.junit.jupiter.engine.descriptor.TestMethodTestDescriptor.execute(TestMethodTestDescriptor.java:66)
	at app//org.junit.platform.engine.support.hierarchical.NodeTestTask.lambda$executeRecursively$6(NodeTestTask.java:151)
	at app//org.junit.platform.engine.support.hierarchical.ThrowableCollector.execute(ThrowableCollector.java:73)
	at app//org.junit.platform.engine.support.hierarchical.NodeTestTask.lambda$executeRecursively$8(NodeTestTask.java:141)
	at app//org.junit.platform.engine.support.hierarchical.Node.around(Node.java:137)
	at app//org.junit.platform.engine.support.hierarchical.NodeTestTask.lambda$executeRecursively$9(NodeTestTask.java:139)
	at app//org.junit.platform.engine.support.hierarchical.ThrowableCollector.execute(ThrowableCollector.java:73)
	at app//org.junit.platform.engine.support.hierarchical.NodeTestTask.executeRecursively(NodeTestTask.java:138)
	at app//org.junit.platform.engine.support.hierarchical.NodeTestTask.execute(NodeTestTask.java:95)
	at java.base@11.0.18/java.util.ArrayList.forEach(ArrayList.java:1541)
	at app//org.junit.platform.engine.support.hierarchical.SameThreadHierarchicalTestExecutorService.invokeAll(SameThreadHierarchicalTestExecutorService.java:41)
	at app//org.junit.platform.engine.support.hierarchical.NodeTestTask.lambda$executeRecursively$6(NodeTestTask.java:155)
	at app//org.junit.platform.engine.support.hierarchical.ThrowableCollector.execute(ThrowableCollector.java:73)
	at app//org.junit.platform.engine.support.hierarchical.NodeTestTask.lambda$executeRecursively$8(NodeTestTask.java:141)
	at app//org.junit.platform.engine.support.hierarchical.Node.around(Node.java:137)
	at app//org.junit.platform.engine.support.hierarchical.NodeTestTask.lambda$executeRecursively$9(NodeTestTask.java:139)
	at app//org.junit.platform.engine.support.hierarchical.ThrowableCollector.execute(ThrowableCollector.java:73)
	at app//org.junit.platform.engine.support.hierarchical.NodeTestTask.executeRecursively(NodeTestTask.java:138)
	at app//org.junit.platform.engine.support.hierarchical.NodeTestTask.execute(NodeTestTask.java:95)
	at java.base@11.0.18/java.util.ArrayList.forEach(ArrayList.java:1541)
	at app//org.junit.platform.engine.support.hierarchical.SameThreadHierarchicalTestExecutorService.invokeAll(SameThreadHierarchicalTestExecutorService.java:41)
	at app//org.junit.platform.engine.support.hierarchical.NodeTestTask.lambda$executeRecursively$6(NodeTestTask.java:155)
	at app//org.junit.platform.engine.support.hierarchical.ThrowableCollector.execute(ThrowableCollector.java:73)
	at app//org.junit.platform.engine.support.hierarchical.NodeTestTask.lambda$executeRecursively$8(NodeTestTask.java:141)
	at app//org.junit.platform.engine.support.hierarchical.Node.around(Node.java:137)
	at app//org.junit.platform.engine.support.hierarchical.NodeTestTask.lambda$executeRecursively$9(NodeTestTask.java:139)
	at app//org.junit.platform.engine.support.hierarchical.ThrowableCollector.execute(ThrowableCollector.java:73)
	at app//org.junit.platform.engine.support.hierarchical.NodeTestTask.executeRecursively(NodeTestTask.java:138)
	at app//org.junit.platform.engine.support.hierarchical.NodeTestTask.execute(NodeTestTask.java:95)
	at app//org.junit.platform.engine.support.hierarchical.SameThreadHierarchicalTestExecutorService.submit(SameThreadHierarchicalTestExecutorService.java:35)
	at app//org.junit.platform.engine.support.hierarchical.HierarchicalTestExecutor.execute(HierarchicalTestExecutor.java:57)
	at app//org.junit.platform.engine.support.hierarchical.HierarchicalTestEngine.execute(HierarchicalTestEngine.java:54)
	at org.junit.platform.launcher.core.EngineExecutionOrchestrator.execute(EngineExecutionOrchestrator.java:107)
	at org.junit.platform.launcher.core.EngineExecutionOrchestrator.execute(EngineExecutionOrchestrator.java:88)
	at org.junit.platform.launcher.core.EngineExecutionOrchestrator.lambda$execute$0(EngineExecutionOrchestrator.java:54)
	at org.junit.platform.launcher.core.EngineExecutionOrchestrator.withInterceptedStreams(EngineExecutionOrchestrator.java:67)
	at org.junit.platform.launcher.core.EngineExecutionOrchestrator.execute(EngineExecutionOrchestrator.java:52)
	at org.junit.platform.launcher.core.DefaultLauncher.execute(DefaultLauncher.java:114)
	at org.junit.platform.launcher.core.DefaultLauncher.execute(DefaultLauncher.java:86)
	at org.junit.platform.launcher.core.DefaultLauncherSession$DelegatingLauncher.execute(DefaultLauncherSession.java:86)
	at org.junit.platform.launcher.core.SessionPerRequestLauncher.execute(SessionPerRequestLauncher.java:53)
	at org.gradle.api.internal.tasks.testing.junitplatform.JUnitPlatformTestClassProcessor$CollectAllTestClassesExecutor.processAllTestClasses(JUnitPlatformTestClassProcessor.java:99)
	at org.gradle.api.internal.tasks.testing.junitplatform.JUnitPlatformTestClassProcessor$CollectAllTestClassesExecutor.access$000(JUnitPlatformTestClassProcessor.java:79)
	at org.gradle.api.internal.tasks.testing.junitplatform.JUnitPlatformTestClassProcessor.stop(JUnitPlatformTestClassProcessor.java:75)
	at org.gradle.api.internal.tasks.testing.SuiteTestClassProcessor.stop(SuiteTestClassProcessor.java:62)
	at java.base@11.0.18/jdk.internal.reflect.NativeMethodAccessorImpl.invoke0(Native Method)
	at java.base@11.0.18/jdk.internal.reflect.NativeMethodAccessorImpl.invoke(NativeMethodAccessorImpl.java:62)
	at java.base@11.0.18/jdk.internal.reflect.DelegatingMethodAccessorImpl.invoke(DelegatingMethodAccessorImpl.java:43)
	at java.base@11.0.18/java.lang.reflect.Method.invoke(Method.java:566)
	at org.gradle.internal.dispatch.ReflectionDispatch.dispatch(ReflectionDispatch.java:36)
	at org.gradle.internal.dispatch.ReflectionDispatch.dispatch(ReflectionDispatch.java:24)
	at org.gradle.internal.dispatch.ContextClassLoaderDispatch.dispatch(ContextClassLoaderDispatch.java:33)
	at org.gradle.internal.dispatch.ProxyDispatchAdapter$DispatchingInvocationHandler.invoke(ProxyDispatchAdapter.java:94)
	at com.sun.proxy.$Proxy2.stop(Unknown Source)
	at org.gradle.api.internal.tasks.testing.worker.TestWorker$3.run(TestWorker.java:193)
	at org.gradle.api.internal.tasks.testing.worker.TestWorker.executeAndMaintainThreadName(TestWorker.java:129)
	at org.gradle.api.internal.tasks.testing.worker.TestWorker.execute(TestWorker.java:100)
	at org.gradle.api.internal.tasks.testing.worker.TestWorker.execute(TestWorker.java:60)
	at org.gradle.process.internal.worker.child.ActionExecutionWorker.execute(ActionExecutionWorker.java:56)
	at org.gradle.process.internal.worker.child.SystemApplicationClassLoaderWorker.call(SystemApplicationClassLoaderWorker.java:113)
	at org.gradle.process.internal.worker.child.SystemApplicationClassLoaderWorker.call(SystemApplicationClassLoaderWorker.java:65)
	at app//worker.org.gradle.process.internal.worker.GradleWorkerMain.run(GradleWorkerMain.java:69)
	at app//worker.org.gradle.process.internal.worker.GradleWorkerMain.main(GradleWorkerMain.java:74)
</failure>
  </testcase>
  <testcase name="ToyBanking_nomacro" classname="de.uka.ilkd.key.proof.runallproofs.RunAllProofsInfFlow" time="1.076">
    <failure message="org.opentest4j.AssertionFailedError: Executed process terminated with non-zero exit value. ==&gt; expected: &lt;0&gt; but was: &lt;1&gt;" type="org.opentest4j.AssertionFailedError">org.opentest4j.AssertionFailedError: Executed process terminated with non-zero exit value. ==&gt; expected: &lt;0&gt; but was: &lt;1&gt;
	at app//org.junit.jupiter.api.AssertionUtils.fail(AssertionUtils.java:55)
	at app//org.junit.jupiter.api.AssertionUtils.failNotEqual(AssertionUtils.java:62)
	at app//org.junit.jupiter.api.AssertEquals.assertEquals(AssertEquals.java:150)
	at app//org.junit.jupiter.api.Assertions.assertEquals(Assertions.java:559)
	at app//de.uka.ilkd.key.proof.runallproofs.proofcollection.ForkedTestFileRunner.processTestFiles(ForkedTestFileRunner.java:129)
	at app//de.uka.ilkd.key.proof.runallproofs.RunAllProofsTestUnit.runTest(RunAllProofsTestUnit.java:85)
	at app//de.uka.ilkd.key.proof.runallproofs.RunAllProofsTest.lambda$data$0(RunAllProofsTest.java:83)
	at app//org.junit.jupiter.engine.descriptor.DynamicTestTestDescriptor.lambda$execute$0(DynamicTestTestDescriptor.java:53)
	at app//org.junit.jupiter.engine.execution.InvocationInterceptorChain$ValidatingInvocation.proceed(InvocationInterceptorChain.java:131)
	at app//org.junit.jupiter.api.extension.InvocationInterceptor.interceptDynamicTest(InvocationInterceptor.java:167)
	at app//org.junit.jupiter.api.extension.InvocationInterceptor.interceptDynamicTest(InvocationInterceptor.java:184)
	at app//org.junit.jupiter.engine.descriptor.DynamicTestTestDescriptor.lambda$execute$1(DynamicTestTestDescriptor.java:61)
	at app//org.junit.jupiter.engine.execution.InvocationInterceptorChain$InterceptorCall.lambda$ofVoid$0(InvocationInterceptorChain.java:78)
	at app//org.junit.jupiter.engine.execution.InvocationInterceptorChain$InterceptedInvocation.proceed(InvocationInterceptorChain.java:106)
	at app//org.junit.jupiter.engine.execution.InvocationInterceptorChain.proceed(InvocationInterceptorChain.java:64)
	at app//org.junit.jupiter.engine.execution.InvocationInterceptorChain.chainAndInvoke(InvocationInterceptorChain.java:45)
	at app//org.junit.jupiter.engine.execution.InvocationInterceptorChain.invoke(InvocationInterceptorChain.java:37)
	at app//org.junit.jupiter.engine.descriptor.DynamicTestTestDescriptor.execute(DynamicTestTestDescriptor.java:60)
	at app//org.junit.jupiter.engine.descriptor.DynamicTestTestDescriptor.execute(DynamicTestTestDescriptor.java:32)
	at app//org.junit.platform.engine.support.hierarchical.NodeTestTask.lambda$executeRecursively$6(NodeTestTask.java:151)
	at app//org.junit.platform.engine.support.hierarchical.ThrowableCollector.execute(ThrowableCollector.java:73)
	at app//org.junit.platform.engine.support.hierarchical.NodeTestTask.lambda$executeRecursively$8(NodeTestTask.java:141)
	at app//org.junit.platform.engine.support.hierarchical.Node.around(Node.java:137)
	at app//org.junit.platform.engine.support.hierarchical.NodeTestTask.lambda$executeRecursively$9(NodeTestTask.java:139)
	at app//org.junit.platform.engine.support.hierarchical.ThrowableCollector.execute(ThrowableCollector.java:73)
	at app//org.junit.platform.engine.support.hierarchical.NodeTestTask.executeRecursively(NodeTestTask.java:138)
	at app//org.junit.platform.engine.support.hierarchical.NodeTestTask.execute(NodeTestTask.java:95)
	at app//org.junit.platform.engine.support.hierarchical.SameThreadHierarchicalTestExecutorService.submit(SameThreadHierarchicalTestExecutorService.java:35)
	at app//org.junit.platform.engine.support.hierarchical.NodeTestTask$DefaultDynamicTestExecutor.execute(NodeTestTask.java:226)
	at app//org.junit.platform.engine.support.hierarchical.NodeTestTask$DefaultDynamicTestExecutor.execute(NodeTestTask.java:204)
	at java.base@11.0.18/java.util.Optional.ifPresent(Optional.java:183)
	at app//org.junit.jupiter.engine.descriptor.TestFactoryTestDescriptor.lambda$invokeTestMethod$1(TestFactoryTestDescriptor.java:108)
	at app//org.junit.platform.engine.support.hierarchical.ThrowableCollector.execute(ThrowableCollector.java:73)
	at app//org.junit.jupiter.engine.descriptor.TestFactoryTestDescriptor.invokeTestMethod(TestFactoryTestDescriptor.java:95)
	at app//org.junit.jupiter.engine.descriptor.TestMethodTestDescriptor.execute(TestMethodTestDescriptor.java:135)
	at app//org.junit.jupiter.engine.descriptor.TestMethodTestDescriptor.execute(TestMethodTestDescriptor.java:66)
	at app//org.junit.platform.engine.support.hierarchical.NodeTestTask.lambda$executeRecursively$6(NodeTestTask.java:151)
	at app//org.junit.platform.engine.support.hierarchical.ThrowableCollector.execute(ThrowableCollector.java:73)
	at app//org.junit.platform.engine.support.hierarchical.NodeTestTask.lambda$executeRecursively$8(NodeTestTask.java:141)
	at app//org.junit.platform.engine.support.hierarchical.Node.around(Node.java:137)
	at app//org.junit.platform.engine.support.hierarchical.NodeTestTask.lambda$executeRecursively$9(NodeTestTask.java:139)
	at app//org.junit.platform.engine.support.hierarchical.ThrowableCollector.execute(ThrowableCollector.java:73)
	at app//org.junit.platform.engine.support.hierarchical.NodeTestTask.executeRecursively(NodeTestTask.java:138)
	at app//org.junit.platform.engine.support.hierarchical.NodeTestTask.execute(NodeTestTask.java:95)
	at java.base@11.0.18/java.util.ArrayList.forEach(ArrayList.java:1541)
	at app//org.junit.platform.engine.support.hierarchical.SameThreadHierarchicalTestExecutorService.invokeAll(SameThreadHierarchicalTestExecutorService.java:41)
	at app//org.junit.platform.engine.support.hierarchical.NodeTestTask.lambda$executeRecursively$6(NodeTestTask.java:155)
	at app//org.junit.platform.engine.support.hierarchical.ThrowableCollector.execute(ThrowableCollector.java:73)
	at app//org.junit.platform.engine.support.hierarchical.NodeTestTask.lambda$executeRecursively$8(NodeTestTask.java:141)
	at app//org.junit.platform.engine.support.hierarchical.Node.around(Node.java:137)
	at app//org.junit.platform.engine.support.hierarchical.NodeTestTask.lambda$executeRecursively$9(NodeTestTask.java:139)
	at app//org.junit.platform.engine.support.hierarchical.ThrowableCollector.execute(ThrowableCollector.java:73)
	at app//org.junit.platform.engine.support.hierarchical.NodeTestTask.executeRecursively(NodeTestTask.java:138)
	at app//org.junit.platform.engine.support.hierarchical.NodeTestTask.execute(NodeTestTask.java:95)
	at java.base@11.0.18/java.util.ArrayList.forEach(ArrayList.java:1541)
	at app//org.junit.platform.engine.support.hierarchical.SameThreadHierarchicalTestExecutorService.invokeAll(SameThreadHierarchicalTestExecutorService.java:41)
	at app//org.junit.platform.engine.support.hierarchical.NodeTestTask.lambda$executeRecursively$6(NodeTestTask.java:155)
	at app//org.junit.platform.engine.support.hierarchical.ThrowableCollector.execute(ThrowableCollector.java:73)
	at app//org.junit.platform.engine.support.hierarchical.NodeTestTask.lambda$executeRecursively$8(NodeTestTask.java:141)
	at app//org.junit.platform.engine.support.hierarchical.Node.around(Node.java:137)
	at app//org.junit.platform.engine.support.hierarchical.NodeTestTask.lambda$executeRecursively$9(NodeTestTask.java:139)
	at app//org.junit.platform.engine.support.hierarchical.ThrowableCollector.execute(ThrowableCollector.java:73)
	at app//org.junit.platform.engine.support.hierarchical.NodeTestTask.executeRecursively(NodeTestTask.java:138)
	at app//org.junit.platform.engine.support.hierarchical.NodeTestTask.execute(NodeTestTask.java:95)
	at app//org.junit.platform.engine.support.hierarchical.SameThreadHierarchicalTestExecutorService.submit(SameThreadHierarchicalTestExecutorService.java:35)
	at app//org.junit.platform.engine.support.hierarchical.HierarchicalTestExecutor.execute(HierarchicalTestExecutor.java:57)
	at app//org.junit.platform.engine.support.hierarchical.HierarchicalTestEngine.execute(HierarchicalTestEngine.java:54)
	at org.junit.platform.launcher.core.EngineExecutionOrchestrator.execute(EngineExecutionOrchestrator.java:107)
	at org.junit.platform.launcher.core.EngineExecutionOrchestrator.execute(EngineExecutionOrchestrator.java:88)
	at org.junit.platform.launcher.core.EngineExecutionOrchestrator.lambda$execute$0(EngineExecutionOrchestrator.java:54)
	at org.junit.platform.launcher.core.EngineExecutionOrchestrator.withInterceptedStreams(EngineExecutionOrchestrator.java:67)
	at org.junit.platform.launcher.core.EngineExecutionOrchestrator.execute(EngineExecutionOrchestrator.java:52)
	at org.junit.platform.launcher.core.DefaultLauncher.execute(DefaultLauncher.java:114)
	at org.junit.platform.launcher.core.DefaultLauncher.execute(DefaultLauncher.java:86)
	at org.junit.platform.launcher.core.DefaultLauncherSession$DelegatingLauncher.execute(DefaultLauncherSession.java:86)
	at org.junit.platform.launcher.core.SessionPerRequestLauncher.execute(SessionPerRequestLauncher.java:53)
	at org.gradle.api.internal.tasks.testing.junitplatform.JUnitPlatformTestClassProcessor$CollectAllTestClassesExecutor.processAllTestClasses(JUnitPlatformTestClassProcessor.java:99)
	at org.gradle.api.internal.tasks.testing.junitplatform.JUnitPlatformTestClassProcessor$CollectAllTestClassesExecutor.access$000(JUnitPlatformTestClassProcessor.java:79)
	at org.gradle.api.internal.tasks.testing.junitplatform.JUnitPlatformTestClassProcessor.stop(JUnitPlatformTestClassProcessor.java:75)
	at org.gradle.api.internal.tasks.testing.SuiteTestClassProcessor.stop(SuiteTestClassProcessor.java:62)
	at java.base@11.0.18/jdk.internal.reflect.NativeMethodAccessorImpl.invoke0(Native Method)
	at java.base@11.0.18/jdk.internal.reflect.NativeMethodAccessorImpl.invoke(NativeMethodAccessorImpl.java:62)
	at java.base@11.0.18/jdk.internal.reflect.DelegatingMethodAccessorImpl.invoke(DelegatingMethodAccessorImpl.java:43)
	at java.base@11.0.18/java.lang.reflect.Method.invoke(Method.java:566)
	at org.gradle.internal.dispatch.ReflectionDispatch.dispatch(ReflectionDispatch.java:36)
	at org.gradle.internal.dispatch.ReflectionDispatch.dispatch(ReflectionDispatch.java:24)
	at org.gradle.internal.dispatch.ContextClassLoaderDispatch.dispatch(ContextClassLoaderDispatch.java:33)
	at org.gradle.internal.dispatch.ProxyDispatchAdapter$DispatchingInvocationHandler.invoke(ProxyDispatchAdapter.java:94)
	at com.sun.proxy.$Proxy2.stop(Unknown Source)
	at org.gradle.api.internal.tasks.testing.worker.TestWorker$3.run(TestWorker.java:193)
	at org.gradle.api.internal.tasks.testing.worker.TestWorker.executeAndMaintainThreadName(TestWorker.java:129)
	at org.gradle.api.internal.tasks.testing.worker.TestWorker.execute(TestWorker.java:100)
	at org.gradle.api.internal.tasks.testing.worker.TestWorker.execute(TestWorker.java:60)
	at org.gradle.process.internal.worker.child.ActionExecutionWorker.execute(ActionExecutionWorker.java:56)
	at org.gradle.process.internal.worker.child.SystemApplicationClassLoaderWorker.call(SystemApplicationClassLoaderWorker.java:113)
	at org.gradle.process.internal.worker.child.SystemApplicationClassLoaderWorker.call(SystemApplicationClassLoaderWorker.java:65)
	at app//worker.org.gradle.process.internal.worker.GradleWorkerMain.run(GradleWorkerMain.java:69)
	at app//worker.org.gradle.process.internal.worker.GradleWorkerMain.main(GradleWorkerMain.java:74)
</failure>
  </testcase>
  <testcase name="BlockContracts_nomacro" classname="de.uka.ilkd.key.proof.runallproofs.RunAllProofsInfFlow" time="1.049">
    <failure message="org.opentest4j.AssertionFailedError: Executed process terminated with non-zero exit value. ==&gt; expected: &lt;0&gt; but was: &lt;1&gt;" type="org.opentest4j.AssertionFailedError">org.opentest4j.AssertionFailedError: Executed process terminated with non-zero exit value. ==&gt; expected: &lt;0&gt; but was: &lt;1&gt;
	at app//org.junit.jupiter.api.AssertionUtils.fail(AssertionUtils.java:55)
	at app//org.junit.jupiter.api.AssertionUtils.failNotEqual(AssertionUtils.java:62)
	at app//org.junit.jupiter.api.AssertEquals.assertEquals(AssertEquals.java:150)
	at app//org.junit.jupiter.api.Assertions.assertEquals(Assertions.java:559)
	at app//de.uka.ilkd.key.proof.runallproofs.proofcollection.ForkedTestFileRunner.processTestFiles(ForkedTestFileRunner.java:129)
	at app//de.uka.ilkd.key.proof.runallproofs.RunAllProofsTestUnit.runTest(RunAllProofsTestUnit.java:85)
	at app//de.uka.ilkd.key.proof.runallproofs.RunAllProofsTest.lambda$data$0(RunAllProofsTest.java:83)
	at app//org.junit.jupiter.engine.descriptor.DynamicTestTestDescriptor.lambda$execute$0(DynamicTestTestDescriptor.java:53)
	at app//org.junit.jupiter.engine.execution.InvocationInterceptorChain$ValidatingInvocation.proceed(InvocationInterceptorChain.java:131)
	at app//org.junit.jupiter.api.extension.InvocationInterceptor.interceptDynamicTest(InvocationInterceptor.java:167)
	at app//org.junit.jupiter.api.extension.InvocationInterceptor.interceptDynamicTest(InvocationInterceptor.java:184)
	at app//org.junit.jupiter.engine.descriptor.DynamicTestTestDescriptor.lambda$execute$1(DynamicTestTestDescriptor.java:61)
	at app//org.junit.jupiter.engine.execution.InvocationInterceptorChain$InterceptorCall.lambda$ofVoid$0(InvocationInterceptorChain.java:78)
	at app//org.junit.jupiter.engine.execution.InvocationInterceptorChain$InterceptedInvocation.proceed(InvocationInterceptorChain.java:106)
	at app//org.junit.jupiter.engine.execution.InvocationInterceptorChain.proceed(InvocationInterceptorChain.java:64)
	at app//org.junit.jupiter.engine.execution.InvocationInterceptorChain.chainAndInvoke(InvocationInterceptorChain.java:45)
	at app//org.junit.jupiter.engine.execution.InvocationInterceptorChain.invoke(InvocationInterceptorChain.java:37)
	at app//org.junit.jupiter.engine.descriptor.DynamicTestTestDescriptor.execute(DynamicTestTestDescriptor.java:60)
	at app//org.junit.jupiter.engine.descriptor.DynamicTestTestDescriptor.execute(DynamicTestTestDescriptor.java:32)
	at app//org.junit.platform.engine.support.hierarchical.NodeTestTask.lambda$executeRecursively$6(NodeTestTask.java:151)
	at app//org.junit.platform.engine.support.hierarchical.ThrowableCollector.execute(ThrowableCollector.java:73)
	at app//org.junit.platform.engine.support.hierarchical.NodeTestTask.lambda$executeRecursively$8(NodeTestTask.java:141)
	at app//org.junit.platform.engine.support.hierarchical.Node.around(Node.java:137)
	at app//org.junit.platform.engine.support.hierarchical.NodeTestTask.lambda$executeRecursively$9(NodeTestTask.java:139)
	at app//org.junit.platform.engine.support.hierarchical.ThrowableCollector.execute(ThrowableCollector.java:73)
	at app//org.junit.platform.engine.support.hierarchical.NodeTestTask.executeRecursively(NodeTestTask.java:138)
	at app//org.junit.platform.engine.support.hierarchical.NodeTestTask.execute(NodeTestTask.java:95)
	at app//org.junit.platform.engine.support.hierarchical.SameThreadHierarchicalTestExecutorService.submit(SameThreadHierarchicalTestExecutorService.java:35)
	at app//org.junit.platform.engine.support.hierarchical.NodeTestTask$DefaultDynamicTestExecutor.execute(NodeTestTask.java:226)
	at app//org.junit.platform.engine.support.hierarchical.NodeTestTask$DefaultDynamicTestExecutor.execute(NodeTestTask.java:204)
	at java.base@11.0.18/java.util.Optional.ifPresent(Optional.java:183)
	at app//org.junit.jupiter.engine.descriptor.TestFactoryTestDescriptor.lambda$invokeTestMethod$1(TestFactoryTestDescriptor.java:108)
	at app//org.junit.platform.engine.support.hierarchical.ThrowableCollector.execute(ThrowableCollector.java:73)
	at app//org.junit.jupiter.engine.descriptor.TestFactoryTestDescriptor.invokeTestMethod(TestFactoryTestDescriptor.java:95)
	at app//org.junit.jupiter.engine.descriptor.TestMethodTestDescriptor.execute(TestMethodTestDescriptor.java:135)
	at app//org.junit.jupiter.engine.descriptor.TestMethodTestDescriptor.execute(TestMethodTestDescriptor.java:66)
	at app//org.junit.platform.engine.support.hierarchical.NodeTestTask.lambda$executeRecursively$6(NodeTestTask.java:151)
	at app//org.junit.platform.engine.support.hierarchical.ThrowableCollector.execute(ThrowableCollector.java:73)
	at app//org.junit.platform.engine.support.hierarchical.NodeTestTask.lambda$executeRecursively$8(NodeTestTask.java:141)
	at app//org.junit.platform.engine.support.hierarchical.Node.around(Node.java:137)
	at app//org.junit.platform.engine.support.hierarchical.NodeTestTask.lambda$executeRecursively$9(NodeTestTask.java:139)
	at app//org.junit.platform.engine.support.hierarchical.ThrowableCollector.execute(ThrowableCollector.java:73)
	at app//org.junit.platform.engine.support.hierarchical.NodeTestTask.executeRecursively(NodeTestTask.java:138)
	at app//org.junit.platform.engine.support.hierarchical.NodeTestTask.execute(NodeTestTask.java:95)
	at java.base@11.0.18/java.util.ArrayList.forEach(ArrayList.java:1541)
	at app//org.junit.platform.engine.support.hierarchical.SameThreadHierarchicalTestExecutorService.invokeAll(SameThreadHierarchicalTestExecutorService.java:41)
	at app//org.junit.platform.engine.support.hierarchical.NodeTestTask.lambda$executeRecursively$6(NodeTestTask.java:155)
	at app//org.junit.platform.engine.support.hierarchical.ThrowableCollector.execute(ThrowableCollector.java:73)
	at app//org.junit.platform.engine.support.hierarchical.NodeTestTask.lambda$executeRecursively$8(NodeTestTask.java:141)
	at app//org.junit.platform.engine.support.hierarchical.Node.around(Node.java:137)
	at app//org.junit.platform.engine.support.hierarchical.NodeTestTask.lambda$executeRecursively$9(NodeTestTask.java:139)
	at app//org.junit.platform.engine.support.hierarchical.ThrowableCollector.execute(ThrowableCollector.java:73)
	at app//org.junit.platform.engine.support.hierarchical.NodeTestTask.executeRecursively(NodeTestTask.java:138)
	at app//org.junit.platform.engine.support.hierarchical.NodeTestTask.execute(NodeTestTask.java:95)
	at java.base@11.0.18/java.util.ArrayList.forEach(ArrayList.java:1541)
	at app//org.junit.platform.engine.support.hierarchical.SameThreadHierarchicalTestExecutorService.invokeAll(SameThreadHierarchicalTestExecutorService.java:41)
	at app//org.junit.platform.engine.support.hierarchical.NodeTestTask.lambda$executeRecursively$6(NodeTestTask.java:155)
	at app//org.junit.platform.engine.support.hierarchical.ThrowableCollector.execute(ThrowableCollector.java:73)
	at app//org.junit.platform.engine.support.hierarchical.NodeTestTask.lambda$executeRecursively$8(NodeTestTask.java:141)
	at app//org.junit.platform.engine.support.hierarchical.Node.around(Node.java:137)
	at app//org.junit.platform.engine.support.hierarchical.NodeTestTask.lambda$executeRecursively$9(NodeTestTask.java:139)
	at app//org.junit.platform.engine.support.hierarchical.ThrowableCollector.execute(ThrowableCollector.java:73)
	at app//org.junit.platform.engine.support.hierarchical.NodeTestTask.executeRecursively(NodeTestTask.java:138)
	at app//org.junit.platform.engine.support.hierarchical.NodeTestTask.execute(NodeTestTask.java:95)
	at app//org.junit.platform.engine.support.hierarchical.SameThreadHierarchicalTestExecutorService.submit(SameThreadHierarchicalTestExecutorService.java:35)
	at app//org.junit.platform.engine.support.hierarchical.HierarchicalTestExecutor.execute(HierarchicalTestExecutor.java:57)
	at app//org.junit.platform.engine.support.hierarchical.HierarchicalTestEngine.execute(HierarchicalTestEngine.java:54)
	at org.junit.platform.launcher.core.EngineExecutionOrchestrator.execute(EngineExecutionOrchestrator.java:107)
	at org.junit.platform.launcher.core.EngineExecutionOrchestrator.execute(EngineExecutionOrchestrator.java:88)
	at org.junit.platform.launcher.core.EngineExecutionOrchestrator.lambda$execute$0(EngineExecutionOrchestrator.java:54)
	at org.junit.platform.launcher.core.EngineExecutionOrchestrator.withInterceptedStreams(EngineExecutionOrchestrator.java:67)
	at org.junit.platform.launcher.core.EngineExecutionOrchestrator.execute(EngineExecutionOrchestrator.java:52)
	at org.junit.platform.launcher.core.DefaultLauncher.execute(DefaultLauncher.java:114)
	at org.junit.platform.launcher.core.DefaultLauncher.execute(DefaultLauncher.java:86)
	at org.junit.platform.launcher.core.DefaultLauncherSession$DelegatingLauncher.execute(DefaultLauncherSession.java:86)
	at org.junit.platform.launcher.core.SessionPerRequestLauncher.execute(SessionPerRequestLauncher.java:53)
	at org.gradle.api.internal.tasks.testing.junitplatform.JUnitPlatformTestClassProcessor$CollectAllTestClassesExecutor.processAllTestClasses(JUnitPlatformTestClassProcessor.java:99)
	at org.gradle.api.internal.tasks.testing.junitplatform.JUnitPlatformTestClassProcessor$CollectAllTestClassesExecutor.access$000(JUnitPlatformTestClassProcessor.java:79)
	at org.gradle.api.internal.tasks.testing.junitplatform.JUnitPlatformTestClassProcessor.stop(JUnitPlatformTestClassProcessor.java:75)
	at org.gradle.api.internal.tasks.testing.SuiteTestClassProcessor.stop(SuiteTestClassProcessor.java:62)
	at java.base@11.0.18/jdk.internal.reflect.NativeMethodAccessorImpl.invoke0(Native Method)
	at java.base@11.0.18/jdk.internal.reflect.NativeMethodAccessorImpl.invoke(NativeMethodAccessorImpl.java:62)
	at java.base@11.0.18/jdk.internal.reflect.DelegatingMethodAccessorImpl.invoke(DelegatingMethodAccessorImpl.java:43)
	at java.base@11.0.18/java.lang.reflect.Method.invoke(Method.java:566)
	at org.gradle.internal.dispatch.ReflectionDispatch.dispatch(ReflectionDispatch.java:36)
	at org.gradle.internal.dispatch.ReflectionDispatch.dispatch(ReflectionDispatch.java:24)
	at org.gradle.internal.dispatch.ContextClassLoaderDispatch.dispatch(ContextClassLoaderDispatch.java:33)
	at org.gradle.internal.dispatch.ProxyDispatchAdapter$DispatchingInvocationHandler.invoke(ProxyDispatchAdapter.java:94)
	at com.sun.proxy.$Proxy2.stop(Unknown Source)
	at org.gradle.api.internal.tasks.testing.worker.TestWorker$3.run(TestWorker.java:193)
	at org.gradle.api.internal.tasks.testing.worker.TestWorker.executeAndMaintainThreadName(TestWorker.java:129)
	at org.gradle.api.internal.tasks.testing.worker.TestWorker.execute(TestWorker.java:100)
	at org.gradle.api.internal.tasks.testing.worker.TestWorker.execute(TestWorker.java:60)
	at org.gradle.process.internal.worker.child.ActionExecutionWorker.execute(ActionExecutionWorker.java:56)
	at org.gradle.process.internal.worker.child.SystemApplicationClassLoaderWorker.call(SystemApplicationClassLoaderWorker.java:113)
	at org.gradle.process.internal.worker.child.SystemApplicationClassLoaderWorker.call(SystemApplicationClassLoaderWorker.java:65)
	at app//worker.org.gradle.process.internal.worker.GradleWorkerMain.run(GradleWorkerMain.java:69)
	at app//worker.org.gradle.process.internal.worker.GradleWorkerMain.main(GradleWorkerMain.java:74)
</failure>
  </testcase>
  <testcase name="MethodContracts_nomacro" classname="de.uka.ilkd.key.proof.runallproofs.RunAllProofsInfFlow" time="1.11">
    <failure message="org.opentest4j.AssertionFailedError: Executed process terminated with non-zero exit value. ==&gt; expected: &lt;0&gt; but was: &lt;1&gt;" type="org.opentest4j.AssertionFailedError">org.opentest4j.AssertionFailedError: Executed process terminated with non-zero exit value. ==&gt; expected: &lt;0&gt; but was: &lt;1&gt;
	at app//org.junit.jupiter.api.AssertionUtils.fail(AssertionUtils.java:55)
	at app//org.junit.jupiter.api.AssertionUtils.failNotEqual(AssertionUtils.java:62)
	at app//org.junit.jupiter.api.AssertEquals.assertEquals(AssertEquals.java:150)
	at app//org.junit.jupiter.api.Assertions.assertEquals(Assertions.java:559)
	at app//de.uka.ilkd.key.proof.runallproofs.proofcollection.ForkedTestFileRunner.processTestFiles(ForkedTestFileRunner.java:129)
	at app//de.uka.ilkd.key.proof.runallproofs.RunAllProofsTestUnit.runTest(RunAllProofsTestUnit.java:85)
	at app//de.uka.ilkd.key.proof.runallproofs.RunAllProofsTest.lambda$data$0(RunAllProofsTest.java:83)
	at app//org.junit.jupiter.engine.descriptor.DynamicTestTestDescriptor.lambda$execute$0(DynamicTestTestDescriptor.java:53)
	at app//org.junit.jupiter.engine.execution.InvocationInterceptorChain$ValidatingInvocation.proceed(InvocationInterceptorChain.java:131)
	at app//org.junit.jupiter.api.extension.InvocationInterceptor.interceptDynamicTest(InvocationInterceptor.java:167)
	at app//org.junit.jupiter.api.extension.InvocationInterceptor.interceptDynamicTest(InvocationInterceptor.java:184)
	at app//org.junit.jupiter.engine.descriptor.DynamicTestTestDescriptor.lambda$execute$1(DynamicTestTestDescriptor.java:61)
	at app//org.junit.jupiter.engine.execution.InvocationInterceptorChain$InterceptorCall.lambda$ofVoid$0(InvocationInterceptorChain.java:78)
	at app//org.junit.jupiter.engine.execution.InvocationInterceptorChain$InterceptedInvocation.proceed(InvocationInterceptorChain.java:106)
	at app//org.junit.jupiter.engine.execution.InvocationInterceptorChain.proceed(InvocationInterceptorChain.java:64)
	at app//org.junit.jupiter.engine.execution.InvocationInterceptorChain.chainAndInvoke(InvocationInterceptorChain.java:45)
	at app//org.junit.jupiter.engine.execution.InvocationInterceptorChain.invoke(InvocationInterceptorChain.java:37)
	at app//org.junit.jupiter.engine.descriptor.DynamicTestTestDescriptor.execute(DynamicTestTestDescriptor.java:60)
	at app//org.junit.jupiter.engine.descriptor.DynamicTestTestDescriptor.execute(DynamicTestTestDescriptor.java:32)
	at app//org.junit.platform.engine.support.hierarchical.NodeTestTask.lambda$executeRecursively$6(NodeTestTask.java:151)
	at app//org.junit.platform.engine.support.hierarchical.ThrowableCollector.execute(ThrowableCollector.java:73)
	at app//org.junit.platform.engine.support.hierarchical.NodeTestTask.lambda$executeRecursively$8(NodeTestTask.java:141)
	at app//org.junit.platform.engine.support.hierarchical.Node.around(Node.java:137)
	at app//org.junit.platform.engine.support.hierarchical.NodeTestTask.lambda$executeRecursively$9(NodeTestTask.java:139)
	at app//org.junit.platform.engine.support.hierarchical.ThrowableCollector.execute(ThrowableCollector.java:73)
	at app//org.junit.platform.engine.support.hierarchical.NodeTestTask.executeRecursively(NodeTestTask.java:138)
	at app//org.junit.platform.engine.support.hierarchical.NodeTestTask.execute(NodeTestTask.java:95)
	at app//org.junit.platform.engine.support.hierarchical.SameThreadHierarchicalTestExecutorService.submit(SameThreadHierarchicalTestExecutorService.java:35)
	at app//org.junit.platform.engine.support.hierarchical.NodeTestTask$DefaultDynamicTestExecutor.execute(NodeTestTask.java:226)
	at app//org.junit.platform.engine.support.hierarchical.NodeTestTask$DefaultDynamicTestExecutor.execute(NodeTestTask.java:204)
	at java.base@11.0.18/java.util.Optional.ifPresent(Optional.java:183)
	at app//org.junit.jupiter.engine.descriptor.TestFactoryTestDescriptor.lambda$invokeTestMethod$1(TestFactoryTestDescriptor.java:108)
	at app//org.junit.platform.engine.support.hierarchical.ThrowableCollector.execute(ThrowableCollector.java:73)
	at app//org.junit.jupiter.engine.descriptor.TestFactoryTestDescriptor.invokeTestMethod(TestFactoryTestDescriptor.java:95)
	at app//org.junit.jupiter.engine.descriptor.TestMethodTestDescriptor.execute(TestMethodTestDescriptor.java:135)
	at app//org.junit.jupiter.engine.descriptor.TestMethodTestDescriptor.execute(TestMethodTestDescriptor.java:66)
	at app//org.junit.platform.engine.support.hierarchical.NodeTestTask.lambda$executeRecursively$6(NodeTestTask.java:151)
	at app//org.junit.platform.engine.support.hierarchical.ThrowableCollector.execute(ThrowableCollector.java:73)
	at app//org.junit.platform.engine.support.hierarchical.NodeTestTask.lambda$executeRecursively$8(NodeTestTask.java:141)
	at app//org.junit.platform.engine.support.hierarchical.Node.around(Node.java:137)
	at app//org.junit.platform.engine.support.hierarchical.NodeTestTask.lambda$executeRecursively$9(NodeTestTask.java:139)
	at app//org.junit.platform.engine.support.hierarchical.ThrowableCollector.execute(ThrowableCollector.java:73)
	at app//org.junit.platform.engine.support.hierarchical.NodeTestTask.executeRecursively(NodeTestTask.java:138)
	at app//org.junit.platform.engine.support.hierarchical.NodeTestTask.execute(NodeTestTask.java:95)
	at java.base@11.0.18/java.util.ArrayList.forEach(ArrayList.java:1541)
	at app//org.junit.platform.engine.support.hierarchical.SameThreadHierarchicalTestExecutorService.invokeAll(SameThreadHierarchicalTestExecutorService.java:41)
	at app//org.junit.platform.engine.support.hierarchical.NodeTestTask.lambda$executeRecursively$6(NodeTestTask.java:155)
	at app//org.junit.platform.engine.support.hierarchical.ThrowableCollector.execute(ThrowableCollector.java:73)
	at app//org.junit.platform.engine.support.hierarchical.NodeTestTask.lambda$executeRecursively$8(NodeTestTask.java:141)
	at app//org.junit.platform.engine.support.hierarchical.Node.around(Node.java:137)
	at app//org.junit.platform.engine.support.hierarchical.NodeTestTask.lambda$executeRecursively$9(NodeTestTask.java:139)
	at app//org.junit.platform.engine.support.hierarchical.ThrowableCollector.execute(ThrowableCollector.java:73)
	at app//org.junit.platform.engine.support.hierarchical.NodeTestTask.executeRecursively(NodeTestTask.java:138)
	at app//org.junit.platform.engine.support.hierarchical.NodeTestTask.execute(NodeTestTask.java:95)
	at java.base@11.0.18/java.util.ArrayList.forEach(ArrayList.java:1541)
	at app//org.junit.platform.engine.support.hierarchical.SameThreadHierarchicalTestExecutorService.invokeAll(SameThreadHierarchicalTestExecutorService.java:41)
	at app//org.junit.platform.engine.support.hierarchical.NodeTestTask.lambda$executeRecursively$6(NodeTestTask.java:155)
	at app//org.junit.platform.engine.support.hierarchical.ThrowableCollector.execute(ThrowableCollector.java:73)
	at app//org.junit.platform.engine.support.hierarchical.NodeTestTask.lambda$executeRecursively$8(NodeTestTask.java:141)
	at app//org.junit.platform.engine.support.hierarchical.Node.around(Node.java:137)
	at app//org.junit.platform.engine.support.hierarchical.NodeTestTask.lambda$executeRecursively$9(NodeTestTask.java:139)
	at app//org.junit.platform.engine.support.hierarchical.ThrowableCollector.execute(ThrowableCollector.java:73)
	at app//org.junit.platform.engine.support.hierarchical.NodeTestTask.executeRecursively(NodeTestTask.java:138)
	at app//org.junit.platform.engine.support.hierarchical.NodeTestTask.execute(NodeTestTask.java:95)
	at app//org.junit.platform.engine.support.hierarchical.SameThreadHierarchicalTestExecutorService.submit(SameThreadHierarchicalTestExecutorService.java:35)
	at app//org.junit.platform.engine.support.hierarchical.HierarchicalTestExecutor.execute(HierarchicalTestExecutor.java:57)
	at app//org.junit.platform.engine.support.hierarchical.HierarchicalTestEngine.execute(HierarchicalTestEngine.java:54)
	at org.junit.platform.launcher.core.EngineExecutionOrchestrator.execute(EngineExecutionOrchestrator.java:107)
	at org.junit.platform.launcher.core.EngineExecutionOrchestrator.execute(EngineExecutionOrchestrator.java:88)
	at org.junit.platform.launcher.core.EngineExecutionOrchestrator.lambda$execute$0(EngineExecutionOrchestrator.java:54)
	at org.junit.platform.launcher.core.EngineExecutionOrchestrator.withInterceptedStreams(EngineExecutionOrchestrator.java:67)
	at org.junit.platform.launcher.core.EngineExecutionOrchestrator.execute(EngineExecutionOrchestrator.java:52)
	at org.junit.platform.launcher.core.DefaultLauncher.execute(DefaultLauncher.java:114)
	at org.junit.platform.launcher.core.DefaultLauncher.execute(DefaultLauncher.java:86)
	at org.junit.platform.launcher.core.DefaultLauncherSession$DelegatingLauncher.execute(DefaultLauncherSession.java:86)
	at org.junit.platform.launcher.core.SessionPerRequestLauncher.execute(SessionPerRequestLauncher.java:53)
	at org.gradle.api.internal.tasks.testing.junitplatform.JUnitPlatformTestClassProcessor$CollectAllTestClassesExecutor.processAllTestClasses(JUnitPlatformTestClassProcessor.java:99)
	at org.gradle.api.internal.tasks.testing.junitplatform.JUnitPlatformTestClassProcessor$CollectAllTestClassesExecutor.access$000(JUnitPlatformTestClassProcessor.java:79)
	at org.gradle.api.internal.tasks.testing.junitplatform.JUnitPlatformTestClassProcessor.stop(JUnitPlatformTestClassProcessor.java:75)
	at org.gradle.api.internal.tasks.testing.SuiteTestClassProcessor.stop(SuiteTestClassProcessor.java:62)
	at java.base@11.0.18/jdk.internal.reflect.NativeMethodAccessorImpl.invoke0(Native Method)
	at java.base@11.0.18/jdk.internal.reflect.NativeMethodAccessorImpl.invoke(NativeMethodAccessorImpl.java:62)
	at java.base@11.0.18/jdk.internal.reflect.DelegatingMethodAccessorImpl.invoke(DelegatingMethodAccessorImpl.java:43)
	at java.base@11.0.18/java.lang.reflect.Method.invoke(Method.java:566)
	at org.gradle.internal.dispatch.ReflectionDispatch.dispatch(ReflectionDispatch.java:36)
	at org.gradle.internal.dispatch.ReflectionDispatch.dispatch(ReflectionDispatch.java:24)
	at org.gradle.internal.dispatch.ContextClassLoaderDispatch.dispatch(ContextClassLoaderDispatch.java:33)
	at org.gradle.internal.dispatch.ProxyDispatchAdapter$DispatchingInvocationHandler.invoke(ProxyDispatchAdapter.java:94)
	at com.sun.proxy.$Proxy2.stop(Unknown Source)
	at org.gradle.api.internal.tasks.testing.worker.TestWorker$3.run(TestWorker.java:193)
	at org.gradle.api.internal.tasks.testing.worker.TestWorker.executeAndMaintainThreadName(TestWorker.java:129)
	at org.gradle.api.internal.tasks.testing.worker.TestWorker.execute(TestWorker.java:100)
	at org.gradle.api.internal.tasks.testing.worker.TestWorker.execute(TestWorker.java:60)
	at org.gradle.process.internal.worker.child.ActionExecutionWorker.execute(ActionExecutionWorker.java:56)
	at org.gradle.process.internal.worker.child.SystemApplicationClassLoaderWorker.call(SystemApplicationClassLoaderWorker.java:113)
	at org.gradle.process.internal.worker.child.SystemApplicationClassLoaderWorker.call(SystemApplicationClassLoaderWorker.java:65)
	at app//worker.org.gradle.process.internal.worker.GradleWorkerMain.run(GradleWorkerMain.java:69)
	at app//worker.org.gradle.process.internal.worker.GradleWorkerMain.main(GradleWorkerMain.java:74)
</failure>
  </testcase>
  <testcase name="LoopInvariants_nomacro" classname="de.uka.ilkd.key.proof.runallproofs.RunAllProofsInfFlow" time="1.027">
    <failure message="org.opentest4j.AssertionFailedError: Executed process terminated with non-zero exit value. ==&gt; expected: &lt;0&gt; but was: &lt;1&gt;" type="org.opentest4j.AssertionFailedError">org.opentest4j.AssertionFailedError: Executed process terminated with non-zero exit value. ==&gt; expected: &lt;0&gt; but was: &lt;1&gt;
	at app//org.junit.jupiter.api.AssertionUtils.fail(AssertionUtils.java:55)
	at app//org.junit.jupiter.api.AssertionUtils.failNotEqual(AssertionUtils.java:62)
	at app//org.junit.jupiter.api.AssertEquals.assertEquals(AssertEquals.java:150)
	at app//org.junit.jupiter.api.Assertions.assertEquals(Assertions.java:559)
	at app//de.uka.ilkd.key.proof.runallproofs.proofcollection.ForkedTestFileRunner.processTestFiles(ForkedTestFileRunner.java:129)
	at app//de.uka.ilkd.key.proof.runallproofs.RunAllProofsTestUnit.runTest(RunAllProofsTestUnit.java:85)
	at app//de.uka.ilkd.key.proof.runallproofs.RunAllProofsTest.lambda$data$0(RunAllProofsTest.java:83)
	at app//org.junit.jupiter.engine.descriptor.DynamicTestTestDescriptor.lambda$execute$0(DynamicTestTestDescriptor.java:53)
	at app//org.junit.jupiter.engine.execution.InvocationInterceptorChain$ValidatingInvocation.proceed(InvocationInterceptorChain.java:131)
	at app//org.junit.jupiter.api.extension.InvocationInterceptor.interceptDynamicTest(InvocationInterceptor.java:167)
	at app//org.junit.jupiter.api.extension.InvocationInterceptor.interceptDynamicTest(InvocationInterceptor.java:184)
	at app//org.junit.jupiter.engine.descriptor.DynamicTestTestDescriptor.lambda$execute$1(DynamicTestTestDescriptor.java:61)
	at app//org.junit.jupiter.engine.execution.InvocationInterceptorChain$InterceptorCall.lambda$ofVoid$0(InvocationInterceptorChain.java:78)
	at app//org.junit.jupiter.engine.execution.InvocationInterceptorChain$InterceptedInvocation.proceed(InvocationInterceptorChain.java:106)
	at app//org.junit.jupiter.engine.execution.InvocationInterceptorChain.proceed(InvocationInterceptorChain.java:64)
	at app//org.junit.jupiter.engine.execution.InvocationInterceptorChain.chainAndInvoke(InvocationInterceptorChain.java:45)
	at app//org.junit.jupiter.engine.execution.InvocationInterceptorChain.invoke(InvocationInterceptorChain.java:37)
	at app//org.junit.jupiter.engine.descriptor.DynamicTestTestDescriptor.execute(DynamicTestTestDescriptor.java:60)
	at app//org.junit.jupiter.engine.descriptor.DynamicTestTestDescriptor.execute(DynamicTestTestDescriptor.java:32)
	at app//org.junit.platform.engine.support.hierarchical.NodeTestTask.lambda$executeRecursively$6(NodeTestTask.java:151)
	at app//org.junit.platform.engine.support.hierarchical.ThrowableCollector.execute(ThrowableCollector.java:73)
	at app//org.junit.platform.engine.support.hierarchical.NodeTestTask.lambda$executeRecursively$8(NodeTestTask.java:141)
	at app//org.junit.platform.engine.support.hierarchical.Node.around(Node.java:137)
	at app//org.junit.platform.engine.support.hierarchical.NodeTestTask.lambda$executeRecursively$9(NodeTestTask.java:139)
	at app//org.junit.platform.engine.support.hierarchical.ThrowableCollector.execute(ThrowableCollector.java:73)
	at app//org.junit.platform.engine.support.hierarchical.NodeTestTask.executeRecursively(NodeTestTask.java:138)
	at app//org.junit.platform.engine.support.hierarchical.NodeTestTask.execute(NodeTestTask.java:95)
	at app//org.junit.platform.engine.support.hierarchical.SameThreadHierarchicalTestExecutorService.submit(SameThreadHierarchicalTestExecutorService.java:35)
	at app//org.junit.platform.engine.support.hierarchical.NodeTestTask$DefaultDynamicTestExecutor.execute(NodeTestTask.java:226)
	at app//org.junit.platform.engine.support.hierarchical.NodeTestTask$DefaultDynamicTestExecutor.execute(NodeTestTask.java:204)
	at java.base@11.0.18/java.util.Optional.ifPresent(Optional.java:183)
	at app//org.junit.jupiter.engine.descriptor.TestFactoryTestDescriptor.lambda$invokeTestMethod$1(TestFactoryTestDescriptor.java:108)
	at app//org.junit.platform.engine.support.hierarchical.ThrowableCollector.execute(ThrowableCollector.java:73)
	at app//org.junit.jupiter.engine.descriptor.TestFactoryTestDescriptor.invokeTestMethod(TestFactoryTestDescriptor.java:95)
	at app//org.junit.jupiter.engine.descriptor.TestMethodTestDescriptor.execute(TestMethodTestDescriptor.java:135)
	at app//org.junit.jupiter.engine.descriptor.TestMethodTestDescriptor.execute(TestMethodTestDescriptor.java:66)
	at app//org.junit.platform.engine.support.hierarchical.NodeTestTask.lambda$executeRecursively$6(NodeTestTask.java:151)
	at app//org.junit.platform.engine.support.hierarchical.ThrowableCollector.execute(ThrowableCollector.java:73)
	at app//org.junit.platform.engine.support.hierarchical.NodeTestTask.lambda$executeRecursively$8(NodeTestTask.java:141)
	at app//org.junit.platform.engine.support.hierarchical.Node.around(Node.java:137)
	at app//org.junit.platform.engine.support.hierarchical.NodeTestTask.lambda$executeRecursively$9(NodeTestTask.java:139)
	at app//org.junit.platform.engine.support.hierarchical.ThrowableCollector.execute(ThrowableCollector.java:73)
	at app//org.junit.platform.engine.support.hierarchical.NodeTestTask.executeRecursively(NodeTestTask.java:138)
	at app//org.junit.platform.engine.support.hierarchical.NodeTestTask.execute(NodeTestTask.java:95)
	at java.base@11.0.18/java.util.ArrayList.forEach(ArrayList.java:1541)
	at app//org.junit.platform.engine.support.hierarchical.SameThreadHierarchicalTestExecutorService.invokeAll(SameThreadHierarchicalTestExecutorService.java:41)
	at app//org.junit.platform.engine.support.hierarchical.NodeTestTask.lambda$executeRecursively$6(NodeTestTask.java:155)
	at app//org.junit.platform.engine.support.hierarchical.ThrowableCollector.execute(ThrowableCollector.java:73)
	at app//org.junit.platform.engine.support.hierarchical.NodeTestTask.lambda$executeRecursively$8(NodeTestTask.java:141)
	at app//org.junit.platform.engine.support.hierarchical.Node.around(Node.java:137)
	at app//org.junit.platform.engine.support.hierarchical.NodeTestTask.lambda$executeRecursively$9(NodeTestTask.java:139)
	at app//org.junit.platform.engine.support.hierarchical.ThrowableCollector.execute(ThrowableCollector.java:73)
	at app//org.junit.platform.engine.support.hierarchical.NodeTestTask.executeRecursively(NodeTestTask.java:138)
	at app//org.junit.platform.engine.support.hierarchical.NodeTestTask.execute(NodeTestTask.java:95)
	at java.base@11.0.18/java.util.ArrayList.forEach(ArrayList.java:1541)
	at app//org.junit.platform.engine.support.hierarchical.SameThreadHierarchicalTestExecutorService.invokeAll(SameThreadHierarchicalTestExecutorService.java:41)
	at app//org.junit.platform.engine.support.hierarchical.NodeTestTask.lambda$executeRecursively$6(NodeTestTask.java:155)
	at app//org.junit.platform.engine.support.hierarchical.ThrowableCollector.execute(ThrowableCollector.java:73)
	at app//org.junit.platform.engine.support.hierarchical.NodeTestTask.lambda$executeRecursively$8(NodeTestTask.java:141)
	at app//org.junit.platform.engine.support.hierarchical.Node.around(Node.java:137)
	at app//org.junit.platform.engine.support.hierarchical.NodeTestTask.lambda$executeRecursively$9(NodeTestTask.java:139)
	at app//org.junit.platform.engine.support.hierarchical.ThrowableCollector.execute(ThrowableCollector.java:73)
	at app//org.junit.platform.engine.support.hierarchical.NodeTestTask.executeRecursively(NodeTestTask.java:138)
	at app//org.junit.platform.engine.support.hierarchical.NodeTestTask.execute(NodeTestTask.java:95)
	at app//org.junit.platform.engine.support.hierarchical.SameThreadHierarchicalTestExecutorService.submit(SameThreadHierarchicalTestExecutorService.java:35)
	at app//org.junit.platform.engine.support.hierarchical.HierarchicalTestExecutor.execute(HierarchicalTestExecutor.java:57)
	at app//org.junit.platform.engine.support.hierarchical.HierarchicalTestEngine.execute(HierarchicalTestEngine.java:54)
	at org.junit.platform.launcher.core.EngineExecutionOrchestrator.execute(EngineExecutionOrchestrator.java:107)
	at org.junit.platform.launcher.core.EngineExecutionOrchestrator.execute(EngineExecutionOrchestrator.java:88)
	at org.junit.platform.launcher.core.EngineExecutionOrchestrator.lambda$execute$0(EngineExecutionOrchestrator.java:54)
	at org.junit.platform.launcher.core.EngineExecutionOrchestrator.withInterceptedStreams(EngineExecutionOrchestrator.java:67)
	at org.junit.platform.launcher.core.EngineExecutionOrchestrator.execute(EngineExecutionOrchestrator.java:52)
	at org.junit.platform.launcher.core.DefaultLauncher.execute(DefaultLauncher.java:114)
	at org.junit.platform.launcher.core.DefaultLauncher.execute(DefaultLauncher.java:86)
	at org.junit.platform.launcher.core.DefaultLauncherSession$DelegatingLauncher.execute(DefaultLauncherSession.java:86)
	at org.junit.platform.launcher.core.SessionPerRequestLauncher.execute(SessionPerRequestLauncher.java:53)
	at org.gradle.api.internal.tasks.testing.junitplatform.JUnitPlatformTestClassProcessor$CollectAllTestClassesExecutor.processAllTestClasses(JUnitPlatformTestClassProcessor.java:99)
	at org.gradle.api.internal.tasks.testing.junitplatform.JUnitPlatformTestClassProcessor$CollectAllTestClassesExecutor.access$000(JUnitPlatformTestClassProcessor.java:79)
	at org.gradle.api.internal.tasks.testing.junitplatform.JUnitPlatformTestClassProcessor.stop(JUnitPlatformTestClassProcessor.java:75)
	at org.gradle.api.internal.tasks.testing.SuiteTestClassProcessor.stop(SuiteTestClassProcessor.java:62)
	at java.base@11.0.18/jdk.internal.reflect.NativeMethodAccessorImpl.invoke0(Native Method)
	at java.base@11.0.18/jdk.internal.reflect.NativeMethodAccessorImpl.invoke(NativeMethodAccessorImpl.java:62)
	at java.base@11.0.18/jdk.internal.reflect.DelegatingMethodAccessorImpl.invoke(DelegatingMethodAccessorImpl.java:43)
	at java.base@11.0.18/java.lang.reflect.Method.invoke(Method.java:566)
	at org.gradle.internal.dispatch.ReflectionDispatch.dispatch(ReflectionDispatch.java:36)
	at org.gradle.internal.dispatch.ReflectionDispatch.dispatch(ReflectionDispatch.java:24)
	at org.gradle.internal.dispatch.ContextClassLoaderDispatch.dispatch(ContextClassLoaderDispatch.java:33)
	at org.gradle.internal.dispatch.ProxyDispatchAdapter$DispatchingInvocationHandler.invoke(ProxyDispatchAdapter.java:94)
	at com.sun.proxy.$Proxy2.stop(Unknown Source)
	at org.gradle.api.internal.tasks.testing.worker.TestWorker$3.run(TestWorker.java:193)
	at org.gradle.api.internal.tasks.testing.worker.TestWorker.executeAndMaintainThreadName(TestWorker.java:129)
	at org.gradle.api.internal.tasks.testing.worker.TestWorker.execute(TestWorker.java:100)
	at org.gradle.api.internal.tasks.testing.worker.TestWorker.execute(TestWorker.java:60)
	at org.gradle.process.internal.worker.child.ActionExecutionWorker.execute(ActionExecutionWorker.java:56)
	at org.gradle.process.internal.worker.child.SystemApplicationClassLoaderWorker.call(SystemApplicationClassLoaderWorker.java:113)
	at org.gradle.process.internal.worker.child.SystemApplicationClassLoaderWorker.call(SystemApplicationClassLoaderWorker.java:65)
	at app//worker.org.gradle.process.internal.worker.GradleWorkerMain.run(GradleWorkerMain.java:69)
	at app//worker.org.gradle.process.internal.worker.GradleWorkerMain.main(GradleWorkerMain.java:74)
</failure>
  </testcase>
  <testcase name="MiniExamples_nomacro" classname="de.uka.ilkd.key.proof.runallproofs.RunAllProofsInfFlow" time="1.708">
    <failure message="org.opentest4j.AssertionFailedError: Executed process terminated with non-zero exit value. ==&gt; expected: &lt;0&gt; but was: &lt;1&gt;" type="org.opentest4j.AssertionFailedError">org.opentest4j.AssertionFailedError: Executed process terminated with non-zero exit value. ==&gt; expected: &lt;0&gt; but was: &lt;1&gt;
	at app//org.junit.jupiter.api.AssertionUtils.fail(AssertionUtils.java:55)
	at app//org.junit.jupiter.api.AssertionUtils.failNotEqual(AssertionUtils.java:62)
	at app//org.junit.jupiter.api.AssertEquals.assertEquals(AssertEquals.java:150)
	at app//org.junit.jupiter.api.Assertions.assertEquals(Assertions.java:559)
	at app//de.uka.ilkd.key.proof.runallproofs.proofcollection.ForkedTestFileRunner.processTestFiles(ForkedTestFileRunner.java:129)
	at app//de.uka.ilkd.key.proof.runallproofs.RunAllProofsTestUnit.runTest(RunAllProofsTestUnit.java:85)
	at app//de.uka.ilkd.key.proof.runallproofs.RunAllProofsTest.lambda$data$0(RunAllProofsTest.java:83)
	at app//org.junit.jupiter.engine.descriptor.DynamicTestTestDescriptor.lambda$execute$0(DynamicTestTestDescriptor.java:53)
	at app//org.junit.jupiter.engine.execution.InvocationInterceptorChain$ValidatingInvocation.proceed(InvocationInterceptorChain.java:131)
	at app//org.junit.jupiter.api.extension.InvocationInterceptor.interceptDynamicTest(InvocationInterceptor.java:167)
	at app//org.junit.jupiter.api.extension.InvocationInterceptor.interceptDynamicTest(InvocationInterceptor.java:184)
	at app//org.junit.jupiter.engine.descriptor.DynamicTestTestDescriptor.lambda$execute$1(DynamicTestTestDescriptor.java:61)
	at app//org.junit.jupiter.engine.execution.InvocationInterceptorChain$InterceptorCall.lambda$ofVoid$0(InvocationInterceptorChain.java:78)
	at app//org.junit.jupiter.engine.execution.InvocationInterceptorChain$InterceptedInvocation.proceed(InvocationInterceptorChain.java:106)
	at app//org.junit.jupiter.engine.execution.InvocationInterceptorChain.proceed(InvocationInterceptorChain.java:64)
	at app//org.junit.jupiter.engine.execution.InvocationInterceptorChain.chainAndInvoke(InvocationInterceptorChain.java:45)
	at app//org.junit.jupiter.engine.execution.InvocationInterceptorChain.invoke(InvocationInterceptorChain.java:37)
	at app//org.junit.jupiter.engine.descriptor.DynamicTestTestDescriptor.execute(DynamicTestTestDescriptor.java:60)
	at app//org.junit.jupiter.engine.descriptor.DynamicTestTestDescriptor.execute(DynamicTestTestDescriptor.java:32)
	at app//org.junit.platform.engine.support.hierarchical.NodeTestTask.lambda$executeRecursively$6(NodeTestTask.java:151)
	at app//org.junit.platform.engine.support.hierarchical.ThrowableCollector.execute(ThrowableCollector.java:73)
	at app//org.junit.platform.engine.support.hierarchical.NodeTestTask.lambda$executeRecursively$8(NodeTestTask.java:141)
	at app//org.junit.platform.engine.support.hierarchical.Node.around(Node.java:137)
	at app//org.junit.platform.engine.support.hierarchical.NodeTestTask.lambda$executeRecursively$9(NodeTestTask.java:139)
	at app//org.junit.platform.engine.support.hierarchical.ThrowableCollector.execute(ThrowableCollector.java:73)
	at app//org.junit.platform.engine.support.hierarchical.NodeTestTask.executeRecursively(NodeTestTask.java:138)
	at app//org.junit.platform.engine.support.hierarchical.NodeTestTask.execute(NodeTestTask.java:95)
	at app//org.junit.platform.engine.support.hierarchical.SameThreadHierarchicalTestExecutorService.submit(SameThreadHierarchicalTestExecutorService.java:35)
	at app//org.junit.platform.engine.support.hierarchical.NodeTestTask$DefaultDynamicTestExecutor.execute(NodeTestTask.java:226)
	at app//org.junit.platform.engine.support.hierarchical.NodeTestTask$DefaultDynamicTestExecutor.execute(NodeTestTask.java:204)
	at java.base@11.0.18/java.util.Optional.ifPresent(Optional.java:183)
	at app//org.junit.jupiter.engine.descriptor.TestFactoryTestDescriptor.lambda$invokeTestMethod$1(TestFactoryTestDescriptor.java:108)
	at app//org.junit.platform.engine.support.hierarchical.ThrowableCollector.execute(ThrowableCollector.java:73)
	at app//org.junit.jupiter.engine.descriptor.TestFactoryTestDescriptor.invokeTestMethod(TestFactoryTestDescriptor.java:95)
	at app//org.junit.jupiter.engine.descriptor.TestMethodTestDescriptor.execute(TestMethodTestDescriptor.java:135)
	at app//org.junit.jupiter.engine.descriptor.TestMethodTestDescriptor.execute(TestMethodTestDescriptor.java:66)
	at app//org.junit.platform.engine.support.hierarchical.NodeTestTask.lambda$executeRecursively$6(NodeTestTask.java:151)
	at app//org.junit.platform.engine.support.hierarchical.ThrowableCollector.execute(ThrowableCollector.java:73)
	at app//org.junit.platform.engine.support.hierarchical.NodeTestTask.lambda$executeRecursively$8(NodeTestTask.java:141)
	at app//org.junit.platform.engine.support.hierarchical.Node.around(Node.java:137)
	at app//org.junit.platform.engine.support.hierarchical.NodeTestTask.lambda$executeRecursively$9(NodeTestTask.java:139)
	at app//org.junit.platform.engine.support.hierarchical.ThrowableCollector.execute(ThrowableCollector.java:73)
	at app//org.junit.platform.engine.support.hierarchical.NodeTestTask.executeRecursively(NodeTestTask.java:138)
	at app//org.junit.platform.engine.support.hierarchical.NodeTestTask.execute(NodeTestTask.java:95)
	at java.base@11.0.18/java.util.ArrayList.forEach(ArrayList.java:1541)
	at app//org.junit.platform.engine.support.hierarchical.SameThreadHierarchicalTestExecutorService.invokeAll(SameThreadHierarchicalTestExecutorService.java:41)
	at app//org.junit.platform.engine.support.hierarchical.NodeTestTask.lambda$executeRecursively$6(NodeTestTask.java:155)
	at app//org.junit.platform.engine.support.hierarchical.ThrowableCollector.execute(ThrowableCollector.java:73)
	at app//org.junit.platform.engine.support.hierarchical.NodeTestTask.lambda$executeRecursively$8(NodeTestTask.java:141)
	at app//org.junit.platform.engine.support.hierarchical.Node.around(Node.java:137)
	at app//org.junit.platform.engine.support.hierarchical.NodeTestTask.lambda$executeRecursively$9(NodeTestTask.java:139)
	at app//org.junit.platform.engine.support.hierarchical.ThrowableCollector.execute(ThrowableCollector.java:73)
	at app//org.junit.platform.engine.support.hierarchical.NodeTestTask.executeRecursively(NodeTestTask.java:138)
	at app//org.junit.platform.engine.support.hierarchical.NodeTestTask.execute(NodeTestTask.java:95)
	at java.base@11.0.18/java.util.ArrayList.forEach(ArrayList.java:1541)
	at app//org.junit.platform.engine.support.hierarchical.SameThreadHierarchicalTestExecutorService.invokeAll(SameThreadHierarchicalTestExecutorService.java:41)
	at app//org.junit.platform.engine.support.hierarchical.NodeTestTask.lambda$executeRecursively$6(NodeTestTask.java:155)
	at app//org.junit.platform.engine.support.hierarchical.ThrowableCollector.execute(ThrowableCollector.java:73)
	at app//org.junit.platform.engine.support.hierarchical.NodeTestTask.lambda$executeRecursively$8(NodeTestTask.java:141)
	at app//org.junit.platform.engine.support.hierarchical.Node.around(Node.java:137)
	at app//org.junit.platform.engine.support.hierarchical.NodeTestTask.lambda$executeRecursively$9(NodeTestTask.java:139)
	at app//org.junit.platform.engine.support.hierarchical.ThrowableCollector.execute(ThrowableCollector.java:73)
	at app//org.junit.platform.engine.support.hierarchical.NodeTestTask.executeRecursively(NodeTestTask.java:138)
	at app//org.junit.platform.engine.support.hierarchical.NodeTestTask.execute(NodeTestTask.java:95)
	at app//org.junit.platform.engine.support.hierarchical.SameThreadHierarchicalTestExecutorService.submit(SameThreadHierarchicalTestExecutorService.java:35)
	at app//org.junit.platform.engine.support.hierarchical.HierarchicalTestExecutor.execute(HierarchicalTestExecutor.java:57)
	at app//org.junit.platform.engine.support.hierarchical.HierarchicalTestEngine.execute(HierarchicalTestEngine.java:54)
	at org.junit.platform.launcher.core.EngineExecutionOrchestrator.execute(EngineExecutionOrchestrator.java:107)
	at org.junit.platform.launcher.core.EngineExecutionOrchestrator.execute(EngineExecutionOrchestrator.java:88)
	at org.junit.platform.launcher.core.EngineExecutionOrchestrator.lambda$execute$0(EngineExecutionOrchestrator.java:54)
	at org.junit.platform.launcher.core.EngineExecutionOrchestrator.withInterceptedStreams(EngineExecutionOrchestrator.java:67)
	at org.junit.platform.launcher.core.EngineExecutionOrchestrator.execute(EngineExecutionOrchestrator.java:52)
	at org.junit.platform.launcher.core.DefaultLauncher.execute(DefaultLauncher.java:114)
	at org.junit.platform.launcher.core.DefaultLauncher.execute(DefaultLauncher.java:86)
	at org.junit.platform.launcher.core.DefaultLauncherSession$DelegatingLauncher.execute(DefaultLauncherSession.java:86)
	at org.junit.platform.launcher.core.SessionPerRequestLauncher.execute(SessionPerRequestLauncher.java:53)
	at org.gradle.api.internal.tasks.testing.junitplatform.JUnitPlatformTestClassProcessor$CollectAllTestClassesExecutor.processAllTestClasses(JUnitPlatformTestClassProcessor.java:99)
	at org.gradle.api.internal.tasks.testing.junitplatform.JUnitPlatformTestClassProcessor$CollectAllTestClassesExecutor.access$000(JUnitPlatformTestClassProcessor.java:79)
	at org.gradle.api.internal.tasks.testing.junitplatform.JUnitPlatformTestClassProcessor.stop(JUnitPlatformTestClassProcessor.java:75)
	at org.gradle.api.internal.tasks.testing.SuiteTestClassProcessor.stop(SuiteTestClassProcessor.java:62)
	at java.base@11.0.18/jdk.internal.reflect.NativeMethodAccessorImpl.invoke0(Native Method)
	at java.base@11.0.18/jdk.internal.reflect.NativeMethodAccessorImpl.invoke(NativeMethodAccessorImpl.java:62)
	at java.base@11.0.18/jdk.internal.reflect.DelegatingMethodAccessorImpl.invoke(DelegatingMethodAccessorImpl.java:43)
	at java.base@11.0.18/java.lang.reflect.Method.invoke(Method.java:566)
	at org.gradle.internal.dispatch.ReflectionDispatch.dispatch(ReflectionDispatch.java:36)
	at org.gradle.internal.dispatch.ReflectionDispatch.dispatch(ReflectionDispatch.java:24)
	at org.gradle.internal.dispatch.ContextClassLoaderDispatch.dispatch(ContextClassLoaderDispatch.java:33)
	at org.gradle.internal.dispatch.ProxyDispatchAdapter$DispatchingInvocationHandler.invoke(ProxyDispatchAdapter.java:94)
	at com.sun.proxy.$Proxy2.stop(Unknown Source)
	at org.gradle.api.internal.tasks.testing.worker.TestWorker$3.run(TestWorker.java:193)
	at org.gradle.api.internal.tasks.testing.worker.TestWorker.executeAndMaintainThreadName(TestWorker.java:129)
	at org.gradle.api.internal.tasks.testing.worker.TestWorker.execute(TestWorker.java:100)
	at org.gradle.api.internal.tasks.testing.worker.TestWorker.execute(TestWorker.java:60)
	at org.gradle.process.internal.worker.child.ActionExecutionWorker.execute(ActionExecutionWorker.java:56)
	at org.gradle.process.internal.worker.child.SystemApplicationClassLoaderWorker.call(SystemApplicationClassLoaderWorker.java:113)
	at org.gradle.process.internal.worker.child.SystemApplicationClassLoaderWorker.call(SystemApplicationClassLoaderWorker.java:65)
	at app//worker.org.gradle.process.internal.worker.GradleWorkerMain.run(GradleWorkerMain.java:69)
	at app//worker.org.gradle.process.internal.worker.GradleWorkerMain.main(GradleWorkerMain.java:74)
</failure>
  </testcase>
  <testcase name="NewObjects_nomacro" classname="de.uka.ilkd.key.proof.runallproofs.RunAllProofsInfFlow" time="1.671">
    <failure message="org.opentest4j.AssertionFailedError: Executed process terminated with non-zero exit value. ==&gt; expected: &lt;0&gt; but was: &lt;1&gt;" type="org.opentest4j.AssertionFailedError">org.opentest4j.AssertionFailedError: Executed process terminated with non-zero exit value. ==&gt; expected: &lt;0&gt; but was: &lt;1&gt;
	at app//org.junit.jupiter.api.AssertionUtils.fail(AssertionUtils.java:55)
	at app//org.junit.jupiter.api.AssertionUtils.failNotEqual(AssertionUtils.java:62)
	at app//org.junit.jupiter.api.AssertEquals.assertEquals(AssertEquals.java:150)
	at app//org.junit.jupiter.api.Assertions.assertEquals(Assertions.java:559)
	at app//de.uka.ilkd.key.proof.runallproofs.proofcollection.ForkedTestFileRunner.processTestFiles(ForkedTestFileRunner.java:129)
	at app//de.uka.ilkd.key.proof.runallproofs.RunAllProofsTestUnit.runTest(RunAllProofsTestUnit.java:85)
	at app//de.uka.ilkd.key.proof.runallproofs.RunAllProofsTest.lambda$data$0(RunAllProofsTest.java:83)
	at app//org.junit.jupiter.engine.descriptor.DynamicTestTestDescriptor.lambda$execute$0(DynamicTestTestDescriptor.java:53)
	at app//org.junit.jupiter.engine.execution.InvocationInterceptorChain$ValidatingInvocation.proceed(InvocationInterceptorChain.java:131)
	at app//org.junit.jupiter.api.extension.InvocationInterceptor.interceptDynamicTest(InvocationInterceptor.java:167)
	at app//org.junit.jupiter.api.extension.InvocationInterceptor.interceptDynamicTest(InvocationInterceptor.java:184)
	at app//org.junit.jupiter.engine.descriptor.DynamicTestTestDescriptor.lambda$execute$1(DynamicTestTestDescriptor.java:61)
	at app//org.junit.jupiter.engine.execution.InvocationInterceptorChain$InterceptorCall.lambda$ofVoid$0(InvocationInterceptorChain.java:78)
	at app//org.junit.jupiter.engine.execution.InvocationInterceptorChain$InterceptedInvocation.proceed(InvocationInterceptorChain.java:106)
	at app//org.junit.jupiter.engine.execution.InvocationInterceptorChain.proceed(InvocationInterceptorChain.java:64)
	at app//org.junit.jupiter.engine.execution.InvocationInterceptorChain.chainAndInvoke(InvocationInterceptorChain.java:45)
	at app//org.junit.jupiter.engine.execution.InvocationInterceptorChain.invoke(InvocationInterceptorChain.java:37)
	at app//org.junit.jupiter.engine.descriptor.DynamicTestTestDescriptor.execute(DynamicTestTestDescriptor.java:60)
	at app//org.junit.jupiter.engine.descriptor.DynamicTestTestDescriptor.execute(DynamicTestTestDescriptor.java:32)
	at app//org.junit.platform.engine.support.hierarchical.NodeTestTask.lambda$executeRecursively$6(NodeTestTask.java:151)
	at app//org.junit.platform.engine.support.hierarchical.ThrowableCollector.execute(ThrowableCollector.java:73)
	at app//org.junit.platform.engine.support.hierarchical.NodeTestTask.lambda$executeRecursively$8(NodeTestTask.java:141)
	at app//org.junit.platform.engine.support.hierarchical.Node.around(Node.java:137)
	at app//org.junit.platform.engine.support.hierarchical.NodeTestTask.lambda$executeRecursively$9(NodeTestTask.java:139)
	at app//org.junit.platform.engine.support.hierarchical.ThrowableCollector.execute(ThrowableCollector.java:73)
	at app//org.junit.platform.engine.support.hierarchical.NodeTestTask.executeRecursively(NodeTestTask.java:138)
	at app//org.junit.platform.engine.support.hierarchical.NodeTestTask.execute(NodeTestTask.java:95)
	at app//org.junit.platform.engine.support.hierarchical.SameThreadHierarchicalTestExecutorService.submit(SameThreadHierarchicalTestExecutorService.java:35)
	at app//org.junit.platform.engine.support.hierarchical.NodeTestTask$DefaultDynamicTestExecutor.execute(NodeTestTask.java:226)
	at app//org.junit.platform.engine.support.hierarchical.NodeTestTask$DefaultDynamicTestExecutor.execute(NodeTestTask.java:204)
	at java.base@11.0.18/java.util.Optional.ifPresent(Optional.java:183)
	at app//org.junit.jupiter.engine.descriptor.TestFactoryTestDescriptor.lambda$invokeTestMethod$1(TestFactoryTestDescriptor.java:108)
	at app//org.junit.platform.engine.support.hierarchical.ThrowableCollector.execute(ThrowableCollector.java:73)
	at app//org.junit.jupiter.engine.descriptor.TestFactoryTestDescriptor.invokeTestMethod(TestFactoryTestDescriptor.java:95)
	at app//org.junit.jupiter.engine.descriptor.TestMethodTestDescriptor.execute(TestMethodTestDescriptor.java:135)
	at app//org.junit.jupiter.engine.descriptor.TestMethodTestDescriptor.execute(TestMethodTestDescriptor.java:66)
	at app//org.junit.platform.engine.support.hierarchical.NodeTestTask.lambda$executeRecursively$6(NodeTestTask.java:151)
	at app//org.junit.platform.engine.support.hierarchical.ThrowableCollector.execute(ThrowableCollector.java:73)
	at app//org.junit.platform.engine.support.hierarchical.NodeTestTask.lambda$executeRecursively$8(NodeTestTask.java:141)
	at app//org.junit.platform.engine.support.hierarchical.Node.around(Node.java:137)
	at app//org.junit.platform.engine.support.hierarchical.NodeTestTask.lambda$executeRecursively$9(NodeTestTask.java:139)
	at app//org.junit.platform.engine.support.hierarchical.ThrowableCollector.execute(ThrowableCollector.java:73)
	at app//org.junit.platform.engine.support.hierarchical.NodeTestTask.executeRecursively(NodeTestTask.java:138)
	at app//org.junit.platform.engine.support.hierarchical.NodeTestTask.execute(NodeTestTask.java:95)
	at java.base@11.0.18/java.util.ArrayList.forEach(ArrayList.java:1541)
	at app//org.junit.platform.engine.support.hierarchical.SameThreadHierarchicalTestExecutorService.invokeAll(SameThreadHierarchicalTestExecutorService.java:41)
	at app//org.junit.platform.engine.support.hierarchical.NodeTestTask.lambda$executeRecursively$6(NodeTestTask.java:155)
	at app//org.junit.platform.engine.support.hierarchical.ThrowableCollector.execute(ThrowableCollector.java:73)
	at app//org.junit.platform.engine.support.hierarchical.NodeTestTask.lambda$executeRecursively$8(NodeTestTask.java:141)
	at app//org.junit.platform.engine.support.hierarchical.Node.around(Node.java:137)
	at app//org.junit.platform.engine.support.hierarchical.NodeTestTask.lambda$executeRecursively$9(NodeTestTask.java:139)
	at app//org.junit.platform.engine.support.hierarchical.ThrowableCollector.execute(ThrowableCollector.java:73)
	at app//org.junit.platform.engine.support.hierarchical.NodeTestTask.executeRecursively(NodeTestTask.java:138)
	at app//org.junit.platform.engine.support.hierarchical.NodeTestTask.execute(NodeTestTask.java:95)
	at java.base@11.0.18/java.util.ArrayList.forEach(ArrayList.java:1541)
	at app//org.junit.platform.engine.support.hierarchical.SameThreadHierarchicalTestExecutorService.invokeAll(SameThreadHierarchicalTestExecutorService.java:41)
	at app//org.junit.platform.engine.support.hierarchical.NodeTestTask.lambda$executeRecursively$6(NodeTestTask.java:155)
	at app//org.junit.platform.engine.support.hierarchical.ThrowableCollector.execute(ThrowableCollector.java:73)
	at app//org.junit.platform.engine.support.hierarchical.NodeTestTask.lambda$executeRecursively$8(NodeTestTask.java:141)
	at app//org.junit.platform.engine.support.hierarchical.Node.around(Node.java:137)
	at app//org.junit.platform.engine.support.hierarchical.NodeTestTask.lambda$executeRecursively$9(NodeTestTask.java:139)
	at app//org.junit.platform.engine.support.hierarchical.ThrowableCollector.execute(ThrowableCollector.java:73)
	at app//org.junit.platform.engine.support.hierarchical.NodeTestTask.executeRecursively(NodeTestTask.java:138)
	at app//org.junit.platform.engine.support.hierarchical.NodeTestTask.execute(NodeTestTask.java:95)
	at app//org.junit.platform.engine.support.hierarchical.SameThreadHierarchicalTestExecutorService.submit(SameThreadHierarchicalTestExecutorService.java:35)
	at app//org.junit.platform.engine.support.hierarchical.HierarchicalTestExecutor.execute(HierarchicalTestExecutor.java:57)
	at app//org.junit.platform.engine.support.hierarchical.HierarchicalTestEngine.execute(HierarchicalTestEngine.java:54)
	at org.junit.platform.launcher.core.EngineExecutionOrchestrator.execute(EngineExecutionOrchestrator.java:107)
	at org.junit.platform.launcher.core.EngineExecutionOrchestrator.execute(EngineExecutionOrchestrator.java:88)
	at org.junit.platform.launcher.core.EngineExecutionOrchestrator.lambda$execute$0(EngineExecutionOrchestrator.java:54)
	at org.junit.platform.launcher.core.EngineExecutionOrchestrator.withInterceptedStreams(EngineExecutionOrchestrator.java:67)
	at org.junit.platform.launcher.core.EngineExecutionOrchestrator.execute(EngineExecutionOrchestrator.java:52)
	at org.junit.platform.launcher.core.DefaultLauncher.execute(DefaultLauncher.java:114)
	at org.junit.platform.launcher.core.DefaultLauncher.execute(DefaultLauncher.java:86)
	at org.junit.platform.launcher.core.DefaultLauncherSession$DelegatingLauncher.execute(DefaultLauncherSession.java:86)
	at org.junit.platform.launcher.core.SessionPerRequestLauncher.execute(SessionPerRequestLauncher.java:53)
	at org.gradle.api.internal.tasks.testing.junitplatform.JUnitPlatformTestClassProcessor$CollectAllTestClassesExecutor.processAllTestClasses(JUnitPlatformTestClassProcessor.java:99)
	at org.gradle.api.internal.tasks.testing.junitplatform.JUnitPlatformTestClassProcessor$CollectAllTestClassesExecutor.access$000(JUnitPlatformTestClassProcessor.java:79)
	at org.gradle.api.internal.tasks.testing.junitplatform.JUnitPlatformTestClassProcessor.stop(JUnitPlatformTestClassProcessor.java:75)
	at org.gradle.api.internal.tasks.testing.SuiteTestClassProcessor.stop(SuiteTestClassProcessor.java:62)
	at java.base@11.0.18/jdk.internal.reflect.NativeMethodAccessorImpl.invoke0(Native Method)
	at java.base@11.0.18/jdk.internal.reflect.NativeMethodAccessorImpl.invoke(NativeMethodAccessorImpl.java:62)
	at java.base@11.0.18/jdk.internal.reflect.DelegatingMethodAccessorImpl.invoke(DelegatingMethodAccessorImpl.java:43)
	at java.base@11.0.18/java.lang.reflect.Method.invoke(Method.java:566)
	at org.gradle.internal.dispatch.ReflectionDispatch.dispatch(ReflectionDispatch.java:36)
	at org.gradle.internal.dispatch.ReflectionDispatch.dispatch(ReflectionDispatch.java:24)
	at org.gradle.internal.dispatch.ContextClassLoaderDispatch.dispatch(ContextClassLoaderDispatch.java:33)
	at org.gradle.internal.dispatch.ProxyDispatchAdapter$DispatchingInvocationHandler.invoke(ProxyDispatchAdapter.java:94)
	at com.sun.proxy.$Proxy2.stop(Unknown Source)
	at org.gradle.api.internal.tasks.testing.worker.TestWorker$3.run(TestWorker.java:193)
	at org.gradle.api.internal.tasks.testing.worker.TestWorker.executeAndMaintainThreadName(TestWorker.java:129)
	at org.gradle.api.internal.tasks.testing.worker.TestWorker.execute(TestWorker.java:100)
	at org.gradle.api.internal.tasks.testing.worker.TestWorker.execute(TestWorker.java:60)
	at org.gradle.process.internal.worker.child.ActionExecutionWorker.execute(ActionExecutionWorker.java:56)
	at org.gradle.process.internal.worker.child.SystemApplicationClassLoaderWorker.call(SystemApplicationClassLoaderWorker.java:113)
	at org.gradle.process.internal.worker.child.SystemApplicationClassLoaderWorker.call(SystemApplicationClassLoaderWorker.java:65)
	at app//worker.org.gradle.process.internal.worker.GradleWorkerMain.run(GradleWorkerMain.java:69)
	at app//worker.org.gradle.process.internal.worker.GradleWorkerMain.main(GradleWorkerMain.java:74)
</failure>
  </testcase>
  <testcase name="SimpleEvoting_nomacro" classname="de.uka.ilkd.key.proof.runallproofs.RunAllProofsInfFlow" time="1.802">
    <failure message="org.opentest4j.AssertionFailedError: Executed process terminated with non-zero exit value. ==&gt; expected: &lt;0&gt; but was: &lt;1&gt;" type="org.opentest4j.AssertionFailedError">org.opentest4j.AssertionFailedError: Executed process terminated with non-zero exit value. ==&gt; expected: &lt;0&gt; but was: &lt;1&gt;
	at app//org.junit.jupiter.api.AssertionUtils.fail(AssertionUtils.java:55)
	at app//org.junit.jupiter.api.AssertionUtils.failNotEqual(AssertionUtils.java:62)
	at app//org.junit.jupiter.api.AssertEquals.assertEquals(AssertEquals.java:150)
	at app//org.junit.jupiter.api.Assertions.assertEquals(Assertions.java:559)
	at app//de.uka.ilkd.key.proof.runallproofs.proofcollection.ForkedTestFileRunner.processTestFiles(ForkedTestFileRunner.java:129)
	at app//de.uka.ilkd.key.proof.runallproofs.RunAllProofsTestUnit.runTest(RunAllProofsTestUnit.java:85)
	at app//de.uka.ilkd.key.proof.runallproofs.RunAllProofsTest.lambda$data$0(RunAllProofsTest.java:83)
	at app//org.junit.jupiter.engine.descriptor.DynamicTestTestDescriptor.lambda$execute$0(DynamicTestTestDescriptor.java:53)
	at app//org.junit.jupiter.engine.execution.InvocationInterceptorChain$ValidatingInvocation.proceed(InvocationInterceptorChain.java:131)
	at app//org.junit.jupiter.api.extension.InvocationInterceptor.interceptDynamicTest(InvocationInterceptor.java:167)
	at app//org.junit.jupiter.api.extension.InvocationInterceptor.interceptDynamicTest(InvocationInterceptor.java:184)
	at app//org.junit.jupiter.engine.descriptor.DynamicTestTestDescriptor.lambda$execute$1(DynamicTestTestDescriptor.java:61)
	at app//org.junit.jupiter.engine.execution.InvocationInterceptorChain$InterceptorCall.lambda$ofVoid$0(InvocationInterceptorChain.java:78)
	at app//org.junit.jupiter.engine.execution.InvocationInterceptorChain$InterceptedInvocation.proceed(InvocationInterceptorChain.java:106)
	at app//org.junit.jupiter.engine.execution.InvocationInterceptorChain.proceed(InvocationInterceptorChain.java:64)
	at app//org.junit.jupiter.engine.execution.InvocationInterceptorChain.chainAndInvoke(InvocationInterceptorChain.java:45)
	at app//org.junit.jupiter.engine.execution.InvocationInterceptorChain.invoke(InvocationInterceptorChain.java:37)
	at app//org.junit.jupiter.engine.descriptor.DynamicTestTestDescriptor.execute(DynamicTestTestDescriptor.java:60)
	at app//org.junit.jupiter.engine.descriptor.DynamicTestTestDescriptor.execute(DynamicTestTestDescriptor.java:32)
	at app//org.junit.platform.engine.support.hierarchical.NodeTestTask.lambda$executeRecursively$6(NodeTestTask.java:151)
	at app//org.junit.platform.engine.support.hierarchical.ThrowableCollector.execute(ThrowableCollector.java:73)
	at app//org.junit.platform.engine.support.hierarchical.NodeTestTask.lambda$executeRecursively$8(NodeTestTask.java:141)
	at app//org.junit.platform.engine.support.hierarchical.Node.around(Node.java:137)
	at app//org.junit.platform.engine.support.hierarchical.NodeTestTask.lambda$executeRecursively$9(NodeTestTask.java:139)
	at app//org.junit.platform.engine.support.hierarchical.ThrowableCollector.execute(ThrowableCollector.java:73)
	at app//org.junit.platform.engine.support.hierarchical.NodeTestTask.executeRecursively(NodeTestTask.java:138)
	at app//org.junit.platform.engine.support.hierarchical.NodeTestTask.execute(NodeTestTask.java:95)
	at app//org.junit.platform.engine.support.hierarchical.SameThreadHierarchicalTestExecutorService.submit(SameThreadHierarchicalTestExecutorService.java:35)
	at app//org.junit.platform.engine.support.hierarchical.NodeTestTask$DefaultDynamicTestExecutor.execute(NodeTestTask.java:226)
	at app//org.junit.platform.engine.support.hierarchical.NodeTestTask$DefaultDynamicTestExecutor.execute(NodeTestTask.java:204)
	at java.base@11.0.18/java.util.Optional.ifPresent(Optional.java:183)
	at app//org.junit.jupiter.engine.descriptor.TestFactoryTestDescriptor.lambda$invokeTestMethod$1(TestFactoryTestDescriptor.java:108)
	at app//org.junit.platform.engine.support.hierarchical.ThrowableCollector.execute(ThrowableCollector.java:73)
	at app//org.junit.jupiter.engine.descriptor.TestFactoryTestDescriptor.invokeTestMethod(TestFactoryTestDescriptor.java:95)
	at app//org.junit.jupiter.engine.descriptor.TestMethodTestDescriptor.execute(TestMethodTestDescriptor.java:135)
	at app//org.junit.jupiter.engine.descriptor.TestMethodTestDescriptor.execute(TestMethodTestDescriptor.java:66)
	at app//org.junit.platform.engine.support.hierarchical.NodeTestTask.lambda$executeRecursively$6(NodeTestTask.java:151)
	at app//org.junit.platform.engine.support.hierarchical.ThrowableCollector.execute(ThrowableCollector.java:73)
	at app//org.junit.platform.engine.support.hierarchical.NodeTestTask.lambda$executeRecursively$8(NodeTestTask.java:141)
	at app//org.junit.platform.engine.support.hierarchical.Node.around(Node.java:137)
	at app//org.junit.platform.engine.support.hierarchical.NodeTestTask.lambda$executeRecursively$9(NodeTestTask.java:139)
	at app//org.junit.platform.engine.support.hierarchical.ThrowableCollector.execute(ThrowableCollector.java:73)
	at app//org.junit.platform.engine.support.hierarchical.NodeTestTask.executeRecursively(NodeTestTask.java:138)
	at app//org.junit.platform.engine.support.hierarchical.NodeTestTask.execute(NodeTestTask.java:95)
	at java.base@11.0.18/java.util.ArrayList.forEach(ArrayList.java:1541)
	at app//org.junit.platform.engine.support.hierarchical.SameThreadHierarchicalTestExecutorService.invokeAll(SameThreadHierarchicalTestExecutorService.java:41)
	at app//org.junit.platform.engine.support.hierarchical.NodeTestTask.lambda$executeRecursively$6(NodeTestTask.java:155)
	at app//org.junit.platform.engine.support.hierarchical.ThrowableCollector.execute(ThrowableCollector.java:73)
	at app//org.junit.platform.engine.support.hierarchical.NodeTestTask.lambda$executeRecursively$8(NodeTestTask.java:141)
	at app//org.junit.platform.engine.support.hierarchical.Node.around(Node.java:137)
	at app//org.junit.platform.engine.support.hierarchical.NodeTestTask.lambda$executeRecursively$9(NodeTestTask.java:139)
	at app//org.junit.platform.engine.support.hierarchical.ThrowableCollector.execute(ThrowableCollector.java:73)
	at app//org.junit.platform.engine.support.hierarchical.NodeTestTask.executeRecursively(NodeTestTask.java:138)
	at app//org.junit.platform.engine.support.hierarchical.NodeTestTask.execute(NodeTestTask.java:95)
	at java.base@11.0.18/java.util.ArrayList.forEach(ArrayList.java:1541)
	at app//org.junit.platform.engine.support.hierarchical.SameThreadHierarchicalTestExecutorService.invokeAll(SameThreadHierarchicalTestExecutorService.java:41)
	at app//org.junit.platform.engine.support.hierarchical.NodeTestTask.lambda$executeRecursively$6(NodeTestTask.java:155)
	at app//org.junit.platform.engine.support.hierarchical.ThrowableCollector.execute(ThrowableCollector.java:73)
	at app//org.junit.platform.engine.support.hierarchical.NodeTestTask.lambda$executeRecursively$8(NodeTestTask.java:141)
	at app//org.junit.platform.engine.support.hierarchical.Node.around(Node.java:137)
	at app//org.junit.platform.engine.support.hierarchical.NodeTestTask.lambda$executeRecursively$9(NodeTestTask.java:139)
	at app//org.junit.platform.engine.support.hierarchical.ThrowableCollector.execute(ThrowableCollector.java:73)
	at app//org.junit.platform.engine.support.hierarchical.NodeTestTask.executeRecursively(NodeTestTask.java:138)
	at app//org.junit.platform.engine.support.hierarchical.NodeTestTask.execute(NodeTestTask.java:95)
	at app//org.junit.platform.engine.support.hierarchical.SameThreadHierarchicalTestExecutorService.submit(SameThreadHierarchicalTestExecutorService.java:35)
	at app//org.junit.platform.engine.support.hierarchical.HierarchicalTestExecutor.execute(HierarchicalTestExecutor.java:57)
	at app//org.junit.platform.engine.support.hierarchical.HierarchicalTestEngine.execute(HierarchicalTestEngine.java:54)
	at org.junit.platform.launcher.core.EngineExecutionOrchestrator.execute(EngineExecutionOrchestrator.java:107)
	at org.junit.platform.launcher.core.EngineExecutionOrchestrator.execute(EngineExecutionOrchestrator.java:88)
	at org.junit.platform.launcher.core.EngineExecutionOrchestrator.lambda$execute$0(EngineExecutionOrchestrator.java:54)
	at org.junit.platform.launcher.core.EngineExecutionOrchestrator.withInterceptedStreams(EngineExecutionOrchestrator.java:67)
	at org.junit.platform.launcher.core.EngineExecutionOrchestrator.execute(EngineExecutionOrchestrator.java:52)
	at org.junit.platform.launcher.core.DefaultLauncher.execute(DefaultLauncher.java:114)
	at org.junit.platform.launcher.core.DefaultLauncher.execute(DefaultLauncher.java:86)
	at org.junit.platform.launcher.core.DefaultLauncherSession$DelegatingLauncher.execute(DefaultLauncherSession.java:86)
	at org.junit.platform.launcher.core.SessionPerRequestLauncher.execute(SessionPerRequestLauncher.java:53)
	at org.gradle.api.internal.tasks.testing.junitplatform.JUnitPlatformTestClassProcessor$CollectAllTestClassesExecutor.processAllTestClasses(JUnitPlatformTestClassProcessor.java:99)
	at org.gradle.api.internal.tasks.testing.junitplatform.JUnitPlatformTestClassProcessor$CollectAllTestClassesExecutor.access$000(JUnitPlatformTestClassProcessor.java:79)
	at org.gradle.api.internal.tasks.testing.junitplatform.JUnitPlatformTestClassProcessor.stop(JUnitPlatformTestClassProcessor.java:75)
	at org.gradle.api.internal.tasks.testing.SuiteTestClassProcessor.stop(SuiteTestClassProcessor.java:62)
	at java.base@11.0.18/jdk.internal.reflect.NativeMethodAccessorImpl.invoke0(Native Method)
	at java.base@11.0.18/jdk.internal.reflect.NativeMethodAccessorImpl.invoke(NativeMethodAccessorImpl.java:62)
	at java.base@11.0.18/jdk.internal.reflect.DelegatingMethodAccessorImpl.invoke(DelegatingMethodAccessorImpl.java:43)
	at java.base@11.0.18/java.lang.reflect.Method.invoke(Method.java:566)
	at org.gradle.internal.dispatch.ReflectionDispatch.dispatch(ReflectionDispatch.java:36)
	at org.gradle.internal.dispatch.ReflectionDispatch.dispatch(ReflectionDispatch.java:24)
	at org.gradle.internal.dispatch.ContextClassLoaderDispatch.dispatch(ContextClassLoaderDispatch.java:33)
	at org.gradle.internal.dispatch.ProxyDispatchAdapter$DispatchingInvocationHandler.invoke(ProxyDispatchAdapter.java:94)
	at com.sun.proxy.$Proxy2.stop(Unknown Source)
	at org.gradle.api.internal.tasks.testing.worker.TestWorker$3.run(TestWorker.java:193)
	at org.gradle.api.internal.tasks.testing.worker.TestWorker.executeAndMaintainThreadName(TestWorker.java:129)
	at org.gradle.api.internal.tasks.testing.worker.TestWorker.execute(TestWorker.java:100)
	at org.gradle.api.internal.tasks.testing.worker.TestWorker.execute(TestWorker.java:60)
	at org.gradle.process.internal.worker.child.ActionExecutionWorker.execute(ActionExecutionWorker.java:56)
	at org.gradle.process.internal.worker.child.SystemApplicationClassLoaderWorker.call(SystemApplicationClassLoaderWorker.java:113)
	at org.gradle.process.internal.worker.child.SystemApplicationClassLoaderWorker.call(SystemApplicationClassLoaderWorker.java:65)
	at app//worker.org.gradle.process.internal.worker.GradleWorkerMain.run(GradleWorkerMain.java:69)
	at app//worker.org.gradle.process.internal.worker.GradleWorkerMain.main(GradleWorkerMain.java:74)
</failure>
  </testcase>
  <testcase name="ToyVoting_fullmacro" classname="de.uka.ilkd.key.proof.runallproofs.RunAllProofsInfFlow" time="0.937">
    <failure message="org.opentest4j.AssertionFailedError: Executed process terminated with non-zero exit value. ==&gt; expected: &lt;0&gt; but was: &lt;1&gt;" type="org.opentest4j.AssertionFailedError">org.opentest4j.AssertionFailedError: Executed process terminated with non-zero exit value. ==&gt; expected: &lt;0&gt; but was: &lt;1&gt;
	at app//org.junit.jupiter.api.AssertionUtils.fail(AssertionUtils.java:55)
	at app//org.junit.jupiter.api.AssertionUtils.failNotEqual(AssertionUtils.java:62)
	at app//org.junit.jupiter.api.AssertEquals.assertEquals(AssertEquals.java:150)
	at app//org.junit.jupiter.api.Assertions.assertEquals(Assertions.java:559)
	at app//de.uka.ilkd.key.proof.runallproofs.proofcollection.ForkedTestFileRunner.processTestFiles(ForkedTestFileRunner.java:129)
	at app//de.uka.ilkd.key.proof.runallproofs.RunAllProofsTestUnit.runTest(RunAllProofsTestUnit.java:85)
	at app//de.uka.ilkd.key.proof.runallproofs.RunAllProofsTest.lambda$data$0(RunAllProofsTest.java:83)
	at app//org.junit.jupiter.engine.descriptor.DynamicTestTestDescriptor.lambda$execute$0(DynamicTestTestDescriptor.java:53)
	at app//org.junit.jupiter.engine.execution.InvocationInterceptorChain$ValidatingInvocation.proceed(InvocationInterceptorChain.java:131)
	at app//org.junit.jupiter.api.extension.InvocationInterceptor.interceptDynamicTest(InvocationInterceptor.java:167)
	at app//org.junit.jupiter.api.extension.InvocationInterceptor.interceptDynamicTest(InvocationInterceptor.java:184)
	at app//org.junit.jupiter.engine.descriptor.DynamicTestTestDescriptor.lambda$execute$1(DynamicTestTestDescriptor.java:61)
	at app//org.junit.jupiter.engine.execution.InvocationInterceptorChain$InterceptorCall.lambda$ofVoid$0(InvocationInterceptorChain.java:78)
	at app//org.junit.jupiter.engine.execution.InvocationInterceptorChain$InterceptedInvocation.proceed(InvocationInterceptorChain.java:106)
	at app//org.junit.jupiter.engine.execution.InvocationInterceptorChain.proceed(InvocationInterceptorChain.java:64)
	at app//org.junit.jupiter.engine.execution.InvocationInterceptorChain.chainAndInvoke(InvocationInterceptorChain.java:45)
	at app//org.junit.jupiter.engine.execution.InvocationInterceptorChain.invoke(InvocationInterceptorChain.java:37)
	at app//org.junit.jupiter.engine.descriptor.DynamicTestTestDescriptor.execute(DynamicTestTestDescriptor.java:60)
	at app//org.junit.jupiter.engine.descriptor.DynamicTestTestDescriptor.execute(DynamicTestTestDescriptor.java:32)
	at app//org.junit.platform.engine.support.hierarchical.NodeTestTask.lambda$executeRecursively$6(NodeTestTask.java:151)
	at app//org.junit.platform.engine.support.hierarchical.ThrowableCollector.execute(ThrowableCollector.java:73)
	at app//org.junit.platform.engine.support.hierarchical.NodeTestTask.lambda$executeRecursively$8(NodeTestTask.java:141)
	at app//org.junit.platform.engine.support.hierarchical.Node.around(Node.java:137)
	at app//org.junit.platform.engine.support.hierarchical.NodeTestTask.lambda$executeRecursively$9(NodeTestTask.java:139)
	at app//org.junit.platform.engine.support.hierarchical.ThrowableCollector.execute(ThrowableCollector.java:73)
	at app//org.junit.platform.engine.support.hierarchical.NodeTestTask.executeRecursively(NodeTestTask.java:138)
	at app//org.junit.platform.engine.support.hierarchical.NodeTestTask.execute(NodeTestTask.java:95)
	at app//org.junit.platform.engine.support.hierarchical.SameThreadHierarchicalTestExecutorService.submit(SameThreadHierarchicalTestExecutorService.java:35)
	at app//org.junit.platform.engine.support.hierarchical.NodeTestTask$DefaultDynamicTestExecutor.execute(NodeTestTask.java:226)
	at app//org.junit.platform.engine.support.hierarchical.NodeTestTask$DefaultDynamicTestExecutor.execute(NodeTestTask.java:204)
	at java.base@11.0.18/java.util.Optional.ifPresent(Optional.java:183)
	at app//org.junit.jupiter.engine.descriptor.TestFactoryTestDescriptor.lambda$invokeTestMethod$1(TestFactoryTestDescriptor.java:108)
	at app//org.junit.platform.engine.support.hierarchical.ThrowableCollector.execute(ThrowableCollector.java:73)
	at app//org.junit.jupiter.engine.descriptor.TestFactoryTestDescriptor.invokeTestMethod(TestFactoryTestDescriptor.java:95)
	at app//org.junit.jupiter.engine.descriptor.TestMethodTestDescriptor.execute(TestMethodTestDescriptor.java:135)
	at app//org.junit.jupiter.engine.descriptor.TestMethodTestDescriptor.execute(TestMethodTestDescriptor.java:66)
	at app//org.junit.platform.engine.support.hierarchical.NodeTestTask.lambda$executeRecursively$6(NodeTestTask.java:151)
	at app//org.junit.platform.engine.support.hierarchical.ThrowableCollector.execute(ThrowableCollector.java:73)
	at app//org.junit.platform.engine.support.hierarchical.NodeTestTask.lambda$executeRecursively$8(NodeTestTask.java:141)
	at app//org.junit.platform.engine.support.hierarchical.Node.around(Node.java:137)
	at app//org.junit.platform.engine.support.hierarchical.NodeTestTask.lambda$executeRecursively$9(NodeTestTask.java:139)
	at app//org.junit.platform.engine.support.hierarchical.ThrowableCollector.execute(ThrowableCollector.java:73)
	at app//org.junit.platform.engine.support.hierarchical.NodeTestTask.executeRecursively(NodeTestTask.java:138)
	at app//org.junit.platform.engine.support.hierarchical.NodeTestTask.execute(NodeTestTask.java:95)
	at java.base@11.0.18/java.util.ArrayList.forEach(ArrayList.java:1541)
	at app//org.junit.platform.engine.support.hierarchical.SameThreadHierarchicalTestExecutorService.invokeAll(SameThreadHierarchicalTestExecutorService.java:41)
	at app//org.junit.platform.engine.support.hierarchical.NodeTestTask.lambda$executeRecursively$6(NodeTestTask.java:155)
	at app//org.junit.platform.engine.support.hierarchical.ThrowableCollector.execute(ThrowableCollector.java:73)
	at app//org.junit.platform.engine.support.hierarchical.NodeTestTask.lambda$executeRecursively$8(NodeTestTask.java:141)
	at app//org.junit.platform.engine.support.hierarchical.Node.around(Node.java:137)
	at app//org.junit.platform.engine.support.hierarchical.NodeTestTask.lambda$executeRecursively$9(NodeTestTask.java:139)
	at app//org.junit.platform.engine.support.hierarchical.ThrowableCollector.execute(ThrowableCollector.java:73)
	at app//org.junit.platform.engine.support.hierarchical.NodeTestTask.executeRecursively(NodeTestTask.java:138)
	at app//org.junit.platform.engine.support.hierarchical.NodeTestTask.execute(NodeTestTask.java:95)
	at java.base@11.0.18/java.util.ArrayList.forEach(ArrayList.java:1541)
	at app//org.junit.platform.engine.support.hierarchical.SameThreadHierarchicalTestExecutorService.invokeAll(SameThreadHierarchicalTestExecutorService.java:41)
	at app//org.junit.platform.engine.support.hierarchical.NodeTestTask.lambda$executeRecursively$6(NodeTestTask.java:155)
	at app//org.junit.platform.engine.support.hierarchical.ThrowableCollector.execute(ThrowableCollector.java:73)
	at app//org.junit.platform.engine.support.hierarchical.NodeTestTask.lambda$executeRecursively$8(NodeTestTask.java:141)
	at app//org.junit.platform.engine.support.hierarchical.Node.around(Node.java:137)
	at app//org.junit.platform.engine.support.hierarchical.NodeTestTask.lambda$executeRecursively$9(NodeTestTask.java:139)
	at app//org.junit.platform.engine.support.hierarchical.ThrowableCollector.execute(ThrowableCollector.java:73)
	at app//org.junit.platform.engine.support.hierarchical.NodeTestTask.executeRecursively(NodeTestTask.java:138)
	at app//org.junit.platform.engine.support.hierarchical.NodeTestTask.execute(NodeTestTask.java:95)
	at app//org.junit.platform.engine.support.hierarchical.SameThreadHierarchicalTestExecutorService.submit(SameThreadHierarchicalTestExecutorService.java:35)
	at app//org.junit.platform.engine.support.hierarchical.HierarchicalTestExecutor.execute(HierarchicalTestExecutor.java:57)
	at app//org.junit.platform.engine.support.hierarchical.HierarchicalTestEngine.execute(HierarchicalTestEngine.java:54)
	at org.junit.platform.launcher.core.EngineExecutionOrchestrator.execute(EngineExecutionOrchestrator.java:107)
	at org.junit.platform.launcher.core.EngineExecutionOrchestrator.execute(EngineExecutionOrchestrator.java:88)
	at org.junit.platform.launcher.core.EngineExecutionOrchestrator.lambda$execute$0(EngineExecutionOrchestrator.java:54)
	at org.junit.platform.launcher.core.EngineExecutionOrchestrator.withInterceptedStreams(EngineExecutionOrchestrator.java:67)
	at org.junit.platform.launcher.core.EngineExecutionOrchestrator.execute(EngineExecutionOrchestrator.java:52)
	at org.junit.platform.launcher.core.DefaultLauncher.execute(DefaultLauncher.java:114)
	at org.junit.platform.launcher.core.DefaultLauncher.execute(DefaultLauncher.java:86)
	at org.junit.platform.launcher.core.DefaultLauncherSession$DelegatingLauncher.execute(DefaultLauncherSession.java:86)
	at org.junit.platform.launcher.core.SessionPerRequestLauncher.execute(SessionPerRequestLauncher.java:53)
	at org.gradle.api.internal.tasks.testing.junitplatform.JUnitPlatformTestClassProcessor$CollectAllTestClassesExecutor.processAllTestClasses(JUnitPlatformTestClassProcessor.java:99)
	at org.gradle.api.internal.tasks.testing.junitplatform.JUnitPlatformTestClassProcessor$CollectAllTestClassesExecutor.access$000(JUnitPlatformTestClassProcessor.java:79)
	at org.gradle.api.internal.tasks.testing.junitplatform.JUnitPlatformTestClassProcessor.stop(JUnitPlatformTestClassProcessor.java:75)
	at org.gradle.api.internal.tasks.testing.SuiteTestClassProcessor.stop(SuiteTestClassProcessor.java:62)
	at java.base@11.0.18/jdk.internal.reflect.NativeMethodAccessorImpl.invoke0(Native Method)
	at java.base@11.0.18/jdk.internal.reflect.NativeMethodAccessorImpl.invoke(NativeMethodAccessorImpl.java:62)
	at java.base@11.0.18/jdk.internal.reflect.DelegatingMethodAccessorImpl.invoke(DelegatingMethodAccessorImpl.java:43)
	at java.base@11.0.18/java.lang.reflect.Method.invoke(Method.java:566)
	at org.gradle.internal.dispatch.ReflectionDispatch.dispatch(ReflectionDispatch.java:36)
	at org.gradle.internal.dispatch.ReflectionDispatch.dispatch(ReflectionDispatch.java:24)
	at org.gradle.internal.dispatch.ContextClassLoaderDispatch.dispatch(ContextClassLoaderDispatch.java:33)
	at org.gradle.internal.dispatch.ProxyDispatchAdapter$DispatchingInvocationHandler.invoke(ProxyDispatchAdapter.java:94)
	at com.sun.proxy.$Proxy2.stop(Unknown Source)
	at org.gradle.api.internal.tasks.testing.worker.TestWorker$3.run(TestWorker.java:193)
	at org.gradle.api.internal.tasks.testing.worker.TestWorker.executeAndMaintainThreadName(TestWorker.java:129)
	at org.gradle.api.internal.tasks.testing.worker.TestWorker.execute(TestWorker.java:100)
	at org.gradle.api.internal.tasks.testing.worker.TestWorker.execute(TestWorker.java:60)
	at org.gradle.process.internal.worker.child.ActionExecutionWorker.execute(ActionExecutionWorker.java:56)
	at org.gradle.process.internal.worker.child.SystemApplicationClassLoaderWorker.call(SystemApplicationClassLoaderWorker.java:113)
	at org.gradle.process.internal.worker.child.SystemApplicationClassLoaderWorker.call(SystemApplicationClassLoaderWorker.java:65)
	at app//worker.org.gradle.process.internal.worker.GradleWorkerMain.run(GradleWorkerMain.java:69)
	at app//worker.org.gradle.process.internal.worker.GradleWorkerMain.main(GradleWorkerMain.java:74)
</failure>
  </testcase>
  <testcase name="SumExample_fullmacro" classname="de.uka.ilkd.key.proof.runallproofs.RunAllProofsInfFlow" time="0.851">
    <failure message="org.opentest4j.AssertionFailedError: Executed process terminated with non-zero exit value. ==&gt; expected: &lt;0&gt; but was: &lt;1&gt;" type="org.opentest4j.AssertionFailedError">org.opentest4j.AssertionFailedError: Executed process terminated with non-zero exit value. ==&gt; expected: &lt;0&gt; but was: &lt;1&gt;
	at app//org.junit.jupiter.api.AssertionUtils.fail(AssertionUtils.java:55)
	at app//org.junit.jupiter.api.AssertionUtils.failNotEqual(AssertionUtils.java:62)
	at app//org.junit.jupiter.api.AssertEquals.assertEquals(AssertEquals.java:150)
	at app//org.junit.jupiter.api.Assertions.assertEquals(Assertions.java:559)
	at app//de.uka.ilkd.key.proof.runallproofs.proofcollection.ForkedTestFileRunner.processTestFiles(ForkedTestFileRunner.java:129)
	at app//de.uka.ilkd.key.proof.runallproofs.RunAllProofsTestUnit.runTest(RunAllProofsTestUnit.java:85)
	at app//de.uka.ilkd.key.proof.runallproofs.RunAllProofsTest.lambda$data$0(RunAllProofsTest.java:83)
	at app//org.junit.jupiter.engine.descriptor.DynamicTestTestDescriptor.lambda$execute$0(DynamicTestTestDescriptor.java:53)
	at app//org.junit.jupiter.engine.execution.InvocationInterceptorChain$ValidatingInvocation.proceed(InvocationInterceptorChain.java:131)
	at app//org.junit.jupiter.api.extension.InvocationInterceptor.interceptDynamicTest(InvocationInterceptor.java:167)
	at app//org.junit.jupiter.api.extension.InvocationInterceptor.interceptDynamicTest(InvocationInterceptor.java:184)
	at app//org.junit.jupiter.engine.descriptor.DynamicTestTestDescriptor.lambda$execute$1(DynamicTestTestDescriptor.java:61)
	at app//org.junit.jupiter.engine.execution.InvocationInterceptorChain$InterceptorCall.lambda$ofVoid$0(InvocationInterceptorChain.java:78)
	at app//org.junit.jupiter.engine.execution.InvocationInterceptorChain$InterceptedInvocation.proceed(InvocationInterceptorChain.java:106)
	at app//org.junit.jupiter.engine.execution.InvocationInterceptorChain.proceed(InvocationInterceptorChain.java:64)
	at app//org.junit.jupiter.engine.execution.InvocationInterceptorChain.chainAndInvoke(InvocationInterceptorChain.java:45)
	at app//org.junit.jupiter.engine.execution.InvocationInterceptorChain.invoke(InvocationInterceptorChain.java:37)
	at app//org.junit.jupiter.engine.descriptor.DynamicTestTestDescriptor.execute(DynamicTestTestDescriptor.java:60)
	at app//org.junit.jupiter.engine.descriptor.DynamicTestTestDescriptor.execute(DynamicTestTestDescriptor.java:32)
	at app//org.junit.platform.engine.support.hierarchical.NodeTestTask.lambda$executeRecursively$6(NodeTestTask.java:151)
	at app//org.junit.platform.engine.support.hierarchical.ThrowableCollector.execute(ThrowableCollector.java:73)
	at app//org.junit.platform.engine.support.hierarchical.NodeTestTask.lambda$executeRecursively$8(NodeTestTask.java:141)
	at app//org.junit.platform.engine.support.hierarchical.Node.around(Node.java:137)
	at app//org.junit.platform.engine.support.hierarchical.NodeTestTask.lambda$executeRecursively$9(NodeTestTask.java:139)
	at app//org.junit.platform.engine.support.hierarchical.ThrowableCollector.execute(ThrowableCollector.java:73)
	at app//org.junit.platform.engine.support.hierarchical.NodeTestTask.executeRecursively(NodeTestTask.java:138)
	at app//org.junit.platform.engine.support.hierarchical.NodeTestTask.execute(NodeTestTask.java:95)
	at app//org.junit.platform.engine.support.hierarchical.SameThreadHierarchicalTestExecutorService.submit(SameThreadHierarchicalTestExecutorService.java:35)
	at app//org.junit.platform.engine.support.hierarchical.NodeTestTask$DefaultDynamicTestExecutor.execute(NodeTestTask.java:226)
	at app//org.junit.platform.engine.support.hierarchical.NodeTestTask$DefaultDynamicTestExecutor.execute(NodeTestTask.java:204)
	at java.base@11.0.18/java.util.Optional.ifPresent(Optional.java:183)
	at app//org.junit.jupiter.engine.descriptor.TestFactoryTestDescriptor.lambda$invokeTestMethod$1(TestFactoryTestDescriptor.java:108)
	at app//org.junit.platform.engine.support.hierarchical.ThrowableCollector.execute(ThrowableCollector.java:73)
	at app//org.junit.jupiter.engine.descriptor.TestFactoryTestDescriptor.invokeTestMethod(TestFactoryTestDescriptor.java:95)
	at app//org.junit.jupiter.engine.descriptor.TestMethodTestDescriptor.execute(TestMethodTestDescriptor.java:135)
	at app//org.junit.jupiter.engine.descriptor.TestMethodTestDescriptor.execute(TestMethodTestDescriptor.java:66)
	at app//org.junit.platform.engine.support.hierarchical.NodeTestTask.lambda$executeRecursively$6(NodeTestTask.java:151)
	at app//org.junit.platform.engine.support.hierarchical.ThrowableCollector.execute(ThrowableCollector.java:73)
	at app//org.junit.platform.engine.support.hierarchical.NodeTestTask.lambda$executeRecursively$8(NodeTestTask.java:141)
	at app//org.junit.platform.engine.support.hierarchical.Node.around(Node.java:137)
	at app//org.junit.platform.engine.support.hierarchical.NodeTestTask.lambda$executeRecursively$9(NodeTestTask.java:139)
	at app//org.junit.platform.engine.support.hierarchical.ThrowableCollector.execute(ThrowableCollector.java:73)
	at app//org.junit.platform.engine.support.hierarchical.NodeTestTask.executeRecursively(NodeTestTask.java:138)
	at app//org.junit.platform.engine.support.hierarchical.NodeTestTask.execute(NodeTestTask.java:95)
	at java.base@11.0.18/java.util.ArrayList.forEach(ArrayList.java:1541)
	at app//org.junit.platform.engine.support.hierarchical.SameThreadHierarchicalTestExecutorService.invokeAll(SameThreadHierarchicalTestExecutorService.java:41)
	at app//org.junit.platform.engine.support.hierarchical.NodeTestTask.lambda$executeRecursively$6(NodeTestTask.java:155)
	at app//org.junit.platform.engine.support.hierarchical.ThrowableCollector.execute(ThrowableCollector.java:73)
	at app//org.junit.platform.engine.support.hierarchical.NodeTestTask.lambda$executeRecursively$8(NodeTestTask.java:141)
	at app//org.junit.platform.engine.support.hierarchical.Node.around(Node.java:137)
	at app//org.junit.platform.engine.support.hierarchical.NodeTestTask.lambda$executeRecursively$9(NodeTestTask.java:139)
	at app//org.junit.platform.engine.support.hierarchical.ThrowableCollector.execute(ThrowableCollector.java:73)
	at app//org.junit.platform.engine.support.hierarchical.NodeTestTask.executeRecursively(NodeTestTask.java:138)
	at app//org.junit.platform.engine.support.hierarchical.NodeTestTask.execute(NodeTestTask.java:95)
	at java.base@11.0.18/java.util.ArrayList.forEach(ArrayList.java:1541)
	at app//org.junit.platform.engine.support.hierarchical.SameThreadHierarchicalTestExecutorService.invokeAll(SameThreadHierarchicalTestExecutorService.java:41)
	at app//org.junit.platform.engine.support.hierarchical.NodeTestTask.lambda$executeRecursively$6(NodeTestTask.java:155)
	at app//org.junit.platform.engine.support.hierarchical.ThrowableCollector.execute(ThrowableCollector.java:73)
	at app//org.junit.platform.engine.support.hierarchical.NodeTestTask.lambda$executeRecursively$8(NodeTestTask.java:141)
	at app//org.junit.platform.engine.support.hierarchical.Node.around(Node.java:137)
	at app//org.junit.platform.engine.support.hierarchical.NodeTestTask.lambda$executeRecursively$9(NodeTestTask.java:139)
	at app//org.junit.platform.engine.support.hierarchical.ThrowableCollector.execute(ThrowableCollector.java:73)
	at app//org.junit.platform.engine.support.hierarchical.NodeTestTask.executeRecursively(NodeTestTask.java:138)
	at app//org.junit.platform.engine.support.hierarchical.NodeTestTask.execute(NodeTestTask.java:95)
	at app//org.junit.platform.engine.support.hierarchical.SameThreadHierarchicalTestExecutorService.submit(SameThreadHierarchicalTestExecutorService.java:35)
	at app//org.junit.platform.engine.support.hierarchical.HierarchicalTestExecutor.execute(HierarchicalTestExecutor.java:57)
	at app//org.junit.platform.engine.support.hierarchical.HierarchicalTestEngine.execute(HierarchicalTestEngine.java:54)
	at org.junit.platform.launcher.core.EngineExecutionOrchestrator.execute(EngineExecutionOrchestrator.java:107)
	at org.junit.platform.launcher.core.EngineExecutionOrchestrator.execute(EngineExecutionOrchestrator.java:88)
	at org.junit.platform.launcher.core.EngineExecutionOrchestrator.lambda$execute$0(EngineExecutionOrchestrator.java:54)
	at org.junit.platform.launcher.core.EngineExecutionOrchestrator.withInterceptedStreams(EngineExecutionOrchestrator.java:67)
	at org.junit.platform.launcher.core.EngineExecutionOrchestrator.execute(EngineExecutionOrchestrator.java:52)
	at org.junit.platform.launcher.core.DefaultLauncher.execute(DefaultLauncher.java:114)
	at org.junit.platform.launcher.core.DefaultLauncher.execute(DefaultLauncher.java:86)
	at org.junit.platform.launcher.core.DefaultLauncherSession$DelegatingLauncher.execute(DefaultLauncherSession.java:86)
	at org.junit.platform.launcher.core.SessionPerRequestLauncher.execute(SessionPerRequestLauncher.java:53)
	at org.gradle.api.internal.tasks.testing.junitplatform.JUnitPlatformTestClassProcessor$CollectAllTestClassesExecutor.processAllTestClasses(JUnitPlatformTestClassProcessor.java:99)
	at org.gradle.api.internal.tasks.testing.junitplatform.JUnitPlatformTestClassProcessor$CollectAllTestClassesExecutor.access$000(JUnitPlatformTestClassProcessor.java:79)
	at org.gradle.api.internal.tasks.testing.junitplatform.JUnitPlatformTestClassProcessor.stop(JUnitPlatformTestClassProcessor.java:75)
	at org.gradle.api.internal.tasks.testing.SuiteTestClassProcessor.stop(SuiteTestClassProcessor.java:62)
	at java.base@11.0.18/jdk.internal.reflect.NativeMethodAccessorImpl.invoke0(Native Method)
	at java.base@11.0.18/jdk.internal.reflect.NativeMethodAccessorImpl.invoke(NativeMethodAccessorImpl.java:62)
	at java.base@11.0.18/jdk.internal.reflect.DelegatingMethodAccessorImpl.invoke(DelegatingMethodAccessorImpl.java:43)
	at java.base@11.0.18/java.lang.reflect.Method.invoke(Method.java:566)
	at org.gradle.internal.dispatch.ReflectionDispatch.dispatch(ReflectionDispatch.java:36)
	at org.gradle.internal.dispatch.ReflectionDispatch.dispatch(ReflectionDispatch.java:24)
	at org.gradle.internal.dispatch.ContextClassLoaderDispatch.dispatch(ContextClassLoaderDispatch.java:33)
	at org.gradle.internal.dispatch.ProxyDispatchAdapter$DispatchingInvocationHandler.invoke(ProxyDispatchAdapter.java:94)
	at com.sun.proxy.$Proxy2.stop(Unknown Source)
	at org.gradle.api.internal.tasks.testing.worker.TestWorker$3.run(TestWorker.java:193)
	at org.gradle.api.internal.tasks.testing.worker.TestWorker.executeAndMaintainThreadName(TestWorker.java:129)
	at org.gradle.api.internal.tasks.testing.worker.TestWorker.execute(TestWorker.java:100)
	at org.gradle.api.internal.tasks.testing.worker.TestWorker.execute(TestWorker.java:60)
	at org.gradle.process.internal.worker.child.ActionExecutionWorker.execute(ActionExecutionWorker.java:56)
	at org.gradle.process.internal.worker.child.SystemApplicationClassLoaderWorker.call(SystemApplicationClassLoaderWorker.java:113)
	at org.gradle.process.internal.worker.child.SystemApplicationClassLoaderWorker.call(SystemApplicationClassLoaderWorker.java:65)
	at app//worker.org.gradle.process.internal.worker.GradleWorkerMain.run(GradleWorkerMain.java:69)
	at app//worker.org.gradle.process.internal.worker.GradleWorkerMain.main(GradleWorkerMain.java:74)
</failure>
  </testcase>
  <testcase name="ToyBanking_fullmacro" classname="de.uka.ilkd.key.proof.runallproofs.RunAllProofsInfFlow" time="0.941">
    <failure message="org.opentest4j.AssertionFailedError: Executed process terminated with non-zero exit value. ==&gt; expected: &lt;0&gt; but was: &lt;1&gt;" type="org.opentest4j.AssertionFailedError">org.opentest4j.AssertionFailedError: Executed process terminated with non-zero exit value. ==&gt; expected: &lt;0&gt; but was: &lt;1&gt;
	at app//org.junit.jupiter.api.AssertionUtils.fail(AssertionUtils.java:55)
	at app//org.junit.jupiter.api.AssertionUtils.failNotEqual(AssertionUtils.java:62)
	at app//org.junit.jupiter.api.AssertEquals.assertEquals(AssertEquals.java:150)
	at app//org.junit.jupiter.api.Assertions.assertEquals(Assertions.java:559)
	at app//de.uka.ilkd.key.proof.runallproofs.proofcollection.ForkedTestFileRunner.processTestFiles(ForkedTestFileRunner.java:129)
	at app//de.uka.ilkd.key.proof.runallproofs.RunAllProofsTestUnit.runTest(RunAllProofsTestUnit.java:85)
	at app//de.uka.ilkd.key.proof.runallproofs.RunAllProofsTest.lambda$data$0(RunAllProofsTest.java:83)
	at app//org.junit.jupiter.engine.descriptor.DynamicTestTestDescriptor.lambda$execute$0(DynamicTestTestDescriptor.java:53)
	at app//org.junit.jupiter.engine.execution.InvocationInterceptorChain$ValidatingInvocation.proceed(InvocationInterceptorChain.java:131)
	at app//org.junit.jupiter.api.extension.InvocationInterceptor.interceptDynamicTest(InvocationInterceptor.java:167)
	at app//org.junit.jupiter.api.extension.InvocationInterceptor.interceptDynamicTest(InvocationInterceptor.java:184)
	at app//org.junit.jupiter.engine.descriptor.DynamicTestTestDescriptor.lambda$execute$1(DynamicTestTestDescriptor.java:61)
	at app//org.junit.jupiter.engine.execution.InvocationInterceptorChain$InterceptorCall.lambda$ofVoid$0(InvocationInterceptorChain.java:78)
	at app//org.junit.jupiter.engine.execution.InvocationInterceptorChain$InterceptedInvocation.proceed(InvocationInterceptorChain.java:106)
	at app//org.junit.jupiter.engine.execution.InvocationInterceptorChain.proceed(InvocationInterceptorChain.java:64)
	at app//org.junit.jupiter.engine.execution.InvocationInterceptorChain.chainAndInvoke(InvocationInterceptorChain.java:45)
	at app//org.junit.jupiter.engine.execution.InvocationInterceptorChain.invoke(InvocationInterceptorChain.java:37)
	at app//org.junit.jupiter.engine.descriptor.DynamicTestTestDescriptor.execute(DynamicTestTestDescriptor.java:60)
	at app//org.junit.jupiter.engine.descriptor.DynamicTestTestDescriptor.execute(DynamicTestTestDescriptor.java:32)
	at app//org.junit.platform.engine.support.hierarchical.NodeTestTask.lambda$executeRecursively$6(NodeTestTask.java:151)
	at app//org.junit.platform.engine.support.hierarchical.ThrowableCollector.execute(ThrowableCollector.java:73)
	at app//org.junit.platform.engine.support.hierarchical.NodeTestTask.lambda$executeRecursively$8(NodeTestTask.java:141)
	at app//org.junit.platform.engine.support.hierarchical.Node.around(Node.java:137)
	at app//org.junit.platform.engine.support.hierarchical.NodeTestTask.lambda$executeRecursively$9(NodeTestTask.java:139)
	at app//org.junit.platform.engine.support.hierarchical.ThrowableCollector.execute(ThrowableCollector.java:73)
	at app//org.junit.platform.engine.support.hierarchical.NodeTestTask.executeRecursively(NodeTestTask.java:138)
	at app//org.junit.platform.engine.support.hierarchical.NodeTestTask.execute(NodeTestTask.java:95)
	at app//org.junit.platform.engine.support.hierarchical.SameThreadHierarchicalTestExecutorService.submit(SameThreadHierarchicalTestExecutorService.java:35)
	at app//org.junit.platform.engine.support.hierarchical.NodeTestTask$DefaultDynamicTestExecutor.execute(NodeTestTask.java:226)
	at app//org.junit.platform.engine.support.hierarchical.NodeTestTask$DefaultDynamicTestExecutor.execute(NodeTestTask.java:204)
	at java.base@11.0.18/java.util.Optional.ifPresent(Optional.java:183)
	at app//org.junit.jupiter.engine.descriptor.TestFactoryTestDescriptor.lambda$invokeTestMethod$1(TestFactoryTestDescriptor.java:108)
	at app//org.junit.platform.engine.support.hierarchical.ThrowableCollector.execute(ThrowableCollector.java:73)
	at app//org.junit.jupiter.engine.descriptor.TestFactoryTestDescriptor.invokeTestMethod(TestFactoryTestDescriptor.java:95)
	at app//org.junit.jupiter.engine.descriptor.TestMethodTestDescriptor.execute(TestMethodTestDescriptor.java:135)
	at app//org.junit.jupiter.engine.descriptor.TestMethodTestDescriptor.execute(TestMethodTestDescriptor.java:66)
	at app//org.junit.platform.engine.support.hierarchical.NodeTestTask.lambda$executeRecursively$6(NodeTestTask.java:151)
	at app//org.junit.platform.engine.support.hierarchical.ThrowableCollector.execute(ThrowableCollector.java:73)
	at app//org.junit.platform.engine.support.hierarchical.NodeTestTask.lambda$executeRecursively$8(NodeTestTask.java:141)
	at app//org.junit.platform.engine.support.hierarchical.Node.around(Node.java:137)
	at app//org.junit.platform.engine.support.hierarchical.NodeTestTask.lambda$executeRecursively$9(NodeTestTask.java:139)
	at app//org.junit.platform.engine.support.hierarchical.ThrowableCollector.execute(ThrowableCollector.java:73)
	at app//org.junit.platform.engine.support.hierarchical.NodeTestTask.executeRecursively(NodeTestTask.java:138)
	at app//org.junit.platform.engine.support.hierarchical.NodeTestTask.execute(NodeTestTask.java:95)
	at java.base@11.0.18/java.util.ArrayList.forEach(ArrayList.java:1541)
	at app//org.junit.platform.engine.support.hierarchical.SameThreadHierarchicalTestExecutorService.invokeAll(SameThreadHierarchicalTestExecutorService.java:41)
	at app//org.junit.platform.engine.support.hierarchical.NodeTestTask.lambda$executeRecursively$6(NodeTestTask.java:155)
	at app//org.junit.platform.engine.support.hierarchical.ThrowableCollector.execute(ThrowableCollector.java:73)
	at app//org.junit.platform.engine.support.hierarchical.NodeTestTask.lambda$executeRecursively$8(NodeTestTask.java:141)
	at app//org.junit.platform.engine.support.hierarchical.Node.around(Node.java:137)
	at app//org.junit.platform.engine.support.hierarchical.NodeTestTask.lambda$executeRecursively$9(NodeTestTask.java:139)
	at app//org.junit.platform.engine.support.hierarchical.ThrowableCollector.execute(ThrowableCollector.java:73)
	at app//org.junit.platform.engine.support.hierarchical.NodeTestTask.executeRecursively(NodeTestTask.java:138)
	at app//org.junit.platform.engine.support.hierarchical.NodeTestTask.execute(NodeTestTask.java:95)
	at java.base@11.0.18/java.util.ArrayList.forEach(ArrayList.java:1541)
	at app//org.junit.platform.engine.support.hierarchical.SameThreadHierarchicalTestExecutorService.invokeAll(SameThreadHierarchicalTestExecutorService.java:41)
	at app//org.junit.platform.engine.support.hierarchical.NodeTestTask.lambda$executeRecursively$6(NodeTestTask.java:155)
	at app//org.junit.platform.engine.support.hierarchical.ThrowableCollector.execute(ThrowableCollector.java:73)
	at app//org.junit.platform.engine.support.hierarchical.NodeTestTask.lambda$executeRecursively$8(NodeTestTask.java:141)
	at app//org.junit.platform.engine.support.hierarchical.Node.around(Node.java:137)
	at app//org.junit.platform.engine.support.hierarchical.NodeTestTask.lambda$executeRecursively$9(NodeTestTask.java:139)
	at app//org.junit.platform.engine.support.hierarchical.ThrowableCollector.execute(ThrowableCollector.java:73)
	at app//org.junit.platform.engine.support.hierarchical.NodeTestTask.executeRecursively(NodeTestTask.java:138)
	at app//org.junit.platform.engine.support.hierarchical.NodeTestTask.execute(NodeTestTask.java:95)
	at app//org.junit.platform.engine.support.hierarchical.SameThreadHierarchicalTestExecutorService.submit(SameThreadHierarchicalTestExecutorService.java:35)
	at app//org.junit.platform.engine.support.hierarchical.HierarchicalTestExecutor.execute(HierarchicalTestExecutor.java:57)
	at app//org.junit.platform.engine.support.hierarchical.HierarchicalTestEngine.execute(HierarchicalTestEngine.java:54)
	at org.junit.platform.launcher.core.EngineExecutionOrchestrator.execute(EngineExecutionOrchestrator.java:107)
	at org.junit.platform.launcher.core.EngineExecutionOrchestrator.execute(EngineExecutionOrchestrator.java:88)
	at org.junit.platform.launcher.core.EngineExecutionOrchestrator.lambda$execute$0(EngineExecutionOrchestrator.java:54)
	at org.junit.platform.launcher.core.EngineExecutionOrchestrator.withInterceptedStreams(EngineExecutionOrchestrator.java:67)
	at org.junit.platform.launcher.core.EngineExecutionOrchestrator.execute(EngineExecutionOrchestrator.java:52)
	at org.junit.platform.launcher.core.DefaultLauncher.execute(DefaultLauncher.java:114)
	at org.junit.platform.launcher.core.DefaultLauncher.execute(DefaultLauncher.java:86)
	at org.junit.platform.launcher.core.DefaultLauncherSession$DelegatingLauncher.execute(DefaultLauncherSession.java:86)
	at org.junit.platform.launcher.core.SessionPerRequestLauncher.execute(SessionPerRequestLauncher.java:53)
	at org.gradle.api.internal.tasks.testing.junitplatform.JUnitPlatformTestClassProcessor$CollectAllTestClassesExecutor.processAllTestClasses(JUnitPlatformTestClassProcessor.java:99)
	at org.gradle.api.internal.tasks.testing.junitplatform.JUnitPlatformTestClassProcessor$CollectAllTestClassesExecutor.access$000(JUnitPlatformTestClassProcessor.java:79)
	at org.gradle.api.internal.tasks.testing.junitplatform.JUnitPlatformTestClassProcessor.stop(JUnitPlatformTestClassProcessor.java:75)
	at org.gradle.api.internal.tasks.testing.SuiteTestClassProcessor.stop(SuiteTestClassProcessor.java:62)
	at java.base@11.0.18/jdk.internal.reflect.NativeMethodAccessorImpl.invoke0(Native Method)
	at java.base@11.0.18/jdk.internal.reflect.NativeMethodAccessorImpl.invoke(NativeMethodAccessorImpl.java:62)
	at java.base@11.0.18/jdk.internal.reflect.DelegatingMethodAccessorImpl.invoke(DelegatingMethodAccessorImpl.java:43)
	at java.base@11.0.18/java.lang.reflect.Method.invoke(Method.java:566)
	at org.gradle.internal.dispatch.ReflectionDispatch.dispatch(ReflectionDispatch.java:36)
	at org.gradle.internal.dispatch.ReflectionDispatch.dispatch(ReflectionDispatch.java:24)
	at org.gradle.internal.dispatch.ContextClassLoaderDispatch.dispatch(ContextClassLoaderDispatch.java:33)
	at org.gradle.internal.dispatch.ProxyDispatchAdapter$DispatchingInvocationHandler.invoke(ProxyDispatchAdapter.java:94)
	at com.sun.proxy.$Proxy2.stop(Unknown Source)
	at org.gradle.api.internal.tasks.testing.worker.TestWorker$3.run(TestWorker.java:193)
	at org.gradle.api.internal.tasks.testing.worker.TestWorker.executeAndMaintainThreadName(TestWorker.java:129)
	at org.gradle.api.internal.tasks.testing.worker.TestWorker.execute(TestWorker.java:100)
	at org.gradle.api.internal.tasks.testing.worker.TestWorker.execute(TestWorker.java:60)
	at org.gradle.process.internal.worker.child.ActionExecutionWorker.execute(ActionExecutionWorker.java:56)
	at org.gradle.process.internal.worker.child.SystemApplicationClassLoaderWorker.call(SystemApplicationClassLoaderWorker.java:113)
	at org.gradle.process.internal.worker.child.SystemApplicationClassLoaderWorker.call(SystemApplicationClassLoaderWorker.java:65)
	at app//worker.org.gradle.process.internal.worker.GradleWorkerMain.run(GradleWorkerMain.java:69)
	at app//worker.org.gradle.process.internal.worker.GradleWorkerMain.main(GradleWorkerMain.java:74)
</failure>
  </testcase>
  <testcase name="BlockContracts_fullmacro" classname="de.uka.ilkd.key.proof.runallproofs.RunAllProofsInfFlow" time="0.986">
    <failure message="org.opentest4j.AssertionFailedError: Executed process terminated with non-zero exit value. ==&gt; expected: &lt;0&gt; but was: &lt;1&gt;" type="org.opentest4j.AssertionFailedError">org.opentest4j.AssertionFailedError: Executed process terminated with non-zero exit value. ==&gt; expected: &lt;0&gt; but was: &lt;1&gt;
	at app//org.junit.jupiter.api.AssertionUtils.fail(AssertionUtils.java:55)
	at app//org.junit.jupiter.api.AssertionUtils.failNotEqual(AssertionUtils.java:62)
	at app//org.junit.jupiter.api.AssertEquals.assertEquals(AssertEquals.java:150)
	at app//org.junit.jupiter.api.Assertions.assertEquals(Assertions.java:559)
	at app//de.uka.ilkd.key.proof.runallproofs.proofcollection.ForkedTestFileRunner.processTestFiles(ForkedTestFileRunner.java:129)
	at app//de.uka.ilkd.key.proof.runallproofs.RunAllProofsTestUnit.runTest(RunAllProofsTestUnit.java:85)
	at app//de.uka.ilkd.key.proof.runallproofs.RunAllProofsTest.lambda$data$0(RunAllProofsTest.java:83)
	at app//org.junit.jupiter.engine.descriptor.DynamicTestTestDescriptor.lambda$execute$0(DynamicTestTestDescriptor.java:53)
	at app//org.junit.jupiter.engine.execution.InvocationInterceptorChain$ValidatingInvocation.proceed(InvocationInterceptorChain.java:131)
	at app//org.junit.jupiter.api.extension.InvocationInterceptor.interceptDynamicTest(InvocationInterceptor.java:167)
	at app//org.junit.jupiter.api.extension.InvocationInterceptor.interceptDynamicTest(InvocationInterceptor.java:184)
	at app//org.junit.jupiter.engine.descriptor.DynamicTestTestDescriptor.lambda$execute$1(DynamicTestTestDescriptor.java:61)
	at app//org.junit.jupiter.engine.execution.InvocationInterceptorChain$InterceptorCall.lambda$ofVoid$0(InvocationInterceptorChain.java:78)
	at app//org.junit.jupiter.engine.execution.InvocationInterceptorChain$InterceptedInvocation.proceed(InvocationInterceptorChain.java:106)
	at app//org.junit.jupiter.engine.execution.InvocationInterceptorChain.proceed(InvocationInterceptorChain.java:64)
	at app//org.junit.jupiter.engine.execution.InvocationInterceptorChain.chainAndInvoke(InvocationInterceptorChain.java:45)
	at app//org.junit.jupiter.engine.execution.InvocationInterceptorChain.invoke(InvocationInterceptorChain.java:37)
	at app//org.junit.jupiter.engine.descriptor.DynamicTestTestDescriptor.execute(DynamicTestTestDescriptor.java:60)
	at app//org.junit.jupiter.engine.descriptor.DynamicTestTestDescriptor.execute(DynamicTestTestDescriptor.java:32)
	at app//org.junit.platform.engine.support.hierarchical.NodeTestTask.lambda$executeRecursively$6(NodeTestTask.java:151)
	at app//org.junit.platform.engine.support.hierarchical.ThrowableCollector.execute(ThrowableCollector.java:73)
	at app//org.junit.platform.engine.support.hierarchical.NodeTestTask.lambda$executeRecursively$8(NodeTestTask.java:141)
	at app//org.junit.platform.engine.support.hierarchical.Node.around(Node.java:137)
	at app//org.junit.platform.engine.support.hierarchical.NodeTestTask.lambda$executeRecursively$9(NodeTestTask.java:139)
	at app//org.junit.platform.engine.support.hierarchical.ThrowableCollector.execute(ThrowableCollector.java:73)
	at app//org.junit.platform.engine.support.hierarchical.NodeTestTask.executeRecursively(NodeTestTask.java:138)
	at app//org.junit.platform.engine.support.hierarchical.NodeTestTask.execute(NodeTestTask.java:95)
	at app//org.junit.platform.engine.support.hierarchical.SameThreadHierarchicalTestExecutorService.submit(SameThreadHierarchicalTestExecutorService.java:35)
	at app//org.junit.platform.engine.support.hierarchical.NodeTestTask$DefaultDynamicTestExecutor.execute(NodeTestTask.java:226)
	at app//org.junit.platform.engine.support.hierarchical.NodeTestTask$DefaultDynamicTestExecutor.execute(NodeTestTask.java:204)
	at java.base@11.0.18/java.util.Optional.ifPresent(Optional.java:183)
	at app//org.junit.jupiter.engine.descriptor.TestFactoryTestDescriptor.lambda$invokeTestMethod$1(TestFactoryTestDescriptor.java:108)
	at app//org.junit.platform.engine.support.hierarchical.ThrowableCollector.execute(ThrowableCollector.java:73)
	at app//org.junit.jupiter.engine.descriptor.TestFactoryTestDescriptor.invokeTestMethod(TestFactoryTestDescriptor.java:95)
	at app//org.junit.jupiter.engine.descriptor.TestMethodTestDescriptor.execute(TestMethodTestDescriptor.java:135)
	at app//org.junit.jupiter.engine.descriptor.TestMethodTestDescriptor.execute(TestMethodTestDescriptor.java:66)
	at app//org.junit.platform.engine.support.hierarchical.NodeTestTask.lambda$executeRecursively$6(NodeTestTask.java:151)
	at app//org.junit.platform.engine.support.hierarchical.ThrowableCollector.execute(ThrowableCollector.java:73)
	at app//org.junit.platform.engine.support.hierarchical.NodeTestTask.lambda$executeRecursively$8(NodeTestTask.java:141)
	at app//org.junit.platform.engine.support.hierarchical.Node.around(Node.java:137)
	at app//org.junit.platform.engine.support.hierarchical.NodeTestTask.lambda$executeRecursively$9(NodeTestTask.java:139)
	at app//org.junit.platform.engine.support.hierarchical.ThrowableCollector.execute(ThrowableCollector.java:73)
	at app//org.junit.platform.engine.support.hierarchical.NodeTestTask.executeRecursively(NodeTestTask.java:138)
	at app//org.junit.platform.engine.support.hierarchical.NodeTestTask.execute(NodeTestTask.java:95)
	at java.base@11.0.18/java.util.ArrayList.forEach(ArrayList.java:1541)
	at app//org.junit.platform.engine.support.hierarchical.SameThreadHierarchicalTestExecutorService.invokeAll(SameThreadHierarchicalTestExecutorService.java:41)
	at app//org.junit.platform.engine.support.hierarchical.NodeTestTask.lambda$executeRecursively$6(NodeTestTask.java:155)
	at app//org.junit.platform.engine.support.hierarchical.ThrowableCollector.execute(ThrowableCollector.java:73)
	at app//org.junit.platform.engine.support.hierarchical.NodeTestTask.lambda$executeRecursively$8(NodeTestTask.java:141)
	at app//org.junit.platform.engine.support.hierarchical.Node.around(Node.java:137)
	at app//org.junit.platform.engine.support.hierarchical.NodeTestTask.lambda$executeRecursively$9(NodeTestTask.java:139)
	at app//org.junit.platform.engine.support.hierarchical.ThrowableCollector.execute(ThrowableCollector.java:73)
	at app//org.junit.platform.engine.support.hierarchical.NodeTestTask.executeRecursively(NodeTestTask.java:138)
	at app//org.junit.platform.engine.support.hierarchical.NodeTestTask.execute(NodeTestTask.java:95)
	at java.base@11.0.18/java.util.ArrayList.forEach(ArrayList.java:1541)
	at app//org.junit.platform.engine.support.hierarchical.SameThreadHierarchicalTestExecutorService.invokeAll(SameThreadHierarchicalTestExecutorService.java:41)
	at app//org.junit.platform.engine.support.hierarchical.NodeTestTask.lambda$executeRecursively$6(NodeTestTask.java:155)
	at app//org.junit.platform.engine.support.hierarchical.ThrowableCollector.execute(ThrowableCollector.java:73)
	at app//org.junit.platform.engine.support.hierarchical.NodeTestTask.lambda$executeRecursively$8(NodeTestTask.java:141)
	at app//org.junit.platform.engine.support.hierarchical.Node.around(Node.java:137)
	at app//org.junit.platform.engine.support.hierarchical.NodeTestTask.lambda$executeRecursively$9(NodeTestTask.java:139)
	at app//org.junit.platform.engine.support.hierarchical.ThrowableCollector.execute(ThrowableCollector.java:73)
	at app//org.junit.platform.engine.support.hierarchical.NodeTestTask.executeRecursively(NodeTestTask.java:138)
	at app//org.junit.platform.engine.support.hierarchical.NodeTestTask.execute(NodeTestTask.java:95)
	at app//org.junit.platform.engine.support.hierarchical.SameThreadHierarchicalTestExecutorService.submit(SameThreadHierarchicalTestExecutorService.java:35)
	at app//org.junit.platform.engine.support.hierarchical.HierarchicalTestExecutor.execute(HierarchicalTestExecutor.java:57)
	at app//org.junit.platform.engine.support.hierarchical.HierarchicalTestEngine.execute(HierarchicalTestEngine.java:54)
	at org.junit.platform.launcher.core.EngineExecutionOrchestrator.execute(EngineExecutionOrchestrator.java:107)
	at org.junit.platform.launcher.core.EngineExecutionOrchestrator.execute(EngineExecutionOrchestrator.java:88)
	at org.junit.platform.launcher.core.EngineExecutionOrchestrator.lambda$execute$0(EngineExecutionOrchestrator.java:54)
	at org.junit.platform.launcher.core.EngineExecutionOrchestrator.withInterceptedStreams(EngineExecutionOrchestrator.java:67)
	at org.junit.platform.launcher.core.EngineExecutionOrchestrator.execute(EngineExecutionOrchestrator.java:52)
	at org.junit.platform.launcher.core.DefaultLauncher.execute(DefaultLauncher.java:114)
	at org.junit.platform.launcher.core.DefaultLauncher.execute(DefaultLauncher.java:86)
	at org.junit.platform.launcher.core.DefaultLauncherSession$DelegatingLauncher.execute(DefaultLauncherSession.java:86)
	at org.junit.platform.launcher.core.SessionPerRequestLauncher.execute(SessionPerRequestLauncher.java:53)
	at org.gradle.api.internal.tasks.testing.junitplatform.JUnitPlatformTestClassProcessor$CollectAllTestClassesExecutor.processAllTestClasses(JUnitPlatformTestClassProcessor.java:99)
	at org.gradle.api.internal.tasks.testing.junitplatform.JUnitPlatformTestClassProcessor$CollectAllTestClassesExecutor.access$000(JUnitPlatformTestClassProcessor.java:79)
	at org.gradle.api.internal.tasks.testing.junitplatform.JUnitPlatformTestClassProcessor.stop(JUnitPlatformTestClassProcessor.java:75)
	at org.gradle.api.internal.tasks.testing.SuiteTestClassProcessor.stop(SuiteTestClassProcessor.java:62)
	at java.base@11.0.18/jdk.internal.reflect.NativeMethodAccessorImpl.invoke0(Native Method)
	at java.base@11.0.18/jdk.internal.reflect.NativeMethodAccessorImpl.invoke(NativeMethodAccessorImpl.java:62)
	at java.base@11.0.18/jdk.internal.reflect.DelegatingMethodAccessorImpl.invoke(DelegatingMethodAccessorImpl.java:43)
	at java.base@11.0.18/java.lang.reflect.Method.invoke(Method.java:566)
	at org.gradle.internal.dispatch.ReflectionDispatch.dispatch(ReflectionDispatch.java:36)
	at org.gradle.internal.dispatch.ReflectionDispatch.dispatch(ReflectionDispatch.java:24)
	at org.gradle.internal.dispatch.ContextClassLoaderDispatch.dispatch(ContextClassLoaderDispatch.java:33)
	at org.gradle.internal.dispatch.ProxyDispatchAdapter$DispatchingInvocationHandler.invoke(ProxyDispatchAdapter.java:94)
	at com.sun.proxy.$Proxy2.stop(Unknown Source)
	at org.gradle.api.internal.tasks.testing.worker.TestWorker$3.run(TestWorker.java:193)
	at org.gradle.api.internal.tasks.testing.worker.TestWorker.executeAndMaintainThreadName(TestWorker.java:129)
	at org.gradle.api.internal.tasks.testing.worker.TestWorker.execute(TestWorker.java:100)
	at org.gradle.api.internal.tasks.testing.worker.TestWorker.execute(TestWorker.java:60)
	at org.gradle.process.internal.worker.child.ActionExecutionWorker.execute(ActionExecutionWorker.java:56)
	at org.gradle.process.internal.worker.child.SystemApplicationClassLoaderWorker.call(SystemApplicationClassLoaderWorker.java:113)
	at org.gradle.process.internal.worker.child.SystemApplicationClassLoaderWorker.call(SystemApplicationClassLoaderWorker.java:65)
	at app//worker.org.gradle.process.internal.worker.GradleWorkerMain.run(GradleWorkerMain.java:69)
	at app//worker.org.gradle.process.internal.worker.GradleWorkerMain.main(GradleWorkerMain.java:74)
</failure>
  </testcase>
  <testcase name="MethodContracts_fullmacro" classname="de.uka.ilkd.key.proof.runallproofs.RunAllProofsInfFlow" time="1.069">
    <failure message="org.opentest4j.AssertionFailedError: Executed process terminated with non-zero exit value. ==&gt; expected: &lt;0&gt; but was: &lt;1&gt;" type="org.opentest4j.AssertionFailedError">org.opentest4j.AssertionFailedError: Executed process terminated with non-zero exit value. ==&gt; expected: &lt;0&gt; but was: &lt;1&gt;
	at app//org.junit.jupiter.api.AssertionUtils.fail(AssertionUtils.java:55)
	at app//org.junit.jupiter.api.AssertionUtils.failNotEqual(AssertionUtils.java:62)
	at app//org.junit.jupiter.api.AssertEquals.assertEquals(AssertEquals.java:150)
	at app//org.junit.jupiter.api.Assertions.assertEquals(Assertions.java:559)
	at app//de.uka.ilkd.key.proof.runallproofs.proofcollection.ForkedTestFileRunner.processTestFiles(ForkedTestFileRunner.java:129)
	at app//de.uka.ilkd.key.proof.runallproofs.RunAllProofsTestUnit.runTest(RunAllProofsTestUnit.java:85)
	at app//de.uka.ilkd.key.proof.runallproofs.RunAllProofsTest.lambda$data$0(RunAllProofsTest.java:83)
	at app//org.junit.jupiter.engine.descriptor.DynamicTestTestDescriptor.lambda$execute$0(DynamicTestTestDescriptor.java:53)
	at app//org.junit.jupiter.engine.execution.InvocationInterceptorChain$ValidatingInvocation.proceed(InvocationInterceptorChain.java:131)
	at app//org.junit.jupiter.api.extension.InvocationInterceptor.interceptDynamicTest(InvocationInterceptor.java:167)
	at app//org.junit.jupiter.api.extension.InvocationInterceptor.interceptDynamicTest(InvocationInterceptor.java:184)
	at app//org.junit.jupiter.engine.descriptor.DynamicTestTestDescriptor.lambda$execute$1(DynamicTestTestDescriptor.java:61)
	at app//org.junit.jupiter.engine.execution.InvocationInterceptorChain$InterceptorCall.lambda$ofVoid$0(InvocationInterceptorChain.java:78)
	at app//org.junit.jupiter.engine.execution.InvocationInterceptorChain$InterceptedInvocation.proceed(InvocationInterceptorChain.java:106)
	at app//org.junit.jupiter.engine.execution.InvocationInterceptorChain.proceed(InvocationInterceptorChain.java:64)
	at app//org.junit.jupiter.engine.execution.InvocationInterceptorChain.chainAndInvoke(InvocationInterceptorChain.java:45)
	at app//org.junit.jupiter.engine.execution.InvocationInterceptorChain.invoke(InvocationInterceptorChain.java:37)
	at app//org.junit.jupiter.engine.descriptor.DynamicTestTestDescriptor.execute(DynamicTestTestDescriptor.java:60)
	at app//org.junit.jupiter.engine.descriptor.DynamicTestTestDescriptor.execute(DynamicTestTestDescriptor.java:32)
	at app//org.junit.platform.engine.support.hierarchical.NodeTestTask.lambda$executeRecursively$6(NodeTestTask.java:151)
	at app//org.junit.platform.engine.support.hierarchical.ThrowableCollector.execute(ThrowableCollector.java:73)
	at app//org.junit.platform.engine.support.hierarchical.NodeTestTask.lambda$executeRecursively$8(NodeTestTask.java:141)
	at app//org.junit.platform.engine.support.hierarchical.Node.around(Node.java:137)
	at app//org.junit.platform.engine.support.hierarchical.NodeTestTask.lambda$executeRecursively$9(NodeTestTask.java:139)
	at app//org.junit.platform.engine.support.hierarchical.ThrowableCollector.execute(ThrowableCollector.java:73)
	at app//org.junit.platform.engine.support.hierarchical.NodeTestTask.executeRecursively(NodeTestTask.java:138)
	at app//org.junit.platform.engine.support.hierarchical.NodeTestTask.execute(NodeTestTask.java:95)
	at app//org.junit.platform.engine.support.hierarchical.SameThreadHierarchicalTestExecutorService.submit(SameThreadHierarchicalTestExecutorService.java:35)
	at app//org.junit.platform.engine.support.hierarchical.NodeTestTask$DefaultDynamicTestExecutor.execute(NodeTestTask.java:226)
	at app//org.junit.platform.engine.support.hierarchical.NodeTestTask$DefaultDynamicTestExecutor.execute(NodeTestTask.java:204)
	at java.base@11.0.18/java.util.Optional.ifPresent(Optional.java:183)
	at app//org.junit.jupiter.engine.descriptor.TestFactoryTestDescriptor.lambda$invokeTestMethod$1(TestFactoryTestDescriptor.java:108)
	at app//org.junit.platform.engine.support.hierarchical.ThrowableCollector.execute(ThrowableCollector.java:73)
	at app//org.junit.jupiter.engine.descriptor.TestFactoryTestDescriptor.invokeTestMethod(TestFactoryTestDescriptor.java:95)
	at app//org.junit.jupiter.engine.descriptor.TestMethodTestDescriptor.execute(TestMethodTestDescriptor.java:135)
	at app//org.junit.jupiter.engine.descriptor.TestMethodTestDescriptor.execute(TestMethodTestDescriptor.java:66)
	at app//org.junit.platform.engine.support.hierarchical.NodeTestTask.lambda$executeRecursively$6(NodeTestTask.java:151)
	at app//org.junit.platform.engine.support.hierarchical.ThrowableCollector.execute(ThrowableCollector.java:73)
	at app//org.junit.platform.engine.support.hierarchical.NodeTestTask.lambda$executeRecursively$8(NodeTestTask.java:141)
	at app//org.junit.platform.engine.support.hierarchical.Node.around(Node.java:137)
	at app//org.junit.platform.engine.support.hierarchical.NodeTestTask.lambda$executeRecursively$9(NodeTestTask.java:139)
	at app//org.junit.platform.engine.support.hierarchical.ThrowableCollector.execute(ThrowableCollector.java:73)
	at app//org.junit.platform.engine.support.hierarchical.NodeTestTask.executeRecursively(NodeTestTask.java:138)
	at app//org.junit.platform.engine.support.hierarchical.NodeTestTask.execute(NodeTestTask.java:95)
	at java.base@11.0.18/java.util.ArrayList.forEach(ArrayList.java:1541)
	at app//org.junit.platform.engine.support.hierarchical.SameThreadHierarchicalTestExecutorService.invokeAll(SameThreadHierarchicalTestExecutorService.java:41)
	at app//org.junit.platform.engine.support.hierarchical.NodeTestTask.lambda$executeRecursively$6(NodeTestTask.java:155)
	at app//org.junit.platform.engine.support.hierarchical.ThrowableCollector.execute(ThrowableCollector.java:73)
	at app//org.junit.platform.engine.support.hierarchical.NodeTestTask.lambda$executeRecursively$8(NodeTestTask.java:141)
	at app//org.junit.platform.engine.support.hierarchical.Node.around(Node.java:137)
	at app//org.junit.platform.engine.support.hierarchical.NodeTestTask.lambda$executeRecursively$9(NodeTestTask.java:139)
	at app//org.junit.platform.engine.support.hierarchical.ThrowableCollector.execute(ThrowableCollector.java:73)
	at app//org.junit.platform.engine.support.hierarchical.NodeTestTask.executeRecursively(NodeTestTask.java:138)
	at app//org.junit.platform.engine.support.hierarchical.NodeTestTask.execute(NodeTestTask.java:95)
	at java.base@11.0.18/java.util.ArrayList.forEach(ArrayList.java:1541)
	at app//org.junit.platform.engine.support.hierarchical.SameThreadHierarchicalTestExecutorService.invokeAll(SameThreadHierarchicalTestExecutorService.java:41)
	at app//org.junit.platform.engine.support.hierarchical.NodeTestTask.lambda$executeRecursively$6(NodeTestTask.java:155)
	at app//org.junit.platform.engine.support.hierarchical.ThrowableCollector.execute(ThrowableCollector.java:73)
	at app//org.junit.platform.engine.support.hierarchical.NodeTestTask.lambda$executeRecursively$8(NodeTestTask.java:141)
	at app//org.junit.platform.engine.support.hierarchical.Node.around(Node.java:137)
	at app//org.junit.platform.engine.support.hierarchical.NodeTestTask.lambda$executeRecursively$9(NodeTestTask.java:139)
	at app//org.junit.platform.engine.support.hierarchical.ThrowableCollector.execute(ThrowableCollector.java:73)
	at app//org.junit.platform.engine.support.hierarchical.NodeTestTask.executeRecursively(NodeTestTask.java:138)
	at app//org.junit.platform.engine.support.hierarchical.NodeTestTask.execute(NodeTestTask.java:95)
	at app//org.junit.platform.engine.support.hierarchical.SameThreadHierarchicalTestExecutorService.submit(SameThreadHierarchicalTestExecutorService.java:35)
	at app//org.junit.platform.engine.support.hierarchical.HierarchicalTestExecutor.execute(HierarchicalTestExecutor.java:57)
	at app//org.junit.platform.engine.support.hierarchical.HierarchicalTestEngine.execute(HierarchicalTestEngine.java:54)
	at org.junit.platform.launcher.core.EngineExecutionOrchestrator.execute(EngineExecutionOrchestrator.java:107)
	at org.junit.platform.launcher.core.EngineExecutionOrchestrator.execute(EngineExecutionOrchestrator.java:88)
	at org.junit.platform.launcher.core.EngineExecutionOrchestrator.lambda$execute$0(EngineExecutionOrchestrator.java:54)
	at org.junit.platform.launcher.core.EngineExecutionOrchestrator.withInterceptedStreams(EngineExecutionOrchestrator.java:67)
	at org.junit.platform.launcher.core.EngineExecutionOrchestrator.execute(EngineExecutionOrchestrator.java:52)
	at org.junit.platform.launcher.core.DefaultLauncher.execute(DefaultLauncher.java:114)
	at org.junit.platform.launcher.core.DefaultLauncher.execute(DefaultLauncher.java:86)
	at org.junit.platform.launcher.core.DefaultLauncherSession$DelegatingLauncher.execute(DefaultLauncherSession.java:86)
	at org.junit.platform.launcher.core.SessionPerRequestLauncher.execute(SessionPerRequestLauncher.java:53)
	at org.gradle.api.internal.tasks.testing.junitplatform.JUnitPlatformTestClassProcessor$CollectAllTestClassesExecutor.processAllTestClasses(JUnitPlatformTestClassProcessor.java:99)
	at org.gradle.api.internal.tasks.testing.junitplatform.JUnitPlatformTestClassProcessor$CollectAllTestClassesExecutor.access$000(JUnitPlatformTestClassProcessor.java:79)
	at org.gradle.api.internal.tasks.testing.junitplatform.JUnitPlatformTestClassProcessor.stop(JUnitPlatformTestClassProcessor.java:75)
	at org.gradle.api.internal.tasks.testing.SuiteTestClassProcessor.stop(SuiteTestClassProcessor.java:62)
	at java.base@11.0.18/jdk.internal.reflect.NativeMethodAccessorImpl.invoke0(Native Method)
	at java.base@11.0.18/jdk.internal.reflect.NativeMethodAccessorImpl.invoke(NativeMethodAccessorImpl.java:62)
	at java.base@11.0.18/jdk.internal.reflect.DelegatingMethodAccessorImpl.invoke(DelegatingMethodAccessorImpl.java:43)
	at java.base@11.0.18/java.lang.reflect.Method.invoke(Method.java:566)
	at org.gradle.internal.dispatch.ReflectionDispatch.dispatch(ReflectionDispatch.java:36)
	at org.gradle.internal.dispatch.ReflectionDispatch.dispatch(ReflectionDispatch.java:24)
	at org.gradle.internal.dispatch.ContextClassLoaderDispatch.dispatch(ContextClassLoaderDispatch.java:33)
	at org.gradle.internal.dispatch.ProxyDispatchAdapter$DispatchingInvocationHandler.invoke(ProxyDispatchAdapter.java:94)
	at com.sun.proxy.$Proxy2.stop(Unknown Source)
	at org.gradle.api.internal.tasks.testing.worker.TestWorker$3.run(TestWorker.java:193)
	at org.gradle.api.internal.tasks.testing.worker.TestWorker.executeAndMaintainThreadName(TestWorker.java:129)
	at org.gradle.api.internal.tasks.testing.worker.TestWorker.execute(TestWorker.java:100)
	at org.gradle.api.internal.tasks.testing.worker.TestWorker.execute(TestWorker.java:60)
	at org.gradle.process.internal.worker.child.ActionExecutionWorker.execute(ActionExecutionWorker.java:56)
	at org.gradle.process.internal.worker.child.SystemApplicationClassLoaderWorker.call(SystemApplicationClassLoaderWorker.java:113)
	at org.gradle.process.internal.worker.child.SystemApplicationClassLoaderWorker.call(SystemApplicationClassLoaderWorker.java:65)
	at app//worker.org.gradle.process.internal.worker.GradleWorkerMain.run(GradleWorkerMain.java:69)
	at app//worker.org.gradle.process.internal.worker.GradleWorkerMain.main(GradleWorkerMain.java:74)
</failure>
  </testcase>
  <testcase name="InformationFlow_fullmacro" classname="de.uka.ilkd.key.proof.runallproofs.RunAllProofsInfFlow" time="0.947">
    <failure message="org.opentest4j.AssertionFailedError: Executed process terminated with non-zero exit value. ==&gt; expected: &lt;0&gt; but was: &lt;1&gt;" type="org.opentest4j.AssertionFailedError">org.opentest4j.AssertionFailedError: Executed process terminated with non-zero exit value. ==&gt; expected: &lt;0&gt; but was: &lt;1&gt;
	at app//org.junit.jupiter.api.AssertionUtils.fail(AssertionUtils.java:55)
	at app//org.junit.jupiter.api.AssertionUtils.failNotEqual(AssertionUtils.java:62)
	at app//org.junit.jupiter.api.AssertEquals.assertEquals(AssertEquals.java:150)
	at app//org.junit.jupiter.api.Assertions.assertEquals(Assertions.java:559)
	at app//de.uka.ilkd.key.proof.runallproofs.proofcollection.ForkedTestFileRunner.processTestFiles(ForkedTestFileRunner.java:129)
	at app//de.uka.ilkd.key.proof.runallproofs.RunAllProofsTestUnit.runTest(RunAllProofsTestUnit.java:85)
	at app//de.uka.ilkd.key.proof.runallproofs.RunAllProofsTest.lambda$data$0(RunAllProofsTest.java:83)
	at app//org.junit.jupiter.engine.descriptor.DynamicTestTestDescriptor.lambda$execute$0(DynamicTestTestDescriptor.java:53)
	at app//org.junit.jupiter.engine.execution.InvocationInterceptorChain$ValidatingInvocation.proceed(InvocationInterceptorChain.java:131)
	at app//org.junit.jupiter.api.extension.InvocationInterceptor.interceptDynamicTest(InvocationInterceptor.java:167)
	at app//org.junit.jupiter.api.extension.InvocationInterceptor.interceptDynamicTest(InvocationInterceptor.java:184)
	at app//org.junit.jupiter.engine.descriptor.DynamicTestTestDescriptor.lambda$execute$1(DynamicTestTestDescriptor.java:61)
	at app//org.junit.jupiter.engine.execution.InvocationInterceptorChain$InterceptorCall.lambda$ofVoid$0(InvocationInterceptorChain.java:78)
	at app//org.junit.jupiter.engine.execution.InvocationInterceptorChain$InterceptedInvocation.proceed(InvocationInterceptorChain.java:106)
	at app//org.junit.jupiter.engine.execution.InvocationInterceptorChain.proceed(InvocationInterceptorChain.java:64)
	at app//org.junit.jupiter.engine.execution.InvocationInterceptorChain.chainAndInvoke(InvocationInterceptorChain.java:45)
	at app//org.junit.jupiter.engine.execution.InvocationInterceptorChain.invoke(InvocationInterceptorChain.java:37)
	at app//org.junit.jupiter.engine.descriptor.DynamicTestTestDescriptor.execute(DynamicTestTestDescriptor.java:60)
	at app//org.junit.jupiter.engine.descriptor.DynamicTestTestDescriptor.execute(DynamicTestTestDescriptor.java:32)
	at app//org.junit.platform.engine.support.hierarchical.NodeTestTask.lambda$executeRecursively$6(NodeTestTask.java:151)
	at app//org.junit.platform.engine.support.hierarchical.ThrowableCollector.execute(ThrowableCollector.java:73)
	at app//org.junit.platform.engine.support.hierarchical.NodeTestTask.lambda$executeRecursively$8(NodeTestTask.java:141)
	at app//org.junit.platform.engine.support.hierarchical.Node.around(Node.java:137)
	at app//org.junit.platform.engine.support.hierarchical.NodeTestTask.lambda$executeRecursively$9(NodeTestTask.java:139)
	at app//org.junit.platform.engine.support.hierarchical.ThrowableCollector.execute(ThrowableCollector.java:73)
	at app//org.junit.platform.engine.support.hierarchical.NodeTestTask.executeRecursively(NodeTestTask.java:138)
	at app//org.junit.platform.engine.support.hierarchical.NodeTestTask.execute(NodeTestTask.java:95)
	at app//org.junit.platform.engine.support.hierarchical.SameThreadHierarchicalTestExecutorService.submit(SameThreadHierarchicalTestExecutorService.java:35)
	at app//org.junit.platform.engine.support.hierarchical.NodeTestTask$DefaultDynamicTestExecutor.execute(NodeTestTask.java:226)
	at app//org.junit.platform.engine.support.hierarchical.NodeTestTask$DefaultDynamicTestExecutor.execute(NodeTestTask.java:204)
	at java.base@11.0.18/java.util.Optional.ifPresent(Optional.java:183)
	at app//org.junit.jupiter.engine.descriptor.TestFactoryTestDescriptor.lambda$invokeTestMethod$1(TestFactoryTestDescriptor.java:108)
	at app//org.junit.platform.engine.support.hierarchical.ThrowableCollector.execute(ThrowableCollector.java:73)
	at app//org.junit.jupiter.engine.descriptor.TestFactoryTestDescriptor.invokeTestMethod(TestFactoryTestDescriptor.java:95)
	at app//org.junit.jupiter.engine.descriptor.TestMethodTestDescriptor.execute(TestMethodTestDescriptor.java:135)
	at app//org.junit.jupiter.engine.descriptor.TestMethodTestDescriptor.execute(TestMethodTestDescriptor.java:66)
	at app//org.junit.platform.engine.support.hierarchical.NodeTestTask.lambda$executeRecursively$6(NodeTestTask.java:151)
	at app//org.junit.platform.engine.support.hierarchical.ThrowableCollector.execute(ThrowableCollector.java:73)
	at app//org.junit.platform.engine.support.hierarchical.NodeTestTask.lambda$executeRecursively$8(NodeTestTask.java:141)
	at app//org.junit.platform.engine.support.hierarchical.Node.around(Node.java:137)
	at app//org.junit.platform.engine.support.hierarchical.NodeTestTask.lambda$executeRecursively$9(NodeTestTask.java:139)
	at app//org.junit.platform.engine.support.hierarchical.ThrowableCollector.execute(ThrowableCollector.java:73)
	at app//org.junit.platform.engine.support.hierarchical.NodeTestTask.executeRecursively(NodeTestTask.java:138)
	at app//org.junit.platform.engine.support.hierarchical.NodeTestTask.execute(NodeTestTask.java:95)
	at java.base@11.0.18/java.util.ArrayList.forEach(ArrayList.java:1541)
	at app//org.junit.platform.engine.support.hierarchical.SameThreadHierarchicalTestExecutorService.invokeAll(SameThreadHierarchicalTestExecutorService.java:41)
	at app//org.junit.platform.engine.support.hierarchical.NodeTestTask.lambda$executeRecursively$6(NodeTestTask.java:155)
	at app//org.junit.platform.engine.support.hierarchical.ThrowableCollector.execute(ThrowableCollector.java:73)
	at app//org.junit.platform.engine.support.hierarchical.NodeTestTask.lambda$executeRecursively$8(NodeTestTask.java:141)
	at app//org.junit.platform.engine.support.hierarchical.Node.around(Node.java:137)
	at app//org.junit.platform.engine.support.hierarchical.NodeTestTask.lambda$executeRecursively$9(NodeTestTask.java:139)
	at app//org.junit.platform.engine.support.hierarchical.ThrowableCollector.execute(ThrowableCollector.java:73)
	at app//org.junit.platform.engine.support.hierarchical.NodeTestTask.executeRecursively(NodeTestTask.java:138)
	at app//org.junit.platform.engine.support.hierarchical.NodeTestTask.execute(NodeTestTask.java:95)
	at java.base@11.0.18/java.util.ArrayList.forEach(ArrayList.java:1541)
	at app//org.junit.platform.engine.support.hierarchical.SameThreadHierarchicalTestExecutorService.invokeAll(SameThreadHierarchicalTestExecutorService.java:41)
	at app//org.junit.platform.engine.support.hierarchical.NodeTestTask.lambda$executeRecursively$6(NodeTestTask.java:155)
	at app//org.junit.platform.engine.support.hierarchical.ThrowableCollector.execute(ThrowableCollector.java:73)
	at app//org.junit.platform.engine.support.hierarchical.NodeTestTask.lambda$executeRecursively$8(NodeTestTask.java:141)
	at app//org.junit.platform.engine.support.hierarchical.Node.around(Node.java:137)
	at app//org.junit.platform.engine.support.hierarchical.NodeTestTask.lambda$executeRecursively$9(NodeTestTask.java:139)
	at app//org.junit.platform.engine.support.hierarchical.ThrowableCollector.execute(ThrowableCollector.java:73)
	at app//org.junit.platform.engine.support.hierarchical.NodeTestTask.executeRecursively(NodeTestTask.java:138)
	at app//org.junit.platform.engine.support.hierarchical.NodeTestTask.execute(NodeTestTask.java:95)
	at app//org.junit.platform.engine.support.hierarchical.SameThreadHierarchicalTestExecutorService.submit(SameThreadHierarchicalTestExecutorService.java:35)
	at app//org.junit.platform.engine.support.hierarchical.HierarchicalTestExecutor.execute(HierarchicalTestExecutor.java:57)
	at app//org.junit.platform.engine.support.hierarchical.HierarchicalTestEngine.execute(HierarchicalTestEngine.java:54)
	at org.junit.platform.launcher.core.EngineExecutionOrchestrator.execute(EngineExecutionOrchestrator.java:107)
	at org.junit.platform.launcher.core.EngineExecutionOrchestrator.execute(EngineExecutionOrchestrator.java:88)
	at org.junit.platform.launcher.core.EngineExecutionOrchestrator.lambda$execute$0(EngineExecutionOrchestrator.java:54)
	at org.junit.platform.launcher.core.EngineExecutionOrchestrator.withInterceptedStreams(EngineExecutionOrchestrator.java:67)
	at org.junit.platform.launcher.core.EngineExecutionOrchestrator.execute(EngineExecutionOrchestrator.java:52)
	at org.junit.platform.launcher.core.DefaultLauncher.execute(DefaultLauncher.java:114)
	at org.junit.platform.launcher.core.DefaultLauncher.execute(DefaultLauncher.java:86)
	at org.junit.platform.launcher.core.DefaultLauncherSession$DelegatingLauncher.execute(DefaultLauncherSession.java:86)
	at org.junit.platform.launcher.core.SessionPerRequestLauncher.execute(SessionPerRequestLauncher.java:53)
	at org.gradle.api.internal.tasks.testing.junitplatform.JUnitPlatformTestClassProcessor$CollectAllTestClassesExecutor.processAllTestClasses(JUnitPlatformTestClassProcessor.java:99)
	at org.gradle.api.internal.tasks.testing.junitplatform.JUnitPlatformTestClassProcessor$CollectAllTestClassesExecutor.access$000(JUnitPlatformTestClassProcessor.java:79)
	at org.gradle.api.internal.tasks.testing.junitplatform.JUnitPlatformTestClassProcessor.stop(JUnitPlatformTestClassProcessor.java:75)
	at org.gradle.api.internal.tasks.testing.SuiteTestClassProcessor.stop(SuiteTestClassProcessor.java:62)
	at java.base@11.0.18/jdk.internal.reflect.NativeMethodAccessorImpl.invoke0(Native Method)
	at java.base@11.0.18/jdk.internal.reflect.NativeMethodAccessorImpl.invoke(NativeMethodAccessorImpl.java:62)
	at java.base@11.0.18/jdk.internal.reflect.DelegatingMethodAccessorImpl.invoke(DelegatingMethodAccessorImpl.java:43)
	at java.base@11.0.18/java.lang.reflect.Method.invoke(Method.java:566)
	at org.gradle.internal.dispatch.ReflectionDispatch.dispatch(ReflectionDispatch.java:36)
	at org.gradle.internal.dispatch.ReflectionDispatch.dispatch(ReflectionDispatch.java:24)
	at org.gradle.internal.dispatch.ContextClassLoaderDispatch.dispatch(ContextClassLoaderDispatch.java:33)
	at org.gradle.internal.dispatch.ProxyDispatchAdapter$DispatchingInvocationHandler.invoke(ProxyDispatchAdapter.java:94)
	at com.sun.proxy.$Proxy2.stop(Unknown Source)
	at org.gradle.api.internal.tasks.testing.worker.TestWorker$3.run(TestWorker.java:193)
	at org.gradle.api.internal.tasks.testing.worker.TestWorker.executeAndMaintainThreadName(TestWorker.java:129)
	at org.gradle.api.internal.tasks.testing.worker.TestWorker.execute(TestWorker.java:100)
	at org.gradle.api.internal.tasks.testing.worker.TestWorker.execute(TestWorker.java:60)
	at org.gradle.process.internal.worker.child.ActionExecutionWorker.execute(ActionExecutionWorker.java:56)
	at org.gradle.process.internal.worker.child.SystemApplicationClassLoaderWorker.call(SystemApplicationClassLoaderWorker.java:113)
	at org.gradle.process.internal.worker.child.SystemApplicationClassLoaderWorker.call(SystemApplicationClassLoaderWorker.java:65)
	at app//worker.org.gradle.process.internal.worker.GradleWorkerMain.run(GradleWorkerMain.java:69)
	at app//worker.org.gradle.process.internal.worker.GradleWorkerMain.main(GradleWorkerMain.java:74)
</failure>
  </testcase>
  <testcase name="MiniExamples_fullmacro" classname="de.uka.ilkd.key.proof.runallproofs.RunAllProofsInfFlow" time="1.052">
    <failure message="org.opentest4j.AssertionFailedError: Executed process terminated with non-zero exit value. ==&gt; expected: &lt;0&gt; but was: &lt;1&gt;" type="org.opentest4j.AssertionFailedError">org.opentest4j.AssertionFailedError: Executed process terminated with non-zero exit value. ==&gt; expected: &lt;0&gt; but was: &lt;1&gt;
	at app//org.junit.jupiter.api.AssertionUtils.fail(AssertionUtils.java:55)
	at app//org.junit.jupiter.api.AssertionUtils.failNotEqual(AssertionUtils.java:62)
	at app//org.junit.jupiter.api.AssertEquals.assertEquals(AssertEquals.java:150)
	at app//org.junit.jupiter.api.Assertions.assertEquals(Assertions.java:559)
	at app//de.uka.ilkd.key.proof.runallproofs.proofcollection.ForkedTestFileRunner.processTestFiles(ForkedTestFileRunner.java:129)
	at app//de.uka.ilkd.key.proof.runallproofs.RunAllProofsTestUnit.runTest(RunAllProofsTestUnit.java:85)
	at app//de.uka.ilkd.key.proof.runallproofs.RunAllProofsTest.lambda$data$0(RunAllProofsTest.java:83)
	at app//org.junit.jupiter.engine.descriptor.DynamicTestTestDescriptor.lambda$execute$0(DynamicTestTestDescriptor.java:53)
	at app//org.junit.jupiter.engine.execution.InvocationInterceptorChain$ValidatingInvocation.proceed(InvocationInterceptorChain.java:131)
	at app//org.junit.jupiter.api.extension.InvocationInterceptor.interceptDynamicTest(InvocationInterceptor.java:167)
	at app//org.junit.jupiter.api.extension.InvocationInterceptor.interceptDynamicTest(InvocationInterceptor.java:184)
	at app//org.junit.jupiter.engine.descriptor.DynamicTestTestDescriptor.lambda$execute$1(DynamicTestTestDescriptor.java:61)
	at app//org.junit.jupiter.engine.execution.InvocationInterceptorChain$InterceptorCall.lambda$ofVoid$0(InvocationInterceptorChain.java:78)
	at app//org.junit.jupiter.engine.execution.InvocationInterceptorChain$InterceptedInvocation.proceed(InvocationInterceptorChain.java:106)
	at app//org.junit.jupiter.engine.execution.InvocationInterceptorChain.proceed(InvocationInterceptorChain.java:64)
	at app//org.junit.jupiter.engine.execution.InvocationInterceptorChain.chainAndInvoke(InvocationInterceptorChain.java:45)
	at app//org.junit.jupiter.engine.execution.InvocationInterceptorChain.invoke(InvocationInterceptorChain.java:37)
	at app//org.junit.jupiter.engine.descriptor.DynamicTestTestDescriptor.execute(DynamicTestTestDescriptor.java:60)
	at app//org.junit.jupiter.engine.descriptor.DynamicTestTestDescriptor.execute(DynamicTestTestDescriptor.java:32)
	at app//org.junit.platform.engine.support.hierarchical.NodeTestTask.lambda$executeRecursively$6(NodeTestTask.java:151)
	at app//org.junit.platform.engine.support.hierarchical.ThrowableCollector.execute(ThrowableCollector.java:73)
	at app//org.junit.platform.engine.support.hierarchical.NodeTestTask.lambda$executeRecursively$8(NodeTestTask.java:141)
	at app//org.junit.platform.engine.support.hierarchical.Node.around(Node.java:137)
	at app//org.junit.platform.engine.support.hierarchical.NodeTestTask.lambda$executeRecursively$9(NodeTestTask.java:139)
	at app//org.junit.platform.engine.support.hierarchical.ThrowableCollector.execute(ThrowableCollector.java:73)
	at app//org.junit.platform.engine.support.hierarchical.NodeTestTask.executeRecursively(NodeTestTask.java:138)
	at app//org.junit.platform.engine.support.hierarchical.NodeTestTask.execute(NodeTestTask.java:95)
	at app//org.junit.platform.engine.support.hierarchical.SameThreadHierarchicalTestExecutorService.submit(SameThreadHierarchicalTestExecutorService.java:35)
	at app//org.junit.platform.engine.support.hierarchical.NodeTestTask$DefaultDynamicTestExecutor.execute(NodeTestTask.java:226)
	at app//org.junit.platform.engine.support.hierarchical.NodeTestTask$DefaultDynamicTestExecutor.execute(NodeTestTask.java:204)
	at java.base@11.0.18/java.util.Optional.ifPresent(Optional.java:183)
	at app//org.junit.jupiter.engine.descriptor.TestFactoryTestDescriptor.lambda$invokeTestMethod$1(TestFactoryTestDescriptor.java:108)
	at app//org.junit.platform.engine.support.hierarchical.ThrowableCollector.execute(ThrowableCollector.java:73)
	at app//org.junit.jupiter.engine.descriptor.TestFactoryTestDescriptor.invokeTestMethod(TestFactoryTestDescriptor.java:95)
	at app//org.junit.jupiter.engine.descriptor.TestMethodTestDescriptor.execute(TestMethodTestDescriptor.java:135)
	at app//org.junit.jupiter.engine.descriptor.TestMethodTestDescriptor.execute(TestMethodTestDescriptor.java:66)
	at app//org.junit.platform.engine.support.hierarchical.NodeTestTask.lambda$executeRecursively$6(NodeTestTask.java:151)
	at app//org.junit.platform.engine.support.hierarchical.ThrowableCollector.execute(ThrowableCollector.java:73)
	at app//org.junit.platform.engine.support.hierarchical.NodeTestTask.lambda$executeRecursively$8(NodeTestTask.java:141)
	at app//org.junit.platform.engine.support.hierarchical.Node.around(Node.java:137)
	at app//org.junit.platform.engine.support.hierarchical.NodeTestTask.lambda$executeRecursively$9(NodeTestTask.java:139)
	at app//org.junit.platform.engine.support.hierarchical.ThrowableCollector.execute(ThrowableCollector.java:73)
	at app//org.junit.platform.engine.support.hierarchical.NodeTestTask.executeRecursively(NodeTestTask.java:138)
	at app//org.junit.platform.engine.support.hierarchical.NodeTestTask.execute(NodeTestTask.java:95)
	at java.base@11.0.18/java.util.ArrayList.forEach(ArrayList.java:1541)
	at app//org.junit.platform.engine.support.hierarchical.SameThreadHierarchicalTestExecutorService.invokeAll(SameThreadHierarchicalTestExecutorService.java:41)
	at app//org.junit.platform.engine.support.hierarchical.NodeTestTask.lambda$executeRecursively$6(NodeTestTask.java:155)
	at app//org.junit.platform.engine.support.hierarchical.ThrowableCollector.execute(ThrowableCollector.java:73)
	at app//org.junit.platform.engine.support.hierarchical.NodeTestTask.lambda$executeRecursively$8(NodeTestTask.java:141)
	at app//org.junit.platform.engine.support.hierarchical.Node.around(Node.java:137)
	at app//org.junit.platform.engine.support.hierarchical.NodeTestTask.lambda$executeRecursively$9(NodeTestTask.java:139)
	at app//org.junit.platform.engine.support.hierarchical.ThrowableCollector.execute(ThrowableCollector.java:73)
	at app//org.junit.platform.engine.support.hierarchical.NodeTestTask.executeRecursively(NodeTestTask.java:138)
	at app//org.junit.platform.engine.support.hierarchical.NodeTestTask.execute(NodeTestTask.java:95)
	at java.base@11.0.18/java.util.ArrayList.forEach(ArrayList.java:1541)
	at app//org.junit.platform.engine.support.hierarchical.SameThreadHierarchicalTestExecutorService.invokeAll(SameThreadHierarchicalTestExecutorService.java:41)
	at app//org.junit.platform.engine.support.hierarchical.NodeTestTask.lambda$executeRecursively$6(NodeTestTask.java:155)
	at app//org.junit.platform.engine.support.hierarchical.ThrowableCollector.execute(ThrowableCollector.java:73)
	at app//org.junit.platform.engine.support.hierarchical.NodeTestTask.lambda$executeRecursively$8(NodeTestTask.java:141)
	at app//org.junit.platform.engine.support.hierarchical.Node.around(Node.java:137)
	at app//org.junit.platform.engine.support.hierarchical.NodeTestTask.lambda$executeRecursively$9(NodeTestTask.java:139)
	at app//org.junit.platform.engine.support.hierarchical.ThrowableCollector.execute(ThrowableCollector.java:73)
	at app//org.junit.platform.engine.support.hierarchical.NodeTestTask.executeRecursively(NodeTestTask.java:138)
	at app//org.junit.platform.engine.support.hierarchical.NodeTestTask.execute(NodeTestTask.java:95)
	at app//org.junit.platform.engine.support.hierarchical.SameThreadHierarchicalTestExecutorService.submit(SameThreadHierarchicalTestExecutorService.java:35)
	at app//org.junit.platform.engine.support.hierarchical.HierarchicalTestExecutor.execute(HierarchicalTestExecutor.java:57)
	at app//org.junit.platform.engine.support.hierarchical.HierarchicalTestEngine.execute(HierarchicalTestEngine.java:54)
	at org.junit.platform.launcher.core.EngineExecutionOrchestrator.execute(EngineExecutionOrchestrator.java:107)
	at org.junit.platform.launcher.core.EngineExecutionOrchestrator.execute(EngineExecutionOrchestrator.java:88)
	at org.junit.platform.launcher.core.EngineExecutionOrchestrator.lambda$execute$0(EngineExecutionOrchestrator.java:54)
	at org.junit.platform.launcher.core.EngineExecutionOrchestrator.withInterceptedStreams(EngineExecutionOrchestrator.java:67)
	at org.junit.platform.launcher.core.EngineExecutionOrchestrator.execute(EngineExecutionOrchestrator.java:52)
	at org.junit.platform.launcher.core.DefaultLauncher.execute(DefaultLauncher.java:114)
	at org.junit.platform.launcher.core.DefaultLauncher.execute(DefaultLauncher.java:86)
	at org.junit.platform.launcher.core.DefaultLauncherSession$DelegatingLauncher.execute(DefaultLauncherSession.java:86)
	at org.junit.platform.launcher.core.SessionPerRequestLauncher.execute(SessionPerRequestLauncher.java:53)
	at org.gradle.api.internal.tasks.testing.junitplatform.JUnitPlatformTestClassProcessor$CollectAllTestClassesExecutor.processAllTestClasses(JUnitPlatformTestClassProcessor.java:99)
	at org.gradle.api.internal.tasks.testing.junitplatform.JUnitPlatformTestClassProcessor$CollectAllTestClassesExecutor.access$000(JUnitPlatformTestClassProcessor.java:79)
	at org.gradle.api.internal.tasks.testing.junitplatform.JUnitPlatformTestClassProcessor.stop(JUnitPlatformTestClassProcessor.java:75)
	at org.gradle.api.internal.tasks.testing.SuiteTestClassProcessor.stop(SuiteTestClassProcessor.java:62)
	at java.base@11.0.18/jdk.internal.reflect.NativeMethodAccessorImpl.invoke0(Native Method)
	at java.base@11.0.18/jdk.internal.reflect.NativeMethodAccessorImpl.invoke(NativeMethodAccessorImpl.java:62)
	at java.base@11.0.18/jdk.internal.reflect.DelegatingMethodAccessorImpl.invoke(DelegatingMethodAccessorImpl.java:43)
	at java.base@11.0.18/java.lang.reflect.Method.invoke(Method.java:566)
	at org.gradle.internal.dispatch.ReflectionDispatch.dispatch(ReflectionDispatch.java:36)
	at org.gradle.internal.dispatch.ReflectionDispatch.dispatch(ReflectionDispatch.java:24)
	at org.gradle.internal.dispatch.ContextClassLoaderDispatch.dispatch(ContextClassLoaderDispatch.java:33)
	at org.gradle.internal.dispatch.ProxyDispatchAdapter$DispatchingInvocationHandler.invoke(ProxyDispatchAdapter.java:94)
	at com.sun.proxy.$Proxy2.stop(Unknown Source)
	at org.gradle.api.internal.tasks.testing.worker.TestWorker$3.run(TestWorker.java:193)
	at org.gradle.api.internal.tasks.testing.worker.TestWorker.executeAndMaintainThreadName(TestWorker.java:129)
	at org.gradle.api.internal.tasks.testing.worker.TestWorker.execute(TestWorker.java:100)
	at org.gradle.api.internal.tasks.testing.worker.TestWorker.execute(TestWorker.java:60)
	at org.gradle.process.internal.worker.child.ActionExecutionWorker.execute(ActionExecutionWorker.java:56)
	at org.gradle.process.internal.worker.child.SystemApplicationClassLoaderWorker.call(SystemApplicationClassLoaderWorker.java:113)
	at org.gradle.process.internal.worker.child.SystemApplicationClassLoaderWorker.call(SystemApplicationClassLoaderWorker.java:65)
	at app//worker.org.gradle.process.internal.worker.GradleWorkerMain.run(GradleWorkerMain.java:69)
	at app//worker.org.gradle.process.internal.worker.GradleWorkerMain.main(GradleWorkerMain.java:74)
</failure>
  </testcase>
  <testcase name="NewObjects_fullmacro" classname="de.uka.ilkd.key.proof.runallproofs.RunAllProofsInfFlow" time="0.989">
    <failure message="org.opentest4j.AssertionFailedError: Executed process terminated with non-zero exit value. ==&gt; expected: &lt;0&gt; but was: &lt;1&gt;" type="org.opentest4j.AssertionFailedError">org.opentest4j.AssertionFailedError: Executed process terminated with non-zero exit value. ==&gt; expected: &lt;0&gt; but was: &lt;1&gt;
	at app//org.junit.jupiter.api.AssertionUtils.fail(AssertionUtils.java:55)
	at app//org.junit.jupiter.api.AssertionUtils.failNotEqual(AssertionUtils.java:62)
	at app//org.junit.jupiter.api.AssertEquals.assertEquals(AssertEquals.java:150)
	at app//org.junit.jupiter.api.Assertions.assertEquals(Assertions.java:559)
	at app//de.uka.ilkd.key.proof.runallproofs.proofcollection.ForkedTestFileRunner.processTestFiles(ForkedTestFileRunner.java:129)
	at app//de.uka.ilkd.key.proof.runallproofs.RunAllProofsTestUnit.runTest(RunAllProofsTestUnit.java:85)
	at app//de.uka.ilkd.key.proof.runallproofs.RunAllProofsTest.lambda$data$0(RunAllProofsTest.java:83)
	at app//org.junit.jupiter.engine.descriptor.DynamicTestTestDescriptor.lambda$execute$0(DynamicTestTestDescriptor.java:53)
	at app//org.junit.jupiter.engine.execution.InvocationInterceptorChain$ValidatingInvocation.proceed(InvocationInterceptorChain.java:131)
	at app//org.junit.jupiter.api.extension.InvocationInterceptor.interceptDynamicTest(InvocationInterceptor.java:167)
	at app//org.junit.jupiter.api.extension.InvocationInterceptor.interceptDynamicTest(InvocationInterceptor.java:184)
	at app//org.junit.jupiter.engine.descriptor.DynamicTestTestDescriptor.lambda$execute$1(DynamicTestTestDescriptor.java:61)
	at app//org.junit.jupiter.engine.execution.InvocationInterceptorChain$InterceptorCall.lambda$ofVoid$0(InvocationInterceptorChain.java:78)
	at app//org.junit.jupiter.engine.execution.InvocationInterceptorChain$InterceptedInvocation.proceed(InvocationInterceptorChain.java:106)
	at app//org.junit.jupiter.engine.execution.InvocationInterceptorChain.proceed(InvocationInterceptorChain.java:64)
	at app//org.junit.jupiter.engine.execution.InvocationInterceptorChain.chainAndInvoke(InvocationInterceptorChain.java:45)
	at app//org.junit.jupiter.engine.execution.InvocationInterceptorChain.invoke(InvocationInterceptorChain.java:37)
	at app//org.junit.jupiter.engine.descriptor.DynamicTestTestDescriptor.execute(DynamicTestTestDescriptor.java:60)
	at app//org.junit.jupiter.engine.descriptor.DynamicTestTestDescriptor.execute(DynamicTestTestDescriptor.java:32)
	at app//org.junit.platform.engine.support.hierarchical.NodeTestTask.lambda$executeRecursively$6(NodeTestTask.java:151)
	at app//org.junit.platform.engine.support.hierarchical.ThrowableCollector.execute(ThrowableCollector.java:73)
	at app//org.junit.platform.engine.support.hierarchical.NodeTestTask.lambda$executeRecursively$8(NodeTestTask.java:141)
	at app//org.junit.platform.engine.support.hierarchical.Node.around(Node.java:137)
	at app//org.junit.platform.engine.support.hierarchical.NodeTestTask.lambda$executeRecursively$9(NodeTestTask.java:139)
	at app//org.junit.platform.engine.support.hierarchical.ThrowableCollector.execute(ThrowableCollector.java:73)
	at app//org.junit.platform.engine.support.hierarchical.NodeTestTask.executeRecursively(NodeTestTask.java:138)
	at app//org.junit.platform.engine.support.hierarchical.NodeTestTask.execute(NodeTestTask.java:95)
	at app//org.junit.platform.engine.support.hierarchical.SameThreadHierarchicalTestExecutorService.submit(SameThreadHierarchicalTestExecutorService.java:35)
	at app//org.junit.platform.engine.support.hierarchical.NodeTestTask$DefaultDynamicTestExecutor.execute(NodeTestTask.java:226)
	at app//org.junit.platform.engine.support.hierarchical.NodeTestTask$DefaultDynamicTestExecutor.execute(NodeTestTask.java:204)
	at java.base@11.0.18/java.util.Optional.ifPresent(Optional.java:183)
	at app//org.junit.jupiter.engine.descriptor.TestFactoryTestDescriptor.lambda$invokeTestMethod$1(TestFactoryTestDescriptor.java:108)
	at app//org.junit.platform.engine.support.hierarchical.ThrowableCollector.execute(ThrowableCollector.java:73)
	at app//org.junit.jupiter.engine.descriptor.TestFactoryTestDescriptor.invokeTestMethod(TestFactoryTestDescriptor.java:95)
	at app//org.junit.jupiter.engine.descriptor.TestMethodTestDescriptor.execute(TestMethodTestDescriptor.java:135)
	at app//org.junit.jupiter.engine.descriptor.TestMethodTestDescriptor.execute(TestMethodTestDescriptor.java:66)
	at app//org.junit.platform.engine.support.hierarchical.NodeTestTask.lambda$executeRecursively$6(NodeTestTask.java:151)
	at app//org.junit.platform.engine.support.hierarchical.ThrowableCollector.execute(ThrowableCollector.java:73)
	at app//org.junit.platform.engine.support.hierarchical.NodeTestTask.lambda$executeRecursively$8(NodeTestTask.java:141)
	at app//org.junit.platform.engine.support.hierarchical.Node.around(Node.java:137)
	at app//org.junit.platform.engine.support.hierarchical.NodeTestTask.lambda$executeRecursively$9(NodeTestTask.java:139)
	at app//org.junit.platform.engine.support.hierarchical.ThrowableCollector.execute(ThrowableCollector.java:73)
	at app//org.junit.platform.engine.support.hierarchical.NodeTestTask.executeRecursively(NodeTestTask.java:138)
	at app//org.junit.platform.engine.support.hierarchical.NodeTestTask.execute(NodeTestTask.java:95)
	at java.base@11.0.18/java.util.ArrayList.forEach(ArrayList.java:1541)
	at app//org.junit.platform.engine.support.hierarchical.SameThreadHierarchicalTestExecutorService.invokeAll(SameThreadHierarchicalTestExecutorService.java:41)
	at app//org.junit.platform.engine.support.hierarchical.NodeTestTask.lambda$executeRecursively$6(NodeTestTask.java:155)
	at app//org.junit.platform.engine.support.hierarchical.ThrowableCollector.execute(ThrowableCollector.java:73)
	at app//org.junit.platform.engine.support.hierarchical.NodeTestTask.lambda$executeRecursively$8(NodeTestTask.java:141)
	at app//org.junit.platform.engine.support.hierarchical.Node.around(Node.java:137)
	at app//org.junit.platform.engine.support.hierarchical.NodeTestTask.lambda$executeRecursively$9(NodeTestTask.java:139)
	at app//org.junit.platform.engine.support.hierarchical.ThrowableCollector.execute(ThrowableCollector.java:73)
	at app//org.junit.platform.engine.support.hierarchical.NodeTestTask.executeRecursively(NodeTestTask.java:138)
	at app//org.junit.platform.engine.support.hierarchical.NodeTestTask.execute(NodeTestTask.java:95)
	at java.base@11.0.18/java.util.ArrayList.forEach(ArrayList.java:1541)
	at app//org.junit.platform.engine.support.hierarchical.SameThreadHierarchicalTestExecutorService.invokeAll(SameThreadHierarchicalTestExecutorService.java:41)
	at app//org.junit.platform.engine.support.hierarchical.NodeTestTask.lambda$executeRecursively$6(NodeTestTask.java:155)
	at app//org.junit.platform.engine.support.hierarchical.ThrowableCollector.execute(ThrowableCollector.java:73)
	at app//org.junit.platform.engine.support.hierarchical.NodeTestTask.lambda$executeRecursively$8(NodeTestTask.java:141)
	at app//org.junit.platform.engine.support.hierarchical.Node.around(Node.java:137)
	at app//org.junit.platform.engine.support.hierarchical.NodeTestTask.lambda$executeRecursively$9(NodeTestTask.java:139)
	at app//org.junit.platform.engine.support.hierarchical.ThrowableCollector.execute(ThrowableCollector.java:73)
	at app//org.junit.platform.engine.support.hierarchical.NodeTestTask.executeRecursively(NodeTestTask.java:138)
	at app//org.junit.platform.engine.support.hierarchical.NodeTestTask.execute(NodeTestTask.java:95)
	at app//org.junit.platform.engine.support.hierarchical.SameThreadHierarchicalTestExecutorService.submit(SameThreadHierarchicalTestExecutorService.java:35)
	at app//org.junit.platform.engine.support.hierarchical.HierarchicalTestExecutor.execute(HierarchicalTestExecutor.java:57)
	at app//org.junit.platform.engine.support.hierarchical.HierarchicalTestEngine.execute(HierarchicalTestEngine.java:54)
	at org.junit.platform.launcher.core.EngineExecutionOrchestrator.execute(EngineExecutionOrchestrator.java:107)
	at org.junit.platform.launcher.core.EngineExecutionOrchestrator.execute(EngineExecutionOrchestrator.java:88)
	at org.junit.platform.launcher.core.EngineExecutionOrchestrator.lambda$execute$0(EngineExecutionOrchestrator.java:54)
	at org.junit.platform.launcher.core.EngineExecutionOrchestrator.withInterceptedStreams(EngineExecutionOrchestrator.java:67)
	at org.junit.platform.launcher.core.EngineExecutionOrchestrator.execute(EngineExecutionOrchestrator.java:52)
	at org.junit.platform.launcher.core.DefaultLauncher.execute(DefaultLauncher.java:114)
	at org.junit.platform.launcher.core.DefaultLauncher.execute(DefaultLauncher.java:86)
	at org.junit.platform.launcher.core.DefaultLauncherSession$DelegatingLauncher.execute(DefaultLauncherSession.java:86)
	at org.junit.platform.launcher.core.SessionPerRequestLauncher.execute(SessionPerRequestLauncher.java:53)
	at org.gradle.api.internal.tasks.testing.junitplatform.JUnitPlatformTestClassProcessor$CollectAllTestClassesExecutor.processAllTestClasses(JUnitPlatformTestClassProcessor.java:99)
	at org.gradle.api.internal.tasks.testing.junitplatform.JUnitPlatformTestClassProcessor$CollectAllTestClassesExecutor.access$000(JUnitPlatformTestClassProcessor.java:79)
	at org.gradle.api.internal.tasks.testing.junitplatform.JUnitPlatformTestClassProcessor.stop(JUnitPlatformTestClassProcessor.java:75)
	at org.gradle.api.internal.tasks.testing.SuiteTestClassProcessor.stop(SuiteTestClassProcessor.java:62)
	at java.base@11.0.18/jdk.internal.reflect.NativeMethodAccessorImpl.invoke0(Native Method)
	at java.base@11.0.18/jdk.internal.reflect.NativeMethodAccessorImpl.invoke(NativeMethodAccessorImpl.java:62)
	at java.base@11.0.18/jdk.internal.reflect.DelegatingMethodAccessorImpl.invoke(DelegatingMethodAccessorImpl.java:43)
	at java.base@11.0.18/java.lang.reflect.Method.invoke(Method.java:566)
	at org.gradle.internal.dispatch.ReflectionDispatch.dispatch(ReflectionDispatch.java:36)
	at org.gradle.internal.dispatch.ReflectionDispatch.dispatch(ReflectionDispatch.java:24)
	at org.gradle.internal.dispatch.ContextClassLoaderDispatch.dispatch(ContextClassLoaderDispatch.java:33)
	at org.gradle.internal.dispatch.ProxyDispatchAdapter$DispatchingInvocationHandler.invoke(ProxyDispatchAdapter.java:94)
	at com.sun.proxy.$Proxy2.stop(Unknown Source)
	at org.gradle.api.internal.tasks.testing.worker.TestWorker$3.run(TestWorker.java:193)
	at org.gradle.api.internal.tasks.testing.worker.TestWorker.executeAndMaintainThreadName(TestWorker.java:129)
	at org.gradle.api.internal.tasks.testing.worker.TestWorker.execute(TestWorker.java:100)
	at org.gradle.api.internal.tasks.testing.worker.TestWorker.execute(TestWorker.java:60)
	at org.gradle.process.internal.worker.child.ActionExecutionWorker.execute(ActionExecutionWorker.java:56)
	at org.gradle.process.internal.worker.child.SystemApplicationClassLoaderWorker.call(SystemApplicationClassLoaderWorker.java:113)
	at org.gradle.process.internal.worker.child.SystemApplicationClassLoaderWorker.call(SystemApplicationClassLoaderWorker.java:65)
	at app//worker.org.gradle.process.internal.worker.GradleWorkerMain.run(GradleWorkerMain.java:69)
	at app//worker.org.gradle.process.internal.worker.GradleWorkerMain.main(GradleWorkerMain.java:74)
</failure>
  </testcase>
  <testcase name="SimpleEvoting_fullmacro" classname="de.uka.ilkd.key.proof.runallproofs.RunAllProofsInfFlow" time="0.923">
    <failure message="org.opentest4j.AssertionFailedError: Executed process terminated with non-zero exit value. ==&gt; expected: &lt;0&gt; but was: &lt;1&gt;" type="org.opentest4j.AssertionFailedError">org.opentest4j.AssertionFailedError: Executed process terminated with non-zero exit value. ==&gt; expected: &lt;0&gt; but was: &lt;1&gt;
	at app//org.junit.jupiter.api.AssertionUtils.fail(AssertionUtils.java:55)
	at app//org.junit.jupiter.api.AssertionUtils.failNotEqual(AssertionUtils.java:62)
	at app//org.junit.jupiter.api.AssertEquals.assertEquals(AssertEquals.java:150)
	at app//org.junit.jupiter.api.Assertions.assertEquals(Assertions.java:559)
	at app//de.uka.ilkd.key.proof.runallproofs.proofcollection.ForkedTestFileRunner.processTestFiles(ForkedTestFileRunner.java:129)
	at app//de.uka.ilkd.key.proof.runallproofs.RunAllProofsTestUnit.runTest(RunAllProofsTestUnit.java:85)
	at app//de.uka.ilkd.key.proof.runallproofs.RunAllProofsTest.lambda$data$0(RunAllProofsTest.java:83)
	at app//org.junit.jupiter.engine.descriptor.DynamicTestTestDescriptor.lambda$execute$0(DynamicTestTestDescriptor.java:53)
	at app//org.junit.jupiter.engine.execution.InvocationInterceptorChain$ValidatingInvocation.proceed(InvocationInterceptorChain.java:131)
	at app//org.junit.jupiter.api.extension.InvocationInterceptor.interceptDynamicTest(InvocationInterceptor.java:167)
	at app//org.junit.jupiter.api.extension.InvocationInterceptor.interceptDynamicTest(InvocationInterceptor.java:184)
	at app//org.junit.jupiter.engine.descriptor.DynamicTestTestDescriptor.lambda$execute$1(DynamicTestTestDescriptor.java:61)
	at app//org.junit.jupiter.engine.execution.InvocationInterceptorChain$InterceptorCall.lambda$ofVoid$0(InvocationInterceptorChain.java:78)
	at app//org.junit.jupiter.engine.execution.InvocationInterceptorChain$InterceptedInvocation.proceed(InvocationInterceptorChain.java:106)
	at app//org.junit.jupiter.engine.execution.InvocationInterceptorChain.proceed(InvocationInterceptorChain.java:64)
	at app//org.junit.jupiter.engine.execution.InvocationInterceptorChain.chainAndInvoke(InvocationInterceptorChain.java:45)
	at app//org.junit.jupiter.engine.execution.InvocationInterceptorChain.invoke(InvocationInterceptorChain.java:37)
	at app//org.junit.jupiter.engine.descriptor.DynamicTestTestDescriptor.execute(DynamicTestTestDescriptor.java:60)
	at app//org.junit.jupiter.engine.descriptor.DynamicTestTestDescriptor.execute(DynamicTestTestDescriptor.java:32)
	at app//org.junit.platform.engine.support.hierarchical.NodeTestTask.lambda$executeRecursively$6(NodeTestTask.java:151)
	at app//org.junit.platform.engine.support.hierarchical.ThrowableCollector.execute(ThrowableCollector.java:73)
	at app//org.junit.platform.engine.support.hierarchical.NodeTestTask.lambda$executeRecursively$8(NodeTestTask.java:141)
	at app//org.junit.platform.engine.support.hierarchical.Node.around(Node.java:137)
	at app//org.junit.platform.engine.support.hierarchical.NodeTestTask.lambda$executeRecursively$9(NodeTestTask.java:139)
	at app//org.junit.platform.engine.support.hierarchical.ThrowableCollector.execute(ThrowableCollector.java:73)
	at app//org.junit.platform.engine.support.hierarchical.NodeTestTask.executeRecursively(NodeTestTask.java:138)
	at app//org.junit.platform.engine.support.hierarchical.NodeTestTask.execute(NodeTestTask.java:95)
	at app//org.junit.platform.engine.support.hierarchical.SameThreadHierarchicalTestExecutorService.submit(SameThreadHierarchicalTestExecutorService.java:35)
	at app//org.junit.platform.engine.support.hierarchical.NodeTestTask$DefaultDynamicTestExecutor.execute(NodeTestTask.java:226)
	at app//org.junit.platform.engine.support.hierarchical.NodeTestTask$DefaultDynamicTestExecutor.execute(NodeTestTask.java:204)
	at java.base@11.0.18/java.util.Optional.ifPresent(Optional.java:183)
	at app//org.junit.jupiter.engine.descriptor.TestFactoryTestDescriptor.lambda$invokeTestMethod$1(TestFactoryTestDescriptor.java:108)
	at app//org.junit.platform.engine.support.hierarchical.ThrowableCollector.execute(ThrowableCollector.java:73)
	at app//org.junit.jupiter.engine.descriptor.TestFactoryTestDescriptor.invokeTestMethod(TestFactoryTestDescriptor.java:95)
	at app//org.junit.jupiter.engine.descriptor.TestMethodTestDescriptor.execute(TestMethodTestDescriptor.java:135)
	at app//org.junit.jupiter.engine.descriptor.TestMethodTestDescriptor.execute(TestMethodTestDescriptor.java:66)
	at app//org.junit.platform.engine.support.hierarchical.NodeTestTask.lambda$executeRecursively$6(NodeTestTask.java:151)
	at app//org.junit.platform.engine.support.hierarchical.ThrowableCollector.execute(ThrowableCollector.java:73)
	at app//org.junit.platform.engine.support.hierarchical.NodeTestTask.lambda$executeRecursively$8(NodeTestTask.java:141)
	at app//org.junit.platform.engine.support.hierarchical.Node.around(Node.java:137)
	at app//org.junit.platform.engine.support.hierarchical.NodeTestTask.lambda$executeRecursively$9(NodeTestTask.java:139)
	at app//org.junit.platform.engine.support.hierarchical.ThrowableCollector.execute(ThrowableCollector.java:73)
	at app//org.junit.platform.engine.support.hierarchical.NodeTestTask.executeRecursively(NodeTestTask.java:138)
	at app//org.junit.platform.engine.support.hierarchical.NodeTestTask.execute(NodeTestTask.java:95)
	at java.base@11.0.18/java.util.ArrayList.forEach(ArrayList.java:1541)
	at app//org.junit.platform.engine.support.hierarchical.SameThreadHierarchicalTestExecutorService.invokeAll(SameThreadHierarchicalTestExecutorService.java:41)
	at app//org.junit.platform.engine.support.hierarchical.NodeTestTask.lambda$executeRecursively$6(NodeTestTask.java:155)
	at app//org.junit.platform.engine.support.hierarchical.ThrowableCollector.execute(ThrowableCollector.java:73)
	at app//org.junit.platform.engine.support.hierarchical.NodeTestTask.lambda$executeRecursively$8(NodeTestTask.java:141)
	at app//org.junit.platform.engine.support.hierarchical.Node.around(Node.java:137)
	at app//org.junit.platform.engine.support.hierarchical.NodeTestTask.lambda$executeRecursively$9(NodeTestTask.java:139)
	at app//org.junit.platform.engine.support.hierarchical.ThrowableCollector.execute(ThrowableCollector.java:73)
	at app//org.junit.platform.engine.support.hierarchical.NodeTestTask.executeRecursively(NodeTestTask.java:138)
	at app//org.junit.platform.engine.support.hierarchical.NodeTestTask.execute(NodeTestTask.java:95)
	at java.base@11.0.18/java.util.ArrayList.forEach(ArrayList.java:1541)
	at app//org.junit.platform.engine.support.hierarchical.SameThreadHierarchicalTestExecutorService.invokeAll(SameThreadHierarchicalTestExecutorService.java:41)
	at app//org.junit.platform.engine.support.hierarchical.NodeTestTask.lambda$executeRecursively$6(NodeTestTask.java:155)
	at app//org.junit.platform.engine.support.hierarchical.ThrowableCollector.execute(ThrowableCollector.java:73)
	at app//org.junit.platform.engine.support.hierarchical.NodeTestTask.lambda$executeRecursively$8(NodeTestTask.java:141)
	at app//org.junit.platform.engine.support.hierarchical.Node.around(Node.java:137)
	at app//org.junit.platform.engine.support.hierarchical.NodeTestTask.lambda$executeRecursively$9(NodeTestTask.java:139)
	at app//org.junit.platform.engine.support.hierarchical.ThrowableCollector.execute(ThrowableCollector.java:73)
	at app//org.junit.platform.engine.support.hierarchical.NodeTestTask.executeRecursively(NodeTestTask.java:138)
	at app//org.junit.platform.engine.support.hierarchical.NodeTestTask.execute(NodeTestTask.java:95)
	at app//org.junit.platform.engine.support.hierarchical.SameThreadHierarchicalTestExecutorService.submit(SameThreadHierarchicalTestExecutorService.java:35)
	at app//org.junit.platform.engine.support.hierarchical.HierarchicalTestExecutor.execute(HierarchicalTestExecutor.java:57)
	at app//org.junit.platform.engine.support.hierarchical.HierarchicalTestEngine.execute(HierarchicalTestEngine.java:54)
	at org.junit.platform.launcher.core.EngineExecutionOrchestrator.execute(EngineExecutionOrchestrator.java:107)
	at org.junit.platform.launcher.core.EngineExecutionOrchestrator.execute(EngineExecutionOrchestrator.java:88)
	at org.junit.platform.launcher.core.EngineExecutionOrchestrator.lambda$execute$0(EngineExecutionOrchestrator.java:54)
	at org.junit.platform.launcher.core.EngineExecutionOrchestrator.withInterceptedStreams(EngineExecutionOrchestrator.java:67)
	at org.junit.platform.launcher.core.EngineExecutionOrchestrator.execute(EngineExecutionOrchestrator.java:52)
	at org.junit.platform.launcher.core.DefaultLauncher.execute(DefaultLauncher.java:114)
	at org.junit.platform.launcher.core.DefaultLauncher.execute(DefaultLauncher.java:86)
	at org.junit.platform.launcher.core.DefaultLauncherSession$DelegatingLauncher.execute(DefaultLauncherSession.java:86)
	at org.junit.platform.launcher.core.SessionPerRequestLauncher.execute(SessionPerRequestLauncher.java:53)
	at org.gradle.api.internal.tasks.testing.junitplatform.JUnitPlatformTestClassProcessor$CollectAllTestClassesExecutor.processAllTestClasses(JUnitPlatformTestClassProcessor.java:99)
	at org.gradle.api.internal.tasks.testing.junitplatform.JUnitPlatformTestClassProcessor$CollectAllTestClassesExecutor.access$000(JUnitPlatformTestClassProcessor.java:79)
	at org.gradle.api.internal.tasks.testing.junitplatform.JUnitPlatformTestClassProcessor.stop(JUnitPlatformTestClassProcessor.java:75)
	at org.gradle.api.internal.tasks.testing.SuiteTestClassProcessor.stop(SuiteTestClassProcessor.java:62)
	at java.base@11.0.18/jdk.internal.reflect.NativeMethodAccessorImpl.invoke0(Native Method)
	at java.base@11.0.18/jdk.internal.reflect.NativeMethodAccessorImpl.invoke(NativeMethodAccessorImpl.java:62)
	at java.base@11.0.18/jdk.internal.reflect.DelegatingMethodAccessorImpl.invoke(DelegatingMethodAccessorImpl.java:43)
	at java.base@11.0.18/java.lang.reflect.Method.invoke(Method.java:566)
	at org.gradle.internal.dispatch.ReflectionDispatch.dispatch(ReflectionDispatch.java:36)
	at org.gradle.internal.dispatch.ReflectionDispatch.dispatch(ReflectionDispatch.java:24)
	at org.gradle.internal.dispatch.ContextClassLoaderDispatch.dispatch(ContextClassLoaderDispatch.java:33)
	at org.gradle.internal.dispatch.ProxyDispatchAdapter$DispatchingInvocationHandler.invoke(ProxyDispatchAdapter.java:94)
	at com.sun.proxy.$Proxy2.stop(Unknown Source)
	at org.gradle.api.internal.tasks.testing.worker.TestWorker$3.run(TestWorker.java:193)
	at org.gradle.api.internal.tasks.testing.worker.TestWorker.executeAndMaintainThreadName(TestWorker.java:129)
	at org.gradle.api.internal.tasks.testing.worker.TestWorker.execute(TestWorker.java:100)
	at org.gradle.api.internal.tasks.testing.worker.TestWorker.execute(TestWorker.java:60)
	at org.gradle.process.internal.worker.child.ActionExecutionWorker.execute(ActionExecutionWorker.java:56)
	at org.gradle.process.internal.worker.child.SystemApplicationClassLoaderWorker.call(SystemApplicationClassLoaderWorker.java:113)
	at org.gradle.process.internal.worker.child.SystemApplicationClassLoaderWorker.call(SystemApplicationClassLoaderWorker.java:65)
	at app//worker.org.gradle.process.internal.worker.GradleWorkerMain.run(GradleWorkerMain.java:69)
	at app//worker.org.gradle.process.internal.worker.GradleWorkerMain.main(GradleWorkerMain.java:74)
</failure>
  </testcase>
  <system-out><![CDATA[17:28:29,356 |-INFO in ch.qos.logback.classic.LoggerContext[default] - Could NOT find resource [logback-test.xml]
17:28:29,356 |-INFO in ch.qos.logback.classic.LoggerContext[default] - Found resource [logback.xml] at [file:/home/runner/work/key/key/key.core/build/resources/test/logback.xml]
17:28:29,437 |-INFO in ch.qos.logback.classic.joran.action.ConfigurationAction - debug attribute not set
17:28:29,438 |-INFO in ch.qos.logback.core.joran.action.AppenderAction - About to instantiate appender of type [ch.qos.logback.core.ConsoleAppender]
17:28:29,442 |-INFO in ch.qos.logback.core.joran.action.AppenderAction - Naming appender as [STDOUT]
17:28:29,445 |-ERROR in ch.qos.logback.core.joran.spi.Interpreter@3:15 - no applicable action for [file], current ElementPath  is [[configuration][appender][file]]
17:28:29,445 |-ERROR in ch.qos.logback.core.joran.spi.Interpreter@4:17 - no applicable action for [append], current ElementPath  is [[configuration][appender][append]]
17:28:29,446 |-INFO in ch.qos.logback.core.joran.action.NestedComplexPropertyIA - Assuming default type [ch.qos.logback.classic.encoder.PatternLayoutEncoder] for [encoder] property
17:28:29,459 |-INFO in ch.qos.logback.classic.joran.action.RootLoggerAction - Setting level of ROOT logger to WARN
17:28:29,459 |-INFO in ch.qos.logback.core.joran.action.AppenderRefAction - Attaching appender named [STDOUT] to Logger[ROOT]
17:28:29,460 |-INFO in ch.qos.logback.classic.joran.action.ConfigurationAction - End of configuration.
17:28:29,460 |-INFO in ch.qos.logback.classic.joran.JoranConfigurator@19fb8826 - Registering current configuration as safe fallback point

Running test ToyVoting
17:28:29,755 |-INFO in ch.qos.logback.classic.LoggerContext[default] - Could NOT find resource [logback-test.xml]
17:28:29,756 |-INFO in ch.qos.logback.classic.LoggerContext[default] - Found resource [logback.xml] at [file:/home/runner/work/key/key/key.core/build/resources/test/logback.xml]
17:28:29,926 |-INFO in ch.qos.logback.classic.joran.action.ConfigurationAction - debug attribute not set
17:28:29,926 |-INFO in ch.qos.logback.core.joran.action.AppenderAction - About to instantiate appender of type [ch.qos.logback.core.ConsoleAppender]
17:28:29,940 |-INFO in ch.qos.logback.core.joran.action.AppenderAction - Naming appender as [STDOUT]
17:28:29,944 |-ERROR in ch.qos.logback.core.joran.spi.Interpreter@3:15 - no applicable action for [file], current ElementPath  is [[configuration][appender][file]]
17:28:29,945 |-ERROR in ch.qos.logback.core.joran.spi.Interpreter@4:17 - no applicable action for [append], current ElementPath  is [[configuration][appender][append]]
17:28:29,946 |-INFO in ch.qos.logback.core.joran.action.NestedComplexPropertyIA - Assuming default type [ch.qos.logback.classic.encoder.PatternLayoutEncoder] for [encoder] property
17:28:29,965 |-INFO in ch.qos.logback.classic.joran.action.RootLoggerAction - Setting level of ROOT logger to WARN
17:28:29,965 |-INFO in ch.qos.logback.core.joran.action.AppenderRefAction - Attaching appender named [STDOUT] to Logger[ROOT]
17:28:29,966 |-INFO in ch.qos.logback.classic.joran.action.ConfigurationAction - End of configuration.
17:28:29,967 |-INFO in ch.qos.logback.classic.joran.JoranConfigurator@2f177a4b - Registering current configuration as safe fallback point

351        WARN  main            d.u.i.k.s.ProofSettings   No proof-settings could be loaded, using defaults java.io.FileNotFoundException: /home/runner/.key/proof-settings.props (No such file or directory)
	at java.base/java.io.FileInputStream.open0(Native Method)

Running test ConditionalConfidential
17:28:30,882 |-INFO in ch.qos.logback.classic.LoggerContext[default] - Could NOT find resource [logback-test.xml]
17:28:30,883 |-INFO in ch.qos.logback.classic.LoggerContext[default] - Found resource [logback.xml] at [file:/home/runner/work/key/key/key.core/build/resources/test/logback.xml]
17:28:30,992 |-INFO in ch.qos.logback.classic.joran.action.ConfigurationAction - debug attribute not set
17:28:30,992 |-INFO in ch.qos.logback.core.joran.action.AppenderAction - About to instantiate appender of type [ch.qos.logback.core.ConsoleAppender]
17:28:31,002 |-INFO in ch.qos.logback.core.joran.action.AppenderAction - Naming appender as [STDOUT]
17:28:31,006 |-ERROR in ch.qos.logback.core.joran.spi.Interpreter@3:15 - no applicable action for [file], current ElementPath  is [[configuration][appender][file]]
17:28:31,006 |-ERROR in ch.qos.logback.core.joran.spi.Interpreter@4:17 - no applicable action for [append], current ElementPath  is [[configuration][appender][append]]
17:28:31,007 |-INFO in ch.qos.logback.core.joran.action.NestedComplexPropertyIA - Assuming default type [ch.qos.logback.classic.encoder.PatternLayoutEncoder] for [encoder] property
17:28:31,027 |-INFO in ch.qos.logback.classic.joran.action.RootLoggerAction - Setting level of ROOT logger to WARN
17:28:31,027 |-INFO in ch.qos.logback.core.joran.action.AppenderRefAction - Attaching appender named [STDOUT] to Logger[ROOT]
17:28:31,028 |-INFO in ch.qos.logback.classic.joran.action.ConfigurationAction - End of configuration.
17:28:31,029 |-INFO in ch.qos.logback.classic.joran.JoranConfigurator@2f177a4b - Registering current configuration as safe fallback point

272        WARN  main            d.u.i.k.s.ProofSettings   No proof-settings could be loaded, using defaults java.io.FileNotFoundException: /home/runner/.key/proof-settings.props (No such file or directory)
	at java.base/java.io.FileInputStream.open0(Native Method)

Running test SumExample
17:28:31,709 |-INFO in ch.qos.logback.classic.LoggerContext[default] - Could NOT find resource [logback-test.xml]
17:28:31,710 |-INFO in ch.qos.logback.classic.LoggerContext[default] - Found resource [logback.xml] at [file:/home/runner/work/key/key/key.core/build/resources/test/logback.xml]
17:28:31,825 |-INFO in ch.qos.logback.classic.joran.action.ConfigurationAction - debug attribute not set
17:28:31,826 |-INFO in ch.qos.logback.core.joran.action.AppenderAction - About to instantiate appender of type [ch.qos.logback.core.ConsoleAppender]
17:28:31,836 |-INFO in ch.qos.logback.core.joran.action.AppenderAction - Naming appender as [STDOUT]
17:28:31,840 |-ERROR in ch.qos.logback.core.joran.spi.Interpreter@3:15 - no applicable action for [file], current ElementPath  is [[configuration][appender][file]]
17:28:31,841 |-ERROR in ch.qos.logback.core.joran.spi.Interpreter@4:17 - no applicable action for [append], current ElementPath  is [[configuration][appender][append]]
17:28:31,842 |-INFO in ch.qos.logback.core.joran.action.NestedComplexPropertyIA - Assuming default type [ch.qos.logback.classic.encoder.PatternLayoutEncoder] for [encoder] property
17:28:31,874 |-INFO in ch.qos.logback.classic.joran.action.RootLoggerAction - Setting level of ROOT logger to WARN
17:28:31,874 |-INFO in ch.qos.logback.core.joran.action.AppenderRefAction - Attaching appender named [STDOUT] to Logger[ROOT]
17:28:31,875 |-INFO in ch.qos.logback.classic.joran.action.ConfigurationAction - End of configuration.
17:28:31,877 |-INFO in ch.qos.logback.classic.joran.JoranConfigurator@29176cc1 - Registering current configuration as safe fallback point

281        WARN  main            d.u.i.k.s.ProofSettings   No proof-settings could be loaded, using defaults java.io.FileNotFoundException: /home/runner/.key/proof-settings.props (No such file or directory)
	at java.base/java.io.FileInputStream.open0(Native Method)

Running test ToyBanking
17:28:32,541 |-INFO in ch.qos.logback.classic.LoggerContext[default] - Could NOT find resource [logback-test.xml]
17:28:32,542 |-INFO in ch.qos.logback.classic.LoggerContext[default] - Found resource [logback.xml] at [file:/home/runner/work/key/key/key.core/build/resources/test/logback.xml]
17:28:32,676 |-INFO in ch.qos.logback.classic.joran.action.ConfigurationAction - debug attribute not set
17:28:32,676 |-INFO in ch.qos.logback.core.joran.action.AppenderAction - About to instantiate appender of type [ch.qos.logback.core.ConsoleAppender]
17:28:32,694 |-INFO in ch.qos.logback.core.joran.action.AppenderAction - Naming appender as [STDOUT]
17:28:32,700 |-ERROR in ch.qos.logback.core.joran.spi.Interpreter@3:15 - no applicable action for [file], current ElementPath  is [[configuration][appender][file]]
17:28:32,700 |-ERROR in ch.qos.logback.core.joran.spi.Interpreter@4:17 - no applicable action for [append], current ElementPath  is [[configuration][appender][append]]
17:28:32,701 |-INFO in ch.qos.logback.core.joran.action.NestedComplexPropertyIA - Assuming default type [ch.qos.logback.classic.encoder.PatternLayoutEncoder] for [encoder] property
17:28:32,724 |-INFO in ch.qos.logback.classic.joran.action.RootLoggerAction - Setting level of ROOT logger to WARN
17:28:32,724 |-INFO in ch.qos.logback.core.joran.action.AppenderRefAction - Attaching appender named [STDOUT] to Logger[ROOT]
17:28:32,724 |-INFO in ch.qos.logback.classic.joran.action.ConfigurationAction - End of configuration.
17:28:32,726 |-INFO in ch.qos.logback.classic.joran.JoranConfigurator@29176cc1 - Registering current configuration as safe fallback point

330        WARN  main            d.u.i.k.s.ProofSettings   No proof-settings could be loaded, using defaults java.io.FileNotFoundException: /home/runner/.key/proof-settings.props (No such file or directory)
	at java.base/java.io.FileInputStream.open0(Native Method)

Running test BlockContracts
17:28:33,713 |-INFO in ch.qos.logback.classic.LoggerContext[default] - Could NOT find resource [logback-test.xml]
17:28:33,714 |-INFO in ch.qos.logback.classic.LoggerContext[default] - Found resource [logback.xml] at [file:/home/runner/work/key/key/key.core/build/resources/test/logback.xml]
17:28:33,814 |-INFO in ch.qos.logback.classic.joran.action.ConfigurationAction - debug attribute not set
17:28:33,815 |-INFO in ch.qos.logback.core.joran.action.AppenderAction - About to instantiate appender of type [ch.qos.logback.core.ConsoleAppender]
17:28:33,826 |-INFO in ch.qos.logback.core.joran.action.AppenderAction - Naming appender as [STDOUT]
17:28:33,831 |-ERROR in ch.qos.logback.core.joran.spi.Interpreter@3:15 - no applicable action for [file], current ElementPath  is [[configuration][appender][file]]
17:28:33,831 |-ERROR in ch.qos.logback.core.joran.spi.Interpreter@4:17 - no applicable action for [append], current ElementPath  is [[configuration][appender][append]]
17:28:33,832 |-INFO in ch.qos.logback.core.joran.action.NestedComplexPropertyIA - Assuming default type [ch.qos.logback.classic.encoder.PatternLayoutEncoder] for [encoder] property
17:28:33,855 |-INFO in ch.qos.logback.classic.joran.action.RootLoggerAction - Setting level of ROOT logger to WARN
17:28:33,855 |-INFO in ch.qos.logback.core.joran.action.AppenderRefAction - Attaching appender named [STDOUT] to Logger[ROOT]
17:28:33,855 |-INFO in ch.qos.logback.classic.joran.action.ConfigurationAction - End of configuration.
17:28:33,857 |-INFO in ch.qos.logback.classic.joran.JoranConfigurator@29176cc1 - Registering current configuration as safe fallback point

291        WARN  main            d.u.i.k.s.ProofSettings   No proof-settings could be loaded, using defaults java.io.FileNotFoundException: /home/runner/.key/proof-settings.props (No such file or directory)
	at java.base/java.io.FileInputStream.open0(Native Method)

Running test MethodContracts
17:28:34,764 |-INFO in ch.qos.logback.classic.LoggerContext[default] - Could NOT find resource [logback-test.xml]
17:28:34,765 |-INFO in ch.qos.logback.classic.LoggerContext[default] - Found resource [logback.xml] at [file:/home/runner/work/key/key/key.core/build/resources/test/logback.xml]
17:28:34,871 |-INFO in ch.qos.logback.classic.joran.action.ConfigurationAction - debug attribute not set
17:28:34,872 |-INFO in ch.qos.logback.core.joran.action.AppenderAction - About to instantiate appender of type [ch.qos.logback.core.ConsoleAppender]
17:28:34,883 |-INFO in ch.qos.logback.core.joran.action.AppenderAction - Naming appender as [STDOUT]
17:28:34,887 |-ERROR in ch.qos.logback.core.joran.spi.Interpreter@3:15 - no applicable action for [file], current ElementPath  is [[configuration][appender][file]]
17:28:34,887 |-ERROR in ch.qos.logback.core.joran.spi.Interpreter@4:17 - no applicable action for [append], current ElementPath  is [[configuration][appender][append]]
17:28:34,888 |-INFO in ch.qos.logback.core.joran.action.NestedComplexPropertyIA - Assuming default type [ch.qos.logback.classic.encoder.PatternLayoutEncoder] for [encoder] property
17:28:34,908 |-INFO in ch.qos.logback.classic.joran.action.RootLoggerAction - Setting level of ROOT logger to WARN
17:28:34,908 |-INFO in ch.qos.logback.core.joran.action.AppenderRefAction - Attaching appender named [STDOUT] to Logger[ROOT]
17:28:34,908 |-INFO in ch.qos.logback.classic.joran.action.ConfigurationAction - End of configuration.
17:28:34,910 |-INFO in ch.qos.logback.classic.joran.JoranConfigurator@29176cc1 - Registering current configuration as safe fallback point

283        WARN  main            d.u.i.k.s.ProofSettings   No proof-settings could be loaded, using defaults java.io.FileNotFoundException: /home/runner/.key/proof-settings.props (No such file or directory)
	at java.base/java.io.FileInputStream.open0(Native Method)

Running test LoopInvariants
17:28:36,028 |-INFO in ch.qos.logback.classic.LoggerContext[default] - Could NOT find resource [logback-test.xml]
17:28:36,029 |-INFO in ch.qos.logback.classic.LoggerContext[default] - Found resource [logback.xml] at [file:/home/runner/work/key/key/key.core/build/resources/test/logback.xml]
17:28:36,136 |-INFO in ch.qos.logback.classic.joran.action.ConfigurationAction - debug attribute not set
17:28:36,137 |-INFO in ch.qos.logback.core.joran.action.AppenderAction - About to instantiate appender of type [ch.qos.logback.core.ConsoleAppender]
17:28:36,146 |-INFO in ch.qos.logback.core.joran.action.AppenderAction - Naming appender as [STDOUT]
17:28:36,151 |-ERROR in ch.qos.logback.core.joran.spi.Interpreter@3:15 - no applicable action for [file], current ElementPath  is [[configuration][appender][file]]
17:28:36,151 |-ERROR in ch.qos.logback.core.joran.spi.Interpreter@4:17 - no applicable action for [append], current ElementPath  is [[configuration][appender][append]]
17:28:36,152 |-INFO in ch.qos.logback.core.joran.action.NestedComplexPropertyIA - Assuming default type [ch.qos.logback.classic.encoder.PatternLayoutEncoder] for [encoder] property
17:28:36,172 |-INFO in ch.qos.logback.classic.joran.action.RootLoggerAction - Setting level of ROOT logger to WARN
17:28:36,172 |-INFO in ch.qos.logback.core.joran.action.AppenderRefAction - Attaching appender named [STDOUT] to Logger[ROOT]
17:28:36,172 |-INFO in ch.qos.logback.classic.joran.action.ConfigurationAction - End of configuration.
17:28:36,174 |-INFO in ch.qos.logback.classic.joran.JoranConfigurator@2f177a4b - Registering current configuration as safe fallback point

300        WARN  main            d.u.i.k.s.ProofSettings   No proof-settings could be loaded, using defaults java.io.FileNotFoundException: /home/runner/.key/proof-settings.props (No such file or directory)
	at java.base/java.io.FileInputStream.open0(Native Method)

Running test MiniExamples
17:28:37,123 |-INFO in ch.qos.logback.classic.LoggerContext[default] - Could NOT find resource [logback-test.xml]
17:28:37,124 |-INFO in ch.qos.logback.classic.LoggerContext[default] - Found resource [logback.xml] at [file:/home/runner/work/key/key/key.core/build/resources/test/logback.xml]
17:28:37,226 |-INFO in ch.qos.logback.classic.joran.action.ConfigurationAction - debug attribute not set
17:28:37,226 |-INFO in ch.qos.logback.core.joran.action.AppenderAction - About to instantiate appender of type [ch.qos.logback.core.ConsoleAppender]
17:28:37,240 |-INFO in ch.qos.logback.core.joran.action.AppenderAction - Naming appender as [STDOUT]
17:28:37,245 |-ERROR in ch.qos.logback.core.joran.spi.Interpreter@3:15 - no applicable action for [file], current ElementPath  is [[configuration][appender][file]]
17:28:37,245 |-ERROR in ch.qos.logback.core.joran.spi.Interpreter@4:17 - no applicable action for [append], current ElementPath  is [[configuration][appender][append]]
17:28:37,246 |-INFO in ch.qos.logback.core.joran.action.NestedComplexPropertyIA - Assuming default type [ch.qos.logback.classic.encoder.PatternLayoutEncoder] for [encoder] property
17:28:37,274 |-INFO in ch.qos.logback.classic.joran.action.RootLoggerAction - Setting level of ROOT logger to WARN
17:28:37,275 |-INFO in ch.qos.logback.core.joran.action.AppenderRefAction - Attaching appender named [STDOUT] to Logger[ROOT]
17:28:37,275 |-INFO in ch.qos.logback.classic.joran.action.ConfigurationAction - End of configuration.
17:28:37,277 |-INFO in ch.qos.logback.classic.joran.JoranConfigurator@2f177a4b - Registering current configuration as safe fallback point

298        WARN  main            d.u.i.k.s.ProofSettings   No proof-settings could be loaded, using defaults java.io.FileNotFoundException: /home/runner/.key/proof-settings.props (No such file or directory)
	at java.base/java.io.FileInputStream.open0(Native Method)

Running test NewObjects
17:28:38,281 |-INFO in ch.qos.logback.classic.LoggerContext[default] - Could NOT find resource [logback-test.xml]
17:28:38,282 |-INFO in ch.qos.logback.classic.LoggerContext[default] - Found resource [logback.xml] at [file:/home/runner/work/key/key/key.core/build/resources/test/logback.xml]
17:28:38,399 |-INFO in ch.qos.logback.classic.joran.action.ConfigurationAction - debug attribute not set
17:28:38,399 |-INFO in ch.qos.logback.core.joran.action.AppenderAction - About to instantiate appender of type [ch.qos.logback.core.ConsoleAppender]
17:28:38,410 |-INFO in ch.qos.logback.core.joran.action.AppenderAction - Naming appender as [STDOUT]
17:28:38,415 |-ERROR in ch.qos.logback.core.joran.spi.Interpreter@3:15 - no applicable action for [file], current ElementPath  is [[configuration][appender][file]]
17:28:38,415 |-ERROR in ch.qos.logback.core.joran.spi.Interpreter@4:17 - no applicable action for [append], current ElementPath  is [[configuration][appender][append]]
17:28:38,416 |-INFO in ch.qos.logback.core.joran.action.NestedComplexPropertyIA - Assuming default type [ch.qos.logback.classic.encoder.PatternLayoutEncoder] for [encoder] property
17:28:38,436 |-INFO in ch.qos.logback.classic.joran.action.RootLoggerAction - Setting level of ROOT logger to WARN
17:28:38,436 |-INFO in ch.qos.logback.core.joran.action.AppenderRefAction - Attaching appender named [STDOUT] to Logger[ROOT]
17:28:38,436 |-INFO in ch.qos.logback.classic.joran.action.ConfigurationAction - End of configuration.
17:28:38,438 |-INFO in ch.qos.logback.classic.joran.JoranConfigurator@29176cc1 - Registering current configuration as safe fallback point

314        WARN  main            d.u.i.k.s.ProofSettings   No proof-settings could be loaded, using defaults java.io.FileNotFoundException: /home/runner/.key/proof-settings.props (No such file or directory)
	at java.base/java.io.FileInputStream.open0(Native Method)

Running test passwordfile.SecurePasswordFile(passwordfile.SecurePasswordFile___userIndex()).JML accessible clause.0.key
17:28:39,357 |-INFO in ch.qos.logback.classic.LoggerContext[default] - Could NOT find resource [logback-test.xml]
17:28:39,364 |-INFO in ch.qos.logback.classic.LoggerContext[default] - Found resource [logback.xml] at [file:/home/runner/work/key/key/key.core/build/resources/test/logback.xml]
17:28:39,462 |-INFO in ch.qos.logback.classic.joran.action.ConfigurationAction - debug attribute not set
17:28:39,462 |-INFO in ch.qos.logback.core.joran.action.AppenderAction - About to instantiate appender of type [ch.qos.logback.core.ConsoleAppender]
17:28:39,471 |-INFO in ch.qos.logback.core.joran.action.AppenderAction - Naming appender as [STDOUT]
17:28:39,476 |-ERROR in ch.qos.logback.core.joran.spi.Interpreter@3:15 - no applicable action for [file], current ElementPath  is [[configuration][appender][file]]
17:28:39,476 |-ERROR in ch.qos.logback.core.joran.spi.Interpreter@4:17 - no applicable action for [append], current ElementPath  is [[configuration][appender][append]]
17:28:39,477 |-INFO in ch.qos.logback.core.joran.action.NestedComplexPropertyIA - Assuming default type [ch.qos.logback.classic.encoder.PatternLayoutEncoder] for [encoder] property
17:28:39,498 |-INFO in ch.qos.logback.classic.joran.action.RootLoggerAction - Setting level of ROOT logger to WARN
17:28:39,498 |-INFO in ch.qos.logback.core.joran.action.AppenderRefAction - Attaching appender named [STDOUT] to Logger[ROOT]
17:28:39,498 |-INFO in ch.qos.logback.classic.joran.action.ConfigurationAction - End of configuration.
17:28:39,500 |-INFO in ch.qos.logback.classic.joran.JoranConfigurator@29176cc1 - Registering current configuration as safe fallback point

279        WARN  main            d.u.i.k.s.ProofSettings   No proof-settings could be loaded, using defaults java.io.FileNotFoundException: /home/runner/.key/proof-settings.props (No such file or directory)
	at java.base/java.io.FileInputStream.open0(Native Method)

Running test SimpleEvoting
17:28:40,201 |-INFO in ch.qos.logback.classic.LoggerContext[default] - Could NOT find resource [logback-test.xml]
17:28:40,202 |-INFO in ch.qos.logback.classic.LoggerContext[default] - Found resource [logback.xml] at [file:/home/runner/work/key/key/key.core/build/resources/test/logback.xml]
17:28:40,291 |-INFO in ch.qos.logback.classic.joran.action.ConfigurationAction - debug attribute not set
17:28:40,291 |-INFO in ch.qos.logback.core.joran.action.AppenderAction - About to instantiate appender of type [ch.qos.logback.core.ConsoleAppender]
17:28:40,303 |-INFO in ch.qos.logback.core.joran.action.AppenderAction - Naming appender as [STDOUT]
17:28:40,311 |-ERROR in ch.qos.logback.core.joran.spi.Interpreter@3:15 - no applicable action for [file], current ElementPath  is [[configuration][appender][file]]
17:28:40,312 |-ERROR in ch.qos.logback.core.joran.spi.Interpreter@4:17 - no applicable action for [append], current ElementPath  is [[configuration][appender][append]]
17:28:40,313 |-INFO in ch.qos.logback.core.joran.action.NestedComplexPropertyIA - Assuming default type [ch.qos.logback.classic.encoder.PatternLayoutEncoder] for [encoder] property
17:28:40,350 |-INFO in ch.qos.logback.classic.joran.action.RootLoggerAction - Setting level of ROOT logger to WARN
17:28:40,350 |-INFO in ch.qos.logback.core.joran.action.AppenderRefAction - Attaching appender named [STDOUT] to Logger[ROOT]
17:28:40,351 |-INFO in ch.qos.logback.classic.joran.action.ConfigurationAction - End of configuration.
17:28:40,352 |-INFO in ch.qos.logback.classic.joran.JoranConfigurator@29176cc1 - Registering current configuration as safe fallback point

274        WARN  main            d.u.i.k.s.ProofSettings   No proof-settings could be loaded, using defaults java.io.FileNotFoundException: /home/runner/.key/proof-settings.props (No such file or directory)
	at java.base/java.io.FileInputStream.open0(Native Method)

Running test ToyVoting_nomacro
17:28:41,258 |-INFO in ch.qos.logback.classic.LoggerContext[default] - Could NOT find resource [logback-test.xml]
17:28:41,259 |-INFO in ch.qos.logback.classic.LoggerContext[default] - Found resource [logback.xml] at [file:/home/runner/work/key/key/key.core/build/resources/test/logback.xml]
17:28:41,372 |-INFO in ch.qos.logback.classic.joran.action.ConfigurationAction - debug attribute not set
17:28:41,373 |-INFO in ch.qos.logback.core.joran.action.AppenderAction - About to instantiate appender of type [ch.qos.logback.core.ConsoleAppender]
17:28:41,387 |-INFO in ch.qos.logback.core.joran.action.AppenderAction - Naming appender as [STDOUT]
17:28:41,392 |-ERROR in ch.qos.logback.core.joran.spi.Interpreter@3:15 - no applicable action for [file], current ElementPath  is [[configuration][appender][file]]
17:28:41,392 |-ERROR in ch.qos.logback.core.joran.spi.Interpreter@4:17 - no applicable action for [append], current ElementPath  is [[configuration][appender][append]]
17:28:41,393 |-INFO in ch.qos.logback.core.joran.action.NestedComplexPropertyIA - Assuming default type [ch.qos.logback.classic.encoder.PatternLayoutEncoder] for [encoder] property
17:28:41,413 |-INFO in ch.qos.logback.classic.joran.action.RootLoggerAction - Setting level of ROOT logger to WARN
17:28:41,413 |-INFO in ch.qos.logback.core.joran.action.AppenderRefAction - Attaching appender named [STDOUT] to Logger[ROOT]
17:28:41,413 |-INFO in ch.qos.logback.classic.joran.action.ConfigurationAction - End of configuration.
17:28:41,415 |-INFO in ch.qos.logback.classic.joran.JoranConfigurator@29176cc1 - Registering current configuration as safe fallback point

290        WARN  main            d.u.i.k.s.ProofSettings   No proof-settings could be loaded, using defaults java.io.FileNotFoundException: /home/runner/.key/proof-settings.props (No such file or directory)
	at java.base/java.io.FileInputStream.open0(Native Method)

Running test ConditionalConfidential_nomacro
Returning from test ConditionalConfidential_nomacro
Running test SumExample_nomacro
17:28:42,166 |-INFO in ch.qos.logback.classic.LoggerContext[default] - Could NOT find resource [logback-test.xml]
17:28:42,167 |-INFO in ch.qos.logback.classic.LoggerContext[default] - Found resource [logback.xml] at [file:/home/runner/work/key/key/key.core/build/resources/test/logback.xml]
17:28:42,282 |-INFO in ch.qos.logback.classic.joran.action.ConfigurationAction - debug attribute not set
17:28:42,283 |-INFO in ch.qos.logback.core.joran.action.AppenderAction - About to instantiate appender of type [ch.qos.logback.core.ConsoleAppender]
17:28:42,293 |-INFO in ch.qos.logback.core.joran.action.AppenderAction - Naming appender as [STDOUT]
17:28:42,298 |-ERROR in ch.qos.logback.core.joran.spi.Interpreter@3:15 - no applicable action for [file], current ElementPath  is [[configuration][appender][file]]
17:28:42,298 |-ERROR in ch.qos.logback.core.joran.spi.Interpreter@4:17 - no applicable action for [append], current ElementPath  is [[configuration][appender][append]]
17:28:42,299 |-INFO in ch.qos.logback.core.joran.action.NestedComplexPropertyIA - Assuming default type [ch.qos.logback.classic.encoder.PatternLayoutEncoder] for [encoder] property
17:28:42,319 |-INFO in ch.qos.logback.classic.joran.action.RootLoggerAction - Setting level of ROOT logger to WARN
17:28:42,319 |-INFO in ch.qos.logback.core.joran.action.AppenderRefAction - Attaching appender named [STDOUT] to Logger[ROOT]
17:28:42,320 |-INFO in ch.qos.logback.classic.joran.action.ConfigurationAction - End of configuration.
17:28:42,321 |-INFO in ch.qos.logback.classic.joran.JoranConfigurator@29176cc1 - Registering current configuration as safe fallback point

288        WARN  main            d.u.i.k.s.ProofSettings   No proof-settings could be loaded, using defaults java.io.FileNotFoundException: /home/runner/.key/proof-settings.props (No such file or directory)
	at java.base/java.io.FileInputStream.open0(Native Method)

Running test ToyBanking_nomacro
17:28:43,168 |-INFO in ch.qos.logback.classic.LoggerContext[default] - Could NOT find resource [logback-test.xml]
17:28:43,169 |-INFO in ch.qos.logback.classic.LoggerContext[default] - Found resource [logback.xml] at [file:/home/runner/work/key/key/key.core/build/resources/test/logback.xml]
17:28:43,327 |-INFO in ch.qos.logback.classic.joran.action.ConfigurationAction - debug attribute not set
17:28:43,330 |-INFO in ch.qos.logback.core.joran.action.AppenderAction - About to instantiate appender of type [ch.qos.logback.core.ConsoleAppender]
17:28:43,343 |-INFO in ch.qos.logback.core.joran.action.AppenderAction - Naming appender as [STDOUT]
17:28:43,350 |-ERROR in ch.qos.logback.core.joran.spi.Interpreter@3:15 - no applicable action for [file], current ElementPath  is [[configuration][appender][file]]
17:28:43,350 |-ERROR in ch.qos.logback.core.joran.spi.Interpreter@4:17 - no applicable action for [append], current ElementPath  is [[configuration][appender][append]]
17:28:43,351 |-INFO in ch.qos.logback.core.joran.action.NestedComplexPropertyIA - Assuming default type [ch.qos.logback.classic.encoder.PatternLayoutEncoder] for [encoder] property
17:28:43,370 |-INFO in ch.qos.logback.classic.joran.action.RootLoggerAction - Setting level of ROOT logger to WARN
17:28:43,370 |-INFO in ch.qos.logback.core.joran.action.AppenderRefAction - Attaching appender named [STDOUT] to Logger[ROOT]
17:28:43,370 |-INFO in ch.qos.logback.classic.joran.action.ConfigurationAction - End of configuration.
17:28:43,372 |-INFO in ch.qos.logback.classic.joran.JoranConfigurator@2f177a4b - Registering current configuration as safe fallback point

380        WARN  main            d.u.i.k.s.ProofSettings   No proof-settings could be loaded, using defaults java.io.FileNotFoundException: /home/runner/.key/proof-settings.props (No such file or directory)
	at java.base/java.io.FileInputStream.open0(Native Method)

Running test BlockContracts_nomacro
17:28:44,147 |-INFO in ch.qos.logback.classic.LoggerContext[default] - Could NOT find resource [logback-test.xml]
17:28:44,148 |-INFO in ch.qos.logback.classic.LoggerContext[default] - Found resource [logback.xml] at [file:/home/runner/work/key/key/key.core/build/resources/test/logback.xml]
17:28:44,264 |-INFO in ch.qos.logback.classic.joran.action.ConfigurationAction - debug attribute not set
17:28:44,264 |-INFO in ch.qos.logback.core.joran.action.AppenderAction - About to instantiate appender of type [ch.qos.logback.core.ConsoleAppender]
17:28:44,274 |-INFO in ch.qos.logback.core.joran.action.AppenderAction - Naming appender as [STDOUT]
17:28:44,278 |-ERROR in ch.qos.logback.core.joran.spi.Interpreter@3:15 - no applicable action for [file], current ElementPath  is [[configuration][appender][file]]
17:28:44,278 |-ERROR in ch.qos.logback.core.joran.spi.Interpreter@4:17 - no applicable action for [append], current ElementPath  is [[configuration][appender][append]]
17:28:44,279 |-INFO in ch.qos.logback.core.joran.action.NestedComplexPropertyIA - Assuming default type [ch.qos.logback.classic.encoder.PatternLayoutEncoder] for [encoder] property
17:28:44,306 |-INFO in ch.qos.logback.classic.joran.action.RootLoggerAction - Setting level of ROOT logger to WARN
17:28:44,306 |-INFO in ch.qos.logback.core.joran.action.AppenderRefAction - Attaching appender named [STDOUT] to Logger[ROOT]
17:28:44,306 |-INFO in ch.qos.logback.classic.joran.action.ConfigurationAction - End of configuration.
17:28:44,308 |-INFO in ch.qos.logback.classic.joran.JoranConfigurator@29176cc1 - Registering current configuration as safe fallback point

296        WARN  main            d.u.i.k.s.ProofSettings   No proof-settings could be loaded, using defaults java.io.FileNotFoundException: /home/runner/.key/proof-settings.props (No such file or directory)
	at java.base/java.io.FileInputStream.open0(Native Method)

Running test MethodContracts_nomacro
17:28:45,180 |-INFO in ch.qos.logback.classic.LoggerContext[default] - Could NOT find resource [logback-test.xml]
17:28:45,181 |-INFO in ch.qos.logback.classic.LoggerContext[default] - Found resource [logback.xml] at [file:/home/runner/work/key/key/key.core/build/resources/test/logback.xml]
17:28:45,288 |-INFO in ch.qos.logback.classic.joran.action.ConfigurationAction - debug attribute not set
17:28:45,289 |-INFO in ch.qos.logback.core.joran.action.AppenderAction - About to instantiate appender of type [ch.qos.logback.core.ConsoleAppender]
17:28:45,300 |-INFO in ch.qos.logback.core.joran.action.AppenderAction - Naming appender as [STDOUT]
17:28:45,307 |-ERROR in ch.qos.logback.core.joran.spi.Interpreter@3:15 - no applicable action for [file], current ElementPath  is [[configuration][appender][file]]
17:28:45,307 |-ERROR in ch.qos.logback.core.joran.spi.Interpreter@4:17 - no applicable action for [append], current ElementPath  is [[configuration][appender][append]]
17:28:45,308 |-INFO in ch.qos.logback.core.joran.action.NestedComplexPropertyIA - Assuming default type [ch.qos.logback.classic.encoder.PatternLayoutEncoder] for [encoder] property
17:28:45,330 |-INFO in ch.qos.logback.classic.joran.action.RootLoggerAction - Setting level of ROOT logger to WARN
17:28:45,330 |-INFO in ch.qos.logback.core.joran.action.AppenderRefAction - Attaching appender named [STDOUT] to Logger[ROOT]
17:28:45,330 |-INFO in ch.qos.logback.classic.joran.action.ConfigurationAction - End of configuration.
17:28:45,332 |-INFO in ch.qos.logback.classic.joran.JoranConfigurator@2f177a4b - Registering current configuration as safe fallback point

293        WARN  main            d.u.i.k.s.ProofSettings   No proof-settings could be loaded, using defaults java.io.FileNotFoundException: /home/runner/.key/proof-settings.props (No such file or directory)
	at java.base/java.io.FileInputStream.open0(Native Method)

Running test LoopInvariants_nomacro
17:28:46,288 |-INFO in ch.qos.logback.classic.LoggerContext[default] - Could NOT find resource [logback-test.xml]
17:28:46,293 |-INFO in ch.qos.logback.classic.LoggerContext[default] - Found resource [logback.xml] at [file:/home/runner/work/key/key/key.core/build/resources/test/logback.xml]
17:28:46,394 |-INFO in ch.qos.logback.classic.joran.action.ConfigurationAction - debug attribute not set
17:28:46,395 |-INFO in ch.qos.logback.core.joran.action.AppenderAction - About to instantiate appender of type [ch.qos.logback.core.ConsoleAppender]
17:28:46,407 |-INFO in ch.qos.logback.core.joran.action.AppenderAction - Naming appender as [STDOUT]
17:28:46,411 |-ERROR in ch.qos.logback.core.joran.spi.Interpreter@3:15 - no applicable action for [file], current ElementPath  is [[configuration][appender][file]]
17:28:46,411 |-ERROR in ch.qos.logback.core.joran.spi.Interpreter@4:17 - no applicable action for [append], current ElementPath  is [[configuration][appender][append]]
17:28:46,413 |-INFO in ch.qos.logback.core.joran.action.NestedComplexPropertyIA - Assuming default type [ch.qos.logback.classic.encoder.PatternLayoutEncoder] for [encoder] property
17:28:46,433 |-INFO in ch.qos.logback.classic.joran.action.RootLoggerAction - Setting level of ROOT logger to WARN
17:28:46,433 |-INFO in ch.qos.logback.core.joran.action.AppenderRefAction - Attaching appender named [STDOUT] to Logger[ROOT]
17:28:46,434 |-INFO in ch.qos.logback.classic.joran.action.ConfigurationAction - End of configuration.
17:28:46,435 |-INFO in ch.qos.logback.classic.joran.JoranConfigurator@29176cc1 - Registering current configuration as safe fallback point

296        WARN  main            d.u.i.k.s.ProofSettings   No proof-settings could be loaded, using defaults java.io.FileNotFoundException: /home/runner/.key/proof-settings.props (No such file or directory)
	at java.base/java.io.FileInputStream.open0(Native Method)

Running test MiniExamples_nomacro
17:28:47,319 |-INFO in ch.qos.logback.classic.LoggerContext[default] - Could NOT find resource [logback-test.xml]
17:28:47,320 |-INFO in ch.qos.logback.classic.LoggerContext[default] - Found resource [logback.xml] at [file:/home/runner/work/key/key/key.core/build/resources/test/logback.xml]
17:28:47,525 |-INFO in ch.qos.logback.classic.joran.action.ConfigurationAction - debug attribute not set
17:28:47,526 |-INFO in ch.qos.logback.core.joran.action.AppenderAction - About to instantiate appender of type [ch.qos.logback.core.ConsoleAppender]
17:28:47,549 |-INFO in ch.qos.logback.core.joran.action.AppenderAction - Naming appender as [STDOUT]
17:28:47,554 |-ERROR in ch.qos.logback.core.joran.spi.Interpreter@3:15 - no applicable action for [file], current ElementPath  is [[configuration][appender][file]]
17:28:47,555 |-ERROR in ch.qos.logback.core.joran.spi.Interpreter@4:17 - no applicable action for [append], current ElementPath  is [[configuration][appender][append]]
17:28:47,556 |-INFO in ch.qos.logback.core.joran.action.NestedComplexPropertyIA - Assuming default type [ch.qos.logback.classic.encoder.PatternLayoutEncoder] for [encoder] property
17:28:47,574 |-INFO in ch.qos.logback.classic.joran.action.RootLoggerAction - Setting level of ROOT logger to WARN
17:28:47,574 |-INFO in ch.qos.logback.core.joran.action.AppenderRefAction - Attaching appender named [STDOUT] to Logger[ROOT]
17:28:47,575 |-INFO in ch.qos.logback.classic.joran.action.ConfigurationAction - End of configuration.
17:28:47,576 |-INFO in ch.qos.logback.classic.joran.JoranConfigurator@29176cc1 - Registering current configuration as safe fallback point

497        WARN  main            d.u.i.k.s.ProofSettings   No proof-settings could be loaded, using defaults java.io.FileNotFoundException: /home/runner/.key/proof-settings.props (No such file or directory)
	at java.base/java.io.FileInputStream.open0(Native Method)

Running test NewObjects_nomacro
17:28:49,188 |-INFO in ch.qos.logback.classic.LoggerContext[default] - Could NOT find resource [logback-test.xml]
17:28:49,190 |-INFO in ch.qos.logback.classic.LoggerContext[default] - Found resource [logback.xml] at [file:/home/runner/work/key/key/key.core/build/resources/test/logback.xml]
17:28:49,413 |-INFO in ch.qos.logback.classic.joran.action.ConfigurationAction - debug attribute not set
17:28:49,414 |-INFO in ch.qos.logback.core.joran.action.AppenderAction - About to instantiate appender of type [ch.qos.logback.core.ConsoleAppender]
17:28:49,437 |-INFO in ch.qos.logback.core.joran.action.AppenderAction - Naming appender as [STDOUT]
17:28:49,450 |-ERROR in ch.qos.logback.core.joran.spi.Interpreter@3:15 - no applicable action for [file], current ElementPath  is [[configuration][appender][file]]
17:28:49,451 |-ERROR in ch.qos.logback.core.joran.spi.Interpreter@4:17 - no applicable action for [append], current ElementPath  is [[configuration][appender][append]]
17:28:49,454 |-INFO in ch.qos.logback.core.joran.action.NestedComplexPropertyIA - Assuming default type [ch.qos.logback.classic.encoder.PatternLayoutEncoder] for [encoder] property
17:28:49,505 |-INFO in ch.qos.logback.classic.joran.action.RootLoggerAction - Setting level of ROOT logger to WARN
17:28:49,506 |-INFO in ch.qos.logback.core.joran.action.AppenderRefAction - Attaching appender named [STDOUT] to Logger[ROOT]
17:28:49,507 |-INFO in ch.qos.logback.classic.joran.action.ConfigurationAction - End of configuration.
17:28:49,511 |-INFO in ch.qos.logback.classic.joran.JoranConfigurator@29176cc1 - Registering current configuration as safe fallback point

581        WARN  main            d.u.i.k.s.ProofSettings   No proof-settings could be loaded, using defaults java.io.FileNotFoundException: /home/runner/.key/proof-settings.props (No such file or directory)
	at java.base/java.io.FileInputStream.open0(Native Method)

Running test SimpleEvoting_nomacro
17:28:50,946 |-INFO in ch.qos.logback.classic.LoggerContext[default] - Could NOT find resource [logback-test.xml]
17:28:50,948 |-INFO in ch.qos.logback.classic.LoggerContext[default] - Found resource [logback.xml] at [file:/home/runner/work/key/key/key.core/build/resources/test/logback.xml]
17:28:51,169 |-INFO in ch.qos.logback.classic.joran.action.ConfigurationAction - debug attribute not set
17:28:51,170 |-INFO in ch.qos.logback.core.joran.action.AppenderAction - About to instantiate appender of type [ch.qos.logback.core.ConsoleAppender]
17:28:51,189 |-INFO in ch.qos.logback.core.joran.action.AppenderAction - Naming appender as [STDOUT]
17:28:51,202 |-ERROR in ch.qos.logback.core.joran.spi.Interpreter@3:15 - no applicable action for [file], current ElementPath  is [[configuration][appender][file]]
17:28:51,203 |-ERROR in ch.qos.logback.core.joran.spi.Interpreter@4:17 - no applicable action for [append], current ElementPath  is [[configuration][appender][append]]
17:28:51,206 |-INFO in ch.qos.logback.core.joran.action.NestedComplexPropertyIA - Assuming default type [ch.qos.logback.classic.encoder.PatternLayoutEncoder] for [encoder] property
17:28:51,258 |-INFO in ch.qos.logback.classic.joran.action.RootLoggerAction - Setting level of ROOT logger to WARN
17:28:51,259 |-INFO in ch.qos.logback.core.joran.action.AppenderRefAction - Attaching appender named [STDOUT] to Logger[ROOT]
17:28:51,259 |-INFO in ch.qos.logback.classic.joran.action.ConfigurationAction - End of configuration.
17:28:51,264 |-INFO in ch.qos.logback.classic.joran.JoranConfigurator@29176cc1 - Registering current configuration as safe fallback point

584        WARN  main            d.u.i.k.s.ProofSettings   No proof-settings could be loaded, using defaults java.io.FileNotFoundException: /home/runner/.key/proof-settings.props (No such file or directory)
	at java.base/java.io.FileInputStream.open0(Native Method)

Running test ToyVoting_fullmacro
17:28:52,547 |-INFO in ch.qos.logback.classic.LoggerContext[default] - Could NOT find resource [logback-test.xml]
17:28:52,548 |-INFO in ch.qos.logback.classic.LoggerContext[default] - Found resource [logback.xml] at [file:/home/runner/work/key/key/key.core/build/resources/test/logback.xml]
17:28:52,659 |-INFO in ch.qos.logback.classic.joran.action.ConfigurationAction - debug attribute not set
17:28:52,660 |-INFO in ch.qos.logback.core.joran.action.AppenderAction - About to instantiate appender of type [ch.qos.logback.core.ConsoleAppender]
17:28:52,671 |-INFO in ch.qos.logback.core.joran.action.AppenderAction - Naming appender as [STDOUT]
17:28:52,675 |-ERROR in ch.qos.logback.core.joran.spi.Interpreter@3:15 - no applicable action for [file], current ElementPath  is [[configuration][appender][file]]
17:28:52,676 |-ERROR in ch.qos.logback.core.joran.spi.Interpreter@4:17 - no applicable action for [append], current ElementPath  is [[configuration][appender][append]]
17:28:52,677 |-INFO in ch.qos.logback.core.joran.action.NestedComplexPropertyIA - Assuming default type [ch.qos.logback.classic.encoder.PatternLayoutEncoder] for [encoder] property
17:28:52,697 |-INFO in ch.qos.logback.classic.joran.action.RootLoggerAction - Setting level of ROOT logger to WARN
17:28:52,697 |-INFO in ch.qos.logback.core.joran.action.AppenderRefAction - Attaching appender named [STDOUT] to Logger[ROOT]
17:28:52,698 |-INFO in ch.qos.logback.classic.joran.action.ConfigurationAction - End of configuration.
17:28:52,699 |-INFO in ch.qos.logback.classic.joran.JoranConfigurator@29176cc1 - Registering current configuration as safe fallback point

307        WARN  main            d.u.i.k.s.ProofSettings   No proof-settings could be loaded, using defaults java.io.FileNotFoundException: /home/runner/.key/proof-settings.props (No such file or directory)
	at java.base/java.io.FileInputStream.open0(Native Method)

Running test SumExample_fullmacro
17:28:53,450 |-INFO in ch.qos.logback.classic.LoggerContext[default] - Could NOT find resource [logback-test.xml]
17:28:53,451 |-INFO in ch.qos.logback.classic.LoggerContext[default] - Found resource [logback.xml] at [file:/home/runner/work/key/key/key.core/build/resources/test/logback.xml]
17:28:53,571 |-INFO in ch.qos.logback.classic.joran.action.ConfigurationAction - debug attribute not set
17:28:53,572 |-INFO in ch.qos.logback.core.joran.action.AppenderAction - About to instantiate appender of type [ch.qos.logback.core.ConsoleAppender]
17:28:53,583 |-INFO in ch.qos.logback.core.joran.action.AppenderAction - Naming appender as [STDOUT]
17:28:53,587 |-ERROR in ch.qos.logback.core.joran.spi.Interpreter@3:15 - no applicable action for [file], current ElementPath  is [[configuration][appender][file]]
17:28:53,587 |-ERROR in ch.qos.logback.core.joran.spi.Interpreter@4:17 - no applicable action for [append], current ElementPath  is [[configuration][appender][append]]
17:28:53,588 |-INFO in ch.qos.logback.core.joran.action.NestedComplexPropertyIA - Assuming default type [ch.qos.logback.classic.encoder.PatternLayoutEncoder] for [encoder] property
17:28:53,609 |-INFO in ch.qos.logback.classic.joran.action.RootLoggerAction - Setting level of ROOT logger to WARN
17:28:53,609 |-INFO in ch.qos.logback.core.joran.action.AppenderRefAction - Attaching appender named [STDOUT] to Logger[ROOT]
17:28:53,609 |-INFO in ch.qos.logback.classic.joran.action.ConfigurationAction - End of configuration.
17:28:53,611 |-INFO in ch.qos.logback.classic.joran.JoranConfigurator@29176cc1 - Registering current configuration as safe fallback point

303        WARN  main            d.u.i.k.s.ProofSettings   No proof-settings could be loaded, using defaults java.io.FileNotFoundException: /home/runner/.key/proof-settings.props (No such file or directory)
	at java.base/java.io.FileInputStream.open0(Native Method)

Running test ToyBanking_fullmacro
17:28:54,293 |-INFO in ch.qos.logback.classic.LoggerContext[default] - Could NOT find resource [logback-test.xml]
17:28:54,294 |-INFO in ch.qos.logback.classic.LoggerContext[default] - Found resource [logback.xml] at [file:/home/runner/work/key/key/key.core/build/resources/test/logback.xml]
17:28:54,392 |-INFO in ch.qos.logback.classic.joran.action.ConfigurationAction - debug attribute not set
17:28:54,393 |-INFO in ch.qos.logback.core.joran.action.AppenderAction - About to instantiate appender of type [ch.qos.logback.core.ConsoleAppender]
17:28:54,404 |-INFO in ch.qos.logback.core.joran.action.AppenderAction - Naming appender as [STDOUT]
17:28:54,411 |-ERROR in ch.qos.logback.core.joran.spi.Interpreter@3:15 - no applicable action for [file], current ElementPath  is [[configuration][appender][file]]
17:28:54,411 |-ERROR in ch.qos.logback.core.joran.spi.Interpreter@4:17 - no applicable action for [append], current ElementPath  is [[configuration][appender][append]]
17:28:54,412 |-INFO in ch.qos.logback.core.joran.action.NestedComplexPropertyIA - Assuming default type [ch.qos.logback.classic.encoder.PatternLayoutEncoder] for [encoder] property
17:28:54,455 |-INFO in ch.qos.logback.classic.joran.action.RootLoggerAction - Setting level of ROOT logger to WARN
17:28:54,455 |-INFO in ch.qos.logback.core.joran.action.AppenderRefAction - Attaching appender named [STDOUT] to Logger[ROOT]
17:28:54,455 |-INFO in ch.qos.logback.classic.joran.action.ConfigurationAction - End of configuration.
17:28:54,457 |-INFO in ch.qos.logback.classic.joran.JoranConfigurator@2f177a4b - Registering current configuration as safe fallback point

304        WARN  main            d.u.i.k.s.ProofSettings   No proof-settings could be loaded, using defaults java.io.FileNotFoundException: /home/runner/.key/proof-settings.props (No such file or directory)
	at java.base/java.io.FileInputStream.open0(Native Method)

Running test BlockContracts_fullmacro
17:28:55,269 |-INFO in ch.qos.logback.classic.LoggerContext[default] - Could NOT find resource [logback-test.xml]
17:28:55,270 |-INFO in ch.qos.logback.classic.LoggerContext[default] - Found resource [logback.xml] at [file:/home/runner/work/key/key/key.core/build/resources/test/logback.xml]
17:28:55,377 |-INFO in ch.qos.logback.classic.joran.action.ConfigurationAction - debug attribute not set
17:28:55,378 |-INFO in ch.qos.logback.core.joran.action.AppenderAction - About to instantiate appender of type [ch.qos.logback.core.ConsoleAppender]
17:28:55,389 |-INFO in ch.qos.logback.core.joran.action.AppenderAction - Naming appender as [STDOUT]
17:28:55,394 |-ERROR in ch.qos.logback.core.joran.spi.Interpreter@3:15 - no applicable action for [file], current ElementPath  is [[configuration][appender][file]]
17:28:55,394 |-ERROR in ch.qos.logback.core.joran.spi.Interpreter@4:17 - no applicable action for [append], current ElementPath  is [[configuration][appender][append]]
17:28:55,395 |-INFO in ch.qos.logback.core.joran.action.NestedComplexPropertyIA - Assuming default type [ch.qos.logback.classic.encoder.PatternLayoutEncoder] for [encoder] property
17:28:55,416 |-INFO in ch.qos.logback.classic.joran.action.RootLoggerAction - Setting level of ROOT logger to WARN
17:28:55,416 |-INFO in ch.qos.logback.core.joran.action.AppenderRefAction - Attaching appender named [STDOUT] to Logger[ROOT]
17:28:55,416 |-INFO in ch.qos.logback.classic.joran.action.ConfigurationAction - End of configuration.
17:28:55,418 |-INFO in ch.qos.logback.classic.joran.JoranConfigurator@2f177a4b - Registering current configuration as safe fallback point

287        WARN  main            d.u.i.k.s.ProofSettings   No proof-settings could be loaded, using defaults java.io.FileNotFoundException: /home/runner/.key/proof-settings.props (No such file or directory)
	at java.base/java.io.FileInputStream.open0(Native Method)

Running test MethodContracts_fullmacro
17:28:56,222 |-INFO in ch.qos.logback.classic.LoggerContext[default] - Could NOT find resource [logback-test.xml]
17:28:56,223 |-INFO in ch.qos.logback.classic.LoggerContext[default] - Found resource [logback.xml] at [file:/home/runner/work/key/key/key.core/build/resources/test/logback.xml]
17:28:56,317 |-INFO in ch.qos.logback.classic.joran.action.ConfigurationAction - debug attribute not set
17:28:56,317 |-INFO in ch.qos.logback.core.joran.action.AppenderAction - About to instantiate appender of type [ch.qos.logback.core.ConsoleAppender]
17:28:56,332 |-INFO in ch.qos.logback.core.joran.action.AppenderAction - Naming appender as [STDOUT]
17:28:56,337 |-ERROR in ch.qos.logback.core.joran.spi.Interpreter@3:15 - no applicable action for [file], current ElementPath  is [[configuration][appender][file]]
17:28:56,337 |-ERROR in ch.qos.logback.core.joran.spi.Interpreter@4:17 - no applicable action for [append], current ElementPath  is [[configuration][appender][append]]
17:28:56,338 |-INFO in ch.qos.logback.core.joran.action.NestedComplexPropertyIA - Assuming default type [ch.qos.logback.classic.encoder.PatternLayoutEncoder] for [encoder] property
17:28:56,361 |-INFO in ch.qos.logback.classic.joran.action.RootLoggerAction - Setting level of ROOT logger to WARN
17:28:56,361 |-INFO in ch.qos.logback.core.joran.action.AppenderRefAction - Attaching appender named [STDOUT] to Logger[ROOT]
17:28:56,362 |-INFO in ch.qos.logback.classic.joran.action.ConfigurationAction - End of configuration.
17:28:56,363 |-INFO in ch.qos.logback.classic.joran.JoranConfigurator@29176cc1 - Registering current configuration as safe fallback point

274        WARN  main            d.u.i.k.s.ProofSettings   No proof-settings could be loaded, using defaults java.io.FileNotFoundException: /home/runner/.key/proof-settings.props (No such file or directory)
	at java.base/java.io.FileInputStream.open0(Native Method)

Running test InformationFlow_fullmacro
17:28:57,290 |-INFO in ch.qos.logback.classic.LoggerContext[default] - Could NOT find resource [logback-test.xml]
17:28:57,290 |-INFO in ch.qos.logback.classic.LoggerContext[default] - Found resource [logback.xml] at [file:/home/runner/work/key/key/key.core/build/resources/test/logback.xml]
17:28:57,386 |-INFO in ch.qos.logback.classic.joran.action.ConfigurationAction - debug attribute not set
17:28:57,387 |-INFO in ch.qos.logback.core.joran.action.AppenderAction - About to instantiate appender of type [ch.qos.logback.core.ConsoleAppender]
17:28:57,396 |-INFO in ch.qos.logback.core.joran.action.AppenderAction - Naming appender as [STDOUT]
17:28:57,407 |-ERROR in ch.qos.logback.core.joran.spi.Interpreter@3:15 - no applicable action for [file], current ElementPath  is [[configuration][appender][file]]
17:28:57,407 |-ERROR in ch.qos.logback.core.joran.spi.Interpreter@4:17 - no applicable action for [append], current ElementPath  is [[configuration][appender][append]]
17:28:57,410 |-INFO in ch.qos.logback.core.joran.action.NestedComplexPropertyIA - Assuming default type [ch.qos.logback.classic.encoder.PatternLayoutEncoder] for [encoder] property
17:28:57,452 |-INFO in ch.qos.logback.classic.joran.action.RootLoggerAction - Setting level of ROOT logger to WARN
17:28:57,452 |-INFO in ch.qos.logback.core.joran.action.AppenderRefAction - Attaching appender named [STDOUT] to Logger[ROOT]
17:28:57,453 |-INFO in ch.qos.logback.classic.joran.action.ConfigurationAction - End of configuration.
17:28:57,454 |-INFO in ch.qos.logback.classic.joran.JoranConfigurator@29176cc1 - Registering current configuration as safe fallback point

291        WARN  main            d.u.i.k.s.ProofSettings   No proof-settings could be loaded, using defaults java.io.FileNotFoundException: /home/runner/.key/proof-settings.props (No such file or directory)
	at java.base/java.io.FileInputStream.open0(Native Method)

Running test MiniExamples_fullmacro
17:28:58,243 |-INFO in ch.qos.logback.classic.LoggerContext[default] - Could NOT find resource [logback-test.xml]
17:28:58,244 |-INFO in ch.qos.logback.classic.LoggerContext[default] - Found resource [logback.xml] at [file:/home/runner/work/key/key/key.core/build/resources/test/logback.xml]
17:28:58,341 |-INFO in ch.qos.logback.classic.joran.action.ConfigurationAction - debug attribute not set
17:28:58,341 |-INFO in ch.qos.logback.core.joran.action.AppenderAction - About to instantiate appender of type [ch.qos.logback.core.ConsoleAppender]
17:28:58,353 |-INFO in ch.qos.logback.core.joran.action.AppenderAction - Naming appender as [STDOUT]
17:28:58,358 |-ERROR in ch.qos.logback.core.joran.spi.Interpreter@3:15 - no applicable action for [file], current ElementPath  is [[configuration][appender][file]]
17:28:58,358 |-ERROR in ch.qos.logback.core.joran.spi.Interpreter@4:17 - no applicable action for [append], current ElementPath  is [[configuration][appender][append]]
17:28:58,359 |-INFO in ch.qos.logback.core.joran.action.NestedComplexPropertyIA - Assuming default type [ch.qos.logback.classic.encoder.PatternLayoutEncoder] for [encoder] property
17:28:58,380 |-INFO in ch.qos.logback.classic.joran.action.RootLoggerAction - Setting level of ROOT logger to WARN
17:28:58,380 |-INFO in ch.qos.logback.core.joran.action.AppenderRefAction - Attaching appender named [STDOUT] to Logger[ROOT]
17:28:58,380 |-INFO in ch.qos.logback.classic.joran.action.ConfigurationAction - End of configuration.
17:28:58,382 |-INFO in ch.qos.logback.classic.joran.JoranConfigurator@29176cc1 - Registering current configuration as safe fallback point

277        WARN  main            d.u.i.k.s.ProofSettings   No proof-settings could be loaded, using defaults java.io.FileNotFoundException: /home/runner/.key/proof-settings.props (No such file or directory)
	at java.base/java.io.FileInputStream.open0(Native Method)

Running test NewObjects_fullmacro
17:28:59,297 |-INFO in ch.qos.logback.classic.LoggerContext[default] - Could NOT find resource [logback-test.xml]
17:28:59,298 |-INFO in ch.qos.logback.classic.LoggerContext[default] - Found resource [logback.xml] at [file:/home/runner/work/key/key/key.core/build/resources/test/logback.xml]
17:28:59,397 |-INFO in ch.qos.logback.classic.joran.action.ConfigurationAction - debug attribute not set
17:28:59,397 |-INFO in ch.qos.logback.core.joran.action.AppenderAction - About to instantiate appender of type [ch.qos.logback.core.ConsoleAppender]
17:28:59,415 |-INFO in ch.qos.logback.core.joran.action.AppenderAction - Naming appender as [STDOUT]
17:28:59,422 |-ERROR in ch.qos.logback.core.joran.spi.Interpreter@3:15 - no applicable action for [file], current ElementPath  is [[configuration][appender][file]]
17:28:59,423 |-ERROR in ch.qos.logback.core.joran.spi.Interpreter@4:17 - no applicable action for [append], current ElementPath  is [[configuration][appender][append]]
17:28:59,424 |-INFO in ch.qos.logback.core.joran.action.NestedComplexPropertyIA - Assuming default type [ch.qos.logback.classic.encoder.PatternLayoutEncoder] for [encoder] property
17:28:59,445 |-INFO in ch.qos.logback.classic.joran.action.RootLoggerAction - Setting level of ROOT logger to WARN
17:28:59,445 |-INFO in ch.qos.logback.core.joran.action.AppenderRefAction - Attaching appender named [STDOUT] to Logger[ROOT]
17:28:59,446 |-INFO in ch.qos.logback.classic.joran.action.ConfigurationAction - End of configuration.
17:28:59,447 |-INFO in ch.qos.logback.classic.joran.JoranConfigurator@29176cc1 - Registering current configuration as safe fallback point

277        WARN  main            d.u.i.k.s.ProofSettings   No proof-settings could be loaded, using defaults java.io.FileNotFoundException: /home/runner/.key/proof-settings.props (No such file or directory)
	at java.base/java.io.FileInputStream.open0(Native Method)

Running test SimpleEvoting_fullmacro
17:29:00,281 |-INFO in ch.qos.logback.classic.LoggerContext[default] - Could NOT find resource [logback-test.xml]
17:29:00,282 |-INFO in ch.qos.logback.classic.LoggerContext[default] - Found resource [logback.xml] at [file:/home/runner/work/key/key/key.core/build/resources/test/logback.xml]
17:29:00,388 |-INFO in ch.qos.logback.classic.joran.action.ConfigurationAction - debug attribute not set
17:29:00,388 |-INFO in ch.qos.logback.core.joran.action.AppenderAction - About to instantiate appender of type [ch.qos.logback.core.ConsoleAppender]
17:29:00,404 |-INFO in ch.qos.logback.core.joran.action.AppenderAction - Naming appender as [STDOUT]
17:29:00,408 |-ERROR in ch.qos.logback.core.joran.spi.Interpreter@3:15 - no applicable action for [file], current ElementPath  is [[configuration][appender][file]]
17:29:00,408 |-ERROR in ch.qos.logback.core.joran.spi.Interpreter@4:17 - no applicable action for [append], current ElementPath  is [[configuration][appender][append]]
17:29:00,410 |-INFO in ch.qos.logback.core.joran.action.NestedComplexPropertyIA - Assuming default type [ch.qos.logback.classic.encoder.PatternLayoutEncoder] for [encoder] property
17:29:00,430 |-INFO in ch.qos.logback.classic.joran.action.RootLoggerAction - Setting level of ROOT logger to WARN
17:29:00,430 |-INFO in ch.qos.logback.core.joran.action.AppenderRefAction - Attaching appender named [STDOUT] to Logger[ROOT]
17:29:00,430 |-INFO in ch.qos.logback.classic.joran.action.ConfigurationAction - End of configuration.
17:29:00,432 |-INFO in ch.qos.logback.classic.joran.JoranConfigurator@29176cc1 - Registering current configuration as safe fallback point

293        WARN  main            d.u.i.k.s.ProofSettings   No proof-settings could be loaded, using defaults java.io.FileNotFoundException: /home/runner/.key/proof-settings.props (No such file or directory)
	at java.base/java.io.FileInputStream.open0(Native Method)

]]></system-out>
  <system-err><![CDATA[Timeout watcher launched (1000 secs.)
Could not find rule file rules/intRulesCheckedSemantics.key (file: /home/runner/work/key/key/key.core/../key.ui/examples/index/../InformationFlow/ToyVoting/Voter(Voter__insecure_voting()).JML normal_behavior operation contract.0.key; caused by: de.uka.ilkd.key.proof.init.ProofInputException: Could not find rule file rules/intRulesCheckedSemantics.key)
	at de.uka.ilkd.key.control.AbstractUserInterfaceControl.load(AbstractUserInterfaceControl.java:221)
	at de.uka.ilkd.key.control.KeYEnvironment.load(KeYEnvironment.java:251)
	at de.uka.ilkd.key.control.KeYEnvironment.load(KeYEnvironment.java:224)
	at de.uka.ilkd.key.control.KeYEnvironment.load(KeYEnvironment.java:184)
	at de.uka.ilkd.key.control.KeYEnvironment.load(KeYEnvironment.java:261)
	at de.uka.ilkd.key.proof.runallproofs.proofcollection.TestFile.load(TestFile.java:270)
	at de.uka.ilkd.key.proof.runallproofs.proofcollection.TestFile.runKey(TestFile.java:160)
	at de.uka.ilkd.key.proof.runallproofs.proofcollection.ForkedTestFileRunner.main(ForkedTestFileRunner.java:171)
Caused by: de.uka.ilkd.key.proof.init.ProofInputException: Could not find rule file rules/intRulesCheckedSemantics.key
	at de.uka.ilkd.key.proof.io.KeYFile.readIncludes(KeYFile.java:210)
	at de.uka.ilkd.key.proof.init.ProblemInitializer.readIncludes(ProblemInitializer.java:177)
	at de.uka.ilkd.key.proof.init.ProblemInitializer.readEnvInput(ProblemInitializer.java:325)
	at de.uka.ilkd.key.proof.init.ProblemInitializer.prepare(ProblemInitializer.java:449)
	at de.uka.ilkd.key.proof.io.AbstractProblemLoader.createInitConfig(AbstractProblemLoader.java:518)
	at de.uka.ilkd.key.proof.io.AbstractProblemLoader.loadEnvironment(AbstractProblemLoader.java:288)
	at de.uka.ilkd.key.proof.io.AbstractProblemLoader.load(AbstractProblemLoader.java:252)
	at de.uka.ilkd.key.control.AbstractUserInterfaceControl.load(AbstractUserInterfaceControl.java:209)
	... 7 more
Caused by: java.lang.RuntimeException: Could not find rule file rules/intRulesCheckedSemantics.key
	at de.uka.ilkd.key.proof.io.RuleSourceFactory.fromBuiltInRule(RuleSourceFactory.java:32)
	at de.uka.ilkd.key.proof.io.RuleSourceFactory.fromDefaultLocation(RuleSourceFactory.java:21)
	at de.uka.ilkd.key.nparser.builder.IncludeFinder.addInclude(IncludeFinder.java:63)
	at de.uka.ilkd.key.nparser.builder.IncludeFinder.visitOne_include(IncludeFinder.java:43)
	at de.uka.ilkd.key.nparser.builder.IncludeFinder.visitOne_include(IncludeFinder.java:20)
	at de.uka.ilkd.key.nparser.KeYParser$One_includeContext.accept(KeYParser.java:878)
	at de.uka.ilkd.key.nparser.builder.AbstractBuilder.lambda$mapOf$0(AbstractBuilder.java:112)
	at java.base/java.util.stream.ReferencePipeline$3$1.accept(ReferencePipeline.java:195)
	at java.base/java.util.ArrayList$ArrayListSpliterator.forEachRemaining(ArrayList.java:1655)
	at java.base/java.util.stream.AbstractPipeline.copyInto(AbstractPipeline.java:484)
	at java.base/java.util.stream.AbstractPipeline.wrapAndCopyInto(AbstractPipeline.java:474)
	at java.base/java.util.stream.ReduceOps$ReduceOp.evaluateSequential(ReduceOps.java:913)
	at java.base/java.util.stream.AbstractPipeline.evaluate(AbstractPipeline.java:234)
	at java.base/java.util.stream.ReferencePipeline.collect(ReferencePipeline.java:578)
	at de.uka.ilkd.key.nparser.builder.AbstractBuilder.mapOf(AbstractBuilder.java:112)
	at de.uka.ilkd.key.nparser.builder.IncludeFinder.visitOne_include_statement(IncludeFinder.java:35)
	at de.uka.ilkd.key.nparser.builder.IncludeFinder.visitOne_include_statement(IncludeFinder.java:20)
	at de.uka.ilkd.key.nparser.KeYParser$One_include_statementContext.accept(KeYParser.java:802)
	at org.antlr.v4.runtime.tree.AbstractParseTreeVisitor.visitChildren(AbstractParseTreeVisitor.java:46)
	at de.uka.ilkd.key.nparser.KeYParserBaseVisitor.visitDecls(KeYParserBaseVisitor.java:30)
	at de.uka.ilkd.key.nparser.KeYParser$DeclsContext.accept(KeYParser.java:500)
	at org.antlr.v4.runtime.tree.AbstractParseTreeVisitor.visitChildren(AbstractParseTreeVisitor.java:46)
	at de.uka.ilkd.key.nparser.KeYParserBaseVisitor.visitFile(KeYParserBaseVisitor.java:23)
	at de.uka.ilkd.key.nparser.KeYParser$FileContext.accept(KeYParser.java:306)
	at de.uka.ilkd.key.nparser.KeyAst.accept(KeyAst.java:41)
	at de.uka.ilkd.key.nparser.KeyAst$File.getIncludes(KeyAst.java:76)
	at de.uka.ilkd.key.proof.io.KeYFile.readIncludes(KeYFile.java:208)
	... 14 more
Could not find rule file rules/intRulesCheckedSemantics.key (file: /home/runner/work/key/key/key.core/../key.ui/examples/index/../InformationFlow/ToyVoting/Voter(Voter__publishVoterParticipation()).JML normal_behavior operation contract.0.key; caused by: de.uka.ilkd.key.proof.init.ProofInputException: Could not find rule file rules/intRulesCheckedSemantics.key)
	at de.uka.ilkd.key.control.AbstractUserInterfaceControl.load(AbstractUserInterfaceControl.java:221)
	at de.uka.ilkd.key.control.KeYEnvironment.load(KeYEnvironment.java:251)
	at de.uka.ilkd.key.control.KeYEnvironment.load(KeYEnvironment.java:224)
	at de.uka.ilkd.key.control.KeYEnvironment.load(KeYEnvironment.java:184)
	at de.uka.ilkd.key.control.KeYEnvironment.load(KeYEnvironment.java:261)
	at de.uka.ilkd.key.proof.runallproofs.proofcollection.TestFile.load(TestFile.java:270)
	at de.uka.ilkd.key.proof.runallproofs.proofcollection.TestFile.runKey(TestFile.java:160)
	at de.uka.ilkd.key.proof.runallproofs.proofcollection.ForkedTestFileRunner.main(ForkedTestFileRunner.java:171)
Caused by: de.uka.ilkd.key.proof.init.ProofInputException: Could not find rule file rules/intRulesCheckedSemantics.key
	at de.uka.ilkd.key.proof.io.KeYFile.readIncludes(KeYFile.java:210)
	at de.uka.ilkd.key.proof.init.ProblemInitializer.readIncludes(ProblemInitializer.java:177)
	at de.uka.ilkd.key.proof.init.ProblemInitializer.readEnvInput(ProblemInitializer.java:325)
	at de.uka.ilkd.key.proof.init.ProblemInitializer.prepare(ProblemInitializer.java:449)
	at de.uka.ilkd.key.proof.io.AbstractProblemLoader.createInitConfig(AbstractProblemLoader.java:518)
	at de.uka.ilkd.key.proof.io.AbstractProblemLoader.loadEnvironment(AbstractProblemLoader.java:288)
	at de.uka.ilkd.key.proof.io.AbstractProblemLoader.load(AbstractProblemLoader.java:252)
	at de.uka.ilkd.key.control.AbstractUserInterfaceControl.load(AbstractUserInterfaceControl.java:209)
	... 7 more
Caused by: java.lang.RuntimeException: Could not find rule file rules/intRulesCheckedSemantics.key
	at de.uka.ilkd.key.proof.io.RuleSourceFactory.fromBuiltInRule(RuleSourceFactory.java:32)
	at de.uka.ilkd.key.proof.io.RuleSourceFactory.fromDefaultLocation(RuleSourceFactory.java:21)
	at de.uka.ilkd.key.nparser.builder.IncludeFinder.addInclude(IncludeFinder.java:63)
	at de.uka.ilkd.key.nparser.builder.IncludeFinder.visitOne_include(IncludeFinder.java:43)
	at de.uka.ilkd.key.nparser.builder.IncludeFinder.visitOne_include(IncludeFinder.java:20)
	at de.uka.ilkd.key.nparser.KeYParser$One_includeContext.accept(KeYParser.java:878)
	at de.uka.ilkd.key.nparser.builder.AbstractBuilder.lambda$mapOf$0(AbstractBuilder.java:112)
	at java.base/java.util.stream.ReferencePipeline$3$1.accept(ReferencePipeline.java:195)
	at java.base/java.util.ArrayList$ArrayListSpliterator.forEachRemaining(ArrayList.java:1655)
	at java.base/java.util.stream.AbstractPipeline.copyInto(AbstractPipeline.java:484)
	at java.base/java.util.stream.AbstractPipeline.wrapAndCopyInto(AbstractPipeline.java:474)
	at java.base/java.util.stream.ReduceOps$ReduceOp.evaluateSequential(ReduceOps.java:913)
	at java.base/java.util.stream.AbstractPipeline.evaluate(AbstractPipeline.java:234)
	at java.base/java.util.stream.ReferencePipeline.collect(ReferencePipeline.java:578)
	at de.uka.ilkd.key.nparser.builder.AbstractBuilder.mapOf(AbstractBuilder.java:112)
	at de.uka.ilkd.key.nparser.builder.IncludeFinder.visitOne_include_statement(IncludeFinder.java:35)
	at de.uka.ilkd.key.nparser.builder.IncludeFinder.visitOne_include_statement(IncludeFinder.java:20)
	at de.uka.ilkd.key.nparser.KeYParser$One_include_statementContext.accept(KeYParser.java:802)
	at org.antlr.v4.runtime.tree.AbstractParseTreeVisitor.visitChildren(AbstractParseTreeVisitor.java:46)
	at de.uka.ilkd.key.nparser.KeYParserBaseVisitor.visitDecls(KeYParserBaseVisitor.java:30)
	at de.uka.ilkd.key.nparser.KeYParser$DeclsContext.accept(KeYParser.java:500)
	at org.antlr.v4.runtime.tree.AbstractParseTreeVisitor.visitChildren(AbstractParseTreeVisitor.java:46)
	at de.uka.ilkd.key.nparser.KeYParserBaseVisitor.visitFile(KeYParserBaseVisitor.java:23)
	at de.uka.ilkd.key.nparser.KeYParser$FileContext.accept(KeYParser.java:306)
	at de.uka.ilkd.key.nparser.KeyAst.accept(KeyAst.java:41)
	at de.uka.ilkd.key.nparser.KeyAst$File.getIncludes(KeyAst.java:76)
	at de.uka.ilkd.key.proof.io.KeYFile.readIncludes(KeYFile.java:208)
	... 14 more
Could not find rule file rules/intRulesCheckedSemantics.key (file: /home/runner/work/key/key/key.core/../key.ui/examples/index/../InformationFlow/ToyVoting/Voter(Voter__isValid(int)).JML normal_behavior operation contract.0.key; caused by: de.uka.ilkd.key.proof.init.ProofInputException: Could not find rule file rules/intRulesCheckedSemantics.key)
	at de.uka.ilkd.key.control.AbstractUserInterfaceControl.load(AbstractUserInterfaceControl.java:221)
	at de.uka.ilkd.key.control.KeYEnvironment.load(KeYEnvironment.java:251)
	at de.uka.ilkd.key.control.KeYEnvironment.load(KeYEnvironment.java:224)
	at de.uka.ilkd.key.control.KeYEnvironment.load(KeYEnvironment.java:184)
	at de.uka.ilkd.key.control.KeYEnvironment.load(KeYEnvironment.java:261)
	at de.uka.ilkd.key.proof.runallproofs.proofcollection.TestFile.load(TestFile.java:270)
	at de.uka.ilkd.key.proof.runallproofs.proofcollection.TestFile.runKey(TestFile.java:160)
	at de.uka.ilkd.key.proof.runallproofs.proofcollection.ForkedTestFileRunner.main(ForkedTestFileRunner.java:171)
Caused by: de.uka.ilkd.key.proof.init.ProofInputException: Could not find rule file rules/intRulesCheckedSemantics.key
	at de.uka.ilkd.key.proof.io.KeYFile.readIncludes(KeYFile.java:210)
	at de.uka.ilkd.key.proof.init.ProblemInitializer.readIncludes(ProblemInitializer.java:177)
	at de.uka.ilkd.key.proof.init.ProblemInitializer.readEnvInput(ProblemInitializer.java:325)
	at de.uka.ilkd.key.proof.init.ProblemInitializer.prepare(ProblemInitializer.java:449)
	at de.uka.ilkd.key.proof.io.AbstractProblemLoader.createInitConfig(AbstractProblemLoader.java:518)
	at de.uka.ilkd.key.proof.io.AbstractProblemLoader.loadEnvironment(AbstractProblemLoader.java:288)
	at de.uka.ilkd.key.proof.io.AbstractProblemLoader.load(AbstractProblemLoader.java:252)
	at de.uka.ilkd.key.control.AbstractUserInterfaceControl.load(AbstractUserInterfaceControl.java:209)
	... 7 more
Caused by: java.lang.RuntimeException: Could not find rule file rules/intRulesCheckedSemantics.key
	at de.uka.ilkd.key.proof.io.RuleSourceFactory.fromBuiltInRule(RuleSourceFactory.java:32)
	at de.uka.ilkd.key.proof.io.RuleSourceFactory.fromDefaultLocation(RuleSourceFactory.java:21)
	at de.uka.ilkd.key.nparser.builder.IncludeFinder.addInclude(IncludeFinder.java:63)
	at de.uka.ilkd.key.nparser.builder.IncludeFinder.visitOne_include(IncludeFinder.java:43)
	at de.uka.ilkd.key.nparser.builder.IncludeFinder.visitOne_include(IncludeFinder.java:20)
	at de.uka.ilkd.key.nparser.KeYParser$One_includeContext.accept(KeYParser.java:878)
	at de.uka.ilkd.key.nparser.builder.AbstractBuilder.lambda$mapOf$0(AbstractBuilder.java:112)
	at java.base/java.util.stream.ReferencePipeline$3$1.accept(ReferencePipeline.java:195)
	at java.base/java.util.ArrayList$ArrayListSpliterator.forEachRemaining(ArrayList.java:1655)
	at java.base/java.util.stream.AbstractPipeline.copyInto(AbstractPipeline.java:484)
	at java.base/java.util.stream.AbstractPipeline.wrapAndCopyInto(AbstractPipeline.java:474)
	at java.base/java.util.stream.ReduceOps$ReduceOp.evaluateSequential(ReduceOps.java:913)
	at java.base/java.util.stream.AbstractPipeline.evaluate(AbstractPipeline.java:234)
	at java.base/java.util.stream.ReferencePipeline.collect(ReferencePipeline.java:578)
	at de.uka.ilkd.key.nparser.builder.AbstractBuilder.mapOf(AbstractBuilder.java:112)
	at de.uka.ilkd.key.nparser.builder.IncludeFinder.visitOne_include_statement(IncludeFinder.java:35)
	at de.uka.ilkd.key.nparser.builder.IncludeFinder.visitOne_include_statement(IncludeFinder.java:20)
	at de.uka.ilkd.key.nparser.KeYParser$One_include_statementContext.accept(KeYParser.java:802)
	at org.antlr.v4.runtime.tree.AbstractParseTreeVisitor.visitChildren(AbstractParseTreeVisitor.java:46)
	at de.uka.ilkd.key.nparser.KeYParserBaseVisitor.visitDecls(KeYParserBaseVisitor.java:30)
	at de.uka.ilkd.key.nparser.KeYParser$DeclsContext.accept(KeYParser.java:500)
	at org.antlr.v4.runtime.tree.AbstractParseTreeVisitor.visitChildren(AbstractParseTreeVisitor.java:46)
	at de.uka.ilkd.key.nparser.KeYParserBaseVisitor.visitFile(KeYParserBaseVisitor.java:23)
	at de.uka.ilkd.key.nparser.KeYParser$FileContext.accept(KeYParser.java:306)
	at de.uka.ilkd.key.nparser.KeyAst.accept(KeyAst.java:41)
	at de.uka.ilkd.key.nparser.KeyAst$File.getIncludes(KeyAst.java:76)
	at de.uka.ilkd.key.proof.io.KeYFile.readIncludes(KeYFile.java:208)
	... 14 more
Could not find rule file rules/intRulesCheckedSemantics.key (file: /home/runner/work/key/key/key.core/../key.ui/examples/index/../InformationFlow/ToyVoting/Voter(Voter__sendVote(int)).JML normal_behavior operation contract.0.key; caused by: de.uka.ilkd.key.proof.init.ProofInputException: Could not find rule file rules/intRulesCheckedSemantics.key)
	at de.uka.ilkd.key.control.AbstractUserInterfaceControl.load(AbstractUserInterfaceControl.java:221)
	at de.uka.ilkd.key.control.KeYEnvironment.load(KeYEnvironment.java:251)
	at de.uka.ilkd.key.control.KeYEnvironment.load(KeYEnvironment.java:224)
	at de.uka.ilkd.key.control.KeYEnvironment.load(KeYEnvironment.java:184)
	at de.uka.ilkd.key.control.KeYEnvironment.load(KeYEnvironment.java:261)
	at de.uka.ilkd.key.proof.runallproofs.proofcollection.TestFile.load(TestFile.java:270)
	at de.uka.ilkd.key.proof.runallproofs.proofcollection.TestFile.runKey(TestFile.java:160)
	at de.uka.ilkd.key.proof.runallproofs.proofcollection.ForkedTestFileRunner.main(ForkedTestFileRunner.java:171)
Caused by: de.uka.ilkd.key.proof.init.ProofInputException: Could not find rule file rules/intRulesCheckedSemantics.key
	at de.uka.ilkd.key.proof.io.KeYFile.readIncludes(KeYFile.java:210)
	at de.uka.ilkd.key.proof.init.ProblemInitializer.readIncludes(ProblemInitializer.java:177)
	at de.uka.ilkd.key.proof.init.ProblemInitializer.readEnvInput(ProblemInitializer.java:325)
	at de.uka.ilkd.key.proof.init.ProblemInitializer.prepare(ProblemInitializer.java:449)
	at de.uka.ilkd.key.proof.io.AbstractProblemLoader.createInitConfig(AbstractProblemLoader.java:518)
	at de.uka.ilkd.key.proof.io.AbstractProblemLoader.loadEnvironment(AbstractProblemLoader.java:288)
	at de.uka.ilkd.key.proof.io.AbstractProblemLoader.load(AbstractProblemLoader.java:252)
	at de.uka.ilkd.key.control.AbstractUserInterfaceControl.load(AbstractUserInterfaceControl.java:209)
	... 7 more
Caused by: java.lang.RuntimeException: Could not find rule file rules/intRulesCheckedSemantics.key
	at de.uka.ilkd.key.proof.io.RuleSourceFactory.fromBuiltInRule(RuleSourceFactory.java:32)
	at de.uka.ilkd.key.proof.io.RuleSourceFactory.fromDefaultLocation(RuleSourceFactory.java:21)
	at de.uka.ilkd.key.nparser.builder.IncludeFinder.addInclude(IncludeFinder.java:63)
	at de.uka.ilkd.key.nparser.builder.IncludeFinder.visitOne_include(IncludeFinder.java:43)
	at de.uka.ilkd.key.nparser.builder.IncludeFinder.visitOne_include(IncludeFinder.java:20)
	at de.uka.ilkd.key.nparser.KeYParser$One_includeContext.accept(KeYParser.java:878)
	at de.uka.ilkd.key.nparser.builder.AbstractBuilder.lambda$mapOf$0(AbstractBuilder.java:112)
	at java.base/java.util.stream.ReferencePipeline$3$1.accept(ReferencePipeline.java:195)
	at java.base/java.util.ArrayList$ArrayListSpliterator.forEachRemaining(ArrayList.java:1655)
	at java.base/java.util.stream.AbstractPipeline.copyInto(AbstractPipeline.java:484)
	at java.base/java.util.stream.AbstractPipeline.wrapAndCopyInto(AbstractPipeline.java:474)
	at java.base/java.util.stream.ReduceOps$ReduceOp.evaluateSequential(ReduceOps.java:913)
	at java.base/java.util.stream.AbstractPipeline.evaluate(AbstractPipeline.java:234)
	at java.base/java.util.stream.ReferencePipeline.collect(ReferencePipeline.java:578)
	at de.uka.ilkd.key.nparser.builder.AbstractBuilder.mapOf(AbstractBuilder.java:112)
	at de.uka.ilkd.key.nparser.builder.IncludeFinder.visitOne_include_statement(IncludeFinder.java:35)
	at de.uka.ilkd.key.nparser.builder.IncludeFinder.visitOne_include_statement(IncludeFinder.java:20)
	at de.uka.ilkd.key.nparser.KeYParser$One_include_statementContext.accept(KeYParser.java:802)
	at org.antlr.v4.runtime.tree.AbstractParseTreeVisitor.visitChildren(AbstractParseTreeVisitor.java:46)
	at de.uka.ilkd.key.nparser.KeYParserBaseVisitor.visitDecls(KeYParserBaseVisitor.java:30)
	at de.uka.ilkd.key.nparser.KeYParser$DeclsContext.accept(KeYParser.java:500)
	at org.antlr.v4.runtime.tree.AbstractParseTreeVisitor.visitChildren(AbstractParseTreeVisitor.java:46)
	at de.uka.ilkd.key.nparser.KeYParserBaseVisitor.visitFile(KeYParserBaseVisitor.java:23)
	at de.uka.ilkd.key.nparser.KeYParser$FileContext.accept(KeYParser.java:306)
	at de.uka.ilkd.key.nparser.KeyAst.accept(KeyAst.java:41)
	at de.uka.ilkd.key.nparser.KeyAst$File.getIncludes(KeyAst.java:76)
	at de.uka.ilkd.key.proof.io.KeYFile.readIncludes(KeYFile.java:208)
	... 14 more
Could not find rule file rules/intRulesCheckedSemantics.key (file: /home/runner/work/key/key/key.core/../key.ui/examples/index/../InformationFlow/ToyVoting/Voter(Voter__inputVote()).JML normal_behavior operation contract.0.key; caused by: de.uka.ilkd.key.proof.init.ProofInputException: Could not find rule file rules/intRulesCheckedSemantics.key)
	at de.uka.ilkd.key.control.AbstractUserInterfaceControl.load(AbstractUserInterfaceControl.java:221)
	at de.uka.ilkd.key.control.KeYEnvironment.load(KeYEnvironment.java:251)
	at de.uka.ilkd.key.control.KeYEnvironment.load(KeYEnvironment.java:224)
	at de.uka.ilkd.key.control.KeYEnvironment.load(KeYEnvironment.java:184)
	at de.uka.ilkd.key.control.KeYEnvironment.load(KeYEnvironment.java:261)
	at de.uka.ilkd.key.proof.runallproofs.proofcollection.TestFile.load(TestFile.java:270)
	at de.uka.ilkd.key.proof.runallproofs.proofcollection.TestFile.runKey(TestFile.java:160)
	at de.uka.ilkd.key.proof.runallproofs.proofcollection.ForkedTestFileRunner.main(ForkedTestFileRunner.java:171)
Caused by: de.uka.ilkd.key.proof.init.ProofInputException: Could not find rule file rules/intRulesCheckedSemantics.key
	at de.uka.ilkd.key.proof.io.KeYFile.readIncludes(KeYFile.java:210)
	at de.uka.ilkd.key.proof.init.ProblemInitializer.readIncludes(ProblemInitializer.java:177)
	at de.uka.ilkd.key.proof.init.ProblemInitializer.readEnvInput(ProblemInitializer.java:325)
	at de.uka.ilkd.key.proof.init.ProblemInitializer.prepare(ProblemInitializer.java:449)
	at de.uka.ilkd.key.proof.io.AbstractProblemLoader.createInitConfig(AbstractProblemLoader.java:518)
	at de.uka.ilkd.key.proof.io.AbstractProblemLoader.loadEnvironment(AbstractProblemLoader.java:288)
	at de.uka.ilkd.key.proof.io.AbstractProblemLoader.load(AbstractProblemLoader.java:252)
	at de.uka.ilkd.key.control.AbstractUserInterfaceControl.load(AbstractUserInterfaceControl.java:209)
	... 7 more
Caused by: java.lang.RuntimeException: Could not find rule file rules/intRulesCheckedSemantics.key
	at de.uka.ilkd.key.proof.io.RuleSourceFactory.fromBuiltInRule(RuleSourceFactory.java:32)
	at de.uka.ilkd.key.proof.io.RuleSourceFactory.fromDefaultLocation(RuleSourceFactory.java:21)
	at de.uka.ilkd.key.nparser.builder.IncludeFinder.addInclude(IncludeFinder.java:63)
	at de.uka.ilkd.key.nparser.builder.IncludeFinder.visitOne_include(IncludeFinder.java:43)
	at de.uka.ilkd.key.nparser.builder.IncludeFinder.visitOne_include(IncludeFinder.java:20)
	at de.uka.ilkd.key.nparser.KeYParser$One_includeContext.accept(KeYParser.java:878)
	at de.uka.ilkd.key.nparser.builder.AbstractBuilder.lambda$mapOf$0(AbstractBuilder.java:112)
	at java.base/java.util.stream.ReferencePipeline$3$1.accept(ReferencePipeline.java:195)
	at java.base/java.util.ArrayList$ArrayListSpliterator.forEachRemaining(ArrayList.java:1655)
	at java.base/java.util.stream.AbstractPipeline.copyInto(AbstractPipeline.java:484)
	at java.base/java.util.stream.AbstractPipeline.wrapAndCopyInto(AbstractPipeline.java:474)
	at java.base/java.util.stream.ReduceOps$ReduceOp.evaluateSequential(ReduceOps.java:913)
	at java.base/java.util.stream.AbstractPipeline.evaluate(AbstractPipeline.java:234)
	at java.base/java.util.stream.ReferencePipeline.collect(ReferencePipeline.java:578)
	at de.uka.ilkd.key.nparser.builder.AbstractBuilder.mapOf(AbstractBuilder.java:112)
	at de.uka.ilkd.key.nparser.builder.IncludeFinder.visitOne_include_statement(IncludeFinder.java:35)
	at de.uka.ilkd.key.nparser.builder.IncludeFinder.visitOne_include_statement(IncludeFinder.java:20)
	at de.uka.ilkd.key.nparser.KeYParser$One_include_statementContext.accept(KeYParser.java:802)
	at org.antlr.v4.runtime.tree.AbstractParseTreeVisitor.visitChildren(AbstractParseTreeVisitor.java:46)
	at de.uka.ilkd.key.nparser.KeYParserBaseVisitor.visitDecls(KeYParserBaseVisitor.java:30)
	at de.uka.ilkd.key.nparser.KeYParser$DeclsContext.accept(KeYParser.java:500)
	at org.antlr.v4.runtime.tree.AbstractParseTreeVisitor.visitChildren(AbstractParseTreeVisitor.java:46)
	at de.uka.ilkd.key.nparser.KeYParserBaseVisitor.visitFile(KeYParserBaseVisitor.java:23)
	at de.uka.ilkd.key.nparser.KeYParser$FileContext.accept(KeYParser.java:306)
	at de.uka.ilkd.key.nparser.KeyAst.accept(KeyAst.java:41)
	at de.uka.ilkd.key.nparser.KeyAst$File.getIncludes(KeyAst.java:76)
	at de.uka.ilkd.key.proof.io.KeYFile.readIncludes(KeYFile.java:208)
	... 14 more
Could not find rule file rules/intRulesCheckedSemantics.key (file: /home/runner/work/key/key/key.core/../key.ui/examples/index/../InformationFlow/ToyVoting/Voter(Voter__secure_voting()).JML normal_behavior operation contract.0.key; caused by: de.uka.ilkd.key.proof.init.ProofInputException: Could not find rule file rules/intRulesCheckedSemantics.key)
	at de.uka.ilkd.key.control.AbstractUserInterfaceControl.load(AbstractUserInterfaceControl.java:221)
	at de.uka.ilkd.key.control.KeYEnvironment.load(KeYEnvironment.java:251)
	at de.uka.ilkd.key.control.KeYEnvironment.load(KeYEnvironment.java:224)
	at de.uka.ilkd.key.control.KeYEnvironment.load(KeYEnvironment.java:184)
	at de.uka.ilkd.key.control.KeYEnvironment.load(KeYEnvironment.java:261)
	at de.uka.ilkd.key.proof.runallproofs.proofcollection.TestFile.load(TestFile.java:270)
	at de.uka.ilkd.key.proof.runallproofs.proofcollection.TestFile.runKey(TestFile.java:160)
	at de.uka.ilkd.key.proof.runallproofs.proofcollection.ForkedTestFileRunner.main(ForkedTestFileRunner.java:171)
Caused by: de.uka.ilkd.key.proof.init.ProofInputException: Could not find rule file rules/intRulesCheckedSemantics.key
	at de.uka.ilkd.key.proof.io.KeYFile.readIncludes(KeYFile.java:210)
	at de.uka.ilkd.key.proof.init.ProblemInitializer.readIncludes(ProblemInitializer.java:177)
	at de.uka.ilkd.key.proof.init.ProblemInitializer.readEnvInput(ProblemInitializer.java:325)
	at de.uka.ilkd.key.proof.init.ProblemInitializer.prepare(ProblemInitializer.java:449)
	at de.uka.ilkd.key.proof.io.AbstractProblemLoader.createInitConfig(AbstractProblemLoader.java:518)
	at de.uka.ilkd.key.proof.io.AbstractProblemLoader.loadEnvironment(AbstractProblemLoader.java:288)
	at de.uka.ilkd.key.proof.io.AbstractProblemLoader.load(AbstractProblemLoader.java:252)
	at de.uka.ilkd.key.control.AbstractUserInterfaceControl.load(AbstractUserInterfaceControl.java:209)
	... 7 more
Caused by: java.lang.RuntimeException: Could not find rule file rules/intRulesCheckedSemantics.key
	at de.uka.ilkd.key.proof.io.RuleSourceFactory.fromBuiltInRule(RuleSourceFactory.java:32)
	at de.uka.ilkd.key.proof.io.RuleSourceFactory.fromDefaultLocation(RuleSourceFactory.java:21)
	at de.uka.ilkd.key.nparser.builder.IncludeFinder.addInclude(IncludeFinder.java:63)
	at de.uka.ilkd.key.nparser.builder.IncludeFinder.visitOne_include(IncludeFinder.java:43)
	at de.uka.ilkd.key.nparser.builder.IncludeFinder.visitOne_include(IncludeFinder.java:20)
	at de.uka.ilkd.key.nparser.KeYParser$One_includeContext.accept(KeYParser.java:878)
	at de.uka.ilkd.key.nparser.builder.AbstractBuilder.lambda$mapOf$0(AbstractBuilder.java:112)
	at java.base/java.util.stream.ReferencePipeline$3$1.accept(ReferencePipeline.java:195)
	at java.base/java.util.ArrayList$ArrayListSpliterator.forEachRemaining(ArrayList.java:1655)
	at java.base/java.util.stream.AbstractPipeline.copyInto(AbstractPipeline.java:484)
	at java.base/java.util.stream.AbstractPipeline.wrapAndCopyInto(AbstractPipeline.java:474)
	at java.base/java.util.stream.ReduceOps$ReduceOp.evaluateSequential(ReduceOps.java:913)
	at java.base/java.util.stream.AbstractPipeline.evaluate(AbstractPipeline.java:234)
	at java.base/java.util.stream.ReferencePipeline.collect(ReferencePipeline.java:578)
	at de.uka.ilkd.key.nparser.builder.AbstractBuilder.mapOf(AbstractBuilder.java:112)
	at de.uka.ilkd.key.nparser.builder.IncludeFinder.visitOne_include_statement(IncludeFinder.java:35)
	at de.uka.ilkd.key.nparser.builder.IncludeFinder.visitOne_include_statement(IncludeFinder.java:20)
	at de.uka.ilkd.key.nparser.KeYParser$One_include_statementContext.accept(KeYParser.java:802)
	at org.antlr.v4.runtime.tree.AbstractParseTreeVisitor.visitChildren(AbstractParseTreeVisitor.java:46)
	at de.uka.ilkd.key.nparser.KeYParserBaseVisitor.visitDecls(KeYParserBaseVisitor.java:30)
	at de.uka.ilkd.key.nparser.KeYParser$DeclsContext.accept(KeYParser.java:500)
	at org.antlr.v4.runtime.tree.AbstractParseTreeVisitor.visitChildren(AbstractParseTreeVisitor.java:46)
	at de.uka.ilkd.key.nparser.KeYParserBaseVisitor.visitFile(KeYParserBaseVisitor.java:23)
	at de.uka.ilkd.key.nparser.KeYParser$FileContext.accept(KeYParser.java:306)
	at de.uka.ilkd.key.nparser.KeyAst.accept(KeyAst.java:41)
	at de.uka.ilkd.key.nparser.KeyAst$File.getIncludes(KeyAst.java:76)
	at de.uka.ilkd.key.proof.io.KeYFile.readIncludes(KeYFile.java:208)
	... 14 more
Exception in thread "main" org.opentest4j.AssertionFailedError: Exception during the execution of proofs. See log for more details.
	at org.junit.jupiter.api.AssertionUtils.fail(AssertionUtils.java:39)
	at org.junit.jupiter.api.Assertions.fail(Assertions.java:134)
	at de.uka.ilkd.key.proof.runallproofs.proofcollection.ForkedTestFileRunner.main(ForkedTestFileRunner.java:192)
Timeout watcher launched (1000 secs.)
Could not find rule file rules/intRulesCheckedSemantics.key (file: /home/runner/work/key/key/key.core/../key.ui/examples/index/../InformationFlow/ConditionalConfidential/CCExample(CCExample__hasAccessRight(CCExample.User)).JML normal_behavior operation contract.0.key; caused by: de.uka.ilkd.key.proof.init.ProofInputException: Could not find rule file rules/intRulesCheckedSemantics.key)
	at de.uka.ilkd.key.control.AbstractUserInterfaceControl.load(AbstractUserInterfaceControl.java:221)
	at de.uka.ilkd.key.control.KeYEnvironment.load(KeYEnvironment.java:251)
	at de.uka.ilkd.key.control.KeYEnvironment.load(KeYEnvironment.java:224)
	at de.uka.ilkd.key.control.KeYEnvironment.load(KeYEnvironment.java:184)
	at de.uka.ilkd.key.control.KeYEnvironment.load(KeYEnvironment.java:261)
	at de.uka.ilkd.key.proof.runallproofs.proofcollection.TestFile.load(TestFile.java:270)
	at de.uka.ilkd.key.proof.runallproofs.proofcollection.TestFile.runKey(TestFile.java:160)
	at de.uka.ilkd.key.proof.runallproofs.proofcollection.ForkedTestFileRunner.main(ForkedTestFileRunner.java:171)
Caused by: de.uka.ilkd.key.proof.init.ProofInputException: Could not find rule file rules/intRulesCheckedSemantics.key
	at de.uka.ilkd.key.proof.io.KeYFile.readIncludes(KeYFile.java:210)
	at de.uka.ilkd.key.proof.init.ProblemInitializer.readIncludes(ProblemInitializer.java:177)
	at de.uka.ilkd.key.proof.init.ProblemInitializer.readEnvInput(ProblemInitializer.java:325)
	at de.uka.ilkd.key.proof.init.ProblemInitializer.prepare(ProblemInitializer.java:449)
	at de.uka.ilkd.key.proof.io.AbstractProblemLoader.createInitConfig(AbstractProblemLoader.java:518)
	at de.uka.ilkd.key.proof.io.AbstractProblemLoader.loadEnvironment(AbstractProblemLoader.java:288)
	at de.uka.ilkd.key.proof.io.AbstractProblemLoader.load(AbstractProblemLoader.java:252)
	at de.uka.ilkd.key.control.AbstractUserInterfaceControl.load(AbstractUserInterfaceControl.java:209)
	... 7 more
Caused by: java.lang.RuntimeException: Could not find rule file rules/intRulesCheckedSemantics.key
	at de.uka.ilkd.key.proof.io.RuleSourceFactory.fromBuiltInRule(RuleSourceFactory.java:32)
	at de.uka.ilkd.key.proof.io.RuleSourceFactory.fromDefaultLocation(RuleSourceFactory.java:21)
	at de.uka.ilkd.key.nparser.builder.IncludeFinder.addInclude(IncludeFinder.java:63)
	at de.uka.ilkd.key.nparser.builder.IncludeFinder.visitOne_include(IncludeFinder.java:43)
	at de.uka.ilkd.key.nparser.builder.IncludeFinder.visitOne_include(IncludeFinder.java:20)
	at de.uka.ilkd.key.nparser.KeYParser$One_includeContext.accept(KeYParser.java:878)
	at de.uka.ilkd.key.nparser.builder.AbstractBuilder.lambda$mapOf$0(AbstractBuilder.java:112)
	at java.base/java.util.stream.ReferencePipeline$3$1.accept(ReferencePipeline.java:195)
	at java.base/java.util.ArrayList$ArrayListSpliterator.forEachRemaining(ArrayList.java:1655)
	at java.base/java.util.stream.AbstractPipeline.copyInto(AbstractPipeline.java:484)
	at java.base/java.util.stream.AbstractPipeline.wrapAndCopyInto(AbstractPipeline.java:474)
	at java.base/java.util.stream.ReduceOps$ReduceOp.evaluateSequential(ReduceOps.java:913)
	at java.base/java.util.stream.AbstractPipeline.evaluate(AbstractPipeline.java:234)
	at java.base/java.util.stream.ReferencePipeline.collect(ReferencePipeline.java:578)
	at de.uka.ilkd.key.nparser.builder.AbstractBuilder.mapOf(AbstractBuilder.java:112)
	at de.uka.ilkd.key.nparser.builder.IncludeFinder.visitOne_include_statement(IncludeFinder.java:35)
	at de.uka.ilkd.key.nparser.builder.IncludeFinder.visitOne_include_statement(IncludeFinder.java:20)
	at de.uka.ilkd.key.nparser.KeYParser$One_include_statementContext.accept(KeYParser.java:802)
	at org.antlr.v4.runtime.tree.AbstractParseTreeVisitor.visitChildren(AbstractParseTreeVisitor.java:46)
	at de.uka.ilkd.key.nparser.KeYParserBaseVisitor.visitDecls(KeYParserBaseVisitor.java:30)
	at de.uka.ilkd.key.nparser.KeYParser$DeclsContext.accept(KeYParser.java:500)
	at org.antlr.v4.runtime.tree.AbstractParseTreeVisitor.visitChildren(AbstractParseTreeVisitor.java:46)
	at de.uka.ilkd.key.nparser.KeYParserBaseVisitor.visitFile(KeYParserBaseVisitor.java:23)
	at de.uka.ilkd.key.nparser.KeYParser$FileContext.accept(KeYParser.java:306)
	at de.uka.ilkd.key.nparser.KeyAst.accept(KeyAst.java:41)
	at de.uka.ilkd.key.nparser.KeyAst$File.getIncludes(KeyAst.java:76)
	at de.uka.ilkd.key.proof.io.KeYFile.readIncludes(KeYFile.java:208)
	... 14 more
Could not find rule file rules/intRulesCheckedSemantics.key (file: /home/runner/work/key/key/key.core/../key.ui/examples/index/../InformationFlow/ConditionalConfidential/CCExample(CCExample__getConfidentialData(CCExample.User)).JML normal_behavior operation contract.0.key; caused by: de.uka.ilkd.key.proof.init.ProofInputException: Could not find rule file rules/intRulesCheckedSemantics.key)
	at de.uka.ilkd.key.control.AbstractUserInterfaceControl.load(AbstractUserInterfaceControl.java:221)
	at de.uka.ilkd.key.control.KeYEnvironment.load(KeYEnvironment.java:251)
	at de.uka.ilkd.key.control.KeYEnvironment.load(KeYEnvironment.java:224)
	at de.uka.ilkd.key.control.KeYEnvironment.load(KeYEnvironment.java:184)
	at de.uka.ilkd.key.control.KeYEnvironment.load(KeYEnvironment.java:261)
	at de.uka.ilkd.key.proof.runallproofs.proofcollection.TestFile.load(TestFile.java:270)
	at de.uka.ilkd.key.proof.runallproofs.proofcollection.TestFile.runKey(TestFile.java:160)
	at de.uka.ilkd.key.proof.runallproofs.proofcollection.ForkedTestFileRunner.main(ForkedTestFileRunner.java:171)
Caused by: de.uka.ilkd.key.proof.init.ProofInputException: Could not find rule file rules/intRulesCheckedSemantics.key
	at de.uka.ilkd.key.proof.io.KeYFile.readIncludes(KeYFile.java:210)
	at de.uka.ilkd.key.proof.init.ProblemInitializer.readIncludes(ProblemInitializer.java:177)
	at de.uka.ilkd.key.proof.init.ProblemInitializer.readEnvInput(ProblemInitializer.java:325)
	at de.uka.ilkd.key.proof.init.ProblemInitializer.prepare(ProblemInitializer.java:449)
	at de.uka.ilkd.key.proof.io.AbstractProblemLoader.createInitConfig(AbstractProblemLoader.java:518)
	at de.uka.ilkd.key.proof.io.AbstractProblemLoader.loadEnvironment(AbstractProblemLoader.java:288)
	at de.uka.ilkd.key.proof.io.AbstractProblemLoader.load(AbstractProblemLoader.java:252)
	at de.uka.ilkd.key.control.AbstractUserInterfaceControl.load(AbstractUserInterfaceControl.java:209)
	... 7 more
Caused by: java.lang.RuntimeException: Could not find rule file rules/intRulesCheckedSemantics.key
	at de.uka.ilkd.key.proof.io.RuleSourceFactory.fromBuiltInRule(RuleSourceFactory.java:32)
	at de.uka.ilkd.key.proof.io.RuleSourceFactory.fromDefaultLocation(RuleSourceFactory.java:21)
	at de.uka.ilkd.key.nparser.builder.IncludeFinder.addInclude(IncludeFinder.java:63)
	at de.uka.ilkd.key.nparser.builder.IncludeFinder.visitOne_include(IncludeFinder.java:43)
	at de.uka.ilkd.key.nparser.builder.IncludeFinder.visitOne_include(IncludeFinder.java:20)
	at de.uka.ilkd.key.nparser.KeYParser$One_includeContext.accept(KeYParser.java:878)
	at de.uka.ilkd.key.nparser.builder.AbstractBuilder.lambda$mapOf$0(AbstractBuilder.java:112)
	at java.base/java.util.stream.ReferencePipeline$3$1.accept(ReferencePipeline.java:195)
	at java.base/java.util.ArrayList$ArrayListSpliterator.forEachRemaining(ArrayList.java:1655)
	at java.base/java.util.stream.AbstractPipeline.copyInto(AbstractPipeline.java:484)
	at java.base/java.util.stream.AbstractPipeline.wrapAndCopyInto(AbstractPipeline.java:474)
	at java.base/java.util.stream.ReduceOps$ReduceOp.evaluateSequential(ReduceOps.java:913)
	at java.base/java.util.stream.AbstractPipeline.evaluate(AbstractPipeline.java:234)
	at java.base/java.util.stream.ReferencePipeline.collect(ReferencePipeline.java:578)
	at de.uka.ilkd.key.nparser.builder.AbstractBuilder.mapOf(AbstractBuilder.java:112)
	at de.uka.ilkd.key.nparser.builder.IncludeFinder.visitOne_include_statement(IncludeFinder.java:35)
	at de.uka.ilkd.key.nparser.builder.IncludeFinder.visitOne_include_statement(IncludeFinder.java:20)
	at de.uka.ilkd.key.nparser.KeYParser$One_include_statementContext.accept(KeYParser.java:802)
	at org.antlr.v4.runtime.tree.AbstractParseTreeVisitor.visitChildren(AbstractParseTreeVisitor.java:46)
	at de.uka.ilkd.key.nparser.KeYParserBaseVisitor.visitDecls(KeYParserBaseVisitor.java:30)
	at de.uka.ilkd.key.nparser.KeYParser$DeclsContext.accept(KeYParser.java:500)
	at org.antlr.v4.runtime.tree.AbstractParseTreeVisitor.visitChildren(AbstractParseTreeVisitor.java:46)
	at de.uka.ilkd.key.nparser.KeYParserBaseVisitor.visitFile(KeYParserBaseVisitor.java:23)
	at de.uka.ilkd.key.nparser.KeYParser$FileContext.accept(KeYParser.java:306)
	at de.uka.ilkd.key.nparser.KeyAst.accept(KeyAst.java:41)
	at de.uka.ilkd.key.nparser.KeyAst$File.getIncludes(KeyAst.java:76)
	at de.uka.ilkd.key.proof.io.KeYFile.readIncludes(KeYFile.java:208)
	... 14 more
Exception in thread "main" org.opentest4j.AssertionFailedError: Exception during the execution of proofs. See log for more details.
	at org.junit.jupiter.api.AssertionUtils.fail(AssertionUtils.java:39)
	at org.junit.jupiter.api.Assertions.fail(Assertions.java:134)
	at de.uka.ilkd.key.proof.runallproofs.proofcollection.ForkedTestFileRunner.main(ForkedTestFileRunner.java:192)
Timeout watcher launched (1000 secs.)
Could not find rule file rules/intRulesCheckedSemantics.key (file: /home/runner/work/key/key/key.core/../key.ui/examples/index/../InformationFlow/Sum/SumExample(SumExample__getSum()).JML normal_behavior operation contract.0.key; caused by: de.uka.ilkd.key.proof.init.ProofInputException: Could not find rule file rules/intRulesCheckedSemantics.key)
	at de.uka.ilkd.key.control.AbstractUserInterfaceControl.load(AbstractUserInterfaceControl.java:221)
	at de.uka.ilkd.key.control.KeYEnvironment.load(KeYEnvironment.java:251)
	at de.uka.ilkd.key.control.KeYEnvironment.load(KeYEnvironment.java:224)
	at de.uka.ilkd.key.control.KeYEnvironment.load(KeYEnvironment.java:184)
	at de.uka.ilkd.key.control.KeYEnvironment.load(KeYEnvironment.java:261)
	at de.uka.ilkd.key.proof.runallproofs.proofcollection.TestFile.load(TestFile.java:270)
	at de.uka.ilkd.key.proof.runallproofs.proofcollection.TestFile.runKey(TestFile.java:160)
	at de.uka.ilkd.key.proof.runallproofs.proofcollection.ForkedTestFileRunner.main(ForkedTestFileRunner.java:171)
Caused by: de.uka.ilkd.key.proof.init.ProofInputException: Could not find rule file rules/intRulesCheckedSemantics.key
	at de.uka.ilkd.key.proof.io.KeYFile.readIncludes(KeYFile.java:210)
	at de.uka.ilkd.key.proof.init.ProblemInitializer.readIncludes(ProblemInitializer.java:177)
	at de.uka.ilkd.key.proof.init.ProblemInitializer.readEnvInput(ProblemInitializer.java:325)
	at de.uka.ilkd.key.proof.init.ProblemInitializer.prepare(ProblemInitializer.java:449)
	at de.uka.ilkd.key.proof.io.AbstractProblemLoader.createInitConfig(AbstractProblemLoader.java:518)
	at de.uka.ilkd.key.proof.io.AbstractProblemLoader.loadEnvironment(AbstractProblemLoader.java:288)
	at de.uka.ilkd.key.proof.io.AbstractProblemLoader.load(AbstractProblemLoader.java:252)
	at de.uka.ilkd.key.control.AbstractUserInterfaceControl.load(AbstractUserInterfaceControl.java:209)
	... 7 more
Caused by: java.lang.RuntimeException: Could not find rule file rules/intRulesCheckedSemantics.key
	at de.uka.ilkd.key.proof.io.RuleSourceFactory.fromBuiltInRule(RuleSourceFactory.java:32)
	at de.uka.ilkd.key.proof.io.RuleSourceFactory.fromDefaultLocation(RuleSourceFactory.java:21)
	at de.uka.ilkd.key.nparser.builder.IncludeFinder.addInclude(IncludeFinder.java:63)
	at de.uka.ilkd.key.nparser.builder.IncludeFinder.visitOne_include(IncludeFinder.java:43)
	at de.uka.ilkd.key.nparser.builder.IncludeFinder.visitOne_include(IncludeFinder.java:20)
	at de.uka.ilkd.key.nparser.KeYParser$One_includeContext.accept(KeYParser.java:878)
	at de.uka.ilkd.key.nparser.builder.AbstractBuilder.lambda$mapOf$0(AbstractBuilder.java:112)
	at java.base/java.util.stream.ReferencePipeline$3$1.accept(ReferencePipeline.java:195)
	at java.base/java.util.ArrayList$ArrayListSpliterator.forEachRemaining(ArrayList.java:1655)
	at java.base/java.util.stream.AbstractPipeline.copyInto(AbstractPipeline.java:484)
	at java.base/java.util.stream.AbstractPipeline.wrapAndCopyInto(AbstractPipeline.java:474)
	at java.base/java.util.stream.ReduceOps$ReduceOp.evaluateSequential(ReduceOps.java:913)
	at java.base/java.util.stream.AbstractPipeline.evaluate(AbstractPipeline.java:234)
	at java.base/java.util.stream.ReferencePipeline.collect(ReferencePipeline.java:578)
	at de.uka.ilkd.key.nparser.builder.AbstractBuilder.mapOf(AbstractBuilder.java:112)
	at de.uka.ilkd.key.nparser.builder.IncludeFinder.visitOne_include_statement(IncludeFinder.java:35)
	at de.uka.ilkd.key.nparser.builder.IncludeFinder.visitOne_include_statement(IncludeFinder.java:20)
	at de.uka.ilkd.key.nparser.KeYParser$One_include_statementContext.accept(KeYParser.java:802)
	at org.antlr.v4.runtime.tree.AbstractParseTreeVisitor.visitChildren(AbstractParseTreeVisitor.java:46)
	at de.uka.ilkd.key.nparser.KeYParserBaseVisitor.visitDecls(KeYParserBaseVisitor.java:30)
	at de.uka.ilkd.key.nparser.KeYParser$DeclsContext.accept(KeYParser.java:500)
	at org.antlr.v4.runtime.tree.AbstractParseTreeVisitor.visitChildren(AbstractParseTreeVisitor.java:46)
	at de.uka.ilkd.key.nparser.KeYParserBaseVisitor.visitFile(KeYParserBaseVisitor.java:23)
	at de.uka.ilkd.key.nparser.KeYParser$FileContext.accept(KeYParser.java:306)
	at de.uka.ilkd.key.nparser.KeyAst.accept(KeyAst.java:41)
	at de.uka.ilkd.key.nparser.KeyAst$File.getIncludes(KeyAst.java:76)
	at de.uka.ilkd.key.proof.io.KeYFile.readIncludes(KeYFile.java:208)
	... 14 more
Exception in thread "main" org.opentest4j.AssertionFailedError: Exception during the execution of proofs. See log for more details.
	at org.junit.jupiter.api.AssertionUtils.fail(AssertionUtils.java:39)
	at org.junit.jupiter.api.Assertions.fail(Assertions.java:134)
	at de.uka.ilkd.key.proof.runallproofs.proofcollection.ForkedTestFileRunner.main(ForkedTestFileRunner.java:192)
Timeout watcher launched (1000 secs.)
Could not find rule file rules/intRulesCheckedSemantics.key (file: /home/runner/work/key/key/key.core/../key.ui/examples/index/../InformationFlow/ToyBanking/banking_example.UserAccount(banking_example.UserAccount__getBankAccount(int)).JML normal_behavior operation contract.0.key; caused by: de.uka.ilkd.key.proof.init.ProofInputException: Could not find rule file rules/intRulesCheckedSemantics.key)
	at de.uka.ilkd.key.control.AbstractUserInterfaceControl.load(AbstractUserInterfaceControl.java:221)
	at de.uka.ilkd.key.control.KeYEnvironment.load(KeYEnvironment.java:251)
	at de.uka.ilkd.key.control.KeYEnvironment.load(KeYEnvironment.java:224)
	at de.uka.ilkd.key.control.KeYEnvironment.load(KeYEnvironment.java:184)
	at de.uka.ilkd.key.control.KeYEnvironment.load(KeYEnvironment.java:261)
	at de.uka.ilkd.key.proof.runallproofs.proofcollection.TestFile.load(TestFile.java:270)
	at de.uka.ilkd.key.proof.runallproofs.proofcollection.TestFile.runKey(TestFile.java:160)
	at de.uka.ilkd.key.proof.runallproofs.proofcollection.ForkedTestFileRunner.main(ForkedTestFileRunner.java:171)
Caused by: de.uka.ilkd.key.proof.init.ProofInputException: Could not find rule file rules/intRulesCheckedSemantics.key
	at de.uka.ilkd.key.proof.io.KeYFile.readIncludes(KeYFile.java:210)
	at de.uka.ilkd.key.proof.init.ProblemInitializer.readIncludes(ProblemInitializer.java:177)
	at de.uka.ilkd.key.proof.init.ProblemInitializer.readEnvInput(ProblemInitializer.java:325)
	at de.uka.ilkd.key.proof.init.ProblemInitializer.prepare(ProblemInitializer.java:449)
	at de.uka.ilkd.key.proof.io.AbstractProblemLoader.createInitConfig(AbstractProblemLoader.java:518)
	at de.uka.ilkd.key.proof.io.AbstractProblemLoader.loadEnvironment(AbstractProblemLoader.java:288)
	at de.uka.ilkd.key.proof.io.AbstractProblemLoader.load(AbstractProblemLoader.java:252)
	at de.uka.ilkd.key.control.AbstractUserInterfaceControl.load(AbstractUserInterfaceControl.java:209)
	... 7 more
Caused by: java.lang.RuntimeException: Could not find rule file rules/intRulesCheckedSemantics.key
	at de.uka.ilkd.key.proof.io.RuleSourceFactory.fromBuiltInRule(RuleSourceFactory.java:32)
	at de.uka.ilkd.key.proof.io.RuleSourceFactory.fromDefaultLocation(RuleSourceFactory.java:21)
	at de.uka.ilkd.key.nparser.builder.IncludeFinder.addInclude(IncludeFinder.java:63)
	at de.uka.ilkd.key.nparser.builder.IncludeFinder.visitOne_include(IncludeFinder.java:43)
	at de.uka.ilkd.key.nparser.builder.IncludeFinder.visitOne_include(IncludeFinder.java:20)
	at de.uka.ilkd.key.nparser.KeYParser$One_includeContext.accept(KeYParser.java:878)
	at de.uka.ilkd.key.nparser.builder.AbstractBuilder.lambda$mapOf$0(AbstractBuilder.java:112)
	at java.base/java.util.stream.ReferencePipeline$3$1.accept(ReferencePipeline.java:195)
	at java.base/java.util.ArrayList$ArrayListSpliterator.forEachRemaining(ArrayList.java:1655)
	at java.base/java.util.stream.AbstractPipeline.copyInto(AbstractPipeline.java:484)
	at java.base/java.util.stream.AbstractPipeline.wrapAndCopyInto(AbstractPipeline.java:474)
	at java.base/java.util.stream.ReduceOps$ReduceOp.evaluateSequential(ReduceOps.java:913)
	at java.base/java.util.stream.AbstractPipeline.evaluate(AbstractPipeline.java:234)
	at java.base/java.util.stream.ReferencePipeline.collect(ReferencePipeline.java:578)
	at de.uka.ilkd.key.nparser.builder.AbstractBuilder.mapOf(AbstractBuilder.java:112)
	at de.uka.ilkd.key.nparser.builder.IncludeFinder.visitOne_include_statement(IncludeFinder.java:35)
	at de.uka.ilkd.key.nparser.builder.IncludeFinder.visitOne_include_statement(IncludeFinder.java:20)
	at de.uka.ilkd.key.nparser.KeYParser$One_include_statementContext.accept(KeYParser.java:802)
	at org.antlr.v4.runtime.tree.AbstractParseTreeVisitor.visitChildren(AbstractParseTreeVisitor.java:46)
	at de.uka.ilkd.key.nparser.KeYParserBaseVisitor.visitDecls(KeYParserBaseVisitor.java:30)
	at de.uka.ilkd.key.nparser.KeYParser$DeclsContext.accept(KeYParser.java:500)
	at org.antlr.v4.runtime.tree.AbstractParseTreeVisitor.visitChildren(AbstractParseTreeVisitor.java:46)
	at de.uka.ilkd.key.nparser.KeYParserBaseVisitor.visitFile(KeYParserBaseVisitor.java:23)
	at de.uka.ilkd.key.nparser.KeYParser$FileContext.accept(KeYParser.java:306)
	at de.uka.ilkd.key.nparser.KeyAst.accept(KeyAst.java:41)
	at de.uka.ilkd.key.nparser.KeyAst$File.getIncludes(KeyAst.java:76)
	at de.uka.ilkd.key.proof.io.KeYFile.readIncludes(KeYFile.java:208)
	... 14 more
Could not find rule file rules/intRulesCheckedSemantics.key (file: /home/runner/work/key/key/key.core/../key.ui/examples/index/../InformationFlow/ToyBanking/banking_example.UserAccount(banking_example.UserAccount__tryLogin(int,(C)).JML normal_behavior operation contract.0.key; caused by: de.uka.ilkd.key.proof.init.ProofInputException: Could not find rule file rules/intRulesCheckedSemantics.key)
	at de.uka.ilkd.key.control.AbstractUserInterfaceControl.load(AbstractUserInterfaceControl.java:221)
	at de.uka.ilkd.key.control.KeYEnvironment.load(KeYEnvironment.java:251)
	at de.uka.ilkd.key.control.KeYEnvironment.load(KeYEnvironment.java:224)
	at de.uka.ilkd.key.control.KeYEnvironment.load(KeYEnvironment.java:184)
	at de.uka.ilkd.key.control.KeYEnvironment.load(KeYEnvironment.java:261)
	at de.uka.ilkd.key.proof.runallproofs.proofcollection.TestFile.load(TestFile.java:270)
	at de.uka.ilkd.key.proof.runallproofs.proofcollection.TestFile.runKey(TestFile.java:160)
	at de.uka.ilkd.key.proof.runallproofs.proofcollection.ForkedTestFileRunner.main(ForkedTestFileRunner.java:171)
Caused by: de.uka.ilkd.key.proof.init.ProofInputException: Could not find rule file rules/intRulesCheckedSemantics.key
	at de.uka.ilkd.key.proof.io.KeYFile.readIncludes(KeYFile.java:210)
	at de.uka.ilkd.key.proof.init.ProblemInitializer.readIncludes(ProblemInitializer.java:177)
	at de.uka.ilkd.key.proof.init.ProblemInitializer.readEnvInput(ProblemInitializer.java:325)
	at de.uka.ilkd.key.proof.init.ProblemInitializer.prepare(ProblemInitializer.java:449)
	at de.uka.ilkd.key.proof.io.AbstractProblemLoader.createInitConfig(AbstractProblemLoader.java:518)
	at de.uka.ilkd.key.proof.io.AbstractProblemLoader.loadEnvironment(AbstractProblemLoader.java:288)
	at de.uka.ilkd.key.proof.io.AbstractProblemLoader.load(AbstractProblemLoader.java:252)
	at de.uka.ilkd.key.control.AbstractUserInterfaceControl.load(AbstractUserInterfaceControl.java:209)
	... 7 more
Caused by: java.lang.RuntimeException: Could not find rule file rules/intRulesCheckedSemantics.key
	at de.uka.ilkd.key.proof.io.RuleSourceFactory.fromBuiltInRule(RuleSourceFactory.java:32)
	at de.uka.ilkd.key.proof.io.RuleSourceFactory.fromDefaultLocation(RuleSourceFactory.java:21)
	at de.uka.ilkd.key.nparser.builder.IncludeFinder.addInclude(IncludeFinder.java:63)
	at de.uka.ilkd.key.nparser.builder.IncludeFinder.visitOne_include(IncludeFinder.java:43)
	at de.uka.ilkd.key.nparser.builder.IncludeFinder.visitOne_include(IncludeFinder.java:20)
	at de.uka.ilkd.key.nparser.KeYParser$One_includeContext.accept(KeYParser.java:878)
	at de.uka.ilkd.key.nparser.builder.AbstractBuilder.lambda$mapOf$0(AbstractBuilder.java:112)
	at java.base/java.util.stream.ReferencePipeline$3$1.accept(ReferencePipeline.java:195)
	at java.base/java.util.ArrayList$ArrayListSpliterator.forEachRemaining(ArrayList.java:1655)
	at java.base/java.util.stream.AbstractPipeline.copyInto(AbstractPipeline.java:484)
	at java.base/java.util.stream.AbstractPipeline.wrapAndCopyInto(AbstractPipeline.java:474)
	at java.base/java.util.stream.ReduceOps$ReduceOp.evaluateSequential(ReduceOps.java:913)
	at java.base/java.util.stream.AbstractPipeline.evaluate(AbstractPipeline.java:234)
	at java.base/java.util.stream.ReferencePipeline.collect(ReferencePipeline.java:578)
	at de.uka.ilkd.key.nparser.builder.AbstractBuilder.mapOf(AbstractBuilder.java:112)
	at de.uka.ilkd.key.nparser.builder.IncludeFinder.visitOne_include_statement(IncludeFinder.java:35)
	at de.uka.ilkd.key.nparser.builder.IncludeFinder.visitOne_include_statement(IncludeFinder.java:20)
	at de.uka.ilkd.key.nparser.KeYParser$One_include_statementContext.accept(KeYParser.java:802)
	at org.antlr.v4.runtime.tree.AbstractParseTreeVisitor.visitChildren(AbstractParseTreeVisitor.java:46)
	at de.uka.ilkd.key.nparser.KeYParserBaseVisitor.visitDecls(KeYParserBaseVisitor.java:30)
	at de.uka.ilkd.key.nparser.KeYParser$DeclsContext.accept(KeYParser.java:500)
	at org.antlr.v4.runtime.tree.AbstractParseTreeVisitor.visitChildren(AbstractParseTreeVisitor.java:46)
	at de.uka.ilkd.key.nparser.KeYParserBaseVisitor.visitFile(KeYParserBaseVisitor.java:23)
	at de.uka.ilkd.key.nparser.KeYParser$FileContext.accept(KeYParser.java:306)
	at de.uka.ilkd.key.nparser.KeyAst.accept(KeyAst.java:41)
	at de.uka.ilkd.key.nparser.KeyAst$File.getIncludes(KeyAst.java:76)
	at de.uka.ilkd.key.proof.io.KeYFile.readIncludes(KeYFile.java:208)
	... 14 more
Could not find rule file rules/intRulesCheckedSemantics.key (file: /home/runner/work/key/key/key.core/../key.ui/examples/index/../InformationFlow/ToyBanking/banking_example.UserAccount(java.lang.Object___inv_()).JML accessible clause.0.key; caused by: de.uka.ilkd.key.proof.init.ProofInputException: Could not find rule file rules/intRulesCheckedSemantics.key)
	at de.uka.ilkd.key.control.AbstractUserInterfaceControl.load(AbstractUserInterfaceControl.java:221)
	at de.uka.ilkd.key.control.KeYEnvironment.load(KeYEnvironment.java:251)
	at de.uka.ilkd.key.control.KeYEnvironment.load(KeYEnvironment.java:224)
	at de.uka.ilkd.key.control.KeYEnvironment.load(KeYEnvironment.java:184)
	at de.uka.ilkd.key.control.KeYEnvironment.load(KeYEnvironment.java:261)
	at de.uka.ilkd.key.proof.runallproofs.proofcollection.TestFile.load(TestFile.java:270)
	at de.uka.ilkd.key.proof.runallproofs.proofcollection.TestFile.runKey(TestFile.java:160)
	at de.uka.ilkd.key.proof.runallproofs.proofcollection.ForkedTestFileRunner.main(ForkedTestFileRunner.java:171)
Caused by: de.uka.ilkd.key.proof.init.ProofInputException: Could not find rule file rules/intRulesCheckedSemantics.key
	at de.uka.ilkd.key.proof.io.KeYFile.readIncludes(KeYFile.java:210)
	at de.uka.ilkd.key.proof.init.ProblemInitializer.readIncludes(ProblemInitializer.java:177)
	at de.uka.ilkd.key.proof.init.ProblemInitializer.readEnvInput(ProblemInitializer.java:325)
	at de.uka.ilkd.key.proof.init.ProblemInitializer.prepare(ProblemInitializer.java:449)
	at de.uka.ilkd.key.proof.io.AbstractProblemLoader.createInitConfig(AbstractProblemLoader.java:518)
	at de.uka.ilkd.key.proof.io.AbstractProblemLoader.loadEnvironment(AbstractProblemLoader.java:288)
	at de.uka.ilkd.key.proof.io.AbstractProblemLoader.load(AbstractProblemLoader.java:252)
	at de.uka.ilkd.key.control.AbstractUserInterfaceControl.load(AbstractUserInterfaceControl.java:209)
	... 7 more
Caused by: java.lang.RuntimeException: Could not find rule file rules/intRulesCheckedSemantics.key
	at de.uka.ilkd.key.proof.io.RuleSourceFactory.fromBuiltInRule(RuleSourceFactory.java:32)
	at de.uka.ilkd.key.proof.io.RuleSourceFactory.fromDefaultLocation(RuleSourceFactory.java:21)
	at de.uka.ilkd.key.nparser.builder.IncludeFinder.addInclude(IncludeFinder.java:63)
	at de.uka.ilkd.key.nparser.builder.IncludeFinder.visitOne_include(IncludeFinder.java:43)
	at de.uka.ilkd.key.nparser.builder.IncludeFinder.visitOne_include(IncludeFinder.java:20)
	at de.uka.ilkd.key.nparser.KeYParser$One_includeContext.accept(KeYParser.java:878)
	at de.uka.ilkd.key.nparser.builder.AbstractBuilder.lambda$mapOf$0(AbstractBuilder.java:112)
	at java.base/java.util.stream.ReferencePipeline$3$1.accept(ReferencePipeline.java:195)
	at java.base/java.util.ArrayList$ArrayListSpliterator.forEachRemaining(ArrayList.java:1655)
	at java.base/java.util.stream.AbstractPipeline.copyInto(AbstractPipeline.java:484)
	at java.base/java.util.stream.AbstractPipeline.wrapAndCopyInto(AbstractPipeline.java:474)
	at java.base/java.util.stream.ReduceOps$ReduceOp.evaluateSequential(ReduceOps.java:913)
	at java.base/java.util.stream.AbstractPipeline.evaluate(AbstractPipeline.java:234)
	at java.base/java.util.stream.ReferencePipeline.collect(ReferencePipeline.java:578)
	at de.uka.ilkd.key.nparser.builder.AbstractBuilder.mapOf(AbstractBuilder.java:112)
	at de.uka.ilkd.key.nparser.builder.IncludeFinder.visitOne_include_statement(IncludeFinder.java:35)
	at de.uka.ilkd.key.nparser.builder.IncludeFinder.visitOne_include_statement(IncludeFinder.java:20)
	at de.uka.ilkd.key.nparser.KeYParser$One_include_statementContext.accept(KeYParser.java:802)
	at org.antlr.v4.runtime.tree.AbstractParseTreeVisitor.visitChildren(AbstractParseTreeVisitor.java:46)
	at de.uka.ilkd.key.nparser.KeYParserBaseVisitor.visitDecls(KeYParserBaseVisitor.java:30)
	at de.uka.ilkd.key.nparser.KeYParser$DeclsContext.accept(KeYParser.java:500)
	at org.antlr.v4.runtime.tree.AbstractParseTreeVisitor.visitChildren(AbstractParseTreeVisitor.java:46)
	at de.uka.ilkd.key.nparser.KeYParserBaseVisitor.visitFile(KeYParserBaseVisitor.java:23)
	at de.uka.ilkd.key.nparser.KeYParser$FileContext.accept(KeYParser.java:306)
	at de.uka.ilkd.key.nparser.KeyAst.accept(KeyAst.java:41)
	at de.uka.ilkd.key.nparser.KeyAst$File.getIncludes(KeyAst.java:76)
	at de.uka.ilkd.key.proof.io.KeYFile.readIncludes(KeYFile.java:208)
	... 14 more
Could not find rule file rules/intRulesCheckedSemantics.key (file: /home/runner/work/key/key/key.core/../key.ui/examples/index/../InformationFlow/ToyBanking/banking_example.BankAccount(banking_example.BankAccount__depositMoney(int)).JML normal_behavior operation contract.0.key; caused by: de.uka.ilkd.key.proof.init.ProofInputException: Could not find rule file rules/intRulesCheckedSemantics.key)
	at de.uka.ilkd.key.control.AbstractUserInterfaceControl.load(AbstractUserInterfaceControl.java:221)
	at de.uka.ilkd.key.control.KeYEnvironment.load(KeYEnvironment.java:251)
	at de.uka.ilkd.key.control.KeYEnvironment.load(KeYEnvironment.java:224)
	at de.uka.ilkd.key.control.KeYEnvironment.load(KeYEnvironment.java:184)
	at de.uka.ilkd.key.control.KeYEnvironment.load(KeYEnvironment.java:261)
	at de.uka.ilkd.key.proof.runallproofs.proofcollection.TestFile.load(TestFile.java:270)
	at de.uka.ilkd.key.proof.runallproofs.proofcollection.TestFile.runKey(TestFile.java:160)
	at de.uka.ilkd.key.proof.runallproofs.proofcollection.ForkedTestFileRunner.main(ForkedTestFileRunner.java:171)
Caused by: de.uka.ilkd.key.proof.init.ProofInputException: Could not find rule file rules/intRulesCheckedSemantics.key
	at de.uka.ilkd.key.proof.io.KeYFile.readIncludes(KeYFile.java:210)
	at de.uka.ilkd.key.proof.init.ProblemInitializer.readIncludes(ProblemInitializer.java:177)
	at de.uka.ilkd.key.proof.init.ProblemInitializer.readEnvInput(ProblemInitializer.java:325)
	at de.uka.ilkd.key.proof.init.ProblemInitializer.prepare(ProblemInitializer.java:449)
	at de.uka.ilkd.key.proof.io.AbstractProblemLoader.createInitConfig(AbstractProblemLoader.java:518)
	at de.uka.ilkd.key.proof.io.AbstractProblemLoader.loadEnvironment(AbstractProblemLoader.java:288)
	at de.uka.ilkd.key.proof.io.AbstractProblemLoader.load(AbstractProblemLoader.java:252)
	at de.uka.ilkd.key.control.AbstractUserInterfaceControl.load(AbstractUserInterfaceControl.java:209)
	... 7 more
Caused by: java.lang.RuntimeException: Could not find rule file rules/intRulesCheckedSemantics.key
	at de.uka.ilkd.key.proof.io.RuleSourceFactory.fromBuiltInRule(RuleSourceFactory.java:32)
	at de.uka.ilkd.key.proof.io.RuleSourceFactory.fromDefaultLocation(RuleSourceFactory.java:21)
	at de.uka.ilkd.key.nparser.builder.IncludeFinder.addInclude(IncludeFinder.java:63)
	at de.uka.ilkd.key.nparser.builder.IncludeFinder.visitOne_include(IncludeFinder.java:43)
	at de.uka.ilkd.key.nparser.builder.IncludeFinder.visitOne_include(IncludeFinder.java:20)
	at de.uka.ilkd.key.nparser.KeYParser$One_includeContext.accept(KeYParser.java:878)
	at de.uka.ilkd.key.nparser.builder.AbstractBuilder.lambda$mapOf$0(AbstractBuilder.java:112)
	at java.base/java.util.stream.ReferencePipeline$3$1.accept(ReferencePipeline.java:195)
	at java.base/java.util.ArrayList$ArrayListSpliterator.forEachRemaining(ArrayList.java:1655)
	at java.base/java.util.stream.AbstractPipeline.copyInto(AbstractPipeline.java:484)
	at java.base/java.util.stream.AbstractPipeline.wrapAndCopyInto(AbstractPipeline.java:474)
	at java.base/java.util.stream.ReduceOps$ReduceOp.evaluateSequential(ReduceOps.java:913)
	at java.base/java.util.stream.AbstractPipeline.evaluate(AbstractPipeline.java:234)
	at java.base/java.util.stream.ReferencePipeline.collect(ReferencePipeline.java:578)
	at de.uka.ilkd.key.nparser.builder.AbstractBuilder.mapOf(AbstractBuilder.java:112)
	at de.uka.ilkd.key.nparser.builder.IncludeFinder.visitOne_include_statement(IncludeFinder.java:35)
	at de.uka.ilkd.key.nparser.builder.IncludeFinder.visitOne_include_statement(IncludeFinder.java:20)
	at de.uka.ilkd.key.nparser.KeYParser$One_include_statementContext.accept(KeYParser.java:802)
	at org.antlr.v4.runtime.tree.AbstractParseTreeVisitor.visitChildren(AbstractParseTreeVisitor.java:46)
	at de.uka.ilkd.key.nparser.KeYParserBaseVisitor.visitDecls(KeYParserBaseVisitor.java:30)
	at de.uka.ilkd.key.nparser.KeYParser$DeclsContext.accept(KeYParser.java:500)
	at org.antlr.v4.runtime.tree.AbstractParseTreeVisitor.visitChildren(AbstractParseTreeVisitor.java:46)
	at de.uka.ilkd.key.nparser.KeYParserBaseVisitor.visitFile(KeYParserBaseVisitor.java:23)
	at de.uka.ilkd.key.nparser.KeYParser$FileContext.accept(KeYParser.java:306)
	at de.uka.ilkd.key.nparser.KeyAst.accept(KeyAst.java:41)
	at de.uka.ilkd.key.nparser.KeyAst$File.getIncludes(KeyAst.java:76)
	at de.uka.ilkd.key.proof.io.KeYFile.readIncludes(KeYFile.java:208)
	... 14 more
Could not find rule file rules/intRulesCheckedSemantics.key (file: /home/runner/work/key/key/key.core/../key.ui/examples/index/../InformationFlow/ToyBanking/banking_example.BankAccount(banking_example.BankAccount__getBalance()).JML normal_behavior operation contract.0.key; caused by: de.uka.ilkd.key.proof.init.ProofInputException: Could not find rule file rules/intRulesCheckedSemantics.key)
	at de.uka.ilkd.key.control.AbstractUserInterfaceControl.load(AbstractUserInterfaceControl.java:221)
	at de.uka.ilkd.key.control.KeYEnvironment.load(KeYEnvironment.java:251)
	at de.uka.ilkd.key.control.KeYEnvironment.load(KeYEnvironment.java:224)
	at de.uka.ilkd.key.control.KeYEnvironment.load(KeYEnvironment.java:184)
	at de.uka.ilkd.key.control.KeYEnvironment.load(KeYEnvironment.java:261)
	at de.uka.ilkd.key.proof.runallproofs.proofcollection.TestFile.load(TestFile.java:270)
	at de.uka.ilkd.key.proof.runallproofs.proofcollection.TestFile.runKey(TestFile.java:160)
	at de.uka.ilkd.key.proof.runallproofs.proofcollection.ForkedTestFileRunner.main(ForkedTestFileRunner.java:171)
Caused by: de.uka.ilkd.key.proof.init.ProofInputException: Could not find rule file rules/intRulesCheckedSemantics.key
	at de.uka.ilkd.key.proof.io.KeYFile.readIncludes(KeYFile.java:210)
	at de.uka.ilkd.key.proof.init.ProblemInitializer.readIncludes(ProblemInitializer.java:177)
	at de.uka.ilkd.key.proof.init.ProblemInitializer.readEnvInput(ProblemInitializer.java:325)
	at de.uka.ilkd.key.proof.init.ProblemInitializer.prepare(ProblemInitializer.java:449)
	at de.uka.ilkd.key.proof.io.AbstractProblemLoader.createInitConfig(AbstractProblemLoader.java:518)
	at de.uka.ilkd.key.proof.io.AbstractProblemLoader.loadEnvironment(AbstractProblemLoader.java:288)
	at de.uka.ilkd.key.proof.io.AbstractProblemLoader.load(AbstractProblemLoader.java:252)
	at de.uka.ilkd.key.control.AbstractUserInterfaceControl.load(AbstractUserInterfaceControl.java:209)
	... 7 more
Caused by: java.lang.RuntimeException: Could not find rule file rules/intRulesCheckedSemantics.key
	at de.uka.ilkd.key.proof.io.RuleSourceFactory.fromBuiltInRule(RuleSourceFactory.java:32)
	at de.uka.ilkd.key.proof.io.RuleSourceFactory.fromDefaultLocation(RuleSourceFactory.java:21)
	at de.uka.ilkd.key.nparser.builder.IncludeFinder.addInclude(IncludeFinder.java:63)
	at de.uka.ilkd.key.nparser.builder.IncludeFinder.visitOne_include(IncludeFinder.java:43)
	at de.uka.ilkd.key.nparser.builder.IncludeFinder.visitOne_include(IncludeFinder.java:20)
	at de.uka.ilkd.key.nparser.KeYParser$One_includeContext.accept(KeYParser.java:878)
	at de.uka.ilkd.key.nparser.builder.AbstractBuilder.lambda$mapOf$0(AbstractBuilder.java:112)
	at java.base/java.util.stream.ReferencePipeline$3$1.accept(ReferencePipeline.java:195)
	at java.base/java.util.ArrayList$ArrayListSpliterator.forEachRemaining(ArrayList.java:1655)
	at java.base/java.util.stream.AbstractPipeline.copyInto(AbstractPipeline.java:484)
	at java.base/java.util.stream.AbstractPipeline.wrapAndCopyInto(AbstractPipeline.java:474)
	at java.base/java.util.stream.ReduceOps$ReduceOp.evaluateSequential(ReduceOps.java:913)
	at java.base/java.util.stream.AbstractPipeline.evaluate(AbstractPipeline.java:234)
	at java.base/java.util.stream.ReferencePipeline.collect(ReferencePipeline.java:578)
	at de.uka.ilkd.key.nparser.builder.AbstractBuilder.mapOf(AbstractBuilder.java:112)
	at de.uka.ilkd.key.nparser.builder.IncludeFinder.visitOne_include_statement(IncludeFinder.java:35)
	at de.uka.ilkd.key.nparser.builder.IncludeFinder.visitOne_include_statement(IncludeFinder.java:20)
	at de.uka.ilkd.key.nparser.KeYParser$One_include_statementContext.accept(KeYParser.java:802)
	at org.antlr.v4.runtime.tree.AbstractParseTreeVisitor.visitChildren(AbstractParseTreeVisitor.java:46)
	at de.uka.ilkd.key.nparser.KeYParserBaseVisitor.visitDecls(KeYParserBaseVisitor.java:30)
	at de.uka.ilkd.key.nparser.KeYParser$DeclsContext.accept(KeYParser.java:500)
	at org.antlr.v4.runtime.tree.AbstractParseTreeVisitor.visitChildren(AbstractParseTreeVisitor.java:46)
	at de.uka.ilkd.key.nparser.KeYParserBaseVisitor.visitFile(KeYParserBaseVisitor.java:23)
	at de.uka.ilkd.key.nparser.KeYParser$FileContext.accept(KeYParser.java:306)
	at de.uka.ilkd.key.nparser.KeyAst.accept(KeyAst.java:41)
	at de.uka.ilkd.key.nparser.KeyAst$File.getIncludes(KeyAst.java:76)
	at de.uka.ilkd.key.proof.io.KeYFile.readIncludes(KeYFile.java:208)
	... 14 more
Could not find rule file rules/intRulesCheckedSemantics.key (file: /home/runner/work/key/key/key.core/../key.ui/examples/index/../InformationFlow/ToyBanking/banking_example.BankAccount(banking_example.BankAccount__getId()).JML normal_behavior operation contract.0.key; caused by: de.uka.ilkd.key.proof.init.ProofInputException: Could not find rule file rules/intRulesCheckedSemantics.key)
	at de.uka.ilkd.key.control.AbstractUserInterfaceControl.load(AbstractUserInterfaceControl.java:221)
	at de.uka.ilkd.key.control.KeYEnvironment.load(KeYEnvironment.java:251)
	at de.uka.ilkd.key.control.KeYEnvironment.load(KeYEnvironment.java:224)
	at de.uka.ilkd.key.control.KeYEnvironment.load(KeYEnvironment.java:184)
	at de.uka.ilkd.key.control.KeYEnvironment.load(KeYEnvironment.java:261)
	at de.uka.ilkd.key.proof.runallproofs.proofcollection.TestFile.load(TestFile.java:270)
	at de.uka.ilkd.key.proof.runallproofs.proofcollection.TestFile.runKey(TestFile.java:160)
	at de.uka.ilkd.key.proof.runallproofs.proofcollection.ForkedTestFileRunner.main(ForkedTestFileRunner.java:171)
Caused by: de.uka.ilkd.key.proof.init.ProofInputException: Could not find rule file rules/intRulesCheckedSemantics.key
	at de.uka.ilkd.key.proof.io.KeYFile.readIncludes(KeYFile.java:210)
	at de.uka.ilkd.key.proof.init.ProblemInitializer.readIncludes(ProblemInitializer.java:177)
	at de.uka.ilkd.key.proof.init.ProblemInitializer.readEnvInput(ProblemInitializer.java:325)
	at de.uka.ilkd.key.proof.init.ProblemInitializer.prepare(ProblemInitializer.java:449)
	at de.uka.ilkd.key.proof.io.AbstractProblemLoader.createInitConfig(AbstractProblemLoader.java:518)
	at de.uka.ilkd.key.proof.io.AbstractProblemLoader.loadEnvironment(AbstractProblemLoader.java:288)
	at de.uka.ilkd.key.proof.io.AbstractProblemLoader.load(AbstractProblemLoader.java:252)
	at de.uka.ilkd.key.control.AbstractUserInterfaceControl.load(AbstractUserInterfaceControl.java:209)
	... 7 more
Caused by: java.lang.RuntimeException: Could not find rule file rules/intRulesCheckedSemantics.key
	at de.uka.ilkd.key.proof.io.RuleSourceFactory.fromBuiltInRule(RuleSourceFactory.java:32)
	at de.uka.ilkd.key.proof.io.RuleSourceFactory.fromDefaultLocation(RuleSourceFactory.java:21)
	at de.uka.ilkd.key.nparser.builder.IncludeFinder.addInclude(IncludeFinder.java:63)
	at de.uka.ilkd.key.nparser.builder.IncludeFinder.visitOne_include(IncludeFinder.java:43)
	at de.uka.ilkd.key.nparser.builder.IncludeFinder.visitOne_include(IncludeFinder.java:20)
	at de.uka.ilkd.key.nparser.KeYParser$One_includeContext.accept(KeYParser.java:878)
	at de.uka.ilkd.key.nparser.builder.AbstractBuilder.lambda$mapOf$0(AbstractBuilder.java:112)
	at java.base/java.util.stream.ReferencePipeline$3$1.accept(ReferencePipeline.java:195)
	at java.base/java.util.ArrayList$ArrayListSpliterator.forEachRemaining(ArrayList.java:1655)
	at java.base/java.util.stream.AbstractPipeline.copyInto(AbstractPipeline.java:484)
	at java.base/java.util.stream.AbstractPipeline.wrapAndCopyInto(AbstractPipeline.java:474)
	at java.base/java.util.stream.ReduceOps$ReduceOp.evaluateSequential(ReduceOps.java:913)
	at java.base/java.util.stream.AbstractPipeline.evaluate(AbstractPipeline.java:234)
	at java.base/java.util.stream.ReferencePipeline.collect(ReferencePipeline.java:578)
	at de.uka.ilkd.key.nparser.builder.AbstractBuilder.mapOf(AbstractBuilder.java:112)
	at de.uka.ilkd.key.nparser.builder.IncludeFinder.visitOne_include_statement(IncludeFinder.java:35)
	at de.uka.ilkd.key.nparser.builder.IncludeFinder.visitOne_include_statement(IncludeFinder.java:20)
	at de.uka.ilkd.key.nparser.KeYParser$One_include_statementContext.accept(KeYParser.java:802)
	at org.antlr.v4.runtime.tree.AbstractParseTreeVisitor.visitChildren(AbstractParseTreeVisitor.java:46)
	at de.uka.ilkd.key.nparser.KeYParserBaseVisitor.visitDecls(KeYParserBaseVisitor.java:30)
	at de.uka.ilkd.key.nparser.KeYParser$DeclsContext.accept(KeYParser.java:500)
	at org.antlr.v4.runtime.tree.AbstractParseTreeVisitor.visitChildren(AbstractParseTreeVisitor.java:46)
	at de.uka.ilkd.key.nparser.KeYParserBaseVisitor.visitFile(KeYParserBaseVisitor.java:23)
	at de.uka.ilkd.key.nparser.KeYParser$FileContext.accept(KeYParser.java:306)
	at de.uka.ilkd.key.nparser.KeyAst.accept(KeyAst.java:41)
	at de.uka.ilkd.key.nparser.KeyAst$File.getIncludes(KeyAst.java:76)
	at de.uka.ilkd.key.proof.io.KeYFile.readIncludes(KeYFile.java:208)
	... 14 more
Could not find rule file rules/intRulesCheckedSemantics.key (file: /home/runner/work/key/key/key.core/../key.ui/examples/index/../InformationFlow/ToyBanking/banking_example.Bank(banking_example.Bank__login(int,(C)).JML normal_behavior operation contract.0.key; caused by: de.uka.ilkd.key.proof.init.ProofInputException: Could not find rule file rules/intRulesCheckedSemantics.key)
	at de.uka.ilkd.key.control.AbstractUserInterfaceControl.load(AbstractUserInterfaceControl.java:221)
	at de.uka.ilkd.key.control.KeYEnvironment.load(KeYEnvironment.java:251)
	at de.uka.ilkd.key.control.KeYEnvironment.load(KeYEnvironment.java:224)
	at de.uka.ilkd.key.control.KeYEnvironment.load(KeYEnvironment.java:184)
	at de.uka.ilkd.key.control.KeYEnvironment.load(KeYEnvironment.java:261)
	at de.uka.ilkd.key.proof.runallproofs.proofcollection.TestFile.load(TestFile.java:270)
	at de.uka.ilkd.key.proof.runallproofs.proofcollection.TestFile.runKey(TestFile.java:160)
	at de.uka.ilkd.key.proof.runallproofs.proofcollection.ForkedTestFileRunner.main(ForkedTestFileRunner.java:171)
Caused by: de.uka.ilkd.key.proof.init.ProofInputException: Could not find rule file rules/intRulesCheckedSemantics.key
	at de.uka.ilkd.key.proof.io.KeYFile.readIncludes(KeYFile.java:210)
	at de.uka.ilkd.key.proof.init.ProblemInitializer.readIncludes(ProblemInitializer.java:177)
	at de.uka.ilkd.key.proof.init.ProblemInitializer.readEnvInput(ProblemInitializer.java:325)
	at de.uka.ilkd.key.proof.init.ProblemInitializer.prepare(ProblemInitializer.java:449)
	at de.uka.ilkd.key.proof.io.AbstractProblemLoader.createInitConfig(AbstractProblemLoader.java:518)
	at de.uka.ilkd.key.proof.io.AbstractProblemLoader.loadEnvironment(AbstractProblemLoader.java:288)
	at de.uka.ilkd.key.proof.io.AbstractProblemLoader.load(AbstractProblemLoader.java:252)
	at de.uka.ilkd.key.control.AbstractUserInterfaceControl.load(AbstractUserInterfaceControl.java:209)
	... 7 more
Caused by: java.lang.RuntimeException: Could not find rule file rules/intRulesCheckedSemantics.key
	at de.uka.ilkd.key.proof.io.RuleSourceFactory.fromBuiltInRule(RuleSourceFactory.java:32)
	at de.uka.ilkd.key.proof.io.RuleSourceFactory.fromDefaultLocation(RuleSourceFactory.java:21)
	at de.uka.ilkd.key.nparser.builder.IncludeFinder.addInclude(IncludeFinder.java:63)
	at de.uka.ilkd.key.nparser.builder.IncludeFinder.visitOne_include(IncludeFinder.java:43)
	at de.uka.ilkd.key.nparser.builder.IncludeFinder.visitOne_include(IncludeFinder.java:20)
	at de.uka.ilkd.key.nparser.KeYParser$One_includeContext.accept(KeYParser.java:878)
	at de.uka.ilkd.key.nparser.builder.AbstractBuilder.lambda$mapOf$0(AbstractBuilder.java:112)
	at java.base/java.util.stream.ReferencePipeline$3$1.accept(ReferencePipeline.java:195)
	at java.base/java.util.ArrayList$ArrayListSpliterator.forEachRemaining(ArrayList.java:1655)
	at java.base/java.util.stream.AbstractPipeline.copyInto(AbstractPipeline.java:484)
	at java.base/java.util.stream.AbstractPipeline.wrapAndCopyInto(AbstractPipeline.java:474)
	at java.base/java.util.stream.ReduceOps$ReduceOp.evaluateSequential(ReduceOps.java:913)
	at java.base/java.util.stream.AbstractPipeline.evaluate(AbstractPipeline.java:234)
	at java.base/java.util.stream.ReferencePipeline.collect(ReferencePipeline.java:578)
	at de.uka.ilkd.key.nparser.builder.AbstractBuilder.mapOf(AbstractBuilder.java:112)
	at de.uka.ilkd.key.nparser.builder.IncludeFinder.visitOne_include_statement(IncludeFinder.java:35)
	at de.uka.ilkd.key.nparser.builder.IncludeFinder.visitOne_include_statement(IncludeFinder.java:20)
	at de.uka.ilkd.key.nparser.KeYParser$One_include_statementContext.accept(KeYParser.java:802)
	at org.antlr.v4.runtime.tree.AbstractParseTreeVisitor.visitChildren(AbstractParseTreeVisitor.java:46)
	at de.uka.ilkd.key.nparser.KeYParserBaseVisitor.visitDecls(KeYParserBaseVisitor.java:30)
	at de.uka.ilkd.key.nparser.KeYParser$DeclsContext.accept(KeYParser.java:500)
	at org.antlr.v4.runtime.tree.AbstractParseTreeVisitor.visitChildren(AbstractParseTreeVisitor.java:46)
	at de.uka.ilkd.key.nparser.KeYParserBaseVisitor.visitFile(KeYParserBaseVisitor.java:23)
	at de.uka.ilkd.key.nparser.KeYParser$FileContext.accept(KeYParser.java:306)
	at de.uka.ilkd.key.nparser.KeyAst.accept(KeyAst.java:41)
	at de.uka.ilkd.key.nparser.KeyAst$File.getIncludes(KeyAst.java:76)
	at de.uka.ilkd.key.proof.io.KeYFile.readIncludes(KeYFile.java:208)
	... 14 more
Could not find rule file rules/intRulesCheckedSemantics.key (file: /home/runner/work/key/key/key.core/../key.ui/examples/index/../InformationFlow/ToyBanking/banking_example2.UserAccount(banking_example2.UserAccount__getBankAccount(int)).JML normal_behavior operation contract.0.key; caused by: de.uka.ilkd.key.proof.init.ProofInputException: Could not find rule file rules/intRulesCheckedSemantics.key)
	at de.uka.ilkd.key.control.AbstractUserInterfaceControl.load(AbstractUserInterfaceControl.java:221)
	at de.uka.ilkd.key.control.KeYEnvironment.load(KeYEnvironment.java:251)
	at de.uka.ilkd.key.control.KeYEnvironment.load(KeYEnvironment.java:224)
	at de.uka.ilkd.key.control.KeYEnvironment.load(KeYEnvironment.java:184)
	at de.uka.ilkd.key.control.KeYEnvironment.load(KeYEnvironment.java:261)
	at de.uka.ilkd.key.proof.runallproofs.proofcollection.TestFile.load(TestFile.java:270)
	at de.uka.ilkd.key.proof.runallproofs.proofcollection.TestFile.runKey(TestFile.java:160)
	at de.uka.ilkd.key.proof.runallproofs.proofcollection.ForkedTestFileRunner.main(ForkedTestFileRunner.java:171)
Caused by: de.uka.ilkd.key.proof.init.ProofInputException: Could not find rule file rules/intRulesCheckedSemantics.key
	at de.uka.ilkd.key.proof.io.KeYFile.readIncludes(KeYFile.java:210)
	at de.uka.ilkd.key.proof.init.ProblemInitializer.readIncludes(ProblemInitializer.java:177)
	at de.uka.ilkd.key.proof.init.ProblemInitializer.readEnvInput(ProblemInitializer.java:325)
	at de.uka.ilkd.key.proof.init.ProblemInitializer.prepare(ProblemInitializer.java:449)
	at de.uka.ilkd.key.proof.io.AbstractProblemLoader.createInitConfig(AbstractProblemLoader.java:518)
	at de.uka.ilkd.key.proof.io.AbstractProblemLoader.loadEnvironment(AbstractProblemLoader.java:288)
	at de.uka.ilkd.key.proof.io.AbstractProblemLoader.load(AbstractProblemLoader.java:252)
	at de.uka.ilkd.key.control.AbstractUserInterfaceControl.load(AbstractUserInterfaceControl.java:209)
	... 7 more
Caused by: java.lang.RuntimeException: Could not find rule file rules/intRulesCheckedSemantics.key
	at de.uka.ilkd.key.proof.io.RuleSourceFactory.fromBuiltInRule(RuleSourceFactory.java:32)
	at de.uka.ilkd.key.proof.io.RuleSourceFactory.fromDefaultLocation(RuleSourceFactory.java:21)
	at de.uka.ilkd.key.nparser.builder.IncludeFinder.addInclude(IncludeFinder.java:63)
	at de.uka.ilkd.key.nparser.builder.IncludeFinder.visitOne_include(IncludeFinder.java:43)
	at de.uka.ilkd.key.nparser.builder.IncludeFinder.visitOne_include(IncludeFinder.java:20)
	at de.uka.ilkd.key.nparser.KeYParser$One_includeContext.accept(KeYParser.java:878)
	at de.uka.ilkd.key.nparser.builder.AbstractBuilder.lambda$mapOf$0(AbstractBuilder.java:112)
	at java.base/java.util.stream.ReferencePipeline$3$1.accept(ReferencePipeline.java:195)
	at java.base/java.util.ArrayList$ArrayListSpliterator.forEachRemaining(ArrayList.java:1655)
	at java.base/java.util.stream.AbstractPipeline.copyInto(AbstractPipeline.java:484)
	at java.base/java.util.stream.AbstractPipeline.wrapAndCopyInto(AbstractPipeline.java:474)
	at java.base/java.util.stream.ReduceOps$ReduceOp.evaluateSequential(ReduceOps.java:913)
	at java.base/java.util.stream.AbstractPipeline.evaluate(AbstractPipeline.java:234)
	at java.base/java.util.stream.ReferencePipeline.collect(ReferencePipeline.java:578)
	at de.uka.ilkd.key.nparser.builder.AbstractBuilder.mapOf(AbstractBuilder.java:112)
	at de.uka.ilkd.key.nparser.builder.IncludeFinder.visitOne_include_statement(IncludeFinder.java:35)
	at de.uka.ilkd.key.nparser.builder.IncludeFinder.visitOne_include_statement(IncludeFinder.java:20)
	at de.uka.ilkd.key.nparser.KeYParser$One_include_statementContext.accept(KeYParser.java:802)
	at org.antlr.v4.runtime.tree.AbstractParseTreeVisitor.visitChildren(AbstractParseTreeVisitor.java:46)
	at de.uka.ilkd.key.nparser.KeYParserBaseVisitor.visitDecls(KeYParserBaseVisitor.java:30)
	at de.uka.ilkd.key.nparser.KeYParser$DeclsContext.accept(KeYParser.java:500)
	at org.antlr.v4.runtime.tree.AbstractParseTreeVisitor.visitChildren(AbstractParseTreeVisitor.java:46)
	at de.uka.ilkd.key.nparser.KeYParserBaseVisitor.visitFile(KeYParserBaseVisitor.java:23)
	at de.uka.ilkd.key.nparser.KeYParser$FileContext.accept(KeYParser.java:306)
	at de.uka.ilkd.key.nparser.KeyAst.accept(KeyAst.java:41)
	at de.uka.ilkd.key.nparser.KeyAst$File.getIncludes(KeyAst.java:76)
	at de.uka.ilkd.key.proof.io.KeYFile.readIncludes(KeYFile.java:208)
	... 14 more
Could not find rule file rules/intRulesCheckedSemantics.key (file: /home/runner/work/key/key/key.core/../key.ui/examples/index/../InformationFlow/ToyBanking/banking_example2.UserAccount(banking_example2.UserAccount__tryLogin(int,(C)).JML normal_behavior operation contract.0.key; caused by: de.uka.ilkd.key.proof.init.ProofInputException: Could not find rule file rules/intRulesCheckedSemantics.key)
	at de.uka.ilkd.key.control.AbstractUserInterfaceControl.load(AbstractUserInterfaceControl.java:221)
	at de.uka.ilkd.key.control.KeYEnvironment.load(KeYEnvironment.java:251)
	at de.uka.ilkd.key.control.KeYEnvironment.load(KeYEnvironment.java:224)
	at de.uka.ilkd.key.control.KeYEnvironment.load(KeYEnvironment.java:184)
	at de.uka.ilkd.key.control.KeYEnvironment.load(KeYEnvironment.java:261)
	at de.uka.ilkd.key.proof.runallproofs.proofcollection.TestFile.load(TestFile.java:270)
	at de.uka.ilkd.key.proof.runallproofs.proofcollection.TestFile.runKey(TestFile.java:160)
	at de.uka.ilkd.key.proof.runallproofs.proofcollection.ForkedTestFileRunner.main(ForkedTestFileRunner.java:171)
Caused by: de.uka.ilkd.key.proof.init.ProofInputException: Could not find rule file rules/intRulesCheckedSemantics.key
	at de.uka.ilkd.key.proof.io.KeYFile.readIncludes(KeYFile.java:210)
	at de.uka.ilkd.key.proof.init.ProblemInitializer.readIncludes(ProblemInitializer.java:177)
	at de.uka.ilkd.key.proof.init.ProblemInitializer.readEnvInput(ProblemInitializer.java:325)
	at de.uka.ilkd.key.proof.init.ProblemInitializer.prepare(ProblemInitializer.java:449)
	at de.uka.ilkd.key.proof.io.AbstractProblemLoader.createInitConfig(AbstractProblemLoader.java:518)
	at de.uka.ilkd.key.proof.io.AbstractProblemLoader.loadEnvironment(AbstractProblemLoader.java:288)
	at de.uka.ilkd.key.proof.io.AbstractProblemLoader.load(AbstractProblemLoader.java:252)
	at de.uka.ilkd.key.control.AbstractUserInterfaceControl.load(AbstractUserInterfaceControl.java:209)
	... 7 more
Caused by: java.lang.RuntimeException: Could not find rule file rules/intRulesCheckedSemantics.key
	at de.uka.ilkd.key.proof.io.RuleSourceFactory.fromBuiltInRule(RuleSourceFactory.java:32)
	at de.uka.ilkd.key.proof.io.RuleSourceFactory.fromDefaultLocation(RuleSourceFactory.java:21)
	at de.uka.ilkd.key.nparser.builder.IncludeFinder.addInclude(IncludeFinder.java:63)
	at de.uka.ilkd.key.nparser.builder.IncludeFinder.visitOne_include(IncludeFinder.java:43)
	at de.uka.ilkd.key.nparser.builder.IncludeFinder.visitOne_include(IncludeFinder.java:20)
	at de.uka.ilkd.key.nparser.KeYParser$One_includeContext.accept(KeYParser.java:878)
	at de.uka.ilkd.key.nparser.builder.AbstractBuilder.lambda$mapOf$0(AbstractBuilder.java:112)
	at java.base/java.util.stream.ReferencePipeline$3$1.accept(ReferencePipeline.java:195)
	at java.base/java.util.ArrayList$ArrayListSpliterator.forEachRemaining(ArrayList.java:1655)
	at java.base/java.util.stream.AbstractPipeline.copyInto(AbstractPipeline.java:484)
	at java.base/java.util.stream.AbstractPipeline.wrapAndCopyInto(AbstractPipeline.java:474)
	at java.base/java.util.stream.ReduceOps$ReduceOp.evaluateSequential(ReduceOps.java:913)
	at java.base/java.util.stream.AbstractPipeline.evaluate(AbstractPipeline.java:234)
	at java.base/java.util.stream.ReferencePipeline.collect(ReferencePipeline.java:578)
	at de.uka.ilkd.key.nparser.builder.AbstractBuilder.mapOf(AbstractBuilder.java:112)
	at de.uka.ilkd.key.nparser.builder.IncludeFinder.visitOne_include_statement(IncludeFinder.java:35)
	at de.uka.ilkd.key.nparser.builder.IncludeFinder.visitOne_include_statement(IncludeFinder.java:20)
	at de.uka.ilkd.key.nparser.KeYParser$One_include_statementContext.accept(KeYParser.java:802)
	at org.antlr.v4.runtime.tree.AbstractParseTreeVisitor.visitChildren(AbstractParseTreeVisitor.java:46)
	at de.uka.ilkd.key.nparser.KeYParserBaseVisitor.visitDecls(KeYParserBaseVisitor.java:30)
	at de.uka.ilkd.key.nparser.KeYParser$DeclsContext.accept(KeYParser.java:500)
	at org.antlr.v4.runtime.tree.AbstractParseTreeVisitor.visitChildren(AbstractParseTreeVisitor.java:46)
	at de.uka.ilkd.key.nparser.KeYParserBaseVisitor.visitFile(KeYParserBaseVisitor.java:23)
	at de.uka.ilkd.key.nparser.KeYParser$FileContext.accept(KeYParser.java:306)
	at de.uka.ilkd.key.nparser.KeyAst.accept(KeyAst.java:41)
	at de.uka.ilkd.key.nparser.KeyAst$File.getIncludes(KeyAst.java:76)
	at de.uka.ilkd.key.proof.io.KeYFile.readIncludes(KeYFile.java:208)
	... 14 more
Could not find rule file rules/intRulesCheckedSemantics.key (file: /home/runner/work/key/key/key.core/../key.ui/examples/index/../InformationFlow/ToyBanking/banking_example2.UserAccount(java.lang.Object___inv_()).JML accessible clause.0.key; caused by: de.uka.ilkd.key.proof.init.ProofInputException: Could not find rule file rules/intRulesCheckedSemantics.key)
	at de.uka.ilkd.key.control.AbstractUserInterfaceControl.load(AbstractUserInterfaceControl.java:221)
	at de.uka.ilkd.key.control.KeYEnvironment.load(KeYEnvironment.java:251)
	at de.uka.ilkd.key.control.KeYEnvironment.load(KeYEnvironment.java:224)
	at de.uka.ilkd.key.control.KeYEnvironment.load(KeYEnvironment.java:184)
	at de.uka.ilkd.key.control.KeYEnvironment.load(KeYEnvironment.java:261)
	at de.uka.ilkd.key.proof.runallproofs.proofcollection.TestFile.load(TestFile.java:270)
	at de.uka.ilkd.key.proof.runallproofs.proofcollection.TestFile.runKey(TestFile.java:160)
	at de.uka.ilkd.key.proof.runallproofs.proofcollection.ForkedTestFileRunner.main(ForkedTestFileRunner.java:171)
Caused by: de.uka.ilkd.key.proof.init.ProofInputException: Could not find rule file rules/intRulesCheckedSemantics.key
	at de.uka.ilkd.key.proof.io.KeYFile.readIncludes(KeYFile.java:210)
	at de.uka.ilkd.key.proof.init.ProblemInitializer.readIncludes(ProblemInitializer.java:177)
	at de.uka.ilkd.key.proof.init.ProblemInitializer.readEnvInput(ProblemInitializer.java:325)
	at de.uka.ilkd.key.proof.init.ProblemInitializer.prepare(ProblemInitializer.java:449)
	at de.uka.ilkd.key.proof.io.AbstractProblemLoader.createInitConfig(AbstractProblemLoader.java:518)
	at de.uka.ilkd.key.proof.io.AbstractProblemLoader.loadEnvironment(AbstractProblemLoader.java:288)
	at de.uka.ilkd.key.proof.io.AbstractProblemLoader.load(AbstractProblemLoader.java:252)
	at de.uka.ilkd.key.control.AbstractUserInterfaceControl.load(AbstractUserInterfaceControl.java:209)
	... 7 more
Caused by: java.lang.RuntimeException: Could not find rule file rules/intRulesCheckedSemantics.key
	at de.uka.ilkd.key.proof.io.RuleSourceFactory.fromBuiltInRule(RuleSourceFactory.java:32)
	at de.uka.ilkd.key.proof.io.RuleSourceFactory.fromDefaultLocation(RuleSourceFactory.java:21)
	at de.uka.ilkd.key.nparser.builder.IncludeFinder.addInclude(IncludeFinder.java:63)
	at de.uka.ilkd.key.nparser.builder.IncludeFinder.visitOne_include(IncludeFinder.java:43)
	at de.uka.ilkd.key.nparser.builder.IncludeFinder.visitOne_include(IncludeFinder.java:20)
	at de.uka.ilkd.key.nparser.KeYParser$One_includeContext.accept(KeYParser.java:878)
	at de.uka.ilkd.key.nparser.builder.AbstractBuilder.lambda$mapOf$0(AbstractBuilder.java:112)
	at java.base/java.util.stream.ReferencePipeline$3$1.accept(ReferencePipeline.java:195)
	at java.base/java.util.ArrayList$ArrayListSpliterator.forEachRemaining(ArrayList.java:1655)
	at java.base/java.util.stream.AbstractPipeline.copyInto(AbstractPipeline.java:484)
	at java.base/java.util.stream.AbstractPipeline.wrapAndCopyInto(AbstractPipeline.java:474)
	at java.base/java.util.stream.ReduceOps$ReduceOp.evaluateSequential(ReduceOps.java:913)
	at java.base/java.util.stream.AbstractPipeline.evaluate(AbstractPipeline.java:234)
	at java.base/java.util.stream.ReferencePipeline.collect(ReferencePipeline.java:578)
	at de.uka.ilkd.key.nparser.builder.AbstractBuilder.mapOf(AbstractBuilder.java:112)
	at de.uka.ilkd.key.nparser.builder.IncludeFinder.visitOne_include_statement(IncludeFinder.java:35)
	at de.uka.ilkd.key.nparser.builder.IncludeFinder.visitOne_include_statement(IncludeFinder.java:20)
	at de.uka.ilkd.key.nparser.KeYParser$One_include_statementContext.accept(KeYParser.java:802)
	at org.antlr.v4.runtime.tree.AbstractParseTreeVisitor.visitChildren(AbstractParseTreeVisitor.java:46)
	at de.uka.ilkd.key.nparser.KeYParserBaseVisitor.visitDecls(KeYParserBaseVisitor.java:30)
	at de.uka.ilkd.key.nparser.KeYParser$DeclsContext.accept(KeYParser.java:500)
	at org.antlr.v4.runtime.tree.AbstractParseTreeVisitor.visitChildren(AbstractParseTreeVisitor.java:46)
	at de.uka.ilkd.key.nparser.KeYParserBaseVisitor.visitFile(KeYParserBaseVisitor.java:23)
	at de.uka.ilkd.key.nparser.KeYParser$FileContext.accept(KeYParser.java:306)
	at de.uka.ilkd.key.nparser.KeyAst.accept(KeyAst.java:41)
	at de.uka.ilkd.key.nparser.KeyAst$File.getIncludes(KeyAst.java:76)
	at de.uka.ilkd.key.proof.io.KeYFile.readIncludes(KeYFile.java:208)
	... 14 more
Could not find rule file rules/intRulesCheckedSemantics.key (file: /home/runner/work/key/key/key.core/../key.ui/examples/index/../InformationFlow/ToyBanking/banking_example2.BankAccount(banking_example2.BankAccount__depositMoney(int)).JML normal_behavior operation contract.0.key; caused by: de.uka.ilkd.key.proof.init.ProofInputException: Could not find rule file rules/intRulesCheckedSemantics.key)
	at de.uka.ilkd.key.control.AbstractUserInterfaceControl.load(AbstractUserInterfaceControl.java:221)
	at de.uka.ilkd.key.control.KeYEnvironment.load(KeYEnvironment.java:251)
	at de.uka.ilkd.key.control.KeYEnvironment.load(KeYEnvironment.java:224)
	at de.uka.ilkd.key.control.KeYEnvironment.load(KeYEnvironment.java:184)
	at de.uka.ilkd.key.control.KeYEnvironment.load(KeYEnvironment.java:261)
	at de.uka.ilkd.key.proof.runallproofs.proofcollection.TestFile.load(TestFile.java:270)
	at de.uka.ilkd.key.proof.runallproofs.proofcollection.TestFile.runKey(TestFile.java:160)
	at de.uka.ilkd.key.proof.runallproofs.proofcollection.ForkedTestFileRunner.main(ForkedTestFileRunner.java:171)
Caused by: de.uka.ilkd.key.proof.init.ProofInputException: Could not find rule file rules/intRulesCheckedSemantics.key
	at de.uka.ilkd.key.proof.io.KeYFile.readIncludes(KeYFile.java:210)
	at de.uka.ilkd.key.proof.init.ProblemInitializer.readIncludes(ProblemInitializer.java:177)
	at de.uka.ilkd.key.proof.init.ProblemInitializer.readEnvInput(ProblemInitializer.java:325)
	at de.uka.ilkd.key.proof.init.ProblemInitializer.prepare(ProblemInitializer.java:449)
	at de.uka.ilkd.key.proof.io.AbstractProblemLoader.createInitConfig(AbstractProblemLoader.java:518)
	at de.uka.ilkd.key.proof.io.AbstractProblemLoader.loadEnvironment(AbstractProblemLoader.java:288)
	at de.uka.ilkd.key.proof.io.AbstractProblemLoader.load(AbstractProblemLoader.java:252)
	at de.uka.ilkd.key.control.AbstractUserInterfaceControl.load(AbstractUserInterfaceControl.java:209)
	... 7 more
Caused by: java.lang.RuntimeException: Could not find rule file rules/intRulesCheckedSemantics.key
	at de.uka.ilkd.key.proof.io.RuleSourceFactory.fromBuiltInRule(RuleSourceFactory.java:32)
	at de.uka.ilkd.key.proof.io.RuleSourceFactory.fromDefaultLocation(RuleSourceFactory.java:21)
	at de.uka.ilkd.key.nparser.builder.IncludeFinder.addInclude(IncludeFinder.java:63)
	at de.uka.ilkd.key.nparser.builder.IncludeFinder.visitOne_include(IncludeFinder.java:43)
	at de.uka.ilkd.key.nparser.builder.IncludeFinder.visitOne_include(IncludeFinder.java:20)
	at de.uka.ilkd.key.nparser.KeYParser$One_includeContext.accept(KeYParser.java:878)
	at de.uka.ilkd.key.nparser.builder.AbstractBuilder.lambda$mapOf$0(AbstractBuilder.java:112)
	at java.base/java.util.stream.ReferencePipeline$3$1.accept(ReferencePipeline.java:195)
	at java.base/java.util.ArrayList$ArrayListSpliterator.forEachRemaining(ArrayList.java:1655)
	at java.base/java.util.stream.AbstractPipeline.copyInto(AbstractPipeline.java:484)
	at java.base/java.util.stream.AbstractPipeline.wrapAndCopyInto(AbstractPipeline.java:474)
	at java.base/java.util.stream.ReduceOps$ReduceOp.evaluateSequential(ReduceOps.java:913)
	at java.base/java.util.stream.AbstractPipeline.evaluate(AbstractPipeline.java:234)
	at java.base/java.util.stream.ReferencePipeline.collect(ReferencePipeline.java:578)
	at de.uka.ilkd.key.nparser.builder.AbstractBuilder.mapOf(AbstractBuilder.java:112)
	at de.uka.ilkd.key.nparser.builder.IncludeFinder.visitOne_include_statement(IncludeFinder.java:35)
	at de.uka.ilkd.key.nparser.builder.IncludeFinder.visitOne_include_statement(IncludeFinder.java:20)
	at de.uka.ilkd.key.nparser.KeYParser$One_include_statementContext.accept(KeYParser.java:802)
	at org.antlr.v4.runtime.tree.AbstractParseTreeVisitor.visitChildren(AbstractParseTreeVisitor.java:46)
	at de.uka.ilkd.key.nparser.KeYParserBaseVisitor.visitDecls(KeYParserBaseVisitor.java:30)
	at de.uka.ilkd.key.nparser.KeYParser$DeclsContext.accept(KeYParser.java:500)
	at org.antlr.v4.runtime.tree.AbstractParseTreeVisitor.visitChildren(AbstractParseTreeVisitor.java:46)
	at de.uka.ilkd.key.nparser.KeYParserBaseVisitor.visitFile(KeYParserBaseVisitor.java:23)
	at de.uka.ilkd.key.nparser.KeYParser$FileContext.accept(KeYParser.java:306)
	at de.uka.ilkd.key.nparser.KeyAst.accept(KeyAst.java:41)
	at de.uka.ilkd.key.nparser.KeyAst$File.getIncludes(KeyAst.java:76)
	at de.uka.ilkd.key.proof.io.KeYFile.readIncludes(KeYFile.java:208)
	... 14 more
Could not find rule file rules/intRulesCheckedSemantics.key (file: /home/runner/work/key/key/key.core/../key.ui/examples/index/../InformationFlow/ToyBanking/banking_example2.BankAccount(banking_example2.BankAccount__getBalance()).JML normal_behavior operation contract.0.key; caused by: de.uka.ilkd.key.proof.init.ProofInputException: Could not find rule file rules/intRulesCheckedSemantics.key)
	at de.uka.ilkd.key.control.AbstractUserInterfaceControl.load(AbstractUserInterfaceControl.java:221)
	at de.uka.ilkd.key.control.KeYEnvironment.load(KeYEnvironment.java:251)
	at de.uka.ilkd.key.control.KeYEnvironment.load(KeYEnvironment.java:224)
	at de.uka.ilkd.key.control.KeYEnvironment.load(KeYEnvironment.java:184)
	at de.uka.ilkd.key.control.KeYEnvironment.load(KeYEnvironment.java:261)
	at de.uka.ilkd.key.proof.runallproofs.proofcollection.TestFile.load(TestFile.java:270)
	at de.uka.ilkd.key.proof.runallproofs.proofcollection.TestFile.runKey(TestFile.java:160)
	at de.uka.ilkd.key.proof.runallproofs.proofcollection.ForkedTestFileRunner.main(ForkedTestFileRunner.java:171)
Caused by: de.uka.ilkd.key.proof.init.ProofInputException: Could not find rule file rules/intRulesCheckedSemantics.key
	at de.uka.ilkd.key.proof.io.KeYFile.readIncludes(KeYFile.java:210)
	at de.uka.ilkd.key.proof.init.ProblemInitializer.readIncludes(ProblemInitializer.java:177)
	at de.uka.ilkd.key.proof.init.ProblemInitializer.readEnvInput(ProblemInitializer.java:325)
	at de.uka.ilkd.key.proof.init.ProblemInitializer.prepare(ProblemInitializer.java:449)
	at de.uka.ilkd.key.proof.io.AbstractProblemLoader.createInitConfig(AbstractProblemLoader.java:518)
	at de.uka.ilkd.key.proof.io.AbstractProblemLoader.loadEnvironment(AbstractProblemLoader.java:288)
	at de.uka.ilkd.key.proof.io.AbstractProblemLoader.load(AbstractProblemLoader.java:252)
	at de.uka.ilkd.key.control.AbstractUserInterfaceControl.load(AbstractUserInterfaceControl.java:209)
	... 7 more
Caused by: java.lang.RuntimeException: Could not find rule file rules/intRulesCheckedSemantics.key
	at de.uka.ilkd.key.proof.io.RuleSourceFactory.fromBuiltInRule(RuleSourceFactory.java:32)
	at de.uka.ilkd.key.proof.io.RuleSourceFactory.fromDefaultLocation(RuleSourceFactory.java:21)
	at de.uka.ilkd.key.nparser.builder.IncludeFinder.addInclude(IncludeFinder.java:63)
	at de.uka.ilkd.key.nparser.builder.IncludeFinder.visitOne_include(IncludeFinder.java:43)
	at de.uka.ilkd.key.nparser.builder.IncludeFinder.visitOne_include(IncludeFinder.java:20)
	at de.uka.ilkd.key.nparser.KeYParser$One_includeContext.accept(KeYParser.java:878)
	at de.uka.ilkd.key.nparser.builder.AbstractBuilder.lambda$mapOf$0(AbstractBuilder.java:112)
	at java.base/java.util.stream.ReferencePipeline$3$1.accept(ReferencePipeline.java:195)
	at java.base/java.util.ArrayList$ArrayListSpliterator.forEachRemaining(ArrayList.java:1655)
	at java.base/java.util.stream.AbstractPipeline.copyInto(AbstractPipeline.java:484)
	at java.base/java.util.stream.AbstractPipeline.wrapAndCopyInto(AbstractPipeline.java:474)
	at java.base/java.util.stream.ReduceOps$ReduceOp.evaluateSequential(ReduceOps.java:913)
	at java.base/java.util.stream.AbstractPipeline.evaluate(AbstractPipeline.java:234)
	at java.base/java.util.stream.ReferencePipeline.collect(ReferencePipeline.java:578)
	at de.uka.ilkd.key.nparser.builder.AbstractBuilder.mapOf(AbstractBuilder.java:112)
	at de.uka.ilkd.key.nparser.builder.IncludeFinder.visitOne_include_statement(IncludeFinder.java:35)
	at de.uka.ilkd.key.nparser.builder.IncludeFinder.visitOne_include_statement(IncludeFinder.java:20)
	at de.uka.ilkd.key.nparser.KeYParser$One_include_statementContext.accept(KeYParser.java:802)
	at org.antlr.v4.runtime.tree.AbstractParseTreeVisitor.visitChildren(AbstractParseTreeVisitor.java:46)
	at de.uka.ilkd.key.nparser.KeYParserBaseVisitor.visitDecls(KeYParserBaseVisitor.java:30)
	at de.uka.ilkd.key.nparser.KeYParser$DeclsContext.accept(KeYParser.java:500)
	at org.antlr.v4.runtime.tree.AbstractParseTreeVisitor.visitChildren(AbstractParseTreeVisitor.java:46)
	at de.uka.ilkd.key.nparser.KeYParserBaseVisitor.visitFile(KeYParserBaseVisitor.java:23)
	at de.uka.ilkd.key.nparser.KeYParser$FileContext.accept(KeYParser.java:306)
	at de.uka.ilkd.key.nparser.KeyAst.accept(KeyAst.java:41)
	at de.uka.ilkd.key.nparser.KeyAst$File.getIncludes(KeyAst.java:76)
	at de.uka.ilkd.key.proof.io.KeYFile.readIncludes(KeYFile.java:208)
	... 14 more
Could not find rule file rules/intRulesCheckedSemantics.key (file: /home/runner/work/key/key/key.core/../key.ui/examples/index/../InformationFlow/ToyBanking/banking_example2.BankAccount(banking_example2.BankAccount__getId()).JML normal_behavior operation contract.0.key; caused by: de.uka.ilkd.key.proof.init.ProofInputException: Could not find rule file rules/intRulesCheckedSemantics.key)
	at de.uka.ilkd.key.control.AbstractUserInterfaceControl.load(AbstractUserInterfaceControl.java:221)
	at de.uka.ilkd.key.control.KeYEnvironment.load(KeYEnvironment.java:251)
	at de.uka.ilkd.key.control.KeYEnvironment.load(KeYEnvironment.java:224)
	at de.uka.ilkd.key.control.KeYEnvironment.load(KeYEnvironment.java:184)
	at de.uka.ilkd.key.control.KeYEnvironment.load(KeYEnvironment.java:261)
	at de.uka.ilkd.key.proof.runallproofs.proofcollection.TestFile.load(TestFile.java:270)
	at de.uka.ilkd.key.proof.runallproofs.proofcollection.TestFile.runKey(TestFile.java:160)
	at de.uka.ilkd.key.proof.runallproofs.proofcollection.ForkedTestFileRunner.main(ForkedTestFileRunner.java:171)
Caused by: de.uka.ilkd.key.proof.init.ProofInputException: Could not find rule file rules/intRulesCheckedSemantics.key
	at de.uka.ilkd.key.proof.io.KeYFile.readIncludes(KeYFile.java:210)
	at de.uka.ilkd.key.proof.init.ProblemInitializer.readIncludes(ProblemInitializer.java:177)
	at de.uka.ilkd.key.proof.init.ProblemInitializer.readEnvInput(ProblemInitializer.java:325)
	at de.uka.ilkd.key.proof.init.ProblemInitializer.prepare(ProblemInitializer.java:449)
	at de.uka.ilkd.key.proof.io.AbstractProblemLoader.createInitConfig(AbstractProblemLoader.java:518)
	at de.uka.ilkd.key.proof.io.AbstractProblemLoader.loadEnvironment(AbstractProblemLoader.java:288)
	at de.uka.ilkd.key.proof.io.AbstractProblemLoader.load(AbstractProblemLoader.java:252)
	at de.uka.ilkd.key.control.AbstractUserInterfaceControl.load(AbstractUserInterfaceControl.java:209)
	... 7 more
Caused by: java.lang.RuntimeException: Could not find rule file rules/intRulesCheckedSemantics.key
	at de.uka.ilkd.key.proof.io.RuleSourceFactory.fromBuiltInRule(RuleSourceFactory.java:32)
	at de.uka.ilkd.key.proof.io.RuleSourceFactory.fromDefaultLocation(RuleSourceFactory.java:21)
	at de.uka.ilkd.key.nparser.builder.IncludeFinder.addInclude(IncludeFinder.java:63)
	at de.uka.ilkd.key.nparser.builder.IncludeFinder.visitOne_include(IncludeFinder.java:43)
	at de.uka.ilkd.key.nparser.builder.IncludeFinder.visitOne_include(IncludeFinder.java:20)
	at de.uka.ilkd.key.nparser.KeYParser$One_includeContext.accept(KeYParser.java:878)
	at de.uka.ilkd.key.nparser.builder.AbstractBuilder.lambda$mapOf$0(AbstractBuilder.java:112)
	at java.base/java.util.stream.ReferencePipeline$3$1.accept(ReferencePipeline.java:195)
	at java.base/java.util.ArrayList$ArrayListSpliterator.forEachRemaining(ArrayList.java:1655)
	at java.base/java.util.stream.AbstractPipeline.copyInto(AbstractPipeline.java:484)
	at java.base/java.util.stream.AbstractPipeline.wrapAndCopyInto(AbstractPipeline.java:474)
	at java.base/java.util.stream.ReduceOps$ReduceOp.evaluateSequential(ReduceOps.java:913)
	at java.base/java.util.stream.AbstractPipeline.evaluate(AbstractPipeline.java:234)
	at java.base/java.util.stream.ReferencePipeline.collect(ReferencePipeline.java:578)
	at de.uka.ilkd.key.nparser.builder.AbstractBuilder.mapOf(AbstractBuilder.java:112)
	at de.uka.ilkd.key.nparser.builder.IncludeFinder.visitOne_include_statement(IncludeFinder.java:35)
	at de.uka.ilkd.key.nparser.builder.IncludeFinder.visitOne_include_statement(IncludeFinder.java:20)
	at de.uka.ilkd.key.nparser.KeYParser$One_include_statementContext.accept(KeYParser.java:802)
	at org.antlr.v4.runtime.tree.AbstractParseTreeVisitor.visitChildren(AbstractParseTreeVisitor.java:46)
	at de.uka.ilkd.key.nparser.KeYParserBaseVisitor.visitDecls(KeYParserBaseVisitor.java:30)
	at de.uka.ilkd.key.nparser.KeYParser$DeclsContext.accept(KeYParser.java:500)
	at org.antlr.v4.runtime.tree.AbstractParseTreeVisitor.visitChildren(AbstractParseTreeVisitor.java:46)
	at de.uka.ilkd.key.nparser.KeYParserBaseVisitor.visitFile(KeYParserBaseVisitor.java:23)
	at de.uka.ilkd.key.nparser.KeYParser$FileContext.accept(KeYParser.java:306)
	at de.uka.ilkd.key.nparser.KeyAst.accept(KeyAst.java:41)
	at de.uka.ilkd.key.nparser.KeyAst$File.getIncludes(KeyAst.java:76)
	at de.uka.ilkd.key.proof.io.KeYFile.readIncludes(KeYFile.java:208)
	... 14 more
Could not find rule file rules/intRulesCheckedSemantics.key (file: /home/runner/work/key/key/key.core/../key.ui/examples/index/../InformationFlow/ToyBanking/banking_example2.Bank(banking_example2.Bank__login(int,(C)).JML normal_behavior operation contract.0.key; caused by: de.uka.ilkd.key.proof.init.ProofInputException: Could not find rule file rules/intRulesCheckedSemantics.key)
	at de.uka.ilkd.key.control.AbstractUserInterfaceControl.load(AbstractUserInterfaceControl.java:221)
	at de.uka.ilkd.key.control.KeYEnvironment.load(KeYEnvironment.java:251)
	at de.uka.ilkd.key.control.KeYEnvironment.load(KeYEnvironment.java:224)
	at de.uka.ilkd.key.control.KeYEnvironment.load(KeYEnvironment.java:184)
	at de.uka.ilkd.key.control.KeYEnvironment.load(KeYEnvironment.java:261)
	at de.uka.ilkd.key.proof.runallproofs.proofcollection.TestFile.load(TestFile.java:270)
	at de.uka.ilkd.key.proof.runallproofs.proofcollection.TestFile.runKey(TestFile.java:160)
	at de.uka.ilkd.key.proof.runallproofs.proofcollection.ForkedTestFileRunner.main(ForkedTestFileRunner.java:171)
Caused by: de.uka.ilkd.key.proof.init.ProofInputException: Could not find rule file rules/intRulesCheckedSemantics.key
	at de.uka.ilkd.key.proof.io.KeYFile.readIncludes(KeYFile.java:210)
	at de.uka.ilkd.key.proof.init.ProblemInitializer.readIncludes(ProblemInitializer.java:177)
	at de.uka.ilkd.key.proof.init.ProblemInitializer.readEnvInput(ProblemInitializer.java:325)
	at de.uka.ilkd.key.proof.init.ProblemInitializer.prepare(ProblemInitializer.java:449)
	at de.uka.ilkd.key.proof.io.AbstractProblemLoader.createInitConfig(AbstractProblemLoader.java:518)
	at de.uka.ilkd.key.proof.io.AbstractProblemLoader.loadEnvironment(AbstractProblemLoader.java:288)
	at de.uka.ilkd.key.proof.io.AbstractProblemLoader.load(AbstractProblemLoader.java:252)
	at de.uka.ilkd.key.control.AbstractUserInterfaceControl.load(AbstractUserInterfaceControl.java:209)
	... 7 more
Caused by: java.lang.RuntimeException: Could not find rule file rules/intRulesCheckedSemantics.key
	at de.uka.ilkd.key.proof.io.RuleSourceFactory.fromBuiltInRule(RuleSourceFactory.java:32)
	at de.uka.ilkd.key.proof.io.RuleSourceFactory.fromDefaultLocation(RuleSourceFactory.java:21)
	at de.uka.ilkd.key.nparser.builder.IncludeFinder.addInclude(IncludeFinder.java:63)
	at de.uka.ilkd.key.nparser.builder.IncludeFinder.visitOne_include(IncludeFinder.java:43)
	at de.uka.ilkd.key.nparser.builder.IncludeFinder.visitOne_include(IncludeFinder.java:20)
	at de.uka.ilkd.key.nparser.KeYParser$One_includeContext.accept(KeYParser.java:878)
	at de.uka.ilkd.key.nparser.builder.AbstractBuilder.lambda$mapOf$0(AbstractBuilder.java:112)
	at java.base/java.util.stream.ReferencePipeline$3$1.accept(ReferencePipeline.java:195)
	at java.base/java.util.ArrayList$ArrayListSpliterator.forEachRemaining(ArrayList.java:1655)
	at java.base/java.util.stream.AbstractPipeline.copyInto(AbstractPipeline.java:484)
	at java.base/java.util.stream.AbstractPipeline.wrapAndCopyInto(AbstractPipeline.java:474)
	at java.base/java.util.stream.ReduceOps$ReduceOp.evaluateSequential(ReduceOps.java:913)
	at java.base/java.util.stream.AbstractPipeline.evaluate(AbstractPipeline.java:234)
	at java.base/java.util.stream.ReferencePipeline.collect(ReferencePipeline.java:578)
	at de.uka.ilkd.key.nparser.builder.AbstractBuilder.mapOf(AbstractBuilder.java:112)
	at de.uka.ilkd.key.nparser.builder.IncludeFinder.visitOne_include_statement(IncludeFinder.java:35)
	at de.uka.ilkd.key.nparser.builder.IncludeFinder.visitOne_include_statement(IncludeFinder.java:20)
	at de.uka.ilkd.key.nparser.KeYParser$One_include_statementContext.accept(KeYParser.java:802)
	at org.antlr.v4.runtime.tree.AbstractParseTreeVisitor.visitChildren(AbstractParseTreeVisitor.java:46)
	at de.uka.ilkd.key.nparser.KeYParserBaseVisitor.visitDecls(KeYParserBaseVisitor.java:30)
	at de.uka.ilkd.key.nparser.KeYParser$DeclsContext.accept(KeYParser.java:500)
	at org.antlr.v4.runtime.tree.AbstractParseTreeVisitor.visitChildren(AbstractParseTreeVisitor.java:46)
	at de.uka.ilkd.key.nparser.KeYParserBaseVisitor.visitFile(KeYParserBaseVisitor.java:23)
	at de.uka.ilkd.key.nparser.KeYParser$FileContext.accept(KeYParser.java:306)
	at de.uka.ilkd.key.nparser.KeyAst.accept(KeyAst.java:41)
	at de.uka.ilkd.key.nparser.KeyAst$File.getIncludes(KeyAst.java:76)
	at de.uka.ilkd.key.proof.io.KeYFile.readIncludes(KeYFile.java:208)
	... 14 more
Exception in thread "main" org.opentest4j.AssertionFailedError: Exception during the execution of proofs. See log for more details.
	at org.junit.jupiter.api.AssertionUtils.fail(AssertionUtils.java:39)
	at org.junit.jupiter.api.Assertions.fail(Assertions.java:134)
	at de.uka.ilkd.key.proof.runallproofs.proofcollection.ForkedTestFileRunner.main(ForkedTestFileRunner.java:192)
Timeout watcher launched (1000 secs.)
Could not find rule file rules/intRulesCheckedSemantics.key (file: /home/runner/work/key/key/key.core/../key.ui/examples/index/../InformationFlow/BlockContracts/contract.IFBlockExamples(contract.IFBlockExamples__secure_5()).JML operation contract.0.key; caused by: de.uka.ilkd.key.proof.init.ProofInputException: Could not find rule file rules/intRulesCheckedSemantics.key)
	at de.uka.ilkd.key.control.AbstractUserInterfaceControl.load(AbstractUserInterfaceControl.java:221)
	at de.uka.ilkd.key.control.KeYEnvironment.load(KeYEnvironment.java:251)
	at de.uka.ilkd.key.control.KeYEnvironment.load(KeYEnvironment.java:224)
	at de.uka.ilkd.key.control.KeYEnvironment.load(KeYEnvironment.java:184)
	at de.uka.ilkd.key.control.KeYEnvironment.load(KeYEnvironment.java:261)
	at de.uka.ilkd.key.proof.runallproofs.proofcollection.TestFile.load(TestFile.java:270)
	at de.uka.ilkd.key.proof.runallproofs.proofcollection.TestFile.runKey(TestFile.java:160)
	at de.uka.ilkd.key.proof.runallproofs.proofcollection.ForkedTestFileRunner.main(ForkedTestFileRunner.java:171)
Caused by: de.uka.ilkd.key.proof.init.ProofInputException: Could not find rule file rules/intRulesCheckedSemantics.key
	at de.uka.ilkd.key.proof.io.KeYFile.readIncludes(KeYFile.java:210)
	at de.uka.ilkd.key.proof.init.ProblemInitializer.readIncludes(ProblemInitializer.java:177)
	at de.uka.ilkd.key.proof.init.ProblemInitializer.readEnvInput(ProblemInitializer.java:325)
	at de.uka.ilkd.key.proof.init.ProblemInitializer.prepare(ProblemInitializer.java:449)
	at de.uka.ilkd.key.proof.io.AbstractProblemLoader.createInitConfig(AbstractProblemLoader.java:518)
	at de.uka.ilkd.key.proof.io.AbstractProblemLoader.loadEnvironment(AbstractProblemLoader.java:288)
	at de.uka.ilkd.key.proof.io.AbstractProblemLoader.load(AbstractProblemLoader.java:252)
	at de.uka.ilkd.key.control.AbstractUserInterfaceControl.load(AbstractUserInterfaceControl.java:209)
	... 7 more
Caused by: java.lang.RuntimeException: Could not find rule file rules/intRulesCheckedSemantics.key
	at de.uka.ilkd.key.proof.io.RuleSourceFactory.fromBuiltInRule(RuleSourceFactory.java:32)
	at de.uka.ilkd.key.proof.io.RuleSourceFactory.fromDefaultLocation(RuleSourceFactory.java:21)
	at de.uka.ilkd.key.nparser.builder.IncludeFinder.addInclude(IncludeFinder.java:63)
	at de.uka.ilkd.key.nparser.builder.IncludeFinder.visitOne_include(IncludeFinder.java:43)
	at de.uka.ilkd.key.nparser.builder.IncludeFinder.visitOne_include(IncludeFinder.java:20)
	at de.uka.ilkd.key.nparser.KeYParser$One_includeContext.accept(KeYParser.java:878)
	at de.uka.ilkd.key.nparser.builder.AbstractBuilder.lambda$mapOf$0(AbstractBuilder.java:112)
	at java.base/java.util.stream.ReferencePipeline$3$1.accept(ReferencePipeline.java:195)
	at java.base/java.util.ArrayList$ArrayListSpliterator.forEachRemaining(ArrayList.java:1655)
	at java.base/java.util.stream.AbstractPipeline.copyInto(AbstractPipeline.java:484)
	at java.base/java.util.stream.AbstractPipeline.wrapAndCopyInto(AbstractPipeline.java:474)
	at java.base/java.util.stream.ReduceOps$ReduceOp.evaluateSequential(ReduceOps.java:913)
	at java.base/java.util.stream.AbstractPipeline.evaluate(AbstractPipeline.java:234)
	at java.base/java.util.stream.ReferencePipeline.collect(ReferencePipeline.java:578)
	at de.uka.ilkd.key.nparser.builder.AbstractBuilder.mapOf(AbstractBuilder.java:112)
	at de.uka.ilkd.key.nparser.builder.IncludeFinder.visitOne_include_statement(IncludeFinder.java:35)
	at de.uka.ilkd.key.nparser.builder.IncludeFinder.visitOne_include_statement(IncludeFinder.java:20)
	at de.uka.ilkd.key.nparser.KeYParser$One_include_statementContext.accept(KeYParser.java:802)
	at org.antlr.v4.runtime.tree.AbstractParseTreeVisitor.visitChildren(AbstractParseTreeVisitor.java:46)
	at de.uka.ilkd.key.nparser.KeYParserBaseVisitor.visitDecls(KeYParserBaseVisitor.java:30)
	at de.uka.ilkd.key.nparser.KeYParser$DeclsContext.accept(KeYParser.java:500)
	at org.antlr.v4.runtime.tree.AbstractParseTreeVisitor.visitChildren(AbstractParseTreeVisitor.java:46)
	at de.uka.ilkd.key.nparser.KeYParserBaseVisitor.visitFile(KeYParserBaseVisitor.java:23)
	at de.uka.ilkd.key.nparser.KeYParser$FileContext.accept(KeYParser.java:306)
	at de.uka.ilkd.key.nparser.KeyAst.accept(KeyAst.java:41)
	at de.uka.ilkd.key.nparser.KeyAst$File.getIncludes(KeyAst.java:76)
	at de.uka.ilkd.key.proof.io.KeYFile.readIncludes(KeYFile.java:208)
	... 14 more
Could not find rule file rules/intRulesCheckedSemantics.key (file: /home/runner/work/key/key/key.core/../key.ui/examples/index/../InformationFlow/BlockContracts/contract.IFBlockExamples(contract.IFBlockExamples__block_no_return_secure(int)).JML operation contract.0.key; caused by: de.uka.ilkd.key.proof.init.ProofInputException: Could not find rule file rules/intRulesCheckedSemantics.key)
	at de.uka.ilkd.key.control.AbstractUserInterfaceControl.load(AbstractUserInterfaceControl.java:221)
	at de.uka.ilkd.key.control.KeYEnvironment.load(KeYEnvironment.java:251)
	at de.uka.ilkd.key.control.KeYEnvironment.load(KeYEnvironment.java:224)
	at de.uka.ilkd.key.control.KeYEnvironment.load(KeYEnvironment.java:184)
	at de.uka.ilkd.key.control.KeYEnvironment.load(KeYEnvironment.java:261)
	at de.uka.ilkd.key.proof.runallproofs.proofcollection.TestFile.load(TestFile.java:270)
	at de.uka.ilkd.key.proof.runallproofs.proofcollection.TestFile.runKey(TestFile.java:160)
	at de.uka.ilkd.key.proof.runallproofs.proofcollection.ForkedTestFileRunner.main(ForkedTestFileRunner.java:171)
Caused by: de.uka.ilkd.key.proof.init.ProofInputException: Could not find rule file rules/intRulesCheckedSemantics.key
	at de.uka.ilkd.key.proof.io.KeYFile.readIncludes(KeYFile.java:210)
	at de.uka.ilkd.key.proof.init.ProblemInitializer.readIncludes(ProblemInitializer.java:177)
	at de.uka.ilkd.key.proof.init.ProblemInitializer.readEnvInput(ProblemInitializer.java:325)
	at de.uka.ilkd.key.proof.init.ProblemInitializer.prepare(ProblemInitializer.java:449)
	at de.uka.ilkd.key.proof.io.AbstractProblemLoader.createInitConfig(AbstractProblemLoader.java:518)
	at de.uka.ilkd.key.proof.io.AbstractProblemLoader.loadEnvironment(AbstractProblemLoader.java:288)
	at de.uka.ilkd.key.proof.io.AbstractProblemLoader.load(AbstractProblemLoader.java:252)
	at de.uka.ilkd.key.control.AbstractUserInterfaceControl.load(AbstractUserInterfaceControl.java:209)
	... 7 more
Caused by: java.lang.RuntimeException: Could not find rule file rules/intRulesCheckedSemantics.key
	at de.uka.ilkd.key.proof.io.RuleSourceFactory.fromBuiltInRule(RuleSourceFactory.java:32)
	at de.uka.ilkd.key.proof.io.RuleSourceFactory.fromDefaultLocation(RuleSourceFactory.java:21)
	at de.uka.ilkd.key.nparser.builder.IncludeFinder.addInclude(IncludeFinder.java:63)
	at de.uka.ilkd.key.nparser.builder.IncludeFinder.visitOne_include(IncludeFinder.java:43)
	at de.uka.ilkd.key.nparser.builder.IncludeFinder.visitOne_include(IncludeFinder.java:20)
	at de.uka.ilkd.key.nparser.KeYParser$One_includeContext.accept(KeYParser.java:878)
	at de.uka.ilkd.key.nparser.builder.AbstractBuilder.lambda$mapOf$0(AbstractBuilder.java:112)
	at java.base/java.util.stream.ReferencePipeline$3$1.accept(ReferencePipeline.java:195)
	at java.base/java.util.ArrayList$ArrayListSpliterator.forEachRemaining(ArrayList.java:1655)
	at java.base/java.util.stream.AbstractPipeline.copyInto(AbstractPipeline.java:484)
	at java.base/java.util.stream.AbstractPipeline.wrapAndCopyInto(AbstractPipeline.java:474)
	at java.base/java.util.stream.ReduceOps$ReduceOp.evaluateSequential(ReduceOps.java:913)
	at java.base/java.util.stream.AbstractPipeline.evaluate(AbstractPipeline.java:234)
	at java.base/java.util.stream.ReferencePipeline.collect(ReferencePipeline.java:578)
	at de.uka.ilkd.key.nparser.builder.AbstractBuilder.mapOf(AbstractBuilder.java:112)
	at de.uka.ilkd.key.nparser.builder.IncludeFinder.visitOne_include_statement(IncludeFinder.java:35)
	at de.uka.ilkd.key.nparser.builder.IncludeFinder.visitOne_include_statement(IncludeFinder.java:20)
	at de.uka.ilkd.key.nparser.KeYParser$One_include_statementContext.accept(KeYParser.java:802)
	at org.antlr.v4.runtime.tree.AbstractParseTreeVisitor.visitChildren(AbstractParseTreeVisitor.java:46)
	at de.uka.ilkd.key.nparser.KeYParserBaseVisitor.visitDecls(KeYParserBaseVisitor.java:30)
	at de.uka.ilkd.key.nparser.KeYParser$DeclsContext.accept(KeYParser.java:500)
	at org.antlr.v4.runtime.tree.AbstractParseTreeVisitor.visitChildren(AbstractParseTreeVisitor.java:46)
	at de.uka.ilkd.key.nparser.KeYParserBaseVisitor.visitFile(KeYParserBaseVisitor.java:23)
	at de.uka.ilkd.key.nparser.KeYParser$FileContext.accept(KeYParser.java:306)
	at de.uka.ilkd.key.nparser.KeyAst.accept(KeyAst.java:41)
	at de.uka.ilkd.key.nparser.KeyAst$File.getIncludes(KeyAst.java:76)
	at de.uka.ilkd.key.proof.io.KeYFile.readIncludes(KeYFile.java:208)
	... 14 more
Could not find rule file rules/intRulesCheckedSemantics.key (file: /home/runner/work/key/key/key.core/../key.ui/examples/index/../InformationFlow/BlockContracts/contract.IFBlockExamples(contract.IFBlockExamples__while_block_insecure(int)).JML operation contract.0.key; caused by: de.uka.ilkd.key.proof.init.ProofInputException: Could not find rule file rules/intRulesCheckedSemantics.key)
	at de.uka.ilkd.key.control.AbstractUserInterfaceControl.load(AbstractUserInterfaceControl.java:221)
	at de.uka.ilkd.key.control.KeYEnvironment.load(KeYEnvironment.java:251)
	at de.uka.ilkd.key.control.KeYEnvironment.load(KeYEnvironment.java:224)
	at de.uka.ilkd.key.control.KeYEnvironment.load(KeYEnvironment.java:184)
	at de.uka.ilkd.key.control.KeYEnvironment.load(KeYEnvironment.java:261)
	at de.uka.ilkd.key.proof.runallproofs.proofcollection.TestFile.load(TestFile.java:270)
	at de.uka.ilkd.key.proof.runallproofs.proofcollection.TestFile.runKey(TestFile.java:160)
	at de.uka.ilkd.key.proof.runallproofs.proofcollection.ForkedTestFileRunner.main(ForkedTestFileRunner.java:171)
Caused by: de.uka.ilkd.key.proof.init.ProofInputException: Could not find rule file rules/intRulesCheckedSemantics.key
	at de.uka.ilkd.key.proof.io.KeYFile.readIncludes(KeYFile.java:210)
	at de.uka.ilkd.key.proof.init.ProblemInitializer.readIncludes(ProblemInitializer.java:177)
	at de.uka.ilkd.key.proof.init.ProblemInitializer.readEnvInput(ProblemInitializer.java:325)
	at de.uka.ilkd.key.proof.init.ProblemInitializer.prepare(ProblemInitializer.java:449)
	at de.uka.ilkd.key.proof.io.AbstractProblemLoader.createInitConfig(AbstractProblemLoader.java:518)
	at de.uka.ilkd.key.proof.io.AbstractProblemLoader.loadEnvironment(AbstractProblemLoader.java:288)
	at de.uka.ilkd.key.proof.io.AbstractProblemLoader.load(AbstractProblemLoader.java:252)
	at de.uka.ilkd.key.control.AbstractUserInterfaceControl.load(AbstractUserInterfaceControl.java:209)
	... 7 more
Caused by: java.lang.RuntimeException: Could not find rule file rules/intRulesCheckedSemantics.key
	at de.uka.ilkd.key.proof.io.RuleSourceFactory.fromBuiltInRule(RuleSourceFactory.java:32)
	at de.uka.ilkd.key.proof.io.RuleSourceFactory.fromDefaultLocation(RuleSourceFactory.java:21)
	at de.uka.ilkd.key.nparser.builder.IncludeFinder.addInclude(IncludeFinder.java:63)
	at de.uka.ilkd.key.nparser.builder.IncludeFinder.visitOne_include(IncludeFinder.java:43)
	at de.uka.ilkd.key.nparser.builder.IncludeFinder.visitOne_include(IncludeFinder.java:20)
	at de.uka.ilkd.key.nparser.KeYParser$One_includeContext.accept(KeYParser.java:878)
	at de.uka.ilkd.key.nparser.builder.AbstractBuilder.lambda$mapOf$0(AbstractBuilder.java:112)
	at java.base/java.util.stream.ReferencePipeline$3$1.accept(ReferencePipeline.java:195)
	at java.base/java.util.ArrayList$ArrayListSpliterator.forEachRemaining(ArrayList.java:1655)
	at java.base/java.util.stream.AbstractPipeline.copyInto(AbstractPipeline.java:484)
	at java.base/java.util.stream.AbstractPipeline.wrapAndCopyInto(AbstractPipeline.java:474)
	at java.base/java.util.stream.ReduceOps$ReduceOp.evaluateSequential(ReduceOps.java:913)
	at java.base/java.util.stream.AbstractPipeline.evaluate(AbstractPipeline.java:234)
	at java.base/java.util.stream.ReferencePipeline.collect(ReferencePipeline.java:578)
	at de.uka.ilkd.key.nparser.builder.AbstractBuilder.mapOf(AbstractBuilder.java:112)
	at de.uka.ilkd.key.nparser.builder.IncludeFinder.visitOne_include_statement(IncludeFinder.java:35)
	at de.uka.ilkd.key.nparser.builder.IncludeFinder.visitOne_include_statement(IncludeFinder.java:20)
	at de.uka.ilkd.key.nparser.KeYParser$One_include_statementContext.accept(KeYParser.java:802)
	at org.antlr.v4.runtime.tree.AbstractParseTreeVisitor.visitChildren(AbstractParseTreeVisitor.java:46)
	at de.uka.ilkd.key.nparser.KeYParserBaseVisitor.visitDecls(KeYParserBaseVisitor.java:30)
	at de.uka.ilkd.key.nparser.KeYParser$DeclsContext.accept(KeYParser.java:500)
	at org.antlr.v4.runtime.tree.AbstractParseTreeVisitor.visitChildren(AbstractParseTreeVisitor.java:46)
	at de.uka.ilkd.key.nparser.KeYParserBaseVisitor.visitFile(KeYParserBaseVisitor.java:23)
	at de.uka.ilkd.key.nparser.KeYParser$FileContext.accept(KeYParser.java:306)
	at de.uka.ilkd.key.nparser.KeyAst.accept(KeyAst.java:41)
	at de.uka.ilkd.key.nparser.KeyAst$File.getIncludes(KeyAst.java:76)
	at de.uka.ilkd.key.proof.io.KeYFile.readIncludes(KeYFile.java:208)
	... 14 more
Could not find rule file rules/intRulesCheckedSemantics.key (file: /home/runner/work/key/key/key.core/../key.ui/examples/index/../InformationFlow/BlockContracts/contract.IFBlockExamples(contract.IFBlockExamples__while_block_secure(int)).JML operation contract.0.key; caused by: de.uka.ilkd.key.proof.init.ProofInputException: Could not find rule file rules/intRulesCheckedSemantics.key)
	at de.uka.ilkd.key.control.AbstractUserInterfaceControl.load(AbstractUserInterfaceControl.java:221)
	at de.uka.ilkd.key.control.KeYEnvironment.load(KeYEnvironment.java:251)
	at de.uka.ilkd.key.control.KeYEnvironment.load(KeYEnvironment.java:224)
	at de.uka.ilkd.key.control.KeYEnvironment.load(KeYEnvironment.java:184)
	at de.uka.ilkd.key.control.KeYEnvironment.load(KeYEnvironment.java:261)
	at de.uka.ilkd.key.proof.runallproofs.proofcollection.TestFile.load(TestFile.java:270)
	at de.uka.ilkd.key.proof.runallproofs.proofcollection.TestFile.runKey(TestFile.java:160)
	at de.uka.ilkd.key.proof.runallproofs.proofcollection.ForkedTestFileRunner.main(ForkedTestFileRunner.java:171)
Caused by: de.uka.ilkd.key.proof.init.ProofInputException: Could not find rule file rules/intRulesCheckedSemantics.key
	at de.uka.ilkd.key.proof.io.KeYFile.readIncludes(KeYFile.java:210)
	at de.uka.ilkd.key.proof.init.ProblemInitializer.readIncludes(ProblemInitializer.java:177)
	at de.uka.ilkd.key.proof.init.ProblemInitializer.readEnvInput(ProblemInitializer.java:325)
	at de.uka.ilkd.key.proof.init.ProblemInitializer.prepare(ProblemInitializer.java:449)
	at de.uka.ilkd.key.proof.io.AbstractProblemLoader.createInitConfig(AbstractProblemLoader.java:518)
	at de.uka.ilkd.key.proof.io.AbstractProblemLoader.loadEnvironment(AbstractProblemLoader.java:288)
	at de.uka.ilkd.key.proof.io.AbstractProblemLoader.load(AbstractProblemLoader.java:252)
	at de.uka.ilkd.key.control.AbstractUserInterfaceControl.load(AbstractUserInterfaceControl.java:209)
	... 7 more
Caused by: java.lang.RuntimeException: Could not find rule file rules/intRulesCheckedSemantics.key
	at de.uka.ilkd.key.proof.io.RuleSourceFactory.fromBuiltInRule(RuleSourceFactory.java:32)
	at de.uka.ilkd.key.proof.io.RuleSourceFactory.fromDefaultLocation(RuleSourceFactory.java:21)
	at de.uka.ilkd.key.nparser.builder.IncludeFinder.addInclude(IncludeFinder.java:63)
	at de.uka.ilkd.key.nparser.builder.IncludeFinder.visitOne_include(IncludeFinder.java:43)
	at de.uka.ilkd.key.nparser.builder.IncludeFinder.visitOne_include(IncludeFinder.java:20)
	at de.uka.ilkd.key.nparser.KeYParser$One_includeContext.accept(KeYParser.java:878)
	at de.uka.ilkd.key.nparser.builder.AbstractBuilder.lambda$mapOf$0(AbstractBuilder.java:112)
	at java.base/java.util.stream.ReferencePipeline$3$1.accept(ReferencePipeline.java:195)
	at java.base/java.util.ArrayList$ArrayListSpliterator.forEachRemaining(ArrayList.java:1655)
	at java.base/java.util.stream.AbstractPipeline.copyInto(AbstractPipeline.java:484)
	at java.base/java.util.stream.AbstractPipeline.wrapAndCopyInto(AbstractPipeline.java:474)
	at java.base/java.util.stream.ReduceOps$ReduceOp.evaluateSequential(ReduceOps.java:913)
	at java.base/java.util.stream.AbstractPipeline.evaluate(AbstractPipeline.java:234)
	at java.base/java.util.stream.ReferencePipeline.collect(ReferencePipeline.java:578)
	at de.uka.ilkd.key.nparser.builder.AbstractBuilder.mapOf(AbstractBuilder.java:112)
	at de.uka.ilkd.key.nparser.builder.IncludeFinder.visitOne_include_statement(IncludeFinder.java:35)
	at de.uka.ilkd.key.nparser.builder.IncludeFinder.visitOne_include_statement(IncludeFinder.java:20)
	at de.uka.ilkd.key.nparser.KeYParser$One_include_statementContext.accept(KeYParser.java:802)
	at org.antlr.v4.runtime.tree.AbstractParseTreeVisitor.visitChildren(AbstractParseTreeVisitor.java:46)
	at de.uka.ilkd.key.nparser.KeYParserBaseVisitor.visitDecls(KeYParserBaseVisitor.java:30)
	at de.uka.ilkd.key.nparser.KeYParser$DeclsContext.accept(KeYParser.java:500)
	at org.antlr.v4.runtime.tree.AbstractParseTreeVisitor.visitChildren(AbstractParseTreeVisitor.java:46)
	at de.uka.ilkd.key.nparser.KeYParserBaseVisitor.visitFile(KeYParserBaseVisitor.java:23)
	at de.uka.ilkd.key.nparser.KeYParser$FileContext.accept(KeYParser.java:306)
	at de.uka.ilkd.key.nparser.KeyAst.accept(KeyAst.java:41)
	at de.uka.ilkd.key.nparser.KeyAst$File.getIncludes(KeyAst.java:76)
	at de.uka.ilkd.key.proof.io.KeYFile.readIncludes(KeYFile.java:208)
	... 14 more
Could not find rule file rules/intRulesCheckedSemantics.key (file: /home/runner/work/key/key/key.core/../key.ui/examples/index/../InformationFlow/BlockContracts/contract.IFBlockExamples(contract.IFBlockExamples__block_while_secure(int)).JML operation contract.0.key; caused by: de.uka.ilkd.key.proof.init.ProofInputException: Could not find rule file rules/intRulesCheckedSemantics.key)
	at de.uka.ilkd.key.control.AbstractUserInterfaceControl.load(AbstractUserInterfaceControl.java:221)
	at de.uka.ilkd.key.control.KeYEnvironment.load(KeYEnvironment.java:251)
	at de.uka.ilkd.key.control.KeYEnvironment.load(KeYEnvironment.java:224)
	at de.uka.ilkd.key.control.KeYEnvironment.load(KeYEnvironment.java:184)
	at de.uka.ilkd.key.control.KeYEnvironment.load(KeYEnvironment.java:261)
	at de.uka.ilkd.key.proof.runallproofs.proofcollection.TestFile.load(TestFile.java:270)
	at de.uka.ilkd.key.proof.runallproofs.proofcollection.TestFile.runKey(TestFile.java:160)
	at de.uka.ilkd.key.proof.runallproofs.proofcollection.ForkedTestFileRunner.main(ForkedTestFileRunner.java:171)
Caused by: de.uka.ilkd.key.proof.init.ProofInputException: Could not find rule file rules/intRulesCheckedSemantics.key
	at de.uka.ilkd.key.proof.io.KeYFile.readIncludes(KeYFile.java:210)
	at de.uka.ilkd.key.proof.init.ProblemInitializer.readIncludes(ProblemInitializer.java:177)
	at de.uka.ilkd.key.proof.init.ProblemInitializer.readEnvInput(ProblemInitializer.java:325)
	at de.uka.ilkd.key.proof.init.ProblemInitializer.prepare(ProblemInitializer.java:449)
	at de.uka.ilkd.key.proof.io.AbstractProblemLoader.createInitConfig(AbstractProblemLoader.java:518)
	at de.uka.ilkd.key.proof.io.AbstractProblemLoader.loadEnvironment(AbstractProblemLoader.java:288)
	at de.uka.ilkd.key.proof.io.AbstractProblemLoader.load(AbstractProblemLoader.java:252)
	at de.uka.ilkd.key.control.AbstractUserInterfaceControl.load(AbstractUserInterfaceControl.java:209)
	... 7 more
Caused by: java.lang.RuntimeException: Could not find rule file rules/intRulesCheckedSemantics.key
	at de.uka.ilkd.key.proof.io.RuleSourceFactory.fromBuiltInRule(RuleSourceFactory.java:32)
	at de.uka.ilkd.key.proof.io.RuleSourceFactory.fromDefaultLocation(RuleSourceFactory.java:21)
	at de.uka.ilkd.key.nparser.builder.IncludeFinder.addInclude(IncludeFinder.java:63)
	at de.uka.ilkd.key.nparser.builder.IncludeFinder.visitOne_include(IncludeFinder.java:43)
	at de.uka.ilkd.key.nparser.builder.IncludeFinder.visitOne_include(IncludeFinder.java:20)
	at de.uka.ilkd.key.nparser.KeYParser$One_includeContext.accept(KeYParser.java:878)
	at de.uka.ilkd.key.nparser.builder.AbstractBuilder.lambda$mapOf$0(AbstractBuilder.java:112)
	at java.base/java.util.stream.ReferencePipeline$3$1.accept(ReferencePipeline.java:195)
	at java.base/java.util.ArrayList$ArrayListSpliterator.forEachRemaining(ArrayList.java:1655)
	at java.base/java.util.stream.AbstractPipeline.copyInto(AbstractPipeline.java:484)
	at java.base/java.util.stream.AbstractPipeline.wrapAndCopyInto(AbstractPipeline.java:474)
	at java.base/java.util.stream.ReduceOps$ReduceOp.evaluateSequential(ReduceOps.java:913)
	at java.base/java.util.stream.AbstractPipeline.evaluate(AbstractPipeline.java:234)
	at java.base/java.util.stream.ReferencePipeline.collect(ReferencePipeline.java:578)
	at de.uka.ilkd.key.nparser.builder.AbstractBuilder.mapOf(AbstractBuilder.java:112)
	at de.uka.ilkd.key.nparser.builder.IncludeFinder.visitOne_include_statement(IncludeFinder.java:35)
	at de.uka.ilkd.key.nparser.builder.IncludeFinder.visitOne_include_statement(IncludeFinder.java:20)
	at de.uka.ilkd.key.nparser.KeYParser$One_include_statementContext.accept(KeYParser.java:802)
	at org.antlr.v4.runtime.tree.AbstractParseTreeVisitor.visitChildren(AbstractParseTreeVisitor.java:46)
	at de.uka.ilkd.key.nparser.KeYParserBaseVisitor.visitDecls(KeYParserBaseVisitor.java:30)
	at de.uka.ilkd.key.nparser.KeYParser$DeclsContext.accept(KeYParser.java:500)
	at org.antlr.v4.runtime.tree.AbstractParseTreeVisitor.visitChildren(AbstractParseTreeVisitor.java:46)
	at de.uka.ilkd.key.nparser.KeYParserBaseVisitor.visitFile(KeYParserBaseVisitor.java:23)
	at de.uka.ilkd.key.nparser.KeYParser$FileContext.accept(KeYParser.java:306)
	at de.uka.ilkd.key.nparser.KeyAst.accept(KeyAst.java:41)
	at de.uka.ilkd.key.nparser.KeyAst$File.getIncludes(KeyAst.java:76)
	at de.uka.ilkd.key.proof.io.KeYFile.readIncludes(KeYFile.java:208)
	... 14 more
Could not find rule file rules/intRulesCheckedSemantics.key (file: /home/runner/work/key/key/key.core/../key.ui/examples/index/../InformationFlow/BlockContracts/contract.IFBlockExamples(contract.IFBlockExamples__insecure_4(int)).JML operation contract.0.key; caused by: de.uka.ilkd.key.proof.init.ProofInputException: Could not find rule file rules/intRulesCheckedSemantics.key)
	at de.uka.ilkd.key.control.AbstractUserInterfaceControl.load(AbstractUserInterfaceControl.java:221)
	at de.uka.ilkd.key.control.KeYEnvironment.load(KeYEnvironment.java:251)
	at de.uka.ilkd.key.control.KeYEnvironment.load(KeYEnvironment.java:224)
	at de.uka.ilkd.key.control.KeYEnvironment.load(KeYEnvironment.java:184)
	at de.uka.ilkd.key.control.KeYEnvironment.load(KeYEnvironment.java:261)
	at de.uka.ilkd.key.proof.runallproofs.proofcollection.TestFile.load(TestFile.java:270)
	at de.uka.ilkd.key.proof.runallproofs.proofcollection.TestFile.runKey(TestFile.java:160)
	at de.uka.ilkd.key.proof.runallproofs.proofcollection.ForkedTestFileRunner.main(ForkedTestFileRunner.java:171)
Caused by: de.uka.ilkd.key.proof.init.ProofInputException: Could not find rule file rules/intRulesCheckedSemantics.key
	at de.uka.ilkd.key.proof.io.KeYFile.readIncludes(KeYFile.java:210)
	at de.uka.ilkd.key.proof.init.ProblemInitializer.readIncludes(ProblemInitializer.java:177)
	at de.uka.ilkd.key.proof.init.ProblemInitializer.readEnvInput(ProblemInitializer.java:325)
	at de.uka.ilkd.key.proof.init.ProblemInitializer.prepare(ProblemInitializer.java:449)
	at de.uka.ilkd.key.proof.io.AbstractProblemLoader.createInitConfig(AbstractProblemLoader.java:518)
	at de.uka.ilkd.key.proof.io.AbstractProblemLoader.loadEnvironment(AbstractProblemLoader.java:288)
	at de.uka.ilkd.key.proof.io.AbstractProblemLoader.load(AbstractProblemLoader.java:252)
	at de.uka.ilkd.key.control.AbstractUserInterfaceControl.load(AbstractUserInterfaceControl.java:209)
	... 7 more
Caused by: java.lang.RuntimeException: Could not find rule file rules/intRulesCheckedSemantics.key
	at de.uka.ilkd.key.proof.io.RuleSourceFactory.fromBuiltInRule(RuleSourceFactory.java:32)
	at de.uka.ilkd.key.proof.io.RuleSourceFactory.fromDefaultLocation(RuleSourceFactory.java:21)
	at de.uka.ilkd.key.nparser.builder.IncludeFinder.addInclude(IncludeFinder.java:63)
	at de.uka.ilkd.key.nparser.builder.IncludeFinder.visitOne_include(IncludeFinder.java:43)
	at de.uka.ilkd.key.nparser.builder.IncludeFinder.visitOne_include(IncludeFinder.java:20)
	at de.uka.ilkd.key.nparser.KeYParser$One_includeContext.accept(KeYParser.java:878)
	at de.uka.ilkd.key.nparser.builder.AbstractBuilder.lambda$mapOf$0(AbstractBuilder.java:112)
	at java.base/java.util.stream.ReferencePipeline$3$1.accept(ReferencePipeline.java:195)
	at java.base/java.util.ArrayList$ArrayListSpliterator.forEachRemaining(ArrayList.java:1655)
	at java.base/java.util.stream.AbstractPipeline.copyInto(AbstractPipeline.java:484)
	at java.base/java.util.stream.AbstractPipeline.wrapAndCopyInto(AbstractPipeline.java:474)
	at java.base/java.util.stream.ReduceOps$ReduceOp.evaluateSequential(ReduceOps.java:913)
	at java.base/java.util.stream.AbstractPipeline.evaluate(AbstractPipeline.java:234)
	at java.base/java.util.stream.ReferencePipeline.collect(ReferencePipeline.java:578)
	at de.uka.ilkd.key.nparser.builder.AbstractBuilder.mapOf(AbstractBuilder.java:112)
	at de.uka.ilkd.key.nparser.builder.IncludeFinder.visitOne_include_statement(IncludeFinder.java:35)
	at de.uka.ilkd.key.nparser.builder.IncludeFinder.visitOne_include_statement(IncludeFinder.java:20)
	at de.uka.ilkd.key.nparser.KeYParser$One_include_statementContext.accept(KeYParser.java:802)
	at org.antlr.v4.runtime.tree.AbstractParseTreeVisitor.visitChildren(AbstractParseTreeVisitor.java:46)
	at de.uka.ilkd.key.nparser.KeYParserBaseVisitor.visitDecls(KeYParserBaseVisitor.java:30)
	at de.uka.ilkd.key.nparser.KeYParser$DeclsContext.accept(KeYParser.java:500)
	at org.antlr.v4.runtime.tree.AbstractParseTreeVisitor.visitChildren(AbstractParseTreeVisitor.java:46)
	at de.uka.ilkd.key.nparser.KeYParserBaseVisitor.visitFile(KeYParserBaseVisitor.java:23)
	at de.uka.ilkd.key.nparser.KeYParser$FileContext.accept(KeYParser.java:306)
	at de.uka.ilkd.key.nparser.KeyAst.accept(KeyAst.java:41)
	at de.uka.ilkd.key.nparser.KeyAst$File.getIncludes(KeyAst.java:76)
	at de.uka.ilkd.key.proof.io.KeYFile.readIncludes(KeYFile.java:208)
	... 14 more
Could not find rule file rules/intRulesCheckedSemantics.key (file: /home/runner/work/key/key/key.core/../key.ui/examples/index/../InformationFlow/BlockContracts/contract.IFBlockExamples(contract.IFBlockExamples__insecure_3(int)).JML operation contract.0.key; caused by: de.uka.ilkd.key.proof.init.ProofInputException: Could not find rule file rules/intRulesCheckedSemantics.key)
	at de.uka.ilkd.key.control.AbstractUserInterfaceControl.load(AbstractUserInterfaceControl.java:221)
	at de.uka.ilkd.key.control.KeYEnvironment.load(KeYEnvironment.java:251)
	at de.uka.ilkd.key.control.KeYEnvironment.load(KeYEnvironment.java:224)
	at de.uka.ilkd.key.control.KeYEnvironment.load(KeYEnvironment.java:184)
	at de.uka.ilkd.key.control.KeYEnvironment.load(KeYEnvironment.java:261)
	at de.uka.ilkd.key.proof.runallproofs.proofcollection.TestFile.load(TestFile.java:270)
	at de.uka.ilkd.key.proof.runallproofs.proofcollection.TestFile.runKey(TestFile.java:160)
	at de.uka.ilkd.key.proof.runallproofs.proofcollection.ForkedTestFileRunner.main(ForkedTestFileRunner.java:171)
Caused by: de.uka.ilkd.key.proof.init.ProofInputException: Could not find rule file rules/intRulesCheckedSemantics.key
	at de.uka.ilkd.key.proof.io.KeYFile.readIncludes(KeYFile.java:210)
	at de.uka.ilkd.key.proof.init.ProblemInitializer.readIncludes(ProblemInitializer.java:177)
	at de.uka.ilkd.key.proof.init.ProblemInitializer.readEnvInput(ProblemInitializer.java:325)
	at de.uka.ilkd.key.proof.init.ProblemInitializer.prepare(ProblemInitializer.java:449)
	at de.uka.ilkd.key.proof.io.AbstractProblemLoader.createInitConfig(AbstractProblemLoader.java:518)
	at de.uka.ilkd.key.proof.io.AbstractProblemLoader.loadEnvironment(AbstractProblemLoader.java:288)
	at de.uka.ilkd.key.proof.io.AbstractProblemLoader.load(AbstractProblemLoader.java:252)
	at de.uka.ilkd.key.control.AbstractUserInterfaceControl.load(AbstractUserInterfaceControl.java:209)
	... 7 more
Caused by: java.lang.RuntimeException: Could not find rule file rules/intRulesCheckedSemantics.key
	at de.uka.ilkd.key.proof.io.RuleSourceFactory.fromBuiltInRule(RuleSourceFactory.java:32)
	at de.uka.ilkd.key.proof.io.RuleSourceFactory.fromDefaultLocation(RuleSourceFactory.java:21)
	at de.uka.ilkd.key.nparser.builder.IncludeFinder.addInclude(IncludeFinder.java:63)
	at de.uka.ilkd.key.nparser.builder.IncludeFinder.visitOne_include(IncludeFinder.java:43)
	at de.uka.ilkd.key.nparser.builder.IncludeFinder.visitOne_include(IncludeFinder.java:20)
	at de.uka.ilkd.key.nparser.KeYParser$One_includeContext.accept(KeYParser.java:878)
	at de.uka.ilkd.key.nparser.builder.AbstractBuilder.lambda$mapOf$0(AbstractBuilder.java:112)
	at java.base/java.util.stream.ReferencePipeline$3$1.accept(ReferencePipeline.java:195)
	at java.base/java.util.ArrayList$ArrayListSpliterator.forEachRemaining(ArrayList.java:1655)
	at java.base/java.util.stream.AbstractPipeline.copyInto(AbstractPipeline.java:484)
	at java.base/java.util.stream.AbstractPipeline.wrapAndCopyInto(AbstractPipeline.java:474)
	at java.base/java.util.stream.ReduceOps$ReduceOp.evaluateSequential(ReduceOps.java:913)
	at java.base/java.util.stream.AbstractPipeline.evaluate(AbstractPipeline.java:234)
	at java.base/java.util.stream.ReferencePipeline.collect(ReferencePipeline.java:578)
	at de.uka.ilkd.key.nparser.builder.AbstractBuilder.mapOf(AbstractBuilder.java:112)
	at de.uka.ilkd.key.nparser.builder.IncludeFinder.visitOne_include_statement(IncludeFinder.java:35)
	at de.uka.ilkd.key.nparser.builder.IncludeFinder.visitOne_include_statement(IncludeFinder.java:20)
	at de.uka.ilkd.key.nparser.KeYParser$One_include_statementContext.accept(KeYParser.java:802)
	at org.antlr.v4.runtime.tree.AbstractParseTreeVisitor.visitChildren(AbstractParseTreeVisitor.java:46)
	at de.uka.ilkd.key.nparser.KeYParserBaseVisitor.visitDecls(KeYParserBaseVisitor.java:30)
	at de.uka.ilkd.key.nparser.KeYParser$DeclsContext.accept(KeYParser.java:500)
	at org.antlr.v4.runtime.tree.AbstractParseTreeVisitor.visitChildren(AbstractParseTreeVisitor.java:46)
	at de.uka.ilkd.key.nparser.KeYParserBaseVisitor.visitFile(KeYParserBaseVisitor.java:23)
	at de.uka.ilkd.key.nparser.KeYParser$FileContext.accept(KeYParser.java:306)
	at de.uka.ilkd.key.nparser.KeyAst.accept(KeyAst.java:41)
	at de.uka.ilkd.key.nparser.KeyAst$File.getIncludes(KeyAst.java:76)
	at de.uka.ilkd.key.proof.io.KeYFile.readIncludes(KeYFile.java:208)
	... 14 more
Could not find rule file rules/intRulesCheckedSemantics.key (file: /home/runner/work/key/key/key.core/../key.ui/examples/index/../InformationFlow/BlockContracts/contract.IFBlockExamples(contract.IFBlockExamples__secure_3(int)).JML operation contract.0.key; caused by: de.uka.ilkd.key.proof.init.ProofInputException: Could not find rule file rules/intRulesCheckedSemantics.key)
	at de.uka.ilkd.key.control.AbstractUserInterfaceControl.load(AbstractUserInterfaceControl.java:221)
	at de.uka.ilkd.key.control.KeYEnvironment.load(KeYEnvironment.java:251)
	at de.uka.ilkd.key.control.KeYEnvironment.load(KeYEnvironment.java:224)
	at de.uka.ilkd.key.control.KeYEnvironment.load(KeYEnvironment.java:184)
	at de.uka.ilkd.key.control.KeYEnvironment.load(KeYEnvironment.java:261)
	at de.uka.ilkd.key.proof.runallproofs.proofcollection.TestFile.load(TestFile.java:270)
	at de.uka.ilkd.key.proof.runallproofs.proofcollection.TestFile.runKey(TestFile.java:160)
	at de.uka.ilkd.key.proof.runallproofs.proofcollection.ForkedTestFileRunner.main(ForkedTestFileRunner.java:171)
Caused by: de.uka.ilkd.key.proof.init.ProofInputException: Could not find rule file rules/intRulesCheckedSemantics.key
	at de.uka.ilkd.key.proof.io.KeYFile.readIncludes(KeYFile.java:210)
	at de.uka.ilkd.key.proof.init.ProblemInitializer.readIncludes(ProblemInitializer.java:177)
	at de.uka.ilkd.key.proof.init.ProblemInitializer.readEnvInput(ProblemInitializer.java:325)
	at de.uka.ilkd.key.proof.init.ProblemInitializer.prepare(ProblemInitializer.java:449)
	at de.uka.ilkd.key.proof.io.AbstractProblemLoader.createInitConfig(AbstractProblemLoader.java:518)
	at de.uka.ilkd.key.proof.io.AbstractProblemLoader.loadEnvironment(AbstractProblemLoader.java:288)
	at de.uka.ilkd.key.proof.io.AbstractProblemLoader.load(AbstractProblemLoader.java:252)
	at de.uka.ilkd.key.control.AbstractUserInterfaceControl.load(AbstractUserInterfaceControl.java:209)
	... 7 more
Caused by: java.lang.RuntimeException: Could not find rule file rules/intRulesCheckedSemantics.key
	at de.uka.ilkd.key.proof.io.RuleSourceFactory.fromBuiltInRule(RuleSourceFactory.java:32)
	at de.uka.ilkd.key.proof.io.RuleSourceFactory.fromDefaultLocation(RuleSourceFactory.java:21)
	at de.uka.ilkd.key.nparser.builder.IncludeFinder.addInclude(IncludeFinder.java:63)
	at de.uka.ilkd.key.nparser.builder.IncludeFinder.visitOne_include(IncludeFinder.java:43)
	at de.uka.ilkd.key.nparser.builder.IncludeFinder.visitOne_include(IncludeFinder.java:20)
	at de.uka.ilkd.key.nparser.KeYParser$One_includeContext.accept(KeYParser.java:878)
	at de.uka.ilkd.key.nparser.builder.AbstractBuilder.lambda$mapOf$0(AbstractBuilder.java:112)
	at java.base/java.util.stream.ReferencePipeline$3$1.accept(ReferencePipeline.java:195)
	at java.base/java.util.ArrayList$ArrayListSpliterator.forEachRemaining(ArrayList.java:1655)
	at java.base/java.util.stream.AbstractPipeline.copyInto(AbstractPipeline.java:484)
	at java.base/java.util.stream.AbstractPipeline.wrapAndCopyInto(AbstractPipeline.java:474)
	at java.base/java.util.stream.ReduceOps$ReduceOp.evaluateSequential(ReduceOps.java:913)
	at java.base/java.util.stream.AbstractPipeline.evaluate(AbstractPipeline.java:234)
	at java.base/java.util.stream.ReferencePipeline.collect(ReferencePipeline.java:578)
	at de.uka.ilkd.key.nparser.builder.AbstractBuilder.mapOf(AbstractBuilder.java:112)
	at de.uka.ilkd.key.nparser.builder.IncludeFinder.visitOne_include_statement(IncludeFinder.java:35)
	at de.uka.ilkd.key.nparser.builder.IncludeFinder.visitOne_include_statement(IncludeFinder.java:20)
	at de.uka.ilkd.key.nparser.KeYParser$One_include_statementContext.accept(KeYParser.java:802)
	at org.antlr.v4.runtime.tree.AbstractParseTreeVisitor.visitChildren(AbstractParseTreeVisitor.java:46)
	at de.uka.ilkd.key.nparser.KeYParserBaseVisitor.visitDecls(KeYParserBaseVisitor.java:30)
	at de.uka.ilkd.key.nparser.KeYParser$DeclsContext.accept(KeYParser.java:500)
	at org.antlr.v4.runtime.tree.AbstractParseTreeVisitor.visitChildren(AbstractParseTreeVisitor.java:46)
	at de.uka.ilkd.key.nparser.KeYParserBaseVisitor.visitFile(KeYParserBaseVisitor.java:23)
	at de.uka.ilkd.key.nparser.KeYParser$FileContext.accept(KeYParser.java:306)
	at de.uka.ilkd.key.nparser.KeyAst.accept(KeyAst.java:41)
	at de.uka.ilkd.key.nparser.KeyAst$File.getIncludes(KeyAst.java:76)
	at de.uka.ilkd.key.proof.io.KeYFile.readIncludes(KeYFile.java:208)
	... 14 more
Could not find rule file rules/intRulesCheckedSemantics.key (file: /home/runner/work/key/key/key.core/../key.ui/examples/index/../InformationFlow/BlockContracts/contract.IFBlockExamples(contract.IFBlockExamples__secure_2(int)).JML operation contract.0.key; caused by: de.uka.ilkd.key.proof.init.ProofInputException: Could not find rule file rules/intRulesCheckedSemantics.key)
	at de.uka.ilkd.key.control.AbstractUserInterfaceControl.load(AbstractUserInterfaceControl.java:221)
	at de.uka.ilkd.key.control.KeYEnvironment.load(KeYEnvironment.java:251)
	at de.uka.ilkd.key.control.KeYEnvironment.load(KeYEnvironment.java:224)
	at de.uka.ilkd.key.control.KeYEnvironment.load(KeYEnvironment.java:184)
	at de.uka.ilkd.key.control.KeYEnvironment.load(KeYEnvironment.java:261)
	at de.uka.ilkd.key.proof.runallproofs.proofcollection.TestFile.load(TestFile.java:270)
	at de.uka.ilkd.key.proof.runallproofs.proofcollection.TestFile.runKey(TestFile.java:160)
	at de.uka.ilkd.key.proof.runallproofs.proofcollection.ForkedTestFileRunner.main(ForkedTestFileRunner.java:171)
Caused by: de.uka.ilkd.key.proof.init.ProofInputException: Could not find rule file rules/intRulesCheckedSemantics.key
	at de.uka.ilkd.key.proof.io.KeYFile.readIncludes(KeYFile.java:210)
	at de.uka.ilkd.key.proof.init.ProblemInitializer.readIncludes(ProblemInitializer.java:177)
	at de.uka.ilkd.key.proof.init.ProblemInitializer.readEnvInput(ProblemInitializer.java:325)
	at de.uka.ilkd.key.proof.init.ProblemInitializer.prepare(ProblemInitializer.java:449)
	at de.uka.ilkd.key.proof.io.AbstractProblemLoader.createInitConfig(AbstractProblemLoader.java:518)
	at de.uka.ilkd.key.proof.io.AbstractProblemLoader.loadEnvironment(AbstractProblemLoader.java:288)
	at de.uka.ilkd.key.proof.io.AbstractProblemLoader.load(AbstractProblemLoader.java:252)
	at de.uka.ilkd.key.control.AbstractUserInterfaceControl.load(AbstractUserInterfaceControl.java:209)
	... 7 more
Caused by: java.lang.RuntimeException: Could not find rule file rules/intRulesCheckedSemantics.key
	at de.uka.ilkd.key.proof.io.RuleSourceFactory.fromBuiltInRule(RuleSourceFactory.java:32)
	at de.uka.ilkd.key.proof.io.RuleSourceFactory.fromDefaultLocation(RuleSourceFactory.java:21)
	at de.uka.ilkd.key.nparser.builder.IncludeFinder.addInclude(IncludeFinder.java:63)
	at de.uka.ilkd.key.nparser.builder.IncludeFinder.visitOne_include(IncludeFinder.java:43)
	at de.uka.ilkd.key.nparser.builder.IncludeFinder.visitOne_include(IncludeFinder.java:20)
	at de.uka.ilkd.key.nparser.KeYParser$One_includeContext.accept(KeYParser.java:878)
	at de.uka.ilkd.key.nparser.builder.AbstractBuilder.lambda$mapOf$0(AbstractBuilder.java:112)
	at java.base/java.util.stream.ReferencePipeline$3$1.accept(ReferencePipeline.java:195)
	at java.base/java.util.ArrayList$ArrayListSpliterator.forEachRemaining(ArrayList.java:1655)
	at java.base/java.util.stream.AbstractPipeline.copyInto(AbstractPipeline.java:484)
	at java.base/java.util.stream.AbstractPipeline.wrapAndCopyInto(AbstractPipeline.java:474)
	at java.base/java.util.stream.ReduceOps$ReduceOp.evaluateSequential(ReduceOps.java:913)
	at java.base/java.util.stream.AbstractPipeline.evaluate(AbstractPipeline.java:234)
	at java.base/java.util.stream.ReferencePipeline.collect(ReferencePipeline.java:578)
	at de.uka.ilkd.key.nparser.builder.AbstractBuilder.mapOf(AbstractBuilder.java:112)
	at de.uka.ilkd.key.nparser.builder.IncludeFinder.visitOne_include_statement(IncludeFinder.java:35)
	at de.uka.ilkd.key.nparser.builder.IncludeFinder.visitOne_include_statement(IncludeFinder.java:20)
	at de.uka.ilkd.key.nparser.KeYParser$One_include_statementContext.accept(KeYParser.java:802)
	at org.antlr.v4.runtime.tree.AbstractParseTreeVisitor.visitChildren(AbstractParseTreeVisitor.java:46)
	at de.uka.ilkd.key.nparser.KeYParserBaseVisitor.visitDecls(KeYParserBaseVisitor.java:30)
	at de.uka.ilkd.key.nparser.KeYParser$DeclsContext.accept(KeYParser.java:500)
	at org.antlr.v4.runtime.tree.AbstractParseTreeVisitor.visitChildren(AbstractParseTreeVisitor.java:46)
	at de.uka.ilkd.key.nparser.KeYParserBaseVisitor.visitFile(KeYParserBaseVisitor.java:23)
	at de.uka.ilkd.key.nparser.KeYParser$FileContext.accept(KeYParser.java:306)
	at de.uka.ilkd.key.nparser.KeyAst.accept(KeyAst.java:41)
	at de.uka.ilkd.key.nparser.KeyAst$File.getIncludes(KeyAst.java:76)
	at de.uka.ilkd.key.proof.io.KeYFile.readIncludes(KeYFile.java:208)
	... 14 more
Could not find rule file rules/intRulesCheckedSemantics.key (file: /home/runner/work/key/key/key.core/../key.ui/examples/index/../InformationFlow/BlockContracts/contract.IFBlockExamples(contract.IFBlockExamples__secure_8(int)).JML operation contract.0.key; caused by: de.uka.ilkd.key.proof.init.ProofInputException: Could not find rule file rules/intRulesCheckedSemantics.key)
	at de.uka.ilkd.key.control.AbstractUserInterfaceControl.load(AbstractUserInterfaceControl.java:221)
	at de.uka.ilkd.key.control.KeYEnvironment.load(KeYEnvironment.java:251)
	at de.uka.ilkd.key.control.KeYEnvironment.load(KeYEnvironment.java:224)
	at de.uka.ilkd.key.control.KeYEnvironment.load(KeYEnvironment.java:184)
	at de.uka.ilkd.key.control.KeYEnvironment.load(KeYEnvironment.java:261)
	at de.uka.ilkd.key.proof.runallproofs.proofcollection.TestFile.load(TestFile.java:270)
	at de.uka.ilkd.key.proof.runallproofs.proofcollection.TestFile.runKey(TestFile.java:160)
	at de.uka.ilkd.key.proof.runallproofs.proofcollection.ForkedTestFileRunner.main(ForkedTestFileRunner.java:171)
Caused by: de.uka.ilkd.key.proof.init.ProofInputException: Could not find rule file rules/intRulesCheckedSemantics.key
	at de.uka.ilkd.key.proof.io.KeYFile.readIncludes(KeYFile.java:210)
	at de.uka.ilkd.key.proof.init.ProblemInitializer.readIncludes(ProblemInitializer.java:177)
	at de.uka.ilkd.key.proof.init.ProblemInitializer.readEnvInput(ProblemInitializer.java:325)
	at de.uka.ilkd.key.proof.init.ProblemInitializer.prepare(ProblemInitializer.java:449)
	at de.uka.ilkd.key.proof.io.AbstractProblemLoader.createInitConfig(AbstractProblemLoader.java:518)
	at de.uka.ilkd.key.proof.io.AbstractProblemLoader.loadEnvironment(AbstractProblemLoader.java:288)
	at de.uka.ilkd.key.proof.io.AbstractProblemLoader.load(AbstractProblemLoader.java:252)
	at de.uka.ilkd.key.control.AbstractUserInterfaceControl.load(AbstractUserInterfaceControl.java:209)
	... 7 more
Caused by: java.lang.RuntimeException: Could not find rule file rules/intRulesCheckedSemantics.key
	at de.uka.ilkd.key.proof.io.RuleSourceFactory.fromBuiltInRule(RuleSourceFactory.java:32)
	at de.uka.ilkd.key.proof.io.RuleSourceFactory.fromDefaultLocation(RuleSourceFactory.java:21)
	at de.uka.ilkd.key.nparser.builder.IncludeFinder.addInclude(IncludeFinder.java:63)
	at de.uka.ilkd.key.nparser.builder.IncludeFinder.visitOne_include(IncludeFinder.java:43)
	at de.uka.ilkd.key.nparser.builder.IncludeFinder.visitOne_include(IncludeFinder.java:20)
	at de.uka.ilkd.key.nparser.KeYParser$One_includeContext.accept(KeYParser.java:878)
	at de.uka.ilkd.key.nparser.builder.AbstractBuilder.lambda$mapOf$0(AbstractBuilder.java:112)
	at java.base/java.util.stream.ReferencePipeline$3$1.accept(ReferencePipeline.java:195)
	at java.base/java.util.ArrayList$ArrayListSpliterator.forEachRemaining(ArrayList.java:1655)
	at java.base/java.util.stream.AbstractPipeline.copyInto(AbstractPipeline.java:484)
	at java.base/java.util.stream.AbstractPipeline.wrapAndCopyInto(AbstractPipeline.java:474)
	at java.base/java.util.stream.ReduceOps$ReduceOp.evaluateSequential(ReduceOps.java:913)
	at java.base/java.util.stream.AbstractPipeline.evaluate(AbstractPipeline.java:234)
	at java.base/java.util.stream.ReferencePipeline.collect(ReferencePipeline.java:578)
	at de.uka.ilkd.key.nparser.builder.AbstractBuilder.mapOf(AbstractBuilder.java:112)
	at de.uka.ilkd.key.nparser.builder.IncludeFinder.visitOne_include_statement(IncludeFinder.java:35)
	at de.uka.ilkd.key.nparser.builder.IncludeFinder.visitOne_include_statement(IncludeFinder.java:20)
	at de.uka.ilkd.key.nparser.KeYParser$One_include_statementContext.accept(KeYParser.java:802)
	at org.antlr.v4.runtime.tree.AbstractParseTreeVisitor.visitChildren(AbstractParseTreeVisitor.java:46)
	at de.uka.ilkd.key.nparser.KeYParserBaseVisitor.visitDecls(KeYParserBaseVisitor.java:30)
	at de.uka.ilkd.key.nparser.KeYParser$DeclsContext.accept(KeYParser.java:500)
	at org.antlr.v4.runtime.tree.AbstractParseTreeVisitor.visitChildren(AbstractParseTreeVisitor.java:46)
	at de.uka.ilkd.key.nparser.KeYParserBaseVisitor.visitFile(KeYParserBaseVisitor.java:23)
	at de.uka.ilkd.key.nparser.KeYParser$FileContext.accept(KeYParser.java:306)
	at de.uka.ilkd.key.nparser.KeyAst.accept(KeyAst.java:41)
	at de.uka.ilkd.key.nparser.KeyAst$File.getIncludes(KeyAst.java:76)
	at de.uka.ilkd.key.proof.io.KeYFile.readIncludes(KeYFile.java:208)
	... 14 more
Could not find rule file rules/intRulesCheckedSemantics.key (file: /home/runner/work/key/key/key.core/../key.ui/examples/index/../InformationFlow/BlockContracts/contract.IFBlockExamples(contract.IFBlockExamples__secure_7(int)).JML operation contract.0.key; caused by: de.uka.ilkd.key.proof.init.ProofInputException: Could not find rule file rules/intRulesCheckedSemantics.key)
	at de.uka.ilkd.key.control.AbstractUserInterfaceControl.load(AbstractUserInterfaceControl.java:221)
	at de.uka.ilkd.key.control.KeYEnvironment.load(KeYEnvironment.java:251)
	at de.uka.ilkd.key.control.KeYEnvironment.load(KeYEnvironment.java:224)
	at de.uka.ilkd.key.control.KeYEnvironment.load(KeYEnvironment.java:184)
	at de.uka.ilkd.key.control.KeYEnvironment.load(KeYEnvironment.java:261)
	at de.uka.ilkd.key.proof.runallproofs.proofcollection.TestFile.load(TestFile.java:270)
	at de.uka.ilkd.key.proof.runallproofs.proofcollection.TestFile.runKey(TestFile.java:160)
	at de.uka.ilkd.key.proof.runallproofs.proofcollection.ForkedTestFileRunner.main(ForkedTestFileRunner.java:171)
Caused by: de.uka.ilkd.key.proof.init.ProofInputException: Could not find rule file rules/intRulesCheckedSemantics.key
	at de.uka.ilkd.key.proof.io.KeYFile.readIncludes(KeYFile.java:210)
	at de.uka.ilkd.key.proof.init.ProblemInitializer.readIncludes(ProblemInitializer.java:177)
	at de.uka.ilkd.key.proof.init.ProblemInitializer.readEnvInput(ProblemInitializer.java:325)
	at de.uka.ilkd.key.proof.init.ProblemInitializer.prepare(ProblemInitializer.java:449)
	at de.uka.ilkd.key.proof.io.AbstractProblemLoader.createInitConfig(AbstractProblemLoader.java:518)
	at de.uka.ilkd.key.proof.io.AbstractProblemLoader.loadEnvironment(AbstractProblemLoader.java:288)
	at de.uka.ilkd.key.proof.io.AbstractProblemLoader.load(AbstractProblemLoader.java:252)
	at de.uka.ilkd.key.control.AbstractUserInterfaceControl.load(AbstractUserInterfaceControl.java:209)
	... 7 more
Caused by: java.lang.RuntimeException: Could not find rule file rules/intRulesCheckedSemantics.key
	at de.uka.ilkd.key.proof.io.RuleSourceFactory.fromBuiltInRule(RuleSourceFactory.java:32)
	at de.uka.ilkd.key.proof.io.RuleSourceFactory.fromDefaultLocation(RuleSourceFactory.java:21)
	at de.uka.ilkd.key.nparser.builder.IncludeFinder.addInclude(IncludeFinder.java:63)
	at de.uka.ilkd.key.nparser.builder.IncludeFinder.visitOne_include(IncludeFinder.java:43)
	at de.uka.ilkd.key.nparser.builder.IncludeFinder.visitOne_include(IncludeFinder.java:20)
	at de.uka.ilkd.key.nparser.KeYParser$One_includeContext.accept(KeYParser.java:878)
	at de.uka.ilkd.key.nparser.builder.AbstractBuilder.lambda$mapOf$0(AbstractBuilder.java:112)
	at java.base/java.util.stream.ReferencePipeline$3$1.accept(ReferencePipeline.java:195)
	at java.base/java.util.ArrayList$ArrayListSpliterator.forEachRemaining(ArrayList.java:1655)
	at java.base/java.util.stream.AbstractPipeline.copyInto(AbstractPipeline.java:484)
	at java.base/java.util.stream.AbstractPipeline.wrapAndCopyInto(AbstractPipeline.java:474)
	at java.base/java.util.stream.ReduceOps$ReduceOp.evaluateSequential(ReduceOps.java:913)
	at java.base/java.util.stream.AbstractPipeline.evaluate(AbstractPipeline.java:234)
	at java.base/java.util.stream.ReferencePipeline.collect(ReferencePipeline.java:578)
	at de.uka.ilkd.key.nparser.builder.AbstractBuilder.mapOf(AbstractBuilder.java:112)
	at de.uka.ilkd.key.nparser.builder.IncludeFinder.visitOne_include_statement(IncludeFinder.java:35)
	at de.uka.ilkd.key.nparser.builder.IncludeFinder.visitOne_include_statement(IncludeFinder.java:20)
	at de.uka.ilkd.key.nparser.KeYParser$One_include_statementContext.accept(KeYParser.java:802)
	at org.antlr.v4.runtime.tree.AbstractParseTreeVisitor.visitChildren(AbstractParseTreeVisitor.java:46)
	at de.uka.ilkd.key.nparser.KeYParserBaseVisitor.visitDecls(KeYParserBaseVisitor.java:30)
	at de.uka.ilkd.key.nparser.KeYParser$DeclsContext.accept(KeYParser.java:500)
	at org.antlr.v4.runtime.tree.AbstractParseTreeVisitor.visitChildren(AbstractParseTreeVisitor.java:46)
	at de.uka.ilkd.key.nparser.KeYParserBaseVisitor.visitFile(KeYParserBaseVisitor.java:23)
	at de.uka.ilkd.key.nparser.KeYParser$FileContext.accept(KeYParser.java:306)
	at de.uka.ilkd.key.nparser.KeyAst.accept(KeyAst.java:41)
	at de.uka.ilkd.key.nparser.KeyAst$File.getIncludes(KeyAst.java:76)
	at de.uka.ilkd.key.proof.io.KeYFile.readIncludes(KeYFile.java:208)
	... 14 more
Could not find rule file rules/intRulesCheckedSemantics.key (file: /home/runner/work/key/key/key.core/../key.ui/examples/index/../InformationFlow/BlockContracts/contract.IFBlockExamples(contract.IFBlockExamples__secure_6(int)).JML operation contract.0.key; caused by: de.uka.ilkd.key.proof.init.ProofInputException: Could not find rule file rules/intRulesCheckedSemantics.key)
	at de.uka.ilkd.key.control.AbstractUserInterfaceControl.load(AbstractUserInterfaceControl.java:221)
	at de.uka.ilkd.key.control.KeYEnvironment.load(KeYEnvironment.java:251)
	at de.uka.ilkd.key.control.KeYEnvironment.load(KeYEnvironment.java:224)
	at de.uka.ilkd.key.control.KeYEnvironment.load(KeYEnvironment.java:184)
	at de.uka.ilkd.key.control.KeYEnvironment.load(KeYEnvironment.java:261)
	at de.uka.ilkd.key.proof.runallproofs.proofcollection.TestFile.load(TestFile.java:270)
	at de.uka.ilkd.key.proof.runallproofs.proofcollection.TestFile.runKey(TestFile.java:160)
	at de.uka.ilkd.key.proof.runallproofs.proofcollection.ForkedTestFileRunner.main(ForkedTestFileRunner.java:171)
Caused by: de.uka.ilkd.key.proof.init.ProofInputException: Could not find rule file rules/intRulesCheckedSemantics.key
	at de.uka.ilkd.key.proof.io.KeYFile.readIncludes(KeYFile.java:210)
	at de.uka.ilkd.key.proof.init.ProblemInitializer.readIncludes(ProblemInitializer.java:177)
	at de.uka.ilkd.key.proof.init.ProblemInitializer.readEnvInput(ProblemInitializer.java:325)
	at de.uka.ilkd.key.proof.init.ProblemInitializer.prepare(ProblemInitializer.java:449)
	at de.uka.ilkd.key.proof.io.AbstractProblemLoader.createInitConfig(AbstractProblemLoader.java:518)
	at de.uka.ilkd.key.proof.io.AbstractProblemLoader.loadEnvironment(AbstractProblemLoader.java:288)
	at de.uka.ilkd.key.proof.io.AbstractProblemLoader.load(AbstractProblemLoader.java:252)
	at de.uka.ilkd.key.control.AbstractUserInterfaceControl.load(AbstractUserInterfaceControl.java:209)
	... 7 more
Caused by: java.lang.RuntimeException: Could not find rule file rules/intRulesCheckedSemantics.key
	at de.uka.ilkd.key.proof.io.RuleSourceFactory.fromBuiltInRule(RuleSourceFactory.java:32)
	at de.uka.ilkd.key.proof.io.RuleSourceFactory.fromDefaultLocation(RuleSourceFactory.java:21)
	at de.uka.ilkd.key.nparser.builder.IncludeFinder.addInclude(IncludeFinder.java:63)
	at de.uka.ilkd.key.nparser.builder.IncludeFinder.visitOne_include(IncludeFinder.java:43)
	at de.uka.ilkd.key.nparser.builder.IncludeFinder.visitOne_include(IncludeFinder.java:20)
	at de.uka.ilkd.key.nparser.KeYParser$One_includeContext.accept(KeYParser.java:878)
	at de.uka.ilkd.key.nparser.builder.AbstractBuilder.lambda$mapOf$0(AbstractBuilder.java:112)
	at java.base/java.util.stream.ReferencePipeline$3$1.accept(ReferencePipeline.java:195)
	at java.base/java.util.ArrayList$ArrayListSpliterator.forEachRemaining(ArrayList.java:1655)
	at java.base/java.util.stream.AbstractPipeline.copyInto(AbstractPipeline.java:484)
	at java.base/java.util.stream.AbstractPipeline.wrapAndCopyInto(AbstractPipeline.java:474)
	at java.base/java.util.stream.ReduceOps$ReduceOp.evaluateSequential(ReduceOps.java:913)
	at java.base/java.util.stream.AbstractPipeline.evaluate(AbstractPipeline.java:234)
	at java.base/java.util.stream.ReferencePipeline.collect(ReferencePipeline.java:578)
	at de.uka.ilkd.key.nparser.builder.AbstractBuilder.mapOf(AbstractBuilder.java:112)
	at de.uka.ilkd.key.nparser.builder.IncludeFinder.visitOne_include_statement(IncludeFinder.java:35)
	at de.uka.ilkd.key.nparser.builder.IncludeFinder.visitOne_include_statement(IncludeFinder.java:20)
	at de.uka.ilkd.key.nparser.KeYParser$One_include_statementContext.accept(KeYParser.java:802)
	at org.antlr.v4.runtime.tree.AbstractParseTreeVisitor.visitChildren(AbstractParseTreeVisitor.java:46)
	at de.uka.ilkd.key.nparser.KeYParserBaseVisitor.visitDecls(KeYParserBaseVisitor.java:30)
	at de.uka.ilkd.key.nparser.KeYParser$DeclsContext.accept(KeYParser.java:500)
	at org.antlr.v4.runtime.tree.AbstractParseTreeVisitor.visitChildren(AbstractParseTreeVisitor.java:46)
	at de.uka.ilkd.key.nparser.KeYParserBaseVisitor.visitFile(KeYParserBaseVisitor.java:23)
	at de.uka.ilkd.key.nparser.KeYParser$FileContext.accept(KeYParser.java:306)
	at de.uka.ilkd.key.nparser.KeyAst.accept(KeyAst.java:41)
	at de.uka.ilkd.key.nparser.KeyAst$File.getIncludes(KeyAst.java:76)
	at de.uka.ilkd.key.proof.io.KeYFile.readIncludes(KeYFile.java:208)
	... 14 more
Could not find rule file rules/intRulesCheckedSemantics.key (file: /home/runner/work/key/key/key.core/../key.ui/examples/index/../InformationFlow/BlockContracts/contract.IFBlockExamples(contract.IFBlockExamples__insecure_1(int)).JML operation contract.0.key; caused by: de.uka.ilkd.key.proof.init.ProofInputException: Could not find rule file rules/intRulesCheckedSemantics.key)
	at de.uka.ilkd.key.control.AbstractUserInterfaceControl.load(AbstractUserInterfaceControl.java:221)
	at de.uka.ilkd.key.control.KeYEnvironment.load(KeYEnvironment.java:251)
	at de.uka.ilkd.key.control.KeYEnvironment.load(KeYEnvironment.java:224)
	at de.uka.ilkd.key.control.KeYEnvironment.load(KeYEnvironment.java:184)
	at de.uka.ilkd.key.control.KeYEnvironment.load(KeYEnvironment.java:261)
	at de.uka.ilkd.key.proof.runallproofs.proofcollection.TestFile.load(TestFile.java:270)
	at de.uka.ilkd.key.proof.runallproofs.proofcollection.TestFile.runKey(TestFile.java:160)
	at de.uka.ilkd.key.proof.runallproofs.proofcollection.ForkedTestFileRunner.main(ForkedTestFileRunner.java:171)
Caused by: de.uka.ilkd.key.proof.init.ProofInputException: Could not find rule file rules/intRulesCheckedSemantics.key
	at de.uka.ilkd.key.proof.io.KeYFile.readIncludes(KeYFile.java:210)
	at de.uka.ilkd.key.proof.init.ProblemInitializer.readIncludes(ProblemInitializer.java:177)
	at de.uka.ilkd.key.proof.init.ProblemInitializer.readEnvInput(ProblemInitializer.java:325)
	at de.uka.ilkd.key.proof.init.ProblemInitializer.prepare(ProblemInitializer.java:449)
	at de.uka.ilkd.key.proof.io.AbstractProblemLoader.createInitConfig(AbstractProblemLoader.java:518)
	at de.uka.ilkd.key.proof.io.AbstractProblemLoader.loadEnvironment(AbstractProblemLoader.java:288)
	at de.uka.ilkd.key.proof.io.AbstractProblemLoader.load(AbstractProblemLoader.java:252)
	at de.uka.ilkd.key.control.AbstractUserInterfaceControl.load(AbstractUserInterfaceControl.java:209)
	... 7 more
Caused by: java.lang.RuntimeException: Could not find rule file rules/intRulesCheckedSemantics.key
	at de.uka.ilkd.key.proof.io.RuleSourceFactory.fromBuiltInRule(RuleSourceFactory.java:32)
	at de.uka.ilkd.key.proof.io.RuleSourceFactory.fromDefaultLocation(RuleSourceFactory.java:21)
	at de.uka.ilkd.key.nparser.builder.IncludeFinder.addInclude(IncludeFinder.java:63)
	at de.uka.ilkd.key.nparser.builder.IncludeFinder.visitOne_include(IncludeFinder.java:43)
	at de.uka.ilkd.key.nparser.builder.IncludeFinder.visitOne_include(IncludeFinder.java:20)
	at de.uka.ilkd.key.nparser.KeYParser$One_includeContext.accept(KeYParser.java:878)
	at de.uka.ilkd.key.nparser.builder.AbstractBuilder.lambda$mapOf$0(AbstractBuilder.java:112)
	at java.base/java.util.stream.ReferencePipeline$3$1.accept(ReferencePipeline.java:195)
	at java.base/java.util.ArrayList$ArrayListSpliterator.forEachRemaining(ArrayList.java:1655)
	at java.base/java.util.stream.AbstractPipeline.copyInto(AbstractPipeline.java:484)
	at java.base/java.util.stream.AbstractPipeline.wrapAndCopyInto(AbstractPipeline.java:474)
	at java.base/java.util.stream.ReduceOps$ReduceOp.evaluateSequential(ReduceOps.java:913)
	at java.base/java.util.stream.AbstractPipeline.evaluate(AbstractPipeline.java:234)
	at java.base/java.util.stream.ReferencePipeline.collect(ReferencePipeline.java:578)
	at de.uka.ilkd.key.nparser.builder.AbstractBuilder.mapOf(AbstractBuilder.java:112)
	at de.uka.ilkd.key.nparser.builder.IncludeFinder.visitOne_include_statement(IncludeFinder.java:35)
	at de.uka.ilkd.key.nparser.builder.IncludeFinder.visitOne_include_statement(IncludeFinder.java:20)
	at de.uka.ilkd.key.nparser.KeYParser$One_include_statementContext.accept(KeYParser.java:802)
	at org.antlr.v4.runtime.tree.AbstractParseTreeVisitor.visitChildren(AbstractParseTreeVisitor.java:46)
	at de.uka.ilkd.key.nparser.KeYParserBaseVisitor.visitDecls(KeYParserBaseVisitor.java:30)
	at de.uka.ilkd.key.nparser.KeYParser$DeclsContext.accept(KeYParser.java:500)
	at org.antlr.v4.runtime.tree.AbstractParseTreeVisitor.visitChildren(AbstractParseTreeVisitor.java:46)
	at de.uka.ilkd.key.nparser.KeYParserBaseVisitor.visitFile(KeYParserBaseVisitor.java:23)
	at de.uka.ilkd.key.nparser.KeYParser$FileContext.accept(KeYParser.java:306)
	at de.uka.ilkd.key.nparser.KeyAst.accept(KeyAst.java:41)
	at de.uka.ilkd.key.nparser.KeyAst$File.getIncludes(KeyAst.java:76)
	at de.uka.ilkd.key.proof.io.KeYFile.readIncludes(KeYFile.java:208)
	... 14 more
Could not find rule file rules/intRulesCheckedSemantics.key (file: /home/runner/work/key/key/key.core/../key.ui/examples/index/../InformationFlow/BlockContracts/contract.IFBlockExamples(contract.IFBlockExamples__secure_4(int)).JML operation contract.0.key; caused by: de.uka.ilkd.key.proof.init.ProofInputException: Could not find rule file rules/intRulesCheckedSemantics.key)
	at de.uka.ilkd.key.control.AbstractUserInterfaceControl.load(AbstractUserInterfaceControl.java:221)
	at de.uka.ilkd.key.control.KeYEnvironment.load(KeYEnvironment.java:251)
	at de.uka.ilkd.key.control.KeYEnvironment.load(KeYEnvironment.java:224)
	at de.uka.ilkd.key.control.KeYEnvironment.load(KeYEnvironment.java:184)
	at de.uka.ilkd.key.control.KeYEnvironment.load(KeYEnvironment.java:261)
	at de.uka.ilkd.key.proof.runallproofs.proofcollection.TestFile.load(TestFile.java:270)
	at de.uka.ilkd.key.proof.runallproofs.proofcollection.TestFile.runKey(TestFile.java:160)
	at de.uka.ilkd.key.proof.runallproofs.proofcollection.ForkedTestFileRunner.main(ForkedTestFileRunner.java:171)
Caused by: de.uka.ilkd.key.proof.init.ProofInputException: Could not find rule file rules/intRulesCheckedSemantics.key
	at de.uka.ilkd.key.proof.io.KeYFile.readIncludes(KeYFile.java:210)
	at de.uka.ilkd.key.proof.init.ProblemInitializer.readIncludes(ProblemInitializer.java:177)
	at de.uka.ilkd.key.proof.init.ProblemInitializer.readEnvInput(ProblemInitializer.java:325)
	at de.uka.ilkd.key.proof.init.ProblemInitializer.prepare(ProblemInitializer.java:449)
	at de.uka.ilkd.key.proof.io.AbstractProblemLoader.createInitConfig(AbstractProblemLoader.java:518)
	at de.uka.ilkd.key.proof.io.AbstractProblemLoader.loadEnvironment(AbstractProblemLoader.java:288)
	at de.uka.ilkd.key.proof.io.AbstractProblemLoader.load(AbstractProblemLoader.java:252)
	at de.uka.ilkd.key.control.AbstractUserInterfaceControl.load(AbstractUserInterfaceControl.java:209)
	... 7 more
Caused by: java.lang.RuntimeException: Could not find rule file rules/intRulesCheckedSemantics.key
	at de.uka.ilkd.key.proof.io.RuleSourceFactory.fromBuiltInRule(RuleSourceFactory.java:32)
	at de.uka.ilkd.key.proof.io.RuleSourceFactory.fromDefaultLocation(RuleSourceFactory.java:21)
	at de.uka.ilkd.key.nparser.builder.IncludeFinder.addInclude(IncludeFinder.java:63)
	at de.uka.ilkd.key.nparser.builder.IncludeFinder.visitOne_include(IncludeFinder.java:43)
	at de.uka.ilkd.key.nparser.builder.IncludeFinder.visitOne_include(IncludeFinder.java:20)
	at de.uka.ilkd.key.nparser.KeYParser$One_includeContext.accept(KeYParser.java:878)
	at de.uka.ilkd.key.nparser.builder.AbstractBuilder.lambda$mapOf$0(AbstractBuilder.java:112)
	at java.base/java.util.stream.ReferencePipeline$3$1.accept(ReferencePipeline.java:195)
	at java.base/java.util.ArrayList$ArrayListSpliterator.forEachRemaining(ArrayList.java:1655)
	at java.base/java.util.stream.AbstractPipeline.copyInto(AbstractPipeline.java:484)
	at java.base/java.util.stream.AbstractPipeline.wrapAndCopyInto(AbstractPipeline.java:474)
	at java.base/java.util.stream.ReduceOps$ReduceOp.evaluateSequential(ReduceOps.java:913)
	at java.base/java.util.stream.AbstractPipeline.evaluate(AbstractPipeline.java:234)
	at java.base/java.util.stream.ReferencePipeline.collect(ReferencePipeline.java:578)
	at de.uka.ilkd.key.nparser.builder.AbstractBuilder.mapOf(AbstractBuilder.java:112)
	at de.uka.ilkd.key.nparser.builder.IncludeFinder.visitOne_include_statement(IncludeFinder.java:35)
	at de.uka.ilkd.key.nparser.builder.IncludeFinder.visitOne_include_statement(IncludeFinder.java:20)
	at de.uka.ilkd.key.nparser.KeYParser$One_include_statementContext.accept(KeYParser.java:802)
	at org.antlr.v4.runtime.tree.AbstractParseTreeVisitor.visitChildren(AbstractParseTreeVisitor.java:46)
	at de.uka.ilkd.key.nparser.KeYParserBaseVisitor.visitDecls(KeYParserBaseVisitor.java:30)
	at de.uka.ilkd.key.nparser.KeYParser$DeclsContext.accept(KeYParser.java:500)
	at org.antlr.v4.runtime.tree.AbstractParseTreeVisitor.visitChildren(AbstractParseTreeVisitor.java:46)
	at de.uka.ilkd.key.nparser.KeYParserBaseVisitor.visitFile(KeYParserBaseVisitor.java:23)
	at de.uka.ilkd.key.nparser.KeYParser$FileContext.accept(KeYParser.java:306)
	at de.uka.ilkd.key.nparser.KeyAst.accept(KeyAst.java:41)
	at de.uka.ilkd.key.nparser.KeyAst$File.getIncludes(KeyAst.java:76)
	at de.uka.ilkd.key.proof.io.KeYFile.readIncludes(KeYFile.java:208)
	... 14 more
Could not find rule file rules/intRulesCheckedSemantics.key (file: /home/runner/work/key/key/key.core/../key.ui/examples/index/../InformationFlow/BlockContracts/contract.IFBlockExamples(contract.IFBlockExamples__secure_1(int)).JML operation contract.0.key; caused by: de.uka.ilkd.key.proof.init.ProofInputException: Could not find rule file rules/intRulesCheckedSemantics.key)
	at de.uka.ilkd.key.control.AbstractUserInterfaceControl.load(AbstractUserInterfaceControl.java:221)
	at de.uka.ilkd.key.control.KeYEnvironment.load(KeYEnvironment.java:251)
	at de.uka.ilkd.key.control.KeYEnvironment.load(KeYEnvironment.java:224)
	at de.uka.ilkd.key.control.KeYEnvironment.load(KeYEnvironment.java:184)
	at de.uka.ilkd.key.control.KeYEnvironment.load(KeYEnvironment.java:261)
	at de.uka.ilkd.key.proof.runallproofs.proofcollection.TestFile.load(TestFile.java:270)
	at de.uka.ilkd.key.proof.runallproofs.proofcollection.TestFile.runKey(TestFile.java:160)
	at de.uka.ilkd.key.proof.runallproofs.proofcollection.ForkedTestFileRunner.main(ForkedTestFileRunner.java:171)
Caused by: de.uka.ilkd.key.proof.init.ProofInputException: Could not find rule file rules/intRulesCheckedSemantics.key
	at de.uka.ilkd.key.proof.io.KeYFile.readIncludes(KeYFile.java:210)
	at de.uka.ilkd.key.proof.init.ProblemInitializer.readIncludes(ProblemInitializer.java:177)
	at de.uka.ilkd.key.proof.init.ProblemInitializer.readEnvInput(ProblemInitializer.java:325)
	at de.uka.ilkd.key.proof.init.ProblemInitializer.prepare(ProblemInitializer.java:449)
	at de.uka.ilkd.key.proof.io.AbstractProblemLoader.createInitConfig(AbstractProblemLoader.java:518)
	at de.uka.ilkd.key.proof.io.AbstractProblemLoader.loadEnvironment(AbstractProblemLoader.java:288)
	at de.uka.ilkd.key.proof.io.AbstractProblemLoader.load(AbstractProblemLoader.java:252)
	at de.uka.ilkd.key.control.AbstractUserInterfaceControl.load(AbstractUserInterfaceControl.java:209)
	... 7 more
Caused by: java.lang.RuntimeException: Could not find rule file rules/intRulesCheckedSemantics.key
	at de.uka.ilkd.key.proof.io.RuleSourceFactory.fromBuiltInRule(RuleSourceFactory.java:32)
	at de.uka.ilkd.key.proof.io.RuleSourceFactory.fromDefaultLocation(RuleSourceFactory.java:21)
	at de.uka.ilkd.key.nparser.builder.IncludeFinder.addInclude(IncludeFinder.java:63)
	at de.uka.ilkd.key.nparser.builder.IncludeFinder.visitOne_include(IncludeFinder.java:43)
	at de.uka.ilkd.key.nparser.builder.IncludeFinder.visitOne_include(IncludeFinder.java:20)
	at de.uka.ilkd.key.nparser.KeYParser$One_includeContext.accept(KeYParser.java:878)
	at de.uka.ilkd.key.nparser.builder.AbstractBuilder.lambda$mapOf$0(AbstractBuilder.java:112)
	at java.base/java.util.stream.ReferencePipeline$3$1.accept(ReferencePipeline.java:195)
	at java.base/java.util.ArrayList$ArrayListSpliterator.forEachRemaining(ArrayList.java:1655)
	at java.base/java.util.stream.AbstractPipeline.copyInto(AbstractPipeline.java:484)
	at java.base/java.util.stream.AbstractPipeline.wrapAndCopyInto(AbstractPipeline.java:474)
	at java.base/java.util.stream.ReduceOps$ReduceOp.evaluateSequential(ReduceOps.java:913)
	at java.base/java.util.stream.AbstractPipeline.evaluate(AbstractPipeline.java:234)
	at java.base/java.util.stream.ReferencePipeline.collect(ReferencePipeline.java:578)
	at de.uka.ilkd.key.nparser.builder.AbstractBuilder.mapOf(AbstractBuilder.java:112)
	at de.uka.ilkd.key.nparser.builder.IncludeFinder.visitOne_include_statement(IncludeFinder.java:35)
	at de.uka.ilkd.key.nparser.builder.IncludeFinder.visitOne_include_statement(IncludeFinder.java:20)
	at de.uka.ilkd.key.nparser.KeYParser$One_include_statementContext.accept(KeYParser.java:802)
	at org.antlr.v4.runtime.tree.AbstractParseTreeVisitor.visitChildren(AbstractParseTreeVisitor.java:46)
	at de.uka.ilkd.key.nparser.KeYParserBaseVisitor.visitDecls(KeYParserBaseVisitor.java:30)
	at de.uka.ilkd.key.nparser.KeYParser$DeclsContext.accept(KeYParser.java:500)
	at org.antlr.v4.runtime.tree.AbstractParseTreeVisitor.visitChildren(AbstractParseTreeVisitor.java:46)
	at de.uka.ilkd.key.nparser.KeYParserBaseVisitor.visitFile(KeYParserBaseVisitor.java:23)
	at de.uka.ilkd.key.nparser.KeYParser$FileContext.accept(KeYParser.java:306)
	at de.uka.ilkd.key.nparser.KeyAst.accept(KeyAst.java:41)
	at de.uka.ilkd.key.nparser.KeyAst$File.getIncludes(KeyAst.java:76)
	at de.uka.ilkd.key.proof.io.KeYFile.readIncludes(KeYFile.java:208)
	... 14 more
Could not find rule file rules/intRulesCheckedSemantics.key (file: /home/runner/work/key/key/key.core/../key.ui/examples/index/../InformationFlow/BlockContracts/contract.IFEfficiencyExamples(contract.IFEfficiencyExamples__mWithoutBlockContract()).JML operation contract.0.key; caused by: de.uka.ilkd.key.proof.init.ProofInputException: Could not find rule file rules/intRulesCheckedSemantics.key)
	at de.uka.ilkd.key.control.AbstractUserInterfaceControl.load(AbstractUserInterfaceControl.java:221)
	at de.uka.ilkd.key.control.KeYEnvironment.load(KeYEnvironment.java:251)
	at de.uka.ilkd.key.control.KeYEnvironment.load(KeYEnvironment.java:224)
	at de.uka.ilkd.key.control.KeYEnvironment.load(KeYEnvironment.java:184)
	at de.uka.ilkd.key.control.KeYEnvironment.load(KeYEnvironment.java:261)
	at de.uka.ilkd.key.proof.runallproofs.proofcollection.TestFile.load(TestFile.java:270)
	at de.uka.ilkd.key.proof.runallproofs.proofcollection.TestFile.runKey(TestFile.java:160)
	at de.uka.ilkd.key.proof.runallproofs.proofcollection.ForkedTestFileRunner.main(ForkedTestFileRunner.java:171)
Caused by: de.uka.ilkd.key.proof.init.ProofInputException: Could not find rule file rules/intRulesCheckedSemantics.key
	at de.uka.ilkd.key.proof.io.KeYFile.readIncludes(KeYFile.java:210)
	at de.uka.ilkd.key.proof.init.ProblemInitializer.readIncludes(ProblemInitializer.java:177)
	at de.uka.ilkd.key.proof.init.ProblemInitializer.readEnvInput(ProblemInitializer.java:325)
	at de.uka.ilkd.key.proof.init.ProblemInitializer.prepare(ProblemInitializer.java:449)
	at de.uka.ilkd.key.proof.io.AbstractProblemLoader.createInitConfig(AbstractProblemLoader.java:518)
	at de.uka.ilkd.key.proof.io.AbstractProblemLoader.loadEnvironment(AbstractProblemLoader.java:288)
	at de.uka.ilkd.key.proof.io.AbstractProblemLoader.load(AbstractProblemLoader.java:252)
	at de.uka.ilkd.key.control.AbstractUserInterfaceControl.load(AbstractUserInterfaceControl.java:209)
	... 7 more
Caused by: java.lang.RuntimeException: Could not find rule file rules/intRulesCheckedSemantics.key
	at de.uka.ilkd.key.proof.io.RuleSourceFactory.fromBuiltInRule(RuleSourceFactory.java:32)
	at de.uka.ilkd.key.proof.io.RuleSourceFactory.fromDefaultLocation(RuleSourceFactory.java:21)
	at de.uka.ilkd.key.nparser.builder.IncludeFinder.addInclude(IncludeFinder.java:63)
	at de.uka.ilkd.key.nparser.builder.IncludeFinder.visitOne_include(IncludeFinder.java:43)
	at de.uka.ilkd.key.nparser.builder.IncludeFinder.visitOne_include(IncludeFinder.java:20)
	at de.uka.ilkd.key.nparser.KeYParser$One_includeContext.accept(KeYParser.java:878)
	at de.uka.ilkd.key.nparser.builder.AbstractBuilder.lambda$mapOf$0(AbstractBuilder.java:112)
	at java.base/java.util.stream.ReferencePipeline$3$1.accept(ReferencePipeline.java:195)
	at java.base/java.util.ArrayList$ArrayListSpliterator.forEachRemaining(ArrayList.java:1655)
	at java.base/java.util.stream.AbstractPipeline.copyInto(AbstractPipeline.java:484)
	at java.base/java.util.stream.AbstractPipeline.wrapAndCopyInto(AbstractPipeline.java:474)
	at java.base/java.util.stream.ReduceOps$ReduceOp.evaluateSequential(ReduceOps.java:913)
	at java.base/java.util.stream.AbstractPipeline.evaluate(AbstractPipeline.java:234)
	at java.base/java.util.stream.ReferencePipeline.collect(ReferencePipeline.java:578)
	at de.uka.ilkd.key.nparser.builder.AbstractBuilder.mapOf(AbstractBuilder.java:112)
	at de.uka.ilkd.key.nparser.builder.IncludeFinder.visitOne_include_statement(IncludeFinder.java:35)
	at de.uka.ilkd.key.nparser.builder.IncludeFinder.visitOne_include_statement(IncludeFinder.java:20)
	at de.uka.ilkd.key.nparser.KeYParser$One_include_statementContext.accept(KeYParser.java:802)
	at org.antlr.v4.runtime.tree.AbstractParseTreeVisitor.visitChildren(AbstractParseTreeVisitor.java:46)
	at de.uka.ilkd.key.nparser.KeYParserBaseVisitor.visitDecls(KeYParserBaseVisitor.java:30)
	at de.uka.ilkd.key.nparser.KeYParser$DeclsContext.accept(KeYParser.java:500)
	at org.antlr.v4.runtime.tree.AbstractParseTreeVisitor.visitChildren(AbstractParseTreeVisitor.java:46)
	at de.uka.ilkd.key.nparser.KeYParserBaseVisitor.visitFile(KeYParserBaseVisitor.java:23)
	at de.uka.ilkd.key.nparser.KeYParser$FileContext.accept(KeYParser.java:306)
	at de.uka.ilkd.key.nparser.KeyAst.accept(KeyAst.java:41)
	at de.uka.ilkd.key.nparser.KeyAst$File.getIncludes(KeyAst.java:76)
	at de.uka.ilkd.key.proof.io.KeYFile.readIncludes(KeYFile.java:208)
	... 14 more
Could not find rule file rules/intRulesCheckedSemantics.key (file: /home/runner/work/key/key/key.core/../key.ui/examples/index/../InformationFlow/BlockContracts/contract.IFEfficiencyExamples(contract.IFEfficiencyExamples__mWithBlockContract()).JML operation contract.0.key; caused by: de.uka.ilkd.key.proof.init.ProofInputException: Could not find rule file rules/intRulesCheckedSemantics.key)
	at de.uka.ilkd.key.control.AbstractUserInterfaceControl.load(AbstractUserInterfaceControl.java:221)
	at de.uka.ilkd.key.control.KeYEnvironment.load(KeYEnvironment.java:251)
	at de.uka.ilkd.key.control.KeYEnvironment.load(KeYEnvironment.java:224)
	at de.uka.ilkd.key.control.KeYEnvironment.load(KeYEnvironment.java:184)
	at de.uka.ilkd.key.control.KeYEnvironment.load(KeYEnvironment.java:261)
	at de.uka.ilkd.key.proof.runallproofs.proofcollection.TestFile.load(TestFile.java:270)
	at de.uka.ilkd.key.proof.runallproofs.proofcollection.TestFile.runKey(TestFile.java:160)
	at de.uka.ilkd.key.proof.runallproofs.proofcollection.ForkedTestFileRunner.main(ForkedTestFileRunner.java:171)
Caused by: de.uka.ilkd.key.proof.init.ProofInputException: Could not find rule file rules/intRulesCheckedSemantics.key
	at de.uka.ilkd.key.proof.io.KeYFile.readIncludes(KeYFile.java:210)
	at de.uka.ilkd.key.proof.init.ProblemInitializer.readIncludes(ProblemInitializer.java:177)
	at de.uka.ilkd.key.proof.init.ProblemInitializer.readEnvInput(ProblemInitializer.java:325)
	at de.uka.ilkd.key.proof.init.ProblemInitializer.prepare(ProblemInitializer.java:449)
	at de.uka.ilkd.key.proof.io.AbstractProblemLoader.createInitConfig(AbstractProblemLoader.java:518)
	at de.uka.ilkd.key.proof.io.AbstractProblemLoader.loadEnvironment(AbstractProblemLoader.java:288)
	at de.uka.ilkd.key.proof.io.AbstractProblemLoader.load(AbstractProblemLoader.java:252)
	at de.uka.ilkd.key.control.AbstractUserInterfaceControl.load(AbstractUserInterfaceControl.java:209)
	... 7 more
Caused by: java.lang.RuntimeException: Could not find rule file rules/intRulesCheckedSemantics.key
	at de.uka.ilkd.key.proof.io.RuleSourceFactory.fromBuiltInRule(RuleSourceFactory.java:32)
	at de.uka.ilkd.key.proof.io.RuleSourceFactory.fromDefaultLocation(RuleSourceFactory.java:21)
	at de.uka.ilkd.key.nparser.builder.IncludeFinder.addInclude(IncludeFinder.java:63)
	at de.uka.ilkd.key.nparser.builder.IncludeFinder.visitOne_include(IncludeFinder.java:43)
	at de.uka.ilkd.key.nparser.builder.IncludeFinder.visitOne_include(IncludeFinder.java:20)
	at de.uka.ilkd.key.nparser.KeYParser$One_includeContext.accept(KeYParser.java:878)
	at de.uka.ilkd.key.nparser.builder.AbstractBuilder.lambda$mapOf$0(AbstractBuilder.java:112)
	at java.base/java.util.stream.ReferencePipeline$3$1.accept(ReferencePipeline.java:195)
	at java.base/java.util.ArrayList$ArrayListSpliterator.forEachRemaining(ArrayList.java:1655)
	at java.base/java.util.stream.AbstractPipeline.copyInto(AbstractPipeline.java:484)
	at java.base/java.util.stream.AbstractPipeline.wrapAndCopyInto(AbstractPipeline.java:474)
	at java.base/java.util.stream.ReduceOps$ReduceOp.evaluateSequential(ReduceOps.java:913)
	at java.base/java.util.stream.AbstractPipeline.evaluate(AbstractPipeline.java:234)
	at java.base/java.util.stream.ReferencePipeline.collect(ReferencePipeline.java:578)
	at de.uka.ilkd.key.nparser.builder.AbstractBuilder.mapOf(AbstractBuilder.java:112)
	at de.uka.ilkd.key.nparser.builder.IncludeFinder.visitOne_include_statement(IncludeFinder.java:35)
	at de.uka.ilkd.key.nparser.builder.IncludeFinder.visitOne_include_statement(IncludeFinder.java:20)
	at de.uka.ilkd.key.nparser.KeYParser$One_include_statementContext.accept(KeYParser.java:802)
	at org.antlr.v4.runtime.tree.AbstractParseTreeVisitor.visitChildren(AbstractParseTreeVisitor.java:46)
	at de.uka.ilkd.key.nparser.KeYParserBaseVisitor.visitDecls(KeYParserBaseVisitor.java:30)
	at de.uka.ilkd.key.nparser.KeYParser$DeclsContext.accept(KeYParser.java:500)
	at org.antlr.v4.runtime.tree.AbstractParseTreeVisitor.visitChildren(AbstractParseTreeVisitor.java:46)
	at de.uka.ilkd.key.nparser.KeYParserBaseVisitor.visitFile(KeYParserBaseVisitor.java:23)
	at de.uka.ilkd.key.nparser.KeYParser$FileContext.accept(KeYParser.java:306)
	at de.uka.ilkd.key.nparser.KeyAst.accept(KeyAst.java:41)
	at de.uka.ilkd.key.nparser.KeyAst$File.getIncludes(KeyAst.java:76)
	at de.uka.ilkd.key.proof.io.KeYFile.readIncludes(KeYFile.java:208)
	... 14 more
Exception in thread "main" org.opentest4j.AssertionFailedError: Exception during the execution of proofs. See log for more details.
	at org.junit.jupiter.api.AssertionUtils.fail(AssertionUtils.java:39)
	at org.junit.jupiter.api.Assertions.fail(Assertions.java:134)
	at de.uka.ilkd.key.proof.runallproofs.proofcollection.ForkedTestFileRunner.main(ForkedTestFileRunner.java:192)
Timeout watcher launched (1000 secs.)
Could not find rule file rules/intRulesCheckedSemantics.key (file: /home/runner/work/key/key/key.core/../key.ui/examples/index/../InformationFlow/MethodContracts/contract.IFMethodContract(contract.IFMethodContract__secure_recursion_2((I,int)).JML normal_behavior operation contract.0.key; caused by: de.uka.ilkd.key.proof.init.ProofInputException: Could not find rule file rules/intRulesCheckedSemantics.key)
	at de.uka.ilkd.key.control.AbstractUserInterfaceControl.load(AbstractUserInterfaceControl.java:221)
	at de.uka.ilkd.key.control.KeYEnvironment.load(KeYEnvironment.java:251)
	at de.uka.ilkd.key.control.KeYEnvironment.load(KeYEnvironment.java:224)
	at de.uka.ilkd.key.control.KeYEnvironment.load(KeYEnvironment.java:184)
	at de.uka.ilkd.key.control.KeYEnvironment.load(KeYEnvironment.java:261)
	at de.uka.ilkd.key.proof.runallproofs.proofcollection.TestFile.load(TestFile.java:270)
	at de.uka.ilkd.key.proof.runallproofs.proofcollection.TestFile.runKey(TestFile.java:160)
	at de.uka.ilkd.key.proof.runallproofs.proofcollection.ForkedTestFileRunner.main(ForkedTestFileRunner.java:171)
Caused by: de.uka.ilkd.key.proof.init.ProofInputException: Could not find rule file rules/intRulesCheckedSemantics.key
	at de.uka.ilkd.key.proof.io.KeYFile.readIncludes(KeYFile.java:210)
	at de.uka.ilkd.key.proof.init.ProblemInitializer.readIncludes(ProblemInitializer.java:177)
	at de.uka.ilkd.key.proof.init.ProblemInitializer.readEnvInput(ProblemInitializer.java:325)
	at de.uka.ilkd.key.proof.init.ProblemInitializer.prepare(ProblemInitializer.java:449)
	at de.uka.ilkd.key.proof.io.AbstractProblemLoader.createInitConfig(AbstractProblemLoader.java:518)
	at de.uka.ilkd.key.proof.io.AbstractProblemLoader.loadEnvironment(AbstractProblemLoader.java:288)
	at de.uka.ilkd.key.proof.io.AbstractProblemLoader.load(AbstractProblemLoader.java:252)
	at de.uka.ilkd.key.control.AbstractUserInterfaceControl.load(AbstractUserInterfaceControl.java:209)
	... 7 more
Caused by: java.lang.RuntimeException: Could not find rule file rules/intRulesCheckedSemantics.key
	at de.uka.ilkd.key.proof.io.RuleSourceFactory.fromBuiltInRule(RuleSourceFactory.java:32)
	at de.uka.ilkd.key.proof.io.RuleSourceFactory.fromDefaultLocation(RuleSourceFactory.java:21)
	at de.uka.ilkd.key.nparser.builder.IncludeFinder.addInclude(IncludeFinder.java:63)
	at de.uka.ilkd.key.nparser.builder.IncludeFinder.visitOne_include(IncludeFinder.java:43)
	at de.uka.ilkd.key.nparser.builder.IncludeFinder.visitOne_include(IncludeFinder.java:20)
	at de.uka.ilkd.key.nparser.KeYParser$One_includeContext.accept(KeYParser.java:878)
	at de.uka.ilkd.key.nparser.builder.AbstractBuilder.lambda$mapOf$0(AbstractBuilder.java:112)
	at java.base/java.util.stream.ReferencePipeline$3$1.accept(ReferencePipeline.java:195)
	at java.base/java.util.ArrayList$ArrayListSpliterator.forEachRemaining(ArrayList.java:1655)
	at java.base/java.util.stream.AbstractPipeline.copyInto(AbstractPipeline.java:484)
	at java.base/java.util.stream.AbstractPipeline.wrapAndCopyInto(AbstractPipeline.java:474)
	at java.base/java.util.stream.ReduceOps$ReduceOp.evaluateSequential(ReduceOps.java:913)
	at java.base/java.util.stream.AbstractPipeline.evaluate(AbstractPipeline.java:234)
	at java.base/java.util.stream.ReferencePipeline.collect(ReferencePipeline.java:578)
	at de.uka.ilkd.key.nparser.builder.AbstractBuilder.mapOf(AbstractBuilder.java:112)
	at de.uka.ilkd.key.nparser.builder.IncludeFinder.visitOne_include_statement(IncludeFinder.java:35)
	at de.uka.ilkd.key.nparser.builder.IncludeFinder.visitOne_include_statement(IncludeFinder.java:20)
	at de.uka.ilkd.key.nparser.KeYParser$One_include_statementContext.accept(KeYParser.java:802)
	at org.antlr.v4.runtime.tree.AbstractParseTreeVisitor.visitChildren(AbstractParseTreeVisitor.java:46)
	at de.uka.ilkd.key.nparser.KeYParserBaseVisitor.visitDecls(KeYParserBaseVisitor.java:30)
	at de.uka.ilkd.key.nparser.KeYParser$DeclsContext.accept(KeYParser.java:500)
	at org.antlr.v4.runtime.tree.AbstractParseTreeVisitor.visitChildren(AbstractParseTreeVisitor.java:46)
	at de.uka.ilkd.key.nparser.KeYParserBaseVisitor.visitFile(KeYParserBaseVisitor.java:23)
	at de.uka.ilkd.key.nparser.KeYParser$FileContext.accept(KeYParser.java:306)
	at de.uka.ilkd.key.nparser.KeyAst.accept(KeyAst.java:41)
	at de.uka.ilkd.key.nparser.KeyAst$File.getIncludes(KeyAst.java:76)
	at de.uka.ilkd.key.proof.io.KeYFile.readIncludes(KeYFile.java:208)
	... 14 more
Could not find rule file rules/intRulesCheckedSemantics.key (file: /home/runner/work/key/key/key.core/../key.ui/examples/index/../InformationFlow/MethodContracts/contract.IFMethodContract(contract.IFMethodContract__secure_recursion(int)).JML normal_behavior operation contract.0.key; caused by: de.uka.ilkd.key.proof.init.ProofInputException: Could not find rule file rules/intRulesCheckedSemantics.key)
	at de.uka.ilkd.key.control.AbstractUserInterfaceControl.load(AbstractUserInterfaceControl.java:221)
	at de.uka.ilkd.key.control.KeYEnvironment.load(KeYEnvironment.java:251)
	at de.uka.ilkd.key.control.KeYEnvironment.load(KeYEnvironment.java:224)
	at de.uka.ilkd.key.control.KeYEnvironment.load(KeYEnvironment.java:184)
	at de.uka.ilkd.key.control.KeYEnvironment.load(KeYEnvironment.java:261)
	at de.uka.ilkd.key.proof.runallproofs.proofcollection.TestFile.load(TestFile.java:270)
	at de.uka.ilkd.key.proof.runallproofs.proofcollection.TestFile.runKey(TestFile.java:160)
	at de.uka.ilkd.key.proof.runallproofs.proofcollection.ForkedTestFileRunner.main(ForkedTestFileRunner.java:171)
Caused by: de.uka.ilkd.key.proof.init.ProofInputException: Could not find rule file rules/intRulesCheckedSemantics.key
	at de.uka.ilkd.key.proof.io.KeYFile.readIncludes(KeYFile.java:210)
	at de.uka.ilkd.key.proof.init.ProblemInitializer.readIncludes(ProblemInitializer.java:177)
	at de.uka.ilkd.key.proof.init.ProblemInitializer.readEnvInput(ProblemInitializer.java:325)
	at de.uka.ilkd.key.proof.init.ProblemInitializer.prepare(ProblemInitializer.java:449)
	at de.uka.ilkd.key.proof.io.AbstractProblemLoader.createInitConfig(AbstractProblemLoader.java:518)
	at de.uka.ilkd.key.proof.io.AbstractProblemLoader.loadEnvironment(AbstractProblemLoader.java:288)
	at de.uka.ilkd.key.proof.io.AbstractProblemLoader.load(AbstractProblemLoader.java:252)
	at de.uka.ilkd.key.control.AbstractUserInterfaceControl.load(AbstractUserInterfaceControl.java:209)
	... 7 more
Caused by: java.lang.RuntimeException: Could not find rule file rules/intRulesCheckedSemantics.key
	at de.uka.ilkd.key.proof.io.RuleSourceFactory.fromBuiltInRule(RuleSourceFactory.java:32)
	at de.uka.ilkd.key.proof.io.RuleSourceFactory.fromDefaultLocation(RuleSourceFactory.java:21)
	at de.uka.ilkd.key.nparser.builder.IncludeFinder.addInclude(IncludeFinder.java:63)
	at de.uka.ilkd.key.nparser.builder.IncludeFinder.visitOne_include(IncludeFinder.java:43)
	at de.uka.ilkd.key.nparser.builder.IncludeFinder.visitOne_include(IncludeFinder.java:20)
	at de.uka.ilkd.key.nparser.KeYParser$One_includeContext.accept(KeYParser.java:878)
	at de.uka.ilkd.key.nparser.builder.AbstractBuilder.lambda$mapOf$0(AbstractBuilder.java:112)
	at java.base/java.util.stream.ReferencePipeline$3$1.accept(ReferencePipeline.java:195)
	at java.base/java.util.ArrayList$ArrayListSpliterator.forEachRemaining(ArrayList.java:1655)
	at java.base/java.util.stream.AbstractPipeline.copyInto(AbstractPipeline.java:484)
	at java.base/java.util.stream.AbstractPipeline.wrapAndCopyInto(AbstractPipeline.java:474)
	at java.base/java.util.stream.ReduceOps$ReduceOp.evaluateSequential(ReduceOps.java:913)
	at java.base/java.util.stream.AbstractPipeline.evaluate(AbstractPipeline.java:234)
	at java.base/java.util.stream.ReferencePipeline.collect(ReferencePipeline.java:578)
	at de.uka.ilkd.key.nparser.builder.AbstractBuilder.mapOf(AbstractBuilder.java:112)
	at de.uka.ilkd.key.nparser.builder.IncludeFinder.visitOne_include_statement(IncludeFinder.java:35)
	at de.uka.ilkd.key.nparser.builder.IncludeFinder.visitOne_include_statement(IncludeFinder.java:20)
	at de.uka.ilkd.key.nparser.KeYParser$One_include_statementContext.accept(KeYParser.java:802)
	at org.antlr.v4.runtime.tree.AbstractParseTreeVisitor.visitChildren(AbstractParseTreeVisitor.java:46)
	at de.uka.ilkd.key.nparser.KeYParserBaseVisitor.visitDecls(KeYParserBaseVisitor.java:30)
	at de.uka.ilkd.key.nparser.KeYParser$DeclsContext.accept(KeYParser.java:500)
	at org.antlr.v4.runtime.tree.AbstractParseTreeVisitor.visitChildren(AbstractParseTreeVisitor.java:46)
	at de.uka.ilkd.key.nparser.KeYParserBaseVisitor.visitFile(KeYParserBaseVisitor.java:23)
	at de.uka.ilkd.key.nparser.KeYParser$FileContext.accept(KeYParser.java:306)
	at de.uka.ilkd.key.nparser.KeyAst.accept(KeyAst.java:41)
	at de.uka.ilkd.key.nparser.KeyAst$File.getIncludes(KeyAst.java:76)
	at de.uka.ilkd.key.proof.io.KeYFile.readIncludes(KeYFile.java:208)
	... 14 more
Could not find rule file rules/intRulesCheckedSemantics.key (file: /home/runner/work/key/key/key.core/../key.ui/examples/index/../InformationFlow/MethodContracts/contract.IFMethodContract(contract.IFMethodContract__secure_catch_exception()).JML operation contract.0.key; caused by: de.uka.ilkd.key.proof.init.ProofInputException: Could not find rule file rules/intRulesCheckedSemantics.key)
	at de.uka.ilkd.key.control.AbstractUserInterfaceControl.load(AbstractUserInterfaceControl.java:221)
	at de.uka.ilkd.key.control.KeYEnvironment.load(KeYEnvironment.java:251)
	at de.uka.ilkd.key.control.KeYEnvironment.load(KeYEnvironment.java:224)
	at de.uka.ilkd.key.control.KeYEnvironment.load(KeYEnvironment.java:184)
	at de.uka.ilkd.key.control.KeYEnvironment.load(KeYEnvironment.java:261)
	at de.uka.ilkd.key.proof.runallproofs.proofcollection.TestFile.load(TestFile.java:270)
	at de.uka.ilkd.key.proof.runallproofs.proofcollection.TestFile.runKey(TestFile.java:160)
	at de.uka.ilkd.key.proof.runallproofs.proofcollection.ForkedTestFileRunner.main(ForkedTestFileRunner.java:171)
Caused by: de.uka.ilkd.key.proof.init.ProofInputException: Could not find rule file rules/intRulesCheckedSemantics.key
	at de.uka.ilkd.key.proof.io.KeYFile.readIncludes(KeYFile.java:210)
	at de.uka.ilkd.key.proof.init.ProblemInitializer.readIncludes(ProblemInitializer.java:177)
	at de.uka.ilkd.key.proof.init.ProblemInitializer.readEnvInput(ProblemInitializer.java:325)
	at de.uka.ilkd.key.proof.init.ProblemInitializer.prepare(ProblemInitializer.java:449)
	at de.uka.ilkd.key.proof.io.AbstractProblemLoader.createInitConfig(AbstractProblemLoader.java:518)
	at de.uka.ilkd.key.proof.io.AbstractProblemLoader.loadEnvironment(AbstractProblemLoader.java:288)
	at de.uka.ilkd.key.proof.io.AbstractProblemLoader.load(AbstractProblemLoader.java:252)
	at de.uka.ilkd.key.control.AbstractUserInterfaceControl.load(AbstractUserInterfaceControl.java:209)
	... 7 more
Caused by: java.lang.RuntimeException: Could not find rule file rules/intRulesCheckedSemantics.key
	at de.uka.ilkd.key.proof.io.RuleSourceFactory.fromBuiltInRule(RuleSourceFactory.java:32)
	at de.uka.ilkd.key.proof.io.RuleSourceFactory.fromDefaultLocation(RuleSourceFactory.java:21)
	at de.uka.ilkd.key.nparser.builder.IncludeFinder.addInclude(IncludeFinder.java:63)
	at de.uka.ilkd.key.nparser.builder.IncludeFinder.visitOne_include(IncludeFinder.java:43)
	at de.uka.ilkd.key.nparser.builder.IncludeFinder.visitOne_include(IncludeFinder.java:20)
	at de.uka.ilkd.key.nparser.KeYParser$One_includeContext.accept(KeYParser.java:878)
	at de.uka.ilkd.key.nparser.builder.AbstractBuilder.lambda$mapOf$0(AbstractBuilder.java:112)
	at java.base/java.util.stream.ReferencePipeline$3$1.accept(ReferencePipeline.java:195)
	at java.base/java.util.ArrayList$ArrayListSpliterator.forEachRemaining(ArrayList.java:1655)
	at java.base/java.util.stream.AbstractPipeline.copyInto(AbstractPipeline.java:484)
	at java.base/java.util.stream.AbstractPipeline.wrapAndCopyInto(AbstractPipeline.java:474)
	at java.base/java.util.stream.ReduceOps$ReduceOp.evaluateSequential(ReduceOps.java:913)
	at java.base/java.util.stream.AbstractPipeline.evaluate(AbstractPipeline.java:234)
	at java.base/java.util.stream.ReferencePipeline.collect(ReferencePipeline.java:578)
	at de.uka.ilkd.key.nparser.builder.AbstractBuilder.mapOf(AbstractBuilder.java:112)
	at de.uka.ilkd.key.nparser.builder.IncludeFinder.visitOne_include_statement(IncludeFinder.java:35)
	at de.uka.ilkd.key.nparser.builder.IncludeFinder.visitOne_include_statement(IncludeFinder.java:20)
	at de.uka.ilkd.key.nparser.KeYParser$One_include_statementContext.accept(KeYParser.java:802)
	at org.antlr.v4.runtime.tree.AbstractParseTreeVisitor.visitChildren(AbstractParseTreeVisitor.java:46)
	at de.uka.ilkd.key.nparser.KeYParserBaseVisitor.visitDecls(KeYParserBaseVisitor.java:30)
	at de.uka.ilkd.key.nparser.KeYParser$DeclsContext.accept(KeYParser.java:500)
	at org.antlr.v4.runtime.tree.AbstractParseTreeVisitor.visitChildren(AbstractParseTreeVisitor.java:46)
	at de.uka.ilkd.key.nparser.KeYParserBaseVisitor.visitFile(KeYParserBaseVisitor.java:23)
	at de.uka.ilkd.key.nparser.KeYParser$FileContext.accept(KeYParser.java:306)
	at de.uka.ilkd.key.nparser.KeyAst.accept(KeyAst.java:41)
	at de.uka.ilkd.key.nparser.KeyAst$File.getIncludes(KeyAst.java:76)
	at de.uka.ilkd.key.proof.io.KeYFile.readIncludes(KeYFile.java:208)
	... 14 more
Could not find rule file rules/intRulesCheckedSemantics.key (file: /home/runner/work/key/key/key.core/../key.ui/examples/index/../InformationFlow/MethodContracts/contract.IFMethodContract(contract.IFMethodContract__n6()).JML normal_behavior operation contract.0.key; caused by: de.uka.ilkd.key.proof.init.ProofInputException: Could not find rule file rules/intRulesCheckedSemantics.key)
	at de.uka.ilkd.key.control.AbstractUserInterfaceControl.load(AbstractUserInterfaceControl.java:221)
	at de.uka.ilkd.key.control.KeYEnvironment.load(KeYEnvironment.java:251)
	at de.uka.ilkd.key.control.KeYEnvironment.load(KeYEnvironment.java:224)
	at de.uka.ilkd.key.control.KeYEnvironment.load(KeYEnvironment.java:184)
	at de.uka.ilkd.key.control.KeYEnvironment.load(KeYEnvironment.java:261)
	at de.uka.ilkd.key.proof.runallproofs.proofcollection.TestFile.load(TestFile.java:270)
	at de.uka.ilkd.key.proof.runallproofs.proofcollection.TestFile.runKey(TestFile.java:160)
	at de.uka.ilkd.key.proof.runallproofs.proofcollection.ForkedTestFileRunner.main(ForkedTestFileRunner.java:171)
Caused by: de.uka.ilkd.key.proof.init.ProofInputException: Could not find rule file rules/intRulesCheckedSemantics.key
	at de.uka.ilkd.key.proof.io.KeYFile.readIncludes(KeYFile.java:210)
	at de.uka.ilkd.key.proof.init.ProblemInitializer.readIncludes(ProblemInitializer.java:177)
	at de.uka.ilkd.key.proof.init.ProblemInitializer.readEnvInput(ProblemInitializer.java:325)
	at de.uka.ilkd.key.proof.init.ProblemInitializer.prepare(ProblemInitializer.java:449)
	at de.uka.ilkd.key.proof.io.AbstractProblemLoader.createInitConfig(AbstractProblemLoader.java:518)
	at de.uka.ilkd.key.proof.io.AbstractProblemLoader.loadEnvironment(AbstractProblemLoader.java:288)
	at de.uka.ilkd.key.proof.io.AbstractProblemLoader.load(AbstractProblemLoader.java:252)
	at de.uka.ilkd.key.control.AbstractUserInterfaceControl.load(AbstractUserInterfaceControl.java:209)
	... 7 more
Caused by: java.lang.RuntimeException: Could not find rule file rules/intRulesCheckedSemantics.key
	at de.uka.ilkd.key.proof.io.RuleSourceFactory.fromBuiltInRule(RuleSourceFactory.java:32)
	at de.uka.ilkd.key.proof.io.RuleSourceFactory.fromDefaultLocation(RuleSourceFactory.java:21)
	at de.uka.ilkd.key.nparser.builder.IncludeFinder.addInclude(IncludeFinder.java:63)
	at de.uka.ilkd.key.nparser.builder.IncludeFinder.visitOne_include(IncludeFinder.java:43)
	at de.uka.ilkd.key.nparser.builder.IncludeFinder.visitOne_include(IncludeFinder.java:20)
	at de.uka.ilkd.key.nparser.KeYParser$One_includeContext.accept(KeYParser.java:878)
	at de.uka.ilkd.key.nparser.builder.AbstractBuilder.lambda$mapOf$0(AbstractBuilder.java:112)
	at java.base/java.util.stream.ReferencePipeline$3$1.accept(ReferencePipeline.java:195)
	at java.base/java.util.ArrayList$ArrayListSpliterator.forEachRemaining(ArrayList.java:1655)
	at java.base/java.util.stream.AbstractPipeline.copyInto(AbstractPipeline.java:484)
	at java.base/java.util.stream.AbstractPipeline.wrapAndCopyInto(AbstractPipeline.java:474)
	at java.base/java.util.stream.ReduceOps$ReduceOp.evaluateSequential(ReduceOps.java:913)
	at java.base/java.util.stream.AbstractPipeline.evaluate(AbstractPipeline.java:234)
	at java.base/java.util.stream.ReferencePipeline.collect(ReferencePipeline.java:578)
	at de.uka.ilkd.key.nparser.builder.AbstractBuilder.mapOf(AbstractBuilder.java:112)
	at de.uka.ilkd.key.nparser.builder.IncludeFinder.visitOne_include_statement(IncludeFinder.java:35)
	at de.uka.ilkd.key.nparser.builder.IncludeFinder.visitOne_include_statement(IncludeFinder.java:20)
	at de.uka.ilkd.key.nparser.KeYParser$One_include_statementContext.accept(KeYParser.java:802)
	at org.antlr.v4.runtime.tree.AbstractParseTreeVisitor.visitChildren(AbstractParseTreeVisitor.java:46)
	at de.uka.ilkd.key.nparser.KeYParserBaseVisitor.visitDecls(KeYParserBaseVisitor.java:30)
	at de.uka.ilkd.key.nparser.KeYParser$DeclsContext.accept(KeYParser.java:500)
	at org.antlr.v4.runtime.tree.AbstractParseTreeVisitor.visitChildren(AbstractParseTreeVisitor.java:46)
	at de.uka.ilkd.key.nparser.KeYParserBaseVisitor.visitFile(KeYParserBaseVisitor.java:23)
	at de.uka.ilkd.key.nparser.KeYParser$FileContext.accept(KeYParser.java:306)
	at de.uka.ilkd.key.nparser.KeyAst.accept(KeyAst.java:41)
	at de.uka.ilkd.key.nparser.KeyAst$File.getIncludes(KeyAst.java:76)
	at de.uka.ilkd.key.proof.io.KeYFile.readIncludes(KeYFile.java:208)
	... 14 more
Could not find rule file rules/intRulesCheckedSemantics.key (file: /home/runner/work/key/key/key.core/../key.ui/examples/index/../InformationFlow/MethodContracts/contract.IFMethodContract(contract.IFMethodContract__secure_n6()).JML operation contract.0.key; caused by: de.uka.ilkd.key.proof.init.ProofInputException: Could not find rule file rules/intRulesCheckedSemantics.key)
	at de.uka.ilkd.key.control.AbstractUserInterfaceControl.load(AbstractUserInterfaceControl.java:221)
	at de.uka.ilkd.key.control.KeYEnvironment.load(KeYEnvironment.java:251)
	at de.uka.ilkd.key.control.KeYEnvironment.load(KeYEnvironment.java:224)
	at de.uka.ilkd.key.control.KeYEnvironment.load(KeYEnvironment.java:184)
	at de.uka.ilkd.key.control.KeYEnvironment.load(KeYEnvironment.java:261)
	at de.uka.ilkd.key.proof.runallproofs.proofcollection.TestFile.load(TestFile.java:270)
	at de.uka.ilkd.key.proof.runallproofs.proofcollection.TestFile.runKey(TestFile.java:160)
	at de.uka.ilkd.key.proof.runallproofs.proofcollection.ForkedTestFileRunner.main(ForkedTestFileRunner.java:171)
Caused by: de.uka.ilkd.key.proof.init.ProofInputException: Could not find rule file rules/intRulesCheckedSemantics.key
	at de.uka.ilkd.key.proof.io.KeYFile.readIncludes(KeYFile.java:210)
	at de.uka.ilkd.key.proof.init.ProblemInitializer.readIncludes(ProblemInitializer.java:177)
	at de.uka.ilkd.key.proof.init.ProblemInitializer.readEnvInput(ProblemInitializer.java:325)
	at de.uka.ilkd.key.proof.init.ProblemInitializer.prepare(ProblemInitializer.java:449)
	at de.uka.ilkd.key.proof.io.AbstractProblemLoader.createInitConfig(AbstractProblemLoader.java:518)
	at de.uka.ilkd.key.proof.io.AbstractProblemLoader.loadEnvironment(AbstractProblemLoader.java:288)
	at de.uka.ilkd.key.proof.io.AbstractProblemLoader.load(AbstractProblemLoader.java:252)
	at de.uka.ilkd.key.control.AbstractUserInterfaceControl.load(AbstractUserInterfaceControl.java:209)
	... 7 more
Caused by: java.lang.RuntimeException: Could not find rule file rules/intRulesCheckedSemantics.key
	at de.uka.ilkd.key.proof.io.RuleSourceFactory.fromBuiltInRule(RuleSourceFactory.java:32)
	at de.uka.ilkd.key.proof.io.RuleSourceFactory.fromDefaultLocation(RuleSourceFactory.java:21)
	at de.uka.ilkd.key.nparser.builder.IncludeFinder.addInclude(IncludeFinder.java:63)
	at de.uka.ilkd.key.nparser.builder.IncludeFinder.visitOne_include(IncludeFinder.java:43)
	at de.uka.ilkd.key.nparser.builder.IncludeFinder.visitOne_include(IncludeFinder.java:20)
	at de.uka.ilkd.key.nparser.KeYParser$One_includeContext.accept(KeYParser.java:878)
	at de.uka.ilkd.key.nparser.builder.AbstractBuilder.lambda$mapOf$0(AbstractBuilder.java:112)
	at java.base/java.util.stream.ReferencePipeline$3$1.accept(ReferencePipeline.java:195)
	at java.base/java.util.ArrayList$ArrayListSpliterator.forEachRemaining(ArrayList.java:1655)
	at java.base/java.util.stream.AbstractPipeline.copyInto(AbstractPipeline.java:484)
	at java.base/java.util.stream.AbstractPipeline.wrapAndCopyInto(AbstractPipeline.java:474)
	at java.base/java.util.stream.ReduceOps$ReduceOp.evaluateSequential(ReduceOps.java:913)
	at java.base/java.util.stream.AbstractPipeline.evaluate(AbstractPipeline.java:234)
	at java.base/java.util.stream.ReferencePipeline.collect(ReferencePipeline.java:578)
	at de.uka.ilkd.key.nparser.builder.AbstractBuilder.mapOf(AbstractBuilder.java:112)
	at de.uka.ilkd.key.nparser.builder.IncludeFinder.visitOne_include_statement(IncludeFinder.java:35)
	at de.uka.ilkd.key.nparser.builder.IncludeFinder.visitOne_include_statement(IncludeFinder.java:20)
	at de.uka.ilkd.key.nparser.KeYParser$One_include_statementContext.accept(KeYParser.java:802)
	at org.antlr.v4.runtime.tree.AbstractParseTreeVisitor.visitChildren(AbstractParseTreeVisitor.java:46)
	at de.uka.ilkd.key.nparser.KeYParserBaseVisitor.visitDecls(KeYParserBaseVisitor.java:30)
	at de.uka.ilkd.key.nparser.KeYParser$DeclsContext.accept(KeYParser.java:500)
	at org.antlr.v4.runtime.tree.AbstractParseTreeVisitor.visitChildren(AbstractParseTreeVisitor.java:46)
	at de.uka.ilkd.key.nparser.KeYParserBaseVisitor.visitFile(KeYParserBaseVisitor.java:23)
	at de.uka.ilkd.key.nparser.KeYParser$FileContext.accept(KeYParser.java:306)
	at de.uka.ilkd.key.nparser.KeyAst.accept(KeyAst.java:41)
	at de.uka.ilkd.key.nparser.KeyAst$File.getIncludes(KeyAst.java:76)
	at de.uka.ilkd.key.proof.io.KeYFile.readIncludes(KeYFile.java:208)
	... 14 more
Could not find rule file rules/intRulesCheckedSemantics.key (file: /home/runner/work/key/key/key.core/../key.ui/examples/index/../InformationFlow/MethodContracts/contract.IFMethodContract(contract.IFMethodContract__secure_array_param_helper()).JML normal_behavior operation contract.0.key; caused by: de.uka.ilkd.key.proof.init.ProofInputException: Could not find rule file rules/intRulesCheckedSemantics.key)
	at de.uka.ilkd.key.control.AbstractUserInterfaceControl.load(AbstractUserInterfaceControl.java:221)
	at de.uka.ilkd.key.control.KeYEnvironment.load(KeYEnvironment.java:251)
	at de.uka.ilkd.key.control.KeYEnvironment.load(KeYEnvironment.java:224)
	at de.uka.ilkd.key.control.KeYEnvironment.load(KeYEnvironment.java:184)
	at de.uka.ilkd.key.control.KeYEnvironment.load(KeYEnvironment.java:261)
	at de.uka.ilkd.key.proof.runallproofs.proofcollection.TestFile.load(TestFile.java:270)
	at de.uka.ilkd.key.proof.runallproofs.proofcollection.TestFile.runKey(TestFile.java:160)
	at de.uka.ilkd.key.proof.runallproofs.proofcollection.ForkedTestFileRunner.main(ForkedTestFileRunner.java:171)
Caused by: de.uka.ilkd.key.proof.init.ProofInputException: Could not find rule file rules/intRulesCheckedSemantics.key
	at de.uka.ilkd.key.proof.io.KeYFile.readIncludes(KeYFile.java:210)
	at de.uka.ilkd.key.proof.init.ProblemInitializer.readIncludes(ProblemInitializer.java:177)
	at de.uka.ilkd.key.proof.init.ProblemInitializer.readEnvInput(ProblemInitializer.java:325)
	at de.uka.ilkd.key.proof.init.ProblemInitializer.prepare(ProblemInitializer.java:449)
	at de.uka.ilkd.key.proof.io.AbstractProblemLoader.createInitConfig(AbstractProblemLoader.java:518)
	at de.uka.ilkd.key.proof.io.AbstractProblemLoader.loadEnvironment(AbstractProblemLoader.java:288)
	at de.uka.ilkd.key.proof.io.AbstractProblemLoader.load(AbstractProblemLoader.java:252)
	at de.uka.ilkd.key.control.AbstractUserInterfaceControl.load(AbstractUserInterfaceControl.java:209)
	... 7 more
Caused by: java.lang.RuntimeException: Could not find rule file rules/intRulesCheckedSemantics.key
	at de.uka.ilkd.key.proof.io.RuleSourceFactory.fromBuiltInRule(RuleSourceFactory.java:32)
	at de.uka.ilkd.key.proof.io.RuleSourceFactory.fromDefaultLocation(RuleSourceFactory.java:21)
	at de.uka.ilkd.key.nparser.builder.IncludeFinder.addInclude(IncludeFinder.java:63)
	at de.uka.ilkd.key.nparser.builder.IncludeFinder.visitOne_include(IncludeFinder.java:43)
	at de.uka.ilkd.key.nparser.builder.IncludeFinder.visitOne_include(IncludeFinder.java:20)
	at de.uka.ilkd.key.nparser.KeYParser$One_includeContext.accept(KeYParser.java:878)
	at de.uka.ilkd.key.nparser.builder.AbstractBuilder.lambda$mapOf$0(AbstractBuilder.java:112)
	at java.base/java.util.stream.ReferencePipeline$3$1.accept(ReferencePipeline.java:195)
	at java.base/java.util.ArrayList$ArrayListSpliterator.forEachRemaining(ArrayList.java:1655)
	at java.base/java.util.stream.AbstractPipeline.copyInto(AbstractPipeline.java:484)
	at java.base/java.util.stream.AbstractPipeline.wrapAndCopyInto(AbstractPipeline.java:474)
	at java.base/java.util.stream.ReduceOps$ReduceOp.evaluateSequential(ReduceOps.java:913)
	at java.base/java.util.stream.AbstractPipeline.evaluate(AbstractPipeline.java:234)
	at java.base/java.util.stream.ReferencePipeline.collect(ReferencePipeline.java:578)
	at de.uka.ilkd.key.nparser.builder.AbstractBuilder.mapOf(AbstractBuilder.java:112)
	at de.uka.ilkd.key.nparser.builder.IncludeFinder.visitOne_include_statement(IncludeFinder.java:35)
	at de.uka.ilkd.key.nparser.builder.IncludeFinder.visitOne_include_statement(IncludeFinder.java:20)
	at de.uka.ilkd.key.nparser.KeYParser$One_include_statementContext.accept(KeYParser.java:802)
	at org.antlr.v4.runtime.tree.AbstractParseTreeVisitor.visitChildren(AbstractParseTreeVisitor.java:46)
	at de.uka.ilkd.key.nparser.KeYParserBaseVisitor.visitDecls(KeYParserBaseVisitor.java:30)
	at de.uka.ilkd.key.nparser.KeYParser$DeclsContext.accept(KeYParser.java:500)
	at org.antlr.v4.runtime.tree.AbstractParseTreeVisitor.visitChildren(AbstractParseTreeVisitor.java:46)
	at de.uka.ilkd.key.nparser.KeYParserBaseVisitor.visitFile(KeYParserBaseVisitor.java:23)
	at de.uka.ilkd.key.nparser.KeYParser$FileContext.accept(KeYParser.java:306)
	at de.uka.ilkd.key.nparser.KeyAst.accept(KeyAst.java:41)
	at de.uka.ilkd.key.nparser.KeyAst$File.getIncludes(KeyAst.java:76)
	at de.uka.ilkd.key.proof.io.KeYFile.readIncludes(KeYFile.java:208)
	... 14 more
Could not find rule file rules/intRulesCheckedSemantics.key (file: /home/runner/work/key/key/key.core/../key.ui/examples/index/../InformationFlow/MethodContracts/contract.IFMethodContract(contract.IFMethodContract__secure_array_param((I,int)).JML operation contract.0.key; caused by: de.uka.ilkd.key.proof.init.ProofInputException: Could not find rule file rules/intRulesCheckedSemantics.key)
	at de.uka.ilkd.key.control.AbstractUserInterfaceControl.load(AbstractUserInterfaceControl.java:221)
	at de.uka.ilkd.key.control.KeYEnvironment.load(KeYEnvironment.java:251)
	at de.uka.ilkd.key.control.KeYEnvironment.load(KeYEnvironment.java:224)
	at de.uka.ilkd.key.control.KeYEnvironment.load(KeYEnvironment.java:184)
	at de.uka.ilkd.key.control.KeYEnvironment.load(KeYEnvironment.java:261)
	at de.uka.ilkd.key.proof.runallproofs.proofcollection.TestFile.load(TestFile.java:270)
	at de.uka.ilkd.key.proof.runallproofs.proofcollection.TestFile.runKey(TestFile.java:160)
	at de.uka.ilkd.key.proof.runallproofs.proofcollection.ForkedTestFileRunner.main(ForkedTestFileRunner.java:171)
Caused by: de.uka.ilkd.key.proof.init.ProofInputException: Could not find rule file rules/intRulesCheckedSemantics.key
	at de.uka.ilkd.key.proof.io.KeYFile.readIncludes(KeYFile.java:210)
	at de.uka.ilkd.key.proof.init.ProblemInitializer.readIncludes(ProblemInitializer.java:177)
	at de.uka.ilkd.key.proof.init.ProblemInitializer.readEnvInput(ProblemInitializer.java:325)
	at de.uka.ilkd.key.proof.init.ProblemInitializer.prepare(ProblemInitializer.java:449)
	at de.uka.ilkd.key.proof.io.AbstractProblemLoader.createInitConfig(AbstractProblemLoader.java:518)
	at de.uka.ilkd.key.proof.io.AbstractProblemLoader.loadEnvironment(AbstractProblemLoader.java:288)
	at de.uka.ilkd.key.proof.io.AbstractProblemLoader.load(AbstractProblemLoader.java:252)
	at de.uka.ilkd.key.control.AbstractUserInterfaceControl.load(AbstractUserInterfaceControl.java:209)
	... 7 more
Caused by: java.lang.RuntimeException: Could not find rule file rules/intRulesCheckedSemantics.key
	at de.uka.ilkd.key.proof.io.RuleSourceFactory.fromBuiltInRule(RuleSourceFactory.java:32)
	at de.uka.ilkd.key.proof.io.RuleSourceFactory.fromDefaultLocation(RuleSourceFactory.java:21)
	at de.uka.ilkd.key.nparser.builder.IncludeFinder.addInclude(IncludeFinder.java:63)
	at de.uka.ilkd.key.nparser.builder.IncludeFinder.visitOne_include(IncludeFinder.java:43)
	at de.uka.ilkd.key.nparser.builder.IncludeFinder.visitOne_include(IncludeFinder.java:20)
	at de.uka.ilkd.key.nparser.KeYParser$One_includeContext.accept(KeYParser.java:878)
	at de.uka.ilkd.key.nparser.builder.AbstractBuilder.lambda$mapOf$0(AbstractBuilder.java:112)
	at java.base/java.util.stream.ReferencePipeline$3$1.accept(ReferencePipeline.java:195)
	at java.base/java.util.ArrayList$ArrayListSpliterator.forEachRemaining(ArrayList.java:1655)
	at java.base/java.util.stream.AbstractPipeline.copyInto(AbstractPipeline.java:484)
	at java.base/java.util.stream.AbstractPipeline.wrapAndCopyInto(AbstractPipeline.java:474)
	at java.base/java.util.stream.ReduceOps$ReduceOp.evaluateSequential(ReduceOps.java:913)
	at java.base/java.util.stream.AbstractPipeline.evaluate(AbstractPipeline.java:234)
	at java.base/java.util.stream.ReferencePipeline.collect(ReferencePipeline.java:578)
	at de.uka.ilkd.key.nparser.builder.AbstractBuilder.mapOf(AbstractBuilder.java:112)
	at de.uka.ilkd.key.nparser.builder.IncludeFinder.visitOne_include_statement(IncludeFinder.java:35)
	at de.uka.ilkd.key.nparser.builder.IncludeFinder.visitOne_include_statement(IncludeFinder.java:20)
	at de.uka.ilkd.key.nparser.KeYParser$One_include_statementContext.accept(KeYParser.java:802)
	at org.antlr.v4.runtime.tree.AbstractParseTreeVisitor.visitChildren(AbstractParseTreeVisitor.java:46)
	at de.uka.ilkd.key.nparser.KeYParserBaseVisitor.visitDecls(KeYParserBaseVisitor.java:30)
	at de.uka.ilkd.key.nparser.KeYParser$DeclsContext.accept(KeYParser.java:500)
	at org.antlr.v4.runtime.tree.AbstractParseTreeVisitor.visitChildren(AbstractParseTreeVisitor.java:46)
	at de.uka.ilkd.key.nparser.KeYParserBaseVisitor.visitFile(KeYParserBaseVisitor.java:23)
	at de.uka.ilkd.key.nparser.KeYParser$FileContext.accept(KeYParser.java:306)
	at de.uka.ilkd.key.nparser.KeyAst.accept(KeyAst.java:41)
	at de.uka.ilkd.key.nparser.KeyAst$File.getIncludes(KeyAst.java:76)
	at de.uka.ilkd.key.proof.io.KeYFile.readIncludes(KeYFile.java:208)
	... 14 more
Could not find rule file rules/intRulesCheckedSemantics.key (file: /home/runner/work/key/key/key.core/../key.ui/examples/index/../InformationFlow/MethodContracts/contract.IFMethodContract(contract.IFMethodContract__n9()).JML normal_behavior operation contract.0.key; caused by: de.uka.ilkd.key.proof.init.ProofInputException: Could not find rule file rules/intRulesCheckedSemantics.key)
	at de.uka.ilkd.key.control.AbstractUserInterfaceControl.load(AbstractUserInterfaceControl.java:221)
	at de.uka.ilkd.key.control.KeYEnvironment.load(KeYEnvironment.java:251)
	at de.uka.ilkd.key.control.KeYEnvironment.load(KeYEnvironment.java:224)
	at de.uka.ilkd.key.control.KeYEnvironment.load(KeYEnvironment.java:184)
	at de.uka.ilkd.key.control.KeYEnvironment.load(KeYEnvironment.java:261)
	at de.uka.ilkd.key.proof.runallproofs.proofcollection.TestFile.load(TestFile.java:270)
	at de.uka.ilkd.key.proof.runallproofs.proofcollection.TestFile.runKey(TestFile.java:160)
	at de.uka.ilkd.key.proof.runallproofs.proofcollection.ForkedTestFileRunner.main(ForkedTestFileRunner.java:171)
Caused by: de.uka.ilkd.key.proof.init.ProofInputException: Could not find rule file rules/intRulesCheckedSemantics.key
	at de.uka.ilkd.key.proof.io.KeYFile.readIncludes(KeYFile.java:210)
	at de.uka.ilkd.key.proof.init.ProblemInitializer.readIncludes(ProblemInitializer.java:177)
	at de.uka.ilkd.key.proof.init.ProblemInitializer.readEnvInput(ProblemInitializer.java:325)
	at de.uka.ilkd.key.proof.init.ProblemInitializer.prepare(ProblemInitializer.java:449)
	at de.uka.ilkd.key.proof.io.AbstractProblemLoader.createInitConfig(AbstractProblemLoader.java:518)
	at de.uka.ilkd.key.proof.io.AbstractProblemLoader.loadEnvironment(AbstractProblemLoader.java:288)
	at de.uka.ilkd.key.proof.io.AbstractProblemLoader.load(AbstractProblemLoader.java:252)
	at de.uka.ilkd.key.control.AbstractUserInterfaceControl.load(AbstractUserInterfaceControl.java:209)
	... 7 more
Caused by: java.lang.RuntimeException: Could not find rule file rules/intRulesCheckedSemantics.key
	at de.uka.ilkd.key.proof.io.RuleSourceFactory.fromBuiltInRule(RuleSourceFactory.java:32)
	at de.uka.ilkd.key.proof.io.RuleSourceFactory.fromDefaultLocation(RuleSourceFactory.java:21)
	at de.uka.ilkd.key.nparser.builder.IncludeFinder.addInclude(IncludeFinder.java:63)
	at de.uka.ilkd.key.nparser.builder.IncludeFinder.visitOne_include(IncludeFinder.java:43)
	at de.uka.ilkd.key.nparser.builder.IncludeFinder.visitOne_include(IncludeFinder.java:20)
	at de.uka.ilkd.key.nparser.KeYParser$One_includeContext.accept(KeYParser.java:878)
	at de.uka.ilkd.key.nparser.builder.AbstractBuilder.lambda$mapOf$0(AbstractBuilder.java:112)
	at java.base/java.util.stream.ReferencePipeline$3$1.accept(ReferencePipeline.java:195)
	at java.base/java.util.ArrayList$ArrayListSpliterator.forEachRemaining(ArrayList.java:1655)
	at java.base/java.util.stream.AbstractPipeline.copyInto(AbstractPipeline.java:484)
	at java.base/java.util.stream.AbstractPipeline.wrapAndCopyInto(AbstractPipeline.java:474)
	at java.base/java.util.stream.ReduceOps$ReduceOp.evaluateSequential(ReduceOps.java:913)
	at java.base/java.util.stream.AbstractPipeline.evaluate(AbstractPipeline.java:234)
	at java.base/java.util.stream.ReferencePipeline.collect(ReferencePipeline.java:578)
	at de.uka.ilkd.key.nparser.builder.AbstractBuilder.mapOf(AbstractBuilder.java:112)
	at de.uka.ilkd.key.nparser.builder.IncludeFinder.visitOne_include_statement(IncludeFinder.java:35)
	at de.uka.ilkd.key.nparser.builder.IncludeFinder.visitOne_include_statement(IncludeFinder.java:20)
	at de.uka.ilkd.key.nparser.KeYParser$One_include_statementContext.accept(KeYParser.java:802)
	at org.antlr.v4.runtime.tree.AbstractParseTreeVisitor.visitChildren(AbstractParseTreeVisitor.java:46)
	at de.uka.ilkd.key.nparser.KeYParserBaseVisitor.visitDecls(KeYParserBaseVisitor.java:30)
	at de.uka.ilkd.key.nparser.KeYParser$DeclsContext.accept(KeYParser.java:500)
	at org.antlr.v4.runtime.tree.AbstractParseTreeVisitor.visitChildren(AbstractParseTreeVisitor.java:46)
	at de.uka.ilkd.key.nparser.KeYParserBaseVisitor.visitFile(KeYParserBaseVisitor.java:23)
	at de.uka.ilkd.key.nparser.KeYParser$FileContext.accept(KeYParser.java:306)
	at de.uka.ilkd.key.nparser.KeyAst.accept(KeyAst.java:41)
	at de.uka.ilkd.key.nparser.KeyAst$File.getIncludes(KeyAst.java:76)
	at de.uka.ilkd.key.proof.io.KeYFile.readIncludes(KeYFile.java:208)
	... 14 more
Could not find rule file rules/intRulesCheckedSemantics.key (file: /home/runner/work/key/key/key.core/../key.ui/examples/index/../InformationFlow/MethodContracts/contract.IFMethodContract(contract.IFMethodContract__secure_assignment_0_n9()).JML operation contract.0.key; caused by: de.uka.ilkd.key.proof.init.ProofInputException: Could not find rule file rules/intRulesCheckedSemantics.key)
	at de.uka.ilkd.key.control.AbstractUserInterfaceControl.load(AbstractUserInterfaceControl.java:221)
	at de.uka.ilkd.key.control.KeYEnvironment.load(KeYEnvironment.java:251)
	at de.uka.ilkd.key.control.KeYEnvironment.load(KeYEnvironment.java:224)
	at de.uka.ilkd.key.control.KeYEnvironment.load(KeYEnvironment.java:184)
	at de.uka.ilkd.key.control.KeYEnvironment.load(KeYEnvironment.java:261)
	at de.uka.ilkd.key.proof.runallproofs.proofcollection.TestFile.load(TestFile.java:270)
	at de.uka.ilkd.key.proof.runallproofs.proofcollection.TestFile.runKey(TestFile.java:160)
	at de.uka.ilkd.key.proof.runallproofs.proofcollection.ForkedTestFileRunner.main(ForkedTestFileRunner.java:171)
Caused by: de.uka.ilkd.key.proof.init.ProofInputException: Could not find rule file rules/intRulesCheckedSemantics.key
	at de.uka.ilkd.key.proof.io.KeYFile.readIncludes(KeYFile.java:210)
	at de.uka.ilkd.key.proof.init.ProblemInitializer.readIncludes(ProblemInitializer.java:177)
	at de.uka.ilkd.key.proof.init.ProblemInitializer.readEnvInput(ProblemInitializer.java:325)
	at de.uka.ilkd.key.proof.init.ProblemInitializer.prepare(ProblemInitializer.java:449)
	at de.uka.ilkd.key.proof.io.AbstractProblemLoader.createInitConfig(AbstractProblemLoader.java:518)
	at de.uka.ilkd.key.proof.io.AbstractProblemLoader.loadEnvironment(AbstractProblemLoader.java:288)
	at de.uka.ilkd.key.proof.io.AbstractProblemLoader.load(AbstractProblemLoader.java:252)
	at de.uka.ilkd.key.control.AbstractUserInterfaceControl.load(AbstractUserInterfaceControl.java:209)
	... 7 more
Caused by: java.lang.RuntimeException: Could not find rule file rules/intRulesCheckedSemantics.key
	at de.uka.ilkd.key.proof.io.RuleSourceFactory.fromBuiltInRule(RuleSourceFactory.java:32)
	at de.uka.ilkd.key.proof.io.RuleSourceFactory.fromDefaultLocation(RuleSourceFactory.java:21)
	at de.uka.ilkd.key.nparser.builder.IncludeFinder.addInclude(IncludeFinder.java:63)
	at de.uka.ilkd.key.nparser.builder.IncludeFinder.visitOne_include(IncludeFinder.java:43)
	at de.uka.ilkd.key.nparser.builder.IncludeFinder.visitOne_include(IncludeFinder.java:20)
	at de.uka.ilkd.key.nparser.KeYParser$One_includeContext.accept(KeYParser.java:878)
	at de.uka.ilkd.key.nparser.builder.AbstractBuilder.lambda$mapOf$0(AbstractBuilder.java:112)
	at java.base/java.util.stream.ReferencePipeline$3$1.accept(ReferencePipeline.java:195)
	at java.base/java.util.ArrayList$ArrayListSpliterator.forEachRemaining(ArrayList.java:1655)
	at java.base/java.util.stream.AbstractPipeline.copyInto(AbstractPipeline.java:484)
	at java.base/java.util.stream.AbstractPipeline.wrapAndCopyInto(AbstractPipeline.java:474)
	at java.base/java.util.stream.ReduceOps$ReduceOp.evaluateSequential(ReduceOps.java:913)
	at java.base/java.util.stream.AbstractPipeline.evaluate(AbstractPipeline.java:234)
	at java.base/java.util.stream.ReferencePipeline.collect(ReferencePipeline.java:578)
	at de.uka.ilkd.key.nparser.builder.AbstractBuilder.mapOf(AbstractBuilder.java:112)
	at de.uka.ilkd.key.nparser.builder.IncludeFinder.visitOne_include_statement(IncludeFinder.java:35)
	at de.uka.ilkd.key.nparser.builder.IncludeFinder.visitOne_include_statement(IncludeFinder.java:20)
	at de.uka.ilkd.key.nparser.KeYParser$One_include_statementContext.accept(KeYParser.java:802)
	at org.antlr.v4.runtime.tree.AbstractParseTreeVisitor.visitChildren(AbstractParseTreeVisitor.java:46)
	at de.uka.ilkd.key.nparser.KeYParserBaseVisitor.visitDecls(KeYParserBaseVisitor.java:30)
	at de.uka.ilkd.key.nparser.KeYParser$DeclsContext.accept(KeYParser.java:500)
	at org.antlr.v4.runtime.tree.AbstractParseTreeVisitor.visitChildren(AbstractParseTreeVisitor.java:46)
	at de.uka.ilkd.key.nparser.KeYParserBaseVisitor.visitFile(KeYParserBaseVisitor.java:23)
	at de.uka.ilkd.key.nparser.KeYParser$FileContext.accept(KeYParser.java:306)
	at de.uka.ilkd.key.nparser.KeyAst.accept(KeyAst.java:41)
	at de.uka.ilkd.key.nparser.KeyAst$File.getIncludes(KeyAst.java:76)
	at de.uka.ilkd.key.proof.io.KeYFile.readIncludes(KeYFile.java:208)
	... 14 more
Could not find rule file rules/intRulesCheckedSemantics.key (file: /home/runner/work/key/key/key.core/../key.ui/examples/index/../InformationFlow/MethodContracts/contract.IFMethodContract(contract.IFMethodContract__insecure_if_high_n5_n1()).JML operation contract.0.key; caused by: de.uka.ilkd.key.proof.init.ProofInputException: Could not find rule file rules/intRulesCheckedSemantics.key)
	at de.uka.ilkd.key.control.AbstractUserInterfaceControl.load(AbstractUserInterfaceControl.java:221)
	at de.uka.ilkd.key.control.KeYEnvironment.load(KeYEnvironment.java:251)
	at de.uka.ilkd.key.control.KeYEnvironment.load(KeYEnvironment.java:224)
	at de.uka.ilkd.key.control.KeYEnvironment.load(KeYEnvironment.java:184)
	at de.uka.ilkd.key.control.KeYEnvironment.load(KeYEnvironment.java:261)
	at de.uka.ilkd.key.proof.runallproofs.proofcollection.TestFile.load(TestFile.java:270)
	at de.uka.ilkd.key.proof.runallproofs.proofcollection.TestFile.runKey(TestFile.java:160)
	at de.uka.ilkd.key.proof.runallproofs.proofcollection.ForkedTestFileRunner.main(ForkedTestFileRunner.java:171)
Caused by: de.uka.ilkd.key.proof.init.ProofInputException: Could not find rule file rules/intRulesCheckedSemantics.key
	at de.uka.ilkd.key.proof.io.KeYFile.readIncludes(KeYFile.java:210)
	at de.uka.ilkd.key.proof.init.ProblemInitializer.readIncludes(ProblemInitializer.java:177)
	at de.uka.ilkd.key.proof.init.ProblemInitializer.readEnvInput(ProblemInitializer.java:325)
	at de.uka.ilkd.key.proof.init.ProblemInitializer.prepare(ProblemInitializer.java:449)
	at de.uka.ilkd.key.proof.io.AbstractProblemLoader.createInitConfig(AbstractProblemLoader.java:518)
	at de.uka.ilkd.key.proof.io.AbstractProblemLoader.loadEnvironment(AbstractProblemLoader.java:288)
	at de.uka.ilkd.key.proof.io.AbstractProblemLoader.load(AbstractProblemLoader.java:252)
	at de.uka.ilkd.key.control.AbstractUserInterfaceControl.load(AbstractUserInterfaceControl.java:209)
	... 7 more
Caused by: java.lang.RuntimeException: Could not find rule file rules/intRulesCheckedSemantics.key
	at de.uka.ilkd.key.proof.io.RuleSourceFactory.fromBuiltInRule(RuleSourceFactory.java:32)
	at de.uka.ilkd.key.proof.io.RuleSourceFactory.fromDefaultLocation(RuleSourceFactory.java:21)
	at de.uka.ilkd.key.nparser.builder.IncludeFinder.addInclude(IncludeFinder.java:63)
	at de.uka.ilkd.key.nparser.builder.IncludeFinder.visitOne_include(IncludeFinder.java:43)
	at de.uka.ilkd.key.nparser.builder.IncludeFinder.visitOne_include(IncludeFinder.java:20)
	at de.uka.ilkd.key.nparser.KeYParser$One_includeContext.accept(KeYParser.java:878)
	at de.uka.ilkd.key.nparser.builder.AbstractBuilder.lambda$mapOf$0(AbstractBuilder.java:112)
	at java.base/java.util.stream.ReferencePipeline$3$1.accept(ReferencePipeline.java:195)
	at java.base/java.util.ArrayList$ArrayListSpliterator.forEachRemaining(ArrayList.java:1655)
	at java.base/java.util.stream.AbstractPipeline.copyInto(AbstractPipeline.java:484)
	at java.base/java.util.stream.AbstractPipeline.wrapAndCopyInto(AbstractPipeline.java:474)
	at java.base/java.util.stream.ReduceOps$ReduceOp.evaluateSequential(ReduceOps.java:913)
	at java.base/java.util.stream.AbstractPipeline.evaluate(AbstractPipeline.java:234)
	at java.base/java.util.stream.ReferencePipeline.collect(ReferencePipeline.java:578)
	at de.uka.ilkd.key.nparser.builder.AbstractBuilder.mapOf(AbstractBuilder.java:112)
	at de.uka.ilkd.key.nparser.builder.IncludeFinder.visitOne_include_statement(IncludeFinder.java:35)
	at de.uka.ilkd.key.nparser.builder.IncludeFinder.visitOne_include_statement(IncludeFinder.java:20)
	at de.uka.ilkd.key.nparser.KeYParser$One_include_statementContext.accept(KeYParser.java:802)
	at org.antlr.v4.runtime.tree.AbstractParseTreeVisitor.visitChildren(AbstractParseTreeVisitor.java:46)
	at de.uka.ilkd.key.nparser.KeYParserBaseVisitor.visitDecls(KeYParserBaseVisitor.java:30)
	at de.uka.ilkd.key.nparser.KeYParser$DeclsContext.accept(KeYParser.java:500)
	at org.antlr.v4.runtime.tree.AbstractParseTreeVisitor.visitChildren(AbstractParseTreeVisitor.java:46)
	at de.uka.ilkd.key.nparser.KeYParserBaseVisitor.visitFile(KeYParserBaseVisitor.java:23)
	at de.uka.ilkd.key.nparser.KeYParser$FileContext.accept(KeYParser.java:306)
	at de.uka.ilkd.key.nparser.KeyAst.accept(KeyAst.java:41)
	at de.uka.ilkd.key.nparser.KeyAst$File.getIncludes(KeyAst.java:76)
	at de.uka.ilkd.key.proof.io.KeYFile.readIncludes(KeYFile.java:208)
	... 14 more
Could not find rule file rules/intRulesCheckedSemantics.key (file: /home/runner/work/key/key/key.core/../key.ui/examples/index/../InformationFlow/MethodContracts/contract.IFMethodContract(contract.IFMethodContract__n5(int)).JML normal_behavior operation contract.0.key; caused by: de.uka.ilkd.key.proof.init.ProofInputException: Could not find rule file rules/intRulesCheckedSemantics.key)
	at de.uka.ilkd.key.control.AbstractUserInterfaceControl.load(AbstractUserInterfaceControl.java:221)
	at de.uka.ilkd.key.control.KeYEnvironment.load(KeYEnvironment.java:251)
	at de.uka.ilkd.key.control.KeYEnvironment.load(KeYEnvironment.java:224)
	at de.uka.ilkd.key.control.KeYEnvironment.load(KeYEnvironment.java:184)
	at de.uka.ilkd.key.control.KeYEnvironment.load(KeYEnvironment.java:261)
	at de.uka.ilkd.key.proof.runallproofs.proofcollection.TestFile.load(TestFile.java:270)
	at de.uka.ilkd.key.proof.runallproofs.proofcollection.TestFile.runKey(TestFile.java:160)
	at de.uka.ilkd.key.proof.runallproofs.proofcollection.ForkedTestFileRunner.main(ForkedTestFileRunner.java:171)
Caused by: de.uka.ilkd.key.proof.init.ProofInputException: Could not find rule file rules/intRulesCheckedSemantics.key
	at de.uka.ilkd.key.proof.io.KeYFile.readIncludes(KeYFile.java:210)
	at de.uka.ilkd.key.proof.init.ProblemInitializer.readIncludes(ProblemInitializer.java:177)
	at de.uka.ilkd.key.proof.init.ProblemInitializer.readEnvInput(ProblemInitializer.java:325)
	at de.uka.ilkd.key.proof.init.ProblemInitializer.prepare(ProblemInitializer.java:449)
	at de.uka.ilkd.key.proof.io.AbstractProblemLoader.createInitConfig(AbstractProblemLoader.java:518)
	at de.uka.ilkd.key.proof.io.AbstractProblemLoader.loadEnvironment(AbstractProblemLoader.java:288)
	at de.uka.ilkd.key.proof.io.AbstractProblemLoader.load(AbstractProblemLoader.java:252)
	at de.uka.ilkd.key.control.AbstractUserInterfaceControl.load(AbstractUserInterfaceControl.java:209)
	... 7 more
Caused by: java.lang.RuntimeException: Could not find rule file rules/intRulesCheckedSemantics.key
	at de.uka.ilkd.key.proof.io.RuleSourceFactory.fromBuiltInRule(RuleSourceFactory.java:32)
	at de.uka.ilkd.key.proof.io.RuleSourceFactory.fromDefaultLocation(RuleSourceFactory.java:21)
	at de.uka.ilkd.key.nparser.builder.IncludeFinder.addInclude(IncludeFinder.java:63)
	at de.uka.ilkd.key.nparser.builder.IncludeFinder.visitOne_include(IncludeFinder.java:43)
	at de.uka.ilkd.key.nparser.builder.IncludeFinder.visitOne_include(IncludeFinder.java:20)
	at de.uka.ilkd.key.nparser.KeYParser$One_includeContext.accept(KeYParser.java:878)
	at de.uka.ilkd.key.nparser.builder.AbstractBuilder.lambda$mapOf$0(AbstractBuilder.java:112)
	at java.base/java.util.stream.ReferencePipeline$3$1.accept(ReferencePipeline.java:195)
	at java.base/java.util.ArrayList$ArrayListSpliterator.forEachRemaining(ArrayList.java:1655)
	at java.base/java.util.stream.AbstractPipeline.copyInto(AbstractPipeline.java:484)
	at java.base/java.util.stream.AbstractPipeline.wrapAndCopyInto(AbstractPipeline.java:474)
	at java.base/java.util.stream.ReduceOps$ReduceOp.evaluateSequential(ReduceOps.java:913)
	at java.base/java.util.stream.AbstractPipeline.evaluate(AbstractPipeline.java:234)
	at java.base/java.util.stream.ReferencePipeline.collect(ReferencePipeline.java:578)
	at de.uka.ilkd.key.nparser.builder.AbstractBuilder.mapOf(AbstractBuilder.java:112)
	at de.uka.ilkd.key.nparser.builder.IncludeFinder.visitOne_include_statement(IncludeFinder.java:35)
	at de.uka.ilkd.key.nparser.builder.IncludeFinder.visitOne_include_statement(IncludeFinder.java:20)
	at de.uka.ilkd.key.nparser.KeYParser$One_include_statementContext.accept(KeYParser.java:802)
	at org.antlr.v4.runtime.tree.AbstractParseTreeVisitor.visitChildren(AbstractParseTreeVisitor.java:46)
	at de.uka.ilkd.key.nparser.KeYParserBaseVisitor.visitDecls(KeYParserBaseVisitor.java:30)
	at de.uka.ilkd.key.nparser.KeYParser$DeclsContext.accept(KeYParser.java:500)
	at org.antlr.v4.runtime.tree.AbstractParseTreeVisitor.visitChildren(AbstractParseTreeVisitor.java:46)
	at de.uka.ilkd.key.nparser.KeYParserBaseVisitor.visitFile(KeYParserBaseVisitor.java:23)
	at de.uka.ilkd.key.nparser.KeYParser$FileContext.accept(KeYParser.java:306)
	at de.uka.ilkd.key.nparser.KeyAst.accept(KeyAst.java:41)
	at de.uka.ilkd.key.nparser.KeyAst$File.getIncludes(KeyAst.java:76)
	at de.uka.ilkd.key.proof.io.KeYFile.readIncludes(KeYFile.java:208)
	... 14 more
Could not find rule file rules/intRulesCheckedSemantics.key (file: /home/runner/work/key/key/key.core/../key.ui/examples/index/../InformationFlow/MethodContracts/contract.IFMethodContract(contract.IFMethodContract__secure_if_high_n5_n1()).JML operation contract.0.key; caused by: de.uka.ilkd.key.proof.init.ProofInputException: Could not find rule file rules/intRulesCheckedSemantics.key)
	at de.uka.ilkd.key.control.AbstractUserInterfaceControl.load(AbstractUserInterfaceControl.java:221)
	at de.uka.ilkd.key.control.KeYEnvironment.load(KeYEnvironment.java:251)
	at de.uka.ilkd.key.control.KeYEnvironment.load(KeYEnvironment.java:224)
	at de.uka.ilkd.key.control.KeYEnvironment.load(KeYEnvironment.java:184)
	at de.uka.ilkd.key.control.KeYEnvironment.load(KeYEnvironment.java:261)
	at de.uka.ilkd.key.proof.runallproofs.proofcollection.TestFile.load(TestFile.java:270)
	at de.uka.ilkd.key.proof.runallproofs.proofcollection.TestFile.runKey(TestFile.java:160)
	at de.uka.ilkd.key.proof.runallproofs.proofcollection.ForkedTestFileRunner.main(ForkedTestFileRunner.java:171)
Caused by: de.uka.ilkd.key.proof.init.ProofInputException: Could not find rule file rules/intRulesCheckedSemantics.key
	at de.uka.ilkd.key.proof.io.KeYFile.readIncludes(KeYFile.java:210)
	at de.uka.ilkd.key.proof.init.ProblemInitializer.readIncludes(ProblemInitializer.java:177)
	at de.uka.ilkd.key.proof.init.ProblemInitializer.readEnvInput(ProblemInitializer.java:325)
	at de.uka.ilkd.key.proof.init.ProblemInitializer.prepare(ProblemInitializer.java:449)
	at de.uka.ilkd.key.proof.io.AbstractProblemLoader.createInitConfig(AbstractProblemLoader.java:518)
	at de.uka.ilkd.key.proof.io.AbstractProblemLoader.loadEnvironment(AbstractProblemLoader.java:288)
	at de.uka.ilkd.key.proof.io.AbstractProblemLoader.load(AbstractProblemLoader.java:252)
	at de.uka.ilkd.key.control.AbstractUserInterfaceControl.load(AbstractUserInterfaceControl.java:209)
	... 7 more
Caused by: java.lang.RuntimeException: Could not find rule file rules/intRulesCheckedSemantics.key
	at de.uka.ilkd.key.proof.io.RuleSourceFactory.fromBuiltInRule(RuleSourceFactory.java:32)
	at de.uka.ilkd.key.proof.io.RuleSourceFactory.fromDefaultLocation(RuleSourceFactory.java:21)
	at de.uka.ilkd.key.nparser.builder.IncludeFinder.addInclude(IncludeFinder.java:63)
	at de.uka.ilkd.key.nparser.builder.IncludeFinder.visitOne_include(IncludeFinder.java:43)
	at de.uka.ilkd.key.nparser.builder.IncludeFinder.visitOne_include(IncludeFinder.java:20)
	at de.uka.ilkd.key.nparser.KeYParser$One_includeContext.accept(KeYParser.java:878)
	at de.uka.ilkd.key.nparser.builder.AbstractBuilder.lambda$mapOf$0(AbstractBuilder.java:112)
	at java.base/java.util.stream.ReferencePipeline$3$1.accept(ReferencePipeline.java:195)
	at java.base/java.util.ArrayList$ArrayListSpliterator.forEachRemaining(ArrayList.java:1655)
	at java.base/java.util.stream.AbstractPipeline.copyInto(AbstractPipeline.java:484)
	at java.base/java.util.stream.AbstractPipeline.wrapAndCopyInto(AbstractPipeline.java:474)
	at java.base/java.util.stream.ReduceOps$ReduceOp.evaluateSequential(ReduceOps.java:913)
	at java.base/java.util.stream.AbstractPipeline.evaluate(AbstractPipeline.java:234)
	at java.base/java.util.stream.ReferencePipeline.collect(ReferencePipeline.java:578)
	at de.uka.ilkd.key.nparser.builder.AbstractBuilder.mapOf(AbstractBuilder.java:112)
	at de.uka.ilkd.key.nparser.builder.IncludeFinder.visitOne_include_statement(IncludeFinder.java:35)
	at de.uka.ilkd.key.nparser.builder.IncludeFinder.visitOne_include_statement(IncludeFinder.java:20)
	at de.uka.ilkd.key.nparser.KeYParser$One_include_statementContext.accept(KeYParser.java:802)
	at org.antlr.v4.runtime.tree.AbstractParseTreeVisitor.visitChildren(AbstractParseTreeVisitor.java:46)
	at de.uka.ilkd.key.nparser.KeYParserBaseVisitor.visitDecls(KeYParserBaseVisitor.java:30)
	at de.uka.ilkd.key.nparser.KeYParser$DeclsContext.accept(KeYParser.java:500)
	at org.antlr.v4.runtime.tree.AbstractParseTreeVisitor.visitChildren(AbstractParseTreeVisitor.java:46)
	at de.uka.ilkd.key.nparser.KeYParserBaseVisitor.visitFile(KeYParserBaseVisitor.java:23)
	at de.uka.ilkd.key.nparser.KeYParser$FileContext.accept(KeYParser.java:306)
	at de.uka.ilkd.key.nparser.KeyAst.accept(KeyAst.java:41)
	at de.uka.ilkd.key.nparser.KeyAst$File.getIncludes(KeyAst.java:76)
	at de.uka.ilkd.key.proof.io.KeYFile.readIncludes(KeYFile.java:208)
	... 14 more
Could not find rule file rules/intRulesCheckedSemantics.key (file: /home/runner/work/key/key/key.core/../key.ui/examples/index/../InformationFlow/MethodContracts/contract.IFMethodContract(contract.IFMethodContract__secure_if_high_n1()).JML operation contract.0.key; caused by: de.uka.ilkd.key.proof.init.ProofInputException: Could not find rule file rules/intRulesCheckedSemantics.key)
	at de.uka.ilkd.key.control.AbstractUserInterfaceControl.load(AbstractUserInterfaceControl.java:221)
	at de.uka.ilkd.key.control.KeYEnvironment.load(KeYEnvironment.java:251)
	at de.uka.ilkd.key.control.KeYEnvironment.load(KeYEnvironment.java:224)
	at de.uka.ilkd.key.control.KeYEnvironment.load(KeYEnvironment.java:184)
	at de.uka.ilkd.key.control.KeYEnvironment.load(KeYEnvironment.java:261)
	at de.uka.ilkd.key.proof.runallproofs.proofcollection.TestFile.load(TestFile.java:270)
	at de.uka.ilkd.key.proof.runallproofs.proofcollection.TestFile.runKey(TestFile.java:160)
	at de.uka.ilkd.key.proof.runallproofs.proofcollection.ForkedTestFileRunner.main(ForkedTestFileRunner.java:171)
Caused by: de.uka.ilkd.key.proof.init.ProofInputException: Could not find rule file rules/intRulesCheckedSemantics.key
	at de.uka.ilkd.key.proof.io.KeYFile.readIncludes(KeYFile.java:210)
	at de.uka.ilkd.key.proof.init.ProblemInitializer.readIncludes(ProblemInitializer.java:177)
	at de.uka.ilkd.key.proof.init.ProblemInitializer.readEnvInput(ProblemInitializer.java:325)
	at de.uka.ilkd.key.proof.init.ProblemInitializer.prepare(ProblemInitializer.java:449)
	at de.uka.ilkd.key.proof.io.AbstractProblemLoader.createInitConfig(AbstractProblemLoader.java:518)
	at de.uka.ilkd.key.proof.io.AbstractProblemLoader.loadEnvironment(AbstractProblemLoader.java:288)
	at de.uka.ilkd.key.proof.io.AbstractProblemLoader.load(AbstractProblemLoader.java:252)
	at de.uka.ilkd.key.control.AbstractUserInterfaceControl.load(AbstractUserInterfaceControl.java:209)
	... 7 more
Caused by: java.lang.RuntimeException: Could not find rule file rules/intRulesCheckedSemantics.key
	at de.uka.ilkd.key.proof.io.RuleSourceFactory.fromBuiltInRule(RuleSourceFactory.java:32)
	at de.uka.ilkd.key.proof.io.RuleSourceFactory.fromDefaultLocation(RuleSourceFactory.java:21)
	at de.uka.ilkd.key.nparser.builder.IncludeFinder.addInclude(IncludeFinder.java:63)
	at de.uka.ilkd.key.nparser.builder.IncludeFinder.visitOne_include(IncludeFinder.java:43)
	at de.uka.ilkd.key.nparser.builder.IncludeFinder.visitOne_include(IncludeFinder.java:20)
	at de.uka.ilkd.key.nparser.KeYParser$One_includeContext.accept(KeYParser.java:878)
	at de.uka.ilkd.key.nparser.builder.AbstractBuilder.lambda$mapOf$0(AbstractBuilder.java:112)
	at java.base/java.util.stream.ReferencePipeline$3$1.accept(ReferencePipeline.java:195)
	at java.base/java.util.ArrayList$ArrayListSpliterator.forEachRemaining(ArrayList.java:1655)
	at java.base/java.util.stream.AbstractPipeline.copyInto(AbstractPipeline.java:484)
	at java.base/java.util.stream.AbstractPipeline.wrapAndCopyInto(AbstractPipeline.java:474)
	at java.base/java.util.stream.ReduceOps$ReduceOp.evaluateSequential(ReduceOps.java:913)
	at java.base/java.util.stream.AbstractPipeline.evaluate(AbstractPipeline.java:234)
	at java.base/java.util.stream.ReferencePipeline.collect(ReferencePipeline.java:578)
	at de.uka.ilkd.key.nparser.builder.AbstractBuilder.mapOf(AbstractBuilder.java:112)
	at de.uka.ilkd.key.nparser.builder.IncludeFinder.visitOne_include_statement(IncludeFinder.java:35)
	at de.uka.ilkd.key.nparser.builder.IncludeFinder.visitOne_include_statement(IncludeFinder.java:20)
	at de.uka.ilkd.key.nparser.KeYParser$One_include_statementContext.accept(KeYParser.java:802)
	at org.antlr.v4.runtime.tree.AbstractParseTreeVisitor.visitChildren(AbstractParseTreeVisitor.java:46)
	at de.uka.ilkd.key.nparser.KeYParserBaseVisitor.visitDecls(KeYParserBaseVisitor.java:30)
	at de.uka.ilkd.key.nparser.KeYParser$DeclsContext.accept(KeYParser.java:500)
	at org.antlr.v4.runtime.tree.AbstractParseTreeVisitor.visitChildren(AbstractParseTreeVisitor.java:46)
	at de.uka.ilkd.key.nparser.KeYParserBaseVisitor.visitFile(KeYParserBaseVisitor.java:23)
	at de.uka.ilkd.key.nparser.KeYParser$FileContext.accept(KeYParser.java:306)
	at de.uka.ilkd.key.nparser.KeyAst.accept(KeyAst.java:41)
	at de.uka.ilkd.key.nparser.KeyAst$File.getIncludes(KeyAst.java:76)
	at de.uka.ilkd.key.proof.io.KeYFile.readIncludes(KeYFile.java:208)
	... 14 more
Could not find rule file rules/intRulesCheckedSemantics.key (file: /home/runner/work/key/key/key.core/../key.ui/examples/index/../InformationFlow/MethodContracts/contract.IFMethodContract(contract.IFMethodContract__secure_n5()).JML operation contract.0.key; caused by: de.uka.ilkd.key.proof.init.ProofInputException: Could not find rule file rules/intRulesCheckedSemantics.key)
	at de.uka.ilkd.key.control.AbstractUserInterfaceControl.load(AbstractUserInterfaceControl.java:221)
	at de.uka.ilkd.key.control.KeYEnvironment.load(KeYEnvironment.java:251)
	at de.uka.ilkd.key.control.KeYEnvironment.load(KeYEnvironment.java:224)
	at de.uka.ilkd.key.control.KeYEnvironment.load(KeYEnvironment.java:184)
	at de.uka.ilkd.key.control.KeYEnvironment.load(KeYEnvironment.java:261)
	at de.uka.ilkd.key.proof.runallproofs.proofcollection.TestFile.load(TestFile.java:270)
	at de.uka.ilkd.key.proof.runallproofs.proofcollection.TestFile.runKey(TestFile.java:160)
	at de.uka.ilkd.key.proof.runallproofs.proofcollection.ForkedTestFileRunner.main(ForkedTestFileRunner.java:171)
Caused by: de.uka.ilkd.key.proof.init.ProofInputException: Could not find rule file rules/intRulesCheckedSemantics.key
	at de.uka.ilkd.key.proof.io.KeYFile.readIncludes(KeYFile.java:210)
	at de.uka.ilkd.key.proof.init.ProblemInitializer.readIncludes(ProblemInitializer.java:177)
	at de.uka.ilkd.key.proof.init.ProblemInitializer.readEnvInput(ProblemInitializer.java:325)
	at de.uka.ilkd.key.proof.init.ProblemInitializer.prepare(ProblemInitializer.java:449)
	at de.uka.ilkd.key.proof.io.AbstractProblemLoader.createInitConfig(AbstractProblemLoader.java:518)
	at de.uka.ilkd.key.proof.io.AbstractProblemLoader.loadEnvironment(AbstractProblemLoader.java:288)
	at de.uka.ilkd.key.proof.io.AbstractProblemLoader.load(AbstractProblemLoader.java:252)
	at de.uka.ilkd.key.control.AbstractUserInterfaceControl.load(AbstractUserInterfaceControl.java:209)
	... 7 more
Caused by: java.lang.RuntimeException: Could not find rule file rules/intRulesCheckedSemantics.key
	at de.uka.ilkd.key.proof.io.RuleSourceFactory.fromBuiltInRule(RuleSourceFactory.java:32)
	at de.uka.ilkd.key.proof.io.RuleSourceFactory.fromDefaultLocation(RuleSourceFactory.java:21)
	at de.uka.ilkd.key.nparser.builder.IncludeFinder.addInclude(IncludeFinder.java:63)
	at de.uka.ilkd.key.nparser.builder.IncludeFinder.visitOne_include(IncludeFinder.java:43)
	at de.uka.ilkd.key.nparser.builder.IncludeFinder.visitOne_include(IncludeFinder.java:20)
	at de.uka.ilkd.key.nparser.KeYParser$One_includeContext.accept(KeYParser.java:878)
	at de.uka.ilkd.key.nparser.builder.AbstractBuilder.lambda$mapOf$0(AbstractBuilder.java:112)
	at java.base/java.util.stream.ReferencePipeline$3$1.accept(ReferencePipeline.java:195)
	at java.base/java.util.ArrayList$ArrayListSpliterator.forEachRemaining(ArrayList.java:1655)
	at java.base/java.util.stream.AbstractPipeline.copyInto(AbstractPipeline.java:484)
	at java.base/java.util.stream.AbstractPipeline.wrapAndCopyInto(AbstractPipeline.java:474)
	at java.base/java.util.stream.ReduceOps$ReduceOp.evaluateSequential(ReduceOps.java:913)
	at java.base/java.util.stream.AbstractPipeline.evaluate(AbstractPipeline.java:234)
	at java.base/java.util.stream.ReferencePipeline.collect(ReferencePipeline.java:578)
	at de.uka.ilkd.key.nparser.builder.AbstractBuilder.mapOf(AbstractBuilder.java:112)
	at de.uka.ilkd.key.nparser.builder.IncludeFinder.visitOne_include_statement(IncludeFinder.java:35)
	at de.uka.ilkd.key.nparser.builder.IncludeFinder.visitOne_include_statement(IncludeFinder.java:20)
	at de.uka.ilkd.key.nparser.KeYParser$One_include_statementContext.accept(KeYParser.java:802)
	at org.antlr.v4.runtime.tree.AbstractParseTreeVisitor.visitChildren(AbstractParseTreeVisitor.java:46)
	at de.uka.ilkd.key.nparser.KeYParserBaseVisitor.visitDecls(KeYParserBaseVisitor.java:30)
	at de.uka.ilkd.key.nparser.KeYParser$DeclsContext.accept(KeYParser.java:500)
	at org.antlr.v4.runtime.tree.AbstractParseTreeVisitor.visitChildren(AbstractParseTreeVisitor.java:46)
	at de.uka.ilkd.key.nparser.KeYParserBaseVisitor.visitFile(KeYParserBaseVisitor.java:23)
	at de.uka.ilkd.key.nparser.KeYParser$FileContext.accept(KeYParser.java:306)
	at de.uka.ilkd.key.nparser.KeyAst.accept(KeyAst.java:41)
	at de.uka.ilkd.key.nparser.KeyAst$File.getIncludes(KeyAst.java:76)
	at de.uka.ilkd.key.proof.io.KeYFile.readIncludes(KeYFile.java:208)
	... 14 more
Could not find rule file rules/intRulesCheckedSemantics.key (file: /home/runner/work/key/key/key.core/../key.ui/examples/index/../InformationFlow/MethodContracts/contract.IFMethodContract(contract.IFMethodContract__n4()).JML normal_behavior operation contract.0.key; caused by: de.uka.ilkd.key.proof.init.ProofInputException: Could not find rule file rules/intRulesCheckedSemantics.key)
	at de.uka.ilkd.key.control.AbstractUserInterfaceControl.load(AbstractUserInterfaceControl.java:221)
	at de.uka.ilkd.key.control.KeYEnvironment.load(KeYEnvironment.java:251)
	at de.uka.ilkd.key.control.KeYEnvironment.load(KeYEnvironment.java:224)
	at de.uka.ilkd.key.control.KeYEnvironment.load(KeYEnvironment.java:184)
	at de.uka.ilkd.key.control.KeYEnvironment.load(KeYEnvironment.java:261)
	at de.uka.ilkd.key.proof.runallproofs.proofcollection.TestFile.load(TestFile.java:270)
	at de.uka.ilkd.key.proof.runallproofs.proofcollection.TestFile.runKey(TestFile.java:160)
	at de.uka.ilkd.key.proof.runallproofs.proofcollection.ForkedTestFileRunner.main(ForkedTestFileRunner.java:171)
Caused by: de.uka.ilkd.key.proof.init.ProofInputException: Could not find rule file rules/intRulesCheckedSemantics.key
	at de.uka.ilkd.key.proof.io.KeYFile.readIncludes(KeYFile.java:210)
	at de.uka.ilkd.key.proof.init.ProblemInitializer.readIncludes(ProblemInitializer.java:177)
	at de.uka.ilkd.key.proof.init.ProblemInitializer.readEnvInput(ProblemInitializer.java:325)
	at de.uka.ilkd.key.proof.init.ProblemInitializer.prepare(ProblemInitializer.java:449)
	at de.uka.ilkd.key.proof.io.AbstractProblemLoader.createInitConfig(AbstractProblemLoader.java:518)
	at de.uka.ilkd.key.proof.io.AbstractProblemLoader.loadEnvironment(AbstractProblemLoader.java:288)
	at de.uka.ilkd.key.proof.io.AbstractProblemLoader.load(AbstractProblemLoader.java:252)
	at de.uka.ilkd.key.control.AbstractUserInterfaceControl.load(AbstractUserInterfaceControl.java:209)
	... 7 more
Caused by: java.lang.RuntimeException: Could not find rule file rules/intRulesCheckedSemantics.key
	at de.uka.ilkd.key.proof.io.RuleSourceFactory.fromBuiltInRule(RuleSourceFactory.java:32)
	at de.uka.ilkd.key.proof.io.RuleSourceFactory.fromDefaultLocation(RuleSourceFactory.java:21)
	at de.uka.ilkd.key.nparser.builder.IncludeFinder.addInclude(IncludeFinder.java:63)
	at de.uka.ilkd.key.nparser.builder.IncludeFinder.visitOne_include(IncludeFinder.java:43)
	at de.uka.ilkd.key.nparser.builder.IncludeFinder.visitOne_include(IncludeFinder.java:20)
	at de.uka.ilkd.key.nparser.KeYParser$One_includeContext.accept(KeYParser.java:878)
	at de.uka.ilkd.key.nparser.builder.AbstractBuilder.lambda$mapOf$0(AbstractBuilder.java:112)
	at java.base/java.util.stream.ReferencePipeline$3$1.accept(ReferencePipeline.java:195)
	at java.base/java.util.ArrayList$ArrayListSpliterator.forEachRemaining(ArrayList.java:1655)
	at java.base/java.util.stream.AbstractPipeline.copyInto(AbstractPipeline.java:484)
	at java.base/java.util.stream.AbstractPipeline.wrapAndCopyInto(AbstractPipeline.java:474)
	at java.base/java.util.stream.ReduceOps$ReduceOp.evaluateSequential(ReduceOps.java:913)
	at java.base/java.util.stream.AbstractPipeline.evaluate(AbstractPipeline.java:234)
	at java.base/java.util.stream.ReferencePipeline.collect(ReferencePipeline.java:578)
	at de.uka.ilkd.key.nparser.builder.AbstractBuilder.mapOf(AbstractBuilder.java:112)
	at de.uka.ilkd.key.nparser.builder.IncludeFinder.visitOne_include_statement(IncludeFinder.java:35)
	at de.uka.ilkd.key.nparser.builder.IncludeFinder.visitOne_include_statement(IncludeFinder.java:20)
	at de.uka.ilkd.key.nparser.KeYParser$One_include_statementContext.accept(KeYParser.java:802)
	at org.antlr.v4.runtime.tree.AbstractParseTreeVisitor.visitChildren(AbstractParseTreeVisitor.java:46)
	at de.uka.ilkd.key.nparser.KeYParserBaseVisitor.visitDecls(KeYParserBaseVisitor.java:30)
	at de.uka.ilkd.key.nparser.KeYParser$DeclsContext.accept(KeYParser.java:500)
	at org.antlr.v4.runtime.tree.AbstractParseTreeVisitor.visitChildren(AbstractParseTreeVisitor.java:46)
	at de.uka.ilkd.key.nparser.KeYParserBaseVisitor.visitFile(KeYParserBaseVisitor.java:23)
	at de.uka.ilkd.key.nparser.KeYParser$FileContext.accept(KeYParser.java:306)
	at de.uka.ilkd.key.nparser.KeyAst.accept(KeyAst.java:41)
	at de.uka.ilkd.key.nparser.KeyAst$File.getIncludes(KeyAst.java:76)
	at de.uka.ilkd.key.proof.io.KeYFile.readIncludes(KeYFile.java:208)
	... 14 more
Could not find rule file rules/intRulesCheckedSemantics.key (file: /home/runner/work/key/key/key.core/../key.ui/examples/index/../InformationFlow/MethodContracts/contract.IFMethodContract(contract.IFMethodContract__n3()).JML normal_behavior operation contract.0.key; caused by: de.uka.ilkd.key.proof.init.ProofInputException: Could not find rule file rules/intRulesCheckedSemantics.key)
	at de.uka.ilkd.key.control.AbstractUserInterfaceControl.load(AbstractUserInterfaceControl.java:221)
	at de.uka.ilkd.key.control.KeYEnvironment.load(KeYEnvironment.java:251)
	at de.uka.ilkd.key.control.KeYEnvironment.load(KeYEnvironment.java:224)
	at de.uka.ilkd.key.control.KeYEnvironment.load(KeYEnvironment.java:184)
	at de.uka.ilkd.key.control.KeYEnvironment.load(KeYEnvironment.java:261)
	at de.uka.ilkd.key.proof.runallproofs.proofcollection.TestFile.load(TestFile.java:270)
	at de.uka.ilkd.key.proof.runallproofs.proofcollection.TestFile.runKey(TestFile.java:160)
	at de.uka.ilkd.key.proof.runallproofs.proofcollection.ForkedTestFileRunner.main(ForkedTestFileRunner.java:171)
Caused by: de.uka.ilkd.key.proof.init.ProofInputException: Could not find rule file rules/intRulesCheckedSemantics.key
	at de.uka.ilkd.key.proof.io.KeYFile.readIncludes(KeYFile.java:210)
	at de.uka.ilkd.key.proof.init.ProblemInitializer.readIncludes(ProblemInitializer.java:177)
	at de.uka.ilkd.key.proof.init.ProblemInitializer.readEnvInput(ProblemInitializer.java:325)
	at de.uka.ilkd.key.proof.init.ProblemInitializer.prepare(ProblemInitializer.java:449)
	at de.uka.ilkd.key.proof.io.AbstractProblemLoader.createInitConfig(AbstractProblemLoader.java:518)
	at de.uka.ilkd.key.proof.io.AbstractProblemLoader.loadEnvironment(AbstractProblemLoader.java:288)
	at de.uka.ilkd.key.proof.io.AbstractProblemLoader.load(AbstractProblemLoader.java:252)
	at de.uka.ilkd.key.control.AbstractUserInterfaceControl.load(AbstractUserInterfaceControl.java:209)
	... 7 more
Caused by: java.lang.RuntimeException: Could not find rule file rules/intRulesCheckedSemantics.key
	at de.uka.ilkd.key.proof.io.RuleSourceFactory.fromBuiltInRule(RuleSourceFactory.java:32)
	at de.uka.ilkd.key.proof.io.RuleSourceFactory.fromDefaultLocation(RuleSourceFactory.java:21)
	at de.uka.ilkd.key.nparser.builder.IncludeFinder.addInclude(IncludeFinder.java:63)
	at de.uka.ilkd.key.nparser.builder.IncludeFinder.visitOne_include(IncludeFinder.java:43)
	at de.uka.ilkd.key.nparser.builder.IncludeFinder.visitOne_include(IncludeFinder.java:20)
	at de.uka.ilkd.key.nparser.KeYParser$One_includeContext.accept(KeYParser.java:878)
	at de.uka.ilkd.key.nparser.builder.AbstractBuilder.lambda$mapOf$0(AbstractBuilder.java:112)
	at java.base/java.util.stream.ReferencePipeline$3$1.accept(ReferencePipeline.java:195)
	at java.base/java.util.ArrayList$ArrayListSpliterator.forEachRemaining(ArrayList.java:1655)
	at java.base/java.util.stream.AbstractPipeline.copyInto(AbstractPipeline.java:484)
	at java.base/java.util.stream.AbstractPipeline.wrapAndCopyInto(AbstractPipeline.java:474)
	at java.base/java.util.stream.ReduceOps$ReduceOp.evaluateSequential(ReduceOps.java:913)
	at java.base/java.util.stream.AbstractPipeline.evaluate(AbstractPipeline.java:234)
	at java.base/java.util.stream.ReferencePipeline.collect(ReferencePipeline.java:578)
	at de.uka.ilkd.key.nparser.builder.AbstractBuilder.mapOf(AbstractBuilder.java:112)
	at de.uka.ilkd.key.nparser.builder.IncludeFinder.visitOne_include_statement(IncludeFinder.java:35)
	at de.uka.ilkd.key.nparser.builder.IncludeFinder.visitOne_include_statement(IncludeFinder.java:20)
	at de.uka.ilkd.key.nparser.KeYParser$One_include_statementContext.accept(KeYParser.java:802)
	at org.antlr.v4.runtime.tree.AbstractParseTreeVisitor.visitChildren(AbstractParseTreeVisitor.java:46)
	at de.uka.ilkd.key.nparser.KeYParserBaseVisitor.visitDecls(KeYParserBaseVisitor.java:30)
	at de.uka.ilkd.key.nparser.KeYParser$DeclsContext.accept(KeYParser.java:500)
	at org.antlr.v4.runtime.tree.AbstractParseTreeVisitor.visitChildren(AbstractParseTreeVisitor.java:46)
	at de.uka.ilkd.key.nparser.KeYParserBaseVisitor.visitFile(KeYParserBaseVisitor.java:23)
	at de.uka.ilkd.key.nparser.KeYParser$FileContext.accept(KeYParser.java:306)
	at de.uka.ilkd.key.nparser.KeyAst.accept(KeyAst.java:41)
	at de.uka.ilkd.key.nparser.KeyAst$File.getIncludes(KeyAst.java:76)
	at de.uka.ilkd.key.proof.io.KeYFile.readIncludes(KeYFile.java:208)
	... 14 more
Could not find rule file rules/intRulesCheckedSemantics.key (file: /home/runner/work/key/key/key.core/../key.ui/examples/index/../InformationFlow/MethodContracts/contract.IFMethodContract(contract.IFMethodContract__secure_sequential_n3_precond_n4()).JML operation contract.0.key; caused by: de.uka.ilkd.key.proof.init.ProofInputException: Could not find rule file rules/intRulesCheckedSemantics.key)
	at de.uka.ilkd.key.control.AbstractUserInterfaceControl.load(AbstractUserInterfaceControl.java:221)
	at de.uka.ilkd.key.control.KeYEnvironment.load(KeYEnvironment.java:251)
	at de.uka.ilkd.key.control.KeYEnvironment.load(KeYEnvironment.java:224)
	at de.uka.ilkd.key.control.KeYEnvironment.load(KeYEnvironment.java:184)
	at de.uka.ilkd.key.control.KeYEnvironment.load(KeYEnvironment.java:261)
	at de.uka.ilkd.key.proof.runallproofs.proofcollection.TestFile.load(TestFile.java:270)
	at de.uka.ilkd.key.proof.runallproofs.proofcollection.TestFile.runKey(TestFile.java:160)
	at de.uka.ilkd.key.proof.runallproofs.proofcollection.ForkedTestFileRunner.main(ForkedTestFileRunner.java:171)
Caused by: de.uka.ilkd.key.proof.init.ProofInputException: Could not find rule file rules/intRulesCheckedSemantics.key
	at de.uka.ilkd.key.proof.io.KeYFile.readIncludes(KeYFile.java:210)
	at de.uka.ilkd.key.proof.init.ProblemInitializer.readIncludes(ProblemInitializer.java:177)
	at de.uka.ilkd.key.proof.init.ProblemInitializer.readEnvInput(ProblemInitializer.java:325)
	at de.uka.ilkd.key.proof.init.ProblemInitializer.prepare(ProblemInitializer.java:449)
	at de.uka.ilkd.key.proof.io.AbstractProblemLoader.createInitConfig(AbstractProblemLoader.java:518)
	at de.uka.ilkd.key.proof.io.AbstractProblemLoader.loadEnvironment(AbstractProblemLoader.java:288)
	at de.uka.ilkd.key.proof.io.AbstractProblemLoader.load(AbstractProblemLoader.java:252)
	at de.uka.ilkd.key.control.AbstractUserInterfaceControl.load(AbstractUserInterfaceControl.java:209)
	... 7 more
Caused by: java.lang.RuntimeException: Could not find rule file rules/intRulesCheckedSemantics.key
	at de.uka.ilkd.key.proof.io.RuleSourceFactory.fromBuiltInRule(RuleSourceFactory.java:32)
	at de.uka.ilkd.key.proof.io.RuleSourceFactory.fromDefaultLocation(RuleSourceFactory.java:21)
	at de.uka.ilkd.key.nparser.builder.IncludeFinder.addInclude(IncludeFinder.java:63)
	at de.uka.ilkd.key.nparser.builder.IncludeFinder.visitOne_include(IncludeFinder.java:43)
	at de.uka.ilkd.key.nparser.builder.IncludeFinder.visitOne_include(IncludeFinder.java:20)
	at de.uka.ilkd.key.nparser.KeYParser$One_includeContext.accept(KeYParser.java:878)
	at de.uka.ilkd.key.nparser.builder.AbstractBuilder.lambda$mapOf$0(AbstractBuilder.java:112)
	at java.base/java.util.stream.ReferencePipeline$3$1.accept(ReferencePipeline.java:195)
	at java.base/java.util.ArrayList$ArrayListSpliterator.forEachRemaining(ArrayList.java:1655)
	at java.base/java.util.stream.AbstractPipeline.copyInto(AbstractPipeline.java:484)
	at java.base/java.util.stream.AbstractPipeline.wrapAndCopyInto(AbstractPipeline.java:474)
	at java.base/java.util.stream.ReduceOps$ReduceOp.evaluateSequential(ReduceOps.java:913)
	at java.base/java.util.stream.AbstractPipeline.evaluate(AbstractPipeline.java:234)
	at java.base/java.util.stream.ReferencePipeline.collect(ReferencePipeline.java:578)
	at de.uka.ilkd.key.nparser.builder.AbstractBuilder.mapOf(AbstractBuilder.java:112)
	at de.uka.ilkd.key.nparser.builder.IncludeFinder.visitOne_include_statement(IncludeFinder.java:35)
	at de.uka.ilkd.key.nparser.builder.IncludeFinder.visitOne_include_statement(IncludeFinder.java:20)
	at de.uka.ilkd.key.nparser.KeYParser$One_include_statementContext.accept(KeYParser.java:802)
	at org.antlr.v4.runtime.tree.AbstractParseTreeVisitor.visitChildren(AbstractParseTreeVisitor.java:46)
	at de.uka.ilkd.key.nparser.KeYParserBaseVisitor.visitDecls(KeYParserBaseVisitor.java:30)
	at de.uka.ilkd.key.nparser.KeYParser$DeclsContext.accept(KeYParser.java:500)
	at org.antlr.v4.runtime.tree.AbstractParseTreeVisitor.visitChildren(AbstractParseTreeVisitor.java:46)
	at de.uka.ilkd.key.nparser.KeYParserBaseVisitor.visitFile(KeYParserBaseVisitor.java:23)
	at de.uka.ilkd.key.nparser.KeYParser$FileContext.accept(KeYParser.java:306)
	at de.uka.ilkd.key.nparser.KeyAst.accept(KeyAst.java:41)
	at de.uka.ilkd.key.nparser.KeyAst$File.getIncludes(KeyAst.java:76)
	at de.uka.ilkd.key.proof.io.KeYFile.readIncludes(KeYFile.java:208)
	... 14 more
Could not find rule file rules/intRulesCheckedSemantics.key (file: /home/runner/work/key/key/key.core/../key.ui/examples/index/../InformationFlow/MethodContracts/contract.IFMethodContract(contract.IFMethodContract__insecure_assignment_n2()).JML operation contract.0.key; caused by: de.uka.ilkd.key.proof.init.ProofInputException: Could not find rule file rules/intRulesCheckedSemantics.key)
	at de.uka.ilkd.key.control.AbstractUserInterfaceControl.load(AbstractUserInterfaceControl.java:221)
	at de.uka.ilkd.key.control.KeYEnvironment.load(KeYEnvironment.java:251)
	at de.uka.ilkd.key.control.KeYEnvironment.load(KeYEnvironment.java:224)
	at de.uka.ilkd.key.control.KeYEnvironment.load(KeYEnvironment.java:184)
	at de.uka.ilkd.key.control.KeYEnvironment.load(KeYEnvironment.java:261)
	at de.uka.ilkd.key.proof.runallproofs.proofcollection.TestFile.load(TestFile.java:270)
	at de.uka.ilkd.key.proof.runallproofs.proofcollection.TestFile.runKey(TestFile.java:160)
	at de.uka.ilkd.key.proof.runallproofs.proofcollection.ForkedTestFileRunner.main(ForkedTestFileRunner.java:171)
Caused by: de.uka.ilkd.key.proof.init.ProofInputException: Could not find rule file rules/intRulesCheckedSemantics.key
	at de.uka.ilkd.key.proof.io.KeYFile.readIncludes(KeYFile.java:210)
	at de.uka.ilkd.key.proof.init.ProblemInitializer.readIncludes(ProblemInitializer.java:177)
	at de.uka.ilkd.key.proof.init.ProblemInitializer.readEnvInput(ProblemInitializer.java:325)
	at de.uka.ilkd.key.proof.init.ProblemInitializer.prepare(ProblemInitializer.java:449)
	at de.uka.ilkd.key.proof.io.AbstractProblemLoader.createInitConfig(AbstractProblemLoader.java:518)
	at de.uka.ilkd.key.proof.io.AbstractProblemLoader.loadEnvironment(AbstractProblemLoader.java:288)
	at de.uka.ilkd.key.proof.io.AbstractProblemLoader.load(AbstractProblemLoader.java:252)
	at de.uka.ilkd.key.control.AbstractUserInterfaceControl.load(AbstractUserInterfaceControl.java:209)
	... 7 more
Caused by: java.lang.RuntimeException: Could not find rule file rules/intRulesCheckedSemantics.key
	at de.uka.ilkd.key.proof.io.RuleSourceFactory.fromBuiltInRule(RuleSourceFactory.java:32)
	at de.uka.ilkd.key.proof.io.RuleSourceFactory.fromDefaultLocation(RuleSourceFactory.java:21)
	at de.uka.ilkd.key.nparser.builder.IncludeFinder.addInclude(IncludeFinder.java:63)
	at de.uka.ilkd.key.nparser.builder.IncludeFinder.visitOne_include(IncludeFinder.java:43)
	at de.uka.ilkd.key.nparser.builder.IncludeFinder.visitOne_include(IncludeFinder.java:20)
	at de.uka.ilkd.key.nparser.KeYParser$One_includeContext.accept(KeYParser.java:878)
	at de.uka.ilkd.key.nparser.builder.AbstractBuilder.lambda$mapOf$0(AbstractBuilder.java:112)
	at java.base/java.util.stream.ReferencePipeline$3$1.accept(ReferencePipeline.java:195)
	at java.base/java.util.ArrayList$ArrayListSpliterator.forEachRemaining(ArrayList.java:1655)
	at java.base/java.util.stream.AbstractPipeline.copyInto(AbstractPipeline.java:484)
	at java.base/java.util.stream.AbstractPipeline.wrapAndCopyInto(AbstractPipeline.java:474)
	at java.base/java.util.stream.ReduceOps$ReduceOp.evaluateSequential(ReduceOps.java:913)
	at java.base/java.util.stream.AbstractPipeline.evaluate(AbstractPipeline.java:234)
	at java.base/java.util.stream.ReferencePipeline.collect(ReferencePipeline.java:578)
	at de.uka.ilkd.key.nparser.builder.AbstractBuilder.mapOf(AbstractBuilder.java:112)
	at de.uka.ilkd.key.nparser.builder.IncludeFinder.visitOne_include_statement(IncludeFinder.java:35)
	at de.uka.ilkd.key.nparser.builder.IncludeFinder.visitOne_include_statement(IncludeFinder.java:20)
	at de.uka.ilkd.key.nparser.KeYParser$One_include_statementContext.accept(KeYParser.java:802)
	at org.antlr.v4.runtime.tree.AbstractParseTreeVisitor.visitChildren(AbstractParseTreeVisitor.java:46)
	at de.uka.ilkd.key.nparser.KeYParserBaseVisitor.visitDecls(KeYParserBaseVisitor.java:30)
	at de.uka.ilkd.key.nparser.KeYParser$DeclsContext.accept(KeYParser.java:500)
	at org.antlr.v4.runtime.tree.AbstractParseTreeVisitor.visitChildren(AbstractParseTreeVisitor.java:46)
	at de.uka.ilkd.key.nparser.KeYParserBaseVisitor.visitFile(KeYParserBaseVisitor.java:23)
	at de.uka.ilkd.key.nparser.KeYParser$FileContext.accept(KeYParser.java:306)
	at de.uka.ilkd.key.nparser.KeyAst.accept(KeyAst.java:41)
	at de.uka.ilkd.key.nparser.KeyAst$File.getIncludes(KeyAst.java:76)
	at de.uka.ilkd.key.proof.io.KeYFile.readIncludes(KeYFile.java:208)
	... 14 more
Could not find rule file rules/intRulesCheckedSemantics.key (file: /home/runner/work/key/key/key.core/../key.ui/examples/index/../InformationFlow/MethodContracts/contract.IFMethodContract(contract.IFMethodContract__secure_assignments_n2()).JML operation contract.0.key; caused by: de.uka.ilkd.key.proof.init.ProofInputException: Could not find rule file rules/intRulesCheckedSemantics.key)
	at de.uka.ilkd.key.control.AbstractUserInterfaceControl.load(AbstractUserInterfaceControl.java:221)
	at de.uka.ilkd.key.control.KeYEnvironment.load(KeYEnvironment.java:251)
	at de.uka.ilkd.key.control.KeYEnvironment.load(KeYEnvironment.java:224)
	at de.uka.ilkd.key.control.KeYEnvironment.load(KeYEnvironment.java:184)
	at de.uka.ilkd.key.control.KeYEnvironment.load(KeYEnvironment.java:261)
	at de.uka.ilkd.key.proof.runallproofs.proofcollection.TestFile.load(TestFile.java:270)
	at de.uka.ilkd.key.proof.runallproofs.proofcollection.TestFile.runKey(TestFile.java:160)
	at de.uka.ilkd.key.proof.runallproofs.proofcollection.ForkedTestFileRunner.main(ForkedTestFileRunner.java:171)
Caused by: de.uka.ilkd.key.proof.init.ProofInputException: Could not find rule file rules/intRulesCheckedSemantics.key
	at de.uka.ilkd.key.proof.io.KeYFile.readIncludes(KeYFile.java:210)
	at de.uka.ilkd.key.proof.init.ProblemInitializer.readIncludes(ProblemInitializer.java:177)
	at de.uka.ilkd.key.proof.init.ProblemInitializer.readEnvInput(ProblemInitializer.java:325)
	at de.uka.ilkd.key.proof.init.ProblemInitializer.prepare(ProblemInitializer.java:449)
	at de.uka.ilkd.key.proof.io.AbstractProblemLoader.createInitConfig(AbstractProblemLoader.java:518)
	at de.uka.ilkd.key.proof.io.AbstractProblemLoader.loadEnvironment(AbstractProblemLoader.java:288)
	at de.uka.ilkd.key.proof.io.AbstractProblemLoader.load(AbstractProblemLoader.java:252)
	at de.uka.ilkd.key.control.AbstractUserInterfaceControl.load(AbstractUserInterfaceControl.java:209)
	... 7 more
Caused by: java.lang.RuntimeException: Could not find rule file rules/intRulesCheckedSemantics.key
	at de.uka.ilkd.key.proof.io.RuleSourceFactory.fromBuiltInRule(RuleSourceFactory.java:32)
	at de.uka.ilkd.key.proof.io.RuleSourceFactory.fromDefaultLocation(RuleSourceFactory.java:21)
	at de.uka.ilkd.key.nparser.builder.IncludeFinder.addInclude(IncludeFinder.java:63)
	at de.uka.ilkd.key.nparser.builder.IncludeFinder.visitOne_include(IncludeFinder.java:43)
	at de.uka.ilkd.key.nparser.builder.IncludeFinder.visitOne_include(IncludeFinder.java:20)
	at de.uka.ilkd.key.nparser.KeYParser$One_includeContext.accept(KeYParser.java:878)
	at de.uka.ilkd.key.nparser.builder.AbstractBuilder.lambda$mapOf$0(AbstractBuilder.java:112)
	at java.base/java.util.stream.ReferencePipeline$3$1.accept(ReferencePipeline.java:195)
	at java.base/java.util.ArrayList$ArrayListSpliterator.forEachRemaining(ArrayList.java:1655)
	at java.base/java.util.stream.AbstractPipeline.copyInto(AbstractPipeline.java:484)
	at java.base/java.util.stream.AbstractPipeline.wrapAndCopyInto(AbstractPipeline.java:474)
	at java.base/java.util.stream.ReduceOps$ReduceOp.evaluateSequential(ReduceOps.java:913)
	at java.base/java.util.stream.AbstractPipeline.evaluate(AbstractPipeline.java:234)
	at java.base/java.util.stream.ReferencePipeline.collect(ReferencePipeline.java:578)
	at de.uka.ilkd.key.nparser.builder.AbstractBuilder.mapOf(AbstractBuilder.java:112)
	at de.uka.ilkd.key.nparser.builder.IncludeFinder.visitOne_include_statement(IncludeFinder.java:35)
	at de.uka.ilkd.key.nparser.builder.IncludeFinder.visitOne_include_statement(IncludeFinder.java:20)
	at de.uka.ilkd.key.nparser.KeYParser$One_include_statementContext.accept(KeYParser.java:802)
	at org.antlr.v4.runtime.tree.AbstractParseTreeVisitor.visitChildren(AbstractParseTreeVisitor.java:46)
	at de.uka.ilkd.key.nparser.KeYParserBaseVisitor.visitDecls(KeYParserBaseVisitor.java:30)
	at de.uka.ilkd.key.nparser.KeYParser$DeclsContext.accept(KeYParser.java:500)
	at org.antlr.v4.runtime.tree.AbstractParseTreeVisitor.visitChildren(AbstractParseTreeVisitor.java:46)
	at de.uka.ilkd.key.nparser.KeYParserBaseVisitor.visitFile(KeYParserBaseVisitor.java:23)
	at de.uka.ilkd.key.nparser.KeYParser$FileContext.accept(KeYParser.java:306)
	at de.uka.ilkd.key.nparser.KeyAst.accept(KeyAst.java:41)
	at de.uka.ilkd.key.nparser.KeyAst$File.getIncludes(KeyAst.java:76)
	at de.uka.ilkd.key.proof.io.KeYFile.readIncludes(KeYFile.java:208)
	... 14 more
Could not find rule file rules/intRulesCheckedSemantics.key (file: /home/runner/work/key/key/key.core/../key.ui/examples/index/../InformationFlow/MethodContracts/contract.IFMethodContract(contract.IFMethodContract__n2()).JML normal_behavior operation contract.0.key; caused by: de.uka.ilkd.key.proof.init.ProofInputException: Could not find rule file rules/intRulesCheckedSemantics.key)
	at de.uka.ilkd.key.control.AbstractUserInterfaceControl.load(AbstractUserInterfaceControl.java:221)
	at de.uka.ilkd.key.control.KeYEnvironment.load(KeYEnvironment.java:251)
	at de.uka.ilkd.key.control.KeYEnvironment.load(KeYEnvironment.java:224)
	at de.uka.ilkd.key.control.KeYEnvironment.load(KeYEnvironment.java:184)
	at de.uka.ilkd.key.control.KeYEnvironment.load(KeYEnvironment.java:261)
	at de.uka.ilkd.key.proof.runallproofs.proofcollection.TestFile.load(TestFile.java:270)
	at de.uka.ilkd.key.proof.runallproofs.proofcollection.TestFile.runKey(TestFile.java:160)
	at de.uka.ilkd.key.proof.runallproofs.proofcollection.ForkedTestFileRunner.main(ForkedTestFileRunner.java:171)
Caused by: de.uka.ilkd.key.proof.init.ProofInputException: Could not find rule file rules/intRulesCheckedSemantics.key
	at de.uka.ilkd.key.proof.io.KeYFile.readIncludes(KeYFile.java:210)
	at de.uka.ilkd.key.proof.init.ProblemInitializer.readIncludes(ProblemInitializer.java:177)
	at de.uka.ilkd.key.proof.init.ProblemInitializer.readEnvInput(ProblemInitializer.java:325)
	at de.uka.ilkd.key.proof.init.ProblemInitializer.prepare(ProblemInitializer.java:449)
	at de.uka.ilkd.key.proof.io.AbstractProblemLoader.createInitConfig(AbstractProblemLoader.java:518)
	at de.uka.ilkd.key.proof.io.AbstractProblemLoader.loadEnvironment(AbstractProblemLoader.java:288)
	at de.uka.ilkd.key.proof.io.AbstractProblemLoader.load(AbstractProblemLoader.java:252)
	at de.uka.ilkd.key.control.AbstractUserInterfaceControl.load(AbstractUserInterfaceControl.java:209)
	... 7 more
Caused by: java.lang.RuntimeException: Could not find rule file rules/intRulesCheckedSemantics.key
	at de.uka.ilkd.key.proof.io.RuleSourceFactory.fromBuiltInRule(RuleSourceFactory.java:32)
	at de.uka.ilkd.key.proof.io.RuleSourceFactory.fromDefaultLocation(RuleSourceFactory.java:21)
	at de.uka.ilkd.key.nparser.builder.IncludeFinder.addInclude(IncludeFinder.java:63)
	at de.uka.ilkd.key.nparser.builder.IncludeFinder.visitOne_include(IncludeFinder.java:43)
	at de.uka.ilkd.key.nparser.builder.IncludeFinder.visitOne_include(IncludeFinder.java:20)
	at de.uka.ilkd.key.nparser.KeYParser$One_includeContext.accept(KeYParser.java:878)
	at de.uka.ilkd.key.nparser.builder.AbstractBuilder.lambda$mapOf$0(AbstractBuilder.java:112)
	at java.base/java.util.stream.ReferencePipeline$3$1.accept(ReferencePipeline.java:195)
	at java.base/java.util.ArrayList$ArrayListSpliterator.forEachRemaining(ArrayList.java:1655)
	at java.base/java.util.stream.AbstractPipeline.copyInto(AbstractPipeline.java:484)
	at java.base/java.util.stream.AbstractPipeline.wrapAndCopyInto(AbstractPipeline.java:474)
	at java.base/java.util.stream.ReduceOps$ReduceOp.evaluateSequential(ReduceOps.java:913)
	at java.base/java.util.stream.AbstractPipeline.evaluate(AbstractPipeline.java:234)
	at java.base/java.util.stream.ReferencePipeline.collect(ReferencePipeline.java:578)
	at de.uka.ilkd.key.nparser.builder.AbstractBuilder.mapOf(AbstractBuilder.java:112)
	at de.uka.ilkd.key.nparser.builder.IncludeFinder.visitOne_include_statement(IncludeFinder.java:35)
	at de.uka.ilkd.key.nparser.builder.IncludeFinder.visitOne_include_statement(IncludeFinder.java:20)
	at de.uka.ilkd.key.nparser.KeYParser$One_include_statementContext.accept(KeYParser.java:802)
	at org.antlr.v4.runtime.tree.AbstractParseTreeVisitor.visitChildren(AbstractParseTreeVisitor.java:46)
	at de.uka.ilkd.key.nparser.KeYParserBaseVisitor.visitDecls(KeYParserBaseVisitor.java:30)
	at de.uka.ilkd.key.nparser.KeYParser$DeclsContext.accept(KeYParser.java:500)
	at org.antlr.v4.runtime.tree.AbstractParseTreeVisitor.visitChildren(AbstractParseTreeVisitor.java:46)
	at de.uka.ilkd.key.nparser.KeYParserBaseVisitor.visitFile(KeYParserBaseVisitor.java:23)
	at de.uka.ilkd.key.nparser.KeYParser$FileContext.accept(KeYParser.java:306)
	at de.uka.ilkd.key.nparser.KeyAst.accept(KeyAst.java:41)
	at de.uka.ilkd.key.nparser.KeyAst$File.getIncludes(KeyAst.java:76)
	at de.uka.ilkd.key.proof.io.KeYFile.readIncludes(KeYFile.java:208)
	... 14 more
Could not find rule file rules/intRulesCheckedSemantics.key (file: /home/runner/work/key/key/key.core/../key.ui/examples/index/../InformationFlow/MethodContracts/contract.IFMethodContract(contract.IFMethodContract__n1()).JML normal_behavior operation contract.0.key; caused by: de.uka.ilkd.key.proof.init.ProofInputException: Could not find rule file rules/intRulesCheckedSemantics.key)
	at de.uka.ilkd.key.control.AbstractUserInterfaceControl.load(AbstractUserInterfaceControl.java:221)
	at de.uka.ilkd.key.control.KeYEnvironment.load(KeYEnvironment.java:251)
	at de.uka.ilkd.key.control.KeYEnvironment.load(KeYEnvironment.java:224)
	at de.uka.ilkd.key.control.KeYEnvironment.load(KeYEnvironment.java:184)
	at de.uka.ilkd.key.control.KeYEnvironment.load(KeYEnvironment.java:261)
	at de.uka.ilkd.key.proof.runallproofs.proofcollection.TestFile.load(TestFile.java:270)
	at de.uka.ilkd.key.proof.runallproofs.proofcollection.TestFile.runKey(TestFile.java:160)
	at de.uka.ilkd.key.proof.runallproofs.proofcollection.ForkedTestFileRunner.main(ForkedTestFileRunner.java:171)
Caused by: de.uka.ilkd.key.proof.init.ProofInputException: Could not find rule file rules/intRulesCheckedSemantics.key
	at de.uka.ilkd.key.proof.io.KeYFile.readIncludes(KeYFile.java:210)
	at de.uka.ilkd.key.proof.init.ProblemInitializer.readIncludes(ProblemInitializer.java:177)
	at de.uka.ilkd.key.proof.init.ProblemInitializer.readEnvInput(ProblemInitializer.java:325)
	at de.uka.ilkd.key.proof.init.ProblemInitializer.prepare(ProblemInitializer.java:449)
	at de.uka.ilkd.key.proof.io.AbstractProblemLoader.createInitConfig(AbstractProblemLoader.java:518)
	at de.uka.ilkd.key.proof.io.AbstractProblemLoader.loadEnvironment(AbstractProblemLoader.java:288)
	at de.uka.ilkd.key.proof.io.AbstractProblemLoader.load(AbstractProblemLoader.java:252)
	at de.uka.ilkd.key.control.AbstractUserInterfaceControl.load(AbstractUserInterfaceControl.java:209)
	... 7 more
Caused by: java.lang.RuntimeException: Could not find rule file rules/intRulesCheckedSemantics.key
	at de.uka.ilkd.key.proof.io.RuleSourceFactory.fromBuiltInRule(RuleSourceFactory.java:32)
	at de.uka.ilkd.key.proof.io.RuleSourceFactory.fromDefaultLocation(RuleSourceFactory.java:21)
	at de.uka.ilkd.key.nparser.builder.IncludeFinder.addInclude(IncludeFinder.java:63)
	at de.uka.ilkd.key.nparser.builder.IncludeFinder.visitOne_include(IncludeFinder.java:43)
	at de.uka.ilkd.key.nparser.builder.IncludeFinder.visitOne_include(IncludeFinder.java:20)
	at de.uka.ilkd.key.nparser.KeYParser$One_includeContext.accept(KeYParser.java:878)
	at de.uka.ilkd.key.nparser.builder.AbstractBuilder.lambda$mapOf$0(AbstractBuilder.java:112)
	at java.base/java.util.stream.ReferencePipeline$3$1.accept(ReferencePipeline.java:195)
	at java.base/java.util.ArrayList$ArrayListSpliterator.forEachRemaining(ArrayList.java:1655)
	at java.base/java.util.stream.AbstractPipeline.copyInto(AbstractPipeline.java:484)
	at java.base/java.util.stream.AbstractPipeline.wrapAndCopyInto(AbstractPipeline.java:474)
	at java.base/java.util.stream.ReduceOps$ReduceOp.evaluateSequential(ReduceOps.java:913)
	at java.base/java.util.stream.AbstractPipeline.evaluate(AbstractPipeline.java:234)
	at java.base/java.util.stream.ReferencePipeline.collect(ReferencePipeline.java:578)
	at de.uka.ilkd.key.nparser.builder.AbstractBuilder.mapOf(AbstractBuilder.java:112)
	at de.uka.ilkd.key.nparser.builder.IncludeFinder.visitOne_include_statement(IncludeFinder.java:35)
	at de.uka.ilkd.key.nparser.builder.IncludeFinder.visitOne_include_statement(IncludeFinder.java:20)
	at de.uka.ilkd.key.nparser.KeYParser$One_include_statementContext.accept(KeYParser.java:802)
	at org.antlr.v4.runtime.tree.AbstractParseTreeVisitor.visitChildren(AbstractParseTreeVisitor.java:46)
	at de.uka.ilkd.key.nparser.KeYParserBaseVisitor.visitDecls(KeYParserBaseVisitor.java:30)
	at de.uka.ilkd.key.nparser.KeYParser$DeclsContext.accept(KeYParser.java:500)
	at org.antlr.v4.runtime.tree.AbstractParseTreeVisitor.visitChildren(AbstractParseTreeVisitor.java:46)
	at de.uka.ilkd.key.nparser.KeYParserBaseVisitor.visitFile(KeYParserBaseVisitor.java:23)
	at de.uka.ilkd.key.nparser.KeYParser$FileContext.accept(KeYParser.java:306)
	at de.uka.ilkd.key.nparser.KeyAst.accept(KeyAst.java:41)
	at de.uka.ilkd.key.nparser.KeyAst$File.getIncludes(KeyAst.java:76)
	at de.uka.ilkd.key.proof.io.KeYFile.readIncludes(KeYFile.java:208)
	... 14 more
Could not find rule file rules/intRulesCheckedSemantics.key (file: /home/runner/work/key/key/key.core/../key.ui/examples/index/../InformationFlow/MethodContracts/contract.IFMethodContract(contract.IFMethodContract__secure_sequential_n1_n2()).JML operation contract.0.key; caused by: de.uka.ilkd.key.proof.init.ProofInputException: Could not find rule file rules/intRulesCheckedSemantics.key)
	at de.uka.ilkd.key.control.AbstractUserInterfaceControl.load(AbstractUserInterfaceControl.java:221)
	at de.uka.ilkd.key.control.KeYEnvironment.load(KeYEnvironment.java:251)
	at de.uka.ilkd.key.control.KeYEnvironment.load(KeYEnvironment.java:224)
	at de.uka.ilkd.key.control.KeYEnvironment.load(KeYEnvironment.java:184)
	at de.uka.ilkd.key.control.KeYEnvironment.load(KeYEnvironment.java:261)
	at de.uka.ilkd.key.proof.runallproofs.proofcollection.TestFile.load(TestFile.java:270)
	at de.uka.ilkd.key.proof.runallproofs.proofcollection.TestFile.runKey(TestFile.java:160)
	at de.uka.ilkd.key.proof.runallproofs.proofcollection.ForkedTestFileRunner.main(ForkedTestFileRunner.java:171)
Caused by: de.uka.ilkd.key.proof.init.ProofInputException: Could not find rule file rules/intRulesCheckedSemantics.key
	at de.uka.ilkd.key.proof.io.KeYFile.readIncludes(KeYFile.java:210)
	at de.uka.ilkd.key.proof.init.ProblemInitializer.readIncludes(ProblemInitializer.java:177)
	at de.uka.ilkd.key.proof.init.ProblemInitializer.readEnvInput(ProblemInitializer.java:325)
	at de.uka.ilkd.key.proof.init.ProblemInitializer.prepare(ProblemInitializer.java:449)
	at de.uka.ilkd.key.proof.io.AbstractProblemLoader.createInitConfig(AbstractProblemLoader.java:518)
	at de.uka.ilkd.key.proof.io.AbstractProblemLoader.loadEnvironment(AbstractProblemLoader.java:288)
	at de.uka.ilkd.key.proof.io.AbstractProblemLoader.load(AbstractProblemLoader.java:252)
	at de.uka.ilkd.key.control.AbstractUserInterfaceControl.load(AbstractUserInterfaceControl.java:209)
	... 7 more
Caused by: java.lang.RuntimeException: Could not find rule file rules/intRulesCheckedSemantics.key
	at de.uka.ilkd.key.proof.io.RuleSourceFactory.fromBuiltInRule(RuleSourceFactory.java:32)
	at de.uka.ilkd.key.proof.io.RuleSourceFactory.fromDefaultLocation(RuleSourceFactory.java:21)
	at de.uka.ilkd.key.nparser.builder.IncludeFinder.addInclude(IncludeFinder.java:63)
	at de.uka.ilkd.key.nparser.builder.IncludeFinder.visitOne_include(IncludeFinder.java:43)
	at de.uka.ilkd.key.nparser.builder.IncludeFinder.visitOne_include(IncludeFinder.java:20)
	at de.uka.ilkd.key.nparser.KeYParser$One_includeContext.accept(KeYParser.java:878)
	at de.uka.ilkd.key.nparser.builder.AbstractBuilder.lambda$mapOf$0(AbstractBuilder.java:112)
	at java.base/java.util.stream.ReferencePipeline$3$1.accept(ReferencePipeline.java:195)
	at java.base/java.util.ArrayList$ArrayListSpliterator.forEachRemaining(ArrayList.java:1655)
	at java.base/java.util.stream.AbstractPipeline.copyInto(AbstractPipeline.java:484)
	at java.base/java.util.stream.AbstractPipeline.wrapAndCopyInto(AbstractPipeline.java:474)
	at java.base/java.util.stream.ReduceOps$ReduceOp.evaluateSequential(ReduceOps.java:913)
	at java.base/java.util.stream.AbstractPipeline.evaluate(AbstractPipeline.java:234)
	at java.base/java.util.stream.ReferencePipeline.collect(ReferencePipeline.java:578)
	at de.uka.ilkd.key.nparser.builder.AbstractBuilder.mapOf(AbstractBuilder.java:112)
	at de.uka.ilkd.key.nparser.builder.IncludeFinder.visitOne_include_statement(IncludeFinder.java:35)
	at de.uka.ilkd.key.nparser.builder.IncludeFinder.visitOne_include_statement(IncludeFinder.java:20)
	at de.uka.ilkd.key.nparser.KeYParser$One_include_statementContext.accept(KeYParser.java:802)
	at org.antlr.v4.runtime.tree.AbstractParseTreeVisitor.visitChildren(AbstractParseTreeVisitor.java:46)
	at de.uka.ilkd.key.nparser.KeYParserBaseVisitor.visitDecls(KeYParserBaseVisitor.java:30)
	at de.uka.ilkd.key.nparser.KeYParser$DeclsContext.accept(KeYParser.java:500)
	at org.antlr.v4.runtime.tree.AbstractParseTreeVisitor.visitChildren(AbstractParseTreeVisitor.java:46)
	at de.uka.ilkd.key.nparser.KeYParserBaseVisitor.visitFile(KeYParserBaseVisitor.java:23)
	at de.uka.ilkd.key.nparser.KeYParser$FileContext.accept(KeYParser.java:306)
	at de.uka.ilkd.key.nparser.KeyAst.accept(KeyAst.java:41)
	at de.uka.ilkd.key.nparser.KeyAst$File.getIncludes(KeyAst.java:76)
	at de.uka.ilkd.key.proof.io.KeYFile.readIncludes(KeYFile.java:208)
	... 14 more
Exception in thread "main" org.opentest4j.AssertionFailedError: Exception during the execution of proofs. See log for more details.
	at org.junit.jupiter.api.AssertionUtils.fail(AssertionUtils.java:39)
	at org.junit.jupiter.api.Assertions.fail(Assertions.java:134)
	at de.uka.ilkd.key.proof.runallproofs.proofcollection.ForkedTestFileRunner.main(ForkedTestFileRunner.java:192)
Timeout watcher launched (1000 secs.)
Could not find rule file rules/intRulesCheckedSemantics.key (file: /home/runner/work/key/key/key.core/../key.ui/examples/index/../InformationFlow/LoopInvariants/loop.IFLoopExamples(loop.IFLoopExamples__insecure_while_3(int)).JML operation contract.0.key; caused by: de.uka.ilkd.key.proof.init.ProofInputException: Could not find rule file rules/intRulesCheckedSemantics.key)
	at de.uka.ilkd.key.control.AbstractUserInterfaceControl.load(AbstractUserInterfaceControl.java:221)
	at de.uka.ilkd.key.control.KeYEnvironment.load(KeYEnvironment.java:251)
	at de.uka.ilkd.key.control.KeYEnvironment.load(KeYEnvironment.java:224)
	at de.uka.ilkd.key.control.KeYEnvironment.load(KeYEnvironment.java:184)
	at de.uka.ilkd.key.control.KeYEnvironment.load(KeYEnvironment.java:261)
	at de.uka.ilkd.key.proof.runallproofs.proofcollection.TestFile.load(TestFile.java:270)
	at de.uka.ilkd.key.proof.runallproofs.proofcollection.TestFile.runKey(TestFile.java:160)
	at de.uka.ilkd.key.proof.runallproofs.proofcollection.ForkedTestFileRunner.main(ForkedTestFileRunner.java:171)
Caused by: de.uka.ilkd.key.proof.init.ProofInputException: Could not find rule file rules/intRulesCheckedSemantics.key
	at de.uka.ilkd.key.proof.io.KeYFile.readIncludes(KeYFile.java:210)
	at de.uka.ilkd.key.proof.init.ProblemInitializer.readIncludes(ProblemInitializer.java:177)
	at de.uka.ilkd.key.proof.init.ProblemInitializer.readEnvInput(ProblemInitializer.java:325)
	at de.uka.ilkd.key.proof.init.ProblemInitializer.prepare(ProblemInitializer.java:449)
	at de.uka.ilkd.key.proof.io.AbstractProblemLoader.createInitConfig(AbstractProblemLoader.java:518)
	at de.uka.ilkd.key.proof.io.AbstractProblemLoader.loadEnvironment(AbstractProblemLoader.java:288)
	at de.uka.ilkd.key.proof.io.AbstractProblemLoader.load(AbstractProblemLoader.java:252)
	at de.uka.ilkd.key.control.AbstractUserInterfaceControl.load(AbstractUserInterfaceControl.java:209)
	... 7 more
Caused by: java.lang.RuntimeException: Could not find rule file rules/intRulesCheckedSemantics.key
	at de.uka.ilkd.key.proof.io.RuleSourceFactory.fromBuiltInRule(RuleSourceFactory.java:32)
	at de.uka.ilkd.key.proof.io.RuleSourceFactory.fromDefaultLocation(RuleSourceFactory.java:21)
	at de.uka.ilkd.key.nparser.builder.IncludeFinder.addInclude(IncludeFinder.java:63)
	at de.uka.ilkd.key.nparser.builder.IncludeFinder.visitOne_include(IncludeFinder.java:43)
	at de.uka.ilkd.key.nparser.builder.IncludeFinder.visitOne_include(IncludeFinder.java:20)
	at de.uka.ilkd.key.nparser.KeYParser$One_includeContext.accept(KeYParser.java:878)
	at de.uka.ilkd.key.nparser.builder.AbstractBuilder.lambda$mapOf$0(AbstractBuilder.java:112)
	at java.base/java.util.stream.ReferencePipeline$3$1.accept(ReferencePipeline.java:195)
	at java.base/java.util.ArrayList$ArrayListSpliterator.forEachRemaining(ArrayList.java:1655)
	at java.base/java.util.stream.AbstractPipeline.copyInto(AbstractPipeline.java:484)
	at java.base/java.util.stream.AbstractPipeline.wrapAndCopyInto(AbstractPipeline.java:474)
	at java.base/java.util.stream.ReduceOps$ReduceOp.evaluateSequential(ReduceOps.java:913)
	at java.base/java.util.stream.AbstractPipeline.evaluate(AbstractPipeline.java:234)
	at java.base/java.util.stream.ReferencePipeline.collect(ReferencePipeline.java:578)
	at de.uka.ilkd.key.nparser.builder.AbstractBuilder.mapOf(AbstractBuilder.java:112)
	at de.uka.ilkd.key.nparser.builder.IncludeFinder.visitOne_include_statement(IncludeFinder.java:35)
	at de.uka.ilkd.key.nparser.builder.IncludeFinder.visitOne_include_statement(IncludeFinder.java:20)
	at de.uka.ilkd.key.nparser.KeYParser$One_include_statementContext.accept(KeYParser.java:802)
	at org.antlr.v4.runtime.tree.AbstractParseTreeVisitor.visitChildren(AbstractParseTreeVisitor.java:46)
	at de.uka.ilkd.key.nparser.KeYParserBaseVisitor.visitDecls(KeYParserBaseVisitor.java:30)
	at de.uka.ilkd.key.nparser.KeYParser$DeclsContext.accept(KeYParser.java:500)
	at org.antlr.v4.runtime.tree.AbstractParseTreeVisitor.visitChildren(AbstractParseTreeVisitor.java:46)
	at de.uka.ilkd.key.nparser.KeYParserBaseVisitor.visitFile(KeYParserBaseVisitor.java:23)
	at de.uka.ilkd.key.nparser.KeYParser$FileContext.accept(KeYParser.java:306)
	at de.uka.ilkd.key.nparser.KeyAst.accept(KeyAst.java:41)
	at de.uka.ilkd.key.nparser.KeyAst$File.getIncludes(KeyAst.java:76)
	at de.uka.ilkd.key.proof.io.KeYFile.readIncludes(KeYFile.java:208)
	... 14 more
Could not find rule file rules/intRulesCheckedSemantics.key (file: /home/runner/work/key/key/key.core/../key.ui/examples/index/../InformationFlow/LoopInvariants/loop.IFLoopExamples(loop.IFLoopExamples__secure_while_2(int)).JML operation contract.0.key; caused by: de.uka.ilkd.key.proof.init.ProofInputException: Could not find rule file rules/intRulesCheckedSemantics.key)
	at de.uka.ilkd.key.control.AbstractUserInterfaceControl.load(AbstractUserInterfaceControl.java:221)
	at de.uka.ilkd.key.control.KeYEnvironment.load(KeYEnvironment.java:251)
	at de.uka.ilkd.key.control.KeYEnvironment.load(KeYEnvironment.java:224)
	at de.uka.ilkd.key.control.KeYEnvironment.load(KeYEnvironment.java:184)
	at de.uka.ilkd.key.control.KeYEnvironment.load(KeYEnvironment.java:261)
	at de.uka.ilkd.key.proof.runallproofs.proofcollection.TestFile.load(TestFile.java:270)
	at de.uka.ilkd.key.proof.runallproofs.proofcollection.TestFile.runKey(TestFile.java:160)
	at de.uka.ilkd.key.proof.runallproofs.proofcollection.ForkedTestFileRunner.main(ForkedTestFileRunner.java:171)
Caused by: de.uka.ilkd.key.proof.init.ProofInputException: Could not find rule file rules/intRulesCheckedSemantics.key
	at de.uka.ilkd.key.proof.io.KeYFile.readIncludes(KeYFile.java:210)
	at de.uka.ilkd.key.proof.init.ProblemInitializer.readIncludes(ProblemInitializer.java:177)
	at de.uka.ilkd.key.proof.init.ProblemInitializer.readEnvInput(ProblemInitializer.java:325)
	at de.uka.ilkd.key.proof.init.ProblemInitializer.prepare(ProblemInitializer.java:449)
	at de.uka.ilkd.key.proof.io.AbstractProblemLoader.createInitConfig(AbstractProblemLoader.java:518)
	at de.uka.ilkd.key.proof.io.AbstractProblemLoader.loadEnvironment(AbstractProblemLoader.java:288)
	at de.uka.ilkd.key.proof.io.AbstractProblemLoader.load(AbstractProblemLoader.java:252)
	at de.uka.ilkd.key.control.AbstractUserInterfaceControl.load(AbstractUserInterfaceControl.java:209)
	... 7 more
Caused by: java.lang.RuntimeException: Could not find rule file rules/intRulesCheckedSemantics.key
	at de.uka.ilkd.key.proof.io.RuleSourceFactory.fromBuiltInRule(RuleSourceFactory.java:32)
	at de.uka.ilkd.key.proof.io.RuleSourceFactory.fromDefaultLocation(RuleSourceFactory.java:21)
	at de.uka.ilkd.key.nparser.builder.IncludeFinder.addInclude(IncludeFinder.java:63)
	at de.uka.ilkd.key.nparser.builder.IncludeFinder.visitOne_include(IncludeFinder.java:43)
	at de.uka.ilkd.key.nparser.builder.IncludeFinder.visitOne_include(IncludeFinder.java:20)
	at de.uka.ilkd.key.nparser.KeYParser$One_includeContext.accept(KeYParser.java:878)
	at de.uka.ilkd.key.nparser.builder.AbstractBuilder.lambda$mapOf$0(AbstractBuilder.java:112)
	at java.base/java.util.stream.ReferencePipeline$3$1.accept(ReferencePipeline.java:195)
	at java.base/java.util.ArrayList$ArrayListSpliterator.forEachRemaining(ArrayList.java:1655)
	at java.base/java.util.stream.AbstractPipeline.copyInto(AbstractPipeline.java:484)
	at java.base/java.util.stream.AbstractPipeline.wrapAndCopyInto(AbstractPipeline.java:474)
	at java.base/java.util.stream.ReduceOps$ReduceOp.evaluateSequential(ReduceOps.java:913)
	at java.base/java.util.stream.AbstractPipeline.evaluate(AbstractPipeline.java:234)
	at java.base/java.util.stream.ReferencePipeline.collect(ReferencePipeline.java:578)
	at de.uka.ilkd.key.nparser.builder.AbstractBuilder.mapOf(AbstractBuilder.java:112)
	at de.uka.ilkd.key.nparser.builder.IncludeFinder.visitOne_include_statement(IncludeFinder.java:35)
	at de.uka.ilkd.key.nparser.builder.IncludeFinder.visitOne_include_statement(IncludeFinder.java:20)
	at de.uka.ilkd.key.nparser.KeYParser$One_include_statementContext.accept(KeYParser.java:802)
	at org.antlr.v4.runtime.tree.AbstractParseTreeVisitor.visitChildren(AbstractParseTreeVisitor.java:46)
	at de.uka.ilkd.key.nparser.KeYParserBaseVisitor.visitDecls(KeYParserBaseVisitor.java:30)
	at de.uka.ilkd.key.nparser.KeYParser$DeclsContext.accept(KeYParser.java:500)
	at org.antlr.v4.runtime.tree.AbstractParseTreeVisitor.visitChildren(AbstractParseTreeVisitor.java:46)
	at de.uka.ilkd.key.nparser.KeYParserBaseVisitor.visitFile(KeYParserBaseVisitor.java:23)
	at de.uka.ilkd.key.nparser.KeYParser$FileContext.accept(KeYParser.java:306)
	at de.uka.ilkd.key.nparser.KeyAst.accept(KeyAst.java:41)
	at de.uka.ilkd.key.nparser.KeyAst$File.getIncludes(KeyAst.java:76)
	at de.uka.ilkd.key.proof.io.KeYFile.readIncludes(KeYFile.java:208)
	... 14 more
Could not find rule file rules/intRulesCheckedSemantics.key (file: /home/runner/work/key/key/key.core/../key.ui/examples/index/../InformationFlow/LoopInvariants/loop.IFLoopExamples(loop.IFLoopExamples__secure_while_4(int)).JML operation contract.0.key; caused by: de.uka.ilkd.key.proof.init.ProofInputException: Could not find rule file rules/intRulesCheckedSemantics.key)
	at de.uka.ilkd.key.control.AbstractUserInterfaceControl.load(AbstractUserInterfaceControl.java:221)
	at de.uka.ilkd.key.control.KeYEnvironment.load(KeYEnvironment.java:251)
	at de.uka.ilkd.key.control.KeYEnvironment.load(KeYEnvironment.java:224)
	at de.uka.ilkd.key.control.KeYEnvironment.load(KeYEnvironment.java:184)
	at de.uka.ilkd.key.control.KeYEnvironment.load(KeYEnvironment.java:261)
	at de.uka.ilkd.key.proof.runallproofs.proofcollection.TestFile.load(TestFile.java:270)
	at de.uka.ilkd.key.proof.runallproofs.proofcollection.TestFile.runKey(TestFile.java:160)
	at de.uka.ilkd.key.proof.runallproofs.proofcollection.ForkedTestFileRunner.main(ForkedTestFileRunner.java:171)
Caused by: de.uka.ilkd.key.proof.init.ProofInputException: Could not find rule file rules/intRulesCheckedSemantics.key
	at de.uka.ilkd.key.proof.io.KeYFile.readIncludes(KeYFile.java:210)
	at de.uka.ilkd.key.proof.init.ProblemInitializer.readIncludes(ProblemInitializer.java:177)
	at de.uka.ilkd.key.proof.init.ProblemInitializer.readEnvInput(ProblemInitializer.java:325)
	at de.uka.ilkd.key.proof.init.ProblemInitializer.prepare(ProblemInitializer.java:449)
	at de.uka.ilkd.key.proof.io.AbstractProblemLoader.createInitConfig(AbstractProblemLoader.java:518)
	at de.uka.ilkd.key.proof.io.AbstractProblemLoader.loadEnvironment(AbstractProblemLoader.java:288)
	at de.uka.ilkd.key.proof.io.AbstractProblemLoader.load(AbstractProblemLoader.java:252)
	at de.uka.ilkd.key.control.AbstractUserInterfaceControl.load(AbstractUserInterfaceControl.java:209)
	... 7 more
Caused by: java.lang.RuntimeException: Could not find rule file rules/intRulesCheckedSemantics.key
	at de.uka.ilkd.key.proof.io.RuleSourceFactory.fromBuiltInRule(RuleSourceFactory.java:32)
	at de.uka.ilkd.key.proof.io.RuleSourceFactory.fromDefaultLocation(RuleSourceFactory.java:21)
	at de.uka.ilkd.key.nparser.builder.IncludeFinder.addInclude(IncludeFinder.java:63)
	at de.uka.ilkd.key.nparser.builder.IncludeFinder.visitOne_include(IncludeFinder.java:43)
	at de.uka.ilkd.key.nparser.builder.IncludeFinder.visitOne_include(IncludeFinder.java:20)
	at de.uka.ilkd.key.nparser.KeYParser$One_includeContext.accept(KeYParser.java:878)
	at de.uka.ilkd.key.nparser.builder.AbstractBuilder.lambda$mapOf$0(AbstractBuilder.java:112)
	at java.base/java.util.stream.ReferencePipeline$3$1.accept(ReferencePipeline.java:195)
	at java.base/java.util.ArrayList$ArrayListSpliterator.forEachRemaining(ArrayList.java:1655)
	at java.base/java.util.stream.AbstractPipeline.copyInto(AbstractPipeline.java:484)
	at java.base/java.util.stream.AbstractPipeline.wrapAndCopyInto(AbstractPipeline.java:474)
	at java.base/java.util.stream.ReduceOps$ReduceOp.evaluateSequential(ReduceOps.java:913)
	at java.base/java.util.stream.AbstractPipeline.evaluate(AbstractPipeline.java:234)
	at java.base/java.util.stream.ReferencePipeline.collect(ReferencePipeline.java:578)
	at de.uka.ilkd.key.nparser.builder.AbstractBuilder.mapOf(AbstractBuilder.java:112)
	at de.uka.ilkd.key.nparser.builder.IncludeFinder.visitOne_include_statement(IncludeFinder.java:35)
	at de.uka.ilkd.key.nparser.builder.IncludeFinder.visitOne_include_statement(IncludeFinder.java:20)
	at de.uka.ilkd.key.nparser.KeYParser$One_include_statementContext.accept(KeYParser.java:802)
	at org.antlr.v4.runtime.tree.AbstractParseTreeVisitor.visitChildren(AbstractParseTreeVisitor.java:46)
	at de.uka.ilkd.key.nparser.KeYParserBaseVisitor.visitDecls(KeYParserBaseVisitor.java:30)
	at de.uka.ilkd.key.nparser.KeYParser$DeclsContext.accept(KeYParser.java:500)
	at org.antlr.v4.runtime.tree.AbstractParseTreeVisitor.visitChildren(AbstractParseTreeVisitor.java:46)
	at de.uka.ilkd.key.nparser.KeYParserBaseVisitor.visitFile(KeYParserBaseVisitor.java:23)
	at de.uka.ilkd.key.nparser.KeYParser$FileContext.accept(KeYParser.java:306)
	at de.uka.ilkd.key.nparser.KeyAst.accept(KeyAst.java:41)
	at de.uka.ilkd.key.nparser.KeyAst$File.getIncludes(KeyAst.java:76)
	at de.uka.ilkd.key.proof.io.KeYFile.readIncludes(KeYFile.java:208)
	... 14 more
Could not find rule file rules/intRulesCheckedSemantics.key (file: /home/runner/work/key/key/key.core/../key.ui/examples/index/../InformationFlow/LoopInvariants/loop.IFLoopExamples(loop.IFLoopExamples__insecure_doubleNestedWhile2(int)).JML operation contract.0.key; caused by: de.uka.ilkd.key.proof.init.ProofInputException: Could not find rule file rules/intRulesCheckedSemantics.key)
	at de.uka.ilkd.key.control.AbstractUserInterfaceControl.load(AbstractUserInterfaceControl.java:221)
	at de.uka.ilkd.key.control.KeYEnvironment.load(KeYEnvironment.java:251)
	at de.uka.ilkd.key.control.KeYEnvironment.load(KeYEnvironment.java:224)
	at de.uka.ilkd.key.control.KeYEnvironment.load(KeYEnvironment.java:184)
	at de.uka.ilkd.key.control.KeYEnvironment.load(KeYEnvironment.java:261)
	at de.uka.ilkd.key.proof.runallproofs.proofcollection.TestFile.load(TestFile.java:270)
	at de.uka.ilkd.key.proof.runallproofs.proofcollection.TestFile.runKey(TestFile.java:160)
	at de.uka.ilkd.key.proof.runallproofs.proofcollection.ForkedTestFileRunner.main(ForkedTestFileRunner.java:171)
Caused by: de.uka.ilkd.key.proof.init.ProofInputException: Could not find rule file rules/intRulesCheckedSemantics.key
	at de.uka.ilkd.key.proof.io.KeYFile.readIncludes(KeYFile.java:210)
	at de.uka.ilkd.key.proof.init.ProblemInitializer.readIncludes(ProblemInitializer.java:177)
	at de.uka.ilkd.key.proof.init.ProblemInitializer.readEnvInput(ProblemInitializer.java:325)
	at de.uka.ilkd.key.proof.init.ProblemInitializer.prepare(ProblemInitializer.java:449)
	at de.uka.ilkd.key.proof.io.AbstractProblemLoader.createInitConfig(AbstractProblemLoader.java:518)
	at de.uka.ilkd.key.proof.io.AbstractProblemLoader.loadEnvironment(AbstractProblemLoader.java:288)
	at de.uka.ilkd.key.proof.io.AbstractProblemLoader.load(AbstractProblemLoader.java:252)
	at de.uka.ilkd.key.control.AbstractUserInterfaceControl.load(AbstractUserInterfaceControl.java:209)
	... 7 more
Caused by: java.lang.RuntimeException: Could not find rule file rules/intRulesCheckedSemantics.key
	at de.uka.ilkd.key.proof.io.RuleSourceFactory.fromBuiltInRule(RuleSourceFactory.java:32)
	at de.uka.ilkd.key.proof.io.RuleSourceFactory.fromDefaultLocation(RuleSourceFactory.java:21)
	at de.uka.ilkd.key.nparser.builder.IncludeFinder.addInclude(IncludeFinder.java:63)
	at de.uka.ilkd.key.nparser.builder.IncludeFinder.visitOne_include(IncludeFinder.java:43)
	at de.uka.ilkd.key.nparser.builder.IncludeFinder.visitOne_include(IncludeFinder.java:20)
	at de.uka.ilkd.key.nparser.KeYParser$One_includeContext.accept(KeYParser.java:878)
	at de.uka.ilkd.key.nparser.builder.AbstractBuilder.lambda$mapOf$0(AbstractBuilder.java:112)
	at java.base/java.util.stream.ReferencePipeline$3$1.accept(ReferencePipeline.java:195)
	at java.base/java.util.ArrayList$ArrayListSpliterator.forEachRemaining(ArrayList.java:1655)
	at java.base/java.util.stream.AbstractPipeline.copyInto(AbstractPipeline.java:484)
	at java.base/java.util.stream.AbstractPipeline.wrapAndCopyInto(AbstractPipeline.java:474)
	at java.base/java.util.stream.ReduceOps$ReduceOp.evaluateSequential(ReduceOps.java:913)
	at java.base/java.util.stream.AbstractPipeline.evaluate(AbstractPipeline.java:234)
	at java.base/java.util.stream.ReferencePipeline.collect(ReferencePipeline.java:578)
	at de.uka.ilkd.key.nparser.builder.AbstractBuilder.mapOf(AbstractBuilder.java:112)
	at de.uka.ilkd.key.nparser.builder.IncludeFinder.visitOne_include_statement(IncludeFinder.java:35)
	at de.uka.ilkd.key.nparser.builder.IncludeFinder.visitOne_include_statement(IncludeFinder.java:20)
	at de.uka.ilkd.key.nparser.KeYParser$One_include_statementContext.accept(KeYParser.java:802)
	at org.antlr.v4.runtime.tree.AbstractParseTreeVisitor.visitChildren(AbstractParseTreeVisitor.java:46)
	at de.uka.ilkd.key.nparser.KeYParserBaseVisitor.visitDecls(KeYParserBaseVisitor.java:30)
	at de.uka.ilkd.key.nparser.KeYParser$DeclsContext.accept(KeYParser.java:500)
	at org.antlr.v4.runtime.tree.AbstractParseTreeVisitor.visitChildren(AbstractParseTreeVisitor.java:46)
	at de.uka.ilkd.key.nparser.KeYParserBaseVisitor.visitFile(KeYParserBaseVisitor.java:23)
	at de.uka.ilkd.key.nparser.KeYParser$FileContext.accept(KeYParser.java:306)
	at de.uka.ilkd.key.nparser.KeyAst.accept(KeyAst.java:41)
	at de.uka.ilkd.key.nparser.KeyAst$File.getIncludes(KeyAst.java:76)
	at de.uka.ilkd.key.proof.io.KeYFile.readIncludes(KeYFile.java:208)
	... 14 more
Could not find rule file rules/intRulesCheckedSemantics.key (file: /home/runner/work/key/key/key.core/../key.ui/examples/index/../InformationFlow/LoopInvariants/loop.IFLoopExamples(loop.IFLoopExamples__insecure_doubleNestedWhile(int)).JML operation contract.0.key; caused by: de.uka.ilkd.key.proof.init.ProofInputException: Could not find rule file rules/intRulesCheckedSemantics.key)
	at de.uka.ilkd.key.control.AbstractUserInterfaceControl.load(AbstractUserInterfaceControl.java:221)
	at de.uka.ilkd.key.control.KeYEnvironment.load(KeYEnvironment.java:251)
	at de.uka.ilkd.key.control.KeYEnvironment.load(KeYEnvironment.java:224)
	at de.uka.ilkd.key.control.KeYEnvironment.load(KeYEnvironment.java:184)
	at de.uka.ilkd.key.control.KeYEnvironment.load(KeYEnvironment.java:261)
	at de.uka.ilkd.key.proof.runallproofs.proofcollection.TestFile.load(TestFile.java:270)
	at de.uka.ilkd.key.proof.runallproofs.proofcollection.TestFile.runKey(TestFile.java:160)
	at de.uka.ilkd.key.proof.runallproofs.proofcollection.ForkedTestFileRunner.main(ForkedTestFileRunner.java:171)
Caused by: de.uka.ilkd.key.proof.init.ProofInputException: Could not find rule file rules/intRulesCheckedSemantics.key
	at de.uka.ilkd.key.proof.io.KeYFile.readIncludes(KeYFile.java:210)
	at de.uka.ilkd.key.proof.init.ProblemInitializer.readIncludes(ProblemInitializer.java:177)
	at de.uka.ilkd.key.proof.init.ProblemInitializer.readEnvInput(ProblemInitializer.java:325)
	at de.uka.ilkd.key.proof.init.ProblemInitializer.prepare(ProblemInitializer.java:449)
	at de.uka.ilkd.key.proof.io.AbstractProblemLoader.createInitConfig(AbstractProblemLoader.java:518)
	at de.uka.ilkd.key.proof.io.AbstractProblemLoader.loadEnvironment(AbstractProblemLoader.java:288)
	at de.uka.ilkd.key.proof.io.AbstractProblemLoader.load(AbstractProblemLoader.java:252)
	at de.uka.ilkd.key.control.AbstractUserInterfaceControl.load(AbstractUserInterfaceControl.java:209)
	... 7 more
Caused by: java.lang.RuntimeException: Could not find rule file rules/intRulesCheckedSemantics.key
	at de.uka.ilkd.key.proof.io.RuleSourceFactory.fromBuiltInRule(RuleSourceFactory.java:32)
	at de.uka.ilkd.key.proof.io.RuleSourceFactory.fromDefaultLocation(RuleSourceFactory.java:21)
	at de.uka.ilkd.key.nparser.builder.IncludeFinder.addInclude(IncludeFinder.java:63)
	at de.uka.ilkd.key.nparser.builder.IncludeFinder.visitOne_include(IncludeFinder.java:43)
	at de.uka.ilkd.key.nparser.builder.IncludeFinder.visitOne_include(IncludeFinder.java:20)
	at de.uka.ilkd.key.nparser.KeYParser$One_includeContext.accept(KeYParser.java:878)
	at de.uka.ilkd.key.nparser.builder.AbstractBuilder.lambda$mapOf$0(AbstractBuilder.java:112)
	at java.base/java.util.stream.ReferencePipeline$3$1.accept(ReferencePipeline.java:195)
	at java.base/java.util.ArrayList$ArrayListSpliterator.forEachRemaining(ArrayList.java:1655)
	at java.base/java.util.stream.AbstractPipeline.copyInto(AbstractPipeline.java:484)
	at java.base/java.util.stream.AbstractPipeline.wrapAndCopyInto(AbstractPipeline.java:474)
	at java.base/java.util.stream.ReduceOps$ReduceOp.evaluateSequential(ReduceOps.java:913)
	at java.base/java.util.stream.AbstractPipeline.evaluate(AbstractPipeline.java:234)
	at java.base/java.util.stream.ReferencePipeline.collect(ReferencePipeline.java:578)
	at de.uka.ilkd.key.nparser.builder.AbstractBuilder.mapOf(AbstractBuilder.java:112)
	at de.uka.ilkd.key.nparser.builder.IncludeFinder.visitOne_include_statement(IncludeFinder.java:35)
	at de.uka.ilkd.key.nparser.builder.IncludeFinder.visitOne_include_statement(IncludeFinder.java:20)
	at de.uka.ilkd.key.nparser.KeYParser$One_include_statementContext.accept(KeYParser.java:802)
	at org.antlr.v4.runtime.tree.AbstractParseTreeVisitor.visitChildren(AbstractParseTreeVisitor.java:46)
	at de.uka.ilkd.key.nparser.KeYParserBaseVisitor.visitDecls(KeYParserBaseVisitor.java:30)
	at de.uka.ilkd.key.nparser.KeYParser$DeclsContext.accept(KeYParser.java:500)
	at org.antlr.v4.runtime.tree.AbstractParseTreeVisitor.visitChildren(AbstractParseTreeVisitor.java:46)
	at de.uka.ilkd.key.nparser.KeYParserBaseVisitor.visitFile(KeYParserBaseVisitor.java:23)
	at de.uka.ilkd.key.nparser.KeYParser$FileContext.accept(KeYParser.java:306)
	at de.uka.ilkd.key.nparser.KeyAst.accept(KeyAst.java:41)
	at de.uka.ilkd.key.nparser.KeyAst$File.getIncludes(KeyAst.java:76)
	at de.uka.ilkd.key.proof.io.KeYFile.readIncludes(KeYFile.java:208)
	... 14 more
Could not find rule file rules/intRulesCheckedSemantics.key (file: /home/runner/work/key/key/key.core/../key.ui/examples/index/../InformationFlow/LoopInvariants/loop.IFLoopExamples(loop.IFLoopExamples__secure_doubleNestedWhile(int)).JML operation contract.0.key; caused by: de.uka.ilkd.key.proof.init.ProofInputException: Could not find rule file rules/intRulesCheckedSemantics.key)
	at de.uka.ilkd.key.control.AbstractUserInterfaceControl.load(AbstractUserInterfaceControl.java:221)
	at de.uka.ilkd.key.control.KeYEnvironment.load(KeYEnvironment.java:251)
	at de.uka.ilkd.key.control.KeYEnvironment.load(KeYEnvironment.java:224)
	at de.uka.ilkd.key.control.KeYEnvironment.load(KeYEnvironment.java:184)
	at de.uka.ilkd.key.control.KeYEnvironment.load(KeYEnvironment.java:261)
	at de.uka.ilkd.key.proof.runallproofs.proofcollection.TestFile.load(TestFile.java:270)
	at de.uka.ilkd.key.proof.runallproofs.proofcollection.TestFile.runKey(TestFile.java:160)
	at de.uka.ilkd.key.proof.runallproofs.proofcollection.ForkedTestFileRunner.main(ForkedTestFileRunner.java:171)
Caused by: de.uka.ilkd.key.proof.init.ProofInputException: Could not find rule file rules/intRulesCheckedSemantics.key
	at de.uka.ilkd.key.proof.io.KeYFile.readIncludes(KeYFile.java:210)
	at de.uka.ilkd.key.proof.init.ProblemInitializer.readIncludes(ProblemInitializer.java:177)
	at de.uka.ilkd.key.proof.init.ProblemInitializer.readEnvInput(ProblemInitializer.java:325)
	at de.uka.ilkd.key.proof.init.ProblemInitializer.prepare(ProblemInitializer.java:449)
	at de.uka.ilkd.key.proof.io.AbstractProblemLoader.createInitConfig(AbstractProblemLoader.java:518)
	at de.uka.ilkd.key.proof.io.AbstractProblemLoader.loadEnvironment(AbstractProblemLoader.java:288)
	at de.uka.ilkd.key.proof.io.AbstractProblemLoader.load(AbstractProblemLoader.java:252)
	at de.uka.ilkd.key.control.AbstractUserInterfaceControl.load(AbstractUserInterfaceControl.java:209)
	... 7 more
Caused by: java.lang.RuntimeException: Could not find rule file rules/intRulesCheckedSemantics.key
	at de.uka.ilkd.key.proof.io.RuleSourceFactory.fromBuiltInRule(RuleSourceFactory.java:32)
	at de.uka.ilkd.key.proof.io.RuleSourceFactory.fromDefaultLocation(RuleSourceFactory.java:21)
	at de.uka.ilkd.key.nparser.builder.IncludeFinder.addInclude(IncludeFinder.java:63)
	at de.uka.ilkd.key.nparser.builder.IncludeFinder.visitOne_include(IncludeFinder.java:43)
	at de.uka.ilkd.key.nparser.builder.IncludeFinder.visitOne_include(IncludeFinder.java:20)
	at de.uka.ilkd.key.nparser.KeYParser$One_includeContext.accept(KeYParser.java:878)
	at de.uka.ilkd.key.nparser.builder.AbstractBuilder.lambda$mapOf$0(AbstractBuilder.java:112)
	at java.base/java.util.stream.ReferencePipeline$3$1.accept(ReferencePipeline.java:195)
	at java.base/java.util.ArrayList$ArrayListSpliterator.forEachRemaining(ArrayList.java:1655)
	at java.base/java.util.stream.AbstractPipeline.copyInto(AbstractPipeline.java:484)
	at java.base/java.util.stream.AbstractPipeline.wrapAndCopyInto(AbstractPipeline.java:474)
	at java.base/java.util.stream.ReduceOps$ReduceOp.evaluateSequential(ReduceOps.java:913)
	at java.base/java.util.stream.AbstractPipeline.evaluate(AbstractPipeline.java:234)
	at java.base/java.util.stream.ReferencePipeline.collect(ReferencePipeline.java:578)
	at de.uka.ilkd.key.nparser.builder.AbstractBuilder.mapOf(AbstractBuilder.java:112)
	at de.uka.ilkd.key.nparser.builder.IncludeFinder.visitOne_include_statement(IncludeFinder.java:35)
	at de.uka.ilkd.key.nparser.builder.IncludeFinder.visitOne_include_statement(IncludeFinder.java:20)
	at de.uka.ilkd.key.nparser.KeYParser$One_include_statementContext.accept(KeYParser.java:802)
	at org.antlr.v4.runtime.tree.AbstractParseTreeVisitor.visitChildren(AbstractParseTreeVisitor.java:46)
	at de.uka.ilkd.key.nparser.KeYParserBaseVisitor.visitDecls(KeYParserBaseVisitor.java:30)
	at de.uka.ilkd.key.nparser.KeYParser$DeclsContext.accept(KeYParser.java:500)
	at org.antlr.v4.runtime.tree.AbstractParseTreeVisitor.visitChildren(AbstractParseTreeVisitor.java:46)
	at de.uka.ilkd.key.nparser.KeYParserBaseVisitor.visitFile(KeYParserBaseVisitor.java:23)
	at de.uka.ilkd.key.nparser.KeYParser$FileContext.accept(KeYParser.java:306)
	at de.uka.ilkd.key.nparser.KeyAst.accept(KeyAst.java:41)
	at de.uka.ilkd.key.nparser.KeyAst$File.getIncludes(KeyAst.java:76)
	at de.uka.ilkd.key.proof.io.KeYFile.readIncludes(KeYFile.java:208)
	... 14 more
Could not find rule file rules/intRulesCheckedSemantics.key (file: /home/runner/work/key/key/key.core/../key.ui/examples/index/../InformationFlow/LoopInvariants/loop.IFLoopExamples(loop.IFLoopExamples__secure_nestedTwoWhile(int)).JML operation contract.0.key; caused by: de.uka.ilkd.key.proof.init.ProofInputException: Could not find rule file rules/intRulesCheckedSemantics.key)
	at de.uka.ilkd.key.control.AbstractUserInterfaceControl.load(AbstractUserInterfaceControl.java:221)
	at de.uka.ilkd.key.control.KeYEnvironment.load(KeYEnvironment.java:251)
	at de.uka.ilkd.key.control.KeYEnvironment.load(KeYEnvironment.java:224)
	at de.uka.ilkd.key.control.KeYEnvironment.load(KeYEnvironment.java:184)
	at de.uka.ilkd.key.control.KeYEnvironment.load(KeYEnvironment.java:261)
	at de.uka.ilkd.key.proof.runallproofs.proofcollection.TestFile.load(TestFile.java:270)
	at de.uka.ilkd.key.proof.runallproofs.proofcollection.TestFile.runKey(TestFile.java:160)
	at de.uka.ilkd.key.proof.runallproofs.proofcollection.ForkedTestFileRunner.main(ForkedTestFileRunner.java:171)
Caused by: de.uka.ilkd.key.proof.init.ProofInputException: Could not find rule file rules/intRulesCheckedSemantics.key
	at de.uka.ilkd.key.proof.io.KeYFile.readIncludes(KeYFile.java:210)
	at de.uka.ilkd.key.proof.init.ProblemInitializer.readIncludes(ProblemInitializer.java:177)
	at de.uka.ilkd.key.proof.init.ProblemInitializer.readEnvInput(ProblemInitializer.java:325)
	at de.uka.ilkd.key.proof.init.ProblemInitializer.prepare(ProblemInitializer.java:449)
	at de.uka.ilkd.key.proof.io.AbstractProblemLoader.createInitConfig(AbstractProblemLoader.java:518)
	at de.uka.ilkd.key.proof.io.AbstractProblemLoader.loadEnvironment(AbstractProblemLoader.java:288)
	at de.uka.ilkd.key.proof.io.AbstractProblemLoader.load(AbstractProblemLoader.java:252)
	at de.uka.ilkd.key.control.AbstractUserInterfaceControl.load(AbstractUserInterfaceControl.java:209)
	... 7 more
Caused by: java.lang.RuntimeException: Could not find rule file rules/intRulesCheckedSemantics.key
	at de.uka.ilkd.key.proof.io.RuleSourceFactory.fromBuiltInRule(RuleSourceFactory.java:32)
	at de.uka.ilkd.key.proof.io.RuleSourceFactory.fromDefaultLocation(RuleSourceFactory.java:21)
	at de.uka.ilkd.key.nparser.builder.IncludeFinder.addInclude(IncludeFinder.java:63)
	at de.uka.ilkd.key.nparser.builder.IncludeFinder.visitOne_include(IncludeFinder.java:43)
	at de.uka.ilkd.key.nparser.builder.IncludeFinder.visitOne_include(IncludeFinder.java:20)
	at de.uka.ilkd.key.nparser.KeYParser$One_includeContext.accept(KeYParser.java:878)
	at de.uka.ilkd.key.nparser.builder.AbstractBuilder.lambda$mapOf$0(AbstractBuilder.java:112)
	at java.base/java.util.stream.ReferencePipeline$3$1.accept(ReferencePipeline.java:195)
	at java.base/java.util.ArrayList$ArrayListSpliterator.forEachRemaining(ArrayList.java:1655)
	at java.base/java.util.stream.AbstractPipeline.copyInto(AbstractPipeline.java:484)
	at java.base/java.util.stream.AbstractPipeline.wrapAndCopyInto(AbstractPipeline.java:474)
	at java.base/java.util.stream.ReduceOps$ReduceOp.evaluateSequential(ReduceOps.java:913)
	at java.base/java.util.stream.AbstractPipeline.evaluate(AbstractPipeline.java:234)
	at java.base/java.util.stream.ReferencePipeline.collect(ReferencePipeline.java:578)
	at de.uka.ilkd.key.nparser.builder.AbstractBuilder.mapOf(AbstractBuilder.java:112)
	at de.uka.ilkd.key.nparser.builder.IncludeFinder.visitOne_include_statement(IncludeFinder.java:35)
	at de.uka.ilkd.key.nparser.builder.IncludeFinder.visitOne_include_statement(IncludeFinder.java:20)
	at de.uka.ilkd.key.nparser.KeYParser$One_include_statementContext.accept(KeYParser.java:802)
	at org.antlr.v4.runtime.tree.AbstractParseTreeVisitor.visitChildren(AbstractParseTreeVisitor.java:46)
	at de.uka.ilkd.key.nparser.KeYParserBaseVisitor.visitDecls(KeYParserBaseVisitor.java:30)
	at de.uka.ilkd.key.nparser.KeYParser$DeclsContext.accept(KeYParser.java:500)
	at org.antlr.v4.runtime.tree.AbstractParseTreeVisitor.visitChildren(AbstractParseTreeVisitor.java:46)
	at de.uka.ilkd.key.nparser.KeYParserBaseVisitor.visitFile(KeYParserBaseVisitor.java:23)
	at de.uka.ilkd.key.nparser.KeYParser$FileContext.accept(KeYParser.java:306)
	at de.uka.ilkd.key.nparser.KeyAst.accept(KeyAst.java:41)
	at de.uka.ilkd.key.nparser.KeyAst$File.getIncludes(KeyAst.java:76)
	at de.uka.ilkd.key.proof.io.KeYFile.readIncludes(KeYFile.java:208)
	... 14 more
Could not find rule file rules/intRulesCheckedSemantics.key (file: /home/runner/work/key/key/key.core/../key.ui/examples/index/../InformationFlow/LoopInvariants/loop.IFLoopExamples(loop.IFLoopExamples__secure_nestedWhile(int)).JML operation contract.0.key; caused by: de.uka.ilkd.key.proof.init.ProofInputException: Could not find rule file rules/intRulesCheckedSemantics.key)
	at de.uka.ilkd.key.control.AbstractUserInterfaceControl.load(AbstractUserInterfaceControl.java:221)
	at de.uka.ilkd.key.control.KeYEnvironment.load(KeYEnvironment.java:251)
	at de.uka.ilkd.key.control.KeYEnvironment.load(KeYEnvironment.java:224)
	at de.uka.ilkd.key.control.KeYEnvironment.load(KeYEnvironment.java:184)
	at de.uka.ilkd.key.control.KeYEnvironment.load(KeYEnvironment.java:261)
	at de.uka.ilkd.key.proof.runallproofs.proofcollection.TestFile.load(TestFile.java:270)
	at de.uka.ilkd.key.proof.runallproofs.proofcollection.TestFile.runKey(TestFile.java:160)
	at de.uka.ilkd.key.proof.runallproofs.proofcollection.ForkedTestFileRunner.main(ForkedTestFileRunner.java:171)
Caused by: de.uka.ilkd.key.proof.init.ProofInputException: Could not find rule file rules/intRulesCheckedSemantics.key
	at de.uka.ilkd.key.proof.io.KeYFile.readIncludes(KeYFile.java:210)
	at de.uka.ilkd.key.proof.init.ProblemInitializer.readIncludes(ProblemInitializer.java:177)
	at de.uka.ilkd.key.proof.init.ProblemInitializer.readEnvInput(ProblemInitializer.java:325)
	at de.uka.ilkd.key.proof.init.ProblemInitializer.prepare(ProblemInitializer.java:449)
	at de.uka.ilkd.key.proof.io.AbstractProblemLoader.createInitConfig(AbstractProblemLoader.java:518)
	at de.uka.ilkd.key.proof.io.AbstractProblemLoader.loadEnvironment(AbstractProblemLoader.java:288)
	at de.uka.ilkd.key.proof.io.AbstractProblemLoader.load(AbstractProblemLoader.java:252)
	at de.uka.ilkd.key.control.AbstractUserInterfaceControl.load(AbstractUserInterfaceControl.java:209)
	... 7 more
Caused by: java.lang.RuntimeException: Could not find rule file rules/intRulesCheckedSemantics.key
	at de.uka.ilkd.key.proof.io.RuleSourceFactory.fromBuiltInRule(RuleSourceFactory.java:32)
	at de.uka.ilkd.key.proof.io.RuleSourceFactory.fromDefaultLocation(RuleSourceFactory.java:21)
	at de.uka.ilkd.key.nparser.builder.IncludeFinder.addInclude(IncludeFinder.java:63)
	at de.uka.ilkd.key.nparser.builder.IncludeFinder.visitOne_include(IncludeFinder.java:43)
	at de.uka.ilkd.key.nparser.builder.IncludeFinder.visitOne_include(IncludeFinder.java:20)
	at de.uka.ilkd.key.nparser.KeYParser$One_includeContext.accept(KeYParser.java:878)
	at de.uka.ilkd.key.nparser.builder.AbstractBuilder.lambda$mapOf$0(AbstractBuilder.java:112)
	at java.base/java.util.stream.ReferencePipeline$3$1.accept(ReferencePipeline.java:195)
	at java.base/java.util.ArrayList$ArrayListSpliterator.forEachRemaining(ArrayList.java:1655)
	at java.base/java.util.stream.AbstractPipeline.copyInto(AbstractPipeline.java:484)
	at java.base/java.util.stream.AbstractPipeline.wrapAndCopyInto(AbstractPipeline.java:474)
	at java.base/java.util.stream.ReduceOps$ReduceOp.evaluateSequential(ReduceOps.java:913)
	at java.base/java.util.stream.AbstractPipeline.evaluate(AbstractPipeline.java:234)
	at java.base/java.util.stream.ReferencePipeline.collect(ReferencePipeline.java:578)
	at de.uka.ilkd.key.nparser.builder.AbstractBuilder.mapOf(AbstractBuilder.java:112)
	at de.uka.ilkd.key.nparser.builder.IncludeFinder.visitOne_include_statement(IncludeFinder.java:35)
	at de.uka.ilkd.key.nparser.builder.IncludeFinder.visitOne_include_statement(IncludeFinder.java:20)
	at de.uka.ilkd.key.nparser.KeYParser$One_include_statementContext.accept(KeYParser.java:802)
	at org.antlr.v4.runtime.tree.AbstractParseTreeVisitor.visitChildren(AbstractParseTreeVisitor.java:46)
	at de.uka.ilkd.key.nparser.KeYParserBaseVisitor.visitDecls(KeYParserBaseVisitor.java:30)
	at de.uka.ilkd.key.nparser.KeYParser$DeclsContext.accept(KeYParser.java:500)
	at org.antlr.v4.runtime.tree.AbstractParseTreeVisitor.visitChildren(AbstractParseTreeVisitor.java:46)
	at de.uka.ilkd.key.nparser.KeYParserBaseVisitor.visitFile(KeYParserBaseVisitor.java:23)
	at de.uka.ilkd.key.nparser.KeYParser$FileContext.accept(KeYParser.java:306)
	at de.uka.ilkd.key.nparser.KeyAst.accept(KeyAst.java:41)
	at de.uka.ilkd.key.nparser.KeyAst$File.getIncludes(KeyAst.java:76)
	at de.uka.ilkd.key.proof.io.KeYFile.readIncludes(KeYFile.java:208)
	... 14 more
Could not find rule file rules/intRulesCheckedSemantics.key (file: /home/runner/work/key/key/key.core/../key.ui/examples/index/../InformationFlow/LoopInvariants/loop.IFLoopExamples(loop.IFLoopExamples__notSecure_while(int)).JML operation contract.0.key; caused by: de.uka.ilkd.key.proof.init.ProofInputException: Could not find rule file rules/intRulesCheckedSemantics.key)
	at de.uka.ilkd.key.control.AbstractUserInterfaceControl.load(AbstractUserInterfaceControl.java:221)
	at de.uka.ilkd.key.control.KeYEnvironment.load(KeYEnvironment.java:251)
	at de.uka.ilkd.key.control.KeYEnvironment.load(KeYEnvironment.java:224)
	at de.uka.ilkd.key.control.KeYEnvironment.load(KeYEnvironment.java:184)
	at de.uka.ilkd.key.control.KeYEnvironment.load(KeYEnvironment.java:261)
	at de.uka.ilkd.key.proof.runallproofs.proofcollection.TestFile.load(TestFile.java:270)
	at de.uka.ilkd.key.proof.runallproofs.proofcollection.TestFile.runKey(TestFile.java:160)
	at de.uka.ilkd.key.proof.runallproofs.proofcollection.ForkedTestFileRunner.main(ForkedTestFileRunner.java:171)
Caused by: de.uka.ilkd.key.proof.init.ProofInputException: Could not find rule file rules/intRulesCheckedSemantics.key
	at de.uka.ilkd.key.proof.io.KeYFile.readIncludes(KeYFile.java:210)
	at de.uka.ilkd.key.proof.init.ProblemInitializer.readIncludes(ProblemInitializer.java:177)
	at de.uka.ilkd.key.proof.init.ProblemInitializer.readEnvInput(ProblemInitializer.java:325)
	at de.uka.ilkd.key.proof.init.ProblemInitializer.prepare(ProblemInitializer.java:449)
	at de.uka.ilkd.key.proof.io.AbstractProblemLoader.createInitConfig(AbstractProblemLoader.java:518)
	at de.uka.ilkd.key.proof.io.AbstractProblemLoader.loadEnvironment(AbstractProblemLoader.java:288)
	at de.uka.ilkd.key.proof.io.AbstractProblemLoader.load(AbstractProblemLoader.java:252)
	at de.uka.ilkd.key.control.AbstractUserInterfaceControl.load(AbstractUserInterfaceControl.java:209)
	... 7 more
Caused by: java.lang.RuntimeException: Could not find rule file rules/intRulesCheckedSemantics.key
	at de.uka.ilkd.key.proof.io.RuleSourceFactory.fromBuiltInRule(RuleSourceFactory.java:32)
	at de.uka.ilkd.key.proof.io.RuleSourceFactory.fromDefaultLocation(RuleSourceFactory.java:21)
	at de.uka.ilkd.key.nparser.builder.IncludeFinder.addInclude(IncludeFinder.java:63)
	at de.uka.ilkd.key.nparser.builder.IncludeFinder.visitOne_include(IncludeFinder.java:43)
	at de.uka.ilkd.key.nparser.builder.IncludeFinder.visitOne_include(IncludeFinder.java:20)
	at de.uka.ilkd.key.nparser.KeYParser$One_includeContext.accept(KeYParser.java:878)
	at de.uka.ilkd.key.nparser.builder.AbstractBuilder.lambda$mapOf$0(AbstractBuilder.java:112)
	at java.base/java.util.stream.ReferencePipeline$3$1.accept(ReferencePipeline.java:195)
	at java.base/java.util.ArrayList$ArrayListSpliterator.forEachRemaining(ArrayList.java:1655)
	at java.base/java.util.stream.AbstractPipeline.copyInto(AbstractPipeline.java:484)
	at java.base/java.util.stream.AbstractPipeline.wrapAndCopyInto(AbstractPipeline.java:474)
	at java.base/java.util.stream.ReduceOps$ReduceOp.evaluateSequential(ReduceOps.java:913)
	at java.base/java.util.stream.AbstractPipeline.evaluate(AbstractPipeline.java:234)
	at java.base/java.util.stream.ReferencePipeline.collect(ReferencePipeline.java:578)
	at de.uka.ilkd.key.nparser.builder.AbstractBuilder.mapOf(AbstractBuilder.java:112)
	at de.uka.ilkd.key.nparser.builder.IncludeFinder.visitOne_include_statement(IncludeFinder.java:35)
	at de.uka.ilkd.key.nparser.builder.IncludeFinder.visitOne_include_statement(IncludeFinder.java:20)
	at de.uka.ilkd.key.nparser.KeYParser$One_include_statementContext.accept(KeYParser.java:802)
	at org.antlr.v4.runtime.tree.AbstractParseTreeVisitor.visitChildren(AbstractParseTreeVisitor.java:46)
	at de.uka.ilkd.key.nparser.KeYParserBaseVisitor.visitDecls(KeYParserBaseVisitor.java:30)
	at de.uka.ilkd.key.nparser.KeYParser$DeclsContext.accept(KeYParser.java:500)
	at org.antlr.v4.runtime.tree.AbstractParseTreeVisitor.visitChildren(AbstractParseTreeVisitor.java:46)
	at de.uka.ilkd.key.nparser.KeYParserBaseVisitor.visitFile(KeYParserBaseVisitor.java:23)
	at de.uka.ilkd.key.nparser.KeYParser$FileContext.accept(KeYParser.java:306)
	at de.uka.ilkd.key.nparser.KeyAst.accept(KeyAst.java:41)
	at de.uka.ilkd.key.nparser.KeyAst$File.getIncludes(KeyAst.java:76)
	at de.uka.ilkd.key.proof.io.KeYFile.readIncludes(KeYFile.java:208)
	... 14 more
Could not find rule file rules/intRulesCheckedSemantics.key (file: /home/runner/work/key/key/key.core/../key.ui/examples/index/../InformationFlow/LoopInvariants/loop.IFLoopExamples(loop.IFLoopExamples__notSecure_while_wrongInv(int)).JML operation contract.0.key; caused by: de.uka.ilkd.key.proof.init.ProofInputException: Could not find rule file rules/intRulesCheckedSemantics.key)
	at de.uka.ilkd.key.control.AbstractUserInterfaceControl.load(AbstractUserInterfaceControl.java:221)
	at de.uka.ilkd.key.control.KeYEnvironment.load(KeYEnvironment.java:251)
	at de.uka.ilkd.key.control.KeYEnvironment.load(KeYEnvironment.java:224)
	at de.uka.ilkd.key.control.KeYEnvironment.load(KeYEnvironment.java:184)
	at de.uka.ilkd.key.control.KeYEnvironment.load(KeYEnvironment.java:261)
	at de.uka.ilkd.key.proof.runallproofs.proofcollection.TestFile.load(TestFile.java:270)
	at de.uka.ilkd.key.proof.runallproofs.proofcollection.TestFile.runKey(TestFile.java:160)
	at de.uka.ilkd.key.proof.runallproofs.proofcollection.ForkedTestFileRunner.main(ForkedTestFileRunner.java:171)
Caused by: de.uka.ilkd.key.proof.init.ProofInputException: Could not find rule file rules/intRulesCheckedSemantics.key
	at de.uka.ilkd.key.proof.io.KeYFile.readIncludes(KeYFile.java:210)
	at de.uka.ilkd.key.proof.init.ProblemInitializer.readIncludes(ProblemInitializer.java:177)
	at de.uka.ilkd.key.proof.init.ProblemInitializer.readEnvInput(ProblemInitializer.java:325)
	at de.uka.ilkd.key.proof.init.ProblemInitializer.prepare(ProblemInitializer.java:449)
	at de.uka.ilkd.key.proof.io.AbstractProblemLoader.createInitConfig(AbstractProblemLoader.java:518)
	at de.uka.ilkd.key.proof.io.AbstractProblemLoader.loadEnvironment(AbstractProblemLoader.java:288)
	at de.uka.ilkd.key.proof.io.AbstractProblemLoader.load(AbstractProblemLoader.java:252)
	at de.uka.ilkd.key.control.AbstractUserInterfaceControl.load(AbstractUserInterfaceControl.java:209)
	... 7 more
Caused by: java.lang.RuntimeException: Could not find rule file rules/intRulesCheckedSemantics.key
	at de.uka.ilkd.key.proof.io.RuleSourceFactory.fromBuiltInRule(RuleSourceFactory.java:32)
	at de.uka.ilkd.key.proof.io.RuleSourceFactory.fromDefaultLocation(RuleSourceFactory.java:21)
	at de.uka.ilkd.key.nparser.builder.IncludeFinder.addInclude(IncludeFinder.java:63)
	at de.uka.ilkd.key.nparser.builder.IncludeFinder.visitOne_include(IncludeFinder.java:43)
	at de.uka.ilkd.key.nparser.builder.IncludeFinder.visitOne_include(IncludeFinder.java:20)
	at de.uka.ilkd.key.nparser.KeYParser$One_includeContext.accept(KeYParser.java:878)
	at de.uka.ilkd.key.nparser.builder.AbstractBuilder.lambda$mapOf$0(AbstractBuilder.java:112)
	at java.base/java.util.stream.ReferencePipeline$3$1.accept(ReferencePipeline.java:195)
	at java.base/java.util.ArrayList$ArrayListSpliterator.forEachRemaining(ArrayList.java:1655)
	at java.base/java.util.stream.AbstractPipeline.copyInto(AbstractPipeline.java:484)
	at java.base/java.util.stream.AbstractPipeline.wrapAndCopyInto(AbstractPipeline.java:474)
	at java.base/java.util.stream.ReduceOps$ReduceOp.evaluateSequential(ReduceOps.java:913)
	at java.base/java.util.stream.AbstractPipeline.evaluate(AbstractPipeline.java:234)
	at java.base/java.util.stream.ReferencePipeline.collect(ReferencePipeline.java:578)
	at de.uka.ilkd.key.nparser.builder.AbstractBuilder.mapOf(AbstractBuilder.java:112)
	at de.uka.ilkd.key.nparser.builder.IncludeFinder.visitOne_include_statement(IncludeFinder.java:35)
	at de.uka.ilkd.key.nparser.builder.IncludeFinder.visitOne_include_statement(IncludeFinder.java:20)
	at de.uka.ilkd.key.nparser.KeYParser$One_include_statementContext.accept(KeYParser.java:802)
	at org.antlr.v4.runtime.tree.AbstractParseTreeVisitor.visitChildren(AbstractParseTreeVisitor.java:46)
	at de.uka.ilkd.key.nparser.KeYParserBaseVisitor.visitDecls(KeYParserBaseVisitor.java:30)
	at de.uka.ilkd.key.nparser.KeYParser$DeclsContext.accept(KeYParser.java:500)
	at org.antlr.v4.runtime.tree.AbstractParseTreeVisitor.visitChildren(AbstractParseTreeVisitor.java:46)
	at de.uka.ilkd.key.nparser.KeYParserBaseVisitor.visitFile(KeYParserBaseVisitor.java:23)
	at de.uka.ilkd.key.nparser.KeYParser$FileContext.accept(KeYParser.java:306)
	at de.uka.ilkd.key.nparser.KeyAst.accept(KeyAst.java:41)
	at de.uka.ilkd.key.nparser.KeyAst$File.getIncludes(KeyAst.java:76)
	at de.uka.ilkd.key.proof.io.KeYFile.readIncludes(KeYFile.java:208)
	... 14 more
Could not find rule file rules/intRulesCheckedSemantics.key (file: /home/runner/work/key/key/key.core/../key.ui/examples/index/../InformationFlow/LoopInvariants/loop.IFLoopExamples(loop.IFLoopExamples__insecure_twoWhile(int)).JML operation contract.0.key; caused by: de.uka.ilkd.key.proof.init.ProofInputException: Could not find rule file rules/intRulesCheckedSemantics.key)
	at de.uka.ilkd.key.control.AbstractUserInterfaceControl.load(AbstractUserInterfaceControl.java:221)
	at de.uka.ilkd.key.control.KeYEnvironment.load(KeYEnvironment.java:251)
	at de.uka.ilkd.key.control.KeYEnvironment.load(KeYEnvironment.java:224)
	at de.uka.ilkd.key.control.KeYEnvironment.load(KeYEnvironment.java:184)
	at de.uka.ilkd.key.control.KeYEnvironment.load(KeYEnvironment.java:261)
	at de.uka.ilkd.key.proof.runallproofs.proofcollection.TestFile.load(TestFile.java:270)
	at de.uka.ilkd.key.proof.runallproofs.proofcollection.TestFile.runKey(TestFile.java:160)
	at de.uka.ilkd.key.proof.runallproofs.proofcollection.ForkedTestFileRunner.main(ForkedTestFileRunner.java:171)
Caused by: de.uka.ilkd.key.proof.init.ProofInputException: Could not find rule file rules/intRulesCheckedSemantics.key
	at de.uka.ilkd.key.proof.io.KeYFile.readIncludes(KeYFile.java:210)
	at de.uka.ilkd.key.proof.init.ProblemInitializer.readIncludes(ProblemInitializer.java:177)
	at de.uka.ilkd.key.proof.init.ProblemInitializer.readEnvInput(ProblemInitializer.java:325)
	at de.uka.ilkd.key.proof.init.ProblemInitializer.prepare(ProblemInitializer.java:449)
	at de.uka.ilkd.key.proof.io.AbstractProblemLoader.createInitConfig(AbstractProblemLoader.java:518)
	at de.uka.ilkd.key.proof.io.AbstractProblemLoader.loadEnvironment(AbstractProblemLoader.java:288)
	at de.uka.ilkd.key.proof.io.AbstractProblemLoader.load(AbstractProblemLoader.java:252)
	at de.uka.ilkd.key.control.AbstractUserInterfaceControl.load(AbstractUserInterfaceControl.java:209)
	... 7 more
Caused by: java.lang.RuntimeException: Could not find rule file rules/intRulesCheckedSemantics.key
	at de.uka.ilkd.key.proof.io.RuleSourceFactory.fromBuiltInRule(RuleSourceFactory.java:32)
	at de.uka.ilkd.key.proof.io.RuleSourceFactory.fromDefaultLocation(RuleSourceFactory.java:21)
	at de.uka.ilkd.key.nparser.builder.IncludeFinder.addInclude(IncludeFinder.java:63)
	at de.uka.ilkd.key.nparser.builder.IncludeFinder.visitOne_include(IncludeFinder.java:43)
	at de.uka.ilkd.key.nparser.builder.IncludeFinder.visitOne_include(IncludeFinder.java:20)
	at de.uka.ilkd.key.nparser.KeYParser$One_includeContext.accept(KeYParser.java:878)
	at de.uka.ilkd.key.nparser.builder.AbstractBuilder.lambda$mapOf$0(AbstractBuilder.java:112)
	at java.base/java.util.stream.ReferencePipeline$3$1.accept(ReferencePipeline.java:195)
	at java.base/java.util.ArrayList$ArrayListSpliterator.forEachRemaining(ArrayList.java:1655)
	at java.base/java.util.stream.AbstractPipeline.copyInto(AbstractPipeline.java:484)
	at java.base/java.util.stream.AbstractPipeline.wrapAndCopyInto(AbstractPipeline.java:474)
	at java.base/java.util.stream.ReduceOps$ReduceOp.evaluateSequential(ReduceOps.java:913)
	at java.base/java.util.stream.AbstractPipeline.evaluate(AbstractPipeline.java:234)
	at java.base/java.util.stream.ReferencePipeline.collect(ReferencePipeline.java:578)
	at de.uka.ilkd.key.nparser.builder.AbstractBuilder.mapOf(AbstractBuilder.java:112)
	at de.uka.ilkd.key.nparser.builder.IncludeFinder.visitOne_include_statement(IncludeFinder.java:35)
	at de.uka.ilkd.key.nparser.builder.IncludeFinder.visitOne_include_statement(IncludeFinder.java:20)
	at de.uka.ilkd.key.nparser.KeYParser$One_include_statementContext.accept(KeYParser.java:802)
	at org.antlr.v4.runtime.tree.AbstractParseTreeVisitor.visitChildren(AbstractParseTreeVisitor.java:46)
	at de.uka.ilkd.key.nparser.KeYParserBaseVisitor.visitDecls(KeYParserBaseVisitor.java:30)
	at de.uka.ilkd.key.nparser.KeYParser$DeclsContext.accept(KeYParser.java:500)
	at org.antlr.v4.runtime.tree.AbstractParseTreeVisitor.visitChildren(AbstractParseTreeVisitor.java:46)
	at de.uka.ilkd.key.nparser.KeYParserBaseVisitor.visitFile(KeYParserBaseVisitor.java:23)
	at de.uka.ilkd.key.nparser.KeYParser$FileContext.accept(KeYParser.java:306)
	at de.uka.ilkd.key.nparser.KeyAst.accept(KeyAst.java:41)
	at de.uka.ilkd.key.nparser.KeyAst$File.getIncludes(KeyAst.java:76)
	at de.uka.ilkd.key.proof.io.KeYFile.readIncludes(KeYFile.java:208)
	... 14 more
Could not find rule file rules/intRulesCheckedSemantics.key (file: /home/runner/work/key/key/key.core/../key.ui/examples/index/../InformationFlow/LoopInvariants/loop.IFLoopExamples(loop.IFLoopExamples__insecure_twoWhile_2(int)).JML operation contract.0.key; caused by: de.uka.ilkd.key.proof.init.ProofInputException: Could not find rule file rules/intRulesCheckedSemantics.key)
	at de.uka.ilkd.key.control.AbstractUserInterfaceControl.load(AbstractUserInterfaceControl.java:221)
	at de.uka.ilkd.key.control.KeYEnvironment.load(KeYEnvironment.java:251)
	at de.uka.ilkd.key.control.KeYEnvironment.load(KeYEnvironment.java:224)
	at de.uka.ilkd.key.control.KeYEnvironment.load(KeYEnvironment.java:184)
	at de.uka.ilkd.key.control.KeYEnvironment.load(KeYEnvironment.java:261)
	at de.uka.ilkd.key.proof.runallproofs.proofcollection.TestFile.load(TestFile.java:270)
	at de.uka.ilkd.key.proof.runallproofs.proofcollection.TestFile.runKey(TestFile.java:160)
	at de.uka.ilkd.key.proof.runallproofs.proofcollection.ForkedTestFileRunner.main(ForkedTestFileRunner.java:171)
Caused by: de.uka.ilkd.key.proof.init.ProofInputException: Could not find rule file rules/intRulesCheckedSemantics.key
	at de.uka.ilkd.key.proof.io.KeYFile.readIncludes(KeYFile.java:210)
	at de.uka.ilkd.key.proof.init.ProblemInitializer.readIncludes(ProblemInitializer.java:177)
	at de.uka.ilkd.key.proof.init.ProblemInitializer.readEnvInput(ProblemInitializer.java:325)
	at de.uka.ilkd.key.proof.init.ProblemInitializer.prepare(ProblemInitializer.java:449)
	at de.uka.ilkd.key.proof.io.AbstractProblemLoader.createInitConfig(AbstractProblemLoader.java:518)
	at de.uka.ilkd.key.proof.io.AbstractProblemLoader.loadEnvironment(AbstractProblemLoader.java:288)
	at de.uka.ilkd.key.proof.io.AbstractProblemLoader.load(AbstractProblemLoader.java:252)
	at de.uka.ilkd.key.control.AbstractUserInterfaceControl.load(AbstractUserInterfaceControl.java:209)
	... 7 more
Caused by: java.lang.RuntimeException: Could not find rule file rules/intRulesCheckedSemantics.key
	at de.uka.ilkd.key.proof.io.RuleSourceFactory.fromBuiltInRule(RuleSourceFactory.java:32)
	at de.uka.ilkd.key.proof.io.RuleSourceFactory.fromDefaultLocation(RuleSourceFactory.java:21)
	at de.uka.ilkd.key.nparser.builder.IncludeFinder.addInclude(IncludeFinder.java:63)
	at de.uka.ilkd.key.nparser.builder.IncludeFinder.visitOne_include(IncludeFinder.java:43)
	at de.uka.ilkd.key.nparser.builder.IncludeFinder.visitOne_include(IncludeFinder.java:20)
	at de.uka.ilkd.key.nparser.KeYParser$One_includeContext.accept(KeYParser.java:878)
	at de.uka.ilkd.key.nparser.builder.AbstractBuilder.lambda$mapOf$0(AbstractBuilder.java:112)
	at java.base/java.util.stream.ReferencePipeline$3$1.accept(ReferencePipeline.java:195)
	at java.base/java.util.ArrayList$ArrayListSpliterator.forEachRemaining(ArrayList.java:1655)
	at java.base/java.util.stream.AbstractPipeline.copyInto(AbstractPipeline.java:484)
	at java.base/java.util.stream.AbstractPipeline.wrapAndCopyInto(AbstractPipeline.java:474)
	at java.base/java.util.stream.ReduceOps$ReduceOp.evaluateSequential(ReduceOps.java:913)
	at java.base/java.util.stream.AbstractPipeline.evaluate(AbstractPipeline.java:234)
	at java.base/java.util.stream.ReferencePipeline.collect(ReferencePipeline.java:578)
	at de.uka.ilkd.key.nparser.builder.AbstractBuilder.mapOf(AbstractBuilder.java:112)
	at de.uka.ilkd.key.nparser.builder.IncludeFinder.visitOne_include_statement(IncludeFinder.java:35)
	at de.uka.ilkd.key.nparser.builder.IncludeFinder.visitOne_include_statement(IncludeFinder.java:20)
	at de.uka.ilkd.key.nparser.KeYParser$One_include_statementContext.accept(KeYParser.java:802)
	at org.antlr.v4.runtime.tree.AbstractParseTreeVisitor.visitChildren(AbstractParseTreeVisitor.java:46)
	at de.uka.ilkd.key.nparser.KeYParserBaseVisitor.visitDecls(KeYParserBaseVisitor.java:30)
	at de.uka.ilkd.key.nparser.KeYParser$DeclsContext.accept(KeYParser.java:500)
	at org.antlr.v4.runtime.tree.AbstractParseTreeVisitor.visitChildren(AbstractParseTreeVisitor.java:46)
	at de.uka.ilkd.key.nparser.KeYParserBaseVisitor.visitFile(KeYParserBaseVisitor.java:23)
	at de.uka.ilkd.key.nparser.KeYParser$FileContext.accept(KeYParser.java:306)
	at de.uka.ilkd.key.nparser.KeyAst.accept(KeyAst.java:41)
	at de.uka.ilkd.key.nparser.KeyAst$File.getIncludes(KeyAst.java:76)
	at de.uka.ilkd.key.proof.io.KeYFile.readIncludes(KeYFile.java:208)
	... 14 more
Could not find rule file rules/intRulesCheckedSemantics.key (file: /home/runner/work/key/key/key.core/../key.ui/examples/index/../InformationFlow/LoopInvariants/loop.IFLoopExamples(loop.IFLoopExamples__secure_twoWhile(int)).JML operation contract.0.key; caused by: de.uka.ilkd.key.proof.init.ProofInputException: Could not find rule file rules/intRulesCheckedSemantics.key)
	at de.uka.ilkd.key.control.AbstractUserInterfaceControl.load(AbstractUserInterfaceControl.java:221)
	at de.uka.ilkd.key.control.KeYEnvironment.load(KeYEnvironment.java:251)
	at de.uka.ilkd.key.control.KeYEnvironment.load(KeYEnvironment.java:224)
	at de.uka.ilkd.key.control.KeYEnvironment.load(KeYEnvironment.java:184)
	at de.uka.ilkd.key.control.KeYEnvironment.load(KeYEnvironment.java:261)
	at de.uka.ilkd.key.proof.runallproofs.proofcollection.TestFile.load(TestFile.java:270)
	at de.uka.ilkd.key.proof.runallproofs.proofcollection.TestFile.runKey(TestFile.java:160)
	at de.uka.ilkd.key.proof.runallproofs.proofcollection.ForkedTestFileRunner.main(ForkedTestFileRunner.java:171)
Caused by: de.uka.ilkd.key.proof.init.ProofInputException: Could not find rule file rules/intRulesCheckedSemantics.key
	at de.uka.ilkd.key.proof.io.KeYFile.readIncludes(KeYFile.java:210)
	at de.uka.ilkd.key.proof.init.ProblemInitializer.readIncludes(ProblemInitializer.java:177)
	at de.uka.ilkd.key.proof.init.ProblemInitializer.readEnvInput(ProblemInitializer.java:325)
	at de.uka.ilkd.key.proof.init.ProblemInitializer.prepare(ProblemInitializer.java:449)
	at de.uka.ilkd.key.proof.io.AbstractProblemLoader.createInitConfig(AbstractProblemLoader.java:518)
	at de.uka.ilkd.key.proof.io.AbstractProblemLoader.loadEnvironment(AbstractProblemLoader.java:288)
	at de.uka.ilkd.key.proof.io.AbstractProblemLoader.load(AbstractProblemLoader.java:252)
	at de.uka.ilkd.key.control.AbstractUserInterfaceControl.load(AbstractUserInterfaceControl.java:209)
	... 7 more
Caused by: java.lang.RuntimeException: Could not find rule file rules/intRulesCheckedSemantics.key
	at de.uka.ilkd.key.proof.io.RuleSourceFactory.fromBuiltInRule(RuleSourceFactory.java:32)
	at de.uka.ilkd.key.proof.io.RuleSourceFactory.fromDefaultLocation(RuleSourceFactory.java:21)
	at de.uka.ilkd.key.nparser.builder.IncludeFinder.addInclude(IncludeFinder.java:63)
	at de.uka.ilkd.key.nparser.builder.IncludeFinder.visitOne_include(IncludeFinder.java:43)
	at de.uka.ilkd.key.nparser.builder.IncludeFinder.visitOne_include(IncludeFinder.java:20)
	at de.uka.ilkd.key.nparser.KeYParser$One_includeContext.accept(KeYParser.java:878)
	at de.uka.ilkd.key.nparser.builder.AbstractBuilder.lambda$mapOf$0(AbstractBuilder.java:112)
	at java.base/java.util.stream.ReferencePipeline$3$1.accept(ReferencePipeline.java:195)
	at java.base/java.util.ArrayList$ArrayListSpliterator.forEachRemaining(ArrayList.java:1655)
	at java.base/java.util.stream.AbstractPipeline.copyInto(AbstractPipeline.java:484)
	at java.base/java.util.stream.AbstractPipeline.wrapAndCopyInto(AbstractPipeline.java:474)
	at java.base/java.util.stream.ReduceOps$ReduceOp.evaluateSequential(ReduceOps.java:913)
	at java.base/java.util.stream.AbstractPipeline.evaluate(AbstractPipeline.java:234)
	at java.base/java.util.stream.ReferencePipeline.collect(ReferencePipeline.java:578)
	at de.uka.ilkd.key.nparser.builder.AbstractBuilder.mapOf(AbstractBuilder.java:112)
	at de.uka.ilkd.key.nparser.builder.IncludeFinder.visitOne_include_statement(IncludeFinder.java:35)
	at de.uka.ilkd.key.nparser.builder.IncludeFinder.visitOne_include_statement(IncludeFinder.java:20)
	at de.uka.ilkd.key.nparser.KeYParser$One_include_statementContext.accept(KeYParser.java:802)
	at org.antlr.v4.runtime.tree.AbstractParseTreeVisitor.visitChildren(AbstractParseTreeVisitor.java:46)
	at de.uka.ilkd.key.nparser.KeYParserBaseVisitor.visitDecls(KeYParserBaseVisitor.java:30)
	at de.uka.ilkd.key.nparser.KeYParser$DeclsContext.accept(KeYParser.java:500)
	at org.antlr.v4.runtime.tree.AbstractParseTreeVisitor.visitChildren(AbstractParseTreeVisitor.java:46)
	at de.uka.ilkd.key.nparser.KeYParserBaseVisitor.visitFile(KeYParserBaseVisitor.java:23)
	at de.uka.ilkd.key.nparser.KeYParser$FileContext.accept(KeYParser.java:306)
	at de.uka.ilkd.key.nparser.KeyAst.accept(KeyAst.java:41)
	at de.uka.ilkd.key.nparser.KeyAst$File.getIncludes(KeyAst.java:76)
	at de.uka.ilkd.key.proof.io.KeYFile.readIncludes(KeYFile.java:208)
	... 14 more
Could not find rule file rules/intRulesCheckedSemantics.key (file: /home/runner/work/key/key/key.core/../key.ui/examples/index/../InformationFlow/LoopInvariants/loop.IFLoopExamples(loop.IFLoopExamples__loc_secure_while(int)).JML operation contract.0.key; caused by: de.uka.ilkd.key.proof.init.ProofInputException: Could not find rule file rules/intRulesCheckedSemantics.key)
	at de.uka.ilkd.key.control.AbstractUserInterfaceControl.load(AbstractUserInterfaceControl.java:221)
	at de.uka.ilkd.key.control.KeYEnvironment.load(KeYEnvironment.java:251)
	at de.uka.ilkd.key.control.KeYEnvironment.load(KeYEnvironment.java:224)
	at de.uka.ilkd.key.control.KeYEnvironment.load(KeYEnvironment.java:184)
	at de.uka.ilkd.key.control.KeYEnvironment.load(KeYEnvironment.java:261)
	at de.uka.ilkd.key.proof.runallproofs.proofcollection.TestFile.load(TestFile.java:270)
	at de.uka.ilkd.key.proof.runallproofs.proofcollection.TestFile.runKey(TestFile.java:160)
	at de.uka.ilkd.key.proof.runallproofs.proofcollection.ForkedTestFileRunner.main(ForkedTestFileRunner.java:171)
Caused by: de.uka.ilkd.key.proof.init.ProofInputException: Could not find rule file rules/intRulesCheckedSemantics.key
	at de.uka.ilkd.key.proof.io.KeYFile.readIncludes(KeYFile.java:210)
	at de.uka.ilkd.key.proof.init.ProblemInitializer.readIncludes(ProblemInitializer.java:177)
	at de.uka.ilkd.key.proof.init.ProblemInitializer.readEnvInput(ProblemInitializer.java:325)
	at de.uka.ilkd.key.proof.init.ProblemInitializer.prepare(ProblemInitializer.java:449)
	at de.uka.ilkd.key.proof.io.AbstractProblemLoader.createInitConfig(AbstractProblemLoader.java:518)
	at de.uka.ilkd.key.proof.io.AbstractProblemLoader.loadEnvironment(AbstractProblemLoader.java:288)
	at de.uka.ilkd.key.proof.io.AbstractProblemLoader.load(AbstractProblemLoader.java:252)
	at de.uka.ilkd.key.control.AbstractUserInterfaceControl.load(AbstractUserInterfaceControl.java:209)
	... 7 more
Caused by: java.lang.RuntimeException: Could not find rule file rules/intRulesCheckedSemantics.key
	at de.uka.ilkd.key.proof.io.RuleSourceFactory.fromBuiltInRule(RuleSourceFactory.java:32)
	at de.uka.ilkd.key.proof.io.RuleSourceFactory.fromDefaultLocation(RuleSourceFactory.java:21)
	at de.uka.ilkd.key.nparser.builder.IncludeFinder.addInclude(IncludeFinder.java:63)
	at de.uka.ilkd.key.nparser.builder.IncludeFinder.visitOne_include(IncludeFinder.java:43)
	at de.uka.ilkd.key.nparser.builder.IncludeFinder.visitOne_include(IncludeFinder.java:20)
	at de.uka.ilkd.key.nparser.KeYParser$One_includeContext.accept(KeYParser.java:878)
	at de.uka.ilkd.key.nparser.builder.AbstractBuilder.lambda$mapOf$0(AbstractBuilder.java:112)
	at java.base/java.util.stream.ReferencePipeline$3$1.accept(ReferencePipeline.java:195)
	at java.base/java.util.ArrayList$ArrayListSpliterator.forEachRemaining(ArrayList.java:1655)
	at java.base/java.util.stream.AbstractPipeline.copyInto(AbstractPipeline.java:484)
	at java.base/java.util.stream.AbstractPipeline.wrapAndCopyInto(AbstractPipeline.java:474)
	at java.base/java.util.stream.ReduceOps$ReduceOp.evaluateSequential(ReduceOps.java:913)
	at java.base/java.util.stream.AbstractPipeline.evaluate(AbstractPipeline.java:234)
	at java.base/java.util.stream.ReferencePipeline.collect(ReferencePipeline.java:578)
	at de.uka.ilkd.key.nparser.builder.AbstractBuilder.mapOf(AbstractBuilder.java:112)
	at de.uka.ilkd.key.nparser.builder.IncludeFinder.visitOne_include_statement(IncludeFinder.java:35)
	at de.uka.ilkd.key.nparser.builder.IncludeFinder.visitOne_include_statement(IncludeFinder.java:20)
	at de.uka.ilkd.key.nparser.KeYParser$One_include_statementContext.accept(KeYParser.java:802)
	at org.antlr.v4.runtime.tree.AbstractParseTreeVisitor.visitChildren(AbstractParseTreeVisitor.java:46)
	at de.uka.ilkd.key.nparser.KeYParserBaseVisitor.visitDecls(KeYParserBaseVisitor.java:30)
	at de.uka.ilkd.key.nparser.KeYParser$DeclsContext.accept(KeYParser.java:500)
	at org.antlr.v4.runtime.tree.AbstractParseTreeVisitor.visitChildren(AbstractParseTreeVisitor.java:46)
	at de.uka.ilkd.key.nparser.KeYParserBaseVisitor.visitFile(KeYParserBaseVisitor.java:23)
	at de.uka.ilkd.key.nparser.KeYParser$FileContext.accept(KeYParser.java:306)
	at de.uka.ilkd.key.nparser.KeyAst.accept(KeyAst.java:41)
	at de.uka.ilkd.key.nparser.KeyAst$File.getIncludes(KeyAst.java:76)
	at de.uka.ilkd.key.proof.io.KeYFile.readIncludes(KeYFile.java:208)
	... 14 more
Could not find rule file rules/intRulesCheckedSemantics.key (file: /home/runner/work/key/key/key.core/../key.ui/examples/index/../InformationFlow/LoopInvariants/loop.IFLoopExamples(loop.IFLoopExamples__secure_while(int)).JML operation contract.0.key; caused by: de.uka.ilkd.key.proof.init.ProofInputException: Could not find rule file rules/intRulesCheckedSemantics.key)
	at de.uka.ilkd.key.control.AbstractUserInterfaceControl.load(AbstractUserInterfaceControl.java:221)
	at de.uka.ilkd.key.control.KeYEnvironment.load(KeYEnvironment.java:251)
	at de.uka.ilkd.key.control.KeYEnvironment.load(KeYEnvironment.java:224)
	at de.uka.ilkd.key.control.KeYEnvironment.load(KeYEnvironment.java:184)
	at de.uka.ilkd.key.control.KeYEnvironment.load(KeYEnvironment.java:261)
	at de.uka.ilkd.key.proof.runallproofs.proofcollection.TestFile.load(TestFile.java:270)
	at de.uka.ilkd.key.proof.runallproofs.proofcollection.TestFile.runKey(TestFile.java:160)
	at de.uka.ilkd.key.proof.runallproofs.proofcollection.ForkedTestFileRunner.main(ForkedTestFileRunner.java:171)
Caused by: de.uka.ilkd.key.proof.init.ProofInputException: Could not find rule file rules/intRulesCheckedSemantics.key
	at de.uka.ilkd.key.proof.io.KeYFile.readIncludes(KeYFile.java:210)
	at de.uka.ilkd.key.proof.init.ProblemInitializer.readIncludes(ProblemInitializer.java:177)
	at de.uka.ilkd.key.proof.init.ProblemInitializer.readEnvInput(ProblemInitializer.java:325)
	at de.uka.ilkd.key.proof.init.ProblemInitializer.prepare(ProblemInitializer.java:449)
	at de.uka.ilkd.key.proof.io.AbstractProblemLoader.createInitConfig(AbstractProblemLoader.java:518)
	at de.uka.ilkd.key.proof.io.AbstractProblemLoader.loadEnvironment(AbstractProblemLoader.java:288)
	at de.uka.ilkd.key.proof.io.AbstractProblemLoader.load(AbstractProblemLoader.java:252)
	at de.uka.ilkd.key.control.AbstractUserInterfaceControl.load(AbstractUserInterfaceControl.java:209)
	... 7 more
Caused by: java.lang.RuntimeException: Could not find rule file rules/intRulesCheckedSemantics.key
	at de.uka.ilkd.key.proof.io.RuleSourceFactory.fromBuiltInRule(RuleSourceFactory.java:32)
	at de.uka.ilkd.key.proof.io.RuleSourceFactory.fromDefaultLocation(RuleSourceFactory.java:21)
	at de.uka.ilkd.key.nparser.builder.IncludeFinder.addInclude(IncludeFinder.java:63)
	at de.uka.ilkd.key.nparser.builder.IncludeFinder.visitOne_include(IncludeFinder.java:43)
	at de.uka.ilkd.key.nparser.builder.IncludeFinder.visitOne_include(IncludeFinder.java:20)
	at de.uka.ilkd.key.nparser.KeYParser$One_includeContext.accept(KeYParser.java:878)
	at de.uka.ilkd.key.nparser.builder.AbstractBuilder.lambda$mapOf$0(AbstractBuilder.java:112)
	at java.base/java.util.stream.ReferencePipeline$3$1.accept(ReferencePipeline.java:195)
	at java.base/java.util.ArrayList$ArrayListSpliterator.forEachRemaining(ArrayList.java:1655)
	at java.base/java.util.stream.AbstractPipeline.copyInto(AbstractPipeline.java:484)
	at java.base/java.util.stream.AbstractPipeline.wrapAndCopyInto(AbstractPipeline.java:474)
	at java.base/java.util.stream.ReduceOps$ReduceOp.evaluateSequential(ReduceOps.java:913)
	at java.base/java.util.stream.AbstractPipeline.evaluate(AbstractPipeline.java:234)
	at java.base/java.util.stream.ReferencePipeline.collect(ReferencePipeline.java:578)
	at de.uka.ilkd.key.nparser.builder.AbstractBuilder.mapOf(AbstractBuilder.java:112)
	at de.uka.ilkd.key.nparser.builder.IncludeFinder.visitOne_include_statement(IncludeFinder.java:35)
	at de.uka.ilkd.key.nparser.builder.IncludeFinder.visitOne_include_statement(IncludeFinder.java:20)
	at de.uka.ilkd.key.nparser.KeYParser$One_include_statementContext.accept(KeYParser.java:802)
	at org.antlr.v4.runtime.tree.AbstractParseTreeVisitor.visitChildren(AbstractParseTreeVisitor.java:46)
	at de.uka.ilkd.key.nparser.KeYParserBaseVisitor.visitDecls(KeYParserBaseVisitor.java:30)
	at de.uka.ilkd.key.nparser.KeYParser$DeclsContext.accept(KeYParser.java:500)
	at org.antlr.v4.runtime.tree.AbstractParseTreeVisitor.visitChildren(AbstractParseTreeVisitor.java:46)
	at de.uka.ilkd.key.nparser.KeYParserBaseVisitor.visitFile(KeYParserBaseVisitor.java:23)
	at de.uka.ilkd.key.nparser.KeYParser$FileContext.accept(KeYParser.java:306)
	at de.uka.ilkd.key.nparser.KeyAst.accept(KeyAst.java:41)
	at de.uka.ilkd.key.nparser.KeyAst$File.getIncludes(KeyAst.java:76)
	at de.uka.ilkd.key.proof.io.KeYFile.readIncludes(KeYFile.java:208)
	... 14 more
Could not find rule file rules/intRulesCheckedSemantics.key (file: /home/runner/work/key/key/key.core/../key.ui/examples/index/../InformationFlow/LoopInvariants/loop.IFLoopExamples(loop.IFLoopExamples__print(int)).JML normal_behavior operation contract.0.key; caused by: de.uka.ilkd.key.proof.init.ProofInputException: Could not find rule file rules/intRulesCheckedSemantics.key)
	at de.uka.ilkd.key.control.AbstractUserInterfaceControl.load(AbstractUserInterfaceControl.java:221)
	at de.uka.ilkd.key.control.KeYEnvironment.load(KeYEnvironment.java:251)
	at de.uka.ilkd.key.control.KeYEnvironment.load(KeYEnvironment.java:224)
	at de.uka.ilkd.key.control.KeYEnvironment.load(KeYEnvironment.java:184)
	at de.uka.ilkd.key.control.KeYEnvironment.load(KeYEnvironment.java:261)
	at de.uka.ilkd.key.proof.runallproofs.proofcollection.TestFile.load(TestFile.java:270)
	at de.uka.ilkd.key.proof.runallproofs.proofcollection.TestFile.runKey(TestFile.java:160)
	at de.uka.ilkd.key.proof.runallproofs.proofcollection.ForkedTestFileRunner.main(ForkedTestFileRunner.java:171)
Caused by: de.uka.ilkd.key.proof.init.ProofInputException: Could not find rule file rules/intRulesCheckedSemantics.key
	at de.uka.ilkd.key.proof.io.KeYFile.readIncludes(KeYFile.java:210)
	at de.uka.ilkd.key.proof.init.ProblemInitializer.readIncludes(ProblemInitializer.java:177)
	at de.uka.ilkd.key.proof.init.ProblemInitializer.readEnvInput(ProblemInitializer.java:325)
	at de.uka.ilkd.key.proof.init.ProblemInitializer.prepare(ProblemInitializer.java:449)
	at de.uka.ilkd.key.proof.io.AbstractProblemLoader.createInitConfig(AbstractProblemLoader.java:518)
	at de.uka.ilkd.key.proof.io.AbstractProblemLoader.loadEnvironment(AbstractProblemLoader.java:288)
	at de.uka.ilkd.key.proof.io.AbstractProblemLoader.load(AbstractProblemLoader.java:252)
	at de.uka.ilkd.key.control.AbstractUserInterfaceControl.load(AbstractUserInterfaceControl.java:209)
	... 7 more
Caused by: java.lang.RuntimeException: Could not find rule file rules/intRulesCheckedSemantics.key
	at de.uka.ilkd.key.proof.io.RuleSourceFactory.fromBuiltInRule(RuleSourceFactory.java:32)
	at de.uka.ilkd.key.proof.io.RuleSourceFactory.fromDefaultLocation(RuleSourceFactory.java:21)
	at de.uka.ilkd.key.nparser.builder.IncludeFinder.addInclude(IncludeFinder.java:63)
	at de.uka.ilkd.key.nparser.builder.IncludeFinder.visitOne_include(IncludeFinder.java:43)
	at de.uka.ilkd.key.nparser.builder.IncludeFinder.visitOne_include(IncludeFinder.java:20)
	at de.uka.ilkd.key.nparser.KeYParser$One_includeContext.accept(KeYParser.java:878)
	at de.uka.ilkd.key.nparser.builder.AbstractBuilder.lambda$mapOf$0(AbstractBuilder.java:112)
	at java.base/java.util.stream.ReferencePipeline$3$1.accept(ReferencePipeline.java:195)
	at java.base/java.util.ArrayList$ArrayListSpliterator.forEachRemaining(ArrayList.java:1655)
	at java.base/java.util.stream.AbstractPipeline.copyInto(AbstractPipeline.java:484)
	at java.base/java.util.stream.AbstractPipeline.wrapAndCopyInto(AbstractPipeline.java:474)
	at java.base/java.util.stream.ReduceOps$ReduceOp.evaluateSequential(ReduceOps.java:913)
	at java.base/java.util.stream.AbstractPipeline.evaluate(AbstractPipeline.java:234)
	at java.base/java.util.stream.ReferencePipeline.collect(ReferencePipeline.java:578)
	at de.uka.ilkd.key.nparser.builder.AbstractBuilder.mapOf(AbstractBuilder.java:112)
	at de.uka.ilkd.key.nparser.builder.IncludeFinder.visitOne_include_statement(IncludeFinder.java:35)
	at de.uka.ilkd.key.nparser.builder.IncludeFinder.visitOne_include_statement(IncludeFinder.java:20)
	at de.uka.ilkd.key.nparser.KeYParser$One_include_statementContext.accept(KeYParser.java:802)
	at org.antlr.v4.runtime.tree.AbstractParseTreeVisitor.visitChildren(AbstractParseTreeVisitor.java:46)
	at de.uka.ilkd.key.nparser.KeYParserBaseVisitor.visitDecls(KeYParserBaseVisitor.java:30)
	at de.uka.ilkd.key.nparser.KeYParser$DeclsContext.accept(KeYParser.java:500)
	at org.antlr.v4.runtime.tree.AbstractParseTreeVisitor.visitChildren(AbstractParseTreeVisitor.java:46)
	at de.uka.ilkd.key.nparser.KeYParserBaseVisitor.visitFile(KeYParserBaseVisitor.java:23)
	at de.uka.ilkd.key.nparser.KeYParser$FileContext.accept(KeYParser.java:306)
	at de.uka.ilkd.key.nparser.KeyAst.accept(KeyAst.java:41)
	at de.uka.ilkd.key.nparser.KeyAst$File.getIncludes(KeyAst.java:76)
	at de.uka.ilkd.key.proof.io.KeYFile.readIncludes(KeYFile.java:208)
	... 14 more
Could not find rule file rules/intRulesCheckedSemantics.key (file: /home/runner/work/key/key/key.core/../key.ui/examples/index/../InformationFlow/LoopInvariants/loop.IFLoopExamples(loop.IFLoopExamples__hammer(int)).JML normal_behavior operation contract.0.key; caused by: de.uka.ilkd.key.proof.init.ProofInputException: Could not find rule file rules/intRulesCheckedSemantics.key)
	at de.uka.ilkd.key.control.AbstractUserInterfaceControl.load(AbstractUserInterfaceControl.java:221)
	at de.uka.ilkd.key.control.KeYEnvironment.load(KeYEnvironment.java:251)
	at de.uka.ilkd.key.control.KeYEnvironment.load(KeYEnvironment.java:224)
	at de.uka.ilkd.key.control.KeYEnvironment.load(KeYEnvironment.java:184)
	at de.uka.ilkd.key.control.KeYEnvironment.load(KeYEnvironment.java:261)
	at de.uka.ilkd.key.proof.runallproofs.proofcollection.TestFile.load(TestFile.java:270)
	at de.uka.ilkd.key.proof.runallproofs.proofcollection.TestFile.runKey(TestFile.java:160)
	at de.uka.ilkd.key.proof.runallproofs.proofcollection.ForkedTestFileRunner.main(ForkedTestFileRunner.java:171)
Caused by: de.uka.ilkd.key.proof.init.ProofInputException: Could not find rule file rules/intRulesCheckedSemantics.key
	at de.uka.ilkd.key.proof.io.KeYFile.readIncludes(KeYFile.java:210)
	at de.uka.ilkd.key.proof.init.ProblemInitializer.readIncludes(ProblemInitializer.java:177)
	at de.uka.ilkd.key.proof.init.ProblemInitializer.readEnvInput(ProblemInitializer.java:325)
	at de.uka.ilkd.key.proof.init.ProblemInitializer.prepare(ProblemInitializer.java:449)
	at de.uka.ilkd.key.proof.io.AbstractProblemLoader.createInitConfig(AbstractProblemLoader.java:518)
	at de.uka.ilkd.key.proof.io.AbstractProblemLoader.loadEnvironment(AbstractProblemLoader.java:288)
	at de.uka.ilkd.key.proof.io.AbstractProblemLoader.load(AbstractProblemLoader.java:252)
	at de.uka.ilkd.key.control.AbstractUserInterfaceControl.load(AbstractUserInterfaceControl.java:209)
	... 7 more
Caused by: java.lang.RuntimeException: Could not find rule file rules/intRulesCheckedSemantics.key
	at de.uka.ilkd.key.proof.io.RuleSourceFactory.fromBuiltInRule(RuleSourceFactory.java:32)
	at de.uka.ilkd.key.proof.io.RuleSourceFactory.fromDefaultLocation(RuleSourceFactory.java:21)
	at de.uka.ilkd.key.nparser.builder.IncludeFinder.addInclude(IncludeFinder.java:63)
	at de.uka.ilkd.key.nparser.builder.IncludeFinder.visitOne_include(IncludeFinder.java:43)
	at de.uka.ilkd.key.nparser.builder.IncludeFinder.visitOne_include(IncludeFinder.java:20)
	at de.uka.ilkd.key.nparser.KeYParser$One_includeContext.accept(KeYParser.java:878)
	at de.uka.ilkd.key.nparser.builder.AbstractBuilder.lambda$mapOf$0(AbstractBuilder.java:112)
	at java.base/java.util.stream.ReferencePipeline$3$1.accept(ReferencePipeline.java:195)
	at java.base/java.util.ArrayList$ArrayListSpliterator.forEachRemaining(ArrayList.java:1655)
	at java.base/java.util.stream.AbstractPipeline.copyInto(AbstractPipeline.java:484)
	at java.base/java.util.stream.AbstractPipeline.wrapAndCopyInto(AbstractPipeline.java:474)
	at java.base/java.util.stream.ReduceOps$ReduceOp.evaluateSequential(ReduceOps.java:913)
	at java.base/java.util.stream.AbstractPipeline.evaluate(AbstractPipeline.java:234)
	at java.base/java.util.stream.ReferencePipeline.collect(ReferencePipeline.java:578)
	at de.uka.ilkd.key.nparser.builder.AbstractBuilder.mapOf(AbstractBuilder.java:112)
	at de.uka.ilkd.key.nparser.builder.IncludeFinder.visitOne_include_statement(IncludeFinder.java:35)
	at de.uka.ilkd.key.nparser.builder.IncludeFinder.visitOne_include_statement(IncludeFinder.java:20)
	at de.uka.ilkd.key.nparser.KeYParser$One_include_statementContext.accept(KeYParser.java:802)
	at org.antlr.v4.runtime.tree.AbstractParseTreeVisitor.visitChildren(AbstractParseTreeVisitor.java:46)
	at de.uka.ilkd.key.nparser.KeYParserBaseVisitor.visitDecls(KeYParserBaseVisitor.java:30)
	at de.uka.ilkd.key.nparser.KeYParser$DeclsContext.accept(KeYParser.java:500)
	at org.antlr.v4.runtime.tree.AbstractParseTreeVisitor.visitChildren(AbstractParseTreeVisitor.java:46)
	at de.uka.ilkd.key.nparser.KeYParserBaseVisitor.visitFile(KeYParserBaseVisitor.java:23)
	at de.uka.ilkd.key.nparser.KeYParser$FileContext.accept(KeYParser.java:306)
	at de.uka.ilkd.key.nparser.KeyAst.accept(KeyAst.java:41)
	at de.uka.ilkd.key.nparser.KeyAst$File.getIncludes(KeyAst.java:76)
	at de.uka.ilkd.key.proof.io.KeYFile.readIncludes(KeYFile.java:208)
	... 14 more
Exception in thread "main" org.opentest4j.AssertionFailedError: Exception during the execution of proofs. See log for more details.
	at org.junit.jupiter.api.AssertionUtils.fail(AssertionUtils.java:39)
	at org.junit.jupiter.api.Assertions.fail(Assertions.java:134)
	at de.uka.ilkd.key.proof.runallproofs.proofcollection.ForkedTestFileRunner.main(ForkedTestFileRunner.java:192)
Timeout watcher launched (1000 secs.)
Could not find rule file rules/intRulesCheckedSemantics.key (file: /home/runner/work/key/key/key.core/../key.ui/examples/index/../InformationFlow/MiniExamples/mini.AliasingExamples(mini.AliasingExamples__insecure_1(mini.AliasingExamples,mini.AliasingExamples,int)).JML operation contract.0.key; caused by: de.uka.ilkd.key.proof.init.ProofInputException: Could not find rule file rules/intRulesCheckedSemantics.key)
	at de.uka.ilkd.key.control.AbstractUserInterfaceControl.load(AbstractUserInterfaceControl.java:221)
	at de.uka.ilkd.key.control.KeYEnvironment.load(KeYEnvironment.java:251)
	at de.uka.ilkd.key.control.KeYEnvironment.load(KeYEnvironment.java:224)
	at de.uka.ilkd.key.control.KeYEnvironment.load(KeYEnvironment.java:184)
	at de.uka.ilkd.key.control.KeYEnvironment.load(KeYEnvironment.java:261)
	at de.uka.ilkd.key.proof.runallproofs.proofcollection.TestFile.load(TestFile.java:270)
	at de.uka.ilkd.key.proof.runallproofs.proofcollection.TestFile.runKey(TestFile.java:160)
	at de.uka.ilkd.key.proof.runallproofs.proofcollection.ForkedTestFileRunner.main(ForkedTestFileRunner.java:171)
Caused by: de.uka.ilkd.key.proof.init.ProofInputException: Could not find rule file rules/intRulesCheckedSemantics.key
	at de.uka.ilkd.key.proof.io.KeYFile.readIncludes(KeYFile.java:210)
	at de.uka.ilkd.key.proof.init.ProblemInitializer.readIncludes(ProblemInitializer.java:177)
	at de.uka.ilkd.key.proof.init.ProblemInitializer.readEnvInput(ProblemInitializer.java:325)
	at de.uka.ilkd.key.proof.init.ProblemInitializer.prepare(ProblemInitializer.java:449)
	at de.uka.ilkd.key.proof.io.AbstractProblemLoader.createInitConfig(AbstractProblemLoader.java:518)
	at de.uka.ilkd.key.proof.io.AbstractProblemLoader.loadEnvironment(AbstractProblemLoader.java:288)
	at de.uka.ilkd.key.proof.io.AbstractProblemLoader.load(AbstractProblemLoader.java:252)
	at de.uka.ilkd.key.control.AbstractUserInterfaceControl.load(AbstractUserInterfaceControl.java:209)
	... 7 more
Caused by: java.lang.RuntimeException: Could not find rule file rules/intRulesCheckedSemantics.key
	at de.uka.ilkd.key.proof.io.RuleSourceFactory.fromBuiltInRule(RuleSourceFactory.java:32)
	at de.uka.ilkd.key.proof.io.RuleSourceFactory.fromDefaultLocation(RuleSourceFactory.java:21)
	at de.uka.ilkd.key.nparser.builder.IncludeFinder.addInclude(IncludeFinder.java:63)
	at de.uka.ilkd.key.nparser.builder.IncludeFinder.visitOne_include(IncludeFinder.java:43)
	at de.uka.ilkd.key.nparser.builder.IncludeFinder.visitOne_include(IncludeFinder.java:20)
	at de.uka.ilkd.key.nparser.KeYParser$One_includeContext.accept(KeYParser.java:878)
	at de.uka.ilkd.key.nparser.builder.AbstractBuilder.lambda$mapOf$0(AbstractBuilder.java:112)
	at java.base/java.util.stream.ReferencePipeline$3$1.accept(ReferencePipeline.java:195)
	at java.base/java.util.ArrayList$ArrayListSpliterator.forEachRemaining(ArrayList.java:1655)
	at java.base/java.util.stream.AbstractPipeline.copyInto(AbstractPipeline.java:484)
	at java.base/java.util.stream.AbstractPipeline.wrapAndCopyInto(AbstractPipeline.java:474)
	at java.base/java.util.stream.ReduceOps$ReduceOp.evaluateSequential(ReduceOps.java:913)
	at java.base/java.util.stream.AbstractPipeline.evaluate(AbstractPipeline.java:234)
	at java.base/java.util.stream.ReferencePipeline.collect(ReferencePipeline.java:578)
	at de.uka.ilkd.key.nparser.builder.AbstractBuilder.mapOf(AbstractBuilder.java:112)
	at de.uka.ilkd.key.nparser.builder.IncludeFinder.visitOne_include_statement(IncludeFinder.java:35)
	at de.uka.ilkd.key.nparser.builder.IncludeFinder.visitOne_include_statement(IncludeFinder.java:20)
	at de.uka.ilkd.key.nparser.KeYParser$One_include_statementContext.accept(KeYParser.java:802)
	at org.antlr.v4.runtime.tree.AbstractParseTreeVisitor.visitChildren(AbstractParseTreeVisitor.java:46)
	at de.uka.ilkd.key.nparser.KeYParserBaseVisitor.visitDecls(KeYParserBaseVisitor.java:30)
	at de.uka.ilkd.key.nparser.KeYParser$DeclsContext.accept(KeYParser.java:500)
	at org.antlr.v4.runtime.tree.AbstractParseTreeVisitor.visitChildren(AbstractParseTreeVisitor.java:46)
	at de.uka.ilkd.key.nparser.KeYParserBaseVisitor.visitFile(KeYParserBaseVisitor.java:23)
	at de.uka.ilkd.key.nparser.KeYParser$FileContext.accept(KeYParser.java:306)
	at de.uka.ilkd.key.nparser.KeyAst.accept(KeyAst.java:41)
	at de.uka.ilkd.key.nparser.KeyAst$File.getIncludes(KeyAst.java:76)
	at de.uka.ilkd.key.proof.io.KeYFile.readIncludes(KeYFile.java:208)
	... 14 more
Could not find rule file rules/intRulesCheckedSemantics.key (file: /home/runner/work/key/key/key.core/../key.ui/examples/index/../InformationFlow/MiniExamples/mini.AliasingExamples(mini.AliasingExamples__secure_1(mini.AliasingExamples,mini.AliasingExamples,int)).JML operation contract.0.key; caused by: de.uka.ilkd.key.proof.init.ProofInputException: Could not find rule file rules/intRulesCheckedSemantics.key)
	at de.uka.ilkd.key.control.AbstractUserInterfaceControl.load(AbstractUserInterfaceControl.java:221)
	at de.uka.ilkd.key.control.KeYEnvironment.load(KeYEnvironment.java:251)
	at de.uka.ilkd.key.control.KeYEnvironment.load(KeYEnvironment.java:224)
	at de.uka.ilkd.key.control.KeYEnvironment.load(KeYEnvironment.java:184)
	at de.uka.ilkd.key.control.KeYEnvironment.load(KeYEnvironment.java:261)
	at de.uka.ilkd.key.proof.runallproofs.proofcollection.TestFile.load(TestFile.java:270)
	at de.uka.ilkd.key.proof.runallproofs.proofcollection.TestFile.runKey(TestFile.java:160)
	at de.uka.ilkd.key.proof.runallproofs.proofcollection.ForkedTestFileRunner.main(ForkedTestFileRunner.java:171)
Caused by: de.uka.ilkd.key.proof.init.ProofInputException: Could not find rule file rules/intRulesCheckedSemantics.key
	at de.uka.ilkd.key.proof.io.KeYFile.readIncludes(KeYFile.java:210)
	at de.uka.ilkd.key.proof.init.ProblemInitializer.readIncludes(ProblemInitializer.java:177)
	at de.uka.ilkd.key.proof.init.ProblemInitializer.readEnvInput(ProblemInitializer.java:325)
	at de.uka.ilkd.key.proof.init.ProblemInitializer.prepare(ProblemInitializer.java:449)
	at de.uka.ilkd.key.proof.io.AbstractProblemLoader.createInitConfig(AbstractProblemLoader.java:518)
	at de.uka.ilkd.key.proof.io.AbstractProblemLoader.loadEnvironment(AbstractProblemLoader.java:288)
	at de.uka.ilkd.key.proof.io.AbstractProblemLoader.load(AbstractProblemLoader.java:252)
	at de.uka.ilkd.key.control.AbstractUserInterfaceControl.load(AbstractUserInterfaceControl.java:209)
	... 7 more
Caused by: java.lang.RuntimeException: Could not find rule file rules/intRulesCheckedSemantics.key
	at de.uka.ilkd.key.proof.io.RuleSourceFactory.fromBuiltInRule(RuleSourceFactory.java:32)
	at de.uka.ilkd.key.proof.io.RuleSourceFactory.fromDefaultLocation(RuleSourceFactory.java:21)
	at de.uka.ilkd.key.nparser.builder.IncludeFinder.addInclude(IncludeFinder.java:63)
	at de.uka.ilkd.key.nparser.builder.IncludeFinder.visitOne_include(IncludeFinder.java:43)
	at de.uka.ilkd.key.nparser.builder.IncludeFinder.visitOne_include(IncludeFinder.java:20)
	at de.uka.ilkd.key.nparser.KeYParser$One_includeContext.accept(KeYParser.java:878)
	at de.uka.ilkd.key.nparser.builder.AbstractBuilder.lambda$mapOf$0(AbstractBuilder.java:112)
	at java.base/java.util.stream.ReferencePipeline$3$1.accept(ReferencePipeline.java:195)
	at java.base/java.util.ArrayList$ArrayListSpliterator.forEachRemaining(ArrayList.java:1655)
	at java.base/java.util.stream.AbstractPipeline.copyInto(AbstractPipeline.java:484)
	at java.base/java.util.stream.AbstractPipeline.wrapAndCopyInto(AbstractPipeline.java:474)
	at java.base/java.util.stream.ReduceOps$ReduceOp.evaluateSequential(ReduceOps.java:913)
	at java.base/java.util.stream.AbstractPipeline.evaluate(AbstractPipeline.java:234)
	at java.base/java.util.stream.ReferencePipeline.collect(ReferencePipeline.java:578)
	at de.uka.ilkd.key.nparser.builder.AbstractBuilder.mapOf(AbstractBuilder.java:112)
	at de.uka.ilkd.key.nparser.builder.IncludeFinder.visitOne_include_statement(IncludeFinder.java:35)
	at de.uka.ilkd.key.nparser.builder.IncludeFinder.visitOne_include_statement(IncludeFinder.java:20)
	at de.uka.ilkd.key.nparser.KeYParser$One_include_statementContext.accept(KeYParser.java:802)
	at org.antlr.v4.runtime.tree.AbstractParseTreeVisitor.visitChildren(AbstractParseTreeVisitor.java:46)
	at de.uka.ilkd.key.nparser.KeYParserBaseVisitor.visitDecls(KeYParserBaseVisitor.java:30)
	at de.uka.ilkd.key.nparser.KeYParser$DeclsContext.accept(KeYParser.java:500)
	at org.antlr.v4.runtime.tree.AbstractParseTreeVisitor.visitChildren(AbstractParseTreeVisitor.java:46)
	at de.uka.ilkd.key.nparser.KeYParserBaseVisitor.visitFile(KeYParserBaseVisitor.java:23)
	at de.uka.ilkd.key.nparser.KeYParser$FileContext.accept(KeYParser.java:306)
	at de.uka.ilkd.key.nparser.KeyAst.accept(KeyAst.java:41)
	at de.uka.ilkd.key.nparser.KeyAst$File.getIncludes(KeyAst.java:76)
	at de.uka.ilkd.key.proof.io.KeYFile.readIncludes(KeYFile.java:208)
	... 14 more
Could not find rule file rules/intRulesCheckedSemantics.key (file: /home/runner/work/key/key/key.core/../key.ui/examples/index/../InformationFlow/MiniExamples/mini.MiniExamplesLecture(mini.MiniExamplesLecture__m_6()).JML normal_behavior operation contract.0.key; caused by: de.uka.ilkd.key.proof.init.ProofInputException: Could not find rule file rules/intRulesCheckedSemantics.key)
	at de.uka.ilkd.key.control.AbstractUserInterfaceControl.load(AbstractUserInterfaceControl.java:221)
	at de.uka.ilkd.key.control.KeYEnvironment.load(KeYEnvironment.java:251)
	at de.uka.ilkd.key.control.KeYEnvironment.load(KeYEnvironment.java:224)
	at de.uka.ilkd.key.control.KeYEnvironment.load(KeYEnvironment.java:184)
	at de.uka.ilkd.key.control.KeYEnvironment.load(KeYEnvironment.java:261)
	at de.uka.ilkd.key.proof.runallproofs.proofcollection.TestFile.load(TestFile.java:270)
	at de.uka.ilkd.key.proof.runallproofs.proofcollection.TestFile.runKey(TestFile.java:160)
	at de.uka.ilkd.key.proof.runallproofs.proofcollection.ForkedTestFileRunner.main(ForkedTestFileRunner.java:171)
Caused by: de.uka.ilkd.key.proof.init.ProofInputException: Could not find rule file rules/intRulesCheckedSemantics.key
	at de.uka.ilkd.key.proof.io.KeYFile.readIncludes(KeYFile.java:210)
	at de.uka.ilkd.key.proof.init.ProblemInitializer.readIncludes(ProblemInitializer.java:177)
	at de.uka.ilkd.key.proof.init.ProblemInitializer.readEnvInput(ProblemInitializer.java:325)
	at de.uka.ilkd.key.proof.init.ProblemInitializer.prepare(ProblemInitializer.java:449)
	at de.uka.ilkd.key.proof.io.AbstractProblemLoader.createInitConfig(AbstractProblemLoader.java:518)
	at de.uka.ilkd.key.proof.io.AbstractProblemLoader.loadEnvironment(AbstractProblemLoader.java:288)
	at de.uka.ilkd.key.proof.io.AbstractProblemLoader.load(AbstractProblemLoader.java:252)
	at de.uka.ilkd.key.control.AbstractUserInterfaceControl.load(AbstractUserInterfaceControl.java:209)
	... 7 more
Caused by: java.lang.RuntimeException: Could not find rule file rules/intRulesCheckedSemantics.key
	at de.uka.ilkd.key.proof.io.RuleSourceFactory.fromBuiltInRule(RuleSourceFactory.java:32)
	at de.uka.ilkd.key.proof.io.RuleSourceFactory.fromDefaultLocation(RuleSourceFactory.java:21)
	at de.uka.ilkd.key.nparser.builder.IncludeFinder.addInclude(IncludeFinder.java:63)
	at de.uka.ilkd.key.nparser.builder.IncludeFinder.visitOne_include(IncludeFinder.java:43)
	at de.uka.ilkd.key.nparser.builder.IncludeFinder.visitOne_include(IncludeFinder.java:20)
	at de.uka.ilkd.key.nparser.KeYParser$One_includeContext.accept(KeYParser.java:878)
	at de.uka.ilkd.key.nparser.builder.AbstractBuilder.lambda$mapOf$0(AbstractBuilder.java:112)
	at java.base/java.util.stream.ReferencePipeline$3$1.accept(ReferencePipeline.java:195)
	at java.base/java.util.ArrayList$ArrayListSpliterator.forEachRemaining(ArrayList.java:1655)
	at java.base/java.util.stream.AbstractPipeline.copyInto(AbstractPipeline.java:484)
	at java.base/java.util.stream.AbstractPipeline.wrapAndCopyInto(AbstractPipeline.java:474)
	at java.base/java.util.stream.ReduceOps$ReduceOp.evaluateSequential(ReduceOps.java:913)
	at java.base/java.util.stream.AbstractPipeline.evaluate(AbstractPipeline.java:234)
	at java.base/java.util.stream.ReferencePipeline.collect(ReferencePipeline.java:578)
	at de.uka.ilkd.key.nparser.builder.AbstractBuilder.mapOf(AbstractBuilder.java:112)
	at de.uka.ilkd.key.nparser.builder.IncludeFinder.visitOne_include_statement(IncludeFinder.java:35)
	at de.uka.ilkd.key.nparser.builder.IncludeFinder.visitOne_include_statement(IncludeFinder.java:20)
	at de.uka.ilkd.key.nparser.KeYParser$One_include_statementContext.accept(KeYParser.java:802)
	at org.antlr.v4.runtime.tree.AbstractParseTreeVisitor.visitChildren(AbstractParseTreeVisitor.java:46)
	at de.uka.ilkd.key.nparser.KeYParserBaseVisitor.visitDecls(KeYParserBaseVisitor.java:30)
	at de.uka.ilkd.key.nparser.KeYParser$DeclsContext.accept(KeYParser.java:500)
	at org.antlr.v4.runtime.tree.AbstractParseTreeVisitor.visitChildren(AbstractParseTreeVisitor.java:46)
	at de.uka.ilkd.key.nparser.KeYParserBaseVisitor.visitFile(KeYParserBaseVisitor.java:23)
	at de.uka.ilkd.key.nparser.KeYParser$FileContext.accept(KeYParser.java:306)
	at de.uka.ilkd.key.nparser.KeyAst.accept(KeyAst.java:41)
	at de.uka.ilkd.key.nparser.KeyAst$File.getIncludes(KeyAst.java:76)
	at de.uka.ilkd.key.proof.io.KeYFile.readIncludes(KeYFile.java:208)
	... 14 more
Could not find rule file rules/intRulesCheckedSemantics.key (file: /home/runner/work/key/key/key.core/../key.ui/examples/index/../InformationFlow/MiniExamples/mini.MiniExamplesLecture(mini.MiniExamplesLecture__m_5()).JML normal_behavior operation contract.0.key; caused by: de.uka.ilkd.key.proof.init.ProofInputException: Could not find rule file rules/intRulesCheckedSemantics.key)
	at de.uka.ilkd.key.control.AbstractUserInterfaceControl.load(AbstractUserInterfaceControl.java:221)
	at de.uka.ilkd.key.control.KeYEnvironment.load(KeYEnvironment.java:251)
	at de.uka.ilkd.key.control.KeYEnvironment.load(KeYEnvironment.java:224)
	at de.uka.ilkd.key.control.KeYEnvironment.load(KeYEnvironment.java:184)
	at de.uka.ilkd.key.control.KeYEnvironment.load(KeYEnvironment.java:261)
	at de.uka.ilkd.key.proof.runallproofs.proofcollection.TestFile.load(TestFile.java:270)
	at de.uka.ilkd.key.proof.runallproofs.proofcollection.TestFile.runKey(TestFile.java:160)
	at de.uka.ilkd.key.proof.runallproofs.proofcollection.ForkedTestFileRunner.main(ForkedTestFileRunner.java:171)
Caused by: de.uka.ilkd.key.proof.init.ProofInputException: Could not find rule file rules/intRulesCheckedSemantics.key
	at de.uka.ilkd.key.proof.io.KeYFile.readIncludes(KeYFile.java:210)
	at de.uka.ilkd.key.proof.init.ProblemInitializer.readIncludes(ProblemInitializer.java:177)
	at de.uka.ilkd.key.proof.init.ProblemInitializer.readEnvInput(ProblemInitializer.java:325)
	at de.uka.ilkd.key.proof.init.ProblemInitializer.prepare(ProblemInitializer.java:449)
	at de.uka.ilkd.key.proof.io.AbstractProblemLoader.createInitConfig(AbstractProblemLoader.java:518)
	at de.uka.ilkd.key.proof.io.AbstractProblemLoader.loadEnvironment(AbstractProblemLoader.java:288)
	at de.uka.ilkd.key.proof.io.AbstractProblemLoader.load(AbstractProblemLoader.java:252)
	at de.uka.ilkd.key.control.AbstractUserInterfaceControl.load(AbstractUserInterfaceControl.java:209)
	... 7 more
Caused by: java.lang.RuntimeException: Could not find rule file rules/intRulesCheckedSemantics.key
	at de.uka.ilkd.key.proof.io.RuleSourceFactory.fromBuiltInRule(RuleSourceFactory.java:32)
	at de.uka.ilkd.key.proof.io.RuleSourceFactory.fromDefaultLocation(RuleSourceFactory.java:21)
	at de.uka.ilkd.key.nparser.builder.IncludeFinder.addInclude(IncludeFinder.java:63)
	at de.uka.ilkd.key.nparser.builder.IncludeFinder.visitOne_include(IncludeFinder.java:43)
	at de.uka.ilkd.key.nparser.builder.IncludeFinder.visitOne_include(IncludeFinder.java:20)
	at de.uka.ilkd.key.nparser.KeYParser$One_includeContext.accept(KeYParser.java:878)
	at de.uka.ilkd.key.nparser.builder.AbstractBuilder.lambda$mapOf$0(AbstractBuilder.java:112)
	at java.base/java.util.stream.ReferencePipeline$3$1.accept(ReferencePipeline.java:195)
	at java.base/java.util.ArrayList$ArrayListSpliterator.forEachRemaining(ArrayList.java:1655)
	at java.base/java.util.stream.AbstractPipeline.copyInto(AbstractPipeline.java:484)
	at java.base/java.util.stream.AbstractPipeline.wrapAndCopyInto(AbstractPipeline.java:474)
	at java.base/java.util.stream.ReduceOps$ReduceOp.evaluateSequential(ReduceOps.java:913)
	at java.base/java.util.stream.AbstractPipeline.evaluate(AbstractPipeline.java:234)
	at java.base/java.util.stream.ReferencePipeline.collect(ReferencePipeline.java:578)
	at de.uka.ilkd.key.nparser.builder.AbstractBuilder.mapOf(AbstractBuilder.java:112)
	at de.uka.ilkd.key.nparser.builder.IncludeFinder.visitOne_include_statement(IncludeFinder.java:35)
	at de.uka.ilkd.key.nparser.builder.IncludeFinder.visitOne_include_statement(IncludeFinder.java:20)
	at de.uka.ilkd.key.nparser.KeYParser$One_include_statementContext.accept(KeYParser.java:802)
	at org.antlr.v4.runtime.tree.AbstractParseTreeVisitor.visitChildren(AbstractParseTreeVisitor.java:46)
	at de.uka.ilkd.key.nparser.KeYParserBaseVisitor.visitDecls(KeYParserBaseVisitor.java:30)
	at de.uka.ilkd.key.nparser.KeYParser$DeclsContext.accept(KeYParser.java:500)
	at org.antlr.v4.runtime.tree.AbstractParseTreeVisitor.visitChildren(AbstractParseTreeVisitor.java:46)
	at de.uka.ilkd.key.nparser.KeYParserBaseVisitor.visitFile(KeYParserBaseVisitor.java:23)
	at de.uka.ilkd.key.nparser.KeYParser$FileContext.accept(KeYParser.java:306)
	at de.uka.ilkd.key.nparser.KeyAst.accept(KeyAst.java:41)
	at de.uka.ilkd.key.nparser.KeyAst$File.getIncludes(KeyAst.java:76)
	at de.uka.ilkd.key.proof.io.KeYFile.readIncludes(KeYFile.java:208)
	... 14 more
Could not find rule file rules/intRulesCheckedSemantics.key (file: /home/runner/work/key/key/key.core/../key.ui/examples/index/../InformationFlow/MiniExamples/mini.MiniExamplesLecture(mini.MiniExamplesLecture__m_4()).JML normal_behavior operation contract.0.key; caused by: de.uka.ilkd.key.proof.init.ProofInputException: Could not find rule file rules/intRulesCheckedSemantics.key)
	at de.uka.ilkd.key.control.AbstractUserInterfaceControl.load(AbstractUserInterfaceControl.java:221)
	at de.uka.ilkd.key.control.KeYEnvironment.load(KeYEnvironment.java:251)
	at de.uka.ilkd.key.control.KeYEnvironment.load(KeYEnvironment.java:224)
	at de.uka.ilkd.key.control.KeYEnvironment.load(KeYEnvironment.java:184)
	at de.uka.ilkd.key.control.KeYEnvironment.load(KeYEnvironment.java:261)
	at de.uka.ilkd.key.proof.runallproofs.proofcollection.TestFile.load(TestFile.java:270)
	at de.uka.ilkd.key.proof.runallproofs.proofcollection.TestFile.runKey(TestFile.java:160)
	at de.uka.ilkd.key.proof.runallproofs.proofcollection.ForkedTestFileRunner.main(ForkedTestFileRunner.java:171)
Caused by: de.uka.ilkd.key.proof.init.ProofInputException: Could not find rule file rules/intRulesCheckedSemantics.key
	at de.uka.ilkd.key.proof.io.KeYFile.readIncludes(KeYFile.java:210)
	at de.uka.ilkd.key.proof.init.ProblemInitializer.readIncludes(ProblemInitializer.java:177)
	at de.uka.ilkd.key.proof.init.ProblemInitializer.readEnvInput(ProblemInitializer.java:325)
	at de.uka.ilkd.key.proof.init.ProblemInitializer.prepare(ProblemInitializer.java:449)
	at de.uka.ilkd.key.proof.io.AbstractProblemLoader.createInitConfig(AbstractProblemLoader.java:518)
	at de.uka.ilkd.key.proof.io.AbstractProblemLoader.loadEnvironment(AbstractProblemLoader.java:288)
	at de.uka.ilkd.key.proof.io.AbstractProblemLoader.load(AbstractProblemLoader.java:252)
	at de.uka.ilkd.key.control.AbstractUserInterfaceControl.load(AbstractUserInterfaceControl.java:209)
	... 7 more
Caused by: java.lang.RuntimeException: Could not find rule file rules/intRulesCheckedSemantics.key
	at de.uka.ilkd.key.proof.io.RuleSourceFactory.fromBuiltInRule(RuleSourceFactory.java:32)
	at de.uka.ilkd.key.proof.io.RuleSourceFactory.fromDefaultLocation(RuleSourceFactory.java:21)
	at de.uka.ilkd.key.nparser.builder.IncludeFinder.addInclude(IncludeFinder.java:63)
	at de.uka.ilkd.key.nparser.builder.IncludeFinder.visitOne_include(IncludeFinder.java:43)
	at de.uka.ilkd.key.nparser.builder.IncludeFinder.visitOne_include(IncludeFinder.java:20)
	at de.uka.ilkd.key.nparser.KeYParser$One_includeContext.accept(KeYParser.java:878)
	at de.uka.ilkd.key.nparser.builder.AbstractBuilder.lambda$mapOf$0(AbstractBuilder.java:112)
	at java.base/java.util.stream.ReferencePipeline$3$1.accept(ReferencePipeline.java:195)
	at java.base/java.util.ArrayList$ArrayListSpliterator.forEachRemaining(ArrayList.java:1655)
	at java.base/java.util.stream.AbstractPipeline.copyInto(AbstractPipeline.java:484)
	at java.base/java.util.stream.AbstractPipeline.wrapAndCopyInto(AbstractPipeline.java:474)
	at java.base/java.util.stream.ReduceOps$ReduceOp.evaluateSequential(ReduceOps.java:913)
	at java.base/java.util.stream.AbstractPipeline.evaluate(AbstractPipeline.java:234)
	at java.base/java.util.stream.ReferencePipeline.collect(ReferencePipeline.java:578)
	at de.uka.ilkd.key.nparser.builder.AbstractBuilder.mapOf(AbstractBuilder.java:112)
	at de.uka.ilkd.key.nparser.builder.IncludeFinder.visitOne_include_statement(IncludeFinder.java:35)
	at de.uka.ilkd.key.nparser.builder.IncludeFinder.visitOne_include_statement(IncludeFinder.java:20)
	at de.uka.ilkd.key.nparser.KeYParser$One_include_statementContext.accept(KeYParser.java:802)
	at org.antlr.v4.runtime.tree.AbstractParseTreeVisitor.visitChildren(AbstractParseTreeVisitor.java:46)
	at de.uka.ilkd.key.nparser.KeYParserBaseVisitor.visitDecls(KeYParserBaseVisitor.java:30)
	at de.uka.ilkd.key.nparser.KeYParser$DeclsContext.accept(KeYParser.java:500)
	at org.antlr.v4.runtime.tree.AbstractParseTreeVisitor.visitChildren(AbstractParseTreeVisitor.java:46)
	at de.uka.ilkd.key.nparser.KeYParserBaseVisitor.visitFile(KeYParserBaseVisitor.java:23)
	at de.uka.ilkd.key.nparser.KeYParser$FileContext.accept(KeYParser.java:306)
	at de.uka.ilkd.key.nparser.KeyAst.accept(KeyAst.java:41)
	at de.uka.ilkd.key.nparser.KeyAst$File.getIncludes(KeyAst.java:76)
	at de.uka.ilkd.key.proof.io.KeYFile.readIncludes(KeYFile.java:208)
	... 14 more
Could not find rule file rules/intRulesCheckedSemantics.key (file: /home/runner/work/key/key/key.core/../key.ui/examples/index/../InformationFlow/MiniExamples/mini.MiniExamplesLecture(mini.MiniExamplesLecture__m_3()).JML normal_behavior operation contract.0.key; caused by: de.uka.ilkd.key.proof.init.ProofInputException: Could not find rule file rules/intRulesCheckedSemantics.key)
	at de.uka.ilkd.key.control.AbstractUserInterfaceControl.load(AbstractUserInterfaceControl.java:221)
	at de.uka.ilkd.key.control.KeYEnvironment.load(KeYEnvironment.java:251)
	at de.uka.ilkd.key.control.KeYEnvironment.load(KeYEnvironment.java:224)
	at de.uka.ilkd.key.control.KeYEnvironment.load(KeYEnvironment.java:184)
	at de.uka.ilkd.key.control.KeYEnvironment.load(KeYEnvironment.java:261)
	at de.uka.ilkd.key.proof.runallproofs.proofcollection.TestFile.load(TestFile.java:270)
	at de.uka.ilkd.key.proof.runallproofs.proofcollection.TestFile.runKey(TestFile.java:160)
	at de.uka.ilkd.key.proof.runallproofs.proofcollection.ForkedTestFileRunner.main(ForkedTestFileRunner.java:171)
Caused by: de.uka.ilkd.key.proof.init.ProofInputException: Could not find rule file rules/intRulesCheckedSemantics.key
	at de.uka.ilkd.key.proof.io.KeYFile.readIncludes(KeYFile.java:210)
	at de.uka.ilkd.key.proof.init.ProblemInitializer.readIncludes(ProblemInitializer.java:177)
	at de.uka.ilkd.key.proof.init.ProblemInitializer.readEnvInput(ProblemInitializer.java:325)
	at de.uka.ilkd.key.proof.init.ProblemInitializer.prepare(ProblemInitializer.java:449)
	at de.uka.ilkd.key.proof.io.AbstractProblemLoader.createInitConfig(AbstractProblemLoader.java:518)
	at de.uka.ilkd.key.proof.io.AbstractProblemLoader.loadEnvironment(AbstractProblemLoader.java:288)
	at de.uka.ilkd.key.proof.io.AbstractProblemLoader.load(AbstractProblemLoader.java:252)
	at de.uka.ilkd.key.control.AbstractUserInterfaceControl.load(AbstractUserInterfaceControl.java:209)
	... 7 more
Caused by: java.lang.RuntimeException: Could not find rule file rules/intRulesCheckedSemantics.key
	at de.uka.ilkd.key.proof.io.RuleSourceFactory.fromBuiltInRule(RuleSourceFactory.java:32)
	at de.uka.ilkd.key.proof.io.RuleSourceFactory.fromDefaultLocation(RuleSourceFactory.java:21)
	at de.uka.ilkd.key.nparser.builder.IncludeFinder.addInclude(IncludeFinder.java:63)
	at de.uka.ilkd.key.nparser.builder.IncludeFinder.visitOne_include(IncludeFinder.java:43)
	at de.uka.ilkd.key.nparser.builder.IncludeFinder.visitOne_include(IncludeFinder.java:20)
	at de.uka.ilkd.key.nparser.KeYParser$One_includeContext.accept(KeYParser.java:878)
	at de.uka.ilkd.key.nparser.builder.AbstractBuilder.lambda$mapOf$0(AbstractBuilder.java:112)
	at java.base/java.util.stream.ReferencePipeline$3$1.accept(ReferencePipeline.java:195)
	at java.base/java.util.ArrayList$ArrayListSpliterator.forEachRemaining(ArrayList.java:1655)
	at java.base/java.util.stream.AbstractPipeline.copyInto(AbstractPipeline.java:484)
	at java.base/java.util.stream.AbstractPipeline.wrapAndCopyInto(AbstractPipeline.java:474)
	at java.base/java.util.stream.ReduceOps$ReduceOp.evaluateSequential(ReduceOps.java:913)
	at java.base/java.util.stream.AbstractPipeline.evaluate(AbstractPipeline.java:234)
	at java.base/java.util.stream.ReferencePipeline.collect(ReferencePipeline.java:578)
	at de.uka.ilkd.key.nparser.builder.AbstractBuilder.mapOf(AbstractBuilder.java:112)
	at de.uka.ilkd.key.nparser.builder.IncludeFinder.visitOne_include_statement(IncludeFinder.java:35)
	at de.uka.ilkd.key.nparser.builder.IncludeFinder.visitOne_include_statement(IncludeFinder.java:20)
	at de.uka.ilkd.key.nparser.KeYParser$One_include_statementContext.accept(KeYParser.java:802)
	at org.antlr.v4.runtime.tree.AbstractParseTreeVisitor.visitChildren(AbstractParseTreeVisitor.java:46)
	at de.uka.ilkd.key.nparser.KeYParserBaseVisitor.visitDecls(KeYParserBaseVisitor.java:30)
	at de.uka.ilkd.key.nparser.KeYParser$DeclsContext.accept(KeYParser.java:500)
	at org.antlr.v4.runtime.tree.AbstractParseTreeVisitor.visitChildren(AbstractParseTreeVisitor.java:46)
	at de.uka.ilkd.key.nparser.KeYParserBaseVisitor.visitFile(KeYParserBaseVisitor.java:23)
	at de.uka.ilkd.key.nparser.KeYParser$FileContext.accept(KeYParser.java:306)
	at de.uka.ilkd.key.nparser.KeyAst.accept(KeyAst.java:41)
	at de.uka.ilkd.key.nparser.KeyAst$File.getIncludes(KeyAst.java:76)
	at de.uka.ilkd.key.proof.io.KeYFile.readIncludes(KeYFile.java:208)
	... 14 more
Could not find rule file rules/intRulesCheckedSemantics.key (file: /home/runner/work/key/key/key.core/../key.ui/examples/index/../InformationFlow/MiniExamples/mini.MiniExamplesLecture(mini.MiniExamplesLecture__m_2()).JML normal_behavior operation contract.0.key; caused by: de.uka.ilkd.key.proof.init.ProofInputException: Could not find rule file rules/intRulesCheckedSemantics.key)
	at de.uka.ilkd.key.control.AbstractUserInterfaceControl.load(AbstractUserInterfaceControl.java:221)
	at de.uka.ilkd.key.control.KeYEnvironment.load(KeYEnvironment.java:251)
	at de.uka.ilkd.key.control.KeYEnvironment.load(KeYEnvironment.java:224)
	at de.uka.ilkd.key.control.KeYEnvironment.load(KeYEnvironment.java:184)
	at de.uka.ilkd.key.control.KeYEnvironment.load(KeYEnvironment.java:261)
	at de.uka.ilkd.key.proof.runallproofs.proofcollection.TestFile.load(TestFile.java:270)
	at de.uka.ilkd.key.proof.runallproofs.proofcollection.TestFile.runKey(TestFile.java:160)
	at de.uka.ilkd.key.proof.runallproofs.proofcollection.ForkedTestFileRunner.main(ForkedTestFileRunner.java:171)
Caused by: de.uka.ilkd.key.proof.init.ProofInputException: Could not find rule file rules/intRulesCheckedSemantics.key
	at de.uka.ilkd.key.proof.io.KeYFile.readIncludes(KeYFile.java:210)
	at de.uka.ilkd.key.proof.init.ProblemInitializer.readIncludes(ProblemInitializer.java:177)
	at de.uka.ilkd.key.proof.init.ProblemInitializer.readEnvInput(ProblemInitializer.java:325)
	at de.uka.ilkd.key.proof.init.ProblemInitializer.prepare(ProblemInitializer.java:449)
	at de.uka.ilkd.key.proof.io.AbstractProblemLoader.createInitConfig(AbstractProblemLoader.java:518)
	at de.uka.ilkd.key.proof.io.AbstractProblemLoader.loadEnvironment(AbstractProblemLoader.java:288)
	at de.uka.ilkd.key.proof.io.AbstractProblemLoader.load(AbstractProblemLoader.java:252)
	at de.uka.ilkd.key.control.AbstractUserInterfaceControl.load(AbstractUserInterfaceControl.java:209)
	... 7 more
Caused by: java.lang.RuntimeException: Could not find rule file rules/intRulesCheckedSemantics.key
	at de.uka.ilkd.key.proof.io.RuleSourceFactory.fromBuiltInRule(RuleSourceFactory.java:32)
	at de.uka.ilkd.key.proof.io.RuleSourceFactory.fromDefaultLocation(RuleSourceFactory.java:21)
	at de.uka.ilkd.key.nparser.builder.IncludeFinder.addInclude(IncludeFinder.java:63)
	at de.uka.ilkd.key.nparser.builder.IncludeFinder.visitOne_include(IncludeFinder.java:43)
	at de.uka.ilkd.key.nparser.builder.IncludeFinder.visitOne_include(IncludeFinder.java:20)
	at de.uka.ilkd.key.nparser.KeYParser$One_includeContext.accept(KeYParser.java:878)
	at de.uka.ilkd.key.nparser.builder.AbstractBuilder.lambda$mapOf$0(AbstractBuilder.java:112)
	at java.base/java.util.stream.ReferencePipeline$3$1.accept(ReferencePipeline.java:195)
	at java.base/java.util.ArrayList$ArrayListSpliterator.forEachRemaining(ArrayList.java:1655)
	at java.base/java.util.stream.AbstractPipeline.copyInto(AbstractPipeline.java:484)
	at java.base/java.util.stream.AbstractPipeline.wrapAndCopyInto(AbstractPipeline.java:474)
	at java.base/java.util.stream.ReduceOps$ReduceOp.evaluateSequential(ReduceOps.java:913)
	at java.base/java.util.stream.AbstractPipeline.evaluate(AbstractPipeline.java:234)
	at java.base/java.util.stream.ReferencePipeline.collect(ReferencePipeline.java:578)
	at de.uka.ilkd.key.nparser.builder.AbstractBuilder.mapOf(AbstractBuilder.java:112)
	at de.uka.ilkd.key.nparser.builder.IncludeFinder.visitOne_include_statement(IncludeFinder.java:35)
	at de.uka.ilkd.key.nparser.builder.IncludeFinder.visitOne_include_statement(IncludeFinder.java:20)
	at de.uka.ilkd.key.nparser.KeYParser$One_include_statementContext.accept(KeYParser.java:802)
	at org.antlr.v4.runtime.tree.AbstractParseTreeVisitor.visitChildren(AbstractParseTreeVisitor.java:46)
	at de.uka.ilkd.key.nparser.KeYParserBaseVisitor.visitDecls(KeYParserBaseVisitor.java:30)
	at de.uka.ilkd.key.nparser.KeYParser$DeclsContext.accept(KeYParser.java:500)
	at org.antlr.v4.runtime.tree.AbstractParseTreeVisitor.visitChildren(AbstractParseTreeVisitor.java:46)
	at de.uka.ilkd.key.nparser.KeYParserBaseVisitor.visitFile(KeYParserBaseVisitor.java:23)
	at de.uka.ilkd.key.nparser.KeYParser$FileContext.accept(KeYParser.java:306)
	at de.uka.ilkd.key.nparser.KeyAst.accept(KeyAst.java:41)
	at de.uka.ilkd.key.nparser.KeyAst$File.getIncludes(KeyAst.java:76)
	at de.uka.ilkd.key.proof.io.KeYFile.readIncludes(KeYFile.java:208)
	... 14 more
Could not find rule file rules/intRulesCheckedSemantics.key (file: /home/runner/work/key/key/key.core/../key.ui/examples/index/../InformationFlow/MiniExamples/mini.MiniExamplesLecture(mini.MiniExamplesLecture__m_1()).JML normal_behavior operation contract.0.key; caused by: de.uka.ilkd.key.proof.init.ProofInputException: Could not find rule file rules/intRulesCheckedSemantics.key)
	at de.uka.ilkd.key.control.AbstractUserInterfaceControl.load(AbstractUserInterfaceControl.java:221)
	at de.uka.ilkd.key.control.KeYEnvironment.load(KeYEnvironment.java:251)
	at de.uka.ilkd.key.control.KeYEnvironment.load(KeYEnvironment.java:224)
	at de.uka.ilkd.key.control.KeYEnvironment.load(KeYEnvironment.java:184)
	at de.uka.ilkd.key.control.KeYEnvironment.load(KeYEnvironment.java:261)
	at de.uka.ilkd.key.proof.runallproofs.proofcollection.TestFile.load(TestFile.java:270)
	at de.uka.ilkd.key.proof.runallproofs.proofcollection.TestFile.runKey(TestFile.java:160)
	at de.uka.ilkd.key.proof.runallproofs.proofcollection.ForkedTestFileRunner.main(ForkedTestFileRunner.java:171)
Caused by: de.uka.ilkd.key.proof.init.ProofInputException: Could not find rule file rules/intRulesCheckedSemantics.key
	at de.uka.ilkd.key.proof.io.KeYFile.readIncludes(KeYFile.java:210)
	at de.uka.ilkd.key.proof.init.ProblemInitializer.readIncludes(ProblemInitializer.java:177)
	at de.uka.ilkd.key.proof.init.ProblemInitializer.readEnvInput(ProblemInitializer.java:325)
	at de.uka.ilkd.key.proof.init.ProblemInitializer.prepare(ProblemInitializer.java:449)
	at de.uka.ilkd.key.proof.io.AbstractProblemLoader.createInitConfig(AbstractProblemLoader.java:518)
	at de.uka.ilkd.key.proof.io.AbstractProblemLoader.loadEnvironment(AbstractProblemLoader.java:288)
	at de.uka.ilkd.key.proof.io.AbstractProblemLoader.load(AbstractProblemLoader.java:252)
	at de.uka.ilkd.key.control.AbstractUserInterfaceControl.load(AbstractUserInterfaceControl.java:209)
	... 7 more
Caused by: java.lang.RuntimeException: Could not find rule file rules/intRulesCheckedSemantics.key
	at de.uka.ilkd.key.proof.io.RuleSourceFactory.fromBuiltInRule(RuleSourceFactory.java:32)
	at de.uka.ilkd.key.proof.io.RuleSourceFactory.fromDefaultLocation(RuleSourceFactory.java:21)
	at de.uka.ilkd.key.nparser.builder.IncludeFinder.addInclude(IncludeFinder.java:63)
	at de.uka.ilkd.key.nparser.builder.IncludeFinder.visitOne_include(IncludeFinder.java:43)
	at de.uka.ilkd.key.nparser.builder.IncludeFinder.visitOne_include(IncludeFinder.java:20)
	at de.uka.ilkd.key.nparser.KeYParser$One_includeContext.accept(KeYParser.java:878)
	at de.uka.ilkd.key.nparser.builder.AbstractBuilder.lambda$mapOf$0(AbstractBuilder.java:112)
	at java.base/java.util.stream.ReferencePipeline$3$1.accept(ReferencePipeline.java:195)
	at java.base/java.util.ArrayList$ArrayListSpliterator.forEachRemaining(ArrayList.java:1655)
	at java.base/java.util.stream.AbstractPipeline.copyInto(AbstractPipeline.java:484)
	at java.base/java.util.stream.AbstractPipeline.wrapAndCopyInto(AbstractPipeline.java:474)
	at java.base/java.util.stream.ReduceOps$ReduceOp.evaluateSequential(ReduceOps.java:913)
	at java.base/java.util.stream.AbstractPipeline.evaluate(AbstractPipeline.java:234)
	at java.base/java.util.stream.ReferencePipeline.collect(ReferencePipeline.java:578)
	at de.uka.ilkd.key.nparser.builder.AbstractBuilder.mapOf(AbstractBuilder.java:112)
	at de.uka.ilkd.key.nparser.builder.IncludeFinder.visitOne_include_statement(IncludeFinder.java:35)
	at de.uka.ilkd.key.nparser.builder.IncludeFinder.visitOne_include_statement(IncludeFinder.java:20)
	at de.uka.ilkd.key.nparser.KeYParser$One_include_statementContext.accept(KeYParser.java:802)
	at org.antlr.v4.runtime.tree.AbstractParseTreeVisitor.visitChildren(AbstractParseTreeVisitor.java:46)
	at de.uka.ilkd.key.nparser.KeYParserBaseVisitor.visitDecls(KeYParserBaseVisitor.java:30)
	at de.uka.ilkd.key.nparser.KeYParser$DeclsContext.accept(KeYParser.java:500)
	at org.antlr.v4.runtime.tree.AbstractParseTreeVisitor.visitChildren(AbstractParseTreeVisitor.java:46)
	at de.uka.ilkd.key.nparser.KeYParserBaseVisitor.visitFile(KeYParserBaseVisitor.java:23)
	at de.uka.ilkd.key.nparser.KeYParser$FileContext.accept(KeYParser.java:306)
	at de.uka.ilkd.key.nparser.KeyAst.accept(KeyAst.java:41)
	at de.uka.ilkd.key.nparser.KeyAst$File.getIncludes(KeyAst.java:76)
	at de.uka.ilkd.key.proof.io.KeYFile.readIncludes(KeYFile.java:208)
	... 14 more
Could not find rule file rules/intRulesCheckedSemantics.key (file: /home/runner/work/key/key/key.core/../key.ui/examples/index/../InformationFlow/MiniExamples/mini.DifferenceSeqLocset(mini.DifferenceSeqLocset__m()).JML normal_behavior operation contract.1.key; caused by: de.uka.ilkd.key.proof.init.ProofInputException: Could not find rule file rules/intRulesCheckedSemantics.key)
	at de.uka.ilkd.key.control.AbstractUserInterfaceControl.load(AbstractUserInterfaceControl.java:221)
	at de.uka.ilkd.key.control.KeYEnvironment.load(KeYEnvironment.java:251)
	at de.uka.ilkd.key.control.KeYEnvironment.load(KeYEnvironment.java:224)
	at de.uka.ilkd.key.control.KeYEnvironment.load(KeYEnvironment.java:184)
	at de.uka.ilkd.key.control.KeYEnvironment.load(KeYEnvironment.java:261)
	at de.uka.ilkd.key.proof.runallproofs.proofcollection.TestFile.load(TestFile.java:270)
	at de.uka.ilkd.key.proof.runallproofs.proofcollection.TestFile.runKey(TestFile.java:160)
	at de.uka.ilkd.key.proof.runallproofs.proofcollection.ForkedTestFileRunner.main(ForkedTestFileRunner.java:171)
Caused by: de.uka.ilkd.key.proof.init.ProofInputException: Could not find rule file rules/intRulesCheckedSemantics.key
	at de.uka.ilkd.key.proof.io.KeYFile.readIncludes(KeYFile.java:210)
	at de.uka.ilkd.key.proof.init.ProblemInitializer.readIncludes(ProblemInitializer.java:177)
	at de.uka.ilkd.key.proof.init.ProblemInitializer.readEnvInput(ProblemInitializer.java:325)
	at de.uka.ilkd.key.proof.init.ProblemInitializer.prepare(ProblemInitializer.java:449)
	at de.uka.ilkd.key.proof.io.AbstractProblemLoader.createInitConfig(AbstractProblemLoader.java:518)
	at de.uka.ilkd.key.proof.io.AbstractProblemLoader.loadEnvironment(AbstractProblemLoader.java:288)
	at de.uka.ilkd.key.proof.io.AbstractProblemLoader.load(AbstractProblemLoader.java:252)
	at de.uka.ilkd.key.control.AbstractUserInterfaceControl.load(AbstractUserInterfaceControl.java:209)
	... 7 more
Caused by: java.lang.RuntimeException: Could not find rule file rules/intRulesCheckedSemantics.key
	at de.uka.ilkd.key.proof.io.RuleSourceFactory.fromBuiltInRule(RuleSourceFactory.java:32)
	at de.uka.ilkd.key.proof.io.RuleSourceFactory.fromDefaultLocation(RuleSourceFactory.java:21)
	at de.uka.ilkd.key.nparser.builder.IncludeFinder.addInclude(IncludeFinder.java:63)
	at de.uka.ilkd.key.nparser.builder.IncludeFinder.visitOne_include(IncludeFinder.java:43)
	at de.uka.ilkd.key.nparser.builder.IncludeFinder.visitOne_include(IncludeFinder.java:20)
	at de.uka.ilkd.key.nparser.KeYParser$One_includeContext.accept(KeYParser.java:878)
	at de.uka.ilkd.key.nparser.builder.AbstractBuilder.lambda$mapOf$0(AbstractBuilder.java:112)
	at java.base/java.util.stream.ReferencePipeline$3$1.accept(ReferencePipeline.java:195)
	at java.base/java.util.ArrayList$ArrayListSpliterator.forEachRemaining(ArrayList.java:1655)
	at java.base/java.util.stream.AbstractPipeline.copyInto(AbstractPipeline.java:484)
	at java.base/java.util.stream.AbstractPipeline.wrapAndCopyInto(AbstractPipeline.java:474)
	at java.base/java.util.stream.ReduceOps$ReduceOp.evaluateSequential(ReduceOps.java:913)
	at java.base/java.util.stream.AbstractPipeline.evaluate(AbstractPipeline.java:234)
	at java.base/java.util.stream.ReferencePipeline.collect(ReferencePipeline.java:578)
	at de.uka.ilkd.key.nparser.builder.AbstractBuilder.mapOf(AbstractBuilder.java:112)
	at de.uka.ilkd.key.nparser.builder.IncludeFinder.visitOne_include_statement(IncludeFinder.java:35)
	at de.uka.ilkd.key.nparser.builder.IncludeFinder.visitOne_include_statement(IncludeFinder.java:20)
	at de.uka.ilkd.key.nparser.KeYParser$One_include_statementContext.accept(KeYParser.java:802)
	at org.antlr.v4.runtime.tree.AbstractParseTreeVisitor.visitChildren(AbstractParseTreeVisitor.java:46)
	at de.uka.ilkd.key.nparser.KeYParserBaseVisitor.visitDecls(KeYParserBaseVisitor.java:30)
	at de.uka.ilkd.key.nparser.KeYParser$DeclsContext.accept(KeYParser.java:500)
	at org.antlr.v4.runtime.tree.AbstractParseTreeVisitor.visitChildren(AbstractParseTreeVisitor.java:46)
	at de.uka.ilkd.key.nparser.KeYParserBaseVisitor.visitFile(KeYParserBaseVisitor.java:23)
	at de.uka.ilkd.key.nparser.KeYParser$FileContext.accept(KeYParser.java:306)
	at de.uka.ilkd.key.nparser.KeyAst.accept(KeyAst.java:41)
	at de.uka.ilkd.key.nparser.KeyAst$File.getIncludes(KeyAst.java:76)
	at de.uka.ilkd.key.proof.io.KeYFile.readIncludes(KeYFile.java:208)
	... 14 more
Could not find rule file rules/intRulesCheckedSemantics.key (file: /home/runner/work/key/key/key.core/../key.ui/examples/index/../InformationFlow/MiniExamples/mini.DifferenceSeqLocset(mini.DifferenceSeqLocset__m()).JML normal_behavior operation contract.0.key; caused by: de.uka.ilkd.key.proof.init.ProofInputException: Could not find rule file rules/intRulesCheckedSemantics.key)
	at de.uka.ilkd.key.control.AbstractUserInterfaceControl.load(AbstractUserInterfaceControl.java:221)
	at de.uka.ilkd.key.control.KeYEnvironment.load(KeYEnvironment.java:251)
	at de.uka.ilkd.key.control.KeYEnvironment.load(KeYEnvironment.java:224)
	at de.uka.ilkd.key.control.KeYEnvironment.load(KeYEnvironment.java:184)
	at de.uka.ilkd.key.control.KeYEnvironment.load(KeYEnvironment.java:261)
	at de.uka.ilkd.key.proof.runallproofs.proofcollection.TestFile.load(TestFile.java:270)
	at de.uka.ilkd.key.proof.runallproofs.proofcollection.TestFile.runKey(TestFile.java:160)
	at de.uka.ilkd.key.proof.runallproofs.proofcollection.ForkedTestFileRunner.main(ForkedTestFileRunner.java:171)
Caused by: de.uka.ilkd.key.proof.init.ProofInputException: Could not find rule file rules/intRulesCheckedSemantics.key
	at de.uka.ilkd.key.proof.io.KeYFile.readIncludes(KeYFile.java:210)
	at de.uka.ilkd.key.proof.init.ProblemInitializer.readIncludes(ProblemInitializer.java:177)
	at de.uka.ilkd.key.proof.init.ProblemInitializer.readEnvInput(ProblemInitializer.java:325)
	at de.uka.ilkd.key.proof.init.ProblemInitializer.prepare(ProblemInitializer.java:449)
	at de.uka.ilkd.key.proof.io.AbstractProblemLoader.createInitConfig(AbstractProblemLoader.java:518)
	at de.uka.ilkd.key.proof.io.AbstractProblemLoader.loadEnvironment(AbstractProblemLoader.java:288)
	at de.uka.ilkd.key.proof.io.AbstractProblemLoader.load(AbstractProblemLoader.java:252)
	at de.uka.ilkd.key.control.AbstractUserInterfaceControl.load(AbstractUserInterfaceControl.java:209)
	... 7 more
Caused by: java.lang.RuntimeException: Could not find rule file rules/intRulesCheckedSemantics.key
	at de.uka.ilkd.key.proof.io.RuleSourceFactory.fromBuiltInRule(RuleSourceFactory.java:32)
	at de.uka.ilkd.key.proof.io.RuleSourceFactory.fromDefaultLocation(RuleSourceFactory.java:21)
	at de.uka.ilkd.key.nparser.builder.IncludeFinder.addInclude(IncludeFinder.java:63)
	at de.uka.ilkd.key.nparser.builder.IncludeFinder.visitOne_include(IncludeFinder.java:43)
	at de.uka.ilkd.key.nparser.builder.IncludeFinder.visitOne_include(IncludeFinder.java:20)
	at de.uka.ilkd.key.nparser.KeYParser$One_includeContext.accept(KeYParser.java:878)
	at de.uka.ilkd.key.nparser.builder.AbstractBuilder.lambda$mapOf$0(AbstractBuilder.java:112)
	at java.base/java.util.stream.ReferencePipeline$3$1.accept(ReferencePipeline.java:195)
	at java.base/java.util.ArrayList$ArrayListSpliterator.forEachRemaining(ArrayList.java:1655)
	at java.base/java.util.stream.AbstractPipeline.copyInto(AbstractPipeline.java:484)
	at java.base/java.util.stream.AbstractPipeline.wrapAndCopyInto(AbstractPipeline.java:474)
	at java.base/java.util.stream.ReduceOps$ReduceOp.evaluateSequential(ReduceOps.java:913)
	at java.base/java.util.stream.AbstractPipeline.evaluate(AbstractPipeline.java:234)
	at java.base/java.util.stream.ReferencePipeline.collect(ReferencePipeline.java:578)
	at de.uka.ilkd.key.nparser.builder.AbstractBuilder.mapOf(AbstractBuilder.java:112)
	at de.uka.ilkd.key.nparser.builder.IncludeFinder.visitOne_include_statement(IncludeFinder.java:35)
	at de.uka.ilkd.key.nparser.builder.IncludeFinder.visitOne_include_statement(IncludeFinder.java:20)
	at de.uka.ilkd.key.nparser.KeYParser$One_include_statementContext.accept(KeYParser.java:802)
	at org.antlr.v4.runtime.tree.AbstractParseTreeVisitor.visitChildren(AbstractParseTreeVisitor.java:46)
	at de.uka.ilkd.key.nparser.KeYParserBaseVisitor.visitDecls(KeYParserBaseVisitor.java:30)
	at de.uka.ilkd.key.nparser.KeYParser$DeclsContext.accept(KeYParser.java:500)
	at org.antlr.v4.runtime.tree.AbstractParseTreeVisitor.visitChildren(AbstractParseTreeVisitor.java:46)
	at de.uka.ilkd.key.nparser.KeYParserBaseVisitor.visitFile(KeYParserBaseVisitor.java:23)
	at de.uka.ilkd.key.nparser.KeYParser$FileContext.accept(KeYParser.java:306)
	at de.uka.ilkd.key.nparser.KeyAst.accept(KeyAst.java:41)
	at de.uka.ilkd.key.nparser.KeyAst$File.getIncludes(KeyAst.java:76)
	at de.uka.ilkd.key.proof.io.KeYFile.readIncludes(KeYFile.java:208)
	... 14 more
Could not find rule file rules/intRulesCheckedSemantics.key (file: /home/runner/work/key/key/key.core/../key.ui/examples/index/../InformationFlow/MiniExamples/mini.MiniExamples(mini.MiniExamples__secure_p2_8()).JML normal_behavior operation contract.0.key; caused by: de.uka.ilkd.key.proof.init.ProofInputException: Could not find rule file rules/intRulesCheckedSemantics.key)
	at de.uka.ilkd.key.control.AbstractUserInterfaceControl.load(AbstractUserInterfaceControl.java:221)
	at de.uka.ilkd.key.control.KeYEnvironment.load(KeYEnvironment.java:251)
	at de.uka.ilkd.key.control.KeYEnvironment.load(KeYEnvironment.java:224)
	at de.uka.ilkd.key.control.KeYEnvironment.load(KeYEnvironment.java:184)
	at de.uka.ilkd.key.control.KeYEnvironment.load(KeYEnvironment.java:261)
	at de.uka.ilkd.key.proof.runallproofs.proofcollection.TestFile.load(TestFile.java:270)
	at de.uka.ilkd.key.proof.runallproofs.proofcollection.TestFile.runKey(TestFile.java:160)
	at de.uka.ilkd.key.proof.runallproofs.proofcollection.ForkedTestFileRunner.main(ForkedTestFileRunner.java:171)
Caused by: de.uka.ilkd.key.proof.init.ProofInputException: Could not find rule file rules/intRulesCheckedSemantics.key
	at de.uka.ilkd.key.proof.io.KeYFile.readIncludes(KeYFile.java:210)
	at de.uka.ilkd.key.proof.init.ProblemInitializer.readIncludes(ProblemInitializer.java:177)
	at de.uka.ilkd.key.proof.init.ProblemInitializer.readEnvInput(ProblemInitializer.java:325)
	at de.uka.ilkd.key.proof.init.ProblemInitializer.prepare(ProblemInitializer.java:449)
	at de.uka.ilkd.key.proof.io.AbstractProblemLoader.createInitConfig(AbstractProblemLoader.java:518)
	at de.uka.ilkd.key.proof.io.AbstractProblemLoader.loadEnvironment(AbstractProblemLoader.java:288)
	at de.uka.ilkd.key.proof.io.AbstractProblemLoader.load(AbstractProblemLoader.java:252)
	at de.uka.ilkd.key.control.AbstractUserInterfaceControl.load(AbstractUserInterfaceControl.java:209)
	... 7 more
Caused by: java.lang.RuntimeException: Could not find rule file rules/intRulesCheckedSemantics.key
	at de.uka.ilkd.key.proof.io.RuleSourceFactory.fromBuiltInRule(RuleSourceFactory.java:32)
	at de.uka.ilkd.key.proof.io.RuleSourceFactory.fromDefaultLocation(RuleSourceFactory.java:21)
	at de.uka.ilkd.key.nparser.builder.IncludeFinder.addInclude(IncludeFinder.java:63)
	at de.uka.ilkd.key.nparser.builder.IncludeFinder.visitOne_include(IncludeFinder.java:43)
	at de.uka.ilkd.key.nparser.builder.IncludeFinder.visitOne_include(IncludeFinder.java:20)
	at de.uka.ilkd.key.nparser.KeYParser$One_includeContext.accept(KeYParser.java:878)
	at de.uka.ilkd.key.nparser.builder.AbstractBuilder.lambda$mapOf$0(AbstractBuilder.java:112)
	at java.base/java.util.stream.ReferencePipeline$3$1.accept(ReferencePipeline.java:195)
	at java.base/java.util.ArrayList$ArrayListSpliterator.forEachRemaining(ArrayList.java:1655)
	at java.base/java.util.stream.AbstractPipeline.copyInto(AbstractPipeline.java:484)
	at java.base/java.util.stream.AbstractPipeline.wrapAndCopyInto(AbstractPipeline.java:474)
	at java.base/java.util.stream.ReduceOps$ReduceOp.evaluateSequential(ReduceOps.java:913)
	at java.base/java.util.stream.AbstractPipeline.evaluate(AbstractPipeline.java:234)
	at java.base/java.util.stream.ReferencePipeline.collect(ReferencePipeline.java:578)
	at de.uka.ilkd.key.nparser.builder.AbstractBuilder.mapOf(AbstractBuilder.java:112)
	at de.uka.ilkd.key.nparser.builder.IncludeFinder.visitOne_include_statement(IncludeFinder.java:35)
	at de.uka.ilkd.key.nparser.builder.IncludeFinder.visitOne_include_statement(IncludeFinder.java:20)
	at de.uka.ilkd.key.nparser.KeYParser$One_include_statementContext.accept(KeYParser.java:802)
	at org.antlr.v4.runtime.tree.AbstractParseTreeVisitor.visitChildren(AbstractParseTreeVisitor.java:46)
	at de.uka.ilkd.key.nparser.KeYParserBaseVisitor.visitDecls(KeYParserBaseVisitor.java:30)
	at de.uka.ilkd.key.nparser.KeYParser$DeclsContext.accept(KeYParser.java:500)
	at org.antlr.v4.runtime.tree.AbstractParseTreeVisitor.visitChildren(AbstractParseTreeVisitor.java:46)
	at de.uka.ilkd.key.nparser.KeYParserBaseVisitor.visitFile(KeYParserBaseVisitor.java:23)
	at de.uka.ilkd.key.nparser.KeYParser$FileContext.accept(KeYParser.java:306)
	at de.uka.ilkd.key.nparser.KeyAst.accept(KeyAst.java:41)
	at de.uka.ilkd.key.nparser.KeyAst$File.getIncludes(KeyAst.java:76)
	at de.uka.ilkd.key.proof.io.KeYFile.readIncludes(KeYFile.java:208)
	... 14 more
Could not find rule file rules/intRulesCheckedSemantics.key (file: /home/runner/work/key/key/key.core/../key.ui/examples/index/../InformationFlow/MiniExamples/mini.MiniExamples(mini.MiniExamples__secure_parameter(int)).JML operation contract.0.key; caused by: de.uka.ilkd.key.proof.init.ProofInputException: Could not find rule file rules/intRulesCheckedSemantics.key)
	at de.uka.ilkd.key.control.AbstractUserInterfaceControl.load(AbstractUserInterfaceControl.java:221)
	at de.uka.ilkd.key.control.KeYEnvironment.load(KeYEnvironment.java:251)
	at de.uka.ilkd.key.control.KeYEnvironment.load(KeYEnvironment.java:224)
	at de.uka.ilkd.key.control.KeYEnvironment.load(KeYEnvironment.java:184)
	at de.uka.ilkd.key.control.KeYEnvironment.load(KeYEnvironment.java:261)
	at de.uka.ilkd.key.proof.runallproofs.proofcollection.TestFile.load(TestFile.java:270)
	at de.uka.ilkd.key.proof.runallproofs.proofcollection.TestFile.runKey(TestFile.java:160)
	at de.uka.ilkd.key.proof.runallproofs.proofcollection.ForkedTestFileRunner.main(ForkedTestFileRunner.java:171)
Caused by: de.uka.ilkd.key.proof.init.ProofInputException: Could not find rule file rules/intRulesCheckedSemantics.key
	at de.uka.ilkd.key.proof.io.KeYFile.readIncludes(KeYFile.java:210)
	at de.uka.ilkd.key.proof.init.ProblemInitializer.readIncludes(ProblemInitializer.java:177)
	at de.uka.ilkd.key.proof.init.ProblemInitializer.readEnvInput(ProblemInitializer.java:325)
	at de.uka.ilkd.key.proof.init.ProblemInitializer.prepare(ProblemInitializer.java:449)
	at de.uka.ilkd.key.proof.io.AbstractProblemLoader.createInitConfig(AbstractProblemLoader.java:518)
	at de.uka.ilkd.key.proof.io.AbstractProblemLoader.loadEnvironment(AbstractProblemLoader.java:288)
	at de.uka.ilkd.key.proof.io.AbstractProblemLoader.load(AbstractProblemLoader.java:252)
	at de.uka.ilkd.key.control.AbstractUserInterfaceControl.load(AbstractUserInterfaceControl.java:209)
	... 7 more
Caused by: java.lang.RuntimeException: Could not find rule file rules/intRulesCheckedSemantics.key
	at de.uka.ilkd.key.proof.io.RuleSourceFactory.fromBuiltInRule(RuleSourceFactory.java:32)
	at de.uka.ilkd.key.proof.io.RuleSourceFactory.fromDefaultLocation(RuleSourceFactory.java:21)
	at de.uka.ilkd.key.nparser.builder.IncludeFinder.addInclude(IncludeFinder.java:63)
	at de.uka.ilkd.key.nparser.builder.IncludeFinder.visitOne_include(IncludeFinder.java:43)
	at de.uka.ilkd.key.nparser.builder.IncludeFinder.visitOne_include(IncludeFinder.java:20)
	at de.uka.ilkd.key.nparser.KeYParser$One_includeContext.accept(KeYParser.java:878)
	at de.uka.ilkd.key.nparser.builder.AbstractBuilder.lambda$mapOf$0(AbstractBuilder.java:112)
	at java.base/java.util.stream.ReferencePipeline$3$1.accept(ReferencePipeline.java:195)
	at java.base/java.util.ArrayList$ArrayListSpliterator.forEachRemaining(ArrayList.java:1655)
	at java.base/java.util.stream.AbstractPipeline.copyInto(AbstractPipeline.java:484)
	at java.base/java.util.stream.AbstractPipeline.wrapAndCopyInto(AbstractPipeline.java:474)
	at java.base/java.util.stream.ReduceOps$ReduceOp.evaluateSequential(ReduceOps.java:913)
	at java.base/java.util.stream.AbstractPipeline.evaluate(AbstractPipeline.java:234)
	at java.base/java.util.stream.ReferencePipeline.collect(ReferencePipeline.java:578)
	at de.uka.ilkd.key.nparser.builder.AbstractBuilder.mapOf(AbstractBuilder.java:112)
	at de.uka.ilkd.key.nparser.builder.IncludeFinder.visitOne_include_statement(IncludeFinder.java:35)
	at de.uka.ilkd.key.nparser.builder.IncludeFinder.visitOne_include_statement(IncludeFinder.java:20)
	at de.uka.ilkd.key.nparser.KeYParser$One_include_statementContext.accept(KeYParser.java:802)
	at org.antlr.v4.runtime.tree.AbstractParseTreeVisitor.visitChildren(AbstractParseTreeVisitor.java:46)
	at de.uka.ilkd.key.nparser.KeYParserBaseVisitor.visitDecls(KeYParserBaseVisitor.java:30)
	at de.uka.ilkd.key.nparser.KeYParser$DeclsContext.accept(KeYParser.java:500)
	at org.antlr.v4.runtime.tree.AbstractParseTreeVisitor.visitChildren(AbstractParseTreeVisitor.java:46)
	at de.uka.ilkd.key.nparser.KeYParserBaseVisitor.visitFile(KeYParserBaseVisitor.java:23)
	at de.uka.ilkd.key.nparser.KeYParser$FileContext.accept(KeYParser.java:306)
	at de.uka.ilkd.key.nparser.KeyAst.accept(KeyAst.java:41)
	at de.uka.ilkd.key.nparser.KeyAst$File.getIncludes(KeyAst.java:76)
	at de.uka.ilkd.key.proof.io.KeYFile.readIncludes(KeYFile.java:208)
	... 14 more
Could not find rule file rules/intRulesCheckedSemantics.key (file: /home/runner/work/key/key/key.core/../key.ui/examples/index/../InformationFlow/MiniExamples/mini.MiniExamples(mini.MiniExamples__secure_p2_7()).JML normal_behavior operation contract.0.key; caused by: de.uka.ilkd.key.proof.init.ProofInputException: Could not find rule file rules/intRulesCheckedSemantics.key)
	at de.uka.ilkd.key.control.AbstractUserInterfaceControl.load(AbstractUserInterfaceControl.java:221)
	at de.uka.ilkd.key.control.KeYEnvironment.load(KeYEnvironment.java:251)
	at de.uka.ilkd.key.control.KeYEnvironment.load(KeYEnvironment.java:224)
	at de.uka.ilkd.key.control.KeYEnvironment.load(KeYEnvironment.java:184)
	at de.uka.ilkd.key.control.KeYEnvironment.load(KeYEnvironment.java:261)
	at de.uka.ilkd.key.proof.runallproofs.proofcollection.TestFile.load(TestFile.java:270)
	at de.uka.ilkd.key.proof.runallproofs.proofcollection.TestFile.runKey(TestFile.java:160)
	at de.uka.ilkd.key.proof.runallproofs.proofcollection.ForkedTestFileRunner.main(ForkedTestFileRunner.java:171)
Caused by: de.uka.ilkd.key.proof.init.ProofInputException: Could not find rule file rules/intRulesCheckedSemantics.key
	at de.uka.ilkd.key.proof.io.KeYFile.readIncludes(KeYFile.java:210)
	at de.uka.ilkd.key.proof.init.ProblemInitializer.readIncludes(ProblemInitializer.java:177)
	at de.uka.ilkd.key.proof.init.ProblemInitializer.readEnvInput(ProblemInitializer.java:325)
	at de.uka.ilkd.key.proof.init.ProblemInitializer.prepare(ProblemInitializer.java:449)
	at de.uka.ilkd.key.proof.io.AbstractProblemLoader.createInitConfig(AbstractProblemLoader.java:518)
	at de.uka.ilkd.key.proof.io.AbstractProblemLoader.loadEnvironment(AbstractProblemLoader.java:288)
	at de.uka.ilkd.key.proof.io.AbstractProblemLoader.load(AbstractProblemLoader.java:252)
	at de.uka.ilkd.key.control.AbstractUserInterfaceControl.load(AbstractUserInterfaceControl.java:209)
	... 7 more
Caused by: java.lang.RuntimeException: Could not find rule file rules/intRulesCheckedSemantics.key
	at de.uka.ilkd.key.proof.io.RuleSourceFactory.fromBuiltInRule(RuleSourceFactory.java:32)
	at de.uka.ilkd.key.proof.io.RuleSourceFactory.fromDefaultLocation(RuleSourceFactory.java:21)
	at de.uka.ilkd.key.nparser.builder.IncludeFinder.addInclude(IncludeFinder.java:63)
	at de.uka.ilkd.key.nparser.builder.IncludeFinder.visitOne_include(IncludeFinder.java:43)
	at de.uka.ilkd.key.nparser.builder.IncludeFinder.visitOne_include(IncludeFinder.java:20)
	at de.uka.ilkd.key.nparser.KeYParser$One_includeContext.accept(KeYParser.java:878)
	at de.uka.ilkd.key.nparser.builder.AbstractBuilder.lambda$mapOf$0(AbstractBuilder.java:112)
	at java.base/java.util.stream.ReferencePipeline$3$1.accept(ReferencePipeline.java:195)
	at java.base/java.util.ArrayList$ArrayListSpliterator.forEachRemaining(ArrayList.java:1655)
	at java.base/java.util.stream.AbstractPipeline.copyInto(AbstractPipeline.java:484)
	at java.base/java.util.stream.AbstractPipeline.wrapAndCopyInto(AbstractPipeline.java:474)
	at java.base/java.util.stream.ReduceOps$ReduceOp.evaluateSequential(ReduceOps.java:913)
	at java.base/java.util.stream.AbstractPipeline.evaluate(AbstractPipeline.java:234)
	at java.base/java.util.stream.ReferencePipeline.collect(ReferencePipeline.java:578)
	at de.uka.ilkd.key.nparser.builder.AbstractBuilder.mapOf(AbstractBuilder.java:112)
	at de.uka.ilkd.key.nparser.builder.IncludeFinder.visitOne_include_statement(IncludeFinder.java:35)
	at de.uka.ilkd.key.nparser.builder.IncludeFinder.visitOne_include_statement(IncludeFinder.java:20)
	at de.uka.ilkd.key.nparser.KeYParser$One_include_statementContext.accept(KeYParser.java:802)
	at org.antlr.v4.runtime.tree.AbstractParseTreeVisitor.visitChildren(AbstractParseTreeVisitor.java:46)
	at de.uka.ilkd.key.nparser.KeYParserBaseVisitor.visitDecls(KeYParserBaseVisitor.java:30)
	at de.uka.ilkd.key.nparser.KeYParser$DeclsContext.accept(KeYParser.java:500)
	at org.antlr.v4.runtime.tree.AbstractParseTreeVisitor.visitChildren(AbstractParseTreeVisitor.java:46)
	at de.uka.ilkd.key.nparser.KeYParserBaseVisitor.visitFile(KeYParserBaseVisitor.java:23)
	at de.uka.ilkd.key.nparser.KeYParser$FileContext.accept(KeYParser.java:306)
	at de.uka.ilkd.key.nparser.KeyAst.accept(KeyAst.java:41)
	at de.uka.ilkd.key.nparser.KeyAst$File.getIncludes(KeyAst.java:76)
	at de.uka.ilkd.key.proof.io.KeYFile.readIncludes(KeYFile.java:208)
	... 14 more
Could not find rule file rules/intRulesCheckedSemantics.key (file: /home/runner/work/key/key/key.core/../key.ui/examples/index/../InformationFlow/MiniExamples/mini.MiniExamples(mini.MiniExamples__insecure_p2_2()).JML normal_behavior operation contract.0.key; caused by: de.uka.ilkd.key.proof.init.ProofInputException: Could not find rule file rules/intRulesCheckedSemantics.key)
	at de.uka.ilkd.key.control.AbstractUserInterfaceControl.load(AbstractUserInterfaceControl.java:221)
	at de.uka.ilkd.key.control.KeYEnvironment.load(KeYEnvironment.java:251)
	at de.uka.ilkd.key.control.KeYEnvironment.load(KeYEnvironment.java:224)
	at de.uka.ilkd.key.control.KeYEnvironment.load(KeYEnvironment.java:184)
	at de.uka.ilkd.key.control.KeYEnvironment.load(KeYEnvironment.java:261)
	at de.uka.ilkd.key.proof.runallproofs.proofcollection.TestFile.load(TestFile.java:270)
	at de.uka.ilkd.key.proof.runallproofs.proofcollection.TestFile.runKey(TestFile.java:160)
	at de.uka.ilkd.key.proof.runallproofs.proofcollection.ForkedTestFileRunner.main(ForkedTestFileRunner.java:171)
Caused by: de.uka.ilkd.key.proof.init.ProofInputException: Could not find rule file rules/intRulesCheckedSemantics.key
	at de.uka.ilkd.key.proof.io.KeYFile.readIncludes(KeYFile.java:210)
	at de.uka.ilkd.key.proof.init.ProblemInitializer.readIncludes(ProblemInitializer.java:177)
	at de.uka.ilkd.key.proof.init.ProblemInitializer.readEnvInput(ProblemInitializer.java:325)
	at de.uka.ilkd.key.proof.init.ProblemInitializer.prepare(ProblemInitializer.java:449)
	at de.uka.ilkd.key.proof.io.AbstractProblemLoader.createInitConfig(AbstractProblemLoader.java:518)
	at de.uka.ilkd.key.proof.io.AbstractProblemLoader.loadEnvironment(AbstractProblemLoader.java:288)
	at de.uka.ilkd.key.proof.io.AbstractProblemLoader.load(AbstractProblemLoader.java:252)
	at de.uka.ilkd.key.control.AbstractUserInterfaceControl.load(AbstractUserInterfaceControl.java:209)
	... 7 more
Caused by: java.lang.RuntimeException: Could not find rule file rules/intRulesCheckedSemantics.key
	at de.uka.ilkd.key.proof.io.RuleSourceFactory.fromBuiltInRule(RuleSourceFactory.java:32)
	at de.uka.ilkd.key.proof.io.RuleSourceFactory.fromDefaultLocation(RuleSourceFactory.java:21)
	at de.uka.ilkd.key.nparser.builder.IncludeFinder.addInclude(IncludeFinder.java:63)
	at de.uka.ilkd.key.nparser.builder.IncludeFinder.visitOne_include(IncludeFinder.java:43)
	at de.uka.ilkd.key.nparser.builder.IncludeFinder.visitOne_include(IncludeFinder.java:20)
	at de.uka.ilkd.key.nparser.KeYParser$One_includeContext.accept(KeYParser.java:878)
	at de.uka.ilkd.key.nparser.builder.AbstractBuilder.lambda$mapOf$0(AbstractBuilder.java:112)
	at java.base/java.util.stream.ReferencePipeline$3$1.accept(ReferencePipeline.java:195)
	at java.base/java.util.ArrayList$ArrayListSpliterator.forEachRemaining(ArrayList.java:1655)
	at java.base/java.util.stream.AbstractPipeline.copyInto(AbstractPipeline.java:484)
	at java.base/java.util.stream.AbstractPipeline.wrapAndCopyInto(AbstractPipeline.java:474)
	at java.base/java.util.stream.ReduceOps$ReduceOp.evaluateSequential(ReduceOps.java:913)
	at java.base/java.util.stream.AbstractPipeline.evaluate(AbstractPipeline.java:234)
	at java.base/java.util.stream.ReferencePipeline.collect(ReferencePipeline.java:578)
	at de.uka.ilkd.key.nparser.builder.AbstractBuilder.mapOf(AbstractBuilder.java:112)
	at de.uka.ilkd.key.nparser.builder.IncludeFinder.visitOne_include_statement(IncludeFinder.java:35)
	at de.uka.ilkd.key.nparser.builder.IncludeFinder.visitOne_include_statement(IncludeFinder.java:20)
	at de.uka.ilkd.key.nparser.KeYParser$One_include_statementContext.accept(KeYParser.java:802)
	at org.antlr.v4.runtime.tree.AbstractParseTreeVisitor.visitChildren(AbstractParseTreeVisitor.java:46)
	at de.uka.ilkd.key.nparser.KeYParserBaseVisitor.visitDecls(KeYParserBaseVisitor.java:30)
	at de.uka.ilkd.key.nparser.KeYParser$DeclsContext.accept(KeYParser.java:500)
	at org.antlr.v4.runtime.tree.AbstractParseTreeVisitor.visitChildren(AbstractParseTreeVisitor.java:46)
	at de.uka.ilkd.key.nparser.KeYParserBaseVisitor.visitFile(KeYParserBaseVisitor.java:23)
	at de.uka.ilkd.key.nparser.KeYParser$FileContext.accept(KeYParser.java:306)
	at de.uka.ilkd.key.nparser.KeyAst.accept(KeyAst.java:41)
	at de.uka.ilkd.key.nparser.KeyAst$File.getIncludes(KeyAst.java:76)
	at de.uka.ilkd.key.proof.io.KeYFile.readIncludes(KeYFile.java:208)
	... 14 more
Could not find rule file rules/intRulesCheckedSemantics.key (file: /home/runner/work/key/key/key.core/../key.ui/examples/index/../InformationFlow/MiniExamples/mini.MiniExamples(mini.MiniExamples__secure_p2_6()).JML normal_behavior operation contract.0.key; caused by: de.uka.ilkd.key.proof.init.ProofInputException: Could not find rule file rules/intRulesCheckedSemantics.key)
	at de.uka.ilkd.key.control.AbstractUserInterfaceControl.load(AbstractUserInterfaceControl.java:221)
	at de.uka.ilkd.key.control.KeYEnvironment.load(KeYEnvironment.java:251)
	at de.uka.ilkd.key.control.KeYEnvironment.load(KeYEnvironment.java:224)
	at de.uka.ilkd.key.control.KeYEnvironment.load(KeYEnvironment.java:184)
	at de.uka.ilkd.key.control.KeYEnvironment.load(KeYEnvironment.java:261)
	at de.uka.ilkd.key.proof.runallproofs.proofcollection.TestFile.load(TestFile.java:270)
	at de.uka.ilkd.key.proof.runallproofs.proofcollection.TestFile.runKey(TestFile.java:160)
	at de.uka.ilkd.key.proof.runallproofs.proofcollection.ForkedTestFileRunner.main(ForkedTestFileRunner.java:171)
Caused by: de.uka.ilkd.key.proof.init.ProofInputException: Could not find rule file rules/intRulesCheckedSemantics.key
	at de.uka.ilkd.key.proof.io.KeYFile.readIncludes(KeYFile.java:210)
	at de.uka.ilkd.key.proof.init.ProblemInitializer.readIncludes(ProblemInitializer.java:177)
	at de.uka.ilkd.key.proof.init.ProblemInitializer.readEnvInput(ProblemInitializer.java:325)
	at de.uka.ilkd.key.proof.init.ProblemInitializer.prepare(ProblemInitializer.java:449)
	at de.uka.ilkd.key.proof.io.AbstractProblemLoader.createInitConfig(AbstractProblemLoader.java:518)
	at de.uka.ilkd.key.proof.io.AbstractProblemLoader.loadEnvironment(AbstractProblemLoader.java:288)
	at de.uka.ilkd.key.proof.io.AbstractProblemLoader.load(AbstractProblemLoader.java:252)
	at de.uka.ilkd.key.control.AbstractUserInterfaceControl.load(AbstractUserInterfaceControl.java:209)
	... 7 more
Caused by: java.lang.RuntimeException: Could not find rule file rules/intRulesCheckedSemantics.key
	at de.uka.ilkd.key.proof.io.RuleSourceFactory.fromBuiltInRule(RuleSourceFactory.java:32)
	at de.uka.ilkd.key.proof.io.RuleSourceFactory.fromDefaultLocation(RuleSourceFactory.java:21)
	at de.uka.ilkd.key.nparser.builder.IncludeFinder.addInclude(IncludeFinder.java:63)
	at de.uka.ilkd.key.nparser.builder.IncludeFinder.visitOne_include(IncludeFinder.java:43)
	at de.uka.ilkd.key.nparser.builder.IncludeFinder.visitOne_include(IncludeFinder.java:20)
	at de.uka.ilkd.key.nparser.KeYParser$One_includeContext.accept(KeYParser.java:878)
	at de.uka.ilkd.key.nparser.builder.AbstractBuilder.lambda$mapOf$0(AbstractBuilder.java:112)
	at java.base/java.util.stream.ReferencePipeline$3$1.accept(ReferencePipeline.java:195)
	at java.base/java.util.ArrayList$ArrayListSpliterator.forEachRemaining(ArrayList.java:1655)
	at java.base/java.util.stream.AbstractPipeline.copyInto(AbstractPipeline.java:484)
	at java.base/java.util.stream.AbstractPipeline.wrapAndCopyInto(AbstractPipeline.java:474)
	at java.base/java.util.stream.ReduceOps$ReduceOp.evaluateSequential(ReduceOps.java:913)
	at java.base/java.util.stream.AbstractPipeline.evaluate(AbstractPipeline.java:234)
	at java.base/java.util.stream.ReferencePipeline.collect(ReferencePipeline.java:578)
	at de.uka.ilkd.key.nparser.builder.AbstractBuilder.mapOf(AbstractBuilder.java:112)
	at de.uka.ilkd.key.nparser.builder.IncludeFinder.visitOne_include_statement(IncludeFinder.java:35)
	at de.uka.ilkd.key.nparser.builder.IncludeFinder.visitOne_include_statement(IncludeFinder.java:20)
	at de.uka.ilkd.key.nparser.KeYParser$One_include_statementContext.accept(KeYParser.java:802)
	at org.antlr.v4.runtime.tree.AbstractParseTreeVisitor.visitChildren(AbstractParseTreeVisitor.java:46)
	at de.uka.ilkd.key.nparser.KeYParserBaseVisitor.visitDecls(KeYParserBaseVisitor.java:30)
	at de.uka.ilkd.key.nparser.KeYParser$DeclsContext.accept(KeYParser.java:500)
	at org.antlr.v4.runtime.tree.AbstractParseTreeVisitor.visitChildren(AbstractParseTreeVisitor.java:46)
	at de.uka.ilkd.key.nparser.KeYParserBaseVisitor.visitFile(KeYParserBaseVisitor.java:23)
	at de.uka.ilkd.key.nparser.KeYParser$FileContext.accept(KeYParser.java:306)
	at de.uka.ilkd.key.nparser.KeyAst.accept(KeyAst.java:41)
	at de.uka.ilkd.key.nparser.KeyAst$File.getIncludes(KeyAst.java:76)
	at de.uka.ilkd.key.proof.io.KeYFile.readIncludes(KeYFile.java:208)
	... 14 more
Could not find rule file rules/intRulesCheckedSemantics.key (file: /home/runner/work/key/key/key.core/../key.ui/examples/index/../InformationFlow/MiniExamples/mini.MiniExamples(mini.MiniExamples__secure_p2_5()).JML normal_behavior operation contract.0.key; caused by: de.uka.ilkd.key.proof.init.ProofInputException: Could not find rule file rules/intRulesCheckedSemantics.key)
	at de.uka.ilkd.key.control.AbstractUserInterfaceControl.load(AbstractUserInterfaceControl.java:221)
	at de.uka.ilkd.key.control.KeYEnvironment.load(KeYEnvironment.java:251)
	at de.uka.ilkd.key.control.KeYEnvironment.load(KeYEnvironment.java:224)
	at de.uka.ilkd.key.control.KeYEnvironment.load(KeYEnvironment.java:184)
	at de.uka.ilkd.key.control.KeYEnvironment.load(KeYEnvironment.java:261)
	at de.uka.ilkd.key.proof.runallproofs.proofcollection.TestFile.load(TestFile.java:270)
	at de.uka.ilkd.key.proof.runallproofs.proofcollection.TestFile.runKey(TestFile.java:160)
	at de.uka.ilkd.key.proof.runallproofs.proofcollection.ForkedTestFileRunner.main(ForkedTestFileRunner.java:171)
Caused by: de.uka.ilkd.key.proof.init.ProofInputException: Could not find rule file rules/intRulesCheckedSemantics.key
	at de.uka.ilkd.key.proof.io.KeYFile.readIncludes(KeYFile.java:210)
	at de.uka.ilkd.key.proof.init.ProblemInitializer.readIncludes(ProblemInitializer.java:177)
	at de.uka.ilkd.key.proof.init.ProblemInitializer.readEnvInput(ProblemInitializer.java:325)
	at de.uka.ilkd.key.proof.init.ProblemInitializer.prepare(ProblemInitializer.java:449)
	at de.uka.ilkd.key.proof.io.AbstractProblemLoader.createInitConfig(AbstractProblemLoader.java:518)
	at de.uka.ilkd.key.proof.io.AbstractProblemLoader.loadEnvironment(AbstractProblemLoader.java:288)
	at de.uka.ilkd.key.proof.io.AbstractProblemLoader.load(AbstractProblemLoader.java:252)
	at de.uka.ilkd.key.control.AbstractUserInterfaceControl.load(AbstractUserInterfaceControl.java:209)
	... 7 more
Caused by: java.lang.RuntimeException: Could not find rule file rules/intRulesCheckedSemantics.key
	at de.uka.ilkd.key.proof.io.RuleSourceFactory.fromBuiltInRule(RuleSourceFactory.java:32)
	at de.uka.ilkd.key.proof.io.RuleSourceFactory.fromDefaultLocation(RuleSourceFactory.java:21)
	at de.uka.ilkd.key.nparser.builder.IncludeFinder.addInclude(IncludeFinder.java:63)
	at de.uka.ilkd.key.nparser.builder.IncludeFinder.visitOne_include(IncludeFinder.java:43)
	at de.uka.ilkd.key.nparser.builder.IncludeFinder.visitOne_include(IncludeFinder.java:20)
	at de.uka.ilkd.key.nparser.KeYParser$One_includeContext.accept(KeYParser.java:878)
	at de.uka.ilkd.key.nparser.builder.AbstractBuilder.lambda$mapOf$0(AbstractBuilder.java:112)
	at java.base/java.util.stream.ReferencePipeline$3$1.accept(ReferencePipeline.java:195)
	at java.base/java.util.ArrayList$ArrayListSpliterator.forEachRemaining(ArrayList.java:1655)
	at java.base/java.util.stream.AbstractPipeline.copyInto(AbstractPipeline.java:484)
	at java.base/java.util.stream.AbstractPipeline.wrapAndCopyInto(AbstractPipeline.java:474)
	at java.base/java.util.stream.ReduceOps$ReduceOp.evaluateSequential(ReduceOps.java:913)
	at java.base/java.util.stream.AbstractPipeline.evaluate(AbstractPipeline.java:234)
	at java.base/java.util.stream.ReferencePipeline.collect(ReferencePipeline.java:578)
	at de.uka.ilkd.key.nparser.builder.AbstractBuilder.mapOf(AbstractBuilder.java:112)
	at de.uka.ilkd.key.nparser.builder.IncludeFinder.visitOne_include_statement(IncludeFinder.java:35)
	at de.uka.ilkd.key.nparser.builder.IncludeFinder.visitOne_include_statement(IncludeFinder.java:20)
	at de.uka.ilkd.key.nparser.KeYParser$One_include_statementContext.accept(KeYParser.java:802)
	at org.antlr.v4.runtime.tree.AbstractParseTreeVisitor.visitChildren(AbstractParseTreeVisitor.java:46)
	at de.uka.ilkd.key.nparser.KeYParserBaseVisitor.visitDecls(KeYParserBaseVisitor.java:30)
	at de.uka.ilkd.key.nparser.KeYParser$DeclsContext.accept(KeYParser.java:500)
	at org.antlr.v4.runtime.tree.AbstractParseTreeVisitor.visitChildren(AbstractParseTreeVisitor.java:46)
	at de.uka.ilkd.key.nparser.KeYParserBaseVisitor.visitFile(KeYParserBaseVisitor.java:23)
	at de.uka.ilkd.key.nparser.KeYParser$FileContext.accept(KeYParser.java:306)
	at de.uka.ilkd.key.nparser.KeyAst.accept(KeyAst.java:41)
	at de.uka.ilkd.key.nparser.KeyAst$File.getIncludes(KeyAst.java:76)
	at de.uka.ilkd.key.proof.io.KeYFile.readIncludes(KeYFile.java:208)
	... 14 more
Could not find rule file rules/intRulesCheckedSemantics.key (file: /home/runner/work/key/key/key.core/../key.ui/examples/index/../InformationFlow/MiniExamples/mini.MiniExamples(mini.MiniExamples__secure_p2_4()).JML normal_behavior operation contract.0.key; caused by: de.uka.ilkd.key.proof.init.ProofInputException: Could not find rule file rules/intRulesCheckedSemantics.key)
	at de.uka.ilkd.key.control.AbstractUserInterfaceControl.load(AbstractUserInterfaceControl.java:221)
	at de.uka.ilkd.key.control.KeYEnvironment.load(KeYEnvironment.java:251)
	at de.uka.ilkd.key.control.KeYEnvironment.load(KeYEnvironment.java:224)
	at de.uka.ilkd.key.control.KeYEnvironment.load(KeYEnvironment.java:184)
	at de.uka.ilkd.key.control.KeYEnvironment.load(KeYEnvironment.java:261)
	at de.uka.ilkd.key.proof.runallproofs.proofcollection.TestFile.load(TestFile.java:270)
	at de.uka.ilkd.key.proof.runallproofs.proofcollection.TestFile.runKey(TestFile.java:160)
	at de.uka.ilkd.key.proof.runallproofs.proofcollection.ForkedTestFileRunner.main(ForkedTestFileRunner.java:171)
Caused by: de.uka.ilkd.key.proof.init.ProofInputException: Could not find rule file rules/intRulesCheckedSemantics.key
	at de.uka.ilkd.key.proof.io.KeYFile.readIncludes(KeYFile.java:210)
	at de.uka.ilkd.key.proof.init.ProblemInitializer.readIncludes(ProblemInitializer.java:177)
	at de.uka.ilkd.key.proof.init.ProblemInitializer.readEnvInput(ProblemInitializer.java:325)
	at de.uka.ilkd.key.proof.init.ProblemInitializer.prepare(ProblemInitializer.java:449)
	at de.uka.ilkd.key.proof.io.AbstractProblemLoader.createInitConfig(AbstractProblemLoader.java:518)
	at de.uka.ilkd.key.proof.io.AbstractProblemLoader.loadEnvironment(AbstractProblemLoader.java:288)
	at de.uka.ilkd.key.proof.io.AbstractProblemLoader.load(AbstractProblemLoader.java:252)
	at de.uka.ilkd.key.control.AbstractUserInterfaceControl.load(AbstractUserInterfaceControl.java:209)
	... 7 more
Caused by: java.lang.RuntimeException: Could not find rule file rules/intRulesCheckedSemantics.key
	at de.uka.ilkd.key.proof.io.RuleSourceFactory.fromBuiltInRule(RuleSourceFactory.java:32)
	at de.uka.ilkd.key.proof.io.RuleSourceFactory.fromDefaultLocation(RuleSourceFactory.java:21)
	at de.uka.ilkd.key.nparser.builder.IncludeFinder.addInclude(IncludeFinder.java:63)
	at de.uka.ilkd.key.nparser.builder.IncludeFinder.visitOne_include(IncludeFinder.java:43)
	at de.uka.ilkd.key.nparser.builder.IncludeFinder.visitOne_include(IncludeFinder.java:20)
	at de.uka.ilkd.key.nparser.KeYParser$One_includeContext.accept(KeYParser.java:878)
	at de.uka.ilkd.key.nparser.builder.AbstractBuilder.lambda$mapOf$0(AbstractBuilder.java:112)
	at java.base/java.util.stream.ReferencePipeline$3$1.accept(ReferencePipeline.java:195)
	at java.base/java.util.ArrayList$ArrayListSpliterator.forEachRemaining(ArrayList.java:1655)
	at java.base/java.util.stream.AbstractPipeline.copyInto(AbstractPipeline.java:484)
	at java.base/java.util.stream.AbstractPipeline.wrapAndCopyInto(AbstractPipeline.java:474)
	at java.base/java.util.stream.ReduceOps$ReduceOp.evaluateSequential(ReduceOps.java:913)
	at java.base/java.util.stream.AbstractPipeline.evaluate(AbstractPipeline.java:234)
	at java.base/java.util.stream.ReferencePipeline.collect(ReferencePipeline.java:578)
	at de.uka.ilkd.key.nparser.builder.AbstractBuilder.mapOf(AbstractBuilder.java:112)
	at de.uka.ilkd.key.nparser.builder.IncludeFinder.visitOne_include_statement(IncludeFinder.java:35)
	at de.uka.ilkd.key.nparser.builder.IncludeFinder.visitOne_include_statement(IncludeFinder.java:20)
	at de.uka.ilkd.key.nparser.KeYParser$One_include_statementContext.accept(KeYParser.java:802)
	at org.antlr.v4.runtime.tree.AbstractParseTreeVisitor.visitChildren(AbstractParseTreeVisitor.java:46)
	at de.uka.ilkd.key.nparser.KeYParserBaseVisitor.visitDecls(KeYParserBaseVisitor.java:30)
	at de.uka.ilkd.key.nparser.KeYParser$DeclsContext.accept(KeYParser.java:500)
	at org.antlr.v4.runtime.tree.AbstractParseTreeVisitor.visitChildren(AbstractParseTreeVisitor.java:46)
	at de.uka.ilkd.key.nparser.KeYParserBaseVisitor.visitFile(KeYParserBaseVisitor.java:23)
	at de.uka.ilkd.key.nparser.KeYParser$FileContext.accept(KeYParser.java:306)
	at de.uka.ilkd.key.nparser.KeyAst.accept(KeyAst.java:41)
	at de.uka.ilkd.key.nparser.KeyAst$File.getIncludes(KeyAst.java:76)
	at de.uka.ilkd.key.proof.io.KeYFile.readIncludes(KeYFile.java:208)
	... 14 more
Could not find rule file rules/intRulesCheckedSemantics.key (file: /home/runner/work/key/key/key.core/../key.ui/examples/index/../InformationFlow/MiniExamples/mini.MiniExamples(mini.MiniExamples__secure_p2_3()).JML normal_behavior operation contract.0.key; caused by: de.uka.ilkd.key.proof.init.ProofInputException: Could not find rule file rules/intRulesCheckedSemantics.key)
	at de.uka.ilkd.key.control.AbstractUserInterfaceControl.load(AbstractUserInterfaceControl.java:221)
	at de.uka.ilkd.key.control.KeYEnvironment.load(KeYEnvironment.java:251)
	at de.uka.ilkd.key.control.KeYEnvironment.load(KeYEnvironment.java:224)
	at de.uka.ilkd.key.control.KeYEnvironment.load(KeYEnvironment.java:184)
	at de.uka.ilkd.key.control.KeYEnvironment.load(KeYEnvironment.java:261)
	at de.uka.ilkd.key.proof.runallproofs.proofcollection.TestFile.load(TestFile.java:270)
	at de.uka.ilkd.key.proof.runallproofs.proofcollection.TestFile.runKey(TestFile.java:160)
	at de.uka.ilkd.key.proof.runallproofs.proofcollection.ForkedTestFileRunner.main(ForkedTestFileRunner.java:171)
Caused by: de.uka.ilkd.key.proof.init.ProofInputException: Could not find rule file rules/intRulesCheckedSemantics.key
	at de.uka.ilkd.key.proof.io.KeYFile.readIncludes(KeYFile.java:210)
	at de.uka.ilkd.key.proof.init.ProblemInitializer.readIncludes(ProblemInitializer.java:177)
	at de.uka.ilkd.key.proof.init.ProblemInitializer.readEnvInput(ProblemInitializer.java:325)
	at de.uka.ilkd.key.proof.init.ProblemInitializer.prepare(ProblemInitializer.java:449)
	at de.uka.ilkd.key.proof.io.AbstractProblemLoader.createInitConfig(AbstractProblemLoader.java:518)
	at de.uka.ilkd.key.proof.io.AbstractProblemLoader.loadEnvironment(AbstractProblemLoader.java:288)
	at de.uka.ilkd.key.proof.io.AbstractProblemLoader.load(AbstractProblemLoader.java:252)
	at de.uka.ilkd.key.control.AbstractUserInterfaceControl.load(AbstractUserInterfaceControl.java:209)
	... 7 more
Caused by: java.lang.RuntimeException: Could not find rule file rules/intRulesCheckedSemantics.key
	at de.uka.ilkd.key.proof.io.RuleSourceFactory.fromBuiltInRule(RuleSourceFactory.java:32)
	at de.uka.ilkd.key.proof.io.RuleSourceFactory.fromDefaultLocation(RuleSourceFactory.java:21)
	at de.uka.ilkd.key.nparser.builder.IncludeFinder.addInclude(IncludeFinder.java:63)
	at de.uka.ilkd.key.nparser.builder.IncludeFinder.visitOne_include(IncludeFinder.java:43)
	at de.uka.ilkd.key.nparser.builder.IncludeFinder.visitOne_include(IncludeFinder.java:20)
	at de.uka.ilkd.key.nparser.KeYParser$One_includeContext.accept(KeYParser.java:878)
	at de.uka.ilkd.key.nparser.builder.AbstractBuilder.lambda$mapOf$0(AbstractBuilder.java:112)
	at java.base/java.util.stream.ReferencePipeline$3$1.accept(ReferencePipeline.java:195)
	at java.base/java.util.ArrayList$ArrayListSpliterator.forEachRemaining(ArrayList.java:1655)
	at java.base/java.util.stream.AbstractPipeline.copyInto(AbstractPipeline.java:484)
	at java.base/java.util.stream.AbstractPipeline.wrapAndCopyInto(AbstractPipeline.java:474)
	at java.base/java.util.stream.ReduceOps$ReduceOp.evaluateSequential(ReduceOps.java:913)
	at java.base/java.util.stream.AbstractPipeline.evaluate(AbstractPipeline.java:234)
	at java.base/java.util.stream.ReferencePipeline.collect(ReferencePipeline.java:578)
	at de.uka.ilkd.key.nparser.builder.AbstractBuilder.mapOf(AbstractBuilder.java:112)
	at de.uka.ilkd.key.nparser.builder.IncludeFinder.visitOne_include_statement(IncludeFinder.java:35)
	at de.uka.ilkd.key.nparser.builder.IncludeFinder.visitOne_include_statement(IncludeFinder.java:20)
	at de.uka.ilkd.key.nparser.KeYParser$One_include_statementContext.accept(KeYParser.java:802)
	at org.antlr.v4.runtime.tree.AbstractParseTreeVisitor.visitChildren(AbstractParseTreeVisitor.java:46)
	at de.uka.ilkd.key.nparser.KeYParserBaseVisitor.visitDecls(KeYParserBaseVisitor.java:30)
	at de.uka.ilkd.key.nparser.KeYParser$DeclsContext.accept(KeYParser.java:500)
	at org.antlr.v4.runtime.tree.AbstractParseTreeVisitor.visitChildren(AbstractParseTreeVisitor.java:46)
	at de.uka.ilkd.key.nparser.KeYParserBaseVisitor.visitFile(KeYParserBaseVisitor.java:23)
	at de.uka.ilkd.key.nparser.KeYParser$FileContext.accept(KeYParser.java:306)
	at de.uka.ilkd.key.nparser.KeyAst.accept(KeyAst.java:41)
	at de.uka.ilkd.key.nparser.KeyAst$File.getIncludes(KeyAst.java:76)
	at de.uka.ilkd.key.proof.io.KeYFile.readIncludes(KeYFile.java:208)
	... 14 more
Could not find rule file rules/intRulesCheckedSemantics.key (file: /home/runner/work/key/key/key.core/../key.ui/examples/index/../InformationFlow/MiniExamples/mini.MiniExamples(mini.MiniExamples__secure_p2_2()).JML normal_behavior operation contract.0.key; caused by: de.uka.ilkd.key.proof.init.ProofInputException: Could not find rule file rules/intRulesCheckedSemantics.key)
	at de.uka.ilkd.key.control.AbstractUserInterfaceControl.load(AbstractUserInterfaceControl.java:221)
	at de.uka.ilkd.key.control.KeYEnvironment.load(KeYEnvironment.java:251)
	at de.uka.ilkd.key.control.KeYEnvironment.load(KeYEnvironment.java:224)
	at de.uka.ilkd.key.control.KeYEnvironment.load(KeYEnvironment.java:184)
	at de.uka.ilkd.key.control.KeYEnvironment.load(KeYEnvironment.java:261)
	at de.uka.ilkd.key.proof.runallproofs.proofcollection.TestFile.load(TestFile.java:270)
	at de.uka.ilkd.key.proof.runallproofs.proofcollection.TestFile.runKey(TestFile.java:160)
	at de.uka.ilkd.key.proof.runallproofs.proofcollection.ForkedTestFileRunner.main(ForkedTestFileRunner.java:171)
Caused by: de.uka.ilkd.key.proof.init.ProofInputException: Could not find rule file rules/intRulesCheckedSemantics.key
	at de.uka.ilkd.key.proof.io.KeYFile.readIncludes(KeYFile.java:210)
	at de.uka.ilkd.key.proof.init.ProblemInitializer.readIncludes(ProblemInitializer.java:177)
	at de.uka.ilkd.key.proof.init.ProblemInitializer.readEnvInput(ProblemInitializer.java:325)
	at de.uka.ilkd.key.proof.init.ProblemInitializer.prepare(ProblemInitializer.java:449)
	at de.uka.ilkd.key.proof.io.AbstractProblemLoader.createInitConfig(AbstractProblemLoader.java:518)
	at de.uka.ilkd.key.proof.io.AbstractProblemLoader.loadEnvironment(AbstractProblemLoader.java:288)
	at de.uka.ilkd.key.proof.io.AbstractProblemLoader.load(AbstractProblemLoader.java:252)
	at de.uka.ilkd.key.control.AbstractUserInterfaceControl.load(AbstractUserInterfaceControl.java:209)
	... 7 more
Caused by: java.lang.RuntimeException: Could not find rule file rules/intRulesCheckedSemantics.key
	at de.uka.ilkd.key.proof.io.RuleSourceFactory.fromBuiltInRule(RuleSourceFactory.java:32)
	at de.uka.ilkd.key.proof.io.RuleSourceFactory.fromDefaultLocation(RuleSourceFactory.java:21)
	at de.uka.ilkd.key.nparser.builder.IncludeFinder.addInclude(IncludeFinder.java:63)
	at de.uka.ilkd.key.nparser.builder.IncludeFinder.visitOne_include(IncludeFinder.java:43)
	at de.uka.ilkd.key.nparser.builder.IncludeFinder.visitOne_include(IncludeFinder.java:20)
	at de.uka.ilkd.key.nparser.KeYParser$One_includeContext.accept(KeYParser.java:878)
	at de.uka.ilkd.key.nparser.builder.AbstractBuilder.lambda$mapOf$0(AbstractBuilder.java:112)
	at java.base/java.util.stream.ReferencePipeline$3$1.accept(ReferencePipeline.java:195)
	at java.base/java.util.ArrayList$ArrayListSpliterator.forEachRemaining(ArrayList.java:1655)
	at java.base/java.util.stream.AbstractPipeline.copyInto(AbstractPipeline.java:484)
	at java.base/java.util.stream.AbstractPipeline.wrapAndCopyInto(AbstractPipeline.java:474)
	at java.base/java.util.stream.ReduceOps$ReduceOp.evaluateSequential(ReduceOps.java:913)
	at java.base/java.util.stream.AbstractPipeline.evaluate(AbstractPipeline.java:234)
	at java.base/java.util.stream.ReferencePipeline.collect(ReferencePipeline.java:578)
	at de.uka.ilkd.key.nparser.builder.AbstractBuilder.mapOf(AbstractBuilder.java:112)
	at de.uka.ilkd.key.nparser.builder.IncludeFinder.visitOne_include_statement(IncludeFinder.java:35)
	at de.uka.ilkd.key.nparser.builder.IncludeFinder.visitOne_include_statement(IncludeFinder.java:20)
	at de.uka.ilkd.key.nparser.KeYParser$One_include_statementContext.accept(KeYParser.java:802)
	at org.antlr.v4.runtime.tree.AbstractParseTreeVisitor.visitChildren(AbstractParseTreeVisitor.java:46)
	at de.uka.ilkd.key.nparser.KeYParserBaseVisitor.visitDecls(KeYParserBaseVisitor.java:30)
	at de.uka.ilkd.key.nparser.KeYParser$DeclsContext.accept(KeYParser.java:500)
	at org.antlr.v4.runtime.tree.AbstractParseTreeVisitor.visitChildren(AbstractParseTreeVisitor.java:46)
	at de.uka.ilkd.key.nparser.KeYParserBaseVisitor.visitFile(KeYParserBaseVisitor.java:23)
	at de.uka.ilkd.key.nparser.KeYParser$FileContext.accept(KeYParser.java:306)
	at de.uka.ilkd.key.nparser.KeyAst.accept(KeyAst.java:41)
	at de.uka.ilkd.key.nparser.KeyAst$File.getIncludes(KeyAst.java:76)
	at de.uka.ilkd.key.proof.io.KeYFile.readIncludes(KeYFile.java:208)
	... 14 more
Could not find rule file rules/intRulesCheckedSemantics.key (file: /home/runner/work/key/key/key.core/../key.ui/examples/index/../InformationFlow/MiniExamples/mini.MiniExamples(mini.MiniExamples__secure_p2_1()).JML normal_behavior operation contract.0.key; caused by: de.uka.ilkd.key.proof.init.ProofInputException: Could not find rule file rules/intRulesCheckedSemantics.key)
	at de.uka.ilkd.key.control.AbstractUserInterfaceControl.load(AbstractUserInterfaceControl.java:221)
	at de.uka.ilkd.key.control.KeYEnvironment.load(KeYEnvironment.java:251)
	at de.uka.ilkd.key.control.KeYEnvironment.load(KeYEnvironment.java:224)
	at de.uka.ilkd.key.control.KeYEnvironment.load(KeYEnvironment.java:184)
	at de.uka.ilkd.key.control.KeYEnvironment.load(KeYEnvironment.java:261)
	at de.uka.ilkd.key.proof.runallproofs.proofcollection.TestFile.load(TestFile.java:270)
	at de.uka.ilkd.key.proof.runallproofs.proofcollection.TestFile.runKey(TestFile.java:160)
	at de.uka.ilkd.key.proof.runallproofs.proofcollection.ForkedTestFileRunner.main(ForkedTestFileRunner.java:171)
Caused by: de.uka.ilkd.key.proof.init.ProofInputException: Could not find rule file rules/intRulesCheckedSemantics.key
	at de.uka.ilkd.key.proof.io.KeYFile.readIncludes(KeYFile.java:210)
	at de.uka.ilkd.key.proof.init.ProblemInitializer.readIncludes(ProblemInitializer.java:177)
	at de.uka.ilkd.key.proof.init.ProblemInitializer.readEnvInput(ProblemInitializer.java:325)
	at de.uka.ilkd.key.proof.init.ProblemInitializer.prepare(ProblemInitializer.java:449)
	at de.uka.ilkd.key.proof.io.AbstractProblemLoader.createInitConfig(AbstractProblemLoader.java:518)
	at de.uka.ilkd.key.proof.io.AbstractProblemLoader.loadEnvironment(AbstractProblemLoader.java:288)
	at de.uka.ilkd.key.proof.io.AbstractProblemLoader.load(AbstractProblemLoader.java:252)
	at de.uka.ilkd.key.control.AbstractUserInterfaceControl.load(AbstractUserInterfaceControl.java:209)
	... 7 more
Caused by: java.lang.RuntimeException: Could not find rule file rules/intRulesCheckedSemantics.key
	at de.uka.ilkd.key.proof.io.RuleSourceFactory.fromBuiltInRule(RuleSourceFactory.java:32)
	at de.uka.ilkd.key.proof.io.RuleSourceFactory.fromDefaultLocation(RuleSourceFactory.java:21)
	at de.uka.ilkd.key.nparser.builder.IncludeFinder.addInclude(IncludeFinder.java:63)
	at de.uka.ilkd.key.nparser.builder.IncludeFinder.visitOne_include(IncludeFinder.java:43)
	at de.uka.ilkd.key.nparser.builder.IncludeFinder.visitOne_include(IncludeFinder.java:20)
	at de.uka.ilkd.key.nparser.KeYParser$One_includeContext.accept(KeYParser.java:878)
	at de.uka.ilkd.key.nparser.builder.AbstractBuilder.lambda$mapOf$0(AbstractBuilder.java:112)
	at java.base/java.util.stream.ReferencePipeline$3$1.accept(ReferencePipeline.java:195)
	at java.base/java.util.ArrayList$ArrayListSpliterator.forEachRemaining(ArrayList.java:1655)
	at java.base/java.util.stream.AbstractPipeline.copyInto(AbstractPipeline.java:484)
	at java.base/java.util.stream.AbstractPipeline.wrapAndCopyInto(AbstractPipeline.java:474)
	at java.base/java.util.stream.ReduceOps$ReduceOp.evaluateSequential(ReduceOps.java:913)
	at java.base/java.util.stream.AbstractPipeline.evaluate(AbstractPipeline.java:234)
	at java.base/java.util.stream.ReferencePipeline.collect(ReferencePipeline.java:578)
	at de.uka.ilkd.key.nparser.builder.AbstractBuilder.mapOf(AbstractBuilder.java:112)
	at de.uka.ilkd.key.nparser.builder.IncludeFinder.visitOne_include_statement(IncludeFinder.java:35)
	at de.uka.ilkd.key.nparser.builder.IncludeFinder.visitOne_include_statement(IncludeFinder.java:20)
	at de.uka.ilkd.key.nparser.KeYParser$One_include_statementContext.accept(KeYParser.java:802)
	at org.antlr.v4.runtime.tree.AbstractParseTreeVisitor.visitChildren(AbstractParseTreeVisitor.java:46)
	at de.uka.ilkd.key.nparser.KeYParserBaseVisitor.visitDecls(KeYParserBaseVisitor.java:30)
	at de.uka.ilkd.key.nparser.KeYParser$DeclsContext.accept(KeYParser.java:500)
	at org.antlr.v4.runtime.tree.AbstractParseTreeVisitor.visitChildren(AbstractParseTreeVisitor.java:46)
	at de.uka.ilkd.key.nparser.KeYParserBaseVisitor.visitFile(KeYParserBaseVisitor.java:23)
	at de.uka.ilkd.key.nparser.KeYParser$FileContext.accept(KeYParser.java:306)
	at de.uka.ilkd.key.nparser.KeyAst.accept(KeyAst.java:41)
	at de.uka.ilkd.key.nparser.KeyAst$File.getIncludes(KeyAst.java:76)
	at de.uka.ilkd.key.proof.io.KeYFile.readIncludes(KeYFile.java:208)
	... 14 more
Could not find rule file rules/intRulesCheckedSemantics.key (file: /home/runner/work/key/key/key.core/../key.ui/examples/index/../InformationFlow/MiniExamples/mini.MiniExamples(mini.MiniExamples__insecure_p2_1()).JML normal_behavior operation contract.0.key; caused by: de.uka.ilkd.key.proof.init.ProofInputException: Could not find rule file rules/intRulesCheckedSemantics.key)
	at de.uka.ilkd.key.control.AbstractUserInterfaceControl.load(AbstractUserInterfaceControl.java:221)
	at de.uka.ilkd.key.control.KeYEnvironment.load(KeYEnvironment.java:251)
	at de.uka.ilkd.key.control.KeYEnvironment.load(KeYEnvironment.java:224)
	at de.uka.ilkd.key.control.KeYEnvironment.load(KeYEnvironment.java:184)
	at de.uka.ilkd.key.control.KeYEnvironment.load(KeYEnvironment.java:261)
	at de.uka.ilkd.key.proof.runallproofs.proofcollection.TestFile.load(TestFile.java:270)
	at de.uka.ilkd.key.proof.runallproofs.proofcollection.TestFile.runKey(TestFile.java:160)
	at de.uka.ilkd.key.proof.runallproofs.proofcollection.ForkedTestFileRunner.main(ForkedTestFileRunner.java:171)
Caused by: de.uka.ilkd.key.proof.init.ProofInputException: Could not find rule file rules/intRulesCheckedSemantics.key
	at de.uka.ilkd.key.proof.io.KeYFile.readIncludes(KeYFile.java:210)
	at de.uka.ilkd.key.proof.init.ProblemInitializer.readIncludes(ProblemInitializer.java:177)
	at de.uka.ilkd.key.proof.init.ProblemInitializer.readEnvInput(ProblemInitializer.java:325)
	at de.uka.ilkd.key.proof.init.ProblemInitializer.prepare(ProblemInitializer.java:449)
	at de.uka.ilkd.key.proof.io.AbstractProblemLoader.createInitConfig(AbstractProblemLoader.java:518)
	at de.uka.ilkd.key.proof.io.AbstractProblemLoader.loadEnvironment(AbstractProblemLoader.java:288)
	at de.uka.ilkd.key.proof.io.AbstractProblemLoader.load(AbstractProblemLoader.java:252)
	at de.uka.ilkd.key.control.AbstractUserInterfaceControl.load(AbstractUserInterfaceControl.java:209)
	... 7 more
Caused by: java.lang.RuntimeException: Could not find rule file rules/intRulesCheckedSemantics.key
	at de.uka.ilkd.key.proof.io.RuleSourceFactory.fromBuiltInRule(RuleSourceFactory.java:32)
	at de.uka.ilkd.key.proof.io.RuleSourceFactory.fromDefaultLocation(RuleSourceFactory.java:21)
	at de.uka.ilkd.key.nparser.builder.IncludeFinder.addInclude(IncludeFinder.java:63)
	at de.uka.ilkd.key.nparser.builder.IncludeFinder.visitOne_include(IncludeFinder.java:43)
	at de.uka.ilkd.key.nparser.builder.IncludeFinder.visitOne_include(IncludeFinder.java:20)
	at de.uka.ilkd.key.nparser.KeYParser$One_includeContext.accept(KeYParser.java:878)
	at de.uka.ilkd.key.nparser.builder.AbstractBuilder.lambda$mapOf$0(AbstractBuilder.java:112)
	at java.base/java.util.stream.ReferencePipeline$3$1.accept(ReferencePipeline.java:195)
	at java.base/java.util.ArrayList$ArrayListSpliterator.forEachRemaining(ArrayList.java:1655)
	at java.base/java.util.stream.AbstractPipeline.copyInto(AbstractPipeline.java:484)
	at java.base/java.util.stream.AbstractPipeline.wrapAndCopyInto(AbstractPipeline.java:474)
	at java.base/java.util.stream.ReduceOps$ReduceOp.evaluateSequential(ReduceOps.java:913)
	at java.base/java.util.stream.AbstractPipeline.evaluate(AbstractPipeline.java:234)
	at java.base/java.util.stream.ReferencePipeline.collect(ReferencePipeline.java:578)
	at de.uka.ilkd.key.nparser.builder.AbstractBuilder.mapOf(AbstractBuilder.java:112)
	at de.uka.ilkd.key.nparser.builder.IncludeFinder.visitOne_include_statement(IncludeFinder.java:35)
	at de.uka.ilkd.key.nparser.builder.IncludeFinder.visitOne_include_statement(IncludeFinder.java:20)
	at de.uka.ilkd.key.nparser.KeYParser$One_include_statementContext.accept(KeYParser.java:802)
	at org.antlr.v4.runtime.tree.AbstractParseTreeVisitor.visitChildren(AbstractParseTreeVisitor.java:46)
	at de.uka.ilkd.key.nparser.KeYParserBaseVisitor.visitDecls(KeYParserBaseVisitor.java:30)
	at de.uka.ilkd.key.nparser.KeYParser$DeclsContext.accept(KeYParser.java:500)
	at org.antlr.v4.runtime.tree.AbstractParseTreeVisitor.visitChildren(AbstractParseTreeVisitor.java:46)
	at de.uka.ilkd.key.nparser.KeYParserBaseVisitor.visitFile(KeYParserBaseVisitor.java:23)
	at de.uka.ilkd.key.nparser.KeYParser$FileContext.accept(KeYParser.java:306)
	at de.uka.ilkd.key.nparser.KeyAst.accept(KeyAst.java:41)
	at de.uka.ilkd.key.nparser.KeyAst$File.getIncludes(KeyAst.java:76)
	at de.uka.ilkd.key.proof.io.KeYFile.readIncludes(KeYFile.java:208)
	... 14 more
Could not find rule file rules/intRulesCheckedSemantics.key (file: /home/runner/work/key/key/key.core/../key.ui/examples/index/../InformationFlow/MiniExamples/mini.MiniExamples(mini.MiniExamples__secure_p1_6()).JML normal_behavior operation contract.0.key; caused by: de.uka.ilkd.key.proof.init.ProofInputException: Could not find rule file rules/intRulesCheckedSemantics.key)
	at de.uka.ilkd.key.control.AbstractUserInterfaceControl.load(AbstractUserInterfaceControl.java:221)
	at de.uka.ilkd.key.control.KeYEnvironment.load(KeYEnvironment.java:251)
	at de.uka.ilkd.key.control.KeYEnvironment.load(KeYEnvironment.java:224)
	at de.uka.ilkd.key.control.KeYEnvironment.load(KeYEnvironment.java:184)
	at de.uka.ilkd.key.control.KeYEnvironment.load(KeYEnvironment.java:261)
	at de.uka.ilkd.key.proof.runallproofs.proofcollection.TestFile.load(TestFile.java:270)
	at de.uka.ilkd.key.proof.runallproofs.proofcollection.TestFile.runKey(TestFile.java:160)
	at de.uka.ilkd.key.proof.runallproofs.proofcollection.ForkedTestFileRunner.main(ForkedTestFileRunner.java:171)
Caused by: de.uka.ilkd.key.proof.init.ProofInputException: Could not find rule file rules/intRulesCheckedSemantics.key
	at de.uka.ilkd.key.proof.io.KeYFile.readIncludes(KeYFile.java:210)
	at de.uka.ilkd.key.proof.init.ProblemInitializer.readIncludes(ProblemInitializer.java:177)
	at de.uka.ilkd.key.proof.init.ProblemInitializer.readEnvInput(ProblemInitializer.java:325)
	at de.uka.ilkd.key.proof.init.ProblemInitializer.prepare(ProblemInitializer.java:449)
	at de.uka.ilkd.key.proof.io.AbstractProblemLoader.createInitConfig(AbstractProblemLoader.java:518)
	at de.uka.ilkd.key.proof.io.AbstractProblemLoader.loadEnvironment(AbstractProblemLoader.java:288)
	at de.uka.ilkd.key.proof.io.AbstractProblemLoader.load(AbstractProblemLoader.java:252)
	at de.uka.ilkd.key.control.AbstractUserInterfaceControl.load(AbstractUserInterfaceControl.java:209)
	... 7 more
Caused by: java.lang.RuntimeException: Could not find rule file rules/intRulesCheckedSemantics.key
	at de.uka.ilkd.key.proof.io.RuleSourceFactory.fromBuiltInRule(RuleSourceFactory.java:32)
	at de.uka.ilkd.key.proof.io.RuleSourceFactory.fromDefaultLocation(RuleSourceFactory.java:21)
	at de.uka.ilkd.key.nparser.builder.IncludeFinder.addInclude(IncludeFinder.java:63)
	at de.uka.ilkd.key.nparser.builder.IncludeFinder.visitOne_include(IncludeFinder.java:43)
	at de.uka.ilkd.key.nparser.builder.IncludeFinder.visitOne_include(IncludeFinder.java:20)
	at de.uka.ilkd.key.nparser.KeYParser$One_includeContext.accept(KeYParser.java:878)
	at de.uka.ilkd.key.nparser.builder.AbstractBuilder.lambda$mapOf$0(AbstractBuilder.java:112)
	at java.base/java.util.stream.ReferencePipeline$3$1.accept(ReferencePipeline.java:195)
	at java.base/java.util.ArrayList$ArrayListSpliterator.forEachRemaining(ArrayList.java:1655)
	at java.base/java.util.stream.AbstractPipeline.copyInto(AbstractPipeline.java:484)
	at java.base/java.util.stream.AbstractPipeline.wrapAndCopyInto(AbstractPipeline.java:474)
	at java.base/java.util.stream.ReduceOps$ReduceOp.evaluateSequential(ReduceOps.java:913)
	at java.base/java.util.stream.AbstractPipeline.evaluate(AbstractPipeline.java:234)
	at java.base/java.util.stream.ReferencePipeline.collect(ReferencePipeline.java:578)
	at de.uka.ilkd.key.nparser.builder.AbstractBuilder.mapOf(AbstractBuilder.java:112)
	at de.uka.ilkd.key.nparser.builder.IncludeFinder.visitOne_include_statement(IncludeFinder.java:35)
	at de.uka.ilkd.key.nparser.builder.IncludeFinder.visitOne_include_statement(IncludeFinder.java:20)
	at de.uka.ilkd.key.nparser.KeYParser$One_include_statementContext.accept(KeYParser.java:802)
	at org.antlr.v4.runtime.tree.AbstractParseTreeVisitor.visitChildren(AbstractParseTreeVisitor.java:46)
	at de.uka.ilkd.key.nparser.KeYParserBaseVisitor.visitDecls(KeYParserBaseVisitor.java:30)
	at de.uka.ilkd.key.nparser.KeYParser$DeclsContext.accept(KeYParser.java:500)
	at org.antlr.v4.runtime.tree.AbstractParseTreeVisitor.visitChildren(AbstractParseTreeVisitor.java:46)
	at de.uka.ilkd.key.nparser.KeYParserBaseVisitor.visitFile(KeYParserBaseVisitor.java:23)
	at de.uka.ilkd.key.nparser.KeYParser$FileContext.accept(KeYParser.java:306)
	at de.uka.ilkd.key.nparser.KeyAst.accept(KeyAst.java:41)
	at de.uka.ilkd.key.nparser.KeyAst$File.getIncludes(KeyAst.java:76)
	at de.uka.ilkd.key.proof.io.KeYFile.readIncludes(KeYFile.java:208)
	... 14 more
Could not find rule file rules/intRulesCheckedSemantics.key (file: /home/runner/work/key/key/key.core/../key.ui/examples/index/../InformationFlow/MiniExamples/mini.MiniExamples(mini.MiniExamples__secure_p1_5()).JML normal_behavior operation contract.0.key; caused by: de.uka.ilkd.key.proof.init.ProofInputException: Could not find rule file rules/intRulesCheckedSemantics.key)
	at de.uka.ilkd.key.control.AbstractUserInterfaceControl.load(AbstractUserInterfaceControl.java:221)
	at de.uka.ilkd.key.control.KeYEnvironment.load(KeYEnvironment.java:251)
	at de.uka.ilkd.key.control.KeYEnvironment.load(KeYEnvironment.java:224)
	at de.uka.ilkd.key.control.KeYEnvironment.load(KeYEnvironment.java:184)
	at de.uka.ilkd.key.control.KeYEnvironment.load(KeYEnvironment.java:261)
	at de.uka.ilkd.key.proof.runallproofs.proofcollection.TestFile.load(TestFile.java:270)
	at de.uka.ilkd.key.proof.runallproofs.proofcollection.TestFile.runKey(TestFile.java:160)
	at de.uka.ilkd.key.proof.runallproofs.proofcollection.ForkedTestFileRunner.main(ForkedTestFileRunner.java:171)
Caused by: de.uka.ilkd.key.proof.init.ProofInputException: Could not find rule file rules/intRulesCheckedSemantics.key
	at de.uka.ilkd.key.proof.io.KeYFile.readIncludes(KeYFile.java:210)
	at de.uka.ilkd.key.proof.init.ProblemInitializer.readIncludes(ProblemInitializer.java:177)
	at de.uka.ilkd.key.proof.init.ProblemInitializer.readEnvInput(ProblemInitializer.java:325)
	at de.uka.ilkd.key.proof.init.ProblemInitializer.prepare(ProblemInitializer.java:449)
	at de.uka.ilkd.key.proof.io.AbstractProblemLoader.createInitConfig(AbstractProblemLoader.java:518)
	at de.uka.ilkd.key.proof.io.AbstractProblemLoader.loadEnvironment(AbstractProblemLoader.java:288)
	at de.uka.ilkd.key.proof.io.AbstractProblemLoader.load(AbstractProblemLoader.java:252)
	at de.uka.ilkd.key.control.AbstractUserInterfaceControl.load(AbstractUserInterfaceControl.java:209)
	... 7 more
Caused by: java.lang.RuntimeException: Could not find rule file rules/intRulesCheckedSemantics.key
	at de.uka.ilkd.key.proof.io.RuleSourceFactory.fromBuiltInRule(RuleSourceFactory.java:32)
	at de.uka.ilkd.key.proof.io.RuleSourceFactory.fromDefaultLocation(RuleSourceFactory.java:21)
	at de.uka.ilkd.key.nparser.builder.IncludeFinder.addInclude(IncludeFinder.java:63)
	at de.uka.ilkd.key.nparser.builder.IncludeFinder.visitOne_include(IncludeFinder.java:43)
	at de.uka.ilkd.key.nparser.builder.IncludeFinder.visitOne_include(IncludeFinder.java:20)
	at de.uka.ilkd.key.nparser.KeYParser$One_includeContext.accept(KeYParser.java:878)
	at de.uka.ilkd.key.nparser.builder.AbstractBuilder.lambda$mapOf$0(AbstractBuilder.java:112)
	at java.base/java.util.stream.ReferencePipeline$3$1.accept(ReferencePipeline.java:195)
	at java.base/java.util.ArrayList$ArrayListSpliterator.forEachRemaining(ArrayList.java:1655)
	at java.base/java.util.stream.AbstractPipeline.copyInto(AbstractPipeline.java:484)
	at java.base/java.util.stream.AbstractPipeline.wrapAndCopyInto(AbstractPipeline.java:474)
	at java.base/java.util.stream.ReduceOps$ReduceOp.evaluateSequential(ReduceOps.java:913)
	at java.base/java.util.stream.AbstractPipeline.evaluate(AbstractPipeline.java:234)
	at java.base/java.util.stream.ReferencePipeline.collect(ReferencePipeline.java:578)
	at de.uka.ilkd.key.nparser.builder.AbstractBuilder.mapOf(AbstractBuilder.java:112)
	at de.uka.ilkd.key.nparser.builder.IncludeFinder.visitOne_include_statement(IncludeFinder.java:35)
	at de.uka.ilkd.key.nparser.builder.IncludeFinder.visitOne_include_statement(IncludeFinder.java:20)
	at de.uka.ilkd.key.nparser.KeYParser$One_include_statementContext.accept(KeYParser.java:802)
	at org.antlr.v4.runtime.tree.AbstractParseTreeVisitor.visitChildren(AbstractParseTreeVisitor.java:46)
	at de.uka.ilkd.key.nparser.KeYParserBaseVisitor.visitDecls(KeYParserBaseVisitor.java:30)
	at de.uka.ilkd.key.nparser.KeYParser$DeclsContext.accept(KeYParser.java:500)
	at org.antlr.v4.runtime.tree.AbstractParseTreeVisitor.visitChildren(AbstractParseTreeVisitor.java:46)
	at de.uka.ilkd.key.nparser.KeYParserBaseVisitor.visitFile(KeYParserBaseVisitor.java:23)
	at de.uka.ilkd.key.nparser.KeYParser$FileContext.accept(KeYParser.java:306)
	at de.uka.ilkd.key.nparser.KeyAst.accept(KeyAst.java:41)
	at de.uka.ilkd.key.nparser.KeyAst$File.getIncludes(KeyAst.java:76)
	at de.uka.ilkd.key.proof.io.KeYFile.readIncludes(KeYFile.java:208)
	... 14 more
Could not find rule file rules/intRulesCheckedSemantics.key (file: /home/runner/work/key/key/key.core/../key.ui/examples/index/../InformationFlow/MiniExamples/mini.MiniExamples(mini.MiniExamples__secure_p1_4()).JML normal_behavior operation contract.0.key; caused by: de.uka.ilkd.key.proof.init.ProofInputException: Could not find rule file rules/intRulesCheckedSemantics.key)
	at de.uka.ilkd.key.control.AbstractUserInterfaceControl.load(AbstractUserInterfaceControl.java:221)
	at de.uka.ilkd.key.control.KeYEnvironment.load(KeYEnvironment.java:251)
	at de.uka.ilkd.key.control.KeYEnvironment.load(KeYEnvironment.java:224)
	at de.uka.ilkd.key.control.KeYEnvironment.load(KeYEnvironment.java:184)
	at de.uka.ilkd.key.control.KeYEnvironment.load(KeYEnvironment.java:261)
	at de.uka.ilkd.key.proof.runallproofs.proofcollection.TestFile.load(TestFile.java:270)
	at de.uka.ilkd.key.proof.runallproofs.proofcollection.TestFile.runKey(TestFile.java:160)
	at de.uka.ilkd.key.proof.runallproofs.proofcollection.ForkedTestFileRunner.main(ForkedTestFileRunner.java:171)
Caused by: de.uka.ilkd.key.proof.init.ProofInputException: Could not find rule file rules/intRulesCheckedSemantics.key
	at de.uka.ilkd.key.proof.io.KeYFile.readIncludes(KeYFile.java:210)
	at de.uka.ilkd.key.proof.init.ProblemInitializer.readIncludes(ProblemInitializer.java:177)
	at de.uka.ilkd.key.proof.init.ProblemInitializer.readEnvInput(ProblemInitializer.java:325)
	at de.uka.ilkd.key.proof.init.ProblemInitializer.prepare(ProblemInitializer.java:449)
	at de.uka.ilkd.key.proof.io.AbstractProblemLoader.createInitConfig(AbstractProblemLoader.java:518)
	at de.uka.ilkd.key.proof.io.AbstractProblemLoader.loadEnvironment(AbstractProblemLoader.java:288)
	at de.uka.ilkd.key.proof.io.AbstractProblemLoader.load(AbstractProblemLoader.java:252)
	at de.uka.ilkd.key.control.AbstractUserInterfaceControl.load(AbstractUserInterfaceControl.java:209)
	... 7 more
Caused by: java.lang.RuntimeException: Could not find rule file rules/intRulesCheckedSemantics.key
	at de.uka.ilkd.key.proof.io.RuleSourceFactory.fromBuiltInRule(RuleSourceFactory.java:32)
	at de.uka.ilkd.key.proof.io.RuleSourceFactory.fromDefaultLocation(RuleSourceFactory.java:21)
	at de.uka.ilkd.key.nparser.builder.IncludeFinder.addInclude(IncludeFinder.java:63)
	at de.uka.ilkd.key.nparser.builder.IncludeFinder.visitOne_include(IncludeFinder.java:43)
	at de.uka.ilkd.key.nparser.builder.IncludeFinder.visitOne_include(IncludeFinder.java:20)
	at de.uka.ilkd.key.nparser.KeYParser$One_includeContext.accept(KeYParser.java:878)
	at de.uka.ilkd.key.nparser.builder.AbstractBuilder.lambda$mapOf$0(AbstractBuilder.java:112)
	at java.base/java.util.stream.ReferencePipeline$3$1.accept(ReferencePipeline.java:195)
	at java.base/java.util.ArrayList$ArrayListSpliterator.forEachRemaining(ArrayList.java:1655)
	at java.base/java.util.stream.AbstractPipeline.copyInto(AbstractPipeline.java:484)
	at java.base/java.util.stream.AbstractPipeline.wrapAndCopyInto(AbstractPipeline.java:474)
	at java.base/java.util.stream.ReduceOps$ReduceOp.evaluateSequential(ReduceOps.java:913)
	at java.base/java.util.stream.AbstractPipeline.evaluate(AbstractPipeline.java:234)
	at java.base/java.util.stream.ReferencePipeline.collect(ReferencePipeline.java:578)
	at de.uka.ilkd.key.nparser.builder.AbstractBuilder.mapOf(AbstractBuilder.java:112)
	at de.uka.ilkd.key.nparser.builder.IncludeFinder.visitOne_include_statement(IncludeFinder.java:35)
	at de.uka.ilkd.key.nparser.builder.IncludeFinder.visitOne_include_statement(IncludeFinder.java:20)
	at de.uka.ilkd.key.nparser.KeYParser$One_include_statementContext.accept(KeYParser.java:802)
	at org.antlr.v4.runtime.tree.AbstractParseTreeVisitor.visitChildren(AbstractParseTreeVisitor.java:46)
	at de.uka.ilkd.key.nparser.KeYParserBaseVisitor.visitDecls(KeYParserBaseVisitor.java:30)
	at de.uka.ilkd.key.nparser.KeYParser$DeclsContext.accept(KeYParser.java:500)
	at org.antlr.v4.runtime.tree.AbstractParseTreeVisitor.visitChildren(AbstractParseTreeVisitor.java:46)
	at de.uka.ilkd.key.nparser.KeYParserBaseVisitor.visitFile(KeYParserBaseVisitor.java:23)
	at de.uka.ilkd.key.nparser.KeYParser$FileContext.accept(KeYParser.java:306)
	at de.uka.ilkd.key.nparser.KeyAst.accept(KeyAst.java:41)
	at de.uka.ilkd.key.nparser.KeyAst$File.getIncludes(KeyAst.java:76)
	at de.uka.ilkd.key.proof.io.KeYFile.readIncludes(KeYFile.java:208)
	... 14 more
Could not find rule file rules/intRulesCheckedSemantics.key (file: /home/runner/work/key/key/key.core/../key.ui/examples/index/../InformationFlow/MiniExamples/mini.MiniExamples(mini.MiniExamples__secure_p1_3()).JML normal_behavior operation contract.0.key; caused by: de.uka.ilkd.key.proof.init.ProofInputException: Could not find rule file rules/intRulesCheckedSemantics.key)
	at de.uka.ilkd.key.control.AbstractUserInterfaceControl.load(AbstractUserInterfaceControl.java:221)
	at de.uka.ilkd.key.control.KeYEnvironment.load(KeYEnvironment.java:251)
	at de.uka.ilkd.key.control.KeYEnvironment.load(KeYEnvironment.java:224)
	at de.uka.ilkd.key.control.KeYEnvironment.load(KeYEnvironment.java:184)
	at de.uka.ilkd.key.control.KeYEnvironment.load(KeYEnvironment.java:261)
	at de.uka.ilkd.key.proof.runallproofs.proofcollection.TestFile.load(TestFile.java:270)
	at de.uka.ilkd.key.proof.runallproofs.proofcollection.TestFile.runKey(TestFile.java:160)
	at de.uka.ilkd.key.proof.runallproofs.proofcollection.ForkedTestFileRunner.main(ForkedTestFileRunner.java:171)
Caused by: de.uka.ilkd.key.proof.init.ProofInputException: Could not find rule file rules/intRulesCheckedSemantics.key
	at de.uka.ilkd.key.proof.io.KeYFile.readIncludes(KeYFile.java:210)
	at de.uka.ilkd.key.proof.init.ProblemInitializer.readIncludes(ProblemInitializer.java:177)
	at de.uka.ilkd.key.proof.init.ProblemInitializer.readEnvInput(ProblemInitializer.java:325)
	at de.uka.ilkd.key.proof.init.ProblemInitializer.prepare(ProblemInitializer.java:449)
	at de.uka.ilkd.key.proof.io.AbstractProblemLoader.createInitConfig(AbstractProblemLoader.java:518)
	at de.uka.ilkd.key.proof.io.AbstractProblemLoader.loadEnvironment(AbstractProblemLoader.java:288)
	at de.uka.ilkd.key.proof.io.AbstractProblemLoader.load(AbstractProblemLoader.java:252)
	at de.uka.ilkd.key.control.AbstractUserInterfaceControl.load(AbstractUserInterfaceControl.java:209)
	... 7 more
Caused by: java.lang.RuntimeException: Could not find rule file rules/intRulesCheckedSemantics.key
	at de.uka.ilkd.key.proof.io.RuleSourceFactory.fromBuiltInRule(RuleSourceFactory.java:32)
	at de.uka.ilkd.key.proof.io.RuleSourceFactory.fromDefaultLocation(RuleSourceFactory.java:21)
	at de.uka.ilkd.key.nparser.builder.IncludeFinder.addInclude(IncludeFinder.java:63)
	at de.uka.ilkd.key.nparser.builder.IncludeFinder.visitOne_include(IncludeFinder.java:43)
	at de.uka.ilkd.key.nparser.builder.IncludeFinder.visitOne_include(IncludeFinder.java:20)
	at de.uka.ilkd.key.nparser.KeYParser$One_includeContext.accept(KeYParser.java:878)
	at de.uka.ilkd.key.nparser.builder.AbstractBuilder.lambda$mapOf$0(AbstractBuilder.java:112)
	at java.base/java.util.stream.ReferencePipeline$3$1.accept(ReferencePipeline.java:195)
	at java.base/java.util.ArrayList$ArrayListSpliterator.forEachRemaining(ArrayList.java:1655)
	at java.base/java.util.stream.AbstractPipeline.copyInto(AbstractPipeline.java:484)
	at java.base/java.util.stream.AbstractPipeline.wrapAndCopyInto(AbstractPipeline.java:474)
	at java.base/java.util.stream.ReduceOps$ReduceOp.evaluateSequential(ReduceOps.java:913)
	at java.base/java.util.stream.AbstractPipeline.evaluate(AbstractPipeline.java:234)
	at java.base/java.util.stream.ReferencePipeline.collect(ReferencePipeline.java:578)
	at de.uka.ilkd.key.nparser.builder.AbstractBuilder.mapOf(AbstractBuilder.java:112)
	at de.uka.ilkd.key.nparser.builder.IncludeFinder.visitOne_include_statement(IncludeFinder.java:35)
	at de.uka.ilkd.key.nparser.builder.IncludeFinder.visitOne_include_statement(IncludeFinder.java:20)
	at de.uka.ilkd.key.nparser.KeYParser$One_include_statementContext.accept(KeYParser.java:802)
	at org.antlr.v4.runtime.tree.AbstractParseTreeVisitor.visitChildren(AbstractParseTreeVisitor.java:46)
	at de.uka.ilkd.key.nparser.KeYParserBaseVisitor.visitDecls(KeYParserBaseVisitor.java:30)
	at de.uka.ilkd.key.nparser.KeYParser$DeclsContext.accept(KeYParser.java:500)
	at org.antlr.v4.runtime.tree.AbstractParseTreeVisitor.visitChildren(AbstractParseTreeVisitor.java:46)
	at de.uka.ilkd.key.nparser.KeYParserBaseVisitor.visitFile(KeYParserBaseVisitor.java:23)
	at de.uka.ilkd.key.nparser.KeYParser$FileContext.accept(KeYParser.java:306)
	at de.uka.ilkd.key.nparser.KeyAst.accept(KeyAst.java:41)
	at de.uka.ilkd.key.nparser.KeyAst$File.getIncludes(KeyAst.java:76)
	at de.uka.ilkd.key.proof.io.KeYFile.readIncludes(KeYFile.java:208)
	... 14 more
Could not find rule file rules/intRulesCheckedSemantics.key (file: /home/runner/work/key/key/key.core/../key.ui/examples/index/../InformationFlow/MiniExamples/mini.MiniExamples(mini.MiniExamples__secure_p1_2()).JML normal_behavior operation contract.0.key; caused by: de.uka.ilkd.key.proof.init.ProofInputException: Could not find rule file rules/intRulesCheckedSemantics.key)
	at de.uka.ilkd.key.control.AbstractUserInterfaceControl.load(AbstractUserInterfaceControl.java:221)
	at de.uka.ilkd.key.control.KeYEnvironment.load(KeYEnvironment.java:251)
	at de.uka.ilkd.key.control.KeYEnvironment.load(KeYEnvironment.java:224)
	at de.uka.ilkd.key.control.KeYEnvironment.load(KeYEnvironment.java:184)
	at de.uka.ilkd.key.control.KeYEnvironment.load(KeYEnvironment.java:261)
	at de.uka.ilkd.key.proof.runallproofs.proofcollection.TestFile.load(TestFile.java:270)
	at de.uka.ilkd.key.proof.runallproofs.proofcollection.TestFile.runKey(TestFile.java:160)
	at de.uka.ilkd.key.proof.runallproofs.proofcollection.ForkedTestFileRunner.main(ForkedTestFileRunner.java:171)
Caused by: de.uka.ilkd.key.proof.init.ProofInputException: Could not find rule file rules/intRulesCheckedSemantics.key
	at de.uka.ilkd.key.proof.io.KeYFile.readIncludes(KeYFile.java:210)
	at de.uka.ilkd.key.proof.init.ProblemInitializer.readIncludes(ProblemInitializer.java:177)
	at de.uka.ilkd.key.proof.init.ProblemInitializer.readEnvInput(ProblemInitializer.java:325)
	at de.uka.ilkd.key.proof.init.ProblemInitializer.prepare(ProblemInitializer.java:449)
	at de.uka.ilkd.key.proof.io.AbstractProblemLoader.createInitConfig(AbstractProblemLoader.java:518)
	at de.uka.ilkd.key.proof.io.AbstractProblemLoader.loadEnvironment(AbstractProblemLoader.java:288)
	at de.uka.ilkd.key.proof.io.AbstractProblemLoader.load(AbstractProblemLoader.java:252)
	at de.uka.ilkd.key.control.AbstractUserInterfaceControl.load(AbstractUserInterfaceControl.java:209)
	... 7 more
Caused by: java.lang.RuntimeException: Could not find rule file rules/intRulesCheckedSemantics.key
	at de.uka.ilkd.key.proof.io.RuleSourceFactory.fromBuiltInRule(RuleSourceFactory.java:32)
	at de.uka.ilkd.key.proof.io.RuleSourceFactory.fromDefaultLocation(RuleSourceFactory.java:21)
	at de.uka.ilkd.key.nparser.builder.IncludeFinder.addInclude(IncludeFinder.java:63)
	at de.uka.ilkd.key.nparser.builder.IncludeFinder.visitOne_include(IncludeFinder.java:43)
	at de.uka.ilkd.key.nparser.builder.IncludeFinder.visitOne_include(IncludeFinder.java:20)
	at de.uka.ilkd.key.nparser.KeYParser$One_includeContext.accept(KeYParser.java:878)
	at de.uka.ilkd.key.nparser.builder.AbstractBuilder.lambda$mapOf$0(AbstractBuilder.java:112)
	at java.base/java.util.stream.ReferencePipeline$3$1.accept(ReferencePipeline.java:195)
	at java.base/java.util.ArrayList$ArrayListSpliterator.forEachRemaining(ArrayList.java:1655)
	at java.base/java.util.stream.AbstractPipeline.copyInto(AbstractPipeline.java:484)
	at java.base/java.util.stream.AbstractPipeline.wrapAndCopyInto(AbstractPipeline.java:474)
	at java.base/java.util.stream.ReduceOps$ReduceOp.evaluateSequential(ReduceOps.java:913)
	at java.base/java.util.stream.AbstractPipeline.evaluate(AbstractPipeline.java:234)
	at java.base/java.util.stream.ReferencePipeline.collect(ReferencePipeline.java:578)
	at de.uka.ilkd.key.nparser.builder.AbstractBuilder.mapOf(AbstractBuilder.java:112)
	at de.uka.ilkd.key.nparser.builder.IncludeFinder.visitOne_include_statement(IncludeFinder.java:35)
	at de.uka.ilkd.key.nparser.builder.IncludeFinder.visitOne_include_statement(IncludeFinder.java:20)
	at de.uka.ilkd.key.nparser.KeYParser$One_include_statementContext.accept(KeYParser.java:802)
	at org.antlr.v4.runtime.tree.AbstractParseTreeVisitor.visitChildren(AbstractParseTreeVisitor.java:46)
	at de.uka.ilkd.key.nparser.KeYParserBaseVisitor.visitDecls(KeYParserBaseVisitor.java:30)
	at de.uka.ilkd.key.nparser.KeYParser$DeclsContext.accept(KeYParser.java:500)
	at org.antlr.v4.runtime.tree.AbstractParseTreeVisitor.visitChildren(AbstractParseTreeVisitor.java:46)
	at de.uka.ilkd.key.nparser.KeYParserBaseVisitor.visitFile(KeYParserBaseVisitor.java:23)
	at de.uka.ilkd.key.nparser.KeYParser$FileContext.accept(KeYParser.java:306)
	at de.uka.ilkd.key.nparser.KeyAst.accept(KeyAst.java:41)
	at de.uka.ilkd.key.nparser.KeyAst$File.getIncludes(KeyAst.java:76)
	at de.uka.ilkd.key.proof.io.KeYFile.readIncludes(KeYFile.java:208)
	... 14 more
Could not find rule file rules/intRulesCheckedSemantics.key (file: /home/runner/work/key/key/key.core/../key.ui/examples/index/../InformationFlow/MiniExamples/mini.MiniExamples(mini.MiniExamples__secure_p1_1()).JML normal_behavior operation contract.1.key; caused by: de.uka.ilkd.key.proof.init.ProofInputException: Could not find rule file rules/intRulesCheckedSemantics.key)
	at de.uka.ilkd.key.control.AbstractUserInterfaceControl.load(AbstractUserInterfaceControl.java:221)
	at de.uka.ilkd.key.control.KeYEnvironment.load(KeYEnvironment.java:251)
	at de.uka.ilkd.key.control.KeYEnvironment.load(KeYEnvironment.java:224)
	at de.uka.ilkd.key.control.KeYEnvironment.load(KeYEnvironment.java:184)
	at de.uka.ilkd.key.control.KeYEnvironment.load(KeYEnvironment.java:261)
	at de.uka.ilkd.key.proof.runallproofs.proofcollection.TestFile.load(TestFile.java:270)
	at de.uka.ilkd.key.proof.runallproofs.proofcollection.TestFile.runKey(TestFile.java:160)
	at de.uka.ilkd.key.proof.runallproofs.proofcollection.ForkedTestFileRunner.main(ForkedTestFileRunner.java:171)
Caused by: de.uka.ilkd.key.proof.init.ProofInputException: Could not find rule file rules/intRulesCheckedSemantics.key
	at de.uka.ilkd.key.proof.io.KeYFile.readIncludes(KeYFile.java:210)
	at de.uka.ilkd.key.proof.init.ProblemInitializer.readIncludes(ProblemInitializer.java:177)
	at de.uka.ilkd.key.proof.init.ProblemInitializer.readEnvInput(ProblemInitializer.java:325)
	at de.uka.ilkd.key.proof.init.ProblemInitializer.prepare(ProblemInitializer.java:449)
	at de.uka.ilkd.key.proof.io.AbstractProblemLoader.createInitConfig(AbstractProblemLoader.java:518)
	at de.uka.ilkd.key.proof.io.AbstractProblemLoader.loadEnvironment(AbstractProblemLoader.java:288)
	at de.uka.ilkd.key.proof.io.AbstractProblemLoader.load(AbstractProblemLoader.java:252)
	at de.uka.ilkd.key.control.AbstractUserInterfaceControl.load(AbstractUserInterfaceControl.java:209)
	... 7 more
Caused by: java.lang.RuntimeException: Could not find rule file rules/intRulesCheckedSemantics.key
	at de.uka.ilkd.key.proof.io.RuleSourceFactory.fromBuiltInRule(RuleSourceFactory.java:32)
	at de.uka.ilkd.key.proof.io.RuleSourceFactory.fromDefaultLocation(RuleSourceFactory.java:21)
	at de.uka.ilkd.key.nparser.builder.IncludeFinder.addInclude(IncludeFinder.java:63)
	at de.uka.ilkd.key.nparser.builder.IncludeFinder.visitOne_include(IncludeFinder.java:43)
	at de.uka.ilkd.key.nparser.builder.IncludeFinder.visitOne_include(IncludeFinder.java:20)
	at de.uka.ilkd.key.nparser.KeYParser$One_includeContext.accept(KeYParser.java:878)
	at de.uka.ilkd.key.nparser.builder.AbstractBuilder.lambda$mapOf$0(AbstractBuilder.java:112)
	at java.base/java.util.stream.ReferencePipeline$3$1.accept(ReferencePipeline.java:195)
	at java.base/java.util.ArrayList$ArrayListSpliterator.forEachRemaining(ArrayList.java:1655)
	at java.base/java.util.stream.AbstractPipeline.copyInto(AbstractPipeline.java:484)
	at java.base/java.util.stream.AbstractPipeline.wrapAndCopyInto(AbstractPipeline.java:474)
	at java.base/java.util.stream.ReduceOps$ReduceOp.evaluateSequential(ReduceOps.java:913)
	at java.base/java.util.stream.AbstractPipeline.evaluate(AbstractPipeline.java:234)
	at java.base/java.util.stream.ReferencePipeline.collect(ReferencePipeline.java:578)
	at de.uka.ilkd.key.nparser.builder.AbstractBuilder.mapOf(AbstractBuilder.java:112)
	at de.uka.ilkd.key.nparser.builder.IncludeFinder.visitOne_include_statement(IncludeFinder.java:35)
	at de.uka.ilkd.key.nparser.builder.IncludeFinder.visitOne_include_statement(IncludeFinder.java:20)
	at de.uka.ilkd.key.nparser.KeYParser$One_include_statementContext.accept(KeYParser.java:802)
	at org.antlr.v4.runtime.tree.AbstractParseTreeVisitor.visitChildren(AbstractParseTreeVisitor.java:46)
	at de.uka.ilkd.key.nparser.KeYParserBaseVisitor.visitDecls(KeYParserBaseVisitor.java:30)
	at de.uka.ilkd.key.nparser.KeYParser$DeclsContext.accept(KeYParser.java:500)
	at org.antlr.v4.runtime.tree.AbstractParseTreeVisitor.visitChildren(AbstractParseTreeVisitor.java:46)
	at de.uka.ilkd.key.nparser.KeYParserBaseVisitor.visitFile(KeYParserBaseVisitor.java:23)
	at de.uka.ilkd.key.nparser.KeYParser$FileContext.accept(KeYParser.java:306)
	at de.uka.ilkd.key.nparser.KeyAst.accept(KeyAst.java:41)
	at de.uka.ilkd.key.nparser.KeyAst$File.getIncludes(KeyAst.java:76)
	at de.uka.ilkd.key.proof.io.KeYFile.readIncludes(KeYFile.java:208)
	... 14 more
Could not find rule file rules/intRulesCheckedSemantics.key (file: /home/runner/work/key/key/key.core/../key.ui/examples/index/../InformationFlow/MiniExamples/mini.MiniExamples(mini.MiniExamples__secure_p1_1()).JML normal_behavior operation contract.0.key; caused by: de.uka.ilkd.key.proof.init.ProofInputException: Could not find rule file rules/intRulesCheckedSemantics.key)
	at de.uka.ilkd.key.control.AbstractUserInterfaceControl.load(AbstractUserInterfaceControl.java:221)
	at de.uka.ilkd.key.control.KeYEnvironment.load(KeYEnvironment.java:251)
	at de.uka.ilkd.key.control.KeYEnvironment.load(KeYEnvironment.java:224)
	at de.uka.ilkd.key.control.KeYEnvironment.load(KeYEnvironment.java:184)
	at de.uka.ilkd.key.control.KeYEnvironment.load(KeYEnvironment.java:261)
	at de.uka.ilkd.key.proof.runallproofs.proofcollection.TestFile.load(TestFile.java:270)
	at de.uka.ilkd.key.proof.runallproofs.proofcollection.TestFile.runKey(TestFile.java:160)
	at de.uka.ilkd.key.proof.runallproofs.proofcollection.ForkedTestFileRunner.main(ForkedTestFileRunner.java:171)
Caused by: de.uka.ilkd.key.proof.init.ProofInputException: Could not find rule file rules/intRulesCheckedSemantics.key
	at de.uka.ilkd.key.proof.io.KeYFile.readIncludes(KeYFile.java:210)
	at de.uka.ilkd.key.proof.init.ProblemInitializer.readIncludes(ProblemInitializer.java:177)
	at de.uka.ilkd.key.proof.init.ProblemInitializer.readEnvInput(ProblemInitializer.java:325)
	at de.uka.ilkd.key.proof.init.ProblemInitializer.prepare(ProblemInitializer.java:449)
	at de.uka.ilkd.key.proof.io.AbstractProblemLoader.createInitConfig(AbstractProblemLoader.java:518)
	at de.uka.ilkd.key.proof.io.AbstractProblemLoader.loadEnvironment(AbstractProblemLoader.java:288)
	at de.uka.ilkd.key.proof.io.AbstractProblemLoader.load(AbstractProblemLoader.java:252)
	at de.uka.ilkd.key.control.AbstractUserInterfaceControl.load(AbstractUserInterfaceControl.java:209)
	... 7 more
Caused by: java.lang.RuntimeException: Could not find rule file rules/intRulesCheckedSemantics.key
	at de.uka.ilkd.key.proof.io.RuleSourceFactory.fromBuiltInRule(RuleSourceFactory.java:32)
	at de.uka.ilkd.key.proof.io.RuleSourceFactory.fromDefaultLocation(RuleSourceFactory.java:21)
	at de.uka.ilkd.key.nparser.builder.IncludeFinder.addInclude(IncludeFinder.java:63)
	at de.uka.ilkd.key.nparser.builder.IncludeFinder.visitOne_include(IncludeFinder.java:43)
	at de.uka.ilkd.key.nparser.builder.IncludeFinder.visitOne_include(IncludeFinder.java:20)
	at de.uka.ilkd.key.nparser.KeYParser$One_includeContext.accept(KeYParser.java:878)
	at de.uka.ilkd.key.nparser.builder.AbstractBuilder.lambda$mapOf$0(AbstractBuilder.java:112)
	at java.base/java.util.stream.ReferencePipeline$3$1.accept(ReferencePipeline.java:195)
	at java.base/java.util.ArrayList$ArrayListSpliterator.forEachRemaining(ArrayList.java:1655)
	at java.base/java.util.stream.AbstractPipeline.copyInto(AbstractPipeline.java:484)
	at java.base/java.util.stream.AbstractPipeline.wrapAndCopyInto(AbstractPipeline.java:474)
	at java.base/java.util.stream.ReduceOps$ReduceOp.evaluateSequential(ReduceOps.java:913)
	at java.base/java.util.stream.AbstractPipeline.evaluate(AbstractPipeline.java:234)
	at java.base/java.util.stream.ReferencePipeline.collect(ReferencePipeline.java:578)
	at de.uka.ilkd.key.nparser.builder.AbstractBuilder.mapOf(AbstractBuilder.java:112)
	at de.uka.ilkd.key.nparser.builder.IncludeFinder.visitOne_include_statement(IncludeFinder.java:35)
	at de.uka.ilkd.key.nparser.builder.IncludeFinder.visitOne_include_statement(IncludeFinder.java:20)
	at de.uka.ilkd.key.nparser.KeYParser$One_include_statementContext.accept(KeYParser.java:802)
	at org.antlr.v4.runtime.tree.AbstractParseTreeVisitor.visitChildren(AbstractParseTreeVisitor.java:46)
	at de.uka.ilkd.key.nparser.KeYParserBaseVisitor.visitDecls(KeYParserBaseVisitor.java:30)
	at de.uka.ilkd.key.nparser.KeYParser$DeclsContext.accept(KeYParser.java:500)
	at org.antlr.v4.runtime.tree.AbstractParseTreeVisitor.visitChildren(AbstractParseTreeVisitor.java:46)
	at de.uka.ilkd.key.nparser.KeYParserBaseVisitor.visitFile(KeYParserBaseVisitor.java:23)
	at de.uka.ilkd.key.nparser.KeYParser$FileContext.accept(KeYParser.java:306)
	at de.uka.ilkd.key.nparser.KeyAst.accept(KeyAst.java:41)
	at de.uka.ilkd.key.nparser.KeyAst$File.getIncludes(KeyAst.java:76)
	at de.uka.ilkd.key.proof.io.KeYFile.readIncludes(KeYFile.java:208)
	... 14 more
Could not find rule file rules/intRulesCheckedSemantics.key (file: /home/runner/work/key/key/key.core/../key.ui/examples/index/../InformationFlow/MiniExamples/mini.MiniExamples(mini.MiniExamples__insecure_p1_2()).JML normal_behavior operation contract.0.key; caused by: de.uka.ilkd.key.proof.init.ProofInputException: Could not find rule file rules/intRulesCheckedSemantics.key)
	at de.uka.ilkd.key.control.AbstractUserInterfaceControl.load(AbstractUserInterfaceControl.java:221)
	at de.uka.ilkd.key.control.KeYEnvironment.load(KeYEnvironment.java:251)
	at de.uka.ilkd.key.control.KeYEnvironment.load(KeYEnvironment.java:224)
	at de.uka.ilkd.key.control.KeYEnvironment.load(KeYEnvironment.java:184)
	at de.uka.ilkd.key.control.KeYEnvironment.load(KeYEnvironment.java:261)
	at de.uka.ilkd.key.proof.runallproofs.proofcollection.TestFile.load(TestFile.java:270)
	at de.uka.ilkd.key.proof.runallproofs.proofcollection.TestFile.runKey(TestFile.java:160)
	at de.uka.ilkd.key.proof.runallproofs.proofcollection.ForkedTestFileRunner.main(ForkedTestFileRunner.java:171)
Caused by: de.uka.ilkd.key.proof.init.ProofInputException: Could not find rule file rules/intRulesCheckedSemantics.key
	at de.uka.ilkd.key.proof.io.KeYFile.readIncludes(KeYFile.java:210)
	at de.uka.ilkd.key.proof.init.ProblemInitializer.readIncludes(ProblemInitializer.java:177)
	at de.uka.ilkd.key.proof.init.ProblemInitializer.readEnvInput(ProblemInitializer.java:325)
	at de.uka.ilkd.key.proof.init.ProblemInitializer.prepare(ProblemInitializer.java:449)
	at de.uka.ilkd.key.proof.io.AbstractProblemLoader.createInitConfig(AbstractProblemLoader.java:518)
	at de.uka.ilkd.key.proof.io.AbstractProblemLoader.loadEnvironment(AbstractProblemLoader.java:288)
	at de.uka.ilkd.key.proof.io.AbstractProblemLoader.load(AbstractProblemLoader.java:252)
	at de.uka.ilkd.key.control.AbstractUserInterfaceControl.load(AbstractUserInterfaceControl.java:209)
	... 7 more
Caused by: java.lang.RuntimeException: Could not find rule file rules/intRulesCheckedSemantics.key
	at de.uka.ilkd.key.proof.io.RuleSourceFactory.fromBuiltInRule(RuleSourceFactory.java:32)
	at de.uka.ilkd.key.proof.io.RuleSourceFactory.fromDefaultLocation(RuleSourceFactory.java:21)
	at de.uka.ilkd.key.nparser.builder.IncludeFinder.addInclude(IncludeFinder.java:63)
	at de.uka.ilkd.key.nparser.builder.IncludeFinder.visitOne_include(IncludeFinder.java:43)
	at de.uka.ilkd.key.nparser.builder.IncludeFinder.visitOne_include(IncludeFinder.java:20)
	at de.uka.ilkd.key.nparser.KeYParser$One_includeContext.accept(KeYParser.java:878)
	at de.uka.ilkd.key.nparser.builder.AbstractBuilder.lambda$mapOf$0(AbstractBuilder.java:112)
	at java.base/java.util.stream.ReferencePipeline$3$1.accept(ReferencePipeline.java:195)
	at java.base/java.util.ArrayList$ArrayListSpliterator.forEachRemaining(ArrayList.java:1655)
	at java.base/java.util.stream.AbstractPipeline.copyInto(AbstractPipeline.java:484)
	at java.base/java.util.stream.AbstractPipeline.wrapAndCopyInto(AbstractPipeline.java:474)
	at java.base/java.util.stream.ReduceOps$ReduceOp.evaluateSequential(ReduceOps.java:913)
	at java.base/java.util.stream.AbstractPipeline.evaluate(AbstractPipeline.java:234)
	at java.base/java.util.stream.ReferencePipeline.collect(ReferencePipeline.java:578)
	at de.uka.ilkd.key.nparser.builder.AbstractBuilder.mapOf(AbstractBuilder.java:112)
	at de.uka.ilkd.key.nparser.builder.IncludeFinder.visitOne_include_statement(IncludeFinder.java:35)
	at de.uka.ilkd.key.nparser.builder.IncludeFinder.visitOne_include_statement(IncludeFinder.java:20)
	at de.uka.ilkd.key.nparser.KeYParser$One_include_statementContext.accept(KeYParser.java:802)
	at org.antlr.v4.runtime.tree.AbstractParseTreeVisitor.visitChildren(AbstractParseTreeVisitor.java:46)
	at de.uka.ilkd.key.nparser.KeYParserBaseVisitor.visitDecls(KeYParserBaseVisitor.java:30)
	at de.uka.ilkd.key.nparser.KeYParser$DeclsContext.accept(KeYParser.java:500)
	at org.antlr.v4.runtime.tree.AbstractParseTreeVisitor.visitChildren(AbstractParseTreeVisitor.java:46)
	at de.uka.ilkd.key.nparser.KeYParserBaseVisitor.visitFile(KeYParserBaseVisitor.java:23)
	at de.uka.ilkd.key.nparser.KeYParser$FileContext.accept(KeYParser.java:306)
	at de.uka.ilkd.key.nparser.KeyAst.accept(KeyAst.java:41)
	at de.uka.ilkd.key.nparser.KeyAst$File.getIncludes(KeyAst.java:76)
	at de.uka.ilkd.key.proof.io.KeYFile.readIncludes(KeYFile.java:208)
	... 14 more
Could not find rule file rules/intRulesCheckedSemantics.key (file: /home/runner/work/key/key/key.core/../key.ui/examples/index/../InformationFlow/MiniExamples/mini.MiniExamples(mini.MiniExamples__insecure_p1_1()).JML normal_behavior operation contract.0.key; caused by: de.uka.ilkd.key.proof.init.ProofInputException: Could not find rule file rules/intRulesCheckedSemantics.key)
	at de.uka.ilkd.key.control.AbstractUserInterfaceControl.load(AbstractUserInterfaceControl.java:221)
	at de.uka.ilkd.key.control.KeYEnvironment.load(KeYEnvironment.java:251)
	at de.uka.ilkd.key.control.KeYEnvironment.load(KeYEnvironment.java:224)
	at de.uka.ilkd.key.control.KeYEnvironment.load(KeYEnvironment.java:184)
	at de.uka.ilkd.key.control.KeYEnvironment.load(KeYEnvironment.java:261)
	at de.uka.ilkd.key.proof.runallproofs.proofcollection.TestFile.load(TestFile.java:270)
	at de.uka.ilkd.key.proof.runallproofs.proofcollection.TestFile.runKey(TestFile.java:160)
	at de.uka.ilkd.key.proof.runallproofs.proofcollection.ForkedTestFileRunner.main(ForkedTestFileRunner.java:171)
Caused by: de.uka.ilkd.key.proof.init.ProofInputException: Could not find rule file rules/intRulesCheckedSemantics.key
	at de.uka.ilkd.key.proof.io.KeYFile.readIncludes(KeYFile.java:210)
	at de.uka.ilkd.key.proof.init.ProblemInitializer.readIncludes(ProblemInitializer.java:177)
	at de.uka.ilkd.key.proof.init.ProblemInitializer.readEnvInput(ProblemInitializer.java:325)
	at de.uka.ilkd.key.proof.init.ProblemInitializer.prepare(ProblemInitializer.java:449)
	at de.uka.ilkd.key.proof.io.AbstractProblemLoader.createInitConfig(AbstractProblemLoader.java:518)
	at de.uka.ilkd.key.proof.io.AbstractProblemLoader.loadEnvironment(AbstractProblemLoader.java:288)
	at de.uka.ilkd.key.proof.io.AbstractProblemLoader.load(AbstractProblemLoader.java:252)
	at de.uka.ilkd.key.control.AbstractUserInterfaceControl.load(AbstractUserInterfaceControl.java:209)
	... 7 more
Caused by: java.lang.RuntimeException: Could not find rule file rules/intRulesCheckedSemantics.key
	at de.uka.ilkd.key.proof.io.RuleSourceFactory.fromBuiltInRule(RuleSourceFactory.java:32)
	at de.uka.ilkd.key.proof.io.RuleSourceFactory.fromDefaultLocation(RuleSourceFactory.java:21)
	at de.uka.ilkd.key.nparser.builder.IncludeFinder.addInclude(IncludeFinder.java:63)
	at de.uka.ilkd.key.nparser.builder.IncludeFinder.visitOne_include(IncludeFinder.java:43)
	at de.uka.ilkd.key.nparser.builder.IncludeFinder.visitOne_include(IncludeFinder.java:20)
	at de.uka.ilkd.key.nparser.KeYParser$One_includeContext.accept(KeYParser.java:878)
	at de.uka.ilkd.key.nparser.builder.AbstractBuilder.lambda$mapOf$0(AbstractBuilder.java:112)
	at java.base/java.util.stream.ReferencePipeline$3$1.accept(ReferencePipeline.java:195)
	at java.base/java.util.ArrayList$ArrayListSpliterator.forEachRemaining(ArrayList.java:1655)
	at java.base/java.util.stream.AbstractPipeline.copyInto(AbstractPipeline.java:484)
	at java.base/java.util.stream.AbstractPipeline.wrapAndCopyInto(AbstractPipeline.java:474)
	at java.base/java.util.stream.ReduceOps$ReduceOp.evaluateSequential(ReduceOps.java:913)
	at java.base/java.util.stream.AbstractPipeline.evaluate(AbstractPipeline.java:234)
	at java.base/java.util.stream.ReferencePipeline.collect(ReferencePipeline.java:578)
	at de.uka.ilkd.key.nparser.builder.AbstractBuilder.mapOf(AbstractBuilder.java:112)
	at de.uka.ilkd.key.nparser.builder.IncludeFinder.visitOne_include_statement(IncludeFinder.java:35)
	at de.uka.ilkd.key.nparser.builder.IncludeFinder.visitOne_include_statement(IncludeFinder.java:20)
	at de.uka.ilkd.key.nparser.KeYParser$One_include_statementContext.accept(KeYParser.java:802)
	at org.antlr.v4.runtime.tree.AbstractParseTreeVisitor.visitChildren(AbstractParseTreeVisitor.java:46)
	at de.uka.ilkd.key.nparser.KeYParserBaseVisitor.visitDecls(KeYParserBaseVisitor.java:30)
	at de.uka.ilkd.key.nparser.KeYParser$DeclsContext.accept(KeYParser.java:500)
	at org.antlr.v4.runtime.tree.AbstractParseTreeVisitor.visitChildren(AbstractParseTreeVisitor.java:46)
	at de.uka.ilkd.key.nparser.KeYParserBaseVisitor.visitFile(KeYParserBaseVisitor.java:23)
	at de.uka.ilkd.key.nparser.KeYParser$FileContext.accept(KeYParser.java:306)
	at de.uka.ilkd.key.nparser.KeyAst.accept(KeyAst.java:41)
	at de.uka.ilkd.key.nparser.KeyAst$File.getIncludes(KeyAst.java:76)
	at de.uka.ilkd.key.proof.io.KeYFile.readIncludes(KeYFile.java:208)
	... 14 more
Exception in thread "main" org.opentest4j.AssertionFailedError: Exception during the execution of proofs. See log for more details.
	at org.junit.jupiter.api.AssertionUtils.fail(AssertionUtils.java:39)
	at org.junit.jupiter.api.Assertions.fail(Assertions.java:134)
	at de.uka.ilkd.key.proof.runallproofs.proofcollection.ForkedTestFileRunner.main(ForkedTestFileRunner.java:192)
Timeout watcher launched (1000 secs.)
Could not find rule file rules/intRulesCheckedSemantics.key (file: /home/runner/work/key/key/key.core/../key.ui/examples/index/../InformationFlow/NewObjects/object.AmtoftBanerjee3(object.AmtoftBanerjee3__m()).JML operation contract.0.key; caused by: de.uka.ilkd.key.proof.init.ProofInputException: Could not find rule file rules/intRulesCheckedSemantics.key)
	at de.uka.ilkd.key.control.AbstractUserInterfaceControl.load(AbstractUserInterfaceControl.java:221)
	at de.uka.ilkd.key.control.KeYEnvironment.load(KeYEnvironment.java:251)
	at de.uka.ilkd.key.control.KeYEnvironment.load(KeYEnvironment.java:224)
	at de.uka.ilkd.key.control.KeYEnvironment.load(KeYEnvironment.java:184)
	at de.uka.ilkd.key.control.KeYEnvironment.load(KeYEnvironment.java:261)
	at de.uka.ilkd.key.proof.runallproofs.proofcollection.TestFile.load(TestFile.java:270)
	at de.uka.ilkd.key.proof.runallproofs.proofcollection.TestFile.runKey(TestFile.java:160)
	at de.uka.ilkd.key.proof.runallproofs.proofcollection.ForkedTestFileRunner.main(ForkedTestFileRunner.java:171)
Caused by: de.uka.ilkd.key.proof.init.ProofInputException: Could not find rule file rules/intRulesCheckedSemantics.key
	at de.uka.ilkd.key.proof.io.KeYFile.readIncludes(KeYFile.java:210)
	at de.uka.ilkd.key.proof.init.ProblemInitializer.readIncludes(ProblemInitializer.java:177)
	at de.uka.ilkd.key.proof.init.ProblemInitializer.readEnvInput(ProblemInitializer.java:325)
	at de.uka.ilkd.key.proof.init.ProblemInitializer.prepare(ProblemInitializer.java:449)
	at de.uka.ilkd.key.proof.io.AbstractProblemLoader.createInitConfig(AbstractProblemLoader.java:518)
	at de.uka.ilkd.key.proof.io.AbstractProblemLoader.loadEnvironment(AbstractProblemLoader.java:288)
	at de.uka.ilkd.key.proof.io.AbstractProblemLoader.load(AbstractProblemLoader.java:252)
	at de.uka.ilkd.key.control.AbstractUserInterfaceControl.load(AbstractUserInterfaceControl.java:209)
	... 7 more
Caused by: java.lang.RuntimeException: Could not find rule file rules/intRulesCheckedSemantics.key
	at de.uka.ilkd.key.proof.io.RuleSourceFactory.fromBuiltInRule(RuleSourceFactory.java:32)
	at de.uka.ilkd.key.proof.io.RuleSourceFactory.fromDefaultLocation(RuleSourceFactory.java:21)
	at de.uka.ilkd.key.nparser.builder.IncludeFinder.addInclude(IncludeFinder.java:63)
	at de.uka.ilkd.key.nparser.builder.IncludeFinder.visitOne_include(IncludeFinder.java:43)
	at de.uka.ilkd.key.nparser.builder.IncludeFinder.visitOne_include(IncludeFinder.java:20)
	at de.uka.ilkd.key.nparser.KeYParser$One_includeContext.accept(KeYParser.java:878)
	at de.uka.ilkd.key.nparser.builder.AbstractBuilder.lambda$mapOf$0(AbstractBuilder.java:112)
	at java.base/java.util.stream.ReferencePipeline$3$1.accept(ReferencePipeline.java:195)
	at java.base/java.util.ArrayList$ArrayListSpliterator.forEachRemaining(ArrayList.java:1655)
	at java.base/java.util.stream.AbstractPipeline.copyInto(AbstractPipeline.java:484)
	at java.base/java.util.stream.AbstractPipeline.wrapAndCopyInto(AbstractPipeline.java:474)
	at java.base/java.util.stream.ReduceOps$ReduceOp.evaluateSequential(ReduceOps.java:913)
	at java.base/java.util.stream.AbstractPipeline.evaluate(AbstractPipeline.java:234)
	at java.base/java.util.stream.ReferencePipeline.collect(ReferencePipeline.java:578)
	at de.uka.ilkd.key.nparser.builder.AbstractBuilder.mapOf(AbstractBuilder.java:112)
	at de.uka.ilkd.key.nparser.builder.IncludeFinder.visitOne_include_statement(IncludeFinder.java:35)
	at de.uka.ilkd.key.nparser.builder.IncludeFinder.visitOne_include_statement(IncludeFinder.java:20)
	at de.uka.ilkd.key.nparser.KeYParser$One_include_statementContext.accept(KeYParser.java:802)
	at org.antlr.v4.runtime.tree.AbstractParseTreeVisitor.visitChildren(AbstractParseTreeVisitor.java:46)
	at de.uka.ilkd.key.nparser.KeYParserBaseVisitor.visitDecls(KeYParserBaseVisitor.java:30)
	at de.uka.ilkd.key.nparser.KeYParser$DeclsContext.accept(KeYParser.java:500)
	at org.antlr.v4.runtime.tree.AbstractParseTreeVisitor.visitChildren(AbstractParseTreeVisitor.java:46)
	at de.uka.ilkd.key.nparser.KeYParserBaseVisitor.visitFile(KeYParserBaseVisitor.java:23)
	at de.uka.ilkd.key.nparser.KeYParser$FileContext.accept(KeYParser.java:306)
	at de.uka.ilkd.key.nparser.KeyAst.accept(KeyAst.java:41)
	at de.uka.ilkd.key.nparser.KeyAst$File.getIncludes(KeyAst.java:76)
	at de.uka.ilkd.key.proof.io.KeYFile.readIncludes(KeYFile.java:208)
	... 14 more
Could not find rule file rules/intRulesCheckedSemantics.key (file: /home/runner/work/key/key/key.core/../key.ui/examples/index/../InformationFlow/NewObjects/object.AmtoftBanerjee(object.AmtoftBanerjee__m_2()).JML normal_behavior operation contract.0.key; caused by: de.uka.ilkd.key.proof.init.ProofInputException: Could not find rule file rules/intRulesCheckedSemantics.key)
	at de.uka.ilkd.key.control.AbstractUserInterfaceControl.load(AbstractUserInterfaceControl.java:221)
	at de.uka.ilkd.key.control.KeYEnvironment.load(KeYEnvironment.java:251)
	at de.uka.ilkd.key.control.KeYEnvironment.load(KeYEnvironment.java:224)
	at de.uka.ilkd.key.control.KeYEnvironment.load(KeYEnvironment.java:184)
	at de.uka.ilkd.key.control.KeYEnvironment.load(KeYEnvironment.java:261)
	at de.uka.ilkd.key.proof.runallproofs.proofcollection.TestFile.load(TestFile.java:270)
	at de.uka.ilkd.key.proof.runallproofs.proofcollection.TestFile.runKey(TestFile.java:160)
	at de.uka.ilkd.key.proof.runallproofs.proofcollection.ForkedTestFileRunner.main(ForkedTestFileRunner.java:171)
Caused by: de.uka.ilkd.key.proof.init.ProofInputException: Could not find rule file rules/intRulesCheckedSemantics.key
	at de.uka.ilkd.key.proof.io.KeYFile.readIncludes(KeYFile.java:210)
	at de.uka.ilkd.key.proof.init.ProblemInitializer.readIncludes(ProblemInitializer.java:177)
	at de.uka.ilkd.key.proof.init.ProblemInitializer.readEnvInput(ProblemInitializer.java:325)
	at de.uka.ilkd.key.proof.init.ProblemInitializer.prepare(ProblemInitializer.java:449)
	at de.uka.ilkd.key.proof.io.AbstractProblemLoader.createInitConfig(AbstractProblemLoader.java:518)
	at de.uka.ilkd.key.proof.io.AbstractProblemLoader.loadEnvironment(AbstractProblemLoader.java:288)
	at de.uka.ilkd.key.proof.io.AbstractProblemLoader.load(AbstractProblemLoader.java:252)
	at de.uka.ilkd.key.control.AbstractUserInterfaceControl.load(AbstractUserInterfaceControl.java:209)
	... 7 more
Caused by: java.lang.RuntimeException: Could not find rule file rules/intRulesCheckedSemantics.key
	at de.uka.ilkd.key.proof.io.RuleSourceFactory.fromBuiltInRule(RuleSourceFactory.java:32)
	at de.uka.ilkd.key.proof.io.RuleSourceFactory.fromDefaultLocation(RuleSourceFactory.java:21)
	at de.uka.ilkd.key.nparser.builder.IncludeFinder.addInclude(IncludeFinder.java:63)
	at de.uka.ilkd.key.nparser.builder.IncludeFinder.visitOne_include(IncludeFinder.java:43)
	at de.uka.ilkd.key.nparser.builder.IncludeFinder.visitOne_include(IncludeFinder.java:20)
	at de.uka.ilkd.key.nparser.KeYParser$One_includeContext.accept(KeYParser.java:878)
	at de.uka.ilkd.key.nparser.builder.AbstractBuilder.lambda$mapOf$0(AbstractBuilder.java:112)
	at java.base/java.util.stream.ReferencePipeline$3$1.accept(ReferencePipeline.java:195)
	at java.base/java.util.ArrayList$ArrayListSpliterator.forEachRemaining(ArrayList.java:1655)
	at java.base/java.util.stream.AbstractPipeline.copyInto(AbstractPipeline.java:484)
	at java.base/java.util.stream.AbstractPipeline.wrapAndCopyInto(AbstractPipeline.java:474)
	at java.base/java.util.stream.ReduceOps$ReduceOp.evaluateSequential(ReduceOps.java:913)
	at java.base/java.util.stream.AbstractPipeline.evaluate(AbstractPipeline.java:234)
	at java.base/java.util.stream.ReferencePipeline.collect(ReferencePipeline.java:578)
	at de.uka.ilkd.key.nparser.builder.AbstractBuilder.mapOf(AbstractBuilder.java:112)
	at de.uka.ilkd.key.nparser.builder.IncludeFinder.visitOne_include_statement(IncludeFinder.java:35)
	at de.uka.ilkd.key.nparser.builder.IncludeFinder.visitOne_include_statement(IncludeFinder.java:20)
	at de.uka.ilkd.key.nparser.KeYParser$One_include_statementContext.accept(KeYParser.java:802)
	at org.antlr.v4.runtime.tree.AbstractParseTreeVisitor.visitChildren(AbstractParseTreeVisitor.java:46)
	at de.uka.ilkd.key.nparser.KeYParserBaseVisitor.visitDecls(KeYParserBaseVisitor.java:30)
	at de.uka.ilkd.key.nparser.KeYParser$DeclsContext.accept(KeYParser.java:500)
	at org.antlr.v4.runtime.tree.AbstractParseTreeVisitor.visitChildren(AbstractParseTreeVisitor.java:46)
	at de.uka.ilkd.key.nparser.KeYParserBaseVisitor.visitFile(KeYParserBaseVisitor.java:23)
	at de.uka.ilkd.key.nparser.KeYParser$FileContext.accept(KeYParser.java:306)
	at de.uka.ilkd.key.nparser.KeyAst.accept(KeyAst.java:41)
	at de.uka.ilkd.key.nparser.KeyAst$File.getIncludes(KeyAst.java:76)
	at de.uka.ilkd.key.proof.io.KeYFile.readIncludes(KeYFile.java:208)
	... 14 more
Could not find rule file rules/intRulesCheckedSemantics.key (file: /home/runner/work/key/key/key.core/../key.ui/examples/index/../InformationFlow/NewObjects/object.AmtoftBanerjee(object.AmtoftBanerjee__m_1()).JML normal_behavior operation contract.1.key; caused by: de.uka.ilkd.key.proof.init.ProofInputException: Could not find rule file rules/intRulesCheckedSemantics.key)
	at de.uka.ilkd.key.control.AbstractUserInterfaceControl.load(AbstractUserInterfaceControl.java:221)
	at de.uka.ilkd.key.control.KeYEnvironment.load(KeYEnvironment.java:251)
	at de.uka.ilkd.key.control.KeYEnvironment.load(KeYEnvironment.java:224)
	at de.uka.ilkd.key.control.KeYEnvironment.load(KeYEnvironment.java:184)
	at de.uka.ilkd.key.control.KeYEnvironment.load(KeYEnvironment.java:261)
	at de.uka.ilkd.key.proof.runallproofs.proofcollection.TestFile.load(TestFile.java:270)
	at de.uka.ilkd.key.proof.runallproofs.proofcollection.TestFile.runKey(TestFile.java:160)
	at de.uka.ilkd.key.proof.runallproofs.proofcollection.ForkedTestFileRunner.main(ForkedTestFileRunner.java:171)
Caused by: de.uka.ilkd.key.proof.init.ProofInputException: Could not find rule file rules/intRulesCheckedSemantics.key
	at de.uka.ilkd.key.proof.io.KeYFile.readIncludes(KeYFile.java:210)
	at de.uka.ilkd.key.proof.init.ProblemInitializer.readIncludes(ProblemInitializer.java:177)
	at de.uka.ilkd.key.proof.init.ProblemInitializer.readEnvInput(ProblemInitializer.java:325)
	at de.uka.ilkd.key.proof.init.ProblemInitializer.prepare(ProblemInitializer.java:449)
	at de.uka.ilkd.key.proof.io.AbstractProblemLoader.createInitConfig(AbstractProblemLoader.java:518)
	at de.uka.ilkd.key.proof.io.AbstractProblemLoader.loadEnvironment(AbstractProblemLoader.java:288)
	at de.uka.ilkd.key.proof.io.AbstractProblemLoader.load(AbstractProblemLoader.java:252)
	at de.uka.ilkd.key.control.AbstractUserInterfaceControl.load(AbstractUserInterfaceControl.java:209)
	... 7 more
Caused by: java.lang.RuntimeException: Could not find rule file rules/intRulesCheckedSemantics.key
	at de.uka.ilkd.key.proof.io.RuleSourceFactory.fromBuiltInRule(RuleSourceFactory.java:32)
	at de.uka.ilkd.key.proof.io.RuleSourceFactory.fromDefaultLocation(RuleSourceFactory.java:21)
	at de.uka.ilkd.key.nparser.builder.IncludeFinder.addInclude(IncludeFinder.java:63)
	at de.uka.ilkd.key.nparser.builder.IncludeFinder.visitOne_include(IncludeFinder.java:43)
	at de.uka.ilkd.key.nparser.builder.IncludeFinder.visitOne_include(IncludeFinder.java:20)
	at de.uka.ilkd.key.nparser.KeYParser$One_includeContext.accept(KeYParser.java:878)
	at de.uka.ilkd.key.nparser.builder.AbstractBuilder.lambda$mapOf$0(AbstractBuilder.java:112)
	at java.base/java.util.stream.ReferencePipeline$3$1.accept(ReferencePipeline.java:195)
	at java.base/java.util.ArrayList$ArrayListSpliterator.forEachRemaining(ArrayList.java:1655)
	at java.base/java.util.stream.AbstractPipeline.copyInto(AbstractPipeline.java:484)
	at java.base/java.util.stream.AbstractPipeline.wrapAndCopyInto(AbstractPipeline.java:474)
	at java.base/java.util.stream.ReduceOps$ReduceOp.evaluateSequential(ReduceOps.java:913)
	at java.base/java.util.stream.AbstractPipeline.evaluate(AbstractPipeline.java:234)
	at java.base/java.util.stream.ReferencePipeline.collect(ReferencePipeline.java:578)
	at de.uka.ilkd.key.nparser.builder.AbstractBuilder.mapOf(AbstractBuilder.java:112)
	at de.uka.ilkd.key.nparser.builder.IncludeFinder.visitOne_include_statement(IncludeFinder.java:35)
	at de.uka.ilkd.key.nparser.builder.IncludeFinder.visitOne_include_statement(IncludeFinder.java:20)
	at de.uka.ilkd.key.nparser.KeYParser$One_include_statementContext.accept(KeYParser.java:802)
	at org.antlr.v4.runtime.tree.AbstractParseTreeVisitor.visitChildren(AbstractParseTreeVisitor.java:46)
	at de.uka.ilkd.key.nparser.KeYParserBaseVisitor.visitDecls(KeYParserBaseVisitor.java:30)
	at de.uka.ilkd.key.nparser.KeYParser$DeclsContext.accept(KeYParser.java:500)
	at org.antlr.v4.runtime.tree.AbstractParseTreeVisitor.visitChildren(AbstractParseTreeVisitor.java:46)
	at de.uka.ilkd.key.nparser.KeYParserBaseVisitor.visitFile(KeYParserBaseVisitor.java:23)
	at de.uka.ilkd.key.nparser.KeYParser$FileContext.accept(KeYParser.java:306)
	at de.uka.ilkd.key.nparser.KeyAst.accept(KeyAst.java:41)
	at de.uka.ilkd.key.nparser.KeyAst$File.getIncludes(KeyAst.java:76)
	at de.uka.ilkd.key.proof.io.KeYFile.readIncludes(KeYFile.java:208)
	... 14 more
Could not find rule file rules/intRulesCheckedSemantics.key (file: /home/runner/work/key/key/key.core/../key.ui/examples/index/../InformationFlow/NewObjects/object.AmtoftBanerjee(object.AmtoftBanerjee__m_1()).JML normal_behavior operation contract.0.key; caused by: de.uka.ilkd.key.proof.init.ProofInputException: Could not find rule file rules/intRulesCheckedSemantics.key)
	at de.uka.ilkd.key.control.AbstractUserInterfaceControl.load(AbstractUserInterfaceControl.java:221)
	at de.uka.ilkd.key.control.KeYEnvironment.load(KeYEnvironment.java:251)
	at de.uka.ilkd.key.control.KeYEnvironment.load(KeYEnvironment.java:224)
	at de.uka.ilkd.key.control.KeYEnvironment.load(KeYEnvironment.java:184)
	at de.uka.ilkd.key.control.KeYEnvironment.load(KeYEnvironment.java:261)
	at de.uka.ilkd.key.proof.runallproofs.proofcollection.TestFile.load(TestFile.java:270)
	at de.uka.ilkd.key.proof.runallproofs.proofcollection.TestFile.runKey(TestFile.java:160)
	at de.uka.ilkd.key.proof.runallproofs.proofcollection.ForkedTestFileRunner.main(ForkedTestFileRunner.java:171)
Caused by: de.uka.ilkd.key.proof.init.ProofInputException: Could not find rule file rules/intRulesCheckedSemantics.key
	at de.uka.ilkd.key.proof.io.KeYFile.readIncludes(KeYFile.java:210)
	at de.uka.ilkd.key.proof.init.ProblemInitializer.readIncludes(ProblemInitializer.java:177)
	at de.uka.ilkd.key.proof.init.ProblemInitializer.readEnvInput(ProblemInitializer.java:325)
	at de.uka.ilkd.key.proof.init.ProblemInitializer.prepare(ProblemInitializer.java:449)
	at de.uka.ilkd.key.proof.io.AbstractProblemLoader.createInitConfig(AbstractProblemLoader.java:518)
	at de.uka.ilkd.key.proof.io.AbstractProblemLoader.loadEnvironment(AbstractProblemLoader.java:288)
	at de.uka.ilkd.key.proof.io.AbstractProblemLoader.load(AbstractProblemLoader.java:252)
	at de.uka.ilkd.key.control.AbstractUserInterfaceControl.load(AbstractUserInterfaceControl.java:209)
	... 7 more
Caused by: java.lang.RuntimeException: Could not find rule file rules/intRulesCheckedSemantics.key
	at de.uka.ilkd.key.proof.io.RuleSourceFactory.fromBuiltInRule(RuleSourceFactory.java:32)
	at de.uka.ilkd.key.proof.io.RuleSourceFactory.fromDefaultLocation(RuleSourceFactory.java:21)
	at de.uka.ilkd.key.nparser.builder.IncludeFinder.addInclude(IncludeFinder.java:63)
	at de.uka.ilkd.key.nparser.builder.IncludeFinder.visitOne_include(IncludeFinder.java:43)
	at de.uka.ilkd.key.nparser.builder.IncludeFinder.visitOne_include(IncludeFinder.java:20)
	at de.uka.ilkd.key.nparser.KeYParser$One_includeContext.accept(KeYParser.java:878)
	at de.uka.ilkd.key.nparser.builder.AbstractBuilder.lambda$mapOf$0(AbstractBuilder.java:112)
	at java.base/java.util.stream.ReferencePipeline$3$1.accept(ReferencePipeline.java:195)
	at java.base/java.util.ArrayList$ArrayListSpliterator.forEachRemaining(ArrayList.java:1655)
	at java.base/java.util.stream.AbstractPipeline.copyInto(AbstractPipeline.java:484)
	at java.base/java.util.stream.AbstractPipeline.wrapAndCopyInto(AbstractPipeline.java:474)
	at java.base/java.util.stream.ReduceOps$ReduceOp.evaluateSequential(ReduceOps.java:913)
	at java.base/java.util.stream.AbstractPipeline.evaluate(AbstractPipeline.java:234)
	at java.base/java.util.stream.ReferencePipeline.collect(ReferencePipeline.java:578)
	at de.uka.ilkd.key.nparser.builder.AbstractBuilder.mapOf(AbstractBuilder.java:112)
	at de.uka.ilkd.key.nparser.builder.IncludeFinder.visitOne_include_statement(IncludeFinder.java:35)
	at de.uka.ilkd.key.nparser.builder.IncludeFinder.visitOne_include_statement(IncludeFinder.java:20)
	at de.uka.ilkd.key.nparser.KeYParser$One_include_statementContext.accept(KeYParser.java:802)
	at org.antlr.v4.runtime.tree.AbstractParseTreeVisitor.visitChildren(AbstractParseTreeVisitor.java:46)
	at de.uka.ilkd.key.nparser.KeYParserBaseVisitor.visitDecls(KeYParserBaseVisitor.java:30)
	at de.uka.ilkd.key.nparser.KeYParser$DeclsContext.accept(KeYParser.java:500)
	at org.antlr.v4.runtime.tree.AbstractParseTreeVisitor.visitChildren(AbstractParseTreeVisitor.java:46)
	at de.uka.ilkd.key.nparser.KeYParserBaseVisitor.visitFile(KeYParserBaseVisitor.java:23)
	at de.uka.ilkd.key.nparser.KeYParser$FileContext.accept(KeYParser.java:306)
	at de.uka.ilkd.key.nparser.KeyAst.accept(KeyAst.java:41)
	at de.uka.ilkd.key.nparser.KeyAst$File.getIncludes(KeyAst.java:76)
	at de.uka.ilkd.key.proof.io.KeYFile.readIncludes(KeYFile.java:208)
	... 14 more
Could not find rule file rules/intRulesCheckedSemantics.key (file: /home/runner/work/key/key/key.core/../key.ui/examples/index/../InformationFlow/NewObjects/object.AmtoftBanerjee(object.AmtoftBanerjee__getQ()).JML normal_behavior operation contract.0.key; caused by: de.uka.ilkd.key.proof.init.ProofInputException: Could not find rule file rules/intRulesCheckedSemantics.key)
	at de.uka.ilkd.key.control.AbstractUserInterfaceControl.load(AbstractUserInterfaceControl.java:221)
	at de.uka.ilkd.key.control.KeYEnvironment.load(KeYEnvironment.java:251)
	at de.uka.ilkd.key.control.KeYEnvironment.load(KeYEnvironment.java:224)
	at de.uka.ilkd.key.control.KeYEnvironment.load(KeYEnvironment.java:184)
	at de.uka.ilkd.key.control.KeYEnvironment.load(KeYEnvironment.java:261)
	at de.uka.ilkd.key.proof.runallproofs.proofcollection.TestFile.load(TestFile.java:270)
	at de.uka.ilkd.key.proof.runallproofs.proofcollection.TestFile.runKey(TestFile.java:160)
	at de.uka.ilkd.key.proof.runallproofs.proofcollection.ForkedTestFileRunner.main(ForkedTestFileRunner.java:171)
Caused by: de.uka.ilkd.key.proof.init.ProofInputException: Could not find rule file rules/intRulesCheckedSemantics.key
	at de.uka.ilkd.key.proof.io.KeYFile.readIncludes(KeYFile.java:210)
	at de.uka.ilkd.key.proof.init.ProblemInitializer.readIncludes(ProblemInitializer.java:177)
	at de.uka.ilkd.key.proof.init.ProblemInitializer.readEnvInput(ProblemInitializer.java:325)
	at de.uka.ilkd.key.proof.init.ProblemInitializer.prepare(ProblemInitializer.java:449)
	at de.uka.ilkd.key.proof.io.AbstractProblemLoader.createInitConfig(AbstractProblemLoader.java:518)
	at de.uka.ilkd.key.proof.io.AbstractProblemLoader.loadEnvironment(AbstractProblemLoader.java:288)
	at de.uka.ilkd.key.proof.io.AbstractProblemLoader.load(AbstractProblemLoader.java:252)
	at de.uka.ilkd.key.control.AbstractUserInterfaceControl.load(AbstractUserInterfaceControl.java:209)
	... 7 more
Caused by: java.lang.RuntimeException: Could not find rule file rules/intRulesCheckedSemantics.key
	at de.uka.ilkd.key.proof.io.RuleSourceFactory.fromBuiltInRule(RuleSourceFactory.java:32)
	at de.uka.ilkd.key.proof.io.RuleSourceFactory.fromDefaultLocation(RuleSourceFactory.java:21)
	at de.uka.ilkd.key.nparser.builder.IncludeFinder.addInclude(IncludeFinder.java:63)
	at de.uka.ilkd.key.nparser.builder.IncludeFinder.visitOne_include(IncludeFinder.java:43)
	at de.uka.ilkd.key.nparser.builder.IncludeFinder.visitOne_include(IncludeFinder.java:20)
	at de.uka.ilkd.key.nparser.KeYParser$One_includeContext.accept(KeYParser.java:878)
	at de.uka.ilkd.key.nparser.builder.AbstractBuilder.lambda$mapOf$0(AbstractBuilder.java:112)
	at java.base/java.util.stream.ReferencePipeline$3$1.accept(ReferencePipeline.java:195)
	at java.base/java.util.ArrayList$ArrayListSpliterator.forEachRemaining(ArrayList.java:1655)
	at java.base/java.util.stream.AbstractPipeline.copyInto(AbstractPipeline.java:484)
	at java.base/java.util.stream.AbstractPipeline.wrapAndCopyInto(AbstractPipeline.java:474)
	at java.base/java.util.stream.ReduceOps$ReduceOp.evaluateSequential(ReduceOps.java:913)
	at java.base/java.util.stream.AbstractPipeline.evaluate(AbstractPipeline.java:234)
	at java.base/java.util.stream.ReferencePipeline.collect(ReferencePipeline.java:578)
	at de.uka.ilkd.key.nparser.builder.AbstractBuilder.mapOf(AbstractBuilder.java:112)
	at de.uka.ilkd.key.nparser.builder.IncludeFinder.visitOne_include_statement(IncludeFinder.java:35)
	at de.uka.ilkd.key.nparser.builder.IncludeFinder.visitOne_include_statement(IncludeFinder.java:20)
	at de.uka.ilkd.key.nparser.KeYParser$One_include_statementContext.accept(KeYParser.java:802)
	at org.antlr.v4.runtime.tree.AbstractParseTreeVisitor.visitChildren(AbstractParseTreeVisitor.java:46)
	at de.uka.ilkd.key.nparser.KeYParserBaseVisitor.visitDecls(KeYParserBaseVisitor.java:30)
	at de.uka.ilkd.key.nparser.KeYParser$DeclsContext.accept(KeYParser.java:500)
	at org.antlr.v4.runtime.tree.AbstractParseTreeVisitor.visitChildren(AbstractParseTreeVisitor.java:46)
	at de.uka.ilkd.key.nparser.KeYParserBaseVisitor.visitFile(KeYParserBaseVisitor.java:23)
	at de.uka.ilkd.key.nparser.KeYParser$FileContext.accept(KeYParser.java:306)
	at de.uka.ilkd.key.nparser.KeyAst.accept(KeyAst.java:41)
	at de.uka.ilkd.key.nparser.KeyAst$File.getIncludes(KeyAst.java:76)
	at de.uka.ilkd.key.proof.io.KeYFile.readIncludes(KeYFile.java:208)
	... 14 more
Could not find rule file rules/intRulesCheckedSemantics.key (file: /home/runner/work/key/key/key.core/../key.ui/examples/index/../InformationFlow/NewObjects/object.Naumann(object.Naumann__Pair_m(int,int)).JML operation contract.0.key; caused by: de.uka.ilkd.key.proof.init.ProofInputException: Could not find rule file rules/intRulesCheckedSemantics.key)
	at de.uka.ilkd.key.control.AbstractUserInterfaceControl.load(AbstractUserInterfaceControl.java:221)
	at de.uka.ilkd.key.control.KeYEnvironment.load(KeYEnvironment.java:251)
	at de.uka.ilkd.key.control.KeYEnvironment.load(KeYEnvironment.java:224)
	at de.uka.ilkd.key.control.KeYEnvironment.load(KeYEnvironment.java:184)
	at de.uka.ilkd.key.control.KeYEnvironment.load(KeYEnvironment.java:261)
	at de.uka.ilkd.key.proof.runallproofs.proofcollection.TestFile.load(TestFile.java:270)
	at de.uka.ilkd.key.proof.runallproofs.proofcollection.TestFile.runKey(TestFile.java:160)
	at de.uka.ilkd.key.proof.runallproofs.proofcollection.ForkedTestFileRunner.main(ForkedTestFileRunner.java:171)
Caused by: de.uka.ilkd.key.proof.init.ProofInputException: Could not find rule file rules/intRulesCheckedSemantics.key
	at de.uka.ilkd.key.proof.io.KeYFile.readIncludes(KeYFile.java:210)
	at de.uka.ilkd.key.proof.init.ProblemInitializer.readIncludes(ProblemInitializer.java:177)
	at de.uka.ilkd.key.proof.init.ProblemInitializer.readEnvInput(ProblemInitializer.java:325)
	at de.uka.ilkd.key.proof.init.ProblemInitializer.prepare(ProblemInitializer.java:449)
	at de.uka.ilkd.key.proof.io.AbstractProblemLoader.createInitConfig(AbstractProblemLoader.java:518)
	at de.uka.ilkd.key.proof.io.AbstractProblemLoader.loadEnvironment(AbstractProblemLoader.java:288)
	at de.uka.ilkd.key.proof.io.AbstractProblemLoader.load(AbstractProblemLoader.java:252)
	at de.uka.ilkd.key.control.AbstractUserInterfaceControl.load(AbstractUserInterfaceControl.java:209)
	... 7 more
Caused by: java.lang.RuntimeException: Could not find rule file rules/intRulesCheckedSemantics.key
	at de.uka.ilkd.key.proof.io.RuleSourceFactory.fromBuiltInRule(RuleSourceFactory.java:32)
	at de.uka.ilkd.key.proof.io.RuleSourceFactory.fromDefaultLocation(RuleSourceFactory.java:21)
	at de.uka.ilkd.key.nparser.builder.IncludeFinder.addInclude(IncludeFinder.java:63)
	at de.uka.ilkd.key.nparser.builder.IncludeFinder.visitOne_include(IncludeFinder.java:43)
	at de.uka.ilkd.key.nparser.builder.IncludeFinder.visitOne_include(IncludeFinder.java:20)
	at de.uka.ilkd.key.nparser.KeYParser$One_includeContext.accept(KeYParser.java:878)
	at de.uka.ilkd.key.nparser.builder.AbstractBuilder.lambda$mapOf$0(AbstractBuilder.java:112)
	at java.base/java.util.stream.ReferencePipeline$3$1.accept(ReferencePipeline.java:195)
	at java.base/java.util.ArrayList$ArrayListSpliterator.forEachRemaining(ArrayList.java:1655)
	at java.base/java.util.stream.AbstractPipeline.copyInto(AbstractPipeline.java:484)
	at java.base/java.util.stream.AbstractPipeline.wrapAndCopyInto(AbstractPipeline.java:474)
	at java.base/java.util.stream.ReduceOps$ReduceOp.evaluateSequential(ReduceOps.java:913)
	at java.base/java.util.stream.AbstractPipeline.evaluate(AbstractPipeline.java:234)
	at java.base/java.util.stream.ReferencePipeline.collect(ReferencePipeline.java:578)
	at de.uka.ilkd.key.nparser.builder.AbstractBuilder.mapOf(AbstractBuilder.java:112)
	at de.uka.ilkd.key.nparser.builder.IncludeFinder.visitOne_include_statement(IncludeFinder.java:35)
	at de.uka.ilkd.key.nparser.builder.IncludeFinder.visitOne_include_statement(IncludeFinder.java:20)
	at de.uka.ilkd.key.nparser.KeYParser$One_include_statementContext.accept(KeYParser.java:802)
	at org.antlr.v4.runtime.tree.AbstractParseTreeVisitor.visitChildren(AbstractParseTreeVisitor.java:46)
	at de.uka.ilkd.key.nparser.KeYParserBaseVisitor.visitDecls(KeYParserBaseVisitor.java:30)
	at de.uka.ilkd.key.nparser.KeYParser$DeclsContext.accept(KeYParser.java:500)
	at org.antlr.v4.runtime.tree.AbstractParseTreeVisitor.visitChildren(AbstractParseTreeVisitor.java:46)
	at de.uka.ilkd.key.nparser.KeYParserBaseVisitor.visitFile(KeYParserBaseVisitor.java:23)
	at de.uka.ilkd.key.nparser.KeYParser$FileContext.accept(KeYParser.java:306)
	at de.uka.ilkd.key.nparser.KeyAst.accept(KeyAst.java:41)
	at de.uka.ilkd.key.nparser.KeyAst$File.getIncludes(KeyAst.java:76)
	at de.uka.ilkd.key.proof.io.KeYFile.readIncludes(KeYFile.java:208)
	... 14 more
Could not find rule file rules/intRulesCheckedSemantics.key (file: /home/runner/work/key/key/key.core/../key.ui/examples/index/../InformationFlow/NewObjects/object.ObjectOrientation(object.ObjectOrientation__secure_while_i((Ljava.lang.Object)).JML operation contract.0.key; caused by: de.uka.ilkd.key.proof.init.ProofInputException: Could not find rule file rules/intRulesCheckedSemantics.key)
	at de.uka.ilkd.key.control.AbstractUserInterfaceControl.load(AbstractUserInterfaceControl.java:221)
	at de.uka.ilkd.key.control.KeYEnvironment.load(KeYEnvironment.java:251)
	at de.uka.ilkd.key.control.KeYEnvironment.load(KeYEnvironment.java:224)
	at de.uka.ilkd.key.control.KeYEnvironment.load(KeYEnvironment.java:184)
	at de.uka.ilkd.key.control.KeYEnvironment.load(KeYEnvironment.java:261)
	at de.uka.ilkd.key.proof.runallproofs.proofcollection.TestFile.load(TestFile.java:270)
	at de.uka.ilkd.key.proof.runallproofs.proofcollection.TestFile.runKey(TestFile.java:160)
	at de.uka.ilkd.key.proof.runallproofs.proofcollection.ForkedTestFileRunner.main(ForkedTestFileRunner.java:171)
Caused by: de.uka.ilkd.key.proof.init.ProofInputException: Could not find rule file rules/intRulesCheckedSemantics.key
	at de.uka.ilkd.key.proof.io.KeYFile.readIncludes(KeYFile.java:210)
	at de.uka.ilkd.key.proof.init.ProblemInitializer.readIncludes(ProblemInitializer.java:177)
	at de.uka.ilkd.key.proof.init.ProblemInitializer.readEnvInput(ProblemInitializer.java:325)
	at de.uka.ilkd.key.proof.init.ProblemInitializer.prepare(ProblemInitializer.java:449)
	at de.uka.ilkd.key.proof.io.AbstractProblemLoader.createInitConfig(AbstractProblemLoader.java:518)
	at de.uka.ilkd.key.proof.io.AbstractProblemLoader.loadEnvironment(AbstractProblemLoader.java:288)
	at de.uka.ilkd.key.proof.io.AbstractProblemLoader.load(AbstractProblemLoader.java:252)
	at de.uka.ilkd.key.control.AbstractUserInterfaceControl.load(AbstractUserInterfaceControl.java:209)
	... 7 more
Caused by: java.lang.RuntimeException: Could not find rule file rules/intRulesCheckedSemantics.key
	at de.uka.ilkd.key.proof.io.RuleSourceFactory.fromBuiltInRule(RuleSourceFactory.java:32)
	at de.uka.ilkd.key.proof.io.RuleSourceFactory.fromDefaultLocation(RuleSourceFactory.java:21)
	at de.uka.ilkd.key.nparser.builder.IncludeFinder.addInclude(IncludeFinder.java:63)
	at de.uka.ilkd.key.nparser.builder.IncludeFinder.visitOne_include(IncludeFinder.java:43)
	at de.uka.ilkd.key.nparser.builder.IncludeFinder.visitOne_include(IncludeFinder.java:20)
	at de.uka.ilkd.key.nparser.KeYParser$One_includeContext.accept(KeYParser.java:878)
	at de.uka.ilkd.key.nparser.builder.AbstractBuilder.lambda$mapOf$0(AbstractBuilder.java:112)
	at java.base/java.util.stream.ReferencePipeline$3$1.accept(ReferencePipeline.java:195)
	at java.base/java.util.ArrayList$ArrayListSpliterator.forEachRemaining(ArrayList.java:1655)
	at java.base/java.util.stream.AbstractPipeline.copyInto(AbstractPipeline.java:484)
	at java.base/java.util.stream.AbstractPipeline.wrapAndCopyInto(AbstractPipeline.java:474)
	at java.base/java.util.stream.ReduceOps$ReduceOp.evaluateSequential(ReduceOps.java:913)
	at java.base/java.util.stream.AbstractPipeline.evaluate(AbstractPipeline.java:234)
	at java.base/java.util.stream.ReferencePipeline.collect(ReferencePipeline.java:578)
	at de.uka.ilkd.key.nparser.builder.AbstractBuilder.mapOf(AbstractBuilder.java:112)
	at de.uka.ilkd.key.nparser.builder.IncludeFinder.visitOne_include_statement(IncludeFinder.java:35)
	at de.uka.ilkd.key.nparser.builder.IncludeFinder.visitOne_include_statement(IncludeFinder.java:20)
	at de.uka.ilkd.key.nparser.KeYParser$One_include_statementContext.accept(KeYParser.java:802)
	at org.antlr.v4.runtime.tree.AbstractParseTreeVisitor.visitChildren(AbstractParseTreeVisitor.java:46)
	at de.uka.ilkd.key.nparser.KeYParserBaseVisitor.visitDecls(KeYParserBaseVisitor.java:30)
	at de.uka.ilkd.key.nparser.KeYParser$DeclsContext.accept(KeYParser.java:500)
	at org.antlr.v4.runtime.tree.AbstractParseTreeVisitor.visitChildren(AbstractParseTreeVisitor.java:46)
	at de.uka.ilkd.key.nparser.KeYParserBaseVisitor.visitFile(KeYParserBaseVisitor.java:23)
	at de.uka.ilkd.key.nparser.KeYParser$FileContext.accept(KeYParser.java:306)
	at de.uka.ilkd.key.nparser.KeyAst.accept(KeyAst.java:41)
	at de.uka.ilkd.key.nparser.KeyAst$File.getIncludes(KeyAst.java:76)
	at de.uka.ilkd.key.proof.io.KeYFile.readIncludes(KeYFile.java:208)
	... 14 more
Could not find rule file rules/intRulesCheckedSemantics.key (file: /home/runner/work/key/key/key.core/../key.ui/examples/index/../InformationFlow/NewObjects/object.ObjectOrientation(object.ObjectOrientation__secure_method_call()).JML operation contract.0.key; caused by: de.uka.ilkd.key.proof.init.ProofInputException: Could not find rule file rules/intRulesCheckedSemantics.key)
	at de.uka.ilkd.key.control.AbstractUserInterfaceControl.load(AbstractUserInterfaceControl.java:221)
	at de.uka.ilkd.key.control.KeYEnvironment.load(KeYEnvironment.java:251)
	at de.uka.ilkd.key.control.KeYEnvironment.load(KeYEnvironment.java:224)
	at de.uka.ilkd.key.control.KeYEnvironment.load(KeYEnvironment.java:184)
	at de.uka.ilkd.key.control.KeYEnvironment.load(KeYEnvironment.java:261)
	at de.uka.ilkd.key.proof.runallproofs.proofcollection.TestFile.load(TestFile.java:270)
	at de.uka.ilkd.key.proof.runallproofs.proofcollection.TestFile.runKey(TestFile.java:160)
	at de.uka.ilkd.key.proof.runallproofs.proofcollection.ForkedTestFileRunner.main(ForkedTestFileRunner.java:171)
Caused by: de.uka.ilkd.key.proof.init.ProofInputException: Could not find rule file rules/intRulesCheckedSemantics.key
	at de.uka.ilkd.key.proof.io.KeYFile.readIncludes(KeYFile.java:210)
	at de.uka.ilkd.key.proof.init.ProblemInitializer.readIncludes(ProblemInitializer.java:177)
	at de.uka.ilkd.key.proof.init.ProblemInitializer.readEnvInput(ProblemInitializer.java:325)
	at de.uka.ilkd.key.proof.init.ProblemInitializer.prepare(ProblemInitializer.java:449)
	at de.uka.ilkd.key.proof.io.AbstractProblemLoader.createInitConfig(AbstractProblemLoader.java:518)
	at de.uka.ilkd.key.proof.io.AbstractProblemLoader.loadEnvironment(AbstractProblemLoader.java:288)
	at de.uka.ilkd.key.proof.io.AbstractProblemLoader.load(AbstractProblemLoader.java:252)
	at de.uka.ilkd.key.control.AbstractUserInterfaceControl.load(AbstractUserInterfaceControl.java:209)
	... 7 more
Caused by: java.lang.RuntimeException: Could not find rule file rules/intRulesCheckedSemantics.key
	at de.uka.ilkd.key.proof.io.RuleSourceFactory.fromBuiltInRule(RuleSourceFactory.java:32)
	at de.uka.ilkd.key.proof.io.RuleSourceFactory.fromDefaultLocation(RuleSourceFactory.java:21)
	at de.uka.ilkd.key.nparser.builder.IncludeFinder.addInclude(IncludeFinder.java:63)
	at de.uka.ilkd.key.nparser.builder.IncludeFinder.visitOne_include(IncludeFinder.java:43)
	at de.uka.ilkd.key.nparser.builder.IncludeFinder.visitOne_include(IncludeFinder.java:20)
	at de.uka.ilkd.key.nparser.KeYParser$One_includeContext.accept(KeYParser.java:878)
	at de.uka.ilkd.key.nparser.builder.AbstractBuilder.lambda$mapOf$0(AbstractBuilder.java:112)
	at java.base/java.util.stream.ReferencePipeline$3$1.accept(ReferencePipeline.java:195)
	at java.base/java.util.ArrayList$ArrayListSpliterator.forEachRemaining(ArrayList.java:1655)
	at java.base/java.util.stream.AbstractPipeline.copyInto(AbstractPipeline.java:484)
	at java.base/java.util.stream.AbstractPipeline.wrapAndCopyInto(AbstractPipeline.java:474)
	at java.base/java.util.stream.ReduceOps$ReduceOp.evaluateSequential(ReduceOps.java:913)
	at java.base/java.util.stream.AbstractPipeline.evaluate(AbstractPipeline.java:234)
	at java.base/java.util.stream.ReferencePipeline.collect(ReferencePipeline.java:578)
	at de.uka.ilkd.key.nparser.builder.AbstractBuilder.mapOf(AbstractBuilder.java:112)
	at de.uka.ilkd.key.nparser.builder.IncludeFinder.visitOne_include_statement(IncludeFinder.java:35)
	at de.uka.ilkd.key.nparser.builder.IncludeFinder.visitOne_include_statement(IncludeFinder.java:20)
	at de.uka.ilkd.key.nparser.KeYParser$One_include_statementContext.accept(KeYParser.java:802)
	at org.antlr.v4.runtime.tree.AbstractParseTreeVisitor.visitChildren(AbstractParseTreeVisitor.java:46)
	at de.uka.ilkd.key.nparser.KeYParserBaseVisitor.visitDecls(KeYParserBaseVisitor.java:30)
	at de.uka.ilkd.key.nparser.KeYParser$DeclsContext.accept(KeYParser.java:500)
	at org.antlr.v4.runtime.tree.AbstractParseTreeVisitor.visitChildren(AbstractParseTreeVisitor.java:46)
	at de.uka.ilkd.key.nparser.KeYParserBaseVisitor.visitFile(KeYParserBaseVisitor.java:23)
	at de.uka.ilkd.key.nparser.KeYParser$FileContext.accept(KeYParser.java:306)
	at de.uka.ilkd.key.nparser.KeyAst.accept(KeyAst.java:41)
	at de.uka.ilkd.key.nparser.KeyAst$File.getIncludes(KeyAst.java:76)
	at de.uka.ilkd.key.proof.io.KeYFile.readIncludes(KeYFile.java:208)
	... 14 more
Could not find rule file rules/intRulesCheckedSemantics.key (file: /home/runner/work/key/key/key.core/../key.ui/examples/index/../InformationFlow/NewObjects/object.ObjectOrientation(object.ObjectOrientation__if_two_object_creation_next()).JML operation contract.1.key; caused by: de.uka.ilkd.key.proof.init.ProofInputException: Could not find rule file rules/intRulesCheckedSemantics.key)
	at de.uka.ilkd.key.control.AbstractUserInterfaceControl.load(AbstractUserInterfaceControl.java:221)
	at de.uka.ilkd.key.control.KeYEnvironment.load(KeYEnvironment.java:251)
	at de.uka.ilkd.key.control.KeYEnvironment.load(KeYEnvironment.java:224)
	at de.uka.ilkd.key.control.KeYEnvironment.load(KeYEnvironment.java:184)
	at de.uka.ilkd.key.control.KeYEnvironment.load(KeYEnvironment.java:261)
	at de.uka.ilkd.key.proof.runallproofs.proofcollection.TestFile.load(TestFile.java:270)
	at de.uka.ilkd.key.proof.runallproofs.proofcollection.TestFile.runKey(TestFile.java:160)
	at de.uka.ilkd.key.proof.runallproofs.proofcollection.ForkedTestFileRunner.main(ForkedTestFileRunner.java:171)
Caused by: de.uka.ilkd.key.proof.init.ProofInputException: Could not find rule file rules/intRulesCheckedSemantics.key
	at de.uka.ilkd.key.proof.io.KeYFile.readIncludes(KeYFile.java:210)
	at de.uka.ilkd.key.proof.init.ProblemInitializer.readIncludes(ProblemInitializer.java:177)
	at de.uka.ilkd.key.proof.init.ProblemInitializer.readEnvInput(ProblemInitializer.java:325)
	at de.uka.ilkd.key.proof.init.ProblemInitializer.prepare(ProblemInitializer.java:449)
	at de.uka.ilkd.key.proof.io.AbstractProblemLoader.createInitConfig(AbstractProblemLoader.java:518)
	at de.uka.ilkd.key.proof.io.AbstractProblemLoader.loadEnvironment(AbstractProblemLoader.java:288)
	at de.uka.ilkd.key.proof.io.AbstractProblemLoader.load(AbstractProblemLoader.java:252)
	at de.uka.ilkd.key.control.AbstractUserInterfaceControl.load(AbstractUserInterfaceControl.java:209)
	... 7 more
Caused by: java.lang.RuntimeException: Could not find rule file rules/intRulesCheckedSemantics.key
	at de.uka.ilkd.key.proof.io.RuleSourceFactory.fromBuiltInRule(RuleSourceFactory.java:32)
	at de.uka.ilkd.key.proof.io.RuleSourceFactory.fromDefaultLocation(RuleSourceFactory.java:21)
	at de.uka.ilkd.key.nparser.builder.IncludeFinder.addInclude(IncludeFinder.java:63)
	at de.uka.ilkd.key.nparser.builder.IncludeFinder.visitOne_include(IncludeFinder.java:43)
	at de.uka.ilkd.key.nparser.builder.IncludeFinder.visitOne_include(IncludeFinder.java:20)
	at de.uka.ilkd.key.nparser.KeYParser$One_includeContext.accept(KeYParser.java:878)
	at de.uka.ilkd.key.nparser.builder.AbstractBuilder.lambda$mapOf$0(AbstractBuilder.java:112)
	at java.base/java.util.stream.ReferencePipeline$3$1.accept(ReferencePipeline.java:195)
	at java.base/java.util.ArrayList$ArrayListSpliterator.forEachRemaining(ArrayList.java:1655)
	at java.base/java.util.stream.AbstractPipeline.copyInto(AbstractPipeline.java:484)
	at java.base/java.util.stream.AbstractPipeline.wrapAndCopyInto(AbstractPipeline.java:474)
	at java.base/java.util.stream.ReduceOps$ReduceOp.evaluateSequential(ReduceOps.java:913)
	at java.base/java.util.stream.AbstractPipeline.evaluate(AbstractPipeline.java:234)
	at java.base/java.util.stream.ReferencePipeline.collect(ReferencePipeline.java:578)
	at de.uka.ilkd.key.nparser.builder.AbstractBuilder.mapOf(AbstractBuilder.java:112)
	at de.uka.ilkd.key.nparser.builder.IncludeFinder.visitOne_include_statement(IncludeFinder.java:35)
	at de.uka.ilkd.key.nparser.builder.IncludeFinder.visitOne_include_statement(IncludeFinder.java:20)
	at de.uka.ilkd.key.nparser.KeYParser$One_include_statementContext.accept(KeYParser.java:802)
	at org.antlr.v4.runtime.tree.AbstractParseTreeVisitor.visitChildren(AbstractParseTreeVisitor.java:46)
	at de.uka.ilkd.key.nparser.KeYParserBaseVisitor.visitDecls(KeYParserBaseVisitor.java:30)
	at de.uka.ilkd.key.nparser.KeYParser$DeclsContext.accept(KeYParser.java:500)
	at org.antlr.v4.runtime.tree.AbstractParseTreeVisitor.visitChildren(AbstractParseTreeVisitor.java:46)
	at de.uka.ilkd.key.nparser.KeYParserBaseVisitor.visitFile(KeYParserBaseVisitor.java:23)
	at de.uka.ilkd.key.nparser.KeYParser$FileContext.accept(KeYParser.java:306)
	at de.uka.ilkd.key.nparser.KeyAst.accept(KeyAst.java:41)
	at de.uka.ilkd.key.nparser.KeyAst$File.getIncludes(KeyAst.java:76)
	at de.uka.ilkd.key.proof.io.KeYFile.readIncludes(KeYFile.java:208)
	... 14 more
Could not find rule file rules/intRulesCheckedSemantics.key (file: /home/runner/work/key/key/key.core/../key.ui/examples/index/../InformationFlow/NewObjects/object.ObjectOrientation(object.ObjectOrientation__if_two_object_creation_next()).JML operation contract.0.key; caused by: de.uka.ilkd.key.proof.init.ProofInputException: Could not find rule file rules/intRulesCheckedSemantics.key)
	at de.uka.ilkd.key.control.AbstractUserInterfaceControl.load(AbstractUserInterfaceControl.java:221)
	at de.uka.ilkd.key.control.KeYEnvironment.load(KeYEnvironment.java:251)
	at de.uka.ilkd.key.control.KeYEnvironment.load(KeYEnvironment.java:224)
	at de.uka.ilkd.key.control.KeYEnvironment.load(KeYEnvironment.java:184)
	at de.uka.ilkd.key.control.KeYEnvironment.load(KeYEnvironment.java:261)
	at de.uka.ilkd.key.proof.runallproofs.proofcollection.TestFile.load(TestFile.java:270)
	at de.uka.ilkd.key.proof.runallproofs.proofcollection.TestFile.runKey(TestFile.java:160)
	at de.uka.ilkd.key.proof.runallproofs.proofcollection.ForkedTestFileRunner.main(ForkedTestFileRunner.java:171)
Caused by: de.uka.ilkd.key.proof.init.ProofInputException: Could not find rule file rules/intRulesCheckedSemantics.key
	at de.uka.ilkd.key.proof.io.KeYFile.readIncludes(KeYFile.java:210)
	at de.uka.ilkd.key.proof.init.ProblemInitializer.readIncludes(ProblemInitializer.java:177)
	at de.uka.ilkd.key.proof.init.ProblemInitializer.readEnvInput(ProblemInitializer.java:325)
	at de.uka.ilkd.key.proof.init.ProblemInitializer.prepare(ProblemInitializer.java:449)
	at de.uka.ilkd.key.proof.io.AbstractProblemLoader.createInitConfig(AbstractProblemLoader.java:518)
	at de.uka.ilkd.key.proof.io.AbstractProblemLoader.loadEnvironment(AbstractProblemLoader.java:288)
	at de.uka.ilkd.key.proof.io.AbstractProblemLoader.load(AbstractProblemLoader.java:252)
	at de.uka.ilkd.key.control.AbstractUserInterfaceControl.load(AbstractUserInterfaceControl.java:209)
	... 7 more
Caused by: java.lang.RuntimeException: Could not find rule file rules/intRulesCheckedSemantics.key
	at de.uka.ilkd.key.proof.io.RuleSourceFactory.fromBuiltInRule(RuleSourceFactory.java:32)
	at de.uka.ilkd.key.proof.io.RuleSourceFactory.fromDefaultLocation(RuleSourceFactory.java:21)
	at de.uka.ilkd.key.nparser.builder.IncludeFinder.addInclude(IncludeFinder.java:63)
	at de.uka.ilkd.key.nparser.builder.IncludeFinder.visitOne_include(IncludeFinder.java:43)
	at de.uka.ilkd.key.nparser.builder.IncludeFinder.visitOne_include(IncludeFinder.java:20)
	at de.uka.ilkd.key.nparser.KeYParser$One_includeContext.accept(KeYParser.java:878)
	at de.uka.ilkd.key.nparser.builder.AbstractBuilder.lambda$mapOf$0(AbstractBuilder.java:112)
	at java.base/java.util.stream.ReferencePipeline$3$1.accept(ReferencePipeline.java:195)
	at java.base/java.util.ArrayList$ArrayListSpliterator.forEachRemaining(ArrayList.java:1655)
	at java.base/java.util.stream.AbstractPipeline.copyInto(AbstractPipeline.java:484)
	at java.base/java.util.stream.AbstractPipeline.wrapAndCopyInto(AbstractPipeline.java:474)
	at java.base/java.util.stream.ReduceOps$ReduceOp.evaluateSequential(ReduceOps.java:913)
	at java.base/java.util.stream.AbstractPipeline.evaluate(AbstractPipeline.java:234)
	at java.base/java.util.stream.ReferencePipeline.collect(ReferencePipeline.java:578)
	at de.uka.ilkd.key.nparser.builder.AbstractBuilder.mapOf(AbstractBuilder.java:112)
	at de.uka.ilkd.key.nparser.builder.IncludeFinder.visitOne_include_statement(IncludeFinder.java:35)
	at de.uka.ilkd.key.nparser.builder.IncludeFinder.visitOne_include_statement(IncludeFinder.java:20)
	at de.uka.ilkd.key.nparser.KeYParser$One_include_statementContext.accept(KeYParser.java:802)
	at org.antlr.v4.runtime.tree.AbstractParseTreeVisitor.visitChildren(AbstractParseTreeVisitor.java:46)
	at de.uka.ilkd.key.nparser.KeYParserBaseVisitor.visitDecls(KeYParserBaseVisitor.java:30)
	at de.uka.ilkd.key.nparser.KeYParser$DeclsContext.accept(KeYParser.java:500)
	at org.antlr.v4.runtime.tree.AbstractParseTreeVisitor.visitChildren(AbstractParseTreeVisitor.java:46)
	at de.uka.ilkd.key.nparser.KeYParserBaseVisitor.visitFile(KeYParserBaseVisitor.java:23)
	at de.uka.ilkd.key.nparser.KeYParser$FileContext.accept(KeYParser.java:306)
	at de.uka.ilkd.key.nparser.KeyAst.accept(KeyAst.java:41)
	at de.uka.ilkd.key.nparser.KeyAst$File.getIncludes(KeyAst.java:76)
	at de.uka.ilkd.key.proof.io.KeYFile.readIncludes(KeYFile.java:208)
	... 14 more
Could not find rule file rules/intRulesCheckedSemantics.key (file: /home/runner/work/key/key/key.core/../key.ui/examples/index/../InformationFlow/NewObjects/object.ObjectOrientation(object.ObjectOrientation__secure_if_two_object_creation()).JML operation contract.0.key; caused by: de.uka.ilkd.key.proof.init.ProofInputException: Could not find rule file rules/intRulesCheckedSemantics.key)
	at de.uka.ilkd.key.control.AbstractUserInterfaceControl.load(AbstractUserInterfaceControl.java:221)
	at de.uka.ilkd.key.control.KeYEnvironment.load(KeYEnvironment.java:251)
	at de.uka.ilkd.key.control.KeYEnvironment.load(KeYEnvironment.java:224)
	at de.uka.ilkd.key.control.KeYEnvironment.load(KeYEnvironment.java:184)
	at de.uka.ilkd.key.control.KeYEnvironment.load(KeYEnvironment.java:261)
	at de.uka.ilkd.key.proof.runallproofs.proofcollection.TestFile.load(TestFile.java:270)
	at de.uka.ilkd.key.proof.runallproofs.proofcollection.TestFile.runKey(TestFile.java:160)
	at de.uka.ilkd.key.proof.runallproofs.proofcollection.ForkedTestFileRunner.main(ForkedTestFileRunner.java:171)
Caused by: de.uka.ilkd.key.proof.init.ProofInputException: Could not find rule file rules/intRulesCheckedSemantics.key
	at de.uka.ilkd.key.proof.io.KeYFile.readIncludes(KeYFile.java:210)
	at de.uka.ilkd.key.proof.init.ProblemInitializer.readIncludes(ProblemInitializer.java:177)
	at de.uka.ilkd.key.proof.init.ProblemInitializer.readEnvInput(ProblemInitializer.java:325)
	at de.uka.ilkd.key.proof.init.ProblemInitializer.prepare(ProblemInitializer.java:449)
	at de.uka.ilkd.key.proof.io.AbstractProblemLoader.createInitConfig(AbstractProblemLoader.java:518)
	at de.uka.ilkd.key.proof.io.AbstractProblemLoader.loadEnvironment(AbstractProblemLoader.java:288)
	at de.uka.ilkd.key.proof.io.AbstractProblemLoader.load(AbstractProblemLoader.java:252)
	at de.uka.ilkd.key.control.AbstractUserInterfaceControl.load(AbstractUserInterfaceControl.java:209)
	... 7 more
Caused by: java.lang.RuntimeException: Could not find rule file rules/intRulesCheckedSemantics.key
	at de.uka.ilkd.key.proof.io.RuleSourceFactory.fromBuiltInRule(RuleSourceFactory.java:32)
	at de.uka.ilkd.key.proof.io.RuleSourceFactory.fromDefaultLocation(RuleSourceFactory.java:21)
	at de.uka.ilkd.key.nparser.builder.IncludeFinder.addInclude(IncludeFinder.java:63)
	at de.uka.ilkd.key.nparser.builder.IncludeFinder.visitOne_include(IncludeFinder.java:43)
	at de.uka.ilkd.key.nparser.builder.IncludeFinder.visitOne_include(IncludeFinder.java:20)
	at de.uka.ilkd.key.nparser.KeYParser$One_includeContext.accept(KeYParser.java:878)
	at de.uka.ilkd.key.nparser.builder.AbstractBuilder.lambda$mapOf$0(AbstractBuilder.java:112)
	at java.base/java.util.stream.ReferencePipeline$3$1.accept(ReferencePipeline.java:195)
	at java.base/java.util.ArrayList$ArrayListSpliterator.forEachRemaining(ArrayList.java:1655)
	at java.base/java.util.stream.AbstractPipeline.copyInto(AbstractPipeline.java:484)
	at java.base/java.util.stream.AbstractPipeline.wrapAndCopyInto(AbstractPipeline.java:474)
	at java.base/java.util.stream.ReduceOps$ReduceOp.evaluateSequential(ReduceOps.java:913)
	at java.base/java.util.stream.AbstractPipeline.evaluate(AbstractPipeline.java:234)
	at java.base/java.util.stream.ReferencePipeline.collect(ReferencePipeline.java:578)
	at de.uka.ilkd.key.nparser.builder.AbstractBuilder.mapOf(AbstractBuilder.java:112)
	at de.uka.ilkd.key.nparser.builder.IncludeFinder.visitOne_include_statement(IncludeFinder.java:35)
	at de.uka.ilkd.key.nparser.builder.IncludeFinder.visitOne_include_statement(IncludeFinder.java:20)
	at de.uka.ilkd.key.nparser.KeYParser$One_include_statementContext.accept(KeYParser.java:802)
	at org.antlr.v4.runtime.tree.AbstractParseTreeVisitor.visitChildren(AbstractParseTreeVisitor.java:46)
	at de.uka.ilkd.key.nparser.KeYParserBaseVisitor.visitDecls(KeYParserBaseVisitor.java:30)
	at de.uka.ilkd.key.nparser.KeYParser$DeclsContext.accept(KeYParser.java:500)
	at org.antlr.v4.runtime.tree.AbstractParseTreeVisitor.visitChildren(AbstractParseTreeVisitor.java:46)
	at de.uka.ilkd.key.nparser.KeYParserBaseVisitor.visitFile(KeYParserBaseVisitor.java:23)
	at de.uka.ilkd.key.nparser.KeYParser$FileContext.accept(KeYParser.java:306)
	at de.uka.ilkd.key.nparser.KeyAst.accept(KeyAst.java:41)
	at de.uka.ilkd.key.nparser.KeyAst$File.getIncludes(KeyAst.java:76)
	at de.uka.ilkd.key.proof.io.KeYFile.readIncludes(KeYFile.java:208)
	... 14 more
Could not find rule file rules/intRulesCheckedSemantics.key (file: /home/runner/work/key/key/key.core/../key.ui/examples/index/../InformationFlow/NewObjects/object.ObjectOrientation(object.ObjectOrientation__insecure_two_object_creation()).JML operation contract.0.key; caused by: de.uka.ilkd.key.proof.init.ProofInputException: Could not find rule file rules/intRulesCheckedSemantics.key)
	at de.uka.ilkd.key.control.AbstractUserInterfaceControl.load(AbstractUserInterfaceControl.java:221)
	at de.uka.ilkd.key.control.KeYEnvironment.load(KeYEnvironment.java:251)
	at de.uka.ilkd.key.control.KeYEnvironment.load(KeYEnvironment.java:224)
	at de.uka.ilkd.key.control.KeYEnvironment.load(KeYEnvironment.java:184)
	at de.uka.ilkd.key.control.KeYEnvironment.load(KeYEnvironment.java:261)
	at de.uka.ilkd.key.proof.runallproofs.proofcollection.TestFile.load(TestFile.java:270)
	at de.uka.ilkd.key.proof.runallproofs.proofcollection.TestFile.runKey(TestFile.java:160)
	at de.uka.ilkd.key.proof.runallproofs.proofcollection.ForkedTestFileRunner.main(ForkedTestFileRunner.java:171)
Caused by: de.uka.ilkd.key.proof.init.ProofInputException: Could not find rule file rules/intRulesCheckedSemantics.key
	at de.uka.ilkd.key.proof.io.KeYFile.readIncludes(KeYFile.java:210)
	at de.uka.ilkd.key.proof.init.ProblemInitializer.readIncludes(ProblemInitializer.java:177)
	at de.uka.ilkd.key.proof.init.ProblemInitializer.readEnvInput(ProblemInitializer.java:325)
	at de.uka.ilkd.key.proof.init.ProblemInitializer.prepare(ProblemInitializer.java:449)
	at de.uka.ilkd.key.proof.io.AbstractProblemLoader.createInitConfig(AbstractProblemLoader.java:518)
	at de.uka.ilkd.key.proof.io.AbstractProblemLoader.loadEnvironment(AbstractProblemLoader.java:288)
	at de.uka.ilkd.key.proof.io.AbstractProblemLoader.load(AbstractProblemLoader.java:252)
	at de.uka.ilkd.key.control.AbstractUserInterfaceControl.load(AbstractUserInterfaceControl.java:209)
	... 7 more
Caused by: java.lang.RuntimeException: Could not find rule file rules/intRulesCheckedSemantics.key
	at de.uka.ilkd.key.proof.io.RuleSourceFactory.fromBuiltInRule(RuleSourceFactory.java:32)
	at de.uka.ilkd.key.proof.io.RuleSourceFactory.fromDefaultLocation(RuleSourceFactory.java:21)
	at de.uka.ilkd.key.nparser.builder.IncludeFinder.addInclude(IncludeFinder.java:63)
	at de.uka.ilkd.key.nparser.builder.IncludeFinder.visitOne_include(IncludeFinder.java:43)
	at de.uka.ilkd.key.nparser.builder.IncludeFinder.visitOne_include(IncludeFinder.java:20)
	at de.uka.ilkd.key.nparser.KeYParser$One_includeContext.accept(KeYParser.java:878)
	at de.uka.ilkd.key.nparser.builder.AbstractBuilder.lambda$mapOf$0(AbstractBuilder.java:112)
	at java.base/java.util.stream.ReferencePipeline$3$1.accept(ReferencePipeline.java:195)
	at java.base/java.util.ArrayList$ArrayListSpliterator.forEachRemaining(ArrayList.java:1655)
	at java.base/java.util.stream.AbstractPipeline.copyInto(AbstractPipeline.java:484)
	at java.base/java.util.stream.AbstractPipeline.wrapAndCopyInto(AbstractPipeline.java:474)
	at java.base/java.util.stream.ReduceOps$ReduceOp.evaluateSequential(ReduceOps.java:913)
	at java.base/java.util.stream.AbstractPipeline.evaluate(AbstractPipeline.java:234)
	at java.base/java.util.stream.ReferencePipeline.collect(ReferencePipeline.java:578)
	at de.uka.ilkd.key.nparser.builder.AbstractBuilder.mapOf(AbstractBuilder.java:112)
	at de.uka.ilkd.key.nparser.builder.IncludeFinder.visitOne_include_statement(IncludeFinder.java:35)
	at de.uka.ilkd.key.nparser.builder.IncludeFinder.visitOne_include_statement(IncludeFinder.java:20)
	at de.uka.ilkd.key.nparser.KeYParser$One_include_statementContext.accept(KeYParser.java:802)
	at org.antlr.v4.runtime.tree.AbstractParseTreeVisitor.visitChildren(AbstractParseTreeVisitor.java:46)
	at de.uka.ilkd.key.nparser.KeYParserBaseVisitor.visitDecls(KeYParserBaseVisitor.java:30)
	at de.uka.ilkd.key.nparser.KeYParser$DeclsContext.accept(KeYParser.java:500)
	at org.antlr.v4.runtime.tree.AbstractParseTreeVisitor.visitChildren(AbstractParseTreeVisitor.java:46)
	at de.uka.ilkd.key.nparser.KeYParserBaseVisitor.visitFile(KeYParserBaseVisitor.java:23)
	at de.uka.ilkd.key.nparser.KeYParser$FileContext.accept(KeYParser.java:306)
	at de.uka.ilkd.key.nparser.KeyAst.accept(KeyAst.java:41)
	at de.uka.ilkd.key.nparser.KeyAst$File.getIncludes(KeyAst.java:76)
	at de.uka.ilkd.key.proof.io.KeYFile.readIncludes(KeYFile.java:208)
	... 14 more
Could not find rule file rules/intRulesCheckedSemantics.key (file: /home/runner/work/key/key/key.core/../key.ui/examples/index/../InformationFlow/NewObjects/object.ObjectOrientation(object.ObjectOrientation__secure_two_object_creation()).JML normal_behavior operation contract.0.key; caused by: de.uka.ilkd.key.proof.init.ProofInputException: Could not find rule file rules/intRulesCheckedSemantics.key)
	at de.uka.ilkd.key.control.AbstractUserInterfaceControl.load(AbstractUserInterfaceControl.java:221)
	at de.uka.ilkd.key.control.KeYEnvironment.load(KeYEnvironment.java:251)
	at de.uka.ilkd.key.control.KeYEnvironment.load(KeYEnvironment.java:224)
	at de.uka.ilkd.key.control.KeYEnvironment.load(KeYEnvironment.java:184)
	at de.uka.ilkd.key.control.KeYEnvironment.load(KeYEnvironment.java:261)
	at de.uka.ilkd.key.proof.runallproofs.proofcollection.TestFile.load(TestFile.java:270)
	at de.uka.ilkd.key.proof.runallproofs.proofcollection.TestFile.runKey(TestFile.java:160)
	at de.uka.ilkd.key.proof.runallproofs.proofcollection.ForkedTestFileRunner.main(ForkedTestFileRunner.java:171)
Caused by: de.uka.ilkd.key.proof.init.ProofInputException: Could not find rule file rules/intRulesCheckedSemantics.key
	at de.uka.ilkd.key.proof.io.KeYFile.readIncludes(KeYFile.java:210)
	at de.uka.ilkd.key.proof.init.ProblemInitializer.readIncludes(ProblemInitializer.java:177)
	at de.uka.ilkd.key.proof.init.ProblemInitializer.readEnvInput(ProblemInitializer.java:325)
	at de.uka.ilkd.key.proof.init.ProblemInitializer.prepare(ProblemInitializer.java:449)
	at de.uka.ilkd.key.proof.io.AbstractProblemLoader.createInitConfig(AbstractProblemLoader.java:518)
	at de.uka.ilkd.key.proof.io.AbstractProblemLoader.loadEnvironment(AbstractProblemLoader.java:288)
	at de.uka.ilkd.key.proof.io.AbstractProblemLoader.load(AbstractProblemLoader.java:252)
	at de.uka.ilkd.key.control.AbstractUserInterfaceControl.load(AbstractUserInterfaceControl.java:209)
	... 7 more
Caused by: java.lang.RuntimeException: Could not find rule file rules/intRulesCheckedSemantics.key
	at de.uka.ilkd.key.proof.io.RuleSourceFactory.fromBuiltInRule(RuleSourceFactory.java:32)
	at de.uka.ilkd.key.proof.io.RuleSourceFactory.fromDefaultLocation(RuleSourceFactory.java:21)
	at de.uka.ilkd.key.nparser.builder.IncludeFinder.addInclude(IncludeFinder.java:63)
	at de.uka.ilkd.key.nparser.builder.IncludeFinder.visitOne_include(IncludeFinder.java:43)
	at de.uka.ilkd.key.nparser.builder.IncludeFinder.visitOne_include(IncludeFinder.java:20)
	at de.uka.ilkd.key.nparser.KeYParser$One_includeContext.accept(KeYParser.java:878)
	at de.uka.ilkd.key.nparser.builder.AbstractBuilder.lambda$mapOf$0(AbstractBuilder.java:112)
	at java.base/java.util.stream.ReferencePipeline$3$1.accept(ReferencePipeline.java:195)
	at java.base/java.util.ArrayList$ArrayListSpliterator.forEachRemaining(ArrayList.java:1655)
	at java.base/java.util.stream.AbstractPipeline.copyInto(AbstractPipeline.java:484)
	at java.base/java.util.stream.AbstractPipeline.wrapAndCopyInto(AbstractPipeline.java:474)
	at java.base/java.util.stream.ReduceOps$ReduceOp.evaluateSequential(ReduceOps.java:913)
	at java.base/java.util.stream.AbstractPipeline.evaluate(AbstractPipeline.java:234)
	at java.base/java.util.stream.ReferencePipeline.collect(ReferencePipeline.java:578)
	at de.uka.ilkd.key.nparser.builder.AbstractBuilder.mapOf(AbstractBuilder.java:112)
	at de.uka.ilkd.key.nparser.builder.IncludeFinder.visitOne_include_statement(IncludeFinder.java:35)
	at de.uka.ilkd.key.nparser.builder.IncludeFinder.visitOne_include_statement(IncludeFinder.java:20)
	at de.uka.ilkd.key.nparser.KeYParser$One_include_statementContext.accept(KeYParser.java:802)
	at org.antlr.v4.runtime.tree.AbstractParseTreeVisitor.visitChildren(AbstractParseTreeVisitor.java:46)
	at de.uka.ilkd.key.nparser.KeYParserBaseVisitor.visitDecls(KeYParserBaseVisitor.java:30)
	at de.uka.ilkd.key.nparser.KeYParser$DeclsContext.accept(KeYParser.java:500)
	at org.antlr.v4.runtime.tree.AbstractParseTreeVisitor.visitChildren(AbstractParseTreeVisitor.java:46)
	at de.uka.ilkd.key.nparser.KeYParserBaseVisitor.visitFile(KeYParserBaseVisitor.java:23)
	at de.uka.ilkd.key.nparser.KeYParser$FileContext.accept(KeYParser.java:306)
	at de.uka.ilkd.key.nparser.KeyAst.accept(KeyAst.java:41)
	at de.uka.ilkd.key.nparser.KeyAst$File.getIncludes(KeyAst.java:76)
	at de.uka.ilkd.key.proof.io.KeYFile.readIncludes(KeYFile.java:208)
	... 14 more
Could not find rule file rules/intRulesCheckedSemantics.key (file: /home/runner/work/key/key/key.core/../key.ui/examples/index/../InformationFlow/NewObjects/object.ObjectOrientation(object.ObjectOrientation__insecure_object_assignment()).JML operation contract.1.key; caused by: de.uka.ilkd.key.proof.init.ProofInputException: Could not find rule file rules/intRulesCheckedSemantics.key)
	at de.uka.ilkd.key.control.AbstractUserInterfaceControl.load(AbstractUserInterfaceControl.java:221)
	at de.uka.ilkd.key.control.KeYEnvironment.load(KeYEnvironment.java:251)
	at de.uka.ilkd.key.control.KeYEnvironment.load(KeYEnvironment.java:224)
	at de.uka.ilkd.key.control.KeYEnvironment.load(KeYEnvironment.java:184)
	at de.uka.ilkd.key.control.KeYEnvironment.load(KeYEnvironment.java:261)
	at de.uka.ilkd.key.proof.runallproofs.proofcollection.TestFile.load(TestFile.java:270)
	at de.uka.ilkd.key.proof.runallproofs.proofcollection.TestFile.runKey(TestFile.java:160)
	at de.uka.ilkd.key.proof.runallproofs.proofcollection.ForkedTestFileRunner.main(ForkedTestFileRunner.java:171)
Caused by: de.uka.ilkd.key.proof.init.ProofInputException: Could not find rule file rules/intRulesCheckedSemantics.key
	at de.uka.ilkd.key.proof.io.KeYFile.readIncludes(KeYFile.java:210)
	at de.uka.ilkd.key.proof.init.ProblemInitializer.readIncludes(ProblemInitializer.java:177)
	at de.uka.ilkd.key.proof.init.ProblemInitializer.readEnvInput(ProblemInitializer.java:325)
	at de.uka.ilkd.key.proof.init.ProblemInitializer.prepare(ProblemInitializer.java:449)
	at de.uka.ilkd.key.proof.io.AbstractProblemLoader.createInitConfig(AbstractProblemLoader.java:518)
	at de.uka.ilkd.key.proof.io.AbstractProblemLoader.loadEnvironment(AbstractProblemLoader.java:288)
	at de.uka.ilkd.key.proof.io.AbstractProblemLoader.load(AbstractProblemLoader.java:252)
	at de.uka.ilkd.key.control.AbstractUserInterfaceControl.load(AbstractUserInterfaceControl.java:209)
	... 7 more
Caused by: java.lang.RuntimeException: Could not find rule file rules/intRulesCheckedSemantics.key
	at de.uka.ilkd.key.proof.io.RuleSourceFactory.fromBuiltInRule(RuleSourceFactory.java:32)
	at de.uka.ilkd.key.proof.io.RuleSourceFactory.fromDefaultLocation(RuleSourceFactory.java:21)
	at de.uka.ilkd.key.nparser.builder.IncludeFinder.addInclude(IncludeFinder.java:63)
	at de.uka.ilkd.key.nparser.builder.IncludeFinder.visitOne_include(IncludeFinder.java:43)
	at de.uka.ilkd.key.nparser.builder.IncludeFinder.visitOne_include(IncludeFinder.java:20)
	at de.uka.ilkd.key.nparser.KeYParser$One_includeContext.accept(KeYParser.java:878)
	at de.uka.ilkd.key.nparser.builder.AbstractBuilder.lambda$mapOf$0(AbstractBuilder.java:112)
	at java.base/java.util.stream.ReferencePipeline$3$1.accept(ReferencePipeline.java:195)
	at java.base/java.util.ArrayList$ArrayListSpliterator.forEachRemaining(ArrayList.java:1655)
	at java.base/java.util.stream.AbstractPipeline.copyInto(AbstractPipeline.java:484)
	at java.base/java.util.stream.AbstractPipeline.wrapAndCopyInto(AbstractPipeline.java:474)
	at java.base/java.util.stream.ReduceOps$ReduceOp.evaluateSequential(ReduceOps.java:913)
	at java.base/java.util.stream.AbstractPipeline.evaluate(AbstractPipeline.java:234)
	at java.base/java.util.stream.ReferencePipeline.collect(ReferencePipeline.java:578)
	at de.uka.ilkd.key.nparser.builder.AbstractBuilder.mapOf(AbstractBuilder.java:112)
	at de.uka.ilkd.key.nparser.builder.IncludeFinder.visitOne_include_statement(IncludeFinder.java:35)
	at de.uka.ilkd.key.nparser.builder.IncludeFinder.visitOne_include_statement(IncludeFinder.java:20)
	at de.uka.ilkd.key.nparser.KeYParser$One_include_statementContext.accept(KeYParser.java:802)
	at org.antlr.v4.runtime.tree.AbstractParseTreeVisitor.visitChildren(AbstractParseTreeVisitor.java:46)
	at de.uka.ilkd.key.nparser.KeYParserBaseVisitor.visitDecls(KeYParserBaseVisitor.java:30)
	at de.uka.ilkd.key.nparser.KeYParser$DeclsContext.accept(KeYParser.java:500)
	at org.antlr.v4.runtime.tree.AbstractParseTreeVisitor.visitChildren(AbstractParseTreeVisitor.java:46)
	at de.uka.ilkd.key.nparser.KeYParserBaseVisitor.visitFile(KeYParserBaseVisitor.java:23)
	at de.uka.ilkd.key.nparser.KeYParser$FileContext.accept(KeYParser.java:306)
	at de.uka.ilkd.key.nparser.KeyAst.accept(KeyAst.java:41)
	at de.uka.ilkd.key.nparser.KeyAst$File.getIncludes(KeyAst.java:76)
	at de.uka.ilkd.key.proof.io.KeYFile.readIncludes(KeYFile.java:208)
	... 14 more
Could not find rule file rules/intRulesCheckedSemantics.key (file: /home/runner/work/key/key/key.core/../key.ui/examples/index/../InformationFlow/NewObjects/object.ObjectOrientation(object.ObjectOrientation__insecure_object_assignment()).JML operation contract.0.key; caused by: de.uka.ilkd.key.proof.init.ProofInputException: Could not find rule file rules/intRulesCheckedSemantics.key)
	at de.uka.ilkd.key.control.AbstractUserInterfaceControl.load(AbstractUserInterfaceControl.java:221)
	at de.uka.ilkd.key.control.KeYEnvironment.load(KeYEnvironment.java:251)
	at de.uka.ilkd.key.control.KeYEnvironment.load(KeYEnvironment.java:224)
	at de.uka.ilkd.key.control.KeYEnvironment.load(KeYEnvironment.java:184)
	at de.uka.ilkd.key.control.KeYEnvironment.load(KeYEnvironment.java:261)
	at de.uka.ilkd.key.proof.runallproofs.proofcollection.TestFile.load(TestFile.java:270)
	at de.uka.ilkd.key.proof.runallproofs.proofcollection.TestFile.runKey(TestFile.java:160)
	at de.uka.ilkd.key.proof.runallproofs.proofcollection.ForkedTestFileRunner.main(ForkedTestFileRunner.java:171)
Caused by: de.uka.ilkd.key.proof.init.ProofInputException: Could not find rule file rules/intRulesCheckedSemantics.key
	at de.uka.ilkd.key.proof.io.KeYFile.readIncludes(KeYFile.java:210)
	at de.uka.ilkd.key.proof.init.ProblemInitializer.readIncludes(ProblemInitializer.java:177)
	at de.uka.ilkd.key.proof.init.ProblemInitializer.readEnvInput(ProblemInitializer.java:325)
	at de.uka.ilkd.key.proof.init.ProblemInitializer.prepare(ProblemInitializer.java:449)
	at de.uka.ilkd.key.proof.io.AbstractProblemLoader.createInitConfig(AbstractProblemLoader.java:518)
	at de.uka.ilkd.key.proof.io.AbstractProblemLoader.loadEnvironment(AbstractProblemLoader.java:288)
	at de.uka.ilkd.key.proof.io.AbstractProblemLoader.load(AbstractProblemLoader.java:252)
	at de.uka.ilkd.key.control.AbstractUserInterfaceControl.load(AbstractUserInterfaceControl.java:209)
	... 7 more
Caused by: java.lang.RuntimeException: Could not find rule file rules/intRulesCheckedSemantics.key
	at de.uka.ilkd.key.proof.io.RuleSourceFactory.fromBuiltInRule(RuleSourceFactory.java:32)
	at de.uka.ilkd.key.proof.io.RuleSourceFactory.fromDefaultLocation(RuleSourceFactory.java:21)
	at de.uka.ilkd.key.nparser.builder.IncludeFinder.addInclude(IncludeFinder.java:63)
	at de.uka.ilkd.key.nparser.builder.IncludeFinder.visitOne_include(IncludeFinder.java:43)
	at de.uka.ilkd.key.nparser.builder.IncludeFinder.visitOne_include(IncludeFinder.java:20)
	at de.uka.ilkd.key.nparser.KeYParser$One_includeContext.accept(KeYParser.java:878)
	at de.uka.ilkd.key.nparser.builder.AbstractBuilder.lambda$mapOf$0(AbstractBuilder.java:112)
	at java.base/java.util.stream.ReferencePipeline$3$1.accept(ReferencePipeline.java:195)
	at java.base/java.util.ArrayList$ArrayListSpliterator.forEachRemaining(ArrayList.java:1655)
	at java.base/java.util.stream.AbstractPipeline.copyInto(AbstractPipeline.java:484)
	at java.base/java.util.stream.AbstractPipeline.wrapAndCopyInto(AbstractPipeline.java:474)
	at java.base/java.util.stream.ReduceOps$ReduceOp.evaluateSequential(ReduceOps.java:913)
	at java.base/java.util.stream.AbstractPipeline.evaluate(AbstractPipeline.java:234)
	at java.base/java.util.stream.ReferencePipeline.collect(ReferencePipeline.java:578)
	at de.uka.ilkd.key.nparser.builder.AbstractBuilder.mapOf(AbstractBuilder.java:112)
	at de.uka.ilkd.key.nparser.builder.IncludeFinder.visitOne_include_statement(IncludeFinder.java:35)
	at de.uka.ilkd.key.nparser.builder.IncludeFinder.visitOne_include_statement(IncludeFinder.java:20)
	at de.uka.ilkd.key.nparser.KeYParser$One_include_statementContext.accept(KeYParser.java:802)
	at org.antlr.v4.runtime.tree.AbstractParseTreeVisitor.visitChildren(AbstractParseTreeVisitor.java:46)
	at de.uka.ilkd.key.nparser.KeYParserBaseVisitor.visitDecls(KeYParserBaseVisitor.java:30)
	at de.uka.ilkd.key.nparser.KeYParser$DeclsContext.accept(KeYParser.java:500)
	at org.antlr.v4.runtime.tree.AbstractParseTreeVisitor.visitChildren(AbstractParseTreeVisitor.java:46)
	at de.uka.ilkd.key.nparser.KeYParserBaseVisitor.visitFile(KeYParserBaseVisitor.java:23)
	at de.uka.ilkd.key.nparser.KeYParser$FileContext.accept(KeYParser.java:306)
	at de.uka.ilkd.key.nparser.KeyAst.accept(KeyAst.java:41)
	at de.uka.ilkd.key.nparser.KeyAst$File.getIncludes(KeyAst.java:76)
	at de.uka.ilkd.key.proof.io.KeYFile.readIncludes(KeYFile.java:208)
	... 14 more
Could not find rule file rules/intRulesCheckedSemantics.key (file: /home/runner/work/key/key/key.core/../key.ui/examples/index/../InformationFlow/NewObjects/object.ObjectOrientation(object.ObjectOrientation__secure_object_creation_3()).JML operation contract.0.key; caused by: de.uka.ilkd.key.proof.init.ProofInputException: Could not find rule file rules/intRulesCheckedSemantics.key)
	at de.uka.ilkd.key.control.AbstractUserInterfaceControl.load(AbstractUserInterfaceControl.java:221)
	at de.uka.ilkd.key.control.KeYEnvironment.load(KeYEnvironment.java:251)
	at de.uka.ilkd.key.control.KeYEnvironment.load(KeYEnvironment.java:224)
	at de.uka.ilkd.key.control.KeYEnvironment.load(KeYEnvironment.java:184)
	at de.uka.ilkd.key.control.KeYEnvironment.load(KeYEnvironment.java:261)
	at de.uka.ilkd.key.proof.runallproofs.proofcollection.TestFile.load(TestFile.java:270)
	at de.uka.ilkd.key.proof.runallproofs.proofcollection.TestFile.runKey(TestFile.java:160)
	at de.uka.ilkd.key.proof.runallproofs.proofcollection.ForkedTestFileRunner.main(ForkedTestFileRunner.java:171)
Caused by: de.uka.ilkd.key.proof.init.ProofInputException: Could not find rule file rules/intRulesCheckedSemantics.key
	at de.uka.ilkd.key.proof.io.KeYFile.readIncludes(KeYFile.java:210)
	at de.uka.ilkd.key.proof.init.ProblemInitializer.readIncludes(ProblemInitializer.java:177)
	at de.uka.ilkd.key.proof.init.ProblemInitializer.readEnvInput(ProblemInitializer.java:325)
	at de.uka.ilkd.key.proof.init.ProblemInitializer.prepare(ProblemInitializer.java:449)
	at de.uka.ilkd.key.proof.io.AbstractProblemLoader.createInitConfig(AbstractProblemLoader.java:518)
	at de.uka.ilkd.key.proof.io.AbstractProblemLoader.loadEnvironment(AbstractProblemLoader.java:288)
	at de.uka.ilkd.key.proof.io.AbstractProblemLoader.load(AbstractProblemLoader.java:252)
	at de.uka.ilkd.key.control.AbstractUserInterfaceControl.load(AbstractUserInterfaceControl.java:209)
	... 7 more
Caused by: java.lang.RuntimeException: Could not find rule file rules/intRulesCheckedSemantics.key
	at de.uka.ilkd.key.proof.io.RuleSourceFactory.fromBuiltInRule(RuleSourceFactory.java:32)
	at de.uka.ilkd.key.proof.io.RuleSourceFactory.fromDefaultLocation(RuleSourceFactory.java:21)
	at de.uka.ilkd.key.nparser.builder.IncludeFinder.addInclude(IncludeFinder.java:63)
	at de.uka.ilkd.key.nparser.builder.IncludeFinder.visitOne_include(IncludeFinder.java:43)
	at de.uka.ilkd.key.nparser.builder.IncludeFinder.visitOne_include(IncludeFinder.java:20)
	at de.uka.ilkd.key.nparser.KeYParser$One_includeContext.accept(KeYParser.java:878)
	at de.uka.ilkd.key.nparser.builder.AbstractBuilder.lambda$mapOf$0(AbstractBuilder.java:112)
	at java.base/java.util.stream.ReferencePipeline$3$1.accept(ReferencePipeline.java:195)
	at java.base/java.util.ArrayList$ArrayListSpliterator.forEachRemaining(ArrayList.java:1655)
	at java.base/java.util.stream.AbstractPipeline.copyInto(AbstractPipeline.java:484)
	at java.base/java.util.stream.AbstractPipeline.wrapAndCopyInto(AbstractPipeline.java:474)
	at java.base/java.util.stream.ReduceOps$ReduceOp.evaluateSequential(ReduceOps.java:913)
	at java.base/java.util.stream.AbstractPipeline.evaluate(AbstractPipeline.java:234)
	at java.base/java.util.stream.ReferencePipeline.collect(ReferencePipeline.java:578)
	at de.uka.ilkd.key.nparser.builder.AbstractBuilder.mapOf(AbstractBuilder.java:112)
	at de.uka.ilkd.key.nparser.builder.IncludeFinder.visitOne_include_statement(IncludeFinder.java:35)
	at de.uka.ilkd.key.nparser.builder.IncludeFinder.visitOne_include_statement(IncludeFinder.java:20)
	at de.uka.ilkd.key.nparser.KeYParser$One_include_statementContext.accept(KeYParser.java:802)
	at org.antlr.v4.runtime.tree.AbstractParseTreeVisitor.visitChildren(AbstractParseTreeVisitor.java:46)
	at de.uka.ilkd.key.nparser.KeYParserBaseVisitor.visitDecls(KeYParserBaseVisitor.java:30)
	at de.uka.ilkd.key.nparser.KeYParser$DeclsContext.accept(KeYParser.java:500)
	at org.antlr.v4.runtime.tree.AbstractParseTreeVisitor.visitChildren(AbstractParseTreeVisitor.java:46)
	at de.uka.ilkd.key.nparser.KeYParserBaseVisitor.visitFile(KeYParserBaseVisitor.java:23)
	at de.uka.ilkd.key.nparser.KeYParser$FileContext.accept(KeYParser.java:306)
	at de.uka.ilkd.key.nparser.KeyAst.accept(KeyAst.java:41)
	at de.uka.ilkd.key.nparser.KeyAst$File.getIncludes(KeyAst.java:76)
	at de.uka.ilkd.key.proof.io.KeYFile.readIncludes(KeYFile.java:208)
	... 14 more
Could not find rule file rules/intRulesCheckedSemantics.key (file: /home/runner/work/key/key/key.core/../key.ui/examples/index/../InformationFlow/NewObjects/object.ObjectOrientation(object.ObjectOrientation__secure_object_creation_2()).JML operation contract.0.key; caused by: de.uka.ilkd.key.proof.init.ProofInputException: Could not find rule file rules/intRulesCheckedSemantics.key)
	at de.uka.ilkd.key.control.AbstractUserInterfaceControl.load(AbstractUserInterfaceControl.java:221)
	at de.uka.ilkd.key.control.KeYEnvironment.load(KeYEnvironment.java:251)
	at de.uka.ilkd.key.control.KeYEnvironment.load(KeYEnvironment.java:224)
	at de.uka.ilkd.key.control.KeYEnvironment.load(KeYEnvironment.java:184)
	at de.uka.ilkd.key.control.KeYEnvironment.load(KeYEnvironment.java:261)
	at de.uka.ilkd.key.proof.runallproofs.proofcollection.TestFile.load(TestFile.java:270)
	at de.uka.ilkd.key.proof.runallproofs.proofcollection.TestFile.runKey(TestFile.java:160)
	at de.uka.ilkd.key.proof.runallproofs.proofcollection.ForkedTestFileRunner.main(ForkedTestFileRunner.java:171)
Caused by: de.uka.ilkd.key.proof.init.ProofInputException: Could not find rule file rules/intRulesCheckedSemantics.key
	at de.uka.ilkd.key.proof.io.KeYFile.readIncludes(KeYFile.java:210)
	at de.uka.ilkd.key.proof.init.ProblemInitializer.readIncludes(ProblemInitializer.java:177)
	at de.uka.ilkd.key.proof.init.ProblemInitializer.readEnvInput(ProblemInitializer.java:325)
	at de.uka.ilkd.key.proof.init.ProblemInitializer.prepare(ProblemInitializer.java:449)
	at de.uka.ilkd.key.proof.io.AbstractProblemLoader.createInitConfig(AbstractProblemLoader.java:518)
	at de.uka.ilkd.key.proof.io.AbstractProblemLoader.loadEnvironment(AbstractProblemLoader.java:288)
	at de.uka.ilkd.key.proof.io.AbstractProblemLoader.load(AbstractProblemLoader.java:252)
	at de.uka.ilkd.key.control.AbstractUserInterfaceControl.load(AbstractUserInterfaceControl.java:209)
	... 7 more
Caused by: java.lang.RuntimeException: Could not find rule file rules/intRulesCheckedSemantics.key
	at de.uka.ilkd.key.proof.io.RuleSourceFactory.fromBuiltInRule(RuleSourceFactory.java:32)
	at de.uka.ilkd.key.proof.io.RuleSourceFactory.fromDefaultLocation(RuleSourceFactory.java:21)
	at de.uka.ilkd.key.nparser.builder.IncludeFinder.addInclude(IncludeFinder.java:63)
	at de.uka.ilkd.key.nparser.builder.IncludeFinder.visitOne_include(IncludeFinder.java:43)
	at de.uka.ilkd.key.nparser.builder.IncludeFinder.visitOne_include(IncludeFinder.java:20)
	at de.uka.ilkd.key.nparser.KeYParser$One_includeContext.accept(KeYParser.java:878)
	at de.uka.ilkd.key.nparser.builder.AbstractBuilder.lambda$mapOf$0(AbstractBuilder.java:112)
	at java.base/java.util.stream.ReferencePipeline$3$1.accept(ReferencePipeline.java:195)
	at java.base/java.util.ArrayList$ArrayListSpliterator.forEachRemaining(ArrayList.java:1655)
	at java.base/java.util.stream.AbstractPipeline.copyInto(AbstractPipeline.java:484)
	at java.base/java.util.stream.AbstractPipeline.wrapAndCopyInto(AbstractPipeline.java:474)
	at java.base/java.util.stream.ReduceOps$ReduceOp.evaluateSequential(ReduceOps.java:913)
	at java.base/java.util.stream.AbstractPipeline.evaluate(AbstractPipeline.java:234)
	at java.base/java.util.stream.ReferencePipeline.collect(ReferencePipeline.java:578)
	at de.uka.ilkd.key.nparser.builder.AbstractBuilder.mapOf(AbstractBuilder.java:112)
	at de.uka.ilkd.key.nparser.builder.IncludeFinder.visitOne_include_statement(IncludeFinder.java:35)
	at de.uka.ilkd.key.nparser.builder.IncludeFinder.visitOne_include_statement(IncludeFinder.java:20)
	at de.uka.ilkd.key.nparser.KeYParser$One_include_statementContext.accept(KeYParser.java:802)
	at org.antlr.v4.runtime.tree.AbstractParseTreeVisitor.visitChildren(AbstractParseTreeVisitor.java:46)
	at de.uka.ilkd.key.nparser.KeYParserBaseVisitor.visitDecls(KeYParserBaseVisitor.java:30)
	at de.uka.ilkd.key.nparser.KeYParser$DeclsContext.accept(KeYParser.java:500)
	at org.antlr.v4.runtime.tree.AbstractParseTreeVisitor.visitChildren(AbstractParseTreeVisitor.java:46)
	at de.uka.ilkd.key.nparser.KeYParserBaseVisitor.visitFile(KeYParserBaseVisitor.java:23)
	at de.uka.ilkd.key.nparser.KeYParser$FileContext.accept(KeYParser.java:306)
	at de.uka.ilkd.key.nparser.KeyAst.accept(KeyAst.java:41)
	at de.uka.ilkd.key.nparser.KeyAst$File.getIncludes(KeyAst.java:76)
	at de.uka.ilkd.key.proof.io.KeYFile.readIncludes(KeYFile.java:208)
	... 14 more
Could not find rule file rules/intRulesCheckedSemantics.key (file: /home/runner/work/key/key/key.core/../key.ui/examples/index/../InformationFlow/NewObjects/object.ObjectOrientation(object.ObjectOrientation__secure_object_creation()).JML operation contract.0.key; caused by: de.uka.ilkd.key.proof.init.ProofInputException: Could not find rule file rules/intRulesCheckedSemantics.key)
	at de.uka.ilkd.key.control.AbstractUserInterfaceControl.load(AbstractUserInterfaceControl.java:221)
	at de.uka.ilkd.key.control.KeYEnvironment.load(KeYEnvironment.java:251)
	at de.uka.ilkd.key.control.KeYEnvironment.load(KeYEnvironment.java:224)
	at de.uka.ilkd.key.control.KeYEnvironment.load(KeYEnvironment.java:184)
	at de.uka.ilkd.key.control.KeYEnvironment.load(KeYEnvironment.java:261)
	at de.uka.ilkd.key.proof.runallproofs.proofcollection.TestFile.load(TestFile.java:270)
	at de.uka.ilkd.key.proof.runallproofs.proofcollection.TestFile.runKey(TestFile.java:160)
	at de.uka.ilkd.key.proof.runallproofs.proofcollection.ForkedTestFileRunner.main(ForkedTestFileRunner.java:171)
Caused by: de.uka.ilkd.key.proof.init.ProofInputException: Could not find rule file rules/intRulesCheckedSemantics.key
	at de.uka.ilkd.key.proof.io.KeYFile.readIncludes(KeYFile.java:210)
	at de.uka.ilkd.key.proof.init.ProblemInitializer.readIncludes(ProblemInitializer.java:177)
	at de.uka.ilkd.key.proof.init.ProblemInitializer.readEnvInput(ProblemInitializer.java:325)
	at de.uka.ilkd.key.proof.init.ProblemInitializer.prepare(ProblemInitializer.java:449)
	at de.uka.ilkd.key.proof.io.AbstractProblemLoader.createInitConfig(AbstractProblemLoader.java:518)
	at de.uka.ilkd.key.proof.io.AbstractProblemLoader.loadEnvironment(AbstractProblemLoader.java:288)
	at de.uka.ilkd.key.proof.io.AbstractProblemLoader.load(AbstractProblemLoader.java:252)
	at de.uka.ilkd.key.control.AbstractUserInterfaceControl.load(AbstractUserInterfaceControl.java:209)
	... 7 more
Caused by: java.lang.RuntimeException: Could not find rule file rules/intRulesCheckedSemantics.key
	at de.uka.ilkd.key.proof.io.RuleSourceFactory.fromBuiltInRule(RuleSourceFactory.java:32)
	at de.uka.ilkd.key.proof.io.RuleSourceFactory.fromDefaultLocation(RuleSourceFactory.java:21)
	at de.uka.ilkd.key.nparser.builder.IncludeFinder.addInclude(IncludeFinder.java:63)
	at de.uka.ilkd.key.nparser.builder.IncludeFinder.visitOne_include(IncludeFinder.java:43)
	at de.uka.ilkd.key.nparser.builder.IncludeFinder.visitOne_include(IncludeFinder.java:20)
	at de.uka.ilkd.key.nparser.KeYParser$One_includeContext.accept(KeYParser.java:878)
	at de.uka.ilkd.key.nparser.builder.AbstractBuilder.lambda$mapOf$0(AbstractBuilder.java:112)
	at java.base/java.util.stream.ReferencePipeline$3$1.accept(ReferencePipeline.java:195)
	at java.base/java.util.ArrayList$ArrayListSpliterator.forEachRemaining(ArrayList.java:1655)
	at java.base/java.util.stream.AbstractPipeline.copyInto(AbstractPipeline.java:484)
	at java.base/java.util.stream.AbstractPipeline.wrapAndCopyInto(AbstractPipeline.java:474)
	at java.base/java.util.stream.ReduceOps$ReduceOp.evaluateSequential(ReduceOps.java:913)
	at java.base/java.util.stream.AbstractPipeline.evaluate(AbstractPipeline.java:234)
	at java.base/java.util.stream.ReferencePipeline.collect(ReferencePipeline.java:578)
	at de.uka.ilkd.key.nparser.builder.AbstractBuilder.mapOf(AbstractBuilder.java:112)
	at de.uka.ilkd.key.nparser.builder.IncludeFinder.visitOne_include_statement(IncludeFinder.java:35)
	at de.uka.ilkd.key.nparser.builder.IncludeFinder.visitOne_include_statement(IncludeFinder.java:20)
	at de.uka.ilkd.key.nparser.KeYParser$One_include_statementContext.accept(KeYParser.java:802)
	at org.antlr.v4.runtime.tree.AbstractParseTreeVisitor.visitChildren(AbstractParseTreeVisitor.java:46)
	at de.uka.ilkd.key.nparser.KeYParserBaseVisitor.visitDecls(KeYParserBaseVisitor.java:30)
	at de.uka.ilkd.key.nparser.KeYParser$DeclsContext.accept(KeYParser.java:500)
	at org.antlr.v4.runtime.tree.AbstractParseTreeVisitor.visitChildren(AbstractParseTreeVisitor.java:46)
	at de.uka.ilkd.key.nparser.KeYParserBaseVisitor.visitFile(KeYParserBaseVisitor.java:23)
	at de.uka.ilkd.key.nparser.KeYParser$FileContext.accept(KeYParser.java:306)
	at de.uka.ilkd.key.nparser.KeyAst.accept(KeyAst.java:41)
	at de.uka.ilkd.key.nparser.KeyAst$File.getIncludes(KeyAst.java:76)
	at de.uka.ilkd.key.proof.io.KeYFile.readIncludes(KeYFile.java:208)
	... 14 more
Could not find rule file rules/intRulesCheckedSemantics.key (file: /home/runner/work/key/key/key.core/../key.ui/examples/index/../InformationFlow/NewObjects/object.AmtoftBanerjee2(object.AmtoftBanerjee2__expensive(int)).JML accessible clause.0.key; caused by: de.uka.ilkd.key.proof.init.ProofInputException: Could not find rule file rules/intRulesCheckedSemantics.key)
	at de.uka.ilkd.key.control.AbstractUserInterfaceControl.load(AbstractUserInterfaceControl.java:221)
	at de.uka.ilkd.key.control.KeYEnvironment.load(KeYEnvironment.java:251)
	at de.uka.ilkd.key.control.KeYEnvironment.load(KeYEnvironment.java:224)
	at de.uka.ilkd.key.control.KeYEnvironment.load(KeYEnvironment.java:184)
	at de.uka.ilkd.key.control.KeYEnvironment.load(KeYEnvironment.java:261)
	at de.uka.ilkd.key.proof.runallproofs.proofcollection.TestFile.load(TestFile.java:270)
	at de.uka.ilkd.key.proof.runallproofs.proofcollection.TestFile.runKey(TestFile.java:160)
	at de.uka.ilkd.key.proof.runallproofs.proofcollection.ForkedTestFileRunner.main(ForkedTestFileRunner.java:171)
Caused by: de.uka.ilkd.key.proof.init.ProofInputException: Could not find rule file rules/intRulesCheckedSemantics.key
	at de.uka.ilkd.key.proof.io.KeYFile.readIncludes(KeYFile.java:210)
	at de.uka.ilkd.key.proof.init.ProblemInitializer.readIncludes(ProblemInitializer.java:177)
	at de.uka.ilkd.key.proof.init.ProblemInitializer.readEnvInput(ProblemInitializer.java:325)
	at de.uka.ilkd.key.proof.init.ProblemInitializer.prepare(ProblemInitializer.java:449)
	at de.uka.ilkd.key.proof.io.AbstractProblemLoader.createInitConfig(AbstractProblemLoader.java:518)
	at de.uka.ilkd.key.proof.io.AbstractProblemLoader.loadEnvironment(AbstractProblemLoader.java:288)
	at de.uka.ilkd.key.proof.io.AbstractProblemLoader.load(AbstractProblemLoader.java:252)
	at de.uka.ilkd.key.control.AbstractUserInterfaceControl.load(AbstractUserInterfaceControl.java:209)
	... 7 more
Caused by: java.lang.RuntimeException: Could not find rule file rules/intRulesCheckedSemantics.key
	at de.uka.ilkd.key.proof.io.RuleSourceFactory.fromBuiltInRule(RuleSourceFactory.java:32)
	at de.uka.ilkd.key.proof.io.RuleSourceFactory.fromDefaultLocation(RuleSourceFactory.java:21)
	at de.uka.ilkd.key.nparser.builder.IncludeFinder.addInclude(IncludeFinder.java:63)
	at de.uka.ilkd.key.nparser.builder.IncludeFinder.visitOne_include(IncludeFinder.java:43)
	at de.uka.ilkd.key.nparser.builder.IncludeFinder.visitOne_include(IncludeFinder.java:20)
	at de.uka.ilkd.key.nparser.KeYParser$One_includeContext.accept(KeYParser.java:878)
	at de.uka.ilkd.key.nparser.builder.AbstractBuilder.lambda$mapOf$0(AbstractBuilder.java:112)
	at java.base/java.util.stream.ReferencePipeline$3$1.accept(ReferencePipeline.java:195)
	at java.base/java.util.ArrayList$ArrayListSpliterator.forEachRemaining(ArrayList.java:1655)
	at java.base/java.util.stream.AbstractPipeline.copyInto(AbstractPipeline.java:484)
	at java.base/java.util.stream.AbstractPipeline.wrapAndCopyInto(AbstractPipeline.java:474)
	at java.base/java.util.stream.ReduceOps$ReduceOp.evaluateSequential(ReduceOps.java:913)
	at java.base/java.util.stream.AbstractPipeline.evaluate(AbstractPipeline.java:234)
	at java.base/java.util.stream.ReferencePipeline.collect(ReferencePipeline.java:578)
	at de.uka.ilkd.key.nparser.builder.AbstractBuilder.mapOf(AbstractBuilder.java:112)
	at de.uka.ilkd.key.nparser.builder.IncludeFinder.visitOne_include_statement(IncludeFinder.java:35)
	at de.uka.ilkd.key.nparser.builder.IncludeFinder.visitOne_include_statement(IncludeFinder.java:20)
	at de.uka.ilkd.key.nparser.KeYParser$One_include_statementContext.accept(KeYParser.java:802)
	at org.antlr.v4.runtime.tree.AbstractParseTreeVisitor.visitChildren(AbstractParseTreeVisitor.java:46)
	at de.uka.ilkd.key.nparser.KeYParserBaseVisitor.visitDecls(KeYParserBaseVisitor.java:30)
	at de.uka.ilkd.key.nparser.KeYParser$DeclsContext.accept(KeYParser.java:500)
	at org.antlr.v4.runtime.tree.AbstractParseTreeVisitor.visitChildren(AbstractParseTreeVisitor.java:46)
	at de.uka.ilkd.key.nparser.KeYParserBaseVisitor.visitFile(KeYParserBaseVisitor.java:23)
	at de.uka.ilkd.key.nparser.KeYParser$FileContext.accept(KeYParser.java:306)
	at de.uka.ilkd.key.nparser.KeyAst.accept(KeyAst.java:41)
	at de.uka.ilkd.key.nparser.KeyAst$File.getIncludes(KeyAst.java:76)
	at de.uka.ilkd.key.proof.io.KeYFile.readIncludes(KeYFile.java:208)
	... 14 more
Could not find rule file rules/intRulesCheckedSemantics.key (file: /home/runner/work/key/key/key.core/../key.ui/examples/index/../InformationFlow/NewObjects/object.AmtoftBanerjee2(object.AmtoftBanerjee2__expensive(int)).JML normal_behavior operation contract.0.key; caused by: de.uka.ilkd.key.proof.init.ProofInputException: Could not find rule file rules/intRulesCheckedSemantics.key)
	at de.uka.ilkd.key.control.AbstractUserInterfaceControl.load(AbstractUserInterfaceControl.java:221)
	at de.uka.ilkd.key.control.KeYEnvironment.load(KeYEnvironment.java:251)
	at de.uka.ilkd.key.control.KeYEnvironment.load(KeYEnvironment.java:224)
	at de.uka.ilkd.key.control.KeYEnvironment.load(KeYEnvironment.java:184)
	at de.uka.ilkd.key.control.KeYEnvironment.load(KeYEnvironment.java:261)
	at de.uka.ilkd.key.proof.runallproofs.proofcollection.TestFile.load(TestFile.java:270)
	at de.uka.ilkd.key.proof.runallproofs.proofcollection.TestFile.runKey(TestFile.java:160)
	at de.uka.ilkd.key.proof.runallproofs.proofcollection.ForkedTestFileRunner.main(ForkedTestFileRunner.java:171)
Caused by: de.uka.ilkd.key.proof.init.ProofInputException: Could not find rule file rules/intRulesCheckedSemantics.key
	at de.uka.ilkd.key.proof.io.KeYFile.readIncludes(KeYFile.java:210)
	at de.uka.ilkd.key.proof.init.ProblemInitializer.readIncludes(ProblemInitializer.java:177)
	at de.uka.ilkd.key.proof.init.ProblemInitializer.readEnvInput(ProblemInitializer.java:325)
	at de.uka.ilkd.key.proof.init.ProblemInitializer.prepare(ProblemInitializer.java:449)
	at de.uka.ilkd.key.proof.io.AbstractProblemLoader.createInitConfig(AbstractProblemLoader.java:518)
	at de.uka.ilkd.key.proof.io.AbstractProblemLoader.loadEnvironment(AbstractProblemLoader.java:288)
	at de.uka.ilkd.key.proof.io.AbstractProblemLoader.load(AbstractProblemLoader.java:252)
	at de.uka.ilkd.key.control.AbstractUserInterfaceControl.load(AbstractUserInterfaceControl.java:209)
	... 7 more
Caused by: java.lang.RuntimeException: Could not find rule file rules/intRulesCheckedSemantics.key
	at de.uka.ilkd.key.proof.io.RuleSourceFactory.fromBuiltInRule(RuleSourceFactory.java:32)
	at de.uka.ilkd.key.proof.io.RuleSourceFactory.fromDefaultLocation(RuleSourceFactory.java:21)
	at de.uka.ilkd.key.nparser.builder.IncludeFinder.addInclude(IncludeFinder.java:63)
	at de.uka.ilkd.key.nparser.builder.IncludeFinder.visitOne_include(IncludeFinder.java:43)
	at de.uka.ilkd.key.nparser.builder.IncludeFinder.visitOne_include(IncludeFinder.java:20)
	at de.uka.ilkd.key.nparser.KeYParser$One_includeContext.accept(KeYParser.java:878)
	at de.uka.ilkd.key.nparser.builder.AbstractBuilder.lambda$mapOf$0(AbstractBuilder.java:112)
	at java.base/java.util.stream.ReferencePipeline$3$1.accept(ReferencePipeline.java:195)
	at java.base/java.util.ArrayList$ArrayListSpliterator.forEachRemaining(ArrayList.java:1655)
	at java.base/java.util.stream.AbstractPipeline.copyInto(AbstractPipeline.java:484)
	at java.base/java.util.stream.AbstractPipeline.wrapAndCopyInto(AbstractPipeline.java:474)
	at java.base/java.util.stream.ReduceOps$ReduceOp.evaluateSequential(ReduceOps.java:913)
	at java.base/java.util.stream.AbstractPipeline.evaluate(AbstractPipeline.java:234)
	at java.base/java.util.stream.ReferencePipeline.collect(ReferencePipeline.java:578)
	at de.uka.ilkd.key.nparser.builder.AbstractBuilder.mapOf(AbstractBuilder.java:112)
	at de.uka.ilkd.key.nparser.builder.IncludeFinder.visitOne_include_statement(IncludeFinder.java:35)
	at de.uka.ilkd.key.nparser.builder.IncludeFinder.visitOne_include_statement(IncludeFinder.java:20)
	at de.uka.ilkd.key.nparser.KeYParser$One_include_statementContext.accept(KeYParser.java:802)
	at org.antlr.v4.runtime.tree.AbstractParseTreeVisitor.visitChildren(AbstractParseTreeVisitor.java:46)
	at de.uka.ilkd.key.nparser.KeYParserBaseVisitor.visitDecls(KeYParserBaseVisitor.java:30)
	at de.uka.ilkd.key.nparser.KeYParser$DeclsContext.accept(KeYParser.java:500)
	at org.antlr.v4.runtime.tree.AbstractParseTreeVisitor.visitChildren(AbstractParseTreeVisitor.java:46)
	at de.uka.ilkd.key.nparser.KeYParserBaseVisitor.visitFile(KeYParserBaseVisitor.java:23)
	at de.uka.ilkd.key.nparser.KeYParser$FileContext.accept(KeYParser.java:306)
	at de.uka.ilkd.key.nparser.KeyAst.accept(KeyAst.java:41)
	at de.uka.ilkd.key.nparser.KeyAst$File.getIncludes(KeyAst.java:76)
	at de.uka.ilkd.key.proof.io.KeYFile.readIncludes(KeYFile.java:208)
	... 14 more
Could not find rule file rules/intRulesCheckedSemantics.key (file: /home/runner/work/key/key/key.core/../key.ui/examples/index/../InformationFlow/NewObjects/object.AmtoftBanerjee2(object.AmtoftBanerjee2__cexp(int)).JML normal_behavior operation contract.0.key; caused by: de.uka.ilkd.key.proof.init.ProofInputException: Could not find rule file rules/intRulesCheckedSemantics.key)
	at de.uka.ilkd.key.control.AbstractUserInterfaceControl.load(AbstractUserInterfaceControl.java:221)
	at de.uka.ilkd.key.control.KeYEnvironment.load(KeYEnvironment.java:251)
	at de.uka.ilkd.key.control.KeYEnvironment.load(KeYEnvironment.java:224)
	at de.uka.ilkd.key.control.KeYEnvironment.load(KeYEnvironment.java:184)
	at de.uka.ilkd.key.control.KeYEnvironment.load(KeYEnvironment.java:261)
	at de.uka.ilkd.key.proof.runallproofs.proofcollection.TestFile.load(TestFile.java:270)
	at de.uka.ilkd.key.proof.runallproofs.proofcollection.TestFile.runKey(TestFile.java:160)
	at de.uka.ilkd.key.proof.runallproofs.proofcollection.ForkedTestFileRunner.main(ForkedTestFileRunner.java:171)
Caused by: de.uka.ilkd.key.proof.init.ProofInputException: Could not find rule file rules/intRulesCheckedSemantics.key
	at de.uka.ilkd.key.proof.io.KeYFile.readIncludes(KeYFile.java:210)
	at de.uka.ilkd.key.proof.init.ProblemInitializer.readIncludes(ProblemInitializer.java:177)
	at de.uka.ilkd.key.proof.init.ProblemInitializer.readEnvInput(ProblemInitializer.java:325)
	at de.uka.ilkd.key.proof.init.ProblemInitializer.prepare(ProblemInitializer.java:449)
	at de.uka.ilkd.key.proof.io.AbstractProblemLoader.createInitConfig(AbstractProblemLoader.java:518)
	at de.uka.ilkd.key.proof.io.AbstractProblemLoader.loadEnvironment(AbstractProblemLoader.java:288)
	at de.uka.ilkd.key.proof.io.AbstractProblemLoader.load(AbstractProblemLoader.java:252)
	at de.uka.ilkd.key.control.AbstractUserInterfaceControl.load(AbstractUserInterfaceControl.java:209)
	... 7 more
Caused by: java.lang.RuntimeException: Could not find rule file rules/intRulesCheckedSemantics.key
	at de.uka.ilkd.key.proof.io.RuleSourceFactory.fromBuiltInRule(RuleSourceFactory.java:32)
	at de.uka.ilkd.key.proof.io.RuleSourceFactory.fromDefaultLocation(RuleSourceFactory.java:21)
	at de.uka.ilkd.key.nparser.builder.IncludeFinder.addInclude(IncludeFinder.java:63)
	at de.uka.ilkd.key.nparser.builder.IncludeFinder.visitOne_include(IncludeFinder.java:43)
	at de.uka.ilkd.key.nparser.builder.IncludeFinder.visitOne_include(IncludeFinder.java:20)
	at de.uka.ilkd.key.nparser.KeYParser$One_includeContext.accept(KeYParser.java:878)
	at de.uka.ilkd.key.nparser.builder.AbstractBuilder.lambda$mapOf$0(AbstractBuilder.java:112)
	at java.base/java.util.stream.ReferencePipeline$3$1.accept(ReferencePipeline.java:195)
	at java.base/java.util.ArrayList$ArrayListSpliterator.forEachRemaining(ArrayList.java:1655)
	at java.base/java.util.stream.AbstractPipeline.copyInto(AbstractPipeline.java:484)
	at java.base/java.util.stream.AbstractPipeline.wrapAndCopyInto(AbstractPipeline.java:474)
	at java.base/java.util.stream.ReduceOps$ReduceOp.evaluateSequential(ReduceOps.java:913)
	at java.base/java.util.stream.AbstractPipeline.evaluate(AbstractPipeline.java:234)
	at java.base/java.util.stream.ReferencePipeline.collect(ReferencePipeline.java:578)
	at de.uka.ilkd.key.nparser.builder.AbstractBuilder.mapOf(AbstractBuilder.java:112)
	at de.uka.ilkd.key.nparser.builder.IncludeFinder.visitOne_include_statement(IncludeFinder.java:35)
	at de.uka.ilkd.key.nparser.builder.IncludeFinder.visitOne_include_statement(IncludeFinder.java:20)
	at de.uka.ilkd.key.nparser.KeYParser$One_include_statementContext.accept(KeYParser.java:802)
	at org.antlr.v4.runtime.tree.AbstractParseTreeVisitor.visitChildren(AbstractParseTreeVisitor.java:46)
	at de.uka.ilkd.key.nparser.KeYParserBaseVisitor.visitDecls(KeYParserBaseVisitor.java:30)
	at de.uka.ilkd.key.nparser.KeYParser$DeclsContext.accept(KeYParser.java:500)
	at org.antlr.v4.runtime.tree.AbstractParseTreeVisitor.visitChildren(AbstractParseTreeVisitor.java:46)
	at de.uka.ilkd.key.nparser.KeYParserBaseVisitor.visitFile(KeYParserBaseVisitor.java:23)
	at de.uka.ilkd.key.nparser.KeYParser$FileContext.accept(KeYParser.java:306)
	at de.uka.ilkd.key.nparser.KeyAst.accept(KeyAst.java:41)
	at de.uka.ilkd.key.nparser.KeyAst$File.getIncludes(KeyAst.java:76)
	at de.uka.ilkd.key.proof.io.KeYFile.readIncludes(KeYFile.java:208)
	... 14 more
Exception in thread "main" org.opentest4j.AssertionFailedError: Exception during the execution of proofs. See log for more details.
	at org.junit.jupiter.api.AssertionUtils.fail(AssertionUtils.java:39)
	at org.junit.jupiter.api.Assertions.fail(Assertions.java:134)
	at de.uka.ilkd.key.proof.runallproofs.proofcollection.ForkedTestFileRunner.main(ForkedTestFileRunner.java:192)
Timeout watcher launched (1000 secs.)
Could not find rule file rules/intRulesCheckedSemantics.key (file: /home/runner/work/key/key/key.core/../key.ui/examples/index/../InformationFlow/PasswordFile/passwordfile.SecurePasswordFile(passwordfile.SecurePasswordFile___userIndex()).JML accessible clause.0.key; caused by: de.uka.ilkd.key.proof.init.ProofInputException: Could not find rule file rules/intRulesCheckedSemantics.key)
	at de.uka.ilkd.key.control.AbstractUserInterfaceControl.load(AbstractUserInterfaceControl.java:221)
	at de.uka.ilkd.key.control.KeYEnvironment.load(KeYEnvironment.java:251)
	at de.uka.ilkd.key.control.KeYEnvironment.load(KeYEnvironment.java:224)
	at de.uka.ilkd.key.control.KeYEnvironment.load(KeYEnvironment.java:184)
	at de.uka.ilkd.key.control.KeYEnvironment.load(KeYEnvironment.java:261)
	at de.uka.ilkd.key.proof.runallproofs.proofcollection.TestFile.load(TestFile.java:270)
	at de.uka.ilkd.key.proof.runallproofs.proofcollection.TestFile.runKey(TestFile.java:160)
	at de.uka.ilkd.key.proof.runallproofs.proofcollection.ForkedTestFileRunner.main(ForkedTestFileRunner.java:171)
Caused by: de.uka.ilkd.key.proof.init.ProofInputException: Could not find rule file rules/intRulesCheckedSemantics.key
	at de.uka.ilkd.key.proof.io.KeYFile.readIncludes(KeYFile.java:210)
	at de.uka.ilkd.key.proof.init.ProblemInitializer.readIncludes(ProblemInitializer.java:177)
	at de.uka.ilkd.key.proof.init.ProblemInitializer.readEnvInput(ProblemInitializer.java:325)
	at de.uka.ilkd.key.proof.init.ProblemInitializer.prepare(ProblemInitializer.java:449)
	at de.uka.ilkd.key.proof.io.AbstractProblemLoader.createInitConfig(AbstractProblemLoader.java:518)
	at de.uka.ilkd.key.proof.io.AbstractProblemLoader.loadEnvironment(AbstractProblemLoader.java:288)
	at de.uka.ilkd.key.proof.io.AbstractProblemLoader.load(AbstractProblemLoader.java:252)
	at de.uka.ilkd.key.control.AbstractUserInterfaceControl.load(AbstractUserInterfaceControl.java:209)
	... 7 more
Caused by: java.lang.RuntimeException: Could not find rule file rules/intRulesCheckedSemantics.key
	at de.uka.ilkd.key.proof.io.RuleSourceFactory.fromBuiltInRule(RuleSourceFactory.java:32)
	at de.uka.ilkd.key.proof.io.RuleSourceFactory.fromDefaultLocation(RuleSourceFactory.java:21)
	at de.uka.ilkd.key.nparser.builder.IncludeFinder.addInclude(IncludeFinder.java:63)
	at de.uka.ilkd.key.nparser.builder.IncludeFinder.visitOne_include(IncludeFinder.java:43)
	at de.uka.ilkd.key.nparser.builder.IncludeFinder.visitOne_include(IncludeFinder.java:20)
	at de.uka.ilkd.key.nparser.KeYParser$One_includeContext.accept(KeYParser.java:878)
	at de.uka.ilkd.key.nparser.builder.AbstractBuilder.lambda$mapOf$0(AbstractBuilder.java:112)
	at java.base/java.util.stream.ReferencePipeline$3$1.accept(ReferencePipeline.java:195)
	at java.base/java.util.ArrayList$ArrayListSpliterator.forEachRemaining(ArrayList.java:1655)
	at java.base/java.util.stream.AbstractPipeline.copyInto(AbstractPipeline.java:484)
	at java.base/java.util.stream.AbstractPipeline.wrapAndCopyInto(AbstractPipeline.java:474)
	at java.base/java.util.stream.ReduceOps$ReduceOp.evaluateSequential(ReduceOps.java:913)
	at java.base/java.util.stream.AbstractPipeline.evaluate(AbstractPipeline.java:234)
	at java.base/java.util.stream.ReferencePipeline.collect(ReferencePipeline.java:578)
	at de.uka.ilkd.key.nparser.builder.AbstractBuilder.mapOf(AbstractBuilder.java:112)
	at de.uka.ilkd.key.nparser.builder.IncludeFinder.visitOne_include_statement(IncludeFinder.java:35)
	at de.uka.ilkd.key.nparser.builder.IncludeFinder.visitOne_include_statement(IncludeFinder.java:20)
	at de.uka.ilkd.key.nparser.KeYParser$One_include_statementContext.accept(KeYParser.java:802)
	at org.antlr.v4.runtime.tree.AbstractParseTreeVisitor.visitChildren(AbstractParseTreeVisitor.java:46)
	at de.uka.ilkd.key.nparser.KeYParserBaseVisitor.visitDecls(KeYParserBaseVisitor.java:30)
	at de.uka.ilkd.key.nparser.KeYParser$DeclsContext.accept(KeYParser.java:500)
	at org.antlr.v4.runtime.tree.AbstractParseTreeVisitor.visitChildren(AbstractParseTreeVisitor.java:46)
	at de.uka.ilkd.key.nparser.KeYParserBaseVisitor.visitFile(KeYParserBaseVisitor.java:23)
	at de.uka.ilkd.key.nparser.KeYParser$FileContext.accept(KeYParser.java:306)
	at de.uka.ilkd.key.nparser.KeyAst.accept(KeyAst.java:41)
	at de.uka.ilkd.key.nparser.KeyAst$File.getIncludes(KeyAst.java:76)
	at de.uka.ilkd.key.proof.io.KeYFile.readIncludes(KeYFile.java:208)
	... 14 more
Exception in thread "main" org.opentest4j.AssertionFailedError: Exception during the execution of proofs. See log for more details.
	at org.junit.jupiter.api.AssertionUtils.fail(AssertionUtils.java:39)
	at org.junit.jupiter.api.Assertions.fail(Assertions.java:134)
	at de.uka.ilkd.key.proof.runallproofs.proofcollection.ForkedTestFileRunner.main(ForkedTestFileRunner.java:192)
Timeout watcher launched (1000 secs.)
Could not find rule file rules/intRulesCheckedSemantics.key (file: /home/runner/work/key/key/key.core/../key.ui/examples/index/../InformationFlow/SimpleEvoting/simple_evoting.Environment(simple_evoting.Environment__untrustedOutputMessage((B)).JML normal_behavior operation contract.0.key; caused by: de.uka.ilkd.key.proof.init.ProofInputException: Could not find rule file rules/intRulesCheckedSemantics.key)
	at de.uka.ilkd.key.control.AbstractUserInterfaceControl.load(AbstractUserInterfaceControl.java:221)
	at de.uka.ilkd.key.control.KeYEnvironment.load(KeYEnvironment.java:251)
	at de.uka.ilkd.key.control.KeYEnvironment.load(KeYEnvironment.java:224)
	at de.uka.ilkd.key.control.KeYEnvironment.load(KeYEnvironment.java:184)
	at de.uka.ilkd.key.control.KeYEnvironment.load(KeYEnvironment.java:261)
	at de.uka.ilkd.key.proof.runallproofs.proofcollection.TestFile.load(TestFile.java:270)
	at de.uka.ilkd.key.proof.runallproofs.proofcollection.TestFile.runKey(TestFile.java:160)
	at de.uka.ilkd.key.proof.runallproofs.proofcollection.ForkedTestFileRunner.main(ForkedTestFileRunner.java:171)
Caused by: de.uka.ilkd.key.proof.init.ProofInputException: Could not find rule file rules/intRulesCheckedSemantics.key
	at de.uka.ilkd.key.proof.io.KeYFile.readIncludes(KeYFile.java:210)
	at de.uka.ilkd.key.proof.init.ProblemInitializer.readIncludes(ProblemInitializer.java:177)
	at de.uka.ilkd.key.proof.init.ProblemInitializer.readEnvInput(ProblemInitializer.java:325)
	at de.uka.ilkd.key.proof.init.ProblemInitializer.prepare(ProblemInitializer.java:449)
	at de.uka.ilkd.key.proof.io.AbstractProblemLoader.createInitConfig(AbstractProblemLoader.java:518)
	at de.uka.ilkd.key.proof.io.AbstractProblemLoader.loadEnvironment(AbstractProblemLoader.java:288)
	at de.uka.ilkd.key.proof.io.AbstractProblemLoader.load(AbstractProblemLoader.java:252)
	at de.uka.ilkd.key.control.AbstractUserInterfaceControl.load(AbstractUserInterfaceControl.java:209)
	... 7 more
Caused by: java.lang.RuntimeException: Could not find rule file rules/intRulesCheckedSemantics.key
	at de.uka.ilkd.key.proof.io.RuleSourceFactory.fromBuiltInRule(RuleSourceFactory.java:32)
	at de.uka.ilkd.key.proof.io.RuleSourceFactory.fromDefaultLocation(RuleSourceFactory.java:21)
	at de.uka.ilkd.key.nparser.builder.IncludeFinder.addInclude(IncludeFinder.java:63)
	at de.uka.ilkd.key.nparser.builder.IncludeFinder.visitOne_include(IncludeFinder.java:43)
	at de.uka.ilkd.key.nparser.builder.IncludeFinder.visitOne_include(IncludeFinder.java:20)
	at de.uka.ilkd.key.nparser.KeYParser$One_includeContext.accept(KeYParser.java:878)
	at de.uka.ilkd.key.nparser.builder.AbstractBuilder.lambda$mapOf$0(AbstractBuilder.java:112)
	at java.base/java.util.stream.ReferencePipeline$3$1.accept(ReferencePipeline.java:195)
	at java.base/java.util.ArrayList$ArrayListSpliterator.forEachRemaining(ArrayList.java:1655)
	at java.base/java.util.stream.AbstractPipeline.copyInto(AbstractPipeline.java:484)
	at java.base/java.util.stream.AbstractPipeline.wrapAndCopyInto(AbstractPipeline.java:474)
	at java.base/java.util.stream.ReduceOps$ReduceOp.evaluateSequential(ReduceOps.java:913)
	at java.base/java.util.stream.AbstractPipeline.evaluate(AbstractPipeline.java:234)
	at java.base/java.util.stream.ReferencePipeline.collect(ReferencePipeline.java:578)
	at de.uka.ilkd.key.nparser.builder.AbstractBuilder.mapOf(AbstractBuilder.java:112)
	at de.uka.ilkd.key.nparser.builder.IncludeFinder.visitOne_include_statement(IncludeFinder.java:35)
	at de.uka.ilkd.key.nparser.builder.IncludeFinder.visitOne_include_statement(IncludeFinder.java:20)
	at de.uka.ilkd.key.nparser.KeYParser$One_include_statementContext.accept(KeYParser.java:802)
	at org.antlr.v4.runtime.tree.AbstractParseTreeVisitor.visitChildren(AbstractParseTreeVisitor.java:46)
	at de.uka.ilkd.key.nparser.KeYParserBaseVisitor.visitDecls(KeYParserBaseVisitor.java:30)
	at de.uka.ilkd.key.nparser.KeYParser$DeclsContext.accept(KeYParser.java:500)
	at org.antlr.v4.runtime.tree.AbstractParseTreeVisitor.visitChildren(AbstractParseTreeVisitor.java:46)
	at de.uka.ilkd.key.nparser.KeYParserBaseVisitor.visitFile(KeYParserBaseVisitor.java:23)
	at de.uka.ilkd.key.nparser.KeYParser$FileContext.accept(KeYParser.java:306)
	at de.uka.ilkd.key.nparser.KeyAst.accept(KeyAst.java:41)
	at de.uka.ilkd.key.nparser.KeyAst$File.getIncludes(KeyAst.java:76)
	at de.uka.ilkd.key.proof.io.KeYFile.readIncludes(KeYFile.java:208)
	... 14 more
Could not find rule file rules/intRulesCheckedSemantics.key (file: /home/runner/work/key/key/key.core/../key.ui/examples/index/../InformationFlow/SimpleEvoting/simple_evoting.Environment(simple_evoting.Environment__untrustedInputMessage((B)).JML normal_behavior operation contract.0.key; caused by: de.uka.ilkd.key.proof.init.ProofInputException: Could not find rule file rules/intRulesCheckedSemantics.key)
	at de.uka.ilkd.key.control.AbstractUserInterfaceControl.load(AbstractUserInterfaceControl.java:221)
	at de.uka.ilkd.key.control.KeYEnvironment.load(KeYEnvironment.java:251)
	at de.uka.ilkd.key.control.KeYEnvironment.load(KeYEnvironment.java:224)
	at de.uka.ilkd.key.control.KeYEnvironment.load(KeYEnvironment.java:184)
	at de.uka.ilkd.key.control.KeYEnvironment.load(KeYEnvironment.java:261)
	at de.uka.ilkd.key.proof.runallproofs.proofcollection.TestFile.load(TestFile.java:270)
	at de.uka.ilkd.key.proof.runallproofs.proofcollection.TestFile.runKey(TestFile.java:160)
	at de.uka.ilkd.key.proof.runallproofs.proofcollection.ForkedTestFileRunner.main(ForkedTestFileRunner.java:171)
Caused by: de.uka.ilkd.key.proof.init.ProofInputException: Could not find rule file rules/intRulesCheckedSemantics.key
	at de.uka.ilkd.key.proof.io.KeYFile.readIncludes(KeYFile.java:210)
	at de.uka.ilkd.key.proof.init.ProblemInitializer.readIncludes(ProblemInitializer.java:177)
	at de.uka.ilkd.key.proof.init.ProblemInitializer.readEnvInput(ProblemInitializer.java:325)
	at de.uka.ilkd.key.proof.init.ProblemInitializer.prepare(ProblemInitializer.java:449)
	at de.uka.ilkd.key.proof.io.AbstractProblemLoader.createInitConfig(AbstractProblemLoader.java:518)
	at de.uka.ilkd.key.proof.io.AbstractProblemLoader.loadEnvironment(AbstractProblemLoader.java:288)
	at de.uka.ilkd.key.proof.io.AbstractProblemLoader.load(AbstractProblemLoader.java:252)
	at de.uka.ilkd.key.control.AbstractUserInterfaceControl.load(AbstractUserInterfaceControl.java:209)
	... 7 more
Caused by: java.lang.RuntimeException: Could not find rule file rules/intRulesCheckedSemantics.key
	at de.uka.ilkd.key.proof.io.RuleSourceFactory.fromBuiltInRule(RuleSourceFactory.java:32)
	at de.uka.ilkd.key.proof.io.RuleSourceFactory.fromDefaultLocation(RuleSourceFactory.java:21)
	at de.uka.ilkd.key.nparser.builder.IncludeFinder.addInclude(IncludeFinder.java:63)
	at de.uka.ilkd.key.nparser.builder.IncludeFinder.visitOne_include(IncludeFinder.java:43)
	at de.uka.ilkd.key.nparser.builder.IncludeFinder.visitOne_include(IncludeFinder.java:20)
	at de.uka.ilkd.key.nparser.KeYParser$One_includeContext.accept(KeYParser.java:878)
	at de.uka.ilkd.key.nparser.builder.AbstractBuilder.lambda$mapOf$0(AbstractBuilder.java:112)
	at java.base/java.util.stream.ReferencePipeline$3$1.accept(ReferencePipeline.java:195)
	at java.base/java.util.ArrayList$ArrayListSpliterator.forEachRemaining(ArrayList.java:1655)
	at java.base/java.util.stream.AbstractPipeline.copyInto(AbstractPipeline.java:484)
	at java.base/java.util.stream.AbstractPipeline.wrapAndCopyInto(AbstractPipeline.java:474)
	at java.base/java.util.stream.ReduceOps$ReduceOp.evaluateSequential(ReduceOps.java:913)
	at java.base/java.util.stream.AbstractPipeline.evaluate(AbstractPipeline.java:234)
	at java.base/java.util.stream.ReferencePipeline.collect(ReferencePipeline.java:578)
	at de.uka.ilkd.key.nparser.builder.AbstractBuilder.mapOf(AbstractBuilder.java:112)
	at de.uka.ilkd.key.nparser.builder.IncludeFinder.visitOne_include_statement(IncludeFinder.java:35)
	at de.uka.ilkd.key.nparser.builder.IncludeFinder.visitOne_include_statement(IncludeFinder.java:20)
	at de.uka.ilkd.key.nparser.KeYParser$One_include_statementContext.accept(KeYParser.java:802)
	at org.antlr.v4.runtime.tree.AbstractParseTreeVisitor.visitChildren(AbstractParseTreeVisitor.java:46)
	at de.uka.ilkd.key.nparser.KeYParserBaseVisitor.visitDecls(KeYParserBaseVisitor.java:30)
	at de.uka.ilkd.key.nparser.KeYParser$DeclsContext.accept(KeYParser.java:500)
	at org.antlr.v4.runtime.tree.AbstractParseTreeVisitor.visitChildren(AbstractParseTreeVisitor.java:46)
	at de.uka.ilkd.key.nparser.KeYParserBaseVisitor.visitFile(KeYParserBaseVisitor.java:23)
	at de.uka.ilkd.key.nparser.KeYParser$FileContext.accept(KeYParser.java:306)
	at de.uka.ilkd.key.nparser.KeyAst.accept(KeyAst.java:41)
	at de.uka.ilkd.key.nparser.KeyAst$File.getIncludes(KeyAst.java:76)
	at de.uka.ilkd.key.proof.io.KeYFile.readIncludes(KeYFile.java:208)
	... 14 more
Could not find rule file rules/intRulesCheckedSemantics.key (file: /home/runner/work/key/key/key.core/../key.ui/examples/index/../InformationFlow/SimpleEvoting/simple_evoting.Environment(simple_evoting.Environment__untrustedInputMessage()).JML normal_behavior operation contract.0.key; caused by: de.uka.ilkd.key.proof.init.ProofInputException: Could not find rule file rules/intRulesCheckedSemantics.key)
	at de.uka.ilkd.key.control.AbstractUserInterfaceControl.load(AbstractUserInterfaceControl.java:221)
	at de.uka.ilkd.key.control.KeYEnvironment.load(KeYEnvironment.java:251)
	at de.uka.ilkd.key.control.KeYEnvironment.load(KeYEnvironment.java:224)
	at de.uka.ilkd.key.control.KeYEnvironment.load(KeYEnvironment.java:184)
	at de.uka.ilkd.key.control.KeYEnvironment.load(KeYEnvironment.java:261)
	at de.uka.ilkd.key.proof.runallproofs.proofcollection.TestFile.load(TestFile.java:270)
	at de.uka.ilkd.key.proof.runallproofs.proofcollection.TestFile.runKey(TestFile.java:160)
	at de.uka.ilkd.key.proof.runallproofs.proofcollection.ForkedTestFileRunner.main(ForkedTestFileRunner.java:171)
Caused by: de.uka.ilkd.key.proof.init.ProofInputException: Could not find rule file rules/intRulesCheckedSemantics.key
	at de.uka.ilkd.key.proof.io.KeYFile.readIncludes(KeYFile.java:210)
	at de.uka.ilkd.key.proof.init.ProblemInitializer.readIncludes(ProblemInitializer.java:177)
	at de.uka.ilkd.key.proof.init.ProblemInitializer.readEnvInput(ProblemInitializer.java:325)
	at de.uka.ilkd.key.proof.init.ProblemInitializer.prepare(ProblemInitializer.java:449)
	at de.uka.ilkd.key.proof.io.AbstractProblemLoader.createInitConfig(AbstractProblemLoader.java:518)
	at de.uka.ilkd.key.proof.io.AbstractProblemLoader.loadEnvironment(AbstractProblemLoader.java:288)
	at de.uka.ilkd.key.proof.io.AbstractProblemLoader.load(AbstractProblemLoader.java:252)
	at de.uka.ilkd.key.control.AbstractUserInterfaceControl.load(AbstractUserInterfaceControl.java:209)
	... 7 more
Caused by: java.lang.RuntimeException: Could not find rule file rules/intRulesCheckedSemantics.key
	at de.uka.ilkd.key.proof.io.RuleSourceFactory.fromBuiltInRule(RuleSourceFactory.java:32)
	at de.uka.ilkd.key.proof.io.RuleSourceFactory.fromDefaultLocation(RuleSourceFactory.java:21)
	at de.uka.ilkd.key.nparser.builder.IncludeFinder.addInclude(IncludeFinder.java:63)
	at de.uka.ilkd.key.nparser.builder.IncludeFinder.visitOne_include(IncludeFinder.java:43)
	at de.uka.ilkd.key.nparser.builder.IncludeFinder.visitOne_include(IncludeFinder.java:20)
	at de.uka.ilkd.key.nparser.KeYParser$One_includeContext.accept(KeYParser.java:878)
	at de.uka.ilkd.key.nparser.builder.AbstractBuilder.lambda$mapOf$0(AbstractBuilder.java:112)
	at java.base/java.util.stream.ReferencePipeline$3$1.accept(ReferencePipeline.java:195)
	at java.base/java.util.ArrayList$ArrayListSpliterator.forEachRemaining(ArrayList.java:1655)
	at java.base/java.util.stream.AbstractPipeline.copyInto(AbstractPipeline.java:484)
	at java.base/java.util.stream.AbstractPipeline.wrapAndCopyInto(AbstractPipeline.java:474)
	at java.base/java.util.stream.ReduceOps$ReduceOp.evaluateSequential(ReduceOps.java:913)
	at java.base/java.util.stream.AbstractPipeline.evaluate(AbstractPipeline.java:234)
	at java.base/java.util.stream.ReferencePipeline.collect(ReferencePipeline.java:578)
	at de.uka.ilkd.key.nparser.builder.AbstractBuilder.mapOf(AbstractBuilder.java:112)
	at de.uka.ilkd.key.nparser.builder.IncludeFinder.visitOne_include_statement(IncludeFinder.java:35)
	at de.uka.ilkd.key.nparser.builder.IncludeFinder.visitOne_include_statement(IncludeFinder.java:20)
	at de.uka.ilkd.key.nparser.KeYParser$One_include_statementContext.accept(KeYParser.java:802)
	at org.antlr.v4.runtime.tree.AbstractParseTreeVisitor.visitChildren(AbstractParseTreeVisitor.java:46)
	at de.uka.ilkd.key.nparser.KeYParserBaseVisitor.visitDecls(KeYParserBaseVisitor.java:30)
	at de.uka.ilkd.key.nparser.KeYParser$DeclsContext.accept(KeYParser.java:500)
	at org.antlr.v4.runtime.tree.AbstractParseTreeVisitor.visitChildren(AbstractParseTreeVisitor.java:46)
	at de.uka.ilkd.key.nparser.KeYParserBaseVisitor.visitFile(KeYParserBaseVisitor.java:23)
	at de.uka.ilkd.key.nparser.KeYParser$FileContext.accept(KeYParser.java:306)
	at de.uka.ilkd.key.nparser.KeyAst.accept(KeyAst.java:41)
	at de.uka.ilkd.key.nparser.KeyAst$File.getIncludes(KeyAst.java:76)
	at de.uka.ilkd.key.proof.io.KeYFile.readIncludes(KeYFile.java:208)
	... 14 more
Could not find rule file rules/intRulesCheckedSemantics.key (file: /home/runner/work/key/key/key.core/../key.ui/examples/index/../InformationFlow/SimpleEvoting/simple_evoting.Environment(simple_evoting.Environment__untrustedOutput(int)).JML normal_behavior operation contract.0.key; caused by: de.uka.ilkd.key.proof.init.ProofInputException: Could not find rule file rules/intRulesCheckedSemantics.key)
	at de.uka.ilkd.key.control.AbstractUserInterfaceControl.load(AbstractUserInterfaceControl.java:221)
	at de.uka.ilkd.key.control.KeYEnvironment.load(KeYEnvironment.java:251)
	at de.uka.ilkd.key.control.KeYEnvironment.load(KeYEnvironment.java:224)
	at de.uka.ilkd.key.control.KeYEnvironment.load(KeYEnvironment.java:184)
	at de.uka.ilkd.key.control.KeYEnvironment.load(KeYEnvironment.java:261)
	at de.uka.ilkd.key.proof.runallproofs.proofcollection.TestFile.load(TestFile.java:270)
	at de.uka.ilkd.key.proof.runallproofs.proofcollection.TestFile.runKey(TestFile.java:160)
	at de.uka.ilkd.key.proof.runallproofs.proofcollection.ForkedTestFileRunner.main(ForkedTestFileRunner.java:171)
Caused by: de.uka.ilkd.key.proof.init.ProofInputException: Could not find rule file rules/intRulesCheckedSemantics.key
	at de.uka.ilkd.key.proof.io.KeYFile.readIncludes(KeYFile.java:210)
	at de.uka.ilkd.key.proof.init.ProblemInitializer.readIncludes(ProblemInitializer.java:177)
	at de.uka.ilkd.key.proof.init.ProblemInitializer.readEnvInput(ProblemInitializer.java:325)
	at de.uka.ilkd.key.proof.init.ProblemInitializer.prepare(ProblemInitializer.java:449)
	at de.uka.ilkd.key.proof.io.AbstractProblemLoader.createInitConfig(AbstractProblemLoader.java:518)
	at de.uka.ilkd.key.proof.io.AbstractProblemLoader.loadEnvironment(AbstractProblemLoader.java:288)
	at de.uka.ilkd.key.proof.io.AbstractProblemLoader.load(AbstractProblemLoader.java:252)
	at de.uka.ilkd.key.control.AbstractUserInterfaceControl.load(AbstractUserInterfaceControl.java:209)
	... 7 more
Caused by: java.lang.RuntimeException: Could not find rule file rules/intRulesCheckedSemantics.key
	at de.uka.ilkd.key.proof.io.RuleSourceFactory.fromBuiltInRule(RuleSourceFactory.java:32)
	at de.uka.ilkd.key.proof.io.RuleSourceFactory.fromDefaultLocation(RuleSourceFactory.java:21)
	at de.uka.ilkd.key.nparser.builder.IncludeFinder.addInclude(IncludeFinder.java:63)
	at de.uka.ilkd.key.nparser.builder.IncludeFinder.visitOne_include(IncludeFinder.java:43)
	at de.uka.ilkd.key.nparser.builder.IncludeFinder.visitOne_include(IncludeFinder.java:20)
	at de.uka.ilkd.key.nparser.KeYParser$One_includeContext.accept(KeYParser.java:878)
	at de.uka.ilkd.key.nparser.builder.AbstractBuilder.lambda$mapOf$0(AbstractBuilder.java:112)
	at java.base/java.util.stream.ReferencePipeline$3$1.accept(ReferencePipeline.java:195)
	at java.base/java.util.ArrayList$ArrayListSpliterator.forEachRemaining(ArrayList.java:1655)
	at java.base/java.util.stream.AbstractPipeline.copyInto(AbstractPipeline.java:484)
	at java.base/java.util.stream.AbstractPipeline.wrapAndCopyInto(AbstractPipeline.java:474)
	at java.base/java.util.stream.ReduceOps$ReduceOp.evaluateSequential(ReduceOps.java:913)
	at java.base/java.util.stream.AbstractPipeline.evaluate(AbstractPipeline.java:234)
	at java.base/java.util.stream.ReferencePipeline.collect(ReferencePipeline.java:578)
	at de.uka.ilkd.key.nparser.builder.AbstractBuilder.mapOf(AbstractBuilder.java:112)
	at de.uka.ilkd.key.nparser.builder.IncludeFinder.visitOne_include_statement(IncludeFinder.java:35)
	at de.uka.ilkd.key.nparser.builder.IncludeFinder.visitOne_include_statement(IncludeFinder.java:20)
	at de.uka.ilkd.key.nparser.KeYParser$One_include_statementContext.accept(KeYParser.java:802)
	at org.antlr.v4.runtime.tree.AbstractParseTreeVisitor.visitChildren(AbstractParseTreeVisitor.java:46)
	at de.uka.ilkd.key.nparser.KeYParserBaseVisitor.visitDecls(KeYParserBaseVisitor.java:30)
	at de.uka.ilkd.key.nparser.KeYParser$DeclsContext.accept(KeYParser.java:500)
	at org.antlr.v4.runtime.tree.AbstractParseTreeVisitor.visitChildren(AbstractParseTreeVisitor.java:46)
	at de.uka.ilkd.key.nparser.KeYParserBaseVisitor.visitFile(KeYParserBaseVisitor.java:23)
	at de.uka.ilkd.key.nparser.KeYParser$FileContext.accept(KeYParser.java:306)
	at de.uka.ilkd.key.nparser.KeyAst.accept(KeyAst.java:41)
	at de.uka.ilkd.key.nparser.KeyAst$File.getIncludes(KeyAst.java:76)
	at de.uka.ilkd.key.proof.io.KeYFile.readIncludes(KeYFile.java:208)
	... 14 more
Could not find rule file rules/intRulesCheckedSemantics.key (file: /home/runner/work/key/key/key.core/../key.ui/examples/index/../InformationFlow/SimpleEvoting/simple_evoting.Environment(simple_evoting.Environment__untrustedInput(int)).JML normal_behavior operation contract.0.key; caused by: de.uka.ilkd.key.proof.init.ProofInputException: Could not find rule file rules/intRulesCheckedSemantics.key)
	at de.uka.ilkd.key.control.AbstractUserInterfaceControl.load(AbstractUserInterfaceControl.java:221)
	at de.uka.ilkd.key.control.KeYEnvironment.load(KeYEnvironment.java:251)
	at de.uka.ilkd.key.control.KeYEnvironment.load(KeYEnvironment.java:224)
	at de.uka.ilkd.key.control.KeYEnvironment.load(KeYEnvironment.java:184)
	at de.uka.ilkd.key.control.KeYEnvironment.load(KeYEnvironment.java:261)
	at de.uka.ilkd.key.proof.runallproofs.proofcollection.TestFile.load(TestFile.java:270)
	at de.uka.ilkd.key.proof.runallproofs.proofcollection.TestFile.runKey(TestFile.java:160)
	at de.uka.ilkd.key.proof.runallproofs.proofcollection.ForkedTestFileRunner.main(ForkedTestFileRunner.java:171)
Caused by: de.uka.ilkd.key.proof.init.ProofInputException: Could not find rule file rules/intRulesCheckedSemantics.key
	at de.uka.ilkd.key.proof.io.KeYFile.readIncludes(KeYFile.java:210)
	at de.uka.ilkd.key.proof.init.ProblemInitializer.readIncludes(ProblemInitializer.java:177)
	at de.uka.ilkd.key.proof.init.ProblemInitializer.readEnvInput(ProblemInitializer.java:325)
	at de.uka.ilkd.key.proof.init.ProblemInitializer.prepare(ProblemInitializer.java:449)
	at de.uka.ilkd.key.proof.io.AbstractProblemLoader.createInitConfig(AbstractProblemLoader.java:518)
	at de.uka.ilkd.key.proof.io.AbstractProblemLoader.loadEnvironment(AbstractProblemLoader.java:288)
	at de.uka.ilkd.key.proof.io.AbstractProblemLoader.load(AbstractProblemLoader.java:252)
	at de.uka.ilkd.key.control.AbstractUserInterfaceControl.load(AbstractUserInterfaceControl.java:209)
	... 7 more
Caused by: java.lang.RuntimeException: Could not find rule file rules/intRulesCheckedSemantics.key
	at de.uka.ilkd.key.proof.io.RuleSourceFactory.fromBuiltInRule(RuleSourceFactory.java:32)
	at de.uka.ilkd.key.proof.io.RuleSourceFactory.fromDefaultLocation(RuleSourceFactory.java:21)
	at de.uka.ilkd.key.nparser.builder.IncludeFinder.addInclude(IncludeFinder.java:63)
	at de.uka.ilkd.key.nparser.builder.IncludeFinder.visitOne_include(IncludeFinder.java:43)
	at de.uka.ilkd.key.nparser.builder.IncludeFinder.visitOne_include(IncludeFinder.java:20)
	at de.uka.ilkd.key.nparser.KeYParser$One_includeContext.accept(KeYParser.java:878)
	at de.uka.ilkd.key.nparser.builder.AbstractBuilder.lambda$mapOf$0(AbstractBuilder.java:112)
	at java.base/java.util.stream.ReferencePipeline$3$1.accept(ReferencePipeline.java:195)
	at java.base/java.util.ArrayList$ArrayListSpliterator.forEachRemaining(ArrayList.java:1655)
	at java.base/java.util.stream.AbstractPipeline.copyInto(AbstractPipeline.java:484)
	at java.base/java.util.stream.AbstractPipeline.wrapAndCopyInto(AbstractPipeline.java:474)
	at java.base/java.util.stream.ReduceOps$ReduceOp.evaluateSequential(ReduceOps.java:913)
	at java.base/java.util.stream.AbstractPipeline.evaluate(AbstractPipeline.java:234)
	at java.base/java.util.stream.ReferencePipeline.collect(ReferencePipeline.java:578)
	at de.uka.ilkd.key.nparser.builder.AbstractBuilder.mapOf(AbstractBuilder.java:112)
	at de.uka.ilkd.key.nparser.builder.IncludeFinder.visitOne_include_statement(IncludeFinder.java:35)
	at de.uka.ilkd.key.nparser.builder.IncludeFinder.visitOne_include_statement(IncludeFinder.java:20)
	at de.uka.ilkd.key.nparser.KeYParser$One_include_statementContext.accept(KeYParser.java:802)
	at org.antlr.v4.runtime.tree.AbstractParseTreeVisitor.visitChildren(AbstractParseTreeVisitor.java:46)
	at de.uka.ilkd.key.nparser.KeYParserBaseVisitor.visitDecls(KeYParserBaseVisitor.java:30)
	at de.uka.ilkd.key.nparser.KeYParser$DeclsContext.accept(KeYParser.java:500)
	at org.antlr.v4.runtime.tree.AbstractParseTreeVisitor.visitChildren(AbstractParseTreeVisitor.java:46)
	at de.uka.ilkd.key.nparser.KeYParserBaseVisitor.visitFile(KeYParserBaseVisitor.java:23)
	at de.uka.ilkd.key.nparser.KeYParser$FileContext.accept(KeYParser.java:306)
	at de.uka.ilkd.key.nparser.KeyAst.accept(KeyAst.java:41)
	at de.uka.ilkd.key.nparser.KeyAst$File.getIncludes(KeyAst.java:76)
	at de.uka.ilkd.key.proof.io.KeYFile.readIncludes(KeYFile.java:208)
	... 14 more
Could not find rule file rules/intRulesCheckedSemantics.key (file: /home/runner/work/key/key/key.core/../key.ui/examples/index/../InformationFlow/SimpleEvoting/simple_evoting.Environment(simple_evoting.Environment__untrustedInput()).JML normal_behavior operation contract.0.key; caused by: de.uka.ilkd.key.proof.init.ProofInputException: Could not find rule file rules/intRulesCheckedSemantics.key)
	at de.uka.ilkd.key.control.AbstractUserInterfaceControl.load(AbstractUserInterfaceControl.java:221)
	at de.uka.ilkd.key.control.KeYEnvironment.load(KeYEnvironment.java:251)
	at de.uka.ilkd.key.control.KeYEnvironment.load(KeYEnvironment.java:224)
	at de.uka.ilkd.key.control.KeYEnvironment.load(KeYEnvironment.java:184)
	at de.uka.ilkd.key.control.KeYEnvironment.load(KeYEnvironment.java:261)
	at de.uka.ilkd.key.proof.runallproofs.proofcollection.TestFile.load(TestFile.java:270)
	at de.uka.ilkd.key.proof.runallproofs.proofcollection.TestFile.runKey(TestFile.java:160)
	at de.uka.ilkd.key.proof.runallproofs.proofcollection.ForkedTestFileRunner.main(ForkedTestFileRunner.java:171)
Caused by: de.uka.ilkd.key.proof.init.ProofInputException: Could not find rule file rules/intRulesCheckedSemantics.key
	at de.uka.ilkd.key.proof.io.KeYFile.readIncludes(KeYFile.java:210)
	at de.uka.ilkd.key.proof.init.ProblemInitializer.readIncludes(ProblemInitializer.java:177)
	at de.uka.ilkd.key.proof.init.ProblemInitializer.readEnvInput(ProblemInitializer.java:325)
	at de.uka.ilkd.key.proof.init.ProblemInitializer.prepare(ProblemInitializer.java:449)
	at de.uka.ilkd.key.proof.io.AbstractProblemLoader.createInitConfig(AbstractProblemLoader.java:518)
	at de.uka.ilkd.key.proof.io.AbstractProblemLoader.loadEnvironment(AbstractProblemLoader.java:288)
	at de.uka.ilkd.key.proof.io.AbstractProblemLoader.load(AbstractProblemLoader.java:252)
	at de.uka.ilkd.key.control.AbstractUserInterfaceControl.load(AbstractUserInterfaceControl.java:209)
	... 7 more
Caused by: java.lang.RuntimeException: Could not find rule file rules/intRulesCheckedSemantics.key
	at de.uka.ilkd.key.proof.io.RuleSourceFactory.fromBuiltInRule(RuleSourceFactory.java:32)
	at de.uka.ilkd.key.proof.io.RuleSourceFactory.fromDefaultLocation(RuleSourceFactory.java:21)
	at de.uka.ilkd.key.nparser.builder.IncludeFinder.addInclude(IncludeFinder.java:63)
	at de.uka.ilkd.key.nparser.builder.IncludeFinder.visitOne_include(IncludeFinder.java:43)
	at de.uka.ilkd.key.nparser.builder.IncludeFinder.visitOne_include(IncludeFinder.java:20)
	at de.uka.ilkd.key.nparser.KeYParser$One_includeContext.accept(KeYParser.java:878)
	at de.uka.ilkd.key.nparser.builder.AbstractBuilder.lambda$mapOf$0(AbstractBuilder.java:112)
	at java.base/java.util.stream.ReferencePipeline$3$1.accept(ReferencePipeline.java:195)
	at java.base/java.util.ArrayList$ArrayListSpliterator.forEachRemaining(ArrayList.java:1655)
	at java.base/java.util.stream.AbstractPipeline.copyInto(AbstractPipeline.java:484)
	at java.base/java.util.stream.AbstractPipeline.wrapAndCopyInto(AbstractPipeline.java:474)
	at java.base/java.util.stream.ReduceOps$ReduceOp.evaluateSequential(ReduceOps.java:913)
	at java.base/java.util.stream.AbstractPipeline.evaluate(AbstractPipeline.java:234)
	at java.base/java.util.stream.ReferencePipeline.collect(ReferencePipeline.java:578)
	at de.uka.ilkd.key.nparser.builder.AbstractBuilder.mapOf(AbstractBuilder.java:112)
	at de.uka.ilkd.key.nparser.builder.IncludeFinder.visitOne_include_statement(IncludeFinder.java:35)
	at de.uka.ilkd.key.nparser.builder.IncludeFinder.visitOne_include_statement(IncludeFinder.java:20)
	at de.uka.ilkd.key.nparser.KeYParser$One_include_statementContext.accept(KeYParser.java:802)
	at org.antlr.v4.runtime.tree.AbstractParseTreeVisitor.visitChildren(AbstractParseTreeVisitor.java:46)
	at de.uka.ilkd.key.nparser.KeYParserBaseVisitor.visitDecls(KeYParserBaseVisitor.java:30)
	at de.uka.ilkd.key.nparser.KeYParser$DeclsContext.accept(KeYParser.java:500)
	at org.antlr.v4.runtime.tree.AbstractParseTreeVisitor.visitChildren(AbstractParseTreeVisitor.java:46)
	at de.uka.ilkd.key.nparser.KeYParserBaseVisitor.visitFile(KeYParserBaseVisitor.java:23)
	at de.uka.ilkd.key.nparser.KeYParser$FileContext.accept(KeYParser.java:306)
	at de.uka.ilkd.key.nparser.KeyAst.accept(KeyAst.java:41)
	at de.uka.ilkd.key.nparser.KeyAst$File.getIncludes(KeyAst.java:76)
	at de.uka.ilkd.key.proof.io.KeYFile.readIncludes(KeYFile.java:208)
	... 14 more
Could not find rule file rules/intRulesCheckedSemantics.key (file: /home/runner/work/key/key/key.core/../key.ui/examples/index/../InformationFlow/SimpleEvoting/simple_evoting.Environment(simple_evoting.Environment___rep()).JML accessible clause.0.key; caused by: de.uka.ilkd.key.proof.init.ProofInputException: Could not find rule file rules/intRulesCheckedSemantics.key)
	at de.uka.ilkd.key.control.AbstractUserInterfaceControl.load(AbstractUserInterfaceControl.java:221)
	at de.uka.ilkd.key.control.KeYEnvironment.load(KeYEnvironment.java:251)
	at de.uka.ilkd.key.control.KeYEnvironment.load(KeYEnvironment.java:224)
	at de.uka.ilkd.key.control.KeYEnvironment.load(KeYEnvironment.java:184)
	at de.uka.ilkd.key.control.KeYEnvironment.load(KeYEnvironment.java:261)
	at de.uka.ilkd.key.proof.runallproofs.proofcollection.TestFile.load(TestFile.java:270)
	at de.uka.ilkd.key.proof.runallproofs.proofcollection.TestFile.runKey(TestFile.java:160)
	at de.uka.ilkd.key.proof.runallproofs.proofcollection.ForkedTestFileRunner.main(ForkedTestFileRunner.java:171)
Caused by: de.uka.ilkd.key.proof.init.ProofInputException: Could not find rule file rules/intRulesCheckedSemantics.key
	at de.uka.ilkd.key.proof.io.KeYFile.readIncludes(KeYFile.java:210)
	at de.uka.ilkd.key.proof.init.ProblemInitializer.readIncludes(ProblemInitializer.java:177)
	at de.uka.ilkd.key.proof.init.ProblemInitializer.readEnvInput(ProblemInitializer.java:325)
	at de.uka.ilkd.key.proof.init.ProblemInitializer.prepare(ProblemInitializer.java:449)
	at de.uka.ilkd.key.proof.io.AbstractProblemLoader.createInitConfig(AbstractProblemLoader.java:518)
	at de.uka.ilkd.key.proof.io.AbstractProblemLoader.loadEnvironment(AbstractProblemLoader.java:288)
	at de.uka.ilkd.key.proof.io.AbstractProblemLoader.load(AbstractProblemLoader.java:252)
	at de.uka.ilkd.key.control.AbstractUserInterfaceControl.load(AbstractUserInterfaceControl.java:209)
	... 7 more
Caused by: java.lang.RuntimeException: Could not find rule file rules/intRulesCheckedSemantics.key
	at de.uka.ilkd.key.proof.io.RuleSourceFactory.fromBuiltInRule(RuleSourceFactory.java:32)
	at de.uka.ilkd.key.proof.io.RuleSourceFactory.fromDefaultLocation(RuleSourceFactory.java:21)
	at de.uka.ilkd.key.nparser.builder.IncludeFinder.addInclude(IncludeFinder.java:63)
	at de.uka.ilkd.key.nparser.builder.IncludeFinder.visitOne_include(IncludeFinder.java:43)
	at de.uka.ilkd.key.nparser.builder.IncludeFinder.visitOne_include(IncludeFinder.java:20)
	at de.uka.ilkd.key.nparser.KeYParser$One_includeContext.accept(KeYParser.java:878)
	at de.uka.ilkd.key.nparser.builder.AbstractBuilder.lambda$mapOf$0(AbstractBuilder.java:112)
	at java.base/java.util.stream.ReferencePipeline$3$1.accept(ReferencePipeline.java:195)
	at java.base/java.util.ArrayList$ArrayListSpliterator.forEachRemaining(ArrayList.java:1655)
	at java.base/java.util.stream.AbstractPipeline.copyInto(AbstractPipeline.java:484)
	at java.base/java.util.stream.AbstractPipeline.wrapAndCopyInto(AbstractPipeline.java:474)
	at java.base/java.util.stream.ReduceOps$ReduceOp.evaluateSequential(ReduceOps.java:913)
	at java.base/java.util.stream.AbstractPipeline.evaluate(AbstractPipeline.java:234)
	at java.base/java.util.stream.ReferencePipeline.collect(ReferencePipeline.java:578)
	at de.uka.ilkd.key.nparser.builder.AbstractBuilder.mapOf(AbstractBuilder.java:112)
	at de.uka.ilkd.key.nparser.builder.IncludeFinder.visitOne_include_statement(IncludeFinder.java:35)
	at de.uka.ilkd.key.nparser.builder.IncludeFinder.visitOne_include_statement(IncludeFinder.java:20)
	at de.uka.ilkd.key.nparser.KeYParser$One_include_statementContext.accept(KeYParser.java:802)
	at org.antlr.v4.runtime.tree.AbstractParseTreeVisitor.visitChildren(AbstractParseTreeVisitor.java:46)
	at de.uka.ilkd.key.nparser.KeYParserBaseVisitor.visitDecls(KeYParserBaseVisitor.java:30)
	at de.uka.ilkd.key.nparser.KeYParser$DeclsContext.accept(KeYParser.java:500)
	at org.antlr.v4.runtime.tree.AbstractParseTreeVisitor.visitChildren(AbstractParseTreeVisitor.java:46)
	at de.uka.ilkd.key.nparser.KeYParserBaseVisitor.visitFile(KeYParserBaseVisitor.java:23)
	at de.uka.ilkd.key.nparser.KeYParser$FileContext.accept(KeYParser.java:306)
	at de.uka.ilkd.key.nparser.KeyAst.accept(KeyAst.java:41)
	at de.uka.ilkd.key.nparser.KeyAst$File.getIncludes(KeyAst.java:76)
	at de.uka.ilkd.key.proof.io.KeYFile.readIncludes(KeYFile.java:208)
	... 14 more
Could not find rule file rules/intRulesCheckedSemantics.key (file: /home/runner/work/key/key/key.core/../key.ui/examples/index/../InformationFlow/SimpleEvoting/simple_evoting.SMT(simple_evoting.SMT__send(simple_evoting.Message,int,simple_evoting.Server)).JML normal_behavior operation contract.1.key; caused by: de.uka.ilkd.key.proof.init.ProofInputException: Could not find rule file rules/intRulesCheckedSemantics.key)
	at de.uka.ilkd.key.control.AbstractUserInterfaceControl.load(AbstractUserInterfaceControl.java:221)
	at de.uka.ilkd.key.control.KeYEnvironment.load(KeYEnvironment.java:251)
	at de.uka.ilkd.key.control.KeYEnvironment.load(KeYEnvironment.java:224)
	at de.uka.ilkd.key.control.KeYEnvironment.load(KeYEnvironment.java:184)
	at de.uka.ilkd.key.control.KeYEnvironment.load(KeYEnvironment.java:261)
	at de.uka.ilkd.key.proof.runallproofs.proofcollection.TestFile.load(TestFile.java:270)
	at de.uka.ilkd.key.proof.runallproofs.proofcollection.TestFile.runKey(TestFile.java:160)
	at de.uka.ilkd.key.proof.runallproofs.proofcollection.ForkedTestFileRunner.main(ForkedTestFileRunner.java:171)
Caused by: de.uka.ilkd.key.proof.init.ProofInputException: Could not find rule file rules/intRulesCheckedSemantics.key
	at de.uka.ilkd.key.proof.io.KeYFile.readIncludes(KeYFile.java:210)
	at de.uka.ilkd.key.proof.init.ProblemInitializer.readIncludes(ProblemInitializer.java:177)
	at de.uka.ilkd.key.proof.init.ProblemInitializer.readEnvInput(ProblemInitializer.java:325)
	at de.uka.ilkd.key.proof.init.ProblemInitializer.prepare(ProblemInitializer.java:449)
	at de.uka.ilkd.key.proof.io.AbstractProblemLoader.createInitConfig(AbstractProblemLoader.java:518)
	at de.uka.ilkd.key.proof.io.AbstractProblemLoader.loadEnvironment(AbstractProblemLoader.java:288)
	at de.uka.ilkd.key.proof.io.AbstractProblemLoader.load(AbstractProblemLoader.java:252)
	at de.uka.ilkd.key.control.AbstractUserInterfaceControl.load(AbstractUserInterfaceControl.java:209)
	... 7 more
Caused by: java.lang.RuntimeException: Could not find rule file rules/intRulesCheckedSemantics.key
	at de.uka.ilkd.key.proof.io.RuleSourceFactory.fromBuiltInRule(RuleSourceFactory.java:32)
	at de.uka.ilkd.key.proof.io.RuleSourceFactory.fromDefaultLocation(RuleSourceFactory.java:21)
	at de.uka.ilkd.key.nparser.builder.IncludeFinder.addInclude(IncludeFinder.java:63)
	at de.uka.ilkd.key.nparser.builder.IncludeFinder.visitOne_include(IncludeFinder.java:43)
	at de.uka.ilkd.key.nparser.builder.IncludeFinder.visitOne_include(IncludeFinder.java:20)
	at de.uka.ilkd.key.nparser.KeYParser$One_includeContext.accept(KeYParser.java:878)
	at de.uka.ilkd.key.nparser.builder.AbstractBuilder.lambda$mapOf$0(AbstractBuilder.java:112)
	at java.base/java.util.stream.ReferencePipeline$3$1.accept(ReferencePipeline.java:195)
	at java.base/java.util.ArrayList$ArrayListSpliterator.forEachRemaining(ArrayList.java:1655)
	at java.base/java.util.stream.AbstractPipeline.copyInto(AbstractPipeline.java:484)
	at java.base/java.util.stream.AbstractPipeline.wrapAndCopyInto(AbstractPipeline.java:474)
	at java.base/java.util.stream.ReduceOps$ReduceOp.evaluateSequential(ReduceOps.java:913)
	at java.base/java.util.stream.AbstractPipeline.evaluate(AbstractPipeline.java:234)
	at java.base/java.util.stream.ReferencePipeline.collect(ReferencePipeline.java:578)
	at de.uka.ilkd.key.nparser.builder.AbstractBuilder.mapOf(AbstractBuilder.java:112)
	at de.uka.ilkd.key.nparser.builder.IncludeFinder.visitOne_include_statement(IncludeFinder.java:35)
	at de.uka.ilkd.key.nparser.builder.IncludeFinder.visitOne_include_statement(IncludeFinder.java:20)
	at de.uka.ilkd.key.nparser.KeYParser$One_include_statementContext.accept(KeYParser.java:802)
	at org.antlr.v4.runtime.tree.AbstractParseTreeVisitor.visitChildren(AbstractParseTreeVisitor.java:46)
	at de.uka.ilkd.key.nparser.KeYParserBaseVisitor.visitDecls(KeYParserBaseVisitor.java:30)
	at de.uka.ilkd.key.nparser.KeYParser$DeclsContext.accept(KeYParser.java:500)
	at org.antlr.v4.runtime.tree.AbstractParseTreeVisitor.visitChildren(AbstractParseTreeVisitor.java:46)
	at de.uka.ilkd.key.nparser.KeYParserBaseVisitor.visitFile(KeYParserBaseVisitor.java:23)
	at de.uka.ilkd.key.nparser.KeYParser$FileContext.accept(KeYParser.java:306)
	at de.uka.ilkd.key.nparser.KeyAst.accept(KeyAst.java:41)
	at de.uka.ilkd.key.nparser.KeyAst$File.getIncludes(KeyAst.java:76)
	at de.uka.ilkd.key.proof.io.KeYFile.readIncludes(KeYFile.java:208)
	... 14 more
Could not find rule file rules/intRulesCheckedSemantics.key (file: /home/runner/work/key/key/key.core/../key.ui/examples/index/../InformationFlow/SimpleEvoting/simple_evoting.SMT(simple_evoting.SMT__send(simple_evoting.Message,int,simple_evoting.Server)).JML normal_behavior operation contract.0.key; caused by: de.uka.ilkd.key.proof.init.ProofInputException: Could not find rule file rules/intRulesCheckedSemantics.key)
	at de.uka.ilkd.key.control.AbstractUserInterfaceControl.load(AbstractUserInterfaceControl.java:221)
	at de.uka.ilkd.key.control.KeYEnvironment.load(KeYEnvironment.java:251)
	at de.uka.ilkd.key.control.KeYEnvironment.load(KeYEnvironment.java:224)
	at de.uka.ilkd.key.control.KeYEnvironment.load(KeYEnvironment.java:184)
	at de.uka.ilkd.key.control.KeYEnvironment.load(KeYEnvironment.java:261)
	at de.uka.ilkd.key.proof.runallproofs.proofcollection.TestFile.load(TestFile.java:270)
	at de.uka.ilkd.key.proof.runallproofs.proofcollection.TestFile.runKey(TestFile.java:160)
	at de.uka.ilkd.key.proof.runallproofs.proofcollection.ForkedTestFileRunner.main(ForkedTestFileRunner.java:171)
Caused by: de.uka.ilkd.key.proof.init.ProofInputException: Could not find rule file rules/intRulesCheckedSemantics.key
	at de.uka.ilkd.key.proof.io.KeYFile.readIncludes(KeYFile.java:210)
	at de.uka.ilkd.key.proof.init.ProblemInitializer.readIncludes(ProblemInitializer.java:177)
	at de.uka.ilkd.key.proof.init.ProblemInitializer.readEnvInput(ProblemInitializer.java:325)
	at de.uka.ilkd.key.proof.init.ProblemInitializer.prepare(ProblemInitializer.java:449)
	at de.uka.ilkd.key.proof.io.AbstractProblemLoader.createInitConfig(AbstractProblemLoader.java:518)
	at de.uka.ilkd.key.proof.io.AbstractProblemLoader.loadEnvironment(AbstractProblemLoader.java:288)
	at de.uka.ilkd.key.proof.io.AbstractProblemLoader.load(AbstractProblemLoader.java:252)
	at de.uka.ilkd.key.control.AbstractUserInterfaceControl.load(AbstractUserInterfaceControl.java:209)
	... 7 more
Caused by: java.lang.RuntimeException: Could not find rule file rules/intRulesCheckedSemantics.key
	at de.uka.ilkd.key.proof.io.RuleSourceFactory.fromBuiltInRule(RuleSourceFactory.java:32)
	at de.uka.ilkd.key.proof.io.RuleSourceFactory.fromDefaultLocation(RuleSourceFactory.java:21)
	at de.uka.ilkd.key.nparser.builder.IncludeFinder.addInclude(IncludeFinder.java:63)
	at de.uka.ilkd.key.nparser.builder.IncludeFinder.visitOne_include(IncludeFinder.java:43)
	at de.uka.ilkd.key.nparser.builder.IncludeFinder.visitOne_include(IncludeFinder.java:20)
	at de.uka.ilkd.key.nparser.KeYParser$One_includeContext.accept(KeYParser.java:878)
	at de.uka.ilkd.key.nparser.builder.AbstractBuilder.lambda$mapOf$0(AbstractBuilder.java:112)
	at java.base/java.util.stream.ReferencePipeline$3$1.accept(ReferencePipeline.java:195)
	at java.base/java.util.ArrayList$ArrayListSpliterator.forEachRemaining(ArrayList.java:1655)
	at java.base/java.util.stream.AbstractPipeline.copyInto(AbstractPipeline.java:484)
	at java.base/java.util.stream.AbstractPipeline.wrapAndCopyInto(AbstractPipeline.java:474)
	at java.base/java.util.stream.ReduceOps$ReduceOp.evaluateSequential(ReduceOps.java:913)
	at java.base/java.util.stream.AbstractPipeline.evaluate(AbstractPipeline.java:234)
	at java.base/java.util.stream.ReferencePipeline.collect(ReferencePipeline.java:578)
	at de.uka.ilkd.key.nparser.builder.AbstractBuilder.mapOf(AbstractBuilder.java:112)
	at de.uka.ilkd.key.nparser.builder.IncludeFinder.visitOne_include_statement(IncludeFinder.java:35)
	at de.uka.ilkd.key.nparser.builder.IncludeFinder.visitOne_include_statement(IncludeFinder.java:20)
	at de.uka.ilkd.key.nparser.KeYParser$One_include_statementContext.accept(KeYParser.java:802)
	at org.antlr.v4.runtime.tree.AbstractParseTreeVisitor.visitChildren(AbstractParseTreeVisitor.java:46)
	at de.uka.ilkd.key.nparser.KeYParserBaseVisitor.visitDecls(KeYParserBaseVisitor.java:30)
	at de.uka.ilkd.key.nparser.KeYParser$DeclsContext.accept(KeYParser.java:500)
	at org.antlr.v4.runtime.tree.AbstractParseTreeVisitor.visitChildren(AbstractParseTreeVisitor.java:46)
	at de.uka.ilkd.key.nparser.KeYParserBaseVisitor.visitFile(KeYParserBaseVisitor.java:23)
	at de.uka.ilkd.key.nparser.KeYParser$FileContext.accept(KeYParser.java:306)
	at de.uka.ilkd.key.nparser.KeyAst.accept(KeyAst.java:41)
	at de.uka.ilkd.key.nparser.KeyAst$File.getIncludes(KeyAst.java:76)
	at de.uka.ilkd.key.proof.io.KeYFile.readIncludes(KeYFile.java:208)
	... 14 more
Could not find rule file rules/intRulesCheckedSemantics.key (file: /home/runner/work/key/key/key.core/../key.ui/examples/index/../InformationFlow/SimpleEvoting/simple_evoting.Message(java.lang.Object___inv_()).JML accessible clause.0.key; caused by: de.uka.ilkd.key.proof.init.ProofInputException: Could not find rule file rules/intRulesCheckedSemantics.key)
	at de.uka.ilkd.key.control.AbstractUserInterfaceControl.load(AbstractUserInterfaceControl.java:221)
	at de.uka.ilkd.key.control.KeYEnvironment.load(KeYEnvironment.java:251)
	at de.uka.ilkd.key.control.KeYEnvironment.load(KeYEnvironment.java:224)
	at de.uka.ilkd.key.control.KeYEnvironment.load(KeYEnvironment.java:184)
	at de.uka.ilkd.key.control.KeYEnvironment.load(KeYEnvironment.java:261)
	at de.uka.ilkd.key.proof.runallproofs.proofcollection.TestFile.load(TestFile.java:270)
	at de.uka.ilkd.key.proof.runallproofs.proofcollection.TestFile.runKey(TestFile.java:160)
	at de.uka.ilkd.key.proof.runallproofs.proofcollection.ForkedTestFileRunner.main(ForkedTestFileRunner.java:171)
Caused by: de.uka.ilkd.key.proof.init.ProofInputException: Could not find rule file rules/intRulesCheckedSemantics.key
	at de.uka.ilkd.key.proof.io.KeYFile.readIncludes(KeYFile.java:210)
	at de.uka.ilkd.key.proof.init.ProblemInitializer.readIncludes(ProblemInitializer.java:177)
	at de.uka.ilkd.key.proof.init.ProblemInitializer.readEnvInput(ProblemInitializer.java:325)
	at de.uka.ilkd.key.proof.init.ProblemInitializer.prepare(ProblemInitializer.java:449)
	at de.uka.ilkd.key.proof.io.AbstractProblemLoader.createInitConfig(AbstractProblemLoader.java:518)
	at de.uka.ilkd.key.proof.io.AbstractProblemLoader.loadEnvironment(AbstractProblemLoader.java:288)
	at de.uka.ilkd.key.proof.io.AbstractProblemLoader.load(AbstractProblemLoader.java:252)
	at de.uka.ilkd.key.control.AbstractUserInterfaceControl.load(AbstractUserInterfaceControl.java:209)
	... 7 more
Caused by: java.lang.RuntimeException: Could not find rule file rules/intRulesCheckedSemantics.key
	at de.uka.ilkd.key.proof.io.RuleSourceFactory.fromBuiltInRule(RuleSourceFactory.java:32)
	at de.uka.ilkd.key.proof.io.RuleSourceFactory.fromDefaultLocation(RuleSourceFactory.java:21)
	at de.uka.ilkd.key.nparser.builder.IncludeFinder.addInclude(IncludeFinder.java:63)
	at de.uka.ilkd.key.nparser.builder.IncludeFinder.visitOne_include(IncludeFinder.java:43)
	at de.uka.ilkd.key.nparser.builder.IncludeFinder.visitOne_include(IncludeFinder.java:20)
	at de.uka.ilkd.key.nparser.KeYParser$One_includeContext.accept(KeYParser.java:878)
	at de.uka.ilkd.key.nparser.builder.AbstractBuilder.lambda$mapOf$0(AbstractBuilder.java:112)
	at java.base/java.util.stream.ReferencePipeline$3$1.accept(ReferencePipeline.java:195)
	at java.base/java.util.ArrayList$ArrayListSpliterator.forEachRemaining(ArrayList.java:1655)
	at java.base/java.util.stream.AbstractPipeline.copyInto(AbstractPipeline.java:484)
	at java.base/java.util.stream.AbstractPipeline.wrapAndCopyInto(AbstractPipeline.java:474)
	at java.base/java.util.stream.ReduceOps$ReduceOp.evaluateSequential(ReduceOps.java:913)
	at java.base/java.util.stream.AbstractPipeline.evaluate(AbstractPipeline.java:234)
	at java.base/java.util.stream.ReferencePipeline.collect(ReferencePipeline.java:578)
	at de.uka.ilkd.key.nparser.builder.AbstractBuilder.mapOf(AbstractBuilder.java:112)
	at de.uka.ilkd.key.nparser.builder.IncludeFinder.visitOne_include_statement(IncludeFinder.java:35)
	at de.uka.ilkd.key.nparser.builder.IncludeFinder.visitOne_include_statement(IncludeFinder.java:20)
	at de.uka.ilkd.key.nparser.KeYParser$One_include_statementContext.accept(KeYParser.java:802)
	at org.antlr.v4.runtime.tree.AbstractParseTreeVisitor.visitChildren(AbstractParseTreeVisitor.java:46)
	at de.uka.ilkd.key.nparser.KeYParserBaseVisitor.visitDecls(KeYParserBaseVisitor.java:30)
	at de.uka.ilkd.key.nparser.KeYParser$DeclsContext.accept(KeYParser.java:500)
	at org.antlr.v4.runtime.tree.AbstractParseTreeVisitor.visitChildren(AbstractParseTreeVisitor.java:46)
	at de.uka.ilkd.key.nparser.KeYParserBaseVisitor.visitFile(KeYParserBaseVisitor.java:23)
	at de.uka.ilkd.key.nparser.KeYParser$FileContext.accept(KeYParser.java:306)
	at de.uka.ilkd.key.nparser.KeyAst.accept(KeyAst.java:41)
	at de.uka.ilkd.key.nparser.KeyAst$File.getIncludes(KeyAst.java:76)
	at de.uka.ilkd.key.proof.io.KeYFile.readIncludes(KeYFile.java:208)
	... 14 more
Could not find rule file rules/intRulesCheckedSemantics.key (file: /home/runner/work/key/key/key.core/../key.ui/examples/index/../InformationFlow/SimpleEvoting/simple_evoting.Server(simple_evoting.Server__resultReady()).JML accessible clause.0.key; caused by: de.uka.ilkd.key.proof.init.ProofInputException: Could not find rule file rules/intRulesCheckedSemantics.key)
	at de.uka.ilkd.key.control.AbstractUserInterfaceControl.load(AbstractUserInterfaceControl.java:221)
	at de.uka.ilkd.key.control.KeYEnvironment.load(KeYEnvironment.java:251)
	at de.uka.ilkd.key.control.KeYEnvironment.load(KeYEnvironment.java:224)
	at de.uka.ilkd.key.control.KeYEnvironment.load(KeYEnvironment.java:184)
	at de.uka.ilkd.key.control.KeYEnvironment.load(KeYEnvironment.java:261)
	at de.uka.ilkd.key.proof.runallproofs.proofcollection.TestFile.load(TestFile.java:270)
	at de.uka.ilkd.key.proof.runallproofs.proofcollection.TestFile.runKey(TestFile.java:160)
	at de.uka.ilkd.key.proof.runallproofs.proofcollection.ForkedTestFileRunner.main(ForkedTestFileRunner.java:171)
Caused by: de.uka.ilkd.key.proof.init.ProofInputException: Could not find rule file rules/intRulesCheckedSemantics.key
	at de.uka.ilkd.key.proof.io.KeYFile.readIncludes(KeYFile.java:210)
	at de.uka.ilkd.key.proof.init.ProblemInitializer.readIncludes(ProblemInitializer.java:177)
	at de.uka.ilkd.key.proof.init.ProblemInitializer.readEnvInput(ProblemInitializer.java:325)
	at de.uka.ilkd.key.proof.init.ProblemInitializer.prepare(ProblemInitializer.java:449)
	at de.uka.ilkd.key.proof.io.AbstractProblemLoader.createInitConfig(AbstractProblemLoader.java:518)
	at de.uka.ilkd.key.proof.io.AbstractProblemLoader.loadEnvironment(AbstractProblemLoader.java:288)
	at de.uka.ilkd.key.proof.io.AbstractProblemLoader.load(AbstractProblemLoader.java:252)
	at de.uka.ilkd.key.control.AbstractUserInterfaceControl.load(AbstractUserInterfaceControl.java:209)
	... 7 more
Caused by: java.lang.RuntimeException: Could not find rule file rules/intRulesCheckedSemantics.key
	at de.uka.ilkd.key.proof.io.RuleSourceFactory.fromBuiltInRule(RuleSourceFactory.java:32)
	at de.uka.ilkd.key.proof.io.RuleSourceFactory.fromDefaultLocation(RuleSourceFactory.java:21)
	at de.uka.ilkd.key.nparser.builder.IncludeFinder.addInclude(IncludeFinder.java:63)
	at de.uka.ilkd.key.nparser.builder.IncludeFinder.visitOne_include(IncludeFinder.java:43)
	at de.uka.ilkd.key.nparser.builder.IncludeFinder.visitOne_include(IncludeFinder.java:20)
	at de.uka.ilkd.key.nparser.KeYParser$One_includeContext.accept(KeYParser.java:878)
	at de.uka.ilkd.key.nparser.builder.AbstractBuilder.lambda$mapOf$0(AbstractBuilder.java:112)
	at java.base/java.util.stream.ReferencePipeline$3$1.accept(ReferencePipeline.java:195)
	at java.base/java.util.ArrayList$ArrayListSpliterator.forEachRemaining(ArrayList.java:1655)
	at java.base/java.util.stream.AbstractPipeline.copyInto(AbstractPipeline.java:484)
	at java.base/java.util.stream.AbstractPipeline.wrapAndCopyInto(AbstractPipeline.java:474)
	at java.base/java.util.stream.ReduceOps$ReduceOp.evaluateSequential(ReduceOps.java:913)
	at java.base/java.util.stream.AbstractPipeline.evaluate(AbstractPipeline.java:234)
	at java.base/java.util.stream.ReferencePipeline.collect(ReferencePipeline.java:578)
	at de.uka.ilkd.key.nparser.builder.AbstractBuilder.mapOf(AbstractBuilder.java:112)
	at de.uka.ilkd.key.nparser.builder.IncludeFinder.visitOne_include_statement(IncludeFinder.java:35)
	at de.uka.ilkd.key.nparser.builder.IncludeFinder.visitOne_include_statement(IncludeFinder.java:20)
	at de.uka.ilkd.key.nparser.KeYParser$One_include_statementContext.accept(KeYParser.java:802)
	at org.antlr.v4.runtime.tree.AbstractParseTreeVisitor.visitChildren(AbstractParseTreeVisitor.java:46)
	at de.uka.ilkd.key.nparser.KeYParserBaseVisitor.visitDecls(KeYParserBaseVisitor.java:30)
	at de.uka.ilkd.key.nparser.KeYParser$DeclsContext.accept(KeYParser.java:500)
	at org.antlr.v4.runtime.tree.AbstractParseTreeVisitor.visitChildren(AbstractParseTreeVisitor.java:46)
	at de.uka.ilkd.key.nparser.KeYParserBaseVisitor.visitFile(KeYParserBaseVisitor.java:23)
	at de.uka.ilkd.key.nparser.KeYParser$FileContext.accept(KeYParser.java:306)
	at de.uka.ilkd.key.nparser.KeyAst.accept(KeyAst.java:41)
	at de.uka.ilkd.key.nparser.KeyAst$File.getIncludes(KeyAst.java:76)
	at de.uka.ilkd.key.proof.io.KeYFile.readIncludes(KeYFile.java:208)
	... 14 more
Could not find rule file rules/intRulesCheckedSemantics.key (file: /home/runner/work/key/key/key.core/../key.ui/examples/index/../InformationFlow/SimpleEvoting/simple_evoting.Server(simple_evoting.Server__resultReady()).JML normal_behavior operation contract.0.key; caused by: de.uka.ilkd.key.proof.init.ProofInputException: Could not find rule file rules/intRulesCheckedSemantics.key)
	at de.uka.ilkd.key.control.AbstractUserInterfaceControl.load(AbstractUserInterfaceControl.java:221)
	at de.uka.ilkd.key.control.KeYEnvironment.load(KeYEnvironment.java:251)
	at de.uka.ilkd.key.control.KeYEnvironment.load(KeYEnvironment.java:224)
	at de.uka.ilkd.key.control.KeYEnvironment.load(KeYEnvironment.java:184)
	at de.uka.ilkd.key.control.KeYEnvironment.load(KeYEnvironment.java:261)
	at de.uka.ilkd.key.proof.runallproofs.proofcollection.TestFile.load(TestFile.java:270)
	at de.uka.ilkd.key.proof.runallproofs.proofcollection.TestFile.runKey(TestFile.java:160)
	at de.uka.ilkd.key.proof.runallproofs.proofcollection.ForkedTestFileRunner.main(ForkedTestFileRunner.java:171)
Caused by: de.uka.ilkd.key.proof.init.ProofInputException: Could not find rule file rules/intRulesCheckedSemantics.key
	at de.uka.ilkd.key.proof.io.KeYFile.readIncludes(KeYFile.java:210)
	at de.uka.ilkd.key.proof.init.ProblemInitializer.readIncludes(ProblemInitializer.java:177)
	at de.uka.ilkd.key.proof.init.ProblemInitializer.readEnvInput(ProblemInitializer.java:325)
	at de.uka.ilkd.key.proof.init.ProblemInitializer.prepare(ProblemInitializer.java:449)
	at de.uka.ilkd.key.proof.io.AbstractProblemLoader.createInitConfig(AbstractProblemLoader.java:518)
	at de.uka.ilkd.key.proof.io.AbstractProblemLoader.loadEnvironment(AbstractProblemLoader.java:288)
	at de.uka.ilkd.key.proof.io.AbstractProblemLoader.load(AbstractProblemLoader.java:252)
	at de.uka.ilkd.key.control.AbstractUserInterfaceControl.load(AbstractUserInterfaceControl.java:209)
	... 7 more
Caused by: java.lang.RuntimeException: Could not find rule file rules/intRulesCheckedSemantics.key
	at de.uka.ilkd.key.proof.io.RuleSourceFactory.fromBuiltInRule(RuleSourceFactory.java:32)
	at de.uka.ilkd.key.proof.io.RuleSourceFactory.fromDefaultLocation(RuleSourceFactory.java:21)
	at de.uka.ilkd.key.nparser.builder.IncludeFinder.addInclude(IncludeFinder.java:63)
	at de.uka.ilkd.key.nparser.builder.IncludeFinder.visitOne_include(IncludeFinder.java:43)
	at de.uka.ilkd.key.nparser.builder.IncludeFinder.visitOne_include(IncludeFinder.java:20)
	at de.uka.ilkd.key.nparser.KeYParser$One_includeContext.accept(KeYParser.java:878)
	at de.uka.ilkd.key.nparser.builder.AbstractBuilder.lambda$mapOf$0(AbstractBuilder.java:112)
	at java.base/java.util.stream.ReferencePipeline$3$1.accept(ReferencePipeline.java:195)
	at java.base/java.util.ArrayList$ArrayListSpliterator.forEachRemaining(ArrayList.java:1655)
	at java.base/java.util.stream.AbstractPipeline.copyInto(AbstractPipeline.java:484)
	at java.base/java.util.stream.AbstractPipeline.wrapAndCopyInto(AbstractPipeline.java:474)
	at java.base/java.util.stream.ReduceOps$ReduceOp.evaluateSequential(ReduceOps.java:913)
	at java.base/java.util.stream.AbstractPipeline.evaluate(AbstractPipeline.java:234)
	at java.base/java.util.stream.ReferencePipeline.collect(ReferencePipeline.java:578)
	at de.uka.ilkd.key.nparser.builder.AbstractBuilder.mapOf(AbstractBuilder.java:112)
	at de.uka.ilkd.key.nparser.builder.IncludeFinder.visitOne_include_statement(IncludeFinder.java:35)
	at de.uka.ilkd.key.nparser.builder.IncludeFinder.visitOne_include_statement(IncludeFinder.java:20)
	at de.uka.ilkd.key.nparser.KeYParser$One_include_statementContext.accept(KeYParser.java:802)
	at org.antlr.v4.runtime.tree.AbstractParseTreeVisitor.visitChildren(AbstractParseTreeVisitor.java:46)
	at de.uka.ilkd.key.nparser.KeYParserBaseVisitor.visitDecls(KeYParserBaseVisitor.java:30)
	at de.uka.ilkd.key.nparser.KeYParser$DeclsContext.accept(KeYParser.java:500)
	at org.antlr.v4.runtime.tree.AbstractParseTreeVisitor.visitChildren(AbstractParseTreeVisitor.java:46)
	at de.uka.ilkd.key.nparser.KeYParserBaseVisitor.visitFile(KeYParserBaseVisitor.java:23)
	at de.uka.ilkd.key.nparser.KeYParser$FileContext.accept(KeYParser.java:306)
	at de.uka.ilkd.key.nparser.KeyAst.accept(KeyAst.java:41)
	at de.uka.ilkd.key.nparser.KeyAst$File.getIncludes(KeyAst.java:76)
	at de.uka.ilkd.key.proof.io.KeYFile.readIncludes(KeYFile.java:208)
	... 14 more
Could not find rule file rules/intRulesCheckedSemantics.key (file: /home/runner/work/key/key/key.core/../key.ui/examples/index/../InformationFlow/SimpleEvoting/simple_evoting.Server(simple_evoting.Server__onSendResult()).JML normal_behavior operation contract.0.key; caused by: de.uka.ilkd.key.proof.init.ProofInputException: Could not find rule file rules/intRulesCheckedSemantics.key)
	at de.uka.ilkd.key.control.AbstractUserInterfaceControl.load(AbstractUserInterfaceControl.java:221)
	at de.uka.ilkd.key.control.KeYEnvironment.load(KeYEnvironment.java:251)
	at de.uka.ilkd.key.control.KeYEnvironment.load(KeYEnvironment.java:224)
	at de.uka.ilkd.key.control.KeYEnvironment.load(KeYEnvironment.java:184)
	at de.uka.ilkd.key.control.KeYEnvironment.load(KeYEnvironment.java:261)
	at de.uka.ilkd.key.proof.runallproofs.proofcollection.TestFile.load(TestFile.java:270)
	at de.uka.ilkd.key.proof.runallproofs.proofcollection.TestFile.runKey(TestFile.java:160)
	at de.uka.ilkd.key.proof.runallproofs.proofcollection.ForkedTestFileRunner.main(ForkedTestFileRunner.java:171)
Caused by: de.uka.ilkd.key.proof.init.ProofInputException: Could not find rule file rules/intRulesCheckedSemantics.key
	at de.uka.ilkd.key.proof.io.KeYFile.readIncludes(KeYFile.java:210)
	at de.uka.ilkd.key.proof.init.ProblemInitializer.readIncludes(ProblemInitializer.java:177)
	at de.uka.ilkd.key.proof.init.ProblemInitializer.readEnvInput(ProblemInitializer.java:325)
	at de.uka.ilkd.key.proof.init.ProblemInitializer.prepare(ProblemInitializer.java:449)
	at de.uka.ilkd.key.proof.io.AbstractProblemLoader.createInitConfig(AbstractProblemLoader.java:518)
	at de.uka.ilkd.key.proof.io.AbstractProblemLoader.loadEnvironment(AbstractProblemLoader.java:288)
	at de.uka.ilkd.key.proof.io.AbstractProblemLoader.load(AbstractProblemLoader.java:252)
	at de.uka.ilkd.key.control.AbstractUserInterfaceControl.load(AbstractUserInterfaceControl.java:209)
	... 7 more
Caused by: java.lang.RuntimeException: Could not find rule file rules/intRulesCheckedSemantics.key
	at de.uka.ilkd.key.proof.io.RuleSourceFactory.fromBuiltInRule(RuleSourceFactory.java:32)
	at de.uka.ilkd.key.proof.io.RuleSourceFactory.fromDefaultLocation(RuleSourceFactory.java:21)
	at de.uka.ilkd.key.nparser.builder.IncludeFinder.addInclude(IncludeFinder.java:63)
	at de.uka.ilkd.key.nparser.builder.IncludeFinder.visitOne_include(IncludeFinder.java:43)
	at de.uka.ilkd.key.nparser.builder.IncludeFinder.visitOne_include(IncludeFinder.java:20)
	at de.uka.ilkd.key.nparser.KeYParser$One_includeContext.accept(KeYParser.java:878)
	at de.uka.ilkd.key.nparser.builder.AbstractBuilder.lambda$mapOf$0(AbstractBuilder.java:112)
	at java.base/java.util.stream.ReferencePipeline$3$1.accept(ReferencePipeline.java:195)
	at java.base/java.util.ArrayList$ArrayListSpliterator.forEachRemaining(ArrayList.java:1655)
	at java.base/java.util.stream.AbstractPipeline.copyInto(AbstractPipeline.java:484)
	at java.base/java.util.stream.AbstractPipeline.wrapAndCopyInto(AbstractPipeline.java:474)
	at java.base/java.util.stream.ReduceOps$ReduceOp.evaluateSequential(ReduceOps.java:913)
	at java.base/java.util.stream.AbstractPipeline.evaluate(AbstractPipeline.java:234)
	at java.base/java.util.stream.ReferencePipeline.collect(ReferencePipeline.java:578)
	at de.uka.ilkd.key.nparser.builder.AbstractBuilder.mapOf(AbstractBuilder.java:112)
	at de.uka.ilkd.key.nparser.builder.IncludeFinder.visitOne_include_statement(IncludeFinder.java:35)
	at de.uka.ilkd.key.nparser.builder.IncludeFinder.visitOne_include_statement(IncludeFinder.java:20)
	at de.uka.ilkd.key.nparser.KeYParser$One_include_statementContext.accept(KeYParser.java:802)
	at org.antlr.v4.runtime.tree.AbstractParseTreeVisitor.visitChildren(AbstractParseTreeVisitor.java:46)
	at de.uka.ilkd.key.nparser.KeYParserBaseVisitor.visitDecls(KeYParserBaseVisitor.java:30)
	at de.uka.ilkd.key.nparser.KeYParser$DeclsContext.accept(KeYParser.java:500)
	at org.antlr.v4.runtime.tree.AbstractParseTreeVisitor.visitChildren(AbstractParseTreeVisitor.java:46)
	at de.uka.ilkd.key.nparser.KeYParserBaseVisitor.visitFile(KeYParserBaseVisitor.java:23)
	at de.uka.ilkd.key.nparser.KeYParser$FileContext.accept(KeYParser.java:306)
	at de.uka.ilkd.key.nparser.KeyAst.accept(KeyAst.java:41)
	at de.uka.ilkd.key.nparser.KeyAst$File.getIncludes(KeyAst.java:76)
	at de.uka.ilkd.key.proof.io.KeYFile.readIncludes(KeYFile.java:208)
	... 14 more
Could not find rule file rules/intRulesCheckedSemantics.key (file: /home/runner/work/key/key/key.core/../key.ui/examples/index/../InformationFlow/SimpleEvoting/simple_evoting.Server(simple_evoting.Server__onCollectBallot(simple_evoting.Message)).JML normal_behavior operation contract.1.key; caused by: de.uka.ilkd.key.proof.init.ProofInputException: Could not find rule file rules/intRulesCheckedSemantics.key)
	at de.uka.ilkd.key.control.AbstractUserInterfaceControl.load(AbstractUserInterfaceControl.java:221)
	at de.uka.ilkd.key.control.KeYEnvironment.load(KeYEnvironment.java:251)
	at de.uka.ilkd.key.control.KeYEnvironment.load(KeYEnvironment.java:224)
	at de.uka.ilkd.key.control.KeYEnvironment.load(KeYEnvironment.java:184)
	at de.uka.ilkd.key.control.KeYEnvironment.load(KeYEnvironment.java:261)
	at de.uka.ilkd.key.proof.runallproofs.proofcollection.TestFile.load(TestFile.java:270)
	at de.uka.ilkd.key.proof.runallproofs.proofcollection.TestFile.runKey(TestFile.java:160)
	at de.uka.ilkd.key.proof.runallproofs.proofcollection.ForkedTestFileRunner.main(ForkedTestFileRunner.java:171)
Caused by: de.uka.ilkd.key.proof.init.ProofInputException: Could not find rule file rules/intRulesCheckedSemantics.key
	at de.uka.ilkd.key.proof.io.KeYFile.readIncludes(KeYFile.java:210)
	at de.uka.ilkd.key.proof.init.ProblemInitializer.readIncludes(ProblemInitializer.java:177)
	at de.uka.ilkd.key.proof.init.ProblemInitializer.readEnvInput(ProblemInitializer.java:325)
	at de.uka.ilkd.key.proof.init.ProblemInitializer.prepare(ProblemInitializer.java:449)
	at de.uka.ilkd.key.proof.io.AbstractProblemLoader.createInitConfig(AbstractProblemLoader.java:518)
	at de.uka.ilkd.key.proof.io.AbstractProblemLoader.loadEnvironment(AbstractProblemLoader.java:288)
	at de.uka.ilkd.key.proof.io.AbstractProblemLoader.load(AbstractProblemLoader.java:252)
	at de.uka.ilkd.key.control.AbstractUserInterfaceControl.load(AbstractUserInterfaceControl.java:209)
	... 7 more
Caused by: java.lang.RuntimeException: Could not find rule file rules/intRulesCheckedSemantics.key
	at de.uka.ilkd.key.proof.io.RuleSourceFactory.fromBuiltInRule(RuleSourceFactory.java:32)
	at de.uka.ilkd.key.proof.io.RuleSourceFactory.fromDefaultLocation(RuleSourceFactory.java:21)
	at de.uka.ilkd.key.nparser.builder.IncludeFinder.addInclude(IncludeFinder.java:63)
	at de.uka.ilkd.key.nparser.builder.IncludeFinder.visitOne_include(IncludeFinder.java:43)
	at de.uka.ilkd.key.nparser.builder.IncludeFinder.visitOne_include(IncludeFinder.java:20)
	at de.uka.ilkd.key.nparser.KeYParser$One_includeContext.accept(KeYParser.java:878)
	at de.uka.ilkd.key.nparser.builder.AbstractBuilder.lambda$mapOf$0(AbstractBuilder.java:112)
	at java.base/java.util.stream.ReferencePipeline$3$1.accept(ReferencePipeline.java:195)
	at java.base/java.util.ArrayList$ArrayListSpliterator.forEachRemaining(ArrayList.java:1655)
	at java.base/java.util.stream.AbstractPipeline.copyInto(AbstractPipeline.java:484)
	at java.base/java.util.stream.AbstractPipeline.wrapAndCopyInto(AbstractPipeline.java:474)
	at java.base/java.util.stream.ReduceOps$ReduceOp.evaluateSequential(ReduceOps.java:913)
	at java.base/java.util.stream.AbstractPipeline.evaluate(AbstractPipeline.java:234)
	at java.base/java.util.stream.ReferencePipeline.collect(ReferencePipeline.java:578)
	at de.uka.ilkd.key.nparser.builder.AbstractBuilder.mapOf(AbstractBuilder.java:112)
	at de.uka.ilkd.key.nparser.builder.IncludeFinder.visitOne_include_statement(IncludeFinder.java:35)
	at de.uka.ilkd.key.nparser.builder.IncludeFinder.visitOne_include_statement(IncludeFinder.java:20)
	at de.uka.ilkd.key.nparser.KeYParser$One_include_statementContext.accept(KeYParser.java:802)
	at org.antlr.v4.runtime.tree.AbstractParseTreeVisitor.visitChildren(AbstractParseTreeVisitor.java:46)
	at de.uka.ilkd.key.nparser.KeYParserBaseVisitor.visitDecls(KeYParserBaseVisitor.java:30)
	at de.uka.ilkd.key.nparser.KeYParser$DeclsContext.accept(KeYParser.java:500)
	at org.antlr.v4.runtime.tree.AbstractParseTreeVisitor.visitChildren(AbstractParseTreeVisitor.java:46)
	at de.uka.ilkd.key.nparser.KeYParserBaseVisitor.visitFile(KeYParserBaseVisitor.java:23)
	at de.uka.ilkd.key.nparser.KeYParser$FileContext.accept(KeYParser.java:306)
	at de.uka.ilkd.key.nparser.KeyAst.accept(KeyAst.java:41)
	at de.uka.ilkd.key.nparser.KeyAst$File.getIncludes(KeyAst.java:76)
	at de.uka.ilkd.key.proof.io.KeYFile.readIncludes(KeYFile.java:208)
	... 14 more
Could not find rule file rules/intRulesCheckedSemantics.key (file: /home/runner/work/key/key/key.core/../key.ui/examples/index/../InformationFlow/SimpleEvoting/simple_evoting.Server(simple_evoting.Server__onCollectBallot(simple_evoting.Message)).JML normal_behavior operation contract.0.key; caused by: de.uka.ilkd.key.proof.init.ProofInputException: Could not find rule file rules/intRulesCheckedSemantics.key)
	at de.uka.ilkd.key.control.AbstractUserInterfaceControl.load(AbstractUserInterfaceControl.java:221)
	at de.uka.ilkd.key.control.KeYEnvironment.load(KeYEnvironment.java:251)
	at de.uka.ilkd.key.control.KeYEnvironment.load(KeYEnvironment.java:224)
	at de.uka.ilkd.key.control.KeYEnvironment.load(KeYEnvironment.java:184)
	at de.uka.ilkd.key.control.KeYEnvironment.load(KeYEnvironment.java:261)
	at de.uka.ilkd.key.proof.runallproofs.proofcollection.TestFile.load(TestFile.java:270)
	at de.uka.ilkd.key.proof.runallproofs.proofcollection.TestFile.runKey(TestFile.java:160)
	at de.uka.ilkd.key.proof.runallproofs.proofcollection.ForkedTestFileRunner.main(ForkedTestFileRunner.java:171)
Caused by: de.uka.ilkd.key.proof.init.ProofInputException: Could not find rule file rules/intRulesCheckedSemantics.key
	at de.uka.ilkd.key.proof.io.KeYFile.readIncludes(KeYFile.java:210)
	at de.uka.ilkd.key.proof.init.ProblemInitializer.readIncludes(ProblemInitializer.java:177)
	at de.uka.ilkd.key.proof.init.ProblemInitializer.readEnvInput(ProblemInitializer.java:325)
	at de.uka.ilkd.key.proof.init.ProblemInitializer.prepare(ProblemInitializer.java:449)
	at de.uka.ilkd.key.proof.io.AbstractProblemLoader.createInitConfig(AbstractProblemLoader.java:518)
	at de.uka.ilkd.key.proof.io.AbstractProblemLoader.loadEnvironment(AbstractProblemLoader.java:288)
	at de.uka.ilkd.key.proof.io.AbstractProblemLoader.load(AbstractProblemLoader.java:252)
	at de.uka.ilkd.key.control.AbstractUserInterfaceControl.load(AbstractUserInterfaceControl.java:209)
	... 7 more
Caused by: java.lang.RuntimeException: Could not find rule file rules/intRulesCheckedSemantics.key
	at de.uka.ilkd.key.proof.io.RuleSourceFactory.fromBuiltInRule(RuleSourceFactory.java:32)
	at de.uka.ilkd.key.proof.io.RuleSourceFactory.fromDefaultLocation(RuleSourceFactory.java:21)
	at de.uka.ilkd.key.nparser.builder.IncludeFinder.addInclude(IncludeFinder.java:63)
	at de.uka.ilkd.key.nparser.builder.IncludeFinder.visitOne_include(IncludeFinder.java:43)
	at de.uka.ilkd.key.nparser.builder.IncludeFinder.visitOne_include(IncludeFinder.java:20)
	at de.uka.ilkd.key.nparser.KeYParser$One_includeContext.accept(KeYParser.java:878)
	at de.uka.ilkd.key.nparser.builder.AbstractBuilder.lambda$mapOf$0(AbstractBuilder.java:112)
	at java.base/java.util.stream.ReferencePipeline$3$1.accept(ReferencePipeline.java:195)
	at java.base/java.util.ArrayList$ArrayListSpliterator.forEachRemaining(ArrayList.java:1655)
	at java.base/java.util.stream.AbstractPipeline.copyInto(AbstractPipeline.java:484)
	at java.base/java.util.stream.AbstractPipeline.wrapAndCopyInto(AbstractPipeline.java:474)
	at java.base/java.util.stream.ReduceOps$ReduceOp.evaluateSequential(ReduceOps.java:913)
	at java.base/java.util.stream.AbstractPipeline.evaluate(AbstractPipeline.java:234)
	at java.base/java.util.stream.ReferencePipeline.collect(ReferencePipeline.java:578)
	at de.uka.ilkd.key.nparser.builder.AbstractBuilder.mapOf(AbstractBuilder.java:112)
	at de.uka.ilkd.key.nparser.builder.IncludeFinder.visitOne_include_statement(IncludeFinder.java:35)
	at de.uka.ilkd.key.nparser.builder.IncludeFinder.visitOne_include_statement(IncludeFinder.java:20)
	at de.uka.ilkd.key.nparser.KeYParser$One_include_statementContext.accept(KeYParser.java:802)
	at org.antlr.v4.runtime.tree.AbstractParseTreeVisitor.visitChildren(AbstractParseTreeVisitor.java:46)
	at de.uka.ilkd.key.nparser.KeYParserBaseVisitor.visitDecls(KeYParserBaseVisitor.java:30)
	at de.uka.ilkd.key.nparser.KeYParser$DeclsContext.accept(KeYParser.java:500)
	at org.antlr.v4.runtime.tree.AbstractParseTreeVisitor.visitChildren(AbstractParseTreeVisitor.java:46)
	at de.uka.ilkd.key.nparser.KeYParserBaseVisitor.visitFile(KeYParserBaseVisitor.java:23)
	at de.uka.ilkd.key.nparser.KeYParser$FileContext.accept(KeYParser.java:306)
	at de.uka.ilkd.key.nparser.KeyAst.accept(KeyAst.java:41)
	at de.uka.ilkd.key.nparser.KeyAst$File.getIncludes(KeyAst.java:76)
	at de.uka.ilkd.key.proof.io.KeYFile.readIncludes(KeYFile.java:208)
	... 14 more
Could not find rule file rules/intRulesCheckedSemantics.key (file: /home/runner/work/key/key/key.core/../key.ui/examples/index/../InformationFlow/SimpleEvoting/simple_evoting.Server(java.lang.Object___inv_()).JML accessible clause.0.key; caused by: de.uka.ilkd.key.proof.init.ProofInputException: Could not find rule file rules/intRulesCheckedSemantics.key)
	at de.uka.ilkd.key.control.AbstractUserInterfaceControl.load(AbstractUserInterfaceControl.java:221)
	at de.uka.ilkd.key.control.KeYEnvironment.load(KeYEnvironment.java:251)
	at de.uka.ilkd.key.control.KeYEnvironment.load(KeYEnvironment.java:224)
	at de.uka.ilkd.key.control.KeYEnvironment.load(KeYEnvironment.java:184)
	at de.uka.ilkd.key.control.KeYEnvironment.load(KeYEnvironment.java:261)
	at de.uka.ilkd.key.proof.runallproofs.proofcollection.TestFile.load(TestFile.java:270)
	at de.uka.ilkd.key.proof.runallproofs.proofcollection.TestFile.runKey(TestFile.java:160)
	at de.uka.ilkd.key.proof.runallproofs.proofcollection.ForkedTestFileRunner.main(ForkedTestFileRunner.java:171)
Caused by: de.uka.ilkd.key.proof.init.ProofInputException: Could not find rule file rules/intRulesCheckedSemantics.key
	at de.uka.ilkd.key.proof.io.KeYFile.readIncludes(KeYFile.java:210)
	at de.uka.ilkd.key.proof.init.ProblemInitializer.readIncludes(ProblemInitializer.java:177)
	at de.uka.ilkd.key.proof.init.ProblemInitializer.readEnvInput(ProblemInitializer.java:325)
	at de.uka.ilkd.key.proof.init.ProblemInitializer.prepare(ProblemInitializer.java:449)
	at de.uka.ilkd.key.proof.io.AbstractProblemLoader.createInitConfig(AbstractProblemLoader.java:518)
	at de.uka.ilkd.key.proof.io.AbstractProblemLoader.loadEnvironment(AbstractProblemLoader.java:288)
	at de.uka.ilkd.key.proof.io.AbstractProblemLoader.load(AbstractProblemLoader.java:252)
	at de.uka.ilkd.key.control.AbstractUserInterfaceControl.load(AbstractUserInterfaceControl.java:209)
	... 7 more
Caused by: java.lang.RuntimeException: Could not find rule file rules/intRulesCheckedSemantics.key
	at de.uka.ilkd.key.proof.io.RuleSourceFactory.fromBuiltInRule(RuleSourceFactory.java:32)
	at de.uka.ilkd.key.proof.io.RuleSourceFactory.fromDefaultLocation(RuleSourceFactory.java:21)
	at de.uka.ilkd.key.nparser.builder.IncludeFinder.addInclude(IncludeFinder.java:63)
	at de.uka.ilkd.key.nparser.builder.IncludeFinder.visitOne_include(IncludeFinder.java:43)
	at de.uka.ilkd.key.nparser.builder.IncludeFinder.visitOne_include(IncludeFinder.java:20)
	at de.uka.ilkd.key.nparser.KeYParser$One_includeContext.accept(KeYParser.java:878)
	at de.uka.ilkd.key.nparser.builder.AbstractBuilder.lambda$mapOf$0(AbstractBuilder.java:112)
	at java.base/java.util.stream.ReferencePipeline$3$1.accept(ReferencePipeline.java:195)
	at java.base/java.util.ArrayList$ArrayListSpliterator.forEachRemaining(ArrayList.java:1655)
	at java.base/java.util.stream.AbstractPipeline.copyInto(AbstractPipeline.java:484)
	at java.base/java.util.stream.AbstractPipeline.wrapAndCopyInto(AbstractPipeline.java:474)
	at java.base/java.util.stream.ReduceOps$ReduceOp.evaluateSequential(ReduceOps.java:913)
	at java.base/java.util.stream.AbstractPipeline.evaluate(AbstractPipeline.java:234)
	at java.base/java.util.stream.ReferencePipeline.collect(ReferencePipeline.java:578)
	at de.uka.ilkd.key.nparser.builder.AbstractBuilder.mapOf(AbstractBuilder.java:112)
	at de.uka.ilkd.key.nparser.builder.IncludeFinder.visitOne_include_statement(IncludeFinder.java:35)
	at de.uka.ilkd.key.nparser.builder.IncludeFinder.visitOne_include_statement(IncludeFinder.java:20)
	at de.uka.ilkd.key.nparser.KeYParser$One_include_statementContext.accept(KeYParser.java:802)
	at org.antlr.v4.runtime.tree.AbstractParseTreeVisitor.visitChildren(AbstractParseTreeVisitor.java:46)
	at de.uka.ilkd.key.nparser.KeYParserBaseVisitor.visitDecls(KeYParserBaseVisitor.java:30)
	at de.uka.ilkd.key.nparser.KeYParser$DeclsContext.accept(KeYParser.java:500)
	at org.antlr.v4.runtime.tree.AbstractParseTreeVisitor.visitChildren(AbstractParseTreeVisitor.java:46)
	at de.uka.ilkd.key.nparser.KeYParserBaseVisitor.visitFile(KeYParserBaseVisitor.java:23)
	at de.uka.ilkd.key.nparser.KeYParser$FileContext.accept(KeYParser.java:306)
	at de.uka.ilkd.key.nparser.KeyAst.accept(KeyAst.java:41)
	at de.uka.ilkd.key.nparser.KeyAst$File.getIncludes(KeyAst.java:76)
	at de.uka.ilkd.key.proof.io.KeYFile.readIncludes(KeYFile.java:208)
	... 14 more
Could not find rule file rules/intRulesCheckedSemantics.key (file: /home/runner/work/key/key/key.core/../key.ui/examples/index/../InformationFlow/SimpleEvoting/simple_evoting.SMTEnv(simple_evoting.SMTEnv__send(int,int,int,simple_evoting.Server,int)).JML normal_behavior operation contract.0.key; caused by: de.uka.ilkd.key.proof.init.ProofInputException: Could not find rule file rules/intRulesCheckedSemantics.key)
	at de.uka.ilkd.key.control.AbstractUserInterfaceControl.load(AbstractUserInterfaceControl.java:221)
	at de.uka.ilkd.key.control.KeYEnvironment.load(KeYEnvironment.java:251)
	at de.uka.ilkd.key.control.KeYEnvironment.load(KeYEnvironment.java:224)
	at de.uka.ilkd.key.control.KeYEnvironment.load(KeYEnvironment.java:184)
	at de.uka.ilkd.key.control.KeYEnvironment.load(KeYEnvironment.java:261)
	at de.uka.ilkd.key.proof.runallproofs.proofcollection.TestFile.load(TestFile.java:270)
	at de.uka.ilkd.key.proof.runallproofs.proofcollection.TestFile.runKey(TestFile.java:160)
	at de.uka.ilkd.key.proof.runallproofs.proofcollection.ForkedTestFileRunner.main(ForkedTestFileRunner.java:171)
Caused by: de.uka.ilkd.key.proof.init.ProofInputException: Could not find rule file rules/intRulesCheckedSemantics.key
	at de.uka.ilkd.key.proof.io.KeYFile.readIncludes(KeYFile.java:210)
	at de.uka.ilkd.key.proof.init.ProblemInitializer.readIncludes(ProblemInitializer.java:177)
	at de.uka.ilkd.key.proof.init.ProblemInitializer.readEnvInput(ProblemInitializer.java:325)
	at de.uka.ilkd.key.proof.init.ProblemInitializer.prepare(ProblemInitializer.java:449)
	at de.uka.ilkd.key.proof.io.AbstractProblemLoader.createInitConfig(AbstractProblemLoader.java:518)
	at de.uka.ilkd.key.proof.io.AbstractProblemLoader.loadEnvironment(AbstractProblemLoader.java:288)
	at de.uka.ilkd.key.proof.io.AbstractProblemLoader.load(AbstractProblemLoader.java:252)
	at de.uka.ilkd.key.control.AbstractUserInterfaceControl.load(AbstractUserInterfaceControl.java:209)
	... 7 more
Caused by: java.lang.RuntimeException: Could not find rule file rules/intRulesCheckedSemantics.key
	at de.uka.ilkd.key.proof.io.RuleSourceFactory.fromBuiltInRule(RuleSourceFactory.java:32)
	at de.uka.ilkd.key.proof.io.RuleSourceFactory.fromDefaultLocation(RuleSourceFactory.java:21)
	at de.uka.ilkd.key.nparser.builder.IncludeFinder.addInclude(IncludeFinder.java:63)
	at de.uka.ilkd.key.nparser.builder.IncludeFinder.visitOne_include(IncludeFinder.java:43)
	at de.uka.ilkd.key.nparser.builder.IncludeFinder.visitOne_include(IncludeFinder.java:20)
	at de.uka.ilkd.key.nparser.KeYParser$One_includeContext.accept(KeYParser.java:878)
	at de.uka.ilkd.key.nparser.builder.AbstractBuilder.lambda$mapOf$0(AbstractBuilder.java:112)
	at java.base/java.util.stream.ReferencePipeline$3$1.accept(ReferencePipeline.java:195)
	at java.base/java.util.ArrayList$ArrayListSpliterator.forEachRemaining(ArrayList.java:1655)
	at java.base/java.util.stream.AbstractPipeline.copyInto(AbstractPipeline.java:484)
	at java.base/java.util.stream.AbstractPipeline.wrapAndCopyInto(AbstractPipeline.java:474)
	at java.base/java.util.stream.ReduceOps$ReduceOp.evaluateSequential(ReduceOps.java:913)
	at java.base/java.util.stream.AbstractPipeline.evaluate(AbstractPipeline.java:234)
	at java.base/java.util.stream.ReferencePipeline.collect(ReferencePipeline.java:578)
	at de.uka.ilkd.key.nparser.builder.AbstractBuilder.mapOf(AbstractBuilder.java:112)
	at de.uka.ilkd.key.nparser.builder.IncludeFinder.visitOne_include_statement(IncludeFinder.java:35)
	at de.uka.ilkd.key.nparser.builder.IncludeFinder.visitOne_include_statement(IncludeFinder.java:20)
	at de.uka.ilkd.key.nparser.KeYParser$One_include_statementContext.accept(KeYParser.java:802)
	at org.antlr.v4.runtime.tree.AbstractParseTreeVisitor.visitChildren(AbstractParseTreeVisitor.java:46)
	at de.uka.ilkd.key.nparser.KeYParserBaseVisitor.visitDecls(KeYParserBaseVisitor.java:30)
	at de.uka.ilkd.key.nparser.KeYParser$DeclsContext.accept(KeYParser.java:500)
	at org.antlr.v4.runtime.tree.AbstractParseTreeVisitor.visitChildren(AbstractParseTreeVisitor.java:46)
	at de.uka.ilkd.key.nparser.KeYParserBaseVisitor.visitFile(KeYParserBaseVisitor.java:23)
	at de.uka.ilkd.key.nparser.KeYParser$FileContext.accept(KeYParser.java:306)
	at de.uka.ilkd.key.nparser.KeyAst.accept(KeyAst.java:41)
	at de.uka.ilkd.key.nparser.KeyAst$File.getIncludes(KeyAst.java:76)
	at de.uka.ilkd.key.proof.io.KeYFile.readIncludes(KeYFile.java:208)
	... 14 more
Could not find rule file rules/intRulesCheckedSemantics.key (file: /home/runner/work/key/key/key.core/../key.ui/examples/index/../InformationFlow/SimpleEvoting/simple_evoting.NetworkClient(simple_evoting.NetworkClient__send((B,simple_evoting.Server,int)).JML normal_behavior operation contract.0.key; caused by: de.uka.ilkd.key.proof.init.ProofInputException: Could not find rule file rules/intRulesCheckedSemantics.key)
	at de.uka.ilkd.key.control.AbstractUserInterfaceControl.load(AbstractUserInterfaceControl.java:221)
	at de.uka.ilkd.key.control.KeYEnvironment.load(KeYEnvironment.java:251)
	at de.uka.ilkd.key.control.KeYEnvironment.load(KeYEnvironment.java:224)
	at de.uka.ilkd.key.control.KeYEnvironment.load(KeYEnvironment.java:184)
	at de.uka.ilkd.key.control.KeYEnvironment.load(KeYEnvironment.java:261)
	at de.uka.ilkd.key.proof.runallproofs.proofcollection.TestFile.load(TestFile.java:270)
	at de.uka.ilkd.key.proof.runallproofs.proofcollection.TestFile.runKey(TestFile.java:160)
	at de.uka.ilkd.key.proof.runallproofs.proofcollection.ForkedTestFileRunner.main(ForkedTestFileRunner.java:171)
Caused by: de.uka.ilkd.key.proof.init.ProofInputException: Could not find rule file rules/intRulesCheckedSemantics.key
	at de.uka.ilkd.key.proof.io.KeYFile.readIncludes(KeYFile.java:210)
	at de.uka.ilkd.key.proof.init.ProblemInitializer.readIncludes(ProblemInitializer.java:177)
	at de.uka.ilkd.key.proof.init.ProblemInitializer.readEnvInput(ProblemInitializer.java:325)
	at de.uka.ilkd.key.proof.init.ProblemInitializer.prepare(ProblemInitializer.java:449)
	at de.uka.ilkd.key.proof.io.AbstractProblemLoader.createInitConfig(AbstractProblemLoader.java:518)
	at de.uka.ilkd.key.proof.io.AbstractProblemLoader.loadEnvironment(AbstractProblemLoader.java:288)
	at de.uka.ilkd.key.proof.io.AbstractProblemLoader.load(AbstractProblemLoader.java:252)
	at de.uka.ilkd.key.control.AbstractUserInterfaceControl.load(AbstractUserInterfaceControl.java:209)
	... 7 more
Caused by: java.lang.RuntimeException: Could not find rule file rules/intRulesCheckedSemantics.key
	at de.uka.ilkd.key.proof.io.RuleSourceFactory.fromBuiltInRule(RuleSourceFactory.java:32)
	at de.uka.ilkd.key.proof.io.RuleSourceFactory.fromDefaultLocation(RuleSourceFactory.java:21)
	at de.uka.ilkd.key.nparser.builder.IncludeFinder.addInclude(IncludeFinder.java:63)
	at de.uka.ilkd.key.nparser.builder.IncludeFinder.visitOne_include(IncludeFinder.java:43)
	at de.uka.ilkd.key.nparser.builder.IncludeFinder.visitOne_include(IncludeFinder.java:20)
	at de.uka.ilkd.key.nparser.KeYParser$One_includeContext.accept(KeYParser.java:878)
	at de.uka.ilkd.key.nparser.builder.AbstractBuilder.lambda$mapOf$0(AbstractBuilder.java:112)
	at java.base/java.util.stream.ReferencePipeline$3$1.accept(ReferencePipeline.java:195)
	at java.base/java.util.ArrayList$ArrayListSpliterator.forEachRemaining(ArrayList.java:1655)
	at java.base/java.util.stream.AbstractPipeline.copyInto(AbstractPipeline.java:484)
	at java.base/java.util.stream.AbstractPipeline.wrapAndCopyInto(AbstractPipeline.java:474)
	at java.base/java.util.stream.ReduceOps$ReduceOp.evaluateSequential(ReduceOps.java:913)
	at java.base/java.util.stream.AbstractPipeline.evaluate(AbstractPipeline.java:234)
	at java.base/java.util.stream.ReferencePipeline.collect(ReferencePipeline.java:578)
	at de.uka.ilkd.key.nparser.builder.AbstractBuilder.mapOf(AbstractBuilder.java:112)
	at de.uka.ilkd.key.nparser.builder.IncludeFinder.visitOne_include_statement(IncludeFinder.java:35)
	at de.uka.ilkd.key.nparser.builder.IncludeFinder.visitOne_include_statement(IncludeFinder.java:20)
	at de.uka.ilkd.key.nparser.KeYParser$One_include_statementContext.accept(KeYParser.java:802)
	at org.antlr.v4.runtime.tree.AbstractParseTreeVisitor.visitChildren(AbstractParseTreeVisitor.java:46)
	at de.uka.ilkd.key.nparser.KeYParserBaseVisitor.visitDecls(KeYParserBaseVisitor.java:30)
	at de.uka.ilkd.key.nparser.KeYParser$DeclsContext.accept(KeYParser.java:500)
	at org.antlr.v4.runtime.tree.AbstractParseTreeVisitor.visitChildren(AbstractParseTreeVisitor.java:46)
	at de.uka.ilkd.key.nparser.KeYParserBaseVisitor.visitFile(KeYParserBaseVisitor.java:23)
	at de.uka.ilkd.key.nparser.KeYParser$FileContext.accept(KeYParser.java:306)
	at de.uka.ilkd.key.nparser.KeyAst.accept(KeyAst.java:41)
	at de.uka.ilkd.key.nparser.KeyAst$File.getIncludes(KeyAst.java:76)
	at de.uka.ilkd.key.proof.io.KeYFile.readIncludes(KeYFile.java:208)
	... 14 more
Could not find rule file rules/intRulesCheckedSemantics.key (file: /home/runner/work/key/key/key.core/../key.ui/examples/index/../InformationFlow/SimpleEvoting/simple_evoting.Setup(simple_evoting.Setup__publishResult()).JML normal_behavior operation contract.0.key; caused by: de.uka.ilkd.key.proof.init.ProofInputException: Could not find rule file rules/intRulesCheckedSemantics.key)
	at de.uka.ilkd.key.control.AbstractUserInterfaceControl.load(AbstractUserInterfaceControl.java:221)
	at de.uka.ilkd.key.control.KeYEnvironment.load(KeYEnvironment.java:251)
	at de.uka.ilkd.key.control.KeYEnvironment.load(KeYEnvironment.java:224)
	at de.uka.ilkd.key.control.KeYEnvironment.load(KeYEnvironment.java:184)
	at de.uka.ilkd.key.control.KeYEnvironment.load(KeYEnvironment.java:261)
	at de.uka.ilkd.key.proof.runallproofs.proofcollection.TestFile.load(TestFile.java:270)
	at de.uka.ilkd.key.proof.runallproofs.proofcollection.TestFile.runKey(TestFile.java:160)
	at de.uka.ilkd.key.proof.runallproofs.proofcollection.ForkedTestFileRunner.main(ForkedTestFileRunner.java:171)
Caused by: de.uka.ilkd.key.proof.init.ProofInputException: Could not find rule file rules/intRulesCheckedSemantics.key
	at de.uka.ilkd.key.proof.io.KeYFile.readIncludes(KeYFile.java:210)
	at de.uka.ilkd.key.proof.init.ProblemInitializer.readIncludes(ProblemInitializer.java:177)
	at de.uka.ilkd.key.proof.init.ProblemInitializer.readEnvInput(ProblemInitializer.java:325)
	at de.uka.ilkd.key.proof.init.ProblemInitializer.prepare(ProblemInitializer.java:449)
	at de.uka.ilkd.key.proof.io.AbstractProblemLoader.createInitConfig(AbstractProblemLoader.java:518)
	at de.uka.ilkd.key.proof.io.AbstractProblemLoader.loadEnvironment(AbstractProblemLoader.java:288)
	at de.uka.ilkd.key.proof.io.AbstractProblemLoader.load(AbstractProblemLoader.java:252)
	at de.uka.ilkd.key.control.AbstractUserInterfaceControl.load(AbstractUserInterfaceControl.java:209)
	... 7 more
Caused by: java.lang.RuntimeException: Could not find rule file rules/intRulesCheckedSemantics.key
	at de.uka.ilkd.key.proof.io.RuleSourceFactory.fromBuiltInRule(RuleSourceFactory.java:32)
	at de.uka.ilkd.key.proof.io.RuleSourceFactory.fromDefaultLocation(RuleSourceFactory.java:21)
	at de.uka.ilkd.key.nparser.builder.IncludeFinder.addInclude(IncludeFinder.java:63)
	at de.uka.ilkd.key.nparser.builder.IncludeFinder.visitOne_include(IncludeFinder.java:43)
	at de.uka.ilkd.key.nparser.builder.IncludeFinder.visitOne_include(IncludeFinder.java:20)
	at de.uka.ilkd.key.nparser.KeYParser$One_includeContext.accept(KeYParser.java:878)
	at de.uka.ilkd.key.nparser.builder.AbstractBuilder.lambda$mapOf$0(AbstractBuilder.java:112)
	at java.base/java.util.stream.ReferencePipeline$3$1.accept(ReferencePipeline.java:195)
	at java.base/java.util.ArrayList$ArrayListSpliterator.forEachRemaining(ArrayList.java:1655)
	at java.base/java.util.stream.AbstractPipeline.copyInto(AbstractPipeline.java:484)
	at java.base/java.util.stream.AbstractPipeline.wrapAndCopyInto(AbstractPipeline.java:474)
	at java.base/java.util.stream.ReduceOps$ReduceOp.evaluateSequential(ReduceOps.java:913)
	at java.base/java.util.stream.AbstractPipeline.evaluate(AbstractPipeline.java:234)
	at java.base/java.util.stream.ReferencePipeline.collect(ReferencePipeline.java:578)
	at de.uka.ilkd.key.nparser.builder.AbstractBuilder.mapOf(AbstractBuilder.java:112)
	at de.uka.ilkd.key.nparser.builder.IncludeFinder.visitOne_include_statement(IncludeFinder.java:35)
	at de.uka.ilkd.key.nparser.builder.IncludeFinder.visitOne_include_statement(IncludeFinder.java:20)
	at de.uka.ilkd.key.nparser.KeYParser$One_include_statementContext.accept(KeYParser.java:802)
	at org.antlr.v4.runtime.tree.AbstractParseTreeVisitor.visitChildren(AbstractParseTreeVisitor.java:46)
	at de.uka.ilkd.key.nparser.KeYParserBaseVisitor.visitDecls(KeYParserBaseVisitor.java:30)
	at de.uka.ilkd.key.nparser.KeYParser$DeclsContext.accept(KeYParser.java:500)
	at org.antlr.v4.runtime.tree.AbstractParseTreeVisitor.visitChildren(AbstractParseTreeVisitor.java:46)
	at de.uka.ilkd.key.nparser.KeYParserBaseVisitor.visitFile(KeYParserBaseVisitor.java:23)
	at de.uka.ilkd.key.nparser.KeYParser$FileContext.accept(KeYParser.java:306)
	at de.uka.ilkd.key.nparser.KeyAst.accept(KeyAst.java:41)
	at de.uka.ilkd.key.nparser.KeyAst$File.getIncludes(KeyAst.java:76)
	at de.uka.ilkd.key.proof.io.KeYFile.readIncludes(KeYFile.java:208)
	... 14 more
Could not find rule file rules/intRulesCheckedSemantics.key (file: /home/runner/work/key/key/key.core/../key.ui/examples/index/../InformationFlow/SimpleEvoting/simple_evoting.Setup(simple_evoting.Setup__main()).JML normal_behavior operation contract.0.key; caused by: de.uka.ilkd.key.proof.init.ProofInputException: Could not find rule file rules/intRulesCheckedSemantics.key)
	at de.uka.ilkd.key.control.AbstractUserInterfaceControl.load(AbstractUserInterfaceControl.java:221)
	at de.uka.ilkd.key.control.KeYEnvironment.load(KeYEnvironment.java:251)
	at de.uka.ilkd.key.control.KeYEnvironment.load(KeYEnvironment.java:224)
	at de.uka.ilkd.key.control.KeYEnvironment.load(KeYEnvironment.java:184)
	at de.uka.ilkd.key.control.KeYEnvironment.load(KeYEnvironment.java:261)
	at de.uka.ilkd.key.proof.runallproofs.proofcollection.TestFile.load(TestFile.java:270)
	at de.uka.ilkd.key.proof.runallproofs.proofcollection.TestFile.runKey(TestFile.java:160)
	at de.uka.ilkd.key.proof.runallproofs.proofcollection.ForkedTestFileRunner.main(ForkedTestFileRunner.java:171)
Caused by: de.uka.ilkd.key.proof.init.ProofInputException: Could not find rule file rules/intRulesCheckedSemantics.key
	at de.uka.ilkd.key.proof.io.KeYFile.readIncludes(KeYFile.java:210)
	at de.uka.ilkd.key.proof.init.ProblemInitializer.readIncludes(ProblemInitializer.java:177)
	at de.uka.ilkd.key.proof.init.ProblemInitializer.readEnvInput(ProblemInitializer.java:325)
	at de.uka.ilkd.key.proof.init.ProblemInitializer.prepare(ProblemInitializer.java:449)
	at de.uka.ilkd.key.proof.io.AbstractProblemLoader.createInitConfig(AbstractProblemLoader.java:518)
	at de.uka.ilkd.key.proof.io.AbstractProblemLoader.loadEnvironment(AbstractProblemLoader.java:288)
	at de.uka.ilkd.key.proof.io.AbstractProblemLoader.load(AbstractProblemLoader.java:252)
	at de.uka.ilkd.key.control.AbstractUserInterfaceControl.load(AbstractUserInterfaceControl.java:209)
	... 7 more
Caused by: java.lang.RuntimeException: Could not find rule file rules/intRulesCheckedSemantics.key
	at de.uka.ilkd.key.proof.io.RuleSourceFactory.fromBuiltInRule(RuleSourceFactory.java:32)
	at de.uka.ilkd.key.proof.io.RuleSourceFactory.fromDefaultLocation(RuleSourceFactory.java:21)
	at de.uka.ilkd.key.nparser.builder.IncludeFinder.addInclude(IncludeFinder.java:63)
	at de.uka.ilkd.key.nparser.builder.IncludeFinder.visitOne_include(IncludeFinder.java:43)
	at de.uka.ilkd.key.nparser.builder.IncludeFinder.visitOne_include(IncludeFinder.java:20)
	at de.uka.ilkd.key.nparser.KeYParser$One_includeContext.accept(KeYParser.java:878)
	at de.uka.ilkd.key.nparser.builder.AbstractBuilder.lambda$mapOf$0(AbstractBuilder.java:112)
	at java.base/java.util.stream.ReferencePipeline$3$1.accept(ReferencePipeline.java:195)
	at java.base/java.util.ArrayList$ArrayListSpliterator.forEachRemaining(ArrayList.java:1655)
	at java.base/java.util.stream.AbstractPipeline.copyInto(AbstractPipeline.java:484)
	at java.base/java.util.stream.AbstractPipeline.wrapAndCopyInto(AbstractPipeline.java:474)
	at java.base/java.util.stream.ReduceOps$ReduceOp.evaluateSequential(ReduceOps.java:913)
	at java.base/java.util.stream.AbstractPipeline.evaluate(AbstractPipeline.java:234)
	at java.base/java.util.stream.ReferencePipeline.collect(ReferencePipeline.java:578)
	at de.uka.ilkd.key.nparser.builder.AbstractBuilder.mapOf(AbstractBuilder.java:112)
	at de.uka.ilkd.key.nparser.builder.IncludeFinder.visitOne_include_statement(IncludeFinder.java:35)
	at de.uka.ilkd.key.nparser.builder.IncludeFinder.visitOne_include_statement(IncludeFinder.java:20)
	at de.uka.ilkd.key.nparser.KeYParser$One_include_statementContext.accept(KeYParser.java:802)
	at org.antlr.v4.runtime.tree.AbstractParseTreeVisitor.visitChildren(AbstractParseTreeVisitor.java:46)
	at de.uka.ilkd.key.nparser.KeYParserBaseVisitor.visitDecls(KeYParserBaseVisitor.java:30)
	at de.uka.ilkd.key.nparser.KeYParser$DeclsContext.accept(KeYParser.java:500)
	at org.antlr.v4.runtime.tree.AbstractParseTreeVisitor.visitChildren(AbstractParseTreeVisitor.java:46)
	at de.uka.ilkd.key.nparser.KeYParserBaseVisitor.visitFile(KeYParserBaseVisitor.java:23)
	at de.uka.ilkd.key.nparser.KeYParser$FileContext.accept(KeYParser.java:306)
	at de.uka.ilkd.key.nparser.KeyAst.accept(KeyAst.java:41)
	at de.uka.ilkd.key.nparser.KeyAst$File.getIncludes(KeyAst.java:76)
	at de.uka.ilkd.key.proof.io.KeYFile.readIncludes(KeYFile.java:208)
	... 14 more
Could not find rule file rules/intRulesCheckedSemantics.key (file: /home/runner/work/key/key/key.core/../key.ui/examples/index/../InformationFlow/SimpleEvoting/simple_evoting.Setup(java.lang.Object___inv_()).JML accessible clause.0.key; caused by: de.uka.ilkd.key.proof.init.ProofInputException: Could not find rule file rules/intRulesCheckedSemantics.key)
	at de.uka.ilkd.key.control.AbstractUserInterfaceControl.load(AbstractUserInterfaceControl.java:221)
	at de.uka.ilkd.key.control.KeYEnvironment.load(KeYEnvironment.java:251)
	at de.uka.ilkd.key.control.KeYEnvironment.load(KeYEnvironment.java:224)
	at de.uka.ilkd.key.control.KeYEnvironment.load(KeYEnvironment.java:184)
	at de.uka.ilkd.key.control.KeYEnvironment.load(KeYEnvironment.java:261)
	at de.uka.ilkd.key.proof.runallproofs.proofcollection.TestFile.load(TestFile.java:270)
	at de.uka.ilkd.key.proof.runallproofs.proofcollection.TestFile.runKey(TestFile.java:160)
	at de.uka.ilkd.key.proof.runallproofs.proofcollection.ForkedTestFileRunner.main(ForkedTestFileRunner.java:171)
Caused by: de.uka.ilkd.key.proof.init.ProofInputException: Could not find rule file rules/intRulesCheckedSemantics.key
	at de.uka.ilkd.key.proof.io.KeYFile.readIncludes(KeYFile.java:210)
	at de.uka.ilkd.key.proof.init.ProblemInitializer.readIncludes(ProblemInitializer.java:177)
	at de.uka.ilkd.key.proof.init.ProblemInitializer.readEnvInput(ProblemInitializer.java:325)
	at de.uka.ilkd.key.proof.init.ProblemInitializer.prepare(ProblemInitializer.java:449)
	at de.uka.ilkd.key.proof.io.AbstractProblemLoader.createInitConfig(AbstractProblemLoader.java:518)
	at de.uka.ilkd.key.proof.io.AbstractProblemLoader.loadEnvironment(AbstractProblemLoader.java:288)
	at de.uka.ilkd.key.proof.io.AbstractProblemLoader.load(AbstractProblemLoader.java:252)
	at de.uka.ilkd.key.control.AbstractUserInterfaceControl.load(AbstractUserInterfaceControl.java:209)
	... 7 more
Caused by: java.lang.RuntimeException: Could not find rule file rules/intRulesCheckedSemantics.key
	at de.uka.ilkd.key.proof.io.RuleSourceFactory.fromBuiltInRule(RuleSourceFactory.java:32)
	at de.uka.ilkd.key.proof.io.RuleSourceFactory.fromDefaultLocation(RuleSourceFactory.java:21)
	at de.uka.ilkd.key.nparser.builder.IncludeFinder.addInclude(IncludeFinder.java:63)
	at de.uka.ilkd.key.nparser.builder.IncludeFinder.visitOne_include(IncludeFinder.java:43)
	at de.uka.ilkd.key.nparser.builder.IncludeFinder.visitOne_include(IncludeFinder.java:20)
	at de.uka.ilkd.key.nparser.KeYParser$One_includeContext.accept(KeYParser.java:878)
	at de.uka.ilkd.key.nparser.builder.AbstractBuilder.lambda$mapOf$0(AbstractBuilder.java:112)
	at java.base/java.util.stream.ReferencePipeline$3$1.accept(ReferencePipeline.java:195)
	at java.base/java.util.ArrayList$ArrayListSpliterator.forEachRemaining(ArrayList.java:1655)
	at java.base/java.util.stream.AbstractPipeline.copyInto(AbstractPipeline.java:484)
	at java.base/java.util.stream.AbstractPipeline.wrapAndCopyInto(AbstractPipeline.java:474)
	at java.base/java.util.stream.ReduceOps$ReduceOp.evaluateSequential(ReduceOps.java:913)
	at java.base/java.util.stream.AbstractPipeline.evaluate(AbstractPipeline.java:234)
	at java.base/java.util.stream.ReferencePipeline.collect(ReferencePipeline.java:578)
	at de.uka.ilkd.key.nparser.builder.AbstractBuilder.mapOf(AbstractBuilder.java:112)
	at de.uka.ilkd.key.nparser.builder.IncludeFinder.visitOne_include_statement(IncludeFinder.java:35)
	at de.uka.ilkd.key.nparser.builder.IncludeFinder.visitOne_include_statement(IncludeFinder.java:20)
	at de.uka.ilkd.key.nparser.KeYParser$One_include_statementContext.accept(KeYParser.java:802)
	at org.antlr.v4.runtime.tree.AbstractParseTreeVisitor.visitChildren(AbstractParseTreeVisitor.java:46)
	at de.uka.ilkd.key.nparser.KeYParserBaseVisitor.visitDecls(KeYParserBaseVisitor.java:30)
	at de.uka.ilkd.key.nparser.KeYParser$DeclsContext.accept(KeYParser.java:500)
	at org.antlr.v4.runtime.tree.AbstractParseTreeVisitor.visitChildren(AbstractParseTreeVisitor.java:46)
	at de.uka.ilkd.key.nparser.KeYParserBaseVisitor.visitFile(KeYParserBaseVisitor.java:23)
	at de.uka.ilkd.key.nparser.KeYParser$FileContext.accept(KeYParser.java:306)
	at de.uka.ilkd.key.nparser.KeyAst.accept(KeyAst.java:41)
	at de.uka.ilkd.key.nparser.KeyAst$File.getIncludes(KeyAst.java:76)
	at de.uka.ilkd.key.proof.io.KeYFile.readIncludes(KeYFile.java:208)
	... 14 more
Could not find rule file rules/intRulesCheckedSemantics.key (file: /home/runner/work/key/key/key.core/../key.ui/examples/index/../InformationFlow/SimpleEvoting/simple_evoting.Voter(simple_evoting.Voter__onSendBallot(simple_evoting.Server)).JML normal_behavior operation contract.1.key; caused by: de.uka.ilkd.key.proof.init.ProofInputException: Could not find rule file rules/intRulesCheckedSemantics.key)
	at de.uka.ilkd.key.control.AbstractUserInterfaceControl.load(AbstractUserInterfaceControl.java:221)
	at de.uka.ilkd.key.control.KeYEnvironment.load(KeYEnvironment.java:251)
	at de.uka.ilkd.key.control.KeYEnvironment.load(KeYEnvironment.java:224)
	at de.uka.ilkd.key.control.KeYEnvironment.load(KeYEnvironment.java:184)
	at de.uka.ilkd.key.control.KeYEnvironment.load(KeYEnvironment.java:261)
	at de.uka.ilkd.key.proof.runallproofs.proofcollection.TestFile.load(TestFile.java:270)
	at de.uka.ilkd.key.proof.runallproofs.proofcollection.TestFile.runKey(TestFile.java:160)
	at de.uka.ilkd.key.proof.runallproofs.proofcollection.ForkedTestFileRunner.main(ForkedTestFileRunner.java:171)
Caused by: de.uka.ilkd.key.proof.init.ProofInputException: Could not find rule file rules/intRulesCheckedSemantics.key
	at de.uka.ilkd.key.proof.io.KeYFile.readIncludes(KeYFile.java:210)
	at de.uka.ilkd.key.proof.init.ProblemInitializer.readIncludes(ProblemInitializer.java:177)
	at de.uka.ilkd.key.proof.init.ProblemInitializer.readEnvInput(ProblemInitializer.java:325)
	at de.uka.ilkd.key.proof.init.ProblemInitializer.prepare(ProblemInitializer.java:449)
	at de.uka.ilkd.key.proof.io.AbstractProblemLoader.createInitConfig(AbstractProblemLoader.java:518)
	at de.uka.ilkd.key.proof.io.AbstractProblemLoader.loadEnvironment(AbstractProblemLoader.java:288)
	at de.uka.ilkd.key.proof.io.AbstractProblemLoader.load(AbstractProblemLoader.java:252)
	at de.uka.ilkd.key.control.AbstractUserInterfaceControl.load(AbstractUserInterfaceControl.java:209)
	... 7 more
Caused by: java.lang.RuntimeException: Could not find rule file rules/intRulesCheckedSemantics.key
	at de.uka.ilkd.key.proof.io.RuleSourceFactory.fromBuiltInRule(RuleSourceFactory.java:32)
	at de.uka.ilkd.key.proof.io.RuleSourceFactory.fromDefaultLocation(RuleSourceFactory.java:21)
	at de.uka.ilkd.key.nparser.builder.IncludeFinder.addInclude(IncludeFinder.java:63)
	at de.uka.ilkd.key.nparser.builder.IncludeFinder.visitOne_include(IncludeFinder.java:43)
	at de.uka.ilkd.key.nparser.builder.IncludeFinder.visitOne_include(IncludeFinder.java:20)
	at de.uka.ilkd.key.nparser.KeYParser$One_includeContext.accept(KeYParser.java:878)
	at de.uka.ilkd.key.nparser.builder.AbstractBuilder.lambda$mapOf$0(AbstractBuilder.java:112)
	at java.base/java.util.stream.ReferencePipeline$3$1.accept(ReferencePipeline.java:195)
	at java.base/java.util.ArrayList$ArrayListSpliterator.forEachRemaining(ArrayList.java:1655)
	at java.base/java.util.stream.AbstractPipeline.copyInto(AbstractPipeline.java:484)
	at java.base/java.util.stream.AbstractPipeline.wrapAndCopyInto(AbstractPipeline.java:474)
	at java.base/java.util.stream.ReduceOps$ReduceOp.evaluateSequential(ReduceOps.java:913)
	at java.base/java.util.stream.AbstractPipeline.evaluate(AbstractPipeline.java:234)
	at java.base/java.util.stream.ReferencePipeline.collect(ReferencePipeline.java:578)
	at de.uka.ilkd.key.nparser.builder.AbstractBuilder.mapOf(AbstractBuilder.java:112)
	at de.uka.ilkd.key.nparser.builder.IncludeFinder.visitOne_include_statement(IncludeFinder.java:35)
	at de.uka.ilkd.key.nparser.builder.IncludeFinder.visitOne_include_statement(IncludeFinder.java:20)
	at de.uka.ilkd.key.nparser.KeYParser$One_include_statementContext.accept(KeYParser.java:802)
	at org.antlr.v4.runtime.tree.AbstractParseTreeVisitor.visitChildren(AbstractParseTreeVisitor.java:46)
	at de.uka.ilkd.key.nparser.KeYParserBaseVisitor.visitDecls(KeYParserBaseVisitor.java:30)
	at de.uka.ilkd.key.nparser.KeYParser$DeclsContext.accept(KeYParser.java:500)
	at org.antlr.v4.runtime.tree.AbstractParseTreeVisitor.visitChildren(AbstractParseTreeVisitor.java:46)
	at de.uka.ilkd.key.nparser.KeYParserBaseVisitor.visitFile(KeYParserBaseVisitor.java:23)
	at de.uka.ilkd.key.nparser.KeYParser$FileContext.accept(KeYParser.java:306)
	at de.uka.ilkd.key.nparser.KeyAst.accept(KeyAst.java:41)
	at de.uka.ilkd.key.nparser.KeyAst$File.getIncludes(KeyAst.java:76)
	at de.uka.ilkd.key.proof.io.KeYFile.readIncludes(KeYFile.java:208)
	... 14 more
Could not find rule file rules/intRulesCheckedSemantics.key (file: /home/runner/work/key/key/key.core/../key.ui/examples/index/../InformationFlow/SimpleEvoting/simple_evoting.Voter(simple_evoting.Voter__onSendBallot(simple_evoting.Server)).JML normal_behavior operation contract.0.key; caused by: de.uka.ilkd.key.proof.init.ProofInputException: Could not find rule file rules/intRulesCheckedSemantics.key)
	at de.uka.ilkd.key.control.AbstractUserInterfaceControl.load(AbstractUserInterfaceControl.java:221)
	at de.uka.ilkd.key.control.KeYEnvironment.load(KeYEnvironment.java:251)
	at de.uka.ilkd.key.control.KeYEnvironment.load(KeYEnvironment.java:224)
	at de.uka.ilkd.key.control.KeYEnvironment.load(KeYEnvironment.java:184)
	at de.uka.ilkd.key.control.KeYEnvironment.load(KeYEnvironment.java:261)
	at de.uka.ilkd.key.proof.runallproofs.proofcollection.TestFile.load(TestFile.java:270)
	at de.uka.ilkd.key.proof.runallproofs.proofcollection.TestFile.runKey(TestFile.java:160)
	at de.uka.ilkd.key.proof.runallproofs.proofcollection.ForkedTestFileRunner.main(ForkedTestFileRunner.java:171)
Caused by: de.uka.ilkd.key.proof.init.ProofInputException: Could not find rule file rules/intRulesCheckedSemantics.key
	at de.uka.ilkd.key.proof.io.KeYFile.readIncludes(KeYFile.java:210)
	at de.uka.ilkd.key.proof.init.ProblemInitializer.readIncludes(ProblemInitializer.java:177)
	at de.uka.ilkd.key.proof.init.ProblemInitializer.readEnvInput(ProblemInitializer.java:325)
	at de.uka.ilkd.key.proof.init.ProblemInitializer.prepare(ProblemInitializer.java:449)
	at de.uka.ilkd.key.proof.io.AbstractProblemLoader.createInitConfig(AbstractProblemLoader.java:518)
	at de.uka.ilkd.key.proof.io.AbstractProblemLoader.loadEnvironment(AbstractProblemLoader.java:288)
	at de.uka.ilkd.key.proof.io.AbstractProblemLoader.load(AbstractProblemLoader.java:252)
	at de.uka.ilkd.key.control.AbstractUserInterfaceControl.load(AbstractUserInterfaceControl.java:209)
	... 7 more
Caused by: java.lang.RuntimeException: Could not find rule file rules/intRulesCheckedSemantics.key
	at de.uka.ilkd.key.proof.io.RuleSourceFactory.fromBuiltInRule(RuleSourceFactory.java:32)
	at de.uka.ilkd.key.proof.io.RuleSourceFactory.fromDefaultLocation(RuleSourceFactory.java:21)
	at de.uka.ilkd.key.nparser.builder.IncludeFinder.addInclude(IncludeFinder.java:63)
	at de.uka.ilkd.key.nparser.builder.IncludeFinder.visitOne_include(IncludeFinder.java:43)
	at de.uka.ilkd.key.nparser.builder.IncludeFinder.visitOne_include(IncludeFinder.java:20)
	at de.uka.ilkd.key.nparser.KeYParser$One_includeContext.accept(KeYParser.java:878)
	at de.uka.ilkd.key.nparser.builder.AbstractBuilder.lambda$mapOf$0(AbstractBuilder.java:112)
	at java.base/java.util.stream.ReferencePipeline$3$1.accept(ReferencePipeline.java:195)
	at java.base/java.util.ArrayList$ArrayListSpliterator.forEachRemaining(ArrayList.java:1655)
	at java.base/java.util.stream.AbstractPipeline.copyInto(AbstractPipeline.java:484)
	at java.base/java.util.stream.AbstractPipeline.wrapAndCopyInto(AbstractPipeline.java:474)
	at java.base/java.util.stream.ReduceOps$ReduceOp.evaluateSequential(ReduceOps.java:913)
	at java.base/java.util.stream.AbstractPipeline.evaluate(AbstractPipeline.java:234)
	at java.base/java.util.stream.ReferencePipeline.collect(ReferencePipeline.java:578)
	at de.uka.ilkd.key.nparser.builder.AbstractBuilder.mapOf(AbstractBuilder.java:112)
	at de.uka.ilkd.key.nparser.builder.IncludeFinder.visitOne_include_statement(IncludeFinder.java:35)
	at de.uka.ilkd.key.nparser.builder.IncludeFinder.visitOne_include_statement(IncludeFinder.java:20)
	at de.uka.ilkd.key.nparser.KeYParser$One_include_statementContext.accept(KeYParser.java:802)
	at org.antlr.v4.runtime.tree.AbstractParseTreeVisitor.visitChildren(AbstractParseTreeVisitor.java:46)
	at de.uka.ilkd.key.nparser.KeYParserBaseVisitor.visitDecls(KeYParserBaseVisitor.java:30)
	at de.uka.ilkd.key.nparser.KeYParser$DeclsContext.accept(KeYParser.java:500)
	at org.antlr.v4.runtime.tree.AbstractParseTreeVisitor.visitChildren(AbstractParseTreeVisitor.java:46)
	at de.uka.ilkd.key.nparser.KeYParserBaseVisitor.visitFile(KeYParserBaseVisitor.java:23)
	at de.uka.ilkd.key.nparser.KeYParser$FileContext.accept(KeYParser.java:306)
	at de.uka.ilkd.key.nparser.KeyAst.accept(KeyAst.java:41)
	at de.uka.ilkd.key.nparser.KeyAst$File.getIncludes(KeyAst.java:76)
	at de.uka.ilkd.key.proof.io.KeYFile.readIncludes(KeYFile.java:208)
	... 14 more
Could not find rule file rules/intRulesCheckedSemantics.key (file: /home/runner/work/key/key/key.core/../key.ui/examples/index/../InformationFlow/SimpleEvoting/simple_evoting.Voter(java.lang.Object___inv_()).JML accessible clause.0.key; caused by: de.uka.ilkd.key.proof.init.ProofInputException: Could not find rule file rules/intRulesCheckedSemantics.key)
	at de.uka.ilkd.key.control.AbstractUserInterfaceControl.load(AbstractUserInterfaceControl.java:221)
	at de.uka.ilkd.key.control.KeYEnvironment.load(KeYEnvironment.java:251)
	at de.uka.ilkd.key.control.KeYEnvironment.load(KeYEnvironment.java:224)
	at de.uka.ilkd.key.control.KeYEnvironment.load(KeYEnvironment.java:184)
	at de.uka.ilkd.key.control.KeYEnvironment.load(KeYEnvironment.java:261)
	at de.uka.ilkd.key.proof.runallproofs.proofcollection.TestFile.load(TestFile.java:270)
	at de.uka.ilkd.key.proof.runallproofs.proofcollection.TestFile.runKey(TestFile.java:160)
	at de.uka.ilkd.key.proof.runallproofs.proofcollection.ForkedTestFileRunner.main(ForkedTestFileRunner.java:171)
Caused by: de.uka.ilkd.key.proof.init.ProofInputException: Could not find rule file rules/intRulesCheckedSemantics.key
	at de.uka.ilkd.key.proof.io.KeYFile.readIncludes(KeYFile.java:210)
	at de.uka.ilkd.key.proof.init.ProblemInitializer.readIncludes(ProblemInitializer.java:177)
	at de.uka.ilkd.key.proof.init.ProblemInitializer.readEnvInput(ProblemInitializer.java:325)
	at de.uka.ilkd.key.proof.init.ProblemInitializer.prepare(ProblemInitializer.java:449)
	at de.uka.ilkd.key.proof.io.AbstractProblemLoader.createInitConfig(AbstractProblemLoader.java:518)
	at de.uka.ilkd.key.proof.io.AbstractProblemLoader.loadEnvironment(AbstractProblemLoader.java:288)
	at de.uka.ilkd.key.proof.io.AbstractProblemLoader.load(AbstractProblemLoader.java:252)
	at de.uka.ilkd.key.control.AbstractUserInterfaceControl.load(AbstractUserInterfaceControl.java:209)
	... 7 more
Caused by: java.lang.RuntimeException: Could not find rule file rules/intRulesCheckedSemantics.key
	at de.uka.ilkd.key.proof.io.RuleSourceFactory.fromBuiltInRule(RuleSourceFactory.java:32)
	at de.uka.ilkd.key.proof.io.RuleSourceFactory.fromDefaultLocation(RuleSourceFactory.java:21)
	at de.uka.ilkd.key.nparser.builder.IncludeFinder.addInclude(IncludeFinder.java:63)
	at de.uka.ilkd.key.nparser.builder.IncludeFinder.visitOne_include(IncludeFinder.java:43)
	at de.uka.ilkd.key.nparser.builder.IncludeFinder.visitOne_include(IncludeFinder.java:20)
	at de.uka.ilkd.key.nparser.KeYParser$One_includeContext.accept(KeYParser.java:878)
	at de.uka.ilkd.key.nparser.builder.AbstractBuilder.lambda$mapOf$0(AbstractBuilder.java:112)
	at java.base/java.util.stream.ReferencePipeline$3$1.accept(ReferencePipeline.java:195)
	at java.base/java.util.ArrayList$ArrayListSpliterator.forEachRemaining(ArrayList.java:1655)
	at java.base/java.util.stream.AbstractPipeline.copyInto(AbstractPipeline.java:484)
	at java.base/java.util.stream.AbstractPipeline.wrapAndCopyInto(AbstractPipeline.java:474)
	at java.base/java.util.stream.ReduceOps$ReduceOp.evaluateSequential(ReduceOps.java:913)
	at java.base/java.util.stream.AbstractPipeline.evaluate(AbstractPipeline.java:234)
	at java.base/java.util.stream.ReferencePipeline.collect(ReferencePipeline.java:578)
	at de.uka.ilkd.key.nparser.builder.AbstractBuilder.mapOf(AbstractBuilder.java:112)
	at de.uka.ilkd.key.nparser.builder.IncludeFinder.visitOne_include_statement(IncludeFinder.java:35)
	at de.uka.ilkd.key.nparser.builder.IncludeFinder.visitOne_include_statement(IncludeFinder.java:20)
	at de.uka.ilkd.key.nparser.KeYParser$One_include_statementContext.accept(KeYParser.java:802)
	at org.antlr.v4.runtime.tree.AbstractParseTreeVisitor.visitChildren(AbstractParseTreeVisitor.java:46)
	at de.uka.ilkd.key.nparser.KeYParserBaseVisitor.visitDecls(KeYParserBaseVisitor.java:30)
	at de.uka.ilkd.key.nparser.KeYParser$DeclsContext.accept(KeYParser.java:500)
	at org.antlr.v4.runtime.tree.AbstractParseTreeVisitor.visitChildren(AbstractParseTreeVisitor.java:46)
	at de.uka.ilkd.key.nparser.KeYParserBaseVisitor.visitFile(KeYParserBaseVisitor.java:23)
	at de.uka.ilkd.key.nparser.KeYParser$FileContext.accept(KeYParser.java:306)
	at de.uka.ilkd.key.nparser.KeyAst.accept(KeyAst.java:41)
	at de.uka.ilkd.key.nparser.KeyAst$File.getIncludes(KeyAst.java:76)
	at de.uka.ilkd.key.proof.io.KeYFile.readIncludes(KeYFile.java:208)
	... 14 more
Exception in thread "main" org.opentest4j.AssertionFailedError: Exception during the execution of proofs. See log for more details.
	at org.junit.jupiter.api.AssertionUtils.fail(AssertionUtils.java:39)
	at org.junit.jupiter.api.Assertions.fail(Assertions.java:134)
	at de.uka.ilkd.key.proof.runallproofs.proofcollection.ForkedTestFileRunner.main(ForkedTestFileRunner.java:192)
Timeout watcher launched (1000 secs.)
Could not find rule file rules/intRulesCheckedSemantics.key (file: /home/runner/work/key/key/key.core/../key.ui/examples/index/../InformationFlow/ToyVoting/Voter(Voter__insecure_voting()).Non-interference contract.0.key; caused by: de.uka.ilkd.key.proof.init.ProofInputException: Could not find rule file rules/intRulesCheckedSemantics.key)
	at de.uka.ilkd.key.control.AbstractUserInterfaceControl.load(AbstractUserInterfaceControl.java:221)
	at de.uka.ilkd.key.control.KeYEnvironment.load(KeYEnvironment.java:251)
	at de.uka.ilkd.key.control.KeYEnvironment.load(KeYEnvironment.java:224)
	at de.uka.ilkd.key.control.KeYEnvironment.load(KeYEnvironment.java:184)
	at de.uka.ilkd.key.control.KeYEnvironment.load(KeYEnvironment.java:261)
	at de.uka.ilkd.key.proof.runallproofs.proofcollection.TestFile.load(TestFile.java:270)
	at de.uka.ilkd.key.proof.runallproofs.proofcollection.TestFile.runKey(TestFile.java:160)
	at de.uka.ilkd.key.proof.runallproofs.proofcollection.ForkedTestFileRunner.main(ForkedTestFileRunner.java:171)
Caused by: de.uka.ilkd.key.proof.init.ProofInputException: Could not find rule file rules/intRulesCheckedSemantics.key
	at de.uka.ilkd.key.proof.io.KeYFile.readIncludes(KeYFile.java:210)
	at de.uka.ilkd.key.proof.init.ProblemInitializer.readIncludes(ProblemInitializer.java:177)
	at de.uka.ilkd.key.proof.init.ProblemInitializer.readEnvInput(ProblemInitializer.java:325)
	at de.uka.ilkd.key.proof.init.ProblemInitializer.prepare(ProblemInitializer.java:449)
	at de.uka.ilkd.key.proof.io.AbstractProblemLoader.createInitConfig(AbstractProblemLoader.java:518)
	at de.uka.ilkd.key.proof.io.AbstractProblemLoader.loadEnvironment(AbstractProblemLoader.java:288)
	at de.uka.ilkd.key.proof.io.AbstractProblemLoader.load(AbstractProblemLoader.java:252)
	at de.uka.ilkd.key.control.AbstractUserInterfaceControl.load(AbstractUserInterfaceControl.java:209)
	... 7 more
Caused by: java.lang.RuntimeException: Could not find rule file rules/intRulesCheckedSemantics.key
	at de.uka.ilkd.key.proof.io.RuleSourceFactory.fromBuiltInRule(RuleSourceFactory.java:32)
	at de.uka.ilkd.key.proof.io.RuleSourceFactory.fromDefaultLocation(RuleSourceFactory.java:21)
	at de.uka.ilkd.key.nparser.builder.IncludeFinder.addInclude(IncludeFinder.java:63)
	at de.uka.ilkd.key.nparser.builder.IncludeFinder.visitOne_include(IncludeFinder.java:43)
	at de.uka.ilkd.key.nparser.builder.IncludeFinder.visitOne_include(IncludeFinder.java:20)
	at de.uka.ilkd.key.nparser.KeYParser$One_includeContext.accept(KeYParser.java:878)
	at de.uka.ilkd.key.nparser.builder.AbstractBuilder.lambda$mapOf$0(AbstractBuilder.java:112)
	at java.base/java.util.stream.ReferencePipeline$3$1.accept(ReferencePipeline.java:195)
	at java.base/java.util.ArrayList$ArrayListSpliterator.forEachRemaining(ArrayList.java:1655)
	at java.base/java.util.stream.AbstractPipeline.copyInto(AbstractPipeline.java:484)
	at java.base/java.util.stream.AbstractPipeline.wrapAndCopyInto(AbstractPipeline.java:474)
	at java.base/java.util.stream.ReduceOps$ReduceOp.evaluateSequential(ReduceOps.java:913)
	at java.base/java.util.stream.AbstractPipeline.evaluate(AbstractPipeline.java:234)
	at java.base/java.util.stream.ReferencePipeline.collect(ReferencePipeline.java:578)
	at de.uka.ilkd.key.nparser.builder.AbstractBuilder.mapOf(AbstractBuilder.java:112)
	at de.uka.ilkd.key.nparser.builder.IncludeFinder.visitOne_include_statement(IncludeFinder.java:35)
	at de.uka.ilkd.key.nparser.builder.IncludeFinder.visitOne_include_statement(IncludeFinder.java:20)
	at de.uka.ilkd.key.nparser.KeYParser$One_include_statementContext.accept(KeYParser.java:802)
	at org.antlr.v4.runtime.tree.AbstractParseTreeVisitor.visitChildren(AbstractParseTreeVisitor.java:46)
	at de.uka.ilkd.key.nparser.KeYParserBaseVisitor.visitDecls(KeYParserBaseVisitor.java:30)
	at de.uka.ilkd.key.nparser.KeYParser$DeclsContext.accept(KeYParser.java:500)
	at org.antlr.v4.runtime.tree.AbstractParseTreeVisitor.visitChildren(AbstractParseTreeVisitor.java:46)
	at de.uka.ilkd.key.nparser.KeYParserBaseVisitor.visitFile(KeYParserBaseVisitor.java:23)
	at de.uka.ilkd.key.nparser.KeYParser$FileContext.accept(KeYParser.java:306)
	at de.uka.ilkd.key.nparser.KeyAst.accept(KeyAst.java:41)
	at de.uka.ilkd.key.nparser.KeyAst$File.getIncludes(KeyAst.java:76)
	at de.uka.ilkd.key.proof.io.KeYFile.readIncludes(KeYFile.java:208)
	... 14 more
Could not find rule file rules/intRulesCheckedSemantics.key (file: /home/runner/work/key/key/key.core/../key.ui/examples/index/../InformationFlow/ToyVoting/Voter(Voter__publishVoterParticipation()).Non-interference contract.0.key; caused by: de.uka.ilkd.key.proof.init.ProofInputException: Could not find rule file rules/intRulesCheckedSemantics.key)
	at de.uka.ilkd.key.control.AbstractUserInterfaceControl.load(AbstractUserInterfaceControl.java:221)
	at de.uka.ilkd.key.control.KeYEnvironment.load(KeYEnvironment.java:251)
	at de.uka.ilkd.key.control.KeYEnvironment.load(KeYEnvironment.java:224)
	at de.uka.ilkd.key.control.KeYEnvironment.load(KeYEnvironment.java:184)
	at de.uka.ilkd.key.control.KeYEnvironment.load(KeYEnvironment.java:261)
	at de.uka.ilkd.key.proof.runallproofs.proofcollection.TestFile.load(TestFile.java:270)
	at de.uka.ilkd.key.proof.runallproofs.proofcollection.TestFile.runKey(TestFile.java:160)
	at de.uka.ilkd.key.proof.runallproofs.proofcollection.ForkedTestFileRunner.main(ForkedTestFileRunner.java:171)
Caused by: de.uka.ilkd.key.proof.init.ProofInputException: Could not find rule file rules/intRulesCheckedSemantics.key
	at de.uka.ilkd.key.proof.io.KeYFile.readIncludes(KeYFile.java:210)
	at de.uka.ilkd.key.proof.init.ProblemInitializer.readIncludes(ProblemInitializer.java:177)
	at de.uka.ilkd.key.proof.init.ProblemInitializer.readEnvInput(ProblemInitializer.java:325)
	at de.uka.ilkd.key.proof.init.ProblemInitializer.prepare(ProblemInitializer.java:449)
	at de.uka.ilkd.key.proof.io.AbstractProblemLoader.createInitConfig(AbstractProblemLoader.java:518)
	at de.uka.ilkd.key.proof.io.AbstractProblemLoader.loadEnvironment(AbstractProblemLoader.java:288)
	at de.uka.ilkd.key.proof.io.AbstractProblemLoader.load(AbstractProblemLoader.java:252)
	at de.uka.ilkd.key.control.AbstractUserInterfaceControl.load(AbstractUserInterfaceControl.java:209)
	... 7 more
Caused by: java.lang.RuntimeException: Could not find rule file rules/intRulesCheckedSemantics.key
	at de.uka.ilkd.key.proof.io.RuleSourceFactory.fromBuiltInRule(RuleSourceFactory.java:32)
	at de.uka.ilkd.key.proof.io.RuleSourceFactory.fromDefaultLocation(RuleSourceFactory.java:21)
	at de.uka.ilkd.key.nparser.builder.IncludeFinder.addInclude(IncludeFinder.java:63)
	at de.uka.ilkd.key.nparser.builder.IncludeFinder.visitOne_include(IncludeFinder.java:43)
	at de.uka.ilkd.key.nparser.builder.IncludeFinder.visitOne_include(IncludeFinder.java:20)
	at de.uka.ilkd.key.nparser.KeYParser$One_includeContext.accept(KeYParser.java:878)
	at de.uka.ilkd.key.nparser.builder.AbstractBuilder.lambda$mapOf$0(AbstractBuilder.java:112)
	at java.base/java.util.stream.ReferencePipeline$3$1.accept(ReferencePipeline.java:195)
	at java.base/java.util.ArrayList$ArrayListSpliterator.forEachRemaining(ArrayList.java:1655)
	at java.base/java.util.stream.AbstractPipeline.copyInto(AbstractPipeline.java:484)
	at java.base/java.util.stream.AbstractPipeline.wrapAndCopyInto(AbstractPipeline.java:474)
	at java.base/java.util.stream.ReduceOps$ReduceOp.evaluateSequential(ReduceOps.java:913)
	at java.base/java.util.stream.AbstractPipeline.evaluate(AbstractPipeline.java:234)
	at java.base/java.util.stream.ReferencePipeline.collect(ReferencePipeline.java:578)
	at de.uka.ilkd.key.nparser.builder.AbstractBuilder.mapOf(AbstractBuilder.java:112)
	at de.uka.ilkd.key.nparser.builder.IncludeFinder.visitOne_include_statement(IncludeFinder.java:35)
	at de.uka.ilkd.key.nparser.builder.IncludeFinder.visitOne_include_statement(IncludeFinder.java:20)
	at de.uka.ilkd.key.nparser.KeYParser$One_include_statementContext.accept(KeYParser.java:802)
	at org.antlr.v4.runtime.tree.AbstractParseTreeVisitor.visitChildren(AbstractParseTreeVisitor.java:46)
	at de.uka.ilkd.key.nparser.KeYParserBaseVisitor.visitDecls(KeYParserBaseVisitor.java:30)
	at de.uka.ilkd.key.nparser.KeYParser$DeclsContext.accept(KeYParser.java:500)
	at org.antlr.v4.runtime.tree.AbstractParseTreeVisitor.visitChildren(AbstractParseTreeVisitor.java:46)
	at de.uka.ilkd.key.nparser.KeYParserBaseVisitor.visitFile(KeYParserBaseVisitor.java:23)
	at de.uka.ilkd.key.nparser.KeYParser$FileContext.accept(KeYParser.java:306)
	at de.uka.ilkd.key.nparser.KeyAst.accept(KeyAst.java:41)
	at de.uka.ilkd.key.nparser.KeyAst$File.getIncludes(KeyAst.java:76)
	at de.uka.ilkd.key.proof.io.KeYFile.readIncludes(KeYFile.java:208)
	... 14 more
Could not find rule file rules/intRulesCheckedSemantics.key (file: /home/runner/work/key/key/key.core/../key.ui/examples/index/../InformationFlow/ToyVoting/Voter(Voter__isValid(int)).Non-interference contract.0.key; caused by: de.uka.ilkd.key.proof.init.ProofInputException: Could not find rule file rules/intRulesCheckedSemantics.key)
	at de.uka.ilkd.key.control.AbstractUserInterfaceControl.load(AbstractUserInterfaceControl.java:221)
	at de.uka.ilkd.key.control.KeYEnvironment.load(KeYEnvironment.java:251)
	at de.uka.ilkd.key.control.KeYEnvironment.load(KeYEnvironment.java:224)
	at de.uka.ilkd.key.control.KeYEnvironment.load(KeYEnvironment.java:184)
	at de.uka.ilkd.key.control.KeYEnvironment.load(KeYEnvironment.java:261)
	at de.uka.ilkd.key.proof.runallproofs.proofcollection.TestFile.load(TestFile.java:270)
	at de.uka.ilkd.key.proof.runallproofs.proofcollection.TestFile.runKey(TestFile.java:160)
	at de.uka.ilkd.key.proof.runallproofs.proofcollection.ForkedTestFileRunner.main(ForkedTestFileRunner.java:171)
Caused by: de.uka.ilkd.key.proof.init.ProofInputException: Could not find rule file rules/intRulesCheckedSemantics.key
	at de.uka.ilkd.key.proof.io.KeYFile.readIncludes(KeYFile.java:210)
	at de.uka.ilkd.key.proof.init.ProblemInitializer.readIncludes(ProblemInitializer.java:177)
	at de.uka.ilkd.key.proof.init.ProblemInitializer.readEnvInput(ProblemInitializer.java:325)
	at de.uka.ilkd.key.proof.init.ProblemInitializer.prepare(ProblemInitializer.java:449)
	at de.uka.ilkd.key.proof.io.AbstractProblemLoader.createInitConfig(AbstractProblemLoader.java:518)
	at de.uka.ilkd.key.proof.io.AbstractProblemLoader.loadEnvironment(AbstractProblemLoader.java:288)
	at de.uka.ilkd.key.proof.io.AbstractProblemLoader.load(AbstractProblemLoader.java:252)
	at de.uka.ilkd.key.control.AbstractUserInterfaceControl.load(AbstractUserInterfaceControl.java:209)
	... 7 more
Caused by: java.lang.RuntimeException: Could not find rule file rules/intRulesCheckedSemantics.key
	at de.uka.ilkd.key.proof.io.RuleSourceFactory.fromBuiltInRule(RuleSourceFactory.java:32)
	at de.uka.ilkd.key.proof.io.RuleSourceFactory.fromDefaultLocation(RuleSourceFactory.java:21)
	at de.uka.ilkd.key.nparser.builder.IncludeFinder.addInclude(IncludeFinder.java:63)
	at de.uka.ilkd.key.nparser.builder.IncludeFinder.visitOne_include(IncludeFinder.java:43)
	at de.uka.ilkd.key.nparser.builder.IncludeFinder.visitOne_include(IncludeFinder.java:20)
	at de.uka.ilkd.key.nparser.KeYParser$One_includeContext.accept(KeYParser.java:878)
	at de.uka.ilkd.key.nparser.builder.AbstractBuilder.lambda$mapOf$0(AbstractBuilder.java:112)
	at java.base/java.util.stream.ReferencePipeline$3$1.accept(ReferencePipeline.java:195)
	at java.base/java.util.ArrayList$ArrayListSpliterator.forEachRemaining(ArrayList.java:1655)
	at java.base/java.util.stream.AbstractPipeline.copyInto(AbstractPipeline.java:484)
	at java.base/java.util.stream.AbstractPipeline.wrapAndCopyInto(AbstractPipeline.java:474)
	at java.base/java.util.stream.ReduceOps$ReduceOp.evaluateSequential(ReduceOps.java:913)
	at java.base/java.util.stream.AbstractPipeline.evaluate(AbstractPipeline.java:234)
	at java.base/java.util.stream.ReferencePipeline.collect(ReferencePipeline.java:578)
	at de.uka.ilkd.key.nparser.builder.AbstractBuilder.mapOf(AbstractBuilder.java:112)
	at de.uka.ilkd.key.nparser.builder.IncludeFinder.visitOne_include_statement(IncludeFinder.java:35)
	at de.uka.ilkd.key.nparser.builder.IncludeFinder.visitOne_include_statement(IncludeFinder.java:20)
	at de.uka.ilkd.key.nparser.KeYParser$One_include_statementContext.accept(KeYParser.java:802)
	at org.antlr.v4.runtime.tree.AbstractParseTreeVisitor.visitChildren(AbstractParseTreeVisitor.java:46)
	at de.uka.ilkd.key.nparser.KeYParserBaseVisitor.visitDecls(KeYParserBaseVisitor.java:30)
	at de.uka.ilkd.key.nparser.KeYParser$DeclsContext.accept(KeYParser.java:500)
	at org.antlr.v4.runtime.tree.AbstractParseTreeVisitor.visitChildren(AbstractParseTreeVisitor.java:46)
	at de.uka.ilkd.key.nparser.KeYParserBaseVisitor.visitFile(KeYParserBaseVisitor.java:23)
	at de.uka.ilkd.key.nparser.KeYParser$FileContext.accept(KeYParser.java:306)
	at de.uka.ilkd.key.nparser.KeyAst.accept(KeyAst.java:41)
	at de.uka.ilkd.key.nparser.KeyAst$File.getIncludes(KeyAst.java:76)
	at de.uka.ilkd.key.proof.io.KeYFile.readIncludes(KeYFile.java:208)
	... 14 more
Could not find rule file rules/intRulesCheckedSemantics.key (file: /home/runner/work/key/key/key.core/../key.ui/examples/index/../InformationFlow/ToyVoting/Voter(Voter__sendVote(int)).Non-interference contract.0.key; caused by: de.uka.ilkd.key.proof.init.ProofInputException: Could not find rule file rules/intRulesCheckedSemantics.key)
	at de.uka.ilkd.key.control.AbstractUserInterfaceControl.load(AbstractUserInterfaceControl.java:221)
	at de.uka.ilkd.key.control.KeYEnvironment.load(KeYEnvironment.java:251)
	at de.uka.ilkd.key.control.KeYEnvironment.load(KeYEnvironment.java:224)
	at de.uka.ilkd.key.control.KeYEnvironment.load(KeYEnvironment.java:184)
	at de.uka.ilkd.key.control.KeYEnvironment.load(KeYEnvironment.java:261)
	at de.uka.ilkd.key.proof.runallproofs.proofcollection.TestFile.load(TestFile.java:270)
	at de.uka.ilkd.key.proof.runallproofs.proofcollection.TestFile.runKey(TestFile.java:160)
	at de.uka.ilkd.key.proof.runallproofs.proofcollection.ForkedTestFileRunner.main(ForkedTestFileRunner.java:171)
Caused by: de.uka.ilkd.key.proof.init.ProofInputException: Could not find rule file rules/intRulesCheckedSemantics.key
	at de.uka.ilkd.key.proof.io.KeYFile.readIncludes(KeYFile.java:210)
	at de.uka.ilkd.key.proof.init.ProblemInitializer.readIncludes(ProblemInitializer.java:177)
	at de.uka.ilkd.key.proof.init.ProblemInitializer.readEnvInput(ProblemInitializer.java:325)
	at de.uka.ilkd.key.proof.init.ProblemInitializer.prepare(ProblemInitializer.java:449)
	at de.uka.ilkd.key.proof.io.AbstractProblemLoader.createInitConfig(AbstractProblemLoader.java:518)
	at de.uka.ilkd.key.proof.io.AbstractProblemLoader.loadEnvironment(AbstractProblemLoader.java:288)
	at de.uka.ilkd.key.proof.io.AbstractProblemLoader.load(AbstractProblemLoader.java:252)
	at de.uka.ilkd.key.control.AbstractUserInterfaceControl.load(AbstractUserInterfaceControl.java:209)
	... 7 more
Caused by: java.lang.RuntimeException: Could not find rule file rules/intRulesCheckedSemantics.key
	at de.uka.ilkd.key.proof.io.RuleSourceFactory.fromBuiltInRule(RuleSourceFactory.java:32)
	at de.uka.ilkd.key.proof.io.RuleSourceFactory.fromDefaultLocation(RuleSourceFactory.java:21)
	at de.uka.ilkd.key.nparser.builder.IncludeFinder.addInclude(IncludeFinder.java:63)
	at de.uka.ilkd.key.nparser.builder.IncludeFinder.visitOne_include(IncludeFinder.java:43)
	at de.uka.ilkd.key.nparser.builder.IncludeFinder.visitOne_include(IncludeFinder.java:20)
	at de.uka.ilkd.key.nparser.KeYParser$One_includeContext.accept(KeYParser.java:878)
	at de.uka.ilkd.key.nparser.builder.AbstractBuilder.lambda$mapOf$0(AbstractBuilder.java:112)
	at java.base/java.util.stream.ReferencePipeline$3$1.accept(ReferencePipeline.java:195)
	at java.base/java.util.ArrayList$ArrayListSpliterator.forEachRemaining(ArrayList.java:1655)
	at java.base/java.util.stream.AbstractPipeline.copyInto(AbstractPipeline.java:484)
	at java.base/java.util.stream.AbstractPipeline.wrapAndCopyInto(AbstractPipeline.java:474)
	at java.base/java.util.stream.ReduceOps$ReduceOp.evaluateSequential(ReduceOps.java:913)
	at java.base/java.util.stream.AbstractPipeline.evaluate(AbstractPipeline.java:234)
	at java.base/java.util.stream.ReferencePipeline.collect(ReferencePipeline.java:578)
	at de.uka.ilkd.key.nparser.builder.AbstractBuilder.mapOf(AbstractBuilder.java:112)
	at de.uka.ilkd.key.nparser.builder.IncludeFinder.visitOne_include_statement(IncludeFinder.java:35)
	at de.uka.ilkd.key.nparser.builder.IncludeFinder.visitOne_include_statement(IncludeFinder.java:20)
	at de.uka.ilkd.key.nparser.KeYParser$One_include_statementContext.accept(KeYParser.java:802)
	at org.antlr.v4.runtime.tree.AbstractParseTreeVisitor.visitChildren(AbstractParseTreeVisitor.java:46)
	at de.uka.ilkd.key.nparser.KeYParserBaseVisitor.visitDecls(KeYParserBaseVisitor.java:30)
	at de.uka.ilkd.key.nparser.KeYParser$DeclsContext.accept(KeYParser.java:500)
	at org.antlr.v4.runtime.tree.AbstractParseTreeVisitor.visitChildren(AbstractParseTreeVisitor.java:46)
	at de.uka.ilkd.key.nparser.KeYParserBaseVisitor.visitFile(KeYParserBaseVisitor.java:23)
	at de.uka.ilkd.key.nparser.KeYParser$FileContext.accept(KeYParser.java:306)
	at de.uka.ilkd.key.nparser.KeyAst.accept(KeyAst.java:41)
	at de.uka.ilkd.key.nparser.KeyAst$File.getIncludes(KeyAst.java:76)
	at de.uka.ilkd.key.proof.io.KeYFile.readIncludes(KeYFile.java:208)
	... 14 more
Could not find rule file rules/intRulesCheckedSemantics.key (file: /home/runner/work/key/key/key.core/../key.ui/examples/index/../InformationFlow/ToyVoting/Voter(Voter__inputVote()).Non-interference contract.0.key; caused by: de.uka.ilkd.key.proof.init.ProofInputException: Could not find rule file rules/intRulesCheckedSemantics.key)
	at de.uka.ilkd.key.control.AbstractUserInterfaceControl.load(AbstractUserInterfaceControl.java:221)
	at de.uka.ilkd.key.control.KeYEnvironment.load(KeYEnvironment.java:251)
	at de.uka.ilkd.key.control.KeYEnvironment.load(KeYEnvironment.java:224)
	at de.uka.ilkd.key.control.KeYEnvironment.load(KeYEnvironment.java:184)
	at de.uka.ilkd.key.control.KeYEnvironment.load(KeYEnvironment.java:261)
	at de.uka.ilkd.key.proof.runallproofs.proofcollection.TestFile.load(TestFile.java:270)
	at de.uka.ilkd.key.proof.runallproofs.proofcollection.TestFile.runKey(TestFile.java:160)
	at de.uka.ilkd.key.proof.runallproofs.proofcollection.ForkedTestFileRunner.main(ForkedTestFileRunner.java:171)
Caused by: de.uka.ilkd.key.proof.init.ProofInputException: Could not find rule file rules/intRulesCheckedSemantics.key
	at de.uka.ilkd.key.proof.io.KeYFile.readIncludes(KeYFile.java:210)
	at de.uka.ilkd.key.proof.init.ProblemInitializer.readIncludes(ProblemInitializer.java:177)
	at de.uka.ilkd.key.proof.init.ProblemInitializer.readEnvInput(ProblemInitializer.java:325)
	at de.uka.ilkd.key.proof.init.ProblemInitializer.prepare(ProblemInitializer.java:449)
	at de.uka.ilkd.key.proof.io.AbstractProblemLoader.createInitConfig(AbstractProblemLoader.java:518)
	at de.uka.ilkd.key.proof.io.AbstractProblemLoader.loadEnvironment(AbstractProblemLoader.java:288)
	at de.uka.ilkd.key.proof.io.AbstractProblemLoader.load(AbstractProblemLoader.java:252)
	at de.uka.ilkd.key.control.AbstractUserInterfaceControl.load(AbstractUserInterfaceControl.java:209)
	... 7 more
Caused by: java.lang.RuntimeException: Could not find rule file rules/intRulesCheckedSemantics.key
	at de.uka.ilkd.key.proof.io.RuleSourceFactory.fromBuiltInRule(RuleSourceFactory.java:32)
	at de.uka.ilkd.key.proof.io.RuleSourceFactory.fromDefaultLocation(RuleSourceFactory.java:21)
	at de.uka.ilkd.key.nparser.builder.IncludeFinder.addInclude(IncludeFinder.java:63)
	at de.uka.ilkd.key.nparser.builder.IncludeFinder.visitOne_include(IncludeFinder.java:43)
	at de.uka.ilkd.key.nparser.builder.IncludeFinder.visitOne_include(IncludeFinder.java:20)
	at de.uka.ilkd.key.nparser.KeYParser$One_includeContext.accept(KeYParser.java:878)
	at de.uka.ilkd.key.nparser.builder.AbstractBuilder.lambda$mapOf$0(AbstractBuilder.java:112)
	at java.base/java.util.stream.ReferencePipeline$3$1.accept(ReferencePipeline.java:195)
	at java.base/java.util.ArrayList$ArrayListSpliterator.forEachRemaining(ArrayList.java:1655)
	at java.base/java.util.stream.AbstractPipeline.copyInto(AbstractPipeline.java:484)
	at java.base/java.util.stream.AbstractPipeline.wrapAndCopyInto(AbstractPipeline.java:474)
	at java.base/java.util.stream.ReduceOps$ReduceOp.evaluateSequential(ReduceOps.java:913)
	at java.base/java.util.stream.AbstractPipeline.evaluate(AbstractPipeline.java:234)
	at java.base/java.util.stream.ReferencePipeline.collect(ReferencePipeline.java:578)
	at de.uka.ilkd.key.nparser.builder.AbstractBuilder.mapOf(AbstractBuilder.java:112)
	at de.uka.ilkd.key.nparser.builder.IncludeFinder.visitOne_include_statement(IncludeFinder.java:35)
	at de.uka.ilkd.key.nparser.builder.IncludeFinder.visitOne_include_statement(IncludeFinder.java:20)
	at de.uka.ilkd.key.nparser.KeYParser$One_include_statementContext.accept(KeYParser.java:802)
	at org.antlr.v4.runtime.tree.AbstractParseTreeVisitor.visitChildren(AbstractParseTreeVisitor.java:46)
	at de.uka.ilkd.key.nparser.KeYParserBaseVisitor.visitDecls(KeYParserBaseVisitor.java:30)
	at de.uka.ilkd.key.nparser.KeYParser$DeclsContext.accept(KeYParser.java:500)
	at org.antlr.v4.runtime.tree.AbstractParseTreeVisitor.visitChildren(AbstractParseTreeVisitor.java:46)
	at de.uka.ilkd.key.nparser.KeYParserBaseVisitor.visitFile(KeYParserBaseVisitor.java:23)
	at de.uka.ilkd.key.nparser.KeYParser$FileContext.accept(KeYParser.java:306)
	at de.uka.ilkd.key.nparser.KeyAst.accept(KeyAst.java:41)
	at de.uka.ilkd.key.nparser.KeyAst$File.getIncludes(KeyAst.java:76)
	at de.uka.ilkd.key.proof.io.KeYFile.readIncludes(KeYFile.java:208)
	... 14 more
Exception in thread "main" org.opentest4j.AssertionFailedError: Exception during the execution of proofs. See log for more details.
	at org.junit.jupiter.api.AssertionUtils.fail(AssertionUtils.java:39)
	at org.junit.jupiter.api.Assertions.fail(Assertions.java:134)
	at de.uka.ilkd.key.proof.runallproofs.proofcollection.ForkedTestFileRunner.main(ForkedTestFileRunner.java:192)
Timeout watcher launched (1000 secs.)
Could not find rule file rules/intRulesCheckedSemantics.key (file: /home/runner/work/key/key/key.core/../key.ui/examples/index/../InformationFlow/Sum/SumExample(SumExample__getSum()).Non-interference contract.0.key; caused by: de.uka.ilkd.key.proof.init.ProofInputException: Could not find rule file rules/intRulesCheckedSemantics.key)
	at de.uka.ilkd.key.control.AbstractUserInterfaceControl.load(AbstractUserInterfaceControl.java:221)
	at de.uka.ilkd.key.control.KeYEnvironment.load(KeYEnvironment.java:251)
	at de.uka.ilkd.key.control.KeYEnvironment.load(KeYEnvironment.java:224)
	at de.uka.ilkd.key.control.KeYEnvironment.load(KeYEnvironment.java:184)
	at de.uka.ilkd.key.control.KeYEnvironment.load(KeYEnvironment.java:261)
	at de.uka.ilkd.key.proof.runallproofs.proofcollection.TestFile.load(TestFile.java:270)
	at de.uka.ilkd.key.proof.runallproofs.proofcollection.TestFile.runKey(TestFile.java:160)
	at de.uka.ilkd.key.proof.runallproofs.proofcollection.ForkedTestFileRunner.main(ForkedTestFileRunner.java:171)
Caused by: de.uka.ilkd.key.proof.init.ProofInputException: Could not find rule file rules/intRulesCheckedSemantics.key
	at de.uka.ilkd.key.proof.io.KeYFile.readIncludes(KeYFile.java:210)
	at de.uka.ilkd.key.proof.init.ProblemInitializer.readIncludes(ProblemInitializer.java:177)
	at de.uka.ilkd.key.proof.init.ProblemInitializer.readEnvInput(ProblemInitializer.java:325)
	at de.uka.ilkd.key.proof.init.ProblemInitializer.prepare(ProblemInitializer.java:449)
	at de.uka.ilkd.key.proof.io.AbstractProblemLoader.createInitConfig(AbstractProblemLoader.java:518)
	at de.uka.ilkd.key.proof.io.AbstractProblemLoader.loadEnvironment(AbstractProblemLoader.java:288)
	at de.uka.ilkd.key.proof.io.AbstractProblemLoader.load(AbstractProblemLoader.java:252)
	at de.uka.ilkd.key.control.AbstractUserInterfaceControl.load(AbstractUserInterfaceControl.java:209)
	... 7 more
Caused by: java.lang.RuntimeException: Could not find rule file rules/intRulesCheckedSemantics.key
	at de.uka.ilkd.key.proof.io.RuleSourceFactory.fromBuiltInRule(RuleSourceFactory.java:32)
	at de.uka.ilkd.key.proof.io.RuleSourceFactory.fromDefaultLocation(RuleSourceFactory.java:21)
	at de.uka.ilkd.key.nparser.builder.IncludeFinder.addInclude(IncludeFinder.java:63)
	at de.uka.ilkd.key.nparser.builder.IncludeFinder.visitOne_include(IncludeFinder.java:43)
	at de.uka.ilkd.key.nparser.builder.IncludeFinder.visitOne_include(IncludeFinder.java:20)
	at de.uka.ilkd.key.nparser.KeYParser$One_includeContext.accept(KeYParser.java:878)
	at de.uka.ilkd.key.nparser.builder.AbstractBuilder.lambda$mapOf$0(AbstractBuilder.java:112)
	at java.base/java.util.stream.ReferencePipeline$3$1.accept(ReferencePipeline.java:195)
	at java.base/java.util.ArrayList$ArrayListSpliterator.forEachRemaining(ArrayList.java:1655)
	at java.base/java.util.stream.AbstractPipeline.copyInto(AbstractPipeline.java:484)
	at java.base/java.util.stream.AbstractPipeline.wrapAndCopyInto(AbstractPipeline.java:474)
	at java.base/java.util.stream.ReduceOps$ReduceOp.evaluateSequential(ReduceOps.java:913)
	at java.base/java.util.stream.AbstractPipeline.evaluate(AbstractPipeline.java:234)
	at java.base/java.util.stream.ReferencePipeline.collect(ReferencePipeline.java:578)
	at de.uka.ilkd.key.nparser.builder.AbstractBuilder.mapOf(AbstractBuilder.java:112)
	at de.uka.ilkd.key.nparser.builder.IncludeFinder.visitOne_include_statement(IncludeFinder.java:35)
	at de.uka.ilkd.key.nparser.builder.IncludeFinder.visitOne_include_statement(IncludeFinder.java:20)
	at de.uka.ilkd.key.nparser.KeYParser$One_include_statementContext.accept(KeYParser.java:802)
	at org.antlr.v4.runtime.tree.AbstractParseTreeVisitor.visitChildren(AbstractParseTreeVisitor.java:46)
	at de.uka.ilkd.key.nparser.KeYParserBaseVisitor.visitDecls(KeYParserBaseVisitor.java:30)
	at de.uka.ilkd.key.nparser.KeYParser$DeclsContext.accept(KeYParser.java:500)
	at org.antlr.v4.runtime.tree.AbstractParseTreeVisitor.visitChildren(AbstractParseTreeVisitor.java:46)
	at de.uka.ilkd.key.nparser.KeYParserBaseVisitor.visitFile(KeYParserBaseVisitor.java:23)
	at de.uka.ilkd.key.nparser.KeYParser$FileContext.accept(KeYParser.java:306)
	at de.uka.ilkd.key.nparser.KeyAst.accept(KeyAst.java:41)
	at de.uka.ilkd.key.nparser.KeyAst$File.getIncludes(KeyAst.java:76)
	at de.uka.ilkd.key.proof.io.KeYFile.readIncludes(KeYFile.java:208)
	... 14 more
Exception in thread "main" org.opentest4j.AssertionFailedError: Exception during the execution of proofs. See log for more details.
	at org.junit.jupiter.api.AssertionUtils.fail(AssertionUtils.java:39)
	at org.junit.jupiter.api.Assertions.fail(Assertions.java:134)
	at de.uka.ilkd.key.proof.runallproofs.proofcollection.ForkedTestFileRunner.main(ForkedTestFileRunner.java:192)
Timeout watcher launched (1000 secs.)
Could not find rule file rules/intRulesCheckedSemantics.key (file: /home/runner/work/key/key/key.core/../key.ui/examples/index/../InformationFlow/ToyBanking/banking_example.UserAccount(banking_example.UserAccount__getBankAccount(int)).Non-interference contract.0.key; caused by: de.uka.ilkd.key.proof.init.ProofInputException: Could not find rule file rules/intRulesCheckedSemantics.key)
	at de.uka.ilkd.key.control.AbstractUserInterfaceControl.load(AbstractUserInterfaceControl.java:221)
	at de.uka.ilkd.key.control.KeYEnvironment.load(KeYEnvironment.java:251)
	at de.uka.ilkd.key.control.KeYEnvironment.load(KeYEnvironment.java:224)
	at de.uka.ilkd.key.control.KeYEnvironment.load(KeYEnvironment.java:184)
	at de.uka.ilkd.key.control.KeYEnvironment.load(KeYEnvironment.java:261)
	at de.uka.ilkd.key.proof.runallproofs.proofcollection.TestFile.load(TestFile.java:270)
	at de.uka.ilkd.key.proof.runallproofs.proofcollection.TestFile.runKey(TestFile.java:160)
	at de.uka.ilkd.key.proof.runallproofs.proofcollection.ForkedTestFileRunner.main(ForkedTestFileRunner.java:171)
Caused by: de.uka.ilkd.key.proof.init.ProofInputException: Could not find rule file rules/intRulesCheckedSemantics.key
	at de.uka.ilkd.key.proof.io.KeYFile.readIncludes(KeYFile.java:210)
	at de.uka.ilkd.key.proof.init.ProblemInitializer.readIncludes(ProblemInitializer.java:177)
	at de.uka.ilkd.key.proof.init.ProblemInitializer.readEnvInput(ProblemInitializer.java:325)
	at de.uka.ilkd.key.proof.init.ProblemInitializer.prepare(ProblemInitializer.java:449)
	at de.uka.ilkd.key.proof.io.AbstractProblemLoader.createInitConfig(AbstractProblemLoader.java:518)
	at de.uka.ilkd.key.proof.io.AbstractProblemLoader.loadEnvironment(AbstractProblemLoader.java:288)
	at de.uka.ilkd.key.proof.io.AbstractProblemLoader.load(AbstractProblemLoader.java:252)
	at de.uka.ilkd.key.control.AbstractUserInterfaceControl.load(AbstractUserInterfaceControl.java:209)
	... 7 more
Caused by: java.lang.RuntimeException: Could not find rule file rules/intRulesCheckedSemantics.key
	at de.uka.ilkd.key.proof.io.RuleSourceFactory.fromBuiltInRule(RuleSourceFactory.java:32)
	at de.uka.ilkd.key.proof.io.RuleSourceFactory.fromDefaultLocation(RuleSourceFactory.java:21)
	at de.uka.ilkd.key.nparser.builder.IncludeFinder.addInclude(IncludeFinder.java:63)
	at de.uka.ilkd.key.nparser.builder.IncludeFinder.visitOne_include(IncludeFinder.java:43)
	at de.uka.ilkd.key.nparser.builder.IncludeFinder.visitOne_include(IncludeFinder.java:20)
	at de.uka.ilkd.key.nparser.KeYParser$One_includeContext.accept(KeYParser.java:878)
	at de.uka.ilkd.key.nparser.builder.AbstractBuilder.lambda$mapOf$0(AbstractBuilder.java:112)
	at java.base/java.util.stream.ReferencePipeline$3$1.accept(ReferencePipeline.java:195)
	at java.base/java.util.ArrayList$ArrayListSpliterator.forEachRemaining(ArrayList.java:1655)
	at java.base/java.util.stream.AbstractPipeline.copyInto(AbstractPipeline.java:484)
	at java.base/java.util.stream.AbstractPipeline.wrapAndCopyInto(AbstractPipeline.java:474)
	at java.base/java.util.stream.ReduceOps$ReduceOp.evaluateSequential(ReduceOps.java:913)
	at java.base/java.util.stream.AbstractPipeline.evaluate(AbstractPipeline.java:234)
	at java.base/java.util.stream.ReferencePipeline.collect(ReferencePipeline.java:578)
	at de.uka.ilkd.key.nparser.builder.AbstractBuilder.mapOf(AbstractBuilder.java:112)
	at de.uka.ilkd.key.nparser.builder.IncludeFinder.visitOne_include_statement(IncludeFinder.java:35)
	at de.uka.ilkd.key.nparser.builder.IncludeFinder.visitOne_include_statement(IncludeFinder.java:20)
	at de.uka.ilkd.key.nparser.KeYParser$One_include_statementContext.accept(KeYParser.java:802)
	at org.antlr.v4.runtime.tree.AbstractParseTreeVisitor.visitChildren(AbstractParseTreeVisitor.java:46)
	at de.uka.ilkd.key.nparser.KeYParserBaseVisitor.visitDecls(KeYParserBaseVisitor.java:30)
	at de.uka.ilkd.key.nparser.KeYParser$DeclsContext.accept(KeYParser.java:500)
	at org.antlr.v4.runtime.tree.AbstractParseTreeVisitor.visitChildren(AbstractParseTreeVisitor.java:46)
	at de.uka.ilkd.key.nparser.KeYParserBaseVisitor.visitFile(KeYParserBaseVisitor.java:23)
	at de.uka.ilkd.key.nparser.KeYParser$FileContext.accept(KeYParser.java:306)
	at de.uka.ilkd.key.nparser.KeyAst.accept(KeyAst.java:41)
	at de.uka.ilkd.key.nparser.KeyAst$File.getIncludes(KeyAst.java:76)
	at de.uka.ilkd.key.proof.io.KeYFile.readIncludes(KeYFile.java:208)
	... 14 more
Could not find rule file rules/intRulesCheckedSemantics.key (file: /home/runner/work/key/key/key.core/../key.ui/examples/index/../InformationFlow/ToyBanking/banking_example.BankAccount(banking_example.BankAccount__depositMoney(int)).Non-interference contract.0.key; caused by: de.uka.ilkd.key.proof.init.ProofInputException: Could not find rule file rules/intRulesCheckedSemantics.key)
	at de.uka.ilkd.key.control.AbstractUserInterfaceControl.load(AbstractUserInterfaceControl.java:221)
	at de.uka.ilkd.key.control.KeYEnvironment.load(KeYEnvironment.java:251)
	at de.uka.ilkd.key.control.KeYEnvironment.load(KeYEnvironment.java:224)
	at de.uka.ilkd.key.control.KeYEnvironment.load(KeYEnvironment.java:184)
	at de.uka.ilkd.key.control.KeYEnvironment.load(KeYEnvironment.java:261)
	at de.uka.ilkd.key.proof.runallproofs.proofcollection.TestFile.load(TestFile.java:270)
	at de.uka.ilkd.key.proof.runallproofs.proofcollection.TestFile.runKey(TestFile.java:160)
	at de.uka.ilkd.key.proof.runallproofs.proofcollection.ForkedTestFileRunner.main(ForkedTestFileRunner.java:171)
Caused by: de.uka.ilkd.key.proof.init.ProofInputException: Could not find rule file rules/intRulesCheckedSemantics.key
	at de.uka.ilkd.key.proof.io.KeYFile.readIncludes(KeYFile.java:210)
	at de.uka.ilkd.key.proof.init.ProblemInitializer.readIncludes(ProblemInitializer.java:177)
	at de.uka.ilkd.key.proof.init.ProblemInitializer.readEnvInput(ProblemInitializer.java:325)
	at de.uka.ilkd.key.proof.init.ProblemInitializer.prepare(ProblemInitializer.java:449)
	at de.uka.ilkd.key.proof.io.AbstractProblemLoader.createInitConfig(AbstractProblemLoader.java:518)
	at de.uka.ilkd.key.proof.io.AbstractProblemLoader.loadEnvironment(AbstractProblemLoader.java:288)
	at de.uka.ilkd.key.proof.io.AbstractProblemLoader.load(AbstractProblemLoader.java:252)
	at de.uka.ilkd.key.control.AbstractUserInterfaceControl.load(AbstractUserInterfaceControl.java:209)
	... 7 more
Caused by: java.lang.RuntimeException: Could not find rule file rules/intRulesCheckedSemantics.key
	at de.uka.ilkd.key.proof.io.RuleSourceFactory.fromBuiltInRule(RuleSourceFactory.java:32)
	at de.uka.ilkd.key.proof.io.RuleSourceFactory.fromDefaultLocation(RuleSourceFactory.java:21)
	at de.uka.ilkd.key.nparser.builder.IncludeFinder.addInclude(IncludeFinder.java:63)
	at de.uka.ilkd.key.nparser.builder.IncludeFinder.visitOne_include(IncludeFinder.java:43)
	at de.uka.ilkd.key.nparser.builder.IncludeFinder.visitOne_include(IncludeFinder.java:20)
	at de.uka.ilkd.key.nparser.KeYParser$One_includeContext.accept(KeYParser.java:878)
	at de.uka.ilkd.key.nparser.builder.AbstractBuilder.lambda$mapOf$0(AbstractBuilder.java:112)
	at java.base/java.util.stream.ReferencePipeline$3$1.accept(ReferencePipeline.java:195)
	at java.base/java.util.ArrayList$ArrayListSpliterator.forEachRemaining(ArrayList.java:1655)
	at java.base/java.util.stream.AbstractPipeline.copyInto(AbstractPipeline.java:484)
	at java.base/java.util.stream.AbstractPipeline.wrapAndCopyInto(AbstractPipeline.java:474)
	at java.base/java.util.stream.ReduceOps$ReduceOp.evaluateSequential(ReduceOps.java:913)
	at java.base/java.util.stream.AbstractPipeline.evaluate(AbstractPipeline.java:234)
	at java.base/java.util.stream.ReferencePipeline.collect(ReferencePipeline.java:578)
	at de.uka.ilkd.key.nparser.builder.AbstractBuilder.mapOf(AbstractBuilder.java:112)
	at de.uka.ilkd.key.nparser.builder.IncludeFinder.visitOne_include_statement(IncludeFinder.java:35)
	at de.uka.ilkd.key.nparser.builder.IncludeFinder.visitOne_include_statement(IncludeFinder.java:20)
	at de.uka.ilkd.key.nparser.KeYParser$One_include_statementContext.accept(KeYParser.java:802)
	at org.antlr.v4.runtime.tree.AbstractParseTreeVisitor.visitChildren(AbstractParseTreeVisitor.java:46)
	at de.uka.ilkd.key.nparser.KeYParserBaseVisitor.visitDecls(KeYParserBaseVisitor.java:30)
	at de.uka.ilkd.key.nparser.KeYParser$DeclsContext.accept(KeYParser.java:500)
	at org.antlr.v4.runtime.tree.AbstractParseTreeVisitor.visitChildren(AbstractParseTreeVisitor.java:46)
	at de.uka.ilkd.key.nparser.KeYParserBaseVisitor.visitFile(KeYParserBaseVisitor.java:23)
	at de.uka.ilkd.key.nparser.KeYParser$FileContext.accept(KeYParser.java:306)
	at de.uka.ilkd.key.nparser.KeyAst.accept(KeyAst.java:41)
	at de.uka.ilkd.key.nparser.KeyAst$File.getIncludes(KeyAst.java:76)
	at de.uka.ilkd.key.proof.io.KeYFile.readIncludes(KeYFile.java:208)
	... 14 more
Could not find rule file rules/intRulesCheckedSemantics.key (file: /home/runner/work/key/key/key.core/../key.ui/examples/index/../InformationFlow/ToyBanking/banking_example.BankAccount(banking_example.BankAccount__getBalance()).Non-interference contract.0.key; caused by: de.uka.ilkd.key.proof.init.ProofInputException: Could not find rule file rules/intRulesCheckedSemantics.key)
	at de.uka.ilkd.key.control.AbstractUserInterfaceControl.load(AbstractUserInterfaceControl.java:221)
	at de.uka.ilkd.key.control.KeYEnvironment.load(KeYEnvironment.java:251)
	at de.uka.ilkd.key.control.KeYEnvironment.load(KeYEnvironment.java:224)
	at de.uka.ilkd.key.control.KeYEnvironment.load(KeYEnvironment.java:184)
	at de.uka.ilkd.key.control.KeYEnvironment.load(KeYEnvironment.java:261)
	at de.uka.ilkd.key.proof.runallproofs.proofcollection.TestFile.load(TestFile.java:270)
	at de.uka.ilkd.key.proof.runallproofs.proofcollection.TestFile.runKey(TestFile.java:160)
	at de.uka.ilkd.key.proof.runallproofs.proofcollection.ForkedTestFileRunner.main(ForkedTestFileRunner.java:171)
Caused by: de.uka.ilkd.key.proof.init.ProofInputException: Could not find rule file rules/intRulesCheckedSemantics.key
	at de.uka.ilkd.key.proof.io.KeYFile.readIncludes(KeYFile.java:210)
	at de.uka.ilkd.key.proof.init.ProblemInitializer.readIncludes(ProblemInitializer.java:177)
	at de.uka.ilkd.key.proof.init.ProblemInitializer.readEnvInput(ProblemInitializer.java:325)
	at de.uka.ilkd.key.proof.init.ProblemInitializer.prepare(ProblemInitializer.java:449)
	at de.uka.ilkd.key.proof.io.AbstractProblemLoader.createInitConfig(AbstractProblemLoader.java:518)
	at de.uka.ilkd.key.proof.io.AbstractProblemLoader.loadEnvironment(AbstractProblemLoader.java:288)
	at de.uka.ilkd.key.proof.io.AbstractProblemLoader.load(AbstractProblemLoader.java:252)
	at de.uka.ilkd.key.control.AbstractUserInterfaceControl.load(AbstractUserInterfaceControl.java:209)
	... 7 more
Caused by: java.lang.RuntimeException: Could not find rule file rules/intRulesCheckedSemantics.key
	at de.uka.ilkd.key.proof.io.RuleSourceFactory.fromBuiltInRule(RuleSourceFactory.java:32)
	at de.uka.ilkd.key.proof.io.RuleSourceFactory.fromDefaultLocation(RuleSourceFactory.java:21)
	at de.uka.ilkd.key.nparser.builder.IncludeFinder.addInclude(IncludeFinder.java:63)
	at de.uka.ilkd.key.nparser.builder.IncludeFinder.visitOne_include(IncludeFinder.java:43)
	at de.uka.ilkd.key.nparser.builder.IncludeFinder.visitOne_include(IncludeFinder.java:20)
	at de.uka.ilkd.key.nparser.KeYParser$One_includeContext.accept(KeYParser.java:878)
	at de.uka.ilkd.key.nparser.builder.AbstractBuilder.lambda$mapOf$0(AbstractBuilder.java:112)
	at java.base/java.util.stream.ReferencePipeline$3$1.accept(ReferencePipeline.java:195)
	at java.base/java.util.ArrayList$ArrayListSpliterator.forEachRemaining(ArrayList.java:1655)
	at java.base/java.util.stream.AbstractPipeline.copyInto(AbstractPipeline.java:484)
	at java.base/java.util.stream.AbstractPipeline.wrapAndCopyInto(AbstractPipeline.java:474)
	at java.base/java.util.stream.ReduceOps$ReduceOp.evaluateSequential(ReduceOps.java:913)
	at java.base/java.util.stream.AbstractPipeline.evaluate(AbstractPipeline.java:234)
	at java.base/java.util.stream.ReferencePipeline.collect(ReferencePipeline.java:578)
	at de.uka.ilkd.key.nparser.builder.AbstractBuilder.mapOf(AbstractBuilder.java:112)
	at de.uka.ilkd.key.nparser.builder.IncludeFinder.visitOne_include_statement(IncludeFinder.java:35)
	at de.uka.ilkd.key.nparser.builder.IncludeFinder.visitOne_include_statement(IncludeFinder.java:20)
	at de.uka.ilkd.key.nparser.KeYParser$One_include_statementContext.accept(KeYParser.java:802)
	at org.antlr.v4.runtime.tree.AbstractParseTreeVisitor.visitChildren(AbstractParseTreeVisitor.java:46)
	at de.uka.ilkd.key.nparser.KeYParserBaseVisitor.visitDecls(KeYParserBaseVisitor.java:30)
	at de.uka.ilkd.key.nparser.KeYParser$DeclsContext.accept(KeYParser.java:500)
	at org.antlr.v4.runtime.tree.AbstractParseTreeVisitor.visitChildren(AbstractParseTreeVisitor.java:46)
	at de.uka.ilkd.key.nparser.KeYParserBaseVisitor.visitFile(KeYParserBaseVisitor.java:23)
	at de.uka.ilkd.key.nparser.KeYParser$FileContext.accept(KeYParser.java:306)
	at de.uka.ilkd.key.nparser.KeyAst.accept(KeyAst.java:41)
	at de.uka.ilkd.key.nparser.KeyAst$File.getIncludes(KeyAst.java:76)
	at de.uka.ilkd.key.proof.io.KeYFile.readIncludes(KeYFile.java:208)
	... 14 more
Could not find rule file rules/intRulesCheckedSemantics.key (file: /home/runner/work/key/key/key.core/../key.ui/examples/index/../InformationFlow/ToyBanking/banking_example.BankAccount(banking_example.BankAccount__getId()).Non-interference contract.0.key; caused by: de.uka.ilkd.key.proof.init.ProofInputException: Could not find rule file rules/intRulesCheckedSemantics.key)
	at de.uka.ilkd.key.control.AbstractUserInterfaceControl.load(AbstractUserInterfaceControl.java:221)
	at de.uka.ilkd.key.control.KeYEnvironment.load(KeYEnvironment.java:251)
	at de.uka.ilkd.key.control.KeYEnvironment.load(KeYEnvironment.java:224)
	at de.uka.ilkd.key.control.KeYEnvironment.load(KeYEnvironment.java:184)
	at de.uka.ilkd.key.control.KeYEnvironment.load(KeYEnvironment.java:261)
	at de.uka.ilkd.key.proof.runallproofs.proofcollection.TestFile.load(TestFile.java:270)
	at de.uka.ilkd.key.proof.runallproofs.proofcollection.TestFile.runKey(TestFile.java:160)
	at de.uka.ilkd.key.proof.runallproofs.proofcollection.ForkedTestFileRunner.main(ForkedTestFileRunner.java:171)
Caused by: de.uka.ilkd.key.proof.init.ProofInputException: Could not find rule file rules/intRulesCheckedSemantics.key
	at de.uka.ilkd.key.proof.io.KeYFile.readIncludes(KeYFile.java:210)
	at de.uka.ilkd.key.proof.init.ProblemInitializer.readIncludes(ProblemInitializer.java:177)
	at de.uka.ilkd.key.proof.init.ProblemInitializer.readEnvInput(ProblemInitializer.java:325)
	at de.uka.ilkd.key.proof.init.ProblemInitializer.prepare(ProblemInitializer.java:449)
	at de.uka.ilkd.key.proof.io.AbstractProblemLoader.createInitConfig(AbstractProblemLoader.java:518)
	at de.uka.ilkd.key.proof.io.AbstractProblemLoader.loadEnvironment(AbstractProblemLoader.java:288)
	at de.uka.ilkd.key.proof.io.AbstractProblemLoader.load(AbstractProblemLoader.java:252)
	at de.uka.ilkd.key.control.AbstractUserInterfaceControl.load(AbstractUserInterfaceControl.java:209)
	... 7 more
Caused by: java.lang.RuntimeException: Could not find rule file rules/intRulesCheckedSemantics.key
	at de.uka.ilkd.key.proof.io.RuleSourceFactory.fromBuiltInRule(RuleSourceFactory.java:32)
	at de.uka.ilkd.key.proof.io.RuleSourceFactory.fromDefaultLocation(RuleSourceFactory.java:21)
	at de.uka.ilkd.key.nparser.builder.IncludeFinder.addInclude(IncludeFinder.java:63)
	at de.uka.ilkd.key.nparser.builder.IncludeFinder.visitOne_include(IncludeFinder.java:43)
	at de.uka.ilkd.key.nparser.builder.IncludeFinder.visitOne_include(IncludeFinder.java:20)
	at de.uka.ilkd.key.nparser.KeYParser$One_includeContext.accept(KeYParser.java:878)
	at de.uka.ilkd.key.nparser.builder.AbstractBuilder.lambda$mapOf$0(AbstractBuilder.java:112)
	at java.base/java.util.stream.ReferencePipeline$3$1.accept(ReferencePipeline.java:195)
	at java.base/java.util.ArrayList$ArrayListSpliterator.forEachRemaining(ArrayList.java:1655)
	at java.base/java.util.stream.AbstractPipeline.copyInto(AbstractPipeline.java:484)
	at java.base/java.util.stream.AbstractPipeline.wrapAndCopyInto(AbstractPipeline.java:474)
	at java.base/java.util.stream.ReduceOps$ReduceOp.evaluateSequential(ReduceOps.java:913)
	at java.base/java.util.stream.AbstractPipeline.evaluate(AbstractPipeline.java:234)
	at java.base/java.util.stream.ReferencePipeline.collect(ReferencePipeline.java:578)
	at de.uka.ilkd.key.nparser.builder.AbstractBuilder.mapOf(AbstractBuilder.java:112)
	at de.uka.ilkd.key.nparser.builder.IncludeFinder.visitOne_include_statement(IncludeFinder.java:35)
	at de.uka.ilkd.key.nparser.builder.IncludeFinder.visitOne_include_statement(IncludeFinder.java:20)
	at de.uka.ilkd.key.nparser.KeYParser$One_include_statementContext.accept(KeYParser.java:802)
	at org.antlr.v4.runtime.tree.AbstractParseTreeVisitor.visitChildren(AbstractParseTreeVisitor.java:46)
	at de.uka.ilkd.key.nparser.KeYParserBaseVisitor.visitDecls(KeYParserBaseVisitor.java:30)
	at de.uka.ilkd.key.nparser.KeYParser$DeclsContext.accept(KeYParser.java:500)
	at org.antlr.v4.runtime.tree.AbstractParseTreeVisitor.visitChildren(AbstractParseTreeVisitor.java:46)
	at de.uka.ilkd.key.nparser.KeYParserBaseVisitor.visitFile(KeYParserBaseVisitor.java:23)
	at de.uka.ilkd.key.nparser.KeYParser$FileContext.accept(KeYParser.java:306)
	at de.uka.ilkd.key.nparser.KeyAst.accept(KeyAst.java:41)
	at de.uka.ilkd.key.nparser.KeyAst$File.getIncludes(KeyAst.java:76)
	at de.uka.ilkd.key.proof.io.KeYFile.readIncludes(KeYFile.java:208)
	... 14 more
Could not find rule file rules/intRulesCheckedSemantics.key (file: /home/runner/work/key/key/key.core/../key.ui/examples/index/../InformationFlow/ToyBanking/banking_example.Bank(banking_example.Bank__login(int,(C)).Non-interference contract.0.key; caused by: de.uka.ilkd.key.proof.init.ProofInputException: Could not find rule file rules/intRulesCheckedSemantics.key)
	at de.uka.ilkd.key.control.AbstractUserInterfaceControl.load(AbstractUserInterfaceControl.java:221)
	at de.uka.ilkd.key.control.KeYEnvironment.load(KeYEnvironment.java:251)
	at de.uka.ilkd.key.control.KeYEnvironment.load(KeYEnvironment.java:224)
	at de.uka.ilkd.key.control.KeYEnvironment.load(KeYEnvironment.java:184)
	at de.uka.ilkd.key.control.KeYEnvironment.load(KeYEnvironment.java:261)
	at de.uka.ilkd.key.proof.runallproofs.proofcollection.TestFile.load(TestFile.java:270)
	at de.uka.ilkd.key.proof.runallproofs.proofcollection.TestFile.runKey(TestFile.java:160)
	at de.uka.ilkd.key.proof.runallproofs.proofcollection.ForkedTestFileRunner.main(ForkedTestFileRunner.java:171)
Caused by: de.uka.ilkd.key.proof.init.ProofInputException: Could not find rule file rules/intRulesCheckedSemantics.key
	at de.uka.ilkd.key.proof.io.KeYFile.readIncludes(KeYFile.java:210)
	at de.uka.ilkd.key.proof.init.ProblemInitializer.readIncludes(ProblemInitializer.java:177)
	at de.uka.ilkd.key.proof.init.ProblemInitializer.readEnvInput(ProblemInitializer.java:325)
	at de.uka.ilkd.key.proof.init.ProblemInitializer.prepare(ProblemInitializer.java:449)
	at de.uka.ilkd.key.proof.io.AbstractProblemLoader.createInitConfig(AbstractProblemLoader.java:518)
	at de.uka.ilkd.key.proof.io.AbstractProblemLoader.loadEnvironment(AbstractProblemLoader.java:288)
	at de.uka.ilkd.key.proof.io.AbstractProblemLoader.load(AbstractProblemLoader.java:252)
	at de.uka.ilkd.key.control.AbstractUserInterfaceControl.load(AbstractUserInterfaceControl.java:209)
	... 7 more
Caused by: java.lang.RuntimeException: Could not find rule file rules/intRulesCheckedSemantics.key
	at de.uka.ilkd.key.proof.io.RuleSourceFactory.fromBuiltInRule(RuleSourceFactory.java:32)
	at de.uka.ilkd.key.proof.io.RuleSourceFactory.fromDefaultLocation(RuleSourceFactory.java:21)
	at de.uka.ilkd.key.nparser.builder.IncludeFinder.addInclude(IncludeFinder.java:63)
	at de.uka.ilkd.key.nparser.builder.IncludeFinder.visitOne_include(IncludeFinder.java:43)
	at de.uka.ilkd.key.nparser.builder.IncludeFinder.visitOne_include(IncludeFinder.java:20)
	at de.uka.ilkd.key.nparser.KeYParser$One_includeContext.accept(KeYParser.java:878)
	at de.uka.ilkd.key.nparser.builder.AbstractBuilder.lambda$mapOf$0(AbstractBuilder.java:112)
	at java.base/java.util.stream.ReferencePipeline$3$1.accept(ReferencePipeline.java:195)
	at java.base/java.util.ArrayList$ArrayListSpliterator.forEachRemaining(ArrayList.java:1655)
	at java.base/java.util.stream.AbstractPipeline.copyInto(AbstractPipeline.java:484)
	at java.base/java.util.stream.AbstractPipeline.wrapAndCopyInto(AbstractPipeline.java:474)
	at java.base/java.util.stream.ReduceOps$ReduceOp.evaluateSequential(ReduceOps.java:913)
	at java.base/java.util.stream.AbstractPipeline.evaluate(AbstractPipeline.java:234)
	at java.base/java.util.stream.ReferencePipeline.collect(ReferencePipeline.java:578)
	at de.uka.ilkd.key.nparser.builder.AbstractBuilder.mapOf(AbstractBuilder.java:112)
	at de.uka.ilkd.key.nparser.builder.IncludeFinder.visitOne_include_statement(IncludeFinder.java:35)
	at de.uka.ilkd.key.nparser.builder.IncludeFinder.visitOne_include_statement(IncludeFinder.java:20)
	at de.uka.ilkd.key.nparser.KeYParser$One_include_statementContext.accept(KeYParser.java:802)
	at org.antlr.v4.runtime.tree.AbstractParseTreeVisitor.visitChildren(AbstractParseTreeVisitor.java:46)
	at de.uka.ilkd.key.nparser.KeYParserBaseVisitor.visitDecls(KeYParserBaseVisitor.java:30)
	at de.uka.ilkd.key.nparser.KeYParser$DeclsContext.accept(KeYParser.java:500)
	at org.antlr.v4.runtime.tree.AbstractParseTreeVisitor.visitChildren(AbstractParseTreeVisitor.java:46)
	at de.uka.ilkd.key.nparser.KeYParserBaseVisitor.visitFile(KeYParserBaseVisitor.java:23)
	at de.uka.ilkd.key.nparser.KeYParser$FileContext.accept(KeYParser.java:306)
	at de.uka.ilkd.key.nparser.KeyAst.accept(KeyAst.java:41)
	at de.uka.ilkd.key.nparser.KeyAst$File.getIncludes(KeyAst.java:76)
	at de.uka.ilkd.key.proof.io.KeYFile.readIncludes(KeYFile.java:208)
	... 14 more
Could not find rule file rules/intRulesCheckedSemantics.key (file: /home/runner/work/key/key/key.core/../key.ui/examples/index/../InformationFlow/ToyBanking/banking_example2.UserAccount(banking_example2.UserAccount__getBankAccount(int)).Non-interference contract.0.key; caused by: de.uka.ilkd.key.proof.init.ProofInputException: Could not find rule file rules/intRulesCheckedSemantics.key)
	at de.uka.ilkd.key.control.AbstractUserInterfaceControl.load(AbstractUserInterfaceControl.java:221)
	at de.uka.ilkd.key.control.KeYEnvironment.load(KeYEnvironment.java:251)
	at de.uka.ilkd.key.control.KeYEnvironment.load(KeYEnvironment.java:224)
	at de.uka.ilkd.key.control.KeYEnvironment.load(KeYEnvironment.java:184)
	at de.uka.ilkd.key.control.KeYEnvironment.load(KeYEnvironment.java:261)
	at de.uka.ilkd.key.proof.runallproofs.proofcollection.TestFile.load(TestFile.java:270)
	at de.uka.ilkd.key.proof.runallproofs.proofcollection.TestFile.runKey(TestFile.java:160)
	at de.uka.ilkd.key.proof.runallproofs.proofcollection.ForkedTestFileRunner.main(ForkedTestFileRunner.java:171)
Caused by: de.uka.ilkd.key.proof.init.ProofInputException: Could not find rule file rules/intRulesCheckedSemantics.key
	at de.uka.ilkd.key.proof.io.KeYFile.readIncludes(KeYFile.java:210)
	at de.uka.ilkd.key.proof.init.ProblemInitializer.readIncludes(ProblemInitializer.java:177)
	at de.uka.ilkd.key.proof.init.ProblemInitializer.readEnvInput(ProblemInitializer.java:325)
	at de.uka.ilkd.key.proof.init.ProblemInitializer.prepare(ProblemInitializer.java:449)
	at de.uka.ilkd.key.proof.io.AbstractProblemLoader.createInitConfig(AbstractProblemLoader.java:518)
	at de.uka.ilkd.key.proof.io.AbstractProblemLoader.loadEnvironment(AbstractProblemLoader.java:288)
	at de.uka.ilkd.key.proof.io.AbstractProblemLoader.load(AbstractProblemLoader.java:252)
	at de.uka.ilkd.key.control.AbstractUserInterfaceControl.load(AbstractUserInterfaceControl.java:209)
	... 7 more
Caused by: java.lang.RuntimeException: Could not find rule file rules/intRulesCheckedSemantics.key
	at de.uka.ilkd.key.proof.io.RuleSourceFactory.fromBuiltInRule(RuleSourceFactory.java:32)
	at de.uka.ilkd.key.proof.io.RuleSourceFactory.fromDefaultLocation(RuleSourceFactory.java:21)
	at de.uka.ilkd.key.nparser.builder.IncludeFinder.addInclude(IncludeFinder.java:63)
	at de.uka.ilkd.key.nparser.builder.IncludeFinder.visitOne_include(IncludeFinder.java:43)
	at de.uka.ilkd.key.nparser.builder.IncludeFinder.visitOne_include(IncludeFinder.java:20)
	at de.uka.ilkd.key.nparser.KeYParser$One_includeContext.accept(KeYParser.java:878)
	at de.uka.ilkd.key.nparser.builder.AbstractBuilder.lambda$mapOf$0(AbstractBuilder.java:112)
	at java.base/java.util.stream.ReferencePipeline$3$1.accept(ReferencePipeline.java:195)
	at java.base/java.util.ArrayList$ArrayListSpliterator.forEachRemaining(ArrayList.java:1655)
	at java.base/java.util.stream.AbstractPipeline.copyInto(AbstractPipeline.java:484)
	at java.base/java.util.stream.AbstractPipeline.wrapAndCopyInto(AbstractPipeline.java:474)
	at java.base/java.util.stream.ReduceOps$ReduceOp.evaluateSequential(ReduceOps.java:913)
	at java.base/java.util.stream.AbstractPipeline.evaluate(AbstractPipeline.java:234)
	at java.base/java.util.stream.ReferencePipeline.collect(ReferencePipeline.java:578)
	at de.uka.ilkd.key.nparser.builder.AbstractBuilder.mapOf(AbstractBuilder.java:112)
	at de.uka.ilkd.key.nparser.builder.IncludeFinder.visitOne_include_statement(IncludeFinder.java:35)
	at de.uka.ilkd.key.nparser.builder.IncludeFinder.visitOne_include_statement(IncludeFinder.java:20)
	at de.uka.ilkd.key.nparser.KeYParser$One_include_statementContext.accept(KeYParser.java:802)
	at org.antlr.v4.runtime.tree.AbstractParseTreeVisitor.visitChildren(AbstractParseTreeVisitor.java:46)
	at de.uka.ilkd.key.nparser.KeYParserBaseVisitor.visitDecls(KeYParserBaseVisitor.java:30)
	at de.uka.ilkd.key.nparser.KeYParser$DeclsContext.accept(KeYParser.java:500)
	at org.antlr.v4.runtime.tree.AbstractParseTreeVisitor.visitChildren(AbstractParseTreeVisitor.java:46)
	at de.uka.ilkd.key.nparser.KeYParserBaseVisitor.visitFile(KeYParserBaseVisitor.java:23)
	at de.uka.ilkd.key.nparser.KeYParser$FileContext.accept(KeYParser.java:306)
	at de.uka.ilkd.key.nparser.KeyAst.accept(KeyAst.java:41)
	at de.uka.ilkd.key.nparser.KeyAst$File.getIncludes(KeyAst.java:76)
	at de.uka.ilkd.key.proof.io.KeYFile.readIncludes(KeYFile.java:208)
	... 14 more
Could not find rule file rules/intRulesCheckedSemantics.key (file: /home/runner/work/key/key/key.core/../key.ui/examples/index/../InformationFlow/ToyBanking/banking_example2.BankAccount(banking_example2.BankAccount__depositMoney(int)).Non-interference contract.0.key; caused by: de.uka.ilkd.key.proof.init.ProofInputException: Could not find rule file rules/intRulesCheckedSemantics.key)
	at de.uka.ilkd.key.control.AbstractUserInterfaceControl.load(AbstractUserInterfaceControl.java:221)
	at de.uka.ilkd.key.control.KeYEnvironment.load(KeYEnvironment.java:251)
	at de.uka.ilkd.key.control.KeYEnvironment.load(KeYEnvironment.java:224)
	at de.uka.ilkd.key.control.KeYEnvironment.load(KeYEnvironment.java:184)
	at de.uka.ilkd.key.control.KeYEnvironment.load(KeYEnvironment.java:261)
	at de.uka.ilkd.key.proof.runallproofs.proofcollection.TestFile.load(TestFile.java:270)
	at de.uka.ilkd.key.proof.runallproofs.proofcollection.TestFile.runKey(TestFile.java:160)
	at de.uka.ilkd.key.proof.runallproofs.proofcollection.ForkedTestFileRunner.main(ForkedTestFileRunner.java:171)
Caused by: de.uka.ilkd.key.proof.init.ProofInputException: Could not find rule file rules/intRulesCheckedSemantics.key
	at de.uka.ilkd.key.proof.io.KeYFile.readIncludes(KeYFile.java:210)
	at de.uka.ilkd.key.proof.init.ProblemInitializer.readIncludes(ProblemInitializer.java:177)
	at de.uka.ilkd.key.proof.init.ProblemInitializer.readEnvInput(ProblemInitializer.java:325)
	at de.uka.ilkd.key.proof.init.ProblemInitializer.prepare(ProblemInitializer.java:449)
	at de.uka.ilkd.key.proof.io.AbstractProblemLoader.createInitConfig(AbstractProblemLoader.java:518)
	at de.uka.ilkd.key.proof.io.AbstractProblemLoader.loadEnvironment(AbstractProblemLoader.java:288)
	at de.uka.ilkd.key.proof.io.AbstractProblemLoader.load(AbstractProblemLoader.java:252)
	at de.uka.ilkd.key.control.AbstractUserInterfaceControl.load(AbstractUserInterfaceControl.java:209)
	... 7 more
Caused by: java.lang.RuntimeException: Could not find rule file rules/intRulesCheckedSemantics.key
	at de.uka.ilkd.key.proof.io.RuleSourceFactory.fromBuiltInRule(RuleSourceFactory.java:32)
	at de.uka.ilkd.key.proof.io.RuleSourceFactory.fromDefaultLocation(RuleSourceFactory.java:21)
	at de.uka.ilkd.key.nparser.builder.IncludeFinder.addInclude(IncludeFinder.java:63)
	at de.uka.ilkd.key.nparser.builder.IncludeFinder.visitOne_include(IncludeFinder.java:43)
	at de.uka.ilkd.key.nparser.builder.IncludeFinder.visitOne_include(IncludeFinder.java:20)
	at de.uka.ilkd.key.nparser.KeYParser$One_includeContext.accept(KeYParser.java:878)
	at de.uka.ilkd.key.nparser.builder.AbstractBuilder.lambda$mapOf$0(AbstractBuilder.java:112)
	at java.base/java.util.stream.ReferencePipeline$3$1.accept(ReferencePipeline.java:195)
	at java.base/java.util.ArrayList$ArrayListSpliterator.forEachRemaining(ArrayList.java:1655)
	at java.base/java.util.stream.AbstractPipeline.copyInto(AbstractPipeline.java:484)
	at java.base/java.util.stream.AbstractPipeline.wrapAndCopyInto(AbstractPipeline.java:474)
	at java.base/java.util.stream.ReduceOps$ReduceOp.evaluateSequential(ReduceOps.java:913)
	at java.base/java.util.stream.AbstractPipeline.evaluate(AbstractPipeline.java:234)
	at java.base/java.util.stream.ReferencePipeline.collect(ReferencePipeline.java:578)
	at de.uka.ilkd.key.nparser.builder.AbstractBuilder.mapOf(AbstractBuilder.java:112)
	at de.uka.ilkd.key.nparser.builder.IncludeFinder.visitOne_include_statement(IncludeFinder.java:35)
	at de.uka.ilkd.key.nparser.builder.IncludeFinder.visitOne_include_statement(IncludeFinder.java:20)
	at de.uka.ilkd.key.nparser.KeYParser$One_include_statementContext.accept(KeYParser.java:802)
	at org.antlr.v4.runtime.tree.AbstractParseTreeVisitor.visitChildren(AbstractParseTreeVisitor.java:46)
	at de.uka.ilkd.key.nparser.KeYParserBaseVisitor.visitDecls(KeYParserBaseVisitor.java:30)
	at de.uka.ilkd.key.nparser.KeYParser$DeclsContext.accept(KeYParser.java:500)
	at org.antlr.v4.runtime.tree.AbstractParseTreeVisitor.visitChildren(AbstractParseTreeVisitor.java:46)
	at de.uka.ilkd.key.nparser.KeYParserBaseVisitor.visitFile(KeYParserBaseVisitor.java:23)
	at de.uka.ilkd.key.nparser.KeYParser$FileContext.accept(KeYParser.java:306)
	at de.uka.ilkd.key.nparser.KeyAst.accept(KeyAst.java:41)
	at de.uka.ilkd.key.nparser.KeyAst$File.getIncludes(KeyAst.java:76)
	at de.uka.ilkd.key.proof.io.KeYFile.readIncludes(KeYFile.java:208)
	... 14 more
Could not find rule file rules/intRulesCheckedSemantics.key (file: /home/runner/work/key/key/key.core/../key.ui/examples/index/../InformationFlow/ToyBanking/banking_example2.BankAccount(banking_example2.BankAccount__getBalance()).Non-interference contract.0.key; caused by: de.uka.ilkd.key.proof.init.ProofInputException: Could not find rule file rules/intRulesCheckedSemantics.key)
	at de.uka.ilkd.key.control.AbstractUserInterfaceControl.load(AbstractUserInterfaceControl.java:221)
	at de.uka.ilkd.key.control.KeYEnvironment.load(KeYEnvironment.java:251)
	at de.uka.ilkd.key.control.KeYEnvironment.load(KeYEnvironment.java:224)
	at de.uka.ilkd.key.control.KeYEnvironment.load(KeYEnvironment.java:184)
	at de.uka.ilkd.key.control.KeYEnvironment.load(KeYEnvironment.java:261)
	at de.uka.ilkd.key.proof.runallproofs.proofcollection.TestFile.load(TestFile.java:270)
	at de.uka.ilkd.key.proof.runallproofs.proofcollection.TestFile.runKey(TestFile.java:160)
	at de.uka.ilkd.key.proof.runallproofs.proofcollection.ForkedTestFileRunner.main(ForkedTestFileRunner.java:171)
Caused by: de.uka.ilkd.key.proof.init.ProofInputException: Could not find rule file rules/intRulesCheckedSemantics.key
	at de.uka.ilkd.key.proof.io.KeYFile.readIncludes(KeYFile.java:210)
	at de.uka.ilkd.key.proof.init.ProblemInitializer.readIncludes(ProblemInitializer.java:177)
	at de.uka.ilkd.key.proof.init.ProblemInitializer.readEnvInput(ProblemInitializer.java:325)
	at de.uka.ilkd.key.proof.init.ProblemInitializer.prepare(ProblemInitializer.java:449)
	at de.uka.ilkd.key.proof.io.AbstractProblemLoader.createInitConfig(AbstractProblemLoader.java:518)
	at de.uka.ilkd.key.proof.io.AbstractProblemLoader.loadEnvironment(AbstractProblemLoader.java:288)
	at de.uka.ilkd.key.proof.io.AbstractProblemLoader.load(AbstractProblemLoader.java:252)
	at de.uka.ilkd.key.control.AbstractUserInterfaceControl.load(AbstractUserInterfaceControl.java:209)
	... 7 more
Caused by: java.lang.RuntimeException: Could not find rule file rules/intRulesCheckedSemantics.key
	at de.uka.ilkd.key.proof.io.RuleSourceFactory.fromBuiltInRule(RuleSourceFactory.java:32)
	at de.uka.ilkd.key.proof.io.RuleSourceFactory.fromDefaultLocation(RuleSourceFactory.java:21)
	at de.uka.ilkd.key.nparser.builder.IncludeFinder.addInclude(IncludeFinder.java:63)
	at de.uka.ilkd.key.nparser.builder.IncludeFinder.visitOne_include(IncludeFinder.java:43)
	at de.uka.ilkd.key.nparser.builder.IncludeFinder.visitOne_include(IncludeFinder.java:20)
	at de.uka.ilkd.key.nparser.KeYParser$One_includeContext.accept(KeYParser.java:878)
	at de.uka.ilkd.key.nparser.builder.AbstractBuilder.lambda$mapOf$0(AbstractBuilder.java:112)
	at java.base/java.util.stream.ReferencePipeline$3$1.accept(ReferencePipeline.java:195)
	at java.base/java.util.ArrayList$ArrayListSpliterator.forEachRemaining(ArrayList.java:1655)
	at java.base/java.util.stream.AbstractPipeline.copyInto(AbstractPipeline.java:484)
	at java.base/java.util.stream.AbstractPipeline.wrapAndCopyInto(AbstractPipeline.java:474)
	at java.base/java.util.stream.ReduceOps$ReduceOp.evaluateSequential(ReduceOps.java:913)
	at java.base/java.util.stream.AbstractPipeline.evaluate(AbstractPipeline.java:234)
	at java.base/java.util.stream.ReferencePipeline.collect(ReferencePipeline.java:578)
	at de.uka.ilkd.key.nparser.builder.AbstractBuilder.mapOf(AbstractBuilder.java:112)
	at de.uka.ilkd.key.nparser.builder.IncludeFinder.visitOne_include_statement(IncludeFinder.java:35)
	at de.uka.ilkd.key.nparser.builder.IncludeFinder.visitOne_include_statement(IncludeFinder.java:20)
	at de.uka.ilkd.key.nparser.KeYParser$One_include_statementContext.accept(KeYParser.java:802)
	at org.antlr.v4.runtime.tree.AbstractParseTreeVisitor.visitChildren(AbstractParseTreeVisitor.java:46)
	at de.uka.ilkd.key.nparser.KeYParserBaseVisitor.visitDecls(KeYParserBaseVisitor.java:30)
	at de.uka.ilkd.key.nparser.KeYParser$DeclsContext.accept(KeYParser.java:500)
	at org.antlr.v4.runtime.tree.AbstractParseTreeVisitor.visitChildren(AbstractParseTreeVisitor.java:46)
	at de.uka.ilkd.key.nparser.KeYParserBaseVisitor.visitFile(KeYParserBaseVisitor.java:23)
	at de.uka.ilkd.key.nparser.KeYParser$FileContext.accept(KeYParser.java:306)
	at de.uka.ilkd.key.nparser.KeyAst.accept(KeyAst.java:41)
	at de.uka.ilkd.key.nparser.KeyAst$File.getIncludes(KeyAst.java:76)
	at de.uka.ilkd.key.proof.io.KeYFile.readIncludes(KeYFile.java:208)
	... 14 more
Could not find rule file rules/intRulesCheckedSemantics.key (file: /home/runner/work/key/key/key.core/../key.ui/examples/index/../InformationFlow/ToyBanking/banking_example2.BankAccount(banking_example2.BankAccount__getId()).Non-interference contract.0.key; caused by: de.uka.ilkd.key.proof.init.ProofInputException: Could not find rule file rules/intRulesCheckedSemantics.key)
	at de.uka.ilkd.key.control.AbstractUserInterfaceControl.load(AbstractUserInterfaceControl.java:221)
	at de.uka.ilkd.key.control.KeYEnvironment.load(KeYEnvironment.java:251)
	at de.uka.ilkd.key.control.KeYEnvironment.load(KeYEnvironment.java:224)
	at de.uka.ilkd.key.control.KeYEnvironment.load(KeYEnvironment.java:184)
	at de.uka.ilkd.key.control.KeYEnvironment.load(KeYEnvironment.java:261)
	at de.uka.ilkd.key.proof.runallproofs.proofcollection.TestFile.load(TestFile.java:270)
	at de.uka.ilkd.key.proof.runallproofs.proofcollection.TestFile.runKey(TestFile.java:160)
	at de.uka.ilkd.key.proof.runallproofs.proofcollection.ForkedTestFileRunner.main(ForkedTestFileRunner.java:171)
Caused by: de.uka.ilkd.key.proof.init.ProofInputException: Could not find rule file rules/intRulesCheckedSemantics.key
	at de.uka.ilkd.key.proof.io.KeYFile.readIncludes(KeYFile.java:210)
	at de.uka.ilkd.key.proof.init.ProblemInitializer.readIncludes(ProblemInitializer.java:177)
	at de.uka.ilkd.key.proof.init.ProblemInitializer.readEnvInput(ProblemInitializer.java:325)
	at de.uka.ilkd.key.proof.init.ProblemInitializer.prepare(ProblemInitializer.java:449)
	at de.uka.ilkd.key.proof.io.AbstractProblemLoader.createInitConfig(AbstractProblemLoader.java:518)
	at de.uka.ilkd.key.proof.io.AbstractProblemLoader.loadEnvironment(AbstractProblemLoader.java:288)
	at de.uka.ilkd.key.proof.io.AbstractProblemLoader.load(AbstractProblemLoader.java:252)
	at de.uka.ilkd.key.control.AbstractUserInterfaceControl.load(AbstractUserInterfaceControl.java:209)
	... 7 more
Caused by: java.lang.RuntimeException: Could not find rule file rules/intRulesCheckedSemantics.key
	at de.uka.ilkd.key.proof.io.RuleSourceFactory.fromBuiltInRule(RuleSourceFactory.java:32)
	at de.uka.ilkd.key.proof.io.RuleSourceFactory.fromDefaultLocation(RuleSourceFactory.java:21)
	at de.uka.ilkd.key.nparser.builder.IncludeFinder.addInclude(IncludeFinder.java:63)
	at de.uka.ilkd.key.nparser.builder.IncludeFinder.visitOne_include(IncludeFinder.java:43)
	at de.uka.ilkd.key.nparser.builder.IncludeFinder.visitOne_include(IncludeFinder.java:20)
	at de.uka.ilkd.key.nparser.KeYParser$One_includeContext.accept(KeYParser.java:878)
	at de.uka.ilkd.key.nparser.builder.AbstractBuilder.lambda$mapOf$0(AbstractBuilder.java:112)
	at java.base/java.util.stream.ReferencePipeline$3$1.accept(ReferencePipeline.java:195)
	at java.base/java.util.ArrayList$ArrayListSpliterator.forEachRemaining(ArrayList.java:1655)
	at java.base/java.util.stream.AbstractPipeline.copyInto(AbstractPipeline.java:484)
	at java.base/java.util.stream.AbstractPipeline.wrapAndCopyInto(AbstractPipeline.java:474)
	at java.base/java.util.stream.ReduceOps$ReduceOp.evaluateSequential(ReduceOps.java:913)
	at java.base/java.util.stream.AbstractPipeline.evaluate(AbstractPipeline.java:234)
	at java.base/java.util.stream.ReferencePipeline.collect(ReferencePipeline.java:578)
	at de.uka.ilkd.key.nparser.builder.AbstractBuilder.mapOf(AbstractBuilder.java:112)
	at de.uka.ilkd.key.nparser.builder.IncludeFinder.visitOne_include_statement(IncludeFinder.java:35)
	at de.uka.ilkd.key.nparser.builder.IncludeFinder.visitOne_include_statement(IncludeFinder.java:20)
	at de.uka.ilkd.key.nparser.KeYParser$One_include_statementContext.accept(KeYParser.java:802)
	at org.antlr.v4.runtime.tree.AbstractParseTreeVisitor.visitChildren(AbstractParseTreeVisitor.java:46)
	at de.uka.ilkd.key.nparser.KeYParserBaseVisitor.visitDecls(KeYParserBaseVisitor.java:30)
	at de.uka.ilkd.key.nparser.KeYParser$DeclsContext.accept(KeYParser.java:500)
	at org.antlr.v4.runtime.tree.AbstractParseTreeVisitor.visitChildren(AbstractParseTreeVisitor.java:46)
	at de.uka.ilkd.key.nparser.KeYParserBaseVisitor.visitFile(KeYParserBaseVisitor.java:23)
	at de.uka.ilkd.key.nparser.KeYParser$FileContext.accept(KeYParser.java:306)
	at de.uka.ilkd.key.nparser.KeyAst.accept(KeyAst.java:41)
	at de.uka.ilkd.key.nparser.KeyAst$File.getIncludes(KeyAst.java:76)
	at de.uka.ilkd.key.proof.io.KeYFile.readIncludes(KeYFile.java:208)
	... 14 more
Exception in thread "main" org.opentest4j.AssertionFailedError: Exception during the execution of proofs. See log for more details.
	at org.junit.jupiter.api.AssertionUtils.fail(AssertionUtils.java:39)
	at org.junit.jupiter.api.Assertions.fail(Assertions.java:134)
	at de.uka.ilkd.key.proof.runallproofs.proofcollection.ForkedTestFileRunner.main(ForkedTestFileRunner.java:192)
Timeout watcher launched (1000 secs.)
Could not find rule file rules/intRulesCheckedSemantics.key (file: /home/runner/work/key/key/key.core/../key.ui/examples/index/../InformationFlow/BlockContracts/contract.IFBlockExamples(contract.IFBlockExamples__secure_5()).Non-interference contract.0.key; caused by: de.uka.ilkd.key.proof.init.ProofInputException: Could not find rule file rules/intRulesCheckedSemantics.key)
	at de.uka.ilkd.key.control.AbstractUserInterfaceControl.load(AbstractUserInterfaceControl.java:221)
	at de.uka.ilkd.key.control.KeYEnvironment.load(KeYEnvironment.java:251)
	at de.uka.ilkd.key.control.KeYEnvironment.load(KeYEnvironment.java:224)
	at de.uka.ilkd.key.control.KeYEnvironment.load(KeYEnvironment.java:184)
	at de.uka.ilkd.key.control.KeYEnvironment.load(KeYEnvironment.java:261)
	at de.uka.ilkd.key.proof.runallproofs.proofcollection.TestFile.load(TestFile.java:270)
	at de.uka.ilkd.key.proof.runallproofs.proofcollection.TestFile.runKey(TestFile.java:160)
	at de.uka.ilkd.key.proof.runallproofs.proofcollection.ForkedTestFileRunner.main(ForkedTestFileRunner.java:171)
Caused by: de.uka.ilkd.key.proof.init.ProofInputException: Could not find rule file rules/intRulesCheckedSemantics.key
	at de.uka.ilkd.key.proof.io.KeYFile.readIncludes(KeYFile.java:210)
	at de.uka.ilkd.key.proof.init.ProblemInitializer.readIncludes(ProblemInitializer.java:177)
	at de.uka.ilkd.key.proof.init.ProblemInitializer.readEnvInput(ProblemInitializer.java:325)
	at de.uka.ilkd.key.proof.init.ProblemInitializer.prepare(ProblemInitializer.java:449)
	at de.uka.ilkd.key.proof.io.AbstractProblemLoader.createInitConfig(AbstractProblemLoader.java:518)
	at de.uka.ilkd.key.proof.io.AbstractProblemLoader.loadEnvironment(AbstractProblemLoader.java:288)
	at de.uka.ilkd.key.proof.io.AbstractProblemLoader.load(AbstractProblemLoader.java:252)
	at de.uka.ilkd.key.control.AbstractUserInterfaceControl.load(AbstractUserInterfaceControl.java:209)
	... 7 more
Caused by: java.lang.RuntimeException: Could not find rule file rules/intRulesCheckedSemantics.key
	at de.uka.ilkd.key.proof.io.RuleSourceFactory.fromBuiltInRule(RuleSourceFactory.java:32)
	at de.uka.ilkd.key.proof.io.RuleSourceFactory.fromDefaultLocation(RuleSourceFactory.java:21)
	at de.uka.ilkd.key.nparser.builder.IncludeFinder.addInclude(IncludeFinder.java:63)
	at de.uka.ilkd.key.nparser.builder.IncludeFinder.visitOne_include(IncludeFinder.java:43)
	at de.uka.ilkd.key.nparser.builder.IncludeFinder.visitOne_include(IncludeFinder.java:20)
	at de.uka.ilkd.key.nparser.KeYParser$One_includeContext.accept(KeYParser.java:878)
	at de.uka.ilkd.key.nparser.builder.AbstractBuilder.lambda$mapOf$0(AbstractBuilder.java:112)
	at java.base/java.util.stream.ReferencePipeline$3$1.accept(ReferencePipeline.java:195)
	at java.base/java.util.ArrayList$ArrayListSpliterator.forEachRemaining(ArrayList.java:1655)
	at java.base/java.util.stream.AbstractPipeline.copyInto(AbstractPipeline.java:484)
	at java.base/java.util.stream.AbstractPipeline.wrapAndCopyInto(AbstractPipeline.java:474)
	at java.base/java.util.stream.ReduceOps$ReduceOp.evaluateSequential(ReduceOps.java:913)
	at java.base/java.util.stream.AbstractPipeline.evaluate(AbstractPipeline.java:234)
	at java.base/java.util.stream.ReferencePipeline.collect(ReferencePipeline.java:578)
	at de.uka.ilkd.key.nparser.builder.AbstractBuilder.mapOf(AbstractBuilder.java:112)
	at de.uka.ilkd.key.nparser.builder.IncludeFinder.visitOne_include_statement(IncludeFinder.java:35)
	at de.uka.ilkd.key.nparser.builder.IncludeFinder.visitOne_include_statement(IncludeFinder.java:20)
	at de.uka.ilkd.key.nparser.KeYParser$One_include_statementContext.accept(KeYParser.java:802)
	at org.antlr.v4.runtime.tree.AbstractParseTreeVisitor.visitChildren(AbstractParseTreeVisitor.java:46)
	at de.uka.ilkd.key.nparser.KeYParserBaseVisitor.visitDecls(KeYParserBaseVisitor.java:30)
	at de.uka.ilkd.key.nparser.KeYParser$DeclsContext.accept(KeYParser.java:500)
	at org.antlr.v4.runtime.tree.AbstractParseTreeVisitor.visitChildren(AbstractParseTreeVisitor.java:46)
	at de.uka.ilkd.key.nparser.KeYParserBaseVisitor.visitFile(KeYParserBaseVisitor.java:23)
	at de.uka.ilkd.key.nparser.KeYParser$FileContext.accept(KeYParser.java:306)
	at de.uka.ilkd.key.nparser.KeyAst.accept(KeyAst.java:41)
	at de.uka.ilkd.key.nparser.KeyAst$File.getIncludes(KeyAst.java:76)
	at de.uka.ilkd.key.proof.io.KeYFile.readIncludes(KeYFile.java:208)
	... 14 more
Could not find rule file rules/intRulesCheckedSemantics.key (file: /home/runner/work/key/key/key.core/../key.ui/examples/index/../InformationFlow/BlockContracts/contract.IFBlockExamples(contract.IFBlockExamples__block_no_return_secure(int)).Non-interference contract.0.key; caused by: de.uka.ilkd.key.proof.init.ProofInputException: Could not find rule file rules/intRulesCheckedSemantics.key)
	at de.uka.ilkd.key.control.AbstractUserInterfaceControl.load(AbstractUserInterfaceControl.java:221)
	at de.uka.ilkd.key.control.KeYEnvironment.load(KeYEnvironment.java:251)
	at de.uka.ilkd.key.control.KeYEnvironment.load(KeYEnvironment.java:224)
	at de.uka.ilkd.key.control.KeYEnvironment.load(KeYEnvironment.java:184)
	at de.uka.ilkd.key.control.KeYEnvironment.load(KeYEnvironment.java:261)
	at de.uka.ilkd.key.proof.runallproofs.proofcollection.TestFile.load(TestFile.java:270)
	at de.uka.ilkd.key.proof.runallproofs.proofcollection.TestFile.runKey(TestFile.java:160)
	at de.uka.ilkd.key.proof.runallproofs.proofcollection.ForkedTestFileRunner.main(ForkedTestFileRunner.java:171)
Caused by: de.uka.ilkd.key.proof.init.ProofInputException: Could not find rule file rules/intRulesCheckedSemantics.key
	at de.uka.ilkd.key.proof.io.KeYFile.readIncludes(KeYFile.java:210)
	at de.uka.ilkd.key.proof.init.ProblemInitializer.readIncludes(ProblemInitializer.java:177)
	at de.uka.ilkd.key.proof.init.ProblemInitializer.readEnvInput(ProblemInitializer.java:325)
	at de.uka.ilkd.key.proof.init.ProblemInitializer.prepare(ProblemInitializer.java:449)
	at de.uka.ilkd.key.proof.io.AbstractProblemLoader.createInitConfig(AbstractProblemLoader.java:518)
	at de.uka.ilkd.key.proof.io.AbstractProblemLoader.loadEnvironment(AbstractProblemLoader.java:288)
	at de.uka.ilkd.key.proof.io.AbstractProblemLoader.load(AbstractProblemLoader.java:252)
	at de.uka.ilkd.key.control.AbstractUserInterfaceControl.load(AbstractUserInterfaceControl.java:209)
	... 7 more
Caused by: java.lang.RuntimeException: Could not find rule file rules/intRulesCheckedSemantics.key
	at de.uka.ilkd.key.proof.io.RuleSourceFactory.fromBuiltInRule(RuleSourceFactory.java:32)
	at de.uka.ilkd.key.proof.io.RuleSourceFactory.fromDefaultLocation(RuleSourceFactory.java:21)
	at de.uka.ilkd.key.nparser.builder.IncludeFinder.addInclude(IncludeFinder.java:63)
	at de.uka.ilkd.key.nparser.builder.IncludeFinder.visitOne_include(IncludeFinder.java:43)
	at de.uka.ilkd.key.nparser.builder.IncludeFinder.visitOne_include(IncludeFinder.java:20)
	at de.uka.ilkd.key.nparser.KeYParser$One_includeContext.accept(KeYParser.java:878)
	at de.uka.ilkd.key.nparser.builder.AbstractBuilder.lambda$mapOf$0(AbstractBuilder.java:112)
	at java.base/java.util.stream.ReferencePipeline$3$1.accept(ReferencePipeline.java:195)
	at java.base/java.util.ArrayList$ArrayListSpliterator.forEachRemaining(ArrayList.java:1655)
	at java.base/java.util.stream.AbstractPipeline.copyInto(AbstractPipeline.java:484)
	at java.base/java.util.stream.AbstractPipeline.wrapAndCopyInto(AbstractPipeline.java:474)
	at java.base/java.util.stream.ReduceOps$ReduceOp.evaluateSequential(ReduceOps.java:913)
	at java.base/java.util.stream.AbstractPipeline.evaluate(AbstractPipeline.java:234)
	at java.base/java.util.stream.ReferencePipeline.collect(ReferencePipeline.java:578)
	at de.uka.ilkd.key.nparser.builder.AbstractBuilder.mapOf(AbstractBuilder.java:112)
	at de.uka.ilkd.key.nparser.builder.IncludeFinder.visitOne_include_statement(IncludeFinder.java:35)
	at de.uka.ilkd.key.nparser.builder.IncludeFinder.visitOne_include_statement(IncludeFinder.java:20)
	at de.uka.ilkd.key.nparser.KeYParser$One_include_statementContext.accept(KeYParser.java:802)
	at org.antlr.v4.runtime.tree.AbstractParseTreeVisitor.visitChildren(AbstractParseTreeVisitor.java:46)
	at de.uka.ilkd.key.nparser.KeYParserBaseVisitor.visitDecls(KeYParserBaseVisitor.java:30)
	at de.uka.ilkd.key.nparser.KeYParser$DeclsContext.accept(KeYParser.java:500)
	at org.antlr.v4.runtime.tree.AbstractParseTreeVisitor.visitChildren(AbstractParseTreeVisitor.java:46)
	at de.uka.ilkd.key.nparser.KeYParserBaseVisitor.visitFile(KeYParserBaseVisitor.java:23)
	at de.uka.ilkd.key.nparser.KeYParser$FileContext.accept(KeYParser.java:306)
	at de.uka.ilkd.key.nparser.KeyAst.accept(KeyAst.java:41)
	at de.uka.ilkd.key.nparser.KeyAst$File.getIncludes(KeyAst.java:76)
	at de.uka.ilkd.key.proof.io.KeYFile.readIncludes(KeYFile.java:208)
	... 14 more
Could not find rule file rules/intRulesCheckedSemantics.key (file: /home/runner/work/key/key/key.core/../key.ui/examples/index/../InformationFlow/BlockContracts/contract.IFBlockExamples(contract.IFBlockExamples__while_block_insecure(int)).Non-interference contract.0.key; caused by: de.uka.ilkd.key.proof.init.ProofInputException: Could not find rule file rules/intRulesCheckedSemantics.key)
	at de.uka.ilkd.key.control.AbstractUserInterfaceControl.load(AbstractUserInterfaceControl.java:221)
	at de.uka.ilkd.key.control.KeYEnvironment.load(KeYEnvironment.java:251)
	at de.uka.ilkd.key.control.KeYEnvironment.load(KeYEnvironment.java:224)
	at de.uka.ilkd.key.control.KeYEnvironment.load(KeYEnvironment.java:184)
	at de.uka.ilkd.key.control.KeYEnvironment.load(KeYEnvironment.java:261)
	at de.uka.ilkd.key.proof.runallproofs.proofcollection.TestFile.load(TestFile.java:270)
	at de.uka.ilkd.key.proof.runallproofs.proofcollection.TestFile.runKey(TestFile.java:160)
	at de.uka.ilkd.key.proof.runallproofs.proofcollection.ForkedTestFileRunner.main(ForkedTestFileRunner.java:171)
Caused by: de.uka.ilkd.key.proof.init.ProofInputException: Could not find rule file rules/intRulesCheckedSemantics.key
	at de.uka.ilkd.key.proof.io.KeYFile.readIncludes(KeYFile.java:210)
	at de.uka.ilkd.key.proof.init.ProblemInitializer.readIncludes(ProblemInitializer.java:177)
	at de.uka.ilkd.key.proof.init.ProblemInitializer.readEnvInput(ProblemInitializer.java:325)
	at de.uka.ilkd.key.proof.init.ProblemInitializer.prepare(ProblemInitializer.java:449)
	at de.uka.ilkd.key.proof.io.AbstractProblemLoader.createInitConfig(AbstractProblemLoader.java:518)
	at de.uka.ilkd.key.proof.io.AbstractProblemLoader.loadEnvironment(AbstractProblemLoader.java:288)
	at de.uka.ilkd.key.proof.io.AbstractProblemLoader.load(AbstractProblemLoader.java:252)
	at de.uka.ilkd.key.control.AbstractUserInterfaceControl.load(AbstractUserInterfaceControl.java:209)
	... 7 more
Caused by: java.lang.RuntimeException: Could not find rule file rules/intRulesCheckedSemantics.key
	at de.uka.ilkd.key.proof.io.RuleSourceFactory.fromBuiltInRule(RuleSourceFactory.java:32)
	at de.uka.ilkd.key.proof.io.RuleSourceFactory.fromDefaultLocation(RuleSourceFactory.java:21)
	at de.uka.ilkd.key.nparser.builder.IncludeFinder.addInclude(IncludeFinder.java:63)
	at de.uka.ilkd.key.nparser.builder.IncludeFinder.visitOne_include(IncludeFinder.java:43)
	at de.uka.ilkd.key.nparser.builder.IncludeFinder.visitOne_include(IncludeFinder.java:20)
	at de.uka.ilkd.key.nparser.KeYParser$One_includeContext.accept(KeYParser.java:878)
	at de.uka.ilkd.key.nparser.builder.AbstractBuilder.lambda$mapOf$0(AbstractBuilder.java:112)
	at java.base/java.util.stream.ReferencePipeline$3$1.accept(ReferencePipeline.java:195)
	at java.base/java.util.ArrayList$ArrayListSpliterator.forEachRemaining(ArrayList.java:1655)
	at java.base/java.util.stream.AbstractPipeline.copyInto(AbstractPipeline.java:484)
	at java.base/java.util.stream.AbstractPipeline.wrapAndCopyInto(AbstractPipeline.java:474)
	at java.base/java.util.stream.ReduceOps$ReduceOp.evaluateSequential(ReduceOps.java:913)
	at java.base/java.util.stream.AbstractPipeline.evaluate(AbstractPipeline.java:234)
	at java.base/java.util.stream.ReferencePipeline.collect(ReferencePipeline.java:578)
	at de.uka.ilkd.key.nparser.builder.AbstractBuilder.mapOf(AbstractBuilder.java:112)
	at de.uka.ilkd.key.nparser.builder.IncludeFinder.visitOne_include_statement(IncludeFinder.java:35)
	at de.uka.ilkd.key.nparser.builder.IncludeFinder.visitOne_include_statement(IncludeFinder.java:20)
	at de.uka.ilkd.key.nparser.KeYParser$One_include_statementContext.accept(KeYParser.java:802)
	at org.antlr.v4.runtime.tree.AbstractParseTreeVisitor.visitChildren(AbstractParseTreeVisitor.java:46)
	at de.uka.ilkd.key.nparser.KeYParserBaseVisitor.visitDecls(KeYParserBaseVisitor.java:30)
	at de.uka.ilkd.key.nparser.KeYParser$DeclsContext.accept(KeYParser.java:500)
	at org.antlr.v4.runtime.tree.AbstractParseTreeVisitor.visitChildren(AbstractParseTreeVisitor.java:46)
	at de.uka.ilkd.key.nparser.KeYParserBaseVisitor.visitFile(KeYParserBaseVisitor.java:23)
	at de.uka.ilkd.key.nparser.KeYParser$FileContext.accept(KeYParser.java:306)
	at de.uka.ilkd.key.nparser.KeyAst.accept(KeyAst.java:41)
	at de.uka.ilkd.key.nparser.KeyAst$File.getIncludes(KeyAst.java:76)
	at de.uka.ilkd.key.proof.io.KeYFile.readIncludes(KeYFile.java:208)
	... 14 more
Could not find rule file rules/intRulesCheckedSemantics.key (file: /home/runner/work/key/key/key.core/../key.ui/examples/index/../InformationFlow/BlockContracts/contract.IFBlockExamples(contract.IFBlockExamples__while_block_secure(int)).Non-interference contract.0.key; caused by: de.uka.ilkd.key.proof.init.ProofInputException: Could not find rule file rules/intRulesCheckedSemantics.key)
	at de.uka.ilkd.key.control.AbstractUserInterfaceControl.load(AbstractUserInterfaceControl.java:221)
	at de.uka.ilkd.key.control.KeYEnvironment.load(KeYEnvironment.java:251)
	at de.uka.ilkd.key.control.KeYEnvironment.load(KeYEnvironment.java:224)
	at de.uka.ilkd.key.control.KeYEnvironment.load(KeYEnvironment.java:184)
	at de.uka.ilkd.key.control.KeYEnvironment.load(KeYEnvironment.java:261)
	at de.uka.ilkd.key.proof.runallproofs.proofcollection.TestFile.load(TestFile.java:270)
	at de.uka.ilkd.key.proof.runallproofs.proofcollection.TestFile.runKey(TestFile.java:160)
	at de.uka.ilkd.key.proof.runallproofs.proofcollection.ForkedTestFileRunner.main(ForkedTestFileRunner.java:171)
Caused by: de.uka.ilkd.key.proof.init.ProofInputException: Could not find rule file rules/intRulesCheckedSemantics.key
	at de.uka.ilkd.key.proof.io.KeYFile.readIncludes(KeYFile.java:210)
	at de.uka.ilkd.key.proof.init.ProblemInitializer.readIncludes(ProblemInitializer.java:177)
	at de.uka.ilkd.key.proof.init.ProblemInitializer.readEnvInput(ProblemInitializer.java:325)
	at de.uka.ilkd.key.proof.init.ProblemInitializer.prepare(ProblemInitializer.java:449)
	at de.uka.ilkd.key.proof.io.AbstractProblemLoader.createInitConfig(AbstractProblemLoader.java:518)
	at de.uka.ilkd.key.proof.io.AbstractProblemLoader.loadEnvironment(AbstractProblemLoader.java:288)
	at de.uka.ilkd.key.proof.io.AbstractProblemLoader.load(AbstractProblemLoader.java:252)
	at de.uka.ilkd.key.control.AbstractUserInterfaceControl.load(AbstractUserInterfaceControl.java:209)
	... 7 more
Caused by: java.lang.RuntimeException: Could not find rule file rules/intRulesCheckedSemantics.key
	at de.uka.ilkd.key.proof.io.RuleSourceFactory.fromBuiltInRule(RuleSourceFactory.java:32)
	at de.uka.ilkd.key.proof.io.RuleSourceFactory.fromDefaultLocation(RuleSourceFactory.java:21)
	at de.uka.ilkd.key.nparser.builder.IncludeFinder.addInclude(IncludeFinder.java:63)
	at de.uka.ilkd.key.nparser.builder.IncludeFinder.visitOne_include(IncludeFinder.java:43)
	at de.uka.ilkd.key.nparser.builder.IncludeFinder.visitOne_include(IncludeFinder.java:20)
	at de.uka.ilkd.key.nparser.KeYParser$One_includeContext.accept(KeYParser.java:878)
	at de.uka.ilkd.key.nparser.builder.AbstractBuilder.lambda$mapOf$0(AbstractBuilder.java:112)
	at java.base/java.util.stream.ReferencePipeline$3$1.accept(ReferencePipeline.java:195)
	at java.base/java.util.ArrayList$ArrayListSpliterator.forEachRemaining(ArrayList.java:1655)
	at java.base/java.util.stream.AbstractPipeline.copyInto(AbstractPipeline.java:484)
	at java.base/java.util.stream.AbstractPipeline.wrapAndCopyInto(AbstractPipeline.java:474)
	at java.base/java.util.stream.ReduceOps$ReduceOp.evaluateSequential(ReduceOps.java:913)
	at java.base/java.util.stream.AbstractPipeline.evaluate(AbstractPipeline.java:234)
	at java.base/java.util.stream.ReferencePipeline.collect(ReferencePipeline.java:578)
	at de.uka.ilkd.key.nparser.builder.AbstractBuilder.mapOf(AbstractBuilder.java:112)
	at de.uka.ilkd.key.nparser.builder.IncludeFinder.visitOne_include_statement(IncludeFinder.java:35)
	at de.uka.ilkd.key.nparser.builder.IncludeFinder.visitOne_include_statement(IncludeFinder.java:20)
	at de.uka.ilkd.key.nparser.KeYParser$One_include_statementContext.accept(KeYParser.java:802)
	at org.antlr.v4.runtime.tree.AbstractParseTreeVisitor.visitChildren(AbstractParseTreeVisitor.java:46)
	at de.uka.ilkd.key.nparser.KeYParserBaseVisitor.visitDecls(KeYParserBaseVisitor.java:30)
	at de.uka.ilkd.key.nparser.KeYParser$DeclsContext.accept(KeYParser.java:500)
	at org.antlr.v4.runtime.tree.AbstractParseTreeVisitor.visitChildren(AbstractParseTreeVisitor.java:46)
	at de.uka.ilkd.key.nparser.KeYParserBaseVisitor.visitFile(KeYParserBaseVisitor.java:23)
	at de.uka.ilkd.key.nparser.KeYParser$FileContext.accept(KeYParser.java:306)
	at de.uka.ilkd.key.nparser.KeyAst.accept(KeyAst.java:41)
	at de.uka.ilkd.key.nparser.KeyAst$File.getIncludes(KeyAst.java:76)
	at de.uka.ilkd.key.proof.io.KeYFile.readIncludes(KeYFile.java:208)
	... 14 more
Could not find rule file rules/intRulesCheckedSemantics.key (file: /home/runner/work/key/key/key.core/../key.ui/examples/index/../InformationFlow/BlockContracts/contract.IFBlockExamples(contract.IFBlockExamples__block_while_secure(int)).Non-interference contract.0.key; caused by: de.uka.ilkd.key.proof.init.ProofInputException: Could not find rule file rules/intRulesCheckedSemantics.key)
	at de.uka.ilkd.key.control.AbstractUserInterfaceControl.load(AbstractUserInterfaceControl.java:221)
	at de.uka.ilkd.key.control.KeYEnvironment.load(KeYEnvironment.java:251)
	at de.uka.ilkd.key.control.KeYEnvironment.load(KeYEnvironment.java:224)
	at de.uka.ilkd.key.control.KeYEnvironment.load(KeYEnvironment.java:184)
	at de.uka.ilkd.key.control.KeYEnvironment.load(KeYEnvironment.java:261)
	at de.uka.ilkd.key.proof.runallproofs.proofcollection.TestFile.load(TestFile.java:270)
	at de.uka.ilkd.key.proof.runallproofs.proofcollection.TestFile.runKey(TestFile.java:160)
	at de.uka.ilkd.key.proof.runallproofs.proofcollection.ForkedTestFileRunner.main(ForkedTestFileRunner.java:171)
Caused by: de.uka.ilkd.key.proof.init.ProofInputException: Could not find rule file rules/intRulesCheckedSemantics.key
	at de.uka.ilkd.key.proof.io.KeYFile.readIncludes(KeYFile.java:210)
	at de.uka.ilkd.key.proof.init.ProblemInitializer.readIncludes(ProblemInitializer.java:177)
	at de.uka.ilkd.key.proof.init.ProblemInitializer.readEnvInput(ProblemInitializer.java:325)
	at de.uka.ilkd.key.proof.init.ProblemInitializer.prepare(ProblemInitializer.java:449)
	at de.uka.ilkd.key.proof.io.AbstractProblemLoader.createInitConfig(AbstractProblemLoader.java:518)
	at de.uka.ilkd.key.proof.io.AbstractProblemLoader.loadEnvironment(AbstractProblemLoader.java:288)
	at de.uka.ilkd.key.proof.io.AbstractProblemLoader.load(AbstractProblemLoader.java:252)
	at de.uka.ilkd.key.control.AbstractUserInterfaceControl.load(AbstractUserInterfaceControl.java:209)
	... 7 more
Caused by: java.lang.RuntimeException: Could not find rule file rules/intRulesCheckedSemantics.key
	at de.uka.ilkd.key.proof.io.RuleSourceFactory.fromBuiltInRule(RuleSourceFactory.java:32)
	at de.uka.ilkd.key.proof.io.RuleSourceFactory.fromDefaultLocation(RuleSourceFactory.java:21)
	at de.uka.ilkd.key.nparser.builder.IncludeFinder.addInclude(IncludeFinder.java:63)
	at de.uka.ilkd.key.nparser.builder.IncludeFinder.visitOne_include(IncludeFinder.java:43)
	at de.uka.ilkd.key.nparser.builder.IncludeFinder.visitOne_include(IncludeFinder.java:20)
	at de.uka.ilkd.key.nparser.KeYParser$One_includeContext.accept(KeYParser.java:878)
	at de.uka.ilkd.key.nparser.builder.AbstractBuilder.lambda$mapOf$0(AbstractBuilder.java:112)
	at java.base/java.util.stream.ReferencePipeline$3$1.accept(ReferencePipeline.java:195)
	at java.base/java.util.ArrayList$ArrayListSpliterator.forEachRemaining(ArrayList.java:1655)
	at java.base/java.util.stream.AbstractPipeline.copyInto(AbstractPipeline.java:484)
	at java.base/java.util.stream.AbstractPipeline.wrapAndCopyInto(AbstractPipeline.java:474)
	at java.base/java.util.stream.ReduceOps$ReduceOp.evaluateSequential(ReduceOps.java:913)
	at java.base/java.util.stream.AbstractPipeline.evaluate(AbstractPipeline.java:234)
	at java.base/java.util.stream.ReferencePipeline.collect(ReferencePipeline.java:578)
	at de.uka.ilkd.key.nparser.builder.AbstractBuilder.mapOf(AbstractBuilder.java:112)
	at de.uka.ilkd.key.nparser.builder.IncludeFinder.visitOne_include_statement(IncludeFinder.java:35)
	at de.uka.ilkd.key.nparser.builder.IncludeFinder.visitOne_include_statement(IncludeFinder.java:20)
	at de.uka.ilkd.key.nparser.KeYParser$One_include_statementContext.accept(KeYParser.java:802)
	at org.antlr.v4.runtime.tree.AbstractParseTreeVisitor.visitChildren(AbstractParseTreeVisitor.java:46)
	at de.uka.ilkd.key.nparser.KeYParserBaseVisitor.visitDecls(KeYParserBaseVisitor.java:30)
	at de.uka.ilkd.key.nparser.KeYParser$DeclsContext.accept(KeYParser.java:500)
	at org.antlr.v4.runtime.tree.AbstractParseTreeVisitor.visitChildren(AbstractParseTreeVisitor.java:46)
	at de.uka.ilkd.key.nparser.KeYParserBaseVisitor.visitFile(KeYParserBaseVisitor.java:23)
	at de.uka.ilkd.key.nparser.KeYParser$FileContext.accept(KeYParser.java:306)
	at de.uka.ilkd.key.nparser.KeyAst.accept(KeyAst.java:41)
	at de.uka.ilkd.key.nparser.KeyAst$File.getIncludes(KeyAst.java:76)
	at de.uka.ilkd.key.proof.io.KeYFile.readIncludes(KeYFile.java:208)
	... 14 more
Could not find rule file rules/intRulesCheckedSemantics.key (file: /home/runner/work/key/key/key.core/../key.ui/examples/index/../InformationFlow/BlockContracts/contract.IFBlockExamples(contract.IFBlockExamples__insecure_4(int)).Non-interference contract.0.key; caused by: de.uka.ilkd.key.proof.init.ProofInputException: Could not find rule file rules/intRulesCheckedSemantics.key)
	at de.uka.ilkd.key.control.AbstractUserInterfaceControl.load(AbstractUserInterfaceControl.java:221)
	at de.uka.ilkd.key.control.KeYEnvironment.load(KeYEnvironment.java:251)
	at de.uka.ilkd.key.control.KeYEnvironment.load(KeYEnvironment.java:224)
	at de.uka.ilkd.key.control.KeYEnvironment.load(KeYEnvironment.java:184)
	at de.uka.ilkd.key.control.KeYEnvironment.load(KeYEnvironment.java:261)
	at de.uka.ilkd.key.proof.runallproofs.proofcollection.TestFile.load(TestFile.java:270)
	at de.uka.ilkd.key.proof.runallproofs.proofcollection.TestFile.runKey(TestFile.java:160)
	at de.uka.ilkd.key.proof.runallproofs.proofcollection.ForkedTestFileRunner.main(ForkedTestFileRunner.java:171)
Caused by: de.uka.ilkd.key.proof.init.ProofInputException: Could not find rule file rules/intRulesCheckedSemantics.key
	at de.uka.ilkd.key.proof.io.KeYFile.readIncludes(KeYFile.java:210)
	at de.uka.ilkd.key.proof.init.ProblemInitializer.readIncludes(ProblemInitializer.java:177)
	at de.uka.ilkd.key.proof.init.ProblemInitializer.readEnvInput(ProblemInitializer.java:325)
	at de.uka.ilkd.key.proof.init.ProblemInitializer.prepare(ProblemInitializer.java:449)
	at de.uka.ilkd.key.proof.io.AbstractProblemLoader.createInitConfig(AbstractProblemLoader.java:518)
	at de.uka.ilkd.key.proof.io.AbstractProblemLoader.loadEnvironment(AbstractProblemLoader.java:288)
	at de.uka.ilkd.key.proof.io.AbstractProblemLoader.load(AbstractProblemLoader.java:252)
	at de.uka.ilkd.key.control.AbstractUserInterfaceControl.load(AbstractUserInterfaceControl.java:209)
	... 7 more
Caused by: java.lang.RuntimeException: Could not find rule file rules/intRulesCheckedSemantics.key
	at de.uka.ilkd.key.proof.io.RuleSourceFactory.fromBuiltInRule(RuleSourceFactory.java:32)
	at de.uka.ilkd.key.proof.io.RuleSourceFactory.fromDefaultLocation(RuleSourceFactory.java:21)
	at de.uka.ilkd.key.nparser.builder.IncludeFinder.addInclude(IncludeFinder.java:63)
	at de.uka.ilkd.key.nparser.builder.IncludeFinder.visitOne_include(IncludeFinder.java:43)
	at de.uka.ilkd.key.nparser.builder.IncludeFinder.visitOne_include(IncludeFinder.java:20)
	at de.uka.ilkd.key.nparser.KeYParser$One_includeContext.accept(KeYParser.java:878)
	at de.uka.ilkd.key.nparser.builder.AbstractBuilder.lambda$mapOf$0(AbstractBuilder.java:112)
	at java.base/java.util.stream.ReferencePipeline$3$1.accept(ReferencePipeline.java:195)
	at java.base/java.util.ArrayList$ArrayListSpliterator.forEachRemaining(ArrayList.java:1655)
	at java.base/java.util.stream.AbstractPipeline.copyInto(AbstractPipeline.java:484)
	at java.base/java.util.stream.AbstractPipeline.wrapAndCopyInto(AbstractPipeline.java:474)
	at java.base/java.util.stream.ReduceOps$ReduceOp.evaluateSequential(ReduceOps.java:913)
	at java.base/java.util.stream.AbstractPipeline.evaluate(AbstractPipeline.java:234)
	at java.base/java.util.stream.ReferencePipeline.collect(ReferencePipeline.java:578)
	at de.uka.ilkd.key.nparser.builder.AbstractBuilder.mapOf(AbstractBuilder.java:112)
	at de.uka.ilkd.key.nparser.builder.IncludeFinder.visitOne_include_statement(IncludeFinder.java:35)
	at de.uka.ilkd.key.nparser.builder.IncludeFinder.visitOne_include_statement(IncludeFinder.java:20)
	at de.uka.ilkd.key.nparser.KeYParser$One_include_statementContext.accept(KeYParser.java:802)
	at org.antlr.v4.runtime.tree.AbstractParseTreeVisitor.visitChildren(AbstractParseTreeVisitor.java:46)
	at de.uka.ilkd.key.nparser.KeYParserBaseVisitor.visitDecls(KeYParserBaseVisitor.java:30)
	at de.uka.ilkd.key.nparser.KeYParser$DeclsContext.accept(KeYParser.java:500)
	at org.antlr.v4.runtime.tree.AbstractParseTreeVisitor.visitChildren(AbstractParseTreeVisitor.java:46)
	at de.uka.ilkd.key.nparser.KeYParserBaseVisitor.visitFile(KeYParserBaseVisitor.java:23)
	at de.uka.ilkd.key.nparser.KeYParser$FileContext.accept(KeYParser.java:306)
	at de.uka.ilkd.key.nparser.KeyAst.accept(KeyAst.java:41)
	at de.uka.ilkd.key.nparser.KeyAst$File.getIncludes(KeyAst.java:76)
	at de.uka.ilkd.key.proof.io.KeYFile.readIncludes(KeYFile.java:208)
	... 14 more
Could not find rule file rules/intRulesCheckedSemantics.key (file: /home/runner/work/key/key/key.core/../key.ui/examples/index/../InformationFlow/BlockContracts/contract.IFBlockExamples(contract.IFBlockExamples__insecure_3(int)).Non-interference contract.0.key; caused by: de.uka.ilkd.key.proof.init.ProofInputException: Could not find rule file rules/intRulesCheckedSemantics.key)
	at de.uka.ilkd.key.control.AbstractUserInterfaceControl.load(AbstractUserInterfaceControl.java:221)
	at de.uka.ilkd.key.control.KeYEnvironment.load(KeYEnvironment.java:251)
	at de.uka.ilkd.key.control.KeYEnvironment.load(KeYEnvironment.java:224)
	at de.uka.ilkd.key.control.KeYEnvironment.load(KeYEnvironment.java:184)
	at de.uka.ilkd.key.control.KeYEnvironment.load(KeYEnvironment.java:261)
	at de.uka.ilkd.key.proof.runallproofs.proofcollection.TestFile.load(TestFile.java:270)
	at de.uka.ilkd.key.proof.runallproofs.proofcollection.TestFile.runKey(TestFile.java:160)
	at de.uka.ilkd.key.proof.runallproofs.proofcollection.ForkedTestFileRunner.main(ForkedTestFileRunner.java:171)
Caused by: de.uka.ilkd.key.proof.init.ProofInputException: Could not find rule file rules/intRulesCheckedSemantics.key
	at de.uka.ilkd.key.proof.io.KeYFile.readIncludes(KeYFile.java:210)
	at de.uka.ilkd.key.proof.init.ProblemInitializer.readIncludes(ProblemInitializer.java:177)
	at de.uka.ilkd.key.proof.init.ProblemInitializer.readEnvInput(ProblemInitializer.java:325)
	at de.uka.ilkd.key.proof.init.ProblemInitializer.prepare(ProblemInitializer.java:449)
	at de.uka.ilkd.key.proof.io.AbstractProblemLoader.createInitConfig(AbstractProblemLoader.java:518)
	at de.uka.ilkd.key.proof.io.AbstractProblemLoader.loadEnvironment(AbstractProblemLoader.java:288)
	at de.uka.ilkd.key.proof.io.AbstractProblemLoader.load(AbstractProblemLoader.java:252)
	at de.uka.ilkd.key.control.AbstractUserInterfaceControl.load(AbstractUserInterfaceControl.java:209)
	... 7 more
Caused by: java.lang.RuntimeException: Could not find rule file rules/intRulesCheckedSemantics.key
	at de.uka.ilkd.key.proof.io.RuleSourceFactory.fromBuiltInRule(RuleSourceFactory.java:32)
	at de.uka.ilkd.key.proof.io.RuleSourceFactory.fromDefaultLocation(RuleSourceFactory.java:21)
	at de.uka.ilkd.key.nparser.builder.IncludeFinder.addInclude(IncludeFinder.java:63)
	at de.uka.ilkd.key.nparser.builder.IncludeFinder.visitOne_include(IncludeFinder.java:43)
	at de.uka.ilkd.key.nparser.builder.IncludeFinder.visitOne_include(IncludeFinder.java:20)
	at de.uka.ilkd.key.nparser.KeYParser$One_includeContext.accept(KeYParser.java:878)
	at de.uka.ilkd.key.nparser.builder.AbstractBuilder.lambda$mapOf$0(AbstractBuilder.java:112)
	at java.base/java.util.stream.ReferencePipeline$3$1.accept(ReferencePipeline.java:195)
	at java.base/java.util.ArrayList$ArrayListSpliterator.forEachRemaining(ArrayList.java:1655)
	at java.base/java.util.stream.AbstractPipeline.copyInto(AbstractPipeline.java:484)
	at java.base/java.util.stream.AbstractPipeline.wrapAndCopyInto(AbstractPipeline.java:474)
	at java.base/java.util.stream.ReduceOps$ReduceOp.evaluateSequential(ReduceOps.java:913)
	at java.base/java.util.stream.AbstractPipeline.evaluate(AbstractPipeline.java:234)
	at java.base/java.util.stream.ReferencePipeline.collect(ReferencePipeline.java:578)
	at de.uka.ilkd.key.nparser.builder.AbstractBuilder.mapOf(AbstractBuilder.java:112)
	at de.uka.ilkd.key.nparser.builder.IncludeFinder.visitOne_include_statement(IncludeFinder.java:35)
	at de.uka.ilkd.key.nparser.builder.IncludeFinder.visitOne_include_statement(IncludeFinder.java:20)
	at de.uka.ilkd.key.nparser.KeYParser$One_include_statementContext.accept(KeYParser.java:802)
	at org.antlr.v4.runtime.tree.AbstractParseTreeVisitor.visitChildren(AbstractParseTreeVisitor.java:46)
	at de.uka.ilkd.key.nparser.KeYParserBaseVisitor.visitDecls(KeYParserBaseVisitor.java:30)
	at de.uka.ilkd.key.nparser.KeYParser$DeclsContext.accept(KeYParser.java:500)
	at org.antlr.v4.runtime.tree.AbstractParseTreeVisitor.visitChildren(AbstractParseTreeVisitor.java:46)
	at de.uka.ilkd.key.nparser.KeYParserBaseVisitor.visitFile(KeYParserBaseVisitor.java:23)
	at de.uka.ilkd.key.nparser.KeYParser$FileContext.accept(KeYParser.java:306)
	at de.uka.ilkd.key.nparser.KeyAst.accept(KeyAst.java:41)
	at de.uka.ilkd.key.nparser.KeyAst$File.getIncludes(KeyAst.java:76)
	at de.uka.ilkd.key.proof.io.KeYFile.readIncludes(KeYFile.java:208)
	... 14 more
Could not find rule file rules/intRulesCheckedSemantics.key (file: /home/runner/work/key/key/key.core/../key.ui/examples/index/../InformationFlow/BlockContracts/contract.IFBlockExamples(contract.IFBlockExamples__secure_3(int)).Non-interference contract.0.key; caused by: de.uka.ilkd.key.proof.init.ProofInputException: Could not find rule file rules/intRulesCheckedSemantics.key)
	at de.uka.ilkd.key.control.AbstractUserInterfaceControl.load(AbstractUserInterfaceControl.java:221)
	at de.uka.ilkd.key.control.KeYEnvironment.load(KeYEnvironment.java:251)
	at de.uka.ilkd.key.control.KeYEnvironment.load(KeYEnvironment.java:224)
	at de.uka.ilkd.key.control.KeYEnvironment.load(KeYEnvironment.java:184)
	at de.uka.ilkd.key.control.KeYEnvironment.load(KeYEnvironment.java:261)
	at de.uka.ilkd.key.proof.runallproofs.proofcollection.TestFile.load(TestFile.java:270)
	at de.uka.ilkd.key.proof.runallproofs.proofcollection.TestFile.runKey(TestFile.java:160)
	at de.uka.ilkd.key.proof.runallproofs.proofcollection.ForkedTestFileRunner.main(ForkedTestFileRunner.java:171)
Caused by: de.uka.ilkd.key.proof.init.ProofInputException: Could not find rule file rules/intRulesCheckedSemantics.key
	at de.uka.ilkd.key.proof.io.KeYFile.readIncludes(KeYFile.java:210)
	at de.uka.ilkd.key.proof.init.ProblemInitializer.readIncludes(ProblemInitializer.java:177)
	at de.uka.ilkd.key.proof.init.ProblemInitializer.readEnvInput(ProblemInitializer.java:325)
	at de.uka.ilkd.key.proof.init.ProblemInitializer.prepare(ProblemInitializer.java:449)
	at de.uka.ilkd.key.proof.io.AbstractProblemLoader.createInitConfig(AbstractProblemLoader.java:518)
	at de.uka.ilkd.key.proof.io.AbstractProblemLoader.loadEnvironment(AbstractProblemLoader.java:288)
	at de.uka.ilkd.key.proof.io.AbstractProblemLoader.load(AbstractProblemLoader.java:252)
	at de.uka.ilkd.key.control.AbstractUserInterfaceControl.load(AbstractUserInterfaceControl.java:209)
	... 7 more
Caused by: java.lang.RuntimeException: Could not find rule file rules/intRulesCheckedSemantics.key
	at de.uka.ilkd.key.proof.io.RuleSourceFactory.fromBuiltInRule(RuleSourceFactory.java:32)
	at de.uka.ilkd.key.proof.io.RuleSourceFactory.fromDefaultLocation(RuleSourceFactory.java:21)
	at de.uka.ilkd.key.nparser.builder.IncludeFinder.addInclude(IncludeFinder.java:63)
	at de.uka.ilkd.key.nparser.builder.IncludeFinder.visitOne_include(IncludeFinder.java:43)
	at de.uka.ilkd.key.nparser.builder.IncludeFinder.visitOne_include(IncludeFinder.java:20)
	at de.uka.ilkd.key.nparser.KeYParser$One_includeContext.accept(KeYParser.java:878)
	at de.uka.ilkd.key.nparser.builder.AbstractBuilder.lambda$mapOf$0(AbstractBuilder.java:112)
	at java.base/java.util.stream.ReferencePipeline$3$1.accept(ReferencePipeline.java:195)
	at java.base/java.util.ArrayList$ArrayListSpliterator.forEachRemaining(ArrayList.java:1655)
	at java.base/java.util.stream.AbstractPipeline.copyInto(AbstractPipeline.java:484)
	at java.base/java.util.stream.AbstractPipeline.wrapAndCopyInto(AbstractPipeline.java:474)
	at java.base/java.util.stream.ReduceOps$ReduceOp.evaluateSequential(ReduceOps.java:913)
	at java.base/java.util.stream.AbstractPipeline.evaluate(AbstractPipeline.java:234)
	at java.base/java.util.stream.ReferencePipeline.collect(ReferencePipeline.java:578)
	at de.uka.ilkd.key.nparser.builder.AbstractBuilder.mapOf(AbstractBuilder.java:112)
	at de.uka.ilkd.key.nparser.builder.IncludeFinder.visitOne_include_statement(IncludeFinder.java:35)
	at de.uka.ilkd.key.nparser.builder.IncludeFinder.visitOne_include_statement(IncludeFinder.java:20)
	at de.uka.ilkd.key.nparser.KeYParser$One_include_statementContext.accept(KeYParser.java:802)
	at org.antlr.v4.runtime.tree.AbstractParseTreeVisitor.visitChildren(AbstractParseTreeVisitor.java:46)
	at de.uka.ilkd.key.nparser.KeYParserBaseVisitor.visitDecls(KeYParserBaseVisitor.java:30)
	at de.uka.ilkd.key.nparser.KeYParser$DeclsContext.accept(KeYParser.java:500)
	at org.antlr.v4.runtime.tree.AbstractParseTreeVisitor.visitChildren(AbstractParseTreeVisitor.java:46)
	at de.uka.ilkd.key.nparser.KeYParserBaseVisitor.visitFile(KeYParserBaseVisitor.java:23)
	at de.uka.ilkd.key.nparser.KeYParser$FileContext.accept(KeYParser.java:306)
	at de.uka.ilkd.key.nparser.KeyAst.accept(KeyAst.java:41)
	at de.uka.ilkd.key.nparser.KeyAst$File.getIncludes(KeyAst.java:76)
	at de.uka.ilkd.key.proof.io.KeYFile.readIncludes(KeYFile.java:208)
	... 14 more
Could not find rule file rules/intRulesCheckedSemantics.key (file: /home/runner/work/key/key/key.core/../key.ui/examples/index/../InformationFlow/BlockContracts/contract.IFBlockExamples(contract.IFBlockExamples__secure_2(int)).Non-interference contract.0.key; caused by: de.uka.ilkd.key.proof.init.ProofInputException: Could not find rule file rules/intRulesCheckedSemantics.key)
	at de.uka.ilkd.key.control.AbstractUserInterfaceControl.load(AbstractUserInterfaceControl.java:221)
	at de.uka.ilkd.key.control.KeYEnvironment.load(KeYEnvironment.java:251)
	at de.uka.ilkd.key.control.KeYEnvironment.load(KeYEnvironment.java:224)
	at de.uka.ilkd.key.control.KeYEnvironment.load(KeYEnvironment.java:184)
	at de.uka.ilkd.key.control.KeYEnvironment.load(KeYEnvironment.java:261)
	at de.uka.ilkd.key.proof.runallproofs.proofcollection.TestFile.load(TestFile.java:270)
	at de.uka.ilkd.key.proof.runallproofs.proofcollection.TestFile.runKey(TestFile.java:160)
	at de.uka.ilkd.key.proof.runallproofs.proofcollection.ForkedTestFileRunner.main(ForkedTestFileRunner.java:171)
Caused by: de.uka.ilkd.key.proof.init.ProofInputException: Could not find rule file rules/intRulesCheckedSemantics.key
	at de.uka.ilkd.key.proof.io.KeYFile.readIncludes(KeYFile.java:210)
	at de.uka.ilkd.key.proof.init.ProblemInitializer.readIncludes(ProblemInitializer.java:177)
	at de.uka.ilkd.key.proof.init.ProblemInitializer.readEnvInput(ProblemInitializer.java:325)
	at de.uka.ilkd.key.proof.init.ProblemInitializer.prepare(ProblemInitializer.java:449)
	at de.uka.ilkd.key.proof.io.AbstractProblemLoader.createInitConfig(AbstractProblemLoader.java:518)
	at de.uka.ilkd.key.proof.io.AbstractProblemLoader.loadEnvironment(AbstractProblemLoader.java:288)
	at de.uka.ilkd.key.proof.io.AbstractProblemLoader.load(AbstractProblemLoader.java:252)
	at de.uka.ilkd.key.control.AbstractUserInterfaceControl.load(AbstractUserInterfaceControl.java:209)
	... 7 more
Caused by: java.lang.RuntimeException: Could not find rule file rules/intRulesCheckedSemantics.key
	at de.uka.ilkd.key.proof.io.RuleSourceFactory.fromBuiltInRule(RuleSourceFactory.java:32)
	at de.uka.ilkd.key.proof.io.RuleSourceFactory.fromDefaultLocation(RuleSourceFactory.java:21)
	at de.uka.ilkd.key.nparser.builder.IncludeFinder.addInclude(IncludeFinder.java:63)
	at de.uka.ilkd.key.nparser.builder.IncludeFinder.visitOne_include(IncludeFinder.java:43)
	at de.uka.ilkd.key.nparser.builder.IncludeFinder.visitOne_include(IncludeFinder.java:20)
	at de.uka.ilkd.key.nparser.KeYParser$One_includeContext.accept(KeYParser.java:878)
	at de.uka.ilkd.key.nparser.builder.AbstractBuilder.lambda$mapOf$0(AbstractBuilder.java:112)
	at java.base/java.util.stream.ReferencePipeline$3$1.accept(ReferencePipeline.java:195)
	at java.base/java.util.ArrayList$ArrayListSpliterator.forEachRemaining(ArrayList.java:1655)
	at java.base/java.util.stream.AbstractPipeline.copyInto(AbstractPipeline.java:484)
	at java.base/java.util.stream.AbstractPipeline.wrapAndCopyInto(AbstractPipeline.java:474)
	at java.base/java.util.stream.ReduceOps$ReduceOp.evaluateSequential(ReduceOps.java:913)
	at java.base/java.util.stream.AbstractPipeline.evaluate(AbstractPipeline.java:234)
	at java.base/java.util.stream.ReferencePipeline.collect(ReferencePipeline.java:578)
	at de.uka.ilkd.key.nparser.builder.AbstractBuilder.mapOf(AbstractBuilder.java:112)
	at de.uka.ilkd.key.nparser.builder.IncludeFinder.visitOne_include_statement(IncludeFinder.java:35)
	at de.uka.ilkd.key.nparser.builder.IncludeFinder.visitOne_include_statement(IncludeFinder.java:20)
	at de.uka.ilkd.key.nparser.KeYParser$One_include_statementContext.accept(KeYParser.java:802)
	at org.antlr.v4.runtime.tree.AbstractParseTreeVisitor.visitChildren(AbstractParseTreeVisitor.java:46)
	at de.uka.ilkd.key.nparser.KeYParserBaseVisitor.visitDecls(KeYParserBaseVisitor.java:30)
	at de.uka.ilkd.key.nparser.KeYParser$DeclsContext.accept(KeYParser.java:500)
	at org.antlr.v4.runtime.tree.AbstractParseTreeVisitor.visitChildren(AbstractParseTreeVisitor.java:46)
	at de.uka.ilkd.key.nparser.KeYParserBaseVisitor.visitFile(KeYParserBaseVisitor.java:23)
	at de.uka.ilkd.key.nparser.KeYParser$FileContext.accept(KeYParser.java:306)
	at de.uka.ilkd.key.nparser.KeyAst.accept(KeyAst.java:41)
	at de.uka.ilkd.key.nparser.KeyAst$File.getIncludes(KeyAst.java:76)
	at de.uka.ilkd.key.proof.io.KeYFile.readIncludes(KeYFile.java:208)
	... 14 more
Could not find rule file rules/intRulesCheckedSemantics.key (file: /home/runner/work/key/key/key.core/../key.ui/examples/index/../InformationFlow/BlockContracts/contract.IFBlockExamples(contract.IFBlockExamples__secure_8(int)).Non-interference contract.0.key; caused by: de.uka.ilkd.key.proof.init.ProofInputException: Could not find rule file rules/intRulesCheckedSemantics.key)
	at de.uka.ilkd.key.control.AbstractUserInterfaceControl.load(AbstractUserInterfaceControl.java:221)
	at de.uka.ilkd.key.control.KeYEnvironment.load(KeYEnvironment.java:251)
	at de.uka.ilkd.key.control.KeYEnvironment.load(KeYEnvironment.java:224)
	at de.uka.ilkd.key.control.KeYEnvironment.load(KeYEnvironment.java:184)
	at de.uka.ilkd.key.control.KeYEnvironment.load(KeYEnvironment.java:261)
	at de.uka.ilkd.key.proof.runallproofs.proofcollection.TestFile.load(TestFile.java:270)
	at de.uka.ilkd.key.proof.runallproofs.proofcollection.TestFile.runKey(TestFile.java:160)
	at de.uka.ilkd.key.proof.runallproofs.proofcollection.ForkedTestFileRunner.main(ForkedTestFileRunner.java:171)
Caused by: de.uka.ilkd.key.proof.init.ProofInputException: Could not find rule file rules/intRulesCheckedSemantics.key
	at de.uka.ilkd.key.proof.io.KeYFile.readIncludes(KeYFile.java:210)
	at de.uka.ilkd.key.proof.init.ProblemInitializer.readIncludes(ProblemInitializer.java:177)
	at de.uka.ilkd.key.proof.init.ProblemInitializer.readEnvInput(ProblemInitializer.java:325)
	at de.uka.ilkd.key.proof.init.ProblemInitializer.prepare(ProblemInitializer.java:449)
	at de.uka.ilkd.key.proof.io.AbstractProblemLoader.createInitConfig(AbstractProblemLoader.java:518)
	at de.uka.ilkd.key.proof.io.AbstractProblemLoader.loadEnvironment(AbstractProblemLoader.java:288)
	at de.uka.ilkd.key.proof.io.AbstractProblemLoader.load(AbstractProblemLoader.java:252)
	at de.uka.ilkd.key.control.AbstractUserInterfaceControl.load(AbstractUserInterfaceControl.java:209)
	... 7 more
Caused by: java.lang.RuntimeException: Could not find rule file rules/intRulesCheckedSemantics.key
	at de.uka.ilkd.key.proof.io.RuleSourceFactory.fromBuiltInRule(RuleSourceFactory.java:32)
	at de.uka.ilkd.key.proof.io.RuleSourceFactory.fromDefaultLocation(RuleSourceFactory.java:21)
	at de.uka.ilkd.key.nparser.builder.IncludeFinder.addInclude(IncludeFinder.java:63)
	at de.uka.ilkd.key.nparser.builder.IncludeFinder.visitOne_include(IncludeFinder.java:43)
	at de.uka.ilkd.key.nparser.builder.IncludeFinder.visitOne_include(IncludeFinder.java:20)
	at de.uka.ilkd.key.nparser.KeYParser$One_includeContext.accept(KeYParser.java:878)
	at de.uka.ilkd.key.nparser.builder.AbstractBuilder.lambda$mapOf$0(AbstractBuilder.java:112)
	at java.base/java.util.stream.ReferencePipeline$3$1.accept(ReferencePipeline.java:195)
	at java.base/java.util.ArrayList$ArrayListSpliterator.forEachRemaining(ArrayList.java:1655)
	at java.base/java.util.stream.AbstractPipeline.copyInto(AbstractPipeline.java:484)
	at java.base/java.util.stream.AbstractPipeline.wrapAndCopyInto(AbstractPipeline.java:474)
	at java.base/java.util.stream.ReduceOps$ReduceOp.evaluateSequential(ReduceOps.java:913)
	at java.base/java.util.stream.AbstractPipeline.evaluate(AbstractPipeline.java:234)
	at java.base/java.util.stream.ReferencePipeline.collect(ReferencePipeline.java:578)
	at de.uka.ilkd.key.nparser.builder.AbstractBuilder.mapOf(AbstractBuilder.java:112)
	at de.uka.ilkd.key.nparser.builder.IncludeFinder.visitOne_include_statement(IncludeFinder.java:35)
	at de.uka.ilkd.key.nparser.builder.IncludeFinder.visitOne_include_statement(IncludeFinder.java:20)
	at de.uka.ilkd.key.nparser.KeYParser$One_include_statementContext.accept(KeYParser.java:802)
	at org.antlr.v4.runtime.tree.AbstractParseTreeVisitor.visitChildren(AbstractParseTreeVisitor.java:46)
	at de.uka.ilkd.key.nparser.KeYParserBaseVisitor.visitDecls(KeYParserBaseVisitor.java:30)
	at de.uka.ilkd.key.nparser.KeYParser$DeclsContext.accept(KeYParser.java:500)
	at org.antlr.v4.runtime.tree.AbstractParseTreeVisitor.visitChildren(AbstractParseTreeVisitor.java:46)
	at de.uka.ilkd.key.nparser.KeYParserBaseVisitor.visitFile(KeYParserBaseVisitor.java:23)
	at de.uka.ilkd.key.nparser.KeYParser$FileContext.accept(KeYParser.java:306)
	at de.uka.ilkd.key.nparser.KeyAst.accept(KeyAst.java:41)
	at de.uka.ilkd.key.nparser.KeyAst$File.getIncludes(KeyAst.java:76)
	at de.uka.ilkd.key.proof.io.KeYFile.readIncludes(KeYFile.java:208)
	... 14 more
Could not find rule file rules/intRulesCheckedSemantics.key (file: /home/runner/work/key/key/key.core/../key.ui/examples/index/../InformationFlow/BlockContracts/contract.IFBlockExamples(contract.IFBlockExamples__secure_7(int)).Non-interference contract.0.key; caused by: de.uka.ilkd.key.proof.init.ProofInputException: Could not find rule file rules/intRulesCheckedSemantics.key)
	at de.uka.ilkd.key.control.AbstractUserInterfaceControl.load(AbstractUserInterfaceControl.java:221)
	at de.uka.ilkd.key.control.KeYEnvironment.load(KeYEnvironment.java:251)
	at de.uka.ilkd.key.control.KeYEnvironment.load(KeYEnvironment.java:224)
	at de.uka.ilkd.key.control.KeYEnvironment.load(KeYEnvironment.java:184)
	at de.uka.ilkd.key.control.KeYEnvironment.load(KeYEnvironment.java:261)
	at de.uka.ilkd.key.proof.runallproofs.proofcollection.TestFile.load(TestFile.java:270)
	at de.uka.ilkd.key.proof.runallproofs.proofcollection.TestFile.runKey(TestFile.java:160)
	at de.uka.ilkd.key.proof.runallproofs.proofcollection.ForkedTestFileRunner.main(ForkedTestFileRunner.java:171)
Caused by: de.uka.ilkd.key.proof.init.ProofInputException: Could not find rule file rules/intRulesCheckedSemantics.key
	at de.uka.ilkd.key.proof.io.KeYFile.readIncludes(KeYFile.java:210)
	at de.uka.ilkd.key.proof.init.ProblemInitializer.readIncludes(ProblemInitializer.java:177)
	at de.uka.ilkd.key.proof.init.ProblemInitializer.readEnvInput(ProblemInitializer.java:325)
	at de.uka.ilkd.key.proof.init.ProblemInitializer.prepare(ProblemInitializer.java:449)
	at de.uka.ilkd.key.proof.io.AbstractProblemLoader.createInitConfig(AbstractProblemLoader.java:518)
	at de.uka.ilkd.key.proof.io.AbstractProblemLoader.loadEnvironment(AbstractProblemLoader.java:288)
	at de.uka.ilkd.key.proof.io.AbstractProblemLoader.load(AbstractProblemLoader.java:252)
	at de.uka.ilkd.key.control.AbstractUserInterfaceControl.load(AbstractUserInterfaceControl.java:209)
	... 7 more
Caused by: java.lang.RuntimeException: Could not find rule file rules/intRulesCheckedSemantics.key
	at de.uka.ilkd.key.proof.io.RuleSourceFactory.fromBuiltInRule(RuleSourceFactory.java:32)
	at de.uka.ilkd.key.proof.io.RuleSourceFactory.fromDefaultLocation(RuleSourceFactory.java:21)
	at de.uka.ilkd.key.nparser.builder.IncludeFinder.addInclude(IncludeFinder.java:63)
	at de.uka.ilkd.key.nparser.builder.IncludeFinder.visitOne_include(IncludeFinder.java:43)
	at de.uka.ilkd.key.nparser.builder.IncludeFinder.visitOne_include(IncludeFinder.java:20)
	at de.uka.ilkd.key.nparser.KeYParser$One_includeContext.accept(KeYParser.java:878)
	at de.uka.ilkd.key.nparser.builder.AbstractBuilder.lambda$mapOf$0(AbstractBuilder.java:112)
	at java.base/java.util.stream.ReferencePipeline$3$1.accept(ReferencePipeline.java:195)
	at java.base/java.util.ArrayList$ArrayListSpliterator.forEachRemaining(ArrayList.java:1655)
	at java.base/java.util.stream.AbstractPipeline.copyInto(AbstractPipeline.java:484)
	at java.base/java.util.stream.AbstractPipeline.wrapAndCopyInto(AbstractPipeline.java:474)
	at java.base/java.util.stream.ReduceOps$ReduceOp.evaluateSequential(ReduceOps.java:913)
	at java.base/java.util.stream.AbstractPipeline.evaluate(AbstractPipeline.java:234)
	at java.base/java.util.stream.ReferencePipeline.collect(ReferencePipeline.java:578)
	at de.uka.ilkd.key.nparser.builder.AbstractBuilder.mapOf(AbstractBuilder.java:112)
	at de.uka.ilkd.key.nparser.builder.IncludeFinder.visitOne_include_statement(IncludeFinder.java:35)
	at de.uka.ilkd.key.nparser.builder.IncludeFinder.visitOne_include_statement(IncludeFinder.java:20)
	at de.uka.ilkd.key.nparser.KeYParser$One_include_statementContext.accept(KeYParser.java:802)
	at org.antlr.v4.runtime.tree.AbstractParseTreeVisitor.visitChildren(AbstractParseTreeVisitor.java:46)
	at de.uka.ilkd.key.nparser.KeYParserBaseVisitor.visitDecls(KeYParserBaseVisitor.java:30)
	at de.uka.ilkd.key.nparser.KeYParser$DeclsContext.accept(KeYParser.java:500)
	at org.antlr.v4.runtime.tree.AbstractParseTreeVisitor.visitChildren(AbstractParseTreeVisitor.java:46)
	at de.uka.ilkd.key.nparser.KeYParserBaseVisitor.visitFile(KeYParserBaseVisitor.java:23)
	at de.uka.ilkd.key.nparser.KeYParser$FileContext.accept(KeYParser.java:306)
	at de.uka.ilkd.key.nparser.KeyAst.accept(KeyAst.java:41)
	at de.uka.ilkd.key.nparser.KeyAst$File.getIncludes(KeyAst.java:76)
	at de.uka.ilkd.key.proof.io.KeYFile.readIncludes(KeYFile.java:208)
	... 14 more
Could not find rule file rules/intRulesCheckedSemantics.key (file: /home/runner/work/key/key/key.core/../key.ui/examples/index/../InformationFlow/BlockContracts/contract.IFBlockExamples(contract.IFBlockExamples__secure_6(int)).Non-interference contract.0.key; caused by: de.uka.ilkd.key.proof.init.ProofInputException: Could not find rule file rules/intRulesCheckedSemantics.key)
	at de.uka.ilkd.key.control.AbstractUserInterfaceControl.load(AbstractUserInterfaceControl.java:221)
	at de.uka.ilkd.key.control.KeYEnvironment.load(KeYEnvironment.java:251)
	at de.uka.ilkd.key.control.KeYEnvironment.load(KeYEnvironment.java:224)
	at de.uka.ilkd.key.control.KeYEnvironment.load(KeYEnvironment.java:184)
	at de.uka.ilkd.key.control.KeYEnvironment.load(KeYEnvironment.java:261)
	at de.uka.ilkd.key.proof.runallproofs.proofcollection.TestFile.load(TestFile.java:270)
	at de.uka.ilkd.key.proof.runallproofs.proofcollection.TestFile.runKey(TestFile.java:160)
	at de.uka.ilkd.key.proof.runallproofs.proofcollection.ForkedTestFileRunner.main(ForkedTestFileRunner.java:171)
Caused by: de.uka.ilkd.key.proof.init.ProofInputException: Could not find rule file rules/intRulesCheckedSemantics.key
	at de.uka.ilkd.key.proof.io.KeYFile.readIncludes(KeYFile.java:210)
	at de.uka.ilkd.key.proof.init.ProblemInitializer.readIncludes(ProblemInitializer.java:177)
	at de.uka.ilkd.key.proof.init.ProblemInitializer.readEnvInput(ProblemInitializer.java:325)
	at de.uka.ilkd.key.proof.init.ProblemInitializer.prepare(ProblemInitializer.java:449)
	at de.uka.ilkd.key.proof.io.AbstractProblemLoader.createInitConfig(AbstractProblemLoader.java:518)
	at de.uka.ilkd.key.proof.io.AbstractProblemLoader.loadEnvironment(AbstractProblemLoader.java:288)
	at de.uka.ilkd.key.proof.io.AbstractProblemLoader.load(AbstractProblemLoader.java:252)
	at de.uka.ilkd.key.control.AbstractUserInterfaceControl.load(AbstractUserInterfaceControl.java:209)
	... 7 more
Caused by: java.lang.RuntimeException: Could not find rule file rules/intRulesCheckedSemantics.key
	at de.uka.ilkd.key.proof.io.RuleSourceFactory.fromBuiltInRule(RuleSourceFactory.java:32)
	at de.uka.ilkd.key.proof.io.RuleSourceFactory.fromDefaultLocation(RuleSourceFactory.java:21)
	at de.uka.ilkd.key.nparser.builder.IncludeFinder.addInclude(IncludeFinder.java:63)
	at de.uka.ilkd.key.nparser.builder.IncludeFinder.visitOne_include(IncludeFinder.java:43)
	at de.uka.ilkd.key.nparser.builder.IncludeFinder.visitOne_include(IncludeFinder.java:20)
	at de.uka.ilkd.key.nparser.KeYParser$One_includeContext.accept(KeYParser.java:878)
	at de.uka.ilkd.key.nparser.builder.AbstractBuilder.lambda$mapOf$0(AbstractBuilder.java:112)
	at java.base/java.util.stream.ReferencePipeline$3$1.accept(ReferencePipeline.java:195)
	at java.base/java.util.ArrayList$ArrayListSpliterator.forEachRemaining(ArrayList.java:1655)
	at java.base/java.util.stream.AbstractPipeline.copyInto(AbstractPipeline.java:484)
	at java.base/java.util.stream.AbstractPipeline.wrapAndCopyInto(AbstractPipeline.java:474)
	at java.base/java.util.stream.ReduceOps$ReduceOp.evaluateSequential(ReduceOps.java:913)
	at java.base/java.util.stream.AbstractPipeline.evaluate(AbstractPipeline.java:234)
	at java.base/java.util.stream.ReferencePipeline.collect(ReferencePipeline.java:578)
	at de.uka.ilkd.key.nparser.builder.AbstractBuilder.mapOf(AbstractBuilder.java:112)
	at de.uka.ilkd.key.nparser.builder.IncludeFinder.visitOne_include_statement(IncludeFinder.java:35)
	at de.uka.ilkd.key.nparser.builder.IncludeFinder.visitOne_include_statement(IncludeFinder.java:20)
	at de.uka.ilkd.key.nparser.KeYParser$One_include_statementContext.accept(KeYParser.java:802)
	at org.antlr.v4.runtime.tree.AbstractParseTreeVisitor.visitChildren(AbstractParseTreeVisitor.java:46)
	at de.uka.ilkd.key.nparser.KeYParserBaseVisitor.visitDecls(KeYParserBaseVisitor.java:30)
	at de.uka.ilkd.key.nparser.KeYParser$DeclsContext.accept(KeYParser.java:500)
	at org.antlr.v4.runtime.tree.AbstractParseTreeVisitor.visitChildren(AbstractParseTreeVisitor.java:46)
	at de.uka.ilkd.key.nparser.KeYParserBaseVisitor.visitFile(KeYParserBaseVisitor.java:23)
	at de.uka.ilkd.key.nparser.KeYParser$FileContext.accept(KeYParser.java:306)
	at de.uka.ilkd.key.nparser.KeyAst.accept(KeyAst.java:41)
	at de.uka.ilkd.key.nparser.KeyAst$File.getIncludes(KeyAst.java:76)
	at de.uka.ilkd.key.proof.io.KeYFile.readIncludes(KeYFile.java:208)
	... 14 more
Could not find rule file rules/intRulesCheckedSemantics.key (file: /home/runner/work/key/key/key.core/../key.ui/examples/index/../InformationFlow/BlockContracts/contract.IFBlockExamples(contract.IFBlockExamples__insecure_1(int)).Non-interference contract.0.key; caused by: de.uka.ilkd.key.proof.init.ProofInputException: Could not find rule file rules/intRulesCheckedSemantics.key)
	at de.uka.ilkd.key.control.AbstractUserInterfaceControl.load(AbstractUserInterfaceControl.java:221)
	at de.uka.ilkd.key.control.KeYEnvironment.load(KeYEnvironment.java:251)
	at de.uka.ilkd.key.control.KeYEnvironment.load(KeYEnvironment.java:224)
	at de.uka.ilkd.key.control.KeYEnvironment.load(KeYEnvironment.java:184)
	at de.uka.ilkd.key.control.KeYEnvironment.load(KeYEnvironment.java:261)
	at de.uka.ilkd.key.proof.runallproofs.proofcollection.TestFile.load(TestFile.java:270)
	at de.uka.ilkd.key.proof.runallproofs.proofcollection.TestFile.runKey(TestFile.java:160)
	at de.uka.ilkd.key.proof.runallproofs.proofcollection.ForkedTestFileRunner.main(ForkedTestFileRunner.java:171)
Caused by: de.uka.ilkd.key.proof.init.ProofInputException: Could not find rule file rules/intRulesCheckedSemantics.key
	at de.uka.ilkd.key.proof.io.KeYFile.readIncludes(KeYFile.java:210)
	at de.uka.ilkd.key.proof.init.ProblemInitializer.readIncludes(ProblemInitializer.java:177)
	at de.uka.ilkd.key.proof.init.ProblemInitializer.readEnvInput(ProblemInitializer.java:325)
	at de.uka.ilkd.key.proof.init.ProblemInitializer.prepare(ProblemInitializer.java:449)
	at de.uka.ilkd.key.proof.io.AbstractProblemLoader.createInitConfig(AbstractProblemLoader.java:518)
	at de.uka.ilkd.key.proof.io.AbstractProblemLoader.loadEnvironment(AbstractProblemLoader.java:288)
	at de.uka.ilkd.key.proof.io.AbstractProblemLoader.load(AbstractProblemLoader.java:252)
	at de.uka.ilkd.key.control.AbstractUserInterfaceControl.load(AbstractUserInterfaceControl.java:209)
	... 7 more
Caused by: java.lang.RuntimeException: Could not find rule file rules/intRulesCheckedSemantics.key
	at de.uka.ilkd.key.proof.io.RuleSourceFactory.fromBuiltInRule(RuleSourceFactory.java:32)
	at de.uka.ilkd.key.proof.io.RuleSourceFactory.fromDefaultLocation(RuleSourceFactory.java:21)
	at de.uka.ilkd.key.nparser.builder.IncludeFinder.addInclude(IncludeFinder.java:63)
	at de.uka.ilkd.key.nparser.builder.IncludeFinder.visitOne_include(IncludeFinder.java:43)
	at de.uka.ilkd.key.nparser.builder.IncludeFinder.visitOne_include(IncludeFinder.java:20)
	at de.uka.ilkd.key.nparser.KeYParser$One_includeContext.accept(KeYParser.java:878)
	at de.uka.ilkd.key.nparser.builder.AbstractBuilder.lambda$mapOf$0(AbstractBuilder.java:112)
	at java.base/java.util.stream.ReferencePipeline$3$1.accept(ReferencePipeline.java:195)
	at java.base/java.util.ArrayList$ArrayListSpliterator.forEachRemaining(ArrayList.java:1655)
	at java.base/java.util.stream.AbstractPipeline.copyInto(AbstractPipeline.java:484)
	at java.base/java.util.stream.AbstractPipeline.wrapAndCopyInto(AbstractPipeline.java:474)
	at java.base/java.util.stream.ReduceOps$ReduceOp.evaluateSequential(ReduceOps.java:913)
	at java.base/java.util.stream.AbstractPipeline.evaluate(AbstractPipeline.java:234)
	at java.base/java.util.stream.ReferencePipeline.collect(ReferencePipeline.java:578)
	at de.uka.ilkd.key.nparser.builder.AbstractBuilder.mapOf(AbstractBuilder.java:112)
	at de.uka.ilkd.key.nparser.builder.IncludeFinder.visitOne_include_statement(IncludeFinder.java:35)
	at de.uka.ilkd.key.nparser.builder.IncludeFinder.visitOne_include_statement(IncludeFinder.java:20)
	at de.uka.ilkd.key.nparser.KeYParser$One_include_statementContext.accept(KeYParser.java:802)
	at org.antlr.v4.runtime.tree.AbstractParseTreeVisitor.visitChildren(AbstractParseTreeVisitor.java:46)
	at de.uka.ilkd.key.nparser.KeYParserBaseVisitor.visitDecls(KeYParserBaseVisitor.java:30)
	at de.uka.ilkd.key.nparser.KeYParser$DeclsContext.accept(KeYParser.java:500)
	at org.antlr.v4.runtime.tree.AbstractParseTreeVisitor.visitChildren(AbstractParseTreeVisitor.java:46)
	at de.uka.ilkd.key.nparser.KeYParserBaseVisitor.visitFile(KeYParserBaseVisitor.java:23)
	at de.uka.ilkd.key.nparser.KeYParser$FileContext.accept(KeYParser.java:306)
	at de.uka.ilkd.key.nparser.KeyAst.accept(KeyAst.java:41)
	at de.uka.ilkd.key.nparser.KeyAst$File.getIncludes(KeyAst.java:76)
	at de.uka.ilkd.key.proof.io.KeYFile.readIncludes(KeYFile.java:208)
	... 14 more
Could not find rule file rules/intRulesCheckedSemantics.key (file: /home/runner/work/key/key/key.core/../key.ui/examples/index/../InformationFlow/BlockContracts/contract.IFBlockExamples(contract.IFBlockExamples__secure_4(int)).Non-interference contract.0.key; caused by: de.uka.ilkd.key.proof.init.ProofInputException: Could not find rule file rules/intRulesCheckedSemantics.key)
	at de.uka.ilkd.key.control.AbstractUserInterfaceControl.load(AbstractUserInterfaceControl.java:221)
	at de.uka.ilkd.key.control.KeYEnvironment.load(KeYEnvironment.java:251)
	at de.uka.ilkd.key.control.KeYEnvironment.load(KeYEnvironment.java:224)
	at de.uka.ilkd.key.control.KeYEnvironment.load(KeYEnvironment.java:184)
	at de.uka.ilkd.key.control.KeYEnvironment.load(KeYEnvironment.java:261)
	at de.uka.ilkd.key.proof.runallproofs.proofcollection.TestFile.load(TestFile.java:270)
	at de.uka.ilkd.key.proof.runallproofs.proofcollection.TestFile.runKey(TestFile.java:160)
	at de.uka.ilkd.key.proof.runallproofs.proofcollection.ForkedTestFileRunner.main(ForkedTestFileRunner.java:171)
Caused by: de.uka.ilkd.key.proof.init.ProofInputException: Could not find rule file rules/intRulesCheckedSemantics.key
	at de.uka.ilkd.key.proof.io.KeYFile.readIncludes(KeYFile.java:210)
	at de.uka.ilkd.key.proof.init.ProblemInitializer.readIncludes(ProblemInitializer.java:177)
	at de.uka.ilkd.key.proof.init.ProblemInitializer.readEnvInput(ProblemInitializer.java:325)
	at de.uka.ilkd.key.proof.init.ProblemInitializer.prepare(ProblemInitializer.java:449)
	at de.uka.ilkd.key.proof.io.AbstractProblemLoader.createInitConfig(AbstractProblemLoader.java:518)
	at de.uka.ilkd.key.proof.io.AbstractProblemLoader.loadEnvironment(AbstractProblemLoader.java:288)
	at de.uka.ilkd.key.proof.io.AbstractProblemLoader.load(AbstractProblemLoader.java:252)
	at de.uka.ilkd.key.control.AbstractUserInterfaceControl.load(AbstractUserInterfaceControl.java:209)
	... 7 more
Caused by: java.lang.RuntimeException: Could not find rule file rules/intRulesCheckedSemantics.key
	at de.uka.ilkd.key.proof.io.RuleSourceFactory.fromBuiltInRule(RuleSourceFactory.java:32)
	at de.uka.ilkd.key.proof.io.RuleSourceFactory.fromDefaultLocation(RuleSourceFactory.java:21)
	at de.uka.ilkd.key.nparser.builder.IncludeFinder.addInclude(IncludeFinder.java:63)
	at de.uka.ilkd.key.nparser.builder.IncludeFinder.visitOne_include(IncludeFinder.java:43)
	at de.uka.ilkd.key.nparser.builder.IncludeFinder.visitOne_include(IncludeFinder.java:20)
	at de.uka.ilkd.key.nparser.KeYParser$One_includeContext.accept(KeYParser.java:878)
	at de.uka.ilkd.key.nparser.builder.AbstractBuilder.lambda$mapOf$0(AbstractBuilder.java:112)
	at java.base/java.util.stream.ReferencePipeline$3$1.accept(ReferencePipeline.java:195)
	at java.base/java.util.ArrayList$ArrayListSpliterator.forEachRemaining(ArrayList.java:1655)
	at java.base/java.util.stream.AbstractPipeline.copyInto(AbstractPipeline.java:484)
	at java.base/java.util.stream.AbstractPipeline.wrapAndCopyInto(AbstractPipeline.java:474)
	at java.base/java.util.stream.ReduceOps$ReduceOp.evaluateSequential(ReduceOps.java:913)
	at java.base/java.util.stream.AbstractPipeline.evaluate(AbstractPipeline.java:234)
	at java.base/java.util.stream.ReferencePipeline.collect(ReferencePipeline.java:578)
	at de.uka.ilkd.key.nparser.builder.AbstractBuilder.mapOf(AbstractBuilder.java:112)
	at de.uka.ilkd.key.nparser.builder.IncludeFinder.visitOne_include_statement(IncludeFinder.java:35)
	at de.uka.ilkd.key.nparser.builder.IncludeFinder.visitOne_include_statement(IncludeFinder.java:20)
	at de.uka.ilkd.key.nparser.KeYParser$One_include_statementContext.accept(KeYParser.java:802)
	at org.antlr.v4.runtime.tree.AbstractParseTreeVisitor.visitChildren(AbstractParseTreeVisitor.java:46)
	at de.uka.ilkd.key.nparser.KeYParserBaseVisitor.visitDecls(KeYParserBaseVisitor.java:30)
	at de.uka.ilkd.key.nparser.KeYParser$DeclsContext.accept(KeYParser.java:500)
	at org.antlr.v4.runtime.tree.AbstractParseTreeVisitor.visitChildren(AbstractParseTreeVisitor.java:46)
	at de.uka.ilkd.key.nparser.KeYParserBaseVisitor.visitFile(KeYParserBaseVisitor.java:23)
	at de.uka.ilkd.key.nparser.KeYParser$FileContext.accept(KeYParser.java:306)
	at de.uka.ilkd.key.nparser.KeyAst.accept(KeyAst.java:41)
	at de.uka.ilkd.key.nparser.KeyAst$File.getIncludes(KeyAst.java:76)
	at de.uka.ilkd.key.proof.io.KeYFile.readIncludes(KeYFile.java:208)
	... 14 more
Could not find rule file rules/intRulesCheckedSemantics.key (file: /home/runner/work/key/key/key.core/../key.ui/examples/index/../InformationFlow/BlockContracts/contract.IFBlockExamples(contract.IFBlockExamples__secure_1(int)).Non-interference contract.0.key; caused by: de.uka.ilkd.key.proof.init.ProofInputException: Could not find rule file rules/intRulesCheckedSemantics.key)
	at de.uka.ilkd.key.control.AbstractUserInterfaceControl.load(AbstractUserInterfaceControl.java:221)
	at de.uka.ilkd.key.control.KeYEnvironment.load(KeYEnvironment.java:251)
	at de.uka.ilkd.key.control.KeYEnvironment.load(KeYEnvironment.java:224)
	at de.uka.ilkd.key.control.KeYEnvironment.load(KeYEnvironment.java:184)
	at de.uka.ilkd.key.control.KeYEnvironment.load(KeYEnvironment.java:261)
	at de.uka.ilkd.key.proof.runallproofs.proofcollection.TestFile.load(TestFile.java:270)
	at de.uka.ilkd.key.proof.runallproofs.proofcollection.TestFile.runKey(TestFile.java:160)
	at de.uka.ilkd.key.proof.runallproofs.proofcollection.ForkedTestFileRunner.main(ForkedTestFileRunner.java:171)
Caused by: de.uka.ilkd.key.proof.init.ProofInputException: Could not find rule file rules/intRulesCheckedSemantics.key
	at de.uka.ilkd.key.proof.io.KeYFile.readIncludes(KeYFile.java:210)
	at de.uka.ilkd.key.proof.init.ProblemInitializer.readIncludes(ProblemInitializer.java:177)
	at de.uka.ilkd.key.proof.init.ProblemInitializer.readEnvInput(ProblemInitializer.java:325)
	at de.uka.ilkd.key.proof.init.ProblemInitializer.prepare(ProblemInitializer.java:449)
	at de.uka.ilkd.key.proof.io.AbstractProblemLoader.createInitConfig(AbstractProblemLoader.java:518)
	at de.uka.ilkd.key.proof.io.AbstractProblemLoader.loadEnvironment(AbstractProblemLoader.java:288)
	at de.uka.ilkd.key.proof.io.AbstractProblemLoader.load(AbstractProblemLoader.java:252)
	at de.uka.ilkd.key.control.AbstractUserInterfaceControl.load(AbstractUserInterfaceControl.java:209)
	... 7 more
Caused by: java.lang.RuntimeException: Could not find rule file rules/intRulesCheckedSemantics.key
	at de.uka.ilkd.key.proof.io.RuleSourceFactory.fromBuiltInRule(RuleSourceFactory.java:32)
	at de.uka.ilkd.key.proof.io.RuleSourceFactory.fromDefaultLocation(RuleSourceFactory.java:21)
	at de.uka.ilkd.key.nparser.builder.IncludeFinder.addInclude(IncludeFinder.java:63)
	at de.uka.ilkd.key.nparser.builder.IncludeFinder.visitOne_include(IncludeFinder.java:43)
	at de.uka.ilkd.key.nparser.builder.IncludeFinder.visitOne_include(IncludeFinder.java:20)
	at de.uka.ilkd.key.nparser.KeYParser$One_includeContext.accept(KeYParser.java:878)
	at de.uka.ilkd.key.nparser.builder.AbstractBuilder.lambda$mapOf$0(AbstractBuilder.java:112)
	at java.base/java.util.stream.ReferencePipeline$3$1.accept(ReferencePipeline.java:195)
	at java.base/java.util.ArrayList$ArrayListSpliterator.forEachRemaining(ArrayList.java:1655)
	at java.base/java.util.stream.AbstractPipeline.copyInto(AbstractPipeline.java:484)
	at java.base/java.util.stream.AbstractPipeline.wrapAndCopyInto(AbstractPipeline.java:474)
	at java.base/java.util.stream.ReduceOps$ReduceOp.evaluateSequential(ReduceOps.java:913)
	at java.base/java.util.stream.AbstractPipeline.evaluate(AbstractPipeline.java:234)
	at java.base/java.util.stream.ReferencePipeline.collect(ReferencePipeline.java:578)
	at de.uka.ilkd.key.nparser.builder.AbstractBuilder.mapOf(AbstractBuilder.java:112)
	at de.uka.ilkd.key.nparser.builder.IncludeFinder.visitOne_include_statement(IncludeFinder.java:35)
	at de.uka.ilkd.key.nparser.builder.IncludeFinder.visitOne_include_statement(IncludeFinder.java:20)
	at de.uka.ilkd.key.nparser.KeYParser$One_include_statementContext.accept(KeYParser.java:802)
	at org.antlr.v4.runtime.tree.AbstractParseTreeVisitor.visitChildren(AbstractParseTreeVisitor.java:46)
	at de.uka.ilkd.key.nparser.KeYParserBaseVisitor.visitDecls(KeYParserBaseVisitor.java:30)
	at de.uka.ilkd.key.nparser.KeYParser$DeclsContext.accept(KeYParser.java:500)
	at org.antlr.v4.runtime.tree.AbstractParseTreeVisitor.visitChildren(AbstractParseTreeVisitor.java:46)
	at de.uka.ilkd.key.nparser.KeYParserBaseVisitor.visitFile(KeYParserBaseVisitor.java:23)
	at de.uka.ilkd.key.nparser.KeYParser$FileContext.accept(KeYParser.java:306)
	at de.uka.ilkd.key.nparser.KeyAst.accept(KeyAst.java:41)
	at de.uka.ilkd.key.nparser.KeyAst$File.getIncludes(KeyAst.java:76)
	at de.uka.ilkd.key.proof.io.KeYFile.readIncludes(KeYFile.java:208)
	... 14 more
Could not find rule file rules/intRulesCheckedSemantics.key (file: /home/runner/work/key/key/key.core/../key.ui/examples/index/../InformationFlow/BlockContracts/contract.IFEfficiencyExamples(contract.IFEfficiencyExamples__mWithoutBlockContract()).Non-interference contract.0.key; caused by: de.uka.ilkd.key.proof.init.ProofInputException: Could not find rule file rules/intRulesCheckedSemantics.key)
	at de.uka.ilkd.key.control.AbstractUserInterfaceControl.load(AbstractUserInterfaceControl.java:221)
	at de.uka.ilkd.key.control.KeYEnvironment.load(KeYEnvironment.java:251)
	at de.uka.ilkd.key.control.KeYEnvironment.load(KeYEnvironment.java:224)
	at de.uka.ilkd.key.control.KeYEnvironment.load(KeYEnvironment.java:184)
	at de.uka.ilkd.key.control.KeYEnvironment.load(KeYEnvironment.java:261)
	at de.uka.ilkd.key.proof.runallproofs.proofcollection.TestFile.load(TestFile.java:270)
	at de.uka.ilkd.key.proof.runallproofs.proofcollection.TestFile.runKey(TestFile.java:160)
	at de.uka.ilkd.key.proof.runallproofs.proofcollection.ForkedTestFileRunner.main(ForkedTestFileRunner.java:171)
Caused by: de.uka.ilkd.key.proof.init.ProofInputException: Could not find rule file rules/intRulesCheckedSemantics.key
	at de.uka.ilkd.key.proof.io.KeYFile.readIncludes(KeYFile.java:210)
	at de.uka.ilkd.key.proof.init.ProblemInitializer.readIncludes(ProblemInitializer.java:177)
	at de.uka.ilkd.key.proof.init.ProblemInitializer.readEnvInput(ProblemInitializer.java:325)
	at de.uka.ilkd.key.proof.init.ProblemInitializer.prepare(ProblemInitializer.java:449)
	at de.uka.ilkd.key.proof.io.AbstractProblemLoader.createInitConfig(AbstractProblemLoader.java:518)
	at de.uka.ilkd.key.proof.io.AbstractProblemLoader.loadEnvironment(AbstractProblemLoader.java:288)
	at de.uka.ilkd.key.proof.io.AbstractProblemLoader.load(AbstractProblemLoader.java:252)
	at de.uka.ilkd.key.control.AbstractUserInterfaceControl.load(AbstractUserInterfaceControl.java:209)
	... 7 more
Caused by: java.lang.RuntimeException: Could not find rule file rules/intRulesCheckedSemantics.key
	at de.uka.ilkd.key.proof.io.RuleSourceFactory.fromBuiltInRule(RuleSourceFactory.java:32)
	at de.uka.ilkd.key.proof.io.RuleSourceFactory.fromDefaultLocation(RuleSourceFactory.java:21)
	at de.uka.ilkd.key.nparser.builder.IncludeFinder.addInclude(IncludeFinder.java:63)
	at de.uka.ilkd.key.nparser.builder.IncludeFinder.visitOne_include(IncludeFinder.java:43)
	at de.uka.ilkd.key.nparser.builder.IncludeFinder.visitOne_include(IncludeFinder.java:20)
	at de.uka.ilkd.key.nparser.KeYParser$One_includeContext.accept(KeYParser.java:878)
	at de.uka.ilkd.key.nparser.builder.AbstractBuilder.lambda$mapOf$0(AbstractBuilder.java:112)
	at java.base/java.util.stream.ReferencePipeline$3$1.accept(ReferencePipeline.java:195)
	at java.base/java.util.ArrayList$ArrayListSpliterator.forEachRemaining(ArrayList.java:1655)
	at java.base/java.util.stream.AbstractPipeline.copyInto(AbstractPipeline.java:484)
	at java.base/java.util.stream.AbstractPipeline.wrapAndCopyInto(AbstractPipeline.java:474)
	at java.base/java.util.stream.ReduceOps$ReduceOp.evaluateSequential(ReduceOps.java:913)
	at java.base/java.util.stream.AbstractPipeline.evaluate(AbstractPipeline.java:234)
	at java.base/java.util.stream.ReferencePipeline.collect(ReferencePipeline.java:578)
	at de.uka.ilkd.key.nparser.builder.AbstractBuilder.mapOf(AbstractBuilder.java:112)
	at de.uka.ilkd.key.nparser.builder.IncludeFinder.visitOne_include_statement(IncludeFinder.java:35)
	at de.uka.ilkd.key.nparser.builder.IncludeFinder.visitOne_include_statement(IncludeFinder.java:20)
	at de.uka.ilkd.key.nparser.KeYParser$One_include_statementContext.accept(KeYParser.java:802)
	at org.antlr.v4.runtime.tree.AbstractParseTreeVisitor.visitChildren(AbstractParseTreeVisitor.java:46)
	at de.uka.ilkd.key.nparser.KeYParserBaseVisitor.visitDecls(KeYParserBaseVisitor.java:30)
	at de.uka.ilkd.key.nparser.KeYParser$DeclsContext.accept(KeYParser.java:500)
	at org.antlr.v4.runtime.tree.AbstractParseTreeVisitor.visitChildren(AbstractParseTreeVisitor.java:46)
	at de.uka.ilkd.key.nparser.KeYParserBaseVisitor.visitFile(KeYParserBaseVisitor.java:23)
	at de.uka.ilkd.key.nparser.KeYParser$FileContext.accept(KeYParser.java:306)
	at de.uka.ilkd.key.nparser.KeyAst.accept(KeyAst.java:41)
	at de.uka.ilkd.key.nparser.KeyAst$File.getIncludes(KeyAst.java:76)
	at de.uka.ilkd.key.proof.io.KeYFile.readIncludes(KeYFile.java:208)
	... 14 more
Could not find rule file rules/intRulesCheckedSemantics.key (file: /home/runner/work/key/key/key.core/../key.ui/examples/index/../InformationFlow/BlockContracts/contract.IFEfficiencyExamples(contract.IFEfficiencyExamples__mWithBlockContract()).Non-interference contract.0.key; caused by: de.uka.ilkd.key.proof.init.ProofInputException: Could not find rule file rules/intRulesCheckedSemantics.key)
	at de.uka.ilkd.key.control.AbstractUserInterfaceControl.load(AbstractUserInterfaceControl.java:221)
	at de.uka.ilkd.key.control.KeYEnvironment.load(KeYEnvironment.java:251)
	at de.uka.ilkd.key.control.KeYEnvironment.load(KeYEnvironment.java:224)
	at de.uka.ilkd.key.control.KeYEnvironment.load(KeYEnvironment.java:184)
	at de.uka.ilkd.key.control.KeYEnvironment.load(KeYEnvironment.java:261)
	at de.uka.ilkd.key.proof.runallproofs.proofcollection.TestFile.load(TestFile.java:270)
	at de.uka.ilkd.key.proof.runallproofs.proofcollection.TestFile.runKey(TestFile.java:160)
	at de.uka.ilkd.key.proof.runallproofs.proofcollection.ForkedTestFileRunner.main(ForkedTestFileRunner.java:171)
Caused by: de.uka.ilkd.key.proof.init.ProofInputException: Could not find rule file rules/intRulesCheckedSemantics.key
	at de.uka.ilkd.key.proof.io.KeYFile.readIncludes(KeYFile.java:210)
	at de.uka.ilkd.key.proof.init.ProblemInitializer.readIncludes(ProblemInitializer.java:177)
	at de.uka.ilkd.key.proof.init.ProblemInitializer.readEnvInput(ProblemInitializer.java:325)
	at de.uka.ilkd.key.proof.init.ProblemInitializer.prepare(ProblemInitializer.java:449)
	at de.uka.ilkd.key.proof.io.AbstractProblemLoader.createInitConfig(AbstractProblemLoader.java:518)
	at de.uka.ilkd.key.proof.io.AbstractProblemLoader.loadEnvironment(AbstractProblemLoader.java:288)
	at de.uka.ilkd.key.proof.io.AbstractProblemLoader.load(AbstractProblemLoader.java:252)
	at de.uka.ilkd.key.control.AbstractUserInterfaceControl.load(AbstractUserInterfaceControl.java:209)
	... 7 more
Caused by: java.lang.RuntimeException: Could not find rule file rules/intRulesCheckedSemantics.key
	at de.uka.ilkd.key.proof.io.RuleSourceFactory.fromBuiltInRule(RuleSourceFactory.java:32)
	at de.uka.ilkd.key.proof.io.RuleSourceFactory.fromDefaultLocation(RuleSourceFactory.java:21)
	at de.uka.ilkd.key.nparser.builder.IncludeFinder.addInclude(IncludeFinder.java:63)
	at de.uka.ilkd.key.nparser.builder.IncludeFinder.visitOne_include(IncludeFinder.java:43)
	at de.uka.ilkd.key.nparser.builder.IncludeFinder.visitOne_include(IncludeFinder.java:20)
	at de.uka.ilkd.key.nparser.KeYParser$One_includeContext.accept(KeYParser.java:878)
	at de.uka.ilkd.key.nparser.builder.AbstractBuilder.lambda$mapOf$0(AbstractBuilder.java:112)
	at java.base/java.util.stream.ReferencePipeline$3$1.accept(ReferencePipeline.java:195)
	at java.base/java.util.ArrayList$ArrayListSpliterator.forEachRemaining(ArrayList.java:1655)
	at java.base/java.util.stream.AbstractPipeline.copyInto(AbstractPipeline.java:484)
	at java.base/java.util.stream.AbstractPipeline.wrapAndCopyInto(AbstractPipeline.java:474)
	at java.base/java.util.stream.ReduceOps$ReduceOp.evaluateSequential(ReduceOps.java:913)
	at java.base/java.util.stream.AbstractPipeline.evaluate(AbstractPipeline.java:234)
	at java.base/java.util.stream.ReferencePipeline.collect(ReferencePipeline.java:578)
	at de.uka.ilkd.key.nparser.builder.AbstractBuilder.mapOf(AbstractBuilder.java:112)
	at de.uka.ilkd.key.nparser.builder.IncludeFinder.visitOne_include_statement(IncludeFinder.java:35)
	at de.uka.ilkd.key.nparser.builder.IncludeFinder.visitOne_include_statement(IncludeFinder.java:20)
	at de.uka.ilkd.key.nparser.KeYParser$One_include_statementContext.accept(KeYParser.java:802)
	at org.antlr.v4.runtime.tree.AbstractParseTreeVisitor.visitChildren(AbstractParseTreeVisitor.java:46)
	at de.uka.ilkd.key.nparser.KeYParserBaseVisitor.visitDecls(KeYParserBaseVisitor.java:30)
	at de.uka.ilkd.key.nparser.KeYParser$DeclsContext.accept(KeYParser.java:500)
	at org.antlr.v4.runtime.tree.AbstractParseTreeVisitor.visitChildren(AbstractParseTreeVisitor.java:46)
	at de.uka.ilkd.key.nparser.KeYParserBaseVisitor.visitFile(KeYParserBaseVisitor.java:23)
	at de.uka.ilkd.key.nparser.KeYParser$FileContext.accept(KeYParser.java:306)
	at de.uka.ilkd.key.nparser.KeyAst.accept(KeyAst.java:41)
	at de.uka.ilkd.key.nparser.KeyAst$File.getIncludes(KeyAst.java:76)
	at de.uka.ilkd.key.proof.io.KeYFile.readIncludes(KeYFile.java:208)
	... 14 more
Exception in thread "main" org.opentest4j.AssertionFailedError: Exception during the execution of proofs. See log for more details.
	at org.junit.jupiter.api.AssertionUtils.fail(AssertionUtils.java:39)
	at org.junit.jupiter.api.Assertions.fail(Assertions.java:134)
	at de.uka.ilkd.key.proof.runallproofs.proofcollection.ForkedTestFileRunner.main(ForkedTestFileRunner.java:192)
Timeout watcher launched (1000 secs.)
Could not find rule file rules/intRulesCheckedSemantics.key (file: /home/runner/work/key/key/key.core/../key.ui/examples/index/../InformationFlow/MethodContracts/contract.IFMethodContract(contract.IFMethodContract__secure_recursion_2((I,int)).Non-interference contract.0.key; caused by: de.uka.ilkd.key.proof.init.ProofInputException: Could not find rule file rules/intRulesCheckedSemantics.key)
	at de.uka.ilkd.key.control.AbstractUserInterfaceControl.load(AbstractUserInterfaceControl.java:221)
	at de.uka.ilkd.key.control.KeYEnvironment.load(KeYEnvironment.java:251)
	at de.uka.ilkd.key.control.KeYEnvironment.load(KeYEnvironment.java:224)
	at de.uka.ilkd.key.control.KeYEnvironment.load(KeYEnvironment.java:184)
	at de.uka.ilkd.key.control.KeYEnvironment.load(KeYEnvironment.java:261)
	at de.uka.ilkd.key.proof.runallproofs.proofcollection.TestFile.load(TestFile.java:270)
	at de.uka.ilkd.key.proof.runallproofs.proofcollection.TestFile.runKey(TestFile.java:160)
	at de.uka.ilkd.key.proof.runallproofs.proofcollection.ForkedTestFileRunner.main(ForkedTestFileRunner.java:171)
Caused by: de.uka.ilkd.key.proof.init.ProofInputException: Could not find rule file rules/intRulesCheckedSemantics.key
	at de.uka.ilkd.key.proof.io.KeYFile.readIncludes(KeYFile.java:210)
	at de.uka.ilkd.key.proof.init.ProblemInitializer.readIncludes(ProblemInitializer.java:177)
	at de.uka.ilkd.key.proof.init.ProblemInitializer.readEnvInput(ProblemInitializer.java:325)
	at de.uka.ilkd.key.proof.init.ProblemInitializer.prepare(ProblemInitializer.java:449)
	at de.uka.ilkd.key.proof.io.AbstractProblemLoader.createInitConfig(AbstractProblemLoader.java:518)
	at de.uka.ilkd.key.proof.io.AbstractProblemLoader.loadEnvironment(AbstractProblemLoader.java:288)
	at de.uka.ilkd.key.proof.io.AbstractProblemLoader.load(AbstractProblemLoader.java:252)
	at de.uka.ilkd.key.control.AbstractUserInterfaceControl.load(AbstractUserInterfaceControl.java:209)
	... 7 more
Caused by: java.lang.RuntimeException: Could not find rule file rules/intRulesCheckedSemantics.key
	at de.uka.ilkd.key.proof.io.RuleSourceFactory.fromBuiltInRule(RuleSourceFactory.java:32)
	at de.uka.ilkd.key.proof.io.RuleSourceFactory.fromDefaultLocation(RuleSourceFactory.java:21)
	at de.uka.ilkd.key.nparser.builder.IncludeFinder.addInclude(IncludeFinder.java:63)
	at de.uka.ilkd.key.nparser.builder.IncludeFinder.visitOne_include(IncludeFinder.java:43)
	at de.uka.ilkd.key.nparser.builder.IncludeFinder.visitOne_include(IncludeFinder.java:20)
	at de.uka.ilkd.key.nparser.KeYParser$One_includeContext.accept(KeYParser.java:878)
	at de.uka.ilkd.key.nparser.builder.AbstractBuilder.lambda$mapOf$0(AbstractBuilder.java:112)
	at java.base/java.util.stream.ReferencePipeline$3$1.accept(ReferencePipeline.java:195)
	at java.base/java.util.ArrayList$ArrayListSpliterator.forEachRemaining(ArrayList.java:1655)
	at java.base/java.util.stream.AbstractPipeline.copyInto(AbstractPipeline.java:484)
	at java.base/java.util.stream.AbstractPipeline.wrapAndCopyInto(AbstractPipeline.java:474)
	at java.base/java.util.stream.ReduceOps$ReduceOp.evaluateSequential(ReduceOps.java:913)
	at java.base/java.util.stream.AbstractPipeline.evaluate(AbstractPipeline.java:234)
	at java.base/java.util.stream.ReferencePipeline.collect(ReferencePipeline.java:578)
	at de.uka.ilkd.key.nparser.builder.AbstractBuilder.mapOf(AbstractBuilder.java:112)
	at de.uka.ilkd.key.nparser.builder.IncludeFinder.visitOne_include_statement(IncludeFinder.java:35)
	at de.uka.ilkd.key.nparser.builder.IncludeFinder.visitOne_include_statement(IncludeFinder.java:20)
	at de.uka.ilkd.key.nparser.KeYParser$One_include_statementContext.accept(KeYParser.java:802)
	at org.antlr.v4.runtime.tree.AbstractParseTreeVisitor.visitChildren(AbstractParseTreeVisitor.java:46)
	at de.uka.ilkd.key.nparser.KeYParserBaseVisitor.visitDecls(KeYParserBaseVisitor.java:30)
	at de.uka.ilkd.key.nparser.KeYParser$DeclsContext.accept(KeYParser.java:500)
	at org.antlr.v4.runtime.tree.AbstractParseTreeVisitor.visitChildren(AbstractParseTreeVisitor.java:46)
	at de.uka.ilkd.key.nparser.KeYParserBaseVisitor.visitFile(KeYParserBaseVisitor.java:23)
	at de.uka.ilkd.key.nparser.KeYParser$FileContext.accept(KeYParser.java:306)
	at de.uka.ilkd.key.nparser.KeyAst.accept(KeyAst.java:41)
	at de.uka.ilkd.key.nparser.KeyAst$File.getIncludes(KeyAst.java:76)
	at de.uka.ilkd.key.proof.io.KeYFile.readIncludes(KeYFile.java:208)
	... 14 more
Could not find rule file rules/intRulesCheckedSemantics.key (file: /home/runner/work/key/key/key.core/../key.ui/examples/index/../InformationFlow/MethodContracts/contract.IFMethodContract(contract.IFMethodContract__secure_recursion(int)).Non-interference contract.0.key; caused by: de.uka.ilkd.key.proof.init.ProofInputException: Could not find rule file rules/intRulesCheckedSemantics.key)
	at de.uka.ilkd.key.control.AbstractUserInterfaceControl.load(AbstractUserInterfaceControl.java:221)
	at de.uka.ilkd.key.control.KeYEnvironment.load(KeYEnvironment.java:251)
	at de.uka.ilkd.key.control.KeYEnvironment.load(KeYEnvironment.java:224)
	at de.uka.ilkd.key.control.KeYEnvironment.load(KeYEnvironment.java:184)
	at de.uka.ilkd.key.control.KeYEnvironment.load(KeYEnvironment.java:261)
	at de.uka.ilkd.key.proof.runallproofs.proofcollection.TestFile.load(TestFile.java:270)
	at de.uka.ilkd.key.proof.runallproofs.proofcollection.TestFile.runKey(TestFile.java:160)
	at de.uka.ilkd.key.proof.runallproofs.proofcollection.ForkedTestFileRunner.main(ForkedTestFileRunner.java:171)
Caused by: de.uka.ilkd.key.proof.init.ProofInputException: Could not find rule file rules/intRulesCheckedSemantics.key
	at de.uka.ilkd.key.proof.io.KeYFile.readIncludes(KeYFile.java:210)
	at de.uka.ilkd.key.proof.init.ProblemInitializer.readIncludes(ProblemInitializer.java:177)
	at de.uka.ilkd.key.proof.init.ProblemInitializer.readEnvInput(ProblemInitializer.java:325)
	at de.uka.ilkd.key.proof.init.ProblemInitializer.prepare(ProblemInitializer.java:449)
	at de.uka.ilkd.key.proof.io.AbstractProblemLoader.createInitConfig(AbstractProblemLoader.java:518)
	at de.uka.ilkd.key.proof.io.AbstractProblemLoader.loadEnvironment(AbstractProblemLoader.java:288)
	at de.uka.ilkd.key.proof.io.AbstractProblemLoader.load(AbstractProblemLoader.java:252)
	at de.uka.ilkd.key.control.AbstractUserInterfaceControl.load(AbstractUserInterfaceControl.java:209)
	... 7 more
Caused by: java.lang.RuntimeException: Could not find rule file rules/intRulesCheckedSemantics.key
	at de.uka.ilkd.key.proof.io.RuleSourceFactory.fromBuiltInRule(RuleSourceFactory.java:32)
	at de.uka.ilkd.key.proof.io.RuleSourceFactory.fromDefaultLocation(RuleSourceFactory.java:21)
	at de.uka.ilkd.key.nparser.builder.IncludeFinder.addInclude(IncludeFinder.java:63)
	at de.uka.ilkd.key.nparser.builder.IncludeFinder.visitOne_include(IncludeFinder.java:43)
	at de.uka.ilkd.key.nparser.builder.IncludeFinder.visitOne_include(IncludeFinder.java:20)
	at de.uka.ilkd.key.nparser.KeYParser$One_includeContext.accept(KeYParser.java:878)
	at de.uka.ilkd.key.nparser.builder.AbstractBuilder.lambda$mapOf$0(AbstractBuilder.java:112)
	at java.base/java.util.stream.ReferencePipeline$3$1.accept(ReferencePipeline.java:195)
	at java.base/java.util.ArrayList$ArrayListSpliterator.forEachRemaining(ArrayList.java:1655)
	at java.base/java.util.stream.AbstractPipeline.copyInto(AbstractPipeline.java:484)
	at java.base/java.util.stream.AbstractPipeline.wrapAndCopyInto(AbstractPipeline.java:474)
	at java.base/java.util.stream.ReduceOps$ReduceOp.evaluateSequential(ReduceOps.java:913)
	at java.base/java.util.stream.AbstractPipeline.evaluate(AbstractPipeline.java:234)
	at java.base/java.util.stream.ReferencePipeline.collect(ReferencePipeline.java:578)
	at de.uka.ilkd.key.nparser.builder.AbstractBuilder.mapOf(AbstractBuilder.java:112)
	at de.uka.ilkd.key.nparser.builder.IncludeFinder.visitOne_include_statement(IncludeFinder.java:35)
	at de.uka.ilkd.key.nparser.builder.IncludeFinder.visitOne_include_statement(IncludeFinder.java:20)
	at de.uka.ilkd.key.nparser.KeYParser$One_include_statementContext.accept(KeYParser.java:802)
	at org.antlr.v4.runtime.tree.AbstractParseTreeVisitor.visitChildren(AbstractParseTreeVisitor.java:46)
	at de.uka.ilkd.key.nparser.KeYParserBaseVisitor.visitDecls(KeYParserBaseVisitor.java:30)
	at de.uka.ilkd.key.nparser.KeYParser$DeclsContext.accept(KeYParser.java:500)
	at org.antlr.v4.runtime.tree.AbstractParseTreeVisitor.visitChildren(AbstractParseTreeVisitor.java:46)
	at de.uka.ilkd.key.nparser.KeYParserBaseVisitor.visitFile(KeYParserBaseVisitor.java:23)
	at de.uka.ilkd.key.nparser.KeYParser$FileContext.accept(KeYParser.java:306)
	at de.uka.ilkd.key.nparser.KeyAst.accept(KeyAst.java:41)
	at de.uka.ilkd.key.nparser.KeyAst$File.getIncludes(KeyAst.java:76)
	at de.uka.ilkd.key.proof.io.KeYFile.readIncludes(KeYFile.java:208)
	... 14 more
Could not find rule file rules/intRulesCheckedSemantics.key (file: /home/runner/work/key/key/key.core/../key.ui/examples/index/../InformationFlow/MethodContracts/contract.IFMethodContract(contract.IFMethodContract__secure_catch_exception()).Non-interference contract.0.key; caused by: de.uka.ilkd.key.proof.init.ProofInputException: Could not find rule file rules/intRulesCheckedSemantics.key)
	at de.uka.ilkd.key.control.AbstractUserInterfaceControl.load(AbstractUserInterfaceControl.java:221)
	at de.uka.ilkd.key.control.KeYEnvironment.load(KeYEnvironment.java:251)
	at de.uka.ilkd.key.control.KeYEnvironment.load(KeYEnvironment.java:224)
	at de.uka.ilkd.key.control.KeYEnvironment.load(KeYEnvironment.java:184)
	at de.uka.ilkd.key.control.KeYEnvironment.load(KeYEnvironment.java:261)
	at de.uka.ilkd.key.proof.runallproofs.proofcollection.TestFile.load(TestFile.java:270)
	at de.uka.ilkd.key.proof.runallproofs.proofcollection.TestFile.runKey(TestFile.java:160)
	at de.uka.ilkd.key.proof.runallproofs.proofcollection.ForkedTestFileRunner.main(ForkedTestFileRunner.java:171)
Caused by: de.uka.ilkd.key.proof.init.ProofInputException: Could not find rule file rules/intRulesCheckedSemantics.key
	at de.uka.ilkd.key.proof.io.KeYFile.readIncludes(KeYFile.java:210)
	at de.uka.ilkd.key.proof.init.ProblemInitializer.readIncludes(ProblemInitializer.java:177)
	at de.uka.ilkd.key.proof.init.ProblemInitializer.readEnvInput(ProblemInitializer.java:325)
	at de.uka.ilkd.key.proof.init.ProblemInitializer.prepare(ProblemInitializer.java:449)
	at de.uka.ilkd.key.proof.io.AbstractProblemLoader.createInitConfig(AbstractProblemLoader.java:518)
	at de.uka.ilkd.key.proof.io.AbstractProblemLoader.loadEnvironment(AbstractProblemLoader.java:288)
	at de.uka.ilkd.key.proof.io.AbstractProblemLoader.load(AbstractProblemLoader.java:252)
	at de.uka.ilkd.key.control.AbstractUserInterfaceControl.load(AbstractUserInterfaceControl.java:209)
	... 7 more
Caused by: java.lang.RuntimeException: Could not find rule file rules/intRulesCheckedSemantics.key
	at de.uka.ilkd.key.proof.io.RuleSourceFactory.fromBuiltInRule(RuleSourceFactory.java:32)
	at de.uka.ilkd.key.proof.io.RuleSourceFactory.fromDefaultLocation(RuleSourceFactory.java:21)
	at de.uka.ilkd.key.nparser.builder.IncludeFinder.addInclude(IncludeFinder.java:63)
	at de.uka.ilkd.key.nparser.builder.IncludeFinder.visitOne_include(IncludeFinder.java:43)
	at de.uka.ilkd.key.nparser.builder.IncludeFinder.visitOne_include(IncludeFinder.java:20)
	at de.uka.ilkd.key.nparser.KeYParser$One_includeContext.accept(KeYParser.java:878)
	at de.uka.ilkd.key.nparser.builder.AbstractBuilder.lambda$mapOf$0(AbstractBuilder.java:112)
	at java.base/java.util.stream.ReferencePipeline$3$1.accept(ReferencePipeline.java:195)
	at java.base/java.util.ArrayList$ArrayListSpliterator.forEachRemaining(ArrayList.java:1655)
	at java.base/java.util.stream.AbstractPipeline.copyInto(AbstractPipeline.java:484)
	at java.base/java.util.stream.AbstractPipeline.wrapAndCopyInto(AbstractPipeline.java:474)
	at java.base/java.util.stream.ReduceOps$ReduceOp.evaluateSequential(ReduceOps.java:913)
	at java.base/java.util.stream.AbstractPipeline.evaluate(AbstractPipeline.java:234)
	at java.base/java.util.stream.ReferencePipeline.collect(ReferencePipeline.java:578)
	at de.uka.ilkd.key.nparser.builder.AbstractBuilder.mapOf(AbstractBuilder.java:112)
	at de.uka.ilkd.key.nparser.builder.IncludeFinder.visitOne_include_statement(IncludeFinder.java:35)
	at de.uka.ilkd.key.nparser.builder.IncludeFinder.visitOne_include_statement(IncludeFinder.java:20)
	at de.uka.ilkd.key.nparser.KeYParser$One_include_statementContext.accept(KeYParser.java:802)
	at org.antlr.v4.runtime.tree.AbstractParseTreeVisitor.visitChildren(AbstractParseTreeVisitor.java:46)
	at de.uka.ilkd.key.nparser.KeYParserBaseVisitor.visitDecls(KeYParserBaseVisitor.java:30)
	at de.uka.ilkd.key.nparser.KeYParser$DeclsContext.accept(KeYParser.java:500)
	at org.antlr.v4.runtime.tree.AbstractParseTreeVisitor.visitChildren(AbstractParseTreeVisitor.java:46)
	at de.uka.ilkd.key.nparser.KeYParserBaseVisitor.visitFile(KeYParserBaseVisitor.java:23)
	at de.uka.ilkd.key.nparser.KeYParser$FileContext.accept(KeYParser.java:306)
	at de.uka.ilkd.key.nparser.KeyAst.accept(KeyAst.java:41)
	at de.uka.ilkd.key.nparser.KeyAst$File.getIncludes(KeyAst.java:76)
	at de.uka.ilkd.key.proof.io.KeYFile.readIncludes(KeYFile.java:208)
	... 14 more
Could not find rule file rules/intRulesCheckedSemantics.key (file: /home/runner/work/key/key/key.core/../key.ui/examples/index/../InformationFlow/MethodContracts/contract.IFMethodContract(contract.IFMethodContract__n6()).Non-interference contract.0.key; caused by: de.uka.ilkd.key.proof.init.ProofInputException: Could not find rule file rules/intRulesCheckedSemantics.key)
	at de.uka.ilkd.key.control.AbstractUserInterfaceControl.load(AbstractUserInterfaceControl.java:221)
	at de.uka.ilkd.key.control.KeYEnvironment.load(KeYEnvironment.java:251)
	at de.uka.ilkd.key.control.KeYEnvironment.load(KeYEnvironment.java:224)
	at de.uka.ilkd.key.control.KeYEnvironment.load(KeYEnvironment.java:184)
	at de.uka.ilkd.key.control.KeYEnvironment.load(KeYEnvironment.java:261)
	at de.uka.ilkd.key.proof.runallproofs.proofcollection.TestFile.load(TestFile.java:270)
	at de.uka.ilkd.key.proof.runallproofs.proofcollection.TestFile.runKey(TestFile.java:160)
	at de.uka.ilkd.key.proof.runallproofs.proofcollection.ForkedTestFileRunner.main(ForkedTestFileRunner.java:171)
Caused by: de.uka.ilkd.key.proof.init.ProofInputException: Could not find rule file rules/intRulesCheckedSemantics.key
	at de.uka.ilkd.key.proof.io.KeYFile.readIncludes(KeYFile.java:210)
	at de.uka.ilkd.key.proof.init.ProblemInitializer.readIncludes(ProblemInitializer.java:177)
	at de.uka.ilkd.key.proof.init.ProblemInitializer.readEnvInput(ProblemInitializer.java:325)
	at de.uka.ilkd.key.proof.init.ProblemInitializer.prepare(ProblemInitializer.java:449)
	at de.uka.ilkd.key.proof.io.AbstractProblemLoader.createInitConfig(AbstractProblemLoader.java:518)
	at de.uka.ilkd.key.proof.io.AbstractProblemLoader.loadEnvironment(AbstractProblemLoader.java:288)
	at de.uka.ilkd.key.proof.io.AbstractProblemLoader.load(AbstractProblemLoader.java:252)
	at de.uka.ilkd.key.control.AbstractUserInterfaceControl.load(AbstractUserInterfaceControl.java:209)
	... 7 more
Caused by: java.lang.RuntimeException: Could not find rule file rules/intRulesCheckedSemantics.key
	at de.uka.ilkd.key.proof.io.RuleSourceFactory.fromBuiltInRule(RuleSourceFactory.java:32)
	at de.uka.ilkd.key.proof.io.RuleSourceFactory.fromDefaultLocation(RuleSourceFactory.java:21)
	at de.uka.ilkd.key.nparser.builder.IncludeFinder.addInclude(IncludeFinder.java:63)
	at de.uka.ilkd.key.nparser.builder.IncludeFinder.visitOne_include(IncludeFinder.java:43)
	at de.uka.ilkd.key.nparser.builder.IncludeFinder.visitOne_include(IncludeFinder.java:20)
	at de.uka.ilkd.key.nparser.KeYParser$One_includeContext.accept(KeYParser.java:878)
	at de.uka.ilkd.key.nparser.builder.AbstractBuilder.lambda$mapOf$0(AbstractBuilder.java:112)
	at java.base/java.util.stream.ReferencePipeline$3$1.accept(ReferencePipeline.java:195)
	at java.base/java.util.ArrayList$ArrayListSpliterator.forEachRemaining(ArrayList.java:1655)
	at java.base/java.util.stream.AbstractPipeline.copyInto(AbstractPipeline.java:484)
	at java.base/java.util.stream.AbstractPipeline.wrapAndCopyInto(AbstractPipeline.java:474)
	at java.base/java.util.stream.ReduceOps$ReduceOp.evaluateSequential(ReduceOps.java:913)
	at java.base/java.util.stream.AbstractPipeline.evaluate(AbstractPipeline.java:234)
	at java.base/java.util.stream.ReferencePipeline.collect(ReferencePipeline.java:578)
	at de.uka.ilkd.key.nparser.builder.AbstractBuilder.mapOf(AbstractBuilder.java:112)
	at de.uka.ilkd.key.nparser.builder.IncludeFinder.visitOne_include_statement(IncludeFinder.java:35)
	at de.uka.ilkd.key.nparser.builder.IncludeFinder.visitOne_include_statement(IncludeFinder.java:20)
	at de.uka.ilkd.key.nparser.KeYParser$One_include_statementContext.accept(KeYParser.java:802)
	at org.antlr.v4.runtime.tree.AbstractParseTreeVisitor.visitChildren(AbstractParseTreeVisitor.java:46)
	at de.uka.ilkd.key.nparser.KeYParserBaseVisitor.visitDecls(KeYParserBaseVisitor.java:30)
	at de.uka.ilkd.key.nparser.KeYParser$DeclsContext.accept(KeYParser.java:500)
	at org.antlr.v4.runtime.tree.AbstractParseTreeVisitor.visitChildren(AbstractParseTreeVisitor.java:46)
	at de.uka.ilkd.key.nparser.KeYParserBaseVisitor.visitFile(KeYParserBaseVisitor.java:23)
	at de.uka.ilkd.key.nparser.KeYParser$FileContext.accept(KeYParser.java:306)
	at de.uka.ilkd.key.nparser.KeyAst.accept(KeyAst.java:41)
	at de.uka.ilkd.key.nparser.KeyAst$File.getIncludes(KeyAst.java:76)
	at de.uka.ilkd.key.proof.io.KeYFile.readIncludes(KeYFile.java:208)
	... 14 more
Could not find rule file rules/intRulesCheckedSemantics.key (file: /home/runner/work/key/key/key.core/../key.ui/examples/index/../InformationFlow/MethodContracts/contract.IFMethodContract(contract.IFMethodContract__secure_n6()).Non-interference contract.0.key; caused by: de.uka.ilkd.key.proof.init.ProofInputException: Could not find rule file rules/intRulesCheckedSemantics.key)
	at de.uka.ilkd.key.control.AbstractUserInterfaceControl.load(AbstractUserInterfaceControl.java:221)
	at de.uka.ilkd.key.control.KeYEnvironment.load(KeYEnvironment.java:251)
	at de.uka.ilkd.key.control.KeYEnvironment.load(KeYEnvironment.java:224)
	at de.uka.ilkd.key.control.KeYEnvironment.load(KeYEnvironment.java:184)
	at de.uka.ilkd.key.control.KeYEnvironment.load(KeYEnvironment.java:261)
	at de.uka.ilkd.key.proof.runallproofs.proofcollection.TestFile.load(TestFile.java:270)
	at de.uka.ilkd.key.proof.runallproofs.proofcollection.TestFile.runKey(TestFile.java:160)
	at de.uka.ilkd.key.proof.runallproofs.proofcollection.ForkedTestFileRunner.main(ForkedTestFileRunner.java:171)
Caused by: de.uka.ilkd.key.proof.init.ProofInputException: Could not find rule file rules/intRulesCheckedSemantics.key
	at de.uka.ilkd.key.proof.io.KeYFile.readIncludes(KeYFile.java:210)
	at de.uka.ilkd.key.proof.init.ProblemInitializer.readIncludes(ProblemInitializer.java:177)
	at de.uka.ilkd.key.proof.init.ProblemInitializer.readEnvInput(ProblemInitializer.java:325)
	at de.uka.ilkd.key.proof.init.ProblemInitializer.prepare(ProblemInitializer.java:449)
	at de.uka.ilkd.key.proof.io.AbstractProblemLoader.createInitConfig(AbstractProblemLoader.java:518)
	at de.uka.ilkd.key.proof.io.AbstractProblemLoader.loadEnvironment(AbstractProblemLoader.java:288)
	at de.uka.ilkd.key.proof.io.AbstractProblemLoader.load(AbstractProblemLoader.java:252)
	at de.uka.ilkd.key.control.AbstractUserInterfaceControl.load(AbstractUserInterfaceControl.java:209)
	... 7 more
Caused by: java.lang.RuntimeException: Could not find rule file rules/intRulesCheckedSemantics.key
	at de.uka.ilkd.key.proof.io.RuleSourceFactory.fromBuiltInRule(RuleSourceFactory.java:32)
	at de.uka.ilkd.key.proof.io.RuleSourceFactory.fromDefaultLocation(RuleSourceFactory.java:21)
	at de.uka.ilkd.key.nparser.builder.IncludeFinder.addInclude(IncludeFinder.java:63)
	at de.uka.ilkd.key.nparser.builder.IncludeFinder.visitOne_include(IncludeFinder.java:43)
	at de.uka.ilkd.key.nparser.builder.IncludeFinder.visitOne_include(IncludeFinder.java:20)
	at de.uka.ilkd.key.nparser.KeYParser$One_includeContext.accept(KeYParser.java:878)
	at de.uka.ilkd.key.nparser.builder.AbstractBuilder.lambda$mapOf$0(AbstractBuilder.java:112)
	at java.base/java.util.stream.ReferencePipeline$3$1.accept(ReferencePipeline.java:195)
	at java.base/java.util.ArrayList$ArrayListSpliterator.forEachRemaining(ArrayList.java:1655)
	at java.base/java.util.stream.AbstractPipeline.copyInto(AbstractPipeline.java:484)
	at java.base/java.util.stream.AbstractPipeline.wrapAndCopyInto(AbstractPipeline.java:474)
	at java.base/java.util.stream.ReduceOps$ReduceOp.evaluateSequential(ReduceOps.java:913)
	at java.base/java.util.stream.AbstractPipeline.evaluate(AbstractPipeline.java:234)
	at java.base/java.util.stream.ReferencePipeline.collect(ReferencePipeline.java:578)
	at de.uka.ilkd.key.nparser.builder.AbstractBuilder.mapOf(AbstractBuilder.java:112)
	at de.uka.ilkd.key.nparser.builder.IncludeFinder.visitOne_include_statement(IncludeFinder.java:35)
	at de.uka.ilkd.key.nparser.builder.IncludeFinder.visitOne_include_statement(IncludeFinder.java:20)
	at de.uka.ilkd.key.nparser.KeYParser$One_include_statementContext.accept(KeYParser.java:802)
	at org.antlr.v4.runtime.tree.AbstractParseTreeVisitor.visitChildren(AbstractParseTreeVisitor.java:46)
	at de.uka.ilkd.key.nparser.KeYParserBaseVisitor.visitDecls(KeYParserBaseVisitor.java:30)
	at de.uka.ilkd.key.nparser.KeYParser$DeclsContext.accept(KeYParser.java:500)
	at org.antlr.v4.runtime.tree.AbstractParseTreeVisitor.visitChildren(AbstractParseTreeVisitor.java:46)
	at de.uka.ilkd.key.nparser.KeYParserBaseVisitor.visitFile(KeYParserBaseVisitor.java:23)
	at de.uka.ilkd.key.nparser.KeYParser$FileContext.accept(KeYParser.java:306)
	at de.uka.ilkd.key.nparser.KeyAst.accept(KeyAst.java:41)
	at de.uka.ilkd.key.nparser.KeyAst$File.getIncludes(KeyAst.java:76)
	at de.uka.ilkd.key.proof.io.KeYFile.readIncludes(KeYFile.java:208)
	... 14 more
Could not find rule file rules/intRulesCheckedSemantics.key (file: /home/runner/work/key/key/key.core/../key.ui/examples/index/../InformationFlow/MethodContracts/contract.IFMethodContract(contract.IFMethodContract__secure_array_param((I,int)).Non-interference contract.0.key; caused by: de.uka.ilkd.key.proof.init.ProofInputException: Could not find rule file rules/intRulesCheckedSemantics.key)
	at de.uka.ilkd.key.control.AbstractUserInterfaceControl.load(AbstractUserInterfaceControl.java:221)
	at de.uka.ilkd.key.control.KeYEnvironment.load(KeYEnvironment.java:251)
	at de.uka.ilkd.key.control.KeYEnvironment.load(KeYEnvironment.java:224)
	at de.uka.ilkd.key.control.KeYEnvironment.load(KeYEnvironment.java:184)
	at de.uka.ilkd.key.control.KeYEnvironment.load(KeYEnvironment.java:261)
	at de.uka.ilkd.key.proof.runallproofs.proofcollection.TestFile.load(TestFile.java:270)
	at de.uka.ilkd.key.proof.runallproofs.proofcollection.TestFile.runKey(TestFile.java:160)
	at de.uka.ilkd.key.proof.runallproofs.proofcollection.ForkedTestFileRunner.main(ForkedTestFileRunner.java:171)
Caused by: de.uka.ilkd.key.proof.init.ProofInputException: Could not find rule file rules/intRulesCheckedSemantics.key
	at de.uka.ilkd.key.proof.io.KeYFile.readIncludes(KeYFile.java:210)
	at de.uka.ilkd.key.proof.init.ProblemInitializer.readIncludes(ProblemInitializer.java:177)
	at de.uka.ilkd.key.proof.init.ProblemInitializer.readEnvInput(ProblemInitializer.java:325)
	at de.uka.ilkd.key.proof.init.ProblemInitializer.prepare(ProblemInitializer.java:449)
	at de.uka.ilkd.key.proof.io.AbstractProblemLoader.createInitConfig(AbstractProblemLoader.java:518)
	at de.uka.ilkd.key.proof.io.AbstractProblemLoader.loadEnvironment(AbstractProblemLoader.java:288)
	at de.uka.ilkd.key.proof.io.AbstractProblemLoader.load(AbstractProblemLoader.java:252)
	at de.uka.ilkd.key.control.AbstractUserInterfaceControl.load(AbstractUserInterfaceControl.java:209)
	... 7 more
Caused by: java.lang.RuntimeException: Could not find rule file rules/intRulesCheckedSemantics.key
	at de.uka.ilkd.key.proof.io.RuleSourceFactory.fromBuiltInRule(RuleSourceFactory.java:32)
	at de.uka.ilkd.key.proof.io.RuleSourceFactory.fromDefaultLocation(RuleSourceFactory.java:21)
	at de.uka.ilkd.key.nparser.builder.IncludeFinder.addInclude(IncludeFinder.java:63)
	at de.uka.ilkd.key.nparser.builder.IncludeFinder.visitOne_include(IncludeFinder.java:43)
	at de.uka.ilkd.key.nparser.builder.IncludeFinder.visitOne_include(IncludeFinder.java:20)
	at de.uka.ilkd.key.nparser.KeYParser$One_includeContext.accept(KeYParser.java:878)
	at de.uka.ilkd.key.nparser.builder.AbstractBuilder.lambda$mapOf$0(AbstractBuilder.java:112)
	at java.base/java.util.stream.ReferencePipeline$3$1.accept(ReferencePipeline.java:195)
	at java.base/java.util.ArrayList$ArrayListSpliterator.forEachRemaining(ArrayList.java:1655)
	at java.base/java.util.stream.AbstractPipeline.copyInto(AbstractPipeline.java:484)
	at java.base/java.util.stream.AbstractPipeline.wrapAndCopyInto(AbstractPipeline.java:474)
	at java.base/java.util.stream.ReduceOps$ReduceOp.evaluateSequential(ReduceOps.java:913)
	at java.base/java.util.stream.AbstractPipeline.evaluate(AbstractPipeline.java:234)
	at java.base/java.util.stream.ReferencePipeline.collect(ReferencePipeline.java:578)
	at de.uka.ilkd.key.nparser.builder.AbstractBuilder.mapOf(AbstractBuilder.java:112)
	at de.uka.ilkd.key.nparser.builder.IncludeFinder.visitOne_include_statement(IncludeFinder.java:35)
	at de.uka.ilkd.key.nparser.builder.IncludeFinder.visitOne_include_statement(IncludeFinder.java:20)
	at de.uka.ilkd.key.nparser.KeYParser$One_include_statementContext.accept(KeYParser.java:802)
	at org.antlr.v4.runtime.tree.AbstractParseTreeVisitor.visitChildren(AbstractParseTreeVisitor.java:46)
	at de.uka.ilkd.key.nparser.KeYParserBaseVisitor.visitDecls(KeYParserBaseVisitor.java:30)
	at de.uka.ilkd.key.nparser.KeYParser$DeclsContext.accept(KeYParser.java:500)
	at org.antlr.v4.runtime.tree.AbstractParseTreeVisitor.visitChildren(AbstractParseTreeVisitor.java:46)
	at de.uka.ilkd.key.nparser.KeYParserBaseVisitor.visitFile(KeYParserBaseVisitor.java:23)
	at de.uka.ilkd.key.nparser.KeYParser$FileContext.accept(KeYParser.java:306)
	at de.uka.ilkd.key.nparser.KeyAst.accept(KeyAst.java:41)
	at de.uka.ilkd.key.nparser.KeyAst$File.getIncludes(KeyAst.java:76)
	at de.uka.ilkd.key.proof.io.KeYFile.readIncludes(KeYFile.java:208)
	... 14 more
Could not find rule file rules/intRulesCheckedSemantics.key (file: /home/runner/work/key/key/key.core/../key.ui/examples/index/../InformationFlow/MethodContracts/contract.IFMethodContract(contract.IFMethodContract__secure_assignment_0_n9()).Non-interference contract.0.key; caused by: de.uka.ilkd.key.proof.init.ProofInputException: Could not find rule file rules/intRulesCheckedSemantics.key)
	at de.uka.ilkd.key.control.AbstractUserInterfaceControl.load(AbstractUserInterfaceControl.java:221)
	at de.uka.ilkd.key.control.KeYEnvironment.load(KeYEnvironment.java:251)
	at de.uka.ilkd.key.control.KeYEnvironment.load(KeYEnvironment.java:224)
	at de.uka.ilkd.key.control.KeYEnvironment.load(KeYEnvironment.java:184)
	at de.uka.ilkd.key.control.KeYEnvironment.load(KeYEnvironment.java:261)
	at de.uka.ilkd.key.proof.runallproofs.proofcollection.TestFile.load(TestFile.java:270)
	at de.uka.ilkd.key.proof.runallproofs.proofcollection.TestFile.runKey(TestFile.java:160)
	at de.uka.ilkd.key.proof.runallproofs.proofcollection.ForkedTestFileRunner.main(ForkedTestFileRunner.java:171)
Caused by: de.uka.ilkd.key.proof.init.ProofInputException: Could not find rule file rules/intRulesCheckedSemantics.key
	at de.uka.ilkd.key.proof.io.KeYFile.readIncludes(KeYFile.java:210)
	at de.uka.ilkd.key.proof.init.ProblemInitializer.readIncludes(ProblemInitializer.java:177)
	at de.uka.ilkd.key.proof.init.ProblemInitializer.readEnvInput(ProblemInitializer.java:325)
	at de.uka.ilkd.key.proof.init.ProblemInitializer.prepare(ProblemInitializer.java:449)
	at de.uka.ilkd.key.proof.io.AbstractProblemLoader.createInitConfig(AbstractProblemLoader.java:518)
	at de.uka.ilkd.key.proof.io.AbstractProblemLoader.loadEnvironment(AbstractProblemLoader.java:288)
	at de.uka.ilkd.key.proof.io.AbstractProblemLoader.load(AbstractProblemLoader.java:252)
	at de.uka.ilkd.key.control.AbstractUserInterfaceControl.load(AbstractUserInterfaceControl.java:209)
	... 7 more
Caused by: java.lang.RuntimeException: Could not find rule file rules/intRulesCheckedSemantics.key
	at de.uka.ilkd.key.proof.io.RuleSourceFactory.fromBuiltInRule(RuleSourceFactory.java:32)
	at de.uka.ilkd.key.proof.io.RuleSourceFactory.fromDefaultLocation(RuleSourceFactory.java:21)
	at de.uka.ilkd.key.nparser.builder.IncludeFinder.addInclude(IncludeFinder.java:63)
	at de.uka.ilkd.key.nparser.builder.IncludeFinder.visitOne_include(IncludeFinder.java:43)
	at de.uka.ilkd.key.nparser.builder.IncludeFinder.visitOne_include(IncludeFinder.java:20)
	at de.uka.ilkd.key.nparser.KeYParser$One_includeContext.accept(KeYParser.java:878)
	at de.uka.ilkd.key.nparser.builder.AbstractBuilder.lambda$mapOf$0(AbstractBuilder.java:112)
	at java.base/java.util.stream.ReferencePipeline$3$1.accept(ReferencePipeline.java:195)
	at java.base/java.util.ArrayList$ArrayListSpliterator.forEachRemaining(ArrayList.java:1655)
	at java.base/java.util.stream.AbstractPipeline.copyInto(AbstractPipeline.java:484)
	at java.base/java.util.stream.AbstractPipeline.wrapAndCopyInto(AbstractPipeline.java:474)
	at java.base/java.util.stream.ReduceOps$ReduceOp.evaluateSequential(ReduceOps.java:913)
	at java.base/java.util.stream.AbstractPipeline.evaluate(AbstractPipeline.java:234)
	at java.base/java.util.stream.ReferencePipeline.collect(ReferencePipeline.java:578)
	at de.uka.ilkd.key.nparser.builder.AbstractBuilder.mapOf(AbstractBuilder.java:112)
	at de.uka.ilkd.key.nparser.builder.IncludeFinder.visitOne_include_statement(IncludeFinder.java:35)
	at de.uka.ilkd.key.nparser.builder.IncludeFinder.visitOne_include_statement(IncludeFinder.java:20)
	at de.uka.ilkd.key.nparser.KeYParser$One_include_statementContext.accept(KeYParser.java:802)
	at org.antlr.v4.runtime.tree.AbstractParseTreeVisitor.visitChildren(AbstractParseTreeVisitor.java:46)
	at de.uka.ilkd.key.nparser.KeYParserBaseVisitor.visitDecls(KeYParserBaseVisitor.java:30)
	at de.uka.ilkd.key.nparser.KeYParser$DeclsContext.accept(KeYParser.java:500)
	at org.antlr.v4.runtime.tree.AbstractParseTreeVisitor.visitChildren(AbstractParseTreeVisitor.java:46)
	at de.uka.ilkd.key.nparser.KeYParserBaseVisitor.visitFile(KeYParserBaseVisitor.java:23)
	at de.uka.ilkd.key.nparser.KeYParser$FileContext.accept(KeYParser.java:306)
	at de.uka.ilkd.key.nparser.KeyAst.accept(KeyAst.java:41)
	at de.uka.ilkd.key.nparser.KeyAst$File.getIncludes(KeyAst.java:76)
	at de.uka.ilkd.key.proof.io.KeYFile.readIncludes(KeYFile.java:208)
	... 14 more
Could not find rule file rules/intRulesCheckedSemantics.key (file: /home/runner/work/key/key/key.core/../key.ui/examples/index/../InformationFlow/MethodContracts/contract.IFMethodContract(contract.IFMethodContract__insecure_if_high_n5_n1()).Non-interference contract.0.key; caused by: de.uka.ilkd.key.proof.init.ProofInputException: Could not find rule file rules/intRulesCheckedSemantics.key)
	at de.uka.ilkd.key.control.AbstractUserInterfaceControl.load(AbstractUserInterfaceControl.java:221)
	at de.uka.ilkd.key.control.KeYEnvironment.load(KeYEnvironment.java:251)
	at de.uka.ilkd.key.control.KeYEnvironment.load(KeYEnvironment.java:224)
	at de.uka.ilkd.key.control.KeYEnvironment.load(KeYEnvironment.java:184)
	at de.uka.ilkd.key.control.KeYEnvironment.load(KeYEnvironment.java:261)
	at de.uka.ilkd.key.proof.runallproofs.proofcollection.TestFile.load(TestFile.java:270)
	at de.uka.ilkd.key.proof.runallproofs.proofcollection.TestFile.runKey(TestFile.java:160)
	at de.uka.ilkd.key.proof.runallproofs.proofcollection.ForkedTestFileRunner.main(ForkedTestFileRunner.java:171)
Caused by: de.uka.ilkd.key.proof.init.ProofInputException: Could not find rule file rules/intRulesCheckedSemantics.key
	at de.uka.ilkd.key.proof.io.KeYFile.readIncludes(KeYFile.java:210)
	at de.uka.ilkd.key.proof.init.ProblemInitializer.readIncludes(ProblemInitializer.java:177)
	at de.uka.ilkd.key.proof.init.ProblemInitializer.readEnvInput(ProblemInitializer.java:325)
	at de.uka.ilkd.key.proof.init.ProblemInitializer.prepare(ProblemInitializer.java:449)
	at de.uka.ilkd.key.proof.io.AbstractProblemLoader.createInitConfig(AbstractProblemLoader.java:518)
	at de.uka.ilkd.key.proof.io.AbstractProblemLoader.loadEnvironment(AbstractProblemLoader.java:288)
	at de.uka.ilkd.key.proof.io.AbstractProblemLoader.load(AbstractProblemLoader.java:252)
	at de.uka.ilkd.key.control.AbstractUserInterfaceControl.load(AbstractUserInterfaceControl.java:209)
	... 7 more
Caused by: java.lang.RuntimeException: Could not find rule file rules/intRulesCheckedSemantics.key
	at de.uka.ilkd.key.proof.io.RuleSourceFactory.fromBuiltInRule(RuleSourceFactory.java:32)
	at de.uka.ilkd.key.proof.io.RuleSourceFactory.fromDefaultLocation(RuleSourceFactory.java:21)
	at de.uka.ilkd.key.nparser.builder.IncludeFinder.addInclude(IncludeFinder.java:63)
	at de.uka.ilkd.key.nparser.builder.IncludeFinder.visitOne_include(IncludeFinder.java:43)
	at de.uka.ilkd.key.nparser.builder.IncludeFinder.visitOne_include(IncludeFinder.java:20)
	at de.uka.ilkd.key.nparser.KeYParser$One_includeContext.accept(KeYParser.java:878)
	at de.uka.ilkd.key.nparser.builder.AbstractBuilder.lambda$mapOf$0(AbstractBuilder.java:112)
	at java.base/java.util.stream.ReferencePipeline$3$1.accept(ReferencePipeline.java:195)
	at java.base/java.util.ArrayList$ArrayListSpliterator.forEachRemaining(ArrayList.java:1655)
	at java.base/java.util.stream.AbstractPipeline.copyInto(AbstractPipeline.java:484)
	at java.base/java.util.stream.AbstractPipeline.wrapAndCopyInto(AbstractPipeline.java:474)
	at java.base/java.util.stream.ReduceOps$ReduceOp.evaluateSequential(ReduceOps.java:913)
	at java.base/java.util.stream.AbstractPipeline.evaluate(AbstractPipeline.java:234)
	at java.base/java.util.stream.ReferencePipeline.collect(ReferencePipeline.java:578)
	at de.uka.ilkd.key.nparser.builder.AbstractBuilder.mapOf(AbstractBuilder.java:112)
	at de.uka.ilkd.key.nparser.builder.IncludeFinder.visitOne_include_statement(IncludeFinder.java:35)
	at de.uka.ilkd.key.nparser.builder.IncludeFinder.visitOne_include_statement(IncludeFinder.java:20)
	at de.uka.ilkd.key.nparser.KeYParser$One_include_statementContext.accept(KeYParser.java:802)
	at org.antlr.v4.runtime.tree.AbstractParseTreeVisitor.visitChildren(AbstractParseTreeVisitor.java:46)
	at de.uka.ilkd.key.nparser.KeYParserBaseVisitor.visitDecls(KeYParserBaseVisitor.java:30)
	at de.uka.ilkd.key.nparser.KeYParser$DeclsContext.accept(KeYParser.java:500)
	at org.antlr.v4.runtime.tree.AbstractParseTreeVisitor.visitChildren(AbstractParseTreeVisitor.java:46)
	at de.uka.ilkd.key.nparser.KeYParserBaseVisitor.visitFile(KeYParserBaseVisitor.java:23)
	at de.uka.ilkd.key.nparser.KeYParser$FileContext.accept(KeYParser.java:306)
	at de.uka.ilkd.key.nparser.KeyAst.accept(KeyAst.java:41)
	at de.uka.ilkd.key.nparser.KeyAst$File.getIncludes(KeyAst.java:76)
	at de.uka.ilkd.key.proof.io.KeYFile.readIncludes(KeYFile.java:208)
	... 14 more
Could not find rule file rules/intRulesCheckedSemantics.key (file: /home/runner/work/key/key/key.core/../key.ui/examples/index/../InformationFlow/MethodContracts/contract.IFMethodContract(contract.IFMethodContract__n5(int)).Non-interference contract.0.key; caused by: de.uka.ilkd.key.proof.init.ProofInputException: Could not find rule file rules/intRulesCheckedSemantics.key)
	at de.uka.ilkd.key.control.AbstractUserInterfaceControl.load(AbstractUserInterfaceControl.java:221)
	at de.uka.ilkd.key.control.KeYEnvironment.load(KeYEnvironment.java:251)
	at de.uka.ilkd.key.control.KeYEnvironment.load(KeYEnvironment.java:224)
	at de.uka.ilkd.key.control.KeYEnvironment.load(KeYEnvironment.java:184)
	at de.uka.ilkd.key.control.KeYEnvironment.load(KeYEnvironment.java:261)
	at de.uka.ilkd.key.proof.runallproofs.proofcollection.TestFile.load(TestFile.java:270)
	at de.uka.ilkd.key.proof.runallproofs.proofcollection.TestFile.runKey(TestFile.java:160)
	at de.uka.ilkd.key.proof.runallproofs.proofcollection.ForkedTestFileRunner.main(ForkedTestFileRunner.java:171)
Caused by: de.uka.ilkd.key.proof.init.ProofInputException: Could not find rule file rules/intRulesCheckedSemantics.key
	at de.uka.ilkd.key.proof.io.KeYFile.readIncludes(KeYFile.java:210)
	at de.uka.ilkd.key.proof.init.ProblemInitializer.readIncludes(ProblemInitializer.java:177)
	at de.uka.ilkd.key.proof.init.ProblemInitializer.readEnvInput(ProblemInitializer.java:325)
	at de.uka.ilkd.key.proof.init.ProblemInitializer.prepare(ProblemInitializer.java:449)
	at de.uka.ilkd.key.proof.io.AbstractProblemLoader.createInitConfig(AbstractProblemLoader.java:518)
	at de.uka.ilkd.key.proof.io.AbstractProblemLoader.loadEnvironment(AbstractProblemLoader.java:288)
	at de.uka.ilkd.key.proof.io.AbstractProblemLoader.load(AbstractProblemLoader.java:252)
	at de.uka.ilkd.key.control.AbstractUserInterfaceControl.load(AbstractUserInterfaceControl.java:209)
	... 7 more
Caused by: java.lang.RuntimeException: Could not find rule file rules/intRulesCheckedSemantics.key
	at de.uka.ilkd.key.proof.io.RuleSourceFactory.fromBuiltInRule(RuleSourceFactory.java:32)
	at de.uka.ilkd.key.proof.io.RuleSourceFactory.fromDefaultLocation(RuleSourceFactory.java:21)
	at de.uka.ilkd.key.nparser.builder.IncludeFinder.addInclude(IncludeFinder.java:63)
	at de.uka.ilkd.key.nparser.builder.IncludeFinder.visitOne_include(IncludeFinder.java:43)
	at de.uka.ilkd.key.nparser.builder.IncludeFinder.visitOne_include(IncludeFinder.java:20)
	at de.uka.ilkd.key.nparser.KeYParser$One_includeContext.accept(KeYParser.java:878)
	at de.uka.ilkd.key.nparser.builder.AbstractBuilder.lambda$mapOf$0(AbstractBuilder.java:112)
	at java.base/java.util.stream.ReferencePipeline$3$1.accept(ReferencePipeline.java:195)
	at java.base/java.util.ArrayList$ArrayListSpliterator.forEachRemaining(ArrayList.java:1655)
	at java.base/java.util.stream.AbstractPipeline.copyInto(AbstractPipeline.java:484)
	at java.base/java.util.stream.AbstractPipeline.wrapAndCopyInto(AbstractPipeline.java:474)
	at java.base/java.util.stream.ReduceOps$ReduceOp.evaluateSequential(ReduceOps.java:913)
	at java.base/java.util.stream.AbstractPipeline.evaluate(AbstractPipeline.java:234)
	at java.base/java.util.stream.ReferencePipeline.collect(ReferencePipeline.java:578)
	at de.uka.ilkd.key.nparser.builder.AbstractBuilder.mapOf(AbstractBuilder.java:112)
	at de.uka.ilkd.key.nparser.builder.IncludeFinder.visitOne_include_statement(IncludeFinder.java:35)
	at de.uka.ilkd.key.nparser.builder.IncludeFinder.visitOne_include_statement(IncludeFinder.java:20)
	at de.uka.ilkd.key.nparser.KeYParser$One_include_statementContext.accept(KeYParser.java:802)
	at org.antlr.v4.runtime.tree.AbstractParseTreeVisitor.visitChildren(AbstractParseTreeVisitor.java:46)
	at de.uka.ilkd.key.nparser.KeYParserBaseVisitor.visitDecls(KeYParserBaseVisitor.java:30)
	at de.uka.ilkd.key.nparser.KeYParser$DeclsContext.accept(KeYParser.java:500)
	at org.antlr.v4.runtime.tree.AbstractParseTreeVisitor.visitChildren(AbstractParseTreeVisitor.java:46)
	at de.uka.ilkd.key.nparser.KeYParserBaseVisitor.visitFile(KeYParserBaseVisitor.java:23)
	at de.uka.ilkd.key.nparser.KeYParser$FileContext.accept(KeYParser.java:306)
	at de.uka.ilkd.key.nparser.KeyAst.accept(KeyAst.java:41)
	at de.uka.ilkd.key.nparser.KeyAst$File.getIncludes(KeyAst.java:76)
	at de.uka.ilkd.key.proof.io.KeYFile.readIncludes(KeYFile.java:208)
	... 14 more
Could not find rule file rules/intRulesCheckedSemantics.key (file: /home/runner/work/key/key/key.core/../key.ui/examples/index/../InformationFlow/MethodContracts/contract.IFMethodContract(contract.IFMethodContract__secure_if_high_n5_n1()).Non-interference contract.0.key; caused by: de.uka.ilkd.key.proof.init.ProofInputException: Could not find rule file rules/intRulesCheckedSemantics.key)
	at de.uka.ilkd.key.control.AbstractUserInterfaceControl.load(AbstractUserInterfaceControl.java:221)
	at de.uka.ilkd.key.control.KeYEnvironment.load(KeYEnvironment.java:251)
	at de.uka.ilkd.key.control.KeYEnvironment.load(KeYEnvironment.java:224)
	at de.uka.ilkd.key.control.KeYEnvironment.load(KeYEnvironment.java:184)
	at de.uka.ilkd.key.control.KeYEnvironment.load(KeYEnvironment.java:261)
	at de.uka.ilkd.key.proof.runallproofs.proofcollection.TestFile.load(TestFile.java:270)
	at de.uka.ilkd.key.proof.runallproofs.proofcollection.TestFile.runKey(TestFile.java:160)
	at de.uka.ilkd.key.proof.runallproofs.proofcollection.ForkedTestFileRunner.main(ForkedTestFileRunner.java:171)
Caused by: de.uka.ilkd.key.proof.init.ProofInputException: Could not find rule file rules/intRulesCheckedSemantics.key
	at de.uka.ilkd.key.proof.io.KeYFile.readIncludes(KeYFile.java:210)
	at de.uka.ilkd.key.proof.init.ProblemInitializer.readIncludes(ProblemInitializer.java:177)
	at de.uka.ilkd.key.proof.init.ProblemInitializer.readEnvInput(ProblemInitializer.java:325)
	at de.uka.ilkd.key.proof.init.ProblemInitializer.prepare(ProblemInitializer.java:449)
	at de.uka.ilkd.key.proof.io.AbstractProblemLoader.createInitConfig(AbstractProblemLoader.java:518)
	at de.uka.ilkd.key.proof.io.AbstractProblemLoader.loadEnvironment(AbstractProblemLoader.java:288)
	at de.uka.ilkd.key.proof.io.AbstractProblemLoader.load(AbstractProblemLoader.java:252)
	at de.uka.ilkd.key.control.AbstractUserInterfaceControl.load(AbstractUserInterfaceControl.java:209)
	... 7 more
Caused by: java.lang.RuntimeException: Could not find rule file rules/intRulesCheckedSemantics.key
	at de.uka.ilkd.key.proof.io.RuleSourceFactory.fromBuiltInRule(RuleSourceFactory.java:32)
	at de.uka.ilkd.key.proof.io.RuleSourceFactory.fromDefaultLocation(RuleSourceFactory.java:21)
	at de.uka.ilkd.key.nparser.builder.IncludeFinder.addInclude(IncludeFinder.java:63)
	at de.uka.ilkd.key.nparser.builder.IncludeFinder.visitOne_include(IncludeFinder.java:43)
	at de.uka.ilkd.key.nparser.builder.IncludeFinder.visitOne_include(IncludeFinder.java:20)
	at de.uka.ilkd.key.nparser.KeYParser$One_includeContext.accept(KeYParser.java:878)
	at de.uka.ilkd.key.nparser.builder.AbstractBuilder.lambda$mapOf$0(AbstractBuilder.java:112)
	at java.base/java.util.stream.ReferencePipeline$3$1.accept(ReferencePipeline.java:195)
	at java.base/java.util.ArrayList$ArrayListSpliterator.forEachRemaining(ArrayList.java:1655)
	at java.base/java.util.stream.AbstractPipeline.copyInto(AbstractPipeline.java:484)
	at java.base/java.util.stream.AbstractPipeline.wrapAndCopyInto(AbstractPipeline.java:474)
	at java.base/java.util.stream.ReduceOps$ReduceOp.evaluateSequential(ReduceOps.java:913)
	at java.base/java.util.stream.AbstractPipeline.evaluate(AbstractPipeline.java:234)
	at java.base/java.util.stream.ReferencePipeline.collect(ReferencePipeline.java:578)
	at de.uka.ilkd.key.nparser.builder.AbstractBuilder.mapOf(AbstractBuilder.java:112)
	at de.uka.ilkd.key.nparser.builder.IncludeFinder.visitOne_include_statement(IncludeFinder.java:35)
	at de.uka.ilkd.key.nparser.builder.IncludeFinder.visitOne_include_statement(IncludeFinder.java:20)
	at de.uka.ilkd.key.nparser.KeYParser$One_include_statementContext.accept(KeYParser.java:802)
	at org.antlr.v4.runtime.tree.AbstractParseTreeVisitor.visitChildren(AbstractParseTreeVisitor.java:46)
	at de.uka.ilkd.key.nparser.KeYParserBaseVisitor.visitDecls(KeYParserBaseVisitor.java:30)
	at de.uka.ilkd.key.nparser.KeYParser$DeclsContext.accept(KeYParser.java:500)
	at org.antlr.v4.runtime.tree.AbstractParseTreeVisitor.visitChildren(AbstractParseTreeVisitor.java:46)
	at de.uka.ilkd.key.nparser.KeYParserBaseVisitor.visitFile(KeYParserBaseVisitor.java:23)
	at de.uka.ilkd.key.nparser.KeYParser$FileContext.accept(KeYParser.java:306)
	at de.uka.ilkd.key.nparser.KeyAst.accept(KeyAst.java:41)
	at de.uka.ilkd.key.nparser.KeyAst$File.getIncludes(KeyAst.java:76)
	at de.uka.ilkd.key.proof.io.KeYFile.readIncludes(KeYFile.java:208)
	... 14 more
Could not find rule file rules/intRulesCheckedSemantics.key (file: /home/runner/work/key/key/key.core/../key.ui/examples/index/../InformationFlow/MethodContracts/contract.IFMethodContract(contract.IFMethodContract__secure_if_high_n1()).Non-interference contract.0.key; caused by: de.uka.ilkd.key.proof.init.ProofInputException: Could not find rule file rules/intRulesCheckedSemantics.key)
	at de.uka.ilkd.key.control.AbstractUserInterfaceControl.load(AbstractUserInterfaceControl.java:221)
	at de.uka.ilkd.key.control.KeYEnvironment.load(KeYEnvironment.java:251)
	at de.uka.ilkd.key.control.KeYEnvironment.load(KeYEnvironment.java:224)
	at de.uka.ilkd.key.control.KeYEnvironment.load(KeYEnvironment.java:184)
	at de.uka.ilkd.key.control.KeYEnvironment.load(KeYEnvironment.java:261)
	at de.uka.ilkd.key.proof.runallproofs.proofcollection.TestFile.load(TestFile.java:270)
	at de.uka.ilkd.key.proof.runallproofs.proofcollection.TestFile.runKey(TestFile.java:160)
	at de.uka.ilkd.key.proof.runallproofs.proofcollection.ForkedTestFileRunner.main(ForkedTestFileRunner.java:171)
Caused by: de.uka.ilkd.key.proof.init.ProofInputException: Could not find rule file rules/intRulesCheckedSemantics.key
	at de.uka.ilkd.key.proof.io.KeYFile.readIncludes(KeYFile.java:210)
	at de.uka.ilkd.key.proof.init.ProblemInitializer.readIncludes(ProblemInitializer.java:177)
	at de.uka.ilkd.key.proof.init.ProblemInitializer.readEnvInput(ProblemInitializer.java:325)
	at de.uka.ilkd.key.proof.init.ProblemInitializer.prepare(ProblemInitializer.java:449)
	at de.uka.ilkd.key.proof.io.AbstractProblemLoader.createInitConfig(AbstractProblemLoader.java:518)
	at de.uka.ilkd.key.proof.io.AbstractProblemLoader.loadEnvironment(AbstractProblemLoader.java:288)
	at de.uka.ilkd.key.proof.io.AbstractProblemLoader.load(AbstractProblemLoader.java:252)
	at de.uka.ilkd.key.control.AbstractUserInterfaceControl.load(AbstractUserInterfaceControl.java:209)
	... 7 more
Caused by: java.lang.RuntimeException: Could not find rule file rules/intRulesCheckedSemantics.key
	at de.uka.ilkd.key.proof.io.RuleSourceFactory.fromBuiltInRule(RuleSourceFactory.java:32)
	at de.uka.ilkd.key.proof.io.RuleSourceFactory.fromDefaultLocation(RuleSourceFactory.java:21)
	at de.uka.ilkd.key.nparser.builder.IncludeFinder.addInclude(IncludeFinder.java:63)
	at de.uka.ilkd.key.nparser.builder.IncludeFinder.visitOne_include(IncludeFinder.java:43)
	at de.uka.ilkd.key.nparser.builder.IncludeFinder.visitOne_include(IncludeFinder.java:20)
	at de.uka.ilkd.key.nparser.KeYParser$One_includeContext.accept(KeYParser.java:878)
	at de.uka.ilkd.key.nparser.builder.AbstractBuilder.lambda$mapOf$0(AbstractBuilder.java:112)
	at java.base/java.util.stream.ReferencePipeline$3$1.accept(ReferencePipeline.java:195)
	at java.base/java.util.ArrayList$ArrayListSpliterator.forEachRemaining(ArrayList.java:1655)
	at java.base/java.util.stream.AbstractPipeline.copyInto(AbstractPipeline.java:484)
	at java.base/java.util.stream.AbstractPipeline.wrapAndCopyInto(AbstractPipeline.java:474)
	at java.base/java.util.stream.ReduceOps$ReduceOp.evaluateSequential(ReduceOps.java:913)
	at java.base/java.util.stream.AbstractPipeline.evaluate(AbstractPipeline.java:234)
	at java.base/java.util.stream.ReferencePipeline.collect(ReferencePipeline.java:578)
	at de.uka.ilkd.key.nparser.builder.AbstractBuilder.mapOf(AbstractBuilder.java:112)
	at de.uka.ilkd.key.nparser.builder.IncludeFinder.visitOne_include_statement(IncludeFinder.java:35)
	at de.uka.ilkd.key.nparser.builder.IncludeFinder.visitOne_include_statement(IncludeFinder.java:20)
	at de.uka.ilkd.key.nparser.KeYParser$One_include_statementContext.accept(KeYParser.java:802)
	at org.antlr.v4.runtime.tree.AbstractParseTreeVisitor.visitChildren(AbstractParseTreeVisitor.java:46)
	at de.uka.ilkd.key.nparser.KeYParserBaseVisitor.visitDecls(KeYParserBaseVisitor.java:30)
	at de.uka.ilkd.key.nparser.KeYParser$DeclsContext.accept(KeYParser.java:500)
	at org.antlr.v4.runtime.tree.AbstractParseTreeVisitor.visitChildren(AbstractParseTreeVisitor.java:46)
	at de.uka.ilkd.key.nparser.KeYParserBaseVisitor.visitFile(KeYParserBaseVisitor.java:23)
	at de.uka.ilkd.key.nparser.KeYParser$FileContext.accept(KeYParser.java:306)
	at de.uka.ilkd.key.nparser.KeyAst.accept(KeyAst.java:41)
	at de.uka.ilkd.key.nparser.KeyAst$File.getIncludes(KeyAst.java:76)
	at de.uka.ilkd.key.proof.io.KeYFile.readIncludes(KeYFile.java:208)
	... 14 more
Could not find rule file rules/intRulesCheckedSemantics.key (file: /home/runner/work/key/key/key.core/../key.ui/examples/index/../InformationFlow/MethodContracts/contract.IFMethodContract(contract.IFMethodContract__secure_n5()).Non-interference contract.0.key; caused by: de.uka.ilkd.key.proof.init.ProofInputException: Could not find rule file rules/intRulesCheckedSemantics.key)
	at de.uka.ilkd.key.control.AbstractUserInterfaceControl.load(AbstractUserInterfaceControl.java:221)
	at de.uka.ilkd.key.control.KeYEnvironment.load(KeYEnvironment.java:251)
	at de.uka.ilkd.key.control.KeYEnvironment.load(KeYEnvironment.java:224)
	at de.uka.ilkd.key.control.KeYEnvironment.load(KeYEnvironment.java:184)
	at de.uka.ilkd.key.control.KeYEnvironment.load(KeYEnvironment.java:261)
	at de.uka.ilkd.key.proof.runallproofs.proofcollection.TestFile.load(TestFile.java:270)
	at de.uka.ilkd.key.proof.runallproofs.proofcollection.TestFile.runKey(TestFile.java:160)
	at de.uka.ilkd.key.proof.runallproofs.proofcollection.ForkedTestFileRunner.main(ForkedTestFileRunner.java:171)
Caused by: de.uka.ilkd.key.proof.init.ProofInputException: Could not find rule file rules/intRulesCheckedSemantics.key
	at de.uka.ilkd.key.proof.io.KeYFile.readIncludes(KeYFile.java:210)
	at de.uka.ilkd.key.proof.init.ProblemInitializer.readIncludes(ProblemInitializer.java:177)
	at de.uka.ilkd.key.proof.init.ProblemInitializer.readEnvInput(ProblemInitializer.java:325)
	at de.uka.ilkd.key.proof.init.ProblemInitializer.prepare(ProblemInitializer.java:449)
	at de.uka.ilkd.key.proof.io.AbstractProblemLoader.createInitConfig(AbstractProblemLoader.java:518)
	at de.uka.ilkd.key.proof.io.AbstractProblemLoader.loadEnvironment(AbstractProblemLoader.java:288)
	at de.uka.ilkd.key.proof.io.AbstractProblemLoader.load(AbstractProblemLoader.java:252)
	at de.uka.ilkd.key.control.AbstractUserInterfaceControl.load(AbstractUserInterfaceControl.java:209)
	... 7 more
Caused by: java.lang.RuntimeException: Could not find rule file rules/intRulesCheckedSemantics.key
	at de.uka.ilkd.key.proof.io.RuleSourceFactory.fromBuiltInRule(RuleSourceFactory.java:32)
	at de.uka.ilkd.key.proof.io.RuleSourceFactory.fromDefaultLocation(RuleSourceFactory.java:21)
	at de.uka.ilkd.key.nparser.builder.IncludeFinder.addInclude(IncludeFinder.java:63)
	at de.uka.ilkd.key.nparser.builder.IncludeFinder.visitOne_include(IncludeFinder.java:43)
	at de.uka.ilkd.key.nparser.builder.IncludeFinder.visitOne_include(IncludeFinder.java:20)
	at de.uka.ilkd.key.nparser.KeYParser$One_includeContext.accept(KeYParser.java:878)
	at de.uka.ilkd.key.nparser.builder.AbstractBuilder.lambda$mapOf$0(AbstractBuilder.java:112)
	at java.base/java.util.stream.ReferencePipeline$3$1.accept(ReferencePipeline.java:195)
	at java.base/java.util.ArrayList$ArrayListSpliterator.forEachRemaining(ArrayList.java:1655)
	at java.base/java.util.stream.AbstractPipeline.copyInto(AbstractPipeline.java:484)
	at java.base/java.util.stream.AbstractPipeline.wrapAndCopyInto(AbstractPipeline.java:474)
	at java.base/java.util.stream.ReduceOps$ReduceOp.evaluateSequential(ReduceOps.java:913)
	at java.base/java.util.stream.AbstractPipeline.evaluate(AbstractPipeline.java:234)
	at java.base/java.util.stream.ReferencePipeline.collect(ReferencePipeline.java:578)
	at de.uka.ilkd.key.nparser.builder.AbstractBuilder.mapOf(AbstractBuilder.java:112)
	at de.uka.ilkd.key.nparser.builder.IncludeFinder.visitOne_include_statement(IncludeFinder.java:35)
	at de.uka.ilkd.key.nparser.builder.IncludeFinder.visitOne_include_statement(IncludeFinder.java:20)
	at de.uka.ilkd.key.nparser.KeYParser$One_include_statementContext.accept(KeYParser.java:802)
	at org.antlr.v4.runtime.tree.AbstractParseTreeVisitor.visitChildren(AbstractParseTreeVisitor.java:46)
	at de.uka.ilkd.key.nparser.KeYParserBaseVisitor.visitDecls(KeYParserBaseVisitor.java:30)
	at de.uka.ilkd.key.nparser.KeYParser$DeclsContext.accept(KeYParser.java:500)
	at org.antlr.v4.runtime.tree.AbstractParseTreeVisitor.visitChildren(AbstractParseTreeVisitor.java:46)
	at de.uka.ilkd.key.nparser.KeYParserBaseVisitor.visitFile(KeYParserBaseVisitor.java:23)
	at de.uka.ilkd.key.nparser.KeYParser$FileContext.accept(KeYParser.java:306)
	at de.uka.ilkd.key.nparser.KeyAst.accept(KeyAst.java:41)
	at de.uka.ilkd.key.nparser.KeyAst$File.getIncludes(KeyAst.java:76)
	at de.uka.ilkd.key.proof.io.KeYFile.readIncludes(KeYFile.java:208)
	... 14 more
Could not find rule file rules/intRulesCheckedSemantics.key (file: /home/runner/work/key/key/key.core/../key.ui/examples/index/../InformationFlow/MethodContracts/contract.IFMethodContract(contract.IFMethodContract__n4()).Non-interference contract.0.key; caused by: de.uka.ilkd.key.proof.init.ProofInputException: Could not find rule file rules/intRulesCheckedSemantics.key)
	at de.uka.ilkd.key.control.AbstractUserInterfaceControl.load(AbstractUserInterfaceControl.java:221)
	at de.uka.ilkd.key.control.KeYEnvironment.load(KeYEnvironment.java:251)
	at de.uka.ilkd.key.control.KeYEnvironment.load(KeYEnvironment.java:224)
	at de.uka.ilkd.key.control.KeYEnvironment.load(KeYEnvironment.java:184)
	at de.uka.ilkd.key.control.KeYEnvironment.load(KeYEnvironment.java:261)
	at de.uka.ilkd.key.proof.runallproofs.proofcollection.TestFile.load(TestFile.java:270)
	at de.uka.ilkd.key.proof.runallproofs.proofcollection.TestFile.runKey(TestFile.java:160)
	at de.uka.ilkd.key.proof.runallproofs.proofcollection.ForkedTestFileRunner.main(ForkedTestFileRunner.java:171)
Caused by: de.uka.ilkd.key.proof.init.ProofInputException: Could not find rule file rules/intRulesCheckedSemantics.key
	at de.uka.ilkd.key.proof.io.KeYFile.readIncludes(KeYFile.java:210)
	at de.uka.ilkd.key.proof.init.ProblemInitializer.readIncludes(ProblemInitializer.java:177)
	at de.uka.ilkd.key.proof.init.ProblemInitializer.readEnvInput(ProblemInitializer.java:325)
	at de.uka.ilkd.key.proof.init.ProblemInitializer.prepare(ProblemInitializer.java:449)
	at de.uka.ilkd.key.proof.io.AbstractProblemLoader.createInitConfig(AbstractProblemLoader.java:518)
	at de.uka.ilkd.key.proof.io.AbstractProblemLoader.loadEnvironment(AbstractProblemLoader.java:288)
	at de.uka.ilkd.key.proof.io.AbstractProblemLoader.load(AbstractProblemLoader.java:252)
	at de.uka.ilkd.key.control.AbstractUserInterfaceControl.load(AbstractUserInterfaceControl.java:209)
	... 7 more
Caused by: java.lang.RuntimeException: Could not find rule file rules/intRulesCheckedSemantics.key
	at de.uka.ilkd.key.proof.io.RuleSourceFactory.fromBuiltInRule(RuleSourceFactory.java:32)
	at de.uka.ilkd.key.proof.io.RuleSourceFactory.fromDefaultLocation(RuleSourceFactory.java:21)
	at de.uka.ilkd.key.nparser.builder.IncludeFinder.addInclude(IncludeFinder.java:63)
	at de.uka.ilkd.key.nparser.builder.IncludeFinder.visitOne_include(IncludeFinder.java:43)
	at de.uka.ilkd.key.nparser.builder.IncludeFinder.visitOne_include(IncludeFinder.java:20)
	at de.uka.ilkd.key.nparser.KeYParser$One_includeContext.accept(KeYParser.java:878)
	at de.uka.ilkd.key.nparser.builder.AbstractBuilder.lambda$mapOf$0(AbstractBuilder.java:112)
	at java.base/java.util.stream.ReferencePipeline$3$1.accept(ReferencePipeline.java:195)
	at java.base/java.util.ArrayList$ArrayListSpliterator.forEachRemaining(ArrayList.java:1655)
	at java.base/java.util.stream.AbstractPipeline.copyInto(AbstractPipeline.java:484)
	at java.base/java.util.stream.AbstractPipeline.wrapAndCopyInto(AbstractPipeline.java:474)
	at java.base/java.util.stream.ReduceOps$ReduceOp.evaluateSequential(ReduceOps.java:913)
	at java.base/java.util.stream.AbstractPipeline.evaluate(AbstractPipeline.java:234)
	at java.base/java.util.stream.ReferencePipeline.collect(ReferencePipeline.java:578)
	at de.uka.ilkd.key.nparser.builder.AbstractBuilder.mapOf(AbstractBuilder.java:112)
	at de.uka.ilkd.key.nparser.builder.IncludeFinder.visitOne_include_statement(IncludeFinder.java:35)
	at de.uka.ilkd.key.nparser.builder.IncludeFinder.visitOne_include_statement(IncludeFinder.java:20)
	at de.uka.ilkd.key.nparser.KeYParser$One_include_statementContext.accept(KeYParser.java:802)
	at org.antlr.v4.runtime.tree.AbstractParseTreeVisitor.visitChildren(AbstractParseTreeVisitor.java:46)
	at de.uka.ilkd.key.nparser.KeYParserBaseVisitor.visitDecls(KeYParserBaseVisitor.java:30)
	at de.uka.ilkd.key.nparser.KeYParser$DeclsContext.accept(KeYParser.java:500)
	at org.antlr.v4.runtime.tree.AbstractParseTreeVisitor.visitChildren(AbstractParseTreeVisitor.java:46)
	at de.uka.ilkd.key.nparser.KeYParserBaseVisitor.visitFile(KeYParserBaseVisitor.java:23)
	at de.uka.ilkd.key.nparser.KeYParser$FileContext.accept(KeYParser.java:306)
	at de.uka.ilkd.key.nparser.KeyAst.accept(KeyAst.java:41)
	at de.uka.ilkd.key.nparser.KeyAst$File.getIncludes(KeyAst.java:76)
	at de.uka.ilkd.key.proof.io.KeYFile.readIncludes(KeYFile.java:208)
	... 14 more
Could not find rule file rules/intRulesCheckedSemantics.key (file: /home/runner/work/key/key/key.core/../key.ui/examples/index/../InformationFlow/MethodContracts/contract.IFMethodContract(contract.IFMethodContract__n3()).Non-interference contract.0.key; caused by: de.uka.ilkd.key.proof.init.ProofInputException: Could not find rule file rules/intRulesCheckedSemantics.key)
	at de.uka.ilkd.key.control.AbstractUserInterfaceControl.load(AbstractUserInterfaceControl.java:221)
	at de.uka.ilkd.key.control.KeYEnvironment.load(KeYEnvironment.java:251)
	at de.uka.ilkd.key.control.KeYEnvironment.load(KeYEnvironment.java:224)
	at de.uka.ilkd.key.control.KeYEnvironment.load(KeYEnvironment.java:184)
	at de.uka.ilkd.key.control.KeYEnvironment.load(KeYEnvironment.java:261)
	at de.uka.ilkd.key.proof.runallproofs.proofcollection.TestFile.load(TestFile.java:270)
	at de.uka.ilkd.key.proof.runallproofs.proofcollection.TestFile.runKey(TestFile.java:160)
	at de.uka.ilkd.key.proof.runallproofs.proofcollection.ForkedTestFileRunner.main(ForkedTestFileRunner.java:171)
Caused by: de.uka.ilkd.key.proof.init.ProofInputException: Could not find rule file rules/intRulesCheckedSemantics.key
	at de.uka.ilkd.key.proof.io.KeYFile.readIncludes(KeYFile.java:210)
	at de.uka.ilkd.key.proof.init.ProblemInitializer.readIncludes(ProblemInitializer.java:177)
	at de.uka.ilkd.key.proof.init.ProblemInitializer.readEnvInput(ProblemInitializer.java:325)
	at de.uka.ilkd.key.proof.init.ProblemInitializer.prepare(ProblemInitializer.java:449)
	at de.uka.ilkd.key.proof.io.AbstractProblemLoader.createInitConfig(AbstractProblemLoader.java:518)
	at de.uka.ilkd.key.proof.io.AbstractProblemLoader.loadEnvironment(AbstractProblemLoader.java:288)
	at de.uka.ilkd.key.proof.io.AbstractProblemLoader.load(AbstractProblemLoader.java:252)
	at de.uka.ilkd.key.control.AbstractUserInterfaceControl.load(AbstractUserInterfaceControl.java:209)
	... 7 more
Caused by: java.lang.RuntimeException: Could not find rule file rules/intRulesCheckedSemantics.key
	at de.uka.ilkd.key.proof.io.RuleSourceFactory.fromBuiltInRule(RuleSourceFactory.java:32)
	at de.uka.ilkd.key.proof.io.RuleSourceFactory.fromDefaultLocation(RuleSourceFactory.java:21)
	at de.uka.ilkd.key.nparser.builder.IncludeFinder.addInclude(IncludeFinder.java:63)
	at de.uka.ilkd.key.nparser.builder.IncludeFinder.visitOne_include(IncludeFinder.java:43)
	at de.uka.ilkd.key.nparser.builder.IncludeFinder.visitOne_include(IncludeFinder.java:20)
	at de.uka.ilkd.key.nparser.KeYParser$One_includeContext.accept(KeYParser.java:878)
	at de.uka.ilkd.key.nparser.builder.AbstractBuilder.lambda$mapOf$0(AbstractBuilder.java:112)
	at java.base/java.util.stream.ReferencePipeline$3$1.accept(ReferencePipeline.java:195)
	at java.base/java.util.ArrayList$ArrayListSpliterator.forEachRemaining(ArrayList.java:1655)
	at java.base/java.util.stream.AbstractPipeline.copyInto(AbstractPipeline.java:484)
	at java.base/java.util.stream.AbstractPipeline.wrapAndCopyInto(AbstractPipeline.java:474)
	at java.base/java.util.stream.ReduceOps$ReduceOp.evaluateSequential(ReduceOps.java:913)
	at java.base/java.util.stream.AbstractPipeline.evaluate(AbstractPipeline.java:234)
	at java.base/java.util.stream.ReferencePipeline.collect(ReferencePipeline.java:578)
	at de.uka.ilkd.key.nparser.builder.AbstractBuilder.mapOf(AbstractBuilder.java:112)
	at de.uka.ilkd.key.nparser.builder.IncludeFinder.visitOne_include_statement(IncludeFinder.java:35)
	at de.uka.ilkd.key.nparser.builder.IncludeFinder.visitOne_include_statement(IncludeFinder.java:20)
	at de.uka.ilkd.key.nparser.KeYParser$One_include_statementContext.accept(KeYParser.java:802)
	at org.antlr.v4.runtime.tree.AbstractParseTreeVisitor.visitChildren(AbstractParseTreeVisitor.java:46)
	at de.uka.ilkd.key.nparser.KeYParserBaseVisitor.visitDecls(KeYParserBaseVisitor.java:30)
	at de.uka.ilkd.key.nparser.KeYParser$DeclsContext.accept(KeYParser.java:500)
	at org.antlr.v4.runtime.tree.AbstractParseTreeVisitor.visitChildren(AbstractParseTreeVisitor.java:46)
	at de.uka.ilkd.key.nparser.KeYParserBaseVisitor.visitFile(KeYParserBaseVisitor.java:23)
	at de.uka.ilkd.key.nparser.KeYParser$FileContext.accept(KeYParser.java:306)
	at de.uka.ilkd.key.nparser.KeyAst.accept(KeyAst.java:41)
	at de.uka.ilkd.key.nparser.KeyAst$File.getIncludes(KeyAst.java:76)
	at de.uka.ilkd.key.proof.io.KeYFile.readIncludes(KeYFile.java:208)
	... 14 more
Could not find rule file rules/intRulesCheckedSemantics.key (file: /home/runner/work/key/key/key.core/../key.ui/examples/index/../InformationFlow/MethodContracts/contract.IFMethodContract(contract.IFMethodContract__secure_sequential_n3_precond_n4()).Non-interference contract.0.key; caused by: de.uka.ilkd.key.proof.init.ProofInputException: Could not find rule file rules/intRulesCheckedSemantics.key)
	at de.uka.ilkd.key.control.AbstractUserInterfaceControl.load(AbstractUserInterfaceControl.java:221)
	at de.uka.ilkd.key.control.KeYEnvironment.load(KeYEnvironment.java:251)
	at de.uka.ilkd.key.control.KeYEnvironment.load(KeYEnvironment.java:224)
	at de.uka.ilkd.key.control.KeYEnvironment.load(KeYEnvironment.java:184)
	at de.uka.ilkd.key.control.KeYEnvironment.load(KeYEnvironment.java:261)
	at de.uka.ilkd.key.proof.runallproofs.proofcollection.TestFile.load(TestFile.java:270)
	at de.uka.ilkd.key.proof.runallproofs.proofcollection.TestFile.runKey(TestFile.java:160)
	at de.uka.ilkd.key.proof.runallproofs.proofcollection.ForkedTestFileRunner.main(ForkedTestFileRunner.java:171)
Caused by: de.uka.ilkd.key.proof.init.ProofInputException: Could not find rule file rules/intRulesCheckedSemantics.key
	at de.uka.ilkd.key.proof.io.KeYFile.readIncludes(KeYFile.java:210)
	at de.uka.ilkd.key.proof.init.ProblemInitializer.readIncludes(ProblemInitializer.java:177)
	at de.uka.ilkd.key.proof.init.ProblemInitializer.readEnvInput(ProblemInitializer.java:325)
	at de.uka.ilkd.key.proof.init.ProblemInitializer.prepare(ProblemInitializer.java:449)
	at de.uka.ilkd.key.proof.io.AbstractProblemLoader.createInitConfig(AbstractProblemLoader.java:518)
	at de.uka.ilkd.key.proof.io.AbstractProblemLoader.loadEnvironment(AbstractProblemLoader.java:288)
	at de.uka.ilkd.key.proof.io.AbstractProblemLoader.load(AbstractProblemLoader.java:252)
	at de.uka.ilkd.key.control.AbstractUserInterfaceControl.load(AbstractUserInterfaceControl.java:209)
	... 7 more
Caused by: java.lang.RuntimeException: Could not find rule file rules/intRulesCheckedSemantics.key
	at de.uka.ilkd.key.proof.io.RuleSourceFactory.fromBuiltInRule(RuleSourceFactory.java:32)
	at de.uka.ilkd.key.proof.io.RuleSourceFactory.fromDefaultLocation(RuleSourceFactory.java:21)
	at de.uka.ilkd.key.nparser.builder.IncludeFinder.addInclude(IncludeFinder.java:63)
	at de.uka.ilkd.key.nparser.builder.IncludeFinder.visitOne_include(IncludeFinder.java:43)
	at de.uka.ilkd.key.nparser.builder.IncludeFinder.visitOne_include(IncludeFinder.java:20)
	at de.uka.ilkd.key.nparser.KeYParser$One_includeContext.accept(KeYParser.java:878)
	at de.uka.ilkd.key.nparser.builder.AbstractBuilder.lambda$mapOf$0(AbstractBuilder.java:112)
	at java.base/java.util.stream.ReferencePipeline$3$1.accept(ReferencePipeline.java:195)
	at java.base/java.util.ArrayList$ArrayListSpliterator.forEachRemaining(ArrayList.java:1655)
	at java.base/java.util.stream.AbstractPipeline.copyInto(AbstractPipeline.java:484)
	at java.base/java.util.stream.AbstractPipeline.wrapAndCopyInto(AbstractPipeline.java:474)
	at java.base/java.util.stream.ReduceOps$ReduceOp.evaluateSequential(ReduceOps.java:913)
	at java.base/java.util.stream.AbstractPipeline.evaluate(AbstractPipeline.java:234)
	at java.base/java.util.stream.ReferencePipeline.collect(ReferencePipeline.java:578)
	at de.uka.ilkd.key.nparser.builder.AbstractBuilder.mapOf(AbstractBuilder.java:112)
	at de.uka.ilkd.key.nparser.builder.IncludeFinder.visitOne_include_statement(IncludeFinder.java:35)
	at de.uka.ilkd.key.nparser.builder.IncludeFinder.visitOne_include_statement(IncludeFinder.java:20)
	at de.uka.ilkd.key.nparser.KeYParser$One_include_statementContext.accept(KeYParser.java:802)
	at org.antlr.v4.runtime.tree.AbstractParseTreeVisitor.visitChildren(AbstractParseTreeVisitor.java:46)
	at de.uka.ilkd.key.nparser.KeYParserBaseVisitor.visitDecls(KeYParserBaseVisitor.java:30)
	at de.uka.ilkd.key.nparser.KeYParser$DeclsContext.accept(KeYParser.java:500)
	at org.antlr.v4.runtime.tree.AbstractParseTreeVisitor.visitChildren(AbstractParseTreeVisitor.java:46)
	at de.uka.ilkd.key.nparser.KeYParserBaseVisitor.visitFile(KeYParserBaseVisitor.java:23)
	at de.uka.ilkd.key.nparser.KeYParser$FileContext.accept(KeYParser.java:306)
	at de.uka.ilkd.key.nparser.KeyAst.accept(KeyAst.java:41)
	at de.uka.ilkd.key.nparser.KeyAst$File.getIncludes(KeyAst.java:76)
	at de.uka.ilkd.key.proof.io.KeYFile.readIncludes(KeYFile.java:208)
	... 14 more
Could not find rule file rules/intRulesCheckedSemantics.key (file: /home/runner/work/key/key/key.core/../key.ui/examples/index/../InformationFlow/MethodContracts/contract.IFMethodContract(contract.IFMethodContract__insecure_assignment_n2()).Non-interference contract.0.key; caused by: de.uka.ilkd.key.proof.init.ProofInputException: Could not find rule file rules/intRulesCheckedSemantics.key)
	at de.uka.ilkd.key.control.AbstractUserInterfaceControl.load(AbstractUserInterfaceControl.java:221)
	at de.uka.ilkd.key.control.KeYEnvironment.load(KeYEnvironment.java:251)
	at de.uka.ilkd.key.control.KeYEnvironment.load(KeYEnvironment.java:224)
	at de.uka.ilkd.key.control.KeYEnvironment.load(KeYEnvironment.java:184)
	at de.uka.ilkd.key.control.KeYEnvironment.load(KeYEnvironment.java:261)
	at de.uka.ilkd.key.proof.runallproofs.proofcollection.TestFile.load(TestFile.java:270)
	at de.uka.ilkd.key.proof.runallproofs.proofcollection.TestFile.runKey(TestFile.java:160)
	at de.uka.ilkd.key.proof.runallproofs.proofcollection.ForkedTestFileRunner.main(ForkedTestFileRunner.java:171)
Caused by: de.uka.ilkd.key.proof.init.ProofInputException: Could not find rule file rules/intRulesCheckedSemantics.key
	at de.uka.ilkd.key.proof.io.KeYFile.readIncludes(KeYFile.java:210)
	at de.uka.ilkd.key.proof.init.ProblemInitializer.readIncludes(ProblemInitializer.java:177)
	at de.uka.ilkd.key.proof.init.ProblemInitializer.readEnvInput(ProblemInitializer.java:325)
	at de.uka.ilkd.key.proof.init.ProblemInitializer.prepare(ProblemInitializer.java:449)
	at de.uka.ilkd.key.proof.io.AbstractProblemLoader.createInitConfig(AbstractProblemLoader.java:518)
	at de.uka.ilkd.key.proof.io.AbstractProblemLoader.loadEnvironment(AbstractProblemLoader.java:288)
	at de.uka.ilkd.key.proof.io.AbstractProblemLoader.load(AbstractProblemLoader.java:252)
	at de.uka.ilkd.key.control.AbstractUserInterfaceControl.load(AbstractUserInterfaceControl.java:209)
	... 7 more
Caused by: java.lang.RuntimeException: Could not find rule file rules/intRulesCheckedSemantics.key
	at de.uka.ilkd.key.proof.io.RuleSourceFactory.fromBuiltInRule(RuleSourceFactory.java:32)
	at de.uka.ilkd.key.proof.io.RuleSourceFactory.fromDefaultLocation(RuleSourceFactory.java:21)
	at de.uka.ilkd.key.nparser.builder.IncludeFinder.addInclude(IncludeFinder.java:63)
	at de.uka.ilkd.key.nparser.builder.IncludeFinder.visitOne_include(IncludeFinder.java:43)
	at de.uka.ilkd.key.nparser.builder.IncludeFinder.visitOne_include(IncludeFinder.java:20)
	at de.uka.ilkd.key.nparser.KeYParser$One_includeContext.accept(KeYParser.java:878)
	at de.uka.ilkd.key.nparser.builder.AbstractBuilder.lambda$mapOf$0(AbstractBuilder.java:112)
	at java.base/java.util.stream.ReferencePipeline$3$1.accept(ReferencePipeline.java:195)
	at java.base/java.util.ArrayList$ArrayListSpliterator.forEachRemaining(ArrayList.java:1655)
	at java.base/java.util.stream.AbstractPipeline.copyInto(AbstractPipeline.java:484)
	at java.base/java.util.stream.AbstractPipeline.wrapAndCopyInto(AbstractPipeline.java:474)
	at java.base/java.util.stream.ReduceOps$ReduceOp.evaluateSequential(ReduceOps.java:913)
	at java.base/java.util.stream.AbstractPipeline.evaluate(AbstractPipeline.java:234)
	at java.base/java.util.stream.ReferencePipeline.collect(ReferencePipeline.java:578)
	at de.uka.ilkd.key.nparser.builder.AbstractBuilder.mapOf(AbstractBuilder.java:112)
	at de.uka.ilkd.key.nparser.builder.IncludeFinder.visitOne_include_statement(IncludeFinder.java:35)
	at de.uka.ilkd.key.nparser.builder.IncludeFinder.visitOne_include_statement(IncludeFinder.java:20)
	at de.uka.ilkd.key.nparser.KeYParser$One_include_statementContext.accept(KeYParser.java:802)
	at org.antlr.v4.runtime.tree.AbstractParseTreeVisitor.visitChildren(AbstractParseTreeVisitor.java:46)
	at de.uka.ilkd.key.nparser.KeYParserBaseVisitor.visitDecls(KeYParserBaseVisitor.java:30)
	at de.uka.ilkd.key.nparser.KeYParser$DeclsContext.accept(KeYParser.java:500)
	at org.antlr.v4.runtime.tree.AbstractParseTreeVisitor.visitChildren(AbstractParseTreeVisitor.java:46)
	at de.uka.ilkd.key.nparser.KeYParserBaseVisitor.visitFile(KeYParserBaseVisitor.java:23)
	at de.uka.ilkd.key.nparser.KeYParser$FileContext.accept(KeYParser.java:306)
	at de.uka.ilkd.key.nparser.KeyAst.accept(KeyAst.java:41)
	at de.uka.ilkd.key.nparser.KeyAst$File.getIncludes(KeyAst.java:76)
	at de.uka.ilkd.key.proof.io.KeYFile.readIncludes(KeYFile.java:208)
	... 14 more
Could not find rule file rules/intRulesCheckedSemantics.key (file: /home/runner/work/key/key/key.core/../key.ui/examples/index/../InformationFlow/MethodContracts/contract.IFMethodContract(contract.IFMethodContract__secure_assignments_n2()).Non-interference contract.0.key; caused by: de.uka.ilkd.key.proof.init.ProofInputException: Could not find rule file rules/intRulesCheckedSemantics.key)
	at de.uka.ilkd.key.control.AbstractUserInterfaceControl.load(AbstractUserInterfaceControl.java:221)
	at de.uka.ilkd.key.control.KeYEnvironment.load(KeYEnvironment.java:251)
	at de.uka.ilkd.key.control.KeYEnvironment.load(KeYEnvironment.java:224)
	at de.uka.ilkd.key.control.KeYEnvironment.load(KeYEnvironment.java:184)
	at de.uka.ilkd.key.control.KeYEnvironment.load(KeYEnvironment.java:261)
	at de.uka.ilkd.key.proof.runallproofs.proofcollection.TestFile.load(TestFile.java:270)
	at de.uka.ilkd.key.proof.runallproofs.proofcollection.TestFile.runKey(TestFile.java:160)
	at de.uka.ilkd.key.proof.runallproofs.proofcollection.ForkedTestFileRunner.main(ForkedTestFileRunner.java:171)
Caused by: de.uka.ilkd.key.proof.init.ProofInputException: Could not find rule file rules/intRulesCheckedSemantics.key
	at de.uka.ilkd.key.proof.io.KeYFile.readIncludes(KeYFile.java:210)
	at de.uka.ilkd.key.proof.init.ProblemInitializer.readIncludes(ProblemInitializer.java:177)
	at de.uka.ilkd.key.proof.init.ProblemInitializer.readEnvInput(ProblemInitializer.java:325)
	at de.uka.ilkd.key.proof.init.ProblemInitializer.prepare(ProblemInitializer.java:449)
	at de.uka.ilkd.key.proof.io.AbstractProblemLoader.createInitConfig(AbstractProblemLoader.java:518)
	at de.uka.ilkd.key.proof.io.AbstractProblemLoader.loadEnvironment(AbstractProblemLoader.java:288)
	at de.uka.ilkd.key.proof.io.AbstractProblemLoader.load(AbstractProblemLoader.java:252)
	at de.uka.ilkd.key.control.AbstractUserInterfaceControl.load(AbstractUserInterfaceControl.java:209)
	... 7 more
Caused by: java.lang.RuntimeException: Could not find rule file rules/intRulesCheckedSemantics.key
	at de.uka.ilkd.key.proof.io.RuleSourceFactory.fromBuiltInRule(RuleSourceFactory.java:32)
	at de.uka.ilkd.key.proof.io.RuleSourceFactory.fromDefaultLocation(RuleSourceFactory.java:21)
	at de.uka.ilkd.key.nparser.builder.IncludeFinder.addInclude(IncludeFinder.java:63)
	at de.uka.ilkd.key.nparser.builder.IncludeFinder.visitOne_include(IncludeFinder.java:43)
	at de.uka.ilkd.key.nparser.builder.IncludeFinder.visitOne_include(IncludeFinder.java:20)
	at de.uka.ilkd.key.nparser.KeYParser$One_includeContext.accept(KeYParser.java:878)
	at de.uka.ilkd.key.nparser.builder.AbstractBuilder.lambda$mapOf$0(AbstractBuilder.java:112)
	at java.base/java.util.stream.ReferencePipeline$3$1.accept(ReferencePipeline.java:195)
	at java.base/java.util.ArrayList$ArrayListSpliterator.forEachRemaining(ArrayList.java:1655)
	at java.base/java.util.stream.AbstractPipeline.copyInto(AbstractPipeline.java:484)
	at java.base/java.util.stream.AbstractPipeline.wrapAndCopyInto(AbstractPipeline.java:474)
	at java.base/java.util.stream.ReduceOps$ReduceOp.evaluateSequential(ReduceOps.java:913)
	at java.base/java.util.stream.AbstractPipeline.evaluate(AbstractPipeline.java:234)
	at java.base/java.util.stream.ReferencePipeline.collect(ReferencePipeline.java:578)
	at de.uka.ilkd.key.nparser.builder.AbstractBuilder.mapOf(AbstractBuilder.java:112)
	at de.uka.ilkd.key.nparser.builder.IncludeFinder.visitOne_include_statement(IncludeFinder.java:35)
	at de.uka.ilkd.key.nparser.builder.IncludeFinder.visitOne_include_statement(IncludeFinder.java:20)
	at de.uka.ilkd.key.nparser.KeYParser$One_include_statementContext.accept(KeYParser.java:802)
	at org.antlr.v4.runtime.tree.AbstractParseTreeVisitor.visitChildren(AbstractParseTreeVisitor.java:46)
	at de.uka.ilkd.key.nparser.KeYParserBaseVisitor.visitDecls(KeYParserBaseVisitor.java:30)
	at de.uka.ilkd.key.nparser.KeYParser$DeclsContext.accept(KeYParser.java:500)
	at org.antlr.v4.runtime.tree.AbstractParseTreeVisitor.visitChildren(AbstractParseTreeVisitor.java:46)
	at de.uka.ilkd.key.nparser.KeYParserBaseVisitor.visitFile(KeYParserBaseVisitor.java:23)
	at de.uka.ilkd.key.nparser.KeYParser$FileContext.accept(KeYParser.java:306)
	at de.uka.ilkd.key.nparser.KeyAst.accept(KeyAst.java:41)
	at de.uka.ilkd.key.nparser.KeyAst$File.getIncludes(KeyAst.java:76)
	at de.uka.ilkd.key.proof.io.KeYFile.readIncludes(KeYFile.java:208)
	... 14 more
Could not find rule file rules/intRulesCheckedSemantics.key (file: /home/runner/work/key/key/key.core/../key.ui/examples/index/../InformationFlow/MethodContracts/contract.IFMethodContract(contract.IFMethodContract__n2()).Non-interference contract.0.key; caused by: de.uka.ilkd.key.proof.init.ProofInputException: Could not find rule file rules/intRulesCheckedSemantics.key)
	at de.uka.ilkd.key.control.AbstractUserInterfaceControl.load(AbstractUserInterfaceControl.java:221)
	at de.uka.ilkd.key.control.KeYEnvironment.load(KeYEnvironment.java:251)
	at de.uka.ilkd.key.control.KeYEnvironment.load(KeYEnvironment.java:224)
	at de.uka.ilkd.key.control.KeYEnvironment.load(KeYEnvironment.java:184)
	at de.uka.ilkd.key.control.KeYEnvironment.load(KeYEnvironment.java:261)
	at de.uka.ilkd.key.proof.runallproofs.proofcollection.TestFile.load(TestFile.java:270)
	at de.uka.ilkd.key.proof.runallproofs.proofcollection.TestFile.runKey(TestFile.java:160)
	at de.uka.ilkd.key.proof.runallproofs.proofcollection.ForkedTestFileRunner.main(ForkedTestFileRunner.java:171)
Caused by: de.uka.ilkd.key.proof.init.ProofInputException: Could not find rule file rules/intRulesCheckedSemantics.key
	at de.uka.ilkd.key.proof.io.KeYFile.readIncludes(KeYFile.java:210)
	at de.uka.ilkd.key.proof.init.ProblemInitializer.readIncludes(ProblemInitializer.java:177)
	at de.uka.ilkd.key.proof.init.ProblemInitializer.readEnvInput(ProblemInitializer.java:325)
	at de.uka.ilkd.key.proof.init.ProblemInitializer.prepare(ProblemInitializer.java:449)
	at de.uka.ilkd.key.proof.io.AbstractProblemLoader.createInitConfig(AbstractProblemLoader.java:518)
	at de.uka.ilkd.key.proof.io.AbstractProblemLoader.loadEnvironment(AbstractProblemLoader.java:288)
	at de.uka.ilkd.key.proof.io.AbstractProblemLoader.load(AbstractProblemLoader.java:252)
	at de.uka.ilkd.key.control.AbstractUserInterfaceControl.load(AbstractUserInterfaceControl.java:209)
	... 7 more
Caused by: java.lang.RuntimeException: Could not find rule file rules/intRulesCheckedSemantics.key
	at de.uka.ilkd.key.proof.io.RuleSourceFactory.fromBuiltInRule(RuleSourceFactory.java:32)
	at de.uka.ilkd.key.proof.io.RuleSourceFactory.fromDefaultLocation(RuleSourceFactory.java:21)
	at de.uka.ilkd.key.nparser.builder.IncludeFinder.addInclude(IncludeFinder.java:63)
	at de.uka.ilkd.key.nparser.builder.IncludeFinder.visitOne_include(IncludeFinder.java:43)
	at de.uka.ilkd.key.nparser.builder.IncludeFinder.visitOne_include(IncludeFinder.java:20)
	at de.uka.ilkd.key.nparser.KeYParser$One_includeContext.accept(KeYParser.java:878)
	at de.uka.ilkd.key.nparser.builder.AbstractBuilder.lambda$mapOf$0(AbstractBuilder.java:112)
	at java.base/java.util.stream.ReferencePipeline$3$1.accept(ReferencePipeline.java:195)
	at java.base/java.util.ArrayList$ArrayListSpliterator.forEachRemaining(ArrayList.java:1655)
	at java.base/java.util.stream.AbstractPipeline.copyInto(AbstractPipeline.java:484)
	at java.base/java.util.stream.AbstractPipeline.wrapAndCopyInto(AbstractPipeline.java:474)
	at java.base/java.util.stream.ReduceOps$ReduceOp.evaluateSequential(ReduceOps.java:913)
	at java.base/java.util.stream.AbstractPipeline.evaluate(AbstractPipeline.java:234)
	at java.base/java.util.stream.ReferencePipeline.collect(ReferencePipeline.java:578)
	at de.uka.ilkd.key.nparser.builder.AbstractBuilder.mapOf(AbstractBuilder.java:112)
	at de.uka.ilkd.key.nparser.builder.IncludeFinder.visitOne_include_statement(IncludeFinder.java:35)
	at de.uka.ilkd.key.nparser.builder.IncludeFinder.visitOne_include_statement(IncludeFinder.java:20)
	at de.uka.ilkd.key.nparser.KeYParser$One_include_statementContext.accept(KeYParser.java:802)
	at org.antlr.v4.runtime.tree.AbstractParseTreeVisitor.visitChildren(AbstractParseTreeVisitor.java:46)
	at de.uka.ilkd.key.nparser.KeYParserBaseVisitor.visitDecls(KeYParserBaseVisitor.java:30)
	at de.uka.ilkd.key.nparser.KeYParser$DeclsContext.accept(KeYParser.java:500)
	at org.antlr.v4.runtime.tree.AbstractParseTreeVisitor.visitChildren(AbstractParseTreeVisitor.java:46)
	at de.uka.ilkd.key.nparser.KeYParserBaseVisitor.visitFile(KeYParserBaseVisitor.java:23)
	at de.uka.ilkd.key.nparser.KeYParser$FileContext.accept(KeYParser.java:306)
	at de.uka.ilkd.key.nparser.KeyAst.accept(KeyAst.java:41)
	at de.uka.ilkd.key.nparser.KeyAst$File.getIncludes(KeyAst.java:76)
	at de.uka.ilkd.key.proof.io.KeYFile.readIncludes(KeYFile.java:208)
	... 14 more
Could not find rule file rules/intRulesCheckedSemantics.key (file: /home/runner/work/key/key/key.core/../key.ui/examples/index/../InformationFlow/MethodContracts/contract.IFMethodContract(contract.IFMethodContract__n1()).Non-interference contract.0.key; caused by: de.uka.ilkd.key.proof.init.ProofInputException: Could not find rule file rules/intRulesCheckedSemantics.key)
	at de.uka.ilkd.key.control.AbstractUserInterfaceControl.load(AbstractUserInterfaceControl.java:221)
	at de.uka.ilkd.key.control.KeYEnvironment.load(KeYEnvironment.java:251)
	at de.uka.ilkd.key.control.KeYEnvironment.load(KeYEnvironment.java:224)
	at de.uka.ilkd.key.control.KeYEnvironment.load(KeYEnvironment.java:184)
	at de.uka.ilkd.key.control.KeYEnvironment.load(KeYEnvironment.java:261)
	at de.uka.ilkd.key.proof.runallproofs.proofcollection.TestFile.load(TestFile.java:270)
	at de.uka.ilkd.key.proof.runallproofs.proofcollection.TestFile.runKey(TestFile.java:160)
	at de.uka.ilkd.key.proof.runallproofs.proofcollection.ForkedTestFileRunner.main(ForkedTestFileRunner.java:171)
Caused by: de.uka.ilkd.key.proof.init.ProofInputException: Could not find rule file rules/intRulesCheckedSemantics.key
	at de.uka.ilkd.key.proof.io.KeYFile.readIncludes(KeYFile.java:210)
	at de.uka.ilkd.key.proof.init.ProblemInitializer.readIncludes(ProblemInitializer.java:177)
	at de.uka.ilkd.key.proof.init.ProblemInitializer.readEnvInput(ProblemInitializer.java:325)
	at de.uka.ilkd.key.proof.init.ProblemInitializer.prepare(ProblemInitializer.java:449)
	at de.uka.ilkd.key.proof.io.AbstractProblemLoader.createInitConfig(AbstractProblemLoader.java:518)
	at de.uka.ilkd.key.proof.io.AbstractProblemLoader.loadEnvironment(AbstractProblemLoader.java:288)
	at de.uka.ilkd.key.proof.io.AbstractProblemLoader.load(AbstractProblemLoader.java:252)
	at de.uka.ilkd.key.control.AbstractUserInterfaceControl.load(AbstractUserInterfaceControl.java:209)
	... 7 more
Caused by: java.lang.RuntimeException: Could not find rule file rules/intRulesCheckedSemantics.key
	at de.uka.ilkd.key.proof.io.RuleSourceFactory.fromBuiltInRule(RuleSourceFactory.java:32)
	at de.uka.ilkd.key.proof.io.RuleSourceFactory.fromDefaultLocation(RuleSourceFactory.java:21)
	at de.uka.ilkd.key.nparser.builder.IncludeFinder.addInclude(IncludeFinder.java:63)
	at de.uka.ilkd.key.nparser.builder.IncludeFinder.visitOne_include(IncludeFinder.java:43)
	at de.uka.ilkd.key.nparser.builder.IncludeFinder.visitOne_include(IncludeFinder.java:20)
	at de.uka.ilkd.key.nparser.KeYParser$One_includeContext.accept(KeYParser.java:878)
	at de.uka.ilkd.key.nparser.builder.AbstractBuilder.lambda$mapOf$0(AbstractBuilder.java:112)
	at java.base/java.util.stream.ReferencePipeline$3$1.accept(ReferencePipeline.java:195)
	at java.base/java.util.ArrayList$ArrayListSpliterator.forEachRemaining(ArrayList.java:1655)
	at java.base/java.util.stream.AbstractPipeline.copyInto(AbstractPipeline.java:484)
	at java.base/java.util.stream.AbstractPipeline.wrapAndCopyInto(AbstractPipeline.java:474)
	at java.base/java.util.stream.ReduceOps$ReduceOp.evaluateSequential(ReduceOps.java:913)
	at java.base/java.util.stream.AbstractPipeline.evaluate(AbstractPipeline.java:234)
	at java.base/java.util.stream.ReferencePipeline.collect(ReferencePipeline.java:578)
	at de.uka.ilkd.key.nparser.builder.AbstractBuilder.mapOf(AbstractBuilder.java:112)
	at de.uka.ilkd.key.nparser.builder.IncludeFinder.visitOne_include_statement(IncludeFinder.java:35)
	at de.uka.ilkd.key.nparser.builder.IncludeFinder.visitOne_include_statement(IncludeFinder.java:20)
	at de.uka.ilkd.key.nparser.KeYParser$One_include_statementContext.accept(KeYParser.java:802)
	at org.antlr.v4.runtime.tree.AbstractParseTreeVisitor.visitChildren(AbstractParseTreeVisitor.java:46)
	at de.uka.ilkd.key.nparser.KeYParserBaseVisitor.visitDecls(KeYParserBaseVisitor.java:30)
	at de.uka.ilkd.key.nparser.KeYParser$DeclsContext.accept(KeYParser.java:500)
	at org.antlr.v4.runtime.tree.AbstractParseTreeVisitor.visitChildren(AbstractParseTreeVisitor.java:46)
	at de.uka.ilkd.key.nparser.KeYParserBaseVisitor.visitFile(KeYParserBaseVisitor.java:23)
	at de.uka.ilkd.key.nparser.KeYParser$FileContext.accept(KeYParser.java:306)
	at de.uka.ilkd.key.nparser.KeyAst.accept(KeyAst.java:41)
	at de.uka.ilkd.key.nparser.KeyAst$File.getIncludes(KeyAst.java:76)
	at de.uka.ilkd.key.proof.io.KeYFile.readIncludes(KeYFile.java:208)
	... 14 more
Could not find rule file rules/intRulesCheckedSemantics.key (file: /home/runner/work/key/key/key.core/../key.ui/examples/index/../InformationFlow/MethodContracts/contract.IFMethodContract(contract.IFMethodContract__secure_sequential_n1_n2()).Non-interference contract.0.key; caused by: de.uka.ilkd.key.proof.init.ProofInputException: Could not find rule file rules/intRulesCheckedSemantics.key)
	at de.uka.ilkd.key.control.AbstractUserInterfaceControl.load(AbstractUserInterfaceControl.java:221)
	at de.uka.ilkd.key.control.KeYEnvironment.load(KeYEnvironment.java:251)
	at de.uka.ilkd.key.control.KeYEnvironment.load(KeYEnvironment.java:224)
	at de.uka.ilkd.key.control.KeYEnvironment.load(KeYEnvironment.java:184)
	at de.uka.ilkd.key.control.KeYEnvironment.load(KeYEnvironment.java:261)
	at de.uka.ilkd.key.proof.runallproofs.proofcollection.TestFile.load(TestFile.java:270)
	at de.uka.ilkd.key.proof.runallproofs.proofcollection.TestFile.runKey(TestFile.java:160)
	at de.uka.ilkd.key.proof.runallproofs.proofcollection.ForkedTestFileRunner.main(ForkedTestFileRunner.java:171)
Caused by: de.uka.ilkd.key.proof.init.ProofInputException: Could not find rule file rules/intRulesCheckedSemantics.key
	at de.uka.ilkd.key.proof.io.KeYFile.readIncludes(KeYFile.java:210)
	at de.uka.ilkd.key.proof.init.ProblemInitializer.readIncludes(ProblemInitializer.java:177)
	at de.uka.ilkd.key.proof.init.ProblemInitializer.readEnvInput(ProblemInitializer.java:325)
	at de.uka.ilkd.key.proof.init.ProblemInitializer.prepare(ProblemInitializer.java:449)
	at de.uka.ilkd.key.proof.io.AbstractProblemLoader.createInitConfig(AbstractProblemLoader.java:518)
	at de.uka.ilkd.key.proof.io.AbstractProblemLoader.loadEnvironment(AbstractProblemLoader.java:288)
	at de.uka.ilkd.key.proof.io.AbstractProblemLoader.load(AbstractProblemLoader.java:252)
	at de.uka.ilkd.key.control.AbstractUserInterfaceControl.load(AbstractUserInterfaceControl.java:209)
	... 7 more
Caused by: java.lang.RuntimeException: Could not find rule file rules/intRulesCheckedSemantics.key
	at de.uka.ilkd.key.proof.io.RuleSourceFactory.fromBuiltInRule(RuleSourceFactory.java:32)
	at de.uka.ilkd.key.proof.io.RuleSourceFactory.fromDefaultLocation(RuleSourceFactory.java:21)
	at de.uka.ilkd.key.nparser.builder.IncludeFinder.addInclude(IncludeFinder.java:63)
	at de.uka.ilkd.key.nparser.builder.IncludeFinder.visitOne_include(IncludeFinder.java:43)
	at de.uka.ilkd.key.nparser.builder.IncludeFinder.visitOne_include(IncludeFinder.java:20)
	at de.uka.ilkd.key.nparser.KeYParser$One_includeContext.accept(KeYParser.java:878)
	at de.uka.ilkd.key.nparser.builder.AbstractBuilder.lambda$mapOf$0(AbstractBuilder.java:112)
	at java.base/java.util.stream.ReferencePipeline$3$1.accept(ReferencePipeline.java:195)
	at java.base/java.util.ArrayList$ArrayListSpliterator.forEachRemaining(ArrayList.java:1655)
	at java.base/java.util.stream.AbstractPipeline.copyInto(AbstractPipeline.java:484)
	at java.base/java.util.stream.AbstractPipeline.wrapAndCopyInto(AbstractPipeline.java:474)
	at java.base/java.util.stream.ReduceOps$ReduceOp.evaluateSequential(ReduceOps.java:913)
	at java.base/java.util.stream.AbstractPipeline.evaluate(AbstractPipeline.java:234)
	at java.base/java.util.stream.ReferencePipeline.collect(ReferencePipeline.java:578)
	at de.uka.ilkd.key.nparser.builder.AbstractBuilder.mapOf(AbstractBuilder.java:112)
	at de.uka.ilkd.key.nparser.builder.IncludeFinder.visitOne_include_statement(IncludeFinder.java:35)
	at de.uka.ilkd.key.nparser.builder.IncludeFinder.visitOne_include_statement(IncludeFinder.java:20)
	at de.uka.ilkd.key.nparser.KeYParser$One_include_statementContext.accept(KeYParser.java:802)
	at org.antlr.v4.runtime.tree.AbstractParseTreeVisitor.visitChildren(AbstractParseTreeVisitor.java:46)
	at de.uka.ilkd.key.nparser.KeYParserBaseVisitor.visitDecls(KeYParserBaseVisitor.java:30)
	at de.uka.ilkd.key.nparser.KeYParser$DeclsContext.accept(KeYParser.java:500)
	at org.antlr.v4.runtime.tree.AbstractParseTreeVisitor.visitChildren(AbstractParseTreeVisitor.java:46)
	at de.uka.ilkd.key.nparser.KeYParserBaseVisitor.visitFile(KeYParserBaseVisitor.java:23)
	at de.uka.ilkd.key.nparser.KeYParser$FileContext.accept(KeYParser.java:306)
	at de.uka.ilkd.key.nparser.KeyAst.accept(KeyAst.java:41)
	at de.uka.ilkd.key.nparser.KeyAst$File.getIncludes(KeyAst.java:76)
	at de.uka.ilkd.key.proof.io.KeYFile.readIncludes(KeYFile.java:208)
	... 14 more
Exception in thread "main" org.opentest4j.AssertionFailedError: Exception during the execution of proofs. See log for more details.
	at org.junit.jupiter.api.AssertionUtils.fail(AssertionUtils.java:39)
	at org.junit.jupiter.api.Assertions.fail(Assertions.java:134)
	at de.uka.ilkd.key.proof.runallproofs.proofcollection.ForkedTestFileRunner.main(ForkedTestFileRunner.java:192)
Timeout watcher launched (1000 secs.)
Could not find rule file rules/intRulesCheckedSemantics.key (file: /home/runner/work/key/key/key.core/../key.ui/examples/index/../InformationFlow/LoopInvariants/loop.IFLoopExamples(loop.IFLoopExamples__insecure_while_3(int)).Non-interference contract.0.key; caused by: de.uka.ilkd.key.proof.init.ProofInputException: Could not find rule file rules/intRulesCheckedSemantics.key)
	at de.uka.ilkd.key.control.AbstractUserInterfaceControl.load(AbstractUserInterfaceControl.java:221)
	at de.uka.ilkd.key.control.KeYEnvironment.load(KeYEnvironment.java:251)
	at de.uka.ilkd.key.control.KeYEnvironment.load(KeYEnvironment.java:224)
	at de.uka.ilkd.key.control.KeYEnvironment.load(KeYEnvironment.java:184)
	at de.uka.ilkd.key.control.KeYEnvironment.load(KeYEnvironment.java:261)
	at de.uka.ilkd.key.proof.runallproofs.proofcollection.TestFile.load(TestFile.java:270)
	at de.uka.ilkd.key.proof.runallproofs.proofcollection.TestFile.runKey(TestFile.java:160)
	at de.uka.ilkd.key.proof.runallproofs.proofcollection.ForkedTestFileRunner.main(ForkedTestFileRunner.java:171)
Caused by: de.uka.ilkd.key.proof.init.ProofInputException: Could not find rule file rules/intRulesCheckedSemantics.key
	at de.uka.ilkd.key.proof.io.KeYFile.readIncludes(KeYFile.java:210)
	at de.uka.ilkd.key.proof.init.ProblemInitializer.readIncludes(ProblemInitializer.java:177)
	at de.uka.ilkd.key.proof.init.ProblemInitializer.readEnvInput(ProblemInitializer.java:325)
	at de.uka.ilkd.key.proof.init.ProblemInitializer.prepare(ProblemInitializer.java:449)
	at de.uka.ilkd.key.proof.io.AbstractProblemLoader.createInitConfig(AbstractProblemLoader.java:518)
	at de.uka.ilkd.key.proof.io.AbstractProblemLoader.loadEnvironment(AbstractProblemLoader.java:288)
	at de.uka.ilkd.key.proof.io.AbstractProblemLoader.load(AbstractProblemLoader.java:252)
	at de.uka.ilkd.key.control.AbstractUserInterfaceControl.load(AbstractUserInterfaceControl.java:209)
	... 7 more
Caused by: java.lang.RuntimeException: Could not find rule file rules/intRulesCheckedSemantics.key
	at de.uka.ilkd.key.proof.io.RuleSourceFactory.fromBuiltInRule(RuleSourceFactory.java:32)
	at de.uka.ilkd.key.proof.io.RuleSourceFactory.fromDefaultLocation(RuleSourceFactory.java:21)
	at de.uka.ilkd.key.nparser.builder.IncludeFinder.addInclude(IncludeFinder.java:63)
	at de.uka.ilkd.key.nparser.builder.IncludeFinder.visitOne_include(IncludeFinder.java:43)
	at de.uka.ilkd.key.nparser.builder.IncludeFinder.visitOne_include(IncludeFinder.java:20)
	at de.uka.ilkd.key.nparser.KeYParser$One_includeContext.accept(KeYParser.java:878)
	at de.uka.ilkd.key.nparser.builder.AbstractBuilder.lambda$mapOf$0(AbstractBuilder.java:112)
	at java.base/java.util.stream.ReferencePipeline$3$1.accept(ReferencePipeline.java:195)
	at java.base/java.util.ArrayList$ArrayListSpliterator.forEachRemaining(ArrayList.java:1655)
	at java.base/java.util.stream.AbstractPipeline.copyInto(AbstractPipeline.java:484)
	at java.base/java.util.stream.AbstractPipeline.wrapAndCopyInto(AbstractPipeline.java:474)
	at java.base/java.util.stream.ReduceOps$ReduceOp.evaluateSequential(ReduceOps.java:913)
	at java.base/java.util.stream.AbstractPipeline.evaluate(AbstractPipeline.java:234)
	at java.base/java.util.stream.ReferencePipeline.collect(ReferencePipeline.java:578)
	at de.uka.ilkd.key.nparser.builder.AbstractBuilder.mapOf(AbstractBuilder.java:112)
	at de.uka.ilkd.key.nparser.builder.IncludeFinder.visitOne_include_statement(IncludeFinder.java:35)
	at de.uka.ilkd.key.nparser.builder.IncludeFinder.visitOne_include_statement(IncludeFinder.java:20)
	at de.uka.ilkd.key.nparser.KeYParser$One_include_statementContext.accept(KeYParser.java:802)
	at org.antlr.v4.runtime.tree.AbstractParseTreeVisitor.visitChildren(AbstractParseTreeVisitor.java:46)
	at de.uka.ilkd.key.nparser.KeYParserBaseVisitor.visitDecls(KeYParserBaseVisitor.java:30)
	at de.uka.ilkd.key.nparser.KeYParser$DeclsContext.accept(KeYParser.java:500)
	at org.antlr.v4.runtime.tree.AbstractParseTreeVisitor.visitChildren(AbstractParseTreeVisitor.java:46)
	at de.uka.ilkd.key.nparser.KeYParserBaseVisitor.visitFile(KeYParserBaseVisitor.java:23)
	at de.uka.ilkd.key.nparser.KeYParser$FileContext.accept(KeYParser.java:306)
	at de.uka.ilkd.key.nparser.KeyAst.accept(KeyAst.java:41)
	at de.uka.ilkd.key.nparser.KeyAst$File.getIncludes(KeyAst.java:76)
	at de.uka.ilkd.key.proof.io.KeYFile.readIncludes(KeYFile.java:208)
	... 14 more
Could not find rule file rules/intRulesCheckedSemantics.key (file: /home/runner/work/key/key/key.core/../key.ui/examples/index/../InformationFlow/LoopInvariants/loop.IFLoopExamples(loop.IFLoopExamples__secure_while_2(int)).Non-interference contract.0.key; caused by: de.uka.ilkd.key.proof.init.ProofInputException: Could not find rule file rules/intRulesCheckedSemantics.key)
	at de.uka.ilkd.key.control.AbstractUserInterfaceControl.load(AbstractUserInterfaceControl.java:221)
	at de.uka.ilkd.key.control.KeYEnvironment.load(KeYEnvironment.java:251)
	at de.uka.ilkd.key.control.KeYEnvironment.load(KeYEnvironment.java:224)
	at de.uka.ilkd.key.control.KeYEnvironment.load(KeYEnvironment.java:184)
	at de.uka.ilkd.key.control.KeYEnvironment.load(KeYEnvironment.java:261)
	at de.uka.ilkd.key.proof.runallproofs.proofcollection.TestFile.load(TestFile.java:270)
	at de.uka.ilkd.key.proof.runallproofs.proofcollection.TestFile.runKey(TestFile.java:160)
	at de.uka.ilkd.key.proof.runallproofs.proofcollection.ForkedTestFileRunner.main(ForkedTestFileRunner.java:171)
Caused by: de.uka.ilkd.key.proof.init.ProofInputException: Could not find rule file rules/intRulesCheckedSemantics.key
	at de.uka.ilkd.key.proof.io.KeYFile.readIncludes(KeYFile.java:210)
	at de.uka.ilkd.key.proof.init.ProblemInitializer.readIncludes(ProblemInitializer.java:177)
	at de.uka.ilkd.key.proof.init.ProblemInitializer.readEnvInput(ProblemInitializer.java:325)
	at de.uka.ilkd.key.proof.init.ProblemInitializer.prepare(ProblemInitializer.java:449)
	at de.uka.ilkd.key.proof.io.AbstractProblemLoader.createInitConfig(AbstractProblemLoader.java:518)
	at de.uka.ilkd.key.proof.io.AbstractProblemLoader.loadEnvironment(AbstractProblemLoader.java:288)
	at de.uka.ilkd.key.proof.io.AbstractProblemLoader.load(AbstractProblemLoader.java:252)
	at de.uka.ilkd.key.control.AbstractUserInterfaceControl.load(AbstractUserInterfaceControl.java:209)
	... 7 more
Caused by: java.lang.RuntimeException: Could not find rule file rules/intRulesCheckedSemantics.key
	at de.uka.ilkd.key.proof.io.RuleSourceFactory.fromBuiltInRule(RuleSourceFactory.java:32)
	at de.uka.ilkd.key.proof.io.RuleSourceFactory.fromDefaultLocation(RuleSourceFactory.java:21)
	at de.uka.ilkd.key.nparser.builder.IncludeFinder.addInclude(IncludeFinder.java:63)
	at de.uka.ilkd.key.nparser.builder.IncludeFinder.visitOne_include(IncludeFinder.java:43)
	at de.uka.ilkd.key.nparser.builder.IncludeFinder.visitOne_include(IncludeFinder.java:20)
	at de.uka.ilkd.key.nparser.KeYParser$One_includeContext.accept(KeYParser.java:878)
	at de.uka.ilkd.key.nparser.builder.AbstractBuilder.lambda$mapOf$0(AbstractBuilder.java:112)
	at java.base/java.util.stream.ReferencePipeline$3$1.accept(ReferencePipeline.java:195)
	at java.base/java.util.ArrayList$ArrayListSpliterator.forEachRemaining(ArrayList.java:1655)
	at java.base/java.util.stream.AbstractPipeline.copyInto(AbstractPipeline.java:484)
	at java.base/java.util.stream.AbstractPipeline.wrapAndCopyInto(AbstractPipeline.java:474)
	at java.base/java.util.stream.ReduceOps$ReduceOp.evaluateSequential(ReduceOps.java:913)
	at java.base/java.util.stream.AbstractPipeline.evaluate(AbstractPipeline.java:234)
	at java.base/java.util.stream.ReferencePipeline.collect(ReferencePipeline.java:578)
	at de.uka.ilkd.key.nparser.builder.AbstractBuilder.mapOf(AbstractBuilder.java:112)
	at de.uka.ilkd.key.nparser.builder.IncludeFinder.visitOne_include_statement(IncludeFinder.java:35)
	at de.uka.ilkd.key.nparser.builder.IncludeFinder.visitOne_include_statement(IncludeFinder.java:20)
	at de.uka.ilkd.key.nparser.KeYParser$One_include_statementContext.accept(KeYParser.java:802)
	at org.antlr.v4.runtime.tree.AbstractParseTreeVisitor.visitChildren(AbstractParseTreeVisitor.java:46)
	at de.uka.ilkd.key.nparser.KeYParserBaseVisitor.visitDecls(KeYParserBaseVisitor.java:30)
	at de.uka.ilkd.key.nparser.KeYParser$DeclsContext.accept(KeYParser.java:500)
	at org.antlr.v4.runtime.tree.AbstractParseTreeVisitor.visitChildren(AbstractParseTreeVisitor.java:46)
	at de.uka.ilkd.key.nparser.KeYParserBaseVisitor.visitFile(KeYParserBaseVisitor.java:23)
	at de.uka.ilkd.key.nparser.KeYParser$FileContext.accept(KeYParser.java:306)
	at de.uka.ilkd.key.nparser.KeyAst.accept(KeyAst.java:41)
	at de.uka.ilkd.key.nparser.KeyAst$File.getIncludes(KeyAst.java:76)
	at de.uka.ilkd.key.proof.io.KeYFile.readIncludes(KeYFile.java:208)
	... 14 more
Could not find rule file rules/intRulesCheckedSemantics.key (file: /home/runner/work/key/key/key.core/../key.ui/examples/index/../InformationFlow/LoopInvariants/loop.IFLoopExamples(loop.IFLoopExamples__secure_while_4(int)).Non-interference contract.0.key; caused by: de.uka.ilkd.key.proof.init.ProofInputException: Could not find rule file rules/intRulesCheckedSemantics.key)
	at de.uka.ilkd.key.control.AbstractUserInterfaceControl.load(AbstractUserInterfaceControl.java:221)
	at de.uka.ilkd.key.control.KeYEnvironment.load(KeYEnvironment.java:251)
	at de.uka.ilkd.key.control.KeYEnvironment.load(KeYEnvironment.java:224)
	at de.uka.ilkd.key.control.KeYEnvironment.load(KeYEnvironment.java:184)
	at de.uka.ilkd.key.control.KeYEnvironment.load(KeYEnvironment.java:261)
	at de.uka.ilkd.key.proof.runallproofs.proofcollection.TestFile.load(TestFile.java:270)
	at de.uka.ilkd.key.proof.runallproofs.proofcollection.TestFile.runKey(TestFile.java:160)
	at de.uka.ilkd.key.proof.runallproofs.proofcollection.ForkedTestFileRunner.main(ForkedTestFileRunner.java:171)
Caused by: de.uka.ilkd.key.proof.init.ProofInputException: Could not find rule file rules/intRulesCheckedSemantics.key
	at de.uka.ilkd.key.proof.io.KeYFile.readIncludes(KeYFile.java:210)
	at de.uka.ilkd.key.proof.init.ProblemInitializer.readIncludes(ProblemInitializer.java:177)
	at de.uka.ilkd.key.proof.init.ProblemInitializer.readEnvInput(ProblemInitializer.java:325)
	at de.uka.ilkd.key.proof.init.ProblemInitializer.prepare(ProblemInitializer.java:449)
	at de.uka.ilkd.key.proof.io.AbstractProblemLoader.createInitConfig(AbstractProblemLoader.java:518)
	at de.uka.ilkd.key.proof.io.AbstractProblemLoader.loadEnvironment(AbstractProblemLoader.java:288)
	at de.uka.ilkd.key.proof.io.AbstractProblemLoader.load(AbstractProblemLoader.java:252)
	at de.uka.ilkd.key.control.AbstractUserInterfaceControl.load(AbstractUserInterfaceControl.java:209)
	... 7 more
Caused by: java.lang.RuntimeException: Could not find rule file rules/intRulesCheckedSemantics.key
	at de.uka.ilkd.key.proof.io.RuleSourceFactory.fromBuiltInRule(RuleSourceFactory.java:32)
	at de.uka.ilkd.key.proof.io.RuleSourceFactory.fromDefaultLocation(RuleSourceFactory.java:21)
	at de.uka.ilkd.key.nparser.builder.IncludeFinder.addInclude(IncludeFinder.java:63)
	at de.uka.ilkd.key.nparser.builder.IncludeFinder.visitOne_include(IncludeFinder.java:43)
	at de.uka.ilkd.key.nparser.builder.IncludeFinder.visitOne_include(IncludeFinder.java:20)
	at de.uka.ilkd.key.nparser.KeYParser$One_includeContext.accept(KeYParser.java:878)
	at de.uka.ilkd.key.nparser.builder.AbstractBuilder.lambda$mapOf$0(AbstractBuilder.java:112)
	at java.base/java.util.stream.ReferencePipeline$3$1.accept(ReferencePipeline.java:195)
	at java.base/java.util.ArrayList$ArrayListSpliterator.forEachRemaining(ArrayList.java:1655)
	at java.base/java.util.stream.AbstractPipeline.copyInto(AbstractPipeline.java:484)
	at java.base/java.util.stream.AbstractPipeline.wrapAndCopyInto(AbstractPipeline.java:474)
	at java.base/java.util.stream.ReduceOps$ReduceOp.evaluateSequential(ReduceOps.java:913)
	at java.base/java.util.stream.AbstractPipeline.evaluate(AbstractPipeline.java:234)
	at java.base/java.util.stream.ReferencePipeline.collect(ReferencePipeline.java:578)
	at de.uka.ilkd.key.nparser.builder.AbstractBuilder.mapOf(AbstractBuilder.java:112)
	at de.uka.ilkd.key.nparser.builder.IncludeFinder.visitOne_include_statement(IncludeFinder.java:35)
	at de.uka.ilkd.key.nparser.builder.IncludeFinder.visitOne_include_statement(IncludeFinder.java:20)
	at de.uka.ilkd.key.nparser.KeYParser$One_include_statementContext.accept(KeYParser.java:802)
	at org.antlr.v4.runtime.tree.AbstractParseTreeVisitor.visitChildren(AbstractParseTreeVisitor.java:46)
	at de.uka.ilkd.key.nparser.KeYParserBaseVisitor.visitDecls(KeYParserBaseVisitor.java:30)
	at de.uka.ilkd.key.nparser.KeYParser$DeclsContext.accept(KeYParser.java:500)
	at org.antlr.v4.runtime.tree.AbstractParseTreeVisitor.visitChildren(AbstractParseTreeVisitor.java:46)
	at de.uka.ilkd.key.nparser.KeYParserBaseVisitor.visitFile(KeYParserBaseVisitor.java:23)
	at de.uka.ilkd.key.nparser.KeYParser$FileContext.accept(KeYParser.java:306)
	at de.uka.ilkd.key.nparser.KeyAst.accept(KeyAst.java:41)
	at de.uka.ilkd.key.nparser.KeyAst$File.getIncludes(KeyAst.java:76)
	at de.uka.ilkd.key.proof.io.KeYFile.readIncludes(KeYFile.java:208)
	... 14 more
Could not find rule file rules/intRulesCheckedSemantics.key (file: /home/runner/work/key/key/key.core/../key.ui/examples/index/../InformationFlow/LoopInvariants/loop.IFLoopExamples(loop.IFLoopExamples__insecure_doubleNestedWhile2(int)).Non-interference contract.0.key; caused by: de.uka.ilkd.key.proof.init.ProofInputException: Could not find rule file rules/intRulesCheckedSemantics.key)
	at de.uka.ilkd.key.control.AbstractUserInterfaceControl.load(AbstractUserInterfaceControl.java:221)
	at de.uka.ilkd.key.control.KeYEnvironment.load(KeYEnvironment.java:251)
	at de.uka.ilkd.key.control.KeYEnvironment.load(KeYEnvironment.java:224)
	at de.uka.ilkd.key.control.KeYEnvironment.load(KeYEnvironment.java:184)
	at de.uka.ilkd.key.control.KeYEnvironment.load(KeYEnvironment.java:261)
	at de.uka.ilkd.key.proof.runallproofs.proofcollection.TestFile.load(TestFile.java:270)
	at de.uka.ilkd.key.proof.runallproofs.proofcollection.TestFile.runKey(TestFile.java:160)
	at de.uka.ilkd.key.proof.runallproofs.proofcollection.ForkedTestFileRunner.main(ForkedTestFileRunner.java:171)
Caused by: de.uka.ilkd.key.proof.init.ProofInputException: Could not find rule file rules/intRulesCheckedSemantics.key
	at de.uka.ilkd.key.proof.io.KeYFile.readIncludes(KeYFile.java:210)
	at de.uka.ilkd.key.proof.init.ProblemInitializer.readIncludes(ProblemInitializer.java:177)
	at de.uka.ilkd.key.proof.init.ProblemInitializer.readEnvInput(ProblemInitializer.java:325)
	at de.uka.ilkd.key.proof.init.ProblemInitializer.prepare(ProblemInitializer.java:449)
	at de.uka.ilkd.key.proof.io.AbstractProblemLoader.createInitConfig(AbstractProblemLoader.java:518)
	at de.uka.ilkd.key.proof.io.AbstractProblemLoader.loadEnvironment(AbstractProblemLoader.java:288)
	at de.uka.ilkd.key.proof.io.AbstractProblemLoader.load(AbstractProblemLoader.java:252)
	at de.uka.ilkd.key.control.AbstractUserInterfaceControl.load(AbstractUserInterfaceControl.java:209)
	... 7 more
Caused by: java.lang.RuntimeException: Could not find rule file rules/intRulesCheckedSemantics.key
	at de.uka.ilkd.key.proof.io.RuleSourceFactory.fromBuiltInRule(RuleSourceFactory.java:32)
	at de.uka.ilkd.key.proof.io.RuleSourceFactory.fromDefaultLocation(RuleSourceFactory.java:21)
	at de.uka.ilkd.key.nparser.builder.IncludeFinder.addInclude(IncludeFinder.java:63)
	at de.uka.ilkd.key.nparser.builder.IncludeFinder.visitOne_include(IncludeFinder.java:43)
	at de.uka.ilkd.key.nparser.builder.IncludeFinder.visitOne_include(IncludeFinder.java:20)
	at de.uka.ilkd.key.nparser.KeYParser$One_includeContext.accept(KeYParser.java:878)
	at de.uka.ilkd.key.nparser.builder.AbstractBuilder.lambda$mapOf$0(AbstractBuilder.java:112)
	at java.base/java.util.stream.ReferencePipeline$3$1.accept(ReferencePipeline.java:195)
	at java.base/java.util.ArrayList$ArrayListSpliterator.forEachRemaining(ArrayList.java:1655)
	at java.base/java.util.stream.AbstractPipeline.copyInto(AbstractPipeline.java:484)
	at java.base/java.util.stream.AbstractPipeline.wrapAndCopyInto(AbstractPipeline.java:474)
	at java.base/java.util.stream.ReduceOps$ReduceOp.evaluateSequential(ReduceOps.java:913)
	at java.base/java.util.stream.AbstractPipeline.evaluate(AbstractPipeline.java:234)
	at java.base/java.util.stream.ReferencePipeline.collect(ReferencePipeline.java:578)
	at de.uka.ilkd.key.nparser.builder.AbstractBuilder.mapOf(AbstractBuilder.java:112)
	at de.uka.ilkd.key.nparser.builder.IncludeFinder.visitOne_include_statement(IncludeFinder.java:35)
	at de.uka.ilkd.key.nparser.builder.IncludeFinder.visitOne_include_statement(IncludeFinder.java:20)
	at de.uka.ilkd.key.nparser.KeYParser$One_include_statementContext.accept(KeYParser.java:802)
	at org.antlr.v4.runtime.tree.AbstractParseTreeVisitor.visitChildren(AbstractParseTreeVisitor.java:46)
	at de.uka.ilkd.key.nparser.KeYParserBaseVisitor.visitDecls(KeYParserBaseVisitor.java:30)
	at de.uka.ilkd.key.nparser.KeYParser$DeclsContext.accept(KeYParser.java:500)
	at org.antlr.v4.runtime.tree.AbstractParseTreeVisitor.visitChildren(AbstractParseTreeVisitor.java:46)
	at de.uka.ilkd.key.nparser.KeYParserBaseVisitor.visitFile(KeYParserBaseVisitor.java:23)
	at de.uka.ilkd.key.nparser.KeYParser$FileContext.accept(KeYParser.java:306)
	at de.uka.ilkd.key.nparser.KeyAst.accept(KeyAst.java:41)
	at de.uka.ilkd.key.nparser.KeyAst$File.getIncludes(KeyAst.java:76)
	at de.uka.ilkd.key.proof.io.KeYFile.readIncludes(KeYFile.java:208)
	... 14 more
Could not find rule file rules/intRulesCheckedSemantics.key (file: /home/runner/work/key/key/key.core/../key.ui/examples/index/../InformationFlow/LoopInvariants/loop.IFLoopExamples(loop.IFLoopExamples__insecure_doubleNestedWhile(int)).Non-interference contract.0.key; caused by: de.uka.ilkd.key.proof.init.ProofInputException: Could not find rule file rules/intRulesCheckedSemantics.key)
	at de.uka.ilkd.key.control.AbstractUserInterfaceControl.load(AbstractUserInterfaceControl.java:221)
	at de.uka.ilkd.key.control.KeYEnvironment.load(KeYEnvironment.java:251)
	at de.uka.ilkd.key.control.KeYEnvironment.load(KeYEnvironment.java:224)
	at de.uka.ilkd.key.control.KeYEnvironment.load(KeYEnvironment.java:184)
	at de.uka.ilkd.key.control.KeYEnvironment.load(KeYEnvironment.java:261)
	at de.uka.ilkd.key.proof.runallproofs.proofcollection.TestFile.load(TestFile.java:270)
	at de.uka.ilkd.key.proof.runallproofs.proofcollection.TestFile.runKey(TestFile.java:160)
	at de.uka.ilkd.key.proof.runallproofs.proofcollection.ForkedTestFileRunner.main(ForkedTestFileRunner.java:171)
Caused by: de.uka.ilkd.key.proof.init.ProofInputException: Could not find rule file rules/intRulesCheckedSemantics.key
	at de.uka.ilkd.key.proof.io.KeYFile.readIncludes(KeYFile.java:210)
	at de.uka.ilkd.key.proof.init.ProblemInitializer.readIncludes(ProblemInitializer.java:177)
	at de.uka.ilkd.key.proof.init.ProblemInitializer.readEnvInput(ProblemInitializer.java:325)
	at de.uka.ilkd.key.proof.init.ProblemInitializer.prepare(ProblemInitializer.java:449)
	at de.uka.ilkd.key.proof.io.AbstractProblemLoader.createInitConfig(AbstractProblemLoader.java:518)
	at de.uka.ilkd.key.proof.io.AbstractProblemLoader.loadEnvironment(AbstractProblemLoader.java:288)
	at de.uka.ilkd.key.proof.io.AbstractProblemLoader.load(AbstractProblemLoader.java:252)
	at de.uka.ilkd.key.control.AbstractUserInterfaceControl.load(AbstractUserInterfaceControl.java:209)
	... 7 more
Caused by: java.lang.RuntimeException: Could not find rule file rules/intRulesCheckedSemantics.key
	at de.uka.ilkd.key.proof.io.RuleSourceFactory.fromBuiltInRule(RuleSourceFactory.java:32)
	at de.uka.ilkd.key.proof.io.RuleSourceFactory.fromDefaultLocation(RuleSourceFactory.java:21)
	at de.uka.ilkd.key.nparser.builder.IncludeFinder.addInclude(IncludeFinder.java:63)
	at de.uka.ilkd.key.nparser.builder.IncludeFinder.visitOne_include(IncludeFinder.java:43)
	at de.uka.ilkd.key.nparser.builder.IncludeFinder.visitOne_include(IncludeFinder.java:20)
	at de.uka.ilkd.key.nparser.KeYParser$One_includeContext.accept(KeYParser.java:878)
	at de.uka.ilkd.key.nparser.builder.AbstractBuilder.lambda$mapOf$0(AbstractBuilder.java:112)
	at java.base/java.util.stream.ReferencePipeline$3$1.accept(ReferencePipeline.java:195)
	at java.base/java.util.ArrayList$ArrayListSpliterator.forEachRemaining(ArrayList.java:1655)
	at java.base/java.util.stream.AbstractPipeline.copyInto(AbstractPipeline.java:484)
	at java.base/java.util.stream.AbstractPipeline.wrapAndCopyInto(AbstractPipeline.java:474)
	at java.base/java.util.stream.ReduceOps$ReduceOp.evaluateSequential(ReduceOps.java:913)
	at java.base/java.util.stream.AbstractPipeline.evaluate(AbstractPipeline.java:234)
	at java.base/java.util.stream.ReferencePipeline.collect(ReferencePipeline.java:578)
	at de.uka.ilkd.key.nparser.builder.AbstractBuilder.mapOf(AbstractBuilder.java:112)
	at de.uka.ilkd.key.nparser.builder.IncludeFinder.visitOne_include_statement(IncludeFinder.java:35)
	at de.uka.ilkd.key.nparser.builder.IncludeFinder.visitOne_include_statement(IncludeFinder.java:20)
	at de.uka.ilkd.key.nparser.KeYParser$One_include_statementContext.accept(KeYParser.java:802)
	at org.antlr.v4.runtime.tree.AbstractParseTreeVisitor.visitChildren(AbstractParseTreeVisitor.java:46)
	at de.uka.ilkd.key.nparser.KeYParserBaseVisitor.visitDecls(KeYParserBaseVisitor.java:30)
	at de.uka.ilkd.key.nparser.KeYParser$DeclsContext.accept(KeYParser.java:500)
	at org.antlr.v4.runtime.tree.AbstractParseTreeVisitor.visitChildren(AbstractParseTreeVisitor.java:46)
	at de.uka.ilkd.key.nparser.KeYParserBaseVisitor.visitFile(KeYParserBaseVisitor.java:23)
	at de.uka.ilkd.key.nparser.KeYParser$FileContext.accept(KeYParser.java:306)
	at de.uka.ilkd.key.nparser.KeyAst.accept(KeyAst.java:41)
	at de.uka.ilkd.key.nparser.KeyAst$File.getIncludes(KeyAst.java:76)
	at de.uka.ilkd.key.proof.io.KeYFile.readIncludes(KeYFile.java:208)
	... 14 more
Could not find rule file rules/intRulesCheckedSemantics.key (file: /home/runner/work/key/key/key.core/../key.ui/examples/index/../InformationFlow/LoopInvariants/loop.IFLoopExamples(loop.IFLoopExamples__secure_doubleNestedWhile(int)).Non-interference contract.0.key; caused by: de.uka.ilkd.key.proof.init.ProofInputException: Could not find rule file rules/intRulesCheckedSemantics.key)
	at de.uka.ilkd.key.control.AbstractUserInterfaceControl.load(AbstractUserInterfaceControl.java:221)
	at de.uka.ilkd.key.control.KeYEnvironment.load(KeYEnvironment.java:251)
	at de.uka.ilkd.key.control.KeYEnvironment.load(KeYEnvironment.java:224)
	at de.uka.ilkd.key.control.KeYEnvironment.load(KeYEnvironment.java:184)
	at de.uka.ilkd.key.control.KeYEnvironment.load(KeYEnvironment.java:261)
	at de.uka.ilkd.key.proof.runallproofs.proofcollection.TestFile.load(TestFile.java:270)
	at de.uka.ilkd.key.proof.runallproofs.proofcollection.TestFile.runKey(TestFile.java:160)
	at de.uka.ilkd.key.proof.runallproofs.proofcollection.ForkedTestFileRunner.main(ForkedTestFileRunner.java:171)
Caused by: de.uka.ilkd.key.proof.init.ProofInputException: Could not find rule file rules/intRulesCheckedSemantics.key
	at de.uka.ilkd.key.proof.io.KeYFile.readIncludes(KeYFile.java:210)
	at de.uka.ilkd.key.proof.init.ProblemInitializer.readIncludes(ProblemInitializer.java:177)
	at de.uka.ilkd.key.proof.init.ProblemInitializer.readEnvInput(ProblemInitializer.java:325)
	at de.uka.ilkd.key.proof.init.ProblemInitializer.prepare(ProblemInitializer.java:449)
	at de.uka.ilkd.key.proof.io.AbstractProblemLoader.createInitConfig(AbstractProblemLoader.java:518)
	at de.uka.ilkd.key.proof.io.AbstractProblemLoader.loadEnvironment(AbstractProblemLoader.java:288)
	at de.uka.ilkd.key.proof.io.AbstractProblemLoader.load(AbstractProblemLoader.java:252)
	at de.uka.ilkd.key.control.AbstractUserInterfaceControl.load(AbstractUserInterfaceControl.java:209)
	... 7 more
Caused by: java.lang.RuntimeException: Could not find rule file rules/intRulesCheckedSemantics.key
	at de.uka.ilkd.key.proof.io.RuleSourceFactory.fromBuiltInRule(RuleSourceFactory.java:32)
	at de.uka.ilkd.key.proof.io.RuleSourceFactory.fromDefaultLocation(RuleSourceFactory.java:21)
	at de.uka.ilkd.key.nparser.builder.IncludeFinder.addInclude(IncludeFinder.java:63)
	at de.uka.ilkd.key.nparser.builder.IncludeFinder.visitOne_include(IncludeFinder.java:43)
	at de.uka.ilkd.key.nparser.builder.IncludeFinder.visitOne_include(IncludeFinder.java:20)
	at de.uka.ilkd.key.nparser.KeYParser$One_includeContext.accept(KeYParser.java:878)
	at de.uka.ilkd.key.nparser.builder.AbstractBuilder.lambda$mapOf$0(AbstractBuilder.java:112)
	at java.base/java.util.stream.ReferencePipeline$3$1.accept(ReferencePipeline.java:195)
	at java.base/java.util.ArrayList$ArrayListSpliterator.forEachRemaining(ArrayList.java:1655)
	at java.base/java.util.stream.AbstractPipeline.copyInto(AbstractPipeline.java:484)
	at java.base/java.util.stream.AbstractPipeline.wrapAndCopyInto(AbstractPipeline.java:474)
	at java.base/java.util.stream.ReduceOps$ReduceOp.evaluateSequential(ReduceOps.java:913)
	at java.base/java.util.stream.AbstractPipeline.evaluate(AbstractPipeline.java:234)
	at java.base/java.util.stream.ReferencePipeline.collect(ReferencePipeline.java:578)
	at de.uka.ilkd.key.nparser.builder.AbstractBuilder.mapOf(AbstractBuilder.java:112)
	at de.uka.ilkd.key.nparser.builder.IncludeFinder.visitOne_include_statement(IncludeFinder.java:35)
	at de.uka.ilkd.key.nparser.builder.IncludeFinder.visitOne_include_statement(IncludeFinder.java:20)
	at de.uka.ilkd.key.nparser.KeYParser$One_include_statementContext.accept(KeYParser.java:802)
	at org.antlr.v4.runtime.tree.AbstractParseTreeVisitor.visitChildren(AbstractParseTreeVisitor.java:46)
	at de.uka.ilkd.key.nparser.KeYParserBaseVisitor.visitDecls(KeYParserBaseVisitor.java:30)
	at de.uka.ilkd.key.nparser.KeYParser$DeclsContext.accept(KeYParser.java:500)
	at org.antlr.v4.runtime.tree.AbstractParseTreeVisitor.visitChildren(AbstractParseTreeVisitor.java:46)
	at de.uka.ilkd.key.nparser.KeYParserBaseVisitor.visitFile(KeYParserBaseVisitor.java:23)
	at de.uka.ilkd.key.nparser.KeYParser$FileContext.accept(KeYParser.java:306)
	at de.uka.ilkd.key.nparser.KeyAst.accept(KeyAst.java:41)
	at de.uka.ilkd.key.nparser.KeyAst$File.getIncludes(KeyAst.java:76)
	at de.uka.ilkd.key.proof.io.KeYFile.readIncludes(KeYFile.java:208)
	... 14 more
Could not find rule file rules/intRulesCheckedSemantics.key (file: /home/runner/work/key/key/key.core/../key.ui/examples/index/../InformationFlow/LoopInvariants/loop.IFLoopExamples(loop.IFLoopExamples__secure_nestedTwoWhile(int)).Non-interference contract.0.key; caused by: de.uka.ilkd.key.proof.init.ProofInputException: Could not find rule file rules/intRulesCheckedSemantics.key)
	at de.uka.ilkd.key.control.AbstractUserInterfaceControl.load(AbstractUserInterfaceControl.java:221)
	at de.uka.ilkd.key.control.KeYEnvironment.load(KeYEnvironment.java:251)
	at de.uka.ilkd.key.control.KeYEnvironment.load(KeYEnvironment.java:224)
	at de.uka.ilkd.key.control.KeYEnvironment.load(KeYEnvironment.java:184)
	at de.uka.ilkd.key.control.KeYEnvironment.load(KeYEnvironment.java:261)
	at de.uka.ilkd.key.proof.runallproofs.proofcollection.TestFile.load(TestFile.java:270)
	at de.uka.ilkd.key.proof.runallproofs.proofcollection.TestFile.runKey(TestFile.java:160)
	at de.uka.ilkd.key.proof.runallproofs.proofcollection.ForkedTestFileRunner.main(ForkedTestFileRunner.java:171)
Caused by: de.uka.ilkd.key.proof.init.ProofInputException: Could not find rule file rules/intRulesCheckedSemantics.key
	at de.uka.ilkd.key.proof.io.KeYFile.readIncludes(KeYFile.java:210)
	at de.uka.ilkd.key.proof.init.ProblemInitializer.readIncludes(ProblemInitializer.java:177)
	at de.uka.ilkd.key.proof.init.ProblemInitializer.readEnvInput(ProblemInitializer.java:325)
	at de.uka.ilkd.key.proof.init.ProblemInitializer.prepare(ProblemInitializer.java:449)
	at de.uka.ilkd.key.proof.io.AbstractProblemLoader.createInitConfig(AbstractProblemLoader.java:518)
	at de.uka.ilkd.key.proof.io.AbstractProblemLoader.loadEnvironment(AbstractProblemLoader.java:288)
	at de.uka.ilkd.key.proof.io.AbstractProblemLoader.load(AbstractProblemLoader.java:252)
	at de.uka.ilkd.key.control.AbstractUserInterfaceControl.load(AbstractUserInterfaceControl.java:209)
	... 7 more
Caused by: java.lang.RuntimeException: Could not find rule file rules/intRulesCheckedSemantics.key
	at de.uka.ilkd.key.proof.io.RuleSourceFactory.fromBuiltInRule(RuleSourceFactory.java:32)
	at de.uka.ilkd.key.proof.io.RuleSourceFactory.fromDefaultLocation(RuleSourceFactory.java:21)
	at de.uka.ilkd.key.nparser.builder.IncludeFinder.addInclude(IncludeFinder.java:63)
	at de.uka.ilkd.key.nparser.builder.IncludeFinder.visitOne_include(IncludeFinder.java:43)
	at de.uka.ilkd.key.nparser.builder.IncludeFinder.visitOne_include(IncludeFinder.java:20)
	at de.uka.ilkd.key.nparser.KeYParser$One_includeContext.accept(KeYParser.java:878)
	at de.uka.ilkd.key.nparser.builder.AbstractBuilder.lambda$mapOf$0(AbstractBuilder.java:112)
	at java.base/java.util.stream.ReferencePipeline$3$1.accept(ReferencePipeline.java:195)
	at java.base/java.util.ArrayList$ArrayListSpliterator.forEachRemaining(ArrayList.java:1655)
	at java.base/java.util.stream.AbstractPipeline.copyInto(AbstractPipeline.java:484)
	at java.base/java.util.stream.AbstractPipeline.wrapAndCopyInto(AbstractPipeline.java:474)
	at java.base/java.util.stream.ReduceOps$ReduceOp.evaluateSequential(ReduceOps.java:913)
	at java.base/java.util.stream.AbstractPipeline.evaluate(AbstractPipeline.java:234)
	at java.base/java.util.stream.ReferencePipeline.collect(ReferencePipeline.java:578)
	at de.uka.ilkd.key.nparser.builder.AbstractBuilder.mapOf(AbstractBuilder.java:112)
	at de.uka.ilkd.key.nparser.builder.IncludeFinder.visitOne_include_statement(IncludeFinder.java:35)
	at de.uka.ilkd.key.nparser.builder.IncludeFinder.visitOne_include_statement(IncludeFinder.java:20)
	at de.uka.ilkd.key.nparser.KeYParser$One_include_statementContext.accept(KeYParser.java:802)
	at org.antlr.v4.runtime.tree.AbstractParseTreeVisitor.visitChildren(AbstractParseTreeVisitor.java:46)
	at de.uka.ilkd.key.nparser.KeYParserBaseVisitor.visitDecls(KeYParserBaseVisitor.java:30)
	at de.uka.ilkd.key.nparser.KeYParser$DeclsContext.accept(KeYParser.java:500)
	at org.antlr.v4.runtime.tree.AbstractParseTreeVisitor.visitChildren(AbstractParseTreeVisitor.java:46)
	at de.uka.ilkd.key.nparser.KeYParserBaseVisitor.visitFile(KeYParserBaseVisitor.java:23)
	at de.uka.ilkd.key.nparser.KeYParser$FileContext.accept(KeYParser.java:306)
	at de.uka.ilkd.key.nparser.KeyAst.accept(KeyAst.java:41)
	at de.uka.ilkd.key.nparser.KeyAst$File.getIncludes(KeyAst.java:76)
	at de.uka.ilkd.key.proof.io.KeYFile.readIncludes(KeYFile.java:208)
	... 14 more
Could not find rule file rules/intRulesCheckedSemantics.key (file: /home/runner/work/key/key/key.core/../key.ui/examples/index/../InformationFlow/LoopInvariants/loop.IFLoopExamples(loop.IFLoopExamples__secure_nestedWhile(int)).Non-interference contract.0.key; caused by: de.uka.ilkd.key.proof.init.ProofInputException: Could not find rule file rules/intRulesCheckedSemantics.key)
	at de.uka.ilkd.key.control.AbstractUserInterfaceControl.load(AbstractUserInterfaceControl.java:221)
	at de.uka.ilkd.key.control.KeYEnvironment.load(KeYEnvironment.java:251)
	at de.uka.ilkd.key.control.KeYEnvironment.load(KeYEnvironment.java:224)
	at de.uka.ilkd.key.control.KeYEnvironment.load(KeYEnvironment.java:184)
	at de.uka.ilkd.key.control.KeYEnvironment.load(KeYEnvironment.java:261)
	at de.uka.ilkd.key.proof.runallproofs.proofcollection.TestFile.load(TestFile.java:270)
	at de.uka.ilkd.key.proof.runallproofs.proofcollection.TestFile.runKey(TestFile.java:160)
	at de.uka.ilkd.key.proof.runallproofs.proofcollection.ForkedTestFileRunner.main(ForkedTestFileRunner.java:171)
Caused by: de.uka.ilkd.key.proof.init.ProofInputException: Could not find rule file rules/intRulesCheckedSemantics.key
	at de.uka.ilkd.key.proof.io.KeYFile.readIncludes(KeYFile.java:210)
	at de.uka.ilkd.key.proof.init.ProblemInitializer.readIncludes(ProblemInitializer.java:177)
	at de.uka.ilkd.key.proof.init.ProblemInitializer.readEnvInput(ProblemInitializer.java:325)
	at de.uka.ilkd.key.proof.init.ProblemInitializer.prepare(ProblemInitializer.java:449)
	at de.uka.ilkd.key.proof.io.AbstractProblemLoader.createInitConfig(AbstractProblemLoader.java:518)
	at de.uka.ilkd.key.proof.io.AbstractProblemLoader.loadEnvironment(AbstractProblemLoader.java:288)
	at de.uka.ilkd.key.proof.io.AbstractProblemLoader.load(AbstractProblemLoader.java:252)
	at de.uka.ilkd.key.control.AbstractUserInterfaceControl.load(AbstractUserInterfaceControl.java:209)
	... 7 more
Caused by: java.lang.RuntimeException: Could not find rule file rules/intRulesCheckedSemantics.key
	at de.uka.ilkd.key.proof.io.RuleSourceFactory.fromBuiltInRule(RuleSourceFactory.java:32)
	at de.uka.ilkd.key.proof.io.RuleSourceFactory.fromDefaultLocation(RuleSourceFactory.java:21)
	at de.uka.ilkd.key.nparser.builder.IncludeFinder.addInclude(IncludeFinder.java:63)
	at de.uka.ilkd.key.nparser.builder.IncludeFinder.visitOne_include(IncludeFinder.java:43)
	at de.uka.ilkd.key.nparser.builder.IncludeFinder.visitOne_include(IncludeFinder.java:20)
	at de.uka.ilkd.key.nparser.KeYParser$One_includeContext.accept(KeYParser.java:878)
	at de.uka.ilkd.key.nparser.builder.AbstractBuilder.lambda$mapOf$0(AbstractBuilder.java:112)
	at java.base/java.util.stream.ReferencePipeline$3$1.accept(ReferencePipeline.java:195)
	at java.base/java.util.ArrayList$ArrayListSpliterator.forEachRemaining(ArrayList.java:1655)
	at java.base/java.util.stream.AbstractPipeline.copyInto(AbstractPipeline.java:484)
	at java.base/java.util.stream.AbstractPipeline.wrapAndCopyInto(AbstractPipeline.java:474)
	at java.base/java.util.stream.ReduceOps$ReduceOp.evaluateSequential(ReduceOps.java:913)
	at java.base/java.util.stream.AbstractPipeline.evaluate(AbstractPipeline.java:234)
	at java.base/java.util.stream.ReferencePipeline.collect(ReferencePipeline.java:578)
	at de.uka.ilkd.key.nparser.builder.AbstractBuilder.mapOf(AbstractBuilder.java:112)
	at de.uka.ilkd.key.nparser.builder.IncludeFinder.visitOne_include_statement(IncludeFinder.java:35)
	at de.uka.ilkd.key.nparser.builder.IncludeFinder.visitOne_include_statement(IncludeFinder.java:20)
	at de.uka.ilkd.key.nparser.KeYParser$One_include_statementContext.accept(KeYParser.java:802)
	at org.antlr.v4.runtime.tree.AbstractParseTreeVisitor.visitChildren(AbstractParseTreeVisitor.java:46)
	at de.uka.ilkd.key.nparser.KeYParserBaseVisitor.visitDecls(KeYParserBaseVisitor.java:30)
	at de.uka.ilkd.key.nparser.KeYParser$DeclsContext.accept(KeYParser.java:500)
	at org.antlr.v4.runtime.tree.AbstractParseTreeVisitor.visitChildren(AbstractParseTreeVisitor.java:46)
	at de.uka.ilkd.key.nparser.KeYParserBaseVisitor.visitFile(KeYParserBaseVisitor.java:23)
	at de.uka.ilkd.key.nparser.KeYParser$FileContext.accept(KeYParser.java:306)
	at de.uka.ilkd.key.nparser.KeyAst.accept(KeyAst.java:41)
	at de.uka.ilkd.key.nparser.KeyAst$File.getIncludes(KeyAst.java:76)
	at de.uka.ilkd.key.proof.io.KeYFile.readIncludes(KeYFile.java:208)
	... 14 more
Could not find rule file rules/intRulesCheckedSemantics.key (file: /home/runner/work/key/key/key.core/../key.ui/examples/index/../InformationFlow/LoopInvariants/loop.IFLoopExamples(loop.IFLoopExamples__notSecure_while(int)).Non-interference contract.0.key; caused by: de.uka.ilkd.key.proof.init.ProofInputException: Could not find rule file rules/intRulesCheckedSemantics.key)
	at de.uka.ilkd.key.control.AbstractUserInterfaceControl.load(AbstractUserInterfaceControl.java:221)
	at de.uka.ilkd.key.control.KeYEnvironment.load(KeYEnvironment.java:251)
	at de.uka.ilkd.key.control.KeYEnvironment.load(KeYEnvironment.java:224)
	at de.uka.ilkd.key.control.KeYEnvironment.load(KeYEnvironment.java:184)
	at de.uka.ilkd.key.control.KeYEnvironment.load(KeYEnvironment.java:261)
	at de.uka.ilkd.key.proof.runallproofs.proofcollection.TestFile.load(TestFile.java:270)
	at de.uka.ilkd.key.proof.runallproofs.proofcollection.TestFile.runKey(TestFile.java:160)
	at de.uka.ilkd.key.proof.runallproofs.proofcollection.ForkedTestFileRunner.main(ForkedTestFileRunner.java:171)
Caused by: de.uka.ilkd.key.proof.init.ProofInputException: Could not find rule file rules/intRulesCheckedSemantics.key
	at de.uka.ilkd.key.proof.io.KeYFile.readIncludes(KeYFile.java:210)
	at de.uka.ilkd.key.proof.init.ProblemInitializer.readIncludes(ProblemInitializer.java:177)
	at de.uka.ilkd.key.proof.init.ProblemInitializer.readEnvInput(ProblemInitializer.java:325)
	at de.uka.ilkd.key.proof.init.ProblemInitializer.prepare(ProblemInitializer.java:449)
	at de.uka.ilkd.key.proof.io.AbstractProblemLoader.createInitConfig(AbstractProblemLoader.java:518)
	at de.uka.ilkd.key.proof.io.AbstractProblemLoader.loadEnvironment(AbstractProblemLoader.java:288)
	at de.uka.ilkd.key.proof.io.AbstractProblemLoader.load(AbstractProblemLoader.java:252)
	at de.uka.ilkd.key.control.AbstractUserInterfaceControl.load(AbstractUserInterfaceControl.java:209)
	... 7 more
Caused by: java.lang.RuntimeException: Could not find rule file rules/intRulesCheckedSemantics.key
	at de.uka.ilkd.key.proof.io.RuleSourceFactory.fromBuiltInRule(RuleSourceFactory.java:32)
	at de.uka.ilkd.key.proof.io.RuleSourceFactory.fromDefaultLocation(RuleSourceFactory.java:21)
	at de.uka.ilkd.key.nparser.builder.IncludeFinder.addInclude(IncludeFinder.java:63)
	at de.uka.ilkd.key.nparser.builder.IncludeFinder.visitOne_include(IncludeFinder.java:43)
	at de.uka.ilkd.key.nparser.builder.IncludeFinder.visitOne_include(IncludeFinder.java:20)
	at de.uka.ilkd.key.nparser.KeYParser$One_includeContext.accept(KeYParser.java:878)
	at de.uka.ilkd.key.nparser.builder.AbstractBuilder.lambda$mapOf$0(AbstractBuilder.java:112)
	at java.base/java.util.stream.ReferencePipeline$3$1.accept(ReferencePipeline.java:195)
	at java.base/java.util.ArrayList$ArrayListSpliterator.forEachRemaining(ArrayList.java:1655)
	at java.base/java.util.stream.AbstractPipeline.copyInto(AbstractPipeline.java:484)
	at java.base/java.util.stream.AbstractPipeline.wrapAndCopyInto(AbstractPipeline.java:474)
	at java.base/java.util.stream.ReduceOps$ReduceOp.evaluateSequential(ReduceOps.java:913)
	at java.base/java.util.stream.AbstractPipeline.evaluate(AbstractPipeline.java:234)
	at java.base/java.util.stream.ReferencePipeline.collect(ReferencePipeline.java:578)
	at de.uka.ilkd.key.nparser.builder.AbstractBuilder.mapOf(AbstractBuilder.java:112)
	at de.uka.ilkd.key.nparser.builder.IncludeFinder.visitOne_include_statement(IncludeFinder.java:35)
	at de.uka.ilkd.key.nparser.builder.IncludeFinder.visitOne_include_statement(IncludeFinder.java:20)
	at de.uka.ilkd.key.nparser.KeYParser$One_include_statementContext.accept(KeYParser.java:802)
	at org.antlr.v4.runtime.tree.AbstractParseTreeVisitor.visitChildren(AbstractParseTreeVisitor.java:46)
	at de.uka.ilkd.key.nparser.KeYParserBaseVisitor.visitDecls(KeYParserBaseVisitor.java:30)
	at de.uka.ilkd.key.nparser.KeYParser$DeclsContext.accept(KeYParser.java:500)
	at org.antlr.v4.runtime.tree.AbstractParseTreeVisitor.visitChildren(AbstractParseTreeVisitor.java:46)
	at de.uka.ilkd.key.nparser.KeYParserBaseVisitor.visitFile(KeYParserBaseVisitor.java:23)
	at de.uka.ilkd.key.nparser.KeYParser$FileContext.accept(KeYParser.java:306)
	at de.uka.ilkd.key.nparser.KeyAst.accept(KeyAst.java:41)
	at de.uka.ilkd.key.nparser.KeyAst$File.getIncludes(KeyAst.java:76)
	at de.uka.ilkd.key.proof.io.KeYFile.readIncludes(KeYFile.java:208)
	... 14 more
Could not find rule file rules/intRulesCheckedSemantics.key (file: /home/runner/work/key/key/key.core/../key.ui/examples/index/../InformationFlow/LoopInvariants/loop.IFLoopExamples(loop.IFLoopExamples__notSecure_while_wrongInv(int)).Non-interference contract.0.key; caused by: de.uka.ilkd.key.proof.init.ProofInputException: Could not find rule file rules/intRulesCheckedSemantics.key)
	at de.uka.ilkd.key.control.AbstractUserInterfaceControl.load(AbstractUserInterfaceControl.java:221)
	at de.uka.ilkd.key.control.KeYEnvironment.load(KeYEnvironment.java:251)
	at de.uka.ilkd.key.control.KeYEnvironment.load(KeYEnvironment.java:224)
	at de.uka.ilkd.key.control.KeYEnvironment.load(KeYEnvironment.java:184)
	at de.uka.ilkd.key.control.KeYEnvironment.load(KeYEnvironment.java:261)
	at de.uka.ilkd.key.proof.runallproofs.proofcollection.TestFile.load(TestFile.java:270)
	at de.uka.ilkd.key.proof.runallproofs.proofcollection.TestFile.runKey(TestFile.java:160)
	at de.uka.ilkd.key.proof.runallproofs.proofcollection.ForkedTestFileRunner.main(ForkedTestFileRunner.java:171)
Caused by: de.uka.ilkd.key.proof.init.ProofInputException: Could not find rule file rules/intRulesCheckedSemantics.key
	at de.uka.ilkd.key.proof.io.KeYFile.readIncludes(KeYFile.java:210)
	at de.uka.ilkd.key.proof.init.ProblemInitializer.readIncludes(ProblemInitializer.java:177)
	at de.uka.ilkd.key.proof.init.ProblemInitializer.readEnvInput(ProblemInitializer.java:325)
	at de.uka.ilkd.key.proof.init.ProblemInitializer.prepare(ProblemInitializer.java:449)
	at de.uka.ilkd.key.proof.io.AbstractProblemLoader.createInitConfig(AbstractProblemLoader.java:518)
	at de.uka.ilkd.key.proof.io.AbstractProblemLoader.loadEnvironment(AbstractProblemLoader.java:288)
	at de.uka.ilkd.key.proof.io.AbstractProblemLoader.load(AbstractProblemLoader.java:252)
	at de.uka.ilkd.key.control.AbstractUserInterfaceControl.load(AbstractUserInterfaceControl.java:209)
	... 7 more
Caused by: java.lang.RuntimeException: Could not find rule file rules/intRulesCheckedSemantics.key
	at de.uka.ilkd.key.proof.io.RuleSourceFactory.fromBuiltInRule(RuleSourceFactory.java:32)
	at de.uka.ilkd.key.proof.io.RuleSourceFactory.fromDefaultLocation(RuleSourceFactory.java:21)
	at de.uka.ilkd.key.nparser.builder.IncludeFinder.addInclude(IncludeFinder.java:63)
	at de.uka.ilkd.key.nparser.builder.IncludeFinder.visitOne_include(IncludeFinder.java:43)
	at de.uka.ilkd.key.nparser.builder.IncludeFinder.visitOne_include(IncludeFinder.java:20)
	at de.uka.ilkd.key.nparser.KeYParser$One_includeContext.accept(KeYParser.java:878)
	at de.uka.ilkd.key.nparser.builder.AbstractBuilder.lambda$mapOf$0(AbstractBuilder.java:112)
	at java.base/java.util.stream.ReferencePipeline$3$1.accept(ReferencePipeline.java:195)
	at java.base/java.util.ArrayList$ArrayListSpliterator.forEachRemaining(ArrayList.java:1655)
	at java.base/java.util.stream.AbstractPipeline.copyInto(AbstractPipeline.java:484)
	at java.base/java.util.stream.AbstractPipeline.wrapAndCopyInto(AbstractPipeline.java:474)
	at java.base/java.util.stream.ReduceOps$ReduceOp.evaluateSequential(ReduceOps.java:913)
	at java.base/java.util.stream.AbstractPipeline.evaluate(AbstractPipeline.java:234)
	at java.base/java.util.stream.ReferencePipeline.collect(ReferencePipeline.java:578)
	at de.uka.ilkd.key.nparser.builder.AbstractBuilder.mapOf(AbstractBuilder.java:112)
	at de.uka.ilkd.key.nparser.builder.IncludeFinder.visitOne_include_statement(IncludeFinder.java:35)
	at de.uka.ilkd.key.nparser.builder.IncludeFinder.visitOne_include_statement(IncludeFinder.java:20)
	at de.uka.ilkd.key.nparser.KeYParser$One_include_statementContext.accept(KeYParser.java:802)
	at org.antlr.v4.runtime.tree.AbstractParseTreeVisitor.visitChildren(AbstractParseTreeVisitor.java:46)
	at de.uka.ilkd.key.nparser.KeYParserBaseVisitor.visitDecls(KeYParserBaseVisitor.java:30)
	at de.uka.ilkd.key.nparser.KeYParser$DeclsContext.accept(KeYParser.java:500)
	at org.antlr.v4.runtime.tree.AbstractParseTreeVisitor.visitChildren(AbstractParseTreeVisitor.java:46)
	at de.uka.ilkd.key.nparser.KeYParserBaseVisitor.visitFile(KeYParserBaseVisitor.java:23)
	at de.uka.ilkd.key.nparser.KeYParser$FileContext.accept(KeYParser.java:306)
	at de.uka.ilkd.key.nparser.KeyAst.accept(KeyAst.java:41)
	at de.uka.ilkd.key.nparser.KeyAst$File.getIncludes(KeyAst.java:76)
	at de.uka.ilkd.key.proof.io.KeYFile.readIncludes(KeYFile.java:208)
	... 14 more
Could not find rule file rules/intRulesCheckedSemantics.key (file: /home/runner/work/key/key/key.core/../key.ui/examples/index/../InformationFlow/LoopInvariants/loop.IFLoopExamples(loop.IFLoopExamples__insecure_twoWhile(int)).Non-interference contract.0.key; caused by: de.uka.ilkd.key.proof.init.ProofInputException: Could not find rule file rules/intRulesCheckedSemantics.key)
	at de.uka.ilkd.key.control.AbstractUserInterfaceControl.load(AbstractUserInterfaceControl.java:221)
	at de.uka.ilkd.key.control.KeYEnvironment.load(KeYEnvironment.java:251)
	at de.uka.ilkd.key.control.KeYEnvironment.load(KeYEnvironment.java:224)
	at de.uka.ilkd.key.control.KeYEnvironment.load(KeYEnvironment.java:184)
	at de.uka.ilkd.key.control.KeYEnvironment.load(KeYEnvironment.java:261)
	at de.uka.ilkd.key.proof.runallproofs.proofcollection.TestFile.load(TestFile.java:270)
	at de.uka.ilkd.key.proof.runallproofs.proofcollection.TestFile.runKey(TestFile.java:160)
	at de.uka.ilkd.key.proof.runallproofs.proofcollection.ForkedTestFileRunner.main(ForkedTestFileRunner.java:171)
Caused by: de.uka.ilkd.key.proof.init.ProofInputException: Could not find rule file rules/intRulesCheckedSemantics.key
	at de.uka.ilkd.key.proof.io.KeYFile.readIncludes(KeYFile.java:210)
	at de.uka.ilkd.key.proof.init.ProblemInitializer.readIncludes(ProblemInitializer.java:177)
	at de.uka.ilkd.key.proof.init.ProblemInitializer.readEnvInput(ProblemInitializer.java:325)
	at de.uka.ilkd.key.proof.init.ProblemInitializer.prepare(ProblemInitializer.java:449)
	at de.uka.ilkd.key.proof.io.AbstractProblemLoader.createInitConfig(AbstractProblemLoader.java:518)
	at de.uka.ilkd.key.proof.io.AbstractProblemLoader.loadEnvironment(AbstractProblemLoader.java:288)
	at de.uka.ilkd.key.proof.io.AbstractProblemLoader.load(AbstractProblemLoader.java:252)
	at de.uka.ilkd.key.control.AbstractUserInterfaceControl.load(AbstractUserInterfaceControl.java:209)
	... 7 more
Caused by: java.lang.RuntimeException: Could not find rule file rules/intRulesCheckedSemantics.key
	at de.uka.ilkd.key.proof.io.RuleSourceFactory.fromBuiltInRule(RuleSourceFactory.java:32)
	at de.uka.ilkd.key.proof.io.RuleSourceFactory.fromDefaultLocation(RuleSourceFactory.java:21)
	at de.uka.ilkd.key.nparser.builder.IncludeFinder.addInclude(IncludeFinder.java:63)
	at de.uka.ilkd.key.nparser.builder.IncludeFinder.visitOne_include(IncludeFinder.java:43)
	at de.uka.ilkd.key.nparser.builder.IncludeFinder.visitOne_include(IncludeFinder.java:20)
	at de.uka.ilkd.key.nparser.KeYParser$One_includeContext.accept(KeYParser.java:878)
	at de.uka.ilkd.key.nparser.builder.AbstractBuilder.lambda$mapOf$0(AbstractBuilder.java:112)
	at java.base/java.util.stream.ReferencePipeline$3$1.accept(ReferencePipeline.java:195)
	at java.base/java.util.ArrayList$ArrayListSpliterator.forEachRemaining(ArrayList.java:1655)
	at java.base/java.util.stream.AbstractPipeline.copyInto(AbstractPipeline.java:484)
	at java.base/java.util.stream.AbstractPipeline.wrapAndCopyInto(AbstractPipeline.java:474)
	at java.base/java.util.stream.ReduceOps$ReduceOp.evaluateSequential(ReduceOps.java:913)
	at java.base/java.util.stream.AbstractPipeline.evaluate(AbstractPipeline.java:234)
	at java.base/java.util.stream.ReferencePipeline.collect(ReferencePipeline.java:578)
	at de.uka.ilkd.key.nparser.builder.AbstractBuilder.mapOf(AbstractBuilder.java:112)
	at de.uka.ilkd.key.nparser.builder.IncludeFinder.visitOne_include_statement(IncludeFinder.java:35)
	at de.uka.ilkd.key.nparser.builder.IncludeFinder.visitOne_include_statement(IncludeFinder.java:20)
	at de.uka.ilkd.key.nparser.KeYParser$One_include_statementContext.accept(KeYParser.java:802)
	at org.antlr.v4.runtime.tree.AbstractParseTreeVisitor.visitChildren(AbstractParseTreeVisitor.java:46)
	at de.uka.ilkd.key.nparser.KeYParserBaseVisitor.visitDecls(KeYParserBaseVisitor.java:30)
	at de.uka.ilkd.key.nparser.KeYParser$DeclsContext.accept(KeYParser.java:500)
	at org.antlr.v4.runtime.tree.AbstractParseTreeVisitor.visitChildren(AbstractParseTreeVisitor.java:46)
	at de.uka.ilkd.key.nparser.KeYParserBaseVisitor.visitFile(KeYParserBaseVisitor.java:23)
	at de.uka.ilkd.key.nparser.KeYParser$FileContext.accept(KeYParser.java:306)
	at de.uka.ilkd.key.nparser.KeyAst.accept(KeyAst.java:41)
	at de.uka.ilkd.key.nparser.KeyAst$File.getIncludes(KeyAst.java:76)
	at de.uka.ilkd.key.proof.io.KeYFile.readIncludes(KeYFile.java:208)
	... 14 more
Could not find rule file rules/intRulesCheckedSemantics.key (file: /home/runner/work/key/key/key.core/../key.ui/examples/index/../InformationFlow/LoopInvariants/loop.IFLoopExamples(loop.IFLoopExamples__insecure_twoWhile_2(int)).Non-interference contract.0.key; caused by: de.uka.ilkd.key.proof.init.ProofInputException: Could not find rule file rules/intRulesCheckedSemantics.key)
	at de.uka.ilkd.key.control.AbstractUserInterfaceControl.load(AbstractUserInterfaceControl.java:221)
	at de.uka.ilkd.key.control.KeYEnvironment.load(KeYEnvironment.java:251)
	at de.uka.ilkd.key.control.KeYEnvironment.load(KeYEnvironment.java:224)
	at de.uka.ilkd.key.control.KeYEnvironment.load(KeYEnvironment.java:184)
	at de.uka.ilkd.key.control.KeYEnvironment.load(KeYEnvironment.java:261)
	at de.uka.ilkd.key.proof.runallproofs.proofcollection.TestFile.load(TestFile.java:270)
	at de.uka.ilkd.key.proof.runallproofs.proofcollection.TestFile.runKey(TestFile.java:160)
	at de.uka.ilkd.key.proof.runallproofs.proofcollection.ForkedTestFileRunner.main(ForkedTestFileRunner.java:171)
Caused by: de.uka.ilkd.key.proof.init.ProofInputException: Could not find rule file rules/intRulesCheckedSemantics.key
	at de.uka.ilkd.key.proof.io.KeYFile.readIncludes(KeYFile.java:210)
	at de.uka.ilkd.key.proof.init.ProblemInitializer.readIncludes(ProblemInitializer.java:177)
	at de.uka.ilkd.key.proof.init.ProblemInitializer.readEnvInput(ProblemInitializer.java:325)
	at de.uka.ilkd.key.proof.init.ProblemInitializer.prepare(ProblemInitializer.java:449)
	at de.uka.ilkd.key.proof.io.AbstractProblemLoader.createInitConfig(AbstractProblemLoader.java:518)
	at de.uka.ilkd.key.proof.io.AbstractProblemLoader.loadEnvironment(AbstractProblemLoader.java:288)
	at de.uka.ilkd.key.proof.io.AbstractProblemLoader.load(AbstractProblemLoader.java:252)
	at de.uka.ilkd.key.control.AbstractUserInterfaceControl.load(AbstractUserInterfaceControl.java:209)
	... 7 more
Caused by: java.lang.RuntimeException: Could not find rule file rules/intRulesCheckedSemantics.key
	at de.uka.ilkd.key.proof.io.RuleSourceFactory.fromBuiltInRule(RuleSourceFactory.java:32)
	at de.uka.ilkd.key.proof.io.RuleSourceFactory.fromDefaultLocation(RuleSourceFactory.java:21)
	at de.uka.ilkd.key.nparser.builder.IncludeFinder.addInclude(IncludeFinder.java:63)
	at de.uka.ilkd.key.nparser.builder.IncludeFinder.visitOne_include(IncludeFinder.java:43)
	at de.uka.ilkd.key.nparser.builder.IncludeFinder.visitOne_include(IncludeFinder.java:20)
	at de.uka.ilkd.key.nparser.KeYParser$One_includeContext.accept(KeYParser.java:878)
	at de.uka.ilkd.key.nparser.builder.AbstractBuilder.lambda$mapOf$0(AbstractBuilder.java:112)
	at java.base/java.util.stream.ReferencePipeline$3$1.accept(ReferencePipeline.java:195)
	at java.base/java.util.ArrayList$ArrayListSpliterator.forEachRemaining(ArrayList.java:1655)
	at java.base/java.util.stream.AbstractPipeline.copyInto(AbstractPipeline.java:484)
	at java.base/java.util.stream.AbstractPipeline.wrapAndCopyInto(AbstractPipeline.java:474)
	at java.base/java.util.stream.ReduceOps$ReduceOp.evaluateSequential(ReduceOps.java:913)
	at java.base/java.util.stream.AbstractPipeline.evaluate(AbstractPipeline.java:234)
	at java.base/java.util.stream.ReferencePipeline.collect(ReferencePipeline.java:578)
	at de.uka.ilkd.key.nparser.builder.AbstractBuilder.mapOf(AbstractBuilder.java:112)
	at de.uka.ilkd.key.nparser.builder.IncludeFinder.visitOne_include_statement(IncludeFinder.java:35)
	at de.uka.ilkd.key.nparser.builder.IncludeFinder.visitOne_include_statement(IncludeFinder.java:20)
	at de.uka.ilkd.key.nparser.KeYParser$One_include_statementContext.accept(KeYParser.java:802)
	at org.antlr.v4.runtime.tree.AbstractParseTreeVisitor.visitChildren(AbstractParseTreeVisitor.java:46)
	at de.uka.ilkd.key.nparser.KeYParserBaseVisitor.visitDecls(KeYParserBaseVisitor.java:30)
	at de.uka.ilkd.key.nparser.KeYParser$DeclsContext.accept(KeYParser.java:500)
	at org.antlr.v4.runtime.tree.AbstractParseTreeVisitor.visitChildren(AbstractParseTreeVisitor.java:46)
	at de.uka.ilkd.key.nparser.KeYParserBaseVisitor.visitFile(KeYParserBaseVisitor.java:23)
	at de.uka.ilkd.key.nparser.KeYParser$FileContext.accept(KeYParser.java:306)
	at de.uka.ilkd.key.nparser.KeyAst.accept(KeyAst.java:41)
	at de.uka.ilkd.key.nparser.KeyAst$File.getIncludes(KeyAst.java:76)
	at de.uka.ilkd.key.proof.io.KeYFile.readIncludes(KeYFile.java:208)
	... 14 more
Could not find rule file rules/intRulesCheckedSemantics.key (file: /home/runner/work/key/key/key.core/../key.ui/examples/index/../InformationFlow/LoopInvariants/loop.IFLoopExamples(loop.IFLoopExamples__secure_twoWhile(int)).Non-interference contract.0.key; caused by: de.uka.ilkd.key.proof.init.ProofInputException: Could not find rule file rules/intRulesCheckedSemantics.key)
	at de.uka.ilkd.key.control.AbstractUserInterfaceControl.load(AbstractUserInterfaceControl.java:221)
	at de.uka.ilkd.key.control.KeYEnvironment.load(KeYEnvironment.java:251)
	at de.uka.ilkd.key.control.KeYEnvironment.load(KeYEnvironment.java:224)
	at de.uka.ilkd.key.control.KeYEnvironment.load(KeYEnvironment.java:184)
	at de.uka.ilkd.key.control.KeYEnvironment.load(KeYEnvironment.java:261)
	at de.uka.ilkd.key.proof.runallproofs.proofcollection.TestFile.load(TestFile.java:270)
	at de.uka.ilkd.key.proof.runallproofs.proofcollection.TestFile.runKey(TestFile.java:160)
	at de.uka.ilkd.key.proof.runallproofs.proofcollection.ForkedTestFileRunner.main(ForkedTestFileRunner.java:171)
Caused by: de.uka.ilkd.key.proof.init.ProofInputException: Could not find rule file rules/intRulesCheckedSemantics.key
	at de.uka.ilkd.key.proof.io.KeYFile.readIncludes(KeYFile.java:210)
	at de.uka.ilkd.key.proof.init.ProblemInitializer.readIncludes(ProblemInitializer.java:177)
	at de.uka.ilkd.key.proof.init.ProblemInitializer.readEnvInput(ProblemInitializer.java:325)
	at de.uka.ilkd.key.proof.init.ProblemInitializer.prepare(ProblemInitializer.java:449)
	at de.uka.ilkd.key.proof.io.AbstractProblemLoader.createInitConfig(AbstractProblemLoader.java:518)
	at de.uka.ilkd.key.proof.io.AbstractProblemLoader.loadEnvironment(AbstractProblemLoader.java:288)
	at de.uka.ilkd.key.proof.io.AbstractProblemLoader.load(AbstractProblemLoader.java:252)
	at de.uka.ilkd.key.control.AbstractUserInterfaceControl.load(AbstractUserInterfaceControl.java:209)
	... 7 more
Caused by: java.lang.RuntimeException: Could not find rule file rules/intRulesCheckedSemantics.key
	at de.uka.ilkd.key.proof.io.RuleSourceFactory.fromBuiltInRule(RuleSourceFactory.java:32)
	at de.uka.ilkd.key.proof.io.RuleSourceFactory.fromDefaultLocation(RuleSourceFactory.java:21)
	at de.uka.ilkd.key.nparser.builder.IncludeFinder.addInclude(IncludeFinder.java:63)
	at de.uka.ilkd.key.nparser.builder.IncludeFinder.visitOne_include(IncludeFinder.java:43)
	at de.uka.ilkd.key.nparser.builder.IncludeFinder.visitOne_include(IncludeFinder.java:20)
	at de.uka.ilkd.key.nparser.KeYParser$One_includeContext.accept(KeYParser.java:878)
	at de.uka.ilkd.key.nparser.builder.AbstractBuilder.lambda$mapOf$0(AbstractBuilder.java:112)
	at java.base/java.util.stream.ReferencePipeline$3$1.accept(ReferencePipeline.java:195)
	at java.base/java.util.ArrayList$ArrayListSpliterator.forEachRemaining(ArrayList.java:1655)
	at java.base/java.util.stream.AbstractPipeline.copyInto(AbstractPipeline.java:484)
	at java.base/java.util.stream.AbstractPipeline.wrapAndCopyInto(AbstractPipeline.java:474)
	at java.base/java.util.stream.ReduceOps$ReduceOp.evaluateSequential(ReduceOps.java:913)
	at java.base/java.util.stream.AbstractPipeline.evaluate(AbstractPipeline.java:234)
	at java.base/java.util.stream.ReferencePipeline.collect(ReferencePipeline.java:578)
	at de.uka.ilkd.key.nparser.builder.AbstractBuilder.mapOf(AbstractBuilder.java:112)
	at de.uka.ilkd.key.nparser.builder.IncludeFinder.visitOne_include_statement(IncludeFinder.java:35)
	at de.uka.ilkd.key.nparser.builder.IncludeFinder.visitOne_include_statement(IncludeFinder.java:20)
	at de.uka.ilkd.key.nparser.KeYParser$One_include_statementContext.accept(KeYParser.java:802)
	at org.antlr.v4.runtime.tree.AbstractParseTreeVisitor.visitChildren(AbstractParseTreeVisitor.java:46)
	at de.uka.ilkd.key.nparser.KeYParserBaseVisitor.visitDecls(KeYParserBaseVisitor.java:30)
	at de.uka.ilkd.key.nparser.KeYParser$DeclsContext.accept(KeYParser.java:500)
	at org.antlr.v4.runtime.tree.AbstractParseTreeVisitor.visitChildren(AbstractParseTreeVisitor.java:46)
	at de.uka.ilkd.key.nparser.KeYParserBaseVisitor.visitFile(KeYParserBaseVisitor.java:23)
	at de.uka.ilkd.key.nparser.KeYParser$FileContext.accept(KeYParser.java:306)
	at de.uka.ilkd.key.nparser.KeyAst.accept(KeyAst.java:41)
	at de.uka.ilkd.key.nparser.KeyAst$File.getIncludes(KeyAst.java:76)
	at de.uka.ilkd.key.proof.io.KeYFile.readIncludes(KeYFile.java:208)
	... 14 more
Could not find rule file rules/intRulesCheckedSemantics.key (file: /home/runner/work/key/key/key.core/../key.ui/examples/index/../InformationFlow/LoopInvariants/loop.IFLoopExamples(loop.IFLoopExamples__loc_secure_while(int)).Non-interference contract.0.key; caused by: de.uka.ilkd.key.proof.init.ProofInputException: Could not find rule file rules/intRulesCheckedSemantics.key)
	at de.uka.ilkd.key.control.AbstractUserInterfaceControl.load(AbstractUserInterfaceControl.java:221)
	at de.uka.ilkd.key.control.KeYEnvironment.load(KeYEnvironment.java:251)
	at de.uka.ilkd.key.control.KeYEnvironment.load(KeYEnvironment.java:224)
	at de.uka.ilkd.key.control.KeYEnvironment.load(KeYEnvironment.java:184)
	at de.uka.ilkd.key.control.KeYEnvironment.load(KeYEnvironment.java:261)
	at de.uka.ilkd.key.proof.runallproofs.proofcollection.TestFile.load(TestFile.java:270)
	at de.uka.ilkd.key.proof.runallproofs.proofcollection.TestFile.runKey(TestFile.java:160)
	at de.uka.ilkd.key.proof.runallproofs.proofcollection.ForkedTestFileRunner.main(ForkedTestFileRunner.java:171)
Caused by: de.uka.ilkd.key.proof.init.ProofInputException: Could not find rule file rules/intRulesCheckedSemantics.key
	at de.uka.ilkd.key.proof.io.KeYFile.readIncludes(KeYFile.java:210)
	at de.uka.ilkd.key.proof.init.ProblemInitializer.readIncludes(ProblemInitializer.java:177)
	at de.uka.ilkd.key.proof.init.ProblemInitializer.readEnvInput(ProblemInitializer.java:325)
	at de.uka.ilkd.key.proof.init.ProblemInitializer.prepare(ProblemInitializer.java:449)
	at de.uka.ilkd.key.proof.io.AbstractProblemLoader.createInitConfig(AbstractProblemLoader.java:518)
	at de.uka.ilkd.key.proof.io.AbstractProblemLoader.loadEnvironment(AbstractProblemLoader.java:288)
	at de.uka.ilkd.key.proof.io.AbstractProblemLoader.load(AbstractProblemLoader.java:252)
	at de.uka.ilkd.key.control.AbstractUserInterfaceControl.load(AbstractUserInterfaceControl.java:209)
	... 7 more
Caused by: java.lang.RuntimeException: Could not find rule file rules/intRulesCheckedSemantics.key
	at de.uka.ilkd.key.proof.io.RuleSourceFactory.fromBuiltInRule(RuleSourceFactory.java:32)
	at de.uka.ilkd.key.proof.io.RuleSourceFactory.fromDefaultLocation(RuleSourceFactory.java:21)
	at de.uka.ilkd.key.nparser.builder.IncludeFinder.addInclude(IncludeFinder.java:63)
	at de.uka.ilkd.key.nparser.builder.IncludeFinder.visitOne_include(IncludeFinder.java:43)
	at de.uka.ilkd.key.nparser.builder.IncludeFinder.visitOne_include(IncludeFinder.java:20)
	at de.uka.ilkd.key.nparser.KeYParser$One_includeContext.accept(KeYParser.java:878)
	at de.uka.ilkd.key.nparser.builder.AbstractBuilder.lambda$mapOf$0(AbstractBuilder.java:112)
	at java.base/java.util.stream.ReferencePipeline$3$1.accept(ReferencePipeline.java:195)
	at java.base/java.util.ArrayList$ArrayListSpliterator.forEachRemaining(ArrayList.java:1655)
	at java.base/java.util.stream.AbstractPipeline.copyInto(AbstractPipeline.java:484)
	at java.base/java.util.stream.AbstractPipeline.wrapAndCopyInto(AbstractPipeline.java:474)
	at java.base/java.util.stream.ReduceOps$ReduceOp.evaluateSequential(ReduceOps.java:913)
	at java.base/java.util.stream.AbstractPipeline.evaluate(AbstractPipeline.java:234)
	at java.base/java.util.stream.ReferencePipeline.collect(ReferencePipeline.java:578)
	at de.uka.ilkd.key.nparser.builder.AbstractBuilder.mapOf(AbstractBuilder.java:112)
	at de.uka.ilkd.key.nparser.builder.IncludeFinder.visitOne_include_statement(IncludeFinder.java:35)
	at de.uka.ilkd.key.nparser.builder.IncludeFinder.visitOne_include_statement(IncludeFinder.java:20)
	at de.uka.ilkd.key.nparser.KeYParser$One_include_statementContext.accept(KeYParser.java:802)
	at org.antlr.v4.runtime.tree.AbstractParseTreeVisitor.visitChildren(AbstractParseTreeVisitor.java:46)
	at de.uka.ilkd.key.nparser.KeYParserBaseVisitor.visitDecls(KeYParserBaseVisitor.java:30)
	at de.uka.ilkd.key.nparser.KeYParser$DeclsContext.accept(KeYParser.java:500)
	at org.antlr.v4.runtime.tree.AbstractParseTreeVisitor.visitChildren(AbstractParseTreeVisitor.java:46)
	at de.uka.ilkd.key.nparser.KeYParserBaseVisitor.visitFile(KeYParserBaseVisitor.java:23)
	at de.uka.ilkd.key.nparser.KeYParser$FileContext.accept(KeYParser.java:306)
	at de.uka.ilkd.key.nparser.KeyAst.accept(KeyAst.java:41)
	at de.uka.ilkd.key.nparser.KeyAst$File.getIncludes(KeyAst.java:76)
	at de.uka.ilkd.key.proof.io.KeYFile.readIncludes(KeYFile.java:208)
	... 14 more
Could not find rule file rules/intRulesCheckedSemantics.key (file: /home/runner/work/key/key/key.core/../key.ui/examples/index/../InformationFlow/LoopInvariants/loop.IFLoopExamples(loop.IFLoopExamples__secure_while(int)).Non-interference contract.0.key; caused by: de.uka.ilkd.key.proof.init.ProofInputException: Could not find rule file rules/intRulesCheckedSemantics.key)
	at de.uka.ilkd.key.control.AbstractUserInterfaceControl.load(AbstractUserInterfaceControl.java:221)
	at de.uka.ilkd.key.control.KeYEnvironment.load(KeYEnvironment.java:251)
	at de.uka.ilkd.key.control.KeYEnvironment.load(KeYEnvironment.java:224)
	at de.uka.ilkd.key.control.KeYEnvironment.load(KeYEnvironment.java:184)
	at de.uka.ilkd.key.control.KeYEnvironment.load(KeYEnvironment.java:261)
	at de.uka.ilkd.key.proof.runallproofs.proofcollection.TestFile.load(TestFile.java:270)
	at de.uka.ilkd.key.proof.runallproofs.proofcollection.TestFile.runKey(TestFile.java:160)
	at de.uka.ilkd.key.proof.runallproofs.proofcollection.ForkedTestFileRunner.main(ForkedTestFileRunner.java:171)
Caused by: de.uka.ilkd.key.proof.init.ProofInputException: Could not find rule file rules/intRulesCheckedSemantics.key
	at de.uka.ilkd.key.proof.io.KeYFile.readIncludes(KeYFile.java:210)
	at de.uka.ilkd.key.proof.init.ProblemInitializer.readIncludes(ProblemInitializer.java:177)
	at de.uka.ilkd.key.proof.init.ProblemInitializer.readEnvInput(ProblemInitializer.java:325)
	at de.uka.ilkd.key.proof.init.ProblemInitializer.prepare(ProblemInitializer.java:449)
	at de.uka.ilkd.key.proof.io.AbstractProblemLoader.createInitConfig(AbstractProblemLoader.java:518)
	at de.uka.ilkd.key.proof.io.AbstractProblemLoader.loadEnvironment(AbstractProblemLoader.java:288)
	at de.uka.ilkd.key.proof.io.AbstractProblemLoader.load(AbstractProblemLoader.java:252)
	at de.uka.ilkd.key.control.AbstractUserInterfaceControl.load(AbstractUserInterfaceControl.java:209)
	... 7 more
Caused by: java.lang.RuntimeException: Could not find rule file rules/intRulesCheckedSemantics.key
	at de.uka.ilkd.key.proof.io.RuleSourceFactory.fromBuiltInRule(RuleSourceFactory.java:32)
	at de.uka.ilkd.key.proof.io.RuleSourceFactory.fromDefaultLocation(RuleSourceFactory.java:21)
	at de.uka.ilkd.key.nparser.builder.IncludeFinder.addInclude(IncludeFinder.java:63)
	at de.uka.ilkd.key.nparser.builder.IncludeFinder.visitOne_include(IncludeFinder.java:43)
	at de.uka.ilkd.key.nparser.builder.IncludeFinder.visitOne_include(IncludeFinder.java:20)
	at de.uka.ilkd.key.nparser.KeYParser$One_includeContext.accept(KeYParser.java:878)
	at de.uka.ilkd.key.nparser.builder.AbstractBuilder.lambda$mapOf$0(AbstractBuilder.java:112)
	at java.base/java.util.stream.ReferencePipeline$3$1.accept(ReferencePipeline.java:195)
	at java.base/java.util.ArrayList$ArrayListSpliterator.forEachRemaining(ArrayList.java:1655)
	at java.base/java.util.stream.AbstractPipeline.copyInto(AbstractPipeline.java:484)
	at java.base/java.util.stream.AbstractPipeline.wrapAndCopyInto(AbstractPipeline.java:474)
	at java.base/java.util.stream.ReduceOps$ReduceOp.evaluateSequential(ReduceOps.java:913)
	at java.base/java.util.stream.AbstractPipeline.evaluate(AbstractPipeline.java:234)
	at java.base/java.util.stream.ReferencePipeline.collect(ReferencePipeline.java:578)
	at de.uka.ilkd.key.nparser.builder.AbstractBuilder.mapOf(AbstractBuilder.java:112)
	at de.uka.ilkd.key.nparser.builder.IncludeFinder.visitOne_include_statement(IncludeFinder.java:35)
	at de.uka.ilkd.key.nparser.builder.IncludeFinder.visitOne_include_statement(IncludeFinder.java:20)
	at de.uka.ilkd.key.nparser.KeYParser$One_include_statementContext.accept(KeYParser.java:802)
	at org.antlr.v4.runtime.tree.AbstractParseTreeVisitor.visitChildren(AbstractParseTreeVisitor.java:46)
	at de.uka.ilkd.key.nparser.KeYParserBaseVisitor.visitDecls(KeYParserBaseVisitor.java:30)
	at de.uka.ilkd.key.nparser.KeYParser$DeclsContext.accept(KeYParser.java:500)
	at org.antlr.v4.runtime.tree.AbstractParseTreeVisitor.visitChildren(AbstractParseTreeVisitor.java:46)
	at de.uka.ilkd.key.nparser.KeYParserBaseVisitor.visitFile(KeYParserBaseVisitor.java:23)
	at de.uka.ilkd.key.nparser.KeYParser$FileContext.accept(KeYParser.java:306)
	at de.uka.ilkd.key.nparser.KeyAst.accept(KeyAst.java:41)
	at de.uka.ilkd.key.nparser.KeyAst$File.getIncludes(KeyAst.java:76)
	at de.uka.ilkd.key.proof.io.KeYFile.readIncludes(KeYFile.java:208)
	... 14 more
Could not find rule file rules/intRulesCheckedSemantics.key (file: /home/runner/work/key/key/key.core/../key.ui/examples/index/../InformationFlow/LoopInvariants/loop.IFLoopExamples(loop.IFLoopExamples__print(int)).Non-interference contract.0.key; caused by: de.uka.ilkd.key.proof.init.ProofInputException: Could not find rule file rules/intRulesCheckedSemantics.key)
	at de.uka.ilkd.key.control.AbstractUserInterfaceControl.load(AbstractUserInterfaceControl.java:221)
	at de.uka.ilkd.key.control.KeYEnvironment.load(KeYEnvironment.java:251)
	at de.uka.ilkd.key.control.KeYEnvironment.load(KeYEnvironment.java:224)
	at de.uka.ilkd.key.control.KeYEnvironment.load(KeYEnvironment.java:184)
	at de.uka.ilkd.key.control.KeYEnvironment.load(KeYEnvironment.java:261)
	at de.uka.ilkd.key.proof.runallproofs.proofcollection.TestFile.load(TestFile.java:270)
	at de.uka.ilkd.key.proof.runallproofs.proofcollection.TestFile.runKey(TestFile.java:160)
	at de.uka.ilkd.key.proof.runallproofs.proofcollection.ForkedTestFileRunner.main(ForkedTestFileRunner.java:171)
Caused by: de.uka.ilkd.key.proof.init.ProofInputException: Could not find rule file rules/intRulesCheckedSemantics.key
	at de.uka.ilkd.key.proof.io.KeYFile.readIncludes(KeYFile.java:210)
	at de.uka.ilkd.key.proof.init.ProblemInitializer.readIncludes(ProblemInitializer.java:177)
	at de.uka.ilkd.key.proof.init.ProblemInitializer.readEnvInput(ProblemInitializer.java:325)
	at de.uka.ilkd.key.proof.init.ProblemInitializer.prepare(ProblemInitializer.java:449)
	at de.uka.ilkd.key.proof.io.AbstractProblemLoader.createInitConfig(AbstractProblemLoader.java:518)
	at de.uka.ilkd.key.proof.io.AbstractProblemLoader.loadEnvironment(AbstractProblemLoader.java:288)
	at de.uka.ilkd.key.proof.io.AbstractProblemLoader.load(AbstractProblemLoader.java:252)
	at de.uka.ilkd.key.control.AbstractUserInterfaceControl.load(AbstractUserInterfaceControl.java:209)
	... 7 more
Caused by: java.lang.RuntimeException: Could not find rule file rules/intRulesCheckedSemantics.key
	at de.uka.ilkd.key.proof.io.RuleSourceFactory.fromBuiltInRule(RuleSourceFactory.java:32)
	at de.uka.ilkd.key.proof.io.RuleSourceFactory.fromDefaultLocation(RuleSourceFactory.java:21)
	at de.uka.ilkd.key.nparser.builder.IncludeFinder.addInclude(IncludeFinder.java:63)
	at de.uka.ilkd.key.nparser.builder.IncludeFinder.visitOne_include(IncludeFinder.java:43)
	at de.uka.ilkd.key.nparser.builder.IncludeFinder.visitOne_include(IncludeFinder.java:20)
	at de.uka.ilkd.key.nparser.KeYParser$One_includeContext.accept(KeYParser.java:878)
	at de.uka.ilkd.key.nparser.builder.AbstractBuilder.lambda$mapOf$0(AbstractBuilder.java:112)
	at java.base/java.util.stream.ReferencePipeline$3$1.accept(ReferencePipeline.java:195)
	at java.base/java.util.ArrayList$ArrayListSpliterator.forEachRemaining(ArrayList.java:1655)
	at java.base/java.util.stream.AbstractPipeline.copyInto(AbstractPipeline.java:484)
	at java.base/java.util.stream.AbstractPipeline.wrapAndCopyInto(AbstractPipeline.java:474)
	at java.base/java.util.stream.ReduceOps$ReduceOp.evaluateSequential(ReduceOps.java:913)
	at java.base/java.util.stream.AbstractPipeline.evaluate(AbstractPipeline.java:234)
	at java.base/java.util.stream.ReferencePipeline.collect(ReferencePipeline.java:578)
	at de.uka.ilkd.key.nparser.builder.AbstractBuilder.mapOf(AbstractBuilder.java:112)
	at de.uka.ilkd.key.nparser.builder.IncludeFinder.visitOne_include_statement(IncludeFinder.java:35)
	at de.uka.ilkd.key.nparser.builder.IncludeFinder.visitOne_include_statement(IncludeFinder.java:20)
	at de.uka.ilkd.key.nparser.KeYParser$One_include_statementContext.accept(KeYParser.java:802)
	at org.antlr.v4.runtime.tree.AbstractParseTreeVisitor.visitChildren(AbstractParseTreeVisitor.java:46)
	at de.uka.ilkd.key.nparser.KeYParserBaseVisitor.visitDecls(KeYParserBaseVisitor.java:30)
	at de.uka.ilkd.key.nparser.KeYParser$DeclsContext.accept(KeYParser.java:500)
	at org.antlr.v4.runtime.tree.AbstractParseTreeVisitor.visitChildren(AbstractParseTreeVisitor.java:46)
	at de.uka.ilkd.key.nparser.KeYParserBaseVisitor.visitFile(KeYParserBaseVisitor.java:23)
	at de.uka.ilkd.key.nparser.KeYParser$FileContext.accept(KeYParser.java:306)
	at de.uka.ilkd.key.nparser.KeyAst.accept(KeyAst.java:41)
	at de.uka.ilkd.key.nparser.KeyAst$File.getIncludes(KeyAst.java:76)
	at de.uka.ilkd.key.proof.io.KeYFile.readIncludes(KeYFile.java:208)
	... 14 more
Could not find rule file rules/intRulesCheckedSemantics.key (file: /home/runner/work/key/key/key.core/../key.ui/examples/index/../InformationFlow/LoopInvariants/loop.IFLoopExamples(loop.IFLoopExamples__hammer(int)).Non-interference contract.0.key; caused by: de.uka.ilkd.key.proof.init.ProofInputException: Could not find rule file rules/intRulesCheckedSemantics.key)
	at de.uka.ilkd.key.control.AbstractUserInterfaceControl.load(AbstractUserInterfaceControl.java:221)
	at de.uka.ilkd.key.control.KeYEnvironment.load(KeYEnvironment.java:251)
	at de.uka.ilkd.key.control.KeYEnvironment.load(KeYEnvironment.java:224)
	at de.uka.ilkd.key.control.KeYEnvironment.load(KeYEnvironment.java:184)
	at de.uka.ilkd.key.control.KeYEnvironment.load(KeYEnvironment.java:261)
	at de.uka.ilkd.key.proof.runallproofs.proofcollection.TestFile.load(TestFile.java:270)
	at de.uka.ilkd.key.proof.runallproofs.proofcollection.TestFile.runKey(TestFile.java:160)
	at de.uka.ilkd.key.proof.runallproofs.proofcollection.ForkedTestFileRunner.main(ForkedTestFileRunner.java:171)
Caused by: de.uka.ilkd.key.proof.init.ProofInputException: Could not find rule file rules/intRulesCheckedSemantics.key
	at de.uka.ilkd.key.proof.io.KeYFile.readIncludes(KeYFile.java:210)
	at de.uka.ilkd.key.proof.init.ProblemInitializer.readIncludes(ProblemInitializer.java:177)
	at de.uka.ilkd.key.proof.init.ProblemInitializer.readEnvInput(ProblemInitializer.java:325)
	at de.uka.ilkd.key.proof.init.ProblemInitializer.prepare(ProblemInitializer.java:449)
	at de.uka.ilkd.key.proof.io.AbstractProblemLoader.createInitConfig(AbstractProblemLoader.java:518)
	at de.uka.ilkd.key.proof.io.AbstractProblemLoader.loadEnvironment(AbstractProblemLoader.java:288)
	at de.uka.ilkd.key.proof.io.AbstractProblemLoader.load(AbstractProblemLoader.java:252)
	at de.uka.ilkd.key.control.AbstractUserInterfaceControl.load(AbstractUserInterfaceControl.java:209)
	... 7 more
Caused by: java.lang.RuntimeException: Could not find rule file rules/intRulesCheckedSemantics.key
	at de.uka.ilkd.key.proof.io.RuleSourceFactory.fromBuiltInRule(RuleSourceFactory.java:32)
	at de.uka.ilkd.key.proof.io.RuleSourceFactory.fromDefaultLocation(RuleSourceFactory.java:21)
	at de.uka.ilkd.key.nparser.builder.IncludeFinder.addInclude(IncludeFinder.java:63)
	at de.uka.ilkd.key.nparser.builder.IncludeFinder.visitOne_include(IncludeFinder.java:43)
	at de.uka.ilkd.key.nparser.builder.IncludeFinder.visitOne_include(IncludeFinder.java:20)
	at de.uka.ilkd.key.nparser.KeYParser$One_includeContext.accept(KeYParser.java:878)
	at de.uka.ilkd.key.nparser.builder.AbstractBuilder.lambda$mapOf$0(AbstractBuilder.java:112)
	at java.base/java.util.stream.ReferencePipeline$3$1.accept(ReferencePipeline.java:195)
	at java.base/java.util.ArrayList$ArrayListSpliterator.forEachRemaining(ArrayList.java:1655)
	at java.base/java.util.stream.AbstractPipeline.copyInto(AbstractPipeline.java:484)
	at java.base/java.util.stream.AbstractPipeline.wrapAndCopyInto(AbstractPipeline.java:474)
	at java.base/java.util.stream.ReduceOps$ReduceOp.evaluateSequential(ReduceOps.java:913)
	at java.base/java.util.stream.AbstractPipeline.evaluate(AbstractPipeline.java:234)
	at java.base/java.util.stream.ReferencePipeline.collect(ReferencePipeline.java:578)
	at de.uka.ilkd.key.nparser.builder.AbstractBuilder.mapOf(AbstractBuilder.java:112)
	at de.uka.ilkd.key.nparser.builder.IncludeFinder.visitOne_include_statement(IncludeFinder.java:35)
	at de.uka.ilkd.key.nparser.builder.IncludeFinder.visitOne_include_statement(IncludeFinder.java:20)
	at de.uka.ilkd.key.nparser.KeYParser$One_include_statementContext.accept(KeYParser.java:802)
	at org.antlr.v4.runtime.tree.AbstractParseTreeVisitor.visitChildren(AbstractParseTreeVisitor.java:46)
	at de.uka.ilkd.key.nparser.KeYParserBaseVisitor.visitDecls(KeYParserBaseVisitor.java:30)
	at de.uka.ilkd.key.nparser.KeYParser$DeclsContext.accept(KeYParser.java:500)
	at org.antlr.v4.runtime.tree.AbstractParseTreeVisitor.visitChildren(AbstractParseTreeVisitor.java:46)
	at de.uka.ilkd.key.nparser.KeYParserBaseVisitor.visitFile(KeYParserBaseVisitor.java:23)
	at de.uka.ilkd.key.nparser.KeYParser$FileContext.accept(KeYParser.java:306)
	at de.uka.ilkd.key.nparser.KeyAst.accept(KeyAst.java:41)
	at de.uka.ilkd.key.nparser.KeyAst$File.getIncludes(KeyAst.java:76)
	at de.uka.ilkd.key.proof.io.KeYFile.readIncludes(KeYFile.java:208)
	... 14 more
Exception in thread "main" org.opentest4j.AssertionFailedError: Exception during the execution of proofs. See log for more details.
	at org.junit.jupiter.api.AssertionUtils.fail(AssertionUtils.java:39)
	at org.junit.jupiter.api.Assertions.fail(Assertions.java:134)
	at de.uka.ilkd.key.proof.runallproofs.proofcollection.ForkedTestFileRunner.main(ForkedTestFileRunner.java:192)
Timeout watcher launched (1000 secs.)
Could not find rule file rules/intRulesCheckedSemantics.key (file: /home/runner/work/key/key/key.core/../key.ui/examples/index/../InformationFlow/MiniExamples/mini.AliasingExamples(mini.AliasingExamples__insecure_1(mini.AliasingExamples,mini.AliasingExamples,int)).Non-interference contract.0.key; caused by: de.uka.ilkd.key.proof.init.ProofInputException: Could not find rule file rules/intRulesCheckedSemantics.key)
	at de.uka.ilkd.key.control.AbstractUserInterfaceControl.load(AbstractUserInterfaceControl.java:221)
	at de.uka.ilkd.key.control.KeYEnvironment.load(KeYEnvironment.java:251)
	at de.uka.ilkd.key.control.KeYEnvironment.load(KeYEnvironment.java:224)
	at de.uka.ilkd.key.control.KeYEnvironment.load(KeYEnvironment.java:184)
	at de.uka.ilkd.key.control.KeYEnvironment.load(KeYEnvironment.java:261)
	at de.uka.ilkd.key.proof.runallproofs.proofcollection.TestFile.load(TestFile.java:270)
	at de.uka.ilkd.key.proof.runallproofs.proofcollection.TestFile.runKey(TestFile.java:160)
	at de.uka.ilkd.key.proof.runallproofs.proofcollection.ForkedTestFileRunner.main(ForkedTestFileRunner.java:171)
Caused by: de.uka.ilkd.key.proof.init.ProofInputException: Could not find rule file rules/intRulesCheckedSemantics.key
	at de.uka.ilkd.key.proof.io.KeYFile.readIncludes(KeYFile.java:210)
	at de.uka.ilkd.key.proof.init.ProblemInitializer.readIncludes(ProblemInitializer.java:177)
	at de.uka.ilkd.key.proof.init.ProblemInitializer.readEnvInput(ProblemInitializer.java:325)
	at de.uka.ilkd.key.proof.init.ProblemInitializer.prepare(ProblemInitializer.java:449)
	at de.uka.ilkd.key.proof.io.AbstractProblemLoader.createInitConfig(AbstractProblemLoader.java:518)
	at de.uka.ilkd.key.proof.io.AbstractProblemLoader.loadEnvironment(AbstractProblemLoader.java:288)
	at de.uka.ilkd.key.proof.io.AbstractProblemLoader.load(AbstractProblemLoader.java:252)
	at de.uka.ilkd.key.control.AbstractUserInterfaceControl.load(AbstractUserInterfaceControl.java:209)
	... 7 more
Caused by: java.lang.RuntimeException: Could not find rule file rules/intRulesCheckedSemantics.key
	at de.uka.ilkd.key.proof.io.RuleSourceFactory.fromBuiltInRule(RuleSourceFactory.java:32)
	at de.uka.ilkd.key.proof.io.RuleSourceFactory.fromDefaultLocation(RuleSourceFactory.java:21)
	at de.uka.ilkd.key.nparser.builder.IncludeFinder.addInclude(IncludeFinder.java:63)
	at de.uka.ilkd.key.nparser.builder.IncludeFinder.visitOne_include(IncludeFinder.java:43)
	at de.uka.ilkd.key.nparser.builder.IncludeFinder.visitOne_include(IncludeFinder.java:20)
	at de.uka.ilkd.key.nparser.KeYParser$One_includeContext.accept(KeYParser.java:878)
	at de.uka.ilkd.key.nparser.builder.AbstractBuilder.lambda$mapOf$0(AbstractBuilder.java:112)
	at java.base/java.util.stream.ReferencePipeline$3$1.accept(ReferencePipeline.java:195)
	at java.base/java.util.ArrayList$ArrayListSpliterator.forEachRemaining(ArrayList.java:1655)
	at java.base/java.util.stream.AbstractPipeline.copyInto(AbstractPipeline.java:484)
	at java.base/java.util.stream.AbstractPipeline.wrapAndCopyInto(AbstractPipeline.java:474)
	at java.base/java.util.stream.ReduceOps$ReduceOp.evaluateSequential(ReduceOps.java:913)
	at java.base/java.util.stream.AbstractPipeline.evaluate(AbstractPipeline.java:234)
	at java.base/java.util.stream.ReferencePipeline.collect(ReferencePipeline.java:578)
	at de.uka.ilkd.key.nparser.builder.AbstractBuilder.mapOf(AbstractBuilder.java:112)
	at de.uka.ilkd.key.nparser.builder.IncludeFinder.visitOne_include_statement(IncludeFinder.java:35)
	at de.uka.ilkd.key.nparser.builder.IncludeFinder.visitOne_include_statement(IncludeFinder.java:20)
	at de.uka.ilkd.key.nparser.KeYParser$One_include_statementContext.accept(KeYParser.java:802)
	at org.antlr.v4.runtime.tree.AbstractParseTreeVisitor.visitChildren(AbstractParseTreeVisitor.java:46)
	at de.uka.ilkd.key.nparser.KeYParserBaseVisitor.visitDecls(KeYParserBaseVisitor.java:30)
	at de.uka.ilkd.key.nparser.KeYParser$DeclsContext.accept(KeYParser.java:500)
	at org.antlr.v4.runtime.tree.AbstractParseTreeVisitor.visitChildren(AbstractParseTreeVisitor.java:46)
	at de.uka.ilkd.key.nparser.KeYParserBaseVisitor.visitFile(KeYParserBaseVisitor.java:23)
	at de.uka.ilkd.key.nparser.KeYParser$FileContext.accept(KeYParser.java:306)
	at de.uka.ilkd.key.nparser.KeyAst.accept(KeyAst.java:41)
	at de.uka.ilkd.key.nparser.KeyAst$File.getIncludes(KeyAst.java:76)
	at de.uka.ilkd.key.proof.io.KeYFile.readIncludes(KeYFile.java:208)
	... 14 more
Could not find rule file rules/intRulesCheckedSemantics.key (file: /home/runner/work/key/key/key.core/../key.ui/examples/index/../InformationFlow/MiniExamples/mini.AliasingExamples(mini.AliasingExamples__secure_1(mini.AliasingExamples,mini.AliasingExamples,int)).Non-interference contract.0.key; caused by: de.uka.ilkd.key.proof.init.ProofInputException: Could not find rule file rules/intRulesCheckedSemantics.key)
	at de.uka.ilkd.key.control.AbstractUserInterfaceControl.load(AbstractUserInterfaceControl.java:221)
	at de.uka.ilkd.key.control.KeYEnvironment.load(KeYEnvironment.java:251)
	at de.uka.ilkd.key.control.KeYEnvironment.load(KeYEnvironment.java:224)
	at de.uka.ilkd.key.control.KeYEnvironment.load(KeYEnvironment.java:184)
	at de.uka.ilkd.key.control.KeYEnvironment.load(KeYEnvironment.java:261)
	at de.uka.ilkd.key.proof.runallproofs.proofcollection.TestFile.load(TestFile.java:270)
	at de.uka.ilkd.key.proof.runallproofs.proofcollection.TestFile.runKey(TestFile.java:160)
	at de.uka.ilkd.key.proof.runallproofs.proofcollection.ForkedTestFileRunner.main(ForkedTestFileRunner.java:171)
Caused by: de.uka.ilkd.key.proof.init.ProofInputException: Could not find rule file rules/intRulesCheckedSemantics.key
	at de.uka.ilkd.key.proof.io.KeYFile.readIncludes(KeYFile.java:210)
	at de.uka.ilkd.key.proof.init.ProblemInitializer.readIncludes(ProblemInitializer.java:177)
	at de.uka.ilkd.key.proof.init.ProblemInitializer.readEnvInput(ProblemInitializer.java:325)
	at de.uka.ilkd.key.proof.init.ProblemInitializer.prepare(ProblemInitializer.java:449)
	at de.uka.ilkd.key.proof.io.AbstractProblemLoader.createInitConfig(AbstractProblemLoader.java:518)
	at de.uka.ilkd.key.proof.io.AbstractProblemLoader.loadEnvironment(AbstractProblemLoader.java:288)
	at de.uka.ilkd.key.proof.io.AbstractProblemLoader.load(AbstractProblemLoader.java:252)
	at de.uka.ilkd.key.control.AbstractUserInterfaceControl.load(AbstractUserInterfaceControl.java:209)
	... 7 more
Caused by: java.lang.RuntimeException: Could not find rule file rules/intRulesCheckedSemantics.key
	at de.uka.ilkd.key.proof.io.RuleSourceFactory.fromBuiltInRule(RuleSourceFactory.java:32)
	at de.uka.ilkd.key.proof.io.RuleSourceFactory.fromDefaultLocation(RuleSourceFactory.java:21)
	at de.uka.ilkd.key.nparser.builder.IncludeFinder.addInclude(IncludeFinder.java:63)
	at de.uka.ilkd.key.nparser.builder.IncludeFinder.visitOne_include(IncludeFinder.java:43)
	at de.uka.ilkd.key.nparser.builder.IncludeFinder.visitOne_include(IncludeFinder.java:20)
	at de.uka.ilkd.key.nparser.KeYParser$One_includeContext.accept(KeYParser.java:878)
	at de.uka.ilkd.key.nparser.builder.AbstractBuilder.lambda$mapOf$0(AbstractBuilder.java:112)
	at java.base/java.util.stream.ReferencePipeline$3$1.accept(ReferencePipeline.java:195)
	at java.base/java.util.ArrayList$ArrayListSpliterator.forEachRemaining(ArrayList.java:1655)
	at java.base/java.util.stream.AbstractPipeline.copyInto(AbstractPipeline.java:484)
	at java.base/java.util.stream.AbstractPipeline.wrapAndCopyInto(AbstractPipeline.java:474)
	at java.base/java.util.stream.ReduceOps$ReduceOp.evaluateSequential(ReduceOps.java:913)
	at java.base/java.util.stream.AbstractPipeline.evaluate(AbstractPipeline.java:234)
	at java.base/java.util.stream.ReferencePipeline.collect(ReferencePipeline.java:578)
	at de.uka.ilkd.key.nparser.builder.AbstractBuilder.mapOf(AbstractBuilder.java:112)
	at de.uka.ilkd.key.nparser.builder.IncludeFinder.visitOne_include_statement(IncludeFinder.java:35)
	at de.uka.ilkd.key.nparser.builder.IncludeFinder.visitOne_include_statement(IncludeFinder.java:20)
	at de.uka.ilkd.key.nparser.KeYParser$One_include_statementContext.accept(KeYParser.java:802)
	at org.antlr.v4.runtime.tree.AbstractParseTreeVisitor.visitChildren(AbstractParseTreeVisitor.java:46)
	at de.uka.ilkd.key.nparser.KeYParserBaseVisitor.visitDecls(KeYParserBaseVisitor.java:30)
	at de.uka.ilkd.key.nparser.KeYParser$DeclsContext.accept(KeYParser.java:500)
	at org.antlr.v4.runtime.tree.AbstractParseTreeVisitor.visitChildren(AbstractParseTreeVisitor.java:46)
	at de.uka.ilkd.key.nparser.KeYParserBaseVisitor.visitFile(KeYParserBaseVisitor.java:23)
	at de.uka.ilkd.key.nparser.KeYParser$FileContext.accept(KeYParser.java:306)
	at de.uka.ilkd.key.nparser.KeyAst.accept(KeyAst.java:41)
	at de.uka.ilkd.key.nparser.KeyAst$File.getIncludes(KeyAst.java:76)
	at de.uka.ilkd.key.proof.io.KeYFile.readIncludes(KeYFile.java:208)
	... 14 more
Could not find rule file rules/intRulesCheckedSemantics.key (file: /home/runner/work/key/key/key.core/../key.ui/examples/index/../InformationFlow/MiniExamples/mini.MiniExamplesLecture(mini.MiniExamplesLecture__m_6()).Non-interference contract.0.key; caused by: de.uka.ilkd.key.proof.init.ProofInputException: Could not find rule file rules/intRulesCheckedSemantics.key)
	at de.uka.ilkd.key.control.AbstractUserInterfaceControl.load(AbstractUserInterfaceControl.java:221)
	at de.uka.ilkd.key.control.KeYEnvironment.load(KeYEnvironment.java:251)
	at de.uka.ilkd.key.control.KeYEnvironment.load(KeYEnvironment.java:224)
	at de.uka.ilkd.key.control.KeYEnvironment.load(KeYEnvironment.java:184)
	at de.uka.ilkd.key.control.KeYEnvironment.load(KeYEnvironment.java:261)
	at de.uka.ilkd.key.proof.runallproofs.proofcollection.TestFile.load(TestFile.java:270)
	at de.uka.ilkd.key.proof.runallproofs.proofcollection.TestFile.runKey(TestFile.java:160)
	at de.uka.ilkd.key.proof.runallproofs.proofcollection.ForkedTestFileRunner.main(ForkedTestFileRunner.java:171)
Caused by: de.uka.ilkd.key.proof.init.ProofInputException: Could not find rule file rules/intRulesCheckedSemantics.key
	at de.uka.ilkd.key.proof.io.KeYFile.readIncludes(KeYFile.java:210)
	at de.uka.ilkd.key.proof.init.ProblemInitializer.readIncludes(ProblemInitializer.java:177)
	at de.uka.ilkd.key.proof.init.ProblemInitializer.readEnvInput(ProblemInitializer.java:325)
	at de.uka.ilkd.key.proof.init.ProblemInitializer.prepare(ProblemInitializer.java:449)
	at de.uka.ilkd.key.proof.io.AbstractProblemLoader.createInitConfig(AbstractProblemLoader.java:518)
	at de.uka.ilkd.key.proof.io.AbstractProblemLoader.loadEnvironment(AbstractProblemLoader.java:288)
	at de.uka.ilkd.key.proof.io.AbstractProblemLoader.load(AbstractProblemLoader.java:252)
	at de.uka.ilkd.key.control.AbstractUserInterfaceControl.load(AbstractUserInterfaceControl.java:209)
	... 7 more
Caused by: java.lang.RuntimeException: Could not find rule file rules/intRulesCheckedSemantics.key
	at de.uka.ilkd.key.proof.io.RuleSourceFactory.fromBuiltInRule(RuleSourceFactory.java:32)
	at de.uka.ilkd.key.proof.io.RuleSourceFactory.fromDefaultLocation(RuleSourceFactory.java:21)
	at de.uka.ilkd.key.nparser.builder.IncludeFinder.addInclude(IncludeFinder.java:63)
	at de.uka.ilkd.key.nparser.builder.IncludeFinder.visitOne_include(IncludeFinder.java:43)
	at de.uka.ilkd.key.nparser.builder.IncludeFinder.visitOne_include(IncludeFinder.java:20)
	at de.uka.ilkd.key.nparser.KeYParser$One_includeContext.accept(KeYParser.java:878)
	at de.uka.ilkd.key.nparser.builder.AbstractBuilder.lambda$mapOf$0(AbstractBuilder.java:112)
	at java.base/java.util.stream.ReferencePipeline$3$1.accept(ReferencePipeline.java:195)
	at java.base/java.util.ArrayList$ArrayListSpliterator.forEachRemaining(ArrayList.java:1655)
	at java.base/java.util.stream.AbstractPipeline.copyInto(AbstractPipeline.java:484)
	at java.base/java.util.stream.AbstractPipeline.wrapAndCopyInto(AbstractPipeline.java:474)
	at java.base/java.util.stream.ReduceOps$ReduceOp.evaluateSequential(ReduceOps.java:913)
	at java.base/java.util.stream.AbstractPipeline.evaluate(AbstractPipeline.java:234)
	at java.base/java.util.stream.ReferencePipeline.collect(ReferencePipeline.java:578)
	at de.uka.ilkd.key.nparser.builder.AbstractBuilder.mapOf(AbstractBuilder.java:112)
	at de.uka.ilkd.key.nparser.builder.IncludeFinder.visitOne_include_statement(IncludeFinder.java:35)
	at de.uka.ilkd.key.nparser.builder.IncludeFinder.visitOne_include_statement(IncludeFinder.java:20)
	at de.uka.ilkd.key.nparser.KeYParser$One_include_statementContext.accept(KeYParser.java:802)
	at org.antlr.v4.runtime.tree.AbstractParseTreeVisitor.visitChildren(AbstractParseTreeVisitor.java:46)
	at de.uka.ilkd.key.nparser.KeYParserBaseVisitor.visitDecls(KeYParserBaseVisitor.java:30)
	at de.uka.ilkd.key.nparser.KeYParser$DeclsContext.accept(KeYParser.java:500)
	at org.antlr.v4.runtime.tree.AbstractParseTreeVisitor.visitChildren(AbstractParseTreeVisitor.java:46)
	at de.uka.ilkd.key.nparser.KeYParserBaseVisitor.visitFile(KeYParserBaseVisitor.java:23)
	at de.uka.ilkd.key.nparser.KeYParser$FileContext.accept(KeYParser.java:306)
	at de.uka.ilkd.key.nparser.KeyAst.accept(KeyAst.java:41)
	at de.uka.ilkd.key.nparser.KeyAst$File.getIncludes(KeyAst.java:76)
	at de.uka.ilkd.key.proof.io.KeYFile.readIncludes(KeYFile.java:208)
	... 14 more
Could not find rule file rules/intRulesCheckedSemantics.key (file: /home/runner/work/key/key/key.core/../key.ui/examples/index/../InformationFlow/MiniExamples/mini.MiniExamplesLecture(mini.MiniExamplesLecture__m_5()).Non-interference contract.0.key; caused by: de.uka.ilkd.key.proof.init.ProofInputException: Could not find rule file rules/intRulesCheckedSemantics.key)
	at de.uka.ilkd.key.control.AbstractUserInterfaceControl.load(AbstractUserInterfaceControl.java:221)
	at de.uka.ilkd.key.control.KeYEnvironment.load(KeYEnvironment.java:251)
	at de.uka.ilkd.key.control.KeYEnvironment.load(KeYEnvironment.java:224)
	at de.uka.ilkd.key.control.KeYEnvironment.load(KeYEnvironment.java:184)
	at de.uka.ilkd.key.control.KeYEnvironment.load(KeYEnvironment.java:261)
	at de.uka.ilkd.key.proof.runallproofs.proofcollection.TestFile.load(TestFile.java:270)
	at de.uka.ilkd.key.proof.runallproofs.proofcollection.TestFile.runKey(TestFile.java:160)
	at de.uka.ilkd.key.proof.runallproofs.proofcollection.ForkedTestFileRunner.main(ForkedTestFileRunner.java:171)
Caused by: de.uka.ilkd.key.proof.init.ProofInputException: Could not find rule file rules/intRulesCheckedSemantics.key
	at de.uka.ilkd.key.proof.io.KeYFile.readIncludes(KeYFile.java:210)
	at de.uka.ilkd.key.proof.init.ProblemInitializer.readIncludes(ProblemInitializer.java:177)
	at de.uka.ilkd.key.proof.init.ProblemInitializer.readEnvInput(ProblemInitializer.java:325)
	at de.uka.ilkd.key.proof.init.ProblemInitializer.prepare(ProblemInitializer.java:449)
	at de.uka.ilkd.key.proof.io.AbstractProblemLoader.createInitConfig(AbstractProblemLoader.java:518)
	at de.uka.ilkd.key.proof.io.AbstractProblemLoader.loadEnvironment(AbstractProblemLoader.java:288)
	at de.uka.ilkd.key.proof.io.AbstractProblemLoader.load(AbstractProblemLoader.java:252)
	at de.uka.ilkd.key.control.AbstractUserInterfaceControl.load(AbstractUserInterfaceControl.java:209)
	... 7 more
Caused by: java.lang.RuntimeException: Could not find rule file rules/intRulesCheckedSemantics.key
	at de.uka.ilkd.key.proof.io.RuleSourceFactory.fromBuiltInRule(RuleSourceFactory.java:32)
	at de.uka.ilkd.key.proof.io.RuleSourceFactory.fromDefaultLocation(RuleSourceFactory.java:21)
	at de.uka.ilkd.key.nparser.builder.IncludeFinder.addInclude(IncludeFinder.java:63)
	at de.uka.ilkd.key.nparser.builder.IncludeFinder.visitOne_include(IncludeFinder.java:43)
	at de.uka.ilkd.key.nparser.builder.IncludeFinder.visitOne_include(IncludeFinder.java:20)
	at de.uka.ilkd.key.nparser.KeYParser$One_includeContext.accept(KeYParser.java:878)
	at de.uka.ilkd.key.nparser.builder.AbstractBuilder.lambda$mapOf$0(AbstractBuilder.java:112)
	at java.base/java.util.stream.ReferencePipeline$3$1.accept(ReferencePipeline.java:195)
	at java.base/java.util.ArrayList$ArrayListSpliterator.forEachRemaining(ArrayList.java:1655)
	at java.base/java.util.stream.AbstractPipeline.copyInto(AbstractPipeline.java:484)
	at java.base/java.util.stream.AbstractPipeline.wrapAndCopyInto(AbstractPipeline.java:474)
	at java.base/java.util.stream.ReduceOps$ReduceOp.evaluateSequential(ReduceOps.java:913)
	at java.base/java.util.stream.AbstractPipeline.evaluate(AbstractPipeline.java:234)
	at java.base/java.util.stream.ReferencePipeline.collect(ReferencePipeline.java:578)
	at de.uka.ilkd.key.nparser.builder.AbstractBuilder.mapOf(AbstractBuilder.java:112)
	at de.uka.ilkd.key.nparser.builder.IncludeFinder.visitOne_include_statement(IncludeFinder.java:35)
	at de.uka.ilkd.key.nparser.builder.IncludeFinder.visitOne_include_statement(IncludeFinder.java:20)
	at de.uka.ilkd.key.nparser.KeYParser$One_include_statementContext.accept(KeYParser.java:802)
	at org.antlr.v4.runtime.tree.AbstractParseTreeVisitor.visitChildren(AbstractParseTreeVisitor.java:46)
	at de.uka.ilkd.key.nparser.KeYParserBaseVisitor.visitDecls(KeYParserBaseVisitor.java:30)
	at de.uka.ilkd.key.nparser.KeYParser$DeclsContext.accept(KeYParser.java:500)
	at org.antlr.v4.runtime.tree.AbstractParseTreeVisitor.visitChildren(AbstractParseTreeVisitor.java:46)
	at de.uka.ilkd.key.nparser.KeYParserBaseVisitor.visitFile(KeYParserBaseVisitor.java:23)
	at de.uka.ilkd.key.nparser.KeYParser$FileContext.accept(KeYParser.java:306)
	at de.uka.ilkd.key.nparser.KeyAst.accept(KeyAst.java:41)
	at de.uka.ilkd.key.nparser.KeyAst$File.getIncludes(KeyAst.java:76)
	at de.uka.ilkd.key.proof.io.KeYFile.readIncludes(KeYFile.java:208)
	... 14 more
Could not find rule file rules/intRulesCheckedSemantics.key (file: /home/runner/work/key/key/key.core/../key.ui/examples/index/../InformationFlow/MiniExamples/mini.MiniExamplesLecture(mini.MiniExamplesLecture__m_4()).Non-interference contract.0.key; caused by: de.uka.ilkd.key.proof.init.ProofInputException: Could not find rule file rules/intRulesCheckedSemantics.key)
	at de.uka.ilkd.key.control.AbstractUserInterfaceControl.load(AbstractUserInterfaceControl.java:221)
	at de.uka.ilkd.key.control.KeYEnvironment.load(KeYEnvironment.java:251)
	at de.uka.ilkd.key.control.KeYEnvironment.load(KeYEnvironment.java:224)
	at de.uka.ilkd.key.control.KeYEnvironment.load(KeYEnvironment.java:184)
	at de.uka.ilkd.key.control.KeYEnvironment.load(KeYEnvironment.java:261)
	at de.uka.ilkd.key.proof.runallproofs.proofcollection.TestFile.load(TestFile.java:270)
	at de.uka.ilkd.key.proof.runallproofs.proofcollection.TestFile.runKey(TestFile.java:160)
	at de.uka.ilkd.key.proof.runallproofs.proofcollection.ForkedTestFileRunner.main(ForkedTestFileRunner.java:171)
Caused by: de.uka.ilkd.key.proof.init.ProofInputException: Could not find rule file rules/intRulesCheckedSemantics.key
	at de.uka.ilkd.key.proof.io.KeYFile.readIncludes(KeYFile.java:210)
	at de.uka.ilkd.key.proof.init.ProblemInitializer.readIncludes(ProblemInitializer.java:177)
	at de.uka.ilkd.key.proof.init.ProblemInitializer.readEnvInput(ProblemInitializer.java:325)
	at de.uka.ilkd.key.proof.init.ProblemInitializer.prepare(ProblemInitializer.java:449)
	at de.uka.ilkd.key.proof.io.AbstractProblemLoader.createInitConfig(AbstractProblemLoader.java:518)
	at de.uka.ilkd.key.proof.io.AbstractProblemLoader.loadEnvironment(AbstractProblemLoader.java:288)
	at de.uka.ilkd.key.proof.io.AbstractProblemLoader.load(AbstractProblemLoader.java:252)
	at de.uka.ilkd.key.control.AbstractUserInterfaceControl.load(AbstractUserInterfaceControl.java:209)
	... 7 more
Caused by: java.lang.RuntimeException: Could not find rule file rules/intRulesCheckedSemantics.key
	at de.uka.ilkd.key.proof.io.RuleSourceFactory.fromBuiltInRule(RuleSourceFactory.java:32)
	at de.uka.ilkd.key.proof.io.RuleSourceFactory.fromDefaultLocation(RuleSourceFactory.java:21)
	at de.uka.ilkd.key.nparser.builder.IncludeFinder.addInclude(IncludeFinder.java:63)
	at de.uka.ilkd.key.nparser.builder.IncludeFinder.visitOne_include(IncludeFinder.java:43)
	at de.uka.ilkd.key.nparser.builder.IncludeFinder.visitOne_include(IncludeFinder.java:20)
	at de.uka.ilkd.key.nparser.KeYParser$One_includeContext.accept(KeYParser.java:878)
	at de.uka.ilkd.key.nparser.builder.AbstractBuilder.lambda$mapOf$0(AbstractBuilder.java:112)
	at java.base/java.util.stream.ReferencePipeline$3$1.accept(ReferencePipeline.java:195)
	at java.base/java.util.ArrayList$ArrayListSpliterator.forEachRemaining(ArrayList.java:1655)
	at java.base/java.util.stream.AbstractPipeline.copyInto(AbstractPipeline.java:484)
	at java.base/java.util.stream.AbstractPipeline.wrapAndCopyInto(AbstractPipeline.java:474)
	at java.base/java.util.stream.ReduceOps$ReduceOp.evaluateSequential(ReduceOps.java:913)
	at java.base/java.util.stream.AbstractPipeline.evaluate(AbstractPipeline.java:234)
	at java.base/java.util.stream.ReferencePipeline.collect(ReferencePipeline.java:578)
	at de.uka.ilkd.key.nparser.builder.AbstractBuilder.mapOf(AbstractBuilder.java:112)
	at de.uka.ilkd.key.nparser.builder.IncludeFinder.visitOne_include_statement(IncludeFinder.java:35)
	at de.uka.ilkd.key.nparser.builder.IncludeFinder.visitOne_include_statement(IncludeFinder.java:20)
	at de.uka.ilkd.key.nparser.KeYParser$One_include_statementContext.accept(KeYParser.java:802)
	at org.antlr.v4.runtime.tree.AbstractParseTreeVisitor.visitChildren(AbstractParseTreeVisitor.java:46)
	at de.uka.ilkd.key.nparser.KeYParserBaseVisitor.visitDecls(KeYParserBaseVisitor.java:30)
	at de.uka.ilkd.key.nparser.KeYParser$DeclsContext.accept(KeYParser.java:500)
	at org.antlr.v4.runtime.tree.AbstractParseTreeVisitor.visitChildren(AbstractParseTreeVisitor.java:46)
	at de.uka.ilkd.key.nparser.KeYParserBaseVisitor.visitFile(KeYParserBaseVisitor.java:23)
	at de.uka.ilkd.key.nparser.KeYParser$FileContext.accept(KeYParser.java:306)
	at de.uka.ilkd.key.nparser.KeyAst.accept(KeyAst.java:41)
	at de.uka.ilkd.key.nparser.KeyAst$File.getIncludes(KeyAst.java:76)
	at de.uka.ilkd.key.proof.io.KeYFile.readIncludes(KeYFile.java:208)
	... 14 more
Could not find rule file rules/intRulesCheckedSemantics.key (file: /home/runner/work/key/key/key.core/../key.ui/examples/index/../InformationFlow/MiniExamples/mini.MiniExamplesLecture(mini.MiniExamplesLecture__m_3()).Non-interference contract.0.key; caused by: de.uka.ilkd.key.proof.init.ProofInputException: Could not find rule file rules/intRulesCheckedSemantics.key)
	at de.uka.ilkd.key.control.AbstractUserInterfaceControl.load(AbstractUserInterfaceControl.java:221)
	at de.uka.ilkd.key.control.KeYEnvironment.load(KeYEnvironment.java:251)
	at de.uka.ilkd.key.control.KeYEnvironment.load(KeYEnvironment.java:224)
	at de.uka.ilkd.key.control.KeYEnvironment.load(KeYEnvironment.java:184)
	at de.uka.ilkd.key.control.KeYEnvironment.load(KeYEnvironment.java:261)
	at de.uka.ilkd.key.proof.runallproofs.proofcollection.TestFile.load(TestFile.java:270)
	at de.uka.ilkd.key.proof.runallproofs.proofcollection.TestFile.runKey(TestFile.java:160)
	at de.uka.ilkd.key.proof.runallproofs.proofcollection.ForkedTestFileRunner.main(ForkedTestFileRunner.java:171)
Caused by: de.uka.ilkd.key.proof.init.ProofInputException: Could not find rule file rules/intRulesCheckedSemantics.key
	at de.uka.ilkd.key.proof.io.KeYFile.readIncludes(KeYFile.java:210)
	at de.uka.ilkd.key.proof.init.ProblemInitializer.readIncludes(ProblemInitializer.java:177)
	at de.uka.ilkd.key.proof.init.ProblemInitializer.readEnvInput(ProblemInitializer.java:325)
	at de.uka.ilkd.key.proof.init.ProblemInitializer.prepare(ProblemInitializer.java:449)
	at de.uka.ilkd.key.proof.io.AbstractProblemLoader.createInitConfig(AbstractProblemLoader.java:518)
	at de.uka.ilkd.key.proof.io.AbstractProblemLoader.loadEnvironment(AbstractProblemLoader.java:288)
	at de.uka.ilkd.key.proof.io.AbstractProblemLoader.load(AbstractProblemLoader.java:252)
	at de.uka.ilkd.key.control.AbstractUserInterfaceControl.load(AbstractUserInterfaceControl.java:209)
	... 7 more
Caused by: java.lang.RuntimeException: Could not find rule file rules/intRulesCheckedSemantics.key
	at de.uka.ilkd.key.proof.io.RuleSourceFactory.fromBuiltInRule(RuleSourceFactory.java:32)
	at de.uka.ilkd.key.proof.io.RuleSourceFactory.fromDefaultLocation(RuleSourceFactory.java:21)
	at de.uka.ilkd.key.nparser.builder.IncludeFinder.addInclude(IncludeFinder.java:63)
	at de.uka.ilkd.key.nparser.builder.IncludeFinder.visitOne_include(IncludeFinder.java:43)
	at de.uka.ilkd.key.nparser.builder.IncludeFinder.visitOne_include(IncludeFinder.java:20)
	at de.uka.ilkd.key.nparser.KeYParser$One_includeContext.accept(KeYParser.java:878)
	at de.uka.ilkd.key.nparser.builder.AbstractBuilder.lambda$mapOf$0(AbstractBuilder.java:112)
	at java.base/java.util.stream.ReferencePipeline$3$1.accept(ReferencePipeline.java:195)
	at java.base/java.util.ArrayList$ArrayListSpliterator.forEachRemaining(ArrayList.java:1655)
	at java.base/java.util.stream.AbstractPipeline.copyInto(AbstractPipeline.java:484)
	at java.base/java.util.stream.AbstractPipeline.wrapAndCopyInto(AbstractPipeline.java:474)
	at java.base/java.util.stream.ReduceOps$ReduceOp.evaluateSequential(ReduceOps.java:913)
	at java.base/java.util.stream.AbstractPipeline.evaluate(AbstractPipeline.java:234)
	at java.base/java.util.stream.ReferencePipeline.collect(ReferencePipeline.java:578)
	at de.uka.ilkd.key.nparser.builder.AbstractBuilder.mapOf(AbstractBuilder.java:112)
	at de.uka.ilkd.key.nparser.builder.IncludeFinder.visitOne_include_statement(IncludeFinder.java:35)
	at de.uka.ilkd.key.nparser.builder.IncludeFinder.visitOne_include_statement(IncludeFinder.java:20)
	at de.uka.ilkd.key.nparser.KeYParser$One_include_statementContext.accept(KeYParser.java:802)
	at org.antlr.v4.runtime.tree.AbstractParseTreeVisitor.visitChildren(AbstractParseTreeVisitor.java:46)
	at de.uka.ilkd.key.nparser.KeYParserBaseVisitor.visitDecls(KeYParserBaseVisitor.java:30)
	at de.uka.ilkd.key.nparser.KeYParser$DeclsContext.accept(KeYParser.java:500)
	at org.antlr.v4.runtime.tree.AbstractParseTreeVisitor.visitChildren(AbstractParseTreeVisitor.java:46)
	at de.uka.ilkd.key.nparser.KeYParserBaseVisitor.visitFile(KeYParserBaseVisitor.java:23)
	at de.uka.ilkd.key.nparser.KeYParser$FileContext.accept(KeYParser.java:306)
	at de.uka.ilkd.key.nparser.KeyAst.accept(KeyAst.java:41)
	at de.uka.ilkd.key.nparser.KeyAst$File.getIncludes(KeyAst.java:76)
	at de.uka.ilkd.key.proof.io.KeYFile.readIncludes(KeYFile.java:208)
	... 14 more
Could not find rule file rules/intRulesCheckedSemantics.key (file: /home/runner/work/key/key/key.core/../key.ui/examples/index/../InformationFlow/MiniExamples/mini.MiniExamplesLecture(mini.MiniExamplesLecture__m_2()).Non-interference contract.0.key; caused by: de.uka.ilkd.key.proof.init.ProofInputException: Could not find rule file rules/intRulesCheckedSemantics.key)
	at de.uka.ilkd.key.control.AbstractUserInterfaceControl.load(AbstractUserInterfaceControl.java:221)
	at de.uka.ilkd.key.control.KeYEnvironment.load(KeYEnvironment.java:251)
	at de.uka.ilkd.key.control.KeYEnvironment.load(KeYEnvironment.java:224)
	at de.uka.ilkd.key.control.KeYEnvironment.load(KeYEnvironment.java:184)
	at de.uka.ilkd.key.control.KeYEnvironment.load(KeYEnvironment.java:261)
	at de.uka.ilkd.key.proof.runallproofs.proofcollection.TestFile.load(TestFile.java:270)
	at de.uka.ilkd.key.proof.runallproofs.proofcollection.TestFile.runKey(TestFile.java:160)
	at de.uka.ilkd.key.proof.runallproofs.proofcollection.ForkedTestFileRunner.main(ForkedTestFileRunner.java:171)
Caused by: de.uka.ilkd.key.proof.init.ProofInputException: Could not find rule file rules/intRulesCheckedSemantics.key
	at de.uka.ilkd.key.proof.io.KeYFile.readIncludes(KeYFile.java:210)
	at de.uka.ilkd.key.proof.init.ProblemInitializer.readIncludes(ProblemInitializer.java:177)
	at de.uka.ilkd.key.proof.init.ProblemInitializer.readEnvInput(ProblemInitializer.java:325)
	at de.uka.ilkd.key.proof.init.ProblemInitializer.prepare(ProblemInitializer.java:449)
	at de.uka.ilkd.key.proof.io.AbstractProblemLoader.createInitConfig(AbstractProblemLoader.java:518)
	at de.uka.ilkd.key.proof.io.AbstractProblemLoader.loadEnvironment(AbstractProblemLoader.java:288)
	at de.uka.ilkd.key.proof.io.AbstractProblemLoader.load(AbstractProblemLoader.java:252)
	at de.uka.ilkd.key.control.AbstractUserInterfaceControl.load(AbstractUserInterfaceControl.java:209)
	... 7 more
Caused by: java.lang.RuntimeException: Could not find rule file rules/intRulesCheckedSemantics.key
	at de.uka.ilkd.key.proof.io.RuleSourceFactory.fromBuiltInRule(RuleSourceFactory.java:32)
	at de.uka.ilkd.key.proof.io.RuleSourceFactory.fromDefaultLocation(RuleSourceFactory.java:21)
	at de.uka.ilkd.key.nparser.builder.IncludeFinder.addInclude(IncludeFinder.java:63)
	at de.uka.ilkd.key.nparser.builder.IncludeFinder.visitOne_include(IncludeFinder.java:43)
	at de.uka.ilkd.key.nparser.builder.IncludeFinder.visitOne_include(IncludeFinder.java:20)
	at de.uka.ilkd.key.nparser.KeYParser$One_includeContext.accept(KeYParser.java:878)
	at de.uka.ilkd.key.nparser.builder.AbstractBuilder.lambda$mapOf$0(AbstractBuilder.java:112)
	at java.base/java.util.stream.ReferencePipeline$3$1.accept(ReferencePipeline.java:195)
	at java.base/java.util.ArrayList$ArrayListSpliterator.forEachRemaining(ArrayList.java:1655)
	at java.base/java.util.stream.AbstractPipeline.copyInto(AbstractPipeline.java:484)
	at java.base/java.util.stream.AbstractPipeline.wrapAndCopyInto(AbstractPipeline.java:474)
	at java.base/java.util.stream.ReduceOps$ReduceOp.evaluateSequential(ReduceOps.java:913)
	at java.base/java.util.stream.AbstractPipeline.evaluate(AbstractPipeline.java:234)
	at java.base/java.util.stream.ReferencePipeline.collect(ReferencePipeline.java:578)
	at de.uka.ilkd.key.nparser.builder.AbstractBuilder.mapOf(AbstractBuilder.java:112)
	at de.uka.ilkd.key.nparser.builder.IncludeFinder.visitOne_include_statement(IncludeFinder.java:35)
	at de.uka.ilkd.key.nparser.builder.IncludeFinder.visitOne_include_statement(IncludeFinder.java:20)
	at de.uka.ilkd.key.nparser.KeYParser$One_include_statementContext.accept(KeYParser.java:802)
	at org.antlr.v4.runtime.tree.AbstractParseTreeVisitor.visitChildren(AbstractParseTreeVisitor.java:46)
	at de.uka.ilkd.key.nparser.KeYParserBaseVisitor.visitDecls(KeYParserBaseVisitor.java:30)
	at de.uka.ilkd.key.nparser.KeYParser$DeclsContext.accept(KeYParser.java:500)
	at org.antlr.v4.runtime.tree.AbstractParseTreeVisitor.visitChildren(AbstractParseTreeVisitor.java:46)
	at de.uka.ilkd.key.nparser.KeYParserBaseVisitor.visitFile(KeYParserBaseVisitor.java:23)
	at de.uka.ilkd.key.nparser.KeYParser$FileContext.accept(KeYParser.java:306)
	at de.uka.ilkd.key.nparser.KeyAst.accept(KeyAst.java:41)
	at de.uka.ilkd.key.nparser.KeyAst$File.getIncludes(KeyAst.java:76)
	at de.uka.ilkd.key.proof.io.KeYFile.readIncludes(KeYFile.java:208)
	... 14 more
Could not find rule file rules/intRulesCheckedSemantics.key (file: /home/runner/work/key/key/key.core/../key.ui/examples/index/../InformationFlow/MiniExamples/mini.MiniExamplesLecture(mini.MiniExamplesLecture__m_1()).Non-interference contract.0.key; caused by: de.uka.ilkd.key.proof.init.ProofInputException: Could not find rule file rules/intRulesCheckedSemantics.key)
	at de.uka.ilkd.key.control.AbstractUserInterfaceControl.load(AbstractUserInterfaceControl.java:221)
	at de.uka.ilkd.key.control.KeYEnvironment.load(KeYEnvironment.java:251)
	at de.uka.ilkd.key.control.KeYEnvironment.load(KeYEnvironment.java:224)
	at de.uka.ilkd.key.control.KeYEnvironment.load(KeYEnvironment.java:184)
	at de.uka.ilkd.key.control.KeYEnvironment.load(KeYEnvironment.java:261)
	at de.uka.ilkd.key.proof.runallproofs.proofcollection.TestFile.load(TestFile.java:270)
	at de.uka.ilkd.key.proof.runallproofs.proofcollection.TestFile.runKey(TestFile.java:160)
	at de.uka.ilkd.key.proof.runallproofs.proofcollection.ForkedTestFileRunner.main(ForkedTestFileRunner.java:171)
Caused by: de.uka.ilkd.key.proof.init.ProofInputException: Could not find rule file rules/intRulesCheckedSemantics.key
	at de.uka.ilkd.key.proof.io.KeYFile.readIncludes(KeYFile.java:210)
	at de.uka.ilkd.key.proof.init.ProblemInitializer.readIncludes(ProblemInitializer.java:177)
	at de.uka.ilkd.key.proof.init.ProblemInitializer.readEnvInput(ProblemInitializer.java:325)
	at de.uka.ilkd.key.proof.init.ProblemInitializer.prepare(ProblemInitializer.java:449)
	at de.uka.ilkd.key.proof.io.AbstractProblemLoader.createInitConfig(AbstractProblemLoader.java:518)
	at de.uka.ilkd.key.proof.io.AbstractProblemLoader.loadEnvironment(AbstractProblemLoader.java:288)
	at de.uka.ilkd.key.proof.io.AbstractProblemLoader.load(AbstractProblemLoader.java:252)
	at de.uka.ilkd.key.control.AbstractUserInterfaceControl.load(AbstractUserInterfaceControl.java:209)
	... 7 more
Caused by: java.lang.RuntimeException: Could not find rule file rules/intRulesCheckedSemantics.key
	at de.uka.ilkd.key.proof.io.RuleSourceFactory.fromBuiltInRule(RuleSourceFactory.java:32)
	at de.uka.ilkd.key.proof.io.RuleSourceFactory.fromDefaultLocation(RuleSourceFactory.java:21)
	at de.uka.ilkd.key.nparser.builder.IncludeFinder.addInclude(IncludeFinder.java:63)
	at de.uka.ilkd.key.nparser.builder.IncludeFinder.visitOne_include(IncludeFinder.java:43)
	at de.uka.ilkd.key.nparser.builder.IncludeFinder.visitOne_include(IncludeFinder.java:20)
	at de.uka.ilkd.key.nparser.KeYParser$One_includeContext.accept(KeYParser.java:878)
	at de.uka.ilkd.key.nparser.builder.AbstractBuilder.lambda$mapOf$0(AbstractBuilder.java:112)
	at java.base/java.util.stream.ReferencePipeline$3$1.accept(ReferencePipeline.java:195)
	at java.base/java.util.ArrayList$ArrayListSpliterator.forEachRemaining(ArrayList.java:1655)
	at java.base/java.util.stream.AbstractPipeline.copyInto(AbstractPipeline.java:484)
	at java.base/java.util.stream.AbstractPipeline.wrapAndCopyInto(AbstractPipeline.java:474)
	at java.base/java.util.stream.ReduceOps$ReduceOp.evaluateSequential(ReduceOps.java:913)
	at java.base/java.util.stream.AbstractPipeline.evaluate(AbstractPipeline.java:234)
	at java.base/java.util.stream.ReferencePipeline.collect(ReferencePipeline.java:578)
	at de.uka.ilkd.key.nparser.builder.AbstractBuilder.mapOf(AbstractBuilder.java:112)
	at de.uka.ilkd.key.nparser.builder.IncludeFinder.visitOne_include_statement(IncludeFinder.java:35)
	at de.uka.ilkd.key.nparser.builder.IncludeFinder.visitOne_include_statement(IncludeFinder.java:20)
	at de.uka.ilkd.key.nparser.KeYParser$One_include_statementContext.accept(KeYParser.java:802)
	at org.antlr.v4.runtime.tree.AbstractParseTreeVisitor.visitChildren(AbstractParseTreeVisitor.java:46)
	at de.uka.ilkd.key.nparser.KeYParserBaseVisitor.visitDecls(KeYParserBaseVisitor.java:30)
	at de.uka.ilkd.key.nparser.KeYParser$DeclsContext.accept(KeYParser.java:500)
	at org.antlr.v4.runtime.tree.AbstractParseTreeVisitor.visitChildren(AbstractParseTreeVisitor.java:46)
	at de.uka.ilkd.key.nparser.KeYParserBaseVisitor.visitFile(KeYParserBaseVisitor.java:23)
	at de.uka.ilkd.key.nparser.KeYParser$FileContext.accept(KeYParser.java:306)
	at de.uka.ilkd.key.nparser.KeyAst.accept(KeyAst.java:41)
	at de.uka.ilkd.key.nparser.KeyAst$File.getIncludes(KeyAst.java:76)
	at de.uka.ilkd.key.proof.io.KeYFile.readIncludes(KeYFile.java:208)
	... 14 more
Could not find rule file rules/intRulesCheckedSemantics.key (file: /home/runner/work/key/key/key.core/../key.ui/examples/index/../InformationFlow/MiniExamples/mini.DifferenceSeqLocset(mini.DifferenceSeqLocset__m()).Non-interference contract.1.key; caused by: de.uka.ilkd.key.proof.init.ProofInputException: Could not find rule file rules/intRulesCheckedSemantics.key)
	at de.uka.ilkd.key.control.AbstractUserInterfaceControl.load(AbstractUserInterfaceControl.java:221)
	at de.uka.ilkd.key.control.KeYEnvironment.load(KeYEnvironment.java:251)
	at de.uka.ilkd.key.control.KeYEnvironment.load(KeYEnvironment.java:224)
	at de.uka.ilkd.key.control.KeYEnvironment.load(KeYEnvironment.java:184)
	at de.uka.ilkd.key.control.KeYEnvironment.load(KeYEnvironment.java:261)
	at de.uka.ilkd.key.proof.runallproofs.proofcollection.TestFile.load(TestFile.java:270)
	at de.uka.ilkd.key.proof.runallproofs.proofcollection.TestFile.runKey(TestFile.java:160)
	at de.uka.ilkd.key.proof.runallproofs.proofcollection.ForkedTestFileRunner.main(ForkedTestFileRunner.java:171)
Caused by: de.uka.ilkd.key.proof.init.ProofInputException: Could not find rule file rules/intRulesCheckedSemantics.key
	at de.uka.ilkd.key.proof.io.KeYFile.readIncludes(KeYFile.java:210)
	at de.uka.ilkd.key.proof.init.ProblemInitializer.readIncludes(ProblemInitializer.java:177)
	at de.uka.ilkd.key.proof.init.ProblemInitializer.readEnvInput(ProblemInitializer.java:325)
	at de.uka.ilkd.key.proof.init.ProblemInitializer.prepare(ProblemInitializer.java:449)
	at de.uka.ilkd.key.proof.io.AbstractProblemLoader.createInitConfig(AbstractProblemLoader.java:518)
	at de.uka.ilkd.key.proof.io.AbstractProblemLoader.loadEnvironment(AbstractProblemLoader.java:288)
	at de.uka.ilkd.key.proof.io.AbstractProblemLoader.load(AbstractProblemLoader.java:252)
	at de.uka.ilkd.key.control.AbstractUserInterfaceControl.load(AbstractUserInterfaceControl.java:209)
	... 7 more
Caused by: java.lang.RuntimeException: Could not find rule file rules/intRulesCheckedSemantics.key
	at de.uka.ilkd.key.proof.io.RuleSourceFactory.fromBuiltInRule(RuleSourceFactory.java:32)
	at de.uka.ilkd.key.proof.io.RuleSourceFactory.fromDefaultLocation(RuleSourceFactory.java:21)
	at de.uka.ilkd.key.nparser.builder.IncludeFinder.addInclude(IncludeFinder.java:63)
	at de.uka.ilkd.key.nparser.builder.IncludeFinder.visitOne_include(IncludeFinder.java:43)
	at de.uka.ilkd.key.nparser.builder.IncludeFinder.visitOne_include(IncludeFinder.java:20)
	at de.uka.ilkd.key.nparser.KeYParser$One_includeContext.accept(KeYParser.java:878)
	at de.uka.ilkd.key.nparser.builder.AbstractBuilder.lambda$mapOf$0(AbstractBuilder.java:112)
	at java.base/java.util.stream.ReferencePipeline$3$1.accept(ReferencePipeline.java:195)
	at java.base/java.util.ArrayList$ArrayListSpliterator.forEachRemaining(ArrayList.java:1655)
	at java.base/java.util.stream.AbstractPipeline.copyInto(AbstractPipeline.java:484)
	at java.base/java.util.stream.AbstractPipeline.wrapAndCopyInto(AbstractPipeline.java:474)
	at java.base/java.util.stream.ReduceOps$ReduceOp.evaluateSequential(ReduceOps.java:913)
	at java.base/java.util.stream.AbstractPipeline.evaluate(AbstractPipeline.java:234)
	at java.base/java.util.stream.ReferencePipeline.collect(ReferencePipeline.java:578)
	at de.uka.ilkd.key.nparser.builder.AbstractBuilder.mapOf(AbstractBuilder.java:112)
	at de.uka.ilkd.key.nparser.builder.IncludeFinder.visitOne_include_statement(IncludeFinder.java:35)
	at de.uka.ilkd.key.nparser.builder.IncludeFinder.visitOne_include_statement(IncludeFinder.java:20)
	at de.uka.ilkd.key.nparser.KeYParser$One_include_statementContext.accept(KeYParser.java:802)
	at org.antlr.v4.runtime.tree.AbstractParseTreeVisitor.visitChildren(AbstractParseTreeVisitor.java:46)
	at de.uka.ilkd.key.nparser.KeYParserBaseVisitor.visitDecls(KeYParserBaseVisitor.java:30)
	at de.uka.ilkd.key.nparser.KeYParser$DeclsContext.accept(KeYParser.java:500)
	at org.antlr.v4.runtime.tree.AbstractParseTreeVisitor.visitChildren(AbstractParseTreeVisitor.java:46)
	at de.uka.ilkd.key.nparser.KeYParserBaseVisitor.visitFile(KeYParserBaseVisitor.java:23)
	at de.uka.ilkd.key.nparser.KeYParser$FileContext.accept(KeYParser.java:306)
	at de.uka.ilkd.key.nparser.KeyAst.accept(KeyAst.java:41)
	at de.uka.ilkd.key.nparser.KeyAst$File.getIncludes(KeyAst.java:76)
	at de.uka.ilkd.key.proof.io.KeYFile.readIncludes(KeYFile.java:208)
	... 14 more
Could not find rule file rules/intRulesCheckedSemantics.key (file: /home/runner/work/key/key/key.core/../key.ui/examples/index/../InformationFlow/MiniExamples/mini.DifferenceSeqLocset(mini.DifferenceSeqLocset__m()).Non-interference contract.0.key; caused by: de.uka.ilkd.key.proof.init.ProofInputException: Could not find rule file rules/intRulesCheckedSemantics.key)
	at de.uka.ilkd.key.control.AbstractUserInterfaceControl.load(AbstractUserInterfaceControl.java:221)
	at de.uka.ilkd.key.control.KeYEnvironment.load(KeYEnvironment.java:251)
	at de.uka.ilkd.key.control.KeYEnvironment.load(KeYEnvironment.java:224)
	at de.uka.ilkd.key.control.KeYEnvironment.load(KeYEnvironment.java:184)
	at de.uka.ilkd.key.control.KeYEnvironment.load(KeYEnvironment.java:261)
	at de.uka.ilkd.key.proof.runallproofs.proofcollection.TestFile.load(TestFile.java:270)
	at de.uka.ilkd.key.proof.runallproofs.proofcollection.TestFile.runKey(TestFile.java:160)
	at de.uka.ilkd.key.proof.runallproofs.proofcollection.ForkedTestFileRunner.main(ForkedTestFileRunner.java:171)
Caused by: de.uka.ilkd.key.proof.init.ProofInputException: Could not find rule file rules/intRulesCheckedSemantics.key
	at de.uka.ilkd.key.proof.io.KeYFile.readIncludes(KeYFile.java:210)
	at de.uka.ilkd.key.proof.init.ProblemInitializer.readIncludes(ProblemInitializer.java:177)
	at de.uka.ilkd.key.proof.init.ProblemInitializer.readEnvInput(ProblemInitializer.java:325)
	at de.uka.ilkd.key.proof.init.ProblemInitializer.prepare(ProblemInitializer.java:449)
	at de.uka.ilkd.key.proof.io.AbstractProblemLoader.createInitConfig(AbstractProblemLoader.java:518)
	at de.uka.ilkd.key.proof.io.AbstractProblemLoader.loadEnvironment(AbstractProblemLoader.java:288)
	at de.uka.ilkd.key.proof.io.AbstractProblemLoader.load(AbstractProblemLoader.java:252)
	at de.uka.ilkd.key.control.AbstractUserInterfaceControl.load(AbstractUserInterfaceControl.java:209)
	... 7 more
Caused by: java.lang.RuntimeException: Could not find rule file rules/intRulesCheckedSemantics.key
	at de.uka.ilkd.key.proof.io.RuleSourceFactory.fromBuiltInRule(RuleSourceFactory.java:32)
	at de.uka.ilkd.key.proof.io.RuleSourceFactory.fromDefaultLocation(RuleSourceFactory.java:21)
	at de.uka.ilkd.key.nparser.builder.IncludeFinder.addInclude(IncludeFinder.java:63)
	at de.uka.ilkd.key.nparser.builder.IncludeFinder.visitOne_include(IncludeFinder.java:43)
	at de.uka.ilkd.key.nparser.builder.IncludeFinder.visitOne_include(IncludeFinder.java:20)
	at de.uka.ilkd.key.nparser.KeYParser$One_includeContext.accept(KeYParser.java:878)
	at de.uka.ilkd.key.nparser.builder.AbstractBuilder.lambda$mapOf$0(AbstractBuilder.java:112)
	at java.base/java.util.stream.ReferencePipeline$3$1.accept(ReferencePipeline.java:195)
	at java.base/java.util.ArrayList$ArrayListSpliterator.forEachRemaining(ArrayList.java:1655)
	at java.base/java.util.stream.AbstractPipeline.copyInto(AbstractPipeline.java:484)
	at java.base/java.util.stream.AbstractPipeline.wrapAndCopyInto(AbstractPipeline.java:474)
	at java.base/java.util.stream.ReduceOps$ReduceOp.evaluateSequential(ReduceOps.java:913)
	at java.base/java.util.stream.AbstractPipeline.evaluate(AbstractPipeline.java:234)
	at java.base/java.util.stream.ReferencePipeline.collect(ReferencePipeline.java:578)
	at de.uka.ilkd.key.nparser.builder.AbstractBuilder.mapOf(AbstractBuilder.java:112)
	at de.uka.ilkd.key.nparser.builder.IncludeFinder.visitOne_include_statement(IncludeFinder.java:35)
	at de.uka.ilkd.key.nparser.builder.IncludeFinder.visitOne_include_statement(IncludeFinder.java:20)
	at de.uka.ilkd.key.nparser.KeYParser$One_include_statementContext.accept(KeYParser.java:802)
	at org.antlr.v4.runtime.tree.AbstractParseTreeVisitor.visitChildren(AbstractParseTreeVisitor.java:46)
	at de.uka.ilkd.key.nparser.KeYParserBaseVisitor.visitDecls(KeYParserBaseVisitor.java:30)
	at de.uka.ilkd.key.nparser.KeYParser$DeclsContext.accept(KeYParser.java:500)
	at org.antlr.v4.runtime.tree.AbstractParseTreeVisitor.visitChildren(AbstractParseTreeVisitor.java:46)
	at de.uka.ilkd.key.nparser.KeYParserBaseVisitor.visitFile(KeYParserBaseVisitor.java:23)
	at de.uka.ilkd.key.nparser.KeYParser$FileContext.accept(KeYParser.java:306)
	at de.uka.ilkd.key.nparser.KeyAst.accept(KeyAst.java:41)
	at de.uka.ilkd.key.nparser.KeyAst$File.getIncludes(KeyAst.java:76)
	at de.uka.ilkd.key.proof.io.KeYFile.readIncludes(KeYFile.java:208)
	... 14 more
Could not find rule file rules/intRulesCheckedSemantics.key (file: /home/runner/work/key/key/key.core/../key.ui/examples/index/../InformationFlow/MiniExamples/mini.MiniExamples(mini.MiniExamples__secure_p2_8()).Non-interference contract.0.key; caused by: de.uka.ilkd.key.proof.init.ProofInputException: Could not find rule file rules/intRulesCheckedSemantics.key)
	at de.uka.ilkd.key.control.AbstractUserInterfaceControl.load(AbstractUserInterfaceControl.java:221)
	at de.uka.ilkd.key.control.KeYEnvironment.load(KeYEnvironment.java:251)
	at de.uka.ilkd.key.control.KeYEnvironment.load(KeYEnvironment.java:224)
	at de.uka.ilkd.key.control.KeYEnvironment.load(KeYEnvironment.java:184)
	at de.uka.ilkd.key.control.KeYEnvironment.load(KeYEnvironment.java:261)
	at de.uka.ilkd.key.proof.runallproofs.proofcollection.TestFile.load(TestFile.java:270)
	at de.uka.ilkd.key.proof.runallproofs.proofcollection.TestFile.runKey(TestFile.java:160)
	at de.uka.ilkd.key.proof.runallproofs.proofcollection.ForkedTestFileRunner.main(ForkedTestFileRunner.java:171)
Caused by: de.uka.ilkd.key.proof.init.ProofInputException: Could not find rule file rules/intRulesCheckedSemantics.key
	at de.uka.ilkd.key.proof.io.KeYFile.readIncludes(KeYFile.java:210)
	at de.uka.ilkd.key.proof.init.ProblemInitializer.readIncludes(ProblemInitializer.java:177)
	at de.uka.ilkd.key.proof.init.ProblemInitializer.readEnvInput(ProblemInitializer.java:325)
	at de.uka.ilkd.key.proof.init.ProblemInitializer.prepare(ProblemInitializer.java:449)
	at de.uka.ilkd.key.proof.io.AbstractProblemLoader.createInitConfig(AbstractProblemLoader.java:518)
	at de.uka.ilkd.key.proof.io.AbstractProblemLoader.loadEnvironment(AbstractProblemLoader.java:288)
	at de.uka.ilkd.key.proof.io.AbstractProblemLoader.load(AbstractProblemLoader.java:252)
	at de.uka.ilkd.key.control.AbstractUserInterfaceControl.load(AbstractUserInterfaceControl.java:209)
	... 7 more
Caused by: java.lang.RuntimeException: Could not find rule file rules/intRulesCheckedSemantics.key
	at de.uka.ilkd.key.proof.io.RuleSourceFactory.fromBuiltInRule(RuleSourceFactory.java:32)
	at de.uka.ilkd.key.proof.io.RuleSourceFactory.fromDefaultLocation(RuleSourceFactory.java:21)
	at de.uka.ilkd.key.nparser.builder.IncludeFinder.addInclude(IncludeFinder.java:63)
	at de.uka.ilkd.key.nparser.builder.IncludeFinder.visitOne_include(IncludeFinder.java:43)
	at de.uka.ilkd.key.nparser.builder.IncludeFinder.visitOne_include(IncludeFinder.java:20)
	at de.uka.ilkd.key.nparser.KeYParser$One_includeContext.accept(KeYParser.java:878)
	at de.uka.ilkd.key.nparser.builder.AbstractBuilder.lambda$mapOf$0(AbstractBuilder.java:112)
	at java.base/java.util.stream.ReferencePipeline$3$1.accept(ReferencePipeline.java:195)
	at java.base/java.util.ArrayList$ArrayListSpliterator.forEachRemaining(ArrayList.java:1655)
	at java.base/java.util.stream.AbstractPipeline.copyInto(AbstractPipeline.java:484)
	at java.base/java.util.stream.AbstractPipeline.wrapAndCopyInto(AbstractPipeline.java:474)
	at java.base/java.util.stream.ReduceOps$ReduceOp.evaluateSequential(ReduceOps.java:913)
	at java.base/java.util.stream.AbstractPipeline.evaluate(AbstractPipeline.java:234)
	at java.base/java.util.stream.ReferencePipeline.collect(ReferencePipeline.java:578)
	at de.uka.ilkd.key.nparser.builder.AbstractBuilder.mapOf(AbstractBuilder.java:112)
	at de.uka.ilkd.key.nparser.builder.IncludeFinder.visitOne_include_statement(IncludeFinder.java:35)
	at de.uka.ilkd.key.nparser.builder.IncludeFinder.visitOne_include_statement(IncludeFinder.java:20)
	at de.uka.ilkd.key.nparser.KeYParser$One_include_statementContext.accept(KeYParser.java:802)
	at org.antlr.v4.runtime.tree.AbstractParseTreeVisitor.visitChildren(AbstractParseTreeVisitor.java:46)
	at de.uka.ilkd.key.nparser.KeYParserBaseVisitor.visitDecls(KeYParserBaseVisitor.java:30)
	at de.uka.ilkd.key.nparser.KeYParser$DeclsContext.accept(KeYParser.java:500)
	at org.antlr.v4.runtime.tree.AbstractParseTreeVisitor.visitChildren(AbstractParseTreeVisitor.java:46)
	at de.uka.ilkd.key.nparser.KeYParserBaseVisitor.visitFile(KeYParserBaseVisitor.java:23)
	at de.uka.ilkd.key.nparser.KeYParser$FileContext.accept(KeYParser.java:306)
	at de.uka.ilkd.key.nparser.KeyAst.accept(KeyAst.java:41)
	at de.uka.ilkd.key.nparser.KeyAst$File.getIncludes(KeyAst.java:76)
	at de.uka.ilkd.key.proof.io.KeYFile.readIncludes(KeYFile.java:208)
	... 14 more
Could not find rule file rules/intRulesCheckedSemantics.key (file: /home/runner/work/key/key/key.core/../key.ui/examples/index/../InformationFlow/MiniExamples/mini.MiniExamples(mini.MiniExamples__secure_parameter(int)).Non-interference contract.0.key; caused by: de.uka.ilkd.key.proof.init.ProofInputException: Could not find rule file rules/intRulesCheckedSemantics.key)
	at de.uka.ilkd.key.control.AbstractUserInterfaceControl.load(AbstractUserInterfaceControl.java:221)
	at de.uka.ilkd.key.control.KeYEnvironment.load(KeYEnvironment.java:251)
	at de.uka.ilkd.key.control.KeYEnvironment.load(KeYEnvironment.java:224)
	at de.uka.ilkd.key.control.KeYEnvironment.load(KeYEnvironment.java:184)
	at de.uka.ilkd.key.control.KeYEnvironment.load(KeYEnvironment.java:261)
	at de.uka.ilkd.key.proof.runallproofs.proofcollection.TestFile.load(TestFile.java:270)
	at de.uka.ilkd.key.proof.runallproofs.proofcollection.TestFile.runKey(TestFile.java:160)
	at de.uka.ilkd.key.proof.runallproofs.proofcollection.ForkedTestFileRunner.main(ForkedTestFileRunner.java:171)
Caused by: de.uka.ilkd.key.proof.init.ProofInputException: Could not find rule file rules/intRulesCheckedSemantics.key
	at de.uka.ilkd.key.proof.io.KeYFile.readIncludes(KeYFile.java:210)
	at de.uka.ilkd.key.proof.init.ProblemInitializer.readIncludes(ProblemInitializer.java:177)
	at de.uka.ilkd.key.proof.init.ProblemInitializer.readEnvInput(ProblemInitializer.java:325)
	at de.uka.ilkd.key.proof.init.ProblemInitializer.prepare(ProblemInitializer.java:449)
	at de.uka.ilkd.key.proof.io.AbstractProblemLoader.createInitConfig(AbstractProblemLoader.java:518)
	at de.uka.ilkd.key.proof.io.AbstractProblemLoader.loadEnvironment(AbstractProblemLoader.java:288)
	at de.uka.ilkd.key.proof.io.AbstractProblemLoader.load(AbstractProblemLoader.java:252)
	at de.uka.ilkd.key.control.AbstractUserInterfaceControl.load(AbstractUserInterfaceControl.java:209)
	... 7 more
Caused by: java.lang.RuntimeException: Could not find rule file rules/intRulesCheckedSemantics.key
	at de.uka.ilkd.key.proof.io.RuleSourceFactory.fromBuiltInRule(RuleSourceFactory.java:32)
	at de.uka.ilkd.key.proof.io.RuleSourceFactory.fromDefaultLocation(RuleSourceFactory.java:21)
	at de.uka.ilkd.key.nparser.builder.IncludeFinder.addInclude(IncludeFinder.java:63)
	at de.uka.ilkd.key.nparser.builder.IncludeFinder.visitOne_include(IncludeFinder.java:43)
	at de.uka.ilkd.key.nparser.builder.IncludeFinder.visitOne_include(IncludeFinder.java:20)
	at de.uka.ilkd.key.nparser.KeYParser$One_includeContext.accept(KeYParser.java:878)
	at de.uka.ilkd.key.nparser.builder.AbstractBuilder.lambda$mapOf$0(AbstractBuilder.java:112)
	at java.base/java.util.stream.ReferencePipeline$3$1.accept(ReferencePipeline.java:195)
	at java.base/java.util.ArrayList$ArrayListSpliterator.forEachRemaining(ArrayList.java:1655)
	at java.base/java.util.stream.AbstractPipeline.copyInto(AbstractPipeline.java:484)
	at java.base/java.util.stream.AbstractPipeline.wrapAndCopyInto(AbstractPipeline.java:474)
	at java.base/java.util.stream.ReduceOps$ReduceOp.evaluateSequential(ReduceOps.java:913)
	at java.base/java.util.stream.AbstractPipeline.evaluate(AbstractPipeline.java:234)
	at java.base/java.util.stream.ReferencePipeline.collect(ReferencePipeline.java:578)
	at de.uka.ilkd.key.nparser.builder.AbstractBuilder.mapOf(AbstractBuilder.java:112)
	at de.uka.ilkd.key.nparser.builder.IncludeFinder.visitOne_include_statement(IncludeFinder.java:35)
	at de.uka.ilkd.key.nparser.builder.IncludeFinder.visitOne_include_statement(IncludeFinder.java:20)
	at de.uka.ilkd.key.nparser.KeYParser$One_include_statementContext.accept(KeYParser.java:802)
	at org.antlr.v4.runtime.tree.AbstractParseTreeVisitor.visitChildren(AbstractParseTreeVisitor.java:46)
	at de.uka.ilkd.key.nparser.KeYParserBaseVisitor.visitDecls(KeYParserBaseVisitor.java:30)
	at de.uka.ilkd.key.nparser.KeYParser$DeclsContext.accept(KeYParser.java:500)
	at org.antlr.v4.runtime.tree.AbstractParseTreeVisitor.visitChildren(AbstractParseTreeVisitor.java:46)
	at de.uka.ilkd.key.nparser.KeYParserBaseVisitor.visitFile(KeYParserBaseVisitor.java:23)
	at de.uka.ilkd.key.nparser.KeYParser$FileContext.accept(KeYParser.java:306)
	at de.uka.ilkd.key.nparser.KeyAst.accept(KeyAst.java:41)
	at de.uka.ilkd.key.nparser.KeyAst$File.getIncludes(KeyAst.java:76)
	at de.uka.ilkd.key.proof.io.KeYFile.readIncludes(KeYFile.java:208)
	... 14 more
Could not find rule file rules/intRulesCheckedSemantics.key (file: /home/runner/work/key/key/key.core/../key.ui/examples/index/../InformationFlow/MiniExamples/mini.MiniExamples(mini.MiniExamples__secure_p2_7()).Non-interference contract.0.key; caused by: de.uka.ilkd.key.proof.init.ProofInputException: Could not find rule file rules/intRulesCheckedSemantics.key)
	at de.uka.ilkd.key.control.AbstractUserInterfaceControl.load(AbstractUserInterfaceControl.java:221)
	at de.uka.ilkd.key.control.KeYEnvironment.load(KeYEnvironment.java:251)
	at de.uka.ilkd.key.control.KeYEnvironment.load(KeYEnvironment.java:224)
	at de.uka.ilkd.key.control.KeYEnvironment.load(KeYEnvironment.java:184)
	at de.uka.ilkd.key.control.KeYEnvironment.load(KeYEnvironment.java:261)
	at de.uka.ilkd.key.proof.runallproofs.proofcollection.TestFile.load(TestFile.java:270)
	at de.uka.ilkd.key.proof.runallproofs.proofcollection.TestFile.runKey(TestFile.java:160)
	at de.uka.ilkd.key.proof.runallproofs.proofcollection.ForkedTestFileRunner.main(ForkedTestFileRunner.java:171)
Caused by: de.uka.ilkd.key.proof.init.ProofInputException: Could not find rule file rules/intRulesCheckedSemantics.key
	at de.uka.ilkd.key.proof.io.KeYFile.readIncludes(KeYFile.java:210)
	at de.uka.ilkd.key.proof.init.ProblemInitializer.readIncludes(ProblemInitializer.java:177)
	at de.uka.ilkd.key.proof.init.ProblemInitializer.readEnvInput(ProblemInitializer.java:325)
	at de.uka.ilkd.key.proof.init.ProblemInitializer.prepare(ProblemInitializer.java:449)
	at de.uka.ilkd.key.proof.io.AbstractProblemLoader.createInitConfig(AbstractProblemLoader.java:518)
	at de.uka.ilkd.key.proof.io.AbstractProblemLoader.loadEnvironment(AbstractProblemLoader.java:288)
	at de.uka.ilkd.key.proof.io.AbstractProblemLoader.load(AbstractProblemLoader.java:252)
	at de.uka.ilkd.key.control.AbstractUserInterfaceControl.load(AbstractUserInterfaceControl.java:209)
	... 7 more
Caused by: java.lang.RuntimeException: Could not find rule file rules/intRulesCheckedSemantics.key
	at de.uka.ilkd.key.proof.io.RuleSourceFactory.fromBuiltInRule(RuleSourceFactory.java:32)
	at de.uka.ilkd.key.proof.io.RuleSourceFactory.fromDefaultLocation(RuleSourceFactory.java:21)
	at de.uka.ilkd.key.nparser.builder.IncludeFinder.addInclude(IncludeFinder.java:63)
	at de.uka.ilkd.key.nparser.builder.IncludeFinder.visitOne_include(IncludeFinder.java:43)
	at de.uka.ilkd.key.nparser.builder.IncludeFinder.visitOne_include(IncludeFinder.java:20)
	at de.uka.ilkd.key.nparser.KeYParser$One_includeContext.accept(KeYParser.java:878)
	at de.uka.ilkd.key.nparser.builder.AbstractBuilder.lambda$mapOf$0(AbstractBuilder.java:112)
	at java.base/java.util.stream.ReferencePipeline$3$1.accept(ReferencePipeline.java:195)
	at java.base/java.util.ArrayList$ArrayListSpliterator.forEachRemaining(ArrayList.java:1655)
	at java.base/java.util.stream.AbstractPipeline.copyInto(AbstractPipeline.java:484)
	at java.base/java.util.stream.AbstractPipeline.wrapAndCopyInto(AbstractPipeline.java:474)
	at java.base/java.util.stream.ReduceOps$ReduceOp.evaluateSequential(ReduceOps.java:913)
	at java.base/java.util.stream.AbstractPipeline.evaluate(AbstractPipeline.java:234)
	at java.base/java.util.stream.ReferencePipeline.collect(ReferencePipeline.java:578)
	at de.uka.ilkd.key.nparser.builder.AbstractBuilder.mapOf(AbstractBuilder.java:112)
	at de.uka.ilkd.key.nparser.builder.IncludeFinder.visitOne_include_statement(IncludeFinder.java:35)
	at de.uka.ilkd.key.nparser.builder.IncludeFinder.visitOne_include_statement(IncludeFinder.java:20)
	at de.uka.ilkd.key.nparser.KeYParser$One_include_statementContext.accept(KeYParser.java:802)
	at org.antlr.v4.runtime.tree.AbstractParseTreeVisitor.visitChildren(AbstractParseTreeVisitor.java:46)
	at de.uka.ilkd.key.nparser.KeYParserBaseVisitor.visitDecls(KeYParserBaseVisitor.java:30)
	at de.uka.ilkd.key.nparser.KeYParser$DeclsContext.accept(KeYParser.java:500)
	at org.antlr.v4.runtime.tree.AbstractParseTreeVisitor.visitChildren(AbstractParseTreeVisitor.java:46)
	at de.uka.ilkd.key.nparser.KeYParserBaseVisitor.visitFile(KeYParserBaseVisitor.java:23)
	at de.uka.ilkd.key.nparser.KeYParser$FileContext.accept(KeYParser.java:306)
	at de.uka.ilkd.key.nparser.KeyAst.accept(KeyAst.java:41)
	at de.uka.ilkd.key.nparser.KeyAst$File.getIncludes(KeyAst.java:76)
	at de.uka.ilkd.key.proof.io.KeYFile.readIncludes(KeYFile.java:208)
	... 14 more
Could not find rule file rules/intRulesCheckedSemantics.key (file: /home/runner/work/key/key/key.core/../key.ui/examples/index/../InformationFlow/MiniExamples/mini.MiniExamples(mini.MiniExamples__insecure_p2_2()).Non-interference contract.0.key; caused by: de.uka.ilkd.key.proof.init.ProofInputException: Could not find rule file rules/intRulesCheckedSemantics.key)
	at de.uka.ilkd.key.control.AbstractUserInterfaceControl.load(AbstractUserInterfaceControl.java:221)
	at de.uka.ilkd.key.control.KeYEnvironment.load(KeYEnvironment.java:251)
	at de.uka.ilkd.key.control.KeYEnvironment.load(KeYEnvironment.java:224)
	at de.uka.ilkd.key.control.KeYEnvironment.load(KeYEnvironment.java:184)
	at de.uka.ilkd.key.control.KeYEnvironment.load(KeYEnvironment.java:261)
	at de.uka.ilkd.key.proof.runallproofs.proofcollection.TestFile.load(TestFile.java:270)
	at de.uka.ilkd.key.proof.runallproofs.proofcollection.TestFile.runKey(TestFile.java:160)
	at de.uka.ilkd.key.proof.runallproofs.proofcollection.ForkedTestFileRunner.main(ForkedTestFileRunner.java:171)
Caused by: de.uka.ilkd.key.proof.init.ProofInputException: Could not find rule file rules/intRulesCheckedSemantics.key
	at de.uka.ilkd.key.proof.io.KeYFile.readIncludes(KeYFile.java:210)
	at de.uka.ilkd.key.proof.init.ProblemInitializer.readIncludes(ProblemInitializer.java:177)
	at de.uka.ilkd.key.proof.init.ProblemInitializer.readEnvInput(ProblemInitializer.java:325)
	at de.uka.ilkd.key.proof.init.ProblemInitializer.prepare(ProblemInitializer.java:449)
	at de.uka.ilkd.key.proof.io.AbstractProblemLoader.createInitConfig(AbstractProblemLoader.java:518)
	at de.uka.ilkd.key.proof.io.AbstractProblemLoader.loadEnvironment(AbstractProblemLoader.java:288)
	at de.uka.ilkd.key.proof.io.AbstractProblemLoader.load(AbstractProblemLoader.java:252)
	at de.uka.ilkd.key.control.AbstractUserInterfaceControl.load(AbstractUserInterfaceControl.java:209)
	... 7 more
Caused by: java.lang.RuntimeException: Could not find rule file rules/intRulesCheckedSemantics.key
	at de.uka.ilkd.key.proof.io.RuleSourceFactory.fromBuiltInRule(RuleSourceFactory.java:32)
	at de.uka.ilkd.key.proof.io.RuleSourceFactory.fromDefaultLocation(RuleSourceFactory.java:21)
	at de.uka.ilkd.key.nparser.builder.IncludeFinder.addInclude(IncludeFinder.java:63)
	at de.uka.ilkd.key.nparser.builder.IncludeFinder.visitOne_include(IncludeFinder.java:43)
	at de.uka.ilkd.key.nparser.builder.IncludeFinder.visitOne_include(IncludeFinder.java:20)
	at de.uka.ilkd.key.nparser.KeYParser$One_includeContext.accept(KeYParser.java:878)
	at de.uka.ilkd.key.nparser.builder.AbstractBuilder.lambda$mapOf$0(AbstractBuilder.java:112)
	at java.base/java.util.stream.ReferencePipeline$3$1.accept(ReferencePipeline.java:195)
	at java.base/java.util.ArrayList$ArrayListSpliterator.forEachRemaining(ArrayList.java:1655)
	at java.base/java.util.stream.AbstractPipeline.copyInto(AbstractPipeline.java:484)
	at java.base/java.util.stream.AbstractPipeline.wrapAndCopyInto(AbstractPipeline.java:474)
	at java.base/java.util.stream.ReduceOps$ReduceOp.evaluateSequential(ReduceOps.java:913)
	at java.base/java.util.stream.AbstractPipeline.evaluate(AbstractPipeline.java:234)
	at java.base/java.util.stream.ReferencePipeline.collect(ReferencePipeline.java:578)
	at de.uka.ilkd.key.nparser.builder.AbstractBuilder.mapOf(AbstractBuilder.java:112)
	at de.uka.ilkd.key.nparser.builder.IncludeFinder.visitOne_include_statement(IncludeFinder.java:35)
	at de.uka.ilkd.key.nparser.builder.IncludeFinder.visitOne_include_statement(IncludeFinder.java:20)
	at de.uka.ilkd.key.nparser.KeYParser$One_include_statementContext.accept(KeYParser.java:802)
	at org.antlr.v4.runtime.tree.AbstractParseTreeVisitor.visitChildren(AbstractParseTreeVisitor.java:46)
	at de.uka.ilkd.key.nparser.KeYParserBaseVisitor.visitDecls(KeYParserBaseVisitor.java:30)
	at de.uka.ilkd.key.nparser.KeYParser$DeclsContext.accept(KeYParser.java:500)
	at org.antlr.v4.runtime.tree.AbstractParseTreeVisitor.visitChildren(AbstractParseTreeVisitor.java:46)
	at de.uka.ilkd.key.nparser.KeYParserBaseVisitor.visitFile(KeYParserBaseVisitor.java:23)
	at de.uka.ilkd.key.nparser.KeYParser$FileContext.accept(KeYParser.java:306)
	at de.uka.ilkd.key.nparser.KeyAst.accept(KeyAst.java:41)
	at de.uka.ilkd.key.nparser.KeyAst$File.getIncludes(KeyAst.java:76)
	at de.uka.ilkd.key.proof.io.KeYFile.readIncludes(KeYFile.java:208)
	... 14 more
Could not find rule file rules/intRulesCheckedSemantics.key (file: /home/runner/work/key/key/key.core/../key.ui/examples/index/../InformationFlow/MiniExamples/mini.MiniExamples(mini.MiniExamples__secure_p2_6()).Non-interference contract.0.key; caused by: de.uka.ilkd.key.proof.init.ProofInputException: Could not find rule file rules/intRulesCheckedSemantics.key)
	at de.uka.ilkd.key.control.AbstractUserInterfaceControl.load(AbstractUserInterfaceControl.java:221)
	at de.uka.ilkd.key.control.KeYEnvironment.load(KeYEnvironment.java:251)
	at de.uka.ilkd.key.control.KeYEnvironment.load(KeYEnvironment.java:224)
	at de.uka.ilkd.key.control.KeYEnvironment.load(KeYEnvironment.java:184)
	at de.uka.ilkd.key.control.KeYEnvironment.load(KeYEnvironment.java:261)
	at de.uka.ilkd.key.proof.runallproofs.proofcollection.TestFile.load(TestFile.java:270)
	at de.uka.ilkd.key.proof.runallproofs.proofcollection.TestFile.runKey(TestFile.java:160)
	at de.uka.ilkd.key.proof.runallproofs.proofcollection.ForkedTestFileRunner.main(ForkedTestFileRunner.java:171)
Caused by: de.uka.ilkd.key.proof.init.ProofInputException: Could not find rule file rules/intRulesCheckedSemantics.key
	at de.uka.ilkd.key.proof.io.KeYFile.readIncludes(KeYFile.java:210)
	at de.uka.ilkd.key.proof.init.ProblemInitializer.readIncludes(ProblemInitializer.java:177)
	at de.uka.ilkd.key.proof.init.ProblemInitializer.readEnvInput(ProblemInitializer.java:325)
	at de.uka.ilkd.key.proof.init.ProblemInitializer.prepare(ProblemInitializer.java:449)
	at de.uka.ilkd.key.proof.io.AbstractProblemLoader.createInitConfig(AbstractProblemLoader.java:518)
	at de.uka.ilkd.key.proof.io.AbstractProblemLoader.loadEnvironment(AbstractProblemLoader.java:288)
	at de.uka.ilkd.key.proof.io.AbstractProblemLoader.load(AbstractProblemLoader.java:252)
	at de.uka.ilkd.key.control.AbstractUserInterfaceControl.load(AbstractUserInterfaceControl.java:209)
	... 7 more
Caused by: java.lang.RuntimeException: Could not find rule file rules/intRulesCheckedSemantics.key
	at de.uka.ilkd.key.proof.io.RuleSourceFactory.fromBuiltInRule(RuleSourceFactory.java:32)
	at de.uka.ilkd.key.proof.io.RuleSourceFactory.fromDefaultLocation(RuleSourceFactory.java:21)
	at de.uka.ilkd.key.nparser.builder.IncludeFinder.addInclude(IncludeFinder.java:63)
	at de.uka.ilkd.key.nparser.builder.IncludeFinder.visitOne_include(IncludeFinder.java:43)
	at de.uka.ilkd.key.nparser.builder.IncludeFinder.visitOne_include(IncludeFinder.java:20)
	at de.uka.ilkd.key.nparser.KeYParser$One_includeContext.accept(KeYParser.java:878)
	at de.uka.ilkd.key.nparser.builder.AbstractBuilder.lambda$mapOf$0(AbstractBuilder.java:112)
	at java.base/java.util.stream.ReferencePipeline$3$1.accept(ReferencePipeline.java:195)
	at java.base/java.util.ArrayList$ArrayListSpliterator.forEachRemaining(ArrayList.java:1655)
	at java.base/java.util.stream.AbstractPipeline.copyInto(AbstractPipeline.java:484)
	at java.base/java.util.stream.AbstractPipeline.wrapAndCopyInto(AbstractPipeline.java:474)
	at java.base/java.util.stream.ReduceOps$ReduceOp.evaluateSequential(ReduceOps.java:913)
	at java.base/java.util.stream.AbstractPipeline.evaluate(AbstractPipeline.java:234)
	at java.base/java.util.stream.ReferencePipeline.collect(ReferencePipeline.java:578)
	at de.uka.ilkd.key.nparser.builder.AbstractBuilder.mapOf(AbstractBuilder.java:112)
	at de.uka.ilkd.key.nparser.builder.IncludeFinder.visitOne_include_statement(IncludeFinder.java:35)
	at de.uka.ilkd.key.nparser.builder.IncludeFinder.visitOne_include_statement(IncludeFinder.java:20)
	at de.uka.ilkd.key.nparser.KeYParser$One_include_statementContext.accept(KeYParser.java:802)
	at org.antlr.v4.runtime.tree.AbstractParseTreeVisitor.visitChildren(AbstractParseTreeVisitor.java:46)
	at de.uka.ilkd.key.nparser.KeYParserBaseVisitor.visitDecls(KeYParserBaseVisitor.java:30)
	at de.uka.ilkd.key.nparser.KeYParser$DeclsContext.accept(KeYParser.java:500)
	at org.antlr.v4.runtime.tree.AbstractParseTreeVisitor.visitChildren(AbstractParseTreeVisitor.java:46)
	at de.uka.ilkd.key.nparser.KeYParserBaseVisitor.visitFile(KeYParserBaseVisitor.java:23)
	at de.uka.ilkd.key.nparser.KeYParser$FileContext.accept(KeYParser.java:306)
	at de.uka.ilkd.key.nparser.KeyAst.accept(KeyAst.java:41)
	at de.uka.ilkd.key.nparser.KeyAst$File.getIncludes(KeyAst.java:76)
	at de.uka.ilkd.key.proof.io.KeYFile.readIncludes(KeYFile.java:208)
	... 14 more
Could not find rule file rules/intRulesCheckedSemantics.key (file: /home/runner/work/key/key/key.core/../key.ui/examples/index/../InformationFlow/MiniExamples/mini.MiniExamples(mini.MiniExamples__secure_p2_5()).Non-interference contract.0.key; caused by: de.uka.ilkd.key.proof.init.ProofInputException: Could not find rule file rules/intRulesCheckedSemantics.key)
	at de.uka.ilkd.key.control.AbstractUserInterfaceControl.load(AbstractUserInterfaceControl.java:221)
	at de.uka.ilkd.key.control.KeYEnvironment.load(KeYEnvironment.java:251)
	at de.uka.ilkd.key.control.KeYEnvironment.load(KeYEnvironment.java:224)
	at de.uka.ilkd.key.control.KeYEnvironment.load(KeYEnvironment.java:184)
	at de.uka.ilkd.key.control.KeYEnvironment.load(KeYEnvironment.java:261)
	at de.uka.ilkd.key.proof.runallproofs.proofcollection.TestFile.load(TestFile.java:270)
	at de.uka.ilkd.key.proof.runallproofs.proofcollection.TestFile.runKey(TestFile.java:160)
	at de.uka.ilkd.key.proof.runallproofs.proofcollection.ForkedTestFileRunner.main(ForkedTestFileRunner.java:171)
Caused by: de.uka.ilkd.key.proof.init.ProofInputException: Could not find rule file rules/intRulesCheckedSemantics.key
	at de.uka.ilkd.key.proof.io.KeYFile.readIncludes(KeYFile.java:210)
	at de.uka.ilkd.key.proof.init.ProblemInitializer.readIncludes(ProblemInitializer.java:177)
	at de.uka.ilkd.key.proof.init.ProblemInitializer.readEnvInput(ProblemInitializer.java:325)
	at de.uka.ilkd.key.proof.init.ProblemInitializer.prepare(ProblemInitializer.java:449)
	at de.uka.ilkd.key.proof.io.AbstractProblemLoader.createInitConfig(AbstractProblemLoader.java:518)
	at de.uka.ilkd.key.proof.io.AbstractProblemLoader.loadEnvironment(AbstractProblemLoader.java:288)
	at de.uka.ilkd.key.proof.io.AbstractProblemLoader.load(AbstractProblemLoader.java:252)
	at de.uka.ilkd.key.control.AbstractUserInterfaceControl.load(AbstractUserInterfaceControl.java:209)
	... 7 more
Caused by: java.lang.RuntimeException: Could not find rule file rules/intRulesCheckedSemantics.key
	at de.uka.ilkd.key.proof.io.RuleSourceFactory.fromBuiltInRule(RuleSourceFactory.java:32)
	at de.uka.ilkd.key.proof.io.RuleSourceFactory.fromDefaultLocation(RuleSourceFactory.java:21)
	at de.uka.ilkd.key.nparser.builder.IncludeFinder.addInclude(IncludeFinder.java:63)
	at de.uka.ilkd.key.nparser.builder.IncludeFinder.visitOne_include(IncludeFinder.java:43)
	at de.uka.ilkd.key.nparser.builder.IncludeFinder.visitOne_include(IncludeFinder.java:20)
	at de.uka.ilkd.key.nparser.KeYParser$One_includeContext.accept(KeYParser.java:878)
	at de.uka.ilkd.key.nparser.builder.AbstractBuilder.lambda$mapOf$0(AbstractBuilder.java:112)
	at java.base/java.util.stream.ReferencePipeline$3$1.accept(ReferencePipeline.java:195)
	at java.base/java.util.ArrayList$ArrayListSpliterator.forEachRemaining(ArrayList.java:1655)
	at java.base/java.util.stream.AbstractPipeline.copyInto(AbstractPipeline.java:484)
	at java.base/java.util.stream.AbstractPipeline.wrapAndCopyInto(AbstractPipeline.java:474)
	at java.base/java.util.stream.ReduceOps$ReduceOp.evaluateSequential(ReduceOps.java:913)
	at java.base/java.util.stream.AbstractPipeline.evaluate(AbstractPipeline.java:234)
	at java.base/java.util.stream.ReferencePipeline.collect(ReferencePipeline.java:578)
	at de.uka.ilkd.key.nparser.builder.AbstractBuilder.mapOf(AbstractBuilder.java:112)
	at de.uka.ilkd.key.nparser.builder.IncludeFinder.visitOne_include_statement(IncludeFinder.java:35)
	at de.uka.ilkd.key.nparser.builder.IncludeFinder.visitOne_include_statement(IncludeFinder.java:20)
	at de.uka.ilkd.key.nparser.KeYParser$One_include_statementContext.accept(KeYParser.java:802)
	at org.antlr.v4.runtime.tree.AbstractParseTreeVisitor.visitChildren(AbstractParseTreeVisitor.java:46)
	at de.uka.ilkd.key.nparser.KeYParserBaseVisitor.visitDecls(KeYParserBaseVisitor.java:30)
	at de.uka.ilkd.key.nparser.KeYParser$DeclsContext.accept(KeYParser.java:500)
	at org.antlr.v4.runtime.tree.AbstractParseTreeVisitor.visitChildren(AbstractParseTreeVisitor.java:46)
	at de.uka.ilkd.key.nparser.KeYParserBaseVisitor.visitFile(KeYParserBaseVisitor.java:23)
	at de.uka.ilkd.key.nparser.KeYParser$FileContext.accept(KeYParser.java:306)
	at de.uka.ilkd.key.nparser.KeyAst.accept(KeyAst.java:41)
	at de.uka.ilkd.key.nparser.KeyAst$File.getIncludes(KeyAst.java:76)
	at de.uka.ilkd.key.proof.io.KeYFile.readIncludes(KeYFile.java:208)
	... 14 more
Could not find rule file rules/intRulesCheckedSemantics.key (file: /home/runner/work/key/key/key.core/../key.ui/examples/index/../InformationFlow/MiniExamples/mini.MiniExamples(mini.MiniExamples__secure_p2_4()).Non-interference contract.0.key; caused by: de.uka.ilkd.key.proof.init.ProofInputException: Could not find rule file rules/intRulesCheckedSemantics.key)
	at de.uka.ilkd.key.control.AbstractUserInterfaceControl.load(AbstractUserInterfaceControl.java:221)
	at de.uka.ilkd.key.control.KeYEnvironment.load(KeYEnvironment.java:251)
	at de.uka.ilkd.key.control.KeYEnvironment.load(KeYEnvironment.java:224)
	at de.uka.ilkd.key.control.KeYEnvironment.load(KeYEnvironment.java:184)
	at de.uka.ilkd.key.control.KeYEnvironment.load(KeYEnvironment.java:261)
	at de.uka.ilkd.key.proof.runallproofs.proofcollection.TestFile.load(TestFile.java:270)
	at de.uka.ilkd.key.proof.runallproofs.proofcollection.TestFile.runKey(TestFile.java:160)
	at de.uka.ilkd.key.proof.runallproofs.proofcollection.ForkedTestFileRunner.main(ForkedTestFileRunner.java:171)
Caused by: de.uka.ilkd.key.proof.init.ProofInputException: Could not find rule file rules/intRulesCheckedSemantics.key
	at de.uka.ilkd.key.proof.io.KeYFile.readIncludes(KeYFile.java:210)
	at de.uka.ilkd.key.proof.init.ProblemInitializer.readIncludes(ProblemInitializer.java:177)
	at de.uka.ilkd.key.proof.init.ProblemInitializer.readEnvInput(ProblemInitializer.java:325)
	at de.uka.ilkd.key.proof.init.ProblemInitializer.prepare(ProblemInitializer.java:449)
	at de.uka.ilkd.key.proof.io.AbstractProblemLoader.createInitConfig(AbstractProblemLoader.java:518)
	at de.uka.ilkd.key.proof.io.AbstractProblemLoader.loadEnvironment(AbstractProblemLoader.java:288)
	at de.uka.ilkd.key.proof.io.AbstractProblemLoader.load(AbstractProblemLoader.java:252)
	at de.uka.ilkd.key.control.AbstractUserInterfaceControl.load(AbstractUserInterfaceControl.java:209)
	... 7 more
Caused by: java.lang.RuntimeException: Could not find rule file rules/intRulesCheckedSemantics.key
	at de.uka.ilkd.key.proof.io.RuleSourceFactory.fromBuiltInRule(RuleSourceFactory.java:32)
	at de.uka.ilkd.key.proof.io.RuleSourceFactory.fromDefaultLocation(RuleSourceFactory.java:21)
	at de.uka.ilkd.key.nparser.builder.IncludeFinder.addInclude(IncludeFinder.java:63)
	at de.uka.ilkd.key.nparser.builder.IncludeFinder.visitOne_include(IncludeFinder.java:43)
	at de.uka.ilkd.key.nparser.builder.IncludeFinder.visitOne_include(IncludeFinder.java:20)
	at de.uka.ilkd.key.nparser.KeYParser$One_includeContext.accept(KeYParser.java:878)
	at de.uka.ilkd.key.nparser.builder.AbstractBuilder.lambda$mapOf$0(AbstractBuilder.java:112)
	at java.base/java.util.stream.ReferencePipeline$3$1.accept(ReferencePipeline.java:195)
	at java.base/java.util.ArrayList$ArrayListSpliterator.forEachRemaining(ArrayList.java:1655)
	at java.base/java.util.stream.AbstractPipeline.copyInto(AbstractPipeline.java:484)
	at java.base/java.util.stream.AbstractPipeline.wrapAndCopyInto(AbstractPipeline.java:474)
	at java.base/java.util.stream.ReduceOps$ReduceOp.evaluateSequential(ReduceOps.java:913)
	at java.base/java.util.stream.AbstractPipeline.evaluate(AbstractPipeline.java:234)
	at java.base/java.util.stream.ReferencePipeline.collect(ReferencePipeline.java:578)
	at de.uka.ilkd.key.nparser.builder.AbstractBuilder.mapOf(AbstractBuilder.java:112)
	at de.uka.ilkd.key.nparser.builder.IncludeFinder.visitOne_include_statement(IncludeFinder.java:35)
	at de.uka.ilkd.key.nparser.builder.IncludeFinder.visitOne_include_statement(IncludeFinder.java:20)
	at de.uka.ilkd.key.nparser.KeYParser$One_include_statementContext.accept(KeYParser.java:802)
	at org.antlr.v4.runtime.tree.AbstractParseTreeVisitor.visitChildren(AbstractParseTreeVisitor.java:46)
	at de.uka.ilkd.key.nparser.KeYParserBaseVisitor.visitDecls(KeYParserBaseVisitor.java:30)
	at de.uka.ilkd.key.nparser.KeYParser$DeclsContext.accept(KeYParser.java:500)
	at org.antlr.v4.runtime.tree.AbstractParseTreeVisitor.visitChildren(AbstractParseTreeVisitor.java:46)
	at de.uka.ilkd.key.nparser.KeYParserBaseVisitor.visitFile(KeYParserBaseVisitor.java:23)
	at de.uka.ilkd.key.nparser.KeYParser$FileContext.accept(KeYParser.java:306)
	at de.uka.ilkd.key.nparser.KeyAst.accept(KeyAst.java:41)
	at de.uka.ilkd.key.nparser.KeyAst$File.getIncludes(KeyAst.java:76)
	at de.uka.ilkd.key.proof.io.KeYFile.readIncludes(KeYFile.java:208)
	... 14 more
Could not find rule file rules/intRulesCheckedSemantics.key (file: /home/runner/work/key/key/key.core/../key.ui/examples/index/../InformationFlow/MiniExamples/mini.MiniExamples(mini.MiniExamples__secure_p2_3()).Non-interference contract.0.key; caused by: de.uka.ilkd.key.proof.init.ProofInputException: Could not find rule file rules/intRulesCheckedSemantics.key)
	at de.uka.ilkd.key.control.AbstractUserInterfaceControl.load(AbstractUserInterfaceControl.java:221)
	at de.uka.ilkd.key.control.KeYEnvironment.load(KeYEnvironment.java:251)
	at de.uka.ilkd.key.control.KeYEnvironment.load(KeYEnvironment.java:224)
	at de.uka.ilkd.key.control.KeYEnvironment.load(KeYEnvironment.java:184)
	at de.uka.ilkd.key.control.KeYEnvironment.load(KeYEnvironment.java:261)
	at de.uka.ilkd.key.proof.runallproofs.proofcollection.TestFile.load(TestFile.java:270)
	at de.uka.ilkd.key.proof.runallproofs.proofcollection.TestFile.runKey(TestFile.java:160)
	at de.uka.ilkd.key.proof.runallproofs.proofcollection.ForkedTestFileRunner.main(ForkedTestFileRunner.java:171)
Caused by: de.uka.ilkd.key.proof.init.ProofInputException: Could not find rule file rules/intRulesCheckedSemantics.key
	at de.uka.ilkd.key.proof.io.KeYFile.readIncludes(KeYFile.java:210)
	at de.uka.ilkd.key.proof.init.ProblemInitializer.readIncludes(ProblemInitializer.java:177)
	at de.uka.ilkd.key.proof.init.ProblemInitializer.readEnvInput(ProblemInitializer.java:325)
	at de.uka.ilkd.key.proof.init.ProblemInitializer.prepare(ProblemInitializer.java:449)
	at de.uka.ilkd.key.proof.io.AbstractProblemLoader.createInitConfig(AbstractProblemLoader.java:518)
	at de.uka.ilkd.key.proof.io.AbstractProblemLoader.loadEnvironment(AbstractProblemLoader.java:288)
	at de.uka.ilkd.key.proof.io.AbstractProblemLoader.load(AbstractProblemLoader.java:252)
	at de.uka.ilkd.key.control.AbstractUserInterfaceControl.load(AbstractUserInterfaceControl.java:209)
	... 7 more
Caused by: java.lang.RuntimeException: Could not find rule file rules/intRulesCheckedSemantics.key
	at de.uka.ilkd.key.proof.io.RuleSourceFactory.fromBuiltInRule(RuleSourceFactory.java:32)
	at de.uka.ilkd.key.proof.io.RuleSourceFactory.fromDefaultLocation(RuleSourceFactory.java:21)
	at de.uka.ilkd.key.nparser.builder.IncludeFinder.addInclude(IncludeFinder.java:63)
	at de.uka.ilkd.key.nparser.builder.IncludeFinder.visitOne_include(IncludeFinder.java:43)
	at de.uka.ilkd.key.nparser.builder.IncludeFinder.visitOne_include(IncludeFinder.java:20)
	at de.uka.ilkd.key.nparser.KeYParser$One_includeContext.accept(KeYParser.java:878)
	at de.uka.ilkd.key.nparser.builder.AbstractBuilder.lambda$mapOf$0(AbstractBuilder.java:112)
	at java.base/java.util.stream.ReferencePipeline$3$1.accept(ReferencePipeline.java:195)
	at java.base/java.util.ArrayList$ArrayListSpliterator.forEachRemaining(ArrayList.java:1655)
	at java.base/java.util.stream.AbstractPipeline.copyInto(AbstractPipeline.java:484)
	at java.base/java.util.stream.AbstractPipeline.wrapAndCopyInto(AbstractPipeline.java:474)
	at java.base/java.util.stream.ReduceOps$ReduceOp.evaluateSequential(ReduceOps.java:913)
	at java.base/java.util.stream.AbstractPipeline.evaluate(AbstractPipeline.java:234)
	at java.base/java.util.stream.ReferencePipeline.collect(ReferencePipeline.java:578)
	at de.uka.ilkd.key.nparser.builder.AbstractBuilder.mapOf(AbstractBuilder.java:112)
	at de.uka.ilkd.key.nparser.builder.IncludeFinder.visitOne_include_statement(IncludeFinder.java:35)
	at de.uka.ilkd.key.nparser.builder.IncludeFinder.visitOne_include_statement(IncludeFinder.java:20)
	at de.uka.ilkd.key.nparser.KeYParser$One_include_statementContext.accept(KeYParser.java:802)
	at org.antlr.v4.runtime.tree.AbstractParseTreeVisitor.visitChildren(AbstractParseTreeVisitor.java:46)
	at de.uka.ilkd.key.nparser.KeYParserBaseVisitor.visitDecls(KeYParserBaseVisitor.java:30)
	at de.uka.ilkd.key.nparser.KeYParser$DeclsContext.accept(KeYParser.java:500)
	at org.antlr.v4.runtime.tree.AbstractParseTreeVisitor.visitChildren(AbstractParseTreeVisitor.java:46)
	at de.uka.ilkd.key.nparser.KeYParserBaseVisitor.visitFile(KeYParserBaseVisitor.java:23)
	at de.uka.ilkd.key.nparser.KeYParser$FileContext.accept(KeYParser.java:306)
	at de.uka.ilkd.key.nparser.KeyAst.accept(KeyAst.java:41)
	at de.uka.ilkd.key.nparser.KeyAst$File.getIncludes(KeyAst.java:76)
	at de.uka.ilkd.key.proof.io.KeYFile.readIncludes(KeYFile.java:208)
	... 14 more
Could not find rule file rules/intRulesCheckedSemantics.key (file: /home/runner/work/key/key/key.core/../key.ui/examples/index/../InformationFlow/MiniExamples/mini.MiniExamples(mini.MiniExamples__secure_p2_2()).Non-interference contract.0.key; caused by: de.uka.ilkd.key.proof.init.ProofInputException: Could not find rule file rules/intRulesCheckedSemantics.key)
	at de.uka.ilkd.key.control.AbstractUserInterfaceControl.load(AbstractUserInterfaceControl.java:221)
	at de.uka.ilkd.key.control.KeYEnvironment.load(KeYEnvironment.java:251)
	at de.uka.ilkd.key.control.KeYEnvironment.load(KeYEnvironment.java:224)
	at de.uka.ilkd.key.control.KeYEnvironment.load(KeYEnvironment.java:184)
	at de.uka.ilkd.key.control.KeYEnvironment.load(KeYEnvironment.java:261)
	at de.uka.ilkd.key.proof.runallproofs.proofcollection.TestFile.load(TestFile.java:270)
	at de.uka.ilkd.key.proof.runallproofs.proofcollection.TestFile.runKey(TestFile.java:160)
	at de.uka.ilkd.key.proof.runallproofs.proofcollection.ForkedTestFileRunner.main(ForkedTestFileRunner.java:171)
Caused by: de.uka.ilkd.key.proof.init.ProofInputException: Could not find rule file rules/intRulesCheckedSemantics.key
	at de.uka.ilkd.key.proof.io.KeYFile.readIncludes(KeYFile.java:210)
	at de.uka.ilkd.key.proof.init.ProblemInitializer.readIncludes(ProblemInitializer.java:177)
	at de.uka.ilkd.key.proof.init.ProblemInitializer.readEnvInput(ProblemInitializer.java:325)
	at de.uka.ilkd.key.proof.init.ProblemInitializer.prepare(ProblemInitializer.java:449)
	at de.uka.ilkd.key.proof.io.AbstractProblemLoader.createInitConfig(AbstractProblemLoader.java:518)
	at de.uka.ilkd.key.proof.io.AbstractProblemLoader.loadEnvironment(AbstractProblemLoader.java:288)
	at de.uka.ilkd.key.proof.io.AbstractProblemLoader.load(AbstractProblemLoader.java:252)
	at de.uka.ilkd.key.control.AbstractUserInterfaceControl.load(AbstractUserInterfaceControl.java:209)
	... 7 more
Caused by: java.lang.RuntimeException: Could not find rule file rules/intRulesCheckedSemantics.key
	at de.uka.ilkd.key.proof.io.RuleSourceFactory.fromBuiltInRule(RuleSourceFactory.java:32)
	at de.uka.ilkd.key.proof.io.RuleSourceFactory.fromDefaultLocation(RuleSourceFactory.java:21)
	at de.uka.ilkd.key.nparser.builder.IncludeFinder.addInclude(IncludeFinder.java:63)
	at de.uka.ilkd.key.nparser.builder.IncludeFinder.visitOne_include(IncludeFinder.java:43)
	at de.uka.ilkd.key.nparser.builder.IncludeFinder.visitOne_include(IncludeFinder.java:20)
	at de.uka.ilkd.key.nparser.KeYParser$One_includeContext.accept(KeYParser.java:878)
	at de.uka.ilkd.key.nparser.builder.AbstractBuilder.lambda$mapOf$0(AbstractBuilder.java:112)
	at java.base/java.util.stream.ReferencePipeline$3$1.accept(ReferencePipeline.java:195)
	at java.base/java.util.ArrayList$ArrayListSpliterator.forEachRemaining(ArrayList.java:1655)
	at java.base/java.util.stream.AbstractPipeline.copyInto(AbstractPipeline.java:484)
	at java.base/java.util.stream.AbstractPipeline.wrapAndCopyInto(AbstractPipeline.java:474)
	at java.base/java.util.stream.ReduceOps$ReduceOp.evaluateSequential(ReduceOps.java:913)
	at java.base/java.util.stream.AbstractPipeline.evaluate(AbstractPipeline.java:234)
	at java.base/java.util.stream.ReferencePipeline.collect(ReferencePipeline.java:578)
	at de.uka.ilkd.key.nparser.builder.AbstractBuilder.mapOf(AbstractBuilder.java:112)
	at de.uka.ilkd.key.nparser.builder.IncludeFinder.visitOne_include_statement(IncludeFinder.java:35)
	at de.uka.ilkd.key.nparser.builder.IncludeFinder.visitOne_include_statement(IncludeFinder.java:20)
	at de.uka.ilkd.key.nparser.KeYParser$One_include_statementContext.accept(KeYParser.java:802)
	at org.antlr.v4.runtime.tree.AbstractParseTreeVisitor.visitChildren(AbstractParseTreeVisitor.java:46)
	at de.uka.ilkd.key.nparser.KeYParserBaseVisitor.visitDecls(KeYParserBaseVisitor.java:30)
	at de.uka.ilkd.key.nparser.KeYParser$DeclsContext.accept(KeYParser.java:500)
	at org.antlr.v4.runtime.tree.AbstractParseTreeVisitor.visitChildren(AbstractParseTreeVisitor.java:46)
	at de.uka.ilkd.key.nparser.KeYParserBaseVisitor.visitFile(KeYParserBaseVisitor.java:23)
	at de.uka.ilkd.key.nparser.KeYParser$FileContext.accept(KeYParser.java:306)
	at de.uka.ilkd.key.nparser.KeyAst.accept(KeyAst.java:41)
	at de.uka.ilkd.key.nparser.KeyAst$File.getIncludes(KeyAst.java:76)
	at de.uka.ilkd.key.proof.io.KeYFile.readIncludes(KeYFile.java:208)
	... 14 more
Could not find rule file rules/intRulesCheckedSemantics.key (file: /home/runner/work/key/key/key.core/../key.ui/examples/index/../InformationFlow/MiniExamples/mini.MiniExamples(mini.MiniExamples__secure_p2_1()).Non-interference contract.0.key; caused by: de.uka.ilkd.key.proof.init.ProofInputException: Could not find rule file rules/intRulesCheckedSemantics.key)
	at de.uka.ilkd.key.control.AbstractUserInterfaceControl.load(AbstractUserInterfaceControl.java:221)
	at de.uka.ilkd.key.control.KeYEnvironment.load(KeYEnvironment.java:251)
	at de.uka.ilkd.key.control.KeYEnvironment.load(KeYEnvironment.java:224)
	at de.uka.ilkd.key.control.KeYEnvironment.load(KeYEnvironment.java:184)
	at de.uka.ilkd.key.control.KeYEnvironment.load(KeYEnvironment.java:261)
	at de.uka.ilkd.key.proof.runallproofs.proofcollection.TestFile.load(TestFile.java:270)
	at de.uka.ilkd.key.proof.runallproofs.proofcollection.TestFile.runKey(TestFile.java:160)
	at de.uka.ilkd.key.proof.runallproofs.proofcollection.ForkedTestFileRunner.main(ForkedTestFileRunner.java:171)
Caused by: de.uka.ilkd.key.proof.init.ProofInputException: Could not find rule file rules/intRulesCheckedSemantics.key
	at de.uka.ilkd.key.proof.io.KeYFile.readIncludes(KeYFile.java:210)
	at de.uka.ilkd.key.proof.init.ProblemInitializer.readIncludes(ProblemInitializer.java:177)
	at de.uka.ilkd.key.proof.init.ProblemInitializer.readEnvInput(ProblemInitializer.java:325)
	at de.uka.ilkd.key.proof.init.ProblemInitializer.prepare(ProblemInitializer.java:449)
	at de.uka.ilkd.key.proof.io.AbstractProblemLoader.createInitConfig(AbstractProblemLoader.java:518)
	at de.uka.ilkd.key.proof.io.AbstractProblemLoader.loadEnvironment(AbstractProblemLoader.java:288)
	at de.uka.ilkd.key.proof.io.AbstractProblemLoader.load(AbstractProblemLoader.java:252)
	at de.uka.ilkd.key.control.AbstractUserInterfaceControl.load(AbstractUserInterfaceControl.java:209)
	... 7 more
Caused by: java.lang.RuntimeException: Could not find rule file rules/intRulesCheckedSemantics.key
	at de.uka.ilkd.key.proof.io.RuleSourceFactory.fromBuiltInRule(RuleSourceFactory.java:32)
	at de.uka.ilkd.key.proof.io.RuleSourceFactory.fromDefaultLocation(RuleSourceFactory.java:21)
	at de.uka.ilkd.key.nparser.builder.IncludeFinder.addInclude(IncludeFinder.java:63)
	at de.uka.ilkd.key.nparser.builder.IncludeFinder.visitOne_include(IncludeFinder.java:43)
	at de.uka.ilkd.key.nparser.builder.IncludeFinder.visitOne_include(IncludeFinder.java:20)
	at de.uka.ilkd.key.nparser.KeYParser$One_includeContext.accept(KeYParser.java:878)
	at de.uka.ilkd.key.nparser.builder.AbstractBuilder.lambda$mapOf$0(AbstractBuilder.java:112)
	at java.base/java.util.stream.ReferencePipeline$3$1.accept(ReferencePipeline.java:195)
	at java.base/java.util.ArrayList$ArrayListSpliterator.forEachRemaining(ArrayList.java:1655)
	at java.base/java.util.stream.AbstractPipeline.copyInto(AbstractPipeline.java:484)
	at java.base/java.util.stream.AbstractPipeline.wrapAndCopyInto(AbstractPipeline.java:474)
	at java.base/java.util.stream.ReduceOps$ReduceOp.evaluateSequential(ReduceOps.java:913)
	at java.base/java.util.stream.AbstractPipeline.evaluate(AbstractPipeline.java:234)
	at java.base/java.util.stream.ReferencePipeline.collect(ReferencePipeline.java:578)
	at de.uka.ilkd.key.nparser.builder.AbstractBuilder.mapOf(AbstractBuilder.java:112)
	at de.uka.ilkd.key.nparser.builder.IncludeFinder.visitOne_include_statement(IncludeFinder.java:35)
	at de.uka.ilkd.key.nparser.builder.IncludeFinder.visitOne_include_statement(IncludeFinder.java:20)
	at de.uka.ilkd.key.nparser.KeYParser$One_include_statementContext.accept(KeYParser.java:802)
	at org.antlr.v4.runtime.tree.AbstractParseTreeVisitor.visitChildren(AbstractParseTreeVisitor.java:46)
	at de.uka.ilkd.key.nparser.KeYParserBaseVisitor.visitDecls(KeYParserBaseVisitor.java:30)
	at de.uka.ilkd.key.nparser.KeYParser$DeclsContext.accept(KeYParser.java:500)
	at org.antlr.v4.runtime.tree.AbstractParseTreeVisitor.visitChildren(AbstractParseTreeVisitor.java:46)
	at de.uka.ilkd.key.nparser.KeYParserBaseVisitor.visitFile(KeYParserBaseVisitor.java:23)
	at de.uka.ilkd.key.nparser.KeYParser$FileContext.accept(KeYParser.java:306)
	at de.uka.ilkd.key.nparser.KeyAst.accept(KeyAst.java:41)
	at de.uka.ilkd.key.nparser.KeyAst$File.getIncludes(KeyAst.java:76)
	at de.uka.ilkd.key.proof.io.KeYFile.readIncludes(KeYFile.java:208)
	... 14 more
Could not find rule file rules/intRulesCheckedSemantics.key (file: /home/runner/work/key/key/key.core/../key.ui/examples/index/../InformationFlow/MiniExamples/mini.MiniExamples(mini.MiniExamples__insecure_p2_1()).Non-interference contract.0.key; caused by: de.uka.ilkd.key.proof.init.ProofInputException: Could not find rule file rules/intRulesCheckedSemantics.key)
	at de.uka.ilkd.key.control.AbstractUserInterfaceControl.load(AbstractUserInterfaceControl.java:221)
	at de.uka.ilkd.key.control.KeYEnvironment.load(KeYEnvironment.java:251)
	at de.uka.ilkd.key.control.KeYEnvironment.load(KeYEnvironment.java:224)
	at de.uka.ilkd.key.control.KeYEnvironment.load(KeYEnvironment.java:184)
	at de.uka.ilkd.key.control.KeYEnvironment.load(KeYEnvironment.java:261)
	at de.uka.ilkd.key.proof.runallproofs.proofcollection.TestFile.load(TestFile.java:270)
	at de.uka.ilkd.key.proof.runallproofs.proofcollection.TestFile.runKey(TestFile.java:160)
	at de.uka.ilkd.key.proof.runallproofs.proofcollection.ForkedTestFileRunner.main(ForkedTestFileRunner.java:171)
Caused by: de.uka.ilkd.key.proof.init.ProofInputException: Could not find rule file rules/intRulesCheckedSemantics.key
	at de.uka.ilkd.key.proof.io.KeYFile.readIncludes(KeYFile.java:210)
	at de.uka.ilkd.key.proof.init.ProblemInitializer.readIncludes(ProblemInitializer.java:177)
	at de.uka.ilkd.key.proof.init.ProblemInitializer.readEnvInput(ProblemInitializer.java:325)
	at de.uka.ilkd.key.proof.init.ProblemInitializer.prepare(ProblemInitializer.java:449)
	at de.uka.ilkd.key.proof.io.AbstractProblemLoader.createInitConfig(AbstractProblemLoader.java:518)
	at de.uka.ilkd.key.proof.io.AbstractProblemLoader.loadEnvironment(AbstractProblemLoader.java:288)
	at de.uka.ilkd.key.proof.io.AbstractProblemLoader.load(AbstractProblemLoader.java:252)
	at de.uka.ilkd.key.control.AbstractUserInterfaceControl.load(AbstractUserInterfaceControl.java:209)
	... 7 more
Caused by: java.lang.RuntimeException: Could not find rule file rules/intRulesCheckedSemantics.key
	at de.uka.ilkd.key.proof.io.RuleSourceFactory.fromBuiltInRule(RuleSourceFactory.java:32)
	at de.uka.ilkd.key.proof.io.RuleSourceFactory.fromDefaultLocation(RuleSourceFactory.java:21)
	at de.uka.ilkd.key.nparser.builder.IncludeFinder.addInclude(IncludeFinder.java:63)
	at de.uka.ilkd.key.nparser.builder.IncludeFinder.visitOne_include(IncludeFinder.java:43)
	at de.uka.ilkd.key.nparser.builder.IncludeFinder.visitOne_include(IncludeFinder.java:20)
	at de.uka.ilkd.key.nparser.KeYParser$One_includeContext.accept(KeYParser.java:878)
	at de.uka.ilkd.key.nparser.builder.AbstractBuilder.lambda$mapOf$0(AbstractBuilder.java:112)
	at java.base/java.util.stream.ReferencePipeline$3$1.accept(ReferencePipeline.java:195)
	at java.base/java.util.ArrayList$ArrayListSpliterator.forEachRemaining(ArrayList.java:1655)
	at java.base/java.util.stream.AbstractPipeline.copyInto(AbstractPipeline.java:484)
	at java.base/java.util.stream.AbstractPipeline.wrapAndCopyInto(AbstractPipeline.java:474)
	at java.base/java.util.stream.ReduceOps$ReduceOp.evaluateSequential(ReduceOps.java:913)
	at java.base/java.util.stream.AbstractPipeline.evaluate(AbstractPipeline.java:234)
	at java.base/java.util.stream.ReferencePipeline.collect(ReferencePipeline.java:578)
	at de.uka.ilkd.key.nparser.builder.AbstractBuilder.mapOf(AbstractBuilder.java:112)
	at de.uka.ilkd.key.nparser.builder.IncludeFinder.visitOne_include_statement(IncludeFinder.java:35)
	at de.uka.ilkd.key.nparser.builder.IncludeFinder.visitOne_include_statement(IncludeFinder.java:20)
	at de.uka.ilkd.key.nparser.KeYParser$One_include_statementContext.accept(KeYParser.java:802)
	at org.antlr.v4.runtime.tree.AbstractParseTreeVisitor.visitChildren(AbstractParseTreeVisitor.java:46)
	at de.uka.ilkd.key.nparser.KeYParserBaseVisitor.visitDecls(KeYParserBaseVisitor.java:30)
	at de.uka.ilkd.key.nparser.KeYParser$DeclsContext.accept(KeYParser.java:500)
	at org.antlr.v4.runtime.tree.AbstractParseTreeVisitor.visitChildren(AbstractParseTreeVisitor.java:46)
	at de.uka.ilkd.key.nparser.KeYParserBaseVisitor.visitFile(KeYParserBaseVisitor.java:23)
	at de.uka.ilkd.key.nparser.KeYParser$FileContext.accept(KeYParser.java:306)
	at de.uka.ilkd.key.nparser.KeyAst.accept(KeyAst.java:41)
	at de.uka.ilkd.key.nparser.KeyAst$File.getIncludes(KeyAst.java:76)
	at de.uka.ilkd.key.proof.io.KeYFile.readIncludes(KeYFile.java:208)
	... 14 more
Could not find rule file rules/intRulesCheckedSemantics.key (file: /home/runner/work/key/key/key.core/../key.ui/examples/index/../InformationFlow/MiniExamples/mini.MiniExamples(mini.MiniExamples__secure_p1_6()).Non-interference contract.0.key; caused by: de.uka.ilkd.key.proof.init.ProofInputException: Could not find rule file rules/intRulesCheckedSemantics.key)
	at de.uka.ilkd.key.control.AbstractUserInterfaceControl.load(AbstractUserInterfaceControl.java:221)
	at de.uka.ilkd.key.control.KeYEnvironment.load(KeYEnvironment.java:251)
	at de.uka.ilkd.key.control.KeYEnvironment.load(KeYEnvironment.java:224)
	at de.uka.ilkd.key.control.KeYEnvironment.load(KeYEnvironment.java:184)
	at de.uka.ilkd.key.control.KeYEnvironment.load(KeYEnvironment.java:261)
	at de.uka.ilkd.key.proof.runallproofs.proofcollection.TestFile.load(TestFile.java:270)
	at de.uka.ilkd.key.proof.runallproofs.proofcollection.TestFile.runKey(TestFile.java:160)
	at de.uka.ilkd.key.proof.runallproofs.proofcollection.ForkedTestFileRunner.main(ForkedTestFileRunner.java:171)
Caused by: de.uka.ilkd.key.proof.init.ProofInputException: Could not find rule file rules/intRulesCheckedSemantics.key
	at de.uka.ilkd.key.proof.io.KeYFile.readIncludes(KeYFile.java:210)
	at de.uka.ilkd.key.proof.init.ProblemInitializer.readIncludes(ProblemInitializer.java:177)
	at de.uka.ilkd.key.proof.init.ProblemInitializer.readEnvInput(ProblemInitializer.java:325)
	at de.uka.ilkd.key.proof.init.ProblemInitializer.prepare(ProblemInitializer.java:449)
	at de.uka.ilkd.key.proof.io.AbstractProblemLoader.createInitConfig(AbstractProblemLoader.java:518)
	at de.uka.ilkd.key.proof.io.AbstractProblemLoader.loadEnvironment(AbstractProblemLoader.java:288)
	at de.uka.ilkd.key.proof.io.AbstractProblemLoader.load(AbstractProblemLoader.java:252)
	at de.uka.ilkd.key.control.AbstractUserInterfaceControl.load(AbstractUserInterfaceControl.java:209)
	... 7 more
Caused by: java.lang.RuntimeException: Could not find rule file rules/intRulesCheckedSemantics.key
	at de.uka.ilkd.key.proof.io.RuleSourceFactory.fromBuiltInRule(RuleSourceFactory.java:32)
	at de.uka.ilkd.key.proof.io.RuleSourceFactory.fromDefaultLocation(RuleSourceFactory.java:21)
	at de.uka.ilkd.key.nparser.builder.IncludeFinder.addInclude(IncludeFinder.java:63)
	at de.uka.ilkd.key.nparser.builder.IncludeFinder.visitOne_include(IncludeFinder.java:43)
	at de.uka.ilkd.key.nparser.builder.IncludeFinder.visitOne_include(IncludeFinder.java:20)
	at de.uka.ilkd.key.nparser.KeYParser$One_includeContext.accept(KeYParser.java:878)
	at de.uka.ilkd.key.nparser.builder.AbstractBuilder.lambda$mapOf$0(AbstractBuilder.java:112)
	at java.base/java.util.stream.ReferencePipeline$3$1.accept(ReferencePipeline.java:195)
	at java.base/java.util.ArrayList$ArrayListSpliterator.forEachRemaining(ArrayList.java:1655)
	at java.base/java.util.stream.AbstractPipeline.copyInto(AbstractPipeline.java:484)
	at java.base/java.util.stream.AbstractPipeline.wrapAndCopyInto(AbstractPipeline.java:474)
	at java.base/java.util.stream.ReduceOps$ReduceOp.evaluateSequential(ReduceOps.java:913)
	at java.base/java.util.stream.AbstractPipeline.evaluate(AbstractPipeline.java:234)
	at java.base/java.util.stream.ReferencePipeline.collect(ReferencePipeline.java:578)
	at de.uka.ilkd.key.nparser.builder.AbstractBuilder.mapOf(AbstractBuilder.java:112)
	at de.uka.ilkd.key.nparser.builder.IncludeFinder.visitOne_include_statement(IncludeFinder.java:35)
	at de.uka.ilkd.key.nparser.builder.IncludeFinder.visitOne_include_statement(IncludeFinder.java:20)
	at de.uka.ilkd.key.nparser.KeYParser$One_include_statementContext.accept(KeYParser.java:802)
	at org.antlr.v4.runtime.tree.AbstractParseTreeVisitor.visitChildren(AbstractParseTreeVisitor.java:46)
	at de.uka.ilkd.key.nparser.KeYParserBaseVisitor.visitDecls(KeYParserBaseVisitor.java:30)
	at de.uka.ilkd.key.nparser.KeYParser$DeclsContext.accept(KeYParser.java:500)
	at org.antlr.v4.runtime.tree.AbstractParseTreeVisitor.visitChildren(AbstractParseTreeVisitor.java:46)
	at de.uka.ilkd.key.nparser.KeYParserBaseVisitor.visitFile(KeYParserBaseVisitor.java:23)
	at de.uka.ilkd.key.nparser.KeYParser$FileContext.accept(KeYParser.java:306)
	at de.uka.ilkd.key.nparser.KeyAst.accept(KeyAst.java:41)
	at de.uka.ilkd.key.nparser.KeyAst$File.getIncludes(KeyAst.java:76)
	at de.uka.ilkd.key.proof.io.KeYFile.readIncludes(KeYFile.java:208)
	... 14 more
Could not find rule file rules/intRulesCheckedSemantics.key (file: /home/runner/work/key/key/key.core/../key.ui/examples/index/../InformationFlow/MiniExamples/mini.MiniExamples(mini.MiniExamples__secure_p1_5()).Non-interference contract.0.key; caused by: de.uka.ilkd.key.proof.init.ProofInputException: Could not find rule file rules/intRulesCheckedSemantics.key)
	at de.uka.ilkd.key.control.AbstractUserInterfaceControl.load(AbstractUserInterfaceControl.java:221)
	at de.uka.ilkd.key.control.KeYEnvironment.load(KeYEnvironment.java:251)
	at de.uka.ilkd.key.control.KeYEnvironment.load(KeYEnvironment.java:224)
	at de.uka.ilkd.key.control.KeYEnvironment.load(KeYEnvironment.java:184)
	at de.uka.ilkd.key.control.KeYEnvironment.load(KeYEnvironment.java:261)
	at de.uka.ilkd.key.proof.runallproofs.proofcollection.TestFile.load(TestFile.java:270)
	at de.uka.ilkd.key.proof.runallproofs.proofcollection.TestFile.runKey(TestFile.java:160)
	at de.uka.ilkd.key.proof.runallproofs.proofcollection.ForkedTestFileRunner.main(ForkedTestFileRunner.java:171)
Caused by: de.uka.ilkd.key.proof.init.ProofInputException: Could not find rule file rules/intRulesCheckedSemantics.key
	at de.uka.ilkd.key.proof.io.KeYFile.readIncludes(KeYFile.java:210)
	at de.uka.ilkd.key.proof.init.ProblemInitializer.readIncludes(ProblemInitializer.java:177)
	at de.uka.ilkd.key.proof.init.ProblemInitializer.readEnvInput(ProblemInitializer.java:325)
	at de.uka.ilkd.key.proof.init.ProblemInitializer.prepare(ProblemInitializer.java:449)
	at de.uka.ilkd.key.proof.io.AbstractProblemLoader.createInitConfig(AbstractProblemLoader.java:518)
	at de.uka.ilkd.key.proof.io.AbstractProblemLoader.loadEnvironment(AbstractProblemLoader.java:288)
	at de.uka.ilkd.key.proof.io.AbstractProblemLoader.load(AbstractProblemLoader.java:252)
	at de.uka.ilkd.key.control.AbstractUserInterfaceControl.load(AbstractUserInterfaceControl.java:209)
	... 7 more
Caused by: java.lang.RuntimeException: Could not find rule file rules/intRulesCheckedSemantics.key
	at de.uka.ilkd.key.proof.io.RuleSourceFactory.fromBuiltInRule(RuleSourceFactory.java:32)
	at de.uka.ilkd.key.proof.io.RuleSourceFactory.fromDefaultLocation(RuleSourceFactory.java:21)
	at de.uka.ilkd.key.nparser.builder.IncludeFinder.addInclude(IncludeFinder.java:63)
	at de.uka.ilkd.key.nparser.builder.IncludeFinder.visitOne_include(IncludeFinder.java:43)
	at de.uka.ilkd.key.nparser.builder.IncludeFinder.visitOne_include(IncludeFinder.java:20)
	at de.uka.ilkd.key.nparser.KeYParser$One_includeContext.accept(KeYParser.java:878)
	at de.uka.ilkd.key.nparser.builder.AbstractBuilder.lambda$mapOf$0(AbstractBuilder.java:112)
	at java.base/java.util.stream.ReferencePipeline$3$1.accept(ReferencePipeline.java:195)
	at java.base/java.util.ArrayList$ArrayListSpliterator.forEachRemaining(ArrayList.java:1655)
	at java.base/java.util.stream.AbstractPipeline.copyInto(AbstractPipeline.java:484)
	at java.base/java.util.stream.AbstractPipeline.wrapAndCopyInto(AbstractPipeline.java:474)
	at java.base/java.util.stream.ReduceOps$ReduceOp.evaluateSequential(ReduceOps.java:913)
	at java.base/java.util.stream.AbstractPipeline.evaluate(AbstractPipeline.java:234)
	at java.base/java.util.stream.ReferencePipeline.collect(ReferencePipeline.java:578)
	at de.uka.ilkd.key.nparser.builder.AbstractBuilder.mapOf(AbstractBuilder.java:112)
	at de.uka.ilkd.key.nparser.builder.IncludeFinder.visitOne_include_statement(IncludeFinder.java:35)
	at de.uka.ilkd.key.nparser.builder.IncludeFinder.visitOne_include_statement(IncludeFinder.java:20)
	at de.uka.ilkd.key.nparser.KeYParser$One_include_statementContext.accept(KeYParser.java:802)
	at org.antlr.v4.runtime.tree.AbstractParseTreeVisitor.visitChildren(AbstractParseTreeVisitor.java:46)
	at de.uka.ilkd.key.nparser.KeYParserBaseVisitor.visitDecls(KeYParserBaseVisitor.java:30)
	at de.uka.ilkd.key.nparser.KeYParser$DeclsContext.accept(KeYParser.java:500)
	at org.antlr.v4.runtime.tree.AbstractParseTreeVisitor.visitChildren(AbstractParseTreeVisitor.java:46)
	at de.uka.ilkd.key.nparser.KeYParserBaseVisitor.visitFile(KeYParserBaseVisitor.java:23)
	at de.uka.ilkd.key.nparser.KeYParser$FileContext.accept(KeYParser.java:306)
	at de.uka.ilkd.key.nparser.KeyAst.accept(KeyAst.java:41)
	at de.uka.ilkd.key.nparser.KeyAst$File.getIncludes(KeyAst.java:76)
	at de.uka.ilkd.key.proof.io.KeYFile.readIncludes(KeYFile.java:208)
	... 14 more
Could not find rule file rules/intRulesCheckedSemantics.key (file: /home/runner/work/key/key/key.core/../key.ui/examples/index/../InformationFlow/MiniExamples/mini.MiniExamples(mini.MiniExamples__secure_p1_4()).Non-interference contract.0.key; caused by: de.uka.ilkd.key.proof.init.ProofInputException: Could not find rule file rules/intRulesCheckedSemantics.key)
	at de.uka.ilkd.key.control.AbstractUserInterfaceControl.load(AbstractUserInterfaceControl.java:221)
	at de.uka.ilkd.key.control.KeYEnvironment.load(KeYEnvironment.java:251)
	at de.uka.ilkd.key.control.KeYEnvironment.load(KeYEnvironment.java:224)
	at de.uka.ilkd.key.control.KeYEnvironment.load(KeYEnvironment.java:184)
	at de.uka.ilkd.key.control.KeYEnvironment.load(KeYEnvironment.java:261)
	at de.uka.ilkd.key.proof.runallproofs.proofcollection.TestFile.load(TestFile.java:270)
	at de.uka.ilkd.key.proof.runallproofs.proofcollection.TestFile.runKey(TestFile.java:160)
	at de.uka.ilkd.key.proof.runallproofs.proofcollection.ForkedTestFileRunner.main(ForkedTestFileRunner.java:171)
Caused by: de.uka.ilkd.key.proof.init.ProofInputException: Could not find rule file rules/intRulesCheckedSemantics.key
	at de.uka.ilkd.key.proof.io.KeYFile.readIncludes(KeYFile.java:210)
	at de.uka.ilkd.key.proof.init.ProblemInitializer.readIncludes(ProblemInitializer.java:177)
	at de.uka.ilkd.key.proof.init.ProblemInitializer.readEnvInput(ProblemInitializer.java:325)
	at de.uka.ilkd.key.proof.init.ProblemInitializer.prepare(ProblemInitializer.java:449)
	at de.uka.ilkd.key.proof.io.AbstractProblemLoader.createInitConfig(AbstractProblemLoader.java:518)
	at de.uka.ilkd.key.proof.io.AbstractProblemLoader.loadEnvironment(AbstractProblemLoader.java:288)
	at de.uka.ilkd.key.proof.io.AbstractProblemLoader.load(AbstractProblemLoader.java:252)
	at de.uka.ilkd.key.control.AbstractUserInterfaceControl.load(AbstractUserInterfaceControl.java:209)
	... 7 more
Caused by: java.lang.RuntimeException: Could not find rule file rules/intRulesCheckedSemantics.key
	at de.uka.ilkd.key.proof.io.RuleSourceFactory.fromBuiltInRule(RuleSourceFactory.java:32)
	at de.uka.ilkd.key.proof.io.RuleSourceFactory.fromDefaultLocation(RuleSourceFactory.java:21)
	at de.uka.ilkd.key.nparser.builder.IncludeFinder.addInclude(IncludeFinder.java:63)
	at de.uka.ilkd.key.nparser.builder.IncludeFinder.visitOne_include(IncludeFinder.java:43)
	at de.uka.ilkd.key.nparser.builder.IncludeFinder.visitOne_include(IncludeFinder.java:20)
	at de.uka.ilkd.key.nparser.KeYParser$One_includeContext.accept(KeYParser.java:878)
	at de.uka.ilkd.key.nparser.builder.AbstractBuilder.lambda$mapOf$0(AbstractBuilder.java:112)
	at java.base/java.util.stream.ReferencePipeline$3$1.accept(ReferencePipeline.java:195)
	at java.base/java.util.ArrayList$ArrayListSpliterator.forEachRemaining(ArrayList.java:1655)
	at java.base/java.util.stream.AbstractPipeline.copyInto(AbstractPipeline.java:484)
	at java.base/java.util.stream.AbstractPipeline.wrapAndCopyInto(AbstractPipeline.java:474)
	at java.base/java.util.stream.ReduceOps$ReduceOp.evaluateSequential(ReduceOps.java:913)
	at java.base/java.util.stream.AbstractPipeline.evaluate(AbstractPipeline.java:234)
	at java.base/java.util.stream.ReferencePipeline.collect(ReferencePipeline.java:578)
	at de.uka.ilkd.key.nparser.builder.AbstractBuilder.mapOf(AbstractBuilder.java:112)
	at de.uka.ilkd.key.nparser.builder.IncludeFinder.visitOne_include_statement(IncludeFinder.java:35)
	at de.uka.ilkd.key.nparser.builder.IncludeFinder.visitOne_include_statement(IncludeFinder.java:20)
	at de.uka.ilkd.key.nparser.KeYParser$One_include_statementContext.accept(KeYParser.java:802)
	at org.antlr.v4.runtime.tree.AbstractParseTreeVisitor.visitChildren(AbstractParseTreeVisitor.java:46)
	at de.uka.ilkd.key.nparser.KeYParserBaseVisitor.visitDecls(KeYParserBaseVisitor.java:30)
	at de.uka.ilkd.key.nparser.KeYParser$DeclsContext.accept(KeYParser.java:500)
	at org.antlr.v4.runtime.tree.AbstractParseTreeVisitor.visitChildren(AbstractParseTreeVisitor.java:46)
	at de.uka.ilkd.key.nparser.KeYParserBaseVisitor.visitFile(KeYParserBaseVisitor.java:23)
	at de.uka.ilkd.key.nparser.KeYParser$FileContext.accept(KeYParser.java:306)
	at de.uka.ilkd.key.nparser.KeyAst.accept(KeyAst.java:41)
	at de.uka.ilkd.key.nparser.KeyAst$File.getIncludes(KeyAst.java:76)
	at de.uka.ilkd.key.proof.io.KeYFile.readIncludes(KeYFile.java:208)
	... 14 more
Could not find rule file rules/intRulesCheckedSemantics.key (file: /home/runner/work/key/key/key.core/../key.ui/examples/index/../InformationFlow/MiniExamples/mini.MiniExamples(mini.MiniExamples__secure_p1_3()).Non-interference contract.0.key; caused by: de.uka.ilkd.key.proof.init.ProofInputException: Could not find rule file rules/intRulesCheckedSemantics.key)
	at de.uka.ilkd.key.control.AbstractUserInterfaceControl.load(AbstractUserInterfaceControl.java:221)
	at de.uka.ilkd.key.control.KeYEnvironment.load(KeYEnvironment.java:251)
	at de.uka.ilkd.key.control.KeYEnvironment.load(KeYEnvironment.java:224)
	at de.uka.ilkd.key.control.KeYEnvironment.load(KeYEnvironment.java:184)
	at de.uka.ilkd.key.control.KeYEnvironment.load(KeYEnvironment.java:261)
	at de.uka.ilkd.key.proof.runallproofs.proofcollection.TestFile.load(TestFile.java:270)
	at de.uka.ilkd.key.proof.runallproofs.proofcollection.TestFile.runKey(TestFile.java:160)
	at de.uka.ilkd.key.proof.runallproofs.proofcollection.ForkedTestFileRunner.main(ForkedTestFileRunner.java:171)
Caused by: de.uka.ilkd.key.proof.init.ProofInputException: Could not find rule file rules/intRulesCheckedSemantics.key
	at de.uka.ilkd.key.proof.io.KeYFile.readIncludes(KeYFile.java:210)
	at de.uka.ilkd.key.proof.init.ProblemInitializer.readIncludes(ProblemInitializer.java:177)
	at de.uka.ilkd.key.proof.init.ProblemInitializer.readEnvInput(ProblemInitializer.java:325)
	at de.uka.ilkd.key.proof.init.ProblemInitializer.prepare(ProblemInitializer.java:449)
	at de.uka.ilkd.key.proof.io.AbstractProblemLoader.createInitConfig(AbstractProblemLoader.java:518)
	at de.uka.ilkd.key.proof.io.AbstractProblemLoader.loadEnvironment(AbstractProblemLoader.java:288)
	at de.uka.ilkd.key.proof.io.AbstractProblemLoader.load(AbstractProblemLoader.java:252)
	at de.uka.ilkd.key.control.AbstractUserInterfaceControl.load(AbstractUserInterfaceControl.java:209)
	... 7 more
Caused by: java.lang.RuntimeException: Could not find rule file rules/intRulesCheckedSemantics.key
	at de.uka.ilkd.key.proof.io.RuleSourceFactory.fromBuiltInRule(RuleSourceFactory.java:32)
	at de.uka.ilkd.key.proof.io.RuleSourceFactory.fromDefaultLocation(RuleSourceFactory.java:21)
	at de.uka.ilkd.key.nparser.builder.IncludeFinder.addInclude(IncludeFinder.java:63)
	at de.uka.ilkd.key.nparser.builder.IncludeFinder.visitOne_include(IncludeFinder.java:43)
	at de.uka.ilkd.key.nparser.builder.IncludeFinder.visitOne_include(IncludeFinder.java:20)
	at de.uka.ilkd.key.nparser.KeYParser$One_includeContext.accept(KeYParser.java:878)
	at de.uka.ilkd.key.nparser.builder.AbstractBuilder.lambda$mapOf$0(AbstractBuilder.java:112)
	at java.base/java.util.stream.ReferencePipeline$3$1.accept(ReferencePipeline.java:195)
	at java.base/java.util.ArrayList$ArrayListSpliterator.forEachRemaining(ArrayList.java:1655)
	at java.base/java.util.stream.AbstractPipeline.copyInto(AbstractPipeline.java:484)
	at java.base/java.util.stream.AbstractPipeline.wrapAndCopyInto(AbstractPipeline.java:474)
	at java.base/java.util.stream.ReduceOps$ReduceOp.evaluateSequential(ReduceOps.java:913)
	at java.base/java.util.stream.AbstractPipeline.evaluate(AbstractPipeline.java:234)
	at java.base/java.util.stream.ReferencePipeline.collect(ReferencePipeline.java:578)
	at de.uka.ilkd.key.nparser.builder.AbstractBuilder.mapOf(AbstractBuilder.java:112)
	at de.uka.ilkd.key.nparser.builder.IncludeFinder.visitOne_include_statement(IncludeFinder.java:35)
	at de.uka.ilkd.key.nparser.builder.IncludeFinder.visitOne_include_statement(IncludeFinder.java:20)
	at de.uka.ilkd.key.nparser.KeYParser$One_include_statementContext.accept(KeYParser.java:802)
	at org.antlr.v4.runtime.tree.AbstractParseTreeVisitor.visitChildren(AbstractParseTreeVisitor.java:46)
	at de.uka.ilkd.key.nparser.KeYParserBaseVisitor.visitDecls(KeYParserBaseVisitor.java:30)
	at de.uka.ilkd.key.nparser.KeYParser$DeclsContext.accept(KeYParser.java:500)
	at org.antlr.v4.runtime.tree.AbstractParseTreeVisitor.visitChildren(AbstractParseTreeVisitor.java:46)
	at de.uka.ilkd.key.nparser.KeYParserBaseVisitor.visitFile(KeYParserBaseVisitor.java:23)
	at de.uka.ilkd.key.nparser.KeYParser$FileContext.accept(KeYParser.java:306)
	at de.uka.ilkd.key.nparser.KeyAst.accept(KeyAst.java:41)
	at de.uka.ilkd.key.nparser.KeyAst$File.getIncludes(KeyAst.java:76)
	at de.uka.ilkd.key.proof.io.KeYFile.readIncludes(KeYFile.java:208)
	... 14 more
Could not find rule file rules/intRulesCheckedSemantics.key (file: /home/runner/work/key/key/key.core/../key.ui/examples/index/../InformationFlow/MiniExamples/mini.MiniExamples(mini.MiniExamples__secure_p1_2()).Non-interference contract.0.key; caused by: de.uka.ilkd.key.proof.init.ProofInputException: Could not find rule file rules/intRulesCheckedSemantics.key)
	at de.uka.ilkd.key.control.AbstractUserInterfaceControl.load(AbstractUserInterfaceControl.java:221)
	at de.uka.ilkd.key.control.KeYEnvironment.load(KeYEnvironment.java:251)
	at de.uka.ilkd.key.control.KeYEnvironment.load(KeYEnvironment.java:224)
	at de.uka.ilkd.key.control.KeYEnvironment.load(KeYEnvironment.java:184)
	at de.uka.ilkd.key.control.KeYEnvironment.load(KeYEnvironment.java:261)
	at de.uka.ilkd.key.proof.runallproofs.proofcollection.TestFile.load(TestFile.java:270)
	at de.uka.ilkd.key.proof.runallproofs.proofcollection.TestFile.runKey(TestFile.java:160)
	at de.uka.ilkd.key.proof.runallproofs.proofcollection.ForkedTestFileRunner.main(ForkedTestFileRunner.java:171)
Caused by: de.uka.ilkd.key.proof.init.ProofInputException: Could not find rule file rules/intRulesCheckedSemantics.key
	at de.uka.ilkd.key.proof.io.KeYFile.readIncludes(KeYFile.java:210)
	at de.uka.ilkd.key.proof.init.ProblemInitializer.readIncludes(ProblemInitializer.java:177)
	at de.uka.ilkd.key.proof.init.ProblemInitializer.readEnvInput(ProblemInitializer.java:325)
	at de.uka.ilkd.key.proof.init.ProblemInitializer.prepare(ProblemInitializer.java:449)
	at de.uka.ilkd.key.proof.io.AbstractProblemLoader.createInitConfig(AbstractProblemLoader.java:518)
	at de.uka.ilkd.key.proof.io.AbstractProblemLoader.loadEnvironment(AbstractProblemLoader.java:288)
	at de.uka.ilkd.key.proof.io.AbstractProblemLoader.load(AbstractProblemLoader.java:252)
	at de.uka.ilkd.key.control.AbstractUserInterfaceControl.load(AbstractUserInterfaceControl.java:209)
	... 7 more
Caused by: java.lang.RuntimeException: Could not find rule file rules/intRulesCheckedSemantics.key
	at de.uka.ilkd.key.proof.io.RuleSourceFactory.fromBuiltInRule(RuleSourceFactory.java:32)
	at de.uka.ilkd.key.proof.io.RuleSourceFactory.fromDefaultLocation(RuleSourceFactory.java:21)
	at de.uka.ilkd.key.nparser.builder.IncludeFinder.addInclude(IncludeFinder.java:63)
	at de.uka.ilkd.key.nparser.builder.IncludeFinder.visitOne_include(IncludeFinder.java:43)
	at de.uka.ilkd.key.nparser.builder.IncludeFinder.visitOne_include(IncludeFinder.java:20)
	at de.uka.ilkd.key.nparser.KeYParser$One_includeContext.accept(KeYParser.java:878)
	at de.uka.ilkd.key.nparser.builder.AbstractBuilder.lambda$mapOf$0(AbstractBuilder.java:112)
	at java.base/java.util.stream.ReferencePipeline$3$1.accept(ReferencePipeline.java:195)
	at java.base/java.util.ArrayList$ArrayListSpliterator.forEachRemaining(ArrayList.java:1655)
	at java.base/java.util.stream.AbstractPipeline.copyInto(AbstractPipeline.java:484)
	at java.base/java.util.stream.AbstractPipeline.wrapAndCopyInto(AbstractPipeline.java:474)
	at java.base/java.util.stream.ReduceOps$ReduceOp.evaluateSequential(ReduceOps.java:913)
	at java.base/java.util.stream.AbstractPipeline.evaluate(AbstractPipeline.java:234)
	at java.base/java.util.stream.ReferencePipeline.collect(ReferencePipeline.java:578)
	at de.uka.ilkd.key.nparser.builder.AbstractBuilder.mapOf(AbstractBuilder.java:112)
	at de.uka.ilkd.key.nparser.builder.IncludeFinder.visitOne_include_statement(IncludeFinder.java:35)
	at de.uka.ilkd.key.nparser.builder.IncludeFinder.visitOne_include_statement(IncludeFinder.java:20)
	at de.uka.ilkd.key.nparser.KeYParser$One_include_statementContext.accept(KeYParser.java:802)
	at org.antlr.v4.runtime.tree.AbstractParseTreeVisitor.visitChildren(AbstractParseTreeVisitor.java:46)
	at de.uka.ilkd.key.nparser.KeYParserBaseVisitor.visitDecls(KeYParserBaseVisitor.java:30)
	at de.uka.ilkd.key.nparser.KeYParser$DeclsContext.accept(KeYParser.java:500)
	at org.antlr.v4.runtime.tree.AbstractParseTreeVisitor.visitChildren(AbstractParseTreeVisitor.java:46)
	at de.uka.ilkd.key.nparser.KeYParserBaseVisitor.visitFile(KeYParserBaseVisitor.java:23)
	at de.uka.ilkd.key.nparser.KeYParser$FileContext.accept(KeYParser.java:306)
	at de.uka.ilkd.key.nparser.KeyAst.accept(KeyAst.java:41)
	at de.uka.ilkd.key.nparser.KeyAst$File.getIncludes(KeyAst.java:76)
	at de.uka.ilkd.key.proof.io.KeYFile.readIncludes(KeYFile.java:208)
	... 14 more
Could not find rule file rules/intRulesCheckedSemantics.key (file: /home/runner/work/key/key/key.core/../key.ui/examples/index/../InformationFlow/MiniExamples/mini.MiniExamples(mini.MiniExamples__secure_p1_1()).Non-interference contract.1.key; caused by: de.uka.ilkd.key.proof.init.ProofInputException: Could not find rule file rules/intRulesCheckedSemantics.key)
	at de.uka.ilkd.key.control.AbstractUserInterfaceControl.load(AbstractUserInterfaceControl.java:221)
	at de.uka.ilkd.key.control.KeYEnvironment.load(KeYEnvironment.java:251)
	at de.uka.ilkd.key.control.KeYEnvironment.load(KeYEnvironment.java:224)
	at de.uka.ilkd.key.control.KeYEnvironment.load(KeYEnvironment.java:184)
	at de.uka.ilkd.key.control.KeYEnvironment.load(KeYEnvironment.java:261)
	at de.uka.ilkd.key.proof.runallproofs.proofcollection.TestFile.load(TestFile.java:270)
	at de.uka.ilkd.key.proof.runallproofs.proofcollection.TestFile.runKey(TestFile.java:160)
	at de.uka.ilkd.key.proof.runallproofs.proofcollection.ForkedTestFileRunner.main(ForkedTestFileRunner.java:171)
Caused by: de.uka.ilkd.key.proof.init.ProofInputException: Could not find rule file rules/intRulesCheckedSemantics.key
	at de.uka.ilkd.key.proof.io.KeYFile.readIncludes(KeYFile.java:210)
	at de.uka.ilkd.key.proof.init.ProblemInitializer.readIncludes(ProblemInitializer.java:177)
	at de.uka.ilkd.key.proof.init.ProblemInitializer.readEnvInput(ProblemInitializer.java:325)
	at de.uka.ilkd.key.proof.init.ProblemInitializer.prepare(ProblemInitializer.java:449)
	at de.uka.ilkd.key.proof.io.AbstractProblemLoader.createInitConfig(AbstractProblemLoader.java:518)
	at de.uka.ilkd.key.proof.io.AbstractProblemLoader.loadEnvironment(AbstractProblemLoader.java:288)
	at de.uka.ilkd.key.proof.io.AbstractProblemLoader.load(AbstractProblemLoader.java:252)
	at de.uka.ilkd.key.control.AbstractUserInterfaceControl.load(AbstractUserInterfaceControl.java:209)
	... 7 more
Caused by: java.lang.RuntimeException: Could not find rule file rules/intRulesCheckedSemantics.key
	at de.uka.ilkd.key.proof.io.RuleSourceFactory.fromBuiltInRule(RuleSourceFactory.java:32)
	at de.uka.ilkd.key.proof.io.RuleSourceFactory.fromDefaultLocation(RuleSourceFactory.java:21)
	at de.uka.ilkd.key.nparser.builder.IncludeFinder.addInclude(IncludeFinder.java:63)
	at de.uka.ilkd.key.nparser.builder.IncludeFinder.visitOne_include(IncludeFinder.java:43)
	at de.uka.ilkd.key.nparser.builder.IncludeFinder.visitOne_include(IncludeFinder.java:20)
	at de.uka.ilkd.key.nparser.KeYParser$One_includeContext.accept(KeYParser.java:878)
	at de.uka.ilkd.key.nparser.builder.AbstractBuilder.lambda$mapOf$0(AbstractBuilder.java:112)
	at java.base/java.util.stream.ReferencePipeline$3$1.accept(ReferencePipeline.java:195)
	at java.base/java.util.ArrayList$ArrayListSpliterator.forEachRemaining(ArrayList.java:1655)
	at java.base/java.util.stream.AbstractPipeline.copyInto(AbstractPipeline.java:484)
	at java.base/java.util.stream.AbstractPipeline.wrapAndCopyInto(AbstractPipeline.java:474)
	at java.base/java.util.stream.ReduceOps$ReduceOp.evaluateSequential(ReduceOps.java:913)
	at java.base/java.util.stream.AbstractPipeline.evaluate(AbstractPipeline.java:234)
	at java.base/java.util.stream.ReferencePipeline.collect(ReferencePipeline.java:578)
	at de.uka.ilkd.key.nparser.builder.AbstractBuilder.mapOf(AbstractBuilder.java:112)
	at de.uka.ilkd.key.nparser.builder.IncludeFinder.visitOne_include_statement(IncludeFinder.java:35)
	at de.uka.ilkd.key.nparser.builder.IncludeFinder.visitOne_include_statement(IncludeFinder.java:20)
	at de.uka.ilkd.key.nparser.KeYParser$One_include_statementContext.accept(KeYParser.java:802)
	at org.antlr.v4.runtime.tree.AbstractParseTreeVisitor.visitChildren(AbstractParseTreeVisitor.java:46)
	at de.uka.ilkd.key.nparser.KeYParserBaseVisitor.visitDecls(KeYParserBaseVisitor.java:30)
	at de.uka.ilkd.key.nparser.KeYParser$DeclsContext.accept(KeYParser.java:500)
	at org.antlr.v4.runtime.tree.AbstractParseTreeVisitor.visitChildren(AbstractParseTreeVisitor.java:46)
	at de.uka.ilkd.key.nparser.KeYParserBaseVisitor.visitFile(KeYParserBaseVisitor.java:23)
	at de.uka.ilkd.key.nparser.KeYParser$FileContext.accept(KeYParser.java:306)
	at de.uka.ilkd.key.nparser.KeyAst.accept(KeyAst.java:41)
	at de.uka.ilkd.key.nparser.KeyAst$File.getIncludes(KeyAst.java:76)
	at de.uka.ilkd.key.proof.io.KeYFile.readIncludes(KeYFile.java:208)
	... 14 more
Could not find rule file rules/intRulesCheckedSemantics.key (file: /home/runner/work/key/key/key.core/../key.ui/examples/index/../InformationFlow/MiniExamples/mini.MiniExamples(mini.MiniExamples__secure_p1_1()).Non-interference contract.0.key; caused by: de.uka.ilkd.key.proof.init.ProofInputException: Could not find rule file rules/intRulesCheckedSemantics.key)
	at de.uka.ilkd.key.control.AbstractUserInterfaceControl.load(AbstractUserInterfaceControl.java:221)
	at de.uka.ilkd.key.control.KeYEnvironment.load(KeYEnvironment.java:251)
	at de.uka.ilkd.key.control.KeYEnvironment.load(KeYEnvironment.java:224)
	at de.uka.ilkd.key.control.KeYEnvironment.load(KeYEnvironment.java:184)
	at de.uka.ilkd.key.control.KeYEnvironment.load(KeYEnvironment.java:261)
	at de.uka.ilkd.key.proof.runallproofs.proofcollection.TestFile.load(TestFile.java:270)
	at de.uka.ilkd.key.proof.runallproofs.proofcollection.TestFile.runKey(TestFile.java:160)
	at de.uka.ilkd.key.proof.runallproofs.proofcollection.ForkedTestFileRunner.main(ForkedTestFileRunner.java:171)
Caused by: de.uka.ilkd.key.proof.init.ProofInputException: Could not find rule file rules/intRulesCheckedSemantics.key
	at de.uka.ilkd.key.proof.io.KeYFile.readIncludes(KeYFile.java:210)
	at de.uka.ilkd.key.proof.init.ProblemInitializer.readIncludes(ProblemInitializer.java:177)
	at de.uka.ilkd.key.proof.init.ProblemInitializer.readEnvInput(ProblemInitializer.java:325)
	at de.uka.ilkd.key.proof.init.ProblemInitializer.prepare(ProblemInitializer.java:449)
	at de.uka.ilkd.key.proof.io.AbstractProblemLoader.createInitConfig(AbstractProblemLoader.java:518)
	at de.uka.ilkd.key.proof.io.AbstractProblemLoader.loadEnvironment(AbstractProblemLoader.java:288)
	at de.uka.ilkd.key.proof.io.AbstractProblemLoader.load(AbstractProblemLoader.java:252)
	at de.uka.ilkd.key.control.AbstractUserInterfaceControl.load(AbstractUserInterfaceControl.java:209)
	... 7 more
Caused by: java.lang.RuntimeException: Could not find rule file rules/intRulesCheckedSemantics.key
	at de.uka.ilkd.key.proof.io.RuleSourceFactory.fromBuiltInRule(RuleSourceFactory.java:32)
	at de.uka.ilkd.key.proof.io.RuleSourceFactory.fromDefaultLocation(RuleSourceFactory.java:21)
	at de.uka.ilkd.key.nparser.builder.IncludeFinder.addInclude(IncludeFinder.java:63)
	at de.uka.ilkd.key.nparser.builder.IncludeFinder.visitOne_include(IncludeFinder.java:43)
	at de.uka.ilkd.key.nparser.builder.IncludeFinder.visitOne_include(IncludeFinder.java:20)
	at de.uka.ilkd.key.nparser.KeYParser$One_includeContext.accept(KeYParser.java:878)
	at de.uka.ilkd.key.nparser.builder.AbstractBuilder.lambda$mapOf$0(AbstractBuilder.java:112)
	at java.base/java.util.stream.ReferencePipeline$3$1.accept(ReferencePipeline.java:195)
	at java.base/java.util.ArrayList$ArrayListSpliterator.forEachRemaining(ArrayList.java:1655)
	at java.base/java.util.stream.AbstractPipeline.copyInto(AbstractPipeline.java:484)
	at java.base/java.util.stream.AbstractPipeline.wrapAndCopyInto(AbstractPipeline.java:474)
	at java.base/java.util.stream.ReduceOps$ReduceOp.evaluateSequential(ReduceOps.java:913)
	at java.base/java.util.stream.AbstractPipeline.evaluate(AbstractPipeline.java:234)
	at java.base/java.util.stream.ReferencePipeline.collect(ReferencePipeline.java:578)
	at de.uka.ilkd.key.nparser.builder.AbstractBuilder.mapOf(AbstractBuilder.java:112)
	at de.uka.ilkd.key.nparser.builder.IncludeFinder.visitOne_include_statement(IncludeFinder.java:35)
	at de.uka.ilkd.key.nparser.builder.IncludeFinder.visitOne_include_statement(IncludeFinder.java:20)
	at de.uka.ilkd.key.nparser.KeYParser$One_include_statementContext.accept(KeYParser.java:802)
	at org.antlr.v4.runtime.tree.AbstractParseTreeVisitor.visitChildren(AbstractParseTreeVisitor.java:46)
	at de.uka.ilkd.key.nparser.KeYParserBaseVisitor.visitDecls(KeYParserBaseVisitor.java:30)
	at de.uka.ilkd.key.nparser.KeYParser$DeclsContext.accept(KeYParser.java:500)
	at org.antlr.v4.runtime.tree.AbstractParseTreeVisitor.visitChildren(AbstractParseTreeVisitor.java:46)
	at de.uka.ilkd.key.nparser.KeYParserBaseVisitor.visitFile(KeYParserBaseVisitor.java:23)
	at de.uka.ilkd.key.nparser.KeYParser$FileContext.accept(KeYParser.java:306)
	at de.uka.ilkd.key.nparser.KeyAst.accept(KeyAst.java:41)
	at de.uka.ilkd.key.nparser.KeyAst$File.getIncludes(KeyAst.java:76)
	at de.uka.ilkd.key.proof.io.KeYFile.readIncludes(KeYFile.java:208)
	... 14 more
Could not find rule file rules/intRulesCheckedSemantics.key (file: /home/runner/work/key/key/key.core/../key.ui/examples/index/../InformationFlow/MiniExamples/mini.MiniExamples(mini.MiniExamples__insecure_p1_2()).Non-interference contract.0.key; caused by: de.uka.ilkd.key.proof.init.ProofInputException: Could not find rule file rules/intRulesCheckedSemantics.key)
	at de.uka.ilkd.key.control.AbstractUserInterfaceControl.load(AbstractUserInterfaceControl.java:221)
	at de.uka.ilkd.key.control.KeYEnvironment.load(KeYEnvironment.java:251)
	at de.uka.ilkd.key.control.KeYEnvironment.load(KeYEnvironment.java:224)
	at de.uka.ilkd.key.control.KeYEnvironment.load(KeYEnvironment.java:184)
	at de.uka.ilkd.key.control.KeYEnvironment.load(KeYEnvironment.java:261)
	at de.uka.ilkd.key.proof.runallproofs.proofcollection.TestFile.load(TestFile.java:270)
	at de.uka.ilkd.key.proof.runallproofs.proofcollection.TestFile.runKey(TestFile.java:160)
	at de.uka.ilkd.key.proof.runallproofs.proofcollection.ForkedTestFileRunner.main(ForkedTestFileRunner.java:171)
Caused by: de.uka.ilkd.key.proof.init.ProofInputException: Could not find rule file rules/intRulesCheckedSemantics.key
	at de.uka.ilkd.key.proof.io.KeYFile.readIncludes(KeYFile.java:210)
	at de.uka.ilkd.key.proof.init.ProblemInitializer.readIncludes(ProblemInitializer.java:177)
	at de.uka.ilkd.key.proof.init.ProblemInitializer.readEnvInput(ProblemInitializer.java:325)
	at de.uka.ilkd.key.proof.init.ProblemInitializer.prepare(ProblemInitializer.java:449)
	at de.uka.ilkd.key.proof.io.AbstractProblemLoader.createInitConfig(AbstractProblemLoader.java:518)
	at de.uka.ilkd.key.proof.io.AbstractProblemLoader.loadEnvironment(AbstractProblemLoader.java:288)
	at de.uka.ilkd.key.proof.io.AbstractProblemLoader.load(AbstractProblemLoader.java:252)
	at de.uka.ilkd.key.control.AbstractUserInterfaceControl.load(AbstractUserInterfaceControl.java:209)
	... 7 more
Caused by: java.lang.RuntimeException: Could not find rule file rules/intRulesCheckedSemantics.key
	at de.uka.ilkd.key.proof.io.RuleSourceFactory.fromBuiltInRule(RuleSourceFactory.java:32)
	at de.uka.ilkd.key.proof.io.RuleSourceFactory.fromDefaultLocation(RuleSourceFactory.java:21)
	at de.uka.ilkd.key.nparser.builder.IncludeFinder.addInclude(IncludeFinder.java:63)
	at de.uka.ilkd.key.nparser.builder.IncludeFinder.visitOne_include(IncludeFinder.java:43)
	at de.uka.ilkd.key.nparser.builder.IncludeFinder.visitOne_include(IncludeFinder.java:20)
	at de.uka.ilkd.key.nparser.KeYParser$One_includeContext.accept(KeYParser.java:878)
	at de.uka.ilkd.key.nparser.builder.AbstractBuilder.lambda$mapOf$0(AbstractBuilder.java:112)
	at java.base/java.util.stream.ReferencePipeline$3$1.accept(ReferencePipeline.java:195)
	at java.base/java.util.ArrayList$ArrayListSpliterator.forEachRemaining(ArrayList.java:1655)
	at java.base/java.util.stream.AbstractPipeline.copyInto(AbstractPipeline.java:484)
	at java.base/java.util.stream.AbstractPipeline.wrapAndCopyInto(AbstractPipeline.java:474)
	at java.base/java.util.stream.ReduceOps$ReduceOp.evaluateSequential(ReduceOps.java:913)
	at java.base/java.util.stream.AbstractPipeline.evaluate(AbstractPipeline.java:234)
	at java.base/java.util.stream.ReferencePipeline.collect(ReferencePipeline.java:578)
	at de.uka.ilkd.key.nparser.builder.AbstractBuilder.mapOf(AbstractBuilder.java:112)
	at de.uka.ilkd.key.nparser.builder.IncludeFinder.visitOne_include_statement(IncludeFinder.java:35)
	at de.uka.ilkd.key.nparser.builder.IncludeFinder.visitOne_include_statement(IncludeFinder.java:20)
	at de.uka.ilkd.key.nparser.KeYParser$One_include_statementContext.accept(KeYParser.java:802)
	at org.antlr.v4.runtime.tree.AbstractParseTreeVisitor.visitChildren(AbstractParseTreeVisitor.java:46)
	at de.uka.ilkd.key.nparser.KeYParserBaseVisitor.visitDecls(KeYParserBaseVisitor.java:30)
	at de.uka.ilkd.key.nparser.KeYParser$DeclsContext.accept(KeYParser.java:500)
	at org.antlr.v4.runtime.tree.AbstractParseTreeVisitor.visitChildren(AbstractParseTreeVisitor.java:46)
	at de.uka.ilkd.key.nparser.KeYParserBaseVisitor.visitFile(KeYParserBaseVisitor.java:23)
	at de.uka.ilkd.key.nparser.KeYParser$FileContext.accept(KeYParser.java:306)
	at de.uka.ilkd.key.nparser.KeyAst.accept(KeyAst.java:41)
	at de.uka.ilkd.key.nparser.KeyAst$File.getIncludes(KeyAst.java:76)
	at de.uka.ilkd.key.proof.io.KeYFile.readIncludes(KeYFile.java:208)
	... 14 more
Could not find rule file rules/intRulesCheckedSemantics.key (file: /home/runner/work/key/key/key.core/../key.ui/examples/index/../InformationFlow/MiniExamples/mini.MiniExamples(mini.MiniExamples__insecure_p1_1()).Non-interference contract.0.key; caused by: de.uka.ilkd.key.proof.init.ProofInputException: Could not find rule file rules/intRulesCheckedSemantics.key)
	at de.uka.ilkd.key.control.AbstractUserInterfaceControl.load(AbstractUserInterfaceControl.java:221)
	at de.uka.ilkd.key.control.KeYEnvironment.load(KeYEnvironment.java:251)
	at de.uka.ilkd.key.control.KeYEnvironment.load(KeYEnvironment.java:224)
	at de.uka.ilkd.key.control.KeYEnvironment.load(KeYEnvironment.java:184)
	at de.uka.ilkd.key.control.KeYEnvironment.load(KeYEnvironment.java:261)
	at de.uka.ilkd.key.proof.runallproofs.proofcollection.TestFile.load(TestFile.java:270)
	at de.uka.ilkd.key.proof.runallproofs.proofcollection.TestFile.runKey(TestFile.java:160)
	at de.uka.ilkd.key.proof.runallproofs.proofcollection.ForkedTestFileRunner.main(ForkedTestFileRunner.java:171)
Caused by: de.uka.ilkd.key.proof.init.ProofInputException: Could not find rule file rules/intRulesCheckedSemantics.key
	at de.uka.ilkd.key.proof.io.KeYFile.readIncludes(KeYFile.java:210)
	at de.uka.ilkd.key.proof.init.ProblemInitializer.readIncludes(ProblemInitializer.java:177)
	at de.uka.ilkd.key.proof.init.ProblemInitializer.readEnvInput(ProblemInitializer.java:325)
	at de.uka.ilkd.key.proof.init.ProblemInitializer.prepare(ProblemInitializer.java:449)
	at de.uka.ilkd.key.proof.io.AbstractProblemLoader.createInitConfig(AbstractProblemLoader.java:518)
	at de.uka.ilkd.key.proof.io.AbstractProblemLoader.loadEnvironment(AbstractProblemLoader.java:288)
	at de.uka.ilkd.key.proof.io.AbstractProblemLoader.load(AbstractProblemLoader.java:252)
	at de.uka.ilkd.key.control.AbstractUserInterfaceControl.load(AbstractUserInterfaceControl.java:209)
	... 7 more
Caused by: java.lang.RuntimeException: Could not find rule file rules/intRulesCheckedSemantics.key
	at de.uka.ilkd.key.proof.io.RuleSourceFactory.fromBuiltInRule(RuleSourceFactory.java:32)
	at de.uka.ilkd.key.proof.io.RuleSourceFactory.fromDefaultLocation(RuleSourceFactory.java:21)
	at de.uka.ilkd.key.nparser.builder.IncludeFinder.addInclude(IncludeFinder.java:63)
	at de.uka.ilkd.key.nparser.builder.IncludeFinder.visitOne_include(IncludeFinder.java:43)
	at de.uka.ilkd.key.nparser.builder.IncludeFinder.visitOne_include(IncludeFinder.java:20)
	at de.uka.ilkd.key.nparser.KeYParser$One_includeContext.accept(KeYParser.java:878)
	at de.uka.ilkd.key.nparser.builder.AbstractBuilder.lambda$mapOf$0(AbstractBuilder.java:112)
	at java.base/java.util.stream.ReferencePipeline$3$1.accept(ReferencePipeline.java:195)
	at java.base/java.util.ArrayList$ArrayListSpliterator.forEachRemaining(ArrayList.java:1655)
	at java.base/java.util.stream.AbstractPipeline.copyInto(AbstractPipeline.java:484)
	at java.base/java.util.stream.AbstractPipeline.wrapAndCopyInto(AbstractPipeline.java:474)
	at java.base/java.util.stream.ReduceOps$ReduceOp.evaluateSequential(ReduceOps.java:913)
	at java.base/java.util.stream.AbstractPipeline.evaluate(AbstractPipeline.java:234)
	at java.base/java.util.stream.ReferencePipeline.collect(ReferencePipeline.java:578)
	at de.uka.ilkd.key.nparser.builder.AbstractBuilder.mapOf(AbstractBuilder.java:112)
	at de.uka.ilkd.key.nparser.builder.IncludeFinder.visitOne_include_statement(IncludeFinder.java:35)
	at de.uka.ilkd.key.nparser.builder.IncludeFinder.visitOne_include_statement(IncludeFinder.java:20)
	at de.uka.ilkd.key.nparser.KeYParser$One_include_statementContext.accept(KeYParser.java:802)
	at org.antlr.v4.runtime.tree.AbstractParseTreeVisitor.visitChildren(AbstractParseTreeVisitor.java:46)
	at de.uka.ilkd.key.nparser.KeYParserBaseVisitor.visitDecls(KeYParserBaseVisitor.java:30)
	at de.uka.ilkd.key.nparser.KeYParser$DeclsContext.accept(KeYParser.java:500)
	at org.antlr.v4.runtime.tree.AbstractParseTreeVisitor.visitChildren(AbstractParseTreeVisitor.java:46)
	at de.uka.ilkd.key.nparser.KeYParserBaseVisitor.visitFile(KeYParserBaseVisitor.java:23)
	at de.uka.ilkd.key.nparser.KeYParser$FileContext.accept(KeYParser.java:306)
	at de.uka.ilkd.key.nparser.KeyAst.accept(KeyAst.java:41)
	at de.uka.ilkd.key.nparser.KeyAst$File.getIncludes(KeyAst.java:76)
	at de.uka.ilkd.key.proof.io.KeYFile.readIncludes(KeYFile.java:208)
	... 14 more
Exception in thread "main" org.opentest4j.AssertionFailedError: Exception during the execution of proofs. See log for more details.
	at org.junit.jupiter.api.AssertionUtils.fail(AssertionUtils.java:39)
	at org.junit.jupiter.api.Assertions.fail(Assertions.java:134)
	at de.uka.ilkd.key.proof.runallproofs.proofcollection.ForkedTestFileRunner.main(ForkedTestFileRunner.java:192)
Timeout watcher launched (1000 secs.)
Could not find rule file rules/intRulesCheckedSemantics.key (file: /home/runner/work/key/key/key.core/../key.ui/examples/index/../InformationFlow/NewObjects/object.AmtoftBanerjee3(object.AmtoftBanerjee3__m()).Non-interference contract.0.key; caused by: de.uka.ilkd.key.proof.init.ProofInputException: Could not find rule file rules/intRulesCheckedSemantics.key)
	at de.uka.ilkd.key.control.AbstractUserInterfaceControl.load(AbstractUserInterfaceControl.java:221)
	at de.uka.ilkd.key.control.KeYEnvironment.load(KeYEnvironment.java:251)
	at de.uka.ilkd.key.control.KeYEnvironment.load(KeYEnvironment.java:224)
	at de.uka.ilkd.key.control.KeYEnvironment.load(KeYEnvironment.java:184)
	at de.uka.ilkd.key.control.KeYEnvironment.load(KeYEnvironment.java:261)
	at de.uka.ilkd.key.proof.runallproofs.proofcollection.TestFile.load(TestFile.java:270)
	at de.uka.ilkd.key.proof.runallproofs.proofcollection.TestFile.runKey(TestFile.java:160)
	at de.uka.ilkd.key.proof.runallproofs.proofcollection.ForkedTestFileRunner.main(ForkedTestFileRunner.java:171)
Caused by: de.uka.ilkd.key.proof.init.ProofInputException: Could not find rule file rules/intRulesCheckedSemantics.key
	at de.uka.ilkd.key.proof.io.KeYFile.readIncludes(KeYFile.java:210)
	at de.uka.ilkd.key.proof.init.ProblemInitializer.readIncludes(ProblemInitializer.java:177)
	at de.uka.ilkd.key.proof.init.ProblemInitializer.readEnvInput(ProblemInitializer.java:325)
	at de.uka.ilkd.key.proof.init.ProblemInitializer.prepare(ProblemInitializer.java:449)
	at de.uka.ilkd.key.proof.io.AbstractProblemLoader.createInitConfig(AbstractProblemLoader.java:518)
	at de.uka.ilkd.key.proof.io.AbstractProblemLoader.loadEnvironment(AbstractProblemLoader.java:288)
	at de.uka.ilkd.key.proof.io.AbstractProblemLoader.load(AbstractProblemLoader.java:252)
	at de.uka.ilkd.key.control.AbstractUserInterfaceControl.load(AbstractUserInterfaceControl.java:209)
	... 7 more
Caused by: java.lang.RuntimeException: Could not find rule file rules/intRulesCheckedSemantics.key
	at de.uka.ilkd.key.proof.io.RuleSourceFactory.fromBuiltInRule(RuleSourceFactory.java:32)
	at de.uka.ilkd.key.proof.io.RuleSourceFactory.fromDefaultLocation(RuleSourceFactory.java:21)
	at de.uka.ilkd.key.nparser.builder.IncludeFinder.addInclude(IncludeFinder.java:63)
	at de.uka.ilkd.key.nparser.builder.IncludeFinder.visitOne_include(IncludeFinder.java:43)
	at de.uka.ilkd.key.nparser.builder.IncludeFinder.visitOne_include(IncludeFinder.java:20)
	at de.uka.ilkd.key.nparser.KeYParser$One_includeContext.accept(KeYParser.java:878)
	at de.uka.ilkd.key.nparser.builder.AbstractBuilder.lambda$mapOf$0(AbstractBuilder.java:112)
	at java.base/java.util.stream.ReferencePipeline$3$1.accept(ReferencePipeline.java:195)
	at java.base/java.util.ArrayList$ArrayListSpliterator.forEachRemaining(ArrayList.java:1655)
	at java.base/java.util.stream.AbstractPipeline.copyInto(AbstractPipeline.java:484)
	at java.base/java.util.stream.AbstractPipeline.wrapAndCopyInto(AbstractPipeline.java:474)
	at java.base/java.util.stream.ReduceOps$ReduceOp.evaluateSequential(ReduceOps.java:913)
	at java.base/java.util.stream.AbstractPipeline.evaluate(AbstractPipeline.java:234)
	at java.base/java.util.stream.ReferencePipeline.collect(ReferencePipeline.java:578)
	at de.uka.ilkd.key.nparser.builder.AbstractBuilder.mapOf(AbstractBuilder.java:112)
	at de.uka.ilkd.key.nparser.builder.IncludeFinder.visitOne_include_statement(IncludeFinder.java:35)
	at de.uka.ilkd.key.nparser.builder.IncludeFinder.visitOne_include_statement(IncludeFinder.java:20)
	at de.uka.ilkd.key.nparser.KeYParser$One_include_statementContext.accept(KeYParser.java:802)
	at org.antlr.v4.runtime.tree.AbstractParseTreeVisitor.visitChildren(AbstractParseTreeVisitor.java:46)
	at de.uka.ilkd.key.nparser.KeYParserBaseVisitor.visitDecls(KeYParserBaseVisitor.java:30)
	at de.uka.ilkd.key.nparser.KeYParser$DeclsContext.accept(KeYParser.java:500)
	at org.antlr.v4.runtime.tree.AbstractParseTreeVisitor.visitChildren(AbstractParseTreeVisitor.java:46)
	at de.uka.ilkd.key.nparser.KeYParserBaseVisitor.visitFile(KeYParserBaseVisitor.java:23)
	at de.uka.ilkd.key.nparser.KeYParser$FileContext.accept(KeYParser.java:306)
	at de.uka.ilkd.key.nparser.KeyAst.accept(KeyAst.java:41)
	at de.uka.ilkd.key.nparser.KeyAst$File.getIncludes(KeyAst.java:76)
	at de.uka.ilkd.key.proof.io.KeYFile.readIncludes(KeYFile.java:208)
	... 14 more
Could not find rule file rules/intRulesCheckedSemantics.key (file: /home/runner/work/key/key/key.core/../key.ui/examples/index/../InformationFlow/NewObjects/object.AmtoftBanerjee(object.AmtoftBanerjee__m_2()).Non-interference contract.0.key; caused by: de.uka.ilkd.key.proof.init.ProofInputException: Could not find rule file rules/intRulesCheckedSemantics.key)
	at de.uka.ilkd.key.control.AbstractUserInterfaceControl.load(AbstractUserInterfaceControl.java:221)
	at de.uka.ilkd.key.control.KeYEnvironment.load(KeYEnvironment.java:251)
	at de.uka.ilkd.key.control.KeYEnvironment.load(KeYEnvironment.java:224)
	at de.uka.ilkd.key.control.KeYEnvironment.load(KeYEnvironment.java:184)
	at de.uka.ilkd.key.control.KeYEnvironment.load(KeYEnvironment.java:261)
	at de.uka.ilkd.key.proof.runallproofs.proofcollection.TestFile.load(TestFile.java:270)
	at de.uka.ilkd.key.proof.runallproofs.proofcollection.TestFile.runKey(TestFile.java:160)
	at de.uka.ilkd.key.proof.runallproofs.proofcollection.ForkedTestFileRunner.main(ForkedTestFileRunner.java:171)
Caused by: de.uka.ilkd.key.proof.init.ProofInputException: Could not find rule file rules/intRulesCheckedSemantics.key
	at de.uka.ilkd.key.proof.io.KeYFile.readIncludes(KeYFile.java:210)
	at de.uka.ilkd.key.proof.init.ProblemInitializer.readIncludes(ProblemInitializer.java:177)
	at de.uka.ilkd.key.proof.init.ProblemInitializer.readEnvInput(ProblemInitializer.java:325)
	at de.uka.ilkd.key.proof.init.ProblemInitializer.prepare(ProblemInitializer.java:449)
	at de.uka.ilkd.key.proof.io.AbstractProblemLoader.createInitConfig(AbstractProblemLoader.java:518)
	at de.uka.ilkd.key.proof.io.AbstractProblemLoader.loadEnvironment(AbstractProblemLoader.java:288)
	at de.uka.ilkd.key.proof.io.AbstractProblemLoader.load(AbstractProblemLoader.java:252)
	at de.uka.ilkd.key.control.AbstractUserInterfaceControl.load(AbstractUserInterfaceControl.java:209)
	... 7 more
Caused by: java.lang.RuntimeException: Could not find rule file rules/intRulesCheckedSemantics.key
	at de.uka.ilkd.key.proof.io.RuleSourceFactory.fromBuiltInRule(RuleSourceFactory.java:32)
	at de.uka.ilkd.key.proof.io.RuleSourceFactory.fromDefaultLocation(RuleSourceFactory.java:21)
	at de.uka.ilkd.key.nparser.builder.IncludeFinder.addInclude(IncludeFinder.java:63)
	at de.uka.ilkd.key.nparser.builder.IncludeFinder.visitOne_include(IncludeFinder.java:43)
	at de.uka.ilkd.key.nparser.builder.IncludeFinder.visitOne_include(IncludeFinder.java:20)
	at de.uka.ilkd.key.nparser.KeYParser$One_includeContext.accept(KeYParser.java:878)
	at de.uka.ilkd.key.nparser.builder.AbstractBuilder.lambda$mapOf$0(AbstractBuilder.java:112)
	at java.base/java.util.stream.ReferencePipeline$3$1.accept(ReferencePipeline.java:195)
	at java.base/java.util.ArrayList$ArrayListSpliterator.forEachRemaining(ArrayList.java:1655)
	at java.base/java.util.stream.AbstractPipeline.copyInto(AbstractPipeline.java:484)
	at java.base/java.util.stream.AbstractPipeline.wrapAndCopyInto(AbstractPipeline.java:474)
	at java.base/java.util.stream.ReduceOps$ReduceOp.evaluateSequential(ReduceOps.java:913)
	at java.base/java.util.stream.AbstractPipeline.evaluate(AbstractPipeline.java:234)
	at java.base/java.util.stream.ReferencePipeline.collect(ReferencePipeline.java:578)
	at de.uka.ilkd.key.nparser.builder.AbstractBuilder.mapOf(AbstractBuilder.java:112)
	at de.uka.ilkd.key.nparser.builder.IncludeFinder.visitOne_include_statement(IncludeFinder.java:35)
	at de.uka.ilkd.key.nparser.builder.IncludeFinder.visitOne_include_statement(IncludeFinder.java:20)
	at de.uka.ilkd.key.nparser.KeYParser$One_include_statementContext.accept(KeYParser.java:802)
	at org.antlr.v4.runtime.tree.AbstractParseTreeVisitor.visitChildren(AbstractParseTreeVisitor.java:46)
	at de.uka.ilkd.key.nparser.KeYParserBaseVisitor.visitDecls(KeYParserBaseVisitor.java:30)
	at de.uka.ilkd.key.nparser.KeYParser$DeclsContext.accept(KeYParser.java:500)
	at org.antlr.v4.runtime.tree.AbstractParseTreeVisitor.visitChildren(AbstractParseTreeVisitor.java:46)
	at de.uka.ilkd.key.nparser.KeYParserBaseVisitor.visitFile(KeYParserBaseVisitor.java:23)
	at de.uka.ilkd.key.nparser.KeYParser$FileContext.accept(KeYParser.java:306)
	at de.uka.ilkd.key.nparser.KeyAst.accept(KeyAst.java:41)
	at de.uka.ilkd.key.nparser.KeyAst$File.getIncludes(KeyAst.java:76)
	at de.uka.ilkd.key.proof.io.KeYFile.readIncludes(KeYFile.java:208)
	... 14 more
Could not find rule file rules/intRulesCheckedSemantics.key (file: /home/runner/work/key/key/key.core/../key.ui/examples/index/../InformationFlow/NewObjects/object.AmtoftBanerjee(object.AmtoftBanerjee__m_1()).Non-interference contract.1.key; caused by: de.uka.ilkd.key.proof.init.ProofInputException: Could not find rule file rules/intRulesCheckedSemantics.key)
	at de.uka.ilkd.key.control.AbstractUserInterfaceControl.load(AbstractUserInterfaceControl.java:221)
	at de.uka.ilkd.key.control.KeYEnvironment.load(KeYEnvironment.java:251)
	at de.uka.ilkd.key.control.KeYEnvironment.load(KeYEnvironment.java:224)
	at de.uka.ilkd.key.control.KeYEnvironment.load(KeYEnvironment.java:184)
	at de.uka.ilkd.key.control.KeYEnvironment.load(KeYEnvironment.java:261)
	at de.uka.ilkd.key.proof.runallproofs.proofcollection.TestFile.load(TestFile.java:270)
	at de.uka.ilkd.key.proof.runallproofs.proofcollection.TestFile.runKey(TestFile.java:160)
	at de.uka.ilkd.key.proof.runallproofs.proofcollection.ForkedTestFileRunner.main(ForkedTestFileRunner.java:171)
Caused by: de.uka.ilkd.key.proof.init.ProofInputException: Could not find rule file rules/intRulesCheckedSemantics.key
	at de.uka.ilkd.key.proof.io.KeYFile.readIncludes(KeYFile.java:210)
	at de.uka.ilkd.key.proof.init.ProblemInitializer.readIncludes(ProblemInitializer.java:177)
	at de.uka.ilkd.key.proof.init.ProblemInitializer.readEnvInput(ProblemInitializer.java:325)
	at de.uka.ilkd.key.proof.init.ProblemInitializer.prepare(ProblemInitializer.java:449)
	at de.uka.ilkd.key.proof.io.AbstractProblemLoader.createInitConfig(AbstractProblemLoader.java:518)
	at de.uka.ilkd.key.proof.io.AbstractProblemLoader.loadEnvironment(AbstractProblemLoader.java:288)
	at de.uka.ilkd.key.proof.io.AbstractProblemLoader.load(AbstractProblemLoader.java:252)
	at de.uka.ilkd.key.control.AbstractUserInterfaceControl.load(AbstractUserInterfaceControl.java:209)
	... 7 more
Caused by: java.lang.RuntimeException: Could not find rule file rules/intRulesCheckedSemantics.key
	at de.uka.ilkd.key.proof.io.RuleSourceFactory.fromBuiltInRule(RuleSourceFactory.java:32)
	at de.uka.ilkd.key.proof.io.RuleSourceFactory.fromDefaultLocation(RuleSourceFactory.java:21)
	at de.uka.ilkd.key.nparser.builder.IncludeFinder.addInclude(IncludeFinder.java:63)
	at de.uka.ilkd.key.nparser.builder.IncludeFinder.visitOne_include(IncludeFinder.java:43)
	at de.uka.ilkd.key.nparser.builder.IncludeFinder.visitOne_include(IncludeFinder.java:20)
	at de.uka.ilkd.key.nparser.KeYParser$One_includeContext.accept(KeYParser.java:878)
	at de.uka.ilkd.key.nparser.builder.AbstractBuilder.lambda$mapOf$0(AbstractBuilder.java:112)
	at java.base/java.util.stream.ReferencePipeline$3$1.accept(ReferencePipeline.java:195)
	at java.base/java.util.ArrayList$ArrayListSpliterator.forEachRemaining(ArrayList.java:1655)
	at java.base/java.util.stream.AbstractPipeline.copyInto(AbstractPipeline.java:484)
	at java.base/java.util.stream.AbstractPipeline.wrapAndCopyInto(AbstractPipeline.java:474)
	at java.base/java.util.stream.ReduceOps$ReduceOp.evaluateSequential(ReduceOps.java:913)
	at java.base/java.util.stream.AbstractPipeline.evaluate(AbstractPipeline.java:234)
	at java.base/java.util.stream.ReferencePipeline.collect(ReferencePipeline.java:578)
	at de.uka.ilkd.key.nparser.builder.AbstractBuilder.mapOf(AbstractBuilder.java:112)
	at de.uka.ilkd.key.nparser.builder.IncludeFinder.visitOne_include_statement(IncludeFinder.java:35)
	at de.uka.ilkd.key.nparser.builder.IncludeFinder.visitOne_include_statement(IncludeFinder.java:20)
	at de.uka.ilkd.key.nparser.KeYParser$One_include_statementContext.accept(KeYParser.java:802)
	at org.antlr.v4.runtime.tree.AbstractParseTreeVisitor.visitChildren(AbstractParseTreeVisitor.java:46)
	at de.uka.ilkd.key.nparser.KeYParserBaseVisitor.visitDecls(KeYParserBaseVisitor.java:30)
	at de.uka.ilkd.key.nparser.KeYParser$DeclsContext.accept(KeYParser.java:500)
	at org.antlr.v4.runtime.tree.AbstractParseTreeVisitor.visitChildren(AbstractParseTreeVisitor.java:46)
	at de.uka.ilkd.key.nparser.KeYParserBaseVisitor.visitFile(KeYParserBaseVisitor.java:23)
	at de.uka.ilkd.key.nparser.KeYParser$FileContext.accept(KeYParser.java:306)
	at de.uka.ilkd.key.nparser.KeyAst.accept(KeyAst.java:41)
	at de.uka.ilkd.key.nparser.KeyAst$File.getIncludes(KeyAst.java:76)
	at de.uka.ilkd.key.proof.io.KeYFile.readIncludes(KeYFile.java:208)
	... 14 more
Could not find rule file rules/intRulesCheckedSemantics.key (file: /home/runner/work/key/key/key.core/../key.ui/examples/index/../InformationFlow/NewObjects/object.AmtoftBanerjee(object.AmtoftBanerjee__m_1()).Non-interference contract.0.key; caused by: de.uka.ilkd.key.proof.init.ProofInputException: Could not find rule file rules/intRulesCheckedSemantics.key)
	at de.uka.ilkd.key.control.AbstractUserInterfaceControl.load(AbstractUserInterfaceControl.java:221)
	at de.uka.ilkd.key.control.KeYEnvironment.load(KeYEnvironment.java:251)
	at de.uka.ilkd.key.control.KeYEnvironment.load(KeYEnvironment.java:224)
	at de.uka.ilkd.key.control.KeYEnvironment.load(KeYEnvironment.java:184)
	at de.uka.ilkd.key.control.KeYEnvironment.load(KeYEnvironment.java:261)
	at de.uka.ilkd.key.proof.runallproofs.proofcollection.TestFile.load(TestFile.java:270)
	at de.uka.ilkd.key.proof.runallproofs.proofcollection.TestFile.runKey(TestFile.java:160)
	at de.uka.ilkd.key.proof.runallproofs.proofcollection.ForkedTestFileRunner.main(ForkedTestFileRunner.java:171)
Caused by: de.uka.ilkd.key.proof.init.ProofInputException: Could not find rule file rules/intRulesCheckedSemantics.key
	at de.uka.ilkd.key.proof.io.KeYFile.readIncludes(KeYFile.java:210)
	at de.uka.ilkd.key.proof.init.ProblemInitializer.readIncludes(ProblemInitializer.java:177)
	at de.uka.ilkd.key.proof.init.ProblemInitializer.readEnvInput(ProblemInitializer.java:325)
	at de.uka.ilkd.key.proof.init.ProblemInitializer.prepare(ProblemInitializer.java:449)
	at de.uka.ilkd.key.proof.io.AbstractProblemLoader.createInitConfig(AbstractProblemLoader.java:518)
	at de.uka.ilkd.key.proof.io.AbstractProblemLoader.loadEnvironment(AbstractProblemLoader.java:288)
	at de.uka.ilkd.key.proof.io.AbstractProblemLoader.load(AbstractProblemLoader.java:252)
	at de.uka.ilkd.key.control.AbstractUserInterfaceControl.load(AbstractUserInterfaceControl.java:209)
	... 7 more
Caused by: java.lang.RuntimeException: Could not find rule file rules/intRulesCheckedSemantics.key
	at de.uka.ilkd.key.proof.io.RuleSourceFactory.fromBuiltInRule(RuleSourceFactory.java:32)
	at de.uka.ilkd.key.proof.io.RuleSourceFactory.fromDefaultLocation(RuleSourceFactory.java:21)
	at de.uka.ilkd.key.nparser.builder.IncludeFinder.addInclude(IncludeFinder.java:63)
	at de.uka.ilkd.key.nparser.builder.IncludeFinder.visitOne_include(IncludeFinder.java:43)
	at de.uka.ilkd.key.nparser.builder.IncludeFinder.visitOne_include(IncludeFinder.java:20)
	at de.uka.ilkd.key.nparser.KeYParser$One_includeContext.accept(KeYParser.java:878)
	at de.uka.ilkd.key.nparser.builder.AbstractBuilder.lambda$mapOf$0(AbstractBuilder.java:112)
	at java.base/java.util.stream.ReferencePipeline$3$1.accept(ReferencePipeline.java:195)
	at java.base/java.util.ArrayList$ArrayListSpliterator.forEachRemaining(ArrayList.java:1655)
	at java.base/java.util.stream.AbstractPipeline.copyInto(AbstractPipeline.java:484)
	at java.base/java.util.stream.AbstractPipeline.wrapAndCopyInto(AbstractPipeline.java:474)
	at java.base/java.util.stream.ReduceOps$ReduceOp.evaluateSequential(ReduceOps.java:913)
	at java.base/java.util.stream.AbstractPipeline.evaluate(AbstractPipeline.java:234)
	at java.base/java.util.stream.ReferencePipeline.collect(ReferencePipeline.java:578)
	at de.uka.ilkd.key.nparser.builder.AbstractBuilder.mapOf(AbstractBuilder.java:112)
	at de.uka.ilkd.key.nparser.builder.IncludeFinder.visitOne_include_statement(IncludeFinder.java:35)
	at de.uka.ilkd.key.nparser.builder.IncludeFinder.visitOne_include_statement(IncludeFinder.java:20)
	at de.uka.ilkd.key.nparser.KeYParser$One_include_statementContext.accept(KeYParser.java:802)
	at org.antlr.v4.runtime.tree.AbstractParseTreeVisitor.visitChildren(AbstractParseTreeVisitor.java:46)
	at de.uka.ilkd.key.nparser.KeYParserBaseVisitor.visitDecls(KeYParserBaseVisitor.java:30)
	at de.uka.ilkd.key.nparser.KeYParser$DeclsContext.accept(KeYParser.java:500)
	at org.antlr.v4.runtime.tree.AbstractParseTreeVisitor.visitChildren(AbstractParseTreeVisitor.java:46)
	at de.uka.ilkd.key.nparser.KeYParserBaseVisitor.visitFile(KeYParserBaseVisitor.java:23)
	at de.uka.ilkd.key.nparser.KeYParser$FileContext.accept(KeYParser.java:306)
	at de.uka.ilkd.key.nparser.KeyAst.accept(KeyAst.java:41)
	at de.uka.ilkd.key.nparser.KeyAst$File.getIncludes(KeyAst.java:76)
	at de.uka.ilkd.key.proof.io.KeYFile.readIncludes(KeYFile.java:208)
	... 14 more
Could not find rule file rules/intRulesCheckedSemantics.key (file: /home/runner/work/key/key/key.core/../key.ui/examples/index/../InformationFlow/NewObjects/object.AmtoftBanerjee(object.AmtoftBanerjee__getQ()).Non-interference contract.0.key; caused by: de.uka.ilkd.key.proof.init.ProofInputException: Could not find rule file rules/intRulesCheckedSemantics.key)
	at de.uka.ilkd.key.control.AbstractUserInterfaceControl.load(AbstractUserInterfaceControl.java:221)
	at de.uka.ilkd.key.control.KeYEnvironment.load(KeYEnvironment.java:251)
	at de.uka.ilkd.key.control.KeYEnvironment.load(KeYEnvironment.java:224)
	at de.uka.ilkd.key.control.KeYEnvironment.load(KeYEnvironment.java:184)
	at de.uka.ilkd.key.control.KeYEnvironment.load(KeYEnvironment.java:261)
	at de.uka.ilkd.key.proof.runallproofs.proofcollection.TestFile.load(TestFile.java:270)
	at de.uka.ilkd.key.proof.runallproofs.proofcollection.TestFile.runKey(TestFile.java:160)
	at de.uka.ilkd.key.proof.runallproofs.proofcollection.ForkedTestFileRunner.main(ForkedTestFileRunner.java:171)
Caused by: de.uka.ilkd.key.proof.init.ProofInputException: Could not find rule file rules/intRulesCheckedSemantics.key
	at de.uka.ilkd.key.proof.io.KeYFile.readIncludes(KeYFile.java:210)
	at de.uka.ilkd.key.proof.init.ProblemInitializer.readIncludes(ProblemInitializer.java:177)
	at de.uka.ilkd.key.proof.init.ProblemInitializer.readEnvInput(ProblemInitializer.java:325)
	at de.uka.ilkd.key.proof.init.ProblemInitializer.prepare(ProblemInitializer.java:449)
	at de.uka.ilkd.key.proof.io.AbstractProblemLoader.createInitConfig(AbstractProblemLoader.java:518)
	at de.uka.ilkd.key.proof.io.AbstractProblemLoader.loadEnvironment(AbstractProblemLoader.java:288)
	at de.uka.ilkd.key.proof.io.AbstractProblemLoader.load(AbstractProblemLoader.java:252)
	at de.uka.ilkd.key.control.AbstractUserInterfaceControl.load(AbstractUserInterfaceControl.java:209)
	... 7 more
Caused by: java.lang.RuntimeException: Could not find rule file rules/intRulesCheckedSemantics.key
	at de.uka.ilkd.key.proof.io.RuleSourceFactory.fromBuiltInRule(RuleSourceFactory.java:32)
	at de.uka.ilkd.key.proof.io.RuleSourceFactory.fromDefaultLocation(RuleSourceFactory.java:21)
	at de.uka.ilkd.key.nparser.builder.IncludeFinder.addInclude(IncludeFinder.java:63)
	at de.uka.ilkd.key.nparser.builder.IncludeFinder.visitOne_include(IncludeFinder.java:43)
	at de.uka.ilkd.key.nparser.builder.IncludeFinder.visitOne_include(IncludeFinder.java:20)
	at de.uka.ilkd.key.nparser.KeYParser$One_includeContext.accept(KeYParser.java:878)
	at de.uka.ilkd.key.nparser.builder.AbstractBuilder.lambda$mapOf$0(AbstractBuilder.java:112)
	at java.base/java.util.stream.ReferencePipeline$3$1.accept(ReferencePipeline.java:195)
	at java.base/java.util.ArrayList$ArrayListSpliterator.forEachRemaining(ArrayList.java:1655)
	at java.base/java.util.stream.AbstractPipeline.copyInto(AbstractPipeline.java:484)
	at java.base/java.util.stream.AbstractPipeline.wrapAndCopyInto(AbstractPipeline.java:474)
	at java.base/java.util.stream.ReduceOps$ReduceOp.evaluateSequential(ReduceOps.java:913)
	at java.base/java.util.stream.AbstractPipeline.evaluate(AbstractPipeline.java:234)
	at java.base/java.util.stream.ReferencePipeline.collect(ReferencePipeline.java:578)
	at de.uka.ilkd.key.nparser.builder.AbstractBuilder.mapOf(AbstractBuilder.java:112)
	at de.uka.ilkd.key.nparser.builder.IncludeFinder.visitOne_include_statement(IncludeFinder.java:35)
	at de.uka.ilkd.key.nparser.builder.IncludeFinder.visitOne_include_statement(IncludeFinder.java:20)
	at de.uka.ilkd.key.nparser.KeYParser$One_include_statementContext.accept(KeYParser.java:802)
	at org.antlr.v4.runtime.tree.AbstractParseTreeVisitor.visitChildren(AbstractParseTreeVisitor.java:46)
	at de.uka.ilkd.key.nparser.KeYParserBaseVisitor.visitDecls(KeYParserBaseVisitor.java:30)
	at de.uka.ilkd.key.nparser.KeYParser$DeclsContext.accept(KeYParser.java:500)
	at org.antlr.v4.runtime.tree.AbstractParseTreeVisitor.visitChildren(AbstractParseTreeVisitor.java:46)
	at de.uka.ilkd.key.nparser.KeYParserBaseVisitor.visitFile(KeYParserBaseVisitor.java:23)
	at de.uka.ilkd.key.nparser.KeYParser$FileContext.accept(KeYParser.java:306)
	at de.uka.ilkd.key.nparser.KeyAst.accept(KeyAst.java:41)
	at de.uka.ilkd.key.nparser.KeyAst$File.getIncludes(KeyAst.java:76)
	at de.uka.ilkd.key.proof.io.KeYFile.readIncludes(KeYFile.java:208)
	... 14 more
Could not find rule file rules/intRulesCheckedSemantics.key (file: /home/runner/work/key/key/key.core/../key.ui/examples/index/../InformationFlow/NewObjects/object.ObjectOrientation(object.ObjectOrientation__secure_while_i((Ljava.lang.Object)).Non-interference contract.0.key; caused by: de.uka.ilkd.key.proof.init.ProofInputException: Could not find rule file rules/intRulesCheckedSemantics.key)
	at de.uka.ilkd.key.control.AbstractUserInterfaceControl.load(AbstractUserInterfaceControl.java:221)
	at de.uka.ilkd.key.control.KeYEnvironment.load(KeYEnvironment.java:251)
	at de.uka.ilkd.key.control.KeYEnvironment.load(KeYEnvironment.java:224)
	at de.uka.ilkd.key.control.KeYEnvironment.load(KeYEnvironment.java:184)
	at de.uka.ilkd.key.control.KeYEnvironment.load(KeYEnvironment.java:261)
	at de.uka.ilkd.key.proof.runallproofs.proofcollection.TestFile.load(TestFile.java:270)
	at de.uka.ilkd.key.proof.runallproofs.proofcollection.TestFile.runKey(TestFile.java:160)
	at de.uka.ilkd.key.proof.runallproofs.proofcollection.ForkedTestFileRunner.main(ForkedTestFileRunner.java:171)
Caused by: de.uka.ilkd.key.proof.init.ProofInputException: Could not find rule file rules/intRulesCheckedSemantics.key
	at de.uka.ilkd.key.proof.io.KeYFile.readIncludes(KeYFile.java:210)
	at de.uka.ilkd.key.proof.init.ProblemInitializer.readIncludes(ProblemInitializer.java:177)
	at de.uka.ilkd.key.proof.init.ProblemInitializer.readEnvInput(ProblemInitializer.java:325)
	at de.uka.ilkd.key.proof.init.ProblemInitializer.prepare(ProblemInitializer.java:449)
	at de.uka.ilkd.key.proof.io.AbstractProblemLoader.createInitConfig(AbstractProblemLoader.java:518)
	at de.uka.ilkd.key.proof.io.AbstractProblemLoader.loadEnvironment(AbstractProblemLoader.java:288)
	at de.uka.ilkd.key.proof.io.AbstractProblemLoader.load(AbstractProblemLoader.java:252)
	at de.uka.ilkd.key.control.AbstractUserInterfaceControl.load(AbstractUserInterfaceControl.java:209)
	... 7 more
Caused by: java.lang.RuntimeException: Could not find rule file rules/intRulesCheckedSemantics.key
	at de.uka.ilkd.key.proof.io.RuleSourceFactory.fromBuiltInRule(RuleSourceFactory.java:32)
	at de.uka.ilkd.key.proof.io.RuleSourceFactory.fromDefaultLocation(RuleSourceFactory.java:21)
	at de.uka.ilkd.key.nparser.builder.IncludeFinder.addInclude(IncludeFinder.java:63)
	at de.uka.ilkd.key.nparser.builder.IncludeFinder.visitOne_include(IncludeFinder.java:43)
	at de.uka.ilkd.key.nparser.builder.IncludeFinder.visitOne_include(IncludeFinder.java:20)
	at de.uka.ilkd.key.nparser.KeYParser$One_includeContext.accept(KeYParser.java:878)
	at de.uka.ilkd.key.nparser.builder.AbstractBuilder.lambda$mapOf$0(AbstractBuilder.java:112)
	at java.base/java.util.stream.ReferencePipeline$3$1.accept(ReferencePipeline.java:195)
	at java.base/java.util.ArrayList$ArrayListSpliterator.forEachRemaining(ArrayList.java:1655)
	at java.base/java.util.stream.AbstractPipeline.copyInto(AbstractPipeline.java:484)
	at java.base/java.util.stream.AbstractPipeline.wrapAndCopyInto(AbstractPipeline.java:474)
	at java.base/java.util.stream.ReduceOps$ReduceOp.evaluateSequential(ReduceOps.java:913)
	at java.base/java.util.stream.AbstractPipeline.evaluate(AbstractPipeline.java:234)
	at java.base/java.util.stream.ReferencePipeline.collect(ReferencePipeline.java:578)
	at de.uka.ilkd.key.nparser.builder.AbstractBuilder.mapOf(AbstractBuilder.java:112)
	at de.uka.ilkd.key.nparser.builder.IncludeFinder.visitOne_include_statement(IncludeFinder.java:35)
	at de.uka.ilkd.key.nparser.builder.IncludeFinder.visitOne_include_statement(IncludeFinder.java:20)
	at de.uka.ilkd.key.nparser.KeYParser$One_include_statementContext.accept(KeYParser.java:802)
	at org.antlr.v4.runtime.tree.AbstractParseTreeVisitor.visitChildren(AbstractParseTreeVisitor.java:46)
	at de.uka.ilkd.key.nparser.KeYParserBaseVisitor.visitDecls(KeYParserBaseVisitor.java:30)
	at de.uka.ilkd.key.nparser.KeYParser$DeclsContext.accept(KeYParser.java:500)
	at org.antlr.v4.runtime.tree.AbstractParseTreeVisitor.visitChildren(AbstractParseTreeVisitor.java:46)
	at de.uka.ilkd.key.nparser.KeYParserBaseVisitor.visitFile(KeYParserBaseVisitor.java:23)
	at de.uka.ilkd.key.nparser.KeYParser$FileContext.accept(KeYParser.java:306)
	at de.uka.ilkd.key.nparser.KeyAst.accept(KeyAst.java:41)
	at de.uka.ilkd.key.nparser.KeyAst$File.getIncludes(KeyAst.java:76)
	at de.uka.ilkd.key.proof.io.KeYFile.readIncludes(KeYFile.java:208)
	... 14 more
Could not find rule file rules/intRulesCheckedSemantics.key (file: /home/runner/work/key/key/key.core/../key.ui/examples/index/../InformationFlow/NewObjects/object.ObjectOrientation(object.ObjectOrientation__secure_method_call()).Non-interference contract.0.key; caused by: de.uka.ilkd.key.proof.init.ProofInputException: Could not find rule file rules/intRulesCheckedSemantics.key)
	at de.uka.ilkd.key.control.AbstractUserInterfaceControl.load(AbstractUserInterfaceControl.java:221)
	at de.uka.ilkd.key.control.KeYEnvironment.load(KeYEnvironment.java:251)
	at de.uka.ilkd.key.control.KeYEnvironment.load(KeYEnvironment.java:224)
	at de.uka.ilkd.key.control.KeYEnvironment.load(KeYEnvironment.java:184)
	at de.uka.ilkd.key.control.KeYEnvironment.load(KeYEnvironment.java:261)
	at de.uka.ilkd.key.proof.runallproofs.proofcollection.TestFile.load(TestFile.java:270)
	at de.uka.ilkd.key.proof.runallproofs.proofcollection.TestFile.runKey(TestFile.java:160)
	at de.uka.ilkd.key.proof.runallproofs.proofcollection.ForkedTestFileRunner.main(ForkedTestFileRunner.java:171)
Caused by: de.uka.ilkd.key.proof.init.ProofInputException: Could not find rule file rules/intRulesCheckedSemantics.key
	at de.uka.ilkd.key.proof.io.KeYFile.readIncludes(KeYFile.java:210)
	at de.uka.ilkd.key.proof.init.ProblemInitializer.readIncludes(ProblemInitializer.java:177)
	at de.uka.ilkd.key.proof.init.ProblemInitializer.readEnvInput(ProblemInitializer.java:325)
	at de.uka.ilkd.key.proof.init.ProblemInitializer.prepare(ProblemInitializer.java:449)
	at de.uka.ilkd.key.proof.io.AbstractProblemLoader.createInitConfig(AbstractProblemLoader.java:518)
	at de.uka.ilkd.key.proof.io.AbstractProblemLoader.loadEnvironment(AbstractProblemLoader.java:288)
	at de.uka.ilkd.key.proof.io.AbstractProblemLoader.load(AbstractProblemLoader.java:252)
	at de.uka.ilkd.key.control.AbstractUserInterfaceControl.load(AbstractUserInterfaceControl.java:209)
	... 7 more
Caused by: java.lang.RuntimeException: Could not find rule file rules/intRulesCheckedSemantics.key
	at de.uka.ilkd.key.proof.io.RuleSourceFactory.fromBuiltInRule(RuleSourceFactory.java:32)
	at de.uka.ilkd.key.proof.io.RuleSourceFactory.fromDefaultLocation(RuleSourceFactory.java:21)
	at de.uka.ilkd.key.nparser.builder.IncludeFinder.addInclude(IncludeFinder.java:63)
	at de.uka.ilkd.key.nparser.builder.IncludeFinder.visitOne_include(IncludeFinder.java:43)
	at de.uka.ilkd.key.nparser.builder.IncludeFinder.visitOne_include(IncludeFinder.java:20)
	at de.uka.ilkd.key.nparser.KeYParser$One_includeContext.accept(KeYParser.java:878)
	at de.uka.ilkd.key.nparser.builder.AbstractBuilder.lambda$mapOf$0(AbstractBuilder.java:112)
	at java.base/java.util.stream.ReferencePipeline$3$1.accept(ReferencePipeline.java:195)
	at java.base/java.util.ArrayList$ArrayListSpliterator.forEachRemaining(ArrayList.java:1655)
	at java.base/java.util.stream.AbstractPipeline.copyInto(AbstractPipeline.java:484)
	at java.base/java.util.stream.AbstractPipeline.wrapAndCopyInto(AbstractPipeline.java:474)
	at java.base/java.util.stream.ReduceOps$ReduceOp.evaluateSequential(ReduceOps.java:913)
	at java.base/java.util.stream.AbstractPipeline.evaluate(AbstractPipeline.java:234)
	at java.base/java.util.stream.ReferencePipeline.collect(ReferencePipeline.java:578)
	at de.uka.ilkd.key.nparser.builder.AbstractBuilder.mapOf(AbstractBuilder.java:112)
	at de.uka.ilkd.key.nparser.builder.IncludeFinder.visitOne_include_statement(IncludeFinder.java:35)
	at de.uka.ilkd.key.nparser.builder.IncludeFinder.visitOne_include_statement(IncludeFinder.java:20)
	at de.uka.ilkd.key.nparser.KeYParser$One_include_statementContext.accept(KeYParser.java:802)
	at org.antlr.v4.runtime.tree.AbstractParseTreeVisitor.visitChildren(AbstractParseTreeVisitor.java:46)
	at de.uka.ilkd.key.nparser.KeYParserBaseVisitor.visitDecls(KeYParserBaseVisitor.java:30)
	at de.uka.ilkd.key.nparser.KeYParser$DeclsContext.accept(KeYParser.java:500)
	at org.antlr.v4.runtime.tree.AbstractParseTreeVisitor.visitChildren(AbstractParseTreeVisitor.java:46)
	at de.uka.ilkd.key.nparser.KeYParserBaseVisitor.visitFile(KeYParserBaseVisitor.java:23)
	at de.uka.ilkd.key.nparser.KeYParser$FileContext.accept(KeYParser.java:306)
	at de.uka.ilkd.key.nparser.KeyAst.accept(KeyAst.java:41)
	at de.uka.ilkd.key.nparser.KeyAst$File.getIncludes(KeyAst.java:76)
	at de.uka.ilkd.key.proof.io.KeYFile.readIncludes(KeYFile.java:208)
	... 14 more
Could not find rule file rules/intRulesCheckedSemantics.key (file: /home/runner/work/key/key/key.core/../key.ui/examples/index/../InformationFlow/NewObjects/object.ObjectOrientation(object.ObjectOrientation__if_two_object_creation_next()).Non-interference contract.1.key; caused by: de.uka.ilkd.key.proof.init.ProofInputException: Could not find rule file rules/intRulesCheckedSemantics.key)
	at de.uka.ilkd.key.control.AbstractUserInterfaceControl.load(AbstractUserInterfaceControl.java:221)
	at de.uka.ilkd.key.control.KeYEnvironment.load(KeYEnvironment.java:251)
	at de.uka.ilkd.key.control.KeYEnvironment.load(KeYEnvironment.java:224)
	at de.uka.ilkd.key.control.KeYEnvironment.load(KeYEnvironment.java:184)
	at de.uka.ilkd.key.control.KeYEnvironment.load(KeYEnvironment.java:261)
	at de.uka.ilkd.key.proof.runallproofs.proofcollection.TestFile.load(TestFile.java:270)
	at de.uka.ilkd.key.proof.runallproofs.proofcollection.TestFile.runKey(TestFile.java:160)
	at de.uka.ilkd.key.proof.runallproofs.proofcollection.ForkedTestFileRunner.main(ForkedTestFileRunner.java:171)
Caused by: de.uka.ilkd.key.proof.init.ProofInputException: Could not find rule file rules/intRulesCheckedSemantics.key
	at de.uka.ilkd.key.proof.io.KeYFile.readIncludes(KeYFile.java:210)
	at de.uka.ilkd.key.proof.init.ProblemInitializer.readIncludes(ProblemInitializer.java:177)
	at de.uka.ilkd.key.proof.init.ProblemInitializer.readEnvInput(ProblemInitializer.java:325)
	at de.uka.ilkd.key.proof.init.ProblemInitializer.prepare(ProblemInitializer.java:449)
	at de.uka.ilkd.key.proof.io.AbstractProblemLoader.createInitConfig(AbstractProblemLoader.java:518)
	at de.uka.ilkd.key.proof.io.AbstractProblemLoader.loadEnvironment(AbstractProblemLoader.java:288)
	at de.uka.ilkd.key.proof.io.AbstractProblemLoader.load(AbstractProblemLoader.java:252)
	at de.uka.ilkd.key.control.AbstractUserInterfaceControl.load(AbstractUserInterfaceControl.java:209)
	... 7 more
Caused by: java.lang.RuntimeException: Could not find rule file rules/intRulesCheckedSemantics.key
	at de.uka.ilkd.key.proof.io.RuleSourceFactory.fromBuiltInRule(RuleSourceFactory.java:32)
	at de.uka.ilkd.key.proof.io.RuleSourceFactory.fromDefaultLocation(RuleSourceFactory.java:21)
	at de.uka.ilkd.key.nparser.builder.IncludeFinder.addInclude(IncludeFinder.java:63)
	at de.uka.ilkd.key.nparser.builder.IncludeFinder.visitOne_include(IncludeFinder.java:43)
	at de.uka.ilkd.key.nparser.builder.IncludeFinder.visitOne_include(IncludeFinder.java:20)
	at de.uka.ilkd.key.nparser.KeYParser$One_includeContext.accept(KeYParser.java:878)
	at de.uka.ilkd.key.nparser.builder.AbstractBuilder.lambda$mapOf$0(AbstractBuilder.java:112)
	at java.base/java.util.stream.ReferencePipeline$3$1.accept(ReferencePipeline.java:195)
	at java.base/java.util.ArrayList$ArrayListSpliterator.forEachRemaining(ArrayList.java:1655)
	at java.base/java.util.stream.AbstractPipeline.copyInto(AbstractPipeline.java:484)
	at java.base/java.util.stream.AbstractPipeline.wrapAndCopyInto(AbstractPipeline.java:474)
	at java.base/java.util.stream.ReduceOps$ReduceOp.evaluateSequential(ReduceOps.java:913)
	at java.base/java.util.stream.AbstractPipeline.evaluate(AbstractPipeline.java:234)
	at java.base/java.util.stream.ReferencePipeline.collect(ReferencePipeline.java:578)
	at de.uka.ilkd.key.nparser.builder.AbstractBuilder.mapOf(AbstractBuilder.java:112)
	at de.uka.ilkd.key.nparser.builder.IncludeFinder.visitOne_include_statement(IncludeFinder.java:35)
	at de.uka.ilkd.key.nparser.builder.IncludeFinder.visitOne_include_statement(IncludeFinder.java:20)
	at de.uka.ilkd.key.nparser.KeYParser$One_include_statementContext.accept(KeYParser.java:802)
	at org.antlr.v4.runtime.tree.AbstractParseTreeVisitor.visitChildren(AbstractParseTreeVisitor.java:46)
	at de.uka.ilkd.key.nparser.KeYParserBaseVisitor.visitDecls(KeYParserBaseVisitor.java:30)
	at de.uka.ilkd.key.nparser.KeYParser$DeclsContext.accept(KeYParser.java:500)
	at org.antlr.v4.runtime.tree.AbstractParseTreeVisitor.visitChildren(AbstractParseTreeVisitor.java:46)
	at de.uka.ilkd.key.nparser.KeYParserBaseVisitor.visitFile(KeYParserBaseVisitor.java:23)
	at de.uka.ilkd.key.nparser.KeYParser$FileContext.accept(KeYParser.java:306)
	at de.uka.ilkd.key.nparser.KeyAst.accept(KeyAst.java:41)
	at de.uka.ilkd.key.nparser.KeyAst$File.getIncludes(KeyAst.java:76)
	at de.uka.ilkd.key.proof.io.KeYFile.readIncludes(KeYFile.java:208)
	... 14 more
Could not find rule file rules/intRulesCheckedSemantics.key (file: /home/runner/work/key/key/key.core/../key.ui/examples/index/../InformationFlow/NewObjects/object.ObjectOrientation(object.ObjectOrientation__insecure_two_object_creation()).Non-interference contract.0.key; caused by: de.uka.ilkd.key.proof.init.ProofInputException: Could not find rule file rules/intRulesCheckedSemantics.key)
	at de.uka.ilkd.key.control.AbstractUserInterfaceControl.load(AbstractUserInterfaceControl.java:221)
	at de.uka.ilkd.key.control.KeYEnvironment.load(KeYEnvironment.java:251)
	at de.uka.ilkd.key.control.KeYEnvironment.load(KeYEnvironment.java:224)
	at de.uka.ilkd.key.control.KeYEnvironment.load(KeYEnvironment.java:184)
	at de.uka.ilkd.key.control.KeYEnvironment.load(KeYEnvironment.java:261)
	at de.uka.ilkd.key.proof.runallproofs.proofcollection.TestFile.load(TestFile.java:270)
	at de.uka.ilkd.key.proof.runallproofs.proofcollection.TestFile.runKey(TestFile.java:160)
	at de.uka.ilkd.key.proof.runallproofs.proofcollection.ForkedTestFileRunner.main(ForkedTestFileRunner.java:171)
Caused by: de.uka.ilkd.key.proof.init.ProofInputException: Could not find rule file rules/intRulesCheckedSemantics.key
	at de.uka.ilkd.key.proof.io.KeYFile.readIncludes(KeYFile.java:210)
	at de.uka.ilkd.key.proof.init.ProblemInitializer.readIncludes(ProblemInitializer.java:177)
	at de.uka.ilkd.key.proof.init.ProblemInitializer.readEnvInput(ProblemInitializer.java:325)
	at de.uka.ilkd.key.proof.init.ProblemInitializer.prepare(ProblemInitializer.java:449)
	at de.uka.ilkd.key.proof.io.AbstractProblemLoader.createInitConfig(AbstractProblemLoader.java:518)
	at de.uka.ilkd.key.proof.io.AbstractProblemLoader.loadEnvironment(AbstractProblemLoader.java:288)
	at de.uka.ilkd.key.proof.io.AbstractProblemLoader.load(AbstractProblemLoader.java:252)
	at de.uka.ilkd.key.control.AbstractUserInterfaceControl.load(AbstractUserInterfaceControl.java:209)
	... 7 more
Caused by: java.lang.RuntimeException: Could not find rule file rules/intRulesCheckedSemantics.key
	at de.uka.ilkd.key.proof.io.RuleSourceFactory.fromBuiltInRule(RuleSourceFactory.java:32)
	at de.uka.ilkd.key.proof.io.RuleSourceFactory.fromDefaultLocation(RuleSourceFactory.java:21)
	at de.uka.ilkd.key.nparser.builder.IncludeFinder.addInclude(IncludeFinder.java:63)
	at de.uka.ilkd.key.nparser.builder.IncludeFinder.visitOne_include(IncludeFinder.java:43)
	at de.uka.ilkd.key.nparser.builder.IncludeFinder.visitOne_include(IncludeFinder.java:20)
	at de.uka.ilkd.key.nparser.KeYParser$One_includeContext.accept(KeYParser.java:878)
	at de.uka.ilkd.key.nparser.builder.AbstractBuilder.lambda$mapOf$0(AbstractBuilder.java:112)
	at java.base/java.util.stream.ReferencePipeline$3$1.accept(ReferencePipeline.java:195)
	at java.base/java.util.ArrayList$ArrayListSpliterator.forEachRemaining(ArrayList.java:1655)
	at java.base/java.util.stream.AbstractPipeline.copyInto(AbstractPipeline.java:484)
	at java.base/java.util.stream.AbstractPipeline.wrapAndCopyInto(AbstractPipeline.java:474)
	at java.base/java.util.stream.ReduceOps$ReduceOp.evaluateSequential(ReduceOps.java:913)
	at java.base/java.util.stream.AbstractPipeline.evaluate(AbstractPipeline.java:234)
	at java.base/java.util.stream.ReferencePipeline.collect(ReferencePipeline.java:578)
	at de.uka.ilkd.key.nparser.builder.AbstractBuilder.mapOf(AbstractBuilder.java:112)
	at de.uka.ilkd.key.nparser.builder.IncludeFinder.visitOne_include_statement(IncludeFinder.java:35)
	at de.uka.ilkd.key.nparser.builder.IncludeFinder.visitOne_include_statement(IncludeFinder.java:20)
	at de.uka.ilkd.key.nparser.KeYParser$One_include_statementContext.accept(KeYParser.java:802)
	at org.antlr.v4.runtime.tree.AbstractParseTreeVisitor.visitChildren(AbstractParseTreeVisitor.java:46)
	at de.uka.ilkd.key.nparser.KeYParserBaseVisitor.visitDecls(KeYParserBaseVisitor.java:30)
	at de.uka.ilkd.key.nparser.KeYParser$DeclsContext.accept(KeYParser.java:500)
	at org.antlr.v4.runtime.tree.AbstractParseTreeVisitor.visitChildren(AbstractParseTreeVisitor.java:46)
	at de.uka.ilkd.key.nparser.KeYParserBaseVisitor.visitFile(KeYParserBaseVisitor.java:23)
	at de.uka.ilkd.key.nparser.KeYParser$FileContext.accept(KeYParser.java:306)
	at de.uka.ilkd.key.nparser.KeyAst.accept(KeyAst.java:41)
	at de.uka.ilkd.key.nparser.KeyAst$File.getIncludes(KeyAst.java:76)
	at de.uka.ilkd.key.proof.io.KeYFile.readIncludes(KeYFile.java:208)
	... 14 more
Could not find rule file rules/intRulesCheckedSemantics.key (file: /home/runner/work/key/key/key.core/../key.ui/examples/index/../InformationFlow/NewObjects/object.ObjectOrientation(object.ObjectOrientation__secure_two_object_creation()).Non-interference contract.0.key; caused by: de.uka.ilkd.key.proof.init.ProofInputException: Could not find rule file rules/intRulesCheckedSemantics.key)
	at de.uka.ilkd.key.control.AbstractUserInterfaceControl.load(AbstractUserInterfaceControl.java:221)
	at de.uka.ilkd.key.control.KeYEnvironment.load(KeYEnvironment.java:251)
	at de.uka.ilkd.key.control.KeYEnvironment.load(KeYEnvironment.java:224)
	at de.uka.ilkd.key.control.KeYEnvironment.load(KeYEnvironment.java:184)
	at de.uka.ilkd.key.control.KeYEnvironment.load(KeYEnvironment.java:261)
	at de.uka.ilkd.key.proof.runallproofs.proofcollection.TestFile.load(TestFile.java:270)
	at de.uka.ilkd.key.proof.runallproofs.proofcollection.TestFile.runKey(TestFile.java:160)
	at de.uka.ilkd.key.proof.runallproofs.proofcollection.ForkedTestFileRunner.main(ForkedTestFileRunner.java:171)
Caused by: de.uka.ilkd.key.proof.init.ProofInputException: Could not find rule file rules/intRulesCheckedSemantics.key
	at de.uka.ilkd.key.proof.io.KeYFile.readIncludes(KeYFile.java:210)
	at de.uka.ilkd.key.proof.init.ProblemInitializer.readIncludes(ProblemInitializer.java:177)
	at de.uka.ilkd.key.proof.init.ProblemInitializer.readEnvInput(ProblemInitializer.java:325)
	at de.uka.ilkd.key.proof.init.ProblemInitializer.prepare(ProblemInitializer.java:449)
	at de.uka.ilkd.key.proof.io.AbstractProblemLoader.createInitConfig(AbstractProblemLoader.java:518)
	at de.uka.ilkd.key.proof.io.AbstractProblemLoader.loadEnvironment(AbstractProblemLoader.java:288)
	at de.uka.ilkd.key.proof.io.AbstractProblemLoader.load(AbstractProblemLoader.java:252)
	at de.uka.ilkd.key.control.AbstractUserInterfaceControl.load(AbstractUserInterfaceControl.java:209)
	... 7 more
Caused by: java.lang.RuntimeException: Could not find rule file rules/intRulesCheckedSemantics.key
	at de.uka.ilkd.key.proof.io.RuleSourceFactory.fromBuiltInRule(RuleSourceFactory.java:32)
	at de.uka.ilkd.key.proof.io.RuleSourceFactory.fromDefaultLocation(RuleSourceFactory.java:21)
	at de.uka.ilkd.key.nparser.builder.IncludeFinder.addInclude(IncludeFinder.java:63)
	at de.uka.ilkd.key.nparser.builder.IncludeFinder.visitOne_include(IncludeFinder.java:43)
	at de.uka.ilkd.key.nparser.builder.IncludeFinder.visitOne_include(IncludeFinder.java:20)
	at de.uka.ilkd.key.nparser.KeYParser$One_includeContext.accept(KeYParser.java:878)
	at de.uka.ilkd.key.nparser.builder.AbstractBuilder.lambda$mapOf$0(AbstractBuilder.java:112)
	at java.base/java.util.stream.ReferencePipeline$3$1.accept(ReferencePipeline.java:195)
	at java.base/java.util.ArrayList$ArrayListSpliterator.forEachRemaining(ArrayList.java:1655)
	at java.base/java.util.stream.AbstractPipeline.copyInto(AbstractPipeline.java:484)
	at java.base/java.util.stream.AbstractPipeline.wrapAndCopyInto(AbstractPipeline.java:474)
	at java.base/java.util.stream.ReduceOps$ReduceOp.evaluateSequential(ReduceOps.java:913)
	at java.base/java.util.stream.AbstractPipeline.evaluate(AbstractPipeline.java:234)
	at java.base/java.util.stream.ReferencePipeline.collect(ReferencePipeline.java:578)
	at de.uka.ilkd.key.nparser.builder.AbstractBuilder.mapOf(AbstractBuilder.java:112)
	at de.uka.ilkd.key.nparser.builder.IncludeFinder.visitOne_include_statement(IncludeFinder.java:35)
	at de.uka.ilkd.key.nparser.builder.IncludeFinder.visitOne_include_statement(IncludeFinder.java:20)
	at de.uka.ilkd.key.nparser.KeYParser$One_include_statementContext.accept(KeYParser.java:802)
	at org.antlr.v4.runtime.tree.AbstractParseTreeVisitor.visitChildren(AbstractParseTreeVisitor.java:46)
	at de.uka.ilkd.key.nparser.KeYParserBaseVisitor.visitDecls(KeYParserBaseVisitor.java:30)
	at de.uka.ilkd.key.nparser.KeYParser$DeclsContext.accept(KeYParser.java:500)
	at org.antlr.v4.runtime.tree.AbstractParseTreeVisitor.visitChildren(AbstractParseTreeVisitor.java:46)
	at de.uka.ilkd.key.nparser.KeYParserBaseVisitor.visitFile(KeYParserBaseVisitor.java:23)
	at de.uka.ilkd.key.nparser.KeYParser$FileContext.accept(KeYParser.java:306)
	at de.uka.ilkd.key.nparser.KeyAst.accept(KeyAst.java:41)
	at de.uka.ilkd.key.nparser.KeyAst$File.getIncludes(KeyAst.java:76)
	at de.uka.ilkd.key.proof.io.KeYFile.readIncludes(KeYFile.java:208)
	... 14 more
Could not find rule file rules/intRulesCheckedSemantics.key (file: /home/runner/work/key/key/key.core/../key.ui/examples/index/../InformationFlow/NewObjects/object.ObjectOrientation(object.ObjectOrientation__insecure_object_assignment()).Non-interference contract.1.key; caused by: de.uka.ilkd.key.proof.init.ProofInputException: Could not find rule file rules/intRulesCheckedSemantics.key)
	at de.uka.ilkd.key.control.AbstractUserInterfaceControl.load(AbstractUserInterfaceControl.java:221)
	at de.uka.ilkd.key.control.KeYEnvironment.load(KeYEnvironment.java:251)
	at de.uka.ilkd.key.control.KeYEnvironment.load(KeYEnvironment.java:224)
	at de.uka.ilkd.key.control.KeYEnvironment.load(KeYEnvironment.java:184)
	at de.uka.ilkd.key.control.KeYEnvironment.load(KeYEnvironment.java:261)
	at de.uka.ilkd.key.proof.runallproofs.proofcollection.TestFile.load(TestFile.java:270)
	at de.uka.ilkd.key.proof.runallproofs.proofcollection.TestFile.runKey(TestFile.java:160)
	at de.uka.ilkd.key.proof.runallproofs.proofcollection.ForkedTestFileRunner.main(ForkedTestFileRunner.java:171)
Caused by: de.uka.ilkd.key.proof.init.ProofInputException: Could not find rule file rules/intRulesCheckedSemantics.key
	at de.uka.ilkd.key.proof.io.KeYFile.readIncludes(KeYFile.java:210)
	at de.uka.ilkd.key.proof.init.ProblemInitializer.readIncludes(ProblemInitializer.java:177)
	at de.uka.ilkd.key.proof.init.ProblemInitializer.readEnvInput(ProblemInitializer.java:325)
	at de.uka.ilkd.key.proof.init.ProblemInitializer.prepare(ProblemInitializer.java:449)
	at de.uka.ilkd.key.proof.io.AbstractProblemLoader.createInitConfig(AbstractProblemLoader.java:518)
	at de.uka.ilkd.key.proof.io.AbstractProblemLoader.loadEnvironment(AbstractProblemLoader.java:288)
	at de.uka.ilkd.key.proof.io.AbstractProblemLoader.load(AbstractProblemLoader.java:252)
	at de.uka.ilkd.key.control.AbstractUserInterfaceControl.load(AbstractUserInterfaceControl.java:209)
	... 7 more
Caused by: java.lang.RuntimeException: Could not find rule file rules/intRulesCheckedSemantics.key
	at de.uka.ilkd.key.proof.io.RuleSourceFactory.fromBuiltInRule(RuleSourceFactory.java:32)
	at de.uka.ilkd.key.proof.io.RuleSourceFactory.fromDefaultLocation(RuleSourceFactory.java:21)
	at de.uka.ilkd.key.nparser.builder.IncludeFinder.addInclude(IncludeFinder.java:63)
	at de.uka.ilkd.key.nparser.builder.IncludeFinder.visitOne_include(IncludeFinder.java:43)
	at de.uka.ilkd.key.nparser.builder.IncludeFinder.visitOne_include(IncludeFinder.java:20)
	at de.uka.ilkd.key.nparser.KeYParser$One_includeContext.accept(KeYParser.java:878)
	at de.uka.ilkd.key.nparser.builder.AbstractBuilder.lambda$mapOf$0(AbstractBuilder.java:112)
	at java.base/java.util.stream.ReferencePipeline$3$1.accept(ReferencePipeline.java:195)
	at java.base/java.util.ArrayList$ArrayListSpliterator.forEachRemaining(ArrayList.java:1655)
	at java.base/java.util.stream.AbstractPipeline.copyInto(AbstractPipeline.java:484)
	at java.base/java.util.stream.AbstractPipeline.wrapAndCopyInto(AbstractPipeline.java:474)
	at java.base/java.util.stream.ReduceOps$ReduceOp.evaluateSequential(ReduceOps.java:913)
	at java.base/java.util.stream.AbstractPipeline.evaluate(AbstractPipeline.java:234)
	at java.base/java.util.stream.ReferencePipeline.collect(ReferencePipeline.java:578)
	at de.uka.ilkd.key.nparser.builder.AbstractBuilder.mapOf(AbstractBuilder.java:112)
	at de.uka.ilkd.key.nparser.builder.IncludeFinder.visitOne_include_statement(IncludeFinder.java:35)
	at de.uka.ilkd.key.nparser.builder.IncludeFinder.visitOne_include_statement(IncludeFinder.java:20)
	at de.uka.ilkd.key.nparser.KeYParser$One_include_statementContext.accept(KeYParser.java:802)
	at org.antlr.v4.runtime.tree.AbstractParseTreeVisitor.visitChildren(AbstractParseTreeVisitor.java:46)
	at de.uka.ilkd.key.nparser.KeYParserBaseVisitor.visitDecls(KeYParserBaseVisitor.java:30)
	at de.uka.ilkd.key.nparser.KeYParser$DeclsContext.accept(KeYParser.java:500)
	at org.antlr.v4.runtime.tree.AbstractParseTreeVisitor.visitChildren(AbstractParseTreeVisitor.java:46)
	at de.uka.ilkd.key.nparser.KeYParserBaseVisitor.visitFile(KeYParserBaseVisitor.java:23)
	at de.uka.ilkd.key.nparser.KeYParser$FileContext.accept(KeYParser.java:306)
	at de.uka.ilkd.key.nparser.KeyAst.accept(KeyAst.java:41)
	at de.uka.ilkd.key.nparser.KeyAst$File.getIncludes(KeyAst.java:76)
	at de.uka.ilkd.key.proof.io.KeYFile.readIncludes(KeYFile.java:208)
	... 14 more
Could not find rule file rules/intRulesCheckedSemantics.key (file: /home/runner/work/key/key/key.core/../key.ui/examples/index/../InformationFlow/NewObjects/object.ObjectOrientation(object.ObjectOrientation__insecure_object_assignment()).Non-interference contract.0.key; caused by: de.uka.ilkd.key.proof.init.ProofInputException: Could not find rule file rules/intRulesCheckedSemantics.key)
	at de.uka.ilkd.key.control.AbstractUserInterfaceControl.load(AbstractUserInterfaceControl.java:221)
	at de.uka.ilkd.key.control.KeYEnvironment.load(KeYEnvironment.java:251)
	at de.uka.ilkd.key.control.KeYEnvironment.load(KeYEnvironment.java:224)
	at de.uka.ilkd.key.control.KeYEnvironment.load(KeYEnvironment.java:184)
	at de.uka.ilkd.key.control.KeYEnvironment.load(KeYEnvironment.java:261)
	at de.uka.ilkd.key.proof.runallproofs.proofcollection.TestFile.load(TestFile.java:270)
	at de.uka.ilkd.key.proof.runallproofs.proofcollection.TestFile.runKey(TestFile.java:160)
	at de.uka.ilkd.key.proof.runallproofs.proofcollection.ForkedTestFileRunner.main(ForkedTestFileRunner.java:171)
Caused by: de.uka.ilkd.key.proof.init.ProofInputException: Could not find rule file rules/intRulesCheckedSemantics.key
	at de.uka.ilkd.key.proof.io.KeYFile.readIncludes(KeYFile.java:210)
	at de.uka.ilkd.key.proof.init.ProblemInitializer.readIncludes(ProblemInitializer.java:177)
	at de.uka.ilkd.key.proof.init.ProblemInitializer.readEnvInput(ProblemInitializer.java:325)
	at de.uka.ilkd.key.proof.init.ProblemInitializer.prepare(ProblemInitializer.java:449)
	at de.uka.ilkd.key.proof.io.AbstractProblemLoader.createInitConfig(AbstractProblemLoader.java:518)
	at de.uka.ilkd.key.proof.io.AbstractProblemLoader.loadEnvironment(AbstractProblemLoader.java:288)
	at de.uka.ilkd.key.proof.io.AbstractProblemLoader.load(AbstractProblemLoader.java:252)
	at de.uka.ilkd.key.control.AbstractUserInterfaceControl.load(AbstractUserInterfaceControl.java:209)
	... 7 more
Caused by: java.lang.RuntimeException: Could not find rule file rules/intRulesCheckedSemantics.key
	at de.uka.ilkd.key.proof.io.RuleSourceFactory.fromBuiltInRule(RuleSourceFactory.java:32)
	at de.uka.ilkd.key.proof.io.RuleSourceFactory.fromDefaultLocation(RuleSourceFactory.java:21)
	at de.uka.ilkd.key.nparser.builder.IncludeFinder.addInclude(IncludeFinder.java:63)
	at de.uka.ilkd.key.nparser.builder.IncludeFinder.visitOne_include(IncludeFinder.java:43)
	at de.uka.ilkd.key.nparser.builder.IncludeFinder.visitOne_include(IncludeFinder.java:20)
	at de.uka.ilkd.key.nparser.KeYParser$One_includeContext.accept(KeYParser.java:878)
	at de.uka.ilkd.key.nparser.builder.AbstractBuilder.lambda$mapOf$0(AbstractBuilder.java:112)
	at java.base/java.util.stream.ReferencePipeline$3$1.accept(ReferencePipeline.java:195)
	at java.base/java.util.ArrayList$ArrayListSpliterator.forEachRemaining(ArrayList.java:1655)
	at java.base/java.util.stream.AbstractPipeline.copyInto(AbstractPipeline.java:484)
	at java.base/java.util.stream.AbstractPipeline.wrapAndCopyInto(AbstractPipeline.java:474)
	at java.base/java.util.stream.ReduceOps$ReduceOp.evaluateSequential(ReduceOps.java:913)
	at java.base/java.util.stream.AbstractPipeline.evaluate(AbstractPipeline.java:234)
	at java.base/java.util.stream.ReferencePipeline.collect(ReferencePipeline.java:578)
	at de.uka.ilkd.key.nparser.builder.AbstractBuilder.mapOf(AbstractBuilder.java:112)
	at de.uka.ilkd.key.nparser.builder.IncludeFinder.visitOne_include_statement(IncludeFinder.java:35)
	at de.uka.ilkd.key.nparser.builder.IncludeFinder.visitOne_include_statement(IncludeFinder.java:20)
	at de.uka.ilkd.key.nparser.KeYParser$One_include_statementContext.accept(KeYParser.java:802)
	at org.antlr.v4.runtime.tree.AbstractParseTreeVisitor.visitChildren(AbstractParseTreeVisitor.java:46)
	at de.uka.ilkd.key.nparser.KeYParserBaseVisitor.visitDecls(KeYParserBaseVisitor.java:30)
	at de.uka.ilkd.key.nparser.KeYParser$DeclsContext.accept(KeYParser.java:500)
	at org.antlr.v4.runtime.tree.AbstractParseTreeVisitor.visitChildren(AbstractParseTreeVisitor.java:46)
	at de.uka.ilkd.key.nparser.KeYParserBaseVisitor.visitFile(KeYParserBaseVisitor.java:23)
	at de.uka.ilkd.key.nparser.KeYParser$FileContext.accept(KeYParser.java:306)
	at de.uka.ilkd.key.nparser.KeyAst.accept(KeyAst.java:41)
	at de.uka.ilkd.key.nparser.KeyAst$File.getIncludes(KeyAst.java:76)
	at de.uka.ilkd.key.proof.io.KeYFile.readIncludes(KeYFile.java:208)
	... 14 more
Could not find rule file rules/intRulesCheckedSemantics.key (file: /home/runner/work/key/key/key.core/../key.ui/examples/index/../InformationFlow/NewObjects/object.ObjectOrientation(object.ObjectOrientation__secure_object_creation_3()).Non-interference contract.0.key; caused by: de.uka.ilkd.key.proof.init.ProofInputException: Could not find rule file rules/intRulesCheckedSemantics.key)
	at de.uka.ilkd.key.control.AbstractUserInterfaceControl.load(AbstractUserInterfaceControl.java:221)
	at de.uka.ilkd.key.control.KeYEnvironment.load(KeYEnvironment.java:251)
	at de.uka.ilkd.key.control.KeYEnvironment.load(KeYEnvironment.java:224)
	at de.uka.ilkd.key.control.KeYEnvironment.load(KeYEnvironment.java:184)
	at de.uka.ilkd.key.control.KeYEnvironment.load(KeYEnvironment.java:261)
	at de.uka.ilkd.key.proof.runallproofs.proofcollection.TestFile.load(TestFile.java:270)
	at de.uka.ilkd.key.proof.runallproofs.proofcollection.TestFile.runKey(TestFile.java:160)
	at de.uka.ilkd.key.proof.runallproofs.proofcollection.ForkedTestFileRunner.main(ForkedTestFileRunner.java:171)
Caused by: de.uka.ilkd.key.proof.init.ProofInputException: Could not find rule file rules/intRulesCheckedSemantics.key
	at de.uka.ilkd.key.proof.io.KeYFile.readIncludes(KeYFile.java:210)
	at de.uka.ilkd.key.proof.init.ProblemInitializer.readIncludes(ProblemInitializer.java:177)
	at de.uka.ilkd.key.proof.init.ProblemInitializer.readEnvInput(ProblemInitializer.java:325)
	at de.uka.ilkd.key.proof.init.ProblemInitializer.prepare(ProblemInitializer.java:449)
	at de.uka.ilkd.key.proof.io.AbstractProblemLoader.createInitConfig(AbstractProblemLoader.java:518)
	at de.uka.ilkd.key.proof.io.AbstractProblemLoader.loadEnvironment(AbstractProblemLoader.java:288)
	at de.uka.ilkd.key.proof.io.AbstractProblemLoader.load(AbstractProblemLoader.java:252)
	at de.uka.ilkd.key.control.AbstractUserInterfaceControl.load(AbstractUserInterfaceControl.java:209)
	... 7 more
Caused by: java.lang.RuntimeException: Could not find rule file rules/intRulesCheckedSemantics.key
	at de.uka.ilkd.key.proof.io.RuleSourceFactory.fromBuiltInRule(RuleSourceFactory.java:32)
	at de.uka.ilkd.key.proof.io.RuleSourceFactory.fromDefaultLocation(RuleSourceFactory.java:21)
	at de.uka.ilkd.key.nparser.builder.IncludeFinder.addInclude(IncludeFinder.java:63)
	at de.uka.ilkd.key.nparser.builder.IncludeFinder.visitOne_include(IncludeFinder.java:43)
	at de.uka.ilkd.key.nparser.builder.IncludeFinder.visitOne_include(IncludeFinder.java:20)
	at de.uka.ilkd.key.nparser.KeYParser$One_includeContext.accept(KeYParser.java:878)
	at de.uka.ilkd.key.nparser.builder.AbstractBuilder.lambda$mapOf$0(AbstractBuilder.java:112)
	at java.base/java.util.stream.ReferencePipeline$3$1.accept(ReferencePipeline.java:195)
	at java.base/java.util.ArrayList$ArrayListSpliterator.forEachRemaining(ArrayList.java:1655)
	at java.base/java.util.stream.AbstractPipeline.copyInto(AbstractPipeline.java:484)
	at java.base/java.util.stream.AbstractPipeline.wrapAndCopyInto(AbstractPipeline.java:474)
	at java.base/java.util.stream.ReduceOps$ReduceOp.evaluateSequential(ReduceOps.java:913)
	at java.base/java.util.stream.AbstractPipeline.evaluate(AbstractPipeline.java:234)
	at java.base/java.util.stream.ReferencePipeline.collect(ReferencePipeline.java:578)
	at de.uka.ilkd.key.nparser.builder.AbstractBuilder.mapOf(AbstractBuilder.java:112)
	at de.uka.ilkd.key.nparser.builder.IncludeFinder.visitOne_include_statement(IncludeFinder.java:35)
	at de.uka.ilkd.key.nparser.builder.IncludeFinder.visitOne_include_statement(IncludeFinder.java:20)
	at de.uka.ilkd.key.nparser.KeYParser$One_include_statementContext.accept(KeYParser.java:802)
	at org.antlr.v4.runtime.tree.AbstractParseTreeVisitor.visitChildren(AbstractParseTreeVisitor.java:46)
	at de.uka.ilkd.key.nparser.KeYParserBaseVisitor.visitDecls(KeYParserBaseVisitor.java:30)
	at de.uka.ilkd.key.nparser.KeYParser$DeclsContext.accept(KeYParser.java:500)
	at org.antlr.v4.runtime.tree.AbstractParseTreeVisitor.visitChildren(AbstractParseTreeVisitor.java:46)
	at de.uka.ilkd.key.nparser.KeYParserBaseVisitor.visitFile(KeYParserBaseVisitor.java:23)
	at de.uka.ilkd.key.nparser.KeYParser$FileContext.accept(KeYParser.java:306)
	at de.uka.ilkd.key.nparser.KeyAst.accept(KeyAst.java:41)
	at de.uka.ilkd.key.nparser.KeyAst$File.getIncludes(KeyAst.java:76)
	at de.uka.ilkd.key.proof.io.KeYFile.readIncludes(KeYFile.java:208)
	... 14 more
Could not find rule file rules/intRulesCheckedSemantics.key (file: /home/runner/work/key/key/key.core/../key.ui/examples/index/../InformationFlow/NewObjects/object.ObjectOrientation(object.ObjectOrientation__secure_object_creation_2()).Non-interference contract.0.key; caused by: de.uka.ilkd.key.proof.init.ProofInputException: Could not find rule file rules/intRulesCheckedSemantics.key)
	at de.uka.ilkd.key.control.AbstractUserInterfaceControl.load(AbstractUserInterfaceControl.java:221)
	at de.uka.ilkd.key.control.KeYEnvironment.load(KeYEnvironment.java:251)
	at de.uka.ilkd.key.control.KeYEnvironment.load(KeYEnvironment.java:224)
	at de.uka.ilkd.key.control.KeYEnvironment.load(KeYEnvironment.java:184)
	at de.uka.ilkd.key.control.KeYEnvironment.load(KeYEnvironment.java:261)
	at de.uka.ilkd.key.proof.runallproofs.proofcollection.TestFile.load(TestFile.java:270)
	at de.uka.ilkd.key.proof.runallproofs.proofcollection.TestFile.runKey(TestFile.java:160)
	at de.uka.ilkd.key.proof.runallproofs.proofcollection.ForkedTestFileRunner.main(ForkedTestFileRunner.java:171)
Caused by: de.uka.ilkd.key.proof.init.ProofInputException: Could not find rule file rules/intRulesCheckedSemantics.key
	at de.uka.ilkd.key.proof.io.KeYFile.readIncludes(KeYFile.java:210)
	at de.uka.ilkd.key.proof.init.ProblemInitializer.readIncludes(ProblemInitializer.java:177)
	at de.uka.ilkd.key.proof.init.ProblemInitializer.readEnvInput(ProblemInitializer.java:325)
	at de.uka.ilkd.key.proof.init.ProblemInitializer.prepare(ProblemInitializer.java:449)
	at de.uka.ilkd.key.proof.io.AbstractProblemLoader.createInitConfig(AbstractProblemLoader.java:518)
	at de.uka.ilkd.key.proof.io.AbstractProblemLoader.loadEnvironment(AbstractProblemLoader.java:288)
	at de.uka.ilkd.key.proof.io.AbstractProblemLoader.load(AbstractProblemLoader.java:252)
	at de.uka.ilkd.key.control.AbstractUserInterfaceControl.load(AbstractUserInterfaceControl.java:209)
	... 7 more
Caused by: java.lang.RuntimeException: Could not find rule file rules/intRulesCheckedSemantics.key
	at de.uka.ilkd.key.proof.io.RuleSourceFactory.fromBuiltInRule(RuleSourceFactory.java:32)
	at de.uka.ilkd.key.proof.io.RuleSourceFactory.fromDefaultLocation(RuleSourceFactory.java:21)
	at de.uka.ilkd.key.nparser.builder.IncludeFinder.addInclude(IncludeFinder.java:63)
	at de.uka.ilkd.key.nparser.builder.IncludeFinder.visitOne_include(IncludeFinder.java:43)
	at de.uka.ilkd.key.nparser.builder.IncludeFinder.visitOne_include(IncludeFinder.java:20)
	at de.uka.ilkd.key.nparser.KeYParser$One_includeContext.accept(KeYParser.java:878)
	at de.uka.ilkd.key.nparser.builder.AbstractBuilder.lambda$mapOf$0(AbstractBuilder.java:112)
	at java.base/java.util.stream.ReferencePipeline$3$1.accept(ReferencePipeline.java:195)
	at java.base/java.util.ArrayList$ArrayListSpliterator.forEachRemaining(ArrayList.java:1655)
	at java.base/java.util.stream.AbstractPipeline.copyInto(AbstractPipeline.java:484)
	at java.base/java.util.stream.AbstractPipeline.wrapAndCopyInto(AbstractPipeline.java:474)
	at java.base/java.util.stream.ReduceOps$ReduceOp.evaluateSequential(ReduceOps.java:913)
	at java.base/java.util.stream.AbstractPipeline.evaluate(AbstractPipeline.java:234)
	at java.base/java.util.stream.ReferencePipeline.collect(ReferencePipeline.java:578)
	at de.uka.ilkd.key.nparser.builder.AbstractBuilder.mapOf(AbstractBuilder.java:112)
	at de.uka.ilkd.key.nparser.builder.IncludeFinder.visitOne_include_statement(IncludeFinder.java:35)
	at de.uka.ilkd.key.nparser.builder.IncludeFinder.visitOne_include_statement(IncludeFinder.java:20)
	at de.uka.ilkd.key.nparser.KeYParser$One_include_statementContext.accept(KeYParser.java:802)
	at org.antlr.v4.runtime.tree.AbstractParseTreeVisitor.visitChildren(AbstractParseTreeVisitor.java:46)
	at de.uka.ilkd.key.nparser.KeYParserBaseVisitor.visitDecls(KeYParserBaseVisitor.java:30)
	at de.uka.ilkd.key.nparser.KeYParser$DeclsContext.accept(KeYParser.java:500)
	at org.antlr.v4.runtime.tree.AbstractParseTreeVisitor.visitChildren(AbstractParseTreeVisitor.java:46)
	at de.uka.ilkd.key.nparser.KeYParserBaseVisitor.visitFile(KeYParserBaseVisitor.java:23)
	at de.uka.ilkd.key.nparser.KeYParser$FileContext.accept(KeYParser.java:306)
	at de.uka.ilkd.key.nparser.KeyAst.accept(KeyAst.java:41)
	at de.uka.ilkd.key.nparser.KeyAst$File.getIncludes(KeyAst.java:76)
	at de.uka.ilkd.key.proof.io.KeYFile.readIncludes(KeYFile.java:208)
	... 14 more
Could not find rule file rules/intRulesCheckedSemantics.key (file: /home/runner/work/key/key/key.core/../key.ui/examples/index/../InformationFlow/NewObjects/object.ObjectOrientation(object.ObjectOrientation__secure_object_creation()).Non-interference contract.0.key; caused by: de.uka.ilkd.key.proof.init.ProofInputException: Could not find rule file rules/intRulesCheckedSemantics.key)
	at de.uka.ilkd.key.control.AbstractUserInterfaceControl.load(AbstractUserInterfaceControl.java:221)
	at de.uka.ilkd.key.control.KeYEnvironment.load(KeYEnvironment.java:251)
	at de.uka.ilkd.key.control.KeYEnvironment.load(KeYEnvironment.java:224)
	at de.uka.ilkd.key.control.KeYEnvironment.load(KeYEnvironment.java:184)
	at de.uka.ilkd.key.control.KeYEnvironment.load(KeYEnvironment.java:261)
	at de.uka.ilkd.key.proof.runallproofs.proofcollection.TestFile.load(TestFile.java:270)
	at de.uka.ilkd.key.proof.runallproofs.proofcollection.TestFile.runKey(TestFile.java:160)
	at de.uka.ilkd.key.proof.runallproofs.proofcollection.ForkedTestFileRunner.main(ForkedTestFileRunner.java:171)
Caused by: de.uka.ilkd.key.proof.init.ProofInputException: Could not find rule file rules/intRulesCheckedSemantics.key
	at de.uka.ilkd.key.proof.io.KeYFile.readIncludes(KeYFile.java:210)
	at de.uka.ilkd.key.proof.init.ProblemInitializer.readIncludes(ProblemInitializer.java:177)
	at de.uka.ilkd.key.proof.init.ProblemInitializer.readEnvInput(ProblemInitializer.java:325)
	at de.uka.ilkd.key.proof.init.ProblemInitializer.prepare(ProblemInitializer.java:449)
	at de.uka.ilkd.key.proof.io.AbstractProblemLoader.createInitConfig(AbstractProblemLoader.java:518)
	at de.uka.ilkd.key.proof.io.AbstractProblemLoader.loadEnvironment(AbstractProblemLoader.java:288)
	at de.uka.ilkd.key.proof.io.AbstractProblemLoader.load(AbstractProblemLoader.java:252)
	at de.uka.ilkd.key.control.AbstractUserInterfaceControl.load(AbstractUserInterfaceControl.java:209)
	... 7 more
Caused by: java.lang.RuntimeException: Could not find rule file rules/intRulesCheckedSemantics.key
	at de.uka.ilkd.key.proof.io.RuleSourceFactory.fromBuiltInRule(RuleSourceFactory.java:32)
	at de.uka.ilkd.key.proof.io.RuleSourceFactory.fromDefaultLocation(RuleSourceFactory.java:21)
	at de.uka.ilkd.key.nparser.builder.IncludeFinder.addInclude(IncludeFinder.java:63)
	at de.uka.ilkd.key.nparser.builder.IncludeFinder.visitOne_include(IncludeFinder.java:43)
	at de.uka.ilkd.key.nparser.builder.IncludeFinder.visitOne_include(IncludeFinder.java:20)
	at de.uka.ilkd.key.nparser.KeYParser$One_includeContext.accept(KeYParser.java:878)
	at de.uka.ilkd.key.nparser.builder.AbstractBuilder.lambda$mapOf$0(AbstractBuilder.java:112)
	at java.base/java.util.stream.ReferencePipeline$3$1.accept(ReferencePipeline.java:195)
	at java.base/java.util.ArrayList$ArrayListSpliterator.forEachRemaining(ArrayList.java:1655)
	at java.base/java.util.stream.AbstractPipeline.copyInto(AbstractPipeline.java:484)
	at java.base/java.util.stream.AbstractPipeline.wrapAndCopyInto(AbstractPipeline.java:474)
	at java.base/java.util.stream.ReduceOps$ReduceOp.evaluateSequential(ReduceOps.java:913)
	at java.base/java.util.stream.AbstractPipeline.evaluate(AbstractPipeline.java:234)
	at java.base/java.util.stream.ReferencePipeline.collect(ReferencePipeline.java:578)
	at de.uka.ilkd.key.nparser.builder.AbstractBuilder.mapOf(AbstractBuilder.java:112)
	at de.uka.ilkd.key.nparser.builder.IncludeFinder.visitOne_include_statement(IncludeFinder.java:35)
	at de.uka.ilkd.key.nparser.builder.IncludeFinder.visitOne_include_statement(IncludeFinder.java:20)
	at de.uka.ilkd.key.nparser.KeYParser$One_include_statementContext.accept(KeYParser.java:802)
	at org.antlr.v4.runtime.tree.AbstractParseTreeVisitor.visitChildren(AbstractParseTreeVisitor.java:46)
	at de.uka.ilkd.key.nparser.KeYParserBaseVisitor.visitDecls(KeYParserBaseVisitor.java:30)
	at de.uka.ilkd.key.nparser.KeYParser$DeclsContext.accept(KeYParser.java:500)
	at org.antlr.v4.runtime.tree.AbstractParseTreeVisitor.visitChildren(AbstractParseTreeVisitor.java:46)
	at de.uka.ilkd.key.nparser.KeYParserBaseVisitor.visitFile(KeYParserBaseVisitor.java:23)
	at de.uka.ilkd.key.nparser.KeYParser$FileContext.accept(KeYParser.java:306)
	at de.uka.ilkd.key.nparser.KeyAst.accept(KeyAst.java:41)
	at de.uka.ilkd.key.nparser.KeyAst$File.getIncludes(KeyAst.java:76)
	at de.uka.ilkd.key.proof.io.KeYFile.readIncludes(KeYFile.java:208)
	... 14 more
Could not find rule file rules/intRulesCheckedSemantics.key (file: /home/runner/work/key/key/key.core/../key.ui/examples/index/../InformationFlow/NewObjects/object.AmtoftBanerjee2(object.AmtoftBanerjee2__expensive(int)).Non-interference contract.0.key; caused by: de.uka.ilkd.key.proof.init.ProofInputException: Could not find rule file rules/intRulesCheckedSemantics.key)
	at de.uka.ilkd.key.control.AbstractUserInterfaceControl.load(AbstractUserInterfaceControl.java:221)
	at de.uka.ilkd.key.control.KeYEnvironment.load(KeYEnvironment.java:251)
	at de.uka.ilkd.key.control.KeYEnvironment.load(KeYEnvironment.java:224)
	at de.uka.ilkd.key.control.KeYEnvironment.load(KeYEnvironment.java:184)
	at de.uka.ilkd.key.control.KeYEnvironment.load(KeYEnvironment.java:261)
	at de.uka.ilkd.key.proof.runallproofs.proofcollection.TestFile.load(TestFile.java:270)
	at de.uka.ilkd.key.proof.runallproofs.proofcollection.TestFile.runKey(TestFile.java:160)
	at de.uka.ilkd.key.proof.runallproofs.proofcollection.ForkedTestFileRunner.main(ForkedTestFileRunner.java:171)
Caused by: de.uka.ilkd.key.proof.init.ProofInputException: Could not find rule file rules/intRulesCheckedSemantics.key
	at de.uka.ilkd.key.proof.io.KeYFile.readIncludes(KeYFile.java:210)
	at de.uka.ilkd.key.proof.init.ProblemInitializer.readIncludes(ProblemInitializer.java:177)
	at de.uka.ilkd.key.proof.init.ProblemInitializer.readEnvInput(ProblemInitializer.java:325)
	at de.uka.ilkd.key.proof.init.ProblemInitializer.prepare(ProblemInitializer.java:449)
	at de.uka.ilkd.key.proof.io.AbstractProblemLoader.createInitConfig(AbstractProblemLoader.java:518)
	at de.uka.ilkd.key.proof.io.AbstractProblemLoader.loadEnvironment(AbstractProblemLoader.java:288)
	at de.uka.ilkd.key.proof.io.AbstractProblemLoader.load(AbstractProblemLoader.java:252)
	at de.uka.ilkd.key.control.AbstractUserInterfaceControl.load(AbstractUserInterfaceControl.java:209)
	... 7 more
Caused by: java.lang.RuntimeException: Could not find rule file rules/intRulesCheckedSemantics.key
	at de.uka.ilkd.key.proof.io.RuleSourceFactory.fromBuiltInRule(RuleSourceFactory.java:32)
	at de.uka.ilkd.key.proof.io.RuleSourceFactory.fromDefaultLocation(RuleSourceFactory.java:21)
	at de.uka.ilkd.key.nparser.builder.IncludeFinder.addInclude(IncludeFinder.java:63)
	at de.uka.ilkd.key.nparser.builder.IncludeFinder.visitOne_include(IncludeFinder.java:43)
	at de.uka.ilkd.key.nparser.builder.IncludeFinder.visitOne_include(IncludeFinder.java:20)
	at de.uka.ilkd.key.nparser.KeYParser$One_includeContext.accept(KeYParser.java:878)
	at de.uka.ilkd.key.nparser.builder.AbstractBuilder.lambda$mapOf$0(AbstractBuilder.java:112)
	at java.base/java.util.stream.ReferencePipeline$3$1.accept(ReferencePipeline.java:195)
	at java.base/java.util.ArrayList$ArrayListSpliterator.forEachRemaining(ArrayList.java:1655)
	at java.base/java.util.stream.AbstractPipeline.copyInto(AbstractPipeline.java:484)
	at java.base/java.util.stream.AbstractPipeline.wrapAndCopyInto(AbstractPipeline.java:474)
	at java.base/java.util.stream.ReduceOps$ReduceOp.evaluateSequential(ReduceOps.java:913)
	at java.base/java.util.stream.AbstractPipeline.evaluate(AbstractPipeline.java:234)
	at java.base/java.util.stream.ReferencePipeline.collect(ReferencePipeline.java:578)
	at de.uka.ilkd.key.nparser.builder.AbstractBuilder.mapOf(AbstractBuilder.java:112)
	at de.uka.ilkd.key.nparser.builder.IncludeFinder.visitOne_include_statement(IncludeFinder.java:35)
	at de.uka.ilkd.key.nparser.builder.IncludeFinder.visitOne_include_statement(IncludeFinder.java:20)
	at de.uka.ilkd.key.nparser.KeYParser$One_include_statementContext.accept(KeYParser.java:802)
	at org.antlr.v4.runtime.tree.AbstractParseTreeVisitor.visitChildren(AbstractParseTreeVisitor.java:46)
	at de.uka.ilkd.key.nparser.KeYParserBaseVisitor.visitDecls(KeYParserBaseVisitor.java:30)
	at de.uka.ilkd.key.nparser.KeYParser$DeclsContext.accept(KeYParser.java:500)
	at org.antlr.v4.runtime.tree.AbstractParseTreeVisitor.visitChildren(AbstractParseTreeVisitor.java:46)
	at de.uka.ilkd.key.nparser.KeYParserBaseVisitor.visitFile(KeYParserBaseVisitor.java:23)
	at de.uka.ilkd.key.nparser.KeYParser$FileContext.accept(KeYParser.java:306)
	at de.uka.ilkd.key.nparser.KeyAst.accept(KeyAst.java:41)
	at de.uka.ilkd.key.nparser.KeyAst$File.getIncludes(KeyAst.java:76)
	at de.uka.ilkd.key.proof.io.KeYFile.readIncludes(KeYFile.java:208)
	... 14 more
Could not find rule file rules/intRulesCheckedSemantics.key (file: /home/runner/work/key/key/key.core/../key.ui/examples/index/../InformationFlow/NewObjects/object.AmtoftBanerjee2(object.AmtoftBanerjee2__cexp(int)).Non-interference contract.0.key; caused by: de.uka.ilkd.key.proof.init.ProofInputException: Could not find rule file rules/intRulesCheckedSemantics.key)
	at de.uka.ilkd.key.control.AbstractUserInterfaceControl.load(AbstractUserInterfaceControl.java:221)
	at de.uka.ilkd.key.control.KeYEnvironment.load(KeYEnvironment.java:251)
	at de.uka.ilkd.key.control.KeYEnvironment.load(KeYEnvironment.java:224)
	at de.uka.ilkd.key.control.KeYEnvironment.load(KeYEnvironment.java:184)
	at de.uka.ilkd.key.control.KeYEnvironment.load(KeYEnvironment.java:261)
	at de.uka.ilkd.key.proof.runallproofs.proofcollection.TestFile.load(TestFile.java:270)
	at de.uka.ilkd.key.proof.runallproofs.proofcollection.TestFile.runKey(TestFile.java:160)
	at de.uka.ilkd.key.proof.runallproofs.proofcollection.ForkedTestFileRunner.main(ForkedTestFileRunner.java:171)
Caused by: de.uka.ilkd.key.proof.init.ProofInputException: Could not find rule file rules/intRulesCheckedSemantics.key
	at de.uka.ilkd.key.proof.io.KeYFile.readIncludes(KeYFile.java:210)
	at de.uka.ilkd.key.proof.init.ProblemInitializer.readIncludes(ProblemInitializer.java:177)
	at de.uka.ilkd.key.proof.init.ProblemInitializer.readEnvInput(ProblemInitializer.java:325)
	at de.uka.ilkd.key.proof.init.ProblemInitializer.prepare(ProblemInitializer.java:449)
	at de.uka.ilkd.key.proof.io.AbstractProblemLoader.createInitConfig(AbstractProblemLoader.java:518)
	at de.uka.ilkd.key.proof.io.AbstractProblemLoader.loadEnvironment(AbstractProblemLoader.java:288)
	at de.uka.ilkd.key.proof.io.AbstractProblemLoader.load(AbstractProblemLoader.java:252)
	at de.uka.ilkd.key.control.AbstractUserInterfaceControl.load(AbstractUserInterfaceControl.java:209)
	... 7 more
Caused by: java.lang.RuntimeException: Could not find rule file rules/intRulesCheckedSemantics.key
	at de.uka.ilkd.key.proof.io.RuleSourceFactory.fromBuiltInRule(RuleSourceFactory.java:32)
	at de.uka.ilkd.key.proof.io.RuleSourceFactory.fromDefaultLocation(RuleSourceFactory.java:21)
	at de.uka.ilkd.key.nparser.builder.IncludeFinder.addInclude(IncludeFinder.java:63)
	at de.uka.ilkd.key.nparser.builder.IncludeFinder.visitOne_include(IncludeFinder.java:43)
	at de.uka.ilkd.key.nparser.builder.IncludeFinder.visitOne_include(IncludeFinder.java:20)
	at de.uka.ilkd.key.nparser.KeYParser$One_includeContext.accept(KeYParser.java:878)
	at de.uka.ilkd.key.nparser.builder.AbstractBuilder.lambda$mapOf$0(AbstractBuilder.java:112)
	at java.base/java.util.stream.ReferencePipeline$3$1.accept(ReferencePipeline.java:195)
	at java.base/java.util.ArrayList$ArrayListSpliterator.forEachRemaining(ArrayList.java:1655)
	at java.base/java.util.stream.AbstractPipeline.copyInto(AbstractPipeline.java:484)
	at java.base/java.util.stream.AbstractPipeline.wrapAndCopyInto(AbstractPipeline.java:474)
	at java.base/java.util.stream.ReduceOps$ReduceOp.evaluateSequential(ReduceOps.java:913)
	at java.base/java.util.stream.AbstractPipeline.evaluate(AbstractPipeline.java:234)
	at java.base/java.util.stream.ReferencePipeline.collect(ReferencePipeline.java:578)
	at de.uka.ilkd.key.nparser.builder.AbstractBuilder.mapOf(AbstractBuilder.java:112)
	at de.uka.ilkd.key.nparser.builder.IncludeFinder.visitOne_include_statement(IncludeFinder.java:35)
	at de.uka.ilkd.key.nparser.builder.IncludeFinder.visitOne_include_statement(IncludeFinder.java:20)
	at de.uka.ilkd.key.nparser.KeYParser$One_include_statementContext.accept(KeYParser.java:802)
	at org.antlr.v4.runtime.tree.AbstractParseTreeVisitor.visitChildren(AbstractParseTreeVisitor.java:46)
	at de.uka.ilkd.key.nparser.KeYParserBaseVisitor.visitDecls(KeYParserBaseVisitor.java:30)
	at de.uka.ilkd.key.nparser.KeYParser$DeclsContext.accept(KeYParser.java:500)
	at org.antlr.v4.runtime.tree.AbstractParseTreeVisitor.visitChildren(AbstractParseTreeVisitor.java:46)
	at de.uka.ilkd.key.nparser.KeYParserBaseVisitor.visitFile(KeYParserBaseVisitor.java:23)
	at de.uka.ilkd.key.nparser.KeYParser$FileContext.accept(KeYParser.java:306)
	at de.uka.ilkd.key.nparser.KeyAst.accept(KeyAst.java:41)
	at de.uka.ilkd.key.nparser.KeyAst$File.getIncludes(KeyAst.java:76)
	at de.uka.ilkd.key.proof.io.KeYFile.readIncludes(KeYFile.java:208)
	... 14 more
Exception in thread "main" org.opentest4j.AssertionFailedError: Exception during the execution of proofs. See log for more details.
	at org.junit.jupiter.api.AssertionUtils.fail(AssertionUtils.java:39)
	at org.junit.jupiter.api.Assertions.fail(Assertions.java:134)
	at de.uka.ilkd.key.proof.runallproofs.proofcollection.ForkedTestFileRunner.main(ForkedTestFileRunner.java:192)
Timeout watcher launched (1000 secs.)
Could not find rule file rules/intRulesCheckedSemantics.key (file: /home/runner/work/key/key/key.core/../key.ui/examples/index/../InformationFlow/SimpleEvoting/simple_evoting.Environment(simple_evoting.Environment__untrustedOutputMessage((B)).Non-interference contract.0.key; caused by: de.uka.ilkd.key.proof.init.ProofInputException: Could not find rule file rules/intRulesCheckedSemantics.key)
	at de.uka.ilkd.key.control.AbstractUserInterfaceControl.load(AbstractUserInterfaceControl.java:221)
	at de.uka.ilkd.key.control.KeYEnvironment.load(KeYEnvironment.java:251)
	at de.uka.ilkd.key.control.KeYEnvironment.load(KeYEnvironment.java:224)
	at de.uka.ilkd.key.control.KeYEnvironment.load(KeYEnvironment.java:184)
	at de.uka.ilkd.key.control.KeYEnvironment.load(KeYEnvironment.java:261)
	at de.uka.ilkd.key.proof.runallproofs.proofcollection.TestFile.load(TestFile.java:270)
	at de.uka.ilkd.key.proof.runallproofs.proofcollection.TestFile.runKey(TestFile.java:160)
	at de.uka.ilkd.key.proof.runallproofs.proofcollection.ForkedTestFileRunner.main(ForkedTestFileRunner.java:171)
Caused by: de.uka.ilkd.key.proof.init.ProofInputException: Could not find rule file rules/intRulesCheckedSemantics.key
	at de.uka.ilkd.key.proof.io.KeYFile.readIncludes(KeYFile.java:210)
	at de.uka.ilkd.key.proof.init.ProblemInitializer.readIncludes(ProblemInitializer.java:177)
	at de.uka.ilkd.key.proof.init.ProblemInitializer.readEnvInput(ProblemInitializer.java:325)
	at de.uka.ilkd.key.proof.init.ProblemInitializer.prepare(ProblemInitializer.java:449)
	at de.uka.ilkd.key.proof.io.AbstractProblemLoader.createInitConfig(AbstractProblemLoader.java:518)
	at de.uka.ilkd.key.proof.io.AbstractProblemLoader.loadEnvironment(AbstractProblemLoader.java:288)
	at de.uka.ilkd.key.proof.io.AbstractProblemLoader.load(AbstractProblemLoader.java:252)
	at de.uka.ilkd.key.control.AbstractUserInterfaceControl.load(AbstractUserInterfaceControl.java:209)
	... 7 more
Caused by: java.lang.RuntimeException: Could not find rule file rules/intRulesCheckedSemantics.key
	at de.uka.ilkd.key.proof.io.RuleSourceFactory.fromBuiltInRule(RuleSourceFactory.java:32)
	at de.uka.ilkd.key.proof.io.RuleSourceFactory.fromDefaultLocation(RuleSourceFactory.java:21)
	at de.uka.ilkd.key.nparser.builder.IncludeFinder.addInclude(IncludeFinder.java:63)
	at de.uka.ilkd.key.nparser.builder.IncludeFinder.visitOne_include(IncludeFinder.java:43)
	at de.uka.ilkd.key.nparser.builder.IncludeFinder.visitOne_include(IncludeFinder.java:20)
	at de.uka.ilkd.key.nparser.KeYParser$One_includeContext.accept(KeYParser.java:878)
	at de.uka.ilkd.key.nparser.builder.AbstractBuilder.lambda$mapOf$0(AbstractBuilder.java:112)
	at java.base/java.util.stream.ReferencePipeline$3$1.accept(ReferencePipeline.java:195)
	at java.base/java.util.ArrayList$ArrayListSpliterator.forEachRemaining(ArrayList.java:1655)
	at java.base/java.util.stream.AbstractPipeline.copyInto(AbstractPipeline.java:484)
	at java.base/java.util.stream.AbstractPipeline.wrapAndCopyInto(AbstractPipeline.java:474)
	at java.base/java.util.stream.ReduceOps$ReduceOp.evaluateSequential(ReduceOps.java:913)
	at java.base/java.util.stream.AbstractPipeline.evaluate(AbstractPipeline.java:234)
	at java.base/java.util.stream.ReferencePipeline.collect(ReferencePipeline.java:578)
	at de.uka.ilkd.key.nparser.builder.AbstractBuilder.mapOf(AbstractBuilder.java:112)
	at de.uka.ilkd.key.nparser.builder.IncludeFinder.visitOne_include_statement(IncludeFinder.java:35)
	at de.uka.ilkd.key.nparser.builder.IncludeFinder.visitOne_include_statement(IncludeFinder.java:20)
	at de.uka.ilkd.key.nparser.KeYParser$One_include_statementContext.accept(KeYParser.java:802)
	at org.antlr.v4.runtime.tree.AbstractParseTreeVisitor.visitChildren(AbstractParseTreeVisitor.java:46)
	at de.uka.ilkd.key.nparser.KeYParserBaseVisitor.visitDecls(KeYParserBaseVisitor.java:30)
	at de.uka.ilkd.key.nparser.KeYParser$DeclsContext.accept(KeYParser.java:500)
	at org.antlr.v4.runtime.tree.AbstractParseTreeVisitor.visitChildren(AbstractParseTreeVisitor.java:46)
	at de.uka.ilkd.key.nparser.KeYParserBaseVisitor.visitFile(KeYParserBaseVisitor.java:23)
	at de.uka.ilkd.key.nparser.KeYParser$FileContext.accept(KeYParser.java:306)
	at de.uka.ilkd.key.nparser.KeyAst.accept(KeyAst.java:41)
	at de.uka.ilkd.key.nparser.KeyAst$File.getIncludes(KeyAst.java:76)
	at de.uka.ilkd.key.proof.io.KeYFile.readIncludes(KeYFile.java:208)
	... 14 more
Could not find rule file rules/intRulesCheckedSemantics.key (file: /home/runner/work/key/key/key.core/../key.ui/examples/index/../InformationFlow/SimpleEvoting/simple_evoting.Environment(simple_evoting.Environment__untrustedOutput(int)).Non-interference contract.0.key; caused by: de.uka.ilkd.key.proof.init.ProofInputException: Could not find rule file rules/intRulesCheckedSemantics.key)
	at de.uka.ilkd.key.control.AbstractUserInterfaceControl.load(AbstractUserInterfaceControl.java:221)
	at de.uka.ilkd.key.control.KeYEnvironment.load(KeYEnvironment.java:251)
	at de.uka.ilkd.key.control.KeYEnvironment.load(KeYEnvironment.java:224)
	at de.uka.ilkd.key.control.KeYEnvironment.load(KeYEnvironment.java:184)
	at de.uka.ilkd.key.control.KeYEnvironment.load(KeYEnvironment.java:261)
	at de.uka.ilkd.key.proof.runallproofs.proofcollection.TestFile.load(TestFile.java:270)
	at de.uka.ilkd.key.proof.runallproofs.proofcollection.TestFile.runKey(TestFile.java:160)
	at de.uka.ilkd.key.proof.runallproofs.proofcollection.ForkedTestFileRunner.main(ForkedTestFileRunner.java:171)
Caused by: de.uka.ilkd.key.proof.init.ProofInputException: Could not find rule file rules/intRulesCheckedSemantics.key
	at de.uka.ilkd.key.proof.io.KeYFile.readIncludes(KeYFile.java:210)
	at de.uka.ilkd.key.proof.init.ProblemInitializer.readIncludes(ProblemInitializer.java:177)
	at de.uka.ilkd.key.proof.init.ProblemInitializer.readEnvInput(ProblemInitializer.java:325)
	at de.uka.ilkd.key.proof.init.ProblemInitializer.prepare(ProblemInitializer.java:449)
	at de.uka.ilkd.key.proof.io.AbstractProblemLoader.createInitConfig(AbstractProblemLoader.java:518)
	at de.uka.ilkd.key.proof.io.AbstractProblemLoader.loadEnvironment(AbstractProblemLoader.java:288)
	at de.uka.ilkd.key.proof.io.AbstractProblemLoader.load(AbstractProblemLoader.java:252)
	at de.uka.ilkd.key.control.AbstractUserInterfaceControl.load(AbstractUserInterfaceControl.java:209)
	... 7 more
Caused by: java.lang.RuntimeException: Could not find rule file rules/intRulesCheckedSemantics.key
	at de.uka.ilkd.key.proof.io.RuleSourceFactory.fromBuiltInRule(RuleSourceFactory.java:32)
	at de.uka.ilkd.key.proof.io.RuleSourceFactory.fromDefaultLocation(RuleSourceFactory.java:21)
	at de.uka.ilkd.key.nparser.builder.IncludeFinder.addInclude(IncludeFinder.java:63)
	at de.uka.ilkd.key.nparser.builder.IncludeFinder.visitOne_include(IncludeFinder.java:43)
	at de.uka.ilkd.key.nparser.builder.IncludeFinder.visitOne_include(IncludeFinder.java:20)
	at de.uka.ilkd.key.nparser.KeYParser$One_includeContext.accept(KeYParser.java:878)
	at de.uka.ilkd.key.nparser.builder.AbstractBuilder.lambda$mapOf$0(AbstractBuilder.java:112)
	at java.base/java.util.stream.ReferencePipeline$3$1.accept(ReferencePipeline.java:195)
	at java.base/java.util.ArrayList$ArrayListSpliterator.forEachRemaining(ArrayList.java:1655)
	at java.base/java.util.stream.AbstractPipeline.copyInto(AbstractPipeline.java:484)
	at java.base/java.util.stream.AbstractPipeline.wrapAndCopyInto(AbstractPipeline.java:474)
	at java.base/java.util.stream.ReduceOps$ReduceOp.evaluateSequential(ReduceOps.java:913)
	at java.base/java.util.stream.AbstractPipeline.evaluate(AbstractPipeline.java:234)
	at java.base/java.util.stream.ReferencePipeline.collect(ReferencePipeline.java:578)
	at de.uka.ilkd.key.nparser.builder.AbstractBuilder.mapOf(AbstractBuilder.java:112)
	at de.uka.ilkd.key.nparser.builder.IncludeFinder.visitOne_include_statement(IncludeFinder.java:35)
	at de.uka.ilkd.key.nparser.builder.IncludeFinder.visitOne_include_statement(IncludeFinder.java:20)
	at de.uka.ilkd.key.nparser.KeYParser$One_include_statementContext.accept(KeYParser.java:802)
	at org.antlr.v4.runtime.tree.AbstractParseTreeVisitor.visitChildren(AbstractParseTreeVisitor.java:46)
	at de.uka.ilkd.key.nparser.KeYParserBaseVisitor.visitDecls(KeYParserBaseVisitor.java:30)
	at de.uka.ilkd.key.nparser.KeYParser$DeclsContext.accept(KeYParser.java:500)
	at org.antlr.v4.runtime.tree.AbstractParseTreeVisitor.visitChildren(AbstractParseTreeVisitor.java:46)
	at de.uka.ilkd.key.nparser.KeYParserBaseVisitor.visitFile(KeYParserBaseVisitor.java:23)
	at de.uka.ilkd.key.nparser.KeYParser$FileContext.accept(KeYParser.java:306)
	at de.uka.ilkd.key.nparser.KeyAst.accept(KeyAst.java:41)
	at de.uka.ilkd.key.nparser.KeyAst$File.getIncludes(KeyAst.java:76)
	at de.uka.ilkd.key.proof.io.KeYFile.readIncludes(KeYFile.java:208)
	... 14 more
Could not find rule file rules/intRulesCheckedSemantics.key (file: /home/runner/work/key/key/key.core/../key.ui/examples/index/../InformationFlow/SimpleEvoting/simple_evoting.Environment(simple_evoting.Environment__untrustedInput(int)).Non-interference contract.0.key; caused by: de.uka.ilkd.key.proof.init.ProofInputException: Could not find rule file rules/intRulesCheckedSemantics.key)
	at de.uka.ilkd.key.control.AbstractUserInterfaceControl.load(AbstractUserInterfaceControl.java:221)
	at de.uka.ilkd.key.control.KeYEnvironment.load(KeYEnvironment.java:251)
	at de.uka.ilkd.key.control.KeYEnvironment.load(KeYEnvironment.java:224)
	at de.uka.ilkd.key.control.KeYEnvironment.load(KeYEnvironment.java:184)
	at de.uka.ilkd.key.control.KeYEnvironment.load(KeYEnvironment.java:261)
	at de.uka.ilkd.key.proof.runallproofs.proofcollection.TestFile.load(TestFile.java:270)
	at de.uka.ilkd.key.proof.runallproofs.proofcollection.TestFile.runKey(TestFile.java:160)
	at de.uka.ilkd.key.proof.runallproofs.proofcollection.ForkedTestFileRunner.main(ForkedTestFileRunner.java:171)
Caused by: de.uka.ilkd.key.proof.init.ProofInputException: Could not find rule file rules/intRulesCheckedSemantics.key
	at de.uka.ilkd.key.proof.io.KeYFile.readIncludes(KeYFile.java:210)
	at de.uka.ilkd.key.proof.init.ProblemInitializer.readIncludes(ProblemInitializer.java:177)
	at de.uka.ilkd.key.proof.init.ProblemInitializer.readEnvInput(ProblemInitializer.java:325)
	at de.uka.ilkd.key.proof.init.ProblemInitializer.prepare(ProblemInitializer.java:449)
	at de.uka.ilkd.key.proof.io.AbstractProblemLoader.createInitConfig(AbstractProblemLoader.java:518)
	at de.uka.ilkd.key.proof.io.AbstractProblemLoader.loadEnvironment(AbstractProblemLoader.java:288)
	at de.uka.ilkd.key.proof.io.AbstractProblemLoader.load(AbstractProblemLoader.java:252)
	at de.uka.ilkd.key.control.AbstractUserInterfaceControl.load(AbstractUserInterfaceControl.java:209)
	... 7 more
Caused by: java.lang.RuntimeException: Could not find rule file rules/intRulesCheckedSemantics.key
	at de.uka.ilkd.key.proof.io.RuleSourceFactory.fromBuiltInRule(RuleSourceFactory.java:32)
	at de.uka.ilkd.key.proof.io.RuleSourceFactory.fromDefaultLocation(RuleSourceFactory.java:21)
	at de.uka.ilkd.key.nparser.builder.IncludeFinder.addInclude(IncludeFinder.java:63)
	at de.uka.ilkd.key.nparser.builder.IncludeFinder.visitOne_include(IncludeFinder.java:43)
	at de.uka.ilkd.key.nparser.builder.IncludeFinder.visitOne_include(IncludeFinder.java:20)
	at de.uka.ilkd.key.nparser.KeYParser$One_includeContext.accept(KeYParser.java:878)
	at de.uka.ilkd.key.nparser.builder.AbstractBuilder.lambda$mapOf$0(AbstractBuilder.java:112)
	at java.base/java.util.stream.ReferencePipeline$3$1.accept(ReferencePipeline.java:195)
	at java.base/java.util.ArrayList$ArrayListSpliterator.forEachRemaining(ArrayList.java:1655)
	at java.base/java.util.stream.AbstractPipeline.copyInto(AbstractPipeline.java:484)
	at java.base/java.util.stream.AbstractPipeline.wrapAndCopyInto(AbstractPipeline.java:474)
	at java.base/java.util.stream.ReduceOps$ReduceOp.evaluateSequential(ReduceOps.java:913)
	at java.base/java.util.stream.AbstractPipeline.evaluate(AbstractPipeline.java:234)
	at java.base/java.util.stream.ReferencePipeline.collect(ReferencePipeline.java:578)
	at de.uka.ilkd.key.nparser.builder.AbstractBuilder.mapOf(AbstractBuilder.java:112)
	at de.uka.ilkd.key.nparser.builder.IncludeFinder.visitOne_include_statement(IncludeFinder.java:35)
	at de.uka.ilkd.key.nparser.builder.IncludeFinder.visitOne_include_statement(IncludeFinder.java:20)
	at de.uka.ilkd.key.nparser.KeYParser$One_include_statementContext.accept(KeYParser.java:802)
	at org.antlr.v4.runtime.tree.AbstractParseTreeVisitor.visitChildren(AbstractParseTreeVisitor.java:46)
	at de.uka.ilkd.key.nparser.KeYParserBaseVisitor.visitDecls(KeYParserBaseVisitor.java:30)
	at de.uka.ilkd.key.nparser.KeYParser$DeclsContext.accept(KeYParser.java:500)
	at org.antlr.v4.runtime.tree.AbstractParseTreeVisitor.visitChildren(AbstractParseTreeVisitor.java:46)
	at de.uka.ilkd.key.nparser.KeYParserBaseVisitor.visitFile(KeYParserBaseVisitor.java:23)
	at de.uka.ilkd.key.nparser.KeYParser$FileContext.accept(KeYParser.java:306)
	at de.uka.ilkd.key.nparser.KeyAst.accept(KeyAst.java:41)
	at de.uka.ilkd.key.nparser.KeyAst$File.getIncludes(KeyAst.java:76)
	at de.uka.ilkd.key.proof.io.KeYFile.readIncludes(KeYFile.java:208)
	... 14 more
Could not find rule file rules/intRulesCheckedSemantics.key (file: /home/runner/work/key/key/key.core/../key.ui/examples/index/../InformationFlow/SimpleEvoting/simple_evoting.Environment(simple_evoting.Environment__untrustedInput()).Non-interference contract.0.key; caused by: de.uka.ilkd.key.proof.init.ProofInputException: Could not find rule file rules/intRulesCheckedSemantics.key)
	at de.uka.ilkd.key.control.AbstractUserInterfaceControl.load(AbstractUserInterfaceControl.java:221)
	at de.uka.ilkd.key.control.KeYEnvironment.load(KeYEnvironment.java:251)
	at de.uka.ilkd.key.control.KeYEnvironment.load(KeYEnvironment.java:224)
	at de.uka.ilkd.key.control.KeYEnvironment.load(KeYEnvironment.java:184)
	at de.uka.ilkd.key.control.KeYEnvironment.load(KeYEnvironment.java:261)
	at de.uka.ilkd.key.proof.runallproofs.proofcollection.TestFile.load(TestFile.java:270)
	at de.uka.ilkd.key.proof.runallproofs.proofcollection.TestFile.runKey(TestFile.java:160)
	at de.uka.ilkd.key.proof.runallproofs.proofcollection.ForkedTestFileRunner.main(ForkedTestFileRunner.java:171)
Caused by: de.uka.ilkd.key.proof.init.ProofInputException: Could not find rule file rules/intRulesCheckedSemantics.key
	at de.uka.ilkd.key.proof.io.KeYFile.readIncludes(KeYFile.java:210)
	at de.uka.ilkd.key.proof.init.ProblemInitializer.readIncludes(ProblemInitializer.java:177)
	at de.uka.ilkd.key.proof.init.ProblemInitializer.readEnvInput(ProblemInitializer.java:325)
	at de.uka.ilkd.key.proof.init.ProblemInitializer.prepare(ProblemInitializer.java:449)
	at de.uka.ilkd.key.proof.io.AbstractProblemLoader.createInitConfig(AbstractProblemLoader.java:518)
	at de.uka.ilkd.key.proof.io.AbstractProblemLoader.loadEnvironment(AbstractProblemLoader.java:288)
	at de.uka.ilkd.key.proof.io.AbstractProblemLoader.load(AbstractProblemLoader.java:252)
	at de.uka.ilkd.key.control.AbstractUserInterfaceControl.load(AbstractUserInterfaceControl.java:209)
	... 7 more
Caused by: java.lang.RuntimeException: Could not find rule file rules/intRulesCheckedSemantics.key
	at de.uka.ilkd.key.proof.io.RuleSourceFactory.fromBuiltInRule(RuleSourceFactory.java:32)
	at de.uka.ilkd.key.proof.io.RuleSourceFactory.fromDefaultLocation(RuleSourceFactory.java:21)
	at de.uka.ilkd.key.nparser.builder.IncludeFinder.addInclude(IncludeFinder.java:63)
	at de.uka.ilkd.key.nparser.builder.IncludeFinder.visitOne_include(IncludeFinder.java:43)
	at de.uka.ilkd.key.nparser.builder.IncludeFinder.visitOne_include(IncludeFinder.java:20)
	at de.uka.ilkd.key.nparser.KeYParser$One_includeContext.accept(KeYParser.java:878)
	at de.uka.ilkd.key.nparser.builder.AbstractBuilder.lambda$mapOf$0(AbstractBuilder.java:112)
	at java.base/java.util.stream.ReferencePipeline$3$1.accept(ReferencePipeline.java:195)
	at java.base/java.util.ArrayList$ArrayListSpliterator.forEachRemaining(ArrayList.java:1655)
	at java.base/java.util.stream.AbstractPipeline.copyInto(AbstractPipeline.java:484)
	at java.base/java.util.stream.AbstractPipeline.wrapAndCopyInto(AbstractPipeline.java:474)
	at java.base/java.util.stream.ReduceOps$ReduceOp.evaluateSequential(ReduceOps.java:913)
	at java.base/java.util.stream.AbstractPipeline.evaluate(AbstractPipeline.java:234)
	at java.base/java.util.stream.ReferencePipeline.collect(ReferencePipeline.java:578)
	at de.uka.ilkd.key.nparser.builder.AbstractBuilder.mapOf(AbstractBuilder.java:112)
	at de.uka.ilkd.key.nparser.builder.IncludeFinder.visitOne_include_statement(IncludeFinder.java:35)
	at de.uka.ilkd.key.nparser.builder.IncludeFinder.visitOne_include_statement(IncludeFinder.java:20)
	at de.uka.ilkd.key.nparser.KeYParser$One_include_statementContext.accept(KeYParser.java:802)
	at org.antlr.v4.runtime.tree.AbstractParseTreeVisitor.visitChildren(AbstractParseTreeVisitor.java:46)
	at de.uka.ilkd.key.nparser.KeYParserBaseVisitor.visitDecls(KeYParserBaseVisitor.java:30)
	at de.uka.ilkd.key.nparser.KeYParser$DeclsContext.accept(KeYParser.java:500)
	at org.antlr.v4.runtime.tree.AbstractParseTreeVisitor.visitChildren(AbstractParseTreeVisitor.java:46)
	at de.uka.ilkd.key.nparser.KeYParserBaseVisitor.visitFile(KeYParserBaseVisitor.java:23)
	at de.uka.ilkd.key.nparser.KeYParser$FileContext.accept(KeYParser.java:306)
	at de.uka.ilkd.key.nparser.KeyAst.accept(KeyAst.java:41)
	at de.uka.ilkd.key.nparser.KeyAst$File.getIncludes(KeyAst.java:76)
	at de.uka.ilkd.key.proof.io.KeYFile.readIncludes(KeYFile.java:208)
	... 14 more
Could not find rule file rules/intRulesCheckedSemantics.key (file: /home/runner/work/key/key/key.core/../key.ui/examples/index/../InformationFlow/SimpleEvoting/simple_evoting.SMT(simple_evoting.SMT__send(simple_evoting.Message,int,simple_evoting.Server)).Non-interference contract.1.key; caused by: de.uka.ilkd.key.proof.init.ProofInputException: Could not find rule file rules/intRulesCheckedSemantics.key)
	at de.uka.ilkd.key.control.AbstractUserInterfaceControl.load(AbstractUserInterfaceControl.java:221)
	at de.uka.ilkd.key.control.KeYEnvironment.load(KeYEnvironment.java:251)
	at de.uka.ilkd.key.control.KeYEnvironment.load(KeYEnvironment.java:224)
	at de.uka.ilkd.key.control.KeYEnvironment.load(KeYEnvironment.java:184)
	at de.uka.ilkd.key.control.KeYEnvironment.load(KeYEnvironment.java:261)
	at de.uka.ilkd.key.proof.runallproofs.proofcollection.TestFile.load(TestFile.java:270)
	at de.uka.ilkd.key.proof.runallproofs.proofcollection.TestFile.runKey(TestFile.java:160)
	at de.uka.ilkd.key.proof.runallproofs.proofcollection.ForkedTestFileRunner.main(ForkedTestFileRunner.java:171)
Caused by: de.uka.ilkd.key.proof.init.ProofInputException: Could not find rule file rules/intRulesCheckedSemantics.key
	at de.uka.ilkd.key.proof.io.KeYFile.readIncludes(KeYFile.java:210)
	at de.uka.ilkd.key.proof.init.ProblemInitializer.readIncludes(ProblemInitializer.java:177)
	at de.uka.ilkd.key.proof.init.ProblemInitializer.readEnvInput(ProblemInitializer.java:325)
	at de.uka.ilkd.key.proof.init.ProblemInitializer.prepare(ProblemInitializer.java:449)
	at de.uka.ilkd.key.proof.io.AbstractProblemLoader.createInitConfig(AbstractProblemLoader.java:518)
	at de.uka.ilkd.key.proof.io.AbstractProblemLoader.loadEnvironment(AbstractProblemLoader.java:288)
	at de.uka.ilkd.key.proof.io.AbstractProblemLoader.load(AbstractProblemLoader.java:252)
	at de.uka.ilkd.key.control.AbstractUserInterfaceControl.load(AbstractUserInterfaceControl.java:209)
	... 7 more
Caused by: java.lang.RuntimeException: Could not find rule file rules/intRulesCheckedSemantics.key
	at de.uka.ilkd.key.proof.io.RuleSourceFactory.fromBuiltInRule(RuleSourceFactory.java:32)
	at de.uka.ilkd.key.proof.io.RuleSourceFactory.fromDefaultLocation(RuleSourceFactory.java:21)
	at de.uka.ilkd.key.nparser.builder.IncludeFinder.addInclude(IncludeFinder.java:63)
	at de.uka.ilkd.key.nparser.builder.IncludeFinder.visitOne_include(IncludeFinder.java:43)
	at de.uka.ilkd.key.nparser.builder.IncludeFinder.visitOne_include(IncludeFinder.java:20)
	at de.uka.ilkd.key.nparser.KeYParser$One_includeContext.accept(KeYParser.java:878)
	at de.uka.ilkd.key.nparser.builder.AbstractBuilder.lambda$mapOf$0(AbstractBuilder.java:112)
	at java.base/java.util.stream.ReferencePipeline$3$1.accept(ReferencePipeline.java:195)
	at java.base/java.util.ArrayList$ArrayListSpliterator.forEachRemaining(ArrayList.java:1655)
	at java.base/java.util.stream.AbstractPipeline.copyInto(AbstractPipeline.java:484)
	at java.base/java.util.stream.AbstractPipeline.wrapAndCopyInto(AbstractPipeline.java:474)
	at java.base/java.util.stream.ReduceOps$ReduceOp.evaluateSequential(ReduceOps.java:913)
	at java.base/java.util.stream.AbstractPipeline.evaluate(AbstractPipeline.java:234)
	at java.base/java.util.stream.ReferencePipeline.collect(ReferencePipeline.java:578)
	at de.uka.ilkd.key.nparser.builder.AbstractBuilder.mapOf(AbstractBuilder.java:112)
	at de.uka.ilkd.key.nparser.builder.IncludeFinder.visitOne_include_statement(IncludeFinder.java:35)
	at de.uka.ilkd.key.nparser.builder.IncludeFinder.visitOne_include_statement(IncludeFinder.java:20)
	at de.uka.ilkd.key.nparser.KeYParser$One_include_statementContext.accept(KeYParser.java:802)
	at org.antlr.v4.runtime.tree.AbstractParseTreeVisitor.visitChildren(AbstractParseTreeVisitor.java:46)
	at de.uka.ilkd.key.nparser.KeYParserBaseVisitor.visitDecls(KeYParserBaseVisitor.java:30)
	at de.uka.ilkd.key.nparser.KeYParser$DeclsContext.accept(KeYParser.java:500)
	at org.antlr.v4.runtime.tree.AbstractParseTreeVisitor.visitChildren(AbstractParseTreeVisitor.java:46)
	at de.uka.ilkd.key.nparser.KeYParserBaseVisitor.visitFile(KeYParserBaseVisitor.java:23)
	at de.uka.ilkd.key.nparser.KeYParser$FileContext.accept(KeYParser.java:306)
	at de.uka.ilkd.key.nparser.KeyAst.accept(KeyAst.java:41)
	at de.uka.ilkd.key.nparser.KeyAst$File.getIncludes(KeyAst.java:76)
	at de.uka.ilkd.key.proof.io.KeYFile.readIncludes(KeYFile.java:208)
	... 14 more
Could not find rule file rules/intRulesCheckedSemantics.key (file: /home/runner/work/key/key/key.core/../key.ui/examples/index/../InformationFlow/SimpleEvoting/simple_evoting.SMT(simple_evoting.SMT__send(simple_evoting.Message,int,simple_evoting.Server)).Non-interference contract.0.key; caused by: de.uka.ilkd.key.proof.init.ProofInputException: Could not find rule file rules/intRulesCheckedSemantics.key)
	at de.uka.ilkd.key.control.AbstractUserInterfaceControl.load(AbstractUserInterfaceControl.java:221)
	at de.uka.ilkd.key.control.KeYEnvironment.load(KeYEnvironment.java:251)
	at de.uka.ilkd.key.control.KeYEnvironment.load(KeYEnvironment.java:224)
	at de.uka.ilkd.key.control.KeYEnvironment.load(KeYEnvironment.java:184)
	at de.uka.ilkd.key.control.KeYEnvironment.load(KeYEnvironment.java:261)
	at de.uka.ilkd.key.proof.runallproofs.proofcollection.TestFile.load(TestFile.java:270)
	at de.uka.ilkd.key.proof.runallproofs.proofcollection.TestFile.runKey(TestFile.java:160)
	at de.uka.ilkd.key.proof.runallproofs.proofcollection.ForkedTestFileRunner.main(ForkedTestFileRunner.java:171)
Caused by: de.uka.ilkd.key.proof.init.ProofInputException: Could not find rule file rules/intRulesCheckedSemantics.key
	at de.uka.ilkd.key.proof.io.KeYFile.readIncludes(KeYFile.java:210)
	at de.uka.ilkd.key.proof.init.ProblemInitializer.readIncludes(ProblemInitializer.java:177)
	at de.uka.ilkd.key.proof.init.ProblemInitializer.readEnvInput(ProblemInitializer.java:325)
	at de.uka.ilkd.key.proof.init.ProblemInitializer.prepare(ProblemInitializer.java:449)
	at de.uka.ilkd.key.proof.io.AbstractProblemLoader.createInitConfig(AbstractProblemLoader.java:518)
	at de.uka.ilkd.key.proof.io.AbstractProblemLoader.loadEnvironment(AbstractProblemLoader.java:288)
	at de.uka.ilkd.key.proof.io.AbstractProblemLoader.load(AbstractProblemLoader.java:252)
	at de.uka.ilkd.key.control.AbstractUserInterfaceControl.load(AbstractUserInterfaceControl.java:209)
	... 7 more
Caused by: java.lang.RuntimeException: Could not find rule file rules/intRulesCheckedSemantics.key
	at de.uka.ilkd.key.proof.io.RuleSourceFactory.fromBuiltInRule(RuleSourceFactory.java:32)
	at de.uka.ilkd.key.proof.io.RuleSourceFactory.fromDefaultLocation(RuleSourceFactory.java:21)
	at de.uka.ilkd.key.nparser.builder.IncludeFinder.addInclude(IncludeFinder.java:63)
	at de.uka.ilkd.key.nparser.builder.IncludeFinder.visitOne_include(IncludeFinder.java:43)
	at de.uka.ilkd.key.nparser.builder.IncludeFinder.visitOne_include(IncludeFinder.java:20)
	at de.uka.ilkd.key.nparser.KeYParser$One_includeContext.accept(KeYParser.java:878)
	at de.uka.ilkd.key.nparser.builder.AbstractBuilder.lambda$mapOf$0(AbstractBuilder.java:112)
	at java.base/java.util.stream.ReferencePipeline$3$1.accept(ReferencePipeline.java:195)
	at java.base/java.util.ArrayList$ArrayListSpliterator.forEachRemaining(ArrayList.java:1655)
	at java.base/java.util.stream.AbstractPipeline.copyInto(AbstractPipeline.java:484)
	at java.base/java.util.stream.AbstractPipeline.wrapAndCopyInto(AbstractPipeline.java:474)
	at java.base/java.util.stream.ReduceOps$ReduceOp.evaluateSequential(ReduceOps.java:913)
	at java.base/java.util.stream.AbstractPipeline.evaluate(AbstractPipeline.java:234)
	at java.base/java.util.stream.ReferencePipeline.collect(ReferencePipeline.java:578)
	at de.uka.ilkd.key.nparser.builder.AbstractBuilder.mapOf(AbstractBuilder.java:112)
	at de.uka.ilkd.key.nparser.builder.IncludeFinder.visitOne_include_statement(IncludeFinder.java:35)
	at de.uka.ilkd.key.nparser.builder.IncludeFinder.visitOne_include_statement(IncludeFinder.java:20)
	at de.uka.ilkd.key.nparser.KeYParser$One_include_statementContext.accept(KeYParser.java:802)
	at org.antlr.v4.runtime.tree.AbstractParseTreeVisitor.visitChildren(AbstractParseTreeVisitor.java:46)
	at de.uka.ilkd.key.nparser.KeYParserBaseVisitor.visitDecls(KeYParserBaseVisitor.java:30)
	at de.uka.ilkd.key.nparser.KeYParser$DeclsContext.accept(KeYParser.java:500)
	at org.antlr.v4.runtime.tree.AbstractParseTreeVisitor.visitChildren(AbstractParseTreeVisitor.java:46)
	at de.uka.ilkd.key.nparser.KeYParserBaseVisitor.visitFile(KeYParserBaseVisitor.java:23)
	at de.uka.ilkd.key.nparser.KeYParser$FileContext.accept(KeYParser.java:306)
	at de.uka.ilkd.key.nparser.KeyAst.accept(KeyAst.java:41)
	at de.uka.ilkd.key.nparser.KeyAst$File.getIncludes(KeyAst.java:76)
	at de.uka.ilkd.key.proof.io.KeYFile.readIncludes(KeYFile.java:208)
	... 14 more
Could not find rule file rules/intRulesCheckedSemantics.key (file: /home/runner/work/key/key/key.core/../key.ui/examples/index/../InformationFlow/SimpleEvoting/simple_evoting.NetworkClient(simple_evoting.NetworkClient__send((B,simple_evoting.Server,int)).Non-interference contract.0.key; caused by: de.uka.ilkd.key.proof.init.ProofInputException: Could not find rule file rules/intRulesCheckedSemantics.key)
	at de.uka.ilkd.key.control.AbstractUserInterfaceControl.load(AbstractUserInterfaceControl.java:221)
	at de.uka.ilkd.key.control.KeYEnvironment.load(KeYEnvironment.java:251)
	at de.uka.ilkd.key.control.KeYEnvironment.load(KeYEnvironment.java:224)
	at de.uka.ilkd.key.control.KeYEnvironment.load(KeYEnvironment.java:184)
	at de.uka.ilkd.key.control.KeYEnvironment.load(KeYEnvironment.java:261)
	at de.uka.ilkd.key.proof.runallproofs.proofcollection.TestFile.load(TestFile.java:270)
	at de.uka.ilkd.key.proof.runallproofs.proofcollection.TestFile.runKey(TestFile.java:160)
	at de.uka.ilkd.key.proof.runallproofs.proofcollection.ForkedTestFileRunner.main(ForkedTestFileRunner.java:171)
Caused by: de.uka.ilkd.key.proof.init.ProofInputException: Could not find rule file rules/intRulesCheckedSemantics.key
	at de.uka.ilkd.key.proof.io.KeYFile.readIncludes(KeYFile.java:210)
	at de.uka.ilkd.key.proof.init.ProblemInitializer.readIncludes(ProblemInitializer.java:177)
	at de.uka.ilkd.key.proof.init.ProblemInitializer.readEnvInput(ProblemInitializer.java:325)
	at de.uka.ilkd.key.proof.init.ProblemInitializer.prepare(ProblemInitializer.java:449)
	at de.uka.ilkd.key.proof.io.AbstractProblemLoader.createInitConfig(AbstractProblemLoader.java:518)
	at de.uka.ilkd.key.proof.io.AbstractProblemLoader.loadEnvironment(AbstractProblemLoader.java:288)
	at de.uka.ilkd.key.proof.io.AbstractProblemLoader.load(AbstractProblemLoader.java:252)
	at de.uka.ilkd.key.control.AbstractUserInterfaceControl.load(AbstractUserInterfaceControl.java:209)
	... 7 more
Caused by: java.lang.RuntimeException: Could not find rule file rules/intRulesCheckedSemantics.key
	at de.uka.ilkd.key.proof.io.RuleSourceFactory.fromBuiltInRule(RuleSourceFactory.java:32)
	at de.uka.ilkd.key.proof.io.RuleSourceFactory.fromDefaultLocation(RuleSourceFactory.java:21)
	at de.uka.ilkd.key.nparser.builder.IncludeFinder.addInclude(IncludeFinder.java:63)
	at de.uka.ilkd.key.nparser.builder.IncludeFinder.visitOne_include(IncludeFinder.java:43)
	at de.uka.ilkd.key.nparser.builder.IncludeFinder.visitOne_include(IncludeFinder.java:20)
	at de.uka.ilkd.key.nparser.KeYParser$One_includeContext.accept(KeYParser.java:878)
	at de.uka.ilkd.key.nparser.builder.AbstractBuilder.lambda$mapOf$0(AbstractBuilder.java:112)
	at java.base/java.util.stream.ReferencePipeline$3$1.accept(ReferencePipeline.java:195)
	at java.base/java.util.ArrayList$ArrayListSpliterator.forEachRemaining(ArrayList.java:1655)
	at java.base/java.util.stream.AbstractPipeline.copyInto(AbstractPipeline.java:484)
	at java.base/java.util.stream.AbstractPipeline.wrapAndCopyInto(AbstractPipeline.java:474)
	at java.base/java.util.stream.ReduceOps$ReduceOp.evaluateSequential(ReduceOps.java:913)
	at java.base/java.util.stream.AbstractPipeline.evaluate(AbstractPipeline.java:234)
	at java.base/java.util.stream.ReferencePipeline.collect(ReferencePipeline.java:578)
	at de.uka.ilkd.key.nparser.builder.AbstractBuilder.mapOf(AbstractBuilder.java:112)
	at de.uka.ilkd.key.nparser.builder.IncludeFinder.visitOne_include_statement(IncludeFinder.java:35)
	at de.uka.ilkd.key.nparser.builder.IncludeFinder.visitOne_include_statement(IncludeFinder.java:20)
	at de.uka.ilkd.key.nparser.KeYParser$One_include_statementContext.accept(KeYParser.java:802)
	at org.antlr.v4.runtime.tree.AbstractParseTreeVisitor.visitChildren(AbstractParseTreeVisitor.java:46)
	at de.uka.ilkd.key.nparser.KeYParserBaseVisitor.visitDecls(KeYParserBaseVisitor.java:30)
	at de.uka.ilkd.key.nparser.KeYParser$DeclsContext.accept(KeYParser.java:500)
	at org.antlr.v4.runtime.tree.AbstractParseTreeVisitor.visitChildren(AbstractParseTreeVisitor.java:46)
	at de.uka.ilkd.key.nparser.KeYParserBaseVisitor.visitFile(KeYParserBaseVisitor.java:23)
	at de.uka.ilkd.key.nparser.KeYParser$FileContext.accept(KeYParser.java:306)
	at de.uka.ilkd.key.nparser.KeyAst.accept(KeyAst.java:41)
	at de.uka.ilkd.key.nparser.KeyAst$File.getIncludes(KeyAst.java:76)
	at de.uka.ilkd.key.proof.io.KeYFile.readIncludes(KeYFile.java:208)
	... 14 more
Could not find rule file rules/intRulesCheckedSemantics.key (file: /home/runner/work/key/key/key.core/../key.ui/examples/index/../InformationFlow/SimpleEvoting/simple_evoting.Voter(simple_evoting.Voter__onSendBallot(simple_evoting.Server)).Non-interference contract.1.key; caused by: de.uka.ilkd.key.proof.init.ProofInputException: Could not find rule file rules/intRulesCheckedSemantics.key)
	at de.uka.ilkd.key.control.AbstractUserInterfaceControl.load(AbstractUserInterfaceControl.java:221)
	at de.uka.ilkd.key.control.KeYEnvironment.load(KeYEnvironment.java:251)
	at de.uka.ilkd.key.control.KeYEnvironment.load(KeYEnvironment.java:224)
	at de.uka.ilkd.key.control.KeYEnvironment.load(KeYEnvironment.java:184)
	at de.uka.ilkd.key.control.KeYEnvironment.load(KeYEnvironment.java:261)
	at de.uka.ilkd.key.proof.runallproofs.proofcollection.TestFile.load(TestFile.java:270)
	at de.uka.ilkd.key.proof.runallproofs.proofcollection.TestFile.runKey(TestFile.java:160)
	at de.uka.ilkd.key.proof.runallproofs.proofcollection.ForkedTestFileRunner.main(ForkedTestFileRunner.java:171)
Caused by: de.uka.ilkd.key.proof.init.ProofInputException: Could not find rule file rules/intRulesCheckedSemantics.key
	at de.uka.ilkd.key.proof.io.KeYFile.readIncludes(KeYFile.java:210)
	at de.uka.ilkd.key.proof.init.ProblemInitializer.readIncludes(ProblemInitializer.java:177)
	at de.uka.ilkd.key.proof.init.ProblemInitializer.readEnvInput(ProblemInitializer.java:325)
	at de.uka.ilkd.key.proof.init.ProblemInitializer.prepare(ProblemInitializer.java:449)
	at de.uka.ilkd.key.proof.io.AbstractProblemLoader.createInitConfig(AbstractProblemLoader.java:518)
	at de.uka.ilkd.key.proof.io.AbstractProblemLoader.loadEnvironment(AbstractProblemLoader.java:288)
	at de.uka.ilkd.key.proof.io.AbstractProblemLoader.load(AbstractProblemLoader.java:252)
	at de.uka.ilkd.key.control.AbstractUserInterfaceControl.load(AbstractUserInterfaceControl.java:209)
	... 7 more
Caused by: java.lang.RuntimeException: Could not find rule file rules/intRulesCheckedSemantics.key
	at de.uka.ilkd.key.proof.io.RuleSourceFactory.fromBuiltInRule(RuleSourceFactory.java:32)
	at de.uka.ilkd.key.proof.io.RuleSourceFactory.fromDefaultLocation(RuleSourceFactory.java:21)
	at de.uka.ilkd.key.nparser.builder.IncludeFinder.addInclude(IncludeFinder.java:63)
	at de.uka.ilkd.key.nparser.builder.IncludeFinder.visitOne_include(IncludeFinder.java:43)
	at de.uka.ilkd.key.nparser.builder.IncludeFinder.visitOne_include(IncludeFinder.java:20)
	at de.uka.ilkd.key.nparser.KeYParser$One_includeContext.accept(KeYParser.java:878)
	at de.uka.ilkd.key.nparser.builder.AbstractBuilder.lambda$mapOf$0(AbstractBuilder.java:112)
	at java.base/java.util.stream.ReferencePipeline$3$1.accept(ReferencePipeline.java:195)
	at java.base/java.util.ArrayList$ArrayListSpliterator.forEachRemaining(ArrayList.java:1655)
	at java.base/java.util.stream.AbstractPipeline.copyInto(AbstractPipeline.java:484)
	at java.base/java.util.stream.AbstractPipeline.wrapAndCopyInto(AbstractPipeline.java:474)
	at java.base/java.util.stream.ReduceOps$ReduceOp.evaluateSequential(ReduceOps.java:913)
	at java.base/java.util.stream.AbstractPipeline.evaluate(AbstractPipeline.java:234)
	at java.base/java.util.stream.ReferencePipeline.collect(ReferencePipeline.java:578)
	at de.uka.ilkd.key.nparser.builder.AbstractBuilder.mapOf(AbstractBuilder.java:112)
	at de.uka.ilkd.key.nparser.builder.IncludeFinder.visitOne_include_statement(IncludeFinder.java:35)
	at de.uka.ilkd.key.nparser.builder.IncludeFinder.visitOne_include_statement(IncludeFinder.java:20)
	at de.uka.ilkd.key.nparser.KeYParser$One_include_statementContext.accept(KeYParser.java:802)
	at org.antlr.v4.runtime.tree.AbstractParseTreeVisitor.visitChildren(AbstractParseTreeVisitor.java:46)
	at de.uka.ilkd.key.nparser.KeYParserBaseVisitor.visitDecls(KeYParserBaseVisitor.java:30)
	at de.uka.ilkd.key.nparser.KeYParser$DeclsContext.accept(KeYParser.java:500)
	at org.antlr.v4.runtime.tree.AbstractParseTreeVisitor.visitChildren(AbstractParseTreeVisitor.java:46)
	at de.uka.ilkd.key.nparser.KeYParserBaseVisitor.visitFile(KeYParserBaseVisitor.java:23)
	at de.uka.ilkd.key.nparser.KeYParser$FileContext.accept(KeYParser.java:306)
	at de.uka.ilkd.key.nparser.KeyAst.accept(KeyAst.java:41)
	at de.uka.ilkd.key.nparser.KeyAst$File.getIncludes(KeyAst.java:76)
	at de.uka.ilkd.key.proof.io.KeYFile.readIncludes(KeYFile.java:208)
	... 14 more
Could not find rule file rules/intRulesCheckedSemantics.key (file: /home/runner/work/key/key/key.core/../key.ui/examples/index/../InformationFlow/SimpleEvoting/simple_evoting.Voter(simple_evoting.Voter__onSendBallot(simple_evoting.Server)).Non-interference contract.0.key; caused by: de.uka.ilkd.key.proof.init.ProofInputException: Could not find rule file rules/intRulesCheckedSemantics.key)
	at de.uka.ilkd.key.control.AbstractUserInterfaceControl.load(AbstractUserInterfaceControl.java:221)
	at de.uka.ilkd.key.control.KeYEnvironment.load(KeYEnvironment.java:251)
	at de.uka.ilkd.key.control.KeYEnvironment.load(KeYEnvironment.java:224)
	at de.uka.ilkd.key.control.KeYEnvironment.load(KeYEnvironment.java:184)
	at de.uka.ilkd.key.control.KeYEnvironment.load(KeYEnvironment.java:261)
	at de.uka.ilkd.key.proof.runallproofs.proofcollection.TestFile.load(TestFile.java:270)
	at de.uka.ilkd.key.proof.runallproofs.proofcollection.TestFile.runKey(TestFile.java:160)
	at de.uka.ilkd.key.proof.runallproofs.proofcollection.ForkedTestFileRunner.main(ForkedTestFileRunner.java:171)
Caused by: de.uka.ilkd.key.proof.init.ProofInputException: Could not find rule file rules/intRulesCheckedSemantics.key
	at de.uka.ilkd.key.proof.io.KeYFile.readIncludes(KeYFile.java:210)
	at de.uka.ilkd.key.proof.init.ProblemInitializer.readIncludes(ProblemInitializer.java:177)
	at de.uka.ilkd.key.proof.init.ProblemInitializer.readEnvInput(ProblemInitializer.java:325)
	at de.uka.ilkd.key.proof.init.ProblemInitializer.prepare(ProblemInitializer.java:449)
	at de.uka.ilkd.key.proof.io.AbstractProblemLoader.createInitConfig(AbstractProblemLoader.java:518)
	at de.uka.ilkd.key.proof.io.AbstractProblemLoader.loadEnvironment(AbstractProblemLoader.java:288)
	at de.uka.ilkd.key.proof.io.AbstractProblemLoader.load(AbstractProblemLoader.java:252)
	at de.uka.ilkd.key.control.AbstractUserInterfaceControl.load(AbstractUserInterfaceControl.java:209)
	... 7 more
Caused by: java.lang.RuntimeException: Could not find rule file rules/intRulesCheckedSemantics.key
	at de.uka.ilkd.key.proof.io.RuleSourceFactory.fromBuiltInRule(RuleSourceFactory.java:32)
	at de.uka.ilkd.key.proof.io.RuleSourceFactory.fromDefaultLocation(RuleSourceFactory.java:21)
	at de.uka.ilkd.key.nparser.builder.IncludeFinder.addInclude(IncludeFinder.java:63)
	at de.uka.ilkd.key.nparser.builder.IncludeFinder.visitOne_include(IncludeFinder.java:43)
	at de.uka.ilkd.key.nparser.builder.IncludeFinder.visitOne_include(IncludeFinder.java:20)
	at de.uka.ilkd.key.nparser.KeYParser$One_includeContext.accept(KeYParser.java:878)
	at de.uka.ilkd.key.nparser.builder.AbstractBuilder.lambda$mapOf$0(AbstractBuilder.java:112)
	at java.base/java.util.stream.ReferencePipeline$3$1.accept(ReferencePipeline.java:195)
	at java.base/java.util.ArrayList$ArrayListSpliterator.forEachRemaining(ArrayList.java:1655)
	at java.base/java.util.stream.AbstractPipeline.copyInto(AbstractPipeline.java:484)
	at java.base/java.util.stream.AbstractPipeline.wrapAndCopyInto(AbstractPipeline.java:474)
	at java.base/java.util.stream.ReduceOps$ReduceOp.evaluateSequential(ReduceOps.java:913)
	at java.base/java.util.stream.AbstractPipeline.evaluate(AbstractPipeline.java:234)
	at java.base/java.util.stream.ReferencePipeline.collect(ReferencePipeline.java:578)
	at de.uka.ilkd.key.nparser.builder.AbstractBuilder.mapOf(AbstractBuilder.java:112)
	at de.uka.ilkd.key.nparser.builder.IncludeFinder.visitOne_include_statement(IncludeFinder.java:35)
	at de.uka.ilkd.key.nparser.builder.IncludeFinder.visitOne_include_statement(IncludeFinder.java:20)
	at de.uka.ilkd.key.nparser.KeYParser$One_include_statementContext.accept(KeYParser.java:802)
	at org.antlr.v4.runtime.tree.AbstractParseTreeVisitor.visitChildren(AbstractParseTreeVisitor.java:46)
	at de.uka.ilkd.key.nparser.KeYParserBaseVisitor.visitDecls(KeYParserBaseVisitor.java:30)
	at de.uka.ilkd.key.nparser.KeYParser$DeclsContext.accept(KeYParser.java:500)
	at org.antlr.v4.runtime.tree.AbstractParseTreeVisitor.visitChildren(AbstractParseTreeVisitor.java:46)
	at de.uka.ilkd.key.nparser.KeYParserBaseVisitor.visitFile(KeYParserBaseVisitor.java:23)
	at de.uka.ilkd.key.nparser.KeYParser$FileContext.accept(KeYParser.java:306)
	at de.uka.ilkd.key.nparser.KeyAst.accept(KeyAst.java:41)
	at de.uka.ilkd.key.nparser.KeyAst$File.getIncludes(KeyAst.java:76)
	at de.uka.ilkd.key.proof.io.KeYFile.readIncludes(KeYFile.java:208)
	... 14 more
Exception in thread "main" org.opentest4j.AssertionFailedError: Exception during the execution of proofs. See log for more details.
	at org.junit.jupiter.api.AssertionUtils.fail(AssertionUtils.java:39)
	at org.junit.jupiter.api.Assertions.fail(Assertions.java:134)
	at de.uka.ilkd.key.proof.runallproofs.proofcollection.ForkedTestFileRunner.main(ForkedTestFileRunner.java:192)
Timeout watcher launched (1000 secs.)
Could not find rule file rules/intRulesCheckedSemantics.key (file: /home/runner/work/key/key/key.core/../key.ui/examples/index/../InformationFlow/ToyVoting/Voter(Voter__insecure_voting()).Non-interference contract.0.m.key; caused by: de.uka.ilkd.key.proof.init.ProofInputException: Could not find rule file rules/intRulesCheckedSemantics.key)
	at de.uka.ilkd.key.control.AbstractUserInterfaceControl.load(AbstractUserInterfaceControl.java:221)
	at de.uka.ilkd.key.control.KeYEnvironment.load(KeYEnvironment.java:251)
	at de.uka.ilkd.key.control.KeYEnvironment.load(KeYEnvironment.java:224)
	at de.uka.ilkd.key.control.KeYEnvironment.load(KeYEnvironment.java:184)
	at de.uka.ilkd.key.control.KeYEnvironment.load(KeYEnvironment.java:261)
	at de.uka.ilkd.key.proof.runallproofs.proofcollection.TestFile.load(TestFile.java:270)
	at de.uka.ilkd.key.proof.runallproofs.proofcollection.TestFile.runKey(TestFile.java:160)
	at de.uka.ilkd.key.proof.runallproofs.proofcollection.ForkedTestFileRunner.main(ForkedTestFileRunner.java:171)
Caused by: de.uka.ilkd.key.proof.init.ProofInputException: Could not find rule file rules/intRulesCheckedSemantics.key
	at de.uka.ilkd.key.proof.io.KeYFile.readIncludes(KeYFile.java:210)
	at de.uka.ilkd.key.proof.init.ProblemInitializer.readIncludes(ProblemInitializer.java:177)
	at de.uka.ilkd.key.proof.init.ProblemInitializer.readEnvInput(ProblemInitializer.java:325)
	at de.uka.ilkd.key.proof.init.ProblemInitializer.prepare(ProblemInitializer.java:449)
	at de.uka.ilkd.key.proof.io.AbstractProblemLoader.createInitConfig(AbstractProblemLoader.java:518)
	at de.uka.ilkd.key.proof.io.AbstractProblemLoader.loadEnvironment(AbstractProblemLoader.java:288)
	at de.uka.ilkd.key.proof.io.AbstractProblemLoader.load(AbstractProblemLoader.java:252)
	at de.uka.ilkd.key.control.AbstractUserInterfaceControl.load(AbstractUserInterfaceControl.java:209)
	... 7 more
Caused by: java.lang.RuntimeException: Could not find rule file rules/intRulesCheckedSemantics.key
	at de.uka.ilkd.key.proof.io.RuleSourceFactory.fromBuiltInRule(RuleSourceFactory.java:32)
	at de.uka.ilkd.key.proof.io.RuleSourceFactory.fromDefaultLocation(RuleSourceFactory.java:21)
	at de.uka.ilkd.key.nparser.builder.IncludeFinder.addInclude(IncludeFinder.java:63)
	at de.uka.ilkd.key.nparser.builder.IncludeFinder.visitOne_include(IncludeFinder.java:43)
	at de.uka.ilkd.key.nparser.builder.IncludeFinder.visitOne_include(IncludeFinder.java:20)
	at de.uka.ilkd.key.nparser.KeYParser$One_includeContext.accept(KeYParser.java:878)
	at de.uka.ilkd.key.nparser.builder.AbstractBuilder.lambda$mapOf$0(AbstractBuilder.java:112)
	at java.base/java.util.stream.ReferencePipeline$3$1.accept(ReferencePipeline.java:195)
	at java.base/java.util.ArrayList$ArrayListSpliterator.forEachRemaining(ArrayList.java:1655)
	at java.base/java.util.stream.AbstractPipeline.copyInto(AbstractPipeline.java:484)
	at java.base/java.util.stream.AbstractPipeline.wrapAndCopyInto(AbstractPipeline.java:474)
	at java.base/java.util.stream.ReduceOps$ReduceOp.evaluateSequential(ReduceOps.java:913)
	at java.base/java.util.stream.AbstractPipeline.evaluate(AbstractPipeline.java:234)
	at java.base/java.util.stream.ReferencePipeline.collect(ReferencePipeline.java:578)
	at de.uka.ilkd.key.nparser.builder.AbstractBuilder.mapOf(AbstractBuilder.java:112)
	at de.uka.ilkd.key.nparser.builder.IncludeFinder.visitOne_include_statement(IncludeFinder.java:35)
	at de.uka.ilkd.key.nparser.builder.IncludeFinder.visitOne_include_statement(IncludeFinder.java:20)
	at de.uka.ilkd.key.nparser.KeYParser$One_include_statementContext.accept(KeYParser.java:802)
	at org.antlr.v4.runtime.tree.AbstractParseTreeVisitor.visitChildren(AbstractParseTreeVisitor.java:46)
	at de.uka.ilkd.key.nparser.KeYParserBaseVisitor.visitDecls(KeYParserBaseVisitor.java:30)
	at de.uka.ilkd.key.nparser.KeYParser$DeclsContext.accept(KeYParser.java:500)
	at org.antlr.v4.runtime.tree.AbstractParseTreeVisitor.visitChildren(AbstractParseTreeVisitor.java:46)
	at de.uka.ilkd.key.nparser.KeYParserBaseVisitor.visitFile(KeYParserBaseVisitor.java:23)
	at de.uka.ilkd.key.nparser.KeYParser$FileContext.accept(KeYParser.java:306)
	at de.uka.ilkd.key.nparser.KeyAst.accept(KeyAst.java:41)
	at de.uka.ilkd.key.nparser.KeyAst$File.getIncludes(KeyAst.java:76)
	at de.uka.ilkd.key.proof.io.KeYFile.readIncludes(KeYFile.java:208)
	... 14 more
Could not find rule file rules/intRulesCheckedSemantics.key (file: /home/runner/work/key/key/key.core/../key.ui/examples/index/../InformationFlow/ToyVoting/Voter(Voter__publishVoterParticipation()).Non-interference contract.0.m.key; caused by: de.uka.ilkd.key.proof.init.ProofInputException: Could not find rule file rules/intRulesCheckedSemantics.key)
	at de.uka.ilkd.key.control.AbstractUserInterfaceControl.load(AbstractUserInterfaceControl.java:221)
	at de.uka.ilkd.key.control.KeYEnvironment.load(KeYEnvironment.java:251)
	at de.uka.ilkd.key.control.KeYEnvironment.load(KeYEnvironment.java:224)
	at de.uka.ilkd.key.control.KeYEnvironment.load(KeYEnvironment.java:184)
	at de.uka.ilkd.key.control.KeYEnvironment.load(KeYEnvironment.java:261)
	at de.uka.ilkd.key.proof.runallproofs.proofcollection.TestFile.load(TestFile.java:270)
	at de.uka.ilkd.key.proof.runallproofs.proofcollection.TestFile.runKey(TestFile.java:160)
	at de.uka.ilkd.key.proof.runallproofs.proofcollection.ForkedTestFileRunner.main(ForkedTestFileRunner.java:171)
Caused by: de.uka.ilkd.key.proof.init.ProofInputException: Could not find rule file rules/intRulesCheckedSemantics.key
	at de.uka.ilkd.key.proof.io.KeYFile.readIncludes(KeYFile.java:210)
	at de.uka.ilkd.key.proof.init.ProblemInitializer.readIncludes(ProblemInitializer.java:177)
	at de.uka.ilkd.key.proof.init.ProblemInitializer.readEnvInput(ProblemInitializer.java:325)
	at de.uka.ilkd.key.proof.init.ProblemInitializer.prepare(ProblemInitializer.java:449)
	at de.uka.ilkd.key.proof.io.AbstractProblemLoader.createInitConfig(AbstractProblemLoader.java:518)
	at de.uka.ilkd.key.proof.io.AbstractProblemLoader.loadEnvironment(AbstractProblemLoader.java:288)
	at de.uka.ilkd.key.proof.io.AbstractProblemLoader.load(AbstractProblemLoader.java:252)
	at de.uka.ilkd.key.control.AbstractUserInterfaceControl.load(AbstractUserInterfaceControl.java:209)
	... 7 more
Caused by: java.lang.RuntimeException: Could not find rule file rules/intRulesCheckedSemantics.key
	at de.uka.ilkd.key.proof.io.RuleSourceFactory.fromBuiltInRule(RuleSourceFactory.java:32)
	at de.uka.ilkd.key.proof.io.RuleSourceFactory.fromDefaultLocation(RuleSourceFactory.java:21)
	at de.uka.ilkd.key.nparser.builder.IncludeFinder.addInclude(IncludeFinder.java:63)
	at de.uka.ilkd.key.nparser.builder.IncludeFinder.visitOne_include(IncludeFinder.java:43)
	at de.uka.ilkd.key.nparser.builder.IncludeFinder.visitOne_include(IncludeFinder.java:20)
	at de.uka.ilkd.key.nparser.KeYParser$One_includeContext.accept(KeYParser.java:878)
	at de.uka.ilkd.key.nparser.builder.AbstractBuilder.lambda$mapOf$0(AbstractBuilder.java:112)
	at java.base/java.util.stream.ReferencePipeline$3$1.accept(ReferencePipeline.java:195)
	at java.base/java.util.ArrayList$ArrayListSpliterator.forEachRemaining(ArrayList.java:1655)
	at java.base/java.util.stream.AbstractPipeline.copyInto(AbstractPipeline.java:484)
	at java.base/java.util.stream.AbstractPipeline.wrapAndCopyInto(AbstractPipeline.java:474)
	at java.base/java.util.stream.ReduceOps$ReduceOp.evaluateSequential(ReduceOps.java:913)
	at java.base/java.util.stream.AbstractPipeline.evaluate(AbstractPipeline.java:234)
	at java.base/java.util.stream.ReferencePipeline.collect(ReferencePipeline.java:578)
	at de.uka.ilkd.key.nparser.builder.AbstractBuilder.mapOf(AbstractBuilder.java:112)
	at de.uka.ilkd.key.nparser.builder.IncludeFinder.visitOne_include_statement(IncludeFinder.java:35)
	at de.uka.ilkd.key.nparser.builder.IncludeFinder.visitOne_include_statement(IncludeFinder.java:20)
	at de.uka.ilkd.key.nparser.KeYParser$One_include_statementContext.accept(KeYParser.java:802)
	at org.antlr.v4.runtime.tree.AbstractParseTreeVisitor.visitChildren(AbstractParseTreeVisitor.java:46)
	at de.uka.ilkd.key.nparser.KeYParserBaseVisitor.visitDecls(KeYParserBaseVisitor.java:30)
	at de.uka.ilkd.key.nparser.KeYParser$DeclsContext.accept(KeYParser.java:500)
	at org.antlr.v4.runtime.tree.AbstractParseTreeVisitor.visitChildren(AbstractParseTreeVisitor.java:46)
	at de.uka.ilkd.key.nparser.KeYParserBaseVisitor.visitFile(KeYParserBaseVisitor.java:23)
	at de.uka.ilkd.key.nparser.KeYParser$FileContext.accept(KeYParser.java:306)
	at de.uka.ilkd.key.nparser.KeyAst.accept(KeyAst.java:41)
	at de.uka.ilkd.key.nparser.KeyAst$File.getIncludes(KeyAst.java:76)
	at de.uka.ilkd.key.proof.io.KeYFile.readIncludes(KeYFile.java:208)
	... 14 more
Could not find rule file rules/intRulesCheckedSemantics.key (file: /home/runner/work/key/key/key.core/../key.ui/examples/index/../InformationFlow/ToyVoting/Voter(Voter__isValid(int)).Non-interference contract.0.m.key; caused by: de.uka.ilkd.key.proof.init.ProofInputException: Could not find rule file rules/intRulesCheckedSemantics.key)
	at de.uka.ilkd.key.control.AbstractUserInterfaceControl.load(AbstractUserInterfaceControl.java:221)
	at de.uka.ilkd.key.control.KeYEnvironment.load(KeYEnvironment.java:251)
	at de.uka.ilkd.key.control.KeYEnvironment.load(KeYEnvironment.java:224)
	at de.uka.ilkd.key.control.KeYEnvironment.load(KeYEnvironment.java:184)
	at de.uka.ilkd.key.control.KeYEnvironment.load(KeYEnvironment.java:261)
	at de.uka.ilkd.key.proof.runallproofs.proofcollection.TestFile.load(TestFile.java:270)
	at de.uka.ilkd.key.proof.runallproofs.proofcollection.TestFile.runKey(TestFile.java:160)
	at de.uka.ilkd.key.proof.runallproofs.proofcollection.ForkedTestFileRunner.main(ForkedTestFileRunner.java:171)
Caused by: de.uka.ilkd.key.proof.init.ProofInputException: Could not find rule file rules/intRulesCheckedSemantics.key
	at de.uka.ilkd.key.proof.io.KeYFile.readIncludes(KeYFile.java:210)
	at de.uka.ilkd.key.proof.init.ProblemInitializer.readIncludes(ProblemInitializer.java:177)
	at de.uka.ilkd.key.proof.init.ProblemInitializer.readEnvInput(ProblemInitializer.java:325)
	at de.uka.ilkd.key.proof.init.ProblemInitializer.prepare(ProblemInitializer.java:449)
	at de.uka.ilkd.key.proof.io.AbstractProblemLoader.createInitConfig(AbstractProblemLoader.java:518)
	at de.uka.ilkd.key.proof.io.AbstractProblemLoader.loadEnvironment(AbstractProblemLoader.java:288)
	at de.uka.ilkd.key.proof.io.AbstractProblemLoader.load(AbstractProblemLoader.java:252)
	at de.uka.ilkd.key.control.AbstractUserInterfaceControl.load(AbstractUserInterfaceControl.java:209)
	... 7 more
Caused by: java.lang.RuntimeException: Could not find rule file rules/intRulesCheckedSemantics.key
	at de.uka.ilkd.key.proof.io.RuleSourceFactory.fromBuiltInRule(RuleSourceFactory.java:32)
	at de.uka.ilkd.key.proof.io.RuleSourceFactory.fromDefaultLocation(RuleSourceFactory.java:21)
	at de.uka.ilkd.key.nparser.builder.IncludeFinder.addInclude(IncludeFinder.java:63)
	at de.uka.ilkd.key.nparser.builder.IncludeFinder.visitOne_include(IncludeFinder.java:43)
	at de.uka.ilkd.key.nparser.builder.IncludeFinder.visitOne_include(IncludeFinder.java:20)
	at de.uka.ilkd.key.nparser.KeYParser$One_includeContext.accept(KeYParser.java:878)
	at de.uka.ilkd.key.nparser.builder.AbstractBuilder.lambda$mapOf$0(AbstractBuilder.java:112)
	at java.base/java.util.stream.ReferencePipeline$3$1.accept(ReferencePipeline.java:195)
	at java.base/java.util.ArrayList$ArrayListSpliterator.forEachRemaining(ArrayList.java:1655)
	at java.base/java.util.stream.AbstractPipeline.copyInto(AbstractPipeline.java:484)
	at java.base/java.util.stream.AbstractPipeline.wrapAndCopyInto(AbstractPipeline.java:474)
	at java.base/java.util.stream.ReduceOps$ReduceOp.evaluateSequential(ReduceOps.java:913)
	at java.base/java.util.stream.AbstractPipeline.evaluate(AbstractPipeline.java:234)
	at java.base/java.util.stream.ReferencePipeline.collect(ReferencePipeline.java:578)
	at de.uka.ilkd.key.nparser.builder.AbstractBuilder.mapOf(AbstractBuilder.java:112)
	at de.uka.ilkd.key.nparser.builder.IncludeFinder.visitOne_include_statement(IncludeFinder.java:35)
	at de.uka.ilkd.key.nparser.builder.IncludeFinder.visitOne_include_statement(IncludeFinder.java:20)
	at de.uka.ilkd.key.nparser.KeYParser$One_include_statementContext.accept(KeYParser.java:802)
	at org.antlr.v4.runtime.tree.AbstractParseTreeVisitor.visitChildren(AbstractParseTreeVisitor.java:46)
	at de.uka.ilkd.key.nparser.KeYParserBaseVisitor.visitDecls(KeYParserBaseVisitor.java:30)
	at de.uka.ilkd.key.nparser.KeYParser$DeclsContext.accept(KeYParser.java:500)
	at org.antlr.v4.runtime.tree.AbstractParseTreeVisitor.visitChildren(AbstractParseTreeVisitor.java:46)
	at de.uka.ilkd.key.nparser.KeYParserBaseVisitor.visitFile(KeYParserBaseVisitor.java:23)
	at de.uka.ilkd.key.nparser.KeYParser$FileContext.accept(KeYParser.java:306)
	at de.uka.ilkd.key.nparser.KeyAst.accept(KeyAst.java:41)
	at de.uka.ilkd.key.nparser.KeyAst$File.getIncludes(KeyAst.java:76)
	at de.uka.ilkd.key.proof.io.KeYFile.readIncludes(KeYFile.java:208)
	... 14 more
Could not find rule file rules/intRulesCheckedSemantics.key (file: /home/runner/work/key/key/key.core/../key.ui/examples/index/../InformationFlow/ToyVoting/Voter(Voter__sendVote(int)).Non-interference contract.0.m.key; caused by: de.uka.ilkd.key.proof.init.ProofInputException: Could not find rule file rules/intRulesCheckedSemantics.key)
	at de.uka.ilkd.key.control.AbstractUserInterfaceControl.load(AbstractUserInterfaceControl.java:221)
	at de.uka.ilkd.key.control.KeYEnvironment.load(KeYEnvironment.java:251)
	at de.uka.ilkd.key.control.KeYEnvironment.load(KeYEnvironment.java:224)
	at de.uka.ilkd.key.control.KeYEnvironment.load(KeYEnvironment.java:184)
	at de.uka.ilkd.key.control.KeYEnvironment.load(KeYEnvironment.java:261)
	at de.uka.ilkd.key.proof.runallproofs.proofcollection.TestFile.load(TestFile.java:270)
	at de.uka.ilkd.key.proof.runallproofs.proofcollection.TestFile.runKey(TestFile.java:160)
	at de.uka.ilkd.key.proof.runallproofs.proofcollection.ForkedTestFileRunner.main(ForkedTestFileRunner.java:171)
Caused by: de.uka.ilkd.key.proof.init.ProofInputException: Could not find rule file rules/intRulesCheckedSemantics.key
	at de.uka.ilkd.key.proof.io.KeYFile.readIncludes(KeYFile.java:210)
	at de.uka.ilkd.key.proof.init.ProblemInitializer.readIncludes(ProblemInitializer.java:177)
	at de.uka.ilkd.key.proof.init.ProblemInitializer.readEnvInput(ProblemInitializer.java:325)
	at de.uka.ilkd.key.proof.init.ProblemInitializer.prepare(ProblemInitializer.java:449)
	at de.uka.ilkd.key.proof.io.AbstractProblemLoader.createInitConfig(AbstractProblemLoader.java:518)
	at de.uka.ilkd.key.proof.io.AbstractProblemLoader.loadEnvironment(AbstractProblemLoader.java:288)
	at de.uka.ilkd.key.proof.io.AbstractProblemLoader.load(AbstractProblemLoader.java:252)
	at de.uka.ilkd.key.control.AbstractUserInterfaceControl.load(AbstractUserInterfaceControl.java:209)
	... 7 more
Caused by: java.lang.RuntimeException: Could not find rule file rules/intRulesCheckedSemantics.key
	at de.uka.ilkd.key.proof.io.RuleSourceFactory.fromBuiltInRule(RuleSourceFactory.java:32)
	at de.uka.ilkd.key.proof.io.RuleSourceFactory.fromDefaultLocation(RuleSourceFactory.java:21)
	at de.uka.ilkd.key.nparser.builder.IncludeFinder.addInclude(IncludeFinder.java:63)
	at de.uka.ilkd.key.nparser.builder.IncludeFinder.visitOne_include(IncludeFinder.java:43)
	at de.uka.ilkd.key.nparser.builder.IncludeFinder.visitOne_include(IncludeFinder.java:20)
	at de.uka.ilkd.key.nparser.KeYParser$One_includeContext.accept(KeYParser.java:878)
	at de.uka.ilkd.key.nparser.builder.AbstractBuilder.lambda$mapOf$0(AbstractBuilder.java:112)
	at java.base/java.util.stream.ReferencePipeline$3$1.accept(ReferencePipeline.java:195)
	at java.base/java.util.ArrayList$ArrayListSpliterator.forEachRemaining(ArrayList.java:1655)
	at java.base/java.util.stream.AbstractPipeline.copyInto(AbstractPipeline.java:484)
	at java.base/java.util.stream.AbstractPipeline.wrapAndCopyInto(AbstractPipeline.java:474)
	at java.base/java.util.stream.ReduceOps$ReduceOp.evaluateSequential(ReduceOps.java:913)
	at java.base/java.util.stream.AbstractPipeline.evaluate(AbstractPipeline.java:234)
	at java.base/java.util.stream.ReferencePipeline.collect(ReferencePipeline.java:578)
	at de.uka.ilkd.key.nparser.builder.AbstractBuilder.mapOf(AbstractBuilder.java:112)
	at de.uka.ilkd.key.nparser.builder.IncludeFinder.visitOne_include_statement(IncludeFinder.java:35)
	at de.uka.ilkd.key.nparser.builder.IncludeFinder.visitOne_include_statement(IncludeFinder.java:20)
	at de.uka.ilkd.key.nparser.KeYParser$One_include_statementContext.accept(KeYParser.java:802)
	at org.antlr.v4.runtime.tree.AbstractParseTreeVisitor.visitChildren(AbstractParseTreeVisitor.java:46)
	at de.uka.ilkd.key.nparser.KeYParserBaseVisitor.visitDecls(KeYParserBaseVisitor.java:30)
	at de.uka.ilkd.key.nparser.KeYParser$DeclsContext.accept(KeYParser.java:500)
	at org.antlr.v4.runtime.tree.AbstractParseTreeVisitor.visitChildren(AbstractParseTreeVisitor.java:46)
	at de.uka.ilkd.key.nparser.KeYParserBaseVisitor.visitFile(KeYParserBaseVisitor.java:23)
	at de.uka.ilkd.key.nparser.KeYParser$FileContext.accept(KeYParser.java:306)
	at de.uka.ilkd.key.nparser.KeyAst.accept(KeyAst.java:41)
	at de.uka.ilkd.key.nparser.KeyAst$File.getIncludes(KeyAst.java:76)
	at de.uka.ilkd.key.proof.io.KeYFile.readIncludes(KeYFile.java:208)
	... 14 more
Could not find rule file rules/intRulesCheckedSemantics.key (file: /home/runner/work/key/key/key.core/../key.ui/examples/index/../InformationFlow/ToyVoting/Voter(Voter__inputVote()).Non-interference contract.0.m.key; caused by: de.uka.ilkd.key.proof.init.ProofInputException: Could not find rule file rules/intRulesCheckedSemantics.key)
	at de.uka.ilkd.key.control.AbstractUserInterfaceControl.load(AbstractUserInterfaceControl.java:221)
	at de.uka.ilkd.key.control.KeYEnvironment.load(KeYEnvironment.java:251)
	at de.uka.ilkd.key.control.KeYEnvironment.load(KeYEnvironment.java:224)
	at de.uka.ilkd.key.control.KeYEnvironment.load(KeYEnvironment.java:184)
	at de.uka.ilkd.key.control.KeYEnvironment.load(KeYEnvironment.java:261)
	at de.uka.ilkd.key.proof.runallproofs.proofcollection.TestFile.load(TestFile.java:270)
	at de.uka.ilkd.key.proof.runallproofs.proofcollection.TestFile.runKey(TestFile.java:160)
	at de.uka.ilkd.key.proof.runallproofs.proofcollection.ForkedTestFileRunner.main(ForkedTestFileRunner.java:171)
Caused by: de.uka.ilkd.key.proof.init.ProofInputException: Could not find rule file rules/intRulesCheckedSemantics.key
	at de.uka.ilkd.key.proof.io.KeYFile.readIncludes(KeYFile.java:210)
	at de.uka.ilkd.key.proof.init.ProblemInitializer.readIncludes(ProblemInitializer.java:177)
	at de.uka.ilkd.key.proof.init.ProblemInitializer.readEnvInput(ProblemInitializer.java:325)
	at de.uka.ilkd.key.proof.init.ProblemInitializer.prepare(ProblemInitializer.java:449)
	at de.uka.ilkd.key.proof.io.AbstractProblemLoader.createInitConfig(AbstractProblemLoader.java:518)
	at de.uka.ilkd.key.proof.io.AbstractProblemLoader.loadEnvironment(AbstractProblemLoader.java:288)
	at de.uka.ilkd.key.proof.io.AbstractProblemLoader.load(AbstractProblemLoader.java:252)
	at de.uka.ilkd.key.control.AbstractUserInterfaceControl.load(AbstractUserInterfaceControl.java:209)
	... 7 more
Caused by: java.lang.RuntimeException: Could not find rule file rules/intRulesCheckedSemantics.key
	at de.uka.ilkd.key.proof.io.RuleSourceFactory.fromBuiltInRule(RuleSourceFactory.java:32)
	at de.uka.ilkd.key.proof.io.RuleSourceFactory.fromDefaultLocation(RuleSourceFactory.java:21)
	at de.uka.ilkd.key.nparser.builder.IncludeFinder.addInclude(IncludeFinder.java:63)
	at de.uka.ilkd.key.nparser.builder.IncludeFinder.visitOne_include(IncludeFinder.java:43)
	at de.uka.ilkd.key.nparser.builder.IncludeFinder.visitOne_include(IncludeFinder.java:20)
	at de.uka.ilkd.key.nparser.KeYParser$One_includeContext.accept(KeYParser.java:878)
	at de.uka.ilkd.key.nparser.builder.AbstractBuilder.lambda$mapOf$0(AbstractBuilder.java:112)
	at java.base/java.util.stream.ReferencePipeline$3$1.accept(ReferencePipeline.java:195)
	at java.base/java.util.ArrayList$ArrayListSpliterator.forEachRemaining(ArrayList.java:1655)
	at java.base/java.util.stream.AbstractPipeline.copyInto(AbstractPipeline.java:484)
	at java.base/java.util.stream.AbstractPipeline.wrapAndCopyInto(AbstractPipeline.java:474)
	at java.base/java.util.stream.ReduceOps$ReduceOp.evaluateSequential(ReduceOps.java:913)
	at java.base/java.util.stream.AbstractPipeline.evaluate(AbstractPipeline.java:234)
	at java.base/java.util.stream.ReferencePipeline.collect(ReferencePipeline.java:578)
	at de.uka.ilkd.key.nparser.builder.AbstractBuilder.mapOf(AbstractBuilder.java:112)
	at de.uka.ilkd.key.nparser.builder.IncludeFinder.visitOne_include_statement(IncludeFinder.java:35)
	at de.uka.ilkd.key.nparser.builder.IncludeFinder.visitOne_include_statement(IncludeFinder.java:20)
	at de.uka.ilkd.key.nparser.KeYParser$One_include_statementContext.accept(KeYParser.java:802)
	at org.antlr.v4.runtime.tree.AbstractParseTreeVisitor.visitChildren(AbstractParseTreeVisitor.java:46)
	at de.uka.ilkd.key.nparser.KeYParserBaseVisitor.visitDecls(KeYParserBaseVisitor.java:30)
	at de.uka.ilkd.key.nparser.KeYParser$DeclsContext.accept(KeYParser.java:500)
	at org.antlr.v4.runtime.tree.AbstractParseTreeVisitor.visitChildren(AbstractParseTreeVisitor.java:46)
	at de.uka.ilkd.key.nparser.KeYParserBaseVisitor.visitFile(KeYParserBaseVisitor.java:23)
	at de.uka.ilkd.key.nparser.KeYParser$FileContext.accept(KeYParser.java:306)
	at de.uka.ilkd.key.nparser.KeyAst.accept(KeyAst.java:41)
	at de.uka.ilkd.key.nparser.KeyAst$File.getIncludes(KeyAst.java:76)
	at de.uka.ilkd.key.proof.io.KeYFile.readIncludes(KeYFile.java:208)
	... 14 more
Could not find rule file rules/intRulesCheckedSemantics.key (file: /home/runner/work/key/key/key.core/../key.ui/examples/index/../InformationFlow/ToyVoting/Voter(Voter__secure_voting()).Non-interference contract.0.m.key; caused by: de.uka.ilkd.key.proof.init.ProofInputException: Could not find rule file rules/intRulesCheckedSemantics.key)
	at de.uka.ilkd.key.control.AbstractUserInterfaceControl.load(AbstractUserInterfaceControl.java:221)
	at de.uka.ilkd.key.control.KeYEnvironment.load(KeYEnvironment.java:251)
	at de.uka.ilkd.key.control.KeYEnvironment.load(KeYEnvironment.java:224)
	at de.uka.ilkd.key.control.KeYEnvironment.load(KeYEnvironment.java:184)
	at de.uka.ilkd.key.control.KeYEnvironment.load(KeYEnvironment.java:261)
	at de.uka.ilkd.key.proof.runallproofs.proofcollection.TestFile.load(TestFile.java:270)
	at de.uka.ilkd.key.proof.runallproofs.proofcollection.TestFile.runKey(TestFile.java:160)
	at de.uka.ilkd.key.proof.runallproofs.proofcollection.ForkedTestFileRunner.main(ForkedTestFileRunner.java:171)
Caused by: de.uka.ilkd.key.proof.init.ProofInputException: Could not find rule file rules/intRulesCheckedSemantics.key
	at de.uka.ilkd.key.proof.io.KeYFile.readIncludes(KeYFile.java:210)
	at de.uka.ilkd.key.proof.init.ProblemInitializer.readIncludes(ProblemInitializer.java:177)
	at de.uka.ilkd.key.proof.init.ProblemInitializer.readEnvInput(ProblemInitializer.java:325)
	at de.uka.ilkd.key.proof.init.ProblemInitializer.prepare(ProblemInitializer.java:449)
	at de.uka.ilkd.key.proof.io.AbstractProblemLoader.createInitConfig(AbstractProblemLoader.java:518)
	at de.uka.ilkd.key.proof.io.AbstractProblemLoader.loadEnvironment(AbstractProblemLoader.java:288)
	at de.uka.ilkd.key.proof.io.AbstractProblemLoader.load(AbstractProblemLoader.java:252)
	at de.uka.ilkd.key.control.AbstractUserInterfaceControl.load(AbstractUserInterfaceControl.java:209)
	... 7 more
Caused by: java.lang.RuntimeException: Could not find rule file rules/intRulesCheckedSemantics.key
	at de.uka.ilkd.key.proof.io.RuleSourceFactory.fromBuiltInRule(RuleSourceFactory.java:32)
	at de.uka.ilkd.key.proof.io.RuleSourceFactory.fromDefaultLocation(RuleSourceFactory.java:21)
	at de.uka.ilkd.key.nparser.builder.IncludeFinder.addInclude(IncludeFinder.java:63)
	at de.uka.ilkd.key.nparser.builder.IncludeFinder.visitOne_include(IncludeFinder.java:43)
	at de.uka.ilkd.key.nparser.builder.IncludeFinder.visitOne_include(IncludeFinder.java:20)
	at de.uka.ilkd.key.nparser.KeYParser$One_includeContext.accept(KeYParser.java:878)
	at de.uka.ilkd.key.nparser.builder.AbstractBuilder.lambda$mapOf$0(AbstractBuilder.java:112)
	at java.base/java.util.stream.ReferencePipeline$3$1.accept(ReferencePipeline.java:195)
	at java.base/java.util.ArrayList$ArrayListSpliterator.forEachRemaining(ArrayList.java:1655)
	at java.base/java.util.stream.AbstractPipeline.copyInto(AbstractPipeline.java:484)
	at java.base/java.util.stream.AbstractPipeline.wrapAndCopyInto(AbstractPipeline.java:474)
	at java.base/java.util.stream.ReduceOps$ReduceOp.evaluateSequential(ReduceOps.java:913)
	at java.base/java.util.stream.AbstractPipeline.evaluate(AbstractPipeline.java:234)
	at java.base/java.util.stream.ReferencePipeline.collect(ReferencePipeline.java:578)
	at de.uka.ilkd.key.nparser.builder.AbstractBuilder.mapOf(AbstractBuilder.java:112)
	at de.uka.ilkd.key.nparser.builder.IncludeFinder.visitOne_include_statement(IncludeFinder.java:35)
	at de.uka.ilkd.key.nparser.builder.IncludeFinder.visitOne_include_statement(IncludeFinder.java:20)
	at de.uka.ilkd.key.nparser.KeYParser$One_include_statementContext.accept(KeYParser.java:802)
	at org.antlr.v4.runtime.tree.AbstractParseTreeVisitor.visitChildren(AbstractParseTreeVisitor.java:46)
	at de.uka.ilkd.key.nparser.KeYParserBaseVisitor.visitDecls(KeYParserBaseVisitor.java:30)
	at de.uka.ilkd.key.nparser.KeYParser$DeclsContext.accept(KeYParser.java:500)
	at org.antlr.v4.runtime.tree.AbstractParseTreeVisitor.visitChildren(AbstractParseTreeVisitor.java:46)
	at de.uka.ilkd.key.nparser.KeYParserBaseVisitor.visitFile(KeYParserBaseVisitor.java:23)
	at de.uka.ilkd.key.nparser.KeYParser$FileContext.accept(KeYParser.java:306)
	at de.uka.ilkd.key.nparser.KeyAst.accept(KeyAst.java:41)
	at de.uka.ilkd.key.nparser.KeyAst$File.getIncludes(KeyAst.java:76)
	at de.uka.ilkd.key.proof.io.KeYFile.readIncludes(KeYFile.java:208)
	... 14 more
Exception in thread "main" org.opentest4j.AssertionFailedError: Exception during the execution of proofs. See log for more details.
	at org.junit.jupiter.api.AssertionUtils.fail(AssertionUtils.java:39)
	at org.junit.jupiter.api.Assertions.fail(Assertions.java:134)
	at de.uka.ilkd.key.proof.runallproofs.proofcollection.ForkedTestFileRunner.main(ForkedTestFileRunner.java:192)
Timeout watcher launched (1000 secs.)
Could not find rule file rules/intRulesCheckedSemantics.key (file: /home/runner/work/key/key/key.core/../key.ui/examples/index/../InformationFlow/Sum/SumExample(SumExample__getSum()).Non-interference contract.0.m.key; caused by: de.uka.ilkd.key.proof.init.ProofInputException: Could not find rule file rules/intRulesCheckedSemantics.key)
	at de.uka.ilkd.key.control.AbstractUserInterfaceControl.load(AbstractUserInterfaceControl.java:221)
	at de.uka.ilkd.key.control.KeYEnvironment.load(KeYEnvironment.java:251)
	at de.uka.ilkd.key.control.KeYEnvironment.load(KeYEnvironment.java:224)
	at de.uka.ilkd.key.control.KeYEnvironment.load(KeYEnvironment.java:184)
	at de.uka.ilkd.key.control.KeYEnvironment.load(KeYEnvironment.java:261)
	at de.uka.ilkd.key.proof.runallproofs.proofcollection.TestFile.load(TestFile.java:270)
	at de.uka.ilkd.key.proof.runallproofs.proofcollection.TestFile.runKey(TestFile.java:160)
	at de.uka.ilkd.key.proof.runallproofs.proofcollection.ForkedTestFileRunner.main(ForkedTestFileRunner.java:171)
Caused by: de.uka.ilkd.key.proof.init.ProofInputException: Could not find rule file rules/intRulesCheckedSemantics.key
	at de.uka.ilkd.key.proof.io.KeYFile.readIncludes(KeYFile.java:210)
	at de.uka.ilkd.key.proof.init.ProblemInitializer.readIncludes(ProblemInitializer.java:177)
	at de.uka.ilkd.key.proof.init.ProblemInitializer.readEnvInput(ProblemInitializer.java:325)
	at de.uka.ilkd.key.proof.init.ProblemInitializer.prepare(ProblemInitializer.java:449)
	at de.uka.ilkd.key.proof.io.AbstractProblemLoader.createInitConfig(AbstractProblemLoader.java:518)
	at de.uka.ilkd.key.proof.io.AbstractProblemLoader.loadEnvironment(AbstractProblemLoader.java:288)
	at de.uka.ilkd.key.proof.io.AbstractProblemLoader.load(AbstractProblemLoader.java:252)
	at de.uka.ilkd.key.control.AbstractUserInterfaceControl.load(AbstractUserInterfaceControl.java:209)
	... 7 more
Caused by: java.lang.RuntimeException: Could not find rule file rules/intRulesCheckedSemantics.key
	at de.uka.ilkd.key.proof.io.RuleSourceFactory.fromBuiltInRule(RuleSourceFactory.java:32)
	at de.uka.ilkd.key.proof.io.RuleSourceFactory.fromDefaultLocation(RuleSourceFactory.java:21)
	at de.uka.ilkd.key.nparser.builder.IncludeFinder.addInclude(IncludeFinder.java:63)
	at de.uka.ilkd.key.nparser.builder.IncludeFinder.visitOne_include(IncludeFinder.java:43)
	at de.uka.ilkd.key.nparser.builder.IncludeFinder.visitOne_include(IncludeFinder.java:20)
	at de.uka.ilkd.key.nparser.KeYParser$One_includeContext.accept(KeYParser.java:878)
	at de.uka.ilkd.key.nparser.builder.AbstractBuilder.lambda$mapOf$0(AbstractBuilder.java:112)
	at java.base/java.util.stream.ReferencePipeline$3$1.accept(ReferencePipeline.java:195)
	at java.base/java.util.ArrayList$ArrayListSpliterator.forEachRemaining(ArrayList.java:1655)
	at java.base/java.util.stream.AbstractPipeline.copyInto(AbstractPipeline.java:484)
	at java.base/java.util.stream.AbstractPipeline.wrapAndCopyInto(AbstractPipeline.java:474)
	at java.base/java.util.stream.ReduceOps$ReduceOp.evaluateSequential(ReduceOps.java:913)
	at java.base/java.util.stream.AbstractPipeline.evaluate(AbstractPipeline.java:234)
	at java.base/java.util.stream.ReferencePipeline.collect(ReferencePipeline.java:578)
	at de.uka.ilkd.key.nparser.builder.AbstractBuilder.mapOf(AbstractBuilder.java:112)
	at de.uka.ilkd.key.nparser.builder.IncludeFinder.visitOne_include_statement(IncludeFinder.java:35)
	at de.uka.ilkd.key.nparser.builder.IncludeFinder.visitOne_include_statement(IncludeFinder.java:20)
	at de.uka.ilkd.key.nparser.KeYParser$One_include_statementContext.accept(KeYParser.java:802)
	at org.antlr.v4.runtime.tree.AbstractParseTreeVisitor.visitChildren(AbstractParseTreeVisitor.java:46)
	at de.uka.ilkd.key.nparser.KeYParserBaseVisitor.visitDecls(KeYParserBaseVisitor.java:30)
	at de.uka.ilkd.key.nparser.KeYParser$DeclsContext.accept(KeYParser.java:500)
	at org.antlr.v4.runtime.tree.AbstractParseTreeVisitor.visitChildren(AbstractParseTreeVisitor.java:46)
	at de.uka.ilkd.key.nparser.KeYParserBaseVisitor.visitFile(KeYParserBaseVisitor.java:23)
	at de.uka.ilkd.key.nparser.KeYParser$FileContext.accept(KeYParser.java:306)
	at de.uka.ilkd.key.nparser.KeyAst.accept(KeyAst.java:41)
	at de.uka.ilkd.key.nparser.KeyAst$File.getIncludes(KeyAst.java:76)
	at de.uka.ilkd.key.proof.io.KeYFile.readIncludes(KeYFile.java:208)
	... 14 more
Exception in thread "main" org.opentest4j.AssertionFailedError: Exception during the execution of proofs. See log for more details.
	at org.junit.jupiter.api.AssertionUtils.fail(AssertionUtils.java:39)
	at org.junit.jupiter.api.Assertions.fail(Assertions.java:134)
	at de.uka.ilkd.key.proof.runallproofs.proofcollection.ForkedTestFileRunner.main(ForkedTestFileRunner.java:192)
Timeout watcher launched (1000 secs.)
Could not find rule file rules/intRulesCheckedSemantics.key (file: /home/runner/work/key/key/key.core/../key.ui/examples/index/../InformationFlow/ToyBanking/banking_example.UserAccount(banking_example.UserAccount__getBankAccount(int)).Non-interference contract.0.m.key; caused by: de.uka.ilkd.key.proof.init.ProofInputException: Could not find rule file rules/intRulesCheckedSemantics.key)
	at de.uka.ilkd.key.control.AbstractUserInterfaceControl.load(AbstractUserInterfaceControl.java:221)
	at de.uka.ilkd.key.control.KeYEnvironment.load(KeYEnvironment.java:251)
	at de.uka.ilkd.key.control.KeYEnvironment.load(KeYEnvironment.java:224)
	at de.uka.ilkd.key.control.KeYEnvironment.load(KeYEnvironment.java:184)
	at de.uka.ilkd.key.control.KeYEnvironment.load(KeYEnvironment.java:261)
	at de.uka.ilkd.key.proof.runallproofs.proofcollection.TestFile.load(TestFile.java:270)
	at de.uka.ilkd.key.proof.runallproofs.proofcollection.TestFile.runKey(TestFile.java:160)
	at de.uka.ilkd.key.proof.runallproofs.proofcollection.ForkedTestFileRunner.main(ForkedTestFileRunner.java:171)
Caused by: de.uka.ilkd.key.proof.init.ProofInputException: Could not find rule file rules/intRulesCheckedSemantics.key
	at de.uka.ilkd.key.proof.io.KeYFile.readIncludes(KeYFile.java:210)
	at de.uka.ilkd.key.proof.init.ProblemInitializer.readIncludes(ProblemInitializer.java:177)
	at de.uka.ilkd.key.proof.init.ProblemInitializer.readEnvInput(ProblemInitializer.java:325)
	at de.uka.ilkd.key.proof.init.ProblemInitializer.prepare(ProblemInitializer.java:449)
	at de.uka.ilkd.key.proof.io.AbstractProblemLoader.createInitConfig(AbstractProblemLoader.java:518)
	at de.uka.ilkd.key.proof.io.AbstractProblemLoader.loadEnvironment(AbstractProblemLoader.java:288)
	at de.uka.ilkd.key.proof.io.AbstractProblemLoader.load(AbstractProblemLoader.java:252)
	at de.uka.ilkd.key.control.AbstractUserInterfaceControl.load(AbstractUserInterfaceControl.java:209)
	... 7 more
Caused by: java.lang.RuntimeException: Could not find rule file rules/intRulesCheckedSemantics.key
	at de.uka.ilkd.key.proof.io.RuleSourceFactory.fromBuiltInRule(RuleSourceFactory.java:32)
	at de.uka.ilkd.key.proof.io.RuleSourceFactory.fromDefaultLocation(RuleSourceFactory.java:21)
	at de.uka.ilkd.key.nparser.builder.IncludeFinder.addInclude(IncludeFinder.java:63)
	at de.uka.ilkd.key.nparser.builder.IncludeFinder.visitOne_include(IncludeFinder.java:43)
	at de.uka.ilkd.key.nparser.builder.IncludeFinder.visitOne_include(IncludeFinder.java:20)
	at de.uka.ilkd.key.nparser.KeYParser$One_includeContext.accept(KeYParser.java:878)
	at de.uka.ilkd.key.nparser.builder.AbstractBuilder.lambda$mapOf$0(AbstractBuilder.java:112)
	at java.base/java.util.stream.ReferencePipeline$3$1.accept(ReferencePipeline.java:195)
	at java.base/java.util.ArrayList$ArrayListSpliterator.forEachRemaining(ArrayList.java:1655)
	at java.base/java.util.stream.AbstractPipeline.copyInto(AbstractPipeline.java:484)
	at java.base/java.util.stream.AbstractPipeline.wrapAndCopyInto(AbstractPipeline.java:474)
	at java.base/java.util.stream.ReduceOps$ReduceOp.evaluateSequential(ReduceOps.java:913)
	at java.base/java.util.stream.AbstractPipeline.evaluate(AbstractPipeline.java:234)
	at java.base/java.util.stream.ReferencePipeline.collect(ReferencePipeline.java:578)
	at de.uka.ilkd.key.nparser.builder.AbstractBuilder.mapOf(AbstractBuilder.java:112)
	at de.uka.ilkd.key.nparser.builder.IncludeFinder.visitOne_include_statement(IncludeFinder.java:35)
	at de.uka.ilkd.key.nparser.builder.IncludeFinder.visitOne_include_statement(IncludeFinder.java:20)
	at de.uka.ilkd.key.nparser.KeYParser$One_include_statementContext.accept(KeYParser.java:802)
	at org.antlr.v4.runtime.tree.AbstractParseTreeVisitor.visitChildren(AbstractParseTreeVisitor.java:46)
	at de.uka.ilkd.key.nparser.KeYParserBaseVisitor.visitDecls(KeYParserBaseVisitor.java:30)
	at de.uka.ilkd.key.nparser.KeYParser$DeclsContext.accept(KeYParser.java:500)
	at org.antlr.v4.runtime.tree.AbstractParseTreeVisitor.visitChildren(AbstractParseTreeVisitor.java:46)
	at de.uka.ilkd.key.nparser.KeYParserBaseVisitor.visitFile(KeYParserBaseVisitor.java:23)
	at de.uka.ilkd.key.nparser.KeYParser$FileContext.accept(KeYParser.java:306)
	at de.uka.ilkd.key.nparser.KeyAst.accept(KeyAst.java:41)
	at de.uka.ilkd.key.nparser.KeyAst$File.getIncludes(KeyAst.java:76)
	at de.uka.ilkd.key.proof.io.KeYFile.readIncludes(KeYFile.java:208)
	... 14 more
Could not find rule file rules/intRulesCheckedSemantics.key (file: /home/runner/work/key/key/key.core/../key.ui/examples/index/../InformationFlow/ToyBanking/banking_example.UserAccount(banking_example.UserAccount__tryLogin(int,(C)).Non-interference contract.0.m.key; caused by: de.uka.ilkd.key.proof.init.ProofInputException: Could not find rule file rules/intRulesCheckedSemantics.key)
	at de.uka.ilkd.key.control.AbstractUserInterfaceControl.load(AbstractUserInterfaceControl.java:221)
	at de.uka.ilkd.key.control.KeYEnvironment.load(KeYEnvironment.java:251)
	at de.uka.ilkd.key.control.KeYEnvironment.load(KeYEnvironment.java:224)
	at de.uka.ilkd.key.control.KeYEnvironment.load(KeYEnvironment.java:184)
	at de.uka.ilkd.key.control.KeYEnvironment.load(KeYEnvironment.java:261)
	at de.uka.ilkd.key.proof.runallproofs.proofcollection.TestFile.load(TestFile.java:270)
	at de.uka.ilkd.key.proof.runallproofs.proofcollection.TestFile.runKey(TestFile.java:160)
	at de.uka.ilkd.key.proof.runallproofs.proofcollection.ForkedTestFileRunner.main(ForkedTestFileRunner.java:171)
Caused by: de.uka.ilkd.key.proof.init.ProofInputException: Could not find rule file rules/intRulesCheckedSemantics.key
	at de.uka.ilkd.key.proof.io.KeYFile.readIncludes(KeYFile.java:210)
	at de.uka.ilkd.key.proof.init.ProblemInitializer.readIncludes(ProblemInitializer.java:177)
	at de.uka.ilkd.key.proof.init.ProblemInitializer.readEnvInput(ProblemInitializer.java:325)
	at de.uka.ilkd.key.proof.init.ProblemInitializer.prepare(ProblemInitializer.java:449)
	at de.uka.ilkd.key.proof.io.AbstractProblemLoader.createInitConfig(AbstractProblemLoader.java:518)
	at de.uka.ilkd.key.proof.io.AbstractProblemLoader.loadEnvironment(AbstractProblemLoader.java:288)
	at de.uka.ilkd.key.proof.io.AbstractProblemLoader.load(AbstractProblemLoader.java:252)
	at de.uka.ilkd.key.control.AbstractUserInterfaceControl.load(AbstractUserInterfaceControl.java:209)
	... 7 more
Caused by: java.lang.RuntimeException: Could not find rule file rules/intRulesCheckedSemantics.key
	at de.uka.ilkd.key.proof.io.RuleSourceFactory.fromBuiltInRule(RuleSourceFactory.java:32)
	at de.uka.ilkd.key.proof.io.RuleSourceFactory.fromDefaultLocation(RuleSourceFactory.java:21)
	at de.uka.ilkd.key.nparser.builder.IncludeFinder.addInclude(IncludeFinder.java:63)
	at de.uka.ilkd.key.nparser.builder.IncludeFinder.visitOne_include(IncludeFinder.java:43)
	at de.uka.ilkd.key.nparser.builder.IncludeFinder.visitOne_include(IncludeFinder.java:20)
	at de.uka.ilkd.key.nparser.KeYParser$One_includeContext.accept(KeYParser.java:878)
	at de.uka.ilkd.key.nparser.builder.AbstractBuilder.lambda$mapOf$0(AbstractBuilder.java:112)
	at java.base/java.util.stream.ReferencePipeline$3$1.accept(ReferencePipeline.java:195)
	at java.base/java.util.ArrayList$ArrayListSpliterator.forEachRemaining(ArrayList.java:1655)
	at java.base/java.util.stream.AbstractPipeline.copyInto(AbstractPipeline.java:484)
	at java.base/java.util.stream.AbstractPipeline.wrapAndCopyInto(AbstractPipeline.java:474)
	at java.base/java.util.stream.ReduceOps$ReduceOp.evaluateSequential(ReduceOps.java:913)
	at java.base/java.util.stream.AbstractPipeline.evaluate(AbstractPipeline.java:234)
	at java.base/java.util.stream.ReferencePipeline.collect(ReferencePipeline.java:578)
	at de.uka.ilkd.key.nparser.builder.AbstractBuilder.mapOf(AbstractBuilder.java:112)
	at de.uka.ilkd.key.nparser.builder.IncludeFinder.visitOne_include_statement(IncludeFinder.java:35)
	at de.uka.ilkd.key.nparser.builder.IncludeFinder.visitOne_include_statement(IncludeFinder.java:20)
	at de.uka.ilkd.key.nparser.KeYParser$One_include_statementContext.accept(KeYParser.java:802)
	at org.antlr.v4.runtime.tree.AbstractParseTreeVisitor.visitChildren(AbstractParseTreeVisitor.java:46)
	at de.uka.ilkd.key.nparser.KeYParserBaseVisitor.visitDecls(KeYParserBaseVisitor.java:30)
	at de.uka.ilkd.key.nparser.KeYParser$DeclsContext.accept(KeYParser.java:500)
	at org.antlr.v4.runtime.tree.AbstractParseTreeVisitor.visitChildren(AbstractParseTreeVisitor.java:46)
	at de.uka.ilkd.key.nparser.KeYParserBaseVisitor.visitFile(KeYParserBaseVisitor.java:23)
	at de.uka.ilkd.key.nparser.KeYParser$FileContext.accept(KeYParser.java:306)
	at de.uka.ilkd.key.nparser.KeyAst.accept(KeyAst.java:41)
	at de.uka.ilkd.key.nparser.KeyAst$File.getIncludes(KeyAst.java:76)
	at de.uka.ilkd.key.proof.io.KeYFile.readIncludes(KeYFile.java:208)
	... 14 more
Could not find rule file rules/intRulesCheckedSemantics.key (file: /home/runner/work/key/key/key.core/../key.ui/examples/index/../InformationFlow/ToyBanking/banking_example.BankAccount(banking_example.BankAccount__depositMoney(int)).Non-interference contract.0.m.key; caused by: de.uka.ilkd.key.proof.init.ProofInputException: Could not find rule file rules/intRulesCheckedSemantics.key)
	at de.uka.ilkd.key.control.AbstractUserInterfaceControl.load(AbstractUserInterfaceControl.java:221)
	at de.uka.ilkd.key.control.KeYEnvironment.load(KeYEnvironment.java:251)
	at de.uka.ilkd.key.control.KeYEnvironment.load(KeYEnvironment.java:224)
	at de.uka.ilkd.key.control.KeYEnvironment.load(KeYEnvironment.java:184)
	at de.uka.ilkd.key.control.KeYEnvironment.load(KeYEnvironment.java:261)
	at de.uka.ilkd.key.proof.runallproofs.proofcollection.TestFile.load(TestFile.java:270)
	at de.uka.ilkd.key.proof.runallproofs.proofcollection.TestFile.runKey(TestFile.java:160)
	at de.uka.ilkd.key.proof.runallproofs.proofcollection.ForkedTestFileRunner.main(ForkedTestFileRunner.java:171)
Caused by: de.uka.ilkd.key.proof.init.ProofInputException: Could not find rule file rules/intRulesCheckedSemantics.key
	at de.uka.ilkd.key.proof.io.KeYFile.readIncludes(KeYFile.java:210)
	at de.uka.ilkd.key.proof.init.ProblemInitializer.readIncludes(ProblemInitializer.java:177)
	at de.uka.ilkd.key.proof.init.ProblemInitializer.readEnvInput(ProblemInitializer.java:325)
	at de.uka.ilkd.key.proof.init.ProblemInitializer.prepare(ProblemInitializer.java:449)
	at de.uka.ilkd.key.proof.io.AbstractProblemLoader.createInitConfig(AbstractProblemLoader.java:518)
	at de.uka.ilkd.key.proof.io.AbstractProblemLoader.loadEnvironment(AbstractProblemLoader.java:288)
	at de.uka.ilkd.key.proof.io.AbstractProblemLoader.load(AbstractProblemLoader.java:252)
	at de.uka.ilkd.key.control.AbstractUserInterfaceControl.load(AbstractUserInterfaceControl.java:209)
	... 7 more
Caused by: java.lang.RuntimeException: Could not find rule file rules/intRulesCheckedSemantics.key
	at de.uka.ilkd.key.proof.io.RuleSourceFactory.fromBuiltInRule(RuleSourceFactory.java:32)
	at de.uka.ilkd.key.proof.io.RuleSourceFactory.fromDefaultLocation(RuleSourceFactory.java:21)
	at de.uka.ilkd.key.nparser.builder.IncludeFinder.addInclude(IncludeFinder.java:63)
	at de.uka.ilkd.key.nparser.builder.IncludeFinder.visitOne_include(IncludeFinder.java:43)
	at de.uka.ilkd.key.nparser.builder.IncludeFinder.visitOne_include(IncludeFinder.java:20)
	at de.uka.ilkd.key.nparser.KeYParser$One_includeContext.accept(KeYParser.java:878)
	at de.uka.ilkd.key.nparser.builder.AbstractBuilder.lambda$mapOf$0(AbstractBuilder.java:112)
	at java.base/java.util.stream.ReferencePipeline$3$1.accept(ReferencePipeline.java:195)
	at java.base/java.util.ArrayList$ArrayListSpliterator.forEachRemaining(ArrayList.java:1655)
	at java.base/java.util.stream.AbstractPipeline.copyInto(AbstractPipeline.java:484)
	at java.base/java.util.stream.AbstractPipeline.wrapAndCopyInto(AbstractPipeline.java:474)
	at java.base/java.util.stream.ReduceOps$ReduceOp.evaluateSequential(ReduceOps.java:913)
	at java.base/java.util.stream.AbstractPipeline.evaluate(AbstractPipeline.java:234)
	at java.base/java.util.stream.ReferencePipeline.collect(ReferencePipeline.java:578)
	at de.uka.ilkd.key.nparser.builder.AbstractBuilder.mapOf(AbstractBuilder.java:112)
	at de.uka.ilkd.key.nparser.builder.IncludeFinder.visitOne_include_statement(IncludeFinder.java:35)
	at de.uka.ilkd.key.nparser.builder.IncludeFinder.visitOne_include_statement(IncludeFinder.java:20)
	at de.uka.ilkd.key.nparser.KeYParser$One_include_statementContext.accept(KeYParser.java:802)
	at org.antlr.v4.runtime.tree.AbstractParseTreeVisitor.visitChildren(AbstractParseTreeVisitor.java:46)
	at de.uka.ilkd.key.nparser.KeYParserBaseVisitor.visitDecls(KeYParserBaseVisitor.java:30)
	at de.uka.ilkd.key.nparser.KeYParser$DeclsContext.accept(KeYParser.java:500)
	at org.antlr.v4.runtime.tree.AbstractParseTreeVisitor.visitChildren(AbstractParseTreeVisitor.java:46)
	at de.uka.ilkd.key.nparser.KeYParserBaseVisitor.visitFile(KeYParserBaseVisitor.java:23)
	at de.uka.ilkd.key.nparser.KeYParser$FileContext.accept(KeYParser.java:306)
	at de.uka.ilkd.key.nparser.KeyAst.accept(KeyAst.java:41)
	at de.uka.ilkd.key.nparser.KeyAst$File.getIncludes(KeyAst.java:76)
	at de.uka.ilkd.key.proof.io.KeYFile.readIncludes(KeYFile.java:208)
	... 14 more
Could not find rule file rules/intRulesCheckedSemantics.key (file: /home/runner/work/key/key/key.core/../key.ui/examples/index/../InformationFlow/ToyBanking/banking_example.BankAccount(banking_example.BankAccount__getBalance()).Non-interference contract.0.m.key; caused by: de.uka.ilkd.key.proof.init.ProofInputException: Could not find rule file rules/intRulesCheckedSemantics.key)
	at de.uka.ilkd.key.control.AbstractUserInterfaceControl.load(AbstractUserInterfaceControl.java:221)
	at de.uka.ilkd.key.control.KeYEnvironment.load(KeYEnvironment.java:251)
	at de.uka.ilkd.key.control.KeYEnvironment.load(KeYEnvironment.java:224)
	at de.uka.ilkd.key.control.KeYEnvironment.load(KeYEnvironment.java:184)
	at de.uka.ilkd.key.control.KeYEnvironment.load(KeYEnvironment.java:261)
	at de.uka.ilkd.key.proof.runallproofs.proofcollection.TestFile.load(TestFile.java:270)
	at de.uka.ilkd.key.proof.runallproofs.proofcollection.TestFile.runKey(TestFile.java:160)
	at de.uka.ilkd.key.proof.runallproofs.proofcollection.ForkedTestFileRunner.main(ForkedTestFileRunner.java:171)
Caused by: de.uka.ilkd.key.proof.init.ProofInputException: Could not find rule file rules/intRulesCheckedSemantics.key
	at de.uka.ilkd.key.proof.io.KeYFile.readIncludes(KeYFile.java:210)
	at de.uka.ilkd.key.proof.init.ProblemInitializer.readIncludes(ProblemInitializer.java:177)
	at de.uka.ilkd.key.proof.init.ProblemInitializer.readEnvInput(ProblemInitializer.java:325)
	at de.uka.ilkd.key.proof.init.ProblemInitializer.prepare(ProblemInitializer.java:449)
	at de.uka.ilkd.key.proof.io.AbstractProblemLoader.createInitConfig(AbstractProblemLoader.java:518)
	at de.uka.ilkd.key.proof.io.AbstractProblemLoader.loadEnvironment(AbstractProblemLoader.java:288)
	at de.uka.ilkd.key.proof.io.AbstractProblemLoader.load(AbstractProblemLoader.java:252)
	at de.uka.ilkd.key.control.AbstractUserInterfaceControl.load(AbstractUserInterfaceControl.java:209)
	... 7 more
Caused by: java.lang.RuntimeException: Could not find rule file rules/intRulesCheckedSemantics.key
	at de.uka.ilkd.key.proof.io.RuleSourceFactory.fromBuiltInRule(RuleSourceFactory.java:32)
	at de.uka.ilkd.key.proof.io.RuleSourceFactory.fromDefaultLocation(RuleSourceFactory.java:21)
	at de.uka.ilkd.key.nparser.builder.IncludeFinder.addInclude(IncludeFinder.java:63)
	at de.uka.ilkd.key.nparser.builder.IncludeFinder.visitOne_include(IncludeFinder.java:43)
	at de.uka.ilkd.key.nparser.builder.IncludeFinder.visitOne_include(IncludeFinder.java:20)
	at de.uka.ilkd.key.nparser.KeYParser$One_includeContext.accept(KeYParser.java:878)
	at de.uka.ilkd.key.nparser.builder.AbstractBuilder.lambda$mapOf$0(AbstractBuilder.java:112)
	at java.base/java.util.stream.ReferencePipeline$3$1.accept(ReferencePipeline.java:195)
	at java.base/java.util.ArrayList$ArrayListSpliterator.forEachRemaining(ArrayList.java:1655)
	at java.base/java.util.stream.AbstractPipeline.copyInto(AbstractPipeline.java:484)
	at java.base/java.util.stream.AbstractPipeline.wrapAndCopyInto(AbstractPipeline.java:474)
	at java.base/java.util.stream.ReduceOps$ReduceOp.evaluateSequential(ReduceOps.java:913)
	at java.base/java.util.stream.AbstractPipeline.evaluate(AbstractPipeline.java:234)
	at java.base/java.util.stream.ReferencePipeline.collect(ReferencePipeline.java:578)
	at de.uka.ilkd.key.nparser.builder.AbstractBuilder.mapOf(AbstractBuilder.java:112)
	at de.uka.ilkd.key.nparser.builder.IncludeFinder.visitOne_include_statement(IncludeFinder.java:35)
	at de.uka.ilkd.key.nparser.builder.IncludeFinder.visitOne_include_statement(IncludeFinder.java:20)
	at de.uka.ilkd.key.nparser.KeYParser$One_include_statementContext.accept(KeYParser.java:802)
	at org.antlr.v4.runtime.tree.AbstractParseTreeVisitor.visitChildren(AbstractParseTreeVisitor.java:46)
	at de.uka.ilkd.key.nparser.KeYParserBaseVisitor.visitDecls(KeYParserBaseVisitor.java:30)
	at de.uka.ilkd.key.nparser.KeYParser$DeclsContext.accept(KeYParser.java:500)
	at org.antlr.v4.runtime.tree.AbstractParseTreeVisitor.visitChildren(AbstractParseTreeVisitor.java:46)
	at de.uka.ilkd.key.nparser.KeYParserBaseVisitor.visitFile(KeYParserBaseVisitor.java:23)
	at de.uka.ilkd.key.nparser.KeYParser$FileContext.accept(KeYParser.java:306)
	at de.uka.ilkd.key.nparser.KeyAst.accept(KeyAst.java:41)
	at de.uka.ilkd.key.nparser.KeyAst$File.getIncludes(KeyAst.java:76)
	at de.uka.ilkd.key.proof.io.KeYFile.readIncludes(KeYFile.java:208)
	... 14 more
Could not find rule file rules/intRulesCheckedSemantics.key (file: /home/runner/work/key/key/key.core/../key.ui/examples/index/../InformationFlow/ToyBanking/banking_example.BankAccount(banking_example.BankAccount__getId()).Non-interference contract.0.m.key; caused by: de.uka.ilkd.key.proof.init.ProofInputException: Could not find rule file rules/intRulesCheckedSemantics.key)
	at de.uka.ilkd.key.control.AbstractUserInterfaceControl.load(AbstractUserInterfaceControl.java:221)
	at de.uka.ilkd.key.control.KeYEnvironment.load(KeYEnvironment.java:251)
	at de.uka.ilkd.key.control.KeYEnvironment.load(KeYEnvironment.java:224)
	at de.uka.ilkd.key.control.KeYEnvironment.load(KeYEnvironment.java:184)
	at de.uka.ilkd.key.control.KeYEnvironment.load(KeYEnvironment.java:261)
	at de.uka.ilkd.key.proof.runallproofs.proofcollection.TestFile.load(TestFile.java:270)
	at de.uka.ilkd.key.proof.runallproofs.proofcollection.TestFile.runKey(TestFile.java:160)
	at de.uka.ilkd.key.proof.runallproofs.proofcollection.ForkedTestFileRunner.main(ForkedTestFileRunner.java:171)
Caused by: de.uka.ilkd.key.proof.init.ProofInputException: Could not find rule file rules/intRulesCheckedSemantics.key
	at de.uka.ilkd.key.proof.io.KeYFile.readIncludes(KeYFile.java:210)
	at de.uka.ilkd.key.proof.init.ProblemInitializer.readIncludes(ProblemInitializer.java:177)
	at de.uka.ilkd.key.proof.init.ProblemInitializer.readEnvInput(ProblemInitializer.java:325)
	at de.uka.ilkd.key.proof.init.ProblemInitializer.prepare(ProblemInitializer.java:449)
	at de.uka.ilkd.key.proof.io.AbstractProblemLoader.createInitConfig(AbstractProblemLoader.java:518)
	at de.uka.ilkd.key.proof.io.AbstractProblemLoader.loadEnvironment(AbstractProblemLoader.java:288)
	at de.uka.ilkd.key.proof.io.AbstractProblemLoader.load(AbstractProblemLoader.java:252)
	at de.uka.ilkd.key.control.AbstractUserInterfaceControl.load(AbstractUserInterfaceControl.java:209)
	... 7 more
Caused by: java.lang.RuntimeException: Could not find rule file rules/intRulesCheckedSemantics.key
	at de.uka.ilkd.key.proof.io.RuleSourceFactory.fromBuiltInRule(RuleSourceFactory.java:32)
	at de.uka.ilkd.key.proof.io.RuleSourceFactory.fromDefaultLocation(RuleSourceFactory.java:21)
	at de.uka.ilkd.key.nparser.builder.IncludeFinder.addInclude(IncludeFinder.java:63)
	at de.uka.ilkd.key.nparser.builder.IncludeFinder.visitOne_include(IncludeFinder.java:43)
	at de.uka.ilkd.key.nparser.builder.IncludeFinder.visitOne_include(IncludeFinder.java:20)
	at de.uka.ilkd.key.nparser.KeYParser$One_includeContext.accept(KeYParser.java:878)
	at de.uka.ilkd.key.nparser.builder.AbstractBuilder.lambda$mapOf$0(AbstractBuilder.java:112)
	at java.base/java.util.stream.ReferencePipeline$3$1.accept(ReferencePipeline.java:195)
	at java.base/java.util.ArrayList$ArrayListSpliterator.forEachRemaining(ArrayList.java:1655)
	at java.base/java.util.stream.AbstractPipeline.copyInto(AbstractPipeline.java:484)
	at java.base/java.util.stream.AbstractPipeline.wrapAndCopyInto(AbstractPipeline.java:474)
	at java.base/java.util.stream.ReduceOps$ReduceOp.evaluateSequential(ReduceOps.java:913)
	at java.base/java.util.stream.AbstractPipeline.evaluate(AbstractPipeline.java:234)
	at java.base/java.util.stream.ReferencePipeline.collect(ReferencePipeline.java:578)
	at de.uka.ilkd.key.nparser.builder.AbstractBuilder.mapOf(AbstractBuilder.java:112)
	at de.uka.ilkd.key.nparser.builder.IncludeFinder.visitOne_include_statement(IncludeFinder.java:35)
	at de.uka.ilkd.key.nparser.builder.IncludeFinder.visitOne_include_statement(IncludeFinder.java:20)
	at de.uka.ilkd.key.nparser.KeYParser$One_include_statementContext.accept(KeYParser.java:802)
	at org.antlr.v4.runtime.tree.AbstractParseTreeVisitor.visitChildren(AbstractParseTreeVisitor.java:46)
	at de.uka.ilkd.key.nparser.KeYParserBaseVisitor.visitDecls(KeYParserBaseVisitor.java:30)
	at de.uka.ilkd.key.nparser.KeYParser$DeclsContext.accept(KeYParser.java:500)
	at org.antlr.v4.runtime.tree.AbstractParseTreeVisitor.visitChildren(AbstractParseTreeVisitor.java:46)
	at de.uka.ilkd.key.nparser.KeYParserBaseVisitor.visitFile(KeYParserBaseVisitor.java:23)
	at de.uka.ilkd.key.nparser.KeYParser$FileContext.accept(KeYParser.java:306)
	at de.uka.ilkd.key.nparser.KeyAst.accept(KeyAst.java:41)
	at de.uka.ilkd.key.nparser.KeyAst$File.getIncludes(KeyAst.java:76)
	at de.uka.ilkd.key.proof.io.KeYFile.readIncludes(KeYFile.java:208)
	... 14 more
Could not find rule file rules/intRulesCheckedSemantics.key (file: /home/runner/work/key/key/key.core/../key.ui/examples/index/../InformationFlow/ToyBanking/banking_example.Bank(banking_example.Bank__login(int,(C)).Non-interference contract.0.m.key; caused by: de.uka.ilkd.key.proof.init.ProofInputException: Could not find rule file rules/intRulesCheckedSemantics.key)
	at de.uka.ilkd.key.control.AbstractUserInterfaceControl.load(AbstractUserInterfaceControl.java:221)
	at de.uka.ilkd.key.control.KeYEnvironment.load(KeYEnvironment.java:251)
	at de.uka.ilkd.key.control.KeYEnvironment.load(KeYEnvironment.java:224)
	at de.uka.ilkd.key.control.KeYEnvironment.load(KeYEnvironment.java:184)
	at de.uka.ilkd.key.control.KeYEnvironment.load(KeYEnvironment.java:261)
	at de.uka.ilkd.key.proof.runallproofs.proofcollection.TestFile.load(TestFile.java:270)
	at de.uka.ilkd.key.proof.runallproofs.proofcollection.TestFile.runKey(TestFile.java:160)
	at de.uka.ilkd.key.proof.runallproofs.proofcollection.ForkedTestFileRunner.main(ForkedTestFileRunner.java:171)
Caused by: de.uka.ilkd.key.proof.init.ProofInputException: Could not find rule file rules/intRulesCheckedSemantics.key
	at de.uka.ilkd.key.proof.io.KeYFile.readIncludes(KeYFile.java:210)
	at de.uka.ilkd.key.proof.init.ProblemInitializer.readIncludes(ProblemInitializer.java:177)
	at de.uka.ilkd.key.proof.init.ProblemInitializer.readEnvInput(ProblemInitializer.java:325)
	at de.uka.ilkd.key.proof.init.ProblemInitializer.prepare(ProblemInitializer.java:449)
	at de.uka.ilkd.key.proof.io.AbstractProblemLoader.createInitConfig(AbstractProblemLoader.java:518)
	at de.uka.ilkd.key.proof.io.AbstractProblemLoader.loadEnvironment(AbstractProblemLoader.java:288)
	at de.uka.ilkd.key.proof.io.AbstractProblemLoader.load(AbstractProblemLoader.java:252)
	at de.uka.ilkd.key.control.AbstractUserInterfaceControl.load(AbstractUserInterfaceControl.java:209)
	... 7 more
Caused by: java.lang.RuntimeException: Could not find rule file rules/intRulesCheckedSemantics.key
	at de.uka.ilkd.key.proof.io.RuleSourceFactory.fromBuiltInRule(RuleSourceFactory.java:32)
	at de.uka.ilkd.key.proof.io.RuleSourceFactory.fromDefaultLocation(RuleSourceFactory.java:21)
	at de.uka.ilkd.key.nparser.builder.IncludeFinder.addInclude(IncludeFinder.java:63)
	at de.uka.ilkd.key.nparser.builder.IncludeFinder.visitOne_include(IncludeFinder.java:43)
	at de.uka.ilkd.key.nparser.builder.IncludeFinder.visitOne_include(IncludeFinder.java:20)
	at de.uka.ilkd.key.nparser.KeYParser$One_includeContext.accept(KeYParser.java:878)
	at de.uka.ilkd.key.nparser.builder.AbstractBuilder.lambda$mapOf$0(AbstractBuilder.java:112)
	at java.base/java.util.stream.ReferencePipeline$3$1.accept(ReferencePipeline.java:195)
	at java.base/java.util.ArrayList$ArrayListSpliterator.forEachRemaining(ArrayList.java:1655)
	at java.base/java.util.stream.AbstractPipeline.copyInto(AbstractPipeline.java:484)
	at java.base/java.util.stream.AbstractPipeline.wrapAndCopyInto(AbstractPipeline.java:474)
	at java.base/java.util.stream.ReduceOps$ReduceOp.evaluateSequential(ReduceOps.java:913)
	at java.base/java.util.stream.AbstractPipeline.evaluate(AbstractPipeline.java:234)
	at java.base/java.util.stream.ReferencePipeline.collect(ReferencePipeline.java:578)
	at de.uka.ilkd.key.nparser.builder.AbstractBuilder.mapOf(AbstractBuilder.java:112)
	at de.uka.ilkd.key.nparser.builder.IncludeFinder.visitOne_include_statement(IncludeFinder.java:35)
	at de.uka.ilkd.key.nparser.builder.IncludeFinder.visitOne_include_statement(IncludeFinder.java:20)
	at de.uka.ilkd.key.nparser.KeYParser$One_include_statementContext.accept(KeYParser.java:802)
	at org.antlr.v4.runtime.tree.AbstractParseTreeVisitor.visitChildren(AbstractParseTreeVisitor.java:46)
	at de.uka.ilkd.key.nparser.KeYParserBaseVisitor.visitDecls(KeYParserBaseVisitor.java:30)
	at de.uka.ilkd.key.nparser.KeYParser$DeclsContext.accept(KeYParser.java:500)
	at org.antlr.v4.runtime.tree.AbstractParseTreeVisitor.visitChildren(AbstractParseTreeVisitor.java:46)
	at de.uka.ilkd.key.nparser.KeYParserBaseVisitor.visitFile(KeYParserBaseVisitor.java:23)
	at de.uka.ilkd.key.nparser.KeYParser$FileContext.accept(KeYParser.java:306)
	at de.uka.ilkd.key.nparser.KeyAst.accept(KeyAst.java:41)
	at de.uka.ilkd.key.nparser.KeyAst$File.getIncludes(KeyAst.java:76)
	at de.uka.ilkd.key.proof.io.KeYFile.readIncludes(KeYFile.java:208)
	... 14 more
Could not find rule file rules/intRulesCheckedSemantics.key (file: /home/runner/work/key/key/key.core/../key.ui/examples/index/../InformationFlow/ToyBanking/banking_example2.UserAccount(banking_example2.UserAccount__getBankAccount(int)).Non-interference contract.0.m.key; caused by: de.uka.ilkd.key.proof.init.ProofInputException: Could not find rule file rules/intRulesCheckedSemantics.key)
	at de.uka.ilkd.key.control.AbstractUserInterfaceControl.load(AbstractUserInterfaceControl.java:221)
	at de.uka.ilkd.key.control.KeYEnvironment.load(KeYEnvironment.java:251)
	at de.uka.ilkd.key.control.KeYEnvironment.load(KeYEnvironment.java:224)
	at de.uka.ilkd.key.control.KeYEnvironment.load(KeYEnvironment.java:184)
	at de.uka.ilkd.key.control.KeYEnvironment.load(KeYEnvironment.java:261)
	at de.uka.ilkd.key.proof.runallproofs.proofcollection.TestFile.load(TestFile.java:270)
	at de.uka.ilkd.key.proof.runallproofs.proofcollection.TestFile.runKey(TestFile.java:160)
	at de.uka.ilkd.key.proof.runallproofs.proofcollection.ForkedTestFileRunner.main(ForkedTestFileRunner.java:171)
Caused by: de.uka.ilkd.key.proof.init.ProofInputException: Could not find rule file rules/intRulesCheckedSemantics.key
	at de.uka.ilkd.key.proof.io.KeYFile.readIncludes(KeYFile.java:210)
	at de.uka.ilkd.key.proof.init.ProblemInitializer.readIncludes(ProblemInitializer.java:177)
	at de.uka.ilkd.key.proof.init.ProblemInitializer.readEnvInput(ProblemInitializer.java:325)
	at de.uka.ilkd.key.proof.init.ProblemInitializer.prepare(ProblemInitializer.java:449)
	at de.uka.ilkd.key.proof.io.AbstractProblemLoader.createInitConfig(AbstractProblemLoader.java:518)
	at de.uka.ilkd.key.proof.io.AbstractProblemLoader.loadEnvironment(AbstractProblemLoader.java:288)
	at de.uka.ilkd.key.proof.io.AbstractProblemLoader.load(AbstractProblemLoader.java:252)
	at de.uka.ilkd.key.control.AbstractUserInterfaceControl.load(AbstractUserInterfaceControl.java:209)
	... 7 more
Caused by: java.lang.RuntimeException: Could not find rule file rules/intRulesCheckedSemantics.key
	at de.uka.ilkd.key.proof.io.RuleSourceFactory.fromBuiltInRule(RuleSourceFactory.java:32)
	at de.uka.ilkd.key.proof.io.RuleSourceFactory.fromDefaultLocation(RuleSourceFactory.java:21)
	at de.uka.ilkd.key.nparser.builder.IncludeFinder.addInclude(IncludeFinder.java:63)
	at de.uka.ilkd.key.nparser.builder.IncludeFinder.visitOne_include(IncludeFinder.java:43)
	at de.uka.ilkd.key.nparser.builder.IncludeFinder.visitOne_include(IncludeFinder.java:20)
	at de.uka.ilkd.key.nparser.KeYParser$One_includeContext.accept(KeYParser.java:878)
	at de.uka.ilkd.key.nparser.builder.AbstractBuilder.lambda$mapOf$0(AbstractBuilder.java:112)
	at java.base/java.util.stream.ReferencePipeline$3$1.accept(ReferencePipeline.java:195)
	at java.base/java.util.ArrayList$ArrayListSpliterator.forEachRemaining(ArrayList.java:1655)
	at java.base/java.util.stream.AbstractPipeline.copyInto(AbstractPipeline.java:484)
	at java.base/java.util.stream.AbstractPipeline.wrapAndCopyInto(AbstractPipeline.java:474)
	at java.base/java.util.stream.ReduceOps$ReduceOp.evaluateSequential(ReduceOps.java:913)
	at java.base/java.util.stream.AbstractPipeline.evaluate(AbstractPipeline.java:234)
	at java.base/java.util.stream.ReferencePipeline.collect(ReferencePipeline.java:578)
	at de.uka.ilkd.key.nparser.builder.AbstractBuilder.mapOf(AbstractBuilder.java:112)
	at de.uka.ilkd.key.nparser.builder.IncludeFinder.visitOne_include_statement(IncludeFinder.java:35)
	at de.uka.ilkd.key.nparser.builder.IncludeFinder.visitOne_include_statement(IncludeFinder.java:20)
	at de.uka.ilkd.key.nparser.KeYParser$One_include_statementContext.accept(KeYParser.java:802)
	at org.antlr.v4.runtime.tree.AbstractParseTreeVisitor.visitChildren(AbstractParseTreeVisitor.java:46)
	at de.uka.ilkd.key.nparser.KeYParserBaseVisitor.visitDecls(KeYParserBaseVisitor.java:30)
	at de.uka.ilkd.key.nparser.KeYParser$DeclsContext.accept(KeYParser.java:500)
	at org.antlr.v4.runtime.tree.AbstractParseTreeVisitor.visitChildren(AbstractParseTreeVisitor.java:46)
	at de.uka.ilkd.key.nparser.KeYParserBaseVisitor.visitFile(KeYParserBaseVisitor.java:23)
	at de.uka.ilkd.key.nparser.KeYParser$FileContext.accept(KeYParser.java:306)
	at de.uka.ilkd.key.nparser.KeyAst.accept(KeyAst.java:41)
	at de.uka.ilkd.key.nparser.KeyAst$File.getIncludes(KeyAst.java:76)
	at de.uka.ilkd.key.proof.io.KeYFile.readIncludes(KeYFile.java:208)
	... 14 more
Could not find rule file rules/intRulesCheckedSemantics.key (file: /home/runner/work/key/key/key.core/../key.ui/examples/index/../InformationFlow/ToyBanking/banking_example2.UserAccount(banking_example2.UserAccount__tryLogin(int,(C)).Non-interference contract.0.m.key; caused by: de.uka.ilkd.key.proof.init.ProofInputException: Could not find rule file rules/intRulesCheckedSemantics.key)
	at de.uka.ilkd.key.control.AbstractUserInterfaceControl.load(AbstractUserInterfaceControl.java:221)
	at de.uka.ilkd.key.control.KeYEnvironment.load(KeYEnvironment.java:251)
	at de.uka.ilkd.key.control.KeYEnvironment.load(KeYEnvironment.java:224)
	at de.uka.ilkd.key.control.KeYEnvironment.load(KeYEnvironment.java:184)
	at de.uka.ilkd.key.control.KeYEnvironment.load(KeYEnvironment.java:261)
	at de.uka.ilkd.key.proof.runallproofs.proofcollection.TestFile.load(TestFile.java:270)
	at de.uka.ilkd.key.proof.runallproofs.proofcollection.TestFile.runKey(TestFile.java:160)
	at de.uka.ilkd.key.proof.runallproofs.proofcollection.ForkedTestFileRunner.main(ForkedTestFileRunner.java:171)
Caused by: de.uka.ilkd.key.proof.init.ProofInputException: Could not find rule file rules/intRulesCheckedSemantics.key
	at de.uka.ilkd.key.proof.io.KeYFile.readIncludes(KeYFile.java:210)
	at de.uka.ilkd.key.proof.init.ProblemInitializer.readIncludes(ProblemInitializer.java:177)
	at de.uka.ilkd.key.proof.init.ProblemInitializer.readEnvInput(ProblemInitializer.java:325)
	at de.uka.ilkd.key.proof.init.ProblemInitializer.prepare(ProblemInitializer.java:449)
	at de.uka.ilkd.key.proof.io.AbstractProblemLoader.createInitConfig(AbstractProblemLoader.java:518)
	at de.uka.ilkd.key.proof.io.AbstractProblemLoader.loadEnvironment(AbstractProblemLoader.java:288)
	at de.uka.ilkd.key.proof.io.AbstractProblemLoader.load(AbstractProblemLoader.java:252)
	at de.uka.ilkd.key.control.AbstractUserInterfaceControl.load(AbstractUserInterfaceControl.java:209)
	... 7 more
Caused by: java.lang.RuntimeException: Could not find rule file rules/intRulesCheckedSemantics.key
	at de.uka.ilkd.key.proof.io.RuleSourceFactory.fromBuiltInRule(RuleSourceFactory.java:32)
	at de.uka.ilkd.key.proof.io.RuleSourceFactory.fromDefaultLocation(RuleSourceFactory.java:21)
	at de.uka.ilkd.key.nparser.builder.IncludeFinder.addInclude(IncludeFinder.java:63)
	at de.uka.ilkd.key.nparser.builder.IncludeFinder.visitOne_include(IncludeFinder.java:43)
	at de.uka.ilkd.key.nparser.builder.IncludeFinder.visitOne_include(IncludeFinder.java:20)
	at de.uka.ilkd.key.nparser.KeYParser$One_includeContext.accept(KeYParser.java:878)
	at de.uka.ilkd.key.nparser.builder.AbstractBuilder.lambda$mapOf$0(AbstractBuilder.java:112)
	at java.base/java.util.stream.ReferencePipeline$3$1.accept(ReferencePipeline.java:195)
	at java.base/java.util.ArrayList$ArrayListSpliterator.forEachRemaining(ArrayList.java:1655)
	at java.base/java.util.stream.AbstractPipeline.copyInto(AbstractPipeline.java:484)
	at java.base/java.util.stream.AbstractPipeline.wrapAndCopyInto(AbstractPipeline.java:474)
	at java.base/java.util.stream.ReduceOps$ReduceOp.evaluateSequential(ReduceOps.java:913)
	at java.base/java.util.stream.AbstractPipeline.evaluate(AbstractPipeline.java:234)
	at java.base/java.util.stream.ReferencePipeline.collect(ReferencePipeline.java:578)
	at de.uka.ilkd.key.nparser.builder.AbstractBuilder.mapOf(AbstractBuilder.java:112)
	at de.uka.ilkd.key.nparser.builder.IncludeFinder.visitOne_include_statement(IncludeFinder.java:35)
	at de.uka.ilkd.key.nparser.builder.IncludeFinder.visitOne_include_statement(IncludeFinder.java:20)
	at de.uka.ilkd.key.nparser.KeYParser$One_include_statementContext.accept(KeYParser.java:802)
	at org.antlr.v4.runtime.tree.AbstractParseTreeVisitor.visitChildren(AbstractParseTreeVisitor.java:46)
	at de.uka.ilkd.key.nparser.KeYParserBaseVisitor.visitDecls(KeYParserBaseVisitor.java:30)
	at de.uka.ilkd.key.nparser.KeYParser$DeclsContext.accept(KeYParser.java:500)
	at org.antlr.v4.runtime.tree.AbstractParseTreeVisitor.visitChildren(AbstractParseTreeVisitor.java:46)
	at de.uka.ilkd.key.nparser.KeYParserBaseVisitor.visitFile(KeYParserBaseVisitor.java:23)
	at de.uka.ilkd.key.nparser.KeYParser$FileContext.accept(KeYParser.java:306)
	at de.uka.ilkd.key.nparser.KeyAst.accept(KeyAst.java:41)
	at de.uka.ilkd.key.nparser.KeyAst$File.getIncludes(KeyAst.java:76)
	at de.uka.ilkd.key.proof.io.KeYFile.readIncludes(KeYFile.java:208)
	... 14 more
Could not find rule file rules/intRulesCheckedSemantics.key (file: /home/runner/work/key/key/key.core/../key.ui/examples/index/../InformationFlow/ToyBanking/banking_example2.BankAccount(banking_example2.BankAccount__depositMoney(int)).Non-interference contract.0.m.key; caused by: de.uka.ilkd.key.proof.init.ProofInputException: Could not find rule file rules/intRulesCheckedSemantics.key)
	at de.uka.ilkd.key.control.AbstractUserInterfaceControl.load(AbstractUserInterfaceControl.java:221)
	at de.uka.ilkd.key.control.KeYEnvironment.load(KeYEnvironment.java:251)
	at de.uka.ilkd.key.control.KeYEnvironment.load(KeYEnvironment.java:224)
	at de.uka.ilkd.key.control.KeYEnvironment.load(KeYEnvironment.java:184)
	at de.uka.ilkd.key.control.KeYEnvironment.load(KeYEnvironment.java:261)
	at de.uka.ilkd.key.proof.runallproofs.proofcollection.TestFile.load(TestFile.java:270)
	at de.uka.ilkd.key.proof.runallproofs.proofcollection.TestFile.runKey(TestFile.java:160)
	at de.uka.ilkd.key.proof.runallproofs.proofcollection.ForkedTestFileRunner.main(ForkedTestFileRunner.java:171)
Caused by: de.uka.ilkd.key.proof.init.ProofInputException: Could not find rule file rules/intRulesCheckedSemantics.key
	at de.uka.ilkd.key.proof.io.KeYFile.readIncludes(KeYFile.java:210)
	at de.uka.ilkd.key.proof.init.ProblemInitializer.readIncludes(ProblemInitializer.java:177)
	at de.uka.ilkd.key.proof.init.ProblemInitializer.readEnvInput(ProblemInitializer.java:325)
	at de.uka.ilkd.key.proof.init.ProblemInitializer.prepare(ProblemInitializer.java:449)
	at de.uka.ilkd.key.proof.io.AbstractProblemLoader.createInitConfig(AbstractProblemLoader.java:518)
	at de.uka.ilkd.key.proof.io.AbstractProblemLoader.loadEnvironment(AbstractProblemLoader.java:288)
	at de.uka.ilkd.key.proof.io.AbstractProblemLoader.load(AbstractProblemLoader.java:252)
	at de.uka.ilkd.key.control.AbstractUserInterfaceControl.load(AbstractUserInterfaceControl.java:209)
	... 7 more
Caused by: java.lang.RuntimeException: Could not find rule file rules/intRulesCheckedSemantics.key
	at de.uka.ilkd.key.proof.io.RuleSourceFactory.fromBuiltInRule(RuleSourceFactory.java:32)
	at de.uka.ilkd.key.proof.io.RuleSourceFactory.fromDefaultLocation(RuleSourceFactory.java:21)
	at de.uka.ilkd.key.nparser.builder.IncludeFinder.addInclude(IncludeFinder.java:63)
	at de.uka.ilkd.key.nparser.builder.IncludeFinder.visitOne_include(IncludeFinder.java:43)
	at de.uka.ilkd.key.nparser.builder.IncludeFinder.visitOne_include(IncludeFinder.java:20)
	at de.uka.ilkd.key.nparser.KeYParser$One_includeContext.accept(KeYParser.java:878)
	at de.uka.ilkd.key.nparser.builder.AbstractBuilder.lambda$mapOf$0(AbstractBuilder.java:112)
	at java.base/java.util.stream.ReferencePipeline$3$1.accept(ReferencePipeline.java:195)
	at java.base/java.util.ArrayList$ArrayListSpliterator.forEachRemaining(ArrayList.java:1655)
	at java.base/java.util.stream.AbstractPipeline.copyInto(AbstractPipeline.java:484)
	at java.base/java.util.stream.AbstractPipeline.wrapAndCopyInto(AbstractPipeline.java:474)
	at java.base/java.util.stream.ReduceOps$ReduceOp.evaluateSequential(ReduceOps.java:913)
	at java.base/java.util.stream.AbstractPipeline.evaluate(AbstractPipeline.java:234)
	at java.base/java.util.stream.ReferencePipeline.collect(ReferencePipeline.java:578)
	at de.uka.ilkd.key.nparser.builder.AbstractBuilder.mapOf(AbstractBuilder.java:112)
	at de.uka.ilkd.key.nparser.builder.IncludeFinder.visitOne_include_statement(IncludeFinder.java:35)
	at de.uka.ilkd.key.nparser.builder.IncludeFinder.visitOne_include_statement(IncludeFinder.java:20)
	at de.uka.ilkd.key.nparser.KeYParser$One_include_statementContext.accept(KeYParser.java:802)
	at org.antlr.v4.runtime.tree.AbstractParseTreeVisitor.visitChildren(AbstractParseTreeVisitor.java:46)
	at de.uka.ilkd.key.nparser.KeYParserBaseVisitor.visitDecls(KeYParserBaseVisitor.java:30)
	at de.uka.ilkd.key.nparser.KeYParser$DeclsContext.accept(KeYParser.java:500)
	at org.antlr.v4.runtime.tree.AbstractParseTreeVisitor.visitChildren(AbstractParseTreeVisitor.java:46)
	at de.uka.ilkd.key.nparser.KeYParserBaseVisitor.visitFile(KeYParserBaseVisitor.java:23)
	at de.uka.ilkd.key.nparser.KeYParser$FileContext.accept(KeYParser.java:306)
	at de.uka.ilkd.key.nparser.KeyAst.accept(KeyAst.java:41)
	at de.uka.ilkd.key.nparser.KeyAst$File.getIncludes(KeyAst.java:76)
	at de.uka.ilkd.key.proof.io.KeYFile.readIncludes(KeYFile.java:208)
	... 14 more
Could not find rule file rules/intRulesCheckedSemantics.key (file: /home/runner/work/key/key/key.core/../key.ui/examples/index/../InformationFlow/ToyBanking/banking_example2.BankAccount(banking_example2.BankAccount__getBalance()).Non-interference contract.0.m.key; caused by: de.uka.ilkd.key.proof.init.ProofInputException: Could not find rule file rules/intRulesCheckedSemantics.key)
	at de.uka.ilkd.key.control.AbstractUserInterfaceControl.load(AbstractUserInterfaceControl.java:221)
	at de.uka.ilkd.key.control.KeYEnvironment.load(KeYEnvironment.java:251)
	at de.uka.ilkd.key.control.KeYEnvironment.load(KeYEnvironment.java:224)
	at de.uka.ilkd.key.control.KeYEnvironment.load(KeYEnvironment.java:184)
	at de.uka.ilkd.key.control.KeYEnvironment.load(KeYEnvironment.java:261)
	at de.uka.ilkd.key.proof.runallproofs.proofcollection.TestFile.load(TestFile.java:270)
	at de.uka.ilkd.key.proof.runallproofs.proofcollection.TestFile.runKey(TestFile.java:160)
	at de.uka.ilkd.key.proof.runallproofs.proofcollection.ForkedTestFileRunner.main(ForkedTestFileRunner.java:171)
Caused by: de.uka.ilkd.key.proof.init.ProofInputException: Could not find rule file rules/intRulesCheckedSemantics.key
	at de.uka.ilkd.key.proof.io.KeYFile.readIncludes(KeYFile.java:210)
	at de.uka.ilkd.key.proof.init.ProblemInitializer.readIncludes(ProblemInitializer.java:177)
	at de.uka.ilkd.key.proof.init.ProblemInitializer.readEnvInput(ProblemInitializer.java:325)
	at de.uka.ilkd.key.proof.init.ProblemInitializer.prepare(ProblemInitializer.java:449)
	at de.uka.ilkd.key.proof.io.AbstractProblemLoader.createInitConfig(AbstractProblemLoader.java:518)
	at de.uka.ilkd.key.proof.io.AbstractProblemLoader.loadEnvironment(AbstractProblemLoader.java:288)
	at de.uka.ilkd.key.proof.io.AbstractProblemLoader.load(AbstractProblemLoader.java:252)
	at de.uka.ilkd.key.control.AbstractUserInterfaceControl.load(AbstractUserInterfaceControl.java:209)
	... 7 more
Caused by: java.lang.RuntimeException: Could not find rule file rules/intRulesCheckedSemantics.key
	at de.uka.ilkd.key.proof.io.RuleSourceFactory.fromBuiltInRule(RuleSourceFactory.java:32)
	at de.uka.ilkd.key.proof.io.RuleSourceFactory.fromDefaultLocation(RuleSourceFactory.java:21)
	at de.uka.ilkd.key.nparser.builder.IncludeFinder.addInclude(IncludeFinder.java:63)
	at de.uka.ilkd.key.nparser.builder.IncludeFinder.visitOne_include(IncludeFinder.java:43)
	at de.uka.ilkd.key.nparser.builder.IncludeFinder.visitOne_include(IncludeFinder.java:20)
	at de.uka.ilkd.key.nparser.KeYParser$One_includeContext.accept(KeYParser.java:878)
	at de.uka.ilkd.key.nparser.builder.AbstractBuilder.lambda$mapOf$0(AbstractBuilder.java:112)
	at java.base/java.util.stream.ReferencePipeline$3$1.accept(ReferencePipeline.java:195)
	at java.base/java.util.ArrayList$ArrayListSpliterator.forEachRemaining(ArrayList.java:1655)
	at java.base/java.util.stream.AbstractPipeline.copyInto(AbstractPipeline.java:484)
	at java.base/java.util.stream.AbstractPipeline.wrapAndCopyInto(AbstractPipeline.java:474)
	at java.base/java.util.stream.ReduceOps$ReduceOp.evaluateSequential(ReduceOps.java:913)
	at java.base/java.util.stream.AbstractPipeline.evaluate(AbstractPipeline.java:234)
	at java.base/java.util.stream.ReferencePipeline.collect(ReferencePipeline.java:578)
	at de.uka.ilkd.key.nparser.builder.AbstractBuilder.mapOf(AbstractBuilder.java:112)
	at de.uka.ilkd.key.nparser.builder.IncludeFinder.visitOne_include_statement(IncludeFinder.java:35)
	at de.uka.ilkd.key.nparser.builder.IncludeFinder.visitOne_include_statement(IncludeFinder.java:20)
	at de.uka.ilkd.key.nparser.KeYParser$One_include_statementContext.accept(KeYParser.java:802)
	at org.antlr.v4.runtime.tree.AbstractParseTreeVisitor.visitChildren(AbstractParseTreeVisitor.java:46)
	at de.uka.ilkd.key.nparser.KeYParserBaseVisitor.visitDecls(KeYParserBaseVisitor.java:30)
	at de.uka.ilkd.key.nparser.KeYParser$DeclsContext.accept(KeYParser.java:500)
	at org.antlr.v4.runtime.tree.AbstractParseTreeVisitor.visitChildren(AbstractParseTreeVisitor.java:46)
	at de.uka.ilkd.key.nparser.KeYParserBaseVisitor.visitFile(KeYParserBaseVisitor.java:23)
	at de.uka.ilkd.key.nparser.KeYParser$FileContext.accept(KeYParser.java:306)
	at de.uka.ilkd.key.nparser.KeyAst.accept(KeyAst.java:41)
	at de.uka.ilkd.key.nparser.KeyAst$File.getIncludes(KeyAst.java:76)
	at de.uka.ilkd.key.proof.io.KeYFile.readIncludes(KeYFile.java:208)
	... 14 more
Could not find rule file rules/intRulesCheckedSemantics.key (file: /home/runner/work/key/key/key.core/../key.ui/examples/index/../InformationFlow/ToyBanking/banking_example2.BankAccount(banking_example2.BankAccount__getId()).Non-interference contract.0.m.key; caused by: de.uka.ilkd.key.proof.init.ProofInputException: Could not find rule file rules/intRulesCheckedSemantics.key)
	at de.uka.ilkd.key.control.AbstractUserInterfaceControl.load(AbstractUserInterfaceControl.java:221)
	at de.uka.ilkd.key.control.KeYEnvironment.load(KeYEnvironment.java:251)
	at de.uka.ilkd.key.control.KeYEnvironment.load(KeYEnvironment.java:224)
	at de.uka.ilkd.key.control.KeYEnvironment.load(KeYEnvironment.java:184)
	at de.uka.ilkd.key.control.KeYEnvironment.load(KeYEnvironment.java:261)
	at de.uka.ilkd.key.proof.runallproofs.proofcollection.TestFile.load(TestFile.java:270)
	at de.uka.ilkd.key.proof.runallproofs.proofcollection.TestFile.runKey(TestFile.java:160)
	at de.uka.ilkd.key.proof.runallproofs.proofcollection.ForkedTestFileRunner.main(ForkedTestFileRunner.java:171)
Caused by: de.uka.ilkd.key.proof.init.ProofInputException: Could not find rule file rules/intRulesCheckedSemantics.key
	at de.uka.ilkd.key.proof.io.KeYFile.readIncludes(KeYFile.java:210)
	at de.uka.ilkd.key.proof.init.ProblemInitializer.readIncludes(ProblemInitializer.java:177)
	at de.uka.ilkd.key.proof.init.ProblemInitializer.readEnvInput(ProblemInitializer.java:325)
	at de.uka.ilkd.key.proof.init.ProblemInitializer.prepare(ProblemInitializer.java:449)
	at de.uka.ilkd.key.proof.io.AbstractProblemLoader.createInitConfig(AbstractProblemLoader.java:518)
	at de.uka.ilkd.key.proof.io.AbstractProblemLoader.loadEnvironment(AbstractProblemLoader.java:288)
	at de.uka.ilkd.key.proof.io.AbstractProblemLoader.load(AbstractProblemLoader.java:252)
	at de.uka.ilkd.key.control.AbstractUserInterfaceControl.load(AbstractUserInterfaceControl.java:209)
	... 7 more
Caused by: java.lang.RuntimeException: Could not find rule file rules/intRulesCheckedSemantics.key
	at de.uka.ilkd.key.proof.io.RuleSourceFactory.fromBuiltInRule(RuleSourceFactory.java:32)
	at de.uka.ilkd.key.proof.io.RuleSourceFactory.fromDefaultLocation(RuleSourceFactory.java:21)
	at de.uka.ilkd.key.nparser.builder.IncludeFinder.addInclude(IncludeFinder.java:63)
	at de.uka.ilkd.key.nparser.builder.IncludeFinder.visitOne_include(IncludeFinder.java:43)
	at de.uka.ilkd.key.nparser.builder.IncludeFinder.visitOne_include(IncludeFinder.java:20)
	at de.uka.ilkd.key.nparser.KeYParser$One_includeContext.accept(KeYParser.java:878)
	at de.uka.ilkd.key.nparser.builder.AbstractBuilder.lambda$mapOf$0(AbstractBuilder.java:112)
	at java.base/java.util.stream.ReferencePipeline$3$1.accept(ReferencePipeline.java:195)
	at java.base/java.util.ArrayList$ArrayListSpliterator.forEachRemaining(ArrayList.java:1655)
	at java.base/java.util.stream.AbstractPipeline.copyInto(AbstractPipeline.java:484)
	at java.base/java.util.stream.AbstractPipeline.wrapAndCopyInto(AbstractPipeline.java:474)
	at java.base/java.util.stream.ReduceOps$ReduceOp.evaluateSequential(ReduceOps.java:913)
	at java.base/java.util.stream.AbstractPipeline.evaluate(AbstractPipeline.java:234)
	at java.base/java.util.stream.ReferencePipeline.collect(ReferencePipeline.java:578)
	at de.uka.ilkd.key.nparser.builder.AbstractBuilder.mapOf(AbstractBuilder.java:112)
	at de.uka.ilkd.key.nparser.builder.IncludeFinder.visitOne_include_statement(IncludeFinder.java:35)
	at de.uka.ilkd.key.nparser.builder.IncludeFinder.visitOne_include_statement(IncludeFinder.java:20)
	at de.uka.ilkd.key.nparser.KeYParser$One_include_statementContext.accept(KeYParser.java:802)
	at org.antlr.v4.runtime.tree.AbstractParseTreeVisitor.visitChildren(AbstractParseTreeVisitor.java:46)
	at de.uka.ilkd.key.nparser.KeYParserBaseVisitor.visitDecls(KeYParserBaseVisitor.java:30)
	at de.uka.ilkd.key.nparser.KeYParser$DeclsContext.accept(KeYParser.java:500)
	at org.antlr.v4.runtime.tree.AbstractParseTreeVisitor.visitChildren(AbstractParseTreeVisitor.java:46)
	at de.uka.ilkd.key.nparser.KeYParserBaseVisitor.visitFile(KeYParserBaseVisitor.java:23)
	at de.uka.ilkd.key.nparser.KeYParser$FileContext.accept(KeYParser.java:306)
	at de.uka.ilkd.key.nparser.KeyAst.accept(KeyAst.java:41)
	at de.uka.ilkd.key.nparser.KeyAst$File.getIncludes(KeyAst.java:76)
	at de.uka.ilkd.key.proof.io.KeYFile.readIncludes(KeYFile.java:208)
	... 14 more
Exception in thread "main" org.opentest4j.AssertionFailedError: Exception during the execution of proofs. See log for more details.
	at org.junit.jupiter.api.AssertionUtils.fail(AssertionUtils.java:39)
	at org.junit.jupiter.api.Assertions.fail(Assertions.java:134)
	at de.uka.ilkd.key.proof.runallproofs.proofcollection.ForkedTestFileRunner.main(ForkedTestFileRunner.java:192)
Timeout watcher launched (1000 secs.)
Could not find rule file rules/intRulesCheckedSemantics.key (file: /home/runner/work/key/key/key.core/../key.ui/examples/index/../InformationFlow/BlockContracts/contract.IFBlockExamples(contract.IFBlockExamples__secure_5()).Non-interference contract.0.m.key; caused by: de.uka.ilkd.key.proof.init.ProofInputException: Could not find rule file rules/intRulesCheckedSemantics.key)
	at de.uka.ilkd.key.control.AbstractUserInterfaceControl.load(AbstractUserInterfaceControl.java:221)
	at de.uka.ilkd.key.control.KeYEnvironment.load(KeYEnvironment.java:251)
	at de.uka.ilkd.key.control.KeYEnvironment.load(KeYEnvironment.java:224)
	at de.uka.ilkd.key.control.KeYEnvironment.load(KeYEnvironment.java:184)
	at de.uka.ilkd.key.control.KeYEnvironment.load(KeYEnvironment.java:261)
	at de.uka.ilkd.key.proof.runallproofs.proofcollection.TestFile.load(TestFile.java:270)
	at de.uka.ilkd.key.proof.runallproofs.proofcollection.TestFile.runKey(TestFile.java:160)
	at de.uka.ilkd.key.proof.runallproofs.proofcollection.ForkedTestFileRunner.main(ForkedTestFileRunner.java:171)
Caused by: de.uka.ilkd.key.proof.init.ProofInputException: Could not find rule file rules/intRulesCheckedSemantics.key
	at de.uka.ilkd.key.proof.io.KeYFile.readIncludes(KeYFile.java:210)
	at de.uka.ilkd.key.proof.init.ProblemInitializer.readIncludes(ProblemInitializer.java:177)
	at de.uka.ilkd.key.proof.init.ProblemInitializer.readEnvInput(ProblemInitializer.java:325)
	at de.uka.ilkd.key.proof.init.ProblemInitializer.prepare(ProblemInitializer.java:449)
	at de.uka.ilkd.key.proof.io.AbstractProblemLoader.createInitConfig(AbstractProblemLoader.java:518)
	at de.uka.ilkd.key.proof.io.AbstractProblemLoader.loadEnvironment(AbstractProblemLoader.java:288)
	at de.uka.ilkd.key.proof.io.AbstractProblemLoader.load(AbstractProblemLoader.java:252)
	at de.uka.ilkd.key.control.AbstractUserInterfaceControl.load(AbstractUserInterfaceControl.java:209)
	... 7 more
Caused by: java.lang.RuntimeException: Could not find rule file rules/intRulesCheckedSemantics.key
	at de.uka.ilkd.key.proof.io.RuleSourceFactory.fromBuiltInRule(RuleSourceFactory.java:32)
	at de.uka.ilkd.key.proof.io.RuleSourceFactory.fromDefaultLocation(RuleSourceFactory.java:21)
	at de.uka.ilkd.key.nparser.builder.IncludeFinder.addInclude(IncludeFinder.java:63)
	at de.uka.ilkd.key.nparser.builder.IncludeFinder.visitOne_include(IncludeFinder.java:43)
	at de.uka.ilkd.key.nparser.builder.IncludeFinder.visitOne_include(IncludeFinder.java:20)
	at de.uka.ilkd.key.nparser.KeYParser$One_includeContext.accept(KeYParser.java:878)
	at de.uka.ilkd.key.nparser.builder.AbstractBuilder.lambda$mapOf$0(AbstractBuilder.java:112)
	at java.base/java.util.stream.ReferencePipeline$3$1.accept(ReferencePipeline.java:195)
	at java.base/java.util.ArrayList$ArrayListSpliterator.forEachRemaining(ArrayList.java:1655)
	at java.base/java.util.stream.AbstractPipeline.copyInto(AbstractPipeline.java:484)
	at java.base/java.util.stream.AbstractPipeline.wrapAndCopyInto(AbstractPipeline.java:474)
	at java.base/java.util.stream.ReduceOps$ReduceOp.evaluateSequential(ReduceOps.java:913)
	at java.base/java.util.stream.AbstractPipeline.evaluate(AbstractPipeline.java:234)
	at java.base/java.util.stream.ReferencePipeline.collect(ReferencePipeline.java:578)
	at de.uka.ilkd.key.nparser.builder.AbstractBuilder.mapOf(AbstractBuilder.java:112)
	at de.uka.ilkd.key.nparser.builder.IncludeFinder.visitOne_include_statement(IncludeFinder.java:35)
	at de.uka.ilkd.key.nparser.builder.IncludeFinder.visitOne_include_statement(IncludeFinder.java:20)
	at de.uka.ilkd.key.nparser.KeYParser$One_include_statementContext.accept(KeYParser.java:802)
	at org.antlr.v4.runtime.tree.AbstractParseTreeVisitor.visitChildren(AbstractParseTreeVisitor.java:46)
	at de.uka.ilkd.key.nparser.KeYParserBaseVisitor.visitDecls(KeYParserBaseVisitor.java:30)
	at de.uka.ilkd.key.nparser.KeYParser$DeclsContext.accept(KeYParser.java:500)
	at org.antlr.v4.runtime.tree.AbstractParseTreeVisitor.visitChildren(AbstractParseTreeVisitor.java:46)
	at de.uka.ilkd.key.nparser.KeYParserBaseVisitor.visitFile(KeYParserBaseVisitor.java:23)
	at de.uka.ilkd.key.nparser.KeYParser$FileContext.accept(KeYParser.java:306)
	at de.uka.ilkd.key.nparser.KeyAst.accept(KeyAst.java:41)
	at de.uka.ilkd.key.nparser.KeyAst$File.getIncludes(KeyAst.java:76)
	at de.uka.ilkd.key.proof.io.KeYFile.readIncludes(KeYFile.java:208)
	... 14 more
Could not find rule file rules/intRulesCheckedSemantics.key (file: /home/runner/work/key/key/key.core/../key.ui/examples/index/../InformationFlow/BlockContracts/contract.IFBlockExamples(contract.IFBlockExamples__block_no_return_secure(int)).Non-interference contract.0.m.key; caused by: de.uka.ilkd.key.proof.init.ProofInputException: Could not find rule file rules/intRulesCheckedSemantics.key)
	at de.uka.ilkd.key.control.AbstractUserInterfaceControl.load(AbstractUserInterfaceControl.java:221)
	at de.uka.ilkd.key.control.KeYEnvironment.load(KeYEnvironment.java:251)
	at de.uka.ilkd.key.control.KeYEnvironment.load(KeYEnvironment.java:224)
	at de.uka.ilkd.key.control.KeYEnvironment.load(KeYEnvironment.java:184)
	at de.uka.ilkd.key.control.KeYEnvironment.load(KeYEnvironment.java:261)
	at de.uka.ilkd.key.proof.runallproofs.proofcollection.TestFile.load(TestFile.java:270)
	at de.uka.ilkd.key.proof.runallproofs.proofcollection.TestFile.runKey(TestFile.java:160)
	at de.uka.ilkd.key.proof.runallproofs.proofcollection.ForkedTestFileRunner.main(ForkedTestFileRunner.java:171)
Caused by: de.uka.ilkd.key.proof.init.ProofInputException: Could not find rule file rules/intRulesCheckedSemantics.key
	at de.uka.ilkd.key.proof.io.KeYFile.readIncludes(KeYFile.java:210)
	at de.uka.ilkd.key.proof.init.ProblemInitializer.readIncludes(ProblemInitializer.java:177)
	at de.uka.ilkd.key.proof.init.ProblemInitializer.readEnvInput(ProblemInitializer.java:325)
	at de.uka.ilkd.key.proof.init.ProblemInitializer.prepare(ProblemInitializer.java:449)
	at de.uka.ilkd.key.proof.io.AbstractProblemLoader.createInitConfig(AbstractProblemLoader.java:518)
	at de.uka.ilkd.key.proof.io.AbstractProblemLoader.loadEnvironment(AbstractProblemLoader.java:288)
	at de.uka.ilkd.key.proof.io.AbstractProblemLoader.load(AbstractProblemLoader.java:252)
	at de.uka.ilkd.key.control.AbstractUserInterfaceControl.load(AbstractUserInterfaceControl.java:209)
	... 7 more
Caused by: java.lang.RuntimeException: Could not find rule file rules/intRulesCheckedSemantics.key
	at de.uka.ilkd.key.proof.io.RuleSourceFactory.fromBuiltInRule(RuleSourceFactory.java:32)
	at de.uka.ilkd.key.proof.io.RuleSourceFactory.fromDefaultLocation(RuleSourceFactory.java:21)
	at de.uka.ilkd.key.nparser.builder.IncludeFinder.addInclude(IncludeFinder.java:63)
	at de.uka.ilkd.key.nparser.builder.IncludeFinder.visitOne_include(IncludeFinder.java:43)
	at de.uka.ilkd.key.nparser.builder.IncludeFinder.visitOne_include(IncludeFinder.java:20)
	at de.uka.ilkd.key.nparser.KeYParser$One_includeContext.accept(KeYParser.java:878)
	at de.uka.ilkd.key.nparser.builder.AbstractBuilder.lambda$mapOf$0(AbstractBuilder.java:112)
	at java.base/java.util.stream.ReferencePipeline$3$1.accept(ReferencePipeline.java:195)
	at java.base/java.util.ArrayList$ArrayListSpliterator.forEachRemaining(ArrayList.java:1655)
	at java.base/java.util.stream.AbstractPipeline.copyInto(AbstractPipeline.java:484)
	at java.base/java.util.stream.AbstractPipeline.wrapAndCopyInto(AbstractPipeline.java:474)
	at java.base/java.util.stream.ReduceOps$ReduceOp.evaluateSequential(ReduceOps.java:913)
	at java.base/java.util.stream.AbstractPipeline.evaluate(AbstractPipeline.java:234)
	at java.base/java.util.stream.ReferencePipeline.collect(ReferencePipeline.java:578)
	at de.uka.ilkd.key.nparser.builder.AbstractBuilder.mapOf(AbstractBuilder.java:112)
	at de.uka.ilkd.key.nparser.builder.IncludeFinder.visitOne_include_statement(IncludeFinder.java:35)
	at de.uka.ilkd.key.nparser.builder.IncludeFinder.visitOne_include_statement(IncludeFinder.java:20)
	at de.uka.ilkd.key.nparser.KeYParser$One_include_statementContext.accept(KeYParser.java:802)
	at org.antlr.v4.runtime.tree.AbstractParseTreeVisitor.visitChildren(AbstractParseTreeVisitor.java:46)
	at de.uka.ilkd.key.nparser.KeYParserBaseVisitor.visitDecls(KeYParserBaseVisitor.java:30)
	at de.uka.ilkd.key.nparser.KeYParser$DeclsContext.accept(KeYParser.java:500)
	at org.antlr.v4.runtime.tree.AbstractParseTreeVisitor.visitChildren(AbstractParseTreeVisitor.java:46)
	at de.uka.ilkd.key.nparser.KeYParserBaseVisitor.visitFile(KeYParserBaseVisitor.java:23)
	at de.uka.ilkd.key.nparser.KeYParser$FileContext.accept(KeYParser.java:306)
	at de.uka.ilkd.key.nparser.KeyAst.accept(KeyAst.java:41)
	at de.uka.ilkd.key.nparser.KeyAst$File.getIncludes(KeyAst.java:76)
	at de.uka.ilkd.key.proof.io.KeYFile.readIncludes(KeYFile.java:208)
	... 14 more
Could not find rule file rules/intRulesCheckedSemantics.key (file: /home/runner/work/key/key/key.core/../key.ui/examples/index/../InformationFlow/BlockContracts/contract.IFBlockExamples(contract.IFBlockExamples__while_block_insecure(int)).Non-interference contract.0.m.key; caused by: de.uka.ilkd.key.proof.init.ProofInputException: Could not find rule file rules/intRulesCheckedSemantics.key)
	at de.uka.ilkd.key.control.AbstractUserInterfaceControl.load(AbstractUserInterfaceControl.java:221)
	at de.uka.ilkd.key.control.KeYEnvironment.load(KeYEnvironment.java:251)
	at de.uka.ilkd.key.control.KeYEnvironment.load(KeYEnvironment.java:224)
	at de.uka.ilkd.key.control.KeYEnvironment.load(KeYEnvironment.java:184)
	at de.uka.ilkd.key.control.KeYEnvironment.load(KeYEnvironment.java:261)
	at de.uka.ilkd.key.proof.runallproofs.proofcollection.TestFile.load(TestFile.java:270)
	at de.uka.ilkd.key.proof.runallproofs.proofcollection.TestFile.runKey(TestFile.java:160)
	at de.uka.ilkd.key.proof.runallproofs.proofcollection.ForkedTestFileRunner.main(ForkedTestFileRunner.java:171)
Caused by: de.uka.ilkd.key.proof.init.ProofInputException: Could not find rule file rules/intRulesCheckedSemantics.key
	at de.uka.ilkd.key.proof.io.KeYFile.readIncludes(KeYFile.java:210)
	at de.uka.ilkd.key.proof.init.ProblemInitializer.readIncludes(ProblemInitializer.java:177)
	at de.uka.ilkd.key.proof.init.ProblemInitializer.readEnvInput(ProblemInitializer.java:325)
	at de.uka.ilkd.key.proof.init.ProblemInitializer.prepare(ProblemInitializer.java:449)
	at de.uka.ilkd.key.proof.io.AbstractProblemLoader.createInitConfig(AbstractProblemLoader.java:518)
	at de.uka.ilkd.key.proof.io.AbstractProblemLoader.loadEnvironment(AbstractProblemLoader.java:288)
	at de.uka.ilkd.key.proof.io.AbstractProblemLoader.load(AbstractProblemLoader.java:252)
	at de.uka.ilkd.key.control.AbstractUserInterfaceControl.load(AbstractUserInterfaceControl.java:209)
	... 7 more
Caused by: java.lang.RuntimeException: Could not find rule file rules/intRulesCheckedSemantics.key
	at de.uka.ilkd.key.proof.io.RuleSourceFactory.fromBuiltInRule(RuleSourceFactory.java:32)
	at de.uka.ilkd.key.proof.io.RuleSourceFactory.fromDefaultLocation(RuleSourceFactory.java:21)
	at de.uka.ilkd.key.nparser.builder.IncludeFinder.addInclude(IncludeFinder.java:63)
	at de.uka.ilkd.key.nparser.builder.IncludeFinder.visitOne_include(IncludeFinder.java:43)
	at de.uka.ilkd.key.nparser.builder.IncludeFinder.visitOne_include(IncludeFinder.java:20)
	at de.uka.ilkd.key.nparser.KeYParser$One_includeContext.accept(KeYParser.java:878)
	at de.uka.ilkd.key.nparser.builder.AbstractBuilder.lambda$mapOf$0(AbstractBuilder.java:112)
	at java.base/java.util.stream.ReferencePipeline$3$1.accept(ReferencePipeline.java:195)
	at java.base/java.util.ArrayList$ArrayListSpliterator.forEachRemaining(ArrayList.java:1655)
	at java.base/java.util.stream.AbstractPipeline.copyInto(AbstractPipeline.java:484)
	at java.base/java.util.stream.AbstractPipeline.wrapAndCopyInto(AbstractPipeline.java:474)
	at java.base/java.util.stream.ReduceOps$ReduceOp.evaluateSequential(ReduceOps.java:913)
	at java.base/java.util.stream.AbstractPipeline.evaluate(AbstractPipeline.java:234)
	at java.base/java.util.stream.ReferencePipeline.collect(ReferencePipeline.java:578)
	at de.uka.ilkd.key.nparser.builder.AbstractBuilder.mapOf(AbstractBuilder.java:112)
	at de.uka.ilkd.key.nparser.builder.IncludeFinder.visitOne_include_statement(IncludeFinder.java:35)
	at de.uka.ilkd.key.nparser.builder.IncludeFinder.visitOne_include_statement(IncludeFinder.java:20)
	at de.uka.ilkd.key.nparser.KeYParser$One_include_statementContext.accept(KeYParser.java:802)
	at org.antlr.v4.runtime.tree.AbstractParseTreeVisitor.visitChildren(AbstractParseTreeVisitor.java:46)
	at de.uka.ilkd.key.nparser.KeYParserBaseVisitor.visitDecls(KeYParserBaseVisitor.java:30)
	at de.uka.ilkd.key.nparser.KeYParser$DeclsContext.accept(KeYParser.java:500)
	at org.antlr.v4.runtime.tree.AbstractParseTreeVisitor.visitChildren(AbstractParseTreeVisitor.java:46)
	at de.uka.ilkd.key.nparser.KeYParserBaseVisitor.visitFile(KeYParserBaseVisitor.java:23)
	at de.uka.ilkd.key.nparser.KeYParser$FileContext.accept(KeYParser.java:306)
	at de.uka.ilkd.key.nparser.KeyAst.accept(KeyAst.java:41)
	at de.uka.ilkd.key.nparser.KeyAst$File.getIncludes(KeyAst.java:76)
	at de.uka.ilkd.key.proof.io.KeYFile.readIncludes(KeYFile.java:208)
	... 14 more
Could not find rule file rules/intRulesCheckedSemantics.key (file: /home/runner/work/key/key/key.core/../key.ui/examples/index/../InformationFlow/BlockContracts/contract.IFBlockExamples(contract.IFBlockExamples__while_block_secure(int)).Non-interference contract.0.m.key; caused by: de.uka.ilkd.key.proof.init.ProofInputException: Could not find rule file rules/intRulesCheckedSemantics.key)
	at de.uka.ilkd.key.control.AbstractUserInterfaceControl.load(AbstractUserInterfaceControl.java:221)
	at de.uka.ilkd.key.control.KeYEnvironment.load(KeYEnvironment.java:251)
	at de.uka.ilkd.key.control.KeYEnvironment.load(KeYEnvironment.java:224)
	at de.uka.ilkd.key.control.KeYEnvironment.load(KeYEnvironment.java:184)
	at de.uka.ilkd.key.control.KeYEnvironment.load(KeYEnvironment.java:261)
	at de.uka.ilkd.key.proof.runallproofs.proofcollection.TestFile.load(TestFile.java:270)
	at de.uka.ilkd.key.proof.runallproofs.proofcollection.TestFile.runKey(TestFile.java:160)
	at de.uka.ilkd.key.proof.runallproofs.proofcollection.ForkedTestFileRunner.main(ForkedTestFileRunner.java:171)
Caused by: de.uka.ilkd.key.proof.init.ProofInputException: Could not find rule file rules/intRulesCheckedSemantics.key
	at de.uka.ilkd.key.proof.io.KeYFile.readIncludes(KeYFile.java:210)
	at de.uka.ilkd.key.proof.init.ProblemInitializer.readIncludes(ProblemInitializer.java:177)
	at de.uka.ilkd.key.proof.init.ProblemInitializer.readEnvInput(ProblemInitializer.java:325)
	at de.uka.ilkd.key.proof.init.ProblemInitializer.prepare(ProblemInitializer.java:449)
	at de.uka.ilkd.key.proof.io.AbstractProblemLoader.createInitConfig(AbstractProblemLoader.java:518)
	at de.uka.ilkd.key.proof.io.AbstractProblemLoader.loadEnvironment(AbstractProblemLoader.java:288)
	at de.uka.ilkd.key.proof.io.AbstractProblemLoader.load(AbstractProblemLoader.java:252)
	at de.uka.ilkd.key.control.AbstractUserInterfaceControl.load(AbstractUserInterfaceControl.java:209)
	... 7 more
Caused by: java.lang.RuntimeException: Could not find rule file rules/intRulesCheckedSemantics.key
	at de.uka.ilkd.key.proof.io.RuleSourceFactory.fromBuiltInRule(RuleSourceFactory.java:32)
	at de.uka.ilkd.key.proof.io.RuleSourceFactory.fromDefaultLocation(RuleSourceFactory.java:21)
	at de.uka.ilkd.key.nparser.builder.IncludeFinder.addInclude(IncludeFinder.java:63)
	at de.uka.ilkd.key.nparser.builder.IncludeFinder.visitOne_include(IncludeFinder.java:43)
	at de.uka.ilkd.key.nparser.builder.IncludeFinder.visitOne_include(IncludeFinder.java:20)
	at de.uka.ilkd.key.nparser.KeYParser$One_includeContext.accept(KeYParser.java:878)
	at de.uka.ilkd.key.nparser.builder.AbstractBuilder.lambda$mapOf$0(AbstractBuilder.java:112)
	at java.base/java.util.stream.ReferencePipeline$3$1.accept(ReferencePipeline.java:195)
	at java.base/java.util.ArrayList$ArrayListSpliterator.forEachRemaining(ArrayList.java:1655)
	at java.base/java.util.stream.AbstractPipeline.copyInto(AbstractPipeline.java:484)
	at java.base/java.util.stream.AbstractPipeline.wrapAndCopyInto(AbstractPipeline.java:474)
	at java.base/java.util.stream.ReduceOps$ReduceOp.evaluateSequential(ReduceOps.java:913)
	at java.base/java.util.stream.AbstractPipeline.evaluate(AbstractPipeline.java:234)
	at java.base/java.util.stream.ReferencePipeline.collect(ReferencePipeline.java:578)
	at de.uka.ilkd.key.nparser.builder.AbstractBuilder.mapOf(AbstractBuilder.java:112)
	at de.uka.ilkd.key.nparser.builder.IncludeFinder.visitOne_include_statement(IncludeFinder.java:35)
	at de.uka.ilkd.key.nparser.builder.IncludeFinder.visitOne_include_statement(IncludeFinder.java:20)
	at de.uka.ilkd.key.nparser.KeYParser$One_include_statementContext.accept(KeYParser.java:802)
	at org.antlr.v4.runtime.tree.AbstractParseTreeVisitor.visitChildren(AbstractParseTreeVisitor.java:46)
	at de.uka.ilkd.key.nparser.KeYParserBaseVisitor.visitDecls(KeYParserBaseVisitor.java:30)
	at de.uka.ilkd.key.nparser.KeYParser$DeclsContext.accept(KeYParser.java:500)
	at org.antlr.v4.runtime.tree.AbstractParseTreeVisitor.visitChildren(AbstractParseTreeVisitor.java:46)
	at de.uka.ilkd.key.nparser.KeYParserBaseVisitor.visitFile(KeYParserBaseVisitor.java:23)
	at de.uka.ilkd.key.nparser.KeYParser$FileContext.accept(KeYParser.java:306)
	at de.uka.ilkd.key.nparser.KeyAst.accept(KeyAst.java:41)
	at de.uka.ilkd.key.nparser.KeyAst$File.getIncludes(KeyAst.java:76)
	at de.uka.ilkd.key.proof.io.KeYFile.readIncludes(KeYFile.java:208)
	... 14 more
Could not find rule file rules/intRulesCheckedSemantics.key (file: /home/runner/work/key/key/key.core/../key.ui/examples/index/../InformationFlow/BlockContracts/contract.IFBlockExamples(contract.IFBlockExamples__block_while_secure(int)).Non-interference contract.0.m.key; caused by: de.uka.ilkd.key.proof.init.ProofInputException: Could not find rule file rules/intRulesCheckedSemantics.key)
	at de.uka.ilkd.key.control.AbstractUserInterfaceControl.load(AbstractUserInterfaceControl.java:221)
	at de.uka.ilkd.key.control.KeYEnvironment.load(KeYEnvironment.java:251)
	at de.uka.ilkd.key.control.KeYEnvironment.load(KeYEnvironment.java:224)
	at de.uka.ilkd.key.control.KeYEnvironment.load(KeYEnvironment.java:184)
	at de.uka.ilkd.key.control.KeYEnvironment.load(KeYEnvironment.java:261)
	at de.uka.ilkd.key.proof.runallproofs.proofcollection.TestFile.load(TestFile.java:270)
	at de.uka.ilkd.key.proof.runallproofs.proofcollection.TestFile.runKey(TestFile.java:160)
	at de.uka.ilkd.key.proof.runallproofs.proofcollection.ForkedTestFileRunner.main(ForkedTestFileRunner.java:171)
Caused by: de.uka.ilkd.key.proof.init.ProofInputException: Could not find rule file rules/intRulesCheckedSemantics.key
	at de.uka.ilkd.key.proof.io.KeYFile.readIncludes(KeYFile.java:210)
	at de.uka.ilkd.key.proof.init.ProblemInitializer.readIncludes(ProblemInitializer.java:177)
	at de.uka.ilkd.key.proof.init.ProblemInitializer.readEnvInput(ProblemInitializer.java:325)
	at de.uka.ilkd.key.proof.init.ProblemInitializer.prepare(ProblemInitializer.java:449)
	at de.uka.ilkd.key.proof.io.AbstractProblemLoader.createInitConfig(AbstractProblemLoader.java:518)
	at de.uka.ilkd.key.proof.io.AbstractProblemLoader.loadEnvironment(AbstractProblemLoader.java:288)
	at de.uka.ilkd.key.proof.io.AbstractProblemLoader.load(AbstractProblemLoader.java:252)
	at de.uka.ilkd.key.control.AbstractUserInterfaceControl.load(AbstractUserInterfaceControl.java:209)
	... 7 more
Caused by: java.lang.RuntimeException: Could not find rule file rules/intRulesCheckedSemantics.key
	at de.uka.ilkd.key.proof.io.RuleSourceFactory.fromBuiltInRule(RuleSourceFactory.java:32)
	at de.uka.ilkd.key.proof.io.RuleSourceFactory.fromDefaultLocation(RuleSourceFactory.java:21)
	at de.uka.ilkd.key.nparser.builder.IncludeFinder.addInclude(IncludeFinder.java:63)
	at de.uka.ilkd.key.nparser.builder.IncludeFinder.visitOne_include(IncludeFinder.java:43)
	at de.uka.ilkd.key.nparser.builder.IncludeFinder.visitOne_include(IncludeFinder.java:20)
	at de.uka.ilkd.key.nparser.KeYParser$One_includeContext.accept(KeYParser.java:878)
	at de.uka.ilkd.key.nparser.builder.AbstractBuilder.lambda$mapOf$0(AbstractBuilder.java:112)
	at java.base/java.util.stream.ReferencePipeline$3$1.accept(ReferencePipeline.java:195)
	at java.base/java.util.ArrayList$ArrayListSpliterator.forEachRemaining(ArrayList.java:1655)
	at java.base/java.util.stream.AbstractPipeline.copyInto(AbstractPipeline.java:484)
	at java.base/java.util.stream.AbstractPipeline.wrapAndCopyInto(AbstractPipeline.java:474)
	at java.base/java.util.stream.ReduceOps$ReduceOp.evaluateSequential(ReduceOps.java:913)
	at java.base/java.util.stream.AbstractPipeline.evaluate(AbstractPipeline.java:234)
	at java.base/java.util.stream.ReferencePipeline.collect(ReferencePipeline.java:578)
	at de.uka.ilkd.key.nparser.builder.AbstractBuilder.mapOf(AbstractBuilder.java:112)
	at de.uka.ilkd.key.nparser.builder.IncludeFinder.visitOne_include_statement(IncludeFinder.java:35)
	at de.uka.ilkd.key.nparser.builder.IncludeFinder.visitOne_include_statement(IncludeFinder.java:20)
	at de.uka.ilkd.key.nparser.KeYParser$One_include_statementContext.accept(KeYParser.java:802)
	at org.antlr.v4.runtime.tree.AbstractParseTreeVisitor.visitChildren(AbstractParseTreeVisitor.java:46)
	at de.uka.ilkd.key.nparser.KeYParserBaseVisitor.visitDecls(KeYParserBaseVisitor.java:30)
	at de.uka.ilkd.key.nparser.KeYParser$DeclsContext.accept(KeYParser.java:500)
	at org.antlr.v4.runtime.tree.AbstractParseTreeVisitor.visitChildren(AbstractParseTreeVisitor.java:46)
	at de.uka.ilkd.key.nparser.KeYParserBaseVisitor.visitFile(KeYParserBaseVisitor.java:23)
	at de.uka.ilkd.key.nparser.KeYParser$FileContext.accept(KeYParser.java:306)
	at de.uka.ilkd.key.nparser.KeyAst.accept(KeyAst.java:41)
	at de.uka.ilkd.key.nparser.KeyAst$File.getIncludes(KeyAst.java:76)
	at de.uka.ilkd.key.proof.io.KeYFile.readIncludes(KeYFile.java:208)
	... 14 more
Could not find rule file rules/intRulesCheckedSemantics.key (file: /home/runner/work/key/key/key.core/../key.ui/examples/index/../InformationFlow/BlockContracts/contract.IFBlockExamples(contract.IFBlockExamples__insecure_4(int)).Non-interference contract.0.m.key; caused by: de.uka.ilkd.key.proof.init.ProofInputException: Could not find rule file rules/intRulesCheckedSemantics.key)
	at de.uka.ilkd.key.control.AbstractUserInterfaceControl.load(AbstractUserInterfaceControl.java:221)
	at de.uka.ilkd.key.control.KeYEnvironment.load(KeYEnvironment.java:251)
	at de.uka.ilkd.key.control.KeYEnvironment.load(KeYEnvironment.java:224)
	at de.uka.ilkd.key.control.KeYEnvironment.load(KeYEnvironment.java:184)
	at de.uka.ilkd.key.control.KeYEnvironment.load(KeYEnvironment.java:261)
	at de.uka.ilkd.key.proof.runallproofs.proofcollection.TestFile.load(TestFile.java:270)
	at de.uka.ilkd.key.proof.runallproofs.proofcollection.TestFile.runKey(TestFile.java:160)
	at de.uka.ilkd.key.proof.runallproofs.proofcollection.ForkedTestFileRunner.main(ForkedTestFileRunner.java:171)
Caused by: de.uka.ilkd.key.proof.init.ProofInputException: Could not find rule file rules/intRulesCheckedSemantics.key
	at de.uka.ilkd.key.proof.io.KeYFile.readIncludes(KeYFile.java:210)
	at de.uka.ilkd.key.proof.init.ProblemInitializer.readIncludes(ProblemInitializer.java:177)
	at de.uka.ilkd.key.proof.init.ProblemInitializer.readEnvInput(ProblemInitializer.java:325)
	at de.uka.ilkd.key.proof.init.ProblemInitializer.prepare(ProblemInitializer.java:449)
	at de.uka.ilkd.key.proof.io.AbstractProblemLoader.createInitConfig(AbstractProblemLoader.java:518)
	at de.uka.ilkd.key.proof.io.AbstractProblemLoader.loadEnvironment(AbstractProblemLoader.java:288)
	at de.uka.ilkd.key.proof.io.AbstractProblemLoader.load(AbstractProblemLoader.java:252)
	at de.uka.ilkd.key.control.AbstractUserInterfaceControl.load(AbstractUserInterfaceControl.java:209)
	... 7 more
Caused by: java.lang.RuntimeException: Could not find rule file rules/intRulesCheckedSemantics.key
	at de.uka.ilkd.key.proof.io.RuleSourceFactory.fromBuiltInRule(RuleSourceFactory.java:32)
	at de.uka.ilkd.key.proof.io.RuleSourceFactory.fromDefaultLocation(RuleSourceFactory.java:21)
	at de.uka.ilkd.key.nparser.builder.IncludeFinder.addInclude(IncludeFinder.java:63)
	at de.uka.ilkd.key.nparser.builder.IncludeFinder.visitOne_include(IncludeFinder.java:43)
	at de.uka.ilkd.key.nparser.builder.IncludeFinder.visitOne_include(IncludeFinder.java:20)
	at de.uka.ilkd.key.nparser.KeYParser$One_includeContext.accept(KeYParser.java:878)
	at de.uka.ilkd.key.nparser.builder.AbstractBuilder.lambda$mapOf$0(AbstractBuilder.java:112)
	at java.base/java.util.stream.ReferencePipeline$3$1.accept(ReferencePipeline.java:195)
	at java.base/java.util.ArrayList$ArrayListSpliterator.forEachRemaining(ArrayList.java:1655)
	at java.base/java.util.stream.AbstractPipeline.copyInto(AbstractPipeline.java:484)
	at java.base/java.util.stream.AbstractPipeline.wrapAndCopyInto(AbstractPipeline.java:474)
	at java.base/java.util.stream.ReduceOps$ReduceOp.evaluateSequential(ReduceOps.java:913)
	at java.base/java.util.stream.AbstractPipeline.evaluate(AbstractPipeline.java:234)
	at java.base/java.util.stream.ReferencePipeline.collect(ReferencePipeline.java:578)
	at de.uka.ilkd.key.nparser.builder.AbstractBuilder.mapOf(AbstractBuilder.java:112)
	at de.uka.ilkd.key.nparser.builder.IncludeFinder.visitOne_include_statement(IncludeFinder.java:35)
	at de.uka.ilkd.key.nparser.builder.IncludeFinder.visitOne_include_statement(IncludeFinder.java:20)
	at de.uka.ilkd.key.nparser.KeYParser$One_include_statementContext.accept(KeYParser.java:802)
	at org.antlr.v4.runtime.tree.AbstractParseTreeVisitor.visitChildren(AbstractParseTreeVisitor.java:46)
	at de.uka.ilkd.key.nparser.KeYParserBaseVisitor.visitDecls(KeYParserBaseVisitor.java:30)
	at de.uka.ilkd.key.nparser.KeYParser$DeclsContext.accept(KeYParser.java:500)
	at org.antlr.v4.runtime.tree.AbstractParseTreeVisitor.visitChildren(AbstractParseTreeVisitor.java:46)
	at de.uka.ilkd.key.nparser.KeYParserBaseVisitor.visitFile(KeYParserBaseVisitor.java:23)
	at de.uka.ilkd.key.nparser.KeYParser$FileContext.accept(KeYParser.java:306)
	at de.uka.ilkd.key.nparser.KeyAst.accept(KeyAst.java:41)
	at de.uka.ilkd.key.nparser.KeyAst$File.getIncludes(KeyAst.java:76)
	at de.uka.ilkd.key.proof.io.KeYFile.readIncludes(KeYFile.java:208)
	... 14 more
Could not find rule file rules/intRulesCheckedSemantics.key (file: /home/runner/work/key/key/key.core/../key.ui/examples/index/../InformationFlow/BlockContracts/contract.IFBlockExamples(contract.IFBlockExamples__insecure_3(int)).Non-interference contract.0.m.key; caused by: de.uka.ilkd.key.proof.init.ProofInputException: Could not find rule file rules/intRulesCheckedSemantics.key)
	at de.uka.ilkd.key.control.AbstractUserInterfaceControl.load(AbstractUserInterfaceControl.java:221)
	at de.uka.ilkd.key.control.KeYEnvironment.load(KeYEnvironment.java:251)
	at de.uka.ilkd.key.control.KeYEnvironment.load(KeYEnvironment.java:224)
	at de.uka.ilkd.key.control.KeYEnvironment.load(KeYEnvironment.java:184)
	at de.uka.ilkd.key.control.KeYEnvironment.load(KeYEnvironment.java:261)
	at de.uka.ilkd.key.proof.runallproofs.proofcollection.TestFile.load(TestFile.java:270)
	at de.uka.ilkd.key.proof.runallproofs.proofcollection.TestFile.runKey(TestFile.java:160)
	at de.uka.ilkd.key.proof.runallproofs.proofcollection.ForkedTestFileRunner.main(ForkedTestFileRunner.java:171)
Caused by: de.uka.ilkd.key.proof.init.ProofInputException: Could not find rule file rules/intRulesCheckedSemantics.key
	at de.uka.ilkd.key.proof.io.KeYFile.readIncludes(KeYFile.java:210)
	at de.uka.ilkd.key.proof.init.ProblemInitializer.readIncludes(ProblemInitializer.java:177)
	at de.uka.ilkd.key.proof.init.ProblemInitializer.readEnvInput(ProblemInitializer.java:325)
	at de.uka.ilkd.key.proof.init.ProblemInitializer.prepare(ProblemInitializer.java:449)
	at de.uka.ilkd.key.proof.io.AbstractProblemLoader.createInitConfig(AbstractProblemLoader.java:518)
	at de.uka.ilkd.key.proof.io.AbstractProblemLoader.loadEnvironment(AbstractProblemLoader.java:288)
	at de.uka.ilkd.key.proof.io.AbstractProblemLoader.load(AbstractProblemLoader.java:252)
	at de.uka.ilkd.key.control.AbstractUserInterfaceControl.load(AbstractUserInterfaceControl.java:209)
	... 7 more
Caused by: java.lang.RuntimeException: Could not find rule file rules/intRulesCheckedSemantics.key
	at de.uka.ilkd.key.proof.io.RuleSourceFactory.fromBuiltInRule(RuleSourceFactory.java:32)
	at de.uka.ilkd.key.proof.io.RuleSourceFactory.fromDefaultLocation(RuleSourceFactory.java:21)
	at de.uka.ilkd.key.nparser.builder.IncludeFinder.addInclude(IncludeFinder.java:63)
	at de.uka.ilkd.key.nparser.builder.IncludeFinder.visitOne_include(IncludeFinder.java:43)
	at de.uka.ilkd.key.nparser.builder.IncludeFinder.visitOne_include(IncludeFinder.java:20)
	at de.uka.ilkd.key.nparser.KeYParser$One_includeContext.accept(KeYParser.java:878)
	at de.uka.ilkd.key.nparser.builder.AbstractBuilder.lambda$mapOf$0(AbstractBuilder.java:112)
	at java.base/java.util.stream.ReferencePipeline$3$1.accept(ReferencePipeline.java:195)
	at java.base/java.util.ArrayList$ArrayListSpliterator.forEachRemaining(ArrayList.java:1655)
	at java.base/java.util.stream.AbstractPipeline.copyInto(AbstractPipeline.java:484)
	at java.base/java.util.stream.AbstractPipeline.wrapAndCopyInto(AbstractPipeline.java:474)
	at java.base/java.util.stream.ReduceOps$ReduceOp.evaluateSequential(ReduceOps.java:913)
	at java.base/java.util.stream.AbstractPipeline.evaluate(AbstractPipeline.java:234)
	at java.base/java.util.stream.ReferencePipeline.collect(ReferencePipeline.java:578)
	at de.uka.ilkd.key.nparser.builder.AbstractBuilder.mapOf(AbstractBuilder.java:112)
	at de.uka.ilkd.key.nparser.builder.IncludeFinder.visitOne_include_statement(IncludeFinder.java:35)
	at de.uka.ilkd.key.nparser.builder.IncludeFinder.visitOne_include_statement(IncludeFinder.java:20)
	at de.uka.ilkd.key.nparser.KeYParser$One_include_statementContext.accept(KeYParser.java:802)
	at org.antlr.v4.runtime.tree.AbstractParseTreeVisitor.visitChildren(AbstractParseTreeVisitor.java:46)
	at de.uka.ilkd.key.nparser.KeYParserBaseVisitor.visitDecls(KeYParserBaseVisitor.java:30)
	at de.uka.ilkd.key.nparser.KeYParser$DeclsContext.accept(KeYParser.java:500)
	at org.antlr.v4.runtime.tree.AbstractParseTreeVisitor.visitChildren(AbstractParseTreeVisitor.java:46)
	at de.uka.ilkd.key.nparser.KeYParserBaseVisitor.visitFile(KeYParserBaseVisitor.java:23)
	at de.uka.ilkd.key.nparser.KeYParser$FileContext.accept(KeYParser.java:306)
	at de.uka.ilkd.key.nparser.KeyAst.accept(KeyAst.java:41)
	at de.uka.ilkd.key.nparser.KeyAst$File.getIncludes(KeyAst.java:76)
	at de.uka.ilkd.key.proof.io.KeYFile.readIncludes(KeYFile.java:208)
	... 14 more
Could not find rule file rules/intRulesCheckedSemantics.key (file: /home/runner/work/key/key/key.core/../key.ui/examples/index/../InformationFlow/BlockContracts/contract.IFBlockExamples(contract.IFBlockExamples__secure_3(int)).Non-interference contract.0.m.key; caused by: de.uka.ilkd.key.proof.init.ProofInputException: Could not find rule file rules/intRulesCheckedSemantics.key)
	at de.uka.ilkd.key.control.AbstractUserInterfaceControl.load(AbstractUserInterfaceControl.java:221)
	at de.uka.ilkd.key.control.KeYEnvironment.load(KeYEnvironment.java:251)
	at de.uka.ilkd.key.control.KeYEnvironment.load(KeYEnvironment.java:224)
	at de.uka.ilkd.key.control.KeYEnvironment.load(KeYEnvironment.java:184)
	at de.uka.ilkd.key.control.KeYEnvironment.load(KeYEnvironment.java:261)
	at de.uka.ilkd.key.proof.runallproofs.proofcollection.TestFile.load(TestFile.java:270)
	at de.uka.ilkd.key.proof.runallproofs.proofcollection.TestFile.runKey(TestFile.java:160)
	at de.uka.ilkd.key.proof.runallproofs.proofcollection.ForkedTestFileRunner.main(ForkedTestFileRunner.java:171)
Caused by: de.uka.ilkd.key.proof.init.ProofInputException: Could not find rule file rules/intRulesCheckedSemantics.key
	at de.uka.ilkd.key.proof.io.KeYFile.readIncludes(KeYFile.java:210)
	at de.uka.ilkd.key.proof.init.ProblemInitializer.readIncludes(ProblemInitializer.java:177)
	at de.uka.ilkd.key.proof.init.ProblemInitializer.readEnvInput(ProblemInitializer.java:325)
	at de.uka.ilkd.key.proof.init.ProblemInitializer.prepare(ProblemInitializer.java:449)
	at de.uka.ilkd.key.proof.io.AbstractProblemLoader.createInitConfig(AbstractProblemLoader.java:518)
	at de.uka.ilkd.key.proof.io.AbstractProblemLoader.loadEnvironment(AbstractProblemLoader.java:288)
	at de.uka.ilkd.key.proof.io.AbstractProblemLoader.load(AbstractProblemLoader.java:252)
	at de.uka.ilkd.key.control.AbstractUserInterfaceControl.load(AbstractUserInterfaceControl.java:209)
	... 7 more
Caused by: java.lang.RuntimeException: Could not find rule file rules/intRulesCheckedSemantics.key
	at de.uka.ilkd.key.proof.io.RuleSourceFactory.fromBuiltInRule(RuleSourceFactory.java:32)
	at de.uka.ilkd.key.proof.io.RuleSourceFactory.fromDefaultLocation(RuleSourceFactory.java:21)
	at de.uka.ilkd.key.nparser.builder.IncludeFinder.addInclude(IncludeFinder.java:63)
	at de.uka.ilkd.key.nparser.builder.IncludeFinder.visitOne_include(IncludeFinder.java:43)
	at de.uka.ilkd.key.nparser.builder.IncludeFinder.visitOne_include(IncludeFinder.java:20)
	at de.uka.ilkd.key.nparser.KeYParser$One_includeContext.accept(KeYParser.java:878)
	at de.uka.ilkd.key.nparser.builder.AbstractBuilder.lambda$mapOf$0(AbstractBuilder.java:112)
	at java.base/java.util.stream.ReferencePipeline$3$1.accept(ReferencePipeline.java:195)
	at java.base/java.util.ArrayList$ArrayListSpliterator.forEachRemaining(ArrayList.java:1655)
	at java.base/java.util.stream.AbstractPipeline.copyInto(AbstractPipeline.java:484)
	at java.base/java.util.stream.AbstractPipeline.wrapAndCopyInto(AbstractPipeline.java:474)
	at java.base/java.util.stream.ReduceOps$ReduceOp.evaluateSequential(ReduceOps.java:913)
	at java.base/java.util.stream.AbstractPipeline.evaluate(AbstractPipeline.java:234)
	at java.base/java.util.stream.ReferencePipeline.collect(ReferencePipeline.java:578)
	at de.uka.ilkd.key.nparser.builder.AbstractBuilder.mapOf(AbstractBuilder.java:112)
	at de.uka.ilkd.key.nparser.builder.IncludeFinder.visitOne_include_statement(IncludeFinder.java:35)
	at de.uka.ilkd.key.nparser.builder.IncludeFinder.visitOne_include_statement(IncludeFinder.java:20)
	at de.uka.ilkd.key.nparser.KeYParser$One_include_statementContext.accept(KeYParser.java:802)
	at org.antlr.v4.runtime.tree.AbstractParseTreeVisitor.visitChildren(AbstractParseTreeVisitor.java:46)
	at de.uka.ilkd.key.nparser.KeYParserBaseVisitor.visitDecls(KeYParserBaseVisitor.java:30)
	at de.uka.ilkd.key.nparser.KeYParser$DeclsContext.accept(KeYParser.java:500)
	at org.antlr.v4.runtime.tree.AbstractParseTreeVisitor.visitChildren(AbstractParseTreeVisitor.java:46)
	at de.uka.ilkd.key.nparser.KeYParserBaseVisitor.visitFile(KeYParserBaseVisitor.java:23)
	at de.uka.ilkd.key.nparser.KeYParser$FileContext.accept(KeYParser.java:306)
	at de.uka.ilkd.key.nparser.KeyAst.accept(KeyAst.java:41)
	at de.uka.ilkd.key.nparser.KeyAst$File.getIncludes(KeyAst.java:76)
	at de.uka.ilkd.key.proof.io.KeYFile.readIncludes(KeYFile.java:208)
	... 14 more
Could not find rule file rules/intRulesCheckedSemantics.key (file: /home/runner/work/key/key/key.core/../key.ui/examples/index/../InformationFlow/BlockContracts/contract.IFBlockExamples(contract.IFBlockExamples__secure_2(int)).Non-interference contract.0.m.key; caused by: de.uka.ilkd.key.proof.init.ProofInputException: Could not find rule file rules/intRulesCheckedSemantics.key)
	at de.uka.ilkd.key.control.AbstractUserInterfaceControl.load(AbstractUserInterfaceControl.java:221)
	at de.uka.ilkd.key.control.KeYEnvironment.load(KeYEnvironment.java:251)
	at de.uka.ilkd.key.control.KeYEnvironment.load(KeYEnvironment.java:224)
	at de.uka.ilkd.key.control.KeYEnvironment.load(KeYEnvironment.java:184)
	at de.uka.ilkd.key.control.KeYEnvironment.load(KeYEnvironment.java:261)
	at de.uka.ilkd.key.proof.runallproofs.proofcollection.TestFile.load(TestFile.java:270)
	at de.uka.ilkd.key.proof.runallproofs.proofcollection.TestFile.runKey(TestFile.java:160)
	at de.uka.ilkd.key.proof.runallproofs.proofcollection.ForkedTestFileRunner.main(ForkedTestFileRunner.java:171)
Caused by: de.uka.ilkd.key.proof.init.ProofInputException: Could not find rule file rules/intRulesCheckedSemantics.key
	at de.uka.ilkd.key.proof.io.KeYFile.readIncludes(KeYFile.java:210)
	at de.uka.ilkd.key.proof.init.ProblemInitializer.readIncludes(ProblemInitializer.java:177)
	at de.uka.ilkd.key.proof.init.ProblemInitializer.readEnvInput(ProblemInitializer.java:325)
	at de.uka.ilkd.key.proof.init.ProblemInitializer.prepare(ProblemInitializer.java:449)
	at de.uka.ilkd.key.proof.io.AbstractProblemLoader.createInitConfig(AbstractProblemLoader.java:518)
	at de.uka.ilkd.key.proof.io.AbstractProblemLoader.loadEnvironment(AbstractProblemLoader.java:288)
	at de.uka.ilkd.key.proof.io.AbstractProblemLoader.load(AbstractProblemLoader.java:252)
	at de.uka.ilkd.key.control.AbstractUserInterfaceControl.load(AbstractUserInterfaceControl.java:209)
	... 7 more
Caused by: java.lang.RuntimeException: Could not find rule file rules/intRulesCheckedSemantics.key
	at de.uka.ilkd.key.proof.io.RuleSourceFactory.fromBuiltInRule(RuleSourceFactory.java:32)
	at de.uka.ilkd.key.proof.io.RuleSourceFactory.fromDefaultLocation(RuleSourceFactory.java:21)
	at de.uka.ilkd.key.nparser.builder.IncludeFinder.addInclude(IncludeFinder.java:63)
	at de.uka.ilkd.key.nparser.builder.IncludeFinder.visitOne_include(IncludeFinder.java:43)
	at de.uka.ilkd.key.nparser.builder.IncludeFinder.visitOne_include(IncludeFinder.java:20)
	at de.uka.ilkd.key.nparser.KeYParser$One_includeContext.accept(KeYParser.java:878)
	at de.uka.ilkd.key.nparser.builder.AbstractBuilder.lambda$mapOf$0(AbstractBuilder.java:112)
	at java.base/java.util.stream.ReferencePipeline$3$1.accept(ReferencePipeline.java:195)
	at java.base/java.util.ArrayList$ArrayListSpliterator.forEachRemaining(ArrayList.java:1655)
	at java.base/java.util.stream.AbstractPipeline.copyInto(AbstractPipeline.java:484)
	at java.base/java.util.stream.AbstractPipeline.wrapAndCopyInto(AbstractPipeline.java:474)
	at java.base/java.util.stream.ReduceOps$ReduceOp.evaluateSequential(ReduceOps.java:913)
	at java.base/java.util.stream.AbstractPipeline.evaluate(AbstractPipeline.java:234)
	at java.base/java.util.stream.ReferencePipeline.collect(ReferencePipeline.java:578)
	at de.uka.ilkd.key.nparser.builder.AbstractBuilder.mapOf(AbstractBuilder.java:112)
	at de.uka.ilkd.key.nparser.builder.IncludeFinder.visitOne_include_statement(IncludeFinder.java:35)
	at de.uka.ilkd.key.nparser.builder.IncludeFinder.visitOne_include_statement(IncludeFinder.java:20)
	at de.uka.ilkd.key.nparser.KeYParser$One_include_statementContext.accept(KeYParser.java:802)
	at org.antlr.v4.runtime.tree.AbstractParseTreeVisitor.visitChildren(AbstractParseTreeVisitor.java:46)
	at de.uka.ilkd.key.nparser.KeYParserBaseVisitor.visitDecls(KeYParserBaseVisitor.java:30)
	at de.uka.ilkd.key.nparser.KeYParser$DeclsContext.accept(KeYParser.java:500)
	at org.antlr.v4.runtime.tree.AbstractParseTreeVisitor.visitChildren(AbstractParseTreeVisitor.java:46)
	at de.uka.ilkd.key.nparser.KeYParserBaseVisitor.visitFile(KeYParserBaseVisitor.java:23)
	at de.uka.ilkd.key.nparser.KeYParser$FileContext.accept(KeYParser.java:306)
	at de.uka.ilkd.key.nparser.KeyAst.accept(KeyAst.java:41)
	at de.uka.ilkd.key.nparser.KeyAst$File.getIncludes(KeyAst.java:76)
	at de.uka.ilkd.key.proof.io.KeYFile.readIncludes(KeYFile.java:208)
	... 14 more
Could not find rule file rules/intRulesCheckedSemantics.key (file: /home/runner/work/key/key/key.core/../key.ui/examples/index/../InformationFlow/BlockContracts/contract.IFBlockExamples(contract.IFBlockExamples__secure_8(int)).Non-interference contract.0.m.key; caused by: de.uka.ilkd.key.proof.init.ProofInputException: Could not find rule file rules/intRulesCheckedSemantics.key)
	at de.uka.ilkd.key.control.AbstractUserInterfaceControl.load(AbstractUserInterfaceControl.java:221)
	at de.uka.ilkd.key.control.KeYEnvironment.load(KeYEnvironment.java:251)
	at de.uka.ilkd.key.control.KeYEnvironment.load(KeYEnvironment.java:224)
	at de.uka.ilkd.key.control.KeYEnvironment.load(KeYEnvironment.java:184)
	at de.uka.ilkd.key.control.KeYEnvironment.load(KeYEnvironment.java:261)
	at de.uka.ilkd.key.proof.runallproofs.proofcollection.TestFile.load(TestFile.java:270)
	at de.uka.ilkd.key.proof.runallproofs.proofcollection.TestFile.runKey(TestFile.java:160)
	at de.uka.ilkd.key.proof.runallproofs.proofcollection.ForkedTestFileRunner.main(ForkedTestFileRunner.java:171)
Caused by: de.uka.ilkd.key.proof.init.ProofInputException: Could not find rule file rules/intRulesCheckedSemantics.key
	at de.uka.ilkd.key.proof.io.KeYFile.readIncludes(KeYFile.java:210)
	at de.uka.ilkd.key.proof.init.ProblemInitializer.readIncludes(ProblemInitializer.java:177)
	at de.uka.ilkd.key.proof.init.ProblemInitializer.readEnvInput(ProblemInitializer.java:325)
	at de.uka.ilkd.key.proof.init.ProblemInitializer.prepare(ProblemInitializer.java:449)
	at de.uka.ilkd.key.proof.io.AbstractProblemLoader.createInitConfig(AbstractProblemLoader.java:518)
	at de.uka.ilkd.key.proof.io.AbstractProblemLoader.loadEnvironment(AbstractProblemLoader.java:288)
	at de.uka.ilkd.key.proof.io.AbstractProblemLoader.load(AbstractProblemLoader.java:252)
	at de.uka.ilkd.key.control.AbstractUserInterfaceControl.load(AbstractUserInterfaceControl.java:209)
	... 7 more
Caused by: java.lang.RuntimeException: Could not find rule file rules/intRulesCheckedSemantics.key
	at de.uka.ilkd.key.proof.io.RuleSourceFactory.fromBuiltInRule(RuleSourceFactory.java:32)
	at de.uka.ilkd.key.proof.io.RuleSourceFactory.fromDefaultLocation(RuleSourceFactory.java:21)
	at de.uka.ilkd.key.nparser.builder.IncludeFinder.addInclude(IncludeFinder.java:63)
	at de.uka.ilkd.key.nparser.builder.IncludeFinder.visitOne_include(IncludeFinder.java:43)
	at de.uka.ilkd.key.nparser.builder.IncludeFinder.visitOne_include(IncludeFinder.java:20)
	at de.uka.ilkd.key.nparser.KeYParser$One_includeContext.accept(KeYParser.java:878)
	at de.uka.ilkd.key.nparser.builder.AbstractBuilder.lambda$mapOf$0(AbstractBuilder.java:112)
	at java.base/java.util.stream.ReferencePipeline$3$1.accept(ReferencePipeline.java:195)
	at java.base/java.util.ArrayList$ArrayListSpliterator.forEachRemaining(ArrayList.java:1655)
	at java.base/java.util.stream.AbstractPipeline.copyInto(AbstractPipeline.java:484)
	at java.base/java.util.stream.AbstractPipeline.wrapAndCopyInto(AbstractPipeline.java:474)
	at java.base/java.util.stream.ReduceOps$ReduceOp.evaluateSequential(ReduceOps.java:913)
	at java.base/java.util.stream.AbstractPipeline.evaluate(AbstractPipeline.java:234)
	at java.base/java.util.stream.ReferencePipeline.collect(ReferencePipeline.java:578)
	at de.uka.ilkd.key.nparser.builder.AbstractBuilder.mapOf(AbstractBuilder.java:112)
	at de.uka.ilkd.key.nparser.builder.IncludeFinder.visitOne_include_statement(IncludeFinder.java:35)
	at de.uka.ilkd.key.nparser.builder.IncludeFinder.visitOne_include_statement(IncludeFinder.java:20)
	at de.uka.ilkd.key.nparser.KeYParser$One_include_statementContext.accept(KeYParser.java:802)
	at org.antlr.v4.runtime.tree.AbstractParseTreeVisitor.visitChildren(AbstractParseTreeVisitor.java:46)
	at de.uka.ilkd.key.nparser.KeYParserBaseVisitor.visitDecls(KeYParserBaseVisitor.java:30)
	at de.uka.ilkd.key.nparser.KeYParser$DeclsContext.accept(KeYParser.java:500)
	at org.antlr.v4.runtime.tree.AbstractParseTreeVisitor.visitChildren(AbstractParseTreeVisitor.java:46)
	at de.uka.ilkd.key.nparser.KeYParserBaseVisitor.visitFile(KeYParserBaseVisitor.java:23)
	at de.uka.ilkd.key.nparser.KeYParser$FileContext.accept(KeYParser.java:306)
	at de.uka.ilkd.key.nparser.KeyAst.accept(KeyAst.java:41)
	at de.uka.ilkd.key.nparser.KeyAst$File.getIncludes(KeyAst.java:76)
	at de.uka.ilkd.key.proof.io.KeYFile.readIncludes(KeYFile.java:208)
	... 14 more
Could not find rule file rules/intRulesCheckedSemantics.key (file: /home/runner/work/key/key/key.core/../key.ui/examples/index/../InformationFlow/BlockContracts/contract.IFBlockExamples(contract.IFBlockExamples__secure_7(int)).Non-interference contract.0.m.key; caused by: de.uka.ilkd.key.proof.init.ProofInputException: Could not find rule file rules/intRulesCheckedSemantics.key)
	at de.uka.ilkd.key.control.AbstractUserInterfaceControl.load(AbstractUserInterfaceControl.java:221)
	at de.uka.ilkd.key.control.KeYEnvironment.load(KeYEnvironment.java:251)
	at de.uka.ilkd.key.control.KeYEnvironment.load(KeYEnvironment.java:224)
	at de.uka.ilkd.key.control.KeYEnvironment.load(KeYEnvironment.java:184)
	at de.uka.ilkd.key.control.KeYEnvironment.load(KeYEnvironment.java:261)
	at de.uka.ilkd.key.proof.runallproofs.proofcollection.TestFile.load(TestFile.java:270)
	at de.uka.ilkd.key.proof.runallproofs.proofcollection.TestFile.runKey(TestFile.java:160)
	at de.uka.ilkd.key.proof.runallproofs.proofcollection.ForkedTestFileRunner.main(ForkedTestFileRunner.java:171)
Caused by: de.uka.ilkd.key.proof.init.ProofInputException: Could not find rule file rules/intRulesCheckedSemantics.key
	at de.uka.ilkd.key.proof.io.KeYFile.readIncludes(KeYFile.java:210)
	at de.uka.ilkd.key.proof.init.ProblemInitializer.readIncludes(ProblemInitializer.java:177)
	at de.uka.ilkd.key.proof.init.ProblemInitializer.readEnvInput(ProblemInitializer.java:325)
	at de.uka.ilkd.key.proof.init.ProblemInitializer.prepare(ProblemInitializer.java:449)
	at de.uka.ilkd.key.proof.io.AbstractProblemLoader.createInitConfig(AbstractProblemLoader.java:518)
	at de.uka.ilkd.key.proof.io.AbstractProblemLoader.loadEnvironment(AbstractProblemLoader.java:288)
	at de.uka.ilkd.key.proof.io.AbstractProblemLoader.load(AbstractProblemLoader.java:252)
	at de.uka.ilkd.key.control.AbstractUserInterfaceControl.load(AbstractUserInterfaceControl.java:209)
	... 7 more
Caused by: java.lang.RuntimeException: Could not find rule file rules/intRulesCheckedSemantics.key
	at de.uka.ilkd.key.proof.io.RuleSourceFactory.fromBuiltInRule(RuleSourceFactory.java:32)
	at de.uka.ilkd.key.proof.io.RuleSourceFactory.fromDefaultLocation(RuleSourceFactory.java:21)
	at de.uka.ilkd.key.nparser.builder.IncludeFinder.addInclude(IncludeFinder.java:63)
	at de.uka.ilkd.key.nparser.builder.IncludeFinder.visitOne_include(IncludeFinder.java:43)
	at de.uka.ilkd.key.nparser.builder.IncludeFinder.visitOne_include(IncludeFinder.java:20)
	at de.uka.ilkd.key.nparser.KeYParser$One_includeContext.accept(KeYParser.java:878)
	at de.uka.ilkd.key.nparser.builder.AbstractBuilder.lambda$mapOf$0(AbstractBuilder.java:112)
	at java.base/java.util.stream.ReferencePipeline$3$1.accept(ReferencePipeline.java:195)
	at java.base/java.util.ArrayList$ArrayListSpliterator.forEachRemaining(ArrayList.java:1655)
	at java.base/java.util.stream.AbstractPipeline.copyInto(AbstractPipeline.java:484)
	at java.base/java.util.stream.AbstractPipeline.wrapAndCopyInto(AbstractPipeline.java:474)
	at java.base/java.util.stream.ReduceOps$ReduceOp.evaluateSequential(ReduceOps.java:913)
	at java.base/java.util.stream.AbstractPipeline.evaluate(AbstractPipeline.java:234)
	at java.base/java.util.stream.ReferencePipeline.collect(ReferencePipeline.java:578)
	at de.uka.ilkd.key.nparser.builder.AbstractBuilder.mapOf(AbstractBuilder.java:112)
	at de.uka.ilkd.key.nparser.builder.IncludeFinder.visitOne_include_statement(IncludeFinder.java:35)
	at de.uka.ilkd.key.nparser.builder.IncludeFinder.visitOne_include_statement(IncludeFinder.java:20)
	at de.uka.ilkd.key.nparser.KeYParser$One_include_statementContext.accept(KeYParser.java:802)
	at org.antlr.v4.runtime.tree.AbstractParseTreeVisitor.visitChildren(AbstractParseTreeVisitor.java:46)
	at de.uka.ilkd.key.nparser.KeYParserBaseVisitor.visitDecls(KeYParserBaseVisitor.java:30)
	at de.uka.ilkd.key.nparser.KeYParser$DeclsContext.accept(KeYParser.java:500)
	at org.antlr.v4.runtime.tree.AbstractParseTreeVisitor.visitChildren(AbstractParseTreeVisitor.java:46)
	at de.uka.ilkd.key.nparser.KeYParserBaseVisitor.visitFile(KeYParserBaseVisitor.java:23)
	at de.uka.ilkd.key.nparser.KeYParser$FileContext.accept(KeYParser.java:306)
	at de.uka.ilkd.key.nparser.KeyAst.accept(KeyAst.java:41)
	at de.uka.ilkd.key.nparser.KeyAst$File.getIncludes(KeyAst.java:76)
	at de.uka.ilkd.key.proof.io.KeYFile.readIncludes(KeYFile.java:208)
	... 14 more
Could not find rule file rules/intRulesCheckedSemantics.key (file: /home/runner/work/key/key/key.core/../key.ui/examples/index/../InformationFlow/BlockContracts/contract.IFBlockExamples(contract.IFBlockExamples__secure_6(int)).Non-interference contract.0.m.key; caused by: de.uka.ilkd.key.proof.init.ProofInputException: Could not find rule file rules/intRulesCheckedSemantics.key)
	at de.uka.ilkd.key.control.AbstractUserInterfaceControl.load(AbstractUserInterfaceControl.java:221)
	at de.uka.ilkd.key.control.KeYEnvironment.load(KeYEnvironment.java:251)
	at de.uka.ilkd.key.control.KeYEnvironment.load(KeYEnvironment.java:224)
	at de.uka.ilkd.key.control.KeYEnvironment.load(KeYEnvironment.java:184)
	at de.uka.ilkd.key.control.KeYEnvironment.load(KeYEnvironment.java:261)
	at de.uka.ilkd.key.proof.runallproofs.proofcollection.TestFile.load(TestFile.java:270)
	at de.uka.ilkd.key.proof.runallproofs.proofcollection.TestFile.runKey(TestFile.java:160)
	at de.uka.ilkd.key.proof.runallproofs.proofcollection.ForkedTestFileRunner.main(ForkedTestFileRunner.java:171)
Caused by: de.uka.ilkd.key.proof.init.ProofInputException: Could not find rule file rules/intRulesCheckedSemantics.key
	at de.uka.ilkd.key.proof.io.KeYFile.readIncludes(KeYFile.java:210)
	at de.uka.ilkd.key.proof.init.ProblemInitializer.readIncludes(ProblemInitializer.java:177)
	at de.uka.ilkd.key.proof.init.ProblemInitializer.readEnvInput(ProblemInitializer.java:325)
	at de.uka.ilkd.key.proof.init.ProblemInitializer.prepare(ProblemInitializer.java:449)
	at de.uka.ilkd.key.proof.io.AbstractProblemLoader.createInitConfig(AbstractProblemLoader.java:518)
	at de.uka.ilkd.key.proof.io.AbstractProblemLoader.loadEnvironment(AbstractProblemLoader.java:288)
	at de.uka.ilkd.key.proof.io.AbstractProblemLoader.load(AbstractProblemLoader.java:252)
	at de.uka.ilkd.key.control.AbstractUserInterfaceControl.load(AbstractUserInterfaceControl.java:209)
	... 7 more
Caused by: java.lang.RuntimeException: Could not find rule file rules/intRulesCheckedSemantics.key
	at de.uka.ilkd.key.proof.io.RuleSourceFactory.fromBuiltInRule(RuleSourceFactory.java:32)
	at de.uka.ilkd.key.proof.io.RuleSourceFactory.fromDefaultLocation(RuleSourceFactory.java:21)
	at de.uka.ilkd.key.nparser.builder.IncludeFinder.addInclude(IncludeFinder.java:63)
	at de.uka.ilkd.key.nparser.builder.IncludeFinder.visitOne_include(IncludeFinder.java:43)
	at de.uka.ilkd.key.nparser.builder.IncludeFinder.visitOne_include(IncludeFinder.java:20)
	at de.uka.ilkd.key.nparser.KeYParser$One_includeContext.accept(KeYParser.java:878)
	at de.uka.ilkd.key.nparser.builder.AbstractBuilder.lambda$mapOf$0(AbstractBuilder.java:112)
	at java.base/java.util.stream.ReferencePipeline$3$1.accept(ReferencePipeline.java:195)
	at java.base/java.util.ArrayList$ArrayListSpliterator.forEachRemaining(ArrayList.java:1655)
	at java.base/java.util.stream.AbstractPipeline.copyInto(AbstractPipeline.java:484)
	at java.base/java.util.stream.AbstractPipeline.wrapAndCopyInto(AbstractPipeline.java:474)
	at java.base/java.util.stream.ReduceOps$ReduceOp.evaluateSequential(ReduceOps.java:913)
	at java.base/java.util.stream.AbstractPipeline.evaluate(AbstractPipeline.java:234)
	at java.base/java.util.stream.ReferencePipeline.collect(ReferencePipeline.java:578)
	at de.uka.ilkd.key.nparser.builder.AbstractBuilder.mapOf(AbstractBuilder.java:112)
	at de.uka.ilkd.key.nparser.builder.IncludeFinder.visitOne_include_statement(IncludeFinder.java:35)
	at de.uka.ilkd.key.nparser.builder.IncludeFinder.visitOne_include_statement(IncludeFinder.java:20)
	at de.uka.ilkd.key.nparser.KeYParser$One_include_statementContext.accept(KeYParser.java:802)
	at org.antlr.v4.runtime.tree.AbstractParseTreeVisitor.visitChildren(AbstractParseTreeVisitor.java:46)
	at de.uka.ilkd.key.nparser.KeYParserBaseVisitor.visitDecls(KeYParserBaseVisitor.java:30)
	at de.uka.ilkd.key.nparser.KeYParser$DeclsContext.accept(KeYParser.java:500)
	at org.antlr.v4.runtime.tree.AbstractParseTreeVisitor.visitChildren(AbstractParseTreeVisitor.java:46)
	at de.uka.ilkd.key.nparser.KeYParserBaseVisitor.visitFile(KeYParserBaseVisitor.java:23)
	at de.uka.ilkd.key.nparser.KeYParser$FileContext.accept(KeYParser.java:306)
	at de.uka.ilkd.key.nparser.KeyAst.accept(KeyAst.java:41)
	at de.uka.ilkd.key.nparser.KeyAst$File.getIncludes(KeyAst.java:76)
	at de.uka.ilkd.key.proof.io.KeYFile.readIncludes(KeYFile.java:208)
	... 14 more
Could not find rule file rules/intRulesCheckedSemantics.key (file: /home/runner/work/key/key/key.core/../key.ui/examples/index/../InformationFlow/BlockContracts/contract.IFBlockExamples(contract.IFBlockExamples__insecure_1(int)).Non-interference contract.0.m.key; caused by: de.uka.ilkd.key.proof.init.ProofInputException: Could not find rule file rules/intRulesCheckedSemantics.key)
	at de.uka.ilkd.key.control.AbstractUserInterfaceControl.load(AbstractUserInterfaceControl.java:221)
	at de.uka.ilkd.key.control.KeYEnvironment.load(KeYEnvironment.java:251)
	at de.uka.ilkd.key.control.KeYEnvironment.load(KeYEnvironment.java:224)
	at de.uka.ilkd.key.control.KeYEnvironment.load(KeYEnvironment.java:184)
	at de.uka.ilkd.key.control.KeYEnvironment.load(KeYEnvironment.java:261)
	at de.uka.ilkd.key.proof.runallproofs.proofcollection.TestFile.load(TestFile.java:270)
	at de.uka.ilkd.key.proof.runallproofs.proofcollection.TestFile.runKey(TestFile.java:160)
	at de.uka.ilkd.key.proof.runallproofs.proofcollection.ForkedTestFileRunner.main(ForkedTestFileRunner.java:171)
Caused by: de.uka.ilkd.key.proof.init.ProofInputException: Could not find rule file rules/intRulesCheckedSemantics.key
	at de.uka.ilkd.key.proof.io.KeYFile.readIncludes(KeYFile.java:210)
	at de.uka.ilkd.key.proof.init.ProblemInitializer.readIncludes(ProblemInitializer.java:177)
	at de.uka.ilkd.key.proof.init.ProblemInitializer.readEnvInput(ProblemInitializer.java:325)
	at de.uka.ilkd.key.proof.init.ProblemInitializer.prepare(ProblemInitializer.java:449)
	at de.uka.ilkd.key.proof.io.AbstractProblemLoader.createInitConfig(AbstractProblemLoader.java:518)
	at de.uka.ilkd.key.proof.io.AbstractProblemLoader.loadEnvironment(AbstractProblemLoader.java:288)
	at de.uka.ilkd.key.proof.io.AbstractProblemLoader.load(AbstractProblemLoader.java:252)
	at de.uka.ilkd.key.control.AbstractUserInterfaceControl.load(AbstractUserInterfaceControl.java:209)
	... 7 more
Caused by: java.lang.RuntimeException: Could not find rule file rules/intRulesCheckedSemantics.key
	at de.uka.ilkd.key.proof.io.RuleSourceFactory.fromBuiltInRule(RuleSourceFactory.java:32)
	at de.uka.ilkd.key.proof.io.RuleSourceFactory.fromDefaultLocation(RuleSourceFactory.java:21)
	at de.uka.ilkd.key.nparser.builder.IncludeFinder.addInclude(IncludeFinder.java:63)
	at de.uka.ilkd.key.nparser.builder.IncludeFinder.visitOne_include(IncludeFinder.java:43)
	at de.uka.ilkd.key.nparser.builder.IncludeFinder.visitOne_include(IncludeFinder.java:20)
	at de.uka.ilkd.key.nparser.KeYParser$One_includeContext.accept(KeYParser.java:878)
	at de.uka.ilkd.key.nparser.builder.AbstractBuilder.lambda$mapOf$0(AbstractBuilder.java:112)
	at java.base/java.util.stream.ReferencePipeline$3$1.accept(ReferencePipeline.java:195)
	at java.base/java.util.ArrayList$ArrayListSpliterator.forEachRemaining(ArrayList.java:1655)
	at java.base/java.util.stream.AbstractPipeline.copyInto(AbstractPipeline.java:484)
	at java.base/java.util.stream.AbstractPipeline.wrapAndCopyInto(AbstractPipeline.java:474)
	at java.base/java.util.stream.ReduceOps$ReduceOp.evaluateSequential(ReduceOps.java:913)
	at java.base/java.util.stream.AbstractPipeline.evaluate(AbstractPipeline.java:234)
	at java.base/java.util.stream.ReferencePipeline.collect(ReferencePipeline.java:578)
	at de.uka.ilkd.key.nparser.builder.AbstractBuilder.mapOf(AbstractBuilder.java:112)
	at de.uka.ilkd.key.nparser.builder.IncludeFinder.visitOne_include_statement(IncludeFinder.java:35)
	at de.uka.ilkd.key.nparser.builder.IncludeFinder.visitOne_include_statement(IncludeFinder.java:20)
	at de.uka.ilkd.key.nparser.KeYParser$One_include_statementContext.accept(KeYParser.java:802)
	at org.antlr.v4.runtime.tree.AbstractParseTreeVisitor.visitChildren(AbstractParseTreeVisitor.java:46)
	at de.uka.ilkd.key.nparser.KeYParserBaseVisitor.visitDecls(KeYParserBaseVisitor.java:30)
	at de.uka.ilkd.key.nparser.KeYParser$DeclsContext.accept(KeYParser.java:500)
	at org.antlr.v4.runtime.tree.AbstractParseTreeVisitor.visitChildren(AbstractParseTreeVisitor.java:46)
	at de.uka.ilkd.key.nparser.KeYParserBaseVisitor.visitFile(KeYParserBaseVisitor.java:23)
	at de.uka.ilkd.key.nparser.KeYParser$FileContext.accept(KeYParser.java:306)
	at de.uka.ilkd.key.nparser.KeyAst.accept(KeyAst.java:41)
	at de.uka.ilkd.key.nparser.KeyAst$File.getIncludes(KeyAst.java:76)
	at de.uka.ilkd.key.proof.io.KeYFile.readIncludes(KeYFile.java:208)
	... 14 more
Could not find rule file rules/intRulesCheckedSemantics.key (file: /home/runner/work/key/key/key.core/../key.ui/examples/index/../InformationFlow/BlockContracts/contract.IFBlockExamples(contract.IFBlockExamples__secure_4(int)).Non-interference contract.0.m.key; caused by: de.uka.ilkd.key.proof.init.ProofInputException: Could not find rule file rules/intRulesCheckedSemantics.key)
	at de.uka.ilkd.key.control.AbstractUserInterfaceControl.load(AbstractUserInterfaceControl.java:221)
	at de.uka.ilkd.key.control.KeYEnvironment.load(KeYEnvironment.java:251)
	at de.uka.ilkd.key.control.KeYEnvironment.load(KeYEnvironment.java:224)
	at de.uka.ilkd.key.control.KeYEnvironment.load(KeYEnvironment.java:184)
	at de.uka.ilkd.key.control.KeYEnvironment.load(KeYEnvironment.java:261)
	at de.uka.ilkd.key.proof.runallproofs.proofcollection.TestFile.load(TestFile.java:270)
	at de.uka.ilkd.key.proof.runallproofs.proofcollection.TestFile.runKey(TestFile.java:160)
	at de.uka.ilkd.key.proof.runallproofs.proofcollection.ForkedTestFileRunner.main(ForkedTestFileRunner.java:171)
Caused by: de.uka.ilkd.key.proof.init.ProofInputException: Could not find rule file rules/intRulesCheckedSemantics.key
	at de.uka.ilkd.key.proof.io.KeYFile.readIncludes(KeYFile.java:210)
	at de.uka.ilkd.key.proof.init.ProblemInitializer.readIncludes(ProblemInitializer.java:177)
	at de.uka.ilkd.key.proof.init.ProblemInitializer.readEnvInput(ProblemInitializer.java:325)
	at de.uka.ilkd.key.proof.init.ProblemInitializer.prepare(ProblemInitializer.java:449)
	at de.uka.ilkd.key.proof.io.AbstractProblemLoader.createInitConfig(AbstractProblemLoader.java:518)
	at de.uka.ilkd.key.proof.io.AbstractProblemLoader.loadEnvironment(AbstractProblemLoader.java:288)
	at de.uka.ilkd.key.proof.io.AbstractProblemLoader.load(AbstractProblemLoader.java:252)
	at de.uka.ilkd.key.control.AbstractUserInterfaceControl.load(AbstractUserInterfaceControl.java:209)
	... 7 more
Caused by: java.lang.RuntimeException: Could not find rule file rules/intRulesCheckedSemantics.key
	at de.uka.ilkd.key.proof.io.RuleSourceFactory.fromBuiltInRule(RuleSourceFactory.java:32)
	at de.uka.ilkd.key.proof.io.RuleSourceFactory.fromDefaultLocation(RuleSourceFactory.java:21)
	at de.uka.ilkd.key.nparser.builder.IncludeFinder.addInclude(IncludeFinder.java:63)
	at de.uka.ilkd.key.nparser.builder.IncludeFinder.visitOne_include(IncludeFinder.java:43)
	at de.uka.ilkd.key.nparser.builder.IncludeFinder.visitOne_include(IncludeFinder.java:20)
	at de.uka.ilkd.key.nparser.KeYParser$One_includeContext.accept(KeYParser.java:878)
	at de.uka.ilkd.key.nparser.builder.AbstractBuilder.lambda$mapOf$0(AbstractBuilder.java:112)
	at java.base/java.util.stream.ReferencePipeline$3$1.accept(ReferencePipeline.java:195)
	at java.base/java.util.ArrayList$ArrayListSpliterator.forEachRemaining(ArrayList.java:1655)
	at java.base/java.util.stream.AbstractPipeline.copyInto(AbstractPipeline.java:484)
	at java.base/java.util.stream.AbstractPipeline.wrapAndCopyInto(AbstractPipeline.java:474)
	at java.base/java.util.stream.ReduceOps$ReduceOp.evaluateSequential(ReduceOps.java:913)
	at java.base/java.util.stream.AbstractPipeline.evaluate(AbstractPipeline.java:234)
	at java.base/java.util.stream.ReferencePipeline.collect(ReferencePipeline.java:578)
	at de.uka.ilkd.key.nparser.builder.AbstractBuilder.mapOf(AbstractBuilder.java:112)
	at de.uka.ilkd.key.nparser.builder.IncludeFinder.visitOne_include_statement(IncludeFinder.java:35)
	at de.uka.ilkd.key.nparser.builder.IncludeFinder.visitOne_include_statement(IncludeFinder.java:20)
	at de.uka.ilkd.key.nparser.KeYParser$One_include_statementContext.accept(KeYParser.java:802)
	at org.antlr.v4.runtime.tree.AbstractParseTreeVisitor.visitChildren(AbstractParseTreeVisitor.java:46)
	at de.uka.ilkd.key.nparser.KeYParserBaseVisitor.visitDecls(KeYParserBaseVisitor.java:30)
	at de.uka.ilkd.key.nparser.KeYParser$DeclsContext.accept(KeYParser.java:500)
	at org.antlr.v4.runtime.tree.AbstractParseTreeVisitor.visitChildren(AbstractParseTreeVisitor.java:46)
	at de.uka.ilkd.key.nparser.KeYParserBaseVisitor.visitFile(KeYParserBaseVisitor.java:23)
	at de.uka.ilkd.key.nparser.KeYParser$FileContext.accept(KeYParser.java:306)
	at de.uka.ilkd.key.nparser.KeyAst.accept(KeyAst.java:41)
	at de.uka.ilkd.key.nparser.KeyAst$File.getIncludes(KeyAst.java:76)
	at de.uka.ilkd.key.proof.io.KeYFile.readIncludes(KeYFile.java:208)
	... 14 more
Could not find rule file rules/intRulesCheckedSemantics.key (file: /home/runner/work/key/key/key.core/../key.ui/examples/index/../InformationFlow/BlockContracts/contract.IFBlockExamples(contract.IFBlockExamples__secure_1(int)).Non-interference contract.0.m.key; caused by: de.uka.ilkd.key.proof.init.ProofInputException: Could not find rule file rules/intRulesCheckedSemantics.key)
	at de.uka.ilkd.key.control.AbstractUserInterfaceControl.load(AbstractUserInterfaceControl.java:221)
	at de.uka.ilkd.key.control.KeYEnvironment.load(KeYEnvironment.java:251)
	at de.uka.ilkd.key.control.KeYEnvironment.load(KeYEnvironment.java:224)
	at de.uka.ilkd.key.control.KeYEnvironment.load(KeYEnvironment.java:184)
	at de.uka.ilkd.key.control.KeYEnvironment.load(KeYEnvironment.java:261)
	at de.uka.ilkd.key.proof.runallproofs.proofcollection.TestFile.load(TestFile.java:270)
	at de.uka.ilkd.key.proof.runallproofs.proofcollection.TestFile.runKey(TestFile.java:160)
	at de.uka.ilkd.key.proof.runallproofs.proofcollection.ForkedTestFileRunner.main(ForkedTestFileRunner.java:171)
Caused by: de.uka.ilkd.key.proof.init.ProofInputException: Could not find rule file rules/intRulesCheckedSemantics.key
	at de.uka.ilkd.key.proof.io.KeYFile.readIncludes(KeYFile.java:210)
	at de.uka.ilkd.key.proof.init.ProblemInitializer.readIncludes(ProblemInitializer.java:177)
	at de.uka.ilkd.key.proof.init.ProblemInitializer.readEnvInput(ProblemInitializer.java:325)
	at de.uka.ilkd.key.proof.init.ProblemInitializer.prepare(ProblemInitializer.java:449)
	at de.uka.ilkd.key.proof.io.AbstractProblemLoader.createInitConfig(AbstractProblemLoader.java:518)
	at de.uka.ilkd.key.proof.io.AbstractProblemLoader.loadEnvironment(AbstractProblemLoader.java:288)
	at de.uka.ilkd.key.proof.io.AbstractProblemLoader.load(AbstractProblemLoader.java:252)
	at de.uka.ilkd.key.control.AbstractUserInterfaceControl.load(AbstractUserInterfaceControl.java:209)
	... 7 more
Caused by: java.lang.RuntimeException: Could not find rule file rules/intRulesCheckedSemantics.key
	at de.uka.ilkd.key.proof.io.RuleSourceFactory.fromBuiltInRule(RuleSourceFactory.java:32)
	at de.uka.ilkd.key.proof.io.RuleSourceFactory.fromDefaultLocation(RuleSourceFactory.java:21)
	at de.uka.ilkd.key.nparser.builder.IncludeFinder.addInclude(IncludeFinder.java:63)
	at de.uka.ilkd.key.nparser.builder.IncludeFinder.visitOne_include(IncludeFinder.java:43)
	at de.uka.ilkd.key.nparser.builder.IncludeFinder.visitOne_include(IncludeFinder.java:20)
	at de.uka.ilkd.key.nparser.KeYParser$One_includeContext.accept(KeYParser.java:878)
	at de.uka.ilkd.key.nparser.builder.AbstractBuilder.lambda$mapOf$0(AbstractBuilder.java:112)
	at java.base/java.util.stream.ReferencePipeline$3$1.accept(ReferencePipeline.java:195)
	at java.base/java.util.ArrayList$ArrayListSpliterator.forEachRemaining(ArrayList.java:1655)
	at java.base/java.util.stream.AbstractPipeline.copyInto(AbstractPipeline.java:484)
	at java.base/java.util.stream.AbstractPipeline.wrapAndCopyInto(AbstractPipeline.java:474)
	at java.base/java.util.stream.ReduceOps$ReduceOp.evaluateSequential(ReduceOps.java:913)
	at java.base/java.util.stream.AbstractPipeline.evaluate(AbstractPipeline.java:234)
	at java.base/java.util.stream.ReferencePipeline.collect(ReferencePipeline.java:578)
	at de.uka.ilkd.key.nparser.builder.AbstractBuilder.mapOf(AbstractBuilder.java:112)
	at de.uka.ilkd.key.nparser.builder.IncludeFinder.visitOne_include_statement(IncludeFinder.java:35)
	at de.uka.ilkd.key.nparser.builder.IncludeFinder.visitOne_include_statement(IncludeFinder.java:20)
	at de.uka.ilkd.key.nparser.KeYParser$One_include_statementContext.accept(KeYParser.java:802)
	at org.antlr.v4.runtime.tree.AbstractParseTreeVisitor.visitChildren(AbstractParseTreeVisitor.java:46)
	at de.uka.ilkd.key.nparser.KeYParserBaseVisitor.visitDecls(KeYParserBaseVisitor.java:30)
	at de.uka.ilkd.key.nparser.KeYParser$DeclsContext.accept(KeYParser.java:500)
	at org.antlr.v4.runtime.tree.AbstractParseTreeVisitor.visitChildren(AbstractParseTreeVisitor.java:46)
	at de.uka.ilkd.key.nparser.KeYParserBaseVisitor.visitFile(KeYParserBaseVisitor.java:23)
	at de.uka.ilkd.key.nparser.KeYParser$FileContext.accept(KeYParser.java:306)
	at de.uka.ilkd.key.nparser.KeyAst.accept(KeyAst.java:41)
	at de.uka.ilkd.key.nparser.KeyAst$File.getIncludes(KeyAst.java:76)
	at de.uka.ilkd.key.proof.io.KeYFile.readIncludes(KeYFile.java:208)
	... 14 more
Could not find rule file rules/intRulesCheckedSemantics.key (file: /home/runner/work/key/key/key.core/../key.ui/examples/index/../InformationFlow/BlockContracts/contract.IFEfficiencyExamples(contract.IFEfficiencyExamples__mWithoutBlockContract()).Non-interference contract.0.m.key; caused by: de.uka.ilkd.key.proof.init.ProofInputException: Could not find rule file rules/intRulesCheckedSemantics.key)
	at de.uka.ilkd.key.control.AbstractUserInterfaceControl.load(AbstractUserInterfaceControl.java:221)
	at de.uka.ilkd.key.control.KeYEnvironment.load(KeYEnvironment.java:251)
	at de.uka.ilkd.key.control.KeYEnvironment.load(KeYEnvironment.java:224)
	at de.uka.ilkd.key.control.KeYEnvironment.load(KeYEnvironment.java:184)
	at de.uka.ilkd.key.control.KeYEnvironment.load(KeYEnvironment.java:261)
	at de.uka.ilkd.key.proof.runallproofs.proofcollection.TestFile.load(TestFile.java:270)
	at de.uka.ilkd.key.proof.runallproofs.proofcollection.TestFile.runKey(TestFile.java:160)
	at de.uka.ilkd.key.proof.runallproofs.proofcollection.ForkedTestFileRunner.main(ForkedTestFileRunner.java:171)
Caused by: de.uka.ilkd.key.proof.init.ProofInputException: Could not find rule file rules/intRulesCheckedSemantics.key
	at de.uka.ilkd.key.proof.io.KeYFile.readIncludes(KeYFile.java:210)
	at de.uka.ilkd.key.proof.init.ProblemInitializer.readIncludes(ProblemInitializer.java:177)
	at de.uka.ilkd.key.proof.init.ProblemInitializer.readEnvInput(ProblemInitializer.java:325)
	at de.uka.ilkd.key.proof.init.ProblemInitializer.prepare(ProblemInitializer.java:449)
	at de.uka.ilkd.key.proof.io.AbstractProblemLoader.createInitConfig(AbstractProblemLoader.java:518)
	at de.uka.ilkd.key.proof.io.AbstractProblemLoader.loadEnvironment(AbstractProblemLoader.java:288)
	at de.uka.ilkd.key.proof.io.AbstractProblemLoader.load(AbstractProblemLoader.java:252)
	at de.uka.ilkd.key.control.AbstractUserInterfaceControl.load(AbstractUserInterfaceControl.java:209)
	... 7 more
Caused by: java.lang.RuntimeException: Could not find rule file rules/intRulesCheckedSemantics.key
	at de.uka.ilkd.key.proof.io.RuleSourceFactory.fromBuiltInRule(RuleSourceFactory.java:32)
	at de.uka.ilkd.key.proof.io.RuleSourceFactory.fromDefaultLocation(RuleSourceFactory.java:21)
	at de.uka.ilkd.key.nparser.builder.IncludeFinder.addInclude(IncludeFinder.java:63)
	at de.uka.ilkd.key.nparser.builder.IncludeFinder.visitOne_include(IncludeFinder.java:43)
	at de.uka.ilkd.key.nparser.builder.IncludeFinder.visitOne_include(IncludeFinder.java:20)
	at de.uka.ilkd.key.nparser.KeYParser$One_includeContext.accept(KeYParser.java:878)
	at de.uka.ilkd.key.nparser.builder.AbstractBuilder.lambda$mapOf$0(AbstractBuilder.java:112)
	at java.base/java.util.stream.ReferencePipeline$3$1.accept(ReferencePipeline.java:195)
	at java.base/java.util.ArrayList$ArrayListSpliterator.forEachRemaining(ArrayList.java:1655)
	at java.base/java.util.stream.AbstractPipeline.copyInto(AbstractPipeline.java:484)
	at java.base/java.util.stream.AbstractPipeline.wrapAndCopyInto(AbstractPipeline.java:474)
	at java.base/java.util.stream.ReduceOps$ReduceOp.evaluateSequential(ReduceOps.java:913)
	at java.base/java.util.stream.AbstractPipeline.evaluate(AbstractPipeline.java:234)
	at java.base/java.util.stream.ReferencePipeline.collect(ReferencePipeline.java:578)
	at de.uka.ilkd.key.nparser.builder.AbstractBuilder.mapOf(AbstractBuilder.java:112)
	at de.uka.ilkd.key.nparser.builder.IncludeFinder.visitOne_include_statement(IncludeFinder.java:35)
	at de.uka.ilkd.key.nparser.builder.IncludeFinder.visitOne_include_statement(IncludeFinder.java:20)
	at de.uka.ilkd.key.nparser.KeYParser$One_include_statementContext.accept(KeYParser.java:802)
	at org.antlr.v4.runtime.tree.AbstractParseTreeVisitor.visitChildren(AbstractParseTreeVisitor.java:46)
	at de.uka.ilkd.key.nparser.KeYParserBaseVisitor.visitDecls(KeYParserBaseVisitor.java:30)
	at de.uka.ilkd.key.nparser.KeYParser$DeclsContext.accept(KeYParser.java:500)
	at org.antlr.v4.runtime.tree.AbstractParseTreeVisitor.visitChildren(AbstractParseTreeVisitor.java:46)
	at de.uka.ilkd.key.nparser.KeYParserBaseVisitor.visitFile(KeYParserBaseVisitor.java:23)
	at de.uka.ilkd.key.nparser.KeYParser$FileContext.accept(KeYParser.java:306)
	at de.uka.ilkd.key.nparser.KeyAst.accept(KeyAst.java:41)
	at de.uka.ilkd.key.nparser.KeyAst$File.getIncludes(KeyAst.java:76)
	at de.uka.ilkd.key.proof.io.KeYFile.readIncludes(KeYFile.java:208)
	... 14 more
Could not find rule file rules/intRulesCheckedSemantics.key (file: /home/runner/work/key/key/key.core/../key.ui/examples/index/../InformationFlow/BlockContracts/contract.IFEfficiencyExamples(contract.IFEfficiencyExamples__mWithBlockContract()).Non-interference contract.0.m.key; caused by: de.uka.ilkd.key.proof.init.ProofInputException: Could not find rule file rules/intRulesCheckedSemantics.key)
	at de.uka.ilkd.key.control.AbstractUserInterfaceControl.load(AbstractUserInterfaceControl.java:221)
	at de.uka.ilkd.key.control.KeYEnvironment.load(KeYEnvironment.java:251)
	at de.uka.ilkd.key.control.KeYEnvironment.load(KeYEnvironment.java:224)
	at de.uka.ilkd.key.control.KeYEnvironment.load(KeYEnvironment.java:184)
	at de.uka.ilkd.key.control.KeYEnvironment.load(KeYEnvironment.java:261)
	at de.uka.ilkd.key.proof.runallproofs.proofcollection.TestFile.load(TestFile.java:270)
	at de.uka.ilkd.key.proof.runallproofs.proofcollection.TestFile.runKey(TestFile.java:160)
	at de.uka.ilkd.key.proof.runallproofs.proofcollection.ForkedTestFileRunner.main(ForkedTestFileRunner.java:171)
Caused by: de.uka.ilkd.key.proof.init.ProofInputException: Could not find rule file rules/intRulesCheckedSemantics.key
	at de.uka.ilkd.key.proof.io.KeYFile.readIncludes(KeYFile.java:210)
	at de.uka.ilkd.key.proof.init.ProblemInitializer.readIncludes(ProblemInitializer.java:177)
	at de.uka.ilkd.key.proof.init.ProblemInitializer.readEnvInput(ProblemInitializer.java:325)
	at de.uka.ilkd.key.proof.init.ProblemInitializer.prepare(ProblemInitializer.java:449)
	at de.uka.ilkd.key.proof.io.AbstractProblemLoader.createInitConfig(AbstractProblemLoader.java:518)
	at de.uka.ilkd.key.proof.io.AbstractProblemLoader.loadEnvironment(AbstractProblemLoader.java:288)
	at de.uka.ilkd.key.proof.io.AbstractProblemLoader.load(AbstractProblemLoader.java:252)
	at de.uka.ilkd.key.control.AbstractUserInterfaceControl.load(AbstractUserInterfaceControl.java:209)
	... 7 more
Caused by: java.lang.RuntimeException: Could not find rule file rules/intRulesCheckedSemantics.key
	at de.uka.ilkd.key.proof.io.RuleSourceFactory.fromBuiltInRule(RuleSourceFactory.java:32)
	at de.uka.ilkd.key.proof.io.RuleSourceFactory.fromDefaultLocation(RuleSourceFactory.java:21)
	at de.uka.ilkd.key.nparser.builder.IncludeFinder.addInclude(IncludeFinder.java:63)
	at de.uka.ilkd.key.nparser.builder.IncludeFinder.visitOne_include(IncludeFinder.java:43)
	at de.uka.ilkd.key.nparser.builder.IncludeFinder.visitOne_include(IncludeFinder.java:20)
	at de.uka.ilkd.key.nparser.KeYParser$One_includeContext.accept(KeYParser.java:878)
	at de.uka.ilkd.key.nparser.builder.AbstractBuilder.lambda$mapOf$0(AbstractBuilder.java:112)
	at java.base/java.util.stream.ReferencePipeline$3$1.accept(ReferencePipeline.java:195)
	at java.base/java.util.ArrayList$ArrayListSpliterator.forEachRemaining(ArrayList.java:1655)
	at java.base/java.util.stream.AbstractPipeline.copyInto(AbstractPipeline.java:484)
	at java.base/java.util.stream.AbstractPipeline.wrapAndCopyInto(AbstractPipeline.java:474)
	at java.base/java.util.stream.ReduceOps$ReduceOp.evaluateSequential(ReduceOps.java:913)
	at java.base/java.util.stream.AbstractPipeline.evaluate(AbstractPipeline.java:234)
	at java.base/java.util.stream.ReferencePipeline.collect(ReferencePipeline.java:578)
	at de.uka.ilkd.key.nparser.builder.AbstractBuilder.mapOf(AbstractBuilder.java:112)
	at de.uka.ilkd.key.nparser.builder.IncludeFinder.visitOne_include_statement(IncludeFinder.java:35)
	at de.uka.ilkd.key.nparser.builder.IncludeFinder.visitOne_include_statement(IncludeFinder.java:20)
	at de.uka.ilkd.key.nparser.KeYParser$One_include_statementContext.accept(KeYParser.java:802)
	at org.antlr.v4.runtime.tree.AbstractParseTreeVisitor.visitChildren(AbstractParseTreeVisitor.java:46)
	at de.uka.ilkd.key.nparser.KeYParserBaseVisitor.visitDecls(KeYParserBaseVisitor.java:30)
	at de.uka.ilkd.key.nparser.KeYParser$DeclsContext.accept(KeYParser.java:500)
	at org.antlr.v4.runtime.tree.AbstractParseTreeVisitor.visitChildren(AbstractParseTreeVisitor.java:46)
	at de.uka.ilkd.key.nparser.KeYParserBaseVisitor.visitFile(KeYParserBaseVisitor.java:23)
	at de.uka.ilkd.key.nparser.KeYParser$FileContext.accept(KeYParser.java:306)
	at de.uka.ilkd.key.nparser.KeyAst.accept(KeyAst.java:41)
	at de.uka.ilkd.key.nparser.KeyAst$File.getIncludes(KeyAst.java:76)
	at de.uka.ilkd.key.proof.io.KeYFile.readIncludes(KeYFile.java:208)
	... 14 more
Exception in thread "main" org.opentest4j.AssertionFailedError: Exception during the execution of proofs. See log for more details.
	at org.junit.jupiter.api.AssertionUtils.fail(AssertionUtils.java:39)
	at org.junit.jupiter.api.Assertions.fail(Assertions.java:134)
	at de.uka.ilkd.key.proof.runallproofs.proofcollection.ForkedTestFileRunner.main(ForkedTestFileRunner.java:192)
Timeout watcher launched (1000 secs.)
Could not find rule file rules/intRulesCheckedSemantics.key (file: /home/runner/work/key/key/key.core/../key.ui/examples/index/../InformationFlow/MethodContracts/contract.IFMethodContract(contract.IFMethodContract__secure_recursion_2((I,int)).Non-interference contract.0.m.key; caused by: de.uka.ilkd.key.proof.init.ProofInputException: Could not find rule file rules/intRulesCheckedSemantics.key)
	at de.uka.ilkd.key.control.AbstractUserInterfaceControl.load(AbstractUserInterfaceControl.java:221)
	at de.uka.ilkd.key.control.KeYEnvironment.load(KeYEnvironment.java:251)
	at de.uka.ilkd.key.control.KeYEnvironment.load(KeYEnvironment.java:224)
	at de.uka.ilkd.key.control.KeYEnvironment.load(KeYEnvironment.java:184)
	at de.uka.ilkd.key.control.KeYEnvironment.load(KeYEnvironment.java:261)
	at de.uka.ilkd.key.proof.runallproofs.proofcollection.TestFile.load(TestFile.java:270)
	at de.uka.ilkd.key.proof.runallproofs.proofcollection.TestFile.runKey(TestFile.java:160)
	at de.uka.ilkd.key.proof.runallproofs.proofcollection.ForkedTestFileRunner.main(ForkedTestFileRunner.java:171)
Caused by: de.uka.ilkd.key.proof.init.ProofInputException: Could not find rule file rules/intRulesCheckedSemantics.key
	at de.uka.ilkd.key.proof.io.KeYFile.readIncludes(KeYFile.java:210)
	at de.uka.ilkd.key.proof.init.ProblemInitializer.readIncludes(ProblemInitializer.java:177)
	at de.uka.ilkd.key.proof.init.ProblemInitializer.readEnvInput(ProblemInitializer.java:325)
	at de.uka.ilkd.key.proof.init.ProblemInitializer.prepare(ProblemInitializer.java:449)
	at de.uka.ilkd.key.proof.io.AbstractProblemLoader.createInitConfig(AbstractProblemLoader.java:518)
	at de.uka.ilkd.key.proof.io.AbstractProblemLoader.loadEnvironment(AbstractProblemLoader.java:288)
	at de.uka.ilkd.key.proof.io.AbstractProblemLoader.load(AbstractProblemLoader.java:252)
	at de.uka.ilkd.key.control.AbstractUserInterfaceControl.load(AbstractUserInterfaceControl.java:209)
	... 7 more
Caused by: java.lang.RuntimeException: Could not find rule file rules/intRulesCheckedSemantics.key
	at de.uka.ilkd.key.proof.io.RuleSourceFactory.fromBuiltInRule(RuleSourceFactory.java:32)
	at de.uka.ilkd.key.proof.io.RuleSourceFactory.fromDefaultLocation(RuleSourceFactory.java:21)
	at de.uka.ilkd.key.nparser.builder.IncludeFinder.addInclude(IncludeFinder.java:63)
	at de.uka.ilkd.key.nparser.builder.IncludeFinder.visitOne_include(IncludeFinder.java:43)
	at de.uka.ilkd.key.nparser.builder.IncludeFinder.visitOne_include(IncludeFinder.java:20)
	at de.uka.ilkd.key.nparser.KeYParser$One_includeContext.accept(KeYParser.java:878)
	at de.uka.ilkd.key.nparser.builder.AbstractBuilder.lambda$mapOf$0(AbstractBuilder.java:112)
	at java.base/java.util.stream.ReferencePipeline$3$1.accept(ReferencePipeline.java:195)
	at java.base/java.util.ArrayList$ArrayListSpliterator.forEachRemaining(ArrayList.java:1655)
	at java.base/java.util.stream.AbstractPipeline.copyInto(AbstractPipeline.java:484)
	at java.base/java.util.stream.AbstractPipeline.wrapAndCopyInto(AbstractPipeline.java:474)
	at java.base/java.util.stream.ReduceOps$ReduceOp.evaluateSequential(ReduceOps.java:913)
	at java.base/java.util.stream.AbstractPipeline.evaluate(AbstractPipeline.java:234)
	at java.base/java.util.stream.ReferencePipeline.collect(ReferencePipeline.java:578)
	at de.uka.ilkd.key.nparser.builder.AbstractBuilder.mapOf(AbstractBuilder.java:112)
	at de.uka.ilkd.key.nparser.builder.IncludeFinder.visitOne_include_statement(IncludeFinder.java:35)
	at de.uka.ilkd.key.nparser.builder.IncludeFinder.visitOne_include_statement(IncludeFinder.java:20)
	at de.uka.ilkd.key.nparser.KeYParser$One_include_statementContext.accept(KeYParser.java:802)
	at org.antlr.v4.runtime.tree.AbstractParseTreeVisitor.visitChildren(AbstractParseTreeVisitor.java:46)
	at de.uka.ilkd.key.nparser.KeYParserBaseVisitor.visitDecls(KeYParserBaseVisitor.java:30)
	at de.uka.ilkd.key.nparser.KeYParser$DeclsContext.accept(KeYParser.java:500)
	at org.antlr.v4.runtime.tree.AbstractParseTreeVisitor.visitChildren(AbstractParseTreeVisitor.java:46)
	at de.uka.ilkd.key.nparser.KeYParserBaseVisitor.visitFile(KeYParserBaseVisitor.java:23)
	at de.uka.ilkd.key.nparser.KeYParser$FileContext.accept(KeYParser.java:306)
	at de.uka.ilkd.key.nparser.KeyAst.accept(KeyAst.java:41)
	at de.uka.ilkd.key.nparser.KeyAst$File.getIncludes(KeyAst.java:76)
	at de.uka.ilkd.key.proof.io.KeYFile.readIncludes(KeYFile.java:208)
	... 14 more
Could not find rule file rules/intRulesCheckedSemantics.key (file: /home/runner/work/key/key/key.core/../key.ui/examples/index/../InformationFlow/MethodContracts/contract.IFMethodContract(contract.IFMethodContract__secure_recursion(int)).Non-interference contract.0.m.key; caused by: de.uka.ilkd.key.proof.init.ProofInputException: Could not find rule file rules/intRulesCheckedSemantics.key)
	at de.uka.ilkd.key.control.AbstractUserInterfaceControl.load(AbstractUserInterfaceControl.java:221)
	at de.uka.ilkd.key.control.KeYEnvironment.load(KeYEnvironment.java:251)
	at de.uka.ilkd.key.control.KeYEnvironment.load(KeYEnvironment.java:224)
	at de.uka.ilkd.key.control.KeYEnvironment.load(KeYEnvironment.java:184)
	at de.uka.ilkd.key.control.KeYEnvironment.load(KeYEnvironment.java:261)
	at de.uka.ilkd.key.proof.runallproofs.proofcollection.TestFile.load(TestFile.java:270)
	at de.uka.ilkd.key.proof.runallproofs.proofcollection.TestFile.runKey(TestFile.java:160)
	at de.uka.ilkd.key.proof.runallproofs.proofcollection.ForkedTestFileRunner.main(ForkedTestFileRunner.java:171)
Caused by: de.uka.ilkd.key.proof.init.ProofInputException: Could not find rule file rules/intRulesCheckedSemantics.key
	at de.uka.ilkd.key.proof.io.KeYFile.readIncludes(KeYFile.java:210)
	at de.uka.ilkd.key.proof.init.ProblemInitializer.readIncludes(ProblemInitializer.java:177)
	at de.uka.ilkd.key.proof.init.ProblemInitializer.readEnvInput(ProblemInitializer.java:325)
	at de.uka.ilkd.key.proof.init.ProblemInitializer.prepare(ProblemInitializer.java:449)
	at de.uka.ilkd.key.proof.io.AbstractProblemLoader.createInitConfig(AbstractProblemLoader.java:518)
	at de.uka.ilkd.key.proof.io.AbstractProblemLoader.loadEnvironment(AbstractProblemLoader.java:288)
	at de.uka.ilkd.key.proof.io.AbstractProblemLoader.load(AbstractProblemLoader.java:252)
	at de.uka.ilkd.key.control.AbstractUserInterfaceControl.load(AbstractUserInterfaceControl.java:209)
	... 7 more
Caused by: java.lang.RuntimeException: Could not find rule file rules/intRulesCheckedSemantics.key
	at de.uka.ilkd.key.proof.io.RuleSourceFactory.fromBuiltInRule(RuleSourceFactory.java:32)
	at de.uka.ilkd.key.proof.io.RuleSourceFactory.fromDefaultLocation(RuleSourceFactory.java:21)
	at de.uka.ilkd.key.nparser.builder.IncludeFinder.addInclude(IncludeFinder.java:63)
	at de.uka.ilkd.key.nparser.builder.IncludeFinder.visitOne_include(IncludeFinder.java:43)
	at de.uka.ilkd.key.nparser.builder.IncludeFinder.visitOne_include(IncludeFinder.java:20)
	at de.uka.ilkd.key.nparser.KeYParser$One_includeContext.accept(KeYParser.java:878)
	at de.uka.ilkd.key.nparser.builder.AbstractBuilder.lambda$mapOf$0(AbstractBuilder.java:112)
	at java.base/java.util.stream.ReferencePipeline$3$1.accept(ReferencePipeline.java:195)
	at java.base/java.util.ArrayList$ArrayListSpliterator.forEachRemaining(ArrayList.java:1655)
	at java.base/java.util.stream.AbstractPipeline.copyInto(AbstractPipeline.java:484)
	at java.base/java.util.stream.AbstractPipeline.wrapAndCopyInto(AbstractPipeline.java:474)
	at java.base/java.util.stream.ReduceOps$ReduceOp.evaluateSequential(ReduceOps.java:913)
	at java.base/java.util.stream.AbstractPipeline.evaluate(AbstractPipeline.java:234)
	at java.base/java.util.stream.ReferencePipeline.collect(ReferencePipeline.java:578)
	at de.uka.ilkd.key.nparser.builder.AbstractBuilder.mapOf(AbstractBuilder.java:112)
	at de.uka.ilkd.key.nparser.builder.IncludeFinder.visitOne_include_statement(IncludeFinder.java:35)
	at de.uka.ilkd.key.nparser.builder.IncludeFinder.visitOne_include_statement(IncludeFinder.java:20)
	at de.uka.ilkd.key.nparser.KeYParser$One_include_statementContext.accept(KeYParser.java:802)
	at org.antlr.v4.runtime.tree.AbstractParseTreeVisitor.visitChildren(AbstractParseTreeVisitor.java:46)
	at de.uka.ilkd.key.nparser.KeYParserBaseVisitor.visitDecls(KeYParserBaseVisitor.java:30)
	at de.uka.ilkd.key.nparser.KeYParser$DeclsContext.accept(KeYParser.java:500)
	at org.antlr.v4.runtime.tree.AbstractParseTreeVisitor.visitChildren(AbstractParseTreeVisitor.java:46)
	at de.uka.ilkd.key.nparser.KeYParserBaseVisitor.visitFile(KeYParserBaseVisitor.java:23)
	at de.uka.ilkd.key.nparser.KeYParser$FileContext.accept(KeYParser.java:306)
	at de.uka.ilkd.key.nparser.KeyAst.accept(KeyAst.java:41)
	at de.uka.ilkd.key.nparser.KeyAst$File.getIncludes(KeyAst.java:76)
	at de.uka.ilkd.key.proof.io.KeYFile.readIncludes(KeYFile.java:208)
	... 14 more
Could not find rule file rules/intRulesCheckedSemantics.key (file: /home/runner/work/key/key/key.core/../key.ui/examples/index/../InformationFlow/MethodContracts/contract.IFMethodContract(contract.IFMethodContract__secure_catch_exception()).Non-interference contract.0.m.key; caused by: de.uka.ilkd.key.proof.init.ProofInputException: Could not find rule file rules/intRulesCheckedSemantics.key)
	at de.uka.ilkd.key.control.AbstractUserInterfaceControl.load(AbstractUserInterfaceControl.java:221)
	at de.uka.ilkd.key.control.KeYEnvironment.load(KeYEnvironment.java:251)
	at de.uka.ilkd.key.control.KeYEnvironment.load(KeYEnvironment.java:224)
	at de.uka.ilkd.key.control.KeYEnvironment.load(KeYEnvironment.java:184)
	at de.uka.ilkd.key.control.KeYEnvironment.load(KeYEnvironment.java:261)
	at de.uka.ilkd.key.proof.runallproofs.proofcollection.TestFile.load(TestFile.java:270)
	at de.uka.ilkd.key.proof.runallproofs.proofcollection.TestFile.runKey(TestFile.java:160)
	at de.uka.ilkd.key.proof.runallproofs.proofcollection.ForkedTestFileRunner.main(ForkedTestFileRunner.java:171)
Caused by: de.uka.ilkd.key.proof.init.ProofInputException: Could not find rule file rules/intRulesCheckedSemantics.key
	at de.uka.ilkd.key.proof.io.KeYFile.readIncludes(KeYFile.java:210)
	at de.uka.ilkd.key.proof.init.ProblemInitializer.readIncludes(ProblemInitializer.java:177)
	at de.uka.ilkd.key.proof.init.ProblemInitializer.readEnvInput(ProblemInitializer.java:325)
	at de.uka.ilkd.key.proof.init.ProblemInitializer.prepare(ProblemInitializer.java:449)
	at de.uka.ilkd.key.proof.io.AbstractProblemLoader.createInitConfig(AbstractProblemLoader.java:518)
	at de.uka.ilkd.key.proof.io.AbstractProblemLoader.loadEnvironment(AbstractProblemLoader.java:288)
	at de.uka.ilkd.key.proof.io.AbstractProblemLoader.load(AbstractProblemLoader.java:252)
	at de.uka.ilkd.key.control.AbstractUserInterfaceControl.load(AbstractUserInterfaceControl.java:209)
	... 7 more
Caused by: java.lang.RuntimeException: Could not find rule file rules/intRulesCheckedSemantics.key
	at de.uka.ilkd.key.proof.io.RuleSourceFactory.fromBuiltInRule(RuleSourceFactory.java:32)
	at de.uka.ilkd.key.proof.io.RuleSourceFactory.fromDefaultLocation(RuleSourceFactory.java:21)
	at de.uka.ilkd.key.nparser.builder.IncludeFinder.addInclude(IncludeFinder.java:63)
	at de.uka.ilkd.key.nparser.builder.IncludeFinder.visitOne_include(IncludeFinder.java:43)
	at de.uka.ilkd.key.nparser.builder.IncludeFinder.visitOne_include(IncludeFinder.java:20)
	at de.uka.ilkd.key.nparser.KeYParser$One_includeContext.accept(KeYParser.java:878)
	at de.uka.ilkd.key.nparser.builder.AbstractBuilder.lambda$mapOf$0(AbstractBuilder.java:112)
	at java.base/java.util.stream.ReferencePipeline$3$1.accept(ReferencePipeline.java:195)
	at java.base/java.util.ArrayList$ArrayListSpliterator.forEachRemaining(ArrayList.java:1655)
	at java.base/java.util.stream.AbstractPipeline.copyInto(AbstractPipeline.java:484)
	at java.base/java.util.stream.AbstractPipeline.wrapAndCopyInto(AbstractPipeline.java:474)
	at java.base/java.util.stream.ReduceOps$ReduceOp.evaluateSequential(ReduceOps.java:913)
	at java.base/java.util.stream.AbstractPipeline.evaluate(AbstractPipeline.java:234)
	at java.base/java.util.stream.ReferencePipeline.collect(ReferencePipeline.java:578)
	at de.uka.ilkd.key.nparser.builder.AbstractBuilder.mapOf(AbstractBuilder.java:112)
	at de.uka.ilkd.key.nparser.builder.IncludeFinder.visitOne_include_statement(IncludeFinder.java:35)
	at de.uka.ilkd.key.nparser.builder.IncludeFinder.visitOne_include_statement(IncludeFinder.java:20)
	at de.uka.ilkd.key.nparser.KeYParser$One_include_statementContext.accept(KeYParser.java:802)
	at org.antlr.v4.runtime.tree.AbstractParseTreeVisitor.visitChildren(AbstractParseTreeVisitor.java:46)
	at de.uka.ilkd.key.nparser.KeYParserBaseVisitor.visitDecls(KeYParserBaseVisitor.java:30)
	at de.uka.ilkd.key.nparser.KeYParser$DeclsContext.accept(KeYParser.java:500)
	at org.antlr.v4.runtime.tree.AbstractParseTreeVisitor.visitChildren(AbstractParseTreeVisitor.java:46)
	at de.uka.ilkd.key.nparser.KeYParserBaseVisitor.visitFile(KeYParserBaseVisitor.java:23)
	at de.uka.ilkd.key.nparser.KeYParser$FileContext.accept(KeYParser.java:306)
	at de.uka.ilkd.key.nparser.KeyAst.accept(KeyAst.java:41)
	at de.uka.ilkd.key.nparser.KeyAst$File.getIncludes(KeyAst.java:76)
	at de.uka.ilkd.key.proof.io.KeYFile.readIncludes(KeYFile.java:208)
	... 14 more
Could not find rule file rules/intRulesCheckedSemantics.key (file: /home/runner/work/key/key/key.core/../key.ui/examples/index/../InformationFlow/MethodContracts/contract.IFMethodContract(contract.IFMethodContract__n6()).Non-interference contract.0.m.key; caused by: de.uka.ilkd.key.proof.init.ProofInputException: Could not find rule file rules/intRulesCheckedSemantics.key)
	at de.uka.ilkd.key.control.AbstractUserInterfaceControl.load(AbstractUserInterfaceControl.java:221)
	at de.uka.ilkd.key.control.KeYEnvironment.load(KeYEnvironment.java:251)
	at de.uka.ilkd.key.control.KeYEnvironment.load(KeYEnvironment.java:224)
	at de.uka.ilkd.key.control.KeYEnvironment.load(KeYEnvironment.java:184)
	at de.uka.ilkd.key.control.KeYEnvironment.load(KeYEnvironment.java:261)
	at de.uka.ilkd.key.proof.runallproofs.proofcollection.TestFile.load(TestFile.java:270)
	at de.uka.ilkd.key.proof.runallproofs.proofcollection.TestFile.runKey(TestFile.java:160)
	at de.uka.ilkd.key.proof.runallproofs.proofcollection.ForkedTestFileRunner.main(ForkedTestFileRunner.java:171)
Caused by: de.uka.ilkd.key.proof.init.ProofInputException: Could not find rule file rules/intRulesCheckedSemantics.key
	at de.uka.ilkd.key.proof.io.KeYFile.readIncludes(KeYFile.java:210)
	at de.uka.ilkd.key.proof.init.ProblemInitializer.readIncludes(ProblemInitializer.java:177)
	at de.uka.ilkd.key.proof.init.ProblemInitializer.readEnvInput(ProblemInitializer.java:325)
	at de.uka.ilkd.key.proof.init.ProblemInitializer.prepare(ProblemInitializer.java:449)
	at de.uka.ilkd.key.proof.io.AbstractProblemLoader.createInitConfig(AbstractProblemLoader.java:518)
	at de.uka.ilkd.key.proof.io.AbstractProblemLoader.loadEnvironment(AbstractProblemLoader.java:288)
	at de.uka.ilkd.key.proof.io.AbstractProblemLoader.load(AbstractProblemLoader.java:252)
	at de.uka.ilkd.key.control.AbstractUserInterfaceControl.load(AbstractUserInterfaceControl.java:209)
	... 7 more
Caused by: java.lang.RuntimeException: Could not find rule file rules/intRulesCheckedSemantics.key
	at de.uka.ilkd.key.proof.io.RuleSourceFactory.fromBuiltInRule(RuleSourceFactory.java:32)
	at de.uka.ilkd.key.proof.io.RuleSourceFactory.fromDefaultLocation(RuleSourceFactory.java:21)
	at de.uka.ilkd.key.nparser.builder.IncludeFinder.addInclude(IncludeFinder.java:63)
	at de.uka.ilkd.key.nparser.builder.IncludeFinder.visitOne_include(IncludeFinder.java:43)
	at de.uka.ilkd.key.nparser.builder.IncludeFinder.visitOne_include(IncludeFinder.java:20)
	at de.uka.ilkd.key.nparser.KeYParser$One_includeContext.accept(KeYParser.java:878)
	at de.uka.ilkd.key.nparser.builder.AbstractBuilder.lambda$mapOf$0(AbstractBuilder.java:112)
	at java.base/java.util.stream.ReferencePipeline$3$1.accept(ReferencePipeline.java:195)
	at java.base/java.util.ArrayList$ArrayListSpliterator.forEachRemaining(ArrayList.java:1655)
	at java.base/java.util.stream.AbstractPipeline.copyInto(AbstractPipeline.java:484)
	at java.base/java.util.stream.AbstractPipeline.wrapAndCopyInto(AbstractPipeline.java:474)
	at java.base/java.util.stream.ReduceOps$ReduceOp.evaluateSequential(ReduceOps.java:913)
	at java.base/java.util.stream.AbstractPipeline.evaluate(AbstractPipeline.java:234)
	at java.base/java.util.stream.ReferencePipeline.collect(ReferencePipeline.java:578)
	at de.uka.ilkd.key.nparser.builder.AbstractBuilder.mapOf(AbstractBuilder.java:112)
	at de.uka.ilkd.key.nparser.builder.IncludeFinder.visitOne_include_statement(IncludeFinder.java:35)
	at de.uka.ilkd.key.nparser.builder.IncludeFinder.visitOne_include_statement(IncludeFinder.java:20)
	at de.uka.ilkd.key.nparser.KeYParser$One_include_statementContext.accept(KeYParser.java:802)
	at org.antlr.v4.runtime.tree.AbstractParseTreeVisitor.visitChildren(AbstractParseTreeVisitor.java:46)
	at de.uka.ilkd.key.nparser.KeYParserBaseVisitor.visitDecls(KeYParserBaseVisitor.java:30)
	at de.uka.ilkd.key.nparser.KeYParser$DeclsContext.accept(KeYParser.java:500)
	at org.antlr.v4.runtime.tree.AbstractParseTreeVisitor.visitChildren(AbstractParseTreeVisitor.java:46)
	at de.uka.ilkd.key.nparser.KeYParserBaseVisitor.visitFile(KeYParserBaseVisitor.java:23)
	at de.uka.ilkd.key.nparser.KeYParser$FileContext.accept(KeYParser.java:306)
	at de.uka.ilkd.key.nparser.KeyAst.accept(KeyAst.java:41)
	at de.uka.ilkd.key.nparser.KeyAst$File.getIncludes(KeyAst.java:76)
	at de.uka.ilkd.key.proof.io.KeYFile.readIncludes(KeYFile.java:208)
	... 14 more
Could not find rule file rules/intRulesCheckedSemantics.key (file: /home/runner/work/key/key/key.core/../key.ui/examples/index/../InformationFlow/MethodContracts/contract.IFMethodContract(contract.IFMethodContract__secure_n6()).Non-interference contract.0.m.key; caused by: de.uka.ilkd.key.proof.init.ProofInputException: Could not find rule file rules/intRulesCheckedSemantics.key)
	at de.uka.ilkd.key.control.AbstractUserInterfaceControl.load(AbstractUserInterfaceControl.java:221)
	at de.uka.ilkd.key.control.KeYEnvironment.load(KeYEnvironment.java:251)
	at de.uka.ilkd.key.control.KeYEnvironment.load(KeYEnvironment.java:224)
	at de.uka.ilkd.key.control.KeYEnvironment.load(KeYEnvironment.java:184)
	at de.uka.ilkd.key.control.KeYEnvironment.load(KeYEnvironment.java:261)
	at de.uka.ilkd.key.proof.runallproofs.proofcollection.TestFile.load(TestFile.java:270)
	at de.uka.ilkd.key.proof.runallproofs.proofcollection.TestFile.runKey(TestFile.java:160)
	at de.uka.ilkd.key.proof.runallproofs.proofcollection.ForkedTestFileRunner.main(ForkedTestFileRunner.java:171)
Caused by: de.uka.ilkd.key.proof.init.ProofInputException: Could not find rule file rules/intRulesCheckedSemantics.key
	at de.uka.ilkd.key.proof.io.KeYFile.readIncludes(KeYFile.java:210)
	at de.uka.ilkd.key.proof.init.ProblemInitializer.readIncludes(ProblemInitializer.java:177)
	at de.uka.ilkd.key.proof.init.ProblemInitializer.readEnvInput(ProblemInitializer.java:325)
	at de.uka.ilkd.key.proof.init.ProblemInitializer.prepare(ProblemInitializer.java:449)
	at de.uka.ilkd.key.proof.io.AbstractProblemLoader.createInitConfig(AbstractProblemLoader.java:518)
	at de.uka.ilkd.key.proof.io.AbstractProblemLoader.loadEnvironment(AbstractProblemLoader.java:288)
	at de.uka.ilkd.key.proof.io.AbstractProblemLoader.load(AbstractProblemLoader.java:252)
	at de.uka.ilkd.key.control.AbstractUserInterfaceControl.load(AbstractUserInterfaceControl.java:209)
	... 7 more
Caused by: java.lang.RuntimeException: Could not find rule file rules/intRulesCheckedSemantics.key
	at de.uka.ilkd.key.proof.io.RuleSourceFactory.fromBuiltInRule(RuleSourceFactory.java:32)
	at de.uka.ilkd.key.proof.io.RuleSourceFactory.fromDefaultLocation(RuleSourceFactory.java:21)
	at de.uka.ilkd.key.nparser.builder.IncludeFinder.addInclude(IncludeFinder.java:63)
	at de.uka.ilkd.key.nparser.builder.IncludeFinder.visitOne_include(IncludeFinder.java:43)
	at de.uka.ilkd.key.nparser.builder.IncludeFinder.visitOne_include(IncludeFinder.java:20)
	at de.uka.ilkd.key.nparser.KeYParser$One_includeContext.accept(KeYParser.java:878)
	at de.uka.ilkd.key.nparser.builder.AbstractBuilder.lambda$mapOf$0(AbstractBuilder.java:112)
	at java.base/java.util.stream.ReferencePipeline$3$1.accept(ReferencePipeline.java:195)
	at java.base/java.util.ArrayList$ArrayListSpliterator.forEachRemaining(ArrayList.java:1655)
	at java.base/java.util.stream.AbstractPipeline.copyInto(AbstractPipeline.java:484)
	at java.base/java.util.stream.AbstractPipeline.wrapAndCopyInto(AbstractPipeline.java:474)
	at java.base/java.util.stream.ReduceOps$ReduceOp.evaluateSequential(ReduceOps.java:913)
	at java.base/java.util.stream.AbstractPipeline.evaluate(AbstractPipeline.java:234)
	at java.base/java.util.stream.ReferencePipeline.collect(ReferencePipeline.java:578)
	at de.uka.ilkd.key.nparser.builder.AbstractBuilder.mapOf(AbstractBuilder.java:112)
	at de.uka.ilkd.key.nparser.builder.IncludeFinder.visitOne_include_statement(IncludeFinder.java:35)
	at de.uka.ilkd.key.nparser.builder.IncludeFinder.visitOne_include_statement(IncludeFinder.java:20)
	at de.uka.ilkd.key.nparser.KeYParser$One_include_statementContext.accept(KeYParser.java:802)
	at org.antlr.v4.runtime.tree.AbstractParseTreeVisitor.visitChildren(AbstractParseTreeVisitor.java:46)
	at de.uka.ilkd.key.nparser.KeYParserBaseVisitor.visitDecls(KeYParserBaseVisitor.java:30)
	at de.uka.ilkd.key.nparser.KeYParser$DeclsContext.accept(KeYParser.java:500)
	at org.antlr.v4.runtime.tree.AbstractParseTreeVisitor.visitChildren(AbstractParseTreeVisitor.java:46)
	at de.uka.ilkd.key.nparser.KeYParserBaseVisitor.visitFile(KeYParserBaseVisitor.java:23)
	at de.uka.ilkd.key.nparser.KeYParser$FileContext.accept(KeYParser.java:306)
	at de.uka.ilkd.key.nparser.KeyAst.accept(KeyAst.java:41)
	at de.uka.ilkd.key.nparser.KeyAst$File.getIncludes(KeyAst.java:76)
	at de.uka.ilkd.key.proof.io.KeYFile.readIncludes(KeYFile.java:208)
	... 14 more
Could not find rule file rules/intRulesCheckedSemantics.key (file: /home/runner/work/key/key/key.core/../key.ui/examples/index/../InformationFlow/MethodContracts/contract.IFMethodContract(contract.IFMethodContract__secure_array_param((I,int)).Non-interference contract.0.m.key; caused by: de.uka.ilkd.key.proof.init.ProofInputException: Could not find rule file rules/intRulesCheckedSemantics.key)
	at de.uka.ilkd.key.control.AbstractUserInterfaceControl.load(AbstractUserInterfaceControl.java:221)
	at de.uka.ilkd.key.control.KeYEnvironment.load(KeYEnvironment.java:251)
	at de.uka.ilkd.key.control.KeYEnvironment.load(KeYEnvironment.java:224)
	at de.uka.ilkd.key.control.KeYEnvironment.load(KeYEnvironment.java:184)
	at de.uka.ilkd.key.control.KeYEnvironment.load(KeYEnvironment.java:261)
	at de.uka.ilkd.key.proof.runallproofs.proofcollection.TestFile.load(TestFile.java:270)
	at de.uka.ilkd.key.proof.runallproofs.proofcollection.TestFile.runKey(TestFile.java:160)
	at de.uka.ilkd.key.proof.runallproofs.proofcollection.ForkedTestFileRunner.main(ForkedTestFileRunner.java:171)
Caused by: de.uka.ilkd.key.proof.init.ProofInputException: Could not find rule file rules/intRulesCheckedSemantics.key
	at de.uka.ilkd.key.proof.io.KeYFile.readIncludes(KeYFile.java:210)
	at de.uka.ilkd.key.proof.init.ProblemInitializer.readIncludes(ProblemInitializer.java:177)
	at de.uka.ilkd.key.proof.init.ProblemInitializer.readEnvInput(ProblemInitializer.java:325)
	at de.uka.ilkd.key.proof.init.ProblemInitializer.prepare(ProblemInitializer.java:449)
	at de.uka.ilkd.key.proof.io.AbstractProblemLoader.createInitConfig(AbstractProblemLoader.java:518)
	at de.uka.ilkd.key.proof.io.AbstractProblemLoader.loadEnvironment(AbstractProblemLoader.java:288)
	at de.uka.ilkd.key.proof.io.AbstractProblemLoader.load(AbstractProblemLoader.java:252)
	at de.uka.ilkd.key.control.AbstractUserInterfaceControl.load(AbstractUserInterfaceControl.java:209)
	... 7 more
Caused by: java.lang.RuntimeException: Could not find rule file rules/intRulesCheckedSemantics.key
	at de.uka.ilkd.key.proof.io.RuleSourceFactory.fromBuiltInRule(RuleSourceFactory.java:32)
	at de.uka.ilkd.key.proof.io.RuleSourceFactory.fromDefaultLocation(RuleSourceFactory.java:21)
	at de.uka.ilkd.key.nparser.builder.IncludeFinder.addInclude(IncludeFinder.java:63)
	at de.uka.ilkd.key.nparser.builder.IncludeFinder.visitOne_include(IncludeFinder.java:43)
	at de.uka.ilkd.key.nparser.builder.IncludeFinder.visitOne_include(IncludeFinder.java:20)
	at de.uka.ilkd.key.nparser.KeYParser$One_includeContext.accept(KeYParser.java:878)
	at de.uka.ilkd.key.nparser.builder.AbstractBuilder.lambda$mapOf$0(AbstractBuilder.java:112)
	at java.base/java.util.stream.ReferencePipeline$3$1.accept(ReferencePipeline.java:195)
	at java.base/java.util.ArrayList$ArrayListSpliterator.forEachRemaining(ArrayList.java:1655)
	at java.base/java.util.stream.AbstractPipeline.copyInto(AbstractPipeline.java:484)
	at java.base/java.util.stream.AbstractPipeline.wrapAndCopyInto(AbstractPipeline.java:474)
	at java.base/java.util.stream.ReduceOps$ReduceOp.evaluateSequential(ReduceOps.java:913)
	at java.base/java.util.stream.AbstractPipeline.evaluate(AbstractPipeline.java:234)
	at java.base/java.util.stream.ReferencePipeline.collect(ReferencePipeline.java:578)
	at de.uka.ilkd.key.nparser.builder.AbstractBuilder.mapOf(AbstractBuilder.java:112)
	at de.uka.ilkd.key.nparser.builder.IncludeFinder.visitOne_include_statement(IncludeFinder.java:35)
	at de.uka.ilkd.key.nparser.builder.IncludeFinder.visitOne_include_statement(IncludeFinder.java:20)
	at de.uka.ilkd.key.nparser.KeYParser$One_include_statementContext.accept(KeYParser.java:802)
	at org.antlr.v4.runtime.tree.AbstractParseTreeVisitor.visitChildren(AbstractParseTreeVisitor.java:46)
	at de.uka.ilkd.key.nparser.KeYParserBaseVisitor.visitDecls(KeYParserBaseVisitor.java:30)
	at de.uka.ilkd.key.nparser.KeYParser$DeclsContext.accept(KeYParser.java:500)
	at org.antlr.v4.runtime.tree.AbstractParseTreeVisitor.visitChildren(AbstractParseTreeVisitor.java:46)
	at de.uka.ilkd.key.nparser.KeYParserBaseVisitor.visitFile(KeYParserBaseVisitor.java:23)
	at de.uka.ilkd.key.nparser.KeYParser$FileContext.accept(KeYParser.java:306)
	at de.uka.ilkd.key.nparser.KeyAst.accept(KeyAst.java:41)
	at de.uka.ilkd.key.nparser.KeyAst$File.getIncludes(KeyAst.java:76)
	at de.uka.ilkd.key.proof.io.KeYFile.readIncludes(KeYFile.java:208)
	... 14 more
Could not find rule file rules/intRulesCheckedSemantics.key (file: /home/runner/work/key/key/key.core/../key.ui/examples/index/../InformationFlow/MethodContracts/contract.IFMethodContract(contract.IFMethodContract__secure_assignment_0_n9()).Non-interference contract.0.m.key; caused by: de.uka.ilkd.key.proof.init.ProofInputException: Could not find rule file rules/intRulesCheckedSemantics.key)
	at de.uka.ilkd.key.control.AbstractUserInterfaceControl.load(AbstractUserInterfaceControl.java:221)
	at de.uka.ilkd.key.control.KeYEnvironment.load(KeYEnvironment.java:251)
	at de.uka.ilkd.key.control.KeYEnvironment.load(KeYEnvironment.java:224)
	at de.uka.ilkd.key.control.KeYEnvironment.load(KeYEnvironment.java:184)
	at de.uka.ilkd.key.control.KeYEnvironment.load(KeYEnvironment.java:261)
	at de.uka.ilkd.key.proof.runallproofs.proofcollection.TestFile.load(TestFile.java:270)
	at de.uka.ilkd.key.proof.runallproofs.proofcollection.TestFile.runKey(TestFile.java:160)
	at de.uka.ilkd.key.proof.runallproofs.proofcollection.ForkedTestFileRunner.main(ForkedTestFileRunner.java:171)
Caused by: de.uka.ilkd.key.proof.init.ProofInputException: Could not find rule file rules/intRulesCheckedSemantics.key
	at de.uka.ilkd.key.proof.io.KeYFile.readIncludes(KeYFile.java:210)
	at de.uka.ilkd.key.proof.init.ProblemInitializer.readIncludes(ProblemInitializer.java:177)
	at de.uka.ilkd.key.proof.init.ProblemInitializer.readEnvInput(ProblemInitializer.java:325)
	at de.uka.ilkd.key.proof.init.ProblemInitializer.prepare(ProblemInitializer.java:449)
	at de.uka.ilkd.key.proof.io.AbstractProblemLoader.createInitConfig(AbstractProblemLoader.java:518)
	at de.uka.ilkd.key.proof.io.AbstractProblemLoader.loadEnvironment(AbstractProblemLoader.java:288)
	at de.uka.ilkd.key.proof.io.AbstractProblemLoader.load(AbstractProblemLoader.java:252)
	at de.uka.ilkd.key.control.AbstractUserInterfaceControl.load(AbstractUserInterfaceControl.java:209)
	... 7 more
Caused by: java.lang.RuntimeException: Could not find rule file rules/intRulesCheckedSemantics.key
	at de.uka.ilkd.key.proof.io.RuleSourceFactory.fromBuiltInRule(RuleSourceFactory.java:32)
	at de.uka.ilkd.key.proof.io.RuleSourceFactory.fromDefaultLocation(RuleSourceFactory.java:21)
	at de.uka.ilkd.key.nparser.builder.IncludeFinder.addInclude(IncludeFinder.java:63)
	at de.uka.ilkd.key.nparser.builder.IncludeFinder.visitOne_include(IncludeFinder.java:43)
	at de.uka.ilkd.key.nparser.builder.IncludeFinder.visitOne_include(IncludeFinder.java:20)
	at de.uka.ilkd.key.nparser.KeYParser$One_includeContext.accept(KeYParser.java:878)
	at de.uka.ilkd.key.nparser.builder.AbstractBuilder.lambda$mapOf$0(AbstractBuilder.java:112)
	at java.base/java.util.stream.ReferencePipeline$3$1.accept(ReferencePipeline.java:195)
	at java.base/java.util.ArrayList$ArrayListSpliterator.forEachRemaining(ArrayList.java:1655)
	at java.base/java.util.stream.AbstractPipeline.copyInto(AbstractPipeline.java:484)
	at java.base/java.util.stream.AbstractPipeline.wrapAndCopyInto(AbstractPipeline.java:474)
	at java.base/java.util.stream.ReduceOps$ReduceOp.evaluateSequential(ReduceOps.java:913)
	at java.base/java.util.stream.AbstractPipeline.evaluate(AbstractPipeline.java:234)
	at java.base/java.util.stream.ReferencePipeline.collect(ReferencePipeline.java:578)
	at de.uka.ilkd.key.nparser.builder.AbstractBuilder.mapOf(AbstractBuilder.java:112)
	at de.uka.ilkd.key.nparser.builder.IncludeFinder.visitOne_include_statement(IncludeFinder.java:35)
	at de.uka.ilkd.key.nparser.builder.IncludeFinder.visitOne_include_statement(IncludeFinder.java:20)
	at de.uka.ilkd.key.nparser.KeYParser$One_include_statementContext.accept(KeYParser.java:802)
	at org.antlr.v4.runtime.tree.AbstractParseTreeVisitor.visitChildren(AbstractParseTreeVisitor.java:46)
	at de.uka.ilkd.key.nparser.KeYParserBaseVisitor.visitDecls(KeYParserBaseVisitor.java:30)
	at de.uka.ilkd.key.nparser.KeYParser$DeclsContext.accept(KeYParser.java:500)
	at org.antlr.v4.runtime.tree.AbstractParseTreeVisitor.visitChildren(AbstractParseTreeVisitor.java:46)
	at de.uka.ilkd.key.nparser.KeYParserBaseVisitor.visitFile(KeYParserBaseVisitor.java:23)
	at de.uka.ilkd.key.nparser.KeYParser$FileContext.accept(KeYParser.java:306)
	at de.uka.ilkd.key.nparser.KeyAst.accept(KeyAst.java:41)
	at de.uka.ilkd.key.nparser.KeyAst$File.getIncludes(KeyAst.java:76)
	at de.uka.ilkd.key.proof.io.KeYFile.readIncludes(KeYFile.java:208)
	... 14 more
Could not find rule file rules/intRulesCheckedSemantics.key (file: /home/runner/work/key/key/key.core/../key.ui/examples/index/../InformationFlow/MethodContracts/contract.IFMethodContract(contract.IFMethodContract__insecure_if_high_n5_n1()).Non-interference contract.0.m.key; caused by: de.uka.ilkd.key.proof.init.ProofInputException: Could not find rule file rules/intRulesCheckedSemantics.key)
	at de.uka.ilkd.key.control.AbstractUserInterfaceControl.load(AbstractUserInterfaceControl.java:221)
	at de.uka.ilkd.key.control.KeYEnvironment.load(KeYEnvironment.java:251)
	at de.uka.ilkd.key.control.KeYEnvironment.load(KeYEnvironment.java:224)
	at de.uka.ilkd.key.control.KeYEnvironment.load(KeYEnvironment.java:184)
	at de.uka.ilkd.key.control.KeYEnvironment.load(KeYEnvironment.java:261)
	at de.uka.ilkd.key.proof.runallproofs.proofcollection.TestFile.load(TestFile.java:270)
	at de.uka.ilkd.key.proof.runallproofs.proofcollection.TestFile.runKey(TestFile.java:160)
	at de.uka.ilkd.key.proof.runallproofs.proofcollection.ForkedTestFileRunner.main(ForkedTestFileRunner.java:171)
Caused by: de.uka.ilkd.key.proof.init.ProofInputException: Could not find rule file rules/intRulesCheckedSemantics.key
	at de.uka.ilkd.key.proof.io.KeYFile.readIncludes(KeYFile.java:210)
	at de.uka.ilkd.key.proof.init.ProblemInitializer.readIncludes(ProblemInitializer.java:177)
	at de.uka.ilkd.key.proof.init.ProblemInitializer.readEnvInput(ProblemInitializer.java:325)
	at de.uka.ilkd.key.proof.init.ProblemInitializer.prepare(ProblemInitializer.java:449)
	at de.uka.ilkd.key.proof.io.AbstractProblemLoader.createInitConfig(AbstractProblemLoader.java:518)
	at de.uka.ilkd.key.proof.io.AbstractProblemLoader.loadEnvironment(AbstractProblemLoader.java:288)
	at de.uka.ilkd.key.proof.io.AbstractProblemLoader.load(AbstractProblemLoader.java:252)
	at de.uka.ilkd.key.control.AbstractUserInterfaceControl.load(AbstractUserInterfaceControl.java:209)
	... 7 more
Caused by: java.lang.RuntimeException: Could not find rule file rules/intRulesCheckedSemantics.key
	at de.uka.ilkd.key.proof.io.RuleSourceFactory.fromBuiltInRule(RuleSourceFactory.java:32)
	at de.uka.ilkd.key.proof.io.RuleSourceFactory.fromDefaultLocation(RuleSourceFactory.java:21)
	at de.uka.ilkd.key.nparser.builder.IncludeFinder.addInclude(IncludeFinder.java:63)
	at de.uka.ilkd.key.nparser.builder.IncludeFinder.visitOne_include(IncludeFinder.java:43)
	at de.uka.ilkd.key.nparser.builder.IncludeFinder.visitOne_include(IncludeFinder.java:20)
	at de.uka.ilkd.key.nparser.KeYParser$One_includeContext.accept(KeYParser.java:878)
	at de.uka.ilkd.key.nparser.builder.AbstractBuilder.lambda$mapOf$0(AbstractBuilder.java:112)
	at java.base/java.util.stream.ReferencePipeline$3$1.accept(ReferencePipeline.java:195)
	at java.base/java.util.ArrayList$ArrayListSpliterator.forEachRemaining(ArrayList.java:1655)
	at java.base/java.util.stream.AbstractPipeline.copyInto(AbstractPipeline.java:484)
	at java.base/java.util.stream.AbstractPipeline.wrapAndCopyInto(AbstractPipeline.java:474)
	at java.base/java.util.stream.ReduceOps$ReduceOp.evaluateSequential(ReduceOps.java:913)
	at java.base/java.util.stream.AbstractPipeline.evaluate(AbstractPipeline.java:234)
	at java.base/java.util.stream.ReferencePipeline.collect(ReferencePipeline.java:578)
	at de.uka.ilkd.key.nparser.builder.AbstractBuilder.mapOf(AbstractBuilder.java:112)
	at de.uka.ilkd.key.nparser.builder.IncludeFinder.visitOne_include_statement(IncludeFinder.java:35)
	at de.uka.ilkd.key.nparser.builder.IncludeFinder.visitOne_include_statement(IncludeFinder.java:20)
	at de.uka.ilkd.key.nparser.KeYParser$One_include_statementContext.accept(KeYParser.java:802)
	at org.antlr.v4.runtime.tree.AbstractParseTreeVisitor.visitChildren(AbstractParseTreeVisitor.java:46)
	at de.uka.ilkd.key.nparser.KeYParserBaseVisitor.visitDecls(KeYParserBaseVisitor.java:30)
	at de.uka.ilkd.key.nparser.KeYParser$DeclsContext.accept(KeYParser.java:500)
	at org.antlr.v4.runtime.tree.AbstractParseTreeVisitor.visitChildren(AbstractParseTreeVisitor.java:46)
	at de.uka.ilkd.key.nparser.KeYParserBaseVisitor.visitFile(KeYParserBaseVisitor.java:23)
	at de.uka.ilkd.key.nparser.KeYParser$FileContext.accept(KeYParser.java:306)
	at de.uka.ilkd.key.nparser.KeyAst.accept(KeyAst.java:41)
	at de.uka.ilkd.key.nparser.KeyAst$File.getIncludes(KeyAst.java:76)
	at de.uka.ilkd.key.proof.io.KeYFile.readIncludes(KeYFile.java:208)
	... 14 more
Could not find rule file rules/intRulesCheckedSemantics.key (file: /home/runner/work/key/key/key.core/../key.ui/examples/index/../InformationFlow/MethodContracts/contract.IFMethodContract(contract.IFMethodContract__n5(int)).Non-interference contract.0.m.key; caused by: de.uka.ilkd.key.proof.init.ProofInputException: Could not find rule file rules/intRulesCheckedSemantics.key)
	at de.uka.ilkd.key.control.AbstractUserInterfaceControl.load(AbstractUserInterfaceControl.java:221)
	at de.uka.ilkd.key.control.KeYEnvironment.load(KeYEnvironment.java:251)
	at de.uka.ilkd.key.control.KeYEnvironment.load(KeYEnvironment.java:224)
	at de.uka.ilkd.key.control.KeYEnvironment.load(KeYEnvironment.java:184)
	at de.uka.ilkd.key.control.KeYEnvironment.load(KeYEnvironment.java:261)
	at de.uka.ilkd.key.proof.runallproofs.proofcollection.TestFile.load(TestFile.java:270)
	at de.uka.ilkd.key.proof.runallproofs.proofcollection.TestFile.runKey(TestFile.java:160)
	at de.uka.ilkd.key.proof.runallproofs.proofcollection.ForkedTestFileRunner.main(ForkedTestFileRunner.java:171)
Caused by: de.uka.ilkd.key.proof.init.ProofInputException: Could not find rule file rules/intRulesCheckedSemantics.key
	at de.uka.ilkd.key.proof.io.KeYFile.readIncludes(KeYFile.java:210)
	at de.uka.ilkd.key.proof.init.ProblemInitializer.readIncludes(ProblemInitializer.java:177)
	at de.uka.ilkd.key.proof.init.ProblemInitializer.readEnvInput(ProblemInitializer.java:325)
	at de.uka.ilkd.key.proof.init.ProblemInitializer.prepare(ProblemInitializer.java:449)
	at de.uka.ilkd.key.proof.io.AbstractProblemLoader.createInitConfig(AbstractProblemLoader.java:518)
	at de.uka.ilkd.key.proof.io.AbstractProblemLoader.loadEnvironment(AbstractProblemLoader.java:288)
	at de.uka.ilkd.key.proof.io.AbstractProblemLoader.load(AbstractProblemLoader.java:252)
	at de.uka.ilkd.key.control.AbstractUserInterfaceControl.load(AbstractUserInterfaceControl.java:209)
	... 7 more
Caused by: java.lang.RuntimeException: Could not find rule file rules/intRulesCheckedSemantics.key
	at de.uka.ilkd.key.proof.io.RuleSourceFactory.fromBuiltInRule(RuleSourceFactory.java:32)
	at de.uka.ilkd.key.proof.io.RuleSourceFactory.fromDefaultLocation(RuleSourceFactory.java:21)
	at de.uka.ilkd.key.nparser.builder.IncludeFinder.addInclude(IncludeFinder.java:63)
	at de.uka.ilkd.key.nparser.builder.IncludeFinder.visitOne_include(IncludeFinder.java:43)
	at de.uka.ilkd.key.nparser.builder.IncludeFinder.visitOne_include(IncludeFinder.java:20)
	at de.uka.ilkd.key.nparser.KeYParser$One_includeContext.accept(KeYParser.java:878)
	at de.uka.ilkd.key.nparser.builder.AbstractBuilder.lambda$mapOf$0(AbstractBuilder.java:112)
	at java.base/java.util.stream.ReferencePipeline$3$1.accept(ReferencePipeline.java:195)
	at java.base/java.util.ArrayList$ArrayListSpliterator.forEachRemaining(ArrayList.java:1655)
	at java.base/java.util.stream.AbstractPipeline.copyInto(AbstractPipeline.java:484)
	at java.base/java.util.stream.AbstractPipeline.wrapAndCopyInto(AbstractPipeline.java:474)
	at java.base/java.util.stream.ReduceOps$ReduceOp.evaluateSequential(ReduceOps.java:913)
	at java.base/java.util.stream.AbstractPipeline.evaluate(AbstractPipeline.java:234)
	at java.base/java.util.stream.ReferencePipeline.collect(ReferencePipeline.java:578)
	at de.uka.ilkd.key.nparser.builder.AbstractBuilder.mapOf(AbstractBuilder.java:112)
	at de.uka.ilkd.key.nparser.builder.IncludeFinder.visitOne_include_statement(IncludeFinder.java:35)
	at de.uka.ilkd.key.nparser.builder.IncludeFinder.visitOne_include_statement(IncludeFinder.java:20)
	at de.uka.ilkd.key.nparser.KeYParser$One_include_statementContext.accept(KeYParser.java:802)
	at org.antlr.v4.runtime.tree.AbstractParseTreeVisitor.visitChildren(AbstractParseTreeVisitor.java:46)
	at de.uka.ilkd.key.nparser.KeYParserBaseVisitor.visitDecls(KeYParserBaseVisitor.java:30)
	at de.uka.ilkd.key.nparser.KeYParser$DeclsContext.accept(KeYParser.java:500)
	at org.antlr.v4.runtime.tree.AbstractParseTreeVisitor.visitChildren(AbstractParseTreeVisitor.java:46)
	at de.uka.ilkd.key.nparser.KeYParserBaseVisitor.visitFile(KeYParserBaseVisitor.java:23)
	at de.uka.ilkd.key.nparser.KeYParser$FileContext.accept(KeYParser.java:306)
	at de.uka.ilkd.key.nparser.KeyAst.accept(KeyAst.java:41)
	at de.uka.ilkd.key.nparser.KeyAst$File.getIncludes(KeyAst.java:76)
	at de.uka.ilkd.key.proof.io.KeYFile.readIncludes(KeYFile.java:208)
	... 14 more
Could not find rule file rules/intRulesCheckedSemantics.key (file: /home/runner/work/key/key/key.core/../key.ui/examples/index/../InformationFlow/MethodContracts/contract.IFMethodContract(contract.IFMethodContract__secure_if_high_n5_n1()).Non-interference contract.0.m.key; caused by: de.uka.ilkd.key.proof.init.ProofInputException: Could not find rule file rules/intRulesCheckedSemantics.key)
	at de.uka.ilkd.key.control.AbstractUserInterfaceControl.load(AbstractUserInterfaceControl.java:221)
	at de.uka.ilkd.key.control.KeYEnvironment.load(KeYEnvironment.java:251)
	at de.uka.ilkd.key.control.KeYEnvironment.load(KeYEnvironment.java:224)
	at de.uka.ilkd.key.control.KeYEnvironment.load(KeYEnvironment.java:184)
	at de.uka.ilkd.key.control.KeYEnvironment.load(KeYEnvironment.java:261)
	at de.uka.ilkd.key.proof.runallproofs.proofcollection.TestFile.load(TestFile.java:270)
	at de.uka.ilkd.key.proof.runallproofs.proofcollection.TestFile.runKey(TestFile.java:160)
	at de.uka.ilkd.key.proof.runallproofs.proofcollection.ForkedTestFileRunner.main(ForkedTestFileRunner.java:171)
Caused by: de.uka.ilkd.key.proof.init.ProofInputException: Could not find rule file rules/intRulesCheckedSemantics.key
	at de.uka.ilkd.key.proof.io.KeYFile.readIncludes(KeYFile.java:210)
	at de.uka.ilkd.key.proof.init.ProblemInitializer.readIncludes(ProblemInitializer.java:177)
	at de.uka.ilkd.key.proof.init.ProblemInitializer.readEnvInput(ProblemInitializer.java:325)
	at de.uka.ilkd.key.proof.init.ProblemInitializer.prepare(ProblemInitializer.java:449)
	at de.uka.ilkd.key.proof.io.AbstractProblemLoader.createInitConfig(AbstractProblemLoader.java:518)
	at de.uka.ilkd.key.proof.io.AbstractProblemLoader.loadEnvironment(AbstractProblemLoader.java:288)
	at de.uka.ilkd.key.proof.io.AbstractProblemLoader.load(AbstractProblemLoader.java:252)
	at de.uka.ilkd.key.control.AbstractUserInterfaceControl.load(AbstractUserInterfaceControl.java:209)
	... 7 more
Caused by: java.lang.RuntimeException: Could not find rule file rules/intRulesCheckedSemantics.key
	at de.uka.ilkd.key.proof.io.RuleSourceFactory.fromBuiltInRule(RuleSourceFactory.java:32)
	at de.uka.ilkd.key.proof.io.RuleSourceFactory.fromDefaultLocation(RuleSourceFactory.java:21)
	at de.uka.ilkd.key.nparser.builder.IncludeFinder.addInclude(IncludeFinder.java:63)
	at de.uka.ilkd.key.nparser.builder.IncludeFinder.visitOne_include(IncludeFinder.java:43)
	at de.uka.ilkd.key.nparser.builder.IncludeFinder.visitOne_include(IncludeFinder.java:20)
	at de.uka.ilkd.key.nparser.KeYParser$One_includeContext.accept(KeYParser.java:878)
	at de.uka.ilkd.key.nparser.builder.AbstractBuilder.lambda$mapOf$0(AbstractBuilder.java:112)
	at java.base/java.util.stream.ReferencePipeline$3$1.accept(ReferencePipeline.java:195)
	at java.base/java.util.ArrayList$ArrayListSpliterator.forEachRemaining(ArrayList.java:1655)
	at java.base/java.util.stream.AbstractPipeline.copyInto(AbstractPipeline.java:484)
	at java.base/java.util.stream.AbstractPipeline.wrapAndCopyInto(AbstractPipeline.java:474)
	at java.base/java.util.stream.ReduceOps$ReduceOp.evaluateSequential(ReduceOps.java:913)
	at java.base/java.util.stream.AbstractPipeline.evaluate(AbstractPipeline.java:234)
	at java.base/java.util.stream.ReferencePipeline.collect(ReferencePipeline.java:578)
	at de.uka.ilkd.key.nparser.builder.AbstractBuilder.mapOf(AbstractBuilder.java:112)
	at de.uka.ilkd.key.nparser.builder.IncludeFinder.visitOne_include_statement(IncludeFinder.java:35)
	at de.uka.ilkd.key.nparser.builder.IncludeFinder.visitOne_include_statement(IncludeFinder.java:20)
	at de.uka.ilkd.key.nparser.KeYParser$One_include_statementContext.accept(KeYParser.java:802)
	at org.antlr.v4.runtime.tree.AbstractParseTreeVisitor.visitChildren(AbstractParseTreeVisitor.java:46)
	at de.uka.ilkd.key.nparser.KeYParserBaseVisitor.visitDecls(KeYParserBaseVisitor.java:30)
	at de.uka.ilkd.key.nparser.KeYParser$DeclsContext.accept(KeYParser.java:500)
	at org.antlr.v4.runtime.tree.AbstractParseTreeVisitor.visitChildren(AbstractParseTreeVisitor.java:46)
	at de.uka.ilkd.key.nparser.KeYParserBaseVisitor.visitFile(KeYParserBaseVisitor.java:23)
	at de.uka.ilkd.key.nparser.KeYParser$FileContext.accept(KeYParser.java:306)
	at de.uka.ilkd.key.nparser.KeyAst.accept(KeyAst.java:41)
	at de.uka.ilkd.key.nparser.KeyAst$File.getIncludes(KeyAst.java:76)
	at de.uka.ilkd.key.proof.io.KeYFile.readIncludes(KeYFile.java:208)
	... 14 more
Could not find rule file rules/intRulesCheckedSemantics.key (file: /home/runner/work/key/key/key.core/../key.ui/examples/index/../InformationFlow/MethodContracts/contract.IFMethodContract(contract.IFMethodContract__secure_if_high_n1()).Non-interference contract.0.m.key; caused by: de.uka.ilkd.key.proof.init.ProofInputException: Could not find rule file rules/intRulesCheckedSemantics.key)
	at de.uka.ilkd.key.control.AbstractUserInterfaceControl.load(AbstractUserInterfaceControl.java:221)
	at de.uka.ilkd.key.control.KeYEnvironment.load(KeYEnvironment.java:251)
	at de.uka.ilkd.key.control.KeYEnvironment.load(KeYEnvironment.java:224)
	at de.uka.ilkd.key.control.KeYEnvironment.load(KeYEnvironment.java:184)
	at de.uka.ilkd.key.control.KeYEnvironment.load(KeYEnvironment.java:261)
	at de.uka.ilkd.key.proof.runallproofs.proofcollection.TestFile.load(TestFile.java:270)
	at de.uka.ilkd.key.proof.runallproofs.proofcollection.TestFile.runKey(TestFile.java:160)
	at de.uka.ilkd.key.proof.runallproofs.proofcollection.ForkedTestFileRunner.main(ForkedTestFileRunner.java:171)
Caused by: de.uka.ilkd.key.proof.init.ProofInputException: Could not find rule file rules/intRulesCheckedSemantics.key
	at de.uka.ilkd.key.proof.io.KeYFile.readIncludes(KeYFile.java:210)
	at de.uka.ilkd.key.proof.init.ProblemInitializer.readIncludes(ProblemInitializer.java:177)
	at de.uka.ilkd.key.proof.init.ProblemInitializer.readEnvInput(ProblemInitializer.java:325)
	at de.uka.ilkd.key.proof.init.ProblemInitializer.prepare(ProblemInitializer.java:449)
	at de.uka.ilkd.key.proof.io.AbstractProblemLoader.createInitConfig(AbstractProblemLoader.java:518)
	at de.uka.ilkd.key.proof.io.AbstractProblemLoader.loadEnvironment(AbstractProblemLoader.java:288)
	at de.uka.ilkd.key.proof.io.AbstractProblemLoader.load(AbstractProblemLoader.java:252)
	at de.uka.ilkd.key.control.AbstractUserInterfaceControl.load(AbstractUserInterfaceControl.java:209)
	... 7 more
Caused by: java.lang.RuntimeException: Could not find rule file rules/intRulesCheckedSemantics.key
	at de.uka.ilkd.key.proof.io.RuleSourceFactory.fromBuiltInRule(RuleSourceFactory.java:32)
	at de.uka.ilkd.key.proof.io.RuleSourceFactory.fromDefaultLocation(RuleSourceFactory.java:21)
	at de.uka.ilkd.key.nparser.builder.IncludeFinder.addInclude(IncludeFinder.java:63)
	at de.uka.ilkd.key.nparser.builder.IncludeFinder.visitOne_include(IncludeFinder.java:43)
	at de.uka.ilkd.key.nparser.builder.IncludeFinder.visitOne_include(IncludeFinder.java:20)
	at de.uka.ilkd.key.nparser.KeYParser$One_includeContext.accept(KeYParser.java:878)
	at de.uka.ilkd.key.nparser.builder.AbstractBuilder.lambda$mapOf$0(AbstractBuilder.java:112)
	at java.base/java.util.stream.ReferencePipeline$3$1.accept(ReferencePipeline.java:195)
	at java.base/java.util.ArrayList$ArrayListSpliterator.forEachRemaining(ArrayList.java:1655)
	at java.base/java.util.stream.AbstractPipeline.copyInto(AbstractPipeline.java:484)
	at java.base/java.util.stream.AbstractPipeline.wrapAndCopyInto(AbstractPipeline.java:474)
	at java.base/java.util.stream.ReduceOps$ReduceOp.evaluateSequential(ReduceOps.java:913)
	at java.base/java.util.stream.AbstractPipeline.evaluate(AbstractPipeline.java:234)
	at java.base/java.util.stream.ReferencePipeline.collect(ReferencePipeline.java:578)
	at de.uka.ilkd.key.nparser.builder.AbstractBuilder.mapOf(AbstractBuilder.java:112)
	at de.uka.ilkd.key.nparser.builder.IncludeFinder.visitOne_include_statement(IncludeFinder.java:35)
	at de.uka.ilkd.key.nparser.builder.IncludeFinder.visitOne_include_statement(IncludeFinder.java:20)
	at de.uka.ilkd.key.nparser.KeYParser$One_include_statementContext.accept(KeYParser.java:802)
	at org.antlr.v4.runtime.tree.AbstractParseTreeVisitor.visitChildren(AbstractParseTreeVisitor.java:46)
	at de.uka.ilkd.key.nparser.KeYParserBaseVisitor.visitDecls(KeYParserBaseVisitor.java:30)
	at de.uka.ilkd.key.nparser.KeYParser$DeclsContext.accept(KeYParser.java:500)
	at org.antlr.v4.runtime.tree.AbstractParseTreeVisitor.visitChildren(AbstractParseTreeVisitor.java:46)
	at de.uka.ilkd.key.nparser.KeYParserBaseVisitor.visitFile(KeYParserBaseVisitor.java:23)
	at de.uka.ilkd.key.nparser.KeYParser$FileContext.accept(KeYParser.java:306)
	at de.uka.ilkd.key.nparser.KeyAst.accept(KeyAst.java:41)
	at de.uka.ilkd.key.nparser.KeyAst$File.getIncludes(KeyAst.java:76)
	at de.uka.ilkd.key.proof.io.KeYFile.readIncludes(KeYFile.java:208)
	... 14 more
Could not find rule file rules/intRulesCheckedSemantics.key (file: /home/runner/work/key/key/key.core/../key.ui/examples/index/../InformationFlow/MethodContracts/contract.IFMethodContract(contract.IFMethodContract__secure_n5()).Non-interference contract.0.m.key; caused by: de.uka.ilkd.key.proof.init.ProofInputException: Could not find rule file rules/intRulesCheckedSemantics.key)
	at de.uka.ilkd.key.control.AbstractUserInterfaceControl.load(AbstractUserInterfaceControl.java:221)
	at de.uka.ilkd.key.control.KeYEnvironment.load(KeYEnvironment.java:251)
	at de.uka.ilkd.key.control.KeYEnvironment.load(KeYEnvironment.java:224)
	at de.uka.ilkd.key.control.KeYEnvironment.load(KeYEnvironment.java:184)
	at de.uka.ilkd.key.control.KeYEnvironment.load(KeYEnvironment.java:261)
	at de.uka.ilkd.key.proof.runallproofs.proofcollection.TestFile.load(TestFile.java:270)
	at de.uka.ilkd.key.proof.runallproofs.proofcollection.TestFile.runKey(TestFile.java:160)
	at de.uka.ilkd.key.proof.runallproofs.proofcollection.ForkedTestFileRunner.main(ForkedTestFileRunner.java:171)
Caused by: de.uka.ilkd.key.proof.init.ProofInputException: Could not find rule file rules/intRulesCheckedSemantics.key
	at de.uka.ilkd.key.proof.io.KeYFile.readIncludes(KeYFile.java:210)
	at de.uka.ilkd.key.proof.init.ProblemInitializer.readIncludes(ProblemInitializer.java:177)
	at de.uka.ilkd.key.proof.init.ProblemInitializer.readEnvInput(ProblemInitializer.java:325)
	at de.uka.ilkd.key.proof.init.ProblemInitializer.prepare(ProblemInitializer.java:449)
	at de.uka.ilkd.key.proof.io.AbstractProblemLoader.createInitConfig(AbstractProblemLoader.java:518)
	at de.uka.ilkd.key.proof.io.AbstractProblemLoader.loadEnvironment(AbstractProblemLoader.java:288)
	at de.uka.ilkd.key.proof.io.AbstractProblemLoader.load(AbstractProblemLoader.java:252)
	at de.uka.ilkd.key.control.AbstractUserInterfaceControl.load(AbstractUserInterfaceControl.java:209)
	... 7 more
Caused by: java.lang.RuntimeException: Could not find rule file rules/intRulesCheckedSemantics.key
	at de.uka.ilkd.key.proof.io.RuleSourceFactory.fromBuiltInRule(RuleSourceFactory.java:32)
	at de.uka.ilkd.key.proof.io.RuleSourceFactory.fromDefaultLocation(RuleSourceFactory.java:21)
	at de.uka.ilkd.key.nparser.builder.IncludeFinder.addInclude(IncludeFinder.java:63)
	at de.uka.ilkd.key.nparser.builder.IncludeFinder.visitOne_include(IncludeFinder.java:43)
	at de.uka.ilkd.key.nparser.builder.IncludeFinder.visitOne_include(IncludeFinder.java:20)
	at de.uka.ilkd.key.nparser.KeYParser$One_includeContext.accept(KeYParser.java:878)
	at de.uka.ilkd.key.nparser.builder.AbstractBuilder.lambda$mapOf$0(AbstractBuilder.java:112)
	at java.base/java.util.stream.ReferencePipeline$3$1.accept(ReferencePipeline.java:195)
	at java.base/java.util.ArrayList$ArrayListSpliterator.forEachRemaining(ArrayList.java:1655)
	at java.base/java.util.stream.AbstractPipeline.copyInto(AbstractPipeline.java:484)
	at java.base/java.util.stream.AbstractPipeline.wrapAndCopyInto(AbstractPipeline.java:474)
	at java.base/java.util.stream.ReduceOps$ReduceOp.evaluateSequential(ReduceOps.java:913)
	at java.base/java.util.stream.AbstractPipeline.evaluate(AbstractPipeline.java:234)
	at java.base/java.util.stream.ReferencePipeline.collect(ReferencePipeline.java:578)
	at de.uka.ilkd.key.nparser.builder.AbstractBuilder.mapOf(AbstractBuilder.java:112)
	at de.uka.ilkd.key.nparser.builder.IncludeFinder.visitOne_include_statement(IncludeFinder.java:35)
	at de.uka.ilkd.key.nparser.builder.IncludeFinder.visitOne_include_statement(IncludeFinder.java:20)
	at de.uka.ilkd.key.nparser.KeYParser$One_include_statementContext.accept(KeYParser.java:802)
	at org.antlr.v4.runtime.tree.AbstractParseTreeVisitor.visitChildren(AbstractParseTreeVisitor.java:46)
	at de.uka.ilkd.key.nparser.KeYParserBaseVisitor.visitDecls(KeYParserBaseVisitor.java:30)
	at de.uka.ilkd.key.nparser.KeYParser$DeclsContext.accept(KeYParser.java:500)
	at org.antlr.v4.runtime.tree.AbstractParseTreeVisitor.visitChildren(AbstractParseTreeVisitor.java:46)
	at de.uka.ilkd.key.nparser.KeYParserBaseVisitor.visitFile(KeYParserBaseVisitor.java:23)
	at de.uka.ilkd.key.nparser.KeYParser$FileContext.accept(KeYParser.java:306)
	at de.uka.ilkd.key.nparser.KeyAst.accept(KeyAst.java:41)
	at de.uka.ilkd.key.nparser.KeyAst$File.getIncludes(KeyAst.java:76)
	at de.uka.ilkd.key.proof.io.KeYFile.readIncludes(KeYFile.java:208)
	... 14 more
Could not find rule file rules/intRulesCheckedSemantics.key (file: /home/runner/work/key/key/key.core/../key.ui/examples/index/../InformationFlow/MethodContracts/contract.IFMethodContract(contract.IFMethodContract__n4()).Non-interference contract.0.m.key; caused by: de.uka.ilkd.key.proof.init.ProofInputException: Could not find rule file rules/intRulesCheckedSemantics.key)
	at de.uka.ilkd.key.control.AbstractUserInterfaceControl.load(AbstractUserInterfaceControl.java:221)
	at de.uka.ilkd.key.control.KeYEnvironment.load(KeYEnvironment.java:251)
	at de.uka.ilkd.key.control.KeYEnvironment.load(KeYEnvironment.java:224)
	at de.uka.ilkd.key.control.KeYEnvironment.load(KeYEnvironment.java:184)
	at de.uka.ilkd.key.control.KeYEnvironment.load(KeYEnvironment.java:261)
	at de.uka.ilkd.key.proof.runallproofs.proofcollection.TestFile.load(TestFile.java:270)
	at de.uka.ilkd.key.proof.runallproofs.proofcollection.TestFile.runKey(TestFile.java:160)
	at de.uka.ilkd.key.proof.runallproofs.proofcollection.ForkedTestFileRunner.main(ForkedTestFileRunner.java:171)
Caused by: de.uka.ilkd.key.proof.init.ProofInputException: Could not find rule file rules/intRulesCheckedSemantics.key
	at de.uka.ilkd.key.proof.io.KeYFile.readIncludes(KeYFile.java:210)
	at de.uka.ilkd.key.proof.init.ProblemInitializer.readIncludes(ProblemInitializer.java:177)
	at de.uka.ilkd.key.proof.init.ProblemInitializer.readEnvInput(ProblemInitializer.java:325)
	at de.uka.ilkd.key.proof.init.ProblemInitializer.prepare(ProblemInitializer.java:449)
	at de.uka.ilkd.key.proof.io.AbstractProblemLoader.createInitConfig(AbstractProblemLoader.java:518)
	at de.uka.ilkd.key.proof.io.AbstractProblemLoader.loadEnvironment(AbstractProblemLoader.java:288)
	at de.uka.ilkd.key.proof.io.AbstractProblemLoader.load(AbstractProblemLoader.java:252)
	at de.uka.ilkd.key.control.AbstractUserInterfaceControl.load(AbstractUserInterfaceControl.java:209)
	... 7 more
Caused by: java.lang.RuntimeException: Could not find rule file rules/intRulesCheckedSemantics.key
	at de.uka.ilkd.key.proof.io.RuleSourceFactory.fromBuiltInRule(RuleSourceFactory.java:32)
	at de.uka.ilkd.key.proof.io.RuleSourceFactory.fromDefaultLocation(RuleSourceFactory.java:21)
	at de.uka.ilkd.key.nparser.builder.IncludeFinder.addInclude(IncludeFinder.java:63)
	at de.uka.ilkd.key.nparser.builder.IncludeFinder.visitOne_include(IncludeFinder.java:43)
	at de.uka.ilkd.key.nparser.builder.IncludeFinder.visitOne_include(IncludeFinder.java:20)
	at de.uka.ilkd.key.nparser.KeYParser$One_includeContext.accept(KeYParser.java:878)
	at de.uka.ilkd.key.nparser.builder.AbstractBuilder.lambda$mapOf$0(AbstractBuilder.java:112)
	at java.base/java.util.stream.ReferencePipeline$3$1.accept(ReferencePipeline.java:195)
	at java.base/java.util.ArrayList$ArrayListSpliterator.forEachRemaining(ArrayList.java:1655)
	at java.base/java.util.stream.AbstractPipeline.copyInto(AbstractPipeline.java:484)
	at java.base/java.util.stream.AbstractPipeline.wrapAndCopyInto(AbstractPipeline.java:474)
	at java.base/java.util.stream.ReduceOps$ReduceOp.evaluateSequential(ReduceOps.java:913)
	at java.base/java.util.stream.AbstractPipeline.evaluate(AbstractPipeline.java:234)
	at java.base/java.util.stream.ReferencePipeline.collect(ReferencePipeline.java:578)
	at de.uka.ilkd.key.nparser.builder.AbstractBuilder.mapOf(AbstractBuilder.java:112)
	at de.uka.ilkd.key.nparser.builder.IncludeFinder.visitOne_include_statement(IncludeFinder.java:35)
	at de.uka.ilkd.key.nparser.builder.IncludeFinder.visitOne_include_statement(IncludeFinder.java:20)
	at de.uka.ilkd.key.nparser.KeYParser$One_include_statementContext.accept(KeYParser.java:802)
	at org.antlr.v4.runtime.tree.AbstractParseTreeVisitor.visitChildren(AbstractParseTreeVisitor.java:46)
	at de.uka.ilkd.key.nparser.KeYParserBaseVisitor.visitDecls(KeYParserBaseVisitor.java:30)
	at de.uka.ilkd.key.nparser.KeYParser$DeclsContext.accept(KeYParser.java:500)
	at org.antlr.v4.runtime.tree.AbstractParseTreeVisitor.visitChildren(AbstractParseTreeVisitor.java:46)
	at de.uka.ilkd.key.nparser.KeYParserBaseVisitor.visitFile(KeYParserBaseVisitor.java:23)
	at de.uka.ilkd.key.nparser.KeYParser$FileContext.accept(KeYParser.java:306)
	at de.uka.ilkd.key.nparser.KeyAst.accept(KeyAst.java:41)
	at de.uka.ilkd.key.nparser.KeyAst$File.getIncludes(KeyAst.java:76)
	at de.uka.ilkd.key.proof.io.KeYFile.readIncludes(KeYFile.java:208)
	... 14 more
Could not find rule file rules/intRulesCheckedSemantics.key (file: /home/runner/work/key/key/key.core/../key.ui/examples/index/../InformationFlow/MethodContracts/contract.IFMethodContract(contract.IFMethodContract__n3()).Non-interference contract.0.m.key; caused by: de.uka.ilkd.key.proof.init.ProofInputException: Could not find rule file rules/intRulesCheckedSemantics.key)
	at de.uka.ilkd.key.control.AbstractUserInterfaceControl.load(AbstractUserInterfaceControl.java:221)
	at de.uka.ilkd.key.control.KeYEnvironment.load(KeYEnvironment.java:251)
	at de.uka.ilkd.key.control.KeYEnvironment.load(KeYEnvironment.java:224)
	at de.uka.ilkd.key.control.KeYEnvironment.load(KeYEnvironment.java:184)
	at de.uka.ilkd.key.control.KeYEnvironment.load(KeYEnvironment.java:261)
	at de.uka.ilkd.key.proof.runallproofs.proofcollection.TestFile.load(TestFile.java:270)
	at de.uka.ilkd.key.proof.runallproofs.proofcollection.TestFile.runKey(TestFile.java:160)
	at de.uka.ilkd.key.proof.runallproofs.proofcollection.ForkedTestFileRunner.main(ForkedTestFileRunner.java:171)
Caused by: de.uka.ilkd.key.proof.init.ProofInputException: Could not find rule file rules/intRulesCheckedSemantics.key
	at de.uka.ilkd.key.proof.io.KeYFile.readIncludes(KeYFile.java:210)
	at de.uka.ilkd.key.proof.init.ProblemInitializer.readIncludes(ProblemInitializer.java:177)
	at de.uka.ilkd.key.proof.init.ProblemInitializer.readEnvInput(ProblemInitializer.java:325)
	at de.uka.ilkd.key.proof.init.ProblemInitializer.prepare(ProblemInitializer.java:449)
	at de.uka.ilkd.key.proof.io.AbstractProblemLoader.createInitConfig(AbstractProblemLoader.java:518)
	at de.uka.ilkd.key.proof.io.AbstractProblemLoader.loadEnvironment(AbstractProblemLoader.java:288)
	at de.uka.ilkd.key.proof.io.AbstractProblemLoader.load(AbstractProblemLoader.java:252)
	at de.uka.ilkd.key.control.AbstractUserInterfaceControl.load(AbstractUserInterfaceControl.java:209)
	... 7 more
Caused by: java.lang.RuntimeException: Could not find rule file rules/intRulesCheckedSemantics.key
	at de.uka.ilkd.key.proof.io.RuleSourceFactory.fromBuiltInRule(RuleSourceFactory.java:32)
	at de.uka.ilkd.key.proof.io.RuleSourceFactory.fromDefaultLocation(RuleSourceFactory.java:21)
	at de.uka.ilkd.key.nparser.builder.IncludeFinder.addInclude(IncludeFinder.java:63)
	at de.uka.ilkd.key.nparser.builder.IncludeFinder.visitOne_include(IncludeFinder.java:43)
	at de.uka.ilkd.key.nparser.builder.IncludeFinder.visitOne_include(IncludeFinder.java:20)
	at de.uka.ilkd.key.nparser.KeYParser$One_includeContext.accept(KeYParser.java:878)
	at de.uka.ilkd.key.nparser.builder.AbstractBuilder.lambda$mapOf$0(AbstractBuilder.java:112)
	at java.base/java.util.stream.ReferencePipeline$3$1.accept(ReferencePipeline.java:195)
	at java.base/java.util.ArrayList$ArrayListSpliterator.forEachRemaining(ArrayList.java:1655)
	at java.base/java.util.stream.AbstractPipeline.copyInto(AbstractPipeline.java:484)
	at java.base/java.util.stream.AbstractPipeline.wrapAndCopyInto(AbstractPipeline.java:474)
	at java.base/java.util.stream.ReduceOps$ReduceOp.evaluateSequential(ReduceOps.java:913)
	at java.base/java.util.stream.AbstractPipeline.evaluate(AbstractPipeline.java:234)
	at java.base/java.util.stream.ReferencePipeline.collect(ReferencePipeline.java:578)
	at de.uka.ilkd.key.nparser.builder.AbstractBuilder.mapOf(AbstractBuilder.java:112)
	at de.uka.ilkd.key.nparser.builder.IncludeFinder.visitOne_include_statement(IncludeFinder.java:35)
	at de.uka.ilkd.key.nparser.builder.IncludeFinder.visitOne_include_statement(IncludeFinder.java:20)
	at de.uka.ilkd.key.nparser.KeYParser$One_include_statementContext.accept(KeYParser.java:802)
	at org.antlr.v4.runtime.tree.AbstractParseTreeVisitor.visitChildren(AbstractParseTreeVisitor.java:46)
	at de.uka.ilkd.key.nparser.KeYParserBaseVisitor.visitDecls(KeYParserBaseVisitor.java:30)
	at de.uka.ilkd.key.nparser.KeYParser$DeclsContext.accept(KeYParser.java:500)
	at org.antlr.v4.runtime.tree.AbstractParseTreeVisitor.visitChildren(AbstractParseTreeVisitor.java:46)
	at de.uka.ilkd.key.nparser.KeYParserBaseVisitor.visitFile(KeYParserBaseVisitor.java:23)
	at de.uka.ilkd.key.nparser.KeYParser$FileContext.accept(KeYParser.java:306)
	at de.uka.ilkd.key.nparser.KeyAst.accept(KeyAst.java:41)
	at de.uka.ilkd.key.nparser.KeyAst$File.getIncludes(KeyAst.java:76)
	at de.uka.ilkd.key.proof.io.KeYFile.readIncludes(KeYFile.java:208)
	... 14 more
Could not find rule file rules/intRulesCheckedSemantics.key (file: /home/runner/work/key/key/key.core/../key.ui/examples/index/../InformationFlow/MethodContracts/contract.IFMethodContract(contract.IFMethodContract__secure_sequential_n3_precond_n4()).Non-interference contract.0.m.key; caused by: de.uka.ilkd.key.proof.init.ProofInputException: Could not find rule file rules/intRulesCheckedSemantics.key)
	at de.uka.ilkd.key.control.AbstractUserInterfaceControl.load(AbstractUserInterfaceControl.java:221)
	at de.uka.ilkd.key.control.KeYEnvironment.load(KeYEnvironment.java:251)
	at de.uka.ilkd.key.control.KeYEnvironment.load(KeYEnvironment.java:224)
	at de.uka.ilkd.key.control.KeYEnvironment.load(KeYEnvironment.java:184)
	at de.uka.ilkd.key.control.KeYEnvironment.load(KeYEnvironment.java:261)
	at de.uka.ilkd.key.proof.runallproofs.proofcollection.TestFile.load(TestFile.java:270)
	at de.uka.ilkd.key.proof.runallproofs.proofcollection.TestFile.runKey(TestFile.java:160)
	at de.uka.ilkd.key.proof.runallproofs.proofcollection.ForkedTestFileRunner.main(ForkedTestFileRunner.java:171)
Caused by: de.uka.ilkd.key.proof.init.ProofInputException: Could not find rule file rules/intRulesCheckedSemantics.key
	at de.uka.ilkd.key.proof.io.KeYFile.readIncludes(KeYFile.java:210)
	at de.uka.ilkd.key.proof.init.ProblemInitializer.readIncludes(ProblemInitializer.java:177)
	at de.uka.ilkd.key.proof.init.ProblemInitializer.readEnvInput(ProblemInitializer.java:325)
	at de.uka.ilkd.key.proof.init.ProblemInitializer.prepare(ProblemInitializer.java:449)
	at de.uka.ilkd.key.proof.io.AbstractProblemLoader.createInitConfig(AbstractProblemLoader.java:518)
	at de.uka.ilkd.key.proof.io.AbstractProblemLoader.loadEnvironment(AbstractProblemLoader.java:288)
	at de.uka.ilkd.key.proof.io.AbstractProblemLoader.load(AbstractProblemLoader.java:252)
	at de.uka.ilkd.key.control.AbstractUserInterfaceControl.load(AbstractUserInterfaceControl.java:209)
	... 7 more
Caused by: java.lang.RuntimeException: Could not find rule file rules/intRulesCheckedSemantics.key
	at de.uka.ilkd.key.proof.io.RuleSourceFactory.fromBuiltInRule(RuleSourceFactory.java:32)
	at de.uka.ilkd.key.proof.io.RuleSourceFactory.fromDefaultLocation(RuleSourceFactory.java:21)
	at de.uka.ilkd.key.nparser.builder.IncludeFinder.addInclude(IncludeFinder.java:63)
	at de.uka.ilkd.key.nparser.builder.IncludeFinder.visitOne_include(IncludeFinder.java:43)
	at de.uka.ilkd.key.nparser.builder.IncludeFinder.visitOne_include(IncludeFinder.java:20)
	at de.uka.ilkd.key.nparser.KeYParser$One_includeContext.accept(KeYParser.java:878)
	at de.uka.ilkd.key.nparser.builder.AbstractBuilder.lambda$mapOf$0(AbstractBuilder.java:112)
	at java.base/java.util.stream.ReferencePipeline$3$1.accept(ReferencePipeline.java:195)
	at java.base/java.util.ArrayList$ArrayListSpliterator.forEachRemaining(ArrayList.java:1655)
	at java.base/java.util.stream.AbstractPipeline.copyInto(AbstractPipeline.java:484)
	at java.base/java.util.stream.AbstractPipeline.wrapAndCopyInto(AbstractPipeline.java:474)
	at java.base/java.util.stream.ReduceOps$ReduceOp.evaluateSequential(ReduceOps.java:913)
	at java.base/java.util.stream.AbstractPipeline.evaluate(AbstractPipeline.java:234)
	at java.base/java.util.stream.ReferencePipeline.collect(ReferencePipeline.java:578)
	at de.uka.ilkd.key.nparser.builder.AbstractBuilder.mapOf(AbstractBuilder.java:112)
	at de.uka.ilkd.key.nparser.builder.IncludeFinder.visitOne_include_statement(IncludeFinder.java:35)
	at de.uka.ilkd.key.nparser.builder.IncludeFinder.visitOne_include_statement(IncludeFinder.java:20)
	at de.uka.ilkd.key.nparser.KeYParser$One_include_statementContext.accept(KeYParser.java:802)
	at org.antlr.v4.runtime.tree.AbstractParseTreeVisitor.visitChildren(AbstractParseTreeVisitor.java:46)
	at de.uka.ilkd.key.nparser.KeYParserBaseVisitor.visitDecls(KeYParserBaseVisitor.java:30)
	at de.uka.ilkd.key.nparser.KeYParser$DeclsContext.accept(KeYParser.java:500)
	at org.antlr.v4.runtime.tree.AbstractParseTreeVisitor.visitChildren(AbstractParseTreeVisitor.java:46)
	at de.uka.ilkd.key.nparser.KeYParserBaseVisitor.visitFile(KeYParserBaseVisitor.java:23)
	at de.uka.ilkd.key.nparser.KeYParser$FileContext.accept(KeYParser.java:306)
	at de.uka.ilkd.key.nparser.KeyAst.accept(KeyAst.java:41)
	at de.uka.ilkd.key.nparser.KeyAst$File.getIncludes(KeyAst.java:76)
	at de.uka.ilkd.key.proof.io.KeYFile.readIncludes(KeYFile.java:208)
	... 14 more
Could not find rule file rules/intRulesCheckedSemantics.key (file: /home/runner/work/key/key/key.core/../key.ui/examples/index/../InformationFlow/MethodContracts/contract.IFMethodContract(contract.IFMethodContract__insecure_assignment_n2()).Non-interference contract.0.m.key; caused by: de.uka.ilkd.key.proof.init.ProofInputException: Could not find rule file rules/intRulesCheckedSemantics.key)
	at de.uka.ilkd.key.control.AbstractUserInterfaceControl.load(AbstractUserInterfaceControl.java:221)
	at de.uka.ilkd.key.control.KeYEnvironment.load(KeYEnvironment.java:251)
	at de.uka.ilkd.key.control.KeYEnvironment.load(KeYEnvironment.java:224)
	at de.uka.ilkd.key.control.KeYEnvironment.load(KeYEnvironment.java:184)
	at de.uka.ilkd.key.control.KeYEnvironment.load(KeYEnvironment.java:261)
	at de.uka.ilkd.key.proof.runallproofs.proofcollection.TestFile.load(TestFile.java:270)
	at de.uka.ilkd.key.proof.runallproofs.proofcollection.TestFile.runKey(TestFile.java:160)
	at de.uka.ilkd.key.proof.runallproofs.proofcollection.ForkedTestFileRunner.main(ForkedTestFileRunner.java:171)
Caused by: de.uka.ilkd.key.proof.init.ProofInputException: Could not find rule file rules/intRulesCheckedSemantics.key
	at de.uka.ilkd.key.proof.io.KeYFile.readIncludes(KeYFile.java:210)
	at de.uka.ilkd.key.proof.init.ProblemInitializer.readIncludes(ProblemInitializer.java:177)
	at de.uka.ilkd.key.proof.init.ProblemInitializer.readEnvInput(ProblemInitializer.java:325)
	at de.uka.ilkd.key.proof.init.ProblemInitializer.prepare(ProblemInitializer.java:449)
	at de.uka.ilkd.key.proof.io.AbstractProblemLoader.createInitConfig(AbstractProblemLoader.java:518)
	at de.uka.ilkd.key.proof.io.AbstractProblemLoader.loadEnvironment(AbstractProblemLoader.java:288)
	at de.uka.ilkd.key.proof.io.AbstractProblemLoader.load(AbstractProblemLoader.java:252)
	at de.uka.ilkd.key.control.AbstractUserInterfaceControl.load(AbstractUserInterfaceControl.java:209)
	... 7 more
Caused by: java.lang.RuntimeException: Could not find rule file rules/intRulesCheckedSemantics.key
	at de.uka.ilkd.key.proof.io.RuleSourceFactory.fromBuiltInRule(RuleSourceFactory.java:32)
	at de.uka.ilkd.key.proof.io.RuleSourceFactory.fromDefaultLocation(RuleSourceFactory.java:21)
	at de.uka.ilkd.key.nparser.builder.IncludeFinder.addInclude(IncludeFinder.java:63)
	at de.uka.ilkd.key.nparser.builder.IncludeFinder.visitOne_include(IncludeFinder.java:43)
	at de.uka.ilkd.key.nparser.builder.IncludeFinder.visitOne_include(IncludeFinder.java:20)
	at de.uka.ilkd.key.nparser.KeYParser$One_includeContext.accept(KeYParser.java:878)
	at de.uka.ilkd.key.nparser.builder.AbstractBuilder.lambda$mapOf$0(AbstractBuilder.java:112)
	at java.base/java.util.stream.ReferencePipeline$3$1.accept(ReferencePipeline.java:195)
	at java.base/java.util.ArrayList$ArrayListSpliterator.forEachRemaining(ArrayList.java:1655)
	at java.base/java.util.stream.AbstractPipeline.copyInto(AbstractPipeline.java:484)
	at java.base/java.util.stream.AbstractPipeline.wrapAndCopyInto(AbstractPipeline.java:474)
	at java.base/java.util.stream.ReduceOps$ReduceOp.evaluateSequential(ReduceOps.java:913)
	at java.base/java.util.stream.AbstractPipeline.evaluate(AbstractPipeline.java:234)
	at java.base/java.util.stream.ReferencePipeline.collect(ReferencePipeline.java:578)
	at de.uka.ilkd.key.nparser.builder.AbstractBuilder.mapOf(AbstractBuilder.java:112)
	at de.uka.ilkd.key.nparser.builder.IncludeFinder.visitOne_include_statement(IncludeFinder.java:35)
	at de.uka.ilkd.key.nparser.builder.IncludeFinder.visitOne_include_statement(IncludeFinder.java:20)
	at de.uka.ilkd.key.nparser.KeYParser$One_include_statementContext.accept(KeYParser.java:802)
	at org.antlr.v4.runtime.tree.AbstractParseTreeVisitor.visitChildren(AbstractParseTreeVisitor.java:46)
	at de.uka.ilkd.key.nparser.KeYParserBaseVisitor.visitDecls(KeYParserBaseVisitor.java:30)
	at de.uka.ilkd.key.nparser.KeYParser$DeclsContext.accept(KeYParser.java:500)
	at org.antlr.v4.runtime.tree.AbstractParseTreeVisitor.visitChildren(AbstractParseTreeVisitor.java:46)
	at de.uka.ilkd.key.nparser.KeYParserBaseVisitor.visitFile(KeYParserBaseVisitor.java:23)
	at de.uka.ilkd.key.nparser.KeYParser$FileContext.accept(KeYParser.java:306)
	at de.uka.ilkd.key.nparser.KeyAst.accept(KeyAst.java:41)
	at de.uka.ilkd.key.nparser.KeyAst$File.getIncludes(KeyAst.java:76)
	at de.uka.ilkd.key.proof.io.KeYFile.readIncludes(KeYFile.java:208)
	... 14 more
Could not find rule file rules/intRulesCheckedSemantics.key (file: /home/runner/work/key/key/key.core/../key.ui/examples/index/../InformationFlow/MethodContracts/contract.IFMethodContract(contract.IFMethodContract__secure_assignments_n2()).Non-interference contract.0.m.key; caused by: de.uka.ilkd.key.proof.init.ProofInputException: Could not find rule file rules/intRulesCheckedSemantics.key)
	at de.uka.ilkd.key.control.AbstractUserInterfaceControl.load(AbstractUserInterfaceControl.java:221)
	at de.uka.ilkd.key.control.KeYEnvironment.load(KeYEnvironment.java:251)
	at de.uka.ilkd.key.control.KeYEnvironment.load(KeYEnvironment.java:224)
	at de.uka.ilkd.key.control.KeYEnvironment.load(KeYEnvironment.java:184)
	at de.uka.ilkd.key.control.KeYEnvironment.load(KeYEnvironment.java:261)
	at de.uka.ilkd.key.proof.runallproofs.proofcollection.TestFile.load(TestFile.java:270)
	at de.uka.ilkd.key.proof.runallproofs.proofcollection.TestFile.runKey(TestFile.java:160)
	at de.uka.ilkd.key.proof.runallproofs.proofcollection.ForkedTestFileRunner.main(ForkedTestFileRunner.java:171)
Caused by: de.uka.ilkd.key.proof.init.ProofInputException: Could not find rule file rules/intRulesCheckedSemantics.key
	at de.uka.ilkd.key.proof.io.KeYFile.readIncludes(KeYFile.java:210)
	at de.uka.ilkd.key.proof.init.ProblemInitializer.readIncludes(ProblemInitializer.java:177)
	at de.uka.ilkd.key.proof.init.ProblemInitializer.readEnvInput(ProblemInitializer.java:325)
	at de.uka.ilkd.key.proof.init.ProblemInitializer.prepare(ProblemInitializer.java:449)
	at de.uka.ilkd.key.proof.io.AbstractProblemLoader.createInitConfig(AbstractProblemLoader.java:518)
	at de.uka.ilkd.key.proof.io.AbstractProblemLoader.loadEnvironment(AbstractProblemLoader.java:288)
	at de.uka.ilkd.key.proof.io.AbstractProblemLoader.load(AbstractProblemLoader.java:252)
	at de.uka.ilkd.key.control.AbstractUserInterfaceControl.load(AbstractUserInterfaceControl.java:209)
	... 7 more
Caused by: java.lang.RuntimeException: Could not find rule file rules/intRulesCheckedSemantics.key
	at de.uka.ilkd.key.proof.io.RuleSourceFactory.fromBuiltInRule(RuleSourceFactory.java:32)
	at de.uka.ilkd.key.proof.io.RuleSourceFactory.fromDefaultLocation(RuleSourceFactory.java:21)
	at de.uka.ilkd.key.nparser.builder.IncludeFinder.addInclude(IncludeFinder.java:63)
	at de.uka.ilkd.key.nparser.builder.IncludeFinder.visitOne_include(IncludeFinder.java:43)
	at de.uka.ilkd.key.nparser.builder.IncludeFinder.visitOne_include(IncludeFinder.java:20)
	at de.uka.ilkd.key.nparser.KeYParser$One_includeContext.accept(KeYParser.java:878)
	at de.uka.ilkd.key.nparser.builder.AbstractBuilder.lambda$mapOf$0(AbstractBuilder.java:112)
	at java.base/java.util.stream.ReferencePipeline$3$1.accept(ReferencePipeline.java:195)
	at java.base/java.util.ArrayList$ArrayListSpliterator.forEachRemaining(ArrayList.java:1655)
	at java.base/java.util.stream.AbstractPipeline.copyInto(AbstractPipeline.java:484)
	at java.base/java.util.stream.AbstractPipeline.wrapAndCopyInto(AbstractPipeline.java:474)
	at java.base/java.util.stream.ReduceOps$ReduceOp.evaluateSequential(ReduceOps.java:913)
	at java.base/java.util.stream.AbstractPipeline.evaluate(AbstractPipeline.java:234)
	at java.base/java.util.stream.ReferencePipeline.collect(ReferencePipeline.java:578)
	at de.uka.ilkd.key.nparser.builder.AbstractBuilder.mapOf(AbstractBuilder.java:112)
	at de.uka.ilkd.key.nparser.builder.IncludeFinder.visitOne_include_statement(IncludeFinder.java:35)
	at de.uka.ilkd.key.nparser.builder.IncludeFinder.visitOne_include_statement(IncludeFinder.java:20)
	at de.uka.ilkd.key.nparser.KeYParser$One_include_statementContext.accept(KeYParser.java:802)
	at org.antlr.v4.runtime.tree.AbstractParseTreeVisitor.visitChildren(AbstractParseTreeVisitor.java:46)
	at de.uka.ilkd.key.nparser.KeYParserBaseVisitor.visitDecls(KeYParserBaseVisitor.java:30)
	at de.uka.ilkd.key.nparser.KeYParser$DeclsContext.accept(KeYParser.java:500)
	at org.antlr.v4.runtime.tree.AbstractParseTreeVisitor.visitChildren(AbstractParseTreeVisitor.java:46)
	at de.uka.ilkd.key.nparser.KeYParserBaseVisitor.visitFile(KeYParserBaseVisitor.java:23)
	at de.uka.ilkd.key.nparser.KeYParser$FileContext.accept(KeYParser.java:306)
	at de.uka.ilkd.key.nparser.KeyAst.accept(KeyAst.java:41)
	at de.uka.ilkd.key.nparser.KeyAst$File.getIncludes(KeyAst.java:76)
	at de.uka.ilkd.key.proof.io.KeYFile.readIncludes(KeYFile.java:208)
	... 14 more
Could not find rule file rules/intRulesCheckedSemantics.key (file: /home/runner/work/key/key/key.core/../key.ui/examples/index/../InformationFlow/MethodContracts/contract.IFMethodContract(contract.IFMethodContract__n2()).Non-interference contract.0.m.key; caused by: de.uka.ilkd.key.proof.init.ProofInputException: Could not find rule file rules/intRulesCheckedSemantics.key)
	at de.uka.ilkd.key.control.AbstractUserInterfaceControl.load(AbstractUserInterfaceControl.java:221)
	at de.uka.ilkd.key.control.KeYEnvironment.load(KeYEnvironment.java:251)
	at de.uka.ilkd.key.control.KeYEnvironment.load(KeYEnvironment.java:224)
	at de.uka.ilkd.key.control.KeYEnvironment.load(KeYEnvironment.java:184)
	at de.uka.ilkd.key.control.KeYEnvironment.load(KeYEnvironment.java:261)
	at de.uka.ilkd.key.proof.runallproofs.proofcollection.TestFile.load(TestFile.java:270)
	at de.uka.ilkd.key.proof.runallproofs.proofcollection.TestFile.runKey(TestFile.java:160)
	at de.uka.ilkd.key.proof.runallproofs.proofcollection.ForkedTestFileRunner.main(ForkedTestFileRunner.java:171)
Caused by: de.uka.ilkd.key.proof.init.ProofInputException: Could not find rule file rules/intRulesCheckedSemantics.key
	at de.uka.ilkd.key.proof.io.KeYFile.readIncludes(KeYFile.java:210)
	at de.uka.ilkd.key.proof.init.ProblemInitializer.readIncludes(ProblemInitializer.java:177)
	at de.uka.ilkd.key.proof.init.ProblemInitializer.readEnvInput(ProblemInitializer.java:325)
	at de.uka.ilkd.key.proof.init.ProblemInitializer.prepare(ProblemInitializer.java:449)
	at de.uka.ilkd.key.proof.io.AbstractProblemLoader.createInitConfig(AbstractProblemLoader.java:518)
	at de.uka.ilkd.key.proof.io.AbstractProblemLoader.loadEnvironment(AbstractProblemLoader.java:288)
	at de.uka.ilkd.key.proof.io.AbstractProblemLoader.load(AbstractProblemLoader.java:252)
	at de.uka.ilkd.key.control.AbstractUserInterfaceControl.load(AbstractUserInterfaceControl.java:209)
	... 7 more
Caused by: java.lang.RuntimeException: Could not find rule file rules/intRulesCheckedSemantics.key
	at de.uka.ilkd.key.proof.io.RuleSourceFactory.fromBuiltInRule(RuleSourceFactory.java:32)
	at de.uka.ilkd.key.proof.io.RuleSourceFactory.fromDefaultLocation(RuleSourceFactory.java:21)
	at de.uka.ilkd.key.nparser.builder.IncludeFinder.addInclude(IncludeFinder.java:63)
	at de.uka.ilkd.key.nparser.builder.IncludeFinder.visitOne_include(IncludeFinder.java:43)
	at de.uka.ilkd.key.nparser.builder.IncludeFinder.visitOne_include(IncludeFinder.java:20)
	at de.uka.ilkd.key.nparser.KeYParser$One_includeContext.accept(KeYParser.java:878)
	at de.uka.ilkd.key.nparser.builder.AbstractBuilder.lambda$mapOf$0(AbstractBuilder.java:112)
	at java.base/java.util.stream.ReferencePipeline$3$1.accept(ReferencePipeline.java:195)
	at java.base/java.util.ArrayList$ArrayListSpliterator.forEachRemaining(ArrayList.java:1655)
	at java.base/java.util.stream.AbstractPipeline.copyInto(AbstractPipeline.java:484)
	at java.base/java.util.stream.AbstractPipeline.wrapAndCopyInto(AbstractPipeline.java:474)
	at java.base/java.util.stream.ReduceOps$ReduceOp.evaluateSequential(ReduceOps.java:913)
	at java.base/java.util.stream.AbstractPipeline.evaluate(AbstractPipeline.java:234)
	at java.base/java.util.stream.ReferencePipeline.collect(ReferencePipeline.java:578)
	at de.uka.ilkd.key.nparser.builder.AbstractBuilder.mapOf(AbstractBuilder.java:112)
	at de.uka.ilkd.key.nparser.builder.IncludeFinder.visitOne_include_statement(IncludeFinder.java:35)
	at de.uka.ilkd.key.nparser.builder.IncludeFinder.visitOne_include_statement(IncludeFinder.java:20)
	at de.uka.ilkd.key.nparser.KeYParser$One_include_statementContext.accept(KeYParser.java:802)
	at org.antlr.v4.runtime.tree.AbstractParseTreeVisitor.visitChildren(AbstractParseTreeVisitor.java:46)
	at de.uka.ilkd.key.nparser.KeYParserBaseVisitor.visitDecls(KeYParserBaseVisitor.java:30)
	at de.uka.ilkd.key.nparser.KeYParser$DeclsContext.accept(KeYParser.java:500)
	at org.antlr.v4.runtime.tree.AbstractParseTreeVisitor.visitChildren(AbstractParseTreeVisitor.java:46)
	at de.uka.ilkd.key.nparser.KeYParserBaseVisitor.visitFile(KeYParserBaseVisitor.java:23)
	at de.uka.ilkd.key.nparser.KeYParser$FileContext.accept(KeYParser.java:306)
	at de.uka.ilkd.key.nparser.KeyAst.accept(KeyAst.java:41)
	at de.uka.ilkd.key.nparser.KeyAst$File.getIncludes(KeyAst.java:76)
	at de.uka.ilkd.key.proof.io.KeYFile.readIncludes(KeYFile.java:208)
	... 14 more
Could not find rule file rules/intRulesCheckedSemantics.key (file: /home/runner/work/key/key/key.core/../key.ui/examples/index/../InformationFlow/MethodContracts/contract.IFMethodContract(contract.IFMethodContract__n1()).Non-interference contract.0.m.key; caused by: de.uka.ilkd.key.proof.init.ProofInputException: Could not find rule file rules/intRulesCheckedSemantics.key)
	at de.uka.ilkd.key.control.AbstractUserInterfaceControl.load(AbstractUserInterfaceControl.java:221)
	at de.uka.ilkd.key.control.KeYEnvironment.load(KeYEnvironment.java:251)
	at de.uka.ilkd.key.control.KeYEnvironment.load(KeYEnvironment.java:224)
	at de.uka.ilkd.key.control.KeYEnvironment.load(KeYEnvironment.java:184)
	at de.uka.ilkd.key.control.KeYEnvironment.load(KeYEnvironment.java:261)
	at de.uka.ilkd.key.proof.runallproofs.proofcollection.TestFile.load(TestFile.java:270)
	at de.uka.ilkd.key.proof.runallproofs.proofcollection.TestFile.runKey(TestFile.java:160)
	at de.uka.ilkd.key.proof.runallproofs.proofcollection.ForkedTestFileRunner.main(ForkedTestFileRunner.java:171)
Caused by: de.uka.ilkd.key.proof.init.ProofInputException: Could not find rule file rules/intRulesCheckedSemantics.key
	at de.uka.ilkd.key.proof.io.KeYFile.readIncludes(KeYFile.java:210)
	at de.uka.ilkd.key.proof.init.ProblemInitializer.readIncludes(ProblemInitializer.java:177)
	at de.uka.ilkd.key.proof.init.ProblemInitializer.readEnvInput(ProblemInitializer.java:325)
	at de.uka.ilkd.key.proof.init.ProblemInitializer.prepare(ProblemInitializer.java:449)
	at de.uka.ilkd.key.proof.io.AbstractProblemLoader.createInitConfig(AbstractProblemLoader.java:518)
	at de.uka.ilkd.key.proof.io.AbstractProblemLoader.loadEnvironment(AbstractProblemLoader.java:288)
	at de.uka.ilkd.key.proof.io.AbstractProblemLoader.load(AbstractProblemLoader.java:252)
	at de.uka.ilkd.key.control.AbstractUserInterfaceControl.load(AbstractUserInterfaceControl.java:209)
	... 7 more
Caused by: java.lang.RuntimeException: Could not find rule file rules/intRulesCheckedSemantics.key
	at de.uka.ilkd.key.proof.io.RuleSourceFactory.fromBuiltInRule(RuleSourceFactory.java:32)
	at de.uka.ilkd.key.proof.io.RuleSourceFactory.fromDefaultLocation(RuleSourceFactory.java:21)
	at de.uka.ilkd.key.nparser.builder.IncludeFinder.addInclude(IncludeFinder.java:63)
	at de.uka.ilkd.key.nparser.builder.IncludeFinder.visitOne_include(IncludeFinder.java:43)
	at de.uka.ilkd.key.nparser.builder.IncludeFinder.visitOne_include(IncludeFinder.java:20)
	at de.uka.ilkd.key.nparser.KeYParser$One_includeContext.accept(KeYParser.java:878)
	at de.uka.ilkd.key.nparser.builder.AbstractBuilder.lambda$mapOf$0(AbstractBuilder.java:112)
	at java.base/java.util.stream.ReferencePipeline$3$1.accept(ReferencePipeline.java:195)
	at java.base/java.util.ArrayList$ArrayListSpliterator.forEachRemaining(ArrayList.java:1655)
	at java.base/java.util.stream.AbstractPipeline.copyInto(AbstractPipeline.java:484)
	at java.base/java.util.stream.AbstractPipeline.wrapAndCopyInto(AbstractPipeline.java:474)
	at java.base/java.util.stream.ReduceOps$ReduceOp.evaluateSequential(ReduceOps.java:913)
	at java.base/java.util.stream.AbstractPipeline.evaluate(AbstractPipeline.java:234)
	at java.base/java.util.stream.ReferencePipeline.collect(ReferencePipeline.java:578)
	at de.uka.ilkd.key.nparser.builder.AbstractBuilder.mapOf(AbstractBuilder.java:112)
	at de.uka.ilkd.key.nparser.builder.IncludeFinder.visitOne_include_statement(IncludeFinder.java:35)
	at de.uka.ilkd.key.nparser.builder.IncludeFinder.visitOne_include_statement(IncludeFinder.java:20)
	at de.uka.ilkd.key.nparser.KeYParser$One_include_statementContext.accept(KeYParser.java:802)
	at org.antlr.v4.runtime.tree.AbstractParseTreeVisitor.visitChildren(AbstractParseTreeVisitor.java:46)
	at de.uka.ilkd.key.nparser.KeYParserBaseVisitor.visitDecls(KeYParserBaseVisitor.java:30)
	at de.uka.ilkd.key.nparser.KeYParser$DeclsContext.accept(KeYParser.java:500)
	at org.antlr.v4.runtime.tree.AbstractParseTreeVisitor.visitChildren(AbstractParseTreeVisitor.java:46)
	at de.uka.ilkd.key.nparser.KeYParserBaseVisitor.visitFile(KeYParserBaseVisitor.java:23)
	at de.uka.ilkd.key.nparser.KeYParser$FileContext.accept(KeYParser.java:306)
	at de.uka.ilkd.key.nparser.KeyAst.accept(KeyAst.java:41)
	at de.uka.ilkd.key.nparser.KeyAst$File.getIncludes(KeyAst.java:76)
	at de.uka.ilkd.key.proof.io.KeYFile.readIncludes(KeYFile.java:208)
	... 14 more
Could not find rule file rules/intRulesCheckedSemantics.key (file: /home/runner/work/key/key/key.core/../key.ui/examples/index/../InformationFlow/MethodContracts/contract.IFMethodContract(contract.IFMethodContract__secure_sequential_n1_n2()).Non-interference contract.0.m.key; caused by: de.uka.ilkd.key.proof.init.ProofInputException: Could not find rule file rules/intRulesCheckedSemantics.key)
	at de.uka.ilkd.key.control.AbstractUserInterfaceControl.load(AbstractUserInterfaceControl.java:221)
	at de.uka.ilkd.key.control.KeYEnvironment.load(KeYEnvironment.java:251)
	at de.uka.ilkd.key.control.KeYEnvironment.load(KeYEnvironment.java:224)
	at de.uka.ilkd.key.control.KeYEnvironment.load(KeYEnvironment.java:184)
	at de.uka.ilkd.key.control.KeYEnvironment.load(KeYEnvironment.java:261)
	at de.uka.ilkd.key.proof.runallproofs.proofcollection.TestFile.load(TestFile.java:270)
	at de.uka.ilkd.key.proof.runallproofs.proofcollection.TestFile.runKey(TestFile.java:160)
	at de.uka.ilkd.key.proof.runallproofs.proofcollection.ForkedTestFileRunner.main(ForkedTestFileRunner.java:171)
Caused by: de.uka.ilkd.key.proof.init.ProofInputException: Could not find rule file rules/intRulesCheckedSemantics.key
	at de.uka.ilkd.key.proof.io.KeYFile.readIncludes(KeYFile.java:210)
	at de.uka.ilkd.key.proof.init.ProblemInitializer.readIncludes(ProblemInitializer.java:177)
	at de.uka.ilkd.key.proof.init.ProblemInitializer.readEnvInput(ProblemInitializer.java:325)
	at de.uka.ilkd.key.proof.init.ProblemInitializer.prepare(ProblemInitializer.java:449)
	at de.uka.ilkd.key.proof.io.AbstractProblemLoader.createInitConfig(AbstractProblemLoader.java:518)
	at de.uka.ilkd.key.proof.io.AbstractProblemLoader.loadEnvironment(AbstractProblemLoader.java:288)
	at de.uka.ilkd.key.proof.io.AbstractProblemLoader.load(AbstractProblemLoader.java:252)
	at de.uka.ilkd.key.control.AbstractUserInterfaceControl.load(AbstractUserInterfaceControl.java:209)
	... 7 more
Caused by: java.lang.RuntimeException: Could not find rule file rules/intRulesCheckedSemantics.key
	at de.uka.ilkd.key.proof.io.RuleSourceFactory.fromBuiltInRule(RuleSourceFactory.java:32)
	at de.uka.ilkd.key.proof.io.RuleSourceFactory.fromDefaultLocation(RuleSourceFactory.java:21)
	at de.uka.ilkd.key.nparser.builder.IncludeFinder.addInclude(IncludeFinder.java:63)
	at de.uka.ilkd.key.nparser.builder.IncludeFinder.visitOne_include(IncludeFinder.java:43)
	at de.uka.ilkd.key.nparser.builder.IncludeFinder.visitOne_include(IncludeFinder.java:20)
	at de.uka.ilkd.key.nparser.KeYParser$One_includeContext.accept(KeYParser.java:878)
	at de.uka.ilkd.key.nparser.builder.AbstractBuilder.lambda$mapOf$0(AbstractBuilder.java:112)
	at java.base/java.util.stream.ReferencePipeline$3$1.accept(ReferencePipeline.java:195)
	at java.base/java.util.ArrayList$ArrayListSpliterator.forEachRemaining(ArrayList.java:1655)
	at java.base/java.util.stream.AbstractPipeline.copyInto(AbstractPipeline.java:484)
	at java.base/java.util.stream.AbstractPipeline.wrapAndCopyInto(AbstractPipeline.java:474)
	at java.base/java.util.stream.ReduceOps$ReduceOp.evaluateSequential(ReduceOps.java:913)
	at java.base/java.util.stream.AbstractPipeline.evaluate(AbstractPipeline.java:234)
	at java.base/java.util.stream.ReferencePipeline.collect(ReferencePipeline.java:578)
	at de.uka.ilkd.key.nparser.builder.AbstractBuilder.mapOf(AbstractBuilder.java:112)
	at de.uka.ilkd.key.nparser.builder.IncludeFinder.visitOne_include_statement(IncludeFinder.java:35)
	at de.uka.ilkd.key.nparser.builder.IncludeFinder.visitOne_include_statement(IncludeFinder.java:20)
	at de.uka.ilkd.key.nparser.KeYParser$One_include_statementContext.accept(KeYParser.java:802)
	at org.antlr.v4.runtime.tree.AbstractParseTreeVisitor.visitChildren(AbstractParseTreeVisitor.java:46)
	at de.uka.ilkd.key.nparser.KeYParserBaseVisitor.visitDecls(KeYParserBaseVisitor.java:30)
	at de.uka.ilkd.key.nparser.KeYParser$DeclsContext.accept(KeYParser.java:500)
	at org.antlr.v4.runtime.tree.AbstractParseTreeVisitor.visitChildren(AbstractParseTreeVisitor.java:46)
	at de.uka.ilkd.key.nparser.KeYParserBaseVisitor.visitFile(KeYParserBaseVisitor.java:23)
	at de.uka.ilkd.key.nparser.KeYParser$FileContext.accept(KeYParser.java:306)
	at de.uka.ilkd.key.nparser.KeyAst.accept(KeyAst.java:41)
	at de.uka.ilkd.key.nparser.KeyAst$File.getIncludes(KeyAst.java:76)
	at de.uka.ilkd.key.proof.io.KeYFile.readIncludes(KeYFile.java:208)
	... 14 more
Exception in thread "main" org.opentest4j.AssertionFailedError: Exception during the execution of proofs. See log for more details.
	at org.junit.jupiter.api.AssertionUtils.fail(AssertionUtils.java:39)
	at org.junit.jupiter.api.Assertions.fail(Assertions.java:134)
	at de.uka.ilkd.key.proof.runallproofs.proofcollection.ForkedTestFileRunner.main(ForkedTestFileRunner.java:192)
Timeout watcher launched (1000 secs.)
Could not find rule file rules/intRulesCheckedSemantics.key (file: /home/runner/work/key/key/key.core/../key.ui/examples/index/../InformationFlow/LoopInvariants/loop.IFLoopExamples(loop.IFLoopExamples__insecure_while_3(int)).Non-interference contract.0.m.key; caused by: de.uka.ilkd.key.proof.init.ProofInputException: Could not find rule file rules/intRulesCheckedSemantics.key)
	at de.uka.ilkd.key.control.AbstractUserInterfaceControl.load(AbstractUserInterfaceControl.java:221)
	at de.uka.ilkd.key.control.KeYEnvironment.load(KeYEnvironment.java:251)
	at de.uka.ilkd.key.control.KeYEnvironment.load(KeYEnvironment.java:224)
	at de.uka.ilkd.key.control.KeYEnvironment.load(KeYEnvironment.java:184)
	at de.uka.ilkd.key.control.KeYEnvironment.load(KeYEnvironment.java:261)
	at de.uka.ilkd.key.proof.runallproofs.proofcollection.TestFile.load(TestFile.java:270)
	at de.uka.ilkd.key.proof.runallproofs.proofcollection.TestFile.runKey(TestFile.java:160)
	at de.uka.ilkd.key.proof.runallproofs.proofcollection.ForkedTestFileRunner.main(ForkedTestFileRunner.java:171)
Caused by: de.uka.ilkd.key.proof.init.ProofInputException: Could not find rule file rules/intRulesCheckedSemantics.key
	at de.uka.ilkd.key.proof.io.KeYFile.readIncludes(KeYFile.java:210)
	at de.uka.ilkd.key.proof.init.ProblemInitializer.readIncludes(ProblemInitializer.java:177)
	at de.uka.ilkd.key.proof.init.ProblemInitializer.readEnvInput(ProblemInitializer.java:325)
	at de.uka.ilkd.key.proof.init.ProblemInitializer.prepare(ProblemInitializer.java:449)
	at de.uka.ilkd.key.proof.io.AbstractProblemLoader.createInitConfig(AbstractProblemLoader.java:518)
	at de.uka.ilkd.key.proof.io.AbstractProblemLoader.loadEnvironment(AbstractProblemLoader.java:288)
	at de.uka.ilkd.key.proof.io.AbstractProblemLoader.load(AbstractProblemLoader.java:252)
	at de.uka.ilkd.key.control.AbstractUserInterfaceControl.load(AbstractUserInterfaceControl.java:209)
	... 7 more
Caused by: java.lang.RuntimeException: Could not find rule file rules/intRulesCheckedSemantics.key
	at de.uka.ilkd.key.proof.io.RuleSourceFactory.fromBuiltInRule(RuleSourceFactory.java:32)
	at de.uka.ilkd.key.proof.io.RuleSourceFactory.fromDefaultLocation(RuleSourceFactory.java:21)
	at de.uka.ilkd.key.nparser.builder.IncludeFinder.addInclude(IncludeFinder.java:63)
	at de.uka.ilkd.key.nparser.builder.IncludeFinder.visitOne_include(IncludeFinder.java:43)
	at de.uka.ilkd.key.nparser.builder.IncludeFinder.visitOne_include(IncludeFinder.java:20)
	at de.uka.ilkd.key.nparser.KeYParser$One_includeContext.accept(KeYParser.java:878)
	at de.uka.ilkd.key.nparser.builder.AbstractBuilder.lambda$mapOf$0(AbstractBuilder.java:112)
	at java.base/java.util.stream.ReferencePipeline$3$1.accept(ReferencePipeline.java:195)
	at java.base/java.util.ArrayList$ArrayListSpliterator.forEachRemaining(ArrayList.java:1655)
	at java.base/java.util.stream.AbstractPipeline.copyInto(AbstractPipeline.java:484)
	at java.base/java.util.stream.AbstractPipeline.wrapAndCopyInto(AbstractPipeline.java:474)
	at java.base/java.util.stream.ReduceOps$ReduceOp.evaluateSequential(ReduceOps.java:913)
	at java.base/java.util.stream.AbstractPipeline.evaluate(AbstractPipeline.java:234)
	at java.base/java.util.stream.ReferencePipeline.collect(ReferencePipeline.java:578)
	at de.uka.ilkd.key.nparser.builder.AbstractBuilder.mapOf(AbstractBuilder.java:112)
	at de.uka.ilkd.key.nparser.builder.IncludeFinder.visitOne_include_statement(IncludeFinder.java:35)
	at de.uka.ilkd.key.nparser.builder.IncludeFinder.visitOne_include_statement(IncludeFinder.java:20)
	at de.uka.ilkd.key.nparser.KeYParser$One_include_statementContext.accept(KeYParser.java:802)
	at org.antlr.v4.runtime.tree.AbstractParseTreeVisitor.visitChildren(AbstractParseTreeVisitor.java:46)
	at de.uka.ilkd.key.nparser.KeYParserBaseVisitor.visitDecls(KeYParserBaseVisitor.java:30)
	at de.uka.ilkd.key.nparser.KeYParser$DeclsContext.accept(KeYParser.java:500)
	at org.antlr.v4.runtime.tree.AbstractParseTreeVisitor.visitChildren(AbstractParseTreeVisitor.java:46)
	at de.uka.ilkd.key.nparser.KeYParserBaseVisitor.visitFile(KeYParserBaseVisitor.java:23)
	at de.uka.ilkd.key.nparser.KeYParser$FileContext.accept(KeYParser.java:306)
	at de.uka.ilkd.key.nparser.KeyAst.accept(KeyAst.java:41)
	at de.uka.ilkd.key.nparser.KeyAst$File.getIncludes(KeyAst.java:76)
	at de.uka.ilkd.key.proof.io.KeYFile.readIncludes(KeYFile.java:208)
	... 14 more
Could not find rule file rules/intRulesCheckedSemantics.key (file: /home/runner/work/key/key/key.core/../key.ui/examples/index/../InformationFlow/LoopInvariants/loop.IFLoopExamples(loop.IFLoopExamples__secure_while_2(int)).Non-interference contract.0.m.key; caused by: de.uka.ilkd.key.proof.init.ProofInputException: Could not find rule file rules/intRulesCheckedSemantics.key)
	at de.uka.ilkd.key.control.AbstractUserInterfaceControl.load(AbstractUserInterfaceControl.java:221)
	at de.uka.ilkd.key.control.KeYEnvironment.load(KeYEnvironment.java:251)
	at de.uka.ilkd.key.control.KeYEnvironment.load(KeYEnvironment.java:224)
	at de.uka.ilkd.key.control.KeYEnvironment.load(KeYEnvironment.java:184)
	at de.uka.ilkd.key.control.KeYEnvironment.load(KeYEnvironment.java:261)
	at de.uka.ilkd.key.proof.runallproofs.proofcollection.TestFile.load(TestFile.java:270)
	at de.uka.ilkd.key.proof.runallproofs.proofcollection.TestFile.runKey(TestFile.java:160)
	at de.uka.ilkd.key.proof.runallproofs.proofcollection.ForkedTestFileRunner.main(ForkedTestFileRunner.java:171)
Caused by: de.uka.ilkd.key.proof.init.ProofInputException: Could not find rule file rules/intRulesCheckedSemantics.key
	at de.uka.ilkd.key.proof.io.KeYFile.readIncludes(KeYFile.java:210)
	at de.uka.ilkd.key.proof.init.ProblemInitializer.readIncludes(ProblemInitializer.java:177)
	at de.uka.ilkd.key.proof.init.ProblemInitializer.readEnvInput(ProblemInitializer.java:325)
	at de.uka.ilkd.key.proof.init.ProblemInitializer.prepare(ProblemInitializer.java:449)
	at de.uka.ilkd.key.proof.io.AbstractProblemLoader.createInitConfig(AbstractProblemLoader.java:518)
	at de.uka.ilkd.key.proof.io.AbstractProblemLoader.loadEnvironment(AbstractProblemLoader.java:288)
	at de.uka.ilkd.key.proof.io.AbstractProblemLoader.load(AbstractProblemLoader.java:252)
	at de.uka.ilkd.key.control.AbstractUserInterfaceControl.load(AbstractUserInterfaceControl.java:209)
	... 7 more
Caused by: java.lang.RuntimeException: Could not find rule file rules/intRulesCheckedSemantics.key
	at de.uka.ilkd.key.proof.io.RuleSourceFactory.fromBuiltInRule(RuleSourceFactory.java:32)
	at de.uka.ilkd.key.proof.io.RuleSourceFactory.fromDefaultLocation(RuleSourceFactory.java:21)
	at de.uka.ilkd.key.nparser.builder.IncludeFinder.addInclude(IncludeFinder.java:63)
	at de.uka.ilkd.key.nparser.builder.IncludeFinder.visitOne_include(IncludeFinder.java:43)
	at de.uka.ilkd.key.nparser.builder.IncludeFinder.visitOne_include(IncludeFinder.java:20)
	at de.uka.ilkd.key.nparser.KeYParser$One_includeContext.accept(KeYParser.java:878)
	at de.uka.ilkd.key.nparser.builder.AbstractBuilder.lambda$mapOf$0(AbstractBuilder.java:112)
	at java.base/java.util.stream.ReferencePipeline$3$1.accept(ReferencePipeline.java:195)
	at java.base/java.util.ArrayList$ArrayListSpliterator.forEachRemaining(ArrayList.java:1655)
	at java.base/java.util.stream.AbstractPipeline.copyInto(AbstractPipeline.java:484)
	at java.base/java.util.stream.AbstractPipeline.wrapAndCopyInto(AbstractPipeline.java:474)
	at java.base/java.util.stream.ReduceOps$ReduceOp.evaluateSequential(ReduceOps.java:913)
	at java.base/java.util.stream.AbstractPipeline.evaluate(AbstractPipeline.java:234)
	at java.base/java.util.stream.ReferencePipeline.collect(ReferencePipeline.java:578)
	at de.uka.ilkd.key.nparser.builder.AbstractBuilder.mapOf(AbstractBuilder.java:112)
	at de.uka.ilkd.key.nparser.builder.IncludeFinder.visitOne_include_statement(IncludeFinder.java:35)
	at de.uka.ilkd.key.nparser.builder.IncludeFinder.visitOne_include_statement(IncludeFinder.java:20)
	at de.uka.ilkd.key.nparser.KeYParser$One_include_statementContext.accept(KeYParser.java:802)
	at org.antlr.v4.runtime.tree.AbstractParseTreeVisitor.visitChildren(AbstractParseTreeVisitor.java:46)
	at de.uka.ilkd.key.nparser.KeYParserBaseVisitor.visitDecls(KeYParserBaseVisitor.java:30)
	at de.uka.ilkd.key.nparser.KeYParser$DeclsContext.accept(KeYParser.java:500)
	at org.antlr.v4.runtime.tree.AbstractParseTreeVisitor.visitChildren(AbstractParseTreeVisitor.java:46)
	at de.uka.ilkd.key.nparser.KeYParserBaseVisitor.visitFile(KeYParserBaseVisitor.java:23)
	at de.uka.ilkd.key.nparser.KeYParser$FileContext.accept(KeYParser.java:306)
	at de.uka.ilkd.key.nparser.KeyAst.accept(KeyAst.java:41)
	at de.uka.ilkd.key.nparser.KeyAst$File.getIncludes(KeyAst.java:76)
	at de.uka.ilkd.key.proof.io.KeYFile.readIncludes(KeYFile.java:208)
	... 14 more
Could not find rule file rules/intRulesCheckedSemantics.key (file: /home/runner/work/key/key/key.core/../key.ui/examples/index/../InformationFlow/LoopInvariants/loop.IFLoopExamples(loop.IFLoopExamples__secure_while_4(int)).Non-interference contract.0.m.key; caused by: de.uka.ilkd.key.proof.init.ProofInputException: Could not find rule file rules/intRulesCheckedSemantics.key)
	at de.uka.ilkd.key.control.AbstractUserInterfaceControl.load(AbstractUserInterfaceControl.java:221)
	at de.uka.ilkd.key.control.KeYEnvironment.load(KeYEnvironment.java:251)
	at de.uka.ilkd.key.control.KeYEnvironment.load(KeYEnvironment.java:224)
	at de.uka.ilkd.key.control.KeYEnvironment.load(KeYEnvironment.java:184)
	at de.uka.ilkd.key.control.KeYEnvironment.load(KeYEnvironment.java:261)
	at de.uka.ilkd.key.proof.runallproofs.proofcollection.TestFile.load(TestFile.java:270)
	at de.uka.ilkd.key.proof.runallproofs.proofcollection.TestFile.runKey(TestFile.java:160)
	at de.uka.ilkd.key.proof.runallproofs.proofcollection.ForkedTestFileRunner.main(ForkedTestFileRunner.java:171)
Caused by: de.uka.ilkd.key.proof.init.ProofInputException: Could not find rule file rules/intRulesCheckedSemantics.key
	at de.uka.ilkd.key.proof.io.KeYFile.readIncludes(KeYFile.java:210)
	at de.uka.ilkd.key.proof.init.ProblemInitializer.readIncludes(ProblemInitializer.java:177)
	at de.uka.ilkd.key.proof.init.ProblemInitializer.readEnvInput(ProblemInitializer.java:325)
	at de.uka.ilkd.key.proof.init.ProblemInitializer.prepare(ProblemInitializer.java:449)
	at de.uka.ilkd.key.proof.io.AbstractProblemLoader.createInitConfig(AbstractProblemLoader.java:518)
	at de.uka.ilkd.key.proof.io.AbstractProblemLoader.loadEnvironment(AbstractProblemLoader.java:288)
	at de.uka.ilkd.key.proof.io.AbstractProblemLoader.load(AbstractProblemLoader.java:252)
	at de.uka.ilkd.key.control.AbstractUserInterfaceControl.load(AbstractUserInterfaceControl.java:209)
	... 7 more
Caused by: java.lang.RuntimeException: Could not find rule file rules/intRulesCheckedSemantics.key
	at de.uka.ilkd.key.proof.io.RuleSourceFactory.fromBuiltInRule(RuleSourceFactory.java:32)
	at de.uka.ilkd.key.proof.io.RuleSourceFactory.fromDefaultLocation(RuleSourceFactory.java:21)
	at de.uka.ilkd.key.nparser.builder.IncludeFinder.addInclude(IncludeFinder.java:63)
	at de.uka.ilkd.key.nparser.builder.IncludeFinder.visitOne_include(IncludeFinder.java:43)
	at de.uka.ilkd.key.nparser.builder.IncludeFinder.visitOne_include(IncludeFinder.java:20)
	at de.uka.ilkd.key.nparser.KeYParser$One_includeContext.accept(KeYParser.java:878)
	at de.uka.ilkd.key.nparser.builder.AbstractBuilder.lambda$mapOf$0(AbstractBuilder.java:112)
	at java.base/java.util.stream.ReferencePipeline$3$1.accept(ReferencePipeline.java:195)
	at java.base/java.util.ArrayList$ArrayListSpliterator.forEachRemaining(ArrayList.java:1655)
	at java.base/java.util.stream.AbstractPipeline.copyInto(AbstractPipeline.java:484)
	at java.base/java.util.stream.AbstractPipeline.wrapAndCopyInto(AbstractPipeline.java:474)
	at java.base/java.util.stream.ReduceOps$ReduceOp.evaluateSequential(ReduceOps.java:913)
	at java.base/java.util.stream.AbstractPipeline.evaluate(AbstractPipeline.java:234)
	at java.base/java.util.stream.ReferencePipeline.collect(ReferencePipeline.java:578)
	at de.uka.ilkd.key.nparser.builder.AbstractBuilder.mapOf(AbstractBuilder.java:112)
	at de.uka.ilkd.key.nparser.builder.IncludeFinder.visitOne_include_statement(IncludeFinder.java:35)
	at de.uka.ilkd.key.nparser.builder.IncludeFinder.visitOne_include_statement(IncludeFinder.java:20)
	at de.uka.ilkd.key.nparser.KeYParser$One_include_statementContext.accept(KeYParser.java:802)
	at org.antlr.v4.runtime.tree.AbstractParseTreeVisitor.visitChildren(AbstractParseTreeVisitor.java:46)
	at de.uka.ilkd.key.nparser.KeYParserBaseVisitor.visitDecls(KeYParserBaseVisitor.java:30)
	at de.uka.ilkd.key.nparser.KeYParser$DeclsContext.accept(KeYParser.java:500)
	at org.antlr.v4.runtime.tree.AbstractParseTreeVisitor.visitChildren(AbstractParseTreeVisitor.java:46)
	at de.uka.ilkd.key.nparser.KeYParserBaseVisitor.visitFile(KeYParserBaseVisitor.java:23)
	at de.uka.ilkd.key.nparser.KeYParser$FileContext.accept(KeYParser.java:306)
	at de.uka.ilkd.key.nparser.KeyAst.accept(KeyAst.java:41)
	at de.uka.ilkd.key.nparser.KeyAst$File.getIncludes(KeyAst.java:76)
	at de.uka.ilkd.key.proof.io.KeYFile.readIncludes(KeYFile.java:208)
	... 14 more
Could not find rule file rules/intRulesCheckedSemantics.key (file: /home/runner/work/key/key/key.core/../key.ui/examples/index/../InformationFlow/LoopInvariants/loop.IFLoopExamples(loop.IFLoopExamples__insecure_doubleNestedWhile2(int)).Non-interference contract.0.m.key; caused by: de.uka.ilkd.key.proof.init.ProofInputException: Could not find rule file rules/intRulesCheckedSemantics.key)
	at de.uka.ilkd.key.control.AbstractUserInterfaceControl.load(AbstractUserInterfaceControl.java:221)
	at de.uka.ilkd.key.control.KeYEnvironment.load(KeYEnvironment.java:251)
	at de.uka.ilkd.key.control.KeYEnvironment.load(KeYEnvironment.java:224)
	at de.uka.ilkd.key.control.KeYEnvironment.load(KeYEnvironment.java:184)
	at de.uka.ilkd.key.control.KeYEnvironment.load(KeYEnvironment.java:261)
	at de.uka.ilkd.key.proof.runallproofs.proofcollection.TestFile.load(TestFile.java:270)
	at de.uka.ilkd.key.proof.runallproofs.proofcollection.TestFile.runKey(TestFile.java:160)
	at de.uka.ilkd.key.proof.runallproofs.proofcollection.ForkedTestFileRunner.main(ForkedTestFileRunner.java:171)
Caused by: de.uka.ilkd.key.proof.init.ProofInputException: Could not find rule file rules/intRulesCheckedSemantics.key
	at de.uka.ilkd.key.proof.io.KeYFile.readIncludes(KeYFile.java:210)
	at de.uka.ilkd.key.proof.init.ProblemInitializer.readIncludes(ProblemInitializer.java:177)
	at de.uka.ilkd.key.proof.init.ProblemInitializer.readEnvInput(ProblemInitializer.java:325)
	at de.uka.ilkd.key.proof.init.ProblemInitializer.prepare(ProblemInitializer.java:449)
	at de.uka.ilkd.key.proof.io.AbstractProblemLoader.createInitConfig(AbstractProblemLoader.java:518)
	at de.uka.ilkd.key.proof.io.AbstractProblemLoader.loadEnvironment(AbstractProblemLoader.java:288)
	at de.uka.ilkd.key.proof.io.AbstractProblemLoader.load(AbstractProblemLoader.java:252)
	at de.uka.ilkd.key.control.AbstractUserInterfaceControl.load(AbstractUserInterfaceControl.java:209)
	... 7 more
Caused by: java.lang.RuntimeException: Could not find rule file rules/intRulesCheckedSemantics.key
	at de.uka.ilkd.key.proof.io.RuleSourceFactory.fromBuiltInRule(RuleSourceFactory.java:32)
	at de.uka.ilkd.key.proof.io.RuleSourceFactory.fromDefaultLocation(RuleSourceFactory.java:21)
	at de.uka.ilkd.key.nparser.builder.IncludeFinder.addInclude(IncludeFinder.java:63)
	at de.uka.ilkd.key.nparser.builder.IncludeFinder.visitOne_include(IncludeFinder.java:43)
	at de.uka.ilkd.key.nparser.builder.IncludeFinder.visitOne_include(IncludeFinder.java:20)
	at de.uka.ilkd.key.nparser.KeYParser$One_includeContext.accept(KeYParser.java:878)
	at de.uka.ilkd.key.nparser.builder.AbstractBuilder.lambda$mapOf$0(AbstractBuilder.java:112)
	at java.base/java.util.stream.ReferencePipeline$3$1.accept(ReferencePipeline.java:195)
	at java.base/java.util.ArrayList$ArrayListSpliterator.forEachRemaining(ArrayList.java:1655)
	at java.base/java.util.stream.AbstractPipeline.copyInto(AbstractPipeline.java:484)
	at java.base/java.util.stream.AbstractPipeline.wrapAndCopyInto(AbstractPipeline.java:474)
	at java.base/java.util.stream.ReduceOps$ReduceOp.evaluateSequential(ReduceOps.java:913)
	at java.base/java.util.stream.AbstractPipeline.evaluate(AbstractPipeline.java:234)
	at java.base/java.util.stream.ReferencePipeline.collect(ReferencePipeline.java:578)
	at de.uka.ilkd.key.nparser.builder.AbstractBuilder.mapOf(AbstractBuilder.java:112)
	at de.uka.ilkd.key.nparser.builder.IncludeFinder.visitOne_include_statement(IncludeFinder.java:35)
	at de.uka.ilkd.key.nparser.builder.IncludeFinder.visitOne_include_statement(IncludeFinder.java:20)
	at de.uka.ilkd.key.nparser.KeYParser$One_include_statementContext.accept(KeYParser.java:802)
	at org.antlr.v4.runtime.tree.AbstractParseTreeVisitor.visitChildren(AbstractParseTreeVisitor.java:46)
	at de.uka.ilkd.key.nparser.KeYParserBaseVisitor.visitDecls(KeYParserBaseVisitor.java:30)
	at de.uka.ilkd.key.nparser.KeYParser$DeclsContext.accept(KeYParser.java:500)
	at org.antlr.v4.runtime.tree.AbstractParseTreeVisitor.visitChildren(AbstractParseTreeVisitor.java:46)
	at de.uka.ilkd.key.nparser.KeYParserBaseVisitor.visitFile(KeYParserBaseVisitor.java:23)
	at de.uka.ilkd.key.nparser.KeYParser$FileContext.accept(KeYParser.java:306)
	at de.uka.ilkd.key.nparser.KeyAst.accept(KeyAst.java:41)
	at de.uka.ilkd.key.nparser.KeyAst$File.getIncludes(KeyAst.java:76)
	at de.uka.ilkd.key.proof.io.KeYFile.readIncludes(KeYFile.java:208)
	... 14 more
Could not find rule file rules/intRulesCheckedSemantics.key (file: /home/runner/work/key/key/key.core/../key.ui/examples/index/../InformationFlow/LoopInvariants/loop.IFLoopExamples(loop.IFLoopExamples__insecure_doubleNestedWhile(int)).Non-interference contract.0.m.key; caused by: de.uka.ilkd.key.proof.init.ProofInputException: Could not find rule file rules/intRulesCheckedSemantics.key)
	at de.uka.ilkd.key.control.AbstractUserInterfaceControl.load(AbstractUserInterfaceControl.java:221)
	at de.uka.ilkd.key.control.KeYEnvironment.load(KeYEnvironment.java:251)
	at de.uka.ilkd.key.control.KeYEnvironment.load(KeYEnvironment.java:224)
	at de.uka.ilkd.key.control.KeYEnvironment.load(KeYEnvironment.java:184)
	at de.uka.ilkd.key.control.KeYEnvironment.load(KeYEnvironment.java:261)
	at de.uka.ilkd.key.proof.runallproofs.proofcollection.TestFile.load(TestFile.java:270)
	at de.uka.ilkd.key.proof.runallproofs.proofcollection.TestFile.runKey(TestFile.java:160)
	at de.uka.ilkd.key.proof.runallproofs.proofcollection.ForkedTestFileRunner.main(ForkedTestFileRunner.java:171)
Caused by: de.uka.ilkd.key.proof.init.ProofInputException: Could not find rule file rules/intRulesCheckedSemantics.key
	at de.uka.ilkd.key.proof.io.KeYFile.readIncludes(KeYFile.java:210)
	at de.uka.ilkd.key.proof.init.ProblemInitializer.readIncludes(ProblemInitializer.java:177)
	at de.uka.ilkd.key.proof.init.ProblemInitializer.readEnvInput(ProblemInitializer.java:325)
	at de.uka.ilkd.key.proof.init.ProblemInitializer.prepare(ProblemInitializer.java:449)
	at de.uka.ilkd.key.proof.io.AbstractProblemLoader.createInitConfig(AbstractProblemLoader.java:518)
	at de.uka.ilkd.key.proof.io.AbstractProblemLoader.loadEnvironment(AbstractProblemLoader.java:288)
	at de.uka.ilkd.key.proof.io.AbstractProblemLoader.load(AbstractProblemLoader.java:252)
	at de.uka.ilkd.key.control.AbstractUserInterfaceControl.load(AbstractUserInterfaceControl.java:209)
	... 7 more
Caused by: java.lang.RuntimeException: Could not find rule file rules/intRulesCheckedSemantics.key
	at de.uka.ilkd.key.proof.io.RuleSourceFactory.fromBuiltInRule(RuleSourceFactory.java:32)
	at de.uka.ilkd.key.proof.io.RuleSourceFactory.fromDefaultLocation(RuleSourceFactory.java:21)
	at de.uka.ilkd.key.nparser.builder.IncludeFinder.addInclude(IncludeFinder.java:63)
	at de.uka.ilkd.key.nparser.builder.IncludeFinder.visitOne_include(IncludeFinder.java:43)
	at de.uka.ilkd.key.nparser.builder.IncludeFinder.visitOne_include(IncludeFinder.java:20)
	at de.uka.ilkd.key.nparser.KeYParser$One_includeContext.accept(KeYParser.java:878)
	at de.uka.ilkd.key.nparser.builder.AbstractBuilder.lambda$mapOf$0(AbstractBuilder.java:112)
	at java.base/java.util.stream.ReferencePipeline$3$1.accept(ReferencePipeline.java:195)
	at java.base/java.util.ArrayList$ArrayListSpliterator.forEachRemaining(ArrayList.java:1655)
	at java.base/java.util.stream.AbstractPipeline.copyInto(AbstractPipeline.java:484)
	at java.base/java.util.stream.AbstractPipeline.wrapAndCopyInto(AbstractPipeline.java:474)
	at java.base/java.util.stream.ReduceOps$ReduceOp.evaluateSequential(ReduceOps.java:913)
	at java.base/java.util.stream.AbstractPipeline.evaluate(AbstractPipeline.java:234)
	at java.base/java.util.stream.ReferencePipeline.collect(ReferencePipeline.java:578)
	at de.uka.ilkd.key.nparser.builder.AbstractBuilder.mapOf(AbstractBuilder.java:112)
	at de.uka.ilkd.key.nparser.builder.IncludeFinder.visitOne_include_statement(IncludeFinder.java:35)
	at de.uka.ilkd.key.nparser.builder.IncludeFinder.visitOne_include_statement(IncludeFinder.java:20)
	at de.uka.ilkd.key.nparser.KeYParser$One_include_statementContext.accept(KeYParser.java:802)
	at org.antlr.v4.runtime.tree.AbstractParseTreeVisitor.visitChildren(AbstractParseTreeVisitor.java:46)
	at de.uka.ilkd.key.nparser.KeYParserBaseVisitor.visitDecls(KeYParserBaseVisitor.java:30)
	at de.uka.ilkd.key.nparser.KeYParser$DeclsContext.accept(KeYParser.java:500)
	at org.antlr.v4.runtime.tree.AbstractParseTreeVisitor.visitChildren(AbstractParseTreeVisitor.java:46)
	at de.uka.ilkd.key.nparser.KeYParserBaseVisitor.visitFile(KeYParserBaseVisitor.java:23)
	at de.uka.ilkd.key.nparser.KeYParser$FileContext.accept(KeYParser.java:306)
	at de.uka.ilkd.key.nparser.KeyAst.accept(KeyAst.java:41)
	at de.uka.ilkd.key.nparser.KeyAst$File.getIncludes(KeyAst.java:76)
	at de.uka.ilkd.key.proof.io.KeYFile.readIncludes(KeYFile.java:208)
	... 14 more
Could not find rule file rules/intRulesCheckedSemantics.key (file: /home/runner/work/key/key/key.core/../key.ui/examples/index/../InformationFlow/LoopInvariants/loop.IFLoopExamples(loop.IFLoopExamples__secure_doubleNestedWhile(int)).Non-interference contract.0.m.key; caused by: de.uka.ilkd.key.proof.init.ProofInputException: Could not find rule file rules/intRulesCheckedSemantics.key)
	at de.uka.ilkd.key.control.AbstractUserInterfaceControl.load(AbstractUserInterfaceControl.java:221)
	at de.uka.ilkd.key.control.KeYEnvironment.load(KeYEnvironment.java:251)
	at de.uka.ilkd.key.control.KeYEnvironment.load(KeYEnvironment.java:224)
	at de.uka.ilkd.key.control.KeYEnvironment.load(KeYEnvironment.java:184)
	at de.uka.ilkd.key.control.KeYEnvironment.load(KeYEnvironment.java:261)
	at de.uka.ilkd.key.proof.runallproofs.proofcollection.TestFile.load(TestFile.java:270)
	at de.uka.ilkd.key.proof.runallproofs.proofcollection.TestFile.runKey(TestFile.java:160)
	at de.uka.ilkd.key.proof.runallproofs.proofcollection.ForkedTestFileRunner.main(ForkedTestFileRunner.java:171)
Caused by: de.uka.ilkd.key.proof.init.ProofInputException: Could not find rule file rules/intRulesCheckedSemantics.key
	at de.uka.ilkd.key.proof.io.KeYFile.readIncludes(KeYFile.java:210)
	at de.uka.ilkd.key.proof.init.ProblemInitializer.readIncludes(ProblemInitializer.java:177)
	at de.uka.ilkd.key.proof.init.ProblemInitializer.readEnvInput(ProblemInitializer.java:325)
	at de.uka.ilkd.key.proof.init.ProblemInitializer.prepare(ProblemInitializer.java:449)
	at de.uka.ilkd.key.proof.io.AbstractProblemLoader.createInitConfig(AbstractProblemLoader.java:518)
	at de.uka.ilkd.key.proof.io.AbstractProblemLoader.loadEnvironment(AbstractProblemLoader.java:288)
	at de.uka.ilkd.key.proof.io.AbstractProblemLoader.load(AbstractProblemLoader.java:252)
	at de.uka.ilkd.key.control.AbstractUserInterfaceControl.load(AbstractUserInterfaceControl.java:209)
	... 7 more
Caused by: java.lang.RuntimeException: Could not find rule file rules/intRulesCheckedSemantics.key
	at de.uka.ilkd.key.proof.io.RuleSourceFactory.fromBuiltInRule(RuleSourceFactory.java:32)
	at de.uka.ilkd.key.proof.io.RuleSourceFactory.fromDefaultLocation(RuleSourceFactory.java:21)
	at de.uka.ilkd.key.nparser.builder.IncludeFinder.addInclude(IncludeFinder.java:63)
	at de.uka.ilkd.key.nparser.builder.IncludeFinder.visitOne_include(IncludeFinder.java:43)
	at de.uka.ilkd.key.nparser.builder.IncludeFinder.visitOne_include(IncludeFinder.java:20)
	at de.uka.ilkd.key.nparser.KeYParser$One_includeContext.accept(KeYParser.java:878)
	at de.uka.ilkd.key.nparser.builder.AbstractBuilder.lambda$mapOf$0(AbstractBuilder.java:112)
	at java.base/java.util.stream.ReferencePipeline$3$1.accept(ReferencePipeline.java:195)
	at java.base/java.util.ArrayList$ArrayListSpliterator.forEachRemaining(ArrayList.java:1655)
	at java.base/java.util.stream.AbstractPipeline.copyInto(AbstractPipeline.java:484)
	at java.base/java.util.stream.AbstractPipeline.wrapAndCopyInto(AbstractPipeline.java:474)
	at java.base/java.util.stream.ReduceOps$ReduceOp.evaluateSequential(ReduceOps.java:913)
	at java.base/java.util.stream.AbstractPipeline.evaluate(AbstractPipeline.java:234)
	at java.base/java.util.stream.ReferencePipeline.collect(ReferencePipeline.java:578)
	at de.uka.ilkd.key.nparser.builder.AbstractBuilder.mapOf(AbstractBuilder.java:112)
	at de.uka.ilkd.key.nparser.builder.IncludeFinder.visitOne_include_statement(IncludeFinder.java:35)
	at de.uka.ilkd.key.nparser.builder.IncludeFinder.visitOne_include_statement(IncludeFinder.java:20)
	at de.uka.ilkd.key.nparser.KeYParser$One_include_statementContext.accept(KeYParser.java:802)
	at org.antlr.v4.runtime.tree.AbstractParseTreeVisitor.visitChildren(AbstractParseTreeVisitor.java:46)
	at de.uka.ilkd.key.nparser.KeYParserBaseVisitor.visitDecls(KeYParserBaseVisitor.java:30)
	at de.uka.ilkd.key.nparser.KeYParser$DeclsContext.accept(KeYParser.java:500)
	at org.antlr.v4.runtime.tree.AbstractParseTreeVisitor.visitChildren(AbstractParseTreeVisitor.java:46)
	at de.uka.ilkd.key.nparser.KeYParserBaseVisitor.visitFile(KeYParserBaseVisitor.java:23)
	at de.uka.ilkd.key.nparser.KeYParser$FileContext.accept(KeYParser.java:306)
	at de.uka.ilkd.key.nparser.KeyAst.accept(KeyAst.java:41)
	at de.uka.ilkd.key.nparser.KeyAst$File.getIncludes(KeyAst.java:76)
	at de.uka.ilkd.key.proof.io.KeYFile.readIncludes(KeYFile.java:208)
	... 14 more
Could not find rule file rules/intRulesCheckedSemantics.key (file: /home/runner/work/key/key/key.core/../key.ui/examples/index/../InformationFlow/LoopInvariants/loop.IFLoopExamples(loop.IFLoopExamples__secure_nestedTwoWhile(int)).Non-interference contract.0.m.key; caused by: de.uka.ilkd.key.proof.init.ProofInputException: Could not find rule file rules/intRulesCheckedSemantics.key)
	at de.uka.ilkd.key.control.AbstractUserInterfaceControl.load(AbstractUserInterfaceControl.java:221)
	at de.uka.ilkd.key.control.KeYEnvironment.load(KeYEnvironment.java:251)
	at de.uka.ilkd.key.control.KeYEnvironment.load(KeYEnvironment.java:224)
	at de.uka.ilkd.key.control.KeYEnvironment.load(KeYEnvironment.java:184)
	at de.uka.ilkd.key.control.KeYEnvironment.load(KeYEnvironment.java:261)
	at de.uka.ilkd.key.proof.runallproofs.proofcollection.TestFile.load(TestFile.java:270)
	at de.uka.ilkd.key.proof.runallproofs.proofcollection.TestFile.runKey(TestFile.java:160)
	at de.uka.ilkd.key.proof.runallproofs.proofcollection.ForkedTestFileRunner.main(ForkedTestFileRunner.java:171)
Caused by: de.uka.ilkd.key.proof.init.ProofInputException: Could not find rule file rules/intRulesCheckedSemantics.key
	at de.uka.ilkd.key.proof.io.KeYFile.readIncludes(KeYFile.java:210)
	at de.uka.ilkd.key.proof.init.ProblemInitializer.readIncludes(ProblemInitializer.java:177)
	at de.uka.ilkd.key.proof.init.ProblemInitializer.readEnvInput(ProblemInitializer.java:325)
	at de.uka.ilkd.key.proof.init.ProblemInitializer.prepare(ProblemInitializer.java:449)
	at de.uka.ilkd.key.proof.io.AbstractProblemLoader.createInitConfig(AbstractProblemLoader.java:518)
	at de.uka.ilkd.key.proof.io.AbstractProblemLoader.loadEnvironment(AbstractProblemLoader.java:288)
	at de.uka.ilkd.key.proof.io.AbstractProblemLoader.load(AbstractProblemLoader.java:252)
	at de.uka.ilkd.key.control.AbstractUserInterfaceControl.load(AbstractUserInterfaceControl.java:209)
	... 7 more
Caused by: java.lang.RuntimeException: Could not find rule file rules/intRulesCheckedSemantics.key
	at de.uka.ilkd.key.proof.io.RuleSourceFactory.fromBuiltInRule(RuleSourceFactory.java:32)
	at de.uka.ilkd.key.proof.io.RuleSourceFactory.fromDefaultLocation(RuleSourceFactory.java:21)
	at de.uka.ilkd.key.nparser.builder.IncludeFinder.addInclude(IncludeFinder.java:63)
	at de.uka.ilkd.key.nparser.builder.IncludeFinder.visitOne_include(IncludeFinder.java:43)
	at de.uka.ilkd.key.nparser.builder.IncludeFinder.visitOne_include(IncludeFinder.java:20)
	at de.uka.ilkd.key.nparser.KeYParser$One_includeContext.accept(KeYParser.java:878)
	at de.uka.ilkd.key.nparser.builder.AbstractBuilder.lambda$mapOf$0(AbstractBuilder.java:112)
	at java.base/java.util.stream.ReferencePipeline$3$1.accept(ReferencePipeline.java:195)
	at java.base/java.util.ArrayList$ArrayListSpliterator.forEachRemaining(ArrayList.java:1655)
	at java.base/java.util.stream.AbstractPipeline.copyInto(AbstractPipeline.java:484)
	at java.base/java.util.stream.AbstractPipeline.wrapAndCopyInto(AbstractPipeline.java:474)
	at java.base/java.util.stream.ReduceOps$ReduceOp.evaluateSequential(ReduceOps.java:913)
	at java.base/java.util.stream.AbstractPipeline.evaluate(AbstractPipeline.java:234)
	at java.base/java.util.stream.ReferencePipeline.collect(ReferencePipeline.java:578)
	at de.uka.ilkd.key.nparser.builder.AbstractBuilder.mapOf(AbstractBuilder.java:112)
	at de.uka.ilkd.key.nparser.builder.IncludeFinder.visitOne_include_statement(IncludeFinder.java:35)
	at de.uka.ilkd.key.nparser.builder.IncludeFinder.visitOne_include_statement(IncludeFinder.java:20)
	at de.uka.ilkd.key.nparser.KeYParser$One_include_statementContext.accept(KeYParser.java:802)
	at org.antlr.v4.runtime.tree.AbstractParseTreeVisitor.visitChildren(AbstractParseTreeVisitor.java:46)
	at de.uka.ilkd.key.nparser.KeYParserBaseVisitor.visitDecls(KeYParserBaseVisitor.java:30)
	at de.uka.ilkd.key.nparser.KeYParser$DeclsContext.accept(KeYParser.java:500)
	at org.antlr.v4.runtime.tree.AbstractParseTreeVisitor.visitChildren(AbstractParseTreeVisitor.java:46)
	at de.uka.ilkd.key.nparser.KeYParserBaseVisitor.visitFile(KeYParserBaseVisitor.java:23)
	at de.uka.ilkd.key.nparser.KeYParser$FileContext.accept(KeYParser.java:306)
	at de.uka.ilkd.key.nparser.KeyAst.accept(KeyAst.java:41)
	at de.uka.ilkd.key.nparser.KeyAst$File.getIncludes(KeyAst.java:76)
	at de.uka.ilkd.key.proof.io.KeYFile.readIncludes(KeYFile.java:208)
	... 14 more
Could not find rule file rules/intRulesCheckedSemantics.key (file: /home/runner/work/key/key/key.core/../key.ui/examples/index/../InformationFlow/LoopInvariants/loop.IFLoopExamples(loop.IFLoopExamples__secure_nestedWhile(int)).Non-interference contract.0.m.key; caused by: de.uka.ilkd.key.proof.init.ProofInputException: Could not find rule file rules/intRulesCheckedSemantics.key)
	at de.uka.ilkd.key.control.AbstractUserInterfaceControl.load(AbstractUserInterfaceControl.java:221)
	at de.uka.ilkd.key.control.KeYEnvironment.load(KeYEnvironment.java:251)
	at de.uka.ilkd.key.control.KeYEnvironment.load(KeYEnvironment.java:224)
	at de.uka.ilkd.key.control.KeYEnvironment.load(KeYEnvironment.java:184)
	at de.uka.ilkd.key.control.KeYEnvironment.load(KeYEnvironment.java:261)
	at de.uka.ilkd.key.proof.runallproofs.proofcollection.TestFile.load(TestFile.java:270)
	at de.uka.ilkd.key.proof.runallproofs.proofcollection.TestFile.runKey(TestFile.java:160)
	at de.uka.ilkd.key.proof.runallproofs.proofcollection.ForkedTestFileRunner.main(ForkedTestFileRunner.java:171)
Caused by: de.uka.ilkd.key.proof.init.ProofInputException: Could not find rule file rules/intRulesCheckedSemantics.key
	at de.uka.ilkd.key.proof.io.KeYFile.readIncludes(KeYFile.java:210)
	at de.uka.ilkd.key.proof.init.ProblemInitializer.readIncludes(ProblemInitializer.java:177)
	at de.uka.ilkd.key.proof.init.ProblemInitializer.readEnvInput(ProblemInitializer.java:325)
	at de.uka.ilkd.key.proof.init.ProblemInitializer.prepare(ProblemInitializer.java:449)
	at de.uka.ilkd.key.proof.io.AbstractProblemLoader.createInitConfig(AbstractProblemLoader.java:518)
	at de.uka.ilkd.key.proof.io.AbstractProblemLoader.loadEnvironment(AbstractProblemLoader.java:288)
	at de.uka.ilkd.key.proof.io.AbstractProblemLoader.load(AbstractProblemLoader.java:252)
	at de.uka.ilkd.key.control.AbstractUserInterfaceControl.load(AbstractUserInterfaceControl.java:209)
	... 7 more
Caused by: java.lang.RuntimeException: Could not find rule file rules/intRulesCheckedSemantics.key
	at de.uka.ilkd.key.proof.io.RuleSourceFactory.fromBuiltInRule(RuleSourceFactory.java:32)
	at de.uka.ilkd.key.proof.io.RuleSourceFactory.fromDefaultLocation(RuleSourceFactory.java:21)
	at de.uka.ilkd.key.nparser.builder.IncludeFinder.addInclude(IncludeFinder.java:63)
	at de.uka.ilkd.key.nparser.builder.IncludeFinder.visitOne_include(IncludeFinder.java:43)
	at de.uka.ilkd.key.nparser.builder.IncludeFinder.visitOne_include(IncludeFinder.java:20)
	at de.uka.ilkd.key.nparser.KeYParser$One_includeContext.accept(KeYParser.java:878)
	at de.uka.ilkd.key.nparser.builder.AbstractBuilder.lambda$mapOf$0(AbstractBuilder.java:112)
	at java.base/java.util.stream.ReferencePipeline$3$1.accept(ReferencePipeline.java:195)
	at java.base/java.util.ArrayList$ArrayListSpliterator.forEachRemaining(ArrayList.java:1655)
	at java.base/java.util.stream.AbstractPipeline.copyInto(AbstractPipeline.java:484)
	at java.base/java.util.stream.AbstractPipeline.wrapAndCopyInto(AbstractPipeline.java:474)
	at java.base/java.util.stream.ReduceOps$ReduceOp.evaluateSequential(ReduceOps.java:913)
	at java.base/java.util.stream.AbstractPipeline.evaluate(AbstractPipeline.java:234)
	at java.base/java.util.stream.ReferencePipeline.collect(ReferencePipeline.java:578)
	at de.uka.ilkd.key.nparser.builder.AbstractBuilder.mapOf(AbstractBuilder.java:112)
	at de.uka.ilkd.key.nparser.builder.IncludeFinder.visitOne_include_statement(IncludeFinder.java:35)
	at de.uka.ilkd.key.nparser.builder.IncludeFinder.visitOne_include_statement(IncludeFinder.java:20)
	at de.uka.ilkd.key.nparser.KeYParser$One_include_statementContext.accept(KeYParser.java:802)
	at org.antlr.v4.runtime.tree.AbstractParseTreeVisitor.visitChildren(AbstractParseTreeVisitor.java:46)
	at de.uka.ilkd.key.nparser.KeYParserBaseVisitor.visitDecls(KeYParserBaseVisitor.java:30)
	at de.uka.ilkd.key.nparser.KeYParser$DeclsContext.accept(KeYParser.java:500)
	at org.antlr.v4.runtime.tree.AbstractParseTreeVisitor.visitChildren(AbstractParseTreeVisitor.java:46)
	at de.uka.ilkd.key.nparser.KeYParserBaseVisitor.visitFile(KeYParserBaseVisitor.java:23)
	at de.uka.ilkd.key.nparser.KeYParser$FileContext.accept(KeYParser.java:306)
	at de.uka.ilkd.key.nparser.KeyAst.accept(KeyAst.java:41)
	at de.uka.ilkd.key.nparser.KeyAst$File.getIncludes(KeyAst.java:76)
	at de.uka.ilkd.key.proof.io.KeYFile.readIncludes(KeYFile.java:208)
	... 14 more
Could not find rule file rules/intRulesCheckedSemantics.key (file: /home/runner/work/key/key/key.core/../key.ui/examples/index/../InformationFlow/LoopInvariants/loop.IFLoopExamples(loop.IFLoopExamples__notSecure_while(int)).Non-interference contract.0.m.key; caused by: de.uka.ilkd.key.proof.init.ProofInputException: Could not find rule file rules/intRulesCheckedSemantics.key)
	at de.uka.ilkd.key.control.AbstractUserInterfaceControl.load(AbstractUserInterfaceControl.java:221)
	at de.uka.ilkd.key.control.KeYEnvironment.load(KeYEnvironment.java:251)
	at de.uka.ilkd.key.control.KeYEnvironment.load(KeYEnvironment.java:224)
	at de.uka.ilkd.key.control.KeYEnvironment.load(KeYEnvironment.java:184)
	at de.uka.ilkd.key.control.KeYEnvironment.load(KeYEnvironment.java:261)
	at de.uka.ilkd.key.proof.runallproofs.proofcollection.TestFile.load(TestFile.java:270)
	at de.uka.ilkd.key.proof.runallproofs.proofcollection.TestFile.runKey(TestFile.java:160)
	at de.uka.ilkd.key.proof.runallproofs.proofcollection.ForkedTestFileRunner.main(ForkedTestFileRunner.java:171)
Caused by: de.uka.ilkd.key.proof.init.ProofInputException: Could not find rule file rules/intRulesCheckedSemantics.key
	at de.uka.ilkd.key.proof.io.KeYFile.readIncludes(KeYFile.java:210)
	at de.uka.ilkd.key.proof.init.ProblemInitializer.readIncludes(ProblemInitializer.java:177)
	at de.uka.ilkd.key.proof.init.ProblemInitializer.readEnvInput(ProblemInitializer.java:325)
	at de.uka.ilkd.key.proof.init.ProblemInitializer.prepare(ProblemInitializer.java:449)
	at de.uka.ilkd.key.proof.io.AbstractProblemLoader.createInitConfig(AbstractProblemLoader.java:518)
	at de.uka.ilkd.key.proof.io.AbstractProblemLoader.loadEnvironment(AbstractProblemLoader.java:288)
	at de.uka.ilkd.key.proof.io.AbstractProblemLoader.load(AbstractProblemLoader.java:252)
	at de.uka.ilkd.key.control.AbstractUserInterfaceControl.load(AbstractUserInterfaceControl.java:209)
	... 7 more
Caused by: java.lang.RuntimeException: Could not find rule file rules/intRulesCheckedSemantics.key
	at de.uka.ilkd.key.proof.io.RuleSourceFactory.fromBuiltInRule(RuleSourceFactory.java:32)
	at de.uka.ilkd.key.proof.io.RuleSourceFactory.fromDefaultLocation(RuleSourceFactory.java:21)
	at de.uka.ilkd.key.nparser.builder.IncludeFinder.addInclude(IncludeFinder.java:63)
	at de.uka.ilkd.key.nparser.builder.IncludeFinder.visitOne_include(IncludeFinder.java:43)
	at de.uka.ilkd.key.nparser.builder.IncludeFinder.visitOne_include(IncludeFinder.java:20)
	at de.uka.ilkd.key.nparser.KeYParser$One_includeContext.accept(KeYParser.java:878)
	at de.uka.ilkd.key.nparser.builder.AbstractBuilder.lambda$mapOf$0(AbstractBuilder.java:112)
	at java.base/java.util.stream.ReferencePipeline$3$1.accept(ReferencePipeline.java:195)
	at java.base/java.util.ArrayList$ArrayListSpliterator.forEachRemaining(ArrayList.java:1655)
	at java.base/java.util.stream.AbstractPipeline.copyInto(AbstractPipeline.java:484)
	at java.base/java.util.stream.AbstractPipeline.wrapAndCopyInto(AbstractPipeline.java:474)
	at java.base/java.util.stream.ReduceOps$ReduceOp.evaluateSequential(ReduceOps.java:913)
	at java.base/java.util.stream.AbstractPipeline.evaluate(AbstractPipeline.java:234)
	at java.base/java.util.stream.ReferencePipeline.collect(ReferencePipeline.java:578)
	at de.uka.ilkd.key.nparser.builder.AbstractBuilder.mapOf(AbstractBuilder.java:112)
	at de.uka.ilkd.key.nparser.builder.IncludeFinder.visitOne_include_statement(IncludeFinder.java:35)
	at de.uka.ilkd.key.nparser.builder.IncludeFinder.visitOne_include_statement(IncludeFinder.java:20)
	at de.uka.ilkd.key.nparser.KeYParser$One_include_statementContext.accept(KeYParser.java:802)
	at org.antlr.v4.runtime.tree.AbstractParseTreeVisitor.visitChildren(AbstractParseTreeVisitor.java:46)
	at de.uka.ilkd.key.nparser.KeYParserBaseVisitor.visitDecls(KeYParserBaseVisitor.java:30)
	at de.uka.ilkd.key.nparser.KeYParser$DeclsContext.accept(KeYParser.java:500)
	at org.antlr.v4.runtime.tree.AbstractParseTreeVisitor.visitChildren(AbstractParseTreeVisitor.java:46)
	at de.uka.ilkd.key.nparser.KeYParserBaseVisitor.visitFile(KeYParserBaseVisitor.java:23)
	at de.uka.ilkd.key.nparser.KeYParser$FileContext.accept(KeYParser.java:306)
	at de.uka.ilkd.key.nparser.KeyAst.accept(KeyAst.java:41)
	at de.uka.ilkd.key.nparser.KeyAst$File.getIncludes(KeyAst.java:76)
	at de.uka.ilkd.key.proof.io.KeYFile.readIncludes(KeYFile.java:208)
	... 14 more
Could not find rule file rules/intRulesCheckedSemantics.key (file: /home/runner/work/key/key/key.core/../key.ui/examples/index/../InformationFlow/LoopInvariants/loop.IFLoopExamples(loop.IFLoopExamples__notSecure_while_wrongInv(int)).Non-interference contract.0.m.key; caused by: de.uka.ilkd.key.proof.init.ProofInputException: Could not find rule file rules/intRulesCheckedSemantics.key)
	at de.uka.ilkd.key.control.AbstractUserInterfaceControl.load(AbstractUserInterfaceControl.java:221)
	at de.uka.ilkd.key.control.KeYEnvironment.load(KeYEnvironment.java:251)
	at de.uka.ilkd.key.control.KeYEnvironment.load(KeYEnvironment.java:224)
	at de.uka.ilkd.key.control.KeYEnvironment.load(KeYEnvironment.java:184)
	at de.uka.ilkd.key.control.KeYEnvironment.load(KeYEnvironment.java:261)
	at de.uka.ilkd.key.proof.runallproofs.proofcollection.TestFile.load(TestFile.java:270)
	at de.uka.ilkd.key.proof.runallproofs.proofcollection.TestFile.runKey(TestFile.java:160)
	at de.uka.ilkd.key.proof.runallproofs.proofcollection.ForkedTestFileRunner.main(ForkedTestFileRunner.java:171)
Caused by: de.uka.ilkd.key.proof.init.ProofInputException: Could not find rule file rules/intRulesCheckedSemantics.key
	at de.uka.ilkd.key.proof.io.KeYFile.readIncludes(KeYFile.java:210)
	at de.uka.ilkd.key.proof.init.ProblemInitializer.readIncludes(ProblemInitializer.java:177)
	at de.uka.ilkd.key.proof.init.ProblemInitializer.readEnvInput(ProblemInitializer.java:325)
	at de.uka.ilkd.key.proof.init.ProblemInitializer.prepare(ProblemInitializer.java:449)
	at de.uka.ilkd.key.proof.io.AbstractProblemLoader.createInitConfig(AbstractProblemLoader.java:518)
	at de.uka.ilkd.key.proof.io.AbstractProblemLoader.loadEnvironment(AbstractProblemLoader.java:288)
	at de.uka.ilkd.key.proof.io.AbstractProblemLoader.load(AbstractProblemLoader.java:252)
	at de.uka.ilkd.key.control.AbstractUserInterfaceControl.load(AbstractUserInterfaceControl.java:209)
	... 7 more
Caused by: java.lang.RuntimeException: Could not find rule file rules/intRulesCheckedSemantics.key
	at de.uka.ilkd.key.proof.io.RuleSourceFactory.fromBuiltInRule(RuleSourceFactory.java:32)
	at de.uka.ilkd.key.proof.io.RuleSourceFactory.fromDefaultLocation(RuleSourceFactory.java:21)
	at de.uka.ilkd.key.nparser.builder.IncludeFinder.addInclude(IncludeFinder.java:63)
	at de.uka.ilkd.key.nparser.builder.IncludeFinder.visitOne_include(IncludeFinder.java:43)
	at de.uka.ilkd.key.nparser.builder.IncludeFinder.visitOne_include(IncludeFinder.java:20)
	at de.uka.ilkd.key.nparser.KeYParser$One_includeContext.accept(KeYParser.java:878)
	at de.uka.ilkd.key.nparser.builder.AbstractBuilder.lambda$mapOf$0(AbstractBuilder.java:112)
	at java.base/java.util.stream.ReferencePipeline$3$1.accept(ReferencePipeline.java:195)
	at java.base/java.util.ArrayList$ArrayListSpliterator.forEachRemaining(ArrayList.java:1655)
	at java.base/java.util.stream.AbstractPipeline.copyInto(AbstractPipeline.java:484)
	at java.base/java.util.stream.AbstractPipeline.wrapAndCopyInto(AbstractPipeline.java:474)
	at java.base/java.util.stream.ReduceOps$ReduceOp.evaluateSequential(ReduceOps.java:913)
	at java.base/java.util.stream.AbstractPipeline.evaluate(AbstractPipeline.java:234)
	at java.base/java.util.stream.ReferencePipeline.collect(ReferencePipeline.java:578)
	at de.uka.ilkd.key.nparser.builder.AbstractBuilder.mapOf(AbstractBuilder.java:112)
	at de.uka.ilkd.key.nparser.builder.IncludeFinder.visitOne_include_statement(IncludeFinder.java:35)
	at de.uka.ilkd.key.nparser.builder.IncludeFinder.visitOne_include_statement(IncludeFinder.java:20)
	at de.uka.ilkd.key.nparser.KeYParser$One_include_statementContext.accept(KeYParser.java:802)
	at org.antlr.v4.runtime.tree.AbstractParseTreeVisitor.visitChildren(AbstractParseTreeVisitor.java:46)
	at de.uka.ilkd.key.nparser.KeYParserBaseVisitor.visitDecls(KeYParserBaseVisitor.java:30)
	at de.uka.ilkd.key.nparser.KeYParser$DeclsContext.accept(KeYParser.java:500)
	at org.antlr.v4.runtime.tree.AbstractParseTreeVisitor.visitChildren(AbstractParseTreeVisitor.java:46)
	at de.uka.ilkd.key.nparser.KeYParserBaseVisitor.visitFile(KeYParserBaseVisitor.java:23)
	at de.uka.ilkd.key.nparser.KeYParser$FileContext.accept(KeYParser.java:306)
	at de.uka.ilkd.key.nparser.KeyAst.accept(KeyAst.java:41)
	at de.uka.ilkd.key.nparser.KeyAst$File.getIncludes(KeyAst.java:76)
	at de.uka.ilkd.key.proof.io.KeYFile.readIncludes(KeYFile.java:208)
	... 14 more
Could not find rule file rules/intRulesCheckedSemantics.key (file: /home/runner/work/key/key/key.core/../key.ui/examples/index/../InformationFlow/LoopInvariants/loop.IFLoopExamples(loop.IFLoopExamples__insecure_twoWhile(int)).Non-interference contract.0.m.key; caused by: de.uka.ilkd.key.proof.init.ProofInputException: Could not find rule file rules/intRulesCheckedSemantics.key)
	at de.uka.ilkd.key.control.AbstractUserInterfaceControl.load(AbstractUserInterfaceControl.java:221)
	at de.uka.ilkd.key.control.KeYEnvironment.load(KeYEnvironment.java:251)
	at de.uka.ilkd.key.control.KeYEnvironment.load(KeYEnvironment.java:224)
	at de.uka.ilkd.key.control.KeYEnvironment.load(KeYEnvironment.java:184)
	at de.uka.ilkd.key.control.KeYEnvironment.load(KeYEnvironment.java:261)
	at de.uka.ilkd.key.proof.runallproofs.proofcollection.TestFile.load(TestFile.java:270)
	at de.uka.ilkd.key.proof.runallproofs.proofcollection.TestFile.runKey(TestFile.java:160)
	at de.uka.ilkd.key.proof.runallproofs.proofcollection.ForkedTestFileRunner.main(ForkedTestFileRunner.java:171)
Caused by: de.uka.ilkd.key.proof.init.ProofInputException: Could not find rule file rules/intRulesCheckedSemantics.key
	at de.uka.ilkd.key.proof.io.KeYFile.readIncludes(KeYFile.java:210)
	at de.uka.ilkd.key.proof.init.ProblemInitializer.readIncludes(ProblemInitializer.java:177)
	at de.uka.ilkd.key.proof.init.ProblemInitializer.readEnvInput(ProblemInitializer.java:325)
	at de.uka.ilkd.key.proof.init.ProblemInitializer.prepare(ProblemInitializer.java:449)
	at de.uka.ilkd.key.proof.io.AbstractProblemLoader.createInitConfig(AbstractProblemLoader.java:518)
	at de.uka.ilkd.key.proof.io.AbstractProblemLoader.loadEnvironment(AbstractProblemLoader.java:288)
	at de.uka.ilkd.key.proof.io.AbstractProblemLoader.load(AbstractProblemLoader.java:252)
	at de.uka.ilkd.key.control.AbstractUserInterfaceControl.load(AbstractUserInterfaceControl.java:209)
	... 7 more
Caused by: java.lang.RuntimeException: Could not find rule file rules/intRulesCheckedSemantics.key
	at de.uka.ilkd.key.proof.io.RuleSourceFactory.fromBuiltInRule(RuleSourceFactory.java:32)
	at de.uka.ilkd.key.proof.io.RuleSourceFactory.fromDefaultLocation(RuleSourceFactory.java:21)
	at de.uka.ilkd.key.nparser.builder.IncludeFinder.addInclude(IncludeFinder.java:63)
	at de.uka.ilkd.key.nparser.builder.IncludeFinder.visitOne_include(IncludeFinder.java:43)
	at de.uka.ilkd.key.nparser.builder.IncludeFinder.visitOne_include(IncludeFinder.java:20)
	at de.uka.ilkd.key.nparser.KeYParser$One_includeContext.accept(KeYParser.java:878)
	at de.uka.ilkd.key.nparser.builder.AbstractBuilder.lambda$mapOf$0(AbstractBuilder.java:112)
	at java.base/java.util.stream.ReferencePipeline$3$1.accept(ReferencePipeline.java:195)
	at java.base/java.util.ArrayList$ArrayListSpliterator.forEachRemaining(ArrayList.java:1655)
	at java.base/java.util.stream.AbstractPipeline.copyInto(AbstractPipeline.java:484)
	at java.base/java.util.stream.AbstractPipeline.wrapAndCopyInto(AbstractPipeline.java:474)
	at java.base/java.util.stream.ReduceOps$ReduceOp.evaluateSequential(ReduceOps.java:913)
	at java.base/java.util.stream.AbstractPipeline.evaluate(AbstractPipeline.java:234)
	at java.base/java.util.stream.ReferencePipeline.collect(ReferencePipeline.java:578)
	at de.uka.ilkd.key.nparser.builder.AbstractBuilder.mapOf(AbstractBuilder.java:112)
	at de.uka.ilkd.key.nparser.builder.IncludeFinder.visitOne_include_statement(IncludeFinder.java:35)
	at de.uka.ilkd.key.nparser.builder.IncludeFinder.visitOne_include_statement(IncludeFinder.java:20)
	at de.uka.ilkd.key.nparser.KeYParser$One_include_statementContext.accept(KeYParser.java:802)
	at org.antlr.v4.runtime.tree.AbstractParseTreeVisitor.visitChildren(AbstractParseTreeVisitor.java:46)
	at de.uka.ilkd.key.nparser.KeYParserBaseVisitor.visitDecls(KeYParserBaseVisitor.java:30)
	at de.uka.ilkd.key.nparser.KeYParser$DeclsContext.accept(KeYParser.java:500)
	at org.antlr.v4.runtime.tree.AbstractParseTreeVisitor.visitChildren(AbstractParseTreeVisitor.java:46)
	at de.uka.ilkd.key.nparser.KeYParserBaseVisitor.visitFile(KeYParserBaseVisitor.java:23)
	at de.uka.ilkd.key.nparser.KeYParser$FileContext.accept(KeYParser.java:306)
	at de.uka.ilkd.key.nparser.KeyAst.accept(KeyAst.java:41)
	at de.uka.ilkd.key.nparser.KeyAst$File.getIncludes(KeyAst.java:76)
	at de.uka.ilkd.key.proof.io.KeYFile.readIncludes(KeYFile.java:208)
	... 14 more
Could not find rule file rules/intRulesCheckedSemantics.key (file: /home/runner/work/key/key/key.core/../key.ui/examples/index/../InformationFlow/LoopInvariants/loop.IFLoopExamples(loop.IFLoopExamples__insecure_twoWhile_2(int)).Non-interference contract.0.m.key; caused by: de.uka.ilkd.key.proof.init.ProofInputException: Could not find rule file rules/intRulesCheckedSemantics.key)
	at de.uka.ilkd.key.control.AbstractUserInterfaceControl.load(AbstractUserInterfaceControl.java:221)
	at de.uka.ilkd.key.control.KeYEnvironment.load(KeYEnvironment.java:251)
	at de.uka.ilkd.key.control.KeYEnvironment.load(KeYEnvironment.java:224)
	at de.uka.ilkd.key.control.KeYEnvironment.load(KeYEnvironment.java:184)
	at de.uka.ilkd.key.control.KeYEnvironment.load(KeYEnvironment.java:261)
	at de.uka.ilkd.key.proof.runallproofs.proofcollection.TestFile.load(TestFile.java:270)
	at de.uka.ilkd.key.proof.runallproofs.proofcollection.TestFile.runKey(TestFile.java:160)
	at de.uka.ilkd.key.proof.runallproofs.proofcollection.ForkedTestFileRunner.main(ForkedTestFileRunner.java:171)
Caused by: de.uka.ilkd.key.proof.init.ProofInputException: Could not find rule file rules/intRulesCheckedSemantics.key
	at de.uka.ilkd.key.proof.io.KeYFile.readIncludes(KeYFile.java:210)
	at de.uka.ilkd.key.proof.init.ProblemInitializer.readIncludes(ProblemInitializer.java:177)
	at de.uka.ilkd.key.proof.init.ProblemInitializer.readEnvInput(ProblemInitializer.java:325)
	at de.uka.ilkd.key.proof.init.ProblemInitializer.prepare(ProblemInitializer.java:449)
	at de.uka.ilkd.key.proof.io.AbstractProblemLoader.createInitConfig(AbstractProblemLoader.java:518)
	at de.uka.ilkd.key.proof.io.AbstractProblemLoader.loadEnvironment(AbstractProblemLoader.java:288)
	at de.uka.ilkd.key.proof.io.AbstractProblemLoader.load(AbstractProblemLoader.java:252)
	at de.uka.ilkd.key.control.AbstractUserInterfaceControl.load(AbstractUserInterfaceControl.java:209)
	... 7 more
Caused by: java.lang.RuntimeException: Could not find rule file rules/intRulesCheckedSemantics.key
	at de.uka.ilkd.key.proof.io.RuleSourceFactory.fromBuiltInRule(RuleSourceFactory.java:32)
	at de.uka.ilkd.key.proof.io.RuleSourceFactory.fromDefaultLocation(RuleSourceFactory.java:21)
	at de.uka.ilkd.key.nparser.builder.IncludeFinder.addInclude(IncludeFinder.java:63)
	at de.uka.ilkd.key.nparser.builder.IncludeFinder.visitOne_include(IncludeFinder.java:43)
	at de.uka.ilkd.key.nparser.builder.IncludeFinder.visitOne_include(IncludeFinder.java:20)
	at de.uka.ilkd.key.nparser.KeYParser$One_includeContext.accept(KeYParser.java:878)
	at de.uka.ilkd.key.nparser.builder.AbstractBuilder.lambda$mapOf$0(AbstractBuilder.java:112)
	at java.base/java.util.stream.ReferencePipeline$3$1.accept(ReferencePipeline.java:195)
	at java.base/java.util.ArrayList$ArrayListSpliterator.forEachRemaining(ArrayList.java:1655)
	at java.base/java.util.stream.AbstractPipeline.copyInto(AbstractPipeline.java:484)
	at java.base/java.util.stream.AbstractPipeline.wrapAndCopyInto(AbstractPipeline.java:474)
	at java.base/java.util.stream.ReduceOps$ReduceOp.evaluateSequential(ReduceOps.java:913)
	at java.base/java.util.stream.AbstractPipeline.evaluate(AbstractPipeline.java:234)
	at java.base/java.util.stream.ReferencePipeline.collect(ReferencePipeline.java:578)
	at de.uka.ilkd.key.nparser.builder.AbstractBuilder.mapOf(AbstractBuilder.java:112)
	at de.uka.ilkd.key.nparser.builder.IncludeFinder.visitOne_include_statement(IncludeFinder.java:35)
	at de.uka.ilkd.key.nparser.builder.IncludeFinder.visitOne_include_statement(IncludeFinder.java:20)
	at de.uka.ilkd.key.nparser.KeYParser$One_include_statementContext.accept(KeYParser.java:802)
	at org.antlr.v4.runtime.tree.AbstractParseTreeVisitor.visitChildren(AbstractParseTreeVisitor.java:46)
	at de.uka.ilkd.key.nparser.KeYParserBaseVisitor.visitDecls(KeYParserBaseVisitor.java:30)
	at de.uka.ilkd.key.nparser.KeYParser$DeclsContext.accept(KeYParser.java:500)
	at org.antlr.v4.runtime.tree.AbstractParseTreeVisitor.visitChildren(AbstractParseTreeVisitor.java:46)
	at de.uka.ilkd.key.nparser.KeYParserBaseVisitor.visitFile(KeYParserBaseVisitor.java:23)
	at de.uka.ilkd.key.nparser.KeYParser$FileContext.accept(KeYParser.java:306)
	at de.uka.ilkd.key.nparser.KeyAst.accept(KeyAst.java:41)
	at de.uka.ilkd.key.nparser.KeyAst$File.getIncludes(KeyAst.java:76)
	at de.uka.ilkd.key.proof.io.KeYFile.readIncludes(KeYFile.java:208)
	... 14 more
Could not find rule file rules/intRulesCheckedSemantics.key (file: /home/runner/work/key/key/key.core/../key.ui/examples/index/../InformationFlow/LoopInvariants/loop.IFLoopExamples(loop.IFLoopExamples__secure_twoWhile(int)).Non-interference contract.0.m.key; caused by: de.uka.ilkd.key.proof.init.ProofInputException: Could not find rule file rules/intRulesCheckedSemantics.key)
	at de.uka.ilkd.key.control.AbstractUserInterfaceControl.load(AbstractUserInterfaceControl.java:221)
	at de.uka.ilkd.key.control.KeYEnvironment.load(KeYEnvironment.java:251)
	at de.uka.ilkd.key.control.KeYEnvironment.load(KeYEnvironment.java:224)
	at de.uka.ilkd.key.control.KeYEnvironment.load(KeYEnvironment.java:184)
	at de.uka.ilkd.key.control.KeYEnvironment.load(KeYEnvironment.java:261)
	at de.uka.ilkd.key.proof.runallproofs.proofcollection.TestFile.load(TestFile.java:270)
	at de.uka.ilkd.key.proof.runallproofs.proofcollection.TestFile.runKey(TestFile.java:160)
	at de.uka.ilkd.key.proof.runallproofs.proofcollection.ForkedTestFileRunner.main(ForkedTestFileRunner.java:171)
Caused by: de.uka.ilkd.key.proof.init.ProofInputException: Could not find rule file rules/intRulesCheckedSemantics.key
	at de.uka.ilkd.key.proof.io.KeYFile.readIncludes(KeYFile.java:210)
	at de.uka.ilkd.key.proof.init.ProblemInitializer.readIncludes(ProblemInitializer.java:177)
	at de.uka.ilkd.key.proof.init.ProblemInitializer.readEnvInput(ProblemInitializer.java:325)
	at de.uka.ilkd.key.proof.init.ProblemInitializer.prepare(ProblemInitializer.java:449)
	at de.uka.ilkd.key.proof.io.AbstractProblemLoader.createInitConfig(AbstractProblemLoader.java:518)
	at de.uka.ilkd.key.proof.io.AbstractProblemLoader.loadEnvironment(AbstractProblemLoader.java:288)
	at de.uka.ilkd.key.proof.io.AbstractProblemLoader.load(AbstractProblemLoader.java:252)
	at de.uka.ilkd.key.control.AbstractUserInterfaceControl.load(AbstractUserInterfaceControl.java:209)
	... 7 more
Caused by: java.lang.RuntimeException: Could not find rule file rules/intRulesCheckedSemantics.key
	at de.uka.ilkd.key.proof.io.RuleSourceFactory.fromBuiltInRule(RuleSourceFactory.java:32)
	at de.uka.ilkd.key.proof.io.RuleSourceFactory.fromDefaultLocation(RuleSourceFactory.java:21)
	at de.uka.ilkd.key.nparser.builder.IncludeFinder.addInclude(IncludeFinder.java:63)
	at de.uka.ilkd.key.nparser.builder.IncludeFinder.visitOne_include(IncludeFinder.java:43)
	at de.uka.ilkd.key.nparser.builder.IncludeFinder.visitOne_include(IncludeFinder.java:20)
	at de.uka.ilkd.key.nparser.KeYParser$One_includeContext.accept(KeYParser.java:878)
	at de.uka.ilkd.key.nparser.builder.AbstractBuilder.lambda$mapOf$0(AbstractBuilder.java:112)
	at java.base/java.util.stream.ReferencePipeline$3$1.accept(ReferencePipeline.java:195)
	at java.base/java.util.ArrayList$ArrayListSpliterator.forEachRemaining(ArrayList.java:1655)
	at java.base/java.util.stream.AbstractPipeline.copyInto(AbstractPipeline.java:484)
	at java.base/java.util.stream.AbstractPipeline.wrapAndCopyInto(AbstractPipeline.java:474)
	at java.base/java.util.stream.ReduceOps$ReduceOp.evaluateSequential(ReduceOps.java:913)
	at java.base/java.util.stream.AbstractPipeline.evaluate(AbstractPipeline.java:234)
	at java.base/java.util.stream.ReferencePipeline.collect(ReferencePipeline.java:578)
	at de.uka.ilkd.key.nparser.builder.AbstractBuilder.mapOf(AbstractBuilder.java:112)
	at de.uka.ilkd.key.nparser.builder.IncludeFinder.visitOne_include_statement(IncludeFinder.java:35)
	at de.uka.ilkd.key.nparser.builder.IncludeFinder.visitOne_include_statement(IncludeFinder.java:20)
	at de.uka.ilkd.key.nparser.KeYParser$One_include_statementContext.accept(KeYParser.java:802)
	at org.antlr.v4.runtime.tree.AbstractParseTreeVisitor.visitChildren(AbstractParseTreeVisitor.java:46)
	at de.uka.ilkd.key.nparser.KeYParserBaseVisitor.visitDecls(KeYParserBaseVisitor.java:30)
	at de.uka.ilkd.key.nparser.KeYParser$DeclsContext.accept(KeYParser.java:500)
	at org.antlr.v4.runtime.tree.AbstractParseTreeVisitor.visitChildren(AbstractParseTreeVisitor.java:46)
	at de.uka.ilkd.key.nparser.KeYParserBaseVisitor.visitFile(KeYParserBaseVisitor.java:23)
	at de.uka.ilkd.key.nparser.KeYParser$FileContext.accept(KeYParser.java:306)
	at de.uka.ilkd.key.nparser.KeyAst.accept(KeyAst.java:41)
	at de.uka.ilkd.key.nparser.KeyAst$File.getIncludes(KeyAst.java:76)
	at de.uka.ilkd.key.proof.io.KeYFile.readIncludes(KeYFile.java:208)
	... 14 more
Could not find rule file rules/intRulesCheckedSemantics.key (file: /home/runner/work/key/key/key.core/../key.ui/examples/index/../InformationFlow/LoopInvariants/loop.IFLoopExamples(loop.IFLoopExamples__loc_secure_while(int)).Non-interference contract.0.m.key; caused by: de.uka.ilkd.key.proof.init.ProofInputException: Could not find rule file rules/intRulesCheckedSemantics.key)
	at de.uka.ilkd.key.control.AbstractUserInterfaceControl.load(AbstractUserInterfaceControl.java:221)
	at de.uka.ilkd.key.control.KeYEnvironment.load(KeYEnvironment.java:251)
	at de.uka.ilkd.key.control.KeYEnvironment.load(KeYEnvironment.java:224)
	at de.uka.ilkd.key.control.KeYEnvironment.load(KeYEnvironment.java:184)
	at de.uka.ilkd.key.control.KeYEnvironment.load(KeYEnvironment.java:261)
	at de.uka.ilkd.key.proof.runallproofs.proofcollection.TestFile.load(TestFile.java:270)
	at de.uka.ilkd.key.proof.runallproofs.proofcollection.TestFile.runKey(TestFile.java:160)
	at de.uka.ilkd.key.proof.runallproofs.proofcollection.ForkedTestFileRunner.main(ForkedTestFileRunner.java:171)
Caused by: de.uka.ilkd.key.proof.init.ProofInputException: Could not find rule file rules/intRulesCheckedSemantics.key
	at de.uka.ilkd.key.proof.io.KeYFile.readIncludes(KeYFile.java:210)
	at de.uka.ilkd.key.proof.init.ProblemInitializer.readIncludes(ProblemInitializer.java:177)
	at de.uka.ilkd.key.proof.init.ProblemInitializer.readEnvInput(ProblemInitializer.java:325)
	at de.uka.ilkd.key.proof.init.ProblemInitializer.prepare(ProblemInitializer.java:449)
	at de.uka.ilkd.key.proof.io.AbstractProblemLoader.createInitConfig(AbstractProblemLoader.java:518)
	at de.uka.ilkd.key.proof.io.AbstractProblemLoader.loadEnvironment(AbstractProblemLoader.java:288)
	at de.uka.ilkd.key.proof.io.AbstractProblemLoader.load(AbstractProblemLoader.java:252)
	at de.uka.ilkd.key.control.AbstractUserInterfaceControl.load(AbstractUserInterfaceControl.java:209)
	... 7 more
Caused by: java.lang.RuntimeException: Could not find rule file rules/intRulesCheckedSemantics.key
	at de.uka.ilkd.key.proof.io.RuleSourceFactory.fromBuiltInRule(RuleSourceFactory.java:32)
	at de.uka.ilkd.key.proof.io.RuleSourceFactory.fromDefaultLocation(RuleSourceFactory.java:21)
	at de.uka.ilkd.key.nparser.builder.IncludeFinder.addInclude(IncludeFinder.java:63)
	at de.uka.ilkd.key.nparser.builder.IncludeFinder.visitOne_include(IncludeFinder.java:43)
	at de.uka.ilkd.key.nparser.builder.IncludeFinder.visitOne_include(IncludeFinder.java:20)
	at de.uka.ilkd.key.nparser.KeYParser$One_includeContext.accept(KeYParser.java:878)
	at de.uka.ilkd.key.nparser.builder.AbstractBuilder.lambda$mapOf$0(AbstractBuilder.java:112)
	at java.base/java.util.stream.ReferencePipeline$3$1.accept(ReferencePipeline.java:195)
	at java.base/java.util.ArrayList$ArrayListSpliterator.forEachRemaining(ArrayList.java:1655)
	at java.base/java.util.stream.AbstractPipeline.copyInto(AbstractPipeline.java:484)
	at java.base/java.util.stream.AbstractPipeline.wrapAndCopyInto(AbstractPipeline.java:474)
	at java.base/java.util.stream.ReduceOps$ReduceOp.evaluateSequential(ReduceOps.java:913)
	at java.base/java.util.stream.AbstractPipeline.evaluate(AbstractPipeline.java:234)
	at java.base/java.util.stream.ReferencePipeline.collect(ReferencePipeline.java:578)
	at de.uka.ilkd.key.nparser.builder.AbstractBuilder.mapOf(AbstractBuilder.java:112)
	at de.uka.ilkd.key.nparser.builder.IncludeFinder.visitOne_include_statement(IncludeFinder.java:35)
	at de.uka.ilkd.key.nparser.builder.IncludeFinder.visitOne_include_statement(IncludeFinder.java:20)
	at de.uka.ilkd.key.nparser.KeYParser$One_include_statementContext.accept(KeYParser.java:802)
	at org.antlr.v4.runtime.tree.AbstractParseTreeVisitor.visitChildren(AbstractParseTreeVisitor.java:46)
	at de.uka.ilkd.key.nparser.KeYParserBaseVisitor.visitDecls(KeYParserBaseVisitor.java:30)
	at de.uka.ilkd.key.nparser.KeYParser$DeclsContext.accept(KeYParser.java:500)
	at org.antlr.v4.runtime.tree.AbstractParseTreeVisitor.visitChildren(AbstractParseTreeVisitor.java:46)
	at de.uka.ilkd.key.nparser.KeYParserBaseVisitor.visitFile(KeYParserBaseVisitor.java:23)
	at de.uka.ilkd.key.nparser.KeYParser$FileContext.accept(KeYParser.java:306)
	at de.uka.ilkd.key.nparser.KeyAst.accept(KeyAst.java:41)
	at de.uka.ilkd.key.nparser.KeyAst$File.getIncludes(KeyAst.java:76)
	at de.uka.ilkd.key.proof.io.KeYFile.readIncludes(KeYFile.java:208)
	... 14 more
Could not find rule file rules/intRulesCheckedSemantics.key (file: /home/runner/work/key/key/key.core/../key.ui/examples/index/../InformationFlow/LoopInvariants/loop.IFLoopExamples(loop.IFLoopExamples__secure_while(int)).Non-interference contract.0.m.key; caused by: de.uka.ilkd.key.proof.init.ProofInputException: Could not find rule file rules/intRulesCheckedSemantics.key)
	at de.uka.ilkd.key.control.AbstractUserInterfaceControl.load(AbstractUserInterfaceControl.java:221)
	at de.uka.ilkd.key.control.KeYEnvironment.load(KeYEnvironment.java:251)
	at de.uka.ilkd.key.control.KeYEnvironment.load(KeYEnvironment.java:224)
	at de.uka.ilkd.key.control.KeYEnvironment.load(KeYEnvironment.java:184)
	at de.uka.ilkd.key.control.KeYEnvironment.load(KeYEnvironment.java:261)
	at de.uka.ilkd.key.proof.runallproofs.proofcollection.TestFile.load(TestFile.java:270)
	at de.uka.ilkd.key.proof.runallproofs.proofcollection.TestFile.runKey(TestFile.java:160)
	at de.uka.ilkd.key.proof.runallproofs.proofcollection.ForkedTestFileRunner.main(ForkedTestFileRunner.java:171)
Caused by: de.uka.ilkd.key.proof.init.ProofInputException: Could not find rule file rules/intRulesCheckedSemantics.key
	at de.uka.ilkd.key.proof.io.KeYFile.readIncludes(KeYFile.java:210)
	at de.uka.ilkd.key.proof.init.ProblemInitializer.readIncludes(ProblemInitializer.java:177)
	at de.uka.ilkd.key.proof.init.ProblemInitializer.readEnvInput(ProblemInitializer.java:325)
	at de.uka.ilkd.key.proof.init.ProblemInitializer.prepare(ProblemInitializer.java:449)
	at de.uka.ilkd.key.proof.io.AbstractProblemLoader.createInitConfig(AbstractProblemLoader.java:518)
	at de.uka.ilkd.key.proof.io.AbstractProblemLoader.loadEnvironment(AbstractProblemLoader.java:288)
	at de.uka.ilkd.key.proof.io.AbstractProblemLoader.load(AbstractProblemLoader.java:252)
	at de.uka.ilkd.key.control.AbstractUserInterfaceControl.load(AbstractUserInterfaceControl.java:209)
	... 7 more
Caused by: java.lang.RuntimeException: Could not find rule file rules/intRulesCheckedSemantics.key
	at de.uka.ilkd.key.proof.io.RuleSourceFactory.fromBuiltInRule(RuleSourceFactory.java:32)
	at de.uka.ilkd.key.proof.io.RuleSourceFactory.fromDefaultLocation(RuleSourceFactory.java:21)
	at de.uka.ilkd.key.nparser.builder.IncludeFinder.addInclude(IncludeFinder.java:63)
	at de.uka.ilkd.key.nparser.builder.IncludeFinder.visitOne_include(IncludeFinder.java:43)
	at de.uka.ilkd.key.nparser.builder.IncludeFinder.visitOne_include(IncludeFinder.java:20)
	at de.uka.ilkd.key.nparser.KeYParser$One_includeContext.accept(KeYParser.java:878)
	at de.uka.ilkd.key.nparser.builder.AbstractBuilder.lambda$mapOf$0(AbstractBuilder.java:112)
	at java.base/java.util.stream.ReferencePipeline$3$1.accept(ReferencePipeline.java:195)
	at java.base/java.util.ArrayList$ArrayListSpliterator.forEachRemaining(ArrayList.java:1655)
	at java.base/java.util.stream.AbstractPipeline.copyInto(AbstractPipeline.java:484)
	at java.base/java.util.stream.AbstractPipeline.wrapAndCopyInto(AbstractPipeline.java:474)
	at java.base/java.util.stream.ReduceOps$ReduceOp.evaluateSequential(ReduceOps.java:913)
	at java.base/java.util.stream.AbstractPipeline.evaluate(AbstractPipeline.java:234)
	at java.base/java.util.stream.ReferencePipeline.collect(ReferencePipeline.java:578)
	at de.uka.ilkd.key.nparser.builder.AbstractBuilder.mapOf(AbstractBuilder.java:112)
	at de.uka.ilkd.key.nparser.builder.IncludeFinder.visitOne_include_statement(IncludeFinder.java:35)
	at de.uka.ilkd.key.nparser.builder.IncludeFinder.visitOne_include_statement(IncludeFinder.java:20)
	at de.uka.ilkd.key.nparser.KeYParser$One_include_statementContext.accept(KeYParser.java:802)
	at org.antlr.v4.runtime.tree.AbstractParseTreeVisitor.visitChildren(AbstractParseTreeVisitor.java:46)
	at de.uka.ilkd.key.nparser.KeYParserBaseVisitor.visitDecls(KeYParserBaseVisitor.java:30)
	at de.uka.ilkd.key.nparser.KeYParser$DeclsContext.accept(KeYParser.java:500)
	at org.antlr.v4.runtime.tree.AbstractParseTreeVisitor.visitChildren(AbstractParseTreeVisitor.java:46)
	at de.uka.ilkd.key.nparser.KeYParserBaseVisitor.visitFile(KeYParserBaseVisitor.java:23)
	at de.uka.ilkd.key.nparser.KeYParser$FileContext.accept(KeYParser.java:306)
	at de.uka.ilkd.key.nparser.KeyAst.accept(KeyAst.java:41)
	at de.uka.ilkd.key.nparser.KeyAst$File.getIncludes(KeyAst.java:76)
	at de.uka.ilkd.key.proof.io.KeYFile.readIncludes(KeYFile.java:208)
	... 14 more
Could not find rule file rules/intRulesCheckedSemantics.key (file: /home/runner/work/key/key/key.core/../key.ui/examples/index/../InformationFlow/LoopInvariants/loop.IFLoopExamples(loop.IFLoopExamples__print(int)).Non-interference contract.0.m.key; caused by: de.uka.ilkd.key.proof.init.ProofInputException: Could not find rule file rules/intRulesCheckedSemantics.key)
	at de.uka.ilkd.key.control.AbstractUserInterfaceControl.load(AbstractUserInterfaceControl.java:221)
	at de.uka.ilkd.key.control.KeYEnvironment.load(KeYEnvironment.java:251)
	at de.uka.ilkd.key.control.KeYEnvironment.load(KeYEnvironment.java:224)
	at de.uka.ilkd.key.control.KeYEnvironment.load(KeYEnvironment.java:184)
	at de.uka.ilkd.key.control.KeYEnvironment.load(KeYEnvironment.java:261)
	at de.uka.ilkd.key.proof.runallproofs.proofcollection.TestFile.load(TestFile.java:270)
	at de.uka.ilkd.key.proof.runallproofs.proofcollection.TestFile.runKey(TestFile.java:160)
	at de.uka.ilkd.key.proof.runallproofs.proofcollection.ForkedTestFileRunner.main(ForkedTestFileRunner.java:171)
Caused by: de.uka.ilkd.key.proof.init.ProofInputException: Could not find rule file rules/intRulesCheckedSemantics.key
	at de.uka.ilkd.key.proof.io.KeYFile.readIncludes(KeYFile.java:210)
	at de.uka.ilkd.key.proof.init.ProblemInitializer.readIncludes(ProblemInitializer.java:177)
	at de.uka.ilkd.key.proof.init.ProblemInitializer.readEnvInput(ProblemInitializer.java:325)
	at de.uka.ilkd.key.proof.init.ProblemInitializer.prepare(ProblemInitializer.java:449)
	at de.uka.ilkd.key.proof.io.AbstractProblemLoader.createInitConfig(AbstractProblemLoader.java:518)
	at de.uka.ilkd.key.proof.io.AbstractProblemLoader.loadEnvironment(AbstractProblemLoader.java:288)
	at de.uka.ilkd.key.proof.io.AbstractProblemLoader.load(AbstractProblemLoader.java:252)
	at de.uka.ilkd.key.control.AbstractUserInterfaceControl.load(AbstractUserInterfaceControl.java:209)
	... 7 more
Caused by: java.lang.RuntimeException: Could not find rule file rules/intRulesCheckedSemantics.key
	at de.uka.ilkd.key.proof.io.RuleSourceFactory.fromBuiltInRule(RuleSourceFactory.java:32)
	at de.uka.ilkd.key.proof.io.RuleSourceFactory.fromDefaultLocation(RuleSourceFactory.java:21)
	at de.uka.ilkd.key.nparser.builder.IncludeFinder.addInclude(IncludeFinder.java:63)
	at de.uka.ilkd.key.nparser.builder.IncludeFinder.visitOne_include(IncludeFinder.java:43)
	at de.uka.ilkd.key.nparser.builder.IncludeFinder.visitOne_include(IncludeFinder.java:20)
	at de.uka.ilkd.key.nparser.KeYParser$One_includeContext.accept(KeYParser.java:878)
	at de.uka.ilkd.key.nparser.builder.AbstractBuilder.lambda$mapOf$0(AbstractBuilder.java:112)
	at java.base/java.util.stream.ReferencePipeline$3$1.accept(ReferencePipeline.java:195)
	at java.base/java.util.ArrayList$ArrayListSpliterator.forEachRemaining(ArrayList.java:1655)
	at java.base/java.util.stream.AbstractPipeline.copyInto(AbstractPipeline.java:484)
	at java.base/java.util.stream.AbstractPipeline.wrapAndCopyInto(AbstractPipeline.java:474)
	at java.base/java.util.stream.ReduceOps$ReduceOp.evaluateSequential(ReduceOps.java:913)
	at java.base/java.util.stream.AbstractPipeline.evaluate(AbstractPipeline.java:234)
	at java.base/java.util.stream.ReferencePipeline.collect(ReferencePipeline.java:578)
	at de.uka.ilkd.key.nparser.builder.AbstractBuilder.mapOf(AbstractBuilder.java:112)
	at de.uka.ilkd.key.nparser.builder.IncludeFinder.visitOne_include_statement(IncludeFinder.java:35)
	at de.uka.ilkd.key.nparser.builder.IncludeFinder.visitOne_include_statement(IncludeFinder.java:20)
	at de.uka.ilkd.key.nparser.KeYParser$One_include_statementContext.accept(KeYParser.java:802)
	at org.antlr.v4.runtime.tree.AbstractParseTreeVisitor.visitChildren(AbstractParseTreeVisitor.java:46)
	at de.uka.ilkd.key.nparser.KeYParserBaseVisitor.visitDecls(KeYParserBaseVisitor.java:30)
	at de.uka.ilkd.key.nparser.KeYParser$DeclsContext.accept(KeYParser.java:500)
	at org.antlr.v4.runtime.tree.AbstractParseTreeVisitor.visitChildren(AbstractParseTreeVisitor.java:46)
	at de.uka.ilkd.key.nparser.KeYParserBaseVisitor.visitFile(KeYParserBaseVisitor.java:23)
	at de.uka.ilkd.key.nparser.KeYParser$FileContext.accept(KeYParser.java:306)
	at de.uka.ilkd.key.nparser.KeyAst.accept(KeyAst.java:41)
	at de.uka.ilkd.key.nparser.KeyAst$File.getIncludes(KeyAst.java:76)
	at de.uka.ilkd.key.proof.io.KeYFile.readIncludes(KeYFile.java:208)
	... 14 more
Could not find rule file rules/intRulesCheckedSemantics.key (file: /home/runner/work/key/key/key.core/../key.ui/examples/index/../InformationFlow/LoopInvariants/loop.IFLoopExamples(loop.IFLoopExamples__hammer(int)).Non-interference contract.0.m.key; caused by: de.uka.ilkd.key.proof.init.ProofInputException: Could not find rule file rules/intRulesCheckedSemantics.key)
	at de.uka.ilkd.key.control.AbstractUserInterfaceControl.load(AbstractUserInterfaceControl.java:221)
	at de.uka.ilkd.key.control.KeYEnvironment.load(KeYEnvironment.java:251)
	at de.uka.ilkd.key.control.KeYEnvironment.load(KeYEnvironment.java:224)
	at de.uka.ilkd.key.control.KeYEnvironment.load(KeYEnvironment.java:184)
	at de.uka.ilkd.key.control.KeYEnvironment.load(KeYEnvironment.java:261)
	at de.uka.ilkd.key.proof.runallproofs.proofcollection.TestFile.load(TestFile.java:270)
	at de.uka.ilkd.key.proof.runallproofs.proofcollection.TestFile.runKey(TestFile.java:160)
	at de.uka.ilkd.key.proof.runallproofs.proofcollection.ForkedTestFileRunner.main(ForkedTestFileRunner.java:171)
Caused by: de.uka.ilkd.key.proof.init.ProofInputException: Could not find rule file rules/intRulesCheckedSemantics.key
	at de.uka.ilkd.key.proof.io.KeYFile.readIncludes(KeYFile.java:210)
	at de.uka.ilkd.key.proof.init.ProblemInitializer.readIncludes(ProblemInitializer.java:177)
	at de.uka.ilkd.key.proof.init.ProblemInitializer.readEnvInput(ProblemInitializer.java:325)
	at de.uka.ilkd.key.proof.init.ProblemInitializer.prepare(ProblemInitializer.java:449)
	at de.uka.ilkd.key.proof.io.AbstractProblemLoader.createInitConfig(AbstractProblemLoader.java:518)
	at de.uka.ilkd.key.proof.io.AbstractProblemLoader.loadEnvironment(AbstractProblemLoader.java:288)
	at de.uka.ilkd.key.proof.io.AbstractProblemLoader.load(AbstractProblemLoader.java:252)
	at de.uka.ilkd.key.control.AbstractUserInterfaceControl.load(AbstractUserInterfaceControl.java:209)
	... 7 more
Caused by: java.lang.RuntimeException: Could not find rule file rules/intRulesCheckedSemantics.key
	at de.uka.ilkd.key.proof.io.RuleSourceFactory.fromBuiltInRule(RuleSourceFactory.java:32)
	at de.uka.ilkd.key.proof.io.RuleSourceFactory.fromDefaultLocation(RuleSourceFactory.java:21)
	at de.uka.ilkd.key.nparser.builder.IncludeFinder.addInclude(IncludeFinder.java:63)
	at de.uka.ilkd.key.nparser.builder.IncludeFinder.visitOne_include(IncludeFinder.java:43)
	at de.uka.ilkd.key.nparser.builder.IncludeFinder.visitOne_include(IncludeFinder.java:20)
	at de.uka.ilkd.key.nparser.KeYParser$One_includeContext.accept(KeYParser.java:878)
	at de.uka.ilkd.key.nparser.builder.AbstractBuilder.lambda$mapOf$0(AbstractBuilder.java:112)
	at java.base/java.util.stream.ReferencePipeline$3$1.accept(ReferencePipeline.java:195)
	at java.base/java.util.ArrayList$ArrayListSpliterator.forEachRemaining(ArrayList.java:1655)
	at java.base/java.util.stream.AbstractPipeline.copyInto(AbstractPipeline.java:484)
	at java.base/java.util.stream.AbstractPipeline.wrapAndCopyInto(AbstractPipeline.java:474)
	at java.base/java.util.stream.ReduceOps$ReduceOp.evaluateSequential(ReduceOps.java:913)
	at java.base/java.util.stream.AbstractPipeline.evaluate(AbstractPipeline.java:234)
	at java.base/java.util.stream.ReferencePipeline.collect(ReferencePipeline.java:578)
	at de.uka.ilkd.key.nparser.builder.AbstractBuilder.mapOf(AbstractBuilder.java:112)
	at de.uka.ilkd.key.nparser.builder.IncludeFinder.visitOne_include_statement(IncludeFinder.java:35)
	at de.uka.ilkd.key.nparser.builder.IncludeFinder.visitOne_include_statement(IncludeFinder.java:20)
	at de.uka.ilkd.key.nparser.KeYParser$One_include_statementContext.accept(KeYParser.java:802)
	at org.antlr.v4.runtime.tree.AbstractParseTreeVisitor.visitChildren(AbstractParseTreeVisitor.java:46)
	at de.uka.ilkd.key.nparser.KeYParserBaseVisitor.visitDecls(KeYParserBaseVisitor.java:30)
	at de.uka.ilkd.key.nparser.KeYParser$DeclsContext.accept(KeYParser.java:500)
	at org.antlr.v4.runtime.tree.AbstractParseTreeVisitor.visitChildren(AbstractParseTreeVisitor.java:46)
	at de.uka.ilkd.key.nparser.KeYParserBaseVisitor.visitFile(KeYParserBaseVisitor.java:23)
	at de.uka.ilkd.key.nparser.KeYParser$FileContext.accept(KeYParser.java:306)
	at de.uka.ilkd.key.nparser.KeyAst.accept(KeyAst.java:41)
	at de.uka.ilkd.key.nparser.KeyAst$File.getIncludes(KeyAst.java:76)
	at de.uka.ilkd.key.proof.io.KeYFile.readIncludes(KeYFile.java:208)
	... 14 more
Exception in thread "main" org.opentest4j.AssertionFailedError: Exception during the execution of proofs. See log for more details.
	at org.junit.jupiter.api.AssertionUtils.fail(AssertionUtils.java:39)
	at org.junit.jupiter.api.Assertions.fail(Assertions.java:134)
	at de.uka.ilkd.key.proof.runallproofs.proofcollection.ForkedTestFileRunner.main(ForkedTestFileRunner.java:192)
Timeout watcher launched (1000 secs.)
Could not find rule file rules/intRulesCheckedSemantics.key (file: /home/runner/work/key/key/key.core/../key.ui/examples/index/../InformationFlow/MiniExamples/mini.AliasingExamples(mini.AliasingExamples__insecure_1(mini.AliasingExamples,mini.AliasingExamples,int)).Non-interference contract.0.m.key; caused by: de.uka.ilkd.key.proof.init.ProofInputException: Could not find rule file rules/intRulesCheckedSemantics.key)
	at de.uka.ilkd.key.control.AbstractUserInterfaceControl.load(AbstractUserInterfaceControl.java:221)
	at de.uka.ilkd.key.control.KeYEnvironment.load(KeYEnvironment.java:251)
	at de.uka.ilkd.key.control.KeYEnvironment.load(KeYEnvironment.java:224)
	at de.uka.ilkd.key.control.KeYEnvironment.load(KeYEnvironment.java:184)
	at de.uka.ilkd.key.control.KeYEnvironment.load(KeYEnvironment.java:261)
	at de.uka.ilkd.key.proof.runallproofs.proofcollection.TestFile.load(TestFile.java:270)
	at de.uka.ilkd.key.proof.runallproofs.proofcollection.TestFile.runKey(TestFile.java:160)
	at de.uka.ilkd.key.proof.runallproofs.proofcollection.ForkedTestFileRunner.main(ForkedTestFileRunner.java:171)
Caused by: de.uka.ilkd.key.proof.init.ProofInputException: Could not find rule file rules/intRulesCheckedSemantics.key
	at de.uka.ilkd.key.proof.io.KeYFile.readIncludes(KeYFile.java:210)
	at de.uka.ilkd.key.proof.init.ProblemInitializer.readIncludes(ProblemInitializer.java:177)
	at de.uka.ilkd.key.proof.init.ProblemInitializer.readEnvInput(ProblemInitializer.java:325)
	at de.uka.ilkd.key.proof.init.ProblemInitializer.prepare(ProblemInitializer.java:449)
	at de.uka.ilkd.key.proof.io.AbstractProblemLoader.createInitConfig(AbstractProblemLoader.java:518)
	at de.uka.ilkd.key.proof.io.AbstractProblemLoader.loadEnvironment(AbstractProblemLoader.java:288)
	at de.uka.ilkd.key.proof.io.AbstractProblemLoader.load(AbstractProblemLoader.java:252)
	at de.uka.ilkd.key.control.AbstractUserInterfaceControl.load(AbstractUserInterfaceControl.java:209)
	... 7 more
Caused by: java.lang.RuntimeException: Could not find rule file rules/intRulesCheckedSemantics.key
	at de.uka.ilkd.key.proof.io.RuleSourceFactory.fromBuiltInRule(RuleSourceFactory.java:32)
	at de.uka.ilkd.key.proof.io.RuleSourceFactory.fromDefaultLocation(RuleSourceFactory.java:21)
	at de.uka.ilkd.key.nparser.builder.IncludeFinder.addInclude(IncludeFinder.java:63)
	at de.uka.ilkd.key.nparser.builder.IncludeFinder.visitOne_include(IncludeFinder.java:43)
	at de.uka.ilkd.key.nparser.builder.IncludeFinder.visitOne_include(IncludeFinder.java:20)
	at de.uka.ilkd.key.nparser.KeYParser$One_includeContext.accept(KeYParser.java:878)
	at de.uka.ilkd.key.nparser.builder.AbstractBuilder.lambda$mapOf$0(AbstractBuilder.java:112)
	at java.base/java.util.stream.ReferencePipeline$3$1.accept(ReferencePipeline.java:195)
	at java.base/java.util.ArrayList$ArrayListSpliterator.forEachRemaining(ArrayList.java:1655)
	at java.base/java.util.stream.AbstractPipeline.copyInto(AbstractPipeline.java:484)
	at java.base/java.util.stream.AbstractPipeline.wrapAndCopyInto(AbstractPipeline.java:474)
	at java.base/java.util.stream.ReduceOps$ReduceOp.evaluateSequential(ReduceOps.java:913)
	at java.base/java.util.stream.AbstractPipeline.evaluate(AbstractPipeline.java:234)
	at java.base/java.util.stream.ReferencePipeline.collect(ReferencePipeline.java:578)
	at de.uka.ilkd.key.nparser.builder.AbstractBuilder.mapOf(AbstractBuilder.java:112)
	at de.uka.ilkd.key.nparser.builder.IncludeFinder.visitOne_include_statement(IncludeFinder.java:35)
	at de.uka.ilkd.key.nparser.builder.IncludeFinder.visitOne_include_statement(IncludeFinder.java:20)
	at de.uka.ilkd.key.nparser.KeYParser$One_include_statementContext.accept(KeYParser.java:802)
	at org.antlr.v4.runtime.tree.AbstractParseTreeVisitor.visitChildren(AbstractParseTreeVisitor.java:46)
	at de.uka.ilkd.key.nparser.KeYParserBaseVisitor.visitDecls(KeYParserBaseVisitor.java:30)
	at de.uka.ilkd.key.nparser.KeYParser$DeclsContext.accept(KeYParser.java:500)
	at org.antlr.v4.runtime.tree.AbstractParseTreeVisitor.visitChildren(AbstractParseTreeVisitor.java:46)
	at de.uka.ilkd.key.nparser.KeYParserBaseVisitor.visitFile(KeYParserBaseVisitor.java:23)
	at de.uka.ilkd.key.nparser.KeYParser$FileContext.accept(KeYParser.java:306)
	at de.uka.ilkd.key.nparser.KeyAst.accept(KeyAst.java:41)
	at de.uka.ilkd.key.nparser.KeyAst$File.getIncludes(KeyAst.java:76)
	at de.uka.ilkd.key.proof.io.KeYFile.readIncludes(KeYFile.java:208)
	... 14 more
Could not find rule file rules/intRulesCheckedSemantics.key (file: /home/runner/work/key/key/key.core/../key.ui/examples/index/../InformationFlow/MiniExamples/mini.AliasingExamples(mini.AliasingExamples__secure_1(mini.AliasingExamples,mini.AliasingExamples,int)).Non-interference contract.0.m.key; caused by: de.uka.ilkd.key.proof.init.ProofInputException: Could not find rule file rules/intRulesCheckedSemantics.key)
	at de.uka.ilkd.key.control.AbstractUserInterfaceControl.load(AbstractUserInterfaceControl.java:221)
	at de.uka.ilkd.key.control.KeYEnvironment.load(KeYEnvironment.java:251)
	at de.uka.ilkd.key.control.KeYEnvironment.load(KeYEnvironment.java:224)
	at de.uka.ilkd.key.control.KeYEnvironment.load(KeYEnvironment.java:184)
	at de.uka.ilkd.key.control.KeYEnvironment.load(KeYEnvironment.java:261)
	at de.uka.ilkd.key.proof.runallproofs.proofcollection.TestFile.load(TestFile.java:270)
	at de.uka.ilkd.key.proof.runallproofs.proofcollection.TestFile.runKey(TestFile.java:160)
	at de.uka.ilkd.key.proof.runallproofs.proofcollection.ForkedTestFileRunner.main(ForkedTestFileRunner.java:171)
Caused by: de.uka.ilkd.key.proof.init.ProofInputException: Could not find rule file rules/intRulesCheckedSemantics.key
	at de.uka.ilkd.key.proof.io.KeYFile.readIncludes(KeYFile.java:210)
	at de.uka.ilkd.key.proof.init.ProblemInitializer.readIncludes(ProblemInitializer.java:177)
	at de.uka.ilkd.key.proof.init.ProblemInitializer.readEnvInput(ProblemInitializer.java:325)
	at de.uka.ilkd.key.proof.init.ProblemInitializer.prepare(ProblemInitializer.java:449)
	at de.uka.ilkd.key.proof.io.AbstractProblemLoader.createInitConfig(AbstractProblemLoader.java:518)
	at de.uka.ilkd.key.proof.io.AbstractProblemLoader.loadEnvironment(AbstractProblemLoader.java:288)
	at de.uka.ilkd.key.proof.io.AbstractProblemLoader.load(AbstractProblemLoader.java:252)
	at de.uka.ilkd.key.control.AbstractUserInterfaceControl.load(AbstractUserInterfaceControl.java:209)
	... 7 more
Caused by: java.lang.RuntimeException: Could not find rule file rules/intRulesCheckedSemantics.key
	at de.uka.ilkd.key.proof.io.RuleSourceFactory.fromBuiltInRule(RuleSourceFactory.java:32)
	at de.uka.ilkd.key.proof.io.RuleSourceFactory.fromDefaultLocation(RuleSourceFactory.java:21)
	at de.uka.ilkd.key.nparser.builder.IncludeFinder.addInclude(IncludeFinder.java:63)
	at de.uka.ilkd.key.nparser.builder.IncludeFinder.visitOne_include(IncludeFinder.java:43)
	at de.uka.ilkd.key.nparser.builder.IncludeFinder.visitOne_include(IncludeFinder.java:20)
	at de.uka.ilkd.key.nparser.KeYParser$One_includeContext.accept(KeYParser.java:878)
	at de.uka.ilkd.key.nparser.builder.AbstractBuilder.lambda$mapOf$0(AbstractBuilder.java:112)
	at java.base/java.util.stream.ReferencePipeline$3$1.accept(ReferencePipeline.java:195)
	at java.base/java.util.ArrayList$ArrayListSpliterator.forEachRemaining(ArrayList.java:1655)
	at java.base/java.util.stream.AbstractPipeline.copyInto(AbstractPipeline.java:484)
	at java.base/java.util.stream.AbstractPipeline.wrapAndCopyInto(AbstractPipeline.java:474)
	at java.base/java.util.stream.ReduceOps$ReduceOp.evaluateSequential(ReduceOps.java:913)
	at java.base/java.util.stream.AbstractPipeline.evaluate(AbstractPipeline.java:234)
	at java.base/java.util.stream.ReferencePipeline.collect(ReferencePipeline.java:578)
	at de.uka.ilkd.key.nparser.builder.AbstractBuilder.mapOf(AbstractBuilder.java:112)
	at de.uka.ilkd.key.nparser.builder.IncludeFinder.visitOne_include_statement(IncludeFinder.java:35)
	at de.uka.ilkd.key.nparser.builder.IncludeFinder.visitOne_include_statement(IncludeFinder.java:20)
	at de.uka.ilkd.key.nparser.KeYParser$One_include_statementContext.accept(KeYParser.java:802)
	at org.antlr.v4.runtime.tree.AbstractParseTreeVisitor.visitChildren(AbstractParseTreeVisitor.java:46)
	at de.uka.ilkd.key.nparser.KeYParserBaseVisitor.visitDecls(KeYParserBaseVisitor.java:30)
	at de.uka.ilkd.key.nparser.KeYParser$DeclsContext.accept(KeYParser.java:500)
	at org.antlr.v4.runtime.tree.AbstractParseTreeVisitor.visitChildren(AbstractParseTreeVisitor.java:46)
	at de.uka.ilkd.key.nparser.KeYParserBaseVisitor.visitFile(KeYParserBaseVisitor.java:23)
	at de.uka.ilkd.key.nparser.KeYParser$FileContext.accept(KeYParser.java:306)
	at de.uka.ilkd.key.nparser.KeyAst.accept(KeyAst.java:41)
	at de.uka.ilkd.key.nparser.KeyAst$File.getIncludes(KeyAst.java:76)
	at de.uka.ilkd.key.proof.io.KeYFile.readIncludes(KeYFile.java:208)
	... 14 more
Could not find rule file rules/intRulesCheckedSemantics.key (file: /home/runner/work/key/key/key.core/../key.ui/examples/index/../InformationFlow/MiniExamples/mini.MiniExamplesLecture(mini.MiniExamplesLecture__m_6()).Non-interference contract.0.m.key; caused by: de.uka.ilkd.key.proof.init.ProofInputException: Could not find rule file rules/intRulesCheckedSemantics.key)
	at de.uka.ilkd.key.control.AbstractUserInterfaceControl.load(AbstractUserInterfaceControl.java:221)
	at de.uka.ilkd.key.control.KeYEnvironment.load(KeYEnvironment.java:251)
	at de.uka.ilkd.key.control.KeYEnvironment.load(KeYEnvironment.java:224)
	at de.uka.ilkd.key.control.KeYEnvironment.load(KeYEnvironment.java:184)
	at de.uka.ilkd.key.control.KeYEnvironment.load(KeYEnvironment.java:261)
	at de.uka.ilkd.key.proof.runallproofs.proofcollection.TestFile.load(TestFile.java:270)
	at de.uka.ilkd.key.proof.runallproofs.proofcollection.TestFile.runKey(TestFile.java:160)
	at de.uka.ilkd.key.proof.runallproofs.proofcollection.ForkedTestFileRunner.main(ForkedTestFileRunner.java:171)
Caused by: de.uka.ilkd.key.proof.init.ProofInputException: Could not find rule file rules/intRulesCheckedSemantics.key
	at de.uka.ilkd.key.proof.io.KeYFile.readIncludes(KeYFile.java:210)
	at de.uka.ilkd.key.proof.init.ProblemInitializer.readIncludes(ProblemInitializer.java:177)
	at de.uka.ilkd.key.proof.init.ProblemInitializer.readEnvInput(ProblemInitializer.java:325)
	at de.uka.ilkd.key.proof.init.ProblemInitializer.prepare(ProblemInitializer.java:449)
	at de.uka.ilkd.key.proof.io.AbstractProblemLoader.createInitConfig(AbstractProblemLoader.java:518)
	at de.uka.ilkd.key.proof.io.AbstractProblemLoader.loadEnvironment(AbstractProblemLoader.java:288)
	at de.uka.ilkd.key.proof.io.AbstractProblemLoader.load(AbstractProblemLoader.java:252)
	at de.uka.ilkd.key.control.AbstractUserInterfaceControl.load(AbstractUserInterfaceControl.java:209)
	... 7 more
Caused by: java.lang.RuntimeException: Could not find rule file rules/intRulesCheckedSemantics.key
	at de.uka.ilkd.key.proof.io.RuleSourceFactory.fromBuiltInRule(RuleSourceFactory.java:32)
	at de.uka.ilkd.key.proof.io.RuleSourceFactory.fromDefaultLocation(RuleSourceFactory.java:21)
	at de.uka.ilkd.key.nparser.builder.IncludeFinder.addInclude(IncludeFinder.java:63)
	at de.uka.ilkd.key.nparser.builder.IncludeFinder.visitOne_include(IncludeFinder.java:43)
	at de.uka.ilkd.key.nparser.builder.IncludeFinder.visitOne_include(IncludeFinder.java:20)
	at de.uka.ilkd.key.nparser.KeYParser$One_includeContext.accept(KeYParser.java:878)
	at de.uka.ilkd.key.nparser.builder.AbstractBuilder.lambda$mapOf$0(AbstractBuilder.java:112)
	at java.base/java.util.stream.ReferencePipeline$3$1.accept(ReferencePipeline.java:195)
	at java.base/java.util.ArrayList$ArrayListSpliterator.forEachRemaining(ArrayList.java:1655)
	at java.base/java.util.stream.AbstractPipeline.copyInto(AbstractPipeline.java:484)
	at java.base/java.util.stream.AbstractPipeline.wrapAndCopyInto(AbstractPipeline.java:474)
	at java.base/java.util.stream.ReduceOps$ReduceOp.evaluateSequential(ReduceOps.java:913)
	at java.base/java.util.stream.AbstractPipeline.evaluate(AbstractPipeline.java:234)
	at java.base/java.util.stream.ReferencePipeline.collect(ReferencePipeline.java:578)
	at de.uka.ilkd.key.nparser.builder.AbstractBuilder.mapOf(AbstractBuilder.java:112)
	at de.uka.ilkd.key.nparser.builder.IncludeFinder.visitOne_include_statement(IncludeFinder.java:35)
	at de.uka.ilkd.key.nparser.builder.IncludeFinder.visitOne_include_statement(IncludeFinder.java:20)
	at de.uka.ilkd.key.nparser.KeYParser$One_include_statementContext.accept(KeYParser.java:802)
	at org.antlr.v4.runtime.tree.AbstractParseTreeVisitor.visitChildren(AbstractParseTreeVisitor.java:46)
	at de.uka.ilkd.key.nparser.KeYParserBaseVisitor.visitDecls(KeYParserBaseVisitor.java:30)
	at de.uka.ilkd.key.nparser.KeYParser$DeclsContext.accept(KeYParser.java:500)
	at org.antlr.v4.runtime.tree.AbstractParseTreeVisitor.visitChildren(AbstractParseTreeVisitor.java:46)
	at de.uka.ilkd.key.nparser.KeYParserBaseVisitor.visitFile(KeYParserBaseVisitor.java:23)
	at de.uka.ilkd.key.nparser.KeYParser$FileContext.accept(KeYParser.java:306)
	at de.uka.ilkd.key.nparser.KeyAst.accept(KeyAst.java:41)
	at de.uka.ilkd.key.nparser.KeyAst$File.getIncludes(KeyAst.java:76)
	at de.uka.ilkd.key.proof.io.KeYFile.readIncludes(KeYFile.java:208)
	... 14 more
Could not find rule file rules/intRulesCheckedSemantics.key (file: /home/runner/work/key/key/key.core/../key.ui/examples/index/../InformationFlow/MiniExamples/mini.MiniExamplesLecture(mini.MiniExamplesLecture__m_5()).Non-interference contract.0.m.key; caused by: de.uka.ilkd.key.proof.init.ProofInputException: Could not find rule file rules/intRulesCheckedSemantics.key)
	at de.uka.ilkd.key.control.AbstractUserInterfaceControl.load(AbstractUserInterfaceControl.java:221)
	at de.uka.ilkd.key.control.KeYEnvironment.load(KeYEnvironment.java:251)
	at de.uka.ilkd.key.control.KeYEnvironment.load(KeYEnvironment.java:224)
	at de.uka.ilkd.key.control.KeYEnvironment.load(KeYEnvironment.java:184)
	at de.uka.ilkd.key.control.KeYEnvironment.load(KeYEnvironment.java:261)
	at de.uka.ilkd.key.proof.runallproofs.proofcollection.TestFile.load(TestFile.java:270)
	at de.uka.ilkd.key.proof.runallproofs.proofcollection.TestFile.runKey(TestFile.java:160)
	at de.uka.ilkd.key.proof.runallproofs.proofcollection.ForkedTestFileRunner.main(ForkedTestFileRunner.java:171)
Caused by: de.uka.ilkd.key.proof.init.ProofInputException: Could not find rule file rules/intRulesCheckedSemantics.key
	at de.uka.ilkd.key.proof.io.KeYFile.readIncludes(KeYFile.java:210)
	at de.uka.ilkd.key.proof.init.ProblemInitializer.readIncludes(ProblemInitializer.java:177)
	at de.uka.ilkd.key.proof.init.ProblemInitializer.readEnvInput(ProblemInitializer.java:325)
	at de.uka.ilkd.key.proof.init.ProblemInitializer.prepare(ProblemInitializer.java:449)
	at de.uka.ilkd.key.proof.io.AbstractProblemLoader.createInitConfig(AbstractProblemLoader.java:518)
	at de.uka.ilkd.key.proof.io.AbstractProblemLoader.loadEnvironment(AbstractProblemLoader.java:288)
	at de.uka.ilkd.key.proof.io.AbstractProblemLoader.load(AbstractProblemLoader.java:252)
	at de.uka.ilkd.key.control.AbstractUserInterfaceControl.load(AbstractUserInterfaceControl.java:209)
	... 7 more
Caused by: java.lang.RuntimeException: Could not find rule file rules/intRulesCheckedSemantics.key
	at de.uka.ilkd.key.proof.io.RuleSourceFactory.fromBuiltInRule(RuleSourceFactory.java:32)
	at de.uka.ilkd.key.proof.io.RuleSourceFactory.fromDefaultLocation(RuleSourceFactory.java:21)
	at de.uka.ilkd.key.nparser.builder.IncludeFinder.addInclude(IncludeFinder.java:63)
	at de.uka.ilkd.key.nparser.builder.IncludeFinder.visitOne_include(IncludeFinder.java:43)
	at de.uka.ilkd.key.nparser.builder.IncludeFinder.visitOne_include(IncludeFinder.java:20)
	at de.uka.ilkd.key.nparser.KeYParser$One_includeContext.accept(KeYParser.java:878)
	at de.uka.ilkd.key.nparser.builder.AbstractBuilder.lambda$mapOf$0(AbstractBuilder.java:112)
	at java.base/java.util.stream.ReferencePipeline$3$1.accept(ReferencePipeline.java:195)
	at java.base/java.util.ArrayList$ArrayListSpliterator.forEachRemaining(ArrayList.java:1655)
	at java.base/java.util.stream.AbstractPipeline.copyInto(AbstractPipeline.java:484)
	at java.base/java.util.stream.AbstractPipeline.wrapAndCopyInto(AbstractPipeline.java:474)
	at java.base/java.util.stream.ReduceOps$ReduceOp.evaluateSequential(ReduceOps.java:913)
	at java.base/java.util.stream.AbstractPipeline.evaluate(AbstractPipeline.java:234)
	at java.base/java.util.stream.ReferencePipeline.collect(ReferencePipeline.java:578)
	at de.uka.ilkd.key.nparser.builder.AbstractBuilder.mapOf(AbstractBuilder.java:112)
	at de.uka.ilkd.key.nparser.builder.IncludeFinder.visitOne_include_statement(IncludeFinder.java:35)
	at de.uka.ilkd.key.nparser.builder.IncludeFinder.visitOne_include_statement(IncludeFinder.java:20)
	at de.uka.ilkd.key.nparser.KeYParser$One_include_statementContext.accept(KeYParser.java:802)
	at org.antlr.v4.runtime.tree.AbstractParseTreeVisitor.visitChildren(AbstractParseTreeVisitor.java:46)
	at de.uka.ilkd.key.nparser.KeYParserBaseVisitor.visitDecls(KeYParserBaseVisitor.java:30)
	at de.uka.ilkd.key.nparser.KeYParser$DeclsContext.accept(KeYParser.java:500)
	at org.antlr.v4.runtime.tree.AbstractParseTreeVisitor.visitChildren(AbstractParseTreeVisitor.java:46)
	at de.uka.ilkd.key.nparser.KeYParserBaseVisitor.visitFile(KeYParserBaseVisitor.java:23)
	at de.uka.ilkd.key.nparser.KeYParser$FileContext.accept(KeYParser.java:306)
	at de.uka.ilkd.key.nparser.KeyAst.accept(KeyAst.java:41)
	at de.uka.ilkd.key.nparser.KeyAst$File.getIncludes(KeyAst.java:76)
	at de.uka.ilkd.key.proof.io.KeYFile.readIncludes(KeYFile.java:208)
	... 14 more
Could not find rule file rules/intRulesCheckedSemantics.key (file: /home/runner/work/key/key/key.core/../key.ui/examples/index/../InformationFlow/MiniExamples/mini.MiniExamplesLecture(mini.MiniExamplesLecture__m_4()).Non-interference contract.0.m.key; caused by: de.uka.ilkd.key.proof.init.ProofInputException: Could not find rule file rules/intRulesCheckedSemantics.key)
	at de.uka.ilkd.key.control.AbstractUserInterfaceControl.load(AbstractUserInterfaceControl.java:221)
	at de.uka.ilkd.key.control.KeYEnvironment.load(KeYEnvironment.java:251)
	at de.uka.ilkd.key.control.KeYEnvironment.load(KeYEnvironment.java:224)
	at de.uka.ilkd.key.control.KeYEnvironment.load(KeYEnvironment.java:184)
	at de.uka.ilkd.key.control.KeYEnvironment.load(KeYEnvironment.java:261)
	at de.uka.ilkd.key.proof.runallproofs.proofcollection.TestFile.load(TestFile.java:270)
	at de.uka.ilkd.key.proof.runallproofs.proofcollection.TestFile.runKey(TestFile.java:160)
	at de.uka.ilkd.key.proof.runallproofs.proofcollection.ForkedTestFileRunner.main(ForkedTestFileRunner.java:171)
Caused by: de.uka.ilkd.key.proof.init.ProofInputException: Could not find rule file rules/intRulesCheckedSemantics.key
	at de.uka.ilkd.key.proof.io.KeYFile.readIncludes(KeYFile.java:210)
	at de.uka.ilkd.key.proof.init.ProblemInitializer.readIncludes(ProblemInitializer.java:177)
	at de.uka.ilkd.key.proof.init.ProblemInitializer.readEnvInput(ProblemInitializer.java:325)
	at de.uka.ilkd.key.proof.init.ProblemInitializer.prepare(ProblemInitializer.java:449)
	at de.uka.ilkd.key.proof.io.AbstractProblemLoader.createInitConfig(AbstractProblemLoader.java:518)
	at de.uka.ilkd.key.proof.io.AbstractProblemLoader.loadEnvironment(AbstractProblemLoader.java:288)
	at de.uka.ilkd.key.proof.io.AbstractProblemLoader.load(AbstractProblemLoader.java:252)
	at de.uka.ilkd.key.control.AbstractUserInterfaceControl.load(AbstractUserInterfaceControl.java:209)
	... 7 more
Caused by: java.lang.RuntimeException: Could not find rule file rules/intRulesCheckedSemantics.key
	at de.uka.ilkd.key.proof.io.RuleSourceFactory.fromBuiltInRule(RuleSourceFactory.java:32)
	at de.uka.ilkd.key.proof.io.RuleSourceFactory.fromDefaultLocation(RuleSourceFactory.java:21)
	at de.uka.ilkd.key.nparser.builder.IncludeFinder.addInclude(IncludeFinder.java:63)
	at de.uka.ilkd.key.nparser.builder.IncludeFinder.visitOne_include(IncludeFinder.java:43)
	at de.uka.ilkd.key.nparser.builder.IncludeFinder.visitOne_include(IncludeFinder.java:20)
	at de.uka.ilkd.key.nparser.KeYParser$One_includeContext.accept(KeYParser.java:878)
	at de.uka.ilkd.key.nparser.builder.AbstractBuilder.lambda$mapOf$0(AbstractBuilder.java:112)
	at java.base/java.util.stream.ReferencePipeline$3$1.accept(ReferencePipeline.java:195)
	at java.base/java.util.ArrayList$ArrayListSpliterator.forEachRemaining(ArrayList.java:1655)
	at java.base/java.util.stream.AbstractPipeline.copyInto(AbstractPipeline.java:484)
	at java.base/java.util.stream.AbstractPipeline.wrapAndCopyInto(AbstractPipeline.java:474)
	at java.base/java.util.stream.ReduceOps$ReduceOp.evaluateSequential(ReduceOps.java:913)
	at java.base/java.util.stream.AbstractPipeline.evaluate(AbstractPipeline.java:234)
	at java.base/java.util.stream.ReferencePipeline.collect(ReferencePipeline.java:578)
	at de.uka.ilkd.key.nparser.builder.AbstractBuilder.mapOf(AbstractBuilder.java:112)
	at de.uka.ilkd.key.nparser.builder.IncludeFinder.visitOne_include_statement(IncludeFinder.java:35)
	at de.uka.ilkd.key.nparser.builder.IncludeFinder.visitOne_include_statement(IncludeFinder.java:20)
	at de.uka.ilkd.key.nparser.KeYParser$One_include_statementContext.accept(KeYParser.java:802)
	at org.antlr.v4.runtime.tree.AbstractParseTreeVisitor.visitChildren(AbstractParseTreeVisitor.java:46)
	at de.uka.ilkd.key.nparser.KeYParserBaseVisitor.visitDecls(KeYParserBaseVisitor.java:30)
	at de.uka.ilkd.key.nparser.KeYParser$DeclsContext.accept(KeYParser.java:500)
	at org.antlr.v4.runtime.tree.AbstractParseTreeVisitor.visitChildren(AbstractParseTreeVisitor.java:46)
	at de.uka.ilkd.key.nparser.KeYParserBaseVisitor.visitFile(KeYParserBaseVisitor.java:23)
	at de.uka.ilkd.key.nparser.KeYParser$FileContext.accept(KeYParser.java:306)
	at de.uka.ilkd.key.nparser.KeyAst.accept(KeyAst.java:41)
	at de.uka.ilkd.key.nparser.KeyAst$File.getIncludes(KeyAst.java:76)
	at de.uka.ilkd.key.proof.io.KeYFile.readIncludes(KeYFile.java:208)
	... 14 more
Could not find rule file rules/intRulesCheckedSemantics.key (file: /home/runner/work/key/key/key.core/../key.ui/examples/index/../InformationFlow/MiniExamples/mini.MiniExamplesLecture(mini.MiniExamplesLecture__m_3()).Non-interference contract.0.m.key; caused by: de.uka.ilkd.key.proof.init.ProofInputException: Could not find rule file rules/intRulesCheckedSemantics.key)
	at de.uka.ilkd.key.control.AbstractUserInterfaceControl.load(AbstractUserInterfaceControl.java:221)
	at de.uka.ilkd.key.control.KeYEnvironment.load(KeYEnvironment.java:251)
	at de.uka.ilkd.key.control.KeYEnvironment.load(KeYEnvironment.java:224)
	at de.uka.ilkd.key.control.KeYEnvironment.load(KeYEnvironment.java:184)
	at de.uka.ilkd.key.control.KeYEnvironment.load(KeYEnvironment.java:261)
	at de.uka.ilkd.key.proof.runallproofs.proofcollection.TestFile.load(TestFile.java:270)
	at de.uka.ilkd.key.proof.runallproofs.proofcollection.TestFile.runKey(TestFile.java:160)
	at de.uka.ilkd.key.proof.runallproofs.proofcollection.ForkedTestFileRunner.main(ForkedTestFileRunner.java:171)
Caused by: de.uka.ilkd.key.proof.init.ProofInputException: Could not find rule file rules/intRulesCheckedSemantics.key
	at de.uka.ilkd.key.proof.io.KeYFile.readIncludes(KeYFile.java:210)
	at de.uka.ilkd.key.proof.init.ProblemInitializer.readIncludes(ProblemInitializer.java:177)
	at de.uka.ilkd.key.proof.init.ProblemInitializer.readEnvInput(ProblemInitializer.java:325)
	at de.uka.ilkd.key.proof.init.ProblemInitializer.prepare(ProblemInitializer.java:449)
	at de.uka.ilkd.key.proof.io.AbstractProblemLoader.createInitConfig(AbstractProblemLoader.java:518)
	at de.uka.ilkd.key.proof.io.AbstractProblemLoader.loadEnvironment(AbstractProblemLoader.java:288)
	at de.uka.ilkd.key.proof.io.AbstractProblemLoader.load(AbstractProblemLoader.java:252)
	at de.uka.ilkd.key.control.AbstractUserInterfaceControl.load(AbstractUserInterfaceControl.java:209)
	... 7 more
Caused by: java.lang.RuntimeException: Could not find rule file rules/intRulesCheckedSemantics.key
	at de.uka.ilkd.key.proof.io.RuleSourceFactory.fromBuiltInRule(RuleSourceFactory.java:32)
	at de.uka.ilkd.key.proof.io.RuleSourceFactory.fromDefaultLocation(RuleSourceFactory.java:21)
	at de.uka.ilkd.key.nparser.builder.IncludeFinder.addInclude(IncludeFinder.java:63)
	at de.uka.ilkd.key.nparser.builder.IncludeFinder.visitOne_include(IncludeFinder.java:43)
	at de.uka.ilkd.key.nparser.builder.IncludeFinder.visitOne_include(IncludeFinder.java:20)
	at de.uka.ilkd.key.nparser.KeYParser$One_includeContext.accept(KeYParser.java:878)
	at de.uka.ilkd.key.nparser.builder.AbstractBuilder.lambda$mapOf$0(AbstractBuilder.java:112)
	at java.base/java.util.stream.ReferencePipeline$3$1.accept(ReferencePipeline.java:195)
	at java.base/java.util.ArrayList$ArrayListSpliterator.forEachRemaining(ArrayList.java:1655)
	at java.base/java.util.stream.AbstractPipeline.copyInto(AbstractPipeline.java:484)
	at java.base/java.util.stream.AbstractPipeline.wrapAndCopyInto(AbstractPipeline.java:474)
	at java.base/java.util.stream.ReduceOps$ReduceOp.evaluateSequential(ReduceOps.java:913)
	at java.base/java.util.stream.AbstractPipeline.evaluate(AbstractPipeline.java:234)
	at java.base/java.util.stream.ReferencePipeline.collect(ReferencePipeline.java:578)
	at de.uka.ilkd.key.nparser.builder.AbstractBuilder.mapOf(AbstractBuilder.java:112)
	at de.uka.ilkd.key.nparser.builder.IncludeFinder.visitOne_include_statement(IncludeFinder.java:35)
	at de.uka.ilkd.key.nparser.builder.IncludeFinder.visitOne_include_statement(IncludeFinder.java:20)
	at de.uka.ilkd.key.nparser.KeYParser$One_include_statementContext.accept(KeYParser.java:802)
	at org.antlr.v4.runtime.tree.AbstractParseTreeVisitor.visitChildren(AbstractParseTreeVisitor.java:46)
	at de.uka.ilkd.key.nparser.KeYParserBaseVisitor.visitDecls(KeYParserBaseVisitor.java:30)
	at de.uka.ilkd.key.nparser.KeYParser$DeclsContext.accept(KeYParser.java:500)
	at org.antlr.v4.runtime.tree.AbstractParseTreeVisitor.visitChildren(AbstractParseTreeVisitor.java:46)
	at de.uka.ilkd.key.nparser.KeYParserBaseVisitor.visitFile(KeYParserBaseVisitor.java:23)
	at de.uka.ilkd.key.nparser.KeYParser$FileContext.accept(KeYParser.java:306)
	at de.uka.ilkd.key.nparser.KeyAst.accept(KeyAst.java:41)
	at de.uka.ilkd.key.nparser.KeyAst$File.getIncludes(KeyAst.java:76)
	at de.uka.ilkd.key.proof.io.KeYFile.readIncludes(KeYFile.java:208)
	... 14 more
Could not find rule file rules/intRulesCheckedSemantics.key (file: /home/runner/work/key/key/key.core/../key.ui/examples/index/../InformationFlow/MiniExamples/mini.MiniExamplesLecture(mini.MiniExamplesLecture__m_2()).Non-interference contract.0.m.key; caused by: de.uka.ilkd.key.proof.init.ProofInputException: Could not find rule file rules/intRulesCheckedSemantics.key)
	at de.uka.ilkd.key.control.AbstractUserInterfaceControl.load(AbstractUserInterfaceControl.java:221)
	at de.uka.ilkd.key.control.KeYEnvironment.load(KeYEnvironment.java:251)
	at de.uka.ilkd.key.control.KeYEnvironment.load(KeYEnvironment.java:224)
	at de.uka.ilkd.key.control.KeYEnvironment.load(KeYEnvironment.java:184)
	at de.uka.ilkd.key.control.KeYEnvironment.load(KeYEnvironment.java:261)
	at de.uka.ilkd.key.proof.runallproofs.proofcollection.TestFile.load(TestFile.java:270)
	at de.uka.ilkd.key.proof.runallproofs.proofcollection.TestFile.runKey(TestFile.java:160)
	at de.uka.ilkd.key.proof.runallproofs.proofcollection.ForkedTestFileRunner.main(ForkedTestFileRunner.java:171)
Caused by: de.uka.ilkd.key.proof.init.ProofInputException: Could not find rule file rules/intRulesCheckedSemantics.key
	at de.uka.ilkd.key.proof.io.KeYFile.readIncludes(KeYFile.java:210)
	at de.uka.ilkd.key.proof.init.ProblemInitializer.readIncludes(ProblemInitializer.java:177)
	at de.uka.ilkd.key.proof.init.ProblemInitializer.readEnvInput(ProblemInitializer.java:325)
	at de.uka.ilkd.key.proof.init.ProblemInitializer.prepare(ProblemInitializer.java:449)
	at de.uka.ilkd.key.proof.io.AbstractProblemLoader.createInitConfig(AbstractProblemLoader.java:518)
	at de.uka.ilkd.key.proof.io.AbstractProblemLoader.loadEnvironment(AbstractProblemLoader.java:288)
	at de.uka.ilkd.key.proof.io.AbstractProblemLoader.load(AbstractProblemLoader.java:252)
	at de.uka.ilkd.key.control.AbstractUserInterfaceControl.load(AbstractUserInterfaceControl.java:209)
	... 7 more
Caused by: java.lang.RuntimeException: Could not find rule file rules/intRulesCheckedSemantics.key
	at de.uka.ilkd.key.proof.io.RuleSourceFactory.fromBuiltInRule(RuleSourceFactory.java:32)
	at de.uka.ilkd.key.proof.io.RuleSourceFactory.fromDefaultLocation(RuleSourceFactory.java:21)
	at de.uka.ilkd.key.nparser.builder.IncludeFinder.addInclude(IncludeFinder.java:63)
	at de.uka.ilkd.key.nparser.builder.IncludeFinder.visitOne_include(IncludeFinder.java:43)
	at de.uka.ilkd.key.nparser.builder.IncludeFinder.visitOne_include(IncludeFinder.java:20)
	at de.uka.ilkd.key.nparser.KeYParser$One_includeContext.accept(KeYParser.java:878)
	at de.uka.ilkd.key.nparser.builder.AbstractBuilder.lambda$mapOf$0(AbstractBuilder.java:112)
	at java.base/java.util.stream.ReferencePipeline$3$1.accept(ReferencePipeline.java:195)
	at java.base/java.util.ArrayList$ArrayListSpliterator.forEachRemaining(ArrayList.java:1655)
	at java.base/java.util.stream.AbstractPipeline.copyInto(AbstractPipeline.java:484)
	at java.base/java.util.stream.AbstractPipeline.wrapAndCopyInto(AbstractPipeline.java:474)
	at java.base/java.util.stream.ReduceOps$ReduceOp.evaluateSequential(ReduceOps.java:913)
	at java.base/java.util.stream.AbstractPipeline.evaluate(AbstractPipeline.java:234)
	at java.base/java.util.stream.ReferencePipeline.collect(ReferencePipeline.java:578)
	at de.uka.ilkd.key.nparser.builder.AbstractBuilder.mapOf(AbstractBuilder.java:112)
	at de.uka.ilkd.key.nparser.builder.IncludeFinder.visitOne_include_statement(IncludeFinder.java:35)
	at de.uka.ilkd.key.nparser.builder.IncludeFinder.visitOne_include_statement(IncludeFinder.java:20)
	at de.uka.ilkd.key.nparser.KeYParser$One_include_statementContext.accept(KeYParser.java:802)
	at org.antlr.v4.runtime.tree.AbstractParseTreeVisitor.visitChildren(AbstractParseTreeVisitor.java:46)
	at de.uka.ilkd.key.nparser.KeYParserBaseVisitor.visitDecls(KeYParserBaseVisitor.java:30)
	at de.uka.ilkd.key.nparser.KeYParser$DeclsContext.accept(KeYParser.java:500)
	at org.antlr.v4.runtime.tree.AbstractParseTreeVisitor.visitChildren(AbstractParseTreeVisitor.java:46)
	at de.uka.ilkd.key.nparser.KeYParserBaseVisitor.visitFile(KeYParserBaseVisitor.java:23)
	at de.uka.ilkd.key.nparser.KeYParser$FileContext.accept(KeYParser.java:306)
	at de.uka.ilkd.key.nparser.KeyAst.accept(KeyAst.java:41)
	at de.uka.ilkd.key.nparser.KeyAst$File.getIncludes(KeyAst.java:76)
	at de.uka.ilkd.key.proof.io.KeYFile.readIncludes(KeYFile.java:208)
	... 14 more
Could not find rule file rules/intRulesCheckedSemantics.key (file: /home/runner/work/key/key/key.core/../key.ui/examples/index/../InformationFlow/MiniExamples/mini.MiniExamplesLecture(mini.MiniExamplesLecture__m_1()).Non-interference contract.0.m.key; caused by: de.uka.ilkd.key.proof.init.ProofInputException: Could not find rule file rules/intRulesCheckedSemantics.key)
	at de.uka.ilkd.key.control.AbstractUserInterfaceControl.load(AbstractUserInterfaceControl.java:221)
	at de.uka.ilkd.key.control.KeYEnvironment.load(KeYEnvironment.java:251)
	at de.uka.ilkd.key.control.KeYEnvironment.load(KeYEnvironment.java:224)
	at de.uka.ilkd.key.control.KeYEnvironment.load(KeYEnvironment.java:184)
	at de.uka.ilkd.key.control.KeYEnvironment.load(KeYEnvironment.java:261)
	at de.uka.ilkd.key.proof.runallproofs.proofcollection.TestFile.load(TestFile.java:270)
	at de.uka.ilkd.key.proof.runallproofs.proofcollection.TestFile.runKey(TestFile.java:160)
	at de.uka.ilkd.key.proof.runallproofs.proofcollection.ForkedTestFileRunner.main(ForkedTestFileRunner.java:171)
Caused by: de.uka.ilkd.key.proof.init.ProofInputException: Could not find rule file rules/intRulesCheckedSemantics.key
	at de.uka.ilkd.key.proof.io.KeYFile.readIncludes(KeYFile.java:210)
	at de.uka.ilkd.key.proof.init.ProblemInitializer.readIncludes(ProblemInitializer.java:177)
	at de.uka.ilkd.key.proof.init.ProblemInitializer.readEnvInput(ProblemInitializer.java:325)
	at de.uka.ilkd.key.proof.init.ProblemInitializer.prepare(ProblemInitializer.java:449)
	at de.uka.ilkd.key.proof.io.AbstractProblemLoader.createInitConfig(AbstractProblemLoader.java:518)
	at de.uka.ilkd.key.proof.io.AbstractProblemLoader.loadEnvironment(AbstractProblemLoader.java:288)
	at de.uka.ilkd.key.proof.io.AbstractProblemLoader.load(AbstractProblemLoader.java:252)
	at de.uka.ilkd.key.control.AbstractUserInterfaceControl.load(AbstractUserInterfaceControl.java:209)
	... 7 more
Caused by: java.lang.RuntimeException: Could not find rule file rules/intRulesCheckedSemantics.key
	at de.uka.ilkd.key.proof.io.RuleSourceFactory.fromBuiltInRule(RuleSourceFactory.java:32)
	at de.uka.ilkd.key.proof.io.RuleSourceFactory.fromDefaultLocation(RuleSourceFactory.java:21)
	at de.uka.ilkd.key.nparser.builder.IncludeFinder.addInclude(IncludeFinder.java:63)
	at de.uka.ilkd.key.nparser.builder.IncludeFinder.visitOne_include(IncludeFinder.java:43)
	at de.uka.ilkd.key.nparser.builder.IncludeFinder.visitOne_include(IncludeFinder.java:20)
	at de.uka.ilkd.key.nparser.KeYParser$One_includeContext.accept(KeYParser.java:878)
	at de.uka.ilkd.key.nparser.builder.AbstractBuilder.lambda$mapOf$0(AbstractBuilder.java:112)
	at java.base/java.util.stream.ReferencePipeline$3$1.accept(ReferencePipeline.java:195)
	at java.base/java.util.ArrayList$ArrayListSpliterator.forEachRemaining(ArrayList.java:1655)
	at java.base/java.util.stream.AbstractPipeline.copyInto(AbstractPipeline.java:484)
	at java.base/java.util.stream.AbstractPipeline.wrapAndCopyInto(AbstractPipeline.java:474)
	at java.base/java.util.stream.ReduceOps$ReduceOp.evaluateSequential(ReduceOps.java:913)
	at java.base/java.util.stream.AbstractPipeline.evaluate(AbstractPipeline.java:234)
	at java.base/java.util.stream.ReferencePipeline.collect(ReferencePipeline.java:578)
	at de.uka.ilkd.key.nparser.builder.AbstractBuilder.mapOf(AbstractBuilder.java:112)
	at de.uka.ilkd.key.nparser.builder.IncludeFinder.visitOne_include_statement(IncludeFinder.java:35)
	at de.uka.ilkd.key.nparser.builder.IncludeFinder.visitOne_include_statement(IncludeFinder.java:20)
	at de.uka.ilkd.key.nparser.KeYParser$One_include_statementContext.accept(KeYParser.java:802)
	at org.antlr.v4.runtime.tree.AbstractParseTreeVisitor.visitChildren(AbstractParseTreeVisitor.java:46)
	at de.uka.ilkd.key.nparser.KeYParserBaseVisitor.visitDecls(KeYParserBaseVisitor.java:30)
	at de.uka.ilkd.key.nparser.KeYParser$DeclsContext.accept(KeYParser.java:500)
	at org.antlr.v4.runtime.tree.AbstractParseTreeVisitor.visitChildren(AbstractParseTreeVisitor.java:46)
	at de.uka.ilkd.key.nparser.KeYParserBaseVisitor.visitFile(KeYParserBaseVisitor.java:23)
	at de.uka.ilkd.key.nparser.KeYParser$FileContext.accept(KeYParser.java:306)
	at de.uka.ilkd.key.nparser.KeyAst.accept(KeyAst.java:41)
	at de.uka.ilkd.key.nparser.KeyAst$File.getIncludes(KeyAst.java:76)
	at de.uka.ilkd.key.proof.io.KeYFile.readIncludes(KeYFile.java:208)
	... 14 more
Could not find rule file rules/intRulesCheckedSemantics.key (file: /home/runner/work/key/key/key.core/../key.ui/examples/index/../InformationFlow/MiniExamples/mini.DifferenceSeqLocset(mini.DifferenceSeqLocset__m()).Non-interference contract.1.m.key; caused by: de.uka.ilkd.key.proof.init.ProofInputException: Could not find rule file rules/intRulesCheckedSemantics.key)
	at de.uka.ilkd.key.control.AbstractUserInterfaceControl.load(AbstractUserInterfaceControl.java:221)
	at de.uka.ilkd.key.control.KeYEnvironment.load(KeYEnvironment.java:251)
	at de.uka.ilkd.key.control.KeYEnvironment.load(KeYEnvironment.java:224)
	at de.uka.ilkd.key.control.KeYEnvironment.load(KeYEnvironment.java:184)
	at de.uka.ilkd.key.control.KeYEnvironment.load(KeYEnvironment.java:261)
	at de.uka.ilkd.key.proof.runallproofs.proofcollection.TestFile.load(TestFile.java:270)
	at de.uka.ilkd.key.proof.runallproofs.proofcollection.TestFile.runKey(TestFile.java:160)
	at de.uka.ilkd.key.proof.runallproofs.proofcollection.ForkedTestFileRunner.main(ForkedTestFileRunner.java:171)
Caused by: de.uka.ilkd.key.proof.init.ProofInputException: Could not find rule file rules/intRulesCheckedSemantics.key
	at de.uka.ilkd.key.proof.io.KeYFile.readIncludes(KeYFile.java:210)
	at de.uka.ilkd.key.proof.init.ProblemInitializer.readIncludes(ProblemInitializer.java:177)
	at de.uka.ilkd.key.proof.init.ProblemInitializer.readEnvInput(ProblemInitializer.java:325)
	at de.uka.ilkd.key.proof.init.ProblemInitializer.prepare(ProblemInitializer.java:449)
	at de.uka.ilkd.key.proof.io.AbstractProblemLoader.createInitConfig(AbstractProblemLoader.java:518)
	at de.uka.ilkd.key.proof.io.AbstractProblemLoader.loadEnvironment(AbstractProblemLoader.java:288)
	at de.uka.ilkd.key.proof.io.AbstractProblemLoader.load(AbstractProblemLoader.java:252)
	at de.uka.ilkd.key.control.AbstractUserInterfaceControl.load(AbstractUserInterfaceControl.java:209)
	... 7 more
Caused by: java.lang.RuntimeException: Could not find rule file rules/intRulesCheckedSemantics.key
	at de.uka.ilkd.key.proof.io.RuleSourceFactory.fromBuiltInRule(RuleSourceFactory.java:32)
	at de.uka.ilkd.key.proof.io.RuleSourceFactory.fromDefaultLocation(RuleSourceFactory.java:21)
	at de.uka.ilkd.key.nparser.builder.IncludeFinder.addInclude(IncludeFinder.java:63)
	at de.uka.ilkd.key.nparser.builder.IncludeFinder.visitOne_include(IncludeFinder.java:43)
	at de.uka.ilkd.key.nparser.builder.IncludeFinder.visitOne_include(IncludeFinder.java:20)
	at de.uka.ilkd.key.nparser.KeYParser$One_includeContext.accept(KeYParser.java:878)
	at de.uka.ilkd.key.nparser.builder.AbstractBuilder.lambda$mapOf$0(AbstractBuilder.java:112)
	at java.base/java.util.stream.ReferencePipeline$3$1.accept(ReferencePipeline.java:195)
	at java.base/java.util.ArrayList$ArrayListSpliterator.forEachRemaining(ArrayList.java:1655)
	at java.base/java.util.stream.AbstractPipeline.copyInto(AbstractPipeline.java:484)
	at java.base/java.util.stream.AbstractPipeline.wrapAndCopyInto(AbstractPipeline.java:474)
	at java.base/java.util.stream.ReduceOps$ReduceOp.evaluateSequential(ReduceOps.java:913)
	at java.base/java.util.stream.AbstractPipeline.evaluate(AbstractPipeline.java:234)
	at java.base/java.util.stream.ReferencePipeline.collect(ReferencePipeline.java:578)
	at de.uka.ilkd.key.nparser.builder.AbstractBuilder.mapOf(AbstractBuilder.java:112)
	at de.uka.ilkd.key.nparser.builder.IncludeFinder.visitOne_include_statement(IncludeFinder.java:35)
	at de.uka.ilkd.key.nparser.builder.IncludeFinder.visitOne_include_statement(IncludeFinder.java:20)
	at de.uka.ilkd.key.nparser.KeYParser$One_include_statementContext.accept(KeYParser.java:802)
	at org.antlr.v4.runtime.tree.AbstractParseTreeVisitor.visitChildren(AbstractParseTreeVisitor.java:46)
	at de.uka.ilkd.key.nparser.KeYParserBaseVisitor.visitDecls(KeYParserBaseVisitor.java:30)
	at de.uka.ilkd.key.nparser.KeYParser$DeclsContext.accept(KeYParser.java:500)
	at org.antlr.v4.runtime.tree.AbstractParseTreeVisitor.visitChildren(AbstractParseTreeVisitor.java:46)
	at de.uka.ilkd.key.nparser.KeYParserBaseVisitor.visitFile(KeYParserBaseVisitor.java:23)
	at de.uka.ilkd.key.nparser.KeYParser$FileContext.accept(KeYParser.java:306)
	at de.uka.ilkd.key.nparser.KeyAst.accept(KeyAst.java:41)
	at de.uka.ilkd.key.nparser.KeyAst$File.getIncludes(KeyAst.java:76)
	at de.uka.ilkd.key.proof.io.KeYFile.readIncludes(KeYFile.java:208)
	... 14 more
Could not find rule file rules/intRulesCheckedSemantics.key (file: /home/runner/work/key/key/key.core/../key.ui/examples/index/../InformationFlow/MiniExamples/mini.DifferenceSeqLocset(mini.DifferenceSeqLocset__m()).Non-interference contract.0.m.key; caused by: de.uka.ilkd.key.proof.init.ProofInputException: Could not find rule file rules/intRulesCheckedSemantics.key)
	at de.uka.ilkd.key.control.AbstractUserInterfaceControl.load(AbstractUserInterfaceControl.java:221)
	at de.uka.ilkd.key.control.KeYEnvironment.load(KeYEnvironment.java:251)
	at de.uka.ilkd.key.control.KeYEnvironment.load(KeYEnvironment.java:224)
	at de.uka.ilkd.key.control.KeYEnvironment.load(KeYEnvironment.java:184)
	at de.uka.ilkd.key.control.KeYEnvironment.load(KeYEnvironment.java:261)
	at de.uka.ilkd.key.proof.runallproofs.proofcollection.TestFile.load(TestFile.java:270)
	at de.uka.ilkd.key.proof.runallproofs.proofcollection.TestFile.runKey(TestFile.java:160)
	at de.uka.ilkd.key.proof.runallproofs.proofcollection.ForkedTestFileRunner.main(ForkedTestFileRunner.java:171)
Caused by: de.uka.ilkd.key.proof.init.ProofInputException: Could not find rule file rules/intRulesCheckedSemantics.key
	at de.uka.ilkd.key.proof.io.KeYFile.readIncludes(KeYFile.java:210)
	at de.uka.ilkd.key.proof.init.ProblemInitializer.readIncludes(ProblemInitializer.java:177)
	at de.uka.ilkd.key.proof.init.ProblemInitializer.readEnvInput(ProblemInitializer.java:325)
	at de.uka.ilkd.key.proof.init.ProblemInitializer.prepare(ProblemInitializer.java:449)
	at de.uka.ilkd.key.proof.io.AbstractProblemLoader.createInitConfig(AbstractProblemLoader.java:518)
	at de.uka.ilkd.key.proof.io.AbstractProblemLoader.loadEnvironment(AbstractProblemLoader.java:288)
	at de.uka.ilkd.key.proof.io.AbstractProblemLoader.load(AbstractProblemLoader.java:252)
	at de.uka.ilkd.key.control.AbstractUserInterfaceControl.load(AbstractUserInterfaceControl.java:209)
	... 7 more
Caused by: java.lang.RuntimeException: Could not find rule file rules/intRulesCheckedSemantics.key
	at de.uka.ilkd.key.proof.io.RuleSourceFactory.fromBuiltInRule(RuleSourceFactory.java:32)
	at de.uka.ilkd.key.proof.io.RuleSourceFactory.fromDefaultLocation(RuleSourceFactory.java:21)
	at de.uka.ilkd.key.nparser.builder.IncludeFinder.addInclude(IncludeFinder.java:63)
	at de.uka.ilkd.key.nparser.builder.IncludeFinder.visitOne_include(IncludeFinder.java:43)
	at de.uka.ilkd.key.nparser.builder.IncludeFinder.visitOne_include(IncludeFinder.java:20)
	at de.uka.ilkd.key.nparser.KeYParser$One_includeContext.accept(KeYParser.java:878)
	at de.uka.ilkd.key.nparser.builder.AbstractBuilder.lambda$mapOf$0(AbstractBuilder.java:112)
	at java.base/java.util.stream.ReferencePipeline$3$1.accept(ReferencePipeline.java:195)
	at java.base/java.util.ArrayList$ArrayListSpliterator.forEachRemaining(ArrayList.java:1655)
	at java.base/java.util.stream.AbstractPipeline.copyInto(AbstractPipeline.java:484)
	at java.base/java.util.stream.AbstractPipeline.wrapAndCopyInto(AbstractPipeline.java:474)
	at java.base/java.util.stream.ReduceOps$ReduceOp.evaluateSequential(ReduceOps.java:913)
	at java.base/java.util.stream.AbstractPipeline.evaluate(AbstractPipeline.java:234)
	at java.base/java.util.stream.ReferencePipeline.collect(ReferencePipeline.java:578)
	at de.uka.ilkd.key.nparser.builder.AbstractBuilder.mapOf(AbstractBuilder.java:112)
	at de.uka.ilkd.key.nparser.builder.IncludeFinder.visitOne_include_statement(IncludeFinder.java:35)
	at de.uka.ilkd.key.nparser.builder.IncludeFinder.visitOne_include_statement(IncludeFinder.java:20)
	at de.uka.ilkd.key.nparser.KeYParser$One_include_statementContext.accept(KeYParser.java:802)
	at org.antlr.v4.runtime.tree.AbstractParseTreeVisitor.visitChildren(AbstractParseTreeVisitor.java:46)
	at de.uka.ilkd.key.nparser.KeYParserBaseVisitor.visitDecls(KeYParserBaseVisitor.java:30)
	at de.uka.ilkd.key.nparser.KeYParser$DeclsContext.accept(KeYParser.java:500)
	at org.antlr.v4.runtime.tree.AbstractParseTreeVisitor.visitChildren(AbstractParseTreeVisitor.java:46)
	at de.uka.ilkd.key.nparser.KeYParserBaseVisitor.visitFile(KeYParserBaseVisitor.java:23)
	at de.uka.ilkd.key.nparser.KeYParser$FileContext.accept(KeYParser.java:306)
	at de.uka.ilkd.key.nparser.KeyAst.accept(KeyAst.java:41)
	at de.uka.ilkd.key.nparser.KeyAst$File.getIncludes(KeyAst.java:76)
	at de.uka.ilkd.key.proof.io.KeYFile.readIncludes(KeYFile.java:208)
	... 14 more
Could not find rule file rules/intRulesCheckedSemantics.key (file: /home/runner/work/key/key/key.core/../key.ui/examples/index/../InformationFlow/MiniExamples/mini.MiniExamples(mini.MiniExamples__secure_p2_8()).Non-interference contract.0.m.key; caused by: de.uka.ilkd.key.proof.init.ProofInputException: Could not find rule file rules/intRulesCheckedSemantics.key)
	at de.uka.ilkd.key.control.AbstractUserInterfaceControl.load(AbstractUserInterfaceControl.java:221)
	at de.uka.ilkd.key.control.KeYEnvironment.load(KeYEnvironment.java:251)
	at de.uka.ilkd.key.control.KeYEnvironment.load(KeYEnvironment.java:224)
	at de.uka.ilkd.key.control.KeYEnvironment.load(KeYEnvironment.java:184)
	at de.uka.ilkd.key.control.KeYEnvironment.load(KeYEnvironment.java:261)
	at de.uka.ilkd.key.proof.runallproofs.proofcollection.TestFile.load(TestFile.java:270)
	at de.uka.ilkd.key.proof.runallproofs.proofcollection.TestFile.runKey(TestFile.java:160)
	at de.uka.ilkd.key.proof.runallproofs.proofcollection.ForkedTestFileRunner.main(ForkedTestFileRunner.java:171)
Caused by: de.uka.ilkd.key.proof.init.ProofInputException: Could not find rule file rules/intRulesCheckedSemantics.key
	at de.uka.ilkd.key.proof.io.KeYFile.readIncludes(KeYFile.java:210)
	at de.uka.ilkd.key.proof.init.ProblemInitializer.readIncludes(ProblemInitializer.java:177)
	at de.uka.ilkd.key.proof.init.ProblemInitializer.readEnvInput(ProblemInitializer.java:325)
	at de.uka.ilkd.key.proof.init.ProblemInitializer.prepare(ProblemInitializer.java:449)
	at de.uka.ilkd.key.proof.io.AbstractProblemLoader.createInitConfig(AbstractProblemLoader.java:518)
	at de.uka.ilkd.key.proof.io.AbstractProblemLoader.loadEnvironment(AbstractProblemLoader.java:288)
	at de.uka.ilkd.key.proof.io.AbstractProblemLoader.load(AbstractProblemLoader.java:252)
	at de.uka.ilkd.key.control.AbstractUserInterfaceControl.load(AbstractUserInterfaceControl.java:209)
	... 7 more
Caused by: java.lang.RuntimeException: Could not find rule file rules/intRulesCheckedSemantics.key
	at de.uka.ilkd.key.proof.io.RuleSourceFactory.fromBuiltInRule(RuleSourceFactory.java:32)
	at de.uka.ilkd.key.proof.io.RuleSourceFactory.fromDefaultLocation(RuleSourceFactory.java:21)
	at de.uka.ilkd.key.nparser.builder.IncludeFinder.addInclude(IncludeFinder.java:63)
	at de.uka.ilkd.key.nparser.builder.IncludeFinder.visitOne_include(IncludeFinder.java:43)
	at de.uka.ilkd.key.nparser.builder.IncludeFinder.visitOne_include(IncludeFinder.java:20)
	at de.uka.ilkd.key.nparser.KeYParser$One_includeContext.accept(KeYParser.java:878)
	at de.uka.ilkd.key.nparser.builder.AbstractBuilder.lambda$mapOf$0(AbstractBuilder.java:112)
	at java.base/java.util.stream.ReferencePipeline$3$1.accept(ReferencePipeline.java:195)
	at java.base/java.util.ArrayList$ArrayListSpliterator.forEachRemaining(ArrayList.java:1655)
	at java.base/java.util.stream.AbstractPipeline.copyInto(AbstractPipeline.java:484)
	at java.base/java.util.stream.AbstractPipeline.wrapAndCopyInto(AbstractPipeline.java:474)
	at java.base/java.util.stream.ReduceOps$ReduceOp.evaluateSequential(ReduceOps.java:913)
	at java.base/java.util.stream.AbstractPipeline.evaluate(AbstractPipeline.java:234)
	at java.base/java.util.stream.ReferencePipeline.collect(ReferencePipeline.java:578)
	at de.uka.ilkd.key.nparser.builder.AbstractBuilder.mapOf(AbstractBuilder.java:112)
	at de.uka.ilkd.key.nparser.builder.IncludeFinder.visitOne_include_statement(IncludeFinder.java:35)
	at de.uka.ilkd.key.nparser.builder.IncludeFinder.visitOne_include_statement(IncludeFinder.java:20)
	at de.uka.ilkd.key.nparser.KeYParser$One_include_statementContext.accept(KeYParser.java:802)
	at org.antlr.v4.runtime.tree.AbstractParseTreeVisitor.visitChildren(AbstractParseTreeVisitor.java:46)
	at de.uka.ilkd.key.nparser.KeYParserBaseVisitor.visitDecls(KeYParserBaseVisitor.java:30)
	at de.uka.ilkd.key.nparser.KeYParser$DeclsContext.accept(KeYParser.java:500)
	at org.antlr.v4.runtime.tree.AbstractParseTreeVisitor.visitChildren(AbstractParseTreeVisitor.java:46)
	at de.uka.ilkd.key.nparser.KeYParserBaseVisitor.visitFile(KeYParserBaseVisitor.java:23)
	at de.uka.ilkd.key.nparser.KeYParser$FileContext.accept(KeYParser.java:306)
	at de.uka.ilkd.key.nparser.KeyAst.accept(KeyAst.java:41)
	at de.uka.ilkd.key.nparser.KeyAst$File.getIncludes(KeyAst.java:76)
	at de.uka.ilkd.key.proof.io.KeYFile.readIncludes(KeYFile.java:208)
	... 14 more
Could not find rule file rules/intRulesCheckedSemantics.key (file: /home/runner/work/key/key/key.core/../key.ui/examples/index/../InformationFlow/MiniExamples/mini.MiniExamples(mini.MiniExamples__secure_parameter(int)).Non-interference contract.0.m.key; caused by: de.uka.ilkd.key.proof.init.ProofInputException: Could not find rule file rules/intRulesCheckedSemantics.key)
	at de.uka.ilkd.key.control.AbstractUserInterfaceControl.load(AbstractUserInterfaceControl.java:221)
	at de.uka.ilkd.key.control.KeYEnvironment.load(KeYEnvironment.java:251)
	at de.uka.ilkd.key.control.KeYEnvironment.load(KeYEnvironment.java:224)
	at de.uka.ilkd.key.control.KeYEnvironment.load(KeYEnvironment.java:184)
	at de.uka.ilkd.key.control.KeYEnvironment.load(KeYEnvironment.java:261)
	at de.uka.ilkd.key.proof.runallproofs.proofcollection.TestFile.load(TestFile.java:270)
	at de.uka.ilkd.key.proof.runallproofs.proofcollection.TestFile.runKey(TestFile.java:160)
	at de.uka.ilkd.key.proof.runallproofs.proofcollection.ForkedTestFileRunner.main(ForkedTestFileRunner.java:171)
Caused by: de.uka.ilkd.key.proof.init.ProofInputException: Could not find rule file rules/intRulesCheckedSemantics.key
	at de.uka.ilkd.key.proof.io.KeYFile.readIncludes(KeYFile.java:210)
	at de.uka.ilkd.key.proof.init.ProblemInitializer.readIncludes(ProblemInitializer.java:177)
	at de.uka.ilkd.key.proof.init.ProblemInitializer.readEnvInput(ProblemInitializer.java:325)
	at de.uka.ilkd.key.proof.init.ProblemInitializer.prepare(ProblemInitializer.java:449)
	at de.uka.ilkd.key.proof.io.AbstractProblemLoader.createInitConfig(AbstractProblemLoader.java:518)
	at de.uka.ilkd.key.proof.io.AbstractProblemLoader.loadEnvironment(AbstractProblemLoader.java:288)
	at de.uka.ilkd.key.proof.io.AbstractProblemLoader.load(AbstractProblemLoader.java:252)
	at de.uka.ilkd.key.control.AbstractUserInterfaceControl.load(AbstractUserInterfaceControl.java:209)
	... 7 more
Caused by: java.lang.RuntimeException: Could not find rule file rules/intRulesCheckedSemantics.key
	at de.uka.ilkd.key.proof.io.RuleSourceFactory.fromBuiltInRule(RuleSourceFactory.java:32)
	at de.uka.ilkd.key.proof.io.RuleSourceFactory.fromDefaultLocation(RuleSourceFactory.java:21)
	at de.uka.ilkd.key.nparser.builder.IncludeFinder.addInclude(IncludeFinder.java:63)
	at de.uka.ilkd.key.nparser.builder.IncludeFinder.visitOne_include(IncludeFinder.java:43)
	at de.uka.ilkd.key.nparser.builder.IncludeFinder.visitOne_include(IncludeFinder.java:20)
	at de.uka.ilkd.key.nparser.KeYParser$One_includeContext.accept(KeYParser.java:878)
	at de.uka.ilkd.key.nparser.builder.AbstractBuilder.lambda$mapOf$0(AbstractBuilder.java:112)
	at java.base/java.util.stream.ReferencePipeline$3$1.accept(ReferencePipeline.java:195)
	at java.base/java.util.ArrayList$ArrayListSpliterator.forEachRemaining(ArrayList.java:1655)
	at java.base/java.util.stream.AbstractPipeline.copyInto(AbstractPipeline.java:484)
	at java.base/java.util.stream.AbstractPipeline.wrapAndCopyInto(AbstractPipeline.java:474)
	at java.base/java.util.stream.ReduceOps$ReduceOp.evaluateSequential(ReduceOps.java:913)
	at java.base/java.util.stream.AbstractPipeline.evaluate(AbstractPipeline.java:234)
	at java.base/java.util.stream.ReferencePipeline.collect(ReferencePipeline.java:578)
	at de.uka.ilkd.key.nparser.builder.AbstractBuilder.mapOf(AbstractBuilder.java:112)
	at de.uka.ilkd.key.nparser.builder.IncludeFinder.visitOne_include_statement(IncludeFinder.java:35)
	at de.uka.ilkd.key.nparser.builder.IncludeFinder.visitOne_include_statement(IncludeFinder.java:20)
	at de.uka.ilkd.key.nparser.KeYParser$One_include_statementContext.accept(KeYParser.java:802)
	at org.antlr.v4.runtime.tree.AbstractParseTreeVisitor.visitChildren(AbstractParseTreeVisitor.java:46)
	at de.uka.ilkd.key.nparser.KeYParserBaseVisitor.visitDecls(KeYParserBaseVisitor.java:30)
	at de.uka.ilkd.key.nparser.KeYParser$DeclsContext.accept(KeYParser.java:500)
	at org.antlr.v4.runtime.tree.AbstractParseTreeVisitor.visitChildren(AbstractParseTreeVisitor.java:46)
	at de.uka.ilkd.key.nparser.KeYParserBaseVisitor.visitFile(KeYParserBaseVisitor.java:23)
	at de.uka.ilkd.key.nparser.KeYParser$FileContext.accept(KeYParser.java:306)
	at de.uka.ilkd.key.nparser.KeyAst.accept(KeyAst.java:41)
	at de.uka.ilkd.key.nparser.KeyAst$File.getIncludes(KeyAst.java:76)
	at de.uka.ilkd.key.proof.io.KeYFile.readIncludes(KeYFile.java:208)
	... 14 more
Could not find rule file rules/intRulesCheckedSemantics.key (file: /home/runner/work/key/key/key.core/../key.ui/examples/index/../InformationFlow/MiniExamples/mini.MiniExamples(mini.MiniExamples__secure_p2_7()).Non-interference contract.0.m.key; caused by: de.uka.ilkd.key.proof.init.ProofInputException: Could not find rule file rules/intRulesCheckedSemantics.key)
	at de.uka.ilkd.key.control.AbstractUserInterfaceControl.load(AbstractUserInterfaceControl.java:221)
	at de.uka.ilkd.key.control.KeYEnvironment.load(KeYEnvironment.java:251)
	at de.uka.ilkd.key.control.KeYEnvironment.load(KeYEnvironment.java:224)
	at de.uka.ilkd.key.control.KeYEnvironment.load(KeYEnvironment.java:184)
	at de.uka.ilkd.key.control.KeYEnvironment.load(KeYEnvironment.java:261)
	at de.uka.ilkd.key.proof.runallproofs.proofcollection.TestFile.load(TestFile.java:270)
	at de.uka.ilkd.key.proof.runallproofs.proofcollection.TestFile.runKey(TestFile.java:160)
	at de.uka.ilkd.key.proof.runallproofs.proofcollection.ForkedTestFileRunner.main(ForkedTestFileRunner.java:171)
Caused by: de.uka.ilkd.key.proof.init.ProofInputException: Could not find rule file rules/intRulesCheckedSemantics.key
	at de.uka.ilkd.key.proof.io.KeYFile.readIncludes(KeYFile.java:210)
	at de.uka.ilkd.key.proof.init.ProblemInitializer.readIncludes(ProblemInitializer.java:177)
	at de.uka.ilkd.key.proof.init.ProblemInitializer.readEnvInput(ProblemInitializer.java:325)
	at de.uka.ilkd.key.proof.init.ProblemInitializer.prepare(ProblemInitializer.java:449)
	at de.uka.ilkd.key.proof.io.AbstractProblemLoader.createInitConfig(AbstractProblemLoader.java:518)
	at de.uka.ilkd.key.proof.io.AbstractProblemLoader.loadEnvironment(AbstractProblemLoader.java:288)
	at de.uka.ilkd.key.proof.io.AbstractProblemLoader.load(AbstractProblemLoader.java:252)
	at de.uka.ilkd.key.control.AbstractUserInterfaceControl.load(AbstractUserInterfaceControl.java:209)
	... 7 more
Caused by: java.lang.RuntimeException: Could not find rule file rules/intRulesCheckedSemantics.key
	at de.uka.ilkd.key.proof.io.RuleSourceFactory.fromBuiltInRule(RuleSourceFactory.java:32)
	at de.uka.ilkd.key.proof.io.RuleSourceFactory.fromDefaultLocation(RuleSourceFactory.java:21)
	at de.uka.ilkd.key.nparser.builder.IncludeFinder.addInclude(IncludeFinder.java:63)
	at de.uka.ilkd.key.nparser.builder.IncludeFinder.visitOne_include(IncludeFinder.java:43)
	at de.uka.ilkd.key.nparser.builder.IncludeFinder.visitOne_include(IncludeFinder.java:20)
	at de.uka.ilkd.key.nparser.KeYParser$One_includeContext.accept(KeYParser.java:878)
	at de.uka.ilkd.key.nparser.builder.AbstractBuilder.lambda$mapOf$0(AbstractBuilder.java:112)
	at java.base/java.util.stream.ReferencePipeline$3$1.accept(ReferencePipeline.java:195)
	at java.base/java.util.ArrayList$ArrayListSpliterator.forEachRemaining(ArrayList.java:1655)
	at java.base/java.util.stream.AbstractPipeline.copyInto(AbstractPipeline.java:484)
	at java.base/java.util.stream.AbstractPipeline.wrapAndCopyInto(AbstractPipeline.java:474)
	at java.base/java.util.stream.ReduceOps$ReduceOp.evaluateSequential(ReduceOps.java:913)
	at java.base/java.util.stream.AbstractPipeline.evaluate(AbstractPipeline.java:234)
	at java.base/java.util.stream.ReferencePipeline.collect(ReferencePipeline.java:578)
	at de.uka.ilkd.key.nparser.builder.AbstractBuilder.mapOf(AbstractBuilder.java:112)
	at de.uka.ilkd.key.nparser.builder.IncludeFinder.visitOne_include_statement(IncludeFinder.java:35)
	at de.uka.ilkd.key.nparser.builder.IncludeFinder.visitOne_include_statement(IncludeFinder.java:20)
	at de.uka.ilkd.key.nparser.KeYParser$One_include_statementContext.accept(KeYParser.java:802)
	at org.antlr.v4.runtime.tree.AbstractParseTreeVisitor.visitChildren(AbstractParseTreeVisitor.java:46)
	at de.uka.ilkd.key.nparser.KeYParserBaseVisitor.visitDecls(KeYParserBaseVisitor.java:30)
	at de.uka.ilkd.key.nparser.KeYParser$DeclsContext.accept(KeYParser.java:500)
	at org.antlr.v4.runtime.tree.AbstractParseTreeVisitor.visitChildren(AbstractParseTreeVisitor.java:46)
	at de.uka.ilkd.key.nparser.KeYParserBaseVisitor.visitFile(KeYParserBaseVisitor.java:23)
	at de.uka.ilkd.key.nparser.KeYParser$FileContext.accept(KeYParser.java:306)
	at de.uka.ilkd.key.nparser.KeyAst.accept(KeyAst.java:41)
	at de.uka.ilkd.key.nparser.KeyAst$File.getIncludes(KeyAst.java:76)
	at de.uka.ilkd.key.proof.io.KeYFile.readIncludes(KeYFile.java:208)
	... 14 more
Could not find rule file rules/intRulesCheckedSemantics.key (file: /home/runner/work/key/key/key.core/../key.ui/examples/index/../InformationFlow/MiniExamples/mini.MiniExamples(mini.MiniExamples__insecure_p2_2()).Non-interference contract.0.m.key; caused by: de.uka.ilkd.key.proof.init.ProofInputException: Could not find rule file rules/intRulesCheckedSemantics.key)
	at de.uka.ilkd.key.control.AbstractUserInterfaceControl.load(AbstractUserInterfaceControl.java:221)
	at de.uka.ilkd.key.control.KeYEnvironment.load(KeYEnvironment.java:251)
	at de.uka.ilkd.key.control.KeYEnvironment.load(KeYEnvironment.java:224)
	at de.uka.ilkd.key.control.KeYEnvironment.load(KeYEnvironment.java:184)
	at de.uka.ilkd.key.control.KeYEnvironment.load(KeYEnvironment.java:261)
	at de.uka.ilkd.key.proof.runallproofs.proofcollection.TestFile.load(TestFile.java:270)
	at de.uka.ilkd.key.proof.runallproofs.proofcollection.TestFile.runKey(TestFile.java:160)
	at de.uka.ilkd.key.proof.runallproofs.proofcollection.ForkedTestFileRunner.main(ForkedTestFileRunner.java:171)
Caused by: de.uka.ilkd.key.proof.init.ProofInputException: Could not find rule file rules/intRulesCheckedSemantics.key
	at de.uka.ilkd.key.proof.io.KeYFile.readIncludes(KeYFile.java:210)
	at de.uka.ilkd.key.proof.init.ProblemInitializer.readIncludes(ProblemInitializer.java:177)
	at de.uka.ilkd.key.proof.init.ProblemInitializer.readEnvInput(ProblemInitializer.java:325)
	at de.uka.ilkd.key.proof.init.ProblemInitializer.prepare(ProblemInitializer.java:449)
	at de.uka.ilkd.key.proof.io.AbstractProblemLoader.createInitConfig(AbstractProblemLoader.java:518)
	at de.uka.ilkd.key.proof.io.AbstractProblemLoader.loadEnvironment(AbstractProblemLoader.java:288)
	at de.uka.ilkd.key.proof.io.AbstractProblemLoader.load(AbstractProblemLoader.java:252)
	at de.uka.ilkd.key.control.AbstractUserInterfaceControl.load(AbstractUserInterfaceControl.java:209)
	... 7 more
Caused by: java.lang.RuntimeException: Could not find rule file rules/intRulesCheckedSemantics.key
	at de.uka.ilkd.key.proof.io.RuleSourceFactory.fromBuiltInRule(RuleSourceFactory.java:32)
	at de.uka.ilkd.key.proof.io.RuleSourceFactory.fromDefaultLocation(RuleSourceFactory.java:21)
	at de.uka.ilkd.key.nparser.builder.IncludeFinder.addInclude(IncludeFinder.java:63)
	at de.uka.ilkd.key.nparser.builder.IncludeFinder.visitOne_include(IncludeFinder.java:43)
	at de.uka.ilkd.key.nparser.builder.IncludeFinder.visitOne_include(IncludeFinder.java:20)
	at de.uka.ilkd.key.nparser.KeYParser$One_includeContext.accept(KeYParser.java:878)
	at de.uka.ilkd.key.nparser.builder.AbstractBuilder.lambda$mapOf$0(AbstractBuilder.java:112)
	at java.base/java.util.stream.ReferencePipeline$3$1.accept(ReferencePipeline.java:195)
	at java.base/java.util.ArrayList$ArrayListSpliterator.forEachRemaining(ArrayList.java:1655)
	at java.base/java.util.stream.AbstractPipeline.copyInto(AbstractPipeline.java:484)
	at java.base/java.util.stream.AbstractPipeline.wrapAndCopyInto(AbstractPipeline.java:474)
	at java.base/java.util.stream.ReduceOps$ReduceOp.evaluateSequential(ReduceOps.java:913)
	at java.base/java.util.stream.AbstractPipeline.evaluate(AbstractPipeline.java:234)
	at java.base/java.util.stream.ReferencePipeline.collect(ReferencePipeline.java:578)
	at de.uka.ilkd.key.nparser.builder.AbstractBuilder.mapOf(AbstractBuilder.java:112)
	at de.uka.ilkd.key.nparser.builder.IncludeFinder.visitOne_include_statement(IncludeFinder.java:35)
	at de.uka.ilkd.key.nparser.builder.IncludeFinder.visitOne_include_statement(IncludeFinder.java:20)
	at de.uka.ilkd.key.nparser.KeYParser$One_include_statementContext.accept(KeYParser.java:802)
	at org.antlr.v4.runtime.tree.AbstractParseTreeVisitor.visitChildren(AbstractParseTreeVisitor.java:46)
	at de.uka.ilkd.key.nparser.KeYParserBaseVisitor.visitDecls(KeYParserBaseVisitor.java:30)
	at de.uka.ilkd.key.nparser.KeYParser$DeclsContext.accept(KeYParser.java:500)
	at org.antlr.v4.runtime.tree.AbstractParseTreeVisitor.visitChildren(AbstractParseTreeVisitor.java:46)
	at de.uka.ilkd.key.nparser.KeYParserBaseVisitor.visitFile(KeYParserBaseVisitor.java:23)
	at de.uka.ilkd.key.nparser.KeYParser$FileContext.accept(KeYParser.java:306)
	at de.uka.ilkd.key.nparser.KeyAst.accept(KeyAst.java:41)
	at de.uka.ilkd.key.nparser.KeyAst$File.getIncludes(KeyAst.java:76)
	at de.uka.ilkd.key.proof.io.KeYFile.readIncludes(KeYFile.java:208)
	... 14 more
Could not find rule file rules/intRulesCheckedSemantics.key (file: /home/runner/work/key/key/key.core/../key.ui/examples/index/../InformationFlow/MiniExamples/mini.MiniExamples(mini.MiniExamples__secure_p2_6()).Non-interference contract.0.m.key; caused by: de.uka.ilkd.key.proof.init.ProofInputException: Could not find rule file rules/intRulesCheckedSemantics.key)
	at de.uka.ilkd.key.control.AbstractUserInterfaceControl.load(AbstractUserInterfaceControl.java:221)
	at de.uka.ilkd.key.control.KeYEnvironment.load(KeYEnvironment.java:251)
	at de.uka.ilkd.key.control.KeYEnvironment.load(KeYEnvironment.java:224)
	at de.uka.ilkd.key.control.KeYEnvironment.load(KeYEnvironment.java:184)
	at de.uka.ilkd.key.control.KeYEnvironment.load(KeYEnvironment.java:261)
	at de.uka.ilkd.key.proof.runallproofs.proofcollection.TestFile.load(TestFile.java:270)
	at de.uka.ilkd.key.proof.runallproofs.proofcollection.TestFile.runKey(TestFile.java:160)
	at de.uka.ilkd.key.proof.runallproofs.proofcollection.ForkedTestFileRunner.main(ForkedTestFileRunner.java:171)
Caused by: de.uka.ilkd.key.proof.init.ProofInputException: Could not find rule file rules/intRulesCheckedSemantics.key
	at de.uka.ilkd.key.proof.io.KeYFile.readIncludes(KeYFile.java:210)
	at de.uka.ilkd.key.proof.init.ProblemInitializer.readIncludes(ProblemInitializer.java:177)
	at de.uka.ilkd.key.proof.init.ProblemInitializer.readEnvInput(ProblemInitializer.java:325)
	at de.uka.ilkd.key.proof.init.ProblemInitializer.prepare(ProblemInitializer.java:449)
	at de.uka.ilkd.key.proof.io.AbstractProblemLoader.createInitConfig(AbstractProblemLoader.java:518)
	at de.uka.ilkd.key.proof.io.AbstractProblemLoader.loadEnvironment(AbstractProblemLoader.java:288)
	at de.uka.ilkd.key.proof.io.AbstractProblemLoader.load(AbstractProblemLoader.java:252)
	at de.uka.ilkd.key.control.AbstractUserInterfaceControl.load(AbstractUserInterfaceControl.java:209)
	... 7 more
Caused by: java.lang.RuntimeException: Could not find rule file rules/intRulesCheckedSemantics.key
	at de.uka.ilkd.key.proof.io.RuleSourceFactory.fromBuiltInRule(RuleSourceFactory.java:32)
	at de.uka.ilkd.key.proof.io.RuleSourceFactory.fromDefaultLocation(RuleSourceFactory.java:21)
	at de.uka.ilkd.key.nparser.builder.IncludeFinder.addInclude(IncludeFinder.java:63)
	at de.uka.ilkd.key.nparser.builder.IncludeFinder.visitOne_include(IncludeFinder.java:43)
	at de.uka.ilkd.key.nparser.builder.IncludeFinder.visitOne_include(IncludeFinder.java:20)
	at de.uka.ilkd.key.nparser.KeYParser$One_includeContext.accept(KeYParser.java:878)
	at de.uka.ilkd.key.nparser.builder.AbstractBuilder.lambda$mapOf$0(AbstractBuilder.java:112)
	at java.base/java.util.stream.ReferencePipeline$3$1.accept(ReferencePipeline.java:195)
	at java.base/java.util.ArrayList$ArrayListSpliterator.forEachRemaining(ArrayList.java:1655)
	at java.base/java.util.stream.AbstractPipeline.copyInto(AbstractPipeline.java:484)
	at java.base/java.util.stream.AbstractPipeline.wrapAndCopyInto(AbstractPipeline.java:474)
	at java.base/java.util.stream.ReduceOps$ReduceOp.evaluateSequential(ReduceOps.java:913)
	at java.base/java.util.stream.AbstractPipeline.evaluate(AbstractPipeline.java:234)
	at java.base/java.util.stream.ReferencePipeline.collect(ReferencePipeline.java:578)
	at de.uka.ilkd.key.nparser.builder.AbstractBuilder.mapOf(AbstractBuilder.java:112)
	at de.uka.ilkd.key.nparser.builder.IncludeFinder.visitOne_include_statement(IncludeFinder.java:35)
	at de.uka.ilkd.key.nparser.builder.IncludeFinder.visitOne_include_statement(IncludeFinder.java:20)
	at de.uka.ilkd.key.nparser.KeYParser$One_include_statementContext.accept(KeYParser.java:802)
	at org.antlr.v4.runtime.tree.AbstractParseTreeVisitor.visitChildren(AbstractParseTreeVisitor.java:46)
	at de.uka.ilkd.key.nparser.KeYParserBaseVisitor.visitDecls(KeYParserBaseVisitor.java:30)
	at de.uka.ilkd.key.nparser.KeYParser$DeclsContext.accept(KeYParser.java:500)
	at org.antlr.v4.runtime.tree.AbstractParseTreeVisitor.visitChildren(AbstractParseTreeVisitor.java:46)
	at de.uka.ilkd.key.nparser.KeYParserBaseVisitor.visitFile(KeYParserBaseVisitor.java:23)
	at de.uka.ilkd.key.nparser.KeYParser$FileContext.accept(KeYParser.java:306)
	at de.uka.ilkd.key.nparser.KeyAst.accept(KeyAst.java:41)
	at de.uka.ilkd.key.nparser.KeyAst$File.getIncludes(KeyAst.java:76)
	at de.uka.ilkd.key.proof.io.KeYFile.readIncludes(KeYFile.java:208)
	... 14 more
Could not find rule file rules/intRulesCheckedSemantics.key (file: /home/runner/work/key/key/key.core/../key.ui/examples/index/../InformationFlow/MiniExamples/mini.MiniExamples(mini.MiniExamples__secure_p2_5()).Non-interference contract.0.m.key; caused by: de.uka.ilkd.key.proof.init.ProofInputException: Could not find rule file rules/intRulesCheckedSemantics.key)
	at de.uka.ilkd.key.control.AbstractUserInterfaceControl.load(AbstractUserInterfaceControl.java:221)
	at de.uka.ilkd.key.control.KeYEnvironment.load(KeYEnvironment.java:251)
	at de.uka.ilkd.key.control.KeYEnvironment.load(KeYEnvironment.java:224)
	at de.uka.ilkd.key.control.KeYEnvironment.load(KeYEnvironment.java:184)
	at de.uka.ilkd.key.control.KeYEnvironment.load(KeYEnvironment.java:261)
	at de.uka.ilkd.key.proof.runallproofs.proofcollection.TestFile.load(TestFile.java:270)
	at de.uka.ilkd.key.proof.runallproofs.proofcollection.TestFile.runKey(TestFile.java:160)
	at de.uka.ilkd.key.proof.runallproofs.proofcollection.ForkedTestFileRunner.main(ForkedTestFileRunner.java:171)
Caused by: de.uka.ilkd.key.proof.init.ProofInputException: Could not find rule file rules/intRulesCheckedSemantics.key
	at de.uka.ilkd.key.proof.io.KeYFile.readIncludes(KeYFile.java:210)
	at de.uka.ilkd.key.proof.init.ProblemInitializer.readIncludes(ProblemInitializer.java:177)
	at de.uka.ilkd.key.proof.init.ProblemInitializer.readEnvInput(ProblemInitializer.java:325)
	at de.uka.ilkd.key.proof.init.ProblemInitializer.prepare(ProblemInitializer.java:449)
	at de.uka.ilkd.key.proof.io.AbstractProblemLoader.createInitConfig(AbstractProblemLoader.java:518)
	at de.uka.ilkd.key.proof.io.AbstractProblemLoader.loadEnvironment(AbstractProblemLoader.java:288)
	at de.uka.ilkd.key.proof.io.AbstractProblemLoader.load(AbstractProblemLoader.java:252)
	at de.uka.ilkd.key.control.AbstractUserInterfaceControl.load(AbstractUserInterfaceControl.java:209)
	... 7 more
Caused by: java.lang.RuntimeException: Could not find rule file rules/intRulesCheckedSemantics.key
	at de.uka.ilkd.key.proof.io.RuleSourceFactory.fromBuiltInRule(RuleSourceFactory.java:32)
	at de.uka.ilkd.key.proof.io.RuleSourceFactory.fromDefaultLocation(RuleSourceFactory.java:21)
	at de.uka.ilkd.key.nparser.builder.IncludeFinder.addInclude(IncludeFinder.java:63)
	at de.uka.ilkd.key.nparser.builder.IncludeFinder.visitOne_include(IncludeFinder.java:43)
	at de.uka.ilkd.key.nparser.builder.IncludeFinder.visitOne_include(IncludeFinder.java:20)
	at de.uka.ilkd.key.nparser.KeYParser$One_includeContext.accept(KeYParser.java:878)
	at de.uka.ilkd.key.nparser.builder.AbstractBuilder.lambda$mapOf$0(AbstractBuilder.java:112)
	at java.base/java.util.stream.ReferencePipeline$3$1.accept(ReferencePipeline.java:195)
	at java.base/java.util.ArrayList$ArrayListSpliterator.forEachRemaining(ArrayList.java:1655)
	at java.base/java.util.stream.AbstractPipeline.copyInto(AbstractPipeline.java:484)
	at java.base/java.util.stream.AbstractPipeline.wrapAndCopyInto(AbstractPipeline.java:474)
	at java.base/java.util.stream.ReduceOps$ReduceOp.evaluateSequential(ReduceOps.java:913)
	at java.base/java.util.stream.AbstractPipeline.evaluate(AbstractPipeline.java:234)
	at java.base/java.util.stream.ReferencePipeline.collect(ReferencePipeline.java:578)
	at de.uka.ilkd.key.nparser.builder.AbstractBuilder.mapOf(AbstractBuilder.java:112)
	at de.uka.ilkd.key.nparser.builder.IncludeFinder.visitOne_include_statement(IncludeFinder.java:35)
	at de.uka.ilkd.key.nparser.builder.IncludeFinder.visitOne_include_statement(IncludeFinder.java:20)
	at de.uka.ilkd.key.nparser.KeYParser$One_include_statementContext.accept(KeYParser.java:802)
	at org.antlr.v4.runtime.tree.AbstractParseTreeVisitor.visitChildren(AbstractParseTreeVisitor.java:46)
	at de.uka.ilkd.key.nparser.KeYParserBaseVisitor.visitDecls(KeYParserBaseVisitor.java:30)
	at de.uka.ilkd.key.nparser.KeYParser$DeclsContext.accept(KeYParser.java:500)
	at org.antlr.v4.runtime.tree.AbstractParseTreeVisitor.visitChildren(AbstractParseTreeVisitor.java:46)
	at de.uka.ilkd.key.nparser.KeYParserBaseVisitor.visitFile(KeYParserBaseVisitor.java:23)
	at de.uka.ilkd.key.nparser.KeYParser$FileContext.accept(KeYParser.java:306)
	at de.uka.ilkd.key.nparser.KeyAst.accept(KeyAst.java:41)
	at de.uka.ilkd.key.nparser.KeyAst$File.getIncludes(KeyAst.java:76)
	at de.uka.ilkd.key.proof.io.KeYFile.readIncludes(KeYFile.java:208)
	... 14 more
Could not find rule file rules/intRulesCheckedSemantics.key (file: /home/runner/work/key/key/key.core/../key.ui/examples/index/../InformationFlow/MiniExamples/mini.MiniExamples(mini.MiniExamples__secure_p2_4()).Non-interference contract.0.m.key; caused by: de.uka.ilkd.key.proof.init.ProofInputException: Could not find rule file rules/intRulesCheckedSemantics.key)
	at de.uka.ilkd.key.control.AbstractUserInterfaceControl.load(AbstractUserInterfaceControl.java:221)
	at de.uka.ilkd.key.control.KeYEnvironment.load(KeYEnvironment.java:251)
	at de.uka.ilkd.key.control.KeYEnvironment.load(KeYEnvironment.java:224)
	at de.uka.ilkd.key.control.KeYEnvironment.load(KeYEnvironment.java:184)
	at de.uka.ilkd.key.control.KeYEnvironment.load(KeYEnvironment.java:261)
	at de.uka.ilkd.key.proof.runallproofs.proofcollection.TestFile.load(TestFile.java:270)
	at de.uka.ilkd.key.proof.runallproofs.proofcollection.TestFile.runKey(TestFile.java:160)
	at de.uka.ilkd.key.proof.runallproofs.proofcollection.ForkedTestFileRunner.main(ForkedTestFileRunner.java:171)
Caused by: de.uka.ilkd.key.proof.init.ProofInputException: Could not find rule file rules/intRulesCheckedSemantics.key
	at de.uka.ilkd.key.proof.io.KeYFile.readIncludes(KeYFile.java:210)
	at de.uka.ilkd.key.proof.init.ProblemInitializer.readIncludes(ProblemInitializer.java:177)
	at de.uka.ilkd.key.proof.init.ProblemInitializer.readEnvInput(ProblemInitializer.java:325)
	at de.uka.ilkd.key.proof.init.ProblemInitializer.prepare(ProblemInitializer.java:449)
	at de.uka.ilkd.key.proof.io.AbstractProblemLoader.createInitConfig(AbstractProblemLoader.java:518)
	at de.uka.ilkd.key.proof.io.AbstractProblemLoader.loadEnvironment(AbstractProblemLoader.java:288)
	at de.uka.ilkd.key.proof.io.AbstractProblemLoader.load(AbstractProblemLoader.java:252)
	at de.uka.ilkd.key.control.AbstractUserInterfaceControl.load(AbstractUserInterfaceControl.java:209)
	... 7 more
Caused by: java.lang.RuntimeException: Could not find rule file rules/intRulesCheckedSemantics.key
	at de.uka.ilkd.key.proof.io.RuleSourceFactory.fromBuiltInRule(RuleSourceFactory.java:32)
	at de.uka.ilkd.key.proof.io.RuleSourceFactory.fromDefaultLocation(RuleSourceFactory.java:21)
	at de.uka.ilkd.key.nparser.builder.IncludeFinder.addInclude(IncludeFinder.java:63)
	at de.uka.ilkd.key.nparser.builder.IncludeFinder.visitOne_include(IncludeFinder.java:43)
	at de.uka.ilkd.key.nparser.builder.IncludeFinder.visitOne_include(IncludeFinder.java:20)
	at de.uka.ilkd.key.nparser.KeYParser$One_includeContext.accept(KeYParser.java:878)
	at de.uka.ilkd.key.nparser.builder.AbstractBuilder.lambda$mapOf$0(AbstractBuilder.java:112)
	at java.base/java.util.stream.ReferencePipeline$3$1.accept(ReferencePipeline.java:195)
	at java.base/java.util.ArrayList$ArrayListSpliterator.forEachRemaining(ArrayList.java:1655)
	at java.base/java.util.stream.AbstractPipeline.copyInto(AbstractPipeline.java:484)
	at java.base/java.util.stream.AbstractPipeline.wrapAndCopyInto(AbstractPipeline.java:474)
	at java.base/java.util.stream.ReduceOps$ReduceOp.evaluateSequential(ReduceOps.java:913)
	at java.base/java.util.stream.AbstractPipeline.evaluate(AbstractPipeline.java:234)
	at java.base/java.util.stream.ReferencePipeline.collect(ReferencePipeline.java:578)
	at de.uka.ilkd.key.nparser.builder.AbstractBuilder.mapOf(AbstractBuilder.java:112)
	at de.uka.ilkd.key.nparser.builder.IncludeFinder.visitOne_include_statement(IncludeFinder.java:35)
	at de.uka.ilkd.key.nparser.builder.IncludeFinder.visitOne_include_statement(IncludeFinder.java:20)
	at de.uka.ilkd.key.nparser.KeYParser$One_include_statementContext.accept(KeYParser.java:802)
	at org.antlr.v4.runtime.tree.AbstractParseTreeVisitor.visitChildren(AbstractParseTreeVisitor.java:46)
	at de.uka.ilkd.key.nparser.KeYParserBaseVisitor.visitDecls(KeYParserBaseVisitor.java:30)
	at de.uka.ilkd.key.nparser.KeYParser$DeclsContext.accept(KeYParser.java:500)
	at org.antlr.v4.runtime.tree.AbstractParseTreeVisitor.visitChildren(AbstractParseTreeVisitor.java:46)
	at de.uka.ilkd.key.nparser.KeYParserBaseVisitor.visitFile(KeYParserBaseVisitor.java:23)
	at de.uka.ilkd.key.nparser.KeYParser$FileContext.accept(KeYParser.java:306)
	at de.uka.ilkd.key.nparser.KeyAst.accept(KeyAst.java:41)
	at de.uka.ilkd.key.nparser.KeyAst$File.getIncludes(KeyAst.java:76)
	at de.uka.ilkd.key.proof.io.KeYFile.readIncludes(KeYFile.java:208)
	... 14 more
Could not find rule file rules/intRulesCheckedSemantics.key (file: /home/runner/work/key/key/key.core/../key.ui/examples/index/../InformationFlow/MiniExamples/mini.MiniExamples(mini.MiniExamples__secure_p2_3()).Non-interference contract.0.m.key; caused by: de.uka.ilkd.key.proof.init.ProofInputException: Could not find rule file rules/intRulesCheckedSemantics.key)
	at de.uka.ilkd.key.control.AbstractUserInterfaceControl.load(AbstractUserInterfaceControl.java:221)
	at de.uka.ilkd.key.control.KeYEnvironment.load(KeYEnvironment.java:251)
	at de.uka.ilkd.key.control.KeYEnvironment.load(KeYEnvironment.java:224)
	at de.uka.ilkd.key.control.KeYEnvironment.load(KeYEnvironment.java:184)
	at de.uka.ilkd.key.control.KeYEnvironment.load(KeYEnvironment.java:261)
	at de.uka.ilkd.key.proof.runallproofs.proofcollection.TestFile.load(TestFile.java:270)
	at de.uka.ilkd.key.proof.runallproofs.proofcollection.TestFile.runKey(TestFile.java:160)
	at de.uka.ilkd.key.proof.runallproofs.proofcollection.ForkedTestFileRunner.main(ForkedTestFileRunner.java:171)
Caused by: de.uka.ilkd.key.proof.init.ProofInputException: Could not find rule file rules/intRulesCheckedSemantics.key
	at de.uka.ilkd.key.proof.io.KeYFile.readIncludes(KeYFile.java:210)
	at de.uka.ilkd.key.proof.init.ProblemInitializer.readIncludes(ProblemInitializer.java:177)
	at de.uka.ilkd.key.proof.init.ProblemInitializer.readEnvInput(ProblemInitializer.java:325)
	at de.uka.ilkd.key.proof.init.ProblemInitializer.prepare(ProblemInitializer.java:449)
	at de.uka.ilkd.key.proof.io.AbstractProblemLoader.createInitConfig(AbstractProblemLoader.java:518)
	at de.uka.ilkd.key.proof.io.AbstractProblemLoader.loadEnvironment(AbstractProblemLoader.java:288)
	at de.uka.ilkd.key.proof.io.AbstractProblemLoader.load(AbstractProblemLoader.java:252)
	at de.uka.ilkd.key.control.AbstractUserInterfaceControl.load(AbstractUserInterfaceControl.java:209)
	... 7 more
Caused by: java.lang.RuntimeException: Could not find rule file rules/intRulesCheckedSemantics.key
	at de.uka.ilkd.key.proof.io.RuleSourceFactory.fromBuiltInRule(RuleSourceFactory.java:32)
	at de.uka.ilkd.key.proof.io.RuleSourceFactory.fromDefaultLocation(RuleSourceFactory.java:21)
	at de.uka.ilkd.key.nparser.builder.IncludeFinder.addInclude(IncludeFinder.java:63)
	at de.uka.ilkd.key.nparser.builder.IncludeFinder.visitOne_include(IncludeFinder.java:43)
	at de.uka.ilkd.key.nparser.builder.IncludeFinder.visitOne_include(IncludeFinder.java:20)
	at de.uka.ilkd.key.nparser.KeYParser$One_includeContext.accept(KeYParser.java:878)
	at de.uka.ilkd.key.nparser.builder.AbstractBuilder.lambda$mapOf$0(AbstractBuilder.java:112)
	at java.base/java.util.stream.ReferencePipeline$3$1.accept(ReferencePipeline.java:195)
	at java.base/java.util.ArrayList$ArrayListSpliterator.forEachRemaining(ArrayList.java:1655)
	at java.base/java.util.stream.AbstractPipeline.copyInto(AbstractPipeline.java:484)
	at java.base/java.util.stream.AbstractPipeline.wrapAndCopyInto(AbstractPipeline.java:474)
	at java.base/java.util.stream.ReduceOps$ReduceOp.evaluateSequential(ReduceOps.java:913)
	at java.base/java.util.stream.AbstractPipeline.evaluate(AbstractPipeline.java:234)
	at java.base/java.util.stream.ReferencePipeline.collect(ReferencePipeline.java:578)
	at de.uka.ilkd.key.nparser.builder.AbstractBuilder.mapOf(AbstractBuilder.java:112)
	at de.uka.ilkd.key.nparser.builder.IncludeFinder.visitOne_include_statement(IncludeFinder.java:35)
	at de.uka.ilkd.key.nparser.builder.IncludeFinder.visitOne_include_statement(IncludeFinder.java:20)
	at de.uka.ilkd.key.nparser.KeYParser$One_include_statementContext.accept(KeYParser.java:802)
	at org.antlr.v4.runtime.tree.AbstractParseTreeVisitor.visitChildren(AbstractParseTreeVisitor.java:46)
	at de.uka.ilkd.key.nparser.KeYParserBaseVisitor.visitDecls(KeYParserBaseVisitor.java:30)
	at de.uka.ilkd.key.nparser.KeYParser$DeclsContext.accept(KeYParser.java:500)
	at org.antlr.v4.runtime.tree.AbstractParseTreeVisitor.visitChildren(AbstractParseTreeVisitor.java:46)
	at de.uka.ilkd.key.nparser.KeYParserBaseVisitor.visitFile(KeYParserBaseVisitor.java:23)
	at de.uka.ilkd.key.nparser.KeYParser$FileContext.accept(KeYParser.java:306)
	at de.uka.ilkd.key.nparser.KeyAst.accept(KeyAst.java:41)
	at de.uka.ilkd.key.nparser.KeyAst$File.getIncludes(KeyAst.java:76)
	at de.uka.ilkd.key.proof.io.KeYFile.readIncludes(KeYFile.java:208)
	... 14 more
Could not find rule file rules/intRulesCheckedSemantics.key (file: /home/runner/work/key/key/key.core/../key.ui/examples/index/../InformationFlow/MiniExamples/mini.MiniExamples(mini.MiniExamples__secure_p2_2()).Non-interference contract.0.m.key; caused by: de.uka.ilkd.key.proof.init.ProofInputException: Could not find rule file rules/intRulesCheckedSemantics.key)
	at de.uka.ilkd.key.control.AbstractUserInterfaceControl.load(AbstractUserInterfaceControl.java:221)
	at de.uka.ilkd.key.control.KeYEnvironment.load(KeYEnvironment.java:251)
	at de.uka.ilkd.key.control.KeYEnvironment.load(KeYEnvironment.java:224)
	at de.uka.ilkd.key.control.KeYEnvironment.load(KeYEnvironment.java:184)
	at de.uka.ilkd.key.control.KeYEnvironment.load(KeYEnvironment.java:261)
	at de.uka.ilkd.key.proof.runallproofs.proofcollection.TestFile.load(TestFile.java:270)
	at de.uka.ilkd.key.proof.runallproofs.proofcollection.TestFile.runKey(TestFile.java:160)
	at de.uka.ilkd.key.proof.runallproofs.proofcollection.ForkedTestFileRunner.main(ForkedTestFileRunner.java:171)
Caused by: de.uka.ilkd.key.proof.init.ProofInputException: Could not find rule file rules/intRulesCheckedSemantics.key
	at de.uka.ilkd.key.proof.io.KeYFile.readIncludes(KeYFile.java:210)
	at de.uka.ilkd.key.proof.init.ProblemInitializer.readIncludes(ProblemInitializer.java:177)
	at de.uka.ilkd.key.proof.init.ProblemInitializer.readEnvInput(ProblemInitializer.java:325)
	at de.uka.ilkd.key.proof.init.ProblemInitializer.prepare(ProblemInitializer.java:449)
	at de.uka.ilkd.key.proof.io.AbstractProblemLoader.createInitConfig(AbstractProblemLoader.java:518)
	at de.uka.ilkd.key.proof.io.AbstractProblemLoader.loadEnvironment(AbstractProblemLoader.java:288)
	at de.uka.ilkd.key.proof.io.AbstractProblemLoader.load(AbstractProblemLoader.java:252)
	at de.uka.ilkd.key.control.AbstractUserInterfaceControl.load(AbstractUserInterfaceControl.java:209)
	... 7 more
Caused by: java.lang.RuntimeException: Could not find rule file rules/intRulesCheckedSemantics.key
	at de.uka.ilkd.key.proof.io.RuleSourceFactory.fromBuiltInRule(RuleSourceFactory.java:32)
	at de.uka.ilkd.key.proof.io.RuleSourceFactory.fromDefaultLocation(RuleSourceFactory.java:21)
	at de.uka.ilkd.key.nparser.builder.IncludeFinder.addInclude(IncludeFinder.java:63)
	at de.uka.ilkd.key.nparser.builder.IncludeFinder.visitOne_include(IncludeFinder.java:43)
	at de.uka.ilkd.key.nparser.builder.IncludeFinder.visitOne_include(IncludeFinder.java:20)
	at de.uka.ilkd.key.nparser.KeYParser$One_includeContext.accept(KeYParser.java:878)
	at de.uka.ilkd.key.nparser.builder.AbstractBuilder.lambda$mapOf$0(AbstractBuilder.java:112)
	at java.base/java.util.stream.ReferencePipeline$3$1.accept(ReferencePipeline.java:195)
	at java.base/java.util.ArrayList$ArrayListSpliterator.forEachRemaining(ArrayList.java:1655)
	at java.base/java.util.stream.AbstractPipeline.copyInto(AbstractPipeline.java:484)
	at java.base/java.util.stream.AbstractPipeline.wrapAndCopyInto(AbstractPipeline.java:474)
	at java.base/java.util.stream.ReduceOps$ReduceOp.evaluateSequential(ReduceOps.java:913)
	at java.base/java.util.stream.AbstractPipeline.evaluate(AbstractPipeline.java:234)
	at java.base/java.util.stream.ReferencePipeline.collect(ReferencePipeline.java:578)
	at de.uka.ilkd.key.nparser.builder.AbstractBuilder.mapOf(AbstractBuilder.java:112)
	at de.uka.ilkd.key.nparser.builder.IncludeFinder.visitOne_include_statement(IncludeFinder.java:35)
	at de.uka.ilkd.key.nparser.builder.IncludeFinder.visitOne_include_statement(IncludeFinder.java:20)
	at de.uka.ilkd.key.nparser.KeYParser$One_include_statementContext.accept(KeYParser.java:802)
	at org.antlr.v4.runtime.tree.AbstractParseTreeVisitor.visitChildren(AbstractParseTreeVisitor.java:46)
	at de.uka.ilkd.key.nparser.KeYParserBaseVisitor.visitDecls(KeYParserBaseVisitor.java:30)
	at de.uka.ilkd.key.nparser.KeYParser$DeclsContext.accept(KeYParser.java:500)
	at org.antlr.v4.runtime.tree.AbstractParseTreeVisitor.visitChildren(AbstractParseTreeVisitor.java:46)
	at de.uka.ilkd.key.nparser.KeYParserBaseVisitor.visitFile(KeYParserBaseVisitor.java:23)
	at de.uka.ilkd.key.nparser.KeYParser$FileContext.accept(KeYParser.java:306)
	at de.uka.ilkd.key.nparser.KeyAst.accept(KeyAst.java:41)
	at de.uka.ilkd.key.nparser.KeyAst$File.getIncludes(KeyAst.java:76)
	at de.uka.ilkd.key.proof.io.KeYFile.readIncludes(KeYFile.java:208)
	... 14 more
Could not find rule file rules/intRulesCheckedSemantics.key (file: /home/runner/work/key/key/key.core/../key.ui/examples/index/../InformationFlow/MiniExamples/mini.MiniExamples(mini.MiniExamples__secure_p2_1()).Non-interference contract.0.m.key; caused by: de.uka.ilkd.key.proof.init.ProofInputException: Could not find rule file rules/intRulesCheckedSemantics.key)
	at de.uka.ilkd.key.control.AbstractUserInterfaceControl.load(AbstractUserInterfaceControl.java:221)
	at de.uka.ilkd.key.control.KeYEnvironment.load(KeYEnvironment.java:251)
	at de.uka.ilkd.key.control.KeYEnvironment.load(KeYEnvironment.java:224)
	at de.uka.ilkd.key.control.KeYEnvironment.load(KeYEnvironment.java:184)
	at de.uka.ilkd.key.control.KeYEnvironment.load(KeYEnvironment.java:261)
	at de.uka.ilkd.key.proof.runallproofs.proofcollection.TestFile.load(TestFile.java:270)
	at de.uka.ilkd.key.proof.runallproofs.proofcollection.TestFile.runKey(TestFile.java:160)
	at de.uka.ilkd.key.proof.runallproofs.proofcollection.ForkedTestFileRunner.main(ForkedTestFileRunner.java:171)
Caused by: de.uka.ilkd.key.proof.init.ProofInputException: Could not find rule file rules/intRulesCheckedSemantics.key
	at de.uka.ilkd.key.proof.io.KeYFile.readIncludes(KeYFile.java:210)
	at de.uka.ilkd.key.proof.init.ProblemInitializer.readIncludes(ProblemInitializer.java:177)
	at de.uka.ilkd.key.proof.init.ProblemInitializer.readEnvInput(ProblemInitializer.java:325)
	at de.uka.ilkd.key.proof.init.ProblemInitializer.prepare(ProblemInitializer.java:449)
	at de.uka.ilkd.key.proof.io.AbstractProblemLoader.createInitConfig(AbstractProblemLoader.java:518)
	at de.uka.ilkd.key.proof.io.AbstractProblemLoader.loadEnvironment(AbstractProblemLoader.java:288)
	at de.uka.ilkd.key.proof.io.AbstractProblemLoader.load(AbstractProblemLoader.java:252)
	at de.uka.ilkd.key.control.AbstractUserInterfaceControl.load(AbstractUserInterfaceControl.java:209)
	... 7 more
Caused by: java.lang.RuntimeException: Could not find rule file rules/intRulesCheckedSemantics.key
	at de.uka.ilkd.key.proof.io.RuleSourceFactory.fromBuiltInRule(RuleSourceFactory.java:32)
	at de.uka.ilkd.key.proof.io.RuleSourceFactory.fromDefaultLocation(RuleSourceFactory.java:21)
	at de.uka.ilkd.key.nparser.builder.IncludeFinder.addInclude(IncludeFinder.java:63)
	at de.uka.ilkd.key.nparser.builder.IncludeFinder.visitOne_include(IncludeFinder.java:43)
	at de.uka.ilkd.key.nparser.builder.IncludeFinder.visitOne_include(IncludeFinder.java:20)
	at de.uka.ilkd.key.nparser.KeYParser$One_includeContext.accept(KeYParser.java:878)
	at de.uka.ilkd.key.nparser.builder.AbstractBuilder.lambda$mapOf$0(AbstractBuilder.java:112)
	at java.base/java.util.stream.ReferencePipeline$3$1.accept(ReferencePipeline.java:195)
	at java.base/java.util.ArrayList$ArrayListSpliterator.forEachRemaining(ArrayList.java:1655)
	at java.base/java.util.stream.AbstractPipeline.copyInto(AbstractPipeline.java:484)
	at java.base/java.util.stream.AbstractPipeline.wrapAndCopyInto(AbstractPipeline.java:474)
	at java.base/java.util.stream.ReduceOps$ReduceOp.evaluateSequential(ReduceOps.java:913)
	at java.base/java.util.stream.AbstractPipeline.evaluate(AbstractPipeline.java:234)
	at java.base/java.util.stream.ReferencePipeline.collect(ReferencePipeline.java:578)
	at de.uka.ilkd.key.nparser.builder.AbstractBuilder.mapOf(AbstractBuilder.java:112)
	at de.uka.ilkd.key.nparser.builder.IncludeFinder.visitOne_include_statement(IncludeFinder.java:35)
	at de.uka.ilkd.key.nparser.builder.IncludeFinder.visitOne_include_statement(IncludeFinder.java:20)
	at de.uka.ilkd.key.nparser.KeYParser$One_include_statementContext.accept(KeYParser.java:802)
	at org.antlr.v4.runtime.tree.AbstractParseTreeVisitor.visitChildren(AbstractParseTreeVisitor.java:46)
	at de.uka.ilkd.key.nparser.KeYParserBaseVisitor.visitDecls(KeYParserBaseVisitor.java:30)
	at de.uka.ilkd.key.nparser.KeYParser$DeclsContext.accept(KeYParser.java:500)
	at org.antlr.v4.runtime.tree.AbstractParseTreeVisitor.visitChildren(AbstractParseTreeVisitor.java:46)
	at de.uka.ilkd.key.nparser.KeYParserBaseVisitor.visitFile(KeYParserBaseVisitor.java:23)
	at de.uka.ilkd.key.nparser.KeYParser$FileContext.accept(KeYParser.java:306)
	at de.uka.ilkd.key.nparser.KeyAst.accept(KeyAst.java:41)
	at de.uka.ilkd.key.nparser.KeyAst$File.getIncludes(KeyAst.java:76)
	at de.uka.ilkd.key.proof.io.KeYFile.readIncludes(KeYFile.java:208)
	... 14 more
Could not find rule file rules/intRulesCheckedSemantics.key (file: /home/runner/work/key/key/key.core/../key.ui/examples/index/../InformationFlow/MiniExamples/mini.MiniExamples(mini.MiniExamples__insecure_p2_1()).Non-interference contract.0.m.key; caused by: de.uka.ilkd.key.proof.init.ProofInputException: Could not find rule file rules/intRulesCheckedSemantics.key)
	at de.uka.ilkd.key.control.AbstractUserInterfaceControl.load(AbstractUserInterfaceControl.java:221)
	at de.uka.ilkd.key.control.KeYEnvironment.load(KeYEnvironment.java:251)
	at de.uka.ilkd.key.control.KeYEnvironment.load(KeYEnvironment.java:224)
	at de.uka.ilkd.key.control.KeYEnvironment.load(KeYEnvironment.java:184)
	at de.uka.ilkd.key.control.KeYEnvironment.load(KeYEnvironment.java:261)
	at de.uka.ilkd.key.proof.runallproofs.proofcollection.TestFile.load(TestFile.java:270)
	at de.uka.ilkd.key.proof.runallproofs.proofcollection.TestFile.runKey(TestFile.java:160)
	at de.uka.ilkd.key.proof.runallproofs.proofcollection.ForkedTestFileRunner.main(ForkedTestFileRunner.java:171)
Caused by: de.uka.ilkd.key.proof.init.ProofInputException: Could not find rule file rules/intRulesCheckedSemantics.key
	at de.uka.ilkd.key.proof.io.KeYFile.readIncludes(KeYFile.java:210)
	at de.uka.ilkd.key.proof.init.ProblemInitializer.readIncludes(ProblemInitializer.java:177)
	at de.uka.ilkd.key.proof.init.ProblemInitializer.readEnvInput(ProblemInitializer.java:325)
	at de.uka.ilkd.key.proof.init.ProblemInitializer.prepare(ProblemInitializer.java:449)
	at de.uka.ilkd.key.proof.io.AbstractProblemLoader.createInitConfig(AbstractProblemLoader.java:518)
	at de.uka.ilkd.key.proof.io.AbstractProblemLoader.loadEnvironment(AbstractProblemLoader.java:288)
	at de.uka.ilkd.key.proof.io.AbstractProblemLoader.load(AbstractProblemLoader.java:252)
	at de.uka.ilkd.key.control.AbstractUserInterfaceControl.load(AbstractUserInterfaceControl.java:209)
	... 7 more
Caused by: java.lang.RuntimeException: Could not find rule file rules/intRulesCheckedSemantics.key
	at de.uka.ilkd.key.proof.io.RuleSourceFactory.fromBuiltInRule(RuleSourceFactory.java:32)
	at de.uka.ilkd.key.proof.io.RuleSourceFactory.fromDefaultLocation(RuleSourceFactory.java:21)
	at de.uka.ilkd.key.nparser.builder.IncludeFinder.addInclude(IncludeFinder.java:63)
	at de.uka.ilkd.key.nparser.builder.IncludeFinder.visitOne_include(IncludeFinder.java:43)
	at de.uka.ilkd.key.nparser.builder.IncludeFinder.visitOne_include(IncludeFinder.java:20)
	at de.uka.ilkd.key.nparser.KeYParser$One_includeContext.accept(KeYParser.java:878)
	at de.uka.ilkd.key.nparser.builder.AbstractBuilder.lambda$mapOf$0(AbstractBuilder.java:112)
	at java.base/java.util.stream.ReferencePipeline$3$1.accept(ReferencePipeline.java:195)
	at java.base/java.util.ArrayList$ArrayListSpliterator.forEachRemaining(ArrayList.java:1655)
	at java.base/java.util.stream.AbstractPipeline.copyInto(AbstractPipeline.java:484)
	at java.base/java.util.stream.AbstractPipeline.wrapAndCopyInto(AbstractPipeline.java:474)
	at java.base/java.util.stream.ReduceOps$ReduceOp.evaluateSequential(ReduceOps.java:913)
	at java.base/java.util.stream.AbstractPipeline.evaluate(AbstractPipeline.java:234)
	at java.base/java.util.stream.ReferencePipeline.collect(ReferencePipeline.java:578)
	at de.uka.ilkd.key.nparser.builder.AbstractBuilder.mapOf(AbstractBuilder.java:112)
	at de.uka.ilkd.key.nparser.builder.IncludeFinder.visitOne_include_statement(IncludeFinder.java:35)
	at de.uka.ilkd.key.nparser.builder.IncludeFinder.visitOne_include_statement(IncludeFinder.java:20)
	at de.uka.ilkd.key.nparser.KeYParser$One_include_statementContext.accept(KeYParser.java:802)
	at org.antlr.v4.runtime.tree.AbstractParseTreeVisitor.visitChildren(AbstractParseTreeVisitor.java:46)
	at de.uka.ilkd.key.nparser.KeYParserBaseVisitor.visitDecls(KeYParserBaseVisitor.java:30)
	at de.uka.ilkd.key.nparser.KeYParser$DeclsContext.accept(KeYParser.java:500)
	at org.antlr.v4.runtime.tree.AbstractParseTreeVisitor.visitChildren(AbstractParseTreeVisitor.java:46)
	at de.uka.ilkd.key.nparser.KeYParserBaseVisitor.visitFile(KeYParserBaseVisitor.java:23)
	at de.uka.ilkd.key.nparser.KeYParser$FileContext.accept(KeYParser.java:306)
	at de.uka.ilkd.key.nparser.KeyAst.accept(KeyAst.java:41)
	at de.uka.ilkd.key.nparser.KeyAst$File.getIncludes(KeyAst.java:76)
	at de.uka.ilkd.key.proof.io.KeYFile.readIncludes(KeYFile.java:208)
	... 14 more
Could not find rule file rules/intRulesCheckedSemantics.key (file: /home/runner/work/key/key/key.core/../key.ui/examples/index/../InformationFlow/MiniExamples/mini.MiniExamples(mini.MiniExamples__secure_p1_6()).Non-interference contract.0.m.key; caused by: de.uka.ilkd.key.proof.init.ProofInputException: Could not find rule file rules/intRulesCheckedSemantics.key)
	at de.uka.ilkd.key.control.AbstractUserInterfaceControl.load(AbstractUserInterfaceControl.java:221)
	at de.uka.ilkd.key.control.KeYEnvironment.load(KeYEnvironment.java:251)
	at de.uka.ilkd.key.control.KeYEnvironment.load(KeYEnvironment.java:224)
	at de.uka.ilkd.key.control.KeYEnvironment.load(KeYEnvironment.java:184)
	at de.uka.ilkd.key.control.KeYEnvironment.load(KeYEnvironment.java:261)
	at de.uka.ilkd.key.proof.runallproofs.proofcollection.TestFile.load(TestFile.java:270)
	at de.uka.ilkd.key.proof.runallproofs.proofcollection.TestFile.runKey(TestFile.java:160)
	at de.uka.ilkd.key.proof.runallproofs.proofcollection.ForkedTestFileRunner.main(ForkedTestFileRunner.java:171)
Caused by: de.uka.ilkd.key.proof.init.ProofInputException: Could not find rule file rules/intRulesCheckedSemantics.key
	at de.uka.ilkd.key.proof.io.KeYFile.readIncludes(KeYFile.java:210)
	at de.uka.ilkd.key.proof.init.ProblemInitializer.readIncludes(ProblemInitializer.java:177)
	at de.uka.ilkd.key.proof.init.ProblemInitializer.readEnvInput(ProblemInitializer.java:325)
	at de.uka.ilkd.key.proof.init.ProblemInitializer.prepare(ProblemInitializer.java:449)
	at de.uka.ilkd.key.proof.io.AbstractProblemLoader.createInitConfig(AbstractProblemLoader.java:518)
	at de.uka.ilkd.key.proof.io.AbstractProblemLoader.loadEnvironment(AbstractProblemLoader.java:288)
	at de.uka.ilkd.key.proof.io.AbstractProblemLoader.load(AbstractProblemLoader.java:252)
	at de.uka.ilkd.key.control.AbstractUserInterfaceControl.load(AbstractUserInterfaceControl.java:209)
	... 7 more
Caused by: java.lang.RuntimeException: Could not find rule file rules/intRulesCheckedSemantics.key
	at de.uka.ilkd.key.proof.io.RuleSourceFactory.fromBuiltInRule(RuleSourceFactory.java:32)
	at de.uka.ilkd.key.proof.io.RuleSourceFactory.fromDefaultLocation(RuleSourceFactory.java:21)
	at de.uka.ilkd.key.nparser.builder.IncludeFinder.addInclude(IncludeFinder.java:63)
	at de.uka.ilkd.key.nparser.builder.IncludeFinder.visitOne_include(IncludeFinder.java:43)
	at de.uka.ilkd.key.nparser.builder.IncludeFinder.visitOne_include(IncludeFinder.java:20)
	at de.uka.ilkd.key.nparser.KeYParser$One_includeContext.accept(KeYParser.java:878)
	at de.uka.ilkd.key.nparser.builder.AbstractBuilder.lambda$mapOf$0(AbstractBuilder.java:112)
	at java.base/java.util.stream.ReferencePipeline$3$1.accept(ReferencePipeline.java:195)
	at java.base/java.util.ArrayList$ArrayListSpliterator.forEachRemaining(ArrayList.java:1655)
	at java.base/java.util.stream.AbstractPipeline.copyInto(AbstractPipeline.java:484)
	at java.base/java.util.stream.AbstractPipeline.wrapAndCopyInto(AbstractPipeline.java:474)
	at java.base/java.util.stream.ReduceOps$ReduceOp.evaluateSequential(ReduceOps.java:913)
	at java.base/java.util.stream.AbstractPipeline.evaluate(AbstractPipeline.java:234)
	at java.base/java.util.stream.ReferencePipeline.collect(ReferencePipeline.java:578)
	at de.uka.ilkd.key.nparser.builder.AbstractBuilder.mapOf(AbstractBuilder.java:112)
	at de.uka.ilkd.key.nparser.builder.IncludeFinder.visitOne_include_statement(IncludeFinder.java:35)
	at de.uka.ilkd.key.nparser.builder.IncludeFinder.visitOne_include_statement(IncludeFinder.java:20)
	at de.uka.ilkd.key.nparser.KeYParser$One_include_statementContext.accept(KeYParser.java:802)
	at org.antlr.v4.runtime.tree.AbstractParseTreeVisitor.visitChildren(AbstractParseTreeVisitor.java:46)
	at de.uka.ilkd.key.nparser.KeYParserBaseVisitor.visitDecls(KeYParserBaseVisitor.java:30)
	at de.uka.ilkd.key.nparser.KeYParser$DeclsContext.accept(KeYParser.java:500)
	at org.antlr.v4.runtime.tree.AbstractParseTreeVisitor.visitChildren(AbstractParseTreeVisitor.java:46)
	at de.uka.ilkd.key.nparser.KeYParserBaseVisitor.visitFile(KeYParserBaseVisitor.java:23)
	at de.uka.ilkd.key.nparser.KeYParser$FileContext.accept(KeYParser.java:306)
	at de.uka.ilkd.key.nparser.KeyAst.accept(KeyAst.java:41)
	at de.uka.ilkd.key.nparser.KeyAst$File.getIncludes(KeyAst.java:76)
	at de.uka.ilkd.key.proof.io.KeYFile.readIncludes(KeYFile.java:208)
	... 14 more
Could not find rule file rules/intRulesCheckedSemantics.key (file: /home/runner/work/key/key/key.core/../key.ui/examples/index/../InformationFlow/MiniExamples/mini.MiniExamples(mini.MiniExamples__secure_p1_5()).Non-interference contract.0.m.key; caused by: de.uka.ilkd.key.proof.init.ProofInputException: Could not find rule file rules/intRulesCheckedSemantics.key)
	at de.uka.ilkd.key.control.AbstractUserInterfaceControl.load(AbstractUserInterfaceControl.java:221)
	at de.uka.ilkd.key.control.KeYEnvironment.load(KeYEnvironment.java:251)
	at de.uka.ilkd.key.control.KeYEnvironment.load(KeYEnvironment.java:224)
	at de.uka.ilkd.key.control.KeYEnvironment.load(KeYEnvironment.java:184)
	at de.uka.ilkd.key.control.KeYEnvironment.load(KeYEnvironment.java:261)
	at de.uka.ilkd.key.proof.runallproofs.proofcollection.TestFile.load(TestFile.java:270)
	at de.uka.ilkd.key.proof.runallproofs.proofcollection.TestFile.runKey(TestFile.java:160)
	at de.uka.ilkd.key.proof.runallproofs.proofcollection.ForkedTestFileRunner.main(ForkedTestFileRunner.java:171)
Caused by: de.uka.ilkd.key.proof.init.ProofInputException: Could not find rule file rules/intRulesCheckedSemantics.key
	at de.uka.ilkd.key.proof.io.KeYFile.readIncludes(KeYFile.java:210)
	at de.uka.ilkd.key.proof.init.ProblemInitializer.readIncludes(ProblemInitializer.java:177)
	at de.uka.ilkd.key.proof.init.ProblemInitializer.readEnvInput(ProblemInitializer.java:325)
	at de.uka.ilkd.key.proof.init.ProblemInitializer.prepare(ProblemInitializer.java:449)
	at de.uka.ilkd.key.proof.io.AbstractProblemLoader.createInitConfig(AbstractProblemLoader.java:518)
	at de.uka.ilkd.key.proof.io.AbstractProblemLoader.loadEnvironment(AbstractProblemLoader.java:288)
	at de.uka.ilkd.key.proof.io.AbstractProblemLoader.load(AbstractProblemLoader.java:252)
	at de.uka.ilkd.key.control.AbstractUserInterfaceControl.load(AbstractUserInterfaceControl.java:209)
	... 7 more
Caused by: java.lang.RuntimeException: Could not find rule file rules/intRulesCheckedSemantics.key
	at de.uka.ilkd.key.proof.io.RuleSourceFactory.fromBuiltInRule(RuleSourceFactory.java:32)
	at de.uka.ilkd.key.proof.io.RuleSourceFactory.fromDefaultLocation(RuleSourceFactory.java:21)
	at de.uka.ilkd.key.nparser.builder.IncludeFinder.addInclude(IncludeFinder.java:63)
	at de.uka.ilkd.key.nparser.builder.IncludeFinder.visitOne_include(IncludeFinder.java:43)
	at de.uka.ilkd.key.nparser.builder.IncludeFinder.visitOne_include(IncludeFinder.java:20)
	at de.uka.ilkd.key.nparser.KeYParser$One_includeContext.accept(KeYParser.java:878)
	at de.uka.ilkd.key.nparser.builder.AbstractBuilder.lambda$mapOf$0(AbstractBuilder.java:112)
	at java.base/java.util.stream.ReferencePipeline$3$1.accept(ReferencePipeline.java:195)
	at java.base/java.util.ArrayList$ArrayListSpliterator.forEachRemaining(ArrayList.java:1655)
	at java.base/java.util.stream.AbstractPipeline.copyInto(AbstractPipeline.java:484)
	at java.base/java.util.stream.AbstractPipeline.wrapAndCopyInto(AbstractPipeline.java:474)
	at java.base/java.util.stream.ReduceOps$ReduceOp.evaluateSequential(ReduceOps.java:913)
	at java.base/java.util.stream.AbstractPipeline.evaluate(AbstractPipeline.java:234)
	at java.base/java.util.stream.ReferencePipeline.collect(ReferencePipeline.java:578)
	at de.uka.ilkd.key.nparser.builder.AbstractBuilder.mapOf(AbstractBuilder.java:112)
	at de.uka.ilkd.key.nparser.builder.IncludeFinder.visitOne_include_statement(IncludeFinder.java:35)
	at de.uka.ilkd.key.nparser.builder.IncludeFinder.visitOne_include_statement(IncludeFinder.java:20)
	at de.uka.ilkd.key.nparser.KeYParser$One_include_statementContext.accept(KeYParser.java:802)
	at org.antlr.v4.runtime.tree.AbstractParseTreeVisitor.visitChildren(AbstractParseTreeVisitor.java:46)
	at de.uka.ilkd.key.nparser.KeYParserBaseVisitor.visitDecls(KeYParserBaseVisitor.java:30)
	at de.uka.ilkd.key.nparser.KeYParser$DeclsContext.accept(KeYParser.java:500)
	at org.antlr.v4.runtime.tree.AbstractParseTreeVisitor.visitChildren(AbstractParseTreeVisitor.java:46)
	at de.uka.ilkd.key.nparser.KeYParserBaseVisitor.visitFile(KeYParserBaseVisitor.java:23)
	at de.uka.ilkd.key.nparser.KeYParser$FileContext.accept(KeYParser.java:306)
	at de.uka.ilkd.key.nparser.KeyAst.accept(KeyAst.java:41)
	at de.uka.ilkd.key.nparser.KeyAst$File.getIncludes(KeyAst.java:76)
	at de.uka.ilkd.key.proof.io.KeYFile.readIncludes(KeYFile.java:208)
	... 14 more
Could not find rule file rules/intRulesCheckedSemantics.key (file: /home/runner/work/key/key/key.core/../key.ui/examples/index/../InformationFlow/MiniExamples/mini.MiniExamples(mini.MiniExamples__secure_p1_4()).Non-interference contract.0.m.key; caused by: de.uka.ilkd.key.proof.init.ProofInputException: Could not find rule file rules/intRulesCheckedSemantics.key)
	at de.uka.ilkd.key.control.AbstractUserInterfaceControl.load(AbstractUserInterfaceControl.java:221)
	at de.uka.ilkd.key.control.KeYEnvironment.load(KeYEnvironment.java:251)
	at de.uka.ilkd.key.control.KeYEnvironment.load(KeYEnvironment.java:224)
	at de.uka.ilkd.key.control.KeYEnvironment.load(KeYEnvironment.java:184)
	at de.uka.ilkd.key.control.KeYEnvironment.load(KeYEnvironment.java:261)
	at de.uka.ilkd.key.proof.runallproofs.proofcollection.TestFile.load(TestFile.java:270)
	at de.uka.ilkd.key.proof.runallproofs.proofcollection.TestFile.runKey(TestFile.java:160)
	at de.uka.ilkd.key.proof.runallproofs.proofcollection.ForkedTestFileRunner.main(ForkedTestFileRunner.java:171)
Caused by: de.uka.ilkd.key.proof.init.ProofInputException: Could not find rule file rules/intRulesCheckedSemantics.key
	at de.uka.ilkd.key.proof.io.KeYFile.readIncludes(KeYFile.java:210)
	at de.uka.ilkd.key.proof.init.ProblemInitializer.readIncludes(ProblemInitializer.java:177)
	at de.uka.ilkd.key.proof.init.ProblemInitializer.readEnvInput(ProblemInitializer.java:325)
	at de.uka.ilkd.key.proof.init.ProblemInitializer.prepare(ProblemInitializer.java:449)
	at de.uka.ilkd.key.proof.io.AbstractProblemLoader.createInitConfig(AbstractProblemLoader.java:518)
	at de.uka.ilkd.key.proof.io.AbstractProblemLoader.loadEnvironment(AbstractProblemLoader.java:288)
	at de.uka.ilkd.key.proof.io.AbstractProblemLoader.load(AbstractProblemLoader.java:252)
	at de.uka.ilkd.key.control.AbstractUserInterfaceControl.load(AbstractUserInterfaceControl.java:209)
	... 7 more
Caused by: java.lang.RuntimeException: Could not find rule file rules/intRulesCheckedSemantics.key
	at de.uka.ilkd.key.proof.io.RuleSourceFactory.fromBuiltInRule(RuleSourceFactory.java:32)
	at de.uka.ilkd.key.proof.io.RuleSourceFactory.fromDefaultLocation(RuleSourceFactory.java:21)
	at de.uka.ilkd.key.nparser.builder.IncludeFinder.addInclude(IncludeFinder.java:63)
	at de.uka.ilkd.key.nparser.builder.IncludeFinder.visitOne_include(IncludeFinder.java:43)
	at de.uka.ilkd.key.nparser.builder.IncludeFinder.visitOne_include(IncludeFinder.java:20)
	at de.uka.ilkd.key.nparser.KeYParser$One_includeContext.accept(KeYParser.java:878)
	at de.uka.ilkd.key.nparser.builder.AbstractBuilder.lambda$mapOf$0(AbstractBuilder.java:112)
	at java.base/java.util.stream.ReferencePipeline$3$1.accept(ReferencePipeline.java:195)
	at java.base/java.util.ArrayList$ArrayListSpliterator.forEachRemaining(ArrayList.java:1655)
	at java.base/java.util.stream.AbstractPipeline.copyInto(AbstractPipeline.java:484)
	at java.base/java.util.stream.AbstractPipeline.wrapAndCopyInto(AbstractPipeline.java:474)
	at java.base/java.util.stream.ReduceOps$ReduceOp.evaluateSequential(ReduceOps.java:913)
	at java.base/java.util.stream.AbstractPipeline.evaluate(AbstractPipeline.java:234)
	at java.base/java.util.stream.ReferencePipeline.collect(ReferencePipeline.java:578)
	at de.uka.ilkd.key.nparser.builder.AbstractBuilder.mapOf(AbstractBuilder.java:112)
	at de.uka.ilkd.key.nparser.builder.IncludeFinder.visitOne_include_statement(IncludeFinder.java:35)
	at de.uka.ilkd.key.nparser.builder.IncludeFinder.visitOne_include_statement(IncludeFinder.java:20)
	at de.uka.ilkd.key.nparser.KeYParser$One_include_statementContext.accept(KeYParser.java:802)
	at org.antlr.v4.runtime.tree.AbstractParseTreeVisitor.visitChildren(AbstractParseTreeVisitor.java:46)
	at de.uka.ilkd.key.nparser.KeYParserBaseVisitor.visitDecls(KeYParserBaseVisitor.java:30)
	at de.uka.ilkd.key.nparser.KeYParser$DeclsContext.accept(KeYParser.java:500)
	at org.antlr.v4.runtime.tree.AbstractParseTreeVisitor.visitChildren(AbstractParseTreeVisitor.java:46)
	at de.uka.ilkd.key.nparser.KeYParserBaseVisitor.visitFile(KeYParserBaseVisitor.java:23)
	at de.uka.ilkd.key.nparser.KeYParser$FileContext.accept(KeYParser.java:306)
	at de.uka.ilkd.key.nparser.KeyAst.accept(KeyAst.java:41)
	at de.uka.ilkd.key.nparser.KeyAst$File.getIncludes(KeyAst.java:76)
	at de.uka.ilkd.key.proof.io.KeYFile.readIncludes(KeYFile.java:208)
	... 14 more
Could not find rule file rules/intRulesCheckedSemantics.key (file: /home/runner/work/key/key/key.core/../key.ui/examples/index/../InformationFlow/MiniExamples/mini.MiniExamples(mini.MiniExamples__secure_p1_3()).Non-interference contract.0.m.key; caused by: de.uka.ilkd.key.proof.init.ProofInputException: Could not find rule file rules/intRulesCheckedSemantics.key)
	at de.uka.ilkd.key.control.AbstractUserInterfaceControl.load(AbstractUserInterfaceControl.java:221)
	at de.uka.ilkd.key.control.KeYEnvironment.load(KeYEnvironment.java:251)
	at de.uka.ilkd.key.control.KeYEnvironment.load(KeYEnvironment.java:224)
	at de.uka.ilkd.key.control.KeYEnvironment.load(KeYEnvironment.java:184)
	at de.uka.ilkd.key.control.KeYEnvironment.load(KeYEnvironment.java:261)
	at de.uka.ilkd.key.proof.runallproofs.proofcollection.TestFile.load(TestFile.java:270)
	at de.uka.ilkd.key.proof.runallproofs.proofcollection.TestFile.runKey(TestFile.java:160)
	at de.uka.ilkd.key.proof.runallproofs.proofcollection.ForkedTestFileRunner.main(ForkedTestFileRunner.java:171)
Caused by: de.uka.ilkd.key.proof.init.ProofInputException: Could not find rule file rules/intRulesCheckedSemantics.key
	at de.uka.ilkd.key.proof.io.KeYFile.readIncludes(KeYFile.java:210)
	at de.uka.ilkd.key.proof.init.ProblemInitializer.readIncludes(ProblemInitializer.java:177)
	at de.uka.ilkd.key.proof.init.ProblemInitializer.readEnvInput(ProblemInitializer.java:325)
	at de.uka.ilkd.key.proof.init.ProblemInitializer.prepare(ProblemInitializer.java:449)
	at de.uka.ilkd.key.proof.io.AbstractProblemLoader.createInitConfig(AbstractProblemLoader.java:518)
	at de.uka.ilkd.key.proof.io.AbstractProblemLoader.loadEnvironment(AbstractProblemLoader.java:288)
	at de.uka.ilkd.key.proof.io.AbstractProblemLoader.load(AbstractProblemLoader.java:252)
	at de.uka.ilkd.key.control.AbstractUserInterfaceControl.load(AbstractUserInterfaceControl.java:209)
	... 7 more
Caused by: java.lang.RuntimeException: Could not find rule file rules/intRulesCheckedSemantics.key
	at de.uka.ilkd.key.proof.io.RuleSourceFactory.fromBuiltInRule(RuleSourceFactory.java:32)
	at de.uka.ilkd.key.proof.io.RuleSourceFactory.fromDefaultLocation(RuleSourceFactory.java:21)
	at de.uka.ilkd.key.nparser.builder.IncludeFinder.addInclude(IncludeFinder.java:63)
	at de.uka.ilkd.key.nparser.builder.IncludeFinder.visitOne_include(IncludeFinder.java:43)
	at de.uka.ilkd.key.nparser.builder.IncludeFinder.visitOne_include(IncludeFinder.java:20)
	at de.uka.ilkd.key.nparser.KeYParser$One_includeContext.accept(KeYParser.java:878)
	at de.uka.ilkd.key.nparser.builder.AbstractBuilder.lambda$mapOf$0(AbstractBuilder.java:112)
	at java.base/java.util.stream.ReferencePipeline$3$1.accept(ReferencePipeline.java:195)
	at java.base/java.util.ArrayList$ArrayListSpliterator.forEachRemaining(ArrayList.java:1655)
	at java.base/java.util.stream.AbstractPipeline.copyInto(AbstractPipeline.java:484)
	at java.base/java.util.stream.AbstractPipeline.wrapAndCopyInto(AbstractPipeline.java:474)
	at java.base/java.util.stream.ReduceOps$ReduceOp.evaluateSequential(ReduceOps.java:913)
	at java.base/java.util.stream.AbstractPipeline.evaluate(AbstractPipeline.java:234)
	at java.base/java.util.stream.ReferencePipeline.collect(ReferencePipeline.java:578)
	at de.uka.ilkd.key.nparser.builder.AbstractBuilder.mapOf(AbstractBuilder.java:112)
	at de.uka.ilkd.key.nparser.builder.IncludeFinder.visitOne_include_statement(IncludeFinder.java:35)
	at de.uka.ilkd.key.nparser.builder.IncludeFinder.visitOne_include_statement(IncludeFinder.java:20)
	at de.uka.ilkd.key.nparser.KeYParser$One_include_statementContext.accept(KeYParser.java:802)
	at org.antlr.v4.runtime.tree.AbstractParseTreeVisitor.visitChildren(AbstractParseTreeVisitor.java:46)
	at de.uka.ilkd.key.nparser.KeYParserBaseVisitor.visitDecls(KeYParserBaseVisitor.java:30)
	at de.uka.ilkd.key.nparser.KeYParser$DeclsContext.accept(KeYParser.java:500)
	at org.antlr.v4.runtime.tree.AbstractParseTreeVisitor.visitChildren(AbstractParseTreeVisitor.java:46)
	at de.uka.ilkd.key.nparser.KeYParserBaseVisitor.visitFile(KeYParserBaseVisitor.java:23)
	at de.uka.ilkd.key.nparser.KeYParser$FileContext.accept(KeYParser.java:306)
	at de.uka.ilkd.key.nparser.KeyAst.accept(KeyAst.java:41)
	at de.uka.ilkd.key.nparser.KeyAst$File.getIncludes(KeyAst.java:76)
	at de.uka.ilkd.key.proof.io.KeYFile.readIncludes(KeYFile.java:208)
	... 14 more
Could not find rule file rules/intRulesCheckedSemantics.key (file: /home/runner/work/key/key/key.core/../key.ui/examples/index/../InformationFlow/MiniExamples/mini.MiniExamples(mini.MiniExamples__secure_p1_2()).Non-interference contract.0.m.key; caused by: de.uka.ilkd.key.proof.init.ProofInputException: Could not find rule file rules/intRulesCheckedSemantics.key)
	at de.uka.ilkd.key.control.AbstractUserInterfaceControl.load(AbstractUserInterfaceControl.java:221)
	at de.uka.ilkd.key.control.KeYEnvironment.load(KeYEnvironment.java:251)
	at de.uka.ilkd.key.control.KeYEnvironment.load(KeYEnvironment.java:224)
	at de.uka.ilkd.key.control.KeYEnvironment.load(KeYEnvironment.java:184)
	at de.uka.ilkd.key.control.KeYEnvironment.load(KeYEnvironment.java:261)
	at de.uka.ilkd.key.proof.runallproofs.proofcollection.TestFile.load(TestFile.java:270)
	at de.uka.ilkd.key.proof.runallproofs.proofcollection.TestFile.runKey(TestFile.java:160)
	at de.uka.ilkd.key.proof.runallproofs.proofcollection.ForkedTestFileRunner.main(ForkedTestFileRunner.java:171)
Caused by: de.uka.ilkd.key.proof.init.ProofInputException: Could not find rule file rules/intRulesCheckedSemantics.key
	at de.uka.ilkd.key.proof.io.KeYFile.readIncludes(KeYFile.java:210)
	at de.uka.ilkd.key.proof.init.ProblemInitializer.readIncludes(ProblemInitializer.java:177)
	at de.uka.ilkd.key.proof.init.ProblemInitializer.readEnvInput(ProblemInitializer.java:325)
	at de.uka.ilkd.key.proof.init.ProblemInitializer.prepare(ProblemInitializer.java:449)
	at de.uka.ilkd.key.proof.io.AbstractProblemLoader.createInitConfig(AbstractProblemLoader.java:518)
	at de.uka.ilkd.key.proof.io.AbstractProblemLoader.loadEnvironment(AbstractProblemLoader.java:288)
	at de.uka.ilkd.key.proof.io.AbstractProblemLoader.load(AbstractProblemLoader.java:252)
	at de.uka.ilkd.key.control.AbstractUserInterfaceControl.load(AbstractUserInterfaceControl.java:209)
	... 7 more
Caused by: java.lang.RuntimeException: Could not find rule file rules/intRulesCheckedSemantics.key
	at de.uka.ilkd.key.proof.io.RuleSourceFactory.fromBuiltInRule(RuleSourceFactory.java:32)
	at de.uka.ilkd.key.proof.io.RuleSourceFactory.fromDefaultLocation(RuleSourceFactory.java:21)
	at de.uka.ilkd.key.nparser.builder.IncludeFinder.addInclude(IncludeFinder.java:63)
	at de.uka.ilkd.key.nparser.builder.IncludeFinder.visitOne_include(IncludeFinder.java:43)
	at de.uka.ilkd.key.nparser.builder.IncludeFinder.visitOne_include(IncludeFinder.java:20)
	at de.uka.ilkd.key.nparser.KeYParser$One_includeContext.accept(KeYParser.java:878)
	at de.uka.ilkd.key.nparser.builder.AbstractBuilder.lambda$mapOf$0(AbstractBuilder.java:112)
	at java.base/java.util.stream.ReferencePipeline$3$1.accept(ReferencePipeline.java:195)
	at java.base/java.util.ArrayList$ArrayListSpliterator.forEachRemaining(ArrayList.java:1655)
	at java.base/java.util.stream.AbstractPipeline.copyInto(AbstractPipeline.java:484)
	at java.base/java.util.stream.AbstractPipeline.wrapAndCopyInto(AbstractPipeline.java:474)
	at java.base/java.util.stream.ReduceOps$ReduceOp.evaluateSequential(ReduceOps.java:913)
	at java.base/java.util.stream.AbstractPipeline.evaluate(AbstractPipeline.java:234)
	at java.base/java.util.stream.ReferencePipeline.collect(ReferencePipeline.java:578)
	at de.uka.ilkd.key.nparser.builder.AbstractBuilder.mapOf(AbstractBuilder.java:112)
	at de.uka.ilkd.key.nparser.builder.IncludeFinder.visitOne_include_statement(IncludeFinder.java:35)
	at de.uka.ilkd.key.nparser.builder.IncludeFinder.visitOne_include_statement(IncludeFinder.java:20)
	at de.uka.ilkd.key.nparser.KeYParser$One_include_statementContext.accept(KeYParser.java:802)
	at org.antlr.v4.runtime.tree.AbstractParseTreeVisitor.visitChildren(AbstractParseTreeVisitor.java:46)
	at de.uka.ilkd.key.nparser.KeYParserBaseVisitor.visitDecls(KeYParserBaseVisitor.java:30)
	at de.uka.ilkd.key.nparser.KeYParser$DeclsContext.accept(KeYParser.java:500)
	at org.antlr.v4.runtime.tree.AbstractParseTreeVisitor.visitChildren(AbstractParseTreeVisitor.java:46)
	at de.uka.ilkd.key.nparser.KeYParserBaseVisitor.visitFile(KeYParserBaseVisitor.java:23)
	at de.uka.ilkd.key.nparser.KeYParser$FileContext.accept(KeYParser.java:306)
	at de.uka.ilkd.key.nparser.KeyAst.accept(KeyAst.java:41)
	at de.uka.ilkd.key.nparser.KeyAst$File.getIncludes(KeyAst.java:76)
	at de.uka.ilkd.key.proof.io.KeYFile.readIncludes(KeYFile.java:208)
	... 14 more
Could not find rule file rules/intRulesCheckedSemantics.key (file: /home/runner/work/key/key/key.core/../key.ui/examples/index/../InformationFlow/MiniExamples/mini.MiniExamples(mini.MiniExamples__secure_p1_1()).Non-interference contract.1.m.key; caused by: de.uka.ilkd.key.proof.init.ProofInputException: Could not find rule file rules/intRulesCheckedSemantics.key)
	at de.uka.ilkd.key.control.AbstractUserInterfaceControl.load(AbstractUserInterfaceControl.java:221)
	at de.uka.ilkd.key.control.KeYEnvironment.load(KeYEnvironment.java:251)
	at de.uka.ilkd.key.control.KeYEnvironment.load(KeYEnvironment.java:224)
	at de.uka.ilkd.key.control.KeYEnvironment.load(KeYEnvironment.java:184)
	at de.uka.ilkd.key.control.KeYEnvironment.load(KeYEnvironment.java:261)
	at de.uka.ilkd.key.proof.runallproofs.proofcollection.TestFile.load(TestFile.java:270)
	at de.uka.ilkd.key.proof.runallproofs.proofcollection.TestFile.runKey(TestFile.java:160)
	at de.uka.ilkd.key.proof.runallproofs.proofcollection.ForkedTestFileRunner.main(ForkedTestFileRunner.java:171)
Caused by: de.uka.ilkd.key.proof.init.ProofInputException: Could not find rule file rules/intRulesCheckedSemantics.key
	at de.uka.ilkd.key.proof.io.KeYFile.readIncludes(KeYFile.java:210)
	at de.uka.ilkd.key.proof.init.ProblemInitializer.readIncludes(ProblemInitializer.java:177)
	at de.uka.ilkd.key.proof.init.ProblemInitializer.readEnvInput(ProblemInitializer.java:325)
	at de.uka.ilkd.key.proof.init.ProblemInitializer.prepare(ProblemInitializer.java:449)
	at de.uka.ilkd.key.proof.io.AbstractProblemLoader.createInitConfig(AbstractProblemLoader.java:518)
	at de.uka.ilkd.key.proof.io.AbstractProblemLoader.loadEnvironment(AbstractProblemLoader.java:288)
	at de.uka.ilkd.key.proof.io.AbstractProblemLoader.load(AbstractProblemLoader.java:252)
	at de.uka.ilkd.key.control.AbstractUserInterfaceControl.load(AbstractUserInterfaceControl.java:209)
	... 7 more
Caused by: java.lang.RuntimeException: Could not find rule file rules/intRulesCheckedSemantics.key
	at de.uka.ilkd.key.proof.io.RuleSourceFactory.fromBuiltInRule(RuleSourceFactory.java:32)
	at de.uka.ilkd.key.proof.io.RuleSourceFactory.fromDefaultLocation(RuleSourceFactory.java:21)
	at de.uka.ilkd.key.nparser.builder.IncludeFinder.addInclude(IncludeFinder.java:63)
	at de.uka.ilkd.key.nparser.builder.IncludeFinder.visitOne_include(IncludeFinder.java:43)
	at de.uka.ilkd.key.nparser.builder.IncludeFinder.visitOne_include(IncludeFinder.java:20)
	at de.uka.ilkd.key.nparser.KeYParser$One_includeContext.accept(KeYParser.java:878)
	at de.uka.ilkd.key.nparser.builder.AbstractBuilder.lambda$mapOf$0(AbstractBuilder.java:112)
	at java.base/java.util.stream.ReferencePipeline$3$1.accept(ReferencePipeline.java:195)
	at java.base/java.util.ArrayList$ArrayListSpliterator.forEachRemaining(ArrayList.java:1655)
	at java.base/java.util.stream.AbstractPipeline.copyInto(AbstractPipeline.java:484)
	at java.base/java.util.stream.AbstractPipeline.wrapAndCopyInto(AbstractPipeline.java:474)
	at java.base/java.util.stream.ReduceOps$ReduceOp.evaluateSequential(ReduceOps.java:913)
	at java.base/java.util.stream.AbstractPipeline.evaluate(AbstractPipeline.java:234)
	at java.base/java.util.stream.ReferencePipeline.collect(ReferencePipeline.java:578)
	at de.uka.ilkd.key.nparser.builder.AbstractBuilder.mapOf(AbstractBuilder.java:112)
	at de.uka.ilkd.key.nparser.builder.IncludeFinder.visitOne_include_statement(IncludeFinder.java:35)
	at de.uka.ilkd.key.nparser.builder.IncludeFinder.visitOne_include_statement(IncludeFinder.java:20)
	at de.uka.ilkd.key.nparser.KeYParser$One_include_statementContext.accept(KeYParser.java:802)
	at org.antlr.v4.runtime.tree.AbstractParseTreeVisitor.visitChildren(AbstractParseTreeVisitor.java:46)
	at de.uka.ilkd.key.nparser.KeYParserBaseVisitor.visitDecls(KeYParserBaseVisitor.java:30)
	at de.uka.ilkd.key.nparser.KeYParser$DeclsContext.accept(KeYParser.java:500)
	at org.antlr.v4.runtime.tree.AbstractParseTreeVisitor.visitChildren(AbstractParseTreeVisitor.java:46)
	at de.uka.ilkd.key.nparser.KeYParserBaseVisitor.visitFile(KeYParserBaseVisitor.java:23)
	at de.uka.ilkd.key.nparser.KeYParser$FileContext.accept(KeYParser.java:306)
	at de.uka.ilkd.key.nparser.KeyAst.accept(KeyAst.java:41)
	at de.uka.ilkd.key.nparser.KeyAst$File.getIncludes(KeyAst.java:76)
	at de.uka.ilkd.key.proof.io.KeYFile.readIncludes(KeYFile.java:208)
	... 14 more
Could not find rule file rules/intRulesCheckedSemantics.key (file: /home/runner/work/key/key/key.core/../key.ui/examples/index/../InformationFlow/MiniExamples/mini.MiniExamples(mini.MiniExamples__secure_p1_1()).Non-interference contract.0.m.key; caused by: de.uka.ilkd.key.proof.init.ProofInputException: Could not find rule file rules/intRulesCheckedSemantics.key)
	at de.uka.ilkd.key.control.AbstractUserInterfaceControl.load(AbstractUserInterfaceControl.java:221)
	at de.uka.ilkd.key.control.KeYEnvironment.load(KeYEnvironment.java:251)
	at de.uka.ilkd.key.control.KeYEnvironment.load(KeYEnvironment.java:224)
	at de.uka.ilkd.key.control.KeYEnvironment.load(KeYEnvironment.java:184)
	at de.uka.ilkd.key.control.KeYEnvironment.load(KeYEnvironment.java:261)
	at de.uka.ilkd.key.proof.runallproofs.proofcollection.TestFile.load(TestFile.java:270)
	at de.uka.ilkd.key.proof.runallproofs.proofcollection.TestFile.runKey(TestFile.java:160)
	at de.uka.ilkd.key.proof.runallproofs.proofcollection.ForkedTestFileRunner.main(ForkedTestFileRunner.java:171)
Caused by: de.uka.ilkd.key.proof.init.ProofInputException: Could not find rule file rules/intRulesCheckedSemantics.key
	at de.uka.ilkd.key.proof.io.KeYFile.readIncludes(KeYFile.java:210)
	at de.uka.ilkd.key.proof.init.ProblemInitializer.readIncludes(ProblemInitializer.java:177)
	at de.uka.ilkd.key.proof.init.ProblemInitializer.readEnvInput(ProblemInitializer.java:325)
	at de.uka.ilkd.key.proof.init.ProblemInitializer.prepare(ProblemInitializer.java:449)
	at de.uka.ilkd.key.proof.io.AbstractProblemLoader.createInitConfig(AbstractProblemLoader.java:518)
	at de.uka.ilkd.key.proof.io.AbstractProblemLoader.loadEnvironment(AbstractProblemLoader.java:288)
	at de.uka.ilkd.key.proof.io.AbstractProblemLoader.load(AbstractProblemLoader.java:252)
	at de.uka.ilkd.key.control.AbstractUserInterfaceControl.load(AbstractUserInterfaceControl.java:209)
	... 7 more
Caused by: java.lang.RuntimeException: Could not find rule file rules/intRulesCheckedSemantics.key
	at de.uka.ilkd.key.proof.io.RuleSourceFactory.fromBuiltInRule(RuleSourceFactory.java:32)
	at de.uka.ilkd.key.proof.io.RuleSourceFactory.fromDefaultLocation(RuleSourceFactory.java:21)
	at de.uka.ilkd.key.nparser.builder.IncludeFinder.addInclude(IncludeFinder.java:63)
	at de.uka.ilkd.key.nparser.builder.IncludeFinder.visitOne_include(IncludeFinder.java:43)
	at de.uka.ilkd.key.nparser.builder.IncludeFinder.visitOne_include(IncludeFinder.java:20)
	at de.uka.ilkd.key.nparser.KeYParser$One_includeContext.accept(KeYParser.java:878)
	at de.uka.ilkd.key.nparser.builder.AbstractBuilder.lambda$mapOf$0(AbstractBuilder.java:112)
	at java.base/java.util.stream.ReferencePipeline$3$1.accept(ReferencePipeline.java:195)
	at java.base/java.util.ArrayList$ArrayListSpliterator.forEachRemaining(ArrayList.java:1655)
	at java.base/java.util.stream.AbstractPipeline.copyInto(AbstractPipeline.java:484)
	at java.base/java.util.stream.AbstractPipeline.wrapAndCopyInto(AbstractPipeline.java:474)
	at java.base/java.util.stream.ReduceOps$ReduceOp.evaluateSequential(ReduceOps.java:913)
	at java.base/java.util.stream.AbstractPipeline.evaluate(AbstractPipeline.java:234)
	at java.base/java.util.stream.ReferencePipeline.collect(ReferencePipeline.java:578)
	at de.uka.ilkd.key.nparser.builder.AbstractBuilder.mapOf(AbstractBuilder.java:112)
	at de.uka.ilkd.key.nparser.builder.IncludeFinder.visitOne_include_statement(IncludeFinder.java:35)
	at de.uka.ilkd.key.nparser.builder.IncludeFinder.visitOne_include_statement(IncludeFinder.java:20)
	at de.uka.ilkd.key.nparser.KeYParser$One_include_statementContext.accept(KeYParser.java:802)
	at org.antlr.v4.runtime.tree.AbstractParseTreeVisitor.visitChildren(AbstractParseTreeVisitor.java:46)
	at de.uka.ilkd.key.nparser.KeYParserBaseVisitor.visitDecls(KeYParserBaseVisitor.java:30)
	at de.uka.ilkd.key.nparser.KeYParser$DeclsContext.accept(KeYParser.java:500)
	at org.antlr.v4.runtime.tree.AbstractParseTreeVisitor.visitChildren(AbstractParseTreeVisitor.java:46)
	at de.uka.ilkd.key.nparser.KeYParserBaseVisitor.visitFile(KeYParserBaseVisitor.java:23)
	at de.uka.ilkd.key.nparser.KeYParser$FileContext.accept(KeYParser.java:306)
	at de.uka.ilkd.key.nparser.KeyAst.accept(KeyAst.java:41)
	at de.uka.ilkd.key.nparser.KeyAst$File.getIncludes(KeyAst.java:76)
	at de.uka.ilkd.key.proof.io.KeYFile.readIncludes(KeYFile.java:208)
	... 14 more
Could not find rule file rules/intRulesCheckedSemantics.key (file: /home/runner/work/key/key/key.core/../key.ui/examples/index/../InformationFlow/MiniExamples/mini.MiniExamples(mini.MiniExamples__insecure_p1_2()).Non-interference contract.0.m.key; caused by: de.uka.ilkd.key.proof.init.ProofInputException: Could not find rule file rules/intRulesCheckedSemantics.key)
	at de.uka.ilkd.key.control.AbstractUserInterfaceControl.load(AbstractUserInterfaceControl.java:221)
	at de.uka.ilkd.key.control.KeYEnvironment.load(KeYEnvironment.java:251)
	at de.uka.ilkd.key.control.KeYEnvironment.load(KeYEnvironment.java:224)
	at de.uka.ilkd.key.control.KeYEnvironment.load(KeYEnvironment.java:184)
	at de.uka.ilkd.key.control.KeYEnvironment.load(KeYEnvironment.java:261)
	at de.uka.ilkd.key.proof.runallproofs.proofcollection.TestFile.load(TestFile.java:270)
	at de.uka.ilkd.key.proof.runallproofs.proofcollection.TestFile.runKey(TestFile.java:160)
	at de.uka.ilkd.key.proof.runallproofs.proofcollection.ForkedTestFileRunner.main(ForkedTestFileRunner.java:171)
Caused by: de.uka.ilkd.key.proof.init.ProofInputException: Could not find rule file rules/intRulesCheckedSemantics.key
	at de.uka.ilkd.key.proof.io.KeYFile.readIncludes(KeYFile.java:210)
	at de.uka.ilkd.key.proof.init.ProblemInitializer.readIncludes(ProblemInitializer.java:177)
	at de.uka.ilkd.key.proof.init.ProblemInitializer.readEnvInput(ProblemInitializer.java:325)
	at de.uka.ilkd.key.proof.init.ProblemInitializer.prepare(ProblemInitializer.java:449)
	at de.uka.ilkd.key.proof.io.AbstractProblemLoader.createInitConfig(AbstractProblemLoader.java:518)
	at de.uka.ilkd.key.proof.io.AbstractProblemLoader.loadEnvironment(AbstractProblemLoader.java:288)
	at de.uka.ilkd.key.proof.io.AbstractProblemLoader.load(AbstractProblemLoader.java:252)
	at de.uka.ilkd.key.control.AbstractUserInterfaceControl.load(AbstractUserInterfaceControl.java:209)
	... 7 more
Caused by: java.lang.RuntimeException: Could not find rule file rules/intRulesCheckedSemantics.key
	at de.uka.ilkd.key.proof.io.RuleSourceFactory.fromBuiltInRule(RuleSourceFactory.java:32)
	at de.uka.ilkd.key.proof.io.RuleSourceFactory.fromDefaultLocation(RuleSourceFactory.java:21)
	at de.uka.ilkd.key.nparser.builder.IncludeFinder.addInclude(IncludeFinder.java:63)
	at de.uka.ilkd.key.nparser.builder.IncludeFinder.visitOne_include(IncludeFinder.java:43)
	at de.uka.ilkd.key.nparser.builder.IncludeFinder.visitOne_include(IncludeFinder.java:20)
	at de.uka.ilkd.key.nparser.KeYParser$One_includeContext.accept(KeYParser.java:878)
	at de.uka.ilkd.key.nparser.builder.AbstractBuilder.lambda$mapOf$0(AbstractBuilder.java:112)
	at java.base/java.util.stream.ReferencePipeline$3$1.accept(ReferencePipeline.java:195)
	at java.base/java.util.ArrayList$ArrayListSpliterator.forEachRemaining(ArrayList.java:1655)
	at java.base/java.util.stream.AbstractPipeline.copyInto(AbstractPipeline.java:484)
	at java.base/java.util.stream.AbstractPipeline.wrapAndCopyInto(AbstractPipeline.java:474)
	at java.base/java.util.stream.ReduceOps$ReduceOp.evaluateSequential(ReduceOps.java:913)
	at java.base/java.util.stream.AbstractPipeline.evaluate(AbstractPipeline.java:234)
	at java.base/java.util.stream.ReferencePipeline.collect(ReferencePipeline.java:578)
	at de.uka.ilkd.key.nparser.builder.AbstractBuilder.mapOf(AbstractBuilder.java:112)
	at de.uka.ilkd.key.nparser.builder.IncludeFinder.visitOne_include_statement(IncludeFinder.java:35)
	at de.uka.ilkd.key.nparser.builder.IncludeFinder.visitOne_include_statement(IncludeFinder.java:20)
	at de.uka.ilkd.key.nparser.KeYParser$One_include_statementContext.accept(KeYParser.java:802)
	at org.antlr.v4.runtime.tree.AbstractParseTreeVisitor.visitChildren(AbstractParseTreeVisitor.java:46)
	at de.uka.ilkd.key.nparser.KeYParserBaseVisitor.visitDecls(KeYParserBaseVisitor.java:30)
	at de.uka.ilkd.key.nparser.KeYParser$DeclsContext.accept(KeYParser.java:500)
	at org.antlr.v4.runtime.tree.AbstractParseTreeVisitor.visitChildren(AbstractParseTreeVisitor.java:46)
	at de.uka.ilkd.key.nparser.KeYParserBaseVisitor.visitFile(KeYParserBaseVisitor.java:23)
	at de.uka.ilkd.key.nparser.KeYParser$FileContext.accept(KeYParser.java:306)
	at de.uka.ilkd.key.nparser.KeyAst.accept(KeyAst.java:41)
	at de.uka.ilkd.key.nparser.KeyAst$File.getIncludes(KeyAst.java:76)
	at de.uka.ilkd.key.proof.io.KeYFile.readIncludes(KeYFile.java:208)
	... 14 more
Could not find rule file rules/intRulesCheckedSemantics.key (file: /home/runner/work/key/key/key.core/../key.ui/examples/index/../InformationFlow/MiniExamples/mini.MiniExamples(mini.MiniExamples__insecure_p1_1()).Non-interference contract.0.m.key; caused by: de.uka.ilkd.key.proof.init.ProofInputException: Could not find rule file rules/intRulesCheckedSemantics.key)
	at de.uka.ilkd.key.control.AbstractUserInterfaceControl.load(AbstractUserInterfaceControl.java:221)
	at de.uka.ilkd.key.control.KeYEnvironment.load(KeYEnvironment.java:251)
	at de.uka.ilkd.key.control.KeYEnvironment.load(KeYEnvironment.java:224)
	at de.uka.ilkd.key.control.KeYEnvironment.load(KeYEnvironment.java:184)
	at de.uka.ilkd.key.control.KeYEnvironment.load(KeYEnvironment.java:261)
	at de.uka.ilkd.key.proof.runallproofs.proofcollection.TestFile.load(TestFile.java:270)
	at de.uka.ilkd.key.proof.runallproofs.proofcollection.TestFile.runKey(TestFile.java:160)
	at de.uka.ilkd.key.proof.runallproofs.proofcollection.ForkedTestFileRunner.main(ForkedTestFileRunner.java:171)
Caused by: de.uka.ilkd.key.proof.init.ProofInputException: Could not find rule file rules/intRulesCheckedSemantics.key
	at de.uka.ilkd.key.proof.io.KeYFile.readIncludes(KeYFile.java:210)
	at de.uka.ilkd.key.proof.init.ProblemInitializer.readIncludes(ProblemInitializer.java:177)
	at de.uka.ilkd.key.proof.init.ProblemInitializer.readEnvInput(ProblemInitializer.java:325)
	at de.uka.ilkd.key.proof.init.ProblemInitializer.prepare(ProblemInitializer.java:449)
	at de.uka.ilkd.key.proof.io.AbstractProblemLoader.createInitConfig(AbstractProblemLoader.java:518)
	at de.uka.ilkd.key.proof.io.AbstractProblemLoader.loadEnvironment(AbstractProblemLoader.java:288)
	at de.uka.ilkd.key.proof.io.AbstractProblemLoader.load(AbstractProblemLoader.java:252)
	at de.uka.ilkd.key.control.AbstractUserInterfaceControl.load(AbstractUserInterfaceControl.java:209)
	... 7 more
Caused by: java.lang.RuntimeException: Could not find rule file rules/intRulesCheckedSemantics.key
	at de.uka.ilkd.key.proof.io.RuleSourceFactory.fromBuiltInRule(RuleSourceFactory.java:32)
	at de.uka.ilkd.key.proof.io.RuleSourceFactory.fromDefaultLocation(RuleSourceFactory.java:21)
	at de.uka.ilkd.key.nparser.builder.IncludeFinder.addInclude(IncludeFinder.java:63)
	at de.uka.ilkd.key.nparser.builder.IncludeFinder.visitOne_include(IncludeFinder.java:43)
	at de.uka.ilkd.key.nparser.builder.IncludeFinder.visitOne_include(IncludeFinder.java:20)
	at de.uka.ilkd.key.nparser.KeYParser$One_includeContext.accept(KeYParser.java:878)
	at de.uka.ilkd.key.nparser.builder.AbstractBuilder.lambda$mapOf$0(AbstractBuilder.java:112)
	at java.base/java.util.stream.ReferencePipeline$3$1.accept(ReferencePipeline.java:195)
	at java.base/java.util.ArrayList$ArrayListSpliterator.forEachRemaining(ArrayList.java:1655)
	at java.base/java.util.stream.AbstractPipeline.copyInto(AbstractPipeline.java:484)
	at java.base/java.util.stream.AbstractPipeline.wrapAndCopyInto(AbstractPipeline.java:474)
	at java.base/java.util.stream.ReduceOps$ReduceOp.evaluateSequential(ReduceOps.java:913)
	at java.base/java.util.stream.AbstractPipeline.evaluate(AbstractPipeline.java:234)
	at java.base/java.util.stream.ReferencePipeline.collect(ReferencePipeline.java:578)
	at de.uka.ilkd.key.nparser.builder.AbstractBuilder.mapOf(AbstractBuilder.java:112)
	at de.uka.ilkd.key.nparser.builder.IncludeFinder.visitOne_include_statement(IncludeFinder.java:35)
	at de.uka.ilkd.key.nparser.builder.IncludeFinder.visitOne_include_statement(IncludeFinder.java:20)
	at de.uka.ilkd.key.nparser.KeYParser$One_include_statementContext.accept(KeYParser.java:802)
	at org.antlr.v4.runtime.tree.AbstractParseTreeVisitor.visitChildren(AbstractParseTreeVisitor.java:46)
	at de.uka.ilkd.key.nparser.KeYParserBaseVisitor.visitDecls(KeYParserBaseVisitor.java:30)
	at de.uka.ilkd.key.nparser.KeYParser$DeclsContext.accept(KeYParser.java:500)
	at org.antlr.v4.runtime.tree.AbstractParseTreeVisitor.visitChildren(AbstractParseTreeVisitor.java:46)
	at de.uka.ilkd.key.nparser.KeYParserBaseVisitor.visitFile(KeYParserBaseVisitor.java:23)
	at de.uka.ilkd.key.nparser.KeYParser$FileContext.accept(KeYParser.java:306)
	at de.uka.ilkd.key.nparser.KeyAst.accept(KeyAst.java:41)
	at de.uka.ilkd.key.nparser.KeyAst$File.getIncludes(KeyAst.java:76)
	at de.uka.ilkd.key.proof.io.KeYFile.readIncludes(KeYFile.java:208)
	... 14 more
Exception in thread "main" org.opentest4j.AssertionFailedError: Exception during the execution of proofs. See log for more details.
	at org.junit.jupiter.api.AssertionUtils.fail(AssertionUtils.java:39)
	at org.junit.jupiter.api.Assertions.fail(Assertions.java:134)
	at de.uka.ilkd.key.proof.runallproofs.proofcollection.ForkedTestFileRunner.main(ForkedTestFileRunner.java:192)
Timeout watcher launched (1000 secs.)
Could not find rule file rules/intRulesCheckedSemantics.key (file: /home/runner/work/key/key/key.core/../key.ui/examples/index/../InformationFlow/NewObjects/object.AmtoftBanerjee3(object.AmtoftBanerjee3__m()).Non-interference contract.0.m.key; caused by: de.uka.ilkd.key.proof.init.ProofInputException: Could not find rule file rules/intRulesCheckedSemantics.key)
	at de.uka.ilkd.key.control.AbstractUserInterfaceControl.load(AbstractUserInterfaceControl.java:221)
	at de.uka.ilkd.key.control.KeYEnvironment.load(KeYEnvironment.java:251)
	at de.uka.ilkd.key.control.KeYEnvironment.load(KeYEnvironment.java:224)
	at de.uka.ilkd.key.control.KeYEnvironment.load(KeYEnvironment.java:184)
	at de.uka.ilkd.key.control.KeYEnvironment.load(KeYEnvironment.java:261)
	at de.uka.ilkd.key.proof.runallproofs.proofcollection.TestFile.load(TestFile.java:270)
	at de.uka.ilkd.key.proof.runallproofs.proofcollection.TestFile.runKey(TestFile.java:160)
	at de.uka.ilkd.key.proof.runallproofs.proofcollection.ForkedTestFileRunner.main(ForkedTestFileRunner.java:171)
Caused by: de.uka.ilkd.key.proof.init.ProofInputException: Could not find rule file rules/intRulesCheckedSemantics.key
	at de.uka.ilkd.key.proof.io.KeYFile.readIncludes(KeYFile.java:210)
	at de.uka.ilkd.key.proof.init.ProblemInitializer.readIncludes(ProblemInitializer.java:177)
	at de.uka.ilkd.key.proof.init.ProblemInitializer.readEnvInput(ProblemInitializer.java:325)
	at de.uka.ilkd.key.proof.init.ProblemInitializer.prepare(ProblemInitializer.java:449)
	at de.uka.ilkd.key.proof.io.AbstractProblemLoader.createInitConfig(AbstractProblemLoader.java:518)
	at de.uka.ilkd.key.proof.io.AbstractProblemLoader.loadEnvironment(AbstractProblemLoader.java:288)
	at de.uka.ilkd.key.proof.io.AbstractProblemLoader.load(AbstractProblemLoader.java:252)
	at de.uka.ilkd.key.control.AbstractUserInterfaceControl.load(AbstractUserInterfaceControl.java:209)
	... 7 more
Caused by: java.lang.RuntimeException: Could not find rule file rules/intRulesCheckedSemantics.key
	at de.uka.ilkd.key.proof.io.RuleSourceFactory.fromBuiltInRule(RuleSourceFactory.java:32)
	at de.uka.ilkd.key.proof.io.RuleSourceFactory.fromDefaultLocation(RuleSourceFactory.java:21)
	at de.uka.ilkd.key.nparser.builder.IncludeFinder.addInclude(IncludeFinder.java:63)
	at de.uka.ilkd.key.nparser.builder.IncludeFinder.visitOne_include(IncludeFinder.java:43)
	at de.uka.ilkd.key.nparser.builder.IncludeFinder.visitOne_include(IncludeFinder.java:20)
	at de.uka.ilkd.key.nparser.KeYParser$One_includeContext.accept(KeYParser.java:878)
	at de.uka.ilkd.key.nparser.builder.AbstractBuilder.lambda$mapOf$0(AbstractBuilder.java:112)
	at java.base/java.util.stream.ReferencePipeline$3$1.accept(ReferencePipeline.java:195)
	at java.base/java.util.ArrayList$ArrayListSpliterator.forEachRemaining(ArrayList.java:1655)
	at java.base/java.util.stream.AbstractPipeline.copyInto(AbstractPipeline.java:484)
	at java.base/java.util.stream.AbstractPipeline.wrapAndCopyInto(AbstractPipeline.java:474)
	at java.base/java.util.stream.ReduceOps$ReduceOp.evaluateSequential(ReduceOps.java:913)
	at java.base/java.util.stream.AbstractPipeline.evaluate(AbstractPipeline.java:234)
	at java.base/java.util.stream.ReferencePipeline.collect(ReferencePipeline.java:578)
	at de.uka.ilkd.key.nparser.builder.AbstractBuilder.mapOf(AbstractBuilder.java:112)
	at de.uka.ilkd.key.nparser.builder.IncludeFinder.visitOne_include_statement(IncludeFinder.java:35)
	at de.uka.ilkd.key.nparser.builder.IncludeFinder.visitOne_include_statement(IncludeFinder.java:20)
	at de.uka.ilkd.key.nparser.KeYParser$One_include_statementContext.accept(KeYParser.java:802)
	at org.antlr.v4.runtime.tree.AbstractParseTreeVisitor.visitChildren(AbstractParseTreeVisitor.java:46)
	at de.uka.ilkd.key.nparser.KeYParserBaseVisitor.visitDecls(KeYParserBaseVisitor.java:30)
	at de.uka.ilkd.key.nparser.KeYParser$DeclsContext.accept(KeYParser.java:500)
	at org.antlr.v4.runtime.tree.AbstractParseTreeVisitor.visitChildren(AbstractParseTreeVisitor.java:46)
	at de.uka.ilkd.key.nparser.KeYParserBaseVisitor.visitFile(KeYParserBaseVisitor.java:23)
	at de.uka.ilkd.key.nparser.KeYParser$FileContext.accept(KeYParser.java:306)
	at de.uka.ilkd.key.nparser.KeyAst.accept(KeyAst.java:41)
	at de.uka.ilkd.key.nparser.KeyAst$File.getIncludes(KeyAst.java:76)
	at de.uka.ilkd.key.proof.io.KeYFile.readIncludes(KeYFile.java:208)
	... 14 more
Could not find rule file rules/intRulesCheckedSemantics.key (file: /home/runner/work/key/key/key.core/../key.ui/examples/index/../InformationFlow/NewObjects/object.AmtoftBanerjee(object.AmtoftBanerjee__m_2()).Non-interference contract.0.m.key; caused by: de.uka.ilkd.key.proof.init.ProofInputException: Could not find rule file rules/intRulesCheckedSemantics.key)
	at de.uka.ilkd.key.control.AbstractUserInterfaceControl.load(AbstractUserInterfaceControl.java:221)
	at de.uka.ilkd.key.control.KeYEnvironment.load(KeYEnvironment.java:251)
	at de.uka.ilkd.key.control.KeYEnvironment.load(KeYEnvironment.java:224)
	at de.uka.ilkd.key.control.KeYEnvironment.load(KeYEnvironment.java:184)
	at de.uka.ilkd.key.control.KeYEnvironment.load(KeYEnvironment.java:261)
	at de.uka.ilkd.key.proof.runallproofs.proofcollection.TestFile.load(TestFile.java:270)
	at de.uka.ilkd.key.proof.runallproofs.proofcollection.TestFile.runKey(TestFile.java:160)
	at de.uka.ilkd.key.proof.runallproofs.proofcollection.ForkedTestFileRunner.main(ForkedTestFileRunner.java:171)
Caused by: de.uka.ilkd.key.proof.init.ProofInputException: Could not find rule file rules/intRulesCheckedSemantics.key
	at de.uka.ilkd.key.proof.io.KeYFile.readIncludes(KeYFile.java:210)
	at de.uka.ilkd.key.proof.init.ProblemInitializer.readIncludes(ProblemInitializer.java:177)
	at de.uka.ilkd.key.proof.init.ProblemInitializer.readEnvInput(ProblemInitializer.java:325)
	at de.uka.ilkd.key.proof.init.ProblemInitializer.prepare(ProblemInitializer.java:449)
	at de.uka.ilkd.key.proof.io.AbstractProblemLoader.createInitConfig(AbstractProblemLoader.java:518)
	at de.uka.ilkd.key.proof.io.AbstractProblemLoader.loadEnvironment(AbstractProblemLoader.java:288)
	at de.uka.ilkd.key.proof.io.AbstractProblemLoader.load(AbstractProblemLoader.java:252)
	at de.uka.ilkd.key.control.AbstractUserInterfaceControl.load(AbstractUserInterfaceControl.java:209)
	... 7 more
Caused by: java.lang.RuntimeException: Could not find rule file rules/intRulesCheckedSemantics.key
	at de.uka.ilkd.key.proof.io.RuleSourceFactory.fromBuiltInRule(RuleSourceFactory.java:32)
	at de.uka.ilkd.key.proof.io.RuleSourceFactory.fromDefaultLocation(RuleSourceFactory.java:21)
	at de.uka.ilkd.key.nparser.builder.IncludeFinder.addInclude(IncludeFinder.java:63)
	at de.uka.ilkd.key.nparser.builder.IncludeFinder.visitOne_include(IncludeFinder.java:43)
	at de.uka.ilkd.key.nparser.builder.IncludeFinder.visitOne_include(IncludeFinder.java:20)
	at de.uka.ilkd.key.nparser.KeYParser$One_includeContext.accept(KeYParser.java:878)
	at de.uka.ilkd.key.nparser.builder.AbstractBuilder.lambda$mapOf$0(AbstractBuilder.java:112)
	at java.base/java.util.stream.ReferencePipeline$3$1.accept(ReferencePipeline.java:195)
	at java.base/java.util.ArrayList$ArrayListSpliterator.forEachRemaining(ArrayList.java:1655)
	at java.base/java.util.stream.AbstractPipeline.copyInto(AbstractPipeline.java:484)
	at java.base/java.util.stream.AbstractPipeline.wrapAndCopyInto(AbstractPipeline.java:474)
	at java.base/java.util.stream.ReduceOps$ReduceOp.evaluateSequential(ReduceOps.java:913)
	at java.base/java.util.stream.AbstractPipeline.evaluate(AbstractPipeline.java:234)
	at java.base/java.util.stream.ReferencePipeline.collect(ReferencePipeline.java:578)
	at de.uka.ilkd.key.nparser.builder.AbstractBuilder.mapOf(AbstractBuilder.java:112)
	at de.uka.ilkd.key.nparser.builder.IncludeFinder.visitOne_include_statement(IncludeFinder.java:35)
	at de.uka.ilkd.key.nparser.builder.IncludeFinder.visitOne_include_statement(IncludeFinder.java:20)
	at de.uka.ilkd.key.nparser.KeYParser$One_include_statementContext.accept(KeYParser.java:802)
	at org.antlr.v4.runtime.tree.AbstractParseTreeVisitor.visitChildren(AbstractParseTreeVisitor.java:46)
	at de.uka.ilkd.key.nparser.KeYParserBaseVisitor.visitDecls(KeYParserBaseVisitor.java:30)
	at de.uka.ilkd.key.nparser.KeYParser$DeclsContext.accept(KeYParser.java:500)
	at org.antlr.v4.runtime.tree.AbstractParseTreeVisitor.visitChildren(AbstractParseTreeVisitor.java:46)
	at de.uka.ilkd.key.nparser.KeYParserBaseVisitor.visitFile(KeYParserBaseVisitor.java:23)
	at de.uka.ilkd.key.nparser.KeYParser$FileContext.accept(KeYParser.java:306)
	at de.uka.ilkd.key.nparser.KeyAst.accept(KeyAst.java:41)
	at de.uka.ilkd.key.nparser.KeyAst$File.getIncludes(KeyAst.java:76)
	at de.uka.ilkd.key.proof.io.KeYFile.readIncludes(KeYFile.java:208)
	... 14 more
Could not find rule file rules/intRulesCheckedSemantics.key (file: /home/runner/work/key/key/key.core/../key.ui/examples/index/../InformationFlow/NewObjects/object.AmtoftBanerjee(object.AmtoftBanerjee__m_1()).Non-interference contract.1.m.key; caused by: de.uka.ilkd.key.proof.init.ProofInputException: Could not find rule file rules/intRulesCheckedSemantics.key)
	at de.uka.ilkd.key.control.AbstractUserInterfaceControl.load(AbstractUserInterfaceControl.java:221)
	at de.uka.ilkd.key.control.KeYEnvironment.load(KeYEnvironment.java:251)
	at de.uka.ilkd.key.control.KeYEnvironment.load(KeYEnvironment.java:224)
	at de.uka.ilkd.key.control.KeYEnvironment.load(KeYEnvironment.java:184)
	at de.uka.ilkd.key.control.KeYEnvironment.load(KeYEnvironment.java:261)
	at de.uka.ilkd.key.proof.runallproofs.proofcollection.TestFile.load(TestFile.java:270)
	at de.uka.ilkd.key.proof.runallproofs.proofcollection.TestFile.runKey(TestFile.java:160)
	at de.uka.ilkd.key.proof.runallproofs.proofcollection.ForkedTestFileRunner.main(ForkedTestFileRunner.java:171)
Caused by: de.uka.ilkd.key.proof.init.ProofInputException: Could not find rule file rules/intRulesCheckedSemantics.key
	at de.uka.ilkd.key.proof.io.KeYFile.readIncludes(KeYFile.java:210)
	at de.uka.ilkd.key.proof.init.ProblemInitializer.readIncludes(ProblemInitializer.java:177)
	at de.uka.ilkd.key.proof.init.ProblemInitializer.readEnvInput(ProblemInitializer.java:325)
	at de.uka.ilkd.key.proof.init.ProblemInitializer.prepare(ProblemInitializer.java:449)
	at de.uka.ilkd.key.proof.io.AbstractProblemLoader.createInitConfig(AbstractProblemLoader.java:518)
	at de.uka.ilkd.key.proof.io.AbstractProblemLoader.loadEnvironment(AbstractProblemLoader.java:288)
	at de.uka.ilkd.key.proof.io.AbstractProblemLoader.load(AbstractProblemLoader.java:252)
	at de.uka.ilkd.key.control.AbstractUserInterfaceControl.load(AbstractUserInterfaceControl.java:209)
	... 7 more
Caused by: java.lang.RuntimeException: Could not find rule file rules/intRulesCheckedSemantics.key
	at de.uka.ilkd.key.proof.io.RuleSourceFactory.fromBuiltInRule(RuleSourceFactory.java:32)
	at de.uka.ilkd.key.proof.io.RuleSourceFactory.fromDefaultLocation(RuleSourceFactory.java:21)
	at de.uka.ilkd.key.nparser.builder.IncludeFinder.addInclude(IncludeFinder.java:63)
	at de.uka.ilkd.key.nparser.builder.IncludeFinder.visitOne_include(IncludeFinder.java:43)
	at de.uka.ilkd.key.nparser.builder.IncludeFinder.visitOne_include(IncludeFinder.java:20)
	at de.uka.ilkd.key.nparser.KeYParser$One_includeContext.accept(KeYParser.java:878)
	at de.uka.ilkd.key.nparser.builder.AbstractBuilder.lambda$mapOf$0(AbstractBuilder.java:112)
	at java.base/java.util.stream.ReferencePipeline$3$1.accept(ReferencePipeline.java:195)
	at java.base/java.util.ArrayList$ArrayListSpliterator.forEachRemaining(ArrayList.java:1655)
	at java.base/java.util.stream.AbstractPipeline.copyInto(AbstractPipeline.java:484)
	at java.base/java.util.stream.AbstractPipeline.wrapAndCopyInto(AbstractPipeline.java:474)
	at java.base/java.util.stream.ReduceOps$ReduceOp.evaluateSequential(ReduceOps.java:913)
	at java.base/java.util.stream.AbstractPipeline.evaluate(AbstractPipeline.java:234)
	at java.base/java.util.stream.ReferencePipeline.collect(ReferencePipeline.java:578)
	at de.uka.ilkd.key.nparser.builder.AbstractBuilder.mapOf(AbstractBuilder.java:112)
	at de.uka.ilkd.key.nparser.builder.IncludeFinder.visitOne_include_statement(IncludeFinder.java:35)
	at de.uka.ilkd.key.nparser.builder.IncludeFinder.visitOne_include_statement(IncludeFinder.java:20)
	at de.uka.ilkd.key.nparser.KeYParser$One_include_statementContext.accept(KeYParser.java:802)
	at org.antlr.v4.runtime.tree.AbstractParseTreeVisitor.visitChildren(AbstractParseTreeVisitor.java:46)
	at de.uka.ilkd.key.nparser.KeYParserBaseVisitor.visitDecls(KeYParserBaseVisitor.java:30)
	at de.uka.ilkd.key.nparser.KeYParser$DeclsContext.accept(KeYParser.java:500)
	at org.antlr.v4.runtime.tree.AbstractParseTreeVisitor.visitChildren(AbstractParseTreeVisitor.java:46)
	at de.uka.ilkd.key.nparser.KeYParserBaseVisitor.visitFile(KeYParserBaseVisitor.java:23)
	at de.uka.ilkd.key.nparser.KeYParser$FileContext.accept(KeYParser.java:306)
	at de.uka.ilkd.key.nparser.KeyAst.accept(KeyAst.java:41)
	at de.uka.ilkd.key.nparser.KeyAst$File.getIncludes(KeyAst.java:76)
	at de.uka.ilkd.key.proof.io.KeYFile.readIncludes(KeYFile.java:208)
	... 14 more
Could not find rule file rules/intRulesCheckedSemantics.key (file: /home/runner/work/key/key/key.core/../key.ui/examples/index/../InformationFlow/NewObjects/object.AmtoftBanerjee(object.AmtoftBanerjee__m_1()).Non-interference contract.0.m.key; caused by: de.uka.ilkd.key.proof.init.ProofInputException: Could not find rule file rules/intRulesCheckedSemantics.key)
	at de.uka.ilkd.key.control.AbstractUserInterfaceControl.load(AbstractUserInterfaceControl.java:221)
	at de.uka.ilkd.key.control.KeYEnvironment.load(KeYEnvironment.java:251)
	at de.uka.ilkd.key.control.KeYEnvironment.load(KeYEnvironment.java:224)
	at de.uka.ilkd.key.control.KeYEnvironment.load(KeYEnvironment.java:184)
	at de.uka.ilkd.key.control.KeYEnvironment.load(KeYEnvironment.java:261)
	at de.uka.ilkd.key.proof.runallproofs.proofcollection.TestFile.load(TestFile.java:270)
	at de.uka.ilkd.key.proof.runallproofs.proofcollection.TestFile.runKey(TestFile.java:160)
	at de.uka.ilkd.key.proof.runallproofs.proofcollection.ForkedTestFileRunner.main(ForkedTestFileRunner.java:171)
Caused by: de.uka.ilkd.key.proof.init.ProofInputException: Could not find rule file rules/intRulesCheckedSemantics.key
	at de.uka.ilkd.key.proof.io.KeYFile.readIncludes(KeYFile.java:210)
	at de.uka.ilkd.key.proof.init.ProblemInitializer.readIncludes(ProblemInitializer.java:177)
	at de.uka.ilkd.key.proof.init.ProblemInitializer.readEnvInput(ProblemInitializer.java:325)
	at de.uka.ilkd.key.proof.init.ProblemInitializer.prepare(ProblemInitializer.java:449)
	at de.uka.ilkd.key.proof.io.AbstractProblemLoader.createInitConfig(AbstractProblemLoader.java:518)
	at de.uka.ilkd.key.proof.io.AbstractProblemLoader.loadEnvironment(AbstractProblemLoader.java:288)
	at de.uka.ilkd.key.proof.io.AbstractProblemLoader.load(AbstractProblemLoader.java:252)
	at de.uka.ilkd.key.control.AbstractUserInterfaceControl.load(AbstractUserInterfaceControl.java:209)
	... 7 more
Caused by: java.lang.RuntimeException: Could not find rule file rules/intRulesCheckedSemantics.key
	at de.uka.ilkd.key.proof.io.RuleSourceFactory.fromBuiltInRule(RuleSourceFactory.java:32)
	at de.uka.ilkd.key.proof.io.RuleSourceFactory.fromDefaultLocation(RuleSourceFactory.java:21)
	at de.uka.ilkd.key.nparser.builder.IncludeFinder.addInclude(IncludeFinder.java:63)
	at de.uka.ilkd.key.nparser.builder.IncludeFinder.visitOne_include(IncludeFinder.java:43)
	at de.uka.ilkd.key.nparser.builder.IncludeFinder.visitOne_include(IncludeFinder.java:20)
	at de.uka.ilkd.key.nparser.KeYParser$One_includeContext.accept(KeYParser.java:878)
	at de.uka.ilkd.key.nparser.builder.AbstractBuilder.lambda$mapOf$0(AbstractBuilder.java:112)
	at java.base/java.util.stream.ReferencePipeline$3$1.accept(ReferencePipeline.java:195)
	at java.base/java.util.ArrayList$ArrayListSpliterator.forEachRemaining(ArrayList.java:1655)
	at java.base/java.util.stream.AbstractPipeline.copyInto(AbstractPipeline.java:484)
	at java.base/java.util.stream.AbstractPipeline.wrapAndCopyInto(AbstractPipeline.java:474)
	at java.base/java.util.stream.ReduceOps$ReduceOp.evaluateSequential(ReduceOps.java:913)
	at java.base/java.util.stream.AbstractPipeline.evaluate(AbstractPipeline.java:234)
	at java.base/java.util.stream.ReferencePipeline.collect(ReferencePipeline.java:578)
	at de.uka.ilkd.key.nparser.builder.AbstractBuilder.mapOf(AbstractBuilder.java:112)
	at de.uka.ilkd.key.nparser.builder.IncludeFinder.visitOne_include_statement(IncludeFinder.java:35)
	at de.uka.ilkd.key.nparser.builder.IncludeFinder.visitOne_include_statement(IncludeFinder.java:20)
	at de.uka.ilkd.key.nparser.KeYParser$One_include_statementContext.accept(KeYParser.java:802)
	at org.antlr.v4.runtime.tree.AbstractParseTreeVisitor.visitChildren(AbstractParseTreeVisitor.java:46)
	at de.uka.ilkd.key.nparser.KeYParserBaseVisitor.visitDecls(KeYParserBaseVisitor.java:30)
	at de.uka.ilkd.key.nparser.KeYParser$DeclsContext.accept(KeYParser.java:500)
	at org.antlr.v4.runtime.tree.AbstractParseTreeVisitor.visitChildren(AbstractParseTreeVisitor.java:46)
	at de.uka.ilkd.key.nparser.KeYParserBaseVisitor.visitFile(KeYParserBaseVisitor.java:23)
	at de.uka.ilkd.key.nparser.KeYParser$FileContext.accept(KeYParser.java:306)
	at de.uka.ilkd.key.nparser.KeyAst.accept(KeyAst.java:41)
	at de.uka.ilkd.key.nparser.KeyAst$File.getIncludes(KeyAst.java:76)
	at de.uka.ilkd.key.proof.io.KeYFile.readIncludes(KeYFile.java:208)
	... 14 more
Could not find rule file rules/intRulesCheckedSemantics.key (file: /home/runner/work/key/key/key.core/../key.ui/examples/index/../InformationFlow/NewObjects/object.AmtoftBanerjee(object.AmtoftBanerjee__getQ()).Non-interference contract.0.m.key; caused by: de.uka.ilkd.key.proof.init.ProofInputException: Could not find rule file rules/intRulesCheckedSemantics.key)
	at de.uka.ilkd.key.control.AbstractUserInterfaceControl.load(AbstractUserInterfaceControl.java:221)
	at de.uka.ilkd.key.control.KeYEnvironment.load(KeYEnvironment.java:251)
	at de.uka.ilkd.key.control.KeYEnvironment.load(KeYEnvironment.java:224)
	at de.uka.ilkd.key.control.KeYEnvironment.load(KeYEnvironment.java:184)
	at de.uka.ilkd.key.control.KeYEnvironment.load(KeYEnvironment.java:261)
	at de.uka.ilkd.key.proof.runallproofs.proofcollection.TestFile.load(TestFile.java:270)
	at de.uka.ilkd.key.proof.runallproofs.proofcollection.TestFile.runKey(TestFile.java:160)
	at de.uka.ilkd.key.proof.runallproofs.proofcollection.ForkedTestFileRunner.main(ForkedTestFileRunner.java:171)
Caused by: de.uka.ilkd.key.proof.init.ProofInputException: Could not find rule file rules/intRulesCheckedSemantics.key
	at de.uka.ilkd.key.proof.io.KeYFile.readIncludes(KeYFile.java:210)
	at de.uka.ilkd.key.proof.init.ProblemInitializer.readIncludes(ProblemInitializer.java:177)
	at de.uka.ilkd.key.proof.init.ProblemInitializer.readEnvInput(ProblemInitializer.java:325)
	at de.uka.ilkd.key.proof.init.ProblemInitializer.prepare(ProblemInitializer.java:449)
	at de.uka.ilkd.key.proof.io.AbstractProblemLoader.createInitConfig(AbstractProblemLoader.java:518)
	at de.uka.ilkd.key.proof.io.AbstractProblemLoader.loadEnvironment(AbstractProblemLoader.java:288)
	at de.uka.ilkd.key.proof.io.AbstractProblemLoader.load(AbstractProblemLoader.java:252)
	at de.uka.ilkd.key.control.AbstractUserInterfaceControl.load(AbstractUserInterfaceControl.java:209)
	... 7 more
Caused by: java.lang.RuntimeException: Could not find rule file rules/intRulesCheckedSemantics.key
	at de.uka.ilkd.key.proof.io.RuleSourceFactory.fromBuiltInRule(RuleSourceFactory.java:32)
	at de.uka.ilkd.key.proof.io.RuleSourceFactory.fromDefaultLocation(RuleSourceFactory.java:21)
	at de.uka.ilkd.key.nparser.builder.IncludeFinder.addInclude(IncludeFinder.java:63)
	at de.uka.ilkd.key.nparser.builder.IncludeFinder.visitOne_include(IncludeFinder.java:43)
	at de.uka.ilkd.key.nparser.builder.IncludeFinder.visitOne_include(IncludeFinder.java:20)
	at de.uka.ilkd.key.nparser.KeYParser$One_includeContext.accept(KeYParser.java:878)
	at de.uka.ilkd.key.nparser.builder.AbstractBuilder.lambda$mapOf$0(AbstractBuilder.java:112)
	at java.base/java.util.stream.ReferencePipeline$3$1.accept(ReferencePipeline.java:195)
	at java.base/java.util.ArrayList$ArrayListSpliterator.forEachRemaining(ArrayList.java:1655)
	at java.base/java.util.stream.AbstractPipeline.copyInto(AbstractPipeline.java:484)
	at java.base/java.util.stream.AbstractPipeline.wrapAndCopyInto(AbstractPipeline.java:474)
	at java.base/java.util.stream.ReduceOps$ReduceOp.evaluateSequential(ReduceOps.java:913)
	at java.base/java.util.stream.AbstractPipeline.evaluate(AbstractPipeline.java:234)
	at java.base/java.util.stream.ReferencePipeline.collect(ReferencePipeline.java:578)
	at de.uka.ilkd.key.nparser.builder.AbstractBuilder.mapOf(AbstractBuilder.java:112)
	at de.uka.ilkd.key.nparser.builder.IncludeFinder.visitOne_include_statement(IncludeFinder.java:35)
	at de.uka.ilkd.key.nparser.builder.IncludeFinder.visitOne_include_statement(IncludeFinder.java:20)
	at de.uka.ilkd.key.nparser.KeYParser$One_include_statementContext.accept(KeYParser.java:802)
	at org.antlr.v4.runtime.tree.AbstractParseTreeVisitor.visitChildren(AbstractParseTreeVisitor.java:46)
	at de.uka.ilkd.key.nparser.KeYParserBaseVisitor.visitDecls(KeYParserBaseVisitor.java:30)
	at de.uka.ilkd.key.nparser.KeYParser$DeclsContext.accept(KeYParser.java:500)
	at org.antlr.v4.runtime.tree.AbstractParseTreeVisitor.visitChildren(AbstractParseTreeVisitor.java:46)
	at de.uka.ilkd.key.nparser.KeYParserBaseVisitor.visitFile(KeYParserBaseVisitor.java:23)
	at de.uka.ilkd.key.nparser.KeYParser$FileContext.accept(KeYParser.java:306)
	at de.uka.ilkd.key.nparser.KeyAst.accept(KeyAst.java:41)
	at de.uka.ilkd.key.nparser.KeyAst$File.getIncludes(KeyAst.java:76)
	at de.uka.ilkd.key.proof.io.KeYFile.readIncludes(KeYFile.java:208)
	... 14 more
Could not find rule file rules/intRulesCheckedSemantics.key (file: /home/runner/work/key/key/key.core/../key.ui/examples/index/../InformationFlow/NewObjects/object.Naumann(object.Naumann__Pair_m(int,int)).Non-interference contract.0.m.key; caused by: de.uka.ilkd.key.proof.init.ProofInputException: Could not find rule file rules/intRulesCheckedSemantics.key)
	at de.uka.ilkd.key.control.AbstractUserInterfaceControl.load(AbstractUserInterfaceControl.java:221)
	at de.uka.ilkd.key.control.KeYEnvironment.load(KeYEnvironment.java:251)
	at de.uka.ilkd.key.control.KeYEnvironment.load(KeYEnvironment.java:224)
	at de.uka.ilkd.key.control.KeYEnvironment.load(KeYEnvironment.java:184)
	at de.uka.ilkd.key.control.KeYEnvironment.load(KeYEnvironment.java:261)
	at de.uka.ilkd.key.proof.runallproofs.proofcollection.TestFile.load(TestFile.java:270)
	at de.uka.ilkd.key.proof.runallproofs.proofcollection.TestFile.runKey(TestFile.java:160)
	at de.uka.ilkd.key.proof.runallproofs.proofcollection.ForkedTestFileRunner.main(ForkedTestFileRunner.java:171)
Caused by: de.uka.ilkd.key.proof.init.ProofInputException: Could not find rule file rules/intRulesCheckedSemantics.key
	at de.uka.ilkd.key.proof.io.KeYFile.readIncludes(KeYFile.java:210)
	at de.uka.ilkd.key.proof.init.ProblemInitializer.readIncludes(ProblemInitializer.java:177)
	at de.uka.ilkd.key.proof.init.ProblemInitializer.readEnvInput(ProblemInitializer.java:325)
	at de.uka.ilkd.key.proof.init.ProblemInitializer.prepare(ProblemInitializer.java:449)
	at de.uka.ilkd.key.proof.io.AbstractProblemLoader.createInitConfig(AbstractProblemLoader.java:518)
	at de.uka.ilkd.key.proof.io.AbstractProblemLoader.loadEnvironment(AbstractProblemLoader.java:288)
	at de.uka.ilkd.key.proof.io.AbstractProblemLoader.load(AbstractProblemLoader.java:252)
	at de.uka.ilkd.key.control.AbstractUserInterfaceControl.load(AbstractUserInterfaceControl.java:209)
	... 7 more
Caused by: java.lang.RuntimeException: Could not find rule file rules/intRulesCheckedSemantics.key
	at de.uka.ilkd.key.proof.io.RuleSourceFactory.fromBuiltInRule(RuleSourceFactory.java:32)
	at de.uka.ilkd.key.proof.io.RuleSourceFactory.fromDefaultLocation(RuleSourceFactory.java:21)
	at de.uka.ilkd.key.nparser.builder.IncludeFinder.addInclude(IncludeFinder.java:63)
	at de.uka.ilkd.key.nparser.builder.IncludeFinder.visitOne_include(IncludeFinder.java:43)
	at de.uka.ilkd.key.nparser.builder.IncludeFinder.visitOne_include(IncludeFinder.java:20)
	at de.uka.ilkd.key.nparser.KeYParser$One_includeContext.accept(KeYParser.java:878)
	at de.uka.ilkd.key.nparser.builder.AbstractBuilder.lambda$mapOf$0(AbstractBuilder.java:112)
	at java.base/java.util.stream.ReferencePipeline$3$1.accept(ReferencePipeline.java:195)
	at java.base/java.util.ArrayList$ArrayListSpliterator.forEachRemaining(ArrayList.java:1655)
	at java.base/java.util.stream.AbstractPipeline.copyInto(AbstractPipeline.java:484)
	at java.base/java.util.stream.AbstractPipeline.wrapAndCopyInto(AbstractPipeline.java:474)
	at java.base/java.util.stream.ReduceOps$ReduceOp.evaluateSequential(ReduceOps.java:913)
	at java.base/java.util.stream.AbstractPipeline.evaluate(AbstractPipeline.java:234)
	at java.base/java.util.stream.ReferencePipeline.collect(ReferencePipeline.java:578)
	at de.uka.ilkd.key.nparser.builder.AbstractBuilder.mapOf(AbstractBuilder.java:112)
	at de.uka.ilkd.key.nparser.builder.IncludeFinder.visitOne_include_statement(IncludeFinder.java:35)
	at de.uka.ilkd.key.nparser.builder.IncludeFinder.visitOne_include_statement(IncludeFinder.java:20)
	at de.uka.ilkd.key.nparser.KeYParser$One_include_statementContext.accept(KeYParser.java:802)
	at org.antlr.v4.runtime.tree.AbstractParseTreeVisitor.visitChildren(AbstractParseTreeVisitor.java:46)
	at de.uka.ilkd.key.nparser.KeYParserBaseVisitor.visitDecls(KeYParserBaseVisitor.java:30)
	at de.uka.ilkd.key.nparser.KeYParser$DeclsContext.accept(KeYParser.java:500)
	at org.antlr.v4.runtime.tree.AbstractParseTreeVisitor.visitChildren(AbstractParseTreeVisitor.java:46)
	at de.uka.ilkd.key.nparser.KeYParserBaseVisitor.visitFile(KeYParserBaseVisitor.java:23)
	at de.uka.ilkd.key.nparser.KeYParser$FileContext.accept(KeYParser.java:306)
	at de.uka.ilkd.key.nparser.KeyAst.accept(KeyAst.java:41)
	at de.uka.ilkd.key.nparser.KeyAst$File.getIncludes(KeyAst.java:76)
	at de.uka.ilkd.key.proof.io.KeYFile.readIncludes(KeYFile.java:208)
	... 14 more
Could not find rule file rules/intRulesCheckedSemantics.key (file: /home/runner/work/key/key/key.core/../key.ui/examples/index/../InformationFlow/NewObjects/object.ObjectOrientation(object.ObjectOrientation__secure_while_i((Ljava.lang.Object)).Non-interference contract.0.m.key; caused by: de.uka.ilkd.key.proof.init.ProofInputException: Could not find rule file rules/intRulesCheckedSemantics.key)
	at de.uka.ilkd.key.control.AbstractUserInterfaceControl.load(AbstractUserInterfaceControl.java:221)
	at de.uka.ilkd.key.control.KeYEnvironment.load(KeYEnvironment.java:251)
	at de.uka.ilkd.key.control.KeYEnvironment.load(KeYEnvironment.java:224)
	at de.uka.ilkd.key.control.KeYEnvironment.load(KeYEnvironment.java:184)
	at de.uka.ilkd.key.control.KeYEnvironment.load(KeYEnvironment.java:261)
	at de.uka.ilkd.key.proof.runallproofs.proofcollection.TestFile.load(TestFile.java:270)
	at de.uka.ilkd.key.proof.runallproofs.proofcollection.TestFile.runKey(TestFile.java:160)
	at de.uka.ilkd.key.proof.runallproofs.proofcollection.ForkedTestFileRunner.main(ForkedTestFileRunner.java:171)
Caused by: de.uka.ilkd.key.proof.init.ProofInputException: Could not find rule file rules/intRulesCheckedSemantics.key
	at de.uka.ilkd.key.proof.io.KeYFile.readIncludes(KeYFile.java:210)
	at de.uka.ilkd.key.proof.init.ProblemInitializer.readIncludes(ProblemInitializer.java:177)
	at de.uka.ilkd.key.proof.init.ProblemInitializer.readEnvInput(ProblemInitializer.java:325)
	at de.uka.ilkd.key.proof.init.ProblemInitializer.prepare(ProblemInitializer.java:449)
	at de.uka.ilkd.key.proof.io.AbstractProblemLoader.createInitConfig(AbstractProblemLoader.java:518)
	at de.uka.ilkd.key.proof.io.AbstractProblemLoader.loadEnvironment(AbstractProblemLoader.java:288)
	at de.uka.ilkd.key.proof.io.AbstractProblemLoader.load(AbstractProblemLoader.java:252)
	at de.uka.ilkd.key.control.AbstractUserInterfaceControl.load(AbstractUserInterfaceControl.java:209)
	... 7 more
Caused by: java.lang.RuntimeException: Could not find rule file rules/intRulesCheckedSemantics.key
	at de.uka.ilkd.key.proof.io.RuleSourceFactory.fromBuiltInRule(RuleSourceFactory.java:32)
	at de.uka.ilkd.key.proof.io.RuleSourceFactory.fromDefaultLocation(RuleSourceFactory.java:21)
	at de.uka.ilkd.key.nparser.builder.IncludeFinder.addInclude(IncludeFinder.java:63)
	at de.uka.ilkd.key.nparser.builder.IncludeFinder.visitOne_include(IncludeFinder.java:43)
	at de.uka.ilkd.key.nparser.builder.IncludeFinder.visitOne_include(IncludeFinder.java:20)
	at de.uka.ilkd.key.nparser.KeYParser$One_includeContext.accept(KeYParser.java:878)
	at de.uka.ilkd.key.nparser.builder.AbstractBuilder.lambda$mapOf$0(AbstractBuilder.java:112)
	at java.base/java.util.stream.ReferencePipeline$3$1.accept(ReferencePipeline.java:195)
	at java.base/java.util.ArrayList$ArrayListSpliterator.forEachRemaining(ArrayList.java:1655)
	at java.base/java.util.stream.AbstractPipeline.copyInto(AbstractPipeline.java:484)
	at java.base/java.util.stream.AbstractPipeline.wrapAndCopyInto(AbstractPipeline.java:474)
	at java.base/java.util.stream.ReduceOps$ReduceOp.evaluateSequential(ReduceOps.java:913)
	at java.base/java.util.stream.AbstractPipeline.evaluate(AbstractPipeline.java:234)
	at java.base/java.util.stream.ReferencePipeline.collect(ReferencePipeline.java:578)
	at de.uka.ilkd.key.nparser.builder.AbstractBuilder.mapOf(AbstractBuilder.java:112)
	at de.uka.ilkd.key.nparser.builder.IncludeFinder.visitOne_include_statement(IncludeFinder.java:35)
	at de.uka.ilkd.key.nparser.builder.IncludeFinder.visitOne_include_statement(IncludeFinder.java:20)
	at de.uka.ilkd.key.nparser.KeYParser$One_include_statementContext.accept(KeYParser.java:802)
	at org.antlr.v4.runtime.tree.AbstractParseTreeVisitor.visitChildren(AbstractParseTreeVisitor.java:46)
	at de.uka.ilkd.key.nparser.KeYParserBaseVisitor.visitDecls(KeYParserBaseVisitor.java:30)
	at de.uka.ilkd.key.nparser.KeYParser$DeclsContext.accept(KeYParser.java:500)
	at org.antlr.v4.runtime.tree.AbstractParseTreeVisitor.visitChildren(AbstractParseTreeVisitor.java:46)
	at de.uka.ilkd.key.nparser.KeYParserBaseVisitor.visitFile(KeYParserBaseVisitor.java:23)
	at de.uka.ilkd.key.nparser.KeYParser$FileContext.accept(KeYParser.java:306)
	at de.uka.ilkd.key.nparser.KeyAst.accept(KeyAst.java:41)
	at de.uka.ilkd.key.nparser.KeyAst$File.getIncludes(KeyAst.java:76)
	at de.uka.ilkd.key.proof.io.KeYFile.readIncludes(KeYFile.java:208)
	... 14 more
Could not find rule file rules/intRulesCheckedSemantics.key (file: /home/runner/work/key/key/key.core/../key.ui/examples/index/../InformationFlow/NewObjects/object.ObjectOrientation(object.ObjectOrientation__secure_method_call()).Non-interference contract.0.m.key; caused by: de.uka.ilkd.key.proof.init.ProofInputException: Could not find rule file rules/intRulesCheckedSemantics.key)
	at de.uka.ilkd.key.control.AbstractUserInterfaceControl.load(AbstractUserInterfaceControl.java:221)
	at de.uka.ilkd.key.control.KeYEnvironment.load(KeYEnvironment.java:251)
	at de.uka.ilkd.key.control.KeYEnvironment.load(KeYEnvironment.java:224)
	at de.uka.ilkd.key.control.KeYEnvironment.load(KeYEnvironment.java:184)
	at de.uka.ilkd.key.control.KeYEnvironment.load(KeYEnvironment.java:261)
	at de.uka.ilkd.key.proof.runallproofs.proofcollection.TestFile.load(TestFile.java:270)
	at de.uka.ilkd.key.proof.runallproofs.proofcollection.TestFile.runKey(TestFile.java:160)
	at de.uka.ilkd.key.proof.runallproofs.proofcollection.ForkedTestFileRunner.main(ForkedTestFileRunner.java:171)
Caused by: de.uka.ilkd.key.proof.init.ProofInputException: Could not find rule file rules/intRulesCheckedSemantics.key
	at de.uka.ilkd.key.proof.io.KeYFile.readIncludes(KeYFile.java:210)
	at de.uka.ilkd.key.proof.init.ProblemInitializer.readIncludes(ProblemInitializer.java:177)
	at de.uka.ilkd.key.proof.init.ProblemInitializer.readEnvInput(ProblemInitializer.java:325)
	at de.uka.ilkd.key.proof.init.ProblemInitializer.prepare(ProblemInitializer.java:449)
	at de.uka.ilkd.key.proof.io.AbstractProblemLoader.createInitConfig(AbstractProblemLoader.java:518)
	at de.uka.ilkd.key.proof.io.AbstractProblemLoader.loadEnvironment(AbstractProblemLoader.java:288)
	at de.uka.ilkd.key.proof.io.AbstractProblemLoader.load(AbstractProblemLoader.java:252)
	at de.uka.ilkd.key.control.AbstractUserInterfaceControl.load(AbstractUserInterfaceControl.java:209)
	... 7 more
Caused by: java.lang.RuntimeException: Could not find rule file rules/intRulesCheckedSemantics.key
	at de.uka.ilkd.key.proof.io.RuleSourceFactory.fromBuiltInRule(RuleSourceFactory.java:32)
	at de.uka.ilkd.key.proof.io.RuleSourceFactory.fromDefaultLocation(RuleSourceFactory.java:21)
	at de.uka.ilkd.key.nparser.builder.IncludeFinder.addInclude(IncludeFinder.java:63)
	at de.uka.ilkd.key.nparser.builder.IncludeFinder.visitOne_include(IncludeFinder.java:43)
	at de.uka.ilkd.key.nparser.builder.IncludeFinder.visitOne_include(IncludeFinder.java:20)
	at de.uka.ilkd.key.nparser.KeYParser$One_includeContext.accept(KeYParser.java:878)
	at de.uka.ilkd.key.nparser.builder.AbstractBuilder.lambda$mapOf$0(AbstractBuilder.java:112)
	at java.base/java.util.stream.ReferencePipeline$3$1.accept(ReferencePipeline.java:195)
	at java.base/java.util.ArrayList$ArrayListSpliterator.forEachRemaining(ArrayList.java:1655)
	at java.base/java.util.stream.AbstractPipeline.copyInto(AbstractPipeline.java:484)
	at java.base/java.util.stream.AbstractPipeline.wrapAndCopyInto(AbstractPipeline.java:474)
	at java.base/java.util.stream.ReduceOps$ReduceOp.evaluateSequential(ReduceOps.java:913)
	at java.base/java.util.stream.AbstractPipeline.evaluate(AbstractPipeline.java:234)
	at java.base/java.util.stream.ReferencePipeline.collect(ReferencePipeline.java:578)
	at de.uka.ilkd.key.nparser.builder.AbstractBuilder.mapOf(AbstractBuilder.java:112)
	at de.uka.ilkd.key.nparser.builder.IncludeFinder.visitOne_include_statement(IncludeFinder.java:35)
	at de.uka.ilkd.key.nparser.builder.IncludeFinder.visitOne_include_statement(IncludeFinder.java:20)
	at de.uka.ilkd.key.nparser.KeYParser$One_include_statementContext.accept(KeYParser.java:802)
	at org.antlr.v4.runtime.tree.AbstractParseTreeVisitor.visitChildren(AbstractParseTreeVisitor.java:46)
	at de.uka.ilkd.key.nparser.KeYParserBaseVisitor.visitDecls(KeYParserBaseVisitor.java:30)
	at de.uka.ilkd.key.nparser.KeYParser$DeclsContext.accept(KeYParser.java:500)
	at org.antlr.v4.runtime.tree.AbstractParseTreeVisitor.visitChildren(AbstractParseTreeVisitor.java:46)
	at de.uka.ilkd.key.nparser.KeYParserBaseVisitor.visitFile(KeYParserBaseVisitor.java:23)
	at de.uka.ilkd.key.nparser.KeYParser$FileContext.accept(KeYParser.java:306)
	at de.uka.ilkd.key.nparser.KeyAst.accept(KeyAst.java:41)
	at de.uka.ilkd.key.nparser.KeyAst$File.getIncludes(KeyAst.java:76)
	at de.uka.ilkd.key.proof.io.KeYFile.readIncludes(KeYFile.java:208)
	... 14 more
Could not find rule file rules/intRulesCheckedSemantics.key (file: /home/runner/work/key/key/key.core/../key.ui/examples/index/../InformationFlow/NewObjects/object.ObjectOrientation(object.ObjectOrientation__if_two_object_creation_next()).Non-interference contract.1.m.key; caused by: de.uka.ilkd.key.proof.init.ProofInputException: Could not find rule file rules/intRulesCheckedSemantics.key)
	at de.uka.ilkd.key.control.AbstractUserInterfaceControl.load(AbstractUserInterfaceControl.java:221)
	at de.uka.ilkd.key.control.KeYEnvironment.load(KeYEnvironment.java:251)
	at de.uka.ilkd.key.control.KeYEnvironment.load(KeYEnvironment.java:224)
	at de.uka.ilkd.key.control.KeYEnvironment.load(KeYEnvironment.java:184)
	at de.uka.ilkd.key.control.KeYEnvironment.load(KeYEnvironment.java:261)
	at de.uka.ilkd.key.proof.runallproofs.proofcollection.TestFile.load(TestFile.java:270)
	at de.uka.ilkd.key.proof.runallproofs.proofcollection.TestFile.runKey(TestFile.java:160)
	at de.uka.ilkd.key.proof.runallproofs.proofcollection.ForkedTestFileRunner.main(ForkedTestFileRunner.java:171)
Caused by: de.uka.ilkd.key.proof.init.ProofInputException: Could not find rule file rules/intRulesCheckedSemantics.key
	at de.uka.ilkd.key.proof.io.KeYFile.readIncludes(KeYFile.java:210)
	at de.uka.ilkd.key.proof.init.ProblemInitializer.readIncludes(ProblemInitializer.java:177)
	at de.uka.ilkd.key.proof.init.ProblemInitializer.readEnvInput(ProblemInitializer.java:325)
	at de.uka.ilkd.key.proof.init.ProblemInitializer.prepare(ProblemInitializer.java:449)
	at de.uka.ilkd.key.proof.io.AbstractProblemLoader.createInitConfig(AbstractProblemLoader.java:518)
	at de.uka.ilkd.key.proof.io.AbstractProblemLoader.loadEnvironment(AbstractProblemLoader.java:288)
	at de.uka.ilkd.key.proof.io.AbstractProblemLoader.load(AbstractProblemLoader.java:252)
	at de.uka.ilkd.key.control.AbstractUserInterfaceControl.load(AbstractUserInterfaceControl.java:209)
	... 7 more
Caused by: java.lang.RuntimeException: Could not find rule file rules/intRulesCheckedSemantics.key
	at de.uka.ilkd.key.proof.io.RuleSourceFactory.fromBuiltInRule(RuleSourceFactory.java:32)
	at de.uka.ilkd.key.proof.io.RuleSourceFactory.fromDefaultLocation(RuleSourceFactory.java:21)
	at de.uka.ilkd.key.nparser.builder.IncludeFinder.addInclude(IncludeFinder.java:63)
	at de.uka.ilkd.key.nparser.builder.IncludeFinder.visitOne_include(IncludeFinder.java:43)
	at de.uka.ilkd.key.nparser.builder.IncludeFinder.visitOne_include(IncludeFinder.java:20)
	at de.uka.ilkd.key.nparser.KeYParser$One_includeContext.accept(KeYParser.java:878)
	at de.uka.ilkd.key.nparser.builder.AbstractBuilder.lambda$mapOf$0(AbstractBuilder.java:112)
	at java.base/java.util.stream.ReferencePipeline$3$1.accept(ReferencePipeline.java:195)
	at java.base/java.util.ArrayList$ArrayListSpliterator.forEachRemaining(ArrayList.java:1655)
	at java.base/java.util.stream.AbstractPipeline.copyInto(AbstractPipeline.java:484)
	at java.base/java.util.stream.AbstractPipeline.wrapAndCopyInto(AbstractPipeline.java:474)
	at java.base/java.util.stream.ReduceOps$ReduceOp.evaluateSequential(ReduceOps.java:913)
	at java.base/java.util.stream.AbstractPipeline.evaluate(AbstractPipeline.java:234)
	at java.base/java.util.stream.ReferencePipeline.collect(ReferencePipeline.java:578)
	at de.uka.ilkd.key.nparser.builder.AbstractBuilder.mapOf(AbstractBuilder.java:112)
	at de.uka.ilkd.key.nparser.builder.IncludeFinder.visitOne_include_statement(IncludeFinder.java:35)
	at de.uka.ilkd.key.nparser.builder.IncludeFinder.visitOne_include_statement(IncludeFinder.java:20)
	at de.uka.ilkd.key.nparser.KeYParser$One_include_statementContext.accept(KeYParser.java:802)
	at org.antlr.v4.runtime.tree.AbstractParseTreeVisitor.visitChildren(AbstractParseTreeVisitor.java:46)
	at de.uka.ilkd.key.nparser.KeYParserBaseVisitor.visitDecls(KeYParserBaseVisitor.java:30)
	at de.uka.ilkd.key.nparser.KeYParser$DeclsContext.accept(KeYParser.java:500)
	at org.antlr.v4.runtime.tree.AbstractParseTreeVisitor.visitChildren(AbstractParseTreeVisitor.java:46)
	at de.uka.ilkd.key.nparser.KeYParserBaseVisitor.visitFile(KeYParserBaseVisitor.java:23)
	at de.uka.ilkd.key.nparser.KeYParser$FileContext.accept(KeYParser.java:306)
	at de.uka.ilkd.key.nparser.KeyAst.accept(KeyAst.java:41)
	at de.uka.ilkd.key.nparser.KeyAst$File.getIncludes(KeyAst.java:76)
	at de.uka.ilkd.key.proof.io.KeYFile.readIncludes(KeYFile.java:208)
	... 14 more
Could not find rule file rules/intRulesCheckedSemantics.key (file: /home/runner/work/key/key/key.core/../key.ui/examples/index/../InformationFlow/NewObjects/object.ObjectOrientation(object.ObjectOrientation__if_two_object_creation_next()).Non-interference contract.0.m.key; caused by: de.uka.ilkd.key.proof.init.ProofInputException: Could not find rule file rules/intRulesCheckedSemantics.key)
	at de.uka.ilkd.key.control.AbstractUserInterfaceControl.load(AbstractUserInterfaceControl.java:221)
	at de.uka.ilkd.key.control.KeYEnvironment.load(KeYEnvironment.java:251)
	at de.uka.ilkd.key.control.KeYEnvironment.load(KeYEnvironment.java:224)
	at de.uka.ilkd.key.control.KeYEnvironment.load(KeYEnvironment.java:184)
	at de.uka.ilkd.key.control.KeYEnvironment.load(KeYEnvironment.java:261)
	at de.uka.ilkd.key.proof.runallproofs.proofcollection.TestFile.load(TestFile.java:270)
	at de.uka.ilkd.key.proof.runallproofs.proofcollection.TestFile.runKey(TestFile.java:160)
	at de.uka.ilkd.key.proof.runallproofs.proofcollection.ForkedTestFileRunner.main(ForkedTestFileRunner.java:171)
Caused by: de.uka.ilkd.key.proof.init.ProofInputException: Could not find rule file rules/intRulesCheckedSemantics.key
	at de.uka.ilkd.key.proof.io.KeYFile.readIncludes(KeYFile.java:210)
	at de.uka.ilkd.key.proof.init.ProblemInitializer.readIncludes(ProblemInitializer.java:177)
	at de.uka.ilkd.key.proof.init.ProblemInitializer.readEnvInput(ProblemInitializer.java:325)
	at de.uka.ilkd.key.proof.init.ProblemInitializer.prepare(ProblemInitializer.java:449)
	at de.uka.ilkd.key.proof.io.AbstractProblemLoader.createInitConfig(AbstractProblemLoader.java:518)
	at de.uka.ilkd.key.proof.io.AbstractProblemLoader.loadEnvironment(AbstractProblemLoader.java:288)
	at de.uka.ilkd.key.proof.io.AbstractProblemLoader.load(AbstractProblemLoader.java:252)
	at de.uka.ilkd.key.control.AbstractUserInterfaceControl.load(AbstractUserInterfaceControl.java:209)
	... 7 more
Caused by: java.lang.RuntimeException: Could not find rule file rules/intRulesCheckedSemantics.key
	at de.uka.ilkd.key.proof.io.RuleSourceFactory.fromBuiltInRule(RuleSourceFactory.java:32)
	at de.uka.ilkd.key.proof.io.RuleSourceFactory.fromDefaultLocation(RuleSourceFactory.java:21)
	at de.uka.ilkd.key.nparser.builder.IncludeFinder.addInclude(IncludeFinder.java:63)
	at de.uka.ilkd.key.nparser.builder.IncludeFinder.visitOne_include(IncludeFinder.java:43)
	at de.uka.ilkd.key.nparser.builder.IncludeFinder.visitOne_include(IncludeFinder.java:20)
	at de.uka.ilkd.key.nparser.KeYParser$One_includeContext.accept(KeYParser.java:878)
	at de.uka.ilkd.key.nparser.builder.AbstractBuilder.lambda$mapOf$0(AbstractBuilder.java:112)
	at java.base/java.util.stream.ReferencePipeline$3$1.accept(ReferencePipeline.java:195)
	at java.base/java.util.ArrayList$ArrayListSpliterator.forEachRemaining(ArrayList.java:1655)
	at java.base/java.util.stream.AbstractPipeline.copyInto(AbstractPipeline.java:484)
	at java.base/java.util.stream.AbstractPipeline.wrapAndCopyInto(AbstractPipeline.java:474)
	at java.base/java.util.stream.ReduceOps$ReduceOp.evaluateSequential(ReduceOps.java:913)
	at java.base/java.util.stream.AbstractPipeline.evaluate(AbstractPipeline.java:234)
	at java.base/java.util.stream.ReferencePipeline.collect(ReferencePipeline.java:578)
	at de.uka.ilkd.key.nparser.builder.AbstractBuilder.mapOf(AbstractBuilder.java:112)
	at de.uka.ilkd.key.nparser.builder.IncludeFinder.visitOne_include_statement(IncludeFinder.java:35)
	at de.uka.ilkd.key.nparser.builder.IncludeFinder.visitOne_include_statement(IncludeFinder.java:20)
	at de.uka.ilkd.key.nparser.KeYParser$One_include_statementContext.accept(KeYParser.java:802)
	at org.antlr.v4.runtime.tree.AbstractParseTreeVisitor.visitChildren(AbstractParseTreeVisitor.java:46)
	at de.uka.ilkd.key.nparser.KeYParserBaseVisitor.visitDecls(KeYParserBaseVisitor.java:30)
	at de.uka.ilkd.key.nparser.KeYParser$DeclsContext.accept(KeYParser.java:500)
	at org.antlr.v4.runtime.tree.AbstractParseTreeVisitor.visitChildren(AbstractParseTreeVisitor.java:46)
	at de.uka.ilkd.key.nparser.KeYParserBaseVisitor.visitFile(KeYParserBaseVisitor.java:23)
	at de.uka.ilkd.key.nparser.KeYParser$FileContext.accept(KeYParser.java:306)
	at de.uka.ilkd.key.nparser.KeyAst.accept(KeyAst.java:41)
	at de.uka.ilkd.key.nparser.KeyAst$File.getIncludes(KeyAst.java:76)
	at de.uka.ilkd.key.proof.io.KeYFile.readIncludes(KeYFile.java:208)
	... 14 more
Could not find rule file rules/intRulesCheckedSemantics.key (file: /home/runner/work/key/key/key.core/../key.ui/examples/index/../InformationFlow/NewObjects/object.ObjectOrientation(object.ObjectOrientation__secure_if_two_object_creation()).Non-interference contract.0.m.key; caused by: de.uka.ilkd.key.proof.init.ProofInputException: Could not find rule file rules/intRulesCheckedSemantics.key)
	at de.uka.ilkd.key.control.AbstractUserInterfaceControl.load(AbstractUserInterfaceControl.java:221)
	at de.uka.ilkd.key.control.KeYEnvironment.load(KeYEnvironment.java:251)
	at de.uka.ilkd.key.control.KeYEnvironment.load(KeYEnvironment.java:224)
	at de.uka.ilkd.key.control.KeYEnvironment.load(KeYEnvironment.java:184)
	at de.uka.ilkd.key.control.KeYEnvironment.load(KeYEnvironment.java:261)
	at de.uka.ilkd.key.proof.runallproofs.proofcollection.TestFile.load(TestFile.java:270)
	at de.uka.ilkd.key.proof.runallproofs.proofcollection.TestFile.runKey(TestFile.java:160)
	at de.uka.ilkd.key.proof.runallproofs.proofcollection.ForkedTestFileRunner.main(ForkedTestFileRunner.java:171)
Caused by: de.uka.ilkd.key.proof.init.ProofInputException: Could not find rule file rules/intRulesCheckedSemantics.key
	at de.uka.ilkd.key.proof.io.KeYFile.readIncludes(KeYFile.java:210)
	at de.uka.ilkd.key.proof.init.ProblemInitializer.readIncludes(ProblemInitializer.java:177)
	at de.uka.ilkd.key.proof.init.ProblemInitializer.readEnvInput(ProblemInitializer.java:325)
	at de.uka.ilkd.key.proof.init.ProblemInitializer.prepare(ProblemInitializer.java:449)
	at de.uka.ilkd.key.proof.io.AbstractProblemLoader.createInitConfig(AbstractProblemLoader.java:518)
	at de.uka.ilkd.key.proof.io.AbstractProblemLoader.loadEnvironment(AbstractProblemLoader.java:288)
	at de.uka.ilkd.key.proof.io.AbstractProblemLoader.load(AbstractProblemLoader.java:252)
	at de.uka.ilkd.key.control.AbstractUserInterfaceControl.load(AbstractUserInterfaceControl.java:209)
	... 7 more
Caused by: java.lang.RuntimeException: Could not find rule file rules/intRulesCheckedSemantics.key
	at de.uka.ilkd.key.proof.io.RuleSourceFactory.fromBuiltInRule(RuleSourceFactory.java:32)
	at de.uka.ilkd.key.proof.io.RuleSourceFactory.fromDefaultLocation(RuleSourceFactory.java:21)
	at de.uka.ilkd.key.nparser.builder.IncludeFinder.addInclude(IncludeFinder.java:63)
	at de.uka.ilkd.key.nparser.builder.IncludeFinder.visitOne_include(IncludeFinder.java:43)
	at de.uka.ilkd.key.nparser.builder.IncludeFinder.visitOne_include(IncludeFinder.java:20)
	at de.uka.ilkd.key.nparser.KeYParser$One_includeContext.accept(KeYParser.java:878)
	at de.uka.ilkd.key.nparser.builder.AbstractBuilder.lambda$mapOf$0(AbstractBuilder.java:112)
	at java.base/java.util.stream.ReferencePipeline$3$1.accept(ReferencePipeline.java:195)
	at java.base/java.util.ArrayList$ArrayListSpliterator.forEachRemaining(ArrayList.java:1655)
	at java.base/java.util.stream.AbstractPipeline.copyInto(AbstractPipeline.java:484)
	at java.base/java.util.stream.AbstractPipeline.wrapAndCopyInto(AbstractPipeline.java:474)
	at java.base/java.util.stream.ReduceOps$ReduceOp.evaluateSequential(ReduceOps.java:913)
	at java.base/java.util.stream.AbstractPipeline.evaluate(AbstractPipeline.java:234)
	at java.base/java.util.stream.ReferencePipeline.collect(ReferencePipeline.java:578)
	at de.uka.ilkd.key.nparser.builder.AbstractBuilder.mapOf(AbstractBuilder.java:112)
	at de.uka.ilkd.key.nparser.builder.IncludeFinder.visitOne_include_statement(IncludeFinder.java:35)
	at de.uka.ilkd.key.nparser.builder.IncludeFinder.visitOne_include_statement(IncludeFinder.java:20)
	at de.uka.ilkd.key.nparser.KeYParser$One_include_statementContext.accept(KeYParser.java:802)
	at org.antlr.v4.runtime.tree.AbstractParseTreeVisitor.visitChildren(AbstractParseTreeVisitor.java:46)
	at de.uka.ilkd.key.nparser.KeYParserBaseVisitor.visitDecls(KeYParserBaseVisitor.java:30)
	at de.uka.ilkd.key.nparser.KeYParser$DeclsContext.accept(KeYParser.java:500)
	at org.antlr.v4.runtime.tree.AbstractParseTreeVisitor.visitChildren(AbstractParseTreeVisitor.java:46)
	at de.uka.ilkd.key.nparser.KeYParserBaseVisitor.visitFile(KeYParserBaseVisitor.java:23)
	at de.uka.ilkd.key.nparser.KeYParser$FileContext.accept(KeYParser.java:306)
	at de.uka.ilkd.key.nparser.KeyAst.accept(KeyAst.java:41)
	at de.uka.ilkd.key.nparser.KeyAst$File.getIncludes(KeyAst.java:76)
	at de.uka.ilkd.key.proof.io.KeYFile.readIncludes(KeYFile.java:208)
	... 14 more
Could not find rule file rules/intRulesCheckedSemantics.key (file: /home/runner/work/key/key/key.core/../key.ui/examples/index/../InformationFlow/NewObjects/object.ObjectOrientation(object.ObjectOrientation__insecure_two_object_creation()).Non-interference contract.0.m.key; caused by: de.uka.ilkd.key.proof.init.ProofInputException: Could not find rule file rules/intRulesCheckedSemantics.key)
	at de.uka.ilkd.key.control.AbstractUserInterfaceControl.load(AbstractUserInterfaceControl.java:221)
	at de.uka.ilkd.key.control.KeYEnvironment.load(KeYEnvironment.java:251)
	at de.uka.ilkd.key.control.KeYEnvironment.load(KeYEnvironment.java:224)
	at de.uka.ilkd.key.control.KeYEnvironment.load(KeYEnvironment.java:184)
	at de.uka.ilkd.key.control.KeYEnvironment.load(KeYEnvironment.java:261)
	at de.uka.ilkd.key.proof.runallproofs.proofcollection.TestFile.load(TestFile.java:270)
	at de.uka.ilkd.key.proof.runallproofs.proofcollection.TestFile.runKey(TestFile.java:160)
	at de.uka.ilkd.key.proof.runallproofs.proofcollection.ForkedTestFileRunner.main(ForkedTestFileRunner.java:171)
Caused by: de.uka.ilkd.key.proof.init.ProofInputException: Could not find rule file rules/intRulesCheckedSemantics.key
	at de.uka.ilkd.key.proof.io.KeYFile.readIncludes(KeYFile.java:210)
	at de.uka.ilkd.key.proof.init.ProblemInitializer.readIncludes(ProblemInitializer.java:177)
	at de.uka.ilkd.key.proof.init.ProblemInitializer.readEnvInput(ProblemInitializer.java:325)
	at de.uka.ilkd.key.proof.init.ProblemInitializer.prepare(ProblemInitializer.java:449)
	at de.uka.ilkd.key.proof.io.AbstractProblemLoader.createInitConfig(AbstractProblemLoader.java:518)
	at de.uka.ilkd.key.proof.io.AbstractProblemLoader.loadEnvironment(AbstractProblemLoader.java:288)
	at de.uka.ilkd.key.proof.io.AbstractProblemLoader.load(AbstractProblemLoader.java:252)
	at de.uka.ilkd.key.control.AbstractUserInterfaceControl.load(AbstractUserInterfaceControl.java:209)
	... 7 more
Caused by: java.lang.RuntimeException: Could not find rule file rules/intRulesCheckedSemantics.key
	at de.uka.ilkd.key.proof.io.RuleSourceFactory.fromBuiltInRule(RuleSourceFactory.java:32)
	at de.uka.ilkd.key.proof.io.RuleSourceFactory.fromDefaultLocation(RuleSourceFactory.java:21)
	at de.uka.ilkd.key.nparser.builder.IncludeFinder.addInclude(IncludeFinder.java:63)
	at de.uka.ilkd.key.nparser.builder.IncludeFinder.visitOne_include(IncludeFinder.java:43)
	at de.uka.ilkd.key.nparser.builder.IncludeFinder.visitOne_include(IncludeFinder.java:20)
	at de.uka.ilkd.key.nparser.KeYParser$One_includeContext.accept(KeYParser.java:878)
	at de.uka.ilkd.key.nparser.builder.AbstractBuilder.lambda$mapOf$0(AbstractBuilder.java:112)
	at java.base/java.util.stream.ReferencePipeline$3$1.accept(ReferencePipeline.java:195)
	at java.base/java.util.ArrayList$ArrayListSpliterator.forEachRemaining(ArrayList.java:1655)
	at java.base/java.util.stream.AbstractPipeline.copyInto(AbstractPipeline.java:484)
	at java.base/java.util.stream.AbstractPipeline.wrapAndCopyInto(AbstractPipeline.java:474)
	at java.base/java.util.stream.ReduceOps$ReduceOp.evaluateSequential(ReduceOps.java:913)
	at java.base/java.util.stream.AbstractPipeline.evaluate(AbstractPipeline.java:234)
	at java.base/java.util.stream.ReferencePipeline.collect(ReferencePipeline.java:578)
	at de.uka.ilkd.key.nparser.builder.AbstractBuilder.mapOf(AbstractBuilder.java:112)
	at de.uka.ilkd.key.nparser.builder.IncludeFinder.visitOne_include_statement(IncludeFinder.java:35)
	at de.uka.ilkd.key.nparser.builder.IncludeFinder.visitOne_include_statement(IncludeFinder.java:20)
	at de.uka.ilkd.key.nparser.KeYParser$One_include_statementContext.accept(KeYParser.java:802)
	at org.antlr.v4.runtime.tree.AbstractParseTreeVisitor.visitChildren(AbstractParseTreeVisitor.java:46)
	at de.uka.ilkd.key.nparser.KeYParserBaseVisitor.visitDecls(KeYParserBaseVisitor.java:30)
	at de.uka.ilkd.key.nparser.KeYParser$DeclsContext.accept(KeYParser.java:500)
	at org.antlr.v4.runtime.tree.AbstractParseTreeVisitor.visitChildren(AbstractParseTreeVisitor.java:46)
	at de.uka.ilkd.key.nparser.KeYParserBaseVisitor.visitFile(KeYParserBaseVisitor.java:23)
	at de.uka.ilkd.key.nparser.KeYParser$FileContext.accept(KeYParser.java:306)
	at de.uka.ilkd.key.nparser.KeyAst.accept(KeyAst.java:41)
	at de.uka.ilkd.key.nparser.KeyAst$File.getIncludes(KeyAst.java:76)
	at de.uka.ilkd.key.proof.io.KeYFile.readIncludes(KeYFile.java:208)
	... 14 more
Could not find rule file rules/intRulesCheckedSemantics.key (file: /home/runner/work/key/key/key.core/../key.ui/examples/index/../InformationFlow/NewObjects/object.ObjectOrientation(object.ObjectOrientation__secure_two_object_creation()).Non-interference contract.0.m.key; caused by: de.uka.ilkd.key.proof.init.ProofInputException: Could not find rule file rules/intRulesCheckedSemantics.key)
	at de.uka.ilkd.key.control.AbstractUserInterfaceControl.load(AbstractUserInterfaceControl.java:221)
	at de.uka.ilkd.key.control.KeYEnvironment.load(KeYEnvironment.java:251)
	at de.uka.ilkd.key.control.KeYEnvironment.load(KeYEnvironment.java:224)
	at de.uka.ilkd.key.control.KeYEnvironment.load(KeYEnvironment.java:184)
	at de.uka.ilkd.key.control.KeYEnvironment.load(KeYEnvironment.java:261)
	at de.uka.ilkd.key.proof.runallproofs.proofcollection.TestFile.load(TestFile.java:270)
	at de.uka.ilkd.key.proof.runallproofs.proofcollection.TestFile.runKey(TestFile.java:160)
	at de.uka.ilkd.key.proof.runallproofs.proofcollection.ForkedTestFileRunner.main(ForkedTestFileRunner.java:171)
Caused by: de.uka.ilkd.key.proof.init.ProofInputException: Could not find rule file rules/intRulesCheckedSemantics.key
	at de.uka.ilkd.key.proof.io.KeYFile.readIncludes(KeYFile.java:210)
	at de.uka.ilkd.key.proof.init.ProblemInitializer.readIncludes(ProblemInitializer.java:177)
	at de.uka.ilkd.key.proof.init.ProblemInitializer.readEnvInput(ProblemInitializer.java:325)
	at de.uka.ilkd.key.proof.init.ProblemInitializer.prepare(ProblemInitializer.java:449)
	at de.uka.ilkd.key.proof.io.AbstractProblemLoader.createInitConfig(AbstractProblemLoader.java:518)
	at de.uka.ilkd.key.proof.io.AbstractProblemLoader.loadEnvironment(AbstractProblemLoader.java:288)
	at de.uka.ilkd.key.proof.io.AbstractProblemLoader.load(AbstractProblemLoader.java:252)
	at de.uka.ilkd.key.control.AbstractUserInterfaceControl.load(AbstractUserInterfaceControl.java:209)
	... 7 more
Caused by: java.lang.RuntimeException: Could not find rule file rules/intRulesCheckedSemantics.key
	at de.uka.ilkd.key.proof.io.RuleSourceFactory.fromBuiltInRule(RuleSourceFactory.java:32)
	at de.uka.ilkd.key.proof.io.RuleSourceFactory.fromDefaultLocation(RuleSourceFactory.java:21)
	at de.uka.ilkd.key.nparser.builder.IncludeFinder.addInclude(IncludeFinder.java:63)
	at de.uka.ilkd.key.nparser.builder.IncludeFinder.visitOne_include(IncludeFinder.java:43)
	at de.uka.ilkd.key.nparser.builder.IncludeFinder.visitOne_include(IncludeFinder.java:20)
	at de.uka.ilkd.key.nparser.KeYParser$One_includeContext.accept(KeYParser.java:878)
	at de.uka.ilkd.key.nparser.builder.AbstractBuilder.lambda$mapOf$0(AbstractBuilder.java:112)
	at java.base/java.util.stream.ReferencePipeline$3$1.accept(ReferencePipeline.java:195)
	at java.base/java.util.ArrayList$ArrayListSpliterator.forEachRemaining(ArrayList.java:1655)
	at java.base/java.util.stream.AbstractPipeline.copyInto(AbstractPipeline.java:484)
	at java.base/java.util.stream.AbstractPipeline.wrapAndCopyInto(AbstractPipeline.java:474)
	at java.base/java.util.stream.ReduceOps$ReduceOp.evaluateSequential(ReduceOps.java:913)
	at java.base/java.util.stream.AbstractPipeline.evaluate(AbstractPipeline.java:234)
	at java.base/java.util.stream.ReferencePipeline.collect(ReferencePipeline.java:578)
	at de.uka.ilkd.key.nparser.builder.AbstractBuilder.mapOf(AbstractBuilder.java:112)
	at de.uka.ilkd.key.nparser.builder.IncludeFinder.visitOne_include_statement(IncludeFinder.java:35)
	at de.uka.ilkd.key.nparser.builder.IncludeFinder.visitOne_include_statement(IncludeFinder.java:20)
	at de.uka.ilkd.key.nparser.KeYParser$One_include_statementContext.accept(KeYParser.java:802)
	at org.antlr.v4.runtime.tree.AbstractParseTreeVisitor.visitChildren(AbstractParseTreeVisitor.java:46)
	at de.uka.ilkd.key.nparser.KeYParserBaseVisitor.visitDecls(KeYParserBaseVisitor.java:30)
	at de.uka.ilkd.key.nparser.KeYParser$DeclsContext.accept(KeYParser.java:500)
	at org.antlr.v4.runtime.tree.AbstractParseTreeVisitor.visitChildren(AbstractParseTreeVisitor.java:46)
	at de.uka.ilkd.key.nparser.KeYParserBaseVisitor.visitFile(KeYParserBaseVisitor.java:23)
	at de.uka.ilkd.key.nparser.KeYParser$FileContext.accept(KeYParser.java:306)
	at de.uka.ilkd.key.nparser.KeyAst.accept(KeyAst.java:41)
	at de.uka.ilkd.key.nparser.KeyAst$File.getIncludes(KeyAst.java:76)
	at de.uka.ilkd.key.proof.io.KeYFile.readIncludes(KeYFile.java:208)
	... 14 more
Could not find rule file rules/intRulesCheckedSemantics.key (file: /home/runner/work/key/key/key.core/../key.ui/examples/index/../InformationFlow/NewObjects/object.ObjectOrientation(object.ObjectOrientation__insecure_object_assignment()).Non-interference contract.1.m.key; caused by: de.uka.ilkd.key.proof.init.ProofInputException: Could not find rule file rules/intRulesCheckedSemantics.key)
	at de.uka.ilkd.key.control.AbstractUserInterfaceControl.load(AbstractUserInterfaceControl.java:221)
	at de.uka.ilkd.key.control.KeYEnvironment.load(KeYEnvironment.java:251)
	at de.uka.ilkd.key.control.KeYEnvironment.load(KeYEnvironment.java:224)
	at de.uka.ilkd.key.control.KeYEnvironment.load(KeYEnvironment.java:184)
	at de.uka.ilkd.key.control.KeYEnvironment.load(KeYEnvironment.java:261)
	at de.uka.ilkd.key.proof.runallproofs.proofcollection.TestFile.load(TestFile.java:270)
	at de.uka.ilkd.key.proof.runallproofs.proofcollection.TestFile.runKey(TestFile.java:160)
	at de.uka.ilkd.key.proof.runallproofs.proofcollection.ForkedTestFileRunner.main(ForkedTestFileRunner.java:171)
Caused by: de.uka.ilkd.key.proof.init.ProofInputException: Could not find rule file rules/intRulesCheckedSemantics.key
	at de.uka.ilkd.key.proof.io.KeYFile.readIncludes(KeYFile.java:210)
	at de.uka.ilkd.key.proof.init.ProblemInitializer.readIncludes(ProblemInitializer.java:177)
	at de.uka.ilkd.key.proof.init.ProblemInitializer.readEnvInput(ProblemInitializer.java:325)
	at de.uka.ilkd.key.proof.init.ProblemInitializer.prepare(ProblemInitializer.java:449)
	at de.uka.ilkd.key.proof.io.AbstractProblemLoader.createInitConfig(AbstractProblemLoader.java:518)
	at de.uka.ilkd.key.proof.io.AbstractProblemLoader.loadEnvironment(AbstractProblemLoader.java:288)
	at de.uka.ilkd.key.proof.io.AbstractProblemLoader.load(AbstractProblemLoader.java:252)
	at de.uka.ilkd.key.control.AbstractUserInterfaceControl.load(AbstractUserInterfaceControl.java:209)
	... 7 more
Caused by: java.lang.RuntimeException: Could not find rule file rules/intRulesCheckedSemantics.key
	at de.uka.ilkd.key.proof.io.RuleSourceFactory.fromBuiltInRule(RuleSourceFactory.java:32)
	at de.uka.ilkd.key.proof.io.RuleSourceFactory.fromDefaultLocation(RuleSourceFactory.java:21)
	at de.uka.ilkd.key.nparser.builder.IncludeFinder.addInclude(IncludeFinder.java:63)
	at de.uka.ilkd.key.nparser.builder.IncludeFinder.visitOne_include(IncludeFinder.java:43)
	at de.uka.ilkd.key.nparser.builder.IncludeFinder.visitOne_include(IncludeFinder.java:20)
	at de.uka.ilkd.key.nparser.KeYParser$One_includeContext.accept(KeYParser.java:878)
	at de.uka.ilkd.key.nparser.builder.AbstractBuilder.lambda$mapOf$0(AbstractBuilder.java:112)
	at java.base/java.util.stream.ReferencePipeline$3$1.accept(ReferencePipeline.java:195)
	at java.base/java.util.ArrayList$ArrayListSpliterator.forEachRemaining(ArrayList.java:1655)
	at java.base/java.util.stream.AbstractPipeline.copyInto(AbstractPipeline.java:484)
	at java.base/java.util.stream.AbstractPipeline.wrapAndCopyInto(AbstractPipeline.java:474)
	at java.base/java.util.stream.ReduceOps$ReduceOp.evaluateSequential(ReduceOps.java:913)
	at java.base/java.util.stream.AbstractPipeline.evaluate(AbstractPipeline.java:234)
	at java.base/java.util.stream.ReferencePipeline.collect(ReferencePipeline.java:578)
	at de.uka.ilkd.key.nparser.builder.AbstractBuilder.mapOf(AbstractBuilder.java:112)
	at de.uka.ilkd.key.nparser.builder.IncludeFinder.visitOne_include_statement(IncludeFinder.java:35)
	at de.uka.ilkd.key.nparser.builder.IncludeFinder.visitOne_include_statement(IncludeFinder.java:20)
	at de.uka.ilkd.key.nparser.KeYParser$One_include_statementContext.accept(KeYParser.java:802)
	at org.antlr.v4.runtime.tree.AbstractParseTreeVisitor.visitChildren(AbstractParseTreeVisitor.java:46)
	at de.uka.ilkd.key.nparser.KeYParserBaseVisitor.visitDecls(KeYParserBaseVisitor.java:30)
	at de.uka.ilkd.key.nparser.KeYParser$DeclsContext.accept(KeYParser.java:500)
	at org.antlr.v4.runtime.tree.AbstractParseTreeVisitor.visitChildren(AbstractParseTreeVisitor.java:46)
	at de.uka.ilkd.key.nparser.KeYParserBaseVisitor.visitFile(KeYParserBaseVisitor.java:23)
	at de.uka.ilkd.key.nparser.KeYParser$FileContext.accept(KeYParser.java:306)
	at de.uka.ilkd.key.nparser.KeyAst.accept(KeyAst.java:41)
	at de.uka.ilkd.key.nparser.KeyAst$File.getIncludes(KeyAst.java:76)
	at de.uka.ilkd.key.proof.io.KeYFile.readIncludes(KeYFile.java:208)
	... 14 more
Could not find rule file rules/intRulesCheckedSemantics.key (file: /home/runner/work/key/key/key.core/../key.ui/examples/index/../InformationFlow/NewObjects/object.ObjectOrientation(object.ObjectOrientation__insecure_object_assignment()).Non-interference contract.0.m.key; caused by: de.uka.ilkd.key.proof.init.ProofInputException: Could not find rule file rules/intRulesCheckedSemantics.key)
	at de.uka.ilkd.key.control.AbstractUserInterfaceControl.load(AbstractUserInterfaceControl.java:221)
	at de.uka.ilkd.key.control.KeYEnvironment.load(KeYEnvironment.java:251)
	at de.uka.ilkd.key.control.KeYEnvironment.load(KeYEnvironment.java:224)
	at de.uka.ilkd.key.control.KeYEnvironment.load(KeYEnvironment.java:184)
	at de.uka.ilkd.key.control.KeYEnvironment.load(KeYEnvironment.java:261)
	at de.uka.ilkd.key.proof.runallproofs.proofcollection.TestFile.load(TestFile.java:270)
	at de.uka.ilkd.key.proof.runallproofs.proofcollection.TestFile.runKey(TestFile.java:160)
	at de.uka.ilkd.key.proof.runallproofs.proofcollection.ForkedTestFileRunner.main(ForkedTestFileRunner.java:171)
Caused by: de.uka.ilkd.key.proof.init.ProofInputException: Could not find rule file rules/intRulesCheckedSemantics.key
	at de.uka.ilkd.key.proof.io.KeYFile.readIncludes(KeYFile.java:210)
	at de.uka.ilkd.key.proof.init.ProblemInitializer.readIncludes(ProblemInitializer.java:177)
	at de.uka.ilkd.key.proof.init.ProblemInitializer.readEnvInput(ProblemInitializer.java:325)
	at de.uka.ilkd.key.proof.init.ProblemInitializer.prepare(ProblemInitializer.java:449)
	at de.uka.ilkd.key.proof.io.AbstractProblemLoader.createInitConfig(AbstractProblemLoader.java:518)
	at de.uka.ilkd.key.proof.io.AbstractProblemLoader.loadEnvironment(AbstractProblemLoader.java:288)
	at de.uka.ilkd.key.proof.io.AbstractProblemLoader.load(AbstractProblemLoader.java:252)
	at de.uka.ilkd.key.control.AbstractUserInterfaceControl.load(AbstractUserInterfaceControl.java:209)
	... 7 more
Caused by: java.lang.RuntimeException: Could not find rule file rules/intRulesCheckedSemantics.key
	at de.uka.ilkd.key.proof.io.RuleSourceFactory.fromBuiltInRule(RuleSourceFactory.java:32)
	at de.uka.ilkd.key.proof.io.RuleSourceFactory.fromDefaultLocation(RuleSourceFactory.java:21)
	at de.uka.ilkd.key.nparser.builder.IncludeFinder.addInclude(IncludeFinder.java:63)
	at de.uka.ilkd.key.nparser.builder.IncludeFinder.visitOne_include(IncludeFinder.java:43)
	at de.uka.ilkd.key.nparser.builder.IncludeFinder.visitOne_include(IncludeFinder.java:20)
	at de.uka.ilkd.key.nparser.KeYParser$One_includeContext.accept(KeYParser.java:878)
	at de.uka.ilkd.key.nparser.builder.AbstractBuilder.lambda$mapOf$0(AbstractBuilder.java:112)
	at java.base/java.util.stream.ReferencePipeline$3$1.accept(ReferencePipeline.java:195)
	at java.base/java.util.ArrayList$ArrayListSpliterator.forEachRemaining(ArrayList.java:1655)
	at java.base/java.util.stream.AbstractPipeline.copyInto(AbstractPipeline.java:484)
	at java.base/java.util.stream.AbstractPipeline.wrapAndCopyInto(AbstractPipeline.java:474)
	at java.base/java.util.stream.ReduceOps$ReduceOp.evaluateSequential(ReduceOps.java:913)
	at java.base/java.util.stream.AbstractPipeline.evaluate(AbstractPipeline.java:234)
	at java.base/java.util.stream.ReferencePipeline.collect(ReferencePipeline.java:578)
	at de.uka.ilkd.key.nparser.builder.AbstractBuilder.mapOf(AbstractBuilder.java:112)
	at de.uka.ilkd.key.nparser.builder.IncludeFinder.visitOne_include_statement(IncludeFinder.java:35)
	at de.uka.ilkd.key.nparser.builder.IncludeFinder.visitOne_include_statement(IncludeFinder.java:20)
	at de.uka.ilkd.key.nparser.KeYParser$One_include_statementContext.accept(KeYParser.java:802)
	at org.antlr.v4.runtime.tree.AbstractParseTreeVisitor.visitChildren(AbstractParseTreeVisitor.java:46)
	at de.uka.ilkd.key.nparser.KeYParserBaseVisitor.visitDecls(KeYParserBaseVisitor.java:30)
	at de.uka.ilkd.key.nparser.KeYParser$DeclsContext.accept(KeYParser.java:500)
	at org.antlr.v4.runtime.tree.AbstractParseTreeVisitor.visitChildren(AbstractParseTreeVisitor.java:46)
	at de.uka.ilkd.key.nparser.KeYParserBaseVisitor.visitFile(KeYParserBaseVisitor.java:23)
	at de.uka.ilkd.key.nparser.KeYParser$FileContext.accept(KeYParser.java:306)
	at de.uka.ilkd.key.nparser.KeyAst.accept(KeyAst.java:41)
	at de.uka.ilkd.key.nparser.KeyAst$File.getIncludes(KeyAst.java:76)
	at de.uka.ilkd.key.proof.io.KeYFile.readIncludes(KeYFile.java:208)
	... 14 more
Could not find rule file rules/intRulesCheckedSemantics.key (file: /home/runner/work/key/key/key.core/../key.ui/examples/index/../InformationFlow/NewObjects/object.ObjectOrientation(object.ObjectOrientation__secure_object_creation_3()).Non-interference contract.0.m.key; caused by: de.uka.ilkd.key.proof.init.ProofInputException: Could not find rule file rules/intRulesCheckedSemantics.key)
	at de.uka.ilkd.key.control.AbstractUserInterfaceControl.load(AbstractUserInterfaceControl.java:221)
	at de.uka.ilkd.key.control.KeYEnvironment.load(KeYEnvironment.java:251)
	at de.uka.ilkd.key.control.KeYEnvironment.load(KeYEnvironment.java:224)
	at de.uka.ilkd.key.control.KeYEnvironment.load(KeYEnvironment.java:184)
	at de.uka.ilkd.key.control.KeYEnvironment.load(KeYEnvironment.java:261)
	at de.uka.ilkd.key.proof.runallproofs.proofcollection.TestFile.load(TestFile.java:270)
	at de.uka.ilkd.key.proof.runallproofs.proofcollection.TestFile.runKey(TestFile.java:160)
	at de.uka.ilkd.key.proof.runallproofs.proofcollection.ForkedTestFileRunner.main(ForkedTestFileRunner.java:171)
Caused by: de.uka.ilkd.key.proof.init.ProofInputException: Could not find rule file rules/intRulesCheckedSemantics.key
	at de.uka.ilkd.key.proof.io.KeYFile.readIncludes(KeYFile.java:210)
	at de.uka.ilkd.key.proof.init.ProblemInitializer.readIncludes(ProblemInitializer.java:177)
	at de.uka.ilkd.key.proof.init.ProblemInitializer.readEnvInput(ProblemInitializer.java:325)
	at de.uka.ilkd.key.proof.init.ProblemInitializer.prepare(ProblemInitializer.java:449)
	at de.uka.ilkd.key.proof.io.AbstractProblemLoader.createInitConfig(AbstractProblemLoader.java:518)
	at de.uka.ilkd.key.proof.io.AbstractProblemLoader.loadEnvironment(AbstractProblemLoader.java:288)
	at de.uka.ilkd.key.proof.io.AbstractProblemLoader.load(AbstractProblemLoader.java:252)
	at de.uka.ilkd.key.control.AbstractUserInterfaceControl.load(AbstractUserInterfaceControl.java:209)
	... 7 more
Caused by: java.lang.RuntimeException: Could not find rule file rules/intRulesCheckedSemantics.key
	at de.uka.ilkd.key.proof.io.RuleSourceFactory.fromBuiltInRule(RuleSourceFactory.java:32)
	at de.uka.ilkd.key.proof.io.RuleSourceFactory.fromDefaultLocation(RuleSourceFactory.java:21)
	at de.uka.ilkd.key.nparser.builder.IncludeFinder.addInclude(IncludeFinder.java:63)
	at de.uka.ilkd.key.nparser.builder.IncludeFinder.visitOne_include(IncludeFinder.java:43)
	at de.uka.ilkd.key.nparser.builder.IncludeFinder.visitOne_include(IncludeFinder.java:20)
	at de.uka.ilkd.key.nparser.KeYParser$One_includeContext.accept(KeYParser.java:878)
	at de.uka.ilkd.key.nparser.builder.AbstractBuilder.lambda$mapOf$0(AbstractBuilder.java:112)
	at java.base/java.util.stream.ReferencePipeline$3$1.accept(ReferencePipeline.java:195)
	at java.base/java.util.ArrayList$ArrayListSpliterator.forEachRemaining(ArrayList.java:1655)
	at java.base/java.util.stream.AbstractPipeline.copyInto(AbstractPipeline.java:484)
	at java.base/java.util.stream.AbstractPipeline.wrapAndCopyInto(AbstractPipeline.java:474)
	at java.base/java.util.stream.ReduceOps$ReduceOp.evaluateSequential(ReduceOps.java:913)
	at java.base/java.util.stream.AbstractPipeline.evaluate(AbstractPipeline.java:234)
	at java.base/java.util.stream.ReferencePipeline.collect(ReferencePipeline.java:578)
	at de.uka.ilkd.key.nparser.builder.AbstractBuilder.mapOf(AbstractBuilder.java:112)
	at de.uka.ilkd.key.nparser.builder.IncludeFinder.visitOne_include_statement(IncludeFinder.java:35)
	at de.uka.ilkd.key.nparser.builder.IncludeFinder.visitOne_include_statement(IncludeFinder.java:20)
	at de.uka.ilkd.key.nparser.KeYParser$One_include_statementContext.accept(KeYParser.java:802)
	at org.antlr.v4.runtime.tree.AbstractParseTreeVisitor.visitChildren(AbstractParseTreeVisitor.java:46)
	at de.uka.ilkd.key.nparser.KeYParserBaseVisitor.visitDecls(KeYParserBaseVisitor.java:30)
	at de.uka.ilkd.key.nparser.KeYParser$DeclsContext.accept(KeYParser.java:500)
	at org.antlr.v4.runtime.tree.AbstractParseTreeVisitor.visitChildren(AbstractParseTreeVisitor.java:46)
	at de.uka.ilkd.key.nparser.KeYParserBaseVisitor.visitFile(KeYParserBaseVisitor.java:23)
	at de.uka.ilkd.key.nparser.KeYParser$FileContext.accept(KeYParser.java:306)
	at de.uka.ilkd.key.nparser.KeyAst.accept(KeyAst.java:41)
	at de.uka.ilkd.key.nparser.KeyAst$File.getIncludes(KeyAst.java:76)
	at de.uka.ilkd.key.proof.io.KeYFile.readIncludes(KeYFile.java:208)
	... 14 more
Could not find rule file rules/intRulesCheckedSemantics.key (file: /home/runner/work/key/key/key.core/../key.ui/examples/index/../InformationFlow/NewObjects/object.ObjectOrientation(object.ObjectOrientation__secure_object_creation_2()).Non-interference contract.0.m.key; caused by: de.uka.ilkd.key.proof.init.ProofInputException: Could not find rule file rules/intRulesCheckedSemantics.key)
	at de.uka.ilkd.key.control.AbstractUserInterfaceControl.load(AbstractUserInterfaceControl.java:221)
	at de.uka.ilkd.key.control.KeYEnvironment.load(KeYEnvironment.java:251)
	at de.uka.ilkd.key.control.KeYEnvironment.load(KeYEnvironment.java:224)
	at de.uka.ilkd.key.control.KeYEnvironment.load(KeYEnvironment.java:184)
	at de.uka.ilkd.key.control.KeYEnvironment.load(KeYEnvironment.java:261)
	at de.uka.ilkd.key.proof.runallproofs.proofcollection.TestFile.load(TestFile.java:270)
	at de.uka.ilkd.key.proof.runallproofs.proofcollection.TestFile.runKey(TestFile.java:160)
	at de.uka.ilkd.key.proof.runallproofs.proofcollection.ForkedTestFileRunner.main(ForkedTestFileRunner.java:171)
Caused by: de.uka.ilkd.key.proof.init.ProofInputException: Could not find rule file rules/intRulesCheckedSemantics.key
	at de.uka.ilkd.key.proof.io.KeYFile.readIncludes(KeYFile.java:210)
	at de.uka.ilkd.key.proof.init.ProblemInitializer.readIncludes(ProblemInitializer.java:177)
	at de.uka.ilkd.key.proof.init.ProblemInitializer.readEnvInput(ProblemInitializer.java:325)
	at de.uka.ilkd.key.proof.init.ProblemInitializer.prepare(ProblemInitializer.java:449)
	at de.uka.ilkd.key.proof.io.AbstractProblemLoader.createInitConfig(AbstractProblemLoader.java:518)
	at de.uka.ilkd.key.proof.io.AbstractProblemLoader.loadEnvironment(AbstractProblemLoader.java:288)
	at de.uka.ilkd.key.proof.io.AbstractProblemLoader.load(AbstractProblemLoader.java:252)
	at de.uka.ilkd.key.control.AbstractUserInterfaceControl.load(AbstractUserInterfaceControl.java:209)
	... 7 more
Caused by: java.lang.RuntimeException: Could not find rule file rules/intRulesCheckedSemantics.key
	at de.uka.ilkd.key.proof.io.RuleSourceFactory.fromBuiltInRule(RuleSourceFactory.java:32)
	at de.uka.ilkd.key.proof.io.RuleSourceFactory.fromDefaultLocation(RuleSourceFactory.java:21)
	at de.uka.ilkd.key.nparser.builder.IncludeFinder.addInclude(IncludeFinder.java:63)
	at de.uka.ilkd.key.nparser.builder.IncludeFinder.visitOne_include(IncludeFinder.java:43)
	at de.uka.ilkd.key.nparser.builder.IncludeFinder.visitOne_include(IncludeFinder.java:20)
	at de.uka.ilkd.key.nparser.KeYParser$One_includeContext.accept(KeYParser.java:878)
	at de.uka.ilkd.key.nparser.builder.AbstractBuilder.lambda$mapOf$0(AbstractBuilder.java:112)
	at java.base/java.util.stream.ReferencePipeline$3$1.accept(ReferencePipeline.java:195)
	at java.base/java.util.ArrayList$ArrayListSpliterator.forEachRemaining(ArrayList.java:1655)
	at java.base/java.util.stream.AbstractPipeline.copyInto(AbstractPipeline.java:484)
	at java.base/java.util.stream.AbstractPipeline.wrapAndCopyInto(AbstractPipeline.java:474)
	at java.base/java.util.stream.ReduceOps$ReduceOp.evaluateSequential(ReduceOps.java:913)
	at java.base/java.util.stream.AbstractPipeline.evaluate(AbstractPipeline.java:234)
	at java.base/java.util.stream.ReferencePipeline.collect(ReferencePipeline.java:578)
	at de.uka.ilkd.key.nparser.builder.AbstractBuilder.mapOf(AbstractBuilder.java:112)
	at de.uka.ilkd.key.nparser.builder.IncludeFinder.visitOne_include_statement(IncludeFinder.java:35)
	at de.uka.ilkd.key.nparser.builder.IncludeFinder.visitOne_include_statement(IncludeFinder.java:20)
	at de.uka.ilkd.key.nparser.KeYParser$One_include_statementContext.accept(KeYParser.java:802)
	at org.antlr.v4.runtime.tree.AbstractParseTreeVisitor.visitChildren(AbstractParseTreeVisitor.java:46)
	at de.uka.ilkd.key.nparser.KeYParserBaseVisitor.visitDecls(KeYParserBaseVisitor.java:30)
	at de.uka.ilkd.key.nparser.KeYParser$DeclsContext.accept(KeYParser.java:500)
	at org.antlr.v4.runtime.tree.AbstractParseTreeVisitor.visitChildren(AbstractParseTreeVisitor.java:46)
	at de.uka.ilkd.key.nparser.KeYParserBaseVisitor.visitFile(KeYParserBaseVisitor.java:23)
	at de.uka.ilkd.key.nparser.KeYParser$FileContext.accept(KeYParser.java:306)
	at de.uka.ilkd.key.nparser.KeyAst.accept(KeyAst.java:41)
	at de.uka.ilkd.key.nparser.KeyAst$File.getIncludes(KeyAst.java:76)
	at de.uka.ilkd.key.proof.io.KeYFile.readIncludes(KeYFile.java:208)
	... 14 more
Could not find rule file rules/intRulesCheckedSemantics.key (file: /home/runner/work/key/key/key.core/../key.ui/examples/index/../InformationFlow/NewObjects/object.ObjectOrientation(object.ObjectOrientation__secure_object_creation()).Non-interference contract.0.m.key; caused by: de.uka.ilkd.key.proof.init.ProofInputException: Could not find rule file rules/intRulesCheckedSemantics.key)
	at de.uka.ilkd.key.control.AbstractUserInterfaceControl.load(AbstractUserInterfaceControl.java:221)
	at de.uka.ilkd.key.control.KeYEnvironment.load(KeYEnvironment.java:251)
	at de.uka.ilkd.key.control.KeYEnvironment.load(KeYEnvironment.java:224)
	at de.uka.ilkd.key.control.KeYEnvironment.load(KeYEnvironment.java:184)
	at de.uka.ilkd.key.control.KeYEnvironment.load(KeYEnvironment.java:261)
	at de.uka.ilkd.key.proof.runallproofs.proofcollection.TestFile.load(TestFile.java:270)
	at de.uka.ilkd.key.proof.runallproofs.proofcollection.TestFile.runKey(TestFile.java:160)
	at de.uka.ilkd.key.proof.runallproofs.proofcollection.ForkedTestFileRunner.main(ForkedTestFileRunner.java:171)
Caused by: de.uka.ilkd.key.proof.init.ProofInputException: Could not find rule file rules/intRulesCheckedSemantics.key
	at de.uka.ilkd.key.proof.io.KeYFile.readIncludes(KeYFile.java:210)
	at de.uka.ilkd.key.proof.init.ProblemInitializer.readIncludes(ProblemInitializer.java:177)
	at de.uka.ilkd.key.proof.init.ProblemInitializer.readEnvInput(ProblemInitializer.java:325)
	at de.uka.ilkd.key.proof.init.ProblemInitializer.prepare(ProblemInitializer.java:449)
	at de.uka.ilkd.key.proof.io.AbstractProblemLoader.createInitConfig(AbstractProblemLoader.java:518)
	at de.uka.ilkd.key.proof.io.AbstractProblemLoader.loadEnvironment(AbstractProblemLoader.java:288)
	at de.uka.ilkd.key.proof.io.AbstractProblemLoader.load(AbstractProblemLoader.java:252)
	at de.uka.ilkd.key.control.AbstractUserInterfaceControl.load(AbstractUserInterfaceControl.java:209)
	... 7 more
Caused by: java.lang.RuntimeException: Could not find rule file rules/intRulesCheckedSemantics.key
	at de.uka.ilkd.key.proof.io.RuleSourceFactory.fromBuiltInRule(RuleSourceFactory.java:32)
	at de.uka.ilkd.key.proof.io.RuleSourceFactory.fromDefaultLocation(RuleSourceFactory.java:21)
	at de.uka.ilkd.key.nparser.builder.IncludeFinder.addInclude(IncludeFinder.java:63)
	at de.uka.ilkd.key.nparser.builder.IncludeFinder.visitOne_include(IncludeFinder.java:43)
	at de.uka.ilkd.key.nparser.builder.IncludeFinder.visitOne_include(IncludeFinder.java:20)
	at de.uka.ilkd.key.nparser.KeYParser$One_includeContext.accept(KeYParser.java:878)
	at de.uka.ilkd.key.nparser.builder.AbstractBuilder.lambda$mapOf$0(AbstractBuilder.java:112)
	at java.base/java.util.stream.ReferencePipeline$3$1.accept(ReferencePipeline.java:195)
	at java.base/java.util.ArrayList$ArrayListSpliterator.forEachRemaining(ArrayList.java:1655)
	at java.base/java.util.stream.AbstractPipeline.copyInto(AbstractPipeline.java:484)
	at java.base/java.util.stream.AbstractPipeline.wrapAndCopyInto(AbstractPipeline.java:474)
	at java.base/java.util.stream.ReduceOps$ReduceOp.evaluateSequential(ReduceOps.java:913)
	at java.base/java.util.stream.AbstractPipeline.evaluate(AbstractPipeline.java:234)
	at java.base/java.util.stream.ReferencePipeline.collect(ReferencePipeline.java:578)
	at de.uka.ilkd.key.nparser.builder.AbstractBuilder.mapOf(AbstractBuilder.java:112)
	at de.uka.ilkd.key.nparser.builder.IncludeFinder.visitOne_include_statement(IncludeFinder.java:35)
	at de.uka.ilkd.key.nparser.builder.IncludeFinder.visitOne_include_statement(IncludeFinder.java:20)
	at de.uka.ilkd.key.nparser.KeYParser$One_include_statementContext.accept(KeYParser.java:802)
	at org.antlr.v4.runtime.tree.AbstractParseTreeVisitor.visitChildren(AbstractParseTreeVisitor.java:46)
	at de.uka.ilkd.key.nparser.KeYParserBaseVisitor.visitDecls(KeYParserBaseVisitor.java:30)
	at de.uka.ilkd.key.nparser.KeYParser$DeclsContext.accept(KeYParser.java:500)
	at org.antlr.v4.runtime.tree.AbstractParseTreeVisitor.visitChildren(AbstractParseTreeVisitor.java:46)
	at de.uka.ilkd.key.nparser.KeYParserBaseVisitor.visitFile(KeYParserBaseVisitor.java:23)
	at de.uka.ilkd.key.nparser.KeYParser$FileContext.accept(KeYParser.java:306)
	at de.uka.ilkd.key.nparser.KeyAst.accept(KeyAst.java:41)
	at de.uka.ilkd.key.nparser.KeyAst$File.getIncludes(KeyAst.java:76)
	at de.uka.ilkd.key.proof.io.KeYFile.readIncludes(KeYFile.java:208)
	... 14 more
Could not find rule file rules/intRulesCheckedSemantics.key (file: /home/runner/work/key/key/key.core/../key.ui/examples/index/../InformationFlow/NewObjects/object.AmtoftBanerjee2(object.AmtoftBanerjee2__expensive(int)).Non-interference contract.0.m.key; caused by: de.uka.ilkd.key.proof.init.ProofInputException: Could not find rule file rules/intRulesCheckedSemantics.key)
	at de.uka.ilkd.key.control.AbstractUserInterfaceControl.load(AbstractUserInterfaceControl.java:221)
	at de.uka.ilkd.key.control.KeYEnvironment.load(KeYEnvironment.java:251)
	at de.uka.ilkd.key.control.KeYEnvironment.load(KeYEnvironment.java:224)
	at de.uka.ilkd.key.control.KeYEnvironment.load(KeYEnvironment.java:184)
	at de.uka.ilkd.key.control.KeYEnvironment.load(KeYEnvironment.java:261)
	at de.uka.ilkd.key.proof.runallproofs.proofcollection.TestFile.load(TestFile.java:270)
	at de.uka.ilkd.key.proof.runallproofs.proofcollection.TestFile.runKey(TestFile.java:160)
	at de.uka.ilkd.key.proof.runallproofs.proofcollection.ForkedTestFileRunner.main(ForkedTestFileRunner.java:171)
Caused by: de.uka.ilkd.key.proof.init.ProofInputException: Could not find rule file rules/intRulesCheckedSemantics.key
	at de.uka.ilkd.key.proof.io.KeYFile.readIncludes(KeYFile.java:210)
	at de.uka.ilkd.key.proof.init.ProblemInitializer.readIncludes(ProblemInitializer.java:177)
	at de.uka.ilkd.key.proof.init.ProblemInitializer.readEnvInput(ProblemInitializer.java:325)
	at de.uka.ilkd.key.proof.init.ProblemInitializer.prepare(ProblemInitializer.java:449)
	at de.uka.ilkd.key.proof.io.AbstractProblemLoader.createInitConfig(AbstractProblemLoader.java:518)
	at de.uka.ilkd.key.proof.io.AbstractProblemLoader.loadEnvironment(AbstractProblemLoader.java:288)
	at de.uka.ilkd.key.proof.io.AbstractProblemLoader.load(AbstractProblemLoader.java:252)
	at de.uka.ilkd.key.control.AbstractUserInterfaceControl.load(AbstractUserInterfaceControl.java:209)
	... 7 more
Caused by: java.lang.RuntimeException: Could not find rule file rules/intRulesCheckedSemantics.key
	at de.uka.ilkd.key.proof.io.RuleSourceFactory.fromBuiltInRule(RuleSourceFactory.java:32)
	at de.uka.ilkd.key.proof.io.RuleSourceFactory.fromDefaultLocation(RuleSourceFactory.java:21)
	at de.uka.ilkd.key.nparser.builder.IncludeFinder.addInclude(IncludeFinder.java:63)
	at de.uka.ilkd.key.nparser.builder.IncludeFinder.visitOne_include(IncludeFinder.java:43)
	at de.uka.ilkd.key.nparser.builder.IncludeFinder.visitOne_include(IncludeFinder.java:20)
	at de.uka.ilkd.key.nparser.KeYParser$One_includeContext.accept(KeYParser.java:878)
	at de.uka.ilkd.key.nparser.builder.AbstractBuilder.lambda$mapOf$0(AbstractBuilder.java:112)
	at java.base/java.util.stream.ReferencePipeline$3$1.accept(ReferencePipeline.java:195)
	at java.base/java.util.ArrayList$ArrayListSpliterator.forEachRemaining(ArrayList.java:1655)
	at java.base/java.util.stream.AbstractPipeline.copyInto(AbstractPipeline.java:484)
	at java.base/java.util.stream.AbstractPipeline.wrapAndCopyInto(AbstractPipeline.java:474)
	at java.base/java.util.stream.ReduceOps$ReduceOp.evaluateSequential(ReduceOps.java:913)
	at java.base/java.util.stream.AbstractPipeline.evaluate(AbstractPipeline.java:234)
	at java.base/java.util.stream.ReferencePipeline.collect(ReferencePipeline.java:578)
	at de.uka.ilkd.key.nparser.builder.AbstractBuilder.mapOf(AbstractBuilder.java:112)
	at de.uka.ilkd.key.nparser.builder.IncludeFinder.visitOne_include_statement(IncludeFinder.java:35)
	at de.uka.ilkd.key.nparser.builder.IncludeFinder.visitOne_include_statement(IncludeFinder.java:20)
	at de.uka.ilkd.key.nparser.KeYParser$One_include_statementContext.accept(KeYParser.java:802)
	at org.antlr.v4.runtime.tree.AbstractParseTreeVisitor.visitChildren(AbstractParseTreeVisitor.java:46)
	at de.uka.ilkd.key.nparser.KeYParserBaseVisitor.visitDecls(KeYParserBaseVisitor.java:30)
	at de.uka.ilkd.key.nparser.KeYParser$DeclsContext.accept(KeYParser.java:500)
	at org.antlr.v4.runtime.tree.AbstractParseTreeVisitor.visitChildren(AbstractParseTreeVisitor.java:46)
	at de.uka.ilkd.key.nparser.KeYParserBaseVisitor.visitFile(KeYParserBaseVisitor.java:23)
	at de.uka.ilkd.key.nparser.KeYParser$FileContext.accept(KeYParser.java:306)
	at de.uka.ilkd.key.nparser.KeyAst.accept(KeyAst.java:41)
	at de.uka.ilkd.key.nparser.KeyAst$File.getIncludes(KeyAst.java:76)
	at de.uka.ilkd.key.proof.io.KeYFile.readIncludes(KeYFile.java:208)
	... 14 more
Could not find rule file rules/intRulesCheckedSemantics.key (file: /home/runner/work/key/key/key.core/../key.ui/examples/index/../InformationFlow/NewObjects/object.AmtoftBanerjee2(object.AmtoftBanerjee2__cexp(int)).Non-interference contract.0.m.key; caused by: de.uka.ilkd.key.proof.init.ProofInputException: Could not find rule file rules/intRulesCheckedSemantics.key)
	at de.uka.ilkd.key.control.AbstractUserInterfaceControl.load(AbstractUserInterfaceControl.java:221)
	at de.uka.ilkd.key.control.KeYEnvironment.load(KeYEnvironment.java:251)
	at de.uka.ilkd.key.control.KeYEnvironment.load(KeYEnvironment.java:224)
	at de.uka.ilkd.key.control.KeYEnvironment.load(KeYEnvironment.java:184)
	at de.uka.ilkd.key.control.KeYEnvironment.load(KeYEnvironment.java:261)
	at de.uka.ilkd.key.proof.runallproofs.proofcollection.TestFile.load(TestFile.java:270)
	at de.uka.ilkd.key.proof.runallproofs.proofcollection.TestFile.runKey(TestFile.java:160)
	at de.uka.ilkd.key.proof.runallproofs.proofcollection.ForkedTestFileRunner.main(ForkedTestFileRunner.java:171)
Caused by: de.uka.ilkd.key.proof.init.ProofInputException: Could not find rule file rules/intRulesCheckedSemantics.key
	at de.uka.ilkd.key.proof.io.KeYFile.readIncludes(KeYFile.java:210)
	at de.uka.ilkd.key.proof.init.ProblemInitializer.readIncludes(ProblemInitializer.java:177)
	at de.uka.ilkd.key.proof.init.ProblemInitializer.readEnvInput(ProblemInitializer.java:325)
	at de.uka.ilkd.key.proof.init.ProblemInitializer.prepare(ProblemInitializer.java:449)
	at de.uka.ilkd.key.proof.io.AbstractProblemLoader.createInitConfig(AbstractProblemLoader.java:518)
	at de.uka.ilkd.key.proof.io.AbstractProblemLoader.loadEnvironment(AbstractProblemLoader.java:288)
	at de.uka.ilkd.key.proof.io.AbstractProblemLoader.load(AbstractProblemLoader.java:252)
	at de.uka.ilkd.key.control.AbstractUserInterfaceControl.load(AbstractUserInterfaceControl.java:209)
	... 7 more
Caused by: java.lang.RuntimeException: Could not find rule file rules/intRulesCheckedSemantics.key
	at de.uka.ilkd.key.proof.io.RuleSourceFactory.fromBuiltInRule(RuleSourceFactory.java:32)
	at de.uka.ilkd.key.proof.io.RuleSourceFactory.fromDefaultLocation(RuleSourceFactory.java:21)
	at de.uka.ilkd.key.nparser.builder.IncludeFinder.addInclude(IncludeFinder.java:63)
	at de.uka.ilkd.key.nparser.builder.IncludeFinder.visitOne_include(IncludeFinder.java:43)
	at de.uka.ilkd.key.nparser.builder.IncludeFinder.visitOne_include(IncludeFinder.java:20)
	at de.uka.ilkd.key.nparser.KeYParser$One_includeContext.accept(KeYParser.java:878)
	at de.uka.ilkd.key.nparser.builder.AbstractBuilder.lambda$mapOf$0(AbstractBuilder.java:112)
	at java.base/java.util.stream.ReferencePipeline$3$1.accept(ReferencePipeline.java:195)
	at java.base/java.util.ArrayList$ArrayListSpliterator.forEachRemaining(ArrayList.java:1655)
	at java.base/java.util.stream.AbstractPipeline.copyInto(AbstractPipeline.java:484)
	at java.base/java.util.stream.AbstractPipeline.wrapAndCopyInto(AbstractPipeline.java:474)
	at java.base/java.util.stream.ReduceOps$ReduceOp.evaluateSequential(ReduceOps.java:913)
	at java.base/java.util.stream.AbstractPipeline.evaluate(AbstractPipeline.java:234)
	at java.base/java.util.stream.ReferencePipeline.collect(ReferencePipeline.java:578)
	at de.uka.ilkd.key.nparser.builder.AbstractBuilder.mapOf(AbstractBuilder.java:112)
	at de.uka.ilkd.key.nparser.builder.IncludeFinder.visitOne_include_statement(IncludeFinder.java:35)
	at de.uka.ilkd.key.nparser.builder.IncludeFinder.visitOne_include_statement(IncludeFinder.java:20)
	at de.uka.ilkd.key.nparser.KeYParser$One_include_statementContext.accept(KeYParser.java:802)
	at org.antlr.v4.runtime.tree.AbstractParseTreeVisitor.visitChildren(AbstractParseTreeVisitor.java:46)
	at de.uka.ilkd.key.nparser.KeYParserBaseVisitor.visitDecls(KeYParserBaseVisitor.java:30)
	at de.uka.ilkd.key.nparser.KeYParser$DeclsContext.accept(KeYParser.java:500)
	at org.antlr.v4.runtime.tree.AbstractParseTreeVisitor.visitChildren(AbstractParseTreeVisitor.java:46)
	at de.uka.ilkd.key.nparser.KeYParserBaseVisitor.visitFile(KeYParserBaseVisitor.java:23)
	at de.uka.ilkd.key.nparser.KeYParser$FileContext.accept(KeYParser.java:306)
	at de.uka.ilkd.key.nparser.KeyAst.accept(KeyAst.java:41)
	at de.uka.ilkd.key.nparser.KeyAst$File.getIncludes(KeyAst.java:76)
	at de.uka.ilkd.key.proof.io.KeYFile.readIncludes(KeYFile.java:208)
	... 14 more
Exception in thread "main" org.opentest4j.AssertionFailedError: Exception during the execution of proofs. See log for more details.
	at org.junit.jupiter.api.AssertionUtils.fail(AssertionUtils.java:39)
	at org.junit.jupiter.api.Assertions.fail(Assertions.java:134)
	at de.uka.ilkd.key.proof.runallproofs.proofcollection.ForkedTestFileRunner.main(ForkedTestFileRunner.java:192)
Timeout watcher launched (1000 secs.)
Could not find rule file rules/intRulesCheckedSemantics.key (file: /home/runner/work/key/key/key.core/../key.ui/examples/index/../InformationFlow/SimpleEvoting/simple_evoting.Environment(simple_evoting.Environment__untrustedOutputMessage((B)).Non-interference contract.0.m.key; caused by: de.uka.ilkd.key.proof.init.ProofInputException: Could not find rule file rules/intRulesCheckedSemantics.key)
	at de.uka.ilkd.key.control.AbstractUserInterfaceControl.load(AbstractUserInterfaceControl.java:221)
	at de.uka.ilkd.key.control.KeYEnvironment.load(KeYEnvironment.java:251)
	at de.uka.ilkd.key.control.KeYEnvironment.load(KeYEnvironment.java:224)
	at de.uka.ilkd.key.control.KeYEnvironment.load(KeYEnvironment.java:184)
	at de.uka.ilkd.key.control.KeYEnvironment.load(KeYEnvironment.java:261)
	at de.uka.ilkd.key.proof.runallproofs.proofcollection.TestFile.load(TestFile.java:270)
	at de.uka.ilkd.key.proof.runallproofs.proofcollection.TestFile.runKey(TestFile.java:160)
	at de.uka.ilkd.key.proof.runallproofs.proofcollection.ForkedTestFileRunner.main(ForkedTestFileRunner.java:171)
Caused by: de.uka.ilkd.key.proof.init.ProofInputException: Could not find rule file rules/intRulesCheckedSemantics.key
	at de.uka.ilkd.key.proof.io.KeYFile.readIncludes(KeYFile.java:210)
	at de.uka.ilkd.key.proof.init.ProblemInitializer.readIncludes(ProblemInitializer.java:177)
	at de.uka.ilkd.key.proof.init.ProblemInitializer.readEnvInput(ProblemInitializer.java:325)
	at de.uka.ilkd.key.proof.init.ProblemInitializer.prepare(ProblemInitializer.java:449)
	at de.uka.ilkd.key.proof.io.AbstractProblemLoader.createInitConfig(AbstractProblemLoader.java:518)
	at de.uka.ilkd.key.proof.io.AbstractProblemLoader.loadEnvironment(AbstractProblemLoader.java:288)
	at de.uka.ilkd.key.proof.io.AbstractProblemLoader.load(AbstractProblemLoader.java:252)
	at de.uka.ilkd.key.control.AbstractUserInterfaceControl.load(AbstractUserInterfaceControl.java:209)
	... 7 more
Caused by: java.lang.RuntimeException: Could not find rule file rules/intRulesCheckedSemantics.key
	at de.uka.ilkd.key.proof.io.RuleSourceFactory.fromBuiltInRule(RuleSourceFactory.java:32)
	at de.uka.ilkd.key.proof.io.RuleSourceFactory.fromDefaultLocation(RuleSourceFactory.java:21)
	at de.uka.ilkd.key.nparser.builder.IncludeFinder.addInclude(IncludeFinder.java:63)
	at de.uka.ilkd.key.nparser.builder.IncludeFinder.visitOne_include(IncludeFinder.java:43)
	at de.uka.ilkd.key.nparser.builder.IncludeFinder.visitOne_include(IncludeFinder.java:20)
	at de.uka.ilkd.key.nparser.KeYParser$One_includeContext.accept(KeYParser.java:878)
	at de.uka.ilkd.key.nparser.builder.AbstractBuilder.lambda$mapOf$0(AbstractBuilder.java:112)
	at java.base/java.util.stream.ReferencePipeline$3$1.accept(ReferencePipeline.java:195)
	at java.base/java.util.ArrayList$ArrayListSpliterator.forEachRemaining(ArrayList.java:1655)
	at java.base/java.util.stream.AbstractPipeline.copyInto(AbstractPipeline.java:484)
	at java.base/java.util.stream.AbstractPipeline.wrapAndCopyInto(AbstractPipeline.java:474)
	at java.base/java.util.stream.ReduceOps$ReduceOp.evaluateSequential(ReduceOps.java:913)
	at java.base/java.util.stream.AbstractPipeline.evaluate(AbstractPipeline.java:234)
	at java.base/java.util.stream.ReferencePipeline.collect(ReferencePipeline.java:578)
	at de.uka.ilkd.key.nparser.builder.AbstractBuilder.mapOf(AbstractBuilder.java:112)
	at de.uka.ilkd.key.nparser.builder.IncludeFinder.visitOne_include_statement(IncludeFinder.java:35)
	at de.uka.ilkd.key.nparser.builder.IncludeFinder.visitOne_include_statement(IncludeFinder.java:20)
	at de.uka.ilkd.key.nparser.KeYParser$One_include_statementContext.accept(KeYParser.java:802)
	at org.antlr.v4.runtime.tree.AbstractParseTreeVisitor.visitChildren(AbstractParseTreeVisitor.java:46)
	at de.uka.ilkd.key.nparser.KeYParserBaseVisitor.visitDecls(KeYParserBaseVisitor.java:30)
	at de.uka.ilkd.key.nparser.KeYParser$DeclsContext.accept(KeYParser.java:500)
	at org.antlr.v4.runtime.tree.AbstractParseTreeVisitor.visitChildren(AbstractParseTreeVisitor.java:46)
	at de.uka.ilkd.key.nparser.KeYParserBaseVisitor.visitFile(KeYParserBaseVisitor.java:23)
	at de.uka.ilkd.key.nparser.KeYParser$FileContext.accept(KeYParser.java:306)
	at de.uka.ilkd.key.nparser.KeyAst.accept(KeyAst.java:41)
	at de.uka.ilkd.key.nparser.KeyAst$File.getIncludes(KeyAst.java:76)
	at de.uka.ilkd.key.proof.io.KeYFile.readIncludes(KeYFile.java:208)
	... 14 more
Could not find rule file rules/intRulesCheckedSemantics.key (file: /home/runner/work/key/key/key.core/../key.ui/examples/index/../InformationFlow/SimpleEvoting/simple_evoting.Environment(simple_evoting.Environment__untrustedInputMessage()).Non-interference contract.0.m.key; caused by: de.uka.ilkd.key.proof.init.ProofInputException: Could not find rule file rules/intRulesCheckedSemantics.key)
	at de.uka.ilkd.key.control.AbstractUserInterfaceControl.load(AbstractUserInterfaceControl.java:221)
	at de.uka.ilkd.key.control.KeYEnvironment.load(KeYEnvironment.java:251)
	at de.uka.ilkd.key.control.KeYEnvironment.load(KeYEnvironment.java:224)
	at de.uka.ilkd.key.control.KeYEnvironment.load(KeYEnvironment.java:184)
	at de.uka.ilkd.key.control.KeYEnvironment.load(KeYEnvironment.java:261)
	at de.uka.ilkd.key.proof.runallproofs.proofcollection.TestFile.load(TestFile.java:270)
	at de.uka.ilkd.key.proof.runallproofs.proofcollection.TestFile.runKey(TestFile.java:160)
	at de.uka.ilkd.key.proof.runallproofs.proofcollection.ForkedTestFileRunner.main(ForkedTestFileRunner.java:171)
Caused by: de.uka.ilkd.key.proof.init.ProofInputException: Could not find rule file rules/intRulesCheckedSemantics.key
	at de.uka.ilkd.key.proof.io.KeYFile.readIncludes(KeYFile.java:210)
	at de.uka.ilkd.key.proof.init.ProblemInitializer.readIncludes(ProblemInitializer.java:177)
	at de.uka.ilkd.key.proof.init.ProblemInitializer.readEnvInput(ProblemInitializer.java:325)
	at de.uka.ilkd.key.proof.init.ProblemInitializer.prepare(ProblemInitializer.java:449)
	at de.uka.ilkd.key.proof.io.AbstractProblemLoader.createInitConfig(AbstractProblemLoader.java:518)
	at de.uka.ilkd.key.proof.io.AbstractProblemLoader.loadEnvironment(AbstractProblemLoader.java:288)
	at de.uka.ilkd.key.proof.io.AbstractProblemLoader.load(AbstractProblemLoader.java:252)
	at de.uka.ilkd.key.control.AbstractUserInterfaceControl.load(AbstractUserInterfaceControl.java:209)
	... 7 more
Caused by: java.lang.RuntimeException: Could not find rule file rules/intRulesCheckedSemantics.key
	at de.uka.ilkd.key.proof.io.RuleSourceFactory.fromBuiltInRule(RuleSourceFactory.java:32)
	at de.uka.ilkd.key.proof.io.RuleSourceFactory.fromDefaultLocation(RuleSourceFactory.java:21)
	at de.uka.ilkd.key.nparser.builder.IncludeFinder.addInclude(IncludeFinder.java:63)
	at de.uka.ilkd.key.nparser.builder.IncludeFinder.visitOne_include(IncludeFinder.java:43)
	at de.uka.ilkd.key.nparser.builder.IncludeFinder.visitOne_include(IncludeFinder.java:20)
	at de.uka.ilkd.key.nparser.KeYParser$One_includeContext.accept(KeYParser.java:878)
	at de.uka.ilkd.key.nparser.builder.AbstractBuilder.lambda$mapOf$0(AbstractBuilder.java:112)
	at java.base/java.util.stream.ReferencePipeline$3$1.accept(ReferencePipeline.java:195)
	at java.base/java.util.ArrayList$ArrayListSpliterator.forEachRemaining(ArrayList.java:1655)
	at java.base/java.util.stream.AbstractPipeline.copyInto(AbstractPipeline.java:484)
	at java.base/java.util.stream.AbstractPipeline.wrapAndCopyInto(AbstractPipeline.java:474)
	at java.base/java.util.stream.ReduceOps$ReduceOp.evaluateSequential(ReduceOps.java:913)
	at java.base/java.util.stream.AbstractPipeline.evaluate(AbstractPipeline.java:234)
	at java.base/java.util.stream.ReferencePipeline.collect(ReferencePipeline.java:578)
	at de.uka.ilkd.key.nparser.builder.AbstractBuilder.mapOf(AbstractBuilder.java:112)
	at de.uka.ilkd.key.nparser.builder.IncludeFinder.visitOne_include_statement(IncludeFinder.java:35)
	at de.uka.ilkd.key.nparser.builder.IncludeFinder.visitOne_include_statement(IncludeFinder.java:20)
	at de.uka.ilkd.key.nparser.KeYParser$One_include_statementContext.accept(KeYParser.java:802)
	at org.antlr.v4.runtime.tree.AbstractParseTreeVisitor.visitChildren(AbstractParseTreeVisitor.java:46)
	at de.uka.ilkd.key.nparser.KeYParserBaseVisitor.visitDecls(KeYParserBaseVisitor.java:30)
	at de.uka.ilkd.key.nparser.KeYParser$DeclsContext.accept(KeYParser.java:500)
	at org.antlr.v4.runtime.tree.AbstractParseTreeVisitor.visitChildren(AbstractParseTreeVisitor.java:46)
	at de.uka.ilkd.key.nparser.KeYParserBaseVisitor.visitFile(KeYParserBaseVisitor.java:23)
	at de.uka.ilkd.key.nparser.KeYParser$FileContext.accept(KeYParser.java:306)
	at de.uka.ilkd.key.nparser.KeyAst.accept(KeyAst.java:41)
	at de.uka.ilkd.key.nparser.KeyAst$File.getIncludes(KeyAst.java:76)
	at de.uka.ilkd.key.proof.io.KeYFile.readIncludes(KeYFile.java:208)
	... 14 more
Could not find rule file rules/intRulesCheckedSemantics.key (file: /home/runner/work/key/key/key.core/../key.ui/examples/index/../InformationFlow/SimpleEvoting/simple_evoting.Environment(simple_evoting.Environment__untrustedOutput(int)).Non-interference contract.0.m.key; caused by: de.uka.ilkd.key.proof.init.ProofInputException: Could not find rule file rules/intRulesCheckedSemantics.key)
	at de.uka.ilkd.key.control.AbstractUserInterfaceControl.load(AbstractUserInterfaceControl.java:221)
	at de.uka.ilkd.key.control.KeYEnvironment.load(KeYEnvironment.java:251)
	at de.uka.ilkd.key.control.KeYEnvironment.load(KeYEnvironment.java:224)
	at de.uka.ilkd.key.control.KeYEnvironment.load(KeYEnvironment.java:184)
	at de.uka.ilkd.key.control.KeYEnvironment.load(KeYEnvironment.java:261)
	at de.uka.ilkd.key.proof.runallproofs.proofcollection.TestFile.load(TestFile.java:270)
	at de.uka.ilkd.key.proof.runallproofs.proofcollection.TestFile.runKey(TestFile.java:160)
	at de.uka.ilkd.key.proof.runallproofs.proofcollection.ForkedTestFileRunner.main(ForkedTestFileRunner.java:171)
Caused by: de.uka.ilkd.key.proof.init.ProofInputException: Could not find rule file rules/intRulesCheckedSemantics.key
	at de.uka.ilkd.key.proof.io.KeYFile.readIncludes(KeYFile.java:210)
	at de.uka.ilkd.key.proof.init.ProblemInitializer.readIncludes(ProblemInitializer.java:177)
	at de.uka.ilkd.key.proof.init.ProblemInitializer.readEnvInput(ProblemInitializer.java:325)
	at de.uka.ilkd.key.proof.init.ProblemInitializer.prepare(ProblemInitializer.java:449)
	at de.uka.ilkd.key.proof.io.AbstractProblemLoader.createInitConfig(AbstractProblemLoader.java:518)
	at de.uka.ilkd.key.proof.io.AbstractProblemLoader.loadEnvironment(AbstractProblemLoader.java:288)
	at de.uka.ilkd.key.proof.io.AbstractProblemLoader.load(AbstractProblemLoader.java:252)
	at de.uka.ilkd.key.control.AbstractUserInterfaceControl.load(AbstractUserInterfaceControl.java:209)
	... 7 more
Caused by: java.lang.RuntimeException: Could not find rule file rules/intRulesCheckedSemantics.key
	at de.uka.ilkd.key.proof.io.RuleSourceFactory.fromBuiltInRule(RuleSourceFactory.java:32)
	at de.uka.ilkd.key.proof.io.RuleSourceFactory.fromDefaultLocation(RuleSourceFactory.java:21)
	at de.uka.ilkd.key.nparser.builder.IncludeFinder.addInclude(IncludeFinder.java:63)
	at de.uka.ilkd.key.nparser.builder.IncludeFinder.visitOne_include(IncludeFinder.java:43)
	at de.uka.ilkd.key.nparser.builder.IncludeFinder.visitOne_include(IncludeFinder.java:20)
	at de.uka.ilkd.key.nparser.KeYParser$One_includeContext.accept(KeYParser.java:878)
	at de.uka.ilkd.key.nparser.builder.AbstractBuilder.lambda$mapOf$0(AbstractBuilder.java:112)
	at java.base/java.util.stream.ReferencePipeline$3$1.accept(ReferencePipeline.java:195)
	at java.base/java.util.ArrayList$ArrayListSpliterator.forEachRemaining(ArrayList.java:1655)
	at java.base/java.util.stream.AbstractPipeline.copyInto(AbstractPipeline.java:484)
	at java.base/java.util.stream.AbstractPipeline.wrapAndCopyInto(AbstractPipeline.java:474)
	at java.base/java.util.stream.ReduceOps$ReduceOp.evaluateSequential(ReduceOps.java:913)
	at java.base/java.util.stream.AbstractPipeline.evaluate(AbstractPipeline.java:234)
	at java.base/java.util.stream.ReferencePipeline.collect(ReferencePipeline.java:578)
	at de.uka.ilkd.key.nparser.builder.AbstractBuilder.mapOf(AbstractBuilder.java:112)
	at de.uka.ilkd.key.nparser.builder.IncludeFinder.visitOne_include_statement(IncludeFinder.java:35)
	at de.uka.ilkd.key.nparser.builder.IncludeFinder.visitOne_include_statement(IncludeFinder.java:20)
	at de.uka.ilkd.key.nparser.KeYParser$One_include_statementContext.accept(KeYParser.java:802)
	at org.antlr.v4.runtime.tree.AbstractParseTreeVisitor.visitChildren(AbstractParseTreeVisitor.java:46)
	at de.uka.ilkd.key.nparser.KeYParserBaseVisitor.visitDecls(KeYParserBaseVisitor.java:30)
	at de.uka.ilkd.key.nparser.KeYParser$DeclsContext.accept(KeYParser.java:500)
	at org.antlr.v4.runtime.tree.AbstractParseTreeVisitor.visitChildren(AbstractParseTreeVisitor.java:46)
	at de.uka.ilkd.key.nparser.KeYParserBaseVisitor.visitFile(KeYParserBaseVisitor.java:23)
	at de.uka.ilkd.key.nparser.KeYParser$FileContext.accept(KeYParser.java:306)
	at de.uka.ilkd.key.nparser.KeyAst.accept(KeyAst.java:41)
	at de.uka.ilkd.key.nparser.KeyAst$File.getIncludes(KeyAst.java:76)
	at de.uka.ilkd.key.proof.io.KeYFile.readIncludes(KeYFile.java:208)
	... 14 more
Could not find rule file rules/intRulesCheckedSemantics.key (file: /home/runner/work/key/key/key.core/../key.ui/examples/index/../InformationFlow/SimpleEvoting/simple_evoting.Environment(simple_evoting.Environment__untrustedInput(int)).Non-interference contract.0.m.key; caused by: de.uka.ilkd.key.proof.init.ProofInputException: Could not find rule file rules/intRulesCheckedSemantics.key)
	at de.uka.ilkd.key.control.AbstractUserInterfaceControl.load(AbstractUserInterfaceControl.java:221)
	at de.uka.ilkd.key.control.KeYEnvironment.load(KeYEnvironment.java:251)
	at de.uka.ilkd.key.control.KeYEnvironment.load(KeYEnvironment.java:224)
	at de.uka.ilkd.key.control.KeYEnvironment.load(KeYEnvironment.java:184)
	at de.uka.ilkd.key.control.KeYEnvironment.load(KeYEnvironment.java:261)
	at de.uka.ilkd.key.proof.runallproofs.proofcollection.TestFile.load(TestFile.java:270)
	at de.uka.ilkd.key.proof.runallproofs.proofcollection.TestFile.runKey(TestFile.java:160)
	at de.uka.ilkd.key.proof.runallproofs.proofcollection.ForkedTestFileRunner.main(ForkedTestFileRunner.java:171)
Caused by: de.uka.ilkd.key.proof.init.ProofInputException: Could not find rule file rules/intRulesCheckedSemantics.key
	at de.uka.ilkd.key.proof.io.KeYFile.readIncludes(KeYFile.java:210)
	at de.uka.ilkd.key.proof.init.ProblemInitializer.readIncludes(ProblemInitializer.java:177)
	at de.uka.ilkd.key.proof.init.ProblemInitializer.readEnvInput(ProblemInitializer.java:325)
	at de.uka.ilkd.key.proof.init.ProblemInitializer.prepare(ProblemInitializer.java:449)
	at de.uka.ilkd.key.proof.io.AbstractProblemLoader.createInitConfig(AbstractProblemLoader.java:518)
	at de.uka.ilkd.key.proof.io.AbstractProblemLoader.loadEnvironment(AbstractProblemLoader.java:288)
	at de.uka.ilkd.key.proof.io.AbstractProblemLoader.load(AbstractProblemLoader.java:252)
	at de.uka.ilkd.key.control.AbstractUserInterfaceControl.load(AbstractUserInterfaceControl.java:209)
	... 7 more
Caused by: java.lang.RuntimeException: Could not find rule file rules/intRulesCheckedSemantics.key
	at de.uka.ilkd.key.proof.io.RuleSourceFactory.fromBuiltInRule(RuleSourceFactory.java:32)
	at de.uka.ilkd.key.proof.io.RuleSourceFactory.fromDefaultLocation(RuleSourceFactory.java:21)
	at de.uka.ilkd.key.nparser.builder.IncludeFinder.addInclude(IncludeFinder.java:63)
	at de.uka.ilkd.key.nparser.builder.IncludeFinder.visitOne_include(IncludeFinder.java:43)
	at de.uka.ilkd.key.nparser.builder.IncludeFinder.visitOne_include(IncludeFinder.java:20)
	at de.uka.ilkd.key.nparser.KeYParser$One_includeContext.accept(KeYParser.java:878)
	at de.uka.ilkd.key.nparser.builder.AbstractBuilder.lambda$mapOf$0(AbstractBuilder.java:112)
	at java.base/java.util.stream.ReferencePipeline$3$1.accept(ReferencePipeline.java:195)
	at java.base/java.util.ArrayList$ArrayListSpliterator.forEachRemaining(ArrayList.java:1655)
	at java.base/java.util.stream.AbstractPipeline.copyInto(AbstractPipeline.java:484)
	at java.base/java.util.stream.AbstractPipeline.wrapAndCopyInto(AbstractPipeline.java:474)
	at java.base/java.util.stream.ReduceOps$ReduceOp.evaluateSequential(ReduceOps.java:913)
	at java.base/java.util.stream.AbstractPipeline.evaluate(AbstractPipeline.java:234)
	at java.base/java.util.stream.ReferencePipeline.collect(ReferencePipeline.java:578)
	at de.uka.ilkd.key.nparser.builder.AbstractBuilder.mapOf(AbstractBuilder.java:112)
	at de.uka.ilkd.key.nparser.builder.IncludeFinder.visitOne_include_statement(IncludeFinder.java:35)
	at de.uka.ilkd.key.nparser.builder.IncludeFinder.visitOne_include_statement(IncludeFinder.java:20)
	at de.uka.ilkd.key.nparser.KeYParser$One_include_statementContext.accept(KeYParser.java:802)
	at org.antlr.v4.runtime.tree.AbstractParseTreeVisitor.visitChildren(AbstractParseTreeVisitor.java:46)
	at de.uka.ilkd.key.nparser.KeYParserBaseVisitor.visitDecls(KeYParserBaseVisitor.java:30)
	at de.uka.ilkd.key.nparser.KeYParser$DeclsContext.accept(KeYParser.java:500)
	at org.antlr.v4.runtime.tree.AbstractParseTreeVisitor.visitChildren(AbstractParseTreeVisitor.java:46)
	at de.uka.ilkd.key.nparser.KeYParserBaseVisitor.visitFile(KeYParserBaseVisitor.java:23)
	at de.uka.ilkd.key.nparser.KeYParser$FileContext.accept(KeYParser.java:306)
	at de.uka.ilkd.key.nparser.KeyAst.accept(KeyAst.java:41)
	at de.uka.ilkd.key.nparser.KeyAst$File.getIncludes(KeyAst.java:76)
	at de.uka.ilkd.key.proof.io.KeYFile.readIncludes(KeYFile.java:208)
	... 14 more
Could not find rule file rules/intRulesCheckedSemantics.key (file: /home/runner/work/key/key/key.core/../key.ui/examples/index/../InformationFlow/SimpleEvoting/simple_evoting.Environment(simple_evoting.Environment__untrustedInput()).Non-interference contract.0.m.key; caused by: de.uka.ilkd.key.proof.init.ProofInputException: Could not find rule file rules/intRulesCheckedSemantics.key)
	at de.uka.ilkd.key.control.AbstractUserInterfaceControl.load(AbstractUserInterfaceControl.java:221)
	at de.uka.ilkd.key.control.KeYEnvironment.load(KeYEnvironment.java:251)
	at de.uka.ilkd.key.control.KeYEnvironment.load(KeYEnvironment.java:224)
	at de.uka.ilkd.key.control.KeYEnvironment.load(KeYEnvironment.java:184)
	at de.uka.ilkd.key.control.KeYEnvironment.load(KeYEnvironment.java:261)
	at de.uka.ilkd.key.proof.runallproofs.proofcollection.TestFile.load(TestFile.java:270)
	at de.uka.ilkd.key.proof.runallproofs.proofcollection.TestFile.runKey(TestFile.java:160)
	at de.uka.ilkd.key.proof.runallproofs.proofcollection.ForkedTestFileRunner.main(ForkedTestFileRunner.java:171)
Caused by: de.uka.ilkd.key.proof.init.ProofInputException: Could not find rule file rules/intRulesCheckedSemantics.key
	at de.uka.ilkd.key.proof.io.KeYFile.readIncludes(KeYFile.java:210)
	at de.uka.ilkd.key.proof.init.ProblemInitializer.readIncludes(ProblemInitializer.java:177)
	at de.uka.ilkd.key.proof.init.ProblemInitializer.readEnvInput(ProblemInitializer.java:325)
	at de.uka.ilkd.key.proof.init.ProblemInitializer.prepare(ProblemInitializer.java:449)
	at de.uka.ilkd.key.proof.io.AbstractProblemLoader.createInitConfig(AbstractProblemLoader.java:518)
	at de.uka.ilkd.key.proof.io.AbstractProblemLoader.loadEnvironment(AbstractProblemLoader.java:288)
	at de.uka.ilkd.key.proof.io.AbstractProblemLoader.load(AbstractProblemLoader.java:252)
	at de.uka.ilkd.key.control.AbstractUserInterfaceControl.load(AbstractUserInterfaceControl.java:209)
	... 7 more
Caused by: java.lang.RuntimeException: Could not find rule file rules/intRulesCheckedSemantics.key
	at de.uka.ilkd.key.proof.io.RuleSourceFactory.fromBuiltInRule(RuleSourceFactory.java:32)
	at de.uka.ilkd.key.proof.io.RuleSourceFactory.fromDefaultLocation(RuleSourceFactory.java:21)
	at de.uka.ilkd.key.nparser.builder.IncludeFinder.addInclude(IncludeFinder.java:63)
	at de.uka.ilkd.key.nparser.builder.IncludeFinder.visitOne_include(IncludeFinder.java:43)
	at de.uka.ilkd.key.nparser.builder.IncludeFinder.visitOne_include(IncludeFinder.java:20)
	at de.uka.ilkd.key.nparser.KeYParser$One_includeContext.accept(KeYParser.java:878)
	at de.uka.ilkd.key.nparser.builder.AbstractBuilder.lambda$mapOf$0(AbstractBuilder.java:112)
	at java.base/java.util.stream.ReferencePipeline$3$1.accept(ReferencePipeline.java:195)
	at java.base/java.util.ArrayList$ArrayListSpliterator.forEachRemaining(ArrayList.java:1655)
	at java.base/java.util.stream.AbstractPipeline.copyInto(AbstractPipeline.java:484)
	at java.base/java.util.stream.AbstractPipeline.wrapAndCopyInto(AbstractPipeline.java:474)
	at java.base/java.util.stream.ReduceOps$ReduceOp.evaluateSequential(ReduceOps.java:913)
	at java.base/java.util.stream.AbstractPipeline.evaluate(AbstractPipeline.java:234)
	at java.base/java.util.stream.ReferencePipeline.collect(ReferencePipeline.java:578)
	at de.uka.ilkd.key.nparser.builder.AbstractBuilder.mapOf(AbstractBuilder.java:112)
	at de.uka.ilkd.key.nparser.builder.IncludeFinder.visitOne_include_statement(IncludeFinder.java:35)
	at de.uka.ilkd.key.nparser.builder.IncludeFinder.visitOne_include_statement(IncludeFinder.java:20)
	at de.uka.ilkd.key.nparser.KeYParser$One_include_statementContext.accept(KeYParser.java:802)
	at org.antlr.v4.runtime.tree.AbstractParseTreeVisitor.visitChildren(AbstractParseTreeVisitor.java:46)
	at de.uka.ilkd.key.nparser.KeYParserBaseVisitor.visitDecls(KeYParserBaseVisitor.java:30)
	at de.uka.ilkd.key.nparser.KeYParser$DeclsContext.accept(KeYParser.java:500)
	at org.antlr.v4.runtime.tree.AbstractParseTreeVisitor.visitChildren(AbstractParseTreeVisitor.java:46)
	at de.uka.ilkd.key.nparser.KeYParserBaseVisitor.visitFile(KeYParserBaseVisitor.java:23)
	at de.uka.ilkd.key.nparser.KeYParser$FileContext.accept(KeYParser.java:306)
	at de.uka.ilkd.key.nparser.KeyAst.accept(KeyAst.java:41)
	at de.uka.ilkd.key.nparser.KeyAst$File.getIncludes(KeyAst.java:76)
	at de.uka.ilkd.key.proof.io.KeYFile.readIncludes(KeYFile.java:208)
	... 14 more
Could not find rule file rules/intRulesCheckedSemantics.key (file: /home/runner/work/key/key/key.core/../key.ui/examples/index/../InformationFlow/SimpleEvoting/simple_evoting.SMT(simple_evoting.SMT__send(simple_evoting.Message,int,simple_evoting.Server)).Non-interference contract.1.m.key; caused by: de.uka.ilkd.key.proof.init.ProofInputException: Could not find rule file rules/intRulesCheckedSemantics.key)
	at de.uka.ilkd.key.control.AbstractUserInterfaceControl.load(AbstractUserInterfaceControl.java:221)
	at de.uka.ilkd.key.control.KeYEnvironment.load(KeYEnvironment.java:251)
	at de.uka.ilkd.key.control.KeYEnvironment.load(KeYEnvironment.java:224)
	at de.uka.ilkd.key.control.KeYEnvironment.load(KeYEnvironment.java:184)
	at de.uka.ilkd.key.control.KeYEnvironment.load(KeYEnvironment.java:261)
	at de.uka.ilkd.key.proof.runallproofs.proofcollection.TestFile.load(TestFile.java:270)
	at de.uka.ilkd.key.proof.runallproofs.proofcollection.TestFile.runKey(TestFile.java:160)
	at de.uka.ilkd.key.proof.runallproofs.proofcollection.ForkedTestFileRunner.main(ForkedTestFileRunner.java:171)
Caused by: de.uka.ilkd.key.proof.init.ProofInputException: Could not find rule file rules/intRulesCheckedSemantics.key
	at de.uka.ilkd.key.proof.io.KeYFile.readIncludes(KeYFile.java:210)
	at de.uka.ilkd.key.proof.init.ProblemInitializer.readIncludes(ProblemInitializer.java:177)
	at de.uka.ilkd.key.proof.init.ProblemInitializer.readEnvInput(ProblemInitializer.java:325)
	at de.uka.ilkd.key.proof.init.ProblemInitializer.prepare(ProblemInitializer.java:449)
	at de.uka.ilkd.key.proof.io.AbstractProblemLoader.createInitConfig(AbstractProblemLoader.java:518)
	at de.uka.ilkd.key.proof.io.AbstractProblemLoader.loadEnvironment(AbstractProblemLoader.java:288)
	at de.uka.ilkd.key.proof.io.AbstractProblemLoader.load(AbstractProblemLoader.java:252)
	at de.uka.ilkd.key.control.AbstractUserInterfaceControl.load(AbstractUserInterfaceControl.java:209)
	... 7 more
Caused by: java.lang.RuntimeException: Could not find rule file rules/intRulesCheckedSemantics.key
	at de.uka.ilkd.key.proof.io.RuleSourceFactory.fromBuiltInRule(RuleSourceFactory.java:32)
	at de.uka.ilkd.key.proof.io.RuleSourceFactory.fromDefaultLocation(RuleSourceFactory.java:21)
	at de.uka.ilkd.key.nparser.builder.IncludeFinder.addInclude(IncludeFinder.java:63)
	at de.uka.ilkd.key.nparser.builder.IncludeFinder.visitOne_include(IncludeFinder.java:43)
	at de.uka.ilkd.key.nparser.builder.IncludeFinder.visitOne_include(IncludeFinder.java:20)
	at de.uka.ilkd.key.nparser.KeYParser$One_includeContext.accept(KeYParser.java:878)
	at de.uka.ilkd.key.nparser.builder.AbstractBuilder.lambda$mapOf$0(AbstractBuilder.java:112)
	at java.base/java.util.stream.ReferencePipeline$3$1.accept(ReferencePipeline.java:195)
	at java.base/java.util.ArrayList$ArrayListSpliterator.forEachRemaining(ArrayList.java:1655)
	at java.base/java.util.stream.AbstractPipeline.copyInto(AbstractPipeline.java:484)
	at java.base/java.util.stream.AbstractPipeline.wrapAndCopyInto(AbstractPipeline.java:474)
	at java.base/java.util.stream.ReduceOps$ReduceOp.evaluateSequential(ReduceOps.java:913)
	at java.base/java.util.stream.AbstractPipeline.evaluate(AbstractPipeline.java:234)
	at java.base/java.util.stream.ReferencePipeline.collect(ReferencePipeline.java:578)
	at de.uka.ilkd.key.nparser.builder.AbstractBuilder.mapOf(AbstractBuilder.java:112)
	at de.uka.ilkd.key.nparser.builder.IncludeFinder.visitOne_include_statement(IncludeFinder.java:35)
	at de.uka.ilkd.key.nparser.builder.IncludeFinder.visitOne_include_statement(IncludeFinder.java:20)
	at de.uka.ilkd.key.nparser.KeYParser$One_include_statementContext.accept(KeYParser.java:802)
	at org.antlr.v4.runtime.tree.AbstractParseTreeVisitor.visitChildren(AbstractParseTreeVisitor.java:46)
	at de.uka.ilkd.key.nparser.KeYParserBaseVisitor.visitDecls(KeYParserBaseVisitor.java:30)
	at de.uka.ilkd.key.nparser.KeYParser$DeclsContext.accept(KeYParser.java:500)
	at org.antlr.v4.runtime.tree.AbstractParseTreeVisitor.visitChildren(AbstractParseTreeVisitor.java:46)
	at de.uka.ilkd.key.nparser.KeYParserBaseVisitor.visitFile(KeYParserBaseVisitor.java:23)
	at de.uka.ilkd.key.nparser.KeYParser$FileContext.accept(KeYParser.java:306)
	at de.uka.ilkd.key.nparser.KeyAst.accept(KeyAst.java:41)
	at de.uka.ilkd.key.nparser.KeyAst$File.getIncludes(KeyAst.java:76)
	at de.uka.ilkd.key.proof.io.KeYFile.readIncludes(KeYFile.java:208)
	... 14 more
Could not find rule file rules/intRulesCheckedSemantics.key (file: /home/runner/work/key/key/key.core/../key.ui/examples/index/../InformationFlow/SimpleEvoting/simple_evoting.SMT(simple_evoting.SMT__send(simple_evoting.Message,int,simple_evoting.Server)).Non-interference contract.0.m.key; caused by: de.uka.ilkd.key.proof.init.ProofInputException: Could not find rule file rules/intRulesCheckedSemantics.key)
	at de.uka.ilkd.key.control.AbstractUserInterfaceControl.load(AbstractUserInterfaceControl.java:221)
	at de.uka.ilkd.key.control.KeYEnvironment.load(KeYEnvironment.java:251)
	at de.uka.ilkd.key.control.KeYEnvironment.load(KeYEnvironment.java:224)
	at de.uka.ilkd.key.control.KeYEnvironment.load(KeYEnvironment.java:184)
	at de.uka.ilkd.key.control.KeYEnvironment.load(KeYEnvironment.java:261)
	at de.uka.ilkd.key.proof.runallproofs.proofcollection.TestFile.load(TestFile.java:270)
	at de.uka.ilkd.key.proof.runallproofs.proofcollection.TestFile.runKey(TestFile.java:160)
	at de.uka.ilkd.key.proof.runallproofs.proofcollection.ForkedTestFileRunner.main(ForkedTestFileRunner.java:171)
Caused by: de.uka.ilkd.key.proof.init.ProofInputException: Could not find rule file rules/intRulesCheckedSemantics.key
	at de.uka.ilkd.key.proof.io.KeYFile.readIncludes(KeYFile.java:210)
	at de.uka.ilkd.key.proof.init.ProblemInitializer.readIncludes(ProblemInitializer.java:177)
	at de.uka.ilkd.key.proof.init.ProblemInitializer.readEnvInput(ProblemInitializer.java:325)
	at de.uka.ilkd.key.proof.init.ProblemInitializer.prepare(ProblemInitializer.java:449)
	at de.uka.ilkd.key.proof.io.AbstractProblemLoader.createInitConfig(AbstractProblemLoader.java:518)
	at de.uka.ilkd.key.proof.io.AbstractProblemLoader.loadEnvironment(AbstractProblemLoader.java:288)
	at de.uka.ilkd.key.proof.io.AbstractProblemLoader.load(AbstractProblemLoader.java:252)
	at de.uka.ilkd.key.control.AbstractUserInterfaceControl.load(AbstractUserInterfaceControl.java:209)
	... 7 more
Caused by: java.lang.RuntimeException: Could not find rule file rules/intRulesCheckedSemantics.key
	at de.uka.ilkd.key.proof.io.RuleSourceFactory.fromBuiltInRule(RuleSourceFactory.java:32)
	at de.uka.ilkd.key.proof.io.RuleSourceFactory.fromDefaultLocation(RuleSourceFactory.java:21)
	at de.uka.ilkd.key.nparser.builder.IncludeFinder.addInclude(IncludeFinder.java:63)
	at de.uka.ilkd.key.nparser.builder.IncludeFinder.visitOne_include(IncludeFinder.java:43)
	at de.uka.ilkd.key.nparser.builder.IncludeFinder.visitOne_include(IncludeFinder.java:20)
	at de.uka.ilkd.key.nparser.KeYParser$One_includeContext.accept(KeYParser.java:878)
	at de.uka.ilkd.key.nparser.builder.AbstractBuilder.lambda$mapOf$0(AbstractBuilder.java:112)
	at java.base/java.util.stream.ReferencePipeline$3$1.accept(ReferencePipeline.java:195)
	at java.base/java.util.ArrayList$ArrayListSpliterator.forEachRemaining(ArrayList.java:1655)
	at java.base/java.util.stream.AbstractPipeline.copyInto(AbstractPipeline.java:484)
	at java.base/java.util.stream.AbstractPipeline.wrapAndCopyInto(AbstractPipeline.java:474)
	at java.base/java.util.stream.ReduceOps$ReduceOp.evaluateSequential(ReduceOps.java:913)
	at java.base/java.util.stream.AbstractPipeline.evaluate(AbstractPipeline.java:234)
	at java.base/java.util.stream.ReferencePipeline.collect(ReferencePipeline.java:578)
	at de.uka.ilkd.key.nparser.builder.AbstractBuilder.mapOf(AbstractBuilder.java:112)
	at de.uka.ilkd.key.nparser.builder.IncludeFinder.visitOne_include_statement(IncludeFinder.java:35)
	at de.uka.ilkd.key.nparser.builder.IncludeFinder.visitOne_include_statement(IncludeFinder.java:20)
	at de.uka.ilkd.key.nparser.KeYParser$One_include_statementContext.accept(KeYParser.java:802)
	at org.antlr.v4.runtime.tree.AbstractParseTreeVisitor.visitChildren(AbstractParseTreeVisitor.java:46)
	at de.uka.ilkd.key.nparser.KeYParserBaseVisitor.visitDecls(KeYParserBaseVisitor.java:30)
	at de.uka.ilkd.key.nparser.KeYParser$DeclsContext.accept(KeYParser.java:500)
	at org.antlr.v4.runtime.tree.AbstractParseTreeVisitor.visitChildren(AbstractParseTreeVisitor.java:46)
	at de.uka.ilkd.key.nparser.KeYParserBaseVisitor.visitFile(KeYParserBaseVisitor.java:23)
	at de.uka.ilkd.key.nparser.KeYParser$FileContext.accept(KeYParser.java:306)
	at de.uka.ilkd.key.nparser.KeyAst.accept(KeyAst.java:41)
	at de.uka.ilkd.key.nparser.KeyAst$File.getIncludes(KeyAst.java:76)
	at de.uka.ilkd.key.proof.io.KeYFile.readIncludes(KeYFile.java:208)
	... 14 more
Could not find rule file rules/intRulesCheckedSemantics.key (file: /home/runner/work/key/key/key.core/../key.ui/examples/index/../InformationFlow/SimpleEvoting/simple_evoting.SMTEnv(simple_evoting.SMTEnv__send(int,int,int,simple_evoting.Server,int)).Non-interference contract.0.m.key; caused by: de.uka.ilkd.key.proof.init.ProofInputException: Could not find rule file rules/intRulesCheckedSemantics.key)
	at de.uka.ilkd.key.control.AbstractUserInterfaceControl.load(AbstractUserInterfaceControl.java:221)
	at de.uka.ilkd.key.control.KeYEnvironment.load(KeYEnvironment.java:251)
	at de.uka.ilkd.key.control.KeYEnvironment.load(KeYEnvironment.java:224)
	at de.uka.ilkd.key.control.KeYEnvironment.load(KeYEnvironment.java:184)
	at de.uka.ilkd.key.control.KeYEnvironment.load(KeYEnvironment.java:261)
	at de.uka.ilkd.key.proof.runallproofs.proofcollection.TestFile.load(TestFile.java:270)
	at de.uka.ilkd.key.proof.runallproofs.proofcollection.TestFile.runKey(TestFile.java:160)
	at de.uka.ilkd.key.proof.runallproofs.proofcollection.ForkedTestFileRunner.main(ForkedTestFileRunner.java:171)
Caused by: de.uka.ilkd.key.proof.init.ProofInputException: Could not find rule file rules/intRulesCheckedSemantics.key
	at de.uka.ilkd.key.proof.io.KeYFile.readIncludes(KeYFile.java:210)
	at de.uka.ilkd.key.proof.init.ProblemInitializer.readIncludes(ProblemInitializer.java:177)
	at de.uka.ilkd.key.proof.init.ProblemInitializer.readEnvInput(ProblemInitializer.java:325)
	at de.uka.ilkd.key.proof.init.ProblemInitializer.prepare(ProblemInitializer.java:449)
	at de.uka.ilkd.key.proof.io.AbstractProblemLoader.createInitConfig(AbstractProblemLoader.java:518)
	at de.uka.ilkd.key.proof.io.AbstractProblemLoader.loadEnvironment(AbstractProblemLoader.java:288)
	at de.uka.ilkd.key.proof.io.AbstractProblemLoader.load(AbstractProblemLoader.java:252)
	at de.uka.ilkd.key.control.AbstractUserInterfaceControl.load(AbstractUserInterfaceControl.java:209)
	... 7 more
Caused by: java.lang.RuntimeException: Could not find rule file rules/intRulesCheckedSemantics.key
	at de.uka.ilkd.key.proof.io.RuleSourceFactory.fromBuiltInRule(RuleSourceFactory.java:32)
	at de.uka.ilkd.key.proof.io.RuleSourceFactory.fromDefaultLocation(RuleSourceFactory.java:21)
	at de.uka.ilkd.key.nparser.builder.IncludeFinder.addInclude(IncludeFinder.java:63)
	at de.uka.ilkd.key.nparser.builder.IncludeFinder.visitOne_include(IncludeFinder.java:43)
	at de.uka.ilkd.key.nparser.builder.IncludeFinder.visitOne_include(IncludeFinder.java:20)
	at de.uka.ilkd.key.nparser.KeYParser$One_includeContext.accept(KeYParser.java:878)
	at de.uka.ilkd.key.nparser.builder.AbstractBuilder.lambda$mapOf$0(AbstractBuilder.java:112)
	at java.base/java.util.stream.ReferencePipeline$3$1.accept(ReferencePipeline.java:195)
	at java.base/java.util.ArrayList$ArrayListSpliterator.forEachRemaining(ArrayList.java:1655)
	at java.base/java.util.stream.AbstractPipeline.copyInto(AbstractPipeline.java:484)
	at java.base/java.util.stream.AbstractPipeline.wrapAndCopyInto(AbstractPipeline.java:474)
	at java.base/java.util.stream.ReduceOps$ReduceOp.evaluateSequential(ReduceOps.java:913)
	at java.base/java.util.stream.AbstractPipeline.evaluate(AbstractPipeline.java:234)
	at java.base/java.util.stream.ReferencePipeline.collect(ReferencePipeline.java:578)
	at de.uka.ilkd.key.nparser.builder.AbstractBuilder.mapOf(AbstractBuilder.java:112)
	at de.uka.ilkd.key.nparser.builder.IncludeFinder.visitOne_include_statement(IncludeFinder.java:35)
	at de.uka.ilkd.key.nparser.builder.IncludeFinder.visitOne_include_statement(IncludeFinder.java:20)
	at de.uka.ilkd.key.nparser.KeYParser$One_include_statementContext.accept(KeYParser.java:802)
	at org.antlr.v4.runtime.tree.AbstractParseTreeVisitor.visitChildren(AbstractParseTreeVisitor.java:46)
	at de.uka.ilkd.key.nparser.KeYParserBaseVisitor.visitDecls(KeYParserBaseVisitor.java:30)
	at de.uka.ilkd.key.nparser.KeYParser$DeclsContext.accept(KeYParser.java:500)
	at org.antlr.v4.runtime.tree.AbstractParseTreeVisitor.visitChildren(AbstractParseTreeVisitor.java:46)
	at de.uka.ilkd.key.nparser.KeYParserBaseVisitor.visitFile(KeYParserBaseVisitor.java:23)
	at de.uka.ilkd.key.nparser.KeYParser$FileContext.accept(KeYParser.java:306)
	at de.uka.ilkd.key.nparser.KeyAst.accept(KeyAst.java:41)
	at de.uka.ilkd.key.nparser.KeyAst$File.getIncludes(KeyAst.java:76)
	at de.uka.ilkd.key.proof.io.KeYFile.readIncludes(KeYFile.java:208)
	... 14 more
Could not find rule file rules/intRulesCheckedSemantics.key (file: /home/runner/work/key/key/key.core/../key.ui/examples/index/../InformationFlow/SimpleEvoting/simple_evoting.NetworkClient(simple_evoting.NetworkClient__send((B,simple_evoting.Server,int)).Non-interference contract.0.m.key; caused by: de.uka.ilkd.key.proof.init.ProofInputException: Could not find rule file rules/intRulesCheckedSemantics.key)
	at de.uka.ilkd.key.control.AbstractUserInterfaceControl.load(AbstractUserInterfaceControl.java:221)
	at de.uka.ilkd.key.control.KeYEnvironment.load(KeYEnvironment.java:251)
	at de.uka.ilkd.key.control.KeYEnvironment.load(KeYEnvironment.java:224)
	at de.uka.ilkd.key.control.KeYEnvironment.load(KeYEnvironment.java:184)
	at de.uka.ilkd.key.control.KeYEnvironment.load(KeYEnvironment.java:261)
	at de.uka.ilkd.key.proof.runallproofs.proofcollection.TestFile.load(TestFile.java:270)
	at de.uka.ilkd.key.proof.runallproofs.proofcollection.TestFile.runKey(TestFile.java:160)
	at de.uka.ilkd.key.proof.runallproofs.proofcollection.ForkedTestFileRunner.main(ForkedTestFileRunner.java:171)
Caused by: de.uka.ilkd.key.proof.init.ProofInputException: Could not find rule file rules/intRulesCheckedSemantics.key
	at de.uka.ilkd.key.proof.io.KeYFile.readIncludes(KeYFile.java:210)
	at de.uka.ilkd.key.proof.init.ProblemInitializer.readIncludes(ProblemInitializer.java:177)
	at de.uka.ilkd.key.proof.init.ProblemInitializer.readEnvInput(ProblemInitializer.java:325)
	at de.uka.ilkd.key.proof.init.ProblemInitializer.prepare(ProblemInitializer.java:449)
	at de.uka.ilkd.key.proof.io.AbstractProblemLoader.createInitConfig(AbstractProblemLoader.java:518)
	at de.uka.ilkd.key.proof.io.AbstractProblemLoader.loadEnvironment(AbstractProblemLoader.java:288)
	at de.uka.ilkd.key.proof.io.AbstractProblemLoader.load(AbstractProblemLoader.java:252)
	at de.uka.ilkd.key.control.AbstractUserInterfaceControl.load(AbstractUserInterfaceControl.java:209)
	... 7 more
Caused by: java.lang.RuntimeException: Could not find rule file rules/intRulesCheckedSemantics.key
	at de.uka.ilkd.key.proof.io.RuleSourceFactory.fromBuiltInRule(RuleSourceFactory.java:32)
	at de.uka.ilkd.key.proof.io.RuleSourceFactory.fromDefaultLocation(RuleSourceFactory.java:21)
	at de.uka.ilkd.key.nparser.builder.IncludeFinder.addInclude(IncludeFinder.java:63)
	at de.uka.ilkd.key.nparser.builder.IncludeFinder.visitOne_include(IncludeFinder.java:43)
	at de.uka.ilkd.key.nparser.builder.IncludeFinder.visitOne_include(IncludeFinder.java:20)
	at de.uka.ilkd.key.nparser.KeYParser$One_includeContext.accept(KeYParser.java:878)
	at de.uka.ilkd.key.nparser.builder.AbstractBuilder.lambda$mapOf$0(AbstractBuilder.java:112)
	at java.base/java.util.stream.ReferencePipeline$3$1.accept(ReferencePipeline.java:195)
	at java.base/java.util.ArrayList$ArrayListSpliterator.forEachRemaining(ArrayList.java:1655)
	at java.base/java.util.stream.AbstractPipeline.copyInto(AbstractPipeline.java:484)
	at java.base/java.util.stream.AbstractPipeline.wrapAndCopyInto(AbstractPipeline.java:474)
	at java.base/java.util.stream.ReduceOps$ReduceOp.evaluateSequential(ReduceOps.java:913)
	at java.base/java.util.stream.AbstractPipeline.evaluate(AbstractPipeline.java:234)
	at java.base/java.util.stream.ReferencePipeline.collect(ReferencePipeline.java:578)
	at de.uka.ilkd.key.nparser.builder.AbstractBuilder.mapOf(AbstractBuilder.java:112)
	at de.uka.ilkd.key.nparser.builder.IncludeFinder.visitOne_include_statement(IncludeFinder.java:35)
	at de.uka.ilkd.key.nparser.builder.IncludeFinder.visitOne_include_statement(IncludeFinder.java:20)
	at de.uka.ilkd.key.nparser.KeYParser$One_include_statementContext.accept(KeYParser.java:802)
	at org.antlr.v4.runtime.tree.AbstractParseTreeVisitor.visitChildren(AbstractParseTreeVisitor.java:46)
	at de.uka.ilkd.key.nparser.KeYParserBaseVisitor.visitDecls(KeYParserBaseVisitor.java:30)
	at de.uka.ilkd.key.nparser.KeYParser$DeclsContext.accept(KeYParser.java:500)
	at org.antlr.v4.runtime.tree.AbstractParseTreeVisitor.visitChildren(AbstractParseTreeVisitor.java:46)
	at de.uka.ilkd.key.nparser.KeYParserBaseVisitor.visitFile(KeYParserBaseVisitor.java:23)
	at de.uka.ilkd.key.nparser.KeYParser$FileContext.accept(KeYParser.java:306)
	at de.uka.ilkd.key.nparser.KeyAst.accept(KeyAst.java:41)
	at de.uka.ilkd.key.nparser.KeyAst$File.getIncludes(KeyAst.java:76)
	at de.uka.ilkd.key.proof.io.KeYFile.readIncludes(KeYFile.java:208)
	... 14 more
Could not find rule file rules/intRulesCheckedSemantics.key (file: /home/runner/work/key/key/key.core/../key.ui/examples/index/../InformationFlow/SimpleEvoting/simple_evoting.Voter(simple_evoting.Voter__onSendBallot(simple_evoting.Server)).Non-interference contract.1.m.key; caused by: de.uka.ilkd.key.proof.init.ProofInputException: Could not find rule file rules/intRulesCheckedSemantics.key)
	at de.uka.ilkd.key.control.AbstractUserInterfaceControl.load(AbstractUserInterfaceControl.java:221)
	at de.uka.ilkd.key.control.KeYEnvironment.load(KeYEnvironment.java:251)
	at de.uka.ilkd.key.control.KeYEnvironment.load(KeYEnvironment.java:224)
	at de.uka.ilkd.key.control.KeYEnvironment.load(KeYEnvironment.java:184)
	at de.uka.ilkd.key.control.KeYEnvironment.load(KeYEnvironment.java:261)
	at de.uka.ilkd.key.proof.runallproofs.proofcollection.TestFile.load(TestFile.java:270)
	at de.uka.ilkd.key.proof.runallproofs.proofcollection.TestFile.runKey(TestFile.java:160)
	at de.uka.ilkd.key.proof.runallproofs.proofcollection.ForkedTestFileRunner.main(ForkedTestFileRunner.java:171)
Caused by: de.uka.ilkd.key.proof.init.ProofInputException: Could not find rule file rules/intRulesCheckedSemantics.key
	at de.uka.ilkd.key.proof.io.KeYFile.readIncludes(KeYFile.java:210)
	at de.uka.ilkd.key.proof.init.ProblemInitializer.readIncludes(ProblemInitializer.java:177)
	at de.uka.ilkd.key.proof.init.ProblemInitializer.readEnvInput(ProblemInitializer.java:325)
	at de.uka.ilkd.key.proof.init.ProblemInitializer.prepare(ProblemInitializer.java:449)
	at de.uka.ilkd.key.proof.io.AbstractProblemLoader.createInitConfig(AbstractProblemLoader.java:518)
	at de.uka.ilkd.key.proof.io.AbstractProblemLoader.loadEnvironment(AbstractProblemLoader.java:288)
	at de.uka.ilkd.key.proof.io.AbstractProblemLoader.load(AbstractProblemLoader.java:252)
	at de.uka.ilkd.key.control.AbstractUserInterfaceControl.load(AbstractUserInterfaceControl.java:209)
	... 7 more
Caused by: java.lang.RuntimeException: Could not find rule file rules/intRulesCheckedSemantics.key
	at de.uka.ilkd.key.proof.io.RuleSourceFactory.fromBuiltInRule(RuleSourceFactory.java:32)
	at de.uka.ilkd.key.proof.io.RuleSourceFactory.fromDefaultLocation(RuleSourceFactory.java:21)
	at de.uka.ilkd.key.nparser.builder.IncludeFinder.addInclude(IncludeFinder.java:63)
	at de.uka.ilkd.key.nparser.builder.IncludeFinder.visitOne_include(IncludeFinder.java:43)
	at de.uka.ilkd.key.nparser.builder.IncludeFinder.visitOne_include(IncludeFinder.java:20)
	at de.uka.ilkd.key.nparser.KeYParser$One_includeContext.accept(KeYParser.java:878)
	at de.uka.ilkd.key.nparser.builder.AbstractBuilder.lambda$mapOf$0(AbstractBuilder.java:112)
	at java.base/java.util.stream.ReferencePipeline$3$1.accept(ReferencePipeline.java:195)
	at java.base/java.util.ArrayList$ArrayListSpliterator.forEachRemaining(ArrayList.java:1655)
	at java.base/java.util.stream.AbstractPipeline.copyInto(AbstractPipeline.java:484)
	at java.base/java.util.stream.AbstractPipeline.wrapAndCopyInto(AbstractPipeline.java:474)
	at java.base/java.util.stream.ReduceOps$ReduceOp.evaluateSequential(ReduceOps.java:913)
	at java.base/java.util.stream.AbstractPipeline.evaluate(AbstractPipeline.java:234)
	at java.base/java.util.stream.ReferencePipeline.collect(ReferencePipeline.java:578)
	at de.uka.ilkd.key.nparser.builder.AbstractBuilder.mapOf(AbstractBuilder.java:112)
	at de.uka.ilkd.key.nparser.builder.IncludeFinder.visitOne_include_statement(IncludeFinder.java:35)
	at de.uka.ilkd.key.nparser.builder.IncludeFinder.visitOne_include_statement(IncludeFinder.java:20)
	at de.uka.ilkd.key.nparser.KeYParser$One_include_statementContext.accept(KeYParser.java:802)
	at org.antlr.v4.runtime.tree.AbstractParseTreeVisitor.visitChildren(AbstractParseTreeVisitor.java:46)
	at de.uka.ilkd.key.nparser.KeYParserBaseVisitor.visitDecls(KeYParserBaseVisitor.java:30)
	at de.uka.ilkd.key.nparser.KeYParser$DeclsContext.accept(KeYParser.java:500)
	at org.antlr.v4.runtime.tree.AbstractParseTreeVisitor.visitChildren(AbstractParseTreeVisitor.java:46)
	at de.uka.ilkd.key.nparser.KeYParserBaseVisitor.visitFile(KeYParserBaseVisitor.java:23)
	at de.uka.ilkd.key.nparser.KeYParser$FileContext.accept(KeYParser.java:306)
	at de.uka.ilkd.key.nparser.KeyAst.accept(KeyAst.java:41)
	at de.uka.ilkd.key.nparser.KeyAst$File.getIncludes(KeyAst.java:76)
	at de.uka.ilkd.key.proof.io.KeYFile.readIncludes(KeYFile.java:208)
	... 14 more
Could not find rule file rules/intRulesCheckedSemantics.key (file: /home/runner/work/key/key/key.core/../key.ui/examples/index/../InformationFlow/SimpleEvoting/simple_evoting.Voter(simple_evoting.Voter__onSendBallot(simple_evoting.Server)).Non-interference contract.0.m.key; caused by: de.uka.ilkd.key.proof.init.ProofInputException: Could not find rule file rules/intRulesCheckedSemantics.key)
	at de.uka.ilkd.key.control.AbstractUserInterfaceControl.load(AbstractUserInterfaceControl.java:221)
	at de.uka.ilkd.key.control.KeYEnvironment.load(KeYEnvironment.java:251)
	at de.uka.ilkd.key.control.KeYEnvironment.load(KeYEnvironment.java:224)
	at de.uka.ilkd.key.control.KeYEnvironment.load(KeYEnvironment.java:184)
	at de.uka.ilkd.key.control.KeYEnvironment.load(KeYEnvironment.java:261)
	at de.uka.ilkd.key.proof.runallproofs.proofcollection.TestFile.load(TestFile.java:270)
	at de.uka.ilkd.key.proof.runallproofs.proofcollection.TestFile.runKey(TestFile.java:160)
	at de.uka.ilkd.key.proof.runallproofs.proofcollection.ForkedTestFileRunner.main(ForkedTestFileRunner.java:171)
Caused by: de.uka.ilkd.key.proof.init.ProofInputException: Could not find rule file rules/intRulesCheckedSemantics.key
	at de.uka.ilkd.key.proof.io.KeYFile.readIncludes(KeYFile.java:210)
	at de.uka.ilkd.key.proof.init.ProblemInitializer.readIncludes(ProblemInitializer.java:177)
	at de.uka.ilkd.key.proof.init.ProblemInitializer.readEnvInput(ProblemInitializer.java:325)
	at de.uka.ilkd.key.proof.init.ProblemInitializer.prepare(ProblemInitializer.java:449)
	at de.uka.ilkd.key.proof.io.AbstractProblemLoader.createInitConfig(AbstractProblemLoader.java:518)
	at de.uka.ilkd.key.proof.io.AbstractProblemLoader.loadEnvironment(AbstractProblemLoader.java:288)
	at de.uka.ilkd.key.proof.io.AbstractProblemLoader.load(AbstractProblemLoader.java:252)
	at de.uka.ilkd.key.control.AbstractUserInterfaceControl.load(AbstractUserInterfaceControl.java:209)
	... 7 more
Caused by: java.lang.RuntimeException: Could not find rule file rules/intRulesCheckedSemantics.key
	at de.uka.ilkd.key.proof.io.RuleSourceFactory.fromBuiltInRule(RuleSourceFactory.java:32)
	at de.uka.ilkd.key.proof.io.RuleSourceFactory.fromDefaultLocation(RuleSourceFactory.java:21)
	at de.uka.ilkd.key.nparser.builder.IncludeFinder.addInclude(IncludeFinder.java:63)
	at de.uka.ilkd.key.nparser.builder.IncludeFinder.visitOne_include(IncludeFinder.java:43)
	at de.uka.ilkd.key.nparser.builder.IncludeFinder.visitOne_include(IncludeFinder.java:20)
	at de.uka.ilkd.key.nparser.KeYParser$One_includeContext.accept(KeYParser.java:878)
	at de.uka.ilkd.key.nparser.builder.AbstractBuilder.lambda$mapOf$0(AbstractBuilder.java:112)
	at java.base/java.util.stream.ReferencePipeline$3$1.accept(ReferencePipeline.java:195)
	at java.base/java.util.ArrayList$ArrayListSpliterator.forEachRemaining(ArrayList.java:1655)
	at java.base/java.util.stream.AbstractPipeline.copyInto(AbstractPipeline.java:484)
	at java.base/java.util.stream.AbstractPipeline.wrapAndCopyInto(AbstractPipeline.java:474)
	at java.base/java.util.stream.ReduceOps$ReduceOp.evaluateSequential(ReduceOps.java:913)
	at java.base/java.util.stream.AbstractPipeline.evaluate(AbstractPipeline.java:234)
	at java.base/java.util.stream.ReferencePipeline.collect(ReferencePipeline.java:578)
	at de.uka.ilkd.key.nparser.builder.AbstractBuilder.mapOf(AbstractBuilder.java:112)
	at de.uka.ilkd.key.nparser.builder.IncludeFinder.visitOne_include_statement(IncludeFinder.java:35)
	at de.uka.ilkd.key.nparser.builder.IncludeFinder.visitOne_include_statement(IncludeFinder.java:20)
	at de.uka.ilkd.key.nparser.KeYParser$One_include_statementContext.accept(KeYParser.java:802)
	at org.antlr.v4.runtime.tree.AbstractParseTreeVisitor.visitChildren(AbstractParseTreeVisitor.java:46)
	at de.uka.ilkd.key.nparser.KeYParserBaseVisitor.visitDecls(KeYParserBaseVisitor.java:30)
	at de.uka.ilkd.key.nparser.KeYParser$DeclsContext.accept(KeYParser.java:500)
	at org.antlr.v4.runtime.tree.AbstractParseTreeVisitor.visitChildren(AbstractParseTreeVisitor.java:46)
	at de.uka.ilkd.key.nparser.KeYParserBaseVisitor.visitFile(KeYParserBaseVisitor.java:23)
	at de.uka.ilkd.key.nparser.KeYParser$FileContext.accept(KeYParser.java:306)
	at de.uka.ilkd.key.nparser.KeyAst.accept(KeyAst.java:41)
	at de.uka.ilkd.key.nparser.KeyAst$File.getIncludes(KeyAst.java:76)
	at de.uka.ilkd.key.proof.io.KeYFile.readIncludes(KeYFile.java:208)
	... 14 more
Exception in thread "main" org.opentest4j.AssertionFailedError: Exception during the execution of proofs. See log for more details.
	at org.junit.jupiter.api.AssertionUtils.fail(AssertionUtils.java:39)
	at org.junit.jupiter.api.Assertions.fail(Assertions.java:134)
	at de.uka.ilkd.key.proof.runallproofs.proofcollection.ForkedTestFileRunner.main(ForkedTestFileRunner.java:192)
]]></system-err>
</testsuite>
