<?xml version="1.0" encoding="UTF-8"?>
<testsuite name="de.uka.ilkd.key.java.visitor.TestDeclarationProgramVariableCollector" tests="1" skipped="0" failures="0" errors="0" timestamp="2023-03-20T21:21:21" hostname="fv-az364-559" time="0.012">
  <properties/>
  <testcase name="testVisitor()" classname="de.uka.ilkd.key.java.visitor.TestDeclarationProgramVariableCollector" time="0.012"/>
  <system-out><![CDATA[]]></system-out>
  <system-err><![CDATA[]]></system-err>
</testsuite>
