<?xml version="1.0" encoding="UTF-8"?>
<testsuite name="de.uka.ilkd.key.proof.runallproofs.RunAllProofsInfFlow" tests="30" skipped="0" failures="0" errors="0" timestamp="2023-03-04T14:07:24" hostname="fv-az456-989" time="3326.321">
  <properties/>
  <testcase name="ToyVoting" classname="de.uka.ilkd.key.proof.runallproofs.RunAllProofsInfFlow" time="32.171"/>
  <testcase name="ConditionalConfidential" classname="de.uka.ilkd.key.proof.runallproofs.RunAllProofsInfFlow" time="17.813"/>
  <testcase name="SumExample" classname="de.uka.ilkd.key.proof.runallproofs.RunAllProofsInfFlow" time="11.975"/>
  <testcase name="ToyBanking" classname="de.uka.ilkd.key.proof.runallproofs.RunAllProofsInfFlow" time="132.873"/>
  <testcase name="BlockContracts" classname="de.uka.ilkd.key.proof.runallproofs.RunAllProofsInfFlow" time="79.431"/>
  <testcase name="MethodContracts" classname="de.uka.ilkd.key.proof.runallproofs.RunAllProofsInfFlow" time="91.179"/>
  <testcase name="LoopInvariants" classname="de.uka.ilkd.key.proof.runallproofs.RunAllProofsInfFlow" time="87.454"/>
  <testcase name="MiniExamples" classname="de.uka.ilkd.key.proof.runallproofs.RunAllProofsInfFlow" time="114.954"/>
  <testcase name="NewObjects" classname="de.uka.ilkd.key.proof.runallproofs.RunAllProofsInfFlow" time="95.904"/>
  <testcase name="passwordfile.SecurePasswordFile(passwordfile.SecurePasswordFile___userIndex()).JML accessible clause.0.key" classname="de.uka.ilkd.key.proof.runallproofs.RunAllProofsInfFlow" time="10.852"/>
  <testcase name="SimpleEvoting" classname="de.uka.ilkd.key.proof.runallproofs.RunAllProofsInfFlow" time="195.384"/>
  <testcase name="ToyVoting_nomacro" classname="de.uka.ilkd.key.proof.runallproofs.RunAllProofsInfFlow" time="41.655"/>
  <testcase name="ConditionalConfidential_nomacro" classname="de.uka.ilkd.key.proof.runallproofs.RunAllProofsInfFlow" time="0.001"/>
  <testcase name="SumExample_nomacro" classname="de.uka.ilkd.key.proof.runallproofs.RunAllProofsInfFlow" time="13.732"/>
  <testcase name="ToyBanking_nomacro" classname="de.uka.ilkd.key.proof.runallproofs.RunAllProofsInfFlow" time="97.272"/>
  <testcase name="BlockContracts_nomacro" classname="de.uka.ilkd.key.proof.runallproofs.RunAllProofsInfFlow" time="97.848"/>
  <testcase name="MethodContracts_nomacro" classname="de.uka.ilkd.key.proof.runallproofs.RunAllProofsInfFlow" time="89.758"/>
  <testcase name="LoopInvariants_nomacro" classname="de.uka.ilkd.key.proof.runallproofs.RunAllProofsInfFlow" time="135.845"/>
  <testcase name="MiniExamples_nomacro" classname="de.uka.ilkd.key.proof.runallproofs.RunAllProofsInfFlow" time="123.158"/>
  <testcase name="NewObjects_nomacro" classname="de.uka.ilkd.key.proof.runallproofs.RunAllProofsInfFlow" time="160.969"/>
  <testcase name="SimpleEvoting_nomacro" classname="de.uka.ilkd.key.proof.runallproofs.RunAllProofsInfFlow" time="160.998"/>
  <testcase name="ToyVoting_fullmacro" classname="de.uka.ilkd.key.proof.runallproofs.RunAllProofsInfFlow" time="70.144"/>
  <testcase name="SumExample_fullmacro" classname="de.uka.ilkd.key.proof.runallproofs.RunAllProofsInfFlow" time="12.888"/>
  <testcase name="ToyBanking_fullmacro" classname="de.uka.ilkd.key.proof.runallproofs.RunAllProofsInfFlow" time="304.438"/>
  <testcase name="BlockContracts_fullmacro" classname="de.uka.ilkd.key.proof.runallproofs.RunAllProofsInfFlow" time="103.424"/>
  <testcase name="MethodContracts_fullmacro" classname="de.uka.ilkd.key.proof.runallproofs.RunAllProofsInfFlow" time="94.13"/>
  <testcase name="InformationFlow_fullmacro" classname="de.uka.ilkd.key.proof.runallproofs.RunAllProofsInfFlow" time="377.846"/>
  <testcase name="MiniExamples_fullmacro" classname="de.uka.ilkd.key.proof.runallproofs.RunAllProofsInfFlow" time="124.696"/>
  <testcase name="NewObjects_fullmacro" classname="de.uka.ilkd.key.proof.runallproofs.RunAllProofsInfFlow" time="234.91"/>
  <testcase name="SimpleEvoting_fullmacro" classname="de.uka.ilkd.key.proof.runallproofs.RunAllProofsInfFlow" time="212.603"/>
  <system-out><![CDATA[14:07:24,005 |-INFO in ch.qos.logback.classic.LoggerContext[default] - Could NOT find resource [logback-test.xml]
14:07:24,006 |-INFO in ch.qos.logback.classic.LoggerContext[default] - Found resource [logback.xml] at [file:/home/runner/work/key/key/key.core/build/resources/test/logback.xml]
14:07:24,323 |-INFO in ch.qos.logback.classic.joran.action.ConfigurationAction - debug attribute not set
14:07:24,324 |-INFO in ch.qos.logback.core.joran.action.AppenderAction - About to instantiate appender of type [ch.qos.logback.core.ConsoleAppender]
14:07:24,329 |-INFO in ch.qos.logback.core.joran.action.AppenderAction - Naming appender as [STDOUT]
14:07:24,333 |-ERROR in ch.qos.logback.core.joran.spi.Interpreter@3:15 - no applicable action for [file], current ElementPath  is [[configuration][appender][file]]
14:07:24,334 |-ERROR in ch.qos.logback.core.joran.spi.Interpreter@4:17 - no applicable action for [append], current ElementPath  is [[configuration][appender][append]]
14:07:24,335 |-INFO in ch.qos.logback.core.joran.action.NestedComplexPropertyIA - Assuming default type [ch.qos.logback.classic.encoder.PatternLayoutEncoder] for [encoder] property
14:07:24,356 |-INFO in ch.qos.logback.classic.joran.action.RootLoggerAction - Setting level of ROOT logger to WARN
14:07:24,356 |-INFO in ch.qos.logback.core.joran.action.AppenderRefAction - Attaching appender named [STDOUT] to Logger[ROOT]
14:07:24,356 |-INFO in ch.qos.logback.classic.joran.action.ConfigurationAction - End of configuration.
14:07:24,357 |-INFO in ch.qos.logback.classic.joran.JoranConfigurator@79da1ec0 - Registering current configuration as safe fallback point

Running test ToyVoting
14:07:24,674 |-INFO in ch.qos.logback.classic.LoggerContext[default] - Could NOT find resource [logback-test.xml]
14:07:24,677 |-INFO in ch.qos.logback.classic.LoggerContext[default] - Found resource [logback.xml] at [file:/home/runner/work/key/key/key.core/build/resources/test/logback.xml]
14:07:24,808 |-INFO in ch.qos.logback.classic.joran.action.ConfigurationAction - debug attribute not set
14:07:24,809 |-INFO in ch.qos.logback.core.joran.action.AppenderAction - About to instantiate appender of type [ch.qos.logback.core.ConsoleAppender]
14:07:24,830 |-INFO in ch.qos.logback.core.joran.action.AppenderAction - Naming appender as [STDOUT]
14:07:24,835 |-ERROR in ch.qos.logback.core.joran.spi.Interpreter@3:15 - no applicable action for [file], current ElementPath  is [[configuration][appender][file]]
14:07:24,836 |-ERROR in ch.qos.logback.core.joran.spi.Interpreter@4:17 - no applicable action for [append], current ElementPath  is [[configuration][appender][append]]
14:07:24,837 |-INFO in ch.qos.logback.core.joran.action.NestedComplexPropertyIA - Assuming default type [ch.qos.logback.classic.encoder.PatternLayoutEncoder] for [encoder] property
14:07:24,860 |-INFO in ch.qos.logback.classic.joran.action.RootLoggerAction - Setting level of ROOT logger to WARN
14:07:24,860 |-INFO in ch.qos.logback.core.joran.action.AppenderRefAction - Attaching appender named [STDOUT] to Logger[ROOT]
14:07:24,861 |-INFO in ch.qos.logback.classic.joran.action.ConfigurationAction - End of configuration.
14:07:24,863 |-INFO in ch.qos.logback.classic.joran.JoranConfigurator@2f177a4b - Registering current configuration as safe fallback point

351        WARN  main            d.u.i.k.s.ProofSettings   No proof-settings could be loaded, using defaults java.io.FileNotFoundException: /home/runner/.key/proof-settings.props (No such file or directory)
	at java.base/java.io.FileInputStream.open0(Native Method)

Returning from test ToyVoting
Running test ConditionalConfidential
14:07:56,919 |-INFO in ch.qos.logback.classic.LoggerContext[default] - Could NOT find resource [logback-test.xml]
14:07:56,920 |-INFO in ch.qos.logback.classic.LoggerContext[default] - Found resource [logback.xml] at [file:/home/runner/work/key/key/key.core/build/resources/test/logback.xml]
14:07:57,048 |-INFO in ch.qos.logback.classic.joran.action.ConfigurationAction - debug attribute not set
14:07:57,049 |-INFO in ch.qos.logback.core.joran.action.AppenderAction - About to instantiate appender of type [ch.qos.logback.core.ConsoleAppender]
14:07:57,067 |-INFO in ch.qos.logback.core.joran.action.AppenderAction - Naming appender as [STDOUT]
14:07:57,074 |-ERROR in ch.qos.logback.core.joran.spi.Interpreter@3:15 - no applicable action for [file], current ElementPath  is [[configuration][appender][file]]
14:07:57,075 |-ERROR in ch.qos.logback.core.joran.spi.Interpreter@4:17 - no applicable action for [append], current ElementPath  is [[configuration][appender][append]]
14:07:57,079 |-INFO in ch.qos.logback.core.joran.action.NestedComplexPropertyIA - Assuming default type [ch.qos.logback.classic.encoder.PatternLayoutEncoder] for [encoder] property
14:07:57,109 |-INFO in ch.qos.logback.classic.joran.action.RootLoggerAction - Setting level of ROOT logger to WARN
14:07:57,109 |-INFO in ch.qos.logback.core.joran.action.AppenderRefAction - Attaching appender named [STDOUT] to Logger[ROOT]
14:07:57,110 |-INFO in ch.qos.logback.classic.joran.action.ConfigurationAction - End of configuration.
14:07:57,111 |-INFO in ch.qos.logback.classic.joran.JoranConfigurator@2f177a4b - Registering current configuration as safe fallback point

387        WARN  main            d.u.i.k.s.ProofSettings   The settings in /home/runner/.key/proof-settings.props are *not* read. 
Returning from test ConditionalConfidential
Running test SumExample
14:08:14,628 |-INFO in ch.qos.logback.classic.LoggerContext[default] - Could NOT find resource [logback-test.xml]
14:08:14,633 |-INFO in ch.qos.logback.classic.LoggerContext[default] - Found resource [logback.xml] at [file:/home/runner/work/key/key/key.core/build/resources/test/logback.xml]
14:08:14,780 |-INFO in ch.qos.logback.classic.joran.action.ConfigurationAction - debug attribute not set
14:08:14,780 |-INFO in ch.qos.logback.core.joran.action.AppenderAction - About to instantiate appender of type [ch.qos.logback.core.ConsoleAppender]
14:08:14,794 |-INFO in ch.qos.logback.core.joran.action.AppenderAction - Naming appender as [STDOUT]
14:08:14,799 |-ERROR in ch.qos.logback.core.joran.spi.Interpreter@3:15 - no applicable action for [file], current ElementPath  is [[configuration][appender][file]]
14:08:14,799 |-ERROR in ch.qos.logback.core.joran.spi.Interpreter@4:17 - no applicable action for [append], current ElementPath  is [[configuration][appender][append]]
14:08:14,801 |-INFO in ch.qos.logback.core.joran.action.NestedComplexPropertyIA - Assuming default type [ch.qos.logback.classic.encoder.PatternLayoutEncoder] for [encoder] property
14:08:14,824 |-INFO in ch.qos.logback.classic.joran.action.RootLoggerAction - Setting level of ROOT logger to WARN
14:08:14,824 |-INFO in ch.qos.logback.core.joran.action.AppenderRefAction - Attaching appender named [STDOUT] to Logger[ROOT]
14:08:14,825 |-INFO in ch.qos.logback.classic.joran.action.ConfigurationAction - End of configuration.
14:08:14,827 |-INFO in ch.qos.logback.classic.joran.JoranConfigurator@29176cc1 - Registering current configuration as safe fallback point

345        WARN  main            d.u.i.k.s.ProofSettings   The settings in /home/runner/.key/proof-settings.props are *not* read. 
Returning from test SumExample
Running test ToyBanking
14:08:26,604 |-INFO in ch.qos.logback.classic.LoggerContext[default] - Could NOT find resource [logback-test.xml]
14:08:26,605 |-INFO in ch.qos.logback.classic.LoggerContext[default] - Found resource [logback.xml] at [file:/home/runner/work/key/key/key.core/build/resources/test/logback.xml]
14:08:26,722 |-INFO in ch.qos.logback.classic.joran.action.ConfigurationAction - debug attribute not set
14:08:26,722 |-INFO in ch.qos.logback.core.joran.action.AppenderAction - About to instantiate appender of type [ch.qos.logback.core.ConsoleAppender]
14:08:26,738 |-INFO in ch.qos.logback.core.joran.action.AppenderAction - Naming appender as [STDOUT]
14:08:26,743 |-ERROR in ch.qos.logback.core.joran.spi.Interpreter@3:15 - no applicable action for [file], current ElementPath  is [[configuration][appender][file]]
14:08:26,746 |-ERROR in ch.qos.logback.core.joran.spi.Interpreter@4:17 - no applicable action for [append], current ElementPath  is [[configuration][appender][append]]
14:08:26,749 |-INFO in ch.qos.logback.core.joran.action.NestedComplexPropertyIA - Assuming default type [ch.qos.logback.classic.encoder.PatternLayoutEncoder] for [encoder] property
14:08:26,790 |-INFO in ch.qos.logback.classic.joran.action.RootLoggerAction - Setting level of ROOT logger to WARN
14:08:26,790 |-INFO in ch.qos.logback.core.joran.action.AppenderRefAction - Attaching appender named [STDOUT] to Logger[ROOT]
14:08:26,790 |-INFO in ch.qos.logback.classic.joran.action.ConfigurationAction - End of configuration.
14:08:26,792 |-INFO in ch.qos.logback.classic.joran.JoranConfigurator@29176cc1 - Registering current configuration as safe fallback point

349        WARN  main            d.u.i.k.s.ProofSettings   The settings in /home/runner/.key/proof-settings.props are *not* read. 
Returning from test ToyBanking
Running test BlockContracts
14:10:39,468 |-INFO in ch.qos.logback.classic.LoggerContext[default] - Could NOT find resource [logback-test.xml]
14:10:39,469 |-INFO in ch.qos.logback.classic.LoggerContext[default] - Found resource [logback.xml] at [file:/home/runner/work/key/key/key.core/build/resources/test/logback.xml]
14:10:39,607 |-INFO in ch.qos.logback.classic.joran.action.ConfigurationAction - debug attribute not set
14:10:39,607 |-INFO in ch.qos.logback.core.joran.action.AppenderAction - About to instantiate appender of type [ch.qos.logback.core.ConsoleAppender]
14:10:39,620 |-INFO in ch.qos.logback.core.joran.action.AppenderAction - Naming appender as [STDOUT]
14:10:39,625 |-ERROR in ch.qos.logback.core.joran.spi.Interpreter@3:15 - no applicable action for [file], current ElementPath  is [[configuration][appender][file]]
14:10:39,626 |-ERROR in ch.qos.logback.core.joran.spi.Interpreter@4:17 - no applicable action for [append], current ElementPath  is [[configuration][appender][append]]
14:10:39,627 |-INFO in ch.qos.logback.core.joran.action.NestedComplexPropertyIA - Assuming default type [ch.qos.logback.classic.encoder.PatternLayoutEncoder] for [encoder] property
14:10:39,650 |-INFO in ch.qos.logback.classic.joran.action.RootLoggerAction - Setting level of ROOT logger to WARN
14:10:39,650 |-INFO in ch.qos.logback.core.joran.action.AppenderRefAction - Attaching appender named [STDOUT] to Logger[ROOT]
14:10:39,651 |-INFO in ch.qos.logback.classic.joran.action.ConfigurationAction - End of configuration.
14:10:39,653 |-INFO in ch.qos.logback.classic.joran.JoranConfigurator@29176cc1 - Registering current configuration as safe fallback point

349        WARN  main            d.u.i.k.s.ProofSettings   The settings in /home/runner/.key/proof-settings.props are *not* read. 
Returning from test BlockContracts
Running test MethodContracts
14:11:58,900 |-INFO in ch.qos.logback.classic.LoggerContext[default] - Could NOT find resource [logback-test.xml]
14:11:58,901 |-INFO in ch.qos.logback.classic.LoggerContext[default] - Found resource [logback.xml] at [file:/home/runner/work/key/key/key.core/build/resources/test/logback.xml]
14:11:59,038 |-INFO in ch.qos.logback.classic.joran.action.ConfigurationAction - debug attribute not set
14:11:59,039 |-INFO in ch.qos.logback.core.joran.action.AppenderAction - About to instantiate appender of type [ch.qos.logback.core.ConsoleAppender]
14:11:59,052 |-INFO in ch.qos.logback.core.joran.action.AppenderAction - Naming appender as [STDOUT]
14:11:59,058 |-ERROR in ch.qos.logback.core.joran.spi.Interpreter@3:15 - no applicable action for [file], current ElementPath  is [[configuration][appender][file]]
14:11:59,059 |-ERROR in ch.qos.logback.core.joran.spi.Interpreter@4:17 - no applicable action for [append], current ElementPath  is [[configuration][appender][append]]
14:11:59,060 |-INFO in ch.qos.logback.core.joran.action.NestedComplexPropertyIA - Assuming default type [ch.qos.logback.classic.encoder.PatternLayoutEncoder] for [encoder] property
14:11:59,085 |-INFO in ch.qos.logback.classic.joran.action.RootLoggerAction - Setting level of ROOT logger to WARN
14:11:59,085 |-INFO in ch.qos.logback.core.joran.action.AppenderRefAction - Attaching appender named [STDOUT] to Logger[ROOT]
14:11:59,086 |-INFO in ch.qos.logback.classic.joran.action.ConfigurationAction - End of configuration.
14:11:59,092 |-INFO in ch.qos.logback.classic.joran.JoranConfigurator@29176cc1 - Registering current configuration as safe fallback point

343        WARN  main            d.u.i.k.s.ProofSettings   The settings in /home/runner/.key/proof-settings.props are *not* read. 
Returning from test MethodContracts
Running test LoopInvariants
14:13:30,100 |-INFO in ch.qos.logback.classic.LoggerContext[default] - Could NOT find resource [logback-test.xml]
14:13:30,102 |-INFO in ch.qos.logback.classic.LoggerContext[default] - Found resource [logback.xml] at [file:/home/runner/work/key/key/key.core/build/resources/test/logback.xml]
14:13:30,225 |-INFO in ch.qos.logback.classic.joran.action.ConfigurationAction - debug attribute not set
14:13:30,227 |-INFO in ch.qos.logback.core.joran.action.AppenderAction - About to instantiate appender of type [ch.qos.logback.core.ConsoleAppender]
14:13:30,241 |-INFO in ch.qos.logback.core.joran.action.AppenderAction - Naming appender as [STDOUT]
14:13:30,246 |-ERROR in ch.qos.logback.core.joran.spi.Interpreter@3:15 - no applicable action for [file], current ElementPath  is [[configuration][appender][file]]
14:13:30,247 |-ERROR in ch.qos.logback.core.joran.spi.Interpreter@4:17 - no applicable action for [append], current ElementPath  is [[configuration][appender][append]]
14:13:30,248 |-INFO in ch.qos.logback.core.joran.action.NestedComplexPropertyIA - Assuming default type [ch.qos.logback.classic.encoder.PatternLayoutEncoder] for [encoder] property
14:13:30,272 |-INFO in ch.qos.logback.classic.joran.action.RootLoggerAction - Setting level of ROOT logger to WARN
14:13:30,272 |-INFO in ch.qos.logback.core.joran.action.AppenderRefAction - Attaching appender named [STDOUT] to Logger[ROOT]
14:13:30,272 |-INFO in ch.qos.logback.classic.joran.action.ConfigurationAction - End of configuration.
14:13:30,274 |-INFO in ch.qos.logback.classic.joran.JoranConfigurator@29176cc1 - Registering current configuration as safe fallback point

351        WARN  main            d.u.i.k.s.ProofSettings   The settings in /home/runner/.key/proof-settings.props are *not* read. 
Returning from test LoopInvariants
Running test MiniExamples
14:14:57,528 |-INFO in ch.qos.logback.classic.LoggerContext[default] - Could NOT find resource [logback-test.xml]
14:14:57,529 |-INFO in ch.qos.logback.classic.LoggerContext[default] - Found resource [logback.xml] at [file:/home/runner/work/key/key/key.core/build/resources/test/logback.xml]
14:14:57,663 |-INFO in ch.qos.logback.classic.joran.action.ConfigurationAction - debug attribute not set
14:14:57,664 |-INFO in ch.qos.logback.core.joran.action.AppenderAction - About to instantiate appender of type [ch.qos.logback.core.ConsoleAppender]
14:14:57,682 |-INFO in ch.qos.logback.core.joran.action.AppenderAction - Naming appender as [STDOUT]
14:14:57,687 |-ERROR in ch.qos.logback.core.joran.spi.Interpreter@3:15 - no applicable action for [file], current ElementPath  is [[configuration][appender][file]]
14:14:57,687 |-ERROR in ch.qos.logback.core.joran.spi.Interpreter@4:17 - no applicable action for [append], current ElementPath  is [[configuration][appender][append]]
14:14:57,689 |-INFO in ch.qos.logback.core.joran.action.NestedComplexPropertyIA - Assuming default type [ch.qos.logback.classic.encoder.PatternLayoutEncoder] for [encoder] property
14:14:57,712 |-INFO in ch.qos.logback.classic.joran.action.RootLoggerAction - Setting level of ROOT logger to WARN
14:14:57,712 |-INFO in ch.qos.logback.core.joran.action.AppenderRefAction - Attaching appender named [STDOUT] to Logger[ROOT]
14:14:57,712 |-INFO in ch.qos.logback.classic.joran.action.ConfigurationAction - End of configuration.
14:14:57,714 |-INFO in ch.qos.logback.classic.joran.JoranConfigurator@2f177a4b - Registering current configuration as safe fallback point

346        WARN  main            d.u.i.k.s.ProofSettings   The settings in /home/runner/.key/proof-settings.props are *not* read. 
Returning from test MiniExamples
Running test NewObjects
14:16:52,500 |-INFO in ch.qos.logback.classic.LoggerContext[default] - Could NOT find resource [logback-test.xml]
14:16:52,507 |-INFO in ch.qos.logback.classic.LoggerContext[default] - Found resource [logback.xml] at [file:/home/runner/work/key/key/key.core/build/resources/test/logback.xml]
14:16:52,639 |-INFO in ch.qos.logback.classic.joran.action.ConfigurationAction - debug attribute not set
14:16:52,639 |-INFO in ch.qos.logback.core.joran.action.AppenderAction - About to instantiate appender of type [ch.qos.logback.core.ConsoleAppender]
14:16:52,656 |-INFO in ch.qos.logback.core.joran.action.AppenderAction - Naming appender as [STDOUT]
14:16:52,666 |-ERROR in ch.qos.logback.core.joran.spi.Interpreter@3:15 - no applicable action for [file], current ElementPath  is [[configuration][appender][file]]
14:16:52,666 |-ERROR in ch.qos.logback.core.joran.spi.Interpreter@4:17 - no applicable action for [append], current ElementPath  is [[configuration][appender][append]]
14:16:52,668 |-INFO in ch.qos.logback.core.joran.action.NestedComplexPropertyIA - Assuming default type [ch.qos.logback.classic.encoder.PatternLayoutEncoder] for [encoder] property
14:16:52,696 |-INFO in ch.qos.logback.classic.joran.action.RootLoggerAction - Setting level of ROOT logger to WARN
14:16:52,696 |-INFO in ch.qos.logback.core.joran.action.AppenderRefAction - Attaching appender named [STDOUT] to Logger[ROOT]
14:16:52,696 |-INFO in ch.qos.logback.classic.joran.action.ConfigurationAction - End of configuration.
14:16:52,698 |-INFO in ch.qos.logback.classic.joran.JoranConfigurator@29176cc1 - Registering current configuration as safe fallback point

376        WARN  main            d.u.i.k.s.ProofSettings   The settings in /home/runner/.key/proof-settings.props are *not* read. 
Returning from test NewObjects
Running test passwordfile.SecurePasswordFile(passwordfile.SecurePasswordFile___userIndex()).JML accessible clause.0.key
14:18:28,389 |-INFO in ch.qos.logback.classic.LoggerContext[default] - Could NOT find resource [logback-test.xml]
14:18:28,389 |-INFO in ch.qos.logback.classic.LoggerContext[default] - Found resource [logback.xml] at [file:/home/runner/work/key/key/key.core/build/resources/test/logback.xml]
14:18:28,535 |-INFO in ch.qos.logback.classic.joran.action.ConfigurationAction - debug attribute not set
14:18:28,536 |-INFO in ch.qos.logback.core.joran.action.AppenderAction - About to instantiate appender of type [ch.qos.logback.core.ConsoleAppender]
14:18:28,548 |-INFO in ch.qos.logback.core.joran.action.AppenderAction - Naming appender as [STDOUT]
14:18:28,554 |-ERROR in ch.qos.logback.core.joran.spi.Interpreter@3:15 - no applicable action for [file], current ElementPath  is [[configuration][appender][file]]
14:18:28,554 |-ERROR in ch.qos.logback.core.joran.spi.Interpreter@4:17 - no applicable action for [append], current ElementPath  is [[configuration][appender][append]]
14:18:28,555 |-INFO in ch.qos.logback.core.joran.action.NestedComplexPropertyIA - Assuming default type [ch.qos.logback.classic.encoder.PatternLayoutEncoder] for [encoder] property
14:18:28,579 |-INFO in ch.qos.logback.classic.joran.action.RootLoggerAction - Setting level of ROOT logger to WARN
14:18:28,580 |-INFO in ch.qos.logback.core.joran.action.AppenderRefAction - Attaching appender named [STDOUT] to Logger[ROOT]
14:18:28,580 |-INFO in ch.qos.logback.classic.joran.action.ConfigurationAction - End of configuration.
14:18:28,587 |-INFO in ch.qos.logback.classic.joran.JoranConfigurator@29176cc1 - Registering current configuration as safe fallback point

350        WARN  main            d.u.i.k.s.ProofSettings   The settings in /home/runner/.key/proof-settings.props are *not* read. 
Returning from test passwordfile.SecurePasswordFile(passwordfile.SecurePasswordFile___userIndex()).JML accessible clause.0.key
Running test SimpleEvoting
14:18:39,243 |-INFO in ch.qos.logback.classic.LoggerContext[default] - Could NOT find resource [logback-test.xml]
14:18:39,244 |-INFO in ch.qos.logback.classic.LoggerContext[default] - Found resource [logback.xml] at [file:/home/runner/work/key/key/key.core/build/resources/test/logback.xml]
14:18:39,359 |-INFO in ch.qos.logback.classic.joran.action.ConfigurationAction - debug attribute not set
14:18:39,359 |-INFO in ch.qos.logback.core.joran.action.AppenderAction - About to instantiate appender of type [ch.qos.logback.core.ConsoleAppender]
14:18:39,379 |-INFO in ch.qos.logback.core.joran.action.AppenderAction - Naming appender as [STDOUT]
14:18:39,390 |-ERROR in ch.qos.logback.core.joran.spi.Interpreter@3:15 - no applicable action for [file], current ElementPath  is [[configuration][appender][file]]
14:18:39,390 |-ERROR in ch.qos.logback.core.joran.spi.Interpreter@4:17 - no applicable action for [append], current ElementPath  is [[configuration][appender][append]]
14:18:39,395 |-INFO in ch.qos.logback.core.joran.action.NestedComplexPropertyIA - Assuming default type [ch.qos.logback.classic.encoder.PatternLayoutEncoder] for [encoder] property
14:18:39,428 |-INFO in ch.qos.logback.classic.joran.action.RootLoggerAction - Setting level of ROOT logger to WARN
14:18:39,428 |-INFO in ch.qos.logback.core.joran.action.AppenderRefAction - Attaching appender named [STDOUT] to Logger[ROOT]
14:18:39,429 |-INFO in ch.qos.logback.classic.joran.action.ConfigurationAction - End of configuration.
14:18:39,431 |-INFO in ch.qos.logback.classic.joran.JoranConfigurator@29176cc1 - Registering current configuration as safe fallback point

331        WARN  main            d.u.i.k.s.ProofSettings   The settings in /home/runner/.key/proof-settings.props are *not* read. 
Returning from test SimpleEvoting
Running test ToyVoting_nomacro
14:21:54,622 |-INFO in ch.qos.logback.classic.LoggerContext[default] - Could NOT find resource [logback-test.xml]
14:21:54,623 |-INFO in ch.qos.logback.classic.LoggerContext[default] - Found resource [logback.xml] at [file:/home/runner/work/key/key/key.core/build/resources/test/logback.xml]
14:21:54,743 |-INFO in ch.qos.logback.classic.joran.action.ConfigurationAction - debug attribute not set
14:21:54,744 |-INFO in ch.qos.logback.core.joran.action.AppenderAction - About to instantiate appender of type [ch.qos.logback.core.ConsoleAppender]
14:21:54,766 |-INFO in ch.qos.logback.core.joran.action.AppenderAction - Naming appender as [STDOUT]
14:21:54,771 |-ERROR in ch.qos.logback.core.joran.spi.Interpreter@3:15 - no applicable action for [file], current ElementPath  is [[configuration][appender][file]]
14:21:54,772 |-ERROR in ch.qos.logback.core.joran.spi.Interpreter@4:17 - no applicable action for [append], current ElementPath  is [[configuration][appender][append]]
14:21:54,773 |-INFO in ch.qos.logback.core.joran.action.NestedComplexPropertyIA - Assuming default type [ch.qos.logback.classic.encoder.PatternLayoutEncoder] for [encoder] property
14:21:54,797 |-INFO in ch.qos.logback.classic.joran.action.RootLoggerAction - Setting level of ROOT logger to WARN
14:21:54,797 |-INFO in ch.qos.logback.core.joran.action.AppenderRefAction - Attaching appender named [STDOUT] to Logger[ROOT]
14:21:54,798 |-INFO in ch.qos.logback.classic.joran.action.ConfigurationAction - End of configuration.
14:21:54,800 |-INFO in ch.qos.logback.classic.joran.JoranConfigurator@29176cc1 - Registering current configuration as safe fallback point

319        WARN  main            d.u.i.k.s.ProofSettings   The settings in /home/runner/.key/proof-settings.props are *not* read. 
Returning from test ToyVoting_nomacro
Running test ConditionalConfidential_nomacro
Returning from test ConditionalConfidential_nomacro
Running test SumExample_nomacro
14:22:36,283 |-INFO in ch.qos.logback.classic.LoggerContext[default] - Could NOT find resource [logback-test.xml]
14:22:36,284 |-INFO in ch.qos.logback.classic.LoggerContext[default] - Found resource [logback.xml] at [file:/home/runner/work/key/key/key.core/build/resources/test/logback.xml]
14:22:36,407 |-INFO in ch.qos.logback.classic.joran.action.ConfigurationAction - debug attribute not set
14:22:36,408 |-INFO in ch.qos.logback.core.joran.action.AppenderAction - About to instantiate appender of type [ch.qos.logback.core.ConsoleAppender]
14:22:36,421 |-INFO in ch.qos.logback.core.joran.action.AppenderAction - Naming appender as [STDOUT]
14:22:36,426 |-ERROR in ch.qos.logback.core.joran.spi.Interpreter@3:15 - no applicable action for [file], current ElementPath  is [[configuration][appender][file]]
14:22:36,427 |-ERROR in ch.qos.logback.core.joran.spi.Interpreter@4:17 - no applicable action for [append], current ElementPath  is [[configuration][appender][append]]
14:22:36,428 |-INFO in ch.qos.logback.core.joran.action.NestedComplexPropertyIA - Assuming default type [ch.qos.logback.classic.encoder.PatternLayoutEncoder] for [encoder] property
14:22:36,452 |-INFO in ch.qos.logback.classic.joran.action.RootLoggerAction - Setting level of ROOT logger to WARN
14:22:36,452 |-INFO in ch.qos.logback.core.joran.action.AppenderRefAction - Attaching appender named [STDOUT] to Logger[ROOT]
14:22:36,452 |-INFO in ch.qos.logback.classic.joran.action.ConfigurationAction - End of configuration.
14:22:36,454 |-INFO in ch.qos.logback.classic.joran.JoranConfigurator@29176cc1 - Registering current configuration as safe fallback point

337        WARN  main            d.u.i.k.s.ProofSettings   The settings in /home/runner/.key/proof-settings.props are *not* read. 
Returning from test SumExample_nomacro
Running test ToyBanking_nomacro
14:22:50,002 |-INFO in ch.qos.logback.classic.LoggerContext[default] - Could NOT find resource [logback-test.xml]
14:22:50,002 |-INFO in ch.qos.logback.classic.LoggerContext[default] - Found resource [logback.xml] at [file:/home/runner/work/key/key/key.core/build/resources/test/logback.xml]
14:22:50,127 |-INFO in ch.qos.logback.classic.joran.action.ConfigurationAction - debug attribute not set
14:22:50,128 |-INFO in ch.qos.logback.core.joran.action.AppenderAction - About to instantiate appender of type [ch.qos.logback.core.ConsoleAppender]
14:22:50,139 |-INFO in ch.qos.logback.core.joran.action.AppenderAction - Naming appender as [STDOUT]
14:22:50,144 |-ERROR in ch.qos.logback.core.joran.spi.Interpreter@3:15 - no applicable action for [file], current ElementPath  is [[configuration][appender][file]]
14:22:50,145 |-ERROR in ch.qos.logback.core.joran.spi.Interpreter@4:17 - no applicable action for [append], current ElementPath  is [[configuration][appender][append]]
14:22:50,146 |-INFO in ch.qos.logback.core.joran.action.NestedComplexPropertyIA - Assuming default type [ch.qos.logback.classic.encoder.PatternLayoutEncoder] for [encoder] property
14:22:50,177 |-INFO in ch.qos.logback.classic.joran.action.RootLoggerAction - Setting level of ROOT logger to WARN
14:22:50,177 |-INFO in ch.qos.logback.core.joran.action.AppenderRefAction - Attaching appender named [STDOUT] to Logger[ROOT]
14:22:50,178 |-INFO in ch.qos.logback.classic.joran.action.ConfigurationAction - End of configuration.
14:22:50,180 |-INFO in ch.qos.logback.classic.joran.JoranConfigurator@29176cc1 - Registering current configuration as safe fallback point

341        WARN  main            d.u.i.k.s.ProofSettings   The settings in /home/runner/.key/proof-settings.props are *not* read. 
Returning from test ToyBanking_nomacro
Running test BlockContracts_nomacro
14:24:27,312 |-INFO in ch.qos.logback.classic.LoggerContext[default] - Could NOT find resource [logback-test.xml]
14:24:27,313 |-INFO in ch.qos.logback.classic.LoggerContext[default] - Found resource [logback.xml] at [file:/home/runner/work/key/key/key.core/build/resources/test/logback.xml]
14:24:27,445 |-INFO in ch.qos.logback.classic.joran.action.ConfigurationAction - debug attribute not set
14:24:27,445 |-INFO in ch.qos.logback.core.joran.action.AppenderAction - About to instantiate appender of type [ch.qos.logback.core.ConsoleAppender]
14:24:27,464 |-INFO in ch.qos.logback.core.joran.action.AppenderAction - Naming appender as [STDOUT]
14:24:27,473 |-ERROR in ch.qos.logback.core.joran.spi.Interpreter@3:15 - no applicable action for [file], current ElementPath  is [[configuration][appender][file]]
14:24:27,474 |-ERROR in ch.qos.logback.core.joran.spi.Interpreter@4:17 - no applicable action for [append], current ElementPath  is [[configuration][appender][append]]
14:24:27,477 |-INFO in ch.qos.logback.core.joran.action.NestedComplexPropertyIA - Assuming default type [ch.qos.logback.classic.encoder.PatternLayoutEncoder] for [encoder] property
14:24:27,500 |-INFO in ch.qos.logback.classic.joran.action.RootLoggerAction - Setting level of ROOT logger to WARN
14:24:27,500 |-INFO in ch.qos.logback.core.joran.action.AppenderRefAction - Attaching appender named [STDOUT] to Logger[ROOT]
14:24:27,501 |-INFO in ch.qos.logback.classic.joran.action.ConfigurationAction - End of configuration.
14:24:27,503 |-INFO in ch.qos.logback.classic.joran.JoranConfigurator@29176cc1 - Registering current configuration as safe fallback point

362        WARN  main            d.u.i.k.s.ProofSettings   The settings in /home/runner/.key/proof-settings.props are *not* read. 
Returning from test BlockContracts_nomacro
Running test MethodContracts_nomacro
14:26:05,149 |-INFO in ch.qos.logback.classic.LoggerContext[default] - Could NOT find resource [logback-test.xml]
14:26:05,150 |-INFO in ch.qos.logback.classic.LoggerContext[default] - Found resource [logback.xml] at [file:/home/runner/work/key/key/key.core/build/resources/test/logback.xml]
14:26:05,276 |-INFO in ch.qos.logback.classic.joran.action.ConfigurationAction - debug attribute not set
14:26:05,276 |-INFO in ch.qos.logback.core.joran.action.AppenderAction - About to instantiate appender of type [ch.qos.logback.core.ConsoleAppender]
14:26:05,289 |-INFO in ch.qos.logback.core.joran.action.AppenderAction - Naming appender as [STDOUT]
14:26:05,304 |-ERROR in ch.qos.logback.core.joran.spi.Interpreter@3:15 - no applicable action for [file], current ElementPath  is [[configuration][appender][file]]
14:26:05,304 |-ERROR in ch.qos.logback.core.joran.spi.Interpreter@4:17 - no applicable action for [append], current ElementPath  is [[configuration][appender][append]]
14:26:05,305 |-INFO in ch.qos.logback.core.joran.action.NestedComplexPropertyIA - Assuming default type [ch.qos.logback.classic.encoder.PatternLayoutEncoder] for [encoder] property
14:26:05,348 |-INFO in ch.qos.logback.classic.joran.action.RootLoggerAction - Setting level of ROOT logger to WARN
14:26:05,348 |-INFO in ch.qos.logback.core.joran.action.AppenderRefAction - Attaching appender named [STDOUT] to Logger[ROOT]
14:26:05,349 |-INFO in ch.qos.logback.classic.joran.action.ConfigurationAction - End of configuration.
14:26:05,351 |-INFO in ch.qos.logback.classic.joran.JoranConfigurator@29176cc1 - Registering current configuration as safe fallback point

364        WARN  main            d.u.i.k.s.ProofSettings   The settings in /home/runner/.key/proof-settings.props are *not* read. 
Returning from test MethodContracts_nomacro
Running test LoopInvariants_nomacro
14:27:34,890 |-INFO in ch.qos.logback.classic.LoggerContext[default] - Could NOT find resource [logback-test.xml]
14:27:34,891 |-INFO in ch.qos.logback.classic.LoggerContext[default] - Found resource [logback.xml] at [file:/home/runner/work/key/key/key.core/build/resources/test/logback.xml]
14:27:35,012 |-INFO in ch.qos.logback.classic.joran.action.ConfigurationAction - debug attribute not set
14:27:35,013 |-INFO in ch.qos.logback.core.joran.action.AppenderAction - About to instantiate appender of type [ch.qos.logback.core.ConsoleAppender]
14:27:35,030 |-INFO in ch.qos.logback.core.joran.action.AppenderAction - Naming appender as [STDOUT]
14:27:35,036 |-ERROR in ch.qos.logback.core.joran.spi.Interpreter@3:15 - no applicable action for [file], current ElementPath  is [[configuration][appender][file]]
14:27:35,036 |-ERROR in ch.qos.logback.core.joran.spi.Interpreter@4:17 - no applicable action for [append], current ElementPath  is [[configuration][appender][append]]
14:27:35,037 |-INFO in ch.qos.logback.core.joran.action.NestedComplexPropertyIA - Assuming default type [ch.qos.logback.classic.encoder.PatternLayoutEncoder] for [encoder] property
14:27:35,061 |-INFO in ch.qos.logback.classic.joran.action.RootLoggerAction - Setting level of ROOT logger to WARN
14:27:35,061 |-INFO in ch.qos.logback.core.joran.action.AppenderRefAction - Attaching appender named [STDOUT] to Logger[ROOT]
14:27:35,061 |-INFO in ch.qos.logback.classic.joran.action.ConfigurationAction - End of configuration.
14:27:35,063 |-INFO in ch.qos.logback.classic.joran.JoranConfigurator@29176cc1 - Registering current configuration as safe fallback point

338        WARN  main            d.u.i.k.s.ProofSettings   The settings in /home/runner/.key/proof-settings.props are *not* read. 
Returning from test LoopInvariants_nomacro
Running test MiniExamples_nomacro
14:29:50,756 |-INFO in ch.qos.logback.classic.LoggerContext[default] - Could NOT find resource [logback-test.xml]
14:29:50,756 |-INFO in ch.qos.logback.classic.LoggerContext[default] - Found resource [logback.xml] at [file:/home/runner/work/key/key/key.core/build/resources/test/logback.xml]
14:29:50,899 |-INFO in ch.qos.logback.classic.joran.action.ConfigurationAction - debug attribute not set
14:29:50,900 |-INFO in ch.qos.logback.core.joran.action.AppenderAction - About to instantiate appender of type [ch.qos.logback.core.ConsoleAppender]
14:29:50,914 |-INFO in ch.qos.logback.core.joran.action.AppenderAction - Naming appender as [STDOUT]
14:29:50,920 |-ERROR in ch.qos.logback.core.joran.spi.Interpreter@3:15 - no applicable action for [file], current ElementPath  is [[configuration][appender][file]]
14:29:50,920 |-ERROR in ch.qos.logback.core.joran.spi.Interpreter@4:17 - no applicable action for [append], current ElementPath  is [[configuration][appender][append]]
14:29:50,922 |-INFO in ch.qos.logback.core.joran.action.NestedComplexPropertyIA - Assuming default type [ch.qos.logback.classic.encoder.PatternLayoutEncoder] for [encoder] property
14:29:50,947 |-INFO in ch.qos.logback.classic.joran.action.RootLoggerAction - Setting level of ROOT logger to WARN
14:29:50,948 |-INFO in ch.qos.logback.core.joran.action.AppenderRefAction - Attaching appender named [STDOUT] to Logger[ROOT]
14:29:50,948 |-INFO in ch.qos.logback.classic.joran.action.ConfigurationAction - End of configuration.
14:29:50,950 |-INFO in ch.qos.logback.classic.joran.JoranConfigurator@29176cc1 - Registering current configuration as safe fallback point

341        WARN  main            d.u.i.k.s.ProofSettings   The settings in /home/runner/.key/proof-settings.props are *not* read. 
Returning from test MiniExamples_nomacro
Running test NewObjects_nomacro
14:31:53,915 |-INFO in ch.qos.logback.classic.LoggerContext[default] - Could NOT find resource [logback-test.xml]
14:31:53,916 |-INFO in ch.qos.logback.classic.LoggerContext[default] - Found resource [logback.xml] at [file:/home/runner/work/key/key/key.core/build/resources/test/logback.xml]
14:31:54,030 |-INFO in ch.qos.logback.classic.joran.action.ConfigurationAction - debug attribute not set
14:31:54,031 |-INFO in ch.qos.logback.core.joran.action.AppenderAction - About to instantiate appender of type [ch.qos.logback.core.ConsoleAppender]
14:31:54,043 |-INFO in ch.qos.logback.core.joran.action.AppenderAction - Naming appender as [STDOUT]
14:31:54,048 |-ERROR in ch.qos.logback.core.joran.spi.Interpreter@3:15 - no applicable action for [file], current ElementPath  is [[configuration][appender][file]]
14:31:54,049 |-ERROR in ch.qos.logback.core.joran.spi.Interpreter@4:17 - no applicable action for [append], current ElementPath  is [[configuration][appender][append]]
14:31:54,050 |-INFO in ch.qos.logback.core.joran.action.NestedComplexPropertyIA - Assuming default type [ch.qos.logback.classic.encoder.PatternLayoutEncoder] for [encoder] property
14:31:54,083 |-INFO in ch.qos.logback.classic.joran.action.RootLoggerAction - Setting level of ROOT logger to WARN
14:31:54,083 |-INFO in ch.qos.logback.core.joran.action.AppenderRefAction - Attaching appender named [STDOUT] to Logger[ROOT]
14:31:54,084 |-INFO in ch.qos.logback.classic.joran.action.ConfigurationAction - End of configuration.
14:31:54,086 |-INFO in ch.qos.logback.classic.joran.JoranConfigurator@29176cc1 - Registering current configuration as safe fallback point

358        WARN  main            d.u.i.k.s.ProofSettings   The settings in /home/runner/.key/proof-settings.props are *not* read. 
Returning from test NewObjects_nomacro
Running test SimpleEvoting_nomacro
14:34:34,880 |-INFO in ch.qos.logback.classic.LoggerContext[default] - Could NOT find resource [logback-test.xml]
14:34:34,881 |-INFO in ch.qos.logback.classic.LoggerContext[default] - Found resource [logback.xml] at [file:/home/runner/work/key/key/key.core/build/resources/test/logback.xml]
14:34:35,001 |-INFO in ch.qos.logback.classic.joran.action.ConfigurationAction - debug attribute not set
14:34:35,002 |-INFO in ch.qos.logback.core.joran.action.AppenderAction - About to instantiate appender of type [ch.qos.logback.core.ConsoleAppender]
14:34:35,017 |-INFO in ch.qos.logback.core.joran.action.AppenderAction - Naming appender as [STDOUT]
14:34:35,027 |-ERROR in ch.qos.logback.core.joran.spi.Interpreter@3:15 - no applicable action for [file], current ElementPath  is [[configuration][appender][file]]
14:34:35,027 |-ERROR in ch.qos.logback.core.joran.spi.Interpreter@4:17 - no applicable action for [append], current ElementPath  is [[configuration][appender][append]]
14:34:35,029 |-INFO in ch.qos.logback.core.joran.action.NestedComplexPropertyIA - Assuming default type [ch.qos.logback.classic.encoder.PatternLayoutEncoder] for [encoder] property
14:34:35,069 |-INFO in ch.qos.logback.classic.joran.action.RootLoggerAction - Setting level of ROOT logger to WARN
14:34:35,069 |-INFO in ch.qos.logback.core.joran.action.AppenderRefAction - Attaching appender named [STDOUT] to Logger[ROOT]
14:34:35,070 |-INFO in ch.qos.logback.classic.joran.action.ConfigurationAction - End of configuration.
14:34:35,072 |-INFO in ch.qos.logback.classic.joran.JoranConfigurator@29176cc1 - Registering current configuration as safe fallback point

343        WARN  main            d.u.i.k.s.ProofSettings   The settings in /home/runner/.key/proof-settings.props are *not* read. 
Returning from test SimpleEvoting_nomacro
Running test ToyVoting_fullmacro
14:37:15,858 |-INFO in ch.qos.logback.classic.LoggerContext[default] - Could NOT find resource [logback-test.xml]
14:37:15,859 |-INFO in ch.qos.logback.classic.LoggerContext[default] - Found resource [logback.xml] at [file:/home/runner/work/key/key/key.core/build/resources/test/logback.xml]
14:37:15,998 |-INFO in ch.qos.logback.classic.joran.action.ConfigurationAction - debug attribute not set
14:37:15,999 |-INFO in ch.qos.logback.core.joran.action.AppenderAction - About to instantiate appender of type [ch.qos.logback.core.ConsoleAppender]
14:37:16,013 |-INFO in ch.qos.logback.core.joran.action.AppenderAction - Naming appender as [STDOUT]
14:37:16,019 |-ERROR in ch.qos.logback.core.joran.spi.Interpreter@3:15 - no applicable action for [file], current ElementPath  is [[configuration][appender][file]]
14:37:16,019 |-ERROR in ch.qos.logback.core.joran.spi.Interpreter@4:17 - no applicable action for [append], current ElementPath  is [[configuration][appender][append]]
14:37:16,020 |-INFO in ch.qos.logback.core.joran.action.NestedComplexPropertyIA - Assuming default type [ch.qos.logback.classic.encoder.PatternLayoutEncoder] for [encoder] property
14:37:16,044 |-INFO in ch.qos.logback.classic.joran.action.RootLoggerAction - Setting level of ROOT logger to WARN
14:37:16,044 |-INFO in ch.qos.logback.core.joran.action.AppenderRefAction - Attaching appender named [STDOUT] to Logger[ROOT]
14:37:16,044 |-INFO in ch.qos.logback.classic.joran.action.ConfigurationAction - End of configuration.
14:37:16,046 |-INFO in ch.qos.logback.classic.joran.JoranConfigurator@29176cc1 - Registering current configuration as safe fallback point

332        WARN  main            d.u.i.k.s.ProofSettings   The settings in /home/runner/.key/proof-settings.props are *not* read. 
Returning from test ToyVoting_fullmacro
Running test SumExample_fullmacro
14:38:26,027 |-INFO in ch.qos.logback.classic.LoggerContext[default] - Could NOT find resource [logback-test.xml]
14:38:26,028 |-INFO in ch.qos.logback.classic.LoggerContext[default] - Found resource [logback.xml] at [file:/home/runner/work/key/key/key.core/build/resources/test/logback.xml]
14:38:26,169 |-INFO in ch.qos.logback.classic.joran.action.ConfigurationAction - debug attribute not set
14:38:26,170 |-INFO in ch.qos.logback.core.joran.action.AppenderAction - About to instantiate appender of type [ch.qos.logback.core.ConsoleAppender]
14:38:26,185 |-INFO in ch.qos.logback.core.joran.action.AppenderAction - Naming appender as [STDOUT]
14:38:26,193 |-ERROR in ch.qos.logback.core.joran.spi.Interpreter@3:15 - no applicable action for [file], current ElementPath  is [[configuration][appender][file]]
14:38:26,194 |-ERROR in ch.qos.logback.core.joran.spi.Interpreter@4:17 - no applicable action for [append], current ElementPath  is [[configuration][appender][append]]
14:38:26,198 |-INFO in ch.qos.logback.core.joran.action.NestedComplexPropertyIA - Assuming default type [ch.qos.logback.classic.encoder.PatternLayoutEncoder] for [encoder] property
14:38:26,225 |-INFO in ch.qos.logback.classic.joran.action.RootLoggerAction - Setting level of ROOT logger to WARN
14:38:26,226 |-INFO in ch.qos.logback.core.joran.action.AppenderRefAction - Attaching appender named [STDOUT] to Logger[ROOT]
14:38:26,226 |-INFO in ch.qos.logback.classic.joran.action.ConfigurationAction - End of configuration.
14:38:26,228 |-INFO in ch.qos.logback.classic.joran.JoranConfigurator@29176cc1 - Registering current configuration as safe fallback point

355        WARN  main            d.u.i.k.s.ProofSettings   The settings in /home/runner/.key/proof-settings.props are *not* read. 
Returning from test SumExample_fullmacro
Running test ToyBanking_fullmacro
14:38:38,891 |-INFO in ch.qos.logback.classic.LoggerContext[default] - Could NOT find resource [logback-test.xml]
14:38:38,892 |-INFO in ch.qos.logback.classic.LoggerContext[default] - Found resource [logback.xml] at [file:/home/runner/work/key/key/key.core/build/resources/test/logback.xml]
14:38:39,027 |-INFO in ch.qos.logback.classic.joran.action.ConfigurationAction - debug attribute not set
14:38:39,028 |-INFO in ch.qos.logback.core.joran.action.AppenderAction - About to instantiate appender of type [ch.qos.logback.core.ConsoleAppender]
14:38:39,040 |-INFO in ch.qos.logback.core.joran.action.AppenderAction - Naming appender as [STDOUT]
14:38:39,046 |-ERROR in ch.qos.logback.core.joran.spi.Interpreter@3:15 - no applicable action for [file], current ElementPath  is [[configuration][appender][file]]
14:38:39,046 |-ERROR in ch.qos.logback.core.joran.spi.Interpreter@4:17 - no applicable action for [append], current ElementPath  is [[configuration][appender][append]]
14:38:39,047 |-INFO in ch.qos.logback.core.joran.action.NestedComplexPropertyIA - Assuming default type [ch.qos.logback.classic.encoder.PatternLayoutEncoder] for [encoder] property
14:38:39,073 |-INFO in ch.qos.logback.classic.joran.action.RootLoggerAction - Setting level of ROOT logger to WARN
14:38:39,073 |-INFO in ch.qos.logback.core.joran.action.AppenderRefAction - Attaching appender named [STDOUT] to Logger[ROOT]
14:38:39,073 |-INFO in ch.qos.logback.classic.joran.action.ConfigurationAction - End of configuration.
14:38:39,075 |-INFO in ch.qos.logback.classic.joran.JoranConfigurator@29176cc1 - Registering current configuration as safe fallback point

341        WARN  main            d.u.i.k.s.ProofSettings   The settings in /home/runner/.key/proof-settings.props are *not* read. 
Returning from test ToyBanking_fullmacro
Running test BlockContracts_fullmacro
14:43:43,354 |-INFO in ch.qos.logback.classic.LoggerContext[default] - Could NOT find resource [logback-test.xml]
14:43:43,355 |-INFO in ch.qos.logback.classic.LoggerContext[default] - Found resource [logback.xml] at [file:/home/runner/work/key/key/key.core/build/resources/test/logback.xml]
14:43:43,482 |-INFO in ch.qos.logback.classic.joran.action.ConfigurationAction - debug attribute not set
14:43:43,482 |-INFO in ch.qos.logback.core.joran.action.AppenderAction - About to instantiate appender of type [ch.qos.logback.core.ConsoleAppender]
14:43:43,494 |-INFO in ch.qos.logback.core.joran.action.AppenderAction - Naming appender as [STDOUT]
14:43:43,499 |-ERROR in ch.qos.logback.core.joran.spi.Interpreter@3:15 - no applicable action for [file], current ElementPath  is [[configuration][appender][file]]
14:43:43,499 |-ERROR in ch.qos.logback.core.joran.spi.Interpreter@4:17 - no applicable action for [append], current ElementPath  is [[configuration][appender][append]]
14:43:43,501 |-INFO in ch.qos.logback.core.joran.action.NestedComplexPropertyIA - Assuming default type [ch.qos.logback.classic.encoder.PatternLayoutEncoder] for [encoder] property
14:43:43,525 |-INFO in ch.qos.logback.classic.joran.action.RootLoggerAction - Setting level of ROOT logger to WARN
14:43:43,525 |-INFO in ch.qos.logback.core.joran.action.AppenderRefAction - Attaching appender named [STDOUT] to Logger[ROOT]
14:43:43,526 |-INFO in ch.qos.logback.classic.joran.action.ConfigurationAction - End of configuration.
14:43:43,528 |-INFO in ch.qos.logback.classic.joran.JoranConfigurator@29176cc1 - Registering current configuration as safe fallback point

335        WARN  main            d.u.i.k.s.ProofSettings   The settings in /home/runner/.key/proof-settings.props are *not* read. 
Returning from test BlockContracts_fullmacro
Running test MethodContracts_fullmacro
14:45:26,757 |-INFO in ch.qos.logback.classic.LoggerContext[default] - Could NOT find resource [logback-test.xml]
14:45:26,758 |-INFO in ch.qos.logback.classic.LoggerContext[default] - Found resource [logback.xml] at [file:/home/runner/work/key/key/key.core/build/resources/test/logback.xml]
14:45:26,897 |-INFO in ch.qos.logback.classic.joran.action.ConfigurationAction - debug attribute not set
14:45:26,897 |-INFO in ch.qos.logback.core.joran.action.AppenderAction - About to instantiate appender of type [ch.qos.logback.core.ConsoleAppender]
14:45:26,913 |-INFO in ch.qos.logback.core.joran.action.AppenderAction - Naming appender as [STDOUT]
14:45:26,918 |-ERROR in ch.qos.logback.core.joran.spi.Interpreter@3:15 - no applicable action for [file], current ElementPath  is [[configuration][appender][file]]
14:45:26,918 |-ERROR in ch.qos.logback.core.joran.spi.Interpreter@4:17 - no applicable action for [append], current ElementPath  is [[configuration][appender][append]]
14:45:26,920 |-INFO in ch.qos.logback.core.joran.action.NestedComplexPropertyIA - Assuming default type [ch.qos.logback.classic.encoder.PatternLayoutEncoder] for [encoder] property
14:45:26,944 |-INFO in ch.qos.logback.classic.joran.action.RootLoggerAction - Setting level of ROOT logger to WARN
14:45:26,944 |-INFO in ch.qos.logback.core.joran.action.AppenderRefAction - Attaching appender named [STDOUT] to Logger[ROOT]
14:45:26,945 |-INFO in ch.qos.logback.classic.joran.action.ConfigurationAction - End of configuration.
14:45:26,947 |-INFO in ch.qos.logback.classic.joran.JoranConfigurator@29176cc1 - Registering current configuration as safe fallback point

345        WARN  main            d.u.i.k.s.ProofSettings   The settings in /home/runner/.key/proof-settings.props are *not* read. 
Returning from test MethodContracts_fullmacro
Running test InformationFlow_fullmacro
14:47:00,911 |-INFO in ch.qos.logback.classic.LoggerContext[default] - Could NOT find resource [logback-test.xml]
14:47:00,911 |-INFO in ch.qos.logback.classic.LoggerContext[default] - Found resource [logback.xml] at [file:/home/runner/work/key/key/key.core/build/resources/test/logback.xml]
14:47:01,050 |-INFO in ch.qos.logback.classic.joran.action.ConfigurationAction - debug attribute not set
14:47:01,051 |-INFO in ch.qos.logback.core.joran.action.AppenderAction - About to instantiate appender of type [ch.qos.logback.core.ConsoleAppender]
14:47:01,064 |-INFO in ch.qos.logback.core.joran.action.AppenderAction - Naming appender as [STDOUT]
14:47:01,069 |-ERROR in ch.qos.logback.core.joran.spi.Interpreter@3:15 - no applicable action for [file], current ElementPath  is [[configuration][appender][file]]
14:47:01,069 |-ERROR in ch.qos.logback.core.joran.spi.Interpreter@4:17 - no applicable action for [append], current ElementPath  is [[configuration][appender][append]]
14:47:01,071 |-INFO in ch.qos.logback.core.joran.action.NestedComplexPropertyIA - Assuming default type [ch.qos.logback.classic.encoder.PatternLayoutEncoder] for [encoder] property
14:47:01,094 |-INFO in ch.qos.logback.classic.joran.action.RootLoggerAction - Setting level of ROOT logger to WARN
14:47:01,095 |-INFO in ch.qos.logback.core.joran.action.AppenderRefAction - Attaching appender named [STDOUT] to Logger[ROOT]
14:47:01,095 |-INFO in ch.qos.logback.classic.joran.action.ConfigurationAction - End of configuration.
14:47:01,097 |-INFO in ch.qos.logback.classic.joran.JoranConfigurator@29176cc1 - Registering current configuration as safe fallback point

344        WARN  main            d.u.i.k.s.ProofSettings   The settings in /home/runner/.key/proof-settings.props are *not* read. 
Returning from test InformationFlow_fullmacro
Running test MiniExamples_fullmacro
14:53:18,774 |-INFO in ch.qos.logback.classic.LoggerContext[default] - Could NOT find resource [logback-test.xml]
14:53:18,775 |-INFO in ch.qos.logback.classic.LoggerContext[default] - Found resource [logback.xml] at [file:/home/runner/work/key/key/key.core/build/resources/test/logback.xml]
14:53:18,894 |-INFO in ch.qos.logback.classic.joran.action.ConfigurationAction - debug attribute not set
14:53:18,895 |-INFO in ch.qos.logback.core.joran.action.AppenderAction - About to instantiate appender of type [ch.qos.logback.core.ConsoleAppender]
14:53:18,908 |-INFO in ch.qos.logback.core.joran.action.AppenderAction - Naming appender as [STDOUT]
14:53:18,914 |-ERROR in ch.qos.logback.core.joran.spi.Interpreter@3:15 - no applicable action for [file], current ElementPath  is [[configuration][appender][file]]
14:53:18,914 |-ERROR in ch.qos.logback.core.joran.spi.Interpreter@4:17 - no applicable action for [append], current ElementPath  is [[configuration][appender][append]]
14:53:18,915 |-INFO in ch.qos.logback.core.joran.action.NestedComplexPropertyIA - Assuming default type [ch.qos.logback.classic.encoder.PatternLayoutEncoder] for [encoder] property
14:53:18,939 |-INFO in ch.qos.logback.classic.joran.action.RootLoggerAction - Setting level of ROOT logger to WARN
14:53:18,939 |-INFO in ch.qos.logback.core.joran.action.AppenderRefAction - Attaching appender named [STDOUT] to Logger[ROOT]
14:53:18,940 |-INFO in ch.qos.logback.classic.joran.action.ConfigurationAction - End of configuration.
14:53:18,942 |-INFO in ch.qos.logback.classic.joran.JoranConfigurator@2f177a4b - Registering current configuration as safe fallback point

330        WARN  main            d.u.i.k.s.ProofSettings   The settings in /home/runner/.key/proof-settings.props are *not* read. 
Returning from test MiniExamples_fullmacro
Running test NewObjects_fullmacro
14:55:23,432 |-INFO in ch.qos.logback.classic.LoggerContext[default] - Could NOT find resource [logback-test.xml]
14:55:23,433 |-INFO in ch.qos.logback.classic.LoggerContext[default] - Found resource [logback.xml] at [file:/home/runner/work/key/key/key.core/build/resources/test/logback.xml]
14:55:23,565 |-INFO in ch.qos.logback.classic.joran.action.ConfigurationAction - debug attribute not set
14:55:23,565 |-INFO in ch.qos.logback.core.joran.action.AppenderAction - About to instantiate appender of type [ch.qos.logback.core.ConsoleAppender]
14:55:23,585 |-INFO in ch.qos.logback.core.joran.action.AppenderAction - Naming appender as [STDOUT]
14:55:23,590 |-ERROR in ch.qos.logback.core.joran.spi.Interpreter@3:15 - no applicable action for [file], current ElementPath  is [[configuration][appender][file]]
14:55:23,591 |-ERROR in ch.qos.logback.core.joran.spi.Interpreter@4:17 - no applicable action for [append], current ElementPath  is [[configuration][appender][append]]
14:55:23,592 |-INFO in ch.qos.logback.core.joran.action.NestedComplexPropertyIA - Assuming default type [ch.qos.logback.classic.encoder.PatternLayoutEncoder] for [encoder] property
14:55:23,622 |-INFO in ch.qos.logback.classic.joran.action.RootLoggerAction - Setting level of ROOT logger to WARN
14:55:23,622 |-INFO in ch.qos.logback.core.joran.action.AppenderRefAction - Attaching appender named [STDOUT] to Logger[ROOT]
14:55:23,623 |-INFO in ch.qos.logback.classic.joran.action.ConfigurationAction - End of configuration.
14:55:23,625 |-INFO in ch.qos.logback.classic.joran.JoranConfigurator@29176cc1 - Registering current configuration as safe fallback point

370        WARN  main            d.u.i.k.s.ProofSettings   The settings in /home/runner/.key/proof-settings.props are *not* read. 
Returning from test NewObjects_fullmacro
Running test SimpleEvoting_fullmacro
14:59:18,355 |-INFO in ch.qos.logback.classic.LoggerContext[default] - Could NOT find resource [logback-test.xml]
14:59:18,356 |-INFO in ch.qos.logback.classic.LoggerContext[default] - Found resource [logback.xml] at [file:/home/runner/work/key/key/key.core/build/resources/test/logback.xml]
14:59:18,477 |-INFO in ch.qos.logback.classic.joran.action.ConfigurationAction - debug attribute not set
14:59:18,477 |-INFO in ch.qos.logback.core.joran.action.AppenderAction - About to instantiate appender of type [ch.qos.logback.core.ConsoleAppender]
14:59:18,497 |-INFO in ch.qos.logback.core.joran.action.AppenderAction - Naming appender as [STDOUT]
14:59:18,502 |-ERROR in ch.qos.logback.core.joran.spi.Interpreter@3:15 - no applicable action for [file], current ElementPath  is [[configuration][appender][file]]
14:59:18,503 |-ERROR in ch.qos.logback.core.joran.spi.Interpreter@4:17 - no applicable action for [append], current ElementPath  is [[configuration][appender][append]]
14:59:18,504 |-INFO in ch.qos.logback.core.joran.action.NestedComplexPropertyIA - Assuming default type [ch.qos.logback.classic.encoder.PatternLayoutEncoder] for [encoder] property
14:59:18,544 |-INFO in ch.qos.logback.classic.joran.action.RootLoggerAction - Setting level of ROOT logger to WARN
14:59:18,544 |-INFO in ch.qos.logback.core.joran.action.AppenderRefAction - Attaching appender named [STDOUT] to Logger[ROOT]
14:59:18,544 |-INFO in ch.qos.logback.classic.joran.action.ConfigurationAction - End of configuration.
14:59:18,546 |-INFO in ch.qos.logback.classic.joran.JoranConfigurator@29176cc1 - Registering current configuration as safe fallback point

356        WARN  main            d.u.i.k.s.ProofSettings   The settings in /home/runner/.key/proof-settings.props are *not* read. 
Returning from test SimpleEvoting_fullmacro
]]></system-out>
  <system-err><![CDATA[Timeout watcher launched (1000 secs.)
Timeout watcher launched (1000 secs.)
Timeout watcher launched (1000 secs.)
Timeout watcher launched (1000 secs.)
Timeout watcher launched (1000 secs.)
Timeout watcher launched (1000 secs.)
Timeout watcher launched (1000 secs.)
Timeout watcher launched (1000 secs.)
Timeout watcher launched (1000 secs.)
Timeout watcher launched (1000 secs.)
Timeout watcher launched (1000 secs.)
Timeout watcher launched (1000 secs.)
Timeout watcher launched (1000 secs.)
Timeout watcher launched (1000 secs.)
Timeout watcher launched (1000 secs.)
Timeout watcher launched (1000 secs.)
Timeout watcher launched (1000 secs.)
Timeout watcher launched (1000 secs.)
Timeout watcher launched (1000 secs.)
Timeout watcher launched (1000 secs.)
Timeout watcher launched (1000 secs.)
Timeout watcher launched (1000 secs.)
Timeout watcher launched (1000 secs.)
Timeout watcher launched (1000 secs.)
Timeout watcher launched (1000 secs.)
Timeout watcher launched (1000 secs.)
Timeout watcher launched (1000 secs.)
Timeout watcher launched (1000 secs.)
Timeout watcher launched (1000 secs.)
]]></system-err>
</testsuite>
