<?xml version="1.0" encoding="UTF-8"?>
<testsuite name="de.uka.ilkd.key.util.TestMiscTools" tests="9" skipped="0" failures="0" errors="0" timestamp="2023-02-02T12:12:54" hostname="fv-az563-995" time="0.021">
  <properties/>
  <testcase name="testMakeFilenameRelativeWindows()" classname="de.uka.ilkd.key.util.TestMiscTools" time="0.0"/>
  <testcase name="testDisectFilenameWindows()" classname="de.uka.ilkd.key.util.TestMiscTools" time="0.0"/>
  <testcase name="testDisectFilenameUnix()" classname="de.uka.ilkd.key.util.TestMiscTools" time="0.001"/>
  <testcase name="testIsJMLComment()" classname="de.uka.ilkd.key.util.TestMiscTools" time="0.0"/>
  <testcase name="testContainsWholeWord()" classname="de.uka.ilkd.key.util.TestMiscTools" time="0.0"/>
  <testcase name="testExtractURI()" classname="de.uka.ilkd.key.util.TestMiscTools" time="0.006"/>
  <testcase name="testMakeFilenameRelativeUnix()" classname="de.uka.ilkd.key.util.TestMiscTools" time="0.001"/>
  <testcase name="testToValidFileName()" classname="de.uka.ilkd.key.util.TestMiscTools" time="0.0"/>
  <testcase name="testTryParseURL()" classname="de.uka.ilkd.key.util.TestMiscTools" time="0.009"/>
  <system-out><![CDATA[]]></system-out>
  <system-err><![CDATA[]]></system-err>
</testsuite>
