<?xml version="1.0" encoding="UTF-8"?>
<testsuite name="de.uka.ilkd.key.rule.TestApplyTaclet" tests="29" skipped="0" failures="0" errors="0" timestamp="2023-02-02T12:07:38" hostname="fv-az563-995" time="2.516">
  <properties/>
  <testcase name="testCatchList()" classname="de.uka.ilkd.key.rule.TestApplyTaclet" time="0.96"/>
  <testcase name="testAntecTacletWithoutIf()" classname="de.uka.ilkd.key.rule.TestApplyTaclet" time="0.029"/>
  <testcase name="testAddExistingFormulaTwoInAntec2()" classname="de.uka.ilkd.key.rule.TestApplyTaclet" time="0.029"/>
  <testcase name="testAddExistingFormulaTwoInAntec()" classname="de.uka.ilkd.key.rule.TestApplyTaclet" time="0.029"/>
  <testcase name="testAddExistingFormulaTwoInSucc2()" classname="de.uka.ilkd.key.rule.TestApplyTaclet" time="0.029"/>
  <testcase name="testTacletWithIf()" classname="de.uka.ilkd.key.rule.TestApplyTaclet" time="0.156"/>
  <testcase name="testRemoveEmptyBlock()" classname="de.uka.ilkd.key.rule.TestApplyTaclet" time="0.136"/>
  <testcase name="testBugBrokenApply()" classname="de.uka.ilkd.key.rule.TestApplyTaclet" time="0.033"/>
  <testcase name="testCompleteContextAddBug()" classname="de.uka.ilkd.key.rule.TestApplyTaclet" time="0.032"/>
  <testcase name="testBugID176()" classname="de.uka.ilkd.key.rule.TestApplyTaclet" time="0.03"/>
  <testcase name="testBugID177()" classname="de.uka.ilkd.key.rule.TestApplyTaclet" time="0.028"/>
  <testcase name="testBugID188()" classname="de.uka.ilkd.key.rule.TestApplyTaclet" time="0.029"/>
  <testcase name="testSuccTacletWithoutIf()" classname="de.uka.ilkd.key.rule.TestApplyTaclet" time="0.027"/>
  <testcase name="testRewriteTacletWithoutIf()" classname="de.uka.ilkd.key.rule.TestApplyTaclet" time="0.027"/>
  <testcase name="testSuccTacletAllRight()" classname="de.uka.ilkd.key.rule.TestApplyTaclet" time="0.027"/>
  <testcase name="testTacletVariableCollector()" classname="de.uka.ilkd.key.rule.TestApplyTaclet" time="0.03"/>
  <testcase name="testIncompleteSuccTacletApp()" classname="de.uka.ilkd.key.rule.TestApplyTaclet" time="0.028"/>
  <testcase name="testAddExistingFormulaSucc()" classname="de.uka.ilkd.key.rule.TestApplyTaclet" time="0.028"/>
  <testcase name="testAddExistingFormulaTwoInSucc()" classname="de.uka.ilkd.key.rule.TestApplyTaclet" time="0.029"/>
  <testcase name="testIncompleteNoFindTacletApp()" classname="de.uka.ilkd.key.rule.TestApplyTaclet" time="0.204"/>
  <testcase name="testNoFindTacletWithoutIf()" classname="de.uka.ilkd.key.rule.TestApplyTaclet" time="0.054"/>
  <testcase name="testModalityLevel0()" classname="de.uka.ilkd.key.rule.TestApplyTaclet" time="0.065"/>
  <testcase name="testModalityLevel1()" classname="de.uka.ilkd.key.rule.TestApplyTaclet" time="0.108"/>
  <testcase name="testModalityLevel2()" classname="de.uka.ilkd.key.rule.TestApplyTaclet" time="0.037"/>
  <testcase name="testContextAdding()" classname="de.uka.ilkd.key.rule.TestApplyTaclet" time="0.038"/>
  <testcase name="testAddingRule()" classname="de.uka.ilkd.key.rule.TestApplyTaclet" time="0.058"/>
  <testcase name="testBugEmptyBlock()" classname="de.uka.ilkd.key.rule.TestApplyTaclet" time="0.04"/>
  <testcase name="testAddExistingFormulaAntec()" classname="de.uka.ilkd.key.rule.TestApplyTaclet" time="0.123"/>
  <testcase name="testPrgTacletApp()" classname="de.uka.ilkd.key.rule.TestApplyTaclet" time="0.035"/>
  <system-out><![CDATA[]]></system-out>
  <system-err><![CDATA[]]></system-err>
</testsuite>
