<?xml version="1.0" encoding="UTF-8"?>
<testsuite name="de.uka.ilkd.key.testcase.smt.testgen.TestTestgen" tests="1" skipped="0" failures="0" errors="0" timestamp="2023-06-12T07:24:55" hostname="fv-az613-599" time="6.773">
  <properties/>
  <testcase name="testMiddle()" classname="de.uka.ilkd.key.testcase.smt.testgen.TestTestgen" time="6.773"/>
  <system-out><![CDATA[21887      WARN  Test worker     d.u.i.k.t.s.t.TestTestgen Warning: Z3_CE is not installed, tests skipped. 
21888      WARN  Test worker     d.u.i.k.t.s.t.TestTestgen Maybe use JVM system property "z3SolverPath" to define the path to the Z3 command. 
21890      INFO  Test worker     d.u.i.k.p.i.AbstractProblemLoader Loading environment from src/test/resources/testcase/smt/tg/middle.key 
21891      DEBUG Test worker     d.u.i.k.p.i.AbstractProblemLoader Environment load took 584.61ns 
21895      INFO  Test worker     d.u.i.k.p.i.AbstractProblemLoader Creating init config 
27835      DEBUG Test worker     d.u.i.k.p.i.AbstractProblemLoader Init config took 5.94s 
27933      INFO  Test worker     d.u.i.k.p.i.AbstractProblemLoader Replaying proof Middle[Middle::middle(int,int,int)].JML normal_behavior operation contract.0 
27937      DEBUG Test worker     d.u.i.k.p.i.IntermediateProofReplayer Proof replay took 15.7ns 
]]></system-out>
  <system-err><![CDATA[]]></system-err>
</testsuite>
