<?xml version="1.0" encoding="UTF-8"?>
<testsuite name="de.uka.ilkd.key.proof.runallproofs.RunAllProofsFunctional" tests="34" skipped="0" failures="19" errors="0" timestamp="2023-04-21T09:19:30" hostname="fv-az735-945" time="5236.173">
  <properties/>
  <testcase name="newBook" classname="de.uka.ilkd.key.proof.runallproofs.RunAllProofsFunctional" time="59.174"/>
  <testcase name="oldBook" classname="de.uka.ilkd.key.proof.runallproofs.RunAllProofsFunctional" time="16.783">
    <failure message="org.opentest4j.AssertionFailedError: Executed process terminated with non-zero exit value. ==&gt; expected: &lt;0&gt; but was: &lt;1&gt;" type="org.opentest4j.AssertionFailedError">org.opentest4j.AssertionFailedError: Executed process terminated with non-zero exit value. ==&gt; expected: &lt;0&gt; but was: &lt;1&gt;
	at app//org.junit.jupiter.api.AssertionFailureBuilder.build(AssertionFailureBuilder.java:151)
	at app//org.junit.jupiter.api.AssertionFailureBuilder.buildAndThrow(AssertionFailureBuilder.java:132)
	at app//org.junit.jupiter.api.AssertEquals.failNotEqual(AssertEquals.java:197)
	at app//org.junit.jupiter.api.AssertEquals.assertEquals(AssertEquals.java:150)
	at app//org.junit.jupiter.api.Assertions.assertEquals(Assertions.java:560)
	at app//de.uka.ilkd.key.proof.runallproofs.proofcollection.ForkedTestFileRunner.processTestFiles(ForkedTestFileRunner.java:130)
	at app//de.uka.ilkd.key.proof.runallproofs.RunAllProofsTestUnit.runTest(RunAllProofsTestUnit.java:89)
	at app//de.uka.ilkd.key.proof.runallproofs.RunAllProofsTest.lambda$data$0(RunAllProofsTest.java:77)
	at app//org.junit.jupiter.engine.descriptor.DynamicTestTestDescriptor.lambda$execute$0(DynamicTestTestDescriptor.java:53)
	at app//org.junit.jupiter.engine.execution.InvocationInterceptorChain$ValidatingInvocation.proceed(InvocationInterceptorChain.java:131)
	at app//org.junit.jupiter.api.extension.InvocationInterceptor.interceptDynamicTest(InvocationInterceptor.java:167)
	at app//org.junit.jupiter.api.extension.InvocationInterceptor.interceptDynamicTest(InvocationInterceptor.java:184)
	at app//org.junit.jupiter.engine.descriptor.DynamicTestTestDescriptor.lambda$execute$1(DynamicTestTestDescriptor.java:61)
	at app//org.junit.jupiter.engine.execution.InvocationInterceptorChain$InterceptorCall.lambda$ofVoid$0(InvocationInterceptorChain.java:78)
	at app//org.junit.jupiter.engine.execution.InvocationInterceptorChain$InterceptedInvocation.proceed(InvocationInterceptorChain.java:106)
	at app//org.junit.jupiter.engine.execution.InvocationInterceptorChain.proceed(InvocationInterceptorChain.java:64)
	at app//org.junit.jupiter.engine.execution.InvocationInterceptorChain.chainAndInvoke(InvocationInterceptorChain.java:45)
	at app//org.junit.jupiter.engine.execution.InvocationInterceptorChain.invoke(InvocationInterceptorChain.java:37)
	at app//org.junit.jupiter.engine.descriptor.DynamicTestTestDescriptor.execute(DynamicTestTestDescriptor.java:60)
	at app//org.junit.jupiter.engine.descriptor.DynamicTestTestDescriptor.execute(DynamicTestTestDescriptor.java:32)
	at app//org.junit.platform.engine.support.hierarchical.NodeTestTask.lambda$executeRecursively$6(NodeTestTask.java:151)
	at app//org.junit.platform.engine.support.hierarchical.ThrowableCollector.execute(ThrowableCollector.java:73)
	at app//org.junit.platform.engine.support.hierarchical.NodeTestTask.lambda$executeRecursively$8(NodeTestTask.java:141)
	at app//org.junit.platform.engine.support.hierarchical.Node.around(Node.java:137)
	at app//org.junit.platform.engine.support.hierarchical.NodeTestTask.lambda$executeRecursively$9(NodeTestTask.java:139)
	at app//org.junit.platform.engine.support.hierarchical.ThrowableCollector.execute(ThrowableCollector.java:73)
	at app//org.junit.platform.engine.support.hierarchical.NodeTestTask.executeRecursively(NodeTestTask.java:138)
	at app//org.junit.platform.engine.support.hierarchical.NodeTestTask.execute(NodeTestTask.java:95)
	at app//org.junit.platform.engine.support.hierarchical.SameThreadHierarchicalTestExecutorService.submit(SameThreadHierarchicalTestExecutorService.java:35)
	at app//org.junit.platform.engine.support.hierarchical.NodeTestTask$DefaultDynamicTestExecutor.execute(NodeTestTask.java:226)
	at app//org.junit.platform.engine.support.hierarchical.NodeTestTask$DefaultDynamicTestExecutor.execute(NodeTestTask.java:204)
	at java.base@11.0.18/java.util.Optional.ifPresent(Optional.java:183)
	at app//org.junit.jupiter.engine.descriptor.TestFactoryTestDescriptor.lambda$invokeTestMethod$1(TestFactoryTestDescriptor.java:108)
	at app//org.junit.platform.engine.support.hierarchical.ThrowableCollector.execute(ThrowableCollector.java:73)
	at app//org.junit.jupiter.engine.descriptor.TestFactoryTestDescriptor.invokeTestMethod(TestFactoryTestDescriptor.java:95)
	at app//org.junit.jupiter.engine.descriptor.TestMethodTestDescriptor.execute(TestMethodTestDescriptor.java:138)
	at app//org.junit.jupiter.engine.descriptor.TestMethodTestDescriptor.execute(TestMethodTestDescriptor.java:68)
	at app//org.junit.platform.engine.support.hierarchical.NodeTestTask.lambda$executeRecursively$6(NodeTestTask.java:151)
	at app//org.junit.platform.engine.support.hierarchical.ThrowableCollector.execute(ThrowableCollector.java:73)
	at app//org.junit.platform.engine.support.hierarchical.NodeTestTask.lambda$executeRecursively$8(NodeTestTask.java:141)
	at app//org.junit.platform.engine.support.hierarchical.Node.around(Node.java:137)
	at app//org.junit.platform.engine.support.hierarchical.NodeTestTask.lambda$executeRecursively$9(NodeTestTask.java:139)
	at app//org.junit.platform.engine.support.hierarchical.ThrowableCollector.execute(ThrowableCollector.java:73)
	at app//org.junit.platform.engine.support.hierarchical.NodeTestTask.executeRecursively(NodeTestTask.java:138)
	at app//org.junit.platform.engine.support.hierarchical.NodeTestTask.execute(NodeTestTask.java:95)
	at java.base@11.0.18/java.util.ArrayList.forEach(ArrayList.java:1541)
	at app//org.junit.platform.engine.support.hierarchical.SameThreadHierarchicalTestExecutorService.invokeAll(SameThreadHierarchicalTestExecutorService.java:41)
	at app//org.junit.platform.engine.support.hierarchical.NodeTestTask.lambda$executeRecursively$6(NodeTestTask.java:155)
	at app//org.junit.platform.engine.support.hierarchical.ThrowableCollector.execute(ThrowableCollector.java:73)
	at app//org.junit.platform.engine.support.hierarchical.NodeTestTask.lambda$executeRecursively$8(NodeTestTask.java:141)
	at app//org.junit.platform.engine.support.hierarchical.Node.around(Node.java:137)
	at app//org.junit.platform.engine.support.hierarchical.NodeTestTask.lambda$executeRecursively$9(NodeTestTask.java:139)
	at app//org.junit.platform.engine.support.hierarchical.ThrowableCollector.execute(ThrowableCollector.java:73)
	at app//org.junit.platform.engine.support.hierarchical.NodeTestTask.executeRecursively(NodeTestTask.java:138)
	at app//org.junit.platform.engine.support.hierarchical.NodeTestTask.execute(NodeTestTask.java:95)
	at java.base@11.0.18/java.util.ArrayList.forEach(ArrayList.java:1541)
	at app//org.junit.platform.engine.support.hierarchical.SameThreadHierarchicalTestExecutorService.invokeAll(SameThreadHierarchicalTestExecutorService.java:41)
	at app//org.junit.platform.engine.support.hierarchical.NodeTestTask.lambda$executeRecursively$6(NodeTestTask.java:155)
	at app//org.junit.platform.engine.support.hierarchical.ThrowableCollector.execute(ThrowableCollector.java:73)
	at app//org.junit.platform.engine.support.hierarchical.NodeTestTask.lambda$executeRecursively$8(NodeTestTask.java:141)
	at app//org.junit.platform.engine.support.hierarchical.Node.around(Node.java:137)
	at app//org.junit.platform.engine.support.hierarchical.NodeTestTask.lambda$executeRecursively$9(NodeTestTask.java:139)
	at app//org.junit.platform.engine.support.hierarchical.ThrowableCollector.execute(ThrowableCollector.java:73)
	at app//org.junit.platform.engine.support.hierarchical.NodeTestTask.executeRecursively(NodeTestTask.java:138)
	at app//org.junit.platform.engine.support.hierarchical.NodeTestTask.execute(NodeTestTask.java:95)
	at app//org.junit.platform.engine.support.hierarchical.SameThreadHierarchicalTestExecutorService.submit(SameThreadHierarchicalTestExecutorService.java:35)
	at app//org.junit.platform.engine.support.hierarchical.HierarchicalTestExecutor.execute(HierarchicalTestExecutor.java:57)
	at app//org.junit.platform.engine.support.hierarchical.HierarchicalTestEngine.execute(HierarchicalTestEngine.java:54)
	at app//org.junit.platform.launcher.core.EngineExecutionOrchestrator.execute(EngineExecutionOrchestrator.java:107)
	at app//org.junit.platform.launcher.core.EngineExecutionOrchestrator.execute(EngineExecutionOrchestrator.java:88)
	at app//org.junit.platform.launcher.core.EngineExecutionOrchestrator.lambda$execute$0(EngineExecutionOrchestrator.java:54)
	at app//org.junit.platform.launcher.core.EngineExecutionOrchestrator.withInterceptedStreams(EngineExecutionOrchestrator.java:67)
	at app//org.junit.platform.launcher.core.EngineExecutionOrchestrator.execute(EngineExecutionOrchestrator.java:52)
	at app//org.junit.platform.launcher.core.DefaultLauncher.execute(DefaultLauncher.java:114)
	at app//org.junit.platform.launcher.core.DefaultLauncher.execute(DefaultLauncher.java:86)
	at app//org.junit.platform.launcher.core.DefaultLauncherSession$DelegatingLauncher.execute(DefaultLauncherSession.java:86)
	at org.gradle.api.internal.tasks.testing.junitplatform.JUnitPlatformTestClassProcessor$CollectAllTestClassesExecutor.processAllTestClasses(JUnitPlatformTestClassProcessor.java:110)
	at org.gradle.api.internal.tasks.testing.junitplatform.JUnitPlatformTestClassProcessor$CollectAllTestClassesExecutor.access$000(JUnitPlatformTestClassProcessor.java:90)
	at org.gradle.api.internal.tasks.testing.junitplatform.JUnitPlatformTestClassProcessor.stop(JUnitPlatformTestClassProcessor.java:85)
	at org.gradle.api.internal.tasks.testing.SuiteTestClassProcessor.stop(SuiteTestClassProcessor.java:62)
	at java.base@11.0.18/jdk.internal.reflect.NativeMethodAccessorImpl.invoke0(Native Method)
	at java.base@11.0.18/jdk.internal.reflect.NativeMethodAccessorImpl.invoke(NativeMethodAccessorImpl.java:62)
	at java.base@11.0.18/jdk.internal.reflect.DelegatingMethodAccessorImpl.invoke(DelegatingMethodAccessorImpl.java:43)
	at java.base@11.0.18/java.lang.reflect.Method.invoke(Method.java:566)
	at org.gradle.internal.dispatch.ReflectionDispatch.dispatch(ReflectionDispatch.java:36)
	at org.gradle.internal.dispatch.ReflectionDispatch.dispatch(ReflectionDispatch.java:24)
	at org.gradle.internal.dispatch.ContextClassLoaderDispatch.dispatch(ContextClassLoaderDispatch.java:33)
	at org.gradle.internal.dispatch.ProxyDispatchAdapter$DispatchingInvocationHandler.invoke(ProxyDispatchAdapter.java:94)
	at com.sun.proxy.$Proxy2.stop(Unknown Source)
	at org.gradle.api.internal.tasks.testing.worker.TestWorker$3.run(TestWorker.java:193)
	at org.gradle.api.internal.tasks.testing.worker.TestWorker.executeAndMaintainThreadName(TestWorker.java:129)
	at org.gradle.api.internal.tasks.testing.worker.TestWorker.execute(TestWorker.java:100)
	at org.gradle.api.internal.tasks.testing.worker.TestWorker.execute(TestWorker.java:60)
	at org.gradle.process.internal.worker.child.ActionExecutionWorker.execute(ActionExecutionWorker.java:56)
	at org.gradle.process.internal.worker.child.SystemApplicationClassLoaderWorker.call(SystemApplicationClassLoaderWorker.java:113)
	at org.gradle.process.internal.worker.child.SystemApplicationClassLoaderWorker.call(SystemApplicationClassLoaderWorker.java:65)
	at app//worker.org.gradle.process.internal.worker.GradleWorkerMain.run(GradleWorkerMain.java:69)
	at app//worker.org.gradle.process.internal.worker.GradleWorkerMain.main(GradleWorkerMain.java:74)
</failure>
  </testcase>
  <testcase name="comprehensions" classname="de.uka.ilkd.key.proof.runallproofs.RunAllProofsFunctional" time="65.287"/>
  <testcase name="performance" classname="de.uka.ilkd.key.proof.runallproofs.RunAllProofsFunctional" time="213.992">
    <failure message="org.opentest4j.AssertionFailedError: Executed process terminated with non-zero exit value. ==&gt; expected: &lt;0&gt; but was: &lt;1&gt;" type="org.opentest4j.AssertionFailedError">org.opentest4j.AssertionFailedError: Executed process terminated with non-zero exit value. ==&gt; expected: &lt;0&gt; but was: &lt;1&gt;
	at app//org.junit.jupiter.api.AssertionFailureBuilder.build(AssertionFailureBuilder.java:151)
	at app//org.junit.jupiter.api.AssertionFailureBuilder.buildAndThrow(AssertionFailureBuilder.java:132)
	at app//org.junit.jupiter.api.AssertEquals.failNotEqual(AssertEquals.java:197)
	at app//org.junit.jupiter.api.AssertEquals.assertEquals(AssertEquals.java:150)
	at app//org.junit.jupiter.api.Assertions.assertEquals(Assertions.java:560)
	at app//de.uka.ilkd.key.proof.runallproofs.proofcollection.ForkedTestFileRunner.processTestFiles(ForkedTestFileRunner.java:130)
	at app//de.uka.ilkd.key.proof.runallproofs.RunAllProofsTestUnit.runTest(RunAllProofsTestUnit.java:89)
	at app//de.uka.ilkd.key.proof.runallproofs.RunAllProofsTest.lambda$data$0(RunAllProofsTest.java:77)
	at app//org.junit.jupiter.engine.descriptor.DynamicTestTestDescriptor.lambda$execute$0(DynamicTestTestDescriptor.java:53)
	at app//org.junit.jupiter.engine.execution.InvocationInterceptorChain$ValidatingInvocation.proceed(InvocationInterceptorChain.java:131)
	at app//org.junit.jupiter.api.extension.InvocationInterceptor.interceptDynamicTest(InvocationInterceptor.java:167)
	at app//org.junit.jupiter.api.extension.InvocationInterceptor.interceptDynamicTest(InvocationInterceptor.java:184)
	at app//org.junit.jupiter.engine.descriptor.DynamicTestTestDescriptor.lambda$execute$1(DynamicTestTestDescriptor.java:61)
	at app//org.junit.jupiter.engine.execution.InvocationInterceptorChain$InterceptorCall.lambda$ofVoid$0(InvocationInterceptorChain.java:78)
	at app//org.junit.jupiter.engine.execution.InvocationInterceptorChain$InterceptedInvocation.proceed(InvocationInterceptorChain.java:106)
	at app//org.junit.jupiter.engine.execution.InvocationInterceptorChain.proceed(InvocationInterceptorChain.java:64)
	at app//org.junit.jupiter.engine.execution.InvocationInterceptorChain.chainAndInvoke(InvocationInterceptorChain.java:45)
	at app//org.junit.jupiter.engine.execution.InvocationInterceptorChain.invoke(InvocationInterceptorChain.java:37)
	at app//org.junit.jupiter.engine.descriptor.DynamicTestTestDescriptor.execute(DynamicTestTestDescriptor.java:60)
	at app//org.junit.jupiter.engine.descriptor.DynamicTestTestDescriptor.execute(DynamicTestTestDescriptor.java:32)
	at app//org.junit.platform.engine.support.hierarchical.NodeTestTask.lambda$executeRecursively$6(NodeTestTask.java:151)
	at app//org.junit.platform.engine.support.hierarchical.ThrowableCollector.execute(ThrowableCollector.java:73)
	at app//org.junit.platform.engine.support.hierarchical.NodeTestTask.lambda$executeRecursively$8(NodeTestTask.java:141)
	at app//org.junit.platform.engine.support.hierarchical.Node.around(Node.java:137)
	at app//org.junit.platform.engine.support.hierarchical.NodeTestTask.lambda$executeRecursively$9(NodeTestTask.java:139)
	at app//org.junit.platform.engine.support.hierarchical.ThrowableCollector.execute(ThrowableCollector.java:73)
	at app//org.junit.platform.engine.support.hierarchical.NodeTestTask.executeRecursively(NodeTestTask.java:138)
	at app//org.junit.platform.engine.support.hierarchical.NodeTestTask.execute(NodeTestTask.java:95)
	at app//org.junit.platform.engine.support.hierarchical.SameThreadHierarchicalTestExecutorService.submit(SameThreadHierarchicalTestExecutorService.java:35)
	at app//org.junit.platform.engine.support.hierarchical.NodeTestTask$DefaultDynamicTestExecutor.execute(NodeTestTask.java:226)
	at app//org.junit.platform.engine.support.hierarchical.NodeTestTask$DefaultDynamicTestExecutor.execute(NodeTestTask.java:204)
	at java.base@11.0.18/java.util.Optional.ifPresent(Optional.java:183)
	at app//org.junit.jupiter.engine.descriptor.TestFactoryTestDescriptor.lambda$invokeTestMethod$1(TestFactoryTestDescriptor.java:108)
	at app//org.junit.platform.engine.support.hierarchical.ThrowableCollector.execute(ThrowableCollector.java:73)
	at app//org.junit.jupiter.engine.descriptor.TestFactoryTestDescriptor.invokeTestMethod(TestFactoryTestDescriptor.java:95)
	at app//org.junit.jupiter.engine.descriptor.TestMethodTestDescriptor.execute(TestMethodTestDescriptor.java:138)
	at app//org.junit.jupiter.engine.descriptor.TestMethodTestDescriptor.execute(TestMethodTestDescriptor.java:68)
	at app//org.junit.platform.engine.support.hierarchical.NodeTestTask.lambda$executeRecursively$6(NodeTestTask.java:151)
	at app//org.junit.platform.engine.support.hierarchical.ThrowableCollector.execute(ThrowableCollector.java:73)
	at app//org.junit.platform.engine.support.hierarchical.NodeTestTask.lambda$executeRecursively$8(NodeTestTask.java:141)
	at app//org.junit.platform.engine.support.hierarchical.Node.around(Node.java:137)
	at app//org.junit.platform.engine.support.hierarchical.NodeTestTask.lambda$executeRecursively$9(NodeTestTask.java:139)
	at app//org.junit.platform.engine.support.hierarchical.ThrowableCollector.execute(ThrowableCollector.java:73)
	at app//org.junit.platform.engine.support.hierarchical.NodeTestTask.executeRecursively(NodeTestTask.java:138)
	at app//org.junit.platform.engine.support.hierarchical.NodeTestTask.execute(NodeTestTask.java:95)
	at java.base@11.0.18/java.util.ArrayList.forEach(ArrayList.java:1541)
	at app//org.junit.platform.engine.support.hierarchical.SameThreadHierarchicalTestExecutorService.invokeAll(SameThreadHierarchicalTestExecutorService.java:41)
	at app//org.junit.platform.engine.support.hierarchical.NodeTestTask.lambda$executeRecursively$6(NodeTestTask.java:155)
	at app//org.junit.platform.engine.support.hierarchical.ThrowableCollector.execute(ThrowableCollector.java:73)
	at app//org.junit.platform.engine.support.hierarchical.NodeTestTask.lambda$executeRecursively$8(NodeTestTask.java:141)
	at app//org.junit.platform.engine.support.hierarchical.Node.around(Node.java:137)
	at app//org.junit.platform.engine.support.hierarchical.NodeTestTask.lambda$executeRecursively$9(NodeTestTask.java:139)
	at app//org.junit.platform.engine.support.hierarchical.ThrowableCollector.execute(ThrowableCollector.java:73)
	at app//org.junit.platform.engine.support.hierarchical.NodeTestTask.executeRecursively(NodeTestTask.java:138)
	at app//org.junit.platform.engine.support.hierarchical.NodeTestTask.execute(NodeTestTask.java:95)
	at java.base@11.0.18/java.util.ArrayList.forEach(ArrayList.java:1541)
	at app//org.junit.platform.engine.support.hierarchical.SameThreadHierarchicalTestExecutorService.invokeAll(SameThreadHierarchicalTestExecutorService.java:41)
	at app//org.junit.platform.engine.support.hierarchical.NodeTestTask.lambda$executeRecursively$6(NodeTestTask.java:155)
	at app//org.junit.platform.engine.support.hierarchical.ThrowableCollector.execute(ThrowableCollector.java:73)
	at app//org.junit.platform.engine.support.hierarchical.NodeTestTask.lambda$executeRecursively$8(NodeTestTask.java:141)
	at app//org.junit.platform.engine.support.hierarchical.Node.around(Node.java:137)
	at app//org.junit.platform.engine.support.hierarchical.NodeTestTask.lambda$executeRecursively$9(NodeTestTask.java:139)
	at app//org.junit.platform.engine.support.hierarchical.ThrowableCollector.execute(ThrowableCollector.java:73)
	at app//org.junit.platform.engine.support.hierarchical.NodeTestTask.executeRecursively(NodeTestTask.java:138)
	at app//org.junit.platform.engine.support.hierarchical.NodeTestTask.execute(NodeTestTask.java:95)
	at app//org.junit.platform.engine.support.hierarchical.SameThreadHierarchicalTestExecutorService.submit(SameThreadHierarchicalTestExecutorService.java:35)
	at app//org.junit.platform.engine.support.hierarchical.HierarchicalTestExecutor.execute(HierarchicalTestExecutor.java:57)
	at app//org.junit.platform.engine.support.hierarchical.HierarchicalTestEngine.execute(HierarchicalTestEngine.java:54)
	at app//org.junit.platform.launcher.core.EngineExecutionOrchestrator.execute(EngineExecutionOrchestrator.java:107)
	at app//org.junit.platform.launcher.core.EngineExecutionOrchestrator.execute(EngineExecutionOrchestrator.java:88)
	at app//org.junit.platform.launcher.core.EngineExecutionOrchestrator.lambda$execute$0(EngineExecutionOrchestrator.java:54)
	at app//org.junit.platform.launcher.core.EngineExecutionOrchestrator.withInterceptedStreams(EngineExecutionOrchestrator.java:67)
	at app//org.junit.platform.launcher.core.EngineExecutionOrchestrator.execute(EngineExecutionOrchestrator.java:52)
	at app//org.junit.platform.launcher.core.DefaultLauncher.execute(DefaultLauncher.java:114)
	at app//org.junit.platform.launcher.core.DefaultLauncher.execute(DefaultLauncher.java:86)
	at app//org.junit.platform.launcher.core.DefaultLauncherSession$DelegatingLauncher.execute(DefaultLauncherSession.java:86)
	at org.gradle.api.internal.tasks.testing.junitplatform.JUnitPlatformTestClassProcessor$CollectAllTestClassesExecutor.processAllTestClasses(JUnitPlatformTestClassProcessor.java:110)
	at org.gradle.api.internal.tasks.testing.junitplatform.JUnitPlatformTestClassProcessor$CollectAllTestClassesExecutor.access$000(JUnitPlatformTestClassProcessor.java:90)
	at org.gradle.api.internal.tasks.testing.junitplatform.JUnitPlatformTestClassProcessor.stop(JUnitPlatformTestClassProcessor.java:85)
	at org.gradle.api.internal.tasks.testing.SuiteTestClassProcessor.stop(SuiteTestClassProcessor.java:62)
	at java.base@11.0.18/jdk.internal.reflect.NativeMethodAccessorImpl.invoke0(Native Method)
	at java.base@11.0.18/jdk.internal.reflect.NativeMethodAccessorImpl.invoke(NativeMethodAccessorImpl.java:62)
	at java.base@11.0.18/jdk.internal.reflect.DelegatingMethodAccessorImpl.invoke(DelegatingMethodAccessorImpl.java:43)
	at java.base@11.0.18/java.lang.reflect.Method.invoke(Method.java:566)
	at org.gradle.internal.dispatch.ReflectionDispatch.dispatch(ReflectionDispatch.java:36)
	at org.gradle.internal.dispatch.ReflectionDispatch.dispatch(ReflectionDispatch.java:24)
	at org.gradle.internal.dispatch.ContextClassLoaderDispatch.dispatch(ContextClassLoaderDispatch.java:33)
	at org.gradle.internal.dispatch.ProxyDispatchAdapter$DispatchingInvocationHandler.invoke(ProxyDispatchAdapter.java:94)
	at com.sun.proxy.$Proxy2.stop(Unknown Source)
	at org.gradle.api.internal.tasks.testing.worker.TestWorker$3.run(TestWorker.java:193)
	at org.gradle.api.internal.tasks.testing.worker.TestWorker.executeAndMaintainThreadName(TestWorker.java:129)
	at org.gradle.api.internal.tasks.testing.worker.TestWorker.execute(TestWorker.java:100)
	at org.gradle.api.internal.tasks.testing.worker.TestWorker.execute(TestWorker.java:60)
	at org.gradle.process.internal.worker.child.ActionExecutionWorker.execute(ActionExecutionWorker.java:56)
	at org.gradle.process.internal.worker.child.SystemApplicationClassLoaderWorker.call(SystemApplicationClassLoaderWorker.java:113)
	at org.gradle.process.internal.worker.child.SystemApplicationClassLoaderWorker.call(SystemApplicationClassLoaderWorker.java:65)
	at app//worker.org.gradle.process.internal.worker.GradleWorkerMain.run(GradleWorkerMain.java:69)
	at app//worker.org.gradle.process.internal.worker.GradleWorkerMain.main(GradleWorkerMain.java:74)
</failure>
  </testcase>
  <testcase name="performancePOConstruction" classname="de.uka.ilkd.key.proof.runallproofs.RunAllProofsFunctional" time="72.664"/>
  <testcase name="applicationRestrictions" classname="de.uka.ilkd.key.proof.runallproofs.RunAllProofsFunctional" time="49.305"/>
  <testcase name="blockContracts" classname="de.uka.ilkd.key.proof.runallproofs.RunAllProofsFunctional" time="135.058">
    <failure message="org.opentest4j.AssertionFailedError: Executed process terminated with non-zero exit value. ==&gt; expected: &lt;0&gt; but was: &lt;1&gt;" type="org.opentest4j.AssertionFailedError">org.opentest4j.AssertionFailedError: Executed process terminated with non-zero exit value. ==&gt; expected: &lt;0&gt; but was: &lt;1&gt;
	at app//org.junit.jupiter.api.AssertionFailureBuilder.build(AssertionFailureBuilder.java:151)
	at app//org.junit.jupiter.api.AssertionFailureBuilder.buildAndThrow(AssertionFailureBuilder.java:132)
	at app//org.junit.jupiter.api.AssertEquals.failNotEqual(AssertEquals.java:197)
	at app//org.junit.jupiter.api.AssertEquals.assertEquals(AssertEquals.java:150)
	at app//org.junit.jupiter.api.Assertions.assertEquals(Assertions.java:560)
	at app//de.uka.ilkd.key.proof.runallproofs.proofcollection.ForkedTestFileRunner.processTestFiles(ForkedTestFileRunner.java:130)
	at app//de.uka.ilkd.key.proof.runallproofs.RunAllProofsTestUnit.runTest(RunAllProofsTestUnit.java:89)
	at app//de.uka.ilkd.key.proof.runallproofs.RunAllProofsTest.lambda$data$0(RunAllProofsTest.java:77)
	at app//org.junit.jupiter.engine.descriptor.DynamicTestTestDescriptor.lambda$execute$0(DynamicTestTestDescriptor.java:53)
	at app//org.junit.jupiter.engine.execution.InvocationInterceptorChain$ValidatingInvocation.proceed(InvocationInterceptorChain.java:131)
	at app//org.junit.jupiter.api.extension.InvocationInterceptor.interceptDynamicTest(InvocationInterceptor.java:167)
	at app//org.junit.jupiter.api.extension.InvocationInterceptor.interceptDynamicTest(InvocationInterceptor.java:184)
	at app//org.junit.jupiter.engine.descriptor.DynamicTestTestDescriptor.lambda$execute$1(DynamicTestTestDescriptor.java:61)
	at app//org.junit.jupiter.engine.execution.InvocationInterceptorChain$InterceptorCall.lambda$ofVoid$0(InvocationInterceptorChain.java:78)
	at app//org.junit.jupiter.engine.execution.InvocationInterceptorChain$InterceptedInvocation.proceed(InvocationInterceptorChain.java:106)
	at app//org.junit.jupiter.engine.execution.InvocationInterceptorChain.proceed(InvocationInterceptorChain.java:64)
	at app//org.junit.jupiter.engine.execution.InvocationInterceptorChain.chainAndInvoke(InvocationInterceptorChain.java:45)
	at app//org.junit.jupiter.engine.execution.InvocationInterceptorChain.invoke(InvocationInterceptorChain.java:37)
	at app//org.junit.jupiter.engine.descriptor.DynamicTestTestDescriptor.execute(DynamicTestTestDescriptor.java:60)
	at app//org.junit.jupiter.engine.descriptor.DynamicTestTestDescriptor.execute(DynamicTestTestDescriptor.java:32)
	at app//org.junit.platform.engine.support.hierarchical.NodeTestTask.lambda$executeRecursively$6(NodeTestTask.java:151)
	at app//org.junit.platform.engine.support.hierarchical.ThrowableCollector.execute(ThrowableCollector.java:73)
	at app//org.junit.platform.engine.support.hierarchical.NodeTestTask.lambda$executeRecursively$8(NodeTestTask.java:141)
	at app//org.junit.platform.engine.support.hierarchical.Node.around(Node.java:137)
	at app//org.junit.platform.engine.support.hierarchical.NodeTestTask.lambda$executeRecursively$9(NodeTestTask.java:139)
	at app//org.junit.platform.engine.support.hierarchical.ThrowableCollector.execute(ThrowableCollector.java:73)
	at app//org.junit.platform.engine.support.hierarchical.NodeTestTask.executeRecursively(NodeTestTask.java:138)
	at app//org.junit.platform.engine.support.hierarchical.NodeTestTask.execute(NodeTestTask.java:95)
	at app//org.junit.platform.engine.support.hierarchical.SameThreadHierarchicalTestExecutorService.submit(SameThreadHierarchicalTestExecutorService.java:35)
	at app//org.junit.platform.engine.support.hierarchical.NodeTestTask$DefaultDynamicTestExecutor.execute(NodeTestTask.java:226)
	at app//org.junit.platform.engine.support.hierarchical.NodeTestTask$DefaultDynamicTestExecutor.execute(NodeTestTask.java:204)
	at java.base@11.0.18/java.util.Optional.ifPresent(Optional.java:183)
	at app//org.junit.jupiter.engine.descriptor.TestFactoryTestDescriptor.lambda$invokeTestMethod$1(TestFactoryTestDescriptor.java:108)
	at app//org.junit.platform.engine.support.hierarchical.ThrowableCollector.execute(ThrowableCollector.java:73)
	at app//org.junit.jupiter.engine.descriptor.TestFactoryTestDescriptor.invokeTestMethod(TestFactoryTestDescriptor.java:95)
	at app//org.junit.jupiter.engine.descriptor.TestMethodTestDescriptor.execute(TestMethodTestDescriptor.java:138)
	at app//org.junit.jupiter.engine.descriptor.TestMethodTestDescriptor.execute(TestMethodTestDescriptor.java:68)
	at app//org.junit.platform.engine.support.hierarchical.NodeTestTask.lambda$executeRecursively$6(NodeTestTask.java:151)
	at app//org.junit.platform.engine.support.hierarchical.ThrowableCollector.execute(ThrowableCollector.java:73)
	at app//org.junit.platform.engine.support.hierarchical.NodeTestTask.lambda$executeRecursively$8(NodeTestTask.java:141)
	at app//org.junit.platform.engine.support.hierarchical.Node.around(Node.java:137)
	at app//org.junit.platform.engine.support.hierarchical.NodeTestTask.lambda$executeRecursively$9(NodeTestTask.java:139)
	at app//org.junit.platform.engine.support.hierarchical.ThrowableCollector.execute(ThrowableCollector.java:73)
	at app//org.junit.platform.engine.support.hierarchical.NodeTestTask.executeRecursively(NodeTestTask.java:138)
	at app//org.junit.platform.engine.support.hierarchical.NodeTestTask.execute(NodeTestTask.java:95)
	at java.base@11.0.18/java.util.ArrayList.forEach(ArrayList.java:1541)
	at app//org.junit.platform.engine.support.hierarchical.SameThreadHierarchicalTestExecutorService.invokeAll(SameThreadHierarchicalTestExecutorService.java:41)
	at app//org.junit.platform.engine.support.hierarchical.NodeTestTask.lambda$executeRecursively$6(NodeTestTask.java:155)
	at app//org.junit.platform.engine.support.hierarchical.ThrowableCollector.execute(ThrowableCollector.java:73)
	at app//org.junit.platform.engine.support.hierarchical.NodeTestTask.lambda$executeRecursively$8(NodeTestTask.java:141)
	at app//org.junit.platform.engine.support.hierarchical.Node.around(Node.java:137)
	at app//org.junit.platform.engine.support.hierarchical.NodeTestTask.lambda$executeRecursively$9(NodeTestTask.java:139)
	at app//org.junit.platform.engine.support.hierarchical.ThrowableCollector.execute(ThrowableCollector.java:73)
	at app//org.junit.platform.engine.support.hierarchical.NodeTestTask.executeRecursively(NodeTestTask.java:138)
	at app//org.junit.platform.engine.support.hierarchical.NodeTestTask.execute(NodeTestTask.java:95)
	at java.base@11.0.18/java.util.ArrayList.forEach(ArrayList.java:1541)
	at app//org.junit.platform.engine.support.hierarchical.SameThreadHierarchicalTestExecutorService.invokeAll(SameThreadHierarchicalTestExecutorService.java:41)
	at app//org.junit.platform.engine.support.hierarchical.NodeTestTask.lambda$executeRecursively$6(NodeTestTask.java:155)
	at app//org.junit.platform.engine.support.hierarchical.ThrowableCollector.execute(ThrowableCollector.java:73)
	at app//org.junit.platform.engine.support.hierarchical.NodeTestTask.lambda$executeRecursively$8(NodeTestTask.java:141)
	at app//org.junit.platform.engine.support.hierarchical.Node.around(Node.java:137)
	at app//org.junit.platform.engine.support.hierarchical.NodeTestTask.lambda$executeRecursively$9(NodeTestTask.java:139)
	at app//org.junit.platform.engine.support.hierarchical.ThrowableCollector.execute(ThrowableCollector.java:73)
	at app//org.junit.platform.engine.support.hierarchical.NodeTestTask.executeRecursively(NodeTestTask.java:138)
	at app//org.junit.platform.engine.support.hierarchical.NodeTestTask.execute(NodeTestTask.java:95)
	at app//org.junit.platform.engine.support.hierarchical.SameThreadHierarchicalTestExecutorService.submit(SameThreadHierarchicalTestExecutorService.java:35)
	at app//org.junit.platform.engine.support.hierarchical.HierarchicalTestExecutor.execute(HierarchicalTestExecutor.java:57)
	at app//org.junit.platform.engine.support.hierarchical.HierarchicalTestEngine.execute(HierarchicalTestEngine.java:54)
	at app//org.junit.platform.launcher.core.EngineExecutionOrchestrator.execute(EngineExecutionOrchestrator.java:107)
	at app//org.junit.platform.launcher.core.EngineExecutionOrchestrator.execute(EngineExecutionOrchestrator.java:88)
	at app//org.junit.platform.launcher.core.EngineExecutionOrchestrator.lambda$execute$0(EngineExecutionOrchestrator.java:54)
	at app//org.junit.platform.launcher.core.EngineExecutionOrchestrator.withInterceptedStreams(EngineExecutionOrchestrator.java:67)
	at app//org.junit.platform.launcher.core.EngineExecutionOrchestrator.execute(EngineExecutionOrchestrator.java:52)
	at app//org.junit.platform.launcher.core.DefaultLauncher.execute(DefaultLauncher.java:114)
	at app//org.junit.platform.launcher.core.DefaultLauncher.execute(DefaultLauncher.java:86)
	at app//org.junit.platform.launcher.core.DefaultLauncherSession$DelegatingLauncher.execute(DefaultLauncherSession.java:86)
	at org.gradle.api.internal.tasks.testing.junitplatform.JUnitPlatformTestClassProcessor$CollectAllTestClassesExecutor.processAllTestClasses(JUnitPlatformTestClassProcessor.java:110)
	at org.gradle.api.internal.tasks.testing.junitplatform.JUnitPlatformTestClassProcessor$CollectAllTestClassesExecutor.access$000(JUnitPlatformTestClassProcessor.java:90)
	at org.gradle.api.internal.tasks.testing.junitplatform.JUnitPlatformTestClassProcessor.stop(JUnitPlatformTestClassProcessor.java:85)
	at org.gradle.api.internal.tasks.testing.SuiteTestClassProcessor.stop(SuiteTestClassProcessor.java:62)
	at java.base@11.0.18/jdk.internal.reflect.NativeMethodAccessorImpl.invoke0(Native Method)
	at java.base@11.0.18/jdk.internal.reflect.NativeMethodAccessorImpl.invoke(NativeMethodAccessorImpl.java:62)
	at java.base@11.0.18/jdk.internal.reflect.DelegatingMethodAccessorImpl.invoke(DelegatingMethodAccessorImpl.java:43)
	at java.base@11.0.18/java.lang.reflect.Method.invoke(Method.java:566)
	at org.gradle.internal.dispatch.ReflectionDispatch.dispatch(ReflectionDispatch.java:36)
	at org.gradle.internal.dispatch.ReflectionDispatch.dispatch(ReflectionDispatch.java:24)
	at org.gradle.internal.dispatch.ContextClassLoaderDispatch.dispatch(ContextClassLoaderDispatch.java:33)
	at org.gradle.internal.dispatch.ProxyDispatchAdapter$DispatchingInvocationHandler.invoke(ProxyDispatchAdapter.java:94)
	at com.sun.proxy.$Proxy2.stop(Unknown Source)
	at org.gradle.api.internal.tasks.testing.worker.TestWorker$3.run(TestWorker.java:193)
	at org.gradle.api.internal.tasks.testing.worker.TestWorker.executeAndMaintainThreadName(TestWorker.java:129)
	at org.gradle.api.internal.tasks.testing.worker.TestWorker.execute(TestWorker.java:100)
	at org.gradle.api.internal.tasks.testing.worker.TestWorker.execute(TestWorker.java:60)
	at org.gradle.process.internal.worker.child.ActionExecutionWorker.execute(ActionExecutionWorker.java:56)
	at org.gradle.process.internal.worker.child.SystemApplicationClassLoaderWorker.call(SystemApplicationClassLoaderWorker.java:113)
	at org.gradle.process.internal.worker.child.SystemApplicationClassLoaderWorker.call(SystemApplicationClassLoaderWorker.java:65)
	at app//worker.org.gradle.process.internal.worker.GradleWorkerMain.run(GradleWorkerMain.java:69)
	at app//worker.org.gradle.process.internal.worker.GradleWorkerMain.main(GradleWorkerMain.java:74)
</failure>
  </testcase>
  <testcase name="jmlAsserts" classname="de.uka.ilkd.key.proof.runallproofs.RunAllProofsFunctional" time="85.54">
    <failure message="org.opentest4j.AssertionFailedError: Executed process terminated with non-zero exit value. ==&gt; expected: &lt;0&gt; but was: &lt;1&gt;" type="org.opentest4j.AssertionFailedError">org.opentest4j.AssertionFailedError: Executed process terminated with non-zero exit value. ==&gt; expected: &lt;0&gt; but was: &lt;1&gt;
	at app//org.junit.jupiter.api.AssertionFailureBuilder.build(AssertionFailureBuilder.java:151)
	at app//org.junit.jupiter.api.AssertionFailureBuilder.buildAndThrow(AssertionFailureBuilder.java:132)
	at app//org.junit.jupiter.api.AssertEquals.failNotEqual(AssertEquals.java:197)
	at app//org.junit.jupiter.api.AssertEquals.assertEquals(AssertEquals.java:150)
	at app//org.junit.jupiter.api.Assertions.assertEquals(Assertions.java:560)
	at app//de.uka.ilkd.key.proof.runallproofs.proofcollection.ForkedTestFileRunner.processTestFiles(ForkedTestFileRunner.java:130)
	at app//de.uka.ilkd.key.proof.runallproofs.RunAllProofsTestUnit.runTest(RunAllProofsTestUnit.java:89)
	at app//de.uka.ilkd.key.proof.runallproofs.RunAllProofsTest.lambda$data$0(RunAllProofsTest.java:77)
	at app//org.junit.jupiter.engine.descriptor.DynamicTestTestDescriptor.lambda$execute$0(DynamicTestTestDescriptor.java:53)
	at app//org.junit.jupiter.engine.execution.InvocationInterceptorChain$ValidatingInvocation.proceed(InvocationInterceptorChain.java:131)
	at app//org.junit.jupiter.api.extension.InvocationInterceptor.interceptDynamicTest(InvocationInterceptor.java:167)
	at app//org.junit.jupiter.api.extension.InvocationInterceptor.interceptDynamicTest(InvocationInterceptor.java:184)
	at app//org.junit.jupiter.engine.descriptor.DynamicTestTestDescriptor.lambda$execute$1(DynamicTestTestDescriptor.java:61)
	at app//org.junit.jupiter.engine.execution.InvocationInterceptorChain$InterceptorCall.lambda$ofVoid$0(InvocationInterceptorChain.java:78)
	at app//org.junit.jupiter.engine.execution.InvocationInterceptorChain$InterceptedInvocation.proceed(InvocationInterceptorChain.java:106)
	at app//org.junit.jupiter.engine.execution.InvocationInterceptorChain.proceed(InvocationInterceptorChain.java:64)
	at app//org.junit.jupiter.engine.execution.InvocationInterceptorChain.chainAndInvoke(InvocationInterceptorChain.java:45)
	at app//org.junit.jupiter.engine.execution.InvocationInterceptorChain.invoke(InvocationInterceptorChain.java:37)
	at app//org.junit.jupiter.engine.descriptor.DynamicTestTestDescriptor.execute(DynamicTestTestDescriptor.java:60)
	at app//org.junit.jupiter.engine.descriptor.DynamicTestTestDescriptor.execute(DynamicTestTestDescriptor.java:32)
	at app//org.junit.platform.engine.support.hierarchical.NodeTestTask.lambda$executeRecursively$6(NodeTestTask.java:151)
	at app//org.junit.platform.engine.support.hierarchical.ThrowableCollector.execute(ThrowableCollector.java:73)
	at app//org.junit.platform.engine.support.hierarchical.NodeTestTask.lambda$executeRecursively$8(NodeTestTask.java:141)
	at app//org.junit.platform.engine.support.hierarchical.Node.around(Node.java:137)
	at app//org.junit.platform.engine.support.hierarchical.NodeTestTask.lambda$executeRecursively$9(NodeTestTask.java:139)
	at app//org.junit.platform.engine.support.hierarchical.ThrowableCollector.execute(ThrowableCollector.java:73)
	at app//org.junit.platform.engine.support.hierarchical.NodeTestTask.executeRecursively(NodeTestTask.java:138)
	at app//org.junit.platform.engine.support.hierarchical.NodeTestTask.execute(NodeTestTask.java:95)
	at app//org.junit.platform.engine.support.hierarchical.SameThreadHierarchicalTestExecutorService.submit(SameThreadHierarchicalTestExecutorService.java:35)
	at app//org.junit.platform.engine.support.hierarchical.NodeTestTask$DefaultDynamicTestExecutor.execute(NodeTestTask.java:226)
	at app//org.junit.platform.engine.support.hierarchical.NodeTestTask$DefaultDynamicTestExecutor.execute(NodeTestTask.java:204)
	at java.base@11.0.18/java.util.Optional.ifPresent(Optional.java:183)
	at app//org.junit.jupiter.engine.descriptor.TestFactoryTestDescriptor.lambda$invokeTestMethod$1(TestFactoryTestDescriptor.java:108)
	at app//org.junit.platform.engine.support.hierarchical.ThrowableCollector.execute(ThrowableCollector.java:73)
	at app//org.junit.jupiter.engine.descriptor.TestFactoryTestDescriptor.invokeTestMethod(TestFactoryTestDescriptor.java:95)
	at app//org.junit.jupiter.engine.descriptor.TestMethodTestDescriptor.execute(TestMethodTestDescriptor.java:138)
	at app//org.junit.jupiter.engine.descriptor.TestMethodTestDescriptor.execute(TestMethodTestDescriptor.java:68)
	at app//org.junit.platform.engine.support.hierarchical.NodeTestTask.lambda$executeRecursively$6(NodeTestTask.java:151)
	at app//org.junit.platform.engine.support.hierarchical.ThrowableCollector.execute(ThrowableCollector.java:73)
	at app//org.junit.platform.engine.support.hierarchical.NodeTestTask.lambda$executeRecursively$8(NodeTestTask.java:141)
	at app//org.junit.platform.engine.support.hierarchical.Node.around(Node.java:137)
	at app//org.junit.platform.engine.support.hierarchical.NodeTestTask.lambda$executeRecursively$9(NodeTestTask.java:139)
	at app//org.junit.platform.engine.support.hierarchical.ThrowableCollector.execute(ThrowableCollector.java:73)
	at app//org.junit.platform.engine.support.hierarchical.NodeTestTask.executeRecursively(NodeTestTask.java:138)
	at app//org.junit.platform.engine.support.hierarchical.NodeTestTask.execute(NodeTestTask.java:95)
	at java.base@11.0.18/java.util.ArrayList.forEach(ArrayList.java:1541)
	at app//org.junit.platform.engine.support.hierarchical.SameThreadHierarchicalTestExecutorService.invokeAll(SameThreadHierarchicalTestExecutorService.java:41)
	at app//org.junit.platform.engine.support.hierarchical.NodeTestTask.lambda$executeRecursively$6(NodeTestTask.java:155)
	at app//org.junit.platform.engine.support.hierarchical.ThrowableCollector.execute(ThrowableCollector.java:73)
	at app//org.junit.platform.engine.support.hierarchical.NodeTestTask.lambda$executeRecursively$8(NodeTestTask.java:141)
	at app//org.junit.platform.engine.support.hierarchical.Node.around(Node.java:137)
	at app//org.junit.platform.engine.support.hierarchical.NodeTestTask.lambda$executeRecursively$9(NodeTestTask.java:139)
	at app//org.junit.platform.engine.support.hierarchical.ThrowableCollector.execute(ThrowableCollector.java:73)
	at app//org.junit.platform.engine.support.hierarchical.NodeTestTask.executeRecursively(NodeTestTask.java:138)
	at app//org.junit.platform.engine.support.hierarchical.NodeTestTask.execute(NodeTestTask.java:95)
	at java.base@11.0.18/java.util.ArrayList.forEach(ArrayList.java:1541)
	at app//org.junit.platform.engine.support.hierarchical.SameThreadHierarchicalTestExecutorService.invokeAll(SameThreadHierarchicalTestExecutorService.java:41)
	at app//org.junit.platform.engine.support.hierarchical.NodeTestTask.lambda$executeRecursively$6(NodeTestTask.java:155)
	at app//org.junit.platform.engine.support.hierarchical.ThrowableCollector.execute(ThrowableCollector.java:73)
	at app//org.junit.platform.engine.support.hierarchical.NodeTestTask.lambda$executeRecursively$8(NodeTestTask.java:141)
	at app//org.junit.platform.engine.support.hierarchical.Node.around(Node.java:137)
	at app//org.junit.platform.engine.support.hierarchical.NodeTestTask.lambda$executeRecursively$9(NodeTestTask.java:139)
	at app//org.junit.platform.engine.support.hierarchical.ThrowableCollector.execute(ThrowableCollector.java:73)
	at app//org.junit.platform.engine.support.hierarchical.NodeTestTask.executeRecursively(NodeTestTask.java:138)
	at app//org.junit.platform.engine.support.hierarchical.NodeTestTask.execute(NodeTestTask.java:95)
	at app//org.junit.platform.engine.support.hierarchical.SameThreadHierarchicalTestExecutorService.submit(SameThreadHierarchicalTestExecutorService.java:35)
	at app//org.junit.platform.engine.support.hierarchical.HierarchicalTestExecutor.execute(HierarchicalTestExecutor.java:57)
	at app//org.junit.platform.engine.support.hierarchical.HierarchicalTestEngine.execute(HierarchicalTestEngine.java:54)
	at app//org.junit.platform.launcher.core.EngineExecutionOrchestrator.execute(EngineExecutionOrchestrator.java:107)
	at app//org.junit.platform.launcher.core.EngineExecutionOrchestrator.execute(EngineExecutionOrchestrator.java:88)
	at app//org.junit.platform.launcher.core.EngineExecutionOrchestrator.lambda$execute$0(EngineExecutionOrchestrator.java:54)
	at app//org.junit.platform.launcher.core.EngineExecutionOrchestrator.withInterceptedStreams(EngineExecutionOrchestrator.java:67)
	at app//org.junit.platform.launcher.core.EngineExecutionOrchestrator.execute(EngineExecutionOrchestrator.java:52)
	at app//org.junit.platform.launcher.core.DefaultLauncher.execute(DefaultLauncher.java:114)
	at app//org.junit.platform.launcher.core.DefaultLauncher.execute(DefaultLauncher.java:86)
	at app//org.junit.platform.launcher.core.DefaultLauncherSession$DelegatingLauncher.execute(DefaultLauncherSession.java:86)
	at org.gradle.api.internal.tasks.testing.junitplatform.JUnitPlatformTestClassProcessor$CollectAllTestClassesExecutor.processAllTestClasses(JUnitPlatformTestClassProcessor.java:110)
	at org.gradle.api.internal.tasks.testing.junitplatform.JUnitPlatformTestClassProcessor$CollectAllTestClassesExecutor.access$000(JUnitPlatformTestClassProcessor.java:90)
	at org.gradle.api.internal.tasks.testing.junitplatform.JUnitPlatformTestClassProcessor.stop(JUnitPlatformTestClassProcessor.java:85)
	at org.gradle.api.internal.tasks.testing.SuiteTestClassProcessor.stop(SuiteTestClassProcessor.java:62)
	at java.base@11.0.18/jdk.internal.reflect.NativeMethodAccessorImpl.invoke0(Native Method)
	at java.base@11.0.18/jdk.internal.reflect.NativeMethodAccessorImpl.invoke(NativeMethodAccessorImpl.java:62)
	at java.base@11.0.18/jdk.internal.reflect.DelegatingMethodAccessorImpl.invoke(DelegatingMethodAccessorImpl.java:43)
	at java.base@11.0.18/java.lang.reflect.Method.invoke(Method.java:566)
	at org.gradle.internal.dispatch.ReflectionDispatch.dispatch(ReflectionDispatch.java:36)
	at org.gradle.internal.dispatch.ReflectionDispatch.dispatch(ReflectionDispatch.java:24)
	at org.gradle.internal.dispatch.ContextClassLoaderDispatch.dispatch(ContextClassLoaderDispatch.java:33)
	at org.gradle.internal.dispatch.ProxyDispatchAdapter$DispatchingInvocationHandler.invoke(ProxyDispatchAdapter.java:94)
	at com.sun.proxy.$Proxy2.stop(Unknown Source)
	at org.gradle.api.internal.tasks.testing.worker.TestWorker$3.run(TestWorker.java:193)
	at org.gradle.api.internal.tasks.testing.worker.TestWorker.executeAndMaintainThreadName(TestWorker.java:129)
	at org.gradle.api.internal.tasks.testing.worker.TestWorker.execute(TestWorker.java:100)
	at org.gradle.api.internal.tasks.testing.worker.TestWorker.execute(TestWorker.java:60)
	at org.gradle.process.internal.worker.child.ActionExecutionWorker.execute(ActionExecutionWorker.java:56)
	at org.gradle.process.internal.worker.child.SystemApplicationClassLoaderWorker.call(SystemApplicationClassLoaderWorker.java:113)
	at org.gradle.process.internal.worker.child.SystemApplicationClassLoaderWorker.call(SystemApplicationClassLoaderWorker.java:65)
	at app//worker.org.gradle.process.internal.worker.GradleWorkerMain.run(GradleWorkerMain.java:69)
	at app//worker.org.gradle.process.internal.worker.GradleWorkerMain.main(GradleWorkerMain.java:74)
</failure>
  </testcase>
  <testcase name="javaCard" classname="de.uka.ilkd.key.proof.runallproofs.RunAllProofsFunctional" time="127.64">
    <failure message="org.opentest4j.AssertionFailedError: Executed process terminated with non-zero exit value. ==&gt; expected: &lt;0&gt; but was: &lt;1&gt;" type="org.opentest4j.AssertionFailedError">org.opentest4j.AssertionFailedError: Executed process terminated with non-zero exit value. ==&gt; expected: &lt;0&gt; but was: &lt;1&gt;
	at app//org.junit.jupiter.api.AssertionFailureBuilder.build(AssertionFailureBuilder.java:151)
	at app//org.junit.jupiter.api.AssertionFailureBuilder.buildAndThrow(AssertionFailureBuilder.java:132)
	at app//org.junit.jupiter.api.AssertEquals.failNotEqual(AssertEquals.java:197)
	at app//org.junit.jupiter.api.AssertEquals.assertEquals(AssertEquals.java:150)
	at app//org.junit.jupiter.api.Assertions.assertEquals(Assertions.java:560)
	at app//de.uka.ilkd.key.proof.runallproofs.proofcollection.ForkedTestFileRunner.processTestFiles(ForkedTestFileRunner.java:130)
	at app//de.uka.ilkd.key.proof.runallproofs.RunAllProofsTestUnit.runTest(RunAllProofsTestUnit.java:89)
	at app//de.uka.ilkd.key.proof.runallproofs.RunAllProofsTest.lambda$data$0(RunAllProofsTest.java:77)
	at app//org.junit.jupiter.engine.descriptor.DynamicTestTestDescriptor.lambda$execute$0(DynamicTestTestDescriptor.java:53)
	at app//org.junit.jupiter.engine.execution.InvocationInterceptorChain$ValidatingInvocation.proceed(InvocationInterceptorChain.java:131)
	at app//org.junit.jupiter.api.extension.InvocationInterceptor.interceptDynamicTest(InvocationInterceptor.java:167)
	at app//org.junit.jupiter.api.extension.InvocationInterceptor.interceptDynamicTest(InvocationInterceptor.java:184)
	at app//org.junit.jupiter.engine.descriptor.DynamicTestTestDescriptor.lambda$execute$1(DynamicTestTestDescriptor.java:61)
	at app//org.junit.jupiter.engine.execution.InvocationInterceptorChain$InterceptorCall.lambda$ofVoid$0(InvocationInterceptorChain.java:78)
	at app//org.junit.jupiter.engine.execution.InvocationInterceptorChain$InterceptedInvocation.proceed(InvocationInterceptorChain.java:106)
	at app//org.junit.jupiter.engine.execution.InvocationInterceptorChain.proceed(InvocationInterceptorChain.java:64)
	at app//org.junit.jupiter.engine.execution.InvocationInterceptorChain.chainAndInvoke(InvocationInterceptorChain.java:45)
	at app//org.junit.jupiter.engine.execution.InvocationInterceptorChain.invoke(InvocationInterceptorChain.java:37)
	at app//org.junit.jupiter.engine.descriptor.DynamicTestTestDescriptor.execute(DynamicTestTestDescriptor.java:60)
	at app//org.junit.jupiter.engine.descriptor.DynamicTestTestDescriptor.execute(DynamicTestTestDescriptor.java:32)
	at app//org.junit.platform.engine.support.hierarchical.NodeTestTask.lambda$executeRecursively$6(NodeTestTask.java:151)
	at app//org.junit.platform.engine.support.hierarchical.ThrowableCollector.execute(ThrowableCollector.java:73)
	at app//org.junit.platform.engine.support.hierarchical.NodeTestTask.lambda$executeRecursively$8(NodeTestTask.java:141)
	at app//org.junit.platform.engine.support.hierarchical.Node.around(Node.java:137)
	at app//org.junit.platform.engine.support.hierarchical.NodeTestTask.lambda$executeRecursively$9(NodeTestTask.java:139)
	at app//org.junit.platform.engine.support.hierarchical.ThrowableCollector.execute(ThrowableCollector.java:73)
	at app//org.junit.platform.engine.support.hierarchical.NodeTestTask.executeRecursively(NodeTestTask.java:138)
	at app//org.junit.platform.engine.support.hierarchical.NodeTestTask.execute(NodeTestTask.java:95)
	at app//org.junit.platform.engine.support.hierarchical.SameThreadHierarchicalTestExecutorService.submit(SameThreadHierarchicalTestExecutorService.java:35)
	at app//org.junit.platform.engine.support.hierarchical.NodeTestTask$DefaultDynamicTestExecutor.execute(NodeTestTask.java:226)
	at app//org.junit.platform.engine.support.hierarchical.NodeTestTask$DefaultDynamicTestExecutor.execute(NodeTestTask.java:204)
	at java.base@11.0.18/java.util.Optional.ifPresent(Optional.java:183)
	at app//org.junit.jupiter.engine.descriptor.TestFactoryTestDescriptor.lambda$invokeTestMethod$1(TestFactoryTestDescriptor.java:108)
	at app//org.junit.platform.engine.support.hierarchical.ThrowableCollector.execute(ThrowableCollector.java:73)
	at app//org.junit.jupiter.engine.descriptor.TestFactoryTestDescriptor.invokeTestMethod(TestFactoryTestDescriptor.java:95)
	at app//org.junit.jupiter.engine.descriptor.TestMethodTestDescriptor.execute(TestMethodTestDescriptor.java:138)
	at app//org.junit.jupiter.engine.descriptor.TestMethodTestDescriptor.execute(TestMethodTestDescriptor.java:68)
	at app//org.junit.platform.engine.support.hierarchical.NodeTestTask.lambda$executeRecursively$6(NodeTestTask.java:151)
	at app//org.junit.platform.engine.support.hierarchical.ThrowableCollector.execute(ThrowableCollector.java:73)
	at app//org.junit.platform.engine.support.hierarchical.NodeTestTask.lambda$executeRecursively$8(NodeTestTask.java:141)
	at app//org.junit.platform.engine.support.hierarchical.Node.around(Node.java:137)
	at app//org.junit.platform.engine.support.hierarchical.NodeTestTask.lambda$executeRecursively$9(NodeTestTask.java:139)
	at app//org.junit.platform.engine.support.hierarchical.ThrowableCollector.execute(ThrowableCollector.java:73)
	at app//org.junit.platform.engine.support.hierarchical.NodeTestTask.executeRecursively(NodeTestTask.java:138)
	at app//org.junit.platform.engine.support.hierarchical.NodeTestTask.execute(NodeTestTask.java:95)
	at java.base@11.0.18/java.util.ArrayList.forEach(ArrayList.java:1541)
	at app//org.junit.platform.engine.support.hierarchical.SameThreadHierarchicalTestExecutorService.invokeAll(SameThreadHierarchicalTestExecutorService.java:41)
	at app//org.junit.platform.engine.support.hierarchical.NodeTestTask.lambda$executeRecursively$6(NodeTestTask.java:155)
	at app//org.junit.platform.engine.support.hierarchical.ThrowableCollector.execute(ThrowableCollector.java:73)
	at app//org.junit.platform.engine.support.hierarchical.NodeTestTask.lambda$executeRecursively$8(NodeTestTask.java:141)
	at app//org.junit.platform.engine.support.hierarchical.Node.around(Node.java:137)
	at app//org.junit.platform.engine.support.hierarchical.NodeTestTask.lambda$executeRecursively$9(NodeTestTask.java:139)
	at app//org.junit.platform.engine.support.hierarchical.ThrowableCollector.execute(ThrowableCollector.java:73)
	at app//org.junit.platform.engine.support.hierarchical.NodeTestTask.executeRecursively(NodeTestTask.java:138)
	at app//org.junit.platform.engine.support.hierarchical.NodeTestTask.execute(NodeTestTask.java:95)
	at java.base@11.0.18/java.util.ArrayList.forEach(ArrayList.java:1541)
	at app//org.junit.platform.engine.support.hierarchical.SameThreadHierarchicalTestExecutorService.invokeAll(SameThreadHierarchicalTestExecutorService.java:41)
	at app//org.junit.platform.engine.support.hierarchical.NodeTestTask.lambda$executeRecursively$6(NodeTestTask.java:155)
	at app//org.junit.platform.engine.support.hierarchical.ThrowableCollector.execute(ThrowableCollector.java:73)
	at app//org.junit.platform.engine.support.hierarchical.NodeTestTask.lambda$executeRecursively$8(NodeTestTask.java:141)
	at app//org.junit.platform.engine.support.hierarchical.Node.around(Node.java:137)
	at app//org.junit.platform.engine.support.hierarchical.NodeTestTask.lambda$executeRecursively$9(NodeTestTask.java:139)
	at app//org.junit.platform.engine.support.hierarchical.ThrowableCollector.execute(ThrowableCollector.java:73)
	at app//org.junit.platform.engine.support.hierarchical.NodeTestTask.executeRecursively(NodeTestTask.java:138)
	at app//org.junit.platform.engine.support.hierarchical.NodeTestTask.execute(NodeTestTask.java:95)
	at app//org.junit.platform.engine.support.hierarchical.SameThreadHierarchicalTestExecutorService.submit(SameThreadHierarchicalTestExecutorService.java:35)
	at app//org.junit.platform.engine.support.hierarchical.HierarchicalTestExecutor.execute(HierarchicalTestExecutor.java:57)
	at app//org.junit.platform.engine.support.hierarchical.HierarchicalTestEngine.execute(HierarchicalTestEngine.java:54)
	at app//org.junit.platform.launcher.core.EngineExecutionOrchestrator.execute(EngineExecutionOrchestrator.java:107)
	at app//org.junit.platform.launcher.core.EngineExecutionOrchestrator.execute(EngineExecutionOrchestrator.java:88)
	at app//org.junit.platform.launcher.core.EngineExecutionOrchestrator.lambda$execute$0(EngineExecutionOrchestrator.java:54)
	at app//org.junit.platform.launcher.core.EngineExecutionOrchestrator.withInterceptedStreams(EngineExecutionOrchestrator.java:67)
	at app//org.junit.platform.launcher.core.EngineExecutionOrchestrator.execute(EngineExecutionOrchestrator.java:52)
	at app//org.junit.platform.launcher.core.DefaultLauncher.execute(DefaultLauncher.java:114)
	at app//org.junit.platform.launcher.core.DefaultLauncher.execute(DefaultLauncher.java:86)
	at app//org.junit.platform.launcher.core.DefaultLauncherSession$DelegatingLauncher.execute(DefaultLauncherSession.java:86)
	at org.gradle.api.internal.tasks.testing.junitplatform.JUnitPlatformTestClassProcessor$CollectAllTestClassesExecutor.processAllTestClasses(JUnitPlatformTestClassProcessor.java:110)
	at org.gradle.api.internal.tasks.testing.junitplatform.JUnitPlatformTestClassProcessor$CollectAllTestClassesExecutor.access$000(JUnitPlatformTestClassProcessor.java:90)
	at org.gradle.api.internal.tasks.testing.junitplatform.JUnitPlatformTestClassProcessor.stop(JUnitPlatformTestClassProcessor.java:85)
	at org.gradle.api.internal.tasks.testing.SuiteTestClassProcessor.stop(SuiteTestClassProcessor.java:62)
	at java.base@11.0.18/jdk.internal.reflect.NativeMethodAccessorImpl.invoke0(Native Method)
	at java.base@11.0.18/jdk.internal.reflect.NativeMethodAccessorImpl.invoke(NativeMethodAccessorImpl.java:62)
	at java.base@11.0.18/jdk.internal.reflect.DelegatingMethodAccessorImpl.invoke(DelegatingMethodAccessorImpl.java:43)
	at java.base@11.0.18/java.lang.reflect.Method.invoke(Method.java:566)
	at org.gradle.internal.dispatch.ReflectionDispatch.dispatch(ReflectionDispatch.java:36)
	at org.gradle.internal.dispatch.ReflectionDispatch.dispatch(ReflectionDispatch.java:24)
	at org.gradle.internal.dispatch.ContextClassLoaderDispatch.dispatch(ContextClassLoaderDispatch.java:33)
	at org.gradle.internal.dispatch.ProxyDispatchAdapter$DispatchingInvocationHandler.invoke(ProxyDispatchAdapter.java:94)
	at com.sun.proxy.$Proxy2.stop(Unknown Source)
	at org.gradle.api.internal.tasks.testing.worker.TestWorker$3.run(TestWorker.java:193)
	at org.gradle.api.internal.tasks.testing.worker.TestWorker.executeAndMaintainThreadName(TestWorker.java:129)
	at org.gradle.api.internal.tasks.testing.worker.TestWorker.execute(TestWorker.java:100)
	at org.gradle.api.internal.tasks.testing.worker.TestWorker.execute(TestWorker.java:60)
	at org.gradle.process.internal.worker.child.ActionExecutionWorker.execute(ActionExecutionWorker.java:56)
	at org.gradle.process.internal.worker.child.SystemApplicationClassLoaderWorker.call(SystemApplicationClassLoaderWorker.java:113)
	at org.gradle.process.internal.worker.child.SystemApplicationClassLoaderWorker.call(SystemApplicationClassLoaderWorker.java:65)
	at app//worker.org.gradle.process.internal.worker.GradleWorkerMain.run(GradleWorkerMain.java:69)
	at app//worker.org.gradle.process.internal.worker.GradleWorkerMain.main(GradleWorkerMain.java:74)
</failure>
  </testcase>
  <testcase name="list" classname="de.uka.ilkd.key.proof.runallproofs.RunAllProofsFunctional" time="256.306">
    <failure message="org.opentest4j.AssertionFailedError: Executed process terminated with non-zero exit value. ==&gt; expected: &lt;0&gt; but was: &lt;1&gt;" type="org.opentest4j.AssertionFailedError">org.opentest4j.AssertionFailedError: Executed process terminated with non-zero exit value. ==&gt; expected: &lt;0&gt; but was: &lt;1&gt;
	at app//org.junit.jupiter.api.AssertionFailureBuilder.build(AssertionFailureBuilder.java:151)
	at app//org.junit.jupiter.api.AssertionFailureBuilder.buildAndThrow(AssertionFailureBuilder.java:132)
	at app//org.junit.jupiter.api.AssertEquals.failNotEqual(AssertEquals.java:197)
	at app//org.junit.jupiter.api.AssertEquals.assertEquals(AssertEquals.java:150)
	at app//org.junit.jupiter.api.Assertions.assertEquals(Assertions.java:560)
	at app//de.uka.ilkd.key.proof.runallproofs.proofcollection.ForkedTestFileRunner.processTestFiles(ForkedTestFileRunner.java:130)
	at app//de.uka.ilkd.key.proof.runallproofs.RunAllProofsTestUnit.runTest(RunAllProofsTestUnit.java:89)
	at app//de.uka.ilkd.key.proof.runallproofs.RunAllProofsTest.lambda$data$0(RunAllProofsTest.java:77)
	at app//org.junit.jupiter.engine.descriptor.DynamicTestTestDescriptor.lambda$execute$0(DynamicTestTestDescriptor.java:53)
	at app//org.junit.jupiter.engine.execution.InvocationInterceptorChain$ValidatingInvocation.proceed(InvocationInterceptorChain.java:131)
	at app//org.junit.jupiter.api.extension.InvocationInterceptor.interceptDynamicTest(InvocationInterceptor.java:167)
	at app//org.junit.jupiter.api.extension.InvocationInterceptor.interceptDynamicTest(InvocationInterceptor.java:184)
	at app//org.junit.jupiter.engine.descriptor.DynamicTestTestDescriptor.lambda$execute$1(DynamicTestTestDescriptor.java:61)
	at app//org.junit.jupiter.engine.execution.InvocationInterceptorChain$InterceptorCall.lambda$ofVoid$0(InvocationInterceptorChain.java:78)
	at app//org.junit.jupiter.engine.execution.InvocationInterceptorChain$InterceptedInvocation.proceed(InvocationInterceptorChain.java:106)
	at app//org.junit.jupiter.engine.execution.InvocationInterceptorChain.proceed(InvocationInterceptorChain.java:64)
	at app//org.junit.jupiter.engine.execution.InvocationInterceptorChain.chainAndInvoke(InvocationInterceptorChain.java:45)
	at app//org.junit.jupiter.engine.execution.InvocationInterceptorChain.invoke(InvocationInterceptorChain.java:37)
	at app//org.junit.jupiter.engine.descriptor.DynamicTestTestDescriptor.execute(DynamicTestTestDescriptor.java:60)
	at app//org.junit.jupiter.engine.descriptor.DynamicTestTestDescriptor.execute(DynamicTestTestDescriptor.java:32)
	at app//org.junit.platform.engine.support.hierarchical.NodeTestTask.lambda$executeRecursively$6(NodeTestTask.java:151)
	at app//org.junit.platform.engine.support.hierarchical.ThrowableCollector.execute(ThrowableCollector.java:73)
	at app//org.junit.platform.engine.support.hierarchical.NodeTestTask.lambda$executeRecursively$8(NodeTestTask.java:141)
	at app//org.junit.platform.engine.support.hierarchical.Node.around(Node.java:137)
	at app//org.junit.platform.engine.support.hierarchical.NodeTestTask.lambda$executeRecursively$9(NodeTestTask.java:139)
	at app//org.junit.platform.engine.support.hierarchical.ThrowableCollector.execute(ThrowableCollector.java:73)
	at app//org.junit.platform.engine.support.hierarchical.NodeTestTask.executeRecursively(NodeTestTask.java:138)
	at app//org.junit.platform.engine.support.hierarchical.NodeTestTask.execute(NodeTestTask.java:95)
	at app//org.junit.platform.engine.support.hierarchical.SameThreadHierarchicalTestExecutorService.submit(SameThreadHierarchicalTestExecutorService.java:35)
	at app//org.junit.platform.engine.support.hierarchical.NodeTestTask$DefaultDynamicTestExecutor.execute(NodeTestTask.java:226)
	at app//org.junit.platform.engine.support.hierarchical.NodeTestTask$DefaultDynamicTestExecutor.execute(NodeTestTask.java:204)
	at java.base@11.0.18/java.util.Optional.ifPresent(Optional.java:183)
	at app//org.junit.jupiter.engine.descriptor.TestFactoryTestDescriptor.lambda$invokeTestMethod$1(TestFactoryTestDescriptor.java:108)
	at app//org.junit.platform.engine.support.hierarchical.ThrowableCollector.execute(ThrowableCollector.java:73)
	at app//org.junit.jupiter.engine.descriptor.TestFactoryTestDescriptor.invokeTestMethod(TestFactoryTestDescriptor.java:95)
	at app//org.junit.jupiter.engine.descriptor.TestMethodTestDescriptor.execute(TestMethodTestDescriptor.java:138)
	at app//org.junit.jupiter.engine.descriptor.TestMethodTestDescriptor.execute(TestMethodTestDescriptor.java:68)
	at app//org.junit.platform.engine.support.hierarchical.NodeTestTask.lambda$executeRecursively$6(NodeTestTask.java:151)
	at app//org.junit.platform.engine.support.hierarchical.ThrowableCollector.execute(ThrowableCollector.java:73)
	at app//org.junit.platform.engine.support.hierarchical.NodeTestTask.lambda$executeRecursively$8(NodeTestTask.java:141)
	at app//org.junit.platform.engine.support.hierarchical.Node.around(Node.java:137)
	at app//org.junit.platform.engine.support.hierarchical.NodeTestTask.lambda$executeRecursively$9(NodeTestTask.java:139)
	at app//org.junit.platform.engine.support.hierarchical.ThrowableCollector.execute(ThrowableCollector.java:73)
	at app//org.junit.platform.engine.support.hierarchical.NodeTestTask.executeRecursively(NodeTestTask.java:138)
	at app//org.junit.platform.engine.support.hierarchical.NodeTestTask.execute(NodeTestTask.java:95)
	at java.base@11.0.18/java.util.ArrayList.forEach(ArrayList.java:1541)
	at app//org.junit.platform.engine.support.hierarchical.SameThreadHierarchicalTestExecutorService.invokeAll(SameThreadHierarchicalTestExecutorService.java:41)
	at app//org.junit.platform.engine.support.hierarchical.NodeTestTask.lambda$executeRecursively$6(NodeTestTask.java:155)
	at app//org.junit.platform.engine.support.hierarchical.ThrowableCollector.execute(ThrowableCollector.java:73)
	at app//org.junit.platform.engine.support.hierarchical.NodeTestTask.lambda$executeRecursively$8(NodeTestTask.java:141)
	at app//org.junit.platform.engine.support.hierarchical.Node.around(Node.java:137)
	at app//org.junit.platform.engine.support.hierarchical.NodeTestTask.lambda$executeRecursively$9(NodeTestTask.java:139)
	at app//org.junit.platform.engine.support.hierarchical.ThrowableCollector.execute(ThrowableCollector.java:73)
	at app//org.junit.platform.engine.support.hierarchical.NodeTestTask.executeRecursively(NodeTestTask.java:138)
	at app//org.junit.platform.engine.support.hierarchical.NodeTestTask.execute(NodeTestTask.java:95)
	at java.base@11.0.18/java.util.ArrayList.forEach(ArrayList.java:1541)
	at app//org.junit.platform.engine.support.hierarchical.SameThreadHierarchicalTestExecutorService.invokeAll(SameThreadHierarchicalTestExecutorService.java:41)
	at app//org.junit.platform.engine.support.hierarchical.NodeTestTask.lambda$executeRecursively$6(NodeTestTask.java:155)
	at app//org.junit.platform.engine.support.hierarchical.ThrowableCollector.execute(ThrowableCollector.java:73)
	at app//org.junit.platform.engine.support.hierarchical.NodeTestTask.lambda$executeRecursively$8(NodeTestTask.java:141)
	at app//org.junit.platform.engine.support.hierarchical.Node.around(Node.java:137)
	at app//org.junit.platform.engine.support.hierarchical.NodeTestTask.lambda$executeRecursively$9(NodeTestTask.java:139)
	at app//org.junit.platform.engine.support.hierarchical.ThrowableCollector.execute(ThrowableCollector.java:73)
	at app//org.junit.platform.engine.support.hierarchical.NodeTestTask.executeRecursively(NodeTestTask.java:138)
	at app//org.junit.platform.engine.support.hierarchical.NodeTestTask.execute(NodeTestTask.java:95)
	at app//org.junit.platform.engine.support.hierarchical.SameThreadHierarchicalTestExecutorService.submit(SameThreadHierarchicalTestExecutorService.java:35)
	at app//org.junit.platform.engine.support.hierarchical.HierarchicalTestExecutor.execute(HierarchicalTestExecutor.java:57)
	at app//org.junit.platform.engine.support.hierarchical.HierarchicalTestEngine.execute(HierarchicalTestEngine.java:54)
	at app//org.junit.platform.launcher.core.EngineExecutionOrchestrator.execute(EngineExecutionOrchestrator.java:107)
	at app//org.junit.platform.launcher.core.EngineExecutionOrchestrator.execute(EngineExecutionOrchestrator.java:88)
	at app//org.junit.platform.launcher.core.EngineExecutionOrchestrator.lambda$execute$0(EngineExecutionOrchestrator.java:54)
	at app//org.junit.platform.launcher.core.EngineExecutionOrchestrator.withInterceptedStreams(EngineExecutionOrchestrator.java:67)
	at app//org.junit.platform.launcher.core.EngineExecutionOrchestrator.execute(EngineExecutionOrchestrator.java:52)
	at app//org.junit.platform.launcher.core.DefaultLauncher.execute(DefaultLauncher.java:114)
	at app//org.junit.platform.launcher.core.DefaultLauncher.execute(DefaultLauncher.java:86)
	at app//org.junit.platform.launcher.core.DefaultLauncherSession$DelegatingLauncher.execute(DefaultLauncherSession.java:86)
	at org.gradle.api.internal.tasks.testing.junitplatform.JUnitPlatformTestClassProcessor$CollectAllTestClassesExecutor.processAllTestClasses(JUnitPlatformTestClassProcessor.java:110)
	at org.gradle.api.internal.tasks.testing.junitplatform.JUnitPlatformTestClassProcessor$CollectAllTestClassesExecutor.access$000(JUnitPlatformTestClassProcessor.java:90)
	at org.gradle.api.internal.tasks.testing.junitplatform.JUnitPlatformTestClassProcessor.stop(JUnitPlatformTestClassProcessor.java:85)
	at org.gradle.api.internal.tasks.testing.SuiteTestClassProcessor.stop(SuiteTestClassProcessor.java:62)
	at java.base@11.0.18/jdk.internal.reflect.NativeMethodAccessorImpl.invoke0(Native Method)
	at java.base@11.0.18/jdk.internal.reflect.NativeMethodAccessorImpl.invoke(NativeMethodAccessorImpl.java:62)
	at java.base@11.0.18/jdk.internal.reflect.DelegatingMethodAccessorImpl.invoke(DelegatingMethodAccessorImpl.java:43)
	at java.base@11.0.18/java.lang.reflect.Method.invoke(Method.java:566)
	at org.gradle.internal.dispatch.ReflectionDispatch.dispatch(ReflectionDispatch.java:36)
	at org.gradle.internal.dispatch.ReflectionDispatch.dispatch(ReflectionDispatch.java:24)
	at org.gradle.internal.dispatch.ContextClassLoaderDispatch.dispatch(ContextClassLoaderDispatch.java:33)
	at org.gradle.internal.dispatch.ProxyDispatchAdapter$DispatchingInvocationHandler.invoke(ProxyDispatchAdapter.java:94)
	at com.sun.proxy.$Proxy2.stop(Unknown Source)
	at org.gradle.api.internal.tasks.testing.worker.TestWorker$3.run(TestWorker.java:193)
	at org.gradle.api.internal.tasks.testing.worker.TestWorker.executeAndMaintainThreadName(TestWorker.java:129)
	at org.gradle.api.internal.tasks.testing.worker.TestWorker.execute(TestWorker.java:100)
	at org.gradle.api.internal.tasks.testing.worker.TestWorker.execute(TestWorker.java:60)
	at org.gradle.process.internal.worker.child.ActionExecutionWorker.execute(ActionExecutionWorker.java:56)
	at org.gradle.process.internal.worker.child.SystemApplicationClassLoaderWorker.call(SystemApplicationClassLoaderWorker.java:113)
	at org.gradle.process.internal.worker.child.SystemApplicationClassLoaderWorker.call(SystemApplicationClassLoaderWorker.java:65)
	at app//worker.org.gradle.process.internal.worker.GradleWorkerMain.run(GradleWorkerMain.java:69)
	at app//worker.org.gradle.process.internal.worker.GradleWorkerMain.main(GradleWorkerMain.java:74)
</failure>
  </testcase>
  <testcase name="list_ghost" classname="de.uka.ilkd.key.proof.runallproofs.RunAllProofsFunctional" time="63.951">
    <failure message="org.opentest4j.AssertionFailedError: Executed process terminated with non-zero exit value. ==&gt; expected: &lt;0&gt; but was: &lt;1&gt;" type="org.opentest4j.AssertionFailedError">org.opentest4j.AssertionFailedError: Executed process terminated with non-zero exit value. ==&gt; expected: &lt;0&gt; but was: &lt;1&gt;
	at app//org.junit.jupiter.api.AssertionFailureBuilder.build(AssertionFailureBuilder.java:151)
	at app//org.junit.jupiter.api.AssertionFailureBuilder.buildAndThrow(AssertionFailureBuilder.java:132)
	at app//org.junit.jupiter.api.AssertEquals.failNotEqual(AssertEquals.java:197)
	at app//org.junit.jupiter.api.AssertEquals.assertEquals(AssertEquals.java:150)
	at app//org.junit.jupiter.api.Assertions.assertEquals(Assertions.java:560)
	at app//de.uka.ilkd.key.proof.runallproofs.proofcollection.ForkedTestFileRunner.processTestFiles(ForkedTestFileRunner.java:130)
	at app//de.uka.ilkd.key.proof.runallproofs.RunAllProofsTestUnit.runTest(RunAllProofsTestUnit.java:89)
	at app//de.uka.ilkd.key.proof.runallproofs.RunAllProofsTest.lambda$data$0(RunAllProofsTest.java:77)
	at app//org.junit.jupiter.engine.descriptor.DynamicTestTestDescriptor.lambda$execute$0(DynamicTestTestDescriptor.java:53)
	at app//org.junit.jupiter.engine.execution.InvocationInterceptorChain$ValidatingInvocation.proceed(InvocationInterceptorChain.java:131)
	at app//org.junit.jupiter.api.extension.InvocationInterceptor.interceptDynamicTest(InvocationInterceptor.java:167)
	at app//org.junit.jupiter.api.extension.InvocationInterceptor.interceptDynamicTest(InvocationInterceptor.java:184)
	at app//org.junit.jupiter.engine.descriptor.DynamicTestTestDescriptor.lambda$execute$1(DynamicTestTestDescriptor.java:61)
	at app//org.junit.jupiter.engine.execution.InvocationInterceptorChain$InterceptorCall.lambda$ofVoid$0(InvocationInterceptorChain.java:78)
	at app//org.junit.jupiter.engine.execution.InvocationInterceptorChain$InterceptedInvocation.proceed(InvocationInterceptorChain.java:106)
	at app//org.junit.jupiter.engine.execution.InvocationInterceptorChain.proceed(InvocationInterceptorChain.java:64)
	at app//org.junit.jupiter.engine.execution.InvocationInterceptorChain.chainAndInvoke(InvocationInterceptorChain.java:45)
	at app//org.junit.jupiter.engine.execution.InvocationInterceptorChain.invoke(InvocationInterceptorChain.java:37)
	at app//org.junit.jupiter.engine.descriptor.DynamicTestTestDescriptor.execute(DynamicTestTestDescriptor.java:60)
	at app//org.junit.jupiter.engine.descriptor.DynamicTestTestDescriptor.execute(DynamicTestTestDescriptor.java:32)
	at app//org.junit.platform.engine.support.hierarchical.NodeTestTask.lambda$executeRecursively$6(NodeTestTask.java:151)
	at app//org.junit.platform.engine.support.hierarchical.ThrowableCollector.execute(ThrowableCollector.java:73)
	at app//org.junit.platform.engine.support.hierarchical.NodeTestTask.lambda$executeRecursively$8(NodeTestTask.java:141)
	at app//org.junit.platform.engine.support.hierarchical.Node.around(Node.java:137)
	at app//org.junit.platform.engine.support.hierarchical.NodeTestTask.lambda$executeRecursively$9(NodeTestTask.java:139)
	at app//org.junit.platform.engine.support.hierarchical.ThrowableCollector.execute(ThrowableCollector.java:73)
	at app//org.junit.platform.engine.support.hierarchical.NodeTestTask.executeRecursively(NodeTestTask.java:138)
	at app//org.junit.platform.engine.support.hierarchical.NodeTestTask.execute(NodeTestTask.java:95)
	at app//org.junit.platform.engine.support.hierarchical.SameThreadHierarchicalTestExecutorService.submit(SameThreadHierarchicalTestExecutorService.java:35)
	at app//org.junit.platform.engine.support.hierarchical.NodeTestTask$DefaultDynamicTestExecutor.execute(NodeTestTask.java:226)
	at app//org.junit.platform.engine.support.hierarchical.NodeTestTask$DefaultDynamicTestExecutor.execute(NodeTestTask.java:204)
	at java.base@11.0.18/java.util.Optional.ifPresent(Optional.java:183)
	at app//org.junit.jupiter.engine.descriptor.TestFactoryTestDescriptor.lambda$invokeTestMethod$1(TestFactoryTestDescriptor.java:108)
	at app//org.junit.platform.engine.support.hierarchical.ThrowableCollector.execute(ThrowableCollector.java:73)
	at app//org.junit.jupiter.engine.descriptor.TestFactoryTestDescriptor.invokeTestMethod(TestFactoryTestDescriptor.java:95)
	at app//org.junit.jupiter.engine.descriptor.TestMethodTestDescriptor.execute(TestMethodTestDescriptor.java:138)
	at app//org.junit.jupiter.engine.descriptor.TestMethodTestDescriptor.execute(TestMethodTestDescriptor.java:68)
	at app//org.junit.platform.engine.support.hierarchical.NodeTestTask.lambda$executeRecursively$6(NodeTestTask.java:151)
	at app//org.junit.platform.engine.support.hierarchical.ThrowableCollector.execute(ThrowableCollector.java:73)
	at app//org.junit.platform.engine.support.hierarchical.NodeTestTask.lambda$executeRecursively$8(NodeTestTask.java:141)
	at app//org.junit.platform.engine.support.hierarchical.Node.around(Node.java:137)
	at app//org.junit.platform.engine.support.hierarchical.NodeTestTask.lambda$executeRecursively$9(NodeTestTask.java:139)
	at app//org.junit.platform.engine.support.hierarchical.ThrowableCollector.execute(ThrowableCollector.java:73)
	at app//org.junit.platform.engine.support.hierarchical.NodeTestTask.executeRecursively(NodeTestTask.java:138)
	at app//org.junit.platform.engine.support.hierarchical.NodeTestTask.execute(NodeTestTask.java:95)
	at java.base@11.0.18/java.util.ArrayList.forEach(ArrayList.java:1541)
	at app//org.junit.platform.engine.support.hierarchical.SameThreadHierarchicalTestExecutorService.invokeAll(SameThreadHierarchicalTestExecutorService.java:41)
	at app//org.junit.platform.engine.support.hierarchical.NodeTestTask.lambda$executeRecursively$6(NodeTestTask.java:155)
	at app//org.junit.platform.engine.support.hierarchical.ThrowableCollector.execute(ThrowableCollector.java:73)
	at app//org.junit.platform.engine.support.hierarchical.NodeTestTask.lambda$executeRecursively$8(NodeTestTask.java:141)
	at app//org.junit.platform.engine.support.hierarchical.Node.around(Node.java:137)
	at app//org.junit.platform.engine.support.hierarchical.NodeTestTask.lambda$executeRecursively$9(NodeTestTask.java:139)
	at app//org.junit.platform.engine.support.hierarchical.ThrowableCollector.execute(ThrowableCollector.java:73)
	at app//org.junit.platform.engine.support.hierarchical.NodeTestTask.executeRecursively(NodeTestTask.java:138)
	at app//org.junit.platform.engine.support.hierarchical.NodeTestTask.execute(NodeTestTask.java:95)
	at java.base@11.0.18/java.util.ArrayList.forEach(ArrayList.java:1541)
	at app//org.junit.platform.engine.support.hierarchical.SameThreadHierarchicalTestExecutorService.invokeAll(SameThreadHierarchicalTestExecutorService.java:41)
	at app//org.junit.platform.engine.support.hierarchical.NodeTestTask.lambda$executeRecursively$6(NodeTestTask.java:155)
	at app//org.junit.platform.engine.support.hierarchical.ThrowableCollector.execute(ThrowableCollector.java:73)
	at app//org.junit.platform.engine.support.hierarchical.NodeTestTask.lambda$executeRecursively$8(NodeTestTask.java:141)
	at app//org.junit.platform.engine.support.hierarchical.Node.around(Node.java:137)
	at app//org.junit.platform.engine.support.hierarchical.NodeTestTask.lambda$executeRecursively$9(NodeTestTask.java:139)
	at app//org.junit.platform.engine.support.hierarchical.ThrowableCollector.execute(ThrowableCollector.java:73)
	at app//org.junit.platform.engine.support.hierarchical.NodeTestTask.executeRecursively(NodeTestTask.java:138)
	at app//org.junit.platform.engine.support.hierarchical.NodeTestTask.execute(NodeTestTask.java:95)
	at app//org.junit.platform.engine.support.hierarchical.SameThreadHierarchicalTestExecutorService.submit(SameThreadHierarchicalTestExecutorService.java:35)
	at app//org.junit.platform.engine.support.hierarchical.HierarchicalTestExecutor.execute(HierarchicalTestExecutor.java:57)
	at app//org.junit.platform.engine.support.hierarchical.HierarchicalTestEngine.execute(HierarchicalTestEngine.java:54)
	at app//org.junit.platform.launcher.core.EngineExecutionOrchestrator.execute(EngineExecutionOrchestrator.java:107)
	at app//org.junit.platform.launcher.core.EngineExecutionOrchestrator.execute(EngineExecutionOrchestrator.java:88)
	at app//org.junit.platform.launcher.core.EngineExecutionOrchestrator.lambda$execute$0(EngineExecutionOrchestrator.java:54)
	at app//org.junit.platform.launcher.core.EngineExecutionOrchestrator.withInterceptedStreams(EngineExecutionOrchestrator.java:67)
	at app//org.junit.platform.launcher.core.EngineExecutionOrchestrator.execute(EngineExecutionOrchestrator.java:52)
	at app//org.junit.platform.launcher.core.DefaultLauncher.execute(DefaultLauncher.java:114)
	at app//org.junit.platform.launcher.core.DefaultLauncher.execute(DefaultLauncher.java:86)
	at app//org.junit.platform.launcher.core.DefaultLauncherSession$DelegatingLauncher.execute(DefaultLauncherSession.java:86)
	at org.gradle.api.internal.tasks.testing.junitplatform.JUnitPlatformTestClassProcessor$CollectAllTestClassesExecutor.processAllTestClasses(JUnitPlatformTestClassProcessor.java:110)
	at org.gradle.api.internal.tasks.testing.junitplatform.JUnitPlatformTestClassProcessor$CollectAllTestClassesExecutor.access$000(JUnitPlatformTestClassProcessor.java:90)
	at org.gradle.api.internal.tasks.testing.junitplatform.JUnitPlatformTestClassProcessor.stop(JUnitPlatformTestClassProcessor.java:85)
	at org.gradle.api.internal.tasks.testing.SuiteTestClassProcessor.stop(SuiteTestClassProcessor.java:62)
	at java.base@11.0.18/jdk.internal.reflect.NativeMethodAccessorImpl.invoke0(Native Method)
	at java.base@11.0.18/jdk.internal.reflect.NativeMethodAccessorImpl.invoke(NativeMethodAccessorImpl.java:62)
	at java.base@11.0.18/jdk.internal.reflect.DelegatingMethodAccessorImpl.invoke(DelegatingMethodAccessorImpl.java:43)
	at java.base@11.0.18/java.lang.reflect.Method.invoke(Method.java:566)
	at org.gradle.internal.dispatch.ReflectionDispatch.dispatch(ReflectionDispatch.java:36)
	at org.gradle.internal.dispatch.ReflectionDispatch.dispatch(ReflectionDispatch.java:24)
	at org.gradle.internal.dispatch.ContextClassLoaderDispatch.dispatch(ContextClassLoaderDispatch.java:33)
	at org.gradle.internal.dispatch.ProxyDispatchAdapter$DispatchingInvocationHandler.invoke(ProxyDispatchAdapter.java:94)
	at com.sun.proxy.$Proxy2.stop(Unknown Source)
	at org.gradle.api.internal.tasks.testing.worker.TestWorker$3.run(TestWorker.java:193)
	at org.gradle.api.internal.tasks.testing.worker.TestWorker.executeAndMaintainThreadName(TestWorker.java:129)
	at org.gradle.api.internal.tasks.testing.worker.TestWorker.execute(TestWorker.java:100)
	at org.gradle.api.internal.tasks.testing.worker.TestWorker.execute(TestWorker.java:60)
	at org.gradle.process.internal.worker.child.ActionExecutionWorker.execute(ActionExecutionWorker.java:56)
	at org.gradle.process.internal.worker.child.SystemApplicationClassLoaderWorker.call(SystemApplicationClassLoaderWorker.java:113)
	at org.gradle.process.internal.worker.child.SystemApplicationClassLoaderWorker.call(SystemApplicationClassLoaderWorker.java:65)
	at app//worker.org.gradle.process.internal.worker.GradleWorkerMain.run(GradleWorkerMain.java:69)
	at app//worker.org.gradle.process.internal.worker.GradleWorkerMain.main(GradleWorkerMain.java:74)
</failure>
  </testcase>
  <testcase name="list_recursive" classname="de.uka.ilkd.key.proof.runallproofs.RunAllProofsFunctional" time="21.386"/>
  <testcase name="list_seq" classname="de.uka.ilkd.key.proof.runallproofs.RunAllProofsFunctional" time="169.113">
    <failure message="org.opentest4j.AssertionFailedError: Executed process terminated with non-zero exit value. ==&gt; expected: &lt;0&gt; but was: &lt;1&gt;" type="org.opentest4j.AssertionFailedError">org.opentest4j.AssertionFailedError: Executed process terminated with non-zero exit value. ==&gt; expected: &lt;0&gt; but was: &lt;1&gt;
	at app//org.junit.jupiter.api.AssertionFailureBuilder.build(AssertionFailureBuilder.java:151)
	at app//org.junit.jupiter.api.AssertionFailureBuilder.buildAndThrow(AssertionFailureBuilder.java:132)
	at app//org.junit.jupiter.api.AssertEquals.failNotEqual(AssertEquals.java:197)
	at app//org.junit.jupiter.api.AssertEquals.assertEquals(AssertEquals.java:150)
	at app//org.junit.jupiter.api.Assertions.assertEquals(Assertions.java:560)
	at app//de.uka.ilkd.key.proof.runallproofs.proofcollection.ForkedTestFileRunner.processTestFiles(ForkedTestFileRunner.java:130)
	at app//de.uka.ilkd.key.proof.runallproofs.RunAllProofsTestUnit.runTest(RunAllProofsTestUnit.java:89)
	at app//de.uka.ilkd.key.proof.runallproofs.RunAllProofsTest.lambda$data$0(RunAllProofsTest.java:77)
	at app//org.junit.jupiter.engine.descriptor.DynamicTestTestDescriptor.lambda$execute$0(DynamicTestTestDescriptor.java:53)
	at app//org.junit.jupiter.engine.execution.InvocationInterceptorChain$ValidatingInvocation.proceed(InvocationInterceptorChain.java:131)
	at app//org.junit.jupiter.api.extension.InvocationInterceptor.interceptDynamicTest(InvocationInterceptor.java:167)
	at app//org.junit.jupiter.api.extension.InvocationInterceptor.interceptDynamicTest(InvocationInterceptor.java:184)
	at app//org.junit.jupiter.engine.descriptor.DynamicTestTestDescriptor.lambda$execute$1(DynamicTestTestDescriptor.java:61)
	at app//org.junit.jupiter.engine.execution.InvocationInterceptorChain$InterceptorCall.lambda$ofVoid$0(InvocationInterceptorChain.java:78)
	at app//org.junit.jupiter.engine.execution.InvocationInterceptorChain$InterceptedInvocation.proceed(InvocationInterceptorChain.java:106)
	at app//org.junit.jupiter.engine.execution.InvocationInterceptorChain.proceed(InvocationInterceptorChain.java:64)
	at app//org.junit.jupiter.engine.execution.InvocationInterceptorChain.chainAndInvoke(InvocationInterceptorChain.java:45)
	at app//org.junit.jupiter.engine.execution.InvocationInterceptorChain.invoke(InvocationInterceptorChain.java:37)
	at app//org.junit.jupiter.engine.descriptor.DynamicTestTestDescriptor.execute(DynamicTestTestDescriptor.java:60)
	at app//org.junit.jupiter.engine.descriptor.DynamicTestTestDescriptor.execute(DynamicTestTestDescriptor.java:32)
	at app//org.junit.platform.engine.support.hierarchical.NodeTestTask.lambda$executeRecursively$6(NodeTestTask.java:151)
	at app//org.junit.platform.engine.support.hierarchical.ThrowableCollector.execute(ThrowableCollector.java:73)
	at app//org.junit.platform.engine.support.hierarchical.NodeTestTask.lambda$executeRecursively$8(NodeTestTask.java:141)
	at app//org.junit.platform.engine.support.hierarchical.Node.around(Node.java:137)
	at app//org.junit.platform.engine.support.hierarchical.NodeTestTask.lambda$executeRecursively$9(NodeTestTask.java:139)
	at app//org.junit.platform.engine.support.hierarchical.ThrowableCollector.execute(ThrowableCollector.java:73)
	at app//org.junit.platform.engine.support.hierarchical.NodeTestTask.executeRecursively(NodeTestTask.java:138)
	at app//org.junit.platform.engine.support.hierarchical.NodeTestTask.execute(NodeTestTask.java:95)
	at app//org.junit.platform.engine.support.hierarchical.SameThreadHierarchicalTestExecutorService.submit(SameThreadHierarchicalTestExecutorService.java:35)
	at app//org.junit.platform.engine.support.hierarchical.NodeTestTask$DefaultDynamicTestExecutor.execute(NodeTestTask.java:226)
	at app//org.junit.platform.engine.support.hierarchical.NodeTestTask$DefaultDynamicTestExecutor.execute(NodeTestTask.java:204)
	at java.base@11.0.18/java.util.Optional.ifPresent(Optional.java:183)
	at app//org.junit.jupiter.engine.descriptor.TestFactoryTestDescriptor.lambda$invokeTestMethod$1(TestFactoryTestDescriptor.java:108)
	at app//org.junit.platform.engine.support.hierarchical.ThrowableCollector.execute(ThrowableCollector.java:73)
	at app//org.junit.jupiter.engine.descriptor.TestFactoryTestDescriptor.invokeTestMethod(TestFactoryTestDescriptor.java:95)
	at app//org.junit.jupiter.engine.descriptor.TestMethodTestDescriptor.execute(TestMethodTestDescriptor.java:138)
	at app//org.junit.jupiter.engine.descriptor.TestMethodTestDescriptor.execute(TestMethodTestDescriptor.java:68)
	at app//org.junit.platform.engine.support.hierarchical.NodeTestTask.lambda$executeRecursively$6(NodeTestTask.java:151)
	at app//org.junit.platform.engine.support.hierarchical.ThrowableCollector.execute(ThrowableCollector.java:73)
	at app//org.junit.platform.engine.support.hierarchical.NodeTestTask.lambda$executeRecursively$8(NodeTestTask.java:141)
	at app//org.junit.platform.engine.support.hierarchical.Node.around(Node.java:137)
	at app//org.junit.platform.engine.support.hierarchical.NodeTestTask.lambda$executeRecursively$9(NodeTestTask.java:139)
	at app//org.junit.platform.engine.support.hierarchical.ThrowableCollector.execute(ThrowableCollector.java:73)
	at app//org.junit.platform.engine.support.hierarchical.NodeTestTask.executeRecursively(NodeTestTask.java:138)
	at app//org.junit.platform.engine.support.hierarchical.NodeTestTask.execute(NodeTestTask.java:95)
	at java.base@11.0.18/java.util.ArrayList.forEach(ArrayList.java:1541)
	at app//org.junit.platform.engine.support.hierarchical.SameThreadHierarchicalTestExecutorService.invokeAll(SameThreadHierarchicalTestExecutorService.java:41)
	at app//org.junit.platform.engine.support.hierarchical.NodeTestTask.lambda$executeRecursively$6(NodeTestTask.java:155)
	at app//org.junit.platform.engine.support.hierarchical.ThrowableCollector.execute(ThrowableCollector.java:73)
	at app//org.junit.platform.engine.support.hierarchical.NodeTestTask.lambda$executeRecursively$8(NodeTestTask.java:141)
	at app//org.junit.platform.engine.support.hierarchical.Node.around(Node.java:137)
	at app//org.junit.platform.engine.support.hierarchical.NodeTestTask.lambda$executeRecursively$9(NodeTestTask.java:139)
	at app//org.junit.platform.engine.support.hierarchical.ThrowableCollector.execute(ThrowableCollector.java:73)
	at app//org.junit.platform.engine.support.hierarchical.NodeTestTask.executeRecursively(NodeTestTask.java:138)
	at app//org.junit.platform.engine.support.hierarchical.NodeTestTask.execute(NodeTestTask.java:95)
	at java.base@11.0.18/java.util.ArrayList.forEach(ArrayList.java:1541)
	at app//org.junit.platform.engine.support.hierarchical.SameThreadHierarchicalTestExecutorService.invokeAll(SameThreadHierarchicalTestExecutorService.java:41)
	at app//org.junit.platform.engine.support.hierarchical.NodeTestTask.lambda$executeRecursively$6(NodeTestTask.java:155)
	at app//org.junit.platform.engine.support.hierarchical.ThrowableCollector.execute(ThrowableCollector.java:73)
	at app//org.junit.platform.engine.support.hierarchical.NodeTestTask.lambda$executeRecursively$8(NodeTestTask.java:141)
	at app//org.junit.platform.engine.support.hierarchical.Node.around(Node.java:137)
	at app//org.junit.platform.engine.support.hierarchical.NodeTestTask.lambda$executeRecursively$9(NodeTestTask.java:139)
	at app//org.junit.platform.engine.support.hierarchical.ThrowableCollector.execute(ThrowableCollector.java:73)
	at app//org.junit.platform.engine.support.hierarchical.NodeTestTask.executeRecursively(NodeTestTask.java:138)
	at app//org.junit.platform.engine.support.hierarchical.NodeTestTask.execute(NodeTestTask.java:95)
	at app//org.junit.platform.engine.support.hierarchical.SameThreadHierarchicalTestExecutorService.submit(SameThreadHierarchicalTestExecutorService.java:35)
	at app//org.junit.platform.engine.support.hierarchical.HierarchicalTestExecutor.execute(HierarchicalTestExecutor.java:57)
	at app//org.junit.platform.engine.support.hierarchical.HierarchicalTestEngine.execute(HierarchicalTestEngine.java:54)
	at app//org.junit.platform.launcher.core.EngineExecutionOrchestrator.execute(EngineExecutionOrchestrator.java:107)
	at app//org.junit.platform.launcher.core.EngineExecutionOrchestrator.execute(EngineExecutionOrchestrator.java:88)
	at app//org.junit.platform.launcher.core.EngineExecutionOrchestrator.lambda$execute$0(EngineExecutionOrchestrator.java:54)
	at app//org.junit.platform.launcher.core.EngineExecutionOrchestrator.withInterceptedStreams(EngineExecutionOrchestrator.java:67)
	at app//org.junit.platform.launcher.core.EngineExecutionOrchestrator.execute(EngineExecutionOrchestrator.java:52)
	at app//org.junit.platform.launcher.core.DefaultLauncher.execute(DefaultLauncher.java:114)
	at app//org.junit.platform.launcher.core.DefaultLauncher.execute(DefaultLauncher.java:86)
	at app//org.junit.platform.launcher.core.DefaultLauncherSession$DelegatingLauncher.execute(DefaultLauncherSession.java:86)
	at org.gradle.api.internal.tasks.testing.junitplatform.JUnitPlatformTestClassProcessor$CollectAllTestClassesExecutor.processAllTestClasses(JUnitPlatformTestClassProcessor.java:110)
	at org.gradle.api.internal.tasks.testing.junitplatform.JUnitPlatformTestClassProcessor$CollectAllTestClassesExecutor.access$000(JUnitPlatformTestClassProcessor.java:90)
	at org.gradle.api.internal.tasks.testing.junitplatform.JUnitPlatformTestClassProcessor.stop(JUnitPlatformTestClassProcessor.java:85)
	at org.gradle.api.internal.tasks.testing.SuiteTestClassProcessor.stop(SuiteTestClassProcessor.java:62)
	at java.base@11.0.18/jdk.internal.reflect.NativeMethodAccessorImpl.invoke0(Native Method)
	at java.base@11.0.18/jdk.internal.reflect.NativeMethodAccessorImpl.invoke(NativeMethodAccessorImpl.java:62)
	at java.base@11.0.18/jdk.internal.reflect.DelegatingMethodAccessorImpl.invoke(DelegatingMethodAccessorImpl.java:43)
	at java.base@11.0.18/java.lang.reflect.Method.invoke(Method.java:566)
	at org.gradle.internal.dispatch.ReflectionDispatch.dispatch(ReflectionDispatch.java:36)
	at org.gradle.internal.dispatch.ReflectionDispatch.dispatch(ReflectionDispatch.java:24)
	at org.gradle.internal.dispatch.ContextClassLoaderDispatch.dispatch(ContextClassLoaderDispatch.java:33)
	at org.gradle.internal.dispatch.ProxyDispatchAdapter$DispatchingInvocationHandler.invoke(ProxyDispatchAdapter.java:94)
	at com.sun.proxy.$Proxy2.stop(Unknown Source)
	at org.gradle.api.internal.tasks.testing.worker.TestWorker$3.run(TestWorker.java:193)
	at org.gradle.api.internal.tasks.testing.worker.TestWorker.executeAndMaintainThreadName(TestWorker.java:129)
	at org.gradle.api.internal.tasks.testing.worker.TestWorker.execute(TestWorker.java:100)
	at org.gradle.api.internal.tasks.testing.worker.TestWorker.execute(TestWorker.java:60)
	at org.gradle.process.internal.worker.child.ActionExecutionWorker.execute(ActionExecutionWorker.java:56)
	at org.gradle.process.internal.worker.child.SystemApplicationClassLoaderWorker.call(SystemApplicationClassLoaderWorker.java:113)
	at org.gradle.process.internal.worker.child.SystemApplicationClassLoaderWorker.call(SystemApplicationClassLoaderWorker.java:65)
	at app//worker.org.gradle.process.internal.worker.GradleWorkerMain.run(GradleWorkerMain.java:69)
	at app//worker.org.gradle.process.internal.worker.GradleWorkerMain.main(GradleWorkerMain.java:74)
</failure>
  </testcase>
  <testcase name="observer" classname="de.uka.ilkd.key.proof.runallproofs.RunAllProofsFunctional" time="98.889">
    <failure message="org.opentest4j.AssertionFailedError: Executed process terminated with non-zero exit value. ==&gt; expected: &lt;0&gt; but was: &lt;1&gt;" type="org.opentest4j.AssertionFailedError">org.opentest4j.AssertionFailedError: Executed process terminated with non-zero exit value. ==&gt; expected: &lt;0&gt; but was: &lt;1&gt;
	at app//org.junit.jupiter.api.AssertionFailureBuilder.build(AssertionFailureBuilder.java:151)
	at app//org.junit.jupiter.api.AssertionFailureBuilder.buildAndThrow(AssertionFailureBuilder.java:132)
	at app//org.junit.jupiter.api.AssertEquals.failNotEqual(AssertEquals.java:197)
	at app//org.junit.jupiter.api.AssertEquals.assertEquals(AssertEquals.java:150)
	at app//org.junit.jupiter.api.Assertions.assertEquals(Assertions.java:560)
	at app//de.uka.ilkd.key.proof.runallproofs.proofcollection.ForkedTestFileRunner.processTestFiles(ForkedTestFileRunner.java:130)
	at app//de.uka.ilkd.key.proof.runallproofs.RunAllProofsTestUnit.runTest(RunAllProofsTestUnit.java:89)
	at app//de.uka.ilkd.key.proof.runallproofs.RunAllProofsTest.lambda$data$0(RunAllProofsTest.java:77)
	at app//org.junit.jupiter.engine.descriptor.DynamicTestTestDescriptor.lambda$execute$0(DynamicTestTestDescriptor.java:53)
	at app//org.junit.jupiter.engine.execution.InvocationInterceptorChain$ValidatingInvocation.proceed(InvocationInterceptorChain.java:131)
	at app//org.junit.jupiter.api.extension.InvocationInterceptor.interceptDynamicTest(InvocationInterceptor.java:167)
	at app//org.junit.jupiter.api.extension.InvocationInterceptor.interceptDynamicTest(InvocationInterceptor.java:184)
	at app//org.junit.jupiter.engine.descriptor.DynamicTestTestDescriptor.lambda$execute$1(DynamicTestTestDescriptor.java:61)
	at app//org.junit.jupiter.engine.execution.InvocationInterceptorChain$InterceptorCall.lambda$ofVoid$0(InvocationInterceptorChain.java:78)
	at app//org.junit.jupiter.engine.execution.InvocationInterceptorChain$InterceptedInvocation.proceed(InvocationInterceptorChain.java:106)
	at app//org.junit.jupiter.engine.execution.InvocationInterceptorChain.proceed(InvocationInterceptorChain.java:64)
	at app//org.junit.jupiter.engine.execution.InvocationInterceptorChain.chainAndInvoke(InvocationInterceptorChain.java:45)
	at app//org.junit.jupiter.engine.execution.InvocationInterceptorChain.invoke(InvocationInterceptorChain.java:37)
	at app//org.junit.jupiter.engine.descriptor.DynamicTestTestDescriptor.execute(DynamicTestTestDescriptor.java:60)
	at app//org.junit.jupiter.engine.descriptor.DynamicTestTestDescriptor.execute(DynamicTestTestDescriptor.java:32)
	at app//org.junit.platform.engine.support.hierarchical.NodeTestTask.lambda$executeRecursively$6(NodeTestTask.java:151)
	at app//org.junit.platform.engine.support.hierarchical.ThrowableCollector.execute(ThrowableCollector.java:73)
	at app//org.junit.platform.engine.support.hierarchical.NodeTestTask.lambda$executeRecursively$8(NodeTestTask.java:141)
	at app//org.junit.platform.engine.support.hierarchical.Node.around(Node.java:137)
	at app//org.junit.platform.engine.support.hierarchical.NodeTestTask.lambda$executeRecursively$9(NodeTestTask.java:139)
	at app//org.junit.platform.engine.support.hierarchical.ThrowableCollector.execute(ThrowableCollector.java:73)
	at app//org.junit.platform.engine.support.hierarchical.NodeTestTask.executeRecursively(NodeTestTask.java:138)
	at app//org.junit.platform.engine.support.hierarchical.NodeTestTask.execute(NodeTestTask.java:95)
	at app//org.junit.platform.engine.support.hierarchical.SameThreadHierarchicalTestExecutorService.submit(SameThreadHierarchicalTestExecutorService.java:35)
	at app//org.junit.platform.engine.support.hierarchical.NodeTestTask$DefaultDynamicTestExecutor.execute(NodeTestTask.java:226)
	at app//org.junit.platform.engine.support.hierarchical.NodeTestTask$DefaultDynamicTestExecutor.execute(NodeTestTask.java:204)
	at java.base@11.0.18/java.util.Optional.ifPresent(Optional.java:183)
	at app//org.junit.jupiter.engine.descriptor.TestFactoryTestDescriptor.lambda$invokeTestMethod$1(TestFactoryTestDescriptor.java:108)
	at app//org.junit.platform.engine.support.hierarchical.ThrowableCollector.execute(ThrowableCollector.java:73)
	at app//org.junit.jupiter.engine.descriptor.TestFactoryTestDescriptor.invokeTestMethod(TestFactoryTestDescriptor.java:95)
	at app//org.junit.jupiter.engine.descriptor.TestMethodTestDescriptor.execute(TestMethodTestDescriptor.java:138)
	at app//org.junit.jupiter.engine.descriptor.TestMethodTestDescriptor.execute(TestMethodTestDescriptor.java:68)
	at app//org.junit.platform.engine.support.hierarchical.NodeTestTask.lambda$executeRecursively$6(NodeTestTask.java:151)
	at app//org.junit.platform.engine.support.hierarchical.ThrowableCollector.execute(ThrowableCollector.java:73)
	at app//org.junit.platform.engine.support.hierarchical.NodeTestTask.lambda$executeRecursively$8(NodeTestTask.java:141)
	at app//org.junit.platform.engine.support.hierarchical.Node.around(Node.java:137)
	at app//org.junit.platform.engine.support.hierarchical.NodeTestTask.lambda$executeRecursively$9(NodeTestTask.java:139)
	at app//org.junit.platform.engine.support.hierarchical.ThrowableCollector.execute(ThrowableCollector.java:73)
	at app//org.junit.platform.engine.support.hierarchical.NodeTestTask.executeRecursively(NodeTestTask.java:138)
	at app//org.junit.platform.engine.support.hierarchical.NodeTestTask.execute(NodeTestTask.java:95)
	at java.base@11.0.18/java.util.ArrayList.forEach(ArrayList.java:1541)
	at app//org.junit.platform.engine.support.hierarchical.SameThreadHierarchicalTestExecutorService.invokeAll(SameThreadHierarchicalTestExecutorService.java:41)
	at app//org.junit.platform.engine.support.hierarchical.NodeTestTask.lambda$executeRecursively$6(NodeTestTask.java:155)
	at app//org.junit.platform.engine.support.hierarchical.ThrowableCollector.execute(ThrowableCollector.java:73)
	at app//org.junit.platform.engine.support.hierarchical.NodeTestTask.lambda$executeRecursively$8(NodeTestTask.java:141)
	at app//org.junit.platform.engine.support.hierarchical.Node.around(Node.java:137)
	at app//org.junit.platform.engine.support.hierarchical.NodeTestTask.lambda$executeRecursively$9(NodeTestTask.java:139)
	at app//org.junit.platform.engine.support.hierarchical.ThrowableCollector.execute(ThrowableCollector.java:73)
	at app//org.junit.platform.engine.support.hierarchical.NodeTestTask.executeRecursively(NodeTestTask.java:138)
	at app//org.junit.platform.engine.support.hierarchical.NodeTestTask.execute(NodeTestTask.java:95)
	at java.base@11.0.18/java.util.ArrayList.forEach(ArrayList.java:1541)
	at app//org.junit.platform.engine.support.hierarchical.SameThreadHierarchicalTestExecutorService.invokeAll(SameThreadHierarchicalTestExecutorService.java:41)
	at app//org.junit.platform.engine.support.hierarchical.NodeTestTask.lambda$executeRecursively$6(NodeTestTask.java:155)
	at app//org.junit.platform.engine.support.hierarchical.ThrowableCollector.execute(ThrowableCollector.java:73)
	at app//org.junit.platform.engine.support.hierarchical.NodeTestTask.lambda$executeRecursively$8(NodeTestTask.java:141)
	at app//org.junit.platform.engine.support.hierarchical.Node.around(Node.java:137)
	at app//org.junit.platform.engine.support.hierarchical.NodeTestTask.lambda$executeRecursively$9(NodeTestTask.java:139)
	at app//org.junit.platform.engine.support.hierarchical.ThrowableCollector.execute(ThrowableCollector.java:73)
	at app//org.junit.platform.engine.support.hierarchical.NodeTestTask.executeRecursively(NodeTestTask.java:138)
	at app//org.junit.platform.engine.support.hierarchical.NodeTestTask.execute(NodeTestTask.java:95)
	at app//org.junit.platform.engine.support.hierarchical.SameThreadHierarchicalTestExecutorService.submit(SameThreadHierarchicalTestExecutorService.java:35)
	at app//org.junit.platform.engine.support.hierarchical.HierarchicalTestExecutor.execute(HierarchicalTestExecutor.java:57)
	at app//org.junit.platform.engine.support.hierarchical.HierarchicalTestEngine.execute(HierarchicalTestEngine.java:54)
	at app//org.junit.platform.launcher.core.EngineExecutionOrchestrator.execute(EngineExecutionOrchestrator.java:107)
	at app//org.junit.platform.launcher.core.EngineExecutionOrchestrator.execute(EngineExecutionOrchestrator.java:88)
	at app//org.junit.platform.launcher.core.EngineExecutionOrchestrator.lambda$execute$0(EngineExecutionOrchestrator.java:54)
	at app//org.junit.platform.launcher.core.EngineExecutionOrchestrator.withInterceptedStreams(EngineExecutionOrchestrator.java:67)
	at app//org.junit.platform.launcher.core.EngineExecutionOrchestrator.execute(EngineExecutionOrchestrator.java:52)
	at app//org.junit.platform.launcher.core.DefaultLauncher.execute(DefaultLauncher.java:114)
	at app//org.junit.platform.launcher.core.DefaultLauncher.execute(DefaultLauncher.java:86)
	at app//org.junit.platform.launcher.core.DefaultLauncherSession$DelegatingLauncher.execute(DefaultLauncherSession.java:86)
	at org.gradle.api.internal.tasks.testing.junitplatform.JUnitPlatformTestClassProcessor$CollectAllTestClassesExecutor.processAllTestClasses(JUnitPlatformTestClassProcessor.java:110)
	at org.gradle.api.internal.tasks.testing.junitplatform.JUnitPlatformTestClassProcessor$CollectAllTestClassesExecutor.access$000(JUnitPlatformTestClassProcessor.java:90)
	at org.gradle.api.internal.tasks.testing.junitplatform.JUnitPlatformTestClassProcessor.stop(JUnitPlatformTestClassProcessor.java:85)
	at org.gradle.api.internal.tasks.testing.SuiteTestClassProcessor.stop(SuiteTestClassProcessor.java:62)
	at java.base@11.0.18/jdk.internal.reflect.NativeMethodAccessorImpl.invoke0(Native Method)
	at java.base@11.0.18/jdk.internal.reflect.NativeMethodAccessorImpl.invoke(NativeMethodAccessorImpl.java:62)
	at java.base@11.0.18/jdk.internal.reflect.DelegatingMethodAccessorImpl.invoke(DelegatingMethodAccessorImpl.java:43)
	at java.base@11.0.18/java.lang.reflect.Method.invoke(Method.java:566)
	at org.gradle.internal.dispatch.ReflectionDispatch.dispatch(ReflectionDispatch.java:36)
	at org.gradle.internal.dispatch.ReflectionDispatch.dispatch(ReflectionDispatch.java:24)
	at org.gradle.internal.dispatch.ContextClassLoaderDispatch.dispatch(ContextClassLoaderDispatch.java:33)
	at org.gradle.internal.dispatch.ProxyDispatchAdapter$DispatchingInvocationHandler.invoke(ProxyDispatchAdapter.java:94)
	at com.sun.proxy.$Proxy2.stop(Unknown Source)
	at org.gradle.api.internal.tasks.testing.worker.TestWorker$3.run(TestWorker.java:193)
	at org.gradle.api.internal.tasks.testing.worker.TestWorker.executeAndMaintainThreadName(TestWorker.java:129)
	at org.gradle.api.internal.tasks.testing.worker.TestWorker.execute(TestWorker.java:100)
	at org.gradle.api.internal.tasks.testing.worker.TestWorker.execute(TestWorker.java:60)
	at org.gradle.process.internal.worker.child.ActionExecutionWorker.execute(ActionExecutionWorker.java:56)
	at org.gradle.process.internal.worker.child.SystemApplicationClassLoaderWorker.call(SystemApplicationClassLoaderWorker.java:113)
	at org.gradle.process.internal.worker.child.SystemApplicationClassLoaderWorker.call(SystemApplicationClassLoaderWorker.java:65)
	at app//worker.org.gradle.process.internal.worker.GradleWorkerMain.run(GradleWorkerMain.java:69)
	at app//worker.org.gradle.process.internal.worker.GradleWorkerMain.main(GradleWorkerMain.java:74)
</failure>
  </testcase>
  <testcase name="removeDups" classname="de.uka.ilkd.key.proof.runallproofs.RunAllProofsFunctional" time="146.755"/>
  <testcase name="quicksort" classname="de.uka.ilkd.key.proof.runallproofs.RunAllProofsFunctional" time="108.27"/>
  <testcase name="simpleTests" classname="de.uka.ilkd.key.proof.runallproofs.RunAllProofsFunctional" time="145.174">
    <failure message="org.opentest4j.AssertionFailedError: Executed process terminated with non-zero exit value. ==&gt; expected: &lt;0&gt; but was: &lt;1&gt;" type="org.opentest4j.AssertionFailedError">org.opentest4j.AssertionFailedError: Executed process terminated with non-zero exit value. ==&gt; expected: &lt;0&gt; but was: &lt;1&gt;
	at app//org.junit.jupiter.api.AssertionFailureBuilder.build(AssertionFailureBuilder.java:151)
	at app//org.junit.jupiter.api.AssertionFailureBuilder.buildAndThrow(AssertionFailureBuilder.java:132)
	at app//org.junit.jupiter.api.AssertEquals.failNotEqual(AssertEquals.java:197)
	at app//org.junit.jupiter.api.AssertEquals.assertEquals(AssertEquals.java:150)
	at app//org.junit.jupiter.api.Assertions.assertEquals(Assertions.java:560)
	at app//de.uka.ilkd.key.proof.runallproofs.proofcollection.ForkedTestFileRunner.processTestFiles(ForkedTestFileRunner.java:130)
	at app//de.uka.ilkd.key.proof.runallproofs.RunAllProofsTestUnit.runTest(RunAllProofsTestUnit.java:89)
	at app//de.uka.ilkd.key.proof.runallproofs.RunAllProofsTest.lambda$data$0(RunAllProofsTest.java:77)
	at app//org.junit.jupiter.engine.descriptor.DynamicTestTestDescriptor.lambda$execute$0(DynamicTestTestDescriptor.java:53)
	at app//org.junit.jupiter.engine.execution.InvocationInterceptorChain$ValidatingInvocation.proceed(InvocationInterceptorChain.java:131)
	at app//org.junit.jupiter.api.extension.InvocationInterceptor.interceptDynamicTest(InvocationInterceptor.java:167)
	at app//org.junit.jupiter.api.extension.InvocationInterceptor.interceptDynamicTest(InvocationInterceptor.java:184)
	at app//org.junit.jupiter.engine.descriptor.DynamicTestTestDescriptor.lambda$execute$1(DynamicTestTestDescriptor.java:61)
	at app//org.junit.jupiter.engine.execution.InvocationInterceptorChain$InterceptorCall.lambda$ofVoid$0(InvocationInterceptorChain.java:78)
	at app//org.junit.jupiter.engine.execution.InvocationInterceptorChain$InterceptedInvocation.proceed(InvocationInterceptorChain.java:106)
	at app//org.junit.jupiter.engine.execution.InvocationInterceptorChain.proceed(InvocationInterceptorChain.java:64)
	at app//org.junit.jupiter.engine.execution.InvocationInterceptorChain.chainAndInvoke(InvocationInterceptorChain.java:45)
	at app//org.junit.jupiter.engine.execution.InvocationInterceptorChain.invoke(InvocationInterceptorChain.java:37)
	at app//org.junit.jupiter.engine.descriptor.DynamicTestTestDescriptor.execute(DynamicTestTestDescriptor.java:60)
	at app//org.junit.jupiter.engine.descriptor.DynamicTestTestDescriptor.execute(DynamicTestTestDescriptor.java:32)
	at app//org.junit.platform.engine.support.hierarchical.NodeTestTask.lambda$executeRecursively$6(NodeTestTask.java:151)
	at app//org.junit.platform.engine.support.hierarchical.ThrowableCollector.execute(ThrowableCollector.java:73)
	at app//org.junit.platform.engine.support.hierarchical.NodeTestTask.lambda$executeRecursively$8(NodeTestTask.java:141)
	at app//org.junit.platform.engine.support.hierarchical.Node.around(Node.java:137)
	at app//org.junit.platform.engine.support.hierarchical.NodeTestTask.lambda$executeRecursively$9(NodeTestTask.java:139)
	at app//org.junit.platform.engine.support.hierarchical.ThrowableCollector.execute(ThrowableCollector.java:73)
	at app//org.junit.platform.engine.support.hierarchical.NodeTestTask.executeRecursively(NodeTestTask.java:138)
	at app//org.junit.platform.engine.support.hierarchical.NodeTestTask.execute(NodeTestTask.java:95)
	at app//org.junit.platform.engine.support.hierarchical.SameThreadHierarchicalTestExecutorService.submit(SameThreadHierarchicalTestExecutorService.java:35)
	at app//org.junit.platform.engine.support.hierarchical.NodeTestTask$DefaultDynamicTestExecutor.execute(NodeTestTask.java:226)
	at app//org.junit.platform.engine.support.hierarchical.NodeTestTask$DefaultDynamicTestExecutor.execute(NodeTestTask.java:204)
	at java.base@11.0.18/java.util.Optional.ifPresent(Optional.java:183)
	at app//org.junit.jupiter.engine.descriptor.TestFactoryTestDescriptor.lambda$invokeTestMethod$1(TestFactoryTestDescriptor.java:108)
	at app//org.junit.platform.engine.support.hierarchical.ThrowableCollector.execute(ThrowableCollector.java:73)
	at app//org.junit.jupiter.engine.descriptor.TestFactoryTestDescriptor.invokeTestMethod(TestFactoryTestDescriptor.java:95)
	at app//org.junit.jupiter.engine.descriptor.TestMethodTestDescriptor.execute(TestMethodTestDescriptor.java:138)
	at app//org.junit.jupiter.engine.descriptor.TestMethodTestDescriptor.execute(TestMethodTestDescriptor.java:68)
	at app//org.junit.platform.engine.support.hierarchical.NodeTestTask.lambda$executeRecursively$6(NodeTestTask.java:151)
	at app//org.junit.platform.engine.support.hierarchical.ThrowableCollector.execute(ThrowableCollector.java:73)
	at app//org.junit.platform.engine.support.hierarchical.NodeTestTask.lambda$executeRecursively$8(NodeTestTask.java:141)
	at app//org.junit.platform.engine.support.hierarchical.Node.around(Node.java:137)
	at app//org.junit.platform.engine.support.hierarchical.NodeTestTask.lambda$executeRecursively$9(NodeTestTask.java:139)
	at app//org.junit.platform.engine.support.hierarchical.ThrowableCollector.execute(ThrowableCollector.java:73)
	at app//org.junit.platform.engine.support.hierarchical.NodeTestTask.executeRecursively(NodeTestTask.java:138)
	at app//org.junit.platform.engine.support.hierarchical.NodeTestTask.execute(NodeTestTask.java:95)
	at java.base@11.0.18/java.util.ArrayList.forEach(ArrayList.java:1541)
	at app//org.junit.platform.engine.support.hierarchical.SameThreadHierarchicalTestExecutorService.invokeAll(SameThreadHierarchicalTestExecutorService.java:41)
	at app//org.junit.platform.engine.support.hierarchical.NodeTestTask.lambda$executeRecursively$6(NodeTestTask.java:155)
	at app//org.junit.platform.engine.support.hierarchical.ThrowableCollector.execute(ThrowableCollector.java:73)
	at app//org.junit.platform.engine.support.hierarchical.NodeTestTask.lambda$executeRecursively$8(NodeTestTask.java:141)
	at app//org.junit.platform.engine.support.hierarchical.Node.around(Node.java:137)
	at app//org.junit.platform.engine.support.hierarchical.NodeTestTask.lambda$executeRecursively$9(NodeTestTask.java:139)
	at app//org.junit.platform.engine.support.hierarchical.ThrowableCollector.execute(ThrowableCollector.java:73)
	at app//org.junit.platform.engine.support.hierarchical.NodeTestTask.executeRecursively(NodeTestTask.java:138)
	at app//org.junit.platform.engine.support.hierarchical.NodeTestTask.execute(NodeTestTask.java:95)
	at java.base@11.0.18/java.util.ArrayList.forEach(ArrayList.java:1541)
	at app//org.junit.platform.engine.support.hierarchical.SameThreadHierarchicalTestExecutorService.invokeAll(SameThreadHierarchicalTestExecutorService.java:41)
	at app//org.junit.platform.engine.support.hierarchical.NodeTestTask.lambda$executeRecursively$6(NodeTestTask.java:155)
	at app//org.junit.platform.engine.support.hierarchical.ThrowableCollector.execute(ThrowableCollector.java:73)
	at app//org.junit.platform.engine.support.hierarchical.NodeTestTask.lambda$executeRecursively$8(NodeTestTask.java:141)
	at app//org.junit.platform.engine.support.hierarchical.Node.around(Node.java:137)
	at app//org.junit.platform.engine.support.hierarchical.NodeTestTask.lambda$executeRecursively$9(NodeTestTask.java:139)
	at app//org.junit.platform.engine.support.hierarchical.ThrowableCollector.execute(ThrowableCollector.java:73)
	at app//org.junit.platform.engine.support.hierarchical.NodeTestTask.executeRecursively(NodeTestTask.java:138)
	at app//org.junit.platform.engine.support.hierarchical.NodeTestTask.execute(NodeTestTask.java:95)
	at app//org.junit.platform.engine.support.hierarchical.SameThreadHierarchicalTestExecutorService.submit(SameThreadHierarchicalTestExecutorService.java:35)
	at app//org.junit.platform.engine.support.hierarchical.HierarchicalTestExecutor.execute(HierarchicalTestExecutor.java:57)
	at app//org.junit.platform.engine.support.hierarchical.HierarchicalTestEngine.execute(HierarchicalTestEngine.java:54)
	at app//org.junit.platform.launcher.core.EngineExecutionOrchestrator.execute(EngineExecutionOrchestrator.java:107)
	at app//org.junit.platform.launcher.core.EngineExecutionOrchestrator.execute(EngineExecutionOrchestrator.java:88)
	at app//org.junit.platform.launcher.core.EngineExecutionOrchestrator.lambda$execute$0(EngineExecutionOrchestrator.java:54)
	at app//org.junit.platform.launcher.core.EngineExecutionOrchestrator.withInterceptedStreams(EngineExecutionOrchestrator.java:67)
	at app//org.junit.platform.launcher.core.EngineExecutionOrchestrator.execute(EngineExecutionOrchestrator.java:52)
	at app//org.junit.platform.launcher.core.DefaultLauncher.execute(DefaultLauncher.java:114)
	at app//org.junit.platform.launcher.core.DefaultLauncher.execute(DefaultLauncher.java:86)
	at app//org.junit.platform.launcher.core.DefaultLauncherSession$DelegatingLauncher.execute(DefaultLauncherSession.java:86)
	at org.gradle.api.internal.tasks.testing.junitplatform.JUnitPlatformTestClassProcessor$CollectAllTestClassesExecutor.processAllTestClasses(JUnitPlatformTestClassProcessor.java:110)
	at org.gradle.api.internal.tasks.testing.junitplatform.JUnitPlatformTestClassProcessor$CollectAllTestClassesExecutor.access$000(JUnitPlatformTestClassProcessor.java:90)
	at org.gradle.api.internal.tasks.testing.junitplatform.JUnitPlatformTestClassProcessor.stop(JUnitPlatformTestClassProcessor.java:85)
	at org.gradle.api.internal.tasks.testing.SuiteTestClassProcessor.stop(SuiteTestClassProcessor.java:62)
	at java.base@11.0.18/jdk.internal.reflect.NativeMethodAccessorImpl.invoke0(Native Method)
	at java.base@11.0.18/jdk.internal.reflect.NativeMethodAccessorImpl.invoke(NativeMethodAccessorImpl.java:62)
	at java.base@11.0.18/jdk.internal.reflect.DelegatingMethodAccessorImpl.invoke(DelegatingMethodAccessorImpl.java:43)
	at java.base@11.0.18/java.lang.reflect.Method.invoke(Method.java:566)
	at org.gradle.internal.dispatch.ReflectionDispatch.dispatch(ReflectionDispatch.java:36)
	at org.gradle.internal.dispatch.ReflectionDispatch.dispatch(ReflectionDispatch.java:24)
	at org.gradle.internal.dispatch.ContextClassLoaderDispatch.dispatch(ContextClassLoaderDispatch.java:33)
	at org.gradle.internal.dispatch.ProxyDispatchAdapter$DispatchingInvocationHandler.invoke(ProxyDispatchAdapter.java:94)
	at com.sun.proxy.$Proxy2.stop(Unknown Source)
	at org.gradle.api.internal.tasks.testing.worker.TestWorker$3.run(TestWorker.java:193)
	at org.gradle.api.internal.tasks.testing.worker.TestWorker.executeAndMaintainThreadName(TestWorker.java:129)
	at org.gradle.api.internal.tasks.testing.worker.TestWorker.execute(TestWorker.java:100)
	at org.gradle.api.internal.tasks.testing.worker.TestWorker.execute(TestWorker.java:60)
	at org.gradle.process.internal.worker.child.ActionExecutionWorker.execute(ActionExecutionWorker.java:56)
	at org.gradle.process.internal.worker.child.SystemApplicationClassLoaderWorker.call(SystemApplicationClassLoaderWorker.java:113)
	at org.gradle.process.internal.worker.child.SystemApplicationClassLoaderWorker.call(SystemApplicationClassLoaderWorker.java:65)
	at app//worker.org.gradle.process.internal.worker.GradleWorkerMain.run(GradleWorkerMain.java:69)
	at app//worker.org.gradle.process.internal.worker.GradleWorkerMain.main(GradleWorkerMain.java:74)
</failure>
  </testcase>
  <testcase name="SmansEtAl" classname="de.uka.ilkd.key.proof.runallproofs.RunAllProofsFunctional" time="193.812">
    <failure message="org.opentest4j.AssertionFailedError: Executed process terminated with non-zero exit value. ==&gt; expected: &lt;0&gt; but was: &lt;1&gt;" type="org.opentest4j.AssertionFailedError">org.opentest4j.AssertionFailedError: Executed process terminated with non-zero exit value. ==&gt; expected: &lt;0&gt; but was: &lt;1&gt;
	at app//org.junit.jupiter.api.AssertionFailureBuilder.build(AssertionFailureBuilder.java:151)
	at app//org.junit.jupiter.api.AssertionFailureBuilder.buildAndThrow(AssertionFailureBuilder.java:132)
	at app//org.junit.jupiter.api.AssertEquals.failNotEqual(AssertEquals.java:197)
	at app//org.junit.jupiter.api.AssertEquals.assertEquals(AssertEquals.java:150)
	at app//org.junit.jupiter.api.Assertions.assertEquals(Assertions.java:560)
	at app//de.uka.ilkd.key.proof.runallproofs.proofcollection.ForkedTestFileRunner.processTestFiles(ForkedTestFileRunner.java:130)
	at app//de.uka.ilkd.key.proof.runallproofs.RunAllProofsTestUnit.runTest(RunAllProofsTestUnit.java:89)
	at app//de.uka.ilkd.key.proof.runallproofs.RunAllProofsTest.lambda$data$0(RunAllProofsTest.java:77)
	at app//org.junit.jupiter.engine.descriptor.DynamicTestTestDescriptor.lambda$execute$0(DynamicTestTestDescriptor.java:53)
	at app//org.junit.jupiter.engine.execution.InvocationInterceptorChain$ValidatingInvocation.proceed(InvocationInterceptorChain.java:131)
	at app//org.junit.jupiter.api.extension.InvocationInterceptor.interceptDynamicTest(InvocationInterceptor.java:167)
	at app//org.junit.jupiter.api.extension.InvocationInterceptor.interceptDynamicTest(InvocationInterceptor.java:184)
	at app//org.junit.jupiter.engine.descriptor.DynamicTestTestDescriptor.lambda$execute$1(DynamicTestTestDescriptor.java:61)
	at app//org.junit.jupiter.engine.execution.InvocationInterceptorChain$InterceptorCall.lambda$ofVoid$0(InvocationInterceptorChain.java:78)
	at app//org.junit.jupiter.engine.execution.InvocationInterceptorChain$InterceptedInvocation.proceed(InvocationInterceptorChain.java:106)
	at app//org.junit.jupiter.engine.execution.InvocationInterceptorChain.proceed(InvocationInterceptorChain.java:64)
	at app//org.junit.jupiter.engine.execution.InvocationInterceptorChain.chainAndInvoke(InvocationInterceptorChain.java:45)
	at app//org.junit.jupiter.engine.execution.InvocationInterceptorChain.invoke(InvocationInterceptorChain.java:37)
	at app//org.junit.jupiter.engine.descriptor.DynamicTestTestDescriptor.execute(DynamicTestTestDescriptor.java:60)
	at app//org.junit.jupiter.engine.descriptor.DynamicTestTestDescriptor.execute(DynamicTestTestDescriptor.java:32)
	at app//org.junit.platform.engine.support.hierarchical.NodeTestTask.lambda$executeRecursively$6(NodeTestTask.java:151)
	at app//org.junit.platform.engine.support.hierarchical.ThrowableCollector.execute(ThrowableCollector.java:73)
	at app//org.junit.platform.engine.support.hierarchical.NodeTestTask.lambda$executeRecursively$8(NodeTestTask.java:141)
	at app//org.junit.platform.engine.support.hierarchical.Node.around(Node.java:137)
	at app//org.junit.platform.engine.support.hierarchical.NodeTestTask.lambda$executeRecursively$9(NodeTestTask.java:139)
	at app//org.junit.platform.engine.support.hierarchical.ThrowableCollector.execute(ThrowableCollector.java:73)
	at app//org.junit.platform.engine.support.hierarchical.NodeTestTask.executeRecursively(NodeTestTask.java:138)
	at app//org.junit.platform.engine.support.hierarchical.NodeTestTask.execute(NodeTestTask.java:95)
	at app//org.junit.platform.engine.support.hierarchical.SameThreadHierarchicalTestExecutorService.submit(SameThreadHierarchicalTestExecutorService.java:35)
	at app//org.junit.platform.engine.support.hierarchical.NodeTestTask$DefaultDynamicTestExecutor.execute(NodeTestTask.java:226)
	at app//org.junit.platform.engine.support.hierarchical.NodeTestTask$DefaultDynamicTestExecutor.execute(NodeTestTask.java:204)
	at java.base@11.0.18/java.util.Optional.ifPresent(Optional.java:183)
	at app//org.junit.jupiter.engine.descriptor.TestFactoryTestDescriptor.lambda$invokeTestMethod$1(TestFactoryTestDescriptor.java:108)
	at app//org.junit.platform.engine.support.hierarchical.ThrowableCollector.execute(ThrowableCollector.java:73)
	at app//org.junit.jupiter.engine.descriptor.TestFactoryTestDescriptor.invokeTestMethod(TestFactoryTestDescriptor.java:95)
	at app//org.junit.jupiter.engine.descriptor.TestMethodTestDescriptor.execute(TestMethodTestDescriptor.java:138)
	at app//org.junit.jupiter.engine.descriptor.TestMethodTestDescriptor.execute(TestMethodTestDescriptor.java:68)
	at app//org.junit.platform.engine.support.hierarchical.NodeTestTask.lambda$executeRecursively$6(NodeTestTask.java:151)
	at app//org.junit.platform.engine.support.hierarchical.ThrowableCollector.execute(ThrowableCollector.java:73)
	at app//org.junit.platform.engine.support.hierarchical.NodeTestTask.lambda$executeRecursively$8(NodeTestTask.java:141)
	at app//org.junit.platform.engine.support.hierarchical.Node.around(Node.java:137)
	at app//org.junit.platform.engine.support.hierarchical.NodeTestTask.lambda$executeRecursively$9(NodeTestTask.java:139)
	at app//org.junit.platform.engine.support.hierarchical.ThrowableCollector.execute(ThrowableCollector.java:73)
	at app//org.junit.platform.engine.support.hierarchical.NodeTestTask.executeRecursively(NodeTestTask.java:138)
	at app//org.junit.platform.engine.support.hierarchical.NodeTestTask.execute(NodeTestTask.java:95)
	at java.base@11.0.18/java.util.ArrayList.forEach(ArrayList.java:1541)
	at app//org.junit.platform.engine.support.hierarchical.SameThreadHierarchicalTestExecutorService.invokeAll(SameThreadHierarchicalTestExecutorService.java:41)
	at app//org.junit.platform.engine.support.hierarchical.NodeTestTask.lambda$executeRecursively$6(NodeTestTask.java:155)
	at app//org.junit.platform.engine.support.hierarchical.ThrowableCollector.execute(ThrowableCollector.java:73)
	at app//org.junit.platform.engine.support.hierarchical.NodeTestTask.lambda$executeRecursively$8(NodeTestTask.java:141)
	at app//org.junit.platform.engine.support.hierarchical.Node.around(Node.java:137)
	at app//org.junit.platform.engine.support.hierarchical.NodeTestTask.lambda$executeRecursively$9(NodeTestTask.java:139)
	at app//org.junit.platform.engine.support.hierarchical.ThrowableCollector.execute(ThrowableCollector.java:73)
	at app//org.junit.platform.engine.support.hierarchical.NodeTestTask.executeRecursively(NodeTestTask.java:138)
	at app//org.junit.platform.engine.support.hierarchical.NodeTestTask.execute(NodeTestTask.java:95)
	at java.base@11.0.18/java.util.ArrayList.forEach(ArrayList.java:1541)
	at app//org.junit.platform.engine.support.hierarchical.SameThreadHierarchicalTestExecutorService.invokeAll(SameThreadHierarchicalTestExecutorService.java:41)
	at app//org.junit.platform.engine.support.hierarchical.NodeTestTask.lambda$executeRecursively$6(NodeTestTask.java:155)
	at app//org.junit.platform.engine.support.hierarchical.ThrowableCollector.execute(ThrowableCollector.java:73)
	at app//org.junit.platform.engine.support.hierarchical.NodeTestTask.lambda$executeRecursively$8(NodeTestTask.java:141)
	at app//org.junit.platform.engine.support.hierarchical.Node.around(Node.java:137)
	at app//org.junit.platform.engine.support.hierarchical.NodeTestTask.lambda$executeRecursively$9(NodeTestTask.java:139)
	at app//org.junit.platform.engine.support.hierarchical.ThrowableCollector.execute(ThrowableCollector.java:73)
	at app//org.junit.platform.engine.support.hierarchical.NodeTestTask.executeRecursively(NodeTestTask.java:138)
	at app//org.junit.platform.engine.support.hierarchical.NodeTestTask.execute(NodeTestTask.java:95)
	at app//org.junit.platform.engine.support.hierarchical.SameThreadHierarchicalTestExecutorService.submit(SameThreadHierarchicalTestExecutorService.java:35)
	at app//org.junit.platform.engine.support.hierarchical.HierarchicalTestExecutor.execute(HierarchicalTestExecutor.java:57)
	at app//org.junit.platform.engine.support.hierarchical.HierarchicalTestEngine.execute(HierarchicalTestEngine.java:54)
	at app//org.junit.platform.launcher.core.EngineExecutionOrchestrator.execute(EngineExecutionOrchestrator.java:107)
	at app//org.junit.platform.launcher.core.EngineExecutionOrchestrator.execute(EngineExecutionOrchestrator.java:88)
	at app//org.junit.platform.launcher.core.EngineExecutionOrchestrator.lambda$execute$0(EngineExecutionOrchestrator.java:54)
	at app//org.junit.platform.launcher.core.EngineExecutionOrchestrator.withInterceptedStreams(EngineExecutionOrchestrator.java:67)
	at app//org.junit.platform.launcher.core.EngineExecutionOrchestrator.execute(EngineExecutionOrchestrator.java:52)
	at app//org.junit.platform.launcher.core.DefaultLauncher.execute(DefaultLauncher.java:114)
	at app//org.junit.platform.launcher.core.DefaultLauncher.execute(DefaultLauncher.java:86)
	at app//org.junit.platform.launcher.core.DefaultLauncherSession$DelegatingLauncher.execute(DefaultLauncherSession.java:86)
	at org.gradle.api.internal.tasks.testing.junitplatform.JUnitPlatformTestClassProcessor$CollectAllTestClassesExecutor.processAllTestClasses(JUnitPlatformTestClassProcessor.java:110)
	at org.gradle.api.internal.tasks.testing.junitplatform.JUnitPlatformTestClassProcessor$CollectAllTestClassesExecutor.access$000(JUnitPlatformTestClassProcessor.java:90)
	at org.gradle.api.internal.tasks.testing.junitplatform.JUnitPlatformTestClassProcessor.stop(JUnitPlatformTestClassProcessor.java:85)
	at org.gradle.api.internal.tasks.testing.SuiteTestClassProcessor.stop(SuiteTestClassProcessor.java:62)
	at java.base@11.0.18/jdk.internal.reflect.NativeMethodAccessorImpl.invoke0(Native Method)
	at java.base@11.0.18/jdk.internal.reflect.NativeMethodAccessorImpl.invoke(NativeMethodAccessorImpl.java:62)
	at java.base@11.0.18/jdk.internal.reflect.DelegatingMethodAccessorImpl.invoke(DelegatingMethodAccessorImpl.java:43)
	at java.base@11.0.18/java.lang.reflect.Method.invoke(Method.java:566)
	at org.gradle.internal.dispatch.ReflectionDispatch.dispatch(ReflectionDispatch.java:36)
	at org.gradle.internal.dispatch.ReflectionDispatch.dispatch(ReflectionDispatch.java:24)
	at org.gradle.internal.dispatch.ContextClassLoaderDispatch.dispatch(ContextClassLoaderDispatch.java:33)
	at org.gradle.internal.dispatch.ProxyDispatchAdapter$DispatchingInvocationHandler.invoke(ProxyDispatchAdapter.java:94)
	at com.sun.proxy.$Proxy2.stop(Unknown Source)
	at org.gradle.api.internal.tasks.testing.worker.TestWorker$3.run(TestWorker.java:193)
	at org.gradle.api.internal.tasks.testing.worker.TestWorker.executeAndMaintainThreadName(TestWorker.java:129)
	at org.gradle.api.internal.tasks.testing.worker.TestWorker.execute(TestWorker.java:100)
	at org.gradle.api.internal.tasks.testing.worker.TestWorker.execute(TestWorker.java:60)
	at org.gradle.process.internal.worker.child.ActionExecutionWorker.execute(ActionExecutionWorker.java:56)
	at org.gradle.process.internal.worker.child.SystemApplicationClassLoaderWorker.call(SystemApplicationClassLoaderWorker.java:113)
	at org.gradle.process.internal.worker.child.SystemApplicationClassLoaderWorker.call(SystemApplicationClassLoaderWorker.java:65)
	at app//worker.org.gradle.process.internal.worker.GradleWorkerMain.run(GradleWorkerMain.java:69)
	at app//worker.org.gradle.process.internal.worker.GradleWorkerMain.main(GradleWorkerMain.java:74)
</failure>
  </testcase>
  <testcase name="VACID0" classname="de.uka.ilkd.key.proof.runallproofs.RunAllProofsFunctional" time="77.453"/>
  <testcase name="VSTTE10" classname="de.uka.ilkd.key.proof.runallproofs.RunAllProofsFunctional" time="176.392">
    <failure message="org.opentest4j.AssertionFailedError: Executed process terminated with non-zero exit value. ==&gt; expected: &lt;0&gt; but was: &lt;1&gt;" type="org.opentest4j.AssertionFailedError">org.opentest4j.AssertionFailedError: Executed process terminated with non-zero exit value. ==&gt; expected: &lt;0&gt; but was: &lt;1&gt;
	at app//org.junit.jupiter.api.AssertionFailureBuilder.build(AssertionFailureBuilder.java:151)
	at app//org.junit.jupiter.api.AssertionFailureBuilder.buildAndThrow(AssertionFailureBuilder.java:132)
	at app//org.junit.jupiter.api.AssertEquals.failNotEqual(AssertEquals.java:197)
	at app//org.junit.jupiter.api.AssertEquals.assertEquals(AssertEquals.java:150)
	at app//org.junit.jupiter.api.Assertions.assertEquals(Assertions.java:560)
	at app//de.uka.ilkd.key.proof.runallproofs.proofcollection.ForkedTestFileRunner.processTestFiles(ForkedTestFileRunner.java:130)
	at app//de.uka.ilkd.key.proof.runallproofs.RunAllProofsTestUnit.runTest(RunAllProofsTestUnit.java:89)
	at app//de.uka.ilkd.key.proof.runallproofs.RunAllProofsTest.lambda$data$0(RunAllProofsTest.java:77)
	at app//org.junit.jupiter.engine.descriptor.DynamicTestTestDescriptor.lambda$execute$0(DynamicTestTestDescriptor.java:53)
	at app//org.junit.jupiter.engine.execution.InvocationInterceptorChain$ValidatingInvocation.proceed(InvocationInterceptorChain.java:131)
	at app//org.junit.jupiter.api.extension.InvocationInterceptor.interceptDynamicTest(InvocationInterceptor.java:167)
	at app//org.junit.jupiter.api.extension.InvocationInterceptor.interceptDynamicTest(InvocationInterceptor.java:184)
	at app//org.junit.jupiter.engine.descriptor.DynamicTestTestDescriptor.lambda$execute$1(DynamicTestTestDescriptor.java:61)
	at app//org.junit.jupiter.engine.execution.InvocationInterceptorChain$InterceptorCall.lambda$ofVoid$0(InvocationInterceptorChain.java:78)
	at app//org.junit.jupiter.engine.execution.InvocationInterceptorChain$InterceptedInvocation.proceed(InvocationInterceptorChain.java:106)
	at app//org.junit.jupiter.engine.execution.InvocationInterceptorChain.proceed(InvocationInterceptorChain.java:64)
	at app//org.junit.jupiter.engine.execution.InvocationInterceptorChain.chainAndInvoke(InvocationInterceptorChain.java:45)
	at app//org.junit.jupiter.engine.execution.InvocationInterceptorChain.invoke(InvocationInterceptorChain.java:37)
	at app//org.junit.jupiter.engine.descriptor.DynamicTestTestDescriptor.execute(DynamicTestTestDescriptor.java:60)
	at app//org.junit.jupiter.engine.descriptor.DynamicTestTestDescriptor.execute(DynamicTestTestDescriptor.java:32)
	at app//org.junit.platform.engine.support.hierarchical.NodeTestTask.lambda$executeRecursively$6(NodeTestTask.java:151)
	at app//org.junit.platform.engine.support.hierarchical.ThrowableCollector.execute(ThrowableCollector.java:73)
	at app//org.junit.platform.engine.support.hierarchical.NodeTestTask.lambda$executeRecursively$8(NodeTestTask.java:141)
	at app//org.junit.platform.engine.support.hierarchical.Node.around(Node.java:137)
	at app//org.junit.platform.engine.support.hierarchical.NodeTestTask.lambda$executeRecursively$9(NodeTestTask.java:139)
	at app//org.junit.platform.engine.support.hierarchical.ThrowableCollector.execute(ThrowableCollector.java:73)
	at app//org.junit.platform.engine.support.hierarchical.NodeTestTask.executeRecursively(NodeTestTask.java:138)
	at app//org.junit.platform.engine.support.hierarchical.NodeTestTask.execute(NodeTestTask.java:95)
	at app//org.junit.platform.engine.support.hierarchical.SameThreadHierarchicalTestExecutorService.submit(SameThreadHierarchicalTestExecutorService.java:35)
	at app//org.junit.platform.engine.support.hierarchical.NodeTestTask$DefaultDynamicTestExecutor.execute(NodeTestTask.java:226)
	at app//org.junit.platform.engine.support.hierarchical.NodeTestTask$DefaultDynamicTestExecutor.execute(NodeTestTask.java:204)
	at java.base@11.0.18/java.util.Optional.ifPresent(Optional.java:183)
	at app//org.junit.jupiter.engine.descriptor.TestFactoryTestDescriptor.lambda$invokeTestMethod$1(TestFactoryTestDescriptor.java:108)
	at app//org.junit.platform.engine.support.hierarchical.ThrowableCollector.execute(ThrowableCollector.java:73)
	at app//org.junit.jupiter.engine.descriptor.TestFactoryTestDescriptor.invokeTestMethod(TestFactoryTestDescriptor.java:95)
	at app//org.junit.jupiter.engine.descriptor.TestMethodTestDescriptor.execute(TestMethodTestDescriptor.java:138)
	at app//org.junit.jupiter.engine.descriptor.TestMethodTestDescriptor.execute(TestMethodTestDescriptor.java:68)
	at app//org.junit.platform.engine.support.hierarchical.NodeTestTask.lambda$executeRecursively$6(NodeTestTask.java:151)
	at app//org.junit.platform.engine.support.hierarchical.ThrowableCollector.execute(ThrowableCollector.java:73)
	at app//org.junit.platform.engine.support.hierarchical.NodeTestTask.lambda$executeRecursively$8(NodeTestTask.java:141)
	at app//org.junit.platform.engine.support.hierarchical.Node.around(Node.java:137)
	at app//org.junit.platform.engine.support.hierarchical.NodeTestTask.lambda$executeRecursively$9(NodeTestTask.java:139)
	at app//org.junit.platform.engine.support.hierarchical.ThrowableCollector.execute(ThrowableCollector.java:73)
	at app//org.junit.platform.engine.support.hierarchical.NodeTestTask.executeRecursively(NodeTestTask.java:138)
	at app//org.junit.platform.engine.support.hierarchical.NodeTestTask.execute(NodeTestTask.java:95)
	at java.base@11.0.18/java.util.ArrayList.forEach(ArrayList.java:1541)
	at app//org.junit.platform.engine.support.hierarchical.SameThreadHierarchicalTestExecutorService.invokeAll(SameThreadHierarchicalTestExecutorService.java:41)
	at app//org.junit.platform.engine.support.hierarchical.NodeTestTask.lambda$executeRecursively$6(NodeTestTask.java:155)
	at app//org.junit.platform.engine.support.hierarchical.ThrowableCollector.execute(ThrowableCollector.java:73)
	at app//org.junit.platform.engine.support.hierarchical.NodeTestTask.lambda$executeRecursively$8(NodeTestTask.java:141)
	at app//org.junit.platform.engine.support.hierarchical.Node.around(Node.java:137)
	at app//org.junit.platform.engine.support.hierarchical.NodeTestTask.lambda$executeRecursively$9(NodeTestTask.java:139)
	at app//org.junit.platform.engine.support.hierarchical.ThrowableCollector.execute(ThrowableCollector.java:73)
	at app//org.junit.platform.engine.support.hierarchical.NodeTestTask.executeRecursively(NodeTestTask.java:138)
	at app//org.junit.platform.engine.support.hierarchical.NodeTestTask.execute(NodeTestTask.java:95)
	at java.base@11.0.18/java.util.ArrayList.forEach(ArrayList.java:1541)
	at app//org.junit.platform.engine.support.hierarchical.SameThreadHierarchicalTestExecutorService.invokeAll(SameThreadHierarchicalTestExecutorService.java:41)
	at app//org.junit.platform.engine.support.hierarchical.NodeTestTask.lambda$executeRecursively$6(NodeTestTask.java:155)
	at app//org.junit.platform.engine.support.hierarchical.ThrowableCollector.execute(ThrowableCollector.java:73)
	at app//org.junit.platform.engine.support.hierarchical.NodeTestTask.lambda$executeRecursively$8(NodeTestTask.java:141)
	at app//org.junit.platform.engine.support.hierarchical.Node.around(Node.java:137)
	at app//org.junit.platform.engine.support.hierarchical.NodeTestTask.lambda$executeRecursively$9(NodeTestTask.java:139)
	at app//org.junit.platform.engine.support.hierarchical.ThrowableCollector.execute(ThrowableCollector.java:73)
	at app//org.junit.platform.engine.support.hierarchical.NodeTestTask.executeRecursively(NodeTestTask.java:138)
	at app//org.junit.platform.engine.support.hierarchical.NodeTestTask.execute(NodeTestTask.java:95)
	at app//org.junit.platform.engine.support.hierarchical.SameThreadHierarchicalTestExecutorService.submit(SameThreadHierarchicalTestExecutorService.java:35)
	at app//org.junit.platform.engine.support.hierarchical.HierarchicalTestExecutor.execute(HierarchicalTestExecutor.java:57)
	at app//org.junit.platform.engine.support.hierarchical.HierarchicalTestEngine.execute(HierarchicalTestEngine.java:54)
	at app//org.junit.platform.launcher.core.EngineExecutionOrchestrator.execute(EngineExecutionOrchestrator.java:107)
	at app//org.junit.platform.launcher.core.EngineExecutionOrchestrator.execute(EngineExecutionOrchestrator.java:88)
	at app//org.junit.platform.launcher.core.EngineExecutionOrchestrator.lambda$execute$0(EngineExecutionOrchestrator.java:54)
	at app//org.junit.platform.launcher.core.EngineExecutionOrchestrator.withInterceptedStreams(EngineExecutionOrchestrator.java:67)
	at app//org.junit.platform.launcher.core.EngineExecutionOrchestrator.execute(EngineExecutionOrchestrator.java:52)
	at app//org.junit.platform.launcher.core.DefaultLauncher.execute(DefaultLauncher.java:114)
	at app//org.junit.platform.launcher.core.DefaultLauncher.execute(DefaultLauncher.java:86)
	at app//org.junit.platform.launcher.core.DefaultLauncherSession$DelegatingLauncher.execute(DefaultLauncherSession.java:86)
	at org.gradle.api.internal.tasks.testing.junitplatform.JUnitPlatformTestClassProcessor$CollectAllTestClassesExecutor.processAllTestClasses(JUnitPlatformTestClassProcessor.java:110)
	at org.gradle.api.internal.tasks.testing.junitplatform.JUnitPlatformTestClassProcessor$CollectAllTestClassesExecutor.access$000(JUnitPlatformTestClassProcessor.java:90)
	at org.gradle.api.internal.tasks.testing.junitplatform.JUnitPlatformTestClassProcessor.stop(JUnitPlatformTestClassProcessor.java:85)
	at org.gradle.api.internal.tasks.testing.SuiteTestClassProcessor.stop(SuiteTestClassProcessor.java:62)
	at java.base@11.0.18/jdk.internal.reflect.NativeMethodAccessorImpl.invoke0(Native Method)
	at java.base@11.0.18/jdk.internal.reflect.NativeMethodAccessorImpl.invoke(NativeMethodAccessorImpl.java:62)
	at java.base@11.0.18/jdk.internal.reflect.DelegatingMethodAccessorImpl.invoke(DelegatingMethodAccessorImpl.java:43)
	at java.base@11.0.18/java.lang.reflect.Method.invoke(Method.java:566)
	at org.gradle.internal.dispatch.ReflectionDispatch.dispatch(ReflectionDispatch.java:36)
	at org.gradle.internal.dispatch.ReflectionDispatch.dispatch(ReflectionDispatch.java:24)
	at org.gradle.internal.dispatch.ContextClassLoaderDispatch.dispatch(ContextClassLoaderDispatch.java:33)
	at org.gradle.internal.dispatch.ProxyDispatchAdapter$DispatchingInvocationHandler.invoke(ProxyDispatchAdapter.java:94)
	at com.sun.proxy.$Proxy2.stop(Unknown Source)
	at org.gradle.api.internal.tasks.testing.worker.TestWorker$3.run(TestWorker.java:193)
	at org.gradle.api.internal.tasks.testing.worker.TestWorker.executeAndMaintainThreadName(TestWorker.java:129)
	at org.gradle.api.internal.tasks.testing.worker.TestWorker.execute(TestWorker.java:100)
	at org.gradle.api.internal.tasks.testing.worker.TestWorker.execute(TestWorker.java:60)
	at org.gradle.process.internal.worker.child.ActionExecutionWorker.execute(ActionExecutionWorker.java:56)
	at org.gradle.process.internal.worker.child.SystemApplicationClassLoaderWorker.call(SystemApplicationClassLoaderWorker.java:113)
	at org.gradle.process.internal.worker.child.SystemApplicationClassLoaderWorker.call(SystemApplicationClassLoaderWorker.java:65)
	at app//worker.org.gradle.process.internal.worker.GradleWorkerMain.run(GradleWorkerMain.java:69)
	at app//worker.org.gradle.process.internal.worker.GradleWorkerMain.main(GradleWorkerMain.java:74)
</failure>
  </testcase>
  <testcase name="WeideEtAl" classname="de.uka.ilkd.key.proof.runallproofs.RunAllProofsFunctional" time="27.84"/>
  <testcase name="arithmetic" classname="de.uka.ilkd.key.proof.runallproofs.RunAllProofsFunctional" time="478.608">
    <failure message="org.opentest4j.AssertionFailedError: Executed process terminated with non-zero exit value. ==&gt; expected: &lt;0&gt; but was: &lt;1&gt;" type="org.opentest4j.AssertionFailedError">org.opentest4j.AssertionFailedError: Executed process terminated with non-zero exit value. ==&gt; expected: &lt;0&gt; but was: &lt;1&gt;
	at app//org.junit.jupiter.api.AssertionFailureBuilder.build(AssertionFailureBuilder.java:151)
	at app//org.junit.jupiter.api.AssertionFailureBuilder.buildAndThrow(AssertionFailureBuilder.java:132)
	at app//org.junit.jupiter.api.AssertEquals.failNotEqual(AssertEquals.java:197)
	at app//org.junit.jupiter.api.AssertEquals.assertEquals(AssertEquals.java:150)
	at app//org.junit.jupiter.api.Assertions.assertEquals(Assertions.java:560)
	at app//de.uka.ilkd.key.proof.runallproofs.proofcollection.ForkedTestFileRunner.processTestFiles(ForkedTestFileRunner.java:130)
	at app//de.uka.ilkd.key.proof.runallproofs.RunAllProofsTestUnit.runTest(RunAllProofsTestUnit.java:89)
	at app//de.uka.ilkd.key.proof.runallproofs.RunAllProofsTest.lambda$data$0(RunAllProofsTest.java:77)
	at app//org.junit.jupiter.engine.descriptor.DynamicTestTestDescriptor.lambda$execute$0(DynamicTestTestDescriptor.java:53)
	at app//org.junit.jupiter.engine.execution.InvocationInterceptorChain$ValidatingInvocation.proceed(InvocationInterceptorChain.java:131)
	at app//org.junit.jupiter.api.extension.InvocationInterceptor.interceptDynamicTest(InvocationInterceptor.java:167)
	at app//org.junit.jupiter.api.extension.InvocationInterceptor.interceptDynamicTest(InvocationInterceptor.java:184)
	at app//org.junit.jupiter.engine.descriptor.DynamicTestTestDescriptor.lambda$execute$1(DynamicTestTestDescriptor.java:61)
	at app//org.junit.jupiter.engine.execution.InvocationInterceptorChain$InterceptorCall.lambda$ofVoid$0(InvocationInterceptorChain.java:78)
	at app//org.junit.jupiter.engine.execution.InvocationInterceptorChain$InterceptedInvocation.proceed(InvocationInterceptorChain.java:106)
	at app//org.junit.jupiter.engine.execution.InvocationInterceptorChain.proceed(InvocationInterceptorChain.java:64)
	at app//org.junit.jupiter.engine.execution.InvocationInterceptorChain.chainAndInvoke(InvocationInterceptorChain.java:45)
	at app//org.junit.jupiter.engine.execution.InvocationInterceptorChain.invoke(InvocationInterceptorChain.java:37)
	at app//org.junit.jupiter.engine.descriptor.DynamicTestTestDescriptor.execute(DynamicTestTestDescriptor.java:60)
	at app//org.junit.jupiter.engine.descriptor.DynamicTestTestDescriptor.execute(DynamicTestTestDescriptor.java:32)
	at app//org.junit.platform.engine.support.hierarchical.NodeTestTask.lambda$executeRecursively$6(NodeTestTask.java:151)
	at app//org.junit.platform.engine.support.hierarchical.ThrowableCollector.execute(ThrowableCollector.java:73)
	at app//org.junit.platform.engine.support.hierarchical.NodeTestTask.lambda$executeRecursively$8(NodeTestTask.java:141)
	at app//org.junit.platform.engine.support.hierarchical.Node.around(Node.java:137)
	at app//org.junit.platform.engine.support.hierarchical.NodeTestTask.lambda$executeRecursively$9(NodeTestTask.java:139)
	at app//org.junit.platform.engine.support.hierarchical.ThrowableCollector.execute(ThrowableCollector.java:73)
	at app//org.junit.platform.engine.support.hierarchical.NodeTestTask.executeRecursively(NodeTestTask.java:138)
	at app//org.junit.platform.engine.support.hierarchical.NodeTestTask.execute(NodeTestTask.java:95)
	at app//org.junit.platform.engine.support.hierarchical.SameThreadHierarchicalTestExecutorService.submit(SameThreadHierarchicalTestExecutorService.java:35)
	at app//org.junit.platform.engine.support.hierarchical.NodeTestTask$DefaultDynamicTestExecutor.execute(NodeTestTask.java:226)
	at app//org.junit.platform.engine.support.hierarchical.NodeTestTask$DefaultDynamicTestExecutor.execute(NodeTestTask.java:204)
	at java.base@11.0.18/java.util.Optional.ifPresent(Optional.java:183)
	at app//org.junit.jupiter.engine.descriptor.TestFactoryTestDescriptor.lambda$invokeTestMethod$1(TestFactoryTestDescriptor.java:108)
	at app//org.junit.platform.engine.support.hierarchical.ThrowableCollector.execute(ThrowableCollector.java:73)
	at app//org.junit.jupiter.engine.descriptor.TestFactoryTestDescriptor.invokeTestMethod(TestFactoryTestDescriptor.java:95)
	at app//org.junit.jupiter.engine.descriptor.TestMethodTestDescriptor.execute(TestMethodTestDescriptor.java:138)
	at app//org.junit.jupiter.engine.descriptor.TestMethodTestDescriptor.execute(TestMethodTestDescriptor.java:68)
	at app//org.junit.platform.engine.support.hierarchical.NodeTestTask.lambda$executeRecursively$6(NodeTestTask.java:151)
	at app//org.junit.platform.engine.support.hierarchical.ThrowableCollector.execute(ThrowableCollector.java:73)
	at app//org.junit.platform.engine.support.hierarchical.NodeTestTask.lambda$executeRecursively$8(NodeTestTask.java:141)
	at app//org.junit.platform.engine.support.hierarchical.Node.around(Node.java:137)
	at app//org.junit.platform.engine.support.hierarchical.NodeTestTask.lambda$executeRecursively$9(NodeTestTask.java:139)
	at app//org.junit.platform.engine.support.hierarchical.ThrowableCollector.execute(ThrowableCollector.java:73)
	at app//org.junit.platform.engine.support.hierarchical.NodeTestTask.executeRecursively(NodeTestTask.java:138)
	at app//org.junit.platform.engine.support.hierarchical.NodeTestTask.execute(NodeTestTask.java:95)
	at java.base@11.0.18/java.util.ArrayList.forEach(ArrayList.java:1541)
	at app//org.junit.platform.engine.support.hierarchical.SameThreadHierarchicalTestExecutorService.invokeAll(SameThreadHierarchicalTestExecutorService.java:41)
	at app//org.junit.platform.engine.support.hierarchical.NodeTestTask.lambda$executeRecursively$6(NodeTestTask.java:155)
	at app//org.junit.platform.engine.support.hierarchical.ThrowableCollector.execute(ThrowableCollector.java:73)
	at app//org.junit.platform.engine.support.hierarchical.NodeTestTask.lambda$executeRecursively$8(NodeTestTask.java:141)
	at app//org.junit.platform.engine.support.hierarchical.Node.around(Node.java:137)
	at app//org.junit.platform.engine.support.hierarchical.NodeTestTask.lambda$executeRecursively$9(NodeTestTask.java:139)
	at app//org.junit.platform.engine.support.hierarchical.ThrowableCollector.execute(ThrowableCollector.java:73)
	at app//org.junit.platform.engine.support.hierarchical.NodeTestTask.executeRecursively(NodeTestTask.java:138)
	at app//org.junit.platform.engine.support.hierarchical.NodeTestTask.execute(NodeTestTask.java:95)
	at java.base@11.0.18/java.util.ArrayList.forEach(ArrayList.java:1541)
	at app//org.junit.platform.engine.support.hierarchical.SameThreadHierarchicalTestExecutorService.invokeAll(SameThreadHierarchicalTestExecutorService.java:41)
	at app//org.junit.platform.engine.support.hierarchical.NodeTestTask.lambda$executeRecursively$6(NodeTestTask.java:155)
	at app//org.junit.platform.engine.support.hierarchical.ThrowableCollector.execute(ThrowableCollector.java:73)
	at app//org.junit.platform.engine.support.hierarchical.NodeTestTask.lambda$executeRecursively$8(NodeTestTask.java:141)
	at app//org.junit.platform.engine.support.hierarchical.Node.around(Node.java:137)
	at app//org.junit.platform.engine.support.hierarchical.NodeTestTask.lambda$executeRecursively$9(NodeTestTask.java:139)
	at app//org.junit.platform.engine.support.hierarchical.ThrowableCollector.execute(ThrowableCollector.java:73)
	at app//org.junit.platform.engine.support.hierarchical.NodeTestTask.executeRecursively(NodeTestTask.java:138)
	at app//org.junit.platform.engine.support.hierarchical.NodeTestTask.execute(NodeTestTask.java:95)
	at app//org.junit.platform.engine.support.hierarchical.SameThreadHierarchicalTestExecutorService.submit(SameThreadHierarchicalTestExecutorService.java:35)
	at app//org.junit.platform.engine.support.hierarchical.HierarchicalTestExecutor.execute(HierarchicalTestExecutor.java:57)
	at app//org.junit.platform.engine.support.hierarchical.HierarchicalTestEngine.execute(HierarchicalTestEngine.java:54)
	at app//org.junit.platform.launcher.core.EngineExecutionOrchestrator.execute(EngineExecutionOrchestrator.java:107)
	at app//org.junit.platform.launcher.core.EngineExecutionOrchestrator.execute(EngineExecutionOrchestrator.java:88)
	at app//org.junit.platform.launcher.core.EngineExecutionOrchestrator.lambda$execute$0(EngineExecutionOrchestrator.java:54)
	at app//org.junit.platform.launcher.core.EngineExecutionOrchestrator.withInterceptedStreams(EngineExecutionOrchestrator.java:67)
	at app//org.junit.platform.launcher.core.EngineExecutionOrchestrator.execute(EngineExecutionOrchestrator.java:52)
	at app//org.junit.platform.launcher.core.DefaultLauncher.execute(DefaultLauncher.java:114)
	at app//org.junit.platform.launcher.core.DefaultLauncher.execute(DefaultLauncher.java:86)
	at app//org.junit.platform.launcher.core.DefaultLauncherSession$DelegatingLauncher.execute(DefaultLauncherSession.java:86)
	at org.gradle.api.internal.tasks.testing.junitplatform.JUnitPlatformTestClassProcessor$CollectAllTestClassesExecutor.processAllTestClasses(JUnitPlatformTestClassProcessor.java:110)
	at org.gradle.api.internal.tasks.testing.junitplatform.JUnitPlatformTestClassProcessor$CollectAllTestClassesExecutor.access$000(JUnitPlatformTestClassProcessor.java:90)
	at org.gradle.api.internal.tasks.testing.junitplatform.JUnitPlatformTestClassProcessor.stop(JUnitPlatformTestClassProcessor.java:85)
	at org.gradle.api.internal.tasks.testing.SuiteTestClassProcessor.stop(SuiteTestClassProcessor.java:62)
	at java.base@11.0.18/jdk.internal.reflect.NativeMethodAccessorImpl.invoke0(Native Method)
	at java.base@11.0.18/jdk.internal.reflect.NativeMethodAccessorImpl.invoke(NativeMethodAccessorImpl.java:62)
	at java.base@11.0.18/jdk.internal.reflect.DelegatingMethodAccessorImpl.invoke(DelegatingMethodAccessorImpl.java:43)
	at java.base@11.0.18/java.lang.reflect.Method.invoke(Method.java:566)
	at org.gradle.internal.dispatch.ReflectionDispatch.dispatch(ReflectionDispatch.java:36)
	at org.gradle.internal.dispatch.ReflectionDispatch.dispatch(ReflectionDispatch.java:24)
	at org.gradle.internal.dispatch.ContextClassLoaderDispatch.dispatch(ContextClassLoaderDispatch.java:33)
	at org.gradle.internal.dispatch.ProxyDispatchAdapter$DispatchingInvocationHandler.invoke(ProxyDispatchAdapter.java:94)
	at com.sun.proxy.$Proxy2.stop(Unknown Source)
	at org.gradle.api.internal.tasks.testing.worker.TestWorker$3.run(TestWorker.java:193)
	at org.gradle.api.internal.tasks.testing.worker.TestWorker.executeAndMaintainThreadName(TestWorker.java:129)
	at org.gradle.api.internal.tasks.testing.worker.TestWorker.execute(TestWorker.java:100)
	at org.gradle.api.internal.tasks.testing.worker.TestWorker.execute(TestWorker.java:60)
	at org.gradle.process.internal.worker.child.ActionExecutionWorker.execute(ActionExecutionWorker.java:56)
	at org.gradle.process.internal.worker.child.SystemApplicationClassLoaderWorker.call(SystemApplicationClassLoaderWorker.java:113)
	at org.gradle.process.internal.worker.child.SystemApplicationClassLoaderWorker.call(SystemApplicationClassLoaderWorker.java:65)
	at app//worker.org.gradle.process.internal.worker.GradleWorkerMain.run(GradleWorkerMain.java:69)
	at app//worker.org.gradle.process.internal.worker.GradleWorkerMain.main(GradleWorkerMain.java:74)
</failure>
  </testcase>
  <testcase name="arrays" classname="de.uka.ilkd.key.proof.runallproofs.RunAllProofsFunctional" time="55.274"/>
  <testcase name="javadl" classname="de.uka.ilkd.key.proof.runallproofs.RunAllProofsFunctional" time="627.61">
    <failure message="org.opentest4j.AssertionFailedError: Executed process terminated with non-zero exit value. ==&gt; expected: &lt;0&gt; but was: &lt;1&gt;" type="org.opentest4j.AssertionFailedError">org.opentest4j.AssertionFailedError: Executed process terminated with non-zero exit value. ==&gt; expected: &lt;0&gt; but was: &lt;1&gt;
	at app//org.junit.jupiter.api.AssertionFailureBuilder.build(AssertionFailureBuilder.java:151)
	at app//org.junit.jupiter.api.AssertionFailureBuilder.buildAndThrow(AssertionFailureBuilder.java:132)
	at app//org.junit.jupiter.api.AssertEquals.failNotEqual(AssertEquals.java:197)
	at app//org.junit.jupiter.api.AssertEquals.assertEquals(AssertEquals.java:150)
	at app//org.junit.jupiter.api.Assertions.assertEquals(Assertions.java:560)
	at app//de.uka.ilkd.key.proof.runallproofs.proofcollection.ForkedTestFileRunner.processTestFiles(ForkedTestFileRunner.java:130)
	at app//de.uka.ilkd.key.proof.runallproofs.RunAllProofsTestUnit.runTest(RunAllProofsTestUnit.java:89)
	at app//de.uka.ilkd.key.proof.runallproofs.RunAllProofsTest.lambda$data$0(RunAllProofsTest.java:77)
	at app//org.junit.jupiter.engine.descriptor.DynamicTestTestDescriptor.lambda$execute$0(DynamicTestTestDescriptor.java:53)
	at app//org.junit.jupiter.engine.execution.InvocationInterceptorChain$ValidatingInvocation.proceed(InvocationInterceptorChain.java:131)
	at app//org.junit.jupiter.api.extension.InvocationInterceptor.interceptDynamicTest(InvocationInterceptor.java:167)
	at app//org.junit.jupiter.api.extension.InvocationInterceptor.interceptDynamicTest(InvocationInterceptor.java:184)
	at app//org.junit.jupiter.engine.descriptor.DynamicTestTestDescriptor.lambda$execute$1(DynamicTestTestDescriptor.java:61)
	at app//org.junit.jupiter.engine.execution.InvocationInterceptorChain$InterceptorCall.lambda$ofVoid$0(InvocationInterceptorChain.java:78)
	at app//org.junit.jupiter.engine.execution.InvocationInterceptorChain$InterceptedInvocation.proceed(InvocationInterceptorChain.java:106)
	at app//org.junit.jupiter.engine.execution.InvocationInterceptorChain.proceed(InvocationInterceptorChain.java:64)
	at app//org.junit.jupiter.engine.execution.InvocationInterceptorChain.chainAndInvoke(InvocationInterceptorChain.java:45)
	at app//org.junit.jupiter.engine.execution.InvocationInterceptorChain.invoke(InvocationInterceptorChain.java:37)
	at app//org.junit.jupiter.engine.descriptor.DynamicTestTestDescriptor.execute(DynamicTestTestDescriptor.java:60)
	at app//org.junit.jupiter.engine.descriptor.DynamicTestTestDescriptor.execute(DynamicTestTestDescriptor.java:32)
	at app//org.junit.platform.engine.support.hierarchical.NodeTestTask.lambda$executeRecursively$6(NodeTestTask.java:151)
	at app//org.junit.platform.engine.support.hierarchical.ThrowableCollector.execute(ThrowableCollector.java:73)
	at app//org.junit.platform.engine.support.hierarchical.NodeTestTask.lambda$executeRecursively$8(NodeTestTask.java:141)
	at app//org.junit.platform.engine.support.hierarchical.Node.around(Node.java:137)
	at app//org.junit.platform.engine.support.hierarchical.NodeTestTask.lambda$executeRecursively$9(NodeTestTask.java:139)
	at app//org.junit.platform.engine.support.hierarchical.ThrowableCollector.execute(ThrowableCollector.java:73)
	at app//org.junit.platform.engine.support.hierarchical.NodeTestTask.executeRecursively(NodeTestTask.java:138)
	at app//org.junit.platform.engine.support.hierarchical.NodeTestTask.execute(NodeTestTask.java:95)
	at app//org.junit.platform.engine.support.hierarchical.SameThreadHierarchicalTestExecutorService.submit(SameThreadHierarchicalTestExecutorService.java:35)
	at app//org.junit.platform.engine.support.hierarchical.NodeTestTask$DefaultDynamicTestExecutor.execute(NodeTestTask.java:226)
	at app//org.junit.platform.engine.support.hierarchical.NodeTestTask$DefaultDynamicTestExecutor.execute(NodeTestTask.java:204)
	at java.base@11.0.18/java.util.Optional.ifPresent(Optional.java:183)
	at app//org.junit.jupiter.engine.descriptor.TestFactoryTestDescriptor.lambda$invokeTestMethod$1(TestFactoryTestDescriptor.java:108)
	at app//org.junit.platform.engine.support.hierarchical.ThrowableCollector.execute(ThrowableCollector.java:73)
	at app//org.junit.jupiter.engine.descriptor.TestFactoryTestDescriptor.invokeTestMethod(TestFactoryTestDescriptor.java:95)
	at app//org.junit.jupiter.engine.descriptor.TestMethodTestDescriptor.execute(TestMethodTestDescriptor.java:138)
	at app//org.junit.jupiter.engine.descriptor.TestMethodTestDescriptor.execute(TestMethodTestDescriptor.java:68)
	at app//org.junit.platform.engine.support.hierarchical.NodeTestTask.lambda$executeRecursively$6(NodeTestTask.java:151)
	at app//org.junit.platform.engine.support.hierarchical.ThrowableCollector.execute(ThrowableCollector.java:73)
	at app//org.junit.platform.engine.support.hierarchical.NodeTestTask.lambda$executeRecursively$8(NodeTestTask.java:141)
	at app//org.junit.platform.engine.support.hierarchical.Node.around(Node.java:137)
	at app//org.junit.platform.engine.support.hierarchical.NodeTestTask.lambda$executeRecursively$9(NodeTestTask.java:139)
	at app//org.junit.platform.engine.support.hierarchical.ThrowableCollector.execute(ThrowableCollector.java:73)
	at app//org.junit.platform.engine.support.hierarchical.NodeTestTask.executeRecursively(NodeTestTask.java:138)
	at app//org.junit.platform.engine.support.hierarchical.NodeTestTask.execute(NodeTestTask.java:95)
	at java.base@11.0.18/java.util.ArrayList.forEach(ArrayList.java:1541)
	at app//org.junit.platform.engine.support.hierarchical.SameThreadHierarchicalTestExecutorService.invokeAll(SameThreadHierarchicalTestExecutorService.java:41)
	at app//org.junit.platform.engine.support.hierarchical.NodeTestTask.lambda$executeRecursively$6(NodeTestTask.java:155)
	at app//org.junit.platform.engine.support.hierarchical.ThrowableCollector.execute(ThrowableCollector.java:73)
	at app//org.junit.platform.engine.support.hierarchical.NodeTestTask.lambda$executeRecursively$8(NodeTestTask.java:141)
	at app//org.junit.platform.engine.support.hierarchical.Node.around(Node.java:137)
	at app//org.junit.platform.engine.support.hierarchical.NodeTestTask.lambda$executeRecursively$9(NodeTestTask.java:139)
	at app//org.junit.platform.engine.support.hierarchical.ThrowableCollector.execute(ThrowableCollector.java:73)
	at app//org.junit.platform.engine.support.hierarchical.NodeTestTask.executeRecursively(NodeTestTask.java:138)
	at app//org.junit.platform.engine.support.hierarchical.NodeTestTask.execute(NodeTestTask.java:95)
	at java.base@11.0.18/java.util.ArrayList.forEach(ArrayList.java:1541)
	at app//org.junit.platform.engine.support.hierarchical.SameThreadHierarchicalTestExecutorService.invokeAll(SameThreadHierarchicalTestExecutorService.java:41)
	at app//org.junit.platform.engine.support.hierarchical.NodeTestTask.lambda$executeRecursively$6(NodeTestTask.java:155)
	at app//org.junit.platform.engine.support.hierarchical.ThrowableCollector.execute(ThrowableCollector.java:73)
	at app//org.junit.platform.engine.support.hierarchical.NodeTestTask.lambda$executeRecursively$8(NodeTestTask.java:141)
	at app//org.junit.platform.engine.support.hierarchical.Node.around(Node.java:137)
	at app//org.junit.platform.engine.support.hierarchical.NodeTestTask.lambda$executeRecursively$9(NodeTestTask.java:139)
	at app//org.junit.platform.engine.support.hierarchical.ThrowableCollector.execute(ThrowableCollector.java:73)
	at app//org.junit.platform.engine.support.hierarchical.NodeTestTask.executeRecursively(NodeTestTask.java:138)
	at app//org.junit.platform.engine.support.hierarchical.NodeTestTask.execute(NodeTestTask.java:95)
	at app//org.junit.platform.engine.support.hierarchical.SameThreadHierarchicalTestExecutorService.submit(SameThreadHierarchicalTestExecutorService.java:35)
	at app//org.junit.platform.engine.support.hierarchical.HierarchicalTestExecutor.execute(HierarchicalTestExecutor.java:57)
	at app//org.junit.platform.engine.support.hierarchical.HierarchicalTestEngine.execute(HierarchicalTestEngine.java:54)
	at app//org.junit.platform.launcher.core.EngineExecutionOrchestrator.execute(EngineExecutionOrchestrator.java:107)
	at app//org.junit.platform.launcher.core.EngineExecutionOrchestrator.execute(EngineExecutionOrchestrator.java:88)
	at app//org.junit.platform.launcher.core.EngineExecutionOrchestrator.lambda$execute$0(EngineExecutionOrchestrator.java:54)
	at app//org.junit.platform.launcher.core.EngineExecutionOrchestrator.withInterceptedStreams(EngineExecutionOrchestrator.java:67)
	at app//org.junit.platform.launcher.core.EngineExecutionOrchestrator.execute(EngineExecutionOrchestrator.java:52)
	at app//org.junit.platform.launcher.core.DefaultLauncher.execute(DefaultLauncher.java:114)
	at app//org.junit.platform.launcher.core.DefaultLauncher.execute(DefaultLauncher.java:86)
	at app//org.junit.platform.launcher.core.DefaultLauncherSession$DelegatingLauncher.execute(DefaultLauncherSession.java:86)
	at org.gradle.api.internal.tasks.testing.junitplatform.JUnitPlatformTestClassProcessor$CollectAllTestClassesExecutor.processAllTestClasses(JUnitPlatformTestClassProcessor.java:110)
	at org.gradle.api.internal.tasks.testing.junitplatform.JUnitPlatformTestClassProcessor$CollectAllTestClassesExecutor.access$000(JUnitPlatformTestClassProcessor.java:90)
	at org.gradle.api.internal.tasks.testing.junitplatform.JUnitPlatformTestClassProcessor.stop(JUnitPlatformTestClassProcessor.java:85)
	at org.gradle.api.internal.tasks.testing.SuiteTestClassProcessor.stop(SuiteTestClassProcessor.java:62)
	at java.base@11.0.18/jdk.internal.reflect.NativeMethodAccessorImpl.invoke0(Native Method)
	at java.base@11.0.18/jdk.internal.reflect.NativeMethodAccessorImpl.invoke(NativeMethodAccessorImpl.java:62)
	at java.base@11.0.18/jdk.internal.reflect.DelegatingMethodAccessorImpl.invoke(DelegatingMethodAccessorImpl.java:43)
	at java.base@11.0.18/java.lang.reflect.Method.invoke(Method.java:566)
	at org.gradle.internal.dispatch.ReflectionDispatch.dispatch(ReflectionDispatch.java:36)
	at org.gradle.internal.dispatch.ReflectionDispatch.dispatch(ReflectionDispatch.java:24)
	at org.gradle.internal.dispatch.ContextClassLoaderDispatch.dispatch(ContextClassLoaderDispatch.java:33)
	at org.gradle.internal.dispatch.ProxyDispatchAdapter$DispatchingInvocationHandler.invoke(ProxyDispatchAdapter.java:94)
	at com.sun.proxy.$Proxy2.stop(Unknown Source)
	at org.gradle.api.internal.tasks.testing.worker.TestWorker$3.run(TestWorker.java:193)
	at org.gradle.api.internal.tasks.testing.worker.TestWorker.executeAndMaintainThreadName(TestWorker.java:129)
	at org.gradle.api.internal.tasks.testing.worker.TestWorker.execute(TestWorker.java:100)
	at org.gradle.api.internal.tasks.testing.worker.TestWorker.execute(TestWorker.java:60)
	at org.gradle.process.internal.worker.child.ActionExecutionWorker.execute(ActionExecutionWorker.java:56)
	at org.gradle.process.internal.worker.child.SystemApplicationClassLoaderWorker.call(SystemApplicationClassLoaderWorker.java:113)
	at org.gradle.process.internal.worker.child.SystemApplicationClassLoaderWorker.call(SystemApplicationClassLoaderWorker.java:65)
	at app//worker.org.gradle.process.internal.worker.GradleWorkerMain.run(GradleWorkerMain.java:69)
	at app//worker.org.gradle.process.internal.worker.GradleWorkerMain.main(GradleWorkerMain.java:74)
</failure>
  </testcase>
  <testcase name="FOL" classname="de.uka.ilkd.key.proof.runallproofs.RunAllProofsFunctional" time="286.192"/>
  <testcase name="strings" classname="de.uka.ilkd.key.proof.runallproofs.RunAllProofsFunctional" time="151.05"/>
  <testcase name="simple_info_flow" classname="de.uka.ilkd.key.proof.runallproofs.RunAllProofsFunctional" time="13.123"/>
  <testcase name="modelMethods" classname="de.uka.ilkd.key.proof.runallproofs.RunAllProofsFunctional" time="184.809">
    <failure message="org.opentest4j.AssertionFailedError: Executed process terminated with non-zero exit value. ==&gt; expected: &lt;0&gt; but was: &lt;1&gt;" type="org.opentest4j.AssertionFailedError">org.opentest4j.AssertionFailedError: Executed process terminated with non-zero exit value. ==&gt; expected: &lt;0&gt; but was: &lt;1&gt;
	at app//org.junit.jupiter.api.AssertionFailureBuilder.build(AssertionFailureBuilder.java:151)
	at app//org.junit.jupiter.api.AssertionFailureBuilder.buildAndThrow(AssertionFailureBuilder.java:132)
	at app//org.junit.jupiter.api.AssertEquals.failNotEqual(AssertEquals.java:197)
	at app//org.junit.jupiter.api.AssertEquals.assertEquals(AssertEquals.java:150)
	at app//org.junit.jupiter.api.Assertions.assertEquals(Assertions.java:560)
	at app//de.uka.ilkd.key.proof.runallproofs.proofcollection.ForkedTestFileRunner.processTestFiles(ForkedTestFileRunner.java:130)
	at app//de.uka.ilkd.key.proof.runallproofs.RunAllProofsTestUnit.runTest(RunAllProofsTestUnit.java:89)
	at app//de.uka.ilkd.key.proof.runallproofs.RunAllProofsTest.lambda$data$0(RunAllProofsTest.java:77)
	at app//org.junit.jupiter.engine.descriptor.DynamicTestTestDescriptor.lambda$execute$0(DynamicTestTestDescriptor.java:53)
	at app//org.junit.jupiter.engine.execution.InvocationInterceptorChain$ValidatingInvocation.proceed(InvocationInterceptorChain.java:131)
	at app//org.junit.jupiter.api.extension.InvocationInterceptor.interceptDynamicTest(InvocationInterceptor.java:167)
	at app//org.junit.jupiter.api.extension.InvocationInterceptor.interceptDynamicTest(InvocationInterceptor.java:184)
	at app//org.junit.jupiter.engine.descriptor.DynamicTestTestDescriptor.lambda$execute$1(DynamicTestTestDescriptor.java:61)
	at app//org.junit.jupiter.engine.execution.InvocationInterceptorChain$InterceptorCall.lambda$ofVoid$0(InvocationInterceptorChain.java:78)
	at app//org.junit.jupiter.engine.execution.InvocationInterceptorChain$InterceptedInvocation.proceed(InvocationInterceptorChain.java:106)
	at app//org.junit.jupiter.engine.execution.InvocationInterceptorChain.proceed(InvocationInterceptorChain.java:64)
	at app//org.junit.jupiter.engine.execution.InvocationInterceptorChain.chainAndInvoke(InvocationInterceptorChain.java:45)
	at app//org.junit.jupiter.engine.execution.InvocationInterceptorChain.invoke(InvocationInterceptorChain.java:37)
	at app//org.junit.jupiter.engine.descriptor.DynamicTestTestDescriptor.execute(DynamicTestTestDescriptor.java:60)
	at app//org.junit.jupiter.engine.descriptor.DynamicTestTestDescriptor.execute(DynamicTestTestDescriptor.java:32)
	at app//org.junit.platform.engine.support.hierarchical.NodeTestTask.lambda$executeRecursively$6(NodeTestTask.java:151)
	at app//org.junit.platform.engine.support.hierarchical.ThrowableCollector.execute(ThrowableCollector.java:73)
	at app//org.junit.platform.engine.support.hierarchical.NodeTestTask.lambda$executeRecursively$8(NodeTestTask.java:141)
	at app//org.junit.platform.engine.support.hierarchical.Node.around(Node.java:137)
	at app//org.junit.platform.engine.support.hierarchical.NodeTestTask.lambda$executeRecursively$9(NodeTestTask.java:139)
	at app//org.junit.platform.engine.support.hierarchical.ThrowableCollector.execute(ThrowableCollector.java:73)
	at app//org.junit.platform.engine.support.hierarchical.NodeTestTask.executeRecursively(NodeTestTask.java:138)
	at app//org.junit.platform.engine.support.hierarchical.NodeTestTask.execute(NodeTestTask.java:95)
	at app//org.junit.platform.engine.support.hierarchical.SameThreadHierarchicalTestExecutorService.submit(SameThreadHierarchicalTestExecutorService.java:35)
	at app//org.junit.platform.engine.support.hierarchical.NodeTestTask$DefaultDynamicTestExecutor.execute(NodeTestTask.java:226)
	at app//org.junit.platform.engine.support.hierarchical.NodeTestTask$DefaultDynamicTestExecutor.execute(NodeTestTask.java:204)
	at java.base@11.0.18/java.util.Optional.ifPresent(Optional.java:183)
	at app//org.junit.jupiter.engine.descriptor.TestFactoryTestDescriptor.lambda$invokeTestMethod$1(TestFactoryTestDescriptor.java:108)
	at app//org.junit.platform.engine.support.hierarchical.ThrowableCollector.execute(ThrowableCollector.java:73)
	at app//org.junit.jupiter.engine.descriptor.TestFactoryTestDescriptor.invokeTestMethod(TestFactoryTestDescriptor.java:95)
	at app//org.junit.jupiter.engine.descriptor.TestMethodTestDescriptor.execute(TestMethodTestDescriptor.java:138)
	at app//org.junit.jupiter.engine.descriptor.TestMethodTestDescriptor.execute(TestMethodTestDescriptor.java:68)
	at app//org.junit.platform.engine.support.hierarchical.NodeTestTask.lambda$executeRecursively$6(NodeTestTask.java:151)
	at app//org.junit.platform.engine.support.hierarchical.ThrowableCollector.execute(ThrowableCollector.java:73)
	at app//org.junit.platform.engine.support.hierarchical.NodeTestTask.lambda$executeRecursively$8(NodeTestTask.java:141)
	at app//org.junit.platform.engine.support.hierarchical.Node.around(Node.java:137)
	at app//org.junit.platform.engine.support.hierarchical.NodeTestTask.lambda$executeRecursively$9(NodeTestTask.java:139)
	at app//org.junit.platform.engine.support.hierarchical.ThrowableCollector.execute(ThrowableCollector.java:73)
	at app//org.junit.platform.engine.support.hierarchical.NodeTestTask.executeRecursively(NodeTestTask.java:138)
	at app//org.junit.platform.engine.support.hierarchical.NodeTestTask.execute(NodeTestTask.java:95)
	at java.base@11.0.18/java.util.ArrayList.forEach(ArrayList.java:1541)
	at app//org.junit.platform.engine.support.hierarchical.SameThreadHierarchicalTestExecutorService.invokeAll(SameThreadHierarchicalTestExecutorService.java:41)
	at app//org.junit.platform.engine.support.hierarchical.NodeTestTask.lambda$executeRecursively$6(NodeTestTask.java:155)
	at app//org.junit.platform.engine.support.hierarchical.ThrowableCollector.execute(ThrowableCollector.java:73)
	at app//org.junit.platform.engine.support.hierarchical.NodeTestTask.lambda$executeRecursively$8(NodeTestTask.java:141)
	at app//org.junit.platform.engine.support.hierarchical.Node.around(Node.java:137)
	at app//org.junit.platform.engine.support.hierarchical.NodeTestTask.lambda$executeRecursively$9(NodeTestTask.java:139)
	at app//org.junit.platform.engine.support.hierarchical.ThrowableCollector.execute(ThrowableCollector.java:73)
	at app//org.junit.platform.engine.support.hierarchical.NodeTestTask.executeRecursively(NodeTestTask.java:138)
	at app//org.junit.platform.engine.support.hierarchical.NodeTestTask.execute(NodeTestTask.java:95)
	at java.base@11.0.18/java.util.ArrayList.forEach(ArrayList.java:1541)
	at app//org.junit.platform.engine.support.hierarchical.SameThreadHierarchicalTestExecutorService.invokeAll(SameThreadHierarchicalTestExecutorService.java:41)
	at app//org.junit.platform.engine.support.hierarchical.NodeTestTask.lambda$executeRecursively$6(NodeTestTask.java:155)
	at app//org.junit.platform.engine.support.hierarchical.ThrowableCollector.execute(ThrowableCollector.java:73)
	at app//org.junit.platform.engine.support.hierarchical.NodeTestTask.lambda$executeRecursively$8(NodeTestTask.java:141)
	at app//org.junit.platform.engine.support.hierarchical.Node.around(Node.java:137)
	at app//org.junit.platform.engine.support.hierarchical.NodeTestTask.lambda$executeRecursively$9(NodeTestTask.java:139)
	at app//org.junit.platform.engine.support.hierarchical.ThrowableCollector.execute(ThrowableCollector.java:73)
	at app//org.junit.platform.engine.support.hierarchical.NodeTestTask.executeRecursively(NodeTestTask.java:138)
	at app//org.junit.platform.engine.support.hierarchical.NodeTestTask.execute(NodeTestTask.java:95)
	at app//org.junit.platform.engine.support.hierarchical.SameThreadHierarchicalTestExecutorService.submit(SameThreadHierarchicalTestExecutorService.java:35)
	at app//org.junit.platform.engine.support.hierarchical.HierarchicalTestExecutor.execute(HierarchicalTestExecutor.java:57)
	at app//org.junit.platform.engine.support.hierarchical.HierarchicalTestEngine.execute(HierarchicalTestEngine.java:54)
	at app//org.junit.platform.launcher.core.EngineExecutionOrchestrator.execute(EngineExecutionOrchestrator.java:107)
	at app//org.junit.platform.launcher.core.EngineExecutionOrchestrator.execute(EngineExecutionOrchestrator.java:88)
	at app//org.junit.platform.launcher.core.EngineExecutionOrchestrator.lambda$execute$0(EngineExecutionOrchestrator.java:54)
	at app//org.junit.platform.launcher.core.EngineExecutionOrchestrator.withInterceptedStreams(EngineExecutionOrchestrator.java:67)
	at app//org.junit.platform.launcher.core.EngineExecutionOrchestrator.execute(EngineExecutionOrchestrator.java:52)
	at app//org.junit.platform.launcher.core.DefaultLauncher.execute(DefaultLauncher.java:114)
	at app//org.junit.platform.launcher.core.DefaultLauncher.execute(DefaultLauncher.java:86)
	at app//org.junit.platform.launcher.core.DefaultLauncherSession$DelegatingLauncher.execute(DefaultLauncherSession.java:86)
	at org.gradle.api.internal.tasks.testing.junitplatform.JUnitPlatformTestClassProcessor$CollectAllTestClassesExecutor.processAllTestClasses(JUnitPlatformTestClassProcessor.java:110)
	at org.gradle.api.internal.tasks.testing.junitplatform.JUnitPlatformTestClassProcessor$CollectAllTestClassesExecutor.access$000(JUnitPlatformTestClassProcessor.java:90)
	at org.gradle.api.internal.tasks.testing.junitplatform.JUnitPlatformTestClassProcessor.stop(JUnitPlatformTestClassProcessor.java:85)
	at org.gradle.api.internal.tasks.testing.SuiteTestClassProcessor.stop(SuiteTestClassProcessor.java:62)
	at java.base@11.0.18/jdk.internal.reflect.NativeMethodAccessorImpl.invoke0(Native Method)
	at java.base@11.0.18/jdk.internal.reflect.NativeMethodAccessorImpl.invoke(NativeMethodAccessorImpl.java:62)
	at java.base@11.0.18/jdk.internal.reflect.DelegatingMethodAccessorImpl.invoke(DelegatingMethodAccessorImpl.java:43)
	at java.base@11.0.18/java.lang.reflect.Method.invoke(Method.java:566)
	at org.gradle.internal.dispatch.ReflectionDispatch.dispatch(ReflectionDispatch.java:36)
	at org.gradle.internal.dispatch.ReflectionDispatch.dispatch(ReflectionDispatch.java:24)
	at org.gradle.internal.dispatch.ContextClassLoaderDispatch.dispatch(ContextClassLoaderDispatch.java:33)
	at org.gradle.internal.dispatch.ProxyDispatchAdapter$DispatchingInvocationHandler.invoke(ProxyDispatchAdapter.java:94)
	at com.sun.proxy.$Proxy2.stop(Unknown Source)
	at org.gradle.api.internal.tasks.testing.worker.TestWorker$3.run(TestWorker.java:193)
	at org.gradle.api.internal.tasks.testing.worker.TestWorker.executeAndMaintainThreadName(TestWorker.java:129)
	at org.gradle.api.internal.tasks.testing.worker.TestWorker.execute(TestWorker.java:100)
	at org.gradle.api.internal.tasks.testing.worker.TestWorker.execute(TestWorker.java:60)
	at org.gradle.process.internal.worker.child.ActionExecutionWorker.execute(ActionExecutionWorker.java:56)
	at org.gradle.process.internal.worker.child.SystemApplicationClassLoaderWorker.call(SystemApplicationClassLoaderWorker.java:113)
	at org.gradle.process.internal.worker.child.SystemApplicationClassLoaderWorker.call(SystemApplicationClassLoaderWorker.java:65)
	at app//worker.org.gradle.process.internal.worker.GradleWorkerMain.run(GradleWorkerMain.java:69)
	at app//worker.org.gradle.process.internal.worker.GradleWorkerMain.main(GradleWorkerMain.java:74)
</failure>
  </testcase>
  <testcase name="permissionHeap" classname="de.uka.ilkd.key.proof.runallproofs.RunAllProofsFunctional" time="828.428">
    <failure message="org.opentest4j.AssertionFailedError: Executed process terminated with non-zero exit value. ==&gt; expected: &lt;0&gt; but was: &lt;1&gt;" type="org.opentest4j.AssertionFailedError">org.opentest4j.AssertionFailedError: Executed process terminated with non-zero exit value. ==&gt; expected: &lt;0&gt; but was: &lt;1&gt;
	at app//org.junit.jupiter.api.AssertionFailureBuilder.build(AssertionFailureBuilder.java:151)
	at app//org.junit.jupiter.api.AssertionFailureBuilder.buildAndThrow(AssertionFailureBuilder.java:132)
	at app//org.junit.jupiter.api.AssertEquals.failNotEqual(AssertEquals.java:197)
	at app//org.junit.jupiter.api.AssertEquals.assertEquals(AssertEquals.java:150)
	at app//org.junit.jupiter.api.Assertions.assertEquals(Assertions.java:560)
	at app//de.uka.ilkd.key.proof.runallproofs.proofcollection.ForkedTestFileRunner.processTestFiles(ForkedTestFileRunner.java:130)
	at app//de.uka.ilkd.key.proof.runallproofs.RunAllProofsTestUnit.runTest(RunAllProofsTestUnit.java:89)
	at app//de.uka.ilkd.key.proof.runallproofs.RunAllProofsTest.lambda$data$0(RunAllProofsTest.java:77)
	at app//org.junit.jupiter.engine.descriptor.DynamicTestTestDescriptor.lambda$execute$0(DynamicTestTestDescriptor.java:53)
	at app//org.junit.jupiter.engine.execution.InvocationInterceptorChain$ValidatingInvocation.proceed(InvocationInterceptorChain.java:131)
	at app//org.junit.jupiter.api.extension.InvocationInterceptor.interceptDynamicTest(InvocationInterceptor.java:167)
	at app//org.junit.jupiter.api.extension.InvocationInterceptor.interceptDynamicTest(InvocationInterceptor.java:184)
	at app//org.junit.jupiter.engine.descriptor.DynamicTestTestDescriptor.lambda$execute$1(DynamicTestTestDescriptor.java:61)
	at app//org.junit.jupiter.engine.execution.InvocationInterceptorChain$InterceptorCall.lambda$ofVoid$0(InvocationInterceptorChain.java:78)
	at app//org.junit.jupiter.engine.execution.InvocationInterceptorChain$InterceptedInvocation.proceed(InvocationInterceptorChain.java:106)
	at app//org.junit.jupiter.engine.execution.InvocationInterceptorChain.proceed(InvocationInterceptorChain.java:64)
	at app//org.junit.jupiter.engine.execution.InvocationInterceptorChain.chainAndInvoke(InvocationInterceptorChain.java:45)
	at app//org.junit.jupiter.engine.execution.InvocationInterceptorChain.invoke(InvocationInterceptorChain.java:37)
	at app//org.junit.jupiter.engine.descriptor.DynamicTestTestDescriptor.execute(DynamicTestTestDescriptor.java:60)
	at app//org.junit.jupiter.engine.descriptor.DynamicTestTestDescriptor.execute(DynamicTestTestDescriptor.java:32)
	at app//org.junit.platform.engine.support.hierarchical.NodeTestTask.lambda$executeRecursively$6(NodeTestTask.java:151)
	at app//org.junit.platform.engine.support.hierarchical.ThrowableCollector.execute(ThrowableCollector.java:73)
	at app//org.junit.platform.engine.support.hierarchical.NodeTestTask.lambda$executeRecursively$8(NodeTestTask.java:141)
	at app//org.junit.platform.engine.support.hierarchical.Node.around(Node.java:137)
	at app//org.junit.platform.engine.support.hierarchical.NodeTestTask.lambda$executeRecursively$9(NodeTestTask.java:139)
	at app//org.junit.platform.engine.support.hierarchical.ThrowableCollector.execute(ThrowableCollector.java:73)
	at app//org.junit.platform.engine.support.hierarchical.NodeTestTask.executeRecursively(NodeTestTask.java:138)
	at app//org.junit.platform.engine.support.hierarchical.NodeTestTask.execute(NodeTestTask.java:95)
	at app//org.junit.platform.engine.support.hierarchical.SameThreadHierarchicalTestExecutorService.submit(SameThreadHierarchicalTestExecutorService.java:35)
	at app//org.junit.platform.engine.support.hierarchical.NodeTestTask$DefaultDynamicTestExecutor.execute(NodeTestTask.java:226)
	at app//org.junit.platform.engine.support.hierarchical.NodeTestTask$DefaultDynamicTestExecutor.execute(NodeTestTask.java:204)
	at java.base@11.0.18/java.util.Optional.ifPresent(Optional.java:183)
	at app//org.junit.jupiter.engine.descriptor.TestFactoryTestDescriptor.lambda$invokeTestMethod$1(TestFactoryTestDescriptor.java:108)
	at app//org.junit.platform.engine.support.hierarchical.ThrowableCollector.execute(ThrowableCollector.java:73)
	at app//org.junit.jupiter.engine.descriptor.TestFactoryTestDescriptor.invokeTestMethod(TestFactoryTestDescriptor.java:95)
	at app//org.junit.jupiter.engine.descriptor.TestMethodTestDescriptor.execute(TestMethodTestDescriptor.java:138)
	at app//org.junit.jupiter.engine.descriptor.TestMethodTestDescriptor.execute(TestMethodTestDescriptor.java:68)
	at app//org.junit.platform.engine.support.hierarchical.NodeTestTask.lambda$executeRecursively$6(NodeTestTask.java:151)
	at app//org.junit.platform.engine.support.hierarchical.ThrowableCollector.execute(ThrowableCollector.java:73)
	at app//org.junit.platform.engine.support.hierarchical.NodeTestTask.lambda$executeRecursively$8(NodeTestTask.java:141)
	at app//org.junit.platform.engine.support.hierarchical.Node.around(Node.java:137)
	at app//org.junit.platform.engine.support.hierarchical.NodeTestTask.lambda$executeRecursively$9(NodeTestTask.java:139)
	at app//org.junit.platform.engine.support.hierarchical.ThrowableCollector.execute(ThrowableCollector.java:73)
	at app//org.junit.platform.engine.support.hierarchical.NodeTestTask.executeRecursively(NodeTestTask.java:138)
	at app//org.junit.platform.engine.support.hierarchical.NodeTestTask.execute(NodeTestTask.java:95)
	at java.base@11.0.18/java.util.ArrayList.forEach(ArrayList.java:1541)
	at app//org.junit.platform.engine.support.hierarchical.SameThreadHierarchicalTestExecutorService.invokeAll(SameThreadHierarchicalTestExecutorService.java:41)
	at app//org.junit.platform.engine.support.hierarchical.NodeTestTask.lambda$executeRecursively$6(NodeTestTask.java:155)
	at app//org.junit.platform.engine.support.hierarchical.ThrowableCollector.execute(ThrowableCollector.java:73)
	at app//org.junit.platform.engine.support.hierarchical.NodeTestTask.lambda$executeRecursively$8(NodeTestTask.java:141)
	at app//org.junit.platform.engine.support.hierarchical.Node.around(Node.java:137)
	at app//org.junit.platform.engine.support.hierarchical.NodeTestTask.lambda$executeRecursively$9(NodeTestTask.java:139)
	at app//org.junit.platform.engine.support.hierarchical.ThrowableCollector.execute(ThrowableCollector.java:73)
	at app//org.junit.platform.engine.support.hierarchical.NodeTestTask.executeRecursively(NodeTestTask.java:138)
	at app//org.junit.platform.engine.support.hierarchical.NodeTestTask.execute(NodeTestTask.java:95)
	at java.base@11.0.18/java.util.ArrayList.forEach(ArrayList.java:1541)
	at app//org.junit.platform.engine.support.hierarchical.SameThreadHierarchicalTestExecutorService.invokeAll(SameThreadHierarchicalTestExecutorService.java:41)
	at app//org.junit.platform.engine.support.hierarchical.NodeTestTask.lambda$executeRecursively$6(NodeTestTask.java:155)
	at app//org.junit.platform.engine.support.hierarchical.ThrowableCollector.execute(ThrowableCollector.java:73)
	at app//org.junit.platform.engine.support.hierarchical.NodeTestTask.lambda$executeRecursively$8(NodeTestTask.java:141)
	at app//org.junit.platform.engine.support.hierarchical.Node.around(Node.java:137)
	at app//org.junit.platform.engine.support.hierarchical.NodeTestTask.lambda$executeRecursively$9(NodeTestTask.java:139)
	at app//org.junit.platform.engine.support.hierarchical.ThrowableCollector.execute(ThrowableCollector.java:73)
	at app//org.junit.platform.engine.support.hierarchical.NodeTestTask.executeRecursively(NodeTestTask.java:138)
	at app//org.junit.platform.engine.support.hierarchical.NodeTestTask.execute(NodeTestTask.java:95)
	at app//org.junit.platform.engine.support.hierarchical.SameThreadHierarchicalTestExecutorService.submit(SameThreadHierarchicalTestExecutorService.java:35)
	at app//org.junit.platform.engine.support.hierarchical.HierarchicalTestExecutor.execute(HierarchicalTestExecutor.java:57)
	at app//org.junit.platform.engine.support.hierarchical.HierarchicalTestEngine.execute(HierarchicalTestEngine.java:54)
	at app//org.junit.platform.launcher.core.EngineExecutionOrchestrator.execute(EngineExecutionOrchestrator.java:107)
	at app//org.junit.platform.launcher.core.EngineExecutionOrchestrator.execute(EngineExecutionOrchestrator.java:88)
	at app//org.junit.platform.launcher.core.EngineExecutionOrchestrator.lambda$execute$0(EngineExecutionOrchestrator.java:54)
	at app//org.junit.platform.launcher.core.EngineExecutionOrchestrator.withInterceptedStreams(EngineExecutionOrchestrator.java:67)
	at app//org.junit.platform.launcher.core.EngineExecutionOrchestrator.execute(EngineExecutionOrchestrator.java:52)
	at app//org.junit.platform.launcher.core.DefaultLauncher.execute(DefaultLauncher.java:114)
	at app//org.junit.platform.launcher.core.DefaultLauncher.execute(DefaultLauncher.java:86)
	at app//org.junit.platform.launcher.core.DefaultLauncherSession$DelegatingLauncher.execute(DefaultLauncherSession.java:86)
	at org.gradle.api.internal.tasks.testing.junitplatform.JUnitPlatformTestClassProcessor$CollectAllTestClassesExecutor.processAllTestClasses(JUnitPlatformTestClassProcessor.java:110)
	at org.gradle.api.internal.tasks.testing.junitplatform.JUnitPlatformTestClassProcessor$CollectAllTestClassesExecutor.access$000(JUnitPlatformTestClassProcessor.java:90)
	at org.gradle.api.internal.tasks.testing.junitplatform.JUnitPlatformTestClassProcessor.stop(JUnitPlatformTestClassProcessor.java:85)
	at org.gradle.api.internal.tasks.testing.SuiteTestClassProcessor.stop(SuiteTestClassProcessor.java:62)
	at java.base@11.0.18/jdk.internal.reflect.NativeMethodAccessorImpl.invoke0(Native Method)
	at java.base@11.0.18/jdk.internal.reflect.NativeMethodAccessorImpl.invoke(NativeMethodAccessorImpl.java:62)
	at java.base@11.0.18/jdk.internal.reflect.DelegatingMethodAccessorImpl.invoke(DelegatingMethodAccessorImpl.java:43)
	at java.base@11.0.18/java.lang.reflect.Method.invoke(Method.java:566)
	at org.gradle.internal.dispatch.ReflectionDispatch.dispatch(ReflectionDispatch.java:36)
	at org.gradle.internal.dispatch.ReflectionDispatch.dispatch(ReflectionDispatch.java:24)
	at org.gradle.internal.dispatch.ContextClassLoaderDispatch.dispatch(ContextClassLoaderDispatch.java:33)
	at org.gradle.internal.dispatch.ProxyDispatchAdapter$DispatchingInvocationHandler.invoke(ProxyDispatchAdapter.java:94)
	at com.sun.proxy.$Proxy2.stop(Unknown Source)
	at org.gradle.api.internal.tasks.testing.worker.TestWorker$3.run(TestWorker.java:193)
	at org.gradle.api.internal.tasks.testing.worker.TestWorker.executeAndMaintainThreadName(TestWorker.java:129)
	at org.gradle.api.internal.tasks.testing.worker.TestWorker.execute(TestWorker.java:100)
	at org.gradle.api.internal.tasks.testing.worker.TestWorker.execute(TestWorker.java:60)
	at org.gradle.process.internal.worker.child.ActionExecutionWorker.execute(ActionExecutionWorker.java:56)
	at org.gradle.process.internal.worker.child.SystemApplicationClassLoaderWorker.call(SystemApplicationClassLoaderWorker.java:113)
	at org.gradle.process.internal.worker.child.SystemApplicationClassLoaderWorker.call(SystemApplicationClassLoaderWorker.java:65)
	at app//worker.org.gradle.process.internal.worker.GradleWorkerMain.run(GradleWorkerMain.java:69)
	at app//worker.org.gradle.process.internal.worker.GradleWorkerMain.main(GradleWorkerMain.java:74)
</failure>
  </testcase>
  <testcase name="completionScopes" classname="de.uka.ilkd.key.proof.runallproofs.RunAllProofsFunctional" time="49.379">
    <failure message="org.opentest4j.AssertionFailedError: Executed process terminated with non-zero exit value. ==&gt; expected: &lt;0&gt; but was: &lt;1&gt;" type="org.opentest4j.AssertionFailedError">org.opentest4j.AssertionFailedError: Executed process terminated with non-zero exit value. ==&gt; expected: &lt;0&gt; but was: &lt;1&gt;
	at app//org.junit.jupiter.api.AssertionFailureBuilder.build(AssertionFailureBuilder.java:151)
	at app//org.junit.jupiter.api.AssertionFailureBuilder.buildAndThrow(AssertionFailureBuilder.java:132)
	at app//org.junit.jupiter.api.AssertEquals.failNotEqual(AssertEquals.java:197)
	at app//org.junit.jupiter.api.AssertEquals.assertEquals(AssertEquals.java:150)
	at app//org.junit.jupiter.api.Assertions.assertEquals(Assertions.java:560)
	at app//de.uka.ilkd.key.proof.runallproofs.proofcollection.ForkedTestFileRunner.processTestFiles(ForkedTestFileRunner.java:130)
	at app//de.uka.ilkd.key.proof.runallproofs.RunAllProofsTestUnit.runTest(RunAllProofsTestUnit.java:89)
	at app//de.uka.ilkd.key.proof.runallproofs.RunAllProofsTest.lambda$data$0(RunAllProofsTest.java:77)
	at app//org.junit.jupiter.engine.descriptor.DynamicTestTestDescriptor.lambda$execute$0(DynamicTestTestDescriptor.java:53)
	at app//org.junit.jupiter.engine.execution.InvocationInterceptorChain$ValidatingInvocation.proceed(InvocationInterceptorChain.java:131)
	at app//org.junit.jupiter.api.extension.InvocationInterceptor.interceptDynamicTest(InvocationInterceptor.java:167)
	at app//org.junit.jupiter.api.extension.InvocationInterceptor.interceptDynamicTest(InvocationInterceptor.java:184)
	at app//org.junit.jupiter.engine.descriptor.DynamicTestTestDescriptor.lambda$execute$1(DynamicTestTestDescriptor.java:61)
	at app//org.junit.jupiter.engine.execution.InvocationInterceptorChain$InterceptorCall.lambda$ofVoid$0(InvocationInterceptorChain.java:78)
	at app//org.junit.jupiter.engine.execution.InvocationInterceptorChain$InterceptedInvocation.proceed(InvocationInterceptorChain.java:106)
	at app//org.junit.jupiter.engine.execution.InvocationInterceptorChain.proceed(InvocationInterceptorChain.java:64)
	at app//org.junit.jupiter.engine.execution.InvocationInterceptorChain.chainAndInvoke(InvocationInterceptorChain.java:45)
	at app//org.junit.jupiter.engine.execution.InvocationInterceptorChain.invoke(InvocationInterceptorChain.java:37)
	at app//org.junit.jupiter.engine.descriptor.DynamicTestTestDescriptor.execute(DynamicTestTestDescriptor.java:60)
	at app//org.junit.jupiter.engine.descriptor.DynamicTestTestDescriptor.execute(DynamicTestTestDescriptor.java:32)
	at app//org.junit.platform.engine.support.hierarchical.NodeTestTask.lambda$executeRecursively$6(NodeTestTask.java:151)
	at app//org.junit.platform.engine.support.hierarchical.ThrowableCollector.execute(ThrowableCollector.java:73)
	at app//org.junit.platform.engine.support.hierarchical.NodeTestTask.lambda$executeRecursively$8(NodeTestTask.java:141)
	at app//org.junit.platform.engine.support.hierarchical.Node.around(Node.java:137)
	at app//org.junit.platform.engine.support.hierarchical.NodeTestTask.lambda$executeRecursively$9(NodeTestTask.java:139)
	at app//org.junit.platform.engine.support.hierarchical.ThrowableCollector.execute(ThrowableCollector.java:73)
	at app//org.junit.platform.engine.support.hierarchical.NodeTestTask.executeRecursively(NodeTestTask.java:138)
	at app//org.junit.platform.engine.support.hierarchical.NodeTestTask.execute(NodeTestTask.java:95)
	at app//org.junit.platform.engine.support.hierarchical.SameThreadHierarchicalTestExecutorService.submit(SameThreadHierarchicalTestExecutorService.java:35)
	at app//org.junit.platform.engine.support.hierarchical.NodeTestTask$DefaultDynamicTestExecutor.execute(NodeTestTask.java:226)
	at app//org.junit.platform.engine.support.hierarchical.NodeTestTask$DefaultDynamicTestExecutor.execute(NodeTestTask.java:204)
	at java.base@11.0.18/java.util.Optional.ifPresent(Optional.java:183)
	at app//org.junit.jupiter.engine.descriptor.TestFactoryTestDescriptor.lambda$invokeTestMethod$1(TestFactoryTestDescriptor.java:108)
	at app//org.junit.platform.engine.support.hierarchical.ThrowableCollector.execute(ThrowableCollector.java:73)
	at app//org.junit.jupiter.engine.descriptor.TestFactoryTestDescriptor.invokeTestMethod(TestFactoryTestDescriptor.java:95)
	at app//org.junit.jupiter.engine.descriptor.TestMethodTestDescriptor.execute(TestMethodTestDescriptor.java:138)
	at app//org.junit.jupiter.engine.descriptor.TestMethodTestDescriptor.execute(TestMethodTestDescriptor.java:68)
	at app//org.junit.platform.engine.support.hierarchical.NodeTestTask.lambda$executeRecursively$6(NodeTestTask.java:151)
	at app//org.junit.platform.engine.support.hierarchical.ThrowableCollector.execute(ThrowableCollector.java:73)
	at app//org.junit.platform.engine.support.hierarchical.NodeTestTask.lambda$executeRecursively$8(NodeTestTask.java:141)
	at app//org.junit.platform.engine.support.hierarchical.Node.around(Node.java:137)
	at app//org.junit.platform.engine.support.hierarchical.NodeTestTask.lambda$executeRecursively$9(NodeTestTask.java:139)
	at app//org.junit.platform.engine.support.hierarchical.ThrowableCollector.execute(ThrowableCollector.java:73)
	at app//org.junit.platform.engine.support.hierarchical.NodeTestTask.executeRecursively(NodeTestTask.java:138)
	at app//org.junit.platform.engine.support.hierarchical.NodeTestTask.execute(NodeTestTask.java:95)
	at java.base@11.0.18/java.util.ArrayList.forEach(ArrayList.java:1541)
	at app//org.junit.platform.engine.support.hierarchical.SameThreadHierarchicalTestExecutorService.invokeAll(SameThreadHierarchicalTestExecutorService.java:41)
	at app//org.junit.platform.engine.support.hierarchical.NodeTestTask.lambda$executeRecursively$6(NodeTestTask.java:155)
	at app//org.junit.platform.engine.support.hierarchical.ThrowableCollector.execute(ThrowableCollector.java:73)
	at app//org.junit.platform.engine.support.hierarchical.NodeTestTask.lambda$executeRecursively$8(NodeTestTask.java:141)
	at app//org.junit.platform.engine.support.hierarchical.Node.around(Node.java:137)
	at app//org.junit.platform.engine.support.hierarchical.NodeTestTask.lambda$executeRecursively$9(NodeTestTask.java:139)
	at app//org.junit.platform.engine.support.hierarchical.ThrowableCollector.execute(ThrowableCollector.java:73)
	at app//org.junit.platform.engine.support.hierarchical.NodeTestTask.executeRecursively(NodeTestTask.java:138)
	at app//org.junit.platform.engine.support.hierarchical.NodeTestTask.execute(NodeTestTask.java:95)
	at java.base@11.0.18/java.util.ArrayList.forEach(ArrayList.java:1541)
	at app//org.junit.platform.engine.support.hierarchical.SameThreadHierarchicalTestExecutorService.invokeAll(SameThreadHierarchicalTestExecutorService.java:41)
	at app//org.junit.platform.engine.support.hierarchical.NodeTestTask.lambda$executeRecursively$6(NodeTestTask.java:155)
	at app//org.junit.platform.engine.support.hierarchical.ThrowableCollector.execute(ThrowableCollector.java:73)
	at app//org.junit.platform.engine.support.hierarchical.NodeTestTask.lambda$executeRecursively$8(NodeTestTask.java:141)
	at app//org.junit.platform.engine.support.hierarchical.Node.around(Node.java:137)
	at app//org.junit.platform.engine.support.hierarchical.NodeTestTask.lambda$executeRecursively$9(NodeTestTask.java:139)
	at app//org.junit.platform.engine.support.hierarchical.ThrowableCollector.execute(ThrowableCollector.java:73)
	at app//org.junit.platform.engine.support.hierarchical.NodeTestTask.executeRecursively(NodeTestTask.java:138)
	at app//org.junit.platform.engine.support.hierarchical.NodeTestTask.execute(NodeTestTask.java:95)
	at app//org.junit.platform.engine.support.hierarchical.SameThreadHierarchicalTestExecutorService.submit(SameThreadHierarchicalTestExecutorService.java:35)
	at app//org.junit.platform.engine.support.hierarchical.HierarchicalTestExecutor.execute(HierarchicalTestExecutor.java:57)
	at app//org.junit.platform.engine.support.hierarchical.HierarchicalTestEngine.execute(HierarchicalTestEngine.java:54)
	at app//org.junit.platform.launcher.core.EngineExecutionOrchestrator.execute(EngineExecutionOrchestrator.java:107)
	at app//org.junit.platform.launcher.core.EngineExecutionOrchestrator.execute(EngineExecutionOrchestrator.java:88)
	at app//org.junit.platform.launcher.core.EngineExecutionOrchestrator.lambda$execute$0(EngineExecutionOrchestrator.java:54)
	at app//org.junit.platform.launcher.core.EngineExecutionOrchestrator.withInterceptedStreams(EngineExecutionOrchestrator.java:67)
	at app//org.junit.platform.launcher.core.EngineExecutionOrchestrator.execute(EngineExecutionOrchestrator.java:52)
	at app//org.junit.platform.launcher.core.DefaultLauncher.execute(DefaultLauncher.java:114)
	at app//org.junit.platform.launcher.core.DefaultLauncher.execute(DefaultLauncher.java:86)
	at app//org.junit.platform.launcher.core.DefaultLauncherSession$DelegatingLauncher.execute(DefaultLauncherSession.java:86)
	at org.gradle.api.internal.tasks.testing.junitplatform.JUnitPlatformTestClassProcessor$CollectAllTestClassesExecutor.processAllTestClasses(JUnitPlatformTestClassProcessor.java:110)
	at org.gradle.api.internal.tasks.testing.junitplatform.JUnitPlatformTestClassProcessor$CollectAllTestClassesExecutor.access$000(JUnitPlatformTestClassProcessor.java:90)
	at org.gradle.api.internal.tasks.testing.junitplatform.JUnitPlatformTestClassProcessor.stop(JUnitPlatformTestClassProcessor.java:85)
	at org.gradle.api.internal.tasks.testing.SuiteTestClassProcessor.stop(SuiteTestClassProcessor.java:62)
	at java.base@11.0.18/jdk.internal.reflect.NativeMethodAccessorImpl.invoke0(Native Method)
	at java.base@11.0.18/jdk.internal.reflect.NativeMethodAccessorImpl.invoke(NativeMethodAccessorImpl.java:62)
	at java.base@11.0.18/jdk.internal.reflect.DelegatingMethodAccessorImpl.invoke(DelegatingMethodAccessorImpl.java:43)
	at java.base@11.0.18/java.lang.reflect.Method.invoke(Method.java:566)
	at org.gradle.internal.dispatch.ReflectionDispatch.dispatch(ReflectionDispatch.java:36)
	at org.gradle.internal.dispatch.ReflectionDispatch.dispatch(ReflectionDispatch.java:24)
	at org.gradle.internal.dispatch.ContextClassLoaderDispatch.dispatch(ContextClassLoaderDispatch.java:33)
	at org.gradle.internal.dispatch.ProxyDispatchAdapter$DispatchingInvocationHandler.invoke(ProxyDispatchAdapter.java:94)
	at com.sun.proxy.$Proxy2.stop(Unknown Source)
	at org.gradle.api.internal.tasks.testing.worker.TestWorker$3.run(TestWorker.java:193)
	at org.gradle.api.internal.tasks.testing.worker.TestWorker.executeAndMaintainThreadName(TestWorker.java:129)
	at org.gradle.api.internal.tasks.testing.worker.TestWorker.execute(TestWorker.java:100)
	at org.gradle.api.internal.tasks.testing.worker.TestWorker.execute(TestWorker.java:60)
	at org.gradle.process.internal.worker.child.ActionExecutionWorker.execute(ActionExecutionWorker.java:56)
	at org.gradle.process.internal.worker.child.SystemApplicationClassLoaderWorker.call(SystemApplicationClassLoaderWorker.java:113)
	at org.gradle.process.internal.worker.child.SystemApplicationClassLoaderWorker.call(SystemApplicationClassLoaderWorker.java:65)
	at app//worker.org.gradle.process.internal.worker.GradleWorkerMain.run(GradleWorkerMain.java:69)
	at app//worker.org.gradle.process.internal.worker.GradleWorkerMain.main(GradleWorkerMain.java:74)
</failure>
  </testcase>
  <testcase name="reload_examples" classname="de.uka.ilkd.key.proof.runallproofs.RunAllProofsFunctional" time="42.093">
    <failure message="org.opentest4j.AssertionFailedError: Executed process terminated with non-zero exit value. ==&gt; expected: &lt;0&gt; but was: &lt;1&gt;" type="org.opentest4j.AssertionFailedError">org.opentest4j.AssertionFailedError: Executed process terminated with non-zero exit value. ==&gt; expected: &lt;0&gt; but was: &lt;1&gt;
	at app//org.junit.jupiter.api.AssertionFailureBuilder.build(AssertionFailureBuilder.java:151)
	at app//org.junit.jupiter.api.AssertionFailureBuilder.buildAndThrow(AssertionFailureBuilder.java:132)
	at app//org.junit.jupiter.api.AssertEquals.failNotEqual(AssertEquals.java:197)
	at app//org.junit.jupiter.api.AssertEquals.assertEquals(AssertEquals.java:150)
	at app//org.junit.jupiter.api.Assertions.assertEquals(Assertions.java:560)
	at app//de.uka.ilkd.key.proof.runallproofs.proofcollection.ForkedTestFileRunner.processTestFiles(ForkedTestFileRunner.java:130)
	at app//de.uka.ilkd.key.proof.runallproofs.RunAllProofsTestUnit.runTest(RunAllProofsTestUnit.java:89)
	at app//de.uka.ilkd.key.proof.runallproofs.RunAllProofsTest.lambda$data$0(RunAllProofsTest.java:77)
	at app//org.junit.jupiter.engine.descriptor.DynamicTestTestDescriptor.lambda$execute$0(DynamicTestTestDescriptor.java:53)
	at app//org.junit.jupiter.engine.execution.InvocationInterceptorChain$ValidatingInvocation.proceed(InvocationInterceptorChain.java:131)
	at app//org.junit.jupiter.api.extension.InvocationInterceptor.interceptDynamicTest(InvocationInterceptor.java:167)
	at app//org.junit.jupiter.api.extension.InvocationInterceptor.interceptDynamicTest(InvocationInterceptor.java:184)
	at app//org.junit.jupiter.engine.descriptor.DynamicTestTestDescriptor.lambda$execute$1(DynamicTestTestDescriptor.java:61)
	at app//org.junit.jupiter.engine.execution.InvocationInterceptorChain$InterceptorCall.lambda$ofVoid$0(InvocationInterceptorChain.java:78)
	at app//org.junit.jupiter.engine.execution.InvocationInterceptorChain$InterceptedInvocation.proceed(InvocationInterceptorChain.java:106)
	at app//org.junit.jupiter.engine.execution.InvocationInterceptorChain.proceed(InvocationInterceptorChain.java:64)
	at app//org.junit.jupiter.engine.execution.InvocationInterceptorChain.chainAndInvoke(InvocationInterceptorChain.java:45)
	at app//org.junit.jupiter.engine.execution.InvocationInterceptorChain.invoke(InvocationInterceptorChain.java:37)
	at app//org.junit.jupiter.engine.descriptor.DynamicTestTestDescriptor.execute(DynamicTestTestDescriptor.java:60)
	at app//org.junit.jupiter.engine.descriptor.DynamicTestTestDescriptor.execute(DynamicTestTestDescriptor.java:32)
	at app//org.junit.platform.engine.support.hierarchical.NodeTestTask.lambda$executeRecursively$6(NodeTestTask.java:151)
	at app//org.junit.platform.engine.support.hierarchical.ThrowableCollector.execute(ThrowableCollector.java:73)
	at app//org.junit.platform.engine.support.hierarchical.NodeTestTask.lambda$executeRecursively$8(NodeTestTask.java:141)
	at app//org.junit.platform.engine.support.hierarchical.Node.around(Node.java:137)
	at app//org.junit.platform.engine.support.hierarchical.NodeTestTask.lambda$executeRecursively$9(NodeTestTask.java:139)
	at app//org.junit.platform.engine.support.hierarchical.ThrowableCollector.execute(ThrowableCollector.java:73)
	at app//org.junit.platform.engine.support.hierarchical.NodeTestTask.executeRecursively(NodeTestTask.java:138)
	at app//org.junit.platform.engine.support.hierarchical.NodeTestTask.execute(NodeTestTask.java:95)
	at app//org.junit.platform.engine.support.hierarchical.SameThreadHierarchicalTestExecutorService.submit(SameThreadHierarchicalTestExecutorService.java:35)
	at app//org.junit.platform.engine.support.hierarchical.NodeTestTask$DefaultDynamicTestExecutor.execute(NodeTestTask.java:226)
	at app//org.junit.platform.engine.support.hierarchical.NodeTestTask$DefaultDynamicTestExecutor.execute(NodeTestTask.java:204)
	at java.base@11.0.18/java.util.Optional.ifPresent(Optional.java:183)
	at app//org.junit.jupiter.engine.descriptor.TestFactoryTestDescriptor.lambda$invokeTestMethod$1(TestFactoryTestDescriptor.java:108)
	at app//org.junit.platform.engine.support.hierarchical.ThrowableCollector.execute(ThrowableCollector.java:73)
	at app//org.junit.jupiter.engine.descriptor.TestFactoryTestDescriptor.invokeTestMethod(TestFactoryTestDescriptor.java:95)
	at app//org.junit.jupiter.engine.descriptor.TestMethodTestDescriptor.execute(TestMethodTestDescriptor.java:138)
	at app//org.junit.jupiter.engine.descriptor.TestMethodTestDescriptor.execute(TestMethodTestDescriptor.java:68)
	at app//org.junit.platform.engine.support.hierarchical.NodeTestTask.lambda$executeRecursively$6(NodeTestTask.java:151)
	at app//org.junit.platform.engine.support.hierarchical.ThrowableCollector.execute(ThrowableCollector.java:73)
	at app//org.junit.platform.engine.support.hierarchical.NodeTestTask.lambda$executeRecursively$8(NodeTestTask.java:141)
	at app//org.junit.platform.engine.support.hierarchical.Node.around(Node.java:137)
	at app//org.junit.platform.engine.support.hierarchical.NodeTestTask.lambda$executeRecursively$9(NodeTestTask.java:139)
	at app//org.junit.platform.engine.support.hierarchical.ThrowableCollector.execute(ThrowableCollector.java:73)
	at app//org.junit.platform.engine.support.hierarchical.NodeTestTask.executeRecursively(NodeTestTask.java:138)
	at app//org.junit.platform.engine.support.hierarchical.NodeTestTask.execute(NodeTestTask.java:95)
	at java.base@11.0.18/java.util.ArrayList.forEach(ArrayList.java:1541)
	at app//org.junit.platform.engine.support.hierarchical.SameThreadHierarchicalTestExecutorService.invokeAll(SameThreadHierarchicalTestExecutorService.java:41)
	at app//org.junit.platform.engine.support.hierarchical.NodeTestTask.lambda$executeRecursively$6(NodeTestTask.java:155)
	at app//org.junit.platform.engine.support.hierarchical.ThrowableCollector.execute(ThrowableCollector.java:73)
	at app//org.junit.platform.engine.support.hierarchical.NodeTestTask.lambda$executeRecursively$8(NodeTestTask.java:141)
	at app//org.junit.platform.engine.support.hierarchical.Node.around(Node.java:137)
	at app//org.junit.platform.engine.support.hierarchical.NodeTestTask.lambda$executeRecursively$9(NodeTestTask.java:139)
	at app//org.junit.platform.engine.support.hierarchical.ThrowableCollector.execute(ThrowableCollector.java:73)
	at app//org.junit.platform.engine.support.hierarchical.NodeTestTask.executeRecursively(NodeTestTask.java:138)
	at app//org.junit.platform.engine.support.hierarchical.NodeTestTask.execute(NodeTestTask.java:95)
	at java.base@11.0.18/java.util.ArrayList.forEach(ArrayList.java:1541)
	at app//org.junit.platform.engine.support.hierarchical.SameThreadHierarchicalTestExecutorService.invokeAll(SameThreadHierarchicalTestExecutorService.java:41)
	at app//org.junit.platform.engine.support.hierarchical.NodeTestTask.lambda$executeRecursively$6(NodeTestTask.java:155)
	at app//org.junit.platform.engine.support.hierarchical.ThrowableCollector.execute(ThrowableCollector.java:73)
	at app//org.junit.platform.engine.support.hierarchical.NodeTestTask.lambda$executeRecursively$8(NodeTestTask.java:141)
	at app//org.junit.platform.engine.support.hierarchical.Node.around(Node.java:137)
	at app//org.junit.platform.engine.support.hierarchical.NodeTestTask.lambda$executeRecursively$9(NodeTestTask.java:139)
	at app//org.junit.platform.engine.support.hierarchical.ThrowableCollector.execute(ThrowableCollector.java:73)
	at app//org.junit.platform.engine.support.hierarchical.NodeTestTask.executeRecursively(NodeTestTask.java:138)
	at app//org.junit.platform.engine.support.hierarchical.NodeTestTask.execute(NodeTestTask.java:95)
	at app//org.junit.platform.engine.support.hierarchical.SameThreadHierarchicalTestExecutorService.submit(SameThreadHierarchicalTestExecutorService.java:35)
	at app//org.junit.platform.engine.support.hierarchical.HierarchicalTestExecutor.execute(HierarchicalTestExecutor.java:57)
	at app//org.junit.platform.engine.support.hierarchical.HierarchicalTestEngine.execute(HierarchicalTestEngine.java:54)
	at app//org.junit.platform.launcher.core.EngineExecutionOrchestrator.execute(EngineExecutionOrchestrator.java:107)
	at app//org.junit.platform.launcher.core.EngineExecutionOrchestrator.execute(EngineExecutionOrchestrator.java:88)
	at app//org.junit.platform.launcher.core.EngineExecutionOrchestrator.lambda$execute$0(EngineExecutionOrchestrator.java:54)
	at app//org.junit.platform.launcher.core.EngineExecutionOrchestrator.withInterceptedStreams(EngineExecutionOrchestrator.java:67)
	at app//org.junit.platform.launcher.core.EngineExecutionOrchestrator.execute(EngineExecutionOrchestrator.java:52)
	at app//org.junit.platform.launcher.core.DefaultLauncher.execute(DefaultLauncher.java:114)
	at app//org.junit.platform.launcher.core.DefaultLauncher.execute(DefaultLauncher.java:86)
	at app//org.junit.platform.launcher.core.DefaultLauncherSession$DelegatingLauncher.execute(DefaultLauncherSession.java:86)
	at org.gradle.api.internal.tasks.testing.junitplatform.JUnitPlatformTestClassProcessor$CollectAllTestClassesExecutor.processAllTestClasses(JUnitPlatformTestClassProcessor.java:110)
	at org.gradle.api.internal.tasks.testing.junitplatform.JUnitPlatformTestClassProcessor$CollectAllTestClassesExecutor.access$000(JUnitPlatformTestClassProcessor.java:90)
	at org.gradle.api.internal.tasks.testing.junitplatform.JUnitPlatformTestClassProcessor.stop(JUnitPlatformTestClassProcessor.java:85)
	at org.gradle.api.internal.tasks.testing.SuiteTestClassProcessor.stop(SuiteTestClassProcessor.java:62)
	at java.base@11.0.18/jdk.internal.reflect.NativeMethodAccessorImpl.invoke0(Native Method)
	at java.base@11.0.18/jdk.internal.reflect.NativeMethodAccessorImpl.invoke(NativeMethodAccessorImpl.java:62)
	at java.base@11.0.18/jdk.internal.reflect.DelegatingMethodAccessorImpl.invoke(DelegatingMethodAccessorImpl.java:43)
	at java.base@11.0.18/java.lang.reflect.Method.invoke(Method.java:566)
	at org.gradle.internal.dispatch.ReflectionDispatch.dispatch(ReflectionDispatch.java:36)
	at org.gradle.internal.dispatch.ReflectionDispatch.dispatch(ReflectionDispatch.java:24)
	at org.gradle.internal.dispatch.ContextClassLoaderDispatch.dispatch(ContextClassLoaderDispatch.java:33)
	at org.gradle.internal.dispatch.ProxyDispatchAdapter$DispatchingInvocationHandler.invoke(ProxyDispatchAdapter.java:94)
	at com.sun.proxy.$Proxy2.stop(Unknown Source)
	at org.gradle.api.internal.tasks.testing.worker.TestWorker$3.run(TestWorker.java:193)
	at org.gradle.api.internal.tasks.testing.worker.TestWorker.executeAndMaintainThreadName(TestWorker.java:129)
	at org.gradle.api.internal.tasks.testing.worker.TestWorker.execute(TestWorker.java:100)
	at org.gradle.api.internal.tasks.testing.worker.TestWorker.execute(TestWorker.java:60)
	at org.gradle.process.internal.worker.child.ActionExecutionWorker.execute(ActionExecutionWorker.java:56)
	at org.gradle.process.internal.worker.child.SystemApplicationClassLoaderWorker.call(SystemApplicationClassLoaderWorker.java:113)
	at org.gradle.process.internal.worker.child.SystemApplicationClassLoaderWorker.call(SystemApplicationClassLoaderWorker.java:65)
	at app//worker.org.gradle.process.internal.worker.GradleWorkerMain.run(GradleWorkerMain.java:69)
	at app//worker.org.gradle.process.internal.worker.GradleWorkerMain.main(GradleWorkerMain.java:74)
</failure>
  </testcase>
  <testcase name="proofLoadRepair" classname="de.uka.ilkd.key.proof.runallproofs.RunAllProofsFunctional" time="19.083"/>
  <testcase name="switch" classname="de.uka.ilkd.key.proof.runallproofs.RunAllProofsFunctional" time="64.392">
    <failure message="org.opentest4j.AssertionFailedError: Executed process terminated with non-zero exit value. ==&gt; expected: &lt;0&gt; but was: &lt;1&gt;" type="org.opentest4j.AssertionFailedError">org.opentest4j.AssertionFailedError: Executed process terminated with non-zero exit value. ==&gt; expected: &lt;0&gt; but was: &lt;1&gt;
	at app//org.junit.jupiter.api.AssertionFailureBuilder.build(AssertionFailureBuilder.java:151)
	at app//org.junit.jupiter.api.AssertionFailureBuilder.buildAndThrow(AssertionFailureBuilder.java:132)
	at app//org.junit.jupiter.api.AssertEquals.failNotEqual(AssertEquals.java:197)
	at app//org.junit.jupiter.api.AssertEquals.assertEquals(AssertEquals.java:150)
	at app//org.junit.jupiter.api.Assertions.assertEquals(Assertions.java:560)
	at app//de.uka.ilkd.key.proof.runallproofs.proofcollection.ForkedTestFileRunner.processTestFiles(ForkedTestFileRunner.java:130)
	at app//de.uka.ilkd.key.proof.runallproofs.RunAllProofsTestUnit.runTest(RunAllProofsTestUnit.java:89)
	at app//de.uka.ilkd.key.proof.runallproofs.RunAllProofsTest.lambda$data$0(RunAllProofsTest.java:77)
	at app//org.junit.jupiter.engine.descriptor.DynamicTestTestDescriptor.lambda$execute$0(DynamicTestTestDescriptor.java:53)
	at app//org.junit.jupiter.engine.execution.InvocationInterceptorChain$ValidatingInvocation.proceed(InvocationInterceptorChain.java:131)
	at app//org.junit.jupiter.api.extension.InvocationInterceptor.interceptDynamicTest(InvocationInterceptor.java:167)
	at app//org.junit.jupiter.api.extension.InvocationInterceptor.interceptDynamicTest(InvocationInterceptor.java:184)
	at app//org.junit.jupiter.engine.descriptor.DynamicTestTestDescriptor.lambda$execute$1(DynamicTestTestDescriptor.java:61)
	at app//org.junit.jupiter.engine.execution.InvocationInterceptorChain$InterceptorCall.lambda$ofVoid$0(InvocationInterceptorChain.java:78)
	at app//org.junit.jupiter.engine.execution.InvocationInterceptorChain$InterceptedInvocation.proceed(InvocationInterceptorChain.java:106)
	at app//org.junit.jupiter.engine.execution.InvocationInterceptorChain.proceed(InvocationInterceptorChain.java:64)
	at app//org.junit.jupiter.engine.execution.InvocationInterceptorChain.chainAndInvoke(InvocationInterceptorChain.java:45)
	at app//org.junit.jupiter.engine.execution.InvocationInterceptorChain.invoke(InvocationInterceptorChain.java:37)
	at app//org.junit.jupiter.engine.descriptor.DynamicTestTestDescriptor.execute(DynamicTestTestDescriptor.java:60)
	at app//org.junit.jupiter.engine.descriptor.DynamicTestTestDescriptor.execute(DynamicTestTestDescriptor.java:32)
	at app//org.junit.platform.engine.support.hierarchical.NodeTestTask.lambda$executeRecursively$6(NodeTestTask.java:151)
	at app//org.junit.platform.engine.support.hierarchical.ThrowableCollector.execute(ThrowableCollector.java:73)
	at app//org.junit.platform.engine.support.hierarchical.NodeTestTask.lambda$executeRecursively$8(NodeTestTask.java:141)
	at app//org.junit.platform.engine.support.hierarchical.Node.around(Node.java:137)
	at app//org.junit.platform.engine.support.hierarchical.NodeTestTask.lambda$executeRecursively$9(NodeTestTask.java:139)
	at app//org.junit.platform.engine.support.hierarchical.ThrowableCollector.execute(ThrowableCollector.java:73)
	at app//org.junit.platform.engine.support.hierarchical.NodeTestTask.executeRecursively(NodeTestTask.java:138)
	at app//org.junit.platform.engine.support.hierarchical.NodeTestTask.execute(NodeTestTask.java:95)
	at app//org.junit.platform.engine.support.hierarchical.SameThreadHierarchicalTestExecutorService.submit(SameThreadHierarchicalTestExecutorService.java:35)
	at app//org.junit.platform.engine.support.hierarchical.NodeTestTask$DefaultDynamicTestExecutor.execute(NodeTestTask.java:226)
	at app//org.junit.platform.engine.support.hierarchical.NodeTestTask$DefaultDynamicTestExecutor.execute(NodeTestTask.java:204)
	at java.base@11.0.18/java.util.Optional.ifPresent(Optional.java:183)
	at app//org.junit.jupiter.engine.descriptor.TestFactoryTestDescriptor.lambda$invokeTestMethod$1(TestFactoryTestDescriptor.java:108)
	at app//org.junit.platform.engine.support.hierarchical.ThrowableCollector.execute(ThrowableCollector.java:73)
	at app//org.junit.jupiter.engine.descriptor.TestFactoryTestDescriptor.invokeTestMethod(TestFactoryTestDescriptor.java:95)
	at app//org.junit.jupiter.engine.descriptor.TestMethodTestDescriptor.execute(TestMethodTestDescriptor.java:138)
	at app//org.junit.jupiter.engine.descriptor.TestMethodTestDescriptor.execute(TestMethodTestDescriptor.java:68)
	at app//org.junit.platform.engine.support.hierarchical.NodeTestTask.lambda$executeRecursively$6(NodeTestTask.java:151)
	at app//org.junit.platform.engine.support.hierarchical.ThrowableCollector.execute(ThrowableCollector.java:73)
	at app//org.junit.platform.engine.support.hierarchical.NodeTestTask.lambda$executeRecursively$8(NodeTestTask.java:141)
	at app//org.junit.platform.engine.support.hierarchical.Node.around(Node.java:137)
	at app//org.junit.platform.engine.support.hierarchical.NodeTestTask.lambda$executeRecursively$9(NodeTestTask.java:139)
	at app//org.junit.platform.engine.support.hierarchical.ThrowableCollector.execute(ThrowableCollector.java:73)
	at app//org.junit.platform.engine.support.hierarchical.NodeTestTask.executeRecursively(NodeTestTask.java:138)
	at app//org.junit.platform.engine.support.hierarchical.NodeTestTask.execute(NodeTestTask.java:95)
	at java.base@11.0.18/java.util.ArrayList.forEach(ArrayList.java:1541)
	at app//org.junit.platform.engine.support.hierarchical.SameThreadHierarchicalTestExecutorService.invokeAll(SameThreadHierarchicalTestExecutorService.java:41)
	at app//org.junit.platform.engine.support.hierarchical.NodeTestTask.lambda$executeRecursively$6(NodeTestTask.java:155)
	at app//org.junit.platform.engine.support.hierarchical.ThrowableCollector.execute(ThrowableCollector.java:73)
	at app//org.junit.platform.engine.support.hierarchical.NodeTestTask.lambda$executeRecursively$8(NodeTestTask.java:141)
	at app//org.junit.platform.engine.support.hierarchical.Node.around(Node.java:137)
	at app//org.junit.platform.engine.support.hierarchical.NodeTestTask.lambda$executeRecursively$9(NodeTestTask.java:139)
	at app//org.junit.platform.engine.support.hierarchical.ThrowableCollector.execute(ThrowableCollector.java:73)
	at app//org.junit.platform.engine.support.hierarchical.NodeTestTask.executeRecursively(NodeTestTask.java:138)
	at app//org.junit.platform.engine.support.hierarchical.NodeTestTask.execute(NodeTestTask.java:95)
	at java.base@11.0.18/java.util.ArrayList.forEach(ArrayList.java:1541)
	at app//org.junit.platform.engine.support.hierarchical.SameThreadHierarchicalTestExecutorService.invokeAll(SameThreadHierarchicalTestExecutorService.java:41)
	at app//org.junit.platform.engine.support.hierarchical.NodeTestTask.lambda$executeRecursively$6(NodeTestTask.java:155)
	at app//org.junit.platform.engine.support.hierarchical.ThrowableCollector.execute(ThrowableCollector.java:73)
	at app//org.junit.platform.engine.support.hierarchical.NodeTestTask.lambda$executeRecursively$8(NodeTestTask.java:141)
	at app//org.junit.platform.engine.support.hierarchical.Node.around(Node.java:137)
	at app//org.junit.platform.engine.support.hierarchical.NodeTestTask.lambda$executeRecursively$9(NodeTestTask.java:139)
	at app//org.junit.platform.engine.support.hierarchical.ThrowableCollector.execute(ThrowableCollector.java:73)
	at app//org.junit.platform.engine.support.hierarchical.NodeTestTask.executeRecursively(NodeTestTask.java:138)
	at app//org.junit.platform.engine.support.hierarchical.NodeTestTask.execute(NodeTestTask.java:95)
	at app//org.junit.platform.engine.support.hierarchical.SameThreadHierarchicalTestExecutorService.submit(SameThreadHierarchicalTestExecutorService.java:35)
	at app//org.junit.platform.engine.support.hierarchical.HierarchicalTestExecutor.execute(HierarchicalTestExecutor.java:57)
	at app//org.junit.platform.engine.support.hierarchical.HierarchicalTestEngine.execute(HierarchicalTestEngine.java:54)
	at app//org.junit.platform.launcher.core.EngineExecutionOrchestrator.execute(EngineExecutionOrchestrator.java:107)
	at app//org.junit.platform.launcher.core.EngineExecutionOrchestrator.execute(EngineExecutionOrchestrator.java:88)
	at app//org.junit.platform.launcher.core.EngineExecutionOrchestrator.lambda$execute$0(EngineExecutionOrchestrator.java:54)
	at app//org.junit.platform.launcher.core.EngineExecutionOrchestrator.withInterceptedStreams(EngineExecutionOrchestrator.java:67)
	at app//org.junit.platform.launcher.core.EngineExecutionOrchestrator.execute(EngineExecutionOrchestrator.java:52)
	at app//org.junit.platform.launcher.core.DefaultLauncher.execute(DefaultLauncher.java:114)
	at app//org.junit.platform.launcher.core.DefaultLauncher.execute(DefaultLauncher.java:86)
	at app//org.junit.platform.launcher.core.DefaultLauncherSession$DelegatingLauncher.execute(DefaultLauncherSession.java:86)
	at org.gradle.api.internal.tasks.testing.junitplatform.JUnitPlatformTestClassProcessor$CollectAllTestClassesExecutor.processAllTestClasses(JUnitPlatformTestClassProcessor.java:110)
	at org.gradle.api.internal.tasks.testing.junitplatform.JUnitPlatformTestClassProcessor$CollectAllTestClassesExecutor.access$000(JUnitPlatformTestClassProcessor.java:90)
	at org.gradle.api.internal.tasks.testing.junitplatform.JUnitPlatformTestClassProcessor.stop(JUnitPlatformTestClassProcessor.java:85)
	at org.gradle.api.internal.tasks.testing.SuiteTestClassProcessor.stop(SuiteTestClassProcessor.java:62)
	at java.base@11.0.18/jdk.internal.reflect.NativeMethodAccessorImpl.invoke0(Native Method)
	at java.base@11.0.18/jdk.internal.reflect.NativeMethodAccessorImpl.invoke(NativeMethodAccessorImpl.java:62)
	at java.base@11.0.18/jdk.internal.reflect.DelegatingMethodAccessorImpl.invoke(DelegatingMethodAccessorImpl.java:43)
	at java.base@11.0.18/java.lang.reflect.Method.invoke(Method.java:566)
	at org.gradle.internal.dispatch.ReflectionDispatch.dispatch(ReflectionDispatch.java:36)
	at org.gradle.internal.dispatch.ReflectionDispatch.dispatch(ReflectionDispatch.java:24)
	at org.gradle.internal.dispatch.ContextClassLoaderDispatch.dispatch(ContextClassLoaderDispatch.java:33)
	at org.gradle.internal.dispatch.ProxyDispatchAdapter$DispatchingInvocationHandler.invoke(ProxyDispatchAdapter.java:94)
	at com.sun.proxy.$Proxy2.stop(Unknown Source)
	at org.gradle.api.internal.tasks.testing.worker.TestWorker$3.run(TestWorker.java:193)
	at org.gradle.api.internal.tasks.testing.worker.TestWorker.executeAndMaintainThreadName(TestWorker.java:129)
	at org.gradle.api.internal.tasks.testing.worker.TestWorker.execute(TestWorker.java:100)
	at org.gradle.api.internal.tasks.testing.worker.TestWorker.execute(TestWorker.java:60)
	at org.gradle.process.internal.worker.child.ActionExecutionWorker.execute(ActionExecutionWorker.java:56)
	at org.gradle.process.internal.worker.child.SystemApplicationClassLoaderWorker.call(SystemApplicationClassLoaderWorker.java:113)
	at org.gradle.process.internal.worker.child.SystemApplicationClassLoaderWorker.call(SystemApplicationClassLoaderWorker.java:65)
	at app//worker.org.gradle.process.internal.worker.GradleWorkerMain.run(GradleWorkerMain.java:69)
	at app//worker.org.gradle.process.internal.worker.GradleWorkerMain.main(GradleWorkerMain.java:74)
</failure>
  </testcase>
  <testcase name="redux" classname="de.uka.ilkd.key.proof.runallproofs.RunAllProofsFunctional" time="125.31"/>
  <system-out><![CDATA[330        INFO  Test worker     d.u.i.k.p.r.RunAllProofsTestUnit Running test newBook 
355        INFO  Timeout watchdog d.u.i.k.p.r.p.ForkedTestFileRunner Timeout watcher launched (2000 secs.) 
379        WARN  main            d.u.i.k.s.ProofSettings   The settings in /home/runner/.key/proof-settings.props are *not* read. 
439        INFO  main            d.u.i.k.p.r.p.TestFile    Now processing file /home/runner/work/key/key/key.core/../key.ui/examples/newBook/09.list_modelfield/ArrayList.add.key 
588        INFO  main            d.u.i.k.p.i.AbstractProblemLoader Loading environment from /home/runner/work/key/key/key.core/../key.ui/examples/newBook/09.list_modelfield/ArrayList.add.key 
604        DEBUG main            d.u.i.k.p.i.AbstractProblemLoader Environment load took 2.33ms 
809        INFO  main            d.u.i.k.p.i.AbstractProblemLoader Creating init config 
1633       DEBUG main            d.u.i.k.j.TypeConverter   No LDT found for Meta 
1634       DEBUG main            d.u.i.k.j.TypeConverter   No LDT found for Meta 
1635       DEBUG main            d.u.i.k.j.TypeConverter   No LDT found for Meta 
1635       DEBUG main            d.u.i.k.j.TypeConverter   No LDT found for Meta 
2936       DEBUG main            d.u.i.k.j.TypeConverter   No LDT found for JavaBigintExpression 
7699       DEBUG main            d.u.i.k.p.i.AbstractProblemLoader Init config took 6.89s 
7870       INFO  main            d.u.i.k.p.i.AbstractProblemLoader Replaying proof ArrayList[List::add(int)].JML normal_behavior operation contract.0 
7902       DEBUG main            d.u.i.k.p.i.IntermediateProofReplayer Proof replay took 31.3ns 
25339      INFO  main            d.u.i.k.p.r.p.TestFile    ... finished proof: closed. 
25584      INFO  main            d.u.i.k.p.i.AbstractProblemLoader Loading environment from /home/runner/work/key/key/key.core/../key.ui/examples/newBook/09.list_modelfield/ArrayList.add.key.proof 
25584      DEBUG main            d.u.i.k.p.i.AbstractProblemLoader Environment load took 142.5ns 
25590      INFO  main            d.u.i.k.p.i.AbstractProblemLoader Creating init config 
28293      DEBUG main            d.u.i.k.p.i.AbstractProblemLoader Init config took 2.7s 
28385      INFO  main            d.u.i.k.p.i.AbstractProblemLoader Replaying proof ArrayList[List::add(int)].JML normal_behavior operation contract.0 
29788      DEBUG main            d.u.i.k.p.i.IntermediateProofReplayer Proof replay took 1.32s 
29801      DEBUG main            d.u.i.k.p.r.p.TestFile    ... success: reloaded. 
29805      INFO  main            d.u.i.k.p.r.p.TestFile    Now processing file /home/runner/work/key/key/key.core/../key.ui/examples/newBook/09.list_modelfield/ArrayList.remFirst.key 
29806      INFO  main            d.u.i.k.p.i.AbstractProblemLoader Loading environment from /home/runner/work/key/key/key.core/../key.ui/examples/newBook/09.list_modelfield/ArrayList.remFirst.key 
29806      DEBUG main            d.u.i.k.p.i.AbstractProblemLoader Environment load took 119.3ns 
29810      INFO  main            d.u.i.k.p.i.AbstractProblemLoader Creating init config 
32551      DEBUG main            d.u.i.k.p.i.AbstractProblemLoader Init config took 2.74s 
32612      INFO  main            d.u.i.k.p.i.AbstractProblemLoader Replaying proof ArrayList[List::remFirst()].JML normal_behavior operation contract.0 
32613      DEBUG main            d.u.i.k.p.i.IntermediateProofReplayer Proof replay took 6.1ns 
37141      INFO  main            d.u.i.k.p.r.p.TestFile    ... finished proof: closed. 
37334      INFO  main            d.u.i.k.p.i.AbstractProblemLoader Loading environment from /home/runner/work/key/key/key.core/../key.ui/examples/newBook/09.list_modelfield/ArrayList.remFirst.key.proof 
37334      DEBUG main            d.u.i.k.p.i.AbstractProblemLoader Environment load took 132.4ns 
37338      INFO  main            d.u.i.k.p.i.AbstractProblemLoader Creating init config 
39888      DEBUG main            d.u.i.k.p.i.AbstractProblemLoader Init config took 2.55s 
39952      INFO  main            d.u.i.k.p.i.AbstractProblemLoader Replaying proof ArrayList[List::remFirst()].JML normal_behavior operation contract.0 
40552      DEBUG main            d.u.i.k.p.i.IntermediateProofReplayer Proof replay took 579.6ms 
40555      DEBUG main            d.u.i.k.p.r.p.TestFile    ... success: reloaded. 
40561      INFO  main            d.u.i.k.p.r.p.TestFile    Now processing file /home/runner/work/key/key/key.core/../key.ui/examples/newBook/09.list_modelfield/ArrayList.empty.key 
40561      INFO  main            d.u.i.k.p.i.AbstractProblemLoader Loading environment from /home/runner/work/key/key/key.core/../key.ui/examples/newBook/09.list_modelfield/ArrayList.empty.key 
40561      DEBUG main            d.u.i.k.p.i.AbstractProblemLoader Environment load took 68.6ns 
40562      INFO  main            d.u.i.k.p.i.AbstractProblemLoader Creating init config 
43070      DEBUG main            d.u.i.k.p.i.AbstractProblemLoader Init config took 2.51s 
43118      INFO  main            d.u.i.k.p.i.AbstractProblemLoader Replaying proof ArrayList[List::empty()].JML normal_behavior operation contract.0 
43119      DEBUG main            d.u.i.k.p.i.IntermediateProofReplayer Proof replay took 5.4ns 
44124      INFO  main            d.u.i.k.p.r.p.TestFile    ... finished proof: closed. 
44293      INFO  main            d.u.i.k.p.i.AbstractProblemLoader Loading environment from /home/runner/work/key/key/key.core/../key.ui/examples/newBook/09.list_modelfield/ArrayList.empty.key.proof 
44293      DEBUG main            d.u.i.k.p.i.AbstractProblemLoader Environment load took 112.7ns 
44298      INFO  main            d.u.i.k.p.i.AbstractProblemLoader Creating init config 
46787      DEBUG main            d.u.i.k.p.i.AbstractProblemLoader Init config took 2.49s 
46835      INFO  main            d.u.i.k.p.i.AbstractProblemLoader Replaying proof ArrayList[List::empty()].JML normal_behavior operation contract.0 
46976      DEBUG main            d.u.i.k.p.i.IntermediateProofReplayer Proof replay took 134.29ms 
46977      DEBUG main            d.u.i.k.p.r.p.TestFile    ... success: reloaded. 
46979      INFO  main            d.u.i.k.p.r.p.TestFile    Now processing file /home/runner/work/key/key/key.core/../key.ui/examples/newBook/09.list_modelfield/ArrayList.size.key 
46979      INFO  main            d.u.i.k.p.i.AbstractProblemLoader Loading environment from /home/runner/work/key/key/key.core/../key.ui/examples/newBook/09.list_modelfield/ArrayList.size.key 
46979      DEBUG main            d.u.i.k.p.i.AbstractProblemLoader Environment load took 57.1ns 
46980      INFO  main            d.u.i.k.p.i.AbstractProblemLoader Creating init config 
49463      DEBUG main            d.u.i.k.p.i.AbstractProblemLoader Init config took 2.48s 
49510      INFO  main            d.u.i.k.p.i.AbstractProblemLoader Replaying proof ArrayList[List::size()].JML normal_behavior operation contract.0 
49511      DEBUG main            d.u.i.k.p.i.IntermediateProofReplayer Proof replay took 4.8ns 
49916      INFO  main            d.u.i.k.p.r.p.TestFile    ... finished proof: closed. 
50099      INFO  main            d.u.i.k.p.i.AbstractProblemLoader Loading environment from /home/runner/work/key/key/key.core/../key.ui/examples/newBook/09.list_modelfield/ArrayList.size.key.proof 
50099      DEBUG main            d.u.i.k.p.i.AbstractProblemLoader Environment load took 116.8ns 
50101      INFO  main            d.u.i.k.p.i.AbstractProblemLoader Creating init config 
52512      DEBUG main            d.u.i.k.p.i.AbstractProblemLoader Init config took 2.41s 
52558      INFO  main            d.u.i.k.p.i.AbstractProblemLoader Replaying proof ArrayList[List::size()].JML normal_behavior operation contract.0 
52614      DEBUG main            d.u.i.k.p.i.IntermediateProofReplayer Proof replay took 52.9ms 
52615      DEBUG main            d.u.i.k.p.r.p.TestFile    ... success: reloaded. 
52618      INFO  main            d.u.i.k.p.r.p.TestFile    Now processing file /home/runner/work/key/key/key.core/../key.ui/examples/newBook/09.list_modelfield/ArrayList.get.key 
52618      INFO  main            d.u.i.k.p.i.AbstractProblemLoader Loading environment from /home/runner/work/key/key/key.core/../key.ui/examples/newBook/09.list_modelfield/ArrayList.get.key 
52618      DEBUG main            d.u.i.k.p.i.AbstractProblemLoader Environment load took 62.2ns 
52619      INFO  main            d.u.i.k.p.i.AbstractProblemLoader Creating init config 
55131      DEBUG main            d.u.i.k.p.i.AbstractProblemLoader Init config took 2.51s 
55184      INFO  main            d.u.i.k.p.i.AbstractProblemLoader Replaying proof ArrayList[List::get(int)].JML normal_behavior operation contract.0 
55186      DEBUG main            d.u.i.k.p.i.IntermediateProofReplayer Proof replay took 6.3ns 
56191      INFO  main            d.u.i.k.p.r.p.TestFile    ... finished proof: closed. 
56376      INFO  main            d.u.i.k.p.i.AbstractProblemLoader Loading environment from /home/runner/work/key/key/key.core/../key.ui/examples/newBook/09.list_modelfield/ArrayList.get.key.proof 
56378      DEBUG main            d.u.i.k.p.i.AbstractProblemLoader Environment load took 2.28ms 
56380      INFO  main            d.u.i.k.p.i.AbstractProblemLoader Creating init config 
58823      DEBUG main            d.u.i.k.p.i.AbstractProblemLoader Init config took 2.44s 
58868      INFO  main            d.u.i.k.p.i.AbstractProblemLoader Replaying proof ArrayList[List::get(int)].JML normal_behavior operation contract.0 
58971      DEBUG main            d.u.i.k.p.i.IntermediateProofReplayer Proof replay took 97.2ms 
58972      DEBUG main            d.u.i.k.p.r.p.TestFile    ... success: reloaded. 
59498      INFO  Test worker     d.u.i.k.p.r.RunAllProofsTestUnit Returning from test newBook 
59501      INFO  Test worker     d.u.i.k.p.r.RunAllProofsTestUnit Running test oldBook 
363        INFO  Timeout watchdog d.u.i.k.p.r.p.ForkedTestFileRunner Timeout watcher launched (2000 secs.) 
379        WARN  main            d.u.i.k.s.ProofSettings   The settings in /home/runner/.key/proof-settings.props are *not* read. 
423        INFO  main            d.u.i.k.p.r.p.TestFile    Now processing file /home/runner/work/key/key/key.core/../key.ui/examples/standard_key/BookExamples/02FirstOrderLogic/Ex2.58.key 
519        INFO  main            d.u.i.k.p.i.AbstractProblemLoader Loading environment from /home/runner/work/key/key/key.core/../key.ui/examples/standard_key/BookExamples/02FirstOrderLogic/Ex2.58.key 
536        DEBUG main            d.u.i.k.p.i.AbstractProblemLoader Environment load took 2.7ms 
775        INFO  main            d.u.i.k.p.i.AbstractProblemLoader Creating init config 
1568       DEBUG main            d.u.i.k.j.TypeConverter   No LDT found for Meta 
1573       DEBUG main            d.u.i.k.j.TypeConverter   No LDT found for Meta 
1577       DEBUG main            d.u.i.k.j.TypeConverter   No LDT found for Meta 
1578       DEBUG main            d.u.i.k.j.TypeConverter   No LDT found for Meta 
2889       DEBUG main            d.u.i.k.j.TypeConverter   No LDT found for JavaBigintExpression 
7768       DEBUG main            d.u.i.k.p.i.AbstractProblemLoader Init config took 6.99s 
7845       INFO  main            d.u.i.k.p.i.AbstractProblemLoader Replaying proof Ex2.58.key 
7878       DEBUG main            d.u.i.k.p.i.IntermediateProofReplayer Proof replay took 32.9ns 
8036       INFO  main            d.u.i.k.p.r.p.TestFile    ... finished proof: closed. 
8123       INFO  main            d.u.i.k.p.i.AbstractProblemLoader Loading environment from /home/runner/work/key/key/key.core/../key.ui/examples/standard_key/BookExamples/02FirstOrderLogic/Ex2.58.key.proof 
8123       DEBUG main            d.u.i.k.p.i.AbstractProblemLoader Environment load took 123.4ns 
8130       INFO  main            d.u.i.k.p.i.AbstractProblemLoader Creating init config 
10816      DEBUG main            d.u.i.k.p.i.AbstractProblemLoader Init config took 2.69s 
10846      INFO  main            d.u.i.k.p.i.AbstractProblemLoader Replaying proof Ex2.58.key.proof 
10854      DEBUG main            d.u.i.k.p.i.IntermediateProofReplayer Proof replay took 3.8ms 
10866      DEBUG main            d.u.i.k.p.r.p.TestFile    ... success: reloaded. 
10870      INFO  main            d.u.i.k.p.r.p.TestFile    Now processing file /home/runner/work/key/key/key.core/../key.ui/examples/standard_key/BookExamples/03DynamicLogic/Sect3.3.1.key 
10871      INFO  main            d.u.i.k.p.i.AbstractProblemLoader Loading environment from /home/runner/work/key/key/key.core/../key.ui/examples/standard_key/BookExamples/03DynamicLogic/Sect3.3.1.key 
10872      DEBUG main            d.u.i.k.p.i.AbstractProblemLoader Environment load took 709.9ns 
10874      INFO  main            d.u.i.k.p.i.AbstractProblemLoader Creating init config 
13396      DEBUG main            d.u.i.k.p.i.AbstractProblemLoader Init config took 2.52s 
13429      INFO  main            d.u.i.k.p.i.AbstractProblemLoader Replaying proof Sect3.3.1.key 
13434      DEBUG main            d.u.i.k.p.i.IntermediateProofReplayer Proof replay took 6.1ns 
13841      INFO  main            d.u.i.k.p.r.p.TestFile    ... finished proof: closed. 
13962      INFO  main            d.u.i.k.p.i.AbstractProblemLoader Loading environment from /home/runner/work/key/key/key.core/../key.ui/examples/standard_key/BookExamples/03DynamicLogic/Sect3.3.1.key.proof 
13964      DEBUG main            d.u.i.k.p.i.AbstractProblemLoader Environment load took 1.43ms 
13967      INFO  main            d.u.i.k.p.i.AbstractProblemLoader Creating init config 
16461      DEBUG main            d.u.i.k.p.i.AbstractProblemLoader Init config took 2.49s 
16487      INFO  main            d.u.i.k.p.i.AbstractProblemLoader Replaying proof Sect3.3.1.key.proof 
16503      DEBUG main            d.u.i.k.p.i.IntermediateProofReplayer Proof replay took 12ms 
16507      WARN  main            d.u.i.k.p.r.p.TestFile    Replay exception de.uka.ilkd.key.proof.io.ProblemLoaderException: Error loading proof.
Line 99, goal 3, rule assignmentDivisionInt not available or not applicable in this context.
	at de.uka.ilkd.key.proof.io.IntermediateProofReplayer.reportError(IntermediateProofReplayer.java:782)
Caused by: java.lang.IndexOutOfBoundsException: Index: 1, Size: 1
	at java.base/java.util.LinkedList.checkElementIndex(LinkedList.java:559)

16517      WARN  main            d.u.i.k.p.r.p.TestFile    Replay exception de.uka.ilkd.key.proof.io.ProblemLoaderException: Error loading proof.
Line 101, goal 5, rule throwUnfold not available or not applicable in this context.
	at de.uka.ilkd.key.proof.io.IntermediateProofReplayer.reportError(IntermediateProofReplayer.java:782)
Caused by: de.uka.ilkd.key.proof.io.IntermediateProofReplayer$TacletAppConstructionException: Wrong position information: Term subterm: [1] of \<{
  try {} catch (Exception e) {
    thrown = e;
  }
}\> (not(equals(thrown,null)))
	at de.uka.ilkd.key.proof.io.IntermediateProofReplayer.constructTacletApp(IntermediateProofReplayer.java:460)
Caused by: java.lang.ArrayIndexOutOfBoundsException: Index 1 out of bounds for length 1
	at org.key_project.util.collection.ImmutableArray.get(ImmutableArray.java:61)

16520      DEBUG main            d.u.i.k.p.r.p.TestFile    Exception java.lang.Exception: Exception while loading proof (see cause for details): /home/runner/work/key/key/key.core/../key.ui/examples/standard_key/BookExamples/03DynamicLogic/Sect3.3.1.key.proof
	at de.uka.ilkd.key.proof.runallproofs.proofcollection.TestFile.reloadProof(TestFile.java:314)
Caused by: de.uka.ilkd.key.proof.io.ProblemLoaderException: Error loading proof.
Line 99, goal 3, rule assignmentDivisionInt not available or not applicable in this context.
	at de.uka.ilkd.key.proof.io.IntermediateProofReplayer.reportError(IntermediateProofReplayer.java:782)
Caused by: java.lang.IndexOutOfBoundsException: Index: 1, Size: 1
	at java.base/java.util.LinkedList.checkElementIndex(LinkedList.java:559)

16525      WARN  main            d.u.i.k.p.r.p.ForkedTestFileRunner Run failed java.lang.Exception: Exception while loading proof (see cause for details): /home/runner/work/key/key/key.core/../key.ui/examples/standard_key/BookExamples/03DynamicLogic/Sect3.3.1.key.proof
	at de.uka.ilkd.key.proof.runallproofs.proofcollection.TestFile.reloadProof(TestFile.java:314)
Caused by: de.uka.ilkd.key.proof.io.ProblemLoaderException: Error loading proof.
Line 99, goal 3, rule assignmentDivisionInt not available or not applicable in this context.
	at de.uka.ilkd.key.proof.io.IntermediateProofReplayer.reportError(IntermediateProofReplayer.java:782)
Caused by: java.lang.IndexOutOfBoundsException: Index: 1, Size: 1
	at java.base/java.util.LinkedList.checkElementIndex(LinkedList.java:559)

76285      INFO  Test worker     d.u.i.k.p.r.RunAllProofsTestUnit Running test comprehensions 
350        INFO  Timeout watchdog d.u.i.k.p.r.p.ForkedTestFileRunner Timeout watcher launched (2000 secs.) 
369        WARN  main            d.u.i.k.s.ProofSettings   The settings in /home/runner/.key/proof-settings.props are *not* read. 
422        INFO  main            d.u.i.k.p.r.p.TestFile    Now processing file /home/runner/work/key/key/key.core/../key.ui/examples/heap/comprehensions/general_sum.key 
520        INFO  main            d.u.i.k.p.i.AbstractProblemLoader Loading environment from /home/runner/work/key/key/key.core/../key.ui/examples/heap/comprehensions/general_sum.key 
536        DEBUG main            d.u.i.k.p.i.AbstractProblemLoader Environment load took 2.31ms 
781        INFO  main            d.u.i.k.p.i.AbstractProblemLoader Creating init config 
1747       DEBUG main            d.u.i.k.j.TypeConverter   No LDT found for Meta 
1747       DEBUG main            d.u.i.k.j.TypeConverter   No LDT found for Meta 
1748       DEBUG main            d.u.i.k.j.TypeConverter   No LDT found for Meta 
1748       DEBUG main            d.u.i.k.j.TypeConverter   No LDT found for Meta 
3542       DEBUG main            d.u.i.k.j.TypeConverter   No LDT found for JavaBigintExpression 
8790       DEBUG main            d.u.i.k.p.i.AbstractProblemLoader Init config took 8.01s 
8936       INFO  main            d.u.i.k.p.i.AbstractProblemLoader Replaying proof GSum[GSum::doNothing()].JML operation contract.0 
8969       DEBUG main            d.u.i.k.p.i.IntermediateProofReplayer Proof replay took 31.7ns 
9309       INFO  main            d.u.i.k.p.r.p.TestFile    ... finished proof: closed. 
9412       INFO  main            d.u.i.k.p.i.AbstractProblemLoader Loading environment from /home/runner/work/key/key/key.core/../key.ui/examples/heap/comprehensions/general_sum.key.proof 
9412       DEBUG main            d.u.i.k.p.i.AbstractProblemLoader Environment load took 128.8ns 
9417       INFO  main            d.u.i.k.p.i.AbstractProblemLoader Creating init config 
12280      DEBUG main            d.u.i.k.p.i.AbstractProblemLoader Init config took 2.86s 
12359      INFO  main            d.u.i.k.p.i.AbstractProblemLoader Replaying proof GSum[GSum::doNothing()].JML operation contract.0 
12375      DEBUG main            d.u.i.k.p.i.IntermediateProofReplayer Proof replay took 12.23ms 
12382      DEBUG main            d.u.i.k.p.r.p.TestFile    ... success: reloaded. 
12385      INFO  main            d.u.i.k.p.r.p.TestFile    Now processing file /home/runner/work/key/key/key.core/../key.ui/examples/heap/comprehensions/sum0.key 
12385      INFO  main            d.u.i.k.p.i.AbstractProblemLoader Loading environment from /home/runner/work/key/key/key.core/../key.ui/examples/heap/comprehensions/sum0.key 
12385      DEBUG main            d.u.i.k.p.i.AbstractProblemLoader Environment load took 72.4ns 
12387      INFO  main            d.u.i.k.p.i.AbstractProblemLoader Creating init config 
15140      DEBUG main            d.u.i.k.p.i.AbstractProblemLoader Init config took 2.75s 
15217      INFO  main            d.u.i.k.p.i.AbstractProblemLoader Replaying proof Sum[Sum::sum0([I)].JML normal_behavior operation contract.0 
15220      DEBUG main            d.u.i.k.p.i.IntermediateProofReplayer Proof replay took 5.7ns 
15376      DEBUG Thread-4        d.u.i.k.l.l.OriginTermLabel commonFileName is null! 
15378      DEBUG Thread-4        d.u.i.k.l.l.OriginTermLabel commonFileName is null! 
15667      DEBUG Thread-4        d.u.i.k.l.l.OriginTermLabel commonFileName is null! 
15667      DEBUG Thread-4        d.u.i.k.l.l.OriginTermLabel commonFileName is null! 
15889      DEBUG Thread-4        d.u.i.k.l.l.OriginTermLabel commonFileName is null! 
16131      INFO  main            d.u.i.k.p.r.p.TestFile    ... finished proof: closed. 
16278      INFO  main            d.u.i.k.p.i.AbstractProblemLoader Loading environment from /home/runner/work/key/key/key.core/../key.ui/examples/heap/comprehensions/sum0.key.proof 
16279      DEBUG main            d.u.i.k.p.i.AbstractProblemLoader Environment load took 1.71ms 
16281      INFO  main            d.u.i.k.p.i.AbstractProblemLoader Creating init config 
18895      DEBUG main            d.u.i.k.p.i.AbstractProblemLoader Init config took 2.61s 
18946      INFO  main            d.u.i.k.p.i.AbstractProblemLoader Replaying proof Sum[Sum::sum0([I)].JML normal_behavior operation contract.0 
18991      DEBUG main            d.u.i.k.l.l.OriginTermLabel commonFileName is null! 
18991      DEBUG main            d.u.i.k.l.l.OriginTermLabel commonFileName is null! 
19044      DEBUG main            d.u.i.k.l.l.OriginTermLabel commonFileName is null! 
19076      DEBUG main            d.u.i.k.l.l.OriginTermLabel commonFileName is null! 
19077      DEBUG main            d.u.i.k.l.l.OriginTermLabel commonFileName is null! 
19079      DEBUG main            d.u.i.k.p.i.IntermediateProofReplayer Proof replay took 127.72ms 
19080      DEBUG main            d.u.i.k.p.r.p.TestFile    ... success: reloaded. 
19083      INFO  main            d.u.i.k.p.r.p.TestFile    Now processing file /home/runner/work/key/key/key.core/../key.ui/examples/heap/comprehensions/sum1.key 
19083      INFO  main            d.u.i.k.p.i.AbstractProblemLoader Loading environment from /home/runner/work/key/key/key.core/../key.ui/examples/heap/comprehensions/sum1.key 
19083      DEBUG main            d.u.i.k.p.i.AbstractProblemLoader Environment load took 69.1ns 
19084      INFO  main            d.u.i.k.p.i.AbstractProblemLoader Creating init config 
21769      DEBUG main            d.u.i.k.p.i.AbstractProblemLoader Init config took 2.68s 
21820      INFO  main            d.u.i.k.p.i.AbstractProblemLoader Replaying proof Sum[Sum::sum1([I)].JML normal_behavior operation contract.0 
21822      DEBUG main            d.u.i.k.p.i.IntermediateProofReplayer Proof replay took 6.1ns 
21909      DEBUG Thread-7        d.u.i.k.l.l.OriginTermLabel commonFileName is null! 
21910      DEBUG Thread-7        d.u.i.k.l.l.OriginTermLabel commonFileName is null! 
22055      DEBUG Thread-7        d.u.i.k.l.l.OriginTermLabel commonFileName is null! 
22056      DEBUG Thread-7        d.u.i.k.l.l.OriginTermLabel commonFileName is null! 
22199      DEBUG Thread-7        d.u.i.k.l.l.OriginTermLabel commonFileName is null! 
22431      INFO  main            d.u.i.k.p.r.p.TestFile    ... finished proof: closed. 
22611      INFO  main            d.u.i.k.p.i.AbstractProblemLoader Loading environment from /home/runner/work/key/key/key.core/../key.ui/examples/heap/comprehensions/sum1.key.proof 
22612      DEBUG main            d.u.i.k.p.i.AbstractProblemLoader Environment load took 113.5ns 
22615      INFO  main            d.u.i.k.p.i.AbstractProblemLoader Creating init config 
25133      DEBUG main            d.u.i.k.p.i.AbstractProblemLoader Init config took 2.52s 
25178      INFO  main            d.u.i.k.p.i.AbstractProblemLoader Replaying proof Sum[Sum::sum1([I)].JML normal_behavior operation contract.0 
25208      DEBUG main            d.u.i.k.l.l.OriginTermLabel commonFileName is null! 
25209      DEBUG main            d.u.i.k.l.l.OriginTermLabel commonFileName is null! 
25254      DEBUG main            d.u.i.k.l.l.OriginTermLabel commonFileName is null! 
25285      DEBUG main            d.u.i.k.l.l.OriginTermLabel commonFileName is null! 
25286      DEBUG main            d.u.i.k.l.l.OriginTermLabel commonFileName is null! 
25288      DEBUG main            d.u.i.k.p.i.IntermediateProofReplayer Proof replay took 105.23ms 
25290      DEBUG main            d.u.i.k.p.r.p.TestFile    ... success: reloaded. 
25292      INFO  main            d.u.i.k.p.r.p.TestFile    Now processing file /home/runner/work/key/key/key.core/../key.ui/examples/heap/comprehensions/sum2.key 
25292      INFO  main            d.u.i.k.p.i.AbstractProblemLoader Loading environment from /home/runner/work/key/key/key.core/../key.ui/examples/heap/comprehensions/sum2.key 
25293      DEBUG main            d.u.i.k.p.i.AbstractProblemLoader Environment load took 785ns 
25304      INFO  main            d.u.i.k.p.i.AbstractProblemLoader Creating init config 
27844      DEBUG main            d.u.i.k.p.i.AbstractProblemLoader Init config took 2.54s 
27889      INFO  main            d.u.i.k.p.i.AbstractProblemLoader Replaying proof Sum[Sum::sum2([I)].JML normal_behavior operation contract.0 
27890      DEBUG main            d.u.i.k.p.i.IntermediateProofReplayer Proof replay took 5.5ns 
27935      DEBUG Thread-10       d.u.i.k.l.l.OriginTermLabel commonFileName is null! 
27935      DEBUG Thread-10       d.u.i.k.l.l.OriginTermLabel commonFileName is null! 
28040      DEBUG Thread-10       d.u.i.k.l.l.OriginTermLabel commonFileName is null! 
28040      DEBUG Thread-10       d.u.i.k.l.l.OriginTermLabel commonFileName is null! 
28116      DEBUG Thread-10       d.u.i.k.l.l.OriginTermLabel commonFileName is null! 
28293      INFO  main            d.u.i.k.p.r.p.TestFile    ... finished proof: closed. 
28449      INFO  main            d.u.i.k.p.i.AbstractProblemLoader Loading environment from /home/runner/work/key/key/key.core/../key.ui/examples/heap/comprehensions/sum2.key.proof 
28451      DEBUG main            d.u.i.k.p.i.AbstractProblemLoader Environment load took 1.62ms 
28454      INFO  main            d.u.i.k.p.i.AbstractProblemLoader Creating init config 
30933      DEBUG main            d.u.i.k.p.i.AbstractProblemLoader Init config took 2.48s 
30977      INFO  main            d.u.i.k.p.i.AbstractProblemLoader Replaying proof Sum[Sum::sum2([I)].JML normal_behavior operation contract.0 
31000      DEBUG main            d.u.i.k.l.l.OriginTermLabel commonFileName is null! 
31000      DEBUG main            d.u.i.k.l.l.OriginTermLabel commonFileName is null! 
31033      DEBUG main            d.u.i.k.l.l.OriginTermLabel commonFileName is null! 
31057      DEBUG main            d.u.i.k.l.l.OriginTermLabel commonFileName is null! 
31057      DEBUG main            d.u.i.k.l.l.OriginTermLabel commonFileName is null! 
31059      DEBUG main            d.u.i.k.p.i.IntermediateProofReplayer Proof replay took 78.8ms 
31060      DEBUG main            d.u.i.k.p.r.p.TestFile    ... success: reloaded. 
31062      INFO  main            d.u.i.k.p.r.p.TestFile    Now processing file /home/runner/work/key/key/key.core/../key.ui/examples/heap/comprehensions/sum3.key 
31062      INFO  main            d.u.i.k.p.i.AbstractProblemLoader Loading environment from /home/runner/work/key/key/key.core/../key.ui/examples/heap/comprehensions/sum3.key 
31062      DEBUG main            d.u.i.k.p.i.AbstractProblemLoader Environment load took 57.2ns 
31066      INFO  main            d.u.i.k.p.i.AbstractProblemLoader Creating init config 
33587      DEBUG main            d.u.i.k.p.i.AbstractProblemLoader Init config took 2.52s 
33648      INFO  main            d.u.i.k.p.i.AbstractProblemLoader Replaying proof Sum[Sum::sum3([I)].JML normal_behavior operation contract.0 
33651      DEBUG main            d.u.i.k.p.i.IntermediateProofReplayer Proof replay took 5.9ns 
33704      DEBUG Thread-13       d.u.i.k.l.l.OriginTermLabel commonFileName is null! 
33705      DEBUG Thread-13       d.u.i.k.l.l.OriginTermLabel commonFileName is null! 
33824      DEBUG Thread-13       d.u.i.k.l.l.OriginTermLabel commonFileName is null! 
33825      DEBUG Thread-13       d.u.i.k.l.l.OriginTermLabel commonFileName is null! 
33891      DEBUG Thread-13       d.u.i.k.l.l.OriginTermLabel commonFileName is null! 
34054      INFO  main            d.u.i.k.p.r.p.TestFile    ... finished proof: closed. 
34190      INFO  main            d.u.i.k.p.i.AbstractProblemLoader Loading environment from /home/runner/work/key/key/key.core/../key.ui/examples/heap/comprehensions/sum3.key.proof 
34191      DEBUG main            d.u.i.k.p.i.AbstractProblemLoader Environment load took 108.2ns 
34195      INFO  main            d.u.i.k.p.i.AbstractProblemLoader Creating init config 
36646      DEBUG main            d.u.i.k.p.i.AbstractProblemLoader Init config took 2.45s 
36696      INFO  main            d.u.i.k.p.i.AbstractProblemLoader Replaying proof Sum[Sum::sum3([I)].JML normal_behavior operation contract.0 
36724      DEBUG main            d.u.i.k.l.l.OriginTermLabel commonFileName is null! 
36724      DEBUG main            d.u.i.k.l.l.OriginTermLabel commonFileName is null! 
36760      DEBUG main            d.u.i.k.l.l.OriginTermLabel commonFileName is null! 
36782      DEBUG main            d.u.i.k.l.l.OriginTermLabel commonFileName is null! 
36783      DEBUG main            d.u.i.k.l.l.OriginTermLabel commonFileName is null! 
36786      DEBUG main            d.u.i.k.p.i.IntermediateProofReplayer Proof replay took 86.05ms 
36787      DEBUG main            d.u.i.k.p.r.p.TestFile    ... success: reloaded. 
36790      INFO  main            d.u.i.k.p.r.p.TestFile    Now processing file /home/runner/work/key/key/key.core/../key.ui/examples/heap/comprehensions/segsum.key 
36790      INFO  main            d.u.i.k.p.i.AbstractProblemLoader Loading environment from /home/runner/work/key/key/key.core/../key.ui/examples/heap/comprehensions/segsum.key 
36791      DEBUG main            d.u.i.k.p.i.AbstractProblemLoader Environment load took 607.9ns 
36792      INFO  main            d.u.i.k.p.i.AbstractProblemLoader Creating init config 
39375      DEBUG main            d.u.i.k.p.i.AbstractProblemLoader Init config took 2.58s 
39418      INFO  main            d.u.i.k.p.i.AbstractProblemLoader Replaying proof SegSum[SegSum::segSum([I,int,int)].JML normal_behavior operation contract.0 
39420      DEBUG main            d.u.i.k.p.i.IntermediateProofReplayer Proof replay took 5.7ns 
39826      INFO  main            d.u.i.k.p.r.p.TestFile    ... finished proof: closed. 
39996      INFO  main            d.u.i.k.p.i.AbstractProblemLoader Loading environment from /home/runner/work/key/key/key.core/../key.ui/examples/heap/comprehensions/segsum.key.proof 
39996      DEBUG main            d.u.i.k.p.i.AbstractProblemLoader Environment load took 114.8ns 
39998      INFO  main            d.u.i.k.p.i.AbstractProblemLoader Creating init config 
42575      DEBUG main            d.u.i.k.p.i.AbstractProblemLoader Init config took 2.58s 
42622      INFO  main            d.u.i.k.p.i.AbstractProblemLoader Replaying proof SegSum[SegSum::segSum([I,int,int)].JML normal_behavior operation contract.0 
42705      DEBUG main            d.u.i.k.p.i.IntermediateProofReplayer Proof replay took 77.73ms 
42708      DEBUG main            d.u.i.k.p.r.p.TestFile    ... success: reloaded. 
42710      INFO  main            d.u.i.k.p.r.p.TestFile    Now processing file /home/runner/work/key/key/key.core/../key.ui/examples/heap/comprehensions/bsum_negative.key 
42711      INFO  main            d.u.i.k.p.i.AbstractProblemLoader Loading environment from /home/runner/work/key/key/key.core/../key.ui/examples/heap/comprehensions/bsum_negative.key 
42711      DEBUG main            d.u.i.k.p.i.AbstractProblemLoader Environment load took 84.7ns 
42712      INFO  main            d.u.i.k.p.i.AbstractProblemLoader Creating init config 
45084      DEBUG main            d.u.i.k.p.i.AbstractProblemLoader Init config took 2.37s 
45102      INFO  main            d.u.i.k.p.i.AbstractProblemLoader Replaying proof bsum_negative.key 
45104      DEBUG main            d.u.i.k.p.i.IntermediateProofReplayer Proof replay took 6.9ns 
45208      INFO  main            d.u.i.k.p.r.p.TestFile    ... finished proof: closed. 
45354      INFO  main            d.u.i.k.p.i.AbstractProblemLoader Loading environment from /home/runner/work/key/key/key.core/../key.ui/examples/heap/comprehensions/bsum_negative.key.proof 
45354      DEBUG main            d.u.i.k.p.i.AbstractProblemLoader Environment load took 108.8ns 
45355      INFO  main            d.u.i.k.p.i.AbstractProblemLoader Creating init config 
47662      DEBUG main            d.u.i.k.p.i.AbstractProblemLoader Init config took 2.31s 
47681      INFO  main            d.u.i.k.p.i.AbstractProblemLoader Replaying proof bsum_negative.key.proof 
47684      DEBUG main            d.u.i.k.p.i.IntermediateProofReplayer Proof replay took 1.41ms 
47685      DEBUG main            d.u.i.k.p.r.p.TestFile    ... success: reloaded. 
47687      INFO  main            d.u.i.k.p.r.p.TestFile    Now processing file /home/runner/work/key/key/key.core/../key.ui/examples/heap/comprehensions/bsum_neg2.key 
47687      INFO  main            d.u.i.k.p.i.AbstractProblemLoader Loading environment from /home/runner/work/key/key/key.core/../key.ui/examples/heap/comprehensions/bsum_neg2.key 
47687      DEBUG main            d.u.i.k.p.i.AbstractProblemLoader Environment load took 104.7ns 
47688      INFO  main            d.u.i.k.p.i.AbstractProblemLoader Creating init config 
50085      DEBUG main            d.u.i.k.p.i.AbstractProblemLoader Init config took 2.4s 
50106      INFO  main            d.u.i.k.p.i.AbstractProblemLoader Replaying proof bsum_neg2.key 
50107      DEBUG main            d.u.i.k.p.i.IntermediateProofReplayer Proof replay took 6.2ns 
50209      INFO  main            d.u.i.k.p.r.p.TestFile    ... finished proof: closed. 
50369      INFO  main            d.u.i.k.p.i.AbstractProblemLoader Loading environment from /home/runner/work/key/key/key.core/../key.ui/examples/heap/comprehensions/bsum_neg2.key.proof 
50370      DEBUG main            d.u.i.k.p.i.AbstractProblemLoader Environment load took 112.9ns 
50371      INFO  main            d.u.i.k.p.i.AbstractProblemLoader Creating init config 
52648      DEBUG main            d.u.i.k.p.i.AbstractProblemLoader Init config took 2.28s 
52668      INFO  main            d.u.i.k.p.i.AbstractProblemLoader Replaying proof bsum_neg2.key.proof 
52671      DEBUG main            d.u.i.k.p.i.IntermediateProofReplayer Proof replay took 946.5ns 
52673      DEBUG main            d.u.i.k.p.r.p.TestFile    ... success: reloaded. 
52679      INFO  main            d.u.i.k.p.r.p.TestFile    Now processing file /home/runner/work/key/key/key.core/../key.ui/examples/heap/comprehensions/bsumSplit.key 
52679      INFO  main            d.u.i.k.p.i.AbstractProblemLoader Loading environment from /home/runner/work/key/key/key.core/../key.ui/examples/heap/comprehensions/bsumSplit.key 
52680      DEBUG main            d.u.i.k.p.i.AbstractProblemLoader Environment load took 324.1ns 
52681      INFO  main            d.u.i.k.p.i.AbstractProblemLoader Creating init config 
54991      DEBUG main            d.u.i.k.p.i.AbstractProblemLoader Init config took 2.31s 
55006      INFO  main            d.u.i.k.p.i.AbstractProblemLoader Replaying proof bsumSplit.key 
55008      DEBUG main            d.u.i.k.p.i.IntermediateProofReplayer Proof replay took 6.2ns 
55110      INFO  main            d.u.i.k.p.r.p.TestFile    ... finished proof: closed. 
55281      INFO  main            d.u.i.k.p.i.AbstractProblemLoader Loading environment from /home/runner/work/key/key/key.core/../key.ui/examples/heap/comprehensions/bsumSplit.key.proof 
55281      DEBUG main            d.u.i.k.p.i.AbstractProblemLoader Environment load took 101.4ns 
55284      INFO  main            d.u.i.k.p.i.AbstractProblemLoader Creating init config 
57533      DEBUG main            d.u.i.k.p.i.AbstractProblemLoader Init config took 2.25s 
57547      INFO  main            d.u.i.k.p.i.AbstractProblemLoader Replaying proof bsumSplit.key.proof 
57552      DEBUG main            d.u.i.k.p.i.IntermediateProofReplayer Proof replay took 3.36ms 
57553      DEBUG main            d.u.i.k.p.r.p.TestFile    ... success: reloaded. 
57555      INFO  main            d.u.i.k.p.r.p.TestFile    Now processing file /home/runner/work/key/key/key.core/../key.ui/examples/heap/comprehensions/bprodSplit.key 
57555      INFO  main            d.u.i.k.p.i.AbstractProblemLoader Loading environment from /home/runner/work/key/key/key.core/../key.ui/examples/heap/comprehensions/bprodSplit.key 
57562      DEBUG main            d.u.i.k.p.i.AbstractProblemLoader Environment load took 6.88ms 
57563      INFO  main            d.u.i.k.p.i.AbstractProblemLoader Creating init config 
59909      DEBUG main            d.u.i.k.p.i.AbstractProblemLoader Init config took 2.35s 
59924      INFO  main            d.u.i.k.p.i.AbstractProblemLoader Replaying proof bprodSplit.key 
59927      DEBUG main            d.u.i.k.p.i.IntermediateProofReplayer Proof replay took 5.7ns 
60029      INFO  main            d.u.i.k.p.r.p.TestFile    ... finished proof: closed. 
60207      INFO  main            d.u.i.k.p.i.AbstractProblemLoader Loading environment from /home/runner/work/key/key/key.core/../key.ui/examples/heap/comprehensions/bprodSplit.key.proof 
60208      DEBUG main            d.u.i.k.p.i.AbstractProblemLoader Environment load took 104.9ns 
60210      INFO  main            d.u.i.k.p.i.AbstractProblemLoader Creating init config 
62470      DEBUG main            d.u.i.k.p.i.AbstractProblemLoader Init config took 2.26s 
62485      INFO  main            d.u.i.k.p.i.AbstractProblemLoader Replaying proof bprodSplit.key.proof 
62489      DEBUG main            d.u.i.k.p.i.IntermediateProofReplayer Proof replay took 2.1ms 
62490      DEBUG main            d.u.i.k.p.r.p.TestFile    ... success: reloaded. 
62492      INFO  main            d.u.i.k.p.r.p.TestFile    Now processing file /home/runner/work/key/key/key.core/../key.ui/examples/heap/comprehensions/bsumSplitInvalid.key 
62493      INFO  main            d.u.i.k.p.i.AbstractProblemLoader Loading environment from /home/runner/work/key/key/key.core/../key.ui/examples/heap/comprehensions/bsumSplitInvalid.key 
62493      DEBUG main            d.u.i.k.p.i.AbstractProblemLoader Environment load took 286.8ns 
62494      INFO  main            d.u.i.k.p.i.AbstractProblemLoader Creating init config 
64775      DEBUG main            d.u.i.k.p.i.AbstractProblemLoader Init config took 2.28s 
64792      INFO  main            d.u.i.k.p.i.AbstractProblemLoader Replaying proof bsumSplitInvalid.key 
64795      DEBUG main            d.u.i.k.p.i.IntermediateProofReplayer Proof replay took 6.2ns 
64897      INFO  main            d.u.i.k.p.r.p.TestFile    ... finished proof: open goal(s) 
141571     INFO  Test worker     d.u.i.k.p.r.RunAllProofsTestUnit Returning from test comprehensions 
141572     INFO  Test worker     d.u.i.k.p.r.RunAllProofsTestUnit Running test performance 
325        INFO  Timeout watchdog d.u.i.k.p.r.p.ForkedTestFileRunner Timeout watcher launched (2000 secs.) 
338        WARN  main            d.u.i.k.s.ProofSettings   The settings in /home/runner/.key/proof-settings.props are *not* read. 
401        INFO  main            d.u.i.k.p.r.p.TestFile    Now processing file /home/runner/work/key/key/key.core/../key.ui/examples/performance-test/Disjoint(Disjoint__disjoint_08()).JML_operation_contract.0.key 
537        INFO  main            d.u.i.k.p.i.AbstractProblemLoader Loading environment from /home/runner/work/key/key/key.core/../key.ui/examples/performance-test/Disjoint(Disjoint__disjoint_08()).JML_operation_contract.0.key 
553        DEBUG main            d.u.i.k.p.i.AbstractProblemLoader Environment load took 2.35ms 
762        INFO  main            d.u.i.k.p.i.AbstractProblemLoader Creating init config 
1695       DEBUG main            d.u.i.k.j.TypeConverter   No LDT found for Meta 
1696       DEBUG main            d.u.i.k.j.TypeConverter   No LDT found for Meta 
1697       DEBUG main            d.u.i.k.j.TypeConverter   No LDT found for Meta 
1697       DEBUG main            d.u.i.k.j.TypeConverter   No LDT found for Meta 
3245       DEBUG main            d.u.i.k.j.TypeConverter   No LDT found for JavaBigintExpression 
8881       DEBUG main            d.u.i.k.j.r.ClassPreparationMethodBuilder clPrepBuilder: Inner Class detected. Reject building class initialisation methods. 
16788      DEBUG main            d.u.i.k.p.i.AbstractProblemLoader Init config took 16.03s 
16970      INFO  main            d.u.i.k.p.i.AbstractProblemLoader Replaying proof Disjoint[Disjoint::disjoint_8()].JML operation contract.0 
17055      DEBUG main            d.u.i.k.p.i.IntermediateProofReplayer Proof replay took 357.2ns 
19517      INFO  main            d.u.i.k.p.r.p.TestFile    ... finished proof: closed. 
19711      INFO  main            d.u.i.k.p.i.AbstractProblemLoader Loading environment from /home/runner/work/key/key/key.core/../key.ui/examples/performance-test/Disjoint(Disjoint__disjoint_08()).JML_operation_contract.0.key.proof 
19715      DEBUG main            d.u.i.k.p.i.AbstractProblemLoader Environment load took 4.51ms 
19718      INFO  main            d.u.i.k.p.i.AbstractProblemLoader Creating init config 
22873      DEBUG main            d.u.i.k.j.r.ClassPreparationMethodBuilder clPrepBuilder: Inner Class detected. Reject building class initialisation methods. 
29870      DEBUG main            d.u.i.k.p.i.AbstractProblemLoader Init config took 10.15s 
30001      INFO  main            d.u.i.k.p.i.AbstractProblemLoader Replaying proof Disjoint[Disjoint::disjoint_8()].JML operation contract.0 
30092      DEBUG main            d.u.i.k.p.i.IntermediateProofReplayer Proof replay took 77.97ms 
30093      WARN  main            d.u.i.k.p.r.p.TestFile    Replay exception de.uka.ilkd.key.proof.io.ProblemLoaderException: Error loading proof.
Line 106, goal 16, rule Class_invariant_axiom_for_Disjoint not available or not applicable in this context.
	at de.uka.ilkd.key.proof.io.IntermediateProofReplayer.reportError(IntermediateProofReplayer.java:782)
Caused by: java.lang.IndexOutOfBoundsException: Index: 1, Size: 1
	at java.base/java.util.LinkedList.checkElementIndex(LinkedList.java:559)

30096      WARN  main            d.u.i.k.p.r.p.TestFile    Replay exception de.uka.ilkd.key.proof.io.ProblemLoaderException: Error loading proof.
Line 129, goal 41, rule Class_invariant_axiom_for_Disjoint not available or not applicable in this context.
	at de.uka.ilkd.key.proof.io.IntermediateProofReplayer.reportError(IntermediateProofReplayer.java:782)
Caused by: java.lang.IndexOutOfBoundsException: Index: 1, Size: 1
	at java.base/java.util.LinkedList.checkElementIndex(LinkedList.java:559)

30097      WARN  main            d.u.i.k.p.r.p.TestFile    Replay exception de.uka.ilkd.key.proof.io.ProblemLoaderException: Error loading proof.
Line 135, goal 48, rule replaceKnownSelect_taclet0_0 not available or not applicable in this context.
	at de.uka.ilkd.key.proof.io.IntermediateProofReplayer.reportError(IntermediateProofReplayer.java:782)
Caused by: de.uka.ilkd.key.proof.io.IntermediateProofReplayer$TacletAppConstructionException: Unknown taclet with name "replaceKnownSelect_taclet0_0"
	at de.uka.ilkd.key.proof.io.IntermediateProofReplayer.constructTacletApp(IntermediateProofReplayer.java:432)

30098      WARN  main            d.u.i.k.p.r.p.TestFile    Replay exception de.uka.ilkd.key.proof.io.ProblemLoaderException: Error loading proof.
Line 1042, goal 50, rule replaceKnownSelect_taclet0_0 not available or not applicable in this context.
	at de.uka.ilkd.key.proof.io.IntermediateProofReplayer.reportError(IntermediateProofReplayer.java:782)
Caused by: de.uka.ilkd.key.proof.io.IntermediateProofReplayer$TacletAppConstructionException: Unknown taclet with name "replaceKnownSelect_taclet0_0"
	at de.uka.ilkd.key.proof.io.IntermediateProofReplayer.constructTacletApp(IntermediateProofReplayer.java:432)

30099      WARN  main            d.u.i.k.p.r.p.TestFile    Replay exception de.uka.ilkd.key.proof.io.ProblemLoaderException: Error loading proof.
Line 1116, goal 52, rule replaceKnownSelect_taclet0_0 not available or not applicable in this context.
	at de.uka.ilkd.key.proof.io.IntermediateProofReplayer.reportError(IntermediateProofReplayer.java:782)
Caused by: de.uka.ilkd.key.proof.io.IntermediateProofReplayer$TacletAppConstructionException: Unknown taclet with name "replaceKnownSelect_taclet0_0"
	at de.uka.ilkd.key.proof.io.IntermediateProofReplayer.constructTacletApp(IntermediateProofReplayer.java:432)

30100      WARN  main            d.u.i.k.p.r.p.TestFile    Replay exception de.uka.ilkd.key.proof.io.ProblemLoaderException: Error loading proof.
Line 1149, goal 74, rule Class_invariant_axiom_for_Disjoint not available or not applicable in this context.
	at de.uka.ilkd.key.proof.io.IntermediateProofReplayer.reportError(IntermediateProofReplayer.java:782)
Caused by: java.lang.IndexOutOfBoundsException: Index: 1, Size: 1
	at java.base/java.util.LinkedList.checkElementIndex(LinkedList.java:559)

30107      WARN  main            d.u.i.k.p.r.p.TestFile    Replay exception de.uka.ilkd.key.proof.io.ProblemLoaderException: Error loading proof.
Line 1186, goal 110, rule Class_invariant_axiom_for_Disjoint not available or not applicable in this context.
	at de.uka.ilkd.key.proof.io.IntermediateProofReplayer.reportError(IntermediateProofReplayer.java:782)
Caused by: java.lang.IndexOutOfBoundsException: Index: 1, Size: 1
	at java.base/java.util.LinkedList.checkElementIndex(LinkedList.java:559)

30110      WARN  main            d.u.i.k.p.r.p.TestFile    Replay exception de.uka.ilkd.key.proof.io.ProblemLoaderException: Error loading proof.
Line 1201, goal 120, rule Class_invariant_axiom_for_Disjoint not available or not applicable in this context.
	at de.uka.ilkd.key.proof.io.IntermediateProofReplayer.reportError(IntermediateProofReplayer.java:782)
Caused by: java.lang.IndexOutOfBoundsException: Index: 1, Size: 1
	at java.base/java.util.LinkedList.checkElementIndex(LinkedList.java:559)

30130      DEBUG main            d.u.i.k.p.r.p.TestFile    Exception java.lang.Exception: Exception while loading proof (see cause for details): /home/runner/work/key/key/key.core/../key.ui/examples/performance-test/Disjoint(Disjoint__disjoint_08()).JML_operation_contract.0.key.proof
	at de.uka.ilkd.key.proof.runallproofs.proofcollection.TestFile.reloadProof(TestFile.java:314)
Caused by: de.uka.ilkd.key.proof.io.ProblemLoaderException: Error loading proof.
Line 106, goal 16, rule Class_invariant_axiom_for_Disjoint not available or not applicable in this context.
	at de.uka.ilkd.key.proof.io.IntermediateProofReplayer.reportError(IntermediateProofReplayer.java:782)
Caused by: java.lang.IndexOutOfBoundsException: Index: 1, Size: 1
	at java.base/java.util.LinkedList.checkElementIndex(LinkedList.java:559)

30135      WARN  main            d.u.i.k.p.r.p.ForkedTestFileRunner Run failed java.lang.Exception: Exception while loading proof (see cause for details): /home/runner/work/key/key/key.core/../key.ui/examples/performance-test/Disjoint(Disjoint__disjoint_08()).JML_operation_contract.0.key.proof
	at de.uka.ilkd.key.proof.runallproofs.proofcollection.TestFile.reloadProof(TestFile.java:314)
Caused by: de.uka.ilkd.key.proof.io.ProblemLoaderException: Error loading proof.
Line 106, goal 16, rule Class_invariant_axiom_for_Disjoint not available or not applicable in this context.
	at de.uka.ilkd.key.proof.io.IntermediateProofReplayer.reportError(IntermediateProofReplayer.java:782)
Caused by: java.lang.IndexOutOfBoundsException: Index: 1, Size: 1
	at java.base/java.util.LinkedList.checkElementIndex(LinkedList.java:559)

30141      INFO  main            d.u.i.k.p.r.p.TestFile    Now processing file /home/runner/work/key/key/key.core/../key.ui/examples/performance-test/Disjoint(Disjoint__disjoint2_08()).JML_operation_contract.0.key 
30146      INFO  main            d.u.i.k.p.i.AbstractProblemLoader Loading environment from /home/runner/work/key/key/key.core/../key.ui/examples/performance-test/Disjoint(Disjoint__disjoint2_08()).JML_operation_contract.0.key 
30146      DEBUG main            d.u.i.k.p.i.AbstractProblemLoader Environment load took 302.9ns 
30148      INFO  main            d.u.i.k.p.i.AbstractProblemLoader Creating init config 
33243      DEBUG main            d.u.i.k.j.r.ClassPreparationMethodBuilder clPrepBuilder: Inner Class detected. Reject building class initialisation methods. 
40253      DEBUG main            d.u.i.k.p.i.AbstractProblemLoader Init config took 10.1s 
40349      INFO  main            d.u.i.k.p.i.AbstractProblemLoader Replaying proof Disjoint[Disjoint::disjoint2_8()].JML operation contract.0 
40355      DEBUG main            d.u.i.k.p.i.IntermediateProofReplayer Proof replay took 19.3ns 
41359      INFO  main            d.u.i.k.p.r.p.TestFile    ... finished proof: closed. 
41625      INFO  main            d.u.i.k.p.i.AbstractProblemLoader Loading environment from /home/runner/work/key/key/key.core/../key.ui/examples/performance-test/Disjoint(Disjoint__disjoint2_08()).JML_operation_contract.0.key.proof 
41626      DEBUG main            d.u.i.k.p.i.AbstractProblemLoader Environment load took 812.2ns 
41629      INFO  main            d.u.i.k.p.i.AbstractProblemLoader Creating init config 
44593      DEBUG main            d.u.i.k.j.r.ClassPreparationMethodBuilder clPrepBuilder: Inner Class detected. Reject building class initialisation methods. 
51454      DEBUG main            d.u.i.k.p.i.AbstractProblemLoader Init config took 9.82s 
51538      INFO  main            d.u.i.k.p.i.AbstractProblemLoader Replaying proof Disjoint[Disjoint::disjoint2_8()].JML operation contract.0 
51625      DEBUG main            d.u.i.k.p.i.IntermediateProofReplayer Proof replay took 82.82ms 
51626      WARN  main            d.u.i.k.p.r.p.TestFile    Replay exception de.uka.ilkd.key.proof.io.ProblemLoaderException: Error loading proof.
Line 124, goal 34, rule Class_invariant_axiom_for_Disjoint not available or not applicable in this context.
	at de.uka.ilkd.key.proof.io.IntermediateProofReplayer.reportError(IntermediateProofReplayer.java:782)
Caused by: java.lang.IndexOutOfBoundsException: Index: 1, Size: 1
	at java.base/java.util.LinkedList.checkElementIndex(LinkedList.java:559)

51628      WARN  main            d.u.i.k.p.r.p.TestFile    Replay exception de.uka.ilkd.key.proof.io.ProblemLoaderException: Error loading proof.
Line 258, goal 170, rule Class_invariant_axiom_for_Disjoint not available or not applicable in this context.
	at de.uka.ilkd.key.proof.io.IntermediateProofReplayer.reportError(IntermediateProofReplayer.java:782)
Caused by: java.lang.IndexOutOfBoundsException: Index: 1, Size: 1
	at java.base/java.util.LinkedList.checkElementIndex(LinkedList.java:559)

51628      WARN  main            d.u.i.k.p.r.p.TestFile    Replay exception de.uka.ilkd.key.proof.io.ProblemLoaderException: Error loading proof.
Line 264, goal 176, rule replaceKnownSelect_taclet0_0 not available or not applicable in this context.
	at de.uka.ilkd.key.proof.io.IntermediateProofReplayer.reportError(IntermediateProofReplayer.java:782)
Caused by: de.uka.ilkd.key.proof.io.IntermediateProofReplayer$TacletAppConstructionException: Unknown taclet with name "replaceKnownSelect_taclet0_0"
	at de.uka.ilkd.key.proof.io.IntermediateProofReplayer.constructTacletApp(IntermediateProofReplayer.java:432)

51628      WARN  main            d.u.i.k.p.r.p.TestFile    Replay exception de.uka.ilkd.key.proof.io.ProblemLoaderException: Error loading proof.
Line 329, goal 198, rule Class_invariant_axiom_for_Disjoint not available or not applicable in this context.
	at de.uka.ilkd.key.proof.io.IntermediateProofReplayer.reportError(IntermediateProofReplayer.java:782)
Caused by: java.lang.IndexOutOfBoundsException: Index: 1, Size: 1
	at java.base/java.util.LinkedList.checkElementIndex(LinkedList.java:559)

51639      WARN  main            d.u.i.k.p.r.p.TestFile    Replay exception de.uka.ilkd.key.proof.io.ProblemLoaderException: Error loading proof.
Line 365, goal 233, rule Class_invariant_axiom_for_Disjoint not available or not applicable in this context.
	at de.uka.ilkd.key.proof.io.IntermediateProofReplayer.reportError(IntermediateProofReplayer.java:782)
Caused by: java.lang.IndexOutOfBoundsException: Index: 1, Size: 1
	at java.base/java.util.LinkedList.checkElementIndex(LinkedList.java:559)

51640      WARN  main            d.u.i.k.p.r.p.TestFile    Replay exception de.uka.ilkd.key.proof.io.ProblemLoaderException: Error loading proof.
Line 400, goal 263, rule Class_invariant_axiom_for_Disjoint not available or not applicable in this context.
	at de.uka.ilkd.key.proof.io.IntermediateProofReplayer.reportError(IntermediateProofReplayer.java:782)
Caused by: java.lang.IndexOutOfBoundsException: Index: 1, Size: 1
	at java.base/java.util.LinkedList.checkElementIndex(LinkedList.java:559)

51643      DEBUG main            d.u.i.k.p.r.p.TestFile    Exception java.lang.Exception: Exception while loading proof (see cause for details): /home/runner/work/key/key/key.core/../key.ui/examples/performance-test/Disjoint(Disjoint__disjoint2_08()).JML_operation_contract.0.key.proof
	at de.uka.ilkd.key.proof.runallproofs.proofcollection.TestFile.reloadProof(TestFile.java:314)
Caused by: de.uka.ilkd.key.proof.io.ProblemLoaderException: Error loading proof.
Line 124, goal 34, rule Class_invariant_axiom_for_Disjoint not available or not applicable in this context.
	at de.uka.ilkd.key.proof.io.IntermediateProofReplayer.reportError(IntermediateProofReplayer.java:782)
Caused by: java.lang.IndexOutOfBoundsException: Index: 1, Size: 1
	at java.base/java.util.LinkedList.checkElementIndex(LinkedList.java:559)

51648      WARN  main            d.u.i.k.p.r.p.ForkedTestFileRunner Run failed java.lang.Exception: Exception while loading proof (see cause for details): /home/runner/work/key/key/key.core/../key.ui/examples/performance-test/Disjoint(Disjoint__disjoint2_08()).JML_operation_contract.0.key.proof
	at de.uka.ilkd.key.proof.runallproofs.proofcollection.TestFile.reloadProof(TestFile.java:314)
Caused by: de.uka.ilkd.key.proof.io.ProblemLoaderException: Error loading proof.
Line 124, goal 34, rule Class_invariant_axiom_for_Disjoint not available or not applicable in this context.
	at de.uka.ilkd.key.proof.io.IntermediateProofReplayer.reportError(IntermediateProofReplayer.java:782)
Caused by: java.lang.IndexOutOfBoundsException: Index: 1, Size: 1
	at java.base/java.util.LinkedList.checkElementIndex(LinkedList.java:559)

51652      INFO  main            d.u.i.k.p.r.p.TestFile    Now processing file /home/runner/work/key/key/key.core/../key.ui/examples/performance-test/AccessChain1(AccessChain1__foo_08()).JML_operation_contract.0.key 
51653      INFO  main            d.u.i.k.p.i.AbstractProblemLoader Loading environment from /home/runner/work/key/key/key.core/../key.ui/examples/performance-test/AccessChain1(AccessChain1__foo_08()).JML_operation_contract.0.key 
51653      DEBUG main            d.u.i.k.p.i.AbstractProblemLoader Environment load took 228.9ns 
51654      INFO  main            d.u.i.k.p.i.AbstractProblemLoader Creating init config 
54629      DEBUG main            d.u.i.k.j.r.ClassPreparationMethodBuilder clPrepBuilder: Inner Class detected. Reject building class initialisation methods. 
61470      DEBUG main            d.u.i.k.p.i.AbstractProblemLoader Init config took 9.82s 
61565      INFO  main            d.u.i.k.p.i.AbstractProblemLoader Replaying proof AccessChain1[AccessChain1::foo_8()].JML operation contract.0 
61570      DEBUG main            d.u.i.k.p.i.IntermediateProofReplayer Proof replay took 10ns 
64021      INFO  main            d.u.i.k.p.r.p.TestFile    ... finished proof: closed. 
64333      INFO  main            d.u.i.k.p.i.AbstractProblemLoader Loading environment from /home/runner/work/key/key/key.core/../key.ui/examples/performance-test/AccessChain1(AccessChain1__foo_08()).JML_operation_contract.0.key.proof 
64334      DEBUG main            d.u.i.k.p.i.AbstractProblemLoader Environment load took 689.3ns 
64337      INFO  main            d.u.i.k.p.i.AbstractProblemLoader Creating init config 
67207      DEBUG main            d.u.i.k.j.r.ClassPreparationMethodBuilder clPrepBuilder: Inner Class detected. Reject building class initialisation methods. 
73877      DEBUG main            d.u.i.k.p.i.AbstractProblemLoader Init config took 9.54s 
73962      INFO  main            d.u.i.k.p.i.AbstractProblemLoader Replaying proof AccessChain1[AccessChain1::foo_8()].JML operation contract.0 
74006      DEBUG main            d.u.i.k.p.i.IntermediateProofReplayer Proof replay took 8.84ms 
74008      WARN  main            d.u.i.k.p.r.p.TestFile    Replay exception de.uka.ilkd.key.proof.io.ProblemLoaderException: Error loading proof.
Line 113, goal 23, rule Class_invariant_axiom_for_AccessChain1 not available or not applicable in this context.
	at de.uka.ilkd.key.proof.io.IntermediateProofReplayer.reportError(IntermediateProofReplayer.java:782)
Caused by: java.lang.IndexOutOfBoundsException: Index: 1, Size: 1
	at java.base/java.util.LinkedList.checkElementIndex(LinkedList.java:559)

74009      WARN  main            d.u.i.k.p.r.p.TestFile    Replay exception de.uka.ilkd.key.proof.io.ProblemLoaderException: Error loading proof.
Line 121, goal 31, rule One Step Simplification not available or not applicable in this context.
	at de.uka.ilkd.key.proof.io.IntermediateProofReplayer.reportError(IntermediateProofReplayer.java:782)
Caused by: de.uka.ilkd.key.proof.io.IntermediateProofReplayer$BuiltInConstructionException: One Step Simplification is missing. Most probably the binary for this built-in rule is not in your path or you do not have the permission to execute it.
	at de.uka.ilkd.key.proof.io.IntermediateProofReplayer.constructBuiltinApp(IntermediateProofReplayer.java:630)

74010      DEBUG main            d.u.i.k.p.r.p.TestFile    Exception java.lang.Exception: Exception while loading proof (see cause for details): /home/runner/work/key/key/key.core/../key.ui/examples/performance-test/AccessChain1(AccessChain1__foo_08()).JML_operation_contract.0.key.proof
	at de.uka.ilkd.key.proof.runallproofs.proofcollection.TestFile.reloadProof(TestFile.java:314)
Caused by: de.uka.ilkd.key.proof.io.ProblemLoaderException: Error loading proof.
Line 113, goal 23, rule Class_invariant_axiom_for_AccessChain1 not available or not applicable in this context.
	at de.uka.ilkd.key.proof.io.IntermediateProofReplayer.reportError(IntermediateProofReplayer.java:782)
Caused by: java.lang.IndexOutOfBoundsException: Index: 1, Size: 1
	at java.base/java.util.LinkedList.checkElementIndex(LinkedList.java:559)

74011      WARN  main            d.u.i.k.p.r.p.ForkedTestFileRunner Run failed java.lang.Exception: Exception while loading proof (see cause for details): /home/runner/work/key/key/key.core/../key.ui/examples/performance-test/AccessChain1(AccessChain1__foo_08()).JML_operation_contract.0.key.proof
	at de.uka.ilkd.key.proof.runallproofs.proofcollection.TestFile.reloadProof(TestFile.java:314)
Caused by: de.uka.ilkd.key.proof.io.ProblemLoaderException: Error loading proof.
Line 113, goal 23, rule Class_invariant_axiom_for_AccessChain1 not available or not applicable in this context.
	at de.uka.ilkd.key.proof.io.IntermediateProofReplayer.reportError(IntermediateProofReplayer.java:782)
Caused by: java.lang.IndexOutOfBoundsException: Index: 1, Size: 1
	at java.base/java.util.LinkedList.checkElementIndex(LinkedList.java:559)

74013      INFO  main            d.u.i.k.p.r.p.TestFile    Now processing file /home/runner/work/key/key/key.core/../key.ui/examples/performance-test/AccessChain4(AccessChain4__foo_08()).JML_operation_contract.0.key 
74013      INFO  main            d.u.i.k.p.i.AbstractProblemLoader Loading environment from /home/runner/work/key/key/key.core/../key.ui/examples/performance-test/AccessChain4(AccessChain4__foo_08()).JML_operation_contract.0.key 
74014      DEBUG main            d.u.i.k.p.i.AbstractProblemLoader Environment load took 237.9ns 
74015      INFO  main            d.u.i.k.p.i.AbstractProblemLoader Creating init config 
76928      DEBUG main            d.u.i.k.j.r.ClassPreparationMethodBuilder clPrepBuilder: Inner Class detected. Reject building class initialisation methods. 
83613      DEBUG main            d.u.i.k.p.i.AbstractProblemLoader Init config took 9.6s 
83702      INFO  main            d.u.i.k.p.i.AbstractProblemLoader Replaying proof AccessChain4[AccessChain4::foo_8()].JML operation contract.0 
83704      DEBUG main            d.u.i.k.p.i.IntermediateProofReplayer Proof replay took 10.2ns 
89657      INFO  main            d.u.i.k.p.r.p.TestFile    ... finished proof: closed. 
89982      INFO  main            d.u.i.k.p.i.AbstractProblemLoader Loading environment from /home/runner/work/key/key/key.core/../key.ui/examples/performance-test/AccessChain4(AccessChain4__foo_08()).JML_operation_contract.0.key.proof 
89983      DEBUG main            d.u.i.k.p.i.AbstractProblemLoader Environment load took 1.28ms 
89987      INFO  main            d.u.i.k.p.i.AbstractProblemLoader Creating init config 
92839      DEBUG main            d.u.i.k.j.r.ClassPreparationMethodBuilder clPrepBuilder: Inner Class detected. Reject building class initialisation methods. 
99462      DEBUG main            d.u.i.k.p.i.AbstractProblemLoader Init config took 9.48s 
99571      INFO  main            d.u.i.k.p.i.AbstractProblemLoader Replaying proof AccessChain4[AccessChain4::foo_8()].JML operation contract.0 
99623      DEBUG main            d.u.i.k.p.i.IntermediateProofReplayer Proof replay took 11.92ms 
99626      WARN  main            d.u.i.k.p.r.p.TestFile    Replay exception de.uka.ilkd.key.proof.io.ProblemLoaderException: Error loading proof.
Line 119, goal 29, rule Class_invariant_axiom_for_AccessChain4 not available or not applicable in this context.
	at de.uka.ilkd.key.proof.io.IntermediateProofReplayer.reportError(IntermediateProofReplayer.java:782)
Caused by: java.lang.IndexOutOfBoundsException: Index: 1, Size: 1
	at java.base/java.util.LinkedList.checkElementIndex(LinkedList.java:559)

99626      WARN  main            d.u.i.k.p.r.p.TestFile    Replay exception de.uka.ilkd.key.proof.io.ProblemLoaderException: Error loading proof.
Line 136, goal 46, rule One Step Simplification not available or not applicable in this context.
	at de.uka.ilkd.key.proof.io.IntermediateProofReplayer.reportError(IntermediateProofReplayer.java:782)
Caused by: de.uka.ilkd.key.proof.io.IntermediateProofReplayer$BuiltInConstructionException: One Step Simplification is missing. Most probably the binary for this built-in rule is not in your path or you do not have the permission to execute it.
	at de.uka.ilkd.key.proof.io.IntermediateProofReplayer.constructBuiltinApp(IntermediateProofReplayer.java:630)

99628      DEBUG main            d.u.i.k.p.r.p.TestFile    Exception java.lang.Exception: Exception while loading proof (see cause for details): /home/runner/work/key/key/key.core/../key.ui/examples/performance-test/AccessChain4(AccessChain4__foo_08()).JML_operation_contract.0.key.proof
	at de.uka.ilkd.key.proof.runallproofs.proofcollection.TestFile.reloadProof(TestFile.java:314)
Caused by: de.uka.ilkd.key.proof.io.ProblemLoaderException: Error loading proof.
Line 119, goal 29, rule Class_invariant_axiom_for_AccessChain4 not available or not applicable in this context.
	at de.uka.ilkd.key.proof.io.IntermediateProofReplayer.reportError(IntermediateProofReplayer.java:782)
Caused by: java.lang.IndexOutOfBoundsException: Index: 1, Size: 1
	at java.base/java.util.LinkedList.checkElementIndex(LinkedList.java:559)

99630      WARN  main            d.u.i.k.p.r.p.ForkedTestFileRunner Run failed java.lang.Exception: Exception while loading proof (see cause for details): /home/runner/work/key/key/key.core/../key.ui/examples/performance-test/AccessChain4(AccessChain4__foo_08()).JML_operation_contract.0.key.proof
	at de.uka.ilkd.key.proof.runallproofs.proofcollection.TestFile.reloadProof(TestFile.java:314)
Caused by: de.uka.ilkd.key.proof.io.ProblemLoaderException: Error loading proof.
Line 119, goal 29, rule Class_invariant_axiom_for_AccessChain4 not available or not applicable in this context.
	at de.uka.ilkd.key.proof.io.IntermediateProofReplayer.reportError(IntermediateProofReplayer.java:782)
Caused by: java.lang.IndexOutOfBoundsException: Index: 1, Size: 1
	at java.base/java.util.LinkedList.checkElementIndex(LinkedList.java:559)

99632      INFO  main            d.u.i.k.p.r.p.TestFile    Now processing file /home/runner/work/key/key/key.core/../key.ui/examples/performance-test/Disjoint(Disjoint__xZero_08()).JML_operation_contract.0.key 
99632      INFO  main            d.u.i.k.p.i.AbstractProblemLoader Loading environment from /home/runner/work/key/key/key.core/../key.ui/examples/performance-test/Disjoint(Disjoint__xZero_08()).JML_operation_contract.0.key 
99633      DEBUG main            d.u.i.k.p.i.AbstractProblemLoader Environment load took 220.5ns 
99634      INFO  main            d.u.i.k.p.i.AbstractProblemLoader Creating init config 
102551     DEBUG main            d.u.i.k.j.r.ClassPreparationMethodBuilder clPrepBuilder: Inner Class detected. Reject building class initialisation methods. 
109235     DEBUG main            d.u.i.k.p.i.AbstractProblemLoader Init config took 9.6s 
109328     INFO  main            d.u.i.k.p.i.AbstractProblemLoader Replaying proof Disjoint[Disjoint::xZero_8()].JML operation contract.0 
109331     DEBUG main            d.u.i.k.p.i.IntermediateProofReplayer Proof replay took 11.7ns 
110436     INFO  main            d.u.i.k.p.r.p.TestFile    ... finished proof: closed. 
110774     INFO  main            d.u.i.k.p.i.AbstractProblemLoader Loading environment from /home/runner/work/key/key/key.core/../key.ui/examples/performance-test/Disjoint(Disjoint__xZero_08()).JML_operation_contract.0.key.proof 
110776     DEBUG main            d.u.i.k.p.i.AbstractProblemLoader Environment load took 1.91ms 
110778     INFO  main            d.u.i.k.p.i.AbstractProblemLoader Creating init config 
113630     DEBUG main            d.u.i.k.j.r.ClassPreparationMethodBuilder clPrepBuilder: Inner Class detected. Reject building class initialisation methods. 
120353     DEBUG main            d.u.i.k.p.i.AbstractProblemLoader Init config took 9.58s 
120440     INFO  main            d.u.i.k.p.i.AbstractProblemLoader Replaying proof Disjoint[Disjoint::xZero_8()].JML operation contract.0 
120494     DEBUG main            d.u.i.k.p.i.IntermediateProofReplayer Proof replay took 46.28ms 
120496     WARN  main            d.u.i.k.p.r.p.TestFile    Replay exception de.uka.ilkd.key.proof.io.ProblemLoaderException: Error loading proof.
Line 101, goal 11, rule Class_invariant_axiom_for_Disjoint not available or not applicable in this context.
	at de.uka.ilkd.key.proof.io.IntermediateProofReplayer.reportError(IntermediateProofReplayer.java:782)
Caused by: java.lang.IndexOutOfBoundsException: Index: 1, Size: 1
	at java.base/java.util.LinkedList.checkElementIndex(LinkedList.java:559)

120498     WARN  main            d.u.i.k.p.r.p.TestFile    Replay exception de.uka.ilkd.key.proof.io.ProblemLoaderException: Error loading proof.
Line 122, goal 34, rule Class_invariant_axiom_for_Disjoint not available or not applicable in this context.
	at de.uka.ilkd.key.proof.io.IntermediateProofReplayer.reportError(IntermediateProofReplayer.java:782)
Caused by: java.lang.IndexOutOfBoundsException: Index: 1, Size: 1
	at java.base/java.util.LinkedList.checkElementIndex(LinkedList.java:559)

120499     WARN  main            d.u.i.k.p.r.p.TestFile    Replay exception de.uka.ilkd.key.proof.io.ProblemLoaderException: Error loading proof.
Line 137, goal 50, rule replaceKnownSelect_taclet0_0 not available or not applicable in this context.
	at de.uka.ilkd.key.proof.io.IntermediateProofReplayer.reportError(IntermediateProofReplayer.java:782)
Caused by: de.uka.ilkd.key.proof.io.IntermediateProofReplayer$TacletAppConstructionException: Unknown taclet with name "replaceKnownSelect_taclet0_0"
	at de.uka.ilkd.key.proof.io.IntermediateProofReplayer.constructTacletApp(IntermediateProofReplayer.java:432)

120501     WARN  main            d.u.i.k.p.r.p.TestFile    Replay exception de.uka.ilkd.key.proof.io.ProblemLoaderException: Error loading proof.
Line 1031, goal 77, rule Class_invariant_axiom_for_Disjoint not available or not applicable in this context.
	at de.uka.ilkd.key.proof.io.IntermediateProofReplayer.reportError(IntermediateProofReplayer.java:782)
Caused by: java.lang.IndexOutOfBoundsException: Index: 1, Size: 1
	at java.base/java.util.LinkedList.checkElementIndex(LinkedList.java:559)

120501     WARN  main            d.u.i.k.p.r.p.TestFile    Replay exception de.uka.ilkd.key.proof.io.ProblemLoaderException: Error loading proof.
Line 1068, goal 113, rule Class_invariant_axiom_for_Disjoint not available or not applicable in this context.
	at de.uka.ilkd.key.proof.io.IntermediateProofReplayer.reportError(IntermediateProofReplayer.java:782)
Caused by: java.lang.IndexOutOfBoundsException: Index: 1, Size: 1
	at java.base/java.util.LinkedList.checkElementIndex(LinkedList.java:559)

120501     WARN  main            d.u.i.k.p.r.p.TestFile    Replay exception de.uka.ilkd.key.proof.io.ProblemLoaderException: Error loading proof.
Line 1080, goal 119, rule replaceKnownSelect_taclet0_0 not available or not applicable in this context.
	at de.uka.ilkd.key.proof.io.IntermediateProofReplayer.reportError(IntermediateProofReplayer.java:782)
Caused by: de.uka.ilkd.key.proof.io.IntermediateProofReplayer$TacletAppConstructionException: Unknown taclet with name "replaceKnownSelect_taclet0_0"
	at de.uka.ilkd.key.proof.io.IntermediateProofReplayer.constructTacletApp(IntermediateProofReplayer.java:432)

120502     WARN  main            d.u.i.k.p.r.p.TestFile    Replay exception de.uka.ilkd.key.proof.io.ProblemLoaderException: Error loading proof.
Line 1110, goal 141, rule Class_invariant_axiom_for_Disjoint not available or not applicable in this context.
	at de.uka.ilkd.key.proof.io.IntermediateProofReplayer.reportError(IntermediateProofReplayer.java:782)
Caused by: java.lang.IndexOutOfBoundsException: Index: 1, Size: 1
	at java.base/java.util.LinkedList.checkElementIndex(LinkedList.java:559)

120502     WARN  main            d.u.i.k.p.r.p.TestFile    Replay exception de.uka.ilkd.key.proof.io.ProblemLoaderException: Error loading proof.
Line 1147, goal 177, rule Class_invariant_axiom_for_Disjoint not available or not applicable in this context.
	at de.uka.ilkd.key.proof.io.IntermediateProofReplayer.reportError(IntermediateProofReplayer.java:782)
Caused by: java.lang.IndexOutOfBoundsException: Index: 1, Size: 1
	at java.base/java.util.LinkedList.checkElementIndex(LinkedList.java:559)

120502     WARN  main            d.u.i.k.p.r.p.TestFile    Replay exception de.uka.ilkd.key.proof.io.ProblemLoaderException: Error loading proof.
Line 1158, goal 183, rule Class_invariant_axiom_for_Disjoint not available or not applicable in this context.
	at de.uka.ilkd.key.proof.io.IntermediateProofReplayer.reportError(IntermediateProofReplayer.java:782)
Caused by: java.lang.IndexOutOfBoundsException: Index: 1, Size: 1
	at java.base/java.util.LinkedList.checkElementIndex(LinkedList.java:559)

120503     DEBUG main            d.u.i.k.p.r.p.TestFile    Exception java.lang.Exception: Exception while loading proof (see cause for details): /home/runner/work/key/key/key.core/../key.ui/examples/performance-test/Disjoint(Disjoint__xZero_08()).JML_operation_contract.0.key.proof
	at de.uka.ilkd.key.proof.runallproofs.proofcollection.TestFile.reloadProof(TestFile.java:314)
Caused by: de.uka.ilkd.key.proof.io.ProblemLoaderException: Error loading proof.
Line 101, goal 11, rule Class_invariant_axiom_for_Disjoint not available or not applicable in this context.
	at de.uka.ilkd.key.proof.io.IntermediateProofReplayer.reportError(IntermediateProofReplayer.java:782)
Caused by: java.lang.IndexOutOfBoundsException: Index: 1, Size: 1
	at java.base/java.util.LinkedList.checkElementIndex(LinkedList.java:559)

120504     WARN  main            d.u.i.k.p.r.p.ForkedTestFileRunner Run failed java.lang.Exception: Exception while loading proof (see cause for details): /home/runner/work/key/key/key.core/../key.ui/examples/performance-test/Disjoint(Disjoint__xZero_08()).JML_operation_contract.0.key.proof
	at de.uka.ilkd.key.proof.runallproofs.proofcollection.TestFile.reloadProof(TestFile.java:314)
Caused by: de.uka.ilkd.key.proof.io.ProblemLoaderException: Error loading proof.
Line 101, goal 11, rule Class_invariant_axiom_for_Disjoint not available or not applicable in this context.
	at de.uka.ilkd.key.proof.io.IntermediateProofReplayer.reportError(IntermediateProofReplayer.java:782)
Caused by: java.lang.IndexOutOfBoundsException: Index: 1, Size: 1
	at java.base/java.util.LinkedList.checkElementIndex(LinkedList.java:559)

120507     INFO  main            d.u.i.k.p.r.p.TestFile    Now processing file /home/runner/work/key/key/key.core/../key.ui/examples/performance-test/Dynamic(Dynamic__foo_08()).JML_operation_contract.0.key 
120507     INFO  main            d.u.i.k.p.i.AbstractProblemLoader Loading environment from /home/runner/work/key/key/key.core/../key.ui/examples/performance-test/Dynamic(Dynamic__foo_08()).JML_operation_contract.0.key 
120507     DEBUG main            d.u.i.k.p.i.AbstractProblemLoader Environment load took 254.5ns 
120509     INFO  main            d.u.i.k.p.i.AbstractProblemLoader Creating init config 
123413     DEBUG main            d.u.i.k.j.r.ClassPreparationMethodBuilder clPrepBuilder: Inner Class detected. Reject building class initialisation methods. 
130074     DEBUG main            d.u.i.k.p.i.AbstractProblemLoader Init config took 9.56s 
130150     INFO  main            d.u.i.k.p.i.AbstractProblemLoader Replaying proof Dynamic[Dynamic::foo_8()].JML operation contract.0 
130153     DEBUG main            d.u.i.k.p.i.IntermediateProofReplayer Proof replay took 13.3ns 
135730     INFO  main            d.u.i.k.p.r.p.TestFile    ... finished proof: closed. 
136086     INFO  main            d.u.i.k.p.i.AbstractProblemLoader Loading environment from /home/runner/work/key/key/key.core/../key.ui/examples/performance-test/Dynamic(Dynamic__foo_08()).JML_operation_contract.0.key.proof 
136086     DEBUG main            d.u.i.k.p.i.AbstractProblemLoader Environment load took 121.6ns 
136091     INFO  main            d.u.i.k.p.i.AbstractProblemLoader Creating init config 
138928     DEBUG main            d.u.i.k.j.r.ClassPreparationMethodBuilder clPrepBuilder: Inner Class detected. Reject building class initialisation methods. 
145554     DEBUG main            d.u.i.k.p.i.AbstractProblemLoader Init config took 9.46s 
145640     INFO  main            d.u.i.k.p.i.AbstractProblemLoader Replaying proof Dynamic[Dynamic::foo_8()].JML operation contract.0 
145679     DEBUG main            d.u.i.k.p.i.IntermediateProofReplayer Proof replay took 17.81ms 
145680     WARN  main            d.u.i.k.p.r.p.TestFile    Replay exception de.uka.ilkd.key.proof.io.ProblemLoaderException: Error loading proof.
Line 115, goal 25, rule Class_invariant_axiom_for_Dynamic not available or not applicable in this context.
	at de.uka.ilkd.key.proof.io.IntermediateProofReplayer.reportError(IntermediateProofReplayer.java:782)
Caused by: java.lang.IndexOutOfBoundsException: Index: 1, Size: 1
	at java.base/java.util.LinkedList.checkElementIndex(LinkedList.java:559)

145681     WARN  main            d.u.i.k.p.r.p.TestFile    Replay exception de.uka.ilkd.key.proof.io.ProblemLoaderException: Error loading proof.
Line 140, goal 49, rule One Step Simplification not available or not applicable in this context.
	at de.uka.ilkd.key.proof.io.IntermediateProofReplayer.reportError(IntermediateProofReplayer.java:782)
Caused by: de.uka.ilkd.key.proof.io.IntermediateProofReplayer$BuiltInConstructionException: Wrong position information.
	at de.uka.ilkd.key.proof.io.IntermediateProofReplayer.constructBuiltinApp(IntermediateProofReplayer.java:595)
Caused by: java.lang.RuntimeException: No formula nr. 9 in seq. [wellFormed(heap)<<origin(requires (implicit)) ([])>>,equals(boolean::select(heap,self,java.lang.Object::<created>),TRUE)<<origin(requires (implicit)) ([])>>,equals(Dynamic::exactInstance(self),TRUE)<<origin(requires (implicit)) ([])>>,measuredByEmpty<<origin(requires (implicit)) ([])>>,geq(int::select(heap,self,Dynamic::$x),Z(1(#)))<<origin(requires @ file Dynamic.java @ line 78) ([])>>]==>[elementOf(self<<origin(requires @ file Dynamic.java @ line 79) ([])>>,Dynamic::$x,Dynamic::$footprint(heap,self))<<origin(requires @ file Dynamic.java @ line 79) ([requires @ file Dynamic.java @ line 79])>>,equals(self<<origin(requires (implicit)) ([])>>,null)<<origin(requires (implicit)) ([requires (implicit)])>>,update-application(elem-update(i_2)(int::select(heap,d<<origin(<none> (implicit)) ([ensures (implicit), ensures @ file Dynamic.java @ line 80, signals (implicit)])>>,Dynamic::$x))<<origin(<none> (implicit)) ([ensures (implicit), ensures @ file Dynamic.java @ line 80, signals (implicit)])>>,\<{
  try {
    method-frame (source=foo_8()@Dynamic, this=self) {
      i_1 = i_2 + 1;
      i = (int) i_1;
      d_1.x = i;
      bar();
      this.x++;
      bar();
      this.x++;
      bar();
      this.x++;
      bar();
      this.x++;
      bar();
      this.x++;
      bar();
      this.x++;
      bar();
      this.x++;
      bar();
    }
  } catch (java.lang.Throwable e) {
    exc = e;
  }
}\> (and(imp(equals(exc<<origin(ensures (implicit)) ([])>>,null)<<impl, origin(ensures (implicit)) ([ensures (implicit)])>>,and(geq(int::select(heap,self,Dynamic::$x),Z(1(#)))<<origin(ensures @ file Dynamic.java @ line 80) ([])>>,java.lang.Object::<inv>(heap,self)<<impl>>)<<SC, origin(ensures @ file Dynamic.java @ line 80) ([ensures @ file Dynamic.java @ line 80])>>)<<origin(<none> (implicit)) ([ensures (implicit), ensures @ file Dynamic.java @ line 80])>>,imp(not(equals(exc<<origin(ensures (implicit)) ([])>>,null)<<impl, origin(ensures (implicit)) ([ensures (implicit)])>>)<<origin(ensures (implicit)) ([ensures (implicit)])>>,and(java.lang.Object::<inv>(heap,self),or(equals(java.lang.Error::instance(exc),TRUE),equals(java.lang.RuntimeException::instance(exc),TRUE))<<origin(signals (implicit)) ([])>>)<<origin(signals (implicit)) ([signals (implicit)])>>)<<origin(<none> (implicit)) ([ensures (implicit), signals (implicit)])>>)<<origin(<none> (implicit)) ([ensures (implicit), ensures @ file Dynamic.java @ line 80, signals (implicit)])>>)<<origin(<none> (implicit)) ([ensures (implicit), ensures @ file Dynamic.java @ line 80, signals (implicit)])>>)<<origin(<none> (implicit)) ([ensures (implicit), ensures @ file Dynamic.java @ line 80, signals (implicit)])>>]
	at de.uka.ilkd.key.logic.Sequent.getFormulabyNr(Sequent.java:291)

145686     WARN  main            d.u.i.k.p.r.p.TestFile    Replay exception de.uka.ilkd.key.proof.io.ProblemLoaderException: Error loading proof.
Line 3586, goal 50, rule One Step Simplification not available or not applicable in this context.
	at de.uka.ilkd.key.proof.io.IntermediateProofReplayer.reportError(IntermediateProofReplayer.java:782)
Caused by: de.uka.ilkd.key.proof.io.IntermediateProofReplayer$BuiltInConstructionException: One Step Simplification is missing. Most probably the binary for this built-in rule is not in your path or you do not have the permission to execute it.
	at de.uka.ilkd.key.proof.io.IntermediateProofReplayer.constructBuiltinApp(IntermediateProofReplayer.java:630)

145687     DEBUG main            d.u.i.k.p.r.p.TestFile    Exception java.lang.Exception: Exception while loading proof (see cause for details): /home/runner/work/key/key/key.core/../key.ui/examples/performance-test/Dynamic(Dynamic__foo_08()).JML_operation_contract.0.key.proof
	at de.uka.ilkd.key.proof.runallproofs.proofcollection.TestFile.reloadProof(TestFile.java:314)
Caused by: de.uka.ilkd.key.proof.io.ProblemLoaderException: Error loading proof.
Line 115, goal 25, rule Class_invariant_axiom_for_Dynamic not available or not applicable in this context.
	at de.uka.ilkd.key.proof.io.IntermediateProofReplayer.reportError(IntermediateProofReplayer.java:782)
Caused by: java.lang.IndexOutOfBoundsException: Index: 1, Size: 1
	at java.base/java.util.LinkedList.checkElementIndex(LinkedList.java:559)

145690     WARN  main            d.u.i.k.p.r.p.ForkedTestFileRunner Run failed java.lang.Exception: Exception while loading proof (see cause for details): /home/runner/work/key/key/key.core/../key.ui/examples/performance-test/Dynamic(Dynamic__foo_08()).JML_operation_contract.0.key.proof
	at de.uka.ilkd.key.proof.runallproofs.proofcollection.TestFile.reloadProof(TestFile.java:314)
Caused by: de.uka.ilkd.key.proof.io.ProblemLoaderException: Error loading proof.
Line 115, goal 25, rule Class_invariant_axiom_for_Dynamic not available or not applicable in this context.
	at de.uka.ilkd.key.proof.io.IntermediateProofReplayer.reportError(IntermediateProofReplayer.java:782)
Caused by: java.lang.IndexOutOfBoundsException: Index: 1, Size: 1
	at java.base/java.util.LinkedList.checkElementIndex(LinkedList.java:559)

145692     INFO  main            d.u.i.k.p.r.p.TestFile    Now processing file /home/runner/work/key/key/key.core/../key.ui/examples/performance-test/DynamicGhost(DynamicGhost__dynamicGhost_08()).JML_normal_behavior_operation_contract.0.key 
145693     INFO  main            d.u.i.k.p.i.AbstractProblemLoader Loading environment from /home/runner/work/key/key/key.core/../key.ui/examples/performance-test/DynamicGhost(DynamicGhost__dynamicGhost_08()).JML_normal_behavior_operation_contract.0.key 
145693     DEBUG main            d.u.i.k.p.i.AbstractProblemLoader Environment load took 208ns 
145694     INFO  main            d.u.i.k.p.i.AbstractProblemLoader Creating init config 
148591     DEBUG main            d.u.i.k.j.r.ClassPreparationMethodBuilder clPrepBuilder: Inner Class detected. Reject building class initialisation methods. 
155235     DEBUG main            d.u.i.k.p.i.AbstractProblemLoader Init config took 9.54s 
155311     INFO  main            d.u.i.k.p.i.AbstractProblemLoader Replaying proof DynamicGhost[DynamicGhost::dynamicGhost_8()].JML normal_behavior operation contract.0 
155313     DEBUG main            d.u.i.k.p.i.IntermediateProofReplayer Proof replay took 10.7ns 
159676     INFO  main            d.u.i.k.p.r.p.TestFile    ... finished proof: closed. 
160059     INFO  main            d.u.i.k.p.i.AbstractProblemLoader Loading environment from /home/runner/work/key/key/key.core/../key.ui/examples/performance-test/DynamicGhost(DynamicGhost__dynamicGhost_08()).JML_normal_behavior_operation_contract.0.key.proof 
160059     DEBUG main            d.u.i.k.p.i.AbstractProblemLoader Environment load took 419.3ns 
160061     INFO  main            d.u.i.k.p.i.AbstractProblemLoader Creating init config 
162892     DEBUG main            d.u.i.k.j.r.ClassPreparationMethodBuilder clPrepBuilder: Inner Class detected. Reject building class initialisation methods. 
169523     DEBUG main            d.u.i.k.p.i.AbstractProblemLoader Init config took 9.46s 
169601     INFO  main            d.u.i.k.p.i.AbstractProblemLoader Replaying proof DynamicGhost[DynamicGhost::dynamicGhost_8()].JML normal_behavior operation contract.0 
169637     DEBUG main            d.u.i.k.p.i.IntermediateProofReplayer Proof replay took 17.68ms 
169639     WARN  main            d.u.i.k.p.r.p.TestFile    Replay exception de.uka.ilkd.key.proof.io.ProblemLoaderException: Error loading proof.
Line 111, goal 21, rule Class_invariant_axiom_for_DynamicGhost not available or not applicable in this context.
	at de.uka.ilkd.key.proof.io.IntermediateProofReplayer.reportError(IntermediateProofReplayer.java:782)
Caused by: java.lang.IndexOutOfBoundsException: Index: 1, Size: 1
	at java.base/java.util.LinkedList.checkElementIndex(LinkedList.java:559)

169639     WARN  main            d.u.i.k.p.r.p.TestFile    Replay exception de.uka.ilkd.key.proof.io.ProblemLoaderException: Error loading proof.
Line 142, goal 51, rule One Step Simplification not available or not applicable in this context.
	at de.uka.ilkd.key.proof.io.IntermediateProofReplayer.reportError(IntermediateProofReplayer.java:782)
Caused by: de.uka.ilkd.key.proof.io.IntermediateProofReplayer$BuiltInConstructionException: Wrong position information.
	at de.uka.ilkd.key.proof.io.IntermediateProofReplayer.constructBuiltinApp(IntermediateProofReplayer.java:595)
Caused by: java.lang.RuntimeException: No formula nr. 12 in seq. [wellFormed(heap)<<origin(requires (implicit)) ([])>>,equals(boolean::select(heap,self,java.lang.Object::<created>),TRUE)<<origin(requires (implicit)) ([])>>,equals(DynamicGhost::exactInstance(self),TRUE)<<origin(requires (implicit)) ([])>>,measuredByEmpty<<origin(requires (implicit)) ([])>>,geq(int::select(heap,self,DynamicGhost::$x),Z(1(#)))<<origin(requires @ file DynamicGhost.java @ line 84) ([])>>,equals(LocSet::select(heap,self,DynamicGhost::$rep),allFields(self)),equals(intersect(allFields(self),LocSet::select(heap,DynamicGhost.C::select(heap,self,DynamicGhost::$c),DynamicGhost.C::$rep)),empty),java.lang.Object::<inv>(heap,DynamicGhost.C::select(heap,self,DynamicGhost::$c))]==>[equals(DynamicGhost.C::select(heap,self,DynamicGhost::$c),null),equals(self<<origin(requires (implicit)) ([])>>,null)<<origin(requires (implicit)) ([requires (implicit)])>>,update-application(elem-update(i_2)(int::select(heap,d<<origin(<none> (implicit)) ([ensures @ file DynamicGhost.java @ line 85, ensures (implicit)])>>,DynamicGhost::$x))<<origin(<none> (implicit)) ([ensures @ file DynamicGhost.java @ line 85, ensures (implicit)])>>,\<{
  try {
    method-frame (
      source=dynamicGhost_8()@DynamicGhost,
      this=self
    ) {
      i_1 = i_2 + 1;
      i = (int) i_1;
      d_1.x = i;
      this.c.helper();
      this.x++;
      this.c.helper();
      this.x++;
      this.c.helper();
      this.x++;
      this.c.helper();
      this.x++;
      this.c.helper();
      this.x++;
      this.c.helper();
      this.x++;
      this.c.helper();
      this.x++;
      this.c.helper();
    }
  } catch (java.lang.Throwable e) {
    exc = e;
  }
}\> (and(and(geq(int::select(heap,self,DynamicGhost::$x),Z(1(#)))<<origin(ensures @ file DynamicGhost.java @ line 85) ([])>>,java.lang.Object::<inv>(heap,self)<<impl>>)<<SC, origin(ensures @ file DynamicGhost.java @ line 85) ([ensures @ file DynamicGhost.java @ line 85])>>,equals(exc<<origin(ensures (implicit)) ([])>>,null)<<impl, origin(ensures (implicit)) ([ensures (implicit)])>>)<<origin(<none> (implicit)) ([ensures @ file DynamicGhost.java @ line 85, ensures (implicit)])>>)<<origin(<none> (implicit)) ([ensures @ file DynamicGhost.java @ line 85, ensures (implicit)])>>)<<origin(<none> (implicit)) ([ensures @ file DynamicGhost.java @ line 85, ensures (implicit)])>>]
	at de.uka.ilkd.key.logic.Sequent.getFormulabyNr(Sequent.java:291)

169640     WARN  main            d.u.i.k.p.r.p.TestFile    Replay exception de.uka.ilkd.key.proof.io.ProblemLoaderException: Error loading proof.
Line 4378, goal 52, rule One Step Simplification not available or not applicable in this context.
	at de.uka.ilkd.key.proof.io.IntermediateProofReplayer.reportError(IntermediateProofReplayer.java:782)
Caused by: de.uka.ilkd.key.proof.io.IntermediateProofReplayer$BuiltInConstructionException: One Step Simplification is missing. Most probably the binary for this built-in rule is not in your path or you do not have the permission to execute it.
	at de.uka.ilkd.key.proof.io.IntermediateProofReplayer.constructBuiltinApp(IntermediateProofReplayer.java:630)

169641     DEBUG main            d.u.i.k.p.r.p.TestFile    Exception java.lang.Exception: Exception while loading proof (see cause for details): /home/runner/work/key/key/key.core/../key.ui/examples/performance-test/DynamicGhost(DynamicGhost__dynamicGhost_08()).JML_normal_behavior_operation_contract.0.key.proof
	at de.uka.ilkd.key.proof.runallproofs.proofcollection.TestFile.reloadProof(TestFile.java:314)
Caused by: de.uka.ilkd.key.proof.io.ProblemLoaderException: Error loading proof.
Line 111, goal 21, rule Class_invariant_axiom_for_DynamicGhost not available or not applicable in this context.
	at de.uka.ilkd.key.proof.io.IntermediateProofReplayer.reportError(IntermediateProofReplayer.java:782)
Caused by: java.lang.IndexOutOfBoundsException: Index: 1, Size: 1
	at java.base/java.util.LinkedList.checkElementIndex(LinkedList.java:559)

169642     WARN  main            d.u.i.k.p.r.p.ForkedTestFileRunner Run failed java.lang.Exception: Exception while loading proof (see cause for details): /home/runner/work/key/key/key.core/../key.ui/examples/performance-test/DynamicGhost(DynamicGhost__dynamicGhost_08()).JML_normal_behavior_operation_contract.0.key.proof
	at de.uka.ilkd.key.proof.runallproofs.proofcollection.TestFile.reloadProof(TestFile.java:314)
Caused by: de.uka.ilkd.key.proof.io.ProblemLoaderException: Error loading proof.
Line 111, goal 21, rule Class_invariant_axiom_for_DynamicGhost not available or not applicable in this context.
	at de.uka.ilkd.key.proof.io.IntermediateProofReplayer.reportError(IntermediateProofReplayer.java:782)
Caused by: java.lang.IndexOutOfBoundsException: Index: 1, Size: 1
	at java.base/java.util.LinkedList.checkElementIndex(LinkedList.java:559)

169644     INFO  main            d.u.i.k.p.r.p.TestFile    Now processing file /home/runner/work/key/key/key.core/../key.ui/examples/performance-test/GhostFrame(GhostFrame__foo_08()).JML_operation_contract.0.key 
169645     INFO  main            d.u.i.k.p.i.AbstractProblemLoader Loading environment from /home/runner/work/key/key/key.core/../key.ui/examples/performance-test/GhostFrame(GhostFrame__foo_08()).JML_operation_contract.0.key 
169645     DEBUG main            d.u.i.k.p.i.AbstractProblemLoader Environment load took 196.7ns 
169647     INFO  main            d.u.i.k.p.i.AbstractProblemLoader Creating init config 
172530     DEBUG main            d.u.i.k.j.r.ClassPreparationMethodBuilder clPrepBuilder: Inner Class detected. Reject building class initialisation methods. 
179159     DEBUG main            d.u.i.k.p.i.AbstractProblemLoader Init config took 9.51s 
179243     INFO  main            d.u.i.k.p.i.AbstractProblemLoader Replaying proof GhostFrame[GhostFrame::foo_8()].JML operation contract.0 
179245     DEBUG main            d.u.i.k.p.i.IntermediateProofReplayer Proof replay took 12ns 
181252     INFO  main            d.u.i.k.p.r.p.TestFile    ... finished proof: closed. 
181640     INFO  main            d.u.i.k.p.i.AbstractProblemLoader Loading environment from /home/runner/work/key/key/key.core/../key.ui/examples/performance-test/GhostFrame(GhostFrame__foo_08()).JML_operation_contract.0.key.proof 
181645     DEBUG main            d.u.i.k.p.i.AbstractProblemLoader Environment load took 178ns 
181646     INFO  main            d.u.i.k.p.i.AbstractProblemLoader Creating init config 
184473     DEBUG main            d.u.i.k.j.r.ClassPreparationMethodBuilder clPrepBuilder: Inner Class detected. Reject building class initialisation methods. 
191121     DEBUG main            d.u.i.k.p.i.AbstractProblemLoader Init config took 9.47s 
191193     INFO  main            d.u.i.k.p.i.AbstractProblemLoader Replaying proof GhostFrame[GhostFrame::foo_8()].JML operation contract.0 
191211     DEBUG main            d.u.i.k.p.i.IntermediateProofReplayer Proof replay took 9.41ms 
191212     WARN  main            d.u.i.k.p.r.p.TestFile    Replay exception de.uka.ilkd.key.proof.io.ProblemLoaderException: Error loading proof.
Line 115, goal 25, rule Class_invariant_axiom_for_GhostFrame not available or not applicable in this context.
	at de.uka.ilkd.key.proof.io.IntermediateProofReplayer.reportError(IntermediateProofReplayer.java:782)
Caused by: java.lang.IndexOutOfBoundsException: Index: 1, Size: 1
	at java.base/java.util.LinkedList.checkElementIndex(LinkedList.java:559)

191212     WARN  main            d.u.i.k.p.r.p.TestFile    Replay exception de.uka.ilkd.key.proof.io.ProblemLoaderException: Error loading proof.
Line 140, goal 49, rule One Step Simplification not available or not applicable in this context.
	at de.uka.ilkd.key.proof.io.IntermediateProofReplayer.reportError(IntermediateProofReplayer.java:782)
Caused by: de.uka.ilkd.key.proof.io.IntermediateProofReplayer$BuiltInConstructionException: Wrong position information.
	at de.uka.ilkd.key.proof.io.IntermediateProofReplayer.constructBuiltinApp(IntermediateProofReplayer.java:595)
Caused by: java.lang.RuntimeException: No formula nr. 9 in seq. [wellFormed(heap)<<origin(requires (implicit)) ([])>>,equals(boolean::select(heap,self,java.lang.Object::<created>),TRUE)<<origin(requires (implicit)) ([])>>,equals(GhostFrame::exactInstance(self),TRUE)<<origin(requires (implicit)) ([])>>,measuredByEmpty<<origin(requires (implicit)) ([])>>,geq(int::select(heap,self,GhostFrame::$x),Z(1(#)))<<origin(requires @ file GhostFrame.java @ line 77) ([])>>]==>[elementOf(self<<origin(requires @ file GhostFrame.java @ line 78) ([])>>,GhostFrame::$x,LocSet::select(heap,self,GhostFrame::$footprint))<<origin(requires @ file GhostFrame.java @ line 78) ([requires @ file GhostFrame.java @ line 78])>>,equals(self<<origin(requires (implicit)) ([])>>,null)<<origin(requires (implicit)) ([requires (implicit)])>>,update-application(elem-update(i_2)(int::select(heap,g<<origin(<none> (implicit)) ([ensures (implicit), ensures @ file GhostFrame.java @ line 79, signals (implicit)])>>,GhostFrame::$x))<<origin(<none> (implicit)) ([ensures (implicit), ensures @ file GhostFrame.java @ line 79, signals (implicit)])>>,\<{
  try {
    method-frame (source=foo_8()@GhostFrame, this=self) {
      i_1 = i_2 + 1;
      i = (int) i_1;
      g_1.x = i;
      bar();
      this.x++;
      bar();
      this.x++;
      bar();
      this.x++;
      bar();
      this.x++;
      bar();
      this.x++;
      bar();
      this.x++;
      bar();
      this.x++;
      bar();
    }
  } catch (java.lang.Throwable e) {
    exc = e;
  }
}\> (and(imp(equals(exc<<origin(ensures (implicit)) ([])>>,null)<<impl, origin(ensures (implicit)) ([ensures (implicit)])>>,and(geq(int::select(heap,self,GhostFrame::$x),Z(1(#)))<<origin(ensures @ file GhostFrame.java @ line 79) ([])>>,java.lang.Object::<inv>(heap,self)<<impl>>)<<SC, origin(ensures @ file GhostFrame.java @ line 79) ([ensures @ file GhostFrame.java @ line 79])>>)<<origin(<none> (implicit)) ([ensures (implicit), ensures @ file GhostFrame.java @ line 79])>>,imp(not(equals(exc<<origin(ensures (implicit)) ([])>>,null)<<impl, origin(ensures (implicit)) ([ensures (implicit)])>>)<<origin(ensures (implicit)) ([ensures (implicit)])>>,and(java.lang.Object::<inv>(heap,self),or(equals(java.lang.Error::instance(exc),TRUE),equals(java.lang.RuntimeException::instance(exc),TRUE))<<origin(signals (implicit)) ([])>>)<<origin(signals (implicit)) ([signals (implicit)])>>)<<origin(<none> (implicit)) ([ensures (implicit), signals (implicit)])>>)<<origin(<none> (implicit)) ([ensures (implicit), ensures @ file GhostFrame.java @ line 79, signals (implicit)])>>)<<origin(<none> (implicit)) ([ensures (implicit), ensures @ file GhostFrame.java @ line 79, signals (implicit)])>>)<<origin(<none> (implicit)) ([ensures (implicit), ensures @ file GhostFrame.java @ line 79, signals (implicit)])>>]
	at de.uka.ilkd.key.logic.Sequent.getFormulabyNr(Sequent.java:291)

191213     WARN  main            d.u.i.k.p.r.p.TestFile    Replay exception de.uka.ilkd.key.proof.io.ProblemLoaderException: Error loading proof.
Line 1814, goal 50, rule One Step Simplification not available or not applicable in this context.
	at de.uka.ilkd.key.proof.io.IntermediateProofReplayer.reportError(IntermediateProofReplayer.java:782)
Caused by: de.uka.ilkd.key.proof.io.IntermediateProofReplayer$BuiltInConstructionException: One Step Simplification is missing. Most probably the binary for this built-in rule is not in your path or you do not have the permission to execute it.
	at de.uka.ilkd.key.proof.io.IntermediateProofReplayer.constructBuiltinApp(IntermediateProofReplayer.java:630)

191214     DEBUG main            d.u.i.k.p.r.p.TestFile    Exception java.lang.Exception: Exception while loading proof (see cause for details): /home/runner/work/key/key/key.core/../key.ui/examples/performance-test/GhostFrame(GhostFrame__foo_08()).JML_operation_contract.0.key.proof
	at de.uka.ilkd.key.proof.runallproofs.proofcollection.TestFile.reloadProof(TestFile.java:314)
Caused by: de.uka.ilkd.key.proof.io.ProblemLoaderException: Error loading proof.
Line 115, goal 25, rule Class_invariant_axiom_for_GhostFrame not available or not applicable in this context.
	at de.uka.ilkd.key.proof.io.IntermediateProofReplayer.reportError(IntermediateProofReplayer.java:782)
Caused by: java.lang.IndexOutOfBoundsException: Index: 1, Size: 1
	at java.base/java.util.LinkedList.checkElementIndex(LinkedList.java:559)

191214     WARN  main            d.u.i.k.p.r.p.ForkedTestFileRunner Run failed java.lang.Exception: Exception while loading proof (see cause for details): /home/runner/work/key/key/key.core/../key.ui/examples/performance-test/GhostFrame(GhostFrame__foo_08()).JML_operation_contract.0.key.proof
	at de.uka.ilkd.key.proof.runallproofs.proofcollection.TestFile.reloadProof(TestFile.java:314)
Caused by: de.uka.ilkd.key.proof.io.ProblemLoaderException: Error loading proof.
Line 115, goal 25, rule Class_invariant_axiom_for_GhostFrame not available or not applicable in this context.
	at de.uka.ilkd.key.proof.io.IntermediateProofReplayer.reportError(IntermediateProofReplayer.java:782)
Caused by: java.lang.IndexOutOfBoundsException: Index: 1, Size: 1
	at java.base/java.util.LinkedList.checkElementIndex(LinkedList.java:559)

191216     INFO  main            d.u.i.k.p.r.p.TestFile    Now processing file /home/runner/work/key/key/key.core/../key.ui/examples/performance-test/Modelfield(Modelfield__foo_08()).JML_operation_contract.0.key 
191217     INFO  main            d.u.i.k.p.i.AbstractProblemLoader Loading environment from /home/runner/work/key/key/key.core/../key.ui/examples/performance-test/Modelfield(Modelfield__foo_08()).JML_operation_contract.0.key 
191217     DEBUG main            d.u.i.k.p.i.AbstractProblemLoader Environment load took 198.8ns 
191218     INFO  main            d.u.i.k.p.i.AbstractProblemLoader Creating init config 
194095     DEBUG main            d.u.i.k.j.r.ClassPreparationMethodBuilder clPrepBuilder: Inner Class detected. Reject building class initialisation methods. 
200760     DEBUG main            d.u.i.k.p.i.AbstractProblemLoader Init config took 9.54s 
200845     INFO  main            d.u.i.k.p.i.AbstractProblemLoader Replaying proof Modelfield[Modelfield::foo_8()].JML operation contract.0 
200846     DEBUG main            d.u.i.k.p.i.IntermediateProofReplayer Proof replay took 6.1ns 
203861     INFO  main            d.u.i.k.p.r.p.TestFile    ... finished proof: closed. 
204276     INFO  main            d.u.i.k.p.i.AbstractProblemLoader Loading environment from /home/runner/work/key/key/key.core/../key.ui/examples/performance-test/Modelfield(Modelfield__foo_08()).JML_operation_contract.0.key.proof 
204277     DEBUG main            d.u.i.k.p.i.AbstractProblemLoader Environment load took 407.6ns 
204279     INFO  main            d.u.i.k.p.i.AbstractProblemLoader Creating init config 
207099     DEBUG main            d.u.i.k.j.r.ClassPreparationMethodBuilder clPrepBuilder: Inner Class detected. Reject building class initialisation methods. 
213734     DEBUG main            d.u.i.k.p.i.AbstractProblemLoader Init config took 9.46s 
213806     INFO  main            d.u.i.k.p.i.AbstractProblemLoader Replaying proof Modelfield[Modelfield::foo_8()].JML operation contract.0 
213827     DEBUG main            d.u.i.k.p.i.IntermediateProofReplayer Proof replay took 9.24ms 
213828     WARN  main            d.u.i.k.p.r.p.TestFile    Replay exception de.uka.ilkd.key.proof.io.ProblemLoaderException: Error loading proof.
Line 114, goal 25, rule Class_invariant_axiom_for_Modelfield not available or not applicable in this context.
	at de.uka.ilkd.key.proof.io.IntermediateProofReplayer.reportError(IntermediateProofReplayer.java:782)
Caused by: java.lang.IndexOutOfBoundsException: Index: 1, Size: 1
	at java.base/java.util.LinkedList.checkElementIndex(LinkedList.java:559)

213829     WARN  main            d.u.i.k.p.r.p.TestFile    Replay exception de.uka.ilkd.key.proof.io.ProblemLoaderException: Error loading proof.
Line 139, goal 49, rule One Step Simplification not available or not applicable in this context.
	at de.uka.ilkd.key.proof.io.IntermediateProofReplayer.reportError(IntermediateProofReplayer.java:782)
Caused by: de.uka.ilkd.key.proof.io.IntermediateProofReplayer$BuiltInConstructionException: Wrong position information.
	at de.uka.ilkd.key.proof.io.IntermediateProofReplayer.constructBuiltinApp(IntermediateProofReplayer.java:595)
Caused by: java.lang.RuntimeException: No formula nr. 9 in seq. [wellFormed(heap)<<origin(requires (implicit)) ([])>>,equals(boolean::select(heap,self,java.lang.Object::<created>),TRUE)<<origin(requires (implicit)) ([])>>,equals(Modelfield::exactInstance(self),TRUE)<<origin(requires (implicit)) ([])>>,measuredByEmpty<<origin(requires (implicit)) ([])>>,geq(int::select(heap,self,Modelfield::$x),Z(1(#)))<<origin(requires @ file Modelfield.java @ line 78) ([])>>]==>[elementOf(self<<origin(requires @ file Modelfield.java @ line 79) ([])>>,Modelfield::$x,Modelfield::$footprint(heap,self))<<origin(requires @ file Modelfield.java @ line 79) ([requires @ file Modelfield.java @ line 79])>>,equals(self<<origin(requires (implicit)) ([])>>,null)<<origin(requires (implicit)) ([requires (implicit)])>>,update-application(elem-update(i_2)(int::select(heap,m<<origin(<none> (implicit)) ([ensures (implicit), ensures @ file Modelfield.java @ line 80, signals (implicit)])>>,Modelfield::$x))<<origin(<none> (implicit)) ([ensures (implicit), ensures @ file Modelfield.java @ line 80, signals (implicit)])>>,\<{
  try {
    method-frame (source=foo_8()@Modelfield, this=self) {
      i_1 = i_2 + 1;
      i = (int) i_1;
      m_1.x = i;
      bar();
      this.x++;
      bar();
      this.x++;
      bar();
      this.x++;
      bar();
      this.x++;
      bar();
      this.x++;
      bar();
      this.x++;
      bar();
      this.x++;
      bar();
    }
  } catch (java.lang.Throwable e) {
    exc = e;
  }
}\> (and(imp(equals(exc<<origin(ensures (implicit)) ([])>>,null)<<impl, origin(ensures (implicit)) ([ensures (implicit)])>>,and(geq(int::select(heap,self,Modelfield::$x),Z(1(#)))<<origin(ensures @ file Modelfield.java @ line 80) ([])>>,java.lang.Object::<inv>(heap,self)<<impl>>)<<SC, origin(ensures @ file Modelfield.java @ line 80) ([ensures @ file Modelfield.java @ line 80])>>)<<origin(<none> (implicit)) ([ensures (implicit), ensures @ file Modelfield.java @ line 80])>>,imp(not(equals(exc<<origin(ensures (implicit)) ([])>>,null)<<impl, origin(ensures (implicit)) ([ensures (implicit)])>>)<<origin(ensures (implicit)) ([ensures (implicit)])>>,and(java.lang.Object::<inv>(heap,self),or(equals(java.lang.Error::instance(exc),TRUE),equals(java.lang.RuntimeException::instance(exc),TRUE))<<origin(signals (implicit)) ([])>>)<<origin(signals (implicit)) ([signals (implicit)])>>)<<origin(<none> (implicit)) ([ensures (implicit), signals (implicit)])>>)<<origin(<none> (implicit)) ([ensures (implicit), ensures @ file Modelfield.java @ line 80, signals (implicit)])>>)<<origin(<none> (implicit)) ([ensures (implicit), ensures @ file Modelfield.java @ line 80, signals (implicit)])>>)<<origin(<none> (implicit)) ([ensures (implicit), ensures @ file Modelfield.java @ line 80, signals (implicit)])>>]
	at de.uka.ilkd.key.logic.Sequent.getFormulabyNr(Sequent.java:291)

213829     WARN  main            d.u.i.k.p.r.p.TestFile    Replay exception de.uka.ilkd.key.proof.io.ProblemLoaderException: Error loading proof.
Line 2770, goal 50, rule One Step Simplification not available or not applicable in this context.
	at de.uka.ilkd.key.proof.io.IntermediateProofReplayer.reportError(IntermediateProofReplayer.java:782)
Caused by: de.uka.ilkd.key.proof.io.IntermediateProofReplayer$BuiltInConstructionException: One Step Simplification is missing. Most probably the binary for this built-in rule is not in your path or you do not have the permission to execute it.
	at de.uka.ilkd.key.proof.io.IntermediateProofReplayer.constructBuiltinApp(IntermediateProofReplayer.java:630)

213830     DEBUG main            d.u.i.k.p.r.p.TestFile    Exception java.lang.Exception: Exception while loading proof (see cause for details): /home/runner/work/key/key/key.core/../key.ui/examples/performance-test/Modelfield(Modelfield__foo_08()).JML_operation_contract.0.key.proof
	at de.uka.ilkd.key.proof.runallproofs.proofcollection.TestFile.reloadProof(TestFile.java:314)
Caused by: de.uka.ilkd.key.proof.io.ProblemLoaderException: Error loading proof.
Line 114, goal 25, rule Class_invariant_axiom_for_Modelfield not available or not applicable in this context.
	at de.uka.ilkd.key.proof.io.IntermediateProofReplayer.reportError(IntermediateProofReplayer.java:782)
Caused by: java.lang.IndexOutOfBoundsException: Index: 1, Size: 1
	at java.base/java.util.LinkedList.checkElementIndex(LinkedList.java:559)

213831     WARN  main            d.u.i.k.p.r.p.ForkedTestFileRunner Run failed java.lang.Exception: Exception while loading proof (see cause for details): /home/runner/work/key/key/key.core/../key.ui/examples/performance-test/Modelfield(Modelfield__foo_08()).JML_operation_contract.0.key.proof
	at de.uka.ilkd.key.proof.runallproofs.proofcollection.TestFile.reloadProof(TestFile.java:314)
Caused by: de.uka.ilkd.key.proof.io.ProblemLoaderException: Error loading proof.
Line 114, goal 25, rule Class_invariant_axiom_for_Modelfield not available or not applicable in this context.
	at de.uka.ilkd.key.proof.io.IntermediateProofReplayer.reportError(IntermediateProofReplayer.java:782)
Caused by: java.lang.IndexOutOfBoundsException: Index: 1, Size: 1
	at java.base/java.util.LinkedList.checkElementIndex(LinkedList.java:559)

355568     INFO  Test worker     d.u.i.k.p.r.RunAllProofsTestUnit Running test performancePOConstruction 
372        INFO  Timeout watchdog d.u.i.k.p.r.p.ForkedTestFileRunner Timeout watcher launched (2000 secs.) 
386        WARN  main            d.u.i.k.s.ProofSettings   The settings in /home/runner/.key/proof-settings.props are *not* read. 
439        INFO  main            d.u.i.k.p.r.p.TestFile    Now processing file /home/runner/work/key/key/key.core/../key.ui/examples/performance-test/Test(Test__a0(int)).JML_normal_behavior_operation_contract.0.key 
617        INFO  main            d.u.i.k.p.i.AbstractProblemLoader Loading environment from /home/runner/work/key/key/key.core/../key.ui/examples/performance-test/Test(Test__a0(int)).JML_normal_behavior_operation_contract.0.key 
633        DEBUG main            d.u.i.k.p.i.AbstractProblemLoader Environment load took 2.15ms 
955        INFO  main            d.u.i.k.p.i.AbstractProblemLoader Creating init config 
1885       DEBUG main            d.u.i.k.j.TypeConverter   No LDT found for Meta 
1886       DEBUG main            d.u.i.k.j.TypeConverter   No LDT found for Meta 
1887       DEBUG main            d.u.i.k.j.TypeConverter   No LDT found for Meta 
1887       DEBUG main            d.u.i.k.j.TypeConverter   No LDT found for Meta 
3428       DEBUG main            d.u.i.k.j.TypeConverter   No LDT found for JavaBigintExpression 
9334       DEBUG main            d.u.i.k.j.r.ClassPreparationMethodBuilder clPrepBuilder: Inner Class detected. Reject building class initialisation methods. 
17160      DEBUG main            d.u.i.k.p.i.AbstractProblemLoader Init config took 16.2s 
18012      INFO  main            d.u.i.k.p.i.AbstractProblemLoader Replaying proof Test[Test::a0(int)].JML normal_behavior operation contract.0 
18076      DEBUG main            d.u.i.k.p.i.IntermediateProofReplayer Proof replay took 34.1ns 
18422      INFO  main            d.u.i.k.p.r.p.TestFile    ... finished proof: closed. 
18610      INFO  main            d.u.i.k.p.i.AbstractProblemLoader Loading environment from /home/runner/work/key/key/key.core/../key.ui/examples/performance-test/Test(Test__a0(int)).JML_normal_behavior_operation_contract.0.key.proof 
18611      DEBUG main            d.u.i.k.p.i.AbstractProblemLoader Environment load took 604.8ns 
18613      INFO  main            d.u.i.k.p.i.AbstractProblemLoader Creating init config 
21736      DEBUG main            d.u.i.k.j.r.ClassPreparationMethodBuilder clPrepBuilder: Inner Class detected. Reject building class initialisation methods. 
28770      DEBUG main            d.u.i.k.p.i.AbstractProblemLoader Init config took 10.16s 
29478      INFO  main            d.u.i.k.p.i.AbstractProblemLoader Replaying proof Test[Test::a0(int)].JML normal_behavior operation contract.0 
29530      DEBUG main            d.u.i.k.p.i.IntermediateProofReplayer Proof replay took 43.68ms 
29546      DEBUG main            d.u.i.k.p.r.p.TestFile    ... success: reloaded. 
29550      INFO  main            d.u.i.k.p.r.p.TestFile    Now processing file /home/runner/work/key/key/key.core/../key.ui/examples/performance-test/Test(Test__a1(int)).JML_normal_behavior_operation_contract.0.key 
29550      INFO  main            d.u.i.k.p.i.AbstractProblemLoader Loading environment from /home/runner/work/key/key/key.core/../key.ui/examples/performance-test/Test(Test__a1(int)).JML_normal_behavior_operation_contract.0.key 
29550      DEBUG main            d.u.i.k.p.i.AbstractProblemLoader Environment load took 118.1ns 
29552      INFO  main            d.u.i.k.p.i.AbstractProblemLoader Creating init config 
32555      DEBUG main            d.u.i.k.j.r.ClassPreparationMethodBuilder clPrepBuilder: Inner Class detected. Reject building class initialisation methods. 
39438      DEBUG main            d.u.i.k.p.i.AbstractProblemLoader Init config took 9.89s 
40113      INFO  main            d.u.i.k.p.i.AbstractProblemLoader Replaying proof Test[Test::a1(int)].JML normal_behavior operation contract.0 
40117      DEBUG main            d.u.i.k.p.i.IntermediateProofReplayer Proof replay took 6.3ns 
40523      INFO  main            d.u.i.k.p.r.p.TestFile    ... finished proof: closed. 
40742      INFO  main            d.u.i.k.p.i.AbstractProblemLoader Loading environment from /home/runner/work/key/key/key.core/../key.ui/examples/performance-test/Test(Test__a1(int)).JML_normal_behavior_operation_contract.0.key.proof 
40742      DEBUG main            d.u.i.k.p.i.AbstractProblemLoader Environment load took 463.5ns 
40746      INFO  main            d.u.i.k.p.i.AbstractProblemLoader Creating init config 
43661      DEBUG main            d.u.i.k.j.r.ClassPreparationMethodBuilder clPrepBuilder: Inner Class detected. Reject building class initialisation methods. 
50518      DEBUG main            d.u.i.k.p.i.AbstractProblemLoader Init config took 9.77s 
51133      INFO  main            d.u.i.k.p.i.AbstractProblemLoader Replaying proof Test[Test::a1(int)].JML normal_behavior operation contract.0 
51203      DEBUG main            d.u.i.k.p.i.IntermediateProofReplayer Proof replay took 66.07ms 
51205      DEBUG main            d.u.i.k.p.r.p.TestFile    ... success: reloaded. 
51207      INFO  main            d.u.i.k.p.r.p.TestFile    Now processing file /home/runner/work/key/key/key.core/../key.ui/examples/performance-test/Test(Test__f1(int)).JML_normal_behavior_operation_contract.0.key 
51207      INFO  main            d.u.i.k.p.i.AbstractProblemLoader Loading environment from /home/runner/work/key/key/key.core/../key.ui/examples/performance-test/Test(Test__f1(int)).JML_normal_behavior_operation_contract.0.key 
51208      DEBUG main            d.u.i.k.p.i.AbstractProblemLoader Environment load took 215.1ns 
51209      INFO  main            d.u.i.k.p.i.AbstractProblemLoader Creating init config 
54120      DEBUG main            d.u.i.k.j.r.ClassPreparationMethodBuilder clPrepBuilder: Inner Class detected. Reject building class initialisation methods. 
60890      DEBUG main            d.u.i.k.p.i.AbstractProblemLoader Init config took 9.68s 
61549      INFO  main            d.u.i.k.p.i.AbstractProblemLoader Replaying proof Test[Test::f1(int)].JML normal_behavior operation contract.0 
61556      DEBUG main            d.u.i.k.p.i.IntermediateProofReplayer Proof replay took 6.3ns 
61859      INFO  main            d.u.i.k.p.r.p.TestFile    ... finished proof: closed. 
62175      INFO  main            d.u.i.k.p.i.AbstractProblemLoader Loading environment from /home/runner/work/key/key/key.core/../key.ui/examples/performance-test/Test(Test__f1(int)).JML_normal_behavior_operation_contract.0.key.proof 
62178      DEBUG main            d.u.i.k.p.i.AbstractProblemLoader Environment load took 2.71ms 
62179      INFO  main            d.u.i.k.p.i.AbstractProblemLoader Creating init config 
65070      DEBUG main            d.u.i.k.j.r.ClassPreparationMethodBuilder clPrepBuilder: Inner Class detected. Reject building class initialisation methods. 
71825      DEBUG main            d.u.i.k.p.i.AbstractProblemLoader Init config took 9.65s 
72430      INFO  main            d.u.i.k.p.i.AbstractProblemLoader Replaying proof Test[Test::f1(int)].JML normal_behavior operation contract.0 
72478      DEBUG main            d.u.i.k.p.i.IntermediateProofReplayer Proof replay took 44.95ms 
72479      DEBUG main            d.u.i.k.p.r.p.TestFile    ... success: reloaded. 
428230     INFO  Test worker     d.u.i.k.p.r.RunAllProofsTestUnit Returning from test performancePOConstruction 
428234     INFO  Test worker     d.u.i.k.p.r.RunAllProofsTestUnit Running test applicationRestrictions 
334        INFO  Timeout watchdog d.u.i.k.p.r.p.ForkedTestFileRunner Timeout watcher launched (2000 secs.) 
351        WARN  main            d.u.i.k.s.ProofSettings   The settings in /home/runner/.key/proof-settings.props are *not* read. 
383        INFO  main            d.u.i.k.p.r.p.TestFile    Now processing file /home/runner/work/key/key/key.core/../key.ui/examples/heap/polarity_tests/wellformed1.key 
491        INFO  main            d.u.i.k.p.i.AbstractProblemLoader Loading environment from /home/runner/work/key/key/key.core/../key.ui/examples/heap/polarity_tests/wellformed1.key 
515        DEBUG main            d.u.i.k.p.i.AbstractProblemLoader Environment load took 1.92ms 
754        INFO  main            d.u.i.k.p.i.AbstractProblemLoader Creating init config 
1572       DEBUG main            d.u.i.k.j.TypeConverter   No LDT found for Meta 
1573       DEBUG main            d.u.i.k.j.TypeConverter   No LDT found for Meta 
1575       DEBUG main            d.u.i.k.j.TypeConverter   No LDT found for Meta 
1576       DEBUG main            d.u.i.k.j.TypeConverter   No LDT found for Meta 
2910       DEBUG main            d.u.i.k.j.TypeConverter   No LDT found for JavaBigintExpression 
7594       DEBUG main            d.u.i.k.p.i.AbstractProblemLoader Init config took 6.84s 
7655       INFO  main            d.u.i.k.p.i.AbstractProblemLoader Replaying proof wellformed1.key 
7685       DEBUG main            d.u.i.k.p.i.IntermediateProofReplayer Proof replay took 32.5ns 
7838       INFO  main            d.u.i.k.p.r.p.TestFile    ... finished proof: closed. 
7931       INFO  main            d.u.i.k.p.i.AbstractProblemLoader Loading environment from /home/runner/work/key/key/key.core/../key.ui/examples/heap/polarity_tests/wellformed1.key.proof 
7931       DEBUG main            d.u.i.k.p.i.AbstractProblemLoader Environment load took 127.6ns 
7939       INFO  main            d.u.i.k.p.i.AbstractProblemLoader Creating init config 
10736      DEBUG main            d.u.i.k.p.i.AbstractProblemLoader Init config took 2.8s 
10781      INFO  main            d.u.i.k.p.i.AbstractProblemLoader Replaying proof wellformed1.key.proof 
10788      DEBUG main            d.u.i.k.p.i.IntermediateProofReplayer Proof replay took 2.13ms 
10800      DEBUG main            d.u.i.k.p.r.p.TestFile    ... success: reloaded. 
10802      INFO  main            d.u.i.k.p.r.p.TestFile    Now processing file /home/runner/work/key/key/key.core/../key.ui/examples/heap/polarity_tests/wellformed2.key 
10803      INFO  main            d.u.i.k.p.i.AbstractProblemLoader Loading environment from /home/runner/work/key/key/key.core/../key.ui/examples/heap/polarity_tests/wellformed2.key 
10803      DEBUG main            d.u.i.k.p.i.AbstractProblemLoader Environment load took 240.7ns 
10805      INFO  main            d.u.i.k.p.i.AbstractProblemLoader Creating init config 
13568      DEBUG main            d.u.i.k.p.i.AbstractProblemLoader Init config took 2.76s 
13598      INFO  main            d.u.i.k.p.i.AbstractProblemLoader Replaying proof wellformed2.key 
13600      DEBUG main            d.u.i.k.p.i.IntermediateProofReplayer Proof replay took 5.8ns 
13703      INFO  main            d.u.i.k.p.r.p.TestFile    ... finished proof: open goal(s) 
13840      INFO  main            d.u.i.k.p.r.p.TestFile    Now processing file /home/runner/work/key/key/key.core/../key.ui/examples/heap/polarity_tests/wellformed3.key 
13840      INFO  main            d.u.i.k.p.i.AbstractProblemLoader Loading environment from /home/runner/work/key/key/key.core/../key.ui/examples/heap/polarity_tests/wellformed3.key 
13841      DEBUG main            d.u.i.k.p.i.AbstractProblemLoader Environment load took 264.4ns 
13842      INFO  main            d.u.i.k.p.i.AbstractProblemLoader Creating init config 
16419      DEBUG main            d.u.i.k.p.i.AbstractProblemLoader Init config took 2.58s 
16441      INFO  main            d.u.i.k.p.i.AbstractProblemLoader Replaying proof wellformed3.key 
16443      DEBUG main            d.u.i.k.p.i.IntermediateProofReplayer Proof replay took 5.2ns 
16547      INFO  main            d.u.i.k.p.r.p.TestFile    ... finished proof: closed. 
16655      INFO  main            d.u.i.k.p.i.AbstractProblemLoader Loading environment from /home/runner/work/key/key/key.core/../key.ui/examples/heap/polarity_tests/wellformed3.key.proof 
16655      DEBUG main            d.u.i.k.p.i.AbstractProblemLoader Environment load took 113.5ns 
16657      INFO  main            d.u.i.k.p.i.AbstractProblemLoader Creating init config 
19270      DEBUG main            d.u.i.k.p.i.AbstractProblemLoader Init config took 2.61s 
19295      INFO  main            d.u.i.k.p.i.AbstractProblemLoader Replaying proof wellformed3.key.proof 
19305      DEBUG main            d.u.i.k.p.i.IntermediateProofReplayer Proof replay took 5.95ms 
19307      DEBUG main            d.u.i.k.p.r.p.TestFile    ... success: reloaded. 
19309      INFO  main            d.u.i.k.p.r.p.TestFile    Now processing file /home/runner/work/key/key/key.core/../key.ui/examples/heap/polarity_tests/wellformed4.key 
19310      INFO  main            d.u.i.k.p.i.AbstractProblemLoader Loading environment from /home/runner/work/key/key/key.core/../key.ui/examples/heap/polarity_tests/wellformed4.key 
19310      DEBUG main            d.u.i.k.p.i.AbstractProblemLoader Environment load took 211.3ns 
19311      INFO  main            d.u.i.k.p.i.AbstractProblemLoader Creating init config 
21836      DEBUG main            d.u.i.k.p.i.AbstractProblemLoader Init config took 2.53s 
21855      INFO  main            d.u.i.k.p.i.AbstractProblemLoader Replaying proof wellformed4.key 
21857      DEBUG main            d.u.i.k.p.i.IntermediateProofReplayer Proof replay took 5.3ns 
21965      INFO  main            d.u.i.k.p.r.p.TestFile    ... finished proof: open goal(s) 
22096      INFO  main            d.u.i.k.p.r.p.TestFile    Now processing file /home/runner/work/key/key/key.core/../key.ui/examples/heap/polarity_tests/wellformed5.key 
22097      INFO  main            d.u.i.k.p.i.AbstractProblemLoader Loading environment from /home/runner/work/key/key/key.core/../key.ui/examples/heap/polarity_tests/wellformed5.key 
22097      DEBUG main            d.u.i.k.p.i.AbstractProblemLoader Environment load took 848.1ns 
22099      INFO  main            d.u.i.k.p.i.AbstractProblemLoader Creating init config 
24640      DEBUG main            d.u.i.k.p.i.AbstractProblemLoader Init config took 2.54s 
24659      INFO  main            d.u.i.k.p.i.AbstractProblemLoader Replaying proof wellformed5.key 
24660      DEBUG main            d.u.i.k.p.i.IntermediateProofReplayer Proof replay took 6.4ns 
24767      INFO  main            d.u.i.k.p.r.p.TestFile    ... finished proof: closed. 
24885      INFO  main            d.u.i.k.p.i.AbstractProblemLoader Loading environment from /home/runner/work/key/key/key.core/../key.ui/examples/heap/polarity_tests/wellformed5.key.proof 
24885      DEBUG main            d.u.i.k.p.i.AbstractProblemLoader Environment load took 102.6ns 
24887      INFO  main            d.u.i.k.p.i.AbstractProblemLoader Creating init config 
27444      DEBUG main            d.u.i.k.p.i.AbstractProblemLoader Init config took 2.56s 
27463      INFO  main            d.u.i.k.p.i.AbstractProblemLoader Replaying proof wellformed5.key.proof 
27466      DEBUG main            d.u.i.k.p.i.IntermediateProofReplayer Proof replay took 1.27ms 
27467      DEBUG main            d.u.i.k.p.r.p.TestFile    ... success: reloaded. 
27469      INFO  main            d.u.i.k.p.r.p.TestFile    Now processing file /home/runner/work/key/key/key.core/../key.ui/examples/heap/polarity_tests/wellformed6.key 
27470      INFO  main            d.u.i.k.p.i.AbstractProblemLoader Loading environment from /home/runner/work/key/key/key.core/../key.ui/examples/heap/polarity_tests/wellformed6.key 
27470      DEBUG main            d.u.i.k.p.i.AbstractProblemLoader Environment load took 200.4ns 
27471      INFO  main            d.u.i.k.p.i.AbstractProblemLoader Creating init config 
30028      DEBUG main            d.u.i.k.p.i.AbstractProblemLoader Init config took 2.56s 
30046      INFO  main            d.u.i.k.p.i.AbstractProblemLoader Replaying proof wellformed6.key 
30047      DEBUG main            d.u.i.k.p.i.IntermediateProofReplayer Proof replay took 5.6ns 
30151      INFO  main            d.u.i.k.p.r.p.TestFile    ... finished proof: open goal(s) 
30291      INFO  main            d.u.i.k.p.r.p.TestFile    Now processing file /home/runner/work/key/key/key.core/../key.ui/examples/heap/polarity_tests/wellformed7.key 
30291      INFO  main            d.u.i.k.p.i.AbstractProblemLoader Loading environment from /home/runner/work/key/key/key.core/../key.ui/examples/heap/polarity_tests/wellformed7.key 
30292      DEBUG main            d.u.i.k.p.i.AbstractProblemLoader Environment load took 58.1ns 
30292      INFO  main            d.u.i.k.p.i.AbstractProblemLoader Creating init config 
32773      DEBUG main            d.u.i.k.p.i.AbstractProblemLoader Init config took 2.48s 
32791      INFO  main            d.u.i.k.p.i.AbstractProblemLoader Replaying proof wellformed7.key 
32793      DEBUG main            d.u.i.k.p.i.IntermediateProofReplayer Proof replay took 6.4ns 
32895      INFO  main            d.u.i.k.p.r.p.TestFile    ... finished proof: closed. 
33012      INFO  main            d.u.i.k.p.i.AbstractProblemLoader Loading environment from /home/runner/work/key/key/key.core/../key.ui/examples/heap/polarity_tests/wellformed7.key.proof 
33012      DEBUG main            d.u.i.k.p.i.AbstractProblemLoader Environment load took 100.8ns 
33013      INFO  main            d.u.i.k.p.i.AbstractProblemLoader Creating init config 
35521      DEBUG main            d.u.i.k.p.i.AbstractProblemLoader Init config took 2.51s 
35537      INFO  main            d.u.i.k.p.i.AbstractProblemLoader Replaying proof wellformed7.key.proof 
35540      DEBUG main            d.u.i.k.p.i.IntermediateProofReplayer Proof replay took 1.42ms 
35541      DEBUG main            d.u.i.k.p.r.p.TestFile    ... success: reloaded. 
35543      INFO  main            d.u.i.k.p.r.p.TestFile    Now processing file /home/runner/work/key/key/key.core/../key.ui/examples/heap/polarity_tests/wellformed8.key 
35543      INFO  main            d.u.i.k.p.i.AbstractProblemLoader Loading environment from /home/runner/work/key/key/key.core/../key.ui/examples/heap/polarity_tests/wellformed8.key 
35544      DEBUG main            d.u.i.k.p.i.AbstractProblemLoader Environment load took 192.3ns 
35545      INFO  main            d.u.i.k.p.i.AbstractProblemLoader Creating init config 
38045      DEBUG main            d.u.i.k.p.i.AbstractProblemLoader Init config took 2.5s 
38060      INFO  main            d.u.i.k.p.i.AbstractProblemLoader Replaying proof wellformed8.key 
38062      DEBUG main            d.u.i.k.p.i.IntermediateProofReplayer Proof replay took 7ns 
38164      INFO  main            d.u.i.k.p.r.p.TestFile    ... finished proof: open goal(s) 
38306      INFO  main            d.u.i.k.p.r.p.TestFile    Now processing file /home/runner/work/key/key/key.core/../key.ui/examples/heap/polarity_tests/wellformed9.key 
38307      INFO  main            d.u.i.k.p.i.AbstractProblemLoader Loading environment from /home/runner/work/key/key/key.core/../key.ui/examples/heap/polarity_tests/wellformed9.key 
38308      DEBUG main            d.u.i.k.p.i.AbstractProblemLoader Environment load took 359.5ns 
38309      INFO  main            d.u.i.k.p.i.AbstractProblemLoader Creating init config 
40851      DEBUG main            d.u.i.k.p.i.AbstractProblemLoader Init config took 2.54s 
40869      INFO  main            d.u.i.k.p.i.AbstractProblemLoader Replaying proof wellformed9.key 
40870      DEBUG main            d.u.i.k.p.i.IntermediateProofReplayer Proof replay took 6.7ns 
40975      INFO  main            d.u.i.k.p.r.p.TestFile    ... finished proof: closed. 
41102      INFO  main            d.u.i.k.p.i.AbstractProblemLoader Loading environment from /home/runner/work/key/key/key.core/../key.ui/examples/heap/polarity_tests/wellformed9.key.proof 
41102      DEBUG main            d.u.i.k.p.i.AbstractProblemLoader Environment load took 116.1ns 
41103      INFO  main            d.u.i.k.p.i.AbstractProblemLoader Creating init config 
43626      DEBUG main            d.u.i.k.p.i.AbstractProblemLoader Init config took 2.52s 
43650      INFO  main            d.u.i.k.p.i.AbstractProblemLoader Replaying proof wellformed9.key.proof 
43653      DEBUG main            d.u.i.k.p.i.IntermediateProofReplayer Proof replay took 1.4ms 
43654      DEBUG main            d.u.i.k.p.r.p.TestFile    ... success: reloaded. 
43655      INFO  main            d.u.i.k.p.r.p.TestFile    Now processing file /home/runner/work/key/key/key.core/../key.ui/examples/heap/polarity_tests/wellformed10.key 
43655      INFO  main            d.u.i.k.p.i.AbstractProblemLoader Loading environment from /home/runner/work/key/key/key.core/../key.ui/examples/heap/polarity_tests/wellformed10.key 
43656      DEBUG main            d.u.i.k.p.i.AbstractProblemLoader Environment load took 96.1ns 
43656      INFO  main            d.u.i.k.p.i.AbstractProblemLoader Creating init config 
46161      DEBUG main            d.u.i.k.p.i.AbstractProblemLoader Init config took 2.5s 
46180      INFO  main            d.u.i.k.p.i.AbstractProblemLoader Replaying proof wellformed10.key 
46183      DEBUG main            d.u.i.k.p.i.IntermediateProofReplayer Proof replay took 6.8ns 
46286      INFO  main            d.u.i.k.p.r.p.TestFile    ... finished proof: open goal(s) 
46436      INFO  main            d.u.i.k.p.r.p.TestFile    Now processing file /home/runner/work/key/key/key.core/../key.ui/examples/heap/polarity_tests/wellformed11.key 
46436      INFO  main            d.u.i.k.p.i.AbstractProblemLoader Loading environment from /home/runner/work/key/key/key.core/../key.ui/examples/heap/polarity_tests/wellformed11.key 
46436      DEBUG main            d.u.i.k.p.i.AbstractProblemLoader Environment load took 62.9ns 
46437      INFO  main            d.u.i.k.p.i.AbstractProblemLoader Creating init config 
48884      DEBUG main            d.u.i.k.p.i.AbstractProblemLoader Init config took 2.45s 
48899      INFO  main            d.u.i.k.p.i.AbstractProblemLoader Replaying proof wellformed11.key 
48901      DEBUG main            d.u.i.k.p.i.IntermediateProofReplayer Proof replay took 6.4ns 
49003      INFO  main            d.u.i.k.p.r.p.TestFile    ... finished proof: open goal(s) 
477539     INFO  Test worker     d.u.i.k.p.r.RunAllProofsTestUnit Returning from test applicationRestrictions 
477542     INFO  Test worker     d.u.i.k.p.r.RunAllProofsTestUnit Running test blockContracts 
360        INFO  Timeout watchdog d.u.i.k.p.r.p.ForkedTestFileRunner Timeout watcher launched (2000 secs.) 
371        WARN  main            d.u.i.k.s.ProofSettings   The settings in /home/runner/.key/proof-settings.props are *not* read. 
408        INFO  main            d.u.i.k.p.r.p.TestFile    Now processing file /home/runner/work/key/key/key.core/../key.ui/examples/heap/block_contracts/Simple__add.key 
505        INFO  main            d.u.i.k.p.i.AbstractProblemLoader Loading environment from /home/runner/work/key/key/key.core/../key.ui/examples/heap/block_contracts/Simple__add.key 
525        DEBUG main            d.u.i.k.p.i.AbstractProblemLoader Environment load took 2.24ms 
748        INFO  main            d.u.i.k.p.i.AbstractProblemLoader Creating init config 
1600       DEBUG main            d.u.i.k.j.TypeConverter   No LDT found for Meta 
1601       DEBUG main            d.u.i.k.j.TypeConverter   No LDT found for Meta 
1605       DEBUG main            d.u.i.k.j.TypeConverter   No LDT found for Meta 
1605       DEBUG main            d.u.i.k.j.TypeConverter   No LDT found for Meta 
2782       DEBUG main            d.u.i.k.j.TypeConverter   No LDT found for JavaBigintExpression 
8247       DEBUG main            d.u.i.k.p.i.AbstractProblemLoader Init config took 7.5s 
8429       INFO  main            d.u.i.k.p.i.AbstractProblemLoader Replaying proof Simple[Simple::add(int,int)].JML operation contract.0 
8510       DEBUG main            d.u.i.k.p.i.IntermediateProofReplayer Proof replay took 741ns 
9139       INFO  main            d.u.i.k.p.r.p.TestFile    ... finished proof: closed. 
9266       INFO  main            d.u.i.k.p.i.AbstractProblemLoader Loading environment from /home/runner/work/key/key/key.core/../key.ui/examples/heap/block_contracts/Simple__add.key.proof 
9266       DEBUG main            d.u.i.k.p.i.AbstractProblemLoader Environment load took 132.8ns 
9269       INFO  main            d.u.i.k.p.i.AbstractProblemLoader Creating init config 
12548      DEBUG main            d.u.i.k.p.i.AbstractProblemLoader Init config took 3.28s 
12617      INFO  main            d.u.i.k.p.i.AbstractProblemLoader Replaying proof Simple[Simple::add(int,int)].JML operation contract.0 
12692      DEBUG main            d.u.i.k.p.i.IntermediateProofReplayer Proof replay took 71.5ms 
12700      DEBUG main            d.u.i.k.p.r.p.TestFile    ... success: reloaded. 
12703      INFO  main            d.u.i.k.p.r.p.TestFile    Now processing file /home/runner/work/key/key/key.core/../key.ui/examples/heap/block_contracts/Simple__addAbsoluteValues.key 
12704      INFO  main            d.u.i.k.p.i.AbstractProblemLoader Loading environment from /home/runner/work/key/key/key.core/../key.ui/examples/heap/block_contracts/Simple__addAbsoluteValues.key 
12704      DEBUG main            d.u.i.k.p.i.AbstractProblemLoader Environment load took 244.8ns 
12705      INFO  main            d.u.i.k.p.i.AbstractProblemLoader Creating init config 
15892      DEBUG main            d.u.i.k.p.i.AbstractProblemLoader Init config took 3.19s 
15953      INFO  main            d.u.i.k.p.i.AbstractProblemLoader Replaying proof Simple[Simple::addAbsoluteValues(int,int)].JML normal_behavior operation contract.0 
15956      DEBUG main            d.u.i.k.p.i.IntermediateProofReplayer Proof replay took 15.6ns 
16968      INFO  main            d.u.i.k.p.r.p.TestFile    ... finished proof: closed. 
17150      INFO  main            d.u.i.k.p.i.AbstractProblemLoader Loading environment from /home/runner/work/key/key/key.core/../key.ui/examples/heap/block_contracts/Simple__addAbsoluteValues.key.proof 
17153      DEBUG main            d.u.i.k.p.i.AbstractProblemLoader Environment load took 3.6ms 
17155      INFO  main            d.u.i.k.p.i.AbstractProblemLoader Creating init config 
20273      DEBUG main            d.u.i.k.p.i.AbstractProblemLoader Init config took 3.12s 
20327      INFO  main            d.u.i.k.p.i.AbstractProblemLoader Replaying proof Simple[Simple::addAbsoluteValues(int,int)].JML normal_behavior operation contract.0 
20502      DEBUG main            d.u.i.k.p.i.IntermediateProofReplayer Proof replay took 166.45ms 
20504      DEBUG main            d.u.i.k.p.r.p.TestFile    ... success: reloaded. 
20506      INFO  main            d.u.i.k.p.r.p.TestFile    Now processing file /home/runner/work/key/key/key.core/../key.ui/examples/heap/block_contracts/Simple__addWithJump.key 
20507      INFO  main            d.u.i.k.p.i.AbstractProblemLoader Loading environment from /home/runner/work/key/key/key.core/../key.ui/examples/heap/block_contracts/Simple__addWithJump.key 
20507      DEBUG main            d.u.i.k.p.i.AbstractProblemLoader Environment load took 222.6ns 
20508      INFO  main            d.u.i.k.p.i.AbstractProblemLoader Creating init config 
23685      DEBUG main            d.u.i.k.p.i.AbstractProblemLoader Init config took 3.18s 
23744      INFO  main            d.u.i.k.p.i.AbstractProblemLoader Replaying proof Simple[Simple::addWithJump(int,int,int)].JML operation contract.0 
23746      DEBUG main            d.u.i.k.p.i.IntermediateProofReplayer Proof replay took 22.7ns 
23949      INFO  main            d.u.i.k.p.r.p.TestFile    ... finished proof: closed. 
24112      INFO  main            d.u.i.k.p.i.AbstractProblemLoader Loading environment from /home/runner/work/key/key/key.core/../key.ui/examples/heap/block_contracts/Simple__addWithJump.key.proof 
24112      DEBUG main            d.u.i.k.p.i.AbstractProblemLoader Environment load took 133.3ns 
24114      INFO  main            d.u.i.k.p.i.AbstractProblemLoader Creating init config 
27133      DEBUG main            d.u.i.k.p.i.AbstractProblemLoader Init config took 3.02s 
27178      INFO  main            d.u.i.k.p.i.AbstractProblemLoader Replaying proof Simple[Simple::addWithJump(int,int,int)].JML operation contract.0 
27244      DEBUG main            d.u.i.k.p.i.IntermediateProofReplayer Proof replay took 63.11ms 
27246      DEBUG main            d.u.i.k.p.r.p.TestFile    ... success: reloaded. 
27249      INFO  main            d.u.i.k.p.r.p.TestFile    Now processing file /home/runner/work/key/key/key.core/../key.ui/examples/heap/block_contracts/Simple__addWithTwoBlockContracts.key 
27249      INFO  main            d.u.i.k.p.i.AbstractProblemLoader Loading environment from /home/runner/work/key/key/key.core/../key.ui/examples/heap/block_contracts/Simple__addWithTwoBlockContracts.key 
27249      DEBUG main            d.u.i.k.p.i.AbstractProblemLoader Environment load took 100.3ns 
27252      INFO  main            d.u.i.k.p.i.AbstractProblemLoader Creating init config 
30296      DEBUG main            d.u.i.k.p.i.AbstractProblemLoader Init config took 3.04s 
30354      INFO  main            d.u.i.k.p.i.AbstractProblemLoader Replaying proof Simple[Simple::addWithTwoBlockContracts(int,int,int)].JML operation contract.0 
30358      DEBUG main            d.u.i.k.p.i.IntermediateProofReplayer Proof replay took 10.5ns 
30563      INFO  main            d.u.i.k.p.r.p.TestFile    ... finished proof: closed. 
30730      INFO  main            d.u.i.k.p.i.AbstractProblemLoader Loading environment from /home/runner/work/key/key/key.core/../key.ui/examples/heap/block_contracts/Simple__addWithTwoBlockContracts.key.proof 
30731      DEBUG main            d.u.i.k.p.i.AbstractProblemLoader Environment load took 107.9ns 
30732      INFO  main            d.u.i.k.p.i.AbstractProblemLoader Creating init config 
33730      DEBUG main            d.u.i.k.p.i.AbstractProblemLoader Init config took 3s 
33774      INFO  main            d.u.i.k.p.i.AbstractProblemLoader Replaying proof Simple[Simple::addWithTwoBlockContracts(int,int,int)].JML operation contract.0 
33832      DEBUG main            d.u.i.k.p.i.IntermediateProofReplayer Proof replay took 54.51ms 
33833      DEBUG main            d.u.i.k.p.r.p.TestFile    ... success: reloaded. 
33835      INFO  main            d.u.i.k.p.r.p.TestFile    Now processing file /home/runner/work/key/key/key.core/../key.ui/examples/heap/block_contracts/Simple__generateByteArray.key 
33835      INFO  main            d.u.i.k.p.i.AbstractProblemLoader Loading environment from /home/runner/work/key/key/key.core/../key.ui/examples/heap/block_contracts/Simple__generateByteArray.key 
33836      DEBUG main            d.u.i.k.p.i.AbstractProblemLoader Environment load took 201.7ns 
33837      INFO  main            d.u.i.k.p.i.AbstractProblemLoader Creating init config 
36889      DEBUG main            d.u.i.k.p.i.AbstractProblemLoader Init config took 3.05s 
36945      INFO  main            d.u.i.k.p.i.AbstractProblemLoader Replaying proof Simple[Simple::generateByteArray()].JML normal_behavior operation contract.0 
36948      DEBUG main            d.u.i.k.p.i.IntermediateProofReplayer Proof replay took 11ns 
38957      INFO  main            d.u.i.k.p.r.p.TestFile    ... finished proof: closed. 
39155      INFO  main            d.u.i.k.p.i.AbstractProblemLoader Loading environment from /home/runner/work/key/key/key.core/../key.ui/examples/heap/block_contracts/Simple__generateByteArray.key.proof 
39156      DEBUG main            d.u.i.k.p.i.AbstractProblemLoader Environment load took 462.8ns 
39157      INFO  main            d.u.i.k.p.i.AbstractProblemLoader Creating init config 
42092      DEBUG main            d.u.i.k.p.i.AbstractProblemLoader Init config took 2.93s 
42136      INFO  main            d.u.i.k.p.i.AbstractProblemLoader Replaying proof Simple[Simple::generateByteArray()].JML normal_behavior operation contract.0 
42298      DEBUG main            d.u.i.k.p.i.IntermediateProofReplayer Proof replay took 145.97ms 
42299      WARN  main            d.u.i.k.p.r.p.TestFile    Replay exception de.uka.ilkd.key.proof.io.ProblemLoaderException: Error loading proof.
Line 323, goal 220, rule One Step Simplification not available or not applicable in this context.
	at de.uka.ilkd.key.proof.io.IntermediateProofReplayer.reportError(IntermediateProofReplayer.java:782)
Caused by: de.uka.ilkd.key.proof.io.IntermediateProofReplayer$BuiltInConstructionException: One Step Simplification is missing. Most probably the binary for this built-in rule is not in your path or you do not have the permission to execute it.
	at de.uka.ilkd.key.proof.io.IntermediateProofReplayer.constructBuiltinApp(IntermediateProofReplayer.java:630)

42301      WARN  main            d.u.i.k.p.r.p.TestFile    Replay exception de.uka.ilkd.key.proof.io.ProblemLoaderException: Error loading proof.
Line 2044, goal 221, rule One Step Simplification not available or not applicable in this context.
	at de.uka.ilkd.key.proof.io.IntermediateProofReplayer.reportError(IntermediateProofReplayer.java:782)
Caused by: de.uka.ilkd.key.proof.io.IntermediateProofReplayer$BuiltInConstructionException: One Step Simplification is missing. Most probably the binary for this built-in rule is not in your path or you do not have the permission to execute it.
	at de.uka.ilkd.key.proof.io.IntermediateProofReplayer.constructBuiltinApp(IntermediateProofReplayer.java:630)

42302      DEBUG main            d.u.i.k.p.r.p.TestFile    Exception java.lang.Exception: Exception while loading proof (see cause for details): /home/runner/work/key/key/key.core/../key.ui/examples/heap/block_contracts/Simple__generateByteArray.key.proof
	at de.uka.ilkd.key.proof.runallproofs.proofcollection.TestFile.reloadProof(TestFile.java:314)
Caused by: de.uka.ilkd.key.proof.io.ProblemLoaderException: Error loading proof.
Line 323, goal 220, rule One Step Simplification not available or not applicable in this context.
	at de.uka.ilkd.key.proof.io.IntermediateProofReplayer.reportError(IntermediateProofReplayer.java:782)
Caused by: de.uka.ilkd.key.proof.io.IntermediateProofReplayer$BuiltInConstructionException: One Step Simplification is missing. Most probably the binary for this built-in rule is not in your path or you do not have the permission to execute it.
	at de.uka.ilkd.key.proof.io.IntermediateProofReplayer.constructBuiltinApp(IntermediateProofReplayer.java:630)

42303      WARN  main            d.u.i.k.p.r.p.ForkedTestFileRunner Run failed java.lang.Exception: Exception while loading proof (see cause for details): /home/runner/work/key/key/key.core/../key.ui/examples/heap/block_contracts/Simple__generateByteArray.key.proof
	at de.uka.ilkd.key.proof.runallproofs.proofcollection.TestFile.reloadProof(TestFile.java:314)
Caused by: de.uka.ilkd.key.proof.io.ProblemLoaderException: Error loading proof.
Line 323, goal 220, rule One Step Simplification not available or not applicable in this context.
	at de.uka.ilkd.key.proof.io.IntermediateProofReplayer.reportError(IntermediateProofReplayer.java:782)
Caused by: de.uka.ilkd.key.proof.io.IntermediateProofReplayer$BuiltInConstructionException: One Step Simplification is missing. Most probably the binary for this built-in rule is not in your path or you do not have the permission to execute it.
	at de.uka.ilkd.key.proof.io.IntermediateProofReplayer.constructBuiltinApp(IntermediateProofReplayer.java:630)

42305      INFO  main            d.u.i.k.p.r.p.TestFile    Now processing file /home/runner/work/key/key/key.core/../key.ui/examples/heap/block_contracts/Simple__getLength.key 
42305      INFO  main            d.u.i.k.p.i.AbstractProblemLoader Loading environment from /home/runner/work/key/key/key.core/../key.ui/examples/heap/block_contracts/Simple__getLength.key 
42305      DEBUG main            d.u.i.k.p.i.AbstractProblemLoader Environment load took 216.6ns 
42306      INFO  main            d.u.i.k.p.i.AbstractProblemLoader Creating init config 
45330      DEBUG main            d.u.i.k.p.i.AbstractProblemLoader Init config took 3.02s 
45373      INFO  main            d.u.i.k.p.i.AbstractProblemLoader Replaying proof Simple[Simple::getLength()].JML normal_behavior operation contract.0 
45376      DEBUG main            d.u.i.k.p.i.IntermediateProofReplayer Proof replay took 10.2ns 
45477      INFO  main            d.u.i.k.p.r.p.TestFile    ... finished proof: closed. 
45665      INFO  main            d.u.i.k.p.i.AbstractProblemLoader Loading environment from /home/runner/work/key/key/key.core/../key.ui/examples/heap/block_contracts/Simple__getLength.key.proof 
45666      DEBUG main            d.u.i.k.p.i.AbstractProblemLoader Environment load took 124.3ns 
45666      INFO  main            d.u.i.k.p.i.AbstractProblemLoader Creating init config 
48653      DEBUG main            d.u.i.k.p.i.AbstractProblemLoader Init config took 2.99s 
48705      INFO  main            d.u.i.k.p.i.AbstractProblemLoader Replaying proof Simple[Simple::getLength()].JML normal_behavior operation contract.0 
48713      DEBUG main            d.u.i.k.p.i.IntermediateProofReplayer Proof replay took 6.77ms 
48714      DEBUG main            d.u.i.k.p.r.p.TestFile    ... success: reloaded. 
48716      INFO  main            d.u.i.k.p.r.p.TestFile    Now processing file /home/runner/work/key/key/key.core/../key.ui/examples/heap/block_contracts/Simple__square.key 
48717      INFO  main            d.u.i.k.p.i.AbstractProblemLoader Loading environment from /home/runner/work/key/key/key.core/../key.ui/examples/heap/block_contracts/Simple__square.key 
48717      DEBUG main            d.u.i.k.p.i.AbstractProblemLoader Environment load took 83ns 
48718      INFO  main            d.u.i.k.p.i.AbstractProblemLoader Creating init config 
51690      DEBUG main            d.u.i.k.p.i.AbstractProblemLoader Init config took 2.97s 
51737      INFO  main            d.u.i.k.p.i.AbstractProblemLoader Replaying proof Simple[Simple::square(int)].JML operation contract.0 
51739      DEBUG main            d.u.i.k.p.i.IntermediateProofReplayer Proof replay took 10.2ns 
52041      INFO  main            d.u.i.k.p.r.p.TestFile    ... finished proof: closed. 
52218      INFO  main            d.u.i.k.p.i.AbstractProblemLoader Loading environment from /home/runner/work/key/key/key.core/../key.ui/examples/heap/block_contracts/Simple__square.key.proof 
52218      DEBUG main            d.u.i.k.p.i.AbstractProblemLoader Environment load took 125.1ns 
52219      INFO  main            d.u.i.k.p.i.AbstractProblemLoader Creating init config 
55145      DEBUG main            d.u.i.k.p.i.AbstractProblemLoader Init config took 2.93s 
55188      INFO  main            d.u.i.k.p.i.AbstractProblemLoader Replaying proof Simple[Simple::square(int)].JML operation contract.0 
55291      DEBUG main            d.u.i.k.p.i.IntermediateProofReplayer Proof replay took 99.4ms 
55292      DEBUG main            d.u.i.k.p.r.p.TestFile    ... success: reloaded. 
55295      INFO  main            d.u.i.k.p.r.p.TestFile    Now processing file /home/runner/work/key/key/key.core/../key.ui/examples/heap/block_contracts/Simple__unnecessaryBlockContract.key 
55295      INFO  main            d.u.i.k.p.i.AbstractProblemLoader Loading environment from /home/runner/work/key/key/key.core/../key.ui/examples/heap/block_contracts/Simple__unnecessaryBlockContract.key 
55295      DEBUG main            d.u.i.k.p.i.AbstractProblemLoader Environment load took 200.7ns 
55296      INFO  main            d.u.i.k.p.i.AbstractProblemLoader Creating init config 
58302      DEBUG main            d.u.i.k.p.i.AbstractProblemLoader Init config took 3.01s 
58342      INFO  main            d.u.i.k.p.i.AbstractProblemLoader Replaying proof Simple[Simple::unnecessaryBlockContract()].JML operation contract.0 
58344      DEBUG main            d.u.i.k.p.i.IntermediateProofReplayer Proof replay took 11.2ns 
58446      INFO  main            d.u.i.k.p.r.p.TestFile    ... finished proof: closed. 
58629      INFO  main            d.u.i.k.p.i.AbstractProblemLoader Loading environment from /home/runner/work/key/key/key.core/../key.ui/examples/heap/block_contracts/Simple__unnecessaryBlockContract.key.proof 
58629      DEBUG main            d.u.i.k.p.i.AbstractProblemLoader Environment load took 108.5ns 
58630      INFO  main            d.u.i.k.p.i.AbstractProblemLoader Creating init config 
61548      DEBUG main            d.u.i.k.p.i.AbstractProblemLoader Init config took 2.92s 
61600      INFO  main            d.u.i.k.p.i.AbstractProblemLoader Replaying proof Simple[Simple::unnecessaryBlockContract()].JML operation contract.0 
61623      DEBUG main            d.u.i.k.p.i.IntermediateProofReplayer Proof replay took 20.38ms 
61623      DEBUG main            d.u.i.k.p.r.p.TestFile    ... success: reloaded. 
61626      INFO  main            d.u.i.k.p.r.p.TestFile    Now processing file /home/runner/work/key/key/key.core/../key.ui/examples/heap/block_contracts/Simple__unnecessaryLoopInvariant.key 
61626      INFO  main            d.u.i.k.p.i.AbstractProblemLoader Loading environment from /home/runner/work/key/key/key.core/../key.ui/examples/heap/block_contracts/Simple__unnecessaryLoopInvariant.key 
61626      DEBUG main            d.u.i.k.p.i.AbstractProblemLoader Environment load took 90.3ns 
61627      INFO  main            d.u.i.k.p.i.AbstractProblemLoader Creating init config 
64630      DEBUG main            d.u.i.k.p.i.AbstractProblemLoader Init config took 3s 
64676      INFO  main            d.u.i.k.p.i.AbstractProblemLoader Replaying proof Simple[Simple::unnecessaryLoopInvariant()].JML operation contract.0 
64678      DEBUG main            d.u.i.k.p.i.IntermediateProofReplayer Proof replay took 10.2ns 
64780      INFO  main            d.u.i.k.p.r.p.TestFile    ... finished proof: closed. 
64960      INFO  main            d.u.i.k.p.i.AbstractProblemLoader Loading environment from /home/runner/work/key/key/key.core/../key.ui/examples/heap/block_contracts/Simple__unnecessaryLoopInvariant.key.proof 
64960      DEBUG main            d.u.i.k.p.i.AbstractProblemLoader Environment load took 103.1ns 
64962      INFO  main            d.u.i.k.p.i.AbstractProblemLoader Creating init config 
67902      DEBUG main            d.u.i.k.p.i.AbstractProblemLoader Init config took 2.94s 
67940      INFO  main            d.u.i.k.p.i.AbstractProblemLoader Replaying proof Simple[Simple::unnecessaryLoopInvariant()].JML operation contract.0 
67952      DEBUG main            d.u.i.k.p.i.IntermediateProofReplayer Proof replay took 10.47ms 
67953      DEBUG main            d.u.i.k.p.r.p.TestFile    ... success: reloaded. 
67955      INFO  main            d.u.i.k.p.r.p.TestFile    Now processing file /home/runner/work/key/key/key.core/../key.ui/examples/standard_key/java_dl/jml-assert/assert.key 
67955      INFO  main            d.u.i.k.p.i.AbstractProblemLoader Loading environment from /home/runner/work/key/key/key.core/../key.ui/examples/standard_key/java_dl/jml-assert/assert.key 
67955      DEBUG main            d.u.i.k.p.i.AbstractProblemLoader Environment load took 73.5ns 
67956      INFO  main            d.u.i.k.p.i.AbstractProblemLoader Creating init config 
70595      DEBUG main            d.u.i.k.p.i.AbstractProblemLoader Init config took 2.64s 
70633      INFO  main            d.u.i.k.p.i.AbstractProblemLoader Replaying proof Assert[Assert::createArray(int)].JML normal_behavior operation contract.0 
70635      DEBUG main            d.u.i.k.p.i.IntermediateProofReplayer Proof replay took 6.4ns 
70837      INFO  main            d.u.i.k.p.r.p.TestFile    ... finished proof: closed. 
71021      INFO  main            d.u.i.k.p.i.AbstractProblemLoader Loading environment from /home/runner/work/key/key/key.core/../key.ui/examples/standard_key/java_dl/jml-assert/assert.key.proof 
71021      DEBUG main            d.u.i.k.p.i.AbstractProblemLoader Environment load took 104.5ns 
71022      INFO  main            d.u.i.k.p.i.AbstractProblemLoader Creating init config 
73569      DEBUG main            d.u.i.k.p.i.AbstractProblemLoader Init config took 2.55s 
73606      INFO  main            d.u.i.k.p.i.AbstractProblemLoader Replaying proof Assert[Assert::createArray(int)].JML normal_behavior operation contract.0 
73636      DEBUG main            d.u.i.k.p.i.IntermediateProofReplayer Proof replay took 27.33ms 
73636      WARN  main            d.u.i.k.p.r.p.TestFile    Replay exception de.uka.ilkd.key.proof.io.ProblemLoaderException: Error loading proof.
Line 101, goal 12, rule Class_invariant_axiom_for_Assert not available or not applicable in this context.
	at de.uka.ilkd.key.proof.io.IntermediateProofReplayer.reportError(IntermediateProofReplayer.java:782)
Caused by: java.lang.IndexOutOfBoundsException: Index: 1, Size: 1
	at java.base/java.util.LinkedList.checkElementIndex(LinkedList.java:559)

73637      WARN  main            d.u.i.k.p.r.p.TestFile    Replay exception de.uka.ilkd.key.proof.io.ProblemLoaderException: Error loading proof.
Line 242, goal 147, rule arrayLengthIsAnInt not available or not applicable in this context.
	at de.uka.ilkd.key.proof.io.IntermediateProofReplayer.reportError(IntermediateProofReplayer.java:782)
Caused by: de.uka.ilkd.key.proof.io.IntermediateProofReplayer$TacletAppConstructionException: Unknown taclet with name "arrayLengthIsAnInt"
	at de.uka.ilkd.key.proof.io.IntermediateProofReplayer.constructTacletApp(IntermediateProofReplayer.java:432)

73637      DEBUG main            d.u.i.k.p.r.p.TestFile    Exception java.lang.Exception: Exception while loading proof (see cause for details): /home/runner/work/key/key/key.core/../key.ui/examples/standard_key/java_dl/jml-assert/assert.key.proof
	at de.uka.ilkd.key.proof.runallproofs.proofcollection.TestFile.reloadProof(TestFile.java:314)
Caused by: de.uka.ilkd.key.proof.io.ProblemLoaderException: Error loading proof.
Line 101, goal 12, rule Class_invariant_axiom_for_Assert not available or not applicable in this context.
	at de.uka.ilkd.key.proof.io.IntermediateProofReplayer.reportError(IntermediateProofReplayer.java:782)
Caused by: java.lang.IndexOutOfBoundsException: Index: 1, Size: 1
	at java.base/java.util.LinkedList.checkElementIndex(LinkedList.java:559)

73638      WARN  main            d.u.i.k.p.r.p.ForkedTestFileRunner Run failed java.lang.Exception: Exception while loading proof (see cause for details): /home/runner/work/key/key/key.core/../key.ui/examples/standard_key/java_dl/jml-assert/assert.key.proof
	at de.uka.ilkd.key.proof.runallproofs.proofcollection.TestFile.reloadProof(TestFile.java:314)
Caused by: de.uka.ilkd.key.proof.io.ProblemLoaderException: Error loading proof.
Line 101, goal 12, rule Class_invariant_axiom_for_Assert not available or not applicable in this context.
	at de.uka.ilkd.key.proof.io.IntermediateProofReplayer.reportError(IntermediateProofReplayer.java:782)
Caused by: java.lang.IndexOutOfBoundsException: Index: 1, Size: 1
	at java.base/java.util.LinkedList.checkElementIndex(LinkedList.java:559)

73640      INFO  main            d.u.i.k.p.r.p.TestFile    Now processing file /home/runner/work/key/key/key.core/../key.ui/examples/standard_key/java_dl/jml-assert/assert_assume_order.key 
73640      INFO  main            d.u.i.k.p.i.AbstractProblemLoader Loading environment from /home/runner/work/key/key/key.core/../key.ui/examples/standard_key/java_dl/jml-assert/assert_assume_order.key 
73640      DEBUG main            d.u.i.k.p.i.AbstractProblemLoader Environment load took 88.2ns 
73641      INFO  main            d.u.i.k.p.i.AbstractProblemLoader Creating init config 
76232      DEBUG main            d.u.i.k.p.i.AbstractProblemLoader Init config took 2.59s 
76269      INFO  main            d.u.i.k.p.i.AbstractProblemLoader Replaying proof AssertAssume[AssertAssume::singleAssumeAssert(int)].JML normal_behavior operation contract.0 
76271      DEBUG main            d.u.i.k.p.i.IntermediateProofReplayer Proof replay took 6.2ns 
76374      INFO  main            d.u.i.k.p.r.p.TestFile    ... finished proof: closed. 
76544      INFO  main            d.u.i.k.p.i.AbstractProblemLoader Loading environment from /home/runner/work/key/key/key.core/../key.ui/examples/standard_key/java_dl/jml-assert/assert_assume_order.key.proof 
76544      DEBUG main            d.u.i.k.p.i.AbstractProblemLoader Environment load took 101.1ns 
76545      INFO  main            d.u.i.k.p.i.AbstractProblemLoader Creating init config 
79059      DEBUG main            d.u.i.k.p.i.AbstractProblemLoader Init config took 2.51s 
79096      INFO  main            d.u.i.k.p.i.AbstractProblemLoader Replaying proof AssertAssume[AssertAssume::singleAssumeAssert(int)].JML normal_behavior operation contract.0 
79105      DEBUG main            d.u.i.k.p.i.IntermediateProofReplayer Proof replay took 7.27ms 
79105      WARN  main            d.u.i.k.p.r.p.TestFile    Replay exception de.uka.ilkd.key.proof.io.ProblemLoaderException: Error loading proof.
Line 100, goal 11, rule Class_invariant_axiom_for_AssertAssume not available or not applicable in this context.
	at de.uka.ilkd.key.proof.io.IntermediateProofReplayer.reportError(IntermediateProofReplayer.java:782)
Caused by: java.lang.IndexOutOfBoundsException: Index: 1, Size: 1
	at java.base/java.util.LinkedList.checkElementIndex(LinkedList.java:559)

79106      WARN  main            d.u.i.k.p.r.p.TestFile    Replay exception de.uka.ilkd.key.proof.io.ProblemLoaderException: Error loading proof.
Line 127, goal 37, rule Class_invariant_axiom_for_AssertAssume not available or not applicable in this context.
	at de.uka.ilkd.key.proof.io.IntermediateProofReplayer.reportError(IntermediateProofReplayer.java:782)
Caused by: java.lang.IndexOutOfBoundsException: Index: 1, Size: 1
	at java.base/java.util.LinkedList.checkElementIndex(LinkedList.java:559)

79106      DEBUG main            d.u.i.k.p.r.p.TestFile    Exception java.lang.Exception: Exception while loading proof (see cause for details): /home/runner/work/key/key/key.core/../key.ui/examples/standard_key/java_dl/jml-assert/assert_assume_order.key.proof
	at de.uka.ilkd.key.proof.runallproofs.proofcollection.TestFile.reloadProof(TestFile.java:314)
Caused by: de.uka.ilkd.key.proof.io.ProblemLoaderException: Error loading proof.
Line 100, goal 11, rule Class_invariant_axiom_for_AssertAssume not available or not applicable in this context.
	at de.uka.ilkd.key.proof.io.IntermediateProofReplayer.reportError(IntermediateProofReplayer.java:782)
Caused by: java.lang.IndexOutOfBoundsException: Index: 1, Size: 1
	at java.base/java.util.LinkedList.checkElementIndex(LinkedList.java:559)

79107      WARN  main            d.u.i.k.p.r.p.ForkedTestFileRunner Run failed java.lang.Exception: Exception while loading proof (see cause for details): /home/runner/work/key/key/key.core/../key.ui/examples/standard_key/java_dl/jml-assert/assert_assume_order.key.proof
	at de.uka.ilkd.key.proof.runallproofs.proofcollection.TestFile.reloadProof(TestFile.java:314)
Caused by: de.uka.ilkd.key.proof.io.ProblemLoaderException: Error loading proof.
Line 100, goal 11, rule Class_invariant_axiom_for_AssertAssume not available or not applicable in this context.
	at de.uka.ilkd.key.proof.io.IntermediateProofReplayer.reportError(IntermediateProofReplayer.java:782)
Caused by: java.lang.IndexOutOfBoundsException: Index: 1, Size: 1
	at java.base/java.util.LinkedList.checkElementIndex(LinkedList.java:559)

79108      INFO  main            d.u.i.k.p.r.p.TestFile    Now processing file /home/runner/work/key/key/key.core/../key.ui/examples/heap/block_loop_contracts/SimpleVariants/sum_onBlock_external.key 
79109      INFO  main            d.u.i.k.p.i.AbstractProblemLoader Loading environment from /home/runner/work/key/key/key.core/../key.ui/examples/heap/block_loop_contracts/SimpleVariants/sum_onBlock_external.key 
79109      DEBUG main            d.u.i.k.p.i.AbstractProblemLoader Environment load took 101.2ns 
79110      INFO  main            d.u.i.k.p.i.AbstractProblemLoader Creating init config 
81997      DEBUG main            d.u.i.k.p.i.AbstractProblemLoader Init config took 2.89s 
82034      INFO  main            d.u.i.k.p.i.AbstractProblemLoader Replaying proof LoopContractExamplesAll[LoopContractExamplesAll::sum_loopContract_onBlock([I)].JML normal_behavior operation contract.0 
82036      DEBUG main            d.u.i.k.p.i.IntermediateProofReplayer Proof replay took 11ns 
82138      INFO  main            d.u.i.k.p.r.p.TestFile    ... finished proof: closed. 
82346      INFO  main            d.u.i.k.p.i.AbstractProblemLoader Loading environment from /home/runner/work/key/key/key.core/../key.ui/examples/heap/block_loop_contracts/SimpleVariants/sum_onBlock_external.key.proof 
82347      DEBUG main            d.u.i.k.p.i.AbstractProblemLoader Environment load took 106.2ns 
82347      INFO  main            d.u.i.k.p.i.AbstractProblemLoader Creating init config 
85071      DEBUG main            d.u.i.k.p.i.AbstractProblemLoader Init config took 2.72s 
85113      INFO  main            d.u.i.k.p.i.AbstractProblemLoader Replaying proof LoopContractExamplesAll[LoopContractExamplesAll::sum_loopContract_onBlock([I)].JML normal_behavior operation contract.0 
85153      DEBUG main            d.u.i.k.p.i.IntermediateProofReplayer Proof replay took 36.09ms 
85154      DEBUG main            d.u.i.k.p.r.p.TestFile    ... success: reloaded. 
85156      INFO  main            d.u.i.k.p.r.p.TestFile    Now processing file /home/runner/work/key/key/key.core/../key.ui/examples/heap/block_loop_contracts/SimpleVariants/sum_onBlock_internal.key 
85156      INFO  main            d.u.i.k.p.i.AbstractProblemLoader Loading environment from /home/runner/work/key/key/key.core/../key.ui/examples/heap/block_loop_contracts/SimpleVariants/sum_onBlock_internal.key 
85156      DEBUG main            d.u.i.k.p.i.AbstractProblemLoader Environment load took 180.3ns 
85157      INFO  main            d.u.i.k.p.i.AbstractProblemLoader Creating init config 
87986      DEBUG main            d.u.i.k.p.i.AbstractProblemLoader Init config took 2.83s 
88023      INFO  main            d.u.i.k.p.i.AbstractProblemLoader Replaying proof LoopContractExamplesAll[LoopContractExamplesAll::sum_loopContract_onBlock([I)].JML normal_behavior operation contract.0 
88025      DEBUG main            d.u.i.k.p.i.IntermediateProofReplayer Proof replay took 12.2ns 
88628      INFO  main            d.u.i.k.p.r.p.TestFile    ... finished proof: closed. 
88872      INFO  main            d.u.i.k.p.i.AbstractProblemLoader Loading environment from /home/runner/work/key/key/key.core/../key.ui/examples/heap/block_loop_contracts/SimpleVariants/sum_onBlock_internal.key.proof 
88872      DEBUG main            d.u.i.k.p.i.AbstractProblemLoader Environment load took 104.2ns 
88874      INFO  main            d.u.i.k.p.i.AbstractProblemLoader Creating init config 
91601      DEBUG main            d.u.i.k.p.i.AbstractProblemLoader Init config took 2.73s 
91638      INFO  main            d.u.i.k.p.i.AbstractProblemLoader Replaying proof LoopContractExamplesAll[LoopContractExamplesAll::sum_loopContract_onBlock([I)].JML normal_behavior operation contract.0 
91776      DEBUG main            d.u.i.k.p.i.IntermediateProofReplayer Proof replay took 134.66ms 
91777      WARN  main            d.u.i.k.p.r.p.TestFile    Replay exception de.uka.ilkd.key.proof.io.ProblemLoaderException: Error loading proof.
Line 207, goal 116, rule One Step Simplification not available or not applicable in this context.
	at de.uka.ilkd.key.proof.io.IntermediateProofReplayer.reportError(IntermediateProofReplayer.java:782)
Caused by: de.uka.ilkd.key.proof.io.IntermediateProofReplayer$BuiltInConstructionException: Wrong position information.
	at de.uka.ilkd.key.proof.io.IntermediateProofReplayer.constructBuiltinApp(IntermediateProofReplayer.java:595)
Caused by: java.lang.RuntimeException: No formula nr. 10 in seq. [geq(init_anonOut_idx,Z(0(#)))<<origin(<none> (implicit)) ([assignable @ file LoopContractExamplesAll.java @ line 164])>>,geq(length(arr),init_anonOut_idx)<<origin(<none> (implicit)) ([assignable @ file LoopContractExamplesAll.java @ line 164])>>,equals(bsum{i:int}(Z(0(#)),init_anonOut_idx,int::select(anon(heap,empty,init_anonOut_heap<<anonHeapFunction>>),arr<<origin(assignable @ file LoopContractExamplesAll.java @ line 164) ([])>>,arr(i))),init_anonOut_sum_1)<<origin(<none> (implicit)) ([assignable @ file LoopContractExamplesAll.java @ line 164])>>,wellFormed(anon(heap,empty,init_anonOut_heap<<anonHeapFunction>>))<<origin(assignable @ file LoopContractExamplesAll.java @ line 164) ([])>>,wellFormed(heap)<<origin(requires (implicit)) ([])>>,equals(boolean::select(heap,arr,java.lang.Object::<created>),TRUE)<<origin(requires (implicit)) ([])>>,measuredByEmpty<<origin(requires (implicit)) ([])>>]==>[equals(arr,null)<<origin(requires @ file LoopContractExamplesAll.java @ line 153) ([])>>,update-application(elem-update(i_1)(length(arr_1<<origin(<none> (implicit)) ([ensures @ file LoopContractExamplesAll.java @ line 163, requires @ file LoopContractExamplesAll.java @ line 161, requires @ file LoopContractExamplesAll.java @ line 162, decreases @ file LoopContractExamplesAll.java @ line 165, assignable @ file LoopContractExamplesAll.java @ line 164])>>))<<origin(<none> (implicit)) ([ensures @ file LoopContractExamplesAll.java @ line 163, requires @ file LoopContractExamplesAll.java @ line 161, requires @ file LoopContractExamplesAll.java @ line 162, decreases @ file LoopContractExamplesAll.java @ line 165, assignable @ file LoopContractExamplesAll.java @ line 164])>>,\<{
  method-frame (
    source=sum_loopContract_onBlock(int[])@LoopContractExamplesAll
  ) {
    breakOut:
    try {
      cond = i < i_1;
    } catch (java.lang.Throwable e#28) {
      exc_0_1 = e#28;
    }
  }
}\> (and(and(imp(not(equals(exc_0_1,null)),and(and(equals(exc_0_1,null),equals(bsum{i:int}(Z(0(#)),length(_arr),int::select(heap,_arr,arr(i))),sum_1<<origin(ensures @ file LoopContractExamplesAll.java @ line 163) ([])>>)<<origin(ensures @ file LoopContractExamplesAll.java @ line 163) ([ensures @ file LoopContractExamplesAll.java @ line 163])>>)<<origin(ensures @ file LoopContractExamplesAll.java @ line 163) ([ensures @ file LoopContractExamplesAll.java @ line 163])>>,all{f:Field}(all{o:java.lang.Object}(or(and(not(equals(o,null)),not(equals(boolean::select(heap_Before_BLOCK,o,java.lang.Object::<created>),TRUE))),equals(any::select(heap_Before_BLOCK,o,f),any::select(heap,o,f))))))<<origin(ensures @ file LoopContractExamplesAll.java @ line 163) ([ensures @ file LoopContractExamplesAll.java @ line 163])>>)<<origin(ensures @ file LoopContractExamplesAll.java @ line 163) ([ensures @ file LoopContractExamplesAll.java @ line 163])>>,imp(and(equals(exc_0_1,null),not(equals(cond,TRUE))),update-application(elem-update(exc_0_1)(null)<<origin(ensures @ file LoopContractExamplesAll.java @ line 163) ([])>>,\<{
  method-frame (
    source=sum_loopContract_onBlock(int[])@LoopContractExamplesAll
  ) {
    breakOut:
    try {} catch (java.lang.Throwable e#28) {
      exc_0_1 = e#28;
    }
  }
}\> (and(and(equals(exc_0_1,null),equals(bsum{i:int}(Z(0(#)),length(_arr),int::select(heap,_arr,arr(i))),sum_1<<origin(ensures @ file LoopContractExamplesAll.java @ line 163) ([])>>)<<origin(ensures @ file LoopContractExamplesAll.java @ line 163) ([ensures @ file LoopContractExamplesAll.java @ line 163])>>)<<origin(ensures @ file LoopContractExamplesAll.java @ line 163) ([ensures @ file LoopContractExamplesAll.java @ line 163])>>,all{f:Field}(all{o:java.lang.Object}(or(and(not(equals(o,null)),not(equals(boolean::select(heap_Before_BLOCK,o,java.lang.Object::<created>),TRUE))),equals(any::select(heap_Before_BLOCK,o,f),any::select(heap,o,f))))))<<origin(ensures @ file LoopContractExamplesAll.java @ line 163) ([ensures @ file LoopContractExamplesAll.java @ line 163])>>)<<origin(ensures @ file LoopContractExamplesAll.java @ line 163) ([ensures @ file LoopContractExamplesAll.java @ line 163])>>)<<origin(ensures @ file LoopContractExamplesAll.java @ line 163) ([ensures @ file LoopContractExamplesAll.java @ line 163])>>)<<origin(ensures @ file LoopContractExamplesAll.java @ line 163) ([ensures @ file LoopContractExamplesAll.java @ line 163])>>)<<origin(ensures @ file LoopContractExamplesAll.java @ line 163) ([ensures @ file LoopContractExamplesAll.java @ line 163])>>,imp(and(equals(exc_0_1,null),equals(cond,TRUE)),update-application(elem-update(exc_0_1)(null),\<{
  method-frame (
    source=sum_loopContract_onBlock(int[])@LoopContractExamplesAll
  ) {
    breakOut:
    try {
      continueLoop:
      {
        el = arr_1[idx];
        {
          sum_1 += el;
        }
      }
      {
        idx++;
      }
    } catch (java.lang.Throwable e#28) {
      exc_0_1 = e#28;
    }
  }
}\> (and(imp(not(equals(exc_0_1,null)),and(and(equals(exc_0_1,null),equals(bsum{i:int}(Z(0(#)),length(_arr),int::select(heap,_arr,arr(i))),sum_1<<origin(ensures @ file LoopContractExamplesAll.java @ line 163) ([])>>)<<origin(ensures @ file LoopContractExamplesAll.java @ line 163) ([ensures @ file LoopContractExamplesAll.java @ line 163])>>)<<origin(ensures @ file LoopContractExamplesAll.java @ line 163) ([ensures @ file LoopContractExamplesAll.java @ line 163])>>,all{f:Field}(all{o:java.lang.Object}(or(and(not(equals(o,null)),not(equals(boolean::select(heap_Before_BLOCK,o,java.lang.Object::<created>),TRUE))),equals(any::select(heap_Before_BLOCK,o,f),any::select(heap,o,f))))))<<origin(ensures @ file LoopContractExamplesAll.java @ line 163) ([ensures @ file LoopContractExamplesAll.java @ line 163])>>)<<origin(ensures @ file LoopContractExamplesAll.java @ line 163) ([ensures @ file LoopContractExamplesAll.java @ line 163])>>,imp(equals(exc_0_1,null),and(and(and(and(and(and(measuredByEmpty,and(and(and(not(equals(_arr,null)),geq(idx,Z(0(#))))<<SC>>,geq(length(_arr),idx))<<SC, origin(requires @ file LoopContractExamplesAll.java @ line 161) ([])>>,equals(bsum{i:int}(Z(0(#)),idx,int::select(heap,_arr,arr(i))),sum_1<<origin(requires @ file LoopContractExamplesAll.java @ line 162) ([])>>)<<origin(requires @ file LoopContractExamplesAll.java @ line 162) ([requires @ file LoopContractExamplesAll.java @ line 162])>>)<<SC, origin(<none> (implicit)) ([requires @ file LoopContractExamplesAll.java @ line 161, requires @ file LoopContractExamplesAll.java @ line 162])>>)<<origin(<none> (implicit)) ([requires @ file LoopContractExamplesAll.java @ line 161, requires @ file LoopContractExamplesAll.java @ line 162])>>,geq(length(_arr),idx)<<origin(decreases @ file LoopContractExamplesAll.java @ line 165) ([])>>)<<origin(<none> (implicit)) ([requires @ file LoopContractExamplesAll.java @ line 161, requires @ file LoopContractExamplesAll.java @ line 162, decreases @ file LoopContractExamplesAll.java @ line 165])>>,wellFormed(heap))<<origin(<none> (implicit)) ([requires @ file LoopContractExamplesAll.java @ line 161, requires @ file LoopContractExamplesAll.java @ line 162, decreases @ file LoopContractExamplesAll.java @ line 165])>>,or(equals(arr_1,null),equals(boolean::select(heap,arr_1,java.lang.Object::<created>),TRUE))<<SC>>)<<origin(<none> (implicit)) ([requires @ file LoopContractExamplesAll.java @ line 161, requires @ file LoopContractExamplesAll.java @ line 162, decreases @ file LoopContractExamplesAll.java @ line 165])>>,leq(idx#32_Before_BLOCK#27<<origin(decreases @ file LoopContractExamplesAll.java @ line 165) ([])>>,add(Z(neglit(1(#))),idx))<<origin(decreases @ file LoopContractExamplesAll.java @ line 165) ([decreases @ file LoopContractExamplesAll.java @ line 165])>>)<<origin(<none> (implicit)) ([requires @ file LoopContractExamplesAll.java @ line 161, requires @ file LoopContractExamplesAll.java @ line 162, decreases @ file LoopContractExamplesAll.java @ line 165])>>,and(imp(not(equals(exc_0_1,null))<<origin(assignable @ file LoopContractExamplesAll.java @ line 164) ([])>>,imp(and(and(equals(exc_0_1,null)<<origin(assignable @ file LoopContractExamplesAll.java @ line 164) ([])>>,equals(bsum{i:int}(Z(0(#)),length(_arr),int::select(anon(heap,empty,anonOut_heap<<anonHeapFunction>>),_arr<<origin(assignable @ file LoopContractExamplesAll.java @ line 164) ([])>>,arr(i))),anonOut_sum_1_0)<<origin(<none> (implicit)) ([assignable @ file LoopContractExamplesAll.java @ line 164])>>)<<origin(<none> (implicit)) ([assignable @ file LoopContractExamplesAll.java @ line 164])>>,all{f:Field}(all{o:java.lang.Object}(or(and(not(equals(o,null)),not(equals(boolean::select(heap,o,java.lang.Object::<created>),TRUE)))<<origin(assignable @ file LoopContractExamplesAll.java @ line 164) ([])>>,equals(any::select(anon(heap,empty,anonOut_heap<<anonHeapFunction>>),o,f),any::select(heap,o,f))<<origin(assignable @ file LoopContractExamplesAll.java @ line 164) ([])>>)<<origin(assignable @ file LoopContractExamplesAll.java @ line 164) ([assignable @ file LoopContractExamplesAll.java @ line 164])>>)<<origin(assignable @ file LoopContractExamplesAll.java @ line 164) ([assignable @ file LoopContractExamplesAll.java @ line 164])>>)<<origin(assignable @ file LoopContractExamplesAll.java @ line 164) ([assignable @ file LoopContractExamplesAll.java @ line 164])>>)<<origin(<none> (implicit)) ([assignable @ file LoopContractExamplesAll.java @ line 164])>>,and(and(equals(exc_0_1,null)<<origin(assignable @ file LoopContractExamplesAll.java @ line 164) ([])>>,equals(bsum{i:int}(Z(0(#)),length(_arr),int::select(anon(heap,empty,anonOut_heap<<anonHeapFunction>>),_arr<<origin(assignable @ file LoopContractExamplesAll.java @ line 164) ([])>>,arr(i))),anonOut_sum_1_0)<<origin(<none> (implicit)) ([assignable @ file LoopContractExamplesAll.java @ line 164])>>)<<origin(<none> (implicit)) ([assignable @ file LoopContractExamplesAll.java @ line 164])>>,all{f:Field}(all{o:java.lang.Object}(or(and(not(equals(o,null)),not(equals(boolean::select(heap_Before_BLOCK,o,java.lang.Object::<created>),TRUE)))<<origin(assignable @ file LoopContractExamplesAll.java @ line 164) ([])>>,equals(any::select(anon(heap,empty,anonOut_heap<<anonHeapFunction>>),o,f),any::select(heap_Before_BLOCK,o,f))<<origin(assignable @ file LoopContractExamplesAll.java @ line 164) ([])>>)<<origin(assignable @ file LoopContractExamplesAll.java @ line 164) ([assignable @ file LoopContractExamplesAll.java @ line 164])>>)<<origin(assignable @ file LoopContractExamplesAll.java @ line 164) ([assignable @ file LoopContractExamplesAll.java @ line 164])>>)<<origin(assignable @ file LoopContractExamplesAll.java @ line 164) ([assignable @ file LoopContractExamplesAll.java @ line 164])>>)<<origin(<none> (implicit)) ([assignable @ file LoopContractExamplesAll.java @ line 164])>>)<<origin(<none> (implicit)) ([assignable @ file LoopContractExamplesAll.java @ line 164])>>)<<origin(<none> (implicit)) ([assignable @ file LoopContractExamplesAll.java @ line 164])>>,imp(equals(exc_0_1,null)<<origin(assignable @ file LoopContractExamplesAll.java @ line 164) ([])>>,update-application(parallel-upd(parallel-upd(elem-update(heap_Before_BLOCK_NEXT)(heap),parallel-upd(elem-update(sum_1)(anonOut_sum_1_0),elem-update(heap)(anon(heap,empty,anonOut_heap<<anonHeapFunction>>))<<origin(assignable @ file LoopContractExamplesAll.java @ line 164) ([])>>)<<origin(assignable @ file LoopContractExamplesAll.java @ line 164) ([assignable @ file LoopContractExamplesAll.java @ line 164])>>)<<origin(<none> (implicit)) ([assignable @ file LoopContractExamplesAll.java @ line 164])>>,elem-update(exc_0_1)(null)<<origin(ensures @ file LoopContractExamplesAll.java @ line 163) ([])>>)<<origin(<none> (implicit)) ([assignable @ file LoopContractExamplesAll.java @ line 164, ensures @ file LoopContractExamplesAll.java @ line 163])>>,\<{
  method-frame (
    source=sum_loopContract_onBlock(int[])@LoopContractExamplesAll
  ) {
    breakOut:
    try {} catch (java.lang.Throwable e#28) {
      exc_0_1 = e#28;
    }
  }
}\> (imp(and(and(equals(exc_0_1,null),equals(bsum{i:int}(Z(0(#)),length(_arr),int::select(heap,_arr,arr(i))),sum_1<<origin(ensures @ file LoopContractExamplesAll.java @ line 163) ([])>>)<<origin(ensures @ file LoopContractExamplesAll.java @ line 163) ([ensures @ file LoopContractExamplesAll.java @ line 163])>>)<<origin(ensures @ file LoopContractExamplesAll.java @ line 163) ([ensures @ file LoopContractExamplesAll.java @ line 163])>>,all{f:Field}(all{o:java.lang.Object}(or(and(not(equals(o,null)),not(equals(boolean::select(heap_Before_BLOCK_NEXT,o,java.lang.Object::<created>),TRUE))),equals(any::select(heap_Before_BLOCK_NEXT,o,f),any::select(heap,o,f))))))<<origin(ensures @ file LoopContractExamplesAll.java @ line 163) ([ensures @ file LoopContractExamplesAll.java @ line 163])>>,and(and(equals(exc_0_1,null),equals(bsum{i:int}(Z(0(#)),length(_arr),int::select(heap,_arr,arr(i))),sum_1<<origin(ensures @ file LoopContractExamplesAll.java @ line 163) ([])>>)<<origin(ensures @ file LoopContractExamplesAll.java @ line 163) ([ensures @ file LoopContractExamplesAll.java @ line 163])>>)<<origin(ensures @ file LoopContractExamplesAll.java @ line 163) ([ensures @ file LoopContractExamplesAll.java @ line 163])>>,all{f:Field}(all{o:java.lang.Object}(or(and(not(equals(o,null)),not(equals(boolean::select(heap_Before_BLOCK,o,java.lang.Object::<created>),TRUE))),equals(any::select(heap_Before_BLOCK,o,f),any::select(heap,o,f))))))<<origin(ensures @ file LoopContractExamplesAll.java @ line 163) ([ensures @ file LoopContractExamplesAll.java @ line 163])>>)<<origin(ensures @ file LoopContractExamplesAll.java @ line 163) ([ensures @ file LoopContractExamplesAll.java @ line 163])>>)<<origin(ensures @ file LoopContractExamplesAll.java @ line 163) ([ensures @ file LoopContractExamplesAll.java @ line 163])>>)<<origin(<none> (implicit)) ([assignable @ file LoopContractExamplesAll.java @ line 164, ensures @ file LoopContractExamplesAll.java @ line 163])>>)<<origin(<none> (implicit)) ([assignable @ file LoopContractExamplesAll.java @ line 164, ensures @ file LoopContractExamplesAll.java @ line 163])>>)<<origin(<none> (implicit)) ([assignable @ file LoopContractExamplesAll.java @ line 164, ensures @ file LoopContractExamplesAll.java @ line 163])>>)<<origin(<none> (implicit)) ([requires @ file LoopContractExamplesAll.java @ line 161, requires @ file LoopContractExamplesAll.java @ line 162, decreases @ file LoopContractExamplesAll.java @ line 165, assignable @ file LoopContractExamplesAll.java @ line 164, ensures @ file LoopContractExamplesAll.java @ line 163])>>)<<origin(<none> (implicit)) ([requires @ file LoopContractExamplesAll.java @ line 161, requires @ file LoopContractExamplesAll.java @ line 162, decreases @ file LoopContractExamplesAll.java @ line 165, assignable @ file LoopContractExamplesAll.java @ line 164, ensures @ file LoopContractExamplesAll.java @ line 163])>>)<<origin(<none> (implicit)) ([ensures @ file LoopContractExamplesAll.java @ line 163, requires @ file LoopContractExamplesAll.java @ line 161, requires @ file LoopContractExamplesAll.java @ line 162, decreases @ file LoopContractExamplesAll.java @ line 165, assignable @ file LoopContractExamplesAll.java @ line 164])>>)<<origin(<none> (implicit)) ([ensures @ file LoopContractExamplesAll.java @ line 163, requires @ file LoopContractExamplesAll.java @ line 161, requires @ file LoopContractExamplesAll.java @ line 162, decreases @ file LoopContractExamplesAll.java @ line 165, assignable @ file LoopContractExamplesAll.java @ line 164])>>)<<origin(<none> (implicit)) ([ensures @ file LoopContractExamplesAll.java @ line 163, requires @ file LoopContractExamplesAll.java @ line 161, requires @ file LoopContractExamplesAll.java @ line 162, decreases @ file LoopContractExamplesAll.java @ line 165, assignable @ file LoopContractExamplesAll.java @ line 164])>>)<<origin(<none> (implicit)) ([ensures @ file LoopContractExamplesAll.java @ line 163, requires @ file LoopContractExamplesAll.java @ line 161, requires @ file LoopContractExamplesAll.java @ line 162, decreases @ file LoopContractExamplesAll.java @ line 165, assignable @ file LoopContractExamplesAll.java @ line 164])>>)<<origin(<none> (implicit)) ([ensures @ file LoopContractExamplesAll.java @ line 163, requires @ file LoopContractExamplesAll.java @ line 161, requires @ file LoopContractExamplesAll.java @ line 162, decreases @ file LoopContractExamplesAll.java @ line 165, assignable @ file LoopContractExamplesAll.java @ line 164])>>)<<origin(<none> (implicit)) ([ensures @ file LoopContractExamplesAll.java @ line 163, requires @ file LoopContractExamplesAll.java @ line 161, requires @ file LoopContractExamplesAll.java @ line 162, decreases @ file LoopContractExamplesAll.java @ line 165, assignable @ file LoopContractExamplesAll.java @ line 164])>>)<<origin(<none> (implicit)) ([ensures @ file LoopContractExamplesAll.java @ line 163, requires @ file LoopContractExamplesAll.java @ line 161, requires @ file LoopContractExamplesAll.java @ line 162, decreases @ file LoopContractExamplesAll.java @ line 165, assignable @ file LoopContractExamplesAll.java @ line 164])>>]
	at de.uka.ilkd.key.logic.Sequent.getFormulabyNr(Sequent.java:291)

91778      WARN  main            d.u.i.k.p.r.p.TestFile    Replay exception de.uka.ilkd.key.proof.io.ProblemLoaderException: Error loading proof.
Line 407, goal 117, rule One Step Simplification not available or not applicable in this context.
	at de.uka.ilkd.key.proof.io.IntermediateProofReplayer.reportError(IntermediateProofReplayer.java:782)
Caused by: de.uka.ilkd.key.proof.io.IntermediateProofReplayer$BuiltInConstructionException: One Step Simplification is missing. Most probably the binary for this built-in rule is not in your path or you do not have the permission to execute it.
	at de.uka.ilkd.key.proof.io.IntermediateProofReplayer.constructBuiltinApp(IntermediateProofReplayer.java:630)

91778      DEBUG main            d.u.i.k.p.r.p.TestFile    Exception java.lang.Exception: Exception while loading proof (see cause for details): /home/runner/work/key/key/key.core/../key.ui/examples/heap/block_loop_contracts/SimpleVariants/sum_onBlock_internal.key.proof
	at de.uka.ilkd.key.proof.runallproofs.proofcollection.TestFile.reloadProof(TestFile.java:314)
Caused by: de.uka.ilkd.key.proof.io.ProblemLoaderException: Error loading proof.
Line 207, goal 116, rule One Step Simplification not available or not applicable in this context.
	at de.uka.ilkd.key.proof.io.IntermediateProofReplayer.reportError(IntermediateProofReplayer.java:782)
Caused by: de.uka.ilkd.key.proof.io.IntermediateProofReplayer$BuiltInConstructionException: Wrong position information.
	at de.uka.ilkd.key.proof.io.IntermediateProofReplayer.constructBuiltinApp(IntermediateProofReplayer.java:595)
Caused by: java.lang.RuntimeException: No formula nr. 10 in seq. [geq(init_anonOut_idx,Z(0(#)))<<origin(<none> (implicit)) ([assignable @ file LoopContractExamplesAll.java @ line 164])>>,geq(length(arr),init_anonOut_idx)<<origin(<none> (implicit)) ([assignable @ file LoopContractExamplesAll.java @ line 164])>>,equals(bsum{i:int}(Z(0(#)),init_anonOut_idx,int::select(anon(heap,empty,init_anonOut_heap<<anonHeapFunction>>),arr<<origin(assignable @ file LoopContractExamplesAll.java @ line 164) ([])>>,arr(i))),init_anonOut_sum_1)<<origin(<none> (implicit)) ([assignable @ file LoopContractExamplesAll.java @ line 164])>>,wellFormed(anon(heap,empty,init_anonOut_heap<<anonHeapFunction>>))<<origin(assignable @ file LoopContractExamplesAll.java @ line 164) ([])>>,wellFormed(heap)<<origin(requires (implicit)) ([])>>,equals(boolean::select(heap,arr,java.lang.Object::<created>),TRUE)<<origin(requires (implicit)) ([])>>,measuredByEmpty<<origin(requires (implicit)) ([])>>]==>[equals(arr,null)<<origin(requires @ file LoopContractExamplesAll.java @ line 153) ([])>>,update-application(elem-update(i_1)(length(arr_1<<origin(<none> (implicit)) ([ensures @ file LoopContractExamplesAll.java @ line 163, requires @ file LoopContractExamplesAll.java @ line 161, requires @ file LoopContractExamplesAll.java @ line 162, decreases @ file LoopContractExamplesAll.java @ line 165, assignable @ file LoopContractExamplesAll.java @ line 164])>>))<<origin(<none> (implicit)) ([ensures @ file LoopContractExamplesAll.java @ line 163, requires @ file LoopContractExamplesAll.java @ line 161, requires @ file LoopContractExamplesAll.java @ line 162, decreases @ file LoopContractExamplesAll.java @ line 165, assignable @ file LoopContractExamplesAll.java @ line 164])>>,\<{
  method-frame (
    source=sum_loopContract_onBlock(int[])@LoopContractExamplesAll
  ) {
    breakOut:
    try {
      cond = i < i_1;
    } catch (java.lang.Throwable e#28) {
      exc_0_1 = e#28;
    }
  }
}\> (and(and(imp(not(equals(exc_0_1,null)),and(and(equals(exc_0_1,null),equals(bsum{i:int}(Z(0(#)),length(_arr),int::select(heap,_arr,arr(i))),sum_1<<origin(ensures @ file LoopContractExamplesAll.java @ line 163) ([])>>)<<origin(ensures @ file LoopContractExamplesAll.java @ line 163) ([ensures @ file LoopContractExamplesAll.java @ line 163])>>)<<origin(ensures @ file LoopContractExamplesAll.java @ line 163) ([ensures @ file LoopContractExamplesAll.java @ line 163])>>,all{f:Field}(all{o:java.lang.Object}(or(and(not(equals(o,null)),not(equals(boolean::select(heap_Before_BLOCK,o,java.lang.Object::<created>),TRUE))),equals(any::select(heap_Before_BLOCK,o,f),any::select(heap,o,f))))))<<origin(ensures @ file LoopContractExamplesAll.java @ line 163) ([ensures @ file LoopContractExamplesAll.java @ line 163])>>)<<origin(ensures @ file LoopContractExamplesAll.java @ line 163) ([ensures @ file LoopContractExamplesAll.java @ line 163])>>,imp(and(equals(exc_0_1,null),not(equals(cond,TRUE))),update-application(elem-update(exc_0_1)(null)<<origin(ensures @ file LoopContractExamplesAll.java @ line 163) ([])>>,\<{
  method-frame (
    source=sum_loopContract_onBlock(int[])@LoopContractExamplesAll
  ) {
    breakOut:
    try {} catch (java.lang.Throwable e#28) {
      exc_0_1 = e#28;
    }
  }
}\> (and(and(equals(exc_0_1,null),equals(bsum{i:int}(Z(0(#)),length(_arr),int::select(heap,_arr,arr(i))),sum_1<<origin(ensures @ file LoopContractExamplesAll.java @ line 163) ([])>>)<<origin(ensures @ file LoopContractExamplesAll.java @ line 163) ([ensures @ file LoopContractExamplesAll.java @ line 163])>>)<<origin(ensures @ file LoopContractExamplesAll.java @ line 163) ([ensures @ file LoopContractExamplesAll.java @ line 163])>>,all{f:Field}(all{o:java.lang.Object}(or(and(not(equals(o,null)),not(equals(boolean::select(heap_Before_BLOCK,o,java.lang.Object::<created>),TRUE))),equals(any::select(heap_Before_BLOCK,o,f),any::select(heap,o,f))))))<<origin(ensures @ file LoopContractExamplesAll.java @ line 163) ([ensures @ file LoopContractExamplesAll.java @ line 163])>>)<<origin(ensures @ file LoopContractExamplesAll.java @ line 163) ([ensures @ file LoopContractExamplesAll.java @ line 163])>>)<<origin(ensures @ file LoopContractExamplesAll.java @ line 163) ([ensures @ file LoopContractExamplesAll.java @ line 163])>>)<<origin(ensures @ file LoopContractExamplesAll.java @ line 163) ([ensures @ file LoopContractExamplesAll.java @ line 163])>>)<<origin(ensures @ file LoopContractExamplesAll.java @ line 163) ([ensures @ file LoopContractExamplesAll.java @ line 163])>>,imp(and(equals(exc_0_1,null),equals(cond,TRUE)),update-application(elem-update(exc_0_1)(null),\<{
  method-frame (
    source=sum_loopContract_onBlock(int[])@LoopContractExamplesAll
  ) {
    breakOut:
    try {
      continueLoop:
      {
        el = arr_1[idx];
        {
          sum_1 += el;
        }
      }
      {
        idx++;
      }
    } catch (java.lang.Throwable e#28) {
      exc_0_1 = e#28;
    }
  }
}\> (and(imp(not(equals(exc_0_1,null)),and(and(equals(exc_0_1,null),equals(bsum{i:int}(Z(0(#)),length(_arr),int::select(heap,_arr,arr(i))),sum_1<<origin(ensures @ file LoopContractExamplesAll.java @ line 163) ([])>>)<<origin(ensures @ file LoopContractExamplesAll.java @ line 163) ([ensures @ file LoopContractExamplesAll.java @ line 163])>>)<<origin(ensures @ file LoopContractExamplesAll.java @ line 163) ([ensures @ file LoopContractExamplesAll.java @ line 163])>>,all{f:Field}(all{o:java.lang.Object}(or(and(not(equals(o,null)),not(equals(boolean::select(heap_Before_BLOCK,o,java.lang.Object::<created>),TRUE))),equals(any::select(heap_Before_BLOCK,o,f),any::select(heap,o,f))))))<<origin(ensures @ file LoopContractExamplesAll.java @ line 163) ([ensures @ file LoopContractExamplesAll.java @ line 163])>>)<<origin(ensures @ file LoopContractExamplesAll.java @ line 163) ([ensures @ file LoopContractExamplesAll.java @ line 163])>>,imp(equals(exc_0_1,null),and(and(and(and(and(and(measuredByEmpty,and(and(and(not(equals(_arr,null)),geq(idx,Z(0(#))))<<SC>>,geq(length(_arr),idx))<<SC, origin(requires @ file LoopContractExamplesAll.java @ line 161) ([])>>,equals(bsum{i:int}(Z(0(#)),idx,int::select(heap,_arr,arr(i))),sum_1<<origin(requires @ file LoopContractExamplesAll.java @ line 162) ([])>>)<<origin(requires @ file LoopContractExamplesAll.java @ line 162) ([requires @ file LoopContractExamplesAll.java @ line 162])>>)<<SC, origin(<none> (implicit)) ([requires @ file LoopContractExamplesAll.java @ line 161, requires @ file LoopContractExamplesAll.java @ line 162])>>)<<origin(<none> (implicit)) ([requires @ file LoopContractExamplesAll.java @ line 161, requires @ file LoopContractExamplesAll.java @ line 162])>>,geq(length(_arr),idx)<<origin(decreases @ file LoopContractExamplesAll.java @ line 165) ([])>>)<<origin(<none> (implicit)) ([requires @ file LoopContractExamplesAll.java @ line 161, requires @ file LoopContractExamplesAll.java @ line 162, decreases @ file LoopContractExamplesAll.java @ line 165])>>,wellFormed(heap))<<origin(<none> (implicit)) ([requires @ file LoopContractExamplesAll.java @ line 161, requires @ file LoopContractExamplesAll.java @ line 162, decreases @ file LoopContractExamplesAll.java @ line 165])>>,or(equals(arr_1,null),equals(boolean::select(heap,arr_1,java.lang.Object::<created>),TRUE))<<SC>>)<<origin(<none> (implicit)) ([requires @ file LoopContractExamplesAll.java @ line 161, requires @ file LoopContractExamplesAll.java @ line 162, decreases @ file LoopContractExamplesAll.java @ line 165])>>,leq(idx#32_Before_BLOCK#27<<origin(decreases @ file LoopContractExamplesAll.java @ line 165) ([])>>,add(Z(neglit(1(#))),idx))<<origin(decreases @ file LoopContractExamplesAll.java @ line 165) ([decreases @ file LoopContractExamplesAll.java @ line 165])>>)<<origin(<none> (implicit)) ([requires @ file LoopContractExamplesAll.java @ line 161, requires @ file LoopContractExamplesAll.java @ line 162, decreases @ file LoopContractExamplesAll.java @ line 165])>>,and(imp(not(equals(exc_0_1,null))<<origin(assignable @ file LoopContractExamplesAll.java @ line 164) ([])>>,imp(and(and(equals(exc_0_1,null)<<origin(assignable @ file LoopContractExamplesAll.java @ line 164) ([])>>,equals(bsum{i:int}(Z(0(#)),length(_arr),int::select(anon(heap,empty,anonOut_heap<<anonHeapFunction>>),_arr<<origin(assignable @ file LoopContractExamplesAll.java @ line 164) ([])>>,arr(i))),anonOut_sum_1_0)<<origin(<none> (implicit)) ([assignable @ file LoopContractExamplesAll.java @ line 164])>>)<<origin(<none> (implicit)) ([assignable @ file LoopContractExamplesAll.java @ line 164])>>,all{f:Field}(all{o:java.lang.Object}(or(and(not(equals(o,null)),not(equals(boolean::select(heap,o,java.lang.Object::<created>),TRUE)))<<origin(assignable @ file LoopContractExamplesAll.java @ line 164) ([])>>,equals(any::select(anon(heap,empty,anonOut_heap<<anonHeapFunction>>),o,f),any::select(heap,o,f))<<origin(assignable @ file LoopContractExamplesAll.java @ line 164) ([])>>)<<origin(assignable @ file LoopContractExamplesAll.java @ line 164) ([assignable @ file LoopContractExamplesAll.java @ line 164])>>)<<origin(assignable @ file LoopContractExamplesAll.java @ line 164) ([assignable @ file LoopContractExamplesAll.java @ line 164])>>)<<origin(assignable @ file LoopContractExamplesAll.java @ line 164) ([assignable @ file LoopContractExamplesAll.java @ line 164])>>)<<origin(<none> (implicit)) ([assignable @ file LoopContractExamplesAll.java @ line 164])>>,and(and(equals(exc_0_1,null)<<origin(assignable @ file LoopContractExamplesAll.java @ line 164) ([])>>,equals(bsum{i:int}(Z(0(#)),length(_arr),int::select(anon(heap,empty,anonOut_heap<<anonHeapFunction>>),_arr<<origin(assignable @ file LoopContractExamplesAll.java @ line 164) ([])>>,arr(i))),anonOut_sum_1_0)<<origin(<none> (implicit)) ([assignable @ file LoopContractExamplesAll.java @ line 164])>>)<<origin(<none> (implicit)) ([assignable @ file LoopContractExamplesAll.java @ line 164])>>,all{f:Field}(all{o:java.lang.Object}(or(and(not(equals(o,null)),not(equals(boolean::select(heap_Before_BLOCK,o,java.lang.Object::<created>),TRUE)))<<origin(assignable @ file LoopContractExamplesAll.java @ line 164) ([])>>,equals(any::select(anon(heap,empty,anonOut_heap<<anonHeapFunction>>),o,f),any::select(heap_Before_BLOCK,o,f))<<origin(assignable @ file LoopContractExamplesAll.java @ line 164) ([])>>)<<origin(assignable @ file LoopContractExamplesAll.java @ line 164) ([assignable @ file LoopContractExamplesAll.java @ line 164])>>)<<origin(assignable @ file LoopContractExamplesAll.java @ line 164) ([assignable @ file LoopContractExamplesAll.java @ line 164])>>)<<origin(assignable @ file LoopContractExamplesAll.java @ line 164) ([assignable @ file LoopContractExamplesAll.java @ line 164])>>)<<origin(<none> (implicit)) ([assignable @ file LoopContractExamplesAll.java @ line 164])>>)<<origin(<none> (implicit)) ([assignable @ file LoopContractExamplesAll.java @ line 164])>>)<<origin(<none> (implicit)) ([assignable @ file LoopContractExamplesAll.java @ line 164])>>,imp(equals(exc_0_1,null)<<origin(assignable @ file LoopContractExamplesAll.java @ line 164) ([])>>,update-application(parallel-upd(parallel-upd(elem-update(heap_Before_BLOCK_NEXT)(heap),parallel-upd(elem-update(sum_1)(anonOut_sum_1_0),elem-update(heap)(anon(heap,empty,anonOut_heap<<anonHeapFunction>>))<<origin(assignable @ file LoopContractExamplesAll.java @ line 164) ([])>>)<<origin(assignable @ file LoopContractExamplesAll.java @ line 164) ([assignable @ file LoopContractExamplesAll.java @ line 164])>>)<<origin(<none> (implicit)) ([assignable @ file LoopContractExamplesAll.java @ line 164])>>,elem-update(exc_0_1)(null)<<origin(ensures @ file LoopContractExamplesAll.java @ line 163) ([])>>)<<origin(<none> (implicit)) ([assignable @ file LoopContractExamplesAll.java @ line 164, ensures @ file LoopContractExamplesAll.java @ line 163])>>,\<{
  method-frame (
    source=sum_loopContract_onBlock(int[])@LoopContractExamplesAll
  ) {
    breakOut:
    try {} catch (java.lang.Throwable e#28) {
      exc_0_1 = e#28;
    }
  }
}\> (imp(and(and(equals(exc_0_1,null),equals(bsum{i:int}(Z(0(#)),length(_arr),int::select(heap,_arr,arr(i))),sum_1<<origin(ensures @ file LoopContractExamplesAll.java @ line 163) ([])>>)<<origin(ensures @ file LoopContractExamplesAll.java @ line 163) ([ensures @ file LoopContractExamplesAll.java @ line 163])>>)<<origin(ensures @ file LoopContractExamplesAll.java @ line 163) ([ensures @ file LoopContractExamplesAll.java @ line 163])>>,all{f:Field}(all{o:java.lang.Object}(or(and(not(equals(o,null)),not(equals(boolean::select(heap_Before_BLOCK_NEXT,o,java.lang.Object::<created>),TRUE))),equals(any::select(heap_Before_BLOCK_NEXT,o,f),any::select(heap,o,f))))))<<origin(ensures @ file LoopContractExamplesAll.java @ line 163) ([ensures @ file LoopContractExamplesAll.java @ line 163])>>,and(and(equals(exc_0_1,null),equals(bsum{i:int}(Z(0(#)),length(_arr),int::select(heap,_arr,arr(i))),sum_1<<origin(ensures @ file LoopContractExamplesAll.java @ line 163) ([])>>)<<origin(ensures @ file LoopContractExamplesAll.java @ line 163) ([ensures @ file LoopContractExamplesAll.java @ line 163])>>)<<origin(ensures @ file LoopContractExamplesAll.java @ line 163) ([ensures @ file LoopContractExamplesAll.java @ line 163])>>,all{f:Field}(all{o:java.lang.Object}(or(and(not(equals(o,null)),not(equals(boolean::select(heap_Before_BLOCK,o,java.lang.Object::<created>),TRUE))),equals(any::select(heap_Before_BLOCK,o,f),any::select(heap,o,f))))))<<origin(ensures @ file LoopContractExamplesAll.java @ line 163) ([ensures @ file LoopContractExamplesAll.java @ line 163])>>)<<origin(ensures @ file LoopContractExamplesAll.java @ line 163) ([ensures @ file LoopContractExamplesAll.java @ line 163])>>)<<origin(ensures @ file LoopContractExamplesAll.java @ line 163) ([ensures @ file LoopContractExamplesAll.java @ line 163])>>)<<origin(<none> (implicit)) ([assignable @ file LoopContractExamplesAll.java @ line 164, ensures @ file LoopContractExamplesAll.java @ line 163])>>)<<origin(<none> (implicit)) ([assignable @ file LoopContractExamplesAll.java @ line 164, ensures @ file LoopContractExamplesAll.java @ line 163])>>)<<origin(<none> (implicit)) ([assignable @ file LoopContractExamplesAll.java @ line 164, ensures @ file LoopContractExamplesAll.java @ line 163])>>)<<origin(<none> (implicit)) ([requires @ file LoopContractExamplesAll.java @ line 161, requires @ file LoopContractExamplesAll.java @ line 162, decreases @ file LoopContractExamplesAll.java @ line 165, assignable @ file LoopContractExamplesAll.java @ line 164, ensures @ file LoopContractExamplesAll.java @ line 163])>>)<<origin(<none> (implicit)) ([requires @ file LoopContractExamplesAll.java @ line 161, requires @ file LoopContractExamplesAll.java @ line 162, decreases @ file LoopContractExamplesAll.java @ line 165, assignable @ file LoopContractExamplesAll.java @ line 164, ensures @ file LoopContractExamplesAll.java @ line 163])>>)<<origin(<none> (implicit)) ([ensures @ file LoopContractExamplesAll.java @ line 163, requires @ file LoopContractExamplesAll.java @ line 161, requires @ file LoopContractExamplesAll.java @ line 162, decreases @ file LoopContractExamplesAll.java @ line 165, assignable @ file LoopContractExamplesAll.java @ line 164])>>)<<origin(<none> (implicit)) ([ensures @ file LoopContractExamplesAll.java @ line 163, requires @ file LoopContractExamplesAll.java @ line 161, requires @ file LoopContractExamplesAll.java @ line 162, decreases @ file LoopContractExamplesAll.java @ line 165, assignable @ file LoopContractExamplesAll.java @ line 164])>>)<<origin(<none> (implicit)) ([ensures @ file LoopContractExamplesAll.java @ line 163, requires @ file LoopContractExamplesAll.java @ line 161, requires @ file LoopContractExamplesAll.java @ line 162, decreases @ file LoopContractExamplesAll.java @ line 165, assignable @ file LoopContractExamplesAll.java @ line 164])>>)<<origin(<none> (implicit)) ([ensures @ file LoopContractExamplesAll.java @ line 163, requires @ file LoopContractExamplesAll.java @ line 161, requires @ file LoopContractExamplesAll.java @ line 162, decreases @ file LoopContractExamplesAll.java @ line 165, assignable @ file LoopContractExamplesAll.java @ line 164])>>)<<origin(<none> (implicit)) ([ensures @ file LoopContractExamplesAll.java @ line 163, requires @ file LoopContractExamplesAll.java @ line 161, requires @ file LoopContractExamplesAll.java @ line 162, decreases @ file LoopContractExamplesAll.java @ line 165, assignable @ file LoopContractExamplesAll.java @ line 164])>>)<<origin(<none> (implicit)) ([ensures @ file LoopContractExamplesAll.java @ line 163, requires @ file LoopContractExamplesAll.java @ line 161, requires @ file LoopContractExamplesAll.java @ line 162, decreases @ file LoopContractExamplesAll.java @ line 165, assignable @ file LoopContractExamplesAll.java @ line 164])>>)<<origin(<none> (implicit)) ([ensures @ file LoopContractExamplesAll.java @ line 163, requires @ file LoopContractExamplesAll.java @ line 161, requires @ file LoopContractExamplesAll.java @ line 162, decreases @ file LoopContractExamplesAll.java @ line 165, assignable @ file LoopContractExamplesAll.java @ line 164])>>]
	at de.uka.ilkd.key.logic.Sequent.getFormulabyNr(Sequent.java:291)

91780      WARN  main            d.u.i.k.p.r.p.ForkedTestFileRunner Run failed java.lang.Exception: Exception while loading proof (see cause for details): /home/runner/work/key/key/key.core/../key.ui/examples/heap/block_loop_contracts/SimpleVariants/sum_onBlock_internal.key.proof
	at de.uka.ilkd.key.proof.runallproofs.proofcollection.TestFile.reloadProof(TestFile.java:314)
Caused by: de.uka.ilkd.key.proof.io.ProblemLoaderException: Error loading proof.
Line 207, goal 116, rule One Step Simplification not available or not applicable in this context.
	at de.uka.ilkd.key.proof.io.IntermediateProofReplayer.reportError(IntermediateProofReplayer.java:782)
Caused by: de.uka.ilkd.key.proof.io.IntermediateProofReplayer$BuiltInConstructionException: Wrong position information.
	at de.uka.ilkd.key.proof.io.IntermediateProofReplayer.constructBuiltinApp(IntermediateProofReplayer.java:595)
Caused by: java.lang.RuntimeException: No formula nr. 10 in seq. [geq(init_anonOut_idx,Z(0(#)))<<origin(<none> (implicit)) ([assignable @ file LoopContractExamplesAll.java @ line 164])>>,geq(length(arr),init_anonOut_idx)<<origin(<none> (implicit)) ([assignable @ file LoopContractExamplesAll.java @ line 164])>>,equals(bsum{i:int}(Z(0(#)),init_anonOut_idx,int::select(anon(heap,empty,init_anonOut_heap<<anonHeapFunction>>),arr<<origin(assignable @ file LoopContractExamplesAll.java @ line 164) ([])>>,arr(i))),init_anonOut_sum_1)<<origin(<none> (implicit)) ([assignable @ file LoopContractExamplesAll.java @ line 164])>>,wellFormed(anon(heap,empty,init_anonOut_heap<<anonHeapFunction>>))<<origin(assignable @ file LoopContractExamplesAll.java @ line 164) ([])>>,wellFormed(heap)<<origin(requires (implicit)) ([])>>,equals(boolean::select(heap,arr,java.lang.Object::<created>),TRUE)<<origin(requires (implicit)) ([])>>,measuredByEmpty<<origin(requires (implicit)) ([])>>]==>[equals(arr,null)<<origin(requires @ file LoopContractExamplesAll.java @ line 153) ([])>>,update-application(elem-update(i_1)(length(arr_1<<origin(<none> (implicit)) ([ensures @ file LoopContractExamplesAll.java @ line 163, requires @ file LoopContractExamplesAll.java @ line 161, requires @ file LoopContractExamplesAll.java @ line 162, decreases @ file LoopContractExamplesAll.java @ line 165, assignable @ file LoopContractExamplesAll.java @ line 164])>>))<<origin(<none> (implicit)) ([ensures @ file LoopContractExamplesAll.java @ line 163, requires @ file LoopContractExamplesAll.java @ line 161, requires @ file LoopContractExamplesAll.java @ line 162, decreases @ file LoopContractExamplesAll.java @ line 165, assignable @ file LoopContractExamplesAll.java @ line 164])>>,\<{
  method-frame (
    source=sum_loopContract_onBlock(int[])@LoopContractExamplesAll
  ) {
    breakOut:
    try {
      cond = i < i_1;
    } catch (java.lang.Throwable e#28) {
      exc_0_1 = e#28;
    }
  }
}\> (and(and(imp(not(equals(exc_0_1,null)),and(and(equals(exc_0_1,null),equals(bsum{i:int}(Z(0(#)),length(_arr),int::select(heap,_arr,arr(i))),sum_1<<origin(ensures @ file LoopContractExamplesAll.java @ line 163) ([])>>)<<origin(ensures @ file LoopContractExamplesAll.java @ line 163) ([ensures @ file LoopContractExamplesAll.java @ line 163])>>)<<origin(ensures @ file LoopContractExamplesAll.java @ line 163) ([ensures @ file LoopContractExamplesAll.java @ line 163])>>,all{f:Field}(all{o:java.lang.Object}(or(and(not(equals(o,null)),not(equals(boolean::select(heap_Before_BLOCK,o,java.lang.Object::<created>),TRUE))),equals(any::select(heap_Before_BLOCK,o,f),any::select(heap,o,f))))))<<origin(ensures @ file LoopContractExamplesAll.java @ line 163) ([ensures @ file LoopContractExamplesAll.java @ line 163])>>)<<origin(ensures @ file LoopContractExamplesAll.java @ line 163) ([ensures @ file LoopContractExamplesAll.java @ line 163])>>,imp(and(equals(exc_0_1,null),not(equals(cond,TRUE))),update-application(elem-update(exc_0_1)(null)<<origin(ensures @ file LoopContractExamplesAll.java @ line 163) ([])>>,\<{
  method-frame (
    source=sum_loopContract_onBlock(int[])@LoopContractExamplesAll
  ) {
    breakOut:
    try {} catch (java.lang.Throwable e#28) {
      exc_0_1 = e#28;
    }
  }
}\> (and(and(equals(exc_0_1,null),equals(bsum{i:int}(Z(0(#)),length(_arr),int::select(heap,_arr,arr(i))),sum_1<<origin(ensures @ file LoopContractExamplesAll.java @ line 163) ([])>>)<<origin(ensures @ file LoopContractExamplesAll.java @ line 163) ([ensures @ file LoopContractExamplesAll.java @ line 163])>>)<<origin(ensures @ file LoopContractExamplesAll.java @ line 163) ([ensures @ file LoopContractExamplesAll.java @ line 163])>>,all{f:Field}(all{o:java.lang.Object}(or(and(not(equals(o,null)),not(equals(boolean::select(heap_Before_BLOCK,o,java.lang.Object::<created>),TRUE))),equals(any::select(heap_Before_BLOCK,o,f),any::select(heap,o,f))))))<<origin(ensures @ file LoopContractExamplesAll.java @ line 163) ([ensures @ file LoopContractExamplesAll.java @ line 163])>>)<<origin(ensures @ file LoopContractExamplesAll.java @ line 163) ([ensures @ file LoopContractExamplesAll.java @ line 163])>>)<<origin(ensures @ file LoopContractExamplesAll.java @ line 163) ([ensures @ file LoopContractExamplesAll.java @ line 163])>>)<<origin(ensures @ file LoopContractExamplesAll.java @ line 163) ([ensures @ file LoopContractExamplesAll.java @ line 163])>>)<<origin(ensures @ file LoopContractExamplesAll.java @ line 163) ([ensures @ file LoopContractExamplesAll.java @ line 163])>>,imp(and(equals(exc_0_1,null),equals(cond,TRUE)),update-application(elem-update(exc_0_1)(null),\<{
  method-frame (
    source=sum_loopContract_onBlock(int[])@LoopContractExamplesAll
  ) {
    breakOut:
    try {
      continueLoop:
      {
        el = arr_1[idx];
        {
          sum_1 += el;
        }
      }
      {
        idx++;
      }
    } catch (java.lang.Throwable e#28) {
      exc_0_1 = e#28;
    }
  }
}\> (and(imp(not(equals(exc_0_1,null)),and(and(equals(exc_0_1,null),equals(bsum{i:int}(Z(0(#)),length(_arr),int::select(heap,_arr,arr(i))),sum_1<<origin(ensures @ file LoopContractExamplesAll.java @ line 163) ([])>>)<<origin(ensures @ file LoopContractExamplesAll.java @ line 163) ([ensures @ file LoopContractExamplesAll.java @ line 163])>>)<<origin(ensures @ file LoopContractExamplesAll.java @ line 163) ([ensures @ file LoopContractExamplesAll.java @ line 163])>>,all{f:Field}(all{o:java.lang.Object}(or(and(not(equals(o,null)),not(equals(boolean::select(heap_Before_BLOCK,o,java.lang.Object::<created>),TRUE))),equals(any::select(heap_Before_BLOCK,o,f),any::select(heap,o,f))))))<<origin(ensures @ file LoopContractExamplesAll.java @ line 163) ([ensures @ file LoopContractExamplesAll.java @ line 163])>>)<<origin(ensures @ file LoopContractExamplesAll.java @ line 163) ([ensures @ file LoopContractExamplesAll.java @ line 163])>>,imp(equals(exc_0_1,null),and(and(and(and(and(and(measuredByEmpty,and(and(and(not(equals(_arr,null)),geq(idx,Z(0(#))))<<SC>>,geq(length(_arr),idx))<<SC, origin(requires @ file LoopContractExamplesAll.java @ line 161) ([])>>,equals(bsum{i:int}(Z(0(#)),idx,int::select(heap,_arr,arr(i))),sum_1<<origin(requires @ file LoopContractExamplesAll.java @ line 162) ([])>>)<<origin(requires @ file LoopContractExamplesAll.java @ line 162) ([requires @ file LoopContractExamplesAll.java @ line 162])>>)<<SC, origin(<none> (implicit)) ([requires @ file LoopContractExamplesAll.java @ line 161, requires @ file LoopContractExamplesAll.java @ line 162])>>)<<origin(<none> (implicit)) ([requires @ file LoopContractExamplesAll.java @ line 161, requires @ file LoopContractExamplesAll.java @ line 162])>>,geq(length(_arr),idx)<<origin(decreases @ file LoopContractExamplesAll.java @ line 165) ([])>>)<<origin(<none> (implicit)) ([requires @ file LoopContractExamplesAll.java @ line 161, requires @ file LoopContractExamplesAll.java @ line 162, decreases @ file LoopContractExamplesAll.java @ line 165])>>,wellFormed(heap))<<origin(<none> (implicit)) ([requires @ file LoopContractExamplesAll.java @ line 161, requires @ file LoopContractExamplesAll.java @ line 162, decreases @ file LoopContractExamplesAll.java @ line 165])>>,or(equals(arr_1,null),equals(boolean::select(heap,arr_1,java.lang.Object::<created>),TRUE))<<SC>>)<<origin(<none> (implicit)) ([requires @ file LoopContractExamplesAll.java @ line 161, requires @ file LoopContractExamplesAll.java @ line 162, decreases @ file LoopContractExamplesAll.java @ line 165])>>,leq(idx#32_Before_BLOCK#27<<origin(decreases @ file LoopContractExamplesAll.java @ line 165) ([])>>,add(Z(neglit(1(#))),idx))<<origin(decreases @ file LoopContractExamplesAll.java @ line 165) ([decreases @ file LoopContractExamplesAll.java @ line 165])>>)<<origin(<none> (implicit)) ([requires @ file LoopContractExamplesAll.java @ line 161, requires @ file LoopContractExamplesAll.java @ line 162, decreases @ file LoopContractExamplesAll.java @ line 165])>>,and(imp(not(equals(exc_0_1,null))<<origin(assignable @ file LoopContractExamplesAll.java @ line 164) ([])>>,imp(and(and(equals(exc_0_1,null)<<origin(assignable @ file LoopContractExamplesAll.java @ line 164) ([])>>,equals(bsum{i:int}(Z(0(#)),length(_arr),int::select(anon(heap,empty,anonOut_heap<<anonHeapFunction>>),_arr<<origin(assignable @ file LoopContractExamplesAll.java @ line 164) ([])>>,arr(i))),anonOut_sum_1_0)<<origin(<none> (implicit)) ([assignable @ file LoopContractExamplesAll.java @ line 164])>>)<<origin(<none> (implicit)) ([assignable @ file LoopContractExamplesAll.java @ line 164])>>,all{f:Field}(all{o:java.lang.Object}(or(and(not(equals(o,null)),not(equals(boolean::select(heap,o,java.lang.Object::<created>),TRUE)))<<origin(assignable @ file LoopContractExamplesAll.java @ line 164) ([])>>,equals(any::select(anon(heap,empty,anonOut_heap<<anonHeapFunction>>),o,f),any::select(heap,o,f))<<origin(assignable @ file LoopContractExamplesAll.java @ line 164) ([])>>)<<origin(assignable @ file LoopContractExamplesAll.java @ line 164) ([assignable @ file LoopContractExamplesAll.java @ line 164])>>)<<origin(assignable @ file LoopContractExamplesAll.java @ line 164) ([assignable @ file LoopContractExamplesAll.java @ line 164])>>)<<origin(assignable @ file LoopContractExamplesAll.java @ line 164) ([assignable @ file LoopContractExamplesAll.java @ line 164])>>)<<origin(<none> (implicit)) ([assignable @ file LoopContractExamplesAll.java @ line 164])>>,and(and(equals(exc_0_1,null)<<origin(assignable @ file LoopContractExamplesAll.java @ line 164) ([])>>,equals(bsum{i:int}(Z(0(#)),length(_arr),int::select(anon(heap,empty,anonOut_heap<<anonHeapFunction>>),_arr<<origin(assignable @ file LoopContractExamplesAll.java @ line 164) ([])>>,arr(i))),anonOut_sum_1_0)<<origin(<none> (implicit)) ([assignable @ file LoopContractExamplesAll.java @ line 164])>>)<<origin(<none> (implicit)) ([assignable @ file LoopContractExamplesAll.java @ line 164])>>,all{f:Field}(all{o:java.lang.Object}(or(and(not(equals(o,null)),not(equals(boolean::select(heap_Before_BLOCK,o,java.lang.Object::<created>),TRUE)))<<origin(assignable @ file LoopContractExamplesAll.java @ line 164) ([])>>,equals(any::select(anon(heap,empty,anonOut_heap<<anonHeapFunction>>),o,f),any::select(heap_Before_BLOCK,o,f))<<origin(assignable @ file LoopContractExamplesAll.java @ line 164) ([])>>)<<origin(assignable @ file LoopContractExamplesAll.java @ line 164) ([assignable @ file LoopContractExamplesAll.java @ line 164])>>)<<origin(assignable @ file LoopContractExamplesAll.java @ line 164) ([assignable @ file LoopContractExamplesAll.java @ line 164])>>)<<origin(assignable @ file LoopContractExamplesAll.java @ line 164) ([assignable @ file LoopContractExamplesAll.java @ line 164])>>)<<origin(<none> (implicit)) ([assignable @ file LoopContractExamplesAll.java @ line 164])>>)<<origin(<none> (implicit)) ([assignable @ file LoopContractExamplesAll.java @ line 164])>>)<<origin(<none> (implicit)) ([assignable @ file LoopContractExamplesAll.java @ line 164])>>,imp(equals(exc_0_1,null)<<origin(assignable @ file LoopContractExamplesAll.java @ line 164) ([])>>,update-application(parallel-upd(parallel-upd(elem-update(heap_Before_BLOCK_NEXT)(heap),parallel-upd(elem-update(sum_1)(anonOut_sum_1_0),elem-update(heap)(anon(heap,empty,anonOut_heap<<anonHeapFunction>>))<<origin(assignable @ file LoopContractExamplesAll.java @ line 164) ([])>>)<<origin(assignable @ file LoopContractExamplesAll.java @ line 164) ([assignable @ file LoopContractExamplesAll.java @ line 164])>>)<<origin(<none> (implicit)) ([assignable @ file LoopContractExamplesAll.java @ line 164])>>,elem-update(exc_0_1)(null)<<origin(ensures @ file LoopContractExamplesAll.java @ line 163) ([])>>)<<origin(<none> (implicit)) ([assignable @ file LoopContractExamplesAll.java @ line 164, ensures @ file LoopContractExamplesAll.java @ line 163])>>,\<{
  method-frame (
    source=sum_loopContract_onBlock(int[])@LoopContractExamplesAll
  ) {
    breakOut:
    try {} catch (java.lang.Throwable e#28) {
      exc_0_1 = e#28;
    }
  }
}\> (imp(and(and(equals(exc_0_1,null),equals(bsum{i:int}(Z(0(#)),length(_arr),int::select(heap,_arr,arr(i))),sum_1<<origin(ensures @ file LoopContractExamplesAll.java @ line 163) ([])>>)<<origin(ensures @ file LoopContractExamplesAll.java @ line 163) ([ensures @ file LoopContractExamplesAll.java @ line 163])>>)<<origin(ensures @ file LoopContractExamplesAll.java @ line 163) ([ensures @ file LoopContractExamplesAll.java @ line 163])>>,all{f:Field}(all{o:java.lang.Object}(or(and(not(equals(o,null)),not(equals(boolean::select(heap_Before_BLOCK_NEXT,o,java.lang.Object::<created>),TRUE))),equals(any::select(heap_Before_BLOCK_NEXT,o,f),any::select(heap,o,f))))))<<origin(ensures @ file LoopContractExamplesAll.java @ line 163) ([ensures @ file LoopContractExamplesAll.java @ line 163])>>,and(and(equals(exc_0_1,null),equals(bsum{i:int}(Z(0(#)),length(_arr),int::select(heap,_arr,arr(i))),sum_1<<origin(ensures @ file LoopContractExamplesAll.java @ line 163) ([])>>)<<origin(ensures @ file LoopContractExamplesAll.java @ line 163) ([ensures @ file LoopContractExamplesAll.java @ line 163])>>)<<origin(ensures @ file LoopContractExamplesAll.java @ line 163) ([ensures @ file LoopContractExamplesAll.java @ line 163])>>,all{f:Field}(all{o:java.lang.Object}(or(and(not(equals(o,null)),not(equals(boolean::select(heap_Before_BLOCK,o,java.lang.Object::<created>),TRUE))),equals(any::select(heap_Before_BLOCK,o,f),any::select(heap,o,f))))))<<origin(ensures @ file LoopContractExamplesAll.java @ line 163) ([ensures @ file LoopContractExamplesAll.java @ line 163])>>)<<origin(ensures @ file LoopContractExamplesAll.java @ line 163) ([ensures @ file LoopContractExamplesAll.java @ line 163])>>)<<origin(ensures @ file LoopContractExamplesAll.java @ line 163) ([ensures @ file LoopContractExamplesAll.java @ line 163])>>)<<origin(<none> (implicit)) ([assignable @ file LoopContractExamplesAll.java @ line 164, ensures @ file LoopContractExamplesAll.java @ line 163])>>)<<origin(<none> (implicit)) ([assignable @ file LoopContractExamplesAll.java @ line 164, ensures @ file LoopContractExamplesAll.java @ line 163])>>)<<origin(<none> (implicit)) ([assignable @ file LoopContractExamplesAll.java @ line 164, ensures @ file LoopContractExamplesAll.java @ line 163])>>)<<origin(<none> (implicit)) ([requires @ file LoopContractExamplesAll.java @ line 161, requires @ file LoopContractExamplesAll.java @ line 162, decreases @ file LoopContractExamplesAll.java @ line 165, assignable @ file LoopContractExamplesAll.java @ line 164, ensures @ file LoopContractExamplesAll.java @ line 163])>>)<<origin(<none> (implicit)) ([requires @ file LoopContractExamplesAll.java @ line 161, requires @ file LoopContractExamplesAll.java @ line 162, decreases @ file LoopContractExamplesAll.java @ line 165, assignable @ file LoopContractExamplesAll.java @ line 164, ensures @ file LoopContractExamplesAll.java @ line 163])>>)<<origin(<none> (implicit)) ([ensures @ file LoopContractExamplesAll.java @ line 163, requires @ file LoopContractExamplesAll.java @ line 161, requires @ file LoopContractExamplesAll.java @ line 162, decreases @ file LoopContractExamplesAll.java @ line 165, assignable @ file LoopContractExamplesAll.java @ line 164])>>)<<origin(<none> (implicit)) ([ensures @ file LoopContractExamplesAll.java @ line 163, requires @ file LoopContractExamplesAll.java @ line 161, requires @ file LoopContractExamplesAll.java @ line 162, decreases @ file LoopContractExamplesAll.java @ line 165, assignable @ file LoopContractExamplesAll.java @ line 164])>>)<<origin(<none> (implicit)) ([ensures @ file LoopContractExamplesAll.java @ line 163, requires @ file LoopContractExamplesAll.java @ line 161, requires @ file LoopContractExamplesAll.java @ line 162, decreases @ file LoopContractExamplesAll.java @ line 165, assignable @ file LoopContractExamplesAll.java @ line 164])>>)<<origin(<none> (implicit)) ([ensures @ file LoopContractExamplesAll.java @ line 163, requires @ file LoopContractExamplesAll.java @ line 161, requires @ file LoopContractExamplesAll.java @ line 162, decreases @ file LoopContractExamplesAll.java @ line 165, assignable @ file LoopContractExamplesAll.java @ line 164])>>)<<origin(<none> (implicit)) ([ensures @ file LoopContractExamplesAll.java @ line 163, requires @ file LoopContractExamplesAll.java @ line 161, requires @ file LoopContractExamplesAll.java @ line 162, decreases @ file LoopContractExamplesAll.java @ line 165, assignable @ file LoopContractExamplesAll.java @ line 164])>>)<<origin(<none> (implicit)) ([ensures @ file LoopContractExamplesAll.java @ line 163, requires @ file LoopContractExamplesAll.java @ line 161, requires @ file LoopContractExamplesAll.java @ line 162, decreases @ file LoopContractExamplesAll.java @ line 165, assignable @ file LoopContractExamplesAll.java @ line 164])>>)<<origin(<none> (implicit)) ([ensures @ file LoopContractExamplesAll.java @ line 163, requires @ file LoopContractExamplesAll.java @ line 161, requires @ file LoopContractExamplesAll.java @ line 162, decreases @ file LoopContractExamplesAll.java @ line 165, assignable @ file LoopContractExamplesAll.java @ line 164])>>]
	at de.uka.ilkd.key.logic.Sequent.getFormulabyNr(Sequent.java:291)

91787      INFO  main            d.u.i.k.p.r.p.TestFile    Now processing file /home/runner/work/key/key/key.core/../key.ui/examples/heap/block_loop_contracts/SimpleVariants/sum_onBlock_loop.key 
91787      INFO  main            d.u.i.k.p.i.AbstractProblemLoader Loading environment from /home/runner/work/key/key/key.core/../key.ui/examples/heap/block_loop_contracts/SimpleVariants/sum_onBlock_loop.key 
91787      DEBUG main            d.u.i.k.p.i.AbstractProblemLoader Environment load took 90.1ns 
91788      INFO  main            d.u.i.k.p.i.AbstractProblemLoader Creating init config 
94568      DEBUG main            d.u.i.k.p.i.AbstractProblemLoader Init config took 2.78s 
94606      INFO  main            d.u.i.k.p.i.AbstractProblemLoader Replaying proof LoopContractExamplesAll[LoopContractExamplesAll::sum_loopContract_onBlock([I)].JML normal_behavior loop contract.0 
94608      DEBUG main            d.u.i.k.p.i.IntermediateProofReplayer Proof replay took 10.7ns 
95412      INFO  main            d.u.i.k.p.r.p.TestFile    ... finished proof: closed. 
95646      INFO  main            d.u.i.k.p.i.AbstractProblemLoader Loading environment from /home/runner/work/key/key/key.core/../key.ui/examples/heap/block_loop_contracts/SimpleVariants/sum_onBlock_loop.key.proof 
95646      DEBUG main            d.u.i.k.p.i.AbstractProblemLoader Environment load took 104.7ns 
95648      INFO  main            d.u.i.k.p.i.AbstractProblemLoader Creating init config 
98378      DEBUG main            d.u.i.k.p.i.AbstractProblemLoader Init config took 2.73s 
98418      INFO  main            d.u.i.k.p.i.AbstractProblemLoader Replaying proof LoopContractExamplesAll[LoopContractExamplesAll::sum_loopContract_onBlock([I)].JML normal_behavior loop contract.0 
98567      DEBUG main            d.u.i.k.p.i.IntermediateProofReplayer Proof replay took 144.53ms 
98568      WARN  main            d.u.i.k.p.r.p.TestFile    Replay exception de.uka.ilkd.key.proof.io.ProblemLoaderException: Error loading proof.
Line 227, goal 136, rule One Step Simplification not available or not applicable in this context.
	at de.uka.ilkd.key.proof.io.IntermediateProofReplayer.reportError(IntermediateProofReplayer.java:782)
Caused by: de.uka.ilkd.key.proof.io.IntermediateProofReplayer$BuiltInConstructionException: Wrong position information.
	at de.uka.ilkd.key.proof.io.IntermediateProofReplayer.constructBuiltinApp(IntermediateProofReplayer.java:595)
Caused by: java.lang.RuntimeException: No formula nr. 16 in seq. [geq(init_anonOut_idx,Z(0(#)))<<origin(requires @ file LoopContractExamplesAll.java @ line 161) ([])>>,geq(length(anonIn_arr),init_anonOut_idx)<<origin(requires @ file LoopContractExamplesAll.java @ line 161) ([])>>,equals(bsum{i:int}(Z(0(#)),init_anonOut_idx,int::select(anon(anon(heap,allLocs,anonIn_heap<<anonHeapFunction>>),empty,init_anonOut_heap<<anonHeapFunction>>),anonIn_arr,arr(i))),init_anonOut_sum)<<origin(requires @ file LoopContractExamplesAll.java @ line 162) ([])>>,wellFormed(anon(anon(heap,allLocs,anonIn_heap<<anonHeapFunction>>),empty,init_anonOut_heap<<anonHeapFunction>>))<<origin(<none> (implicit)) ([requires @ file LoopContractExamplesAll.java @ line 161, requires @ file LoopContractExamplesAll.java @ line 162, decreases @ file LoopContractExamplesAll.java @ line 165])>>,equals(if-then-else(equals(boolean::select(heap,anonIn_arr,java.lang.Object::<created>),TRUE),boolean::select(heap,anonIn_arr,java.lang.Object::<created>),boolean::select(anonIn_heap<<anonHeapFunction>>,anonIn_arr,java.lang.Object::<created>)),java_lang_Object_created__1<<selectSK>>),or(equals(java_lang_Object_created__1<<selectSK>>,TRUE),equals(boolean::select(init_anonOut_heap<<anonHeapFunction>>,anonIn_arr,java.lang.Object::<created>),TRUE)),measuredByEmpty<<origin(<none> (implicit)) ([requires @ file LoopContractExamplesAll.java @ line 161, requires @ file LoopContractExamplesAll.java @ line 162])>>,equals(anonIn_sum,Z(0(#)))<<origin(requires @ file LoopContractExamplesAll.java @ line 162) ([])>>,geq(length(anonIn_arr),Z(0(#)))<<origin(decreases @ file LoopContractExamplesAll.java @ line 165) ([])>>,wellFormed(anon(heap,allLocs,anonIn_heap<<anonHeapFunction>>))<<origin(<none> (implicit)) ([requires @ file LoopContractExamplesAll.java @ line 161, requires @ file LoopContractExamplesAll.java @ line 162, decreases @ file LoopContractExamplesAll.java @ line 165])>>,or(equals(boolean::select(heap,anonIn_arr,java.lang.Object::<created>),TRUE),equals(boolean::select(anonIn_heap<<anonHeapFunction>>,anonIn_arr,java.lang.Object::<created>),TRUE))<<origin(<none> (implicit)) ([requires @ file LoopContractExamplesAll.java @ line 161, requires @ file LoopContractExamplesAll.java @ line 162, decreases @ file LoopContractExamplesAll.java @ line 165])>>,wellFormed(heap),wellFormed(anonIn_heap<<anonHeapFunction>>)]==>[equals(anonIn_arr,null)<<origin(requires @ file LoopContractExamplesAll.java @ line 161) ([])>>,update-application(elem-update(i_1)(length(arr_1<<origin(<none> (implicit)) ([ensures @ file LoopContractExamplesAll.java @ line 163, requires @ file LoopContractExamplesAll.java @ line 161, requires @ file LoopContractExamplesAll.java @ line 162, decreases @ file LoopContractExamplesAll.java @ line 165, assignable @ file LoopContractExamplesAll.java @ line 164])>>))<<origin(<none> (implicit)) ([ensures @ file LoopContractExamplesAll.java @ line 163, requires @ file LoopContractExamplesAll.java @ line 161, requires @ file LoopContractExamplesAll.java @ line 162, decreases @ file LoopContractExamplesAll.java @ line 165, assignable @ file LoopContractExamplesAll.java @ line 164])>>,\<{
  method-frame (
    source=sum_loopContract_onBlock(int[])@LoopContractExamplesAll
  ) {
    breakOut:
    try {
      cond = i < i_1;
    } catch (java.lang.Throwable e#28) {
      exc_0_1 = e#28;
    }
  }
}\> (and(and(imp(not(equals(exc_0_1,null)),and(and(equals(exc_0_1,null),equals(bsum{i:int}(Z(0(#)),length(arr),int::select(heap,arr,arr(i))),sum<<origin(ensures @ file LoopContractExamplesAll.java @ line 163) ([])>>)<<origin(ensures @ file LoopContractExamplesAll.java @ line 163) ([ensures @ file LoopContractExamplesAll.java @ line 163])>>)<<origin(ensures @ file LoopContractExamplesAll.java @ line 163) ([ensures @ file LoopContractExamplesAll.java @ line 163])>>,all{f:Field}(all{o:java.lang.Object}(or(and(not(equals(o,null)),not(equals(boolean::select(heap_Before_BLOCK_0,o,java.lang.Object::<created>),TRUE))),equals(any::select(heap_Before_BLOCK_0,o,f),any::select(heap,o,f))))))<<origin(ensures @ file LoopContractExamplesAll.java @ line 163) ([ensures @ file LoopContractExamplesAll.java @ line 163])>>)<<origin(ensures @ file LoopContractExamplesAll.java @ line 163) ([ensures @ file LoopContractExamplesAll.java @ line 163])>>,imp(and(equals(exc_0_1,null),not(equals(cond,TRUE))),update-application(elem-update(exc_0_1)(null)<<origin(ensures @ file LoopContractExamplesAll.java @ line 163) ([])>>,\<{
  method-frame (
    source=sum_loopContract_onBlock(int[])@LoopContractExamplesAll
  ) {
    breakOut:
    try {} catch (java.lang.Throwable e#28) {
      exc_0_1 = e#28;
    }
  }
}\> (and(and(equals(exc_0_1,null),equals(bsum{i:int}(Z(0(#)),length(arr),int::select(heap,arr,arr(i))),sum<<origin(ensures @ file LoopContractExamplesAll.java @ line 163) ([])>>)<<origin(ensures @ file LoopContractExamplesAll.java @ line 163) ([ensures @ file LoopContractExamplesAll.java @ line 163])>>)<<origin(ensures @ file LoopContractExamplesAll.java @ line 163) ([ensures @ file LoopContractExamplesAll.java @ line 163])>>,all{f:Field}(all{o:java.lang.Object}(or(and(not(equals(o,null)),not(equals(boolean::select(heap_Before_BLOCK_0,o,java.lang.Object::<created>),TRUE))),equals(any::select(heap_Before_BLOCK_0,o,f),any::select(heap,o,f))))))<<origin(ensures @ file LoopContractExamplesAll.java @ line 163) ([ensures @ file LoopContractExamplesAll.java @ line 163])>>)<<origin(ensures @ file LoopContractExamplesAll.java @ line 163) ([ensures @ file LoopContractExamplesAll.java @ line 163])>>)<<origin(ensures @ file LoopContractExamplesAll.java @ line 163) ([ensures @ file LoopContractExamplesAll.java @ line 163])>>)<<origin(ensures @ file LoopContractExamplesAll.java @ line 163) ([ensures @ file LoopContractExamplesAll.java @ line 163])>>)<<origin(ensures @ file LoopContractExamplesAll.java @ line 163) ([ensures @ file LoopContractExamplesAll.java @ line 163])>>,imp(and(equals(exc_0_1,null),equals(cond,TRUE)),update-application(elem-update(exc_0_1)(null),\<{
  method-frame (
    source=sum_loopContract_onBlock(int[])@LoopContractExamplesAll
  ) {
    breakOut:
    try {
      continueLoop:
      {
        el = arr_1[idx];
        {
          sum += el;
        }
      }
      {
        idx++;
      }
    } catch (java.lang.Throwable e#28) {
      exc_0_1 = e#28;
    }
  }
}\> (and(imp(not(equals(exc_0_1,null)),and(and(equals(exc_0_1,null),equals(bsum{i:int}(Z(0(#)),length(arr),int::select(heap,arr,arr(i))),sum<<origin(ensures @ file LoopContractExamplesAll.java @ line 163) ([])>>)<<origin(ensures @ file LoopContractExamplesAll.java @ line 163) ([ensures @ file LoopContractExamplesAll.java @ line 163])>>)<<origin(ensures @ file LoopContractExamplesAll.java @ line 163) ([ensures @ file LoopContractExamplesAll.java @ line 163])>>,all{f:Field}(all{o:java.lang.Object}(or(and(not(equals(o,null)),not(equals(boolean::select(heap_Before_BLOCK_0,o,java.lang.Object::<created>),TRUE))),equals(any::select(heap_Before_BLOCK_0,o,f),any::select(heap,o,f))))))<<origin(ensures @ file LoopContractExamplesAll.java @ line 163) ([ensures @ file LoopContractExamplesAll.java @ line 163])>>)<<origin(ensures @ file LoopContractExamplesAll.java @ line 163) ([ensures @ file LoopContractExamplesAll.java @ line 163])>>,imp(equals(exc_0_1,null),and(and(and(and(and(and(measuredByEmpty,and(and(and(not(equals(arr,null)),geq(idx,Z(0(#))))<<SC>>,geq(length(arr),idx))<<SC, origin(requires @ file LoopContractExamplesAll.java @ line 161) ([])>>,equals(bsum{i:int}(Z(0(#)),idx,int::select(heap,arr,arr(i))),sum<<origin(requires @ file LoopContractExamplesAll.java @ line 162) ([])>>)<<origin(requires @ file LoopContractExamplesAll.java @ line 162) ([requires @ file LoopContractExamplesAll.java @ line 162])>>)<<SC, origin(<none> (implicit)) ([requires @ file LoopContractExamplesAll.java @ line 161, requires @ file LoopContractExamplesAll.java @ line 162])>>)<<origin(<none> (implicit)) ([requires @ file LoopContractExamplesAll.java @ line 161, requires @ file LoopContractExamplesAll.java @ line 162])>>,geq(length(arr),idx)<<origin(decreases @ file LoopContractExamplesAll.java @ line 165) ([])>>)<<origin(<none> (implicit)) ([requires @ file LoopContractExamplesAll.java @ line 161, requires @ file LoopContractExamplesAll.java @ line 162, decreases @ file LoopContractExamplesAll.java @ line 165])>>,wellFormed(heap))<<origin(<none> (implicit)) ([requires @ file LoopContractExamplesAll.java @ line 161, requires @ file LoopContractExamplesAll.java @ line 162, decreases @ file LoopContractExamplesAll.java @ line 165])>>,or(equals(arr_1,null),equals(boolean::select(heap,arr_1,java.lang.Object::<created>),TRUE))<<SC>>)<<origin(<none> (implicit)) ([requires @ file LoopContractExamplesAll.java @ line 161, requires @ file LoopContractExamplesAll.java @ line 162, decreases @ file LoopContractExamplesAll.java @ line 165])>>,leq(idx#25_Before_BLOCK#26_0<<origin(decreases @ file LoopContractExamplesAll.java @ line 165) ([])>>,add(Z(neglit(1(#))),idx))<<origin(decreases @ file LoopContractExamplesAll.java @ line 165) ([decreases @ file LoopContractExamplesAll.java @ line 165])>>)<<origin(<none> (implicit)) ([requires @ file LoopContractExamplesAll.java @ line 161, requires @ file LoopContractExamplesAll.java @ line 162, decreases @ file LoopContractExamplesAll.java @ line 165])>>,and(imp(not(equals(exc_0_1,null))<<origin(assignable @ file LoopContractExamplesAll.java @ line 164) ([])>>,imp(and(and(equals(exc_0_1,null)<<origin(assignable @ file LoopContractExamplesAll.java @ line 164) ([])>>,equals(bsum{i:int}(Z(0(#)),length(arr),int::select(anon(heap,empty,anonOut_heap_0<<anonHeapFunction>>),arr<<origin(assignable @ file LoopContractExamplesAll.java @ line 164) ([])>>,arr(i))),anonOut_sum_0)<<origin(<none> (implicit)) ([assignable @ file LoopContractExamplesAll.java @ line 164])>>)<<origin(<none> (implicit)) ([assignable @ file LoopContractExamplesAll.java @ line 164])>>,all{f:Field}(all{o:java.lang.Object}(or(and(not(equals(o,null)),not(equals(boolean::select(heap,o,java.lang.Object::<created>),TRUE)))<<origin(assignable @ file LoopContractExamplesAll.java @ line 164) ([])>>,equals(any::select(anon(heap,empty,anonOut_heap_0<<anonHeapFunction>>),o,f),any::select(heap,o,f))<<origin(assignable @ file LoopContractExamplesAll.java @ line 164) ([])>>)<<origin(assignable @ file LoopContractExamplesAll.java @ line 164) ([assignable @ file LoopContractExamplesAll.java @ line 164])>>)<<origin(assignable @ file LoopContractExamplesAll.java @ line 164) ([assignable @ file LoopContractExamplesAll.java @ line 164])>>)<<origin(assignable @ file LoopContractExamplesAll.java @ line 164) ([assignable @ file LoopContractExamplesAll.java @ line 164])>>)<<origin(<none> (implicit)) ([assignable @ file LoopContractExamplesAll.java @ line 164])>>,and(and(equals(exc_0_1,null)<<origin(assignable @ file LoopContractExamplesAll.java @ line 164) ([])>>,equals(bsum{i:int}(Z(0(#)),length(arr),int::select(anon(heap,empty,anonOut_heap_0<<anonHeapFunction>>),arr<<origin(assignable @ file LoopContractExamplesAll.java @ line 164) ([])>>,arr(i))),anonOut_sum_0)<<origin(<none> (implicit)) ([assignable @ file LoopContractExamplesAll.java @ line 164])>>)<<origin(<none> (implicit)) ([assignable @ file LoopContractExamplesAll.java @ line 164])>>,all{f:Field}(all{o:java.lang.Object}(or(and(not(equals(o,null)),not(equals(boolean::select(heap_Before_BLOCK_0,o,java.lang.Object::<created>),TRUE)))<<origin(assignable @ file LoopContractExamplesAll.java @ line 164) ([])>>,equals(any::select(anon(heap,empty,anonOut_heap_0<<anonHeapFunction>>),o,f),any::select(heap_Before_BLOCK_0,o,f))<<origin(assignable @ file LoopContractExamplesAll.java @ line 164) ([])>>)<<origin(assignable @ file LoopContractExamplesAll.java @ line 164) ([assignable @ file LoopContractExamplesAll.java @ line 164])>>)<<origin(assignable @ file LoopContractExamplesAll.java @ line 164) ([assignable @ file LoopContractExamplesAll.java @ line 164])>>)<<origin(assignable @ file LoopContractExamplesAll.java @ line 164) ([assignable @ file LoopContractExamplesAll.java @ line 164])>>)<<origin(<none> (implicit)) ([assignable @ file LoopContractExamplesAll.java @ line 164])>>)<<origin(<none> (implicit)) ([assignable @ file LoopContractExamplesAll.java @ line 164])>>)<<origin(<none> (implicit)) ([assignable @ file LoopContractExamplesAll.java @ line 164])>>,imp(equals(exc_0_1,null)<<origin(assignable @ file LoopContractExamplesAll.java @ line 164) ([])>>,update-application(parallel-upd(parallel-upd(elem-update(heap_Before_BLOCK_0_NEXT)(heap),parallel-upd(elem-update(sum)(anonOut_sum_0),elem-update(heap)(anon(heap,empty,anonOut_heap_0<<anonHeapFunction>>))<<origin(assignable @ file LoopContractExamplesAll.java @ line 164) ([])>>)<<origin(assignable @ file LoopContractExamplesAll.java @ line 164) ([assignable @ file LoopContractExamplesAll.java @ line 164])>>)<<origin(<none> (implicit)) ([assignable @ file LoopContractExamplesAll.java @ line 164])>>,elem-update(exc_0_1)(null)<<origin(ensures @ file LoopContractExamplesAll.java @ line 163) ([])>>)<<origin(<none> (implicit)) ([assignable @ file LoopContractExamplesAll.java @ line 164, ensures @ file LoopContractExamplesAll.java @ line 163])>>,\<{
  method-frame (
    source=sum_loopContract_onBlock(int[])@LoopContractExamplesAll
  ) {
    breakOut:
    try {} catch (java.lang.Throwable e#28) {
      exc_0_1 = e#28;
    }
  }
}\> (imp(and(and(equals(exc_0_1,null),equals(bsum{i:int}(Z(0(#)),length(arr),int::select(heap,arr,arr(i))),sum<<origin(ensures @ file LoopContractExamplesAll.java @ line 163) ([])>>)<<origin(ensures @ file LoopContractExamplesAll.java @ line 163) ([ensures @ file LoopContractExamplesAll.java @ line 163])>>)<<origin(ensures @ file LoopContractExamplesAll.java @ line 163) ([ensures @ file LoopContractExamplesAll.java @ line 163])>>,all{f:Field}(all{o:java.lang.Object}(or(and(not(equals(o,null)),not(equals(boolean::select(heap_Before_BLOCK_0_NEXT,o,java.lang.Object::<created>),TRUE))),equals(any::select(heap_Before_BLOCK_0_NEXT,o,f),any::select(heap,o,f))))))<<origin(ensures @ file LoopContractExamplesAll.java @ line 163) ([ensures @ file LoopContractExamplesAll.java @ line 163])>>,and(and(equals(exc_0_1,null),equals(bsum{i:int}(Z(0(#)),length(arr),int::select(heap,arr,arr(i))),sum<<origin(ensures @ file LoopContractExamplesAll.java @ line 163) ([])>>)<<origin(ensures @ file LoopContractExamplesAll.java @ line 163) ([ensures @ file LoopContractExamplesAll.java @ line 163])>>)<<origin(ensures @ file LoopContractExamplesAll.java @ line 163) ([ensures @ file LoopContractExamplesAll.java @ line 163])>>,all{f:Field}(all{o:java.lang.Object}(or(and(not(equals(o,null)),not(equals(boolean::select(heap_Before_BLOCK_0,o,java.lang.Object::<created>),TRUE))),equals(any::select(heap_Before_BLOCK_0,o,f),any::select(heap,o,f))))))<<origin(ensures @ file LoopContractExamplesAll.java @ line 163) ([ensures @ file LoopContractExamplesAll.java @ line 163])>>)<<origin(ensures @ file LoopContractExamplesAll.java @ line 163) ([ensures @ file LoopContractExamplesAll.java @ line 163])>>)<<origin(ensures @ file LoopContractExamplesAll.java @ line 163) ([ensures @ file LoopContractExamplesAll.java @ line 163])>>)<<origin(<none> (implicit)) ([assignable @ file LoopContractExamplesAll.java @ line 164, ensures @ file LoopContractExamplesAll.java @ line 163])>>)<<origin(<none> (implicit)) ([assignable @ file LoopContractExamplesAll.java @ line 164, ensures @ file LoopContractExamplesAll.java @ line 163])>>)<<origin(<none> (implicit)) ([assignable @ file LoopContractExamplesAll.java @ line 164, ensures @ file LoopContractExamplesAll.java @ line 163])>>)<<origin(<none> (implicit)) ([requires @ file LoopContractExamplesAll.java @ line 161, requires @ file LoopContractExamplesAll.java @ line 162, decreases @ file LoopContractExamplesAll.java @ line 165, assignable @ file LoopContractExamplesAll.java @ line 164, ensures @ file LoopContractExamplesAll.java @ line 163])>>)<<origin(<none> (implicit)) ([requires @ file LoopContractExamplesAll.java @ line 161, requires @ file LoopContractExamplesAll.java @ line 162, decreases @ file LoopContractExamplesAll.java @ line 165, assignable @ file LoopContractExamplesAll.java @ line 164, ensures @ file LoopContractExamplesAll.java @ line 163])>>)<<origin(<none> (implicit)) ([ensures @ file LoopContractExamplesAll.java @ line 163, requires @ file LoopContractExamplesAll.java @ line 161, requires @ file LoopContractExamplesAll.java @ line 162, decreases @ file LoopContractExamplesAll.java @ line 165, assignable @ file LoopContractExamplesAll.java @ line 164])>>)<<origin(<none> (implicit)) ([ensures @ file LoopContractExamplesAll.java @ line 163, requires @ file LoopContractExamplesAll.java @ line 161, requires @ file LoopContractExamplesAll.java @ line 162, decreases @ file LoopContractExamplesAll.java @ line 165, assignable @ file LoopContractExamplesAll.java @ line 164])>>)<<origin(<none> (implicit)) ([ensures @ file LoopContractExamplesAll.java @ line 163, requires @ file LoopContractExamplesAll.java @ line 161, requires @ file LoopContractExamplesAll.java @ line 162, decreases @ file LoopContractExamplesAll.java @ line 165, assignable @ file LoopContractExamplesAll.java @ line 164])>>)<<origin(<none> (implicit)) ([ensures @ file LoopContractExamplesAll.java @ line 163, requires @ file LoopContractExamplesAll.java @ line 161, requires @ file LoopContractExamplesAll.java @ line 162, decreases @ file LoopContractExamplesAll.java @ line 165, assignable @ file LoopContractExamplesAll.java @ line 164])>>)<<origin(<none> (implicit)) ([ensures @ file LoopContractExamplesAll.java @ line 163, requires @ file LoopContractExamplesAll.java @ line 161, requires @ file LoopContractExamplesAll.java @ line 162, decreases @ file LoopContractExamplesAll.java @ line 165, assignable @ file LoopContractExamplesAll.java @ line 164])>>)<<origin(<none> (implicit)) ([ensures @ file LoopContractExamplesAll.java @ line 163, requires @ file LoopContractExamplesAll.java @ line 161, requires @ file LoopContractExamplesAll.java @ line 162, decreases @ file LoopContractExamplesAll.java @ line 165, assignable @ file LoopContractExamplesAll.java @ line 164])>>)<<origin(<none> (implicit)) ([ensures @ file LoopContractExamplesAll.java @ line 163, requires @ file LoopContractExamplesAll.java @ line 161, requires @ file LoopContractExamplesAll.java @ line 162, decreases @ file LoopContractExamplesAll.java @ line 165, assignable @ file LoopContractExamplesAll.java @ line 164])>>]
	at de.uka.ilkd.key.logic.Sequent.getFormulabyNr(Sequent.java:291)

98569      WARN  main            d.u.i.k.p.r.p.TestFile    Replay exception de.uka.ilkd.key.proof.io.ProblemLoaderException: Error loading proof.
Line 438, goal 137, rule One Step Simplification not available or not applicable in this context.
	at de.uka.ilkd.key.proof.io.IntermediateProofReplayer.reportError(IntermediateProofReplayer.java:782)
Caused by: de.uka.ilkd.key.proof.io.IntermediateProofReplayer$BuiltInConstructionException: One Step Simplification is missing. Most probably the binary for this built-in rule is not in your path or you do not have the permission to execute it.
	at de.uka.ilkd.key.proof.io.IntermediateProofReplayer.constructBuiltinApp(IntermediateProofReplayer.java:630)

98570      DEBUG main            d.u.i.k.p.r.p.TestFile    Exception java.lang.Exception: Exception while loading proof (see cause for details): /home/runner/work/key/key/key.core/../key.ui/examples/heap/block_loop_contracts/SimpleVariants/sum_onBlock_loop.key.proof
	at de.uka.ilkd.key.proof.runallproofs.proofcollection.TestFile.reloadProof(TestFile.java:314)
Caused by: de.uka.ilkd.key.proof.io.ProblemLoaderException: Error loading proof.
Line 227, goal 136, rule One Step Simplification not available or not applicable in this context.
	at de.uka.ilkd.key.proof.io.IntermediateProofReplayer.reportError(IntermediateProofReplayer.java:782)
Caused by: de.uka.ilkd.key.proof.io.IntermediateProofReplayer$BuiltInConstructionException: Wrong position information.
	at de.uka.ilkd.key.proof.io.IntermediateProofReplayer.constructBuiltinApp(IntermediateProofReplayer.java:595)
Caused by: java.lang.RuntimeException: No formula nr. 16 in seq. [geq(init_anonOut_idx,Z(0(#)))<<origin(requires @ file LoopContractExamplesAll.java @ line 161) ([])>>,geq(length(anonIn_arr),init_anonOut_idx)<<origin(requires @ file LoopContractExamplesAll.java @ line 161) ([])>>,equals(bsum{i:int}(Z(0(#)),init_anonOut_idx,int::select(anon(anon(heap,allLocs,anonIn_heap<<anonHeapFunction>>),empty,init_anonOut_heap<<anonHeapFunction>>),anonIn_arr,arr(i))),init_anonOut_sum)<<origin(requires @ file LoopContractExamplesAll.java @ line 162) ([])>>,wellFormed(anon(anon(heap,allLocs,anonIn_heap<<anonHeapFunction>>),empty,init_anonOut_heap<<anonHeapFunction>>))<<origin(<none> (implicit)) ([requires @ file LoopContractExamplesAll.java @ line 161, requires @ file LoopContractExamplesAll.java @ line 162, decreases @ file LoopContractExamplesAll.java @ line 165])>>,equals(if-then-else(equals(boolean::select(heap,anonIn_arr,java.lang.Object::<created>),TRUE),boolean::select(heap,anonIn_arr,java.lang.Object::<created>),boolean::select(anonIn_heap<<anonHeapFunction>>,anonIn_arr,java.lang.Object::<created>)),java_lang_Object_created__1<<selectSK>>),or(equals(java_lang_Object_created__1<<selectSK>>,TRUE),equals(boolean::select(init_anonOut_heap<<anonHeapFunction>>,anonIn_arr,java.lang.Object::<created>),TRUE)),measuredByEmpty<<origin(<none> (implicit)) ([requires @ file LoopContractExamplesAll.java @ line 161, requires @ file LoopContractExamplesAll.java @ line 162])>>,equals(anonIn_sum,Z(0(#)))<<origin(requires @ file LoopContractExamplesAll.java @ line 162) ([])>>,geq(length(anonIn_arr),Z(0(#)))<<origin(decreases @ file LoopContractExamplesAll.java @ line 165) ([])>>,wellFormed(anon(heap,allLocs,anonIn_heap<<anonHeapFunction>>))<<origin(<none> (implicit)) ([requires @ file LoopContractExamplesAll.java @ line 161, requires @ file LoopContractExamplesAll.java @ line 162, decreases @ file LoopContractExamplesAll.java @ line 165])>>,or(equals(boolean::select(heap,anonIn_arr,java.lang.Object::<created>),TRUE),equals(boolean::select(anonIn_heap<<anonHeapFunction>>,anonIn_arr,java.lang.Object::<created>),TRUE))<<origin(<none> (implicit)) ([requires @ file LoopContractExamplesAll.java @ line 161, requires @ file LoopContractExamplesAll.java @ line 162, decreases @ file LoopContractExamplesAll.java @ line 165])>>,wellFormed(heap),wellFormed(anonIn_heap<<anonHeapFunction>>)]==>[equals(anonIn_arr,null)<<origin(requires @ file LoopContractExamplesAll.java @ line 161) ([])>>,update-application(elem-update(i_1)(length(arr_1<<origin(<none> (implicit)) ([ensures @ file LoopContractExamplesAll.java @ line 163, requires @ file LoopContractExamplesAll.java @ line 161, requires @ file LoopContractExamplesAll.java @ line 162, decreases @ file LoopContractExamplesAll.java @ line 165, assignable @ file LoopContractExamplesAll.java @ line 164])>>))<<origin(<none> (implicit)) ([ensures @ file LoopContractExamplesAll.java @ line 163, requires @ file LoopContractExamplesAll.java @ line 161, requires @ file LoopContractExamplesAll.java @ line 162, decreases @ file LoopContractExamplesAll.java @ line 165, assignable @ file LoopContractExamplesAll.java @ line 164])>>,\<{
  method-frame (
    source=sum_loopContract_onBlock(int[])@LoopContractExamplesAll
  ) {
    breakOut:
    try {
      cond = i < i_1;
    } catch (java.lang.Throwable e#28) {
      exc_0_1 = e#28;
    }
  }
}\> (and(and(imp(not(equals(exc_0_1,null)),and(and(equals(exc_0_1,null),equals(bsum{i:int}(Z(0(#)),length(arr),int::select(heap,arr,arr(i))),sum<<origin(ensures @ file LoopContractExamplesAll.java @ line 163) ([])>>)<<origin(ensures @ file LoopContractExamplesAll.java @ line 163) ([ensures @ file LoopContractExamplesAll.java @ line 163])>>)<<origin(ensures @ file LoopContractExamplesAll.java @ line 163) ([ensures @ file LoopContractExamplesAll.java @ line 163])>>,all{f:Field}(all{o:java.lang.Object}(or(and(not(equals(o,null)),not(equals(boolean::select(heap_Before_BLOCK_0,o,java.lang.Object::<created>),TRUE))),equals(any::select(heap_Before_BLOCK_0,o,f),any::select(heap,o,f))))))<<origin(ensures @ file LoopContractExamplesAll.java @ line 163) ([ensures @ file LoopContractExamplesAll.java @ line 163])>>)<<origin(ensures @ file LoopContractExamplesAll.java @ line 163) ([ensures @ file LoopContractExamplesAll.java @ line 163])>>,imp(and(equals(exc_0_1,null),not(equals(cond,TRUE))),update-application(elem-update(exc_0_1)(null)<<origin(ensures @ file LoopContractExamplesAll.java @ line 163) ([])>>,\<{
  method-frame (
    source=sum_loopContract_onBlock(int[])@LoopContractExamplesAll
  ) {
    breakOut:
    try {} catch (java.lang.Throwable e#28) {
      exc_0_1 = e#28;
    }
  }
}\> (and(and(equals(exc_0_1,null),equals(bsum{i:int}(Z(0(#)),length(arr),int::select(heap,arr,arr(i))),sum<<origin(ensures @ file LoopContractExamplesAll.java @ line 163) ([])>>)<<origin(ensures @ file LoopContractExamplesAll.java @ line 163) ([ensures @ file LoopContractExamplesAll.java @ line 163])>>)<<origin(ensures @ file LoopContractExamplesAll.java @ line 163) ([ensures @ file LoopContractExamplesAll.java @ line 163])>>,all{f:Field}(all{o:java.lang.Object}(or(and(not(equals(o,null)),not(equals(boolean::select(heap_Before_BLOCK_0,o,java.lang.Object::<created>),TRUE))),equals(any::select(heap_Before_BLOCK_0,o,f),any::select(heap,o,f))))))<<origin(ensures @ file LoopContractExamplesAll.java @ line 163) ([ensures @ file LoopContractExamplesAll.java @ line 163])>>)<<origin(ensures @ file LoopContractExamplesAll.java @ line 163) ([ensures @ file LoopContractExamplesAll.java @ line 163])>>)<<origin(ensures @ file LoopContractExamplesAll.java @ line 163) ([ensures @ file LoopContractExamplesAll.java @ line 163])>>)<<origin(ensures @ file LoopContractExamplesAll.java @ line 163) ([ensures @ file LoopContractExamplesAll.java @ line 163])>>)<<origin(ensures @ file LoopContractExamplesAll.java @ line 163) ([ensures @ file LoopContractExamplesAll.java @ line 163])>>,imp(and(equals(exc_0_1,null),equals(cond,TRUE)),update-application(elem-update(exc_0_1)(null),\<{
  method-frame (
    source=sum_loopContract_onBlock(int[])@LoopContractExamplesAll
  ) {
    breakOut:
    try {
      continueLoop:
      {
        el = arr_1[idx];
        {
          sum += el;
        }
      }
      {
        idx++;
      }
    } catch (java.lang.Throwable e#28) {
      exc_0_1 = e#28;
    }
  }
}\> (and(imp(not(equals(exc_0_1,null)),and(and(equals(exc_0_1,null),equals(bsum{i:int}(Z(0(#)),length(arr),int::select(heap,arr,arr(i))),sum<<origin(ensures @ file LoopContractExamplesAll.java @ line 163) ([])>>)<<origin(ensures @ file LoopContractExamplesAll.java @ line 163) ([ensures @ file LoopContractExamplesAll.java @ line 163])>>)<<origin(ensures @ file LoopContractExamplesAll.java @ line 163) ([ensures @ file LoopContractExamplesAll.java @ line 163])>>,all{f:Field}(all{o:java.lang.Object}(or(and(not(equals(o,null)),not(equals(boolean::select(heap_Before_BLOCK_0,o,java.lang.Object::<created>),TRUE))),equals(any::select(heap_Before_BLOCK_0,o,f),any::select(heap,o,f))))))<<origin(ensures @ file LoopContractExamplesAll.java @ line 163) ([ensures @ file LoopContractExamplesAll.java @ line 163])>>)<<origin(ensures @ file LoopContractExamplesAll.java @ line 163) ([ensures @ file LoopContractExamplesAll.java @ line 163])>>,imp(equals(exc_0_1,null),and(and(and(and(and(and(measuredByEmpty,and(and(and(not(equals(arr,null)),geq(idx,Z(0(#))))<<SC>>,geq(length(arr),idx))<<SC, origin(requires @ file LoopContractExamplesAll.java @ line 161) ([])>>,equals(bsum{i:int}(Z(0(#)),idx,int::select(heap,arr,arr(i))),sum<<origin(requires @ file LoopContractExamplesAll.java @ line 162) ([])>>)<<origin(requires @ file LoopContractExamplesAll.java @ line 162) ([requires @ file LoopContractExamplesAll.java @ line 162])>>)<<SC, origin(<none> (implicit)) ([requires @ file LoopContractExamplesAll.java @ line 161, requires @ file LoopContractExamplesAll.java @ line 162])>>)<<origin(<none> (implicit)) ([requires @ file LoopContractExamplesAll.java @ line 161, requires @ file LoopContractExamplesAll.java @ line 162])>>,geq(length(arr),idx)<<origin(decreases @ file LoopContractExamplesAll.java @ line 165) ([])>>)<<origin(<none> (implicit)) ([requires @ file LoopContractExamplesAll.java @ line 161, requires @ file LoopContractExamplesAll.java @ line 162, decreases @ file LoopContractExamplesAll.java @ line 165])>>,wellFormed(heap))<<origin(<none> (implicit)) ([requires @ file LoopContractExamplesAll.java @ line 161, requires @ file LoopContractExamplesAll.java @ line 162, decreases @ file LoopContractExamplesAll.java @ line 165])>>,or(equals(arr_1,null),equals(boolean::select(heap,arr_1,java.lang.Object::<created>),TRUE))<<SC>>)<<origin(<none> (implicit)) ([requires @ file LoopContractExamplesAll.java @ line 161, requires @ file LoopContractExamplesAll.java @ line 162, decreases @ file LoopContractExamplesAll.java @ line 165])>>,leq(idx#25_Before_BLOCK#26_0<<origin(decreases @ file LoopContractExamplesAll.java @ line 165) ([])>>,add(Z(neglit(1(#))),idx))<<origin(decreases @ file LoopContractExamplesAll.java @ line 165) ([decreases @ file LoopContractExamplesAll.java @ line 165])>>)<<origin(<none> (implicit)) ([requires @ file LoopContractExamplesAll.java @ line 161, requires @ file LoopContractExamplesAll.java @ line 162, decreases @ file LoopContractExamplesAll.java @ line 165])>>,and(imp(not(equals(exc_0_1,null))<<origin(assignable @ file LoopContractExamplesAll.java @ line 164) ([])>>,imp(and(and(equals(exc_0_1,null)<<origin(assignable @ file LoopContractExamplesAll.java @ line 164) ([])>>,equals(bsum{i:int}(Z(0(#)),length(arr),int::select(anon(heap,empty,anonOut_heap_0<<anonHeapFunction>>),arr<<origin(assignable @ file LoopContractExamplesAll.java @ line 164) ([])>>,arr(i))),anonOut_sum_0)<<origin(<none> (implicit)) ([assignable @ file LoopContractExamplesAll.java @ line 164])>>)<<origin(<none> (implicit)) ([assignable @ file LoopContractExamplesAll.java @ line 164])>>,all{f:Field}(all{o:java.lang.Object}(or(and(not(equals(o,null)),not(equals(boolean::select(heap,o,java.lang.Object::<created>),TRUE)))<<origin(assignable @ file LoopContractExamplesAll.java @ line 164) ([])>>,equals(any::select(anon(heap,empty,anonOut_heap_0<<anonHeapFunction>>),o,f),any::select(heap,o,f))<<origin(assignable @ file LoopContractExamplesAll.java @ line 164) ([])>>)<<origin(assignable @ file LoopContractExamplesAll.java @ line 164) ([assignable @ file LoopContractExamplesAll.java @ line 164])>>)<<origin(assignable @ file LoopContractExamplesAll.java @ line 164) ([assignable @ file LoopContractExamplesAll.java @ line 164])>>)<<origin(assignable @ file LoopContractExamplesAll.java @ line 164) ([assignable @ file LoopContractExamplesAll.java @ line 164])>>)<<origin(<none> (implicit)) ([assignable @ file LoopContractExamplesAll.java @ line 164])>>,and(and(equals(exc_0_1,null)<<origin(assignable @ file LoopContractExamplesAll.java @ line 164) ([])>>,equals(bsum{i:int}(Z(0(#)),length(arr),int::select(anon(heap,empty,anonOut_heap_0<<anonHeapFunction>>),arr<<origin(assignable @ file LoopContractExamplesAll.java @ line 164) ([])>>,arr(i))),anonOut_sum_0)<<origin(<none> (implicit)) ([assignable @ file LoopContractExamplesAll.java @ line 164])>>)<<origin(<none> (implicit)) ([assignable @ file LoopContractExamplesAll.java @ line 164])>>,all{f:Field}(all{o:java.lang.Object}(or(and(not(equals(o,null)),not(equals(boolean::select(heap_Before_BLOCK_0,o,java.lang.Object::<created>),TRUE)))<<origin(assignable @ file LoopContractExamplesAll.java @ line 164) ([])>>,equals(any::select(anon(heap,empty,anonOut_heap_0<<anonHeapFunction>>),o,f),any::select(heap_Before_BLOCK_0,o,f))<<origin(assignable @ file LoopContractExamplesAll.java @ line 164) ([])>>)<<origin(assignable @ file LoopContractExamplesAll.java @ line 164) ([assignable @ file LoopContractExamplesAll.java @ line 164])>>)<<origin(assignable @ file LoopContractExamplesAll.java @ line 164) ([assignable @ file LoopContractExamplesAll.java @ line 164])>>)<<origin(assignable @ file LoopContractExamplesAll.java @ line 164) ([assignable @ file LoopContractExamplesAll.java @ line 164])>>)<<origin(<none> (implicit)) ([assignable @ file LoopContractExamplesAll.java @ line 164])>>)<<origin(<none> (implicit)) ([assignable @ file LoopContractExamplesAll.java @ line 164])>>)<<origin(<none> (implicit)) ([assignable @ file LoopContractExamplesAll.java @ line 164])>>,imp(equals(exc_0_1,null)<<origin(assignable @ file LoopContractExamplesAll.java @ line 164) ([])>>,update-application(parallel-upd(parallel-upd(elem-update(heap_Before_BLOCK_0_NEXT)(heap),parallel-upd(elem-update(sum)(anonOut_sum_0),elem-update(heap)(anon(heap,empty,anonOut_heap_0<<anonHeapFunction>>))<<origin(assignable @ file LoopContractExamplesAll.java @ line 164) ([])>>)<<origin(assignable @ file LoopContractExamplesAll.java @ line 164) ([assignable @ file LoopContractExamplesAll.java @ line 164])>>)<<origin(<none> (implicit)) ([assignable @ file LoopContractExamplesAll.java @ line 164])>>,elem-update(exc_0_1)(null)<<origin(ensures @ file LoopContractExamplesAll.java @ line 163) ([])>>)<<origin(<none> (implicit)) ([assignable @ file LoopContractExamplesAll.java @ line 164, ensures @ file LoopContractExamplesAll.java @ line 163])>>,\<{
  method-frame (
    source=sum_loopContract_onBlock(int[])@LoopContractExamplesAll
  ) {
    breakOut:
    try {} catch (java.lang.Throwable e#28) {
      exc_0_1 = e#28;
    }
  }
}\> (imp(and(and(equals(exc_0_1,null),equals(bsum{i:int}(Z(0(#)),length(arr),int::select(heap,arr,arr(i))),sum<<origin(ensures @ file LoopContractExamplesAll.java @ line 163) ([])>>)<<origin(ensures @ file LoopContractExamplesAll.java @ line 163) ([ensures @ file LoopContractExamplesAll.java @ line 163])>>)<<origin(ensures @ file LoopContractExamplesAll.java @ line 163) ([ensures @ file LoopContractExamplesAll.java @ line 163])>>,all{f:Field}(all{o:java.lang.Object}(or(and(not(equals(o,null)),not(equals(boolean::select(heap_Before_BLOCK_0_NEXT,o,java.lang.Object::<created>),TRUE))),equals(any::select(heap_Before_BLOCK_0_NEXT,o,f),any::select(heap,o,f))))))<<origin(ensures @ file LoopContractExamplesAll.java @ line 163) ([ensures @ file LoopContractExamplesAll.java @ line 163])>>,and(and(equals(exc_0_1,null),equals(bsum{i:int}(Z(0(#)),length(arr),int::select(heap,arr,arr(i))),sum<<origin(ensures @ file LoopContractExamplesAll.java @ line 163) ([])>>)<<origin(ensures @ file LoopContractExamplesAll.java @ line 163) ([ensures @ file LoopContractExamplesAll.java @ line 163])>>)<<origin(ensures @ file LoopContractExamplesAll.java @ line 163) ([ensures @ file LoopContractExamplesAll.java @ line 163])>>,all{f:Field}(all{o:java.lang.Object}(or(and(not(equals(o,null)),not(equals(boolean::select(heap_Before_BLOCK_0,o,java.lang.Object::<created>),TRUE))),equals(any::select(heap_Before_BLOCK_0,o,f),any::select(heap,o,f))))))<<origin(ensures @ file LoopContractExamplesAll.java @ line 163) ([ensures @ file LoopContractExamplesAll.java @ line 163])>>)<<origin(ensures @ file LoopContractExamplesAll.java @ line 163) ([ensures @ file LoopContractExamplesAll.java @ line 163])>>)<<origin(ensures @ file LoopContractExamplesAll.java @ line 163) ([ensures @ file LoopContractExamplesAll.java @ line 163])>>)<<origin(<none> (implicit)) ([assignable @ file LoopContractExamplesAll.java @ line 164, ensures @ file LoopContractExamplesAll.java @ line 163])>>)<<origin(<none> (implicit)) ([assignable @ file LoopContractExamplesAll.java @ line 164, ensures @ file LoopContractExamplesAll.java @ line 163])>>)<<origin(<none> (implicit)) ([assignable @ file LoopContractExamplesAll.java @ line 164, ensures @ file LoopContractExamplesAll.java @ line 163])>>)<<origin(<none> (implicit)) ([requires @ file LoopContractExamplesAll.java @ line 161, requires @ file LoopContractExamplesAll.java @ line 162, decreases @ file LoopContractExamplesAll.java @ line 165, assignable @ file LoopContractExamplesAll.java @ line 164, ensures @ file LoopContractExamplesAll.java @ line 163])>>)<<origin(<none> (implicit)) ([requires @ file LoopContractExamplesAll.java @ line 161, requires @ file LoopContractExamplesAll.java @ line 162, decreases @ file LoopContractExamplesAll.java @ line 165, assignable @ file LoopContractExamplesAll.java @ line 164, ensures @ file LoopContractExamplesAll.java @ line 163])>>)<<origin(<none> (implicit)) ([ensures @ file LoopContractExamplesAll.java @ line 163, requires @ file LoopContractExamplesAll.java @ line 161, requires @ file LoopContractExamplesAll.java @ line 162, decreases @ file LoopContractExamplesAll.java @ line 165, assignable @ file LoopContractExamplesAll.java @ line 164])>>)<<origin(<none> (implicit)) ([ensures @ file LoopContractExamplesAll.java @ line 163, requires @ file LoopContractExamplesAll.java @ line 161, requires @ file LoopContractExamplesAll.java @ line 162, decreases @ file LoopContractExamplesAll.java @ line 165, assignable @ file LoopContractExamplesAll.java @ line 164])>>)<<origin(<none> (implicit)) ([ensures @ file LoopContractExamplesAll.java @ line 163, requires @ file LoopContractExamplesAll.java @ line 161, requires @ file LoopContractExamplesAll.java @ line 162, decreases @ file LoopContractExamplesAll.java @ line 165, assignable @ file LoopContractExamplesAll.java @ line 164])>>)<<origin(<none> (implicit)) ([ensures @ file LoopContractExamplesAll.java @ line 163, requires @ file LoopContractExamplesAll.java @ line 161, requires @ file LoopContractExamplesAll.java @ line 162, decreases @ file LoopContractExamplesAll.java @ line 165, assignable @ file LoopContractExamplesAll.java @ line 164])>>)<<origin(<none> (implicit)) ([ensures @ file LoopContractExamplesAll.java @ line 163, requires @ file LoopContractExamplesAll.java @ line 161, requires @ file LoopContractExamplesAll.java @ line 162, decreases @ file LoopContractExamplesAll.java @ line 165, assignable @ file LoopContractExamplesAll.java @ line 164])>>)<<origin(<none> (implicit)) ([ensures @ file LoopContractExamplesAll.java @ line 163, requires @ file LoopContractExamplesAll.java @ line 161, requires @ file LoopContractExamplesAll.java @ line 162, decreases @ file LoopContractExamplesAll.java @ line 165, assignable @ file LoopContractExamplesAll.java @ line 164])>>)<<origin(<none> (implicit)) ([ensures @ file LoopContractExamplesAll.java @ line 163, requires @ file LoopContractExamplesAll.java @ line 161, requires @ file LoopContractExamplesAll.java @ line 162, decreases @ file LoopContractExamplesAll.java @ line 165, assignable @ file LoopContractExamplesAll.java @ line 164])>>]
	at de.uka.ilkd.key.logic.Sequent.getFormulabyNr(Sequent.java:291)

98572      WARN  main            d.u.i.k.p.r.p.ForkedTestFileRunner Run failed java.lang.Exception: Exception while loading proof (see cause for details): /home/runner/work/key/key/key.core/../key.ui/examples/heap/block_loop_contracts/SimpleVariants/sum_onBlock_loop.key.proof
	at de.uka.ilkd.key.proof.runallproofs.proofcollection.TestFile.reloadProof(TestFile.java:314)
Caused by: de.uka.ilkd.key.proof.io.ProblemLoaderException: Error loading proof.
Line 227, goal 136, rule One Step Simplification not available or not applicable in this context.
	at de.uka.ilkd.key.proof.io.IntermediateProofReplayer.reportError(IntermediateProofReplayer.java:782)
Caused by: de.uka.ilkd.key.proof.io.IntermediateProofReplayer$BuiltInConstructionException: Wrong position information.
	at de.uka.ilkd.key.proof.io.IntermediateProofReplayer.constructBuiltinApp(IntermediateProofReplayer.java:595)
Caused by: java.lang.RuntimeException: No formula nr. 16 in seq. [geq(init_anonOut_idx,Z(0(#)))<<origin(requires @ file LoopContractExamplesAll.java @ line 161) ([])>>,geq(length(anonIn_arr),init_anonOut_idx)<<origin(requires @ file LoopContractExamplesAll.java @ line 161) ([])>>,equals(bsum{i:int}(Z(0(#)),init_anonOut_idx,int::select(anon(anon(heap,allLocs,anonIn_heap<<anonHeapFunction>>),empty,init_anonOut_heap<<anonHeapFunction>>),anonIn_arr,arr(i))),init_anonOut_sum)<<origin(requires @ file LoopContractExamplesAll.java @ line 162) ([])>>,wellFormed(anon(anon(heap,allLocs,anonIn_heap<<anonHeapFunction>>),empty,init_anonOut_heap<<anonHeapFunction>>))<<origin(<none> (implicit)) ([requires @ file LoopContractExamplesAll.java @ line 161, requires @ file LoopContractExamplesAll.java @ line 162, decreases @ file LoopContractExamplesAll.java @ line 165])>>,equals(if-then-else(equals(boolean::select(heap,anonIn_arr,java.lang.Object::<created>),TRUE),boolean::select(heap,anonIn_arr,java.lang.Object::<created>),boolean::select(anonIn_heap<<anonHeapFunction>>,anonIn_arr,java.lang.Object::<created>)),java_lang_Object_created__1<<selectSK>>),or(equals(java_lang_Object_created__1<<selectSK>>,TRUE),equals(boolean::select(init_anonOut_heap<<anonHeapFunction>>,anonIn_arr,java.lang.Object::<created>),TRUE)),measuredByEmpty<<origin(<none> (implicit)) ([requires @ file LoopContractExamplesAll.java @ line 161, requires @ file LoopContractExamplesAll.java @ line 162])>>,equals(anonIn_sum,Z(0(#)))<<origin(requires @ file LoopContractExamplesAll.java @ line 162) ([])>>,geq(length(anonIn_arr),Z(0(#)))<<origin(decreases @ file LoopContractExamplesAll.java @ line 165) ([])>>,wellFormed(anon(heap,allLocs,anonIn_heap<<anonHeapFunction>>))<<origin(<none> (implicit)) ([requires @ file LoopContractExamplesAll.java @ line 161, requires @ file LoopContractExamplesAll.java @ line 162, decreases @ file LoopContractExamplesAll.java @ line 165])>>,or(equals(boolean::select(heap,anonIn_arr,java.lang.Object::<created>),TRUE),equals(boolean::select(anonIn_heap<<anonHeapFunction>>,anonIn_arr,java.lang.Object::<created>),TRUE))<<origin(<none> (implicit)) ([requires @ file LoopContractExamplesAll.java @ line 161, requires @ file LoopContractExamplesAll.java @ line 162, decreases @ file LoopContractExamplesAll.java @ line 165])>>,wellFormed(heap),wellFormed(anonIn_heap<<anonHeapFunction>>)]==>[equals(anonIn_arr,null)<<origin(requires @ file LoopContractExamplesAll.java @ line 161) ([])>>,update-application(elem-update(i_1)(length(arr_1<<origin(<none> (implicit)) ([ensures @ file LoopContractExamplesAll.java @ line 163, requires @ file LoopContractExamplesAll.java @ line 161, requires @ file LoopContractExamplesAll.java @ line 162, decreases @ file LoopContractExamplesAll.java @ line 165, assignable @ file LoopContractExamplesAll.java @ line 164])>>))<<origin(<none> (implicit)) ([ensures @ file LoopContractExamplesAll.java @ line 163, requires @ file LoopContractExamplesAll.java @ line 161, requires @ file LoopContractExamplesAll.java @ line 162, decreases @ file LoopContractExamplesAll.java @ line 165, assignable @ file LoopContractExamplesAll.java @ line 164])>>,\<{
  method-frame (
    source=sum_loopContract_onBlock(int[])@LoopContractExamplesAll
  ) {
    breakOut:
    try {
      cond = i < i_1;
    } catch (java.lang.Throwable e#28) {
      exc_0_1 = e#28;
    }
  }
}\> (and(and(imp(not(equals(exc_0_1,null)),and(and(equals(exc_0_1,null),equals(bsum{i:int}(Z(0(#)),length(arr),int::select(heap,arr,arr(i))),sum<<origin(ensures @ file LoopContractExamplesAll.java @ line 163) ([])>>)<<origin(ensures @ file LoopContractExamplesAll.java @ line 163) ([ensures @ file LoopContractExamplesAll.java @ line 163])>>)<<origin(ensures @ file LoopContractExamplesAll.java @ line 163) ([ensures @ file LoopContractExamplesAll.java @ line 163])>>,all{f:Field}(all{o:java.lang.Object}(or(and(not(equals(o,null)),not(equals(boolean::select(heap_Before_BLOCK_0,o,java.lang.Object::<created>),TRUE))),equals(any::select(heap_Before_BLOCK_0,o,f),any::select(heap,o,f))))))<<origin(ensures @ file LoopContractExamplesAll.java @ line 163) ([ensures @ file LoopContractExamplesAll.java @ line 163])>>)<<origin(ensures @ file LoopContractExamplesAll.java @ line 163) ([ensures @ file LoopContractExamplesAll.java @ line 163])>>,imp(and(equals(exc_0_1,null),not(equals(cond,TRUE))),update-application(elem-update(exc_0_1)(null)<<origin(ensures @ file LoopContractExamplesAll.java @ line 163) ([])>>,\<{
  method-frame (
    source=sum_loopContract_onBlock(int[])@LoopContractExamplesAll
  ) {
    breakOut:
    try {} catch (java.lang.Throwable e#28) {
      exc_0_1 = e#28;
    }
  }
}\> (and(and(equals(exc_0_1,null),equals(bsum{i:int}(Z(0(#)),length(arr),int::select(heap,arr,arr(i))),sum<<origin(ensures @ file LoopContractExamplesAll.java @ line 163) ([])>>)<<origin(ensures @ file LoopContractExamplesAll.java @ line 163) ([ensures @ file LoopContractExamplesAll.java @ line 163])>>)<<origin(ensures @ file LoopContractExamplesAll.java @ line 163) ([ensures @ file LoopContractExamplesAll.java @ line 163])>>,all{f:Field}(all{o:java.lang.Object}(or(and(not(equals(o,null)),not(equals(boolean::select(heap_Before_BLOCK_0,o,java.lang.Object::<created>),TRUE))),equals(any::select(heap_Before_BLOCK_0,o,f),any::select(heap,o,f))))))<<origin(ensures @ file LoopContractExamplesAll.java @ line 163) ([ensures @ file LoopContractExamplesAll.java @ line 163])>>)<<origin(ensures @ file LoopContractExamplesAll.java @ line 163) ([ensures @ file LoopContractExamplesAll.java @ line 163])>>)<<origin(ensures @ file LoopContractExamplesAll.java @ line 163) ([ensures @ file LoopContractExamplesAll.java @ line 163])>>)<<origin(ensures @ file LoopContractExamplesAll.java @ line 163) ([ensures @ file LoopContractExamplesAll.java @ line 163])>>)<<origin(ensures @ file LoopContractExamplesAll.java @ line 163) ([ensures @ file LoopContractExamplesAll.java @ line 163])>>,imp(and(equals(exc_0_1,null),equals(cond,TRUE)),update-application(elem-update(exc_0_1)(null),\<{
  method-frame (
    source=sum_loopContract_onBlock(int[])@LoopContractExamplesAll
  ) {
    breakOut:
    try {
      continueLoop:
      {
        el = arr_1[idx];
        {
          sum += el;
        }
      }
      {
        idx++;
      }
    } catch (java.lang.Throwable e#28) {
      exc_0_1 = e#28;
    }
  }
}\> (and(imp(not(equals(exc_0_1,null)),and(and(equals(exc_0_1,null),equals(bsum{i:int}(Z(0(#)),length(arr),int::select(heap,arr,arr(i))),sum<<origin(ensures @ file LoopContractExamplesAll.java @ line 163) ([])>>)<<origin(ensures @ file LoopContractExamplesAll.java @ line 163) ([ensures @ file LoopContractExamplesAll.java @ line 163])>>)<<origin(ensures @ file LoopContractExamplesAll.java @ line 163) ([ensures @ file LoopContractExamplesAll.java @ line 163])>>,all{f:Field}(all{o:java.lang.Object}(or(and(not(equals(o,null)),not(equals(boolean::select(heap_Before_BLOCK_0,o,java.lang.Object::<created>),TRUE))),equals(any::select(heap_Before_BLOCK_0,o,f),any::select(heap,o,f))))))<<origin(ensures @ file LoopContractExamplesAll.java @ line 163) ([ensures @ file LoopContractExamplesAll.java @ line 163])>>)<<origin(ensures @ file LoopContractExamplesAll.java @ line 163) ([ensures @ file LoopContractExamplesAll.java @ line 163])>>,imp(equals(exc_0_1,null),and(and(and(and(and(and(measuredByEmpty,and(and(and(not(equals(arr,null)),geq(idx,Z(0(#))))<<SC>>,geq(length(arr),idx))<<SC, origin(requires @ file LoopContractExamplesAll.java @ line 161) ([])>>,equals(bsum{i:int}(Z(0(#)),idx,int::select(heap,arr,arr(i))),sum<<origin(requires @ file LoopContractExamplesAll.java @ line 162) ([])>>)<<origin(requires @ file LoopContractExamplesAll.java @ line 162) ([requires @ file LoopContractExamplesAll.java @ line 162])>>)<<SC, origin(<none> (implicit)) ([requires @ file LoopContractExamplesAll.java @ line 161, requires @ file LoopContractExamplesAll.java @ line 162])>>)<<origin(<none> (implicit)) ([requires @ file LoopContractExamplesAll.java @ line 161, requires @ file LoopContractExamplesAll.java @ line 162])>>,geq(length(arr),idx)<<origin(decreases @ file LoopContractExamplesAll.java @ line 165) ([])>>)<<origin(<none> (implicit)) ([requires @ file LoopContractExamplesAll.java @ line 161, requires @ file LoopContractExamplesAll.java @ line 162, decreases @ file LoopContractExamplesAll.java @ line 165])>>,wellFormed(heap))<<origin(<none> (implicit)) ([requires @ file LoopContractExamplesAll.java @ line 161, requires @ file LoopContractExamplesAll.java @ line 162, decreases @ file LoopContractExamplesAll.java @ line 165])>>,or(equals(arr_1,null),equals(boolean::select(heap,arr_1,java.lang.Object::<created>),TRUE))<<SC>>)<<origin(<none> (implicit)) ([requires @ file LoopContractExamplesAll.java @ line 161, requires @ file LoopContractExamplesAll.java @ line 162, decreases @ file LoopContractExamplesAll.java @ line 165])>>,leq(idx#25_Before_BLOCK#26_0<<origin(decreases @ file LoopContractExamplesAll.java @ line 165) ([])>>,add(Z(neglit(1(#))),idx))<<origin(decreases @ file LoopContractExamplesAll.java @ line 165) ([decreases @ file LoopContractExamplesAll.java @ line 165])>>)<<origin(<none> (implicit)) ([requires @ file LoopContractExamplesAll.java @ line 161, requires @ file LoopContractExamplesAll.java @ line 162, decreases @ file LoopContractExamplesAll.java @ line 165])>>,and(imp(not(equals(exc_0_1,null))<<origin(assignable @ file LoopContractExamplesAll.java @ line 164) ([])>>,imp(and(and(equals(exc_0_1,null)<<origin(assignable @ file LoopContractExamplesAll.java @ line 164) ([])>>,equals(bsum{i:int}(Z(0(#)),length(arr),int::select(anon(heap,empty,anonOut_heap_0<<anonHeapFunction>>),arr<<origin(assignable @ file LoopContractExamplesAll.java @ line 164) ([])>>,arr(i))),anonOut_sum_0)<<origin(<none> (implicit)) ([assignable @ file LoopContractExamplesAll.java @ line 164])>>)<<origin(<none> (implicit)) ([assignable @ file LoopContractExamplesAll.java @ line 164])>>,all{f:Field}(all{o:java.lang.Object}(or(and(not(equals(o,null)),not(equals(boolean::select(heap,o,java.lang.Object::<created>),TRUE)))<<origin(assignable @ file LoopContractExamplesAll.java @ line 164) ([])>>,equals(any::select(anon(heap,empty,anonOut_heap_0<<anonHeapFunction>>),o,f),any::select(heap,o,f))<<origin(assignable @ file LoopContractExamplesAll.java @ line 164) ([])>>)<<origin(assignable @ file LoopContractExamplesAll.java @ line 164) ([assignable @ file LoopContractExamplesAll.java @ line 164])>>)<<origin(assignable @ file LoopContractExamplesAll.java @ line 164) ([assignable @ file LoopContractExamplesAll.java @ line 164])>>)<<origin(assignable @ file LoopContractExamplesAll.java @ line 164) ([assignable @ file LoopContractExamplesAll.java @ line 164])>>)<<origin(<none> (implicit)) ([assignable @ file LoopContractExamplesAll.java @ line 164])>>,and(and(equals(exc_0_1,null)<<origin(assignable @ file LoopContractExamplesAll.java @ line 164) ([])>>,equals(bsum{i:int}(Z(0(#)),length(arr),int::select(anon(heap,empty,anonOut_heap_0<<anonHeapFunction>>),arr<<origin(assignable @ file LoopContractExamplesAll.java @ line 164) ([])>>,arr(i))),anonOut_sum_0)<<origin(<none> (implicit)) ([assignable @ file LoopContractExamplesAll.java @ line 164])>>)<<origin(<none> (implicit)) ([assignable @ file LoopContractExamplesAll.java @ line 164])>>,all{f:Field}(all{o:java.lang.Object}(or(and(not(equals(o,null)),not(equals(boolean::select(heap_Before_BLOCK_0,o,java.lang.Object::<created>),TRUE)))<<origin(assignable @ file LoopContractExamplesAll.java @ line 164) ([])>>,equals(any::select(anon(heap,empty,anonOut_heap_0<<anonHeapFunction>>),o,f),any::select(heap_Before_BLOCK_0,o,f))<<origin(assignable @ file LoopContractExamplesAll.java @ line 164) ([])>>)<<origin(assignable @ file LoopContractExamplesAll.java @ line 164) ([assignable @ file LoopContractExamplesAll.java @ line 164])>>)<<origin(assignable @ file LoopContractExamplesAll.java @ line 164) ([assignable @ file LoopContractExamplesAll.java @ line 164])>>)<<origin(assignable @ file LoopContractExamplesAll.java @ line 164) ([assignable @ file LoopContractExamplesAll.java @ line 164])>>)<<origin(<none> (implicit)) ([assignable @ file LoopContractExamplesAll.java @ line 164])>>)<<origin(<none> (implicit)) ([assignable @ file LoopContractExamplesAll.java @ line 164])>>)<<origin(<none> (implicit)) ([assignable @ file LoopContractExamplesAll.java @ line 164])>>,imp(equals(exc_0_1,null)<<origin(assignable @ file LoopContractExamplesAll.java @ line 164) ([])>>,update-application(parallel-upd(parallel-upd(elem-update(heap_Before_BLOCK_0_NEXT)(heap),parallel-upd(elem-update(sum)(anonOut_sum_0),elem-update(heap)(anon(heap,empty,anonOut_heap_0<<anonHeapFunction>>))<<origin(assignable @ file LoopContractExamplesAll.java @ line 164) ([])>>)<<origin(assignable @ file LoopContractExamplesAll.java @ line 164) ([assignable @ file LoopContractExamplesAll.java @ line 164])>>)<<origin(<none> (implicit)) ([assignable @ file LoopContractExamplesAll.java @ line 164])>>,elem-update(exc_0_1)(null)<<origin(ensures @ file LoopContractExamplesAll.java @ line 163) ([])>>)<<origin(<none> (implicit)) ([assignable @ file LoopContractExamplesAll.java @ line 164, ensures @ file LoopContractExamplesAll.java @ line 163])>>,\<{
  method-frame (
    source=sum_loopContract_onBlock(int[])@LoopContractExamplesAll
  ) {
    breakOut:
    try {} catch (java.lang.Throwable e#28) {
      exc_0_1 = e#28;
    }
  }
}\> (imp(and(and(equals(exc_0_1,null),equals(bsum{i:int}(Z(0(#)),length(arr),int::select(heap,arr,arr(i))),sum<<origin(ensures @ file LoopContractExamplesAll.java @ line 163) ([])>>)<<origin(ensures @ file LoopContractExamplesAll.java @ line 163) ([ensures @ file LoopContractExamplesAll.java @ line 163])>>)<<origin(ensures @ file LoopContractExamplesAll.java @ line 163) ([ensures @ file LoopContractExamplesAll.java @ line 163])>>,all{f:Field}(all{o:java.lang.Object}(or(and(not(equals(o,null)),not(equals(boolean::select(heap_Before_BLOCK_0_NEXT,o,java.lang.Object::<created>),TRUE))),equals(any::select(heap_Before_BLOCK_0_NEXT,o,f),any::select(heap,o,f))))))<<origin(ensures @ file LoopContractExamplesAll.java @ line 163) ([ensures @ file LoopContractExamplesAll.java @ line 163])>>,and(and(equals(exc_0_1,null),equals(bsum{i:int}(Z(0(#)),length(arr),int::select(heap,arr,arr(i))),sum<<origin(ensures @ file LoopContractExamplesAll.java @ line 163) ([])>>)<<origin(ensures @ file LoopContractExamplesAll.java @ line 163) ([ensures @ file LoopContractExamplesAll.java @ line 163])>>)<<origin(ensures @ file LoopContractExamplesAll.java @ line 163) ([ensures @ file LoopContractExamplesAll.java @ line 163])>>,all{f:Field}(all{o:java.lang.Object}(or(and(not(equals(o,null)),not(equals(boolean::select(heap_Before_BLOCK_0,o,java.lang.Object::<created>),TRUE))),equals(any::select(heap_Before_BLOCK_0,o,f),any::select(heap,o,f))))))<<origin(ensures @ file LoopContractExamplesAll.java @ line 163) ([ensures @ file LoopContractExamplesAll.java @ line 163])>>)<<origin(ensures @ file LoopContractExamplesAll.java @ line 163) ([ensures @ file LoopContractExamplesAll.java @ line 163])>>)<<origin(ensures @ file LoopContractExamplesAll.java @ line 163) ([ensures @ file LoopContractExamplesAll.java @ line 163])>>)<<origin(<none> (implicit)) ([assignable @ file LoopContractExamplesAll.java @ line 164, ensures @ file LoopContractExamplesAll.java @ line 163])>>)<<origin(<none> (implicit)) ([assignable @ file LoopContractExamplesAll.java @ line 164, ensures @ file LoopContractExamplesAll.java @ line 163])>>)<<origin(<none> (implicit)) ([assignable @ file LoopContractExamplesAll.java @ line 164, ensures @ file LoopContractExamplesAll.java @ line 163])>>)<<origin(<none> (implicit)) ([requires @ file LoopContractExamplesAll.java @ line 161, requires @ file LoopContractExamplesAll.java @ line 162, decreases @ file LoopContractExamplesAll.java @ line 165, assignable @ file LoopContractExamplesAll.java @ line 164, ensures @ file LoopContractExamplesAll.java @ line 163])>>)<<origin(<none> (implicit)) ([requires @ file LoopContractExamplesAll.java @ line 161, requires @ file LoopContractExamplesAll.java @ line 162, decreases @ file LoopContractExamplesAll.java @ line 165, assignable @ file LoopContractExamplesAll.java @ line 164, ensures @ file LoopContractExamplesAll.java @ line 163])>>)<<origin(<none> (implicit)) ([ensures @ file LoopContractExamplesAll.java @ line 163, requires @ file LoopContractExamplesAll.java @ line 161, requires @ file LoopContractExamplesAll.java @ line 162, decreases @ file LoopContractExamplesAll.java @ line 165, assignable @ file LoopContractExamplesAll.java @ line 164])>>)<<origin(<none> (implicit)) ([ensures @ file LoopContractExamplesAll.java @ line 163, requires @ file LoopContractExamplesAll.java @ line 161, requires @ file LoopContractExamplesAll.java @ line 162, decreases @ file LoopContractExamplesAll.java @ line 165, assignable @ file LoopContractExamplesAll.java @ line 164])>>)<<origin(<none> (implicit)) ([ensures @ file LoopContractExamplesAll.java @ line 163, requires @ file LoopContractExamplesAll.java @ line 161, requires @ file LoopContractExamplesAll.java @ line 162, decreases @ file LoopContractExamplesAll.java @ line 165, assignable @ file LoopContractExamplesAll.java @ line 164])>>)<<origin(<none> (implicit)) ([ensures @ file LoopContractExamplesAll.java @ line 163, requires @ file LoopContractExamplesAll.java @ line 161, requires @ file LoopContractExamplesAll.java @ line 162, decreases @ file LoopContractExamplesAll.java @ line 165, assignable @ file LoopContractExamplesAll.java @ line 164])>>)<<origin(<none> (implicit)) ([ensures @ file LoopContractExamplesAll.java @ line 163, requires @ file LoopContractExamplesAll.java @ line 161, requires @ file LoopContractExamplesAll.java @ line 162, decreases @ file LoopContractExamplesAll.java @ line 165, assignable @ file LoopContractExamplesAll.java @ line 164])>>)<<origin(<none> (implicit)) ([ensures @ file LoopContractExamplesAll.java @ line 163, requires @ file LoopContractExamplesAll.java @ line 161, requires @ file LoopContractExamplesAll.java @ line 162, decreases @ file LoopContractExamplesAll.java @ line 165, assignable @ file LoopContractExamplesAll.java @ line 164])>>)<<origin(<none> (implicit)) ([ensures @ file LoopContractExamplesAll.java @ line 163, requires @ file LoopContractExamplesAll.java @ line 161, requires @ file LoopContractExamplesAll.java @ line 162, decreases @ file LoopContractExamplesAll.java @ line 165, assignable @ file LoopContractExamplesAll.java @ line 164])>>]
	at de.uka.ilkd.key.logic.Sequent.getFormulabyNr(Sequent.java:291)

98574      INFO  main            d.u.i.k.p.r.p.TestFile    Now processing file /home/runner/work/key/key/key.core/../key.ui/examples/heap/block_loop_contracts/SimpleVariants/sum_onLoop_external.key 
98575      INFO  main            d.u.i.k.p.i.AbstractProblemLoader Loading environment from /home/runner/work/key/key/key.core/../key.ui/examples/heap/block_loop_contracts/SimpleVariants/sum_onLoop_external.key 
98575      DEBUG main            d.u.i.k.p.i.AbstractProblemLoader Environment load took 188.2ns 
98576      INFO  main            d.u.i.k.p.i.AbstractProblemLoader Creating init config 
101355     DEBUG main            d.u.i.k.p.i.AbstractProblemLoader Init config took 2.78s 
101408     INFO  main            d.u.i.k.p.i.AbstractProblemLoader Replaying proof LoopContractExamplesAll[LoopContractExamplesAll::sum_loopContract_onLoop([I)].JML normal_behavior operation contract.0 
101409     DEBUG main            d.u.i.k.p.i.IntermediateProofReplayer Proof replay took 10.3ns 
101514     INFO  main            d.u.i.k.p.r.p.TestFile    ... finished proof: closed. 
101754     INFO  main            d.u.i.k.p.i.AbstractProblemLoader Loading environment from /home/runner/work/key/key/key.core/../key.ui/examples/heap/block_loop_contracts/SimpleVariants/sum_onLoop_external.key.proof 
101754     DEBUG main            d.u.i.k.p.i.AbstractProblemLoader Environment load took 101.5ns 
101756     INFO  main            d.u.i.k.p.i.AbstractProblemLoader Creating init config 
104485     DEBUG main            d.u.i.k.p.i.AbstractProblemLoader Init config took 2.73s 
104520     INFO  main            d.u.i.k.p.i.AbstractProblemLoader Replaying proof LoopContractExamplesAll[LoopContractExamplesAll::sum_loopContract_onLoop([I)].JML normal_behavior operation contract.0 
104548     DEBUG main            d.u.i.k.p.i.IntermediateProofReplayer Proof replay took 26.12ms 
104549     DEBUG main            d.u.i.k.p.r.p.TestFile    ... success: reloaded. 
104551     INFO  main            d.u.i.k.p.r.p.TestFile    Now processing file /home/runner/work/key/key/key.core/../key.ui/examples/heap/block_loop_contracts/SimpleVariants/sum_onLoop_internal.key 
104551     INFO  main            d.u.i.k.p.i.AbstractProblemLoader Loading environment from /home/runner/work/key/key/key.core/../key.ui/examples/heap/block_loop_contracts/SimpleVariants/sum_onLoop_internal.key 
104551     DEBUG main            d.u.i.k.p.i.AbstractProblemLoader Environment load took 90.7ns 
104552     INFO  main            d.u.i.k.p.i.AbstractProblemLoader Creating init config 
107286     DEBUG main            d.u.i.k.p.i.AbstractProblemLoader Init config took 2.73s 
107320     INFO  main            d.u.i.k.p.i.AbstractProblemLoader Replaying proof LoopContractExamplesAll[LoopContractExamplesAll::sum_loopContract_onLoop([I)].JML normal_behavior operation contract.0 
107322     DEBUG main            d.u.i.k.p.i.IntermediateProofReplayer Proof replay took 11.2ns 
107926     INFO  main            d.u.i.k.p.r.p.TestFile    ... finished proof: closed. 
108161     INFO  main            d.u.i.k.p.i.AbstractProblemLoader Loading environment from /home/runner/work/key/key/key.core/../key.ui/examples/heap/block_loop_contracts/SimpleVariants/sum_onLoop_internal.key.proof 
108161     DEBUG main            d.u.i.k.p.i.AbstractProblemLoader Environment load took 166.8ns 
108162     INFO  main            d.u.i.k.p.i.AbstractProblemLoader Creating init config 
110876     DEBUG main            d.u.i.k.p.i.AbstractProblemLoader Init config took 2.71s 
110923     INFO  main            d.u.i.k.p.i.AbstractProblemLoader Replaying proof LoopContractExamplesAll[LoopContractExamplesAll::sum_loopContract_onLoop([I)].JML normal_behavior operation contract.0 
111064     DEBUG main            d.u.i.k.p.i.IntermediateProofReplayer Proof replay took 134.46ms 
111069     WARN  main            d.u.i.k.p.r.p.TestFile    Replay exception de.uka.ilkd.key.proof.io.ProblemLoaderException: Error loading proof.
Line 207, goal 116, rule One Step Simplification not available or not applicable in this context.
	at de.uka.ilkd.key.proof.io.IntermediateProofReplayer.reportError(IntermediateProofReplayer.java:782)
Caused by: de.uka.ilkd.key.proof.io.IntermediateProofReplayer$BuiltInConstructionException: Wrong position information.
	at de.uka.ilkd.key.proof.io.IntermediateProofReplayer.constructBuiltinApp(IntermediateProofReplayer.java:595)
Caused by: java.lang.RuntimeException: No formula nr. 10 in seq. [geq(init_anonOut_sum_1,Z(0(#)))<<origin(<none> (implicit)) ([assignable @ file LoopContractExamplesAll.java @ line 142])>>,geq(length(arr),init_anonOut_sum_1)<<origin(<none> (implicit)) ([assignable @ file LoopContractExamplesAll.java @ line 142])>>,equals(bsum{i:int}(Z(0(#)),init_anonOut_sum_1,int::select(anon(heap,empty,init_anonOut_heap<<anonHeapFunction>>),arr<<origin(assignable @ file LoopContractExamplesAll.java @ line 142) ([])>>,arr(i))),init_anonOut_idx)<<origin(<none> (implicit)) ([assignable @ file LoopContractExamplesAll.java @ line 142])>>,wellFormed(anon(heap,empty,init_anonOut_heap<<anonHeapFunction>>))<<origin(assignable @ file LoopContractExamplesAll.java @ line 142) ([])>>,wellFormed(heap)<<origin(requires (implicit)) ([])>>,equals(boolean::select(heap,arr,java.lang.Object::<created>),TRUE)<<origin(requires (implicit)) ([])>>,measuredByEmpty<<origin(requires (implicit)) ([])>>]==>[equals(arr,null)<<origin(requires @ file LoopContractExamplesAll.java @ line 131) ([])>>,update-application(elem-update(i_1)(length(arr_1<<origin(<none> (implicit)) ([ensures @ file LoopContractExamplesAll.java @ line 141, requires @ file LoopContractExamplesAll.java @ line 139, requires @ file LoopContractExamplesAll.java @ line 140, decreases @ file LoopContractExamplesAll.java @ line 143, assignable @ file LoopContractExamplesAll.java @ line 142])>>))<<origin(<none> (implicit)) ([ensures @ file LoopContractExamplesAll.java @ line 141, requires @ file LoopContractExamplesAll.java @ line 139, requires @ file LoopContractExamplesAll.java @ line 140, decreases @ file LoopContractExamplesAll.java @ line 143, assignable @ file LoopContractExamplesAll.java @ line 142])>>,\<{
  method-frame (
    source=sum_loopContract_onLoop(int[])@LoopContractExamplesAll
  ) {
    breakOut:
    try {
      cond = i < i_1;
    } catch (java.lang.Throwable e#28) {
      exc_0_1 = e#28;
    }
  }
}\> (and(and(imp(not(equals(exc_0_1,null)),and(and(equals(exc_0_1,null),equals(bsum{i:int}(Z(0(#)),length(_arr),int::select(heap,_arr,arr(i))),sum_1<<origin(ensures @ file LoopContractExamplesAll.java @ line 141) ([])>>)<<origin(ensures @ file LoopContractExamplesAll.java @ line 141) ([ensures @ file LoopContractExamplesAll.java @ line 141])>>)<<origin(ensures @ file LoopContractExamplesAll.java @ line 141) ([ensures @ file LoopContractExamplesAll.java @ line 141])>>,all{f:Field}(all{o:java.lang.Object}(or(and(not(equals(o,null)),not(equals(boolean::select(heap_Before_BLOCK,o,java.lang.Object::<created>),TRUE))),equals(any::select(heap_Before_BLOCK,o,f),any::select(heap,o,f))))))<<origin(ensures @ file LoopContractExamplesAll.java @ line 141) ([ensures @ file LoopContractExamplesAll.java @ line 141])>>)<<origin(ensures @ file LoopContractExamplesAll.java @ line 141) ([ensures @ file LoopContractExamplesAll.java @ line 141])>>,imp(and(equals(exc_0_1,null),not(equals(cond,TRUE))),update-application(elem-update(exc_0_1)(null)<<origin(ensures @ file LoopContractExamplesAll.java @ line 141) ([])>>,\<{
  method-frame (
    source=sum_loopContract_onLoop(int[])@LoopContractExamplesAll
  ) {
    breakOut:
    try {} catch (java.lang.Throwable e#28) {
      exc_0_1 = e#28;
    }
  }
}\> (and(and(equals(exc_0_1,null),equals(bsum{i:int}(Z(0(#)),length(_arr),int::select(heap,_arr,arr(i))),sum_1<<origin(ensures @ file LoopContractExamplesAll.java @ line 141) ([])>>)<<origin(ensures @ file LoopContractExamplesAll.java @ line 141) ([ensures @ file LoopContractExamplesAll.java @ line 141])>>)<<origin(ensures @ file LoopContractExamplesAll.java @ line 141) ([ensures @ file LoopContractExamplesAll.java @ line 141])>>,all{f:Field}(all{o:java.lang.Object}(or(and(not(equals(o,null)),not(equals(boolean::select(heap_Before_BLOCK,o,java.lang.Object::<created>),TRUE))),equals(any::select(heap_Before_BLOCK,o,f),any::select(heap,o,f))))))<<origin(ensures @ file LoopContractExamplesAll.java @ line 141) ([ensures @ file LoopContractExamplesAll.java @ line 141])>>)<<origin(ensures @ file LoopContractExamplesAll.java @ line 141) ([ensures @ file LoopContractExamplesAll.java @ line 141])>>)<<origin(ensures @ file LoopContractExamplesAll.java @ line 141) ([ensures @ file LoopContractExamplesAll.java @ line 141])>>)<<origin(ensures @ file LoopContractExamplesAll.java @ line 141) ([ensures @ file LoopContractExamplesAll.java @ line 141])>>)<<origin(ensures @ file LoopContractExamplesAll.java @ line 141) ([ensures @ file LoopContractExamplesAll.java @ line 141])>>,imp(and(equals(exc_0_1,null),equals(cond,TRUE)),update-application(elem-update(exc_0_1)(null),\<{
  method-frame (
    source=sum_loopContract_onLoop(int[])@LoopContractExamplesAll
  ) {
    breakOut:
    try {
      continueLoop:
      {
        el = arr_1[idx];
        {
          sum_1 += el;
        }
      }
      {
        idx++;
      }
    } catch (java.lang.Throwable e#28) {
      exc_0_1 = e#28;
    }
  }
}\> (and(imp(not(equals(exc_0_1,null)),and(and(equals(exc_0_1,null),equals(bsum{i:int}(Z(0(#)),length(_arr),int::select(heap,_arr,arr(i))),sum_1<<origin(ensures @ file LoopContractExamplesAll.java @ line 141) ([])>>)<<origin(ensures @ file LoopContractExamplesAll.java @ line 141) ([ensures @ file LoopContractExamplesAll.java @ line 141])>>)<<origin(ensures @ file LoopContractExamplesAll.java @ line 141) ([ensures @ file LoopContractExamplesAll.java @ line 141])>>,all{f:Field}(all{o:java.lang.Object}(or(and(not(equals(o,null)),not(equals(boolean::select(heap_Before_BLOCK,o,java.lang.Object::<created>),TRUE))),equals(any::select(heap_Before_BLOCK,o,f),any::select(heap,o,f))))))<<origin(ensures @ file LoopContractExamplesAll.java @ line 141) ([ensures @ file LoopContractExamplesAll.java @ line 141])>>)<<origin(ensures @ file LoopContractExamplesAll.java @ line 141) ([ensures @ file LoopContractExamplesAll.java @ line 141])>>,imp(equals(exc_0_1,null),and(and(and(and(and(and(measuredByEmpty,and(and(and(not(equals(_arr,null)),geq(idx,Z(0(#))))<<SC>>,geq(length(_arr),idx))<<SC, origin(requires @ file LoopContractExamplesAll.java @ line 139) ([])>>,equals(bsum{i:int}(Z(0(#)),idx,int::select(heap,_arr,arr(i))),sum_1<<origin(requires @ file LoopContractExamplesAll.java @ line 140) ([])>>)<<origin(requires @ file LoopContractExamplesAll.java @ line 140) ([requires @ file LoopContractExamplesAll.java @ line 140])>>)<<SC, origin(<none> (implicit)) ([requires @ file LoopContractExamplesAll.java @ line 139, requires @ file LoopContractExamplesAll.java @ line 140])>>)<<origin(<none> (implicit)) ([requires @ file LoopContractExamplesAll.java @ line 139, requires @ file LoopContractExamplesAll.java @ line 140])>>,geq(length(_arr),idx)<<origin(decreases @ file LoopContractExamplesAll.java @ line 143) ([])>>)<<origin(<none> (implicit)) ([requires @ file LoopContractExamplesAll.java @ line 139, requires @ file LoopContractExamplesAll.java @ line 140, decreases @ file LoopContractExamplesAll.java @ line 143])>>,wellFormed(heap))<<origin(<none> (implicit)) ([requires @ file LoopContractExamplesAll.java @ line 139, requires @ file LoopContractExamplesAll.java @ line 140, decreases @ file LoopContractExamplesAll.java @ line 143])>>,or(equals(arr_1,null),equals(boolean::select(heap,arr_1,java.lang.Object::<created>),TRUE))<<SC>>)<<origin(<none> (implicit)) ([requires @ file LoopContractExamplesAll.java @ line 139, requires @ file LoopContractExamplesAll.java @ line 140, decreases @ file LoopContractExamplesAll.java @ line 143])>>,leq(idx#30_Before_BLOCK#27<<origin(decreases @ file LoopContractExamplesAll.java @ line 143) ([])>>,add(Z(neglit(1(#))),idx))<<origin(decreases @ file LoopContractExamplesAll.java @ line 143) ([decreases @ file LoopContractExamplesAll.java @ line 143])>>)<<origin(<none> (implicit)) ([requires @ file LoopContractExamplesAll.java @ line 139, requires @ file LoopContractExamplesAll.java @ line 140, decreases @ file LoopContractExamplesAll.java @ line 143])>>,and(imp(not(equals(exc_0_1,null))<<origin(assignable @ file LoopContractExamplesAll.java @ line 142) ([])>>,imp(and(and(equals(exc_0_1,null)<<origin(assignable @ file LoopContractExamplesAll.java @ line 142) ([])>>,equals(bsum{i:int}(Z(0(#)),length(_arr),int::select(anon(heap,empty,anonOut_heap<<anonHeapFunction>>),_arr<<origin(assignable @ file LoopContractExamplesAll.java @ line 142) ([])>>,arr(i))),anonOut_idx_0)<<origin(<none> (implicit)) ([assignable @ file LoopContractExamplesAll.java @ line 142])>>)<<origin(<none> (implicit)) ([assignable @ file LoopContractExamplesAll.java @ line 142])>>,all{f:Field}(all{o:java.lang.Object}(or(and(not(equals(o,null)),not(equals(boolean::select(heap,o,java.lang.Object::<created>),TRUE)))<<origin(assignable @ file LoopContractExamplesAll.java @ line 142) ([])>>,equals(any::select(anon(heap,empty,anonOut_heap<<anonHeapFunction>>),o,f),any::select(heap,o,f))<<origin(assignable @ file LoopContractExamplesAll.java @ line 142) ([])>>)<<origin(assignable @ file LoopContractExamplesAll.java @ line 142) ([assignable @ file LoopContractExamplesAll.java @ line 142])>>)<<origin(assignable @ file LoopContractExamplesAll.java @ line 142) ([assignable @ file LoopContractExamplesAll.java @ line 142])>>)<<origin(assignable @ file LoopContractExamplesAll.java @ line 142) ([assignable @ file LoopContractExamplesAll.java @ line 142])>>)<<origin(<none> (implicit)) ([assignable @ file LoopContractExamplesAll.java @ line 142])>>,and(and(equals(exc_0_1,null)<<origin(assignable @ file LoopContractExamplesAll.java @ line 142) ([])>>,equals(bsum{i:int}(Z(0(#)),length(_arr),int::select(anon(heap,empty,anonOut_heap<<anonHeapFunction>>),_arr<<origin(assignable @ file LoopContractExamplesAll.java @ line 142) ([])>>,arr(i))),anonOut_idx_0)<<origin(<none> (implicit)) ([assignable @ file LoopContractExamplesAll.java @ line 142])>>)<<origin(<none> (implicit)) ([assignable @ file LoopContractExamplesAll.java @ line 142])>>,all{f:Field}(all{o:java.lang.Object}(or(and(not(equals(o,null)),not(equals(boolean::select(heap_Before_BLOCK,o,java.lang.Object::<created>),TRUE)))<<origin(assignable @ file LoopContractExamplesAll.java @ line 142) ([])>>,equals(any::select(anon(heap,empty,anonOut_heap<<anonHeapFunction>>),o,f),any::select(heap_Before_BLOCK,o,f))<<origin(assignable @ file LoopContractExamplesAll.java @ line 142) ([])>>)<<origin(assignable @ file LoopContractExamplesAll.java @ line 142) ([assignable @ file LoopContractExamplesAll.java @ line 142])>>)<<origin(assignable @ file LoopContractExamplesAll.java @ line 142) ([assignable @ file LoopContractExamplesAll.java @ line 142])>>)<<origin(assignable @ file LoopContractExamplesAll.java @ line 142) ([assignable @ file LoopContractExamplesAll.java @ line 142])>>)<<origin(<none> (implicit)) ([assignable @ file LoopContractExamplesAll.java @ line 142])>>)<<origin(<none> (implicit)) ([assignable @ file LoopContractExamplesAll.java @ line 142])>>)<<origin(<none> (implicit)) ([assignable @ file LoopContractExamplesAll.java @ line 142])>>,imp(equals(exc_0_1,null)<<origin(assignable @ file LoopContractExamplesAll.java @ line 142) ([])>>,update-application(parallel-upd(parallel-upd(elem-update(heap_Before_BLOCK_NEXT)(heap),parallel-upd(elem-update(sum_1)(anonOut_idx_0),elem-update(heap)(anon(heap,empty,anonOut_heap<<anonHeapFunction>>))<<origin(assignable @ file LoopContractExamplesAll.java @ line 142) ([])>>)<<origin(assignable @ file LoopContractExamplesAll.java @ line 142) ([assignable @ file LoopContractExamplesAll.java @ line 142])>>)<<origin(<none> (implicit)) ([assignable @ file LoopContractExamplesAll.java @ line 142])>>,elem-update(exc_0_1)(null)<<origin(ensures @ file LoopContractExamplesAll.java @ line 141) ([])>>)<<origin(<none> (implicit)) ([assignable @ file LoopContractExamplesAll.java @ line 142, ensures @ file LoopContractExamplesAll.java @ line 141])>>,\<{
  method-frame (
    source=sum_loopContract_onLoop(int[])@LoopContractExamplesAll
  ) {
    breakOut:
    try {} catch (java.lang.Throwable e#28) {
      exc_0_1 = e#28;
    }
  }
}\> (imp(and(and(equals(exc_0_1,null),equals(bsum{i:int}(Z(0(#)),length(_arr),int::select(heap,_arr,arr(i))),sum_1<<origin(ensures @ file LoopContractExamplesAll.java @ line 141) ([])>>)<<origin(ensures @ file LoopContractExamplesAll.java @ line 141) ([ensures @ file LoopContractExamplesAll.java @ line 141])>>)<<origin(ensures @ file LoopContractExamplesAll.java @ line 141) ([ensures @ file LoopContractExamplesAll.java @ line 141])>>,all{f:Field}(all{o:java.lang.Object}(or(and(not(equals(o,null)),not(equals(boolean::select(heap_Before_BLOCK_NEXT,o,java.lang.Object::<created>),TRUE))),equals(any::select(heap_Before_BLOCK_NEXT,o,f),any::select(heap,o,f))))))<<origin(ensures @ file LoopContractExamplesAll.java @ line 141) ([ensures @ file LoopContractExamplesAll.java @ line 141])>>,and(and(equals(exc_0_1,null),equals(bsum{i:int}(Z(0(#)),length(_arr),int::select(heap,_arr,arr(i))),sum_1<<origin(ensures @ file LoopContractExamplesAll.java @ line 141) ([])>>)<<origin(ensures @ file LoopContractExamplesAll.java @ line 141) ([ensures @ file LoopContractExamplesAll.java @ line 141])>>)<<origin(ensures @ file LoopContractExamplesAll.java @ line 141) ([ensures @ file LoopContractExamplesAll.java @ line 141])>>,all{f:Field}(all{o:java.lang.Object}(or(and(not(equals(o,null)),not(equals(boolean::select(heap_Before_BLOCK,o,java.lang.Object::<created>),TRUE))),equals(any::select(heap_Before_BLOCK,o,f),any::select(heap,o,f))))))<<origin(ensures @ file LoopContractExamplesAll.java @ line 141) ([ensures @ file LoopContractExamplesAll.java @ line 141])>>)<<origin(ensures @ file LoopContractExamplesAll.java @ line 141) ([ensures @ file LoopContractExamplesAll.java @ line 141])>>)<<origin(ensures @ file LoopContractExamplesAll.java @ line 141) ([ensures @ file LoopContractExamplesAll.java @ line 141])>>)<<origin(<none> (implicit)) ([assignable @ file LoopContractExamplesAll.java @ line 142, ensures @ file LoopContractExamplesAll.java @ line 141])>>)<<origin(<none> (implicit)) ([assignable @ file LoopContractExamplesAll.java @ line 142, ensures @ file LoopContractExamplesAll.java @ line 141])>>)<<origin(<none> (implicit)) ([assignable @ file LoopContractExamplesAll.java @ line 142, ensures @ file LoopContractExamplesAll.java @ line 141])>>)<<origin(<none> (implicit)) ([requires @ file LoopContractExamplesAll.java @ line 139, requires @ file LoopContractExamplesAll.java @ line 140, decreases @ file LoopContractExamplesAll.java @ line 143, assignable @ file LoopContractExamplesAll.java @ line 142, ensures @ file LoopContractExamplesAll.java @ line 141])>>)<<origin(<none> (implicit)) ([requires @ file LoopContractExamplesAll.java @ line 139, requires @ file LoopContractExamplesAll.java @ line 140, decreases @ file LoopContractExamplesAll.java @ line 143, assignable @ file LoopContractExamplesAll.java @ line 142, ensures @ file LoopContractExamplesAll.java @ line 141])>>)<<origin(<none> (implicit)) ([ensures @ file LoopContractExamplesAll.java @ line 141, requires @ file LoopContractExamplesAll.java @ line 139, requires @ file LoopContractExamplesAll.java @ line 140, decreases @ file LoopContractExamplesAll.java @ line 143, assignable @ file LoopContractExamplesAll.java @ line 142])>>)<<origin(<none> (implicit)) ([ensures @ file LoopContractExamplesAll.java @ line 141, requires @ file LoopContractExamplesAll.java @ line 139, requires @ file LoopContractExamplesAll.java @ line 140, decreases @ file LoopContractExamplesAll.java @ line 143, assignable @ file LoopContractExamplesAll.java @ line 142])>>)<<origin(<none> (implicit)) ([ensures @ file LoopContractExamplesAll.java @ line 141, requires @ file LoopContractExamplesAll.java @ line 139, requires @ file LoopContractExamplesAll.java @ line 140, decreases @ file LoopContractExamplesAll.java @ line 143, assignable @ file LoopContractExamplesAll.java @ line 142])>>)<<origin(<none> (implicit)) ([ensures @ file LoopContractExamplesAll.java @ line 141, requires @ file LoopContractExamplesAll.java @ line 139, requires @ file LoopContractExamplesAll.java @ line 140, decreases @ file LoopContractExamplesAll.java @ line 143, assignable @ file LoopContractExamplesAll.java @ line 142])>>)<<origin(<none> (implicit)) ([ensures @ file LoopContractExamplesAll.java @ line 141, requires @ file LoopContractExamplesAll.java @ line 139, requires @ file LoopContractExamplesAll.java @ line 140, decreases @ file LoopContractExamplesAll.java @ line 143, assignable @ file LoopContractExamplesAll.java @ line 142])>>)<<origin(<none> (implicit)) ([ensures @ file LoopContractExamplesAll.java @ line 141, requires @ file LoopContractExamplesAll.java @ line 139, requires @ file LoopContractExamplesAll.java @ line 140, decreases @ file LoopContractExamplesAll.java @ line 143, assignable @ file LoopContractExamplesAll.java @ line 142])>>)<<origin(<none> (implicit)) ([ensures @ file LoopContractExamplesAll.java @ line 141, requires @ file LoopContractExamplesAll.java @ line 139, requires @ file LoopContractExamplesAll.java @ line 140, decreases @ file LoopContractExamplesAll.java @ line 143, assignable @ file LoopContractExamplesAll.java @ line 142])>>]
	at de.uka.ilkd.key.logic.Sequent.getFormulabyNr(Sequent.java:291)

111070     WARN  main            d.u.i.k.p.r.p.TestFile    Replay exception de.uka.ilkd.key.proof.io.ProblemLoaderException: Error loading proof.
Line 407, goal 117, rule One Step Simplification not available or not applicable in this context.
	at de.uka.ilkd.key.proof.io.IntermediateProofReplayer.reportError(IntermediateProofReplayer.java:782)
Caused by: de.uka.ilkd.key.proof.io.IntermediateProofReplayer$BuiltInConstructionException: One Step Simplification is missing. Most probably the binary for this built-in rule is not in your path or you do not have the permission to execute it.
	at de.uka.ilkd.key.proof.io.IntermediateProofReplayer.constructBuiltinApp(IntermediateProofReplayer.java:630)

111071     DEBUG main            d.u.i.k.p.r.p.TestFile    Exception java.lang.Exception: Exception while loading proof (see cause for details): /home/runner/work/key/key/key.core/../key.ui/examples/heap/block_loop_contracts/SimpleVariants/sum_onLoop_internal.key.proof
	at de.uka.ilkd.key.proof.runallproofs.proofcollection.TestFile.reloadProof(TestFile.java:314)
Caused by: de.uka.ilkd.key.proof.io.ProblemLoaderException: Error loading proof.
Line 207, goal 116, rule One Step Simplification not available or not applicable in this context.
	at de.uka.ilkd.key.proof.io.IntermediateProofReplayer.reportError(IntermediateProofReplayer.java:782)
Caused by: de.uka.ilkd.key.proof.io.IntermediateProofReplayer$BuiltInConstructionException: Wrong position information.
	at de.uka.ilkd.key.proof.io.IntermediateProofReplayer.constructBuiltinApp(IntermediateProofReplayer.java:595)
Caused by: java.lang.RuntimeException: No formula nr. 10 in seq. [geq(init_anonOut_sum_1,Z(0(#)))<<origin(<none> (implicit)) ([assignable @ file LoopContractExamplesAll.java @ line 142])>>,geq(length(arr),init_anonOut_sum_1)<<origin(<none> (implicit)) ([assignable @ file LoopContractExamplesAll.java @ line 142])>>,equals(bsum{i:int}(Z(0(#)),init_anonOut_sum_1,int::select(anon(heap,empty,init_anonOut_heap<<anonHeapFunction>>),arr<<origin(assignable @ file LoopContractExamplesAll.java @ line 142) ([])>>,arr(i))),init_anonOut_idx)<<origin(<none> (implicit)) ([assignable @ file LoopContractExamplesAll.java @ line 142])>>,wellFormed(anon(heap,empty,init_anonOut_heap<<anonHeapFunction>>))<<origin(assignable @ file LoopContractExamplesAll.java @ line 142) ([])>>,wellFormed(heap)<<origin(requires (implicit)) ([])>>,equals(boolean::select(heap,arr,java.lang.Object::<created>),TRUE)<<origin(requires (implicit)) ([])>>,measuredByEmpty<<origin(requires (implicit)) ([])>>]==>[equals(arr,null)<<origin(requires @ file LoopContractExamplesAll.java @ line 131) ([])>>,update-application(elem-update(i_1)(length(arr_1<<origin(<none> (implicit)) ([ensures @ file LoopContractExamplesAll.java @ line 141, requires @ file LoopContractExamplesAll.java @ line 139, requires @ file LoopContractExamplesAll.java @ line 140, decreases @ file LoopContractExamplesAll.java @ line 143, assignable @ file LoopContractExamplesAll.java @ line 142])>>))<<origin(<none> (implicit)) ([ensures @ file LoopContractExamplesAll.java @ line 141, requires @ file LoopContractExamplesAll.java @ line 139, requires @ file LoopContractExamplesAll.java @ line 140, decreases @ file LoopContractExamplesAll.java @ line 143, assignable @ file LoopContractExamplesAll.java @ line 142])>>,\<{
  method-frame (
    source=sum_loopContract_onLoop(int[])@LoopContractExamplesAll
  ) {
    breakOut:
    try {
      cond = i < i_1;
    } catch (java.lang.Throwable e#28) {
      exc_0_1 = e#28;
    }
  }
}\> (and(and(imp(not(equals(exc_0_1,null)),and(and(equals(exc_0_1,null),equals(bsum{i:int}(Z(0(#)),length(_arr),int::select(heap,_arr,arr(i))),sum_1<<origin(ensures @ file LoopContractExamplesAll.java @ line 141) ([])>>)<<origin(ensures @ file LoopContractExamplesAll.java @ line 141) ([ensures @ file LoopContractExamplesAll.java @ line 141])>>)<<origin(ensures @ file LoopContractExamplesAll.java @ line 141) ([ensures @ file LoopContractExamplesAll.java @ line 141])>>,all{f:Field}(all{o:java.lang.Object}(or(and(not(equals(o,null)),not(equals(boolean::select(heap_Before_BLOCK,o,java.lang.Object::<created>),TRUE))),equals(any::select(heap_Before_BLOCK,o,f),any::select(heap,o,f))))))<<origin(ensures @ file LoopContractExamplesAll.java @ line 141) ([ensures @ file LoopContractExamplesAll.java @ line 141])>>)<<origin(ensures @ file LoopContractExamplesAll.java @ line 141) ([ensures @ file LoopContractExamplesAll.java @ line 141])>>,imp(and(equals(exc_0_1,null),not(equals(cond,TRUE))),update-application(elem-update(exc_0_1)(null)<<origin(ensures @ file LoopContractExamplesAll.java @ line 141) ([])>>,\<{
  method-frame (
    source=sum_loopContract_onLoop(int[])@LoopContractExamplesAll
  ) {
    breakOut:
    try {} catch (java.lang.Throwable e#28) {
      exc_0_1 = e#28;
    }
  }
}\> (and(and(equals(exc_0_1,null),equals(bsum{i:int}(Z(0(#)),length(_arr),int::select(heap,_arr,arr(i))),sum_1<<origin(ensures @ file LoopContractExamplesAll.java @ line 141) ([])>>)<<origin(ensures @ file LoopContractExamplesAll.java @ line 141) ([ensures @ file LoopContractExamplesAll.java @ line 141])>>)<<origin(ensures @ file LoopContractExamplesAll.java @ line 141) ([ensures @ file LoopContractExamplesAll.java @ line 141])>>,all{f:Field}(all{o:java.lang.Object}(or(and(not(equals(o,null)),not(equals(boolean::select(heap_Before_BLOCK,o,java.lang.Object::<created>),TRUE))),equals(any::select(heap_Before_BLOCK,o,f),any::select(heap,o,f))))))<<origin(ensures @ file LoopContractExamplesAll.java @ line 141) ([ensures @ file LoopContractExamplesAll.java @ line 141])>>)<<origin(ensures @ file LoopContractExamplesAll.java @ line 141) ([ensures @ file LoopContractExamplesAll.java @ line 141])>>)<<origin(ensures @ file LoopContractExamplesAll.java @ line 141) ([ensures @ file LoopContractExamplesAll.java @ line 141])>>)<<origin(ensures @ file LoopContractExamplesAll.java @ line 141) ([ensures @ file LoopContractExamplesAll.java @ line 141])>>)<<origin(ensures @ file LoopContractExamplesAll.java @ line 141) ([ensures @ file LoopContractExamplesAll.java @ line 141])>>,imp(and(equals(exc_0_1,null),equals(cond,TRUE)),update-application(elem-update(exc_0_1)(null),\<{
  method-frame (
    source=sum_loopContract_onLoop(int[])@LoopContractExamplesAll
  ) {
    breakOut:
    try {
      continueLoop:
      {
        el = arr_1[idx];
        {
          sum_1 += el;
        }
      }
      {
        idx++;
      }
    } catch (java.lang.Throwable e#28) {
      exc_0_1 = e#28;
    }
  }
}\> (and(imp(not(equals(exc_0_1,null)),and(and(equals(exc_0_1,null),equals(bsum{i:int}(Z(0(#)),length(_arr),int::select(heap,_arr,arr(i))),sum_1<<origin(ensures @ file LoopContractExamplesAll.java @ line 141) ([])>>)<<origin(ensures @ file LoopContractExamplesAll.java @ line 141) ([ensures @ file LoopContractExamplesAll.java @ line 141])>>)<<origin(ensures @ file LoopContractExamplesAll.java @ line 141) ([ensures @ file LoopContractExamplesAll.java @ line 141])>>,all{f:Field}(all{o:java.lang.Object}(or(and(not(equals(o,null)),not(equals(boolean::select(heap_Before_BLOCK,o,java.lang.Object::<created>),TRUE))),equals(any::select(heap_Before_BLOCK,o,f),any::select(heap,o,f))))))<<origin(ensures @ file LoopContractExamplesAll.java @ line 141) ([ensures @ file LoopContractExamplesAll.java @ line 141])>>)<<origin(ensures @ file LoopContractExamplesAll.java @ line 141) ([ensures @ file LoopContractExamplesAll.java @ line 141])>>,imp(equals(exc_0_1,null),and(and(and(and(and(and(measuredByEmpty,and(and(and(not(equals(_arr,null)),geq(idx,Z(0(#))))<<SC>>,geq(length(_arr),idx))<<SC, origin(requires @ file LoopContractExamplesAll.java @ line 139) ([])>>,equals(bsum{i:int}(Z(0(#)),idx,int::select(heap,_arr,arr(i))),sum_1<<origin(requires @ file LoopContractExamplesAll.java @ line 140) ([])>>)<<origin(requires @ file LoopContractExamplesAll.java @ line 140) ([requires @ file LoopContractExamplesAll.java @ line 140])>>)<<SC, origin(<none> (implicit)) ([requires @ file LoopContractExamplesAll.java @ line 139, requires @ file LoopContractExamplesAll.java @ line 140])>>)<<origin(<none> (implicit)) ([requires @ file LoopContractExamplesAll.java @ line 139, requires @ file LoopContractExamplesAll.java @ line 140])>>,geq(length(_arr),idx)<<origin(decreases @ file LoopContractExamplesAll.java @ line 143) ([])>>)<<origin(<none> (implicit)) ([requires @ file LoopContractExamplesAll.java @ line 139, requires @ file LoopContractExamplesAll.java @ line 140, decreases @ file LoopContractExamplesAll.java @ line 143])>>,wellFormed(heap))<<origin(<none> (implicit)) ([requires @ file LoopContractExamplesAll.java @ line 139, requires @ file LoopContractExamplesAll.java @ line 140, decreases @ file LoopContractExamplesAll.java @ line 143])>>,or(equals(arr_1,null),equals(boolean::select(heap,arr_1,java.lang.Object::<created>),TRUE))<<SC>>)<<origin(<none> (implicit)) ([requires @ file LoopContractExamplesAll.java @ line 139, requires @ file LoopContractExamplesAll.java @ line 140, decreases @ file LoopContractExamplesAll.java @ line 143])>>,leq(idx#30_Before_BLOCK#27<<origin(decreases @ file LoopContractExamplesAll.java @ line 143) ([])>>,add(Z(neglit(1(#))),idx))<<origin(decreases @ file LoopContractExamplesAll.java @ line 143) ([decreases @ file LoopContractExamplesAll.java @ line 143])>>)<<origin(<none> (implicit)) ([requires @ file LoopContractExamplesAll.java @ line 139, requires @ file LoopContractExamplesAll.java @ line 140, decreases @ file LoopContractExamplesAll.java @ line 143])>>,and(imp(not(equals(exc_0_1,null))<<origin(assignable @ file LoopContractExamplesAll.java @ line 142) ([])>>,imp(and(and(equals(exc_0_1,null)<<origin(assignable @ file LoopContractExamplesAll.java @ line 142) ([])>>,equals(bsum{i:int}(Z(0(#)),length(_arr),int::select(anon(heap,empty,anonOut_heap<<anonHeapFunction>>),_arr<<origin(assignable @ file LoopContractExamplesAll.java @ line 142) ([])>>,arr(i))),anonOut_idx_0)<<origin(<none> (implicit)) ([assignable @ file LoopContractExamplesAll.java @ line 142])>>)<<origin(<none> (implicit)) ([assignable @ file LoopContractExamplesAll.java @ line 142])>>,all{f:Field}(all{o:java.lang.Object}(or(and(not(equals(o,null)),not(equals(boolean::select(heap,o,java.lang.Object::<created>),TRUE)))<<origin(assignable @ file LoopContractExamplesAll.java @ line 142) ([])>>,equals(any::select(anon(heap,empty,anonOut_heap<<anonHeapFunction>>),o,f),any::select(heap,o,f))<<origin(assignable @ file LoopContractExamplesAll.java @ line 142) ([])>>)<<origin(assignable @ file LoopContractExamplesAll.java @ line 142) ([assignable @ file LoopContractExamplesAll.java @ line 142])>>)<<origin(assignable @ file LoopContractExamplesAll.java @ line 142) ([assignable @ file LoopContractExamplesAll.java @ line 142])>>)<<origin(assignable @ file LoopContractExamplesAll.java @ line 142) ([assignable @ file LoopContractExamplesAll.java @ line 142])>>)<<origin(<none> (implicit)) ([assignable @ file LoopContractExamplesAll.java @ line 142])>>,and(and(equals(exc_0_1,null)<<origin(assignable @ file LoopContractExamplesAll.java @ line 142) ([])>>,equals(bsum{i:int}(Z(0(#)),length(_arr),int::select(anon(heap,empty,anonOut_heap<<anonHeapFunction>>),_arr<<origin(assignable @ file LoopContractExamplesAll.java @ line 142) ([])>>,arr(i))),anonOut_idx_0)<<origin(<none> (implicit)) ([assignable @ file LoopContractExamplesAll.java @ line 142])>>)<<origin(<none> (implicit)) ([assignable @ file LoopContractExamplesAll.java @ line 142])>>,all{f:Field}(all{o:java.lang.Object}(or(and(not(equals(o,null)),not(equals(boolean::select(heap_Before_BLOCK,o,java.lang.Object::<created>),TRUE)))<<origin(assignable @ file LoopContractExamplesAll.java @ line 142) ([])>>,equals(any::select(anon(heap,empty,anonOut_heap<<anonHeapFunction>>),o,f),any::select(heap_Before_BLOCK,o,f))<<origin(assignable @ file LoopContractExamplesAll.java @ line 142) ([])>>)<<origin(assignable @ file LoopContractExamplesAll.java @ line 142) ([assignable @ file LoopContractExamplesAll.java @ line 142])>>)<<origin(assignable @ file LoopContractExamplesAll.java @ line 142) ([assignable @ file LoopContractExamplesAll.java @ line 142])>>)<<origin(assignable @ file LoopContractExamplesAll.java @ line 142) ([assignable @ file LoopContractExamplesAll.java @ line 142])>>)<<origin(<none> (implicit)) ([assignable @ file LoopContractExamplesAll.java @ line 142])>>)<<origin(<none> (implicit)) ([assignable @ file LoopContractExamplesAll.java @ line 142])>>)<<origin(<none> (implicit)) ([assignable @ file LoopContractExamplesAll.java @ line 142])>>,imp(equals(exc_0_1,null)<<origin(assignable @ file LoopContractExamplesAll.java @ line 142) ([])>>,update-application(parallel-upd(parallel-upd(elem-update(heap_Before_BLOCK_NEXT)(heap),parallel-upd(elem-update(sum_1)(anonOut_idx_0),elem-update(heap)(anon(heap,empty,anonOut_heap<<anonHeapFunction>>))<<origin(assignable @ file LoopContractExamplesAll.java @ line 142) ([])>>)<<origin(assignable @ file LoopContractExamplesAll.java @ line 142) ([assignable @ file LoopContractExamplesAll.java @ line 142])>>)<<origin(<none> (implicit)) ([assignable @ file LoopContractExamplesAll.java @ line 142])>>,elem-update(exc_0_1)(null)<<origin(ensures @ file LoopContractExamplesAll.java @ line 141) ([])>>)<<origin(<none> (implicit)) ([assignable @ file LoopContractExamplesAll.java @ line 142, ensures @ file LoopContractExamplesAll.java @ line 141])>>,\<{
  method-frame (
    source=sum_loopContract_onLoop(int[])@LoopContractExamplesAll
  ) {
    breakOut:
    try {} catch (java.lang.Throwable e#28) {
      exc_0_1 = e#28;
    }
  }
}\> (imp(and(and(equals(exc_0_1,null),equals(bsum{i:int}(Z(0(#)),length(_arr),int::select(heap,_arr,arr(i))),sum_1<<origin(ensures @ file LoopContractExamplesAll.java @ line 141) ([])>>)<<origin(ensures @ file LoopContractExamplesAll.java @ line 141) ([ensures @ file LoopContractExamplesAll.java @ line 141])>>)<<origin(ensures @ file LoopContractExamplesAll.java @ line 141) ([ensures @ file LoopContractExamplesAll.java @ line 141])>>,all{f:Field}(all{o:java.lang.Object}(or(and(not(equals(o,null)),not(equals(boolean::select(heap_Before_BLOCK_NEXT,o,java.lang.Object::<created>),TRUE))),equals(any::select(heap_Before_BLOCK_NEXT,o,f),any::select(heap,o,f))))))<<origin(ensures @ file LoopContractExamplesAll.java @ line 141) ([ensures @ file LoopContractExamplesAll.java @ line 141])>>,and(and(equals(exc_0_1,null),equals(bsum{i:int}(Z(0(#)),length(_arr),int::select(heap,_arr,arr(i))),sum_1<<origin(ensures @ file LoopContractExamplesAll.java @ line 141) ([])>>)<<origin(ensures @ file LoopContractExamplesAll.java @ line 141) ([ensures @ file LoopContractExamplesAll.java @ line 141])>>)<<origin(ensures @ file LoopContractExamplesAll.java @ line 141) ([ensures @ file LoopContractExamplesAll.java @ line 141])>>,all{f:Field}(all{o:java.lang.Object}(or(and(not(equals(o,null)),not(equals(boolean::select(heap_Before_BLOCK,o,java.lang.Object::<created>),TRUE))),equals(any::select(heap_Before_BLOCK,o,f),any::select(heap,o,f))))))<<origin(ensures @ file LoopContractExamplesAll.java @ line 141) ([ensures @ file LoopContractExamplesAll.java @ line 141])>>)<<origin(ensures @ file LoopContractExamplesAll.java @ line 141) ([ensures @ file LoopContractExamplesAll.java @ line 141])>>)<<origin(ensures @ file LoopContractExamplesAll.java @ line 141) ([ensures @ file LoopContractExamplesAll.java @ line 141])>>)<<origin(<none> (implicit)) ([assignable @ file LoopContractExamplesAll.java @ line 142, ensures @ file LoopContractExamplesAll.java @ line 141])>>)<<origin(<none> (implicit)) ([assignable @ file LoopContractExamplesAll.java @ line 142, ensures @ file LoopContractExamplesAll.java @ line 141])>>)<<origin(<none> (implicit)) ([assignable @ file LoopContractExamplesAll.java @ line 142, ensures @ file LoopContractExamplesAll.java @ line 141])>>)<<origin(<none> (implicit)) ([requires @ file LoopContractExamplesAll.java @ line 139, requires @ file LoopContractExamplesAll.java @ line 140, decreases @ file LoopContractExamplesAll.java @ line 143, assignable @ file LoopContractExamplesAll.java @ line 142, ensures @ file LoopContractExamplesAll.java @ line 141])>>)<<origin(<none> (implicit)) ([requires @ file LoopContractExamplesAll.java @ line 139, requires @ file LoopContractExamplesAll.java @ line 140, decreases @ file LoopContractExamplesAll.java @ line 143, assignable @ file LoopContractExamplesAll.java @ line 142, ensures @ file LoopContractExamplesAll.java @ line 141])>>)<<origin(<none> (implicit)) ([ensures @ file LoopContractExamplesAll.java @ line 141, requires @ file LoopContractExamplesAll.java @ line 139, requires @ file LoopContractExamplesAll.java @ line 140, decreases @ file LoopContractExamplesAll.java @ line 143, assignable @ file LoopContractExamplesAll.java @ line 142])>>)<<origin(<none> (implicit)) ([ensures @ file LoopContractExamplesAll.java @ line 141, requires @ file LoopContractExamplesAll.java @ line 139, requires @ file LoopContractExamplesAll.java @ line 140, decreases @ file LoopContractExamplesAll.java @ line 143, assignable @ file LoopContractExamplesAll.java @ line 142])>>)<<origin(<none> (implicit)) ([ensures @ file LoopContractExamplesAll.java @ line 141, requires @ file LoopContractExamplesAll.java @ line 139, requires @ file LoopContractExamplesAll.java @ line 140, decreases @ file LoopContractExamplesAll.java @ line 143, assignable @ file LoopContractExamplesAll.java @ line 142])>>)<<origin(<none> (implicit)) ([ensures @ file LoopContractExamplesAll.java @ line 141, requires @ file LoopContractExamplesAll.java @ line 139, requires @ file LoopContractExamplesAll.java @ line 140, decreases @ file LoopContractExamplesAll.java @ line 143, assignable @ file LoopContractExamplesAll.java @ line 142])>>)<<origin(<none> (implicit)) ([ensures @ file LoopContractExamplesAll.java @ line 141, requires @ file LoopContractExamplesAll.java @ line 139, requires @ file LoopContractExamplesAll.java @ line 140, decreases @ file LoopContractExamplesAll.java @ line 143, assignable @ file LoopContractExamplesAll.java @ line 142])>>)<<origin(<none> (implicit)) ([ensures @ file LoopContractExamplesAll.java @ line 141, requires @ file LoopContractExamplesAll.java @ line 139, requires @ file LoopContractExamplesAll.java @ line 140, decreases @ file LoopContractExamplesAll.java @ line 143, assignable @ file LoopContractExamplesAll.java @ line 142])>>)<<origin(<none> (implicit)) ([ensures @ file LoopContractExamplesAll.java @ line 141, requires @ file LoopContractExamplesAll.java @ line 139, requires @ file LoopContractExamplesAll.java @ line 140, decreases @ file LoopContractExamplesAll.java @ line 143, assignable @ file LoopContractExamplesAll.java @ line 142])>>]
	at de.uka.ilkd.key.logic.Sequent.getFormulabyNr(Sequent.java:291)

111072     WARN  main            d.u.i.k.p.r.p.ForkedTestFileRunner Run failed java.lang.Exception: Exception while loading proof (see cause for details): /home/runner/work/key/key/key.core/../key.ui/examples/heap/block_loop_contracts/SimpleVariants/sum_onLoop_internal.key.proof
	at de.uka.ilkd.key.proof.runallproofs.proofcollection.TestFile.reloadProof(TestFile.java:314)
Caused by: de.uka.ilkd.key.proof.io.ProblemLoaderException: Error loading proof.
Line 207, goal 116, rule One Step Simplification not available or not applicable in this context.
	at de.uka.ilkd.key.proof.io.IntermediateProofReplayer.reportError(IntermediateProofReplayer.java:782)
Caused by: de.uka.ilkd.key.proof.io.IntermediateProofReplayer$BuiltInConstructionException: Wrong position information.
	at de.uka.ilkd.key.proof.io.IntermediateProofReplayer.constructBuiltinApp(IntermediateProofReplayer.java:595)
Caused by: java.lang.RuntimeException: No formula nr. 10 in seq. [geq(init_anonOut_sum_1,Z(0(#)))<<origin(<none> (implicit)) ([assignable @ file LoopContractExamplesAll.java @ line 142])>>,geq(length(arr),init_anonOut_sum_1)<<origin(<none> (implicit)) ([assignable @ file LoopContractExamplesAll.java @ line 142])>>,equals(bsum{i:int}(Z(0(#)),init_anonOut_sum_1,int::select(anon(heap,empty,init_anonOut_heap<<anonHeapFunction>>),arr<<origin(assignable @ file LoopContractExamplesAll.java @ line 142) ([])>>,arr(i))),init_anonOut_idx)<<origin(<none> (implicit)) ([assignable @ file LoopContractExamplesAll.java @ line 142])>>,wellFormed(anon(heap,empty,init_anonOut_heap<<anonHeapFunction>>))<<origin(assignable @ file LoopContractExamplesAll.java @ line 142) ([])>>,wellFormed(heap)<<origin(requires (implicit)) ([])>>,equals(boolean::select(heap,arr,java.lang.Object::<created>),TRUE)<<origin(requires (implicit)) ([])>>,measuredByEmpty<<origin(requires (implicit)) ([])>>]==>[equals(arr,null)<<origin(requires @ file LoopContractExamplesAll.java @ line 131) ([])>>,update-application(elem-update(i_1)(length(arr_1<<origin(<none> (implicit)) ([ensures @ file LoopContractExamplesAll.java @ line 141, requires @ file LoopContractExamplesAll.java @ line 139, requires @ file LoopContractExamplesAll.java @ line 140, decreases @ file LoopContractExamplesAll.java @ line 143, assignable @ file LoopContractExamplesAll.java @ line 142])>>))<<origin(<none> (implicit)) ([ensures @ file LoopContractExamplesAll.java @ line 141, requires @ file LoopContractExamplesAll.java @ line 139, requires @ file LoopContractExamplesAll.java @ line 140, decreases @ file LoopContractExamplesAll.java @ line 143, assignable @ file LoopContractExamplesAll.java @ line 142])>>,\<{
  method-frame (
    source=sum_loopContract_onLoop(int[])@LoopContractExamplesAll
  ) {
    breakOut:
    try {
      cond = i < i_1;
    } catch (java.lang.Throwable e#28) {
      exc_0_1 = e#28;
    }
  }
}\> (and(and(imp(not(equals(exc_0_1,null)),and(and(equals(exc_0_1,null),equals(bsum{i:int}(Z(0(#)),length(_arr),int::select(heap,_arr,arr(i))),sum_1<<origin(ensures @ file LoopContractExamplesAll.java @ line 141) ([])>>)<<origin(ensures @ file LoopContractExamplesAll.java @ line 141) ([ensures @ file LoopContractExamplesAll.java @ line 141])>>)<<origin(ensures @ file LoopContractExamplesAll.java @ line 141) ([ensures @ file LoopContractExamplesAll.java @ line 141])>>,all{f:Field}(all{o:java.lang.Object}(or(and(not(equals(o,null)),not(equals(boolean::select(heap_Before_BLOCK,o,java.lang.Object::<created>),TRUE))),equals(any::select(heap_Before_BLOCK,o,f),any::select(heap,o,f))))))<<origin(ensures @ file LoopContractExamplesAll.java @ line 141) ([ensures @ file LoopContractExamplesAll.java @ line 141])>>)<<origin(ensures @ file LoopContractExamplesAll.java @ line 141) ([ensures @ file LoopContractExamplesAll.java @ line 141])>>,imp(and(equals(exc_0_1,null),not(equals(cond,TRUE))),update-application(elem-update(exc_0_1)(null)<<origin(ensures @ file LoopContractExamplesAll.java @ line 141) ([])>>,\<{
  method-frame (
    source=sum_loopContract_onLoop(int[])@LoopContractExamplesAll
  ) {
    breakOut:
    try {} catch (java.lang.Throwable e#28) {
      exc_0_1 = e#28;
    }
  }
}\> (and(and(equals(exc_0_1,null),equals(bsum{i:int}(Z(0(#)),length(_arr),int::select(heap,_arr,arr(i))),sum_1<<origin(ensures @ file LoopContractExamplesAll.java @ line 141) ([])>>)<<origin(ensures @ file LoopContractExamplesAll.java @ line 141) ([ensures @ file LoopContractExamplesAll.java @ line 141])>>)<<origin(ensures @ file LoopContractExamplesAll.java @ line 141) ([ensures @ file LoopContractExamplesAll.java @ line 141])>>,all{f:Field}(all{o:java.lang.Object}(or(and(not(equals(o,null)),not(equals(boolean::select(heap_Before_BLOCK,o,java.lang.Object::<created>),TRUE))),equals(any::select(heap_Before_BLOCK,o,f),any::select(heap,o,f))))))<<origin(ensures @ file LoopContractExamplesAll.java @ line 141) ([ensures @ file LoopContractExamplesAll.java @ line 141])>>)<<origin(ensures @ file LoopContractExamplesAll.java @ line 141) ([ensures @ file LoopContractExamplesAll.java @ line 141])>>)<<origin(ensures @ file LoopContractExamplesAll.java @ line 141) ([ensures @ file LoopContractExamplesAll.java @ line 141])>>)<<origin(ensures @ file LoopContractExamplesAll.java @ line 141) ([ensures @ file LoopContractExamplesAll.java @ line 141])>>)<<origin(ensures @ file LoopContractExamplesAll.java @ line 141) ([ensures @ file LoopContractExamplesAll.java @ line 141])>>,imp(and(equals(exc_0_1,null),equals(cond,TRUE)),update-application(elem-update(exc_0_1)(null),\<{
  method-frame (
    source=sum_loopContract_onLoop(int[])@LoopContractExamplesAll
  ) {
    breakOut:
    try {
      continueLoop:
      {
        el = arr_1[idx];
        {
          sum_1 += el;
        }
      }
      {
        idx++;
      }
    } catch (java.lang.Throwable e#28) {
      exc_0_1 = e#28;
    }
  }
}\> (and(imp(not(equals(exc_0_1,null)),and(and(equals(exc_0_1,null),equals(bsum{i:int}(Z(0(#)),length(_arr),int::select(heap,_arr,arr(i))),sum_1<<origin(ensures @ file LoopContractExamplesAll.java @ line 141) ([])>>)<<origin(ensures @ file LoopContractExamplesAll.java @ line 141) ([ensures @ file LoopContractExamplesAll.java @ line 141])>>)<<origin(ensures @ file LoopContractExamplesAll.java @ line 141) ([ensures @ file LoopContractExamplesAll.java @ line 141])>>,all{f:Field}(all{o:java.lang.Object}(or(and(not(equals(o,null)),not(equals(boolean::select(heap_Before_BLOCK,o,java.lang.Object::<created>),TRUE))),equals(any::select(heap_Before_BLOCK,o,f),any::select(heap,o,f))))))<<origin(ensures @ file LoopContractExamplesAll.java @ line 141) ([ensures @ file LoopContractExamplesAll.java @ line 141])>>)<<origin(ensures @ file LoopContractExamplesAll.java @ line 141) ([ensures @ file LoopContractExamplesAll.java @ line 141])>>,imp(equals(exc_0_1,null),and(and(and(and(and(and(measuredByEmpty,and(and(and(not(equals(_arr,null)),geq(idx,Z(0(#))))<<SC>>,geq(length(_arr),idx))<<SC, origin(requires @ file LoopContractExamplesAll.java @ line 139) ([])>>,equals(bsum{i:int}(Z(0(#)),idx,int::select(heap,_arr,arr(i))),sum_1<<origin(requires @ file LoopContractExamplesAll.java @ line 140) ([])>>)<<origin(requires @ file LoopContractExamplesAll.java @ line 140) ([requires @ file LoopContractExamplesAll.java @ line 140])>>)<<SC, origin(<none> (implicit)) ([requires @ file LoopContractExamplesAll.java @ line 139, requires @ file LoopContractExamplesAll.java @ line 140])>>)<<origin(<none> (implicit)) ([requires @ file LoopContractExamplesAll.java @ line 139, requires @ file LoopContractExamplesAll.java @ line 140])>>,geq(length(_arr),idx)<<origin(decreases @ file LoopContractExamplesAll.java @ line 143) ([])>>)<<origin(<none> (implicit)) ([requires @ file LoopContractExamplesAll.java @ line 139, requires @ file LoopContractExamplesAll.java @ line 140, decreases @ file LoopContractExamplesAll.java @ line 143])>>,wellFormed(heap))<<origin(<none> (implicit)) ([requires @ file LoopContractExamplesAll.java @ line 139, requires @ file LoopContractExamplesAll.java @ line 140, decreases @ file LoopContractExamplesAll.java @ line 143])>>,or(equals(arr_1,null),equals(boolean::select(heap,arr_1,java.lang.Object::<created>),TRUE))<<SC>>)<<origin(<none> (implicit)) ([requires @ file LoopContractExamplesAll.java @ line 139, requires @ file LoopContractExamplesAll.java @ line 140, decreases @ file LoopContractExamplesAll.java @ line 143])>>,leq(idx#30_Before_BLOCK#27<<origin(decreases @ file LoopContractExamplesAll.java @ line 143) ([])>>,add(Z(neglit(1(#))),idx))<<origin(decreases @ file LoopContractExamplesAll.java @ line 143) ([decreases @ file LoopContractExamplesAll.java @ line 143])>>)<<origin(<none> (implicit)) ([requires @ file LoopContractExamplesAll.java @ line 139, requires @ file LoopContractExamplesAll.java @ line 140, decreases @ file LoopContractExamplesAll.java @ line 143])>>,and(imp(not(equals(exc_0_1,null))<<origin(assignable @ file LoopContractExamplesAll.java @ line 142) ([])>>,imp(and(and(equals(exc_0_1,null)<<origin(assignable @ file LoopContractExamplesAll.java @ line 142) ([])>>,equals(bsum{i:int}(Z(0(#)),length(_arr),int::select(anon(heap,empty,anonOut_heap<<anonHeapFunction>>),_arr<<origin(assignable @ file LoopContractExamplesAll.java @ line 142) ([])>>,arr(i))),anonOut_idx_0)<<origin(<none> (implicit)) ([assignable @ file LoopContractExamplesAll.java @ line 142])>>)<<origin(<none> (implicit)) ([assignable @ file LoopContractExamplesAll.java @ line 142])>>,all{f:Field}(all{o:java.lang.Object}(or(and(not(equals(o,null)),not(equals(boolean::select(heap,o,java.lang.Object::<created>),TRUE)))<<origin(assignable @ file LoopContractExamplesAll.java @ line 142) ([])>>,equals(any::select(anon(heap,empty,anonOut_heap<<anonHeapFunction>>),o,f),any::select(heap,o,f))<<origin(assignable @ file LoopContractExamplesAll.java @ line 142) ([])>>)<<origin(assignable @ file LoopContractExamplesAll.java @ line 142) ([assignable @ file LoopContractExamplesAll.java @ line 142])>>)<<origin(assignable @ file LoopContractExamplesAll.java @ line 142) ([assignable @ file LoopContractExamplesAll.java @ line 142])>>)<<origin(assignable @ file LoopContractExamplesAll.java @ line 142) ([assignable @ file LoopContractExamplesAll.java @ line 142])>>)<<origin(<none> (implicit)) ([assignable @ file LoopContractExamplesAll.java @ line 142])>>,and(and(equals(exc_0_1,null)<<origin(assignable @ file LoopContractExamplesAll.java @ line 142) ([])>>,equals(bsum{i:int}(Z(0(#)),length(_arr),int::select(anon(heap,empty,anonOut_heap<<anonHeapFunction>>),_arr<<origin(assignable @ file LoopContractExamplesAll.java @ line 142) ([])>>,arr(i))),anonOut_idx_0)<<origin(<none> (implicit)) ([assignable @ file LoopContractExamplesAll.java @ line 142])>>)<<origin(<none> (implicit)) ([assignable @ file LoopContractExamplesAll.java @ line 142])>>,all{f:Field}(all{o:java.lang.Object}(or(and(not(equals(o,null)),not(equals(boolean::select(heap_Before_BLOCK,o,java.lang.Object::<created>),TRUE)))<<origin(assignable @ file LoopContractExamplesAll.java @ line 142) ([])>>,equals(any::select(anon(heap,empty,anonOut_heap<<anonHeapFunction>>),o,f),any::select(heap_Before_BLOCK,o,f))<<origin(assignable @ file LoopContractExamplesAll.java @ line 142) ([])>>)<<origin(assignable @ file LoopContractExamplesAll.java @ line 142) ([assignable @ file LoopContractExamplesAll.java @ line 142])>>)<<origin(assignable @ file LoopContractExamplesAll.java @ line 142) ([assignable @ file LoopContractExamplesAll.java @ line 142])>>)<<origin(assignable @ file LoopContractExamplesAll.java @ line 142) ([assignable @ file LoopContractExamplesAll.java @ line 142])>>)<<origin(<none> (implicit)) ([assignable @ file LoopContractExamplesAll.java @ line 142])>>)<<origin(<none> (implicit)) ([assignable @ file LoopContractExamplesAll.java @ line 142])>>)<<origin(<none> (implicit)) ([assignable @ file LoopContractExamplesAll.java @ line 142])>>,imp(equals(exc_0_1,null)<<origin(assignable @ file LoopContractExamplesAll.java @ line 142) ([])>>,update-application(parallel-upd(parallel-upd(elem-update(heap_Before_BLOCK_NEXT)(heap),parallel-upd(elem-update(sum_1)(anonOut_idx_0),elem-update(heap)(anon(heap,empty,anonOut_heap<<anonHeapFunction>>))<<origin(assignable @ file LoopContractExamplesAll.java @ line 142) ([])>>)<<origin(assignable @ file LoopContractExamplesAll.java @ line 142) ([assignable @ file LoopContractExamplesAll.java @ line 142])>>)<<origin(<none> (implicit)) ([assignable @ file LoopContractExamplesAll.java @ line 142])>>,elem-update(exc_0_1)(null)<<origin(ensures @ file LoopContractExamplesAll.java @ line 141) ([])>>)<<origin(<none> (implicit)) ([assignable @ file LoopContractExamplesAll.java @ line 142, ensures @ file LoopContractExamplesAll.java @ line 141])>>,\<{
  method-frame (
    source=sum_loopContract_onLoop(int[])@LoopContractExamplesAll
  ) {
    breakOut:
    try {} catch (java.lang.Throwable e#28) {
      exc_0_1 = e#28;
    }
  }
}\> (imp(and(and(equals(exc_0_1,null),equals(bsum{i:int}(Z(0(#)),length(_arr),int::select(heap,_arr,arr(i))),sum_1<<origin(ensures @ file LoopContractExamplesAll.java @ line 141) ([])>>)<<origin(ensures @ file LoopContractExamplesAll.java @ line 141) ([ensures @ file LoopContractExamplesAll.java @ line 141])>>)<<origin(ensures @ file LoopContractExamplesAll.java @ line 141) ([ensures @ file LoopContractExamplesAll.java @ line 141])>>,all{f:Field}(all{o:java.lang.Object}(or(and(not(equals(o,null)),not(equals(boolean::select(heap_Before_BLOCK_NEXT,o,java.lang.Object::<created>),TRUE))),equals(any::select(heap_Before_BLOCK_NEXT,o,f),any::select(heap,o,f))))))<<origin(ensures @ file LoopContractExamplesAll.java @ line 141) ([ensures @ file LoopContractExamplesAll.java @ line 141])>>,and(and(equals(exc_0_1,null),equals(bsum{i:int}(Z(0(#)),length(_arr),int::select(heap,_arr,arr(i))),sum_1<<origin(ensures @ file LoopContractExamplesAll.java @ line 141) ([])>>)<<origin(ensures @ file LoopContractExamplesAll.java @ line 141) ([ensures @ file LoopContractExamplesAll.java @ line 141])>>)<<origin(ensures @ file LoopContractExamplesAll.java @ line 141) ([ensures @ file LoopContractExamplesAll.java @ line 141])>>,all{f:Field}(all{o:java.lang.Object}(or(and(not(equals(o,null)),not(equals(boolean::select(heap_Before_BLOCK,o,java.lang.Object::<created>),TRUE))),equals(any::select(heap_Before_BLOCK,o,f),any::select(heap,o,f))))))<<origin(ensures @ file LoopContractExamplesAll.java @ line 141) ([ensures @ file LoopContractExamplesAll.java @ line 141])>>)<<origin(ensures @ file LoopContractExamplesAll.java @ line 141) ([ensures @ file LoopContractExamplesAll.java @ line 141])>>)<<origin(ensures @ file LoopContractExamplesAll.java @ line 141) ([ensures @ file LoopContractExamplesAll.java @ line 141])>>)<<origin(<none> (implicit)) ([assignable @ file LoopContractExamplesAll.java @ line 142, ensures @ file LoopContractExamplesAll.java @ line 141])>>)<<origin(<none> (implicit)) ([assignable @ file LoopContractExamplesAll.java @ line 142, ensures @ file LoopContractExamplesAll.java @ line 141])>>)<<origin(<none> (implicit)) ([assignable @ file LoopContractExamplesAll.java @ line 142, ensures @ file LoopContractExamplesAll.java @ line 141])>>)<<origin(<none> (implicit)) ([requires @ file LoopContractExamplesAll.java @ line 139, requires @ file LoopContractExamplesAll.java @ line 140, decreases @ file LoopContractExamplesAll.java @ line 143, assignable @ file LoopContractExamplesAll.java @ line 142, ensures @ file LoopContractExamplesAll.java @ line 141])>>)<<origin(<none> (implicit)) ([requires @ file LoopContractExamplesAll.java @ line 139, requires @ file LoopContractExamplesAll.java @ line 140, decreases @ file LoopContractExamplesAll.java @ line 143, assignable @ file LoopContractExamplesAll.java @ line 142, ensures @ file LoopContractExamplesAll.java @ line 141])>>)<<origin(<none> (implicit)) ([ensures @ file LoopContractExamplesAll.java @ line 141, requires @ file LoopContractExamplesAll.java @ line 139, requires @ file LoopContractExamplesAll.java @ line 140, decreases @ file LoopContractExamplesAll.java @ line 143, assignable @ file LoopContractExamplesAll.java @ line 142])>>)<<origin(<none> (implicit)) ([ensures @ file LoopContractExamplesAll.java @ line 141, requires @ file LoopContractExamplesAll.java @ line 139, requires @ file LoopContractExamplesAll.java @ line 140, decreases @ file LoopContractExamplesAll.java @ line 143, assignable @ file LoopContractExamplesAll.java @ line 142])>>)<<origin(<none> (implicit)) ([ensures @ file LoopContractExamplesAll.java @ line 141, requires @ file LoopContractExamplesAll.java @ line 139, requires @ file LoopContractExamplesAll.java @ line 140, decreases @ file LoopContractExamplesAll.java @ line 143, assignable @ file LoopContractExamplesAll.java @ line 142])>>)<<origin(<none> (implicit)) ([ensures @ file LoopContractExamplesAll.java @ line 141, requires @ file LoopContractExamplesAll.java @ line 139, requires @ file LoopContractExamplesAll.java @ line 140, decreases @ file LoopContractExamplesAll.java @ line 143, assignable @ file LoopContractExamplesAll.java @ line 142])>>)<<origin(<none> (implicit)) ([ensures @ file LoopContractExamplesAll.java @ line 141, requires @ file LoopContractExamplesAll.java @ line 139, requires @ file LoopContractExamplesAll.java @ line 140, decreases @ file LoopContractExamplesAll.java @ line 143, assignable @ file LoopContractExamplesAll.java @ line 142])>>)<<origin(<none> (implicit)) ([ensures @ file LoopContractExamplesAll.java @ line 141, requires @ file LoopContractExamplesAll.java @ line 139, requires @ file LoopContractExamplesAll.java @ line 140, decreases @ file LoopContractExamplesAll.java @ line 143, assignable @ file LoopContractExamplesAll.java @ line 142])>>)<<origin(<none> (implicit)) ([ensures @ file LoopContractExamplesAll.java @ line 141, requires @ file LoopContractExamplesAll.java @ line 139, requires @ file LoopContractExamplesAll.java @ line 140, decreases @ file LoopContractExamplesAll.java @ line 143, assignable @ file LoopContractExamplesAll.java @ line 142])>>]
	at de.uka.ilkd.key.logic.Sequent.getFormulabyNr(Sequent.java:291)

111075     INFO  main            d.u.i.k.p.r.p.TestFile    Now processing file /home/runner/work/key/key/key.core/../key.ui/examples/heap/block_loop_contracts/SimpleVariants/sum_onLoop_loop.key 
111076     INFO  main            d.u.i.k.p.i.AbstractProblemLoader Loading environment from /home/runner/work/key/key/key.core/../key.ui/examples/heap/block_loop_contracts/SimpleVariants/sum_onLoop_loop.key 
111080     DEBUG main            d.u.i.k.p.i.AbstractProblemLoader Environment load took 4.37ms 
111081     INFO  main            d.u.i.k.p.i.AbstractProblemLoader Creating init config 
113901     DEBUG main            d.u.i.k.p.i.AbstractProblemLoader Init config took 2.82s 
113936     INFO  main            d.u.i.k.p.i.AbstractProblemLoader Replaying proof LoopContractExamplesAll[LoopContractExamplesAll::sum_loopContract_onLoop([I)].JML normal_behavior loop contract.0 
113937     DEBUG main            d.u.i.k.p.i.IntermediateProofReplayer Proof replay took 12ns 
114640     INFO  main            d.u.i.k.p.r.p.TestFile    ... finished proof: closed. 
114900     INFO  main            d.u.i.k.p.i.AbstractProblemLoader Loading environment from /home/runner/work/key/key/key.core/../key.ui/examples/heap/block_loop_contracts/SimpleVariants/sum_onLoop_loop.key.proof 
114900     DEBUG main            d.u.i.k.p.i.AbstractProblemLoader Environment load took 101.4ns 
114902     INFO  main            d.u.i.k.p.i.AbstractProblemLoader Creating init config 
117601     DEBUG main            d.u.i.k.p.i.AbstractProblemLoader Init config took 2.7s 
117650     INFO  main            d.u.i.k.p.i.AbstractProblemLoader Replaying proof LoopContractExamplesAll[LoopContractExamplesAll::sum_loopContract_onLoop([I)].JML normal_behavior loop contract.0 
117793     DEBUG main            d.u.i.k.p.i.IntermediateProofReplayer Proof replay took 138.39ms 
117793     WARN  main            d.u.i.k.p.r.p.TestFile    Replay exception de.uka.ilkd.key.proof.io.ProblemLoaderException: Error loading proof.
Line 227, goal 136, rule One Step Simplification not available or not applicable in this context.
	at de.uka.ilkd.key.proof.io.IntermediateProofReplayer.reportError(IntermediateProofReplayer.java:782)
Caused by: de.uka.ilkd.key.proof.io.IntermediateProofReplayer$BuiltInConstructionException: Wrong position information.
	at de.uka.ilkd.key.proof.io.IntermediateProofReplayer.constructBuiltinApp(IntermediateProofReplayer.java:595)
Caused by: java.lang.RuntimeException: No formula nr. 16 in seq. [geq(init_anonOut_sum,Z(0(#)))<<origin(requires @ file LoopContractExamplesAll.java @ line 139) ([])>>,geq(length(anonIn_arr),init_anonOut_sum)<<origin(requires @ file LoopContractExamplesAll.java @ line 139) ([])>>,equals(bsum{i:int}(Z(0(#)),init_anonOut_sum,int::select(anon(anon(heap,allLocs,anonIn_heap<<anonHeapFunction>>),empty,init_anonOut_heap<<anonHeapFunction>>),anonIn_arr,arr(i))),init_anonOut_idx)<<origin(requires @ file LoopContractExamplesAll.java @ line 140) ([])>>,wellFormed(anon(anon(heap,allLocs,anonIn_heap<<anonHeapFunction>>),empty,init_anonOut_heap<<anonHeapFunction>>))<<origin(<none> (implicit)) ([requires @ file LoopContractExamplesAll.java @ line 139, requires @ file LoopContractExamplesAll.java @ line 140, decreases @ file LoopContractExamplesAll.java @ line 143])>>,equals(if-then-else(equals(boolean::select(heap,anonIn_arr,java.lang.Object::<created>),TRUE),boolean::select(heap,anonIn_arr,java.lang.Object::<created>),boolean::select(anonIn_heap<<anonHeapFunction>>,anonIn_arr,java.lang.Object::<created>)),java_lang_Object_created__1<<selectSK>>),or(equals(java_lang_Object_created__1<<selectSK>>,TRUE),equals(boolean::select(init_anonOut_heap<<anonHeapFunction>>,anonIn_arr,java.lang.Object::<created>),TRUE)),measuredByEmpty<<origin(<none> (implicit)) ([requires @ file LoopContractExamplesAll.java @ line 139, requires @ file LoopContractExamplesAll.java @ line 140])>>,equals(anonIn_sum,Z(0(#)))<<origin(requires @ file LoopContractExamplesAll.java @ line 140) ([])>>,geq(length(anonIn_arr),Z(0(#)))<<origin(decreases @ file LoopContractExamplesAll.java @ line 143) ([])>>,wellFormed(anon(heap,allLocs,anonIn_heap<<anonHeapFunction>>))<<origin(<none> (implicit)) ([requires @ file LoopContractExamplesAll.java @ line 139, requires @ file LoopContractExamplesAll.java @ line 140, decreases @ file LoopContractExamplesAll.java @ line 143])>>,or(equals(boolean::select(heap,anonIn_arr,java.lang.Object::<created>),TRUE),equals(boolean::select(anonIn_heap<<anonHeapFunction>>,anonIn_arr,java.lang.Object::<created>),TRUE))<<origin(<none> (implicit)) ([requires @ file LoopContractExamplesAll.java @ line 139, requires @ file LoopContractExamplesAll.java @ line 140, decreases @ file LoopContractExamplesAll.java @ line 143])>>,wellFormed(heap),wellFormed(anonIn_heap<<anonHeapFunction>>)]==>[equals(anonIn_arr,null)<<origin(requires @ file LoopContractExamplesAll.java @ line 139) ([])>>,update-application(elem-update(i_1)(length(arr_1<<origin(<none> (implicit)) ([ensures @ file LoopContractExamplesAll.java @ line 141, requires @ file LoopContractExamplesAll.java @ line 139, requires @ file LoopContractExamplesAll.java @ line 140, decreases @ file LoopContractExamplesAll.java @ line 143, assignable @ file LoopContractExamplesAll.java @ line 142])>>))<<origin(<none> (implicit)) ([ensures @ file LoopContractExamplesAll.java @ line 141, requires @ file LoopContractExamplesAll.java @ line 139, requires @ file LoopContractExamplesAll.java @ line 140, decreases @ file LoopContractExamplesAll.java @ line 143, assignable @ file LoopContractExamplesAll.java @ line 142])>>,\<{
  method-frame (
    source=sum_loopContract_onLoop(int[])@LoopContractExamplesAll
  ) {
    breakOut:
    try {
      cond = i < i_1;
    } catch (java.lang.Throwable e#28) {
      exc_0_1 = e#28;
    }
  }
}\> (and(and(imp(not(equals(exc_0_1,null)),and(and(equals(exc_0_1,null),equals(bsum{i:int}(Z(0(#)),length(arr),int::select(heap,arr,arr(i))),sum<<origin(ensures @ file LoopContractExamplesAll.java @ line 141) ([])>>)<<origin(ensures @ file LoopContractExamplesAll.java @ line 141) ([ensures @ file LoopContractExamplesAll.java @ line 141])>>)<<origin(ensures @ file LoopContractExamplesAll.java @ line 141) ([ensures @ file LoopContractExamplesAll.java @ line 141])>>,all{f:Field}(all{o:java.lang.Object}(or(and(not(equals(o,null)),not(equals(boolean::select(heap_Before_BLOCK_0,o,java.lang.Object::<created>),TRUE))),equals(any::select(heap_Before_BLOCK_0,o,f),any::select(heap,o,f))))))<<origin(ensures @ file LoopContractExamplesAll.java @ line 141) ([ensures @ file LoopContractExamplesAll.java @ line 141])>>)<<origin(ensures @ file LoopContractExamplesAll.java @ line 141) ([ensures @ file LoopContractExamplesAll.java @ line 141])>>,imp(and(equals(exc_0_1,null),not(equals(cond,TRUE))),update-application(elem-update(exc_0_1)(null)<<origin(ensures @ file LoopContractExamplesAll.java @ line 141) ([])>>,\<{
  method-frame (
    source=sum_loopContract_onLoop(int[])@LoopContractExamplesAll
  ) {
    breakOut:
    try {} catch (java.lang.Throwable e#28) {
      exc_0_1 = e#28;
    }
  }
}\> (and(and(equals(exc_0_1,null),equals(bsum{i:int}(Z(0(#)),length(arr),int::select(heap,arr,arr(i))),sum<<origin(ensures @ file LoopContractExamplesAll.java @ line 141) ([])>>)<<origin(ensures @ file LoopContractExamplesAll.java @ line 141) ([ensures @ file LoopContractExamplesAll.java @ line 141])>>)<<origin(ensures @ file LoopContractExamplesAll.java @ line 141) ([ensures @ file LoopContractExamplesAll.java @ line 141])>>,all{f:Field}(all{o:java.lang.Object}(or(and(not(equals(o,null)),not(equals(boolean::select(heap_Before_BLOCK_0,o,java.lang.Object::<created>),TRUE))),equals(any::select(heap_Before_BLOCK_0,o,f),any::select(heap,o,f))))))<<origin(ensures @ file LoopContractExamplesAll.java @ line 141) ([ensures @ file LoopContractExamplesAll.java @ line 141])>>)<<origin(ensures @ file LoopContractExamplesAll.java @ line 141) ([ensures @ file LoopContractExamplesAll.java @ line 141])>>)<<origin(ensures @ file LoopContractExamplesAll.java @ line 141) ([ensures @ file LoopContractExamplesAll.java @ line 141])>>)<<origin(ensures @ file LoopContractExamplesAll.java @ line 141) ([ensures @ file LoopContractExamplesAll.java @ line 141])>>)<<origin(ensures @ file LoopContractExamplesAll.java @ line 141) ([ensures @ file LoopContractExamplesAll.java @ line 141])>>,imp(and(equals(exc_0_1,null),equals(cond,TRUE)),update-application(elem-update(exc_0_1)(null),\<{
  method-frame (
    source=sum_loopContract_onLoop(int[])@LoopContractExamplesAll
  ) {
    breakOut:
    try {
      continueLoop:
      {
        el = arr_1[idx];
        {
          sum += el;
        }
      }
      {
        idx++;
      }
    } catch (java.lang.Throwable e#28) {
      exc_0_1 = e#28;
    }
  }
}\> (and(imp(not(equals(exc_0_1,null)),and(and(equals(exc_0_1,null),equals(bsum{i:int}(Z(0(#)),length(arr),int::select(heap,arr,arr(i))),sum<<origin(ensures @ file LoopContractExamplesAll.java @ line 141) ([])>>)<<origin(ensures @ file LoopContractExamplesAll.java @ line 141) ([ensures @ file LoopContractExamplesAll.java @ line 141])>>)<<origin(ensures @ file LoopContractExamplesAll.java @ line 141) ([ensures @ file LoopContractExamplesAll.java @ line 141])>>,all{f:Field}(all{o:java.lang.Object}(or(and(not(equals(o,null)),not(equals(boolean::select(heap_Before_BLOCK_0,o,java.lang.Object::<created>),TRUE))),equals(any::select(heap_Before_BLOCK_0,o,f),any::select(heap,o,f))))))<<origin(ensures @ file LoopContractExamplesAll.java @ line 141) ([ensures @ file LoopContractExamplesAll.java @ line 141])>>)<<origin(ensures @ file LoopContractExamplesAll.java @ line 141) ([ensures @ file LoopContractExamplesAll.java @ line 141])>>,imp(equals(exc_0_1,null),and(and(and(and(and(and(measuredByEmpty,and(and(and(not(equals(arr,null)),geq(idx,Z(0(#))))<<SC>>,geq(length(arr),idx))<<SC, origin(requires @ file LoopContractExamplesAll.java @ line 139) ([])>>,equals(bsum{i:int}(Z(0(#)),idx,int::select(heap,arr,arr(i))),sum<<origin(requires @ file LoopContractExamplesAll.java @ line 140) ([])>>)<<origin(requires @ file LoopContractExamplesAll.java @ line 140) ([requires @ file LoopContractExamplesAll.java @ line 140])>>)<<SC, origin(<none> (implicit)) ([requires @ file LoopContractExamplesAll.java @ line 139, requires @ file LoopContractExamplesAll.java @ line 140])>>)<<origin(<none> (implicit)) ([requires @ file LoopContractExamplesAll.java @ line 139, requires @ file LoopContractExamplesAll.java @ line 140])>>,geq(length(arr),idx)<<origin(decreases @ file LoopContractExamplesAll.java @ line 143) ([])>>)<<origin(<none> (implicit)) ([requires @ file LoopContractExamplesAll.java @ line 139, requires @ file LoopContractExamplesAll.java @ line 140, decreases @ file LoopContractExamplesAll.java @ line 143])>>,wellFormed(heap))<<origin(<none> (implicit)) ([requires @ file LoopContractExamplesAll.java @ line 139, requires @ file LoopContractExamplesAll.java @ line 140, decreases @ file LoopContractExamplesAll.java @ line 143])>>,or(equals(arr_1,null),equals(boolean::select(heap,arr_1,java.lang.Object::<created>),TRUE))<<SC>>)<<origin(<none> (implicit)) ([requires @ file LoopContractExamplesAll.java @ line 139, requires @ file LoopContractExamplesAll.java @ line 140, decreases @ file LoopContractExamplesAll.java @ line 143])>>,leq(idx#19_Before_BLOCK#20_0<<origin(decreases @ file LoopContractExamplesAll.java @ line 143) ([])>>,add(Z(neglit(1(#))),idx))<<origin(decreases @ file LoopContractExamplesAll.java @ line 143) ([decreases @ file LoopContractExamplesAll.java @ line 143])>>)<<origin(<none> (implicit)) ([requires @ file LoopContractExamplesAll.java @ line 139, requires @ file LoopContractExamplesAll.java @ line 140, decreases @ file LoopContractExamplesAll.java @ line 143])>>,and(imp(not(equals(exc_0_1,null))<<origin(assignable @ file LoopContractExamplesAll.java @ line 142) ([])>>,imp(and(and(equals(exc_0_1,null)<<origin(assignable @ file LoopContractExamplesAll.java @ line 142) ([])>>,equals(bsum{i:int}(Z(0(#)),length(arr),int::select(anon(heap,empty,anonOut_heap_0<<anonHeapFunction>>),arr<<origin(assignable @ file LoopContractExamplesAll.java @ line 142) ([])>>,arr(i))),anonOut_idx_0)<<origin(<none> (implicit)) ([assignable @ file LoopContractExamplesAll.java @ line 142])>>)<<origin(<none> (implicit)) ([assignable @ file LoopContractExamplesAll.java @ line 142])>>,all{f:Field}(all{o:java.lang.Object}(or(and(not(equals(o,null)),not(equals(boolean::select(heap,o,java.lang.Object::<created>),TRUE)))<<origin(assignable @ file LoopContractExamplesAll.java @ line 142) ([])>>,equals(any::select(anon(heap,empty,anonOut_heap_0<<anonHeapFunction>>),o,f),any::select(heap,o,f))<<origin(assignable @ file LoopContractExamplesAll.java @ line 142) ([])>>)<<origin(assignable @ file LoopContractExamplesAll.java @ line 142) ([assignable @ file LoopContractExamplesAll.java @ line 142])>>)<<origin(assignable @ file LoopContractExamplesAll.java @ line 142) ([assignable @ file LoopContractExamplesAll.java @ line 142])>>)<<origin(assignable @ file LoopContractExamplesAll.java @ line 142) ([assignable @ file LoopContractExamplesAll.java @ line 142])>>)<<origin(<none> (implicit)) ([assignable @ file LoopContractExamplesAll.java @ line 142])>>,and(and(equals(exc_0_1,null)<<origin(assignable @ file LoopContractExamplesAll.java @ line 142) ([])>>,equals(bsum{i:int}(Z(0(#)),length(arr),int::select(anon(heap,empty,anonOut_heap_0<<anonHeapFunction>>),arr<<origin(assignable @ file LoopContractExamplesAll.java @ line 142) ([])>>,arr(i))),anonOut_idx_0)<<origin(<none> (implicit)) ([assignable @ file LoopContractExamplesAll.java @ line 142])>>)<<origin(<none> (implicit)) ([assignable @ file LoopContractExamplesAll.java @ line 142])>>,all{f:Field}(all{o:java.lang.Object}(or(and(not(equals(o,null)),not(equals(boolean::select(heap_Before_BLOCK_0,o,java.lang.Object::<created>),TRUE)))<<origin(assignable @ file LoopContractExamplesAll.java @ line 142) ([])>>,equals(any::select(anon(heap,empty,anonOut_heap_0<<anonHeapFunction>>),o,f),any::select(heap_Before_BLOCK_0,o,f))<<origin(assignable @ file LoopContractExamplesAll.java @ line 142) ([])>>)<<origin(assignable @ file LoopContractExamplesAll.java @ line 142) ([assignable @ file LoopContractExamplesAll.java @ line 142])>>)<<origin(assignable @ file LoopContractExamplesAll.java @ line 142) ([assignable @ file LoopContractExamplesAll.java @ line 142])>>)<<origin(assignable @ file LoopContractExamplesAll.java @ line 142) ([assignable @ file LoopContractExamplesAll.java @ line 142])>>)<<origin(<none> (implicit)) ([assignable @ file LoopContractExamplesAll.java @ line 142])>>)<<origin(<none> (implicit)) ([assignable @ file LoopContractExamplesAll.java @ line 142])>>)<<origin(<none> (implicit)) ([assignable @ file LoopContractExamplesAll.java @ line 142])>>,imp(equals(exc_0_1,null)<<origin(assignable @ file LoopContractExamplesAll.java @ line 142) ([])>>,update-application(parallel-upd(parallel-upd(elem-update(heap_Before_BLOCK_0_NEXT)(heap),parallel-upd(elem-update(sum)(anonOut_idx_0),elem-update(heap)(anon(heap,empty,anonOut_heap_0<<anonHeapFunction>>))<<origin(assignable @ file LoopContractExamplesAll.java @ line 142) ([])>>)<<origin(assignable @ file LoopContractExamplesAll.java @ line 142) ([assignable @ file LoopContractExamplesAll.java @ line 142])>>)<<origin(<none> (implicit)) ([assignable @ file LoopContractExamplesAll.java @ line 142])>>,elem-update(exc_0_1)(null)<<origin(ensures @ file LoopContractExamplesAll.java @ line 141) ([])>>)<<origin(<none> (implicit)) ([assignable @ file LoopContractExamplesAll.java @ line 142, ensures @ file LoopContractExamplesAll.java @ line 141])>>,\<{
  method-frame (
    source=sum_loopContract_onLoop(int[])@LoopContractExamplesAll
  ) {
    breakOut:
    try {} catch (java.lang.Throwable e#28) {
      exc_0_1 = e#28;
    }
  }
}\> (imp(and(and(equals(exc_0_1,null),equals(bsum{i:int}(Z(0(#)),length(arr),int::select(heap,arr,arr(i))),sum<<origin(ensures @ file LoopContractExamplesAll.java @ line 141) ([])>>)<<origin(ensures @ file LoopContractExamplesAll.java @ line 141) ([ensures @ file LoopContractExamplesAll.java @ line 141])>>)<<origin(ensures @ file LoopContractExamplesAll.java @ line 141) ([ensures @ file LoopContractExamplesAll.java @ line 141])>>,all{f:Field}(all{o:java.lang.Object}(or(and(not(equals(o,null)),not(equals(boolean::select(heap_Before_BLOCK_0_NEXT,o,java.lang.Object::<created>),TRUE))),equals(any::select(heap_Before_BLOCK_0_NEXT,o,f),any::select(heap,o,f))))))<<origin(ensures @ file LoopContractExamplesAll.java @ line 141) ([ensures @ file LoopContractExamplesAll.java @ line 141])>>,and(and(equals(exc_0_1,null),equals(bsum{i:int}(Z(0(#)),length(arr),int::select(heap,arr,arr(i))),sum<<origin(ensures @ file LoopContractExamplesAll.java @ line 141) ([])>>)<<origin(ensures @ file LoopContractExamplesAll.java @ line 141) ([ensures @ file LoopContractExamplesAll.java @ line 141])>>)<<origin(ensures @ file LoopContractExamplesAll.java @ line 141) ([ensures @ file LoopContractExamplesAll.java @ line 141])>>,all{f:Field}(all{o:java.lang.Object}(or(and(not(equals(o,null)),not(equals(boolean::select(heap_Before_BLOCK_0,o,java.lang.Object::<created>),TRUE))),equals(any::select(heap_Before_BLOCK_0,o,f),any::select(heap,o,f))))))<<origin(ensures @ file LoopContractExamplesAll.java @ line 141) ([ensures @ file LoopContractExamplesAll.java @ line 141])>>)<<origin(ensures @ file LoopContractExamplesAll.java @ line 141) ([ensures @ file LoopContractExamplesAll.java @ line 141])>>)<<origin(ensures @ file LoopContractExamplesAll.java @ line 141) ([ensures @ file LoopContractExamplesAll.java @ line 141])>>)<<origin(<none> (implicit)) ([assignable @ file LoopContractExamplesAll.java @ line 142, ensures @ file LoopContractExamplesAll.java @ line 141])>>)<<origin(<none> (implicit)) ([assignable @ file LoopContractExamplesAll.java @ line 142, ensures @ file LoopContractExamplesAll.java @ line 141])>>)<<origin(<none> (implicit)) ([assignable @ file LoopContractExamplesAll.java @ line 142, ensures @ file LoopContractExamplesAll.java @ line 141])>>)<<origin(<none> (implicit)) ([requires @ file LoopContractExamplesAll.java @ line 139, requires @ file LoopContractExamplesAll.java @ line 140, decreases @ file LoopContractExamplesAll.java @ line 143, assignable @ file LoopContractExamplesAll.java @ line 142, ensures @ file LoopContractExamplesAll.java @ line 141])>>)<<origin(<none> (implicit)) ([requires @ file LoopContractExamplesAll.java @ line 139, requires @ file LoopContractExamplesAll.java @ line 140, decreases @ file LoopContractExamplesAll.java @ line 143, assignable @ file LoopContractExamplesAll.java @ line 142, ensures @ file LoopContractExamplesAll.java @ line 141])>>)<<origin(<none> (implicit)) ([ensures @ file LoopContractExamplesAll.java @ line 141, requires @ file LoopContractExamplesAll.java @ line 139, requires @ file LoopContractExamplesAll.java @ line 140, decreases @ file LoopContractExamplesAll.java @ line 143, assignable @ file LoopContractExamplesAll.java @ line 142])>>)<<origin(<none> (implicit)) ([ensures @ file LoopContractExamplesAll.java @ line 141, requires @ file LoopContractExamplesAll.java @ line 139, requires @ file LoopContractExamplesAll.java @ line 140, decreases @ file LoopContractExamplesAll.java @ line 143, assignable @ file LoopContractExamplesAll.java @ line 142])>>)<<origin(<none> (implicit)) ([ensures @ file LoopContractExamplesAll.java @ line 141, requires @ file LoopContractExamplesAll.java @ line 139, requires @ file LoopContractExamplesAll.java @ line 140, decreases @ file LoopContractExamplesAll.java @ line 143, assignable @ file LoopContractExamplesAll.java @ line 142])>>)<<origin(<none> (implicit)) ([ensures @ file LoopContractExamplesAll.java @ line 141, requires @ file LoopContractExamplesAll.java @ line 139, requires @ file LoopContractExamplesAll.java @ line 140, decreases @ file LoopContractExamplesAll.java @ line 143, assignable @ file LoopContractExamplesAll.java @ line 142])>>)<<origin(<none> (implicit)) ([ensures @ file LoopContractExamplesAll.java @ line 141, requires @ file LoopContractExamplesAll.java @ line 139, requires @ file LoopContractExamplesAll.java @ line 140, decreases @ file LoopContractExamplesAll.java @ line 143, assignable @ file LoopContractExamplesAll.java @ line 142])>>)<<origin(<none> (implicit)) ([ensures @ file LoopContractExamplesAll.java @ line 141, requires @ file LoopContractExamplesAll.java @ line 139, requires @ file LoopContractExamplesAll.java @ line 140, decreases @ file LoopContractExamplesAll.java @ line 143, assignable @ file LoopContractExamplesAll.java @ line 142])>>)<<origin(<none> (implicit)) ([ensures @ file LoopContractExamplesAll.java @ line 141, requires @ file LoopContractExamplesAll.java @ line 139, requires @ file LoopContractExamplesAll.java @ line 140, decreases @ file LoopContractExamplesAll.java @ line 143, assignable @ file LoopContractExamplesAll.java @ line 142])>>]
	at de.uka.ilkd.key.logic.Sequent.getFormulabyNr(Sequent.java:291)

117794     WARN  main            d.u.i.k.p.r.p.TestFile    Replay exception de.uka.ilkd.key.proof.io.ProblemLoaderException: Error loading proof.
Line 438, goal 137, rule One Step Simplification not available or not applicable in this context.
	at de.uka.ilkd.key.proof.io.IntermediateProofReplayer.reportError(IntermediateProofReplayer.java:782)
Caused by: de.uka.ilkd.key.proof.io.IntermediateProofReplayer$BuiltInConstructionException: One Step Simplification is missing. Most probably the binary for this built-in rule is not in your path or you do not have the permission to execute it.
	at de.uka.ilkd.key.proof.io.IntermediateProofReplayer.constructBuiltinApp(IntermediateProofReplayer.java:630)

117794     DEBUG main            d.u.i.k.p.r.p.TestFile    Exception java.lang.Exception: Exception while loading proof (see cause for details): /home/runner/work/key/key/key.core/../key.ui/examples/heap/block_loop_contracts/SimpleVariants/sum_onLoop_loop.key.proof
	at de.uka.ilkd.key.proof.runallproofs.proofcollection.TestFile.reloadProof(TestFile.java:314)
Caused by: de.uka.ilkd.key.proof.io.ProblemLoaderException: Error loading proof.
Line 227, goal 136, rule One Step Simplification not available or not applicable in this context.
	at de.uka.ilkd.key.proof.io.IntermediateProofReplayer.reportError(IntermediateProofReplayer.java:782)
Caused by: de.uka.ilkd.key.proof.io.IntermediateProofReplayer$BuiltInConstructionException: Wrong position information.
	at de.uka.ilkd.key.proof.io.IntermediateProofReplayer.constructBuiltinApp(IntermediateProofReplayer.java:595)
Caused by: java.lang.RuntimeException: No formula nr. 16 in seq. [geq(init_anonOut_sum,Z(0(#)))<<origin(requires @ file LoopContractExamplesAll.java @ line 139) ([])>>,geq(length(anonIn_arr),init_anonOut_sum)<<origin(requires @ file LoopContractExamplesAll.java @ line 139) ([])>>,equals(bsum{i:int}(Z(0(#)),init_anonOut_sum,int::select(anon(anon(heap,allLocs,anonIn_heap<<anonHeapFunction>>),empty,init_anonOut_heap<<anonHeapFunction>>),anonIn_arr,arr(i))),init_anonOut_idx)<<origin(requires @ file LoopContractExamplesAll.java @ line 140) ([])>>,wellFormed(anon(anon(heap,allLocs,anonIn_heap<<anonHeapFunction>>),empty,init_anonOut_heap<<anonHeapFunction>>))<<origin(<none> (implicit)) ([requires @ file LoopContractExamplesAll.java @ line 139, requires @ file LoopContractExamplesAll.java @ line 140, decreases @ file LoopContractExamplesAll.java @ line 143])>>,equals(if-then-else(equals(boolean::select(heap,anonIn_arr,java.lang.Object::<created>),TRUE),boolean::select(heap,anonIn_arr,java.lang.Object::<created>),boolean::select(anonIn_heap<<anonHeapFunction>>,anonIn_arr,java.lang.Object::<created>)),java_lang_Object_created__1<<selectSK>>),or(equals(java_lang_Object_created__1<<selectSK>>,TRUE),equals(boolean::select(init_anonOut_heap<<anonHeapFunction>>,anonIn_arr,java.lang.Object::<created>),TRUE)),measuredByEmpty<<origin(<none> (implicit)) ([requires @ file LoopContractExamplesAll.java @ line 139, requires @ file LoopContractExamplesAll.java @ line 140])>>,equals(anonIn_sum,Z(0(#)))<<origin(requires @ file LoopContractExamplesAll.java @ line 140) ([])>>,geq(length(anonIn_arr),Z(0(#)))<<origin(decreases @ file LoopContractExamplesAll.java @ line 143) ([])>>,wellFormed(anon(heap,allLocs,anonIn_heap<<anonHeapFunction>>))<<origin(<none> (implicit)) ([requires @ file LoopContractExamplesAll.java @ line 139, requires @ file LoopContractExamplesAll.java @ line 140, decreases @ file LoopContractExamplesAll.java @ line 143])>>,or(equals(boolean::select(heap,anonIn_arr,java.lang.Object::<created>),TRUE),equals(boolean::select(anonIn_heap<<anonHeapFunction>>,anonIn_arr,java.lang.Object::<created>),TRUE))<<origin(<none> (implicit)) ([requires @ file LoopContractExamplesAll.java @ line 139, requires @ file LoopContractExamplesAll.java @ line 140, decreases @ file LoopContractExamplesAll.java @ line 143])>>,wellFormed(heap),wellFormed(anonIn_heap<<anonHeapFunction>>)]==>[equals(anonIn_arr,null)<<origin(requires @ file LoopContractExamplesAll.java @ line 139) ([])>>,update-application(elem-update(i_1)(length(arr_1<<origin(<none> (implicit)) ([ensures @ file LoopContractExamplesAll.java @ line 141, requires @ file LoopContractExamplesAll.java @ line 139, requires @ file LoopContractExamplesAll.java @ line 140, decreases @ file LoopContractExamplesAll.java @ line 143, assignable @ file LoopContractExamplesAll.java @ line 142])>>))<<origin(<none> (implicit)) ([ensures @ file LoopContractExamplesAll.java @ line 141, requires @ file LoopContractExamplesAll.java @ line 139, requires @ file LoopContractExamplesAll.java @ line 140, decreases @ file LoopContractExamplesAll.java @ line 143, assignable @ file LoopContractExamplesAll.java @ line 142])>>,\<{
  method-frame (
    source=sum_loopContract_onLoop(int[])@LoopContractExamplesAll
  ) {
    breakOut:
    try {
      cond = i < i_1;
    } catch (java.lang.Throwable e#28) {
      exc_0_1 = e#28;
    }
  }
}\> (and(and(imp(not(equals(exc_0_1,null)),and(and(equals(exc_0_1,null),equals(bsum{i:int}(Z(0(#)),length(arr),int::select(heap,arr,arr(i))),sum<<origin(ensures @ file LoopContractExamplesAll.java @ line 141) ([])>>)<<origin(ensures @ file LoopContractExamplesAll.java @ line 141) ([ensures @ file LoopContractExamplesAll.java @ line 141])>>)<<origin(ensures @ file LoopContractExamplesAll.java @ line 141) ([ensures @ file LoopContractExamplesAll.java @ line 141])>>,all{f:Field}(all{o:java.lang.Object}(or(and(not(equals(o,null)),not(equals(boolean::select(heap_Before_BLOCK_0,o,java.lang.Object::<created>),TRUE))),equals(any::select(heap_Before_BLOCK_0,o,f),any::select(heap,o,f))))))<<origin(ensures @ file LoopContractExamplesAll.java @ line 141) ([ensures @ file LoopContractExamplesAll.java @ line 141])>>)<<origin(ensures @ file LoopContractExamplesAll.java @ line 141) ([ensures @ file LoopContractExamplesAll.java @ line 141])>>,imp(and(equals(exc_0_1,null),not(equals(cond,TRUE))),update-application(elem-update(exc_0_1)(null)<<origin(ensures @ file LoopContractExamplesAll.java @ line 141) ([])>>,\<{
  method-frame (
    source=sum_loopContract_onLoop(int[])@LoopContractExamplesAll
  ) {
    breakOut:
    try {} catch (java.lang.Throwable e#28) {
      exc_0_1 = e#28;
    }
  }
}\> (and(and(equals(exc_0_1,null),equals(bsum{i:int}(Z(0(#)),length(arr),int::select(heap,arr,arr(i))),sum<<origin(ensures @ file LoopContractExamplesAll.java @ line 141) ([])>>)<<origin(ensures @ file LoopContractExamplesAll.java @ line 141) ([ensures @ file LoopContractExamplesAll.java @ line 141])>>)<<origin(ensures @ file LoopContractExamplesAll.java @ line 141) ([ensures @ file LoopContractExamplesAll.java @ line 141])>>,all{f:Field}(all{o:java.lang.Object}(or(and(not(equals(o,null)),not(equals(boolean::select(heap_Before_BLOCK_0,o,java.lang.Object::<created>),TRUE))),equals(any::select(heap_Before_BLOCK_0,o,f),any::select(heap,o,f))))))<<origin(ensures @ file LoopContractExamplesAll.java @ line 141) ([ensures @ file LoopContractExamplesAll.java @ line 141])>>)<<origin(ensures @ file LoopContractExamplesAll.java @ line 141) ([ensures @ file LoopContractExamplesAll.java @ line 141])>>)<<origin(ensures @ file LoopContractExamplesAll.java @ line 141) ([ensures @ file LoopContractExamplesAll.java @ line 141])>>)<<origin(ensures @ file LoopContractExamplesAll.java @ line 141) ([ensures @ file LoopContractExamplesAll.java @ line 141])>>)<<origin(ensures @ file LoopContractExamplesAll.java @ line 141) ([ensures @ file LoopContractExamplesAll.java @ line 141])>>,imp(and(equals(exc_0_1,null),equals(cond,TRUE)),update-application(elem-update(exc_0_1)(null),\<{
  method-frame (
    source=sum_loopContract_onLoop(int[])@LoopContractExamplesAll
  ) {
    breakOut:
    try {
      continueLoop:
      {
        el = arr_1[idx];
        {
          sum += el;
        }
      }
      {
        idx++;
      }
    } catch (java.lang.Throwable e#28) {
      exc_0_1 = e#28;
    }
  }
}\> (and(imp(not(equals(exc_0_1,null)),and(and(equals(exc_0_1,null),equals(bsum{i:int}(Z(0(#)),length(arr),int::select(heap,arr,arr(i))),sum<<origin(ensures @ file LoopContractExamplesAll.java @ line 141) ([])>>)<<origin(ensures @ file LoopContractExamplesAll.java @ line 141) ([ensures @ file LoopContractExamplesAll.java @ line 141])>>)<<origin(ensures @ file LoopContractExamplesAll.java @ line 141) ([ensures @ file LoopContractExamplesAll.java @ line 141])>>,all{f:Field}(all{o:java.lang.Object}(or(and(not(equals(o,null)),not(equals(boolean::select(heap_Before_BLOCK_0,o,java.lang.Object::<created>),TRUE))),equals(any::select(heap_Before_BLOCK_0,o,f),any::select(heap,o,f))))))<<origin(ensures @ file LoopContractExamplesAll.java @ line 141) ([ensures @ file LoopContractExamplesAll.java @ line 141])>>)<<origin(ensures @ file LoopContractExamplesAll.java @ line 141) ([ensures @ file LoopContractExamplesAll.java @ line 141])>>,imp(equals(exc_0_1,null),and(and(and(and(and(and(measuredByEmpty,and(and(and(not(equals(arr,null)),geq(idx,Z(0(#))))<<SC>>,geq(length(arr),idx))<<SC, origin(requires @ file LoopContractExamplesAll.java @ line 139) ([])>>,equals(bsum{i:int}(Z(0(#)),idx,int::select(heap,arr,arr(i))),sum<<origin(requires @ file LoopContractExamplesAll.java @ line 140) ([])>>)<<origin(requires @ file LoopContractExamplesAll.java @ line 140) ([requires @ file LoopContractExamplesAll.java @ line 140])>>)<<SC, origin(<none> (implicit)) ([requires @ file LoopContractExamplesAll.java @ line 139, requires @ file LoopContractExamplesAll.java @ line 140])>>)<<origin(<none> (implicit)) ([requires @ file LoopContractExamplesAll.java @ line 139, requires @ file LoopContractExamplesAll.java @ line 140])>>,geq(length(arr),idx)<<origin(decreases @ file LoopContractExamplesAll.java @ line 143) ([])>>)<<origin(<none> (implicit)) ([requires @ file LoopContractExamplesAll.java @ line 139, requires @ file LoopContractExamplesAll.java @ line 140, decreases @ file LoopContractExamplesAll.java @ line 143])>>,wellFormed(heap))<<origin(<none> (implicit)) ([requires @ file LoopContractExamplesAll.java @ line 139, requires @ file LoopContractExamplesAll.java @ line 140, decreases @ file LoopContractExamplesAll.java @ line 143])>>,or(equals(arr_1,null),equals(boolean::select(heap,arr_1,java.lang.Object::<created>),TRUE))<<SC>>)<<origin(<none> (implicit)) ([requires @ file LoopContractExamplesAll.java @ line 139, requires @ file LoopContractExamplesAll.java @ line 140, decreases @ file LoopContractExamplesAll.java @ line 143])>>,leq(idx#19_Before_BLOCK#20_0<<origin(decreases @ file LoopContractExamplesAll.java @ line 143) ([])>>,add(Z(neglit(1(#))),idx))<<origin(decreases @ file LoopContractExamplesAll.java @ line 143) ([decreases @ file LoopContractExamplesAll.java @ line 143])>>)<<origin(<none> (implicit)) ([requires @ file LoopContractExamplesAll.java @ line 139, requires @ file LoopContractExamplesAll.java @ line 140, decreases @ file LoopContractExamplesAll.java @ line 143])>>,and(imp(not(equals(exc_0_1,null))<<origin(assignable @ file LoopContractExamplesAll.java @ line 142) ([])>>,imp(and(and(equals(exc_0_1,null)<<origin(assignable @ file LoopContractExamplesAll.java @ line 142) ([])>>,equals(bsum{i:int}(Z(0(#)),length(arr),int::select(anon(heap,empty,anonOut_heap_0<<anonHeapFunction>>),arr<<origin(assignable @ file LoopContractExamplesAll.java @ line 142) ([])>>,arr(i))),anonOut_idx_0)<<origin(<none> (implicit)) ([assignable @ file LoopContractExamplesAll.java @ line 142])>>)<<origin(<none> (implicit)) ([assignable @ file LoopContractExamplesAll.java @ line 142])>>,all{f:Field}(all{o:java.lang.Object}(or(and(not(equals(o,null)),not(equals(boolean::select(heap,o,java.lang.Object::<created>),TRUE)))<<origin(assignable @ file LoopContractExamplesAll.java @ line 142) ([])>>,equals(any::select(anon(heap,empty,anonOut_heap_0<<anonHeapFunction>>),o,f),any::select(heap,o,f))<<origin(assignable @ file LoopContractExamplesAll.java @ line 142) ([])>>)<<origin(assignable @ file LoopContractExamplesAll.java @ line 142) ([assignable @ file LoopContractExamplesAll.java @ line 142])>>)<<origin(assignable @ file LoopContractExamplesAll.java @ line 142) ([assignable @ file LoopContractExamplesAll.java @ line 142])>>)<<origin(assignable @ file LoopContractExamplesAll.java @ line 142) ([assignable @ file LoopContractExamplesAll.java @ line 142])>>)<<origin(<none> (implicit)) ([assignable @ file LoopContractExamplesAll.java @ line 142])>>,and(and(equals(exc_0_1,null)<<origin(assignable @ file LoopContractExamplesAll.java @ line 142) ([])>>,equals(bsum{i:int}(Z(0(#)),length(arr),int::select(anon(heap,empty,anonOut_heap_0<<anonHeapFunction>>),arr<<origin(assignable @ file LoopContractExamplesAll.java @ line 142) ([])>>,arr(i))),anonOut_idx_0)<<origin(<none> (implicit)) ([assignable @ file LoopContractExamplesAll.java @ line 142])>>)<<origin(<none> (implicit)) ([assignable @ file LoopContractExamplesAll.java @ line 142])>>,all{f:Field}(all{o:java.lang.Object}(or(and(not(equals(o,null)),not(equals(boolean::select(heap_Before_BLOCK_0,o,java.lang.Object::<created>),TRUE)))<<origin(assignable @ file LoopContractExamplesAll.java @ line 142) ([])>>,equals(any::select(anon(heap,empty,anonOut_heap_0<<anonHeapFunction>>),o,f),any::select(heap_Before_BLOCK_0,o,f))<<origin(assignable @ file LoopContractExamplesAll.java @ line 142) ([])>>)<<origin(assignable @ file LoopContractExamplesAll.java @ line 142) ([assignable @ file LoopContractExamplesAll.java @ line 142])>>)<<origin(assignable @ file LoopContractExamplesAll.java @ line 142) ([assignable @ file LoopContractExamplesAll.java @ line 142])>>)<<origin(assignable @ file LoopContractExamplesAll.java @ line 142) ([assignable @ file LoopContractExamplesAll.java @ line 142])>>)<<origin(<none> (implicit)) ([assignable @ file LoopContractExamplesAll.java @ line 142])>>)<<origin(<none> (implicit)) ([assignable @ file LoopContractExamplesAll.java @ line 142])>>)<<origin(<none> (implicit)) ([assignable @ file LoopContractExamplesAll.java @ line 142])>>,imp(equals(exc_0_1,null)<<origin(assignable @ file LoopContractExamplesAll.java @ line 142) ([])>>,update-application(parallel-upd(parallel-upd(elem-update(heap_Before_BLOCK_0_NEXT)(heap),parallel-upd(elem-update(sum)(anonOut_idx_0),elem-update(heap)(anon(heap,empty,anonOut_heap_0<<anonHeapFunction>>))<<origin(assignable @ file LoopContractExamplesAll.java @ line 142) ([])>>)<<origin(assignable @ file LoopContractExamplesAll.java @ line 142) ([assignable @ file LoopContractExamplesAll.java @ line 142])>>)<<origin(<none> (implicit)) ([assignable @ file LoopContractExamplesAll.java @ line 142])>>,elem-update(exc_0_1)(null)<<origin(ensures @ file LoopContractExamplesAll.java @ line 141) ([])>>)<<origin(<none> (implicit)) ([assignable @ file LoopContractExamplesAll.java @ line 142, ensures @ file LoopContractExamplesAll.java @ line 141])>>,\<{
  method-frame (
    source=sum_loopContract_onLoop(int[])@LoopContractExamplesAll
  ) {
    breakOut:
    try {} catch (java.lang.Throwable e#28) {
      exc_0_1 = e#28;
    }
  }
}\> (imp(and(and(equals(exc_0_1,null),equals(bsum{i:int}(Z(0(#)),length(arr),int::select(heap,arr,arr(i))),sum<<origin(ensures @ file LoopContractExamplesAll.java @ line 141) ([])>>)<<origin(ensures @ file LoopContractExamplesAll.java @ line 141) ([ensures @ file LoopContractExamplesAll.java @ line 141])>>)<<origin(ensures @ file LoopContractExamplesAll.java @ line 141) ([ensures @ file LoopContractExamplesAll.java @ line 141])>>,all{f:Field}(all{o:java.lang.Object}(or(and(not(equals(o,null)),not(equals(boolean::select(heap_Before_BLOCK_0_NEXT,o,java.lang.Object::<created>),TRUE))),equals(any::select(heap_Before_BLOCK_0_NEXT,o,f),any::select(heap,o,f))))))<<origin(ensures @ file LoopContractExamplesAll.java @ line 141) ([ensures @ file LoopContractExamplesAll.java @ line 141])>>,and(and(equals(exc_0_1,null),equals(bsum{i:int}(Z(0(#)),length(arr),int::select(heap,arr,arr(i))),sum<<origin(ensures @ file LoopContractExamplesAll.java @ line 141) ([])>>)<<origin(ensures @ file LoopContractExamplesAll.java @ line 141) ([ensures @ file LoopContractExamplesAll.java @ line 141])>>)<<origin(ensures @ file LoopContractExamplesAll.java @ line 141) ([ensures @ file LoopContractExamplesAll.java @ line 141])>>,all{f:Field}(all{o:java.lang.Object}(or(and(not(equals(o,null)),not(equals(boolean::select(heap_Before_BLOCK_0,o,java.lang.Object::<created>),TRUE))),equals(any::select(heap_Before_BLOCK_0,o,f),any::select(heap,o,f))))))<<origin(ensures @ file LoopContractExamplesAll.java @ line 141) ([ensures @ file LoopContractExamplesAll.java @ line 141])>>)<<origin(ensures @ file LoopContractExamplesAll.java @ line 141) ([ensures @ file LoopContractExamplesAll.java @ line 141])>>)<<origin(ensures @ file LoopContractExamplesAll.java @ line 141) ([ensures @ file LoopContractExamplesAll.java @ line 141])>>)<<origin(<none> (implicit)) ([assignable @ file LoopContractExamplesAll.java @ line 142, ensures @ file LoopContractExamplesAll.java @ line 141])>>)<<origin(<none> (implicit)) ([assignable @ file LoopContractExamplesAll.java @ line 142, ensures @ file LoopContractExamplesAll.java @ line 141])>>)<<origin(<none> (implicit)) ([assignable @ file LoopContractExamplesAll.java @ line 142, ensures @ file LoopContractExamplesAll.java @ line 141])>>)<<origin(<none> (implicit)) ([requires @ file LoopContractExamplesAll.java @ line 139, requires @ file LoopContractExamplesAll.java @ line 140, decreases @ file LoopContractExamplesAll.java @ line 143, assignable @ file LoopContractExamplesAll.java @ line 142, ensures @ file LoopContractExamplesAll.java @ line 141])>>)<<origin(<none> (implicit)) ([requires @ file LoopContractExamplesAll.java @ line 139, requires @ file LoopContractExamplesAll.java @ line 140, decreases @ file LoopContractExamplesAll.java @ line 143, assignable @ file LoopContractExamplesAll.java @ line 142, ensures @ file LoopContractExamplesAll.java @ line 141])>>)<<origin(<none> (implicit)) ([ensures @ file LoopContractExamplesAll.java @ line 141, requires @ file LoopContractExamplesAll.java @ line 139, requires @ file LoopContractExamplesAll.java @ line 140, decreases @ file LoopContractExamplesAll.java @ line 143, assignable @ file LoopContractExamplesAll.java @ line 142])>>)<<origin(<none> (implicit)) ([ensures @ file LoopContractExamplesAll.java @ line 141, requires @ file LoopContractExamplesAll.java @ line 139, requires @ file LoopContractExamplesAll.java @ line 140, decreases @ file LoopContractExamplesAll.java @ line 143, assignable @ file LoopContractExamplesAll.java @ line 142])>>)<<origin(<none> (implicit)) ([ensures @ file LoopContractExamplesAll.java @ line 141, requires @ file LoopContractExamplesAll.java @ line 139, requires @ file LoopContractExamplesAll.java @ line 140, decreases @ file LoopContractExamplesAll.java @ line 143, assignable @ file LoopContractExamplesAll.java @ line 142])>>)<<origin(<none> (implicit)) ([ensures @ file LoopContractExamplesAll.java @ line 141, requires @ file LoopContractExamplesAll.java @ line 139, requires @ file LoopContractExamplesAll.java @ line 140, decreases @ file LoopContractExamplesAll.java @ line 143, assignable @ file LoopContractExamplesAll.java @ line 142])>>)<<origin(<none> (implicit)) ([ensures @ file LoopContractExamplesAll.java @ line 141, requires @ file LoopContractExamplesAll.java @ line 139, requires @ file LoopContractExamplesAll.java @ line 140, decreases @ file LoopContractExamplesAll.java @ line 143, assignable @ file LoopContractExamplesAll.java @ line 142])>>)<<origin(<none> (implicit)) ([ensures @ file LoopContractExamplesAll.java @ line 141, requires @ file LoopContractExamplesAll.java @ line 139, requires @ file LoopContractExamplesAll.java @ line 140, decreases @ file LoopContractExamplesAll.java @ line 143, assignable @ file LoopContractExamplesAll.java @ line 142])>>)<<origin(<none> (implicit)) ([ensures @ file LoopContractExamplesAll.java @ line 141, requires @ file LoopContractExamplesAll.java @ line 139, requires @ file LoopContractExamplesAll.java @ line 140, decreases @ file LoopContractExamplesAll.java @ line 143, assignable @ file LoopContractExamplesAll.java @ line 142])>>]
	at de.uka.ilkd.key.logic.Sequent.getFormulabyNr(Sequent.java:291)

117795     WARN  main            d.u.i.k.p.r.p.ForkedTestFileRunner Run failed java.lang.Exception: Exception while loading proof (see cause for details): /home/runner/work/key/key/key.core/../key.ui/examples/heap/block_loop_contracts/SimpleVariants/sum_onLoop_loop.key.proof
	at de.uka.ilkd.key.proof.runallproofs.proofcollection.TestFile.reloadProof(TestFile.java:314)
Caused by: de.uka.ilkd.key.proof.io.ProblemLoaderException: Error loading proof.
Line 227, goal 136, rule One Step Simplification not available or not applicable in this context.
	at de.uka.ilkd.key.proof.io.IntermediateProofReplayer.reportError(IntermediateProofReplayer.java:782)
Caused by: de.uka.ilkd.key.proof.io.IntermediateProofReplayer$BuiltInConstructionException: Wrong position information.
	at de.uka.ilkd.key.proof.io.IntermediateProofReplayer.constructBuiltinApp(IntermediateProofReplayer.java:595)
Caused by: java.lang.RuntimeException: No formula nr. 16 in seq. [geq(init_anonOut_sum,Z(0(#)))<<origin(requires @ file LoopContractExamplesAll.java @ line 139) ([])>>,geq(length(anonIn_arr),init_anonOut_sum)<<origin(requires @ file LoopContractExamplesAll.java @ line 139) ([])>>,equals(bsum{i:int}(Z(0(#)),init_anonOut_sum,int::select(anon(anon(heap,allLocs,anonIn_heap<<anonHeapFunction>>),empty,init_anonOut_heap<<anonHeapFunction>>),anonIn_arr,arr(i))),init_anonOut_idx)<<origin(requires @ file LoopContractExamplesAll.java @ line 140) ([])>>,wellFormed(anon(anon(heap,allLocs,anonIn_heap<<anonHeapFunction>>),empty,init_anonOut_heap<<anonHeapFunction>>))<<origin(<none> (implicit)) ([requires @ file LoopContractExamplesAll.java @ line 139, requires @ file LoopContractExamplesAll.java @ line 140, decreases @ file LoopContractExamplesAll.java @ line 143])>>,equals(if-then-else(equals(boolean::select(heap,anonIn_arr,java.lang.Object::<created>),TRUE),boolean::select(heap,anonIn_arr,java.lang.Object::<created>),boolean::select(anonIn_heap<<anonHeapFunction>>,anonIn_arr,java.lang.Object::<created>)),java_lang_Object_created__1<<selectSK>>),or(equals(java_lang_Object_created__1<<selectSK>>,TRUE),equals(boolean::select(init_anonOut_heap<<anonHeapFunction>>,anonIn_arr,java.lang.Object::<created>),TRUE)),measuredByEmpty<<origin(<none> (implicit)) ([requires @ file LoopContractExamplesAll.java @ line 139, requires @ file LoopContractExamplesAll.java @ line 140])>>,equals(anonIn_sum,Z(0(#)))<<origin(requires @ file LoopContractExamplesAll.java @ line 140) ([])>>,geq(length(anonIn_arr),Z(0(#)))<<origin(decreases @ file LoopContractExamplesAll.java @ line 143) ([])>>,wellFormed(anon(heap,allLocs,anonIn_heap<<anonHeapFunction>>))<<origin(<none> (implicit)) ([requires @ file LoopContractExamplesAll.java @ line 139, requires @ file LoopContractExamplesAll.java @ line 140, decreases @ file LoopContractExamplesAll.java @ line 143])>>,or(equals(boolean::select(heap,anonIn_arr,java.lang.Object::<created>),TRUE),equals(boolean::select(anonIn_heap<<anonHeapFunction>>,anonIn_arr,java.lang.Object::<created>),TRUE))<<origin(<none> (implicit)) ([requires @ file LoopContractExamplesAll.java @ line 139, requires @ file LoopContractExamplesAll.java @ line 140, decreases @ file LoopContractExamplesAll.java @ line 143])>>,wellFormed(heap),wellFormed(anonIn_heap<<anonHeapFunction>>)]==>[equals(anonIn_arr,null)<<origin(requires @ file LoopContractExamplesAll.java @ line 139) ([])>>,update-application(elem-update(i_1)(length(arr_1<<origin(<none> (implicit)) ([ensures @ file LoopContractExamplesAll.java @ line 141, requires @ file LoopContractExamplesAll.java @ line 139, requires @ file LoopContractExamplesAll.java @ line 140, decreases @ file LoopContractExamplesAll.java @ line 143, assignable @ file LoopContractExamplesAll.java @ line 142])>>))<<origin(<none> (implicit)) ([ensures @ file LoopContractExamplesAll.java @ line 141, requires @ file LoopContractExamplesAll.java @ line 139, requires @ file LoopContractExamplesAll.java @ line 140, decreases @ file LoopContractExamplesAll.java @ line 143, assignable @ file LoopContractExamplesAll.java @ line 142])>>,\<{
  method-frame (
    source=sum_loopContract_onLoop(int[])@LoopContractExamplesAll
  ) {
    breakOut:
    try {
      cond = i < i_1;
    } catch (java.lang.Throwable e#28) {
      exc_0_1 = e#28;
    }
  }
}\> (and(and(imp(not(equals(exc_0_1,null)),and(and(equals(exc_0_1,null),equals(bsum{i:int}(Z(0(#)),length(arr),int::select(heap,arr,arr(i))),sum<<origin(ensures @ file LoopContractExamplesAll.java @ line 141) ([])>>)<<origin(ensures @ file LoopContractExamplesAll.java @ line 141) ([ensures @ file LoopContractExamplesAll.java @ line 141])>>)<<origin(ensures @ file LoopContractExamplesAll.java @ line 141) ([ensures @ file LoopContractExamplesAll.java @ line 141])>>,all{f:Field}(all{o:java.lang.Object}(or(and(not(equals(o,null)),not(equals(boolean::select(heap_Before_BLOCK_0,o,java.lang.Object::<created>),TRUE))),equals(any::select(heap_Before_BLOCK_0,o,f),any::select(heap,o,f))))))<<origin(ensures @ file LoopContractExamplesAll.java @ line 141) ([ensures @ file LoopContractExamplesAll.java @ line 141])>>)<<origin(ensures @ file LoopContractExamplesAll.java @ line 141) ([ensures @ file LoopContractExamplesAll.java @ line 141])>>,imp(and(equals(exc_0_1,null),not(equals(cond,TRUE))),update-application(elem-update(exc_0_1)(null)<<origin(ensures @ file LoopContractExamplesAll.java @ line 141) ([])>>,\<{
  method-frame (
    source=sum_loopContract_onLoop(int[])@LoopContractExamplesAll
  ) {
    breakOut:
    try {} catch (java.lang.Throwable e#28) {
      exc_0_1 = e#28;
    }
  }
}\> (and(and(equals(exc_0_1,null),equals(bsum{i:int}(Z(0(#)),length(arr),int::select(heap,arr,arr(i))),sum<<origin(ensures @ file LoopContractExamplesAll.java @ line 141) ([])>>)<<origin(ensures @ file LoopContractExamplesAll.java @ line 141) ([ensures @ file LoopContractExamplesAll.java @ line 141])>>)<<origin(ensures @ file LoopContractExamplesAll.java @ line 141) ([ensures @ file LoopContractExamplesAll.java @ line 141])>>,all{f:Field}(all{o:java.lang.Object}(or(and(not(equals(o,null)),not(equals(boolean::select(heap_Before_BLOCK_0,o,java.lang.Object::<created>),TRUE))),equals(any::select(heap_Before_BLOCK_0,o,f),any::select(heap,o,f))))))<<origin(ensures @ file LoopContractExamplesAll.java @ line 141) ([ensures @ file LoopContractExamplesAll.java @ line 141])>>)<<origin(ensures @ file LoopContractExamplesAll.java @ line 141) ([ensures @ file LoopContractExamplesAll.java @ line 141])>>)<<origin(ensures @ file LoopContractExamplesAll.java @ line 141) ([ensures @ file LoopContractExamplesAll.java @ line 141])>>)<<origin(ensures @ file LoopContractExamplesAll.java @ line 141) ([ensures @ file LoopContractExamplesAll.java @ line 141])>>)<<origin(ensures @ file LoopContractExamplesAll.java @ line 141) ([ensures @ file LoopContractExamplesAll.java @ line 141])>>,imp(and(equals(exc_0_1,null),equals(cond,TRUE)),update-application(elem-update(exc_0_1)(null),\<{
  method-frame (
    source=sum_loopContract_onLoop(int[])@LoopContractExamplesAll
  ) {
    breakOut:
    try {
      continueLoop:
      {
        el = arr_1[idx];
        {
          sum += el;
        }
      }
      {
        idx++;
      }
    } catch (java.lang.Throwable e#28) {
      exc_0_1 = e#28;
    }
  }
}\> (and(imp(not(equals(exc_0_1,null)),and(and(equals(exc_0_1,null),equals(bsum{i:int}(Z(0(#)),length(arr),int::select(heap,arr,arr(i))),sum<<origin(ensures @ file LoopContractExamplesAll.java @ line 141) ([])>>)<<origin(ensures @ file LoopContractExamplesAll.java @ line 141) ([ensures @ file LoopContractExamplesAll.java @ line 141])>>)<<origin(ensures @ file LoopContractExamplesAll.java @ line 141) ([ensures @ file LoopContractExamplesAll.java @ line 141])>>,all{f:Field}(all{o:java.lang.Object}(or(and(not(equals(o,null)),not(equals(boolean::select(heap_Before_BLOCK_0,o,java.lang.Object::<created>),TRUE))),equals(any::select(heap_Before_BLOCK_0,o,f),any::select(heap,o,f))))))<<origin(ensures @ file LoopContractExamplesAll.java @ line 141) ([ensures @ file LoopContractExamplesAll.java @ line 141])>>)<<origin(ensures @ file LoopContractExamplesAll.java @ line 141) ([ensures @ file LoopContractExamplesAll.java @ line 141])>>,imp(equals(exc_0_1,null),and(and(and(and(and(and(measuredByEmpty,and(and(and(not(equals(arr,null)),geq(idx,Z(0(#))))<<SC>>,geq(length(arr),idx))<<SC, origin(requires @ file LoopContractExamplesAll.java @ line 139) ([])>>,equals(bsum{i:int}(Z(0(#)),idx,int::select(heap,arr,arr(i))),sum<<origin(requires @ file LoopContractExamplesAll.java @ line 140) ([])>>)<<origin(requires @ file LoopContractExamplesAll.java @ line 140) ([requires @ file LoopContractExamplesAll.java @ line 140])>>)<<SC, origin(<none> (implicit)) ([requires @ file LoopContractExamplesAll.java @ line 139, requires @ file LoopContractExamplesAll.java @ line 140])>>)<<origin(<none> (implicit)) ([requires @ file LoopContractExamplesAll.java @ line 139, requires @ file LoopContractExamplesAll.java @ line 140])>>,geq(length(arr),idx)<<origin(decreases @ file LoopContractExamplesAll.java @ line 143) ([])>>)<<origin(<none> (implicit)) ([requires @ file LoopContractExamplesAll.java @ line 139, requires @ file LoopContractExamplesAll.java @ line 140, decreases @ file LoopContractExamplesAll.java @ line 143])>>,wellFormed(heap))<<origin(<none> (implicit)) ([requires @ file LoopContractExamplesAll.java @ line 139, requires @ file LoopContractExamplesAll.java @ line 140, decreases @ file LoopContractExamplesAll.java @ line 143])>>,or(equals(arr_1,null),equals(boolean::select(heap,arr_1,java.lang.Object::<created>),TRUE))<<SC>>)<<origin(<none> (implicit)) ([requires @ file LoopContractExamplesAll.java @ line 139, requires @ file LoopContractExamplesAll.java @ line 140, decreases @ file LoopContractExamplesAll.java @ line 143])>>,leq(idx#19_Before_BLOCK#20_0<<origin(decreases @ file LoopContractExamplesAll.java @ line 143) ([])>>,add(Z(neglit(1(#))),idx))<<origin(decreases @ file LoopContractExamplesAll.java @ line 143) ([decreases @ file LoopContractExamplesAll.java @ line 143])>>)<<origin(<none> (implicit)) ([requires @ file LoopContractExamplesAll.java @ line 139, requires @ file LoopContractExamplesAll.java @ line 140, decreases @ file LoopContractExamplesAll.java @ line 143])>>,and(imp(not(equals(exc_0_1,null))<<origin(assignable @ file LoopContractExamplesAll.java @ line 142) ([])>>,imp(and(and(equals(exc_0_1,null)<<origin(assignable @ file LoopContractExamplesAll.java @ line 142) ([])>>,equals(bsum{i:int}(Z(0(#)),length(arr),int::select(anon(heap,empty,anonOut_heap_0<<anonHeapFunction>>),arr<<origin(assignable @ file LoopContractExamplesAll.java @ line 142) ([])>>,arr(i))),anonOut_idx_0)<<origin(<none> (implicit)) ([assignable @ file LoopContractExamplesAll.java @ line 142])>>)<<origin(<none> (implicit)) ([assignable @ file LoopContractExamplesAll.java @ line 142])>>,all{f:Field}(all{o:java.lang.Object}(or(and(not(equals(o,null)),not(equals(boolean::select(heap,o,java.lang.Object::<created>),TRUE)))<<origin(assignable @ file LoopContractExamplesAll.java @ line 142) ([])>>,equals(any::select(anon(heap,empty,anonOut_heap_0<<anonHeapFunction>>),o,f),any::select(heap,o,f))<<origin(assignable @ file LoopContractExamplesAll.java @ line 142) ([])>>)<<origin(assignable @ file LoopContractExamplesAll.java @ line 142) ([assignable @ file LoopContractExamplesAll.java @ line 142])>>)<<origin(assignable @ file LoopContractExamplesAll.java @ line 142) ([assignable @ file LoopContractExamplesAll.java @ line 142])>>)<<origin(assignable @ file LoopContractExamplesAll.java @ line 142) ([assignable @ file LoopContractExamplesAll.java @ line 142])>>)<<origin(<none> (implicit)) ([assignable @ file LoopContractExamplesAll.java @ line 142])>>,and(and(equals(exc_0_1,null)<<origin(assignable @ file LoopContractExamplesAll.java @ line 142) ([])>>,equals(bsum{i:int}(Z(0(#)),length(arr),int::select(anon(heap,empty,anonOut_heap_0<<anonHeapFunction>>),arr<<origin(assignable @ file LoopContractExamplesAll.java @ line 142) ([])>>,arr(i))),anonOut_idx_0)<<origin(<none> (implicit)) ([assignable @ file LoopContractExamplesAll.java @ line 142])>>)<<origin(<none> (implicit)) ([assignable @ file LoopContractExamplesAll.java @ line 142])>>,all{f:Field}(all{o:java.lang.Object}(or(and(not(equals(o,null)),not(equals(boolean::select(heap_Before_BLOCK_0,o,java.lang.Object::<created>),TRUE)))<<origin(assignable @ file LoopContractExamplesAll.java @ line 142) ([])>>,equals(any::select(anon(heap,empty,anonOut_heap_0<<anonHeapFunction>>),o,f),any::select(heap_Before_BLOCK_0,o,f))<<origin(assignable @ file LoopContractExamplesAll.java @ line 142) ([])>>)<<origin(assignable @ file LoopContractExamplesAll.java @ line 142) ([assignable @ file LoopContractExamplesAll.java @ line 142])>>)<<origin(assignable @ file LoopContractExamplesAll.java @ line 142) ([assignable @ file LoopContractExamplesAll.java @ line 142])>>)<<origin(assignable @ file LoopContractExamplesAll.java @ line 142) ([assignable @ file LoopContractExamplesAll.java @ line 142])>>)<<origin(<none> (implicit)) ([assignable @ file LoopContractExamplesAll.java @ line 142])>>)<<origin(<none> (implicit)) ([assignable @ file LoopContractExamplesAll.java @ line 142])>>)<<origin(<none> (implicit)) ([assignable @ file LoopContractExamplesAll.java @ line 142])>>,imp(equals(exc_0_1,null)<<origin(assignable @ file LoopContractExamplesAll.java @ line 142) ([])>>,update-application(parallel-upd(parallel-upd(elem-update(heap_Before_BLOCK_0_NEXT)(heap),parallel-upd(elem-update(sum)(anonOut_idx_0),elem-update(heap)(anon(heap,empty,anonOut_heap_0<<anonHeapFunction>>))<<origin(assignable @ file LoopContractExamplesAll.java @ line 142) ([])>>)<<origin(assignable @ file LoopContractExamplesAll.java @ line 142) ([assignable @ file LoopContractExamplesAll.java @ line 142])>>)<<origin(<none> (implicit)) ([assignable @ file LoopContractExamplesAll.java @ line 142])>>,elem-update(exc_0_1)(null)<<origin(ensures @ file LoopContractExamplesAll.java @ line 141) ([])>>)<<origin(<none> (implicit)) ([assignable @ file LoopContractExamplesAll.java @ line 142, ensures @ file LoopContractExamplesAll.java @ line 141])>>,\<{
  method-frame (
    source=sum_loopContract_onLoop(int[])@LoopContractExamplesAll
  ) {
    breakOut:
    try {} catch (java.lang.Throwable e#28) {
      exc_0_1 = e#28;
    }
  }
}\> (imp(and(and(equals(exc_0_1,null),equals(bsum{i:int}(Z(0(#)),length(arr),int::select(heap,arr,arr(i))),sum<<origin(ensures @ file LoopContractExamplesAll.java @ line 141) ([])>>)<<origin(ensures @ file LoopContractExamplesAll.java @ line 141) ([ensures @ file LoopContractExamplesAll.java @ line 141])>>)<<origin(ensures @ file LoopContractExamplesAll.java @ line 141) ([ensures @ file LoopContractExamplesAll.java @ line 141])>>,all{f:Field}(all{o:java.lang.Object}(or(and(not(equals(o,null)),not(equals(boolean::select(heap_Before_BLOCK_0_NEXT,o,java.lang.Object::<created>),TRUE))),equals(any::select(heap_Before_BLOCK_0_NEXT,o,f),any::select(heap,o,f))))))<<origin(ensures @ file LoopContractExamplesAll.java @ line 141) ([ensures @ file LoopContractExamplesAll.java @ line 141])>>,and(and(equals(exc_0_1,null),equals(bsum{i:int}(Z(0(#)),length(arr),int::select(heap,arr,arr(i))),sum<<origin(ensures @ file LoopContractExamplesAll.java @ line 141) ([])>>)<<origin(ensures @ file LoopContractExamplesAll.java @ line 141) ([ensures @ file LoopContractExamplesAll.java @ line 141])>>)<<origin(ensures @ file LoopContractExamplesAll.java @ line 141) ([ensures @ file LoopContractExamplesAll.java @ line 141])>>,all{f:Field}(all{o:java.lang.Object}(or(and(not(equals(o,null)),not(equals(boolean::select(heap_Before_BLOCK_0,o,java.lang.Object::<created>),TRUE))),equals(any::select(heap_Before_BLOCK_0,o,f),any::select(heap,o,f))))))<<origin(ensures @ file LoopContractExamplesAll.java @ line 141) ([ensures @ file LoopContractExamplesAll.java @ line 141])>>)<<origin(ensures @ file LoopContractExamplesAll.java @ line 141) ([ensures @ file LoopContractExamplesAll.java @ line 141])>>)<<origin(ensures @ file LoopContractExamplesAll.java @ line 141) ([ensures @ file LoopContractExamplesAll.java @ line 141])>>)<<origin(<none> (implicit)) ([assignable @ file LoopContractExamplesAll.java @ line 142, ensures @ file LoopContractExamplesAll.java @ line 141])>>)<<origin(<none> (implicit)) ([assignable @ file LoopContractExamplesAll.java @ line 142, ensures @ file LoopContractExamplesAll.java @ line 141])>>)<<origin(<none> (implicit)) ([assignable @ file LoopContractExamplesAll.java @ line 142, ensures @ file LoopContractExamplesAll.java @ line 141])>>)<<origin(<none> (implicit)) ([requires @ file LoopContractExamplesAll.java @ line 139, requires @ file LoopContractExamplesAll.java @ line 140, decreases @ file LoopContractExamplesAll.java @ line 143, assignable @ file LoopContractExamplesAll.java @ line 142, ensures @ file LoopContractExamplesAll.java @ line 141])>>)<<origin(<none> (implicit)) ([requires @ file LoopContractExamplesAll.java @ line 139, requires @ file LoopContractExamplesAll.java @ line 140, decreases @ file LoopContractExamplesAll.java @ line 143, assignable @ file LoopContractExamplesAll.java @ line 142, ensures @ file LoopContractExamplesAll.java @ line 141])>>)<<origin(<none> (implicit)) ([ensures @ file LoopContractExamplesAll.java @ line 141, requires @ file LoopContractExamplesAll.java @ line 139, requires @ file LoopContractExamplesAll.java @ line 140, decreases @ file LoopContractExamplesAll.java @ line 143, assignable @ file LoopContractExamplesAll.java @ line 142])>>)<<origin(<none> (implicit)) ([ensures @ file LoopContractExamplesAll.java @ line 141, requires @ file LoopContractExamplesAll.java @ line 139, requires @ file LoopContractExamplesAll.java @ line 140, decreases @ file LoopContractExamplesAll.java @ line 143, assignable @ file LoopContractExamplesAll.java @ line 142])>>)<<origin(<none> (implicit)) ([ensures @ file LoopContractExamplesAll.java @ line 141, requires @ file LoopContractExamplesAll.java @ line 139, requires @ file LoopContractExamplesAll.java @ line 140, decreases @ file LoopContractExamplesAll.java @ line 143, assignable @ file LoopContractExamplesAll.java @ line 142])>>)<<origin(<none> (implicit)) ([ensures @ file LoopContractExamplesAll.java @ line 141, requires @ file LoopContractExamplesAll.java @ line 139, requires @ file LoopContractExamplesAll.java @ line 140, decreases @ file LoopContractExamplesAll.java @ line 143, assignable @ file LoopContractExamplesAll.java @ line 142])>>)<<origin(<none> (implicit)) ([ensures @ file LoopContractExamplesAll.java @ line 141, requires @ file LoopContractExamplesAll.java @ line 139, requires @ file LoopContractExamplesAll.java @ line 140, decreases @ file LoopContractExamplesAll.java @ line 143, assignable @ file LoopContractExamplesAll.java @ line 142])>>)<<origin(<none> (implicit)) ([ensures @ file LoopContractExamplesAll.java @ line 141, requires @ file LoopContractExamplesAll.java @ line 139, requires @ file LoopContractExamplesAll.java @ line 140, decreases @ file LoopContractExamplesAll.java @ line 143, assignable @ file LoopContractExamplesAll.java @ line 142])>>)<<origin(<none> (implicit)) ([ensures @ file LoopContractExamplesAll.java @ line 141, requires @ file LoopContractExamplesAll.java @ line 139, requires @ file LoopContractExamplesAll.java @ line 140, decreases @ file LoopContractExamplesAll.java @ line 143, assignable @ file LoopContractExamplesAll.java @ line 142])>>]
	at de.uka.ilkd.key.logic.Sequent.getFormulabyNr(Sequent.java:291)

117797     INFO  main            d.u.i.k.p.r.p.TestFile    Now processing file /home/runner/work/key/key/key.core/../key.ui/examples/heap/block_loop_contracts/Free/blockContracts0.key 
117797     INFO  main            d.u.i.k.p.i.AbstractProblemLoader Loading environment from /home/runner/work/key/key/key.core/../key.ui/examples/heap/block_loop_contracts/Free/blockContracts0.key 
117797     DEBUG main            d.u.i.k.p.i.AbstractProblemLoader Environment load took 99.6ns 
117798     INFO  main            d.u.i.k.p.i.AbstractProblemLoader Creating init config 
120246     DEBUG main            d.u.i.k.p.i.AbstractProblemLoader Init config took 2.45s 
120280     INFO  main            d.u.i.k.p.i.AbstractProblemLoader Replaying proof FreeConditions[FreeConditions::blockContract0()].JML normal_behavior operation contract.0 
120281     DEBUG main            d.u.i.k.p.i.IntermediateProofReplayer Proof replay took 11.8ns 
120383     INFO  main            d.u.i.k.p.r.p.TestFile    ... finished proof: closed. 
120638     INFO  main            d.u.i.k.p.i.AbstractProblemLoader Loading environment from /home/runner/work/key/key/key.core/../key.ui/examples/heap/block_loop_contracts/Free/blockContracts0.key.proof 
120638     DEBUG main            d.u.i.k.p.i.AbstractProblemLoader Environment load took 103.2ns 
120639     INFO  main            d.u.i.k.p.i.AbstractProblemLoader Creating init config 
123012     DEBUG main            d.u.i.k.p.i.AbstractProblemLoader Init config took 2.37s 
123046     INFO  main            d.u.i.k.p.i.AbstractProblemLoader Replaying proof FreeConditions[FreeConditions::blockContract0()].JML normal_behavior operation contract.0 
123066     DEBUG main            d.u.i.k.p.i.IntermediateProofReplayer Proof replay took 17.64ms 
123067     DEBUG main            d.u.i.k.p.r.p.TestFile    ... success: reloaded. 
123069     INFO  main            d.u.i.k.p.r.p.TestFile    Now processing file /home/runner/work/key/key/key.core/../key.ui/examples/heap/block_loop_contracts/Free/blockContracts1.key 
123069     INFO  main            d.u.i.k.p.i.AbstractProblemLoader Loading environment from /home/runner/work/key/key/key.core/../key.ui/examples/heap/block_loop_contracts/Free/blockContracts1.key 
123069     DEBUG main            d.u.i.k.p.i.AbstractProblemLoader Environment load took 202.9ns 
123070     INFO  main            d.u.i.k.p.i.AbstractProblemLoader Creating init config 
125484     DEBUG main            d.u.i.k.p.i.AbstractProblemLoader Init config took 2.41s 
125519     INFO  main            d.u.i.k.p.i.AbstractProblemLoader Replaying proof FreeConditions[FreeConditions::blockContract1()].JML normal_behavior operation contract.0 
125521     DEBUG main            d.u.i.k.p.i.IntermediateProofReplayer Proof replay took 11.5ns 
125623     INFO  main            d.u.i.k.p.r.p.TestFile    ... finished proof: closed. 
125865     INFO  main            d.u.i.k.p.i.AbstractProblemLoader Loading environment from /home/runner/work/key/key/key.core/../key.ui/examples/heap/block_loop_contracts/Free/blockContracts1.key.proof 
125865     DEBUG main            d.u.i.k.p.i.AbstractProblemLoader Environment load took 94.8ns 
125866     INFO  main            d.u.i.k.p.i.AbstractProblemLoader Creating init config 
128224     DEBUG main            d.u.i.k.p.i.AbstractProblemLoader Init config took 2.36s 
128257     INFO  main            d.u.i.k.p.i.AbstractProblemLoader Replaying proof FreeConditions[FreeConditions::blockContract1()].JML normal_behavior operation contract.0 
128274     DEBUG main            d.u.i.k.p.i.IntermediateProofReplayer Proof replay took 14.85ms 
128274     DEBUG main            d.u.i.k.p.r.p.TestFile    ... success: reloaded. 
128276     INFO  main            d.u.i.k.p.r.p.TestFile    Now processing file /home/runner/work/key/key/key.core/../key.ui/examples/heap/block_loop_contracts/Finally/block_finally.key 
128276     INFO  main            d.u.i.k.p.i.AbstractProblemLoader Loading environment from /home/runner/work/key/key/key.core/../key.ui/examples/heap/block_loop_contracts/Finally/block_finally.key 
128276     DEBUG main            d.u.i.k.p.i.AbstractProblemLoader Environment load took 83.3ns 
128277     INFO  main            d.u.i.k.p.i.AbstractProblemLoader Creating init config 
130711     DEBUG main            d.u.i.k.p.i.AbstractProblemLoader Init config took 2.43s 
130759     INFO  main            d.u.i.k.p.i.AbstractProblemLoader Replaying proof AuxiliaryContractsFinally[AuxiliaryContractsFinally::breakThrowContinueBlockContract(java.lang.Exception)].JML block contract.0 
130761     DEBUG main            d.u.i.k.p.i.IntermediateProofReplayer Proof replay took 10.8ns 
131365     INFO  main            d.u.i.k.p.r.p.TestFile    ... finished proof: open goal(s) 
131598     INFO  main            d.u.i.k.p.r.p.TestFile    Now processing file /home/runner/work/key/key/key.core/../key.ui/examples/heap/block_loop_contracts/Finally/loop_finally.key 
131598     INFO  main            d.u.i.k.p.i.AbstractProblemLoader Loading environment from /home/runner/work/key/key/key.core/../key.ui/examples/heap/block_loop_contracts/Finally/loop_finally.key 
131598     DEBUG main            d.u.i.k.p.i.AbstractProblemLoader Environment load took 50.9ns 
131599     INFO  main            d.u.i.k.p.i.AbstractProblemLoader Creating init config 
133975     DEBUG main            d.u.i.k.p.i.AbstractProblemLoader Init config took 2.38s 
134011     INFO  main            d.u.i.k.p.i.AbstractProblemLoader Replaying proof AuxiliaryContractsFinally[AuxiliaryContractsFinally::breakThrowContinueLoopContract(java.lang.Exception)].JML normal_behavior loop contract.0 
134013     DEBUG main            d.u.i.k.p.i.IntermediateProofReplayer Proof replay took 12.5ns 
134618     INFO  main            d.u.i.k.p.r.p.TestFile    ... finished proof: open goal(s) 
612598     INFO  Test worker     d.u.i.k.p.r.RunAllProofsTestUnit Running test jmlAsserts 
376        INFO  Timeout watchdog d.u.i.k.p.r.p.ForkedTestFileRunner Timeout watcher launched (2000 secs.) 
389        WARN  main            d.u.i.k.s.ProofSettings   The settings in /home/runner/.key/proof-settings.props are *not* read. 
443        INFO  main            d.u.i.k.p.r.p.TestFile    Now processing file /home/runner/work/key/key/key.core/../key.ui/examples/standard_key/java_dl/jml-assert/assert.key 
582        INFO  main            d.u.i.k.p.i.AbstractProblemLoader Loading environment from /home/runner/work/key/key/key.core/../key.ui/examples/standard_key/java_dl/jml-assert/assert.key 
600        DEBUG main            d.u.i.k.p.i.AbstractProblemLoader Environment load took 2.06ms 
799        INFO  main            d.u.i.k.p.i.AbstractProblemLoader Creating init config 
1731       DEBUG main            d.u.i.k.j.TypeConverter   No LDT found for Meta 
1732       DEBUG main            d.u.i.k.j.TypeConverter   No LDT found for Meta 
1734       DEBUG main            d.u.i.k.j.TypeConverter   No LDT found for Meta 
1735       DEBUG main            d.u.i.k.j.TypeConverter   No LDT found for Meta 
2917       DEBUG main            d.u.i.k.j.TypeConverter   No LDT found for JavaBigintExpression 
7806       DEBUG main            d.u.i.k.p.i.AbstractProblemLoader Init config took 7.01s 
7927       INFO  main            d.u.i.k.p.i.AbstractProblemLoader Replaying proof Assert[Assert::createArray(int)].JML normal_behavior operation contract.0 
7956       DEBUG main            d.u.i.k.p.i.IntermediateProofReplayer Proof replay took 29.7ns 
8798       INFO  main            d.u.i.k.p.r.p.TestFile    ... finished proof: closed. 
8908       INFO  main            d.u.i.k.p.i.AbstractProblemLoader Loading environment from /home/runner/work/key/key/key.core/../key.ui/examples/standard_key/java_dl/jml-assert/assert.key.proof 
8908       DEBUG main            d.u.i.k.p.i.AbstractProblemLoader Environment load took 438.7ns 
8911       INFO  main            d.u.i.k.p.i.AbstractProblemLoader Creating init config 
11733      DEBUG main            d.u.i.k.p.i.AbstractProblemLoader Init config took 2.82s 
11841      INFO  main            d.u.i.k.p.i.AbstractProblemLoader Replaying proof Assert[Assert::createArray(int)].JML normal_behavior operation contract.0 
11960      DEBUG main            d.u.i.k.p.i.IntermediateProofReplayer Proof replay took 106.43ms 
11961      WARN  main            d.u.i.k.p.r.p.TestFile    Replay exception de.uka.ilkd.key.proof.io.ProblemLoaderException: Error loading proof.
Line 101, goal 12, rule Class_invariant_axiom_for_Assert not available or not applicable in this context.
	at de.uka.ilkd.key.proof.io.IntermediateProofReplayer.reportError(IntermediateProofReplayer.java:782)
Caused by: java.lang.IndexOutOfBoundsException: Index: 1, Size: 1
	at java.base/java.util.LinkedList.checkElementIndex(LinkedList.java:559)

11963      WARN  main            d.u.i.k.p.r.p.TestFile    Replay exception de.uka.ilkd.key.proof.io.ProblemLoaderException: Error loading proof.
Line 242, goal 147, rule arrayLengthIsAnInt not available or not applicable in this context.
	at de.uka.ilkd.key.proof.io.IntermediateProofReplayer.reportError(IntermediateProofReplayer.java:782)
Caused by: de.uka.ilkd.key.proof.io.IntermediateProofReplayer$TacletAppConstructionException: Unknown taclet with name "arrayLengthIsAnInt"
	at de.uka.ilkd.key.proof.io.IntermediateProofReplayer.constructTacletApp(IntermediateProofReplayer.java:432)

11971      DEBUG main            d.u.i.k.p.r.p.TestFile    Exception java.lang.Exception: Exception while loading proof (see cause for details): /home/runner/work/key/key/key.core/../key.ui/examples/standard_key/java_dl/jml-assert/assert.key.proof
	at de.uka.ilkd.key.proof.runallproofs.proofcollection.TestFile.reloadProof(TestFile.java:314)
Caused by: de.uka.ilkd.key.proof.io.ProblemLoaderException: Error loading proof.
Line 101, goal 12, rule Class_invariant_axiom_for_Assert not available or not applicable in this context.
	at de.uka.ilkd.key.proof.io.IntermediateProofReplayer.reportError(IntermediateProofReplayer.java:782)
Caused by: java.lang.IndexOutOfBoundsException: Index: 1, Size: 1
	at java.base/java.util.LinkedList.checkElementIndex(LinkedList.java:559)

11971      WARN  main            d.u.i.k.p.r.p.ForkedTestFileRunner Run failed java.lang.Exception: Exception while loading proof (see cause for details): /home/runner/work/key/key/key.core/../key.ui/examples/standard_key/java_dl/jml-assert/assert.key.proof
	at de.uka.ilkd.key.proof.runallproofs.proofcollection.TestFile.reloadProof(TestFile.java:314)
Caused by: de.uka.ilkd.key.proof.io.ProblemLoaderException: Error loading proof.
Line 101, goal 12, rule Class_invariant_axiom_for_Assert not available or not applicable in this context.
	at de.uka.ilkd.key.proof.io.IntermediateProofReplayer.reportError(IntermediateProofReplayer.java:782)
Caused by: java.lang.IndexOutOfBoundsException: Index: 1, Size: 1
	at java.base/java.util.LinkedList.checkElementIndex(LinkedList.java:559)

11974      INFO  main            d.u.i.k.p.r.p.TestFile    Now processing file /home/runner/work/key/key/key.core/../key.ui/examples/heap/block_loop_contracts/Free/assertions0.key 
11975      INFO  main            d.u.i.k.p.i.AbstractProblemLoader Loading environment from /home/runner/work/key/key/key.core/../key.ui/examples/heap/block_loop_contracts/Free/assertions0.key 
11975      DEBUG main            d.u.i.k.p.i.AbstractProblemLoader Environment load took 112.5ns 
11979      INFO  main            d.u.i.k.p.i.AbstractProblemLoader Creating init config 
14624      DEBUG main            d.u.i.k.p.i.AbstractProblemLoader Init config took 2.65s 
14682      INFO  main            d.u.i.k.p.i.AbstractProblemLoader Replaying proof FreeConditions[FreeConditions::assertions0()].JML normal_behavior operation contract.0 
14685      DEBUG main            d.u.i.k.p.i.IntermediateProofReplayer Proof replay took 14.5ns 
14788      INFO  main            d.u.i.k.p.r.p.TestFile    ... finished proof: closed. 
14910      INFO  main            d.u.i.k.p.i.AbstractProblemLoader Loading environment from /home/runner/work/key/key/key.core/../key.ui/examples/heap/block_loop_contracts/Free/assertions0.key.proof 
14910      DEBUG main            d.u.i.k.p.i.AbstractProblemLoader Environment load took 115.6ns 
14915      INFO  main            d.u.i.k.p.i.AbstractProblemLoader Creating init config 
17329      DEBUG main            d.u.i.k.p.i.AbstractProblemLoader Init config took 2.41s 
17380      INFO  main            d.u.i.k.p.i.AbstractProblemLoader Replaying proof FreeConditions[FreeConditions::assertions0()].JML normal_behavior operation contract.0 
17405      DEBUG main            d.u.i.k.p.i.IntermediateProofReplayer Proof replay took 22.8ms 
17411      DEBUG main            d.u.i.k.p.r.p.TestFile    ... success: reloaded. 
17415      INFO  main            d.u.i.k.p.r.p.TestFile    Now processing file /home/runner/work/key/key/key.core/../key.ui/examples/heap/block_loop_contracts/Free/assertions1.key 
17416      INFO  main            d.u.i.k.p.i.AbstractProblemLoader Loading environment from /home/runner/work/key/key/key.core/../key.ui/examples/heap/block_loop_contracts/Free/assertions1.key 
17416      DEBUG main            d.u.i.k.p.i.AbstractProblemLoader Environment load took 111.1ns 
17418      INFO  main            d.u.i.k.p.i.AbstractProblemLoader Creating init config 
19847      DEBUG main            d.u.i.k.p.i.AbstractProblemLoader Init config took 2.43s 
19894      INFO  main            d.u.i.k.p.i.AbstractProblemLoader Replaying proof FreeConditions[FreeConditions::assertions1()].JML normal_behavior operation contract.0 
19897      DEBUG main            d.u.i.k.p.i.IntermediateProofReplayer Proof replay took 13ns 
19999      INFO  main            d.u.i.k.p.r.p.TestFile    ... finished proof: closed. 
20183      INFO  main            d.u.i.k.p.i.AbstractProblemLoader Loading environment from /home/runner/work/key/key/key.core/../key.ui/examples/heap/block_loop_contracts/Free/assertions1.key.proof 
20183      DEBUG main            d.u.i.k.p.i.AbstractProblemLoader Environment load took 106.6ns 
20184      INFO  main            d.u.i.k.p.i.AbstractProblemLoader Creating init config 
22560      DEBUG main            d.u.i.k.p.i.AbstractProblemLoader Init config took 2.38s 
22609      INFO  main            d.u.i.k.p.i.AbstractProblemLoader Replaying proof FreeConditions[FreeConditions::assertions1()].JML normal_behavior operation contract.0 
22616      DEBUG main            d.u.i.k.p.i.IntermediateProofReplayer Proof replay took 4.84ms 
22618      DEBUG main            d.u.i.k.p.r.p.TestFile    ... success: reloaded. 
22620      INFO  main            d.u.i.k.p.r.p.TestFile    Now processing file /home/runner/work/key/key/key.core/../key.ui/examples/standard_key/java_dl/jml-assert/recursion-assert.key 
22620      INFO  main            d.u.i.k.p.i.AbstractProblemLoader Loading environment from /home/runner/work/key/key/key.core/../key.ui/examples/standard_key/java_dl/jml-assert/recursion-assert.key 
22621      DEBUG main            d.u.i.k.p.i.AbstractProblemLoader Environment load took 203.4ns 
22622      INFO  main            d.u.i.k.p.i.AbstractProblemLoader Creating init config 
25121      DEBUG main            d.u.i.k.p.i.AbstractProblemLoader Init config took 2.5s 
25177      INFO  main            d.u.i.k.p.i.AbstractProblemLoader Replaying proof RecursiveMethod[RecursiveMethod::fac1(int)].JML normal_behavior operation contract.0 
25180      DEBUG main            d.u.i.k.p.i.IntermediateProofReplayer Proof replay took 6.4ns 
25384      INFO  main            d.u.i.k.p.r.p.TestFile    ... finished proof: closed. 
25536      INFO  main            d.u.i.k.p.i.AbstractProblemLoader Loading environment from /home/runner/work/key/key/key.core/../key.ui/examples/standard_key/java_dl/jml-assert/recursion-assert.key.proof 
25538      DEBUG main            d.u.i.k.p.i.AbstractProblemLoader Environment load took 1.42ms 
25539      INFO  main            d.u.i.k.p.i.AbstractProblemLoader Creating init config 
27987      DEBUG main            d.u.i.k.p.i.AbstractProblemLoader Init config took 2.45s 
28041      INFO  main            d.u.i.k.p.i.AbstractProblemLoader Replaying proof RecursiveMethod[RecursiveMethod::fac1(int)].JML normal_behavior operation contract.0 
28083      DEBUG main            d.u.i.k.p.i.IntermediateProofReplayer Proof replay took 39.02ms 
28084      DEBUG main            d.u.i.k.p.r.p.TestFile    ... success: reloaded. 
28086      INFO  main            d.u.i.k.p.r.p.TestFile    Now processing file /home/runner/work/key/key/key.core/../key.ui/examples/standard_key/java_dl/jml-assert/recursion-assume.key 
28087      INFO  main            d.u.i.k.p.i.AbstractProblemLoader Loading environment from /home/runner/work/key/key/key.core/../key.ui/examples/standard_key/java_dl/jml-assert/recursion-assume.key 
28087      DEBUG main            d.u.i.k.p.i.AbstractProblemLoader Environment load took 226ns 
28088      INFO  main            d.u.i.k.p.i.AbstractProblemLoader Creating init config 
30692      DEBUG main            d.u.i.k.p.i.AbstractProblemLoader Init config took 2.6s 
30737      INFO  main            d.u.i.k.p.i.AbstractProblemLoader Replaying proof RecursiveMethod[RecursiveMethod::fac2(int)].JML normal_behavior operation contract.0 
30739      DEBUG main            d.u.i.k.p.i.IntermediateProofReplayer Proof replay took 5.3ns 
30941      INFO  main            d.u.i.k.p.r.p.TestFile    ... finished proof: closed. 
31104      INFO  main            d.u.i.k.p.i.AbstractProblemLoader Loading environment from /home/runner/work/key/key/key.core/../key.ui/examples/standard_key/java_dl/jml-assert/recursion-assume.key.proof 
31104      DEBUG main            d.u.i.k.p.i.AbstractProblemLoader Environment load took 107ns 
31105      INFO  main            d.u.i.k.p.i.AbstractProblemLoader Creating init config 
33622      DEBUG main            d.u.i.k.p.i.AbstractProblemLoader Init config took 2.52s 
33676      INFO  main            d.u.i.k.p.i.AbstractProblemLoader Replaying proof RecursiveMethod[RecursiveMethod::fac2(int)].JML normal_behavior operation contract.0 
33715      DEBUG main            d.u.i.k.p.i.IntermediateProofReplayer Proof replay took 35.79ms 
33716      DEBUG main            d.u.i.k.p.r.p.TestFile    ... success: reloaded. 
33718      INFO  main            d.u.i.k.p.r.p.TestFile    Now processing file /home/runner/work/key/key/key.core/../key.ui/examples/standard_key/java_dl/jml-assert/quantor-assert.key 
33718      INFO  main            d.u.i.k.p.i.AbstractProblemLoader Loading environment from /home/runner/work/key/key/key.core/../key.ui/examples/standard_key/java_dl/jml-assert/quantor-assert.key 
33718      DEBUG main            d.u.i.k.p.i.AbstractProblemLoader Environment load took 196.6ns 
33719      INFO  main            d.u.i.k.p.i.AbstractProblemLoader Creating init config 
36201      DEBUG main            d.u.i.k.p.i.AbstractProblemLoader Init config took 2.48s 
36245      INFO  main            d.u.i.k.p.i.AbstractProblemLoader Replaying proof Quantor[Quantor::square1(int)].JML normal_behavior operation contract.0 
36247      DEBUG main            d.u.i.k.p.i.IntermediateProofReplayer Proof replay took 6ns 
36349      INFO  main            d.u.i.k.p.r.p.TestFile    ... finished proof: closed. 
36516      INFO  main            d.u.i.k.p.i.AbstractProblemLoader Loading environment from /home/runner/work/key/key/key.core/../key.ui/examples/standard_key/java_dl/jml-assert/quantor-assert.key.proof 
36516      DEBUG main            d.u.i.k.p.i.AbstractProblemLoader Environment load took 119.1ns 
36517      INFO  main            d.u.i.k.p.i.AbstractProblemLoader Creating init config 
38948      DEBUG main            d.u.i.k.p.i.AbstractProblemLoader Init config took 2.43s 
38988      INFO  main            d.u.i.k.p.i.AbstractProblemLoader Replaying proof Quantor[Quantor::square1(int)].JML normal_behavior operation contract.0 
39006      DEBUG main            d.u.i.k.p.i.IntermediateProofReplayer Proof replay took 15.39ms 
39007      DEBUG main            d.u.i.k.p.r.p.TestFile    ... success: reloaded. 
39009      INFO  main            d.u.i.k.p.r.p.TestFile    Now processing file /home/runner/work/key/key/key.core/../key.ui/examples/standard_key/java_dl/jml-assert/quantor-assume.key 
39009      INFO  main            d.u.i.k.p.i.AbstractProblemLoader Loading environment from /home/runner/work/key/key/key.core/../key.ui/examples/standard_key/java_dl/jml-assert/quantor-assume.key 
39009      DEBUG main            d.u.i.k.p.i.AbstractProblemLoader Environment load took 91.9ns 
39010      INFO  main            d.u.i.k.p.i.AbstractProblemLoader Creating init config 
41477      DEBUG main            d.u.i.k.p.i.AbstractProblemLoader Init config took 2.47s 
41517      INFO  main            d.u.i.k.p.i.AbstractProblemLoader Replaying proof Quantor[Quantor::square2(int)].JML normal_behavior operation contract.0 
41518      DEBUG main            d.u.i.k.p.i.IntermediateProofReplayer Proof replay took 6.2ns 
41623      INFO  main            d.u.i.k.p.r.p.TestFile    ... finished proof: closed. 
41799      INFO  main            d.u.i.k.p.i.AbstractProblemLoader Loading environment from /home/runner/work/key/key/key.core/../key.ui/examples/standard_key/java_dl/jml-assert/quantor-assume.key.proof 
41799      DEBUG main            d.u.i.k.p.i.AbstractProblemLoader Environment load took 113.1ns 
41800      INFO  main            d.u.i.k.p.i.AbstractProblemLoader Creating init config 
44227      DEBUG main            d.u.i.k.p.i.AbstractProblemLoader Init config took 2.43s 
44265      INFO  main            d.u.i.k.p.i.AbstractProblemLoader Replaying proof Quantor[Quantor::square2(int)].JML normal_behavior operation contract.0 
44281      DEBUG main            d.u.i.k.p.i.IntermediateProofReplayer Proof replay took 13.79ms 
44283      DEBUG main            d.u.i.k.p.r.p.TestFile    ... success: reloaded. 
44285      INFO  main            d.u.i.k.p.r.p.TestFile    Now processing file /home/runner/work/key/key/key.core/../key.ui/examples/standard_key/java_dl/jml-assert/model-methods-static-static.key 
44285      INFO  main            d.u.i.k.p.i.AbstractProblemLoader Loading environment from /home/runner/work/key/key/key.core/../key.ui/examples/standard_key/java_dl/jml-assert/model-methods-static-static.key 
44285      DEBUG main            d.u.i.k.p.i.AbstractProblemLoader Environment load took 84.1ns 
44286      INFO  main            d.u.i.k.p.i.AbstractProblemLoader Creating init config 
46708      DEBUG main            d.u.i.k.p.i.AbstractProblemLoader Init config took 2.42s 
46747      INFO  main            d.u.i.k.p.i.AbstractProblemLoader Replaying proof ModelMethods[ModelMethods::test1()].JML normal_behavior operation contract.0 
46748      DEBUG main            d.u.i.k.p.i.IntermediateProofReplayer Proof replay took 6.2ns 
46851      INFO  main            d.u.i.k.p.r.p.TestFile    ... finished proof: closed. 
47065      INFO  main            d.u.i.k.p.i.AbstractProblemLoader Loading environment from /home/runner/work/key/key/key.core/../key.ui/examples/standard_key/java_dl/jml-assert/model-methods-static-static.key.proof 
47065      DEBUG main            d.u.i.k.p.i.AbstractProblemLoader Environment load took 111.3ns 
47066      INFO  main            d.u.i.k.p.i.AbstractProblemLoader Creating init config 
49461      DEBUG main            d.u.i.k.p.i.AbstractProblemLoader Init config took 2.4s 
49500      INFO  main            d.u.i.k.p.i.AbstractProblemLoader Replaying proof ModelMethods[ModelMethods::test1()].JML normal_behavior operation contract.0 
49508      DEBUG main            d.u.i.k.p.i.IntermediateProofReplayer Proof replay took 5.8ms 
49509      DEBUG main            d.u.i.k.p.r.p.TestFile    ... success: reloaded. 
49511      INFO  main            d.u.i.k.p.r.p.TestFile    Now processing file /home/runner/work/key/key/key.core/../key.ui/examples/standard_key/java_dl/jml-assert/model-methods-instance-static.key 
49511      INFO  main            d.u.i.k.p.i.AbstractProblemLoader Loading environment from /home/runner/work/key/key/key.core/../key.ui/examples/standard_key/java_dl/jml-assert/model-methods-instance-static.key 
49512      DEBUG main            d.u.i.k.p.i.AbstractProblemLoader Environment load took 197.2ns 
49513      INFO  main            d.u.i.k.p.i.AbstractProblemLoader Creating init config 
52016      DEBUG main            d.u.i.k.p.i.AbstractProblemLoader Init config took 2.5s 
52063      INFO  main            d.u.i.k.p.i.AbstractProblemLoader Replaying proof ModelMethods[ModelMethods::test2()].JML normal_behavior operation contract.0 
52065      DEBUG main            d.u.i.k.p.i.IntermediateProofReplayer Proof replay took 5.8ns 
52167      INFO  main            d.u.i.k.p.r.p.TestFile    ... finished proof: closed. 
52338      INFO  main            d.u.i.k.p.i.AbstractProblemLoader Loading environment from /home/runner/work/key/key/key.core/../key.ui/examples/standard_key/java_dl/jml-assert/model-methods-instance-static.key.proof 
52338      DEBUG main            d.u.i.k.p.i.AbstractProblemLoader Environment load took 101.3ns 
52342      INFO  main            d.u.i.k.p.i.AbstractProblemLoader Creating init config 
54724      DEBUG main            d.u.i.k.p.i.AbstractProblemLoader Init config took 2.38s 
54767      INFO  main            d.u.i.k.p.i.AbstractProblemLoader Replaying proof ModelMethods[ModelMethods::test2()].JML normal_behavior operation contract.0 
54781      DEBUG main            d.u.i.k.p.i.IntermediateProofReplayer Proof replay took 10.5ms 
54783      DEBUG main            d.u.i.k.p.r.p.TestFile    ... success: reloaded. 
54785      INFO  main            d.u.i.k.p.r.p.TestFile    Now processing file /home/runner/work/key/key/key.core/../key.ui/examples/standard_key/java_dl/jml-assert/model-methods-instance-instance.key 
54786      INFO  main            d.u.i.k.p.i.AbstractProblemLoader Loading environment from /home/runner/work/key/key/key.core/../key.ui/examples/standard_key/java_dl/jml-assert/model-methods-instance-instance.key 
54786      DEBUG main            d.u.i.k.p.i.AbstractProblemLoader Environment load took 98.6ns 
54787      INFO  main            d.u.i.k.p.i.AbstractProblemLoader Creating init config 
57225      DEBUG main            d.u.i.k.p.i.AbstractProblemLoader Init config took 2.44s 
57261      INFO  main            d.u.i.k.p.i.AbstractProblemLoader Replaying proof ModelMethods[ModelMethods::test3()].JML normal_behavior operation contract.0 
57262      DEBUG main            d.u.i.k.p.i.IntermediateProofReplayer Proof replay took 6.1ns 
57368      INFO  main            d.u.i.k.p.r.p.TestFile    ... finished proof: closed. 
57546      INFO  main            d.u.i.k.p.i.AbstractProblemLoader Loading environment from /home/runner/work/key/key/key.core/../key.ui/examples/standard_key/java_dl/jml-assert/model-methods-instance-instance.key.proof 
57547      DEBUG main            d.u.i.k.p.i.AbstractProblemLoader Environment load took 103.3ns 
57547      INFO  main            d.u.i.k.p.i.AbstractProblemLoader Creating init config 
59936      DEBUG main            d.u.i.k.p.i.AbstractProblemLoader Init config took 2.39s 
59972      INFO  main            d.u.i.k.p.i.AbstractProblemLoader Replaying proof ModelMethods[ModelMethods::test3()].JML normal_behavior operation contract.0 
59984      DEBUG main            d.u.i.k.p.i.IntermediateProofReplayer Proof replay took 9.95ms 
59985      DEBUG main            d.u.i.k.p.r.p.TestFile    ... success: reloaded. 
59987      INFO  main            d.u.i.k.p.r.p.TestFile    Now processing file /home/runner/work/key/key/key.core/../key.ui/examples/standard_key/java_dl/jml-assert/model-methods-static-instance.key 
59987      INFO  main            d.u.i.k.p.i.AbstractProblemLoader Loading environment from /home/runner/work/key/key/key.core/../key.ui/examples/standard_key/java_dl/jml-assert/model-methods-static-instance.key 
59988      DEBUG main            d.u.i.k.p.i.AbstractProblemLoader Environment load took 196.4ns 
59988      INFO  main            d.u.i.k.p.i.AbstractProblemLoader Creating init config 
62400      DEBUG main            d.u.i.k.p.i.AbstractProblemLoader Init config took 2.41s 
62436      INFO  main            d.u.i.k.p.i.AbstractProblemLoader Replaying proof ModelMethods[ModelMethods::test4()].JML normal_behavior operation contract.0 
62437      DEBUG main            d.u.i.k.p.i.IntermediateProofReplayer Proof replay took 6.2ns 
62540      INFO  main            d.u.i.k.p.r.p.TestFile    ... finished proof: closed. 
62723      INFO  main            d.u.i.k.p.i.AbstractProblemLoader Loading environment from /home/runner/work/key/key/key.core/../key.ui/examples/standard_key/java_dl/jml-assert/model-methods-static-instance.key.proof 
62723      DEBUG main            d.u.i.k.p.i.AbstractProblemLoader Environment load took 107.3ns 
62724      INFO  main            d.u.i.k.p.i.AbstractProblemLoader Creating init config 
65102      DEBUG main            d.u.i.k.p.i.AbstractProblemLoader Init config took 2.38s 
65144      INFO  main            d.u.i.k.p.i.AbstractProblemLoader Replaying proof ModelMethods[ModelMethods::test4()].JML normal_behavior operation contract.0 
65176      DEBUG main            d.u.i.k.p.i.IntermediateProofReplayer Proof replay took 30.08ms 
65178      DEBUG main            d.u.i.k.p.r.p.TestFile    ... success: reloaded. 
65180      INFO  main            d.u.i.k.p.r.p.TestFile    Now processing file /home/runner/work/key/key/key.core/../key.ui/examples/standard_key/java_dl/jml-assert/assert-old/inc-field.key 
65180      INFO  main            d.u.i.k.p.i.AbstractProblemLoader Loading environment from /home/runner/work/key/key/key.core/../key.ui/examples/standard_key/java_dl/jml-assert/assert-old/inc-field.key 
65180      DEBUG main            d.u.i.k.p.i.AbstractProblemLoader Environment load took 203.5ns 
65181      INFO  main            d.u.i.k.p.i.AbstractProblemLoader Creating init config 
67530      DEBUG main            d.u.i.k.p.i.AbstractProblemLoader Init config took 2.35s 
67566      INFO  main            d.u.i.k.p.i.AbstractProblemLoader Replaying proof Inc[Inc::inc_field()].JML normal_behavior operation contract.0 
67568      DEBUG main            d.u.i.k.p.i.IntermediateProofReplayer Proof replay took 6.5ns 
67672      INFO  main            d.u.i.k.p.r.p.TestFile    ... finished proof: closed. 
67858      INFO  main            d.u.i.k.p.i.AbstractProblemLoader Loading environment from /home/runner/work/key/key/key.core/../key.ui/examples/standard_key/java_dl/jml-assert/assert-old/inc-field.key.proof 
67858      DEBUG main            d.u.i.k.p.i.AbstractProblemLoader Environment load took 108.2ns 
67859      INFO  main            d.u.i.k.p.i.AbstractProblemLoader Creating init config 
70202      DEBUG main            d.u.i.k.p.i.AbstractProblemLoader Init config took 2.34s 
70237      INFO  main            d.u.i.k.p.i.AbstractProblemLoader Replaying proof Inc[Inc::inc_field()].JML normal_behavior operation contract.0 
70264      DEBUG main            d.u.i.k.p.i.IntermediateProofReplayer Proof replay took 24.96ms 
70265      DEBUG main            d.u.i.k.p.r.p.TestFile    ... success: reloaded. 
70266      INFO  main            d.u.i.k.p.r.p.TestFile    Now processing file /home/runner/work/key/key/key.core/../key.ui/examples/standard_key/java_dl/jml-assert/assert-old/inc-parameter.key 
70267      INFO  main            d.u.i.k.p.i.AbstractProblemLoader Loading environment from /home/runner/work/key/key/key.core/../key.ui/examples/standard_key/java_dl/jml-assert/assert-old/inc-parameter.key 
70267      DEBUG main            d.u.i.k.p.i.AbstractProblemLoader Environment load took 86.7ns 
70268      INFO  main            d.u.i.k.p.i.AbstractProblemLoader Creating init config 
72562      DEBUG main            d.u.i.k.p.i.AbstractProblemLoader Init config took 2.29s 
72597      INFO  main            d.u.i.k.p.i.AbstractProblemLoader Replaying proof Inc[Inc::inc_parameter(int)].JML normal_behavior operation contract.0 
72598      DEBUG main            d.u.i.k.p.i.IntermediateProofReplayer Proof replay took 5.6ns 
72699      INFO  main            d.u.i.k.p.r.p.TestFile    ... finished proof: closed. 
72899      INFO  main            d.u.i.k.p.i.AbstractProblemLoader Loading environment from /home/runner/work/key/key/key.core/../key.ui/examples/standard_key/java_dl/jml-assert/assert-old/inc-parameter.key.proof 
72899      DEBUG main            d.u.i.k.p.i.AbstractProblemLoader Environment load took 99.4ns 
72900      INFO  main            d.u.i.k.p.i.AbstractProblemLoader Creating init config 
75182      DEBUG main            d.u.i.k.p.i.AbstractProblemLoader Init config took 2.28s 
75216      INFO  main            d.u.i.k.p.i.AbstractProblemLoader Replaying proof Inc[Inc::inc_parameter(int)].JML normal_behavior operation contract.0 
75233      DEBUG main            d.u.i.k.p.i.IntermediateProofReplayer Proof replay took 12.26ms 
75234      DEBUG main            d.u.i.k.p.r.p.TestFile    ... success: reloaded. 
75236      INFO  main            d.u.i.k.p.r.p.TestFile    Now processing file /home/runner/work/key/key/key.core/../key.ui/examples/standard_key/java_dl/jml-assert/assert-old/inc-parameter-field.key 
75236      INFO  main            d.u.i.k.p.i.AbstractProblemLoader Loading environment from /home/runner/work/key/key/key.core/../key.ui/examples/standard_key/java_dl/jml-assert/assert-old/inc-parameter-field.key 
75238      DEBUG main            d.u.i.k.p.i.AbstractProblemLoader Environment load took 1.03ms 
75238      INFO  main            d.u.i.k.p.i.AbstractProblemLoader Creating init config 
77578      DEBUG main            d.u.i.k.p.i.AbstractProblemLoader Init config took 2.34s 
77613      INFO  main            d.u.i.k.p.i.AbstractProblemLoader Replaying proof Inc[Inc::inc_parameter_field(Inc)].JML normal_behavior operation contract.0 
77614      DEBUG main            d.u.i.k.p.i.IntermediateProofReplayer Proof replay took 6ns 
77720      INFO  main            d.u.i.k.p.r.p.TestFile    ... finished proof: closed. 
77926      INFO  main            d.u.i.k.p.i.AbstractProblemLoader Loading environment from /home/runner/work/key/key/key.core/../key.ui/examples/standard_key/java_dl/jml-assert/assert-old/inc-parameter-field.key.proof 
77926      DEBUG main            d.u.i.k.p.i.AbstractProblemLoader Environment load took 104.4ns 
77927      INFO  main            d.u.i.k.p.i.AbstractProblemLoader Creating init config 
80215      DEBUG main            d.u.i.k.p.i.AbstractProblemLoader Init config took 2.29s 
80253      INFO  main            d.u.i.k.p.i.AbstractProblemLoader Replaying proof Inc[Inc::inc_parameter_field(Inc)].JML normal_behavior operation contract.0 
80299      DEBUG main            d.u.i.k.p.i.IntermediateProofReplayer Proof replay took 41.77ms 
80300      DEBUG main            d.u.i.k.p.r.p.TestFile    ... success: reloaded. 
80301      INFO  main            d.u.i.k.p.r.p.TestFile    Now processing file /home/runner/work/key/key/key.core/../key.ui/examples/standard_key/java_dl/jml-assert/assert-old/inc-ghost-field.key 
80302      INFO  main            d.u.i.k.p.i.AbstractProblemLoader Loading environment from /home/runner/work/key/key/key.core/../key.ui/examples/standard_key/java_dl/jml-assert/assert-old/inc-ghost-field.key 
80302      DEBUG main            d.u.i.k.p.i.AbstractProblemLoader Environment load took 87.3ns 
80302      INFO  main            d.u.i.k.p.i.AbstractProblemLoader Creating init config 
82643      DEBUG main            d.u.i.k.p.i.AbstractProblemLoader Init config took 2.34s 
82678      INFO  main            d.u.i.k.p.i.AbstractProblemLoader Replaying proof Inc[Inc::inc_ghost_field()].JML normal_behavior operation contract.0 
82679      DEBUG main            d.u.i.k.p.i.IntermediateProofReplayer Proof replay took 5.9ns 
82783      INFO  main            d.u.i.k.p.r.p.TestFile    ... finished proof: closed. 
82994      INFO  main            d.u.i.k.p.i.AbstractProblemLoader Loading environment from /home/runner/work/key/key/key.core/../key.ui/examples/standard_key/java_dl/jml-assert/assert-old/inc-ghost-field.key.proof 
82994      DEBUG main            d.u.i.k.p.i.AbstractProblemLoader Environment load took 132.2ns 
82995      INFO  main            d.u.i.k.p.i.AbstractProblemLoader Creating init config 
85269      DEBUG main            d.u.i.k.p.i.AbstractProblemLoader Init config took 2.27s 
85317      INFO  main            d.u.i.k.p.i.AbstractProblemLoader Replaying proof Inc[Inc::inc_ghost_field()].JML normal_behavior operation contract.0 
85352      DEBUG main            d.u.i.k.p.i.IntermediateProofReplayer Proof replay took 32.24ms 
85353      DEBUG main            d.u.i.k.p.r.p.TestFile    ... success: reloaded. 
698138     INFO  Test worker     d.u.i.k.p.r.RunAllProofsTestUnit Running test javaCard 
470        INFO  Timeout watchdog d.u.i.k.p.r.p.ForkedTestFileRunner Timeout watcher launched (2000 secs.) 
479        WARN  main            d.u.i.k.s.ProofSettings   The settings in /home/runner/.key/proof-settings.props are *not* read. 
541        INFO  main            d.u.i.k.p.r.p.TestFile    Now processing file /home/runner/work/key/key/key.core/../key.ui/examples/heap/javacard/updateBalance0.key 
744        INFO  main            d.u.i.k.p.i.AbstractProblemLoader Loading environment from /home/runner/work/key/key/key.core/../key.ui/examples/heap/javacard/updateBalance0.key 
781        DEBUG main            d.u.i.k.p.i.AbstractProblemLoader Environment load took 2.35ms 
1038       INFO  main            d.u.i.k.p.i.AbstractProblemLoader Creating init config 
1957       DEBUG main            d.u.i.k.j.TypeConverter   No LDT found for Meta 
1957       DEBUG main            d.u.i.k.j.TypeConverter   No LDT found for Meta 
1960       DEBUG main            d.u.i.k.j.TypeConverter   No LDT found for Meta 
1960       DEBUG main            d.u.i.k.j.TypeConverter   No LDT found for Meta 
3212       DEBUG main            d.u.i.k.j.TypeConverter   No LDT found for JavaBigintExpression 
6774       DEBUG main            d.u.i.k.p.i.AbstractProblemLoader Init config took 5.74s 
6891       INFO  main            d.u.i.k.p.i.AbstractProblemLoader Replaying proof Examples[Examples::updateBalance(short)].JML normal_behavior operation contract.0 
6921       DEBUG main            d.u.i.k.p.i.IntermediateProofReplayer Proof replay took 32ns 
8159       INFO  main            d.u.i.k.p.r.p.TestFile    ... finished proof: closed. 
8268       INFO  main            d.u.i.k.p.i.AbstractProblemLoader Loading environment from /home/runner/work/key/key/key.core/../key.ui/examples/heap/javacard/updateBalance0.key.proof 
8273       DEBUG main            d.u.i.k.p.i.AbstractProblemLoader Environment load took 4.84ms 
8276       INFO  main            d.u.i.k.p.i.AbstractProblemLoader Creating init config 
9975       DEBUG main            d.u.i.k.p.i.AbstractProblemLoader Init config took 1.7s 
10049      INFO  main            d.u.i.k.p.i.AbstractProblemLoader Replaying proof Examples[Examples::updateBalance(short)].JML normal_behavior operation contract.0 
10085      DEBUG main            d.u.i.k.p.i.IntermediateProofReplayer Proof replay took 27.19ms 
10086      WARN  main            d.u.i.k.p.r.p.TestFile    Replay exception de.uka.ilkd.key.proof.io.ProblemLoaderException: Error loading proof.
Line 133, goal 42, rule Class_invariant_axiom_for_Examples not available or not applicable in this context.
	at de.uka.ilkd.key.proof.io.IntermediateProofReplayer.reportError(IntermediateProofReplayer.java:782)
Caused by: java.lang.IndexOutOfBoundsException: Index: 1, Size: 1
	at java.base/java.util.LinkedList.checkElementIndex(LinkedList.java:559)

10091      WARN  main            d.u.i.k.p.r.p.TestFile    Replay exception de.uka.ilkd.key.proof.io.ProblemLoaderException: Error loading proof.
Line 142, goal 51, rule replaceKnownQuery_0 not available or not applicable in this context.
	at de.uka.ilkd.key.proof.io.IntermediateProofReplayer.reportError(IntermediateProofReplayer.java:782)
Caused by: de.uka.ilkd.key.proof.io.IntermediateProofReplayer$TacletAppConstructionException: Unknown taclet with name "replaceKnownQuery_0"
	at de.uka.ilkd.key.proof.io.IntermediateProofReplayer.constructTacletApp(IntermediateProofReplayer.java:432)

10096      DEBUG main            d.u.i.k.p.r.p.TestFile    Exception java.lang.Exception: Exception while loading proof (see cause for details): /home/runner/work/key/key/key.core/../key.ui/examples/heap/javacard/updateBalance0.key.proof
	at de.uka.ilkd.key.proof.runallproofs.proofcollection.TestFile.reloadProof(TestFile.java:314)
Caused by: de.uka.ilkd.key.proof.io.ProblemLoaderException: Error loading proof.
Line 133, goal 42, rule Class_invariant_axiom_for_Examples not available or not applicable in this context.
	at de.uka.ilkd.key.proof.io.IntermediateProofReplayer.reportError(IntermediateProofReplayer.java:782)
Caused by: java.lang.IndexOutOfBoundsException: Index: 1, Size: 1
	at java.base/java.util.LinkedList.checkElementIndex(LinkedList.java:559)

10098      WARN  main            d.u.i.k.p.r.p.ForkedTestFileRunner Run failed java.lang.Exception: Exception while loading proof (see cause for details): /home/runner/work/key/key/key.core/../key.ui/examples/heap/javacard/updateBalance0.key.proof
	at de.uka.ilkd.key.proof.runallproofs.proofcollection.TestFile.reloadProof(TestFile.java:314)
Caused by: de.uka.ilkd.key.proof.io.ProblemLoaderException: Error loading proof.
Line 133, goal 42, rule Class_invariant_axiom_for_Examples not available or not applicable in this context.
	at de.uka.ilkd.key.proof.io.IntermediateProofReplayer.reportError(IntermediateProofReplayer.java:782)
Caused by: java.lang.IndexOutOfBoundsException: Index: 1, Size: 1
	at java.base/java.util.LinkedList.checkElementIndex(LinkedList.java:559)

10106      INFO  main            d.u.i.k.p.r.p.TestFile    Now processing file /home/runner/work/key/key/key.core/../key.ui/examples/heap/javacard/updateBalance1.key 
10107      INFO  main            d.u.i.k.p.i.AbstractProblemLoader Loading environment from /home/runner/work/key/key/key.core/../key.ui/examples/heap/javacard/updateBalance1.key 
10107      DEBUG main            d.u.i.k.p.i.AbstractProblemLoader Environment load took 214.8ns 
10108      INFO  main            d.u.i.k.p.i.AbstractProblemLoader Creating init config 
11745      DEBUG main            d.u.i.k.p.i.AbstractProblemLoader Init config took 1.64s 
11807      INFO  main            d.u.i.k.p.i.AbstractProblemLoader Replaying proof Examples[Examples::updateBalance(short)].JML normal_behavior operation contract.1 
11809      DEBUG main            d.u.i.k.p.i.IntermediateProofReplayer Proof replay took 5.6ns 
12414      INFO  main            d.u.i.k.p.r.p.TestFile    ... finished proof: closed. 
12534      INFO  main            d.u.i.k.p.i.AbstractProblemLoader Loading environment from /home/runner/work/key/key/key.core/../key.ui/examples/heap/javacard/updateBalance1.key.proof 
12534      DEBUG main            d.u.i.k.p.i.AbstractProblemLoader Environment load took 433.9ns 
12536      INFO  main            d.u.i.k.p.i.AbstractProblemLoader Creating init config 
14098      DEBUG main            d.u.i.k.p.i.AbstractProblemLoader Init config took 1.56s 
14150      INFO  main            d.u.i.k.p.i.AbstractProblemLoader Replaying proof Examples[Examples::updateBalance(short)].JML normal_behavior operation contract.1 
14168      DEBUG main            d.u.i.k.p.i.IntermediateProofReplayer Proof replay took 13.49ms 
14169      WARN  main            d.u.i.k.p.r.p.TestFile    Replay exception de.uka.ilkd.key.proof.io.ProblemLoaderException: Error loading proof.
Line 124, goal 33, rule Class_invariant_axiom_for_Examples not available or not applicable in this context.
	at de.uka.ilkd.key.proof.io.IntermediateProofReplayer.reportError(IntermediateProofReplayer.java:782)
Caused by: java.lang.IndexOutOfBoundsException: Index: 1, Size: 1
	at java.base/java.util.LinkedList.checkElementIndex(LinkedList.java:559)

14169      WARN  main            d.u.i.k.p.r.p.TestFile    Replay exception de.uka.ilkd.key.proof.io.ProblemLoaderException: Error loading proof.
Line 139, goal 48, rule replaceKnownQuery_0 not available or not applicable in this context.
	at de.uka.ilkd.key.proof.io.IntermediateProofReplayer.reportError(IntermediateProofReplayer.java:782)
Caused by: de.uka.ilkd.key.proof.io.IntermediateProofReplayer$TacletAppConstructionException: Unknown taclet with name "replaceKnownQuery_0"
	at de.uka.ilkd.key.proof.io.IntermediateProofReplayer.constructTacletApp(IntermediateProofReplayer.java:432)

14171      DEBUG main            d.u.i.k.p.r.p.TestFile    Exception java.lang.Exception: Exception while loading proof (see cause for details): /home/runner/work/key/key/key.core/../key.ui/examples/heap/javacard/updateBalance1.key.proof
	at de.uka.ilkd.key.proof.runallproofs.proofcollection.TestFile.reloadProof(TestFile.java:314)
Caused by: de.uka.ilkd.key.proof.io.ProblemLoaderException: Error loading proof.
Line 124, goal 33, rule Class_invariant_axiom_for_Examples not available or not applicable in this context.
	at de.uka.ilkd.key.proof.io.IntermediateProofReplayer.reportError(IntermediateProofReplayer.java:782)
Caused by: java.lang.IndexOutOfBoundsException: Index: 1, Size: 1
	at java.base/java.util.LinkedList.checkElementIndex(LinkedList.java:559)

14172      WARN  main            d.u.i.k.p.r.p.ForkedTestFileRunner Run failed java.lang.Exception: Exception while loading proof (see cause for details): /home/runner/work/key/key/key.core/../key.ui/examples/heap/javacard/updateBalance1.key.proof
	at de.uka.ilkd.key.proof.runallproofs.proofcollection.TestFile.reloadProof(TestFile.java:314)
Caused by: de.uka.ilkd.key.proof.io.ProblemLoaderException: Error loading proof.
Line 124, goal 33, rule Class_invariant_axiom_for_Examples not available or not applicable in this context.
	at de.uka.ilkd.key.proof.io.IntermediateProofReplayer.reportError(IntermediateProofReplayer.java:782)
Caused by: java.lang.IndexOutOfBoundsException: Index: 1, Size: 1
	at java.base/java.util.LinkedList.checkElementIndex(LinkedList.java:559)

14175      INFO  main            d.u.i.k.p.r.p.TestFile    Now processing file /home/runner/work/key/key/key.core/../key.ui/examples/heap/javacard/setArray1.key 
14175      INFO  main            d.u.i.k.p.i.AbstractProblemLoader Loading environment from /home/runner/work/key/key/key.core/../key.ui/examples/heap/javacard/setArray1.key 
14175      DEBUG main            d.u.i.k.p.i.AbstractProblemLoader Environment load took 209.7ns 
14177      INFO  main            d.u.i.k.p.i.AbstractProblemLoader Creating init config 
15711      DEBUG main            d.u.i.k.p.i.AbstractProblemLoader Init config took 1.53s 
15762      INFO  main            d.u.i.k.p.i.AbstractProblemLoader Replaying proof Examples[Examples::setArray1([B)].JML normal_behavior operation contract.0 
15765      DEBUG main            d.u.i.k.p.i.IntermediateProofReplayer Proof replay took 5.1ns 
16883      INFO  main            d.u.i.k.p.r.p.TestFile    ... finished proof: closed. 
17015      INFO  main            d.u.i.k.p.i.AbstractProblemLoader Loading environment from /home/runner/work/key/key/key.core/../key.ui/examples/heap/javacard/setArray1.key.proof 
17016      DEBUG main            d.u.i.k.p.i.AbstractProblemLoader Environment load took 418.4ns 
17017      INFO  main            d.u.i.k.p.i.AbstractProblemLoader Creating init config 
18538      DEBUG main            d.u.i.k.p.i.AbstractProblemLoader Init config took 1.52s 
18585      INFO  main            d.u.i.k.p.i.AbstractProblemLoader Replaying proof Examples[Examples::setArray1([B)].JML normal_behavior operation contract.0 
18603      DEBUG main            d.u.i.k.p.i.IntermediateProofReplayer Proof replay took 13.14ms 
18604      WARN  main            d.u.i.k.p.r.p.TestFile    Replay exception de.uka.ilkd.key.proof.io.ProblemLoaderException: Error loading proof.
Line 123, goal 32, rule Class_invariant_axiom_for_Examples not available or not applicable in this context.
	at de.uka.ilkd.key.proof.io.IntermediateProofReplayer.reportError(IntermediateProofReplayer.java:782)
Caused by: java.lang.IndexOutOfBoundsException: Index: 1, Size: 1
	at java.base/java.util.LinkedList.checkElementIndex(LinkedList.java:559)

18605      WARN  main            d.u.i.k.p.r.p.TestFile    Replay exception de.uka.ilkd.key.proof.io.ProblemLoaderException: Error loading proof.
Line 157, goal 66, rule replaceKnownQuery_0 not available or not applicable in this context.
	at de.uka.ilkd.key.proof.io.IntermediateProofReplayer.reportError(IntermediateProofReplayer.java:782)
Caused by: de.uka.ilkd.key.proof.io.IntermediateProofReplayer$TacletAppConstructionException: Unknown taclet with name "replaceKnownQuery_0"
	at de.uka.ilkd.key.proof.io.IntermediateProofReplayer.constructTacletApp(IntermediateProofReplayer.java:432)

18606      DEBUG main            d.u.i.k.p.r.p.TestFile    Exception java.lang.Exception: Exception while loading proof (see cause for details): /home/runner/work/key/key/key.core/../key.ui/examples/heap/javacard/setArray1.key.proof
	at de.uka.ilkd.key.proof.runallproofs.proofcollection.TestFile.reloadProof(TestFile.java:314)
Caused by: de.uka.ilkd.key.proof.io.ProblemLoaderException: Error loading proof.
Line 123, goal 32, rule Class_invariant_axiom_for_Examples not available or not applicable in this context.
	at de.uka.ilkd.key.proof.io.IntermediateProofReplayer.reportError(IntermediateProofReplayer.java:782)
Caused by: java.lang.IndexOutOfBoundsException: Index: 1, Size: 1
	at java.base/java.util.LinkedList.checkElementIndex(LinkedList.java:559)

18608      WARN  main            d.u.i.k.p.r.p.ForkedTestFileRunner Run failed java.lang.Exception: Exception while loading proof (see cause for details): /home/runner/work/key/key/key.core/../key.ui/examples/heap/javacard/setArray1.key.proof
	at de.uka.ilkd.key.proof.runallproofs.proofcollection.TestFile.reloadProof(TestFile.java:314)
Caused by: de.uka.ilkd.key.proof.io.ProblemLoaderException: Error loading proof.
Line 123, goal 32, rule Class_invariant_axiom_for_Examples not available or not applicable in this context.
	at de.uka.ilkd.key.proof.io.IntermediateProofReplayer.reportError(IntermediateProofReplayer.java:782)
Caused by: java.lang.IndexOutOfBoundsException: Index: 1, Size: 1
	at java.base/java.util.LinkedList.checkElementIndex(LinkedList.java:559)

18610      INFO  main            d.u.i.k.p.r.p.TestFile    Now processing file /home/runner/work/key/key/key.core/../key.ui/examples/heap/javacard/setArray2.key 
18610      INFO  main            d.u.i.k.p.i.AbstractProblemLoader Loading environment from /home/runner/work/key/key/key.core/../key.ui/examples/heap/javacard/setArray2.key 
18610      DEBUG main            d.u.i.k.p.i.AbstractProblemLoader Environment load took 210.1ns 
18612      INFO  main            d.u.i.k.p.i.AbstractProblemLoader Creating init config 
20122      DEBUG main            d.u.i.k.p.i.AbstractProblemLoader Init config took 1.51s 
20164      INFO  main            d.u.i.k.p.i.AbstractProblemLoader Replaying proof Examples[Examples::setArray2([B)].JML normal_behavior operation contract.0 
20166      DEBUG main            d.u.i.k.p.i.IntermediateProofReplayer Proof replay took 5.8ns 
21272      INFO  main            d.u.i.k.p.r.p.TestFile    ... finished proof: closed. 
21386      INFO  main            d.u.i.k.p.i.AbstractProblemLoader Loading environment from /home/runner/work/key/key/key.core/../key.ui/examples/heap/javacard/setArray2.key.proof 
21387      DEBUG main            d.u.i.k.p.i.AbstractProblemLoader Environment load took 407.3ns 
21388      INFO  main            d.u.i.k.p.i.AbstractProblemLoader Creating init config 
22865      DEBUG main            d.u.i.k.p.i.AbstractProblemLoader Init config took 1.48s 
22909      INFO  main            d.u.i.k.p.i.AbstractProblemLoader Replaying proof Examples[Examples::setArray2([B)].JML normal_behavior operation contract.0 
22926      DEBUG main            d.u.i.k.p.i.IntermediateProofReplayer Proof replay took 11.73ms 
22927      WARN  main            d.u.i.k.p.r.p.TestFile    Replay exception de.uka.ilkd.key.proof.io.ProblemLoaderException: Error loading proof.
Line 124, goal 33, rule Class_invariant_axiom_for_Examples not available or not applicable in this context.
	at de.uka.ilkd.key.proof.io.IntermediateProofReplayer.reportError(IntermediateProofReplayer.java:782)
Caused by: java.lang.IndexOutOfBoundsException: Index: 1, Size: 1
	at java.base/java.util.LinkedList.checkElementIndex(LinkedList.java:559)

22927      WARN  main            d.u.i.k.p.r.p.TestFile    Replay exception de.uka.ilkd.key.proof.io.ProblemLoaderException: Error loading proof.
Line 158, goal 67, rule replaceKnownQuery_0 not available or not applicable in this context.
	at de.uka.ilkd.key.proof.io.IntermediateProofReplayer.reportError(IntermediateProofReplayer.java:782)
Caused by: de.uka.ilkd.key.proof.io.IntermediateProofReplayer$TacletAppConstructionException: Unknown taclet with name "replaceKnownQuery_0"
	at de.uka.ilkd.key.proof.io.IntermediateProofReplayer.constructTacletApp(IntermediateProofReplayer.java:432)

22929      DEBUG main            d.u.i.k.p.r.p.TestFile    Exception java.lang.Exception: Exception while loading proof (see cause for details): /home/runner/work/key/key/key.core/../key.ui/examples/heap/javacard/setArray2.key.proof
	at de.uka.ilkd.key.proof.runallproofs.proofcollection.TestFile.reloadProof(TestFile.java:314)
Caused by: de.uka.ilkd.key.proof.io.ProblemLoaderException: Error loading proof.
Line 124, goal 33, rule Class_invariant_axiom_for_Examples not available or not applicable in this context.
	at de.uka.ilkd.key.proof.io.IntermediateProofReplayer.reportError(IntermediateProofReplayer.java:782)
Caused by: java.lang.IndexOutOfBoundsException: Index: 1, Size: 1
	at java.base/java.util.LinkedList.checkElementIndex(LinkedList.java:559)

22930      WARN  main            d.u.i.k.p.r.p.ForkedTestFileRunner Run failed java.lang.Exception: Exception while loading proof (see cause for details): /home/runner/work/key/key/key.core/../key.ui/examples/heap/javacard/setArray2.key.proof
	at de.uka.ilkd.key.proof.runallproofs.proofcollection.TestFile.reloadProof(TestFile.java:314)
Caused by: de.uka.ilkd.key.proof.io.ProblemLoaderException: Error loading proof.
Line 124, goal 33, rule Class_invariant_axiom_for_Examples not available or not applicable in this context.
	at de.uka.ilkd.key.proof.io.IntermediateProofReplayer.reportError(IntermediateProofReplayer.java:782)
Caused by: java.lang.IndexOutOfBoundsException: Index: 1, Size: 1
	at java.base/java.util.LinkedList.checkElementIndex(LinkedList.java:559)

22932      INFO  main            d.u.i.k.p.r.p.TestFile    Now processing file /home/runner/work/key/key/key.core/../key.ui/examples/heap/javacard/arrayFillNonAtomic.key 
22932      INFO  main            d.u.i.k.p.i.AbstractProblemLoader Loading environment from /home/runner/work/key/key/key.core/../key.ui/examples/heap/javacard/arrayFillNonAtomic.key 
22933      DEBUG main            d.u.i.k.p.i.AbstractProblemLoader Environment load took 208.6ns 
22941      INFO  main            d.u.i.k.p.i.AbstractProblemLoader Creating init config 
24499      DEBUG main            d.u.i.k.p.i.AbstractProblemLoader Init config took 1.56s 
24556      INFO  main            d.u.i.k.p.i.AbstractProblemLoader Replaying proof javacard.framework.Util[javacard.framework.Util::arrayFillNonAtomic([B,short,short,byte)].JML behavior operation contract.0.transaction_inactive 
24558      DEBUG main            d.u.i.k.p.i.IntermediateProofReplayer Proof replay took 5.6ns 
25425      DEBUG Thread-13       d.u.i.k.l.o.ProgramSV     Match failed: Former match of  SchemaVariable incompatible with  the current match. 
25425      DEBUG Thread-13       d.u.i.k.l.o.ProgramSV     Match failed: Former match of  SchemaVariable incompatible with  the current match. 
26798      DEBUG Thread-13       d.u.i.k.l.o.ProgramSV     Match failed: Former match of  SchemaVariable incompatible with  the current match. 
26798      DEBUG Thread-13       d.u.i.k.l.o.ProgramSV     Match failed: Former match of  SchemaVariable incompatible with  the current match. 
28337      INFO  main            d.u.i.k.p.r.p.TestFile    ... finished proof: closed. 
28474      INFO  main            d.u.i.k.p.i.AbstractProblemLoader Loading environment from /home/runner/work/key/key/key.core/../key.ui/examples/heap/javacard/arrayFillNonAtomic.key.proof 
28475      DEBUG main            d.u.i.k.p.i.AbstractProblemLoader Environment load took 1.13ms 
28478      INFO  main            d.u.i.k.p.i.AbstractProblemLoader Creating init config 
29935      DEBUG main            d.u.i.k.p.i.AbstractProblemLoader Init config took 1.46s 
29999      INFO  main            d.u.i.k.p.i.AbstractProblemLoader Replaying proof javacard.framework.Util[javacard.framework.Util::arrayFillNonAtomic([B,short,short,byte)].JML behavior operation contract.0.transaction_inactive 
30270      DEBUG main            d.u.i.k.p.i.IntermediateProofReplayer Proof replay took 248.36ms 
30271      WARN  main            d.u.i.k.p.r.p.TestFile    Replay exception de.uka.ilkd.key.proof.io.ProblemLoaderException: Error loading proof.
Line 507, goal 378, rule One Step Simplification not available or not applicable in this context.
	at de.uka.ilkd.key.proof.io.IntermediateProofReplayer.reportError(IntermediateProofReplayer.java:782)
Caused by: de.uka.ilkd.key.proof.io.IntermediateProofReplayer$BuiltInConstructionException: Wrong position information.
	at de.uka.ilkd.key.proof.io.IntermediateProofReplayer.constructBuiltinApp(IntermediateProofReplayer.java:595)
Caused by: java.lang.RuntimeException: No formula nr. 11 in seq. [geq(bOffset<<origin(<none> (implicit)) ([ensures (implicit), ensures @ file Util.java @ line 267, ensures @ file Util.java @ line 268, signals @ file Util.java @ line 276, signals @ file Util.java @ line 278, signals_only @ file Util.java @ line 282, assignable (implicit), assignable @ file Util.java @ line 283])>>,Z(0(#)))<<origin(<none> (implicit)) ([ensures (implicit), ensures @ file Util.java @ line 267, ensures @ file Util.java @ line 268, signals @ file Util.java @ line 276, signals @ file Util.java @ line 278, signals_only @ file Util.java @ line 282, assignable (implicit), assignable @ file Util.java @ line 283])>>,geq(length<<origin(<none> (implicit)) ([ensures (implicit), ensures @ file Util.java @ line 267, ensures @ file Util.java @ line 268, signals @ file Util.java @ line 276, signals @ file Util.java @ line 278, signals_only @ file Util.java @ line 282, assignable (implicit), assignable @ file Util.java @ line 283])>>,Z(0(#)))<<origin(<none> (implicit)) ([ensures (implicit), ensures @ file Util.java @ line 267, ensures @ file Util.java @ line 268, signals @ file Util.java @ line 276, signals @ file Util.java @ line 278, signals_only @ file Util.java @ line 282, assignable (implicit), assignable @ file Util.java @ line 283])>>,wellFormed(heap)<<origin(requires (implicit)) ([])>>,equals(boolean::select(heap,bArray,java.lang.Object::<created>),TRUE)<<origin(requires (implicit)) ([])>>,measuredByEmpty<<origin(requires (implicit)) ([])>>,equals(javacard.framework.JCSystem::getTransactionDepth(heap),Z(0(#)))<<origin(<none> (implicit)) ([requires (implicit), requires @ file Util.java @ line 262, requires @ file Util.java @ line 263])>>]==>[equals(bArray,null)<<origin(<none> (implicit)) ([ensures (implicit), ensures @ file Util.java @ line 267, ensures @ file Util.java @ line 268, signals @ file Util.java @ line 276, signals @ file Util.java @ line 278, signals_only @ file Util.java @ line 282, assignable (implicit), assignable @ file Util.java @ line 283])>>,equals(java.lang.NullPointerException::select(heap,null,javacard.framework.JCSystem::$npe),null)<<origin(requires @ file Util.java @ line 262) ([])>>,equals(java.lang.ArrayIndexOutOfBoundsException::select(heap,null,javacard.framework.JCSystem::$aioobe),null)<<origin(requires @ file Util.java @ line 263) ([])>>,update-application(elem-update(i_2)(length(_bArray<<origin(<none> (implicit)) ([ensures (implicit), ensures @ file Util.java @ line 267, ensures @ file Util.java @ line 268, signals @ file Util.java @ line 276, signals @ file Util.java @ line 278, signals_only @ file Util.java @ line 282, assignable (implicit)])>>))<<origin(<none> (implicit)) ([ensures (implicit), ensures @ file Util.java @ line 267, ensures @ file Util.java @ line 268, signals @ file Util.java @ line 276, signals @ file Util.java @ line 278, signals_only @ file Util.java @ line 282, assignable (implicit)])>>,\<{
  try {
    method-frame (
      result->result_arrayFillNonAtomic,
      source=arrayFillNonAtomic(byte[], short, short, byte)@javacard.framework.Util
    ) {
      {
        i_1 = i_2 - _length;
        s_1 = (short) i_1;
        b_1 = s > s_1;
      }
      if (b_1) throw JCSystem.aioobe;
      final boolean changeTransient = (JCSystem.nativeKeYGetTransient(
                                           _bArray
                                         ) ==
                                         JCSystem.NOT_A_TRANSIENT_OBJECT);
      if (changeTransient) {
        JCSystem.nativeKeYSetTransient(
          _bArray,
          JCSystem.CLEAR_ON_RESET
        );
      }
      for (short i = 0; i < _length; i++) {
        _bArray[_bOffset + i] = _value;
      }
      if (changeTransient) {
        JCSystem.nativeKeYSetTransient(
          _bArray,
          JCSystem.NOT_A_TRANSIENT_OBJECT
        );
      }
      return (short) (_bOffset + _length);
    }
  } catch (java.lang.Throwable e) {
    exc = e;
  }
}\> (and(and(imp(equals(exc<<origin(ensures (implicit)) ([])>>,null)<<impl, origin(ensures (implicit)) ([ensures (implicit)])>>,and(equals(result_arrayFillNonAtomic,add(bOffset,length))<<origin(ensures @ file Util.java @ line 267) ([])>>,all{i:int}(or(or(leq(i,Z(neglit(1(#)))),geq(i,length)),equals(int::select(heap,bArray,arr(add(bOffset,i))),value)))<<origin(ensures @ file Util.java @ line 268) ([])>>)<<SC, origin(<none> (implicit)) ([ensures @ file Util.java @ line 267, ensures @ file Util.java @ line 268])>>)<<origin(<none> (implicit)) ([ensures (implicit), ensures @ file Util.java @ line 267, ensures @ file Util.java @ line 268])>>,imp(not(equals(exc<<origin(ensures (implicit)) ([])>>,null)<<impl, origin(ensures (implicit)) ([ensures (implicit)])>>)<<origin(ensures (implicit)) ([ensures (implicit)])>>,and(and(imp(equals(java.lang.NullPointerException::instance(exc),TRUE),and(equals(java.lang.NullPointerException::select(heap,null,javacard.framework.JCSystem::$npe),exc),equals(bArray,null))<<SC>>)<<origin(signals @ file Util.java @ line 276) ([])>>,imp(equals(java.lang.ArrayIndexOutOfBoundsException::instance(exc),TRUE),and(equals(java.lang.ArrayIndexOutOfBoundsException::select(heap,null,javacard.framework.JCSystem::$aioobe),exc),or(or(leq(length,Z(neglit(1(#)))),leq(bOffset,Z(neglit(1(#)))))<<SC>>,leq(length(bArray),add(add(Z(neglit(1(#))),bOffset),length)))<<SC>>)<<SC>>)<<origin(signals @ file Util.java @ line 278) ([])>>)<<SC, origin(<none> (implicit)) ([signals @ file Util.java @ line 276, signals @ file Util.java @ line 278])>>,or(equals(java.lang.NullPointerException::instance(exc),TRUE),equals(java.lang.ArrayIndexOutOfBoundsException::instance(exc),TRUE))<<origin(signals_only @ file Util.java @ line 282) ([])>>)<<origin(<none> (implicit)) ([signals @ file Util.java @ line 276, signals @ file Util.java @ line 278, signals_only @ file Util.java @ line 282])>>)<<origin(<none> (implicit)) ([ensures (implicit), signals @ file Util.java @ line 276, signals @ file Util.java @ line 278, signals_only @ file Util.java @ line 282])>>)<<origin(<none> (implicit)) ([ensures (implicit), ensures @ file Util.java @ line 267, ensures @ file Util.java @ line 268, signals @ file Util.java @ line 276, signals @ file Util.java @ line 278, signals_only @ file Util.java @ line 282])>>,all{f:Field}(all{o:java.lang.Object}(or(or(and(equals(o,bArray<<origin(assignable (implicit)) ([])>>)<<origin(assignable (implicit)) ([assignable (implicit)])>>,exists{iv:int}(and(and(equals(f,arr(iv))<<origin(assignable (implicit)) ([])>>,geq(iv,bOffset<<origin(assignable (implicit)) ([])>>)<<origin(assignable (implicit)) ([assignable (implicit)])>>)<<origin(assignable (implicit)) ([assignable (implicit)])>>,leq(iv,add(add(Z(neglit(1(#))),bOffset),length))<<origin(assignable (implicit)) ([])>>)<<origin(assignable (implicit)) ([assignable (implicit)])>>)<<origin(assignable (implicit)) ([assignable (implicit)])>>)<<origin(assignable (implicit)) ([assignable (implicit)])>>,and(not(equals(o,null)<<origin(assignable (implicit)) ([])>>)<<origin(assignable (implicit)) ([assignable (implicit)])>>,not(equals(boolean::select(heapAtPre,o,java.lang.Object::<created>),TRUE)<<origin(assignable (implicit)) ([])>>)<<origin(assignable (implicit)) ([assignable (implicit)])>>)<<origin(assignable (implicit)) ([assignable (implicit)])>>)<<origin(assignable (implicit)) ([assignable (implicit)])>>,equals(any::select(heapAtPre,o,f),any::select(heap,o,f))<<origin(assignable (implicit)) ([])>>)<<origin(assignable (implicit)) ([assignable (implicit)])>>)<<origin(assignable (implicit)) ([assignable (implicit)])>>)<<origin(assignable (implicit)) ([assignable (implicit)])>>)<<origin(<none> (implicit)) ([ensures (implicit), ensures @ file Util.java @ line 267, ensures @ file Util.java @ line 268, signals @ file Util.java @ line 276, signals @ file Util.java @ line 278, signals_only @ file Util.java @ line 282, assignable (implicit)])>>)<<origin(<none> (implicit)) ([ensures (implicit), ensures @ file Util.java @ line 267, ensures @ file Util.java @ line 268, signals @ file Util.java @ line 276, signals @ file Util.java @ line 278, signals_only @ file Util.java @ line 282, assignable (implicit)])>>)<<origin(<none> (implicit)) ([ensures (implicit), ensures @ file Util.java @ line 267, ensures @ file Util.java @ line 268, signals @ file Util.java @ line 276, signals @ file Util.java @ line 278, signals_only @ file Util.java @ line 282, assignable (implicit)])>>]
	at de.uka.ilkd.key.logic.Sequent.getFormulabyNr(Sequent.java:291)

30272      WARN  main            d.u.i.k.p.r.p.TestFile    Replay exception de.uka.ilkd.key.proof.io.ProblemLoaderException: Error loading proof.
Line 2868, goal 379, rule One Step Simplification not available or not applicable in this context.
	at de.uka.ilkd.key.proof.io.IntermediateProofReplayer.reportError(IntermediateProofReplayer.java:782)
Caused by: de.uka.ilkd.key.proof.io.IntermediateProofReplayer$BuiltInConstructionException: One Step Simplification is missing. Most probably the binary for this built-in rule is not in your path or you do not have the permission to execute it.
	at de.uka.ilkd.key.proof.io.IntermediateProofReplayer.constructBuiltinApp(IntermediateProofReplayer.java:630)

30272      DEBUG main            d.u.i.k.p.r.p.TestFile    Exception java.lang.Exception: Exception while loading proof (see cause for details): /home/runner/work/key/key/key.core/../key.ui/examples/heap/javacard/arrayFillNonAtomic.key.proof
	at de.uka.ilkd.key.proof.runallproofs.proofcollection.TestFile.reloadProof(TestFile.java:314)
Caused by: de.uka.ilkd.key.proof.io.ProblemLoaderException: Error loading proof.
Line 507, goal 378, rule One Step Simplification not available or not applicable in this context.
	at de.uka.ilkd.key.proof.io.IntermediateProofReplayer.reportError(IntermediateProofReplayer.java:782)
Caused by: de.uka.ilkd.key.proof.io.IntermediateProofReplayer$BuiltInConstructionException: Wrong position information.
	at de.uka.ilkd.key.proof.io.IntermediateProofReplayer.constructBuiltinApp(IntermediateProofReplayer.java:595)
Caused by: java.lang.RuntimeException: No formula nr. 11 in seq. [geq(bOffset<<origin(<none> (implicit)) ([ensures (implicit), ensures @ file Util.java @ line 267, ensures @ file Util.java @ line 268, signals @ file Util.java @ line 276, signals @ file Util.java @ line 278, signals_only @ file Util.java @ line 282, assignable (implicit), assignable @ file Util.java @ line 283])>>,Z(0(#)))<<origin(<none> (implicit)) ([ensures (implicit), ensures @ file Util.java @ line 267, ensures @ file Util.java @ line 268, signals @ file Util.java @ line 276, signals @ file Util.java @ line 278, signals_only @ file Util.java @ line 282, assignable (implicit), assignable @ file Util.java @ line 283])>>,geq(length<<origin(<none> (implicit)) ([ensures (implicit), ensures @ file Util.java @ line 267, ensures @ file Util.java @ line 268, signals @ file Util.java @ line 276, signals @ file Util.java @ line 278, signals_only @ file Util.java @ line 282, assignable (implicit), assignable @ file Util.java @ line 283])>>,Z(0(#)))<<origin(<none> (implicit)) ([ensures (implicit), ensures @ file Util.java @ line 267, ensures @ file Util.java @ line 268, signals @ file Util.java @ line 276, signals @ file Util.java @ line 278, signals_only @ file Util.java @ line 282, assignable (implicit), assignable @ file Util.java @ line 283])>>,wellFormed(heap)<<origin(requires (implicit)) ([])>>,equals(boolean::select(heap,bArray,java.lang.Object::<created>),TRUE)<<origin(requires (implicit)) ([])>>,measuredByEmpty<<origin(requires (implicit)) ([])>>,equals(javacard.framework.JCSystem::getTransactionDepth(heap),Z(0(#)))<<origin(<none> (implicit)) ([requires (implicit), requires @ file Util.java @ line 262, requires @ file Util.java @ line 263])>>]==>[equals(bArray,null)<<origin(<none> (implicit)) ([ensures (implicit), ensures @ file Util.java @ line 267, ensures @ file Util.java @ line 268, signals @ file Util.java @ line 276, signals @ file Util.java @ line 278, signals_only @ file Util.java @ line 282, assignable (implicit), assignable @ file Util.java @ line 283])>>,equals(java.lang.NullPointerException::select(heap,null,javacard.framework.JCSystem::$npe),null)<<origin(requires @ file Util.java @ line 262) ([])>>,equals(java.lang.ArrayIndexOutOfBoundsException::select(heap,null,javacard.framework.JCSystem::$aioobe),null)<<origin(requires @ file Util.java @ line 263) ([])>>,update-application(elem-update(i_2)(length(_bArray<<origin(<none> (implicit)) ([ensures (implicit), ensures @ file Util.java @ line 267, ensures @ file Util.java @ line 268, signals @ file Util.java @ line 276, signals @ file Util.java @ line 278, signals_only @ file Util.java @ line 282, assignable (implicit)])>>))<<origin(<none> (implicit)) ([ensures (implicit), ensures @ file Util.java @ line 267, ensures @ file Util.java @ line 268, signals @ file Util.java @ line 276, signals @ file Util.java @ line 278, signals_only @ file Util.java @ line 282, assignable (implicit)])>>,\<{
  try {
    method-frame (
      result->result_arrayFillNonAtomic,
      source=arrayFillNonAtomic(byte[], short, short, byte)@javacard.framework.Util
    ) {
      {
        i_1 = i_2 - _length;
        s_1 = (short) i_1;
        b_1 = s > s_1;
      }
      if (b_1) throw JCSystem.aioobe;
      final boolean changeTransient = (JCSystem.nativeKeYGetTransient(
                                           _bArray
                                         ) ==
                                         JCSystem.NOT_A_TRANSIENT_OBJECT);
      if (changeTransient) {
        JCSystem.nativeKeYSetTransient(
          _bArray,
          JCSystem.CLEAR_ON_RESET
        );
      }
      for (short i = 0; i < _length; i++) {
        _bArray[_bOffset + i] = _value;
      }
      if (changeTransient) {
        JCSystem.nativeKeYSetTransient(
          _bArray,
          JCSystem.NOT_A_TRANSIENT_OBJECT
        );
      }
      return (short) (_bOffset + _length);
    }
  } catch (java.lang.Throwable e) {
    exc = e;
  }
}\> (and(and(imp(equals(exc<<origin(ensures (implicit)) ([])>>,null)<<impl, origin(ensures (implicit)) ([ensures (implicit)])>>,and(equals(result_arrayFillNonAtomic,add(bOffset,length))<<origin(ensures @ file Util.java @ line 267) ([])>>,all{i:int}(or(or(leq(i,Z(neglit(1(#)))),geq(i,length)),equals(int::select(heap,bArray,arr(add(bOffset,i))),value)))<<origin(ensures @ file Util.java @ line 268) ([])>>)<<SC, origin(<none> (implicit)) ([ensures @ file Util.java @ line 267, ensures @ file Util.java @ line 268])>>)<<origin(<none> (implicit)) ([ensures (implicit), ensures @ file Util.java @ line 267, ensures @ file Util.java @ line 268])>>,imp(not(equals(exc<<origin(ensures (implicit)) ([])>>,null)<<impl, origin(ensures (implicit)) ([ensures (implicit)])>>)<<origin(ensures (implicit)) ([ensures (implicit)])>>,and(and(imp(equals(java.lang.NullPointerException::instance(exc),TRUE),and(equals(java.lang.NullPointerException::select(heap,null,javacard.framework.JCSystem::$npe),exc),equals(bArray,null))<<SC>>)<<origin(signals @ file Util.java @ line 276) ([])>>,imp(equals(java.lang.ArrayIndexOutOfBoundsException::instance(exc),TRUE),and(equals(java.lang.ArrayIndexOutOfBoundsException::select(heap,null,javacard.framework.JCSystem::$aioobe),exc),or(or(leq(length,Z(neglit(1(#)))),leq(bOffset,Z(neglit(1(#)))))<<SC>>,leq(length(bArray),add(add(Z(neglit(1(#))),bOffset),length)))<<SC>>)<<SC>>)<<origin(signals @ file Util.java @ line 278) ([])>>)<<SC, origin(<none> (implicit)) ([signals @ file Util.java @ line 276, signals @ file Util.java @ line 278])>>,or(equals(java.lang.NullPointerException::instance(exc),TRUE),equals(java.lang.ArrayIndexOutOfBoundsException::instance(exc),TRUE))<<origin(signals_only @ file Util.java @ line 282) ([])>>)<<origin(<none> (implicit)) ([signals @ file Util.java @ line 276, signals @ file Util.java @ line 278, signals_only @ file Util.java @ line 282])>>)<<origin(<none> (implicit)) ([ensures (implicit), signals @ file Util.java @ line 276, signals @ file Util.java @ line 278, signals_only @ file Util.java @ line 282])>>)<<origin(<none> (implicit)) ([ensures (implicit), ensures @ file Util.java @ line 267, ensures @ file Util.java @ line 268, signals @ file Util.java @ line 276, signals @ file Util.java @ line 278, signals_only @ file Util.java @ line 282])>>,all{f:Field}(all{o:java.lang.Object}(or(or(and(equals(o,bArray<<origin(assignable (implicit)) ([])>>)<<origin(assignable (implicit)) ([assignable (implicit)])>>,exists{iv:int}(and(and(equals(f,arr(iv))<<origin(assignable (implicit)) ([])>>,geq(iv,bOffset<<origin(assignable (implicit)) ([])>>)<<origin(assignable (implicit)) ([assignable (implicit)])>>)<<origin(assignable (implicit)) ([assignable (implicit)])>>,leq(iv,add(add(Z(neglit(1(#))),bOffset),length))<<origin(assignable (implicit)) ([])>>)<<origin(assignable (implicit)) ([assignable (implicit)])>>)<<origin(assignable (implicit)) ([assignable (implicit)])>>)<<origin(assignable (implicit)) ([assignable (implicit)])>>,and(not(equals(o,null)<<origin(assignable (implicit)) ([])>>)<<origin(assignable (implicit)) ([assignable (implicit)])>>,not(equals(boolean::select(heapAtPre,o,java.lang.Object::<created>),TRUE)<<origin(assignable (implicit)) ([])>>)<<origin(assignable (implicit)) ([assignable (implicit)])>>)<<origin(assignable (implicit)) ([assignable (implicit)])>>)<<origin(assignable (implicit)) ([assignable (implicit)])>>,equals(any::select(heapAtPre,o,f),any::select(heap,o,f))<<origin(assignable (implicit)) ([])>>)<<origin(assignable (implicit)) ([assignable (implicit)])>>)<<origin(assignable (implicit)) ([assignable (implicit)])>>)<<origin(assignable (implicit)) ([assignable (implicit)])>>)<<origin(<none> (implicit)) ([ensures (implicit), ensures @ file Util.java @ line 267, ensures @ file Util.java @ line 268, signals @ file Util.java @ line 276, signals @ file Util.java @ line 278, signals_only @ file Util.java @ line 282, assignable (implicit)])>>)<<origin(<none> (implicit)) ([ensures (implicit), ensures @ file Util.java @ line 267, ensures @ file Util.java @ line 268, signals @ file Util.java @ line 276, signals @ file Util.java @ line 278, signals_only @ file Util.java @ line 282, assignable (implicit)])>>)<<origin(<none> (implicit)) ([ensures (implicit), ensures @ file Util.java @ line 267, ensures @ file Util.java @ line 268, signals @ file Util.java @ line 276, signals @ file Util.java @ line 278, signals_only @ file Util.java @ line 282, assignable (implicit)])>>]
	at de.uka.ilkd.key.logic.Sequent.getFormulabyNr(Sequent.java:291)

30273      WARN  main            d.u.i.k.p.r.p.ForkedTestFileRunner Run failed java.lang.Exception: Exception while loading proof (see cause for details): /home/runner/work/key/key/key.core/../key.ui/examples/heap/javacard/arrayFillNonAtomic.key.proof
	at de.uka.ilkd.key.proof.runallproofs.proofcollection.TestFile.reloadProof(TestFile.java:314)
Caused by: de.uka.ilkd.key.proof.io.ProblemLoaderException: Error loading proof.
Line 507, goal 378, rule One Step Simplification not available or not applicable in this context.
	at de.uka.ilkd.key.proof.io.IntermediateProofReplayer.reportError(IntermediateProofReplayer.java:782)
Caused by: de.uka.ilkd.key.proof.io.IntermediateProofReplayer$BuiltInConstructionException: Wrong position information.
	at de.uka.ilkd.key.proof.io.IntermediateProofReplayer.constructBuiltinApp(IntermediateProofReplayer.java:595)
Caused by: java.lang.RuntimeException: No formula nr. 11 in seq. [geq(bOffset<<origin(<none> (implicit)) ([ensures (implicit), ensures @ file Util.java @ line 267, ensures @ file Util.java @ line 268, signals @ file Util.java @ line 276, signals @ file Util.java @ line 278, signals_only @ file Util.java @ line 282, assignable (implicit), assignable @ file Util.java @ line 283])>>,Z(0(#)))<<origin(<none> (implicit)) ([ensures (implicit), ensures @ file Util.java @ line 267, ensures @ file Util.java @ line 268, signals @ file Util.java @ line 276, signals @ file Util.java @ line 278, signals_only @ file Util.java @ line 282, assignable (implicit), assignable @ file Util.java @ line 283])>>,geq(length<<origin(<none> (implicit)) ([ensures (implicit), ensures @ file Util.java @ line 267, ensures @ file Util.java @ line 268, signals @ file Util.java @ line 276, signals @ file Util.java @ line 278, signals_only @ file Util.java @ line 282, assignable (implicit), assignable @ file Util.java @ line 283])>>,Z(0(#)))<<origin(<none> (implicit)) ([ensures (implicit), ensures @ file Util.java @ line 267, ensures @ file Util.java @ line 268, signals @ file Util.java @ line 276, signals @ file Util.java @ line 278, signals_only @ file Util.java @ line 282, assignable (implicit), assignable @ file Util.java @ line 283])>>,wellFormed(heap)<<origin(requires (implicit)) ([])>>,equals(boolean::select(heap,bArray,java.lang.Object::<created>),TRUE)<<origin(requires (implicit)) ([])>>,measuredByEmpty<<origin(requires (implicit)) ([])>>,equals(javacard.framework.JCSystem::getTransactionDepth(heap),Z(0(#)))<<origin(<none> (implicit)) ([requires (implicit), requires @ file Util.java @ line 262, requires @ file Util.java @ line 263])>>]==>[equals(bArray,null)<<origin(<none> (implicit)) ([ensures (implicit), ensures @ file Util.java @ line 267, ensures @ file Util.java @ line 268, signals @ file Util.java @ line 276, signals @ file Util.java @ line 278, signals_only @ file Util.java @ line 282, assignable (implicit), assignable @ file Util.java @ line 283])>>,equals(java.lang.NullPointerException::select(heap,null,javacard.framework.JCSystem::$npe),null)<<origin(requires @ file Util.java @ line 262) ([])>>,equals(java.lang.ArrayIndexOutOfBoundsException::select(heap,null,javacard.framework.JCSystem::$aioobe),null)<<origin(requires @ file Util.java @ line 263) ([])>>,update-application(elem-update(i_2)(length(_bArray<<origin(<none> (implicit)) ([ensures (implicit), ensures @ file Util.java @ line 267, ensures @ file Util.java @ line 268, signals @ file Util.java @ line 276, signals @ file Util.java @ line 278, signals_only @ file Util.java @ line 282, assignable (implicit)])>>))<<origin(<none> (implicit)) ([ensures (implicit), ensures @ file Util.java @ line 267, ensures @ file Util.java @ line 268, signals @ file Util.java @ line 276, signals @ file Util.java @ line 278, signals_only @ file Util.java @ line 282, assignable (implicit)])>>,\<{
  try {
    method-frame (
      result->result_arrayFillNonAtomic,
      source=arrayFillNonAtomic(byte[], short, short, byte)@javacard.framework.Util
    ) {
      {
        i_1 = i_2 - _length;
        s_1 = (short) i_1;
        b_1 = s > s_1;
      }
      if (b_1) throw JCSystem.aioobe;
      final boolean changeTransient = (JCSystem.nativeKeYGetTransient(
                                           _bArray
                                         ) ==
                                         JCSystem.NOT_A_TRANSIENT_OBJECT);
      if (changeTransient) {
        JCSystem.nativeKeYSetTransient(
          _bArray,
          JCSystem.CLEAR_ON_RESET
        );
      }
      for (short i = 0; i < _length; i++) {
        _bArray[_bOffset + i] = _value;
      }
      if (changeTransient) {
        JCSystem.nativeKeYSetTransient(
          _bArray,
          JCSystem.NOT_A_TRANSIENT_OBJECT
        );
      }
      return (short) (_bOffset + _length);
    }
  } catch (java.lang.Throwable e) {
    exc = e;
  }
}\> (and(and(imp(equals(exc<<origin(ensures (implicit)) ([])>>,null)<<impl, origin(ensures (implicit)) ([ensures (implicit)])>>,and(equals(result_arrayFillNonAtomic,add(bOffset,length))<<origin(ensures @ file Util.java @ line 267) ([])>>,all{i:int}(or(or(leq(i,Z(neglit(1(#)))),geq(i,length)),equals(int::select(heap,bArray,arr(add(bOffset,i))),value)))<<origin(ensures @ file Util.java @ line 268) ([])>>)<<SC, origin(<none> (implicit)) ([ensures @ file Util.java @ line 267, ensures @ file Util.java @ line 268])>>)<<origin(<none> (implicit)) ([ensures (implicit), ensures @ file Util.java @ line 267, ensures @ file Util.java @ line 268])>>,imp(not(equals(exc<<origin(ensures (implicit)) ([])>>,null)<<impl, origin(ensures (implicit)) ([ensures (implicit)])>>)<<origin(ensures (implicit)) ([ensures (implicit)])>>,and(and(imp(equals(java.lang.NullPointerException::instance(exc),TRUE),and(equals(java.lang.NullPointerException::select(heap,null,javacard.framework.JCSystem::$npe),exc),equals(bArray,null))<<SC>>)<<origin(signals @ file Util.java @ line 276) ([])>>,imp(equals(java.lang.ArrayIndexOutOfBoundsException::instance(exc),TRUE),and(equals(java.lang.ArrayIndexOutOfBoundsException::select(heap,null,javacard.framework.JCSystem::$aioobe),exc),or(or(leq(length,Z(neglit(1(#)))),leq(bOffset,Z(neglit(1(#)))))<<SC>>,leq(length(bArray),add(add(Z(neglit(1(#))),bOffset),length)))<<SC>>)<<SC>>)<<origin(signals @ file Util.java @ line 278) ([])>>)<<SC, origin(<none> (implicit)) ([signals @ file Util.java @ line 276, signals @ file Util.java @ line 278])>>,or(equals(java.lang.NullPointerException::instance(exc),TRUE),equals(java.lang.ArrayIndexOutOfBoundsException::instance(exc),TRUE))<<origin(signals_only @ file Util.java @ line 282) ([])>>)<<origin(<none> (implicit)) ([signals @ file Util.java @ line 276, signals @ file Util.java @ line 278, signals_only @ file Util.java @ line 282])>>)<<origin(<none> (implicit)) ([ensures (implicit), signals @ file Util.java @ line 276, signals @ file Util.java @ line 278, signals_only @ file Util.java @ line 282])>>)<<origin(<none> (implicit)) ([ensures (implicit), ensures @ file Util.java @ line 267, ensures @ file Util.java @ line 268, signals @ file Util.java @ line 276, signals @ file Util.java @ line 278, signals_only @ file Util.java @ line 282])>>,all{f:Field}(all{o:java.lang.Object}(or(or(and(equals(o,bArray<<origin(assignable (implicit)) ([])>>)<<origin(assignable (implicit)) ([assignable (implicit)])>>,exists{iv:int}(and(and(equals(f,arr(iv))<<origin(assignable (implicit)) ([])>>,geq(iv,bOffset<<origin(assignable (implicit)) ([])>>)<<origin(assignable (implicit)) ([assignable (implicit)])>>)<<origin(assignable (implicit)) ([assignable (implicit)])>>,leq(iv,add(add(Z(neglit(1(#))),bOffset),length))<<origin(assignable (implicit)) ([])>>)<<origin(assignable (implicit)) ([assignable (implicit)])>>)<<origin(assignable (implicit)) ([assignable (implicit)])>>)<<origin(assignable (implicit)) ([assignable (implicit)])>>,and(not(equals(o,null)<<origin(assignable (implicit)) ([])>>)<<origin(assignable (implicit)) ([assignable (implicit)])>>,not(equals(boolean::select(heapAtPre,o,java.lang.Object::<created>),TRUE)<<origin(assignable (implicit)) ([])>>)<<origin(assignable (implicit)) ([assignable (implicit)])>>)<<origin(assignable (implicit)) ([assignable (implicit)])>>)<<origin(assignable (implicit)) ([assignable (implicit)])>>,equals(any::select(heapAtPre,o,f),any::select(heap,o,f))<<origin(assignable (implicit)) ([])>>)<<origin(assignable (implicit)) ([assignable (implicit)])>>)<<origin(assignable (implicit)) ([assignable (implicit)])>>)<<origin(assignable (implicit)) ([assignable (implicit)])>>)<<origin(<none> (implicit)) ([ensures (implicit), ensures @ file Util.java @ line 267, ensures @ file Util.java @ line 268, signals @ file Util.java @ line 276, signals @ file Util.java @ line 278, signals_only @ file Util.java @ line 282, assignable (implicit)])>>)<<origin(<none> (implicit)) ([ensures (implicit), ensures @ file Util.java @ line 267, ensures @ file Util.java @ line 268, signals @ file Util.java @ line 276, signals @ file Util.java @ line 278, signals_only @ file Util.java @ line 282, assignable (implicit)])>>)<<origin(<none> (implicit)) ([ensures (implicit), ensures @ file Util.java @ line 267, ensures @ file Util.java @ line 268, signals @ file Util.java @ line 276, signals @ file Util.java @ line 278, signals_only @ file Util.java @ line 282, assignable (implicit)])>>]
	at de.uka.ilkd.key.logic.Sequent.getFormulabyNr(Sequent.java:291)

30275      INFO  main            d.u.i.k.p.r.p.TestFile    Now processing file /home/runner/work/key/key/key.core/../key.ui/examples/heap/coincidence_count/project.key 
30276      INFO  main            d.u.i.k.p.i.AbstractProblemLoader Loading environment from /home/runner/work/key/key/key.core/../key.ui/examples/heap/coincidence_count/project.key 
30276      DEBUG main            d.u.i.k.p.i.AbstractProblemLoader Environment load took 234.4ns 
30277      INFO  main            d.u.i.k.p.i.AbstractProblemLoader Creating init config 
33580      DEBUG main            d.u.i.k.p.i.AbstractProblemLoader Init config took 3.3s 
33628      INFO  main            d.u.i.k.p.i.AbstractProblemLoader Replaying proof CC[CC::calcCoinIndex([I,[I)].JML normal_behavior operation contract.0 
33636      DEBUG main            d.u.i.k.p.i.IntermediateProofReplayer Proof replay took 5.2ns 
51980      INFO  main            d.u.i.k.p.r.p.TestFile    ... finished proof: closed. 
52253      INFO  main            d.u.i.k.p.i.AbstractProblemLoader Loading environment from /home/runner/work/key/key/key.core/../key.ui/examples/heap/coincidence_count/project.key.proof 
52253      DEBUG main            d.u.i.k.p.i.AbstractProblemLoader Environment load took 408.8ns 
52256      INFO  main            d.u.i.k.p.i.AbstractProblemLoader Creating init config 
54788      DEBUG main            d.u.i.k.p.i.AbstractProblemLoader Init config took 2.53s 
54831      INFO  main            d.u.i.k.p.i.AbstractProblemLoader Replaying proof CC[CC::calcCoinIndex([I,[I)].JML normal_behavior operation contract.0 
55773      DEBUG main            d.u.i.k.p.i.IntermediateProofReplayer Proof replay took 882.9ms 
55778      DEBUG main            d.u.i.k.p.r.p.TestFile    ... success: reloaded. 
55781      INFO  main            d.u.i.k.p.r.p.TestFile    Now processing file /home/runner/work/key/key/key.core/../key.ui/examples/heap/verifyThis11_1_Maximum/project.key 
55781      INFO  main            d.u.i.k.p.i.AbstractProblemLoader Loading environment from /home/runner/work/key/key/key.core/../key.ui/examples/heap/verifyThis11_1_Maximum/project.key 
55781      DEBUG main            d.u.i.k.p.i.AbstractProblemLoader Environment load took 203ns 
55782      INFO  main            d.u.i.k.p.i.AbstractProblemLoader Creating init config 
58384      DEBUG main            d.u.i.k.p.i.AbstractProblemLoader Init config took 2.6s 
58424      INFO  main            d.u.i.k.p.i.AbstractProblemLoader Replaying proof Maximum[Maximum::maxIndex([I)].JML normal_behavior operation contract.0 
58426      DEBUG main            d.u.i.k.p.i.IntermediateProofReplayer Proof replay took 4.6ns 
59332      INFO  main            d.u.i.k.p.r.p.TestFile    ... finished proof: closed. 
59560      INFO  main            d.u.i.k.p.i.AbstractProblemLoader Loading environment from /home/runner/work/key/key/key.core/../key.ui/examples/heap/verifyThis11_1_Maximum/project.key.proof 
59563      DEBUG main            d.u.i.k.p.i.AbstractProblemLoader Environment load took 3.2ms 
59565      INFO  main            d.u.i.k.p.i.AbstractProblemLoader Creating init config 
61977      DEBUG main            d.u.i.k.p.i.AbstractProblemLoader Init config took 2.41s 
62015      INFO  main            d.u.i.k.p.i.AbstractProblemLoader Replaying proof Maximum[Maximum::maxIndex([I)].JML normal_behavior operation contract.0 
62180      DEBUG main            d.u.i.k.p.i.IntermediateProofReplayer Proof replay took 160.14ms 
62182      DEBUG main            d.u.i.k.p.r.p.TestFile    ... success: reloaded. 
62184      INFO  main            d.u.i.k.p.r.p.TestFile    Now processing file /home/runner/work/key/key/key.core/../key.ui/examples/heap/fm12_01_LRS/lcp.key 
62184      INFO  main            d.u.i.k.p.i.AbstractProblemLoader Loading environment from /home/runner/work/key/key/key.core/../key.ui/examples/heap/fm12_01_LRS/lcp.key 
62184      DEBUG main            d.u.i.k.p.i.AbstractProblemLoader Environment load took 197.3ns 
62185      INFO  main            d.u.i.k.p.i.AbstractProblemLoader Creating init config 
65317      DEBUG main            d.u.i.k.p.i.AbstractProblemLoader Init config took 3.13s 
65375      INFO  main            d.u.i.k.p.i.AbstractProblemLoader Replaying proof LCP[LCP::lcp([I,int,int)].JML normal_behavior operation contract.0 
65378      DEBUG main            d.u.i.k.p.i.IntermediateProofReplayer Proof replay took 5ns 
66283      INFO  main            d.u.i.k.p.r.p.TestFile    ... finished proof: closed. 
66509      INFO  main            d.u.i.k.p.i.AbstractProblemLoader Loading environment from /home/runner/work/key/key/key.core/../key.ui/examples/heap/fm12_01_LRS/lcp.key.proof 
66509      DEBUG main            d.u.i.k.p.i.AbstractProblemLoader Environment load took 383.6ns 
66510      INFO  main            d.u.i.k.p.i.AbstractProblemLoader Creating init config 
69369      DEBUG main            d.u.i.k.p.i.AbstractProblemLoader Init config took 2.86s 
69425      INFO  main            d.u.i.k.p.i.AbstractProblemLoader Replaying proof LCP[LCP::lcp([I,int,int)].JML normal_behavior operation contract.0 
69497      DEBUG main            d.u.i.k.p.i.IntermediateProofReplayer Proof replay took 67.49ms 
69498      WARN  main            d.u.i.k.p.r.p.TestFile    Replay exception de.uka.ilkd.key.proof.io.ProblemLoaderException: Error loading proof.
Line 334, goal 242, rule arrayLengthIsAnInt not available or not applicable in this context.
	at de.uka.ilkd.key.proof.io.IntermediateProofReplayer.reportError(IntermediateProofReplayer.java:782)
Caused by: de.uka.ilkd.key.proof.io.IntermediateProofReplayer$TacletAppConstructionException: Unknown taclet with name "arrayLengthIsAnInt"
	at de.uka.ilkd.key.proof.io.IntermediateProofReplayer.constructTacletApp(IntermediateProofReplayer.java:432)

69498      DEBUG main            d.u.i.k.p.r.p.TestFile    Exception java.lang.Exception: Exception while loading proof (see cause for details): /home/runner/work/key/key/key.core/../key.ui/examples/heap/fm12_01_LRS/lcp.key.proof
	at de.uka.ilkd.key.proof.runallproofs.proofcollection.TestFile.reloadProof(TestFile.java:314)
Caused by: de.uka.ilkd.key.proof.io.ProblemLoaderException: Error loading proof.
Line 334, goal 242, rule arrayLengthIsAnInt not available or not applicable in this context.
	at de.uka.ilkd.key.proof.io.IntermediateProofReplayer.reportError(IntermediateProofReplayer.java:782)
Caused by: de.uka.ilkd.key.proof.io.IntermediateProofReplayer$TacletAppConstructionException: Unknown taclet with name "arrayLengthIsAnInt"
	at de.uka.ilkd.key.proof.io.IntermediateProofReplayer.constructTacletApp(IntermediateProofReplayer.java:432)

69499      WARN  main            d.u.i.k.p.r.p.ForkedTestFileRunner Run failed java.lang.Exception: Exception while loading proof (see cause for details): /home/runner/work/key/key/key.core/../key.ui/examples/heap/fm12_01_LRS/lcp.key.proof
	at de.uka.ilkd.key.proof.runallproofs.proofcollection.TestFile.reloadProof(TestFile.java:314)
Caused by: de.uka.ilkd.key.proof.io.ProblemLoaderException: Error loading proof.
Line 334, goal 242, rule arrayLengthIsAnInt not available or not applicable in this context.
	at de.uka.ilkd.key.proof.io.IntermediateProofReplayer.reportError(IntermediateProofReplayer.java:782)
Caused by: de.uka.ilkd.key.proof.io.IntermediateProofReplayer$TacletAppConstructionException: Unknown taclet with name "arrayLengthIsAnInt"
	at de.uka.ilkd.key.proof.io.IntermediateProofReplayer.constructTacletApp(IntermediateProofReplayer.java:432)

69501      INFO  main            d.u.i.k.p.r.p.TestFile    Now processing file /home/runner/work/key/key/key.core/../key.ui/examples/heap/SemanticSlicing/project.key 
69501      INFO  main            d.u.i.k.p.i.AbstractProblemLoader Loading environment from /home/runner/work/key/key/key.core/../key.ui/examples/heap/SemanticSlicing/project.key 
69502      DEBUG main            d.u.i.k.p.i.AbstractProblemLoader Environment load took 220.8ns 
69503      INFO  main            d.u.i.k.p.i.AbstractProblemLoader Creating init config 
72071      DEBUG main            d.u.i.k.p.i.AbstractProblemLoader Init config took 2.57s 
72123      INFO  main            d.u.i.k.p.i.AbstractProblemLoader Replaying proof unsatcore_after.competition.postcond5.scope333.LRS[unsatcore_after.competition.postcond5.scope333.LRS::doLRS()].JML operation contract.0 
72125      DEBUG main            d.u.i.k.p.i.IntermediateProofReplayer Proof replay took 6ns 
75951      INFO  main            d.u.i.k.p.r.p.TestFile    ... finished proof: closed. 
76199      INFO  main            d.u.i.k.p.i.AbstractProblemLoader Loading environment from /home/runner/work/key/key/key.core/../key.ui/examples/heap/SemanticSlicing/project.key.proof 
76201      DEBUG main            d.u.i.k.p.i.AbstractProblemLoader Environment load took 1.64ms 
76202      INFO  main            d.u.i.k.p.i.AbstractProblemLoader Creating init config 
78738      DEBUG main            d.u.i.k.p.i.AbstractProblemLoader Init config took 2.54s 
78791      INFO  main            d.u.i.k.p.i.AbstractProblemLoader Replaying proof unsatcore_after.competition.postcond5.scope333.LRS[unsatcore_after.competition.postcond5.scope333.LRS::doLRS()].JML operation contract.0 
79049      DEBUG main            d.u.i.k.p.i.IntermediateProofReplayer Proof replay took 247.29ms 
79050      WARN  main            d.u.i.k.p.r.p.TestFile    Replay exception de.uka.ilkd.key.proof.io.ProblemLoaderException: Error loading proof.
Line 202, goal 112, rule Class_invariant_axiom_for_unsatcore_after_competition_postcond5_scope333_LRS not available or not applicable in this context.
	at de.uka.ilkd.key.proof.io.IntermediateProofReplayer.reportError(IntermediateProofReplayer.java:782)
Caused by: java.lang.IndexOutOfBoundsException: Index: 1, Size: 1
	at java.base/java.util.LinkedList.checkElementIndex(LinkedList.java:559)

79050      WARN  main            d.u.i.k.p.r.p.TestFile    Replay exception de.uka.ilkd.key.proof.io.ProblemLoaderException: Error loading proof.
Line 221, goal 133, rule Class_invariant_axiom_for_unsatcore_after_competition_postcond5_scope333_LRS not available or not applicable in this context.
	at de.uka.ilkd.key.proof.io.IntermediateProofReplayer.reportError(IntermediateProofReplayer.java:782)
Caused by: java.lang.IndexOutOfBoundsException: Index: 1, Size: 1
	at java.base/java.util.LinkedList.checkElementIndex(LinkedList.java:559)

79051      WARN  main            d.u.i.k.p.r.p.TestFile    Replay exception de.uka.ilkd.key.proof.io.ProblemLoaderException: Error loading proof.
Line 242, goal 156, rule Class_invariant_axiom_for_unsatcore_after_competition_postcond5_scope333_LRS not available or not applicable in this context.
	at de.uka.ilkd.key.proof.io.IntermediateProofReplayer.reportError(IntermediateProofReplayer.java:782)
Caused by: java.lang.IndexOutOfBoundsException: Index: 1, Size: 1
	at java.base/java.util.LinkedList.checkElementIndex(LinkedList.java:559)

79051      WARN  main            d.u.i.k.p.r.p.TestFile    Replay exception de.uka.ilkd.key.proof.io.ProblemLoaderException: Error loading proof.
Line 666, goal 578, rule One Step Simplification not available or not applicable in this context.
	at de.uka.ilkd.key.proof.io.IntermediateProofReplayer.reportError(IntermediateProofReplayer.java:782)
Caused by: de.uka.ilkd.key.proof.io.IntermediateProofReplayer$BuiltInConstructionException: One Step Simplification is missing. Most probably the binary for this built-in rule is not in your path or you do not have the permission to execute it.
	at de.uka.ilkd.key.proof.io.IntermediateProofReplayer.constructBuiltinApp(IntermediateProofReplayer.java:630)

79051      WARN  main            d.u.i.k.p.r.p.TestFile    Replay exception de.uka.ilkd.key.proof.io.ProblemLoaderException: Error loading proof.
Line 2986, goal 586, rule Class_invariant_axiom_for_unsatcore_after_competition_postcond5_scope333_LRS not available or not applicable in this context.
	at de.uka.ilkd.key.proof.io.IntermediateProofReplayer.reportError(IntermediateProofReplayer.java:782)
Caused by: java.lang.IndexOutOfBoundsException: Index: 1, Size: 1
	at java.base/java.util.LinkedList.checkElementIndex(LinkedList.java:559)

79051      WARN  main            d.u.i.k.p.r.p.TestFile    Replay exception de.uka.ilkd.key.proof.io.ProblemLoaderException: Error loading proof.
Line 3000, goal 596, rule Class_invariant_axiom_for_unsatcore_after_competition_postcond5_scope333_LRS not available or not applicable in this context.
	at de.uka.ilkd.key.proof.io.IntermediateProofReplayer.reportError(IntermediateProofReplayer.java:782)
Caused by: java.lang.IndexOutOfBoundsException: Index: 1, Size: 1
	at java.base/java.util.LinkedList.checkElementIndex(LinkedList.java:559)

79052      DEBUG main            d.u.i.k.p.r.p.TestFile    Exception java.lang.Exception: Exception while loading proof (see cause for details): /home/runner/work/key/key/key.core/../key.ui/examples/heap/SemanticSlicing/project.key.proof
	at de.uka.ilkd.key.proof.runallproofs.proofcollection.TestFile.reloadProof(TestFile.java:314)
Caused by: de.uka.ilkd.key.proof.io.ProblemLoaderException: Error loading proof.
Line 202, goal 112, rule Class_invariant_axiom_for_unsatcore_after_competition_postcond5_scope333_LRS not available or not applicable in this context.
	at de.uka.ilkd.key.proof.io.IntermediateProofReplayer.reportError(IntermediateProofReplayer.java:782)
Caused by: java.lang.IndexOutOfBoundsException: Index: 1, Size: 1
	at java.base/java.util.LinkedList.checkElementIndex(LinkedList.java:559)

79052      WARN  main            d.u.i.k.p.r.p.ForkedTestFileRunner Run failed java.lang.Exception: Exception while loading proof (see cause for details): /home/runner/work/key/key/key.core/../key.ui/examples/heap/SemanticSlicing/project.key.proof
	at de.uka.ilkd.key.proof.runallproofs.proofcollection.TestFile.reloadProof(TestFile.java:314)
Caused by: de.uka.ilkd.key.proof.io.ProblemLoaderException: Error loading proof.
Line 202, goal 112, rule Class_invariant_axiom_for_unsatcore_after_competition_postcond5_scope333_LRS not available or not applicable in this context.
	at de.uka.ilkd.key.proof.io.IntermediateProofReplayer.reportError(IntermediateProofReplayer.java:782)
Caused by: java.lang.IndexOutOfBoundsException: Index: 1, Size: 1
	at java.base/java.util.LinkedList.checkElementIndex(LinkedList.java:559)

79054      INFO  main            d.u.i.k.p.r.p.TestFile    Now processing file /home/runner/work/key/key/key.core/../key.ui/examples/heap/information_flow/ArrayList_contains.key 
79055      INFO  main            d.u.i.k.p.i.AbstractProblemLoader Loading environment from /home/runner/work/key/key/key.core/../key.ui/examples/heap/information_flow/ArrayList_contains.key 
79055      DEBUG main            d.u.i.k.p.i.AbstractProblemLoader Environment load took 534.5ns 
79056      INFO  main            d.u.i.k.p.i.AbstractProblemLoader Creating init config 
81876      DEBUG main            d.u.i.k.p.i.AbstractProblemLoader Init config took 2.82s 
81920      INFO  main            d.u.i.k.p.i.AbstractProblemLoader Replaying proof ArrayList[ArrayList::get(int)].JML normal_behavior operation contract.0 
81922      DEBUG main            d.u.i.k.p.i.IntermediateProofReplayer Proof replay took 5.6ns 
82225      INFO  main            d.u.i.k.p.r.p.TestFile    ... finished proof: closed. 
82486      INFO  main            d.u.i.k.p.i.AbstractProblemLoader Loading environment from /home/runner/work/key/key/key.core/../key.ui/examples/heap/information_flow/ArrayList_contains.key.proof 
82486      DEBUG main            d.u.i.k.p.i.AbstractProblemLoader Environment load took 109.6ns 
82487      INFO  main            d.u.i.k.p.i.AbstractProblemLoader Creating init config 
85108      DEBUG main            d.u.i.k.p.i.AbstractProblemLoader Init config took 2.62s 
85148      INFO  main            d.u.i.k.p.i.AbstractProblemLoader Replaying proof ArrayList[ArrayList::get(int)].JML normal_behavior operation contract.0 
85199      DEBUG main            d.u.i.k.p.i.IntermediateProofReplayer Proof replay took 48.37ms 
85200      DEBUG main            d.u.i.k.p.r.p.TestFile    ... success: reloaded. 
85202      INFO  main            d.u.i.k.p.r.p.TestFile    Now processing file /home/runner/work/key/key/key.core/../key.ui/examples/heap/information_flow/ArrayList_get.key 
85202      INFO  main            d.u.i.k.p.i.AbstractProblemLoader Loading environment from /home/runner/work/key/key/key.core/../key.ui/examples/heap/information_flow/ArrayList_get.key 
85202      DEBUG main            d.u.i.k.p.i.AbstractProblemLoader Environment load took 88.4ns 
85203      INFO  main            d.u.i.k.p.i.AbstractProblemLoader Creating init config 
87937      DEBUG main            d.u.i.k.p.i.AbstractProblemLoader Init config took 2.73s 
87979      INFO  main            d.u.i.k.p.i.AbstractProblemLoader Replaying proof ArrayList[ArrayList::contains(java.lang.Object)].JML normal_behavior operation contract.0 
87981      DEBUG main            d.u.i.k.p.i.IntermediateProofReplayer Proof replay took 5.4ns 
88886      INFO  main            d.u.i.k.p.r.p.TestFile    ... finished proof: closed. 
89116      INFO  main            d.u.i.k.p.i.AbstractProblemLoader Loading environment from /home/runner/work/key/key/key.core/../key.ui/examples/heap/information_flow/ArrayList_get.key.proof 
89117      DEBUG main            d.u.i.k.p.i.AbstractProblemLoader Environment load took 395.3ns 
89118      INFO  main            d.u.i.k.p.i.AbstractProblemLoader Creating init config 
91726      DEBUG main            d.u.i.k.p.i.AbstractProblemLoader Init config took 2.61s 
91765      INFO  main            d.u.i.k.p.i.AbstractProblemLoader Replaying proof ArrayList[ArrayList::contains(java.lang.Object)].JML normal_behavior operation contract.0 
91916      DEBUG main            d.u.i.k.p.i.IntermediateProofReplayer Proof replay took 147.36ms 
91917      DEBUG main            d.u.i.k.p.r.p.TestFile    ... success: reloaded. 
91919      INFO  main            d.u.i.k.p.r.p.TestFile    Now processing file /home/runner/work/key/key/key.core/../key.ui/examples/heap/information_flow/ArrayList_size.key 
91920      INFO  main            d.u.i.k.p.i.AbstractProblemLoader Loading environment from /home/runner/work/key/key/key.core/../key.ui/examples/heap/information_flow/ArrayList_size.key 
91920      DEBUG main            d.u.i.k.p.i.AbstractProblemLoader Environment load took 193.7ns 
91921      INFO  main            d.u.i.k.p.i.AbstractProblemLoader Creating init config 
94585      DEBUG main            d.u.i.k.p.i.AbstractProblemLoader Init config took 2.66s 
94640      INFO  main            d.u.i.k.p.i.AbstractProblemLoader Replaying proof ArrayList[ArrayList::size()].JML normal_behavior operation contract.0 
94641      DEBUG main            d.u.i.k.p.i.IntermediateProofReplayer Proof replay took 5.4ns 
94745      INFO  main            d.u.i.k.p.r.p.TestFile    ... finished proof: closed. 
94990      INFO  main            d.u.i.k.p.i.AbstractProblemLoader Loading environment from /home/runner/work/key/key/key.core/../key.ui/examples/heap/information_flow/ArrayList_size.key.proof 
94990      DEBUG main            d.u.i.k.p.i.AbstractProblemLoader Environment load took 100.8ns 
94991      INFO  main            d.u.i.k.p.i.AbstractProblemLoader Creating init config 
97605      DEBUG main            d.u.i.k.p.i.AbstractProblemLoader Init config took 2.61s 
97645      INFO  main            d.u.i.k.p.i.AbstractProblemLoader Replaying proof ArrayList[ArrayList::size()].JML normal_behavior operation contract.0 
97659      DEBUG main            d.u.i.k.p.i.IntermediateProofReplayer Proof replay took 11.72ms 
97661      DEBUG main            d.u.i.k.p.r.p.TestFile    ... success: reloaded. 
97663      INFO  main            d.u.i.k.p.r.p.TestFile    Now processing file /home/runner/work/key/key/key.core/../key.ui/examples/heap/information_flow/UpdateAbstraction_ex7_3_secure.key 
97664      INFO  main            d.u.i.k.p.i.AbstractProblemLoader Loading environment from /home/runner/work/key/key/key.core/../key.ui/examples/heap/information_flow/UpdateAbstraction_ex7_3_secure.key 
97664      DEBUG main            d.u.i.k.p.i.AbstractProblemLoader Environment load took 209.8ns 
97665      INFO  main            d.u.i.k.p.i.AbstractProblemLoader Creating init config 
100325     DEBUG main            d.u.i.k.p.i.AbstractProblemLoader Init config took 2.66s 
100362     INFO  main            d.u.i.k.p.i.AbstractProblemLoader Replaying proof UpdateAbstraction[UpdateAbstraction::ex7_3_secure()].JML operation contract.0 
100363     DEBUG main            d.u.i.k.p.i.IntermediateProofReplayer Proof replay took 5.4ns 
100465     INFO  main            d.u.i.k.p.r.p.TestFile    ... finished proof: closed. 
100715     INFO  main            d.u.i.k.p.i.AbstractProblemLoader Loading environment from /home/runner/work/key/key/key.core/../key.ui/examples/heap/information_flow/UpdateAbstraction_ex7_3_secure.key.proof 
100716     DEBUG main            d.u.i.k.p.i.AbstractProblemLoader Environment load took 99.6ns 
100719     INFO  main            d.u.i.k.p.i.AbstractProblemLoader Creating init config 
103315     DEBUG main            d.u.i.k.p.i.AbstractProblemLoader Init config took 2.6s 
103352     INFO  main            d.u.i.k.p.i.AbstractProblemLoader Replaying proof UpdateAbstraction[UpdateAbstraction::ex7_3_secure()].JML operation contract.0 
103380     DEBUG main            d.u.i.k.p.i.IntermediateProofReplayer Proof replay took 25.81ms 
103380     DEBUG main            d.u.i.k.p.r.p.TestFile    ... success: reloaded. 
103382     INFO  main            d.u.i.k.p.r.p.TestFile    Now processing file /home/runner/work/key/key/key.core/../key.ui/examples/heap/information_flow/UpdateAbstraction_ex7_4_secure.key 
103382     INFO  main            d.u.i.k.p.i.AbstractProblemLoader Loading environment from /home/runner/work/key/key/key.core/../key.ui/examples/heap/information_flow/UpdateAbstraction_ex7_4_secure.key 
103382     DEBUG main            d.u.i.k.p.i.AbstractProblemLoader Environment load took 86.8ns 
103383     INFO  main            d.u.i.k.p.i.AbstractProblemLoader Creating init config 
106014     DEBUG main            d.u.i.k.p.i.AbstractProblemLoader Init config took 2.63s 
106051     INFO  main            d.u.i.k.p.i.AbstractProblemLoader Replaying proof UpdateAbstraction[UpdateAbstraction::ex7_4_secure()].JML operation contract.0 
106052     DEBUG main            d.u.i.k.p.i.IntermediateProofReplayer Proof replay took 5.3ns 
106254     INFO  main            d.u.i.k.p.r.p.TestFile    ... finished proof: closed. 
106496     INFO  main            d.u.i.k.p.i.AbstractProblemLoader Loading environment from /home/runner/work/key/key/key.core/../key.ui/examples/heap/information_flow/UpdateAbstraction_ex7_4_secure.key.proof 
106496     DEBUG main            d.u.i.k.p.i.AbstractProblemLoader Environment load took 100.3ns 
106497     INFO  main            d.u.i.k.p.i.AbstractProblemLoader Creating init config 
109084     DEBUG main            d.u.i.k.p.i.AbstractProblemLoader Init config took 2.59s 
109119     INFO  main            d.u.i.k.p.i.AbstractProblemLoader Replaying proof UpdateAbstraction[UpdateAbstraction::ex7_4_secure()].JML operation contract.0 
109160     DEBUG main            d.u.i.k.p.i.IntermediateProofReplayer Proof replay took 39.1ms 
109161     DEBUG main            d.u.i.k.p.r.p.TestFile    ... success: reloaded. 
109163     INFO  main            d.u.i.k.p.r.p.TestFile    Now processing file /home/runner/work/key/key/key.core/../key.ui/examples/heap/information_flow/UpdateAbstraction_ex7_5_secure.key 
109163     INFO  main            d.u.i.k.p.i.AbstractProblemLoader Loading environment from /home/runner/work/key/key/key.core/../key.ui/examples/heap/information_flow/UpdateAbstraction_ex7_5_secure.key 
109163     DEBUG main            d.u.i.k.p.i.AbstractProblemLoader Environment load took 85.7ns 
109164     INFO  main            d.u.i.k.p.i.AbstractProblemLoader Creating init config 
111808     DEBUG main            d.u.i.k.p.i.AbstractProblemLoader Init config took 2.64s 
111860     INFO  main            d.u.i.k.p.i.AbstractProblemLoader Replaying proof UpdateAbstraction[UpdateAbstraction::ex7_5_secure()].JML operation contract.0 
111861     DEBUG main            d.u.i.k.p.i.IntermediateProofReplayer Proof replay took 5.2ns 
111963     INFO  main            d.u.i.k.p.r.p.TestFile    ... finished proof: closed. 
112207     INFO  main            d.u.i.k.p.i.AbstractProblemLoader Loading environment from /home/runner/work/key/key/key.core/../key.ui/examples/heap/information_flow/UpdateAbstraction_ex7_5_secure.key.proof 
112207     DEBUG main            d.u.i.k.p.i.AbstractProblemLoader Environment load took 134.5ns 
112208     INFO  main            d.u.i.k.p.i.AbstractProblemLoader Creating init config 
114823     DEBUG main            d.u.i.k.p.i.AbstractProblemLoader Init config took 2.61s 
114859     INFO  main            d.u.i.k.p.i.AbstractProblemLoader Replaying proof UpdateAbstraction[UpdateAbstraction::ex7_5_secure()].JML operation contract.0 
114880     DEBUG main            d.u.i.k.p.i.IntermediateProofReplayer Proof replay took 19.16ms 
114881     DEBUG main            d.u.i.k.p.r.p.TestFile    ... success: reloaded. 
114883     INFO  main            d.u.i.k.p.r.p.TestFile    Now processing file /home/runner/work/key/key/key.core/../key.ui/examples/heap/information_flow/UpdateAbstraction_ex7_6_secure.key 
114884     INFO  main            d.u.i.k.p.i.AbstractProblemLoader Loading environment from /home/runner/work/key/key/key.core/../key.ui/examples/heap/information_flow/UpdateAbstraction_ex7_6_secure.key 
114884     DEBUG main            d.u.i.k.p.i.AbstractProblemLoader Environment load took 227.5ns 
114885     INFO  main            d.u.i.k.p.i.AbstractProblemLoader Creating init config 
117532     DEBUG main            d.u.i.k.p.i.AbstractProblemLoader Init config took 2.65s 
117569     INFO  main            d.u.i.k.p.i.AbstractProblemLoader Replaying proof UpdateAbstraction[UpdateAbstraction::ex7_6_secure()].JML operation contract.0 
117571     DEBUG main            d.u.i.k.p.i.IntermediateProofReplayer Proof replay took 6ns 
117873     INFO  main            d.u.i.k.p.r.p.TestFile    ... finished proof: closed. 
118140     INFO  main            d.u.i.k.p.i.AbstractProblemLoader Loading environment from /home/runner/work/key/key/key.core/../key.ui/examples/heap/information_flow/UpdateAbstraction_ex7_6_secure.key.proof 
118140     DEBUG main            d.u.i.k.p.i.AbstractProblemLoader Environment load took 94.5ns 
118142     INFO  main            d.u.i.k.p.i.AbstractProblemLoader Creating init config 
120727     DEBUG main            d.u.i.k.p.i.AbstractProblemLoader Init config took 2.58s 
120763     INFO  main            d.u.i.k.p.i.AbstractProblemLoader Replaying proof UpdateAbstraction[UpdateAbstraction::ex7_6_secure()].JML operation contract.0 
120819     DEBUG main            d.u.i.k.p.i.IntermediateProofReplayer Proof replay took 54.42ms 
120820     DEBUG main            d.u.i.k.p.r.p.TestFile    ... success: reloaded. 
120822     INFO  main            d.u.i.k.p.r.p.TestFile    Now processing file /home/runner/work/key/key/key.core/../key.ui/examples/heap/information_flow/UpdateAbstraction_ex9_secure.key 
120823     INFO  main            d.u.i.k.p.i.AbstractProblemLoader Loading environment from /home/runner/work/key/key/key.core/../key.ui/examples/heap/information_flow/UpdateAbstraction_ex9_secure.key 
120823     DEBUG main            d.u.i.k.p.i.AbstractProblemLoader Environment load took 190.7ns 
120824     INFO  main            d.u.i.k.p.i.AbstractProblemLoader Creating init config 
123444     DEBUG main            d.u.i.k.p.i.AbstractProblemLoader Init config took 2.62s 
123479     INFO  main            d.u.i.k.p.i.AbstractProblemLoader Replaying proof UpdateAbstraction[UpdateAbstraction::ex9_secure()].JML operation contract.0 
123481     DEBUG main            d.u.i.k.p.i.IntermediateProofReplayer Proof replay took 5ns 
124383     INFO  main            d.u.i.k.p.r.p.TestFile    ... finished proof: closed. 
124655     INFO  main            d.u.i.k.p.i.AbstractProblemLoader Loading environment from /home/runner/work/key/key/key.core/../key.ui/examples/heap/information_flow/UpdateAbstraction_ex9_secure.key.proof 
124655     DEBUG main            d.u.i.k.p.i.AbstractProblemLoader Environment load took 97.6ns 
124656     INFO  main            d.u.i.k.p.i.AbstractProblemLoader Creating init config 
127241     DEBUG main            d.u.i.k.p.i.AbstractProblemLoader Init config took 2.59s 
127277     INFO  main            d.u.i.k.p.i.AbstractProblemLoader Replaying proof UpdateAbstraction[UpdateAbstraction::ex9_secure()].JML operation contract.0 
127459     DEBUG main            d.u.i.k.p.i.IntermediateProofReplayer Proof replay took 178.8ms 
127460     DEBUG main            d.u.i.k.p.r.p.TestFile    ... success: reloaded. 
825778     INFO  Test worker     d.u.i.k.p.r.RunAllProofsTestUnit Running test list 
420        INFO  Timeout watchdog d.u.i.k.p.r.p.ForkedTestFileRunner Timeout watcher launched (2000 secs.) 
433        WARN  main            d.u.i.k.s.ProofSettings   The settings in /home/runner/.key/proof-settings.props are *not* read. 
469        INFO  main            d.u.i.k.p.r.p.TestFile    Now processing file /home/runner/work/key/key/key.core/../key.ui/examples/heap/list/ArrayList_add.key 
563        INFO  main            d.u.i.k.p.i.AbstractProblemLoader Loading environment from /home/runner/work/key/key/key.core/../key.ui/examples/heap/list/ArrayList_add.key 
579        DEBUG main            d.u.i.k.p.i.AbstractProblemLoader Environment load took 1.84ms 
784        INFO  main            d.u.i.k.p.i.AbstractProblemLoader Creating init config 
1603       DEBUG main            d.u.i.k.j.TypeConverter   No LDT found for Meta 
1604       DEBUG main            d.u.i.k.j.TypeConverter   No LDT found for Meta 
1606       DEBUG main            d.u.i.k.j.TypeConverter   No LDT found for Meta 
1606       DEBUG main            d.u.i.k.j.TypeConverter   No LDT found for Meta 
2868       DEBUG main            d.u.i.k.j.TypeConverter   No LDT found for JavaBigintExpression 
5932       DEBUG main            d.u.i.k.j.r.ClassPreparationMethodBuilder clPrepBuilder: Inner Class detected. Reject building class initialisation methods. 
8493       DEBUG main            d.u.i.k.p.i.AbstractProblemLoader Init config took 7.71s 
8684       INFO  main            d.u.i.k.p.i.AbstractProblemLoader Replaying proof ArrayList[List::add(java.lang.Object)].JML normal_behavior operation contract.0 
8750       DEBUG main            d.u.i.k.p.i.IntermediateProofReplayer Proof replay took 31.4ns 
14436      INFO  main            d.u.i.k.p.r.p.TestFile    ... finished proof: closed. 
14617      INFO  main            d.u.i.k.p.i.AbstractProblemLoader Loading environment from /home/runner/work/key/key/key.core/../key.ui/examples/heap/list/ArrayList_add.key.proof 
14619      DEBUG main            d.u.i.k.p.i.AbstractProblemLoader Environment load took 1.73ms 
14625      INFO  main            d.u.i.k.p.i.AbstractProblemLoader Creating init config 
15801      DEBUG main            d.u.i.k.j.r.ClassPreparationMethodBuilder clPrepBuilder: Inner Class detected. Reject building class initialisation methods. 
17986      DEBUG main            d.u.i.k.p.i.AbstractProblemLoader Init config took 3.36s 
18100      INFO  main            d.u.i.k.p.i.AbstractProblemLoader Replaying proof ArrayList[List::add(java.lang.Object)].JML normal_behavior operation contract.0 
19162      DEBUG main            d.u.i.k.p.i.IntermediateProofReplayer Proof replay took 1.03s 
19171      DEBUG main            d.u.i.k.p.r.p.TestFile    ... success: reloaded. 
19178      INFO  main            d.u.i.k.p.r.p.TestFile    Now processing file /home/runner/work/key/key/key.core/../key.ui/examples/heap/list/ArrayList_ArrayList.key 
19178      INFO  main            d.u.i.k.p.i.AbstractProblemLoader Loading environment from /home/runner/work/key/key/key.core/../key.ui/examples/heap/list/ArrayList_ArrayList.key 
19178      DEBUG main            d.u.i.k.p.i.AbstractProblemLoader Environment load took 245.3ns 
19181      INFO  main            d.u.i.k.p.i.AbstractProblemLoader Creating init config 
20261      DEBUG main            d.u.i.k.j.r.ClassPreparationMethodBuilder clPrepBuilder: Inner Class detected. Reject building class initialisation methods. 
22370      DEBUG main            d.u.i.k.p.i.AbstractProblemLoader Init config took 3.19s 
22442      INFO  main            d.u.i.k.p.i.AbstractProblemLoader Replaying proof ArrayList[ArrayList::ArrayList()].JML normal_behavior operation contract.0 
22444      DEBUG main            d.u.i.k.p.i.IntermediateProofReplayer Proof replay took 6.2ns 
23851      INFO  main            d.u.i.k.p.r.p.TestFile    ... finished proof: closed. 
24092      INFO  main            d.u.i.k.p.i.AbstractProblemLoader Loading environment from /home/runner/work/key/key/key.core/../key.ui/examples/heap/list/ArrayList_ArrayList.key.proof 
24093      DEBUG main            d.u.i.k.p.i.AbstractProblemLoader Environment load took 1.15ms 
24095      INFO  main            d.u.i.k.p.i.AbstractProblemLoader Creating init config 
25079      DEBUG main            d.u.i.k.j.r.ClassPreparationMethodBuilder clPrepBuilder: Inner Class detected. Reject building class initialisation methods. 
27161      DEBUG main            d.u.i.k.p.i.AbstractProblemLoader Init config took 3.07s 
27224      INFO  main            d.u.i.k.p.i.AbstractProblemLoader Replaying proof ArrayList[ArrayList::ArrayList()].JML normal_behavior operation contract.0 
27452      DEBUG main            d.u.i.k.p.i.IntermediateProofReplayer Proof replay took 218.47ms 
27454      DEBUG main            d.u.i.k.p.r.p.TestFile    ... success: reloaded. 
27457      INFO  main            d.u.i.k.p.r.p.TestFile    Now processing file /home/runner/work/key/key/key.core/../key.ui/examples/heap/list/ArrayList_concatenate.key 
27458      INFO  main            d.u.i.k.p.i.AbstractProblemLoader Loading environment from /home/runner/work/key/key/key.core/../key.ui/examples/heap/list/ArrayList_concatenate.key 
27458      DEBUG main            d.u.i.k.p.i.AbstractProblemLoader Environment load took 223.8ns 
27459      INFO  main            d.u.i.k.p.i.AbstractProblemLoader Creating init config 
28451      DEBUG main            d.u.i.k.j.r.ClassPreparationMethodBuilder clPrepBuilder: Inner Class detected. Reject building class initialisation methods. 
30526      DEBUG main            d.u.i.k.p.i.AbstractProblemLoader Init config took 3.07s 
30586      INFO  main            d.u.i.k.p.i.AbstractProblemLoader Replaying proof ArrayList[List::concatenate(List)].JML normal_behavior operation contract.0 
30588      DEBUG main            d.u.i.k.p.i.IntermediateProofReplayer Proof replay took 6ns 
55733      INFO  main            d.u.i.k.p.r.p.TestFile    ... finished proof: closed. 
55979      INFO  main            d.u.i.k.p.i.AbstractProblemLoader Loading environment from /home/runner/work/key/key/key.core/../key.ui/examples/heap/list/ArrayList_concatenate.key.proof 
55979      DEBUG main            d.u.i.k.p.i.AbstractProblemLoader Environment load took 434.5ns 
55983      INFO  main            d.u.i.k.p.i.AbstractProblemLoader Creating init config 
56950      DEBUG main            d.u.i.k.j.r.ClassPreparationMethodBuilder clPrepBuilder: Inner Class detected. Reject building class initialisation methods. 
58988      DEBUG main            d.u.i.k.p.i.AbstractProblemLoader Init config took 3.01s 
59057      INFO  main            d.u.i.k.p.i.AbstractProblemLoader Replaying proof ArrayList[List::concatenate(List)].JML normal_behavior operation contract.0 
59157      DEBUG main            d.u.i.k.p.i.IntermediateProofReplayer Proof replay took 30.13ms 
59161      WARN  main            d.u.i.k.p.r.p.TestFile    Replay exception de.uka.ilkd.key.proof.io.ProblemLoaderException: Error loading proof.
Line 192, goal 102, rule One Step Simplification not available or not applicable in this context.
	at de.uka.ilkd.key.proof.io.IntermediateProofReplayer.reportError(IntermediateProofReplayer.java:782)
Caused by: de.uka.ilkd.key.proof.io.IntermediateProofReplayer$BuiltInConstructionException: One Step Simplification is missing. Most probably the binary for this built-in rule is not in your path or you do not have the permission to execute it.
	at de.uka.ilkd.key.proof.io.IntermediateProofReplayer.constructBuiltinApp(IntermediateProofReplayer.java:630)

59163      DEBUG main            d.u.i.k.p.r.p.TestFile    Exception java.lang.Exception: Exception while loading proof (see cause for details): /home/runner/work/key/key/key.core/../key.ui/examples/heap/list/ArrayList_concatenate.key.proof
	at de.uka.ilkd.key.proof.runallproofs.proofcollection.TestFile.reloadProof(TestFile.java:314)
Caused by: de.uka.ilkd.key.proof.io.ProblemLoaderException: Error loading proof.
Line 192, goal 102, rule One Step Simplification not available or not applicable in this context.
	at de.uka.ilkd.key.proof.io.IntermediateProofReplayer.reportError(IntermediateProofReplayer.java:782)
Caused by: de.uka.ilkd.key.proof.io.IntermediateProofReplayer$BuiltInConstructionException: One Step Simplification is missing. Most probably the binary for this built-in rule is not in your path or you do not have the permission to execute it.
	at de.uka.ilkd.key.proof.io.IntermediateProofReplayer.constructBuiltinApp(IntermediateProofReplayer.java:630)

59164      WARN  main            d.u.i.k.p.r.p.ForkedTestFileRunner Run failed java.lang.Exception: Exception while loading proof (see cause for details): /home/runner/work/key/key/key.core/../key.ui/examples/heap/list/ArrayList_concatenate.key.proof
	at de.uka.ilkd.key.proof.runallproofs.proofcollection.TestFile.reloadProof(TestFile.java:314)
Caused by: de.uka.ilkd.key.proof.io.ProblemLoaderException: Error loading proof.
Line 192, goal 102, rule One Step Simplification not available or not applicable in this context.
	at de.uka.ilkd.key.proof.io.IntermediateProofReplayer.reportError(IntermediateProofReplayer.java:782)
Caused by: de.uka.ilkd.key.proof.io.IntermediateProofReplayer$BuiltInConstructionException: One Step Simplification is missing. Most probably the binary for this built-in rule is not in your path or you do not have the permission to execute it.
	at de.uka.ilkd.key.proof.io.IntermediateProofReplayer.constructBuiltinApp(IntermediateProofReplayer.java:630)

59166      INFO  main            d.u.i.k.p.r.p.TestFile    Now processing file /home/runner/work/key/key/key.core/../key.ui/examples/heap/list/ArrayList_contains_dep.key 
59167      INFO  main            d.u.i.k.p.i.AbstractProblemLoader Loading environment from /home/runner/work/key/key/key.core/../key.ui/examples/heap/list/ArrayList_contains_dep.key 
59167      DEBUG main            d.u.i.k.p.i.AbstractProblemLoader Environment load took 206.6ns 
59168      INFO  main            d.u.i.k.p.i.AbstractProblemLoader Creating init config 
60205      DEBUG main            d.u.i.k.j.r.ClassPreparationMethodBuilder clPrepBuilder: Inner Class detected. Reject building class initialisation methods. 
62278      DEBUG main            d.u.i.k.p.i.AbstractProblemLoader Init config took 3.11s 
62346      INFO  main            d.u.i.k.p.i.AbstractProblemLoader Replaying proof ArrayList[List::contains(java.lang.Object)].JML accessible clause.0 
62348      DEBUG main            d.u.i.k.p.i.IntermediateProofReplayer Proof replay took 6.1ns 
65157      INFO  main            d.u.i.k.p.r.p.TestFile    ... finished proof: closed. 
65371      INFO  main            d.u.i.k.p.i.AbstractProblemLoader Loading environment from /home/runner/work/key/key/key.core/../key.ui/examples/heap/list/ArrayList_contains_dep.key.proof 
65371      DEBUG main            d.u.i.k.p.i.AbstractProblemLoader Environment load took 126.7ns 
65373      INFO  main            d.u.i.k.p.i.AbstractProblemLoader Creating init config 
66348      DEBUG main            d.u.i.k.j.r.ClassPreparationMethodBuilder clPrepBuilder: Inner Class detected. Reject building class initialisation methods. 
68459      DEBUG main            d.u.i.k.p.i.AbstractProblemLoader Init config took 3.09s 
68514      INFO  main            d.u.i.k.p.i.AbstractProblemLoader Replaying proof ArrayList[List::contains(java.lang.Object)].JML accessible clause.0 
69001      DEBUG main            d.u.i.k.p.i.IntermediateProofReplayer Proof replay took 476.45ms 
69005      DEBUG main            d.u.i.k.p.r.p.TestFile    ... success: reloaded. 
69008      INFO  main            d.u.i.k.p.r.p.TestFile    Now processing file /home/runner/work/key/key/key.core/../key.ui/examples/heap/list/ArrayList_enlarge.key 
69008      INFO  main            d.u.i.k.p.i.AbstractProblemLoader Loading environment from /home/runner/work/key/key/key.core/../key.ui/examples/heap/list/ArrayList_enlarge.key 
69009      DEBUG main            d.u.i.k.p.i.AbstractProblemLoader Environment load took 231.5ns 
69010      INFO  main            d.u.i.k.p.i.AbstractProblemLoader Creating init config 
69994      DEBUG main            d.u.i.k.j.r.ClassPreparationMethodBuilder clPrepBuilder: Inner Class detected. Reject building class initialisation methods. 
72101      DEBUG main            d.u.i.k.p.i.AbstractProblemLoader Init config took 3.09s 
72157      INFO  main            d.u.i.k.p.i.AbstractProblemLoader Replaying proof ArrayList[ArrayList::enlarge()].JML normal_behavior operation contract.0 
72159      DEBUG main            d.u.i.k.p.i.IntermediateProofReplayer Proof replay took 6ns 
74565      INFO  main            d.u.i.k.p.r.p.TestFile    ... finished proof: closed. 
74748      INFO  main            d.u.i.k.p.i.AbstractProblemLoader Loading environment from /home/runner/work/key/key/key.core/../key.ui/examples/heap/list/ArrayList_enlarge.key.proof 
74748      DEBUG main            d.u.i.k.p.i.AbstractProblemLoader Environment load took 117.1ns 
74749      INFO  main            d.u.i.k.p.i.AbstractProblemLoader Creating init config 
75742      DEBUG main            d.u.i.k.j.r.ClassPreparationMethodBuilder clPrepBuilder: Inner Class detected. Reject building class initialisation methods. 
77830      DEBUG main            d.u.i.k.p.i.AbstractProblemLoader Init config took 3.08s 
77887      INFO  main            d.u.i.k.p.i.AbstractProblemLoader Replaying proof ArrayList[ArrayList::enlarge()].JML normal_behavior operation contract.0 
77923      DEBUG main            d.u.i.k.p.i.IntermediateProofReplayer Proof replay took 25.95ms 
77924      WARN  main            d.u.i.k.p.r.p.TestFile    Replay exception de.uka.ilkd.key.proof.io.ProblemLoaderException: Error loading proof.
Line 213, goal 123, rule One Step Simplification not available or not applicable in this context.
	at de.uka.ilkd.key.proof.io.IntermediateProofReplayer.reportError(IntermediateProofReplayer.java:782)
Caused by: de.uka.ilkd.key.proof.io.IntermediateProofReplayer$BuiltInConstructionException: One Step Simplification is missing. Most probably the binary for this built-in rule is not in your path or you do not have the permission to execute it.
	at de.uka.ilkd.key.proof.io.IntermediateProofReplayer.constructBuiltinApp(IntermediateProofReplayer.java:630)

77934      DEBUG main            d.u.i.k.p.r.p.TestFile    Exception java.lang.Exception: Exception while loading proof (see cause for details): /home/runner/work/key/key/key.core/../key.ui/examples/heap/list/ArrayList_enlarge.key.proof
	at de.uka.ilkd.key.proof.runallproofs.proofcollection.TestFile.reloadProof(TestFile.java:314)
Caused by: de.uka.ilkd.key.proof.io.ProblemLoaderException: Error loading proof.
Line 213, goal 123, rule One Step Simplification not available or not applicable in this context.
	at de.uka.ilkd.key.proof.io.IntermediateProofReplayer.reportError(IntermediateProofReplayer.java:782)
Caused by: de.uka.ilkd.key.proof.io.IntermediateProofReplayer$BuiltInConstructionException: One Step Simplification is missing. Most probably the binary for this built-in rule is not in your path or you do not have the permission to execute it.
	at de.uka.ilkd.key.proof.io.IntermediateProofReplayer.constructBuiltinApp(IntermediateProofReplayer.java:630)

77935      WARN  main            d.u.i.k.p.r.p.ForkedTestFileRunner Run failed java.lang.Exception: Exception while loading proof (see cause for details): /home/runner/work/key/key/key.core/../key.ui/examples/heap/list/ArrayList_enlarge.key.proof
	at de.uka.ilkd.key.proof.runallproofs.proofcollection.TestFile.reloadProof(TestFile.java:314)
Caused by: de.uka.ilkd.key.proof.io.ProblemLoaderException: Error loading proof.
Line 213, goal 123, rule One Step Simplification not available or not applicable in this context.
	at de.uka.ilkd.key.proof.io.IntermediateProofReplayer.reportError(IntermediateProofReplayer.java:782)
Caused by: de.uka.ilkd.key.proof.io.IntermediateProofReplayer$BuiltInConstructionException: One Step Simplification is missing. Most probably the binary for this built-in rule is not in your path or you do not have the permission to execute it.
	at de.uka.ilkd.key.proof.io.IntermediateProofReplayer.constructBuiltinApp(IntermediateProofReplayer.java:630)

77938      INFO  main            d.u.i.k.p.r.p.TestFile    Now processing file /home/runner/work/key/key/key.core/../key.ui/examples/heap/list/ArrayList_footprint.key 
77938      INFO  main            d.u.i.k.p.i.AbstractProblemLoader Loading environment from /home/runner/work/key/key/key.core/../key.ui/examples/heap/list/ArrayList_footprint.key 
77938      DEBUG main            d.u.i.k.p.i.AbstractProblemLoader Environment load took 200ns 
77939      INFO  main            d.u.i.k.p.i.AbstractProblemLoader Creating init config 
78917      DEBUG main            d.u.i.k.j.r.ClassPreparationMethodBuilder clPrepBuilder: Inner Class detected. Reject building class initialisation methods. 
81020      DEBUG main            d.u.i.k.p.i.AbstractProblemLoader Init config took 3.08s 
81082      INFO  main            d.u.i.k.p.i.AbstractProblemLoader Replaying proof List[List::$footprint()].JML accessible clause.0 
81085      DEBUG main            d.u.i.k.p.i.IntermediateProofReplayer Proof replay took 7.2ns 
81187      INFO  main            d.u.i.k.p.r.p.TestFile    ... finished proof: closed. 
81367      INFO  main            d.u.i.k.p.i.AbstractProblemLoader Loading environment from /home/runner/work/key/key/key.core/../key.ui/examples/heap/list/ArrayList_footprint.key.proof 
81367      DEBUG main            d.u.i.k.p.i.AbstractProblemLoader Environment load took 105.9ns 
81368      INFO  main            d.u.i.k.p.i.AbstractProblemLoader Creating init config 
82339      DEBUG main            d.u.i.k.j.r.ClassPreparationMethodBuilder clPrepBuilder: Inner Class detected. Reject building class initialisation methods. 
84403      DEBUG main            d.u.i.k.p.i.AbstractProblemLoader Init config took 3.03s 
84462      INFO  main            d.u.i.k.p.i.AbstractProblemLoader Replaying proof List[List::$footprint()].JML accessible clause.0 
84464      DEBUG main            d.u.i.k.p.i.IntermediateProofReplayer Proof replay took 1.34ms 
84466      DEBUG main            d.u.i.k.p.r.p.TestFile    ... success: reloaded. 
84468      INFO  main            d.u.i.k.p.r.p.TestFile    Now processing file /home/runner/work/key/key/key.core/../key.ui/examples/heap/list/ArrayList_get_dep.key 
84468      INFO  main            d.u.i.k.p.i.AbstractProblemLoader Loading environment from /home/runner/work/key/key/key.core/../key.ui/examples/heap/list/ArrayList_get_dep.key 
84468      DEBUG main            d.u.i.k.p.i.AbstractProblemLoader Environment load took 189.1ns 
84469      INFO  main            d.u.i.k.p.i.AbstractProblemLoader Creating init config 
85434      DEBUG main            d.u.i.k.j.r.ClassPreparationMethodBuilder clPrepBuilder: Inner Class detected. Reject building class initialisation methods. 
87499      DEBUG main            d.u.i.k.p.i.AbstractProblemLoader Init config took 3.03s 
87549      INFO  main            d.u.i.k.p.i.AbstractProblemLoader Replaying proof ArrayList[List::get(int)].JML accessible clause.0 
87551      DEBUG main            d.u.i.k.p.i.IntermediateProofReplayer Proof replay took 6.5ns 
87959      INFO  main            d.u.i.k.p.r.p.TestFile    ... finished proof: closed. 
88157      INFO  main            d.u.i.k.p.i.AbstractProblemLoader Loading environment from /home/runner/work/key/key/key.core/../key.ui/examples/heap/list/ArrayList_get_dep.key.proof 
88157      DEBUG main            d.u.i.k.p.i.AbstractProblemLoader Environment load took 260.1ns 
88159      INFO  main            d.u.i.k.p.i.AbstractProblemLoader Creating init config 
89127      DEBUG main            d.u.i.k.j.r.ClassPreparationMethodBuilder clPrepBuilder: Inner Class detected. Reject building class initialisation methods. 
91169      DEBUG main            d.u.i.k.p.i.AbstractProblemLoader Init config took 3.01s 
91218      INFO  main            d.u.i.k.p.i.AbstractProblemLoader Replaying proof ArrayList[List::get(int)].JML accessible clause.0 
91293      DEBUG main            d.u.i.k.p.i.IntermediateProofReplayer Proof replay took 71.86ms 
91295      DEBUG main            d.u.i.k.p.r.p.TestFile    ... success: reloaded. 
91297      INFO  main            d.u.i.k.p.r.p.TestFile    Now processing file /home/runner/work/key/key/key.core/../key.ui/examples/heap/list/ArrayList_get_exceptional.key 
91297      INFO  main            d.u.i.k.p.i.AbstractProblemLoader Loading environment from /home/runner/work/key/key/key.core/../key.ui/examples/heap/list/ArrayList_get_exceptional.key 
91297      DEBUG main            d.u.i.k.p.i.AbstractProblemLoader Environment load took 184.4ns 
91298      INFO  main            d.u.i.k.p.i.AbstractProblemLoader Creating init config 
92327      DEBUG main            d.u.i.k.j.r.ClassPreparationMethodBuilder clPrepBuilder: Inner Class detected. Reject building class initialisation methods. 
94348      DEBUG main            d.u.i.k.p.i.AbstractProblemLoader Init config took 3.05s 
94399      INFO  main            d.u.i.k.p.i.AbstractProblemLoader Replaying proof ArrayList[List::get(int)].JML exceptional_behavior operation contract.0 
94400      DEBUG main            d.u.i.k.p.i.IntermediateProofReplayer Proof replay took 5.4ns 
95605      INFO  main            d.u.i.k.p.r.p.TestFile    ... finished proof: closed. 
95806      INFO  main            d.u.i.k.p.i.AbstractProblemLoader Loading environment from /home/runner/work/key/key/key.core/../key.ui/examples/heap/list/ArrayList_get_exceptional.key.proof 
95807      DEBUG main            d.u.i.k.p.i.AbstractProblemLoader Environment load took 383.6ns 
95808      INFO  main            d.u.i.k.p.i.AbstractProblemLoader Creating init config 
96760      DEBUG main            d.u.i.k.j.r.ClassPreparationMethodBuilder clPrepBuilder: Inner Class detected. Reject building class initialisation methods. 
98778      DEBUG main            d.u.i.k.p.i.AbstractProblemLoader Init config took 2.97s 
98826      INFO  main            d.u.i.k.p.i.AbstractProblemLoader Replaying proof ArrayList[List::get(int)].JML exceptional_behavior operation contract.0 
99050      DEBUG main            d.u.i.k.p.i.IntermediateProofReplayer Proof replay took 216.42ms 
99052      DEBUG main            d.u.i.k.p.r.p.TestFile    ... success: reloaded. 
99054      INFO  main            d.u.i.k.p.r.p.TestFile    Now processing file /home/runner/work/key/key/key.core/../key.ui/examples/heap/list/ArrayList_get_normal.key 
99055      INFO  main            d.u.i.k.p.i.AbstractProblemLoader Loading environment from /home/runner/work/key/key/key.core/../key.ui/examples/heap/list/ArrayList_get_normal.key 
99055      DEBUG main            d.u.i.k.p.i.AbstractProblemLoader Environment load took 194.5ns 
99056      INFO  main            d.u.i.k.p.i.AbstractProblemLoader Creating init config 
100033     DEBUG main            d.u.i.k.j.r.ClassPreparationMethodBuilder clPrepBuilder: Inner Class detected. Reject building class initialisation methods. 
102106     DEBUG main            d.u.i.k.p.i.AbstractProblemLoader Init config took 3.05s 
102156     INFO  main            d.u.i.k.p.i.AbstractProblemLoader Replaying proof ArrayList[List::get(int)].JML normal_behavior operation contract.0 
102158     DEBUG main            d.u.i.k.p.i.IntermediateProofReplayer Proof replay took 6.5ns 
102561     INFO  main            d.u.i.k.p.r.p.TestFile    ... finished proof: closed. 
102819     INFO  main            d.u.i.k.p.i.AbstractProblemLoader Loading environment from /home/runner/work/key/key/key.core/../key.ui/examples/heap/list/ArrayList_get_normal.key.proof 
102819     DEBUG main            d.u.i.k.p.i.AbstractProblemLoader Environment load took 110.3ns 
102820     INFO  main            d.u.i.k.p.i.AbstractProblemLoader Creating init config 
103754     DEBUG main            d.u.i.k.j.r.ClassPreparationMethodBuilder clPrepBuilder: Inner Class detected. Reject building class initialisation methods. 
105753     DEBUG main            d.u.i.k.p.i.AbstractProblemLoader Init config took 2.93s 
105807     INFO  main            d.u.i.k.p.i.AbstractProblemLoader Replaying proof ArrayList[List::get(int)].JML normal_behavior operation contract.0 
105883     DEBUG main            d.u.i.k.p.i.IntermediateProofReplayer Proof replay took 72.65ms 
105884     DEBUG main            d.u.i.k.p.r.p.TestFile    ... success: reloaded. 
105887     INFO  main            d.u.i.k.p.r.p.TestFile    Now processing file /home/runner/work/key/key/key.core/../key.ui/examples/heap/list/ArrayList_inv.key 
105887     INFO  main            d.u.i.k.p.i.AbstractProblemLoader Loading environment from /home/runner/work/key/key/key.core/../key.ui/examples/heap/list/ArrayList_inv.key 
105887     DEBUG main            d.u.i.k.p.i.AbstractProblemLoader Environment load took 216.4ns 
105888     INFO  main            d.u.i.k.p.i.AbstractProblemLoader Creating init config 
106882     DEBUG main            d.u.i.k.j.r.ClassPreparationMethodBuilder clPrepBuilder: Inner Class detected. Reject building class initialisation methods. 
108929     DEBUG main            d.u.i.k.p.i.AbstractProblemLoader Init config took 3.04s 
108977     INFO  main            d.u.i.k.p.i.AbstractProblemLoader Replaying proof ArrayList[java.lang.Object::<inv>()].JML accessible clause.0 
108979     DEBUG main            d.u.i.k.p.i.IntermediateProofReplayer Proof replay took 6.5ns 
109381     INFO  main            d.u.i.k.p.r.p.TestFile    ... finished proof: closed. 
109563     INFO  main            d.u.i.k.p.i.AbstractProblemLoader Loading environment from /home/runner/work/key/key/key.core/../key.ui/examples/heap/list/ArrayList_inv.key.proof 
109563     DEBUG main            d.u.i.k.p.i.AbstractProblemLoader Environment load took 105.9ns 
109564     INFO  main            d.u.i.k.p.i.AbstractProblemLoader Creating init config 
110502     DEBUG main            d.u.i.k.j.r.ClassPreparationMethodBuilder clPrepBuilder: Inner Class detected. Reject building class initialisation methods. 
112490     DEBUG main            d.u.i.k.p.i.AbstractProblemLoader Init config took 2.93s 
112537     INFO  main            d.u.i.k.p.i.AbstractProblemLoader Replaying proof ArrayList[java.lang.Object::<inv>()].JML accessible clause.0 
112579     DEBUG main            d.u.i.k.p.i.IntermediateProofReplayer Proof replay took 39.37ms 
112580     DEBUG main            d.u.i.k.p.r.p.TestFile    ... success: reloaded. 
112582     INFO  main            d.u.i.k.p.r.p.TestFile    Now processing file /home/runner/work/key/key/key.core/../key.ui/examples/heap/list/ArrayList_iterator.key 
112582     INFO  main            d.u.i.k.p.i.AbstractProblemLoader Loading environment from /home/runner/work/key/key/key.core/../key.ui/examples/heap/list/ArrayList_iterator.key 
112582     DEBUG main            d.u.i.k.p.i.AbstractProblemLoader Environment load took 113.6ns 
112583     INFO  main            d.u.i.k.p.i.AbstractProblemLoader Creating init config 
113568     DEBUG main            d.u.i.k.j.r.ClassPreparationMethodBuilder clPrepBuilder: Inner Class detected. Reject building class initialisation methods. 
115598     DEBUG main            d.u.i.k.p.i.AbstractProblemLoader Init config took 3.01s 
115646     INFO  main            d.u.i.k.p.i.AbstractProblemLoader Replaying proof ArrayList[List::iterator()].JML normal_behavior operation contract.0 
115647     DEBUG main            d.u.i.k.p.i.IntermediateProofReplayer Proof replay took 5.4ns 
116152     INFO  main            d.u.i.k.p.r.p.TestFile    ... finished proof: closed. 
116367     INFO  main            d.u.i.k.p.i.AbstractProblemLoader Loading environment from /home/runner/work/key/key/key.core/../key.ui/examples/heap/list/ArrayList_iterator.key.proof 
116368     DEBUG main            d.u.i.k.p.i.AbstractProblemLoader Environment load took 679.7ns 
116370     INFO  main            d.u.i.k.p.i.AbstractProblemLoader Creating init config 
117312     DEBUG main            d.u.i.k.j.r.ClassPreparationMethodBuilder clPrepBuilder: Inner Class detected. Reject building class initialisation methods. 
119314     DEBUG main            d.u.i.k.p.i.AbstractProblemLoader Init config took 2.94s 
119361     INFO  main            d.u.i.k.p.i.AbstractProblemLoader Replaying proof ArrayList[List::iterator()].JML normal_behavior operation contract.0 
119454     DEBUG main            d.u.i.k.p.i.IntermediateProofReplayer Proof replay took 89.26ms 
119455     DEBUG main            d.u.i.k.p.r.p.TestFile    ... success: reloaded. 
119457     INFO  main            d.u.i.k.p.r.p.TestFile    Now processing file /home/runner/work/key/key/key.core/../key.ui/examples/heap/list/ArrayList_size_dep.key 
119458     INFO  main            d.u.i.k.p.i.AbstractProblemLoader Loading environment from /home/runner/work/key/key/key.core/../key.ui/examples/heap/list/ArrayList_size_dep.key 
119458     DEBUG main            d.u.i.k.p.i.AbstractProblemLoader Environment load took 52.6ns 
119458     INFO  main            d.u.i.k.p.i.AbstractProblemLoader Creating init config 
120430     DEBUG main            d.u.i.k.j.r.ClassPreparationMethodBuilder clPrepBuilder: Inner Class detected. Reject building class initialisation methods. 
122427     DEBUG main            d.u.i.k.p.i.AbstractProblemLoader Init config took 2.97s 
122472     INFO  main            d.u.i.k.p.i.AbstractProblemLoader Replaying proof ArrayList[List::size()].JML accessible clause.0 
122474     DEBUG main            d.u.i.k.p.i.IntermediateProofReplayer Proof replay took 5.7ns 
122676     INFO  main            d.u.i.k.p.r.p.TestFile    ... finished proof: closed. 
122876     INFO  main            d.u.i.k.p.i.AbstractProblemLoader Loading environment from /home/runner/work/key/key/key.core/../key.ui/examples/heap/list/ArrayList_size_dep.key.proof 
122876     DEBUG main            d.u.i.k.p.i.AbstractProblemLoader Environment load took 104ns 
122877     INFO  main            d.u.i.k.p.i.AbstractProblemLoader Creating init config 
123808     DEBUG main            d.u.i.k.j.r.ClassPreparationMethodBuilder clPrepBuilder: Inner Class detected. Reject building class initialisation methods. 
125806     DEBUG main            d.u.i.k.p.i.AbstractProblemLoader Init config took 2.93s 
125861     INFO  main            d.u.i.k.p.i.AbstractProblemLoader Replaying proof ArrayList[List::size()].JML accessible clause.0 
125884     DEBUG main            d.u.i.k.p.i.IntermediateProofReplayer Proof replay took 20.23ms 
125885     DEBUG main            d.u.i.k.p.r.p.TestFile    ... success: reloaded. 
125888     INFO  main            d.u.i.k.p.r.p.TestFile    Now processing file /home/runner/work/key/key/key.core/../key.ui/examples/heap/list/ArrayList_size.key 
125888     INFO  main            d.u.i.k.p.i.AbstractProblemLoader Loading environment from /home/runner/work/key/key/key.core/../key.ui/examples/heap/list/ArrayList_size.key 
125888     DEBUG main            d.u.i.k.p.i.AbstractProblemLoader Environment load took 85.8ns 
125890     INFO  main            d.u.i.k.p.i.AbstractProblemLoader Creating init config 
126831     DEBUG main            d.u.i.k.j.r.ClassPreparationMethodBuilder clPrepBuilder: Inner Class detected. Reject building class initialisation methods. 
128839     DEBUG main            d.u.i.k.p.i.AbstractProblemLoader Init config took 2.95s 
128885     INFO  main            d.u.i.k.p.i.AbstractProblemLoader Replaying proof ArrayList[List::size()].JML normal_behavior operation contract.0 
128886     DEBUG main            d.u.i.k.p.i.IntermediateProofReplayer Proof replay took 6.3ns 
129088     INFO  main            d.u.i.k.p.r.p.TestFile    ... finished proof: closed. 
129294     INFO  main            d.u.i.k.p.i.AbstractProblemLoader Loading environment from /home/runner/work/key/key/key.core/../key.ui/examples/heap/list/ArrayList_size.key.proof 
129295     DEBUG main            d.u.i.k.p.i.AbstractProblemLoader Environment load took 102.9ns 
129295     INFO  main            d.u.i.k.p.i.AbstractProblemLoader Creating init config 
130221     DEBUG main            d.u.i.k.j.r.ClassPreparationMethodBuilder clPrepBuilder: Inner Class detected. Reject building class initialisation methods. 
132207     DEBUG main            d.u.i.k.p.i.AbstractProblemLoader Init config took 2.91s 
132263     INFO  main            d.u.i.k.p.i.AbstractProblemLoader Replaying proof ArrayList[List::size()].JML normal_behavior operation contract.0 
132298     DEBUG main            d.u.i.k.p.i.IntermediateProofReplayer Proof replay took 33.17ms 
132299     DEBUG main            d.u.i.k.p.r.p.TestFile    ... success: reloaded. 
132303     INFO  main            d.u.i.k.p.r.p.TestFile    Now processing file /home/runner/work/key/key/key.core/../key.ui/examples/heap/list/ArrayList.ArrayListIterator_ArrayListIterator.key 
132303     INFO  main            d.u.i.k.p.i.AbstractProblemLoader Loading environment from /home/runner/work/key/key/key.core/../key.ui/examples/heap/list/ArrayList.ArrayListIterator_ArrayListIterator.key 
132303     DEBUG main            d.u.i.k.p.i.AbstractProblemLoader Environment load took 198.7ns 
132304     INFO  main            d.u.i.k.p.i.AbstractProblemLoader Creating init config 
133274     DEBUG main            d.u.i.k.j.r.ClassPreparationMethodBuilder clPrepBuilder: Inner Class detected. Reject building class initialisation methods. 
135310     DEBUG main            d.u.i.k.p.i.AbstractProblemLoader Init config took 3.01s 
135367     INFO  main            d.u.i.k.p.i.AbstractProblemLoader Replaying proof ArrayList.ArrayListIterator[ArrayList.ArrayListIterator::ArrayListIterator(ArrayList)].JML normal_behavior operation contract.0 
135369     DEBUG main            d.u.i.k.p.i.IntermediateProofReplayer Proof replay took 5.7ns 
135972     INFO  main            d.u.i.k.p.r.p.TestFile    ... finished proof: closed. 
136207     INFO  main            d.u.i.k.p.i.AbstractProblemLoader Loading environment from /home/runner/work/key/key/key.core/../key.ui/examples/heap/list/ArrayList.ArrayListIterator_ArrayListIterator.key.proof 
136207     DEBUG main            d.u.i.k.p.i.AbstractProblemLoader Environment load took 544.5ns 
136208     INFO  main            d.u.i.k.p.i.AbstractProblemLoader Creating init config 
137136     DEBUG main            d.u.i.k.j.r.ClassPreparationMethodBuilder clPrepBuilder: Inner Class detected. Reject building class initialisation methods. 
139143     DEBUG main            d.u.i.k.p.i.AbstractProblemLoader Init config took 2.93s 
139198     INFO  main            d.u.i.k.p.i.AbstractProblemLoader Replaying proof ArrayList.ArrayListIterator[ArrayList.ArrayListIterator::ArrayListIterator(ArrayList)].JML normal_behavior operation contract.0 
139297     DEBUG main            d.u.i.k.p.i.IntermediateProofReplayer Proof replay took 94.43ms 
139298     DEBUG main            d.u.i.k.p.r.p.TestFile    ... success: reloaded. 
139300     INFO  main            d.u.i.k.p.r.p.TestFile    Now processing file /home/runner/work/key/key/key.core/../key.ui/examples/heap/list/ArrayList.ArrayListIterator_hasNext_dep.key 
139300     INFO  main            d.u.i.k.p.i.AbstractProblemLoader Loading environment from /home/runner/work/key/key/key.core/../key.ui/examples/heap/list/ArrayList.ArrayListIterator_hasNext_dep.key 
139300     DEBUG main            d.u.i.k.p.i.AbstractProblemLoader Environment load took 85.8ns 
139301     INFO  main            d.u.i.k.p.i.AbstractProblemLoader Creating init config 
140241     DEBUG main            d.u.i.k.j.r.ClassPreparationMethodBuilder clPrepBuilder: Inner Class detected. Reject building class initialisation methods. 
142241     DEBUG main            d.u.i.k.p.i.AbstractProblemLoader Init config took 2.94s 
142293     INFO  main            d.u.i.k.p.i.AbstractProblemLoader Replaying proof ArrayList.ArrayListIterator[ListIterator::hasNext()].JML accessible clause.0 
142294     DEBUG main            d.u.i.k.p.i.IntermediateProofReplayer Proof replay took 6.1ns 
142596     INFO  main            d.u.i.k.p.r.p.TestFile    ... finished proof: closed. 
142822     INFO  main            d.u.i.k.p.i.AbstractProblemLoader Loading environment from /home/runner/work/key/key/key.core/../key.ui/examples/heap/list/ArrayList.ArrayListIterator_hasNext_dep.key.proof 
142822     DEBUG main            d.u.i.k.p.i.AbstractProblemLoader Environment load took 99.4ns 
142823     INFO  main            d.u.i.k.p.i.AbstractProblemLoader Creating init config 
143755     DEBUG main            d.u.i.k.j.r.ClassPreparationMethodBuilder clPrepBuilder: Inner Class detected. Reject building class initialisation methods. 
145728     DEBUG main            d.u.i.k.p.i.AbstractProblemLoader Init config took 2.9s 
145780     INFO  main            d.u.i.k.p.i.AbstractProblemLoader Replaying proof ArrayList.ArrayListIterator[ListIterator::hasNext()].JML accessible clause.0 
145832     DEBUG main            d.u.i.k.p.i.IntermediateProofReplayer Proof replay took 49.56ms 
145834     DEBUG main            d.u.i.k.p.r.p.TestFile    ... success: reloaded. 
145836     INFO  main            d.u.i.k.p.r.p.TestFile    Now processing file /home/runner/work/key/key/key.core/../key.ui/examples/heap/list/ArrayList.ArrayListIterator_hasNext.key 
145836     INFO  main            d.u.i.k.p.i.AbstractProblemLoader Loading environment from /home/runner/work/key/key/key.core/../key.ui/examples/heap/list/ArrayList.ArrayListIterator_hasNext.key 
145836     DEBUG main            d.u.i.k.p.i.AbstractProblemLoader Environment load took 193ns 
145837     INFO  main            d.u.i.k.p.i.AbstractProblemLoader Creating init config 
146801     DEBUG main            d.u.i.k.j.r.ClassPreparationMethodBuilder clPrepBuilder: Inner Class detected. Reject building class initialisation methods. 
148824     DEBUG main            d.u.i.k.p.i.AbstractProblemLoader Init config took 2.99s 
148877     INFO  main            d.u.i.k.p.i.AbstractProblemLoader Replaying proof ArrayList.ArrayListIterator[ListIterator::hasNext()].JML normal_behavior operation contract.0 
148879     DEBUG main            d.u.i.k.p.i.IntermediateProofReplayer Proof replay took 5.7ns 
149281     INFO  main            d.u.i.k.p.r.p.TestFile    ... finished proof: closed. 
149495     INFO  main            d.u.i.k.p.i.AbstractProblemLoader Loading environment from /home/runner/work/key/key/key.core/../key.ui/examples/heap/list/ArrayList.ArrayListIterator_hasNext.key.proof 
149495     DEBUG main            d.u.i.k.p.i.AbstractProblemLoader Environment load took 96.2ns 
149496     INFO  main            d.u.i.k.p.i.AbstractProblemLoader Creating init config 
150438     DEBUG main            d.u.i.k.j.r.ClassPreparationMethodBuilder clPrepBuilder: Inner Class detected. Reject building class initialisation methods. 
152409     DEBUG main            d.u.i.k.p.i.AbstractProblemLoader Init config took 2.91s 
152461     INFO  main            d.u.i.k.p.i.AbstractProblemLoader Replaying proof ArrayList.ArrayListIterator[ListIterator::hasNext()].JML normal_behavior operation contract.0 
152513     DEBUG main            d.u.i.k.p.i.IntermediateProofReplayer Proof replay took 48.89ms 
152514     DEBUG main            d.u.i.k.p.r.p.TestFile    ... success: reloaded. 
152516     INFO  main            d.u.i.k.p.r.p.TestFile    Now processing file /home/runner/work/key/key/key.core/../key.ui/examples/heap/list/ArrayList.ArrayListIterator_inv.key 
152516     INFO  main            d.u.i.k.p.i.AbstractProblemLoader Loading environment from /home/runner/work/key/key/key.core/../key.ui/examples/heap/list/ArrayList.ArrayListIterator_inv.key 
152516     DEBUG main            d.u.i.k.p.i.AbstractProblemLoader Environment load took 86.7ns 
152517     INFO  main            d.u.i.k.p.i.AbstractProblemLoader Creating init config 
153463     DEBUG main            d.u.i.k.j.r.ClassPreparationMethodBuilder clPrepBuilder: Inner Class detected. Reject building class initialisation methods. 
155479     DEBUG main            d.u.i.k.p.i.AbstractProblemLoader Init config took 2.96s 
155530     INFO  main            d.u.i.k.p.i.AbstractProblemLoader Replaying proof ArrayList.ArrayListIterator[java.lang.Object::<inv>()].JML accessible clause.0 
155531     DEBUG main            d.u.i.k.p.i.IntermediateProofReplayer Proof replay took 5.8ns 
156452     INFO  main            d.u.i.k.p.r.p.TestFile    ... finished proof: closed. 
156691     INFO  main            d.u.i.k.p.i.AbstractProblemLoader Loading environment from /home/runner/work/key/key/key.core/../key.ui/examples/heap/list/ArrayList.ArrayListIterator_inv.key.proof 
156691     DEBUG main            d.u.i.k.p.i.AbstractProblemLoader Environment load took 101ns 
156692     INFO  main            d.u.i.k.p.i.AbstractProblemLoader Creating init config 
157619     DEBUG main            d.u.i.k.j.r.ClassPreparationMethodBuilder clPrepBuilder: Inner Class detected. Reject building class initialisation methods. 
159602     DEBUG main            d.u.i.k.p.i.AbstractProblemLoader Init config took 2.91s 
159655     INFO  main            d.u.i.k.p.i.AbstractProblemLoader Replaying proof ArrayList.ArrayListIterator[java.lang.Object::<inv>()].JML accessible clause.0 
159746     DEBUG main            d.u.i.k.p.i.IntermediateProofReplayer Proof replay took 87.13ms 
159748     DEBUG main            d.u.i.k.p.r.p.TestFile    ... success: reloaded. 
159750     INFO  main            d.u.i.k.p.r.p.TestFile    Now processing file /home/runner/work/key/key/key.core/../key.ui/examples/heap/list/ArrayList.ArrayListIterator_list.key 
159750     INFO  main            d.u.i.k.p.i.AbstractProblemLoader Loading environment from /home/runner/work/key/key/key.core/../key.ui/examples/heap/list/ArrayList.ArrayListIterator_list.key 
159750     DEBUG main            d.u.i.k.p.i.AbstractProblemLoader Environment load took 188.4ns 
159751     INFO  main            d.u.i.k.p.i.AbstractProblemLoader Creating init config 
160692     DEBUG main            d.u.i.k.j.r.ClassPreparationMethodBuilder clPrepBuilder: Inner Class detected. Reject building class initialisation methods. 
162715     DEBUG main            d.u.i.k.p.i.AbstractProblemLoader Init config took 2.96s 
162759     INFO  main            d.u.i.k.p.i.AbstractProblemLoader Replaying proof ListIterator[ListIterator::$list()].JML accessible clause.0 
162761     DEBUG main            d.u.i.k.p.i.IntermediateProofReplayer Proof replay took 5.4ns 
162862     INFO  main            d.u.i.k.p.r.p.TestFile    ... finished proof: closed. 
163094     INFO  main            d.u.i.k.p.i.AbstractProblemLoader Loading environment from /home/runner/work/key/key/key.core/../key.ui/examples/heap/list/ArrayList.ArrayListIterator_list.key.proof 
163094     DEBUG main            d.u.i.k.p.i.AbstractProblemLoader Environment load took 92.7ns 
163095     INFO  main            d.u.i.k.p.i.AbstractProblemLoader Creating init config 
164027     DEBUG main            d.u.i.k.j.r.ClassPreparationMethodBuilder clPrepBuilder: Inner Class detected. Reject building class initialisation methods. 
166028     DEBUG main            d.u.i.k.p.i.AbstractProblemLoader Init config took 2.93s 
166068     INFO  main            d.u.i.k.p.i.AbstractProblemLoader Replaying proof ListIterator[ListIterator::$list()].JML accessible clause.0 
166070     DEBUG main            d.u.i.k.p.i.IntermediateProofReplayer Proof replay took 935.7ns 
166071     DEBUG main            d.u.i.k.p.r.p.TestFile    ... success: reloaded. 
166074     INFO  main            d.u.i.k.p.r.p.TestFile    Now processing file /home/runner/work/key/key/key.core/../key.ui/examples/heap/list/ArrayList.ArrayListIterator_next_exceptional.key 
166074     INFO  main            d.u.i.k.p.i.AbstractProblemLoader Loading environment from /home/runner/work/key/key/key.core/../key.ui/examples/heap/list/ArrayList.ArrayListIterator_next_exceptional.key 
166074     DEBUG main            d.u.i.k.p.i.AbstractProblemLoader Environment load took 54.5ns 
166075     INFO  main            d.u.i.k.p.i.AbstractProblemLoader Creating init config 
167023     DEBUG main            d.u.i.k.j.r.ClassPreparationMethodBuilder clPrepBuilder: Inner Class detected. Reject building class initialisation methods. 
169027     DEBUG main            d.u.i.k.p.i.AbstractProblemLoader Init config took 2.95s 
169079     INFO  main            d.u.i.k.p.i.AbstractProblemLoader Replaying proof ArrayList.ArrayListIterator[ListIterator::next()].JML exceptional_behavior operation contract.0 
169081     DEBUG main            d.u.i.k.p.i.IntermediateProofReplayer Proof replay took 5.7ns 
169889     INFO  main            d.u.i.k.p.r.p.TestFile    ... finished proof: closed. 
170160     INFO  main            d.u.i.k.p.i.AbstractProblemLoader Loading environment from /home/runner/work/key/key/key.core/../key.ui/examples/heap/list/ArrayList.ArrayListIterator_next_exceptional.key.proof 
170160     DEBUG main            d.u.i.k.p.i.AbstractProblemLoader Environment load took 422.2ns 
170162     INFO  main            d.u.i.k.p.i.AbstractProblemLoader Creating init config 
171097     DEBUG main            d.u.i.k.j.r.ClassPreparationMethodBuilder clPrepBuilder: Inner Class detected. Reject building class initialisation methods. 
173055     DEBUG main            d.u.i.k.p.i.AbstractProblemLoader Init config took 2.89s 
173107     INFO  main            d.u.i.k.p.i.AbstractProblemLoader Replaying proof ArrayList.ArrayListIterator[ListIterator::next()].JML exceptional_behavior operation contract.0 
173262     DEBUG main            d.u.i.k.p.i.IntermediateProofReplayer Proof replay took 150.55ms 
173264     DEBUG main            d.u.i.k.p.r.p.TestFile    ... success: reloaded. 
173266     INFO  main            d.u.i.k.p.r.p.TestFile    Now processing file /home/runner/work/key/key/key.core/../key.ui/examples/heap/list/ArrayList.ArrayListIterator_next_normal.key 
173266     INFO  main            d.u.i.k.p.i.AbstractProblemLoader Loading environment from /home/runner/work/key/key/key.core/../key.ui/examples/heap/list/ArrayList.ArrayListIterator_next_normal.key 
173266     DEBUG main            d.u.i.k.p.i.AbstractProblemLoader Environment load took 158.2ns 
173267     INFO  main            d.u.i.k.p.i.AbstractProblemLoader Creating init config 
174214     DEBUG main            d.u.i.k.j.r.ClassPreparationMethodBuilder clPrepBuilder: Inner Class detected. Reject building class initialisation methods. 
176242     DEBUG main            d.u.i.k.p.i.AbstractProblemLoader Init config took 2.98s 
176294     INFO  main            d.u.i.k.p.i.AbstractProblemLoader Replaying proof ArrayList.ArrayListIterator[ListIterator::next()].JML normal_behavior operation contract.0 
176296     DEBUG main            d.u.i.k.p.i.IntermediateProofReplayer Proof replay took 6.3ns 
177199     INFO  main            d.u.i.k.p.r.p.TestFile    ... finished proof: closed. 
177450     INFO  main            d.u.i.k.p.i.AbstractProblemLoader Loading environment from /home/runner/work/key/key/key.core/../key.ui/examples/heap/list/ArrayList.ArrayListIterator_next_normal.key.proof 
177451     DEBUG main            d.u.i.k.p.i.AbstractProblemLoader Environment load took 402.5ns 
177452     INFO  main            d.u.i.k.p.i.AbstractProblemLoader Creating init config 
178385     DEBUG main            d.u.i.k.j.r.ClassPreparationMethodBuilder clPrepBuilder: Inner Class detected. Reject building class initialisation methods. 
180349     DEBUG main            d.u.i.k.p.i.AbstractProblemLoader Init config took 2.9s 
180401     INFO  main            d.u.i.k.p.i.AbstractProblemLoader Replaying proof ArrayList.ArrayListIterator[ListIterator::next()].JML normal_behavior operation contract.0 
180572     DEBUG main            d.u.i.k.p.i.IntermediateProofReplayer Proof replay took 166.37ms 
180573     DEBUG main            d.u.i.k.p.r.p.TestFile    ... success: reloaded. 
180575     INFO  main            d.u.i.k.p.r.p.TestFile    Now processing file /home/runner/work/key/key/key.core/../key.ui/examples/heap/list/ArrayList.ArrayListIterator_pos.key 
180575     INFO  main            d.u.i.k.p.i.AbstractProblemLoader Loading environment from /home/runner/work/key/key/key.core/../key.ui/examples/heap/list/ArrayList.ArrayListIterator_pos.key 
180575     DEBUG main            d.u.i.k.p.i.AbstractProblemLoader Environment load took 79.8ns 
180576     INFO  main            d.u.i.k.p.i.AbstractProblemLoader Creating init config 
181538     DEBUG main            d.u.i.k.j.r.ClassPreparationMethodBuilder clPrepBuilder: Inner Class detected. Reject building class initialisation methods. 
183534     DEBUG main            d.u.i.k.p.i.AbstractProblemLoader Init config took 2.96s 
183573     INFO  main            d.u.i.k.p.i.AbstractProblemLoader Replaying proof ListIterator[ListIterator::$pos()].JML accessible clause.0 
183574     DEBUG main            d.u.i.k.p.i.IntermediateProofReplayer Proof replay took 5.7ns 
183678     INFO  main            d.u.i.k.p.r.p.TestFile    ... finished proof: closed. 
183922     INFO  main            d.u.i.k.p.i.AbstractProblemLoader Loading environment from /home/runner/work/key/key/key.core/../key.ui/examples/heap/list/ArrayList.ArrayListIterator_pos.key.proof 
183922     DEBUG main            d.u.i.k.p.i.AbstractProblemLoader Environment load took 91.2ns 
183923     INFO  main            d.u.i.k.p.i.AbstractProblemLoader Creating init config 
184851     DEBUG main            d.u.i.k.j.r.ClassPreparationMethodBuilder clPrepBuilder: Inner Class detected. Reject building class initialisation methods. 
186803     DEBUG main            d.u.i.k.p.i.AbstractProblemLoader Init config took 2.88s 
186846     INFO  main            d.u.i.k.p.i.AbstractProblemLoader Replaying proof ListIterator[ListIterator::$pos()].JML accessible clause.0 
186849     DEBUG main            d.u.i.k.p.i.IntermediateProofReplayer Proof replay took 959.9ns 
186853     DEBUG main            d.u.i.k.p.r.p.TestFile    ... success: reloaded. 
186855     INFO  main            d.u.i.k.p.r.p.TestFile    Now processing file /home/runner/work/key/key/key.core/../key.ui/examples/heap/list/Client_m.key 
186855     INFO  main            d.u.i.k.p.i.AbstractProblemLoader Loading environment from /home/runner/work/key/key/key.core/../key.ui/examples/heap/list/Client_m.key 
186855     DEBUG main            d.u.i.k.p.i.AbstractProblemLoader Environment load took 187.4ns 
186857     INFO  main            d.u.i.k.p.i.AbstractProblemLoader Creating init config 
187818     DEBUG main            d.u.i.k.j.r.ClassPreparationMethodBuilder clPrepBuilder: Inner Class detected. Reject building class initialisation methods. 
189833     DEBUG main            d.u.i.k.p.i.AbstractProblemLoader Init config took 2.98s 
189874     INFO  main            d.u.i.k.p.i.AbstractProblemLoader Replaying proof Client[Client::m(List)].JML normal_behavior operation contract.0 
189878     DEBUG main            d.u.i.k.p.i.IntermediateProofReplayer Proof replay took 5.7ns 
190180     INFO  main            d.u.i.k.p.r.p.TestFile    ... finished proof: closed. 
190455     INFO  main            d.u.i.k.p.i.AbstractProblemLoader Loading environment from /home/runner/work/key/key/key.core/../key.ui/examples/heap/list/Client_m.key.proof 
190455     DEBUG main            d.u.i.k.p.i.AbstractProblemLoader Environment load took 98ns 
190456     INFO  main            d.u.i.k.p.i.AbstractProblemLoader Creating init config 
191393     DEBUG main            d.u.i.k.j.r.ClassPreparationMethodBuilder clPrepBuilder: Inner Class detected. Reject building class initialisation methods. 
193358     DEBUG main            d.u.i.k.p.i.AbstractProblemLoader Init config took 2.9s 
193398     INFO  main            d.u.i.k.p.i.AbstractProblemLoader Replaying proof Client[Client::m(List)].JML normal_behavior operation contract.0 
193456     DEBUG main            d.u.i.k.p.i.IntermediateProofReplayer Proof replay took 55.46ms 
193457     DEBUG main            d.u.i.k.p.r.p.TestFile    ... success: reloaded. 
193459     INFO  main            d.u.i.k.p.r.p.TestFile    Now processing file /home/runner/work/key/key/key.core/../key.ui/examples/heap/list/Client_n.key 
193459     INFO  main            d.u.i.k.p.i.AbstractProblemLoader Loading environment from /home/runner/work/key/key/key.core/../key.ui/examples/heap/list/Client_n.key 
193460     DEBUG main            d.u.i.k.p.i.AbstractProblemLoader Environment load took 186.3ns 
193460     INFO  main            d.u.i.k.p.i.AbstractProblemLoader Creating init config 
194401     DEBUG main            d.u.i.k.j.r.ClassPreparationMethodBuilder clPrepBuilder: Inner Class detected. Reject building class initialisation methods. 
196411     DEBUG main            d.u.i.k.p.i.AbstractProblemLoader Init config took 2.95s 
196451     INFO  main            d.u.i.k.p.i.AbstractProblemLoader Replaying proof Client[Client::n(List)].JML normal_behavior operation contract.0 
196453     DEBUG main            d.u.i.k.p.i.IntermediateProofReplayer Proof replay took 5.9ns 
196556     INFO  main            d.u.i.k.p.r.p.TestFile    ... finished proof: closed. 
196816     INFO  main            d.u.i.k.p.i.AbstractProblemLoader Loading environment from /home/runner/work/key/key/key.core/../key.ui/examples/heap/list/Client_n.key.proof 
196816     DEBUG main            d.u.i.k.p.i.AbstractProblemLoader Environment load took 86.8ns 
196817     INFO  main            d.u.i.k.p.i.AbstractProblemLoader Creating init config 
197744     DEBUG main            d.u.i.k.j.r.ClassPreparationMethodBuilder clPrepBuilder: Inner Class detected. Reject building class initialisation methods. 
199734     DEBUG main            d.u.i.k.p.i.AbstractProblemLoader Init config took 2.92s 
199774     INFO  main            d.u.i.k.p.i.AbstractProblemLoader Replaying proof Client[Client::n(List)].JML normal_behavior operation contract.0 
199792     DEBUG main            d.u.i.k.p.i.IntermediateProofReplayer Proof replay took 16.6ms 
199793     DEBUG main            d.u.i.k.p.r.p.TestFile    ... success: reloaded. 
199795     INFO  main            d.u.i.k.p.r.p.TestFile    Now processing file /home/runner/work/key/key/key.core/../key.ui/examples/heap/list/LinkedList_get_exceptional.key 
199796     INFO  main            d.u.i.k.p.i.AbstractProblemLoader Loading environment from /home/runner/work/key/key/key.core/../key.ui/examples/heap/list/LinkedList_get_exceptional.key 
199796     DEBUG main            d.u.i.k.p.i.AbstractProblemLoader Environment load took 71.5ns 
199796     INFO  main            d.u.i.k.p.i.AbstractProblemLoader Creating init config 
200730     DEBUG main            d.u.i.k.j.r.ClassPreparationMethodBuilder clPrepBuilder: Inner Class detected. Reject building class initialisation methods. 
202722     DEBUG main            d.u.i.k.p.i.AbstractProblemLoader Init config took 2.93s 
202766     INFO  main            d.u.i.k.p.i.AbstractProblemLoader Replaying proof LinkedList[List::get(int)].JML exceptional_behavior operation contract.0 
202768     DEBUG main            d.u.i.k.p.i.IntermediateProofReplayer Proof replay took 6.4ns 
204878     INFO  main            d.u.i.k.p.r.p.TestFile    ... finished proof: closed. 
205171     INFO  main            d.u.i.k.p.i.AbstractProblemLoader Loading environment from /home/runner/work/key/key/key.core/../key.ui/examples/heap/list/LinkedList_get_exceptional.key.proof 
205171     DEBUG main            d.u.i.k.p.i.AbstractProblemLoader Environment load took 90.9ns 
205173     INFO  main            d.u.i.k.p.i.AbstractProblemLoader Creating init config 
206098     DEBUG main            d.u.i.k.j.r.ClassPreparationMethodBuilder clPrepBuilder: Inner Class detected. Reject building class initialisation methods. 
208036     DEBUG main            d.u.i.k.p.i.AbstractProblemLoader Init config took 2.86s 
208096     INFO  main            d.u.i.k.p.i.AbstractProblemLoader Replaying proof LinkedList[List::get(int)].JML exceptional_behavior operation contract.0 
208383     DEBUG main            d.u.i.k.p.i.IntermediateProofReplayer Proof replay took 278.36ms 
208385     DEBUG main            d.u.i.k.p.r.p.TestFile    ... success: reloaded. 
208387     INFO  main            d.u.i.k.p.r.p.TestFile    Now processing file /home/runner/work/key/key/key.core/../key.ui/examples/heap/list/LinkedList_get_normal.key 
208387     INFO  main            d.u.i.k.p.i.AbstractProblemLoader Loading environment from /home/runner/work/key/key/key.core/../key.ui/examples/heap/list/LinkedList_get_normal.key 
208387     DEBUG main            d.u.i.k.p.i.AbstractProblemLoader Environment load took 83.9ns 
208388     INFO  main            d.u.i.k.p.i.AbstractProblemLoader Creating init config 
209333     DEBUG main            d.u.i.k.j.r.ClassPreparationMethodBuilder clPrepBuilder: Inner Class detected. Reject building class initialisation methods. 
211332     DEBUG main            d.u.i.k.p.i.AbstractProblemLoader Init config took 2.94s 
211376     INFO  main            d.u.i.k.p.i.AbstractProblemLoader Replaying proof LinkedList[List::get(int)].JML normal_behavior operation contract.0 
211378     DEBUG main            d.u.i.k.p.i.IntermediateProofReplayer Proof replay took 6.2ns 
216693     INFO  main            d.u.i.k.p.r.p.TestFile    ... finished proof: closed. 
217041     INFO  main            d.u.i.k.p.i.AbstractProblemLoader Loading environment from /home/runner/work/key/key/key.core/../key.ui/examples/heap/list/LinkedList_get_normal.key.proof 
217041     DEBUG main            d.u.i.k.p.i.AbstractProblemLoader Environment load took 439.7ns 
217043     INFO  main            d.u.i.k.p.i.AbstractProblemLoader Creating init config 
217968     DEBUG main            d.u.i.k.j.r.ClassPreparationMethodBuilder clPrepBuilder: Inner Class detected. Reject building class initialisation methods. 
219920     DEBUG main            d.u.i.k.p.i.AbstractProblemLoader Init config took 2.88s 
219965     INFO  main            d.u.i.k.p.i.AbstractProblemLoader Replaying proof LinkedList[List::get(int)].JML normal_behavior operation contract.0 
220375     DEBUG main            d.u.i.k.p.i.IntermediateProofReplayer Proof replay took 391.5ms 
220378     DEBUG main            d.u.i.k.p.r.p.TestFile    ... success: reloaded. 
220394     INFO  main            d.u.i.k.p.r.p.TestFile    Now processing file /home/runner/work/key/key/key.core/../key.ui/examples/heap/list/LinkedList_LinkedList.key 
220394     INFO  main            d.u.i.k.p.i.AbstractProblemLoader Loading environment from /home/runner/work/key/key/key.core/../key.ui/examples/heap/list/LinkedList_LinkedList.key 
220395     DEBUG main            d.u.i.k.p.i.AbstractProblemLoader Environment load took 70.8ns 
220395     INFO  main            d.u.i.k.p.i.AbstractProblemLoader Creating init config 
221334     DEBUG main            d.u.i.k.j.r.ClassPreparationMethodBuilder clPrepBuilder: Inner Class detected. Reject building class initialisation methods. 
223329     DEBUG main            d.u.i.k.p.i.AbstractProblemLoader Init config took 2.93s 
223374     INFO  main            d.u.i.k.p.i.AbstractProblemLoader Replaying proof LinkedList[LinkedList::LinkedList()].JML normal_behavior operation contract.0 
223375     DEBUG main            d.u.i.k.p.i.IntermediateProofReplayer Proof replay took 5.2ns 
223878     INFO  main            d.u.i.k.p.r.p.TestFile    ... finished proof: closed. 
224178     INFO  main            d.u.i.k.p.i.AbstractProblemLoader Loading environment from /home/runner/work/key/key/key.core/../key.ui/examples/heap/list/LinkedList_LinkedList.key.proof 
224178     DEBUG main            d.u.i.k.p.i.AbstractProblemLoader Environment load took 81.3ns 
224179     INFO  main            d.u.i.k.p.i.AbstractProblemLoader Creating init config 
225096     DEBUG main            d.u.i.k.j.r.ClassPreparationMethodBuilder clPrepBuilder: Inner Class detected. Reject building class initialisation methods. 
227046     DEBUG main            d.u.i.k.p.i.AbstractProblemLoader Init config took 2.87s 
227092     INFO  main            d.u.i.k.p.i.AbstractProblemLoader Replaying proof LinkedList[LinkedList::LinkedList()].JML normal_behavior operation contract.0 
227181     DEBUG main            d.u.i.k.p.i.IntermediateProofReplayer Proof replay took 86.21ms 
227182     DEBUG main            d.u.i.k.p.r.p.TestFile    ... success: reloaded. 
227184     INFO  main            d.u.i.k.p.r.p.TestFile    Now processing file /home/runner/work/key/key/key.core/../key.ui/examples/heap/list/LinkedList_size_dep.key 
227184     INFO  main            d.u.i.k.p.i.AbstractProblemLoader Loading environment from /home/runner/work/key/key/key.core/../key.ui/examples/heap/list/LinkedList_size_dep.key 
227184     DEBUG main            d.u.i.k.p.i.AbstractProblemLoader Environment load took 44.3ns 
227185     INFO  main            d.u.i.k.p.i.AbstractProblemLoader Creating init config 
228125     DEBUG main            d.u.i.k.j.r.ClassPreparationMethodBuilder clPrepBuilder: Inner Class detected. Reject building class initialisation methods. 
230117     DEBUG main            d.u.i.k.p.i.AbstractProblemLoader Init config took 2.93s 
230161     INFO  main            d.u.i.k.p.i.AbstractProblemLoader Replaying proof LinkedList[List::size()].JML accessible clause.0 
230162     DEBUG main            d.u.i.k.p.i.IntermediateProofReplayer Proof replay took 6.4ns 
230665     INFO  main            d.u.i.k.p.r.p.TestFile    ... finished proof: closed. 
230947     INFO  main            d.u.i.k.p.i.AbstractProblemLoader Loading environment from /home/runner/work/key/key/key.core/../key.ui/examples/heap/list/LinkedList_size_dep.key.proof 
230947     DEBUG main            d.u.i.k.p.i.AbstractProblemLoader Environment load took 86.5ns 
230948     INFO  main            d.u.i.k.p.i.AbstractProblemLoader Creating init config 
231871     DEBUG main            d.u.i.k.j.r.ClassPreparationMethodBuilder clPrepBuilder: Inner Class detected. Reject building class initialisation methods. 
233816     DEBUG main            d.u.i.k.p.i.AbstractProblemLoader Init config took 2.87s 
233862     INFO  main            d.u.i.k.p.i.AbstractProblemLoader Replaying proof LinkedList[List::size()].JML accessible clause.0 
233915     DEBUG main            d.u.i.k.p.i.IntermediateProofReplayer Proof replay took 49.51ms 
233916     DEBUG main            d.u.i.k.p.r.p.TestFile    ... success: reloaded. 
233919     INFO  main            d.u.i.k.p.r.p.TestFile    Now processing file /home/runner/work/key/key/key.core/../key.ui/examples/heap/list/LinkedList_size.key 
233920     INFO  main            d.u.i.k.p.i.AbstractProblemLoader Loading environment from /home/runner/work/key/key/key.core/../key.ui/examples/heap/list/LinkedList_size.key 
233920     DEBUG main            d.u.i.k.p.i.AbstractProblemLoader Environment load took 73.5ns 
233920     INFO  main            d.u.i.k.p.i.AbstractProblemLoader Creating init config 
234872     DEBUG main            d.u.i.k.j.r.ClassPreparationMethodBuilder clPrepBuilder: Inner Class detected. Reject building class initialisation methods. 
236862     DEBUG main            d.u.i.k.p.i.AbstractProblemLoader Init config took 2.94s 
236906     INFO  main            d.u.i.k.p.i.AbstractProblemLoader Replaying proof LinkedList[List::size()].JML normal_behavior operation contract.0 
236907     DEBUG main            d.u.i.k.p.i.IntermediateProofReplayer Proof replay took 5.6ns 
237323     INFO  main            d.u.i.k.p.r.p.TestFile    ... finished proof: closed. 
237604     INFO  main            d.u.i.k.p.i.AbstractProblemLoader Loading environment from /home/runner/work/key/key/key.core/../key.ui/examples/heap/list/LinkedList_size.key.proof 
237604     DEBUG main            d.u.i.k.p.i.AbstractProblemLoader Environment load took 84.1ns 
237606     INFO  main            d.u.i.k.p.i.AbstractProblemLoader Creating init config 
238528     DEBUG main            d.u.i.k.j.r.ClassPreparationMethodBuilder clPrepBuilder: Inner Class detected. Reject building class initialisation methods. 
240466     DEBUG main            d.u.i.k.p.i.AbstractProblemLoader Init config took 2.86s 
240510     INFO  main            d.u.i.k.p.i.AbstractProblemLoader Replaying proof LinkedList[List::size()].JML normal_behavior operation contract.0 
240551     DEBUG main            d.u.i.k.p.i.IntermediateProofReplayer Proof replay took 38.53ms 
240552     DEBUG main            d.u.i.k.p.r.p.TestFile    ... success: reloaded. 
240554     INFO  main            d.u.i.k.p.r.p.TestFile    Now processing file /home/runner/work/key/key/key.core/../key.ui/examples/heap/list/MySet_footprint.key 
240554     INFO  main            d.u.i.k.p.i.AbstractProblemLoader Loading environment from /home/runner/work/key/key/key.core/../key.ui/examples/heap/list/MySet_footprint.key 
240554     DEBUG main            d.u.i.k.p.i.AbstractProblemLoader Environment load took 117.5ns 
240555     INFO  main            d.u.i.k.p.i.AbstractProblemLoader Creating init config 
241502     DEBUG main            d.u.i.k.j.r.ClassPreparationMethodBuilder clPrepBuilder: Inner Class detected. Reject building class initialisation methods. 
243469     DEBUG main            d.u.i.k.p.i.AbstractProblemLoader Init config took 2.91s 
243533     INFO  main            d.u.i.k.p.i.AbstractProblemLoader Replaying proof MySet[MySet::$footprint()].JML accessible clause.0 
243534     DEBUG main            d.u.i.k.p.i.IntermediateProofReplayer Proof replay took 5.9ns 
243837     INFO  main            d.u.i.k.p.r.p.TestFile    ... finished proof: closed. 
244127     INFO  main            d.u.i.k.p.i.AbstractProblemLoader Loading environment from /home/runner/work/key/key/key.core/../key.ui/examples/heap/list/MySet_footprint.key.proof 
244127     DEBUG main            d.u.i.k.p.i.AbstractProblemLoader Environment load took 85.6ns 
244128     INFO  main            d.u.i.k.p.i.AbstractProblemLoader Creating init config 
245050     DEBUG main            d.u.i.k.j.r.ClassPreparationMethodBuilder clPrepBuilder: Inner Class detected. Reject building class initialisation methods. 
246987     DEBUG main            d.u.i.k.p.i.AbstractProblemLoader Init config took 2.86s 
247046     INFO  main            d.u.i.k.p.i.AbstractProblemLoader Replaying proof MySet[MySet::$footprint()].JML accessible clause.0 
247076     DEBUG main            d.u.i.k.p.i.IntermediateProofReplayer Proof replay took 28.23ms 
247077     DEBUG main            d.u.i.k.p.r.p.TestFile    ... success: reloaded. 
247079     INFO  main            d.u.i.k.p.r.p.TestFile    Now processing file /home/runner/work/key/key/key.core/../key.ui/examples/heap/list/MySet_MySet.key 
247080     INFO  main            d.u.i.k.p.i.AbstractProblemLoader Loading environment from /home/runner/work/key/key/key.core/../key.ui/examples/heap/list/MySet_MySet.key 
247080     DEBUG main            d.u.i.k.p.i.AbstractProblemLoader Environment load took 169.9ns 
247081     INFO  main            d.u.i.k.p.i.AbstractProblemLoader Creating init config 
248023     DEBUG main            d.u.i.k.j.r.ClassPreparationMethodBuilder clPrepBuilder: Inner Class detected. Reject building class initialisation methods. 
250015     DEBUG main            d.u.i.k.p.i.AbstractProblemLoader Init config took 2.93s 
250062     INFO  main            d.u.i.k.p.i.AbstractProblemLoader Replaying proof MySet[MySet::MySet()].JML normal_behavior operation contract.0 
250064     DEBUG main            d.u.i.k.p.i.IntermediateProofReplayer Proof replay took 5.8ns 
252473     INFO  main            d.u.i.k.p.r.p.TestFile    ... finished proof: closed. 
252790     INFO  main            d.u.i.k.p.i.AbstractProblemLoader Loading environment from /home/runner/work/key/key/key.core/../key.ui/examples/heap/list/MySet_MySet.key.proof 
252790     DEBUG main            d.u.i.k.p.i.AbstractProblemLoader Environment load took 162.2ns 
252791     INFO  main            d.u.i.k.p.i.AbstractProblemLoader Creating init config 
253714     DEBUG main            d.u.i.k.j.r.ClassPreparationMethodBuilder clPrepBuilder: Inner Class detected. Reject building class initialisation methods. 
255666     DEBUG main            d.u.i.k.p.i.AbstractProblemLoader Init config took 2.87s 
255714     INFO  main            d.u.i.k.p.i.AbstractProblemLoader Replaying proof MySet[MySet::MySet()].JML normal_behavior operation contract.0 
256032     DEBUG main            d.u.i.k.p.i.IntermediateProofReplayer Proof replay took 306.36ms 
256033     DEBUG main            d.u.i.k.p.r.p.TestFile    ... success: reloaded. 
1082089    INFO  Test worker     d.u.i.k.p.r.RunAllProofsTestUnit Running test list_ghost 
442        INFO  Timeout watchdog d.u.i.k.p.r.p.ForkedTestFileRunner Timeout watcher launched (2000 secs.) 
471        WARN  main            d.u.i.k.s.ProofSettings   The settings in /home/runner/.key/proof-settings.props are *not* read. 
526        INFO  main            d.u.i.k.p.r.p.TestFile    Now processing file /home/runner/work/key/key/key.core/../key.ui/examples/heap/list_ghost/ArrayList_add.key 
721        INFO  main            d.u.i.k.p.i.AbstractProblemLoader Loading environment from /home/runner/work/key/key/key.core/../key.ui/examples/heap/list_ghost/ArrayList_add.key 
739        DEBUG main            d.u.i.k.p.i.AbstractProblemLoader Environment load took 2ms 
997        INFO  main            d.u.i.k.p.i.AbstractProblemLoader Creating init config 
1921       DEBUG main            d.u.i.k.j.TypeConverter   No LDT found for Meta 
1922       DEBUG main            d.u.i.k.j.TypeConverter   No LDT found for Meta 
1925       DEBUG main            d.u.i.k.j.TypeConverter   No LDT found for Meta 
1925       DEBUG main            d.u.i.k.j.TypeConverter   No LDT found for Meta 
3671       DEBUG main            d.u.i.k.j.TypeConverter   No LDT found for JavaBigintExpression 
8434       DEBUG main            d.u.i.k.p.i.AbstractProblemLoader Init config took 7.44s 
8571       INFO  main            d.u.i.k.p.i.AbstractProblemLoader Replaying proof ArrayList[List::add(java.lang.Object)].JML normal_behavior operation contract.0 
8601       DEBUG main            d.u.i.k.p.i.IntermediateProofReplayer Proof replay took 30.9ns 
13464      INFO  main            d.u.i.k.p.r.p.TestFile    ... finished proof: closed. 
13643      INFO  main            d.u.i.k.p.i.AbstractProblemLoader Loading environment from /home/runner/work/key/key/key.core/../key.ui/examples/heap/list_ghost/ArrayList_add.key.proof 
13644      DEBUG main            d.u.i.k.p.i.AbstractProblemLoader Environment load took 446.4ns 
13648      INFO  main            d.u.i.k.p.i.AbstractProblemLoader Creating init config 
16394      DEBUG main            d.u.i.k.p.i.AbstractProblemLoader Init config took 2.75s 
16458      INFO  main            d.u.i.k.p.i.AbstractProblemLoader Replaying proof ArrayList[List::add(java.lang.Object)].JML normal_behavior operation contract.0 
17169      DEBUG main            d.u.i.k.p.i.IntermediateProofReplayer Proof replay took 689.3ms 
17179      DEBUG main            d.u.i.k.p.r.p.TestFile    ... success: reloaded. 
17184      INFO  main            d.u.i.k.p.r.p.TestFile    Now processing file /home/runner/work/key/key/key.core/../key.ui/examples/heap/list_ghost/ArrayList_ArrayList.key 
17185      INFO  main            d.u.i.k.p.i.AbstractProblemLoader Loading environment from /home/runner/work/key/key/key.core/../key.ui/examples/heap/list_ghost/ArrayList_ArrayList.key 
17185      DEBUG main            d.u.i.k.p.i.AbstractProblemLoader Environment load took 223.8ns 
17189      INFO  main            d.u.i.k.p.i.AbstractProblemLoader Creating init config 
19784      DEBUG main            d.u.i.k.p.i.AbstractProblemLoader Init config took 2.6s 
19860      INFO  main            d.u.i.k.p.i.AbstractProblemLoader Replaying proof ArrayList[ArrayList::ArrayList()].JML normal_behavior operation contract.0 
19865      DEBUG main            d.u.i.k.p.i.IntermediateProofReplayer Proof replay took 5.5ns 
20984      INFO  main            d.u.i.k.p.r.p.TestFile    ... finished proof: closed. 
21131      INFO  main            d.u.i.k.p.i.AbstractProblemLoader Loading environment from /home/runner/work/key/key/key.core/../key.ui/examples/heap/list_ghost/ArrayList_ArrayList.key.proof 
21132      DEBUG main            d.u.i.k.p.i.AbstractProblemLoader Environment load took 702ns 
21133      INFO  main            d.u.i.k.p.i.AbstractProblemLoader Creating init config 
23653      DEBUG main            d.u.i.k.p.i.AbstractProblemLoader Init config took 2.52s 
23704      INFO  main            d.u.i.k.p.i.AbstractProblemLoader Replaying proof ArrayList[ArrayList::ArrayList()].JML normal_behavior operation contract.0 
23859      DEBUG main            d.u.i.k.p.i.IntermediateProofReplayer Proof replay took 147.38ms 
23861      DEBUG main            d.u.i.k.p.r.p.TestFile    ... success: reloaded. 
23864      INFO  main            d.u.i.k.p.r.p.TestFile    Now processing file /home/runner/work/key/key/key.core/../key.ui/examples/heap/list_ghost/ArrayList_enlarge.key 
23864      INFO  main            d.u.i.k.p.i.AbstractProblemLoader Loading environment from /home/runner/work/key/key/key.core/../key.ui/examples/heap/list_ghost/ArrayList_enlarge.key 
23864      DEBUG main            d.u.i.k.p.i.AbstractProblemLoader Environment load took 217.6ns 
23865      INFO  main            d.u.i.k.p.i.AbstractProblemLoader Creating init config 
26431      DEBUG main            d.u.i.k.p.i.AbstractProblemLoader Init config took 2.57s 
26481      INFO  main            d.u.i.k.p.i.AbstractProblemLoader Replaying proof ArrayList[ArrayList::enlarge()].JML normal_behavior operation contract.0 
26483      DEBUG main            d.u.i.k.p.i.IntermediateProofReplayer Proof replay took 5ns 
28592      INFO  main            d.u.i.k.p.r.p.TestFile    ... finished proof: closed. 
28750      INFO  main            d.u.i.k.p.i.AbstractProblemLoader Loading environment from /home/runner/work/key/key/key.core/../key.ui/examples/heap/list_ghost/ArrayList_enlarge.key.proof 
28751      DEBUG main            d.u.i.k.p.i.AbstractProblemLoader Environment load took 512.7ns 
28752      INFO  main            d.u.i.k.p.i.AbstractProblemLoader Creating init config 
31274      DEBUG main            d.u.i.k.p.i.AbstractProblemLoader Init config took 2.52s 
31325      INFO  main            d.u.i.k.p.i.AbstractProblemLoader Replaying proof ArrayList[ArrayList::enlarge()].JML normal_behavior operation contract.0 
31367      DEBUG main            d.u.i.k.p.i.IntermediateProofReplayer Proof replay took 31.44ms 
31368      WARN  main            d.u.i.k.p.r.p.TestFile    Replay exception de.uka.ilkd.key.proof.io.ProblemLoaderException: Error loading proof.
Line 162, goal 72, rule One Step Simplification not available or not applicable in this context.
	at de.uka.ilkd.key.proof.io.IntermediateProofReplayer.reportError(IntermediateProofReplayer.java:782)
Caused by: de.uka.ilkd.key.proof.io.IntermediateProofReplayer$BuiltInConstructionException: One Step Simplification is missing. Most probably the binary for this built-in rule is not in your path or you do not have the permission to execute it.
	at de.uka.ilkd.key.proof.io.IntermediateProofReplayer.constructBuiltinApp(IntermediateProofReplayer.java:630)

31370      DEBUG main            d.u.i.k.p.r.p.TestFile    Exception java.lang.Exception: Exception while loading proof (see cause for details): /home/runner/work/key/key/key.core/../key.ui/examples/heap/list_ghost/ArrayList_enlarge.key.proof
	at de.uka.ilkd.key.proof.runallproofs.proofcollection.TestFile.reloadProof(TestFile.java:314)
Caused by: de.uka.ilkd.key.proof.io.ProblemLoaderException: Error loading proof.
Line 162, goal 72, rule One Step Simplification not available or not applicable in this context.
	at de.uka.ilkd.key.proof.io.IntermediateProofReplayer.reportError(IntermediateProofReplayer.java:782)
Caused by: de.uka.ilkd.key.proof.io.IntermediateProofReplayer$BuiltInConstructionException: One Step Simplification is missing. Most probably the binary for this built-in rule is not in your path or you do not have the permission to execute it.
	at de.uka.ilkd.key.proof.io.IntermediateProofReplayer.constructBuiltinApp(IntermediateProofReplayer.java:630)

31371      WARN  main            d.u.i.k.p.r.p.ForkedTestFileRunner Run failed java.lang.Exception: Exception while loading proof (see cause for details): /home/runner/work/key/key/key.core/../key.ui/examples/heap/list_ghost/ArrayList_enlarge.key.proof
	at de.uka.ilkd.key.proof.runallproofs.proofcollection.TestFile.reloadProof(TestFile.java:314)
Caused by: de.uka.ilkd.key.proof.io.ProblemLoaderException: Error loading proof.
Line 162, goal 72, rule One Step Simplification not available or not applicable in this context.
	at de.uka.ilkd.key.proof.io.IntermediateProofReplayer.reportError(IntermediateProofReplayer.java:782)
Caused by: de.uka.ilkd.key.proof.io.IntermediateProofReplayer$BuiltInConstructionException: One Step Simplification is missing. Most probably the binary for this built-in rule is not in your path or you do not have the permission to execute it.
	at de.uka.ilkd.key.proof.io.IntermediateProofReplayer.constructBuiltinApp(IntermediateProofReplayer.java:630)

31373      INFO  main            d.u.i.k.p.r.p.TestFile    Now processing file /home/runner/work/key/key/key.core/../key.ui/examples/heap/list_ghost/ArrayList_get_dep.key 
31373      INFO  main            d.u.i.k.p.i.AbstractProblemLoader Loading environment from /home/runner/work/key/key/key.core/../key.ui/examples/heap/list_ghost/ArrayList_get_dep.key 
31373      DEBUG main            d.u.i.k.p.i.AbstractProblemLoader Environment load took 204.5ns 
31374      INFO  main            d.u.i.k.p.i.AbstractProblemLoader Creating init config 
33807      DEBUG main            d.u.i.k.p.i.AbstractProblemLoader Init config took 2.43s 
33854      INFO  main            d.u.i.k.p.i.AbstractProblemLoader Replaying proof ArrayList[List::get(int)].JML accessible clause.0 
33856      DEBUG main            d.u.i.k.p.i.IntermediateProofReplayer Proof replay took 5.8ns 
34161      INFO  main            d.u.i.k.p.r.p.TestFile    ... finished proof: closed. 
34344      INFO  main            d.u.i.k.p.i.AbstractProblemLoader Loading environment from /home/runner/work/key/key/key.core/../key.ui/examples/heap/list_ghost/ArrayList_get_dep.key.proof 
34345      DEBUG main            d.u.i.k.p.i.AbstractProblemLoader Environment load took 715.7ns 
34346      INFO  main            d.u.i.k.p.i.AbstractProblemLoader Creating init config 
36762      DEBUG main            d.u.i.k.p.i.AbstractProblemLoader Init config took 2.42s 
36806      INFO  main            d.u.i.k.p.i.AbstractProblemLoader Replaying proof ArrayList[List::get(int)].JML accessible clause.0 
36866      DEBUG main            d.u.i.k.p.i.IntermediateProofReplayer Proof replay took 55.72ms 
36867      DEBUG main            d.u.i.k.p.r.p.TestFile    ... success: reloaded. 
36870      INFO  main            d.u.i.k.p.r.p.TestFile    Now processing file /home/runner/work/key/key/key.core/../key.ui/examples/heap/list_ghost/ArrayList_get_exceptional.key 
36870      INFO  main            d.u.i.k.p.i.AbstractProblemLoader Loading environment from /home/runner/work/key/key/key.core/../key.ui/examples/heap/list_ghost/ArrayList_get_exceptional.key 
36871      DEBUG main            d.u.i.k.p.i.AbstractProblemLoader Environment load took 193.8ns 
36872      INFO  main            d.u.i.k.p.i.AbstractProblemLoader Creating init config 
39387      DEBUG main            d.u.i.k.p.i.AbstractProblemLoader Init config took 2.52s 
39430      INFO  main            d.u.i.k.p.i.AbstractProblemLoader Replaying proof ArrayList[List::get(int)].JML exceptional_behavior operation contract.0 
39432      DEBUG main            d.u.i.k.p.i.IntermediateProofReplayer Proof replay took 6ns 
40136      INFO  main            d.u.i.k.p.r.p.TestFile    ... finished proof: closed. 
40308      INFO  main            d.u.i.k.p.i.AbstractProblemLoader Loading environment from /home/runner/work/key/key/key.core/../key.ui/examples/heap/list_ghost/ArrayList_get_exceptional.key.proof 
40309      DEBUG main            d.u.i.k.p.i.AbstractProblemLoader Environment load took 403.1ns 
40310      INFO  main            d.u.i.k.p.i.AbstractProblemLoader Creating init config 
42735      DEBUG main            d.u.i.k.p.i.AbstractProblemLoader Init config took 2.43s 
42782      INFO  main            d.u.i.k.p.i.AbstractProblemLoader Replaying proof ArrayList[List::get(int)].JML exceptional_behavior operation contract.0 
42940      DEBUG main            d.u.i.k.p.i.IntermediateProofReplayer Proof replay took 151.59ms 
42941      DEBUG main            d.u.i.k.p.r.p.TestFile    ... success: reloaded. 
42943      INFO  main            d.u.i.k.p.r.p.TestFile    Now processing file /home/runner/work/key/key/key.core/../key.ui/examples/heap/list_ghost/ArrayList_get_normal.key 
42944      INFO  main            d.u.i.k.p.i.AbstractProblemLoader Loading environment from /home/runner/work/key/key/key.core/../key.ui/examples/heap/list_ghost/ArrayList_get_normal.key 
42944      DEBUG main            d.u.i.k.p.i.AbstractProblemLoader Environment load took 196.4ns 
42945      INFO  main            d.u.i.k.p.i.AbstractProblemLoader Creating init config 
45375      DEBUG main            d.u.i.k.p.i.AbstractProblemLoader Init config took 2.43s 
45417      INFO  main            d.u.i.k.p.i.AbstractProblemLoader Replaying proof ArrayList[List::get(int)].JML normal_behavior operation contract.0 
45419      DEBUG main            d.u.i.k.p.i.IntermediateProofReplayer Proof replay took 6.3ns 
45722      INFO  main            d.u.i.k.p.r.p.TestFile    ... finished proof: closed. 
45866      INFO  main            d.u.i.k.p.i.AbstractProblemLoader Loading environment from /home/runner/work/key/key/key.core/../key.ui/examples/heap/list_ghost/ArrayList_get_normal.key.proof 
45866      DEBUG main            d.u.i.k.p.i.AbstractProblemLoader Environment load took 104.6ns 
45867      INFO  main            d.u.i.k.p.i.AbstractProblemLoader Creating init config 
48246      DEBUG main            d.u.i.k.p.i.AbstractProblemLoader Init config took 2.38s 
48313      INFO  main            d.u.i.k.p.i.AbstractProblemLoader Replaying proof ArrayList[List::get(int)].JML normal_behavior operation contract.0 
48370      DEBUG main            d.u.i.k.p.i.IntermediateProofReplayer Proof replay took 51.99ms 
48371      DEBUG main            d.u.i.k.p.r.p.TestFile    ... success: reloaded. 
48373      INFO  main            d.u.i.k.p.r.p.TestFile    Now processing file /home/runner/work/key/key/key.core/../key.ui/examples/heap/list_ghost/ArrayList_inv.key 
48374      INFO  main            d.u.i.k.p.i.AbstractProblemLoader Loading environment from /home/runner/work/key/key/key.core/../key.ui/examples/heap/list_ghost/ArrayList_inv.key 
48374      DEBUG main            d.u.i.k.p.i.AbstractProblemLoader Environment load took 83ns 
48375      INFO  main            d.u.i.k.p.i.AbstractProblemLoader Creating init config 
50797      DEBUG main            d.u.i.k.p.i.AbstractProblemLoader Init config took 2.42s 
50837      INFO  main            d.u.i.k.p.i.AbstractProblemLoader Replaying proof ArrayList[java.lang.Object::<inv>()].JML accessible clause.0 
50839      DEBUG main            d.u.i.k.p.i.IntermediateProofReplayer Proof replay took 6.8ns 
50943      INFO  main            d.u.i.k.p.r.p.TestFile    ... finished proof: closed. 
51098      INFO  main            d.u.i.k.p.i.AbstractProblemLoader Loading environment from /home/runner/work/key/key/key.core/../key.ui/examples/heap/list_ghost/ArrayList_inv.key.proof 
51098      DEBUG main            d.u.i.k.p.i.AbstractProblemLoader Environment load took 104.8ns 
51100      INFO  main            d.u.i.k.p.i.AbstractProblemLoader Creating init config 
53483      DEBUG main            d.u.i.k.p.i.AbstractProblemLoader Init config took 2.38s 
53522      INFO  main            d.u.i.k.p.i.AbstractProblemLoader Replaying proof ArrayList[java.lang.Object::<inv>()].JML accessible clause.0 
53533      DEBUG main            d.u.i.k.p.i.IntermediateProofReplayer Proof replay took 8.87ms 
53534      DEBUG main            d.u.i.k.p.r.p.TestFile    ... success: reloaded. 
53536      INFO  main            d.u.i.k.p.r.p.TestFile    Now processing file /home/runner/work/key/key/key.core/../key.ui/examples/heap/list_ghost/ArrayList_size_dep.key 
53537      INFO  main            d.u.i.k.p.i.AbstractProblemLoader Loading environment from /home/runner/work/key/key/key.core/../key.ui/examples/heap/list_ghost/ArrayList_size_dep.key 
53537      DEBUG main            d.u.i.k.p.i.AbstractProblemLoader Environment load took 80.7ns 
53537      INFO  main            d.u.i.k.p.i.AbstractProblemLoader Creating init config 
55949      DEBUG main            d.u.i.k.p.i.AbstractProblemLoader Init config took 2.41s 
55989      INFO  main            d.u.i.k.p.i.AbstractProblemLoader Replaying proof ArrayList[List::size()].JML accessible clause.0 
55991      DEBUG main            d.u.i.k.p.i.IntermediateProofReplayer Proof replay took 6.5ns 
56095      INFO  main            d.u.i.k.p.r.p.TestFile    ... finished proof: closed. 
56251      INFO  main            d.u.i.k.p.i.AbstractProblemLoader Loading environment from /home/runner/work/key/key/key.core/../key.ui/examples/heap/list_ghost/ArrayList_size_dep.key.proof 
56251      DEBUG main            d.u.i.k.p.i.AbstractProblemLoader Environment load took 108.5ns 
56252      INFO  main            d.u.i.k.p.i.AbstractProblemLoader Creating init config 
58616      DEBUG main            d.u.i.k.p.i.AbstractProblemLoader Init config took 2.36s 
58665      INFO  main            d.u.i.k.p.i.AbstractProblemLoader Replaying proof ArrayList[List::size()].JML accessible clause.0 
58678      DEBUG main            d.u.i.k.p.i.IntermediateProofReplayer Proof replay took 11.32ms 
58679      DEBUG main            d.u.i.k.p.r.p.TestFile    ... success: reloaded. 
58681      INFO  main            d.u.i.k.p.r.p.TestFile    Now processing file /home/runner/work/key/key/key.core/../key.ui/examples/heap/list_ghost/ArrayList_size.key 
58682      INFO  main            d.u.i.k.p.i.AbstractProblemLoader Loading environment from /home/runner/work/key/key/key.core/../key.ui/examples/heap/list_ghost/ArrayList_size.key 
58682      DEBUG main            d.u.i.k.p.i.AbstractProblemLoader Environment load took 92.4ns 
58682      INFO  main            d.u.i.k.p.i.AbstractProblemLoader Creating init config 
61067      DEBUG main            d.u.i.k.p.i.AbstractProblemLoader Init config took 2.38s 
61105      INFO  main            d.u.i.k.p.i.AbstractProblemLoader Replaying proof ArrayList[List::size()].JML normal_behavior operation contract.0 
61107      DEBUG main            d.u.i.k.p.i.IntermediateProofReplayer Proof replay took 6ns 
61209      INFO  main            d.u.i.k.p.r.p.TestFile    ... finished proof: closed. 
61377      INFO  main            d.u.i.k.p.i.AbstractProblemLoader Loading environment from /home/runner/work/key/key/key.core/../key.ui/examples/heap/list_ghost/ArrayList_size.key.proof 
61377      DEBUG main            d.u.i.k.p.i.AbstractProblemLoader Environment load took 147.6ns 
61379      INFO  main            d.u.i.k.p.i.AbstractProblemLoader Creating init config 
63716      DEBUG main            d.u.i.k.p.i.AbstractProblemLoader Init config took 2.34s 
63753      INFO  main            d.u.i.k.p.i.AbstractProblemLoader Replaying proof ArrayList[List::size()].JML normal_behavior operation contract.0 
63767      DEBUG main            d.u.i.k.p.i.IntermediateProofReplayer Proof replay took 12.02ms 
63769      DEBUG main            d.u.i.k.p.r.p.TestFile    ... success: reloaded. 
1146046    INFO  Test worker     d.u.i.k.p.r.RunAllProofsTestUnit Running test list_recursive 
382        INFO  Timeout watchdog d.u.i.k.p.r.p.ForkedTestFileRunner Timeout watcher launched (2000 secs.) 
408        WARN  main            d.u.i.k.s.ProofSettings   The settings in /home/runner/.key/proof-settings.props are *not* read. 
462        INFO  main            d.u.i.k.p.r.p.TestFile    Now processing file /home/runner/work/key/key/key.core/../key.ui/examples/heap/list_recursiveSpec/ListOperationsNonNull_getNextNN_normal_behavior.key 
568        INFO  main            d.u.i.k.p.i.AbstractProblemLoader Loading environment from /home/runner/work/key/key/key.core/../key.ui/examples/heap/list_recursiveSpec/ListOperationsNonNull_getNextNN_normal_behavior.key 
583        DEBUG main            d.u.i.k.p.i.AbstractProblemLoader Environment load took 1.65ms 
800        INFO  main            d.u.i.k.p.i.AbstractProblemLoader Creating init config 
1667       DEBUG main            d.u.i.k.j.TypeConverter   No LDT found for Meta 
1668       DEBUG main            d.u.i.k.j.TypeConverter   No LDT found for Meta 
1672       DEBUG main            d.u.i.k.j.TypeConverter   No LDT found for Meta 
1672       DEBUG main            d.u.i.k.j.TypeConverter   No LDT found for Meta 
2867       DEBUG main            d.u.i.k.j.TypeConverter   No LDT found for JavaBigintExpression 
8036       DEBUG main            d.u.i.k.p.i.AbstractProblemLoader Init config took 7.24s 
8169       INFO  main            d.u.i.k.p.i.AbstractProblemLoader Replaying proof ListOperationsNonNull[ListOperationsNonNull::getNextNN(ListNN,int)].JML normal_behavior operation contract.0 
8222       DEBUG main            d.u.i.k.p.i.IntermediateProofReplayer Proof replay took 35.4ns 
9460       INFO  main            d.u.i.k.p.r.p.TestFile    ... finished proof: closed. 
9622       INFO  main            d.u.i.k.p.i.AbstractProblemLoader Loading environment from /home/runner/work/key/key/key.core/../key.ui/examples/heap/list_recursiveSpec/ListOperationsNonNull_getNextNN_normal_behavior.key.proof 
9622       DEBUG main            d.u.i.k.p.i.AbstractProblemLoader Environment load took 473.4ns 
9625       INFO  main            d.u.i.k.p.i.AbstractProblemLoader Creating init config 
12506      DEBUG main            d.u.i.k.p.i.AbstractProblemLoader Init config took 2.88s 
12612      INFO  main            d.u.i.k.p.i.AbstractProblemLoader Replaying proof ListOperationsNonNull[ListOperationsNonNull::getNextNN(ListNN,int)].JML normal_behavior operation contract.0 
12826      DEBUG main            d.u.i.k.p.i.IntermediateProofReplayer Proof replay took 195.06ms 
12837      DEBUG main            d.u.i.k.p.r.p.TestFile    ... success: reloaded. 
12841      INFO  main            d.u.i.k.p.r.p.TestFile    Now processing file /home/runner/work/key/key/key.core/../key.ui/examples/heap/list_recursiveSpec/ListOperationsNonNull_setValueAt_normal_behavior.key 
12842      INFO  main            d.u.i.k.p.i.AbstractProblemLoader Loading environment from /home/runner/work/key/key/key.core/../key.ui/examples/heap/list_recursiveSpec/ListOperationsNonNull_setValueAt_normal_behavior.key 
12842      DEBUG main            d.u.i.k.p.i.AbstractProblemLoader Environment load took 206.5ns 
12846      INFO  main            d.u.i.k.p.i.AbstractProblemLoader Creating init config 
15738      DEBUG main            d.u.i.k.p.i.AbstractProblemLoader Init config took 2.89s 
15803      INFO  main            d.u.i.k.p.i.AbstractProblemLoader Replaying proof ListOperationsNonNull[ListOperationsNonNull::setValueAt_NN(ListNN,int,int)].JML normal_behavior operation contract.0 
15805      DEBUG main            d.u.i.k.p.i.IntermediateProofReplayer Proof replay took 5.6ns 
15829      DEBUG main            d.u.i.k.m.s.ProofScriptEngine 1: 'macro autopilot' 
18046      DEBUG main            d.u.i.k.m.s.ProofScriptEngine 2: 'macro simp-upd' 
18052      DEBUG main            d.u.i.k.m.s.ProofScriptEngine 3: 'rule observerDependencyEQ' 
18067      DEBUG main            d.u.i.k.m.s.ProofScriptEngine 4: 'tryclose' 
18094      INFO  main            d.u.i.k.p.r.p.TestFile    ... finished proof: closed. 
18243      INFO  main            d.u.i.k.p.i.AbstractProblemLoader Loading environment from /home/runner/work/key/key/key.core/../key.ui/examples/heap/list_recursiveSpec/ListOperationsNonNull_setValueAt_normal_behavior.key.proof 
18243      DEBUG main            d.u.i.k.p.i.AbstractProblemLoader Environment load took 553.6ns 
18245      INFO  main            d.u.i.k.p.i.AbstractProblemLoader Creating init config 
20970      DEBUG main            d.u.i.k.p.i.AbstractProblemLoader Init config took 2.72s 
21027      INFO  main            d.u.i.k.p.i.AbstractProblemLoader Replaying proof ListOperationsNonNull[ListOperationsNonNull::setValueAt_NN(ListNN,int,int)].JML normal_behavior operation contract.0 
21143      DEBUG main            d.u.i.k.p.i.IntermediateProofReplayer Proof replay took 110.73ms 
21144      DEBUG main            d.u.i.k.p.r.p.TestFile    ... success: reloaded. 
1167430    INFO  Test worker     d.u.i.k.p.r.RunAllProofsTestUnit Returning from test list_recursive 
1167432    INFO  Test worker     d.u.i.k.p.r.RunAllProofsTestUnit Running test list_seq 
373        INFO  Timeout watchdog d.u.i.k.p.r.p.ForkedTestFileRunner Timeout watcher launched (2000 secs.) 
379        WARN  main            d.u.i.k.s.ProofSettings   The settings in /home/runner/.key/proof-settings.props are *not* read. 
432        INFO  main            d.u.i.k.p.r.p.TestFile    Now processing file /home/runner/work/key/key/key.core/../key.ui/examples/heap/list_seq/SimplifiedLinkedList.remove.key 
559        INFO  main            d.u.i.k.p.i.AbstractProblemLoader Loading environment from /home/runner/work/key/key/key.core/../key.ui/examples/heap/list_seq/SimplifiedLinkedList.remove.key 
575        DEBUG main            d.u.i.k.p.i.AbstractProblemLoader Environment load took 2.14ms 
789        INFO  main            d.u.i.k.p.i.AbstractProblemLoader Creating init config 
1704       DEBUG main            d.u.i.k.j.TypeConverter   No LDT found for Meta 
1704       DEBUG main            d.u.i.k.j.TypeConverter   No LDT found for Meta 
1707       DEBUG main            d.u.i.k.j.TypeConverter   No LDT found for Meta 
1708       DEBUG main            d.u.i.k.j.TypeConverter   No LDT found for Meta 
3166       DEBUG main            d.u.i.k.j.TypeConverter   No LDT found for JavaBigintExpression 
8558       DEBUG main            d.u.i.k.p.i.AbstractProblemLoader Init config took 7.77s 
8837       INFO  main            d.u.i.k.p.i.AbstractProblemLoader Replaying proof SimplifiedLinkedList[SimplifiedLinkedList::remove(int)].JML normal_behavior operation contract.0 
8921       DEBUG main            d.u.i.k.p.i.IntermediateProofReplayer Proof replay took 34.9ns 
91748      INFO  main            d.u.i.k.p.r.p.TestFile    ... finished proof: closed. 
92109      INFO  main            d.u.i.k.p.i.AbstractProblemLoader Loading environment from /home/runner/work/key/key/key.core/../key.ui/examples/heap/list_seq/SimplifiedLinkedList.remove.key.proof 
92109      DEBUG main            d.u.i.k.p.i.AbstractProblemLoader Environment load took 243.2ns 
92121      INFO  main            d.u.i.k.p.i.AbstractProblemLoader Creating init config 
95127      DEBUG main            d.u.i.k.p.i.AbstractProblemLoader Init config took 3.01s 
95225      INFO  main            d.u.i.k.p.i.AbstractProblemLoader Replaying proof SimplifiedLinkedList[SimplifiedLinkedList::remove(int)].JML normal_behavior operation contract.0 
99275      DEBUG main            d.u.i.k.p.i.IntermediateProofReplayer Proof replay took 3.78s 
99291      DEBUG main            d.u.i.k.p.r.p.TestFile    ... success: reloaded. 
99295      INFO  main            d.u.i.k.p.r.p.TestFile    Now processing file /home/runner/work/key/key/key.core/../key.ui/examples/heap/list_seq/ArrayList.ArrayList.key 
99295      INFO  main            d.u.i.k.p.i.AbstractProblemLoader Loading environment from /home/runner/work/key/key/key.core/../key.ui/examples/heap/list_seq/ArrayList.ArrayList.key 
99296      DEBUG main            d.u.i.k.p.i.AbstractProblemLoader Environment load took 193.8ns 
99297      INFO  main            d.u.i.k.p.i.AbstractProblemLoader Creating init config 
102171     DEBUG main            d.u.i.k.p.i.AbstractProblemLoader Init config took 2.87s 
102263     INFO  main            d.u.i.k.p.i.AbstractProblemLoader Replaying proof ArrayList[ArrayList::ArrayList()].JML normal_behavior operation contract.0 
102265     DEBUG main            d.u.i.k.p.i.IntermediateProofReplayer Proof replay took 5.5ns 
103075     INFO  main            d.u.i.k.p.r.p.TestFile    ... finished proof: closed. 
103234     INFO  main            d.u.i.k.p.i.AbstractProblemLoader Loading environment from /home/runner/work/key/key/key.core/../key.ui/examples/heap/list_seq/ArrayList.ArrayList.key.proof 
103234     DEBUG main            d.u.i.k.p.i.AbstractProblemLoader Environment load took 411.6ns 
103236     INFO  main            d.u.i.k.p.i.AbstractProblemLoader Creating init config 
106051     DEBUG main            d.u.i.k.p.i.AbstractProblemLoader Init config took 2.82s 
106133     INFO  main            d.u.i.k.p.i.AbstractProblemLoader Replaying proof ArrayList[ArrayList::ArrayList()].JML normal_behavior operation contract.0 
106258     DEBUG main            d.u.i.k.p.i.IntermediateProofReplayer Proof replay took 120.84ms 
106260     DEBUG main            d.u.i.k.p.r.p.TestFile    ... success: reloaded. 
106262     INFO  main            d.u.i.k.p.r.p.TestFile    Now processing file /home/runner/work/key/key/key.core/../key.ui/examples/heap/list_seq/ArrayList.add.key 
106262     INFO  main            d.u.i.k.p.i.AbstractProblemLoader Loading environment from /home/runner/work/key/key/key.core/../key.ui/examples/heap/list_seq/ArrayList.add.key 
106263     DEBUG main            d.u.i.k.p.i.AbstractProblemLoader Environment load took 219.5ns 
106264     INFO  main            d.u.i.k.p.i.AbstractProblemLoader Creating init config 
109128     DEBUG main            d.u.i.k.p.i.AbstractProblemLoader Init config took 2.86s 
109212     INFO  main            d.u.i.k.p.i.AbstractProblemLoader Replaying proof ArrayList[List::add(java.lang.Object)].JML normal_behavior operation contract.0 
109213     DEBUG main            d.u.i.k.p.i.IntermediateProofReplayer Proof replay took 4.2ns 
112391     INFO  main            d.u.i.k.p.r.p.TestFile    ... finished proof: closed. 
112549     INFO  main            d.u.i.k.p.i.AbstractProblemLoader Loading environment from /home/runner/work/key/key/key.core/../key.ui/examples/heap/list_seq/ArrayList.add.key.proof 
112549     DEBUG main            d.u.i.k.p.i.AbstractProblemLoader Environment load took 118.2ns 
112551     INFO  main            d.u.i.k.p.i.AbstractProblemLoader Creating init config 
115337     DEBUG main            d.u.i.k.p.i.AbstractProblemLoader Init config took 2.79s 
115416     INFO  main            d.u.i.k.p.i.AbstractProblemLoader Replaying proof ArrayList[List::add(java.lang.Object)].JML normal_behavior operation contract.0 
115853     DEBUG main            d.u.i.k.p.i.IntermediateProofReplayer Proof replay took 423.69ms 
115855     DEBUG main            d.u.i.k.p.r.p.TestFile    ... success: reloaded. 
115857     INFO  main            d.u.i.k.p.r.p.TestFile    Now processing file /home/runner/work/key/key/key.core/../key.ui/examples/heap/list_seq/ArrayList.contains.key 
115857     INFO  main            d.u.i.k.p.i.AbstractProblemLoader Loading environment from /home/runner/work/key/key/key.core/../key.ui/examples/heap/list_seq/ArrayList.contains.key 
115858     DEBUG main            d.u.i.k.p.i.AbstractProblemLoader Environment load took 197ns 
115859     INFO  main            d.u.i.k.p.i.AbstractProblemLoader Creating init config 
118663     DEBUG main            d.u.i.k.p.i.AbstractProblemLoader Init config took 2.8s 
118742     INFO  main            d.u.i.k.p.i.AbstractProblemLoader Replaying proof ArrayList[List::contains(java.lang.Object)].JML normal_behavior operation contract.0 
118744     DEBUG main            d.u.i.k.p.i.IntermediateProofReplayer Proof replay took 5ns 
120149     INFO  main            d.u.i.k.p.r.p.TestFile    ... finished proof: closed. 
120334     INFO  main            d.u.i.k.p.i.AbstractProblemLoader Loading environment from /home/runner/work/key/key/key.core/../key.ui/examples/heap/list_seq/ArrayList.contains.key.proof 
120334     DEBUG main            d.u.i.k.p.i.AbstractProblemLoader Environment load took 397.2ns 
120340     INFO  main            d.u.i.k.p.i.AbstractProblemLoader Creating init config 
123080     DEBUG main            d.u.i.k.p.i.AbstractProblemLoader Init config took 2.74s 
123164     INFO  main            d.u.i.k.p.i.AbstractProblemLoader Replaying proof ArrayList[List::contains(java.lang.Object)].JML normal_behavior operation contract.0 
123385     DEBUG main            d.u.i.k.p.i.IntermediateProofReplayer Proof replay took 214.99ms 
123387     DEBUG main            d.u.i.k.p.r.p.TestFile    ... success: reloaded. 
123389     INFO  main            d.u.i.k.p.r.p.TestFile    Now processing file /home/runner/work/key/key/key.core/../key.ui/examples/heap/list_seq/ArrayList.enlarge.key 
123389     INFO  main            d.u.i.k.p.i.AbstractProblemLoader Loading environment from /home/runner/work/key/key/key.core/../key.ui/examples/heap/list_seq/ArrayList.enlarge.key 
123390     DEBUG main            d.u.i.k.p.i.AbstractProblemLoader Environment load took 219.4ns 
123391     INFO  main            d.u.i.k.p.i.AbstractProblemLoader Creating init config 
126218     DEBUG main            d.u.i.k.p.i.AbstractProblemLoader Init config took 2.83s 
126295     INFO  main            d.u.i.k.p.i.AbstractProblemLoader Replaying proof ArrayList[ArrayList::enlarge()].JML normal_behavior operation contract.0 
126296     DEBUG main            d.u.i.k.p.i.IntermediateProofReplayer Proof replay took 4.8ns 
128203     INFO  main            d.u.i.k.p.r.p.TestFile    ... finished proof: closed. 
128387     INFO  main            d.u.i.k.p.i.AbstractProblemLoader Loading environment from /home/runner/work/key/key/key.core/../key.ui/examples/heap/list_seq/ArrayList.enlarge.key.proof 
128392     DEBUG main            d.u.i.k.p.i.AbstractProblemLoader Environment load took 4.92ms 
128393     INFO  main            d.u.i.k.p.i.AbstractProblemLoader Creating init config 
131168     DEBUG main            d.u.i.k.p.i.AbstractProblemLoader Init config took 2.78s 
131258     INFO  main            d.u.i.k.p.i.AbstractProblemLoader Replaying proof ArrayList[ArrayList::enlarge()].JML normal_behavior operation contract.0 
131588     DEBUG main            d.u.i.k.p.i.IntermediateProofReplayer Proof replay took 322.19ms 
131590     DEBUG main            d.u.i.k.p.r.p.TestFile    ... success: reloaded. 
131592     INFO  main            d.u.i.k.p.r.p.TestFile    Now processing file /home/runner/work/key/key/key.core/../key.ui/examples/heap/list_seq/ArrayList.get.key 
131592     INFO  main            d.u.i.k.p.i.AbstractProblemLoader Loading environment from /home/runner/work/key/key/key.core/../key.ui/examples/heap/list_seq/ArrayList.get.key 
131592     DEBUG main            d.u.i.k.p.i.AbstractProblemLoader Environment load took 208.8ns 
131593     INFO  main            d.u.i.k.p.i.AbstractProblemLoader Creating init config 
134409     DEBUG main            d.u.i.k.p.i.AbstractProblemLoader Init config took 2.82s 
134484     INFO  main            d.u.i.k.p.i.AbstractProblemLoader Replaying proof ArrayList[List::get(int)].JML normal_behavior operation contract.0 
134485     DEBUG main            d.u.i.k.p.i.IntermediateProofReplayer Proof replay took 5ns 
134989     INFO  main            d.u.i.k.p.r.p.TestFile    ... finished proof: closed. 
135173     INFO  main            d.u.i.k.p.i.AbstractProblemLoader Loading environment from /home/runner/work/key/key/key.core/../key.ui/examples/heap/list_seq/ArrayList.get.key.proof 
135173     DEBUG main            d.u.i.k.p.i.AbstractProblemLoader Environment load took 113.3ns 
135174     INFO  main            d.u.i.k.p.i.AbstractProblemLoader Creating init config 
137899     DEBUG main            d.u.i.k.p.i.AbstractProblemLoader Init config took 2.72s 
137983     INFO  main            d.u.i.k.p.i.AbstractProblemLoader Replaying proof ArrayList[List::get(int)].JML normal_behavior operation contract.0 
138043     DEBUG main            d.u.i.k.p.i.IntermediateProofReplayer Proof replay took 56.13ms 
138044     DEBUG main            d.u.i.k.p.r.p.TestFile    ... success: reloaded. 
138046     INFO  main            d.u.i.k.p.r.p.TestFile    Now processing file /home/runner/work/key/key/key.core/../key.ui/examples/heap/list_seq/ArrayList.newArray.key 
138046     INFO  main            d.u.i.k.p.i.AbstractProblemLoader Loading environment from /home/runner/work/key/key/key.core/../key.ui/examples/heap/list_seq/ArrayList.newArray.key 
138046     DEBUG main            d.u.i.k.p.i.AbstractProblemLoader Environment load took 59.9ns 
138047     INFO  main            d.u.i.k.p.i.AbstractProblemLoader Creating init config 
140795     DEBUG main            d.u.i.k.p.i.AbstractProblemLoader Init config took 2.75s 
140889     INFO  main            d.u.i.k.p.i.AbstractProblemLoader Replaying proof ArrayList[ArrayList::newArray(int)].JML normal_behavior operation contract.0 
140890     DEBUG main            d.u.i.k.p.i.IntermediateProofReplayer Proof replay took 5.3ns 
141193     INFO  main            d.u.i.k.p.r.p.TestFile    ... finished proof: closed. 
141362     INFO  main            d.u.i.k.p.i.AbstractProblemLoader Loading environment from /home/runner/work/key/key/key.core/../key.ui/examples/heap/list_seq/ArrayList.newArray.key.proof 
141363     DEBUG main            d.u.i.k.p.i.AbstractProblemLoader Environment load took 109ns 
141364     INFO  main            d.u.i.k.p.i.AbstractProblemLoader Creating init config 
144064     DEBUG main            d.u.i.k.p.i.AbstractProblemLoader Init config took 2.7s 
144145     INFO  main            d.u.i.k.p.i.AbstractProblemLoader Replaying proof ArrayList[ArrayList::newArray(int)].JML normal_behavior operation contract.0 
144193     DEBUG main            d.u.i.k.p.i.IntermediateProofReplayer Proof replay took 45.35ms 
144195     DEBUG main            d.u.i.k.p.r.p.TestFile    ... success: reloaded. 
144196     INFO  main            d.u.i.k.p.r.p.TestFile    Now processing file /home/runner/work/key/key/key.core/../key.ui/examples/heap/list_seq/ArrayList.remove.0.key 
144196     INFO  main            d.u.i.k.p.i.AbstractProblemLoader Loading environment from /home/runner/work/key/key/key.core/../key.ui/examples/heap/list_seq/ArrayList.remove.0.key 
144197     DEBUG main            d.u.i.k.p.i.AbstractProblemLoader Environment load took 81.8ns 
144197     INFO  main            d.u.i.k.p.i.AbstractProblemLoader Creating init config 
146928     DEBUG main            d.u.i.k.p.i.AbstractProblemLoader Init config took 2.73s 
146999     INFO  main            d.u.i.k.p.i.AbstractProblemLoader Replaying proof ArrayList[List::remove(java.lang.Object)].JML normal_behavior operation contract.0 
147000     DEBUG main            d.u.i.k.p.i.IntermediateProofReplayer Proof replay took 6.1ns 
148808     INFO  main            d.u.i.k.p.r.p.TestFile    ... finished proof: closed. 
149027     INFO  main            d.u.i.k.p.i.AbstractProblemLoader Loading environment from /home/runner/work/key/key/key.core/../key.ui/examples/heap/list_seq/ArrayList.remove.0.key.proof 
149028     DEBUG main            d.u.i.k.p.i.AbstractProblemLoader Environment load took 397.2ns 
149031     INFO  main            d.u.i.k.p.i.AbstractProblemLoader Creating init config 
151732     DEBUG main            d.u.i.k.p.i.AbstractProblemLoader Init config took 2.7s 
151811     INFO  main            d.u.i.k.p.i.AbstractProblemLoader Replaying proof ArrayList[List::remove(java.lang.Object)].JML normal_behavior operation contract.0 
152281     DEBUG main            d.u.i.k.p.i.IntermediateProofReplayer Proof replay took 462.75ms 
152283     DEBUG main            d.u.i.k.p.r.p.TestFile    ... success: reloaded. 
152284     INFO  main            d.u.i.k.p.r.p.TestFile    Now processing file /home/runner/work/key/key/key.core/../key.ui/examples/heap/list_seq/ArrayList.remove.1.key 
152285     INFO  main            d.u.i.k.p.i.AbstractProblemLoader Loading environment from /home/runner/work/key/key/key.core/../key.ui/examples/heap/list_seq/ArrayList.remove.1.key 
152285     DEBUG main            d.u.i.k.p.i.AbstractProblemLoader Environment load took 81ns 
152286     INFO  main            d.u.i.k.p.i.AbstractProblemLoader Creating init config 
155048     DEBUG main            d.u.i.k.p.i.AbstractProblemLoader Init config took 2.76s 
155119     INFO  main            d.u.i.k.p.i.AbstractProblemLoader Replaying proof ArrayList[List::remove(java.lang.Object)].JML normal_behavior operation contract.1 
155121     DEBUG main            d.u.i.k.p.i.IntermediateProofReplayer Proof replay took 5.3ns 
165809     INFO  main            d.u.i.k.p.r.p.TestFile    ... finished proof: closed. 
166055     INFO  main            d.u.i.k.p.i.AbstractProblemLoader Loading environment from /home/runner/work/key/key/key.core/../key.ui/examples/heap/list_seq/ArrayList.remove.1.key.proof 
166055     DEBUG main            d.u.i.k.p.i.AbstractProblemLoader Environment load took 434.3ns 
166058     INFO  main            d.u.i.k.p.i.AbstractProblemLoader Creating init config 
168737     DEBUG main            d.u.i.k.p.i.AbstractProblemLoader Init config took 2.68s 
168819     INFO  main            d.u.i.k.p.i.AbstractProblemLoader Replaying proof ArrayList[List::remove(java.lang.Object)].JML normal_behavior operation contract.1 
168919     DEBUG main            d.u.i.k.p.i.IntermediateProofReplayer Proof replay took 57.04ms 
168926     WARN  main            d.u.i.k.p.r.p.TestFile    Replay exception de.uka.ilkd.key.proof.io.ProblemLoaderException: Error loading proof.
Line 268, goal 178, rule arrayLengthIsAnInt not available or not applicable in this context.
	at de.uka.ilkd.key.proof.io.IntermediateProofReplayer.reportError(IntermediateProofReplayer.java:782)
Caused by: de.uka.ilkd.key.proof.io.IntermediateProofReplayer$TacletAppConstructionException: Unknown taclet with name "arrayLengthIsAnInt"
	at de.uka.ilkd.key.proof.io.IntermediateProofReplayer.constructTacletApp(IntermediateProofReplayer.java:432)

168930     DEBUG main            d.u.i.k.p.r.p.TestFile    Exception java.lang.Exception: Exception while loading proof (see cause for details): /home/runner/work/key/key/key.core/../key.ui/examples/heap/list_seq/ArrayList.remove.1.key.proof
	at de.uka.ilkd.key.proof.runallproofs.proofcollection.TestFile.reloadProof(TestFile.java:314)
Caused by: de.uka.ilkd.key.proof.io.ProblemLoaderException: Error loading proof.
Line 268, goal 178, rule arrayLengthIsAnInt not available or not applicable in this context.
	at de.uka.ilkd.key.proof.io.IntermediateProofReplayer.reportError(IntermediateProofReplayer.java:782)
Caused by: de.uka.ilkd.key.proof.io.IntermediateProofReplayer$TacletAppConstructionException: Unknown taclet with name "arrayLengthIsAnInt"
	at de.uka.ilkd.key.proof.io.IntermediateProofReplayer.constructTacletApp(IntermediateProofReplayer.java:432)

168931     WARN  main            d.u.i.k.p.r.p.ForkedTestFileRunner Run failed java.lang.Exception: Exception while loading proof (see cause for details): /home/runner/work/key/key/key.core/../key.ui/examples/heap/list_seq/ArrayList.remove.1.key.proof
	at de.uka.ilkd.key.proof.runallproofs.proofcollection.TestFile.reloadProof(TestFile.java:314)
Caused by: de.uka.ilkd.key.proof.io.ProblemLoaderException: Error loading proof.
Line 268, goal 178, rule arrayLengthIsAnInt not available or not applicable in this context.
	at de.uka.ilkd.key.proof.io.IntermediateProofReplayer.reportError(IntermediateProofReplayer.java:782)
Caused by: de.uka.ilkd.key.proof.io.IntermediateProofReplayer$TacletAppConstructionException: Unknown taclet with name "arrayLengthIsAnInt"
	at de.uka.ilkd.key.proof.io.IntermediateProofReplayer.constructTacletApp(IntermediateProofReplayer.java:432)

1336547    INFO  Test worker     d.u.i.k.p.r.RunAllProofsTestUnit Running test observer 
358        INFO  Timeout watchdog d.u.i.k.p.r.p.ForkedTestFileRunner Timeout watcher launched (2000 secs.) 
365        WARN  main            d.u.i.k.s.ProofSettings   The settings in /home/runner/.key/proof-settings.props are *not* read. 
396        INFO  main            d.u.i.k.p.r.p.TestFile    Now processing file /home/runner/work/key/key/key.core/../key.ui/examples/heap/observer/ExampleObserver_ExampleObserver.key 
490        INFO  main            d.u.i.k.p.i.AbstractProblemLoader Loading environment from /home/runner/work/key/key/key.core/../key.ui/examples/heap/observer/ExampleObserver_ExampleObserver.key 
511        DEBUG main            d.u.i.k.p.i.AbstractProblemLoader Environment load took 2.06ms 
743        INFO  main            d.u.i.k.p.i.AbstractProblemLoader Creating init config 
1578       DEBUG main            d.u.i.k.j.TypeConverter   No LDT found for Meta 
1579       DEBUG main            d.u.i.k.j.TypeConverter   No LDT found for Meta 
1580       DEBUG main            d.u.i.k.j.TypeConverter   No LDT found for Meta 
1580       DEBUG main            d.u.i.k.j.TypeConverter   No LDT found for Meta 
2840       DEBUG main            d.u.i.k.j.TypeConverter   No LDT found for JavaBigintExpression 
8322       DEBUG main            d.u.i.k.p.i.AbstractProblemLoader Init config took 7.58s 
8513       INFO  main            d.u.i.k.p.i.AbstractProblemLoader Replaying proof ExampleObserver[ExampleObserver::ExampleObserver(ExampleSubject)].JML normal_behavior operation contract.0 
8587       DEBUG main            d.u.i.k.p.i.IntermediateProofReplayer Proof replay took 35.5ns 
9434       INFO  main            d.u.i.k.p.r.p.TestFile    ... finished proof: closed. 
9544       INFO  main            d.u.i.k.p.i.AbstractProblemLoader Loading environment from /home/runner/work/key/key/key.core/../key.ui/examples/heap/observer/ExampleObserver_ExampleObserver.key.proof 
9544       DEBUG main            d.u.i.k.p.i.AbstractProblemLoader Environment load took 421.2ns 
9547       INFO  main            d.u.i.k.p.i.AbstractProblemLoader Creating init config 
12628      DEBUG main            d.u.i.k.p.i.AbstractProblemLoader Init config took 3.08s 
12721      INFO  main            d.u.i.k.p.i.AbstractProblemLoader Replaying proof ExampleObserver[ExampleObserver::ExampleObserver(ExampleSubject)].JML normal_behavior operation contract.0 
12900      DEBUG main            d.u.i.k.p.i.IntermediateProofReplayer Proof replay took 171.59ms 
12907      DEBUG main            d.u.i.k.p.r.p.TestFile    ... success: reloaded. 
12910      INFO  main            d.u.i.k.p.r.p.TestFile    Now processing file /home/runner/work/key/key/key.core/../key.ui/examples/heap/observer/ExampleObserver_inv.key 
12911      INFO  main            d.u.i.k.p.i.AbstractProblemLoader Loading environment from /home/runner/work/key/key/key.core/../key.ui/examples/heap/observer/ExampleObserver_inv.key 
12911      DEBUG main            d.u.i.k.p.i.AbstractProblemLoader Environment load took 212.1ns 
12912      INFO  main            d.u.i.k.p.i.AbstractProblemLoader Creating init config 
15787      DEBUG main            d.u.i.k.p.i.AbstractProblemLoader Init config took 2.87s 
15851      INFO  main            d.u.i.k.p.i.AbstractProblemLoader Replaying proof ExampleObserver[java.lang.Object::<inv>()].JML accessible clause.0 
15854      DEBUG main            d.u.i.k.p.i.IntermediateProofReplayer Proof replay took 5.4ns 
15956      INFO  main            d.u.i.k.p.r.p.TestFile    ... finished proof: closed. 
16088      INFO  main            d.u.i.k.p.i.AbstractProblemLoader Loading environment from /home/runner/work/key/key/key.core/../key.ui/examples/heap/observer/ExampleObserver_inv.key.proof 
16088      DEBUG main            d.u.i.k.p.i.AbstractProblemLoader Environment load took 125.2ns 
16090      INFO  main            d.u.i.k.p.i.AbstractProblemLoader Creating init config 
18931      DEBUG main            d.u.i.k.p.i.AbstractProblemLoader Init config took 2.84s 
18985      INFO  main            d.u.i.k.p.i.AbstractProblemLoader Replaying proof ExampleObserver[java.lang.Object::<inv>()].JML accessible clause.0 
19001      DEBUG main            d.u.i.k.p.i.IntermediateProofReplayer Proof replay took 13.51ms 
19002      DEBUG main            d.u.i.k.p.r.p.TestFile    ... success: reloaded. 
19005      INFO  main            d.u.i.k.p.r.p.TestFile    Now processing file /home/runner/work/key/key/key.core/../key.ui/examples/heap/observer/ExampleObserver_subject.key 
19006      INFO  main            d.u.i.k.p.i.AbstractProblemLoader Loading environment from /home/runner/work/key/key/key.core/../key.ui/examples/heap/observer/ExampleObserver_subject.key 
19006      DEBUG main            d.u.i.k.p.i.AbstractProblemLoader Environment load took 204.7ns 
19007      INFO  main            d.u.i.k.p.i.AbstractProblemLoader Creating init config 
21903      DEBUG main            d.u.i.k.p.i.AbstractProblemLoader Init config took 2.9s 
21960      INFO  main            d.u.i.k.p.i.AbstractProblemLoader Replaying proof Observer[Observer::$subject()].JML accessible clause.0 
21963      DEBUG main            d.u.i.k.p.i.IntermediateProofReplayer Proof replay took 6.2ns 
22067      INFO  main            d.u.i.k.p.r.p.TestFile    ... finished proof: closed. 
22227      INFO  main            d.u.i.k.p.i.AbstractProblemLoader Loading environment from /home/runner/work/key/key/key.core/../key.ui/examples/heap/observer/ExampleObserver_subject.key.proof 
22228      DEBUG main            d.u.i.k.p.i.AbstractProblemLoader Environment load took 107.2ns 
22229      INFO  main            d.u.i.k.p.i.AbstractProblemLoader Creating init config 
25065      DEBUG main            d.u.i.k.p.i.AbstractProblemLoader Init config took 2.84s 
25120      INFO  main            d.u.i.k.p.i.AbstractProblemLoader Replaying proof Observer[Observer::$subject()].JML accessible clause.0 
25127      DEBUG main            d.u.i.k.p.i.IntermediateProofReplayer Proof replay took 2.14ms 
25129      DEBUG main            d.u.i.k.p.r.p.TestFile    ... success: reloaded. 
25133      INFO  main            d.u.i.k.p.r.p.TestFile    Now processing file /home/runner/work/key/key/key.core/../key.ui/examples/heap/observer/ExampleObserver_update.key 
25133      INFO  main            d.u.i.k.p.i.AbstractProblemLoader Loading environment from /home/runner/work/key/key/key.core/../key.ui/examples/heap/observer/ExampleObserver_update.key 
25133      DEBUG main            d.u.i.k.p.i.AbstractProblemLoader Environment load took 100ns 
25134      INFO  main            d.u.i.k.p.i.AbstractProblemLoader Creating init config 
28000      DEBUG main            d.u.i.k.p.i.AbstractProblemLoader Init config took 2.87s 
28049      INFO  main            d.u.i.k.p.i.AbstractProblemLoader Replaying proof ExampleObserver[Observer::update()].JML normal_behavior operation contract.0 
28051      DEBUG main            d.u.i.k.p.i.IntermediateProofReplayer Proof replay took 5.4ns 
28357      INFO  main            d.u.i.k.p.r.p.TestFile    ... finished proof: closed. 
28514      INFO  main            d.u.i.k.p.i.AbstractProblemLoader Loading environment from /home/runner/work/key/key/key.core/../key.ui/examples/heap/observer/ExampleObserver_update.key.proof 
28515      DEBUG main            d.u.i.k.p.i.AbstractProblemLoader Environment load took 835.6ns 
28519      INFO  main            d.u.i.k.p.i.AbstractProblemLoader Creating init config 
31329      DEBUG main            d.u.i.k.p.i.AbstractProblemLoader Init config took 2.81s 
31378      INFO  main            d.u.i.k.p.i.AbstractProblemLoader Replaying proof ExampleObserver[Observer::update()].JML normal_behavior operation contract.0 
31442      DEBUG main            d.u.i.k.p.i.IntermediateProofReplayer Proof replay took 60.05ms 
31443      DEBUG main            d.u.i.k.p.r.p.TestFile    ... success: reloaded. 
31445      INFO  main            d.u.i.k.p.r.p.TestFile    Now processing file /home/runner/work/key/key/key.core/../key.ui/examples/heap/observer/ExampleObserver_upToDate.key 
31446      INFO  main            d.u.i.k.p.i.AbstractProblemLoader Loading environment from /home/runner/work/key/key/key.core/../key.ui/examples/heap/observer/ExampleObserver_upToDate.key 
31446      DEBUG main            d.u.i.k.p.i.AbstractProblemLoader Environment load took 210.6ns 
31447      INFO  main            d.u.i.k.p.i.AbstractProblemLoader Creating init config 
34210      DEBUG main            d.u.i.k.p.i.AbstractProblemLoader Init config took 2.76s 
34258      INFO  main            d.u.i.k.p.i.AbstractProblemLoader Replaying proof ExampleObserver[Observer::$upToDate()].JML accessible clause.0 
34259      DEBUG main            d.u.i.k.p.i.IntermediateProofReplayer Proof replay took 5.1ns 
34364      INFO  main            d.u.i.k.p.r.p.TestFile    ... finished proof: closed. 
34524      INFO  main            d.u.i.k.p.i.AbstractProblemLoader Loading environment from /home/runner/work/key/key/key.core/../key.ui/examples/heap/observer/ExampleObserver_upToDate.key.proof 
34524      DEBUG main            d.u.i.k.p.i.AbstractProblemLoader Environment load took 102.8ns 
34525      INFO  main            d.u.i.k.p.i.AbstractProblemLoader Creating init config 
37294      DEBUG main            d.u.i.k.p.i.AbstractProblemLoader Init config took 2.77s 
37342      INFO  main            d.u.i.k.p.i.AbstractProblemLoader Replaying proof ExampleObserver[Observer::$upToDate()].JML accessible clause.0 
37362      DEBUG main            d.u.i.k.p.i.IntermediateProofReplayer Proof replay took 17.39ms 
37363      DEBUG main            d.u.i.k.p.r.p.TestFile    ... success: reloaded. 
37375      INFO  main            d.u.i.k.p.r.p.TestFile    Now processing file /home/runner/work/key/key/key.core/../key.ui/examples/heap/observer/ExampleObserver_value.key 
37375      INFO  main            d.u.i.k.p.i.AbstractProblemLoader Loading environment from /home/runner/work/key/key/key.core/../key.ui/examples/heap/observer/ExampleObserver_value.key 
37375      DEBUG main            d.u.i.k.p.i.AbstractProblemLoader Environment load took 259ns 
37376      INFO  main            d.u.i.k.p.i.AbstractProblemLoader Creating init config 
40179      DEBUG main            d.u.i.k.p.i.AbstractProblemLoader Init config took 2.8s 
40225      INFO  main            d.u.i.k.p.i.AbstractProblemLoader Replaying proof ExampleObserver[ExampleObserver::value()].JML normal_behavior operation contract.0 
40232      DEBUG main            d.u.i.k.p.i.IntermediateProofReplayer Proof replay took 7.9ns 
40335      INFO  main            d.u.i.k.p.r.p.TestFile    ... finished proof: closed. 
40503      INFO  main            d.u.i.k.p.i.AbstractProblemLoader Loading environment from /home/runner/work/key/key/key.core/../key.ui/examples/heap/observer/ExampleObserver_value.key.proof 
40504      DEBUG main            d.u.i.k.p.i.AbstractProblemLoader Environment load took 103.7ns 
40505      INFO  main            d.u.i.k.p.i.AbstractProblemLoader Creating init config 
43260      DEBUG main            d.u.i.k.p.i.AbstractProblemLoader Init config took 2.76s 
43306      INFO  main            d.u.i.k.p.i.AbstractProblemLoader Replaying proof ExampleObserver[ExampleObserver::value()].JML normal_behavior operation contract.0 
43325      DEBUG main            d.u.i.k.p.i.IntermediateProofReplayer Proof replay took 17.43ms 
43326      DEBUG main            d.u.i.k.p.r.p.TestFile    ... success: reloaded. 
43328      INFO  main            d.u.i.k.p.r.p.TestFile    Now processing file /home/runner/work/key/key/key.core/../key.ui/examples/heap/observer/ExampleSubject_addObserver.key 
43329      INFO  main            d.u.i.k.p.i.AbstractProblemLoader Loading environment from /home/runner/work/key/key/key.core/../key.ui/examples/heap/observer/ExampleSubject_addObserver.key 
43329      DEBUG main            d.u.i.k.p.i.AbstractProblemLoader Environment load took 57.7ns 
43330      INFO  main            d.u.i.k.p.i.AbstractProblemLoader Creating init config 
46106      DEBUG main            d.u.i.k.p.i.AbstractProblemLoader Init config took 2.78s 
46157      INFO  main            d.u.i.k.p.i.AbstractProblemLoader Replaying proof ExampleSubject[Subject::addObserver(Observer)].JML normal_behavior operation contract.0 
46159      DEBUG main            d.u.i.k.p.i.IntermediateProofReplayer Proof replay took 5.9ns 
51981      INFO  main            d.u.i.k.p.r.p.TestFile    ... finished proof: closed. 
52226      INFO  main            d.u.i.k.p.i.AbstractProblemLoader Loading environment from /home/runner/work/key/key/key.core/../key.ui/examples/heap/observer/ExampleSubject_addObserver.key.proof 
52226      DEBUG main            d.u.i.k.p.i.AbstractProblemLoader Environment load took 178.3ns 
52228      INFO  main            d.u.i.k.p.i.AbstractProblemLoader Creating init config 
54986      DEBUG main            d.u.i.k.p.i.AbstractProblemLoader Init config took 2.76s 
55052      INFO  main            d.u.i.k.p.i.AbstractProblemLoader Replaying proof ExampleSubject[Subject::addObserver(Observer)].JML normal_behavior operation contract.0 
55136      DEBUG main            d.u.i.k.p.i.IntermediateProofReplayer Proof replay took 55.56ms 
55137      WARN  main            d.u.i.k.p.r.p.TestFile    Replay exception de.uka.ilkd.key.proof.io.ProblemLoaderException: Error loading proof.
Line 285, goal 195, rule One Step Simplification not available or not applicable in this context.
	at de.uka.ilkd.key.proof.io.IntermediateProofReplayer.reportError(IntermediateProofReplayer.java:782)
Caused by: de.uka.ilkd.key.proof.io.IntermediateProofReplayer$BuiltInConstructionException: One Step Simplification is missing. Most probably the binary for this built-in rule is not in your path or you do not have the permission to execute it.
	at de.uka.ilkd.key.proof.io.IntermediateProofReplayer.constructBuiltinApp(IntermediateProofReplayer.java:630)

55139      DEBUG main            d.u.i.k.p.r.p.TestFile    Exception java.lang.Exception: Exception while loading proof (see cause for details): /home/runner/work/key/key/key.core/../key.ui/examples/heap/observer/ExampleSubject_addObserver.key.proof
	at de.uka.ilkd.key.proof.runallproofs.proofcollection.TestFile.reloadProof(TestFile.java:314)
Caused by: de.uka.ilkd.key.proof.io.ProblemLoaderException: Error loading proof.
Line 285, goal 195, rule One Step Simplification not available or not applicable in this context.
	at de.uka.ilkd.key.proof.io.IntermediateProofReplayer.reportError(IntermediateProofReplayer.java:782)
Caused by: de.uka.ilkd.key.proof.io.IntermediateProofReplayer$BuiltInConstructionException: One Step Simplification is missing. Most probably the binary for this built-in rule is not in your path or you do not have the permission to execute it.
	at de.uka.ilkd.key.proof.io.IntermediateProofReplayer.constructBuiltinApp(IntermediateProofReplayer.java:630)

55139      WARN  main            d.u.i.k.p.r.p.ForkedTestFileRunner Run failed java.lang.Exception: Exception while loading proof (see cause for details): /home/runner/work/key/key/key.core/../key.ui/examples/heap/observer/ExampleSubject_addObserver.key.proof
	at de.uka.ilkd.key.proof.runallproofs.proofcollection.TestFile.reloadProof(TestFile.java:314)
Caused by: de.uka.ilkd.key.proof.io.ProblemLoaderException: Error loading proof.
Line 285, goal 195, rule One Step Simplification not available or not applicable in this context.
	at de.uka.ilkd.key.proof.io.IntermediateProofReplayer.reportError(IntermediateProofReplayer.java:782)
Caused by: de.uka.ilkd.key.proof.io.IntermediateProofReplayer$BuiltInConstructionException: One Step Simplification is missing. Most probably the binary for this built-in rule is not in your path or you do not have the permission to execute it.
	at de.uka.ilkd.key.proof.io.IntermediateProofReplayer.constructBuiltinApp(IntermediateProofReplayer.java:630)

55142      INFO  main            d.u.i.k.p.r.p.TestFile    Now processing file /home/runner/work/key/key/key.core/../key.ui/examples/heap/observer/ExampleSubject_change.key 
55142      INFO  main            d.u.i.k.p.i.AbstractProblemLoader Loading environment from /home/runner/work/key/key/key.core/../key.ui/examples/heap/observer/ExampleSubject_change.key 
55142      DEBUG main            d.u.i.k.p.i.AbstractProblemLoader Environment load took 84.5ns 
55143      INFO  main            d.u.i.k.p.i.AbstractProblemLoader Creating init config 
57902      DEBUG main            d.u.i.k.p.i.AbstractProblemLoader Init config took 2.76s 
57949      INFO  main            d.u.i.k.p.i.AbstractProblemLoader Replaying proof ExampleSubject[ExampleSubject::change()].JML normal_behavior operation contract.0 
57951      DEBUG main            d.u.i.k.p.i.IntermediateProofReplayer Proof replay took 5.7ns 
58457      INFO  main            d.u.i.k.p.r.p.TestFile    ... finished proof: closed. 
58652      INFO  main            d.u.i.k.p.i.AbstractProblemLoader Loading environment from /home/runner/work/key/key/key.core/../key.ui/examples/heap/observer/ExampleSubject_change.key.proof 
58652      DEBUG main            d.u.i.k.p.i.AbstractProblemLoader Environment load took 379.1ns 
58653      INFO  main            d.u.i.k.p.i.AbstractProblemLoader Creating init config 
61351      DEBUG main            d.u.i.k.p.i.AbstractProblemLoader Init config took 2.7s 
61398      INFO  main            d.u.i.k.p.i.AbstractProblemLoader Replaying proof ExampleSubject[ExampleSubject::change()].JML normal_behavior operation contract.0 
61490      DEBUG main            d.u.i.k.p.i.IntermediateProofReplayer Proof replay took 87.06ms 
61491      DEBUG main            d.u.i.k.p.r.p.TestFile    ... success: reloaded. 
61494      INFO  main            d.u.i.k.p.r.p.TestFile    Now processing file /home/runner/work/key/key/key.core/../key.ui/examples/heap/observer/ExampleSubject_ExampleSubject.key 
61494      INFO  main            d.u.i.k.p.i.AbstractProblemLoader Loading environment from /home/runner/work/key/key/key.core/../key.ui/examples/heap/observer/ExampleSubject_ExampleSubject.key 
61494      DEBUG main            d.u.i.k.p.i.AbstractProblemLoader Environment load took 234.8ns 
61495      INFO  main            d.u.i.k.p.i.AbstractProblemLoader Creating init config 
64271      DEBUG main            d.u.i.k.p.i.AbstractProblemLoader Init config took 2.78s 
64317      INFO  main            d.u.i.k.p.i.AbstractProblemLoader Replaying proof ExampleSubject[ExampleSubject::ExampleSubject()].JML normal_behavior operation contract.0 
64318      DEBUG main            d.u.i.k.p.i.IntermediateProofReplayer Proof replay took 16.1ns 
65226      INFO  main            d.u.i.k.p.r.p.TestFile    ... finished proof: closed. 
65412      INFO  main            d.u.i.k.p.i.AbstractProblemLoader Loading environment from /home/runner/work/key/key/key.core/../key.ui/examples/heap/observer/ExampleSubject_ExampleSubject.key.proof 
65413      DEBUG main            d.u.i.k.p.i.AbstractProblemLoader Environment load took 387.1ns 
65414      INFO  main            d.u.i.k.p.i.AbstractProblemLoader Creating init config 
68120      DEBUG main            d.u.i.k.p.i.AbstractProblemLoader Init config took 2.71s 
68176      INFO  main            d.u.i.k.p.i.AbstractProblemLoader Replaying proof ExampleSubject[ExampleSubject::ExampleSubject()].JML normal_behavior operation contract.0 
68350      DEBUG main            d.u.i.k.p.i.IntermediateProofReplayer Proof replay took 167.16ms 
68352      DEBUG main            d.u.i.k.p.r.p.TestFile    ... success: reloaded. 
68354      INFO  main            d.u.i.k.p.r.p.TestFile    Now processing file /home/runner/work/key/key/key.core/../key.ui/examples/heap/observer/ExampleSubject_footprint.key 
68354      INFO  main            d.u.i.k.p.i.AbstractProblemLoader Loading environment from /home/runner/work/key/key/key.core/../key.ui/examples/heap/observer/ExampleSubject_footprint.key 
68354      DEBUG main            d.u.i.k.p.i.AbstractProblemLoader Environment load took 223.6ns 
68355      INFO  main            d.u.i.k.p.i.AbstractProblemLoader Creating init config 
71084      DEBUG main            d.u.i.k.p.i.AbstractProblemLoader Init config took 2.73s 
71128      INFO  main            d.u.i.k.p.i.AbstractProblemLoader Replaying proof ExampleSubject[Subject::$footprint()].JML accessible clause.0 
71129      DEBUG main            d.u.i.k.p.i.IntermediateProofReplayer Proof replay took 5.9ns 
71231      INFO  main            d.u.i.k.p.r.p.TestFile    ... finished proof: closed. 
71404      INFO  main            d.u.i.k.p.i.AbstractProblemLoader Loading environment from /home/runner/work/key/key/key.core/../key.ui/examples/heap/observer/ExampleSubject_footprint.key.proof 
71404      DEBUG main            d.u.i.k.p.i.AbstractProblemLoader Environment load took 102.1ns 
71405      INFO  main            d.u.i.k.p.i.AbstractProblemLoader Creating init config 
74112      DEBUG main            d.u.i.k.p.i.AbstractProblemLoader Init config took 2.71s 
74159      INFO  main            d.u.i.k.p.i.AbstractProblemLoader Replaying proof ExampleSubject[Subject::$footprint()].JML accessible clause.0 
74180      DEBUG main            d.u.i.k.p.i.IntermediateProofReplayer Proof replay took 18.52ms 
74182      DEBUG main            d.u.i.k.p.r.p.TestFile    ... success: reloaded. 
74185      INFO  main            d.u.i.k.p.r.p.TestFile    Now processing file /home/runner/work/key/key/key.core/../key.ui/examples/heap/observer/ExampleSubject_inv.key 
74185      INFO  main            d.u.i.k.p.i.AbstractProblemLoader Loading environment from /home/runner/work/key/key/key.core/../key.ui/examples/heap/observer/ExampleSubject_inv.key 
74185      DEBUG main            d.u.i.k.p.i.AbstractProblemLoader Environment load took 86.7ns 
74186      INFO  main            d.u.i.k.p.i.AbstractProblemLoader Creating init config 
76966      DEBUG main            d.u.i.k.p.i.AbstractProblemLoader Init config took 2.78s 
77009      INFO  main            d.u.i.k.p.i.AbstractProblemLoader Replaying proof ExampleSubject[java.lang.Object::<inv>()].JML accessible clause.0 
77011      DEBUG main            d.u.i.k.p.i.IntermediateProofReplayer Proof replay took 6.1ns 
78118      INFO  main            d.u.i.k.p.r.p.TestFile    ... finished proof: closed. 
78305      INFO  main            d.u.i.k.p.i.AbstractProblemLoader Loading environment from /home/runner/work/key/key/key.core/../key.ui/examples/heap/observer/ExampleSubject_inv.key.proof 
78306      DEBUG main            d.u.i.k.p.i.AbstractProblemLoader Environment load took 435.8ns 
78307      INFO  main            d.u.i.k.p.i.AbstractProblemLoader Creating init config 
81013      DEBUG main            d.u.i.k.p.i.AbstractProblemLoader Init config took 2.71s 
81065      INFO  main            d.u.i.k.p.i.AbstractProblemLoader Replaying proof ExampleSubject[java.lang.Object::<inv>()].JML accessible clause.0 
81186      DEBUG main            d.u.i.k.p.i.IntermediateProofReplayer Proof replay took 113.26ms 
81188      DEBUG main            d.u.i.k.p.r.p.TestFile    ... success: reloaded. 
81192      INFO  main            d.u.i.k.p.r.p.TestFile    Now processing file /home/runner/work/key/key/key.core/../key.ui/examples/heap/observer/ExampleSubject_notifyObservers.key 
81192      INFO  main            d.u.i.k.p.i.AbstractProblemLoader Loading environment from /home/runner/work/key/key/key.core/../key.ui/examples/heap/observer/ExampleSubject_notifyObservers.key 
81192      DEBUG main            d.u.i.k.p.i.AbstractProblemLoader Environment load took 199.4ns 
81193      INFO  main            d.u.i.k.p.i.AbstractProblemLoader Creating init config 
83977      DEBUG main            d.u.i.k.p.i.AbstractProblemLoader Init config took 2.78s 
84024      INFO  main            d.u.i.k.p.i.AbstractProblemLoader Replaying proof Subject[Subject::notifyObservers()].JML normal_behavior operation contract.0 
84025      DEBUG main            d.u.i.k.p.i.IntermediateProofReplayer Proof replay took 6.4ns 
84127      INFO  main            d.u.i.k.p.r.p.TestFile    ... finished proof: closed. 
84307      INFO  main            d.u.i.k.p.i.AbstractProblemLoader Loading environment from /home/runner/work/key/key/key.core/../key.ui/examples/heap/observer/ExampleSubject_notifyObservers.key.proof 
84307      DEBUG main            d.u.i.k.p.i.AbstractProblemLoader Environment load took 110.7ns 
84308      INFO  main            d.u.i.k.p.i.AbstractProblemLoader Creating init config 
87018      DEBUG main            d.u.i.k.p.i.AbstractProblemLoader Init config took 2.71s 
87061      INFO  main            d.u.i.k.p.i.AbstractProblemLoader Replaying proof Subject[Subject::notifyObservers()].JML normal_behavior operation contract.0 
87065      DEBUG main            d.u.i.k.p.i.IntermediateProofReplayer Proof replay took 2.43ms 
87066      DEBUG main            d.u.i.k.p.r.p.TestFile    ... success: reloaded. 
87068      INFO  main            d.u.i.k.p.r.p.TestFile    Now processing file /home/runner/work/key/key/key.core/../key.ui/examples/heap/observer/ExampleSubject_value_dep.key 
87069      INFO  main            d.u.i.k.p.i.AbstractProblemLoader Loading environment from /home/runner/work/key/key/key.core/../key.ui/examples/heap/observer/ExampleSubject_value_dep.key 
87069      DEBUG main            d.u.i.k.p.i.AbstractProblemLoader Environment load took 188.6ns 
87070      INFO  main            d.u.i.k.p.i.AbstractProblemLoader Creating init config 
89751      DEBUG main            d.u.i.k.p.i.AbstractProblemLoader Init config took 2.68s 
89794      INFO  main            d.u.i.k.p.i.AbstractProblemLoader Replaying proof ExampleSubject[ExampleSubject::value()].JML accessible clause.0 
89795      DEBUG main            d.u.i.k.p.i.IntermediateProofReplayer Proof replay took 6.3ns 
89897      INFO  main            d.u.i.k.p.r.p.TestFile    ... finished proof: closed. 
90114      INFO  main            d.u.i.k.p.i.AbstractProblemLoader Loading environment from /home/runner/work/key/key/key.core/../key.ui/examples/heap/observer/ExampleSubject_value_dep.key.proof 
90114      DEBUG main            d.u.i.k.p.i.AbstractProblemLoader Environment load took 99.8ns 
90115      INFO  main            d.u.i.k.p.i.AbstractProblemLoader Creating init config 
92815      DEBUG main            d.u.i.k.p.i.AbstractProblemLoader Init config took 2.7s 
92857      INFO  main            d.u.i.k.p.i.AbstractProblemLoader Replaying proof ExampleSubject[ExampleSubject::value()].JML accessible clause.0 
92870      DEBUG main            d.u.i.k.p.i.IntermediateProofReplayer Proof replay took 10.83ms 
92871      DEBUG main            d.u.i.k.p.r.p.TestFile    ... success: reloaded. 
92873      INFO  main            d.u.i.k.p.r.p.TestFile    Now processing file /home/runner/work/key/key/key.core/../key.ui/examples/heap/observer/ExampleSubject_value.key 
92873      INFO  main            d.u.i.k.p.i.AbstractProblemLoader Loading environment from /home/runner/work/key/key/key.core/../key.ui/examples/heap/observer/ExampleSubject_value.key 
92873      DEBUG main            d.u.i.k.p.i.AbstractProblemLoader Environment load took 92.4ns 
92874      INFO  main            d.u.i.k.p.i.AbstractProblemLoader Creating init config 
95632      DEBUG main            d.u.i.k.p.i.AbstractProblemLoader Init config took 2.76s 
95675      INFO  main            d.u.i.k.p.i.AbstractProblemLoader Replaying proof ExampleSubject[ExampleSubject::value()].JML normal_behavior operation contract.0 
95677      DEBUG main            d.u.i.k.p.i.IntermediateProofReplayer Proof replay took 6.8ns 
95779      INFO  main            d.u.i.k.p.r.p.TestFile    ... finished proof: closed. 
95973      INFO  main            d.u.i.k.p.i.AbstractProblemLoader Loading environment from /home/runner/work/key/key/key.core/../key.ui/examples/heap/observer/ExampleSubject_value.key.proof 
95973      DEBUG main            d.u.i.k.p.i.AbstractProblemLoader Environment load took 101.2ns 
95974      INFO  main            d.u.i.k.p.i.AbstractProblemLoader Creating init config 
98658      DEBUG main            d.u.i.k.p.i.AbstractProblemLoader Init config took 2.68s 
98707      INFO  main            d.u.i.k.p.i.AbstractProblemLoader Replaying proof ExampleSubject[ExampleSubject::value()].JML normal_behavior operation contract.0 
98719      DEBUG main            d.u.i.k.p.i.IntermediateProofReplayer Proof replay took 10.13ms 
98720      DEBUG main            d.u.i.k.p.r.p.TestFile    ... success: reloaded. 
1435436    INFO  Test worker     d.u.i.k.p.r.RunAllProofsTestUnit Running test removeDups 
310        INFO  Timeout watchdog d.u.i.k.p.r.p.ForkedTestFileRunner Timeout watcher launched (2000 secs.) 
318        WARN  main            d.u.i.k.s.ProofSettings   The settings in /home/runner/.key/proof-settings.props are *not* read. 
363        INFO  main            d.u.i.k.p.r.p.TestFile    Now processing file /home/runner/work/key/key/key.core/../key.ui/examples/heap/removeDups/arrayPart.key 
585        INFO  main            d.u.i.k.p.i.AbstractProblemLoader Loading environment from /home/runner/work/key/key/key.core/../key.ui/examples/heap/removeDups/arrayPart.key 
627        DEBUG main            d.u.i.k.p.i.AbstractProblemLoader Environment load took 2.52ms 
834        INFO  main            d.u.i.k.p.i.AbstractProblemLoader Creating init config 
1751       DEBUG main            d.u.i.k.j.TypeConverter   No LDT found for Meta 
1752       DEBUG main            d.u.i.k.j.TypeConverter   No LDT found for Meta 
1755       DEBUG main            d.u.i.k.j.TypeConverter   No LDT found for Meta 
1755       DEBUG main            d.u.i.k.j.TypeConverter   No LDT found for Meta 
3018       DEBUG main            d.u.i.k.j.TypeConverter   No LDT found for JavaBigintExpression 
7902       DEBUG main            d.u.i.k.p.i.AbstractProblemLoader Init config took 7.07s 
8036       INFO  main            d.u.i.k.p.i.AbstractProblemLoader Replaying proof RemoveDup[RemoveDup::arrayPart([I,int)].JML normal_behavior operation contract.0 
8072       DEBUG main            d.u.i.k.p.i.IntermediateProofReplayer Proof replay took 32.5ns 
10820      INFO  main            d.u.i.k.p.r.p.TestFile    ... finished proof: closed. 
10972      INFO  main            d.u.i.k.p.i.AbstractProblemLoader Loading environment from /home/runner/work/key/key/key.core/../key.ui/examples/heap/removeDups/arrayPart.key.proof 
10972      DEBUG main            d.u.i.k.p.i.AbstractProblemLoader Environment load took 133ns 
10975      INFO  main            d.u.i.k.p.i.AbstractProblemLoader Creating init config 
13709      DEBUG main            d.u.i.k.p.i.AbstractProblemLoader Init config took 2.73s 
13781      INFO  main            d.u.i.k.p.i.AbstractProblemLoader Replaying proof RemoveDup[RemoveDup::arrayPart([I,int)].JML normal_behavior operation contract.0 
14076      DEBUG main            d.u.i.k.p.i.IntermediateProofReplayer Proof replay took 282.85ms 
14084      DEBUG main            d.u.i.k.p.r.p.TestFile    ... success: reloaded. 
14086      INFO  main            d.u.i.k.p.r.p.TestFile    Now processing file /home/runner/work/key/key/key.core/../key.ui/examples/heap/removeDups/contains.key 
14087      INFO  main            d.u.i.k.p.i.AbstractProblemLoader Loading environment from /home/runner/work/key/key/key.core/../key.ui/examples/heap/removeDups/contains.key 
14087      DEBUG main            d.u.i.k.p.i.AbstractProblemLoader Environment load took 222.9ns 
14088      INFO  main            d.u.i.k.p.i.AbstractProblemLoader Creating init config 
16801      DEBUG main            d.u.i.k.p.i.AbstractProblemLoader Init config took 2.71s 
16858      INFO  main            d.u.i.k.p.i.AbstractProblemLoader Replaying proof RemoveDup[RemoveDup::contains([I,int,int)].JML normal_behavior operation contract.0 
16860      DEBUG main            d.u.i.k.p.i.IntermediateProofReplayer Proof replay took 4.9ns 
17364      INFO  main            d.u.i.k.p.r.p.TestFile    ... finished proof: closed. 
17494      INFO  main            d.u.i.k.p.i.AbstractProblemLoader Loading environment from /home/runner/work/key/key/key.core/../key.ui/examples/heap/removeDups/contains.key.proof 
17494      DEBUG main            d.u.i.k.p.i.AbstractProblemLoader Environment load took 444.9ns 
17496      INFO  main            d.u.i.k.p.i.AbstractProblemLoader Creating init config 
20042      DEBUG main            d.u.i.k.p.i.AbstractProblemLoader Init config took 2.55s 
20099      INFO  main            d.u.i.k.p.i.AbstractProblemLoader Replaying proof RemoveDup[RemoveDup::contains([I,int,int)].JML normal_behavior operation contract.0 
20224      DEBUG main            d.u.i.k.p.i.IntermediateProofReplayer Proof replay took 116.73ms 
20226      DEBUG main            d.u.i.k.p.r.p.TestFile    ... success: reloaded. 
20230      INFO  main            d.u.i.k.p.r.p.TestFile    Now processing file /home/runner/work/key/key/key.core/../key.ui/examples/heap/removeDups/removeDup.key 
20230      INFO  main            d.u.i.k.p.i.AbstractProblemLoader Loading environment from /home/runner/work/key/key/key.core/../key.ui/examples/heap/removeDups/removeDup.key 
20231      DEBUG main            d.u.i.k.p.i.AbstractProblemLoader Environment load took 209.1ns 
20233      INFO  main            d.u.i.k.p.i.AbstractProblemLoader Creating init config 
22799      DEBUG main            d.u.i.k.p.i.AbstractProblemLoader Init config took 2.57s 
22847      INFO  main            d.u.i.k.p.i.AbstractProblemLoader Replaying proof RemoveDup[RemoveDup::removeDup([I)].JML normal_behavior operation contract.0 
22849      DEBUG main            d.u.i.k.p.i.IntermediateProofReplayer Proof replay took 5.6ns 
27673      DEBUG Thread-7        d.u.i.k.j.d.VariableSpecification Program match. Variables have different dimension (template #v0 = #vi;, source a#11[] = var;) 
49692      INFO  main            d.u.i.k.p.r.p.TestFile    ... finished proof: closed. 
49927      INFO  main            d.u.i.k.p.i.AbstractProblemLoader Loading environment from /home/runner/work/key/key/key.core/../key.ui/examples/heap/removeDups/removeDup.key.proof 
49928      DEBUG main            d.u.i.k.p.i.AbstractProblemLoader Environment load took 385.4ns 
49940      INFO  main            d.u.i.k.p.i.AbstractProblemLoader Creating init config 
52376      DEBUG main            d.u.i.k.p.i.AbstractProblemLoader Init config took 2.44s 
52430      INFO  main            d.u.i.k.p.i.AbstractProblemLoader Replaying proof RemoveDup[RemoveDup::removeDup([I)].JML normal_behavior operation contract.0 
54292      DEBUG main            d.u.i.k.p.i.IntermediateProofReplayer Proof replay took 1.77s 
54296      DEBUG main            d.u.i.k.p.r.p.TestFile    ... success: reloaded. 
54299      INFO  main            d.u.i.k.p.r.p.TestFile    Now processing file /home/runner/work/key/key/key.core/../key.ui/examples/heap/saddleback_search/Saddleback_search.key 
54299      INFO  main            d.u.i.k.p.i.AbstractProblemLoader Loading environment from /home/runner/work/key/key/key.core/../key.ui/examples/heap/saddleback_search/Saddleback_search.key 
54299      DEBUG main            d.u.i.k.p.i.AbstractProblemLoader Environment load took 195.5ns 
54301      INFO  main            d.u.i.k.p.i.AbstractProblemLoader Creating init config 
56863      DEBUG main            d.u.i.k.p.i.AbstractProblemLoader Init config took 2.56s 
56903      INFO  main            d.u.i.k.p.i.AbstractProblemLoader Replaying proof Saddleback[Saddleback::search([[I,int)].JML normal_behavior operation contract.0 
56910      DEBUG main            d.u.i.k.p.i.IntermediateProofReplayer Proof replay took 6ns 
140521     INFO  main            d.u.i.k.p.r.p.TestFile    ... finished proof: closed. 
140959     INFO  main            d.u.i.k.p.i.AbstractProblemLoader Loading environment from /home/runner/work/key/key/key.core/../key.ui/examples/heap/saddleback_search/Saddleback_search.key.proof 
140959     DEBUG main            d.u.i.k.p.i.AbstractProblemLoader Environment load took 188.8ns 
140970     INFO  main            d.u.i.k.p.i.AbstractProblemLoader Creating init config 
143364     DEBUG main            d.u.i.k.p.i.AbstractProblemLoader Init config took 2.39s 
143415     INFO  main            d.u.i.k.p.i.AbstractProblemLoader Replaying proof Saddleback[Saddleback::search([[I,int)].JML normal_behavior operation contract.0 
145829     DEBUG main            d.u.i.k.p.i.IntermediateProofReplayer Proof replay took 2.26s 
145888     DEBUG main            d.u.i.k.p.r.p.TestFile    ... success: reloaded. 
1582189    INFO  Test worker     d.u.i.k.p.r.RunAllProofsTestUnit Returning from test removeDups 
1582193    INFO  Test worker     d.u.i.k.p.r.RunAllProofsTestUnit Running test quicksort 
374        INFO  Timeout watchdog d.u.i.k.p.r.p.ForkedTestFileRunner Timeout watcher launched (2000 secs.) 
386        WARN  main            d.u.i.k.s.ProofSettings   The settings in /home/runner/.key/proof-settings.props are *not* read. 
436        INFO  main            d.u.i.k.p.r.p.TestFile    Now processing file /home/runner/work/key/key/key.core/../key.ui/examples/heap/quicksort/toplevel.key 
585        INFO  main            d.u.i.k.p.i.AbstractProblemLoader Loading environment from /home/runner/work/key/key/key.core/../key.ui/examples/heap/quicksort/toplevel.key 
601        DEBUG main            d.u.i.k.p.i.AbstractProblemLoader Environment load took 2.99ms 
820        INFO  main            d.u.i.k.p.i.AbstractProblemLoader Creating init config 
1778       DEBUG main            d.u.i.k.j.TypeConverter   No LDT found for Meta 
1778       DEBUG main            d.u.i.k.j.TypeConverter   No LDT found for Meta 
1781       DEBUG main            d.u.i.k.j.TypeConverter   No LDT found for Meta 
1781       DEBUG main            d.u.i.k.j.TypeConverter   No LDT found for Meta 
3375       DEBUG main            d.u.i.k.j.TypeConverter   No LDT found for JavaBigintExpression 
8255       DEBUG main            d.u.i.k.p.i.AbstractProblemLoader Init config took 7.44s 
8384       INFO  main            d.u.i.k.p.i.AbstractProblemLoader Replaying proof Quicksort[Quicksort::sort([I)].JML normal_behavior operation contract.0 
8412       DEBUG main            d.u.i.k.p.i.IntermediateProofReplayer Proof replay took 31.3ns 
9557       INFO  main            d.u.i.k.p.r.p.TestFile    ... finished proof: closed. 
9685       INFO  main            d.u.i.k.p.i.AbstractProblemLoader Loading environment from /home/runner/work/key/key/key.core/../key.ui/examples/heap/quicksort/toplevel.key.proof 
9691       DEBUG main            d.u.i.k.p.i.AbstractProblemLoader Environment load took 6.25ms 
9694       INFO  main            d.u.i.k.p.i.AbstractProblemLoader Creating init config 
12602      DEBUG main            d.u.i.k.p.i.AbstractProblemLoader Init config took 2.91s 
12686      INFO  main            d.u.i.k.p.i.AbstractProblemLoader Replaying proof Quicksort[Quicksort::sort([I)].JML normal_behavior operation contract.0 
12870      DEBUG main            d.u.i.k.p.i.IntermediateProofReplayer Proof replay took 176.36ms 
12882      DEBUG main            d.u.i.k.p.r.p.TestFile    ... success: reloaded. 
12892      INFO  main            d.u.i.k.p.r.p.TestFile    Now processing file /home/runner/work/key/key/key.core/../key.ui/examples/heap/quicksort/sort.key 
12892      INFO  main            d.u.i.k.p.i.AbstractProblemLoader Loading environment from /home/runner/work/key/key/key.core/../key.ui/examples/heap/quicksort/sort.key 
12893      DEBUG main            d.u.i.k.p.i.AbstractProblemLoader Environment load took 260ns 
12896      INFO  main            d.u.i.k.p.i.AbstractProblemLoader Creating init config 
15740      DEBUG main            d.u.i.k.p.i.AbstractProblemLoader Init config took 2.84s 
15811      INFO  main            d.u.i.k.p.i.AbstractProblemLoader Replaying proof Quicksort[Quicksort::sort([I,int,int)].JML normal_behavior operation contract.0 
15813      DEBUG main            d.u.i.k.p.i.IntermediateProofReplayer Proof replay took 6ns 
15836      DEBUG main            d.u.i.k.m.s.ProofScriptEngine 1: 'script 'sort.script'' 
15839      INFO  main            d.u.i.k.m.s.ProofScriptCommand Included script /home/runner/work/key/key/key.core/../key.ui/examples/heap/quicksort/sort.script 
15840      DEBUG main            d.u.i.k.m.s.ProofScriptEngine 1: 'macro autopilot-prep' 
16935      DEBUG main            d.u.i.k.m.s.ProofScriptEngine 2: 'select formula="{heapAtPre:=heap || exc:=null || heap:=heapAfter_sort_0}
   seq ...' 
16944      DEBUG main            d.u.i.k.m.s.ProofScriptEngine 3: 'macro simp-upd' 
16958      DEBUG main            d.u.i.k.m.s.ProofScriptEngine 4: 'let   @seqPre="seqDef{int u;}(0, array.length, array[u])"
    @seqSplit="seqDef ...' 
16961      DEBUG main            d.u.i.k.m.s.ProofScriptEngine 5: 'rule seqPermSym 
  formula="seqPerm(@seqSplit, @seqPre)"' 
16981      DEBUG main            d.u.i.k.m.s.ProofScriptEngine 6: 'rule seqPermSym
  formula="seqPerm(@seqSort, @seqSplit)"' 
16983      DEBUG main            d.u.i.k.m.s.ProofScriptEngine 7: 'rule seqPermSym
  formula="seqPerm(@seqSort0, @seqSort)"' 
16985      DEBUG main            d.u.i.k.m.s.ProofScriptEngine 8: 'rule seqPermTrans
  formula="seqPerm(@seqPre, @seqSplit)"' 
16985      DEBUG main            d.u.i.k.m.s.ProofScriptEngine 9: 'rule seqPermTrans
  formula="seqPerm(@seqPre, @seqSort)"' 
16987      DEBUG main            d.u.i.k.m.s.ProofScriptEngine 10: 'rule seqPermSym
  formula="seqPerm(@seqPre, @seqSort0)"' 
16988      DEBUG main            d.u.i.k.m.s.ProofScriptEngine 11: 'tryclose' 
42991      INFO  main            d.u.i.k.p.r.p.TestFile    ... finished proof: closed. 
43276      INFO  main            d.u.i.k.p.i.AbstractProblemLoader Loading environment from /home/runner/work/key/key/key.core/../key.ui/examples/heap/quicksort/sort.key.proof 
43277      DEBUG main            d.u.i.k.p.i.AbstractProblemLoader Environment load took 396.7ns 
43287      INFO  main            d.u.i.k.p.i.AbstractProblemLoader Creating init config 
45955      DEBUG main            d.u.i.k.p.i.AbstractProblemLoader Init config took 2.67s 
46019      INFO  main            d.u.i.k.p.i.AbstractProblemLoader Replaying proof Quicksort[Quicksort::sort([I,int,int)].JML normal_behavior operation contract.0 
48001      DEBUG main            d.u.i.k.p.i.IntermediateProofReplayer Proof replay took 1.85s 
48006      DEBUG main            d.u.i.k.p.r.p.TestFile    ... success: reloaded. 
48014      INFO  main            d.u.i.k.p.r.p.TestFile    Now processing file /home/runner/work/key/key/key.core/../key.ui/examples/heap/quicksort/split.key 
48015      INFO  main            d.u.i.k.p.i.AbstractProblemLoader Loading environment from /home/runner/work/key/key/key.core/../key.ui/examples/heap/quicksort/split.key 
48015      DEBUG main            d.u.i.k.p.i.AbstractProblemLoader Environment load took 221.8ns 
48016      INFO  main            d.u.i.k.p.i.AbstractProblemLoader Creating init config 
50876      DEBUG main            d.u.i.k.p.i.AbstractProblemLoader Init config took 2.86s 
50922      INFO  main            d.u.i.k.p.i.AbstractProblemLoader Replaying proof Quicksort[Quicksort::split([I,int,int)].JML normal_behavior operation contract.0 
50924      DEBUG main            d.u.i.k.p.i.IntermediateProofReplayer Proof replay took 4.4ns 
50924      DEBUG main            d.u.i.k.m.s.ProofScriptEngine 1: 'macro autopilot-prep' 
52179      DEBUG main            d.u.i.k.m.s.ProofScriptEngine 2: 'tryclose' 
89467      DEBUG main            d.u.i.k.m.s.ProofScriptEngine 3: 'macro simp-upd' 
89565      DEBUG main            d.u.i.k.m.s.ProofScriptEngine 4: 'rule seqPermFromSwap' 
89580      DEBUG main            d.u.i.k.m.s.ProofScriptEngine 5: 'rule andRight' 
89582      DEBUG main            d.u.i.k.m.s.ProofScriptEngine 6: 'auto' 
89605      DEBUG main            d.u.i.k.m.s.ProofScriptEngine 7: 'instantiate hide var=iv with=i_0' 
89609      DEBUG main            d.u.i.k.m.s.ProofScriptEngine 8: 'instantiate hide var=jv with=j_0' 
89610      DEBUG main            d.u.i.k.m.s.ProofScriptEngine 9: 'auto' 
96195      DEBUG main            d.u.i.k.m.s.ProofScriptEngine 10: 'macro simp-upd' 
96263      DEBUG main            d.u.i.k.m.s.ProofScriptEngine 11: 'rule seqPermFromSwap' 
96267      DEBUG main            d.u.i.k.m.s.ProofScriptEngine 12: 'rule andRight' 
96268      DEBUG main            d.u.i.k.m.s.ProofScriptEngine 13: 'auto' 
96284      DEBUG main            d.u.i.k.m.s.ProofScriptEngine 14: 'instantiate hide var=iv with=i_0' 
96287      DEBUG main            d.u.i.k.m.s.ProofScriptEngine 15: 'instantiate hide var=jv with=to' 
96288      DEBUG main            d.u.i.k.m.s.ProofScriptEngine 16: 'auto' 
101375     INFO  main            d.u.i.k.p.r.p.TestFile    ... finished proof: closed. 
101834     INFO  main            d.u.i.k.p.i.AbstractProblemLoader Loading environment from /home/runner/work/key/key/key.core/../key.ui/examples/heap/quicksort/split.key.proof 
101835     DEBUG main            d.u.i.k.p.i.AbstractProblemLoader Environment load took 394.4ns 
101847     INFO  main            d.u.i.k.p.i.AbstractProblemLoader Creating init config 
104420     DEBUG main            d.u.i.k.p.i.AbstractProblemLoader Init config took 2.57s 
104467     INFO  main            d.u.i.k.p.i.AbstractProblemLoader Replaying proof Quicksort[Quicksort::split([I,int,int)].JML normal_behavior operation contract.0 
107956     DEBUG main            d.u.i.k.p.i.IntermediateProofReplayer Proof replay took 3.25s 
107965     DEBUG main            d.u.i.k.p.r.p.TestFile    ... success: reloaded. 
1690462    INFO  Test worker     d.u.i.k.p.r.RunAllProofsTestUnit Returning from test quicksort 
1690463    INFO  Test worker     d.u.i.k.p.r.RunAllProofsTestUnit Running test simpleTests 
330        INFO  Timeout watchdog d.u.i.k.p.r.p.ForkedTestFileRunner Timeout watcher launched (2000 secs.) 
344        WARN  main            d.u.i.k.s.ProofSettings   The settings in /home/runner/.key/proof-settings.props are *not* read. 
401        INFO  main            d.u.i.k.p.r.p.TestFile    Now processing file /home/runner/work/key/key/key.core/../key.ui/examples/heap/simple/anonymise_datagroup.key 
528        INFO  main            d.u.i.k.p.i.AbstractProblemLoader Loading environment from /home/runner/work/key/key/key.core/../key.ui/examples/heap/simple/anonymise_datagroup.key 
543        DEBUG main            d.u.i.k.p.i.AbstractProblemLoader Environment load took 2.02ms 
773        INFO  main            d.u.i.k.p.i.AbstractProblemLoader Creating init config 
1658       DEBUG main            d.u.i.k.j.TypeConverter   No LDT found for Meta 
1659       DEBUG main            d.u.i.k.j.TypeConverter   No LDT found for Meta 
1660       DEBUG main            d.u.i.k.j.TypeConverter   No LDT found for Meta 
1660       DEBUG main            d.u.i.k.j.TypeConverter   No LDT found for Meta 
3250       DEBUG main            d.u.i.k.j.TypeConverter   No LDT found for JavaBigintExpression 
7628       DEBUG main            d.u.i.k.p.i.AbstractProblemLoader Init config took 6.86s 
7697       INFO  main            d.u.i.k.p.i.AbstractProblemLoader Replaying proof anonymise_datagroup.key 
7726       DEBUG main            d.u.i.k.p.i.IntermediateProofReplayer Proof replay took 31.5ns 
7977       INFO  main            d.u.i.k.p.r.p.TestFile    ... finished proof: closed. 
8071       INFO  main            d.u.i.k.p.i.AbstractProblemLoader Loading environment from /home/runner/work/key/key/key.core/../key.ui/examples/heap/simple/anonymise_datagroup.key.proof 
8072       DEBUG main            d.u.i.k.p.i.AbstractProblemLoader Environment load took 407.4ns 
8076       INFO  main            d.u.i.k.p.i.AbstractProblemLoader Creating init config 
10489      DEBUG main            d.u.i.k.p.i.AbstractProblemLoader Init config took 2.41s 
10520      INFO  main            d.u.i.k.p.i.AbstractProblemLoader Replaying proof anonymise_datagroup.key.proof 
10539      DEBUG main            d.u.i.k.p.i.IntermediateProofReplayer Proof replay took 15.11ms 
10551      DEBUG main            d.u.i.k.p.r.p.TestFile    ... success: reloaded. 
10558      INFO  main            d.u.i.k.p.r.p.TestFile    Now processing file /home/runner/work/key/key/key.core/../key.ui/examples/heap/simple/array_creation.key 
10559      INFO  main            d.u.i.k.p.i.AbstractProblemLoader Loading environment from /home/runner/work/key/key/key.core/../key.ui/examples/heap/simple/array_creation.key 
10559      DEBUG main            d.u.i.k.p.i.AbstractProblemLoader Environment load took 215.8ns 
10563      INFO  main            d.u.i.k.p.i.AbstractProblemLoader Creating init config 
12930      DEBUG main            d.u.i.k.p.i.AbstractProblemLoader Init config took 2.37s 
12962      INFO  main            d.u.i.k.p.i.AbstractProblemLoader Replaying proof array_creation.key 
12966      DEBUG main            d.u.i.k.p.i.IntermediateProofReplayer Proof replay took 6.3ns 
13577      INFO  main            d.u.i.k.p.r.p.TestFile    ... finished proof: closed. 
13705      INFO  main            d.u.i.k.p.i.AbstractProblemLoader Loading environment from /home/runner/work/key/key/key.core/../key.ui/examples/heap/simple/array_creation.key.proof 
13705      DEBUG main            d.u.i.k.p.i.AbstractProblemLoader Environment load took 154.1ns 
13707      INFO  main            d.u.i.k.p.i.AbstractProblemLoader Creating init config 
16022      DEBUG main            d.u.i.k.p.i.AbstractProblemLoader Init config took 2.31s 
16053      INFO  main            d.u.i.k.p.i.AbstractProblemLoader Replaying proof array_creation.key.proof 
16114      DEBUG main            d.u.i.k.p.i.IntermediateProofReplayer Proof replay took 47.37ms 
16115      WARN  main            d.u.i.k.p.r.p.TestFile    Replay exception de.uka.ilkd.key.proof.io.ProblemLoaderException: Error loading proof.
Line 162, goal 53, rule One Step Simplification not available or not applicable in this context.
	at de.uka.ilkd.key.proof.io.IntermediateProofReplayer.reportError(IntermediateProofReplayer.java:782)
Caused by: de.uka.ilkd.key.proof.io.IntermediateProofReplayer$BuiltInConstructionException: One Step Simplification is missing. Most probably the binary for this built-in rule is not in your path or you do not have the permission to execute it.
	at de.uka.ilkd.key.proof.io.IntermediateProofReplayer.constructBuiltinApp(IntermediateProofReplayer.java:630)

16117      WARN  main            d.u.i.k.p.r.p.TestFile    Replay exception de.uka.ilkd.key.proof.io.ProblemLoaderException: Error loading proof.
Line 371, goal 54, rule One Step Simplification not available or not applicable in this context.
	at de.uka.ilkd.key.proof.io.IntermediateProofReplayer.reportError(IntermediateProofReplayer.java:782)
Caused by: de.uka.ilkd.key.proof.io.IntermediateProofReplayer$BuiltInConstructionException: One Step Simplification is missing. Most probably the binary for this built-in rule is not in your path or you do not have the permission to execute it.
	at de.uka.ilkd.key.proof.io.IntermediateProofReplayer.constructBuiltinApp(IntermediateProofReplayer.java:630)

16118      DEBUG main            d.u.i.k.p.r.p.TestFile    Exception java.lang.Exception: Exception while loading proof (see cause for details): /home/runner/work/key/key/key.core/../key.ui/examples/heap/simple/array_creation.key.proof
	at de.uka.ilkd.key.proof.runallproofs.proofcollection.TestFile.reloadProof(TestFile.java:314)
Caused by: de.uka.ilkd.key.proof.io.ProblemLoaderException: Error loading proof.
Line 162, goal 53, rule One Step Simplification not available or not applicable in this context.
	at de.uka.ilkd.key.proof.io.IntermediateProofReplayer.reportError(IntermediateProofReplayer.java:782)
Caused by: de.uka.ilkd.key.proof.io.IntermediateProofReplayer$BuiltInConstructionException: One Step Simplification is missing. Most probably the binary for this built-in rule is not in your path or you do not have the permission to execute it.
	at de.uka.ilkd.key.proof.io.IntermediateProofReplayer.constructBuiltinApp(IntermediateProofReplayer.java:630)

16119      WARN  main            d.u.i.k.p.r.p.ForkedTestFileRunner Run failed java.lang.Exception: Exception while loading proof (see cause for details): /home/runner/work/key/key/key.core/../key.ui/examples/heap/simple/array_creation.key.proof
	at de.uka.ilkd.key.proof.runallproofs.proofcollection.TestFile.reloadProof(TestFile.java:314)
Caused by: de.uka.ilkd.key.proof.io.ProblemLoaderException: Error loading proof.
Line 162, goal 53, rule One Step Simplification not available or not applicable in this context.
	at de.uka.ilkd.key.proof.io.IntermediateProofReplayer.reportError(IntermediateProofReplayer.java:782)
Caused by: de.uka.ilkd.key.proof.io.IntermediateProofReplayer$BuiltInConstructionException: One Step Simplification is missing. Most probably the binary for this built-in rule is not in your path or you do not have the permission to execute it.
	at de.uka.ilkd.key.proof.io.IntermediateProofReplayer.constructBuiltinApp(IntermediateProofReplayer.java:630)

16122      INFO  main            d.u.i.k.p.r.p.TestFile    Now processing file /home/runner/work/key/key/key.core/../key.ui/examples/heap/simple/arrays_with_disjoint_sorts.key 
16122      INFO  main            d.u.i.k.p.i.AbstractProblemLoader Loading environment from /home/runner/work/key/key/key.core/../key.ui/examples/heap/simple/arrays_with_disjoint_sorts.key 
16122      DEBUG main            d.u.i.k.p.i.AbstractProblemLoader Environment load took 241.4ns 
16124      INFO  main            d.u.i.k.p.i.AbstractProblemLoader Creating init config 
18433      DEBUG main            d.u.i.k.p.i.AbstractProblemLoader Init config took 2.31s 
18457      INFO  main            d.u.i.k.p.i.AbstractProblemLoader Replaying proof arrays_with_disjoint_sorts.key 
18458      DEBUG main            d.u.i.k.p.i.IntermediateProofReplayer Proof replay took 5.9ns 
18664      INFO  main            d.u.i.k.p.r.p.TestFile    ... finished proof: closed. 
18796      INFO  main            d.u.i.k.p.i.AbstractProblemLoader Loading environment from /home/runner/work/key/key/key.core/../key.ui/examples/heap/simple/arrays_with_disjoint_sorts.key.proof 
18799      DEBUG main            d.u.i.k.p.i.AbstractProblemLoader Environment load took 2.32ms 
18800      INFO  main            d.u.i.k.p.i.AbstractProblemLoader Creating init config 
21046      DEBUG main            d.u.i.k.p.i.AbstractProblemLoader Init config took 2.25s 
21067      INFO  main            d.u.i.k.p.i.AbstractProblemLoader Replaying proof arrays_with_disjoint_sorts.key.proof 
21092      DEBUG main            d.u.i.k.p.i.IntermediateProofReplayer Proof replay took 21.3ms 
21093      DEBUG main            d.u.i.k.p.r.p.TestFile    ... success: reloaded. 
21095      INFO  main            d.u.i.k.p.r.p.TestFile    Now processing file /home/runner/work/key/key/key.core/../key.ui/examples/heap/simple/arrays.key 
21095      INFO  main            d.u.i.k.p.i.AbstractProblemLoader Loading environment from /home/runner/work/key/key/key.core/../key.ui/examples/heap/simple/arrays.key 
21095      DEBUG main            d.u.i.k.p.i.AbstractProblemLoader Environment load took 205.5ns 
21097      INFO  main            d.u.i.k.p.i.AbstractProblemLoader Creating init config 
23353      DEBUG main            d.u.i.k.p.i.AbstractProblemLoader Init config took 2.26s 
23373      INFO  main            d.u.i.k.p.i.AbstractProblemLoader Replaying proof arrays.key 
23375      DEBUG main            d.u.i.k.p.i.IntermediateProofReplayer Proof replay took 5.2ns 
23578      INFO  main            d.u.i.k.p.r.p.TestFile    ... finished proof: closed. 
23709      INFO  main            d.u.i.k.p.i.AbstractProblemLoader Loading environment from /home/runner/work/key/key/key.core/../key.ui/examples/heap/simple/arrays.key.proof 
23709      DEBUG main            d.u.i.k.p.i.AbstractProblemLoader Environment load took 141.6ns 
23711      INFO  main            d.u.i.k.p.i.AbstractProblemLoader Creating init config 
25923      DEBUG main            d.u.i.k.p.i.AbstractProblemLoader Init config took 2.21s 
25943      INFO  main            d.u.i.k.p.i.AbstractProblemLoader Replaying proof arrays.key.proof 
25951      DEBUG main            d.u.i.k.p.i.IntermediateProofReplayer Proof replay took 4.22ms 
25952      WARN  main            d.u.i.k.p.r.p.TestFile    Replay exception de.uka.ilkd.key.proof.io.ProblemLoaderException: Error loading proof.
Line 105, goal 11, rule qeq_literals not available or not applicable in this context.
	at de.uka.ilkd.key.proof.io.IntermediateProofReplayer.reportError(IntermediateProofReplayer.java:782)
Caused by: de.uka.ilkd.key.proof.io.IntermediateProofReplayer$TacletAppConstructionException: Wrong position information: Term subterm: [1] of leq(add(Z(1(#)),mul(i,Z(neglit(1(#))))),Z(0(#)))
	at de.uka.ilkd.key.proof.io.IntermediateProofReplayer.constructTacletApp(IntermediateProofReplayer.java:460)
Caused by: java.lang.NullPointerException: null
	at de.uka.ilkd.key.proof.io.IntermediateProofReplayer.constructTacletApp(IntermediateProofReplayer.java:456)

25952      DEBUG main            d.u.i.k.p.r.p.TestFile    Exception java.lang.Exception: Exception while loading proof (see cause for details): /home/runner/work/key/key/key.core/../key.ui/examples/heap/simple/arrays.key.proof
	at de.uka.ilkd.key.proof.runallproofs.proofcollection.TestFile.reloadProof(TestFile.java:314)
Caused by: de.uka.ilkd.key.proof.io.ProblemLoaderException: Error loading proof.
Line 105, goal 11, rule qeq_literals not available or not applicable in this context.
	at de.uka.ilkd.key.proof.io.IntermediateProofReplayer.reportError(IntermediateProofReplayer.java:782)
Caused by: de.uka.ilkd.key.proof.io.IntermediateProofReplayer$TacletAppConstructionException: Wrong position information: Term subterm: [1] of leq(add(Z(1(#)),mul(i,Z(neglit(1(#))))),Z(0(#)))
	at de.uka.ilkd.key.proof.io.IntermediateProofReplayer.constructTacletApp(IntermediateProofReplayer.java:460)
Caused by: java.lang.NullPointerException: null
	at de.uka.ilkd.key.proof.io.IntermediateProofReplayer.constructTacletApp(IntermediateProofReplayer.java:456)

25953      WARN  main            d.u.i.k.p.r.p.ForkedTestFileRunner Run failed java.lang.Exception: Exception while loading proof (see cause for details): /home/runner/work/key/key/key.core/../key.ui/examples/heap/simple/arrays.key.proof
	at de.uka.ilkd.key.proof.runallproofs.proofcollection.TestFile.reloadProof(TestFile.java:314)
Caused by: de.uka.ilkd.key.proof.io.ProblemLoaderException: Error loading proof.
Line 105, goal 11, rule qeq_literals not available or not applicable in this context.
	at de.uka.ilkd.key.proof.io.IntermediateProofReplayer.reportError(IntermediateProofReplayer.java:782)
Caused by: de.uka.ilkd.key.proof.io.IntermediateProofReplayer$TacletAppConstructionException: Wrong position information: Term subterm: [1] of leq(add(Z(1(#)),mul(i,Z(neglit(1(#))))),Z(0(#)))
	at de.uka.ilkd.key.proof.io.IntermediateProofReplayer.constructTacletApp(IntermediateProofReplayer.java:460)
Caused by: java.lang.NullPointerException: null
	at de.uka.ilkd.key.proof.io.IntermediateProofReplayer.constructTacletApp(IntermediateProofReplayer.java:456)

25955      INFO  main            d.u.i.k.p.r.p.TestFile    Now processing file /home/runner/work/key/key/key.core/../key.ui/examples/heap/simple/attributes.key 
25955      INFO  main            d.u.i.k.p.i.AbstractProblemLoader Loading environment from /home/runner/work/key/key/key.core/../key.ui/examples/heap/simple/attributes.key 
25956      DEBUG main            d.u.i.k.p.i.AbstractProblemLoader Environment load took 219.5ns 
25957      INFO  main            d.u.i.k.p.i.AbstractProblemLoader Creating init config 
28236      DEBUG main            d.u.i.k.p.i.AbstractProblemLoader Init config took 2.28s 
28256      INFO  main            d.u.i.k.p.i.AbstractProblemLoader Replaying proof attributes.key 
28258      DEBUG main            d.u.i.k.p.i.IntermediateProofReplayer Proof replay took 5.7ns 
28360      INFO  main            d.u.i.k.p.r.p.TestFile    ... finished proof: closed. 
28498      INFO  main            d.u.i.k.p.i.AbstractProblemLoader Loading environment from /home/runner/work/key/key/key.core/../key.ui/examples/heap/simple/attributes.key.proof 
28498      DEBUG main            d.u.i.k.p.i.AbstractProblemLoader Environment load took 106.3ns 
28499      INFO  main            d.u.i.k.p.i.AbstractProblemLoader Creating init config 
30705      DEBUG main            d.u.i.k.p.i.AbstractProblemLoader Init config took 2.21s 
30723      INFO  main            d.u.i.k.p.i.AbstractProblemLoader Replaying proof attributes.key.proof 
30727      DEBUG main            d.u.i.k.p.i.IntermediateProofReplayer Proof replay took 1.72ms 
30728      DEBUG main            d.u.i.k.p.r.p.TestFile    ... success: reloaded. 
30730      INFO  main            d.u.i.k.p.r.p.TestFile    Now processing file /home/runner/work/key/key/key.core/../key.ui/examples/heap/simple/constructor_contracts.key 
30730      INFO  main            d.u.i.k.p.i.AbstractProblemLoader Loading environment from /home/runner/work/key/key/key.core/../key.ui/examples/heap/simple/constructor_contracts.key 
30731      DEBUG main            d.u.i.k.p.i.AbstractProblemLoader Environment load took 206.5ns 
30732      INFO  main            d.u.i.k.p.i.AbstractProblemLoader Creating init config 
33345      DEBUG main            d.u.i.k.p.i.AbstractProblemLoader Init config took 2.61s 
33365      INFO  main            d.u.i.k.p.i.AbstractProblemLoader Replaying proof constructor_contracts.key 
33367      DEBUG main            d.u.i.k.p.i.IntermediateProofReplayer Proof replay took 5.6ns 
33976      INFO  main            d.u.i.k.p.r.p.TestFile    ... finished proof: closed. 
34165      INFO  main            d.u.i.k.p.i.AbstractProblemLoader Loading environment from /home/runner/work/key/key/key.core/../key.ui/examples/heap/simple/constructor_contracts.key.proof 
34165      DEBUG main            d.u.i.k.p.i.AbstractProblemLoader Environment load took 394ns 
34167      INFO  main            d.u.i.k.p.i.AbstractProblemLoader Creating init config 
36637      DEBUG main            d.u.i.k.p.i.AbstractProblemLoader Init config took 2.47s 
36658      INFO  main            d.u.i.k.p.i.AbstractProblemLoader Replaying proof constructor_contracts.key.proof 
36765      DEBUG main            d.u.i.k.p.i.IntermediateProofReplayer Proof replay took 102.82ms 
36767      DEBUG main            d.u.i.k.p.r.p.TestFile    ... success: reloaded. 
36770      INFO  main            d.u.i.k.p.r.p.TestFile    Now processing file /home/runner/work/key/key/key.core/../key.ui/examples/heap/simple/dependencies.key 
36770      INFO  main            d.u.i.k.p.i.AbstractProblemLoader Loading environment from /home/runner/work/key/key/key.core/../key.ui/examples/heap/simple/dependencies.key 
36770      DEBUG main            d.u.i.k.p.i.AbstractProblemLoader Environment load took 192.4ns 
36771      INFO  main            d.u.i.k.p.i.AbstractProblemLoader Creating init config 
39002      DEBUG main            d.u.i.k.p.i.AbstractProblemLoader Init config took 2.23s 
39019      INFO  main            d.u.i.k.p.i.AbstractProblemLoader Replaying proof dependencies.key 
39020      DEBUG main            d.u.i.k.p.i.IntermediateProofReplayer Proof replay took 5.7ns 
39124      INFO  main            d.u.i.k.p.r.p.TestFile    ... finished proof: closed. 
39346      INFO  main            d.u.i.k.p.i.AbstractProblemLoader Loading environment from /home/runner/work/key/key/key.core/../key.ui/examples/heap/simple/dependencies.key.proof 
39350      DEBUG main            d.u.i.k.p.i.AbstractProblemLoader Environment load took 3.94ms 
39352      INFO  main            d.u.i.k.p.i.AbstractProblemLoader Creating init config 
41514      DEBUG main            d.u.i.k.p.i.AbstractProblemLoader Init config took 2.16s 
41530      INFO  main            d.u.i.k.p.i.AbstractProblemLoader Replaying proof dependencies.key.proof 
41540      DEBUG main            d.u.i.k.p.i.IntermediateProofReplayer Proof replay took 8.05ms 
41541      DEBUG main            d.u.i.k.p.r.p.TestFile    ... success: reloaded. 
41543      INFO  main            d.u.i.k.p.r.p.TestFile    Now processing file /home/runner/work/key/key/key.core/../key.ui/examples/heap/simple/dependency_contracts.key 
41543      INFO  main            d.u.i.k.p.i.AbstractProblemLoader Loading environment from /home/runner/work/key/key/key.core/../key.ui/examples/heap/simple/dependency_contracts.key 
41543      DEBUG main            d.u.i.k.p.i.AbstractProblemLoader Environment load took 87.3ns 
41544      INFO  main            d.u.i.k.p.i.AbstractProblemLoader Creating init config 
43963      DEBUG main            d.u.i.k.p.i.AbstractProblemLoader Init config took 2.42s 
43981      INFO  main            d.u.i.k.p.i.AbstractProblemLoader Replaying proof dependency_contracts.key 
43982      DEBUG main            d.u.i.k.p.i.IntermediateProofReplayer Proof replay took 6.1ns 
45292      INFO  main            d.u.i.k.p.r.p.TestFile    ... finished proof: closed. 
45461      INFO  main            d.u.i.k.p.i.AbstractProblemLoader Loading environment from /home/runner/work/key/key/key.core/../key.ui/examples/heap/simple/dependency_contracts.key.proof 
45461      DEBUG main            d.u.i.k.p.i.AbstractProblemLoader Environment load took 430.7ns 
45463      INFO  main            d.u.i.k.p.i.AbstractProblemLoader Creating init config 
47866      DEBUG main            d.u.i.k.p.i.AbstractProblemLoader Init config took 2.4s 
47885      INFO  main            d.u.i.k.p.i.AbstractProblemLoader Replaying proof dependency_contracts.key.proof 
48065      DEBUG main            d.u.i.k.p.i.IntermediateProofReplayer Proof replay took 170.64ms 
48067      DEBUG main            d.u.i.k.p.r.p.TestFile    ... success: reloaded. 
48069      INFO  main            d.u.i.k.p.r.p.TestFile    Now processing file /home/runner/work/key/key/key.core/../key.ui/examples/heap/simple/invariant_preservation.key 
48070      INFO  main            d.u.i.k.p.i.AbstractProblemLoader Loading environment from /home/runner/work/key/key/key.core/../key.ui/examples/heap/simple/invariant_preservation.key 
48070      DEBUG main            d.u.i.k.p.i.AbstractProblemLoader Environment load took 187.6ns 
48071      INFO  main            d.u.i.k.p.i.AbstractProblemLoader Creating init config 
50506      DEBUG main            d.u.i.k.p.i.AbstractProblemLoader Init config took 2.43s 
50523      INFO  main            d.u.i.k.p.i.AbstractProblemLoader Replaying proof invariant_preservation.key 
50526      DEBUG main            d.u.i.k.p.i.IntermediateProofReplayer Proof replay took 5.6ns 
50732      INFO  main            d.u.i.k.p.r.p.TestFile    ... finished proof: closed. 
50921      INFO  main            d.u.i.k.p.i.AbstractProblemLoader Loading environment from /home/runner/work/key/key/key.core/../key.ui/examples/heap/simple/invariant_preservation.key.proof 
50921      DEBUG main            d.u.i.k.p.i.AbstractProblemLoader Environment load took 111.5ns 
50925      INFO  main            d.u.i.k.p.i.AbstractProblemLoader Creating init config 
53324      DEBUG main            d.u.i.k.p.i.AbstractProblemLoader Init config took 2.4s 
53341      INFO  main            d.u.i.k.p.i.AbstractProblemLoader Replaying proof invariant_preservation.key.proof 
53370      DEBUG main            d.u.i.k.p.i.IntermediateProofReplayer Proof replay took 26.19ms 
53371      DEBUG main            d.u.i.k.p.r.p.TestFile    ... success: reloaded. 
53374      INFO  main            d.u.i.k.p.r.p.TestFile    Now processing file /home/runner/work/key/key/key.core/../key.ui/examples/heap/simple/locsets.key 
53374      INFO  main            d.u.i.k.p.i.AbstractProblemLoader Loading environment from /home/runner/work/key/key/key.core/../key.ui/examples/heap/simple/locsets.key 
53375      DEBUG main            d.u.i.k.p.i.AbstractProblemLoader Environment load took 202.9ns 
53376      INFO  main            d.u.i.k.p.i.AbstractProblemLoader Creating init config 
55511      DEBUG main            d.u.i.k.p.i.AbstractProblemLoader Init config took 2.13s 
55525      INFO  main            d.u.i.k.p.i.AbstractProblemLoader Replaying proof locsets.key 
55526      DEBUG main            d.u.i.k.p.i.IntermediateProofReplayer Proof replay took 5.5ns 
55632      INFO  main            d.u.i.k.p.r.p.TestFile    ... finished proof: closed. 
55803      INFO  main            d.u.i.k.p.i.AbstractProblemLoader Loading environment from /home/runner/work/key/key/key.core/../key.ui/examples/heap/simple/locsets.key.proof 
55803      DEBUG main            d.u.i.k.p.i.AbstractProblemLoader Environment load took 98.7ns 
55804      INFO  main            d.u.i.k.p.i.AbstractProblemLoader Creating init config 
57959      DEBUG main            d.u.i.k.p.i.AbstractProblemLoader Init config took 2.16s 
57974      INFO  main            d.u.i.k.p.i.AbstractProblemLoader Replaying proof locsets.key.proof 
57977      DEBUG main            d.u.i.k.p.i.IntermediateProofReplayer Proof replay took 1.6ms 
57978      DEBUG main            d.u.i.k.p.r.p.TestFile    ... success: reloaded. 
57980      INFO  main            d.u.i.k.p.r.p.TestFile    Now processing file /home/runner/work/key/key/key.core/../key.ui/examples/heap/simple/loop1.key 
57980      INFO  main            d.u.i.k.p.i.AbstractProblemLoader Loading environment from /home/runner/work/key/key/key.core/../key.ui/examples/heap/simple/loop1.key 
57980      DEBUG main            d.u.i.k.p.i.AbstractProblemLoader Environment load took 86ns 
57981      INFO  main            d.u.i.k.p.i.AbstractProblemLoader Creating init config 
60390      DEBUG main            d.u.i.k.p.i.AbstractProblemLoader Init config took 2.41s 
60406      INFO  main            d.u.i.k.p.i.AbstractProblemLoader Replaying proof loop1.key 
60407      DEBUG main            d.u.i.k.p.i.IntermediateProofReplayer Proof replay took 5.6ns 
60610      INFO  main            d.u.i.k.p.r.p.TestFile    ... finished proof: closed. 
60787      INFO  main            d.u.i.k.p.i.AbstractProblemLoader Loading environment from /home/runner/work/key/key/key.core/../key.ui/examples/heap/simple/loop1.key.proof 
60788      DEBUG main            d.u.i.k.p.i.AbstractProblemLoader Environment load took 120.4ns 
60790      INFO  main            d.u.i.k.p.i.AbstractProblemLoader Creating init config 
63202      DEBUG main            d.u.i.k.p.i.AbstractProblemLoader Init config took 2.41s 
63218      INFO  main            d.u.i.k.p.i.AbstractProblemLoader Replaying proof loop1.key.proof 
63295      DEBUG main            d.u.i.k.p.i.IntermediateProofReplayer Proof replay took 70.93ms 
63296      DEBUG main            d.u.i.k.p.r.p.TestFile    ... success: reloaded. 
63298      INFO  main            d.u.i.k.p.r.p.TestFile    Now processing file /home/runner/work/key/key/key.core/../key.ui/examples/heap/simple/loop2.key 
63299      INFO  main            d.u.i.k.p.i.AbstractProblemLoader Loading environment from /home/runner/work/key/key/key.core/../key.ui/examples/heap/simple/loop2.key 
63299      DEBUG main            d.u.i.k.p.i.AbstractProblemLoader Environment load took 192.9ns 
63300      INFO  main            d.u.i.k.p.i.AbstractProblemLoader Creating init config 
65730      DEBUG main            d.u.i.k.p.i.AbstractProblemLoader Init config took 2.43s 
65745      INFO  main            d.u.i.k.p.i.AbstractProblemLoader Replaying proof loop2.key 
65747      DEBUG main            d.u.i.k.p.i.IntermediateProofReplayer Proof replay took 6.6ns 
66353      INFO  main            d.u.i.k.p.r.p.TestFile    ... finished proof: closed. 
66552      INFO  main            d.u.i.k.p.i.AbstractProblemLoader Loading environment from /home/runner/work/key/key/key.core/../key.ui/examples/heap/simple/loop2.key.proof 
66553      DEBUG main            d.u.i.k.p.i.AbstractProblemLoader Environment load took 1.06ms 
66554      INFO  main            d.u.i.k.p.i.AbstractProblemLoader Creating init config 
68888      DEBUG main            d.u.i.k.p.i.AbstractProblemLoader Init config took 2.33s 
68909      INFO  main            d.u.i.k.p.i.AbstractProblemLoader Replaying proof loop2.key.proof 
68978      DEBUG main            d.u.i.k.p.i.IntermediateProofReplayer Proof replay took 63.5ms 
68979      WARN  main            d.u.i.k.p.r.p.TestFile    Replay exception de.uka.ilkd.key.proof.io.ProblemLoaderException: Error loading proof.
Line 273, goal 151, rule One Step Simplification not available or not applicable in this context.
	at de.uka.ilkd.key.proof.io.IntermediateProofReplayer.reportError(IntermediateProofReplayer.java:782)
Caused by: de.uka.ilkd.key.proof.io.IntermediateProofReplayer$BuiltInConstructionException: Wrong position information.
	at de.uka.ilkd.key.proof.io.IntermediateProofReplayer.constructBuiltinApp(IntermediateProofReplayer.java:595)
Caused by: java.lang.RuntimeException: No formula nr. 12 in seq. [geq(i_0,Z(0(#)))<<origin(assignable @ file MyClass.java @ line 59) ([])>>,geq(length(a),i_0)<<origin(assignable @ file MyClass.java @ line 59) ([])>>,all{x:int}(or(or(leq(x,Z(neglit(1(#))))<<origin(assignable @ file MyClass.java @ line 59) ([assignable @ file MyClass.java @ line 59])>>,geq(x,i_0)<<origin(assignable @ file MyClass.java @ line 59) ([assignable @ file MyClass.java @ line 59])>>)<<origin(assignable @ file MyClass.java @ line 59) ([assignable @ file MyClass.java @ line 59])>>,equals(int::select(anon(heap,allFields(a),anon_heap_LOOP_0<<anonHeapFunction>>),a<<origin(assignable @ file MyClass.java @ line 59) ([])>>,arr(x)),int::select(heap,self,MyClass::$attr2))<<origin(assignable @ file MyClass.java @ line 59) ([assignable @ file MyClass.java @ line 59])>>)<<origin(assignable @ file MyClass.java @ line 59) ([assignable @ file MyClass.java @ line 59])>>)<<origin(assignable @ file MyClass.java @ line 59) ([assignable @ file MyClass.java @ line 59])>>,wellFormed(anon_heap_LOOP_0)<<anonHeapFunction>>,equals(boolean::select(heap,self,java.lang.Object::<created>),TRUE),equals(boolean::select(heap,a,java.lang.Object::<created>),TRUE),wellFormed(heap),equals(heapAtPre,heap)]==>[equals(self,null),equals(a,null),update-application(elem-update(i_2)(length(a<<origin(<none> (implicit)) ([loop_invariant @ file MyClass.java @ line 58, decreases @ file MyClass.java @ line 60])>>))<<origin(<none> (implicit)) ([loop_invariant @ file MyClass.java @ line 58, decreases @ file MyClass.java @ line 60])>>,\<{
  method-frame (source=loop2(int[])@MyClass, this=self) {
    loop-scope (b) {
      b_1 = i_1 < i_2;
      if (b_1) {
        {
          {
            a[i] = j + this.attr2;
          }
          i++;
        }
        continue;
      } else {
        {
          break;
        }
      }
    }
  }
}\> (and(imp(equals(b<<loopScopeIndex>>,TRUE),all{x:int}(or(or(leq(x,Z(neglit(1(#)))),geq(x,length(a))),equals(int::select(heap,a,arr(x)),int::select(heapAtPre,self,MyClass::$attr2))))),imp(not(equals(b<<loopScopeIndex>>,TRUE)),and(and(and(and(geq(i,Z(0(#))),geq(length(a),i))<<SC>>,all{x:int}(or(or(leq(x,Z(neglit(1(#)))),geq(x,i)),equals(int::select(heap,a,arr(x)),int::select(heapBefore_loop2,self,MyClass::$attr2)))))<<SC, origin(loop_invariant @ file MyClass.java @ line 58) ([])>>,all{f:Field}(all{o:java.lang.Object}(or(or(equals(o,a),and(not(equals(o,null)),not(equals(boolean::select(h,o,java.lang.Object::<created>),TRUE)))),equals(any::select(h,o,f),any::select(heap,o,f))))))<<origin(loop_invariant @ file MyClass.java @ line 58) ([loop_invariant @ file MyClass.java @ line 58])>>,prec(add(mul(i,Z(neglit(1(#)))),length(a)),a_1)<<origin(decreases @ file MyClass.java @ line 60) ([])>>)<<origin(<none> (implicit)) ([loop_invariant @ file MyClass.java @ line 58, decreases @ file MyClass.java @ line 60])>>)<<origin(<none> (implicit)) ([loop_invariant @ file MyClass.java @ line 58, decreases @ file MyClass.java @ line 60])>>)<<origin(<none> (implicit)) ([loop_invariant @ file MyClass.java @ line 58, decreases @ file MyClass.java @ line 60])>>)<<origin(<none> (implicit)) ([loop_invariant @ file MyClass.java @ line 58, decreases @ file MyClass.java @ line 60])>>)<<origin(<none> (implicit)) ([loop_invariant @ file MyClass.java @ line 58, decreases @ file MyClass.java @ line 60])>>]
	at de.uka.ilkd.key.logic.Sequent.getFormulabyNr(Sequent.java:291)

68979      WARN  main            d.u.i.k.p.r.p.TestFile    Replay exception de.uka.ilkd.key.proof.io.ProblemLoaderException: Error loading proof.
Line 630, goal 152, rule One Step Simplification not available or not applicable in this context.
	at de.uka.ilkd.key.proof.io.IntermediateProofReplayer.reportError(IntermediateProofReplayer.java:782)
Caused by: de.uka.ilkd.key.proof.io.IntermediateProofReplayer$BuiltInConstructionException: One Step Simplification is missing. Most probably the binary for this built-in rule is not in your path or you do not have the permission to execute it.
	at de.uka.ilkd.key.proof.io.IntermediateProofReplayer.constructBuiltinApp(IntermediateProofReplayer.java:630)

68980      DEBUG main            d.u.i.k.p.r.p.TestFile    Exception java.lang.Exception: Exception while loading proof (see cause for details): /home/runner/work/key/key/key.core/../key.ui/examples/heap/simple/loop2.key.proof
	at de.uka.ilkd.key.proof.runallproofs.proofcollection.TestFile.reloadProof(TestFile.java:314)
Caused by: de.uka.ilkd.key.proof.io.ProblemLoaderException: Error loading proof.
Line 273, goal 151, rule One Step Simplification not available or not applicable in this context.
	at de.uka.ilkd.key.proof.io.IntermediateProofReplayer.reportError(IntermediateProofReplayer.java:782)
Caused by: de.uka.ilkd.key.proof.io.IntermediateProofReplayer$BuiltInConstructionException: Wrong position information.
	at de.uka.ilkd.key.proof.io.IntermediateProofReplayer.constructBuiltinApp(IntermediateProofReplayer.java:595)
Caused by: java.lang.RuntimeException: No formula nr. 12 in seq. [geq(i_0,Z(0(#)))<<origin(assignable @ file MyClass.java @ line 59) ([])>>,geq(length(a),i_0)<<origin(assignable @ file MyClass.java @ line 59) ([])>>,all{x:int}(or(or(leq(x,Z(neglit(1(#))))<<origin(assignable @ file MyClass.java @ line 59) ([assignable @ file MyClass.java @ line 59])>>,geq(x,i_0)<<origin(assignable @ file MyClass.java @ line 59) ([assignable @ file MyClass.java @ line 59])>>)<<origin(assignable @ file MyClass.java @ line 59) ([assignable @ file MyClass.java @ line 59])>>,equals(int::select(anon(heap,allFields(a),anon_heap_LOOP_0<<anonHeapFunction>>),a<<origin(assignable @ file MyClass.java @ line 59) ([])>>,arr(x)),int::select(heap,self,MyClass::$attr2))<<origin(assignable @ file MyClass.java @ line 59) ([assignable @ file MyClass.java @ line 59])>>)<<origin(assignable @ file MyClass.java @ line 59) ([assignable @ file MyClass.java @ line 59])>>)<<origin(assignable @ file MyClass.java @ line 59) ([assignable @ file MyClass.java @ line 59])>>,wellFormed(anon_heap_LOOP_0)<<anonHeapFunction>>,equals(boolean::select(heap,self,java.lang.Object::<created>),TRUE),equals(boolean::select(heap,a,java.lang.Object::<created>),TRUE),wellFormed(heap),equals(heapAtPre,heap)]==>[equals(self,null),equals(a,null),update-application(elem-update(i_2)(length(a<<origin(<none> (implicit)) ([loop_invariant @ file MyClass.java @ line 58, decreases @ file MyClass.java @ line 60])>>))<<origin(<none> (implicit)) ([loop_invariant @ file MyClass.java @ line 58, decreases @ file MyClass.java @ line 60])>>,\<{
  method-frame (source=loop2(int[])@MyClass, this=self) {
    loop-scope (b) {
      b_1 = i_1 < i_2;
      if (b_1) {
        {
          {
            a[i] = j + this.attr2;
          }
          i++;
        }
        continue;
      } else {
        {
          break;
        }
      }
    }
  }
}\> (and(imp(equals(b<<loopScopeIndex>>,TRUE),all{x:int}(or(or(leq(x,Z(neglit(1(#)))),geq(x,length(a))),equals(int::select(heap,a,arr(x)),int::select(heapAtPre,self,MyClass::$attr2))))),imp(not(equals(b<<loopScopeIndex>>,TRUE)),and(and(and(and(geq(i,Z(0(#))),geq(length(a),i))<<SC>>,all{x:int}(or(or(leq(x,Z(neglit(1(#)))),geq(x,i)),equals(int::select(heap,a,arr(x)),int::select(heapBefore_loop2,self,MyClass::$attr2)))))<<SC, origin(loop_invariant @ file MyClass.java @ line 58) ([])>>,all{f:Field}(all{o:java.lang.Object}(or(or(equals(o,a),and(not(equals(o,null)),not(equals(boolean::select(h,o,java.lang.Object::<created>),TRUE)))),equals(any::select(h,o,f),any::select(heap,o,f))))))<<origin(loop_invariant @ file MyClass.java @ line 58) ([loop_invariant @ file MyClass.java @ line 58])>>,prec(add(mul(i,Z(neglit(1(#)))),length(a)),a_1)<<origin(decreases @ file MyClass.java @ line 60) ([])>>)<<origin(<none> (implicit)) ([loop_invariant @ file MyClass.java @ line 58, decreases @ file MyClass.java @ line 60])>>)<<origin(<none> (implicit)) ([loop_invariant @ file MyClass.java @ line 58, decreases @ file MyClass.java @ line 60])>>)<<origin(<none> (implicit)) ([loop_invariant @ file MyClass.java @ line 58, decreases @ file MyClass.java @ line 60])>>)<<origin(<none> (implicit)) ([loop_invariant @ file MyClass.java @ line 58, decreases @ file MyClass.java @ line 60])>>)<<origin(<none> (implicit)) ([loop_invariant @ file MyClass.java @ line 58, decreases @ file MyClass.java @ line 60])>>]
	at de.uka.ilkd.key.logic.Sequent.getFormulabyNr(Sequent.java:291)

68981      WARN  main            d.u.i.k.p.r.p.ForkedTestFileRunner Run failed java.lang.Exception: Exception while loading proof (see cause for details): /home/runner/work/key/key/key.core/../key.ui/examples/heap/simple/loop2.key.proof
	at de.uka.ilkd.key.proof.runallproofs.proofcollection.TestFile.reloadProof(TestFile.java:314)
Caused by: de.uka.ilkd.key.proof.io.ProblemLoaderException: Error loading proof.
Line 273, goal 151, rule One Step Simplification not available or not applicable in this context.
	at de.uka.ilkd.key.proof.io.IntermediateProofReplayer.reportError(IntermediateProofReplayer.java:782)
Caused by: de.uka.ilkd.key.proof.io.IntermediateProofReplayer$BuiltInConstructionException: Wrong position information.
	at de.uka.ilkd.key.proof.io.IntermediateProofReplayer.constructBuiltinApp(IntermediateProofReplayer.java:595)
Caused by: java.lang.RuntimeException: No formula nr. 12 in seq. [geq(i_0,Z(0(#)))<<origin(assignable @ file MyClass.java @ line 59) ([])>>,geq(length(a),i_0)<<origin(assignable @ file MyClass.java @ line 59) ([])>>,all{x:int}(or(or(leq(x,Z(neglit(1(#))))<<origin(assignable @ file MyClass.java @ line 59) ([assignable @ file MyClass.java @ line 59])>>,geq(x,i_0)<<origin(assignable @ file MyClass.java @ line 59) ([assignable @ file MyClass.java @ line 59])>>)<<origin(assignable @ file MyClass.java @ line 59) ([assignable @ file MyClass.java @ line 59])>>,equals(int::select(anon(heap,allFields(a),anon_heap_LOOP_0<<anonHeapFunction>>),a<<origin(assignable @ file MyClass.java @ line 59) ([])>>,arr(x)),int::select(heap,self,MyClass::$attr2))<<origin(assignable @ file MyClass.java @ line 59) ([assignable @ file MyClass.java @ line 59])>>)<<origin(assignable @ file MyClass.java @ line 59) ([assignable @ file MyClass.java @ line 59])>>)<<origin(assignable @ file MyClass.java @ line 59) ([assignable @ file MyClass.java @ line 59])>>,wellFormed(anon_heap_LOOP_0)<<anonHeapFunction>>,equals(boolean::select(heap,self,java.lang.Object::<created>),TRUE),equals(boolean::select(heap,a,java.lang.Object::<created>),TRUE),wellFormed(heap),equals(heapAtPre,heap)]==>[equals(self,null),equals(a,null),update-application(elem-update(i_2)(length(a<<origin(<none> (implicit)) ([loop_invariant @ file MyClass.java @ line 58, decreases @ file MyClass.java @ line 60])>>))<<origin(<none> (implicit)) ([loop_invariant @ file MyClass.java @ line 58, decreases @ file MyClass.java @ line 60])>>,\<{
  method-frame (source=loop2(int[])@MyClass, this=self) {
    loop-scope (b) {
      b_1 = i_1 < i_2;
      if (b_1) {
        {
          {
            a[i] = j + this.attr2;
          }
          i++;
        }
        continue;
      } else {
        {
          break;
        }
      }
    }
  }
}\> (and(imp(equals(b<<loopScopeIndex>>,TRUE),all{x:int}(or(or(leq(x,Z(neglit(1(#)))),geq(x,length(a))),equals(int::select(heap,a,arr(x)),int::select(heapAtPre,self,MyClass::$attr2))))),imp(not(equals(b<<loopScopeIndex>>,TRUE)),and(and(and(and(geq(i,Z(0(#))),geq(length(a),i))<<SC>>,all{x:int}(or(or(leq(x,Z(neglit(1(#)))),geq(x,i)),equals(int::select(heap,a,arr(x)),int::select(heapBefore_loop2,self,MyClass::$attr2)))))<<SC, origin(loop_invariant @ file MyClass.java @ line 58) ([])>>,all{f:Field}(all{o:java.lang.Object}(or(or(equals(o,a),and(not(equals(o,null)),not(equals(boolean::select(h,o,java.lang.Object::<created>),TRUE)))),equals(any::select(h,o,f),any::select(heap,o,f))))))<<origin(loop_invariant @ file MyClass.java @ line 58) ([loop_invariant @ file MyClass.java @ line 58])>>,prec(add(mul(i,Z(neglit(1(#)))),length(a)),a_1)<<origin(decreases @ file MyClass.java @ line 60) ([])>>)<<origin(<none> (implicit)) ([loop_invariant @ file MyClass.java @ line 58, decreases @ file MyClass.java @ line 60])>>)<<origin(<none> (implicit)) ([loop_invariant @ file MyClass.java @ line 58, decreases @ file MyClass.java @ line 60])>>)<<origin(<none> (implicit)) ([loop_invariant @ file MyClass.java @ line 58, decreases @ file MyClass.java @ line 60])>>)<<origin(<none> (implicit)) ([loop_invariant @ file MyClass.java @ line 58, decreases @ file MyClass.java @ line 60])>>)<<origin(<none> (implicit)) ([loop_invariant @ file MyClass.java @ line 58, decreases @ file MyClass.java @ line 60])>>]
	at de.uka.ilkd.key.logic.Sequent.getFormulabyNr(Sequent.java:291)

68983      INFO  main            d.u.i.k.p.r.p.TestFile    Now processing file /home/runner/work/key/key/key.core/../key.ui/examples/heap/simple/modifies_datagroup.key 
68984      INFO  main            d.u.i.k.p.i.AbstractProblemLoader Loading environment from /home/runner/work/key/key/key.core/../key.ui/examples/heap/simple/modifies_datagroup.key 
68984      DEBUG main            d.u.i.k.p.i.AbstractProblemLoader Environment load took 177ns 
68985      INFO  main            d.u.i.k.p.i.AbstractProblemLoader Creating init config 
71179      DEBUG main            d.u.i.k.p.i.AbstractProblemLoader Init config took 2.19s 
71205      INFO  main            d.u.i.k.p.i.AbstractProblemLoader Replaying proof modifies_datagroup.key 
71206      DEBUG main            d.u.i.k.p.i.IntermediateProofReplayer Proof replay took 5.6ns 
71308      INFO  main            d.u.i.k.p.r.p.TestFile    ... finished proof: closed. 
71504      INFO  main            d.u.i.k.p.i.AbstractProblemLoader Loading environment from /home/runner/work/key/key/key.core/../key.ui/examples/heap/simple/modifies_datagroup.key.proof 
71504      DEBUG main            d.u.i.k.p.i.AbstractProblemLoader Environment load took 97.2ns 
71505      INFO  main            d.u.i.k.p.i.AbstractProblemLoader Creating init config 
73644      DEBUG main            d.u.i.k.p.i.AbstractProblemLoader Init config took 2.14s 
73658      INFO  main            d.u.i.k.p.i.AbstractProblemLoader Replaying proof modifies_datagroup.key.proof 
73663      DEBUG main            d.u.i.k.p.i.IntermediateProofReplayer Proof replay took 3.5ms 
73664      DEBUG main            d.u.i.k.p.r.p.TestFile    ... success: reloaded. 
73668      INFO  main            d.u.i.k.p.r.p.TestFile    Now processing file /home/runner/work/key/key/key.core/../key.ui/examples/heap/simple/modifies.key 
73669      INFO  main            d.u.i.k.p.i.AbstractProblemLoader Loading environment from /home/runner/work/key/key/key.core/../key.ui/examples/heap/simple/modifies.key 
73670      DEBUG main            d.u.i.k.p.i.AbstractProblemLoader Environment load took 682.1ns 
73671      INFO  main            d.u.i.k.p.i.AbstractProblemLoader Creating init config 
75813      DEBUG main            d.u.i.k.p.i.AbstractProblemLoader Init config took 2.14s 
75827      INFO  main            d.u.i.k.p.i.AbstractProblemLoader Replaying proof modifies.key 
75828      DEBUG main            d.u.i.k.p.i.IntermediateProofReplayer Proof replay took 5.8ns 
75931      INFO  main            d.u.i.k.p.r.p.TestFile    ... finished proof: closed. 
76187      INFO  main            d.u.i.k.p.i.AbstractProblemLoader Loading environment from /home/runner/work/key/key/key.core/../key.ui/examples/heap/simple/modifies.key.proof 
76188      DEBUG main            d.u.i.k.p.i.AbstractProblemLoader Environment load took 108.5ns 
76189      INFO  main            d.u.i.k.p.i.AbstractProblemLoader Creating init config 
78294      DEBUG main            d.u.i.k.p.i.AbstractProblemLoader Init config took 2.1s 
78308      INFO  main            d.u.i.k.p.i.AbstractProblemLoader Replaying proof modifies.key.proof 
78324      DEBUG main            d.u.i.k.p.i.IntermediateProofReplayer Proof replay took 14.69ms 
78325      DEBUG main            d.u.i.k.p.r.p.TestFile    ... success: reloaded. 
78327      INFO  main            d.u.i.k.p.r.p.TestFile    Now processing file /home/runner/work/key/key/key.core/../key.ui/examples/heap/simple/object_creation.key 
78328      INFO  main            d.u.i.k.p.i.AbstractProblemLoader Loading environment from /home/runner/work/key/key/key.core/../key.ui/examples/heap/simple/object_creation.key 
78328      DEBUG main            d.u.i.k.p.i.AbstractProblemLoader Environment load took 78.2ns 
78329      INFO  main            d.u.i.k.p.i.AbstractProblemLoader Creating init config 
80473      DEBUG main            d.u.i.k.p.i.AbstractProblemLoader Init config took 2.14s 
80488      INFO  main            d.u.i.k.p.i.AbstractProblemLoader Replaying proof object_creation.key 
80489      DEBUG main            d.u.i.k.p.i.IntermediateProofReplayer Proof replay took 6.1ns 
80692      INFO  main            d.u.i.k.p.r.p.TestFile    ... finished proof: closed. 
80895      INFO  main            d.u.i.k.p.i.AbstractProblemLoader Loading environment from /home/runner/work/key/key/key.core/../key.ui/examples/heap/simple/object_creation.key.proof 
80895      DEBUG main            d.u.i.k.p.i.AbstractProblemLoader Environment load took 104.9ns 
80896      INFO  main            d.u.i.k.p.i.AbstractProblemLoader Creating init config 
82991      DEBUG main            d.u.i.k.p.i.AbstractProblemLoader Init config took 2.1s 
83006      INFO  main            d.u.i.k.p.i.AbstractProblemLoader Replaying proof object_creation.key.proof 
83051      DEBUG main            d.u.i.k.p.i.IntermediateProofReplayer Proof replay took 42.49ms 
83052      DEBUG main            d.u.i.k.p.r.p.TestFile    ... success: reloaded. 
83053      INFO  main            d.u.i.k.p.r.p.TestFile    Now processing file /home/runner/work/key/key/key.core/../key.ui/examples/heap/simple/operation_contracts.key 
83054      INFO  main            d.u.i.k.p.i.AbstractProblemLoader Loading environment from /home/runner/work/key/key/key.core/../key.ui/examples/heap/simple/operation_contracts.key 
83054      DEBUG main            d.u.i.k.p.i.AbstractProblemLoader Environment load took 714.8ns 
83056      INFO  main            d.u.i.k.p.i.AbstractProblemLoader Creating init config 
85475      DEBUG main            d.u.i.k.p.i.AbstractProblemLoader Init config took 2.42s 
85490      INFO  main            d.u.i.k.p.i.AbstractProblemLoader Replaying proof operation_contracts.key 
85492      DEBUG main            d.u.i.k.p.i.IntermediateProofReplayer Proof replay took 5.6ns 
86297      INFO  main            d.u.i.k.p.r.p.TestFile    ... finished proof: closed. 
86537      INFO  main            d.u.i.k.p.i.AbstractProblemLoader Loading environment from /home/runner/work/key/key/key.core/../key.ui/examples/heap/simple/operation_contracts.key.proof 
86537      DEBUG main            d.u.i.k.p.i.AbstractProblemLoader Environment load took 393.4ns 
86539      INFO  main            d.u.i.k.p.i.AbstractProblemLoader Creating init config 
88857      DEBUG main            d.u.i.k.p.i.AbstractProblemLoader Init config took 2.32s 
88873      INFO  main            d.u.i.k.p.i.AbstractProblemLoader Replaying proof operation_contracts.key.proof 
88985      DEBUG main            d.u.i.k.p.i.IntermediateProofReplayer Proof replay took 105.34ms 
88987      DEBUG main            d.u.i.k.p.r.p.TestFile    ... success: reloaded. 
88989      INFO  main            d.u.i.k.p.r.p.TestFile    Now processing file /home/runner/work/key/key/key.core/../key.ui/examples/heap/simple/select_store.key 
88990      INFO  main            d.u.i.k.p.i.AbstractProblemLoader Loading environment from /home/runner/work/key/key/key.core/../key.ui/examples/heap/simple/select_store.key 
88990      DEBUG main            d.u.i.k.p.i.AbstractProblemLoader Environment load took 200.4ns 
88991      INFO  main            d.u.i.k.p.i.AbstractProblemLoader Creating init config 
91155      DEBUG main            d.u.i.k.p.i.AbstractProblemLoader Init config took 2.16s 
91169      INFO  main            d.u.i.k.p.i.AbstractProblemLoader Replaying proof select_store.key 
91171      DEBUG main            d.u.i.k.p.i.IntermediateProofReplayer Proof replay took 5.7ns 
91272      INFO  main            d.u.i.k.p.r.p.TestFile    ... finished proof: closed. 
91496      INFO  main            d.u.i.k.p.i.AbstractProblemLoader Loading environment from /home/runner/work/key/key/key.core/../key.ui/examples/heap/simple/select_store.key.proof 
91496      DEBUG main            d.u.i.k.p.i.AbstractProblemLoader Environment load took 93.4ns 
91498      INFO  main            d.u.i.k.p.i.AbstractProblemLoader Creating init config 
93624      DEBUG main            d.u.i.k.p.i.AbstractProblemLoader Init config took 2.13s 
93638      INFO  main            d.u.i.k.p.i.AbstractProblemLoader Replaying proof select_store.key.proof 
93642      DEBUG main            d.u.i.k.p.i.IntermediateProofReplayer Proof replay took 1.95ms 
93643      DEBUG main            d.u.i.k.p.r.p.TestFile    ... success: reloaded. 
93644      INFO  main            d.u.i.k.p.r.p.TestFile    Now processing file /home/runner/work/key/key/key.core/../key.ui/examples/heap/simple/selection_sort.key 
93644      INFO  main            d.u.i.k.p.i.AbstractProblemLoader Loading environment from /home/runner/work/key/key/key.core/../key.ui/examples/heap/simple/selection_sort.key 
93644      DEBUG main            d.u.i.k.p.i.AbstractProblemLoader Environment load took 76.1ns 
93646      INFO  main            d.u.i.k.p.i.AbstractProblemLoader Creating init config 
96039      DEBUG main            d.u.i.k.p.i.AbstractProblemLoader Init config took 2.39s 
96053      INFO  main            d.u.i.k.p.i.AbstractProblemLoader Replaying proof selection_sort.key 
96055      DEBUG main            d.u.i.k.p.i.IntermediateProofReplayer Proof replay took 5.6ns 
99665      INFO  main            d.u.i.k.p.r.p.TestFile    ... finished proof: closed. 
99914      INFO  main            d.u.i.k.p.i.AbstractProblemLoader Loading environment from /home/runner/work/key/key/key.core/../key.ui/examples/heap/simple/selection_sort.key.proof 
99914      DEBUG main            d.u.i.k.p.i.AbstractProblemLoader Environment load took 379.4ns 
99916      INFO  main            d.u.i.k.p.i.AbstractProblemLoader Creating init config 
102217     DEBUG main            d.u.i.k.p.i.AbstractProblemLoader Init config took 2.3s 
102232     INFO  main            d.u.i.k.p.i.AbstractProblemLoader Replaying proof selection_sort.key.proof 
102393     DEBUG main            d.u.i.k.p.i.IntermediateProofReplayer Proof replay took 135.66ms 
102394     WARN  main            d.u.i.k.p.r.p.TestFile    Replay exception de.uka.ilkd.key.proof.io.ProblemLoaderException: Error loading proof.
Line 539, goal 418, rule One Step Simplification not available or not applicable in this context.
	at de.uka.ilkd.key.proof.io.IntermediateProofReplayer.reportError(IntermediateProofReplayer.java:782)
Caused by: de.uka.ilkd.key.proof.io.IntermediateProofReplayer$BuiltInConstructionException: Wrong position information.
	at de.uka.ilkd.key.proof.io.IntermediateProofReplayer.constructBuiltinApp(IntermediateProofReplayer.java:595)
Caused by: java.lang.RuntimeException: No formula nr. 14 in seq. [geq(i_0,Z(0(#)))<<origin(assignable @ file MyClass.java @ line 76) ([])>>,geq(length(a),Z(0(#))),geq(length(a),i_0)<<origin(assignable @ file MyClass.java @ line 76) ([])>>,all{y:int}(all{x:int}(or(or(or(leq(x,Z(neglit(1(#))))<<origin(assignable @ file MyClass.java @ line 76) ([])>>,geq(y,i_0)<<origin(assignable @ file MyClass.java @ line 76) ([])>>)<<origin(assignable @ file MyClass.java @ line 76) ([assignable @ file MyClass.java @ line 76])>>,leq(y,x)<<origin(assignable @ file MyClass.java @ line 76) ([])>>)<<origin(assignable @ file MyClass.java @ line 76) ([assignable @ file MyClass.java @ line 76])>>,geq(int::select(anon(heap,allFields(a),anon_heap_LOOP_0<<anonHeapFunction>>),a<<origin(assignable @ file MyClass.java @ line 76) ([])>>,arr(y)),int::select(anon(heap,allFields(a),anon_heap_LOOP_0<<anonHeapFunction>>),a<<origin(assignable @ file MyClass.java @ line 76) ([])>>,arr(x)))<<origin(assignable @ file MyClass.java @ line 76) ([assignable @ file MyClass.java @ line 76])>>)<<origin(assignable @ file MyClass.java @ line 76) ([assignable @ file MyClass.java @ line 76])>>)<<origin(assignable @ file MyClass.java @ line 76) ([assignable @ file MyClass.java @ line 76])>>)<<origin(assignable @ file MyClass.java @ line 76) ([assignable @ file MyClass.java @ line 76])>>,all{y:int}(all{x:int}(or(or(or(or(leq(x,Z(neglit(1(#))))<<origin(assignable @ file MyClass.java @ line 76) ([assignable @ file MyClass.java @ line 76])>>,geq(x,i_0)<<origin(assignable @ file MyClass.java @ line 76) ([assignable @ file MyClass.java @ line 76])>>)<<origin(assignable @ file MyClass.java @ line 76) ([assignable @ file MyClass.java @ line 76])>>,leq(y,add(Z(neglit(1(#))),i_0))<<origin(assignable @ file MyClass.java @ line 76) ([assignable @ file MyClass.java @ line 76])>>)<<origin(assignable @ file MyClass.java @ line 76) ([assignable @ file MyClass.java @ line 76])>>,geq(y,length(a))<<origin(assignable @ file MyClass.java @ line 76) ([assignable @ file MyClass.java @ line 76])>>)<<origin(assignable @ file MyClass.java @ line 76) ([assignable @ file MyClass.java @ line 76])>>,geq(int::select(anon(heap,allFields(a),anon_heap_LOOP_0<<anonHeapFunction>>),a<<origin(assignable @ file MyClass.java @ line 76) ([])>>,arr(y)),int::select(anon(heap,allFields(a),anon_heap_LOOP_0<<anonHeapFunction>>),a<<origin(assignable @ file MyClass.java @ line 76) ([])>>,arr(x)))<<origin(assignable @ file MyClass.java @ line 76) ([assignable @ file MyClass.java @ line 76])>>)<<origin(assignable @ file MyClass.java @ line 76) ([assignable @ file MyClass.java @ line 76])>>)<<origin(assignable @ file MyClass.java @ line 76) ([assignable @ file MyClass.java @ line 76])>>)<<origin(assignable @ file MyClass.java @ line 76) ([assignable @ file MyClass.java @ line 76])>>,wellFormed(anon_heap_LOOP_0)<<anonHeapFunction>>,equals(boolean::select(heap,self,java.lang.Object::<created>),TRUE),equals(boolean::select(heap,a,java.lang.Object::<created>),TRUE),wellFormed(heap),equals(heapAtPre,heap)]==>[equals(self,null),equals(a,null),update-application(elem-update(i_2)(length(a<<origin(loop_invariant @ file MyClass.java @ line 73) ([loop_invariant @ file MyClass.java @ line 73])>>))<<origin(loop_invariant @ file MyClass.java @ line 73) ([loop_invariant @ file MyClass.java @ line 73])>>,\[{
  method-frame (source=selectionSort(int[])@MyClass) {
    loop-scope (b) {
      b_1 = i_1 < i_2;
      if (b_1) {
        {
          {
            int minIndex = i;
            for (int j = i + 1; j < a.length; j++) {
              if (a[j] < a[minIndex]) minIndex = j;
            }
            int temp = a[i];
            a[i] = a[minIndex];
            a[minIndex] = temp;
          }
          i++;
        }
        continue;
      } else {
        {
          break;
        }
      }
    }
  }
}\] (and(imp(equals(b<<loopScopeIndex>>,TRUE),all{x:int}(all{y:int}(or(or(or(leq(x,Z(0(#))),leq(y,x)),geq(y,length(a))),geq(int::select(heap,a,arr(y)),int::select(heap,a,arr(x))))))),imp(not(equals(b<<loopScopeIndex>>,TRUE)),and(and(and(and(geq(i,Z(0(#))),geq(length(a),i))<<SC>>,all{y:int}(all{x:int}(or(or(or(leq(x,Z(neglit(1(#)))),leq(y,x)),geq(y,i)),geq(int::select(heap,a,arr(y)),int::select(heap,a,arr(x)))))))<<SC>>,all{y:int}(all{x:int}(or(or(or(or(leq(x,Z(neglit(1(#)))),geq(x,i)),leq(y,add(Z(neglit(1(#))),i))),geq(y,length(a))),geq(int::select(heap,a,arr(y)),int::select(heap,a,arr(x)))))))<<SC, origin(loop_invariant @ file MyClass.java @ line 73) ([])>>,all{f:Field}(all{o:java.lang.Object}(or(or(equals(o,a),and(not(equals(o,null)),not(equals(boolean::select(h,o,java.lang.Object::<created>),TRUE)))),equals(any::select(h,o,f),any::select(heap,o,f))))))<<origin(loop_invariant @ file MyClass.java @ line 73) ([loop_invariant @ file MyClass.java @ line 73])>>)<<origin(loop_invariant @ file MyClass.java @ line 73) ([loop_invariant @ file MyClass.java @ line 73])>>)<<origin(loop_invariant @ file MyClass.java @ line 73) ([loop_invariant @ file MyClass.java @ line 73])>>)<<origin(loop_invariant @ file MyClass.java @ line 73) ([loop_invariant @ file MyClass.java @ line 73])>>)<<origin(loop_invariant @ file MyClass.java @ line 73) ([loop_invariant @ file MyClass.java @ line 73])>>]
	at de.uka.ilkd.key.logic.Sequent.getFormulabyNr(Sequent.java:291)

102395     WARN  main            d.u.i.k.p.r.p.TestFile    Replay exception de.uka.ilkd.key.proof.io.ProblemLoaderException: Error loading proof.
Line 3578, goal 419, rule One Step Simplification not available or not applicable in this context.
	at de.uka.ilkd.key.proof.io.IntermediateProofReplayer.reportError(IntermediateProofReplayer.java:782)
Caused by: de.uka.ilkd.key.proof.io.IntermediateProofReplayer$BuiltInConstructionException: One Step Simplification is missing. Most probably the binary for this built-in rule is not in your path or you do not have the permission to execute it.
	at de.uka.ilkd.key.proof.io.IntermediateProofReplayer.constructBuiltinApp(IntermediateProofReplayer.java:630)

102396     DEBUG main            d.u.i.k.p.r.p.TestFile    Exception java.lang.Exception: Exception while loading proof (see cause for details): /home/runner/work/key/key/key.core/../key.ui/examples/heap/simple/selection_sort.key.proof
	at de.uka.ilkd.key.proof.runallproofs.proofcollection.TestFile.reloadProof(TestFile.java:314)
Caused by: de.uka.ilkd.key.proof.io.ProblemLoaderException: Error loading proof.
Line 539, goal 418, rule One Step Simplification not available or not applicable in this context.
	at de.uka.ilkd.key.proof.io.IntermediateProofReplayer.reportError(IntermediateProofReplayer.java:782)
Caused by: de.uka.ilkd.key.proof.io.IntermediateProofReplayer$BuiltInConstructionException: Wrong position information.
	at de.uka.ilkd.key.proof.io.IntermediateProofReplayer.constructBuiltinApp(IntermediateProofReplayer.java:595)
Caused by: java.lang.RuntimeException: No formula nr. 14 in seq. [geq(i_0,Z(0(#)))<<origin(assignable @ file MyClass.java @ line 76) ([])>>,geq(length(a),Z(0(#))),geq(length(a),i_0)<<origin(assignable @ file MyClass.java @ line 76) ([])>>,all{y:int}(all{x:int}(or(or(or(leq(x,Z(neglit(1(#))))<<origin(assignable @ file MyClass.java @ line 76) ([])>>,geq(y,i_0)<<origin(assignable @ file MyClass.java @ line 76) ([])>>)<<origin(assignable @ file MyClass.java @ line 76) ([assignable @ file MyClass.java @ line 76])>>,leq(y,x)<<origin(assignable @ file MyClass.java @ line 76) ([])>>)<<origin(assignable @ file MyClass.java @ line 76) ([assignable @ file MyClass.java @ line 76])>>,geq(int::select(anon(heap,allFields(a),anon_heap_LOOP_0<<anonHeapFunction>>),a<<origin(assignable @ file MyClass.java @ line 76) ([])>>,arr(y)),int::select(anon(heap,allFields(a),anon_heap_LOOP_0<<anonHeapFunction>>),a<<origin(assignable @ file MyClass.java @ line 76) ([])>>,arr(x)))<<origin(assignable @ file MyClass.java @ line 76) ([assignable @ file MyClass.java @ line 76])>>)<<origin(assignable @ file MyClass.java @ line 76) ([assignable @ file MyClass.java @ line 76])>>)<<origin(assignable @ file MyClass.java @ line 76) ([assignable @ file MyClass.java @ line 76])>>)<<origin(assignable @ file MyClass.java @ line 76) ([assignable @ file MyClass.java @ line 76])>>,all{y:int}(all{x:int}(or(or(or(or(leq(x,Z(neglit(1(#))))<<origin(assignable @ file MyClass.java @ line 76) ([assignable @ file MyClass.java @ line 76])>>,geq(x,i_0)<<origin(assignable @ file MyClass.java @ line 76) ([assignable @ file MyClass.java @ line 76])>>)<<origin(assignable @ file MyClass.java @ line 76) ([assignable @ file MyClass.java @ line 76])>>,leq(y,add(Z(neglit(1(#))),i_0))<<origin(assignable @ file MyClass.java @ line 76) ([assignable @ file MyClass.java @ line 76])>>)<<origin(assignable @ file MyClass.java @ line 76) ([assignable @ file MyClass.java @ line 76])>>,geq(y,length(a))<<origin(assignable @ file MyClass.java @ line 76) ([assignable @ file MyClass.java @ line 76])>>)<<origin(assignable @ file MyClass.java @ line 76) ([assignable @ file MyClass.java @ line 76])>>,geq(int::select(anon(heap,allFields(a),anon_heap_LOOP_0<<anonHeapFunction>>),a<<origin(assignable @ file MyClass.java @ line 76) ([])>>,arr(y)),int::select(anon(heap,allFields(a),anon_heap_LOOP_0<<anonHeapFunction>>),a<<origin(assignable @ file MyClass.java @ line 76) ([])>>,arr(x)))<<origin(assignable @ file MyClass.java @ line 76) ([assignable @ file MyClass.java @ line 76])>>)<<origin(assignable @ file MyClass.java @ line 76) ([assignable @ file MyClass.java @ line 76])>>)<<origin(assignable @ file MyClass.java @ line 76) ([assignable @ file MyClass.java @ line 76])>>)<<origin(assignable @ file MyClass.java @ line 76) ([assignable @ file MyClass.java @ line 76])>>,wellFormed(anon_heap_LOOP_0)<<anonHeapFunction>>,equals(boolean::select(heap,self,java.lang.Object::<created>),TRUE),equals(boolean::select(heap,a,java.lang.Object::<created>),TRUE),wellFormed(heap),equals(heapAtPre,heap)]==>[equals(self,null),equals(a,null),update-application(elem-update(i_2)(length(a<<origin(loop_invariant @ file MyClass.java @ line 73) ([loop_invariant @ file MyClass.java @ line 73])>>))<<origin(loop_invariant @ file MyClass.java @ line 73) ([loop_invariant @ file MyClass.java @ line 73])>>,\[{
  method-frame (source=selectionSort(int[])@MyClass) {
    loop-scope (b) {
      b_1 = i_1 < i_2;
      if (b_1) {
        {
          {
            int minIndex = i;
            for (int j = i + 1; j < a.length; j++) {
              if (a[j] < a[minIndex]) minIndex = j;
            }
            int temp = a[i];
            a[i] = a[minIndex];
            a[minIndex] = temp;
          }
          i++;
        }
        continue;
      } else {
        {
          break;
        }
      }
    }
  }
}\] (and(imp(equals(b<<loopScopeIndex>>,TRUE),all{x:int}(all{y:int}(or(or(or(leq(x,Z(0(#))),leq(y,x)),geq(y,length(a))),geq(int::select(heap,a,arr(y)),int::select(heap,a,arr(x))))))),imp(not(equals(b<<loopScopeIndex>>,TRUE)),and(and(and(and(geq(i,Z(0(#))),geq(length(a),i))<<SC>>,all{y:int}(all{x:int}(or(or(or(leq(x,Z(neglit(1(#)))),leq(y,x)),geq(y,i)),geq(int::select(heap,a,arr(y)),int::select(heap,a,arr(x)))))))<<SC>>,all{y:int}(all{x:int}(or(or(or(or(leq(x,Z(neglit(1(#)))),geq(x,i)),leq(y,add(Z(neglit(1(#))),i))),geq(y,length(a))),geq(int::select(heap,a,arr(y)),int::select(heap,a,arr(x)))))))<<SC, origin(loop_invariant @ file MyClass.java @ line 73) ([])>>,all{f:Field}(all{o:java.lang.Object}(or(or(equals(o,a),and(not(equals(o,null)),not(equals(boolean::select(h,o,java.lang.Object::<created>),TRUE)))),equals(any::select(h,o,f),any::select(heap,o,f))))))<<origin(loop_invariant @ file MyClass.java @ line 73) ([loop_invariant @ file MyClass.java @ line 73])>>)<<origin(loop_invariant @ file MyClass.java @ line 73) ([loop_invariant @ file MyClass.java @ line 73])>>)<<origin(loop_invariant @ file MyClass.java @ line 73) ([loop_invariant @ file MyClass.java @ line 73])>>)<<origin(loop_invariant @ file MyClass.java @ line 73) ([loop_invariant @ file MyClass.java @ line 73])>>)<<origin(loop_invariant @ file MyClass.java @ line 73) ([loop_invariant @ file MyClass.java @ line 73])>>]
	at de.uka.ilkd.key.logic.Sequent.getFormulabyNr(Sequent.java:291)

102397     WARN  main            d.u.i.k.p.r.p.ForkedTestFileRunner Run failed java.lang.Exception: Exception while loading proof (see cause for details): /home/runner/work/key/key/key.core/../key.ui/examples/heap/simple/selection_sort.key.proof
	at de.uka.ilkd.key.proof.runallproofs.proofcollection.TestFile.reloadProof(TestFile.java:314)
Caused by: de.uka.ilkd.key.proof.io.ProblemLoaderException: Error loading proof.
Line 539, goal 418, rule One Step Simplification not available or not applicable in this context.
	at de.uka.ilkd.key.proof.io.IntermediateProofReplayer.reportError(IntermediateProofReplayer.java:782)
Caused by: de.uka.ilkd.key.proof.io.IntermediateProofReplayer$BuiltInConstructionException: Wrong position information.
	at de.uka.ilkd.key.proof.io.IntermediateProofReplayer.constructBuiltinApp(IntermediateProofReplayer.java:595)
Caused by: java.lang.RuntimeException: No formula nr. 14 in seq. [geq(i_0,Z(0(#)))<<origin(assignable @ file MyClass.java @ line 76) ([])>>,geq(length(a),Z(0(#))),geq(length(a),i_0)<<origin(assignable @ file MyClass.java @ line 76) ([])>>,all{y:int}(all{x:int}(or(or(or(leq(x,Z(neglit(1(#))))<<origin(assignable @ file MyClass.java @ line 76) ([])>>,geq(y,i_0)<<origin(assignable @ file MyClass.java @ line 76) ([])>>)<<origin(assignable @ file MyClass.java @ line 76) ([assignable @ file MyClass.java @ line 76])>>,leq(y,x)<<origin(assignable @ file MyClass.java @ line 76) ([])>>)<<origin(assignable @ file MyClass.java @ line 76) ([assignable @ file MyClass.java @ line 76])>>,geq(int::select(anon(heap,allFields(a),anon_heap_LOOP_0<<anonHeapFunction>>),a<<origin(assignable @ file MyClass.java @ line 76) ([])>>,arr(y)),int::select(anon(heap,allFields(a),anon_heap_LOOP_0<<anonHeapFunction>>),a<<origin(assignable @ file MyClass.java @ line 76) ([])>>,arr(x)))<<origin(assignable @ file MyClass.java @ line 76) ([assignable @ file MyClass.java @ line 76])>>)<<origin(assignable @ file MyClass.java @ line 76) ([assignable @ file MyClass.java @ line 76])>>)<<origin(assignable @ file MyClass.java @ line 76) ([assignable @ file MyClass.java @ line 76])>>)<<origin(assignable @ file MyClass.java @ line 76) ([assignable @ file MyClass.java @ line 76])>>,all{y:int}(all{x:int}(or(or(or(or(leq(x,Z(neglit(1(#))))<<origin(assignable @ file MyClass.java @ line 76) ([assignable @ file MyClass.java @ line 76])>>,geq(x,i_0)<<origin(assignable @ file MyClass.java @ line 76) ([assignable @ file MyClass.java @ line 76])>>)<<origin(assignable @ file MyClass.java @ line 76) ([assignable @ file MyClass.java @ line 76])>>,leq(y,add(Z(neglit(1(#))),i_0))<<origin(assignable @ file MyClass.java @ line 76) ([assignable @ file MyClass.java @ line 76])>>)<<origin(assignable @ file MyClass.java @ line 76) ([assignable @ file MyClass.java @ line 76])>>,geq(y,length(a))<<origin(assignable @ file MyClass.java @ line 76) ([assignable @ file MyClass.java @ line 76])>>)<<origin(assignable @ file MyClass.java @ line 76) ([assignable @ file MyClass.java @ line 76])>>,geq(int::select(anon(heap,allFields(a),anon_heap_LOOP_0<<anonHeapFunction>>),a<<origin(assignable @ file MyClass.java @ line 76) ([])>>,arr(y)),int::select(anon(heap,allFields(a),anon_heap_LOOP_0<<anonHeapFunction>>),a<<origin(assignable @ file MyClass.java @ line 76) ([])>>,arr(x)))<<origin(assignable @ file MyClass.java @ line 76) ([assignable @ file MyClass.java @ line 76])>>)<<origin(assignable @ file MyClass.java @ line 76) ([assignable @ file MyClass.java @ line 76])>>)<<origin(assignable @ file MyClass.java @ line 76) ([assignable @ file MyClass.java @ line 76])>>)<<origin(assignable @ file MyClass.java @ line 76) ([assignable @ file MyClass.java @ line 76])>>,wellFormed(anon_heap_LOOP_0)<<anonHeapFunction>>,equals(boolean::select(heap,self,java.lang.Object::<created>),TRUE),equals(boolean::select(heap,a,java.lang.Object::<created>),TRUE),wellFormed(heap),equals(heapAtPre,heap)]==>[equals(self,null),equals(a,null),update-application(elem-update(i_2)(length(a<<origin(loop_invariant @ file MyClass.java @ line 73) ([loop_invariant @ file MyClass.java @ line 73])>>))<<origin(loop_invariant @ file MyClass.java @ line 73) ([loop_invariant @ file MyClass.java @ line 73])>>,\[{
  method-frame (source=selectionSort(int[])@MyClass) {
    loop-scope (b) {
      b_1 = i_1 < i_2;
      if (b_1) {
        {
          {
            int minIndex = i;
            for (int j = i + 1; j < a.length; j++) {
              if (a[j] < a[minIndex]) minIndex = j;
            }
            int temp = a[i];
            a[i] = a[minIndex];
            a[minIndex] = temp;
          }
          i++;
        }
        continue;
      } else {
        {
          break;
        }
      }
    }
  }
}\] (and(imp(equals(b<<loopScopeIndex>>,TRUE),all{x:int}(all{y:int}(or(or(or(leq(x,Z(0(#))),leq(y,x)),geq(y,length(a))),geq(int::select(heap,a,arr(y)),int::select(heap,a,arr(x))))))),imp(not(equals(b<<loopScopeIndex>>,TRUE)),and(and(and(and(geq(i,Z(0(#))),geq(length(a),i))<<SC>>,all{y:int}(all{x:int}(or(or(or(leq(x,Z(neglit(1(#)))),leq(y,x)),geq(y,i)),geq(int::select(heap,a,arr(y)),int::select(heap,a,arr(x)))))))<<SC>>,all{y:int}(all{x:int}(or(or(or(or(leq(x,Z(neglit(1(#)))),geq(x,i)),leq(y,add(Z(neglit(1(#))),i))),geq(y,length(a))),geq(int::select(heap,a,arr(y)),int::select(heap,a,arr(x)))))))<<SC, origin(loop_invariant @ file MyClass.java @ line 73) ([])>>,all{f:Field}(all{o:java.lang.Object}(or(or(equals(o,a),and(not(equals(o,null)),not(equals(boolean::select(h,o,java.lang.Object::<created>),TRUE)))),equals(any::select(h,o,f),any::select(heap,o,f))))))<<origin(loop_invariant @ file MyClass.java @ line 73) ([loop_invariant @ file MyClass.java @ line 73])>>)<<origin(loop_invariant @ file MyClass.java @ line 73) ([loop_invariant @ file MyClass.java @ line 73])>>)<<origin(loop_invariant @ file MyClass.java @ line 73) ([loop_invariant @ file MyClass.java @ line 73])>>)<<origin(loop_invariant @ file MyClass.java @ line 73) ([loop_invariant @ file MyClass.java @ line 73])>>)<<origin(loop_invariant @ file MyClass.java @ line 73) ([loop_invariant @ file MyClass.java @ line 73])>>]
	at de.uka.ilkd.key.logic.Sequent.getFormulabyNr(Sequent.java:291)

102399     INFO  main            d.u.i.k.p.r.p.TestFile    Now processing file /home/runner/work/key/key/key.core/../key.ui/examples/heap/simple/seq.key 
102399     INFO  main            d.u.i.k.p.i.AbstractProblemLoader Loading environment from /home/runner/work/key/key/key.core/../key.ui/examples/heap/simple/seq.key 
102399     DEBUG main            d.u.i.k.p.i.AbstractProblemLoader Environment load took 176.9ns 
102400     INFO  main            d.u.i.k.p.i.AbstractProblemLoader Creating init config 
104552     DEBUG main            d.u.i.k.p.i.AbstractProblemLoader Init config took 2.15s 
104568     INFO  main            d.u.i.k.p.i.AbstractProblemLoader Replaying proof seq.key 
104570     DEBUG main            d.u.i.k.p.i.IntermediateProofReplayer Proof replay took 6.4ns 
104974     INFO  main            d.u.i.k.p.r.p.TestFile    ... finished proof: closed. 
105264     INFO  main            d.u.i.k.p.i.AbstractProblemLoader Loading environment from /home/runner/work/key/key/key.core/../key.ui/examples/heap/simple/seq.key.proof 
105264     DEBUG main            d.u.i.k.p.i.AbstractProblemLoader Environment load took 87.9ns 
105265     INFO  main            d.u.i.k.p.i.AbstractProblemLoader Creating init config 
107343     DEBUG main            d.u.i.k.p.i.AbstractProblemLoader Init config took 2.08s 
107357     INFO  main            d.u.i.k.p.i.AbstractProblemLoader Replaying proof seq.key.proof 
107436     DEBUG main            d.u.i.k.p.i.IntermediateProofReplayer Proof replay took 74.47ms 
107438     DEBUG main            d.u.i.k.p.r.p.TestFile    ... success: reloaded. 
107440     INFO  main            d.u.i.k.p.r.p.TestFile    Now processing file /home/runner/work/key/key/key.core/../key.ui/examples/heap/simple/oldForParams.key 
107440     INFO  main            d.u.i.k.p.i.AbstractProblemLoader Loading environment from /home/runner/work/key/key/key.core/../key.ui/examples/heap/simple/oldForParams.key 
107440     DEBUG main            d.u.i.k.p.i.AbstractProblemLoader Environment load took 173.8ns 
107441     INFO  main            d.u.i.k.p.i.AbstractProblemLoader Creating init config 
109779     DEBUG main            d.u.i.k.p.i.AbstractProblemLoader Init config took 2.34s 
109839     INFO  main            d.u.i.k.p.i.AbstractProblemLoader Replaying proof OldForParameters[OldForParameters::method(int)].JML operation contract.0 
109841     DEBUG main            d.u.i.k.p.i.IntermediateProofReplayer Proof replay took 7.1ns 
110049     INFO  main            d.u.i.k.p.r.p.TestFile    ... finished proof: closed. 
110292     INFO  main            d.u.i.k.p.i.AbstractProblemLoader Loading environment from /home/runner/work/key/key/key.core/../key.ui/examples/heap/simple/oldForParams.key.proof 
110292     DEBUG main            d.u.i.k.p.i.AbstractProblemLoader Environment load took 126ns 
110293     INFO  main            d.u.i.k.p.i.AbstractProblemLoader Creating init config 
112590     DEBUG main            d.u.i.k.p.i.AbstractProblemLoader Init config took 2.3s 
112630     INFO  main            d.u.i.k.p.i.AbstractProblemLoader Replaying proof OldForParameters[OldForParameters::method(int)].JML operation contract.0 
112674     DEBUG main            d.u.i.k.p.i.IntermediateProofReplayer Proof replay took 42.25ms 
112675     DEBUG main            d.u.i.k.p.r.p.TestFile    ... success: reloaded. 
112677     INFO  main            d.u.i.k.p.r.p.TestFile    Now processing file /home/runner/work/key/key/key.core/../key.ui/examples/heap/simple/parse_lmtd.key 
112677     INFO  main            d.u.i.k.p.i.AbstractProblemLoader Loading environment from /home/runner/work/key/key/key.core/../key.ui/examples/heap/simple/parse_lmtd.key 
112678     DEBUG main            d.u.i.k.p.i.AbstractProblemLoader Environment load took 67.7ns 
112678     INFO  main            d.u.i.k.p.i.AbstractProblemLoader Creating init config 
115029     DEBUG main            d.u.i.k.p.i.AbstractProblemLoader Init config took 2.35s 
115069     INFO  main            d.u.i.k.p.i.AbstractProblemLoader Replaying proof ParseLmtd[ParseLmtd::simple(int)].JML normal_behavior operation contract.0 
115070     DEBUG main            d.u.i.k.p.i.IntermediateProofReplayer Proof replay took 5.3ns 
115182     INFO  main            d.u.i.k.p.r.p.TestFile    ... finished proof: closed. 
115470     INFO  main            d.u.i.k.p.i.AbstractProblemLoader Loading environment from /home/runner/work/key/key/key.core/../key.ui/examples/heap/simple/parse_lmtd.key.proof 
115470     DEBUG main            d.u.i.k.p.i.AbstractProblemLoader Environment load took 89.6ns 
115471     INFO  main            d.u.i.k.p.i.AbstractProblemLoader Creating init config 
117776     DEBUG main            d.u.i.k.p.i.AbstractProblemLoader Init config took 2.3s 
117814     INFO  main            d.u.i.k.p.i.AbstractProblemLoader Replaying proof ParseLmtd[ParseLmtd::simple(int)].JML normal_behavior operation contract.0 
117837     DEBUG main            d.u.i.k.p.i.IntermediateProofReplayer Proof replay took 20.33ms 
117838     DEBUG main            d.u.i.k.p.r.p.TestFile    ... success: reloaded. 
117840     INFO  main            d.u.i.k.p.r.p.TestFile    Now processing file /home/runner/work/key/key/key.core/../key.ui/examples/heap/strictly_pure/strictlyPureMethod.key 
117840     INFO  main            d.u.i.k.p.i.AbstractProblemLoader Loading environment from /home/runner/work/key/key/key.core/../key.ui/examples/heap/strictly_pure/strictlyPureMethod.key 
117840     DEBUG main            d.u.i.k.p.i.AbstractProblemLoader Environment load took 76.8ns 
117841     INFO  main            d.u.i.k.p.i.AbstractProblemLoader Creating init config 
120061     DEBUG main            d.u.i.k.p.i.AbstractProblemLoader Init config took 2.22s 
120097     INFO  main            d.u.i.k.p.i.AbstractProblemLoader Replaying proof StrictlyPure[StrictlyPure::strictlyPureMethod()].JML operation contract.0 
120099     DEBUG main            d.u.i.k.p.i.IntermediateProofReplayer Proof replay took 6.3ns 
120304     INFO  main            d.u.i.k.p.r.p.TestFile    ... finished proof: closed. 
120546     INFO  main            d.u.i.k.p.i.AbstractProblemLoader Loading environment from /home/runner/work/key/key/key.core/../key.ui/examples/heap/strictly_pure/strictlyPureMethod.key.proof 
120546     DEBUG main            d.u.i.k.p.i.AbstractProblemLoader Environment load took 95.3ns 
120547     INFO  main            d.u.i.k.p.i.AbstractProblemLoader Creating init config 
122706     DEBUG main            d.u.i.k.p.i.AbstractProblemLoader Init config took 2.16s 
122742     INFO  main            d.u.i.k.p.i.AbstractProblemLoader Replaying proof StrictlyPure[StrictlyPure::strictlyPureMethod()].JML operation contract.0 
122777     DEBUG main            d.u.i.k.p.i.IntermediateProofReplayer Proof replay took 33.45ms 
122778     DEBUG main            d.u.i.k.p.r.p.TestFile    ... success: reloaded. 
122780     INFO  main            d.u.i.k.p.r.p.TestFile    Now processing file /home/runner/work/key/key/key.core/../key.ui/examples/heap/strictly_pure/useStrictlyPureMethod.key 
122780     INFO  main            d.u.i.k.p.i.AbstractProblemLoader Loading environment from /home/runner/work/key/key/key.core/../key.ui/examples/heap/strictly_pure/useStrictlyPureMethod.key 
122780     DEBUG main            d.u.i.k.p.i.AbstractProblemLoader Environment load took 75.1ns 
122781     INFO  main            d.u.i.k.p.i.AbstractProblemLoader Creating init config 
125018     DEBUG main            d.u.i.k.p.i.AbstractProblemLoader Init config took 2.24s 
125054     INFO  main            d.u.i.k.p.i.AbstractProblemLoader Replaying proof StrictlyPure[StrictlyPure::useStrictlyPureMethod(StrictlyPureClass)].JML operation contract.0 
125056     DEBUG main            d.u.i.k.p.i.IntermediateProofReplayer Proof replay took 6.5ns 
125258     INFO  main            d.u.i.k.p.r.p.TestFile    ... finished proof: closed. 
125501     INFO  main            d.u.i.k.p.i.AbstractProblemLoader Loading environment from /home/runner/work/key/key/key.core/../key.ui/examples/heap/strictly_pure/useStrictlyPureMethod.key.proof 
125501     DEBUG main            d.u.i.k.p.i.AbstractProblemLoader Environment load took 86.9ns 
125502     INFO  main            d.u.i.k.p.i.AbstractProblemLoader Creating init config 
127690     DEBUG main            d.u.i.k.p.i.AbstractProblemLoader Init config took 2.19s 
127737     INFO  main            d.u.i.k.p.i.AbstractProblemLoader Replaying proof StrictlyPure[StrictlyPure::useStrictlyPureMethod(StrictlyPureClass)].JML operation contract.0 
127800     DEBUG main            d.u.i.k.p.i.IntermediateProofReplayer Proof replay took 60.7ms 
127801     DEBUG main            d.u.i.k.p.r.p.TestFile    ... success: reloaded. 
127803     INFO  main            d.u.i.k.p.r.p.TestFile    Now processing file /home/runner/work/key/key/key.core/../key.ui/examples/heap/Wellfounded/ackermann.key 
127803     INFO  main            d.u.i.k.p.i.AbstractProblemLoader Loading environment from /home/runner/work/key/key/key.core/../key.ui/examples/heap/Wellfounded/ackermann.key 
127803     DEBUG main            d.u.i.k.p.i.AbstractProblemLoader Environment load took 47.2ns 
127804     INFO  main            d.u.i.k.p.i.AbstractProblemLoader Creating init config 
130007     DEBUG main            d.u.i.k.p.i.AbstractProblemLoader Init config took 2.2s 
130041     INFO  main            d.u.i.k.p.i.AbstractProblemLoader Replaying proof Ackermann[Ackermann::a(int,int)].JML normal_behavior operation contract.0 
130043     DEBUG main            d.u.i.k.p.i.IntermediateProofReplayer Proof replay took 6.6ns 
130345     INFO  main            d.u.i.k.p.r.p.TestFile    ... finished proof: closed. 
130715     INFO  main            d.u.i.k.p.i.AbstractProblemLoader Loading environment from /home/runner/work/key/key/key.core/../key.ui/examples/heap/Wellfounded/ackermann.key.proof 
130715     DEBUG main            d.u.i.k.p.i.AbstractProblemLoader Environment load took 89.2ns 
130716     INFO  main            d.u.i.k.p.i.AbstractProblemLoader Creating init config 
132899     DEBUG main            d.u.i.k.p.i.AbstractProblemLoader Init config took 2.18s 
132933     INFO  main            d.u.i.k.p.i.AbstractProblemLoader Replaying proof Ackermann[Ackermann::a(int,int)].JML normal_behavior operation contract.0 
132992     DEBUG main            d.u.i.k.p.i.IntermediateProofReplayer Proof replay took 55.67ms 
132993     DEBUG main            d.u.i.k.p.r.p.TestFile    ... success: reloaded. 
132995     INFO  main            d.u.i.k.p.r.p.TestFile    Now processing file /home/runner/work/key/key/key.core/../key.ui/examples/standard_key/unicode_test.key 
132995     INFO  main            d.u.i.k.p.i.AbstractProblemLoader Loading environment from /home/runner/work/key/key/key.core/../key.ui/examples/standard_key/unicode_test.key 
132995     DEBUG main            d.u.i.k.p.i.AbstractProblemLoader Environment load took 178.4ns 
132997     INFO  main            d.u.i.k.p.i.AbstractProblemLoader Creating init config 
135131     DEBUG main            d.u.i.k.p.i.AbstractProblemLoader Init config took 2.13s 
135144     INFO  main            d.u.i.k.p.i.AbstractProblemLoader Replaying proof unicode_test.key 
135145     DEBUG main            d.u.i.k.p.i.IntermediateProofReplayer Proof replay took 7.2ns 
135248     INFO  main            d.u.i.k.p.r.p.TestFile    ... finished proof: closed. 
135493     INFO  main            d.u.i.k.p.i.AbstractProblemLoader Loading environment from /home/runner/work/key/key/key.core/../key.ui/examples/standard_key/unicode_test.key.proof 
135493     DEBUG main            d.u.i.k.p.i.AbstractProblemLoader Environment load took 94.5ns 
135494     INFO  main            d.u.i.k.p.i.AbstractProblemLoader Creating init config 
137574     DEBUG main            d.u.i.k.p.i.AbstractProblemLoader Init config took 2.08s 
137587     INFO  main            d.u.i.k.p.i.AbstractProblemLoader Replaying proof unicode_test.key.proof 
137589     DEBUG main            d.u.i.k.p.i.IntermediateProofReplayer Proof replay took 307.5ns 
137589     DEBUG main            d.u.i.k.p.r.p.TestFile    ... success: reloaded. 
137592     INFO  main            d.u.i.k.p.r.p.TestFile    Now processing file /home/runner/work/key/key/key.core/../key.ui/examples/heap/strictlyModular/mayExpand.key 
137593     INFO  main            d.u.i.k.p.i.AbstractProblemLoader Loading environment from /home/runner/work/key/key/key.core/../key.ui/examples/heap/strictlyModular/mayExpand.key 
137593     DEBUG main            d.u.i.k.p.i.AbstractProblemLoader Environment load took 187.6ns 
137594     INFO  main            d.u.i.k.p.i.AbstractProblemLoader Creating init config 
139790     DEBUG main            d.u.i.k.p.i.AbstractProblemLoader Init config took 2.2s 
139827     INFO  main            d.u.i.k.p.i.AbstractProblemLoader Replaying proof Modular[Modular::m()].JML operation contract.0 
139829     DEBUG main            d.u.i.k.p.i.IntermediateProofReplayer Proof replay took 6.4ns 
139930     INFO  main            d.u.i.k.p.r.p.TestFile    ... finished proof: closed. 
140214     INFO  main            d.u.i.k.p.i.AbstractProblemLoader Loading environment from /home/runner/work/key/key/key.core/../key.ui/examples/heap/strictlyModular/mayExpand.key.proof 
140214     DEBUG main            d.u.i.k.p.i.AbstractProblemLoader Environment load took 82.2ns 
140215     INFO  main            d.u.i.k.p.i.AbstractProblemLoader Creating init config 
142355     DEBUG main            d.u.i.k.p.i.AbstractProblemLoader Init config took 2.14s 
142391     INFO  main            d.u.i.k.p.i.AbstractProblemLoader Replaying proof Modular[Modular::m()].JML operation contract.0 
142404     DEBUG main            d.u.i.k.p.i.IntermediateProofReplayer Proof replay took 11.41ms 
142404     WARN  main            d.u.i.k.p.r.p.TestFile    Replay exception de.uka.ilkd.key.proof.io.ProblemLoaderException: Error loading proof.
Line 99, goal 10, rule Class_invariant_axiom_for_Modular not available or not applicable in this context.
	at de.uka.ilkd.key.proof.io.IntermediateProofReplayer.reportError(IntermediateProofReplayer.java:782)
Caused by: java.lang.IndexOutOfBoundsException: Index: 1, Size: 1
	at java.base/java.util.LinkedList.checkElementIndex(LinkedList.java:559)

142405     WARN  main            d.u.i.k.p.r.p.TestFile    Replay exception de.uka.ilkd.key.proof.io.ProblemLoaderException: Error loading proof.
Line 142, goal 53, rule methodCall not available or not applicable in this context.
	at de.uka.ilkd.key.proof.io.IntermediateProofReplayer.reportError(IntermediateProofReplayer.java:782)
Caused by: de.uka.ilkd.key.proof.io.IntermediateProofReplayer$TacletAppConstructionException: Wrong position information: Term top level of update-application(parallel-upd(elem-update(exc)(null),elem-update(o_1)(Other::select(heap,self,Modular::$other))<<origin(<none> (implicit)) ([ensures (implicit), signals (implicit), assignable (implicit)])>>)<<origin(<none> (implicit)) ([ensures (implicit), signals (implicit), assignable (implicit)])>>,\<{
  try {
    method-frame (source=m()@Modular, this=self) {
      o_1.other();
    }
  } catch (java.lang.Throwable e) {
    exc = e;
  }
}\> (and(imp(equals(exc<<origin(ensures (implicit)) ([])>>,null)<<impl, origin(ensures (implicit)) ([ensures (implicit)])>>,java.lang.Object::<inv>(heap,self)<<impl>>)<<origin(ensures (implicit)) ([ensures (implicit)])>>,imp(not(equals(exc<<origin(ensures (implicit)) ([])>>,null)<<impl, origin(ensures (implicit)) ([ensures (implicit)])>>)<<origin(ensures (implicit)) ([ensures (implicit)])>>,and(java.lang.Object::<inv>(heap,self),or(equals(java.lang.Error::instance(exc),TRUE),equals(java.lang.RuntimeException::instance(exc),TRUE))<<origin(signals (implicit)) ([])>>)<<origin(signals (implicit)) ([signals (implicit)])>>)<<origin(<none> (implicit)) ([ensures (implicit), signals (implicit)])>>)<<origin(<none> (implicit)) ([ensures (implicit), signals (implicit)])>>)<<origin(<none> (implicit)) ([ensures (implicit), signals (implicit)])>>)<<origin(<none> (implicit)) ([ensures (implicit), signals (implicit), assignable (implicit)])>>
	at de.uka.ilkd.key.proof.io.IntermediateProofReplayer.constructTacletApp(IntermediateProofReplayer.java:460)
Caused by: java.lang.NullPointerException: null
	at de.uka.ilkd.key.proof.io.IntermediateProofReplayer.constructTacletApp(IntermediateProofReplayer.java:456)

142405     DEBUG main            d.u.i.k.p.r.p.TestFile    Exception java.lang.Exception: Exception while loading proof (see cause for details): /home/runner/work/key/key/key.core/../key.ui/examples/heap/strictlyModular/mayExpand.key.proof
	at de.uka.ilkd.key.proof.runallproofs.proofcollection.TestFile.reloadProof(TestFile.java:314)
Caused by: de.uka.ilkd.key.proof.io.ProblemLoaderException: Error loading proof.
Line 99, goal 10, rule Class_invariant_axiom_for_Modular not available or not applicable in this context.
	at de.uka.ilkd.key.proof.io.IntermediateProofReplayer.reportError(IntermediateProofReplayer.java:782)
Caused by: java.lang.IndexOutOfBoundsException: Index: 1, Size: 1
	at java.base/java.util.LinkedList.checkElementIndex(LinkedList.java:559)

142406     WARN  main            d.u.i.k.p.r.p.ForkedTestFileRunner Run failed java.lang.Exception: Exception while loading proof (see cause for details): /home/runner/work/key/key/key.core/../key.ui/examples/heap/strictlyModular/mayExpand.key.proof
	at de.uka.ilkd.key.proof.runallproofs.proofcollection.TestFile.reloadProof(TestFile.java:314)
Caused by: de.uka.ilkd.key.proof.io.ProblemLoaderException: Error loading proof.
Line 99, goal 10, rule Class_invariant_axiom_for_Modular not available or not applicable in this context.
	at de.uka.ilkd.key.proof.io.IntermediateProofReplayer.reportError(IntermediateProofReplayer.java:782)
Caused by: java.lang.IndexOutOfBoundsException: Index: 1, Size: 1
	at java.base/java.util.LinkedList.checkElementIndex(LinkedList.java:559)

142409     INFO  main            d.u.i.k.p.r.p.TestFile    Now processing file /home/runner/work/key/key/key.core/../key.ui/examples/heap/strictlyModular/modularOnly.key 
142409     INFO  main            d.u.i.k.p.i.AbstractProblemLoader Loading environment from /home/runner/work/key/key/key.core/../key.ui/examples/heap/strictlyModular/modularOnly.key 
142409     DEBUG main            d.u.i.k.p.i.AbstractProblemLoader Environment load took 70.1ns 
142410     INFO  main            d.u.i.k.p.i.AbstractProblemLoader Creating init config 
144591     DEBUG main            d.u.i.k.p.i.AbstractProblemLoader Init config took 2.18s 
144626     INFO  main            d.u.i.k.p.i.AbstractProblemLoader Replaying proof Modular[Modular::m()].JML operation contract.0 
144627     DEBUG main            d.u.i.k.p.i.IntermediateProofReplayer Proof replay took 5.9ns 
144732     INFO  main            d.u.i.k.p.r.p.TestFile    ... finished proof: open goal(s) 
1835637    INFO  Test worker     d.u.i.k.p.r.RunAllProofsTestUnit Running test SmansEtAl 
423        INFO  Timeout watchdog d.u.i.k.p.r.p.ForkedTestFileRunner Timeout watcher launched (2000 secs.) 
433        WARN  main            d.u.i.k.s.ProofSettings   The settings in /home/runner/.key/proof-settings.props are *not* read. 
521        INFO  main            d.u.i.k.p.r.p.TestFile    Now processing file /home/runner/work/key/key/key.core/../key.ui/examples/heap/SmansEtAl/ArrayList_add.key 
752        INFO  main            d.u.i.k.p.i.AbstractProblemLoader Loading environment from /home/runner/work/key/key/key.core/../key.ui/examples/heap/SmansEtAl/ArrayList_add.key 
784        DEBUG main            d.u.i.k.p.i.AbstractProblemLoader Environment load took 2.79ms 
1114       INFO  main            d.u.i.k.p.i.AbstractProblemLoader Creating init config 
1951       DEBUG main            d.u.i.k.j.TypeConverter   No LDT found for Meta 
1951       DEBUG main            d.u.i.k.j.TypeConverter   No LDT found for Meta 
1952       DEBUG main            d.u.i.k.j.TypeConverter   No LDT found for Meta 
1952       DEBUG main            d.u.i.k.j.TypeConverter   No LDT found for Meta 
3510       DEBUG main            d.u.i.k.j.TypeConverter   No LDT found for JavaBigintExpression 
8986       DEBUG main            d.u.i.k.p.i.AbstractProblemLoader Init config took 7.87s 
9179       INFO  main            d.u.i.k.p.i.AbstractProblemLoader Replaying proof ArrayList[ArrayList::add(java.lang.Object)].JML normal_behavior operation contract.0 
9212       DEBUG main            d.u.i.k.p.i.IntermediateProofReplayer Proof replay took 31.5ns 
16313      INFO  main            d.u.i.k.p.r.p.TestFile    ... finished proof: closed. 
16496      INFO  main            d.u.i.k.p.i.AbstractProblemLoader Loading environment from /home/runner/work/key/key/key.core/../key.ui/examples/heap/SmansEtAl/ArrayList_add.key.proof 
16496      DEBUG main            d.u.i.k.p.i.AbstractProblemLoader Environment load took 405.5ns 
16503      INFO  main            d.u.i.k.p.i.AbstractProblemLoader Creating init config 
19580      DEBUG main            d.u.i.k.p.i.AbstractProblemLoader Init config took 3.08s 
19638      INFO  main            d.u.i.k.p.i.AbstractProblemLoader Replaying proof ArrayList[ArrayList::add(java.lang.Object)].JML normal_behavior operation contract.0 
19703      DEBUG main            d.u.i.k.p.i.IntermediateProofReplayer Proof replay took 35.54ms 
19704      WARN  main            d.u.i.k.p.r.p.TestFile    Replay exception de.uka.ilkd.key.proof.io.ProblemLoaderException: Error loading proof.
Line 161, goal 71, rule One Step Simplification not available or not applicable in this context.
	at de.uka.ilkd.key.proof.io.IntermediateProofReplayer.reportError(IntermediateProofReplayer.java:782)
Caused by: de.uka.ilkd.key.proof.io.IntermediateProofReplayer$BuiltInConstructionException: One Step Simplification is missing. Most probably the binary for this built-in rule is not in your path or you do not have the permission to execute it.
	at de.uka.ilkd.key.proof.io.IntermediateProofReplayer.constructBuiltinApp(IntermediateProofReplayer.java:630)

19726      DEBUG main            d.u.i.k.p.r.p.TestFile    Exception java.lang.Exception: Exception while loading proof (see cause for details): /home/runner/work/key/key/key.core/../key.ui/examples/heap/SmansEtAl/ArrayList_add.key.proof
	at de.uka.ilkd.key.proof.runallproofs.proofcollection.TestFile.reloadProof(TestFile.java:314)
Caused by: de.uka.ilkd.key.proof.io.ProblemLoaderException: Error loading proof.
Line 161, goal 71, rule One Step Simplification not available or not applicable in this context.
	at de.uka.ilkd.key.proof.io.IntermediateProofReplayer.reportError(IntermediateProofReplayer.java:782)
Caused by: de.uka.ilkd.key.proof.io.IntermediateProofReplayer$BuiltInConstructionException: One Step Simplification is missing. Most probably the binary for this built-in rule is not in your path or you do not have the permission to execute it.
	at de.uka.ilkd.key.proof.io.IntermediateProofReplayer.constructBuiltinApp(IntermediateProofReplayer.java:630)

19727      WARN  main            d.u.i.k.p.r.p.ForkedTestFileRunner Run failed java.lang.Exception: Exception while loading proof (see cause for details): /home/runner/work/key/key/key.core/../key.ui/examples/heap/SmansEtAl/ArrayList_add.key.proof
	at de.uka.ilkd.key.proof.runallproofs.proofcollection.TestFile.reloadProof(TestFile.java:314)
Caused by: de.uka.ilkd.key.proof.io.ProblemLoaderException: Error loading proof.
Line 161, goal 71, rule One Step Simplification not available or not applicable in this context.
	at de.uka.ilkd.key.proof.io.IntermediateProofReplayer.reportError(IntermediateProofReplayer.java:782)
Caused by: de.uka.ilkd.key.proof.io.IntermediateProofReplayer$BuiltInConstructionException: One Step Simplification is missing. Most probably the binary for this built-in rule is not in your path or you do not have the permission to execute it.
	at de.uka.ilkd.key.proof.io.IntermediateProofReplayer.constructBuiltinApp(IntermediateProofReplayer.java:630)

19734      INFO  main            d.u.i.k.p.r.p.TestFile    Now processing file /home/runner/work/key/key/key.core/../key.ui/examples/heap/SmansEtAl/ArrayList_ArrayList.key 
19734      INFO  main            d.u.i.k.p.i.AbstractProblemLoader Loading environment from /home/runner/work/key/key/key.core/../key.ui/examples/heap/SmansEtAl/ArrayList_ArrayList.key 
19735      DEBUG main            d.u.i.k.p.i.AbstractProblemLoader Environment load took 218.8ns 
19736      INFO  main            d.u.i.k.p.i.AbstractProblemLoader Creating init config 
22601      DEBUG main            d.u.i.k.p.i.AbstractProblemLoader Init config took 2.86s 
22658      INFO  main            d.u.i.k.p.i.AbstractProblemLoader Replaying proof ArrayList[ArrayList::ArrayList()].JML normal_behavior operation contract.0 
22661      DEBUG main            d.u.i.k.p.i.IntermediateProofReplayer Proof replay took 6.8ns 
23666      INFO  main            d.u.i.k.p.r.p.TestFile    ... finished proof: closed. 
23815      INFO  main            d.u.i.k.p.i.AbstractProblemLoader Loading environment from /home/runner/work/key/key/key.core/../key.ui/examples/heap/SmansEtAl/ArrayList_ArrayList.key.proof 
23815      DEBUG main            d.u.i.k.p.i.AbstractProblemLoader Environment load took 505.8ns 
23817      INFO  main            d.u.i.k.p.i.AbstractProblemLoader Creating init config 
26610      DEBUG main            d.u.i.k.p.i.AbstractProblemLoader Init config took 2.79s 
26665      INFO  main            d.u.i.k.p.i.AbstractProblemLoader Replaying proof ArrayList[ArrayList::ArrayList()].JML normal_behavior operation contract.0 
26824      DEBUG main            d.u.i.k.p.i.IntermediateProofReplayer Proof replay took 150.71ms 
26827      DEBUG main            d.u.i.k.p.r.p.TestFile    ... success: reloaded. 
26842      INFO  main            d.u.i.k.p.r.p.TestFile    Now processing file /home/runner/work/key/key/key.core/../key.ui/examples/heap/SmansEtAl/ArrayList_footprint.key 
26843      INFO  main            d.u.i.k.p.i.AbstractProblemLoader Loading environment from /home/runner/work/key/key/key.core/../key.ui/examples/heap/SmansEtAl/ArrayList_footprint.key 
26843      DEBUG main            d.u.i.k.p.i.AbstractProblemLoader Environment load took 84.9ns 
26844      INFO  main            d.u.i.k.p.i.AbstractProblemLoader Creating init config 
29612      DEBUG main            d.u.i.k.p.i.AbstractProblemLoader Init config took 2.77s 
29661      INFO  main            d.u.i.k.p.i.AbstractProblemLoader Replaying proof ArrayList[ArrayList::$footprint()].JML accessible clause.0 
29663      DEBUG main            d.u.i.k.p.i.IntermediateProofReplayer Proof replay took 6.2ns 
29765      INFO  main            d.u.i.k.p.r.p.TestFile    ... finished proof: closed. 
29896      INFO  main            d.u.i.k.p.i.AbstractProblemLoader Loading environment from /home/runner/work/key/key/key.core/../key.ui/examples/heap/SmansEtAl/ArrayList_footprint.key.proof 
29897      DEBUG main            d.u.i.k.p.i.AbstractProblemLoader Environment load took 113.2ns 
29898      INFO  main            d.u.i.k.p.i.AbstractProblemLoader Creating init config 
32633      DEBUG main            d.u.i.k.p.i.AbstractProblemLoader Init config took 2.73s 
32678      INFO  main            d.u.i.k.p.i.AbstractProblemLoader Replaying proof ArrayList[ArrayList::$footprint()].JML accessible clause.0 
32690      DEBUG main            d.u.i.k.p.i.IntermediateProofReplayer Proof replay took 10.41ms 
32693      DEBUG main            d.u.i.k.p.r.p.TestFile    ... success: reloaded. 
32695      INFO  main            d.u.i.k.p.r.p.TestFile    Now processing file /home/runner/work/key/key/key.core/../key.ui/examples/heap/SmansEtAl/ArrayList_get_dep.key 
32695      INFO  main            d.u.i.k.p.i.AbstractProblemLoader Loading environment from /home/runner/work/key/key/key.core/../key.ui/examples/heap/SmansEtAl/ArrayList_get_dep.key 
32696      DEBUG main            d.u.i.k.p.i.AbstractProblemLoader Environment load took 184.2ns 
32697      INFO  main            d.u.i.k.p.i.AbstractProblemLoader Creating init config 
35468      DEBUG main            d.u.i.k.p.i.AbstractProblemLoader Init config took 2.77s 
35513      INFO  main            d.u.i.k.p.i.AbstractProblemLoader Replaying proof ArrayList[ArrayList::get(int)].JML accessible clause.0 
35514      DEBUG main            d.u.i.k.p.i.IntermediateProofReplayer Proof replay took 6.1ns 
35819      INFO  main            d.u.i.k.p.r.p.TestFile    ... finished proof: closed. 
35979      INFO  main            d.u.i.k.p.i.AbstractProblemLoader Loading environment from /home/runner/work/key/key/key.core/../key.ui/examples/heap/SmansEtAl/ArrayList_get_dep.key.proof 
35980      DEBUG main            d.u.i.k.p.i.AbstractProblemLoader Environment load took 731.6ns 
35981      INFO  main            d.u.i.k.p.i.AbstractProblemLoader Creating init config 
38691      DEBUG main            d.u.i.k.p.i.AbstractProblemLoader Init config took 2.71s 
38756      INFO  main            d.u.i.k.p.i.AbstractProblemLoader Replaying proof ArrayList[ArrayList::get(int)].JML accessible clause.0 
38821      DEBUG main            d.u.i.k.p.i.IntermediateProofReplayer Proof replay took 58.94ms 
38823      DEBUG main            d.u.i.k.p.r.p.TestFile    ... success: reloaded. 
38825      INFO  main            d.u.i.k.p.r.p.TestFile    Now processing file /home/runner/work/key/key/key.core/../key.ui/examples/heap/SmansEtAl/ArrayList_get.key 
38826      INFO  main            d.u.i.k.p.i.AbstractProblemLoader Loading environment from /home/runner/work/key/key/key.core/../key.ui/examples/heap/SmansEtAl/ArrayList_get.key 
38831      DEBUG main            d.u.i.k.p.i.AbstractProblemLoader Environment load took 5.61ms 
38832      INFO  main            d.u.i.k.p.i.AbstractProblemLoader Creating init config 
41561      DEBUG main            d.u.i.k.p.i.AbstractProblemLoader Init config took 2.73s 
41625      INFO  main            d.u.i.k.p.i.AbstractProblemLoader Replaying proof ArrayList[ArrayList::get(int)].JML normal_behavior operation contract.0 
41627      DEBUG main            d.u.i.k.p.i.IntermediateProofReplayer Proof replay took 6.4ns 
41829      INFO  main            d.u.i.k.p.r.p.TestFile    ... finished proof: closed. 
41983      INFO  main            d.u.i.k.p.i.AbstractProblemLoader Loading environment from /home/runner/work/key/key/key.core/../key.ui/examples/heap/SmansEtAl/ArrayList_get.key.proof 
41983      DEBUG main            d.u.i.k.p.i.AbstractProblemLoader Environment load took 104.7ns 
41984      INFO  main            d.u.i.k.p.i.AbstractProblemLoader Creating init config 
44688      DEBUG main            d.u.i.k.p.i.AbstractProblemLoader Init config took 2.7s 
44732      INFO  main            d.u.i.k.p.i.AbstractProblemLoader Replaying proof ArrayList[ArrayList::get(int)].JML normal_behavior operation contract.0 
44781      DEBUG main            d.u.i.k.p.i.IntermediateProofReplayer Proof replay took 46.77ms 
44782      DEBUG main            d.u.i.k.p.r.p.TestFile    ... success: reloaded. 
44788      INFO  main            d.u.i.k.p.r.p.TestFile    Now processing file /home/runner/work/key/key/key.core/../key.ui/examples/heap/SmansEtAl/ArrayList_inv.key 
44788      INFO  main            d.u.i.k.p.i.AbstractProblemLoader Loading environment from /home/runner/work/key/key/key.core/../key.ui/examples/heap/SmansEtAl/ArrayList_inv.key 
44788      DEBUG main            d.u.i.k.p.i.AbstractProblemLoader Environment load took 225.2ns 
44789      INFO  main            d.u.i.k.p.i.AbstractProblemLoader Creating init config 
47503      DEBUG main            d.u.i.k.p.i.AbstractProblemLoader Init config took 2.71s 
47563      INFO  main            d.u.i.k.p.i.AbstractProblemLoader Replaying proof ArrayList[java.lang.Object::<inv>()].JML accessible clause.0 
47565      DEBUG main            d.u.i.k.p.i.IntermediateProofReplayer Proof replay took 6.2ns 
47666      INFO  main            d.u.i.k.p.r.p.TestFile    ... finished proof: closed. 
47819      INFO  main            d.u.i.k.p.i.AbstractProblemLoader Loading environment from /home/runner/work/key/key/key.core/../key.ui/examples/heap/SmansEtAl/ArrayList_inv.key.proof 
47819      DEBUG main            d.u.i.k.p.i.AbstractProblemLoader Environment load took 113.8ns 
47820      INFO  main            d.u.i.k.p.i.AbstractProblemLoader Creating init config 
50478      DEBUG main            d.u.i.k.p.i.AbstractProblemLoader Init config took 2.66s 
50519      INFO  main            d.u.i.k.p.i.AbstractProblemLoader Replaying proof ArrayList[java.lang.Object::<inv>()].JML accessible clause.0 
50531      DEBUG main            d.u.i.k.p.i.IntermediateProofReplayer Proof replay took 10.43ms 
50532      DEBUG main            d.u.i.k.p.r.p.TestFile    ... success: reloaded. 
50535      INFO  main            d.u.i.k.p.r.p.TestFile    Now processing file /home/runner/work/key/key/key.core/../key.ui/examples/heap/SmansEtAl/ArrayList_size_dep.key 
50535      INFO  main            d.u.i.k.p.i.AbstractProblemLoader Loading environment from /home/runner/work/key/key/key.core/../key.ui/examples/heap/SmansEtAl/ArrayList_size_dep.key 
50535      DEBUG main            d.u.i.k.p.i.AbstractProblemLoader Environment load took 179.7ns 
50536      INFO  main            d.u.i.k.p.i.AbstractProblemLoader Creating init config 
53242      DEBUG main            d.u.i.k.p.i.AbstractProblemLoader Init config took 2.71s 
53281      INFO  main            d.u.i.k.p.i.AbstractProblemLoader Replaying proof ArrayList[ArrayList::size()].JML accessible clause.0 
53283      DEBUG main            d.u.i.k.p.i.IntermediateProofReplayer Proof replay took 5.7ns 
53386      INFO  main            d.u.i.k.p.r.p.TestFile    ... finished proof: closed. 
53558      INFO  main            d.u.i.k.p.i.AbstractProblemLoader Loading environment from /home/runner/work/key/key/key.core/../key.ui/examples/heap/SmansEtAl/ArrayList_size_dep.key.proof 
53558      DEBUG main            d.u.i.k.p.i.AbstractProblemLoader Environment load took 110.8ns 
53559      INFO  main            d.u.i.k.p.i.AbstractProblemLoader Creating init config 
56203      DEBUG main            d.u.i.k.p.i.AbstractProblemLoader Init config took 2.64s 
56242      INFO  main            d.u.i.k.p.i.AbstractProblemLoader Replaying proof ArrayList[ArrayList::size()].JML accessible clause.0 
56261      DEBUG main            d.u.i.k.p.i.IntermediateProofReplayer Proof replay took 16.36ms 
56261      DEBUG main            d.u.i.k.p.r.p.TestFile    ... success: reloaded. 
56264      INFO  main            d.u.i.k.p.r.p.TestFile    Now processing file /home/runner/work/key/key/key.core/../key.ui/examples/heap/SmansEtAl/ArrayList_size.key 
56264      INFO  main            d.u.i.k.p.i.AbstractProblemLoader Loading environment from /home/runner/work/key/key/key.core/../key.ui/examples/heap/SmansEtAl/ArrayList_size.key 
56264      DEBUG main            d.u.i.k.p.i.AbstractProblemLoader Environment load took 82.3ns 
56265      INFO  main            d.u.i.k.p.i.AbstractProblemLoader Creating init config 
58955      DEBUG main            d.u.i.k.p.i.AbstractProblemLoader Init config took 2.69s 
58995      INFO  main            d.u.i.k.p.i.AbstractProblemLoader Replaying proof ArrayList[ArrayList::size()].JML normal_behavior operation contract.0 
58997      DEBUG main            d.u.i.k.p.i.IntermediateProofReplayer Proof replay took 6.1ns 
59098      INFO  main            d.u.i.k.p.r.p.TestFile    ... finished proof: closed. 
59262      INFO  main            d.u.i.k.p.i.AbstractProblemLoader Loading environment from /home/runner/work/key/key/key.core/../key.ui/examples/heap/SmansEtAl/ArrayList_size.key.proof 
59262      DEBUG main            d.u.i.k.p.i.AbstractProblemLoader Environment load took 115.4ns 
59263      INFO  main            d.u.i.k.p.i.AbstractProblemLoader Creating init config 
61925      DEBUG main            d.u.i.k.p.i.AbstractProblemLoader Init config took 2.66s 
61963      INFO  main            d.u.i.k.p.i.AbstractProblemLoader Replaying proof ArrayList[ArrayList::size()].JML normal_behavior operation contract.0 
61979      DEBUG main            d.u.i.k.p.i.IntermediateProofReplayer Proof replay took 14ms 
61980      DEBUG main            d.u.i.k.p.r.p.TestFile    ... success: reloaded. 
61982      INFO  main            d.u.i.k.p.r.p.TestFile    Now processing file /home/runner/work/key/key/key.core/../key.ui/examples/heap/SmansEtAl/Cell_Cell.key 
61982      INFO  main            d.u.i.k.p.i.AbstractProblemLoader Loading environment from /home/runner/work/key/key/key.core/../key.ui/examples/heap/SmansEtAl/Cell_Cell.key 
61982      DEBUG main            d.u.i.k.p.i.AbstractProblemLoader Environment load took 79ns 
61983      INFO  main            d.u.i.k.p.i.AbstractProblemLoader Creating init config 
64649      DEBUG main            d.u.i.k.p.i.AbstractProblemLoader Init config took 2.67s 
64685      INFO  main            d.u.i.k.p.i.AbstractProblemLoader Replaying proof Cell[Cell::Cell()].JML normal_behavior operation contract.0 
64686      DEBUG main            d.u.i.k.p.i.IntermediateProofReplayer Proof replay took 5.7ns 
64888      INFO  main            d.u.i.k.p.r.p.TestFile    ... finished proof: closed. 
65084      INFO  main            d.u.i.k.p.i.AbstractProblemLoader Loading environment from /home/runner/work/key/key/key.core/../key.ui/examples/heap/SmansEtAl/Cell_Cell.key.proof 
65084      DEBUG main            d.u.i.k.p.i.AbstractProblemLoader Environment load took 109.3ns 
65085      INFO  main            d.u.i.k.p.i.AbstractProblemLoader Creating init config 
67764      DEBUG main            d.u.i.k.p.i.AbstractProblemLoader Init config took 2.68s 
67800      INFO  main            d.u.i.k.p.i.AbstractProblemLoader Replaying proof Cell[Cell::Cell()].JML normal_behavior operation contract.0 
67840      DEBUG main            d.u.i.k.p.i.IntermediateProofReplayer Proof replay took 37.01ms 
67841      DEBUG main            d.u.i.k.p.r.p.TestFile    ... success: reloaded. 
67844      INFO  main            d.u.i.k.p.r.p.TestFile    Now processing file /home/runner/work/key/key/key.core/../key.ui/examples/heap/SmansEtAl/Cell_footprint.key 
67844      INFO  main            d.u.i.k.p.i.AbstractProblemLoader Loading environment from /home/runner/work/key/key/key.core/../key.ui/examples/heap/SmansEtAl/Cell_footprint.key 
67844      DEBUG main            d.u.i.k.p.i.AbstractProblemLoader Environment load took 195.3ns 
67845      INFO  main            d.u.i.k.p.i.AbstractProblemLoader Creating init config 
70479      DEBUG main            d.u.i.k.p.i.AbstractProblemLoader Init config took 2.63s 
70514      INFO  main            d.u.i.k.p.i.AbstractProblemLoader Replaying proof Cell[Cell::$footprint()].JML accessible clause.0 
70515      DEBUG main            d.u.i.k.p.i.IntermediateProofReplayer Proof replay took 6.5ns 
70617      INFO  main            d.u.i.k.p.r.p.TestFile    ... finished proof: closed. 
70790      INFO  main            d.u.i.k.p.i.AbstractProblemLoader Loading environment from /home/runner/work/key/key/key.core/../key.ui/examples/heap/SmansEtAl/Cell_footprint.key.proof 
70791      DEBUG main            d.u.i.k.p.i.AbstractProblemLoader Environment load took 104.4ns 
70791      INFO  main            d.u.i.k.p.i.AbstractProblemLoader Creating init config 
73423      DEBUG main            d.u.i.k.p.i.AbstractProblemLoader Init config took 2.63s 
73459      INFO  main            d.u.i.k.p.i.AbstractProblemLoader Replaying proof Cell[Cell::$footprint()].JML accessible clause.0 
73465      DEBUG main            d.u.i.k.p.i.IntermediateProofReplayer Proof replay took 4.73ms 
73467      DEBUG main            d.u.i.k.p.r.p.TestFile    ... success: reloaded. 
73471      INFO  main            d.u.i.k.p.r.p.TestFile    Now processing file /home/runner/work/key/key/key.core/../key.ui/examples/heap/SmansEtAl/Cell_getX_dep.key 
73471      INFO  main            d.u.i.k.p.i.AbstractProblemLoader Loading environment from /home/runner/work/key/key/key.core/../key.ui/examples/heap/SmansEtAl/Cell_getX_dep.key 
73471      DEBUG main            d.u.i.k.p.i.AbstractProblemLoader Environment load took 80.3ns 
73472      INFO  main            d.u.i.k.p.i.AbstractProblemLoader Creating init config 
76102      DEBUG main            d.u.i.k.p.i.AbstractProblemLoader Init config took 2.63s 
76137      INFO  main            d.u.i.k.p.i.AbstractProblemLoader Replaying proof Cell[Cell::getX()].JML accessible clause.0 
76139      DEBUG main            d.u.i.k.p.i.IntermediateProofReplayer Proof replay took 6.2ns 
76242      INFO  main            d.u.i.k.p.r.p.TestFile    ... finished proof: closed. 
76443      INFO  main            d.u.i.k.p.i.AbstractProblemLoader Loading environment from /home/runner/work/key/key/key.core/../key.ui/examples/heap/SmansEtAl/Cell_getX_dep.key.proof 
76443      DEBUG main            d.u.i.k.p.i.AbstractProblemLoader Environment load took 99.4ns 
76444      INFO  main            d.u.i.k.p.i.AbstractProblemLoader Creating init config 
79051      DEBUG main            d.u.i.k.p.i.AbstractProblemLoader Init config took 2.61s 
79087      INFO  main            d.u.i.k.p.i.AbstractProblemLoader Replaying proof Cell[Cell::getX()].JML accessible clause.0 
79109      DEBUG main            d.u.i.k.p.i.IntermediateProofReplayer Proof replay took 18.33ms 
79111      DEBUG main            d.u.i.k.p.r.p.TestFile    ... success: reloaded. 
79114      INFO  main            d.u.i.k.p.r.p.TestFile    Now processing file /home/runner/work/key/key/key.core/../key.ui/examples/heap/SmansEtAl/Cell_getX.key 
79114      INFO  main            d.u.i.k.p.i.AbstractProblemLoader Loading environment from /home/runner/work/key/key/key.core/../key.ui/examples/heap/SmansEtAl/Cell_getX.key 
79114      DEBUG main            d.u.i.k.p.i.AbstractProblemLoader Environment load took 184.6ns 
79115      INFO  main            d.u.i.k.p.i.AbstractProblemLoader Creating init config 
81794      DEBUG main            d.u.i.k.p.i.AbstractProblemLoader Init config took 2.68s 
81828      INFO  main            d.u.i.k.p.i.AbstractProblemLoader Replaying proof Cell[Cell::getX()].JML normal_behavior operation contract.0 
81830      DEBUG main            d.u.i.k.p.i.IntermediateProofReplayer Proof replay took 6.3ns 
81931      INFO  main            d.u.i.k.p.r.p.TestFile    ... finished proof: closed. 
82105      INFO  main            d.u.i.k.p.i.AbstractProblemLoader Loading environment from /home/runner/work/key/key/key.core/../key.ui/examples/heap/SmansEtAl/Cell_getX.key.proof 
82105      DEBUG main            d.u.i.k.p.i.AbstractProblemLoader Environment load took 126.7ns 
82106      INFO  main            d.u.i.k.p.i.AbstractProblemLoader Creating init config 
84757      DEBUG main            d.u.i.k.p.i.AbstractProblemLoader Init config took 2.65s 
84797      INFO  main            d.u.i.k.p.i.AbstractProblemLoader Replaying proof Cell[Cell::getX()].JML normal_behavior operation contract.0 
84811      DEBUG main            d.u.i.k.p.i.IntermediateProofReplayer Proof replay took 12.2ms 
84812      DEBUG main            d.u.i.k.p.r.p.TestFile    ... success: reloaded. 
84814      INFO  main            d.u.i.k.p.r.p.TestFile    Now processing file /home/runner/work/key/key/key.core/../key.ui/examples/heap/SmansEtAl/Cell_inv.key 
84814      INFO  main            d.u.i.k.p.i.AbstractProblemLoader Loading environment from /home/runner/work/key/key/key.core/../key.ui/examples/heap/SmansEtAl/Cell_inv.key 
84814      DEBUG main            d.u.i.k.p.i.AbstractProblemLoader Environment load took 80.4ns 
84815      INFO  main            d.u.i.k.p.i.AbstractProblemLoader Creating init config 
87478      DEBUG main            d.u.i.k.p.i.AbstractProblemLoader Init config took 2.66s 
87511      INFO  main            d.u.i.k.p.i.AbstractProblemLoader Replaying proof Cell[java.lang.Object::<inv>()].JML accessible clause.0 
87513      DEBUG main            d.u.i.k.p.i.IntermediateProofReplayer Proof replay took 6.5ns 
87618      INFO  main            d.u.i.k.p.r.p.TestFile    ... finished proof: closed. 
87814      INFO  main            d.u.i.k.p.i.AbstractProblemLoader Loading environment from /home/runner/work/key/key/key.core/../key.ui/examples/heap/SmansEtAl/Cell_inv.key.proof 
87814      DEBUG main            d.u.i.k.p.i.AbstractProblemLoader Environment load took 98.3ns 
87815      INFO  main            d.u.i.k.p.i.AbstractProblemLoader Creating init config 
90474      DEBUG main            d.u.i.k.p.i.AbstractProblemLoader Init config took 2.66s 
90509      INFO  main            d.u.i.k.p.i.AbstractProblemLoader Replaying proof Cell[java.lang.Object::<inv>()].JML accessible clause.0 
90512      DEBUG main            d.u.i.k.p.i.IntermediateProofReplayer Proof replay took 1.59ms 
90513      DEBUG main            d.u.i.k.p.r.p.TestFile    ... success: reloaded. 
90515      INFO  main            d.u.i.k.p.r.p.TestFile    Now processing file /home/runner/work/key/key/key.core/../key.ui/examples/heap/SmansEtAl/Cell_setX.key 
90515      INFO  main            d.u.i.k.p.i.AbstractProblemLoader Loading environment from /home/runner/work/key/key/key.core/../key.ui/examples/heap/SmansEtAl/Cell_setX.key 
90515      DEBUG main            d.u.i.k.p.i.AbstractProblemLoader Environment load took 81ns 
90516      INFO  main            d.u.i.k.p.i.AbstractProblemLoader Creating init config 
93154      DEBUG main            d.u.i.k.p.i.AbstractProblemLoader Init config took 2.64s 
93188      INFO  main            d.u.i.k.p.i.AbstractProblemLoader Replaying proof Cell[Cell::setX(int)].JML normal_behavior operation contract.0 
93189      DEBUG main            d.u.i.k.p.i.IntermediateProofReplayer Proof replay took 6ns 
93291      INFO  main            d.u.i.k.p.r.p.TestFile    ... finished proof: closed. 
93508      INFO  main            d.u.i.k.p.i.AbstractProblemLoader Loading environment from /home/runner/work/key/key/key.core/../key.ui/examples/heap/SmansEtAl/Cell_setX.key.proof 
93508      DEBUG main            d.u.i.k.p.i.AbstractProblemLoader Environment load took 104.7ns 
93516      INFO  main            d.u.i.k.p.i.AbstractProblemLoader Creating init config 
96100      DEBUG main            d.u.i.k.p.i.AbstractProblemLoader Init config took 2.58s 
96144      INFO  main            d.u.i.k.p.i.AbstractProblemLoader Replaying proof Cell[Cell::setX(int)].JML normal_behavior operation contract.0 
96166      DEBUG main            d.u.i.k.p.i.IntermediateProofReplayer Proof replay took 20.12ms 
96167      DEBUG main            d.u.i.k.p.r.p.TestFile    ... success: reloaded. 
96168      INFO  main            d.u.i.k.p.r.p.TestFile    Now processing file /home/runner/work/key/key/key.core/../key.ui/examples/heap/SmansEtAl/CellClient_m.key 
96169      INFO  main            d.u.i.k.p.i.AbstractProblemLoader Loading environment from /home/runner/work/key/key/key.core/../key.ui/examples/heap/SmansEtAl/CellClient_m.key 
96169      DEBUG main            d.u.i.k.p.i.AbstractProblemLoader Environment load took 81.5ns 
96170      INFO  main            d.u.i.k.p.i.AbstractProblemLoader Creating init config 
98881      DEBUG main            d.u.i.k.p.i.AbstractProblemLoader Init config took 2.71s 
98914      INFO  main            d.u.i.k.p.i.AbstractProblemLoader Replaying proof CellClient[CellClient::m()].JML operation contract.0 
98916      DEBUG main            d.u.i.k.p.i.IntermediateProofReplayer Proof replay took 6ns 
99420      INFO  main            d.u.i.k.p.r.p.TestFile    ... finished proof: closed. 
99711      INFO  main            d.u.i.k.p.i.AbstractProblemLoader Loading environment from /home/runner/work/key/key/key.core/../key.ui/examples/heap/SmansEtAl/CellClient_m.key.proof 
99711      DEBUG main            d.u.i.k.p.i.AbstractProblemLoader Environment load took 105.7ns 
99712      INFO  main            d.u.i.k.p.i.AbstractProblemLoader Creating init config 
102310     DEBUG main            d.u.i.k.p.i.AbstractProblemLoader Init config took 2.6s 
102346     INFO  main            d.u.i.k.p.i.AbstractProblemLoader Replaying proof CellClient[CellClient::m()].JML operation contract.0 
102443     DEBUG main            d.u.i.k.p.i.IntermediateProofReplayer Proof replay took 93.65ms 
102444     DEBUG main            d.u.i.k.p.r.p.TestFile    ... success: reloaded. 
102446     INFO  main            d.u.i.k.p.r.p.TestFile    Now processing file /home/runner/work/key/key/key.core/../key.ui/examples/heap/SmansEtAl/Iterator_footprint.key 
102446     INFO  main            d.u.i.k.p.i.AbstractProblemLoader Loading environment from /home/runner/work/key/key/key.core/../key.ui/examples/heap/SmansEtAl/Iterator_footprint.key 
102446     DEBUG main            d.u.i.k.p.i.AbstractProblemLoader Environment load took 121.3ns 
102447     INFO  main            d.u.i.k.p.i.AbstractProblemLoader Creating init config 
105113     DEBUG main            d.u.i.k.p.i.AbstractProblemLoader Init config took 2.67s 
105150     INFO  main            d.u.i.k.p.i.AbstractProblemLoader Replaying proof Iterator[Iterator::$footprint()].JML accessible clause.0 
105151     DEBUG main            d.u.i.k.p.i.IntermediateProofReplayer Proof replay took 5.9ns 
105253     INFO  main            d.u.i.k.p.r.p.TestFile    ... finished proof: closed. 
105466     INFO  main            d.u.i.k.p.i.AbstractProblemLoader Loading environment from /home/runner/work/key/key/key.core/../key.ui/examples/heap/SmansEtAl/Iterator_footprint.key.proof 
105466     DEBUG main            d.u.i.k.p.i.AbstractProblemLoader Environment load took 104.2ns 
105467     INFO  main            d.u.i.k.p.i.AbstractProblemLoader Creating init config 
108094     DEBUG main            d.u.i.k.p.i.AbstractProblemLoader Init config took 2.63s 
108133     INFO  main            d.u.i.k.p.i.AbstractProblemLoader Replaying proof Iterator[Iterator::$footprint()].JML accessible clause.0 
108143     DEBUG main            d.u.i.k.p.i.IntermediateProofReplayer Proof replay took 6.1ms 
108144     DEBUG main            d.u.i.k.p.r.p.TestFile    ... success: reloaded. 
108148     INFO  main            d.u.i.k.p.r.p.TestFile    Now processing file /home/runner/work/key/key/key.core/../key.ui/examples/heap/SmansEtAl/Iterator_hasNext_dep.key 
108148     INFO  main            d.u.i.k.p.i.AbstractProblemLoader Loading environment from /home/runner/work/key/key/key.core/../key.ui/examples/heap/SmansEtAl/Iterator_hasNext_dep.key 
108148     DEBUG main            d.u.i.k.p.i.AbstractProblemLoader Environment load took 215.9ns 
108150     INFO  main            d.u.i.k.p.i.AbstractProblemLoader Creating init config 
110799     DEBUG main            d.u.i.k.p.i.AbstractProblemLoader Init config took 2.65s 
110836     INFO  main            d.u.i.k.p.i.AbstractProblemLoader Replaying proof Iterator[Iterator::hasNext()].JML accessible clause.0 
110837     DEBUG main            d.u.i.k.p.i.IntermediateProofReplayer Proof replay took 5.9ns 
111441     INFO  main            d.u.i.k.p.r.p.TestFile    ... finished proof: closed. 
111685     INFO  main            d.u.i.k.p.i.AbstractProblemLoader Loading environment from /home/runner/work/key/key/key.core/../key.ui/examples/heap/SmansEtAl/Iterator_hasNext_dep.key.proof 
111686     DEBUG main            d.u.i.k.p.i.AbstractProblemLoader Environment load took 359ns 
111687     INFO  main            d.u.i.k.p.i.AbstractProblemLoader Creating init config 
114290     DEBUG main            d.u.i.k.p.i.AbstractProblemLoader Init config took 2.6s 
114326     INFO  main            d.u.i.k.p.i.AbstractProblemLoader Replaying proof Iterator[Iterator::hasNext()].JML accessible clause.0 
114410     DEBUG main            d.u.i.k.p.i.IntermediateProofReplayer Proof replay took 79.68ms 
114411     DEBUG main            d.u.i.k.p.r.p.TestFile    ... success: reloaded. 
114413     INFO  main            d.u.i.k.p.r.p.TestFile    Now processing file /home/runner/work/key/key/key.core/../key.ui/examples/heap/SmansEtAl/Iterator_hasNext.key 
114414     INFO  main            d.u.i.k.p.i.AbstractProblemLoader Loading environment from /home/runner/work/key/key/key.core/../key.ui/examples/heap/SmansEtAl/Iterator_hasNext.key 
114414     DEBUG main            d.u.i.k.p.i.AbstractProblemLoader Environment load took 214ns 
114415     INFO  main            d.u.i.k.p.i.AbstractProblemLoader Creating init config 
117065     DEBUG main            d.u.i.k.p.i.AbstractProblemLoader Init config took 2.65s 
117100     INFO  main            d.u.i.k.p.i.AbstractProblemLoader Replaying proof Iterator[Iterator::hasNext()].JML normal_behavior operation contract.0 
117101     DEBUG main            d.u.i.k.p.i.IntermediateProofReplayer Proof replay took 7ns 
117605     INFO  main            d.u.i.k.p.r.p.TestFile    ... finished proof: closed. 
117839     INFO  main            d.u.i.k.p.i.AbstractProblemLoader Loading environment from /home/runner/work/key/key/key.core/../key.ui/examples/heap/SmansEtAl/Iterator_hasNext.key.proof 
117839     DEBUG main            d.u.i.k.p.i.AbstractProblemLoader Environment load took 339.3ns 
117840     INFO  main            d.u.i.k.p.i.AbstractProblemLoader Creating init config 
120409     DEBUG main            d.u.i.k.p.i.AbstractProblemLoader Init config took 2.57s 
120445     INFO  main            d.u.i.k.p.i.AbstractProblemLoader Replaying proof Iterator[Iterator::hasNext()].JML normal_behavior operation contract.0 
120522     DEBUG main            d.u.i.k.p.i.IntermediateProofReplayer Proof replay took 71.82ms 
120523     DEBUG main            d.u.i.k.p.r.p.TestFile    ... success: reloaded. 
120525     INFO  main            d.u.i.k.p.r.p.TestFile    Now processing file /home/runner/work/key/key/key.core/../key.ui/examples/heap/SmansEtAl/Iterator_inv.key 
120525     INFO  main            d.u.i.k.p.i.AbstractProblemLoader Loading environment from /home/runner/work/key/key/key.core/../key.ui/examples/heap/SmansEtAl/Iterator_inv.key 
120525     DEBUG main            d.u.i.k.p.i.AbstractProblemLoader Environment load took 81.8ns 
120526     INFO  main            d.u.i.k.p.i.AbstractProblemLoader Creating init config 
123160     DEBUG main            d.u.i.k.p.i.AbstractProblemLoader Init config took 2.63s 
123196     INFO  main            d.u.i.k.p.i.AbstractProblemLoader Replaying proof Iterator[java.lang.Object::<inv>()].JML accessible clause.0 
123197     DEBUG main            d.u.i.k.p.i.IntermediateProofReplayer Proof replay took 6.3ns 
123399     INFO  main            d.u.i.k.p.r.p.TestFile    ... finished proof: closed. 
123691     INFO  main            d.u.i.k.p.i.AbstractProblemLoader Loading environment from /home/runner/work/key/key/key.core/../key.ui/examples/heap/SmansEtAl/Iterator_inv.key.proof 
123691     DEBUG main            d.u.i.k.p.i.AbstractProblemLoader Environment load took 93.3ns 
123692     INFO  main            d.u.i.k.p.i.AbstractProblemLoader Creating init config 
126253     DEBUG main            d.u.i.k.p.i.AbstractProblemLoader Init config took 2.56s 
126288     INFO  main            d.u.i.k.p.i.AbstractProblemLoader Replaying proof Iterator[java.lang.Object::<inv>()].JML accessible clause.0 
126311     DEBUG main            d.u.i.k.p.i.IntermediateProofReplayer Proof replay took 20.92ms 
126312     DEBUG main            d.u.i.k.p.r.p.TestFile    ... success: reloaded. 
126314     INFO  main            d.u.i.k.p.r.p.TestFile    Now processing file /home/runner/work/key/key/key.core/../key.ui/examples/heap/SmansEtAl/Iterator_Iterator.key 
126315     INFO  main            d.u.i.k.p.i.AbstractProblemLoader Loading environment from /home/runner/work/key/key/key.core/../key.ui/examples/heap/SmansEtAl/Iterator_Iterator.key 
126315     DEBUG main            d.u.i.k.p.i.AbstractProblemLoader Environment load took 77.3ns 
126315     INFO  main            d.u.i.k.p.i.AbstractProblemLoader Creating init config 
128924     DEBUG main            d.u.i.k.p.i.AbstractProblemLoader Init config took 2.61s 
128961     INFO  main            d.u.i.k.p.i.AbstractProblemLoader Replaying proof Iterator[Iterator::Iterator(ArrayList)].JML normal_behavior operation contract.0 
128963     DEBUG main            d.u.i.k.p.i.IntermediateProofReplayer Proof replay took 5.8ns 
130188     INFO  main            d.u.i.k.p.r.p.TestFile    ... finished proof: closed. 
130447     INFO  main            d.u.i.k.p.i.AbstractProblemLoader Loading environment from /home/runner/work/key/key/key.core/../key.ui/examples/heap/SmansEtAl/Iterator_Iterator.key.proof 
130447     DEBUG main            d.u.i.k.p.i.AbstractProblemLoader Environment load took 337.8ns 
130449     INFO  main            d.u.i.k.p.i.AbstractProblemLoader Creating init config 
133012     DEBUG main            d.u.i.k.p.i.AbstractProblemLoader Init config took 2.56s 
133048     INFO  main            d.u.i.k.p.i.AbstractProblemLoader Replaying proof Iterator[Iterator::Iterator(ArrayList)].JML normal_behavior operation contract.0 
133220     DEBUG main            d.u.i.k.p.i.IntermediateProofReplayer Proof replay took 160.83ms 
133221     DEBUG main            d.u.i.k.p.r.p.TestFile    ... success: reloaded. 
133223     INFO  main            d.u.i.k.p.r.p.TestFile    Now processing file /home/runner/work/key/key/key.core/../key.ui/examples/heap/SmansEtAl/Iterator_list_dep.key 
133224     INFO  main            d.u.i.k.p.i.AbstractProblemLoader Loading environment from /home/runner/work/key/key/key.core/../key.ui/examples/heap/SmansEtAl/Iterator_list_dep.key 
133224     DEBUG main            d.u.i.k.p.i.AbstractProblemLoader Environment load took 178.1ns 
133225     INFO  main            d.u.i.k.p.i.AbstractProblemLoader Creating init config 
135864     DEBUG main            d.u.i.k.p.i.AbstractProblemLoader Init config took 2.64s 
135899     INFO  main            d.u.i.k.p.i.AbstractProblemLoader Replaying proof Iterator[Iterator::list()].JML accessible clause.0 
135901     DEBUG main            d.u.i.k.p.i.IntermediateProofReplayer Proof replay took 6.1ns 
136003     INFO  main            d.u.i.k.p.r.p.TestFile    ... finished proof: closed. 
136232     INFO  main            d.u.i.k.p.i.AbstractProblemLoader Loading environment from /home/runner/work/key/key/key.core/../key.ui/examples/heap/SmansEtAl/Iterator_list_dep.key.proof 
136232     DEBUG main            d.u.i.k.p.i.AbstractProblemLoader Environment load took 99.1ns 
136234     INFO  main            d.u.i.k.p.i.AbstractProblemLoader Creating init config 
138795     DEBUG main            d.u.i.k.p.i.AbstractProblemLoader Init config took 2.56s 
138830     INFO  main            d.u.i.k.p.i.AbstractProblemLoader Replaying proof Iterator[Iterator::list()].JML accessible clause.0 
138847     DEBUG main            d.u.i.k.p.i.IntermediateProofReplayer Proof replay took 15.83ms 
138848     DEBUG main            d.u.i.k.p.r.p.TestFile    ... success: reloaded. 
138858     INFO  main            d.u.i.k.p.r.p.TestFile    Now processing file /home/runner/work/key/key/key.core/../key.ui/examples/heap/SmansEtAl/Iterator_list.key 
138859     INFO  main            d.u.i.k.p.i.AbstractProblemLoader Loading environment from /home/runner/work/key/key/key.core/../key.ui/examples/heap/SmansEtAl/Iterator_list.key 
138859     DEBUG main            d.u.i.k.p.i.AbstractProblemLoader Environment load took 51.9ns 
138859     INFO  main            d.u.i.k.p.i.AbstractProblemLoader Creating init config 
141480     DEBUG main            d.u.i.k.p.i.AbstractProblemLoader Init config took 2.62s 
141515     INFO  main            d.u.i.k.p.i.AbstractProblemLoader Replaying proof Iterator[Iterator::list()].JML normal_behavior operation contract.0 
141517     DEBUG main            d.u.i.k.p.i.IntermediateProofReplayer Proof replay took 6.3ns 
141622     INFO  main            d.u.i.k.p.r.p.TestFile    ... finished proof: closed. 
141876     INFO  main            d.u.i.k.p.i.AbstractProblemLoader Loading environment from /home/runner/work/key/key/key.core/../key.ui/examples/heap/SmansEtAl/Iterator_list.key.proof 
141876     DEBUG main            d.u.i.k.p.i.AbstractProblemLoader Environment load took 107.8ns 
141877     INFO  main            d.u.i.k.p.i.AbstractProblemLoader Creating init config 
144420     DEBUG main            d.u.i.k.p.i.AbstractProblemLoader Init config took 2.54s 
144464     INFO  main            d.u.i.k.p.i.AbstractProblemLoader Replaying proof Iterator[Iterator::list()].JML normal_behavior operation contract.0 
144479     DEBUG main            d.u.i.k.p.i.IntermediateProofReplayer Proof replay took 13.02ms 
144480     DEBUG main            d.u.i.k.p.r.p.TestFile    ... success: reloaded. 
144482     INFO  main            d.u.i.k.p.r.p.TestFile    Now processing file /home/runner/work/key/key/key.core/../key.ui/examples/heap/SmansEtAl/Iterator_next.key 
144482     INFO  main            d.u.i.k.p.i.AbstractProblemLoader Loading environment from /home/runner/work/key/key/key.core/../key.ui/examples/heap/SmansEtAl/Iterator_next.key 
144482     DEBUG main            d.u.i.k.p.i.AbstractProblemLoader Environment load took 70.9ns 
144483     INFO  main            d.u.i.k.p.i.AbstractProblemLoader Creating init config 
147088     DEBUG main            d.u.i.k.p.i.AbstractProblemLoader Init config took 2.61s 
147123     INFO  main            d.u.i.k.p.i.AbstractProblemLoader Replaying proof Iterator[Iterator::next()].JML normal_behavior operation contract.0 
147124     DEBUG main            d.u.i.k.p.i.IntermediateProofReplayer Proof replay took 6.2ns 
149747     INFO  main            d.u.i.k.p.r.p.TestFile    ... finished proof: closed. 
150017     INFO  main            d.u.i.k.p.i.AbstractProblemLoader Loading environment from /home/runner/work/key/key/key.core/../key.ui/examples/heap/SmansEtAl/Iterator_next.key.proof 
150017     DEBUG main            d.u.i.k.p.i.AbstractProblemLoader Environment load took 358.7ns 
150019     INFO  main            d.u.i.k.p.i.AbstractProblemLoader Creating init config 
152567     DEBUG main            d.u.i.k.p.i.AbstractProblemLoader Init config took 2.55s 
152602     INFO  main            d.u.i.k.p.i.AbstractProblemLoader Replaying proof Iterator[Iterator::next()].JML normal_behavior operation contract.0 
152896     DEBUG main            d.u.i.k.p.i.IntermediateProofReplayer Proof replay took 280.68ms 
152898     DEBUG main            d.u.i.k.p.r.p.TestFile    ... success: reloaded. 
152900     INFO  main            d.u.i.k.p.r.p.TestFile    Now processing file /home/runner/work/key/key/key.core/../key.ui/examples/heap/SmansEtAl/Stack_footprint.key 
152901     INFO  main            d.u.i.k.p.i.AbstractProblemLoader Loading environment from /home/runner/work/key/key/key.core/../key.ui/examples/heap/SmansEtAl/Stack_footprint.key 
152901     DEBUG main            d.u.i.k.p.i.AbstractProblemLoader Environment load took 78.9ns 
152901     INFO  main            d.u.i.k.p.i.AbstractProblemLoader Creating init config 
155500     DEBUG main            d.u.i.k.p.i.AbstractProblemLoader Init config took 2.6s 
155534     INFO  main            d.u.i.k.p.i.AbstractProblemLoader Replaying proof Stack[Stack::$footprint()].JML accessible clause.0 
155536     DEBUG main            d.u.i.k.p.i.IntermediateProofReplayer Proof replay took 6.6ns 
155739     INFO  main            d.u.i.k.p.r.p.TestFile    ... finished proof: closed. 
155992     INFO  main            d.u.i.k.p.i.AbstractProblemLoader Loading environment from /home/runner/work/key/key/key.core/../key.ui/examples/heap/SmansEtAl/Stack_footprint.key.proof 
155992     DEBUG main            d.u.i.k.p.i.AbstractProblemLoader Environment load took 97.4ns 
155993     INFO  main            d.u.i.k.p.i.AbstractProblemLoader Creating init config 
158543     DEBUG main            d.u.i.k.p.i.AbstractProblemLoader Init config took 2.55s 
158578     INFO  main            d.u.i.k.p.i.AbstractProblemLoader Replaying proof Stack[Stack::$footprint()].JML accessible clause.0 
158609     DEBUG main            d.u.i.k.p.i.IntermediateProofReplayer Proof replay took 29.34ms 
158610     DEBUG main            d.u.i.k.p.r.p.TestFile    ... success: reloaded. 
158613     INFO  main            d.u.i.k.p.r.p.TestFile    Now processing file /home/runner/work/key/key/key.core/../key.ui/examples/heap/SmansEtAl/Stack_inv.key 
158614     INFO  main            d.u.i.k.p.i.AbstractProblemLoader Loading environment from /home/runner/work/key/key/key.core/../key.ui/examples/heap/SmansEtAl/Stack_inv.key 
158614     DEBUG main            d.u.i.k.p.i.AbstractProblemLoader Environment load took 151.4ns 
158615     INFO  main            d.u.i.k.p.i.AbstractProblemLoader Creating init config 
161224     DEBUG main            d.u.i.k.p.i.AbstractProblemLoader Init config took 2.61s 
161257     INFO  main            d.u.i.k.p.i.AbstractProblemLoader Replaying proof Stack[java.lang.Object::<inv>()].JML accessible clause.0 
161258     DEBUG main            d.u.i.k.p.i.IntermediateProofReplayer Proof replay took 6.7ns 
161360     INFO  main            d.u.i.k.p.r.p.TestFile    ... finished proof: closed. 
161621     INFO  main            d.u.i.k.p.i.AbstractProblemLoader Loading environment from /home/runner/work/key/key/key.core/../key.ui/examples/heap/SmansEtAl/Stack_inv.key.proof 
161621     DEBUG main            d.u.i.k.p.i.AbstractProblemLoader Environment load took 100.1ns 
161622     INFO  main            d.u.i.k.p.i.AbstractProblemLoader Creating init config 
164167     DEBUG main            d.u.i.k.p.i.AbstractProblemLoader Init config took 2.55s 
164201     INFO  main            d.u.i.k.p.i.AbstractProblemLoader Replaying proof Stack[java.lang.Object::<inv>()].JML accessible clause.0 
164211     DEBUG main            d.u.i.k.p.i.IntermediateProofReplayer Proof replay took 8.99ms 
164215     DEBUG main            d.u.i.k.p.r.p.TestFile    ... success: reloaded. 
164218     INFO  main            d.u.i.k.p.r.p.TestFile    Now processing file /home/runner/work/key/key/key.core/../key.ui/examples/heap/SmansEtAl/Stack_push.key 
164219     INFO  main            d.u.i.k.p.i.AbstractProblemLoader Loading environment from /home/runner/work/key/key/key.core/../key.ui/examples/heap/SmansEtAl/Stack_push.key 
164219     DEBUG main            d.u.i.k.p.i.AbstractProblemLoader Environment load took 75.9ns 
164219     INFO  main            d.u.i.k.p.i.AbstractProblemLoader Creating init config 
166824     DEBUG main            d.u.i.k.p.i.AbstractProblemLoader Init config took 2.6s 
166862     INFO  main            d.u.i.k.p.i.AbstractProblemLoader Replaying proof Stack[Stack::push(java.lang.Object)].JML normal_behavior operation contract.0 
166864     DEBUG main            d.u.i.k.p.i.IntermediateProofReplayer Proof replay took 5.8ns 
167574     INFO  main            d.u.i.k.p.r.p.TestFile    ... finished proof: closed. 
167841     INFO  main            d.u.i.k.p.i.AbstractProblemLoader Loading environment from /home/runner/work/key/key/key.core/../key.ui/examples/heap/SmansEtAl/Stack_push.key.proof 
167845     DEBUG main            d.u.i.k.p.i.AbstractProblemLoader Environment load took 4.67ms 
167846     INFO  main            d.u.i.k.p.i.AbstractProblemLoader Creating init config 
170436     DEBUG main            d.u.i.k.p.i.AbstractProblemLoader Init config took 2.59s 
170471     INFO  main            d.u.i.k.p.i.AbstractProblemLoader Replaying proof Stack[Stack::push(java.lang.Object)].JML normal_behavior operation contract.0 
170601     DEBUG main            d.u.i.k.p.i.IntermediateProofReplayer Proof replay took 126.26ms 
170602     DEBUG main            d.u.i.k.p.r.p.TestFile    ... success: reloaded. 
170604     INFO  main            d.u.i.k.p.r.p.TestFile    Now processing file /home/runner/work/key/key/key.core/../key.ui/examples/heap/SmansEtAl/Stack_size.key 
170605     INFO  main            d.u.i.k.p.i.AbstractProblemLoader Loading environment from /home/runner/work/key/key/key.core/../key.ui/examples/heap/SmansEtAl/Stack_size.key 
170605     DEBUG main            d.u.i.k.p.i.AbstractProblemLoader Environment load took 180.5ns 
170606     INFO  main            d.u.i.k.p.i.AbstractProblemLoader Creating init config 
173221     DEBUG main            d.u.i.k.p.i.AbstractProblemLoader Init config took 2.61s 
173255     INFO  main            d.u.i.k.p.i.AbstractProblemLoader Replaying proof Stack[Stack::size()].JML accessible clause.0 
173256     DEBUG main            d.u.i.k.p.i.IntermediateProofReplayer Proof replay took 7.3ns 
173459     INFO  main            d.u.i.k.p.r.p.TestFile    ... finished proof: closed. 
173735     INFO  main            d.u.i.k.p.i.AbstractProblemLoader Loading environment from /home/runner/work/key/key/key.core/../key.ui/examples/heap/SmansEtAl/Stack_size.key.proof 
173735     DEBUG main            d.u.i.k.p.i.AbstractProblemLoader Environment load took 84.1ns 
173736     INFO  main            d.u.i.k.p.i.AbstractProblemLoader Creating init config 
176282     DEBUG main            d.u.i.k.p.i.AbstractProblemLoader Init config took 2.55s 
176332     INFO  main            d.u.i.k.p.i.AbstractProblemLoader Replaying proof Stack[Stack::size()].JML accessible clause.0 
176370     DEBUG main            d.u.i.k.p.i.IntermediateProofReplayer Proof replay took 36.68ms 
176371     DEBUG main            d.u.i.k.p.r.p.TestFile    ... success: reloaded. 
176373     INFO  main            d.u.i.k.p.r.p.TestFile    Now processing file /home/runner/work/key/key/key.core/../key.ui/examples/heap/SmansEtAl/Stack_Stack.key 
176373     INFO  main            d.u.i.k.p.i.AbstractProblemLoader Loading environment from /home/runner/work/key/key/key.core/../key.ui/examples/heap/SmansEtAl/Stack_Stack.key 
176374     DEBUG main            d.u.i.k.p.i.AbstractProblemLoader Environment load took 162.5ns 
176374     INFO  main            d.u.i.k.p.i.AbstractProblemLoader Creating init config 
178982     DEBUG main            d.u.i.k.p.i.AbstractProblemLoader Init config took 2.61s 
179017     INFO  main            d.u.i.k.p.i.AbstractProblemLoader Replaying proof Stack[Stack::Stack()].JML normal_behavior operation contract.0 
179019     DEBUG main            d.u.i.k.p.i.IntermediateProofReplayer Proof replay took 5.6ns 
180042     INFO  main            d.u.i.k.p.r.p.TestFile    ... finished proof: closed. 
180319     INFO  main            d.u.i.k.p.i.AbstractProblemLoader Loading environment from /home/runner/work/key/key/key.core/../key.ui/examples/heap/SmansEtAl/Stack_Stack.key.proof 
180319     DEBUG main            d.u.i.k.p.i.AbstractProblemLoader Environment load took 350ns 
180321     INFO  main            d.u.i.k.p.i.AbstractProblemLoader Creating init config 
182889     DEBUG main            d.u.i.k.p.i.AbstractProblemLoader Init config took 2.57s 
182928     INFO  main            d.u.i.k.p.i.AbstractProblemLoader Replaying proof Stack[Stack::Stack()].JML normal_behavior operation contract.0 
183114     DEBUG main            d.u.i.k.p.i.IntermediateProofReplayer Proof replay took 178.55ms 
183119     DEBUG main            d.u.i.k.p.r.p.TestFile    ... success: reloaded. 
183121     INFO  main            d.u.i.k.p.r.p.TestFile    Now processing file /home/runner/work/key/key/key.core/../key.ui/examples/heap/SmansEtAl/Stack_switchContents.key 
183122     INFO  main            d.u.i.k.p.i.AbstractProblemLoader Loading environment from /home/runner/work/key/key/key.core/../key.ui/examples/heap/SmansEtAl/Stack_switchContents.key 
183122     DEBUG main            d.u.i.k.p.i.AbstractProblemLoader Environment load took 182.2ns 
183123     INFO  main            d.u.i.k.p.i.AbstractProblemLoader Creating init config 
185724     DEBUG main            d.u.i.k.p.i.AbstractProblemLoader Init config took 2.6s 
185758     INFO  main            d.u.i.k.p.i.AbstractProblemLoader Replaying proof Stack[Stack::switchContents(Stack)].JML normal_behavior operation contract.0 
185759     DEBUG main            d.u.i.k.p.i.IntermediateProofReplayer Proof replay took 5.4ns 
190270     INFO  main            d.u.i.k.p.r.p.TestFile    ... finished proof: closed. 
190576     INFO  main            d.u.i.k.p.i.AbstractProblemLoader Loading environment from /home/runner/work/key/key/key.core/../key.ui/examples/heap/SmansEtAl/Stack_switchContents.key.proof 
190576     DEBUG main            d.u.i.k.p.i.AbstractProblemLoader Environment load took 88.4ns 
190578     INFO  main            d.u.i.k.p.i.AbstractProblemLoader Creating init config 
193128     DEBUG main            d.u.i.k.p.i.AbstractProblemLoader Init config took 2.55s 
193162     INFO  main            d.u.i.k.p.i.AbstractProblemLoader Replaying proof Stack[Stack::switchContents(Stack)].JML normal_behavior operation contract.0 
193613     DEBUG main            d.u.i.k.p.i.IntermediateProofReplayer Proof replay took 438.45ms 
193615     DEBUG main            d.u.i.k.p.r.p.TestFile    ... success: reloaded. 
2029449    INFO  Test worker     d.u.i.k.p.r.RunAllProofsTestUnit Running test VACID0 
351        INFO  Timeout watchdog d.u.i.k.p.r.p.ForkedTestFileRunner Timeout watcher launched (2000 secs.) 
370        WARN  main            d.u.i.k.s.ProofSettings   The settings in /home/runner/.key/proof-settings.props are *not* read. 
402        INFO  main            d.u.i.k.p.r.p.TestFile    Now processing file /home/runner/work/key/key/key.core/../key.ui/examples/heap/vacid0_01_SparseArray/Harness_sparseArrayTestHarness1.key 
504        INFO  main            d.u.i.k.p.i.AbstractProblemLoader Loading environment from /home/runner/work/key/key/key.core/../key.ui/examples/heap/vacid0_01_SparseArray/Harness_sparseArrayTestHarness1.key 
520        DEBUG main            d.u.i.k.p.i.AbstractProblemLoader Environment load took 2.02ms 
729        INFO  main            d.u.i.k.p.i.AbstractProblemLoader Creating init config 
1773       DEBUG main            d.u.i.k.j.TypeConverter   No LDT found for Meta 
1773       DEBUG main            d.u.i.k.j.TypeConverter   No LDT found for Meta 
1776       DEBUG main            d.u.i.k.j.TypeConverter   No LDT found for Meta 
1776       DEBUG main            d.u.i.k.j.TypeConverter   No LDT found for Meta 
2900       DEBUG main            d.u.i.k.j.TypeConverter   No LDT found for JavaBigintExpression 
8120       DEBUG main            d.u.i.k.p.i.AbstractProblemLoader Init config took 7.39s 
8277       INFO  main            d.u.i.k.p.i.AbstractProblemLoader Replaying proof Harness[Harness::sparseArrayTestHarness1()].JML normal_behavior operation contract.0 
8337       DEBUG main            d.u.i.k.p.i.IntermediateProofReplayer Proof replay took 35.5ns 
9895       INFO  main            d.u.i.k.p.r.p.TestFile    ... finished proof: closed. 
10020      INFO  main            d.u.i.k.p.i.AbstractProblemLoader Loading environment from /home/runner/work/key/key/key.core/../key.ui/examples/heap/vacid0_01_SparseArray/Harness_sparseArrayTestHarness1.key.proof 
10021      DEBUG main            d.u.i.k.p.i.AbstractProblemLoader Environment load took 367.7ns 
10024      INFO  main            d.u.i.k.p.i.AbstractProblemLoader Creating init config 
13050      DEBUG main            d.u.i.k.p.i.AbstractProblemLoader Init config took 3.03s 
13121      INFO  main            d.u.i.k.p.i.AbstractProblemLoader Replaying proof Harness[Harness::sparseArrayTestHarness1()].JML normal_behavior operation contract.0 
13281      DEBUG main            d.u.i.k.p.i.IntermediateProofReplayer Proof replay took 152.21ms 
13289      DEBUG main            d.u.i.k.p.r.p.TestFile    ... success: reloaded. 
13292      INFO  main            d.u.i.k.p.r.p.TestFile    Now processing file /home/runner/work/key/key/key.core/../key.ui/examples/heap/vacid0_01_SparseArray/Harness_sparseArrayTestHarness2.key 
13293      INFO  main            d.u.i.k.p.i.AbstractProblemLoader Loading environment from /home/runner/work/key/key/key.core/../key.ui/examples/heap/vacid0_01_SparseArray/Harness_sparseArrayTestHarness2.key 
13293      DEBUG main            d.u.i.k.p.i.AbstractProblemLoader Environment load took 201.4ns 
13294      INFO  main            d.u.i.k.p.i.AbstractProblemLoader Creating init config 
16195      DEBUG main            d.u.i.k.p.i.AbstractProblemLoader Init config took 2.9s 
16252      INFO  main            d.u.i.k.p.i.AbstractProblemLoader Replaying proof Harness[Harness::sparseArrayTestHarness2()].JML normal_behavior operation contract.0 
16254      DEBUG main            d.u.i.k.p.i.IntermediateProofReplayer Proof replay took 5.9ns 
25714      INFO  main            d.u.i.k.p.r.p.TestFile    ... finished proof: closed. 
25910      INFO  main            d.u.i.k.p.i.AbstractProblemLoader Loading environment from /home/runner/work/key/key/key.core/../key.ui/examples/heap/vacid0_01_SparseArray/Harness_sparseArrayTestHarness2.key.proof 
25911      DEBUG main            d.u.i.k.p.i.AbstractProblemLoader Environment load took 387.1ns 
25917      INFO  main            d.u.i.k.p.i.AbstractProblemLoader Creating init config 
28704      DEBUG main            d.u.i.k.p.i.AbstractProblemLoader Init config took 2.79s 
28752      INFO  main            d.u.i.k.p.i.AbstractProblemLoader Replaying proof Harness[Harness::sparseArrayTestHarness2()].JML normal_behavior operation contract.0 
29739      DEBUG main            d.u.i.k.p.i.IntermediateProofReplayer Proof replay took 942.19ms 
29741      DEBUG main            d.u.i.k.p.r.p.TestFile    ... success: reloaded. 
29745      INFO  main            d.u.i.k.p.r.p.TestFile    Now processing file /home/runner/work/key/key/key.core/../key.ui/examples/heap/vacid0_01_SparseArray/MemoryAllocator_alloc_unsigned.key 
29745      INFO  main            d.u.i.k.p.i.AbstractProblemLoader Loading environment from /home/runner/work/key/key/key.core/../key.ui/examples/heap/vacid0_01_SparseArray/MemoryAllocator_alloc_unsigned.key 
29745      DEBUG main            d.u.i.k.p.i.AbstractProblemLoader Environment load took 201.9ns 
29746      INFO  main            d.u.i.k.p.i.AbstractProblemLoader Creating init config 
32556      DEBUG main            d.u.i.k.p.i.AbstractProblemLoader Init config took 2.81s 
32602      INFO  main            d.u.i.k.p.i.AbstractProblemLoader Replaying proof MemoryAllocator[MemoryAllocator::alloc_unsigned(int)].JML normal_behavior operation contract.0 
32604      DEBUG main            d.u.i.k.p.i.IntermediateProofReplayer Proof replay took 5.6ns 
33510      INFO  main            d.u.i.k.p.r.p.TestFile    ... finished proof: closed. 
33669      INFO  main            d.u.i.k.p.i.AbstractProblemLoader Loading environment from /home/runner/work/key/key/key.core/../key.ui/examples/heap/vacid0_01_SparseArray/MemoryAllocator_alloc_unsigned.key.proof 
33669      DEBUG main            d.u.i.k.p.i.AbstractProblemLoader Environment load took 119ns 
33671      INFO  main            d.u.i.k.p.i.AbstractProblemLoader Creating init config 
36395      DEBUG main            d.u.i.k.p.i.AbstractProblemLoader Init config took 2.72s 
36438      INFO  main            d.u.i.k.p.i.AbstractProblemLoader Replaying proof MemoryAllocator[MemoryAllocator::alloc_unsigned(int)].JML normal_behavior operation contract.0 
36650      DEBUG main            d.u.i.k.p.i.IntermediateProofReplayer Proof replay took 205.48ms 
36651      DEBUG main            d.u.i.k.p.r.p.TestFile    ... success: reloaded. 
36655      INFO  main            d.u.i.k.p.r.p.TestFile    Now processing file /home/runner/work/key/key/key.core/../key.ui/examples/heap/vacid0_01_SparseArray/MemoryAllocator_alloc.key 
36655      INFO  main            d.u.i.k.p.i.AbstractProblemLoader Loading environment from /home/runner/work/key/key/key.core/../key.ui/examples/heap/vacid0_01_SparseArray/MemoryAllocator_alloc.key 
36655      DEBUG main            d.u.i.k.p.i.AbstractProblemLoader Environment load took 208.8ns 
36656      INFO  main            d.u.i.k.p.i.AbstractProblemLoader Creating init config 
39414      DEBUG main            d.u.i.k.p.i.AbstractProblemLoader Init config took 2.76s 
39455      INFO  main            d.u.i.k.p.i.AbstractProblemLoader Replaying proof MemoryAllocator[MemoryAllocator::alloc(int)].JML normal_behavior operation contract.0 
39457      DEBUG main            d.u.i.k.p.i.IntermediateProofReplayer Proof replay took 6.1ns 
40062      INFO  main            d.u.i.k.p.r.p.TestFile    ... finished proof: closed. 
40200      INFO  main            d.u.i.k.p.i.AbstractProblemLoader Loading environment from /home/runner/work/key/key/key.core/../key.ui/examples/heap/vacid0_01_SparseArray/MemoryAllocator_alloc.key.proof 
40200      DEBUG main            d.u.i.k.p.i.AbstractProblemLoader Environment load took 366.2ns 
40203      INFO  main            d.u.i.k.p.i.AbstractProblemLoader Creating init config 
42861      DEBUG main            d.u.i.k.p.i.AbstractProblemLoader Init config took 2.66s 
42900      INFO  main            d.u.i.k.p.i.AbstractProblemLoader Replaying proof MemoryAllocator[MemoryAllocator::alloc(int)].JML normal_behavior operation contract.0 
43041      DEBUG main            d.u.i.k.p.i.IntermediateProofReplayer Proof replay took 136.27ms 
43043      DEBUG main            d.u.i.k.p.r.p.TestFile    ... success: reloaded. 
43046      INFO  main            d.u.i.k.p.r.p.TestFile    Now processing file /home/runner/work/key/key/key.core/../key.ui/examples/heap/vacid0_01_SparseArray/SparseArray_get_dep.key 
43046      INFO  main            d.u.i.k.p.i.AbstractProblemLoader Loading environment from /home/runner/work/key/key/key.core/../key.ui/examples/heap/vacid0_01_SparseArray/SparseArray_get_dep.key 
43046      DEBUG main            d.u.i.k.p.i.AbstractProblemLoader Environment load took 198.3ns 
43047      INFO  main            d.u.i.k.p.i.AbstractProblemLoader Creating init config 
45761      DEBUG main            d.u.i.k.p.i.AbstractProblemLoader Init config took 2.71s 
45823      INFO  main            d.u.i.k.p.i.AbstractProblemLoader Replaying proof SparseArray[SparseArray::get(int)].JML accessible clause.0 
45825      DEBUG main            d.u.i.k.p.i.IntermediateProofReplayer Proof replay took 5.6ns 
48949      INFO  main            d.u.i.k.p.r.p.TestFile    ... finished proof: closed. 
49132      INFO  main            d.u.i.k.p.i.AbstractProblemLoader Loading environment from /home/runner/work/key/key/key.core/../key.ui/examples/heap/vacid0_01_SparseArray/SparseArray_get_dep.key.proof 
49133      DEBUG main            d.u.i.k.p.i.AbstractProblemLoader Environment load took 349.8ns 
49134      INFO  main            d.u.i.k.p.i.AbstractProblemLoader Creating init config 
51800      DEBUG main            d.u.i.k.p.i.AbstractProblemLoader Init config took 2.67s 
51861      INFO  main            d.u.i.k.p.i.AbstractProblemLoader Replaying proof SparseArray[SparseArray::get(int)].JML accessible clause.0 
52216      DEBUG main            d.u.i.k.p.i.IntermediateProofReplayer Proof replay took 340.43ms 
52217      DEBUG main            d.u.i.k.p.r.p.TestFile    ... success: reloaded. 
52220      INFO  main            d.u.i.k.p.r.p.TestFile    Now processing file /home/runner/work/key/key/key.core/../key.ui/examples/heap/vacid0_01_SparseArray/SparseArray_get.key 
52220      INFO  main            d.u.i.k.p.i.AbstractProblemLoader Loading environment from /home/runner/work/key/key/key.core/../key.ui/examples/heap/vacid0_01_SparseArray/SparseArray_get.key 
52221      DEBUG main            d.u.i.k.p.i.AbstractProblemLoader Environment load took 679.5ns 
52222      INFO  main            d.u.i.k.p.i.AbstractProblemLoader Creating init config 
54934      DEBUG main            d.u.i.k.p.i.AbstractProblemLoader Init config took 2.71s 
54989      INFO  main            d.u.i.k.p.i.AbstractProblemLoader Replaying proof SparseArray[SparseArray::get(int)].JML normal_behavior operation contract.0 
54991      DEBUG main            d.u.i.k.p.i.IntermediateProofReplayer Proof replay took 5.7ns 
57106      INFO  main            d.u.i.k.p.r.p.TestFile    ... finished proof: closed. 
57304      INFO  main            d.u.i.k.p.i.AbstractProblemLoader Loading environment from /home/runner/work/key/key/key.core/../key.ui/examples/heap/vacid0_01_SparseArray/SparseArray_get.key.proof 
57304      DEBUG main            d.u.i.k.p.i.AbstractProblemLoader Environment load took 355.6ns 
57305      INFO  main            d.u.i.k.p.i.AbstractProblemLoader Creating init config 
59922      DEBUG main            d.u.i.k.p.i.AbstractProblemLoader Init config took 2.62s 
59984      INFO  main            d.u.i.k.p.i.AbstractProblemLoader Replaying proof SparseArray[SparseArray::get(int)].JML normal_behavior operation contract.0 
60262      DEBUG main            d.u.i.k.p.i.IntermediateProofReplayer Proof replay took 268.04ms 
60263      DEBUG main            d.u.i.k.p.r.p.TestFile    ... success: reloaded. 
60266      INFO  main            d.u.i.k.p.r.p.TestFile    Now processing file /home/runner/work/key/key/key.core/../key.ui/examples/heap/vacid0_01_SparseArray/SparseArray_inv.key 
60266      INFO  main            d.u.i.k.p.i.AbstractProblemLoader Loading environment from /home/runner/work/key/key/key.core/../key.ui/examples/heap/vacid0_01_SparseArray/SparseArray_inv.key 
60266      DEBUG main            d.u.i.k.p.i.AbstractProblemLoader Environment load took 171.4ns 
60267      INFO  main            d.u.i.k.p.i.AbstractProblemLoader Creating init config 
62950      DEBUG main            d.u.i.k.p.i.AbstractProblemLoader Init config took 2.68s 
63004      INFO  main            d.u.i.k.p.i.AbstractProblemLoader Replaying proof SparseArray[java.lang.Object::<inv>()].JML accessible clause.0 
63005      DEBUG main            d.u.i.k.p.i.IntermediateProofReplayer Proof replay took 6.3ns 
64846      INFO  main            d.u.i.k.p.r.p.TestFile    ... finished proof: closed. 
65014      INFO  main            d.u.i.k.p.i.AbstractProblemLoader Loading environment from /home/runner/work/key/key/key.core/../key.ui/examples/heap/vacid0_01_SparseArray/SparseArray_inv.key.proof 
65015      DEBUG main            d.u.i.k.p.i.AbstractProblemLoader Environment load took 431.3ns 
65016      INFO  main            d.u.i.k.p.i.AbstractProblemLoader Creating init config 
67628      DEBUG main            d.u.i.k.p.i.AbstractProblemLoader Init config took 2.61s 
67681      INFO  main            d.u.i.k.p.i.AbstractProblemLoader Replaying proof SparseArray[java.lang.Object::<inv>()].JML accessible clause.0 
67816      DEBUG main            d.u.i.k.p.i.IntermediateProofReplayer Proof replay took 129.81ms 
67817      DEBUG main            d.u.i.k.p.r.p.TestFile    ... success: reloaded. 
67819      INFO  main            d.u.i.k.p.r.p.TestFile    Now processing file /home/runner/work/key/key/key.core/../key.ui/examples/heap/vacid0_01_SparseArray/SparseArray_SparseArray.key 
67820      INFO  main            d.u.i.k.p.i.AbstractProblemLoader Loading environment from /home/runner/work/key/key/key.core/../key.ui/examples/heap/vacid0_01_SparseArray/SparseArray_SparseArray.key 
67820      DEBUG main            d.u.i.k.p.i.AbstractProblemLoader Environment load took 184.5ns 
67821      INFO  main            d.u.i.k.p.i.AbstractProblemLoader Creating init config 
70455      DEBUG main            d.u.i.k.p.i.AbstractProblemLoader Init config took 2.63s 
70508      INFO  main            d.u.i.k.p.i.AbstractProblemLoader Replaying proof SparseArray[SparseArray::SparseArray(int)].JML normal_behavior operation contract.0 
70510      DEBUG main            d.u.i.k.p.i.IntermediateProofReplayer Proof replay took 5.5ns 
73918      INFO  main            d.u.i.k.p.r.p.TestFile    ... finished proof: closed. 
74125      INFO  main            d.u.i.k.p.i.AbstractProblemLoader Loading environment from /home/runner/work/key/key/key.core/../key.ui/examples/heap/vacid0_01_SparseArray/SparseArray_SparseArray.key.proof 
74126      DEBUG main            d.u.i.k.p.i.AbstractProblemLoader Environment load took 167.5ns 
74127      INFO  main            d.u.i.k.p.i.AbstractProblemLoader Creating init config 
76770      DEBUG main            d.u.i.k.p.i.AbstractProblemLoader Init config took 2.64s 
76822      INFO  main            d.u.i.k.p.i.AbstractProblemLoader Replaying proof SparseArray[SparseArray::SparseArray(int)].JML normal_behavior operation contract.0 
77279      DEBUG main            d.u.i.k.p.i.IntermediateProofReplayer Proof replay took 435.25ms 
77281      DEBUG main            d.u.i.k.p.r.p.TestFile    ... success: reloaded. 
2106902    INFO  Test worker     d.u.i.k.p.r.RunAllProofsTestUnit Returning from test VACID0 
2106903    INFO  Test worker     d.u.i.k.p.r.RunAllProofsTestUnit Running test VSTTE10 
345        INFO  Timeout watchdog d.u.i.k.p.r.p.ForkedTestFileRunner Timeout watcher launched (2000 secs.) 
357        WARN  main            d.u.i.k.s.ProofSettings   The settings in /home/runner/.key/proof-settings.props are *not* read. 
395        INFO  main            d.u.i.k.p.r.p.TestFile    Now processing file /home/runner/work/key/key/key.core/../key.ui/examples/heap/vstte10_01_SumAndMax/SumAndMax_sumAndMax.key 
564        INFO  main            d.u.i.k.p.i.AbstractProblemLoader Loading environment from /home/runner/work/key/key/key.core/../key.ui/examples/heap/vstte10_01_SumAndMax/SumAndMax_sumAndMax.key 
580        DEBUG main            d.u.i.k.p.i.AbstractProblemLoader Environment load took 2.11ms 
811        INFO  main            d.u.i.k.p.i.AbstractProblemLoader Creating init config 
1619       DEBUG main            d.u.i.k.j.TypeConverter   No LDT found for Meta 
1620       DEBUG main            d.u.i.k.j.TypeConverter   No LDT found for Meta 
1621       DEBUG main            d.u.i.k.j.TypeConverter   No LDT found for Meta 
1622       DEBUG main            d.u.i.k.j.TypeConverter   No LDT found for Meta 
3145       DEBUG main            d.u.i.k.j.TypeConverter   No LDT found for JavaBigintExpression 
8127       DEBUG main            d.u.i.k.p.i.AbstractProblemLoader Init config took 7.32s 
8257       INFO  main            d.u.i.k.p.i.AbstractProblemLoader Replaying proof SumAndMax[SumAndMax::sumAndMax([I)].JML normal_behavior operation contract.0 
8333       DEBUG main            d.u.i.k.p.i.IntermediateProofReplayer Proof replay took 38.1ns 
13131      INFO  main            d.u.i.k.p.r.p.TestFile    ... finished proof: closed. 
13278      INFO  main            d.u.i.k.p.i.AbstractProblemLoader Loading environment from /home/runner/work/key/key/key.core/../key.ui/examples/heap/vstte10_01_SumAndMax/SumAndMax_sumAndMax.key.proof 
13278      DEBUG main            d.u.i.k.p.i.AbstractProblemLoader Environment load took 135.1ns 
13281      INFO  main            d.u.i.k.p.i.AbstractProblemLoader Creating init config 
16054      DEBUG main            d.u.i.k.p.i.AbstractProblemLoader Init config took 2.77s 
16143      INFO  main            d.u.i.k.p.i.AbstractProblemLoader Replaying proof SumAndMax[SumAndMax::sumAndMax([I)].JML normal_behavior operation contract.0 
16887      DEBUG main            d.u.i.k.p.i.IntermediateProofReplayer Proof replay took 712.24ms 
16897      DEBUG main            d.u.i.k.p.r.p.TestFile    ... success: reloaded. 
16904      INFO  main            d.u.i.k.p.r.p.TestFile    Now processing file /home/runner/work/key/key/key.core/../key.ui/examples/heap/vstte10_03_LinkedList/Node_cons.key 
16905      INFO  main            d.u.i.k.p.i.AbstractProblemLoader Loading environment from /home/runner/work/key/key/key.core/../key.ui/examples/heap/vstte10_03_LinkedList/Node_cons.key 
16905      DEBUG main            d.u.i.k.p.i.AbstractProblemLoader Environment load took 123.7ns 
16908      INFO  main            d.u.i.k.p.i.AbstractProblemLoader Creating init config 
19676      DEBUG main            d.u.i.k.p.i.AbstractProblemLoader Init config took 2.77s 
19756      INFO  main            d.u.i.k.p.i.AbstractProblemLoader Replaying proof Node[Node::cons(int,Node)].JML normal_behavior operation contract.0 
19761      DEBUG main            d.u.i.k.p.i.IntermediateProofReplayer Proof replay took 7.3ns 
21372      INFO  main            d.u.i.k.p.r.p.TestFile    ... finished proof: closed. 
21562      INFO  main            d.u.i.k.p.i.AbstractProblemLoader Loading environment from /home/runner/work/key/key/key.core/../key.ui/examples/heap/vstte10_03_LinkedList/Node_cons.key.proof 
21563      DEBUG main            d.u.i.k.p.i.AbstractProblemLoader Environment load took 411.9ns 
21565      INFO  main            d.u.i.k.p.i.AbstractProblemLoader Creating init config 
24183      DEBUG main            d.u.i.k.p.i.AbstractProblemLoader Init config took 2.62s 
24238      INFO  main            d.u.i.k.p.i.AbstractProblemLoader Replaying proof Node[Node::cons(int,Node)].JML normal_behavior operation contract.0 
24522      DEBUG main            d.u.i.k.p.i.IntermediateProofReplayer Proof replay took 273.42ms 
24524      DEBUG main            d.u.i.k.p.r.p.TestFile    ... success: reloaded. 
24526      INFO  main            d.u.i.k.p.r.p.TestFile    Now processing file /home/runner/work/key/key/key.core/../key.ui/examples/heap/vstte10_03_LinkedList/Node_inv.key 
24526      INFO  main            d.u.i.k.p.i.AbstractProblemLoader Loading environment from /home/runner/work/key/key/key.core/../key.ui/examples/heap/vstte10_03_LinkedList/Node_inv.key 
24527      DEBUG main            d.u.i.k.p.i.AbstractProblemLoader Environment load took 191.7ns 
24528      INFO  main            d.u.i.k.p.i.AbstractProblemLoader Creating init config 
27124      DEBUG main            d.u.i.k.p.i.AbstractProblemLoader Init config took 2.6s 
27181      INFO  main            d.u.i.k.p.i.AbstractProblemLoader Replaying proof Node[java.lang.Object::<inv>()].JML accessible clause.0 
27183      DEBUG main            d.u.i.k.p.i.IntermediateProofReplayer Proof replay took 6.5ns 
27586      INFO  main            d.u.i.k.p.r.p.TestFile    ... finished proof: closed. 
27732      INFO  main            d.u.i.k.p.i.AbstractProblemLoader Loading environment from /home/runner/work/key/key/key.core/../key.ui/examples/heap/vstte10_03_LinkedList/Node_inv.key.proof 
27732      DEBUG main            d.u.i.k.p.i.AbstractProblemLoader Environment load took 111.9ns 
27737      INFO  main            d.u.i.k.p.i.AbstractProblemLoader Creating init config 
30343      DEBUG main            d.u.i.k.p.i.AbstractProblemLoader Init config took 2.61s 
30412      INFO  main            d.u.i.k.p.i.AbstractProblemLoader Replaying proof Node[java.lang.Object::<inv>()].JML accessible clause.0 
30457      DEBUG main            d.u.i.k.p.i.IntermediateProofReplayer Proof replay took 38.06ms 
30458      DEBUG main            d.u.i.k.p.r.p.TestFile    ... success: reloaded. 
30461      INFO  main            d.u.i.k.p.r.p.TestFile    Now processing file /home/runner/work/key/key/key.core/../key.ui/examples/heap/vstte10_03_LinkedList/Node_search.key 
30461      INFO  main            d.u.i.k.p.i.AbstractProblemLoader Loading environment from /home/runner/work/key/key/key.core/../key.ui/examples/heap/vstte10_03_LinkedList/Node_search.key 
30461      DEBUG main            d.u.i.k.p.i.AbstractProblemLoader Environment load took 179.9ns 
30462      INFO  main            d.u.i.k.p.i.AbstractProblemLoader Creating init config 
33077      DEBUG main            d.u.i.k.p.i.AbstractProblemLoader Init config took 2.61s 
33148      INFO  main            d.u.i.k.p.i.AbstractProblemLoader Replaying proof Node[Node::search()].JML normal_behavior operation contract.0 
33151      DEBUG main            d.u.i.k.p.i.IntermediateProofReplayer Proof replay took 6.5ns 
39379      INFO  main            d.u.i.k.p.r.p.TestFile    ... finished proof: closed. 
39574      INFO  main            d.u.i.k.p.i.AbstractProblemLoader Loading environment from /home/runner/work/key/key/key.core/../key.ui/examples/heap/vstte10_03_LinkedList/Node_search.key.proof 
39574      DEBUG main            d.u.i.k.p.i.AbstractProblemLoader Environment load took 389.6ns 
39577      INFO  main            d.u.i.k.p.i.AbstractProblemLoader Creating init config 
42080      DEBUG main            d.u.i.k.p.i.AbstractProblemLoader Init config took 2.5s 
42134      INFO  main            d.u.i.k.p.i.AbstractProblemLoader Replaying proof Node[Node::search()].JML normal_behavior operation contract.0 
42848      DEBUG main            d.u.i.k.p.i.IntermediateProofReplayer Proof replay took 663.88ms 
42852      DEBUG main            d.u.i.k.p.r.p.TestFile    ... success: reloaded. 
42854      INFO  main            d.u.i.k.p.r.p.TestFile    Now processing file /home/runner/work/key/key/key.core/../key.ui/examples/heap/vstte10_04_Queens/Queens_isConsistent.key 
42855      INFO  main            d.u.i.k.p.i.AbstractProblemLoader Loading environment from /home/runner/work/key/key/key.core/../key.ui/examples/heap/vstte10_04_Queens/Queens_isConsistent.key 
42855      DEBUG main            d.u.i.k.p.i.AbstractProblemLoader Environment load took 178.5ns 
42856      INFO  main            d.u.i.k.p.i.AbstractProblemLoader Creating init config 
45760      DEBUG main            d.u.i.k.p.i.AbstractProblemLoader Init config took 2.9s 
45803      INFO  main            d.u.i.k.p.i.AbstractProblemLoader Replaying proof Queens[Queens::isConsistent([I,int)].JML normal_behavior operation contract.0 
45805      DEBUG main            d.u.i.k.p.i.IntermediateProofReplayer Proof replay took 5.4ns 
47552      INFO  main            d.u.i.k.p.r.p.TestFile    ... finished proof: closed. 
47738      INFO  main            d.u.i.k.p.i.AbstractProblemLoader Loading environment from /home/runner/work/key/key/key.core/../key.ui/examples/heap/vstte10_04_Queens/Queens_isConsistent.key.proof 
47739      DEBUG main            d.u.i.k.p.i.AbstractProblemLoader Environment load took 1.53ms 
47741      INFO  main            d.u.i.k.p.i.AbstractProblemLoader Creating init config 
50327      DEBUG main            d.u.i.k.p.i.AbstractProblemLoader Init config took 2.59s 
50382      INFO  main            d.u.i.k.p.i.AbstractProblemLoader Replaying proof Queens[Queens::isConsistent([I,int)].JML normal_behavior operation contract.0 
50763      DEBUG main            d.u.i.k.p.i.IntermediateProofReplayer Proof replay took 371.29ms 
50765      DEBUG main            d.u.i.k.p.r.p.TestFile    ... success: reloaded. 
50767      INFO  main            d.u.i.k.p.r.p.TestFile    Now processing file /home/runner/work/key/key/key.core/../key.ui/examples/heap/vstte10_04_Queens/Queens_nQueens.key 
50767      INFO  main            d.u.i.k.p.i.AbstractProblemLoader Loading environment from /home/runner/work/key/key/key.core/../key.ui/examples/heap/vstte10_04_Queens/Queens_nQueens.key 
50767      DEBUG main            d.u.i.k.p.i.AbstractProblemLoader Environment load took 209ns 
50768      INFO  main            d.u.i.k.p.i.AbstractProblemLoader Creating init config 
53543      DEBUG main            d.u.i.k.p.i.AbstractProblemLoader Init config took 2.77s 
53596      INFO  main            d.u.i.k.p.i.AbstractProblemLoader Replaying proof Queens[Queens::nQueens(int)].JML normal_behavior operation contract.0 
53600      DEBUG main            d.u.i.k.p.i.IntermediateProofReplayer Proof replay took 7ns 
65845      INFO  main            d.u.i.k.p.r.p.TestFile    ... finished proof: closed. 
66040      INFO  main            d.u.i.k.p.i.AbstractProblemLoader Loading environment from /home/runner/work/key/key/key.core/../key.ui/examples/heap/vstte10_04_Queens/Queens_nQueens.key.proof 
66040      DEBUG main            d.u.i.k.p.i.AbstractProblemLoader Environment load took 351.9ns 
66042      INFO  main            d.u.i.k.p.i.AbstractProblemLoader Creating init config 
68589      DEBUG main            d.u.i.k.p.i.AbstractProblemLoader Init config took 2.55s 
68630      INFO  main            d.u.i.k.p.i.AbstractProblemLoader Replaying proof Queens[Queens::nQueens(int)].JML normal_behavior operation contract.0 
69621      DEBUG main            d.u.i.k.p.i.IntermediateProofReplayer Proof replay took 974.06ms 
69623      DEBUG main            d.u.i.k.p.r.p.TestFile    ... success: reloaded. 
69625      INFO  main            d.u.i.k.p.r.p.TestFile    Now processing file /home/runner/work/key/key/key.core/../key.ui/examples/heap/vstte10_05_Queue/AmortizedQueue_AmortizedQueue.key 
69625      INFO  main            d.u.i.k.p.i.AbstractProblemLoader Loading environment from /home/runner/work/key/key/key.core/../key.ui/examples/heap/vstte10_05_Queue/AmortizedQueue_AmortizedQueue.key 
69626      DEBUG main            d.u.i.k.p.i.AbstractProblemLoader Environment load took 197.9ns 
69627      INFO  main            d.u.i.k.p.i.AbstractProblemLoader Creating init config 
72361      DEBUG main            d.u.i.k.p.i.AbstractProblemLoader Init config took 2.73s 
72406      INFO  main            d.u.i.k.p.i.AbstractProblemLoader Replaying proof AmortizedQueue[AmortizedQueue::AmortizedQueue()].JML normal_behavior operation contract.0 
72408      DEBUG main            d.u.i.k.p.i.IntermediateProofReplayer Proof replay took 5.9ns 
73742      INFO  main            d.u.i.k.p.r.p.TestFile    ... finished proof: closed. 
73931      INFO  main            d.u.i.k.p.i.AbstractProblemLoader Loading environment from /home/runner/work/key/key/key.core/../key.ui/examples/heap/vstte10_05_Queue/AmortizedQueue_AmortizedQueue.key.proof 
73931      DEBUG main            d.u.i.k.p.i.AbstractProblemLoader Environment load took 359ns 
73933      INFO  main            d.u.i.k.p.i.AbstractProblemLoader Creating init config 
76524      DEBUG main            d.u.i.k.p.i.AbstractProblemLoader Init config took 2.59s 
76574      INFO  main            d.u.i.k.p.i.AbstractProblemLoader Replaying proof AmortizedQueue[AmortizedQueue::AmortizedQueue()].JML normal_behavior operation contract.0 
76807      DEBUG main            d.u.i.k.p.i.IntermediateProofReplayer Proof replay took 226.99ms 
76808      DEBUG main            d.u.i.k.p.r.p.TestFile    ... success: reloaded. 
76811      INFO  main            d.u.i.k.p.r.p.TestFile    Now processing file /home/runner/work/key/key/key.core/../key.ui/examples/heap/vstte10_05_Queue/AmortizedQueue_front.key 
76811      INFO  main            d.u.i.k.p.i.AbstractProblemLoader Loading environment from /home/runner/work/key/key/key.core/../key.ui/examples/heap/vstte10_05_Queue/AmortizedQueue_front.key 
76811      DEBUG main            d.u.i.k.p.i.AbstractProblemLoader Environment load took 184.5ns 
76812      INFO  main            d.u.i.k.p.i.AbstractProblemLoader Creating init config 
79454      DEBUG main            d.u.i.k.p.i.AbstractProblemLoader Init config took 2.64s 
79508      INFO  main            d.u.i.k.p.i.AbstractProblemLoader Replaying proof AmortizedQueue[AmortizedQueue::front()].JML normal_behavior operation contract.0 
79511      DEBUG main            d.u.i.k.p.i.IntermediateProofReplayer Proof replay took 5.9ns 
80018      INFO  main            d.u.i.k.p.r.p.TestFile    ... finished proof: closed. 
80195      INFO  main            d.u.i.k.p.i.AbstractProblemLoader Loading environment from /home/runner/work/key/key/key.core/../key.ui/examples/heap/vstte10_05_Queue/AmortizedQueue_front.key.proof 
80195      DEBUG main            d.u.i.k.p.i.AbstractProblemLoader Environment load took 107.9ns 
80196      INFO  main            d.u.i.k.p.i.AbstractProblemLoader Creating init config 
82805      DEBUG main            d.u.i.k.p.i.AbstractProblemLoader Init config took 2.61s 
82850      INFO  main            d.u.i.k.p.i.AbstractProblemLoader Replaying proof AmortizedQueue[AmortizedQueue::front()].JML normal_behavior operation contract.0 
82902      DEBUG main            d.u.i.k.p.i.IntermediateProofReplayer Proof replay took 49.38ms 
82903      DEBUG main            d.u.i.k.p.r.p.TestFile    ... success: reloaded. 
82906      INFO  main            d.u.i.k.p.r.p.TestFile    Now processing file /home/runner/work/key/key/key.core/../key.ui/examples/heap/vstte10_05_Queue/LinkedList_concat.key 
82906      INFO  main            d.u.i.k.p.i.AbstractProblemLoader Loading environment from /home/runner/work/key/key/key.core/../key.ui/examples/heap/vstte10_05_Queue/LinkedList_concat.key 
82906      DEBUG main            d.u.i.k.p.i.AbstractProblemLoader Environment load took 200.5ns 
82915      INFO  main            d.u.i.k.p.i.AbstractProblemLoader Creating init config 
85481      DEBUG main            d.u.i.k.p.i.AbstractProblemLoader Init config took 2.57s 
85530      INFO  main            d.u.i.k.p.i.AbstractProblemLoader Replaying proof LinkedList[LinkedList::concat(LinkedList)].JML normal_behavior operation contract.0 
85531      DEBUG main            d.u.i.k.p.i.IntermediateProofReplayer Proof replay took 5.9ns 
93849      INFO  main            d.u.i.k.p.r.p.TestFile    ... finished proof: closed. 
94073      INFO  main            d.u.i.k.p.i.AbstractProblemLoader Loading environment from /home/runner/work/key/key/key.core/../key.ui/examples/heap/vstte10_05_Queue/LinkedList_concat.key.proof 
94073      DEBUG main            d.u.i.k.p.i.AbstractProblemLoader Environment load took 371.8ns 
94076      INFO  main            d.u.i.k.p.i.AbstractProblemLoader Creating init config 
96660      DEBUG main            d.u.i.k.p.i.AbstractProblemLoader Init config took 2.58s 
96709      INFO  main            d.u.i.k.p.i.AbstractProblemLoader Replaying proof LinkedList[LinkedList::concat(LinkedList)].JML normal_behavior operation contract.0 
97504      DEBUG main            d.u.i.k.p.i.IntermediateProofReplayer Proof replay took 768.07ms 
97506      DEBUG main            d.u.i.k.p.r.p.TestFile    ... success: reloaded. 
97509      INFO  main            d.u.i.k.p.r.p.TestFile    Now processing file /home/runner/work/key/key/key.core/../key.ui/examples/heap/vstte10_05_Queue/LinkedList_cons.key 
97509      INFO  main            d.u.i.k.p.i.AbstractProblemLoader Loading environment from /home/runner/work/key/key/key.core/../key.ui/examples/heap/vstte10_05_Queue/LinkedList_cons.key 
97509      DEBUG main            d.u.i.k.p.i.AbstractProblemLoader Environment load took 200.4ns 
97510      INFO  main            d.u.i.k.p.i.AbstractProblemLoader Creating init config 
100120     DEBUG main            d.u.i.k.p.i.AbstractProblemLoader Init config took 2.61s 
100166     INFO  main            d.u.i.k.p.i.AbstractProblemLoader Replaying proof LinkedList[LinkedList::cons(int)].JML normal_behavior operation contract.0 
100167     DEBUG main            d.u.i.k.p.i.IntermediateProofReplayer Proof replay took 5.4ns 
102384     INFO  main            d.u.i.k.p.r.p.TestFile    ... finished proof: closed. 
102601     INFO  main            d.u.i.k.p.i.AbstractProblemLoader Loading environment from /home/runner/work/key/key/key.core/../key.ui/examples/heap/vstte10_05_Queue/LinkedList_cons.key.proof 
102601     DEBUG main            d.u.i.k.p.i.AbstractProblemLoader Environment load took 108.7ns 
102604     INFO  main            d.u.i.k.p.i.AbstractProblemLoader Creating init config 
105119     DEBUG main            d.u.i.k.p.i.AbstractProblemLoader Init config took 2.52s 
105164     INFO  main            d.u.i.k.p.i.AbstractProblemLoader Replaying proof LinkedList[LinkedList::cons(int)].JML normal_behavior operation contract.0 
105222     DEBUG main            d.u.i.k.p.i.IntermediateProofReplayer Proof replay took 49.39ms 
105223     WARN  main            d.u.i.k.p.r.p.TestFile    Replay exception de.uka.ilkd.key.proof.io.ProblemLoaderException: Error loading proof.
Line 168, goal 79, rule eqSeqSingleton not available or not applicable in this context.
	at de.uka.ilkd.key.proof.io.IntermediateProofReplayer.reportError(IntermediateProofReplayer.java:782)
Caused by: de.uka.ilkd.key.proof.io.IntermediateProofReplayer$TacletAppConstructionException: Unknown taclet with name "eqSeqSingleton"
	at de.uka.ilkd.key.proof.io.IntermediateProofReplayer.constructTacletApp(IntermediateProofReplayer.java:432)

105225     WARN  main            d.u.i.k.p.r.p.TestFile    Replay exception de.uka.ilkd.key.proof.io.ProblemLoaderException: Error loading proof.
Line 515, goal 118, rule eqSeqConcat not available or not applicable in this context.
	at de.uka.ilkd.key.proof.io.IntermediateProofReplayer.reportError(IntermediateProofReplayer.java:782)
Caused by: de.uka.ilkd.key.proof.io.IntermediateProofReplayer$TacletAppConstructionException: Unknown taclet with name "eqSeqConcat"
	at de.uka.ilkd.key.proof.io.IntermediateProofReplayer.constructTacletApp(IntermediateProofReplayer.java:432)

105225     DEBUG main            d.u.i.k.p.r.p.TestFile    Exception java.lang.Exception: Exception while loading proof (see cause for details): /home/runner/work/key/key/key.core/../key.ui/examples/heap/vstte10_05_Queue/LinkedList_cons.key.proof
	at de.uka.ilkd.key.proof.runallproofs.proofcollection.TestFile.reloadProof(TestFile.java:314)
Caused by: de.uka.ilkd.key.proof.io.ProblemLoaderException: Error loading proof.
Line 168, goal 79, rule eqSeqSingleton not available or not applicable in this context.
	at de.uka.ilkd.key.proof.io.IntermediateProofReplayer.reportError(IntermediateProofReplayer.java:782)
Caused by: de.uka.ilkd.key.proof.io.IntermediateProofReplayer$TacletAppConstructionException: Unknown taclet with name "eqSeqSingleton"
	at de.uka.ilkd.key.proof.io.IntermediateProofReplayer.constructTacletApp(IntermediateProofReplayer.java:432)

105225     WARN  main            d.u.i.k.p.r.p.ForkedTestFileRunner Run failed java.lang.Exception: Exception while loading proof (see cause for details): /home/runner/work/key/key/key.core/../key.ui/examples/heap/vstte10_05_Queue/LinkedList_cons.key.proof
	at de.uka.ilkd.key.proof.runallproofs.proofcollection.TestFile.reloadProof(TestFile.java:314)
Caused by: de.uka.ilkd.key.proof.io.ProblemLoaderException: Error loading proof.
Line 168, goal 79, rule eqSeqSingleton not available or not applicable in this context.
	at de.uka.ilkd.key.proof.io.IntermediateProofReplayer.reportError(IntermediateProofReplayer.java:782)
Caused by: de.uka.ilkd.key.proof.io.IntermediateProofReplayer$TacletAppConstructionException: Unknown taclet with name "eqSeqSingleton"
	at de.uka.ilkd.key.proof.io.IntermediateProofReplayer.constructTacletApp(IntermediateProofReplayer.java:432)

105227     INFO  main            d.u.i.k.p.r.p.TestFile    Now processing file /home/runner/work/key/key/key.core/../key.ui/examples/heap/vstte10_05_Queue/LinkedList_head.key 
105227     INFO  main            d.u.i.k.p.i.AbstractProblemLoader Loading environment from /home/runner/work/key/key/key.core/../key.ui/examples/heap/vstte10_05_Queue/LinkedList_head.key 
105228     DEBUG main            d.u.i.k.p.i.AbstractProblemLoader Environment load took 80.6ns 
105228     INFO  main            d.u.i.k.p.i.AbstractProblemLoader Creating init config 
107816     DEBUG main            d.u.i.k.p.i.AbstractProblemLoader Init config took 2.59s 
107860     INFO  main            d.u.i.k.p.i.AbstractProblemLoader Replaying proof LinkedList[LinkedList::head()].JML normal_behavior operation contract.0 
107862     DEBUG main            d.u.i.k.p.i.IntermediateProofReplayer Proof replay took 6.3ns 
107964     INFO  main            d.u.i.k.p.r.p.TestFile    ... finished proof: closed. 
108155     INFO  main            d.u.i.k.p.i.AbstractProblemLoader Loading environment from /home/runner/work/key/key/key.core/../key.ui/examples/heap/vstte10_05_Queue/LinkedList_head.key.proof 
108155     DEBUG main            d.u.i.k.p.i.AbstractProblemLoader Environment load took 105.4ns 
108156     INFO  main            d.u.i.k.p.i.AbstractProblemLoader Creating init config 
110714     DEBUG main            d.u.i.k.p.i.AbstractProblemLoader Init config took 2.56s 
110765     INFO  main            d.u.i.k.p.i.AbstractProblemLoader Replaying proof LinkedList[LinkedList::head()].JML normal_behavior operation contract.0 
110780     DEBUG main            d.u.i.k.p.i.IntermediateProofReplayer Proof replay took 13.36ms 
110781     DEBUG main            d.u.i.k.p.r.p.TestFile    ... success: reloaded. 
110783     INFO  main            d.u.i.k.p.r.p.TestFile    Now processing file /home/runner/work/key/key/key.core/../key.ui/examples/heap/vstte10_05_Queue/LinkedList_inv.key 
110783     INFO  main            d.u.i.k.p.i.AbstractProblemLoader Loading environment from /home/runner/work/key/key/key.core/../key.ui/examples/heap/vstte10_05_Queue/LinkedList_inv.key 
110783     DEBUG main            d.u.i.k.p.i.AbstractProblemLoader Environment load took 82.5ns 
110784     INFO  main            d.u.i.k.p.i.AbstractProblemLoader Creating init config 
113391     DEBUG main            d.u.i.k.p.i.AbstractProblemLoader Init config took 2.61s 
113435     INFO  main            d.u.i.k.p.i.AbstractProblemLoader Replaying proof LinkedList[java.lang.Object::<inv>()].JML accessible clause.0 
113437     DEBUG main            d.u.i.k.p.i.IntermediateProofReplayer Proof replay took 5.6ns 
113739     INFO  main            d.u.i.k.p.r.p.TestFile    ... finished proof: closed. 
113936     INFO  main            d.u.i.k.p.i.AbstractProblemLoader Loading environment from /home/runner/work/key/key/key.core/../key.ui/examples/heap/vstte10_05_Queue/LinkedList_inv.key.proof 
113936     DEBUG main            d.u.i.k.p.i.AbstractProblemLoader Environment load took 107.9ns 
113937     INFO  main            d.u.i.k.p.i.AbstractProblemLoader Creating init config 
116483     DEBUG main            d.u.i.k.p.i.AbstractProblemLoader Init config took 2.55s 
116526     INFO  main            d.u.i.k.p.i.AbstractProblemLoader Replaying proof LinkedList[java.lang.Object::<inv>()].JML accessible clause.0 
116554     DEBUG main            d.u.i.k.p.i.IntermediateProofReplayer Proof replay took 25.53ms 
116555     DEBUG main            d.u.i.k.p.r.p.TestFile    ... success: reloaded. 
116557     INFO  main            d.u.i.k.p.r.p.TestFile    Now processing file /home/runner/work/key/key/key.core/../key.ui/examples/heap/vstte10_05_Queue/LinkedList_length.key 
116557     INFO  main            d.u.i.k.p.i.AbstractProblemLoader Loading environment from /home/runner/work/key/key/key.core/../key.ui/examples/heap/vstte10_05_Queue/LinkedList_length.key 
116558     DEBUG main            d.u.i.k.p.i.AbstractProblemLoader Environment load took 104.9ns 
116558     INFO  main            d.u.i.k.p.i.AbstractProblemLoader Creating init config 
119120     DEBUG main            d.u.i.k.p.i.AbstractProblemLoader Init config took 2.56s 
119165     INFO  main            d.u.i.k.p.i.AbstractProblemLoader Replaying proof LinkedList[LinkedList::length()].JML normal_behavior operation contract.0 
119167     DEBUG main            d.u.i.k.p.i.IntermediateProofReplayer Proof replay took 6.5ns 
119268     INFO  main            d.u.i.k.p.r.p.TestFile    ... finished proof: closed. 
119472     INFO  main            d.u.i.k.p.i.AbstractProblemLoader Loading environment from /home/runner/work/key/key/key.core/../key.ui/examples/heap/vstte10_05_Queue/LinkedList_length.key.proof 
119473     DEBUG main            d.u.i.k.p.i.AbstractProblemLoader Environment load took 101.6ns 
119473     INFO  main            d.u.i.k.p.i.AbstractProblemLoader Creating init config 
122010     DEBUG main            d.u.i.k.p.i.AbstractProblemLoader Init config took 2.54s 
122060     INFO  main            d.u.i.k.p.i.AbstractProblemLoader Replaying proof LinkedList[LinkedList::length()].JML normal_behavior operation contract.0 
122074     DEBUG main            d.u.i.k.p.i.IntermediateProofReplayer Proof replay took 12.02ms 
122074     DEBUG main            d.u.i.k.p.r.p.TestFile    ... success: reloaded. 
122076     INFO  main            d.u.i.k.p.r.p.TestFile    Now processing file /home/runner/work/key/key/key.core/../key.ui/examples/heap/vstte10_05_Queue/LinkedList_LinkedList1.key 
122077     INFO  main            d.u.i.k.p.i.AbstractProblemLoader Loading environment from /home/runner/work/key/key/key.core/../key.ui/examples/heap/vstte10_05_Queue/LinkedList_LinkedList1.key 
122077     DEBUG main            d.u.i.k.p.i.AbstractProblemLoader Environment load took 81.9ns 
122078     INFO  main            d.u.i.k.p.i.AbstractProblemLoader Creating init config 
124653     DEBUG main            d.u.i.k.p.i.AbstractProblemLoader Init config took 2.58s 
124698     INFO  main            d.u.i.k.p.i.AbstractProblemLoader Replaying proof LinkedList[LinkedList::LinkedList(int,LinkedList)].JML normal_behavior operation contract.0 
124700     DEBUG main            d.u.i.k.p.i.IntermediateProofReplayer Proof replay took 6.1ns 
126405     INFO  main            d.u.i.k.p.r.p.TestFile    ... finished proof: closed. 
126644     INFO  main            d.u.i.k.p.i.AbstractProblemLoader Loading environment from /home/runner/work/key/key/key.core/../key.ui/examples/heap/vstte10_05_Queue/LinkedList_LinkedList1.key.proof 
126644     DEBUG main            d.u.i.k.p.i.AbstractProblemLoader Environment load took 348.2ns 
126645     INFO  main            d.u.i.k.p.i.AbstractProblemLoader Creating init config 
129157     DEBUG main            d.u.i.k.p.i.AbstractProblemLoader Init config took 2.51s 
129200     INFO  main            d.u.i.k.p.i.AbstractProblemLoader Replaying proof LinkedList[LinkedList::LinkedList(int,LinkedList)].JML normal_behavior operation contract.0 
129289     DEBUG main            d.u.i.k.p.i.IntermediateProofReplayer Proof replay took 82.32ms 
129289     WARN  main            d.u.i.k.p.r.p.TestFile    Replay exception de.uka.ilkd.key.proof.io.ProblemLoaderException: Error loading proof.
Line 358, goal 270, rule eqSeqConcat5 not available or not applicable in this context.
	at de.uka.ilkd.key.proof.io.IntermediateProofReplayer.reportError(IntermediateProofReplayer.java:782)
Caused by: de.uka.ilkd.key.proof.io.IntermediateProofReplayer$TacletAppConstructionException: Unknown taclet with name "eqSeqConcat5"
	at de.uka.ilkd.key.proof.io.IntermediateProofReplayer.constructTacletApp(IntermediateProofReplayer.java:432)

129290     DEBUG main            d.u.i.k.p.r.p.TestFile    Exception java.lang.Exception: Exception while loading proof (see cause for details): /home/runner/work/key/key/key.core/../key.ui/examples/heap/vstte10_05_Queue/LinkedList_LinkedList1.key.proof
	at de.uka.ilkd.key.proof.runallproofs.proofcollection.TestFile.reloadProof(TestFile.java:314)
Caused by: de.uka.ilkd.key.proof.io.ProblemLoaderException: Error loading proof.
Line 358, goal 270, rule eqSeqConcat5 not available or not applicable in this context.
	at de.uka.ilkd.key.proof.io.IntermediateProofReplayer.reportError(IntermediateProofReplayer.java:782)
Caused by: de.uka.ilkd.key.proof.io.IntermediateProofReplayer$TacletAppConstructionException: Unknown taclet with name "eqSeqConcat5"
	at de.uka.ilkd.key.proof.io.IntermediateProofReplayer.constructTacletApp(IntermediateProofReplayer.java:432)

129290     WARN  main            d.u.i.k.p.r.p.ForkedTestFileRunner Run failed java.lang.Exception: Exception while loading proof (see cause for details): /home/runner/work/key/key/key.core/../key.ui/examples/heap/vstte10_05_Queue/LinkedList_LinkedList1.key.proof
	at de.uka.ilkd.key.proof.runallproofs.proofcollection.TestFile.reloadProof(TestFile.java:314)
Caused by: de.uka.ilkd.key.proof.io.ProblemLoaderException: Error loading proof.
Line 358, goal 270, rule eqSeqConcat5 not available or not applicable in this context.
	at de.uka.ilkd.key.proof.io.IntermediateProofReplayer.reportError(IntermediateProofReplayer.java:782)
Caused by: de.uka.ilkd.key.proof.io.IntermediateProofReplayer$TacletAppConstructionException: Unknown taclet with name "eqSeqConcat5"
	at de.uka.ilkd.key.proof.io.IntermediateProofReplayer.constructTacletApp(IntermediateProofReplayer.java:432)

129292     INFO  main            d.u.i.k.p.r.p.TestFile    Now processing file /home/runner/work/key/key/key.core/../key.ui/examples/heap/vstte10_05_Queue/LinkedList_LinkedList2.key 
129293     INFO  main            d.u.i.k.p.i.AbstractProblemLoader Loading environment from /home/runner/work/key/key/key.core/../key.ui/examples/heap/vstte10_05_Queue/LinkedList_LinkedList2.key 
129293     DEBUG main            d.u.i.k.p.i.AbstractProblemLoader Environment load took 76ns 
129293     INFO  main            d.u.i.k.p.i.AbstractProblemLoader Creating init config 
131876     DEBUG main            d.u.i.k.p.i.AbstractProblemLoader Init config took 2.58s 
131920     INFO  main            d.u.i.k.p.i.AbstractProblemLoader Replaying proof LinkedList[LinkedList::LinkedList(int,LinkedList)].JML normal_behavior operation contract.0 
131922     DEBUG main            d.u.i.k.p.i.IntermediateProofReplayer Proof replay took 5.6ns 
133627     INFO  main            d.u.i.k.p.r.p.TestFile    ... finished proof: closed. 
133859     INFO  main            d.u.i.k.p.i.AbstractProblemLoader Loading environment from /home/runner/work/key/key/key.core/../key.ui/examples/heap/vstte10_05_Queue/LinkedList_LinkedList2.key.proof 
133860     DEBUG main            d.u.i.k.p.i.AbstractProblemLoader Environment load took 351ns 
133861     INFO  main            d.u.i.k.p.i.AbstractProblemLoader Creating init config 
136367     DEBUG main            d.u.i.k.p.i.AbstractProblemLoader Init config took 2.51s 
136412     INFO  main            d.u.i.k.p.i.AbstractProblemLoader Replaying proof LinkedList[LinkedList::LinkedList(int,LinkedList)].JML normal_behavior operation contract.0 
136506     DEBUG main            d.u.i.k.p.i.IntermediateProofReplayer Proof replay took 87.57ms 
136507     WARN  main            d.u.i.k.p.r.p.TestFile    Replay exception de.uka.ilkd.key.proof.io.ProblemLoaderException: Error loading proof.
Line 358, goal 270, rule eqSeqConcat5 not available or not applicable in this context.
	at de.uka.ilkd.key.proof.io.IntermediateProofReplayer.reportError(IntermediateProofReplayer.java:782)
Caused by: de.uka.ilkd.key.proof.io.IntermediateProofReplayer$TacletAppConstructionException: Unknown taclet with name "eqSeqConcat5"
	at de.uka.ilkd.key.proof.io.IntermediateProofReplayer.constructTacletApp(IntermediateProofReplayer.java:432)

136508     DEBUG main            d.u.i.k.p.r.p.TestFile    Exception java.lang.Exception: Exception while loading proof (see cause for details): /home/runner/work/key/key/key.core/../key.ui/examples/heap/vstte10_05_Queue/LinkedList_LinkedList2.key.proof
	at de.uka.ilkd.key.proof.runallproofs.proofcollection.TestFile.reloadProof(TestFile.java:314)
Caused by: de.uka.ilkd.key.proof.io.ProblemLoaderException: Error loading proof.
Line 358, goal 270, rule eqSeqConcat5 not available or not applicable in this context.
	at de.uka.ilkd.key.proof.io.IntermediateProofReplayer.reportError(IntermediateProofReplayer.java:782)
Caused by: de.uka.ilkd.key.proof.io.IntermediateProofReplayer$TacletAppConstructionException: Unknown taclet with name "eqSeqConcat5"
	at de.uka.ilkd.key.proof.io.IntermediateProofReplayer.constructTacletApp(IntermediateProofReplayer.java:432)

136508     WARN  main            d.u.i.k.p.r.p.ForkedTestFileRunner Run failed java.lang.Exception: Exception while loading proof (see cause for details): /home/runner/work/key/key/key.core/../key.ui/examples/heap/vstte10_05_Queue/LinkedList_LinkedList2.key.proof
	at de.uka.ilkd.key.proof.runallproofs.proofcollection.TestFile.reloadProof(TestFile.java:314)
Caused by: de.uka.ilkd.key.proof.io.ProblemLoaderException: Error loading proof.
Line 358, goal 270, rule eqSeqConcat5 not available or not applicable in this context.
	at de.uka.ilkd.key.proof.io.IntermediateProofReplayer.reportError(IntermediateProofReplayer.java:782)
Caused by: de.uka.ilkd.key.proof.io.IntermediateProofReplayer$TacletAppConstructionException: Unknown taclet with name "eqSeqConcat5"
	at de.uka.ilkd.key.proof.io.IntermediateProofReplayer.constructTacletApp(IntermediateProofReplayer.java:432)

136511     INFO  main            d.u.i.k.p.r.p.TestFile    Now processing file /home/runner/work/key/key/key.core/../key.ui/examples/heap/vstte10_05_Queue/LinkedList_LinkedList3.key 
136511     INFO  main            d.u.i.k.p.i.AbstractProblemLoader Loading environment from /home/runner/work/key/key/key.core/../key.ui/examples/heap/vstte10_05_Queue/LinkedList_LinkedList3.key 
136511     DEBUG main            d.u.i.k.p.i.AbstractProblemLoader Environment load took 181.2ns 
136512     INFO  main            d.u.i.k.p.i.AbstractProblemLoader Creating init config 
139138     DEBUG main            d.u.i.k.p.i.AbstractProblemLoader Init config took 2.63s 
139185     INFO  main            d.u.i.k.p.i.AbstractProblemLoader Replaying proof LinkedList[LinkedList::LinkedList(int,LinkedList)].JML normal_behavior operation contract.0 
139187     DEBUG main            d.u.i.k.p.i.IntermediateProofReplayer Proof replay took 5.7ns 
151341     INFO  main            d.u.i.k.p.r.p.TestFile    ... finished proof: closed. 
151639     INFO  main            d.u.i.k.p.i.AbstractProblemLoader Loading environment from /home/runner/work/key/key/key.core/../key.ui/examples/heap/vstte10_05_Queue/LinkedList_LinkedList3.key.proof 
151639     DEBUG main            d.u.i.k.p.i.AbstractProblemLoader Environment load took 353ns 
151645     INFO  main            d.u.i.k.p.i.AbstractProblemLoader Creating init config 
154157     DEBUG main            d.u.i.k.p.i.AbstractProblemLoader Init config took 2.51s 
154206     INFO  main            d.u.i.k.p.i.AbstractProblemLoader Replaying proof LinkedList[LinkedList::LinkedList(int,LinkedList)].JML normal_behavior operation contract.0 
155335     DEBUG main            d.u.i.k.p.i.IntermediateProofReplayer Proof replay took 1.04s 
155340     DEBUG main            d.u.i.k.p.r.p.TestFile    ... success: reloaded. 
155343     INFO  main            d.u.i.k.p.r.p.TestFile    Now processing file /home/runner/work/key/key/key.core/../key.ui/examples/heap/vstte10_05_Queue/LinkedList_reverse.key 
155343     INFO  main            d.u.i.k.p.i.AbstractProblemLoader Loading environment from /home/runner/work/key/key/key.core/../key.ui/examples/heap/vstte10_05_Queue/LinkedList_reverse.key 
155343     DEBUG main            d.u.i.k.p.i.AbstractProblemLoader Environment load took 127.7ns 
155344     INFO  main            d.u.i.k.p.i.AbstractProblemLoader Creating init config 
158029     DEBUG main            d.u.i.k.p.i.AbstractProblemLoader Init config took 2.69s 
158074     INFO  main            d.u.i.k.p.i.AbstractProblemLoader Replaying proof LinkedList[LinkedList::reverse()].JML normal_behavior operation contract.0 
158076     DEBUG main            d.u.i.k.p.i.IntermediateProofReplayer Proof replay took 5.6ns 
166691     INFO  main            d.u.i.k.p.r.p.TestFile    ... finished proof: closed. 
166974     INFO  main            d.u.i.k.p.i.AbstractProblemLoader Loading environment from /home/runner/work/key/key/key.core/../key.ui/examples/heap/vstte10_05_Queue/LinkedList_reverse.key.proof 
166974     DEBUG main            d.u.i.k.p.i.AbstractProblemLoader Environment load took 163.3ns 
166976     INFO  main            d.u.i.k.p.i.AbstractProblemLoader Creating init config 
169457     DEBUG main            d.u.i.k.p.i.AbstractProblemLoader Init config took 2.48s 
169499     INFO  main            d.u.i.k.p.i.AbstractProblemLoader Replaying proof LinkedList[LinkedList::reverse()].JML normal_behavior operation contract.0 
170198     DEBUG main            d.u.i.k.p.i.IntermediateProofReplayer Proof replay took 671.82ms 
170200     DEBUG main            d.u.i.k.p.r.p.TestFile    ... success: reloaded. 
170202     INFO  main            d.u.i.k.p.r.p.TestFile    Now processing file /home/runner/work/key/key/key.core/../key.ui/examples/heap/vstte10_05_Queue/LinkedList_tail.key 
170202     INFO  main            d.u.i.k.p.i.AbstractProblemLoader Loading environment from /home/runner/work/key/key/key.core/../key.ui/examples/heap/vstte10_05_Queue/LinkedList_tail.key 
170203     DEBUG main            d.u.i.k.p.i.AbstractProblemLoader Environment load took 63.4ns 
170203     INFO  main            d.u.i.k.p.i.AbstractProblemLoader Creating init config 
172789     DEBUG main            d.u.i.k.p.i.AbstractProblemLoader Init config took 2.59s 
172850     INFO  main            d.u.i.k.p.i.AbstractProblemLoader Replaying proof LinkedList[LinkedList::tail()].JML normal_behavior operation contract.0 
172852     DEBUG main            d.u.i.k.p.i.IntermediateProofReplayer Proof replay took 40ns 
173358     INFO  main            d.u.i.k.p.r.p.TestFile    ... finished proof: closed. 
173601     INFO  main            d.u.i.k.p.i.AbstractProblemLoader Loading environment from /home/runner/work/key/key/key.core/../key.ui/examples/heap/vstte10_05_Queue/LinkedList_tail.key.proof 
173602     DEBUG main            d.u.i.k.p.i.AbstractProblemLoader Environment load took 108.3ns 
173603     INFO  main            d.u.i.k.p.i.AbstractProblemLoader Creating init config 
176091     DEBUG main            d.u.i.k.p.i.AbstractProblemLoader Init config took 2.49s 
176134     INFO  main            d.u.i.k.p.i.AbstractProblemLoader Replaying proof LinkedList[LinkedList::tail()].JML normal_behavior operation contract.0 
176221     DEBUG main            d.u.i.k.p.i.IntermediateProofReplayer Proof replay took 84.47ms 
176222     DEBUG main            d.u.i.k.p.r.p.TestFile    ... success: reloaded. 
2283294    INFO  Test worker     d.u.i.k.p.r.RunAllProofsTestUnit Running test WeideEtAl 
533        INFO  Timeout watchdog d.u.i.k.p.r.p.ForkedTestFileRunner Timeout watcher launched (2000 secs.) 
544        WARN  main            d.u.i.k.s.ProofSettings   The settings in /home/runner/.key/proof-settings.props are *not* read. 
579        INFO  main            d.u.i.k.p.r.p.TestFile    Now processing file /home/runner/work/key/key/key.core/../key.ui/examples/heap/WeideEtAl_01_AddAndMultiply/AddAndMultiply_add.key 
683        INFO  main            d.u.i.k.p.i.AbstractProblemLoader Loading environment from /home/runner/work/key/key/key.core/../key.ui/examples/heap/WeideEtAl_01_AddAndMultiply/AddAndMultiply_add.key 
698        DEBUG main            d.u.i.k.p.i.AbstractProblemLoader Environment load took 2.05ms 
906        INFO  main            d.u.i.k.p.i.AbstractProblemLoader Creating init config 
1862       DEBUG main            d.u.i.k.j.TypeConverter   No LDT found for Meta 
1863       DEBUG main            d.u.i.k.j.TypeConverter   No LDT found for Meta 
1866       DEBUG main            d.u.i.k.j.TypeConverter   No LDT found for Meta 
1866       DEBUG main            d.u.i.k.j.TypeConverter   No LDT found for Meta 
3227       DEBUG main            d.u.i.k.j.TypeConverter   No LDT found for JavaBigintExpression 
7973       DEBUG main            d.u.i.k.p.i.AbstractProblemLoader Init config took 7.07s 
8111       INFO  main            d.u.i.k.p.i.AbstractProblemLoader Replaying proof AddAndMultiply[AddAndMultiply::add(int,int)].JML normal_behavior operation contract.0 
8174       DEBUG main            d.u.i.k.p.i.IntermediateProofReplayer Proof replay took 36.1ns 
9626       INFO  main            d.u.i.k.p.r.p.TestFile    ... finished proof: closed. 
9774       INFO  main            d.u.i.k.p.i.AbstractProblemLoader Loading environment from /home/runner/work/key/key/key.core/../key.ui/examples/heap/WeideEtAl_01_AddAndMultiply/AddAndMultiply_add.key.proof 
9775       DEBUG main            d.u.i.k.p.i.AbstractProblemLoader Environment load took 369.9ns 
9777       INFO  main            d.u.i.k.p.i.AbstractProblemLoader Creating init config 
12475      DEBUG main            d.u.i.k.p.i.AbstractProblemLoader Init config took 2.7s 
12535      INFO  main            d.u.i.k.p.i.AbstractProblemLoader Replaying proof AddAndMultiply[AddAndMultiply::add(int,int)].JML normal_behavior operation contract.0 
12808      DEBUG main            d.u.i.k.p.i.IntermediateProofReplayer Proof replay took 262.26ms 
12815      DEBUG main            d.u.i.k.p.r.p.TestFile    ... success: reloaded. 
12819      INFO  main            d.u.i.k.p.r.p.TestFile    Now processing file /home/runner/work/key/key/key.core/../key.ui/examples/heap/WeideEtAl_01_AddAndMultiply/AddAndMultiply_mul.key 
12819      INFO  main            d.u.i.k.p.i.AbstractProblemLoader Loading environment from /home/runner/work/key/key/key.core/../key.ui/examples/heap/WeideEtAl_01_AddAndMultiply/AddAndMultiply_mul.key 
12819      DEBUG main            d.u.i.k.p.i.AbstractProblemLoader Environment load took 205.5ns 
12821      INFO  main            d.u.i.k.p.i.AbstractProblemLoader Creating init config 
15436      DEBUG main            d.u.i.k.p.i.AbstractProblemLoader Init config took 2.61s 
15504      INFO  main            d.u.i.k.p.i.AbstractProblemLoader Replaying proof AddAndMultiply[AddAndMultiply::mul(int,int)].JML normal_behavior operation contract.0 
15509      DEBUG main            d.u.i.k.p.i.IntermediateProofReplayer Proof replay took 6ns 
16014      INFO  main            d.u.i.k.p.r.p.TestFile    ... finished proof: closed. 
16163      INFO  main            d.u.i.k.p.i.AbstractProblemLoader Loading environment from /home/runner/work/key/key/key.core/../key.ui/examples/heap/WeideEtAl_01_AddAndMultiply/AddAndMultiply_mul.key.proof 
16164      DEBUG main            d.u.i.k.p.i.AbstractProblemLoader Environment load took 567.1ns 
16166      INFO  main            d.u.i.k.p.i.AbstractProblemLoader Creating init config 
18666      DEBUG main            d.u.i.k.p.i.AbstractProblemLoader Init config took 2.5s 
18712      INFO  main            d.u.i.k.p.i.AbstractProblemLoader Replaying proof AddAndMultiply[AddAndMultiply::mul(int,int)].JML normal_behavior operation contract.0 
18823      DEBUG main            d.u.i.k.p.i.IntermediateProofReplayer Proof replay took 105.81ms 
18824      DEBUG main            d.u.i.k.p.r.p.TestFile    ... success: reloaded. 
18827      INFO  main            d.u.i.k.p.r.p.TestFile    Now processing file /home/runner/work/key/key/key.core/../key.ui/examples/heap/WeideEtAl_02_BinarySearch/BinarySearch_search.key 
18827      INFO  main            d.u.i.k.p.i.AbstractProblemLoader Loading environment from /home/runner/work/key/key/key.core/../key.ui/examples/heap/WeideEtAl_02_BinarySearch/BinarySearch_search.key 
18827      DEBUG main            d.u.i.k.p.i.AbstractProblemLoader Environment load took 194.8ns 
18828      INFO  main            d.u.i.k.p.i.AbstractProblemLoader Creating init config 
21363      DEBUG main            d.u.i.k.p.i.AbstractProblemLoader Init config took 2.53s 
21407      INFO  main            d.u.i.k.p.i.AbstractProblemLoader Replaying proof BinarySearch[BinarySearch::search([I,int)].JML normal_behavior operation contract.0 
21411      DEBUG main            d.u.i.k.p.i.IntermediateProofReplayer Proof replay took 5.4ns 
24465      INFO  main            d.u.i.k.p.r.p.TestFile    ... finished proof: closed. 
24644      INFO  main            d.u.i.k.p.i.AbstractProblemLoader Loading environment from /home/runner/work/key/key/key.core/../key.ui/examples/heap/WeideEtAl_02_BinarySearch/BinarySearch_search.key.proof 
24644      DEBUG main            d.u.i.k.p.i.AbstractProblemLoader Environment load took 415.8ns 
24646      INFO  main            d.u.i.k.p.i.AbstractProblemLoader Creating init config 
27082      DEBUG main            d.u.i.k.p.i.AbstractProblemLoader Init config took 2.44s 
27125      INFO  main            d.u.i.k.p.i.AbstractProblemLoader Replaying proof BinarySearch[BinarySearch::search([I,int)].JML normal_behavior operation contract.0 
27666      DEBUG main            d.u.i.k.p.i.IntermediateProofReplayer Proof replay took 522.58ms 
27668      DEBUG main            d.u.i.k.p.r.p.TestFile    ... success: reloaded. 
2311134    INFO  Test worker     d.u.i.k.p.r.RunAllProofsTestUnit Returning from test WeideEtAl 
2311135    INFO  Test worker     d.u.i.k.p.r.RunAllProofsTestUnit Running test arithmetic 
349        INFO  Timeout watchdog d.u.i.k.p.r.p.ForkedTestFileRunner Timeout watcher launched (2000 secs.) 
357        WARN  main            d.u.i.k.s.ProofSettings   The settings in /home/runner/.key/proof-settings.props are *not* read. 
393        INFO  main            d.u.i.k.p.r.p.TestFile    Now processing file /home/runner/work/key/key/key.core/../key.ui/examples/standard_key/arith/binomial1.key 
505        INFO  main            d.u.i.k.p.i.AbstractProblemLoader Loading environment from /home/runner/work/key/key/key.core/../key.ui/examples/standard_key/arith/binomial1.key 
530        DEBUG main            d.u.i.k.p.i.AbstractProblemLoader Environment load took 2.06ms 
753        INFO  main            d.u.i.k.p.i.AbstractProblemLoader Creating init config 
1623       DEBUG main            d.u.i.k.j.TypeConverter   No LDT found for Meta 
1624       DEBUG main            d.u.i.k.j.TypeConverter   No LDT found for Meta 
1627       DEBUG main            d.u.i.k.j.TypeConverter   No LDT found for Meta 
1627       DEBUG main            d.u.i.k.j.TypeConverter   No LDT found for Meta 
2774       DEBUG main            d.u.i.k.j.TypeConverter   No LDT found for JavaBigintExpression 
7231       DEBUG main            d.u.i.k.p.i.AbstractProblemLoader Init config took 6.48s 
7302       INFO  main            d.u.i.k.p.i.AbstractProblemLoader Replaying proof binomial1.key 
7338       DEBUG main            d.u.i.k.p.i.IntermediateProofReplayer Proof replay took 35ns 
7560       INFO  main            d.u.i.k.p.r.p.TestFile    ... finished proof: closed. 
7694       INFO  main            d.u.i.k.p.i.AbstractProblemLoader Loading environment from /home/runner/work/key/key/key.core/../key.ui/examples/standard_key/arith/binomial1.key.proof 
7695       DEBUG main            d.u.i.k.p.i.AbstractProblemLoader Environment load took 401.5ns 
7699       INFO  main            d.u.i.k.p.i.AbstractProblemLoader Creating init config 
10293      DEBUG main            d.u.i.k.p.i.AbstractProblemLoader Init config took 2.59s 
10324      INFO  main            d.u.i.k.p.i.AbstractProblemLoader Replaying proof binomial1.key.proof 
10340      DEBUG main            d.u.i.k.p.i.IntermediateProofReplayer Proof replay took 11.7ms 
10350      DEBUG main            d.u.i.k.p.r.p.TestFile    ... success: reloaded. 
10353      INFO  main            d.u.i.k.p.r.p.TestFile    Now processing file /home/runner/work/key/key/key.core/../key.ui/examples/standard_key/arith/binomial2.key 
10353      INFO  main            d.u.i.k.p.i.AbstractProblemLoader Loading environment from /home/runner/work/key/key/key.core/../key.ui/examples/standard_key/arith/binomial2.key 
10353      DEBUG main            d.u.i.k.p.i.AbstractProblemLoader Environment load took 196.2ns 
10355      INFO  main            d.u.i.k.p.i.AbstractProblemLoader Creating init config 
12851      DEBUG main            d.u.i.k.p.i.AbstractProblemLoader Init config took 2.5s 
12879      INFO  main            d.u.i.k.p.i.AbstractProblemLoader Replaying proof binomial2.key 
12882      DEBUG main            d.u.i.k.p.i.IntermediateProofReplayer Proof replay took 6ns 
12985      INFO  main            d.u.i.k.p.r.p.TestFile    ... finished proof: closed. 
13102      INFO  main            d.u.i.k.p.i.AbstractProblemLoader Loading environment from /home/runner/work/key/key/key.core/../key.ui/examples/standard_key/arith/binomial2.key.proof 
13102      DEBUG main            d.u.i.k.p.i.AbstractProblemLoader Environment load took 121.8ns 
13104      INFO  main            d.u.i.k.p.i.AbstractProblemLoader Creating init config 
15549      DEBUG main            d.u.i.k.p.i.AbstractProblemLoader Init config took 2.45s 
15573      INFO  main            d.u.i.k.p.i.AbstractProblemLoader Replaying proof binomial2.key.proof 
15585      DEBUG main            d.u.i.k.p.i.IntermediateProofReplayer Proof replay took 9.79ms 
15586      DEBUG main            d.u.i.k.p.r.p.TestFile    ... success: reloaded. 
15589      INFO  main            d.u.i.k.p.r.p.TestFile    Now processing file /home/runner/work/key/key/key.core/../key.ui/examples/standard_key/arith/check_jdiv.key 
15590      INFO  main            d.u.i.k.p.i.AbstractProblemLoader Loading environment from /home/runner/work/key/key/key.core/../key.ui/examples/standard_key/arith/check_jdiv.key 
15590      DEBUG main            d.u.i.k.p.i.AbstractProblemLoader Environment load took 207ns 
15591      INFO  main            d.u.i.k.p.i.AbstractProblemLoader Creating init config 
17985      DEBUG main            d.u.i.k.p.i.AbstractProblemLoader Init config took 2.39s 
18006      INFO  main            d.u.i.k.p.i.AbstractProblemLoader Replaying proof check_jdiv.key 
18010      DEBUG main            d.u.i.k.p.i.IntermediateProofReplayer Proof replay took 5.5ns 
23309      INFO  main            d.u.i.k.p.r.p.TestFile    ... finished proof: closed. 
23498      INFO  main            d.u.i.k.p.i.AbstractProblemLoader Loading environment from /home/runner/work/key/key/key.core/../key.ui/examples/standard_key/arith/check_jdiv.key.proof 
23499      DEBUG main            d.u.i.k.p.i.AbstractProblemLoader Environment load took 345.4ns 
23509      INFO  main            d.u.i.k.p.i.AbstractProblemLoader Creating init config 
25904      DEBUG main            d.u.i.k.p.i.AbstractProblemLoader Init config took 2.4s 
25924      INFO  main            d.u.i.k.p.i.AbstractProblemLoader Replaying proof check_jdiv.key.proof 
26261      DEBUG main            d.u.i.k.p.i.IntermediateProofReplayer Proof replay took 292.72ms 
26263      DEBUG main            d.u.i.k.p.r.p.TestFile    ... success: reloaded. 
26266      INFO  main            d.u.i.k.p.r.p.TestFile    Now processing file /home/runner/work/key/key/key.core/../key.ui/examples/standard_key/arith/check_jdiv_concrete.key 
26267      INFO  main            d.u.i.k.p.i.AbstractProblemLoader Loading environment from /home/runner/work/key/key/key.core/../key.ui/examples/standard_key/arith/check_jdiv_concrete.key 
26267      DEBUG main            d.u.i.k.p.i.AbstractProblemLoader Environment load took 179.3ns 
26268      INFO  main            d.u.i.k.p.i.AbstractProblemLoader Creating init config 
28694      DEBUG main            d.u.i.k.p.i.AbstractProblemLoader Init config took 2.43s 
28713      INFO  main            d.u.i.k.p.i.AbstractProblemLoader Replaying proof check_jdiv_concrete.key 
28715      DEBUG main            d.u.i.k.p.i.IntermediateProofReplayer Proof replay took 5.9ns 
28817      INFO  main            d.u.i.k.p.r.p.TestFile    ... finished proof: closed. 
29011      INFO  main            d.u.i.k.p.i.AbstractProblemLoader Loading environment from /home/runner/work/key/key/key.core/../key.ui/examples/standard_key/arith/check_jdiv_concrete.key.proof 
29011      DEBUG main            d.u.i.k.p.i.AbstractProblemLoader Environment load took 119.1ns 
29013      INFO  main            d.u.i.k.p.i.AbstractProblemLoader Creating init config 
31371      DEBUG main            d.u.i.k.p.i.AbstractProblemLoader Init config took 2.36s 
31391      INFO  main            d.u.i.k.p.i.AbstractProblemLoader Replaying proof check_jdiv_concrete.key.proof 
31396      DEBUG main            d.u.i.k.p.i.IntermediateProofReplayer Proof replay took 3.03ms 
31397      DEBUG main            d.u.i.k.p.r.p.TestFile    ... success: reloaded. 
31399      INFO  main            d.u.i.k.p.r.p.TestFile    Now processing file /home/runner/work/key/key/key.core/../key.ui/examples/standard_key/arith/check_jdiv_instantiated.key 
31400      INFO  main            d.u.i.k.p.i.AbstractProblemLoader Loading environment from /home/runner/work/key/key/key.core/../key.ui/examples/standard_key/arith/check_jdiv_instantiated.key 
31400      DEBUG main            d.u.i.k.p.i.AbstractProblemLoader Environment load took 194.5ns 
31402      INFO  main            d.u.i.k.p.i.AbstractProblemLoader Creating init config 
33819      DEBUG main            d.u.i.k.p.i.AbstractProblemLoader Init config took 2.42s 
33842      INFO  main            d.u.i.k.p.i.AbstractProblemLoader Replaying proof check_jdiv_instantiated.key 
33845      DEBUG main            d.u.i.k.p.i.IntermediateProofReplayer Proof replay took 5.5ns 
37167      INFO  main            d.u.i.k.p.r.p.TestFile    ... finished proof: closed. 
37353      INFO  main            d.u.i.k.p.i.AbstractProblemLoader Loading environment from /home/runner/work/key/key/key.core/../key.ui/examples/standard_key/arith/check_jdiv_instantiated.key.proof 
37353      DEBUG main            d.u.i.k.p.i.AbstractProblemLoader Environment load took 166.9ns 
37355      INFO  main            d.u.i.k.p.i.AbstractProblemLoader Creating init config 
39676      DEBUG main            d.u.i.k.p.i.AbstractProblemLoader Init config took 2.32s 
39696      INFO  main            d.u.i.k.p.i.AbstractProblemLoader Replaying proof check_jdiv_instantiated.key.proof 
39891      DEBUG main            d.u.i.k.p.i.IntermediateProofReplayer Proof replay took 164.5ms 
39893      DEBUG main            d.u.i.k.p.r.p.TestFile    ... success: reloaded. 
39895      INFO  main            d.u.i.k.p.r.p.TestFile    Now processing file /home/runner/work/key/key/key.core/../key.ui/examples/standard_key/arith/check_jmod.key 
39895      INFO  main            d.u.i.k.p.i.AbstractProblemLoader Loading environment from /home/runner/work/key/key/key.core/../key.ui/examples/standard_key/arith/check_jmod.key 
39895      DEBUG main            d.u.i.k.p.i.AbstractProblemLoader Environment load took 202.8ns 
39896      INFO  main            d.u.i.k.p.i.AbstractProblemLoader Creating init config 
42233      DEBUG main            d.u.i.k.p.i.AbstractProblemLoader Init config took 2.34s 
42251      INFO  main            d.u.i.k.p.i.AbstractProblemLoader Replaying proof check_jmod.key 
42254      DEBUG main            d.u.i.k.p.i.IntermediateProofReplayer Proof replay took 5.5ns 
42766      INFO  main            d.u.i.k.p.r.p.TestFile    ... finished proof: closed. 
42942      INFO  main            d.u.i.k.p.i.AbstractProblemLoader Loading environment from /home/runner/work/key/key/key.core/../key.ui/examples/standard_key/arith/check_jmod.key.proof 
42942      DEBUG main            d.u.i.k.p.i.AbstractProblemLoader Environment load took 110.7ns 
42944      INFO  main            d.u.i.k.p.i.AbstractProblemLoader Creating init config 
45268      DEBUG main            d.u.i.k.p.i.AbstractProblemLoader Init config took 2.32s 
45286      INFO  main            d.u.i.k.p.i.AbstractProblemLoader Replaying proof check_jmod.key.proof 
45333      DEBUG main            d.u.i.k.p.i.IntermediateProofReplayer Proof replay took 39.67ms 
45334      DEBUG main            d.u.i.k.p.r.p.TestFile    ... success: reloaded. 
45336      INFO  main            d.u.i.k.p.r.p.TestFile    Now processing file /home/runner/work/key/key/key.core/../key.ui/examples/standard_key/arith/complexExpressions.key 
45336      INFO  main            d.u.i.k.p.i.AbstractProblemLoader Loading environment from /home/runner/work/key/key/key.core/../key.ui/examples/standard_key/arith/complexExpressions.key 
45336      DEBUG main            d.u.i.k.p.i.AbstractProblemLoader Environment load took 84.5ns 
45337      INFO  main            d.u.i.k.p.i.AbstractProblemLoader Creating init config 
47682      DEBUG main            d.u.i.k.p.i.AbstractProblemLoader Init config took 2.34s 
47703      INFO  main            d.u.i.k.p.i.AbstractProblemLoader Replaying proof complexExpressions.key 
47704      DEBUG main            d.u.i.k.p.i.IntermediateProofReplayer Proof replay took 5.4ns 
47813      INFO  main            d.u.i.k.p.r.p.TestFile    ... finished proof: closed. 
47976      INFO  main            d.u.i.k.p.i.AbstractProblemLoader Loading environment from /home/runner/work/key/key/key.core/../key.ui/examples/standard_key/arith/complexExpressions.key.proof 
47977      DEBUG main            d.u.i.k.p.i.AbstractProblemLoader Environment load took 603ns 
47978      INFO  main            d.u.i.k.p.i.AbstractProblemLoader Creating init config 
50323      DEBUG main            d.u.i.k.p.i.AbstractProblemLoader Init config took 2.35s 
50342      INFO  main            d.u.i.k.p.i.AbstractProblemLoader Replaying proof complexExpressions.key.proof 
50352      DEBUG main            d.u.i.k.p.i.IntermediateProofReplayer Proof replay took 7.69ms 
50353      DEBUG main            d.u.i.k.p.r.p.TestFile    ... success: reloaded. 
50355      INFO  main            d.u.i.k.p.r.p.TestFile    Now processing file /home/runner/work/key/key/key.core/../key.ui/examples/standard_key/arith/compound_unaryMinus.key 
50355      INFO  main            d.u.i.k.p.i.AbstractProblemLoader Loading environment from /home/runner/work/key/key/key.core/../key.ui/examples/standard_key/arith/compound_unaryMinus.key 
50355      DEBUG main            d.u.i.k.p.i.AbstractProblemLoader Environment load took 81.5ns 
50356      INFO  main            d.u.i.k.p.i.AbstractProblemLoader Creating init config 
52719      DEBUG main            d.u.i.k.p.i.AbstractProblemLoader Init config took 2.36s 
52739      INFO  main            d.u.i.k.p.i.AbstractProblemLoader Replaying proof compound_unaryMinus.key 
52741      DEBUG main            d.u.i.k.p.i.IntermediateProofReplayer Proof replay took 5.2ns 
52843      INFO  main            d.u.i.k.p.r.p.TestFile    ... finished proof: closed. 
52990      INFO  main            d.u.i.k.p.i.AbstractProblemLoader Loading environment from /home/runner/work/key/key/key.core/../key.ui/examples/standard_key/arith/compound_unaryMinus.key.proof 
52990      DEBUG main            d.u.i.k.p.i.AbstractProblemLoader Environment load took 104.8ns 
52991      INFO  main            d.u.i.k.p.i.AbstractProblemLoader Creating init config 
55304      DEBUG main            d.u.i.k.p.i.AbstractProblemLoader Init config took 2.31s 
55322      INFO  main            d.u.i.k.p.i.AbstractProblemLoader Replaying proof compound_unaryMinus.key.proof 
55339      DEBUG main            d.u.i.k.p.i.IntermediateProofReplayer Proof replay took 3.77ms 
55340      DEBUG main            d.u.i.k.p.r.p.TestFile    ... success: reloaded. 
55342      INFO  main            d.u.i.k.p.r.p.TestFile    Now processing file /home/runner/work/key/key/key.core/../key.ui/examples/standard_key/arith/computation.key 
55343      INFO  main            d.u.i.k.p.i.AbstractProblemLoader Loading environment from /home/runner/work/key/key/key.core/../key.ui/examples/standard_key/arith/computation.key 
55343      DEBUG main            d.u.i.k.p.i.AbstractProblemLoader Environment load took 110.6ns 
55344      INFO  main            d.u.i.k.p.i.AbstractProblemLoader Creating init config 
57679      DEBUG main            d.u.i.k.p.i.AbstractProblemLoader Init config took 2.34s 
57699      INFO  main            d.u.i.k.p.i.AbstractProblemLoader Replaying proof computation.key 
57702      DEBUG main            d.u.i.k.p.i.IntermediateProofReplayer Proof replay took 5.9ns 
59135      INFO  main            d.u.i.k.p.r.p.TestFile    ... finished proof: closed. 
59415      INFO  main            d.u.i.k.p.i.AbstractProblemLoader Loading environment from /home/runner/work/key/key/key.core/../key.ui/examples/standard_key/arith/computation.key.proof 
59415      DEBUG main            d.u.i.k.p.i.AbstractProblemLoader Environment load took 546.3ns 
59417      INFO  main            d.u.i.k.p.i.AbstractProblemLoader Creating init config 
61699      DEBUG main            d.u.i.k.p.i.AbstractProblemLoader Init config took 2.28s 
61716      INFO  main            d.u.i.k.p.i.AbstractProblemLoader Replaying proof computation.key.proof 
61729      DEBUG main            d.u.i.k.p.i.IntermediateProofReplayer Proof replay took 6.61ms 
61730      WARN  main            d.u.i.k.p.r.p.TestFile    Replay exception de.uka.ilkd.key.proof.io.ProblemLoaderException: Error loading proof.
Line 125, goal 1, rule expandInRangeInt not available or not applicable in this context.
	at de.uka.ilkd.key.proof.io.IntermediateProofReplayer.reportError(IntermediateProofReplayer.java:782)
Caused by: de.uka.ilkd.key.proof.io.IntermediateProofReplayer$TacletAppConstructionException: Wrong position information: Term subterm: [1,1,0] of imp(equals(x,px),imp(equals(y,py),imp(equals(z,pz),imp(not(equals(y,Z(1(#)))),\<{
  x *= x;
  y = y + x - 1;
  z = x - y;
  y *= x;
  y /= 3;
  z = -z;
  z = (-34) / z;
}\> (and(and(equals(x,moduloInt(mul(px,px))),equals(y,moduloInt(jdiv(moduloInt(mul(mul(sub(add(py,mul(px,px)),Z(1(#))),px),px)),Z(3(#)))))),equals(z,moduloInt(jdiv(Z(neglit(4(3(#)))),moduloInt(sub(py,Z(1(#)))))))))))))
	at de.uka.ilkd.key.proof.io.IntermediateProofReplayer.constructTacletApp(IntermediateProofReplayer.java:460)
Caused by: java.lang.NullPointerException: null
	at de.uka.ilkd.key.proof.io.IntermediateProofReplayer.constructTacletApp(IntermediateProofReplayer.java:456)

61732      DEBUG main            d.u.i.k.p.r.p.TestFile    Exception java.lang.Exception: Exception while loading proof (see cause for details): /home/runner/work/key/key/key.core/../key.ui/examples/standard_key/arith/computation.key.proof
	at de.uka.ilkd.key.proof.runallproofs.proofcollection.TestFile.reloadProof(TestFile.java:314)
Caused by: de.uka.ilkd.key.proof.io.ProblemLoaderException: Error loading proof.
Line 125, goal 1, rule expandInRangeInt not available or not applicable in this context.
	at de.uka.ilkd.key.proof.io.IntermediateProofReplayer.reportError(IntermediateProofReplayer.java:782)
Caused by: de.uka.ilkd.key.proof.io.IntermediateProofReplayer$TacletAppConstructionException: Wrong position information: Term subterm: [1,1,0] of imp(equals(x,px),imp(equals(y,py),imp(equals(z,pz),imp(not(equals(y,Z(1(#)))),\<{
  x *= x;
  y = y + x - 1;
  z = x - y;
  y *= x;
  y /= 3;
  z = -z;
  z = (-34) / z;
}\> (and(and(equals(x,moduloInt(mul(px,px))),equals(y,moduloInt(jdiv(moduloInt(mul(mul(sub(add(py,mul(px,px)),Z(1(#))),px),px)),Z(3(#)))))),equals(z,moduloInt(jdiv(Z(neglit(4(3(#)))),moduloInt(sub(py,Z(1(#)))))))))))))
	at de.uka.ilkd.key.proof.io.IntermediateProofReplayer.constructTacletApp(IntermediateProofReplayer.java:460)
Caused by: java.lang.NullPointerException: null
	at de.uka.ilkd.key.proof.io.IntermediateProofReplayer.constructTacletApp(IntermediateProofReplayer.java:456)

61733      WARN  main            d.u.i.k.p.r.p.ForkedTestFileRunner Run failed java.lang.Exception: Exception while loading proof (see cause for details): /home/runner/work/key/key/key.core/../key.ui/examples/standard_key/arith/computation.key.proof
	at de.uka.ilkd.key.proof.runallproofs.proofcollection.TestFile.reloadProof(TestFile.java:314)
Caused by: de.uka.ilkd.key.proof.io.ProblemLoaderException: Error loading proof.
Line 125, goal 1, rule expandInRangeInt not available or not applicable in this context.
	at de.uka.ilkd.key.proof.io.IntermediateProofReplayer.reportError(IntermediateProofReplayer.java:782)
Caused by: de.uka.ilkd.key.proof.io.IntermediateProofReplayer$TacletAppConstructionException: Wrong position information: Term subterm: [1,1,0] of imp(equals(x,px),imp(equals(y,py),imp(equals(z,pz),imp(not(equals(y,Z(1(#)))),\<{
  x *= x;
  y = y + x - 1;
  z = x - y;
  y *= x;
  y /= 3;
  z = -z;
  z = (-34) / z;
}\> (and(and(equals(x,moduloInt(mul(px,px))),equals(y,moduloInt(jdiv(moduloInt(mul(mul(sub(add(py,mul(px,px)),Z(1(#))),px),px)),Z(3(#)))))),equals(z,moduloInt(jdiv(Z(neglit(4(3(#)))),moduloInt(sub(py,Z(1(#)))))))))))))
	at de.uka.ilkd.key.proof.io.IntermediateProofReplayer.constructTacletApp(IntermediateProofReplayer.java:460)
Caused by: java.lang.NullPointerException: null
	at de.uka.ilkd.key.proof.io.IntermediateProofReplayer.constructTacletApp(IntermediateProofReplayer.java:456)

61735      INFO  main            d.u.i.k.p.r.p.TestFile    Now processing file /home/runner/work/key/key/key.core/../key.ui/examples/standard_key/arith/cubicSum.key 
61735      INFO  main            d.u.i.k.p.i.AbstractProblemLoader Loading environment from /home/runner/work/key/key/key.core/../key.ui/examples/standard_key/arith/cubicSum.key 
61735      DEBUG main            d.u.i.k.p.i.AbstractProblemLoader Environment load took 176.7ns 
61737      INFO  main            d.u.i.k.p.i.AbstractProblemLoader Creating init config 
64214      DEBUG main            d.u.i.k.p.i.AbstractProblemLoader Init config took 2.48s 
64231      INFO  main            d.u.i.k.p.i.AbstractProblemLoader Replaying proof cubicSum.key 
64234      DEBUG main            d.u.i.k.p.i.IntermediateProofReplayer Proof replay took 5.5ns 
65440      INFO  main            d.u.i.k.p.r.p.TestFile    ... finished proof: closed. 
65754      INFO  main            d.u.i.k.p.i.AbstractProblemLoader Loading environment from /home/runner/work/key/key/key.core/../key.ui/examples/standard_key/arith/cubicSum.key.proof 
65754      DEBUG main            d.u.i.k.p.i.AbstractProblemLoader Environment load took 116.7ns 
65756      INFO  main            d.u.i.k.p.i.AbstractProblemLoader Creating init config 
68139      DEBUG main            d.u.i.k.p.i.AbstractProblemLoader Init config took 2.38s 
68156      INFO  main            d.u.i.k.p.i.AbstractProblemLoader Replaying proof cubicSum.key.proof 
68270      DEBUG main            d.u.i.k.p.i.IntermediateProofReplayer Proof replay took 110.51ms 
68271      DEBUG main            d.u.i.k.p.r.p.TestFile    ... success: reloaded. 
68273      INFO  main            d.u.i.k.p.r.p.TestFile    Now processing file /home/runner/work/key/key/key.core/../key.ui/examples/standard_key/arith/divByZero.key 
68273      INFO  main            d.u.i.k.p.i.AbstractProblemLoader Loading environment from /home/runner/work/key/key/key.core/../key.ui/examples/standard_key/arith/divByZero.key 
68274      DEBUG main            d.u.i.k.p.i.AbstractProblemLoader Environment load took 82.6ns 
68274      INFO  main            d.u.i.k.p.i.AbstractProblemLoader Creating init config 
70606      DEBUG main            d.u.i.k.p.i.AbstractProblemLoader Init config took 2.33s 
70621      INFO  main            d.u.i.k.p.i.AbstractProblemLoader Replaying proof divByZero.key 
70623      DEBUG main            d.u.i.k.p.i.IntermediateProofReplayer Proof replay took 6ns 
70833      INFO  main            d.u.i.k.p.r.p.TestFile    ... finished proof: closed. 
71027      INFO  main            d.u.i.k.p.i.AbstractProblemLoader Loading environment from /home/runner/work/key/key/key.core/../key.ui/examples/standard_key/arith/divByZero.key.proof 
71027      DEBUG main            d.u.i.k.p.i.AbstractProblemLoader Environment load took 109.2ns 
71029      INFO  main            d.u.i.k.p.i.AbstractProblemLoader Creating init config 
73308      DEBUG main            d.u.i.k.p.i.AbstractProblemLoader Init config took 2.28s 
73323      INFO  main            d.u.i.k.p.i.AbstractProblemLoader Replaying proof divByZero.key.proof 
73327      DEBUG main            d.u.i.k.p.i.IntermediateProofReplayer Proof replay took 893.7ns 
73328      WARN  main            d.u.i.k.p.r.p.TestFile    Replay exception de.uka.ilkd.key.proof.io.ProblemLoaderException: Error loading proof.
Line 96, goal 1, rule assignmentDivisionInt not available or not applicable in this context.
	at de.uka.ilkd.key.proof.io.IntermediateProofReplayer.reportError(IntermediateProofReplayer.java:782)
Caused by: java.lang.IndexOutOfBoundsException: Index: 1, Size: 1
	at java.base/java.util.LinkedList.checkElementIndex(LinkedList.java:559)

73328      WARN  main            d.u.i.k.p.r.p.TestFile    Replay exception de.uka.ilkd.key.proof.io.ProblemLoaderException: Error loading proof.
Line 97, goal 1, rule translateJavaDivInt not available or not applicable in this context.
	at de.uka.ilkd.key.proof.io.IntermediateProofReplayer.reportError(IntermediateProofReplayer.java:782)
Caused by: de.uka.ilkd.key.proof.io.IntermediateProofReplayer$TacletAppConstructionException: Wrong position information: Term subterm: [1,0,0] of update-application(elem-update(b)(javaDivInt(a,a)),\<{
  try {} catch (Exception e) {
    b = 1;
  }
}\> (equals(b,Z(1(#)))))
	at de.uka.ilkd.key.proof.io.IntermediateProofReplayer.constructTacletApp(IntermediateProofReplayer.java:460)
Caused by: java.lang.NullPointerException: null
	at de.uka.ilkd.key.proof.io.IntermediateProofReplayer.constructTacletApp(IntermediateProofReplayer.java:456)

73329      DEBUG main            d.u.i.k.p.r.p.TestFile    Exception java.lang.Exception: Exception while loading proof (see cause for details): /home/runner/work/key/key/key.core/../key.ui/examples/standard_key/arith/divByZero.key.proof
	at de.uka.ilkd.key.proof.runallproofs.proofcollection.TestFile.reloadProof(TestFile.java:314)
Caused by: de.uka.ilkd.key.proof.io.ProblemLoaderException: Error loading proof.
Line 96, goal 1, rule assignmentDivisionInt not available or not applicable in this context.
	at de.uka.ilkd.key.proof.io.IntermediateProofReplayer.reportError(IntermediateProofReplayer.java:782)
Caused by: java.lang.IndexOutOfBoundsException: Index: 1, Size: 1
	at java.base/java.util.LinkedList.checkElementIndex(LinkedList.java:559)

73336      WARN  main            d.u.i.k.p.r.p.ForkedTestFileRunner Run failed java.lang.Exception: Exception while loading proof (see cause for details): /home/runner/work/key/key/key.core/../key.ui/examples/standard_key/arith/divByZero.key.proof
	at de.uka.ilkd.key.proof.runallproofs.proofcollection.TestFile.reloadProof(TestFile.java:314)
Caused by: de.uka.ilkd.key.proof.io.ProblemLoaderException: Error loading proof.
Line 96, goal 1, rule assignmentDivisionInt not available or not applicable in this context.
	at de.uka.ilkd.key.proof.io.IntermediateProofReplayer.reportError(IntermediateProofReplayer.java:782)
Caused by: java.lang.IndexOutOfBoundsException: Index: 1, Size: 1
	at java.base/java.util.LinkedList.checkElementIndex(LinkedList.java:559)

73345      INFO  main            d.u.i.k.p.r.p.TestFile    Now processing file /home/runner/work/key/key/key.core/../key.ui/examples/standard_key/arith/divisionAssoc.key 
73346      INFO  main            d.u.i.k.p.i.AbstractProblemLoader Loading environment from /home/runner/work/key/key/key.core/../key.ui/examples/standard_key/arith/divisionAssoc.key 
73346      DEBUG main            d.u.i.k.p.i.AbstractProblemLoader Environment load took 56ns 
73347      INFO  main            d.u.i.k.p.i.AbstractProblemLoader Creating init config 
75699      DEBUG main            d.u.i.k.p.i.AbstractProblemLoader Init config took 2.35s 
75718      INFO  main            d.u.i.k.p.i.AbstractProblemLoader Replaying proof divisionAssoc.key 
75721      DEBUG main            d.u.i.k.p.i.IntermediateProofReplayer Proof replay took 5.8ns 
76424      INFO  main            d.u.i.k.p.r.p.TestFile    ... finished proof: closed. 
76641      INFO  main            d.u.i.k.p.i.AbstractProblemLoader Loading environment from /home/runner/work/key/key/key.core/../key.ui/examples/standard_key/arith/divisionAssoc.key.proof 
76641      DEBUG main            d.u.i.k.p.i.AbstractProblemLoader Environment load took 346.5ns 
76642      INFO  main            d.u.i.k.p.i.AbstractProblemLoader Creating init config 
78911      DEBUG main            d.u.i.k.p.i.AbstractProblemLoader Init config took 2.27s 
78925      INFO  main            d.u.i.k.p.i.AbstractProblemLoader Replaying proof divisionAssoc.key.proof 
78967      DEBUG main            d.u.i.k.p.i.IntermediateProofReplayer Proof replay took 37.72ms 
78969      DEBUG main            d.u.i.k.p.r.p.TestFile    ... success: reloaded. 
78971      INFO  main            d.u.i.k.p.r.p.TestFile    Now processing file /home/runner/work/key/key/key.core/../key.ui/examples/standard_key/arith/divisionBy2.key 
78971      INFO  main            d.u.i.k.p.i.AbstractProblemLoader Loading environment from /home/runner/work/key/key/key.core/../key.ui/examples/standard_key/arith/divisionBy2.key 
78971      DEBUG main            d.u.i.k.p.i.AbstractProblemLoader Environment load took 164.1ns 
78972      INFO  main            d.u.i.k.p.i.AbstractProblemLoader Creating init config 
81327      DEBUG main            d.u.i.k.p.i.AbstractProblemLoader Init config took 2.35s 
81340      INFO  main            d.u.i.k.p.i.AbstractProblemLoader Replaying proof divisionBy2.key 
81341      DEBUG main            d.u.i.k.p.i.IntermediateProofReplayer Proof replay took 5.4ns 
81443      INFO  main            d.u.i.k.p.r.p.TestFile    ... finished proof: closed. 
81633      INFO  main            d.u.i.k.p.i.AbstractProblemLoader Loading environment from /home/runner/work/key/key/key.core/../key.ui/examples/standard_key/arith/divisionBy2.key.proof 
81634      DEBUG main            d.u.i.k.p.i.AbstractProblemLoader Environment load took 98.9ns 
81635      INFO  main            d.u.i.k.p.i.AbstractProblemLoader Creating init config 
83899      DEBUG main            d.u.i.k.p.i.AbstractProblemLoader Init config took 2.26s 
83912      INFO  main            d.u.i.k.p.i.AbstractProblemLoader Replaying proof divisionBy2.key.proof 
83918      DEBUG main            d.u.i.k.p.i.IntermediateProofReplayer Proof replay took 4.55ms 
83919      DEBUG main            d.u.i.k.p.r.p.TestFile    ... success: reloaded. 
83921      INFO  main            d.u.i.k.p.r.p.TestFile    Now processing file /home/runner/work/key/key/key.core/../key.ui/examples/standard_key/arith/euclidean/gcdHelp-post.key 
83921      INFO  main            d.u.i.k.p.i.AbstractProblemLoader Loading environment from /home/runner/work/key/key/key.core/../key.ui/examples/standard_key/arith/euclidean/gcdHelp-post.key 
83921      DEBUG main            d.u.i.k.p.i.AbstractProblemLoader Environment load took 173.8ns 
83922      INFO  main            d.u.i.k.p.i.AbstractProblemLoader Creating init config 
86357      DEBUG main            d.u.i.k.p.i.AbstractProblemLoader Init config took 2.43s 
86372      INFO  main            d.u.i.k.p.i.AbstractProblemLoader Replaying proof gcdHelp-post.key 
86373      DEBUG main            d.u.i.k.p.i.IntermediateProofReplayer Proof replay took 5.8ns 
89712      INFO  main            d.u.i.k.p.r.p.TestFile    ... finished proof: closed. 
89924      INFO  main            d.u.i.k.p.i.AbstractProblemLoader Loading environment from /home/runner/work/key/key/key.core/../key.ui/examples/standard_key/arith/euclidean/gcdHelp-post.key.proof 
89924      DEBUG main            d.u.i.k.p.i.AbstractProblemLoader Environment load took 357.8ns 
89926      INFO  main            d.u.i.k.p.i.AbstractProblemLoader Creating init config 
92301      DEBUG main            d.u.i.k.p.i.AbstractProblemLoader Init config took 2.37s 
92315      INFO  main            d.u.i.k.p.i.AbstractProblemLoader Replaying proof gcdHelp-post.key.proof 
92509      DEBUG main            d.u.i.k.p.i.IntermediateProofReplayer Proof replay took 183.03ms 
92511      DEBUG main            d.u.i.k.p.r.p.TestFile    ... success: reloaded. 
92513      INFO  main            d.u.i.k.p.r.p.TestFile    Now processing file /home/runner/work/key/key/key.core/../key.ui/examples/standard_key/arith/gemplusDecimal/add.key 
92513      INFO  main            d.u.i.k.p.i.AbstractProblemLoader Loading environment from /home/runner/work/key/key/key.core/../key.ui/examples/standard_key/arith/gemplusDecimal/add.key 
92514      DEBUG main            d.u.i.k.p.i.AbstractProblemLoader Environment load took 165.1ns 
92516      INFO  main            d.u.i.k.p.i.AbstractProblemLoader Creating init config 
94906      DEBUG main            d.u.i.k.p.i.AbstractProblemLoader Init config took 2.39s 
94923      INFO  main            d.u.i.k.p.i.AbstractProblemLoader Replaying proof add.key 
94925      DEBUG main            d.u.i.k.p.i.IntermediateProofReplayer Proof replay took 5.5ns 
137074     INFO  main            d.u.i.k.p.r.p.TestFile    ... finished proof: closed. 
137418     INFO  main            d.u.i.k.p.i.AbstractProblemLoader Loading environment from /home/runner/work/key/key/key.core/../key.ui/examples/standard_key/arith/gemplusDecimal/add.key.proof 
137419     DEBUG main            d.u.i.k.p.i.AbstractProblemLoader Environment load took 363.4ns 
137425     INFO  main            d.u.i.k.p.i.AbstractProblemLoader Creating init config 
139741     DEBUG main            d.u.i.k.p.i.AbstractProblemLoader Init config took 2.32s 
139756     INFO  main            d.u.i.k.p.i.AbstractProblemLoader Replaying proof add.key.proof 
139902     DEBUG main            d.u.i.k.p.i.IntermediateProofReplayer Proof replay took 9.52ms 
139908     WARN  main            d.u.i.k.p.r.p.TestFile    Replay exception de.uka.ilkd.key.proof.io.ProblemLoaderException: Error loading proof.
Line 133, goal 1, rule neg_literal not available or not applicable in this context.
	at de.uka.ilkd.key.proof.io.IntermediateProofReplayer.reportError(IntermediateProofReplayer.java:782)
Caused by: de.uka.ilkd.key.proof.io.IntermediateProofReplayer$TacletAppConstructionException: Wrong position information: Term subterm: [1,1,1,1,1,0,0,0,0,0,0,0] of imp(not(equals(d,null)),imp(and(and(and(and(and(lt(neg(Z(0(0(0(1(#)))))),f),lt(f,Z(0(0(0(1(#))))))),lt(neg(Z(0(0(0(1(#)))))),dP)),lt(dP,Z(0(0(0(1(#))))))),lt(add(e,iP),Z(7(6(7(2(3(#)))))))),lt(Z(neglit(8(6(7(2(3(#))))))),add(e,iP))),update-application(elem-update(heap)(store(store(heap,d,Decimal::$intPart,iP),d,Decimal::$decPart,dP)),\<{
  d.add(e, f)@Decimal;
}\> (and(and(equals(add(mul(int::select(heap,d,Decimal::$intPart),Z(0(0(0(1(#)))))),int::select(heap,d,Decimal::$decPart)),add(add(add(mul(iP,Z(0(0(0(1(#)))))),dP),mul(e,Z(0(0(0(1(#))))))),f)),lt(neg(Z(0(0(0(1(#)))))),int::select(heap,d,Decimal::$decPart))),lt(int::select(heap,d,Decimal::$decPart),Z(0(0(0(1(#)))))))))))
	at de.uka.ilkd.key.proof.io.IntermediateProofReplayer.constructTacletApp(IntermediateProofReplayer.java:460)
Caused by: java.lang.ArrayIndexOutOfBoundsException: Index 1 out of bounds for length 1
	at org.key_project.util.collection.ImmutableArray.get(ImmutableArray.java:61)

139909     DEBUG main            d.u.i.k.p.r.p.TestFile    Exception java.lang.Exception: Exception while loading proof (see cause for details): /home/runner/work/key/key/key.core/../key.ui/examples/standard_key/arith/gemplusDecimal/add.key.proof
	at de.uka.ilkd.key.proof.runallproofs.proofcollection.TestFile.reloadProof(TestFile.java:314)
Caused by: de.uka.ilkd.key.proof.io.ProblemLoaderException: Error loading proof.
Line 133, goal 1, rule neg_literal not available or not applicable in this context.
	at de.uka.ilkd.key.proof.io.IntermediateProofReplayer.reportError(IntermediateProofReplayer.java:782)
Caused by: de.uka.ilkd.key.proof.io.IntermediateProofReplayer$TacletAppConstructionException: Wrong position information: Term subterm: [1,1,1,1,1,0,0,0,0,0,0,0] of imp(not(equals(d,null)),imp(and(and(and(and(and(lt(neg(Z(0(0(0(1(#)))))),f),lt(f,Z(0(0(0(1(#))))))),lt(neg(Z(0(0(0(1(#)))))),dP)),lt(dP,Z(0(0(0(1(#))))))),lt(add(e,iP),Z(7(6(7(2(3(#)))))))),lt(Z(neglit(8(6(7(2(3(#))))))),add(e,iP))),update-application(elem-update(heap)(store(store(heap,d,Decimal::$intPart,iP),d,Decimal::$decPart,dP)),\<{
  d.add(e, f)@Decimal;
}\> (and(and(equals(add(mul(int::select(heap,d,Decimal::$intPart),Z(0(0(0(1(#)))))),int::select(heap,d,Decimal::$decPart)),add(add(add(mul(iP,Z(0(0(0(1(#)))))),dP),mul(e,Z(0(0(0(1(#))))))),f)),lt(neg(Z(0(0(0(1(#)))))),int::select(heap,d,Decimal::$decPart))),lt(int::select(heap,d,Decimal::$decPart),Z(0(0(0(1(#)))))))))))
	at de.uka.ilkd.key.proof.io.IntermediateProofReplayer.constructTacletApp(IntermediateProofReplayer.java:460)
Caused by: java.lang.ArrayIndexOutOfBoundsException: Index 1 out of bounds for length 1
	at org.key_project.util.collection.ImmutableArray.get(ImmutableArray.java:61)

139910     WARN  main            d.u.i.k.p.r.p.ForkedTestFileRunner Run failed java.lang.Exception: Exception while loading proof (see cause for details): /home/runner/work/key/key/key.core/../key.ui/examples/standard_key/arith/gemplusDecimal/add.key.proof
	at de.uka.ilkd.key.proof.runallproofs.proofcollection.TestFile.reloadProof(TestFile.java:314)
Caused by: de.uka.ilkd.key.proof.io.ProblemLoaderException: Error loading proof.
Line 133, goal 1, rule neg_literal not available or not applicable in this context.
	at de.uka.ilkd.key.proof.io.IntermediateProofReplayer.reportError(IntermediateProofReplayer.java:782)
Caused by: de.uka.ilkd.key.proof.io.IntermediateProofReplayer$TacletAppConstructionException: Wrong position information: Term subterm: [1,1,1,1,1,0,0,0,0,0,0,0] of imp(not(equals(d,null)),imp(and(and(and(and(and(lt(neg(Z(0(0(0(1(#)))))),f),lt(f,Z(0(0(0(1(#))))))),lt(neg(Z(0(0(0(1(#)))))),dP)),lt(dP,Z(0(0(0(1(#))))))),lt(add(e,iP),Z(7(6(7(2(3(#)))))))),lt(Z(neglit(8(6(7(2(3(#))))))),add(e,iP))),update-application(elem-update(heap)(store(store(heap,d,Decimal::$intPart,iP),d,Decimal::$decPart,dP)),\<{
  d.add(e, f)@Decimal;
}\> (and(and(equals(add(mul(int::select(heap,d,Decimal::$intPart),Z(0(0(0(1(#)))))),int::select(heap,d,Decimal::$decPart)),add(add(add(mul(iP,Z(0(0(0(1(#)))))),dP),mul(e,Z(0(0(0(1(#))))))),f)),lt(neg(Z(0(0(0(1(#)))))),int::select(heap,d,Decimal::$decPart))),lt(int::select(heap,d,Decimal::$decPart),Z(0(0(0(1(#)))))))))))
	at de.uka.ilkd.key.proof.io.IntermediateProofReplayer.constructTacletApp(IntermediateProofReplayer.java:460)
Caused by: java.lang.ArrayIndexOutOfBoundsException: Index 1 out of bounds for length 1
	at org.key_project.util.collection.ImmutableArray.get(ImmutableArray.java:61)

139912     INFO  main            d.u.i.k.p.r.p.TestFile    Now processing file /home/runner/work/key/key/key.core/../key.ui/examples/standard_key/arith/jdivevenodd.key 
139912     INFO  main            d.u.i.k.p.i.AbstractProblemLoader Loading environment from /home/runner/work/key/key/key.core/../key.ui/examples/standard_key/arith/jdivevenodd.key 
139912     DEBUG main            d.u.i.k.p.i.AbstractProblemLoader Environment load took 181.3ns 
139913     INFO  main            d.u.i.k.p.i.AbstractProblemLoader Creating init config 
142247     DEBUG main            d.u.i.k.p.i.AbstractProblemLoader Init config took 2.33s 
142259     INFO  main            d.u.i.k.p.i.AbstractProblemLoader Replaying proof jdivevenodd.key 
142261     DEBUG main            d.u.i.k.p.i.IntermediateProofReplayer Proof replay took 6ns 
142463     INFO  main            d.u.i.k.p.r.p.TestFile    ... finished proof: closed. 
142779     INFO  main            d.u.i.k.p.i.AbstractProblemLoader Loading environment from /home/runner/work/key/key/key.core/../key.ui/examples/standard_key/arith/jdivevenodd.key.proof 
142779     DEBUG main            d.u.i.k.p.i.AbstractProblemLoader Environment load took 104.2ns 
142781     INFO  main            d.u.i.k.p.i.AbstractProblemLoader Creating init config 
145032     DEBUG main            d.u.i.k.p.i.AbstractProblemLoader Init config took 2.25s 
145046     INFO  main            d.u.i.k.p.i.AbstractProblemLoader Replaying proof jdivevenodd.key.proof 
145061     DEBUG main            d.u.i.k.p.i.IntermediateProofReplayer Proof replay took 12.17ms 
145062     DEBUG main            d.u.i.k.p.r.p.TestFile    ... success: reloaded. 
145064     INFO  main            d.u.i.k.p.r.p.TestFile    Now processing file /home/runner/work/key/key/key.core/../key.ui/examples/standard_key/arith/median.key 
145064     INFO  main            d.u.i.k.p.i.AbstractProblemLoader Loading environment from /home/runner/work/key/key/key.core/../key.ui/examples/standard_key/arith/median.key 
145064     DEBUG main            d.u.i.k.p.i.AbstractProblemLoader Environment load took 221.2ns 
145065     INFO  main            d.u.i.k.p.i.AbstractProblemLoader Creating init config 
147350     DEBUG main            d.u.i.k.p.i.AbstractProblemLoader Init config took 2.28s 
147377     INFO  main            d.u.i.k.p.i.AbstractProblemLoader Replaying proof median.key 
147379     DEBUG main            d.u.i.k.p.i.IntermediateProofReplayer Proof replay took 5.2ns 
162982     INFO  main            d.u.i.k.p.r.p.TestFile    ... finished proof: closed. 
163267     INFO  main            d.u.i.k.p.i.AbstractProblemLoader Loading environment from /home/runner/work/key/key/key.core/../key.ui/examples/standard_key/arith/median.key.proof 
163267     DEBUG main            d.u.i.k.p.i.AbstractProblemLoader Environment load took 163ns 
163270     INFO  main            d.u.i.k.p.i.AbstractProblemLoader Creating init config 
165534     DEBUG main            d.u.i.k.p.i.AbstractProblemLoader Init config took 2.26s 
165557     INFO  main            d.u.i.k.p.i.AbstractProblemLoader Replaying proof median.key.proof 
165666     DEBUG main            d.u.i.k.p.i.IntermediateProofReplayer Proof replay took 4.34ms 
165668     WARN  main            d.u.i.k.p.r.p.TestFile    Replay exception de.uka.ilkd.key.proof.io.ProblemLoaderException: Error loading proof.
Line 110, goal 1, rule expandInRangeInt not available or not applicable in this context.
	at de.uka.ilkd.key.proof.io.IntermediateProofReplayer.reportError(IntermediateProofReplayer.java:782)
Caused by: de.uka.ilkd.key.proof.io.IntermediateProofReplayer$TacletAppConstructionException: Wrong position information: Term subterm: [1,0] of \<{
  if (start >= 0 && end <= 0 || start <= 0 && end >= 0)
    middle = (start + end) / 2;
  else middle = (start - end) / 2 + end;
}\> (and(and(or(and(leq(start,middle),leq(middle,end)),and(leq(end,middle),leq(middle,start))),geq(div(add(start,end),Z(2(#))),sub(middle,Z(1(#))))),leq(div(add(start,end),Z(2(#))),add(middle,Z(1(#))))))
	at de.uka.ilkd.key.proof.io.IntermediateProofReplayer.constructTacletApp(IntermediateProofReplayer.java:460)
Caused by: java.lang.ArrayIndexOutOfBoundsException: null

165669     DEBUG main            d.u.i.k.p.r.p.TestFile    Exception java.lang.Exception: Exception while loading proof (see cause for details): /home/runner/work/key/key/key.core/../key.ui/examples/standard_key/arith/median.key.proof
	at de.uka.ilkd.key.proof.runallproofs.proofcollection.TestFile.reloadProof(TestFile.java:314)
Caused by: de.uka.ilkd.key.proof.io.ProblemLoaderException: Error loading proof.
Line 110, goal 1, rule expandInRangeInt not available or not applicable in this context.
	at de.uka.ilkd.key.proof.io.IntermediateProofReplayer.reportError(IntermediateProofReplayer.java:782)
Caused by: de.uka.ilkd.key.proof.io.IntermediateProofReplayer$TacletAppConstructionException: Wrong position information: Term subterm: [1,0] of \<{
  if (start >= 0 && end <= 0 || start <= 0 && end >= 0)
    middle = (start + end) / 2;
  else middle = (start - end) / 2 + end;
}\> (and(and(or(and(leq(start,middle),leq(middle,end)),and(leq(end,middle),leq(middle,start))),geq(div(add(start,end),Z(2(#))),sub(middle,Z(1(#))))),leq(div(add(start,end),Z(2(#))),add(middle,Z(1(#))))))
	at de.uka.ilkd.key.proof.io.IntermediateProofReplayer.constructTacletApp(IntermediateProofReplayer.java:460)
Caused by: java.lang.ArrayIndexOutOfBoundsException: null

165669     WARN  main            d.u.i.k.p.r.p.ForkedTestFileRunner Run failed java.lang.Exception: Exception while loading proof (see cause for details): /home/runner/work/key/key/key.core/../key.ui/examples/standard_key/arith/median.key.proof
	at de.uka.ilkd.key.proof.runallproofs.proofcollection.TestFile.reloadProof(TestFile.java:314)
Caused by: de.uka.ilkd.key.proof.io.ProblemLoaderException: Error loading proof.
Line 110, goal 1, rule expandInRangeInt not available or not applicable in this context.
	at de.uka.ilkd.key.proof.io.IntermediateProofReplayer.reportError(IntermediateProofReplayer.java:782)
Caused by: de.uka.ilkd.key.proof.io.IntermediateProofReplayer$TacletAppConstructionException: Wrong position information: Term subterm: [1,0] of \<{
  if (start >= 0 && end <= 0 || start <= 0 && end >= 0)
    middle = (start + end) / 2;
  else middle = (start - end) / 2 + end;
}\> (and(and(or(and(leq(start,middle),leq(middle,end)),and(leq(end,middle),leq(middle,start))),geq(div(add(start,end),Z(2(#))),sub(middle,Z(1(#))))),leq(div(add(start,end),Z(2(#))),add(middle,Z(1(#))))))
	at de.uka.ilkd.key.proof.io.IntermediateProofReplayer.constructTacletApp(IntermediateProofReplayer.java:460)
Caused by: java.lang.ArrayIndexOutOfBoundsException: null

165671     INFO  main            d.u.i.k.p.r.p.TestFile    Now processing file /home/runner/work/key/key/key.core/../key.ui/examples/standard_key/arith/mod1.key 
165672     INFO  main            d.u.i.k.p.i.AbstractProblemLoader Loading environment from /home/runner/work/key/key/key.core/../key.ui/examples/standard_key/arith/mod1.key 
165672     DEBUG main            d.u.i.k.p.i.AbstractProblemLoader Environment load took 166.7ns 
165673     INFO  main            d.u.i.k.p.i.AbstractProblemLoader Creating init config 
168060     DEBUG main            d.u.i.k.p.i.AbstractProblemLoader Init config took 2.39s 
168074     INFO  main            d.u.i.k.p.i.AbstractProblemLoader Replaying proof mod1.key 
168077     DEBUG main            d.u.i.k.p.i.IntermediateProofReplayer Proof replay took 6.2ns 
168181     INFO  main            d.u.i.k.p.r.p.TestFile    ... finished proof: closed. 
168460     INFO  main            d.u.i.k.p.i.AbstractProblemLoader Loading environment from /home/runner/work/key/key/key.core/../key.ui/examples/standard_key/arith/mod1.key.proof 
168461     DEBUG main            d.u.i.k.p.i.AbstractProblemLoader Environment load took 98.6ns 
168462     INFO  main            d.u.i.k.p.i.AbstractProblemLoader Creating init config 
170727     DEBUG main            d.u.i.k.p.i.AbstractProblemLoader Init config took 2.27s 
170740     INFO  main            d.u.i.k.p.i.AbstractProblemLoader Replaying proof mod1.key.proof 
170744     DEBUG main            d.u.i.k.p.i.IntermediateProofReplayer Proof replay took 2.26ms 
170745     DEBUG main            d.u.i.k.p.r.p.TestFile    ... success: reloaded. 
170747     INFO  main            d.u.i.k.p.r.p.TestFile    Now processing file /home/runner/work/key/key/key.core/../key.ui/examples/standard_key/arith/mod2.key 
170747     INFO  main            d.u.i.k.p.i.AbstractProblemLoader Loading environment from /home/runner/work/key/key/key.core/../key.ui/examples/standard_key/arith/mod2.key 
170747     DEBUG main            d.u.i.k.p.i.AbstractProblemLoader Environment load took 79.6ns 
170748     INFO  main            d.u.i.k.p.i.AbstractProblemLoader Creating init config 
173062     DEBUG main            d.u.i.k.p.i.AbstractProblemLoader Init config took 2.31s 
173075     INFO  main            d.u.i.k.p.i.AbstractProblemLoader Replaying proof mod2.key 
173077     DEBUG main            d.u.i.k.p.i.IntermediateProofReplayer Proof replay took 7ns 
173189     INFO  main            d.u.i.k.p.r.p.TestFile    ... finished proof: closed. 
173403     INFO  main            d.u.i.k.p.i.AbstractProblemLoader Loading environment from /home/runner/work/key/key/key.core/../key.ui/examples/standard_key/arith/mod2.key.proof 
173403     DEBUG main            d.u.i.k.p.i.AbstractProblemLoader Environment load took 130.2ns 
173404     INFO  main            d.u.i.k.p.i.AbstractProblemLoader Creating init config 
175684     DEBUG main            d.u.i.k.p.i.AbstractProblemLoader Init config took 2.28s 
175697     INFO  main            d.u.i.k.p.i.AbstractProblemLoader Replaying proof mod2.key.proof 
175700     DEBUG main            d.u.i.k.p.i.IntermediateProofReplayer Proof replay took 1.56ms 
175701     DEBUG main            d.u.i.k.p.r.p.TestFile    ... success: reloaded. 
175703     INFO  main            d.u.i.k.p.r.p.TestFile    Now processing file /home/runner/work/key/key/key.core/../key.ui/examples/standard_key/arith/mod7.key 
175704     INFO  main            d.u.i.k.p.i.AbstractProblemLoader Loading environment from /home/runner/work/key/key/key.core/../key.ui/examples/standard_key/arith/mod7.key 
175704     DEBUG main            d.u.i.k.p.i.AbstractProblemLoader Environment load took 160.5ns 
175705     INFO  main            d.u.i.k.p.i.AbstractProblemLoader Creating init config 
178028     DEBUG main            d.u.i.k.p.i.AbstractProblemLoader Init config took 2.32s 
178041     INFO  main            d.u.i.k.p.i.AbstractProblemLoader Replaying proof mod7.key 
178042     DEBUG main            d.u.i.k.p.i.IntermediateProofReplayer Proof replay took 6.9ns 
178145     INFO  main            d.u.i.k.p.r.p.TestFile    ... finished proof: closed. 
178356     INFO  main            d.u.i.k.p.i.AbstractProblemLoader Loading environment from /home/runner/work/key/key/key.core/../key.ui/examples/standard_key/arith/mod7.key.proof 
178356     DEBUG main            d.u.i.k.p.i.AbstractProblemLoader Environment load took 108.6ns 
178357     INFO  main            d.u.i.k.p.i.AbstractProblemLoader Creating init config 
180621     DEBUG main            d.u.i.k.p.i.AbstractProblemLoader Init config took 2.26s 
180633     INFO  main            d.u.i.k.p.i.AbstractProblemLoader Replaying proof mod7.key.proof 
180640     DEBUG main            d.u.i.k.p.i.IntermediateProofReplayer Proof replay took 5.12ms 
180641     DEBUG main            d.u.i.k.p.r.p.TestFile    ... success: reloaded. 
180642     INFO  main            d.u.i.k.p.r.p.TestFile    Now processing file /home/runner/work/key/key/key.core/../key.ui/examples/standard_key/arith/overflow_hija.key 
180643     INFO  main            d.u.i.k.p.i.AbstractProblemLoader Loading environment from /home/runner/work/key/key/key.core/../key.ui/examples/standard_key/arith/overflow_hija.key 
180643     DEBUG main            d.u.i.k.p.i.AbstractProblemLoader Environment load took 67ns 
180644     INFO  main            d.u.i.k.p.i.AbstractProblemLoader Creating init config 
182989     DEBUG main            d.u.i.k.p.i.AbstractProblemLoader Init config took 2.34s 
183009     INFO  main            d.u.i.k.p.i.AbstractProblemLoader Replaying proof overflow_hija.key 
183011     DEBUG main            d.u.i.k.p.i.IntermediateProofReplayer Proof replay took 8.2ns 
187640     INFO  main            d.u.i.k.p.r.p.TestFile    ... finished proof: closed. 
187921     INFO  main            d.u.i.k.p.i.AbstractProblemLoader Loading environment from /home/runner/work/key/key/key.core/../key.ui/examples/standard_key/arith/overflow_hija.key.proof 
187921     DEBUG main            d.u.i.k.p.i.AbstractProblemLoader Environment load took 365.4ns 
187924     INFO  main            d.u.i.k.p.i.AbstractProblemLoader Creating init config 
190204     DEBUG main            d.u.i.k.p.i.AbstractProblemLoader Init config took 2.28s 
190221     INFO  main            d.u.i.k.p.i.AbstractProblemLoader Replaying proof overflow_hija.key.proof 
190241     DEBUG main            d.u.i.k.p.i.IntermediateProofReplayer Proof replay took 9.17ms 
190243     WARN  main            d.u.i.k.p.r.p.TestFile    Replay exception de.uka.ilkd.key.proof.io.ProblemLoaderException: Error loading proof.
Line 217, goal 71, rule expand_divJint not available or not applicable in this context.
	at de.uka.ilkd.key.proof.io.IntermediateProofReplayer.reportError(IntermediateProofReplayer.java:782)
Caused by: de.uka.ilkd.key.proof.io.IntermediateProofReplayer$TacletAppConstructionException: Wrong position information: Term subterm: [0,1,0] of update-application(parallel-upd(parallel-upd(parallel-upd(parallel-upd(elem-update(nano)(n_l_0),elem-update(mili)(m_l_0)),elem-update(n)(n_l_0)),elem-update(m)(m_l_0)),elem-update(c)(jdiv(n_l_0,Z(0(0(0(0(0(0(1(#))))))))))),\<{
  n = n - c * 1000000;
  m = m + c;
  if (m == 0) ;
  else if (m > 0) {
    if (n < 0) {
      n = n + 1000000;
      m = m - 1;
    }
  } else if (m < 0) {
    if (n > 0) {
      n = n - 1000000;
      m = m + 1;
    }
  }
  mili = m;
  nano = n;
}\> (and(and(and(and(and(imp(geq(mili,Z(1(#))),geq(nano,Z(0(#)))),imp(leq(mili,Z(neglit(1(#)))),leq(nano,Z(0(#))))),geq(nano,Z(neglit(9(9(9(9(9(9(#)))))))))),leq(nano,Z(9(9(9(9(9(9(#))))))))),equals(div(add(mul(n_l_0,Z(neglit(1(#)))),nano),Z(0(0(0(0(0(0(1(#))))))))),add(m_l_0,mul(mili,Z(neglit(1(#))))))),equals(nano,add(n_l_0,mul(div(n_l_0,Z(0(0(0(0(0(0(1(#))))))))),Z(neglit(0(0(0(0(0(0(1(#)))))))))))))))
	at de.uka.ilkd.key.proof.io.IntermediateProofReplayer.constructTacletApp(IntermediateProofReplayer.java:460)
Caused by: java.lang.NullPointerException: null
	at de.uka.ilkd.key.proof.io.IntermediateProofReplayer.constructTacletApp(IntermediateProofReplayer.java:456)

190244     DEBUG main            d.u.i.k.p.r.p.TestFile    Exception java.lang.Exception: Exception while loading proof (see cause for details): /home/runner/work/key/key/key.core/../key.ui/examples/standard_key/arith/overflow_hija.key.proof
	at de.uka.ilkd.key.proof.runallproofs.proofcollection.TestFile.reloadProof(TestFile.java:314)
Caused by: de.uka.ilkd.key.proof.io.ProblemLoaderException: Error loading proof.
Line 217, goal 71, rule expand_divJint not available or not applicable in this context.
	at de.uka.ilkd.key.proof.io.IntermediateProofReplayer.reportError(IntermediateProofReplayer.java:782)
Caused by: de.uka.ilkd.key.proof.io.IntermediateProofReplayer$TacletAppConstructionException: Wrong position information: Term subterm: [0,1,0] of update-application(parallel-upd(parallel-upd(parallel-upd(parallel-upd(elem-update(nano)(n_l_0),elem-update(mili)(m_l_0)),elem-update(n)(n_l_0)),elem-update(m)(m_l_0)),elem-update(c)(jdiv(n_l_0,Z(0(0(0(0(0(0(1(#))))))))))),\<{
  n = n - c * 1000000;
  m = m + c;
  if (m == 0) ;
  else if (m > 0) {
    if (n < 0) {
      n = n + 1000000;
      m = m - 1;
    }
  } else if (m < 0) {
    if (n > 0) {
      n = n - 1000000;
      m = m + 1;
    }
  }
  mili = m;
  nano = n;
}\> (and(and(and(and(and(imp(geq(mili,Z(1(#))),geq(nano,Z(0(#)))),imp(leq(mili,Z(neglit(1(#)))),leq(nano,Z(0(#))))),geq(nano,Z(neglit(9(9(9(9(9(9(#)))))))))),leq(nano,Z(9(9(9(9(9(9(#))))))))),equals(div(add(mul(n_l_0,Z(neglit(1(#)))),nano),Z(0(0(0(0(0(0(1(#))))))))),add(m_l_0,mul(mili,Z(neglit(1(#))))))),equals(nano,add(n_l_0,mul(div(n_l_0,Z(0(0(0(0(0(0(1(#))))))))),Z(neglit(0(0(0(0(0(0(1(#)))))))))))))))
	at de.uka.ilkd.key.proof.io.IntermediateProofReplayer.constructTacletApp(IntermediateProofReplayer.java:460)
Caused by: java.lang.NullPointerException: null
	at de.uka.ilkd.key.proof.io.IntermediateProofReplayer.constructTacletApp(IntermediateProofReplayer.java:456)

190245     WARN  main            d.u.i.k.p.r.p.ForkedTestFileRunner Run failed java.lang.Exception: Exception while loading proof (see cause for details): /home/runner/work/key/key/key.core/../key.ui/examples/standard_key/arith/overflow_hija.key.proof
	at de.uka.ilkd.key.proof.runallproofs.proofcollection.TestFile.reloadProof(TestFile.java:314)
Caused by: de.uka.ilkd.key.proof.io.ProblemLoaderException: Error loading proof.
Line 217, goal 71, rule expand_divJint not available or not applicable in this context.
	at de.uka.ilkd.key.proof.io.IntermediateProofReplayer.reportError(IntermediateProofReplayer.java:782)
Caused by: de.uka.ilkd.key.proof.io.IntermediateProofReplayer$TacletAppConstructionException: Wrong position information: Term subterm: [0,1,0] of update-application(parallel-upd(parallel-upd(parallel-upd(parallel-upd(elem-update(nano)(n_l_0),elem-update(mili)(m_l_0)),elem-update(n)(n_l_0)),elem-update(m)(m_l_0)),elem-update(c)(jdiv(n_l_0,Z(0(0(0(0(0(0(1(#))))))))))),\<{
  n = n - c * 1000000;
  m = m + c;
  if (m == 0) ;
  else if (m > 0) {
    if (n < 0) {
      n = n + 1000000;
      m = m - 1;
    }
  } else if (m < 0) {
    if (n > 0) {
      n = n - 1000000;
      m = m + 1;
    }
  }
  mili = m;
  nano = n;
}\> (and(and(and(and(and(imp(geq(mili,Z(1(#))),geq(nano,Z(0(#)))),imp(leq(mili,Z(neglit(1(#)))),leq(nano,Z(0(#))))),geq(nano,Z(neglit(9(9(9(9(9(9(#)))))))))),leq(nano,Z(9(9(9(9(9(9(#))))))))),equals(div(add(mul(n_l_0,Z(neglit(1(#)))),nano),Z(0(0(0(0(0(0(1(#))))))))),add(m_l_0,mul(mili,Z(neglit(1(#))))))),equals(nano,add(n_l_0,mul(div(n_l_0,Z(0(0(0(0(0(0(1(#))))))))),Z(neglit(0(0(0(0(0(0(1(#)))))))))))))))
	at de.uka.ilkd.key.proof.io.IntermediateProofReplayer.constructTacletApp(IntermediateProofReplayer.java:460)
Caused by: java.lang.NullPointerException: null
	at de.uka.ilkd.key.proof.io.IntermediateProofReplayer.constructTacletApp(IntermediateProofReplayer.java:456)

190247     INFO  main            d.u.i.k.p.r.p.TestFile    Now processing file /home/runner/work/key/key/key.core/../key.ui/examples/standard_key/arith/poly_division0.key 
190247     INFO  main            d.u.i.k.p.i.AbstractProblemLoader Loading environment from /home/runner/work/key/key/key.core/../key.ui/examples/standard_key/arith/poly_division0.key 
190247     DEBUG main            d.u.i.k.p.i.AbstractProblemLoader Environment load took 160.2ns 
190248     INFO  main            d.u.i.k.p.i.AbstractProblemLoader Creating init config 
192541     DEBUG main            d.u.i.k.p.i.AbstractProblemLoader Init config took 2.29s 
192554     INFO  main            d.u.i.k.p.i.AbstractProblemLoader Replaying proof poly_division0.key 
192555     DEBUG main            d.u.i.k.p.i.IntermediateProofReplayer Proof replay took 5.7ns 
192660     INFO  main            d.u.i.k.p.r.p.TestFile    ... finished proof: closed. 
192940     INFO  main            d.u.i.k.p.i.AbstractProblemLoader Loading environment from /home/runner/work/key/key/key.core/../key.ui/examples/standard_key/arith/poly_division0.key.proof 
192940     DEBUG main            d.u.i.k.p.i.AbstractProblemLoader Environment load took 96.1ns 
192941     INFO  main            d.u.i.k.p.i.AbstractProblemLoader Creating init config 
195189     DEBUG main            d.u.i.k.p.i.AbstractProblemLoader Init config took 2.25s 
195202     INFO  main            d.u.i.k.p.i.AbstractProblemLoader Replaying proof poly_division0.key.proof 
195211     DEBUG main            d.u.i.k.p.i.IntermediateProofReplayer Proof replay took 7.62ms 
195212     DEBUG main            d.u.i.k.p.r.p.TestFile    ... success: reloaded. 
195214     INFO  main            d.u.i.k.p.r.p.TestFile    Now processing file /home/runner/work/key/key/key.core/../key.ui/examples/standard_key/arith/poly_division1.key 
195214     INFO  main            d.u.i.k.p.i.AbstractProblemLoader Loading environment from /home/runner/work/key/key/key.core/../key.ui/examples/standard_key/arith/poly_division1.key 
195214     DEBUG main            d.u.i.k.p.i.AbstractProblemLoader Environment load took 63.2ns 
195215     INFO  main            d.u.i.k.p.i.AbstractProblemLoader Creating init config 
197503     DEBUG main            d.u.i.k.p.i.AbstractProblemLoader Init config took 2.29s 
197533     INFO  main            d.u.i.k.p.i.AbstractProblemLoader Replaying proof poly_division1.key 
197535     DEBUG main            d.u.i.k.p.i.IntermediateProofReplayer Proof replay took 7.1ns 
197637     INFO  main            d.u.i.k.p.r.p.TestFile    ... finished proof: closed. 
197872     INFO  main            d.u.i.k.p.i.AbstractProblemLoader Loading environment from /home/runner/work/key/key/key.core/../key.ui/examples/standard_key/arith/poly_division1.key.proof 
197873     DEBUG main            d.u.i.k.p.i.AbstractProblemLoader Environment load took 96.9ns 
197874     INFO  main            d.u.i.k.p.i.AbstractProblemLoader Creating init config 
200159     DEBUG main            d.u.i.k.p.i.AbstractProblemLoader Init config took 2.28s 
200173     INFO  main            d.u.i.k.p.i.AbstractProblemLoader Replaying proof poly_division1.key.proof 
200180     DEBUG main            d.u.i.k.p.i.IntermediateProofReplayer Proof replay took 5.74ms 
200181     DEBUG main            d.u.i.k.p.r.p.TestFile    ... success: reloaded. 
200183     INFO  main            d.u.i.k.p.r.p.TestFile    Now processing file /home/runner/work/key/key/key.core/../key.ui/examples/standard_key/inEqSimp/division.key 
200183     INFO  main            d.u.i.k.p.i.AbstractProblemLoader Loading environment from /home/runner/work/key/key/key.core/../key.ui/examples/standard_key/inEqSimp/division.key 
200183     DEBUG main            d.u.i.k.p.i.AbstractProblemLoader Environment load took 86.4ns 
200184     INFO  main            d.u.i.k.p.i.AbstractProblemLoader Creating init config 
202482     DEBUG main            d.u.i.k.p.i.AbstractProblemLoader Init config took 2.3s 
202494     INFO  main            d.u.i.k.p.i.AbstractProblemLoader Replaying proof division.key 
202496     DEBUG main            d.u.i.k.p.i.IntermediateProofReplayer Proof replay took 7ns 
204512     INFO  main            d.u.i.k.p.r.p.TestFile    ... finished proof: closed. 
204763     INFO  main            d.u.i.k.p.i.AbstractProblemLoader Loading environment from /home/runner/work/key/key/key.core/../key.ui/examples/standard_key/inEqSimp/division.key.proof 
204763     DEBUG main            d.u.i.k.p.i.AbstractProblemLoader Environment load took 359.2ns 
204765     INFO  main            d.u.i.k.p.i.AbstractProblemLoader Creating init config 
207031     DEBUG main            d.u.i.k.p.i.AbstractProblemLoader Init config took 2.27s 
207045     INFO  main            d.u.i.k.p.i.AbstractProblemLoader Replaying proof division.key.proof 
207118     DEBUG main            d.u.i.k.p.i.IntermediateProofReplayer Proof replay took 64.73ms 
207119     DEBUG main            d.u.i.k.p.r.p.TestFile    ... success: reloaded. 
207121     INFO  main            d.u.i.k.p.r.p.TestFile    Now processing file /home/runner/work/key/key/key.core/../key.ui/examples/standard_key/inEqSimp/inequations0.key 
207122     INFO  main            d.u.i.k.p.i.AbstractProblemLoader Loading environment from /home/runner/work/key/key/key.core/../key.ui/examples/standard_key/inEqSimp/inequations0.key 
207122     DEBUG main            d.u.i.k.p.i.AbstractProblemLoader Environment load took 189.5ns 
207123     INFO  main            d.u.i.k.p.i.AbstractProblemLoader Creating init config 
209425     DEBUG main            d.u.i.k.p.i.AbstractProblemLoader Init config took 2.3s 
209438     INFO  main            d.u.i.k.p.i.AbstractProblemLoader Replaying proof inequations0.key 
209439     DEBUG main            d.u.i.k.p.i.IntermediateProofReplayer Proof replay took 6.3ns 
209542     INFO  main            d.u.i.k.p.r.p.TestFile    ... finished proof: closed. 
209811     INFO  main            d.u.i.k.p.i.AbstractProblemLoader Loading environment from /home/runner/work/key/key/key.core/../key.ui/examples/standard_key/inEqSimp/inequations0.key.proof 
209812     DEBUG main            d.u.i.k.p.i.AbstractProblemLoader Environment load took 91.4ns 
209813     INFO  main            d.u.i.k.p.i.AbstractProblemLoader Creating init config 
212049     DEBUG main            d.u.i.k.p.i.AbstractProblemLoader Init config took 2.24s 
212063     INFO  main            d.u.i.k.p.i.AbstractProblemLoader Replaying proof inequations0.key.proof 
212066     DEBUG main            d.u.i.k.p.i.IntermediateProofReplayer Proof replay took 2.02ms 
212067     DEBUG main            d.u.i.k.p.r.p.TestFile    ... success: reloaded. 
212069     INFO  main            d.u.i.k.p.r.p.TestFile    Now processing file /home/runner/work/key/key/key.core/../key.ui/examples/standard_key/inEqSimp/inequations1.key 
212069     INFO  main            d.u.i.k.p.i.AbstractProblemLoader Loading environment from /home/runner/work/key/key/key.core/../key.ui/examples/standard_key/inEqSimp/inequations1.key 
212070     DEBUG main            d.u.i.k.p.i.AbstractProblemLoader Environment load took 383.4ns 
212071     INFO  main            d.u.i.k.p.i.AbstractProblemLoader Creating init config 
214376     DEBUG main            d.u.i.k.p.i.AbstractProblemLoader Init config took 2.31s 
214388     INFO  main            d.u.i.k.p.i.AbstractProblemLoader Replaying proof inequations1.key 
214389     DEBUG main            d.u.i.k.p.i.IntermediateProofReplayer Proof replay took 6.4ns 
214491     INFO  main            d.u.i.k.p.r.p.TestFile    ... finished proof: closed. 
214735     INFO  main            d.u.i.k.p.i.AbstractProblemLoader Loading environment from /home/runner/work/key/key/key.core/../key.ui/examples/standard_key/inEqSimp/inequations1.key.proof 
214735     DEBUG main            d.u.i.k.p.i.AbstractProblemLoader Environment load took 85ns 
214736     INFO  main            d.u.i.k.p.i.AbstractProblemLoader Creating init config 
216986     DEBUG main            d.u.i.k.p.i.AbstractProblemLoader Init config took 2.25s 
216998     INFO  main            d.u.i.k.p.i.AbstractProblemLoader Replaying proof inequations1.key.proof 
217001     DEBUG main            d.u.i.k.p.i.IntermediateProofReplayer Proof replay took 1.24ms 
217002     DEBUG main            d.u.i.k.p.r.p.TestFile    ... success: reloaded. 
217003     INFO  main            d.u.i.k.p.r.p.TestFile    Now processing file /home/runner/work/key/key/key.core/../key.ui/examples/standard_key/inEqSimp/inequations2.key 
217003     INFO  main            d.u.i.k.p.i.AbstractProblemLoader Loading environment from /home/runner/work/key/key/key.core/../key.ui/examples/standard_key/inEqSimp/inequations2.key 
217004     DEBUG main            d.u.i.k.p.i.AbstractProblemLoader Environment load took 136.4ns 
217004     INFO  main            d.u.i.k.p.i.AbstractProblemLoader Creating init config 
219284     DEBUG main            d.u.i.k.p.i.AbstractProblemLoader Init config took 2.28s 
219297     INFO  main            d.u.i.k.p.i.AbstractProblemLoader Replaying proof inequations2.key 
219298     DEBUG main            d.u.i.k.p.i.IntermediateProofReplayer Proof replay took 5.9ns 
219399     INFO  main            d.u.i.k.p.r.p.TestFile    ... finished proof: closed. 
219661     INFO  main            d.u.i.k.p.i.AbstractProblemLoader Loading environment from /home/runner/work/key/key/key.core/../key.ui/examples/standard_key/inEqSimp/inequations2.key.proof 
219661     DEBUG main            d.u.i.k.p.i.AbstractProblemLoader Environment load took 104.9ns 
219662     INFO  main            d.u.i.k.p.i.AbstractProblemLoader Creating init config 
221901     DEBUG main            d.u.i.k.p.i.AbstractProblemLoader Init config took 2.24s 
221913     INFO  main            d.u.i.k.p.i.AbstractProblemLoader Replaying proof inequations2.key.proof 
221916     DEBUG main            d.u.i.k.p.i.IntermediateProofReplayer Proof replay took 1.46ms 
221917     DEBUG main            d.u.i.k.p.r.p.TestFile    ... success: reloaded. 
221918     INFO  main            d.u.i.k.p.r.p.TestFile    Now processing file /home/runner/work/key/key/key.core/../key.ui/examples/standard_key/inEqSimp/linApprox.key 
221918     INFO  main            d.u.i.k.p.i.AbstractProblemLoader Loading environment from /home/runner/work/key/key/key.core/../key.ui/examples/standard_key/inEqSimp/linApprox.key 
221919     DEBUG main            d.u.i.k.p.i.AbstractProblemLoader Environment load took 63.5ns 
221919     INFO  main            d.u.i.k.p.i.AbstractProblemLoader Creating init config 
224229     DEBUG main            d.u.i.k.p.i.AbstractProblemLoader Init config took 2.31s 
224241     INFO  main            d.u.i.k.p.i.AbstractProblemLoader Replaying proof linApprox.key 
224243     DEBUG main            d.u.i.k.p.i.IntermediateProofReplayer Proof replay took 6.8ns 
224345     INFO  main            d.u.i.k.p.r.p.TestFile    ... finished proof: closed. 
224608     INFO  main            d.u.i.k.p.i.AbstractProblemLoader Loading environment from /home/runner/work/key/key/key.core/../key.ui/examples/standard_key/inEqSimp/linApprox.key.proof 
224608     DEBUG main            d.u.i.k.p.i.AbstractProblemLoader Environment load took 90.2ns 
224609     INFO  main            d.u.i.k.p.i.AbstractProblemLoader Creating init config 
226853     DEBUG main            d.u.i.k.p.i.AbstractProblemLoader Init config took 2.24s 
226865     INFO  main            d.u.i.k.p.i.AbstractProblemLoader Replaying proof linApprox.key.proof 
226870     DEBUG main            d.u.i.k.p.i.IntermediateProofReplayer Proof replay took 2.57ms 
226871     DEBUG main            d.u.i.k.p.r.p.TestFile    ... success: reloaded. 
226873     INFO  main            d.u.i.k.p.r.p.TestFile    Now processing file /home/runner/work/key/key/key.core/../key.ui/examples/standard_key/inEqSimp/nonLinInEqExample0.key 
226873     INFO  main            d.u.i.k.p.i.AbstractProblemLoader Loading environment from /home/runner/work/key/key/key.core/../key.ui/examples/standard_key/inEqSimp/nonLinInEqExample0.key 
226873     DEBUG main            d.u.i.k.p.i.AbstractProblemLoader Environment load took 50.4ns 
226874     INFO  main            d.u.i.k.p.i.AbstractProblemLoader Creating init config 
229154     DEBUG main            d.u.i.k.p.i.AbstractProblemLoader Init config took 2.28s 
229166     INFO  main            d.u.i.k.p.i.AbstractProblemLoader Replaying proof nonLinInEqExample0.key 
229167     DEBUG main            d.u.i.k.p.i.IntermediateProofReplayer Proof replay took 6.9ns 
229269     INFO  main            d.u.i.k.p.r.p.TestFile    ... finished proof: closed. 
229527     INFO  main            d.u.i.k.p.i.AbstractProblemLoader Loading environment from /home/runner/work/key/key/key.core/../key.ui/examples/standard_key/inEqSimp/nonLinInEqExample0.key.proof 
229527     DEBUG main            d.u.i.k.p.i.AbstractProblemLoader Environment load took 86.1ns 
229529     INFO  main            d.u.i.k.p.i.AbstractProblemLoader Creating init config 
231755     DEBUG main            d.u.i.k.p.i.AbstractProblemLoader Init config took 2.23s 
231767     INFO  main            d.u.i.k.p.i.AbstractProblemLoader Replaying proof nonLinInEqExample0.key.proof 
231770     DEBUG main            d.u.i.k.p.i.IntermediateProofReplayer Proof replay took 892.6ns 
231770     DEBUG main            d.u.i.k.p.r.p.TestFile    ... success: reloaded. 
231773     INFO  main            d.u.i.k.p.r.p.TestFile    Now processing file /home/runner/work/key/key/key.core/../key.ui/examples/standard_key/inEqSimp/nonLinInEqExample2.key 
231773     INFO  main            d.u.i.k.p.i.AbstractProblemLoader Loading environment from /home/runner/work/key/key/key.core/../key.ui/examples/standard_key/inEqSimp/nonLinInEqExample2.key 
231773     DEBUG main            d.u.i.k.p.i.AbstractProblemLoader Environment load took 156.5ns 
231774     INFO  main            d.u.i.k.p.i.AbstractProblemLoader Creating init config 
234060     DEBUG main            d.u.i.k.p.i.AbstractProblemLoader Init config took 2.29s 
234087     INFO  main            d.u.i.k.p.i.AbstractProblemLoader Replaying proof nonLinInEqExample2.key 
234089     DEBUG main            d.u.i.k.p.i.IntermediateProofReplayer Proof replay took 7.7ns 
234392     INFO  main            d.u.i.k.p.r.p.TestFile    ... finished proof: closed. 
234666     INFO  main            d.u.i.k.p.i.AbstractProblemLoader Loading environment from /home/runner/work/key/key/key.core/../key.ui/examples/standard_key/inEqSimp/nonLinInEqExample2.key.proof 
234666     DEBUG main            d.u.i.k.p.i.AbstractProblemLoader Environment load took 91.1ns 
234668     INFO  main            d.u.i.k.p.i.AbstractProblemLoader Creating init config 
236898     DEBUG main            d.u.i.k.p.i.AbstractProblemLoader Init config took 2.23s 
236911     INFO  main            d.u.i.k.p.i.AbstractProblemLoader Replaying proof nonLinInEqExample2.key.proof 
236942     DEBUG main            d.u.i.k.p.i.IntermediateProofReplayer Proof replay took 28.1ms 
236944     DEBUG main            d.u.i.k.p.r.p.TestFile    ... success: reloaded. 
236946     INFO  main            d.u.i.k.p.r.p.TestFile    Now processing file /home/runner/work/key/key/key.core/../key.ui/examples/standard_key/inEqSimp/nonLinInEqExample3.key 
236946     INFO  main            d.u.i.k.p.i.AbstractProblemLoader Loading environment from /home/runner/work/key/key/key.core/../key.ui/examples/standard_key/inEqSimp/nonLinInEqExample3.key 
236946     DEBUG main            d.u.i.k.p.i.AbstractProblemLoader Environment load took 78.9ns 
236947     INFO  main            d.u.i.k.p.i.AbstractProblemLoader Creating init config 
239248     DEBUG main            d.u.i.k.p.i.AbstractProblemLoader Init config took 2.3s 
239260     INFO  main            d.u.i.k.p.i.AbstractProblemLoader Replaying proof nonLinInEqExample3.key 
239261     DEBUG main            d.u.i.k.p.i.IntermediateProofReplayer Proof replay took 7.2ns 
239466     INFO  main            d.u.i.k.p.r.p.TestFile    ... finished proof: closed. 
239763     INFO  main            d.u.i.k.p.i.AbstractProblemLoader Loading environment from /home/runner/work/key/key/key.core/../key.ui/examples/standard_key/inEqSimp/nonLinInEqExample3.key.proof 
239763     DEBUG main            d.u.i.k.p.i.AbstractProblemLoader Environment load took 97.9ns 
239764     INFO  main            d.u.i.k.p.i.AbstractProblemLoader Creating init config 
242006     DEBUG main            d.u.i.k.p.i.AbstractProblemLoader Init config took 2.24s 
242020     INFO  main            d.u.i.k.p.i.AbstractProblemLoader Replaying proof nonLinInEqExample3.key.proof 
242038     DEBUG main            d.u.i.k.p.i.IntermediateProofReplayer Proof replay took 15.55ms 
242039     DEBUG main            d.u.i.k.p.r.p.TestFile    ... success: reloaded. 
242041     INFO  main            d.u.i.k.p.r.p.TestFile    Now processing file /home/runner/work/key/key/key.core/../key.ui/examples/standard_key/inEqSimp/nonLinInEqExample4.key 
242042     INFO  main            d.u.i.k.p.i.AbstractProblemLoader Loading environment from /home/runner/work/key/key/key.core/../key.ui/examples/standard_key/inEqSimp/nonLinInEqExample4.key 
242042     DEBUG main            d.u.i.k.p.i.AbstractProblemLoader Environment load took 159.4ns 
242043     INFO  main            d.u.i.k.p.i.AbstractProblemLoader Creating init config 
244319     DEBUG main            d.u.i.k.p.i.AbstractProblemLoader Init config took 2.28s 
244331     INFO  main            d.u.i.k.p.i.AbstractProblemLoader Replaying proof nonLinInEqExample4.key 
244333     DEBUG main            d.u.i.k.p.i.IntermediateProofReplayer Proof replay took 7.7ns 
244434     INFO  main            d.u.i.k.p.r.p.TestFile    ... finished proof: closed. 
244721     INFO  main            d.u.i.k.p.i.AbstractProblemLoader Loading environment from /home/runner/work/key/key/key.core/../key.ui/examples/standard_key/inEqSimp/nonLinInEqExample4.key.proof 
244721     DEBUG main            d.u.i.k.p.i.AbstractProblemLoader Environment load took 87.5ns 
244722     INFO  main            d.u.i.k.p.i.AbstractProblemLoader Creating init config 
246963     DEBUG main            d.u.i.k.p.i.AbstractProblemLoader Init config took 2.24s 
246975     INFO  main            d.u.i.k.p.i.AbstractProblemLoader Replaying proof nonLinInEqExample4.key.proof 
246980     DEBUG main            d.u.i.k.p.i.IntermediateProofReplayer Proof replay took 3.18ms 
246981     DEBUG main            d.u.i.k.p.r.p.TestFile    ... success: reloaded. 
246983     INFO  main            d.u.i.k.p.r.p.TestFile    Now processing file /home/runner/work/key/key/key.core/../key.ui/examples/standard_key/inEqSimp/quadraticInEq.key 
246983     INFO  main            d.u.i.k.p.i.AbstractProblemLoader Loading environment from /home/runner/work/key/key/key.core/../key.ui/examples/standard_key/inEqSimp/quadraticInEq.key 
246983     DEBUG main            d.u.i.k.p.i.AbstractProblemLoader Environment load took 71.3ns 
246984     INFO  main            d.u.i.k.p.i.AbstractProblemLoader Creating init config 
249262     DEBUG main            d.u.i.k.p.i.AbstractProblemLoader Init config took 2.28s 
249274     INFO  main            d.u.i.k.p.i.AbstractProblemLoader Replaying proof quadraticInEq.key 
249276     DEBUG main            d.u.i.k.p.i.IntermediateProofReplayer Proof replay took 7.2ns 
249580     INFO  main            d.u.i.k.p.r.p.TestFile    ... finished proof: closed. 
249880     INFO  main            d.u.i.k.p.i.AbstractProblemLoader Loading environment from /home/runner/work/key/key/key.core/../key.ui/examples/standard_key/inEqSimp/quadraticInEq.key.proof 
249880     DEBUG main            d.u.i.k.p.i.AbstractProblemLoader Environment load took 149.7ns 
249885     INFO  main            d.u.i.k.p.i.AbstractProblemLoader Creating init config 
252135     DEBUG main            d.u.i.k.p.i.AbstractProblemLoader Init config took 2.25s 
252149     INFO  main            d.u.i.k.p.i.AbstractProblemLoader Replaying proof quadraticInEq.key.proof 
252187     DEBUG main            d.u.i.k.p.i.IntermediateProofReplayer Proof replay took 34.21ms 
252189     DEBUG main            d.u.i.k.p.r.p.TestFile    ... success: reloaded. 
252192     INFO  main            d.u.i.k.p.r.p.TestFile    Now processing file /home/runner/work/key/key/key.core/../key.ui/examples/standard_key/inEqSimp/quadraticInEq10.key 
252193     INFO  main            d.u.i.k.p.i.AbstractProblemLoader Loading environment from /home/runner/work/key/key/key.core/../key.ui/examples/standard_key/inEqSimp/quadraticInEq10.key 
252193     DEBUG main            d.u.i.k.p.i.AbstractProblemLoader Environment load took 98.7ns 
252194     INFO  main            d.u.i.k.p.i.AbstractProblemLoader Creating init config 
254476     DEBUG main            d.u.i.k.p.i.AbstractProblemLoader Init config took 2.28s 
254488     INFO  main            d.u.i.k.p.i.AbstractProblemLoader Replaying proof quadraticInEq10.key 
254489     DEBUG main            d.u.i.k.p.i.IntermediateProofReplayer Proof replay took 7.1ns 
254692     INFO  main            d.u.i.k.p.r.p.TestFile    ... finished proof: closed. 
254979     INFO  main            d.u.i.k.p.i.AbstractProblemLoader Loading environment from /home/runner/work/key/key/key.core/../key.ui/examples/standard_key/inEqSimp/quadraticInEq10.key.proof 
254980     DEBUG main            d.u.i.k.p.i.AbstractProblemLoader Environment load took 84.3ns 
254981     INFO  main            d.u.i.k.p.i.AbstractProblemLoader Creating init config 
257216     DEBUG main            d.u.i.k.p.i.AbstractProblemLoader Init config took 2.24s 
257228     INFO  main            d.u.i.k.p.i.AbstractProblemLoader Replaying proof quadraticInEq10.key.proof 
257242     DEBUG main            d.u.i.k.p.i.IntermediateProofReplayer Proof replay took 11.87ms 
257243     DEBUG main            d.u.i.k.p.r.p.TestFile    ... success: reloaded. 
257245     INFO  main            d.u.i.k.p.r.p.TestFile    Now processing file /home/runner/work/key/key/key.core/../key.ui/examples/standard_key/inEqSimp/quadraticInEq13.key 
257246     INFO  main            d.u.i.k.p.i.AbstractProblemLoader Loading environment from /home/runner/work/key/key/key.core/../key.ui/examples/standard_key/inEqSimp/quadraticInEq13.key 
257246     DEBUG main            d.u.i.k.p.i.AbstractProblemLoader Environment load took 63.1ns 
257247     INFO  main            d.u.i.k.p.i.AbstractProblemLoader Creating init config 
259559     DEBUG main            d.u.i.k.p.i.AbstractProblemLoader Init config took 2.31s 
259572     INFO  main            d.u.i.k.p.i.AbstractProblemLoader Replaying proof quadraticInEq13.key 
259574     DEBUG main            d.u.i.k.p.i.IntermediateProofReplayer Proof replay took 7ns 
259776     INFO  main            d.u.i.k.p.r.p.TestFile    ... finished proof: closed. 
260078     INFO  main            d.u.i.k.p.i.AbstractProblemLoader Loading environment from /home/runner/work/key/key/key.core/../key.ui/examples/standard_key/inEqSimp/quadraticInEq13.key.proof 
260078     DEBUG main            d.u.i.k.p.i.AbstractProblemLoader Environment load took 82.1ns 
260079     INFO  main            d.u.i.k.p.i.AbstractProblemLoader Creating init config 
262315     DEBUG main            d.u.i.k.p.i.AbstractProblemLoader Init config took 2.24s 
262327     INFO  main            d.u.i.k.p.i.AbstractProblemLoader Replaying proof quadraticInEq13.key.proof 
262345     DEBUG main            d.u.i.k.p.i.IntermediateProofReplayer Proof replay took 15.19ms 
262345     DEBUG main            d.u.i.k.p.r.p.TestFile    ... success: reloaded. 
262347     INFO  main            d.u.i.k.p.r.p.TestFile    Now processing file /home/runner/work/key/key/key.core/../key.ui/examples/standard_key/inEqSimp/quadraticInEq14.key 
262347     INFO  main            d.u.i.k.p.i.AbstractProblemLoader Loading environment from /home/runner/work/key/key/key.core/../key.ui/examples/standard_key/inEqSimp/quadraticInEq14.key 
262348     DEBUG main            d.u.i.k.p.i.AbstractProblemLoader Environment load took 73.4ns 
262349     INFO  main            d.u.i.k.p.i.AbstractProblemLoader Creating init config 
264642     DEBUG main            d.u.i.k.p.i.AbstractProblemLoader Init config took 2.29s 
264654     INFO  main            d.u.i.k.p.i.AbstractProblemLoader Replaying proof quadraticInEq14.key 
264656     DEBUG main            d.u.i.k.p.i.IntermediateProofReplayer Proof replay took 6.9ns 
264959     INFO  main            d.u.i.k.p.r.p.TestFile    ... finished proof: closed. 
265280     INFO  main            d.u.i.k.p.i.AbstractProblemLoader Loading environment from /home/runner/work/key/key/key.core/../key.ui/examples/standard_key/inEqSimp/quadraticInEq14.key.proof 
265280     DEBUG main            d.u.i.k.p.i.AbstractProblemLoader Environment load took 92.4ns 
265281     INFO  main            d.u.i.k.p.i.AbstractProblemLoader Creating init config 
267513     DEBUG main            d.u.i.k.p.i.AbstractProblemLoader Init config took 2.23s 
267525     INFO  main            d.u.i.k.p.i.AbstractProblemLoader Replaying proof quadraticInEq14.key.proof 
267546     DEBUG main            d.u.i.k.p.i.IntermediateProofReplayer Proof replay took 18.29ms 
267547     DEBUG main            d.u.i.k.p.r.p.TestFile    ... success: reloaded. 
267549     INFO  main            d.u.i.k.p.r.p.TestFile    Now processing file /home/runner/work/key/key/key.core/../key.ui/examples/standard_key/inEqSimp/quadraticInEq2.key 
267549     INFO  main            d.u.i.k.p.i.AbstractProblemLoader Loading environment from /home/runner/work/key/key/key.core/../key.ui/examples/standard_key/inEqSimp/quadraticInEq2.key 
267549     DEBUG main            d.u.i.k.p.i.AbstractProblemLoader Environment load took 71.3ns 
267550     INFO  main            d.u.i.k.p.i.AbstractProblemLoader Creating init config 
269849     DEBUG main            d.u.i.k.p.i.AbstractProblemLoader Init config took 2.3s 
269861     INFO  main            d.u.i.k.p.i.AbstractProblemLoader Replaying proof quadraticInEq2.key 
269863     DEBUG main            d.u.i.k.p.i.IntermediateProofReplayer Proof replay took 6.2ns 
269965     INFO  main            d.u.i.k.p.r.p.TestFile    ... finished proof: closed. 
270274     INFO  main            d.u.i.k.p.i.AbstractProblemLoader Loading environment from /home/runner/work/key/key/key.core/../key.ui/examples/standard_key/inEqSimp/quadraticInEq2.key.proof 
270274     DEBUG main            d.u.i.k.p.i.AbstractProblemLoader Environment load took 82.5ns 
270275     INFO  main            d.u.i.k.p.i.AbstractProblemLoader Creating init config 
272509     DEBUG main            d.u.i.k.p.i.AbstractProblemLoader Init config took 2.23s 
272521     INFO  main            d.u.i.k.p.i.AbstractProblemLoader Replaying proof quadraticInEq2.key.proof 
272525     DEBUG main            d.u.i.k.p.i.IntermediateProofReplayer Proof replay took 1.97ms 
272525     DEBUG main            d.u.i.k.p.r.p.TestFile    ... success: reloaded. 
272527     INFO  main            d.u.i.k.p.r.p.TestFile    Now processing file /home/runner/work/key/key/key.core/../key.ui/examples/standard_key/inEqSimp/quadraticInEq3.key 
272527     INFO  main            d.u.i.k.p.i.AbstractProblemLoader Loading environment from /home/runner/work/key/key/key.core/../key.ui/examples/standard_key/inEqSimp/quadraticInEq3.key 
272527     DEBUG main            d.u.i.k.p.i.AbstractProblemLoader Environment load took 44.2ns 
272528     INFO  main            d.u.i.k.p.i.AbstractProblemLoader Creating init config 
274808     DEBUG main            d.u.i.k.p.i.AbstractProblemLoader Init config took 2.28s 
274819     INFO  main            d.u.i.k.p.i.AbstractProblemLoader Replaying proof quadraticInEq3.key 
274821     DEBUG main            d.u.i.k.p.i.IntermediateProofReplayer Proof replay took 7.6ns 
274933     INFO  main            d.u.i.k.p.r.p.TestFile    ... finished proof: closed. 
275243     INFO  main            d.u.i.k.p.i.AbstractProblemLoader Loading environment from /home/runner/work/key/key/key.core/../key.ui/examples/standard_key/inEqSimp/quadraticInEq3.key.proof 
275243     DEBUG main            d.u.i.k.p.i.AbstractProblemLoader Environment load took 86.8ns 
275244     INFO  main            d.u.i.k.p.i.AbstractProblemLoader Creating init config 
277469     DEBUG main            d.u.i.k.p.i.AbstractProblemLoader Init config took 2.22s 
277480     INFO  main            d.u.i.k.p.i.AbstractProblemLoader Replaying proof quadraticInEq3.key.proof 
277487     DEBUG main            d.u.i.k.p.i.IntermediateProofReplayer Proof replay took 4.78ms 
277487     DEBUG main            d.u.i.k.p.r.p.TestFile    ... success: reloaded. 
277489     INFO  main            d.u.i.k.p.r.p.TestFile    Now processing file /home/runner/work/key/key/key.core/../key.ui/examples/standard_key/inEqSimp/quadraticInEq4.key 
277489     INFO  main            d.u.i.k.p.i.AbstractProblemLoader Loading environment from /home/runner/work/key/key/key.core/../key.ui/examples/standard_key/inEqSimp/quadraticInEq4.key 
277489     DEBUG main            d.u.i.k.p.i.AbstractProblemLoader Environment load took 84.7ns 
277490     INFO  main            d.u.i.k.p.i.AbstractProblemLoader Creating init config 
279777     DEBUG main            d.u.i.k.p.i.AbstractProblemLoader Init config took 2.29s 
279789     INFO  main            d.u.i.k.p.i.AbstractProblemLoader Replaying proof quadraticInEq4.key 
279790     DEBUG main            d.u.i.k.p.i.IntermediateProofReplayer Proof replay took 6.5ns 
279892     INFO  main            d.u.i.k.p.r.p.TestFile    ... finished proof: closed. 
280225     INFO  main            d.u.i.k.p.i.AbstractProblemLoader Loading environment from /home/runner/work/key/key/key.core/../key.ui/examples/standard_key/inEqSimp/quadraticInEq4.key.proof 
280225     DEBUG main            d.u.i.k.p.i.AbstractProblemLoader Environment load took 77.2ns 
280226     INFO  main            d.u.i.k.p.i.AbstractProblemLoader Creating init config 
282454     DEBUG main            d.u.i.k.p.i.AbstractProblemLoader Init config took 2.23s 
282466     INFO  main            d.u.i.k.p.i.AbstractProblemLoader Replaying proof quadraticInEq4.key.proof 
282471     DEBUG main            d.u.i.k.p.i.IntermediateProofReplayer Proof replay took 4.02ms 
282472     DEBUG main            d.u.i.k.p.r.p.TestFile    ... success: reloaded. 
282474     INFO  main            d.u.i.k.p.r.p.TestFile    Now processing file /home/runner/work/key/key/key.core/../key.ui/examples/standard_key/inEqSimp/quadraticInEq5.key 
282474     INFO  main            d.u.i.k.p.i.AbstractProblemLoader Loading environment from /home/runner/work/key/key/key.core/../key.ui/examples/standard_key/inEqSimp/quadraticInEq5.key 
282474     DEBUG main            d.u.i.k.p.i.AbstractProblemLoader Environment load took 76.2ns 
282475     INFO  main            d.u.i.k.p.i.AbstractProblemLoader Creating init config 
284748     DEBUG main            d.u.i.k.p.i.AbstractProblemLoader Init config took 2.27s 
284760     INFO  main            d.u.i.k.p.i.AbstractProblemLoader Replaying proof quadraticInEq5.key 
284762     DEBUG main            d.u.i.k.p.i.IntermediateProofReplayer Proof replay took 6.9ns 
284863     INFO  main            d.u.i.k.p.r.p.TestFile    ... finished proof: closed. 
285175     INFO  main            d.u.i.k.p.i.AbstractProblemLoader Loading environment from /home/runner/work/key/key/key.core/../key.ui/examples/standard_key/inEqSimp/quadraticInEq5.key.proof 
285175     DEBUG main            d.u.i.k.p.i.AbstractProblemLoader Environment load took 82ns 
285176     INFO  main            d.u.i.k.p.i.AbstractProblemLoader Creating init config 
287401     DEBUG main            d.u.i.k.p.i.AbstractProblemLoader Init config took 2.23s 
287413     INFO  main            d.u.i.k.p.i.AbstractProblemLoader Replaying proof quadraticInEq5.key.proof 
287419     DEBUG main            d.u.i.k.p.i.IntermediateProofReplayer Proof replay took 3.99ms 
287420     DEBUG main            d.u.i.k.p.r.p.TestFile    ... success: reloaded. 
287421     INFO  main            d.u.i.k.p.r.p.TestFile    Now processing file /home/runner/work/key/key/key.core/../key.ui/examples/standard_key/inEqSimp/quadraticInEq6.key 
287421     INFO  main            d.u.i.k.p.i.AbstractProblemLoader Loading environment from /home/runner/work/key/key/key.core/../key.ui/examples/standard_key/inEqSimp/quadraticInEq6.key 
287421     DEBUG main            d.u.i.k.p.i.AbstractProblemLoader Environment load took 46.2ns 
287422     INFO  main            d.u.i.k.p.i.AbstractProblemLoader Creating init config 
289695     DEBUG main            d.u.i.k.p.i.AbstractProblemLoader Init config took 2.27s 
289721     INFO  main            d.u.i.k.p.i.AbstractProblemLoader Replaying proof quadraticInEq6.key 
289722     DEBUG main            d.u.i.k.p.i.IntermediateProofReplayer Proof replay took 6.9ns 
289824     INFO  main            d.u.i.k.p.r.p.TestFile    ... finished proof: closed. 
290136     INFO  main            d.u.i.k.p.i.AbstractProblemLoader Loading environment from /home/runner/work/key/key/key.core/../key.ui/examples/standard_key/inEqSimp/quadraticInEq6.key.proof 
290136     DEBUG main            d.u.i.k.p.i.AbstractProblemLoader Environment load took 205.1ns 
290137     INFO  main            d.u.i.k.p.i.AbstractProblemLoader Creating init config 
292374     DEBUG main            d.u.i.k.p.i.AbstractProblemLoader Init config took 2.24s 
292386     INFO  main            d.u.i.k.p.i.AbstractProblemLoader Replaying proof quadraticInEq6.key.proof 
292391     DEBUG main            d.u.i.k.p.i.IntermediateProofReplayer Proof replay took 3.56ms 
292392     DEBUG main            d.u.i.k.p.r.p.TestFile    ... success: reloaded. 
292393     INFO  main            d.u.i.k.p.r.p.TestFile    Now processing file /home/runner/work/key/key/key.core/../key.ui/examples/standard_key/inEqSimp/quadraticInEq7.key 
292393     INFO  main            d.u.i.k.p.i.AbstractProblemLoader Loading environment from /home/runner/work/key/key/key.core/../key.ui/examples/standard_key/inEqSimp/quadraticInEq7.key 
292394     DEBUG main            d.u.i.k.p.i.AbstractProblemLoader Environment load took 60.6ns 
292394     INFO  main            d.u.i.k.p.i.AbstractProblemLoader Creating init config 
294677     DEBUG main            d.u.i.k.p.i.AbstractProblemLoader Init config took 2.28s 
294689     INFO  main            d.u.i.k.p.i.AbstractProblemLoader Replaying proof quadraticInEq7.key 
294690     DEBUG main            d.u.i.k.p.i.IntermediateProofReplayer Proof replay took 6.9ns 
294793     INFO  main            d.u.i.k.p.r.p.TestFile    ... finished proof: closed. 
295116     INFO  main            d.u.i.k.p.i.AbstractProblemLoader Loading environment from /home/runner/work/key/key/key.core/../key.ui/examples/standard_key/inEqSimp/quadraticInEq7.key.proof 
295116     DEBUG main            d.u.i.k.p.i.AbstractProblemLoader Environment load took 73.6ns 
295117     INFO  main            d.u.i.k.p.i.AbstractProblemLoader Creating init config 
297356     DEBUG main            d.u.i.k.p.i.AbstractProblemLoader Init config took 2.24s 
297368     INFO  main            d.u.i.k.p.i.AbstractProblemLoader Replaying proof quadraticInEq7.key.proof 
297372     DEBUG main            d.u.i.k.p.i.IntermediateProofReplayer Proof replay took 2.02ms 
297373     DEBUG main            d.u.i.k.p.r.p.TestFile    ... success: reloaded. 
297374     INFO  main            d.u.i.k.p.r.p.TestFile    Now processing file /home/runner/work/key/key/key.core/../key.ui/examples/standard_key/inEqSimp/quadraticInEq8.key 
297374     INFO  main            d.u.i.k.p.i.AbstractProblemLoader Loading environment from /home/runner/work/key/key/key.core/../key.ui/examples/standard_key/inEqSimp/quadraticInEq8.key 
297374     DEBUG main            d.u.i.k.p.i.AbstractProblemLoader Environment load took 68.8ns 
297375     INFO  main            d.u.i.k.p.i.AbstractProblemLoader Creating init config 
299651     DEBUG main            d.u.i.k.p.i.AbstractProblemLoader Init config took 2.28s 
299663     INFO  main            d.u.i.k.p.i.AbstractProblemLoader Replaying proof quadraticInEq8.key 
299664     DEBUG main            d.u.i.k.p.i.IntermediateProofReplayer Proof replay took 6.8ns 
299766     INFO  main            d.u.i.k.p.r.p.TestFile    ... finished proof: closed. 
300088     INFO  main            d.u.i.k.p.i.AbstractProblemLoader Loading environment from /home/runner/work/key/key/key.core/../key.ui/examples/standard_key/inEqSimp/quadraticInEq8.key.proof 
300088     DEBUG main            d.u.i.k.p.i.AbstractProblemLoader Environment load took 77.9ns 
300089     INFO  main            d.u.i.k.p.i.AbstractProblemLoader Creating init config 
302323     DEBUG main            d.u.i.k.p.i.AbstractProblemLoader Init config took 2.23s 
302336     INFO  main            d.u.i.k.p.i.AbstractProblemLoader Replaying proof quadraticInEq8.key.proof 
302345     DEBUG main            d.u.i.k.p.i.IntermediateProofReplayer Proof replay took 6.6ms 
302346     DEBUG main            d.u.i.k.p.r.p.TestFile    ... success: reloaded. 
302348     INFO  main            d.u.i.k.p.r.p.TestFile    Now processing file /home/runner/work/key/key/key.core/../key.ui/examples/standard_key/inEqSimp/simplify0.key 
302348     INFO  main            d.u.i.k.p.i.AbstractProblemLoader Loading environment from /home/runner/work/key/key/key.core/../key.ui/examples/standard_key/inEqSimp/simplify0.key 
302348     DEBUG main            d.u.i.k.p.i.AbstractProblemLoader Environment load took 65.2ns 
302349     INFO  main            d.u.i.k.p.i.AbstractProblemLoader Creating init config 
304627     DEBUG main            d.u.i.k.p.i.AbstractProblemLoader Init config took 2.28s 
304640     INFO  main            d.u.i.k.p.i.AbstractProblemLoader Replaying proof simplify0.key 
304641     DEBUG main            d.u.i.k.p.i.IntermediateProofReplayer Proof replay took 6.7ns 
304743     INFO  main            d.u.i.k.p.r.p.TestFile    ... finished proof: closed. 
305087     INFO  main            d.u.i.k.p.i.AbstractProblemLoader Loading environment from /home/runner/work/key/key/key.core/../key.ui/examples/standard_key/inEqSimp/simplify0.key.proof 
305087     DEBUG main            d.u.i.k.p.i.AbstractProblemLoader Environment load took 91.1ns 
305089     INFO  main            d.u.i.k.p.i.AbstractProblemLoader Creating init config 
307330     DEBUG main            d.u.i.k.p.i.AbstractProblemLoader Init config took 2.24s 
307343     INFO  main            d.u.i.k.p.i.AbstractProblemLoader Replaying proof simplify0.key.proof 
307346     DEBUG main            d.u.i.k.p.i.IntermediateProofReplayer Proof replay took 2.19ms 
307347     DEBUG main            d.u.i.k.p.r.p.TestFile    ... success: reloaded. 
307348     INFO  main            d.u.i.k.p.r.p.TestFile    Now processing file /home/runner/work/key/key/key.core/../key.ui/examples/standard_key/inEqSimp/simplify1.key 
307349     INFO  main            d.u.i.k.p.i.AbstractProblemLoader Loading environment from /home/runner/work/key/key/key.core/../key.ui/examples/standard_key/inEqSimp/simplify1.key 
307349     DEBUG main            d.u.i.k.p.i.AbstractProblemLoader Environment load took 42.9ns 
307349     INFO  main            d.u.i.k.p.i.AbstractProblemLoader Creating init config 
309637     DEBUG main            d.u.i.k.p.i.AbstractProblemLoader Init config took 2.29s 
309649     INFO  main            d.u.i.k.p.i.AbstractProblemLoader Replaying proof simplify1.key 
309649     DEBUG main            d.u.i.k.p.i.IntermediateProofReplayer Proof replay took 6.5ns 
309751     INFO  main            d.u.i.k.p.r.p.TestFile    ... finished proof: closed. 
310089     INFO  main            d.u.i.k.p.i.AbstractProblemLoader Loading environment from /home/runner/work/key/key/key.core/../key.ui/examples/standard_key/inEqSimp/simplify1.key.proof 
310090     DEBUG main            d.u.i.k.p.i.AbstractProblemLoader Environment load took 74ns 
310091     INFO  main            d.u.i.k.p.i.AbstractProblemLoader Creating init config 
312326     DEBUG main            d.u.i.k.p.i.AbstractProblemLoader Init config took 2.24s 
312338     INFO  main            d.u.i.k.p.i.AbstractProblemLoader Replaying proof simplify1.key.proof 
312341     DEBUG main            d.u.i.k.p.i.IntermediateProofReplayer Proof replay took 1.18ms 
312341     DEBUG main            d.u.i.k.p.r.p.TestFile    ... success: reloaded. 
312343     INFO  main            d.u.i.k.p.r.p.TestFile    Now processing file /home/runner/work/key/key/key.core/../key.ui/examples/standard_key/inEqSimp/simplify2.key 
312343     INFO  main            d.u.i.k.p.i.AbstractProblemLoader Loading environment from /home/runner/work/key/key/key.core/../key.ui/examples/standard_key/inEqSimp/simplify2.key 
312343     DEBUG main            d.u.i.k.p.i.AbstractProblemLoader Environment load took 42.5ns 
312344     INFO  main            d.u.i.k.p.i.AbstractProblemLoader Creating init config 
314644     DEBUG main            d.u.i.k.p.i.AbstractProblemLoader Init config took 2.3s 
314656     INFO  main            d.u.i.k.p.i.AbstractProblemLoader Replaying proof simplify2.key 
314657     DEBUG main            d.u.i.k.p.i.IntermediateProofReplayer Proof replay took 6.8ns 
314759     INFO  main            d.u.i.k.p.r.p.TestFile    ... finished proof: closed. 
315105     INFO  main            d.u.i.k.p.i.AbstractProblemLoader Loading environment from /home/runner/work/key/key/key.core/../key.ui/examples/standard_key/inEqSimp/simplify2.key.proof 
315105     DEBUG main            d.u.i.k.p.i.AbstractProblemLoader Environment load took 77ns 
315106     INFO  main            d.u.i.k.p.i.AbstractProblemLoader Creating init config 
317344     DEBUG main            d.u.i.k.p.i.AbstractProblemLoader Init config took 2.24s 
317356     INFO  main            d.u.i.k.p.i.AbstractProblemLoader Replaying proof simplify2.key.proof 
317369     DEBUG main            d.u.i.k.p.i.IntermediateProofReplayer Proof replay took 11.27ms 
317370     DEBUG main            d.u.i.k.p.r.p.TestFile    ... success: reloaded. 
317371     INFO  main            d.u.i.k.p.r.p.TestFile    Now processing file /home/runner/work/key/key/key.core/../key.ui/examples/standard_key/inEqSimp/simplify3.key 
317372     INFO  main            d.u.i.k.p.i.AbstractProblemLoader Loading environment from /home/runner/work/key/key/key.core/../key.ui/examples/standard_key/inEqSimp/simplify3.key 
317372     DEBUG main            d.u.i.k.p.i.AbstractProblemLoader Environment load took 55.6ns 
317372     INFO  main            d.u.i.k.p.i.AbstractProblemLoader Creating init config 
319694     DEBUG main            d.u.i.k.p.i.AbstractProblemLoader Init config took 2.32s 
319707     INFO  main            d.u.i.k.p.i.AbstractProblemLoader Replaying proof simplify3.key 
319708     DEBUG main            d.u.i.k.p.i.IntermediateProofReplayer Proof replay took 6.3ns 
319813     INFO  main            d.u.i.k.p.r.p.TestFile    ... finished proof: closed. 
320187     INFO  main            d.u.i.k.p.i.AbstractProblemLoader Loading environment from /home/runner/work/key/key/key.core/../key.ui/examples/standard_key/inEqSimp/simplify3.key.proof 
320187     DEBUG main            d.u.i.k.p.i.AbstractProblemLoader Environment load took 86.2ns 
320188     INFO  main            d.u.i.k.p.i.AbstractProblemLoader Creating init config 
322432     DEBUG main            d.u.i.k.p.i.AbstractProblemLoader Init config took 2.24s 
322444     INFO  main            d.u.i.k.p.i.AbstractProblemLoader Replaying proof simplify3.key.proof 
322447     DEBUG main            d.u.i.k.p.i.IntermediateProofReplayer Proof replay took 1.66ms 
322448     DEBUG main            d.u.i.k.p.r.p.TestFile    ... success: reloaded. 
322449     INFO  main            d.u.i.k.p.r.p.TestFile    Now processing file /home/runner/work/key/key/key.core/../key.ui/examples/standard_key/inEqSimp/simplify4.key 
322449     INFO  main            d.u.i.k.p.i.AbstractProblemLoader Loading environment from /home/runner/work/key/key/key.core/../key.ui/examples/standard_key/inEqSimp/simplify4.key 
322450     DEBUG main            d.u.i.k.p.i.AbstractProblemLoader Environment load took 48.3ns 
322451     INFO  main            d.u.i.k.p.i.AbstractProblemLoader Creating init config 
324753     DEBUG main            d.u.i.k.p.i.AbstractProblemLoader Init config took 2.3s 
324765     INFO  main            d.u.i.k.p.i.AbstractProblemLoader Replaying proof simplify4.key 
324766     DEBUG main            d.u.i.k.p.i.IntermediateProofReplayer Proof replay took 5.8ns 
324867     INFO  main            d.u.i.k.p.r.p.TestFile    ... finished proof: closed. 
325230     INFO  main            d.u.i.k.p.i.AbstractProblemLoader Loading environment from /home/runner/work/key/key/key.core/../key.ui/examples/standard_key/inEqSimp/simplify4.key.proof 
325230     DEBUG main            d.u.i.k.p.i.AbstractProblemLoader Environment load took 78.6ns 
325231     INFO  main            d.u.i.k.p.i.AbstractProblemLoader Creating init config 
327463     DEBUG main            d.u.i.k.p.i.AbstractProblemLoader Init config took 2.23s 
327476     INFO  main            d.u.i.k.p.i.AbstractProblemLoader Replaying proof simplify4.key.proof 
327494     DEBUG main            d.u.i.k.p.i.IntermediateProofReplayer Proof replay took 12.27ms 
327495     DEBUG main            d.u.i.k.p.r.p.TestFile    ... success: reloaded. 
327496     INFO  main            d.u.i.k.p.r.p.TestFile    Now processing file /home/runner/work/key/key/key.core/../key.ui/examples/standard_key/inEqSimp/simplify5.key 
327496     INFO  main            d.u.i.k.p.i.AbstractProblemLoader Loading environment from /home/runner/work/key/key/key.core/../key.ui/examples/standard_key/inEqSimp/simplify5.key 
327496     DEBUG main            d.u.i.k.p.i.AbstractProblemLoader Environment load took 46.2ns 
327497     INFO  main            d.u.i.k.p.i.AbstractProblemLoader Creating init config 
329746     DEBUG main            d.u.i.k.p.i.AbstractProblemLoader Init config took 2.25s 
329759     INFO  main            d.u.i.k.p.i.AbstractProblemLoader Replaying proof simplify5.key 
329760     DEBUG main            d.u.i.k.p.i.IntermediateProofReplayer Proof replay took 7.6ns 
330266     INFO  main            d.u.i.k.p.r.p.TestFile    ... finished proof: closed. 
330652     INFO  main            d.u.i.k.p.i.AbstractProblemLoader Loading environment from /home/runner/work/key/key/key.core/../key.ui/examples/standard_key/inEqSimp/simplify5.key.proof 
330652     DEBUG main            d.u.i.k.p.i.AbstractProblemLoader Environment load took 302.3ns 
330653     INFO  main            d.u.i.k.p.i.AbstractProblemLoader Creating init config 
332865     DEBUG main            d.u.i.k.p.i.AbstractProblemLoader Init config took 2.21s 
332877     INFO  main            d.u.i.k.p.i.AbstractProblemLoader Replaying proof simplify5.key.proof 
332926     DEBUG main            d.u.i.k.p.i.IntermediateProofReplayer Proof replay took 43.3ms 
332927     DEBUG main            d.u.i.k.p.r.p.TestFile    ... success: reloaded. 
332929     INFO  main            d.u.i.k.p.r.p.TestFile    Now processing file /home/runner/work/key/key/key.core/../key.ui/examples/standard_key/inEqSimp/subsumptionExample.key 
332929     INFO  main            d.u.i.k.p.i.AbstractProblemLoader Loading environment from /home/runner/work/key/key/key.core/../key.ui/examples/standard_key/inEqSimp/subsumptionExample.key 
332929     DEBUG main            d.u.i.k.p.i.AbstractProblemLoader Environment load took 68ns 
332930     INFO  main            d.u.i.k.p.i.AbstractProblemLoader Creating init config 
335172     DEBUG main            d.u.i.k.p.i.AbstractProblemLoader Init config took 2.24s 
335184     INFO  main            d.u.i.k.p.i.AbstractProblemLoader Replaying proof subsumptionExample.key 
335185     DEBUG main            d.u.i.k.p.i.IntermediateProofReplayer Proof replay took 5.6ns 
335287     INFO  main            d.u.i.k.p.r.p.TestFile    ... finished proof: closed. 
335695     INFO  main            d.u.i.k.p.i.AbstractProblemLoader Loading environment from /home/runner/work/key/key/key.core/../key.ui/examples/standard_key/inEqSimp/subsumptionExample.key.proof 
335695     DEBUG main            d.u.i.k.p.i.AbstractProblemLoader Environment load took 75.6ns 
335696     INFO  main            d.u.i.k.p.i.AbstractProblemLoader Creating init config 
337980     DEBUG main            d.u.i.k.p.i.AbstractProblemLoader Init config took 2.28s 
337992     INFO  main            d.u.i.k.p.i.AbstractProblemLoader Replaying proof subsumptionExample.key.proof 
337995     DEBUG main            d.u.i.k.p.i.IntermediateProofReplayer Proof replay took 735ns 
337995     DEBUG main            d.u.i.k.p.r.p.TestFile    ... success: reloaded. 
337997     INFO  main            d.u.i.k.p.r.p.TestFile    Now processing file /home/runner/work/key/key/key.core/../key.ui/examples/standard_key/polySimp/simplify0.key 
337997     INFO  main            d.u.i.k.p.i.AbstractProblemLoader Loading environment from /home/runner/work/key/key/key.core/../key.ui/examples/standard_key/polySimp/simplify0.key 
337997     DEBUG main            d.u.i.k.p.i.AbstractProblemLoader Environment load took 174.5ns 
337998     INFO  main            d.u.i.k.p.i.AbstractProblemLoader Creating init config 
340238     DEBUG main            d.u.i.k.p.i.AbstractProblemLoader Init config took 2.24s 
340250     INFO  main            d.u.i.k.p.i.AbstractProblemLoader Replaying proof simplify0.key 
340251     DEBUG main            d.u.i.k.p.i.IntermediateProofReplayer Proof replay took 5.7ns 
340453     INFO  main            d.u.i.k.p.r.p.TestFile    ... finished proof: closed. 
340829     INFO  main            d.u.i.k.p.i.AbstractProblemLoader Loading environment from /home/runner/work/key/key/key.core/../key.ui/examples/standard_key/polySimp/simplify0.key.proof 
340829     DEBUG main            d.u.i.k.p.i.AbstractProblemLoader Environment load took 90.6ns 
340830     INFO  main            d.u.i.k.p.i.AbstractProblemLoader Creating init config 
343042     DEBUG main            d.u.i.k.p.i.AbstractProblemLoader Init config took 2.21s 
343055     INFO  main            d.u.i.k.p.i.AbstractProblemLoader Replaying proof simplify0.key.proof 
343071     DEBUG main            d.u.i.k.p.i.IntermediateProofReplayer Proof replay took 14.13ms 
343072     DEBUG main            d.u.i.k.p.r.p.TestFile    ... success: reloaded. 
343074     INFO  main            d.u.i.k.p.r.p.TestFile    Now processing file /home/runner/work/key/key/key.core/../key.ui/examples/standard_key/polySimp/simplify1.key 
343074     INFO  main            d.u.i.k.p.i.AbstractProblemLoader Loading environment from /home/runner/work/key/key/key.core/../key.ui/examples/standard_key/polySimp/simplify1.key 
343074     DEBUG main            d.u.i.k.p.i.AbstractProblemLoader Environment load took 99ns 
343075     INFO  main            d.u.i.k.p.i.AbstractProblemLoader Creating init config 
345316     DEBUG main            d.u.i.k.p.i.AbstractProblemLoader Init config took 2.24s 
345329     INFO  main            d.u.i.k.p.i.AbstractProblemLoader Replaying proof simplify1.key 
345331     DEBUG main            d.u.i.k.p.i.IntermediateProofReplayer Proof replay took 6.5ns 
345634     INFO  main            d.u.i.k.p.r.p.TestFile    ... finished proof: closed. 
346026     INFO  main            d.u.i.k.p.i.AbstractProblemLoader Loading environment from /home/runner/work/key/key/key.core/../key.ui/examples/standard_key/polySimp/simplify1.key.proof 
346026     DEBUG main            d.u.i.k.p.i.AbstractProblemLoader Environment load took 68.3ns 
346027     INFO  main            d.u.i.k.p.i.AbstractProblemLoader Creating init config 
348244     DEBUG main            d.u.i.k.p.i.AbstractProblemLoader Init config took 2.22s 
348257     INFO  main            d.u.i.k.p.i.AbstractProblemLoader Replaying proof simplify1.key.proof 
348280     DEBUG main            d.u.i.k.p.i.IntermediateProofReplayer Proof replay took 20.31ms 
348281     DEBUG main            d.u.i.k.p.r.p.TestFile    ... success: reloaded. 
348282     INFO  main            d.u.i.k.p.r.p.TestFile    Now processing file /home/runner/work/key/key/key.core/../key.ui/examples/standard_key/polySimp/simplify10.key 
348282     INFO  main            d.u.i.k.p.i.AbstractProblemLoader Loading environment from /home/runner/work/key/key/key.core/../key.ui/examples/standard_key/polySimp/simplify10.key 
348282     DEBUG main            d.u.i.k.p.i.AbstractProblemLoader Environment load took 53.6ns 
348284     INFO  main            d.u.i.k.p.i.AbstractProblemLoader Creating init config 
350527     DEBUG main            d.u.i.k.p.i.AbstractProblemLoader Init config took 2.24s 
350540     INFO  main            d.u.i.k.p.i.AbstractProblemLoader Replaying proof simplify10.key 
350541     DEBUG main            d.u.i.k.p.i.IntermediateProofReplayer Proof replay took 5.7ns 
350743     INFO  main            d.u.i.k.p.r.p.TestFile    ... finished proof: closed. 
351161     INFO  main            d.u.i.k.p.i.AbstractProblemLoader Loading environment from /home/runner/work/key/key/key.core/../key.ui/examples/standard_key/polySimp/simplify10.key.proof 
351161     DEBUG main            d.u.i.k.p.i.AbstractProblemLoader Environment load took 76.5ns 
351163     INFO  main            d.u.i.k.p.i.AbstractProblemLoader Creating init config 
353389     DEBUG main            d.u.i.k.p.i.AbstractProblemLoader Init config took 2.23s 
353403     INFO  main            d.u.i.k.p.i.AbstractProblemLoader Replaying proof simplify10.key.proof 
353433     DEBUG main            d.u.i.k.p.i.IntermediateProofReplayer Proof replay took 28.28ms 
353435     DEBUG main            d.u.i.k.p.r.p.TestFile    ... success: reloaded. 
353437     INFO  main            d.u.i.k.p.r.p.TestFile    Now processing file /home/runner/work/key/key/key.core/../key.ui/examples/standard_key/polySimp/simplify11.key 
353437     INFO  main            d.u.i.k.p.i.AbstractProblemLoader Loading environment from /home/runner/work/key/key/key.core/../key.ui/examples/standard_key/polySimp/simplify11.key 
353437     DEBUG main            d.u.i.k.p.i.AbstractProblemLoader Environment load took 60.5ns 
353438     INFO  main            d.u.i.k.p.i.AbstractProblemLoader Creating init config 
355686     DEBUG main            d.u.i.k.p.i.AbstractProblemLoader Init config took 2.25s 
355698     INFO  main            d.u.i.k.p.i.AbstractProblemLoader Replaying proof simplify11.key 
355699     DEBUG main            d.u.i.k.p.i.IntermediateProofReplayer Proof replay took 43.6ns 
355901     INFO  main            d.u.i.k.p.r.p.TestFile    ... finished proof: closed. 
356300     INFO  main            d.u.i.k.p.i.AbstractProblemLoader Loading environment from /home/runner/work/key/key/key.core/../key.ui/examples/standard_key/polySimp/simplify11.key.proof 
356300     DEBUG main            d.u.i.k.p.i.AbstractProblemLoader Environment load took 77ns 
356301     INFO  main            d.u.i.k.p.i.AbstractProblemLoader Creating init config 
358525     DEBUG main            d.u.i.k.p.i.AbstractProblemLoader Init config took 2.22s 
358539     INFO  main            d.u.i.k.p.i.AbstractProblemLoader Replaying proof simplify11.key.proof 
358559     DEBUG main            d.u.i.k.p.i.IntermediateProofReplayer Proof replay took 17.98ms 
358560     DEBUG main            d.u.i.k.p.r.p.TestFile    ... success: reloaded. 
358561     INFO  main            d.u.i.k.p.r.p.TestFile    Now processing file /home/runner/work/key/key/key.core/../key.ui/examples/standard_key/polySimp/simplify12.key 
358562     INFO  main            d.u.i.k.p.i.AbstractProblemLoader Loading environment from /home/runner/work/key/key/key.core/../key.ui/examples/standard_key/polySimp/simplify12.key 
358562     DEBUG main            d.u.i.k.p.i.AbstractProblemLoader Environment load took 62.7ns 
358562     INFO  main            d.u.i.k.p.i.AbstractProblemLoader Creating init config 
360822     DEBUG main            d.u.i.k.p.i.AbstractProblemLoader Init config took 2.26s 
360834     INFO  main            d.u.i.k.p.i.AbstractProblemLoader Replaying proof simplify12.key 
360835     DEBUG main            d.u.i.k.p.i.IntermediateProofReplayer Proof replay took 2.4ns 
360937     INFO  main            d.u.i.k.p.r.p.TestFile    ... finished proof: closed. 
361338     INFO  main            d.u.i.k.p.i.AbstractProblemLoader Loading environment from /home/runner/work/key/key/key.core/../key.ui/examples/standard_key/polySimp/simplify12.key.proof 
361338     DEBUG main            d.u.i.k.p.i.AbstractProblemLoader Environment load took 70.4ns 
361339     INFO  main            d.u.i.k.p.i.AbstractProblemLoader Creating init config 
363570     DEBUG main            d.u.i.k.p.i.AbstractProblemLoader Init config took 2.23s 
363582     INFO  main            d.u.i.k.p.i.AbstractProblemLoader Replaying proof simplify12.key.proof 
363592     DEBUG main            d.u.i.k.p.i.IntermediateProofReplayer Proof replay took 8.15ms 
363593     DEBUG main            d.u.i.k.p.r.p.TestFile    ... success: reloaded. 
363594     INFO  main            d.u.i.k.p.r.p.TestFile    Now processing file /home/runner/work/key/key/key.core/../key.ui/examples/standard_key/polySimp/simplify13.key 
363594     INFO  main            d.u.i.k.p.i.AbstractProblemLoader Loading environment from /home/runner/work/key/key/key.core/../key.ui/examples/standard_key/polySimp/simplify13.key 
363594     DEBUG main            d.u.i.k.p.i.AbstractProblemLoader Environment load took 51.8ns 
363595     INFO  main            d.u.i.k.p.i.AbstractProblemLoader Creating init config 
365856     DEBUG main            d.u.i.k.p.i.AbstractProblemLoader Init config took 2.26s 
365868     INFO  main            d.u.i.k.p.i.AbstractProblemLoader Replaying proof simplify13.key 
365869     DEBUG main            d.u.i.k.p.i.IntermediateProofReplayer Proof replay took 2.7ns 
365970     INFO  main            d.u.i.k.p.r.p.TestFile    ... finished proof: closed. 
366366     INFO  main            d.u.i.k.p.i.AbstractProblemLoader Loading environment from /home/runner/work/key/key/key.core/../key.ui/examples/standard_key/polySimp/simplify13.key.proof 
366366     DEBUG main            d.u.i.k.p.i.AbstractProblemLoader Environment load took 85.6ns 
366367     INFO  main            d.u.i.k.p.i.AbstractProblemLoader Creating init config 
368584     DEBUG main            d.u.i.k.p.i.AbstractProblemLoader Init config took 2.22s 
368598     INFO  main            d.u.i.k.p.i.AbstractProblemLoader Replaying proof simplify13.key.proof 
368605     DEBUG main            d.u.i.k.p.i.IntermediateProofReplayer Proof replay took 4.83ms 
368606     DEBUG main            d.u.i.k.p.r.p.TestFile    ... success: reloaded. 
368607     INFO  main            d.u.i.k.p.r.p.TestFile    Now processing file /home/runner/work/key/key/key.core/../key.ui/examples/standard_key/polySimp/simplify14.key 
368607     INFO  main            d.u.i.k.p.i.AbstractProblemLoader Loading environment from /home/runner/work/key/key/key.core/../key.ui/examples/standard_key/polySimp/simplify14.key 
368607     DEBUG main            d.u.i.k.p.i.AbstractProblemLoader Environment load took 39.5ns 
368608     INFO  main            d.u.i.k.p.i.AbstractProblemLoader Creating init config 
370874     DEBUG main            d.u.i.k.p.i.AbstractProblemLoader Init config took 2.27s 
370887     INFO  main            d.u.i.k.p.i.AbstractProblemLoader Replaying proof simplify14.key 
370888     DEBUG main            d.u.i.k.p.i.IntermediateProofReplayer Proof replay took 2.5ns 
370990     INFO  main            d.u.i.k.p.r.p.TestFile    ... finished proof: closed. 
371398     INFO  main            d.u.i.k.p.i.AbstractProblemLoader Loading environment from /home/runner/work/key/key/key.core/../key.ui/examples/standard_key/polySimp/simplify14.key.proof 
371398     DEBUG main            d.u.i.k.p.i.AbstractProblemLoader Environment load took 69.7ns 
371399     INFO  main            d.u.i.k.p.i.AbstractProblemLoader Creating init config 
373617     DEBUG main            d.u.i.k.p.i.AbstractProblemLoader Init config took 2.22s 
373630     INFO  main            d.u.i.k.p.i.AbstractProblemLoader Replaying proof simplify14.key.proof 
373632     DEBUG main            d.u.i.k.p.i.IntermediateProofReplayer Proof replay took 1.3ms 
373633     DEBUG main            d.u.i.k.p.r.p.TestFile    ... success: reloaded. 
373634     INFO  main            d.u.i.k.p.r.p.TestFile    Now processing file /home/runner/work/key/key/key.core/../key.ui/examples/standard_key/polySimp/simplify15.key 
373635     INFO  main            d.u.i.k.p.i.AbstractProblemLoader Loading environment from /home/runner/work/key/key/key.core/../key.ui/examples/standard_key/polySimp/simplify15.key 
373635     DEBUG main            d.u.i.k.p.i.AbstractProblemLoader Environment load took 40.7ns 
373635     INFO  main            d.u.i.k.p.i.AbstractProblemLoader Creating init config 
375881     DEBUG main            d.u.i.k.p.i.AbstractProblemLoader Init config took 2.25s 
375893     INFO  main            d.u.i.k.p.i.AbstractProblemLoader Replaying proof simplify15.key 
375894     DEBUG main            d.u.i.k.p.i.IntermediateProofReplayer Proof replay took 2.3ns 
375996     INFO  main            d.u.i.k.p.r.p.TestFile    ... finished proof: closed. 
376392     INFO  main            d.u.i.k.p.i.AbstractProblemLoader Loading environment from /home/runner/work/key/key/key.core/../key.ui/examples/standard_key/polySimp/simplify15.key.proof 
376392     DEBUG main            d.u.i.k.p.i.AbstractProblemLoader Environment load took 69.4ns 
376393     INFO  main            d.u.i.k.p.i.AbstractProblemLoader Creating init config 
378613     DEBUG main            d.u.i.k.p.i.AbstractProblemLoader Init config took 2.22s 
378625     INFO  main            d.u.i.k.p.i.AbstractProblemLoader Replaying proof simplify15.key.proof 
378627     DEBUG main            d.u.i.k.p.i.IntermediateProofReplayer Proof replay took 594.4ns 
378628     DEBUG main            d.u.i.k.p.r.p.TestFile    ... success: reloaded. 
378629     INFO  main            d.u.i.k.p.r.p.TestFile    Now processing file /home/runner/work/key/key/key.core/../key.ui/examples/standard_key/polySimp/simplify16.key 
378630     INFO  main            d.u.i.k.p.i.AbstractProblemLoader Loading environment from /home/runner/work/key/key/key.core/../key.ui/examples/standard_key/polySimp/simplify16.key 
378630     DEBUG main            d.u.i.k.p.i.AbstractProblemLoader Environment load took 95.2ns 
378630     INFO  main            d.u.i.k.p.i.AbstractProblemLoader Creating init config 
380879     DEBUG main            d.u.i.k.p.i.AbstractProblemLoader Init config took 2.25s 
380891     INFO  main            d.u.i.k.p.i.AbstractProblemLoader Replaying proof simplify16.key 
380892     DEBUG main            d.u.i.k.p.i.IntermediateProofReplayer Proof replay took 2.8ns 
381011     INFO  main            d.u.i.k.p.r.p.TestFile    ... finished proof: closed. 
381418     INFO  main            d.u.i.k.p.i.AbstractProblemLoader Loading environment from /home/runner/work/key/key/key.core/../key.ui/examples/standard_key/polySimp/simplify16.key.proof 
381418     DEBUG main            d.u.i.k.p.i.AbstractProblemLoader Environment load took 71.6ns 
381419     INFO  main            d.u.i.k.p.i.AbstractProblemLoader Creating init config 
383638     DEBUG main            d.u.i.k.p.i.AbstractProblemLoader Init config took 2.22s 
383650     INFO  main            d.u.i.k.p.i.AbstractProblemLoader Replaying proof simplify16.key.proof 
383652     DEBUG main            d.u.i.k.p.i.IntermediateProofReplayer Proof replay took 409.5ns 
383652     DEBUG main            d.u.i.k.p.r.p.TestFile    ... success: reloaded. 
383654     INFO  main            d.u.i.k.p.r.p.TestFile    Now processing file /home/runner/work/key/key/key.core/../key.ui/examples/standard_key/polySimp/simplify17.key 
383654     INFO  main            d.u.i.k.p.i.AbstractProblemLoader Loading environment from /home/runner/work/key/key/key.core/../key.ui/examples/standard_key/polySimp/simplify17.key 
383654     DEBUG main            d.u.i.k.p.i.AbstractProblemLoader Environment load took 39.7ns 
383654     INFO  main            d.u.i.k.p.i.AbstractProblemLoader Creating init config 
385908     DEBUG main            d.u.i.k.p.i.AbstractProblemLoader Init config took 2.25s 
385920     INFO  main            d.u.i.k.p.i.AbstractProblemLoader Replaying proof simplify17.key 
385921     DEBUG main            d.u.i.k.p.i.IntermediateProofReplayer Proof replay took 2.8ns 
386023     INFO  main            d.u.i.k.p.r.p.TestFile    ... finished proof: closed. 
386450     INFO  main            d.u.i.k.p.i.AbstractProblemLoader Loading environment from /home/runner/work/key/key/key.core/../key.ui/examples/standard_key/polySimp/simplify17.key.proof 
386451     DEBUG main            d.u.i.k.p.i.AbstractProblemLoader Environment load took 75.7ns 
386451     INFO  main            d.u.i.k.p.i.AbstractProblemLoader Creating init config 
388668     DEBUG main            d.u.i.k.p.i.AbstractProblemLoader Init config took 2.22s 
388680     INFO  main            d.u.i.k.p.i.AbstractProblemLoader Replaying proof simplify17.key.proof 
388686     DEBUG main            d.u.i.k.p.i.IntermediateProofReplayer Proof replay took 4.87ms 
388687     DEBUG main            d.u.i.k.p.r.p.TestFile    ... success: reloaded. 
388688     INFO  main            d.u.i.k.p.r.p.TestFile    Now processing file /home/runner/work/key/key/key.core/../key.ui/examples/standard_key/polySimp/simplify18.key 
388688     INFO  main            d.u.i.k.p.i.AbstractProblemLoader Loading environment from /home/runner/work/key/key/key.core/../key.ui/examples/standard_key/polySimp/simplify18.key 
388688     DEBUG main            d.u.i.k.p.i.AbstractProblemLoader Environment load took 58.7ns 
388689     INFO  main            d.u.i.k.p.i.AbstractProblemLoader Creating init config 
390962     DEBUG main            d.u.i.k.p.i.AbstractProblemLoader Init config took 2.27s 
390975     INFO  main            d.u.i.k.p.i.AbstractProblemLoader Replaying proof simplify18.key 
390976     DEBUG main            d.u.i.k.p.i.IntermediateProofReplayer Proof replay took 2.4ns 
391178     INFO  main            d.u.i.k.p.r.p.TestFile    ... finished proof: closed. 
391609     INFO  main            d.u.i.k.p.i.AbstractProblemLoader Loading environment from /home/runner/work/key/key/key.core/../key.ui/examples/standard_key/polySimp/simplify18.key.proof 
391609     DEBUG main            d.u.i.k.p.i.AbstractProblemLoader Environment load took 72.4ns 
391610     INFO  main            d.u.i.k.p.i.AbstractProblemLoader Creating init config 
393833     DEBUG main            d.u.i.k.p.i.AbstractProblemLoader Init config took 2.22s 
393845     INFO  main            d.u.i.k.p.i.AbstractProblemLoader Replaying proof simplify18.key.proof 
393860     DEBUG main            d.u.i.k.p.i.IntermediateProofReplayer Proof replay took 12.88ms 
393861     DEBUG main            d.u.i.k.p.r.p.TestFile    ... success: reloaded. 
393862     INFO  main            d.u.i.k.p.r.p.TestFile    Now processing file /home/runner/work/key/key/key.core/../key.ui/examples/standard_key/polySimp/simplify19.key 
393862     INFO  main            d.u.i.k.p.i.AbstractProblemLoader Loading environment from /home/runner/work/key/key/key.core/../key.ui/examples/standard_key/polySimp/simplify19.key 
393863     DEBUG main            d.u.i.k.p.i.AbstractProblemLoader Environment load took 65.4ns 
393863     INFO  main            d.u.i.k.p.i.AbstractProblemLoader Creating init config 
396119     DEBUG main            d.u.i.k.p.i.AbstractProblemLoader Init config took 2.26s 
396130     INFO  main            d.u.i.k.p.i.AbstractProblemLoader Replaying proof simplify19.key 
396131     DEBUG main            d.u.i.k.p.i.IntermediateProofReplayer Proof replay took 2.4ns 
399039     INFO  main            d.u.i.k.p.r.p.TestFile    ... finished proof: closed. 
399511     INFO  main            d.u.i.k.p.i.AbstractProblemLoader Loading environment from /home/runner/work/key/key/key.core/../key.ui/examples/standard_key/polySimp/simplify19.key.proof 
399511     DEBUG main            d.u.i.k.p.i.AbstractProblemLoader Environment load took 315.6ns 
399513     INFO  main            d.u.i.k.p.i.AbstractProblemLoader Creating init config 
401744     DEBUG main            d.u.i.k.p.i.AbstractProblemLoader Init config took 2.23s 
401757     INFO  main            d.u.i.k.p.i.AbstractProblemLoader Replaying proof simplify19.key.proof 
401994     DEBUG main            d.u.i.k.p.i.IntermediateProofReplayer Proof replay took 224.21ms 
401996     DEBUG main            d.u.i.k.p.r.p.TestFile    ... success: reloaded. 
401997     INFO  main            d.u.i.k.p.r.p.TestFile    Now processing file /home/runner/work/key/key/key.core/../key.ui/examples/standard_key/polySimp/simplify2.key 
401997     INFO  main            d.u.i.k.p.i.AbstractProblemLoader Loading environment from /home/runner/work/key/key/key.core/../key.ui/examples/standard_key/polySimp/simplify2.key 
401997     DEBUG main            d.u.i.k.p.i.AbstractProblemLoader Environment load took 151.6ns 
401998     INFO  main            d.u.i.k.p.i.AbstractProblemLoader Creating init config 
404270     DEBUG main            d.u.i.k.p.i.AbstractProblemLoader Init config took 2.27s 
404282     INFO  main            d.u.i.k.p.i.AbstractProblemLoader Replaying proof simplify2.key 
404283     DEBUG main            d.u.i.k.p.i.IntermediateProofReplayer Proof replay took 2.4ns 
404384     INFO  main            d.u.i.k.p.r.p.TestFile    ... finished proof: closed. 
404851     INFO  main            d.u.i.k.p.i.AbstractProblemLoader Loading environment from /home/runner/work/key/key/key.core/../key.ui/examples/standard_key/polySimp/simplify2.key.proof 
404851     DEBUG main            d.u.i.k.p.i.AbstractProblemLoader Environment load took 70.4ns 
404852     INFO  main            d.u.i.k.p.i.AbstractProblemLoader Creating init config 
407070     DEBUG main            d.u.i.k.p.i.AbstractProblemLoader Init config took 2.22s 
407091     INFO  main            d.u.i.k.p.i.AbstractProblemLoader Replaying proof simplify2.key.proof 
407093     DEBUG main            d.u.i.k.p.i.IntermediateProofReplayer Proof replay took 691.7ns 
407094     DEBUG main            d.u.i.k.p.r.p.TestFile    ... success: reloaded. 
407095     INFO  main            d.u.i.k.p.r.p.TestFile    Now processing file /home/runner/work/key/key/key.core/../key.ui/examples/standard_key/polySimp/simplify20.key 
407095     INFO  main            d.u.i.k.p.i.AbstractProblemLoader Loading environment from /home/runner/work/key/key/key.core/../key.ui/examples/standard_key/polySimp/simplify20.key 
407095     DEBUG main            d.u.i.k.p.i.AbstractProblemLoader Environment load took 95.4ns 
407096     INFO  main            d.u.i.k.p.i.AbstractProblemLoader Creating init config 
409342     DEBUG main            d.u.i.k.p.i.AbstractProblemLoader Init config took 2.25s 
409354     INFO  main            d.u.i.k.p.i.AbstractProblemLoader Replaying proof simplify20.key 
409355     DEBUG main            d.u.i.k.p.i.IntermediateProofReplayer Proof replay took 2.8ns 
409958     INFO  main            d.u.i.k.p.r.p.TestFile    ... finished proof: closed. 
410426     INFO  main            d.u.i.k.p.i.AbstractProblemLoader Loading environment from /home/runner/work/key/key/key.core/../key.ui/examples/standard_key/polySimp/simplify20.key.proof 
410426     DEBUG main            d.u.i.k.p.i.AbstractProblemLoader Environment load took 299.1ns 
410428     INFO  main            d.u.i.k.p.i.AbstractProblemLoader Creating init config 
412641     DEBUG main            d.u.i.k.p.i.AbstractProblemLoader Init config took 2.21s 
412654     INFO  main            d.u.i.k.p.i.AbstractProblemLoader Replaying proof simplify20.key.proof 
412725     DEBUG main            d.u.i.k.p.i.IntermediateProofReplayer Proof replay took 66.84ms 
412726     DEBUG main            d.u.i.k.p.r.p.TestFile    ... success: reloaded. 
412728     INFO  main            d.u.i.k.p.r.p.TestFile    Now processing file /home/runner/work/key/key/key.core/../key.ui/examples/standard_key/polySimp/simplify21.key 
412728     INFO  main            d.u.i.k.p.i.AbstractProblemLoader Loading environment from /home/runner/work/key/key/key.core/../key.ui/examples/standard_key/polySimp/simplify21.key 
412728     DEBUG main            d.u.i.k.p.i.AbstractProblemLoader Environment load took 54.2ns 
412730     INFO  main            d.u.i.k.p.i.AbstractProblemLoader Creating init config 
414998     DEBUG main            d.u.i.k.p.i.AbstractProblemLoader Init config took 2.27s 
415011     INFO  main            d.u.i.k.p.i.AbstractProblemLoader Replaying proof simplify21.key 
415012     DEBUG main            d.u.i.k.p.i.IntermediateProofReplayer Proof replay took 3.1ns 
415617     INFO  main            d.u.i.k.p.r.p.TestFile    ... finished proof: closed. 
416179     INFO  main            d.u.i.k.p.i.AbstractProblemLoader Loading environment from /home/runner/work/key/key/key.core/../key.ui/examples/standard_key/polySimp/simplify21.key.proof 
416179     DEBUG main            d.u.i.k.p.i.AbstractProblemLoader Environment load took 181.2ns 
416182     INFO  main            d.u.i.k.p.i.AbstractProblemLoader Creating init config 
418406     DEBUG main            d.u.i.k.p.i.AbstractProblemLoader Init config took 2.22s 
418421     INFO  main            d.u.i.k.p.i.AbstractProblemLoader Replaying proof simplify21.key.proof 
418468     DEBUG main            d.u.i.k.p.i.IntermediateProofReplayer Proof replay took 43.71ms 
418470     DEBUG main            d.u.i.k.p.r.p.TestFile    ... success: reloaded. 
418472     INFO  main            d.u.i.k.p.r.p.TestFile    Now processing file /home/runner/work/key/key/key.core/../key.ui/examples/standard_key/polySimp/simplify22.key 
418472     INFO  main            d.u.i.k.p.i.AbstractProblemLoader Loading environment from /home/runner/work/key/key/key.core/../key.ui/examples/standard_key/polySimp/simplify22.key 
418472     DEBUG main            d.u.i.k.p.i.AbstractProblemLoader Environment load took 52.1ns 
418473     INFO  main            d.u.i.k.p.i.AbstractProblemLoader Creating init config 
420723     DEBUG main            d.u.i.k.p.i.AbstractProblemLoader Init config took 2.25s 
420735     INFO  main            d.u.i.k.p.i.AbstractProblemLoader Replaying proof simplify22.key 
420736     DEBUG main            d.u.i.k.p.i.IntermediateProofReplayer Proof replay took 3ns 
420837     INFO  main            d.u.i.k.p.r.p.TestFile    ... finished proof: closed. 
421299     INFO  main            d.u.i.k.p.i.AbstractProblemLoader Loading environment from /home/runner/work/key/key/key.core/../key.ui/examples/standard_key/polySimp/simplify22.key.proof 
421299     DEBUG main            d.u.i.k.p.i.AbstractProblemLoader Environment load took 70.5ns 
421300     INFO  main            d.u.i.k.p.i.AbstractProblemLoader Creating init config 
423512     DEBUG main            d.u.i.k.p.i.AbstractProblemLoader Init config took 2.21s 
423524     INFO  main            d.u.i.k.p.i.AbstractProblemLoader Replaying proof simplify22.key.proof 
423527     DEBUG main            d.u.i.k.p.i.IntermediateProofReplayer Proof replay took 2.07ms 
423528     DEBUG main            d.u.i.k.p.r.p.TestFile    ... success: reloaded. 
423530     INFO  main            d.u.i.k.p.r.p.TestFile    Now processing file /home/runner/work/key/key/key.core/../key.ui/examples/standard_key/polySimp/simplify23.key 
423530     INFO  main            d.u.i.k.p.i.AbstractProblemLoader Loading environment from /home/runner/work/key/key/key.core/../key.ui/examples/standard_key/polySimp/simplify23.key 
423530     DEBUG main            d.u.i.k.p.i.AbstractProblemLoader Environment load took 62.8ns 
423531     INFO  main            d.u.i.k.p.i.AbstractProblemLoader Creating init config 
425780     DEBUG main            d.u.i.k.p.i.AbstractProblemLoader Init config took 2.25s 
425792     INFO  main            d.u.i.k.p.i.AbstractProblemLoader Replaying proof simplify23.key 
425793     DEBUG main            d.u.i.k.p.i.IntermediateProofReplayer Proof replay took 3ns 
425894     INFO  main            d.u.i.k.p.r.p.TestFile    ... finished proof: closed. 
426352     INFO  main            d.u.i.k.p.i.AbstractProblemLoader Loading environment from /home/runner/work/key/key/key.core/../key.ui/examples/standard_key/polySimp/simplify23.key.proof 
426352     DEBUG main            d.u.i.k.p.i.AbstractProblemLoader Environment load took 70.4ns 
426353     INFO  main            d.u.i.k.p.i.AbstractProblemLoader Creating init config 
428561     DEBUG main            d.u.i.k.p.i.AbstractProblemLoader Init config took 2.21s 
428575     INFO  main            d.u.i.k.p.i.AbstractProblemLoader Replaying proof simplify23.key.proof 
428587     DEBUG main            d.u.i.k.p.i.IntermediateProofReplayer Proof replay took 10.42ms 
428588     DEBUG main            d.u.i.k.p.r.p.TestFile    ... success: reloaded. 
428592     INFO  main            d.u.i.k.p.r.p.TestFile    Now processing file /home/runner/work/key/key/key.core/../key.ui/examples/standard_key/polySimp/simplify24.key 
428593     INFO  main            d.u.i.k.p.i.AbstractProblemLoader Loading environment from /home/runner/work/key/key/key.core/../key.ui/examples/standard_key/polySimp/simplify24.key 
428593     DEBUG main            d.u.i.k.p.i.AbstractProblemLoader Environment load took 177.8ns 
428594     INFO  main            d.u.i.k.p.i.AbstractProblemLoader Creating init config 
430863     DEBUG main            d.u.i.k.p.i.AbstractProblemLoader Init config took 2.27s 
430875     INFO  main            d.u.i.k.p.i.AbstractProblemLoader Replaying proof simplify24.key 
430876     DEBUG main            d.u.i.k.p.i.IntermediateProofReplayer Proof replay took 3ns 
430977     INFO  main            d.u.i.k.p.r.p.TestFile    ... finished proof: closed. 
431431     INFO  main            d.u.i.k.p.i.AbstractProblemLoader Loading environment from /home/runner/work/key/key/key.core/../key.ui/examples/standard_key/polySimp/simplify24.key.proof 
431431     DEBUG main            d.u.i.k.p.i.AbstractProblemLoader Environment load took 69.2ns 
431432     INFO  main            d.u.i.k.p.i.AbstractProblemLoader Creating init config 
433647     DEBUG main            d.u.i.k.p.i.AbstractProblemLoader Init config took 2.22s 
433659     INFO  main            d.u.i.k.p.i.AbstractProblemLoader Replaying proof simplify24.key.proof 
433663     DEBUG main            d.u.i.k.p.i.IntermediateProofReplayer Proof replay took 2.19ms 
433663     DEBUG main            d.u.i.k.p.r.p.TestFile    ... success: reloaded. 
433665     INFO  main            d.u.i.k.p.r.p.TestFile    Now processing file /home/runner/work/key/key/key.core/../key.ui/examples/standard_key/polySimp/simplify25.key 
433665     INFO  main            d.u.i.k.p.i.AbstractProblemLoader Loading environment from /home/runner/work/key/key/key.core/../key.ui/examples/standard_key/polySimp/simplify25.key 
433665     DEBUG main            d.u.i.k.p.i.AbstractProblemLoader Environment load took 39.5ns 
433666     INFO  main            d.u.i.k.p.i.AbstractProblemLoader Creating init config 
435925     DEBUG main            d.u.i.k.p.i.AbstractProblemLoader Init config took 2.26s 
435938     INFO  main            d.u.i.k.p.i.AbstractProblemLoader Replaying proof simplify25.key 
435939     DEBUG main            d.u.i.k.p.i.IntermediateProofReplayer Proof replay took 2.6ns 
436042     INFO  main            d.u.i.k.p.r.p.TestFile    ... finished proof: closed. 
436503     INFO  main            d.u.i.k.p.i.AbstractProblemLoader Loading environment from /home/runner/work/key/key/key.core/../key.ui/examples/standard_key/polySimp/simplify25.key.proof 
436503     DEBUG main            d.u.i.k.p.i.AbstractProblemLoader Environment load took 71.7ns 
436504     INFO  main            d.u.i.k.p.i.AbstractProblemLoader Creating init config 
438713     DEBUG main            d.u.i.k.p.i.AbstractProblemLoader Init config took 2.21s 
438725     INFO  main            d.u.i.k.p.i.AbstractProblemLoader Replaying proof simplify25.key.proof 
438729     DEBUG main            d.u.i.k.p.i.IntermediateProofReplayer Proof replay took 2.23ms 
438730     DEBUG main            d.u.i.k.p.r.p.TestFile    ... success: reloaded. 
438731     INFO  main            d.u.i.k.p.r.p.TestFile    Now processing file /home/runner/work/key/key/key.core/../key.ui/examples/standard_key/polySimp/simplify3.key 
438731     INFO  main            d.u.i.k.p.i.AbstractProblemLoader Loading environment from /home/runner/work/key/key/key.core/../key.ui/examples/standard_key/polySimp/simplify3.key 
438731     DEBUG main            d.u.i.k.p.i.AbstractProblemLoader Environment load took 36.9ns 
438732     INFO  main            d.u.i.k.p.i.AbstractProblemLoader Creating init config 
440994     DEBUG main            d.u.i.k.p.i.AbstractProblemLoader Init config took 2.26s 
441006     INFO  main            d.u.i.k.p.i.AbstractProblemLoader Replaying proof simplify3.key 
441006     DEBUG main            d.u.i.k.p.i.IntermediateProofReplayer Proof replay took 2.3ns 
441108     INFO  main            d.u.i.k.p.r.p.TestFile    ... finished proof: closed. 
441565     INFO  main            d.u.i.k.p.i.AbstractProblemLoader Loading environment from /home/runner/work/key/key/key.core/../key.ui/examples/standard_key/polySimp/simplify3.key.proof 
441565     DEBUG main            d.u.i.k.p.i.AbstractProblemLoader Environment load took 65.2ns 
441565     INFO  main            d.u.i.k.p.i.AbstractProblemLoader Creating init config 
443781     DEBUG main            d.u.i.k.p.i.AbstractProblemLoader Init config took 2.22s 
443793     INFO  main            d.u.i.k.p.i.AbstractProblemLoader Replaying proof simplify3.key.proof 
443795     DEBUG main            d.u.i.k.p.i.IntermediateProofReplayer Proof replay took 745.2ns 
443796     DEBUG main            d.u.i.k.p.r.p.TestFile    ... success: reloaded. 
443798     INFO  main            d.u.i.k.p.r.p.TestFile    Now processing file /home/runner/work/key/key/key.core/../key.ui/examples/standard_key/polySimp/simplify4.key 
443798     INFO  main            d.u.i.k.p.i.AbstractProblemLoader Loading environment from /home/runner/work/key/key/key.core/../key.ui/examples/standard_key/polySimp/simplify4.key 
443798     DEBUG main            d.u.i.k.p.i.AbstractProblemLoader Environment load took 49.1ns 
443798     INFO  main            d.u.i.k.p.i.AbstractProblemLoader Creating init config 
446041     DEBUG main            d.u.i.k.p.i.AbstractProblemLoader Init config took 2.24s 
446053     INFO  main            d.u.i.k.p.i.AbstractProblemLoader Replaying proof simplify4.key 
446055     DEBUG main            d.u.i.k.p.i.IntermediateProofReplayer Proof replay took 2.6ns 
446156     INFO  main            d.u.i.k.p.r.p.TestFile    ... finished proof: closed. 
446624     INFO  main            d.u.i.k.p.i.AbstractProblemLoader Loading environment from /home/runner/work/key/key/key.core/../key.ui/examples/standard_key/polySimp/simplify4.key.proof 
446624     DEBUG main            d.u.i.k.p.i.AbstractProblemLoader Environment load took 67.8ns 
446625     INFO  main            d.u.i.k.p.i.AbstractProblemLoader Creating init config 
448853     DEBUG main            d.u.i.k.p.i.AbstractProblemLoader Init config took 2.23s 
448865     INFO  main            d.u.i.k.p.i.AbstractProblemLoader Replaying proof simplify4.key.proof 
448867     DEBUG main            d.u.i.k.p.i.IntermediateProofReplayer Proof replay took 980.8ns 
448868     DEBUG main            d.u.i.k.p.r.p.TestFile    ... success: reloaded. 
448870     INFO  main            d.u.i.k.p.r.p.TestFile    Now processing file /home/runner/work/key/key/key.core/../key.ui/examples/standard_key/polySimp/simplify5.key 
448870     INFO  main            d.u.i.k.p.i.AbstractProblemLoader Loading environment from /home/runner/work/key/key/key.core/../key.ui/examples/standard_key/polySimp/simplify5.key 
448870     DEBUG main            d.u.i.k.p.i.AbstractProblemLoader Environment load took 133.8ns 
448871     INFO  main            d.u.i.k.p.i.AbstractProblemLoader Creating init config 
451109     DEBUG main            d.u.i.k.p.i.AbstractProblemLoader Init config took 2.24s 
451121     INFO  main            d.u.i.k.p.i.AbstractProblemLoader Replaying proof simplify5.key 
451121     DEBUG main            d.u.i.k.p.i.IntermediateProofReplayer Proof replay took 2.3ns 
451225     INFO  main            d.u.i.k.p.r.p.TestFile    ... finished proof: closed. 
451702     INFO  main            d.u.i.k.p.i.AbstractProblemLoader Loading environment from /home/runner/work/key/key/key.core/../key.ui/examples/standard_key/polySimp/simplify5.key.proof 
451702     DEBUG main            d.u.i.k.p.i.AbstractProblemLoader Environment load took 66.8ns 
451703     INFO  main            d.u.i.k.p.i.AbstractProblemLoader Creating init config 
453909     DEBUG main            d.u.i.k.p.i.AbstractProblemLoader Init config took 2.21s 
453921     INFO  main            d.u.i.k.p.i.AbstractProblemLoader Replaying proof simplify5.key.proof 
453927     DEBUG main            d.u.i.k.p.i.IntermediateProofReplayer Proof replay took 5.27ms 
453928     DEBUG main            d.u.i.k.p.r.p.TestFile    ... success: reloaded. 
453929     INFO  main            d.u.i.k.p.r.p.TestFile    Now processing file /home/runner/work/key/key/key.core/../key.ui/examples/standard_key/polySimp/simplify6.key 
453929     INFO  main            d.u.i.k.p.i.AbstractProblemLoader Loading environment from /home/runner/work/key/key/key.core/../key.ui/examples/standard_key/polySimp/simplify6.key 
453929     DEBUG main            d.u.i.k.p.i.AbstractProblemLoader Environment load took 38.9ns 
453930     INFO  main            d.u.i.k.p.i.AbstractProblemLoader Creating init config 
456170     DEBUG main            d.u.i.k.p.i.AbstractProblemLoader Init config took 2.24s 
456182     INFO  main            d.u.i.k.p.i.AbstractProblemLoader Replaying proof simplify6.key 
456183     DEBUG main            d.u.i.k.p.i.IntermediateProofReplayer Proof replay took 2.8ns 
456284     INFO  main            d.u.i.k.p.r.p.TestFile    ... finished proof: closed. 
456764     INFO  main            d.u.i.k.p.i.AbstractProblemLoader Loading environment from /home/runner/work/key/key/key.core/../key.ui/examples/standard_key/polySimp/simplify6.key.proof 
456764     DEBUG main            d.u.i.k.p.i.AbstractProblemLoader Environment load took 94.4ns 
456765     INFO  main            d.u.i.k.p.i.AbstractProblemLoader Creating init config 
458971     DEBUG main            d.u.i.k.p.i.AbstractProblemLoader Init config took 2.21s 
458983     INFO  main            d.u.i.k.p.i.AbstractProblemLoader Replaying proof simplify6.key.proof 
458985     DEBUG main            d.u.i.k.p.i.IntermediateProofReplayer Proof replay took 281.4ns 
458985     DEBUG main            d.u.i.k.p.r.p.TestFile    ... success: reloaded. 
458987     INFO  main            d.u.i.k.p.r.p.TestFile    Now processing file /home/runner/work/key/key/key.core/../key.ui/examples/standard_key/polySimp/simplify7.key 
458987     INFO  main            d.u.i.k.p.i.AbstractProblemLoader Loading environment from /home/runner/work/key/key/key.core/../key.ui/examples/standard_key/polySimp/simplify7.key 
458987     DEBUG main            d.u.i.k.p.i.AbstractProblemLoader Environment load took 37.1ns 
458988     INFO  main            d.u.i.k.p.i.AbstractProblemLoader Creating init config 
461225     DEBUG main            d.u.i.k.p.i.AbstractProblemLoader Init config took 2.24s 
461237     INFO  main            d.u.i.k.p.i.AbstractProblemLoader Replaying proof simplify7.key 
461238     DEBUG main            d.u.i.k.p.i.IntermediateProofReplayer Proof replay took 2.5ns 
461340     INFO  main            d.u.i.k.p.r.p.TestFile    ... finished proof: closed. 
461831     INFO  main            d.u.i.k.p.i.AbstractProblemLoader Loading environment from /home/runner/work/key/key/key.core/../key.ui/examples/standard_key/polySimp/simplify7.key.proof 
461831     DEBUG main            d.u.i.k.p.i.AbstractProblemLoader Environment load took 66.5ns 
461832     INFO  main            d.u.i.k.p.i.AbstractProblemLoader Creating init config 
464040     DEBUG main            d.u.i.k.p.i.AbstractProblemLoader Init config took 2.21s 
464052     INFO  main            d.u.i.k.p.i.AbstractProblemLoader Replaying proof simplify7.key.proof 
464054     DEBUG main            d.u.i.k.p.i.IntermediateProofReplayer Proof replay took 499.6ns 
464054     DEBUG main            d.u.i.k.p.r.p.TestFile    ... success: reloaded. 
464056     INFO  main            d.u.i.k.p.r.p.TestFile    Now processing file /home/runner/work/key/key/key.core/../key.ui/examples/standard_key/polySimp/simplify8.key 
464056     INFO  main            d.u.i.k.p.i.AbstractProblemLoader Loading environment from /home/runner/work/key/key/key.core/../key.ui/examples/standard_key/polySimp/simplify8.key 
464056     DEBUG main            d.u.i.k.p.i.AbstractProblemLoader Environment load took 133.5ns 
464060     INFO  main            d.u.i.k.p.i.AbstractProblemLoader Creating init config 
466300     DEBUG main            d.u.i.k.p.i.AbstractProblemLoader Init config took 2.24s 
466312     INFO  main            d.u.i.k.p.i.AbstractProblemLoader Replaying proof simplify8.key 
466313     DEBUG main            d.u.i.k.p.i.IntermediateProofReplayer Proof replay took 2.9ns 
470039     INFO  main            d.u.i.k.p.r.p.TestFile    ... finished proof: closed. 
470546     INFO  main            d.u.i.k.p.i.AbstractProblemLoader Loading environment from /home/runner/work/key/key/key.core/../key.ui/examples/standard_key/polySimp/simplify8.key.proof 
470546     DEBUG main            d.u.i.k.p.i.AbstractProblemLoader Environment load took 73ns 
470548     INFO  main            d.u.i.k.p.i.AbstractProblemLoader Creating init config 
472921     DEBUG main            d.u.i.k.p.i.AbstractProblemLoader Init config took 2.37s 
472938     INFO  main            d.u.i.k.p.i.AbstractProblemLoader Replaying proof simplify8.key.proof 
473123     DEBUG main            d.u.i.k.p.i.IntermediateProofReplayer Proof replay took 179.61ms 
473126     DEBUG main            d.u.i.k.p.r.p.TestFile    ... success: reloaded. 
473127     INFO  main            d.u.i.k.p.r.p.TestFile    Now processing file /home/runner/work/key/key/key.core/../key.ui/examples/standard_key/polySimp/simplify9.key 
473128     INFO  main            d.u.i.k.p.i.AbstractProblemLoader Loading environment from /home/runner/work/key/key/key.core/../key.ui/examples/standard_key/polySimp/simplify9.key 
473128     DEBUG main            d.u.i.k.p.i.AbstractProblemLoader Environment load took 143.2ns 
473129     INFO  main            d.u.i.k.p.i.AbstractProblemLoader Creating init config 
475446     DEBUG main            d.u.i.k.p.i.AbstractProblemLoader Init config took 2.32s 
475459     INFO  main            d.u.i.k.p.i.AbstractProblemLoader Replaying proof simplify9.key 
475460     DEBUG main            d.u.i.k.p.i.IntermediateProofReplayer Proof replay took 3.3ns 
475664     INFO  main            d.u.i.k.p.r.p.TestFile    ... finished proof: closed. 
476185     INFO  main            d.u.i.k.p.i.AbstractProblemLoader Loading environment from /home/runner/work/key/key/key.core/../key.ui/examples/standard_key/polySimp/simplify9.key.proof 
476185     DEBUG main            d.u.i.k.p.i.AbstractProblemLoader Environment load took 84.5ns 
476186     INFO  main            d.u.i.k.p.i.AbstractProblemLoader Creating init config 
478395     DEBUG main            d.u.i.k.p.i.AbstractProblemLoader Init config took 2.21s 
478409     INFO  main            d.u.i.k.p.i.AbstractProblemLoader Replaying proof simplify9.key.proof 
478419     DEBUG main            d.u.i.k.p.i.IntermediateProofReplayer Proof replay took 8.99ms 
478420     DEBUG main            d.u.i.k.p.r.p.TestFile    ... success: reloaded. 
2789744    INFO  Test worker     d.u.i.k.p.r.RunAllProofsTestUnit Running test arrays 
352        INFO  Timeout watchdog d.u.i.k.p.r.p.ForkedTestFileRunner Timeout watcher launched (2000 secs.) 
369        WARN  main            d.u.i.k.s.ProofSettings   The settings in /home/runner/.key/proof-settings.props are *not* read. 
424        INFO  main            d.u.i.k.p.r.p.TestFile    Now processing file /home/runner/work/key/key/key.core/../key.ui/examples/standard_key/arrays/arrayStoreException/array2DimPrim.key 
587        INFO  main            d.u.i.k.p.i.AbstractProblemLoader Loading environment from /home/runner/work/key/key/key.core/../key.ui/examples/standard_key/arrays/arrayStoreException/array2DimPrim.key 
605        DEBUG main            d.u.i.k.p.i.AbstractProblemLoader Environment load took 2.18ms 
951        INFO  main            d.u.i.k.p.i.AbstractProblemLoader Creating init config 
1861       DEBUG main            d.u.i.k.j.TypeConverter   No LDT found for Meta 
1861       DEBUG main            d.u.i.k.j.TypeConverter   No LDT found for Meta 
1864       DEBUG main            d.u.i.k.j.TypeConverter   No LDT found for Meta 
1864       DEBUG main            d.u.i.k.j.TypeConverter   No LDT found for Meta 
3615       DEBUG main            d.u.i.k.j.TypeConverter   No LDT found for JavaBigintExpression 
8246       DEBUG main            d.u.i.k.p.i.AbstractProblemLoader Init config took 7.29s 
8310       INFO  main            d.u.i.k.p.i.AbstractProblemLoader Replaying proof array2DimPrim.key 
8341       DEBUG main            d.u.i.k.p.i.IntermediateProofReplayer Proof replay took 32.8ns 
11968      INFO  main            d.u.i.k.p.r.p.TestFile    ... finished proof: closed. 
12156      INFO  main            d.u.i.k.p.i.AbstractProblemLoader Loading environment from /home/runner/work/key/key/key.core/../key.ui/examples/standard_key/arrays/arrayStoreException/array2DimPrim.key.proof 
12156      DEBUG main            d.u.i.k.p.i.AbstractProblemLoader Environment load took 143.8ns 
12167      INFO  main            d.u.i.k.p.i.AbstractProblemLoader Creating init config 
14806      DEBUG main            d.u.i.k.p.i.AbstractProblemLoader Init config took 2.64s 
14839      INFO  main            d.u.i.k.p.i.AbstractProblemLoader Replaying proof array2DimPrim.key.proof 
15429      DEBUG main            d.u.i.k.p.i.IntermediateProofReplayer Proof replay took 574.08ms 
15445      DEBUG main            d.u.i.k.p.r.p.TestFile    ... success: reloaded. 
15451      INFO  main            d.u.i.k.p.r.p.TestFile    Now processing file /home/runner/work/key/key/key.core/../key.ui/examples/standard_key/arrays/arrayStoreException/arrayStoreKnownDynType.key 
15451      INFO  main            d.u.i.k.p.i.AbstractProblemLoader Loading environment from /home/runner/work/key/key/key.core/../key.ui/examples/standard_key/arrays/arrayStoreException/arrayStoreKnownDynType.key 
15451      DEBUG main            d.u.i.k.p.i.AbstractProblemLoader Environment load took 111.8ns 
15455      INFO  main            d.u.i.k.p.i.AbstractProblemLoader Creating init config 
18175      DEBUG main            d.u.i.k.p.i.AbstractProblemLoader Init config took 2.72s 
18209      INFO  main            d.u.i.k.p.i.AbstractProblemLoader Replaying proof arrayStoreKnownDynType.key 
18216      DEBUG main            d.u.i.k.p.i.IntermediateProofReplayer Proof replay took 6.2ns 
18420      INFO  main            d.u.i.k.p.r.p.TestFile    ... finished proof: closed. 
18632      INFO  main            d.u.i.k.p.i.AbstractProblemLoader Loading environment from /home/runner/work/key/key/key.core/../key.ui/examples/standard_key/arrays/arrayStoreException/arrayStoreKnownDynType.key.proof 
18632      DEBUG main            d.u.i.k.p.i.AbstractProblemLoader Environment load took 115.7ns 
18634      INFO  main            d.u.i.k.p.i.AbstractProblemLoader Creating init config 
21067      DEBUG main            d.u.i.k.p.i.AbstractProblemLoader Init config took 2.43s 
21090      INFO  main            d.u.i.k.p.i.AbstractProblemLoader Replaying proof arrayStoreKnownDynType.key.proof 
21130      DEBUG main            d.u.i.k.p.i.IntermediateProofReplayer Proof replay took 36.45ms 
21132      DEBUG main            d.u.i.k.p.r.p.TestFile    ... success: reloaded. 
21134      INFO  main            d.u.i.k.p.r.p.TestFile    Now processing file /home/runner/work/key/key/key.core/../key.ui/examples/standard_key/arrays/arrayStoreException/reverseArray.key 
21134      INFO  main            d.u.i.k.p.i.AbstractProblemLoader Loading environment from /home/runner/work/key/key/key.core/../key.ui/examples/standard_key/arrays/arrayStoreException/reverseArray.key 
21134      DEBUG main            d.u.i.k.p.i.AbstractProblemLoader Environment load took 102.9ns 
21136      INFO  main            d.u.i.k.p.i.AbstractProblemLoader Creating init config 
23520      DEBUG main            d.u.i.k.p.i.AbstractProblemLoader Init config took 2.38s 
23541      INFO  main            d.u.i.k.p.i.AbstractProblemLoader Replaying proof reverseArray.key 
23543      DEBUG main            d.u.i.k.p.i.IntermediateProofReplayer Proof replay took 5.4ns 
24161      INFO  main            d.u.i.k.p.r.p.TestFile    ... finished proof: closed. 
24325      INFO  main            d.u.i.k.p.i.AbstractProblemLoader Loading environment from /home/runner/work/key/key/key.core/../key.ui/examples/standard_key/arrays/arrayStoreException/reverseArray.key.proof 
24328      DEBUG main            d.u.i.k.p.i.AbstractProblemLoader Environment load took 3.21ms 
24330      INFO  main            d.u.i.k.p.i.AbstractProblemLoader Creating init config 
26712      DEBUG main            d.u.i.k.p.i.AbstractProblemLoader Init config took 2.38s 
26733      INFO  main            d.u.i.k.p.i.AbstractProblemLoader Replaying proof reverseArray.key.proof 
26870      DEBUG main            d.u.i.k.p.i.IntermediateProofReplayer Proof replay took 130.72ms 
26872      DEBUG main            d.u.i.k.p.r.p.TestFile    ... success: reloaded. 
26875      INFO  main            d.u.i.k.p.r.p.TestFile    Now processing file /home/runner/work/key/key/key.core/../key.ui/examples/standard_key/arrays/arrayStoreException/throwArrayStoreException.key 
26875      INFO  main            d.u.i.k.p.i.AbstractProblemLoader Loading environment from /home/runner/work/key/key/key.core/../key.ui/examples/standard_key/arrays/arrayStoreException/throwArrayStoreException.key 
26876      DEBUG main            d.u.i.k.p.i.AbstractProblemLoader Environment load took 156.3ns 
26877      INFO  main            d.u.i.k.p.i.AbstractProblemLoader Creating init config 
29316      DEBUG main            d.u.i.k.p.i.AbstractProblemLoader Init config took 2.44s 
29360      INFO  main            d.u.i.k.p.i.AbstractProblemLoader Replaying proof throwArrayStoreException.key 
29364      DEBUG main            d.u.i.k.p.i.IntermediateProofReplayer Proof replay took 6.5ns 
29767      INFO  main            d.u.i.k.p.r.p.TestFile    ... finished proof: closed. 
29936      INFO  main            d.u.i.k.p.i.AbstractProblemLoader Loading environment from /home/runner/work/key/key/key.core/../key.ui/examples/standard_key/arrays/arrayStoreException/throwArrayStoreException.key.proof 
29936      DEBUG main            d.u.i.k.p.i.AbstractProblemLoader Environment load took 122.6ns 
29937      INFO  main            d.u.i.k.p.i.AbstractProblemLoader Creating init config 
32295      DEBUG main            d.u.i.k.p.i.AbstractProblemLoader Init config took 2.36s 
32316      INFO  main            d.u.i.k.p.i.AbstractProblemLoader Replaying proof throwArrayStoreException.key.proof 
32398      DEBUG main            d.u.i.k.p.i.IntermediateProofReplayer Proof replay took 78.3ms 
32400      DEBUG main            d.u.i.k.p.r.p.TestFile    ... success: reloaded. 
32402      INFO  main            d.u.i.k.p.r.p.TestFile    Now processing file /home/runner/work/key/key/key.core/../key.ui/examples/standard_key/arrays/creation/arrayCreation1.key 
32402      INFO  main            d.u.i.k.p.i.AbstractProblemLoader Loading environment from /home/runner/work/key/key/key.core/../key.ui/examples/standard_key/arrays/creation/arrayCreation1.key 
32402      DEBUG main            d.u.i.k.p.i.AbstractProblemLoader Environment load took 158.9ns 
32403      INFO  main            d.u.i.k.p.i.AbstractProblemLoader Creating init config 
34782      DEBUG main            d.u.i.k.p.i.AbstractProblemLoader Init config took 2.38s 
34808      INFO  main            d.u.i.k.p.i.AbstractProblemLoader Replaying proof arrayCreation1.key 
34811      DEBUG main            d.u.i.k.p.i.IntermediateProofReplayer Proof replay took 6.6ns 
34913      INFO  main            d.u.i.k.p.r.p.TestFile    ... finished proof: closed. 
35068      INFO  main            d.u.i.k.p.i.AbstractProblemLoader Loading environment from /home/runner/work/key/key/key.core/../key.ui/examples/standard_key/arrays/creation/arrayCreation1.key.proof 
35068      DEBUG main            d.u.i.k.p.i.AbstractProblemLoader Environment load took 106.8ns 
35069      INFO  main            d.u.i.k.p.i.AbstractProblemLoader Creating init config 
37405      DEBUG main            d.u.i.k.p.i.AbstractProblemLoader Init config took 2.34s 
37425      INFO  main            d.u.i.k.p.i.AbstractProblemLoader Replaying proof arrayCreation1.key.proof 
37448      DEBUG main            d.u.i.k.p.i.IntermediateProofReplayer Proof replay took 21ms 
37450      DEBUG main            d.u.i.k.p.r.p.TestFile    ... success: reloaded. 
37451      INFO  main            d.u.i.k.p.r.p.TestFile    Now processing file /home/runner/work/key/key/key.core/../key.ui/examples/standard_key/arrays/arrayStoreException/array2Dim.key 
37452      INFO  main            d.u.i.k.p.i.AbstractProblemLoader Loading environment from /home/runner/work/key/key/key.core/../key.ui/examples/standard_key/arrays/arrayStoreException/array2Dim.key 
37452      DEBUG main            d.u.i.k.p.i.AbstractProblemLoader Environment load took 170.2ns 
37453      INFO  main            d.u.i.k.p.i.AbstractProblemLoader Creating init config 
39849      DEBUG main            d.u.i.k.p.i.AbstractProblemLoader Init config took 2.4s 
39867      INFO  main            d.u.i.k.p.i.AbstractProblemLoader Replaying proof array2Dim.key 
39869      DEBUG main            d.u.i.k.p.i.IntermediateProofReplayer Proof replay took 5.8ns 
43092      INFO  main            d.u.i.k.p.r.p.TestFile    ... finished proof: open goal(s) 
43335      INFO  main            d.u.i.k.p.r.p.TestFile    Now processing file /home/runner/work/key/key/key.core/../key.ui/examples/standard_key/arrays/arrayStoreException/array2DimClose.key 
43336      INFO  main            d.u.i.k.p.i.AbstractProblemLoader Loading environment from /home/runner/work/key/key/key.core/../key.ui/examples/standard_key/arrays/arrayStoreException/array2DimClose.key 
43336      DEBUG main            d.u.i.k.p.i.AbstractProblemLoader Environment load took 202.5ns 
43338      INFO  main            d.u.i.k.p.i.AbstractProblemLoader Creating init config 
45640      DEBUG main            d.u.i.k.p.i.AbstractProblemLoader Init config took 2.3s 
45658      INFO  main            d.u.i.k.p.i.AbstractProblemLoader Replaying proof array2DimClose.key 
45660      DEBUG main            d.u.i.k.p.i.IntermediateProofReplayer Proof replay took 15.2ns 
47934      INFO  main            d.u.i.k.p.r.p.TestFile    ... finished proof: open goal(s) 
48242      INFO  main            d.u.i.k.p.r.p.TestFile    Now processing file /home/runner/work/key/key/key.core/../key.ui/examples/standard_key/arrays/arrayStoreException/throwASEForPrim.key 
48242      INFO  main            d.u.i.k.p.i.AbstractProblemLoader Loading environment from /home/runner/work/key/key/key.core/../key.ui/examples/standard_key/arrays/arrayStoreException/throwASEForPrim.key 
48243      DEBUG main            d.u.i.k.p.i.AbstractProblemLoader Environment load took 200.3ns 
48243      INFO  main            d.u.i.k.p.i.AbstractProblemLoader Creating init config 
50519      DEBUG main            d.u.i.k.p.i.AbstractProblemLoader Init config took 2.28s 
50535      INFO  main            d.u.i.k.p.i.AbstractProblemLoader Replaying proof throwASEForPrim.key 
50537      DEBUG main            d.u.i.k.p.i.IntermediateProofReplayer Proof replay took 6.6ns 
54793      INFO  main            d.u.i.k.p.r.p.TestFile    ... finished proof: open goal(s) 
2845018    INFO  Test worker     d.u.i.k.p.r.RunAllProofsTestUnit Returning from test arrays 
2845019    INFO  Test worker     d.u.i.k.p.r.RunAllProofsTestUnit Running test javadl 
374        INFO  Timeout watchdog d.u.i.k.p.r.p.ForkedTestFileRunner Timeout watcher launched (2000 secs.) 
385        WARN  main            d.u.i.k.s.ProofSettings   The settings in /home/runner/.key/proof-settings.props are *not* read. 
426        INFO  main            d.u.i.k.p.r.p.TestFile    Now processing file /home/runner/work/key/key/key.core/../key.ui/examples/standard_key/instanceCreation/instanceCreation1.key 
536        INFO  main            d.u.i.k.p.i.AbstractProblemLoader Loading environment from /home/runner/work/key/key/key.core/../key.ui/examples/standard_key/instanceCreation/instanceCreation1.key 
551        DEBUG main            d.u.i.k.p.i.AbstractProblemLoader Environment load took 1.89ms 
800        INFO  main            d.u.i.k.p.i.AbstractProblemLoader Creating init config 
1656       DEBUG main            d.u.i.k.j.TypeConverter   No LDT found for Meta 
1656       DEBUG main            d.u.i.k.j.TypeConverter   No LDT found for Meta 
1659       DEBUG main            d.u.i.k.j.TypeConverter   No LDT found for Meta 
1659       DEBUG main            d.u.i.k.j.TypeConverter   No LDT found for Meta 
2918       DEBUG main            d.u.i.k.j.TypeConverter   No LDT found for JavaBigintExpression 
7660       DEBUG main            d.u.i.k.p.i.AbstractProblemLoader Init config took 6.86s 
7723       INFO  main            d.u.i.k.p.i.AbstractProblemLoader Replaying proof instanceCreation1.key 
7753       DEBUG main            d.u.i.k.p.i.IntermediateProofReplayer Proof replay took 30.7ns 
8679       INFO  main            d.u.i.k.p.r.p.TestFile    ... finished proof: closed. 
8787       INFO  main            d.u.i.k.p.i.AbstractProblemLoader Loading environment from /home/runner/work/key/key/key.core/../key.ui/examples/standard_key/instanceCreation/instanceCreation1.key.proof 
8788       DEBUG main            d.u.i.k.p.i.AbstractProblemLoader Environment load took 402.8ns 
8793       INFO  main            d.u.i.k.p.i.AbstractProblemLoader Creating init config 
11472      DEBUG main            d.u.i.k.p.i.AbstractProblemLoader Init config took 2.68s 
11503      INFO  main            d.u.i.k.p.i.AbstractProblemLoader Replaying proof instanceCreation1.key.proof 
11604      DEBUG main            d.u.i.k.p.i.IntermediateProofReplayer Proof replay took 93.65ms 
11614      DEBUG main            d.u.i.k.p.r.p.TestFile    ... success: reloaded. 
11618      INFO  main            d.u.i.k.p.r.p.TestFile    Now processing file /home/runner/work/key/key/key.core/../key.ui/examples/standard_key/instanceCreation/instanceCreation2.key 
11618      INFO  main            d.u.i.k.p.i.AbstractProblemLoader Loading environment from /home/runner/work/key/key/key.core/../key.ui/examples/standard_key/instanceCreation/instanceCreation2.key 
11618      DEBUG main            d.u.i.k.p.i.AbstractProblemLoader Environment load took 180.7ns 
11620      INFO  main            d.u.i.k.p.i.AbstractProblemLoader Creating init config 
14255      DEBUG main            d.u.i.k.p.i.AbstractProblemLoader Init config took 2.63s 
14285      INFO  main            d.u.i.k.p.i.AbstractProblemLoader Replaying proof instanceCreation2.key 
14287      DEBUG main            d.u.i.k.p.i.IntermediateProofReplayer Proof replay took 5.6ns 
14792      INFO  main            d.u.i.k.p.r.p.TestFile    ... finished proof: closed. 
14948      INFO  main            d.u.i.k.p.i.AbstractProblemLoader Loading environment from /home/runner/work/key/key/key.core/../key.ui/examples/standard_key/instanceCreation/instanceCreation2.key.proof 
14949      DEBUG main            d.u.i.k.p.i.AbstractProblemLoader Environment load took 327.9ns 
14950      INFO  main            d.u.i.k.p.i.AbstractProblemLoader Creating init config 
17518      DEBUG main            d.u.i.k.p.i.AbstractProblemLoader Init config took 2.57s 
17542      INFO  main            d.u.i.k.p.i.AbstractProblemLoader Replaying proof instanceCreation2.key.proof 
17634      DEBUG main            d.u.i.k.p.i.IntermediateProofReplayer Proof replay took 87.36ms 
17636      DEBUG main            d.u.i.k.p.r.p.TestFile    ... success: reloaded. 
17638      INFO  main            d.u.i.k.p.r.p.TestFile    Now processing file /home/runner/work/key/key/key.core/../key.ui/examples/standard_key/instanceCreation/interfacesAndAbstractClassesHaveNoInstances.key 
17639      INFO  main            d.u.i.k.p.i.AbstractProblemLoader Loading environment from /home/runner/work/key/key/key.core/../key.ui/examples/standard_key/instanceCreation/interfacesAndAbstractClassesHaveNoInstances.key 
17639      DEBUG main            d.u.i.k.p.i.AbstractProblemLoader Environment load took 169.6ns 
17640      INFO  main            d.u.i.k.p.i.AbstractProblemLoader Creating init config 
20106      DEBUG main            d.u.i.k.p.i.AbstractProblemLoader Init config took 2.47s 
20126      INFO  main            d.u.i.k.p.i.AbstractProblemLoader Replaying proof interfacesAndAbstractClassesHaveNoInstances.key 
20127      DEBUG main            d.u.i.k.p.i.IntermediateProofReplayer Proof replay took 5.8ns 
20230      INFO  main            d.u.i.k.p.r.p.TestFile    ... finished proof: closed. 
20365      INFO  main            d.u.i.k.p.i.AbstractProblemLoader Loading environment from /home/runner/work/key/key/key.core/../key.ui/examples/standard_key/instanceCreation/interfacesAndAbstractClassesHaveNoInstances.key.proof 
20365      DEBUG main            d.u.i.k.p.i.AbstractProblemLoader Environment load took 109.4ns 
20367      INFO  main            d.u.i.k.p.i.AbstractProblemLoader Creating init config 
22849      DEBUG main            d.u.i.k.p.i.AbstractProblemLoader Init config took 2.48s 
22876      INFO  main            d.u.i.k.p.i.AbstractProblemLoader Replaying proof interfacesAndAbstractClassesHaveNoInstances.key.proof 
22882      DEBUG main            d.u.i.k.p.i.IntermediateProofReplayer Proof replay took 2.18ms 
22883      DEBUG main            d.u.i.k.p.r.p.TestFile    ... success: reloaded. 
22885      INFO  main            d.u.i.k.p.r.p.TestFile    Now processing file /home/runner/work/key/key/key.core/../key.ui/examples/standard_key/instanceCreation/successiveCreatedObjectsAreDistinct.key 
22886      INFO  main            d.u.i.k.p.i.AbstractProblemLoader Loading environment from /home/runner/work/key/key/key.core/../key.ui/examples/standard_key/instanceCreation/successiveCreatedObjectsAreDistinct.key 
22886      DEBUG main            d.u.i.k.p.i.AbstractProblemLoader Environment load took 84.6ns 
22887      INFO  main            d.u.i.k.p.i.AbstractProblemLoader Creating init config 
25341      DEBUG main            d.u.i.k.p.i.AbstractProblemLoader Init config took 2.45s 
25360      INFO  main            d.u.i.k.p.i.AbstractProblemLoader Replaying proof successiveCreatedObjectsAreDistinct.key 
25362      DEBUG main            d.u.i.k.p.i.IntermediateProofReplayer Proof replay took 5.4ns 
25765      INFO  main            d.u.i.k.p.r.p.TestFile    ... finished proof: closed. 
26015      INFO  main            d.u.i.k.p.i.AbstractProblemLoader Loading environment from /home/runner/work/key/key/key.core/../key.ui/examples/standard_key/instanceCreation/successiveCreatedObjectsAreDistinct.key.proof 
26015      DEBUG main            d.u.i.k.p.i.AbstractProblemLoader Environment load took 309.3ns 
26016      INFO  main            d.u.i.k.p.i.AbstractProblemLoader Creating init config 
28423      DEBUG main            d.u.i.k.p.i.AbstractProblemLoader Init config took 2.41s 
28442      INFO  main            d.u.i.k.p.i.AbstractProblemLoader Replaying proof successiveCreatedObjectsAreDistinct.key.proof 
28495      DEBUG main            d.u.i.k.p.i.IntermediateProofReplayer Proof replay took 49.51ms 
28496      DEBUG main            d.u.i.k.p.r.p.TestFile    ... success: reloaded. 
28498      INFO  main            d.u.i.k.p.r.p.TestFile    Now processing file /home/runner/work/key/key/key.core/../key.ui/examples/standard_key/instanceCreation/testOverloadingConstructors.key 
28500      INFO  main            d.u.i.k.p.i.AbstractProblemLoader Loading environment from /home/runner/work/key/key/key.core/../key.ui/examples/standard_key/instanceCreation/testOverloadingConstructors.key 
28500      DEBUG main            d.u.i.k.p.i.AbstractProblemLoader Environment load took 195.6ns 
28501      INFO  main            d.u.i.k.p.i.AbstractProblemLoader Creating init config 
30911      DEBUG main            d.u.i.k.p.i.AbstractProblemLoader Init config took 2.41s 
30943      INFO  main            d.u.i.k.p.i.AbstractProblemLoader Replaying proof testOverloadingConstructors.key 
30944      DEBUG main            d.u.i.k.p.i.IntermediateProofReplayer Proof replay took 5.5ns 
31254      INFO  main            d.u.i.k.p.r.p.TestFile    ... finished proof: closed. 
31401      INFO  main            d.u.i.k.p.i.AbstractProblemLoader Loading environment from /home/runner/work/key/key/key.core/../key.ui/examples/standard_key/instanceCreation/testOverloadingConstructors.key.proof 
31402      DEBUG main            d.u.i.k.p.i.AbstractProblemLoader Environment load took 118ns 
31403      INFO  main            d.u.i.k.p.i.AbstractProblemLoader Creating init config 
33764      DEBUG main            d.u.i.k.p.i.AbstractProblemLoader Init config took 2.36s 
33783      INFO  main            d.u.i.k.p.i.AbstractProblemLoader Replaying proof testOverloadingConstructors.key.proof 
33833      DEBUG main            d.u.i.k.p.i.IntermediateProofReplayer Proof replay took 46.29ms 
33834      DEBUG main            d.u.i.k.p.r.p.TestFile    ... success: reloaded. 
33836      INFO  main            d.u.i.k.p.r.p.TestFile    Now processing file /home/runner/work/key/key/key.core/../key.ui/examples/standard_key/java_dl/SimpleAttributes.key 
33837      INFO  main            d.u.i.k.p.i.AbstractProblemLoader Loading environment from /home/runner/work/key/key/key.core/../key.ui/examples/standard_key/java_dl/SimpleAttributes.key 
33837      DEBUG main            d.u.i.k.p.i.AbstractProblemLoader Environment load took 217.5ns 
33838      INFO  main            d.u.i.k.p.i.AbstractProblemLoader Creating init config 
36223      DEBUG main            d.u.i.k.p.i.AbstractProblemLoader Init config took 2.39s 
36241      INFO  main            d.u.i.k.p.i.AbstractProblemLoader Replaying proof SimpleAttributes.key 
36243      DEBUG main            d.u.i.k.p.i.IntermediateProofReplayer Proof replay took 6.2ns 
36346      INFO  main            d.u.i.k.p.r.p.TestFile    ... finished proof: closed. 
36495      INFO  main            d.u.i.k.p.i.AbstractProblemLoader Loading environment from /home/runner/work/key/key/key.core/../key.ui/examples/standard_key/java_dl/SimpleAttributes.key.proof 
36495      DEBUG main            d.u.i.k.p.i.AbstractProblemLoader Environment load took 107.3ns 
36497      INFO  main            d.u.i.k.p.i.AbstractProblemLoader Creating init config 
38837      DEBUG main            d.u.i.k.p.i.AbstractProblemLoader Init config took 2.34s 
38856      INFO  main            d.u.i.k.p.i.AbstractProblemLoader Replaying proof SimpleAttributes.key.proof 
38879      DEBUG main            d.u.i.k.p.i.IntermediateProofReplayer Proof replay took 20.27ms 
38880      DEBUG main            d.u.i.k.p.r.p.TestFile    ... success: reloaded. 
38882      INFO  main            d.u.i.k.p.r.p.TestFile    Now processing file /home/runner/work/key/key/key.core/../key.ui/examples/standard_key/java_dl/arrayMax.key 
38882      INFO  main            d.u.i.k.p.i.AbstractProblemLoader Loading environment from /home/runner/work/key/key/key.core/../key.ui/examples/standard_key/java_dl/arrayMax.key 
38882      DEBUG main            d.u.i.k.p.i.AbstractProblemLoader Environment load took 156.8ns 
38884      INFO  main            d.u.i.k.p.i.AbstractProblemLoader Creating init config 
41359      DEBUG main            d.u.i.k.p.i.AbstractProblemLoader Init config took 2.48s 
41378      INFO  main            d.u.i.k.p.i.AbstractProblemLoader Replaying proof arrayMax.key 
41380      DEBUG main            d.u.i.k.p.i.IntermediateProofReplayer Proof replay took 5.8ns 
42689      INFO  main            d.u.i.k.p.r.p.TestFile    ... finished proof: closed. 
42926      INFO  main            d.u.i.k.p.i.AbstractProblemLoader Loading environment from /home/runner/work/key/key/key.core/../key.ui/examples/standard_key/java_dl/arrayMax.key.proof 
42926      DEBUG main            d.u.i.k.p.i.AbstractProblemLoader Environment load took 339ns 
42929      INFO  main            d.u.i.k.p.i.AbstractProblemLoader Creating init config 
45376      DEBUG main            d.u.i.k.p.i.AbstractProblemLoader Init config took 2.45s 
45396      INFO  main            d.u.i.k.p.i.AbstractProblemLoader Replaying proof arrayMax.key.proof 
45613      DEBUG main            d.u.i.k.p.i.IntermediateProofReplayer Proof replay took 209.29ms 
45615      DEBUG main            d.u.i.k.p.r.p.TestFile    ... success: reloaded. 
45617      INFO  main            d.u.i.k.p.r.p.TestFile    Now processing file /home/runner/work/key/key/key.core/../key.ui/examples/standard_key/java_dl/arrayUpdateSimp.key 
45618      INFO  main            d.u.i.k.p.i.AbstractProblemLoader Loading environment from /home/runner/work/key/key/key.core/../key.ui/examples/standard_key/java_dl/arrayUpdateSimp.key 
45618      DEBUG main            d.u.i.k.p.i.AbstractProblemLoader Environment load took 80.6ns 
45621      INFO  main            d.u.i.k.p.i.AbstractProblemLoader Creating init config 
45646      WARN  main            d.u.i.k.j.r.KeYCrossReferenceNameInfo Datatype java.io.PrintStream declared twice: Once in FILE:/home/runner/work/key/key/key.core/../key.ui/examples/standard_key/java_dl/./classpath/PrintStream.java and once in URL:file:/home/runner/work/key/key/key.core/build/resources/main/de/uka/ilkd/key/java/JavaRedux/java/io/PrintStream.java, Keeping one from URL:file:/home/runner/work/key/key/key.core/build/resources/main/de/uka/ilkd/key/java/JavaRedux/java/io/PrintStream.java 
45646      WARN  main            d.u.i.k.j.r.KeYCrossReferenceNameInfo Datatype java.io.InputStream declared twice: Once in FILE:/home/runner/work/key/key/key.core/../key.ui/examples/standard_key/java_dl/./classpath/InputStream.java and once in URL:file:/home/runner/work/key/key/key.core/build/resources/main/de/uka/ilkd/key/java/JavaRedux/java/io/InputStream.java, Keeping one from URL:file:/home/runner/work/key/key/key.core/build/resources/main/de/uka/ilkd/key/java/JavaRedux/java/io/InputStream.java 
45646      WARN  main            d.u.i.k.j.r.KeYCrossReferenceNameInfo Datatype java.lang.System declared twice: Once in FILE:/home/runner/work/key/key/key.core/../key.ui/examples/standard_key/java_dl/./classpath/System.java and once in URL:file:/home/runner/work/key/key/key.core/build/resources/main/de/uka/ilkd/key/java/JavaRedux/java/lang/System.java, Keeping one from URL:file:/home/runner/work/key/key/key.core/build/resources/main/de/uka/ilkd/key/java/JavaRedux/java/lang/System.java 
45652      DEBUG main            d.u.i.k.j.r.ClassFileDeclarationBuilder Parsing: package java.io; public class Closeable { } 
45653      DEBUG main            r.s.KeYCrossReferenceSourceInfo Dynamically created class: java.io.Closeable 
48026      DEBUG main            d.u.i.k.p.i.AbstractProblemLoader Init config took 2.41s 
48045      INFO  main            d.u.i.k.p.i.AbstractProblemLoader Replaying proof arrayUpdateSimp.key 
48047      DEBUG main            d.u.i.k.p.i.IntermediateProofReplayer Proof replay took 6.2ns 
48150      INFO  main            d.u.i.k.p.r.p.TestFile    ... finished proof: closed. 
48338      INFO  main            d.u.i.k.p.i.AbstractProblemLoader Loading environment from /home/runner/work/key/key/key.core/../key.ui/examples/standard_key/java_dl/arrayUpdateSimp.key.proof 
48338      DEBUG main            d.u.i.k.p.i.AbstractProblemLoader Environment load took 119.9ns 
48344      INFO  main            d.u.i.k.p.i.AbstractProblemLoader Creating init config 
48369      WARN  main            d.u.i.k.j.r.KeYCrossReferenceNameInfo Datatype java.io.PrintStream declared twice: Once in FILE:/home/runner/work/key/key/key.core/../key.ui/examples/standard_key/java_dl/classpath/PrintStream.java and once in URL:file:/home/runner/work/key/key/key.core/build/resources/main/de/uka/ilkd/key/java/JavaRedux/java/io/PrintStream.java, Keeping one from URL:file:/home/runner/work/key/key/key.core/build/resources/main/de/uka/ilkd/key/java/JavaRedux/java/io/PrintStream.java 
48370      WARN  main            d.u.i.k.j.r.KeYCrossReferenceNameInfo Datatype java.io.InputStream declared twice: Once in FILE:/home/runner/work/key/key/key.core/../key.ui/examples/standard_key/java_dl/classpath/InputStream.java and once in URL:file:/home/runner/work/key/key/key.core/build/resources/main/de/uka/ilkd/key/java/JavaRedux/java/io/InputStream.java, Keeping one from URL:file:/home/runner/work/key/key/key.core/build/resources/main/de/uka/ilkd/key/java/JavaRedux/java/io/InputStream.java 
48370      WARN  main            d.u.i.k.j.r.KeYCrossReferenceNameInfo Datatype java.lang.System declared twice: Once in FILE:/home/runner/work/key/key/key.core/../key.ui/examples/standard_key/java_dl/classpath/System.java and once in URL:file:/home/runner/work/key/key/key.core/build/resources/main/de/uka/ilkd/key/java/JavaRedux/java/lang/System.java, Keeping one from URL:file:/home/runner/work/key/key/key.core/build/resources/main/de/uka/ilkd/key/java/JavaRedux/java/lang/System.java 
48374      DEBUG main            d.u.i.k.j.r.ClassFileDeclarationBuilder Parsing: package java.io; public class Closeable { } 
48374      DEBUG main            r.s.KeYCrossReferenceSourceInfo Dynamically created class: java.io.Closeable 
50762      DEBUG main            d.u.i.k.p.i.AbstractProblemLoader Init config took 2.42s 
50784      INFO  main            d.u.i.k.p.i.AbstractProblemLoader Replaying proof arrayUpdateSimp.key.proof 
50787      DEBUG main            d.u.i.k.p.i.IntermediateProofReplayer Proof replay took 897.2ns 
50788      DEBUG main            d.u.i.k.p.r.p.TestFile    ... success: reloaded. 
50790      INFO  main            d.u.i.k.p.r.p.TestFile    Now processing file /home/runner/work/key/key/key.core/../key.ui/examples/standard_key/java_dl/attributes.key 
50791      INFO  main            d.u.i.k.p.i.AbstractProblemLoader Loading environment from /home/runner/work/key/key/key.core/../key.ui/examples/standard_key/java_dl/attributes.key 
50791      DEBUG main            d.u.i.k.p.i.AbstractProblemLoader Environment load took 150.7ns 
50792      INFO  main            d.u.i.k.p.i.AbstractProblemLoader Creating init config 
53233      DEBUG main            d.u.i.k.p.i.AbstractProblemLoader Init config took 2.44s 
53249      INFO  main            d.u.i.k.p.i.AbstractProblemLoader Replaying proof attributes.key 
53250      DEBUG main            d.u.i.k.p.i.IntermediateProofReplayer Proof replay took 6.4ns 
53453      INFO  main            d.u.i.k.p.r.p.TestFile    ... finished proof: closed. 
53622      INFO  main            d.u.i.k.p.i.AbstractProblemLoader Loading environment from /home/runner/work/key/key/key.core/../key.ui/examples/standard_key/java_dl/attributes.key.proof 
53622      DEBUG main            d.u.i.k.p.i.AbstractProblemLoader Environment load took 105.7ns 
53623      INFO  main            d.u.i.k.p.i.AbstractProblemLoader Creating init config 
55983      DEBUG main            d.u.i.k.p.i.AbstractProblemLoader Init config took 2.36s 
55999      INFO  main            d.u.i.k.p.i.AbstractProblemLoader Replaying proof attributes.key.proof 
56036      DEBUG main            d.u.i.k.p.i.IntermediateProofReplayer Proof replay took 33.16ms 
56037      DEBUG main            d.u.i.k.p.r.p.TestFile    ... success: reloaded. 
56040      INFO  main            d.u.i.k.p.r.p.TestFile    Now processing file /home/runner/work/key/key/key.core/../key.ui/examples/standard_key/java_dl/break.key 
56040      INFO  main            d.u.i.k.p.i.AbstractProblemLoader Loading environment from /home/runner/work/key/key/key.core/../key.ui/examples/standard_key/java_dl/break.key 
56040      DEBUG main            d.u.i.k.p.i.AbstractProblemLoader Environment load took 175ns 
56041      INFO  main            d.u.i.k.p.i.AbstractProblemLoader Creating init config 
56062      WARN  main            d.u.i.k.j.r.KeYCrossReferenceNameInfo Datatype java.io.PrintStream declared twice: Once in FILE:/home/runner/work/key/key/key.core/../key.ui/examples/standard_key/java_dl/classpath/PrintStream.java and once in URL:file:/home/runner/work/key/key/key.core/build/resources/main/de/uka/ilkd/key/java/JavaRedux/java/io/PrintStream.java, Keeping one from URL:file:/home/runner/work/key/key/key.core/build/resources/main/de/uka/ilkd/key/java/JavaRedux/java/io/PrintStream.java 
56063      WARN  main            d.u.i.k.j.r.KeYCrossReferenceNameInfo Datatype java.io.InputStream declared twice: Once in FILE:/home/runner/work/key/key/key.core/../key.ui/examples/standard_key/java_dl/classpath/InputStream.java and once in URL:file:/home/runner/work/key/key/key.core/build/resources/main/de/uka/ilkd/key/java/JavaRedux/java/io/InputStream.java, Keeping one from URL:file:/home/runner/work/key/key/key.core/build/resources/main/de/uka/ilkd/key/java/JavaRedux/java/io/InputStream.java 
56063      WARN  main            d.u.i.k.j.r.KeYCrossReferenceNameInfo Datatype java.lang.System declared twice: Once in FILE:/home/runner/work/key/key/key.core/../key.ui/examples/standard_key/java_dl/classpath/System.java and once in URL:file:/home/runner/work/key/key/key.core/build/resources/main/de/uka/ilkd/key/java/JavaRedux/java/lang/System.java, Keeping one from URL:file:/home/runner/work/key/key/key.core/build/resources/main/de/uka/ilkd/key/java/JavaRedux/java/lang/System.java 
56067      DEBUG main            d.u.i.k.j.r.ClassFileDeclarationBuilder Parsing: package java.io; public class Closeable { } 
56067      DEBUG main            r.s.KeYCrossReferenceSourceInfo Dynamically created class: java.io.Closeable 
58455      DEBUG main            d.u.i.k.p.i.AbstractProblemLoader Init config took 2.41s 
58470      INFO  main            d.u.i.k.p.i.AbstractProblemLoader Replaying proof break.key 
58471      DEBUG main            d.u.i.k.p.i.IntermediateProofReplayer Proof replay took 6.3ns 
58573      INFO  main            d.u.i.k.p.r.p.TestFile    ... finished proof: closed. 
58810      INFO  main            d.u.i.k.p.i.AbstractProblemLoader Loading environment from /home/runner/work/key/key/key.core/../key.ui/examples/standard_key/java_dl/break.key.proof 
58810      DEBUG main            d.u.i.k.p.i.AbstractProblemLoader Environment load took 107.1ns 
58811      INFO  main            d.u.i.k.p.i.AbstractProblemLoader Creating init config 
58832      WARN  main            d.u.i.k.j.r.KeYCrossReferenceNameInfo Datatype java.io.PrintStream declared twice: Once in FILE:/home/runner/work/key/key/key.core/../key.ui/examples/standard_key/java_dl/classpath/PrintStream.java and once in URL:file:/home/runner/work/key/key/key.core/build/resources/main/de/uka/ilkd/key/java/JavaRedux/java/io/PrintStream.java, Keeping one from URL:file:/home/runner/work/key/key/key.core/build/resources/main/de/uka/ilkd/key/java/JavaRedux/java/io/PrintStream.java 
58832      WARN  main            d.u.i.k.j.r.KeYCrossReferenceNameInfo Datatype java.io.InputStream declared twice: Once in FILE:/home/runner/work/key/key/key.core/../key.ui/examples/standard_key/java_dl/classpath/InputStream.java and once in URL:file:/home/runner/work/key/key/key.core/build/resources/main/de/uka/ilkd/key/java/JavaRedux/java/io/InputStream.java, Keeping one from URL:file:/home/runner/work/key/key/key.core/build/resources/main/de/uka/ilkd/key/java/JavaRedux/java/io/InputStream.java 
58832      WARN  main            d.u.i.k.j.r.KeYCrossReferenceNameInfo Datatype java.lang.System declared twice: Once in FILE:/home/runner/work/key/key/key.core/../key.ui/examples/standard_key/java_dl/classpath/System.java and once in URL:file:/home/runner/work/key/key/key.core/build/resources/main/de/uka/ilkd/key/java/JavaRedux/java/lang/System.java, Keeping one from URL:file:/home/runner/work/key/key/key.core/build/resources/main/de/uka/ilkd/key/java/JavaRedux/java/lang/System.java 
58835      DEBUG main            d.u.i.k.j.r.ClassFileDeclarationBuilder Parsing: package java.io; public class Closeable { } 
58835      DEBUG main            r.s.KeYCrossReferenceSourceInfo Dynamically created class: java.io.Closeable 
61161      DEBUG main            d.u.i.k.p.i.AbstractProblemLoader Init config took 2.35s 
61177      INFO  main            d.u.i.k.p.i.AbstractProblemLoader Replaying proof break.key.proof 
61193      DEBUG main            d.u.i.k.p.i.IntermediateProofReplayer Proof replay took 13.92ms 
61195      DEBUG main            d.u.i.k.p.r.p.TestFile    ... success: reloaded. 
61197      INFO  main            d.u.i.k.p.r.p.TestFile    Now processing file /home/runner/work/key/key/key.core/../key.ui/examples/standard_key/java_dl/char.key 
61197      INFO  main            d.u.i.k.p.i.AbstractProblemLoader Loading environment from /home/runner/work/key/key/key.core/../key.ui/examples/standard_key/java_dl/char.key 
61197      DEBUG main            d.u.i.k.p.i.AbstractProblemLoader Environment load took 81.8ns 
61198      INFO  main            d.u.i.k.p.i.AbstractProblemLoader Creating init config 
63489      DEBUG main            d.u.i.k.p.i.AbstractProblemLoader Init config took 2.29s 
63504      INFO  main            d.u.i.k.p.i.AbstractProblemLoader Replaying proof char.key 
63505      DEBUG main            d.u.i.k.p.i.IntermediateProofReplayer Proof replay took 5.6ns 
63614      INFO  main            d.u.i.k.p.r.p.TestFile    ... finished proof: closed. 
63790      INFO  main            d.u.i.k.p.i.AbstractProblemLoader Loading environment from /home/runner/work/key/key/key.core/../key.ui/examples/standard_key/java_dl/char.key.proof 
63790      DEBUG main            d.u.i.k.p.i.AbstractProblemLoader Environment load took 100.2ns 
63791      INFO  main            d.u.i.k.p.i.AbstractProblemLoader Creating init config 
66147      DEBUG main            d.u.i.k.p.i.AbstractProblemLoader Init config took 2.36s 
66164      INFO  main            d.u.i.k.p.i.AbstractProblemLoader Replaying proof char.key.proof 
66171      DEBUG main            d.u.i.k.p.i.IntermediateProofReplayer Proof replay took 3.02ms 
66172      DEBUG main            d.u.i.k.p.r.p.TestFile    ... success: reloaded. 
66174      INFO  main            d.u.i.k.p.r.p.TestFile    Now processing file /home/runner/work/key/key/key.core/../key.ui/examples/standard_key/java_dl/compileTimeConstants.key 
66174      INFO  main            d.u.i.k.p.i.AbstractProblemLoader Loading environment from /home/runner/work/key/key/key.core/../key.ui/examples/standard_key/java_dl/compileTimeConstants.key 
66174      DEBUG main            d.u.i.k.p.i.AbstractProblemLoader Environment load took 152ns 
66176      INFO  main            d.u.i.k.p.i.AbstractProblemLoader Creating init config 
68530      DEBUG main            d.u.i.k.p.i.AbstractProblemLoader Init config took 2.35s 
68544      INFO  main            d.u.i.k.p.i.AbstractProblemLoader Replaying proof compileTimeConstants.key 
68546      DEBUG main            d.u.i.k.p.i.IntermediateProofReplayer Proof replay took 5.9ns 
68649      INFO  main            d.u.i.k.p.r.p.TestFile    ... finished proof: closed. 
68828      INFO  main            d.u.i.k.p.i.AbstractProblemLoader Loading environment from /home/runner/work/key/key/key.core/../key.ui/examples/standard_key/java_dl/compileTimeConstants.key.proof 
68828      DEBUG main            d.u.i.k.p.i.AbstractProblemLoader Environment load took 112.6ns 
68830      INFO  main            d.u.i.k.p.i.AbstractProblemLoader Creating init config 
71135      DEBUG main            d.u.i.k.p.i.AbstractProblemLoader Init config took 2.31s 
71149      INFO  main            d.u.i.k.p.i.AbstractProblemLoader Replaying proof compileTimeConstants.key.proof 
71162      DEBUG main            d.u.i.k.p.i.IntermediateProofReplayer Proof replay took 10.97ms 
71163      DEBUG main            d.u.i.k.p.r.p.TestFile    ... success: reloaded. 
71165      INFO  main            d.u.i.k.p.r.p.TestFile    Now processing file /home/runner/work/key/key/key.core/../key.ui/examples/standard_key/java_dl/constructorException/test.key 
71165      INFO  main            d.u.i.k.p.i.AbstractProblemLoader Loading environment from /home/runner/work/key/key/key.core/../key.ui/examples/standard_key/java_dl/constructorException/test.key 
71165      DEBUG main            d.u.i.k.p.i.AbstractProblemLoader Environment load took 93.6ns 
71166      INFO  main            d.u.i.k.p.i.AbstractProblemLoader Creating init config 
73571      DEBUG main            d.u.i.k.p.i.AbstractProblemLoader Init config took 2.4s 
73641      INFO  main            d.u.i.k.p.i.AbstractProblemLoader Replaying proof Test[Test::Test(int)].JML operation contract.0 
73643      DEBUG main            d.u.i.k.p.i.IntermediateProofReplayer Proof replay took 4.8ns 
73852      INFO  main            d.u.i.k.p.r.p.TestFile    ... finished proof: closed. 
74042      INFO  main            d.u.i.k.p.i.AbstractProblemLoader Loading environment from /home/runner/work/key/key/key.core/../key.ui/examples/standard_key/java_dl/constructorException/test.key.proof 
74042      DEBUG main            d.u.i.k.p.i.AbstractProblemLoader Environment load took 100.8ns 
74043      INFO  main            d.u.i.k.p.i.AbstractProblemLoader Creating init config 
76369      DEBUG main            d.u.i.k.p.i.AbstractProblemLoader Init config took 2.33s 
76409      INFO  main            d.u.i.k.p.i.AbstractProblemLoader Replaying proof Test[Test::Test(int)].JML operation contract.0 
76459      DEBUG main            d.u.i.k.p.i.IntermediateProofReplayer Proof replay took 47.32ms 
76460      DEBUG main            d.u.i.k.p.r.p.TestFile    ... success: reloaded. 
76462      INFO  main            d.u.i.k.p.r.p.TestFile    Now processing file /home/runner/work/key/key/key.core/../key.ui/examples/standard_key/java_dl/constructorException/regressionTestBug1333.key 
76462      INFO  main            d.u.i.k.p.i.AbstractProblemLoader Loading environment from /home/runner/work/key/key/key.core/../key.ui/examples/standard_key/java_dl/constructorException/regressionTestBug1333.key 
76462      DEBUG main            d.u.i.k.p.i.AbstractProblemLoader Environment load took 148.3ns 
76463      INFO  main            d.u.i.k.p.i.AbstractProblemLoader Creating init config 
78837      DEBUG main            d.u.i.k.p.i.AbstractProblemLoader Init config took 2.37s 
78875      INFO  main            d.u.i.k.p.i.AbstractProblemLoader Replaying proof False[False::False()].JML normal_behavior operation contract.0 
78877      DEBUG main            d.u.i.k.p.i.IntermediateProofReplayer Proof replay took 6ns 
78982      INFO  main            d.u.i.k.p.r.p.TestFile    ... finished proof: open goal(s) 
79182      INFO  main            d.u.i.k.p.r.p.TestFile    Now processing file /home/runner/work/key/key/key.core/../key.ui/examples/standard_key/java_dl/continue1.key 
79183      INFO  main            d.u.i.k.p.i.AbstractProblemLoader Loading environment from /home/runner/work/key/key/key.core/../key.ui/examples/standard_key/java_dl/continue1.key 
79183      DEBUG main            d.u.i.k.p.i.AbstractProblemLoader Environment load took 53.8ns 
79184      INFO  main            d.u.i.k.p.i.AbstractProblemLoader Creating init config 
79203      WARN  main            d.u.i.k.j.r.KeYCrossReferenceNameInfo Datatype java.io.PrintStream declared twice: Once in FILE:/home/runner/work/key/key/key.core/../key.ui/examples/standard_key/java_dl/classpath/PrintStream.java and once in URL:file:/home/runner/work/key/key/key.core/build/resources/main/de/uka/ilkd/key/java/JavaRedux/java/io/PrintStream.java, Keeping one from URL:file:/home/runner/work/key/key/key.core/build/resources/main/de/uka/ilkd/key/java/JavaRedux/java/io/PrintStream.java 
79204      WARN  main            d.u.i.k.j.r.KeYCrossReferenceNameInfo Datatype java.io.InputStream declared twice: Once in FILE:/home/runner/work/key/key/key.core/../key.ui/examples/standard_key/java_dl/classpath/InputStream.java and once in URL:file:/home/runner/work/key/key/key.core/build/resources/main/de/uka/ilkd/key/java/JavaRedux/java/io/InputStream.java, Keeping one from URL:file:/home/runner/work/key/key/key.core/build/resources/main/de/uka/ilkd/key/java/JavaRedux/java/io/InputStream.java 
79204      WARN  main            d.u.i.k.j.r.KeYCrossReferenceNameInfo Datatype java.lang.System declared twice: Once in FILE:/home/runner/work/key/key/key.core/../key.ui/examples/standard_key/java_dl/classpath/System.java and once in URL:file:/home/runner/work/key/key/key.core/build/resources/main/de/uka/ilkd/key/java/JavaRedux/java/lang/System.java, Keeping one from URL:file:/home/runner/work/key/key/key.core/build/resources/main/de/uka/ilkd/key/java/JavaRedux/java/lang/System.java 
79207      DEBUG main            d.u.i.k.j.r.ClassFileDeclarationBuilder Parsing: package java.io; public class Closeable { } 
79207      DEBUG main            r.s.KeYCrossReferenceSourceInfo Dynamically created class: java.io.Closeable 
81476      DEBUG main            d.u.i.k.p.i.AbstractProblemLoader Init config took 2.29s 
81489      INFO  main            d.u.i.k.p.i.AbstractProblemLoader Replaying proof continue1.key 
81490      DEBUG main            d.u.i.k.p.i.IntermediateProofReplayer Proof replay took 6.4ns 
81597      INFO  main            d.u.i.k.p.r.p.TestFile    ... finished proof: closed. 
81784      INFO  main            d.u.i.k.p.i.AbstractProblemLoader Loading environment from /home/runner/work/key/key/key.core/../key.ui/examples/standard_key/java_dl/continue1.key.proof 
81784      DEBUG main            d.u.i.k.p.i.AbstractProblemLoader Environment load took 100.9ns 
81785      INFO  main            d.u.i.k.p.i.AbstractProblemLoader Creating init config 
81805      WARN  main            d.u.i.k.j.r.KeYCrossReferenceNameInfo Datatype java.io.PrintStream declared twice: Once in FILE:/home/runner/work/key/key/key.core/../key.ui/examples/standard_key/java_dl/classpath/PrintStream.java and once in URL:file:/home/runner/work/key/key/key.core/build/resources/main/de/uka/ilkd/key/java/JavaRedux/java/io/PrintStream.java, Keeping one from URL:file:/home/runner/work/key/key/key.core/build/resources/main/de/uka/ilkd/key/java/JavaRedux/java/io/PrintStream.java 
81806      WARN  main            d.u.i.k.j.r.KeYCrossReferenceNameInfo Datatype java.io.InputStream declared twice: Once in FILE:/home/runner/work/key/key/key.core/../key.ui/examples/standard_key/java_dl/classpath/InputStream.java and once in URL:file:/home/runner/work/key/key/key.core/build/resources/main/de/uka/ilkd/key/java/JavaRedux/java/io/InputStream.java, Keeping one from URL:file:/home/runner/work/key/key/key.core/build/resources/main/de/uka/ilkd/key/java/JavaRedux/java/io/InputStream.java 
81806      WARN  main            d.u.i.k.j.r.KeYCrossReferenceNameInfo Datatype java.lang.System declared twice: Once in FILE:/home/runner/work/key/key/key.core/../key.ui/examples/standard_key/java_dl/classpath/System.java and once in URL:file:/home/runner/work/key/key/key.core/build/resources/main/de/uka/ilkd/key/java/JavaRedux/java/lang/System.java, Keeping one from URL:file:/home/runner/work/key/key/key.core/build/resources/main/de/uka/ilkd/key/java/JavaRedux/java/lang/System.java 
81809      DEBUG main            d.u.i.k.j.r.ClassFileDeclarationBuilder Parsing: package java.io; public class Closeable { } 
81809      DEBUG main            r.s.KeYCrossReferenceSourceInfo Dynamically created class: java.io.Closeable 
84078      DEBUG main            d.u.i.k.p.i.AbstractProblemLoader Init config took 2.29s 
84093      INFO  main            d.u.i.k.p.i.AbstractProblemLoader Replaying proof continue1.key.proof 
84118      DEBUG main            d.u.i.k.p.i.IntermediateProofReplayer Proof replay took 21.93ms 
84120      DEBUG main            d.u.i.k.p.r.p.TestFile    ... success: reloaded. 
84125      INFO  main            d.u.i.k.p.r.p.TestFile    Now processing file /home/runner/work/key/key/key.core/../key.ui/examples/standard_key/java_dl/continue2.key 
84129      INFO  main            d.u.i.k.p.i.AbstractProblemLoader Loading environment from /home/runner/work/key/key/key.core/../key.ui/examples/standard_key/java_dl/continue2.key 
84130      DEBUG main            d.u.i.k.p.i.AbstractProblemLoader Environment load took 816.4ns 
84131      INFO  main            d.u.i.k.p.i.AbstractProblemLoader Creating init config 
84152      WARN  main            d.u.i.k.j.r.KeYCrossReferenceNameInfo Datatype java.io.PrintStream declared twice: Once in FILE:/home/runner/work/key/key/key.core/../key.ui/examples/standard_key/java_dl/classpath/PrintStream.java and once in URL:file:/home/runner/work/key/key/key.core/build/resources/main/de/uka/ilkd/key/java/JavaRedux/java/io/PrintStream.java, Keeping one from URL:file:/home/runner/work/key/key/key.core/build/resources/main/de/uka/ilkd/key/java/JavaRedux/java/io/PrintStream.java 
84152      WARN  main            d.u.i.k.j.r.KeYCrossReferenceNameInfo Datatype java.io.InputStream declared twice: Once in FILE:/home/runner/work/key/key/key.core/../key.ui/examples/standard_key/java_dl/classpath/InputStream.java and once in URL:file:/home/runner/work/key/key/key.core/build/resources/main/de/uka/ilkd/key/java/JavaRedux/java/io/InputStream.java, Keeping one from URL:file:/home/runner/work/key/key/key.core/build/resources/main/de/uka/ilkd/key/java/JavaRedux/java/io/InputStream.java 
84152      WARN  main            d.u.i.k.j.r.KeYCrossReferenceNameInfo Datatype java.lang.System declared twice: Once in FILE:/home/runner/work/key/key/key.core/../key.ui/examples/standard_key/java_dl/classpath/System.java and once in URL:file:/home/runner/work/key/key/key.core/build/resources/main/de/uka/ilkd/key/java/JavaRedux/java/lang/System.java, Keeping one from URL:file:/home/runner/work/key/key/key.core/build/resources/main/de/uka/ilkd/key/java/JavaRedux/java/lang/System.java 
84155      DEBUG main            d.u.i.k.j.r.ClassFileDeclarationBuilder Parsing: package java.io; public class Closeable { } 
84155      DEBUG main            r.s.KeYCrossReferenceSourceInfo Dynamically created class: java.io.Closeable 
86477      DEBUG main            d.u.i.k.p.i.AbstractProblemLoader Init config took 2.35s 
86490      INFO  main            d.u.i.k.p.i.AbstractProblemLoader Replaying proof continue2.key 
86492      DEBUG main            d.u.i.k.p.i.IntermediateProofReplayer Proof replay took 6.5ns 
86794      INFO  main            d.u.i.k.p.r.p.TestFile    ... finished proof: closed. 
86998      INFO  main            d.u.i.k.p.i.AbstractProblemLoader Loading environment from /home/runner/work/key/key/key.core/../key.ui/examples/standard_key/java_dl/continue2.key.proof 
86998      DEBUG main            d.u.i.k.p.i.AbstractProblemLoader Environment load took 88.3ns 
86999      INFO  main            d.u.i.k.p.i.AbstractProblemLoader Creating init config 
87019      WARN  main            d.u.i.k.j.r.KeYCrossReferenceNameInfo Datatype java.io.PrintStream declared twice: Once in FILE:/home/runner/work/key/key/key.core/../key.ui/examples/standard_key/java_dl/classpath/PrintStream.java and once in URL:file:/home/runner/work/key/key/key.core/build/resources/main/de/uka/ilkd/key/java/JavaRedux/java/io/PrintStream.java, Keeping one from URL:file:/home/runner/work/key/key/key.core/build/resources/main/de/uka/ilkd/key/java/JavaRedux/java/io/PrintStream.java 
87019      WARN  main            d.u.i.k.j.r.KeYCrossReferenceNameInfo Datatype java.io.InputStream declared twice: Once in FILE:/home/runner/work/key/key/key.core/../key.ui/examples/standard_key/java_dl/classpath/InputStream.java and once in URL:file:/home/runner/work/key/key/key.core/build/resources/main/de/uka/ilkd/key/java/JavaRedux/java/io/InputStream.java, Keeping one from URL:file:/home/runner/work/key/key/key.core/build/resources/main/de/uka/ilkd/key/java/JavaRedux/java/io/InputStream.java 
87019      WARN  main            d.u.i.k.j.r.KeYCrossReferenceNameInfo Datatype java.lang.System declared twice: Once in FILE:/home/runner/work/key/key/key.core/../key.ui/examples/standard_key/java_dl/classpath/System.java and once in URL:file:/home/runner/work/key/key/key.core/build/resources/main/de/uka/ilkd/key/java/JavaRedux/java/lang/System.java, Keeping one from URL:file:/home/runner/work/key/key/key.core/build/resources/main/de/uka/ilkd/key/java/JavaRedux/java/lang/System.java 
87022      DEBUG main            d.u.i.k.j.r.ClassFileDeclarationBuilder Parsing: package java.io; public class Closeable { } 
87022      DEBUG main            r.s.KeYCrossReferenceSourceInfo Dynamically created class: java.io.Closeable 
89279      DEBUG main            d.u.i.k.p.i.AbstractProblemLoader Init config took 2.28s 
89293      INFO  main            d.u.i.k.p.i.AbstractProblemLoader Replaying proof continue2.key.proof 
89363      DEBUG main            d.u.i.k.p.i.IntermediateProofReplayer Proof replay took 67.43ms 
89364      DEBUG main            d.u.i.k.p.r.p.TestFile    ... success: reloaded. 
89367      INFO  main            d.u.i.k.p.r.p.TestFile    Now processing file /home/runner/work/key/key/key.core/../key.ui/examples/standard_key/java_dl/complexAssignment.key 
89367      INFO  main            d.u.i.k.p.i.AbstractProblemLoader Loading environment from /home/runner/work/key/key/key.core/../key.ui/examples/standard_key/java_dl/complexAssignment.key 
89367      DEBUG main            d.u.i.k.p.i.AbstractProblemLoader Environment load took 152.6ns 
89368      INFO  main            d.u.i.k.p.i.AbstractProblemLoader Creating init config 
91706      DEBUG main            d.u.i.k.p.i.AbstractProblemLoader Init config took 2.34s 
91719      INFO  main            d.u.i.k.p.i.AbstractProblemLoader Replaying proof complexAssignment.key 
91720      DEBUG main            d.u.i.k.p.i.IntermediateProofReplayer Proof replay took 5.6ns 
91825      INFO  main            d.u.i.k.p.r.p.TestFile    ... finished proof: closed. 
92032      INFO  main            d.u.i.k.p.i.AbstractProblemLoader Loading environment from /home/runner/work/key/key/key.core/../key.ui/examples/standard_key/java_dl/complexAssignment.key.proof 
92032      DEBUG main            d.u.i.k.p.i.AbstractProblemLoader Environment load took 92.4ns 
92034      INFO  main            d.u.i.k.p.i.AbstractProblemLoader Creating init config 
94298      DEBUG main            d.u.i.k.p.i.AbstractProblemLoader Init config took 2.26s 
94311      INFO  main            d.u.i.k.p.i.AbstractProblemLoader Replaying proof complexAssignment.key.proof 
94319      DEBUG main            d.u.i.k.p.i.IntermediateProofReplayer Proof replay took 5.69ms 
94320      DEBUG main            d.u.i.k.p.r.p.TestFile    ... success: reloaded. 
94323      INFO  main            d.u.i.k.p.r.p.TestFile    Now processing file /home/runner/work/key/key/key.core/../key.ui/examples/standard_key/java_dl/danglingElseSolution1.key 
94323      INFO  main            d.u.i.k.p.i.AbstractProblemLoader Loading environment from /home/runner/work/key/key/key.core/../key.ui/examples/standard_key/java_dl/danglingElseSolution1.key 
94323      DEBUG main            d.u.i.k.p.i.AbstractProblemLoader Environment load took 145.5ns 
94324      INFO  main            d.u.i.k.p.i.AbstractProblemLoader Creating init config 
96639      DEBUG main            d.u.i.k.p.i.AbstractProblemLoader Init config took 2.31s 
96652      INFO  main            d.u.i.k.p.i.AbstractProblemLoader Replaying proof danglingElseSolution1.key 
96655      DEBUG main            d.u.i.k.p.i.IntermediateProofReplayer Proof replay took 5.8ns 
96757      INFO  main            d.u.i.k.p.r.p.TestFile    ... finished proof: closed. 
96965      INFO  main            d.u.i.k.p.i.AbstractProblemLoader Loading environment from /home/runner/work/key/key/key.core/../key.ui/examples/standard_key/java_dl/danglingElseSolution1.key.proof 
96966      DEBUG main            d.u.i.k.p.i.AbstractProblemLoader Environment load took 114.7ns 
96967      INFO  main            d.u.i.k.p.i.AbstractProblemLoader Creating init config 
99216      DEBUG main            d.u.i.k.p.i.AbstractProblemLoader Init config took 2.25s 
99230      INFO  main            d.u.i.k.p.i.AbstractProblemLoader Replaying proof danglingElseSolution1.key.proof 
99239      DEBUG main            d.u.i.k.p.i.IntermediateProofReplayer Proof replay took 7.43ms 
99240      DEBUG main            d.u.i.k.p.r.p.TestFile    ... success: reloaded. 
99241      INFO  main            d.u.i.k.p.r.p.TestFile    Now processing file /home/runner/work/key/key/key.core/../key.ui/examples/standard_key/java_dl/danglingElseSolution2.key 
99241      INFO  main            d.u.i.k.p.i.AbstractProblemLoader Loading environment from /home/runner/work/key/key/key.core/../key.ui/examples/standard_key/java_dl/danglingElseSolution2.key 
99242      DEBUG main            d.u.i.k.p.i.AbstractProblemLoader Environment load took 72.2ns 
99242      INFO  main            d.u.i.k.p.i.AbstractProblemLoader Creating init config 
101530     DEBUG main            d.u.i.k.p.i.AbstractProblemLoader Init config took 2.29s 
101544     INFO  main            d.u.i.k.p.i.AbstractProblemLoader Replaying proof danglingElseSolution2.key 
101545     DEBUG main            d.u.i.k.p.i.IntermediateProofReplayer Proof replay took 5.9ns 
101649     INFO  main            d.u.i.k.p.r.p.TestFile    ... finished proof: closed. 
101860     INFO  main            d.u.i.k.p.i.AbstractProblemLoader Loading environment from /home/runner/work/key/key/key.core/../key.ui/examples/standard_key/java_dl/danglingElseSolution2.key.proof 
101860     DEBUG main            d.u.i.k.p.i.AbstractProblemLoader Environment load took 87.7ns 
101861     INFO  main            d.u.i.k.p.i.AbstractProblemLoader Creating init config 
104096     DEBUG main            d.u.i.k.p.i.AbstractProblemLoader Init config took 2.23s 
104109     INFO  main            d.u.i.k.p.i.AbstractProblemLoader Replaying proof danglingElseSolution2.key.proof 
104119     DEBUG main            d.u.i.k.p.i.IntermediateProofReplayer Proof replay took 7.71ms 
104120     DEBUG main            d.u.i.k.p.r.p.TestFile    ... success: reloaded. 
104121     INFO  main            d.u.i.k.p.r.p.TestFile    Now processing file /home/runner/work/key/key/key.core/../key.ui/examples/standard_key/java_dl/deepNonNull/deepNonNull0.key 
104121     INFO  main            d.u.i.k.p.i.AbstractProblemLoader Loading environment from /home/runner/work/key/key/key.core/../key.ui/examples/standard_key/java_dl/deepNonNull/deepNonNull0.key 
104121     DEBUG main            d.u.i.k.p.i.AbstractProblemLoader Environment load took 92.7ns 
104122     INFO  main            d.u.i.k.p.i.AbstractProblemLoader Creating init config 
106476     DEBUG main            d.u.i.k.p.i.AbstractProblemLoader Init config took 2.35s 
106536     INFO  main            d.u.i.k.p.i.AbstractProblemLoader Replaying proof Arrays[Arrays::get()].JML operation contract.0 
106538     DEBUG main            d.u.i.k.p.i.IntermediateProofReplayer Proof replay took 5.7ns 
106740     INFO  main            d.u.i.k.p.r.p.TestFile    ... finished proof: closed. 
106987     INFO  main            d.u.i.k.p.i.AbstractProblemLoader Loading environment from /home/runner/work/key/key/key.core/../key.ui/examples/standard_key/java_dl/deepNonNull/deepNonNull0.key.proof 
106987     DEBUG main            d.u.i.k.p.i.AbstractProblemLoader Environment load took 87.9ns 
106988     INFO  main            d.u.i.k.p.i.AbstractProblemLoader Creating init config 
109288     DEBUG main            d.u.i.k.p.i.AbstractProblemLoader Init config took 2.3s 
109335     INFO  main            d.u.i.k.p.i.AbstractProblemLoader Replaying proof Arrays[Arrays::get()].JML operation contract.0 
109364     DEBUG main            d.u.i.k.p.i.IntermediateProofReplayer Proof replay took 26.29ms 
109365     DEBUG main            d.u.i.k.p.r.p.TestFile    ... success: reloaded. 
109368     INFO  main            d.u.i.k.p.r.p.TestFile    Now processing file /home/runner/work/key/key/key.core/../key.ui/examples/standard_key/java_dl/deepNonNull/deepNonNull1.key 
109369     INFO  main            d.u.i.k.p.i.AbstractProblemLoader Loading environment from /home/runner/work/key/key/key.core/../key.ui/examples/standard_key/java_dl/deepNonNull/deepNonNull1.key 
109369     DEBUG main            d.u.i.k.p.i.AbstractProblemLoader Environment load took 149.9ns 
109370     INFO  main            d.u.i.k.p.i.AbstractProblemLoader Creating init config 
111730     DEBUG main            d.u.i.k.p.i.AbstractProblemLoader Init config took 2.36s 
111765     INFO  main            d.u.i.k.p.i.AbstractProblemLoader Replaying proof Arrays[Arrays::head()].JML operation contract.0 
111766     DEBUG main            d.u.i.k.p.i.IntermediateProofReplayer Proof replay took 5.4ns 
111869     INFO  main            d.u.i.k.p.r.p.TestFile    ... finished proof: closed. 
112102     INFO  main            d.u.i.k.p.i.AbstractProblemLoader Loading environment from /home/runner/work/key/key/key.core/../key.ui/examples/standard_key/java_dl/deepNonNull/deepNonNull1.key.proof 
112102     DEBUG main            d.u.i.k.p.i.AbstractProblemLoader Environment load took 86.6ns 
112103     INFO  main            d.u.i.k.p.i.AbstractProblemLoader Creating init config 
114407     DEBUG main            d.u.i.k.p.i.AbstractProblemLoader Init config took 2.3s 
114447     INFO  main            d.u.i.k.p.i.AbstractProblemLoader Replaying proof Arrays[Arrays::head()].JML operation contract.0 
114471     DEBUG main            d.u.i.k.p.i.IntermediateProofReplayer Proof replay took 22.13ms 
114472     DEBUG main            d.u.i.k.p.r.p.TestFile    ... success: reloaded. 
114474     INFO  main            d.u.i.k.p.r.p.TestFile    Now processing file /home/runner/work/key/key/key.core/../key.ui/examples/standard_key/java_dl/deepNonNull/deepNonNull2.key 
114474     INFO  main            d.u.i.k.p.i.AbstractProblemLoader Loading environment from /home/runner/work/key/key/key.core/../key.ui/examples/standard_key/java_dl/deepNonNull/deepNonNull2.key 
114474     DEBUG main            d.u.i.k.p.i.AbstractProblemLoader Environment load took 73.7ns 
114475     INFO  main            d.u.i.k.p.i.AbstractProblemLoader Creating init config 
116826     DEBUG main            d.u.i.k.p.i.AbstractProblemLoader Init config took 2.35s 
116860     INFO  main            d.u.i.k.p.i.AbstractProblemLoader Replaying proof Arrays[Arrays::unprovable(java.lang.Object)].JML operation contract.0 
116861     DEBUG main            d.u.i.k.p.i.IntermediateProofReplayer Proof replay took 5.1ns 
116969     INFO  main            d.u.i.k.p.r.p.TestFile    ... finished proof: open goal(s) 
117202     INFO  main            d.u.i.k.p.r.p.TestFile    Now processing file /home/runner/work/key/key/key.core/../key.ui/examples/standard_key/java_dl/deepNonNull/deepNonNull3.key 
117203     INFO  main            d.u.i.k.p.i.AbstractProblemLoader Loading environment from /home/runner/work/key/key/key.core/../key.ui/examples/standard_key/java_dl/deepNonNull/deepNonNull3.key 
117203     DEBUG main            d.u.i.k.p.i.AbstractProblemLoader Environment load took 72.8ns 
117203     INFO  main            d.u.i.k.p.i.AbstractProblemLoader Creating init config 
119498     DEBUG main            d.u.i.k.p.i.AbstractProblemLoader Init config took 2.29s 
119532     INFO  main            d.u.i.k.p.i.AbstractProblemLoader Replaying proof Arrays[Arrays::head([[[[Ljava.lang.Object)].JML operation contract.0 
119533     DEBUG main            d.u.i.k.p.i.IntermediateProofReplayer Proof replay took 5.5ns 
120444     INFO  main            d.u.i.k.p.r.p.TestFile    ... finished proof: closed. 
120797     INFO  main            d.u.i.k.p.i.AbstractProblemLoader Loading environment from /home/runner/work/key/key/key.core/../key.ui/examples/standard_key/java_dl/deepNonNull/deepNonNull3.key.proof 
120797     DEBUG main            d.u.i.k.p.i.AbstractProblemLoader Environment load took 309.5ns 
120799     INFO  main            d.u.i.k.p.i.AbstractProblemLoader Creating init config 
123092     DEBUG main            d.u.i.k.p.i.AbstractProblemLoader Init config took 2.29s 
123131     INFO  main            d.u.i.k.p.i.AbstractProblemLoader Replaying proof Arrays[Arrays::head([[[[Ljava.lang.Object)].JML operation contract.0 
123251     DEBUG main            d.u.i.k.p.i.IntermediateProofReplayer Proof replay took 114.06ms 
123252     DEBUG main            d.u.i.k.p.r.p.TestFile    ... success: reloaded. 
123253     INFO  main            d.u.i.k.p.r.p.TestFile    Now processing file /home/runner/work/key/key/key.core/../key.ui/examples/standard_key/java_dl/exceptions.key 
123253     INFO  main            d.u.i.k.p.i.AbstractProblemLoader Loading environment from /home/runner/work/key/key/key.core/../key.ui/examples/standard_key/java_dl/exceptions.key 
123254     DEBUG main            d.u.i.k.p.i.AbstractProblemLoader Environment load took 144.1ns 
123254     INFO  main            d.u.i.k.p.i.AbstractProblemLoader Creating init config 
123275     WARN  main            d.u.i.k.j.r.KeYCrossReferenceNameInfo Datatype java.io.PrintStream declared twice: Once in FILE:/home/runner/work/key/key/key.core/../key.ui/examples/standard_key/java_dl/classpath/PrintStream.java and once in URL:file:/home/runner/work/key/key/key.core/build/resources/main/de/uka/ilkd/key/java/JavaRedux/java/io/PrintStream.java, Keeping one from URL:file:/home/runner/work/key/key/key.core/build/resources/main/de/uka/ilkd/key/java/JavaRedux/java/io/PrintStream.java 
123275     WARN  main            d.u.i.k.j.r.KeYCrossReferenceNameInfo Datatype java.io.InputStream declared twice: Once in FILE:/home/runner/work/key/key/key.core/../key.ui/examples/standard_key/java_dl/classpath/InputStream.java and once in URL:file:/home/runner/work/key/key/key.core/build/resources/main/de/uka/ilkd/key/java/JavaRedux/java/io/InputStream.java, Keeping one from URL:file:/home/runner/work/key/key/key.core/build/resources/main/de/uka/ilkd/key/java/JavaRedux/java/io/InputStream.java 
123275     WARN  main            d.u.i.k.j.r.KeYCrossReferenceNameInfo Datatype java.lang.System declared twice: Once in FILE:/home/runner/work/key/key/key.core/../key.ui/examples/standard_key/java_dl/classpath/System.java and once in URL:file:/home/runner/work/key/key/key.core/build/resources/main/de/uka/ilkd/key/java/JavaRedux/java/lang/System.java, Keeping one from URL:file:/home/runner/work/key/key/key.core/build/resources/main/de/uka/ilkd/key/java/JavaRedux/java/lang/System.java 
123278     DEBUG main            d.u.i.k.j.r.ClassFileDeclarationBuilder Parsing: package java.io; public class Closeable { } 
123278     DEBUG main            r.s.KeYCrossReferenceSourceInfo Dynamically created class: java.io.Closeable 
125574     DEBUG main            d.u.i.k.p.i.AbstractProblemLoader Init config took 2.32s 
125588     INFO  main            d.u.i.k.p.i.AbstractProblemLoader Replaying proof exceptions.key 
125589     DEBUG main            d.u.i.k.p.i.IntermediateProofReplayer Proof replay took 6ns 
125791     INFO  main            d.u.i.k.p.r.p.TestFile    ... finished proof: closed. 
126032     INFO  main            d.u.i.k.p.i.AbstractProblemLoader Loading environment from /home/runner/work/key/key/key.core/../key.ui/examples/standard_key/java_dl/exceptions.key.proof 
126032     DEBUG main            d.u.i.k.p.i.AbstractProblemLoader Environment load took 76.1ns 
126033     INFO  main            d.u.i.k.p.i.AbstractProblemLoader Creating init config 
126053     WARN  main            d.u.i.k.j.r.KeYCrossReferenceNameInfo Datatype java.io.PrintStream declared twice: Once in FILE:/home/runner/work/key/key/key.core/../key.ui/examples/standard_key/java_dl/classpath/PrintStream.java and once in URL:file:/home/runner/work/key/key/key.core/build/resources/main/de/uka/ilkd/key/java/JavaRedux/java/io/PrintStream.java, Keeping one from URL:file:/home/runner/work/key/key/key.core/build/resources/main/de/uka/ilkd/key/java/JavaRedux/java/io/PrintStream.java 
126053     WARN  main            d.u.i.k.j.r.KeYCrossReferenceNameInfo Datatype java.io.InputStream declared twice: Once in FILE:/home/runner/work/key/key/key.core/../key.ui/examples/standard_key/java_dl/classpath/InputStream.java and once in URL:file:/home/runner/work/key/key/key.core/build/resources/main/de/uka/ilkd/key/java/JavaRedux/java/io/InputStream.java, Keeping one from URL:file:/home/runner/work/key/key/key.core/build/resources/main/de/uka/ilkd/key/java/JavaRedux/java/io/InputStream.java 
126053     WARN  main            d.u.i.k.j.r.KeYCrossReferenceNameInfo Datatype java.lang.System declared twice: Once in FILE:/home/runner/work/key/key/key.core/../key.ui/examples/standard_key/java_dl/classpath/System.java and once in URL:file:/home/runner/work/key/key/key.core/build/resources/main/de/uka/ilkd/key/java/JavaRedux/java/lang/System.java, Keeping one from URL:file:/home/runner/work/key/key/key.core/build/resources/main/de/uka/ilkd/key/java/JavaRedux/java/lang/System.java 
126056     DEBUG main            d.u.i.k.j.r.ClassFileDeclarationBuilder Parsing: package java.io; public class Closeable { } 
126056     DEBUG main            r.s.KeYCrossReferenceSourceInfo Dynamically created class: java.io.Closeable 
128311     DEBUG main            d.u.i.k.p.i.AbstractProblemLoader Init config took 2.28s 
128324     INFO  main            d.u.i.k.p.i.AbstractProblemLoader Replaying proof exceptions.key.proof 
128363     DEBUG main            d.u.i.k.p.i.IntermediateProofReplayer Proof replay took 37.18ms 
128364     DEBUG main            d.u.i.k.p.r.p.TestFile    ... success: reloaded. 
128366     INFO  main            d.u.i.k.p.r.p.TestFile    Now processing file /home/runner/work/key/key/key.core/../key.ui/examples/standard_key/java_dl/exceptions1.key 
128366     INFO  main            d.u.i.k.p.i.AbstractProblemLoader Loading environment from /home/runner/work/key/key/key.core/../key.ui/examples/standard_key/java_dl/exceptions1.key 
128366     DEBUG main            d.u.i.k.p.i.AbstractProblemLoader Environment load took 68.9ns 
128367     INFO  main            d.u.i.k.p.i.AbstractProblemLoader Creating init config 
130661     DEBUG main            d.u.i.k.p.i.AbstractProblemLoader Init config took 2.29s 
130675     INFO  main            d.u.i.k.p.i.AbstractProblemLoader Replaying proof exceptions1.key 
130677     DEBUG main            d.u.i.k.p.i.IntermediateProofReplayer Proof replay took 7.5ns 
130779     INFO  main            d.u.i.k.p.r.p.TestFile    ... finished proof: closed. 
131029     INFO  main            d.u.i.k.p.i.AbstractProblemLoader Loading environment from /home/runner/work/key/key/key.core/../key.ui/examples/standard_key/java_dl/exceptions1.key.proof 
131029     DEBUG main            d.u.i.k.p.i.AbstractProblemLoader Environment load took 78ns 
131030     INFO  main            d.u.i.k.p.i.AbstractProblemLoader Creating init config 
133302     DEBUG main            d.u.i.k.p.i.AbstractProblemLoader Init config took 2.27s 
133316     INFO  main            d.u.i.k.p.i.AbstractProblemLoader Replaying proof exceptions1.key.proof 
133345     DEBUG main            d.u.i.k.p.i.IntermediateProofReplayer Proof replay took 26.94ms 
133346     DEBUG main            d.u.i.k.p.r.p.TestFile    ... success: reloaded. 
133348     INFO  main            d.u.i.k.p.r.p.TestFile    Now processing file /home/runner/work/key/key/key.core/../key.ui/examples/standard_key/java_dl/exceptions2.key 
133348     INFO  main            d.u.i.k.p.i.AbstractProblemLoader Loading environment from /home/runner/work/key/key/key.core/../key.ui/examples/standard_key/java_dl/exceptions2.key 
133348     DEBUG main            d.u.i.k.p.i.AbstractProblemLoader Environment load took 69.9ns 
133349     INFO  main            d.u.i.k.p.i.AbstractProblemLoader Creating init config 
135607     DEBUG main            d.u.i.k.p.i.AbstractProblemLoader Init config took 2.26s 
135623     INFO  main            d.u.i.k.p.i.AbstractProblemLoader Replaying proof exceptions2.key 
135625     DEBUG main            d.u.i.k.p.i.IntermediateProofReplayer Proof replay took 8.3ns 
135729     INFO  main            d.u.i.k.p.r.p.TestFile    ... finished proof: closed. 
136020     INFO  main            d.u.i.k.p.i.AbstractProblemLoader Loading environment from /home/runner/work/key/key/key.core/../key.ui/examples/standard_key/java_dl/exceptions2.key.proof 
136020     DEBUG main            d.u.i.k.p.i.AbstractProblemLoader Environment load took 81.1ns 
136021     INFO  main            d.u.i.k.p.i.AbstractProblemLoader Creating init config 
138249     DEBUG main            d.u.i.k.p.i.AbstractProblemLoader Init config took 2.23s 
138262     INFO  main            d.u.i.k.p.i.AbstractProblemLoader Replaying proof exceptions2.key.proof 
138291     DEBUG main            d.u.i.k.p.i.IntermediateProofReplayer Proof replay took 25.78ms 
138292     DEBUG main            d.u.i.k.p.r.p.TestFile    ... success: reloaded. 
138294     INFO  main            d.u.i.k.p.r.p.TestFile    Now processing file /home/runner/work/key/key/key.core/../key.ui/examples/standard_key/java_dl/exceptions3.key 
138294     INFO  main            d.u.i.k.p.i.AbstractProblemLoader Loading environment from /home/runner/work/key/key/key.core/../key.ui/examples/standard_key/java_dl/exceptions3.key 
138295     DEBUG main            d.u.i.k.p.i.AbstractProblemLoader Environment load took 144.6ns 
138296     INFO  main            d.u.i.k.p.i.AbstractProblemLoader Creating init config 
138315     WARN  main            d.u.i.k.j.r.KeYCrossReferenceNameInfo Datatype java.io.PrintStream declared twice: Once in FILE:/home/runner/work/key/key/key.core/../key.ui/examples/standard_key/java_dl/classpath/PrintStream.java and once in URL:file:/home/runner/work/key/key/key.core/build/resources/main/de/uka/ilkd/key/java/JavaRedux/java/io/PrintStream.java, Keeping one from URL:file:/home/runner/work/key/key/key.core/build/resources/main/de/uka/ilkd/key/java/JavaRedux/java/io/PrintStream.java 
138315     WARN  main            d.u.i.k.j.r.KeYCrossReferenceNameInfo Datatype java.io.InputStream declared twice: Once in FILE:/home/runner/work/key/key/key.core/../key.ui/examples/standard_key/java_dl/classpath/InputStream.java and once in URL:file:/home/runner/work/key/key/key.core/build/resources/main/de/uka/ilkd/key/java/JavaRedux/java/io/InputStream.java, Keeping one from URL:file:/home/runner/work/key/key/key.core/build/resources/main/de/uka/ilkd/key/java/JavaRedux/java/io/InputStream.java 
138315     WARN  main            d.u.i.k.j.r.KeYCrossReferenceNameInfo Datatype java.lang.System declared twice: Once in FILE:/home/runner/work/key/key/key.core/../key.ui/examples/standard_key/java_dl/classpath/System.java and once in URL:file:/home/runner/work/key/key/key.core/build/resources/main/de/uka/ilkd/key/java/JavaRedux/java/lang/System.java, Keeping one from URL:file:/home/runner/work/key/key/key.core/build/resources/main/de/uka/ilkd/key/java/JavaRedux/java/lang/System.java 
138318     DEBUG main            d.u.i.k.j.r.ClassFileDeclarationBuilder Parsing: package java.io; public class Closeable { } 
138318     DEBUG main            r.s.KeYCrossReferenceSourceInfo Dynamically created class: java.io.Closeable 
140616     DEBUG main            d.u.i.k.p.i.AbstractProblemLoader Init config took 2.32s 
140629     INFO  main            d.u.i.k.p.i.AbstractProblemLoader Replaying proof exceptions3.key 
140630     DEBUG main            d.u.i.k.p.i.IntermediateProofReplayer Proof replay took 6ns 
140733     INFO  main            d.u.i.k.p.r.p.TestFile    ... finished proof: closed. 
140984     INFO  main            d.u.i.k.p.i.AbstractProblemLoader Loading environment from /home/runner/work/key/key/key.core/../key.ui/examples/standard_key/java_dl/exceptions3.key.proof 
140984     DEBUG main            d.u.i.k.p.i.AbstractProblemLoader Environment load took 110.3ns 
140985     INFO  main            d.u.i.k.p.i.AbstractProblemLoader Creating init config 
141010     WARN  main            d.u.i.k.j.r.KeYCrossReferenceNameInfo Datatype java.io.PrintStream declared twice: Once in FILE:/home/runner/work/key/key/key.core/../key.ui/examples/standard_key/java_dl/classpath/PrintStream.java and once in URL:file:/home/runner/work/key/key/key.core/build/resources/main/de/uka/ilkd/key/java/JavaRedux/java/io/PrintStream.java, Keeping one from URL:file:/home/runner/work/key/key/key.core/build/resources/main/de/uka/ilkd/key/java/JavaRedux/java/io/PrintStream.java 
141010     WARN  main            d.u.i.k.j.r.KeYCrossReferenceNameInfo Datatype java.io.InputStream declared twice: Once in FILE:/home/runner/work/key/key/key.core/../key.ui/examples/standard_key/java_dl/classpath/InputStream.java and once in URL:file:/home/runner/work/key/key/key.core/build/resources/main/de/uka/ilkd/key/java/JavaRedux/java/io/InputStream.java, Keeping one from URL:file:/home/runner/work/key/key/key.core/build/resources/main/de/uka/ilkd/key/java/JavaRedux/java/io/InputStream.java 
141010     WARN  main            d.u.i.k.j.r.KeYCrossReferenceNameInfo Datatype java.lang.System declared twice: Once in FILE:/home/runner/work/key/key/key.core/../key.ui/examples/standard_key/java_dl/classpath/System.java and once in URL:file:/home/runner/work/key/key/key.core/build/resources/main/de/uka/ilkd/key/java/JavaRedux/java/lang/System.java, Keeping one from URL:file:/home/runner/work/key/key/key.core/build/resources/main/de/uka/ilkd/key/java/JavaRedux/java/lang/System.java 
141013     DEBUG main            d.u.i.k.j.r.ClassFileDeclarationBuilder Parsing: package java.io; public class Closeable { } 
141013     DEBUG main            r.s.KeYCrossReferenceSourceInfo Dynamically created class: java.io.Closeable 
143260     DEBUG main            d.u.i.k.p.i.AbstractProblemLoader Init config took 2.27s 
143273     INFO  main            d.u.i.k.p.i.AbstractProblemLoader Replaying proof exceptions3.key.proof 
143278     DEBUG main            d.u.i.k.p.i.IntermediateProofReplayer Proof replay took 3.42ms 
143279     DEBUG main            d.u.i.k.p.r.p.TestFile    ... success: reloaded. 
143281     INFO  main            d.u.i.k.p.r.p.TestFile    Now processing file /home/runner/work/key/key/key.core/../key.ui/examples/standard_key/java_dl/exchange.key 
143282     INFO  main            d.u.i.k.p.i.AbstractProblemLoader Loading environment from /home/runner/work/key/key/key.core/../key.ui/examples/standard_key/java_dl/exchange.key 
143282     DEBUG main            d.u.i.k.p.i.AbstractProblemLoader Environment load took 144.5ns 
143283     INFO  main            d.u.i.k.p.i.AbstractProblemLoader Creating init config 
145553     DEBUG main            d.u.i.k.p.i.AbstractProblemLoader Init config took 2.27s 
145567     INFO  main            d.u.i.k.p.i.AbstractProblemLoader Replaying proof exchange.key 
145568     DEBUG main            d.u.i.k.p.i.IntermediateProofReplayer Proof replay took 6.6ns 
145673     INFO  main            d.u.i.k.p.r.p.TestFile    ... finished proof: closed. 
145930     INFO  main            d.u.i.k.p.i.AbstractProblemLoader Loading environment from /home/runner/work/key/key/key.core/../key.ui/examples/standard_key/java_dl/exchange.key.proof 
145930     DEBUG main            d.u.i.k.p.i.AbstractProblemLoader Environment load took 85.7ns 
145931     INFO  main            d.u.i.k.p.i.AbstractProblemLoader Creating init config 
148158     DEBUG main            d.u.i.k.p.i.AbstractProblemLoader Init config took 2.23s 
148171     INFO  main            d.u.i.k.p.i.AbstractProblemLoader Replaying proof exchange.key.proof 
148175     DEBUG main            d.u.i.k.p.i.IntermediateProofReplayer Proof replay took 2.61ms 
148176     DEBUG main            d.u.i.k.p.r.p.TestFile    ... success: reloaded. 
148177     INFO  main            d.u.i.k.p.r.p.TestFile    Now processing file /home/runner/work/key/key/key.core/../key.ui/examples/standard_key/java_dl/if.key 
148178     INFO  main            d.u.i.k.p.i.AbstractProblemLoader Loading environment from /home/runner/work/key/key/key.core/../key.ui/examples/standard_key/java_dl/if.key 
148178     DEBUG main            d.u.i.k.p.i.AbstractProblemLoader Environment load took 134.3ns 
148179     INFO  main            d.u.i.k.p.i.AbstractProblemLoader Creating init config 
150426     DEBUG main            d.u.i.k.p.i.AbstractProblemLoader Init config took 2.25s 
150438     INFO  main            d.u.i.k.p.i.AbstractProblemLoader Replaying proof if.key 
150440     DEBUG main            d.u.i.k.p.i.IntermediateProofReplayer Proof replay took 16.4ns 
150545     INFO  main            d.u.i.k.p.r.p.TestFile    ... finished proof: closed. 
150804     INFO  main            d.u.i.k.p.i.AbstractProblemLoader Loading environment from /home/runner/work/key/key/key.core/../key.ui/examples/standard_key/java_dl/if.key.proof 
150804     DEBUG main            d.u.i.k.p.i.AbstractProblemLoader Environment load took 92ns 
150805     INFO  main            d.u.i.k.p.i.AbstractProblemLoader Creating init config 
153016     DEBUG main            d.u.i.k.p.i.AbstractProblemLoader Init config took 2.21s 
153029     INFO  main            d.u.i.k.p.i.AbstractProblemLoader Replaying proof if.key.proof 
153032     DEBUG main            d.u.i.k.p.i.IntermediateProofReplayer Proof replay took 2.43ms 
153033     DEBUG main            d.u.i.k.p.r.p.TestFile    ... success: reloaded. 
153034     INFO  main            d.u.i.k.p.r.p.TestFile    Now processing file /home/runner/work/key/key/key.core/../key.ui/examples/standard_key/java_dl/incrementcounter.key 
153035     INFO  main            d.u.i.k.p.i.AbstractProblemLoader Loading environment from /home/runner/work/key/key/key.core/../key.ui/examples/standard_key/java_dl/incrementcounter.key 
153035     DEBUG main            d.u.i.k.p.i.AbstractProblemLoader Environment load took 79.5ns 
153035     INFO  main            d.u.i.k.p.i.AbstractProblemLoader Creating init config 
155286     DEBUG main            d.u.i.k.p.i.AbstractProblemLoader Init config took 2.25s 
155299     INFO  main            d.u.i.k.p.i.AbstractProblemLoader Replaying proof incrementcounter.key 
155300     DEBUG main            d.u.i.k.p.i.IntermediateProofReplayer Proof replay took 5.4ns 
155402     INFO  main            d.u.i.k.p.r.p.TestFile    ... finished proof: closed. 
155665     INFO  main            d.u.i.k.p.i.AbstractProblemLoader Loading environment from /home/runner/work/key/key/key.core/../key.ui/examples/standard_key/java_dl/incrementcounter.key.proof 
155665     DEBUG main            d.u.i.k.p.i.AbstractProblemLoader Environment load took 73.6ns 
155666     INFO  main            d.u.i.k.p.i.AbstractProblemLoader Creating init config 
157877     DEBUG main            d.u.i.k.p.i.AbstractProblemLoader Init config took 2.21s 
157890     INFO  main            d.u.i.k.p.i.AbstractProblemLoader Replaying proof incrementcounter.key.proof 
157893     DEBUG main            d.u.i.k.p.i.IntermediateProofReplayer Proof replay took 1.95ms 
157894     DEBUG main            d.u.i.k.p.r.p.TestFile    ... success: reloaded. 
157895     INFO  main            d.u.i.k.p.r.p.TestFile    Now processing file /home/runner/work/key/key/key.core/../key.ui/examples/standard_key/java_dl/danglingElse.key 
157896     INFO  main            d.u.i.k.p.i.AbstractProblemLoader Loading environment from /home/runner/work/key/key/key.core/../key.ui/examples/standard_key/java_dl/danglingElse.key 
157896     DEBUG main            d.u.i.k.p.i.AbstractProblemLoader Environment load took 66.6ns 
157905     INFO  main            d.u.i.k.p.i.AbstractProblemLoader Creating init config 
160159     DEBUG main            d.u.i.k.p.i.AbstractProblemLoader Init config took 2.25s 
160172     INFO  main            d.u.i.k.p.i.AbstractProblemLoader Replaying proof danglingElse.key 
160173     DEBUG main            d.u.i.k.p.i.IntermediateProofReplayer Proof replay took 6.1ns 
160275     INFO  main            d.u.i.k.p.r.p.TestFile    ... finished proof: open goal(s) 
160548     INFO  main            d.u.i.k.p.r.p.TestFile    Now processing file /home/runner/work/key/key/key.core/../key.ui/examples/standard_key/java_dl/iteratedAssignment.key 
160551     INFO  main            d.u.i.k.p.i.AbstractProblemLoader Loading environment from /home/runner/work/key/key/key.core/../key.ui/examples/standard_key/java_dl/iteratedAssignment.key 
160551     DEBUG main            d.u.i.k.p.i.AbstractProblemLoader Environment load took 108.6ns 
160552     INFO  main            d.u.i.k.p.i.AbstractProblemLoader Creating init config 
162776     DEBUG main            d.u.i.k.p.i.AbstractProblemLoader Init config took 2.22s 
162790     INFO  main            d.u.i.k.p.i.AbstractProblemLoader Replaying proof iteratedAssignment.key 
162792     DEBUG main            d.u.i.k.p.i.IntermediateProofReplayer Proof replay took 7.3ns 
163094     INFO  main            d.u.i.k.p.r.p.TestFile    ... finished proof: closed. 
163374     INFO  main            d.u.i.k.p.i.AbstractProblemLoader Loading environment from /home/runner/work/key/key/key.core/../key.ui/examples/standard_key/java_dl/iteratedAssignment.key.proof 
163374     DEBUG main            d.u.i.k.p.i.AbstractProblemLoader Environment load took 73ns 
163375     INFO  main            d.u.i.k.p.i.AbstractProblemLoader Creating init config 
165595     DEBUG main            d.u.i.k.p.i.AbstractProblemLoader Init config took 2.22s 
165608     INFO  main            d.u.i.k.p.i.AbstractProblemLoader Replaying proof iteratedAssignment.key.proof 
165629     DEBUG main            d.u.i.k.p.i.IntermediateProofReplayer Proof replay took 17.79ms 
165630     WARN  main            d.u.i.k.p.r.p.TestFile    Replay exception de.uka.ilkd.key.proof.io.ProblemLoaderException: Error loading proof.
Line 154, goal 54, rule One Step Simplification not available or not applicable in this context.
	at de.uka.ilkd.key.proof.io.IntermediateProofReplayer.reportError(IntermediateProofReplayer.java:782)
Caused by: de.uka.ilkd.key.proof.io.IntermediateProofReplayer$BuiltInConstructionException: One Step Simplification is missing. Most probably the binary for this built-in rule is not in your path or you do not have the permission to execute it.
	at de.uka.ilkd.key.proof.io.IntermediateProofReplayer.constructBuiltinApp(IntermediateProofReplayer.java:630)

165632     WARN  main            d.u.i.k.p.r.p.TestFile    Replay exception de.uka.ilkd.key.proof.io.ProblemLoaderException: Error loading proof.
Line 422, goal 55, rule One Step Simplification not available or not applicable in this context.
	at de.uka.ilkd.key.proof.io.IntermediateProofReplayer.reportError(IntermediateProofReplayer.java:782)
Caused by: de.uka.ilkd.key.proof.io.IntermediateProofReplayer$BuiltInConstructionException: One Step Simplification is missing. Most probably the binary for this built-in rule is not in your path or you do not have the permission to execute it.
	at de.uka.ilkd.key.proof.io.IntermediateProofReplayer.constructBuiltinApp(IntermediateProofReplayer.java:630)

165633     DEBUG main            d.u.i.k.p.r.p.TestFile    Exception java.lang.Exception: Exception while loading proof (see cause for details): /home/runner/work/key/key/key.core/../key.ui/examples/standard_key/java_dl/iteratedAssignment.key.proof
	at de.uka.ilkd.key.proof.runallproofs.proofcollection.TestFile.reloadProof(TestFile.java:314)
Caused by: de.uka.ilkd.key.proof.io.ProblemLoaderException: Error loading proof.
Line 154, goal 54, rule One Step Simplification not available or not applicable in this context.
	at de.uka.ilkd.key.proof.io.IntermediateProofReplayer.reportError(IntermediateProofReplayer.java:782)
Caused by: de.uka.ilkd.key.proof.io.IntermediateProofReplayer$BuiltInConstructionException: One Step Simplification is missing. Most probably the binary for this built-in rule is not in your path or you do not have the permission to execute it.
	at de.uka.ilkd.key.proof.io.IntermediateProofReplayer.constructBuiltinApp(IntermediateProofReplayer.java:630)

165633     WARN  main            d.u.i.k.p.r.p.ForkedTestFileRunner Run failed java.lang.Exception: Exception while loading proof (see cause for details): /home/runner/work/key/key/key.core/../key.ui/examples/standard_key/java_dl/iteratedAssignment.key.proof
	at de.uka.ilkd.key.proof.runallproofs.proofcollection.TestFile.reloadProof(TestFile.java:314)
Caused by: de.uka.ilkd.key.proof.io.ProblemLoaderException: Error loading proof.
Line 154, goal 54, rule One Step Simplification not available or not applicable in this context.
	at de.uka.ilkd.key.proof.io.IntermediateProofReplayer.reportError(IntermediateProofReplayer.java:782)
Caused by: de.uka.ilkd.key.proof.io.IntermediateProofReplayer$BuiltInConstructionException: One Step Simplification is missing. Most probably the binary for this built-in rule is not in your path or you do not have the permission to execute it.
	at de.uka.ilkd.key.proof.io.IntermediateProofReplayer.constructBuiltinApp(IntermediateProofReplayer.java:630)

165635     INFO  main            d.u.i.k.p.r.p.TestFile    Now processing file /home/runner/work/key/key/key.core/../key.ui/examples/standard_key/java_dl/assert/assert1.key 
165635     INFO  main            d.u.i.k.p.i.AbstractProblemLoader Loading environment from /home/runner/work/key/key/key.core/../key.ui/examples/standard_key/java_dl/assert/assert1.key 
165636     DEBUG main            d.u.i.k.p.i.AbstractProblemLoader Environment load took 156ns 
165637     INFO  main            d.u.i.k.p.i.AbstractProblemLoader Creating init config 
167944     DEBUG main            d.u.i.k.p.i.AbstractProblemLoader Init config took 2.31s 
167976     INFO  main            d.u.i.k.p.i.AbstractProblemLoader Replaying proof C[C::foo()].JML normal_behavior operation contract.0 
167978     DEBUG main            d.u.i.k.p.i.IntermediateProofReplayer Proof replay took 8.5ns 
168082     INFO  main            d.u.i.k.p.r.p.TestFile    ... finished proof: open goal(s) 
168394     INFO  main            d.u.i.k.p.r.p.TestFile    Now processing file /home/runner/work/key/key/key.core/../key.ui/examples/standard_key/java_dl/assert/assert2.key 
168395     INFO  main            d.u.i.k.p.i.AbstractProblemLoader Loading environment from /home/runner/work/key/key/key.core/../key.ui/examples/standard_key/java_dl/assert/assert2.key 
168395     DEBUG main            d.u.i.k.p.i.AbstractProblemLoader Environment load took 45ns 
168395     INFO  main            d.u.i.k.p.i.AbstractProblemLoader Creating init config 
170655     DEBUG main            d.u.i.k.p.i.AbstractProblemLoader Init config took 2.26s 
170688     INFO  main            d.u.i.k.p.i.AbstractProblemLoader Replaying proof C[C::bar()].JML exceptional_behavior operation contract.0 
170689     DEBUG main            d.u.i.k.p.i.IntermediateProofReplayer Proof replay took 7.2ns 
170793     INFO  main            d.u.i.k.p.r.p.TestFile    ... finished proof: closed. 
171075     INFO  main            d.u.i.k.p.i.AbstractProblemLoader Loading environment from /home/runner/work/key/key/key.core/../key.ui/examples/standard_key/java_dl/assert/assert2.key.proof 
171075     DEBUG main            d.u.i.k.p.i.AbstractProblemLoader Environment load took 67.8ns 
171076     INFO  main            d.u.i.k.p.i.AbstractProblemLoader Creating init config 
173339     DEBUG main            d.u.i.k.p.i.AbstractProblemLoader Init config took 2.26s 
173372     INFO  main            d.u.i.k.p.i.AbstractProblemLoader Replaying proof C[C::bar()].JML exceptional_behavior operation contract.0 
173410     DEBUG main            d.u.i.k.p.i.IntermediateProofReplayer Proof replay took 35.75ms 
173410     WARN  main            d.u.i.k.p.r.p.TestFile    Replay exception de.uka.ilkd.key.proof.io.ProblemLoaderException: Error loading proof.
Line 100, goal 10, rule Class_invariant_axiom_for_C not available or not applicable in this context.
	at de.uka.ilkd.key.proof.io.IntermediateProofReplayer.reportError(IntermediateProofReplayer.java:782)
Caused by: java.lang.IndexOutOfBoundsException: Index: 1, Size: 1
	at java.base/java.util.LinkedList.checkElementIndex(LinkedList.java:559)

173410     WARN  main            d.u.i.k.p.r.p.TestFile    Replay exception de.uka.ilkd.key.proof.io.ProblemLoaderException: Error loading proof.
Line 227, goal 134, rule Class_invariant_axiom_for_C not available or not applicable in this context.
	at de.uka.ilkd.key.proof.io.IntermediateProofReplayer.reportError(IntermediateProofReplayer.java:782)
Caused by: java.lang.IndexOutOfBoundsException: Index: 1, Size: 1
	at java.base/java.util.LinkedList.checkElementIndex(LinkedList.java:559)

173411     DEBUG main            d.u.i.k.p.r.p.TestFile    Exception java.lang.Exception: Exception while loading proof (see cause for details): /home/runner/work/key/key/key.core/../key.ui/examples/standard_key/java_dl/assert/assert2.key.proof
	at de.uka.ilkd.key.proof.runallproofs.proofcollection.TestFile.reloadProof(TestFile.java:314)
Caused by: de.uka.ilkd.key.proof.io.ProblemLoaderException: Error loading proof.
Line 100, goal 10, rule Class_invariant_axiom_for_C not available or not applicable in this context.
	at de.uka.ilkd.key.proof.io.IntermediateProofReplayer.reportError(IntermediateProofReplayer.java:782)
Caused by: java.lang.IndexOutOfBoundsException: Index: 1, Size: 1
	at java.base/java.util.LinkedList.checkElementIndex(LinkedList.java:559)

173411     WARN  main            d.u.i.k.p.r.p.ForkedTestFileRunner Run failed java.lang.Exception: Exception while loading proof (see cause for details): /home/runner/work/key/key/key.core/../key.ui/examples/standard_key/java_dl/assert/assert2.key.proof
	at de.uka.ilkd.key.proof.runallproofs.proofcollection.TestFile.reloadProof(TestFile.java:314)
Caused by: de.uka.ilkd.key.proof.io.ProblemLoaderException: Error loading proof.
Line 100, goal 10, rule Class_invariant_axiom_for_C not available or not applicable in this context.
	at de.uka.ilkd.key.proof.io.IntermediateProofReplayer.reportError(IntermediateProofReplayer.java:782)
Caused by: java.lang.IndexOutOfBoundsException: Index: 1, Size: 1
	at java.base/java.util.LinkedList.checkElementIndex(LinkedList.java:559)

173413     INFO  main            d.u.i.k.p.r.p.TestFile    Now processing file /home/runner/work/key/key/key.core/../key.ui/examples/standard_key/java_dl/assert/assert3.key 
173413     INFO  main            d.u.i.k.p.i.AbstractProblemLoader Loading environment from /home/runner/work/key/key/key.core/../key.ui/examples/standard_key/java_dl/assert/assert3.key 
173413     DEBUG main            d.u.i.k.p.i.AbstractProblemLoader Environment load took 64.4ns 
173414     INFO  main            d.u.i.k.p.i.AbstractProblemLoader Creating init config 
175725     DEBUG main            d.u.i.k.p.i.AbstractProblemLoader Init config took 2.31s 
175769     INFO  main            d.u.i.k.p.i.AbstractProblemLoader Replaying proof C[C::foo()].JML normal_behavior operation contract.0 
175772     DEBUG main            d.u.i.k.p.i.IntermediateProofReplayer Proof replay took 6.8ns 
175873     INFO  main            d.u.i.k.p.r.p.TestFile    ... finished proof: open goal(s) 
176168     INFO  main            d.u.i.k.p.r.p.TestFile    Now processing file /home/runner/work/key/key/key.core/../key.ui/examples/standard_key/java_dl/java5/vararg.key 
176168     INFO  main            d.u.i.k.p.i.AbstractProblemLoader Loading environment from /home/runner/work/key/key/key.core/../key.ui/examples/standard_key/java_dl/java5/vararg.key 
176168     DEBUG main            d.u.i.k.p.i.AbstractProblemLoader Environment load took 39.5ns 
176169     INFO  main            d.u.i.k.p.i.AbstractProblemLoader Creating init config 
177016     DEBUG main            d.u.i.k.j.r.ClassPreparationMethodBuilder clPrepBuilder: Inner Class detected. Reject building class initialisation methods. 
178773     DEBUG main            d.u.i.k.p.i.AbstractProblemLoader Init config took 2.6s 
178795     INFO  main            d.u.i.k.p.i.AbstractProblemLoader Replaying proof vararg.key 
178796     DEBUG main            d.u.i.k.p.i.IntermediateProofReplayer Proof replay took 7ns 
179045     DEBUG Thread-101      d.u.i.k.j.d.VariableSpecification Program match. Variables have different dimension (template #v0 = #vi;, source var#17[] = new java.lang.Object[]{d1, d2};) 
179177     DEBUG Thread-101      d.u.i.k.j.d.VariableSpecification Program match. Variables have different dimension (template #v0 = #vi;, source var#24[] = new java.lang.Object[]{d1, d2};) 
179314     DEBUG Thread-101      d.u.i.k.j.d.VariableSpecification Program match. Variables have different dimension (template #v0 = #vi;, source var#33[] = new java.lang.Object[]{var_1};) 
179315     DEBUG Thread-101      d.u.i.k.j.d.VariableSpecification Program match. Variables have different dimension (template #v0 = #vi;, source var#33[] = new java.lang.Object[]{var_1};) 
179420     DEBUG Thread-101      d.u.i.k.j.d.VariableSpecification Program match. Variables have different dimension (template #v0 = #vi;, source var#39[] = new java.lang.Object[]{null, null};) 
179567     DEBUG Thread-101      d.u.i.k.j.d.VariableSpecification Program match. Variables have different dimension (template #v0 = #vi;, source var#46[] = new java.lang.Object[]{};) 
180005     INFO  main            d.u.i.k.p.r.p.TestFile    ... finished proof: closed. 
180336     INFO  main            d.u.i.k.p.i.AbstractProblemLoader Loading environment from /home/runner/work/key/key/key.core/../key.ui/examples/standard_key/java_dl/java5/vararg.key.proof 
180337     DEBUG main            d.u.i.k.p.i.AbstractProblemLoader Environment load took 279.5ns 
180338     INFO  main            d.u.i.k.p.i.AbstractProblemLoader Creating init config 
181126     DEBUG main            d.u.i.k.j.r.ClassPreparationMethodBuilder clPrepBuilder: Inner Class detected. Reject building class initialisation methods. 
182793     DEBUG main            d.u.i.k.p.i.AbstractProblemLoader Init config took 2.46s 
182819     INFO  main            d.u.i.k.p.i.AbstractProblemLoader Replaying proof vararg.key.proof 
183150     DEBUG main            d.u.i.k.p.i.IntermediateProofReplayer Proof replay took 319.16ms 
183152     DEBUG main            d.u.i.k.p.r.p.TestFile    ... success: reloaded. 
183153     INFO  main            d.u.i.k.p.r.p.TestFile    Now processing file /home/runner/work/key/key/key.core/../key.ui/examples/standard_key/java_dl/java5/for_Array.key 
183154     INFO  main            d.u.i.k.p.i.AbstractProblemLoader Loading environment from /home/runner/work/key/key/key.core/../key.ui/examples/standard_key/java_dl/java5/for_Array.key 
183154     DEBUG main            d.u.i.k.p.i.AbstractProblemLoader Environment load took 142ns 
183155     INFO  main            d.u.i.k.p.i.AbstractProblemLoader Creating init config 
183953     DEBUG main            d.u.i.k.j.r.ClassPreparationMethodBuilder clPrepBuilder: Inner Class detected. Reject building class initialisation methods. 
185674     DEBUG main            d.u.i.k.p.i.AbstractProblemLoader Init config took 2.52s 
185726     INFO  main            d.u.i.k.p.i.AbstractProblemLoader Replaying proof For[For::sum([I)].JML operation contract.0 
185728     DEBUG main            d.u.i.k.p.i.IntermediateProofReplayer Proof replay took 6.7ns 
186030     INFO  main            d.u.i.k.p.r.p.TestFile    ... finished proof: closed. 
186398     INFO  main            d.u.i.k.p.i.AbstractProblemLoader Loading environment from /home/runner/work/key/key/key.core/../key.ui/examples/standard_key/java_dl/java5/for_Array.key.proof 
186398     DEBUG main            d.u.i.k.p.i.AbstractProblemLoader Environment load took 76.2ns 
186399     INFO  main            d.u.i.k.p.i.AbstractProblemLoader Creating init config 
187173     DEBUG main            d.u.i.k.j.r.ClassPreparationMethodBuilder clPrepBuilder: Inner Class detected. Reject building class initialisation methods. 
188876     DEBUG main            d.u.i.k.p.i.AbstractProblemLoader Init config took 2.48s 
188924     INFO  main            d.u.i.k.p.i.AbstractProblemLoader Replaying proof For[For::sum([I)].JML operation contract.0 
188939     DEBUG main            d.u.i.k.p.i.IntermediateProofReplayer Proof replay took 11.7ms 
188940     WARN  main            d.u.i.k.p.r.p.TestFile    Replay exception de.uka.ilkd.key.proof.io.ProblemLoaderException: Error loading proof.
Line 119, goal 28, rule One Step Simplification not available or not applicable in this context.
	at de.uka.ilkd.key.proof.io.IntermediateProofReplayer.reportError(IntermediateProofReplayer.java:782)
Caused by: de.uka.ilkd.key.proof.io.IntermediateProofReplayer$BuiltInConstructionException: Wrong position information.
	at de.uka.ilkd.key.proof.io.IntermediateProofReplayer.constructBuiltinApp(IntermediateProofReplayer.java:595)
Caused by: java.lang.RuntimeException: No formula nr. 10 in seq. [wellFormed(heap)<<origin(requires (implicit)) ([])>>,equals(boolean::select(heap,self,java.lang.Object::<created>),TRUE)<<origin(requires (implicit)) ([])>>,equals(For::exactInstance(self),TRUE)<<origin(requires (implicit)) ([])>>,equals(boolean::select(heap,a,java.lang.Object::<created>),TRUE)<<origin(requires (implicit)) ([])>>,measuredByEmpty<<origin(requires (implicit)) ([])>>]==>[equals(For.Trivial::select(heap,self,For::$it),null),equals(self<<origin(requires (implicit)) ([])>>,null)<<origin(requires (implicit)) ([requires (implicit)])>>,equals(a,null)<<origin(requires (implicit)) ([requires (implicit)])>>,update-application(elem-update(z)(length(_a<<origin(<none> (implicit)) ([ensures (implicit), ensures @ file For.java @ line 6, signals (implicit)])>>))<<origin(<none> (implicit)) ([ensures (implicit), ensures @ file For.java @ line 6, signals (implicit)])>>,\<{
  try {
    method-frame (
      result->result_sum,
      source=sum(int[])@For,
      this=self
    ) {
      for (int i : _a) s += i;
      return s;
    }
  } catch (java.lang.Throwable e) {
    exc = e;
  }
}\> (and(imp(equals(exc<<origin(ensures (implicit)) ([])>>,null)<<impl, origin(ensures (implicit)) ([ensures (implicit)])>>,and(equals(bsum{j:int}(Z(0(#)),length(a),int::select(heap,a,arr(j))),result_sum<<origin(ensures @ file For.java @ line 6) ([])>>)<<origin(ensures @ file For.java @ line 6) ([ensures @ file For.java @ line 6])>>,java.lang.Object::<inv>(heap,self)<<impl>>)<<SC, origin(ensures @ file For.java @ line 6) ([ensures @ file For.java @ line 6])>>)<<origin(<none> (implicit)) ([ensures (implicit), ensures @ file For.java @ line 6])>>,imp(not(equals(exc<<origin(ensures (implicit)) ([])>>,null)<<impl, origin(ensures (implicit)) ([ensures (implicit)])>>)<<origin(ensures (implicit)) ([ensures (implicit)])>>,and(java.lang.Object::<inv>(heap,self),or(equals(java.lang.Error::instance(exc),TRUE),equals(java.lang.RuntimeException::instance(exc),TRUE))<<origin(signals (implicit)) ([])>>)<<origin(signals (implicit)) ([signals (implicit)])>>)<<origin(<none> (implicit)) ([ensures (implicit), signals (implicit)])>>)<<origin(<none> (implicit)) ([ensures (implicit), ensures @ file For.java @ line 6, signals (implicit)])>>)<<origin(<none> (implicit)) ([ensures (implicit), ensures @ file For.java @ line 6, signals (implicit)])>>)<<origin(<none> (implicit)) ([ensures (implicit), ensures @ file For.java @ line 6, signals (implicit)])>>]
	at de.uka.ilkd.key.logic.Sequent.getFormulabyNr(Sequent.java:291)

188940     WARN  main            d.u.i.k.p.r.p.TestFile    Replay exception de.uka.ilkd.key.proof.io.ProblemLoaderException: Error loading proof.
Line 428, goal 29, rule One Step Simplification not available or not applicable in this context.
	at de.uka.ilkd.key.proof.io.IntermediateProofReplayer.reportError(IntermediateProofReplayer.java:782)
Caused by: de.uka.ilkd.key.proof.io.IntermediateProofReplayer$BuiltInConstructionException: One Step Simplification is missing. Most probably the binary for this built-in rule is not in your path or you do not have the permission to execute it.
	at de.uka.ilkd.key.proof.io.IntermediateProofReplayer.constructBuiltinApp(IntermediateProofReplayer.java:630)

188941     DEBUG main            d.u.i.k.p.r.p.TestFile    Exception java.lang.Exception: Exception while loading proof (see cause for details): /home/runner/work/key/key/key.core/../key.ui/examples/standard_key/java_dl/java5/for_Array.key.proof
	at de.uka.ilkd.key.proof.runallproofs.proofcollection.TestFile.reloadProof(TestFile.java:314)
Caused by: de.uka.ilkd.key.proof.io.ProblemLoaderException: Error loading proof.
Line 119, goal 28, rule One Step Simplification not available or not applicable in this context.
	at de.uka.ilkd.key.proof.io.IntermediateProofReplayer.reportError(IntermediateProofReplayer.java:782)
Caused by: de.uka.ilkd.key.proof.io.IntermediateProofReplayer$BuiltInConstructionException: Wrong position information.
	at de.uka.ilkd.key.proof.io.IntermediateProofReplayer.constructBuiltinApp(IntermediateProofReplayer.java:595)
Caused by: java.lang.RuntimeException: No formula nr. 10 in seq. [wellFormed(heap)<<origin(requires (implicit)) ([])>>,equals(boolean::select(heap,self,java.lang.Object::<created>),TRUE)<<origin(requires (implicit)) ([])>>,equals(For::exactInstance(self),TRUE)<<origin(requires (implicit)) ([])>>,equals(boolean::select(heap,a,java.lang.Object::<created>),TRUE)<<origin(requires (implicit)) ([])>>,measuredByEmpty<<origin(requires (implicit)) ([])>>]==>[equals(For.Trivial::select(heap,self,For::$it),null),equals(self<<origin(requires (implicit)) ([])>>,null)<<origin(requires (implicit)) ([requires (implicit)])>>,equals(a,null)<<origin(requires (implicit)) ([requires (implicit)])>>,update-application(elem-update(z)(length(_a<<origin(<none> (implicit)) ([ensures (implicit), ensures @ file For.java @ line 6, signals (implicit)])>>))<<origin(<none> (implicit)) ([ensures (implicit), ensures @ file For.java @ line 6, signals (implicit)])>>,\<{
  try {
    method-frame (
      result->result_sum,
      source=sum(int[])@For,
      this=self
    ) {
      for (int i : _a) s += i;
      return s;
    }
  } catch (java.lang.Throwable e) {
    exc = e;
  }
}\> (and(imp(equals(exc<<origin(ensures (implicit)) ([])>>,null)<<impl, origin(ensures (implicit)) ([ensures (implicit)])>>,and(equals(bsum{j:int}(Z(0(#)),length(a),int::select(heap,a,arr(j))),result_sum<<origin(ensures @ file For.java @ line 6) ([])>>)<<origin(ensures @ file For.java @ line 6) ([ensures @ file For.java @ line 6])>>,java.lang.Object::<inv>(heap,self)<<impl>>)<<SC, origin(ensures @ file For.java @ line 6) ([ensures @ file For.java @ line 6])>>)<<origin(<none> (implicit)) ([ensures (implicit), ensures @ file For.java @ line 6])>>,imp(not(equals(exc<<origin(ensures (implicit)) ([])>>,null)<<impl, origin(ensures (implicit)) ([ensures (implicit)])>>)<<origin(ensures (implicit)) ([ensures (implicit)])>>,and(java.lang.Object::<inv>(heap,self),or(equals(java.lang.Error::instance(exc),TRUE),equals(java.lang.RuntimeException::instance(exc),TRUE))<<origin(signals (implicit)) ([])>>)<<origin(signals (implicit)) ([signals (implicit)])>>)<<origin(<none> (implicit)) ([ensures (implicit), signals (implicit)])>>)<<origin(<none> (implicit)) ([ensures (implicit), ensures @ file For.java @ line 6, signals (implicit)])>>)<<origin(<none> (implicit)) ([ensures (implicit), ensures @ file For.java @ line 6, signals (implicit)])>>)<<origin(<none> (implicit)) ([ensures (implicit), ensures @ file For.java @ line 6, signals (implicit)])>>]
	at de.uka.ilkd.key.logic.Sequent.getFormulabyNr(Sequent.java:291)

188941     WARN  main            d.u.i.k.p.r.p.ForkedTestFileRunner Run failed java.lang.Exception: Exception while loading proof (see cause for details): /home/runner/work/key/key/key.core/../key.ui/examples/standard_key/java_dl/java5/for_Array.key.proof
	at de.uka.ilkd.key.proof.runallproofs.proofcollection.TestFile.reloadProof(TestFile.java:314)
Caused by: de.uka.ilkd.key.proof.io.ProblemLoaderException: Error loading proof.
Line 119, goal 28, rule One Step Simplification not available or not applicable in this context.
	at de.uka.ilkd.key.proof.io.IntermediateProofReplayer.reportError(IntermediateProofReplayer.java:782)
Caused by: de.uka.ilkd.key.proof.io.IntermediateProofReplayer$BuiltInConstructionException: Wrong position information.
	at de.uka.ilkd.key.proof.io.IntermediateProofReplayer.constructBuiltinApp(IntermediateProofReplayer.java:595)
Caused by: java.lang.RuntimeException: No formula nr. 10 in seq. [wellFormed(heap)<<origin(requires (implicit)) ([])>>,equals(boolean::select(heap,self,java.lang.Object::<created>),TRUE)<<origin(requires (implicit)) ([])>>,equals(For::exactInstance(self),TRUE)<<origin(requires (implicit)) ([])>>,equals(boolean::select(heap,a,java.lang.Object::<created>),TRUE)<<origin(requires (implicit)) ([])>>,measuredByEmpty<<origin(requires (implicit)) ([])>>]==>[equals(For.Trivial::select(heap,self,For::$it),null),equals(self<<origin(requires (implicit)) ([])>>,null)<<origin(requires (implicit)) ([requires (implicit)])>>,equals(a,null)<<origin(requires (implicit)) ([requires (implicit)])>>,update-application(elem-update(z)(length(_a<<origin(<none> (implicit)) ([ensures (implicit), ensures @ file For.java @ line 6, signals (implicit)])>>))<<origin(<none> (implicit)) ([ensures (implicit), ensures @ file For.java @ line 6, signals (implicit)])>>,\<{
  try {
    method-frame (
      result->result_sum,
      source=sum(int[])@For,
      this=self
    ) {
      for (int i : _a) s += i;
      return s;
    }
  } catch (java.lang.Throwable e) {
    exc = e;
  }
}\> (and(imp(equals(exc<<origin(ensures (implicit)) ([])>>,null)<<impl, origin(ensures (implicit)) ([ensures (implicit)])>>,and(equals(bsum{j:int}(Z(0(#)),length(a),int::select(heap,a,arr(j))),result_sum<<origin(ensures @ file For.java @ line 6) ([])>>)<<origin(ensures @ file For.java @ line 6) ([ensures @ file For.java @ line 6])>>,java.lang.Object::<inv>(heap,self)<<impl>>)<<SC, origin(ensures @ file For.java @ line 6) ([ensures @ file For.java @ line 6])>>)<<origin(<none> (implicit)) ([ensures (implicit), ensures @ file For.java @ line 6])>>,imp(not(equals(exc<<origin(ensures (implicit)) ([])>>,null)<<impl, origin(ensures (implicit)) ([ensures (implicit)])>>)<<origin(ensures (implicit)) ([ensures (implicit)])>>,and(java.lang.Object::<inv>(heap,self),or(equals(java.lang.Error::instance(exc),TRUE),equals(java.lang.RuntimeException::instance(exc),TRUE))<<origin(signals (implicit)) ([])>>)<<origin(signals (implicit)) ([signals (implicit)])>>)<<origin(<none> (implicit)) ([ensures (implicit), signals (implicit)])>>)<<origin(<none> (implicit)) ([ensures (implicit), ensures @ file For.java @ line 6, signals (implicit)])>>)<<origin(<none> (implicit)) ([ensures (implicit), ensures @ file For.java @ line 6, signals (implicit)])>>)<<origin(<none> (implicit)) ([ensures (implicit), ensures @ file For.java @ line 6, signals (implicit)])>>]
	at de.uka.ilkd.key.logic.Sequent.getFormulabyNr(Sequent.java:291)

188943     INFO  main            d.u.i.k.p.r.p.TestFile    Now processing file /home/runner/work/key/key/key.core/../key.ui/examples/standard_key/java_dl/java5/for_Iterable.key 
188943     INFO  main            d.u.i.k.p.i.AbstractProblemLoader Loading environment from /home/runner/work/key/key/key.core/../key.ui/examples/standard_key/java_dl/java5/for_Iterable.key 
188943     DEBUG main            d.u.i.k.p.i.AbstractProblemLoader Environment load took 62.1ns 
188944     INFO  main            d.u.i.k.p.i.AbstractProblemLoader Creating init config 
189739     DEBUG main            d.u.i.k.j.r.ClassPreparationMethodBuilder clPrepBuilder: Inner Class detected. Reject building class initialisation methods. 
191389     DEBUG main            d.u.i.k.p.i.AbstractProblemLoader Init config took 2.44s 
191437     INFO  main            d.u.i.k.p.i.AbstractProblemLoader Replaying proof For[For::infiniteLoop(For)].JML operation contract.0 
191438     DEBUG main            d.u.i.k.p.i.IntermediateProofReplayer Proof replay took 6.8ns 
191642     INFO  main            d.u.i.k.p.r.p.TestFile    ... finished proof: closed. 
191963     INFO  main            d.u.i.k.p.i.AbstractProblemLoader Loading environment from /home/runner/work/key/key/key.core/../key.ui/examples/standard_key/java_dl/java5/for_Iterable.key.proof 
191963     DEBUG main            d.u.i.k.p.i.AbstractProblemLoader Environment load took 69.4ns 
191965     INFO  main            d.u.i.k.p.i.AbstractProblemLoader Creating init config 
192735     DEBUG main            d.u.i.k.j.r.ClassPreparationMethodBuilder clPrepBuilder: Inner Class detected. Reject building class initialisation methods. 
194381     DEBUG main            d.u.i.k.p.i.AbstractProblemLoader Init config took 2.42s 
194429     INFO  main            d.u.i.k.p.i.AbstractProblemLoader Replaying proof For[For::infiniteLoop(For)].JML operation contract.0 
194457     DEBUG main            d.u.i.k.p.i.IntermediateProofReplayer Proof replay took 25.53ms 
194458     WARN  main            d.u.i.k.p.r.p.TestFile    Replay exception de.uka.ilkd.key.proof.io.ProblemLoaderException: Error loading proof.
Line 173, goal 78, rule methodCallWithAssignment not available or not applicable in this context.
	at de.uka.ilkd.key.proof.io.IntermediateProofReplayer.reportError(IntermediateProofReplayer.java:782)
Caused by: de.uka.ilkd.key.proof.io.IntermediateProofReplayer$TacletAppConstructionException: Wrong position information: Term top level of update-application(parallel-upd(parallel-upd(parallel-upd(elem-update(_f)(f),elem-update(exc)(null)),elem-update(it)(For.Trivial::select(heap,f,For::$it))),parallel-upd(elem-update(h)(heap),elem-update(values_1)(values_1_0))),\[{
  try {
    method-frame (
      source=infiniteLoop(For)@For,
      this=self
    ) {
      loop-scope (b) {
        b_1 = it.hasNext();
        if (b_1) {
          {
            java.lang.Object o = it.next();
            values_1 = \singleton(
              values_1,
              \seq_singleton(o)
            );
            ;
          }
          continue;
        } else {
          {
            break;
          }
        }
      }
    }
  } catch (java.lang.Throwable e) {
    exc = e;
  }
}\] (and(imp(equals(b<<loopScopeIndex>>,TRUE),and(not(equals(exc<<origin(ensures (implicit)) ([])>>,null)<<impl, origin(ensures (implicit)) ([ensures (implicit)])>>)<<origin(ensures (implicit)) ([ensures (implicit)])>>,imp(not(equals(exc<<origin(ensures (implicit)) ([])>>,null)<<impl, origin(ensures (implicit)) ([ensures (implicit)])>>)<<origin(ensures (implicit)) ([ensures (implicit)])>>,and(java.lang.Object::<inv>(heap,self),or(equals(java.lang.Error::instance(exc),TRUE),equals(java.lang.RuntimeException::instance(exc),TRUE))<<origin(signals (implicit)) ([])>>)<<origin(signals (implicit)) ([signals (implicit)])>>)<<origin(<none> (implicit)) ([ensures (implicit), signals (implicit)])>>)<<origin(<none> (implicit)) ([ensures (implicit), signals (implicit)])>>)<<origin(<none> (implicit)) ([ensures (implicit), signals (implicit)])>>,imp(not(equals(b<<loopScopeIndex>>,TRUE)),and(java.lang.Object::<inv>(heap,_f),all{f_0:Field}(all{o:java.lang.Object}(equals(any::select(h,o,f_0),any::select(heap,o,f_0)))))))<<origin(<none> (implicit)) ([ensures (implicit), signals (implicit)])>>)<<origin(<none> (implicit)) ([ensures (implicit), signals (implicit)])>>)<<origin(<none> (implicit)) ([ensures (implicit), signals (implicit), assignable (implicit), loop_invariant @ file For.java @ line 25])>>
	at de.uka.ilkd.key.proof.io.IntermediateProofReplayer.constructTacletApp(IntermediateProofReplayer.java:460)
Caused by: java.lang.NullPointerException: null
	at de.uka.ilkd.key.proof.io.IntermediateProofReplayer.constructTacletApp(IntermediateProofReplayer.java:456)

194459     DEBUG main            d.u.i.k.p.r.p.TestFile    Exception java.lang.Exception: Exception while loading proof (see cause for details): /home/runner/work/key/key/key.core/../key.ui/examples/standard_key/java_dl/java5/for_Iterable.key.proof
	at de.uka.ilkd.key.proof.runallproofs.proofcollection.TestFile.reloadProof(TestFile.java:314)
Caused by: de.uka.ilkd.key.proof.io.ProblemLoaderException: Error loading proof.
Line 173, goal 78, rule methodCallWithAssignment not available or not applicable in this context.
	at de.uka.ilkd.key.proof.io.IntermediateProofReplayer.reportError(IntermediateProofReplayer.java:782)
Caused by: de.uka.ilkd.key.proof.io.IntermediateProofReplayer$TacletAppConstructionException: Wrong position information: Term top level of update-application(parallel-upd(parallel-upd(parallel-upd(elem-update(_f)(f),elem-update(exc)(null)),elem-update(it)(For.Trivial::select(heap,f,For::$it))),parallel-upd(elem-update(h)(heap),elem-update(values_1)(values_1_0))),\[{
  try {
    method-frame (
      source=infiniteLoop(For)@For,
      this=self
    ) {
      loop-scope (b) {
        b_1 = it.hasNext();
        if (b_1) {
          {
            java.lang.Object o = it.next();
            values_1 = \singleton(
              values_1,
              \seq_singleton(o)
            );
            ;
          }
          continue;
        } else {
          {
            break;
          }
        }
      }
    }
  } catch (java.lang.Throwable e) {
    exc = e;
  }
}\] (and(imp(equals(b<<loopScopeIndex>>,TRUE),and(not(equals(exc<<origin(ensures (implicit)) ([])>>,null)<<impl, origin(ensures (implicit)) ([ensures (implicit)])>>)<<origin(ensures (implicit)) ([ensures (implicit)])>>,imp(not(equals(exc<<origin(ensures (implicit)) ([])>>,null)<<impl, origin(ensures (implicit)) ([ensures (implicit)])>>)<<origin(ensures (implicit)) ([ensures (implicit)])>>,and(java.lang.Object::<inv>(heap,self),or(equals(java.lang.Error::instance(exc),TRUE),equals(java.lang.RuntimeException::instance(exc),TRUE))<<origin(signals (implicit)) ([])>>)<<origin(signals (implicit)) ([signals (implicit)])>>)<<origin(<none> (implicit)) ([ensures (implicit), signals (implicit)])>>)<<origin(<none> (implicit)) ([ensures (implicit), signals (implicit)])>>)<<origin(<none> (implicit)) ([ensures (implicit), signals (implicit)])>>,imp(not(equals(b<<loopScopeIndex>>,TRUE)),and(java.lang.Object::<inv>(heap,_f),all{f_0:Field}(all{o:java.lang.Object}(equals(any::select(h,o,f_0),any::select(heap,o,f_0)))))))<<origin(<none> (implicit)) ([ensures (implicit), signals (implicit)])>>)<<origin(<none> (implicit)) ([ensures (implicit), signals (implicit)])>>)<<origin(<none> (implicit)) ([ensures (implicit), signals (implicit), assignable (implicit), loop_invariant @ file For.java @ line 25])>>
	at de.uka.ilkd.key.proof.io.IntermediateProofReplayer.constructTacletApp(IntermediateProofReplayer.java:460)
Caused by: java.lang.NullPointerException: null
	at de.uka.ilkd.key.proof.io.IntermediateProofReplayer.constructTacletApp(IntermediateProofReplayer.java:456)

194461     WARN  main            d.u.i.k.p.r.p.ForkedTestFileRunner Run failed java.lang.Exception: Exception while loading proof (see cause for details): /home/runner/work/key/key/key.core/../key.ui/examples/standard_key/java_dl/java5/for_Iterable.key.proof
	at de.uka.ilkd.key.proof.runallproofs.proofcollection.TestFile.reloadProof(TestFile.java:314)
Caused by: de.uka.ilkd.key.proof.io.ProblemLoaderException: Error loading proof.
Line 173, goal 78, rule methodCallWithAssignment not available or not applicable in this context.
	at de.uka.ilkd.key.proof.io.IntermediateProofReplayer.reportError(IntermediateProofReplayer.java:782)
Caused by: de.uka.ilkd.key.proof.io.IntermediateProofReplayer$TacletAppConstructionException: Wrong position information: Term top level of update-application(parallel-upd(parallel-upd(parallel-upd(elem-update(_f)(f),elem-update(exc)(null)),elem-update(it)(For.Trivial::select(heap,f,For::$it))),parallel-upd(elem-update(h)(heap),elem-update(values_1)(values_1_0))),\[{
  try {
    method-frame (
      source=infiniteLoop(For)@For,
      this=self
    ) {
      loop-scope (b) {
        b_1 = it.hasNext();
        if (b_1) {
          {
            java.lang.Object o = it.next();
            values_1 = \singleton(
              values_1,
              \seq_singleton(o)
            );
            ;
          }
          continue;
        } else {
          {
            break;
          }
        }
      }
    }
  } catch (java.lang.Throwable e) {
    exc = e;
  }
}\] (and(imp(equals(b<<loopScopeIndex>>,TRUE),and(not(equals(exc<<origin(ensures (implicit)) ([])>>,null)<<impl, origin(ensures (implicit)) ([ensures (implicit)])>>)<<origin(ensures (implicit)) ([ensures (implicit)])>>,imp(not(equals(exc<<origin(ensures (implicit)) ([])>>,null)<<impl, origin(ensures (implicit)) ([ensures (implicit)])>>)<<origin(ensures (implicit)) ([ensures (implicit)])>>,and(java.lang.Object::<inv>(heap,self),or(equals(java.lang.Error::instance(exc),TRUE),equals(java.lang.RuntimeException::instance(exc),TRUE))<<origin(signals (implicit)) ([])>>)<<origin(signals (implicit)) ([signals (implicit)])>>)<<origin(<none> (implicit)) ([ensures (implicit), signals (implicit)])>>)<<origin(<none> (implicit)) ([ensures (implicit), signals (implicit)])>>)<<origin(<none> (implicit)) ([ensures (implicit), signals (implicit)])>>,imp(not(equals(b<<loopScopeIndex>>,TRUE)),and(java.lang.Object::<inv>(heap,_f),all{f_0:Field}(all{o:java.lang.Object}(equals(any::select(h,o,f_0),any::select(heap,o,f_0)))))))<<origin(<none> (implicit)) ([ensures (implicit), signals (implicit)])>>)<<origin(<none> (implicit)) ([ensures (implicit), signals (implicit)])>>)<<origin(<none> (implicit)) ([ensures (implicit), signals (implicit), assignable (implicit), loop_invariant @ file For.java @ line 25])>>
	at de.uka.ilkd.key.proof.io.IntermediateProofReplayer.constructTacletApp(IntermediateProofReplayer.java:460)
Caused by: java.lang.NullPointerException: null
	at de.uka.ilkd.key.proof.io.IntermediateProofReplayer.constructTacletApp(IntermediateProofReplayer.java:456)

194464     INFO  main            d.u.i.k.p.r.p.TestFile    Now processing file /home/runner/work/key/key/key.core/../key.ui/examples/standard_key/java_dl/java5/for_ReferenceArray.key 
194464     INFO  main            d.u.i.k.p.i.AbstractProblemLoader Loading environment from /home/runner/work/key/key/key.core/../key.ui/examples/standard_key/java_dl/java5/for_ReferenceArray.key 
194464     DEBUG main            d.u.i.k.p.i.AbstractProblemLoader Environment load took 140.6ns 
194465     INFO  main            d.u.i.k.p.i.AbstractProblemLoader Creating init config 
195245     DEBUG main            d.u.i.k.j.r.ClassPreparationMethodBuilder clPrepBuilder: Inner Class detected. Reject building class initialisation methods. 
196919     DEBUG main            d.u.i.k.p.i.AbstractProblemLoader Init config took 2.45s 
196966     INFO  main            d.u.i.k.p.i.AbstractProblemLoader Replaying proof ForReferenceArray[ForReferenceArray::foo([Ljava.lang.Object)].JML operation contract.0 
196968     DEBUG main            d.u.i.k.p.i.IntermediateProofReplayer Proof replay took 6.3ns 
197170     INFO  main            d.u.i.k.p.r.p.TestFile    ... finished proof: closed. 
197507     INFO  main            d.u.i.k.p.i.AbstractProblemLoader Loading environment from /home/runner/work/key/key/key.core/../key.ui/examples/standard_key/java_dl/java5/for_ReferenceArray.key.proof 
197508     DEBUG main            d.u.i.k.p.i.AbstractProblemLoader Environment load took 78.5ns 
197509     INFO  main            d.u.i.k.p.i.AbstractProblemLoader Creating init config 
198290     DEBUG main            d.u.i.k.j.r.ClassPreparationMethodBuilder clPrepBuilder: Inner Class detected. Reject building class initialisation methods. 
199922     DEBUG main            d.u.i.k.p.i.AbstractProblemLoader Init config took 2.41s 
199980     INFO  main            d.u.i.k.p.i.AbstractProblemLoader Replaying proof ForReferenceArray[ForReferenceArray::foo([Ljava.lang.Object)].JML operation contract.0 
200009     DEBUG main            d.u.i.k.p.i.IntermediateProofReplayer Proof replay took 25.97ms 
200009     WARN  main            d.u.i.k.p.r.p.TestFile    Replay exception de.uka.ilkd.key.proof.io.ProblemLoaderException: Error loading proof.
Line 136, goal 47, rule Class_invariant_axiom_for_ForReferenceArray not available or not applicable in this context.
	at de.uka.ilkd.key.proof.io.IntermediateProofReplayer.reportError(IntermediateProofReplayer.java:782)
Caused by: java.lang.IndexOutOfBoundsException: Index: 1, Size: 1
	at java.base/java.util.LinkedList.checkElementIndex(LinkedList.java:559)

200010     WARN  main            d.u.i.k.p.r.p.TestFile    Replay exception de.uka.ilkd.key.proof.io.ProblemLoaderException: Error loading proof.
Line 197, goal 105, rule One Step Simplification not available or not applicable in this context.
	at de.uka.ilkd.key.proof.io.IntermediateProofReplayer.reportError(IntermediateProofReplayer.java:782)
Caused by: de.uka.ilkd.key.proof.io.IntermediateProofReplayer$BuiltInConstructionException: Wrong position information.
	at de.uka.ilkd.key.proof.io.IntermediateProofReplayer.constructBuiltinApp(IntermediateProofReplayer.java:595)
Caused by: java.lang.RuntimeException: No formula nr. 13 in seq. [geq(idx_0,Z(0(#)))<<origin(<none> (implicit)) ([ensures (implicit), signals (implicit), assignable (implicit)])>>,geq(length(as),idx_0)<<origin(<none> (implicit)) ([ensures (implicit), signals (implicit), assignable (implicit)])>>,wellFormed(anon_heap_LOOP_0)<<anonHeapFunction, origin(<none> (implicit)) ([ensures (implicit), signals (implicit)])>>,wellFormed(heap)<<origin(requires (implicit)) ([])>>,equals(boolean::select(heap,self,java.lang.Object::<created>),TRUE)<<origin(requires (implicit)) ([])>>,equals(ForReferenceArray::exactInstance(self),TRUE)<<origin(requires (implicit)) ([])>>,equals(boolean::select(heap,as,java.lang.Object::<created>),TRUE)<<origin(requires (implicit)) ([])>>,measuredByEmpty<<origin(requires (implicit)) ([])>>,all{i:int}(or(or(not(equals(java.lang.Object::select(heap,as<<origin(requires (implicit)) ([])>>,arr(i)),null)<<origin(requires (implicit)) ([requires (implicit)])>>)<<origin(requires (implicit)) ([requires (implicit)])>>,leq(i,Z(neglit(1(#))))<<origin(requires (implicit)) ([])>>)<<origin(requires (implicit)) ([requires (implicit)])>>,geq(i,length(as<<origin(requires (implicit)) ([])>>))<<origin(requires (implicit)) ([requires (implicit)])>>)<<origin(requires (implicit)) ([requires (implicit)])>>)<<origin(requires (implicit)) ([requires (implicit)])>>]==>[equals(as<<origin(requires (implicit)) ([])>>,null)<<origin(requires (implicit)) ([requires (implicit)])>>,equals(self<<origin(requires (implicit)) ([])>>,null)<<origin(requires (implicit)) ([requires (implicit)])>>,update-application(elem-update(i_1)(length(arr_1<<origin(<none> (implicit)) ([ensures (implicit), signals (implicit), loop_invariant @ file ForReferenceArray.java @ line 7])>>))<<origin(<none> (implicit)) ([ensures (implicit), signals (implicit), loop_invariant @ file ForReferenceArray.java @ line 7])>>,\<{
  try {
    method-frame (
      source=foo(java.lang.Object[])@ForReferenceArray,
      this=self
    ) {
      loop-scope (b) {
        b_1 = i < i_1;
        if (b_1) {
          {
            {
              java.lang.Object a;
              a = arr_1[idx];
              ;
            }
            idx++;
          }
          continue;
        } else {
          {
            break;
          }
        }
      }
    }
  } catch (java.lang.Throwable e) {
    exc = e;
  }
}\> (and(imp(equals(b<<loopScopeIndex>>,TRUE),and(imp(equals(exc<<origin(ensures (implicit)) ([])>>,null)<<impl, origin(ensures (implicit)) ([ensures (implicit)])>>,java.lang.Object::<inv>(heap,self)<<impl>>)<<origin(ensures (implicit)) ([ensures (implicit)])>>,imp(not(equals(exc<<origin(ensures (implicit)) ([])>>,null)<<impl, origin(ensures (implicit)) ([ensures (implicit)])>>)<<origin(ensures (implicit)) ([ensures (implicit)])>>,and(java.lang.Object::<inv>(heap,self),or(equals(java.lang.Error::instance(exc),TRUE),equals(java.lang.RuntimeException::instance(exc),TRUE))<<origin(signals (implicit)) ([])>>)<<origin(signals (implicit)) ([signals (implicit)])>>)<<origin(<none> (implicit)) ([ensures (implicit), signals (implicit)])>>)<<origin(<none> (implicit)) ([ensures (implicit), signals (implicit)])>>)<<origin(<none> (implicit)) ([ensures (implicit), signals (implicit)])>>,imp(not(equals(b<<loopScopeIndex>>,TRUE)),and(and(and(geq(idx,Z(0(#))),geq(length(_as),idx))<<SC, origin(loop_invariant @ file ForReferenceArray.java @ line 7) ([])>>,all{f:Field}(all{o:java.lang.Object}(equals(any::select(h,o,f),any::select(heap,o,f)))))<<origin(<none> (implicit)) ([loop_invariant @ file ForReferenceArray.java @ line 7])>>,prec(add(mul(idx,Z(neglit(1(#)))),length(_as)),a_1))<<origin(<none> (implicit)) ([loop_invariant @ file ForReferenceArray.java @ line 7])>>)<<origin(<none> (implicit)) ([loop_invariant @ file ForReferenceArray.java @ line 7])>>)<<origin(<none> (implicit)) ([ensures (implicit), signals (implicit), loop_invariant @ file ForReferenceArray.java @ line 7])>>)<<origin(<none> (implicit)) ([ensures (implicit), signals (implicit), loop_invariant @ file ForReferenceArray.java @ line 7])>>)<<origin(<none> (implicit)) ([ensures (implicit), signals (implicit), loop_invariant @ file ForReferenceArray.java @ line 7])>>]
	at de.uka.ilkd.key.logic.Sequent.getFormulabyNr(Sequent.java:291)

200010     WARN  main            d.u.i.k.p.r.p.TestFile    Replay exception de.uka.ilkd.key.proof.io.ProblemLoaderException: Error loading proof.
Line 388, goal 106, rule One Step Simplification not available or not applicable in this context.
	at de.uka.ilkd.key.proof.io.IntermediateProofReplayer.reportError(IntermediateProofReplayer.java:782)
Caused by: de.uka.ilkd.key.proof.io.IntermediateProofReplayer$BuiltInConstructionException: One Step Simplification is missing. Most probably the binary for this built-in rule is not in your path or you do not have the permission to execute it.
	at de.uka.ilkd.key.proof.io.IntermediateProofReplayer.constructBuiltinApp(IntermediateProofReplayer.java:630)

200010     DEBUG main            d.u.i.k.p.r.p.TestFile    Exception java.lang.Exception: Exception while loading proof (see cause for details): /home/runner/work/key/key/key.core/../key.ui/examples/standard_key/java_dl/java5/for_ReferenceArray.key.proof
	at de.uka.ilkd.key.proof.runallproofs.proofcollection.TestFile.reloadProof(TestFile.java:314)
Caused by: de.uka.ilkd.key.proof.io.ProblemLoaderException: Error loading proof.
Line 136, goal 47, rule Class_invariant_axiom_for_ForReferenceArray not available or not applicable in this context.
	at de.uka.ilkd.key.proof.io.IntermediateProofReplayer.reportError(IntermediateProofReplayer.java:782)
Caused by: java.lang.IndexOutOfBoundsException: Index: 1, Size: 1
	at java.base/java.util.LinkedList.checkElementIndex(LinkedList.java:559)

200011     WARN  main            d.u.i.k.p.r.p.ForkedTestFileRunner Run failed java.lang.Exception: Exception while loading proof (see cause for details): /home/runner/work/key/key/key.core/../key.ui/examples/standard_key/java_dl/java5/for_ReferenceArray.key.proof
	at de.uka.ilkd.key.proof.runallproofs.proofcollection.TestFile.reloadProof(TestFile.java:314)
Caused by: de.uka.ilkd.key.proof.io.ProblemLoaderException: Error loading proof.
Line 136, goal 47, rule Class_invariant_axiom_for_ForReferenceArray not available or not applicable in this context.
	at de.uka.ilkd.key.proof.io.IntermediateProofReplayer.reportError(IntermediateProofReplayer.java:782)
Caused by: java.lang.IndexOutOfBoundsException: Index: 1, Size: 1
	at java.base/java.util.LinkedList.checkElementIndex(LinkedList.java:559)

200012     INFO  main            d.u.i.k.p.r.p.TestFile    Now processing file /home/runner/work/key/key/key.core/../key.ui/examples/standard_key/java_dl/jml-bigint/cast.key 
200012     INFO  main            d.u.i.k.p.i.AbstractProblemLoader Loading environment from /home/runner/work/key/key/key.core/../key.ui/examples/standard_key/java_dl/jml-bigint/cast.key 
200013     DEBUG main            d.u.i.k.p.i.AbstractProblemLoader Environment load took 56.3ns 
200013     INFO  main            d.u.i.k.p.i.AbstractProblemLoader Creating init config 
202372     DEBUG main            d.u.i.k.p.i.AbstractProblemLoader Init config took 2.36s 
202405     INFO  main            d.u.i.k.p.i.AbstractProblemLoader Replaying proof Mult[Mult::cast()].JML operation contract.0 
202406     DEBUG main            d.u.i.k.p.i.IntermediateProofReplayer Proof replay took 6.6ns 
202508     INFO  main            d.u.i.k.p.r.p.TestFile    ... finished proof: closed. 
202829     INFO  main            d.u.i.k.p.i.AbstractProblemLoader Loading environment from /home/runner/work/key/key/key.core/../key.ui/examples/standard_key/java_dl/jml-bigint/cast.key.proof 
202829     DEBUG main            d.u.i.k.p.i.AbstractProblemLoader Environment load took 65.7ns 
202830     INFO  main            d.u.i.k.p.i.AbstractProblemLoader Creating init config 
205133     DEBUG main            d.u.i.k.p.i.AbstractProblemLoader Init config took 2.3s 
205166     INFO  main            d.u.i.k.p.i.AbstractProblemLoader Replaying proof Mult[Mult::cast()].JML operation contract.0 
205176     DEBUG main            d.u.i.k.p.i.IntermediateProofReplayer Proof replay took 8.52ms 
205177     WARN  main            d.u.i.k.p.r.p.TestFile    Replay exception de.uka.ilkd.key.proof.io.ProblemLoaderException: Error loading proof.
Line 117, goal 27, rule expand_moduloByte not available or not applicable in this context.
	at de.uka.ilkd.key.proof.io.IntermediateProofReplayer.reportError(IntermediateProofReplayer.java:782)
Caused by: de.uka.ilkd.key.proof.io.IntermediateProofReplayer$TacletAppConstructionException: Wrong position information: Term subterm: [0,1,0,3] of update-application(parallel-upd(elem-update(exc)(null),elem-update(heap)(store(heap,self,Mult::$b,Z(6(5(2(#))))))),\<{
  try {
    method-frame (source=cast()@Mult, this=self) {}
  } catch (java.lang.Throwable e) {
    exc = e;
  }
}\> (and(imp(equals(exc<<origin(ensures (implicit)) ([])>>,null)<<impl, origin(ensures (implicit)) ([ensures (implicit)])>>,and(equals(int::select(heap,self,Mult::$b),Z(0(#)))<<origin(ensures @ file Mult.java @ line 43) ([])>>,java.lang.Object::<inv>(heap,self)<<impl>>)<<SC, origin(ensures @ file Mult.java @ line 43) ([ensures @ file Mult.java @ line 43])>>)<<origin(<none> (implicit)) ([ensures (implicit), ensures @ file Mult.java @ line 43])>>,imp(not(equals(exc<<origin(ensures (implicit)) ([])>>,null)<<impl, origin(ensures (implicit)) ([ensures (implicit)])>>)<<origin(ensures (implicit)) ([ensures (implicit)])>>,and(java.lang.Object::<inv>(heap,self),or(equals(java.lang.Error::instance(exc),TRUE),equals(java.lang.RuntimeException::instance(exc),TRUE))<<origin(signals (implicit)) ([])>>)<<origin(signals (implicit)) ([signals (implicit)])>>)<<origin(<none> (implicit)) ([ensures (implicit), signals (implicit)])>>)<<origin(<none> (implicit)) ([ensures (implicit), ensures @ file Mult.java @ line 43, signals (implicit)])>>)<<origin(<none> (implicit)) ([ensures (implicit), ensures @ file Mult.java @ line 43, signals (implicit)])>>)<<origin(<none> (implicit)) ([ensures (implicit), ensures @ file Mult.java @ line 43, signals (implicit), assignable (implicit)])>>
	at de.uka.ilkd.key.proof.io.IntermediateProofReplayer.constructTacletApp(IntermediateProofReplayer.java:460)
Caused by: java.lang.NullPointerException: null
	at de.uka.ilkd.key.proof.io.IntermediateProofReplayer.constructTacletApp(IntermediateProofReplayer.java:456)

205177     DEBUG main            d.u.i.k.p.r.p.TestFile    Exception java.lang.Exception: Exception while loading proof (see cause for details): /home/runner/work/key/key/key.core/../key.ui/examples/standard_key/java_dl/jml-bigint/cast.key.proof
	at de.uka.ilkd.key.proof.runallproofs.proofcollection.TestFile.reloadProof(TestFile.java:314)
Caused by: de.uka.ilkd.key.proof.io.ProblemLoaderException: Error loading proof.
Line 117, goal 27, rule expand_moduloByte not available or not applicable in this context.
	at de.uka.ilkd.key.proof.io.IntermediateProofReplayer.reportError(IntermediateProofReplayer.java:782)
Caused by: de.uka.ilkd.key.proof.io.IntermediateProofReplayer$TacletAppConstructionException: Wrong position information: Term subterm: [0,1,0,3] of update-application(parallel-upd(elem-update(exc)(null),elem-update(heap)(store(heap,self,Mult::$b,Z(6(5(2(#))))))),\<{
  try {
    method-frame (source=cast()@Mult, this=self) {}
  } catch (java.lang.Throwable e) {
    exc = e;
  }
}\> (and(imp(equals(exc<<origin(ensures (implicit)) ([])>>,null)<<impl, origin(ensures (implicit)) ([ensures (implicit)])>>,and(equals(int::select(heap,self,Mult::$b),Z(0(#)))<<origin(ensures @ file Mult.java @ line 43) ([])>>,java.lang.Object::<inv>(heap,self)<<impl>>)<<SC, origin(ensures @ file Mult.java @ line 43) ([ensures @ file Mult.java @ line 43])>>)<<origin(<none> (implicit)) ([ensures (implicit), ensures @ file Mult.java @ line 43])>>,imp(not(equals(exc<<origin(ensures (implicit)) ([])>>,null)<<impl, origin(ensures (implicit)) ([ensures (implicit)])>>)<<origin(ensures (implicit)) ([ensures (implicit)])>>,and(java.lang.Object::<inv>(heap,self),or(equals(java.lang.Error::instance(exc),TRUE),equals(java.lang.RuntimeException::instance(exc),TRUE))<<origin(signals (implicit)) ([])>>)<<origin(signals (implicit)) ([signals (implicit)])>>)<<origin(<none> (implicit)) ([ensures (implicit), signals (implicit)])>>)<<origin(<none> (implicit)) ([ensures (implicit), ensures @ file Mult.java @ line 43, signals (implicit)])>>)<<origin(<none> (implicit)) ([ensures (implicit), ensures @ file Mult.java @ line 43, signals (implicit)])>>)<<origin(<none> (implicit)) ([ensures (implicit), ensures @ file Mult.java @ line 43, signals (implicit), assignable (implicit)])>>
	at de.uka.ilkd.key.proof.io.IntermediateProofReplayer.constructTacletApp(IntermediateProofReplayer.java:460)
Caused by: java.lang.NullPointerException: null
	at de.uka.ilkd.key.proof.io.IntermediateProofReplayer.constructTacletApp(IntermediateProofReplayer.java:456)

205178     WARN  main            d.u.i.k.p.r.p.ForkedTestFileRunner Run failed java.lang.Exception: Exception while loading proof (see cause for details): /home/runner/work/key/key/key.core/../key.ui/examples/standard_key/java_dl/jml-bigint/cast.key.proof
	at de.uka.ilkd.key.proof.runallproofs.proofcollection.TestFile.reloadProof(TestFile.java:314)
Caused by: de.uka.ilkd.key.proof.io.ProblemLoaderException: Error loading proof.
Line 117, goal 27, rule expand_moduloByte not available or not applicable in this context.
	at de.uka.ilkd.key.proof.io.IntermediateProofReplayer.reportError(IntermediateProofReplayer.java:782)
Caused by: de.uka.ilkd.key.proof.io.IntermediateProofReplayer$TacletAppConstructionException: Wrong position information: Term subterm: [0,1,0,3] of update-application(parallel-upd(elem-update(exc)(null),elem-update(heap)(store(heap,self,Mult::$b,Z(6(5(2(#))))))),\<{
  try {
    method-frame (source=cast()@Mult, this=self) {}
  } catch (java.lang.Throwable e) {
    exc = e;
  }
}\> (and(imp(equals(exc<<origin(ensures (implicit)) ([])>>,null)<<impl, origin(ensures (implicit)) ([ensures (implicit)])>>,and(equals(int::select(heap,self,Mult::$b),Z(0(#)))<<origin(ensures @ file Mult.java @ line 43) ([])>>,java.lang.Object::<inv>(heap,self)<<impl>>)<<SC, origin(ensures @ file Mult.java @ line 43) ([ensures @ file Mult.java @ line 43])>>)<<origin(<none> (implicit)) ([ensures (implicit), ensures @ file Mult.java @ line 43])>>,imp(not(equals(exc<<origin(ensures (implicit)) ([])>>,null)<<impl, origin(ensures (implicit)) ([ensures (implicit)])>>)<<origin(ensures (implicit)) ([ensures (implicit)])>>,and(java.lang.Object::<inv>(heap,self),or(equals(java.lang.Error::instance(exc),TRUE),equals(java.lang.RuntimeException::instance(exc),TRUE))<<origin(signals (implicit)) ([])>>)<<origin(signals (implicit)) ([signals (implicit)])>>)<<origin(<none> (implicit)) ([ensures (implicit), signals (implicit)])>>)<<origin(<none> (implicit)) ([ensures (implicit), ensures @ file Mult.java @ line 43, signals (implicit)])>>)<<origin(<none> (implicit)) ([ensures (implicit), ensures @ file Mult.java @ line 43, signals (implicit)])>>)<<origin(<none> (implicit)) ([ensures (implicit), ensures @ file Mult.java @ line 43, signals (implicit), assignable (implicit)])>>
	at de.uka.ilkd.key.proof.io.IntermediateProofReplayer.constructTacletApp(IntermediateProofReplayer.java:460)
Caused by: java.lang.NullPointerException: null
	at de.uka.ilkd.key.proof.io.IntermediateProofReplayer.constructTacletApp(IntermediateProofReplayer.java:456)

205181     INFO  main            d.u.i.k.p.r.p.TestFile    Now processing file /home/runner/work/key/key/key.core/../key.ui/examples/standard_key/java_dl/jml-free/loopInvFree.key 
205182     INFO  main            d.u.i.k.p.i.AbstractProblemLoader Loading environment from /home/runner/work/key/key/key.core/../key.ui/examples/standard_key/java_dl/jml-free/loopInvFree.key 
205182     DEBUG main            d.u.i.k.p.i.AbstractProblemLoader Environment load took 133.2ns 
205183     INFO  main            d.u.i.k.p.i.AbstractProblemLoader Creating init config 
207474     DEBUG main            d.u.i.k.p.i.AbstractProblemLoader Init config took 2.29s 
207510     INFO  main            d.u.i.k.p.i.AbstractProblemLoader Replaying proof LoopInvFree[LoopInvFree::test()].JML operation contract.0 
207512     DEBUG main            d.u.i.k.p.i.IntermediateProofReplayer Proof replay took 6.9ns 
207715     INFO  main            d.u.i.k.p.r.p.TestFile    ... finished proof: closed. 
208039     INFO  main            d.u.i.k.p.i.AbstractProblemLoader Loading environment from /home/runner/work/key/key/key.core/../key.ui/examples/standard_key/java_dl/jml-free/loopInvFree.key.proof 
208039     DEBUG main            d.u.i.k.p.i.AbstractProblemLoader Environment load took 71.6ns 
208040     INFO  main            d.u.i.k.p.i.AbstractProblemLoader Creating init config 
210293     DEBUG main            d.u.i.k.p.i.AbstractProblemLoader Init config took 2.25s 
210325     INFO  main            d.u.i.k.p.i.AbstractProblemLoader Replaying proof LoopInvFree[LoopInvFree::test()].JML operation contract.0 
210364     DEBUG main            d.u.i.k.p.i.IntermediateProofReplayer Proof replay took 37.06ms 
210364     DEBUG main            d.u.i.k.p.r.p.TestFile    ... success: reloaded. 
210366     INFO  main            d.u.i.k.p.r.p.TestFile    Now processing file /home/runner/work/key/key/key.core/../key.ui/examples/standard_key/java_dl/jml-free/ensuresFree.key 
210366     INFO  main            d.u.i.k.p.i.AbstractProblemLoader Loading environment from /home/runner/work/key/key/key.core/../key.ui/examples/standard_key/java_dl/jml-free/ensuresFree.key 
210366     DEBUG main            d.u.i.k.p.i.AbstractProblemLoader Environment load took 60.2ns 
210367     INFO  main            d.u.i.k.p.i.AbstractProblemLoader Creating init config 
212650     DEBUG main            d.u.i.k.p.i.AbstractProblemLoader Init config took 2.28s 
212682     INFO  main            d.u.i.k.p.i.AbstractProblemLoader Replaying proof EnsuresFree[EnsuresFree::test()].JML operation contract.0 
212684     DEBUG main            d.u.i.k.p.i.IntermediateProofReplayer Proof replay took 7.2ns 
212785     INFO  main            d.u.i.k.p.r.p.TestFile    ... finished proof: closed. 
213126     INFO  main            d.u.i.k.p.i.AbstractProblemLoader Loading environment from /home/runner/work/key/key/key.core/../key.ui/examples/standard_key/java_dl/jml-free/ensuresFree.key.proof 
213126     DEBUG main            d.u.i.k.p.i.AbstractProblemLoader Environment load took 68.8ns 
213127     INFO  main            d.u.i.k.p.i.AbstractProblemLoader Creating init config 
215380     DEBUG main            d.u.i.k.p.i.AbstractProblemLoader Init config took 2.25s 
215412     INFO  main            d.u.i.k.p.i.AbstractProblemLoader Replaying proof EnsuresFree[EnsuresFree::test()].JML operation contract.0 
215428     DEBUG main            d.u.i.k.p.i.IntermediateProofReplayer Proof replay took 14.49ms 
215429     DEBUG main            d.u.i.k.p.r.p.TestFile    ... success: reloaded. 
215430     INFO  main            d.u.i.k.p.r.p.TestFile    Now processing file /home/runner/work/key/key/key.core/../key.ui/examples/standard_key/java_dl/jml-information-flow.key 
215431     INFO  main            d.u.i.k.p.i.AbstractProblemLoader Loading environment from /home/runner/work/key/key/key.core/../key.ui/examples/standard_key/java_dl/jml-information-flow.key 
215431     DEBUG main            d.u.i.k.p.i.AbstractProblemLoader Environment load took 62.6ns 
215435     INFO  main            d.u.i.k.p.i.AbstractProblemLoader Creating init config 
217907     DEBUG main            d.u.i.k.p.i.AbstractProblemLoader Init config took 2.47s 
217923     INFO  main            d.u.i.k.p.i.AbstractProblemLoader Replaying proof jml-information-flow.key 
217924     DEBUG main            d.u.i.k.p.i.IntermediateProofReplayer Proof replay took 7.6ns 
342861     INFO  main            d.u.i.k.p.r.p.TestFile    ... finished proof: closed. 
343366     INFO  main            d.u.i.k.p.i.AbstractProblemLoader Loading environment from /home/runner/work/key/key/key.core/../key.ui/examples/standard_key/java_dl/jml-information-flow.key.proof 
343366     DEBUG main            d.u.i.k.p.i.AbstractProblemLoader Environment load took 322ns 
343373     INFO  main            d.u.i.k.p.i.AbstractProblemLoader Creating init config 
345818     DEBUG main            d.u.i.k.p.i.AbstractProblemLoader Init config took 2.44s 
345837     INFO  main            d.u.i.k.p.i.AbstractProblemLoader Replaying proof jml-information-flow.key.proof 
349333     DEBUG main            d.u.i.k.p.i.IntermediateProofReplayer Proof replay took 3.38s 
349340     DEBUG main            d.u.i.k.p.r.p.TestFile    ... success: reloaded. 
349342     INFO  main            d.u.i.k.p.r.p.TestFile    Now processing file /home/runner/work/key/key/key.core/../key.ui/examples/standard_key/java_dl/jml-min/min-unprovable1.key 
349342     INFO  main            d.u.i.k.p.i.AbstractProblemLoader Loading environment from /home/runner/work/key/key/key.core/../key.ui/examples/standard_key/java_dl/jml-min/min-unprovable1.key 
349342     DEBUG main            d.u.i.k.p.i.AbstractProblemLoader Environment load took 44.4ns 
349343     INFO  main            d.u.i.k.p.i.AbstractProblemLoader Creating init config 
351761     DEBUG main            d.u.i.k.p.i.AbstractProblemLoader Init config took 2.42s 
351797     INFO  main            d.u.i.k.p.i.AbstractProblemLoader Replaying proof Min[Min::foo()].JML operation contract.0 
351798     DEBUG main            d.u.i.k.p.i.IntermediateProofReplayer Proof replay took 6.9ns 
351900     INFO  main            d.u.i.k.p.r.p.TestFile    ... finished proof: open goal(s) 
352403     INFO  main            d.u.i.k.p.r.p.TestFile    Now processing file /home/runner/work/key/key/key.core/../key.ui/examples/standard_key/java_dl/jml-min/min-unprovable2.key 
352403     INFO  main            d.u.i.k.p.i.AbstractProblemLoader Loading environment from /home/runner/work/key/key/key.core/../key.ui/examples/standard_key/java_dl/jml-min/min-unprovable2.key 
352404     DEBUG main            d.u.i.k.p.i.AbstractProblemLoader Environment load took 230.2ns 
352405     INFO  main            d.u.i.k.p.i.AbstractProblemLoader Creating init config 
354742     DEBUG main            d.u.i.k.p.i.AbstractProblemLoader Init config took 2.34s 
354775     INFO  main            d.u.i.k.p.i.AbstractProblemLoader Replaying proof Min[Min::foo2()].JML operation contract.0 
354777     DEBUG main            d.u.i.k.p.i.IntermediateProofReplayer Proof replay took 6.2ns 
354878     INFO  main            d.u.i.k.p.r.p.TestFile    ... finished proof: open goal(s) 
355237     INFO  main            d.u.i.k.p.r.p.TestFile    Now processing file /home/runner/work/key/key/key.core/../key.ui/examples/standard_key/java_dl/methodCall.key 
355238     INFO  main            d.u.i.k.p.i.AbstractProblemLoader Loading environment from /home/runner/work/key/key/key.core/../key.ui/examples/standard_key/java_dl/methodCall.key 
355238     DEBUG main            d.u.i.k.p.i.AbstractProblemLoader Environment load took 47.5ns 
355239     INFO  main            d.u.i.k.p.i.AbstractProblemLoader Creating init config 
357524     DEBUG main            d.u.i.k.p.i.AbstractProblemLoader Init config took 2.29s 
357538     INFO  main            d.u.i.k.p.i.AbstractProblemLoader Replaying proof methodCall.key 
357539     DEBUG main            d.u.i.k.p.i.IntermediateProofReplayer Proof replay took 6.6ns 
357641     INFO  main            d.u.i.k.p.r.p.TestFile    ... finished proof: closed. 
357990     INFO  main            d.u.i.k.p.i.AbstractProblemLoader Loading environment from /home/runner/work/key/key/key.core/../key.ui/examples/standard_key/java_dl/methodCall.key.proof 
357990     DEBUG main            d.u.i.k.p.i.AbstractProblemLoader Environment load took 77.1ns 
357991     INFO  main            d.u.i.k.p.i.AbstractProblemLoader Creating init config 
360291     DEBUG main            d.u.i.k.p.i.AbstractProblemLoader Init config took 2.3s 
360304     INFO  main            d.u.i.k.p.i.AbstractProblemLoader Replaying proof methodCall.key.proof 
360308     DEBUG main            d.u.i.k.p.i.IntermediateProofReplayer Proof replay took 1.71ms 
360309     DEBUG main            d.u.i.k.p.r.p.TestFile    ... success: reloaded. 
360310     INFO  main            d.u.i.k.p.r.p.TestFile    Now processing file /home/runner/work/key/key/key.core/../key.ui/examples/standard_key/java_dl/methodCall1.key 
360310     INFO  main            d.u.i.k.p.i.AbstractProblemLoader Loading environment from /home/runner/work/key/key/key.core/../key.ui/examples/standard_key/java_dl/methodCall1.key 
360310     DEBUG main            d.u.i.k.p.i.AbstractProblemLoader Environment load took 54.2ns 
360313     INFO  main            d.u.i.k.p.i.AbstractProblemLoader Creating init config 
362625     DEBUG main            d.u.i.k.p.i.AbstractProblemLoader Init config took 2.31s 
362638     INFO  main            d.u.i.k.p.i.AbstractProblemLoader Replaying proof methodCall1.key 
362640     DEBUG main            d.u.i.k.p.i.IntermediateProofReplayer Proof replay took 7.2ns 
362742     INFO  main            d.u.i.k.p.r.p.TestFile    ... finished proof: closed. 
363105     INFO  main            d.u.i.k.p.i.AbstractProblemLoader Loading environment from /home/runner/work/key/key/key.core/../key.ui/examples/standard_key/java_dl/methodCall1.key.proof 
363105     DEBUG main            d.u.i.k.p.i.AbstractProblemLoader Environment load took 73.4ns 
363106     INFO  main            d.u.i.k.p.i.AbstractProblemLoader Creating init config 
365404     DEBUG main            d.u.i.k.p.i.AbstractProblemLoader Init config took 2.3s 
365417     INFO  main            d.u.i.k.p.i.AbstractProblemLoader Replaying proof methodCall1.key.proof 
365430     DEBUG main            d.u.i.k.p.i.IntermediateProofReplayer Proof replay took 11.24ms 
365431     DEBUG main            d.u.i.k.p.r.p.TestFile    ... success: reloaded. 
365432     INFO  main            d.u.i.k.p.r.p.TestFile    Now processing file /home/runner/work/key/key/key.core/../key.ui/examples/standard_key/java_dl/methodCall1box.key 
365433     INFO  main            d.u.i.k.p.i.AbstractProblemLoader Loading environment from /home/runner/work/key/key/key.core/../key.ui/examples/standard_key/java_dl/methodCall1box.key 
365433     DEBUG main            d.u.i.k.p.i.AbstractProblemLoader Environment load took 66.8ns 
365433     INFO  main            d.u.i.k.p.i.AbstractProblemLoader Creating init config 
367776     DEBUG main            d.u.i.k.p.i.AbstractProblemLoader Init config took 2.34s 
367790     INFO  main            d.u.i.k.p.i.AbstractProblemLoader Replaying proof methodCall1box.key 
367791     DEBUG main            d.u.i.k.p.i.IntermediateProofReplayer Proof replay took 8ns 
367893     INFO  main            d.u.i.k.p.r.p.TestFile    ... finished proof: closed. 
368272     INFO  main            d.u.i.k.p.i.AbstractProblemLoader Loading environment from /home/runner/work/key/key/key.core/../key.ui/examples/standard_key/java_dl/methodCall1box.key.proof 
368272     DEBUG main            d.u.i.k.p.i.AbstractProblemLoader Environment load took 71.7ns 
368273     INFO  main            d.u.i.k.p.i.AbstractProblemLoader Creating init config 
370574     DEBUG main            d.u.i.k.p.i.AbstractProblemLoader Init config took 2.3s 
370587     INFO  main            d.u.i.k.p.i.AbstractProblemLoader Replaying proof methodCall1box.key.proof 
370601     DEBUG main            d.u.i.k.p.i.IntermediateProofReplayer Proof replay took 11.43ms 
370602     DEBUG main            d.u.i.k.p.r.p.TestFile    ... success: reloaded. 
370603     INFO  main            d.u.i.k.p.r.p.TestFile    Now processing file /home/runner/work/key/key/key.core/../key.ui/examples/standard_key/java_dl/methodCall3.key 
370604     INFO  main            d.u.i.k.p.i.AbstractProblemLoader Loading environment from /home/runner/work/key/key/key.core/../key.ui/examples/standard_key/java_dl/methodCall3.key 
370604     DEBUG main            d.u.i.k.p.i.AbstractProblemLoader Environment load took 136.9ns 
370605     INFO  main            d.u.i.k.p.i.AbstractProblemLoader Creating init config 
372924     DEBUG main            d.u.i.k.p.i.AbstractProblemLoader Init config took 2.32s 
372937     INFO  main            d.u.i.k.p.i.AbstractProblemLoader Replaying proof methodCall3.key 
372938     DEBUG main            d.u.i.k.p.i.IntermediateProofReplayer Proof replay took 6.9ns 
373040     INFO  main            d.u.i.k.p.r.p.TestFile    ... finished proof: closed. 
373417     INFO  main            d.u.i.k.p.i.AbstractProblemLoader Loading environment from /home/runner/work/key/key/key.core/../key.ui/examples/standard_key/java_dl/methodCall3.key.proof 
373417     DEBUG main            d.u.i.k.p.i.AbstractProblemLoader Environment load took 106.2ns 
373418     INFO  main            d.u.i.k.p.i.AbstractProblemLoader Creating init config 
375717     DEBUG main            d.u.i.k.p.i.AbstractProblemLoader Init config took 2.3s 
375731     INFO  main            d.u.i.k.p.i.AbstractProblemLoader Replaying proof methodCall3.key.proof 
375740     DEBUG main            d.u.i.k.p.i.IntermediateProofReplayer Proof replay took 7.63ms 
375741     DEBUG main            d.u.i.k.p.r.p.TestFile    ... success: reloaded. 
375743     INFO  main            d.u.i.k.p.r.p.TestFile    Now processing file /home/runner/work/key/key/key.core/../key.ui/examples/standard_key/java_dl/polishFlagSort.key 
375743     INFO  main            d.u.i.k.p.i.AbstractProblemLoader Loading environment from /home/runner/work/key/key/key.core/../key.ui/examples/standard_key/java_dl/polishFlagSort.key 
375743     DEBUG main            d.u.i.k.p.i.AbstractProblemLoader Environment load took 68.1ns 
375744     INFO  main            d.u.i.k.p.i.AbstractProblemLoader Creating init config 
378085     DEBUG main            d.u.i.k.p.i.AbstractProblemLoader Init config took 2.34s 
378098     INFO  main            d.u.i.k.p.i.AbstractProblemLoader Replaying proof polishFlagSort.key 
378101     DEBUG main            d.u.i.k.p.i.IntermediateProofReplayer Proof replay took 7.2ns 
380210     INFO  main            d.u.i.k.p.r.p.TestFile    ... finished proof: closed. 
380636     INFO  main            d.u.i.k.p.i.AbstractProblemLoader Loading environment from /home/runner/work/key/key/key.core/../key.ui/examples/standard_key/java_dl/polishFlagSort.key.proof 
380636     DEBUG main            d.u.i.k.p.i.AbstractProblemLoader Environment load took 310ns 
380638     INFO  main            d.u.i.k.p.i.AbstractProblemLoader Creating init config 
382957     DEBUG main            d.u.i.k.p.i.AbstractProblemLoader Init config took 2.32s 
382971     INFO  main            d.u.i.k.p.i.AbstractProblemLoader Replaying proof polishFlagSort.key.proof 
383308     DEBUG main            d.u.i.k.p.i.IntermediateProofReplayer Proof replay took 325.41ms 
383310     DEBUG main            d.u.i.k.p.r.p.TestFile    ... success: reloaded. 
383312     INFO  main            d.u.i.k.p.r.p.TestFile    Now processing file /home/runner/work/key/key/key.core/../key.ui/examples/standard_key/java_dl/postConditionTaclets1.key 
383312     INFO  main            d.u.i.k.p.i.AbstractProblemLoader Loading environment from /home/runner/work/key/key/key.core/../key.ui/examples/standard_key/java_dl/postConditionTaclets1.key 
383312     DEBUG main            d.u.i.k.p.i.AbstractProblemLoader Environment load took 140.7ns 
383313     INFO  main            d.u.i.k.p.i.AbstractProblemLoader Creating init config 
385594     DEBUG main            d.u.i.k.p.i.AbstractProblemLoader Init config took 2.28s 
385607     INFO  main            d.u.i.k.p.i.AbstractProblemLoader Replaying proof postConditionTaclets1.key 
385608     DEBUG main            d.u.i.k.p.i.IntermediateProofReplayer Proof replay took 6.8ns 
385710     INFO  main            d.u.i.k.p.r.p.TestFile    ... finished proof: closed. 
386141     INFO  main            d.u.i.k.p.i.AbstractProblemLoader Loading environment from /home/runner/work/key/key/key.core/../key.ui/examples/standard_key/java_dl/postConditionTaclets1.key.proof 
386141     DEBUG main            d.u.i.k.p.i.AbstractProblemLoader Environment load took 70.7ns 
386142     INFO  main            d.u.i.k.p.i.AbstractProblemLoader Creating init config 
388387     DEBUG main            d.u.i.k.p.i.AbstractProblemLoader Init config took 2.24s 
388402     INFO  main            d.u.i.k.p.i.AbstractProblemLoader Replaying proof postConditionTaclets1.key.proof 
388404     DEBUG main            d.u.i.k.p.i.IntermediateProofReplayer Proof replay took 1.28ms 
388405     DEBUG main            d.u.i.k.p.r.p.TestFile    ... success: reloaded. 
388407     INFO  main            d.u.i.k.p.r.p.TestFile    Now processing file /home/runner/work/key/key/key.core/../key.ui/examples/standard_key/java_dl/postConditionTaclets2.key 
388407     INFO  main            d.u.i.k.p.i.AbstractProblemLoader Loading environment from /home/runner/work/key/key/key.core/../key.ui/examples/standard_key/java_dl/postConditionTaclets2.key 
388407     DEBUG main            d.u.i.k.p.i.AbstractProblemLoader Environment load took 64.6ns 
388408     INFO  main            d.u.i.k.p.i.AbstractProblemLoader Creating init config 
390709     DEBUG main            d.u.i.k.p.i.AbstractProblemLoader Init config took 2.3s 
390722     INFO  main            d.u.i.k.p.i.AbstractProblemLoader Replaying proof postConditionTaclets2.key 
390723     DEBUG main            d.u.i.k.p.i.IntermediateProofReplayer Proof replay took 7.5ns 
390825     INFO  main            d.u.i.k.p.r.p.TestFile    ... finished proof: closed. 
391223     INFO  main            d.u.i.k.p.i.AbstractProblemLoader Loading environment from /home/runner/work/key/key/key.core/../key.ui/examples/standard_key/java_dl/postConditionTaclets2.key.proof 
391223     DEBUG main            d.u.i.k.p.i.AbstractProblemLoader Environment load took 71.7ns 
391225     INFO  main            d.u.i.k.p.i.AbstractProblemLoader Creating init config 
393466     DEBUG main            d.u.i.k.p.i.AbstractProblemLoader Init config took 2.24s 
393479     INFO  main            d.u.i.k.p.i.AbstractProblemLoader Replaying proof postConditionTaclets2.key.proof 
393481     DEBUG main            d.u.i.k.p.i.IntermediateProofReplayer Proof replay took 589.9ns 
393482     DEBUG main            d.u.i.k.p.r.p.TestFile    ... success: reloaded. 
393483     INFO  main            d.u.i.k.p.r.p.TestFile    Now processing file /home/runner/work/key/key/key.core/../key.ui/examples/standard_key/java_dl/quantifiedQuery.key 
393484     INFO  main            d.u.i.k.p.i.AbstractProblemLoader Loading environment from /home/runner/work/key/key/key.core/../key.ui/examples/standard_key/java_dl/quantifiedQuery.key 
393484     DEBUG main            d.u.i.k.p.i.AbstractProblemLoader Environment load took 38.7ns 
393485     INFO  main            d.u.i.k.p.i.AbstractProblemLoader Creating init config 
395806     DEBUG main            d.u.i.k.p.i.AbstractProblemLoader Init config took 2.32s 
395820     INFO  main            d.u.i.k.p.i.AbstractProblemLoader Replaying proof quantifiedQuery.key 
395821     DEBUG main            d.u.i.k.p.i.IntermediateProofReplayer Proof replay took 7.7ns 
395924     INFO  main            d.u.i.k.p.r.p.TestFile    ... finished proof: closed. 
396320     INFO  main            d.u.i.k.p.i.AbstractProblemLoader Loading environment from /home/runner/work/key/key/key.core/../key.ui/examples/standard_key/java_dl/quantifiedQuery.key.proof 
396320     DEBUG main            d.u.i.k.p.i.AbstractProblemLoader Environment load took 71.5ns 
396321     INFO  main            d.u.i.k.p.i.AbstractProblemLoader Creating init config 
398625     DEBUG main            d.u.i.k.p.i.AbstractProblemLoader Init config took 2.3s 
398639     INFO  main            d.u.i.k.p.i.AbstractProblemLoader Replaying proof quantifiedQuery.key.proof 
398649     DEBUG main            d.u.i.k.p.i.IntermediateProofReplayer Proof replay took 8.57ms 
398650     DEBUG main            d.u.i.k.p.r.p.TestFile    ... success: reloaded. 
398653     INFO  main            d.u.i.k.p.r.p.TestFile    Now processing file /home/runner/work/key/key/key.core/../key.ui/examples/standard_key/java_dl/recursion/triangular.key 
398653     INFO  main            d.u.i.k.p.i.AbstractProblemLoader Loading environment from /home/runner/work/key/key/key.core/../key.ui/examples/standard_key/java_dl/recursion/triangular.key 
398653     DEBUG main            d.u.i.k.p.i.AbstractProblemLoader Environment load took 45.1ns 
398654     INFO  main            d.u.i.k.p.i.AbstractProblemLoader Creating init config 
400992     DEBUG main            d.u.i.k.p.i.AbstractProblemLoader Init config took 2.34s 
401029     INFO  main            d.u.i.k.p.i.AbstractProblemLoader Replaying proof Triangular[Triangular::tria(int)].JML normal_behavior operation contract.0 
401030     DEBUG main            d.u.i.k.p.i.IntermediateProofReplayer Proof replay took 6.7ns 
401232     INFO  main            d.u.i.k.p.r.p.TestFile    ... finished proof: closed. 
401648     INFO  main            d.u.i.k.p.i.AbstractProblemLoader Loading environment from /home/runner/work/key/key/key.core/../key.ui/examples/standard_key/java_dl/recursion/triangular.key.proof 
401648     DEBUG main            d.u.i.k.p.i.AbstractProblemLoader Environment load took 81.1ns 
401649     INFO  main            d.u.i.k.p.i.AbstractProblemLoader Creating init config 
403931     DEBUG main            d.u.i.k.p.i.AbstractProblemLoader Init config took 2.28s 
403964     INFO  main            d.u.i.k.p.i.AbstractProblemLoader Replaying proof Triangular[Triangular::tria(int)].JML normal_behavior operation contract.0 
403994     DEBUG main            d.u.i.k.p.i.IntermediateProofReplayer Proof replay took 27.81ms 
403995     DEBUG main            d.u.i.k.p.r.p.TestFile    ... success: reloaded. 
403996     INFO  main            d.u.i.k.p.r.p.TestFile    Now processing file /home/runner/work/key/key/key.core/../key.ui/examples/standard_key/java_dl/reverseArray.key 
403996     INFO  main            d.u.i.k.p.i.AbstractProblemLoader Loading environment from /home/runner/work/key/key/key.core/../key.ui/examples/standard_key/java_dl/reverseArray.key 
403996     DEBUG main            d.u.i.k.p.i.AbstractProblemLoader Environment load took 62.8ns 
403998     INFO  main            d.u.i.k.p.i.AbstractProblemLoader Creating init config 
404016     WARN  main            d.u.i.k.j.r.KeYCrossReferenceNameInfo Datatype java.io.PrintStream declared twice: Once in FILE:/home/runner/work/key/key/key.core/../key.ui/examples/standard_key/java_dl/./classpath/PrintStream.java and once in URL:file:/home/runner/work/key/key/key.core/build/resources/main/de/uka/ilkd/key/java/JavaRedux/java/io/PrintStream.java, Keeping one from URL:file:/home/runner/work/key/key/key.core/build/resources/main/de/uka/ilkd/key/java/JavaRedux/java/io/PrintStream.java 
404017     WARN  main            d.u.i.k.j.r.KeYCrossReferenceNameInfo Datatype java.io.InputStream declared twice: Once in FILE:/home/runner/work/key/key/key.core/../key.ui/examples/standard_key/java_dl/./classpath/InputStream.java and once in URL:file:/home/runner/work/key/key/key.core/build/resources/main/de/uka/ilkd/key/java/JavaRedux/java/io/InputStream.java, Keeping one from URL:file:/home/runner/work/key/key/key.core/build/resources/main/de/uka/ilkd/key/java/JavaRedux/java/io/InputStream.java 
404017     WARN  main            d.u.i.k.j.r.KeYCrossReferenceNameInfo Datatype java.lang.System declared twice: Once in FILE:/home/runner/work/key/key/key.core/../key.ui/examples/standard_key/java_dl/./classpath/System.java and once in URL:file:/home/runner/work/key/key/key.core/build/resources/main/de/uka/ilkd/key/java/JavaRedux/java/lang/System.java, Keeping one from URL:file:/home/runner/work/key/key/key.core/build/resources/main/de/uka/ilkd/key/java/JavaRedux/java/lang/System.java 
404020     DEBUG main            d.u.i.k.j.r.ClassFileDeclarationBuilder Parsing: package java.io; public class Closeable { } 
404020     DEBUG main            r.s.KeYCrossReferenceSourceInfo Dynamically created class: java.io.Closeable 
406497     DEBUG main            d.u.i.k.p.i.AbstractProblemLoader Init config took 2.5s 
406511     INFO  main            d.u.i.k.p.i.AbstractProblemLoader Replaying proof reverseArray.key 
406512     DEBUG main            d.u.i.k.p.i.IntermediateProofReplayer Proof replay took 41.9ns 
410925     INFO  main            d.u.i.k.p.r.p.TestFile    ... finished proof: closed. 
411386     INFO  main            d.u.i.k.p.i.AbstractProblemLoader Loading environment from /home/runner/work/key/key/key.core/../key.ui/examples/standard_key/java_dl/reverseArray.key.proof 
411386     DEBUG main            d.u.i.k.p.i.AbstractProblemLoader Environment load took 94.2ns 
411388     INFO  main            d.u.i.k.p.i.AbstractProblemLoader Creating init config 
411407     WARN  main            d.u.i.k.j.r.KeYCrossReferenceNameInfo Datatype java.io.PrintStream declared twice: Once in FILE:/home/runner/work/key/key/key.core/../key.ui/examples/standard_key/java_dl/classpath/PrintStream.java and once in URL:file:/home/runner/work/key/key/key.core/build/resources/main/de/uka/ilkd/key/java/JavaRedux/java/io/PrintStream.java, Keeping one from URL:file:/home/runner/work/key/key/key.core/build/resources/main/de/uka/ilkd/key/java/JavaRedux/java/io/PrintStream.java 
411407     WARN  main            d.u.i.k.j.r.KeYCrossReferenceNameInfo Datatype java.io.InputStream declared twice: Once in FILE:/home/runner/work/key/key/key.core/../key.ui/examples/standard_key/java_dl/classpath/InputStream.java and once in URL:file:/home/runner/work/key/key/key.core/build/resources/main/de/uka/ilkd/key/java/JavaRedux/java/io/InputStream.java, Keeping one from URL:file:/home/runner/work/key/key/key.core/build/resources/main/de/uka/ilkd/key/java/JavaRedux/java/io/InputStream.java 
411407     WARN  main            d.u.i.k.j.r.KeYCrossReferenceNameInfo Datatype java.lang.System declared twice: Once in FILE:/home/runner/work/key/key/key.core/../key.ui/examples/standard_key/java_dl/classpath/System.java and once in URL:file:/home/runner/work/key/key/key.core/build/resources/main/de/uka/ilkd/key/java/JavaRedux/java/lang/System.java, Keeping one from URL:file:/home/runner/work/key/key/key.core/build/resources/main/de/uka/ilkd/key/java/JavaRedux/java/lang/System.java 
411410     DEBUG main            d.u.i.k.j.r.ClassFileDeclarationBuilder Parsing: package java.io; public class Closeable { } 
411410     DEBUG main            r.s.KeYCrossReferenceSourceInfo Dynamically created class: java.io.Closeable 
413751     DEBUG main            d.u.i.k.p.i.AbstractProblemLoader Init config took 2.36s 
413768     INFO  main            d.u.i.k.p.i.AbstractProblemLoader Replaying proof reverseArray.key.proof 
414413     DEBUG main            d.u.i.k.p.i.IntermediateProofReplayer Proof replay took 617.99ms 
414415     DEBUG main            d.u.i.k.p.r.p.TestFile    ... success: reloaded. 
414417     INFO  main            d.u.i.k.p.r.p.TestFile    Now processing file /home/runner/work/key/key/key.core/../key.ui/examples/standard_key/java_dl/reverseArray2.key 
414417     INFO  main            d.u.i.k.p.i.AbstractProblemLoader Loading environment from /home/runner/work/key/key/key.core/../key.ui/examples/standard_key/java_dl/reverseArray2.key 
414417     DEBUG main            d.u.i.k.p.i.AbstractProblemLoader Environment load took 62.4ns 
414419     INFO  main            d.u.i.k.p.i.AbstractProblemLoader Creating init config 
414437     WARN  main            d.u.i.k.j.r.KeYCrossReferenceNameInfo Datatype java.io.PrintStream declared twice: Once in FILE:/home/runner/work/key/key/key.core/../key.ui/examples/standard_key/java_dl/classpath/PrintStream.java and once in URL:file:/home/runner/work/key/key/key.core/build/resources/main/de/uka/ilkd/key/java/JavaRedux/java/io/PrintStream.java, Keeping one from URL:file:/home/runner/work/key/key/key.core/build/resources/main/de/uka/ilkd/key/java/JavaRedux/java/io/PrintStream.java 
414438     WARN  main            d.u.i.k.j.r.KeYCrossReferenceNameInfo Datatype java.io.InputStream declared twice: Once in FILE:/home/runner/work/key/key/key.core/../key.ui/examples/standard_key/java_dl/classpath/InputStream.java and once in URL:file:/home/runner/work/key/key/key.core/build/resources/main/de/uka/ilkd/key/java/JavaRedux/java/io/InputStream.java, Keeping one from URL:file:/home/runner/work/key/key/key.core/build/resources/main/de/uka/ilkd/key/java/JavaRedux/java/io/InputStream.java 
414438     WARN  main            d.u.i.k.j.r.KeYCrossReferenceNameInfo Datatype java.lang.System declared twice: Once in FILE:/home/runner/work/key/key/key.core/../key.ui/examples/standard_key/java_dl/classpath/System.java and once in URL:file:/home/runner/work/key/key/key.core/build/resources/main/de/uka/ilkd/key/java/JavaRedux/java/lang/System.java, Keeping one from URL:file:/home/runner/work/key/key/key.core/build/resources/main/de/uka/ilkd/key/java/JavaRedux/java/lang/System.java 
414440     DEBUG main            d.u.i.k.j.r.ClassFileDeclarationBuilder Parsing: package java.io; public class Closeable { } 
414441     DEBUG main            r.s.KeYCrossReferenceSourceInfo Dynamically created class: java.io.Closeable 
416862     DEBUG main            d.u.i.k.p.i.AbstractProblemLoader Init config took 2.44s 
416876     INFO  main            d.u.i.k.p.i.AbstractProblemLoader Replaying proof reverseArray2.key 
416877     DEBUG main            d.u.i.k.p.i.IntermediateProofReplayer Proof replay took 3ns 
418313     INFO  main            d.u.i.k.p.r.p.TestFile    ... finished proof: closed. 
418804     INFO  main            d.u.i.k.p.i.AbstractProblemLoader Loading environment from /home/runner/work/key/key/key.core/../key.ui/examples/standard_key/java_dl/reverseArray2.key.proof 
418804     DEBUG main            d.u.i.k.p.i.AbstractProblemLoader Environment load took 84.6ns 
418806     INFO  main            d.u.i.k.p.i.AbstractProblemLoader Creating init config 
418825     WARN  main            d.u.i.k.j.r.KeYCrossReferenceNameInfo Datatype java.io.PrintStream declared twice: Once in FILE:/home/runner/work/key/key/key.core/../key.ui/examples/standard_key/java_dl/classpath/PrintStream.java and once in URL:file:/home/runner/work/key/key/key.core/build/resources/main/de/uka/ilkd/key/java/JavaRedux/java/io/PrintStream.java, Keeping one from URL:file:/home/runner/work/key/key/key.core/build/resources/main/de/uka/ilkd/key/java/JavaRedux/java/io/PrintStream.java 
418825     WARN  main            d.u.i.k.j.r.KeYCrossReferenceNameInfo Datatype java.io.InputStream declared twice: Once in FILE:/home/runner/work/key/key/key.core/../key.ui/examples/standard_key/java_dl/classpath/InputStream.java and once in URL:file:/home/runner/work/key/key/key.core/build/resources/main/de/uka/ilkd/key/java/JavaRedux/java/io/InputStream.java, Keeping one from URL:file:/home/runner/work/key/key/key.core/build/resources/main/de/uka/ilkd/key/java/JavaRedux/java/io/InputStream.java 
418825     WARN  main            d.u.i.k.j.r.KeYCrossReferenceNameInfo Datatype java.lang.System declared twice: Once in FILE:/home/runner/work/key/key/key.core/../key.ui/examples/standard_key/java_dl/classpath/System.java and once in URL:file:/home/runner/work/key/key/key.core/build/resources/main/de/uka/ilkd/key/java/JavaRedux/java/lang/System.java, Keeping one from URL:file:/home/runner/work/key/key/key.core/build/resources/main/de/uka/ilkd/key/java/JavaRedux/java/lang/System.java 
418829     DEBUG main            d.u.i.k.j.r.ClassFileDeclarationBuilder Parsing: package java.io; public class Closeable { } 
418829     DEBUG main            r.s.KeYCrossReferenceSourceInfo Dynamically created class: java.io.Closeable 
421145     DEBUG main            d.u.i.k.p.i.AbstractProblemLoader Init config took 2.34s 
421159     INFO  main            d.u.i.k.p.i.AbstractProblemLoader Replaying proof reverseArray2.key.proof 
421373     DEBUG main            d.u.i.k.p.i.IntermediateProofReplayer Proof replay took 209.59ms 
421375     DEBUG main            d.u.i.k.p.r.p.TestFile    ... success: reloaded. 
421377     INFO  main            d.u.i.k.p.r.p.TestFile    Now processing file /home/runner/work/key/key/key.core/../key.ui/examples/standard_key/java_dl/simpleAssignment.key 
421377     INFO  main            d.u.i.k.p.i.AbstractProblemLoader Loading environment from /home/runner/work/key/key/key.core/../key.ui/examples/standard_key/java_dl/simpleAssignment.key 
421377     DEBUG main            d.u.i.k.p.i.AbstractProblemLoader Environment load took 66.9ns 
421378     INFO  main            d.u.i.k.p.i.AbstractProblemLoader Creating init config 
423661     DEBUG main            d.u.i.k.p.i.AbstractProblemLoader Init config took 2.28s 
423674     INFO  main            d.u.i.k.p.i.AbstractProblemLoader Replaying proof simpleAssignment.key 
423675     DEBUG main            d.u.i.k.p.i.IntermediateProofReplayer Proof replay took 2.7ns 
423778     INFO  main            d.u.i.k.p.r.p.TestFile    ... finished proof: closed. 
424226     INFO  main            d.u.i.k.p.i.AbstractProblemLoader Loading environment from /home/runner/work/key/key/key.core/../key.ui/examples/standard_key/java_dl/simpleAssignment.key.proof 
424227     DEBUG main            d.u.i.k.p.i.AbstractProblemLoader Environment load took 73.3ns 
424227     INFO  main            d.u.i.k.p.i.AbstractProblemLoader Creating init config 
426450     DEBUG main            d.u.i.k.p.i.AbstractProblemLoader Init config took 2.22s 
426463     INFO  main            d.u.i.k.p.i.AbstractProblemLoader Replaying proof simpleAssignment.key.proof 
426465     DEBUG main            d.u.i.k.p.i.IntermediateProofReplayer Proof replay took 623.8ns 
426465     DEBUG main            d.u.i.k.p.r.p.TestFile    ... success: reloaded. 
426467     INFO  main            d.u.i.k.p.r.p.TestFile    Now processing file /home/runner/work/key/key/key.core/../key.ui/examples/standard_key/java_dl/simpleAssignment2.key 
426467     INFO  main            d.u.i.k.p.i.AbstractProblemLoader Loading environment from /home/runner/work/key/key/key.core/../key.ui/examples/standard_key/java_dl/simpleAssignment2.key 
426467     DEBUG main            d.u.i.k.p.i.AbstractProblemLoader Environment load took 40.2ns 
426468     INFO  main            d.u.i.k.p.i.AbstractProblemLoader Creating init config 
428722     DEBUG main            d.u.i.k.p.i.AbstractProblemLoader Init config took 2.25s 
428734     INFO  main            d.u.i.k.p.i.AbstractProblemLoader Replaying proof simpleAssignment2.key 
428736     DEBUG main            d.u.i.k.p.i.IntermediateProofReplayer Proof replay took 2.5ns 
428841     INFO  main            d.u.i.k.p.r.p.TestFile    ... finished proof: closed. 
429265     INFO  main            d.u.i.k.p.i.AbstractProblemLoader Loading environment from /home/runner/work/key/key/key.core/../key.ui/examples/standard_key/java_dl/simpleAssignment2.key.proof 
429266     DEBUG main            d.u.i.k.p.i.AbstractProblemLoader Environment load took 72.8ns 
429266     INFO  main            d.u.i.k.p.i.AbstractProblemLoader Creating init config 
431497     DEBUG main            d.u.i.k.p.i.AbstractProblemLoader Init config took 2.23s 
431510     INFO  main            d.u.i.k.p.i.AbstractProblemLoader Replaying proof simpleAssignment2.key.proof 
431512     DEBUG main            d.u.i.k.p.i.IntermediateProofReplayer Proof replay took 355.4ns 
431512     DEBUG main            d.u.i.k.p.r.p.TestFile    ... success: reloaded. 
431514     INFO  main            d.u.i.k.p.r.p.TestFile    Now processing file /home/runner/work/key/key/key.core/../key.ui/examples/standard_key/java_dl/splittingWithQueries.key 
431514     INFO  main            d.u.i.k.p.i.AbstractProblemLoader Loading environment from /home/runner/work/key/key/key.core/../key.ui/examples/standard_key/java_dl/splittingWithQueries.key 
431514     DEBUG main            d.u.i.k.p.i.AbstractProblemLoader Environment load took 42.4ns 
431515     INFO  main            d.u.i.k.p.i.AbstractProblemLoader Creating init config 
433850     DEBUG main            d.u.i.k.p.i.AbstractProblemLoader Init config took 2.33s 
433862     INFO  main            d.u.i.k.p.i.AbstractProblemLoader Replaying proof splittingWithQueries.key 
433863     DEBUG main            d.u.i.k.p.i.IntermediateProofReplayer Proof replay took 2.8ns 
433965     INFO  main            d.u.i.k.p.r.p.TestFile    ... finished proof: closed. 
434400     INFO  main            d.u.i.k.p.i.AbstractProblemLoader Loading environment from /home/runner/work/key/key/key.core/../key.ui/examples/standard_key/java_dl/splittingWithQueries.key.proof 
434400     DEBUG main            d.u.i.k.p.i.AbstractProblemLoader Environment load took 70.8ns 
434401     INFO  main            d.u.i.k.p.i.AbstractProblemLoader Creating init config 
436708     DEBUG main            d.u.i.k.p.i.AbstractProblemLoader Init config took 2.31s 
436726     INFO  main            d.u.i.k.p.i.AbstractProblemLoader Replaying proof splittingWithQueries.key.proof 
436729     DEBUG main            d.u.i.k.p.i.IntermediateProofReplayer Proof replay took 1.58ms 
436731     DEBUG main            d.u.i.k.p.r.p.TestFile    ... success: reloaded. 
436736     INFO  main            d.u.i.k.p.r.p.TestFile    Now processing file /home/runner/work/key/key/key.core/../key.ui/examples/standard_key/java_dl/strassen/strassen.key 
436736     INFO  main            d.u.i.k.p.i.AbstractProblemLoader Loading environment from /home/runner/work/key/key/key.core/../key.ui/examples/standard_key/java_dl/strassen/strassen.key 
436736     DEBUG main            d.u.i.k.p.i.AbstractProblemLoader Environment load took 148ns 
436737     INFO  main            d.u.i.k.p.i.AbstractProblemLoader Creating init config 
439168     DEBUG main            d.u.i.k.p.i.AbstractProblemLoader Init config took 2.43s 
439203     INFO  main            d.u.i.k.p.i.AbstractProblemLoader Replaying proof Matrix22[Matrix22::strassen(Matrix22,Matrix22)].JML normal_behavior operation contract.0 
439204     DEBUG main            d.u.i.k.p.i.IntermediateProofReplayer Proof replay took 2.1ns 
444127     INFO  main            d.u.i.k.p.r.p.TestFile    ... finished proof: closed. 
444701     INFO  main            d.u.i.k.p.i.AbstractProblemLoader Loading environment from /home/runner/work/key/key/key.core/../key.ui/examples/standard_key/java_dl/strassen/strassen.key.proof 
444701     DEBUG main            d.u.i.k.p.i.AbstractProblemLoader Environment load took 274.9ns 
444703     INFO  main            d.u.i.k.p.i.AbstractProblemLoader Creating init config 
447066     DEBUG main            d.u.i.k.p.i.AbstractProblemLoader Init config took 2.36s 
447101     INFO  main            d.u.i.k.p.i.AbstractProblemLoader Replaying proof Matrix22[Matrix22::strassen(Matrix22,Matrix22)].JML normal_behavior operation contract.0 
447799     DEBUG main            d.u.i.k.p.i.IntermediateProofReplayer Proof replay took 688.04ms 
447801     DEBUG main            d.u.i.k.p.r.p.TestFile    ... success: reloaded. 
447803     INFO  main            d.u.i.k.p.r.p.TestFile    Now processing file /home/runner/work/key/key/key.core/../key.ui/examples/standard_key/java_dl/symmArray.key 
447803     INFO  main            d.u.i.k.p.i.AbstractProblemLoader Loading environment from /home/runner/work/key/key/key.core/../key.ui/examples/standard_key/java_dl/symmArray.key 
447803     DEBUG main            d.u.i.k.p.i.AbstractProblemLoader Environment load took 134.6ns 
447806     INFO  main            d.u.i.k.p.i.AbstractProblemLoader Creating init config 
450241     DEBUG main            d.u.i.k.p.i.AbstractProblemLoader Init config took 2.43s 
450255     INFO  main            d.u.i.k.p.i.AbstractProblemLoader Replaying proof symmArray.key 
450256     DEBUG main            d.u.i.k.p.i.IntermediateProofReplayer Proof replay took 2.7ns 
550796     INFO  main            d.u.i.k.p.r.p.TestFile    ... finished proof: closed. 
551349     INFO  main            d.u.i.k.p.i.AbstractProblemLoader Loading environment from /home/runner/work/key/key/key.core/../key.ui/examples/standard_key/java_dl/symmArray.key.proof 
551349     DEBUG main            d.u.i.k.p.i.AbstractProblemLoader Environment load took 88.3ns 
551354     INFO  main            d.u.i.k.p.i.AbstractProblemLoader Creating init config 
553713     DEBUG main            d.u.i.k.p.i.AbstractProblemLoader Init config took 2.36s 
553729     INFO  main            d.u.i.k.p.i.AbstractProblemLoader Replaying proof symmArray.key.proof 
554819     DEBUG main            d.u.i.k.p.i.IntermediateProofReplayer Proof replay took 1.03s 
554823     DEBUG main            d.u.i.k.p.r.p.TestFile    ... success: reloaded. 
554826     INFO  main            d.u.i.k.p.r.p.TestFile    Now processing file /home/runner/work/key/key/key.core/../key.ui/examples/standard_key/java_dl/testcontext.key 
554826     INFO  main            d.u.i.k.p.i.AbstractProblemLoader Loading environment from /home/runner/work/key/key/key.core/../key.ui/examples/standard_key/java_dl/testcontext.key 
554826     DEBUG main            d.u.i.k.p.i.AbstractProblemLoader Environment load took 42.1ns 
554827     INFO  main            d.u.i.k.p.i.AbstractProblemLoader Creating init config 
554845     WARN  main            d.u.i.k.j.r.KeYCrossReferenceNameInfo Datatype java.io.PrintStream declared twice: Once in FILE:/home/runner/work/key/key/key.core/../key.ui/examples/standard_key/java_dl/classpath/PrintStream.java and once in URL:file:/home/runner/work/key/key/key.core/build/resources/main/de/uka/ilkd/key/java/JavaRedux/java/io/PrintStream.java, Keeping one from URL:file:/home/runner/work/key/key/key.core/build/resources/main/de/uka/ilkd/key/java/JavaRedux/java/io/PrintStream.java 
554846     WARN  main            d.u.i.k.j.r.KeYCrossReferenceNameInfo Datatype java.io.InputStream declared twice: Once in FILE:/home/runner/work/key/key/key.core/../key.ui/examples/standard_key/java_dl/classpath/InputStream.java and once in URL:file:/home/runner/work/key/key/key.core/build/resources/main/de/uka/ilkd/key/java/JavaRedux/java/io/InputStream.java, Keeping one from URL:file:/home/runner/work/key/key/key.core/build/resources/main/de/uka/ilkd/key/java/JavaRedux/java/io/InputStream.java 
554846     WARN  main            d.u.i.k.j.r.KeYCrossReferenceNameInfo Datatype java.lang.System declared twice: Once in FILE:/home/runner/work/key/key/key.core/../key.ui/examples/standard_key/java_dl/classpath/System.java and once in URL:file:/home/runner/work/key/key/key.core/build/resources/main/de/uka/ilkd/key/java/JavaRedux/java/lang/System.java, Keeping one from URL:file:/home/runner/work/key/key/key.core/build/resources/main/de/uka/ilkd/key/java/JavaRedux/java/lang/System.java 
554849     DEBUG main            d.u.i.k.j.r.ClassFileDeclarationBuilder Parsing: package java.io; public class Closeable { } 
554849     DEBUG main            r.s.KeYCrossReferenceSourceInfo Dynamically created class: java.io.Closeable 
557150     DEBUG main            d.u.i.k.p.i.AbstractProblemLoader Init config took 2.32s 
557163     INFO  main            d.u.i.k.p.i.AbstractProblemLoader Replaying proof testcontext.key 
557165     DEBUG main            d.u.i.k.p.i.IntermediateProofReplayer Proof replay took 2.1ns 
557467     INFO  main            d.u.i.k.p.r.p.TestFile    ... finished proof: closed. 
558036     INFO  main            d.u.i.k.p.i.AbstractProblemLoader Loading environment from /home/runner/work/key/key/key.core/../key.ui/examples/standard_key/java_dl/testcontext.key.proof 
558036     DEBUG main            d.u.i.k.p.i.AbstractProblemLoader Environment load took 71.8ns 
558037     INFO  main            d.u.i.k.p.i.AbstractProblemLoader Creating init config 
558057     WARN  main            d.u.i.k.j.r.KeYCrossReferenceNameInfo Datatype java.io.PrintStream declared twice: Once in FILE:/home/runner/work/key/key/key.core/../key.ui/examples/standard_key/java_dl/classpath/PrintStream.java and once in URL:file:/home/runner/work/key/key/key.core/build/resources/main/de/uka/ilkd/key/java/JavaRedux/java/io/PrintStream.java, Keeping one from URL:file:/home/runner/work/key/key/key.core/build/resources/main/de/uka/ilkd/key/java/JavaRedux/java/io/PrintStream.java 
558058     WARN  main            d.u.i.k.j.r.KeYCrossReferenceNameInfo Datatype java.io.InputStream declared twice: Once in FILE:/home/runner/work/key/key/key.core/../key.ui/examples/standard_key/java_dl/classpath/InputStream.java and once in URL:file:/home/runner/work/key/key/key.core/build/resources/main/de/uka/ilkd/key/java/JavaRedux/java/io/InputStream.java, Keeping one from URL:file:/home/runner/work/key/key/key.core/build/resources/main/de/uka/ilkd/key/java/JavaRedux/java/io/InputStream.java 
558058     WARN  main            d.u.i.k.j.r.KeYCrossReferenceNameInfo Datatype java.lang.System declared twice: Once in FILE:/home/runner/work/key/key/key.core/../key.ui/examples/standard_key/java_dl/classpath/System.java and once in URL:file:/home/runner/work/key/key/key.core/build/resources/main/de/uka/ilkd/key/java/JavaRedux/java/lang/System.java, Keeping one from URL:file:/home/runner/work/key/key/key.core/build/resources/main/de/uka/ilkd/key/java/JavaRedux/java/lang/System.java 
558061     DEBUG main            d.u.i.k.j.r.ClassFileDeclarationBuilder Parsing: package java.io; public class Closeable { } 
558061     DEBUG main            r.s.KeYCrossReferenceSourceInfo Dynamically created class: java.io.Closeable 
560317     DEBUG main            d.u.i.k.p.i.AbstractProblemLoader Init config took 2.28s 
560330     INFO  main            d.u.i.k.p.i.AbstractProblemLoader Replaying proof testcontext.key.proof 
560400     DEBUG main            d.u.i.k.p.i.IntermediateProofReplayer Proof replay took 67.37ms 
560401     DEBUG main            d.u.i.k.p.r.p.TestFile    ... success: reloaded. 
560403     INFO  main            d.u.i.k.p.r.p.TestFile    Now processing file /home/runner/work/key/key/key.core/../key.ui/examples/standard_key/staticInitialisation/cascadeStaticInitialisation.key 
560403     INFO  main            d.u.i.k.p.i.AbstractProblemLoader Loading environment from /home/runner/work/key/key/key.core/../key.ui/examples/standard_key/staticInitialisation/cascadeStaticInitialisation.key 
560403     DEBUG main            d.u.i.k.p.i.AbstractProblemLoader Environment load took 67.3ns 
560405     INFO  main            d.u.i.k.p.i.AbstractProblemLoader Creating init config 
560423     WARN  main            d.u.i.k.j.r.KeYCrossReferenceNameInfo Datatype java.io.PrintStream declared twice: Once in FILE:/home/runner/work/key/key/key.core/../key.ui/examples/standard_key/staticInitialisation/classpath/PrintStream.java and once in URL:file:/home/runner/work/key/key/key.core/build/resources/main/de/uka/ilkd/key/java/JavaRedux/java/io/PrintStream.java, Keeping one from URL:file:/home/runner/work/key/key/key.core/build/resources/main/de/uka/ilkd/key/java/JavaRedux/java/io/PrintStream.java 
560423     WARN  main            d.u.i.k.j.r.KeYCrossReferenceNameInfo Datatype java.lang.System declared twice: Once in FILE:/home/runner/work/key/key/key.core/../key.ui/examples/standard_key/staticInitialisation/classpath/System.java and once in URL:file:/home/runner/work/key/key/key.core/build/resources/main/de/uka/ilkd/key/java/JavaRedux/java/lang/System.java, Keeping one from URL:file:/home/runner/work/key/key/key.core/build/resources/main/de/uka/ilkd/key/java/JavaRedux/java/lang/System.java 
562714     DEBUG main            d.u.i.k.p.i.AbstractProblemLoader Init config took 2.31s 
562728     INFO  main            d.u.i.k.p.i.AbstractProblemLoader Replaying proof cascadeStaticInitialisation.key 
562729     DEBUG main            d.u.i.k.p.i.IntermediateProofReplayer Proof replay took 3.2ns 
563434     INFO  main            d.u.i.k.p.r.p.TestFile    ... finished proof: closed. 
563940     INFO  main            d.u.i.k.p.i.AbstractProblemLoader Loading environment from /home/runner/work/key/key/key.core/../key.ui/examples/standard_key/staticInitialisation/cascadeStaticInitialisation.key.proof 
563940     DEBUG main            d.u.i.k.p.i.AbstractProblemLoader Environment load took 76.9ns 
563941     INFO  main            d.u.i.k.p.i.AbstractProblemLoader Creating init config 
563959     WARN  main            d.u.i.k.j.r.KeYCrossReferenceNameInfo Datatype java.io.PrintStream declared twice: Once in FILE:/home/runner/work/key/key/key.core/../key.ui/examples/standard_key/staticInitialisation/classpath/PrintStream.java and once in URL:file:/home/runner/work/key/key/key.core/build/resources/main/de/uka/ilkd/key/java/JavaRedux/java/io/PrintStream.java, Keeping one from URL:file:/home/runner/work/key/key/key.core/build/resources/main/de/uka/ilkd/key/java/JavaRedux/java/io/PrintStream.java 
563960     WARN  main            d.u.i.k.j.r.KeYCrossReferenceNameInfo Datatype java.lang.System declared twice: Once in FILE:/home/runner/work/key/key/key.core/../key.ui/examples/standard_key/staticInitialisation/classpath/System.java and once in URL:file:/home/runner/work/key/key/key.core/build/resources/main/de/uka/ilkd/key/java/JavaRedux/java/lang/System.java, Keeping one from URL:file:/home/runner/work/key/key/key.core/build/resources/main/de/uka/ilkd/key/java/JavaRedux/java/lang/System.java 
566225     DEBUG main            d.u.i.k.p.i.AbstractProblemLoader Init config took 2.28s 
566239     INFO  main            d.u.i.k.p.i.AbstractProblemLoader Replaying proof cascadeStaticInitialisation.key.proof 
566382     DEBUG main            d.u.i.k.p.i.IntermediateProofReplayer Proof replay took 139.86ms 
566383     DEBUG main            d.u.i.k.p.r.p.TestFile    ... success: reloaded. 
566385     INFO  main            d.u.i.k.p.r.p.TestFile    Now processing file /home/runner/work/key/key/key.core/../key.ui/examples/standard_key/staticInitialisation/erroneousClassImpliesErroneousSubclass.key 
566385     INFO  main            d.u.i.k.p.i.AbstractProblemLoader Loading environment from /home/runner/work/key/key/key.core/../key.ui/examples/standard_key/staticInitialisation/erroneousClassImpliesErroneousSubclass.key 
566385     DEBUG main            d.u.i.k.p.i.AbstractProblemLoader Environment load took 68.4ns 
566386     INFO  main            d.u.i.k.p.i.AbstractProblemLoader Creating init config 
566403     WARN  main            d.u.i.k.j.r.KeYCrossReferenceNameInfo Datatype java.io.PrintStream declared twice: Once in FILE:/home/runner/work/key/key/key.core/../key.ui/examples/standard_key/staticInitialisation/classpath/PrintStream.java and once in URL:file:/home/runner/work/key/key/key.core/build/resources/main/de/uka/ilkd/key/java/JavaRedux/java/io/PrintStream.java, Keeping one from URL:file:/home/runner/work/key/key/key.core/build/resources/main/de/uka/ilkd/key/java/JavaRedux/java/io/PrintStream.java 
566404     WARN  main            d.u.i.k.j.r.KeYCrossReferenceNameInfo Datatype java.lang.System declared twice: Once in FILE:/home/runner/work/key/key/key.core/../key.ui/examples/standard_key/staticInitialisation/classpath/System.java and once in URL:file:/home/runner/work/key/key/key.core/build/resources/main/de/uka/ilkd/key/java/JavaRedux/java/lang/System.java, Keeping one from URL:file:/home/runner/work/key/key/key.core/build/resources/main/de/uka/ilkd/key/java/JavaRedux/java/lang/System.java 
568694     DEBUG main            d.u.i.k.p.i.AbstractProblemLoader Init config took 2.31s 
568706     INFO  main            d.u.i.k.p.i.AbstractProblemLoader Replaying proof erroneousClassImpliesErroneousSubclass.key 
568707     DEBUG main            d.u.i.k.p.i.IntermediateProofReplayer Proof replay took 2.3ns 
568809     INFO  main            d.u.i.k.p.r.p.TestFile    ... finished proof: closed. 
569289     INFO  main            d.u.i.k.p.i.AbstractProblemLoader Loading environment from /home/runner/work/key/key/key.core/../key.ui/examples/standard_key/staticInitialisation/erroneousClassImpliesErroneousSubclass.key.proof 
569289     DEBUG main            d.u.i.k.p.i.AbstractProblemLoader Environment load took 66.5ns 
569290     INFO  main            d.u.i.k.p.i.AbstractProblemLoader Creating init config 
569308     WARN  main            d.u.i.k.j.r.KeYCrossReferenceNameInfo Datatype java.io.PrintStream declared twice: Once in FILE:/home/runner/work/key/key/key.core/../key.ui/examples/standard_key/staticInitialisation/classpath/PrintStream.java and once in URL:file:/home/runner/work/key/key/key.core/build/resources/main/de/uka/ilkd/key/java/JavaRedux/java/io/PrintStream.java, Keeping one from URL:file:/home/runner/work/key/key/key.core/build/resources/main/de/uka/ilkd/key/java/JavaRedux/java/io/PrintStream.java 
569309     WARN  main            d.u.i.k.j.r.KeYCrossReferenceNameInfo Datatype java.lang.System declared twice: Once in FILE:/home/runner/work/key/key/key.core/../key.ui/examples/standard_key/staticInitialisation/classpath/System.java and once in URL:file:/home/runner/work/key/key/key.core/build/resources/main/de/uka/ilkd/key/java/JavaRedux/java/lang/System.java, Keeping one from URL:file:/home/runner/work/key/key/key.core/build/resources/main/de/uka/ilkd/key/java/JavaRedux/java/lang/System.java 
571643     DEBUG main            d.u.i.k.p.i.AbstractProblemLoader Init config took 2.35s 
571655     INFO  main            d.u.i.k.p.i.AbstractProblemLoader Replaying proof erroneousClassImpliesErroneousSubclass.key.proof 
571657     DEBUG main            d.u.i.k.p.i.IntermediateProofReplayer Proof replay took 458.5ns 
571658     DEBUG main            d.u.i.k.p.r.p.TestFile    ... success: reloaded. 
571660     INFO  main            d.u.i.k.p.r.p.TestFile    Now processing file /home/runner/work/key/key/key.core/../key.ui/examples/standard_key/staticInitialisation/initializedSubclassImpliesInitializedSuperclass.key 
571661     INFO  main            d.u.i.k.p.i.AbstractProblemLoader Loading environment from /home/runner/work/key/key/key.core/../key.ui/examples/standard_key/staticInitialisation/initializedSubclassImpliesInitializedSuperclass.key 
571661     DEBUG main            d.u.i.k.p.i.AbstractProblemLoader Environment load took 90.5ns 
571662     INFO  main            d.u.i.k.p.i.AbstractProblemLoader Creating init config 
571679     WARN  main            d.u.i.k.j.r.KeYCrossReferenceNameInfo Datatype java.io.PrintStream declared twice: Once in FILE:/home/runner/work/key/key/key.core/../key.ui/examples/standard_key/staticInitialisation/classpath/PrintStream.java and once in URL:file:/home/runner/work/key/key/key.core/build/resources/main/de/uka/ilkd/key/java/JavaRedux/java/io/PrintStream.java, Keeping one from URL:file:/home/runner/work/key/key/key.core/build/resources/main/de/uka/ilkd/key/java/JavaRedux/java/io/PrintStream.java 
571679     WARN  main            d.u.i.k.j.r.KeYCrossReferenceNameInfo Datatype java.lang.System declared twice: Once in FILE:/home/runner/work/key/key/key.core/../key.ui/examples/standard_key/staticInitialisation/classpath/System.java and once in URL:file:/home/runner/work/key/key/key.core/build/resources/main/de/uka/ilkd/key/java/JavaRedux/java/lang/System.java, Keeping one from URL:file:/home/runner/work/key/key/key.core/build/resources/main/de/uka/ilkd/key/java/JavaRedux/java/lang/System.java 
573997     DEBUG main            d.u.i.k.p.i.AbstractProblemLoader Init config took 2.34s 
574009     INFO  main            d.u.i.k.p.i.AbstractProblemLoader Replaying proof initializedSubclassImpliesInitializedSuperclass.key 
574010     DEBUG main            d.u.i.k.p.i.IntermediateProofReplayer Proof replay took 2.7ns 
574112     INFO  main            d.u.i.k.p.r.p.TestFile    ... finished proof: closed. 
574587     INFO  main            d.u.i.k.p.i.AbstractProblemLoader Loading environment from /home/runner/work/key/key/key.core/../key.ui/examples/standard_key/staticInitialisation/initializedSubclassImpliesInitializedSuperclass.key.proof 
574587     DEBUG main            d.u.i.k.p.i.AbstractProblemLoader Environment load took 78.4ns 
574588     INFO  main            d.u.i.k.p.i.AbstractProblemLoader Creating init config 
574605     WARN  main            d.u.i.k.j.r.KeYCrossReferenceNameInfo Datatype java.io.PrintStream declared twice: Once in FILE:/home/runner/work/key/key/key.core/../key.ui/examples/standard_key/staticInitialisation/classpath/PrintStream.java and once in URL:file:/home/runner/work/key/key/key.core/build/resources/main/de/uka/ilkd/key/java/JavaRedux/java/io/PrintStream.java, Keeping one from URL:file:/home/runner/work/key/key/key.core/build/resources/main/de/uka/ilkd/key/java/JavaRedux/java/io/PrintStream.java 
574605     WARN  main            d.u.i.k.j.r.KeYCrossReferenceNameInfo Datatype java.lang.System declared twice: Once in FILE:/home/runner/work/key/key/key.core/../key.ui/examples/standard_key/staticInitialisation/classpath/System.java and once in URL:file:/home/runner/work/key/key/key.core/build/resources/main/de/uka/ilkd/key/java/JavaRedux/java/lang/System.java, Keeping one from URL:file:/home/runner/work/key/key/key.core/build/resources/main/de/uka/ilkd/key/java/JavaRedux/java/lang/System.java 
576936     DEBUG main            d.u.i.k.p.i.AbstractProblemLoader Init config took 2.35s 
576948     INFO  main            d.u.i.k.p.i.AbstractProblemLoader Replaying proof initializedSubclassImpliesInitializedSuperclass.key.proof 
576949     DEBUG main            d.u.i.k.p.i.IntermediateProofReplayer Proof replay took 360.5ns 
576950     DEBUG main            d.u.i.k.p.r.p.TestFile    ... success: reloaded. 
576952     INFO  main            d.u.i.k.p.r.p.TestFile    Now processing file /home/runner/work/key/key/key.core/../key.ui/examples/standard_key/staticInitialisation/localDeclared.key 
576952     INFO  main            d.u.i.k.p.i.AbstractProblemLoader Loading environment from /home/runner/work/key/key/key.core/../key.ui/examples/standard_key/staticInitialisation/localDeclared.key 
576952     DEBUG main            d.u.i.k.p.i.AbstractProblemLoader Environment load took 49.9ns 
576954     INFO  main            d.u.i.k.p.i.AbstractProblemLoader Creating init config 
576971     WARN  main            d.u.i.k.j.r.KeYCrossReferenceNameInfo Datatype java.io.PrintStream declared twice: Once in FILE:/home/runner/work/key/key/key.core/../key.ui/examples/standard_key/staticInitialisation/classpath/PrintStream.java and once in URL:file:/home/runner/work/key/key/key.core/build/resources/main/de/uka/ilkd/key/java/JavaRedux/java/io/PrintStream.java, Keeping one from URL:file:/home/runner/work/key/key/key.core/build/resources/main/de/uka/ilkd/key/java/JavaRedux/java/io/PrintStream.java 
576971     WARN  main            d.u.i.k.j.r.KeYCrossReferenceNameInfo Datatype java.lang.System declared twice: Once in FILE:/home/runner/work/key/key/key.core/../key.ui/examples/standard_key/staticInitialisation/classpath/System.java and once in URL:file:/home/runner/work/key/key/key.core/build/resources/main/de/uka/ilkd/key/java/JavaRedux/java/lang/System.java, Keeping one from URL:file:/home/runner/work/key/key/key.core/build/resources/main/de/uka/ilkd/key/java/JavaRedux/java/lang/System.java 
579265     DEBUG main            d.u.i.k.p.i.AbstractProblemLoader Init config took 2.31s 
579278     INFO  main            d.u.i.k.p.i.AbstractProblemLoader Replaying proof localDeclared.key 
579278     DEBUG main            d.u.i.k.p.i.IntermediateProofReplayer Proof replay took 2.3ns 
579582     INFO  main            d.u.i.k.p.r.p.TestFile    ... finished proof: closed. 
580050     INFO  main            d.u.i.k.p.i.AbstractProblemLoader Loading environment from /home/runner/work/key/key/key.core/../key.ui/examples/standard_key/staticInitialisation/localDeclared.key.proof 
580050     DEBUG main            d.u.i.k.p.i.AbstractProblemLoader Environment load took 74.9ns 
580051     INFO  main            d.u.i.k.p.i.AbstractProblemLoader Creating init config 
580071     WARN  main            d.u.i.k.j.r.KeYCrossReferenceNameInfo Datatype java.io.PrintStream declared twice: Once in FILE:/home/runner/work/key/key/key.core/../key.ui/examples/standard_key/staticInitialisation/classpath/PrintStream.java and once in URL:file:/home/runner/work/key/key/key.core/build/resources/main/de/uka/ilkd/key/java/JavaRedux/java/io/PrintStream.java, Keeping one from URL:file:/home/runner/work/key/key/key.core/build/resources/main/de/uka/ilkd/key/java/JavaRedux/java/io/PrintStream.java 
580071     WARN  main            d.u.i.k.j.r.KeYCrossReferenceNameInfo Datatype java.lang.System declared twice: Once in FILE:/home/runner/work/key/key/key.core/../key.ui/examples/standard_key/staticInitialisation/classpath/System.java and once in URL:file:/home/runner/work/key/key/key.core/build/resources/main/de/uka/ilkd/key/java/JavaRedux/java/lang/System.java, Keeping one from URL:file:/home/runner/work/key/key/key.core/build/resources/main/de/uka/ilkd/key/java/JavaRedux/java/lang/System.java 
582315     DEBUG main            d.u.i.k.p.i.AbstractProblemLoader Init config took 2.26s 
582327     INFO  main            d.u.i.k.p.i.AbstractProblemLoader Replaying proof localDeclared.key.proof 
582381     DEBUG main            d.u.i.k.p.i.IntermediateProofReplayer Proof replay took 51.52ms 
582382     DEBUG main            d.u.i.k.p.r.p.TestFile    ... success: reloaded. 
582383     INFO  main            d.u.i.k.p.r.p.TestFile    Now processing file /home/runner/work/key/key/key.core/../key.ui/examples/standard_key/staticInitialisation/localDeclaredMethod.key 
582384     INFO  main            d.u.i.k.p.i.AbstractProblemLoader Loading environment from /home/runner/work/key/key/key.core/../key.ui/examples/standard_key/staticInitialisation/localDeclaredMethod.key 
582384     DEBUG main            d.u.i.k.p.i.AbstractProblemLoader Environment load took 91.2ns 
582385     INFO  main            d.u.i.k.p.i.AbstractProblemLoader Creating init config 
582402     WARN  main            d.u.i.k.j.r.KeYCrossReferenceNameInfo Datatype java.io.PrintStream declared twice: Once in FILE:/home/runner/work/key/key/key.core/../key.ui/examples/standard_key/staticInitialisation/classpath/PrintStream.java and once in URL:file:/home/runner/work/key/key/key.core/build/resources/main/de/uka/ilkd/key/java/JavaRedux/java/io/PrintStream.java, Keeping one from URL:file:/home/runner/work/key/key/key.core/build/resources/main/de/uka/ilkd/key/java/JavaRedux/java/io/PrintStream.java 
582402     WARN  main            d.u.i.k.j.r.KeYCrossReferenceNameInfo Datatype java.lang.System declared twice: Once in FILE:/home/runner/work/key/key/key.core/../key.ui/examples/standard_key/staticInitialisation/classpath/System.java and once in URL:file:/home/runner/work/key/key/key.core/build/resources/main/de/uka/ilkd/key/java/JavaRedux/java/lang/System.java, Keeping one from URL:file:/home/runner/work/key/key/key.core/build/resources/main/de/uka/ilkd/key/java/JavaRedux/java/lang/System.java 
584659     DEBUG main            d.u.i.k.p.i.AbstractProblemLoader Init config took 2.27s 
584675     INFO  main            d.u.i.k.p.i.AbstractProblemLoader Replaying proof localDeclaredMethod.key 
584676     DEBUG main            d.u.i.k.p.i.IntermediateProofReplayer Proof replay took 2.1ns 
584879     INFO  main            d.u.i.k.p.r.p.TestFile    ... finished proof: closed. 
585373     INFO  main            d.u.i.k.p.i.AbstractProblemLoader Loading environment from /home/runner/work/key/key/key.core/../key.ui/examples/standard_key/staticInitialisation/localDeclaredMethod.key.proof 
585373     DEBUG main            d.u.i.k.p.i.AbstractProblemLoader Environment load took 72.2ns 
585375     INFO  main            d.u.i.k.p.i.AbstractProblemLoader Creating init config 
585392     WARN  main            d.u.i.k.j.r.KeYCrossReferenceNameInfo Datatype java.io.PrintStream declared twice: Once in FILE:/home/runner/work/key/key/key.core/../key.ui/examples/standard_key/staticInitialisation/classpath/PrintStream.java and once in URL:file:/home/runner/work/key/key/key.core/build/resources/main/de/uka/ilkd/key/java/JavaRedux/java/io/PrintStream.java, Keeping one from URL:file:/home/runner/work/key/key/key.core/build/resources/main/de/uka/ilkd/key/java/JavaRedux/java/io/PrintStream.java 
585392     WARN  main            d.u.i.k.j.r.KeYCrossReferenceNameInfo Datatype java.lang.System declared twice: Once in FILE:/home/runner/work/key/key/key.core/../key.ui/examples/standard_key/staticInitialisation/classpath/System.java and once in URL:file:/home/runner/work/key/key/key.core/build/resources/main/de/uka/ilkd/key/java/JavaRedux/java/lang/System.java, Keeping one from URL:file:/home/runner/work/key/key/key.core/build/resources/main/de/uka/ilkd/key/java/JavaRedux/java/lang/System.java 
587613     DEBUG main            d.u.i.k.p.i.AbstractProblemLoader Init config took 2.24s 
587626     INFO  main            d.u.i.k.p.i.AbstractProblemLoader Replaying proof localDeclaredMethod.key.proof 
587675     DEBUG main            d.u.i.k.p.i.IntermediateProofReplayer Proof replay took 47.62ms 
587677     DEBUG main            d.u.i.k.p.r.p.TestFile    ... success: reloaded. 
587678     INFO  main            d.u.i.k.p.r.p.TestFile    Now processing file /home/runner/work/key/key/key.core/../key.ui/examples/standard_key/staticInitialisation/objectOfErroneousClass.key 
587678     INFO  main            d.u.i.k.p.i.AbstractProblemLoader Loading environment from /home/runner/work/key/key/key.core/../key.ui/examples/standard_key/staticInitialisation/objectOfErroneousClass.key 
587678     DEBUG main            d.u.i.k.p.i.AbstractProblemLoader Environment load took 43.5ns 
587679     INFO  main            d.u.i.k.p.i.AbstractProblemLoader Creating init config 
587696     WARN  main            d.u.i.k.j.r.KeYCrossReferenceNameInfo Datatype java.io.PrintStream declared twice: Once in FILE:/home/runner/work/key/key/key.core/../key.ui/examples/standard_key/staticInitialisation/classpath/PrintStream.java and once in URL:file:/home/runner/work/key/key/key.core/build/resources/main/de/uka/ilkd/key/java/JavaRedux/java/io/PrintStream.java, Keeping one from URL:file:/home/runner/work/key/key/key.core/build/resources/main/de/uka/ilkd/key/java/JavaRedux/java/io/PrintStream.java 
587696     WARN  main            d.u.i.k.j.r.KeYCrossReferenceNameInfo Datatype java.lang.System declared twice: Once in FILE:/home/runner/work/key/key/key.core/../key.ui/examples/standard_key/staticInitialisation/classpath/System.java and once in URL:file:/home/runner/work/key/key/key.core/build/resources/main/de/uka/ilkd/key/java/JavaRedux/java/lang/System.java, Keeping one from URL:file:/home/runner/work/key/key/key.core/build/resources/main/de/uka/ilkd/key/java/JavaRedux/java/lang/System.java 
590033     DEBUG main            d.u.i.k.p.i.AbstractProblemLoader Init config took 2.35s 
590047     INFO  main            d.u.i.k.p.i.AbstractProblemLoader Replaying proof objectOfErroneousClass.key 
590048     DEBUG main            d.u.i.k.p.i.IntermediateProofReplayer Proof replay took 2.5ns 
602788     INFO  main            d.u.i.k.p.r.p.TestFile    ... finished proof: closed. 
603332     INFO  main            d.u.i.k.p.i.AbstractProblemLoader Loading environment from /home/runner/work/key/key/key.core/../key.ui/examples/standard_key/staticInitialisation/objectOfErroneousClass.key.proof 
603332     DEBUG main            d.u.i.k.p.i.AbstractProblemLoader Environment load took 77.2ns 
603335     INFO  main            d.u.i.k.p.i.AbstractProblemLoader Creating init config 
603356     WARN  main            d.u.i.k.j.r.KeYCrossReferenceNameInfo Datatype java.io.PrintStream declared twice: Once in FILE:/home/runner/work/key/key/key.core/../key.ui/examples/standard_key/staticInitialisation/classpath/PrintStream.java and once in URL:file:/home/runner/work/key/key/key.core/build/resources/main/de/uka/ilkd/key/java/JavaRedux/java/io/PrintStream.java, Keeping one from URL:file:/home/runner/work/key/key/key.core/build/resources/main/de/uka/ilkd/key/java/JavaRedux/java/io/PrintStream.java 
603356     WARN  main            d.u.i.k.j.r.KeYCrossReferenceNameInfo Datatype java.lang.System declared twice: Once in FILE:/home/runner/work/key/key/key.core/../key.ui/examples/standard_key/staticInitialisation/classpath/System.java and once in URL:file:/home/runner/work/key/key/key.core/build/resources/main/de/uka/ilkd/key/java/JavaRedux/java/lang/System.java, Keeping one from URL:file:/home/runner/work/key/key/key.core/build/resources/main/de/uka/ilkd/key/java/JavaRedux/java/lang/System.java 
605665     DEBUG main            d.u.i.k.p.i.AbstractProblemLoader Init config took 2.33s 
605678     INFO  main            d.u.i.k.p.i.AbstractProblemLoader Replaying proof objectOfErroneousClass.key.proof 
605711     DEBUG main            d.u.i.k.p.i.IntermediateProofReplayer Proof replay took 4.57ms 
605714     WARN  main            d.u.i.k.p.r.p.TestFile    Replay exception de.uka.ilkd.key.proof.io.ProblemLoaderException: Error loading proof.
Line 180, goal 26, rule passiveMethodCallStatic not available or not applicable in this context.
	at de.uka.ilkd.key.proof.io.IntermediateProofReplayer.reportError(IntermediateProofReplayer.java:782)
Caused by: de.uka.ilkd.key.proof.io.IntermediateProofReplayer$TacletAppConstructionException: Unknown taclet with name "passiveMethodCallStatic"
	at de.uka.ilkd.key.proof.io.IntermediateProofReplayer.constructTacletApp(IntermediateProofReplayer.java:432)

605714     DEBUG main            d.u.i.k.p.r.p.TestFile    Exception java.lang.Exception: Exception while loading proof (see cause for details): /home/runner/work/key/key/key.core/../key.ui/examples/standard_key/staticInitialisation/objectOfErroneousClass.key.proof
	at de.uka.ilkd.key.proof.runallproofs.proofcollection.TestFile.reloadProof(TestFile.java:314)
Caused by: de.uka.ilkd.key.proof.io.ProblemLoaderException: Error loading proof.
Line 180, goal 26, rule passiveMethodCallStatic not available or not applicable in this context.
	at de.uka.ilkd.key.proof.io.IntermediateProofReplayer.reportError(IntermediateProofReplayer.java:782)
Caused by: de.uka.ilkd.key.proof.io.IntermediateProofReplayer$TacletAppConstructionException: Unknown taclet with name "passiveMethodCallStatic"
	at de.uka.ilkd.key.proof.io.IntermediateProofReplayer.constructTacletApp(IntermediateProofReplayer.java:432)

605715     WARN  main            d.u.i.k.p.r.p.ForkedTestFileRunner Run failed java.lang.Exception: Exception while loading proof (see cause for details): /home/runner/work/key/key/key.core/../key.ui/examples/standard_key/staticInitialisation/objectOfErroneousClass.key.proof
	at de.uka.ilkd.key.proof.runallproofs.proofcollection.TestFile.reloadProof(TestFile.java:314)
Caused by: de.uka.ilkd.key.proof.io.ProblemLoaderException: Error loading proof.
Line 180, goal 26, rule passiveMethodCallStatic not available or not applicable in this context.
	at de.uka.ilkd.key.proof.io.IntermediateProofReplayer.reportError(IntermediateProofReplayer.java:782)
Caused by: de.uka.ilkd.key.proof.io.IntermediateProofReplayer$TacletAppConstructionException: Unknown taclet with name "passiveMethodCallStatic"
	at de.uka.ilkd.key.proof.io.IntermediateProofReplayer.constructTacletApp(IntermediateProofReplayer.java:432)

605716     INFO  main            d.u.i.k.p.r.p.TestFile    Now processing file /home/runner/work/key/key/key.core/../key.ui/examples/standard_key/staticInitialisation/staticInitialisersAreNonSimple.key 
605717     INFO  main            d.u.i.k.p.i.AbstractProblemLoader Loading environment from /home/runner/work/key/key/key.core/../key.ui/examples/standard_key/staticInitialisation/staticInitialisersAreNonSimple.key 
605717     DEBUG main            d.u.i.k.p.i.AbstractProblemLoader Environment load took 63.9ns 
605718     INFO  main            d.u.i.k.p.i.AbstractProblemLoader Creating init config 
605734     WARN  main            d.u.i.k.j.r.KeYCrossReferenceNameInfo Datatype java.io.PrintStream declared twice: Once in FILE:/home/runner/work/key/key/key.core/../key.ui/examples/standard_key/staticInitialisation/classpath/PrintStream.java and once in URL:file:/home/runner/work/key/key/key.core/build/resources/main/de/uka/ilkd/key/java/JavaRedux/java/io/PrintStream.java, Keeping one from URL:file:/home/runner/work/key/key/key.core/build/resources/main/de/uka/ilkd/key/java/JavaRedux/java/io/PrintStream.java 
605735     WARN  main            d.u.i.k.j.r.KeYCrossReferenceNameInfo Datatype java.lang.System declared twice: Once in FILE:/home/runner/work/key/key/key.core/../key.ui/examples/standard_key/staticInitialisation/classpath/System.java and once in URL:file:/home/runner/work/key/key/key.core/build/resources/main/de/uka/ilkd/key/java/JavaRedux/java/lang/System.java, Keeping one from URL:file:/home/runner/work/key/key/key.core/build/resources/main/de/uka/ilkd/key/java/JavaRedux/java/lang/System.java 
608012     DEBUG main            d.u.i.k.p.i.AbstractProblemLoader Init config took 2.29s 
608025     INFO  main            d.u.i.k.p.i.AbstractProblemLoader Replaying proof staticInitialisersAreNonSimple.key 
608026     DEBUG main            d.u.i.k.p.i.IntermediateProofReplayer Proof replay took 2.1ns 
608332     INFO  main            d.u.i.k.p.r.p.TestFile    ... finished proof: closed. 
608883     INFO  main            d.u.i.k.p.i.AbstractProblemLoader Loading environment from /home/runner/work/key/key/key.core/../key.ui/examples/standard_key/staticInitialisation/staticInitialisersAreNonSimple.key.proof 
608883     DEBUG main            d.u.i.k.p.i.AbstractProblemLoader Environment load took 68.2ns 
608884     INFO  main            d.u.i.k.p.i.AbstractProblemLoader Creating init config 
608901     WARN  main            d.u.i.k.j.r.KeYCrossReferenceNameInfo Datatype java.io.PrintStream declared twice: Once in FILE:/home/runner/work/key/key/key.core/../key.ui/examples/standard_key/staticInitialisation/classpath/PrintStream.java and once in URL:file:/home/runner/work/key/key/key.core/build/resources/main/de/uka/ilkd/key/java/JavaRedux/java/io/PrintStream.java, Keeping one from URL:file:/home/runner/work/key/key/key.core/build/resources/main/de/uka/ilkd/key/java/JavaRedux/java/io/PrintStream.java 
608901     WARN  main            d.u.i.k.j.r.KeYCrossReferenceNameInfo Datatype java.lang.System declared twice: Once in FILE:/home/runner/work/key/key/key.core/../key.ui/examples/standard_key/staticInitialisation/classpath/System.java and once in URL:file:/home/runner/work/key/key/key.core/build/resources/main/de/uka/ilkd/key/java/JavaRedux/java/lang/System.java, Keeping one from URL:file:/home/runner/work/key/key/key.core/build/resources/main/de/uka/ilkd/key/java/JavaRedux/java/lang/System.java 
611127     DEBUG main            d.u.i.k.p.i.AbstractProblemLoader Init config took 2.24s 
611151     INFO  main            d.u.i.k.p.i.AbstractProblemLoader Replaying proof staticInitialisersAreNonSimple.key.proof 
611228     DEBUG main            d.u.i.k.p.i.IntermediateProofReplayer Proof replay took 74.51ms 
611229     DEBUG main            d.u.i.k.p.r.p.TestFile    ... success: reloaded. 
611231     INFO  main            d.u.i.k.p.r.p.TestFile    Now processing file /home/runner/work/key/key/key.core/../key.ui/examples/standard_key/types/disjoint.key 
611231     INFO  main            d.u.i.k.p.i.AbstractProblemLoader Loading environment from /home/runner/work/key/key/key.core/../key.ui/examples/standard_key/types/disjoint.key 
611231     DEBUG main            d.u.i.k.p.i.AbstractProblemLoader Environment load took 51.6ns 
611232     INFO  main            d.u.i.k.p.i.AbstractProblemLoader Creating init config 
613461     DEBUG main            d.u.i.k.p.i.AbstractProblemLoader Init config took 2.23s 
613472     INFO  main            d.u.i.k.p.i.AbstractProblemLoader Replaying proof disjoint.key 
613473     DEBUG main            d.u.i.k.p.i.IntermediateProofReplayer Proof replay took 2ns 
613575     INFO  main            d.u.i.k.p.r.p.TestFile    ... finished proof: closed. 
614062     INFO  main            d.u.i.k.p.i.AbstractProblemLoader Loading environment from /home/runner/work/key/key/key.core/../key.ui/examples/standard_key/types/disjoint.key.proof 
614062     DEBUG main            d.u.i.k.p.i.AbstractProblemLoader Environment load took 69.5ns 
614063     INFO  main            d.u.i.k.p.i.AbstractProblemLoader Creating init config 
616247     DEBUG main            d.u.i.k.p.i.AbstractProblemLoader Init config took 2.18s 
616259     INFO  main            d.u.i.k.p.i.AbstractProblemLoader Replaying proof disjoint.key.proof 
616260     DEBUG main            d.u.i.k.p.i.IntermediateProofReplayer Proof replay took 466.2ns 
616261     DEBUG main            d.u.i.k.p.r.p.TestFile    ... success: reloaded. 
616262     INFO  main            d.u.i.k.p.r.p.TestFile    Now processing file /home/runner/work/key/key/key.core/../key.ui/examples/../../key.core/src/test/resources/testcase/classpath/classpath.key 
616262     INFO  main            d.u.i.k.p.i.AbstractProblemLoader Loading environment from /home/runner/work/key/key/key.core/../key.ui/examples/../../key.core/src/test/resources/testcase/classpath/classpath.key 
616263     DEBUG main            d.u.i.k.p.i.AbstractProblemLoader Environment load took 103.6ns 
616263     INFO  main            d.u.i.k.p.i.AbstractProblemLoader Creating init config 
616283     WARN  main            d.u.i.k.j.r.KeYCrossReferenceNameInfo Datatype cp.C declared twice: Once in FILE:/home/runner/work/key/key/key.core/../key.ui/examples/../../key.core/src/test/resources/testcase/classpath/classpath/C.class and once in FILE:/home/runner/work/key/key/key.core/../key.ui/examples/../../key.core/src/test/resources/testcase/classpath/classpath/C.jml, Keeping one from FILE:/home/runner/work/key/key/key.core/../key.ui/examples/../../key.core/src/test/resources/testcase/classpath/classpath/C.jml 
616285     DEBUG main            d.u.i.k.j.r.ClassFileDeclarationBuilder Parsing: package cp; public class Unresolved1 { } 
616286     DEBUG main            r.s.KeYCrossReferenceSourceInfo Dynamically created class: cp.Unresolved1 
616286     DEBUG main            d.u.i.k.j.r.ClassFileDeclarationBuilder Parsing: package cp; public class Unresolved2 { } 
616286     DEBUG main            r.s.KeYCrossReferenceSourceInfo Dynamically created class: cp.Unresolved2 
618626     DEBUG main            d.u.i.k.p.i.AbstractProblemLoader Init config took 2.36s 
618639     INFO  main            d.u.i.k.p.i.AbstractProblemLoader Replaying proof classpath.key 
618641     DEBUG main            d.u.i.k.p.i.IntermediateProofReplayer Proof replay took 2.7ns 
618747     INFO  main            d.u.i.k.p.r.p.TestFile    ... finished proof: closed. 
619255     INFO  main            d.u.i.k.p.i.AbstractProblemLoader Loading environment from /home/runner/work/key/key/key.core/../key.ui/examples/../../key.core/src/test/resources/testcase/classpath/classpath.key.proof 
619255     DEBUG main            d.u.i.k.p.i.AbstractProblemLoader Environment load took 66.9ns 
619255     INFO  main            d.u.i.k.p.i.AbstractProblemLoader Creating init config 
619295     WARN  main            d.u.i.k.j.r.KeYCrossReferenceNameInfo Datatype cp.C declared twice: Once in FILE:/home/runner/work/key/key/key.core/../key.ui/examples/../../key.core/src/test/resources/testcase/classpath/classpath/C.class and once in FILE:/home/runner/work/key/key/key.core/../key.ui/examples/../../key.core/src/test/resources/testcase/classpath/classpath/C.jml, Keeping one from FILE:/home/runner/work/key/key/key.core/../key.ui/examples/../../key.core/src/test/resources/testcase/classpath/classpath/C.jml 
619299     DEBUG main            d.u.i.k.j.r.ClassFileDeclarationBuilder Parsing: package cp; public class Unresolved1 { } 
619299     DEBUG main            r.s.KeYCrossReferenceSourceInfo Dynamically created class: cp.Unresolved1 
619299     DEBUG main            d.u.i.k.j.r.ClassFileDeclarationBuilder Parsing: package cp; public class Unresolved2 { } 
619299     DEBUG main            r.s.KeYCrossReferenceSourceInfo Dynamically created class: cp.Unresolved2 
621598     DEBUG main            d.u.i.k.p.i.AbstractProblemLoader Init config took 2.34s 
621610     INFO  main            d.u.i.k.p.i.AbstractProblemLoader Replaying proof classpath.key.proof 
621612     DEBUG main            d.u.i.k.p.i.IntermediateProofReplayer Proof replay took 467.4ns 
621613     DEBUG main            d.u.i.k.p.r.p.TestFile    ... success: reloaded. 
621614     INFO  main            d.u.i.k.p.r.p.TestFile    Now processing file /home/runner/work/key/key/key.core/../key.ui/examples/heap/inconsistent_represents/MyClass_m.key 
621614     INFO  main            d.u.i.k.p.i.AbstractProblemLoader Loading environment from /home/runner/work/key/key/key.core/../key.ui/examples/heap/inconsistent_represents/MyClass_m.key 
621615     DEBUG main            d.u.i.k.p.i.AbstractProblemLoader Environment load took 64.4ns 
621615     INFO  main            d.u.i.k.p.i.AbstractProblemLoader Creating init config 
623912     DEBUG main            d.u.i.k.p.i.AbstractProblemLoader Init config took 2.3s 
623946     INFO  main            d.u.i.k.p.i.AbstractProblemLoader Replaying proof MyClass[MyClass::m()].JML operation contract.0 
623947     DEBUG main            d.u.i.k.p.i.IntermediateProofReplayer Proof replay took 2.1ns 
624049     INFO  main            d.u.i.k.p.r.p.TestFile    ... finished proof: open goal(s) 
624546     INFO  main            d.u.i.k.p.r.p.TestFile    Now processing file /home/runner/work/key/key/key.core/../key.ui/examples/heap/inconsistent_represents/MyClass_n.key 
624547     INFO  main            d.u.i.k.p.i.AbstractProblemLoader Loading environment from /home/runner/work/key/key/key.core/../key.ui/examples/heap/inconsistent_represents/MyClass_n.key 
624547     DEBUG main            d.u.i.k.p.i.AbstractProblemLoader Environment load took 37.7ns 
624547     INFO  main            d.u.i.k.p.i.AbstractProblemLoader Creating init config 
626797     DEBUG main            d.u.i.k.p.i.AbstractProblemLoader Init config took 2.25s 
626830     INFO  main            d.u.i.k.p.i.AbstractProblemLoader Replaying proof MyClass[MyClass::n()].JML operation contract.0 
626831     DEBUG main            d.u.i.k.p.i.IntermediateProofReplayer Proof replay took 2.1ns 
626933     INFO  main            d.u.i.k.p.r.p.TestFile    ... finished proof: open goal(s) 
3472629    INFO  Test worker     d.u.i.k.p.r.RunAllProofsTestUnit Running test FOL 
562        INFO  Timeout watchdog d.u.i.k.p.r.p.ForkedTestFileRunner Timeout watcher launched (2000 secs.) 
596        WARN  main            d.u.i.k.s.ProofSettings   The settings in /home/runner/.key/proof-settings.props are *not* read. 
653        INFO  main            d.u.i.k.p.r.p.TestFile    Now processing file /home/runner/work/key/key/key.core/../key.ui/examples/standard_key/pred_log/count.key 
794        INFO  main            d.u.i.k.p.i.AbstractProblemLoader Loading environment from /home/runner/work/key/key/key.core/../key.ui/examples/standard_key/pred_log/count.key 
809        DEBUG main            d.u.i.k.p.i.AbstractProblemLoader Environment load took 1.88ms 
1023       INFO  main            d.u.i.k.p.i.AbstractProblemLoader Creating init config 
1855       DEBUG main            d.u.i.k.j.TypeConverter   No LDT found for Meta 
1857       DEBUG main            d.u.i.k.j.TypeConverter   No LDT found for Meta 
1860       DEBUG main            d.u.i.k.j.TypeConverter   No LDT found for Meta 
1860       DEBUG main            d.u.i.k.j.TypeConverter   No LDT found for Meta 
3371       DEBUG main            d.u.i.k.j.TypeConverter   No LDT found for JavaBigintExpression 
8133       DEBUG main            d.u.i.k.p.i.AbstractProblemLoader Init config took 7.11s 
8193       INFO  main            d.u.i.k.p.i.AbstractProblemLoader Replaying proof count.key 
8222       DEBUG main            d.u.i.k.p.i.IntermediateProofReplayer Proof replay took 67.9ns 
8396       INFO  main            d.u.i.k.p.r.p.TestFile    ... finished proof: closed. 
8491       INFO  main            d.u.i.k.p.i.AbstractProblemLoader Loading environment from /home/runner/work/key/key/key.core/../key.ui/examples/standard_key/pred_log/count.key.proof 
8491       DEBUG main            d.u.i.k.p.i.AbstractProblemLoader Environment load took 143.6ns 
8497       INFO  main            d.u.i.k.p.i.AbstractProblemLoader Creating init config 
11240      DEBUG main            d.u.i.k.p.i.AbstractProblemLoader Init config took 2.74s 
11279      INFO  main            d.u.i.k.p.i.AbstractProblemLoader Replaying proof count.key.proof 
11300      DEBUG main            d.u.i.k.p.i.IntermediateProofReplayer Proof replay took 6.88ms 
11314      DEBUG main            d.u.i.k.p.r.p.TestFile    ... success: reloaded. 
11322      INFO  main            d.u.i.k.p.r.p.TestFile    Now processing file /home/runner/work/key/key/key.core/../key.ui/examples/standard_key/pred_log/count2.key 
11332      INFO  main            d.u.i.k.p.i.AbstractProblemLoader Loading environment from /home/runner/work/key/key/key.core/../key.ui/examples/standard_key/pred_log/count2.key 
11332      DEBUG main            d.u.i.k.p.i.AbstractProblemLoader Environment load took 247.6ns 
11335      INFO  main            d.u.i.k.p.i.AbstractProblemLoader Creating init config 
13981      DEBUG main            d.u.i.k.p.i.AbstractProblemLoader Init config took 2.65s 
14037      INFO  main            d.u.i.k.p.i.AbstractProblemLoader Replaying proof count2.key 
14039      DEBUG main            d.u.i.k.p.i.IntermediateProofReplayer Proof replay took 7.7ns 
14142      INFO  main            d.u.i.k.p.r.p.TestFile    ... finished proof: closed. 
14250      INFO  main            d.u.i.k.p.i.AbstractProblemLoader Loading environment from /home/runner/work/key/key/key.core/../key.ui/examples/standard_key/pred_log/count2.key.proof 
14250      DEBUG main            d.u.i.k.p.i.AbstractProblemLoader Environment load took 127.9ns 
14252      INFO  main            d.u.i.k.p.i.AbstractProblemLoader Creating init config 
16797      DEBUG main            d.u.i.k.p.i.AbstractProblemLoader Init config took 2.55s 
16817      INFO  main            d.u.i.k.p.i.AbstractProblemLoader Replaying proof count2.key.proof 
16823      DEBUG main            d.u.i.k.p.i.IntermediateProofReplayer Proof replay took 3.53ms 
16824      DEBUG main            d.u.i.k.p.r.p.TestFile    ... success: reloaded. 
16826      INFO  main            d.u.i.k.p.r.p.TestFile    Now processing file /home/runner/work/key/key/key.core/../key.ui/examples/standard_key/pred_log/count3.key 
16826      INFO  main            d.u.i.k.p.i.AbstractProblemLoader Loading environment from /home/runner/work/key/key/key.core/../key.ui/examples/standard_key/pred_log/count3.key 
16827      DEBUG main            d.u.i.k.p.i.AbstractProblemLoader Environment load took 184.4ns 
16828      INFO  main            d.u.i.k.p.i.AbstractProblemLoader Creating init config 
19363      DEBUG main            d.u.i.k.p.i.AbstractProblemLoader Init config took 2.53s 
19386      INFO  main            d.u.i.k.p.i.AbstractProblemLoader Replaying proof count3.key 
19390      DEBUG main            d.u.i.k.p.i.IntermediateProofReplayer Proof replay took 6.4ns 
19493      INFO  main            d.u.i.k.p.r.p.TestFile    ... finished proof: closed. 
19611      INFO  main            d.u.i.k.p.i.AbstractProblemLoader Loading environment from /home/runner/work/key/key/key.core/../key.ui/examples/standard_key/pred_log/count3.key.proof 
19611      DEBUG main            d.u.i.k.p.i.AbstractProblemLoader Environment load took 112.5ns 
19613      INFO  main            d.u.i.k.p.i.AbstractProblemLoader Creating init config 
22097      DEBUG main            d.u.i.k.p.i.AbstractProblemLoader Init config took 2.48s 
22116      INFO  main            d.u.i.k.p.i.AbstractProblemLoader Replaying proof count3.key.proof 
22121      DEBUG main            d.u.i.k.p.i.IntermediateProofReplayer Proof replay took 2.74ms 
22122      DEBUG main            d.u.i.k.p.r.p.TestFile    ... success: reloaded. 
22124      INFO  main            d.u.i.k.p.r.p.TestFile    Now processing file /home/runner/work/key/key/key.core/../key.ui/examples/standard_key/pred_log/equalities.key 
22124      INFO  main            d.u.i.k.p.i.AbstractProblemLoader Loading environment from /home/runner/work/key/key/key.core/../key.ui/examples/standard_key/pred_log/equalities.key 
22125      DEBUG main            d.u.i.k.p.i.AbstractProblemLoader Environment load took 161.7ns 
22126      INFO  main            d.u.i.k.p.i.AbstractProblemLoader Creating init config 
24658      DEBUG main            d.u.i.k.p.i.AbstractProblemLoader Init config took 2.53s 
24677      INFO  main            d.u.i.k.p.i.AbstractProblemLoader Replaying proof equalities.key 
24679      DEBUG main            d.u.i.k.p.i.IntermediateProofReplayer Proof replay took 6.1ns 
24781      INFO  main            d.u.i.k.p.r.p.TestFile    ... finished proof: closed. 
24900      INFO  main            d.u.i.k.p.i.AbstractProblemLoader Loading environment from /home/runner/work/key/key/key.core/../key.ui/examples/standard_key/pred_log/equalities.key.proof 
24900      DEBUG main            d.u.i.k.p.i.AbstractProblemLoader Environment load took 108.7ns 
24902      INFO  main            d.u.i.k.p.i.AbstractProblemLoader Creating init config 
27379      DEBUG main            d.u.i.k.p.i.AbstractProblemLoader Init config took 2.48s 
27398      INFO  main            d.u.i.k.p.i.AbstractProblemLoader Replaying proof equalities.key.proof 
27401      DEBUG main            d.u.i.k.p.i.IntermediateProofReplayer Proof replay took 1.62ms 
27402      DEBUG main            d.u.i.k.p.r.p.TestFile    ... success: reloaded. 
27405      INFO  main            d.u.i.k.p.r.p.TestFile    Now processing file /home/runner/work/key/key/key.core/../key.ui/examples/standard_key/pred_log/equalities2.key 
27405      INFO  main            d.u.i.k.p.i.AbstractProblemLoader Loading environment from /home/runner/work/key/key/key.core/../key.ui/examples/standard_key/pred_log/equalities2.key 
27405      DEBUG main            d.u.i.k.p.i.AbstractProblemLoader Environment load took 143.5ns 
27407      INFO  main            d.u.i.k.p.i.AbstractProblemLoader Creating init config 
29909      DEBUG main            d.u.i.k.p.i.AbstractProblemLoader Init config took 2.5s 
29927      INFO  main            d.u.i.k.p.i.AbstractProblemLoader Replaying proof equalities2.key 
29929      DEBUG main            d.u.i.k.p.i.IntermediateProofReplayer Proof replay took 6.9ns 
30031      INFO  main            d.u.i.k.p.r.p.TestFile    ... finished proof: closed. 
30160      INFO  main            d.u.i.k.p.i.AbstractProblemLoader Loading environment from /home/runner/work/key/key/key.core/../key.ui/examples/standard_key/pred_log/equalities2.key.proof 
30160      DEBUG main            d.u.i.k.p.i.AbstractProblemLoader Environment load took 106.9ns 
30162      INFO  main            d.u.i.k.p.i.AbstractProblemLoader Creating init config 
32614      DEBUG main            d.u.i.k.p.i.AbstractProblemLoader Init config took 2.45s 
32636      INFO  main            d.u.i.k.p.i.AbstractProblemLoader Replaying proof equalities2.key.proof 
32650      DEBUG main            d.u.i.k.p.i.IntermediateProofReplayer Proof replay took 11.78ms 
32651      DEBUG main            d.u.i.k.p.r.p.TestFile    ... success: reloaded. 
32654      INFO  main            d.u.i.k.p.r.p.TestFile    Now processing file /home/runner/work/key/key/key.core/../key.ui/examples/standard_key/pred_log/equalities3.key 
32654      INFO  main            d.u.i.k.p.i.AbstractProblemLoader Loading environment from /home/runner/work/key/key/key.core/../key.ui/examples/standard_key/pred_log/equalities3.key 
32654      DEBUG main            d.u.i.k.p.i.AbstractProblemLoader Environment load took 181.3ns 
32655      INFO  main            d.u.i.k.p.i.AbstractProblemLoader Creating init config 
35160      DEBUG main            d.u.i.k.p.i.AbstractProblemLoader Init config took 2.5s 
35178      INFO  main            d.u.i.k.p.i.AbstractProblemLoader Replaying proof equalities3.key 
35179      DEBUG main            d.u.i.k.p.i.IntermediateProofReplayer Proof replay took 6.2ns 
35281      INFO  main            d.u.i.k.p.r.p.TestFile    ... finished proof: closed. 
35414      INFO  main            d.u.i.k.p.i.AbstractProblemLoader Loading environment from /home/runner/work/key/key/key.core/../key.ui/examples/standard_key/pred_log/equalities3.key.proof 
35414      DEBUG main            d.u.i.k.p.i.AbstractProblemLoader Environment load took 107.3ns 
35415      INFO  main            d.u.i.k.p.i.AbstractProblemLoader Creating init config 
37843      DEBUG main            d.u.i.k.p.i.AbstractProblemLoader Init config took 2.43s 
37860      INFO  main            d.u.i.k.p.i.AbstractProblemLoader Replaying proof equalities3.key.proof 
37870      DEBUG main            d.u.i.k.p.i.IntermediateProofReplayer Proof replay took 8.71ms 
37872      DEBUG main            d.u.i.k.p.r.p.TestFile    ... success: reloaded. 
37874      INFO  main            d.u.i.k.p.r.p.TestFile    Now processing file /home/runner/work/key/key/key.core/../key.ui/examples/standard_key/pred_log/functions.key 
37874      INFO  main            d.u.i.k.p.i.AbstractProblemLoader Loading environment from /home/runner/work/key/key/key.core/../key.ui/examples/standard_key/pred_log/functions.key 
37874      DEBUG main            d.u.i.k.p.i.AbstractProblemLoader Environment load took 85.2ns 
37875      INFO  main            d.u.i.k.p.i.AbstractProblemLoader Creating init config 
40353      DEBUG main            d.u.i.k.p.i.AbstractProblemLoader Init config took 2.48s 
40369      INFO  main            d.u.i.k.p.i.AbstractProblemLoader Replaying proof functions.key 
40370      DEBUG main            d.u.i.k.p.i.IntermediateProofReplayer Proof replay took 6.2ns 
40476      INFO  main            d.u.i.k.p.r.p.TestFile    ... finished proof: closed. 
40615      INFO  main            d.u.i.k.p.i.AbstractProblemLoader Loading environment from /home/runner/work/key/key/key.core/../key.ui/examples/standard_key/pred_log/functions.key.proof 
40615      DEBUG main            d.u.i.k.p.i.AbstractProblemLoader Environment load took 102.5ns 
40616      INFO  main            d.u.i.k.p.i.AbstractProblemLoader Creating init config 
43023      DEBUG main            d.u.i.k.p.i.AbstractProblemLoader Init config took 2.41s 
43039      INFO  main            d.u.i.k.p.i.AbstractProblemLoader Replaying proof functions.key.proof 
43043      DEBUG main            d.u.i.k.p.i.IntermediateProofReplayer Proof replay took 2.13ms 
43044      DEBUG main            d.u.i.k.p.r.p.TestFile    ... success: reloaded. 
43046      INFO  main            d.u.i.k.p.r.p.TestFile    Now processing file /home/runner/work/key/key/key.core/../key.ui/examples/standard_key/pred_log/mv1.key 
43046      INFO  main            d.u.i.k.p.i.AbstractProblemLoader Loading environment from /home/runner/work/key/key/key.core/../key.ui/examples/standard_key/pred_log/mv1.key 
43046      DEBUG main            d.u.i.k.p.i.AbstractProblemLoader Environment load took 157.4ns 
43047      INFO  main            d.u.i.k.p.i.AbstractProblemLoader Creating init config 
45512      DEBUG main            d.u.i.k.p.i.AbstractProblemLoader Init config took 2.47s 
45528      INFO  main            d.u.i.k.p.i.AbstractProblemLoader Replaying proof mv1.key 
45529      DEBUG main            d.u.i.k.p.i.IntermediateProofReplayer Proof replay took 19.5ns 
45631      INFO  main            d.u.i.k.p.r.p.TestFile    ... finished proof: closed. 
45773      INFO  main            d.u.i.k.p.i.AbstractProblemLoader Loading environment from /home/runner/work/key/key/key.core/../key.ui/examples/standard_key/pred_log/mv1.key.proof 
45773      DEBUG main            d.u.i.k.p.i.AbstractProblemLoader Environment load took 103.8ns 
45775      INFO  main            d.u.i.k.p.i.AbstractProblemLoader Creating init config 
48181      DEBUG main            d.u.i.k.p.i.AbstractProblemLoader Init config took 2.41s 
48196      INFO  main            d.u.i.k.p.i.AbstractProblemLoader Replaying proof mv1.key.proof 
48198      DEBUG main            d.u.i.k.p.i.IntermediateProofReplayer Proof replay took 882.4ns 
48199      DEBUG main            d.u.i.k.p.r.p.TestFile    ... success: reloaded. 
48201      INFO  main            d.u.i.k.p.r.p.TestFile    Now processing file /home/runner/work/key/key/key.core/../key.ui/examples/standard_key/pred_log/mv2.key 
48201      INFO  main            d.u.i.k.p.i.AbstractProblemLoader Loading environment from /home/runner/work/key/key/key.core/../key.ui/examples/standard_key/pred_log/mv2.key 
48201      DEBUG main            d.u.i.k.p.i.AbstractProblemLoader Environment load took 74.7ns 
48202      INFO  main            d.u.i.k.p.i.AbstractProblemLoader Creating init config 
50647      DEBUG main            d.u.i.k.p.i.AbstractProblemLoader Init config took 2.45s 
50662      INFO  main            d.u.i.k.p.i.AbstractProblemLoader Replaying proof mv2.key 
50663      DEBUG main            d.u.i.k.p.i.IntermediateProofReplayer Proof replay took 6ns 
50765      INFO  main            d.u.i.k.p.r.p.TestFile    ... finished proof: closed. 
50921      INFO  main            d.u.i.k.p.i.AbstractProblemLoader Loading environment from /home/runner/work/key/key/key.core/../key.ui/examples/standard_key/pred_log/mv2.key.proof 
50921      DEBUG main            d.u.i.k.p.i.AbstractProblemLoader Environment load took 98.5ns 
50922      INFO  main            d.u.i.k.p.i.AbstractProblemLoader Creating init config 
53363      DEBUG main            d.u.i.k.p.i.AbstractProblemLoader Init config took 2.44s 
53377      INFO  main            d.u.i.k.p.i.AbstractProblemLoader Replaying proof mv2.key.proof 
53380      DEBUG main            d.u.i.k.p.i.IntermediateProofReplayer Proof replay took 1.43ms 
53381      DEBUG main            d.u.i.k.p.r.p.TestFile    ... success: reloaded. 
53382      INFO  main            d.u.i.k.p.r.p.TestFile    Now processing file /home/runner/work/key/key/key.core/../key.ui/examples/standard_key/pred_log/quantifiers.key 
53383      INFO  main            d.u.i.k.p.i.AbstractProblemLoader Loading environment from /home/runner/work/key/key/key.core/../key.ui/examples/standard_key/pred_log/quantifiers.key 
53383      DEBUG main            d.u.i.k.p.i.AbstractProblemLoader Environment load took 152.6ns 
53384      INFO  main            d.u.i.k.p.i.AbstractProblemLoader Creating init config 
55810      DEBUG main            d.u.i.k.p.i.AbstractProblemLoader Init config took 2.43s 
55826      INFO  main            d.u.i.k.p.i.AbstractProblemLoader Replaying proof quantifiers.key 
55829      DEBUG main            d.u.i.k.p.i.IntermediateProofReplayer Proof replay took 5.8ns 
55931      INFO  main            d.u.i.k.p.r.p.TestFile    ... finished proof: closed. 
56085      INFO  main            d.u.i.k.p.i.AbstractProblemLoader Loading environment from /home/runner/work/key/key/key.core/../key.ui/examples/standard_key/pred_log/quantifiers.key.proof 
56085      DEBUG main            d.u.i.k.p.i.AbstractProblemLoader Environment load took 104.4ns 
56086      INFO  main            d.u.i.k.p.i.AbstractProblemLoader Creating init config 
58518      DEBUG main            d.u.i.k.p.i.AbstractProblemLoader Init config took 2.43s 
58532      INFO  main            d.u.i.k.p.i.AbstractProblemLoader Replaying proof quantifiers.key.proof 
58536      DEBUG main            d.u.i.k.p.i.IntermediateProofReplayer Proof replay took 2ms 
58536      DEBUG main            d.u.i.k.p.r.p.TestFile    ... success: reloaded. 
58538      INFO  main            d.u.i.k.p.r.p.TestFile    Now processing file /home/runner/work/key/key/key.core/../key.ui/examples/standard_key/pred_log/simpleEps.key 
58538      INFO  main            d.u.i.k.p.i.AbstractProblemLoader Loading environment from /home/runner/work/key/key/key.core/../key.ui/examples/standard_key/pred_log/simpleEps.key 
58538      DEBUG main            d.u.i.k.p.i.AbstractProblemLoader Environment load took 107.8ns 
58539      INFO  main            d.u.i.k.p.i.AbstractProblemLoader Creating init config 
60946      DEBUG main            d.u.i.k.p.i.AbstractProblemLoader Init config took 2.41s 
60960      INFO  main            d.u.i.k.p.i.AbstractProblemLoader Replaying proof simpleEps.key 
60961      DEBUG main            d.u.i.k.p.i.IntermediateProofReplayer Proof replay took 5.3ns 
61063      INFO  main            d.u.i.k.p.r.p.TestFile    ... finished proof: closed. 
61221      INFO  main            d.u.i.k.p.i.AbstractProblemLoader Loading environment from /home/runner/work/key/key/key.core/../key.ui/examples/standard_key/pred_log/simpleEps.key.proof 
61221      DEBUG main            d.u.i.k.p.i.AbstractProblemLoader Environment load took 100.4ns 
61222      INFO  main            d.u.i.k.p.i.AbstractProblemLoader Creating init config 
63610      DEBUG main            d.u.i.k.p.i.AbstractProblemLoader Init config took 2.39s 
63623      INFO  main            d.u.i.k.p.i.AbstractProblemLoader Replaying proof simpleEps.key.proof 
63626      DEBUG main            d.u.i.k.p.i.IntermediateProofReplayer Proof replay took 1.28ms 
63627      DEBUG main            d.u.i.k.p.r.p.TestFile    ... success: reloaded. 
63629      INFO  main            d.u.i.k.p.r.p.TestFile    Now processing file /home/runner/work/key/key/key.core/../key.ui/examples/standard_key/pred_log/steam1.key 
63630      INFO  main            d.u.i.k.p.i.AbstractProblemLoader Loading environment from /home/runner/work/key/key/key.core/../key.ui/examples/standard_key/pred_log/steam1.key 
63630      DEBUG main            d.u.i.k.p.i.AbstractProblemLoader Environment load took 189.3ns 
63632      INFO  main            d.u.i.k.p.i.AbstractProblemLoader Creating init config 
66079      DEBUG main            d.u.i.k.p.i.AbstractProblemLoader Init config took 2.45s 
66097      INFO  main            d.u.i.k.p.i.AbstractProblemLoader Replaying proof steam1.key 
66098      DEBUG main            d.u.i.k.p.i.IntermediateProofReplayer Proof replay took 5.3ns 
66408      INFO  main            d.u.i.k.p.r.p.TestFile    ... finished proof: closed. 
66604      INFO  main            d.u.i.k.p.i.AbstractProblemLoader Loading environment from /home/runner/work/key/key/key.core/../key.ui/examples/standard_key/pred_log/steam1.key.proof 
66604      DEBUG main            d.u.i.k.p.i.AbstractProblemLoader Environment load took 327.3ns 
66607      INFO  main            d.u.i.k.p.i.AbstractProblemLoader Creating init config 
69006      DEBUG main            d.u.i.k.p.i.AbstractProblemLoader Init config took 2.4s 
69056      INFO  main            d.u.i.k.p.i.AbstractProblemLoader Replaying proof steam1.key.proof 
69088      DEBUG main            d.u.i.k.p.i.IntermediateProofReplayer Proof replay took 26.62ms 
69091      DEBUG main            d.u.i.k.p.r.p.TestFile    ... success: reloaded. 
69093      INFO  main            d.u.i.k.p.r.p.TestFile    Now processing file /home/runner/work/key/key/key.core/../key.ui/examples/standard_key/pred_log/tptp/PUZ/PUZ001p1.key 
69093      INFO  main            d.u.i.k.p.i.AbstractProblemLoader Loading environment from /home/runner/work/key/key/key.core/../key.ui/examples/standard_key/pred_log/tptp/PUZ/PUZ001p1.key 
69093      DEBUG main            d.u.i.k.p.i.AbstractProblemLoader Environment load took 173.1ns 
69095      INFO  main            d.u.i.k.p.i.AbstractProblemLoader Creating init config 
71519      DEBUG main            d.u.i.k.p.i.AbstractProblemLoader Init config took 2.42s 
71534      INFO  main            d.u.i.k.p.i.AbstractProblemLoader Replaying proof PUZ001p1.key 
71535      DEBUG main            d.u.i.k.p.i.IntermediateProofReplayer Proof replay took 12.9ns 
74351      INFO  main            d.u.i.k.p.r.p.TestFile    ... finished proof: closed. 
74551      INFO  main            d.u.i.k.p.i.AbstractProblemLoader Loading environment from /home/runner/work/key/key/key.core/../key.ui/examples/standard_key/pred_log/tptp/PUZ/PUZ001p1.key.proof 
74551      DEBUG main            d.u.i.k.p.i.AbstractProblemLoader Environment load took 110ns 
74552      INFO  main            d.u.i.k.p.i.AbstractProblemLoader Creating init config 
76937      DEBUG main            d.u.i.k.p.i.AbstractProblemLoader Init config took 2.38s 
76952      INFO  main            d.u.i.k.p.i.AbstractProblemLoader Replaying proof PUZ001p1.key.proof 
77071      DEBUG main            d.u.i.k.p.i.IntermediateProofReplayer Proof replay took 109.75ms 
77073      DEBUG main            d.u.i.k.p.r.p.TestFile    ... success: reloaded. 
77075      INFO  main            d.u.i.k.p.r.p.TestFile    Now processing file /home/runner/work/key/key/key.core/../key.ui/examples/standard_key/pred_log/tptp/PUZ/PUZ001p1-eq.key 
77075      INFO  main            d.u.i.k.p.i.AbstractProblemLoader Loading environment from /home/runner/work/key/key/key.core/../key.ui/examples/standard_key/pred_log/tptp/PUZ/PUZ001p1-eq.key 
77076      DEBUG main            d.u.i.k.p.i.AbstractProblemLoader Environment load took 171.2ns 
77077      INFO  main            d.u.i.k.p.i.AbstractProblemLoader Creating init config 
79485      DEBUG main            d.u.i.k.p.i.AbstractProblemLoader Init config took 2.41s 
79498      INFO  main            d.u.i.k.p.i.AbstractProblemLoader Replaying proof PUZ001p1-eq.key 
79500      DEBUG main            d.u.i.k.p.i.IntermediateProofReplayer Proof replay took 5.5ns 
79602      INFO  main            d.u.i.k.p.r.p.TestFile    ... finished proof: closed. 
79801      INFO  main            d.u.i.k.p.i.AbstractProblemLoader Loading environment from /home/runner/work/key/key/key.core/../key.ui/examples/standard_key/pred_log/tptp/PUZ/PUZ001p1-eq.key.proof 
79801      DEBUG main            d.u.i.k.p.i.AbstractProblemLoader Environment load took 102ns 
79803      INFO  main            d.u.i.k.p.i.AbstractProblemLoader Creating init config 
82161      DEBUG main            d.u.i.k.p.i.AbstractProblemLoader Init config took 2.36s 
82175      INFO  main            d.u.i.k.p.i.AbstractProblemLoader Replaying proof PUZ001p1-eq.key.proof 
82187      DEBUG main            d.u.i.k.p.i.IntermediateProofReplayer Proof replay took 10.2ms 
82188      DEBUG main            d.u.i.k.p.r.p.TestFile    ... success: reloaded. 
82190      INFO  main            d.u.i.k.p.r.p.TestFile    Now processing file /home/runner/work/key/key/key.core/../key.ui/examples/standard_key/pred_log/tptp/PUZ/PUZ031p1.key 
82190      INFO  main            d.u.i.k.p.i.AbstractProblemLoader Loading environment from /home/runner/work/key/key/key.core/../key.ui/examples/standard_key/pred_log/tptp/PUZ/PUZ031p1.key 
82190      DEBUG main            d.u.i.k.p.i.AbstractProblemLoader Environment load took 77.2ns 
82192      INFO  main            d.u.i.k.p.i.AbstractProblemLoader Creating init config 
84592      DEBUG main            d.u.i.k.p.i.AbstractProblemLoader Init config took 2.4s 
84606      INFO  main            d.u.i.k.p.i.AbstractProblemLoader Replaying proof PUZ031p1.key 
84607      DEBUG main            d.u.i.k.p.i.IntermediateProofReplayer Proof replay took 5.7ns 
92648      INFO  main            d.u.i.k.p.r.p.TestFile    ... finished proof: closed. 
92836      INFO  main            d.u.i.k.p.i.AbstractProblemLoader Loading environment from /home/runner/work/key/key/key.core/../key.ui/examples/standard_key/pred_log/tptp/PUZ/PUZ031p1.key.proof 
92838      DEBUG main            d.u.i.k.p.i.AbstractProblemLoader Environment load took 2.29ms 
92840      INFO  main            d.u.i.k.p.i.AbstractProblemLoader Creating init config 
95204      DEBUG main            d.u.i.k.p.i.AbstractProblemLoader Init config took 2.36s 
95218      INFO  main            d.u.i.k.p.i.AbstractProblemLoader Replaying proof PUZ031p1.key.proof 
95270      DEBUG main            d.u.i.k.p.i.IntermediateProofReplayer Proof replay took 46.63ms 
95272      DEBUG main            d.u.i.k.p.r.p.TestFile    ... success: reloaded. 
95274      INFO  main            d.u.i.k.p.r.p.TestFile    Now processing file /home/runner/work/key/key/key.core/../key.ui/examples/standard_key/pred_log/tptp/SET/SET027p3.key 
95274      INFO  main            d.u.i.k.p.i.AbstractProblemLoader Loading environment from /home/runner/work/key/key/key.core/../key.ui/examples/standard_key/pred_log/tptp/SET/SET027p3.key 
95274      DEBUG main            d.u.i.k.p.i.AbstractProblemLoader Environment load took 159.3ns 
95275      INFO  main            d.u.i.k.p.i.AbstractProblemLoader Creating init config 
97708      DEBUG main            d.u.i.k.p.i.AbstractProblemLoader Init config took 2.43s 
97721      INFO  main            d.u.i.k.p.i.AbstractProblemLoader Replaying proof SET027p3.key 
97722      DEBUG main            d.u.i.k.p.i.IntermediateProofReplayer Proof replay took 6ns 
97824      INFO  main            d.u.i.k.p.r.p.TestFile    ... finished proof: closed. 
98030      INFO  main            d.u.i.k.p.i.AbstractProblemLoader Loading environment from /home/runner/work/key/key/key.core/../key.ui/examples/standard_key/pred_log/tptp/SET/SET027p3.key.proof 
98030      DEBUG main            d.u.i.k.p.i.AbstractProblemLoader Environment load took 104.8ns 
98032      INFO  main            d.u.i.k.p.i.AbstractProblemLoader Creating init config 
100402     DEBUG main            d.u.i.k.p.i.AbstractProblemLoader Init config took 2.37s 
100415     INFO  main            d.u.i.k.p.i.AbstractProblemLoader Replaying proof SET027p3.key.proof 
100423     DEBUG main            d.u.i.k.p.i.IntermediateProofReplayer Proof replay took 4.27ms 
100424     DEBUG main            d.u.i.k.p.r.p.TestFile    ... success: reloaded. 
100426     INFO  main            d.u.i.k.p.r.p.TestFile    Now processing file /home/runner/work/key/key/key.core/../key.ui/examples/standard_key/pred_log/tptp/SET/SET043p1.key 
100426     INFO  main            d.u.i.k.p.i.AbstractProblemLoader Loading environment from /home/runner/work/key/key/key.core/../key.ui/examples/standard_key/pred_log/tptp/SET/SET043p1.key 
100426     DEBUG main            d.u.i.k.p.i.AbstractProblemLoader Environment load took 86.6ns 
100427     INFO  main            d.u.i.k.p.i.AbstractProblemLoader Creating init config 
102834     DEBUG main            d.u.i.k.p.i.AbstractProblemLoader Init config took 2.41s 
102847     INFO  main            d.u.i.k.p.i.AbstractProblemLoader Replaying proof SET043p1.key 
102849     DEBUG main            d.u.i.k.p.i.IntermediateProofReplayer Proof replay took 5.9ns 
102951     INFO  main            d.u.i.k.p.r.p.TestFile    ... finished proof: closed. 
103145     INFO  main            d.u.i.k.p.i.AbstractProblemLoader Loading environment from /home/runner/work/key/key/key.core/../key.ui/examples/standard_key/pred_log/tptp/SET/SET043p1.key.proof 
103145     DEBUG main            d.u.i.k.p.i.AbstractProblemLoader Environment load took 184.4ns 
103146     INFO  main            d.u.i.k.p.i.AbstractProblemLoader Creating init config 
105545     DEBUG main            d.u.i.k.p.i.AbstractProblemLoader Init config took 2.4s 
105558     INFO  main            d.u.i.k.p.i.AbstractProblemLoader Replaying proof SET043p1.key.proof 
105560     DEBUG main            d.u.i.k.p.i.IntermediateProofReplayer Proof replay took 1.26ms 
105561     DEBUG main            d.u.i.k.p.r.p.TestFile    ... success: reloaded. 
105563     INFO  main            d.u.i.k.p.r.p.TestFile    Now processing file /home/runner/work/key/key/key.core/../key.ui/examples/standard_key/pred_log/tptp/SET/SET045p1.key 
105563     INFO  main            d.u.i.k.p.i.AbstractProblemLoader Loading environment from /home/runner/work/key/key/key.core/../key.ui/examples/standard_key/pred_log/tptp/SET/SET045p1.key 
105563     DEBUG main            d.u.i.k.p.i.AbstractProblemLoader Environment load took 85.6ns 
105564     INFO  main            d.u.i.k.p.i.AbstractProblemLoader Creating init config 
107988     DEBUG main            d.u.i.k.p.i.AbstractProblemLoader Init config took 2.42s 
108001     INFO  main            d.u.i.k.p.i.AbstractProblemLoader Replaying proof SET045p1.key 
108002     DEBUG main            d.u.i.k.p.i.IntermediateProofReplayer Proof replay took 6.5ns 
108104     INFO  main            d.u.i.k.p.r.p.TestFile    ... finished proof: closed. 
108298     INFO  main            d.u.i.k.p.i.AbstractProblemLoader Loading environment from /home/runner/work/key/key/key.core/../key.ui/examples/standard_key/pred_log/tptp/SET/SET045p1.key.proof 
108298     DEBUG main            d.u.i.k.p.i.AbstractProblemLoader Environment load took 122.1ns 
108299     INFO  main            d.u.i.k.p.i.AbstractProblemLoader Creating init config 
110667     DEBUG main            d.u.i.k.p.i.AbstractProblemLoader Init config took 2.37s 
110680     INFO  main            d.u.i.k.p.i.AbstractProblemLoader Replaying proof SET045p1.key.proof 
110686     DEBUG main            d.u.i.k.p.i.IntermediateProofReplayer Proof replay took 3.95ms 
110687     DEBUG main            d.u.i.k.p.r.p.TestFile    ... success: reloaded. 
110689     INFO  main            d.u.i.k.p.r.p.TestFile    Now processing file /home/runner/work/key/key/key.core/../key.ui/examples/standard_key/pred_log/tptp/SET/SET062p3.key 
110689     INFO  main            d.u.i.k.p.i.AbstractProblemLoader Loading environment from /home/runner/work/key/key/key.core/../key.ui/examples/standard_key/pred_log/tptp/SET/SET062p3.key 
110689     DEBUG main            d.u.i.k.p.i.AbstractProblemLoader Environment load took 79.4ns 
110691     INFO  main            d.u.i.k.p.i.AbstractProblemLoader Creating init config 
113111     DEBUG main            d.u.i.k.p.i.AbstractProblemLoader Init config took 2.42s 
113125     INFO  main            d.u.i.k.p.i.AbstractProblemLoader Replaying proof SET062p3.key 
113126     DEBUG main            d.u.i.k.p.i.IntermediateProofReplayer Proof replay took 6.8ns 
113228     INFO  main            d.u.i.k.p.r.p.TestFile    ... finished proof: closed. 
113436     INFO  main            d.u.i.k.p.i.AbstractProblemLoader Loading environment from /home/runner/work/key/key/key.core/../key.ui/examples/standard_key/pred_log/tptp/SET/SET062p3.key.proof 
113436     DEBUG main            d.u.i.k.p.i.AbstractProblemLoader Environment load took 244.1ns 
113438     INFO  main            d.u.i.k.p.i.AbstractProblemLoader Creating init config 
115831     DEBUG main            d.u.i.k.p.i.AbstractProblemLoader Init config took 2.39s 
115844     INFO  main            d.u.i.k.p.i.AbstractProblemLoader Replaying proof SET062p3.key.proof 
115850     DEBUG main            d.u.i.k.p.i.IntermediateProofReplayer Proof replay took 3.72ms 
115851     DEBUG main            d.u.i.k.p.r.p.TestFile    ... success: reloaded. 
115856     INFO  main            d.u.i.k.p.r.p.TestFile    Now processing file /home/runner/work/key/key/key.core/../key.ui/examples/standard_key/pred_log/tptp/SET/SET063p3.key 
115858     INFO  main            d.u.i.k.p.i.AbstractProblemLoader Loading environment from /home/runner/work/key/key/key.core/../key.ui/examples/standard_key/pred_log/tptp/SET/SET063p3.key 
115858     DEBUG main            d.u.i.k.p.i.AbstractProblemLoader Environment load took 231.3ns 
115859     INFO  main            d.u.i.k.p.i.AbstractProblemLoader Creating init config 
118318     DEBUG main            d.u.i.k.p.i.AbstractProblemLoader Init config took 2.46s 
118332     INFO  main            d.u.i.k.p.i.AbstractProblemLoader Replaying proof SET063p3.key 
118333     DEBUG main            d.u.i.k.p.i.IntermediateProofReplayer Proof replay took 6ns 
118438     INFO  main            d.u.i.k.p.r.p.TestFile    ... finished proof: closed. 
118657     INFO  main            d.u.i.k.p.i.AbstractProblemLoader Loading environment from /home/runner/work/key/key/key.core/../key.ui/examples/standard_key/pred_log/tptp/SET/SET063p3.key.proof 
118658     DEBUG main            d.u.i.k.p.i.AbstractProblemLoader Environment load took 113.2ns 
118659     INFO  main            d.u.i.k.p.i.AbstractProblemLoader Creating init config 
121035     DEBUG main            d.u.i.k.p.i.AbstractProblemLoader Init config took 2.38s 
121048     INFO  main            d.u.i.k.p.i.AbstractProblemLoader Replaying proof SET063p3.key.proof 
121054     DEBUG main            d.u.i.k.p.i.IntermediateProofReplayer Proof replay took 4.72ms 
121055     DEBUG main            d.u.i.k.p.r.p.TestFile    ... success: reloaded. 
121057     INFO  main            d.u.i.k.p.r.p.TestFile    Now processing file /home/runner/work/key/key/key.core/../key.ui/examples/standard_key/pred_log/tptp/SYN/SYN036p2.key 
121057     INFO  main            d.u.i.k.p.i.AbstractProblemLoader Loading environment from /home/runner/work/key/key/key.core/../key.ui/examples/standard_key/pred_log/tptp/SYN/SYN036p2.key 
121057     DEBUG main            d.u.i.k.p.i.AbstractProblemLoader Environment load took 65.7ns 
121058     INFO  main            d.u.i.k.p.i.AbstractProblemLoader Creating init config 
123476     DEBUG main            d.u.i.k.p.i.AbstractProblemLoader Init config took 2.42s 
123490     INFO  main            d.u.i.k.p.i.AbstractProblemLoader Replaying proof SYN036p2.key 
123491     DEBUG main            d.u.i.k.p.i.IntermediateProofReplayer Proof replay took 6.8ns 
123803     INFO  main            d.u.i.k.p.r.p.TestFile    ... finished proof: closed. 
124030     INFO  main            d.u.i.k.p.i.AbstractProblemLoader Loading environment from /home/runner/work/key/key/key.core/../key.ui/examples/standard_key/pred_log/tptp/SYN/SYN036p2.key.proof 
124034     DEBUG main            d.u.i.k.p.i.AbstractProblemLoader Environment load took 3.64ms 
124035     INFO  main            d.u.i.k.p.i.AbstractProblemLoader Creating init config 
126417     DEBUG main            d.u.i.k.p.i.AbstractProblemLoader Init config took 2.38s 
126430     INFO  main            d.u.i.k.p.i.AbstractProblemLoader Replaying proof SYN036p2.key.proof 
126488     DEBUG main            d.u.i.k.p.i.IntermediateProofReplayer Proof replay took 50.42ms 
126489     DEBUG main            d.u.i.k.p.r.p.TestFile    ... success: reloaded. 
126491     INFO  main            d.u.i.k.p.r.p.TestFile    Now processing file /home/runner/work/key/key/key.core/../key.ui/examples/standard_key/pred_log/tptp/SYN/SYN550p1.key 
126491     INFO  main            d.u.i.k.p.i.AbstractProblemLoader Loading environment from /home/runner/work/key/key/key.core/../key.ui/examples/standard_key/pred_log/tptp/SYN/SYN550p1.key 
126491     DEBUG main            d.u.i.k.p.i.AbstractProblemLoader Environment load took 100.4ns 
126492     INFO  main            d.u.i.k.p.i.AbstractProblemLoader Creating init config 
128885     DEBUG main            d.u.i.k.p.i.AbstractProblemLoader Init config took 2.39s 
128898     INFO  main            d.u.i.k.p.i.AbstractProblemLoader Replaying proof SYN550p1.key 
128899     DEBUG main            d.u.i.k.p.i.IntermediateProofReplayer Proof replay took 13ns 
131612     INFO  main            d.u.i.k.p.r.p.TestFile    ... finished proof: closed. 
131847     INFO  main            d.u.i.k.p.i.AbstractProblemLoader Loading environment from /home/runner/work/key/key/key.core/../key.ui/examples/standard_key/pred_log/tptp/SYN/SYN550p1.key.proof 
131847     DEBUG main            d.u.i.k.p.i.AbstractProblemLoader Environment load took 146.5ns 
131848     INFO  main            d.u.i.k.p.i.AbstractProblemLoader Creating init config 
134192     DEBUG main            d.u.i.k.p.i.AbstractProblemLoader Init config took 2.34s 
134205     INFO  main            d.u.i.k.p.i.AbstractProblemLoader Replaying proof SYN550p1.key.proof 
134268     DEBUG main            d.u.i.k.p.i.IntermediateProofReplayer Proof replay took 56.21ms 
134269     DEBUG main            d.u.i.k.p.r.p.TestFile    ... success: reloaded. 
134287     INFO  main            d.u.i.k.p.r.p.TestFile    Now processing file /home/runner/work/key/key/key.core/../key.ui/examples/standard_key/prop_log/reallySimple.key 
134287     INFO  main            d.u.i.k.p.i.AbstractProblemLoader Loading environment from /home/runner/work/key/key/key.core/../key.ui/examples/standard_key/prop_log/reallySimple.key 
134287     DEBUG main            d.u.i.k.p.i.AbstractProblemLoader Environment load took 95.1ns 
134288     INFO  main            d.u.i.k.p.i.AbstractProblemLoader Creating init config 
136698     DEBUG main            d.u.i.k.p.i.AbstractProblemLoader Init config took 2.41s 
136710     INFO  main            d.u.i.k.p.i.AbstractProblemLoader Replaying proof reallySimple.key 
136711     DEBUG main            d.u.i.k.p.i.IntermediateProofReplayer Proof replay took 5.4ns 
136813     INFO  main            d.u.i.k.p.r.p.TestFile    ... finished proof: open goal(s) 
137040     INFO  main            d.u.i.k.p.r.p.TestFile    Now processing file /home/runner/work/key/key/key.core/../key.ui/examples/standard_key/pred_log/sameName1.key 
137040     INFO  main            d.u.i.k.p.i.AbstractProblemLoader Loading environment from /home/runner/work/key/key/key.core/../key.ui/examples/standard_key/pred_log/sameName1.key 
137040     DEBUG main            d.u.i.k.p.i.AbstractProblemLoader Environment load took 51ns 
137041     INFO  main            d.u.i.k.p.i.AbstractProblemLoader Creating init config 
139384     DEBUG main            d.u.i.k.p.i.AbstractProblemLoader Init config took 2.34s 
139396     INFO  main            d.u.i.k.p.i.AbstractProblemLoader Replaying proof sameName1.key 
139397     DEBUG main            d.u.i.k.p.i.IntermediateProofReplayer Proof replay took 5.5ns 
139499     INFO  main            d.u.i.k.p.r.p.TestFile    ... finished proof: open goal(s) 
139752     INFO  main            d.u.i.k.p.r.p.TestFile    Now processing file /home/runner/work/key/key/key.core/../key.ui/examples/standard_key/pred_log/jbyteIfEx.key 
139752     INFO  main            d.u.i.k.p.i.AbstractProblemLoader Loading environment from /home/runner/work/key/key/key.core/../key.ui/examples/standard_key/pred_log/jbyteIfEx.key 
139752     DEBUG main            d.u.i.k.p.i.AbstractProblemLoader Environment load took 297.7ns 
139753     INFO  main            d.u.i.k.p.i.AbstractProblemLoader Creating init config 
142119     DEBUG main            d.u.i.k.p.i.AbstractProblemLoader Init config took 2.37s 
142132     INFO  main            d.u.i.k.p.i.AbstractProblemLoader Replaying proof jbyteIfEx.key 
142133     DEBUG main            d.u.i.k.p.i.IntermediateProofReplayer Proof replay took 5.8ns 
142235     INFO  main            d.u.i.k.p.r.p.TestFile    ... finished proof: closed. 
142452     INFO  main            d.u.i.k.p.i.AbstractProblemLoader Loading environment from /home/runner/work/key/key/key.core/../key.ui/examples/standard_key/pred_log/jbyteIfEx.key.proof 
142452     DEBUG main            d.u.i.k.p.i.AbstractProblemLoader Environment load took 138.7ns 
142453     INFO  main            d.u.i.k.p.i.AbstractProblemLoader Creating init config 
144814     DEBUG main            d.u.i.k.p.i.AbstractProblemLoader Init config took 2.36s 
144828     INFO  main            d.u.i.k.p.i.AbstractProblemLoader Replaying proof jbyteIfEx.key.proof 
144838     DEBUG main            d.u.i.k.p.i.IntermediateProofReplayer Proof replay took 7.9ms 
144839     DEBUG main            d.u.i.k.p.r.p.TestFile    ... success: reloaded. 
144841     INFO  main            d.u.i.k.p.r.p.TestFile    Now processing file /home/runner/work/key/key/key.core/../key.ui/examples/standard_key/prop_log/allClausesLength4.key 
144842     INFO  main            d.u.i.k.p.i.AbstractProblemLoader Loading environment from /home/runner/work/key/key/key.core/../key.ui/examples/standard_key/prop_log/allClausesLength4.key 
144842     DEBUG main            d.u.i.k.p.i.AbstractProblemLoader Environment load took 189.7ns 
144843     INFO  main            d.u.i.k.p.i.AbstractProblemLoader Creating init config 
147301     DEBUG main            d.u.i.k.p.i.AbstractProblemLoader Init config took 2.46s 
147314     INFO  main            d.u.i.k.p.i.AbstractProblemLoader Replaying proof allClausesLength4.key 
147315     DEBUG main            d.u.i.k.p.i.IntermediateProofReplayer Proof replay took 6ns 
147417     INFO  main            d.u.i.k.p.r.p.TestFile    ... finished proof: closed. 
147650     INFO  main            d.u.i.k.p.i.AbstractProblemLoader Loading environment from /home/runner/work/key/key/key.core/../key.ui/examples/standard_key/prop_log/allClausesLength4.key.proof 
147650     DEBUG main            d.u.i.k.p.i.AbstractProblemLoader Environment load took 102.5ns 
147651     INFO  main            d.u.i.k.p.i.AbstractProblemLoader Creating init config 
150050     DEBUG main            d.u.i.k.p.i.AbstractProblemLoader Init config took 2.4s 
150064     INFO  main            d.u.i.k.p.i.AbstractProblemLoader Replaying proof allClausesLength4.key.proof 
150076     DEBUG main            d.u.i.k.p.i.IntermediateProofReplayer Proof replay took 9.44ms 
150078     DEBUG main            d.u.i.k.p.r.p.TestFile    ... success: reloaded. 
150079     INFO  main            d.u.i.k.p.r.p.TestFile    Now processing file /home/runner/work/key/key/key.core/../key.ui/examples/standard_key/prop_log/allClausesLength5.key 
150080     INFO  main            d.u.i.k.p.i.AbstractProblemLoader Loading environment from /home/runner/work/key/key/key.core/../key.ui/examples/standard_key/prop_log/allClausesLength5.key 
150080     DEBUG main            d.u.i.k.p.i.AbstractProblemLoader Environment load took 156.2ns 
150081     INFO  main            d.u.i.k.p.i.AbstractProblemLoader Creating init config 
152488     DEBUG main            d.u.i.k.p.i.AbstractProblemLoader Init config took 2.41s 
152502     INFO  main            d.u.i.k.p.i.AbstractProblemLoader Replaying proof allClausesLength5.key 
152503     DEBUG main            d.u.i.k.p.i.IntermediateProofReplayer Proof replay took 6.1ns 
152707     INFO  main            d.u.i.k.p.r.p.TestFile    ... finished proof: closed. 
152959     INFO  main            d.u.i.k.p.i.AbstractProblemLoader Loading environment from /home/runner/work/key/key/key.core/../key.ui/examples/standard_key/prop_log/allClausesLength5.key.proof 
152959     DEBUG main            d.u.i.k.p.i.AbstractProblemLoader Environment load took 101.6ns 
152961     INFO  main            d.u.i.k.p.i.AbstractProblemLoader Creating init config 
155321     DEBUG main            d.u.i.k.p.i.AbstractProblemLoader Init config took 2.36s 
155335     INFO  main            d.u.i.k.p.i.AbstractProblemLoader Replaying proof allClausesLength5.key.proof 
155366     DEBUG main            d.u.i.k.p.i.IntermediateProofReplayer Proof replay took 26.32ms 
155368     DEBUG main            d.u.i.k.p.r.p.TestFile    ... success: reloaded. 
155369     INFO  main            d.u.i.k.p.r.p.TestFile    Now processing file /home/runner/work/key/key/key.core/../key.ui/examples/standard_key/prop_log/doubleNeg.key 
155370     INFO  main            d.u.i.k.p.i.AbstractProblemLoader Loading environment from /home/runner/work/key/key/key.core/../key.ui/examples/standard_key/prop_log/doubleNeg.key 
155370     DEBUG main            d.u.i.k.p.i.AbstractProblemLoader Environment load took 75ns 
155370     INFO  main            d.u.i.k.p.i.AbstractProblemLoader Creating init config 
157780     DEBUG main            d.u.i.k.p.i.AbstractProblemLoader Init config took 2.41s 
157792     INFO  main            d.u.i.k.p.i.AbstractProblemLoader Replaying proof doubleNeg.key 
157793     DEBUG main            d.u.i.k.p.i.IntermediateProofReplayer Proof replay took 5.5ns 
157901     INFO  main            d.u.i.k.p.r.p.TestFile    ... finished proof: closed. 
158155     INFO  main            d.u.i.k.p.i.AbstractProblemLoader Loading environment from /home/runner/work/key/key/key.core/../key.ui/examples/standard_key/prop_log/doubleNeg.key.proof 
158156     DEBUG main            d.u.i.k.p.i.AbstractProblemLoader Environment load took 86.7ns 
158157     INFO  main            d.u.i.k.p.i.AbstractProblemLoader Creating init config 
160511     DEBUG main            d.u.i.k.p.i.AbstractProblemLoader Init config took 2.35s 
160524     INFO  main            d.u.i.k.p.i.AbstractProblemLoader Replaying proof doubleNeg.key.proof 
160526     DEBUG main            d.u.i.k.p.i.IntermediateProofReplayer Proof replay took 299.2ns 
160526     DEBUG main            d.u.i.k.p.r.p.TestFile    ... success: reloaded. 
160528     INFO  main            d.u.i.k.p.r.p.TestFile    Now processing file /home/runner/work/key/key/key.core/../key.ui/examples/standard_key/prop_log/liarsville.key 
160528     INFO  main            d.u.i.k.p.i.AbstractProblemLoader Loading environment from /home/runner/work/key/key/key.core/../key.ui/examples/standard_key/prop_log/liarsville.key 
160528     DEBUG main            d.u.i.k.p.i.AbstractProblemLoader Environment load took 73.3ns 
160529     INFO  main            d.u.i.k.p.i.AbstractProblemLoader Creating init config 
162957     DEBUG main            d.u.i.k.p.i.AbstractProblemLoader Init config took 2.43s 
162970     INFO  main            d.u.i.k.p.i.AbstractProblemLoader Replaying proof liarsville.key 
162971     DEBUG main            d.u.i.k.p.i.IntermediateProofReplayer Proof replay took 6.2ns 
163073     INFO  main            d.u.i.k.p.r.p.TestFile    ... finished proof: closed. 
163323     INFO  main            d.u.i.k.p.i.AbstractProblemLoader Loading environment from /home/runner/work/key/key/key.core/../key.ui/examples/standard_key/prop_log/liarsville.key.proof 
163323     DEBUG main            d.u.i.k.p.i.AbstractProblemLoader Environment load took 90.7ns 
163324     INFO  main            d.u.i.k.p.i.AbstractProblemLoader Creating init config 
165680     DEBUG main            d.u.i.k.p.i.AbstractProblemLoader Init config took 2.36s 
165693     INFO  main            d.u.i.k.p.i.AbstractProblemLoader Replaying proof liarsville.key.proof 
165695     DEBUG main            d.u.i.k.p.i.IntermediateProofReplayer Proof replay took 915.5ns 
165696     DEBUG main            d.u.i.k.p.r.p.TestFile    ... success: reloaded. 
165697     INFO  main            d.u.i.k.p.r.p.TestFile    Now processing file /home/runner/work/key/key/key.core/../key.ui/examples/standard_key/prop_log/simplest.key 
165698     INFO  main            d.u.i.k.p.i.AbstractProblemLoader Loading environment from /home/runner/work/key/key/key.core/../key.ui/examples/standard_key/prop_log/simplest.key 
165698     DEBUG main            d.u.i.k.p.i.AbstractProblemLoader Environment load took 65ns 
165699     INFO  main            d.u.i.k.p.i.AbstractProblemLoader Creating init config 
168096     DEBUG main            d.u.i.k.p.i.AbstractProblemLoader Init config took 2.4s 
168109     INFO  main            d.u.i.k.p.i.AbstractProblemLoader Replaying proof simplest.key 
168110     DEBUG main            d.u.i.k.p.i.IntermediateProofReplayer Proof replay took 6.1ns 
168213     INFO  main            d.u.i.k.p.r.p.TestFile    ... finished proof: closed. 
168463     INFO  main            d.u.i.k.p.i.AbstractProblemLoader Loading environment from /home/runner/work/key/key/key.core/../key.ui/examples/standard_key/prop_log/simplest.key.proof 
168463     DEBUG main            d.u.i.k.p.i.AbstractProblemLoader Environment load took 88.3ns 
168464     INFO  main            d.u.i.k.p.i.AbstractProblemLoader Creating init config 
170813     DEBUG main            d.u.i.k.p.i.AbstractProblemLoader Init config took 2.35s 
170825     INFO  main            d.u.i.k.p.i.AbstractProblemLoader Replaying proof simplest.key.proof 
170827     DEBUG main            d.u.i.k.p.i.IntermediateProofReplayer Proof replay took 77.8ns 
170827     DEBUG main            d.u.i.k.p.r.p.TestFile    ... success: reloaded. 
170829     INFO  main            d.u.i.k.p.r.p.TestFile    Now processing file /home/runner/work/key/key/key.core/../key.ui/examples/standard_key/prop_log/contraposition.key 
170829     INFO  main            d.u.i.k.p.i.AbstractProblemLoader Loading environment from /home/runner/work/key/key/key.core/../key.ui/examples/standard_key/prop_log/contraposition.key 
170829     DEBUG main            d.u.i.k.p.i.AbstractProblemLoader Environment load took 64.9ns 
170830     INFO  main            d.u.i.k.p.i.AbstractProblemLoader Creating init config 
173227     DEBUG main            d.u.i.k.p.i.AbstractProblemLoader Init config took 2.4s 
173239     INFO  main            d.u.i.k.p.i.AbstractProblemLoader Replaying proof contraposition.key 
173240     DEBUG main            d.u.i.k.p.i.IntermediateProofReplayer Proof replay took 6.2ns 
173345     INFO  main            d.u.i.k.p.r.p.TestFile    ... finished proof: closed. 
173601     INFO  main            d.u.i.k.p.i.AbstractProblemLoader Loading environment from /home/runner/work/key/key/key.core/../key.ui/examples/standard_key/prop_log/contraposition.key.proof 
173601     DEBUG main            d.u.i.k.p.i.AbstractProblemLoader Environment load took 92.2ns 
173602     INFO  main            d.u.i.k.p.i.AbstractProblemLoader Creating init config 
175960     DEBUG main            d.u.i.k.p.i.AbstractProblemLoader Init config took 2.36s 
175972     INFO  main            d.u.i.k.p.i.AbstractProblemLoader Replaying proof contraposition.key.proof 
175974     DEBUG main            d.u.i.k.p.i.IntermediateProofReplayer Proof replay took 416.3ns 
175975     DEBUG main            d.u.i.k.p.r.p.TestFile    ... success: reloaded. 
175976     INFO  main            d.u.i.k.p.r.p.TestFile    Now processing file /home/runner/work/key/key/key.core/../key.ui/examples/standard_key/quantifiers/elimination0.key 
175977     INFO  main            d.u.i.k.p.i.AbstractProblemLoader Loading environment from /home/runner/work/key/key/key.core/../key.ui/examples/standard_key/quantifiers/elimination0.key 
175977     DEBUG main            d.u.i.k.p.i.AbstractProblemLoader Environment load took 169.4ns 
175978     INFO  main            d.u.i.k.p.i.AbstractProblemLoader Creating init config 
178369     DEBUG main            d.u.i.k.p.i.AbstractProblemLoader Init config took 2.39s 
178382     INFO  main            d.u.i.k.p.i.AbstractProblemLoader Replaying proof elimination0.key 
178383     DEBUG main            d.u.i.k.p.i.IntermediateProofReplayer Proof replay took 6.6ns 
178485     INFO  main            d.u.i.k.p.r.p.TestFile    ... finished proof: closed. 
178746     INFO  main            d.u.i.k.p.i.AbstractProblemLoader Loading environment from /home/runner/work/key/key/key.core/../key.ui/examples/standard_key/quantifiers/elimination0.key.proof 
178746     DEBUG main            d.u.i.k.p.i.AbstractProblemLoader Environment load took 93.2ns 
178747     INFO  main            d.u.i.k.p.i.AbstractProblemLoader Creating init config 
181111     DEBUG main            d.u.i.k.p.i.AbstractProblemLoader Init config took 2.36s 
181123     INFO  main            d.u.i.k.p.i.AbstractProblemLoader Replaying proof elimination0.key.proof 
181126     DEBUG main            d.u.i.k.p.i.IntermediateProofReplayer Proof replay took 965.2ns 
181126     DEBUG main            d.u.i.k.p.r.p.TestFile    ... success: reloaded. 
181129     INFO  main            d.u.i.k.p.r.p.TestFile    Now processing file /home/runner/work/key/key/key.core/../key.ui/examples/standard_key/quantifiers/heuristic_PUZ001p1-eq.key 
181129     INFO  main            d.u.i.k.p.i.AbstractProblemLoader Loading environment from /home/runner/work/key/key/key.core/../key.ui/examples/standard_key/quantifiers/heuristic_PUZ001p1-eq.key 
181129     DEBUG main            d.u.i.k.p.i.AbstractProblemLoader Environment load took 76.3ns 
181130     INFO  main            d.u.i.k.p.i.AbstractProblemLoader Creating init config 
183521     DEBUG main            d.u.i.k.p.i.AbstractProblemLoader Init config took 2.39s 
183534     INFO  main            d.u.i.k.p.i.AbstractProblemLoader Replaying proof heuristic_PUZ001p1-eq.key 
183535     DEBUG main            d.u.i.k.p.i.IntermediateProofReplayer Proof replay took 6ns 
183638     INFO  main            d.u.i.k.p.r.p.TestFile    ... finished proof: closed. 
183910     INFO  main            d.u.i.k.p.i.AbstractProblemLoader Loading environment from /home/runner/work/key/key/key.core/../key.ui/examples/standard_key/quantifiers/heuristic_PUZ001p1-eq.key.proof 
183910     DEBUG main            d.u.i.k.p.i.AbstractProblemLoader Environment load took 91.5ns 
183912     INFO  main            d.u.i.k.p.i.AbstractProblemLoader Creating init config 
186269     DEBUG main            d.u.i.k.p.i.AbstractProblemLoader Init config took 2.36s 
186282     INFO  main            d.u.i.k.p.i.AbstractProblemLoader Replaying proof heuristic_PUZ001p1-eq.key.proof 
186292     DEBUG main            d.u.i.k.p.i.IntermediateProofReplayer Proof replay took 7.44ms 
186293     DEBUG main            d.u.i.k.p.r.p.TestFile    ... success: reloaded. 
186295     INFO  main            d.u.i.k.p.r.p.TestFile    Now processing file /home/runner/work/key/key/key.core/../key.ui/examples/standard_key/quantifiers/heuristic_PUZ001p1.key 
186295     INFO  main            d.u.i.k.p.i.AbstractProblemLoader Loading environment from /home/runner/work/key/key/key.core/../key.ui/examples/standard_key/quantifiers/heuristic_PUZ001p1.key 
186295     DEBUG main            d.u.i.k.p.i.AbstractProblemLoader Environment load took 70.2ns 
186297     INFO  main            d.u.i.k.p.i.AbstractProblemLoader Creating init config 
188702     DEBUG main            d.u.i.k.p.i.AbstractProblemLoader Init config took 2.41s 
188717     INFO  main            d.u.i.k.p.i.AbstractProblemLoader Replaying proof heuristic_PUZ001p1.key 
188718     DEBUG main            d.u.i.k.p.i.IntermediateProofReplayer Proof replay took 6.6ns 
190023     INFO  main            d.u.i.k.p.r.p.TestFile    ... finished proof: closed. 
190311     INFO  main            d.u.i.k.p.i.AbstractProblemLoader Loading environment from /home/runner/work/key/key/key.core/../key.ui/examples/standard_key/quantifiers/heuristic_PUZ001p1.key.proof 
190311     DEBUG main            d.u.i.k.p.i.AbstractProblemLoader Environment load took 300.7ns 
190313     INFO  main            d.u.i.k.p.i.AbstractProblemLoader Creating init config 
192667     DEBUG main            d.u.i.k.p.i.AbstractProblemLoader Init config took 2.35s 
192681     INFO  main            d.u.i.k.p.i.AbstractProblemLoader Replaying proof heuristic_PUZ001p1.key.proof 
192721     DEBUG main            d.u.i.k.p.i.IntermediateProofReplayer Proof replay took 35.61ms 
192722     DEBUG main            d.u.i.k.p.r.p.TestFile    ... success: reloaded. 
192724     INFO  main            d.u.i.k.p.r.p.TestFile    Now processing file /home/runner/work/key/key/key.core/../key.ui/examples/standard_key/quantifiers/heuristic_PUZ031p1.key 
192724     INFO  main            d.u.i.k.p.i.AbstractProblemLoader Loading environment from /home/runner/work/key/key/key.core/../key.ui/examples/standard_key/quantifiers/heuristic_PUZ031p1.key 
192724     DEBUG main            d.u.i.k.p.i.AbstractProblemLoader Environment load took 73.4ns 
192726     INFO  main            d.u.i.k.p.i.AbstractProblemLoader Creating init config 
195147     DEBUG main            d.u.i.k.p.i.AbstractProblemLoader Init config took 2.42s 
195161     INFO  main            d.u.i.k.p.i.AbstractProblemLoader Replaying proof heuristic_PUZ031p1.key 
195162     DEBUG main            d.u.i.k.p.i.IntermediateProofReplayer Proof replay took 7.4ns 
199779     INFO  main            d.u.i.k.p.r.p.TestFile    ... finished proof: closed. 
200085     INFO  main            d.u.i.k.p.i.AbstractProblemLoader Loading environment from /home/runner/work/key/key/key.core/../key.ui/examples/standard_key/quantifiers/heuristic_PUZ031p1.key.proof 
200085     DEBUG main            d.u.i.k.p.i.AbstractProblemLoader Environment load took 211.4ns 
200088     INFO  main            d.u.i.k.p.i.AbstractProblemLoader Creating init config 
202482     DEBUG main            d.u.i.k.p.i.AbstractProblemLoader Init config took 2.39s 
202496     INFO  main            d.u.i.k.p.i.AbstractProblemLoader Replaying proof heuristic_PUZ031p1.key.proof 
202542     DEBUG main            d.u.i.k.p.i.IntermediateProofReplayer Proof replay took 41.56ms 
202543     DEBUG main            d.u.i.k.p.r.p.TestFile    ... success: reloaded. 
202545     INFO  main            d.u.i.k.p.r.p.TestFile    Now processing file /home/runner/work/key/key/key.core/../key.ui/examples/standard_key/quantifiers/heuristic_SYN036p2.key 
202546     INFO  main            d.u.i.k.p.i.AbstractProblemLoader Loading environment from /home/runner/work/key/key/key.core/../key.ui/examples/standard_key/quantifiers/heuristic_SYN036p2.key 
202546     DEBUG main            d.u.i.k.p.i.AbstractProblemLoader Environment load took 71ns 
202547     INFO  main            d.u.i.k.p.i.AbstractProblemLoader Creating init config 
204921     DEBUG main            d.u.i.k.p.i.AbstractProblemLoader Init config took 2.37s 
204949     INFO  main            d.u.i.k.p.i.AbstractProblemLoader Replaying proof heuristic_SYN036p2.key 
204950     DEBUG main            d.u.i.k.p.i.IntermediateProofReplayer Proof replay took 6.8ns 
205154     INFO  main            d.u.i.k.p.r.p.TestFile    ... finished proof: closed. 
205483     INFO  main            d.u.i.k.p.i.AbstractProblemLoader Loading environment from /home/runner/work/key/key/key.core/../key.ui/examples/standard_key/quantifiers/heuristic_SYN036p2.key.proof 
205483     DEBUG main            d.u.i.k.p.i.AbstractProblemLoader Environment load took 376.6ns 
205485     INFO  main            d.u.i.k.p.i.AbstractProblemLoader Creating init config 
207855     DEBUG main            d.u.i.k.p.i.AbstractProblemLoader Init config took 2.37s 
207867     INFO  main            d.u.i.k.p.i.AbstractProblemLoader Replaying proof heuristic_SYN036p2.key.proof 
207915     DEBUG main            d.u.i.k.p.i.IntermediateProofReplayer Proof replay took 40.74ms 
207916     DEBUG main            d.u.i.k.p.r.p.TestFile    ... success: reloaded. 
207918     INFO  main            d.u.i.k.p.r.p.TestFile    Now processing file /home/runner/work/key/key/key.core/../key.ui/examples/standard_key/quantifiers/injectivity.key 
207918     INFO  main            d.u.i.k.p.i.AbstractProblemLoader Loading environment from /home/runner/work/key/key/key.core/../key.ui/examples/standard_key/quantifiers/injectivity.key 
207918     DEBUG main            d.u.i.k.p.i.AbstractProblemLoader Environment load took 75.8ns 
207919     INFO  main            d.u.i.k.p.i.AbstractProblemLoader Creating init config 
210301     DEBUG main            d.u.i.k.p.i.AbstractProblemLoader Init config took 2.38s 
210313     INFO  main            d.u.i.k.p.i.AbstractProblemLoader Replaying proof injectivity.key 
210314     DEBUG main            d.u.i.k.p.i.IntermediateProofReplayer Proof replay took 6.2ns 
210416     INFO  main            d.u.i.k.p.r.p.TestFile    ... finished proof: closed. 
210705     INFO  main            d.u.i.k.p.i.AbstractProblemLoader Loading environment from /home/runner/work/key/key/key.core/../key.ui/examples/standard_key/quantifiers/injectivity.key.proof 
210705     DEBUG main            d.u.i.k.p.i.AbstractProblemLoader Environment load took 86.3ns 
210706     INFO  main            d.u.i.k.p.i.AbstractProblemLoader Creating init config 
213070     DEBUG main            d.u.i.k.p.i.AbstractProblemLoader Init config took 2.36s 
213082     INFO  main            d.u.i.k.p.i.AbstractProblemLoader Replaying proof injectivity.key.proof 
213085     DEBUG main            d.u.i.k.p.i.IntermediateProofReplayer Proof replay took 1.51ms 
213086     DEBUG main            d.u.i.k.p.r.p.TestFile    ... success: reloaded. 
213088     INFO  main            d.u.i.k.p.r.p.TestFile    Now processing file /home/runner/work/key/key/key.core/../key.ui/examples/standard_key/quantifiers/normalisation0.key 
213088     INFO  main            d.u.i.k.p.i.AbstractProblemLoader Loading environment from /home/runner/work/key/key/key.core/../key.ui/examples/standard_key/quantifiers/normalisation0.key 
213088     DEBUG main            d.u.i.k.p.i.AbstractProblemLoader Environment load took 60.5ns 
213089     INFO  main            d.u.i.k.p.i.AbstractProblemLoader Creating init config 
215466     DEBUG main            d.u.i.k.p.i.AbstractProblemLoader Init config took 2.38s 
215479     INFO  main            d.u.i.k.p.i.AbstractProblemLoader Replaying proof normalisation0.key 
215480     DEBUG main            d.u.i.k.p.i.IntermediateProofReplayer Proof replay took 7.1ns 
215585     INFO  main            d.u.i.k.p.r.p.TestFile    ... finished proof: closed. 
215882     INFO  main            d.u.i.k.p.i.AbstractProblemLoader Loading environment from /home/runner/work/key/key/key.core/../key.ui/examples/standard_key/quantifiers/normalisation0.key.proof 
215882     DEBUG main            d.u.i.k.p.i.AbstractProblemLoader Environment load took 85.1ns 
215884     INFO  main            d.u.i.k.p.i.AbstractProblemLoader Creating init config 
218238     DEBUG main            d.u.i.k.p.i.AbstractProblemLoader Init config took 2.35s 
218250     INFO  main            d.u.i.k.p.i.AbstractProblemLoader Replaying proof normalisation0.key.proof 
218254     DEBUG main            d.u.i.k.p.i.IntermediateProofReplayer Proof replay took 2.16ms 
218256     DEBUG main            d.u.i.k.p.r.p.TestFile    ... success: reloaded. 
218258     INFO  main            d.u.i.k.p.r.p.TestFile    Now processing file /home/runner/work/key/key/key.core/../key.ui/examples/standard_key/quantifiers/normalisation1.key 
218258     INFO  main            d.u.i.k.p.i.AbstractProblemLoader Loading environment from /home/runner/work/key/key/key.core/../key.ui/examples/standard_key/quantifiers/normalisation1.key 
218258     DEBUG main            d.u.i.k.p.i.AbstractProblemLoader Environment load took 46.8ns 
218259     INFO  main            d.u.i.k.p.i.AbstractProblemLoader Creating init config 
220635     DEBUG main            d.u.i.k.p.i.AbstractProblemLoader Init config took 2.38s 
220650     INFO  main            d.u.i.k.p.i.AbstractProblemLoader Replaying proof normalisation1.key 
220651     DEBUG main            d.u.i.k.p.i.IntermediateProofReplayer Proof replay took 6.8ns 
220755     INFO  main            d.u.i.k.p.r.p.TestFile    ... finished proof: closed. 
221069     INFO  main            d.u.i.k.p.i.AbstractProblemLoader Loading environment from /home/runner/work/key/key/key.core/../key.ui/examples/standard_key/quantifiers/normalisation1.key.proof 
221069     DEBUG main            d.u.i.k.p.i.AbstractProblemLoader Environment load took 81.8ns 
221070     INFO  main            d.u.i.k.p.i.AbstractProblemLoader Creating init config 
223413     DEBUG main            d.u.i.k.p.i.AbstractProblemLoader Init config took 2.34s 
223426     INFO  main            d.u.i.k.p.i.AbstractProblemLoader Replaying proof normalisation1.key.proof 
223434     DEBUG main            d.u.i.k.p.i.IntermediateProofReplayer Proof replay took 5.1ms 
223435     DEBUG main            d.u.i.k.p.r.p.TestFile    ... success: reloaded. 
223437     INFO  main            d.u.i.k.p.r.p.TestFile    Now processing file /home/runner/work/key/key/key.core/../key.ui/examples/standard_key/quantifiers/normalisation2.key 
223437     INFO  main            d.u.i.k.p.i.AbstractProblemLoader Loading environment from /home/runner/work/key/key/key.core/../key.ui/examples/standard_key/quantifiers/normalisation2.key 
223437     DEBUG main            d.u.i.k.p.i.AbstractProblemLoader Environment load took 141.5ns 
223438     INFO  main            d.u.i.k.p.i.AbstractProblemLoader Creating init config 
225815     DEBUG main            d.u.i.k.p.i.AbstractProblemLoader Init config took 2.38s 
225828     INFO  main            d.u.i.k.p.i.AbstractProblemLoader Replaying proof normalisation2.key 
225829     DEBUG main            d.u.i.k.p.i.IntermediateProofReplayer Proof replay took 8ns 
225930     INFO  main            d.u.i.k.p.r.p.TestFile    ... finished proof: closed. 
226330     INFO  main            d.u.i.k.p.i.AbstractProblemLoader Loading environment from /home/runner/work/key/key/key.core/../key.ui/examples/standard_key/quantifiers/normalisation2.key.proof 
226330     DEBUG main            d.u.i.k.p.i.AbstractProblemLoader Environment load took 84ns 
226331     INFO  main            d.u.i.k.p.i.AbstractProblemLoader Creating init config 
228696     DEBUG main            d.u.i.k.p.i.AbstractProblemLoader Init config took 2.37s 
228711     INFO  main            d.u.i.k.p.i.AbstractProblemLoader Replaying proof normalisation2.key.proof 
228714     DEBUG main            d.u.i.k.p.i.IntermediateProofReplayer Proof replay took 2.01ms 
228715     DEBUG main            d.u.i.k.p.r.p.TestFile    ... success: reloaded. 
228717     INFO  main            d.u.i.k.p.r.p.TestFile    Now processing file /home/runner/work/key/key/key.core/../key.ui/examples/standard_key/quantifiers/normalisation3.key 
228717     INFO  main            d.u.i.k.p.i.AbstractProblemLoader Loading environment from /home/runner/work/key/key/key.core/../key.ui/examples/standard_key/quantifiers/normalisation3.key 
228717     DEBUG main            d.u.i.k.p.i.AbstractProblemLoader Environment load took 70.4ns 
228718     INFO  main            d.u.i.k.p.i.AbstractProblemLoader Creating init config 
231097     DEBUG main            d.u.i.k.p.i.AbstractProblemLoader Init config took 2.38s 
231110     INFO  main            d.u.i.k.p.i.AbstractProblemLoader Replaying proof normalisation3.key 
231111     DEBUG main            d.u.i.k.p.i.IntermediateProofReplayer Proof replay took 7.4ns 
231213     INFO  main            d.u.i.k.p.r.p.TestFile    ... finished proof: closed. 
231515     INFO  main            d.u.i.k.p.i.AbstractProblemLoader Loading environment from /home/runner/work/key/key/key.core/../key.ui/examples/standard_key/quantifiers/normalisation3.key.proof 
231515     DEBUG main            d.u.i.k.p.i.AbstractProblemLoader Environment load took 86.6ns 
231517     INFO  main            d.u.i.k.p.i.AbstractProblemLoader Creating init config 
233866     DEBUG main            d.u.i.k.p.i.AbstractProblemLoader Init config took 2.35s 
233879     INFO  main            d.u.i.k.p.i.AbstractProblemLoader Replaying proof normalisation3.key.proof 
233882     DEBUG main            d.u.i.k.p.i.IntermediateProofReplayer Proof replay took 2.14ms 
233883     DEBUG main            d.u.i.k.p.r.p.TestFile    ... success: reloaded. 
233889     INFO  main            d.u.i.k.p.r.p.TestFile    Now processing file /home/runner/work/key/key/key.core/../key.ui/examples/standard_key/quantifiers/normalisation4.key 
233890     INFO  main            d.u.i.k.p.i.AbstractProblemLoader Loading environment from /home/runner/work/key/key/key.core/../key.ui/examples/standard_key/quantifiers/normalisation4.key 
233890     DEBUG main            d.u.i.k.p.i.AbstractProblemLoader Environment load took 90.7ns 
233891     INFO  main            d.u.i.k.p.i.AbstractProblemLoader Creating init config 
236273     DEBUG main            d.u.i.k.p.i.AbstractProblemLoader Init config took 2.38s 
236285     INFO  main            d.u.i.k.p.i.AbstractProblemLoader Replaying proof normalisation4.key 
236287     DEBUG main            d.u.i.k.p.i.IntermediateProofReplayer Proof replay took 7.1ns 
236388     INFO  main            d.u.i.k.p.r.p.TestFile    ... finished proof: closed. 
236704     INFO  main            d.u.i.k.p.i.AbstractProblemLoader Loading environment from /home/runner/work/key/key/key.core/../key.ui/examples/standard_key/quantifiers/normalisation4.key.proof 
236704     DEBUG main            d.u.i.k.p.i.AbstractProblemLoader Environment load took 85.2ns 
236705     INFO  main            d.u.i.k.p.i.AbstractProblemLoader Creating init config 
239046     DEBUG main            d.u.i.k.p.i.AbstractProblemLoader Init config took 2.34s 
239059     INFO  main            d.u.i.k.p.i.AbstractProblemLoader Replaying proof normalisation4.key.proof 
239064     DEBUG main            d.u.i.k.p.i.IntermediateProofReplayer Proof replay took 3.84ms 
239065     DEBUG main            d.u.i.k.p.r.p.TestFile    ... success: reloaded. 
239067     INFO  main            d.u.i.k.p.r.p.TestFile    Now processing file /home/runner/work/key/key/key.core/../key.ui/examples/standard_key/quantifiers/normalisation5.key 
239067     INFO  main            d.u.i.k.p.i.AbstractProblemLoader Loading environment from /home/runner/work/key/key/key.core/../key.ui/examples/standard_key/quantifiers/normalisation5.key 
239067     DEBUG main            d.u.i.k.p.i.AbstractProblemLoader Environment load took 79.7ns 
239068     INFO  main            d.u.i.k.p.i.AbstractProblemLoader Creating init config 
241443     DEBUG main            d.u.i.k.p.i.AbstractProblemLoader Init config took 2.37s 
241455     INFO  main            d.u.i.k.p.i.AbstractProblemLoader Replaying proof normalisation5.key 
241456     DEBUG main            d.u.i.k.p.i.IntermediateProofReplayer Proof replay took 7.9ns 
241558     INFO  main            d.u.i.k.p.r.p.TestFile    ... finished proof: closed. 
241879     INFO  main            d.u.i.k.p.i.AbstractProblemLoader Loading environment from /home/runner/work/key/key/key.core/../key.ui/examples/standard_key/quantifiers/normalisation5.key.proof 
241879     DEBUG main            d.u.i.k.p.i.AbstractProblemLoader Environment load took 95.5ns 
241880     INFO  main            d.u.i.k.p.i.AbstractProblemLoader Creating init config 
244219     DEBUG main            d.u.i.k.p.i.AbstractProblemLoader Init config took 2.34s 
244231     INFO  main            d.u.i.k.p.i.AbstractProblemLoader Replaying proof normalisation5.key.proof 
244236     DEBUG main            d.u.i.k.p.i.IntermediateProofReplayer Proof replay took 3.26ms 
244237     DEBUG main            d.u.i.k.p.r.p.TestFile    ... success: reloaded. 
244238     INFO  main            d.u.i.k.p.r.p.TestFile    Now processing file /home/runner/work/key/key/key.core/../key.ui/examples/standard_key/quantifiers/normalisation6.key 
244238     INFO  main            d.u.i.k.p.i.AbstractProblemLoader Loading environment from /home/runner/work/key/key/key.core/../key.ui/examples/standard_key/quantifiers/normalisation6.key 
244239     DEBUG main            d.u.i.k.p.i.AbstractProblemLoader Environment load took 78.6ns 
244239     INFO  main            d.u.i.k.p.i.AbstractProblemLoader Creating init config 
246613     DEBUG main            d.u.i.k.p.i.AbstractProblemLoader Init config took 2.37s 
246625     INFO  main            d.u.i.k.p.i.AbstractProblemLoader Replaying proof normalisation6.key 
246627     DEBUG main            d.u.i.k.p.i.IntermediateProofReplayer Proof replay took 6.7ns 
246729     INFO  main            d.u.i.k.p.r.p.TestFile    ... finished proof: closed. 
247058     INFO  main            d.u.i.k.p.i.AbstractProblemLoader Loading environment from /home/runner/work/key/key/key.core/../key.ui/examples/standard_key/quantifiers/normalisation6.key.proof 
247058     DEBUG main            d.u.i.k.p.i.AbstractProblemLoader Environment load took 95.3ns 
247059     INFO  main            d.u.i.k.p.i.AbstractProblemLoader Creating init config 
249409     DEBUG main            d.u.i.k.p.i.AbstractProblemLoader Init config took 2.35s 
249421     INFO  main            d.u.i.k.p.i.AbstractProblemLoader Replaying proof normalisation6.key.proof 
249425     DEBUG main            d.u.i.k.p.i.IntermediateProofReplayer Proof replay took 2.14ms 
249426     DEBUG main            d.u.i.k.p.r.p.TestFile    ... success: reloaded. 
249427     INFO  main            d.u.i.k.p.r.p.TestFile    Now processing file /home/runner/work/key/key/key.core/../key.ui/examples/standard_key/quantifiers/normalisation7.key 
249428     INFO  main            d.u.i.k.p.i.AbstractProblemLoader Loading environment from /home/runner/work/key/key/key.core/../key.ui/examples/standard_key/quantifiers/normalisation7.key 
249428     DEBUG main            d.u.i.k.p.i.AbstractProblemLoader Environment load took 58.9ns 
249429     INFO  main            d.u.i.k.p.i.AbstractProblemLoader Creating init config 
251801     DEBUG main            d.u.i.k.p.i.AbstractProblemLoader Init config took 2.37s 
251814     INFO  main            d.u.i.k.p.i.AbstractProblemLoader Replaying proof normalisation7.key 
251815     DEBUG main            d.u.i.k.p.i.IntermediateProofReplayer Proof replay took 7.1ns 
251916     INFO  main            d.u.i.k.p.r.p.TestFile    ... finished proof: closed. 
252247     INFO  main            d.u.i.k.p.i.AbstractProblemLoader Loading environment from /home/runner/work/key/key/key.core/../key.ui/examples/standard_key/quantifiers/normalisation7.key.proof 
252247     DEBUG main            d.u.i.k.p.i.AbstractProblemLoader Environment load took 89.9ns 
252248     INFO  main            d.u.i.k.p.i.AbstractProblemLoader Creating init config 
254590     DEBUG main            d.u.i.k.p.i.AbstractProblemLoader Init config took 2.34s 
254604     INFO  main            d.u.i.k.p.i.AbstractProblemLoader Replaying proof normalisation7.key.proof 
254607     DEBUG main            d.u.i.k.p.i.IntermediateProofReplayer Proof replay took 2.11ms 
254608     DEBUG main            d.u.i.k.p.r.p.TestFile    ... success: reloaded. 
254610     INFO  main            d.u.i.k.p.r.p.TestFile    Now processing file /home/runner/work/key/key/key.core/../key.ui/examples/standard_key/quantifiers/normalisation8.key 
254610     INFO  main            d.u.i.k.p.i.AbstractProblemLoader Loading environment from /home/runner/work/key/key/key.core/../key.ui/examples/standard_key/quantifiers/normalisation8.key 
254610     DEBUG main            d.u.i.k.p.i.AbstractProblemLoader Environment load took 41.3ns 
254611     INFO  main            d.u.i.k.p.i.AbstractProblemLoader Creating init config 
256983     DEBUG main            d.u.i.k.p.i.AbstractProblemLoader Init config took 2.37s 
256997     INFO  main            d.u.i.k.p.i.AbstractProblemLoader Replaying proof normalisation8.key 
256998     DEBUG main            d.u.i.k.p.i.IntermediateProofReplayer Proof replay took 6.9ns 
257099     INFO  main            d.u.i.k.p.r.p.TestFile    ... finished proof: closed. 
257421     INFO  main            d.u.i.k.p.i.AbstractProblemLoader Loading environment from /home/runner/work/key/key/key.core/../key.ui/examples/standard_key/quantifiers/normalisation8.key.proof 
257421     DEBUG main            d.u.i.k.p.i.AbstractProblemLoader Environment load took 76.7ns 
257422     INFO  main            d.u.i.k.p.i.AbstractProblemLoader Creating init config 
259758     DEBUG main            d.u.i.k.p.i.AbstractProblemLoader Init config took 2.34s 
259771     INFO  main            d.u.i.k.p.i.AbstractProblemLoader Replaying proof normalisation8.key.proof 
259777     DEBUG main            d.u.i.k.p.i.IntermediateProofReplayer Proof replay took 4.32ms 
259778     DEBUG main            d.u.i.k.p.r.p.TestFile    ... success: reloaded. 
259779     INFO  main            d.u.i.k.p.r.p.TestFile    Now processing file /home/runner/work/key/key/key.core/../key.ui/examples/standard_key/quantifiers/normalisation9.key 
259780     INFO  main            d.u.i.k.p.i.AbstractProblemLoader Loading environment from /home/runner/work/key/key/key.core/../key.ui/examples/standard_key/quantifiers/normalisation9.key 
259780     DEBUG main            d.u.i.k.p.i.AbstractProblemLoader Environment load took 143.1ns 
259781     INFO  main            d.u.i.k.p.i.AbstractProblemLoader Creating init config 
262164     DEBUG main            d.u.i.k.p.i.AbstractProblemLoader Init config took 2.38s 
262177     INFO  main            d.u.i.k.p.i.AbstractProblemLoader Replaying proof normalisation9.key 
262178     DEBUG main            d.u.i.k.p.i.IntermediateProofReplayer Proof replay took 6.6ns 
262280     INFO  main            d.u.i.k.p.r.p.TestFile    ... finished proof: closed. 
262623     INFO  main            d.u.i.k.p.i.AbstractProblemLoader Loading environment from /home/runner/work/key/key/key.core/../key.ui/examples/standard_key/quantifiers/normalisation9.key.proof 
262623     DEBUG main            d.u.i.k.p.i.AbstractProblemLoader Environment load took 74.6ns 
262624     INFO  main            d.u.i.k.p.i.AbstractProblemLoader Creating init config 
264982     DEBUG main            d.u.i.k.p.i.AbstractProblemLoader Init config took 2.36s 
264995     INFO  main            d.u.i.k.p.i.AbstractProblemLoader Replaying proof normalisation9.key.proof 
265002     DEBUG main            d.u.i.k.p.i.IntermediateProofReplayer Proof replay took 5.71ms 
265003     DEBUG main            d.u.i.k.p.r.p.TestFile    ... success: reloaded. 
265005     INFO  main            d.u.i.k.p.r.p.TestFile    Now processing file /home/runner/work/key/key/key.core/../key.ui/examples/standard_key/quantifiers/normalisation10.key 
265005     INFO  main            d.u.i.k.p.i.AbstractProblemLoader Loading environment from /home/runner/work/key/key/key.core/../key.ui/examples/standard_key/quantifiers/normalisation10.key 
265005     DEBUG main            d.u.i.k.p.i.AbstractProblemLoader Environment load took 70.8ns 
265006     INFO  main            d.u.i.k.p.i.AbstractProblemLoader Creating init config 
267395     DEBUG main            d.u.i.k.p.i.AbstractProblemLoader Init config took 2.39s 
267408     INFO  main            d.u.i.k.p.i.AbstractProblemLoader Replaying proof normalisation10.key 
267409     DEBUG main            d.u.i.k.p.i.IntermediateProofReplayer Proof replay took 6.9ns 
267511     INFO  main            d.u.i.k.p.r.p.TestFile    ... finished proof: closed. 
267943     INFO  main            d.u.i.k.p.i.AbstractProblemLoader Loading environment from /home/runner/work/key/key/key.core/../key.ui/examples/standard_key/quantifiers/normalisation10.key.proof 
267943     DEBUG main            d.u.i.k.p.i.AbstractProblemLoader Environment load took 78.6ns 
267944     INFO  main            d.u.i.k.p.i.AbstractProblemLoader Creating init config 
270284     DEBUG main            d.u.i.k.p.i.AbstractProblemLoader Init config took 2.34s 
270297     INFO  main            d.u.i.k.p.i.AbstractProblemLoader Replaying proof normalisation10.key.proof 
270303     DEBUG main            d.u.i.k.p.i.IntermediateProofReplayer Proof replay took 4.26ms 
270304     DEBUG main            d.u.i.k.p.r.p.TestFile    ... success: reloaded. 
270305     INFO  main            d.u.i.k.p.r.p.TestFile    Now processing file /home/runner/work/key/key/key.core/../key.ui/examples/standard_key/quantifiers/normalisation12.key 
270306     INFO  main            d.u.i.k.p.i.AbstractProblemLoader Loading environment from /home/runner/work/key/key/key.core/../key.ui/examples/standard_key/quantifiers/normalisation12.key 
270306     DEBUG main            d.u.i.k.p.i.AbstractProblemLoader Environment load took 65.6ns 
270306     INFO  main            d.u.i.k.p.i.AbstractProblemLoader Creating init config 
272699     DEBUG main            d.u.i.k.p.i.AbstractProblemLoader Init config took 2.39s 
272712     INFO  main            d.u.i.k.p.i.AbstractProblemLoader Replaying proof normalisation12.key 
272714     DEBUG main            d.u.i.k.p.i.IntermediateProofReplayer Proof replay took 7.1ns 
272815     INFO  main            d.u.i.k.p.r.p.TestFile    ... finished proof: closed. 
273187     INFO  main            d.u.i.k.p.i.AbstractProblemLoader Loading environment from /home/runner/work/key/key/key.core/../key.ui/examples/standard_key/quantifiers/normalisation12.key.proof 
273187     DEBUG main            d.u.i.k.p.i.AbstractProblemLoader Environment load took 78.1ns 
273188     INFO  main            d.u.i.k.p.i.AbstractProblemLoader Creating init config 
275564     DEBUG main            d.u.i.k.p.i.AbstractProblemLoader Init config took 2.38s 
275577     INFO  main            d.u.i.k.p.i.AbstractProblemLoader Replaying proof normalisation12.key.proof 
275580     DEBUG main            d.u.i.k.p.i.IntermediateProofReplayer Proof replay took 1.13ms 
275580     DEBUG main            d.u.i.k.p.r.p.TestFile    ... success: reloaded. 
275582     INFO  main            d.u.i.k.p.r.p.TestFile    Now processing file /home/runner/work/key/key/key.core/../key.ui/examples/standard_key/quantifiers/normalisation13.key 
275582     INFO  main            d.u.i.k.p.i.AbstractProblemLoader Loading environment from /home/runner/work/key/key/key.core/../key.ui/examples/standard_key/quantifiers/normalisation13.key 
275582     DEBUG main            d.u.i.k.p.i.AbstractProblemLoader Environment load took 65.2ns 
275583     INFO  main            d.u.i.k.p.i.AbstractProblemLoader Creating init config 
277975     DEBUG main            d.u.i.k.p.i.AbstractProblemLoader Init config took 2.39s 
277987     INFO  main            d.u.i.k.p.i.AbstractProblemLoader Replaying proof normalisation13.key 
277988     DEBUG main            d.u.i.k.p.i.IntermediateProofReplayer Proof replay took 7.5ns 
278090     INFO  main            d.u.i.k.p.r.p.TestFile    ... finished proof: closed. 
278441     INFO  main            d.u.i.k.p.i.AbstractProblemLoader Loading environment from /home/runner/work/key/key/key.core/../key.ui/examples/standard_key/quantifiers/normalisation13.key.proof 
278441     DEBUG main            d.u.i.k.p.i.AbstractProblemLoader Environment load took 76.5ns 
278442     INFO  main            d.u.i.k.p.i.AbstractProblemLoader Creating init config 
280779     DEBUG main            d.u.i.k.p.i.AbstractProblemLoader Init config took 2.34s 
280791     INFO  main            d.u.i.k.p.i.AbstractProblemLoader Replaying proof normalisation13.key.proof 
280793     DEBUG main            d.u.i.k.p.i.IntermediateProofReplayer Proof replay took 509ns 
280794     DEBUG main            d.u.i.k.p.r.p.TestFile    ... success: reloaded. 
280795     INFO  main            d.u.i.k.p.r.p.TestFile    Now processing file /home/runner/work/key/key/key.core/../key.ui/examples/standard_key/quantifiers/triggers0.key 
280795     INFO  main            d.u.i.k.p.i.AbstractProblemLoader Loading environment from /home/runner/work/key/key/key.core/../key.ui/examples/standard_key/quantifiers/triggers0.key 
280795     DEBUG main            d.u.i.k.p.i.AbstractProblemLoader Environment load took 41.4ns 
280796     INFO  main            d.u.i.k.p.i.AbstractProblemLoader Creating init config 
283180     DEBUG main            d.u.i.k.p.i.AbstractProblemLoader Init config took 2.38s 
283192     INFO  main            d.u.i.k.p.i.AbstractProblemLoader Replaying proof triggers0.key 
283194     DEBUG main            d.u.i.k.p.i.IntermediateProofReplayer Proof replay took 6.9ns 
283295     INFO  main            d.u.i.k.p.r.p.TestFile    ... finished proof: closed. 
283650     INFO  main            d.u.i.k.p.i.AbstractProblemLoader Loading environment from /home/runner/work/key/key/key.core/../key.ui/examples/standard_key/quantifiers/triggers0.key.proof 
283650     DEBUG main            d.u.i.k.p.i.AbstractProblemLoader Environment load took 76.8ns 
283651     INFO  main            d.u.i.k.p.i.AbstractProblemLoader Creating init config 
285991     DEBUG main            d.u.i.k.p.i.AbstractProblemLoader Init config took 2.34s 
286003     INFO  main            d.u.i.k.p.i.AbstractProblemLoader Replaying proof triggers0.key.proof 
286006     DEBUG main            d.u.i.k.p.i.IntermediateProofReplayer Proof replay took 1.33ms 
286006     DEBUG main            d.u.i.k.p.r.p.TestFile    ... success: reloaded. 
3758819    INFO  Test worker     d.u.i.k.p.r.RunAllProofsTestUnit Returning from test FOL 
3758821    INFO  Test worker     d.u.i.k.p.r.RunAllProofsTestUnit Running test strings 
343        INFO  Timeout watchdog d.u.i.k.p.r.p.ForkedTestFileRunner Timeout watcher launched (2000 secs.) 
351        WARN  main            d.u.i.k.s.ProofSettings   The settings in /home/runner/.key/proof-settings.props are *not* read. 
387        INFO  main            d.u.i.k.p.r.p.TestFile    Now processing file /home/runner/work/key/key/key.core/../key.ui/examples/standard_key/strings/charAt0.key 
526        INFO  main            d.u.i.k.p.i.AbstractProblemLoader Loading environment from /home/runner/work/key/key/key.core/../key.ui/examples/standard_key/strings/charAt0.key 
541        DEBUG main            d.u.i.k.p.i.AbstractProblemLoader Environment load took 1.85ms 
779        INFO  main            d.u.i.k.p.i.AbstractProblemLoader Creating init config 
1602       DEBUG main            d.u.i.k.j.TypeConverter   No LDT found for Meta 
1602       DEBUG main            d.u.i.k.j.TypeConverter   No LDT found for Meta 
1603       DEBUG main            d.u.i.k.j.TypeConverter   No LDT found for Meta 
1603       DEBUG main            d.u.i.k.j.TypeConverter   No LDT found for Meta 
2940       DEBUG main            d.u.i.k.j.TypeConverter   No LDT found for JavaBigintExpression 
7598       DEBUG main            d.u.i.k.p.i.AbstractProblemLoader Init config took 6.82s 
7655       INFO  main            d.u.i.k.p.i.AbstractProblemLoader Replaying proof charAt0.key 
7686       DEBUG main            d.u.i.k.p.i.IntermediateProofReplayer Proof replay took 36ns 
8033       INFO  main            d.u.i.k.p.r.p.TestFile    ... finished proof: closed. 
8142       INFO  main            d.u.i.k.p.i.AbstractProblemLoader Loading environment from /home/runner/work/key/key/key.core/../key.ui/examples/standard_key/strings/charAt0.key.proof 
8143       DEBUG main            d.u.i.k.p.i.AbstractProblemLoader Environment load took 361.1ns 
8147       INFO  main            d.u.i.k.p.i.AbstractProblemLoader Creating init config 
10815      DEBUG main            d.u.i.k.p.i.AbstractProblemLoader Init config took 2.67s 
10846      INFO  main            d.u.i.k.p.i.AbstractProblemLoader Replaying proof charAt0.key.proof 
10867      DEBUG main            d.u.i.k.p.i.IntermediateProofReplayer Proof replay took 16.17ms 
10878      DEBUG main            d.u.i.k.p.r.p.TestFile    ... success: reloaded. 
10881      INFO  main            d.u.i.k.p.r.p.TestFile    Now processing file /home/runner/work/key/key/key.core/../key.ui/examples/standard_key/strings/charAt1.key 
10882      INFO  main            d.u.i.k.p.i.AbstractProblemLoader Loading environment from /home/runner/work/key/key/key.core/../key.ui/examples/standard_key/strings/charAt1.key 
10882      DEBUG main            d.u.i.k.p.i.AbstractProblemLoader Environment load took 189.1ns 
10884      INFO  main            d.u.i.k.p.i.AbstractProblemLoader Creating init config 
13501      DEBUG main            d.u.i.k.p.i.AbstractProblemLoader Init config took 2.62s 
13530      INFO  main            d.u.i.k.p.i.AbstractProblemLoader Replaying proof charAt1.key 
13532      DEBUG main            d.u.i.k.p.i.IntermediateProofReplayer Proof replay took 6.8ns 
13736      INFO  main            d.u.i.k.p.r.p.TestFile    ... finished proof: closed. 
13858      INFO  main            d.u.i.k.p.i.AbstractProblemLoader Loading environment from /home/runner/work/key/key/key.core/../key.ui/examples/standard_key/strings/charAt1.key.proof 
13858      DEBUG main            d.u.i.k.p.i.AbstractProblemLoader Environment load took 424.9ns 
13860      INFO  main            d.u.i.k.p.i.AbstractProblemLoader Creating init config 
16462      DEBUG main            d.u.i.k.p.i.AbstractProblemLoader Init config took 2.6s 
16485      INFO  main            d.u.i.k.p.i.AbstractProblemLoader Replaying proof charAt1.key.proof 
16504      DEBUG main            d.u.i.k.p.i.IntermediateProofReplayer Proof replay took 15.06ms 
16505      DEBUG main            d.u.i.k.p.r.p.TestFile    ... success: reloaded. 
16507      INFO  main            d.u.i.k.p.r.p.TestFile    Now processing file /home/runner/work/key/key/key.core/../key.ui/examples/standard_key/strings/concat1.key 
16508      INFO  main            d.u.i.k.p.i.AbstractProblemLoader Loading environment from /home/runner/work/key/key/key.core/../key.ui/examples/standard_key/strings/concat1.key 
16508      DEBUG main            d.u.i.k.p.i.AbstractProblemLoader Environment load took 194.9ns 
16509      INFO  main            d.u.i.k.p.i.AbstractProblemLoader Creating init config 
19016      DEBUG main            d.u.i.k.p.i.AbstractProblemLoader Init config took 2.51s 
19037      INFO  main            d.u.i.k.p.i.AbstractProblemLoader Replaying proof concat1.key 
19038      DEBUG main            d.u.i.k.p.i.IntermediateProofReplayer Proof replay took 5.9ns 
19141      INFO  main            d.u.i.k.p.r.p.TestFile    ... finished proof: closed. 
19285      INFO  main            d.u.i.k.p.i.AbstractProblemLoader Loading environment from /home/runner/work/key/key/key.core/../key.ui/examples/standard_key/strings/concat1.key.proof 
19285      DEBUG main            d.u.i.k.p.i.AbstractProblemLoader Environment load took 122.3ns 
19286      INFO  main            d.u.i.k.p.i.AbstractProblemLoader Creating init config 
21775      DEBUG main            d.u.i.k.p.i.AbstractProblemLoader Init config took 2.49s 
21796      INFO  main            d.u.i.k.p.i.AbstractProblemLoader Replaying proof concat1.key.proof 
21799      DEBUG main            d.u.i.k.p.i.IntermediateProofReplayer Proof replay took 1.43ms 
21800      DEBUG main            d.u.i.k.p.r.p.TestFile    ... success: reloaded. 
21803      INFO  main            d.u.i.k.p.r.p.TestFile    Now processing file /home/runner/work/key/key/key.core/../key.ui/examples/standard_key/strings/concat2.key 
21803      INFO  main            d.u.i.k.p.i.AbstractProblemLoader Loading environment from /home/runner/work/key/key/key.core/../key.ui/examples/standard_key/strings/concat2.key 
21803      DEBUG main            d.u.i.k.p.i.AbstractProblemLoader Environment load took 173.9ns 
21804      INFO  main            d.u.i.k.p.i.AbstractProblemLoader Creating init config 
24263      DEBUG main            d.u.i.k.p.i.AbstractProblemLoader Init config took 2.46s 
24283      INFO  main            d.u.i.k.p.i.AbstractProblemLoader Replaying proof concat2.key 
24285      DEBUG main            d.u.i.k.p.i.IntermediateProofReplayer Proof replay took 6.4ns 
24387      INFO  main            d.u.i.k.p.r.p.TestFile    ... finished proof: closed. 
24512      INFO  main            d.u.i.k.p.i.AbstractProblemLoader Loading environment from /home/runner/work/key/key/key.core/../key.ui/examples/standard_key/strings/concat2.key.proof 
24512      DEBUG main            d.u.i.k.p.i.AbstractProblemLoader Environment load took 106.6ns 
24515      INFO  main            d.u.i.k.p.i.AbstractProblemLoader Creating init config 
26950      DEBUG main            d.u.i.k.p.i.AbstractProblemLoader Init config took 2.44s 
26978      INFO  main            d.u.i.k.p.i.AbstractProblemLoader Replaying proof concat2.key.proof 
26989      DEBUG main            d.u.i.k.p.i.IntermediateProofReplayer Proof replay took 8.5ms 
26992      DEBUG main            d.u.i.k.p.r.p.TestFile    ... success: reloaded. 
26997      INFO  main            d.u.i.k.p.r.p.TestFile    Now processing file /home/runner/work/key/key/key.core/../key.ui/examples/standard_key/strings/deriveLength1.key 
26997      INFO  main            d.u.i.k.p.i.AbstractProblemLoader Loading environment from /home/runner/work/key/key/key.core/../key.ui/examples/standard_key/strings/deriveLength1.key 
26997      DEBUG main            d.u.i.k.p.i.AbstractProblemLoader Environment load took 171ns 
26999      INFO  main            d.u.i.k.p.i.AbstractProblemLoader Creating init config 
29440      DEBUG main            d.u.i.k.p.i.AbstractProblemLoader Init config took 2.44s 
29459      INFO  main            d.u.i.k.p.i.AbstractProblemLoader Replaying proof deriveLength1.key 
29460      DEBUG main            d.u.i.k.p.i.IntermediateProofReplayer Proof replay took 6.1ns 
29565      INFO  main            d.u.i.k.p.r.p.TestFile    ... finished proof: closed. 
29701      INFO  main            d.u.i.k.p.i.AbstractProblemLoader Loading environment from /home/runner/work/key/key/key.core/../key.ui/examples/standard_key/strings/deriveLength1.key.proof 
29702      DEBUG main            d.u.i.k.p.i.AbstractProblemLoader Environment load took 105.3ns 
29703      INFO  main            d.u.i.k.p.i.AbstractProblemLoader Creating init config 
32107      DEBUG main            d.u.i.k.p.i.AbstractProblemLoader Init config took 2.4s 
32126      INFO  main            d.u.i.k.p.i.AbstractProblemLoader Replaying proof deriveLength1.key.proof 
32137      DEBUG main            d.u.i.k.p.i.IntermediateProofReplayer Proof replay took 8.6ms 
32138      DEBUG main            d.u.i.k.p.r.p.TestFile    ... success: reloaded. 
32140      INFO  main            d.u.i.k.p.r.p.TestFile    Now processing file /home/runner/work/key/key/key.core/../key.ui/examples/standard_key/strings/emptyStringLengthZero.key 
32140      INFO  main            d.u.i.k.p.i.AbstractProblemLoader Loading environment from /home/runner/work/key/key/key.core/../key.ui/examples/standard_key/strings/emptyStringLengthZero.key 
32141      DEBUG main            d.u.i.k.p.i.AbstractProblemLoader Environment load took 184.6ns 
32142      INFO  main            d.u.i.k.p.i.AbstractProblemLoader Creating init config 
34593      DEBUG main            d.u.i.k.p.i.AbstractProblemLoader Init config took 2.45s 
34613      INFO  main            d.u.i.k.p.i.AbstractProblemLoader Replaying proof emptyStringLengthZero.key 
34614      DEBUG main            d.u.i.k.p.i.IntermediateProofReplayer Proof replay took 6.6ns 
34718      INFO  main            d.u.i.k.p.r.p.TestFile    ... finished proof: closed. 
34864      INFO  main            d.u.i.k.p.i.AbstractProblemLoader Loading environment from /home/runner/work/key/key/key.core/../key.ui/examples/standard_key/strings/emptyStringLengthZero.key.proof 
34864      DEBUG main            d.u.i.k.p.i.AbstractProblemLoader Environment load took 121.2ns 
34865      INFO  main            d.u.i.k.p.i.AbstractProblemLoader Creating init config 
37336      DEBUG main            d.u.i.k.p.i.AbstractProblemLoader Init config took 2.47s 
37353      INFO  main            d.u.i.k.p.i.AbstractProblemLoader Replaying proof emptyStringLengthZero.key.proof 
37359      DEBUG main            d.u.i.k.p.i.IntermediateProofReplayer Proof replay took 3.51ms 
37360      DEBUG main            d.u.i.k.p.r.p.TestFile    ... success: reloaded. 
37363      INFO  main            d.u.i.k.p.r.p.TestFile    Now processing file /home/runner/work/key/key/key.core/../key.ui/examples/standard_key/strings/implicitBooleanStringConversion.key 
37364      INFO  main            d.u.i.k.p.i.AbstractProblemLoader Loading environment from /home/runner/work/key/key/key.core/../key.ui/examples/standard_key/strings/implicitBooleanStringConversion.key 
37364      DEBUG main            d.u.i.k.p.i.AbstractProblemLoader Environment load took 165.2ns 
37365      INFO  main            d.u.i.k.p.i.AbstractProblemLoader Creating init config 
39767      DEBUG main            d.u.i.k.p.i.AbstractProblemLoader Init config took 2.4s 
39788      INFO  main            d.u.i.k.p.i.AbstractProblemLoader Replaying proof implicitBooleanStringConversion.key 
39790      DEBUG main            d.u.i.k.p.i.IntermediateProofReplayer Proof replay took 6.4ns 
40801      INFO  main            d.u.i.k.p.r.p.TestFile    ... finished proof: closed. 
40987      INFO  main            d.u.i.k.p.i.AbstractProblemLoader Loading environment from /home/runner/work/key/key/key.core/../key.ui/examples/standard_key/strings/implicitBooleanStringConversion.key.proof 
40989      DEBUG main            d.u.i.k.p.i.AbstractProblemLoader Environment load took 1.95ms 
40991      INFO  main            d.u.i.k.p.i.AbstractProblemLoader Creating init config 
43456      DEBUG main            d.u.i.k.p.i.AbstractProblemLoader Init config took 2.47s 
43475      INFO  main            d.u.i.k.p.i.AbstractProblemLoader Replaying proof implicitBooleanStringConversion.key.proof 
43560      DEBUG main            d.u.i.k.p.i.IntermediateProofReplayer Proof replay took 80.1ms 
43561      DEBUG main            d.u.i.k.p.r.p.TestFile    ... success: reloaded. 
43563      INFO  main            d.u.i.k.p.r.p.TestFile    Now processing file /home/runner/work/key/key/key.core/../key.ui/examples/standard_key/strings/implicitBooleanStringConversion2.key 
43563      INFO  main            d.u.i.k.p.i.AbstractProblemLoader Loading environment from /home/runner/work/key/key/key.core/../key.ui/examples/standard_key/strings/implicitBooleanStringConversion2.key 
43563      DEBUG main            d.u.i.k.p.i.AbstractProblemLoader Environment load took 103.8ns 
43564      INFO  main            d.u.i.k.p.i.AbstractProblemLoader Creating init config 
45952      DEBUG main            d.u.i.k.p.i.AbstractProblemLoader Init config took 2.39s 
45970      INFO  main            d.u.i.k.p.i.AbstractProblemLoader Replaying proof implicitBooleanStringConversion2.key 
45971      DEBUG main            d.u.i.k.p.i.IntermediateProofReplayer Proof replay took 6.5ns 
46377      INFO  main            d.u.i.k.p.r.p.TestFile    ... finished proof: closed. 
46600      INFO  main            d.u.i.k.p.i.AbstractProblemLoader Loading environment from /home/runner/work/key/key/key.core/../key.ui/examples/standard_key/strings/implicitBooleanStringConversion2.key.proof 
46600      DEBUG main            d.u.i.k.p.i.AbstractProblemLoader Environment load took 309.8ns 
46601      INFO  main            d.u.i.k.p.i.AbstractProblemLoader Creating init config 
48966      DEBUG main            d.u.i.k.p.i.AbstractProblemLoader Init config took 2.36s 
48984      INFO  main            d.u.i.k.p.i.AbstractProblemLoader Replaying proof implicitBooleanStringConversion2.key.proof 
49019      DEBUG main            d.u.i.k.p.i.IntermediateProofReplayer Proof replay took 32.19ms 
49021      DEBUG main            d.u.i.k.p.r.p.TestFile    ... success: reloaded. 
49022      INFO  main            d.u.i.k.p.r.p.TestFile    Now processing file /home/runner/work/key/key/key.core/../key.ui/examples/standard_key/strings/implicitIntStringConversion.key 
49022      INFO  main            d.u.i.k.p.i.AbstractProblemLoader Loading environment from /home/runner/work/key/key/key.core/../key.ui/examples/standard_key/strings/implicitIntStringConversion.key 
49023      DEBUG main            d.u.i.k.p.i.AbstractProblemLoader Environment load took 74.9ns 
49023      INFO  main            d.u.i.k.p.i.AbstractProblemLoader Creating init config 
51434      DEBUG main            d.u.i.k.p.i.AbstractProblemLoader Init config took 2.41s 
51452      INFO  main            d.u.i.k.p.i.AbstractProblemLoader Replaying proof implicitIntStringConversion.key 
51453      DEBUG main            d.u.i.k.p.i.IntermediateProofReplayer Proof replay took 6.3ns 
52159      INFO  main            d.u.i.k.p.r.p.TestFile    ... finished proof: closed. 
52347      INFO  main            d.u.i.k.p.i.AbstractProblemLoader Loading environment from /home/runner/work/key/key/key.core/../key.ui/examples/standard_key/strings/implicitIntStringConversion.key.proof 
52347      DEBUG main            d.u.i.k.p.i.AbstractProblemLoader Environment load took 115.2ns 
52348      INFO  main            d.u.i.k.p.i.AbstractProblemLoader Creating init config 
54711      DEBUG main            d.u.i.k.p.i.AbstractProblemLoader Init config took 2.36s 
54729      INFO  main            d.u.i.k.p.i.AbstractProblemLoader Replaying proof implicitIntStringConversion.key.proof 
54828      DEBUG main            d.u.i.k.p.i.IntermediateProofReplayer Proof replay took 92.19ms 
54830      DEBUG main            d.u.i.k.p.r.p.TestFile    ... success: reloaded. 
54831      INFO  main            d.u.i.k.p.r.p.TestFile    Now processing file /home/runner/work/key/key/key.core/../key.ui/examples/standard_key/strings/implicitNullStringConversion.key 
54832      INFO  main            d.u.i.k.p.i.AbstractProblemLoader Loading environment from /home/runner/work/key/key/key.core/../key.ui/examples/standard_key/strings/implicitNullStringConversion.key 
54832      DEBUG main            d.u.i.k.p.i.AbstractProblemLoader Environment load took 156.2ns 
54833      INFO  main            d.u.i.k.p.i.AbstractProblemLoader Creating init config 
57229      DEBUG main            d.u.i.k.p.i.AbstractProblemLoader Init config took 2.4s 
57245      INFO  main            d.u.i.k.p.i.AbstractProblemLoader Replaying proof implicitNullStringConversion.key 
57247      DEBUG main            d.u.i.k.p.i.IntermediateProofReplayer Proof replay took 6.2ns 
57553      INFO  main            d.u.i.k.p.r.p.TestFile    ... finished proof: closed. 
57732      INFO  main            d.u.i.k.p.i.AbstractProblemLoader Loading environment from /home/runner/work/key/key/key.core/../key.ui/examples/standard_key/strings/implicitNullStringConversion.key.proof 
57732      DEBUG main            d.u.i.k.p.i.AbstractProblemLoader Environment load took 104.3ns 
57733      INFO  main            d.u.i.k.p.i.AbstractProblemLoader Creating init config 
60090      DEBUG main            d.u.i.k.p.i.AbstractProblemLoader Init config took 2.36s 
60107      INFO  main            d.u.i.k.p.i.AbstractProblemLoader Replaying proof implicitNullStringConversion.key.proof 
60138      DEBUG main            d.u.i.k.p.i.IntermediateProofReplayer Proof replay took 28.44ms 
60154      DEBUG main            d.u.i.k.p.r.p.TestFile    ... success: reloaded. 
60156      INFO  main            d.u.i.k.p.r.p.TestFile    Now processing file /home/runner/work/key/key/key.core/../key.ui/examples/standard_key/strings/implicitNullStringConversion2.key 
60156      INFO  main            d.u.i.k.p.i.AbstractProblemLoader Loading environment from /home/runner/work/key/key/key.core/../key.ui/examples/standard_key/strings/implicitNullStringConversion2.key 
60156      DEBUG main            d.u.i.k.p.i.AbstractProblemLoader Environment load took 58.6ns 
60157      INFO  main            d.u.i.k.p.i.AbstractProblemLoader Creating init config 
62580      DEBUG main            d.u.i.k.p.i.AbstractProblemLoader Init config took 2.42s 
62595      INFO  main            d.u.i.k.p.i.AbstractProblemLoader Replaying proof implicitNullStringConversion2.key 
62597      DEBUG main            d.u.i.k.p.i.IntermediateProofReplayer Proof replay took 5.7ns 
62803      INFO  main            d.u.i.k.p.r.p.TestFile    ... finished proof: closed. 
62982      INFO  main            d.u.i.k.p.i.AbstractProblemLoader Loading environment from /home/runner/work/key/key/key.core/../key.ui/examples/standard_key/strings/implicitNullStringConversion2.key.proof 
62982      DEBUG main            d.u.i.k.p.i.AbstractProblemLoader Environment load took 102.3ns 
62984      INFO  main            d.u.i.k.p.i.AbstractProblemLoader Creating init config 
65338      DEBUG main            d.u.i.k.p.i.AbstractProblemLoader Init config took 2.35s 
65356      INFO  main            d.u.i.k.p.i.AbstractProblemLoader Replaying proof implicitNullStringConversion2.key.proof 
65392      DEBUG main            d.u.i.k.p.i.IntermediateProofReplayer Proof replay took 31.01ms 
65394      DEBUG main            d.u.i.k.p.r.p.TestFile    ... success: reloaded. 
65395      INFO  main            d.u.i.k.p.r.p.TestFile    Now processing file /home/runner/work/key/key/key.core/../key.ui/examples/standard_key/strings/implicitObjectStringConversion.key 
65396      INFO  main            d.u.i.k.p.i.AbstractProblemLoader Loading environment from /home/runner/work/key/key/key.core/../key.ui/examples/standard_key/strings/implicitObjectStringConversion.key 
65396      DEBUG main            d.u.i.k.p.i.AbstractProblemLoader Environment load took 86.2ns 
65398      INFO  main            d.u.i.k.p.i.AbstractProblemLoader Creating init config 
68014      DEBUG main            d.u.i.k.p.i.AbstractProblemLoader Init config took 2.62s 
68029      INFO  main            d.u.i.k.p.i.AbstractProblemLoader Replaying proof implicitObjectStringConversion.key 
68031      DEBUG main            d.u.i.k.p.i.IntermediateProofReplayer Proof replay took 6.9ns 
68536      INFO  main            d.u.i.k.p.r.p.TestFile    ... finished proof: closed. 
68722      INFO  main            d.u.i.k.p.i.AbstractProblemLoader Loading environment from /home/runner/work/key/key/key.core/../key.ui/examples/standard_key/strings/implicitObjectStringConversion.key.proof 
68723      DEBUG main            d.u.i.k.p.i.AbstractProblemLoader Environment load took 1.06ms 
68725      INFO  main            d.u.i.k.p.i.AbstractProblemLoader Creating init config 
71277      DEBUG main            d.u.i.k.p.i.AbstractProblemLoader Init config took 2.55s 
71296      INFO  main            d.u.i.k.p.i.AbstractProblemLoader Replaying proof implicitObjectStringConversion.key.proof 
71364      DEBUG main            d.u.i.k.p.i.IntermediateProofReplayer Proof replay took 65.12ms 
71365      DEBUG main            d.u.i.k.p.r.p.TestFile    ... success: reloaded. 
71370      INFO  main            d.u.i.k.p.r.p.TestFile    Now processing file /home/runner/work/key/key/key.core/../key.ui/examples/standard_key/strings/literalEquality.key 
71370      INFO  main            d.u.i.k.p.i.AbstractProblemLoader Loading environment from /home/runner/work/key/key/key.core/../key.ui/examples/standard_key/strings/literalEquality.key 
71370      DEBUG main            d.u.i.k.p.i.AbstractProblemLoader Environment load took 100.6ns 
71371      INFO  main            d.u.i.k.p.i.AbstractProblemLoader Creating init config 
73775      DEBUG main            d.u.i.k.p.i.AbstractProblemLoader Init config took 2.4s 
73790      INFO  main            d.u.i.k.p.i.AbstractProblemLoader Replaying proof literalEquality.key 
73791      DEBUG main            d.u.i.k.p.i.IntermediateProofReplayer Proof replay took 5.5ns 
73893      INFO  main            d.u.i.k.p.r.p.TestFile    ... finished proof: closed. 
74070      INFO  main            d.u.i.k.p.i.AbstractProblemLoader Loading environment from /home/runner/work/key/key/key.core/../key.ui/examples/standard_key/strings/literalEquality.key.proof 
74071      DEBUG main            d.u.i.k.p.i.AbstractProblemLoader Environment load took 100ns 
74072      INFO  main            d.u.i.k.p.i.AbstractProblemLoader Creating init config 
76429      DEBUG main            d.u.i.k.p.i.AbstractProblemLoader Init config took 2.36s 
76443      INFO  main            d.u.i.k.p.i.AbstractProblemLoader Replaying proof literalEquality.key.proof 
76447      DEBUG main            d.u.i.k.p.i.IntermediateProofReplayer Proof replay took 2.24ms 
76448      DEBUG main            d.u.i.k.p.r.p.TestFile    ... success: reloaded. 
76450      INFO  main            d.u.i.k.p.r.p.TestFile    Now processing file /home/runner/work/key/key/key.core/../key.ui/examples/standard_key/strings/replace0.key 
76450      INFO  main            d.u.i.k.p.i.AbstractProblemLoader Loading environment from /home/runner/work/key/key/key.core/../key.ui/examples/standard_key/strings/replace0.key 
76450      DEBUG main            d.u.i.k.p.i.AbstractProblemLoader Environment load took 146.1ns 
76451      INFO  main            d.u.i.k.p.i.AbstractProblemLoader Creating init config 
78812      DEBUG main            d.u.i.k.p.i.AbstractProblemLoader Init config took 2.36s 
78825      INFO  main            d.u.i.k.p.i.AbstractProblemLoader Replaying proof replace0.key 
78826      DEBUG main            d.u.i.k.p.i.IntermediateProofReplayer Proof replay took 5.2ns 
78929      INFO  main            d.u.i.k.p.r.p.TestFile    ... finished proof: closed. 
79121      INFO  main            d.u.i.k.p.i.AbstractProblemLoader Loading environment from /home/runner/work/key/key/key.core/../key.ui/examples/standard_key/strings/replace0.key.proof 
79121      DEBUG main            d.u.i.k.p.i.AbstractProblemLoader Environment load took 102.5ns 
79122      INFO  main            d.u.i.k.p.i.AbstractProblemLoader Creating init config 
81436      DEBUG main            d.u.i.k.p.i.AbstractProblemLoader Init config took 2.31s 
81459      INFO  main            d.u.i.k.p.i.AbstractProblemLoader Replaying proof replace0.key.proof 
81465      DEBUG main            d.u.i.k.p.i.IntermediateProofReplayer Proof replay took 4.11ms 
81466      DEBUG main            d.u.i.k.p.r.p.TestFile    ... success: reloaded. 
81467      INFO  main            d.u.i.k.p.r.p.TestFile    Now processing file /home/runner/work/key/key/key.core/../key.ui/examples/standard_key/strings/replace1.key 
81468      INFO  main            d.u.i.k.p.i.AbstractProblemLoader Loading environment from /home/runner/work/key/key/key.core/../key.ui/examples/standard_key/strings/replace1.key 
81468      DEBUG main            d.u.i.k.p.i.AbstractProblemLoader Environment load took 149.5ns 
81469      INFO  main            d.u.i.k.p.i.AbstractProblemLoader Creating init config 
83840      DEBUG main            d.u.i.k.p.i.AbstractProblemLoader Init config took 2.37s 
83853      INFO  main            d.u.i.k.p.i.AbstractProblemLoader Replaying proof replace1.key 
83854      DEBUG main            d.u.i.k.p.i.IntermediateProofReplayer Proof replay took 6.6ns 
83957      INFO  main            d.u.i.k.p.r.p.TestFile    ... finished proof: closed. 
84147      INFO  main            d.u.i.k.p.i.AbstractProblemLoader Loading environment from /home/runner/work/key/key/key.core/../key.ui/examples/standard_key/strings/replace1.key.proof 
84148      DEBUG main            d.u.i.k.p.i.AbstractProblemLoader Environment load took 104.7ns 
84149      INFO  main            d.u.i.k.p.i.AbstractProblemLoader Creating init config 
86474      DEBUG main            d.u.i.k.p.i.AbstractProblemLoader Init config took 2.33s 
86487      INFO  main            d.u.i.k.p.i.AbstractProblemLoader Replaying proof replace1.key.proof 
86494      DEBUG main            d.u.i.k.p.i.IntermediateProofReplayer Proof replay took 4.43ms 
86495      DEBUG main            d.u.i.k.p.r.p.TestFile    ... success: reloaded. 
86500      INFO  main            d.u.i.k.p.r.p.TestFile    Now processing file /home/runner/work/key/key/key.core/../key.ui/examples/standard_key/strings/simpleAssignment.key 
86501      INFO  main            d.u.i.k.p.i.AbstractProblemLoader Loading environment from /home/runner/work/key/key/key.core/../key.ui/examples/standard_key/strings/simpleAssignment.key 
86501      DEBUG main            d.u.i.k.p.i.AbstractProblemLoader Environment load took 173.1ns 
86502      INFO  main            d.u.i.k.p.i.AbstractProblemLoader Creating init config 
88884      DEBUG main            d.u.i.k.p.i.AbstractProblemLoader Init config took 2.38s 
88898      INFO  main            d.u.i.k.p.i.AbstractProblemLoader Replaying proof simpleAssignment.key 
88899      DEBUG main            d.u.i.k.p.i.IntermediateProofReplayer Proof replay took 6.4ns 
89001      INFO  main            d.u.i.k.p.r.p.TestFile    ... finished proof: closed. 
89193      INFO  main            d.u.i.k.p.i.AbstractProblemLoader Loading environment from /home/runner/work/key/key/key.core/../key.ui/examples/standard_key/strings/simpleAssignment.key.proof 
89193      DEBUG main            d.u.i.k.p.i.AbstractProblemLoader Environment load took 100.9ns 
89194      INFO  main            d.u.i.k.p.i.AbstractProblemLoader Creating init config 
91551      DEBUG main            d.u.i.k.p.i.AbstractProblemLoader Init config took 2.36s 
91567      INFO  main            d.u.i.k.p.i.AbstractProblemLoader Replaying proof simpleAssignment.key.proof 
91570      DEBUG main            d.u.i.k.p.i.IntermediateProofReplayer Proof replay took 1.27ms 
91571      DEBUG main            d.u.i.k.p.r.p.TestFile    ... success: reloaded. 
91573      INFO  main            d.u.i.k.p.r.p.TestFile    Now processing file /home/runner/work/key/key/key.core/../key.ui/examples/standard_key/strings/simpleLengthComp.key 
91573      INFO  main            d.u.i.k.p.i.AbstractProblemLoader Loading environment from /home/runner/work/key/key/key.core/../key.ui/examples/standard_key/strings/simpleLengthComp.key 
91573      DEBUG main            d.u.i.k.p.i.AbstractProblemLoader Environment load took 153ns 
91575      INFO  main            d.u.i.k.p.i.AbstractProblemLoader Creating init config 
93933      DEBUG main            d.u.i.k.p.i.AbstractProblemLoader Init config took 2.36s 
93947      INFO  main            d.u.i.k.p.i.AbstractProblemLoader Replaying proof simpleLengthComp.key 
93949      DEBUG main            d.u.i.k.p.i.IntermediateProofReplayer Proof replay took 7.6ns 
94152      INFO  main            d.u.i.k.p.r.p.TestFile    ... finished proof: closed. 
94377      INFO  main            d.u.i.k.p.i.AbstractProblemLoader Loading environment from /home/runner/work/key/key/key.core/../key.ui/examples/standard_key/strings/simpleLengthComp.key.proof 
94377      DEBUG main            d.u.i.k.p.i.AbstractProblemLoader Environment load took 129ns 
94378      INFO  main            d.u.i.k.p.i.AbstractProblemLoader Creating init config 
96708      DEBUG main            d.u.i.k.p.i.AbstractProblemLoader Init config took 2.33s 
96722      INFO  main            d.u.i.k.p.i.AbstractProblemLoader Replaying proof simpleLengthComp.key.proof 
96739      DEBUG main            d.u.i.k.p.i.IntermediateProofReplayer Proof replay took 14.02ms 
96740      DEBUG main            d.u.i.k.p.r.p.TestFile    ... success: reloaded. 
96742      INFO  main            d.u.i.k.p.r.p.TestFile    Now processing file /home/runner/work/key/key/key.core/../key.ui/examples/standard_key/strings/stringCompileTimeConstant1.key 
96742      INFO  main            d.u.i.k.p.i.AbstractProblemLoader Loading environment from /home/runner/work/key/key/key.core/../key.ui/examples/standard_key/strings/stringCompileTimeConstant1.key 
96743      DEBUG main            d.u.i.k.p.i.AbstractProblemLoader Environment load took 151.3ns 
96743      INFO  main            d.u.i.k.p.i.AbstractProblemLoader Creating init config 
99143      DEBUG main            d.u.i.k.p.i.AbstractProblemLoader Init config took 2.4s 
99157      INFO  main            d.u.i.k.p.i.AbstractProblemLoader Replaying proof stringCompileTimeConstant1.key 
99158      DEBUG main            d.u.i.k.p.i.IntermediateProofReplayer Proof replay took 6.6ns 
99264      INFO  main            d.u.i.k.p.r.p.TestFile    ... finished proof: closed. 
99468      INFO  main            d.u.i.k.p.i.AbstractProblemLoader Loading environment from /home/runner/work/key/key/key.core/../key.ui/examples/standard_key/strings/stringCompileTimeConstant1.key.proof 
99468      DEBUG main            d.u.i.k.p.i.AbstractProblemLoader Environment load took 90.2ns 
99469      INFO  main            d.u.i.k.p.i.AbstractProblemLoader Creating init config 
101836     DEBUG main            d.u.i.k.p.i.AbstractProblemLoader Init config took 2.37s 
101850     INFO  main            d.u.i.k.p.i.AbstractProblemLoader Replaying proof stringCompileTimeConstant1.key.proof 
101855     DEBUG main            d.u.i.k.p.i.IntermediateProofReplayer Proof replay took 2.92ms 
101856     DEBUG main            d.u.i.k.p.r.p.TestFile    ... success: reloaded. 
101858     INFO  main            d.u.i.k.p.r.p.TestFile    Now processing file /home/runner/work/key/key/key.core/../key.ui/examples/standard_key/strings/stringCompileTimeConstant2.key 
101858     INFO  main            d.u.i.k.p.i.AbstractProblemLoader Loading environment from /home/runner/work/key/key/key.core/../key.ui/examples/standard_key/strings/stringCompileTimeConstant2.key 
101858     DEBUG main            d.u.i.k.p.i.AbstractProblemLoader Environment load took 152.9ns 
101859     INFO  main            d.u.i.k.p.i.AbstractProblemLoader Creating init config 
104442     DEBUG main            d.u.i.k.p.i.AbstractProblemLoader Init config took 2.58s 
104457     INFO  main            d.u.i.k.p.i.AbstractProblemLoader Replaying proof stringCompileTimeConstant2.key 
104459     DEBUG main            d.u.i.k.p.i.IntermediateProofReplayer Proof replay took 6.9ns 
107170     INFO  main            d.u.i.k.p.r.p.TestFile    ... finished proof: closed. 
107427     INFO  main            d.u.i.k.p.i.AbstractProblemLoader Loading environment from /home/runner/work/key/key/key.core/../key.ui/examples/standard_key/strings/stringCompileTimeConstant2.key.proof 
107428     DEBUG main            d.u.i.k.p.i.AbstractProblemLoader Environment load took 930.9ns 
107429     INFO  main            d.u.i.k.p.i.AbstractProblemLoader Creating init config 
109897     DEBUG main            d.u.i.k.p.i.AbstractProblemLoader Init config took 2.47s 
109911     INFO  main            d.u.i.k.p.i.AbstractProblemLoader Replaying proof stringCompileTimeConstant2.key.proof 
110200     DEBUG main            d.u.i.k.p.i.IntermediateProofReplayer Proof replay took 278.45ms 
110202     DEBUG main            d.u.i.k.p.r.p.TestFile    ... success: reloaded. 
110204     INFO  main            d.u.i.k.p.r.p.TestFile    Now processing file /home/runner/work/key/key/key.core/../key.ui/examples/standard_key/strings/stringEquality1.key 
110205     INFO  main            d.u.i.k.p.i.AbstractProblemLoader Loading environment from /home/runner/work/key/key/key.core/../key.ui/examples/standard_key/strings/stringEquality1.key 
110205     DEBUG main            d.u.i.k.p.i.AbstractProblemLoader Environment load took 189.7ns 
110206     INFO  main            d.u.i.k.p.i.AbstractProblemLoader Creating init config 
112594     DEBUG main            d.u.i.k.p.i.AbstractProblemLoader Init config took 2.39s 
112607     INFO  main            d.u.i.k.p.i.AbstractProblemLoader Replaying proof stringEquality1.key 
112608     DEBUG main            d.u.i.k.p.i.IntermediateProofReplayer Proof replay took 5.9ns 
112710     INFO  main            d.u.i.k.p.r.p.TestFile    ... finished proof: closed. 
112965     INFO  main            d.u.i.k.p.i.AbstractProblemLoader Loading environment from /home/runner/work/key/key/key.core/../key.ui/examples/standard_key/strings/stringEquality1.key.proof 
112965     DEBUG main            d.u.i.k.p.i.AbstractProblemLoader Environment load took 138.8ns 
112966     INFO  main            d.u.i.k.p.i.AbstractProblemLoader Creating init config 
115261     DEBUG main            d.u.i.k.p.i.AbstractProblemLoader Init config took 2.29s 
115274     INFO  main            d.u.i.k.p.i.AbstractProblemLoader Replaying proof stringEquality1.key.proof 
115288     DEBUG main            d.u.i.k.p.i.IntermediateProofReplayer Proof replay took 11.25ms 
115290     DEBUG main            d.u.i.k.p.r.p.TestFile    ... success: reloaded. 
115292     INFO  main            d.u.i.k.p.r.p.TestFile    Now processing file /home/runner/work/key/key/key.core/../key.ui/examples/standard_key/strings/stringEquality2.key 
115292     INFO  main            d.u.i.k.p.i.AbstractProblemLoader Loading environment from /home/runner/work/key/key/key.core/../key.ui/examples/standard_key/strings/stringEquality2.key 
115292     DEBUG main            d.u.i.k.p.i.AbstractProblemLoader Environment load took 151ns 
115295     INFO  main            d.u.i.k.p.i.AbstractProblemLoader Creating init config 
117688     DEBUG main            d.u.i.k.p.i.AbstractProblemLoader Init config took 2.39s 
117701     INFO  main            d.u.i.k.p.i.AbstractProblemLoader Replaying proof stringEquality2.key 
117702     DEBUG main            d.u.i.k.p.i.IntermediateProofReplayer Proof replay took 5.8ns 
118106     INFO  main            d.u.i.k.p.r.p.TestFile    ... finished proof: closed. 
118387     INFO  main            d.u.i.k.p.i.AbstractProblemLoader Loading environment from /home/runner/work/key/key/key.core/../key.ui/examples/standard_key/strings/stringEquality2.key.proof 
118388     DEBUG main            d.u.i.k.p.i.AbstractProblemLoader Environment load took 311.8ns 
118389     INFO  main            d.u.i.k.p.i.AbstractProblemLoader Creating init config 
120737     DEBUG main            d.u.i.k.p.i.AbstractProblemLoader Init config took 2.35s 
120751     INFO  main            d.u.i.k.p.i.AbstractProblemLoader Replaying proof stringEquality2.key.proof 
120798     DEBUG main            d.u.i.k.p.i.IntermediateProofReplayer Proof replay took 43.19ms 
120799     DEBUG main            d.u.i.k.p.r.p.TestFile    ... success: reloaded. 
120801     INFO  main            d.u.i.k.p.r.p.TestFile    Now processing file /home/runner/work/key/key/key.core/../key.ui/examples/standard_key/strings/substring0.key 
120801     INFO  main            d.u.i.k.p.i.AbstractProblemLoader Loading environment from /home/runner/work/key/key/key.core/../key.ui/examples/standard_key/strings/substring0.key 
120801     DEBUG main            d.u.i.k.p.i.AbstractProblemLoader Environment load took 147.9ns 
120802     INFO  main            d.u.i.k.p.i.AbstractProblemLoader Creating init config 
123173     DEBUG main            d.u.i.k.p.i.AbstractProblemLoader Init config took 2.37s 
123185     INFO  main            d.u.i.k.p.i.AbstractProblemLoader Replaying proof substring0.key 
123186     DEBUG main            d.u.i.k.p.i.IntermediateProofReplayer Proof replay took 15.6ns 
123292     INFO  main            d.u.i.k.p.r.p.TestFile    ... finished proof: closed. 
123517     INFO  main            d.u.i.k.p.i.AbstractProblemLoader Loading environment from /home/runner/work/key/key/key.core/../key.ui/examples/standard_key/strings/substring0.key.proof 
123517     DEBUG main            d.u.i.k.p.i.AbstractProblemLoader Environment load took 86.7ns 
123518     INFO  main            d.u.i.k.p.i.AbstractProblemLoader Creating init config 
125815     DEBUG main            d.u.i.k.p.i.AbstractProblemLoader Init config took 2.3s 
125830     INFO  main            d.u.i.k.p.i.AbstractProblemLoader Replaying proof substring0.key.proof 
125832     DEBUG main            d.u.i.k.p.i.IntermediateProofReplayer Proof replay took 361.4ns 
125833     DEBUG main            d.u.i.k.p.r.p.TestFile    ... success: reloaded. 
125837     INFO  main            d.u.i.k.p.r.p.TestFile    Now processing file /home/runner/work/key/key/key.core/../key.ui/examples/standard_key/strings/substring1.key 
125837     INFO  main            d.u.i.k.p.i.AbstractProblemLoader Loading environment from /home/runner/work/key/key/key.core/../key.ui/examples/standard_key/strings/substring1.key 
125837     DEBUG main            d.u.i.k.p.i.AbstractProblemLoader Environment load took 138.7ns 
125839     INFO  main            d.u.i.k.p.i.AbstractProblemLoader Creating init config 
128144     DEBUG main            d.u.i.k.p.i.AbstractProblemLoader Init config took 2.3s 
128158     INFO  main            d.u.i.k.p.i.AbstractProblemLoader Replaying proof substring1.key 
128160     DEBUG main            d.u.i.k.p.i.IntermediateProofReplayer Proof replay took 6.3ns 
128261     INFO  main            d.u.i.k.p.r.p.TestFile    ... finished proof: closed. 
128483     INFO  main            d.u.i.k.p.i.AbstractProblemLoader Loading environment from /home/runner/work/key/key/key.core/../key.ui/examples/standard_key/strings/substring1.key.proof 
128483     DEBUG main            d.u.i.k.p.i.AbstractProblemLoader Environment load took 105.4ns 
128484     INFO  main            d.u.i.k.p.i.AbstractProblemLoader Creating init config 
130760     DEBUG main            d.u.i.k.p.i.AbstractProblemLoader Init config took 2.28s 
130772     INFO  main            d.u.i.k.p.i.AbstractProblemLoader Replaying proof substring1.key.proof 
130774     DEBUG main            d.u.i.k.p.i.IntermediateProofReplayer Proof replay took 347.4ns 
130775     DEBUG main            d.u.i.k.p.r.p.TestFile    ... success: reloaded. 
130776     INFO  main            d.u.i.k.p.r.p.TestFile    Now processing file /home/runner/work/key/key/key.core/../key.ui/examples/standard_key/strings/substring2.key 
130776     INFO  main            d.u.i.k.p.i.AbstractProblemLoader Loading environment from /home/runner/work/key/key/key.core/../key.ui/examples/standard_key/strings/substring2.key 
130776     DEBUG main            d.u.i.k.p.i.AbstractProblemLoader Environment load took 77.4ns 
130777     INFO  main            d.u.i.k.p.i.AbstractProblemLoader Creating init config 
133101     DEBUG main            d.u.i.k.p.i.AbstractProblemLoader Init config took 2.32s 
133113     INFO  main            d.u.i.k.p.i.AbstractProblemLoader Replaying proof substring2.key 
133114     DEBUG main            d.u.i.k.p.i.IntermediateProofReplayer Proof replay took 6.6ns 
133216     INFO  main            d.u.i.k.p.r.p.TestFile    ... finished proof: closed. 
133439     INFO  main            d.u.i.k.p.i.AbstractProblemLoader Loading environment from /home/runner/work/key/key/key.core/../key.ui/examples/standard_key/strings/substring2.key.proof 
133439     DEBUG main            d.u.i.k.p.i.AbstractProblemLoader Environment load took 90.5ns 
133440     INFO  main            d.u.i.k.p.i.AbstractProblemLoader Creating init config 
135711     DEBUG main            d.u.i.k.p.i.AbstractProblemLoader Init config took 2.27s 
135724     INFO  main            d.u.i.k.p.i.AbstractProblemLoader Replaying proof substring2.key.proof 
135726     DEBUG main            d.u.i.k.p.i.IntermediateProofReplayer Proof replay took 714.4ns 
135727     DEBUG main            d.u.i.k.p.r.p.TestFile    ... success: reloaded. 
135729     INFO  main            d.u.i.k.p.r.p.TestFile    Now processing file /home/runner/work/key/key/key.core/../key.ui/examples/standard_key/strings/substring3.key 
135729     INFO  main            d.u.i.k.p.i.AbstractProblemLoader Loading environment from /home/runner/work/key/key/key.core/../key.ui/examples/standard_key/strings/substring3.key 
135729     DEBUG main            d.u.i.k.p.i.AbstractProblemLoader Environment load took 140.7ns 
135730     INFO  main            d.u.i.k.p.i.AbstractProblemLoader Creating init config 
138080     DEBUG main            d.u.i.k.p.i.AbstractProblemLoader Init config took 2.35s 
138092     INFO  main            d.u.i.k.p.i.AbstractProblemLoader Replaying proof substring3.key 
138093     DEBUG main            d.u.i.k.p.i.IntermediateProofReplayer Proof replay took 5.9ns 
138195     INFO  main            d.u.i.k.p.r.p.TestFile    ... finished proof: closed. 
138422     INFO  main            d.u.i.k.p.i.AbstractProblemLoader Loading environment from /home/runner/work/key/key/key.core/../key.ui/examples/standard_key/strings/substring3.key.proof 
138422     DEBUG main            d.u.i.k.p.i.AbstractProblemLoader Environment load took 90.6ns 
138423     INFO  main            d.u.i.k.p.i.AbstractProblemLoader Creating init config 
140700     DEBUG main            d.u.i.k.p.i.AbstractProblemLoader Init config took 2.28s 
140712     INFO  main            d.u.i.k.p.i.AbstractProblemLoader Replaying proof substring3.key.proof 
140716     DEBUG main            d.u.i.k.p.i.IntermediateProofReplayer Proof replay took 2.06ms 
140717     DEBUG main            d.u.i.k.p.r.p.TestFile    ... success: reloaded. 
140718     INFO  main            d.u.i.k.p.r.p.TestFile    Now processing file /home/runner/work/key/key/key.core/../key.ui/examples/standard_key/strings/substring4.key 
140718     INFO  main            d.u.i.k.p.i.AbstractProblemLoader Loading environment from /home/runner/work/key/key/key.core/../key.ui/examples/standard_key/strings/substring4.key 
140718     DEBUG main            d.u.i.k.p.i.AbstractProblemLoader Environment load took 242.6ns 
140719     INFO  main            d.u.i.k.p.i.AbstractProblemLoader Creating init config 
143027     DEBUG main            d.u.i.k.p.i.AbstractProblemLoader Init config took 2.31s 
143040     INFO  main            d.u.i.k.p.i.AbstractProblemLoader Replaying proof substring4.key 
143041     DEBUG main            d.u.i.k.p.i.IntermediateProofReplayer Proof replay took 6.5ns 
143144     INFO  main            d.u.i.k.p.r.p.TestFile    ... finished proof: closed. 
143381     INFO  main            d.u.i.k.p.i.AbstractProblemLoader Loading environment from /home/runner/work/key/key/key.core/../key.ui/examples/standard_key/strings/substring4.key.proof 
143381     DEBUG main            d.u.i.k.p.i.AbstractProblemLoader Environment load took 91.4ns 
143382     INFO  main            d.u.i.k.p.i.AbstractProblemLoader Creating init config 
145681     DEBUG main            d.u.i.k.p.i.AbstractProblemLoader Init config took 2.3s 
145695     INFO  main            d.u.i.k.p.i.AbstractProblemLoader Replaying proof substring4.key.proof 
145699     DEBUG main            d.u.i.k.p.i.IntermediateProofReplayer Proof replay took 2.73ms 
145700     DEBUG main            d.u.i.k.p.r.p.TestFile    ... success: reloaded. 
145701     INFO  main            d.u.i.k.p.r.p.TestFile    Now processing file /home/runner/work/key/key/key.core/../key.ui/examples/standard_key/strings/substring5.key 
145702     INFO  main            d.u.i.k.p.i.AbstractProblemLoader Loading environment from /home/runner/work/key/key/key.core/../key.ui/examples/standard_key/strings/substring5.key 
145702     DEBUG main            d.u.i.k.p.i.AbstractProblemLoader Environment load took 66.9ns 
145702     INFO  main            d.u.i.k.p.i.AbstractProblemLoader Creating init config 
148040     DEBUG main            d.u.i.k.p.i.AbstractProblemLoader Init config took 2.34s 
148052     INFO  main            d.u.i.k.p.i.AbstractProblemLoader Replaying proof substring5.key 
148053     DEBUG main            d.u.i.k.p.i.IntermediateProofReplayer Proof replay took 5.9ns 
148257     INFO  main            d.u.i.k.p.r.p.TestFile    ... finished proof: closed. 
148507     INFO  main            d.u.i.k.p.i.AbstractProblemLoader Loading environment from /home/runner/work/key/key/key.core/../key.ui/examples/standard_key/strings/substring5.key.proof 
148507     DEBUG main            d.u.i.k.p.i.AbstractProblemLoader Environment load took 87.6ns 
148508     INFO  main            d.u.i.k.p.i.AbstractProblemLoader Creating init config 
150795     DEBUG main            d.u.i.k.p.i.AbstractProblemLoader Init config took 2.29s 
150807     INFO  main            d.u.i.k.p.i.AbstractProblemLoader Replaying proof substring5.key.proof 
150834     DEBUG main            d.u.i.k.p.i.IntermediateProofReplayer Proof replay took 23.23ms 
150835     DEBUG main            d.u.i.k.p.r.p.TestFile    ... success: reloaded. 
3909870    INFO  Test worker     d.u.i.k.p.r.RunAllProofsTestUnit Returning from test strings 
3909871    INFO  Test worker     d.u.i.k.p.r.RunAllProofsTestUnit Running test simple_info_flow 
354        INFO  Timeout watchdog d.u.i.k.p.r.p.ForkedTestFileRunner Timeout watcher launched (2000 secs.) 
385        WARN  main            d.u.i.k.s.ProofSettings   The settings in /home/runner/.key/proof-settings.props are *not* read. 
442        INFO  main            d.u.i.k.p.r.p.TestFile    Now processing file /home/runner/work/key/key/key.core/../key.ui/examples/heap/information_flow/UpdateAbstraction_ex7_1_insecure.key 
590        INFO  main            d.u.i.k.p.i.AbstractProblemLoader Loading environment from /home/runner/work/key/key/key.core/../key.ui/examples/heap/information_flow/UpdateAbstraction_ex7_1_insecure.key 
608        DEBUG main            d.u.i.k.p.i.AbstractProblemLoader Environment load took 3.52ms 
833        INFO  main            d.u.i.k.p.i.AbstractProblemLoader Creating init config 
1633       DEBUG main            d.u.i.k.j.TypeConverter   No LDT found for Meta 
1638       DEBUG main            d.u.i.k.j.TypeConverter   No LDT found for Meta 
1642       DEBUG main            d.u.i.k.j.TypeConverter   No LDT found for Meta 
1642       DEBUG main            d.u.i.k.j.TypeConverter   No LDT found for Meta 
2962       DEBUG main            d.u.i.k.j.TypeConverter   No LDT found for JavaBigintExpression 
8365       DEBUG main            d.u.i.k.p.i.AbstractProblemLoader Init config took 7.53s 
8488       INFO  main            d.u.i.k.p.i.AbstractProblemLoader Replaying proof UpdateAbstraction[UpdateAbstraction::ex7_1_insecure()].JML operation contract.0 
8522       DEBUG main            d.u.i.k.p.i.IntermediateProofReplayer Proof replay took 34.2ns 
9201       INFO  main            d.u.i.k.p.r.p.TestFile    ... finished proof: open goal(s) 
9308       INFO  main            d.u.i.k.p.r.p.TestFile    Now processing file /home/runner/work/key/key/key.core/../key.ui/examples/heap/information_flow/UpdateAbstraction_ex7_2_insecure.key 
9308       INFO  main            d.u.i.k.p.i.AbstractProblemLoader Loading environment from /home/runner/work/key/key/key.core/../key.ui/examples/heap/information_flow/UpdateAbstraction_ex7_2_insecure.key 
9310       DEBUG main            d.u.i.k.p.i.AbstractProblemLoader Environment load took 1.27ms 
9313       INFO  main            d.u.i.k.p.i.AbstractProblemLoader Creating init config 
12351      DEBUG main            d.u.i.k.p.i.AbstractProblemLoader Init config took 3.04s 
12424      INFO  main            d.u.i.k.p.i.AbstractProblemLoader Replaying proof UpdateAbstraction[UpdateAbstraction::ex7_2_insecure()].JML operation contract.0 
12431      DEBUG main            d.u.i.k.p.i.IntermediateProofReplayer Proof replay took 6.5ns 
12839      INFO  main            d.u.i.k.p.r.p.TestFile    ... finished proof: open goal(s) 
3922994    INFO  Test worker     d.u.i.k.p.r.RunAllProofsTestUnit Returning from test simple_info_flow 
3922995    INFO  Test worker     d.u.i.k.p.r.RunAllProofsTestUnit Running test modelMethods 
322        INFO  Timeout watchdog d.u.i.k.p.r.p.ForkedTestFileRunner Timeout watcher launched (2000 secs.) 
331        WARN  main            d.u.i.k.s.ProofSettings   The settings in /home/runner/.key/proof-settings.props are *not* read. 
384        INFO  main            d.u.i.k.p.r.p.TestFile    Now processing file /home/runner/work/key/key/key.core/../key.ui/examples/heap/model_methods/Cell_footprint_acc.key 
498        INFO  main            d.u.i.k.p.i.AbstractProblemLoader Loading environment from /home/runner/work/key/key/key.core/../key.ui/examples/heap/model_methods/Cell_footprint_acc.key 
518        DEBUG main            d.u.i.k.p.i.AbstractProblemLoader Environment load took 1.74ms 
726        INFO  main            d.u.i.k.p.i.AbstractProblemLoader Creating init config 
1462       DEBUG main            d.u.i.k.j.TypeConverter   No LDT found for Meta 
1463       DEBUG main            d.u.i.k.j.TypeConverter   No LDT found for Meta 
1464       DEBUG main            d.u.i.k.j.TypeConverter   No LDT found for Meta 
1464       DEBUG main            d.u.i.k.j.TypeConverter   No LDT found for Meta 
2761       DEBUG main            d.u.i.k.j.TypeConverter   No LDT found for JavaBigintExpression 
8480       DEBUG main            d.u.i.k.p.i.AbstractProblemLoader Init config took 7.75s 
8640       INFO  main            d.u.i.k.p.i.AbstractProblemLoader Replaying proof Cell[Cell::footprint()].JML accessible clause.0 
8702       DEBUG main            d.u.i.k.p.i.IntermediateProofReplayer Proof replay took 32.9ns 
9151       INFO  main            d.u.i.k.p.r.p.TestFile    ... finished proof: closed. 
9249       INFO  main            d.u.i.k.p.i.AbstractProblemLoader Loading environment from /home/runner/work/key/key/key.core/../key.ui/examples/heap/model_methods/Cell_footprint_acc.key.proof 
9249       DEBUG main            d.u.i.k.p.i.AbstractProblemLoader Environment load took 362.8ns 
9252       INFO  main            d.u.i.k.p.i.AbstractProblemLoader Creating init config 
12225      DEBUG main            d.u.i.k.p.i.AbstractProblemLoader Init config took 2.97s 
12290      INFO  main            d.u.i.k.p.i.AbstractProblemLoader Replaying proof Cell[Cell::footprint()].JML accessible clause.0 
12355      DEBUG main            d.u.i.k.p.i.IntermediateProofReplayer Proof replay took 57.78ms 
12356      WARN  main            d.u.i.k.p.r.p.TestFile    Replay exception de.uka.ilkd.key.proof.io.ProblemLoaderException: Error loading proof.
Line 121, goal 31, rule Class_invariant_axiom_for_Cell not available or not applicable in this context.
	at de.uka.ilkd.key.proof.io.IntermediateProofReplayer.reportError(IntermediateProofReplayer.java:782)
Caused by: java.lang.IndexOutOfBoundsException: Index: 1, Size: 1
	at java.base/java.util.LinkedList.checkElementIndex(LinkedList.java:559)

12358      WARN  main            d.u.i.k.p.r.p.TestFile    Replay exception de.uka.ilkd.key.proof.io.ProblemLoaderException: Error loading proof.
Line 123, goal 34, rule Definition_axiom_for_footprint_in_Cell not available or not applicable in this context.
	at de.uka.ilkd.key.proof.io.IntermediateProofReplayer.reportError(IntermediateProofReplayer.java:782)
Caused by: java.lang.IndexOutOfBoundsException: Index: 1, Size: 1
	at java.base/java.util.LinkedList.checkElementIndex(LinkedList.java:559)

12358      WARN  main            d.u.i.k.p.r.p.TestFile    Replay exception de.uka.ilkd.key.proof.io.ProblemLoaderException: Error loading proof.
Line 153, goal 65, rule Definition_axiom_for_footprint_in_Cell not available or not applicable in this context.
	at de.uka.ilkd.key.proof.io.IntermediateProofReplayer.reportError(IntermediateProofReplayer.java:782)
Caused by: java.lang.IndexOutOfBoundsException: Index: 1, Size: 1
	at java.base/java.util.LinkedList.checkElementIndex(LinkedList.java:559)

12359      WARN  main            d.u.i.k.p.r.p.TestFile    Replay exception de.uka.ilkd.key.proof.io.ProblemLoaderException: Error loading proof.
Line 163, goal 76, rule Definition_axiom_for_footprint_in_Cell not available or not applicable in this context.
	at de.uka.ilkd.key.proof.io.IntermediateProofReplayer.reportError(IntermediateProofReplayer.java:782)
Caused by: java.lang.IndexOutOfBoundsException: Index: 1, Size: 1
	at java.base/java.util.LinkedList.checkElementIndex(LinkedList.java:559)

12359      WARN  main            d.u.i.k.p.r.p.TestFile    Replay exception de.uka.ilkd.key.proof.io.ProblemLoaderException: Error loading proof.
Line 167, goal 81, rule Definition_axiom_for_footprint_in_Cell not available or not applicable in this context.
	at de.uka.ilkd.key.proof.io.IntermediateProofReplayer.reportError(IntermediateProofReplayer.java:782)
Caused by: java.lang.IndexOutOfBoundsException: Index: 1, Size: 1
	at java.base/java.util.LinkedList.checkElementIndex(LinkedList.java:559)

12359      WARN  main            d.u.i.k.p.r.p.TestFile    Replay exception de.uka.ilkd.key.proof.io.ProblemLoaderException: Error loading proof.
Line 171, goal 86, rule Definition_axiom_for_footprint_in_Cell not available or not applicable in this context.
	at de.uka.ilkd.key.proof.io.IntermediateProofReplayer.reportError(IntermediateProofReplayer.java:782)
Caused by: java.lang.IndexOutOfBoundsException: Index: 1, Size: 1
	at java.base/java.util.LinkedList.checkElementIndex(LinkedList.java:559)

12364      DEBUG main            d.u.i.k.p.r.p.TestFile    Exception java.lang.Exception: Exception while loading proof (see cause for details): /home/runner/work/key/key/key.core/../key.ui/examples/heap/model_methods/Cell_footprint_acc.key.proof
	at de.uka.ilkd.key.proof.runallproofs.proofcollection.TestFile.reloadProof(TestFile.java:314)
Caused by: de.uka.ilkd.key.proof.io.ProblemLoaderException: Error loading proof.
Line 121, goal 31, rule Class_invariant_axiom_for_Cell not available or not applicable in this context.
	at de.uka.ilkd.key.proof.io.IntermediateProofReplayer.reportError(IntermediateProofReplayer.java:782)
Caused by: java.lang.IndexOutOfBoundsException: Index: 1, Size: 1
	at java.base/java.util.LinkedList.checkElementIndex(LinkedList.java:559)

12365      WARN  main            d.u.i.k.p.r.p.ForkedTestFileRunner Run failed java.lang.Exception: Exception while loading proof (see cause for details): /home/runner/work/key/key/key.core/../key.ui/examples/heap/model_methods/Cell_footprint_acc.key.proof
	at de.uka.ilkd.key.proof.runallproofs.proofcollection.TestFile.reloadProof(TestFile.java:314)
Caused by: de.uka.ilkd.key.proof.io.ProblemLoaderException: Error loading proof.
Line 121, goal 31, rule Class_invariant_axiom_for_Cell not available or not applicable in this context.
	at de.uka.ilkd.key.proof.io.IntermediateProofReplayer.reportError(IntermediateProofReplayer.java:782)
Caused by: java.lang.IndexOutOfBoundsException: Index: 1, Size: 1
	at java.base/java.util.LinkedList.checkElementIndex(LinkedList.java:559)

12368      INFO  main            d.u.i.k.p.r.p.TestFile    Now processing file /home/runner/work/key/key/key.core/../key.ui/examples/heap/model_methods/Cell_footprint.key 
12368      INFO  main            d.u.i.k.p.i.AbstractProblemLoader Loading environment from /home/runner/work/key/key/key.core/../key.ui/examples/heap/model_methods/Cell_footprint.key 
12369      DEBUG main            d.u.i.k.p.i.AbstractProblemLoader Environment load took 166.1ns 
12372      INFO  main            d.u.i.k.p.i.AbstractProblemLoader Creating init config 
15379      DEBUG main            d.u.i.k.p.i.AbstractProblemLoader Init config took 3.01s 
15444      INFO  main            d.u.i.k.p.i.AbstractProblemLoader Replaying proof Cell[Cell::footprint()].JML model_behavior operation contract.0 
15447      DEBUG main            d.u.i.k.p.i.IntermediateProofReplayer Proof replay took 5ns 
15549      INFO  main            d.u.i.k.p.r.p.TestFile    ... finished proof: closed. 
15664      INFO  main            d.u.i.k.p.i.AbstractProblemLoader Loading environment from /home/runner/work/key/key/key.core/../key.ui/examples/heap/model_methods/Cell_footprint.key.proof 
15664      DEBUG main            d.u.i.k.p.i.AbstractProblemLoader Environment load took 110.3ns 
15665      INFO  main            d.u.i.k.p.i.AbstractProblemLoader Creating init config 
18510      DEBUG main            d.u.i.k.p.i.AbstractProblemLoader Init config took 2.84s 
18566      INFO  main            d.u.i.k.p.i.AbstractProblemLoader Replaying proof Cell[Cell::footprint()].JML model_behavior operation contract.0 
18575      DEBUG main            d.u.i.k.p.i.IntermediateProofReplayer Proof replay took 6.78ms 
18577      DEBUG main            d.u.i.k.p.r.p.TestFile    ... success: reloaded. 
18580      INFO  main            d.u.i.k.p.r.p.TestFile    Now processing file /home/runner/work/key/key/key.core/../key.ui/examples/heap/model_methods/Cell_get_acc.key 
18580      INFO  main            d.u.i.k.p.i.AbstractProblemLoader Loading environment from /home/runner/work/key/key/key.core/../key.ui/examples/heap/model_methods/Cell_get_acc.key 
18580      DEBUG main            d.u.i.k.p.i.AbstractProblemLoader Environment load took 154.2ns 
18582      INFO  main            d.u.i.k.p.i.AbstractProblemLoader Creating init config 
21401      DEBUG main            d.u.i.k.p.i.AbstractProblemLoader Init config took 2.82s 
21452      INFO  main            d.u.i.k.p.i.AbstractProblemLoader Replaying proof Cell[Cell::get()].JML accessible clause.0 
21454      DEBUG main            d.u.i.k.p.i.IntermediateProofReplayer Proof replay took 4.8ns 
21662      INFO  main            d.u.i.k.p.r.p.TestFile    ... finished proof: closed. 
21816      INFO  main            d.u.i.k.p.i.AbstractProblemLoader Loading environment from /home/runner/work/key/key/key.core/../key.ui/examples/heap/model_methods/Cell_get_acc.key.proof 
21816      DEBUG main            d.u.i.k.p.i.AbstractProblemLoader Environment load took 125.9ns 
21818      INFO  main            d.u.i.k.p.i.AbstractProblemLoader Creating init config 
24552      DEBUG main            d.u.i.k.p.i.AbstractProblemLoader Init config took 2.73s 
24602      INFO  main            d.u.i.k.p.i.AbstractProblemLoader Replaying proof Cell[Cell::get()].JML accessible clause.0 
24628      DEBUG main            d.u.i.k.p.i.IntermediateProofReplayer Proof replay took 22.69ms 
24628      WARN  main            d.u.i.k.p.r.p.TestFile    Replay exception de.uka.ilkd.key.proof.io.ProblemLoaderException: Error loading proof.
Line 122, goal 32, rule Definition_axiom_for_footprint_in_Cell not available or not applicable in this context.
	at de.uka.ilkd.key.proof.io.IntermediateProofReplayer.reportError(IntermediateProofReplayer.java:782)
Caused by: java.lang.IndexOutOfBoundsException: Index: 1, Size: 1
	at java.base/java.util.LinkedList.checkElementIndex(LinkedList.java:559)

24629      WARN  main            d.u.i.k.p.r.p.TestFile    Replay exception de.uka.ilkd.key.proof.io.ProblemLoaderException: Error loading proof.
Line 123, goal 34, rule Class_invariant_axiom_for_Cell not available or not applicable in this context.
	at de.uka.ilkd.key.proof.io.IntermediateProofReplayer.reportError(IntermediateProofReplayer.java:782)
Caused by: java.lang.IndexOutOfBoundsException: Index: 1, Size: 1
	at java.base/java.util.LinkedList.checkElementIndex(LinkedList.java:559)

24629      WARN  main            d.u.i.k.p.r.p.TestFile    Replay exception de.uka.ilkd.key.proof.io.ProblemLoaderException: Error loading proof.
Line 139, goal 51, rule Definition_axiom_for_footprint_in_Cell not available or not applicable in this context.
	at de.uka.ilkd.key.proof.io.IntermediateProofReplayer.reportError(IntermediateProofReplayer.java:782)
Caused by: java.lang.IndexOutOfBoundsException: Index: 1, Size: 1
	at java.base/java.util.LinkedList.checkElementIndex(LinkedList.java:559)

24630      WARN  main            d.u.i.k.p.r.p.TestFile    Replay exception de.uka.ilkd.key.proof.io.ProblemLoaderException: Error loading proof.
Line 143, goal 56, rule Definition_axiom_for_footprint_in_Cell not available or not applicable in this context.
	at de.uka.ilkd.key.proof.io.IntermediateProofReplayer.reportError(IntermediateProofReplayer.java:782)
Caused by: java.lang.IndexOutOfBoundsException: Index: 1, Size: 1
	at java.base/java.util.LinkedList.checkElementIndex(LinkedList.java:559)

24630      WARN  main            d.u.i.k.p.r.p.TestFile    Replay exception de.uka.ilkd.key.proof.io.ProblemLoaderException: Error loading proof.
Line 155, goal 68, rule One Step Simplification not available or not applicable in this context.
	at de.uka.ilkd.key.proof.io.IntermediateProofReplayer.reportError(IntermediateProofReplayer.java:782)
Caused by: de.uka.ilkd.key.proof.io.IntermediateProofReplayer$BuiltInConstructionException: One Step Simplification is missing. Most probably the binary for this built-in rule is not in your path or you do not have the permission to execute it.
	at de.uka.ilkd.key.proof.io.IntermediateProofReplayer.constructBuiltinApp(IntermediateProofReplayer.java:630)

24631      DEBUG main            d.u.i.k.p.r.p.TestFile    Exception java.lang.Exception: Exception while loading proof (see cause for details): /home/runner/work/key/key/key.core/../key.ui/examples/heap/model_methods/Cell_get_acc.key.proof
	at de.uka.ilkd.key.proof.runallproofs.proofcollection.TestFile.reloadProof(TestFile.java:314)
Caused by: de.uka.ilkd.key.proof.io.ProblemLoaderException: Error loading proof.
Line 122, goal 32, rule Definition_axiom_for_footprint_in_Cell not available or not applicable in this context.
	at de.uka.ilkd.key.proof.io.IntermediateProofReplayer.reportError(IntermediateProofReplayer.java:782)
Caused by: java.lang.IndexOutOfBoundsException: Index: 1, Size: 1
	at java.base/java.util.LinkedList.checkElementIndex(LinkedList.java:559)

24631      WARN  main            d.u.i.k.p.r.p.ForkedTestFileRunner Run failed java.lang.Exception: Exception while loading proof (see cause for details): /home/runner/work/key/key/key.core/../key.ui/examples/heap/model_methods/Cell_get_acc.key.proof
	at de.uka.ilkd.key.proof.runallproofs.proofcollection.TestFile.reloadProof(TestFile.java:314)
Caused by: de.uka.ilkd.key.proof.io.ProblemLoaderException: Error loading proof.
Line 122, goal 32, rule Definition_axiom_for_footprint_in_Cell not available or not applicable in this context.
	at de.uka.ilkd.key.proof.io.IntermediateProofReplayer.reportError(IntermediateProofReplayer.java:782)
Caused by: java.lang.IndexOutOfBoundsException: Index: 1, Size: 1
	at java.base/java.util.LinkedList.checkElementIndex(LinkedList.java:559)

24633      INFO  main            d.u.i.k.p.r.p.TestFile    Now processing file /home/runner/work/key/key/key.core/../key.ui/examples/heap/model_methods/Cell_get.key 
24634      INFO  main            d.u.i.k.p.i.AbstractProblemLoader Loading environment from /home/runner/work/key/key/key.core/../key.ui/examples/heap/model_methods/Cell_get.key 
24634      DEBUG main            d.u.i.k.p.i.AbstractProblemLoader Environment load took 151.9ns 
24635      INFO  main            d.u.i.k.p.i.AbstractProblemLoader Creating init config 
27431      DEBUG main            d.u.i.k.p.i.AbstractProblemLoader Init config took 2.8s 
27480      INFO  main            d.u.i.k.p.i.AbstractProblemLoader Replaying proof Cell[Cell::get()].JML operation contract.0 
27482      DEBUG main            d.u.i.k.p.i.IntermediateProofReplayer Proof replay took 5.4ns 
27584      INFO  main            d.u.i.k.p.r.p.TestFile    ... finished proof: closed. 
27726      INFO  main            d.u.i.k.p.i.AbstractProblemLoader Loading environment from /home/runner/work/key/key/key.core/../key.ui/examples/heap/model_methods/Cell_get.key.proof 
27727      DEBUG main            d.u.i.k.p.i.AbstractProblemLoader Environment load took 138.1ns 
27728      INFO  main            d.u.i.k.p.i.AbstractProblemLoader Creating init config 
30467      DEBUG main            d.u.i.k.p.i.AbstractProblemLoader Init config took 2.74s 
30522      INFO  main            d.u.i.k.p.i.AbstractProblemLoader Replaying proof Cell[Cell::get()].JML operation contract.0 
30540      DEBUG main            d.u.i.k.p.i.IntermediateProofReplayer Proof replay took 13.09ms 
30541      WARN  main            d.u.i.k.p.r.p.TestFile    Replay exception de.uka.ilkd.key.proof.io.ProblemLoaderException: Error loading proof.
Line 103, goal 13, rule Class_invariant_axiom_for_Cell not available or not applicable in this context.
	at de.uka.ilkd.key.proof.io.IntermediateProofReplayer.reportError(IntermediateProofReplayer.java:782)
Caused by: java.lang.IndexOutOfBoundsException: Index: 1, Size: 1
	at java.base/java.util.LinkedList.checkElementIndex(LinkedList.java:559)

30542      WARN  main            d.u.i.k.p.r.p.TestFile    Replay exception de.uka.ilkd.key.proof.io.ProblemLoaderException: Error loading proof.
Line 111, goal 21, rule One Step Simplification not available or not applicable in this context.
	at de.uka.ilkd.key.proof.io.IntermediateProofReplayer.reportError(IntermediateProofReplayer.java:782)
Caused by: de.uka.ilkd.key.proof.io.IntermediateProofReplayer$BuiltInConstructionException: One Step Simplification is missing. Most probably the binary for this built-in rule is not in your path or you do not have the permission to execute it.
	at de.uka.ilkd.key.proof.io.IntermediateProofReplayer.constructBuiltinApp(IntermediateProofReplayer.java:630)

30543      DEBUG main            d.u.i.k.p.r.p.TestFile    Exception java.lang.Exception: Exception while loading proof (see cause for details): /home/runner/work/key/key/key.core/../key.ui/examples/heap/model_methods/Cell_get.key.proof
	at de.uka.ilkd.key.proof.runallproofs.proofcollection.TestFile.reloadProof(TestFile.java:314)
Caused by: de.uka.ilkd.key.proof.io.ProblemLoaderException: Error loading proof.
Line 103, goal 13, rule Class_invariant_axiom_for_Cell not available or not applicable in this context.
	at de.uka.ilkd.key.proof.io.IntermediateProofReplayer.reportError(IntermediateProofReplayer.java:782)
Caused by: java.lang.IndexOutOfBoundsException: Index: 1, Size: 1
	at java.base/java.util.LinkedList.checkElementIndex(LinkedList.java:559)

30544      WARN  main            d.u.i.k.p.r.p.ForkedTestFileRunner Run failed java.lang.Exception: Exception while loading proof (see cause for details): /home/runner/work/key/key/key.core/../key.ui/examples/heap/model_methods/Cell_get.key.proof
	at de.uka.ilkd.key.proof.runallproofs.proofcollection.TestFile.reloadProof(TestFile.java:314)
Caused by: de.uka.ilkd.key.proof.io.ProblemLoaderException: Error loading proof.
Line 103, goal 13, rule Class_invariant_axiom_for_Cell not available or not applicable in this context.
	at de.uka.ilkd.key.proof.io.IntermediateProofReplayer.reportError(IntermediateProofReplayer.java:782)
Caused by: java.lang.IndexOutOfBoundsException: Index: 1, Size: 1
	at java.base/java.util.LinkedList.checkElementIndex(LinkedList.java:559)

30547      INFO  main            d.u.i.k.p.r.p.TestFile    Now processing file /home/runner/work/key/key/key.core/../key.ui/examples/heap/model_methods/Cell_post_set.key 
30547      INFO  main            d.u.i.k.p.i.AbstractProblemLoader Loading environment from /home/runner/work/key/key/key.core/../key.ui/examples/heap/model_methods/Cell_post_set.key 
30548      DEBUG main            d.u.i.k.p.i.AbstractProblemLoader Environment load took 155.2ns 
30550      INFO  main            d.u.i.k.p.i.AbstractProblemLoader Creating init config 
33354      DEBUG main            d.u.i.k.p.i.AbstractProblemLoader Init config took 2.8s 
33402      INFO  main            d.u.i.k.p.i.AbstractProblemLoader Replaying proof Cell[Cell::post_set(int)].JML model_behavior operation contract.0 
33404      DEBUG main            d.u.i.k.p.i.IntermediateProofReplayer Proof replay took 6.5ns 
33506      INFO  main            d.u.i.k.p.r.p.TestFile    ... finished proof: closed. 
33651      INFO  main            d.u.i.k.p.i.AbstractProblemLoader Loading environment from /home/runner/work/key/key/key.core/../key.ui/examples/heap/model_methods/Cell_post_set.key.proof 
33651      DEBUG main            d.u.i.k.p.i.AbstractProblemLoader Environment load took 106.5ns 
33652      INFO  main            d.u.i.k.p.i.AbstractProblemLoader Creating init config 
36382      DEBUG main            d.u.i.k.p.i.AbstractProblemLoader Init config took 2.73s 
36429      INFO  main            d.u.i.k.p.i.AbstractProblemLoader Replaying proof Cell[Cell::post_set(int)].JML model_behavior operation contract.0 
36437      DEBUG main            d.u.i.k.p.i.IntermediateProofReplayer Proof replay took 5.75ms 
36439      DEBUG main            d.u.i.k.p.r.p.TestFile    ... success: reloaded. 
36441      INFO  main            d.u.i.k.p.r.p.TestFile    Now processing file /home/runner/work/key/key/key.core/../key.ui/examples/heap/model_methods/Cell_set.key 
36442      INFO  main            d.u.i.k.p.i.AbstractProblemLoader Loading environment from /home/runner/work/key/key/key.core/../key.ui/examples/heap/model_methods/Cell_set.key 
36442      DEBUG main            d.u.i.k.p.i.AbstractProblemLoader Environment load took 156.8ns 
36443      INFO  main            d.u.i.k.p.i.AbstractProblemLoader Creating init config 
39222      DEBUG main            d.u.i.k.p.i.AbstractProblemLoader Init config took 2.78s 
39274      INFO  main            d.u.i.k.p.i.AbstractProblemLoader Replaying proof Cell[Cell::set(int)].JML operation contract.0 
39277      DEBUG main            d.u.i.k.p.i.IntermediateProofReplayer Proof replay took 6.3ns 
45549      INFO  main            d.u.i.k.p.r.p.TestFile    ... finished proof: closed. 
45736      INFO  main            d.u.i.k.p.i.AbstractProblemLoader Loading environment from /home/runner/work/key/key/key.core/../key.ui/examples/heap/model_methods/Cell_set.key.proof 
45742      DEBUG main            d.u.i.k.p.i.AbstractProblemLoader Environment load took 5.44ms 
45743      INFO  main            d.u.i.k.p.i.AbstractProblemLoader Creating init config 
48440      DEBUG main            d.u.i.k.p.i.AbstractProblemLoader Init config took 2.7s 
48496      INFO  main            d.u.i.k.p.i.AbstractProblemLoader Replaying proof Cell[Cell::set(int)].JML operation contract.0 
48520      DEBUG main            d.u.i.k.p.i.IntermediateProofReplayer Proof replay took 7.69ms 
48521      WARN  main            d.u.i.k.p.r.p.TestFile    Replay exception de.uka.ilkd.key.proof.io.ProblemLoaderException: Error loading proof.
Line 102, goal 12, rule Class_invariant_axiom_for_Cell not available or not applicable in this context.
	at de.uka.ilkd.key.proof.io.IntermediateProofReplayer.reportError(IntermediateProofReplayer.java:782)
Caused by: java.lang.IndexOutOfBoundsException: Index: 1, Size: 1
	at java.base/java.util.LinkedList.checkElementIndex(LinkedList.java:559)

48522      WARN  main            d.u.i.k.p.r.p.TestFile    Replay exception de.uka.ilkd.key.proof.io.ProblemLoaderException: Error loading proof.
Line 107, goal 17, rule One Step Simplification not available or not applicable in this context.
	at de.uka.ilkd.key.proof.io.IntermediateProofReplayer.reportError(IntermediateProofReplayer.java:782)
Caused by: de.uka.ilkd.key.proof.io.IntermediateProofReplayer$BuiltInConstructionException: One Step Simplification is missing. Most probably the binary for this built-in rule is not in your path or you do not have the permission to execute it.
	at de.uka.ilkd.key.proof.io.IntermediateProofReplayer.constructBuiltinApp(IntermediateProofReplayer.java:630)

48522      DEBUG main            d.u.i.k.p.r.p.TestFile    Exception java.lang.Exception: Exception while loading proof (see cause for details): /home/runner/work/key/key/key.core/../key.ui/examples/heap/model_methods/Cell_set.key.proof
	at de.uka.ilkd.key.proof.runallproofs.proofcollection.TestFile.reloadProof(TestFile.java:314)
Caused by: de.uka.ilkd.key.proof.io.ProblemLoaderException: Error loading proof.
Line 102, goal 12, rule Class_invariant_axiom_for_Cell not available or not applicable in this context.
	at de.uka.ilkd.key.proof.io.IntermediateProofReplayer.reportError(IntermediateProofReplayer.java:782)
Caused by: java.lang.IndexOutOfBoundsException: Index: 1, Size: 1
	at java.base/java.util.LinkedList.checkElementIndex(LinkedList.java:559)

48523      WARN  main            d.u.i.k.p.r.p.ForkedTestFileRunner Run failed java.lang.Exception: Exception while loading proof (see cause for details): /home/runner/work/key/key/key.core/../key.ui/examples/heap/model_methods/Cell_set.key.proof
	at de.uka.ilkd.key.proof.runallproofs.proofcollection.TestFile.reloadProof(TestFile.java:314)
Caused by: de.uka.ilkd.key.proof.io.ProblemLoaderException: Error loading proof.
Line 102, goal 12, rule Class_invariant_axiom_for_Cell not available or not applicable in this context.
	at de.uka.ilkd.key.proof.io.IntermediateProofReplayer.reportError(IntermediateProofReplayer.java:782)
Caused by: java.lang.IndexOutOfBoundsException: Index: 1, Size: 1
	at java.base/java.util.LinkedList.checkElementIndex(LinkedList.java:559)

48525      INFO  main            d.u.i.k.p.r.p.TestFile    Now processing file /home/runner/work/key/key/key.core/../key.ui/examples/heap/model_methods/CellTest_callSet.key 
48525      INFO  main            d.u.i.k.p.i.AbstractProblemLoader Loading environment from /home/runner/work/key/key/key.core/../key.ui/examples/heap/model_methods/CellTest_callSet.key 
48525      DEBUG main            d.u.i.k.p.i.AbstractProblemLoader Environment load took 158.7ns 
48526      INFO  main            d.u.i.k.p.i.AbstractProblemLoader Creating init config 
51254      DEBUG main            d.u.i.k.p.i.AbstractProblemLoader Init config took 2.73s 
51310      INFO  main            d.u.i.k.p.i.AbstractProblemLoader Replaying proof CellTest[CellTest::callSet(Cell,int)].JML operation contract.0 
51312      DEBUG main            d.u.i.k.p.i.IntermediateProofReplayer Proof replay took 6ns 
51514      INFO  main            d.u.i.k.p.r.p.TestFile    ... finished proof: closed. 
51679      INFO  main            d.u.i.k.p.i.AbstractProblemLoader Loading environment from /home/runner/work/key/key/key.core/../key.ui/examples/heap/model_methods/CellTest_callSet.key.proof 
51679      DEBUG main            d.u.i.k.p.i.AbstractProblemLoader Environment load took 102.8ns 
51681      INFO  main            d.u.i.k.p.i.AbstractProblemLoader Creating init config 
54373      DEBUG main            d.u.i.k.p.i.AbstractProblemLoader Init config took 2.69s 
54422      INFO  main            d.u.i.k.p.i.AbstractProblemLoader Replaying proof CellTest[CellTest::callSet(Cell,int)].JML operation contract.0 
54466      DEBUG main            d.u.i.k.p.i.IntermediateProofReplayer Proof replay took 42.07ms 
54467      WARN  main            d.u.i.k.p.r.p.TestFile    Replay exception de.uka.ilkd.key.proof.io.ProblemLoaderException: Error loading proof.
Line 107, goal 17, rule Class_invariant_axiom_for_CellTest not available or not applicable in this context.
	at de.uka.ilkd.key.proof.io.IntermediateProofReplayer.reportError(IntermediateProofReplayer.java:782)
Caused by: java.lang.IndexOutOfBoundsException: Index: 1, Size: 1
	at java.base/java.util.LinkedList.checkElementIndex(LinkedList.java:559)

54467      WARN  main            d.u.i.k.p.r.p.TestFile    Replay exception de.uka.ilkd.key.proof.io.ProblemLoaderException: Error loading proof.
Line 152, goal 65, rule Class_invariant_axiom_for_CellTest not available or not applicable in this context.
	at de.uka.ilkd.key.proof.io.IntermediateProofReplayer.reportError(IntermediateProofReplayer.java:782)
Caused by: java.lang.IndexOutOfBoundsException: Index: 1, Size: 1
	at java.base/java.util.LinkedList.checkElementIndex(LinkedList.java:559)

54467      WARN  main            d.u.i.k.p.r.p.TestFile    Replay exception de.uka.ilkd.key.proof.io.ProblemLoaderException: Error loading proof.
Line 228, goal 138, rule Class_invariant_axiom_for_CellTest not available or not applicable in this context.
	at de.uka.ilkd.key.proof.io.IntermediateProofReplayer.reportError(IntermediateProofReplayer.java:782)
Caused by: java.lang.IndexOutOfBoundsException: Index: 1, Size: 1
	at java.base/java.util.LinkedList.checkElementIndex(LinkedList.java:559)

54468      DEBUG main            d.u.i.k.p.r.p.TestFile    Exception java.lang.Exception: Exception while loading proof (see cause for details): /home/runner/work/key/key/key.core/../key.ui/examples/heap/model_methods/CellTest_callSet.key.proof
	at de.uka.ilkd.key.proof.runallproofs.proofcollection.TestFile.reloadProof(TestFile.java:314)
Caused by: de.uka.ilkd.key.proof.io.ProblemLoaderException: Error loading proof.
Line 107, goal 17, rule Class_invariant_axiom_for_CellTest not available or not applicable in this context.
	at de.uka.ilkd.key.proof.io.IntermediateProofReplayer.reportError(IntermediateProofReplayer.java:782)
Caused by: java.lang.IndexOutOfBoundsException: Index: 1, Size: 1
	at java.base/java.util.LinkedList.checkElementIndex(LinkedList.java:559)

54468      WARN  main            d.u.i.k.p.r.p.ForkedTestFileRunner Run failed java.lang.Exception: Exception while loading proof (see cause for details): /home/runner/work/key/key/key.core/../key.ui/examples/heap/model_methods/CellTest_callSet.key.proof
	at de.uka.ilkd.key.proof.runallproofs.proofcollection.TestFile.reloadProof(TestFile.java:314)
Caused by: de.uka.ilkd.key.proof.io.ProblemLoaderException: Error loading proof.
Line 107, goal 17, rule Class_invariant_axiom_for_CellTest not available or not applicable in this context.
	at de.uka.ilkd.key.proof.io.IntermediateProofReplayer.reportError(IntermediateProofReplayer.java:782)
Caused by: java.lang.IndexOutOfBoundsException: Index: 1, Size: 1
	at java.base/java.util.LinkedList.checkElementIndex(LinkedList.java:559)

54470      INFO  main            d.u.i.k.p.r.p.TestFile    Now processing file /home/runner/work/key/key/key.core/../key.ui/examples/heap/model_methods/CellTest_test2.key 
54471      INFO  main            d.u.i.k.p.i.AbstractProblemLoader Loading environment from /home/runner/work/key/key/key.core/../key.ui/examples/heap/model_methods/CellTest_test2.key 
54471      DEBUG main            d.u.i.k.p.i.AbstractProblemLoader Environment load took 147.7ns 
54472      INFO  main            d.u.i.k.p.i.AbstractProblemLoader Creating init config 
57192      DEBUG main            d.u.i.k.p.i.AbstractProblemLoader Init config took 2.72s 
57237      INFO  main            d.u.i.k.p.i.AbstractProblemLoader Replaying proof CellTest[CellTest::test2(Cell)].JML operation contract.0 
57239      DEBUG main            d.u.i.k.p.i.IntermediateProofReplayer Proof replay took 5.9ns 
57541      INFO  main            d.u.i.k.p.r.p.TestFile    ... finished proof: closed. 
57711      INFO  main            d.u.i.k.p.i.AbstractProblemLoader Loading environment from /home/runner/work/key/key/key.core/../key.ui/examples/heap/model_methods/CellTest_test2.key.proof 
57711      DEBUG main            d.u.i.k.p.i.AbstractProblemLoader Environment load took 99.4ns 
57712      INFO  main            d.u.i.k.p.i.AbstractProblemLoader Creating init config 
60419      DEBUG main            d.u.i.k.p.i.AbstractProblemLoader Init config took 2.71s 
60464      INFO  main            d.u.i.k.p.i.AbstractProblemLoader Replaying proof CellTest[CellTest::test2(Cell)].JML operation contract.0 
60536      DEBUG main            d.u.i.k.p.i.IntermediateProofReplayer Proof replay took 68.12ms 
60536      WARN  main            d.u.i.k.p.r.p.TestFile    Replay exception de.uka.ilkd.key.proof.io.ProblemLoaderException: Error loading proof.
Line 107, goal 17, rule Class_invariant_axiom_for_CellTest not available or not applicable in this context.
	at de.uka.ilkd.key.proof.io.IntermediateProofReplayer.reportError(IntermediateProofReplayer.java:782)
Caused by: java.lang.IndexOutOfBoundsException: Index: 1, Size: 1
	at java.base/java.util.LinkedList.checkElementIndex(LinkedList.java:559)

60537      WARN  main            d.u.i.k.p.r.p.TestFile    Replay exception de.uka.ilkd.key.proof.io.ProblemLoaderException: Error loading proof.
Line 160, goal 73, rule replaceKnownSelect_taclet0_0 not available or not applicable in this context.
	at de.uka.ilkd.key.proof.io.IntermediateProofReplayer.reportError(IntermediateProofReplayer.java:782)
Caused by: de.uka.ilkd.key.proof.io.IntermediateProofReplayer$TacletAppConstructionException: Unknown taclet with name "replaceKnownSelect_taclet0_0"
	at de.uka.ilkd.key.proof.io.IntermediateProofReplayer.constructTacletApp(IntermediateProofReplayer.java:432)

60537      WARN  main            d.u.i.k.p.r.p.TestFile    Replay exception de.uka.ilkd.key.proof.io.ProblemLoaderException: Error loading proof.
Line 216, goal 100, rule Class_invariant_axiom_for_CellTest not available or not applicable in this context.
	at de.uka.ilkd.key.proof.io.IntermediateProofReplayer.reportError(IntermediateProofReplayer.java:782)
Caused by: java.lang.IndexOutOfBoundsException: Index: 1, Size: 1
	at java.base/java.util.LinkedList.checkElementIndex(LinkedList.java:559)

60537      WARN  main            d.u.i.k.p.r.p.TestFile    Replay exception de.uka.ilkd.key.proof.io.ProblemLoaderException: Error loading proof.
Line 257, goal 140, rule Class_invariant_axiom_for_CellTest not available or not applicable in this context.
	at de.uka.ilkd.key.proof.io.IntermediateProofReplayer.reportError(IntermediateProofReplayer.java:782)
Caused by: java.lang.IndexOutOfBoundsException: Index: 1, Size: 1
	at java.base/java.util.LinkedList.checkElementIndex(LinkedList.java:559)

60537      WARN  main            d.u.i.k.p.r.p.TestFile    Replay exception de.uka.ilkd.key.proof.io.ProblemLoaderException: Error loading proof.
Line 269, goal 146, rule replaceKnownSelect_taclet0_0 not available or not applicable in this context.
	at de.uka.ilkd.key.proof.io.IntermediateProofReplayer.reportError(IntermediateProofReplayer.java:782)
Caused by: de.uka.ilkd.key.proof.io.IntermediateProofReplayer$TacletAppConstructionException: Unknown taclet with name "replaceKnownSelect_taclet0_0"
	at de.uka.ilkd.key.proof.io.IntermediateProofReplayer.constructTacletApp(IntermediateProofReplayer.java:432)

60538      WARN  main            d.u.i.k.p.r.p.TestFile    Replay exception de.uka.ilkd.key.proof.io.ProblemLoaderException: Error loading proof.
Line 351, goal 218, rule Class_invariant_axiom_for_CellTest not available or not applicable in this context.
	at de.uka.ilkd.key.proof.io.IntermediateProofReplayer.reportError(IntermediateProofReplayer.java:782)
Caused by: java.lang.IndexOutOfBoundsException: Index: 1, Size: 1
	at java.base/java.util.LinkedList.checkElementIndex(LinkedList.java:559)

60538      DEBUG main            d.u.i.k.p.r.p.TestFile    Exception java.lang.Exception: Exception while loading proof (see cause for details): /home/runner/work/key/key/key.core/../key.ui/examples/heap/model_methods/CellTest_test2.key.proof
	at de.uka.ilkd.key.proof.runallproofs.proofcollection.TestFile.reloadProof(TestFile.java:314)
Caused by: de.uka.ilkd.key.proof.io.ProblemLoaderException: Error loading proof.
Line 107, goal 17, rule Class_invariant_axiom_for_CellTest not available or not applicable in this context.
	at de.uka.ilkd.key.proof.io.IntermediateProofReplayer.reportError(IntermediateProofReplayer.java:782)
Caused by: java.lang.IndexOutOfBoundsException: Index: 1, Size: 1
	at java.base/java.util.LinkedList.checkElementIndex(LinkedList.java:559)

60539      WARN  main            d.u.i.k.p.r.p.ForkedTestFileRunner Run failed java.lang.Exception: Exception while loading proof (see cause for details): /home/runner/work/key/key/key.core/../key.ui/examples/heap/model_methods/CellTest_test2.key.proof
	at de.uka.ilkd.key.proof.runallproofs.proofcollection.TestFile.reloadProof(TestFile.java:314)
Caused by: de.uka.ilkd.key.proof.io.ProblemLoaderException: Error loading proof.
Line 107, goal 17, rule Class_invariant_axiom_for_CellTest not available or not applicable in this context.
	at de.uka.ilkd.key.proof.io.IntermediateProofReplayer.reportError(IntermediateProofReplayer.java:782)
Caused by: java.lang.IndexOutOfBoundsException: Index: 1, Size: 1
	at java.base/java.util.LinkedList.checkElementIndex(LinkedList.java:559)

60541      INFO  main            d.u.i.k.p.r.p.TestFile    Now processing file /home/runner/work/key/key/key.core/../key.ui/examples/heap/model_methods/CellTest_test.key 
60541      INFO  main            d.u.i.k.p.i.AbstractProblemLoader Loading environment from /home/runner/work/key/key/key.core/../key.ui/examples/heap/model_methods/CellTest_test.key 
60541      DEBUG main            d.u.i.k.p.i.AbstractProblemLoader Environment load took 145.4ns 
60542      INFO  main            d.u.i.k.p.i.AbstractProblemLoader Creating init config 
63269      DEBUG main            d.u.i.k.p.i.AbstractProblemLoader Init config took 2.73s 
63314      INFO  main            d.u.i.k.p.i.AbstractProblemLoader Replaying proof CellTest[CellTest::test(Recell)].JML operation contract.0 
63315      DEBUG main            d.u.i.k.p.i.IntermediateProofReplayer Proof replay took 5.5ns 
65825      INFO  main            d.u.i.k.p.r.p.TestFile    ... finished proof: closed. 
66008      INFO  main            d.u.i.k.p.i.AbstractProblemLoader Loading environment from /home/runner/work/key/key/key.core/../key.ui/examples/heap/model_methods/CellTest_test.key.proof 
66009      DEBUG main            d.u.i.k.p.i.AbstractProblemLoader Environment load took 304.4ns 
66010      INFO  main            d.u.i.k.p.i.AbstractProblemLoader Creating init config 
68655      DEBUG main            d.u.i.k.p.i.AbstractProblemLoader Init config took 2.64s 
68702      INFO  main            d.u.i.k.p.i.AbstractProblemLoader Replaying proof CellTest[CellTest::test(Recell)].JML operation contract.0 
68815      DEBUG main            d.u.i.k.p.i.IntermediateProofReplayer Proof replay took 91.77ms 
68816      WARN  main            d.u.i.k.p.r.p.TestFile    Replay exception de.uka.ilkd.key.proof.io.ProblemLoaderException: Error loading proof.
Line 107, goal 17, rule Class_invariant_axiom_for_CellTest not available or not applicable in this context.
	at de.uka.ilkd.key.proof.io.IntermediateProofReplayer.reportError(IntermediateProofReplayer.java:782)
Caused by: java.lang.IndexOutOfBoundsException: Index: 1, Size: 1
	at java.base/java.util.LinkedList.checkElementIndex(LinkedList.java:559)

68816      WARN  main            d.u.i.k.p.r.p.TestFile    Replay exception de.uka.ilkd.key.proof.io.ProblemLoaderException: Error loading proof.
Line 109, goal 20, rule Class_invariant_axiom_for_Recell not available or not applicable in this context.
	at de.uka.ilkd.key.proof.io.IntermediateProofReplayer.reportError(IntermediateProofReplayer.java:782)
Caused by: java.lang.IndexOutOfBoundsException: Index: 1, Size: 1
	at java.base/java.util.LinkedList.checkElementIndex(LinkedList.java:559)

68816      WARN  main            d.u.i.k.p.r.p.TestFile    Replay exception de.uka.ilkd.key.proof.io.ProblemLoaderException: Error loading proof.
Line 136, goal 50, rule Definition_axiom_for_footprint_in_Recell not available or not applicable in this context.
	at de.uka.ilkd.key.proof.io.IntermediateProofReplayer.reportError(IntermediateProofReplayer.java:782)
Caused by: java.lang.IndexOutOfBoundsException: Index: 1, Size: 1
	at java.base/java.util.LinkedList.checkElementIndex(LinkedList.java:559)

68816      WARN  main            d.u.i.k.p.r.p.TestFile    Replay exception de.uka.ilkd.key.proof.io.ProblemLoaderException: Error loading proof.
Line 164, goal 79, rule Class_invariant_axiom_for_Recell not available or not applicable in this context.
	at de.uka.ilkd.key.proof.io.IntermediateProofReplayer.reportError(IntermediateProofReplayer.java:782)
Caused by: java.lang.IndexOutOfBoundsException: Index: 1, Size: 1
	at java.base/java.util.LinkedList.checkElementIndex(LinkedList.java:559)

68817      WARN  main            d.u.i.k.p.r.p.TestFile    Replay exception de.uka.ilkd.key.proof.io.ProblemLoaderException: Error loading proof.
Line 166, goal 82, rule Definition_axiom_for_post_set_in_Recell not available or not applicable in this context.
	at de.uka.ilkd.key.proof.io.IntermediateProofReplayer.reportError(IntermediateProofReplayer.java:782)
Caused by: java.lang.IndexOutOfBoundsException: Index: 1, Size: 1
	at java.base/java.util.LinkedList.checkElementIndex(LinkedList.java:559)

68817      WARN  main            d.u.i.k.p.r.p.TestFile    Replay exception de.uka.ilkd.key.proof.io.ProblemLoaderException: Error loading proof.
Line 177, goal 94, rule Class_invariant_axiom_for_Recell not available or not applicable in this context.
	at de.uka.ilkd.key.proof.io.IntermediateProofReplayer.reportError(IntermediateProofReplayer.java:782)
Caused by: java.lang.IndexOutOfBoundsException: Index: 1, Size: 1
	at java.base/java.util.LinkedList.checkElementIndex(LinkedList.java:559)

68817      WARN  main            d.u.i.k.p.r.p.TestFile    Replay exception de.uka.ilkd.key.proof.io.ProblemLoaderException: Error loading proof.
Line 200, goal 118, rule Definition_axiom_for_footprint_in_Recell not available or not applicable in this context.
	at de.uka.ilkd.key.proof.io.IntermediateProofReplayer.reportError(IntermediateProofReplayer.java:782)
Caused by: java.lang.IndexOutOfBoundsException: Index: 1, Size: 1
	at java.base/java.util.LinkedList.checkElementIndex(LinkedList.java:559)

68817      WARN  main            d.u.i.k.p.r.p.TestFile    Replay exception de.uka.ilkd.key.proof.io.ProblemLoaderException: Error loading proof.
Line 209, goal 128, rule Definition_axiom_for_footprint_in_Recell not available or not applicable in this context.
	at de.uka.ilkd.key.proof.io.IntermediateProofReplayer.reportError(IntermediateProofReplayer.java:782)
Caused by: java.lang.IndexOutOfBoundsException: Index: 1, Size: 1
	at java.base/java.util.LinkedList.checkElementIndex(LinkedList.java:559)

68817      WARN  main            d.u.i.k.p.r.p.TestFile    Replay exception de.uka.ilkd.key.proof.io.ProblemLoaderException: Error loading proof.
Line 214, goal 134, rule Class_invariant_axiom_for_Recell not available or not applicable in this context.
	at de.uka.ilkd.key.proof.io.IntermediateProofReplayer.reportError(IntermediateProofReplayer.java:782)
Caused by: java.lang.IndexOutOfBoundsException: Index: 1, Size: 1
	at java.base/java.util.LinkedList.checkElementIndex(LinkedList.java:559)

68818      WARN  main            d.u.i.k.p.r.p.TestFile    Replay exception de.uka.ilkd.key.proof.io.ProblemLoaderException: Error loading proof.
Line 228, goal 149, rule replaceKnownSelect_taclet0_0 not available or not applicable in this context.
	at de.uka.ilkd.key.proof.io.IntermediateProofReplayer.reportError(IntermediateProofReplayer.java:782)
Caused by: de.uka.ilkd.key.proof.io.IntermediateProofReplayer$TacletAppConstructionException: Unknown taclet with name "replaceKnownSelect_taclet0_0"
	at de.uka.ilkd.key.proof.io.IntermediateProofReplayer.constructTacletApp(IntermediateProofReplayer.java:432)

68818      WARN  main            d.u.i.k.p.r.p.TestFile    Replay exception de.uka.ilkd.key.proof.io.ProblemLoaderException: Error loading proof.
Line 2678, goal 176, rule Class_invariant_axiom_for_CellTest not available or not applicable in this context.
	at de.uka.ilkd.key.proof.io.IntermediateProofReplayer.reportError(IntermediateProofReplayer.java:782)
Caused by: java.lang.IndexOutOfBoundsException: Index: 1, Size: 1
	at java.base/java.util.LinkedList.checkElementIndex(LinkedList.java:559)

68818      WARN  main            d.u.i.k.p.r.p.TestFile    Replay exception de.uka.ilkd.key.proof.io.ProblemLoaderException: Error loading proof.
Line 2716, goal 213, rule Class_invariant_axiom_for_CellTest not available or not applicable in this context.
	at de.uka.ilkd.key.proof.io.IntermediateProofReplayer.reportError(IntermediateProofReplayer.java:782)
Caused by: java.lang.IndexOutOfBoundsException: Index: 1, Size: 1
	at java.base/java.util.LinkedList.checkElementIndex(LinkedList.java:559)

68818      WARN  main            d.u.i.k.p.r.p.TestFile    Replay exception de.uka.ilkd.key.proof.io.ProblemLoaderException: Error loading proof.
Line 2728, goal 219, rule replaceKnownSelect_taclet0_0 not available or not applicable in this context.
	at de.uka.ilkd.key.proof.io.IntermediateProofReplayer.reportError(IntermediateProofReplayer.java:782)
Caused by: de.uka.ilkd.key.proof.io.IntermediateProofReplayer$TacletAppConstructionException: Unknown taclet with name "replaceKnownSelect_taclet0_0"
	at de.uka.ilkd.key.proof.io.IntermediateProofReplayer.constructTacletApp(IntermediateProofReplayer.java:432)

68818      WARN  main            d.u.i.k.p.r.p.TestFile    Replay exception de.uka.ilkd.key.proof.io.ProblemLoaderException: Error loading proof.
Line 2768, goal 249, rule Definition_axiom_for_footprint_in_Recell not available or not applicable in this context.
	at de.uka.ilkd.key.proof.io.IntermediateProofReplayer.reportError(IntermediateProofReplayer.java:782)
Caused by: java.lang.IndexOutOfBoundsException: Index: 1, Size: 1
	at java.base/java.util.LinkedList.checkElementIndex(LinkedList.java:559)

68818      WARN  main            d.u.i.k.p.r.p.TestFile    Replay exception de.uka.ilkd.key.proof.io.ProblemLoaderException: Error loading proof.
Line 2781, goal 263, rule Class_invariant_axiom_for_Recell not available or not applicable in this context.
	at de.uka.ilkd.key.proof.io.IntermediateProofReplayer.reportError(IntermediateProofReplayer.java:782)
Caused by: java.lang.IndexOutOfBoundsException: Index: 1, Size: 1
	at java.base/java.util.LinkedList.checkElementIndex(LinkedList.java:559)

68819      WARN  main            d.u.i.k.p.r.p.TestFile    Replay exception de.uka.ilkd.key.proof.io.ProblemLoaderException: Error loading proof.
Line 2787, goal 270, rule Class_invariant_axiom_for_Recell not available or not applicable in this context.
	at de.uka.ilkd.key.proof.io.IntermediateProofReplayer.reportError(IntermediateProofReplayer.java:782)
Caused by: java.lang.IndexOutOfBoundsException: Index: 1, Size: 1
	at java.base/java.util.LinkedList.checkElementIndex(LinkedList.java:559)

68819      WARN  main            d.u.i.k.p.r.p.TestFile    Replay exception de.uka.ilkd.key.proof.io.ProblemLoaderException: Error loading proof.
Line 2810, goal 294, rule Definition_axiom_for_footprint_in_Recell not available or not applicable in this context.
	at de.uka.ilkd.key.proof.io.IntermediateProofReplayer.reportError(IntermediateProofReplayer.java:782)
Caused by: java.lang.IndexOutOfBoundsException: Index: 1, Size: 1
	at java.base/java.util.LinkedList.checkElementIndex(LinkedList.java:559)

68819      WARN  main            d.u.i.k.p.r.p.TestFile    Replay exception de.uka.ilkd.key.proof.io.ProblemLoaderException: Error loading proof.
Line 2817, goal 302, rule Class_invariant_axiom_for_Recell not available or not applicable in this context.
	at de.uka.ilkd.key.proof.io.IntermediateProofReplayer.reportError(IntermediateProofReplayer.java:782)
Caused by: java.lang.IndexOutOfBoundsException: Index: 1, Size: 1
	at java.base/java.util.LinkedList.checkElementIndex(LinkedList.java:559)

68819      WARN  main            d.u.i.k.p.r.p.TestFile    Replay exception de.uka.ilkd.key.proof.io.ProblemLoaderException: Error loading proof.
Line 2819, goal 305, rule Definition_axiom_for_footprint_in_Recell not available or not applicable in this context.
	at de.uka.ilkd.key.proof.io.IntermediateProofReplayer.reportError(IntermediateProofReplayer.java:782)
Caused by: java.lang.IndexOutOfBoundsException: Index: 1, Size: 1
	at java.base/java.util.LinkedList.checkElementIndex(LinkedList.java:559)

68819      WARN  main            d.u.i.k.p.r.p.TestFile    Replay exception de.uka.ilkd.key.proof.io.ProblemLoaderException: Error loading proof.
Line 2864, goal 349, rule Class_invariant_axiom_for_CellTest not available or not applicable in this context.
	at de.uka.ilkd.key.proof.io.IntermediateProofReplayer.reportError(IntermediateProofReplayer.java:782)
Caused by: java.lang.IndexOutOfBoundsException: Index: 1, Size: 1
	at java.base/java.util.LinkedList.checkElementIndex(LinkedList.java:559)

68819      WARN  main            d.u.i.k.p.r.p.TestFile    Replay exception de.uka.ilkd.key.proof.io.ProblemLoaderException: Error loading proof.
Line 2875, goal 355, rule Class_invariant_axiom_for_Recell not available or not applicable in this context.
	at de.uka.ilkd.key.proof.io.IntermediateProofReplayer.reportError(IntermediateProofReplayer.java:782)
Caused by: java.lang.IndexOutOfBoundsException: Index: 1, Size: 1
	at java.base/java.util.LinkedList.checkElementIndex(LinkedList.java:559)

68820      DEBUG main            d.u.i.k.p.r.p.TestFile    Exception java.lang.Exception: Exception while loading proof (see cause for details): /home/runner/work/key/key/key.core/../key.ui/examples/heap/model_methods/CellTest_test.key.proof
	at de.uka.ilkd.key.proof.runallproofs.proofcollection.TestFile.reloadProof(TestFile.java:314)
Caused by: de.uka.ilkd.key.proof.io.ProblemLoaderException: Error loading proof.
Line 107, goal 17, rule Class_invariant_axiom_for_CellTest not available or not applicable in this context.
	at de.uka.ilkd.key.proof.io.IntermediateProofReplayer.reportError(IntermediateProofReplayer.java:782)
Caused by: java.lang.IndexOutOfBoundsException: Index: 1, Size: 1
	at java.base/java.util.LinkedList.checkElementIndex(LinkedList.java:559)

68821      WARN  main            d.u.i.k.p.r.p.ForkedTestFileRunner Run failed java.lang.Exception: Exception while loading proof (see cause for details): /home/runner/work/key/key/key.core/../key.ui/examples/heap/model_methods/CellTest_test.key.proof
	at de.uka.ilkd.key.proof.runallproofs.proofcollection.TestFile.reloadProof(TestFile.java:314)
Caused by: de.uka.ilkd.key.proof.io.ProblemLoaderException: Error loading proof.
Line 107, goal 17, rule Class_invariant_axiom_for_CellTest not available or not applicable in this context.
	at de.uka.ilkd.key.proof.io.IntermediateProofReplayer.reportError(IntermediateProofReplayer.java:782)
Caused by: java.lang.IndexOutOfBoundsException: Index: 1, Size: 1
	at java.base/java.util.LinkedList.checkElementIndex(LinkedList.java:559)

68823      INFO  main            d.u.i.k.p.r.p.TestFile    Now processing file /home/runner/work/key/key/key.core/../key.ui/examples/heap/model_methods/Coll1_add.key 
68823      INFO  main            d.u.i.k.p.i.AbstractProblemLoader Loading environment from /home/runner/work/key/key/key.core/../key.ui/examples/heap/model_methods/Coll1_add.key 
68823      DEBUG main            d.u.i.k.p.i.AbstractProblemLoader Environment load took 148.8ns 
68824      INFO  main            d.u.i.k.p.i.AbstractProblemLoader Creating init config 
71524      DEBUG main            d.u.i.k.p.i.AbstractProblemLoader Init config took 2.7s 
71565      INFO  main            d.u.i.k.p.i.AbstractProblemLoader Replaying proof Coll1[Coll::add(int)].JML operation contract.0 
71567      DEBUG main            d.u.i.k.p.i.IntermediateProofReplayer Proof replay took 5.5ns 
71668      INFO  main            d.u.i.k.p.r.p.TestFile    ... finished proof: closed. 
71832      INFO  main            d.u.i.k.p.i.AbstractProblemLoader Loading environment from /home/runner/work/key/key/key.core/../key.ui/examples/heap/model_methods/Coll1_add.key.proof 
71832      DEBUG main            d.u.i.k.p.i.AbstractProblemLoader Environment load took 101.8ns 
71833      INFO  main            d.u.i.k.p.i.AbstractProblemLoader Creating init config 
74481      DEBUG main            d.u.i.k.p.i.AbstractProblemLoader Init config took 2.65s 
74528      INFO  main            d.u.i.k.p.i.AbstractProblemLoader Replaying proof Coll1[Coll::add(int)].JML operation contract.0 
74540      DEBUG main            d.u.i.k.p.i.IntermediateProofReplayer Proof replay took 10.89ms 
74541      WARN  main            d.u.i.k.p.r.p.TestFile    Replay exception de.uka.ilkd.key.proof.io.ProblemLoaderException: Error loading proof.
Line 110, goal 20, rule Class_invariant_axiom_for_Coll1 not available or not applicable in this context.
	at de.uka.ilkd.key.proof.io.IntermediateProofReplayer.reportError(IntermediateProofReplayer.java:782)
Caused by: java.lang.IndexOutOfBoundsException: Index: 1, Size: 1
	at java.base/java.util.LinkedList.checkElementIndex(LinkedList.java:559)

74541      WARN  main            d.u.i.k.p.r.p.TestFile    Replay exception de.uka.ilkd.key.proof.io.ProblemLoaderException: Error loading proof.
Line 112, goal 23, rule Definition_axiom_for_add_pre_in_Coll1 not available or not applicable in this context.
	at de.uka.ilkd.key.proof.io.IntermediateProofReplayer.reportError(IntermediateProofReplayer.java:782)
Caused by: java.lang.IndexOutOfBoundsException: Index: 1, Size: 1
	at java.base/java.util.LinkedList.checkElementIndex(LinkedList.java:559)

74542      WARN  main            d.u.i.k.p.r.p.TestFile    Replay exception de.uka.ilkd.key.proof.io.ProblemLoaderException: Error loading proof.
Line 125, goal 37, rule Class_invariant_axiom_for_Coll1 not available or not applicable in this context.
	at de.uka.ilkd.key.proof.io.IntermediateProofReplayer.reportError(IntermediateProofReplayer.java:782)
Caused by: java.lang.IndexOutOfBoundsException: Index: 1, Size: 1
	at java.base/java.util.LinkedList.checkElementIndex(LinkedList.java:559)

74543      DEBUG main            d.u.i.k.p.r.p.TestFile    Exception java.lang.Exception: Exception while loading proof (see cause for details): /home/runner/work/key/key/key.core/../key.ui/examples/heap/model_methods/Coll1_add.key.proof
	at de.uka.ilkd.key.proof.runallproofs.proofcollection.TestFile.reloadProof(TestFile.java:314)
Caused by: de.uka.ilkd.key.proof.io.ProblemLoaderException: Error loading proof.
Line 110, goal 20, rule Class_invariant_axiom_for_Coll1 not available or not applicable in this context.
	at de.uka.ilkd.key.proof.io.IntermediateProofReplayer.reportError(IntermediateProofReplayer.java:782)
Caused by: java.lang.IndexOutOfBoundsException: Index: 1, Size: 1
	at java.base/java.util.LinkedList.checkElementIndex(LinkedList.java:559)

74544      WARN  main            d.u.i.k.p.r.p.ForkedTestFileRunner Run failed java.lang.Exception: Exception while loading proof (see cause for details): /home/runner/work/key/key/key.core/../key.ui/examples/heap/model_methods/Coll1_add.key.proof
	at de.uka.ilkd.key.proof.runallproofs.proofcollection.TestFile.reloadProof(TestFile.java:314)
Caused by: de.uka.ilkd.key.proof.io.ProblemLoaderException: Error loading proof.
Line 110, goal 20, rule Class_invariant_axiom_for_Coll1 not available or not applicable in this context.
	at de.uka.ilkd.key.proof.io.IntermediateProofReplayer.reportError(IntermediateProofReplayer.java:782)
Caused by: java.lang.IndexOutOfBoundsException: Index: 1, Size: 1
	at java.base/java.util.LinkedList.checkElementIndex(LinkedList.java:559)

74546      INFO  main            d.u.i.k.p.r.p.TestFile    Now processing file /home/runner/work/key/key/key.core/../key.ui/examples/heap/model_methods/Coll1_Coll1_add_pre.key 
74546      INFO  main            d.u.i.k.p.i.AbstractProblemLoader Loading environment from /home/runner/work/key/key/key.core/../key.ui/examples/heap/model_methods/Coll1_Coll1_add_pre.key 
74546      DEBUG main            d.u.i.k.p.i.AbstractProblemLoader Environment load took 146.9ns 
74547      INFO  main            d.u.i.k.p.i.AbstractProblemLoader Creating init config 
77277      DEBUG main            d.u.i.k.p.i.AbstractProblemLoader Init config took 2.73s 
77318      INFO  main            d.u.i.k.p.i.AbstractProblemLoader Replaying proof Coll1[Coll1::add_pre(int)].JML model_behavior operation contract.0 
77319      DEBUG main            d.u.i.k.p.i.IntermediateProofReplayer Proof replay took 5.9ns 
77421      INFO  main            d.u.i.k.p.r.p.TestFile    ... finished proof: closed. 
77603      INFO  main            d.u.i.k.p.i.AbstractProblemLoader Loading environment from /home/runner/work/key/key/key.core/../key.ui/examples/heap/model_methods/Coll1_Coll1_add_pre.key.proof 
77603      DEBUG main            d.u.i.k.p.i.AbstractProblemLoader Environment load took 102.5ns 
77604      INFO  main            d.u.i.k.p.i.AbstractProblemLoader Creating init config 
80275      DEBUG main            d.u.i.k.p.i.AbstractProblemLoader Init config took 2.67s 
80321      INFO  main            d.u.i.k.p.i.AbstractProblemLoader Replaying proof Coll1[Coll1::add_pre(int)].JML model_behavior operation contract.0 
80324      DEBUG main            d.u.i.k.p.i.IntermediateProofReplayer Proof replay took 1.65ms 
80324      DEBUG main            d.u.i.k.p.r.p.TestFile    ... success: reloaded. 
80326      INFO  main            d.u.i.k.p.r.p.TestFile    Now processing file /home/runner/work/key/key/key.core/../key.ui/examples/heap/model_methods/Coll1_Coll_add_pre.key 
80327      INFO  main            d.u.i.k.p.i.AbstractProblemLoader Loading environment from /home/runner/work/key/key/key.core/../key.ui/examples/heap/model_methods/Coll1_Coll_add_pre.key 
80327      DEBUG main            d.u.i.k.p.i.AbstractProblemLoader Environment load took 79.8ns 
80328      INFO  main            d.u.i.k.p.i.AbstractProblemLoader Creating init config 
83007      DEBUG main            d.u.i.k.p.i.AbstractProblemLoader Init config took 2.68s 
83047      INFO  main            d.u.i.k.p.i.AbstractProblemLoader Replaying proof Coll1[Coll::add_pre(int)].JML model_behavior operation contract.0 
83048      DEBUG main            d.u.i.k.p.i.IntermediateProofReplayer Proof replay took 5.2ns 
83150      INFO  main            d.u.i.k.p.r.p.TestFile    ... finished proof: closed. 
83328      INFO  main            d.u.i.k.p.i.AbstractProblemLoader Loading environment from /home/runner/work/key/key/key.core/../key.ui/examples/heap/model_methods/Coll1_Coll_add_pre.key.proof 
83328      DEBUG main            d.u.i.k.p.i.AbstractProblemLoader Environment load took 98.6ns 
83329      INFO  main            d.u.i.k.p.i.AbstractProblemLoader Creating init config 
85994      DEBUG main            d.u.i.k.p.i.AbstractProblemLoader Init config took 2.67s 
86036      INFO  main            d.u.i.k.p.i.AbstractProblemLoader Replaying proof Coll1[Coll::add_pre(int)].JML model_behavior operation contract.0 
86040      DEBUG main            d.u.i.k.p.i.IntermediateProofReplayer Proof replay took 1.98ms 
86041      DEBUG main            d.u.i.k.p.r.p.TestFile    ... success: reloaded. 
86043      INFO  main            d.u.i.k.p.r.p.TestFile    Now processing file /home/runner/work/key/key/key.core/../key.ui/examples/heap/model_methods/Coll2_add.key 
86043      INFO  main            d.u.i.k.p.i.AbstractProblemLoader Loading environment from /home/runner/work/key/key/key.core/../key.ui/examples/heap/model_methods/Coll2_add.key 
86043      DEBUG main            d.u.i.k.p.i.AbstractProblemLoader Environment load took 74.4ns 
86044      INFO  main            d.u.i.k.p.i.AbstractProblemLoader Creating init config 
88692      DEBUG main            d.u.i.k.p.i.AbstractProblemLoader Init config took 2.65s 
88732      INFO  main            d.u.i.k.p.i.AbstractProblemLoader Replaying proof Coll2[Coll::add(int)].JML operation contract.0 
88733      DEBUG main            d.u.i.k.p.i.IntermediateProofReplayer Proof replay took 5.7ns 
88838      INFO  main            d.u.i.k.p.r.p.TestFile    ... finished proof: closed. 
89020      INFO  main            d.u.i.k.p.i.AbstractProblemLoader Loading environment from /home/runner/work/key/key/key.core/../key.ui/examples/heap/model_methods/Coll2_add.key.proof 
89020      DEBUG main            d.u.i.k.p.i.AbstractProblemLoader Environment load took 105.1ns 
89021      INFO  main            d.u.i.k.p.i.AbstractProblemLoader Creating init config 
91690      DEBUG main            d.u.i.k.p.i.AbstractProblemLoader Init config took 2.67s 
91729      INFO  main            d.u.i.k.p.i.AbstractProblemLoader Replaying proof Coll2[Coll::add(int)].JML operation contract.0 
91737      DEBUG main            d.u.i.k.p.i.IntermediateProofReplayer Proof replay took 6.84ms 
91738      WARN  main            d.u.i.k.p.r.p.TestFile    Replay exception de.uka.ilkd.key.proof.io.ProblemLoaderException: Error loading proof.
Line 110, goal 20, rule Class_invariant_axiom_for_Coll2 not available or not applicable in this context.
	at de.uka.ilkd.key.proof.io.IntermediateProofReplayer.reportError(IntermediateProofReplayer.java:782)
Caused by: java.lang.IndexOutOfBoundsException: Index: 1, Size: 1
	at java.base/java.util.LinkedList.checkElementIndex(LinkedList.java:559)

91738      WARN  main            d.u.i.k.p.r.p.TestFile    Replay exception de.uka.ilkd.key.proof.io.ProblemLoaderException: Error loading proof.
Line 112, goal 23, rule Definition_axiom_for_add_pre_in_Coll2 not available or not applicable in this context.
	at de.uka.ilkd.key.proof.io.IntermediateProofReplayer.reportError(IntermediateProofReplayer.java:782)
Caused by: java.lang.IndexOutOfBoundsException: Index: 1, Size: 1
	at java.base/java.util.LinkedList.checkElementIndex(LinkedList.java:559)

91738      WARN  main            d.u.i.k.p.r.p.TestFile    Replay exception de.uka.ilkd.key.proof.io.ProblemLoaderException: Error loading proof.
Line 121, goal 33, rule Class_invariant_axiom_for_Coll2 not available or not applicable in this context.
	at de.uka.ilkd.key.proof.io.IntermediateProofReplayer.reportError(IntermediateProofReplayer.java:782)
Caused by: java.lang.IndexOutOfBoundsException: Index: 1, Size: 1
	at java.base/java.util.LinkedList.checkElementIndex(LinkedList.java:559)

91739      DEBUG main            d.u.i.k.p.r.p.TestFile    Exception java.lang.Exception: Exception while loading proof (see cause for details): /home/runner/work/key/key/key.core/../key.ui/examples/heap/model_methods/Coll2_add.key.proof
	at de.uka.ilkd.key.proof.runallproofs.proofcollection.TestFile.reloadProof(TestFile.java:314)
Caused by: de.uka.ilkd.key.proof.io.ProblemLoaderException: Error loading proof.
Line 110, goal 20, rule Class_invariant_axiom_for_Coll2 not available or not applicable in this context.
	at de.uka.ilkd.key.proof.io.IntermediateProofReplayer.reportError(IntermediateProofReplayer.java:782)
Caused by: java.lang.IndexOutOfBoundsException: Index: 1, Size: 1
	at java.base/java.util.LinkedList.checkElementIndex(LinkedList.java:559)

91739      WARN  main            d.u.i.k.p.r.p.ForkedTestFileRunner Run failed java.lang.Exception: Exception while loading proof (see cause for details): /home/runner/work/key/key/key.core/../key.ui/examples/heap/model_methods/Coll2_add.key.proof
	at de.uka.ilkd.key.proof.runallproofs.proofcollection.TestFile.reloadProof(TestFile.java:314)
Caused by: de.uka.ilkd.key.proof.io.ProblemLoaderException: Error loading proof.
Line 110, goal 20, rule Class_invariant_axiom_for_Coll2 not available or not applicable in this context.
	at de.uka.ilkd.key.proof.io.IntermediateProofReplayer.reportError(IntermediateProofReplayer.java:782)
Caused by: java.lang.IndexOutOfBoundsException: Index: 1, Size: 1
	at java.base/java.util.LinkedList.checkElementIndex(LinkedList.java:559)

91741      INFO  main            d.u.i.k.p.r.p.TestFile    Now processing file /home/runner/work/key/key/key.core/../key.ui/examples/heap/model_methods/Coll2_Coll2_add_pre.key 
91741      INFO  main            d.u.i.k.p.i.AbstractProblemLoader Loading environment from /home/runner/work/key/key/key.core/../key.ui/examples/heap/model_methods/Coll2_Coll2_add_pre.key 
91741      DEBUG main            d.u.i.k.p.i.AbstractProblemLoader Environment load took 144.7ns 
91742      INFO  main            d.u.i.k.p.i.AbstractProblemLoader Creating init config 
94509      DEBUG main            d.u.i.k.p.i.AbstractProblemLoader Init config took 2.77s 
94547      INFO  main            d.u.i.k.p.i.AbstractProblemLoader Replaying proof Coll2[Coll2::add_pre(int)].JML model_behavior operation contract.0 
94549      DEBUG main            d.u.i.k.p.i.IntermediateProofReplayer Proof replay took 5.7ns 
94654      INFO  main            d.u.i.k.p.r.p.TestFile    ... finished proof: closed. 
94844      INFO  main            d.u.i.k.p.i.AbstractProblemLoader Loading environment from /home/runner/work/key/key/key.core/../key.ui/examples/heap/model_methods/Coll2_Coll2_add_pre.key.proof 
94844      DEBUG main            d.u.i.k.p.i.AbstractProblemLoader Environment load took 92.1ns 
94845      INFO  main            d.u.i.k.p.i.AbstractProblemLoader Creating init config 
97472      DEBUG main            d.u.i.k.p.i.AbstractProblemLoader Init config took 2.63s 
97509      INFO  main            d.u.i.k.p.i.AbstractProblemLoader Replaying proof Coll2[Coll2::add_pre(int)].JML model_behavior operation contract.0 
97512      DEBUG main            d.u.i.k.p.i.IntermediateProofReplayer Proof replay took 1.28ms 
97513      DEBUG main            d.u.i.k.p.r.p.TestFile    ... success: reloaded. 
97515      INFO  main            d.u.i.k.p.r.p.TestFile    Now processing file /home/runner/work/key/key/key.core/../key.ui/examples/heap/model_methods/Coll2_Coll_add_pre.key 
97515      INFO  main            d.u.i.k.p.i.AbstractProblemLoader Loading environment from /home/runner/work/key/key/key.core/../key.ui/examples/heap/model_methods/Coll2_Coll_add_pre.key 
97515      DEBUG main            d.u.i.k.p.i.AbstractProblemLoader Environment load took 144.2ns 
97516      INFO  main            d.u.i.k.p.i.AbstractProblemLoader Creating init config 
100190     DEBUG main            d.u.i.k.p.i.AbstractProblemLoader Init config took 2.67s 
100229     INFO  main            d.u.i.k.p.i.AbstractProblemLoader Replaying proof Coll2[Coll::add_pre(int)].JML model_behavior operation contract.0 
100230     DEBUG main            d.u.i.k.p.i.IntermediateProofReplayer Proof replay took 6.3ns 
100334     INFO  main            d.u.i.k.p.r.p.TestFile    ... finished proof: closed. 
100527     INFO  main            d.u.i.k.p.i.AbstractProblemLoader Loading environment from /home/runner/work/key/key/key.core/../key.ui/examples/heap/model_methods/Coll2_Coll_add_pre.key.proof 
100527     DEBUG main            d.u.i.k.p.i.AbstractProblemLoader Environment load took 96.7ns 
100528     INFO  main            d.u.i.k.p.i.AbstractProblemLoader Creating init config 
103157     DEBUG main            d.u.i.k.p.i.AbstractProblemLoader Init config took 2.63s 
103195     INFO  main            d.u.i.k.p.i.AbstractProblemLoader Replaying proof Coll2[Coll::add_pre(int)].JML model_behavior operation contract.0 
103198     DEBUG main            d.u.i.k.p.i.IntermediateProofReplayer Proof replay took 1.97ms 
103199     DEBUG main            d.u.i.k.p.r.p.TestFile    ... success: reloaded. 
103201     INFO  main            d.u.i.k.p.r.p.TestFile    Now processing file /home/runner/work/key/key/key.core/../key.ui/examples/heap/model_methods/Coll_add.key 
103201     INFO  main            d.u.i.k.p.i.AbstractProblemLoader Loading environment from /home/runner/work/key/key/key.core/../key.ui/examples/heap/model_methods/Coll_add.key 
103201     DEBUG main            d.u.i.k.p.i.AbstractProblemLoader Environment load took 104.7ns 
103202     INFO  main            d.u.i.k.p.i.AbstractProblemLoader Creating init config 
105885     DEBUG main            d.u.i.k.p.i.AbstractProblemLoader Init config took 2.68s 
105923     INFO  main            d.u.i.k.p.i.AbstractProblemLoader Replaying proof Coll[Coll::add(int)].JML operation contract.0 
105925     DEBUG main            d.u.i.k.p.i.IntermediateProofReplayer Proof replay took 5.9ns 
106030     INFO  main            d.u.i.k.p.r.p.TestFile    ... finished proof: closed. 
106226     INFO  main            d.u.i.k.p.i.AbstractProblemLoader Loading environment from /home/runner/work/key/key/key.core/../key.ui/examples/heap/model_methods/Coll_add.key.proof 
106227     DEBUG main            d.u.i.k.p.i.AbstractProblemLoader Environment load took 110.7ns 
106227     INFO  main            d.u.i.k.p.i.AbstractProblemLoader Creating init config 
108851     DEBUG main            d.u.i.k.p.i.AbstractProblemLoader Init config took 2.62s 
108889     INFO  main            d.u.i.k.p.i.AbstractProblemLoader Replaying proof Coll[Coll::add(int)].JML operation contract.0 
108893     DEBUG main            d.u.i.k.p.i.IntermediateProofReplayer Proof replay took 1.98ms 
108894     DEBUG main            d.u.i.k.p.r.p.TestFile    ... success: reloaded. 
108896     INFO  main            d.u.i.k.p.r.p.TestFile    Now processing file /home/runner/work/key/key/key.core/../key.ui/examples/heap/model_methods/Coll_add_pre.key 
108896     INFO  main            d.u.i.k.p.i.AbstractProblemLoader Loading environment from /home/runner/work/key/key/key.core/../key.ui/examples/heap/model_methods/Coll_add_pre.key 
108896     DEBUG main            d.u.i.k.p.i.AbstractProblemLoader Environment load took 142.8ns 
108897     INFO  main            d.u.i.k.p.i.AbstractProblemLoader Creating init config 
111571     DEBUG main            d.u.i.k.p.i.AbstractProblemLoader Init config took 2.67s 
111609     INFO  main            d.u.i.k.p.i.AbstractProblemLoader Replaying proof Coll[Coll::add_pre(int)].JML model_behavior operation contract.0 
111611     DEBUG main            d.u.i.k.p.i.IntermediateProofReplayer Proof replay took 6ns 
111712     INFO  main            d.u.i.k.p.r.p.TestFile    ... finished proof: closed. 
111926     INFO  main            d.u.i.k.p.i.AbstractProblemLoader Loading environment from /home/runner/work/key/key/key.core/../key.ui/examples/heap/model_methods/Coll_add_pre.key.proof 
111926     DEBUG main            d.u.i.k.p.i.AbstractProblemLoader Environment load took 94ns 
111927     INFO  main            d.u.i.k.p.i.AbstractProblemLoader Creating init config 
114554     DEBUG main            d.u.i.k.p.i.AbstractProblemLoader Init config took 2.63s 
114591     INFO  main            d.u.i.k.p.i.AbstractProblemLoader Replaying proof Coll[Coll::add_pre(int)].JML model_behavior operation contract.0 
114595     DEBUG main            d.u.i.k.p.i.IntermediateProofReplayer Proof replay took 2.35ms 
114596     DEBUG main            d.u.i.k.p.r.p.TestFile    ... success: reloaded. 
114600     INFO  main            d.u.i.k.p.r.p.TestFile    Now processing file /home/runner/work/key/key/key.core/../key.ui/examples/heap/model_methods/Indirect_callAdd.key 
114600     INFO  main            d.u.i.k.p.i.AbstractProblemLoader Loading environment from /home/runner/work/key/key/key.core/../key.ui/examples/heap/model_methods/Indirect_callAdd.key 
114600     DEBUG main            d.u.i.k.p.i.AbstractProblemLoader Environment load took 80.7ns 
114601     INFO  main            d.u.i.k.p.i.AbstractProblemLoader Creating init config 
117285     DEBUG main            d.u.i.k.p.i.AbstractProblemLoader Init config took 2.68s 
117323     INFO  main            d.u.i.k.p.i.AbstractProblemLoader Replaying proof Indirect[Indirect::callAdd(Coll,int)].JML operation contract.0 
117324     DEBUG main            d.u.i.k.p.i.IntermediateProofReplayer Proof replay took 5.5ns 
117426     INFO  main            d.u.i.k.p.r.p.TestFile    ... finished proof: closed. 
117640     INFO  main            d.u.i.k.p.i.AbstractProblemLoader Loading environment from /home/runner/work/key/key/key.core/../key.ui/examples/heap/model_methods/Indirect_callAdd.key.proof 
117640     DEBUG main            d.u.i.k.p.i.AbstractProblemLoader Environment load took 97.9ns 
117642     INFO  main            d.u.i.k.p.i.AbstractProblemLoader Creating init config 
120256     DEBUG main            d.u.i.k.p.i.AbstractProblemLoader Init config took 2.61s 
120296     INFO  main            d.u.i.k.p.i.AbstractProblemLoader Replaying proof Indirect[Indirect::callAdd(Coll,int)].JML operation contract.0 
120321     DEBUG main            d.u.i.k.p.i.IntermediateProofReplayer Proof replay took 22.76ms 
120321     WARN  main            d.u.i.k.p.r.p.TestFile    Replay exception de.uka.ilkd.key.proof.io.ProblemLoaderException: Error loading proof.
Line 112, goal 22, rule Class_invariant_axiom_for_Indirect not available or not applicable in this context.
	at de.uka.ilkd.key.proof.io.IntermediateProofReplayer.reportError(IntermediateProofReplayer.java:782)
Caused by: java.lang.IndexOutOfBoundsException: Index: 1, Size: 1
	at java.base/java.util.LinkedList.checkElementIndex(LinkedList.java:559)

120322     WARN  main            d.u.i.k.p.r.p.TestFile    Replay exception de.uka.ilkd.key.proof.io.ProblemLoaderException: Error loading proof.
Line 129, goal 42, rule Class_invariant_axiom_for_Indirect not available or not applicable in this context.
	at de.uka.ilkd.key.proof.io.IntermediateProofReplayer.reportError(IntermediateProofReplayer.java:782)
Caused by: java.lang.IndexOutOfBoundsException: Index: 1, Size: 1
	at java.base/java.util.LinkedList.checkElementIndex(LinkedList.java:559)

120322     WARN  main            d.u.i.k.p.r.p.TestFile    Replay exception de.uka.ilkd.key.proof.io.ProblemLoaderException: Error loading proof.
Line 189, goal 99, rule Class_invariant_axiom_for_Indirect not available or not applicable in this context.
	at de.uka.ilkd.key.proof.io.IntermediateProofReplayer.reportError(IntermediateProofReplayer.java:782)
Caused by: java.lang.IndexOutOfBoundsException: Index: 1, Size: 1
	at java.base/java.util.LinkedList.checkElementIndex(LinkedList.java:559)

120322     DEBUG main            d.u.i.k.p.r.p.TestFile    Exception java.lang.Exception: Exception while loading proof (see cause for details): /home/runner/work/key/key/key.core/../key.ui/examples/heap/model_methods/Indirect_callAdd.key.proof
	at de.uka.ilkd.key.proof.runallproofs.proofcollection.TestFile.reloadProof(TestFile.java:314)
Caused by: de.uka.ilkd.key.proof.io.ProblemLoaderException: Error loading proof.
Line 112, goal 22, rule Class_invariant_axiom_for_Indirect not available or not applicable in this context.
	at de.uka.ilkd.key.proof.io.IntermediateProofReplayer.reportError(IntermediateProofReplayer.java:782)
Caused by: java.lang.IndexOutOfBoundsException: Index: 1, Size: 1
	at java.base/java.util.LinkedList.checkElementIndex(LinkedList.java:559)

120323     WARN  main            d.u.i.k.p.r.p.ForkedTestFileRunner Run failed java.lang.Exception: Exception while loading proof (see cause for details): /home/runner/work/key/key/key.core/../key.ui/examples/heap/model_methods/Indirect_callAdd.key.proof
	at de.uka.ilkd.key.proof.runallproofs.proofcollection.TestFile.reloadProof(TestFile.java:314)
Caused by: de.uka.ilkd.key.proof.io.ProblemLoaderException: Error loading proof.
Line 112, goal 22, rule Class_invariant_axiom_for_Indirect not available or not applicable in this context.
	at de.uka.ilkd.key.proof.io.IntermediateProofReplayer.reportError(IntermediateProofReplayer.java:782)
Caused by: java.lang.IndexOutOfBoundsException: Index: 1, Size: 1
	at java.base/java.util.LinkedList.checkElementIndex(LinkedList.java:559)

120324     INFO  main            d.u.i.k.p.r.p.TestFile    Now processing file /home/runner/work/key/key/key.core/../key.ui/examples/heap/model_methods/Indirect_test.key 
120324     INFO  main            d.u.i.k.p.i.AbstractProblemLoader Loading environment from /home/runner/work/key/key/key.core/../key.ui/examples/heap/model_methods/Indirect_test.key 
120325     DEBUG main            d.u.i.k.p.i.AbstractProblemLoader Environment load took 97.1ns 
120325     INFO  main            d.u.i.k.p.i.AbstractProblemLoader Creating init config 
122998     DEBUG main            d.u.i.k.p.i.AbstractProblemLoader Init config took 2.67s 
123036     INFO  main            d.u.i.k.p.i.AbstractProblemLoader Replaying proof Indirect[Indirect::test(Coll1,Coll2)].JML operation contract.0 
123038     DEBUG main            d.u.i.k.p.i.IntermediateProofReplayer Proof replay took 6.2ns 
123243     INFO  main            d.u.i.k.p.r.p.TestFile    ... finished proof: closed. 
123522     INFO  main            d.u.i.k.p.i.AbstractProblemLoader Loading environment from /home/runner/work/key/key/key.core/../key.ui/examples/heap/model_methods/Indirect_test.key.proof 
123522     DEBUG main            d.u.i.k.p.i.AbstractProblemLoader Environment load took 95.1ns 
123523     INFO  main            d.u.i.k.p.i.AbstractProblemLoader Creating init config 
126132     DEBUG main            d.u.i.k.p.i.AbstractProblemLoader Init config took 2.61s 
126172     INFO  main            d.u.i.k.p.i.AbstractProblemLoader Replaying proof Indirect[Indirect::test(Coll1,Coll2)].JML operation contract.0 
126223     DEBUG main            d.u.i.k.p.i.IntermediateProofReplayer Proof replay took 47.38ms 
126224     WARN  main            d.u.i.k.p.r.p.TestFile    Replay exception de.uka.ilkd.key.proof.io.ProblemLoaderException: Error loading proof.
Line 113, goal 23, rule Class_invariant_axiom_for_Indirect not available or not applicable in this context.
	at de.uka.ilkd.key.proof.io.IntermediateProofReplayer.reportError(IntermediateProofReplayer.java:782)
Caused by: java.lang.IndexOutOfBoundsException: Index: 1, Size: 1
	at java.base/java.util.LinkedList.checkElementIndex(LinkedList.java:559)

126224     WARN  main            d.u.i.k.p.r.p.TestFile    Replay exception de.uka.ilkd.key.proof.io.ProblemLoaderException: Error loading proof.
Line 115, goal 26, rule Class_invariant_axiom_for_Coll2 not available or not applicable in this context.
	at de.uka.ilkd.key.proof.io.IntermediateProofReplayer.reportError(IntermediateProofReplayer.java:782)
Caused by: java.lang.IndexOutOfBoundsException: Index: 1, Size: 1
	at java.base/java.util.LinkedList.checkElementIndex(LinkedList.java:559)

126224     WARN  main            d.u.i.k.p.r.p.TestFile    Replay exception de.uka.ilkd.key.proof.io.ProblemLoaderException: Error loading proof.
Line 128, goal 41, rule Class_invariant_axiom_for_Indirect not available or not applicable in this context.
	at de.uka.ilkd.key.proof.io.IntermediateProofReplayer.reportError(IntermediateProofReplayer.java:782)
Caused by: java.lang.IndexOutOfBoundsException: Index: 1, Size: 1
	at java.base/java.util.LinkedList.checkElementIndex(LinkedList.java:559)

126224     WARN  main            d.u.i.k.p.r.p.TestFile    Replay exception de.uka.ilkd.key.proof.io.ProblemLoaderException: Error loading proof.
Line 139, goal 54, rule Class_invariant_axiom_for_Indirect not available or not applicable in this context.
	at de.uka.ilkd.key.proof.io.IntermediateProofReplayer.reportError(IntermediateProofReplayer.java:782)
Caused by: java.lang.IndexOutOfBoundsException: Index: 1, Size: 1
	at java.base/java.util.LinkedList.checkElementIndex(LinkedList.java:559)

126225     WARN  main            d.u.i.k.p.r.p.TestFile    Replay exception de.uka.ilkd.key.proof.io.ProblemLoaderException: Error loading proof.
Line 145, goal 61, rule Class_invariant_axiom_for_Indirect not available or not applicable in this context.
	at de.uka.ilkd.key.proof.io.IntermediateProofReplayer.reportError(IntermediateProofReplayer.java:782)
Caused by: java.lang.IndexOutOfBoundsException: Index: 1, Size: 1
	at java.base/java.util.LinkedList.checkElementIndex(LinkedList.java:559)

126225     WARN  main            d.u.i.k.p.r.p.TestFile    Replay exception de.uka.ilkd.key.proof.io.ProblemLoaderException: Error loading proof.
Line 175, goal 90, rule Class_invariant_axiom_for_Indirect not available or not applicable in this context.
	at de.uka.ilkd.key.proof.io.IntermediateProofReplayer.reportError(IntermediateProofReplayer.java:782)
Caused by: java.lang.IndexOutOfBoundsException: Index: 1, Size: 1
	at java.base/java.util.LinkedList.checkElementIndex(LinkedList.java:559)

126225     WARN  main            d.u.i.k.p.r.p.TestFile    Replay exception de.uka.ilkd.key.proof.io.ProblemLoaderException: Error loading proof.
Line 212, goal 126, rule Class_invariant_axiom_for_Indirect not available or not applicable in this context.
	at de.uka.ilkd.key.proof.io.IntermediateProofReplayer.reportError(IntermediateProofReplayer.java:782)
Caused by: java.lang.IndexOutOfBoundsException: Index: 1, Size: 1
	at java.base/java.util.LinkedList.checkElementIndex(LinkedList.java:559)

126225     WARN  main            d.u.i.k.p.r.p.TestFile    Replay exception de.uka.ilkd.key.proof.io.ProblemLoaderException: Error loading proof.
Line 234, goal 142, rule replaceKnownSelect_taclet20_0 not available or not applicable in this context.
	at de.uka.ilkd.key.proof.io.IntermediateProofReplayer.reportError(IntermediateProofReplayer.java:782)
Caused by: de.uka.ilkd.key.proof.io.IntermediateProofReplayer$TacletAppConstructionException: Unknown taclet with name "replaceKnownSelect_taclet20_0"
	at de.uka.ilkd.key.proof.io.IntermediateProofReplayer.constructTacletApp(IntermediateProofReplayer.java:432)

126225     WARN  main            d.u.i.k.p.r.p.TestFile    Replay exception de.uka.ilkd.key.proof.io.ProblemLoaderException: Error loading proof.
Line 291, goal 164, rule Class_invariant_axiom_for_Indirect not available or not applicable in this context.
	at de.uka.ilkd.key.proof.io.IntermediateProofReplayer.reportError(IntermediateProofReplayer.java:782)
Caused by: java.lang.IndexOutOfBoundsException: Index: 1, Size: 1
	at java.base/java.util.LinkedList.checkElementIndex(LinkedList.java:559)

126226     WARN  main            d.u.i.k.p.r.p.TestFile    Replay exception de.uka.ilkd.key.proof.io.ProblemLoaderException: Error loading proof.
Line 328, goal 200, rule Class_invariant_axiom_for_Indirect not available or not applicable in this context.
	at de.uka.ilkd.key.proof.io.IntermediateProofReplayer.reportError(IntermediateProofReplayer.java:782)
Caused by: java.lang.IndexOutOfBoundsException: Index: 1, Size: 1
	at java.base/java.util.LinkedList.checkElementIndex(LinkedList.java:559)

126226     WARN  main            d.u.i.k.p.r.p.TestFile    Replay exception de.uka.ilkd.key.proof.io.ProblemLoaderException: Error loading proof.
Line 352, goal 219, rule Class_invariant_axiom_for_Indirect not available or not applicable in this context.
	at de.uka.ilkd.key.proof.io.IntermediateProofReplayer.reportError(IntermediateProofReplayer.java:782)
Caused by: java.lang.IndexOutOfBoundsException: Index: 1, Size: 1
	at java.base/java.util.LinkedList.checkElementIndex(LinkedList.java:559)

126226     DEBUG main            d.u.i.k.p.r.p.TestFile    Exception java.lang.Exception: Exception while loading proof (see cause for details): /home/runner/work/key/key/key.core/../key.ui/examples/heap/model_methods/Indirect_test.key.proof
	at de.uka.ilkd.key.proof.runallproofs.proofcollection.TestFile.reloadProof(TestFile.java:314)
Caused by: de.uka.ilkd.key.proof.io.ProblemLoaderException: Error loading proof.
Line 113, goal 23, rule Class_invariant_axiom_for_Indirect not available or not applicable in this context.
	at de.uka.ilkd.key.proof.io.IntermediateProofReplayer.reportError(IntermediateProofReplayer.java:782)
Caused by: java.lang.IndexOutOfBoundsException: Index: 1, Size: 1
	at java.base/java.util.LinkedList.checkElementIndex(LinkedList.java:559)

126227     WARN  main            d.u.i.k.p.r.p.ForkedTestFileRunner Run failed java.lang.Exception: Exception while loading proof (see cause for details): /home/runner/work/key/key/key.core/../key.ui/examples/heap/model_methods/Indirect_test.key.proof
	at de.uka.ilkd.key.proof.runallproofs.proofcollection.TestFile.reloadProof(TestFile.java:314)
Caused by: de.uka.ilkd.key.proof.io.ProblemLoaderException: Error loading proof.
Line 113, goal 23, rule Class_invariant_axiom_for_Indirect not available or not applicable in this context.
	at de.uka.ilkd.key.proof.io.IntermediateProofReplayer.reportError(IntermediateProofReplayer.java:782)
Caused by: java.lang.IndexOutOfBoundsException: Index: 1, Size: 1
	at java.base/java.util.LinkedList.checkElementIndex(LinkedList.java:559)

126230     INFO  main            d.u.i.k.p.r.p.TestFile    Now processing file /home/runner/work/key/key/key.core/../key.ui/examples/heap/model_methods/Recell_Cell_footprint.key 
126230     INFO  main            d.u.i.k.p.i.AbstractProblemLoader Loading environment from /home/runner/work/key/key/key.core/../key.ui/examples/heap/model_methods/Recell_Cell_footprint.key 
126231     DEBUG main            d.u.i.k.p.i.AbstractProblemLoader Environment load took 155.1ns 
126231     INFO  main            d.u.i.k.p.i.AbstractProblemLoader Creating init config 
129043     DEBUG main            d.u.i.k.p.i.AbstractProblemLoader Init config took 2.81s 
129098     INFO  main            d.u.i.k.p.i.AbstractProblemLoader Replaying proof Recell[Cell::footprint()].JML model_behavior operation contract.0 
129099     DEBUG main            d.u.i.k.p.i.IntermediateProofReplayer Proof replay took 6.6ns 
129202     INFO  main            d.u.i.k.p.r.p.TestFile    ... finished proof: closed. 
129418     INFO  main            d.u.i.k.p.i.AbstractProblemLoader Loading environment from /home/runner/work/key/key/key.core/../key.ui/examples/heap/model_methods/Recell_Cell_footprint.key.proof 
129418     DEBUG main            d.u.i.k.p.i.AbstractProblemLoader Environment load took 96.5ns 
129419     INFO  main            d.u.i.k.p.i.AbstractProblemLoader Creating init config 
132039     DEBUG main            d.u.i.k.p.i.AbstractProblemLoader Init config took 2.62s 
132076     INFO  main            d.u.i.k.p.i.AbstractProblemLoader Replaying proof Recell[Cell::footprint()].JML model_behavior operation contract.0 
132080     DEBUG main            d.u.i.k.p.i.IntermediateProofReplayer Proof replay took 2.52ms 
132081     DEBUG main            d.u.i.k.p.r.p.TestFile    ... success: reloaded. 
132083     INFO  main            d.u.i.k.p.r.p.TestFile    Now processing file /home/runner/work/key/key/key.core/../key.ui/examples/heap/model_methods/Recell_Cell_post_set.key 
132083     INFO  main            d.u.i.k.p.i.AbstractProblemLoader Loading environment from /home/runner/work/key/key/key.core/../key.ui/examples/heap/model_methods/Recell_Cell_post_set.key 
132084     DEBUG main            d.u.i.k.p.i.AbstractProblemLoader Environment load took 153.1ns 
132084     INFO  main            d.u.i.k.p.i.AbstractProblemLoader Creating init config 
134767     DEBUG main            d.u.i.k.p.i.AbstractProblemLoader Init config took 2.68s 
134804     INFO  main            d.u.i.k.p.i.AbstractProblemLoader Replaying proof Recell[Cell::post_set(int)].JML model_behavior operation contract.0 
134805     DEBUG main            d.u.i.k.p.i.IntermediateProofReplayer Proof replay took 5.9ns 
134910     INFO  main            d.u.i.k.p.r.p.TestFile    ... finished proof: closed. 
135134     INFO  main            d.u.i.k.p.i.AbstractProblemLoader Loading environment from /home/runner/work/key/key/key.core/../key.ui/examples/heap/model_methods/Recell_Cell_post_set.key.proof 
135135     DEBUG main            d.u.i.k.p.i.AbstractProblemLoader Environment load took 89.5ns 
135135     INFO  main            d.u.i.k.p.i.AbstractProblemLoader Creating init config 
137755     DEBUG main            d.u.i.k.p.i.AbstractProblemLoader Init config took 2.62s 
137791     INFO  main            d.u.i.k.p.i.AbstractProblemLoader Replaying proof Recell[Cell::post_set(int)].JML model_behavior operation contract.0 
137796     DEBUG main            d.u.i.k.p.i.IntermediateProofReplayer Proof replay took 3.5ms 
137797     DEBUG main            d.u.i.k.p.r.p.TestFile    ... success: reloaded. 
137799     INFO  main            d.u.i.k.p.r.p.TestFile    Now processing file /home/runner/work/key/key/key.core/../key.ui/examples/heap/model_methods/Recell_footprint_acc.key 
137799     INFO  main            d.u.i.k.p.i.AbstractProblemLoader Loading environment from /home/runner/work/key/key/key.core/../key.ui/examples/heap/model_methods/Recell_footprint_acc.key 
137799     DEBUG main            d.u.i.k.p.i.AbstractProblemLoader Environment load took 47.6ns 
137800     INFO  main            d.u.i.k.p.i.AbstractProblemLoader Creating init config 
140466     DEBUG main            d.u.i.k.p.i.AbstractProblemLoader Init config took 2.67s 
140502     INFO  main            d.u.i.k.p.i.AbstractProblemLoader Replaying proof Recell[Cell::footprint()].JML accessible clause.0 
140503     DEBUG main            d.u.i.k.p.i.IntermediateProofReplayer Proof replay took 6.5ns 
140608     INFO  main            d.u.i.k.p.r.p.TestFile    ... finished proof: closed. 
140904     INFO  main            d.u.i.k.p.i.AbstractProblemLoader Loading environment from /home/runner/work/key/key/key.core/../key.ui/examples/heap/model_methods/Recell_footprint_acc.key.proof 
140904     DEBUG main            d.u.i.k.p.i.AbstractProblemLoader Environment load took 85.4ns 
140905     INFO  main            d.u.i.k.p.i.AbstractProblemLoader Creating init config 
143543     DEBUG main            d.u.i.k.p.i.AbstractProblemLoader Init config took 2.64s 
143585     INFO  main            d.u.i.k.p.i.AbstractProblemLoader Replaying proof Recell[Cell::footprint()].JML accessible clause.0 
143606     DEBUG main            d.u.i.k.p.i.IntermediateProofReplayer Proof replay took 18.75ms 
143606     WARN  main            d.u.i.k.p.r.p.TestFile    Replay exception de.uka.ilkd.key.proof.io.ProblemLoaderException: Error loading proof.
Line 132, goal 42, rule Class_invariant_axiom_for_Recell not available or not applicable in this context.
	at de.uka.ilkd.key.proof.io.IntermediateProofReplayer.reportError(IntermediateProofReplayer.java:782)
Caused by: java.lang.IndexOutOfBoundsException: Index: 1, Size: 1
	at java.base/java.util.LinkedList.checkElementIndex(LinkedList.java:559)

143606     WARN  main            d.u.i.k.p.r.p.TestFile    Replay exception de.uka.ilkd.key.proof.io.ProblemLoaderException: Error loading proof.
Line 134, goal 45, rule Definition_axiom_for_footprint_in_Recell not available or not applicable in this context.
	at de.uka.ilkd.key.proof.io.IntermediateProofReplayer.reportError(IntermediateProofReplayer.java:782)
Caused by: java.lang.IndexOutOfBoundsException: Index: 1, Size: 1
	at java.base/java.util.LinkedList.checkElementIndex(LinkedList.java:559)

143606     WARN  main            d.u.i.k.p.r.p.TestFile    Replay exception de.uka.ilkd.key.proof.io.ProblemLoaderException: Error loading proof.
Line 193, goal 105, rule Definition_axiom_for_footprint_in_Recell not available or not applicable in this context.
	at de.uka.ilkd.key.proof.io.IntermediateProofReplayer.reportError(IntermediateProofReplayer.java:782)
Caused by: java.lang.IndexOutOfBoundsException: Index: 1, Size: 1
	at java.base/java.util.LinkedList.checkElementIndex(LinkedList.java:559)

143607     WARN  main            d.u.i.k.p.r.p.TestFile    Replay exception de.uka.ilkd.key.proof.io.ProblemLoaderException: Error loading proof.
Line 206, goal 119, rule Definition_axiom_for_footprint_in_Recell not available or not applicable in this context.
	at de.uka.ilkd.key.proof.io.IntermediateProofReplayer.reportError(IntermediateProofReplayer.java:782)
Caused by: java.lang.IndexOutOfBoundsException: Index: 1, Size: 1
	at java.base/java.util.LinkedList.checkElementIndex(LinkedList.java:559)

143607     WARN  main            d.u.i.k.p.r.p.TestFile    Replay exception de.uka.ilkd.key.proof.io.ProblemLoaderException: Error loading proof.
Line 213, goal 127, rule Definition_axiom_for_footprint_in_Recell not available or not applicable in this context.
	at de.uka.ilkd.key.proof.io.IntermediateProofReplayer.reportError(IntermediateProofReplayer.java:782)
Caused by: java.lang.IndexOutOfBoundsException: Index: 1, Size: 1
	at java.base/java.util.LinkedList.checkElementIndex(LinkedList.java:559)

143607     WARN  main            d.u.i.k.p.r.p.TestFile    Replay exception de.uka.ilkd.key.proof.io.ProblemLoaderException: Error loading proof.
Line 219, goal 134, rule Definition_axiom_for_footprint_in_Recell not available or not applicable in this context.
	at de.uka.ilkd.key.proof.io.IntermediateProofReplayer.reportError(IntermediateProofReplayer.java:782)
Caused by: java.lang.IndexOutOfBoundsException: Index: 1, Size: 1
	at java.base/java.util.LinkedList.checkElementIndex(LinkedList.java:559)

143607     DEBUG main            d.u.i.k.p.r.p.TestFile    Exception java.lang.Exception: Exception while loading proof (see cause for details): /home/runner/work/key/key/key.core/../key.ui/examples/heap/model_methods/Recell_footprint_acc.key.proof
	at de.uka.ilkd.key.proof.runallproofs.proofcollection.TestFile.reloadProof(TestFile.java:314)
Caused by: de.uka.ilkd.key.proof.io.ProblemLoaderException: Error loading proof.
Line 132, goal 42, rule Class_invariant_axiom_for_Recell not available or not applicable in this context.
	at de.uka.ilkd.key.proof.io.IntermediateProofReplayer.reportError(IntermediateProofReplayer.java:782)
Caused by: java.lang.IndexOutOfBoundsException: Index: 1, Size: 1
	at java.base/java.util.LinkedList.checkElementIndex(LinkedList.java:559)

143607     WARN  main            d.u.i.k.p.r.p.ForkedTestFileRunner Run failed java.lang.Exception: Exception while loading proof (see cause for details): /home/runner/work/key/key/key.core/../key.ui/examples/heap/model_methods/Recell_footprint_acc.key.proof
	at de.uka.ilkd.key.proof.runallproofs.proofcollection.TestFile.reloadProof(TestFile.java:314)
Caused by: de.uka.ilkd.key.proof.io.ProblemLoaderException: Error loading proof.
Line 132, goal 42, rule Class_invariant_axiom_for_Recell not available or not applicable in this context.
	at de.uka.ilkd.key.proof.io.IntermediateProofReplayer.reportError(IntermediateProofReplayer.java:782)
Caused by: java.lang.IndexOutOfBoundsException: Index: 1, Size: 1
	at java.base/java.util.LinkedList.checkElementIndex(LinkedList.java:559)

143610     INFO  main            d.u.i.k.p.r.p.TestFile    Now processing file /home/runner/work/key/key/key.core/../key.ui/examples/heap/model_methods/Recell_get_acc.key 
143610     INFO  main            d.u.i.k.p.i.AbstractProblemLoader Loading environment from /home/runner/work/key/key/key.core/../key.ui/examples/heap/model_methods/Recell_get_acc.key 
143610     DEBUG main            d.u.i.k.p.i.AbstractProblemLoader Environment load took 141.8ns 
143611     INFO  main            d.u.i.k.p.i.AbstractProblemLoader Creating init config 
146356     DEBUG main            d.u.i.k.p.i.AbstractProblemLoader Init config took 2.74s 
146396     INFO  main            d.u.i.k.p.i.AbstractProblemLoader Replaying proof Recell[Cell::get()].JML accessible clause.0 
146397     DEBUG main            d.u.i.k.p.i.IntermediateProofReplayer Proof replay took 5.5ns 
146498     INFO  main            d.u.i.k.p.r.p.TestFile    ... finished proof: closed. 
146757     INFO  main            d.u.i.k.p.i.AbstractProblemLoader Loading environment from /home/runner/work/key/key/key.core/../key.ui/examples/heap/model_methods/Recell_get_acc.key.proof 
146757     DEBUG main            d.u.i.k.p.i.AbstractProblemLoader Environment load took 82ns 
146758     INFO  main            d.u.i.k.p.i.AbstractProblemLoader Creating init config 
149368     DEBUG main            d.u.i.k.p.i.AbstractProblemLoader Init config took 2.61s 
149404     INFO  main            d.u.i.k.p.i.AbstractProblemLoader Replaying proof Recell[Cell::get()].JML accessible clause.0 
149417     DEBUG main            d.u.i.k.p.i.IntermediateProofReplayer Proof replay took 11.13ms 
149418     WARN  main            d.u.i.k.p.r.p.TestFile    Replay exception de.uka.ilkd.key.proof.io.ProblemLoaderException: Error loading proof.
Line 126, goal 36, rule Definition_axiom_for_footprint_in_Recell not available or not applicable in this context.
	at de.uka.ilkd.key.proof.io.IntermediateProofReplayer.reportError(IntermediateProofReplayer.java:782)
Caused by: java.lang.IndexOutOfBoundsException: Index: 1, Size: 1
	at java.base/java.util.LinkedList.checkElementIndex(LinkedList.java:559)

149418     WARN  main            d.u.i.k.p.r.p.TestFile    Replay exception de.uka.ilkd.key.proof.io.ProblemLoaderException: Error loading proof.
Line 127, goal 38, rule Class_invariant_axiom_for_Recell not available or not applicable in this context.
	at de.uka.ilkd.key.proof.io.IntermediateProofReplayer.reportError(IntermediateProofReplayer.java:782)
Caused by: java.lang.IndexOutOfBoundsException: Index: 1, Size: 1
	at java.base/java.util.LinkedList.checkElementIndex(LinkedList.java:559)

149418     WARN  main            d.u.i.k.p.r.p.TestFile    Replay exception de.uka.ilkd.key.proof.io.ProblemLoaderException: Error loading proof.
Line 151, goal 63, rule Definition_axiom_for_footprint_in_Recell not available or not applicable in this context.
	at de.uka.ilkd.key.proof.io.IntermediateProofReplayer.reportError(IntermediateProofReplayer.java:782)
Caused by: java.lang.IndexOutOfBoundsException: Index: 1, Size: 1
	at java.base/java.util.LinkedList.checkElementIndex(LinkedList.java:559)

149418     WARN  main            d.u.i.k.p.r.p.TestFile    Replay exception de.uka.ilkd.key.proof.io.ProblemLoaderException: Error loading proof.
Line 160, goal 73, rule Definition_axiom_for_footprint_in_Recell not available or not applicable in this context.
	at de.uka.ilkd.key.proof.io.IntermediateProofReplayer.reportError(IntermediateProofReplayer.java:782)
Caused by: java.lang.IndexOutOfBoundsException: Index: 1, Size: 1
	at java.base/java.util.LinkedList.checkElementIndex(LinkedList.java:559)

149418     WARN  main            d.u.i.k.p.r.p.TestFile    Replay exception de.uka.ilkd.key.proof.io.ProblemLoaderException: Error loading proof.
Line 175, goal 88, rule One Step Simplification not available or not applicable in this context.
	at de.uka.ilkd.key.proof.io.IntermediateProofReplayer.reportError(IntermediateProofReplayer.java:782)
Caused by: de.uka.ilkd.key.proof.io.IntermediateProofReplayer$BuiltInConstructionException: One Step Simplification is missing. Most probably the binary for this built-in rule is not in your path or you do not have the permission to execute it.
	at de.uka.ilkd.key.proof.io.IntermediateProofReplayer.constructBuiltinApp(IntermediateProofReplayer.java:630)

149419     DEBUG main            d.u.i.k.p.r.p.TestFile    Exception java.lang.Exception: Exception while loading proof (see cause for details): /home/runner/work/key/key/key.core/../key.ui/examples/heap/model_methods/Recell_get_acc.key.proof
	at de.uka.ilkd.key.proof.runallproofs.proofcollection.TestFile.reloadProof(TestFile.java:314)
Caused by: de.uka.ilkd.key.proof.io.ProblemLoaderException: Error loading proof.
Line 126, goal 36, rule Definition_axiom_for_footprint_in_Recell not available or not applicable in this context.
	at de.uka.ilkd.key.proof.io.IntermediateProofReplayer.reportError(IntermediateProofReplayer.java:782)
Caused by: java.lang.IndexOutOfBoundsException: Index: 1, Size: 1
	at java.base/java.util.LinkedList.checkElementIndex(LinkedList.java:559)

149419     WARN  main            d.u.i.k.p.r.p.ForkedTestFileRunner Run failed java.lang.Exception: Exception while loading proof (see cause for details): /home/runner/work/key/key/key.core/../key.ui/examples/heap/model_methods/Recell_get_acc.key.proof
	at de.uka.ilkd.key.proof.runallproofs.proofcollection.TestFile.reloadProof(TestFile.java:314)
Caused by: de.uka.ilkd.key.proof.io.ProblemLoaderException: Error loading proof.
Line 126, goal 36, rule Definition_axiom_for_footprint_in_Recell not available or not applicable in this context.
	at de.uka.ilkd.key.proof.io.IntermediateProofReplayer.reportError(IntermediateProofReplayer.java:782)
Caused by: java.lang.IndexOutOfBoundsException: Index: 1, Size: 1
	at java.base/java.util.LinkedList.checkElementIndex(LinkedList.java:559)

149421     INFO  main            d.u.i.k.p.r.p.TestFile    Now processing file /home/runner/work/key/key/key.core/../key.ui/examples/heap/model_methods/Recell_get.key 
149422     INFO  main            d.u.i.k.p.i.AbstractProblemLoader Loading environment from /home/runner/work/key/key/key.core/../key.ui/examples/heap/model_methods/Recell_get.key 
149422     DEBUG main            d.u.i.k.p.i.AbstractProblemLoader Environment load took 99.9ns 
149423     INFO  main            d.u.i.k.p.i.AbstractProblemLoader Creating init config 
152091     DEBUG main            d.u.i.k.p.i.AbstractProblemLoader Init config took 2.67s 
152129     INFO  main            d.u.i.k.p.i.AbstractProblemLoader Replaying proof Recell[Cell::get()].JML operation contract.0 
152130     DEBUG main            d.u.i.k.p.i.IntermediateProofReplayer Proof replay took 6ns 
152232     INFO  main            d.u.i.k.p.r.p.TestFile    ... finished proof: closed. 
152471     INFO  main            d.u.i.k.p.i.AbstractProblemLoader Loading environment from /home/runner/work/key/key/key.core/../key.ui/examples/heap/model_methods/Recell_get.key.proof 
152471     DEBUG main            d.u.i.k.p.i.AbstractProblemLoader Environment load took 84.9ns 
152472     INFO  main            d.u.i.k.p.i.AbstractProblemLoader Creating init config 
155069     DEBUG main            d.u.i.k.p.i.AbstractProblemLoader Init config took 2.6s 
155106     INFO  main            d.u.i.k.p.i.AbstractProblemLoader Replaying proof Recell[Cell::get()].JML operation contract.0 
155112     DEBUG main            d.u.i.k.p.i.IntermediateProofReplayer Proof replay took 4.56ms 
155113     WARN  main            d.u.i.k.p.r.p.TestFile    Replay exception de.uka.ilkd.key.proof.io.ProblemLoaderException: Error loading proof.
Line 103, goal 13, rule Class_invariant_axiom_for_Recell not available or not applicable in this context.
	at de.uka.ilkd.key.proof.io.IntermediateProofReplayer.reportError(IntermediateProofReplayer.java:782)
Caused by: java.lang.IndexOutOfBoundsException: Index: 1, Size: 1
	at java.base/java.util.LinkedList.checkElementIndex(LinkedList.java:559)

155113     WARN  main            d.u.i.k.p.r.p.TestFile    Replay exception de.uka.ilkd.key.proof.io.ProblemLoaderException: Error loading proof.
Line 111, goal 21, rule One Step Simplification not available or not applicable in this context.
	at de.uka.ilkd.key.proof.io.IntermediateProofReplayer.reportError(IntermediateProofReplayer.java:782)
Caused by: de.uka.ilkd.key.proof.io.IntermediateProofReplayer$BuiltInConstructionException: One Step Simplification is missing. Most probably the binary for this built-in rule is not in your path or you do not have the permission to execute it.
	at de.uka.ilkd.key.proof.io.IntermediateProofReplayer.constructBuiltinApp(IntermediateProofReplayer.java:630)

155113     DEBUG main            d.u.i.k.p.r.p.TestFile    Exception java.lang.Exception: Exception while loading proof (see cause for details): /home/runner/work/key/key/key.core/../key.ui/examples/heap/model_methods/Recell_get.key.proof
	at de.uka.ilkd.key.proof.runallproofs.proofcollection.TestFile.reloadProof(TestFile.java:314)
Caused by: de.uka.ilkd.key.proof.io.ProblemLoaderException: Error loading proof.
Line 103, goal 13, rule Class_invariant_axiom_for_Recell not available or not applicable in this context.
	at de.uka.ilkd.key.proof.io.IntermediateProofReplayer.reportError(IntermediateProofReplayer.java:782)
Caused by: java.lang.IndexOutOfBoundsException: Index: 1, Size: 1
	at java.base/java.util.LinkedList.checkElementIndex(LinkedList.java:559)

155114     WARN  main            d.u.i.k.p.r.p.ForkedTestFileRunner Run failed java.lang.Exception: Exception while loading proof (see cause for details): /home/runner/work/key/key/key.core/../key.ui/examples/heap/model_methods/Recell_get.key.proof
	at de.uka.ilkd.key.proof.runallproofs.proofcollection.TestFile.reloadProof(TestFile.java:314)
Caused by: de.uka.ilkd.key.proof.io.ProblemLoaderException: Error loading proof.
Line 103, goal 13, rule Class_invariant_axiom_for_Recell not available or not applicable in this context.
	at de.uka.ilkd.key.proof.io.IntermediateProofReplayer.reportError(IntermediateProofReplayer.java:782)
Caused by: java.lang.IndexOutOfBoundsException: Index: 1, Size: 1
	at java.base/java.util.LinkedList.checkElementIndex(LinkedList.java:559)

155115     INFO  main            d.u.i.k.p.r.p.TestFile    Now processing file /home/runner/work/key/key/key.core/../key.ui/examples/heap/model_methods/Recell_Recell_footprint.key 
155115     INFO  main            d.u.i.k.p.i.AbstractProblemLoader Loading environment from /home/runner/work/key/key/key.core/../key.ui/examples/heap/model_methods/Recell_Recell_footprint.key 
155115     DEBUG main            d.u.i.k.p.i.AbstractProblemLoader Environment load took 70ns 
155116     INFO  main            d.u.i.k.p.i.AbstractProblemLoader Creating init config 
157787     DEBUG main            d.u.i.k.p.i.AbstractProblemLoader Init config took 2.67s 
157824     INFO  main            d.u.i.k.p.i.AbstractProblemLoader Replaying proof Recell[Recell::footprint()].JML model_behavior operation contract.0 
157825     DEBUG main            d.u.i.k.p.i.IntermediateProofReplayer Proof replay took 6.8ns 
157926     INFO  main            d.u.i.k.p.r.p.TestFile    ... finished proof: closed. 
158174     INFO  main            d.u.i.k.p.i.AbstractProblemLoader Loading environment from /home/runner/work/key/key/key.core/../key.ui/examples/heap/model_methods/Recell_Recell_footprint.key.proof 
158174     DEBUG main            d.u.i.k.p.i.AbstractProblemLoader Environment load took 81.4ns 
158175     INFO  main            d.u.i.k.p.i.AbstractProblemLoader Creating init config 
160776     DEBUG main            d.u.i.k.p.i.AbstractProblemLoader Init config took 2.6s 
160813     INFO  main            d.u.i.k.p.i.AbstractProblemLoader Replaying proof Recell[Recell::footprint()].JML model_behavior operation contract.0 
160815     DEBUG main            d.u.i.k.p.i.IntermediateProofReplayer Proof replay took 1.17ms 
160816     DEBUG main            d.u.i.k.p.r.p.TestFile    ... success: reloaded. 
160818     INFO  main            d.u.i.k.p.r.p.TestFile    Now processing file /home/runner/work/key/key/key.core/../key.ui/examples/heap/model_methods/Recell_Recell_post_set.key 
160818     INFO  main            d.u.i.k.p.i.AbstractProblemLoader Loading environment from /home/runner/work/key/key/key.core/../key.ui/examples/heap/model_methods/Recell_Recell_post_set.key 
160819     DEBUG main            d.u.i.k.p.i.AbstractProblemLoader Environment load took 122.6ns 
160819     INFO  main            d.u.i.k.p.i.AbstractProblemLoader Creating init config 
163494     DEBUG main            d.u.i.k.p.i.AbstractProblemLoader Init config took 2.68s 
163533     INFO  main            d.u.i.k.p.i.AbstractProblemLoader Replaying proof Recell[Recell::post_set(int)].JML model_behavior operation contract.0 
163534     DEBUG main            d.u.i.k.p.i.IntermediateProofReplayer Proof replay took 7.5ns 
163635     INFO  main            d.u.i.k.p.r.p.TestFile    ... finished proof: closed. 
163888     INFO  main            d.u.i.k.p.i.AbstractProblemLoader Loading environment from /home/runner/work/key/key/key.core/../key.ui/examples/heap/model_methods/Recell_Recell_post_set.key.proof 
163888     DEBUG main            d.u.i.k.p.i.AbstractProblemLoader Environment load took 82ns 
163889     INFO  main            d.u.i.k.p.i.AbstractProblemLoader Creating init config 
166499     DEBUG main            d.u.i.k.p.i.AbstractProblemLoader Init config took 2.61s 
166535     INFO  main            d.u.i.k.p.i.AbstractProblemLoader Replaying proof Recell[Recell::post_set(int)].JML model_behavior operation contract.0 
166539     DEBUG main            d.u.i.k.p.i.IntermediateProofReplayer Proof replay took 2.07ms 
166540     DEBUG main            d.u.i.k.p.r.p.TestFile    ... success: reloaded. 
166542     INFO  main            d.u.i.k.p.r.p.TestFile    Now processing file /home/runner/work/key/key/key.core/../key.ui/examples/heap/model_methods/Recell_set.key 
166542     INFO  main            d.u.i.k.p.i.AbstractProblemLoader Loading environment from /home/runner/work/key/key/key.core/../key.ui/examples/heap/model_methods/Recell_set.key 
166542     DEBUG main            d.u.i.k.p.i.AbstractProblemLoader Environment load took 69.1ns 
166543     INFO  main            d.u.i.k.p.i.AbstractProblemLoader Creating init config 
169208     DEBUG main            d.u.i.k.p.i.AbstractProblemLoader Init config took 2.67s 
169245     INFO  main            d.u.i.k.p.i.AbstractProblemLoader Replaying proof Recell[Cell::set(int)].JML operation contract.0 
169247     DEBUG main            d.u.i.k.p.i.IntermediateProofReplayer Proof replay took 6.5ns 
175975     INFO  main            d.u.i.k.p.r.p.TestFile    ... finished proof: closed. 
176261     INFO  main            d.u.i.k.p.i.AbstractProblemLoader Loading environment from /home/runner/work/key/key/key.core/../key.ui/examples/heap/model_methods/Recell_set.key.proof 
176261     DEBUG main            d.u.i.k.p.i.AbstractProblemLoader Environment load took 304.8ns 
176263     INFO  main            d.u.i.k.p.i.AbstractProblemLoader Creating init config 
178855     DEBUG main            d.u.i.k.p.i.AbstractProblemLoader Init config took 2.59s 
178893     INFO  main            d.u.i.k.p.i.AbstractProblemLoader Replaying proof Recell[Cell::set(int)].JML operation contract.0 
178919     DEBUG main            d.u.i.k.p.i.IntermediateProofReplayer Proof replay took 7.5ms 
178920     WARN  main            d.u.i.k.p.r.p.TestFile    Replay exception de.uka.ilkd.key.proof.io.ProblemLoaderException: Error loading proof.
Line 102, goal 12, rule Class_invariant_axiom_for_Recell not available or not applicable in this context.
	at de.uka.ilkd.key.proof.io.IntermediateProofReplayer.reportError(IntermediateProofReplayer.java:782)
Caused by: java.lang.IndexOutOfBoundsException: Index: 1, Size: 1
	at java.base/java.util.LinkedList.checkElementIndex(LinkedList.java:559)

178920     WARN  main            d.u.i.k.p.r.p.TestFile    Replay exception de.uka.ilkd.key.proof.io.ProblemLoaderException: Error loading proof.
Line 114, goal 24, rule One Step Simplification not available or not applicable in this context.
	at de.uka.ilkd.key.proof.io.IntermediateProofReplayer.reportError(IntermediateProofReplayer.java:782)
Caused by: de.uka.ilkd.key.proof.io.IntermediateProofReplayer$BuiltInConstructionException: One Step Simplification is missing. Most probably the binary for this built-in rule is not in your path or you do not have the permission to execute it.
	at de.uka.ilkd.key.proof.io.IntermediateProofReplayer.constructBuiltinApp(IntermediateProofReplayer.java:630)

178921     DEBUG main            d.u.i.k.p.r.p.TestFile    Exception java.lang.Exception: Exception while loading proof (see cause for details): /home/runner/work/key/key/key.core/../key.ui/examples/heap/model_methods/Recell_set.key.proof
	at de.uka.ilkd.key.proof.runallproofs.proofcollection.TestFile.reloadProof(TestFile.java:314)
Caused by: de.uka.ilkd.key.proof.io.ProblemLoaderException: Error loading proof.
Line 102, goal 12, rule Class_invariant_axiom_for_Recell not available or not applicable in this context.
	at de.uka.ilkd.key.proof.io.IntermediateProofReplayer.reportError(IntermediateProofReplayer.java:782)
Caused by: java.lang.IndexOutOfBoundsException: Index: 1, Size: 1
	at java.base/java.util.LinkedList.checkElementIndex(LinkedList.java:559)

178921     WARN  main            d.u.i.k.p.r.p.ForkedTestFileRunner Run failed java.lang.Exception: Exception while loading proof (see cause for details): /home/runner/work/key/key/key.core/../key.ui/examples/heap/model_methods/Recell_set.key.proof
	at de.uka.ilkd.key.proof.runallproofs.proofcollection.TestFile.reloadProof(TestFile.java:314)
Caused by: de.uka.ilkd.key.proof.io.ProblemLoaderException: Error loading proof.
Line 102, goal 12, rule Class_invariant_axiom_for_Recell not available or not applicable in this context.
	at de.uka.ilkd.key.proof.io.IntermediateProofReplayer.reportError(IntermediateProofReplayer.java:782)
Caused by: java.lang.IndexOutOfBoundsException: Index: 1, Size: 1
	at java.base/java.util.LinkedList.checkElementIndex(LinkedList.java:559)

178923     INFO  main            d.u.i.k.p.r.p.TestFile    Now processing file /home/runner/work/key/key/key.core/../key.ui/examples/heap/model_methods/Recell_undo.key 
178923     INFO  main            d.u.i.k.p.i.AbstractProblemLoader Loading environment from /home/runner/work/key/key/key.core/../key.ui/examples/heap/model_methods/Recell_undo.key 
178923     DEBUG main            d.u.i.k.p.i.AbstractProblemLoader Environment load took 159.3ns 
178924     INFO  main            d.u.i.k.p.i.AbstractProblemLoader Creating init config 
181575     DEBUG main            d.u.i.k.p.i.AbstractProblemLoader Init config took 2.65s 
181612     INFO  main            d.u.i.k.p.i.AbstractProblemLoader Replaying proof Recell[Recell::undo()].JML operation contract.0 
181614     DEBUG main            d.u.i.k.p.i.IntermediateProofReplayer Proof replay took 5.8ns 
181715     INFO  main            d.u.i.k.p.r.p.TestFile    ... finished proof: closed. 
181988     INFO  main            d.u.i.k.p.i.AbstractProblemLoader Loading environment from /home/runner/work/key/key/key.core/../key.ui/examples/heap/model_methods/Recell_undo.key.proof 
181989     DEBUG main            d.u.i.k.p.i.AbstractProblemLoader Environment load took 88.5ns 
181990     INFO  main            d.u.i.k.p.i.AbstractProblemLoader Creating init config 
184584     DEBUG main            d.u.i.k.p.i.AbstractProblemLoader Init config took 2.59s 
184621     INFO  main            d.u.i.k.p.i.AbstractProblemLoader Replaying proof Recell[Recell::undo()].JML operation contract.0 
184630     DEBUG main            d.u.i.k.p.i.IntermediateProofReplayer Proof replay took 6.06ms 
184630     WARN  main            d.u.i.k.p.r.p.TestFile    Replay exception de.uka.ilkd.key.proof.io.ProblemLoaderException: Error loading proof.
Line 103, goal 13, rule Class_invariant_axiom_for_Recell not available or not applicable in this context.
	at de.uka.ilkd.key.proof.io.IntermediateProofReplayer.reportError(IntermediateProofReplayer.java:782)
Caused by: java.lang.IndexOutOfBoundsException: Index: 1, Size: 1
	at java.base/java.util.LinkedList.checkElementIndex(LinkedList.java:559)

184630     WARN  main            d.u.i.k.p.r.p.TestFile    Replay exception de.uka.ilkd.key.proof.io.ProblemLoaderException: Error loading proof.
Line 115, goal 25, rule One Step Simplification not available or not applicable in this context.
	at de.uka.ilkd.key.proof.io.IntermediateProofReplayer.reportError(IntermediateProofReplayer.java:782)
Caused by: de.uka.ilkd.key.proof.io.IntermediateProofReplayer$BuiltInConstructionException: One Step Simplification is missing. Most probably the binary for this built-in rule is not in your path or you do not have the permission to execute it.
	at de.uka.ilkd.key.proof.io.IntermediateProofReplayer.constructBuiltinApp(IntermediateProofReplayer.java:630)

184631     DEBUG main            d.u.i.k.p.r.p.TestFile    Exception java.lang.Exception: Exception while loading proof (see cause for details): /home/runner/work/key/key/key.core/../key.ui/examples/heap/model_methods/Recell_undo.key.proof
	at de.uka.ilkd.key.proof.runallproofs.proofcollection.TestFile.reloadProof(TestFile.java:314)
Caused by: de.uka.ilkd.key.proof.io.ProblemLoaderException: Error loading proof.
Line 103, goal 13, rule Class_invariant_axiom_for_Recell not available or not applicable in this context.
	at de.uka.ilkd.key.proof.io.IntermediateProofReplayer.reportError(IntermediateProofReplayer.java:782)
Caused by: java.lang.IndexOutOfBoundsException: Index: 1, Size: 1
	at java.base/java.util.LinkedList.checkElementIndex(LinkedList.java:559)

184631     WARN  main            d.u.i.k.p.r.p.ForkedTestFileRunner Run failed java.lang.Exception: Exception while loading proof (see cause for details): /home/runner/work/key/key/key.core/../key.ui/examples/heap/model_methods/Recell_undo.key.proof
	at de.uka.ilkd.key.proof.runallproofs.proofcollection.TestFile.reloadProof(TestFile.java:314)
Caused by: de.uka.ilkd.key.proof.io.ProblemLoaderException: Error loading proof.
Line 103, goal 13, rule Class_invariant_axiom_for_Recell not available or not applicable in this context.
	at de.uka.ilkd.key.proof.io.IntermediateProofReplayer.reportError(IntermediateProofReplayer.java:782)
Caused by: java.lang.IndexOutOfBoundsException: Index: 1, Size: 1
	at java.base/java.util.LinkedList.checkElementIndex(LinkedList.java:559)

4107806    INFO  Test worker     d.u.i.k.p.r.RunAllProofsTestUnit Running test permissionHeap 
494        INFO  Timeout watchdog d.u.i.k.p.r.p.ForkedTestFileRunner Timeout watcher launched (2000 secs.) 
506        WARN  main            d.u.i.k.s.ProofSettings   The settings in /home/runner/.key/proof-settings.props are *not* read. 
538        INFO  main            d.u.i.k.p.r.p.TestFile    Now processing file /home/runner/work/key/key/key.core/../key.ui/examples/heap/permissions/permissions_method0.key 
690        INFO  main            d.u.i.k.p.i.AbstractProblemLoader Loading environment from /home/runner/work/key/key/key.core/../key.ui/examples/heap/permissions/permissions_method0.key 
708        DEBUG main            d.u.i.k.p.i.AbstractProblemLoader Environment load took 1.83ms 
932        INFO  main            d.u.i.k.p.i.AbstractProblemLoader Creating init config 
1685       DEBUG main            d.u.i.k.j.TypeConverter   No LDT found for Meta 
1686       DEBUG main            d.u.i.k.j.TypeConverter   No LDT found for Meta 
1687       DEBUG main            d.u.i.k.j.TypeConverter   No LDT found for Meta 
1687       DEBUG main            d.u.i.k.j.TypeConverter   No LDT found for Meta 
3116       DEBUG main            d.u.i.k.j.TypeConverter   No LDT found for JavaBigintExpression 
8510       DEBUG main            d.u.i.k.p.i.AbstractProblemLoader Init config took 7.58s 
8728       INFO  main            d.u.i.k.p.i.AbstractProblemLoader Replaying proof MyClass[MyClass::method0()].JML normal_behavior operation contract.0 
8762       DEBUG main            d.u.i.k.p.i.IntermediateProofReplayer Proof replay took 34.7ns 
9691       INFO  main            d.u.i.k.p.r.p.TestFile    ... finished proof: closed. 
9800       INFO  main            d.u.i.k.p.i.AbstractProblemLoader Loading environment from /home/runner/work/key/key/key.core/../key.ui/examples/heap/permissions/permissions_method0.key.proof 
9801       DEBUG main            d.u.i.k.p.i.AbstractProblemLoader Environment load took 971ns 
9806       INFO  main            d.u.i.k.p.i.AbstractProblemLoader Creating init config 
12747      DEBUG main            d.u.i.k.p.i.AbstractProblemLoader Init config took 2.94s 
12834      INFO  main            d.u.i.k.p.i.AbstractProblemLoader Replaying proof MyClass[MyClass::method0()].JML normal_behavior operation contract.0 
12864      DEBUG main            d.u.i.k.p.i.IntermediateProofReplayer Proof replay took 24.76ms 
12865      WARN  main            d.u.i.k.p.r.p.TestFile    Replay exception de.uka.ilkd.key.proof.io.ProblemLoaderException: Error loading proof.
Line 108, goal 18, rule createdOnHeapImpliesCreatedOnPermissions not available or not applicable in this context.
	at de.uka.ilkd.key.proof.io.IntermediateProofReplayer.reportError(IntermediateProofReplayer.java:782)
Caused by: de.uka.ilkd.key.proof.io.IntermediateProofReplayer$TacletAppConstructionException: Unknown taclet with name "createdOnHeapImpliesCreatedOnPermissions"
	at de.uka.ilkd.key.proof.io.IntermediateProofReplayer.constructTacletApp(IntermediateProofReplayer.java:432)

12875      DEBUG main            d.u.i.k.p.r.p.TestFile    Exception java.lang.Exception: Exception while loading proof (see cause for details): /home/runner/work/key/key/key.core/../key.ui/examples/heap/permissions/permissions_method0.key.proof
	at de.uka.ilkd.key.proof.runallproofs.proofcollection.TestFile.reloadProof(TestFile.java:314)
Caused by: de.uka.ilkd.key.proof.io.ProblemLoaderException: Error loading proof.
Line 108, goal 18, rule createdOnHeapImpliesCreatedOnPermissions not available or not applicable in this context.
	at de.uka.ilkd.key.proof.io.IntermediateProofReplayer.reportError(IntermediateProofReplayer.java:782)
Caused by: de.uka.ilkd.key.proof.io.IntermediateProofReplayer$TacletAppConstructionException: Unknown taclet with name "createdOnHeapImpliesCreatedOnPermissions"
	at de.uka.ilkd.key.proof.io.IntermediateProofReplayer.constructTacletApp(IntermediateProofReplayer.java:432)

12876      WARN  main            d.u.i.k.p.r.p.ForkedTestFileRunner Run failed java.lang.Exception: Exception while loading proof (see cause for details): /home/runner/work/key/key/key.core/../key.ui/examples/heap/permissions/permissions_method0.key.proof
	at de.uka.ilkd.key.proof.runallproofs.proofcollection.TestFile.reloadProof(TestFile.java:314)
Caused by: de.uka.ilkd.key.proof.io.ProblemLoaderException: Error loading proof.
Line 108, goal 18, rule createdOnHeapImpliesCreatedOnPermissions not available or not applicable in this context.
	at de.uka.ilkd.key.proof.io.IntermediateProofReplayer.reportError(IntermediateProofReplayer.java:782)
Caused by: de.uka.ilkd.key.proof.io.IntermediateProofReplayer$TacletAppConstructionException: Unknown taclet with name "createdOnHeapImpliesCreatedOnPermissions"
	at de.uka.ilkd.key.proof.io.IntermediateProofReplayer.constructTacletApp(IntermediateProofReplayer.java:432)

12880      INFO  main            d.u.i.k.p.r.p.TestFile    Now processing file /home/runner/work/key/key/key.core/../key.ui/examples/heap/permissions/permissions_method1.key 
12880      INFO  main            d.u.i.k.p.i.AbstractProblemLoader Loading environment from /home/runner/work/key/key/key.core/../key.ui/examples/heap/permissions/permissions_method1.key 
12880      DEBUG main            d.u.i.k.p.i.AbstractProblemLoader Environment load took 95.7ns 
12883      INFO  main            d.u.i.k.p.i.AbstractProblemLoader Creating init config 
15644      DEBUG main            d.u.i.k.p.i.AbstractProblemLoader Init config took 2.76s 
15702      INFO  main            d.u.i.k.p.i.AbstractProblemLoader Replaying proof MyClass[MyClass::method1()].JML normal_behavior operation contract.0 
15705      DEBUG main            d.u.i.k.p.i.IntermediateProofReplayer Proof replay took 6ns 
16008      INFO  main            d.u.i.k.p.r.p.TestFile    ... finished proof: closed. 
16138      INFO  main            d.u.i.k.p.i.AbstractProblemLoader Loading environment from /home/runner/work/key/key/key.core/../key.ui/examples/heap/permissions/permissions_method1.key.proof 
16139      DEBUG main            d.u.i.k.p.i.AbstractProblemLoader Environment load took 511.5ns 
16145      INFO  main            d.u.i.k.p.i.AbstractProblemLoader Creating init config 
18879      DEBUG main            d.u.i.k.p.i.AbstractProblemLoader Init config took 2.73s 
18931      INFO  main            d.u.i.k.p.i.AbstractProblemLoader Replaying proof MyClass[MyClass::method1()].JML normal_behavior operation contract.0 
18940      DEBUG main            d.u.i.k.p.i.IntermediateProofReplayer Proof replay took 5.5ms 
18941      WARN  main            d.u.i.k.p.r.p.TestFile    Replay exception de.uka.ilkd.key.proof.io.ProblemLoaderException: Error loading proof.
Line 105, goal 15, rule createdOnHeapImpliesCreatedOnPermissions not available or not applicable in this context.
	at de.uka.ilkd.key.proof.io.IntermediateProofReplayer.reportError(IntermediateProofReplayer.java:782)
Caused by: de.uka.ilkd.key.proof.io.IntermediateProofReplayer$TacletAppConstructionException: Unknown taclet with name "createdOnHeapImpliesCreatedOnPermissions"
	at de.uka.ilkd.key.proof.io.IntermediateProofReplayer.constructTacletApp(IntermediateProofReplayer.java:432)

18942      DEBUG main            d.u.i.k.p.r.p.TestFile    Exception java.lang.Exception: Exception while loading proof (see cause for details): /home/runner/work/key/key/key.core/../key.ui/examples/heap/permissions/permissions_method1.key.proof
	at de.uka.ilkd.key.proof.runallproofs.proofcollection.TestFile.reloadProof(TestFile.java:314)
Caused by: de.uka.ilkd.key.proof.io.ProblemLoaderException: Error loading proof.
Line 105, goal 15, rule createdOnHeapImpliesCreatedOnPermissions not available or not applicable in this context.
	at de.uka.ilkd.key.proof.io.IntermediateProofReplayer.reportError(IntermediateProofReplayer.java:782)
Caused by: de.uka.ilkd.key.proof.io.IntermediateProofReplayer$TacletAppConstructionException: Unknown taclet with name "createdOnHeapImpliesCreatedOnPermissions"
	at de.uka.ilkd.key.proof.io.IntermediateProofReplayer.constructTacletApp(IntermediateProofReplayer.java:432)

18942      WARN  main            d.u.i.k.p.r.p.ForkedTestFileRunner Run failed java.lang.Exception: Exception while loading proof (see cause for details): /home/runner/work/key/key/key.core/../key.ui/examples/heap/permissions/permissions_method1.key.proof
	at de.uka.ilkd.key.proof.runallproofs.proofcollection.TestFile.reloadProof(TestFile.java:314)
Caused by: de.uka.ilkd.key.proof.io.ProblemLoaderException: Error loading proof.
Line 105, goal 15, rule createdOnHeapImpliesCreatedOnPermissions not available or not applicable in this context.
	at de.uka.ilkd.key.proof.io.IntermediateProofReplayer.reportError(IntermediateProofReplayer.java:782)
Caused by: de.uka.ilkd.key.proof.io.IntermediateProofReplayer$TacletAppConstructionException: Unknown taclet with name "createdOnHeapImpliesCreatedOnPermissions"
	at de.uka.ilkd.key.proof.io.IntermediateProofReplayer.constructTacletApp(IntermediateProofReplayer.java:432)

18945      INFO  main            d.u.i.k.p.r.p.TestFile    Now processing file /home/runner/work/key/key/key.core/../key.ui/examples/heap/permissions/permissions_method3.key 
18945      INFO  main            d.u.i.k.p.i.AbstractProblemLoader Loading environment from /home/runner/work/key/key/key.core/../key.ui/examples/heap/permissions/permissions_method3.key 
18945      DEBUG main            d.u.i.k.p.i.AbstractProblemLoader Environment load took 152.9ns 
18946      INFO  main            d.u.i.k.p.i.AbstractProblemLoader Creating init config 
21605      DEBUG main            d.u.i.k.p.i.AbstractProblemLoader Init config took 2.66s 
21652      INFO  main            d.u.i.k.p.i.AbstractProblemLoader Replaying proof MyClass[MyClass::method3()].JML normal_behavior operation contract.0 
21654      DEBUG main            d.u.i.k.p.i.IntermediateProofReplayer Proof replay took 5.2ns 
22963      INFO  main            d.u.i.k.p.r.p.TestFile    ... finished proof: closed. 
23159      INFO  main            d.u.i.k.p.i.AbstractProblemLoader Loading environment from /home/runner/work/key/key/key.core/../key.ui/examples/heap/permissions/permissions_method3.key.proof 
23159      DEBUG main            d.u.i.k.p.i.AbstractProblemLoader Environment load took 514.4ns 
23161      INFO  main            d.u.i.k.p.i.AbstractProblemLoader Creating init config 
25776      DEBUG main            d.u.i.k.p.i.AbstractProblemLoader Init config took 2.62s 
25822      INFO  main            d.u.i.k.p.i.AbstractProblemLoader Replaying proof MyClass[MyClass::method3()].JML normal_behavior operation contract.0 
25835      DEBUG main            d.u.i.k.p.i.IntermediateProofReplayer Proof replay took 5.63ms 
25836      WARN  main            d.u.i.k.p.r.p.TestFile    Replay exception de.uka.ilkd.key.proof.io.ProblemLoaderException: Error loading proof.
Line 107, goal 17, rule createdOnHeapImpliesCreatedOnPermissions not available or not applicable in this context.
	at de.uka.ilkd.key.proof.io.IntermediateProofReplayer.reportError(IntermediateProofReplayer.java:782)
Caused by: de.uka.ilkd.key.proof.io.IntermediateProofReplayer$TacletAppConstructionException: Unknown taclet with name "createdOnHeapImpliesCreatedOnPermissions"
	at de.uka.ilkd.key.proof.io.IntermediateProofReplayer.constructTacletApp(IntermediateProofReplayer.java:432)

25837      DEBUG main            d.u.i.k.p.r.p.TestFile    Exception java.lang.Exception: Exception while loading proof (see cause for details): /home/runner/work/key/key/key.core/../key.ui/examples/heap/permissions/permissions_method3.key.proof
	at de.uka.ilkd.key.proof.runallproofs.proofcollection.TestFile.reloadProof(TestFile.java:314)
Caused by: de.uka.ilkd.key.proof.io.ProblemLoaderException: Error loading proof.
Line 107, goal 17, rule createdOnHeapImpliesCreatedOnPermissions not available or not applicable in this context.
	at de.uka.ilkd.key.proof.io.IntermediateProofReplayer.reportError(IntermediateProofReplayer.java:782)
Caused by: de.uka.ilkd.key.proof.io.IntermediateProofReplayer$TacletAppConstructionException: Unknown taclet with name "createdOnHeapImpliesCreatedOnPermissions"
	at de.uka.ilkd.key.proof.io.IntermediateProofReplayer.constructTacletApp(IntermediateProofReplayer.java:432)

25837      WARN  main            d.u.i.k.p.r.p.ForkedTestFileRunner Run failed java.lang.Exception: Exception while loading proof (see cause for details): /home/runner/work/key/key/key.core/../key.ui/examples/heap/permissions/permissions_method3.key.proof
	at de.uka.ilkd.key.proof.runallproofs.proofcollection.TestFile.reloadProof(TestFile.java:314)
Caused by: de.uka.ilkd.key.proof.io.ProblemLoaderException: Error loading proof.
Line 107, goal 17, rule createdOnHeapImpliesCreatedOnPermissions not available or not applicable in this context.
	at de.uka.ilkd.key.proof.io.IntermediateProofReplayer.reportError(IntermediateProofReplayer.java:782)
Caused by: de.uka.ilkd.key.proof.io.IntermediateProofReplayer$TacletAppConstructionException: Unknown taclet with name "createdOnHeapImpliesCreatedOnPermissions"
	at de.uka.ilkd.key.proof.io.IntermediateProofReplayer.constructTacletApp(IntermediateProofReplayer.java:432)

25839      INFO  main            d.u.i.k.p.r.p.TestFile    Now processing file /home/runner/work/key/key/key.core/../key.ui/examples/heap/permissions/permissions_setAB.key 
25839      INFO  main            d.u.i.k.p.i.AbstractProblemLoader Loading environment from /home/runner/work/key/key/key.core/../key.ui/examples/heap/permissions/permissions_setAB.key 
25839      DEBUG main            d.u.i.k.p.i.AbstractProblemLoader Environment load took 155.7ns 
25840      INFO  main            d.u.i.k.p.i.AbstractProblemLoader Creating init config 
28444      DEBUG main            d.u.i.k.p.i.AbstractProblemLoader Init config took 2.6s 
28487      INFO  main            d.u.i.k.p.i.AbstractProblemLoader Replaying proof MyClass[MyClass::setAB()].JML normal_behavior operation contract.0 
28489      DEBUG main            d.u.i.k.p.i.IntermediateProofReplayer Proof replay took 6.1ns 
30016      INFO  main            d.u.i.k.p.r.p.TestFile    ... finished proof: closed. 
30175      INFO  main            d.u.i.k.p.i.AbstractProblemLoader Loading environment from /home/runner/work/key/key/key.core/../key.ui/examples/heap/permissions/permissions_setAB.key.proof 
30175      DEBUG main            d.u.i.k.p.i.AbstractProblemLoader Environment load took 115.7ns 
30177      INFO  main            d.u.i.k.p.i.AbstractProblemLoader Creating init config 
32755      DEBUG main            d.u.i.k.p.i.AbstractProblemLoader Init config took 2.58s 
32798      INFO  main            d.u.i.k.p.i.AbstractProblemLoader Replaying proof MyClass[MyClass::setAB()].JML normal_behavior operation contract.0 
32807      DEBUG main            d.u.i.k.p.i.IntermediateProofReplayer Proof replay took 4.09ms 
32808      WARN  main            d.u.i.k.p.r.p.TestFile    Replay exception de.uka.ilkd.key.proof.io.ProblemLoaderException: Error loading proof.
Line 106, goal 16, rule createdOnHeapImpliesCreatedOnPermissions not available or not applicable in this context.
	at de.uka.ilkd.key.proof.io.IntermediateProofReplayer.reportError(IntermediateProofReplayer.java:782)
Caused by: de.uka.ilkd.key.proof.io.IntermediateProofReplayer$TacletAppConstructionException: Unknown taclet with name "createdOnHeapImpliesCreatedOnPermissions"
	at de.uka.ilkd.key.proof.io.IntermediateProofReplayer.constructTacletApp(IntermediateProofReplayer.java:432)

32809      DEBUG main            d.u.i.k.p.r.p.TestFile    Exception java.lang.Exception: Exception while loading proof (see cause for details): /home/runner/work/key/key/key.core/../key.ui/examples/heap/permissions/permissions_setAB.key.proof
	at de.uka.ilkd.key.proof.runallproofs.proofcollection.TestFile.reloadProof(TestFile.java:314)
Caused by: de.uka.ilkd.key.proof.io.ProblemLoaderException: Error loading proof.
Line 106, goal 16, rule createdOnHeapImpliesCreatedOnPermissions not available or not applicable in this context.
	at de.uka.ilkd.key.proof.io.IntermediateProofReplayer.reportError(IntermediateProofReplayer.java:782)
Caused by: de.uka.ilkd.key.proof.io.IntermediateProofReplayer$TacletAppConstructionException: Unknown taclet with name "createdOnHeapImpliesCreatedOnPermissions"
	at de.uka.ilkd.key.proof.io.IntermediateProofReplayer.constructTacletApp(IntermediateProofReplayer.java:432)

32809      WARN  main            d.u.i.k.p.r.p.ForkedTestFileRunner Run failed java.lang.Exception: Exception while loading proof (see cause for details): /home/runner/work/key/key/key.core/../key.ui/examples/heap/permissions/permissions_setAB.key.proof
	at de.uka.ilkd.key.proof.runallproofs.proofcollection.TestFile.reloadProof(TestFile.java:314)
Caused by: de.uka.ilkd.key.proof.io.ProblemLoaderException: Error loading proof.
Line 106, goal 16, rule createdOnHeapImpliesCreatedOnPermissions not available or not applicable in this context.
	at de.uka.ilkd.key.proof.io.IntermediateProofReplayer.reportError(IntermediateProofReplayer.java:782)
Caused by: de.uka.ilkd.key.proof.io.IntermediateProofReplayer$TacletAppConstructionException: Unknown taclet with name "createdOnHeapImpliesCreatedOnPermissions"
	at de.uka.ilkd.key.proof.io.IntermediateProofReplayer.constructTacletApp(IntermediateProofReplayer.java:432)

32811      INFO  main            d.u.i.k.p.r.p.TestFile    Now processing file /home/runner/work/key/key/key.core/../key.ui/examples/heap/permissions/permissionProperties.key 
32812      INFO  main            d.u.i.k.p.i.AbstractProblemLoader Loading environment from /home/runner/work/key/key/key.core/../key.ui/examples/heap/permissions/permissionProperties.key 
32812      DEBUG main            d.u.i.k.p.i.AbstractProblemLoader Environment load took 167.3ns 
32813      INFO  main            d.u.i.k.p.i.AbstractProblemLoader Creating init config 
32957      DEBUG main            d.u.i.k.j.TypeConverter   No LDT found for Meta 
32957      DEBUG main            d.u.i.k.j.TypeConverter   No LDT found for Meta 
32958      DEBUG main            d.u.i.k.j.TypeConverter   No LDT found for Meta 
32958      DEBUG main            d.u.i.k.j.TypeConverter   No LDT found for Meta 
33600      DEBUG main            d.u.i.k.j.TypeConverter   No LDT found for JavaBigintExpression 
36318      DEBUG main            d.u.i.k.p.i.AbstractProblemLoader Init config took 3.51s 
36339      INFO  main            d.u.i.k.p.i.AbstractProblemLoader Replaying proof permissionProperties.key 
36341      DEBUG main            d.u.i.k.p.i.IntermediateProofReplayer Proof replay took 6.6ns 
36445      INFO  main            d.u.i.k.p.r.p.TestFile    ... finished proof: closed. 
36595      INFO  main            d.u.i.k.p.i.AbstractProblemLoader Loading environment from /home/runner/work/key/key/key.core/../key.ui/examples/heap/permissions/permissionProperties.key.proof 
36595      DEBUG main            d.u.i.k.p.i.AbstractProblemLoader Environment load took 112.5ns 
36597      INFO  main            d.u.i.k.p.i.AbstractProblemLoader Creating init config 
38990      DEBUG main            d.u.i.k.p.i.AbstractProblemLoader Init config took 2.39s 
39008      INFO  main            d.u.i.k.p.i.AbstractProblemLoader Replaying proof permissionProperties.key.proof 
39011      DEBUG main            d.u.i.k.p.i.IntermediateProofReplayer Proof replay took 614.3ns 
39012      WARN  main            d.u.i.k.p.r.p.TestFile    Replay exception de.uka.ilkd.key.proof.io.ProblemLoaderException: Error loading proof.
Line 121, goal 0, rule permissionTransferReturnIdentity not available or not applicable in this context.
	at de.uka.ilkd.key.proof.io.IntermediateProofReplayer.reportError(IntermediateProofReplayer.java:782)
Caused by: de.uka.ilkd.key.proof.io.IntermediateProofReplayer$TacletAppConstructionException: Unknown taclet with name "permissionTransferReturnIdentity"
	at de.uka.ilkd.key.proof.io.IntermediateProofReplayer.constructTacletApp(IntermediateProofReplayer.java:432)

39013      DEBUG main            d.u.i.k.p.r.p.TestFile    Exception java.lang.Exception: Exception while loading proof (see cause for details): /home/runner/work/key/key/key.core/../key.ui/examples/heap/permissions/permissionProperties.key.proof
	at de.uka.ilkd.key.proof.runallproofs.proofcollection.TestFile.reloadProof(TestFile.java:314)
Caused by: de.uka.ilkd.key.proof.io.ProblemLoaderException: Error loading proof.
Line 121, goal 0, rule permissionTransferReturnIdentity not available or not applicable in this context.
	at de.uka.ilkd.key.proof.io.IntermediateProofReplayer.reportError(IntermediateProofReplayer.java:782)
Caused by: de.uka.ilkd.key.proof.io.IntermediateProofReplayer$TacletAppConstructionException: Unknown taclet with name "permissionTransferReturnIdentity"
	at de.uka.ilkd.key.proof.io.IntermediateProofReplayer.constructTacletApp(IntermediateProofReplayer.java:432)

39013      WARN  main            d.u.i.k.p.r.p.ForkedTestFileRunner Run failed java.lang.Exception: Exception while loading proof (see cause for details): /home/runner/work/key/key/key.core/../key.ui/examples/heap/permissions/permissionProperties.key.proof
	at de.uka.ilkd.key.proof.runallproofs.proofcollection.TestFile.reloadProof(TestFile.java:314)
Caused by: de.uka.ilkd.key.proof.io.ProblemLoaderException: Error loading proof.
Line 121, goal 0, rule permissionTransferReturnIdentity not available or not applicable in this context.
	at de.uka.ilkd.key.proof.io.IntermediateProofReplayer.reportError(IntermediateProofReplayer.java:782)
Caused by: de.uka.ilkd.key.proof.io.IntermediateProofReplayer$TacletAppConstructionException: Unknown taclet with name "permissionTransferReturnIdentity"
	at de.uka.ilkd.key.proof.io.IntermediateProofReplayer.constructTacletApp(IntermediateProofReplayer.java:432)

39015      INFO  main            d.u.i.k.p.r.p.TestFile    Now processing file /home/runner/work/key/key/key.core/../key.ui/examples/heap/permissions/threads/AFilter_AFilter.key 
39016      INFO  main            d.u.i.k.p.i.AbstractProblemLoader Loading environment from /home/runner/work/key/key/key.core/../key.ui/examples/heap/permissions/threads/AFilter_AFilter.key 
39016      DEBUG main            d.u.i.k.p.i.AbstractProblemLoader Environment load took 161.7ns 
39017      INFO  main            d.u.i.k.p.i.AbstractProblemLoader Creating init config 
39131      DEBUG main            d.u.i.k.j.TypeConverter   No LDT found for Meta 
39131      DEBUG main            d.u.i.k.j.TypeConverter   No LDT found for Meta 
39132      DEBUG main            d.u.i.k.j.TypeConverter   No LDT found for Meta 
39132      DEBUG main            d.u.i.k.j.TypeConverter   No LDT found for Meta 
39704      DEBUG main            d.u.i.k.j.TypeConverter   No LDT found for JavaBigintExpression 
44909      DEBUG main            d.u.i.k.p.i.AbstractProblemLoader Init config took 5.89s 
45010      INFO  main            d.u.i.k.p.i.AbstractProblemLoader Replaying proof AFilter[AFilter::AFilter(Sampler,Buffer)].JML normal_behavior operation contract.0 
45012      DEBUG main            d.u.i.k.p.i.IntermediateProofReplayer Proof replay took 8.7ns 
46016      INFO  main            d.u.i.k.p.r.p.TestFile    ... finished proof: closed. 
46317      INFO  main            d.u.i.k.p.i.AbstractProblemLoader Loading environment from /home/runner/work/key/key/key.core/../key.ui/examples/heap/permissions/threads/AFilter_AFilter.key.proof 
46320      DEBUG main            d.u.i.k.p.i.AbstractProblemLoader Environment load took 2.73ms 
46321      INFO  main            d.u.i.k.p.i.AbstractProblemLoader Creating init config 
50981      DEBUG main            d.u.i.k.p.i.AbstractProblemLoader Init config took 4.66s 
51092      INFO  main            d.u.i.k.p.i.AbstractProblemLoader Replaying proof AFilter[AFilter::AFilter(Sampler,Buffer)].JML normal_behavior operation contract.0 
51115      DEBUG main            d.u.i.k.p.i.IntermediateProofReplayer Proof replay took 18.68ms 
51116      WARN  main            d.u.i.k.p.r.p.TestFile    Replay exception de.uka.ilkd.key.proof.io.ProblemLoaderException: Error loading proof.
Line 114, goal 25, rule Definition_axiom_for_stateInv_in_Sampler not available or not applicable in this context.
	at de.uka.ilkd.key.proof.io.IntermediateProofReplayer.reportError(IntermediateProofReplayer.java:782)
Caused by: java.lang.IndexOutOfBoundsException: Index: 1, Size: 1
	at java.base/java.util.LinkedList.checkElementIndex(LinkedList.java:559)

51116      WARN  main            d.u.i.k.p.r.p.TestFile    Replay exception de.uka.ilkd.key.proof.io.ProblemLoaderException: Error loading proof.
Line 137, goal 48, rule andLeft not available or not applicable in this context.
	at de.uka.ilkd.key.proof.io.IntermediateProofReplayer.reportError(IntermediateProofReplayer.java:782)
Caused by: de.uka.ilkd.key.proof.io.IntermediateProofReplayer$TacletAppConstructionException: Wrong position information: Term top level of not(equals(a_1,null))<<origin(<none> (implicit)) ([ensures @ file AFilter.java @ line 89, ensures @ file AFilter.java @ line 90, ensures @ file AFilter.java @ line 91, ensures @ file AFilter.java @ line 92, ensures (implicit), assignable (implicit)])>>
	at de.uka.ilkd.key.proof.io.IntermediateProofReplayer.constructTacletApp(IntermediateProofReplayer.java:460)
Caused by: java.lang.NullPointerException: null
	at de.uka.ilkd.key.proof.io.IntermediateProofReplayer.constructTacletApp(IntermediateProofReplayer.java:456)

51118      DEBUG main            d.u.i.k.p.r.p.TestFile    Exception java.lang.Exception: Exception while loading proof (see cause for details): /home/runner/work/key/key/key.core/../key.ui/examples/heap/permissions/threads/AFilter_AFilter.key.proof
	at de.uka.ilkd.key.proof.runallproofs.proofcollection.TestFile.reloadProof(TestFile.java:314)
Caused by: de.uka.ilkd.key.proof.io.ProblemLoaderException: Error loading proof.
Line 114, goal 25, rule Definition_axiom_for_stateInv_in_Sampler not available or not applicable in this context.
	at de.uka.ilkd.key.proof.io.IntermediateProofReplayer.reportError(IntermediateProofReplayer.java:782)
Caused by: java.lang.IndexOutOfBoundsException: Index: 1, Size: 1
	at java.base/java.util.LinkedList.checkElementIndex(LinkedList.java:559)

51118      WARN  main            d.u.i.k.p.r.p.ForkedTestFileRunner Run failed java.lang.Exception: Exception while loading proof (see cause for details): /home/runner/work/key/key/key.core/../key.ui/examples/heap/permissions/threads/AFilter_AFilter.key.proof
	at de.uka.ilkd.key.proof.runallproofs.proofcollection.TestFile.reloadProof(TestFile.java:314)
Caused by: de.uka.ilkd.key.proof.io.ProblemLoaderException: Error loading proof.
Line 114, goal 25, rule Definition_axiom_for_stateInv_in_Sampler not available or not applicable in this context.
	at de.uka.ilkd.key.proof.io.IntermediateProofReplayer.reportError(IntermediateProofReplayer.java:782)
Caused by: java.lang.IndexOutOfBoundsException: Index: 1, Size: 1
	at java.base/java.util.LinkedList.checkElementIndex(LinkedList.java:559)

51121      INFO  main            d.u.i.k.p.r.p.TestFile    Now processing file /home/runner/work/key/key/key.core/../key.ui/examples/heap/permissions/threads/AFilter_initPost_accessible.key 
51121      INFO  main            d.u.i.k.p.i.AbstractProblemLoader Loading environment from /home/runner/work/key/key/key.core/../key.ui/examples/heap/permissions/threads/AFilter_initPost_accessible.key 
51121      DEBUG main            d.u.i.k.p.i.AbstractProblemLoader Environment load took 155.6ns 
51122      INFO  main            d.u.i.k.p.i.AbstractProblemLoader Creating init config 
55756      DEBUG main            d.u.i.k.p.i.AbstractProblemLoader Init config took 4.63s 
55860      INFO  main            d.u.i.k.p.i.AbstractProblemLoader Replaying proof AFilter[ThreadSpec2::initPost()].JML accessible clause.0 
55862      DEBUG main            d.u.i.k.p.i.IntermediateProofReplayer Proof replay took 6.9ns 
55963      INFO  main            d.u.i.k.p.r.p.TestFile    ... finished proof: closed. 
56148      INFO  main            d.u.i.k.p.i.AbstractProblemLoader Loading environment from /home/runner/work/key/key/key.core/../key.ui/examples/heap/permissions/threads/AFilter_initPost_accessible.key.proof 
56148      DEBUG main            d.u.i.k.p.i.AbstractProblemLoader Environment load took 386.3ns 
56149      INFO  main            d.u.i.k.p.i.AbstractProblemLoader Creating init config 
60814      DEBUG main            d.u.i.k.p.i.AbstractProblemLoader Init config took 4.66s 
60922      INFO  main            d.u.i.k.p.i.AbstractProblemLoader Replaying proof AFilter[ThreadSpec2::initPost()].JML accessible clause.0 
60926      DEBUG main            d.u.i.k.p.i.IntermediateProofReplayer Proof replay took 2.76ms 
60927      WARN  main            d.u.i.k.p.r.p.TestFile    Replay exception de.uka.ilkd.key.proof.io.ProblemLoaderException: Error loading proof.
Line 103, goal 13, rule createdOnHeapImpliesCreatedOnPermissions not available or not applicable in this context.
	at de.uka.ilkd.key.proof.io.IntermediateProofReplayer.reportError(IntermediateProofReplayer.java:782)
Caused by: de.uka.ilkd.key.proof.io.IntermediateProofReplayer$TacletAppConstructionException: Unknown taclet with name "createdOnHeapImpliesCreatedOnPermissions"
	at de.uka.ilkd.key.proof.io.IntermediateProofReplayer.constructTacletApp(IntermediateProofReplayer.java:432)

60928      DEBUG main            d.u.i.k.p.r.p.TestFile    Exception java.lang.Exception: Exception while loading proof (see cause for details): /home/runner/work/key/key/key.core/../key.ui/examples/heap/permissions/threads/AFilter_initPost_accessible.key.proof
	at de.uka.ilkd.key.proof.runallproofs.proofcollection.TestFile.reloadProof(TestFile.java:314)
Caused by: de.uka.ilkd.key.proof.io.ProblemLoaderException: Error loading proof.
Line 103, goal 13, rule createdOnHeapImpliesCreatedOnPermissions not available or not applicable in this context.
	at de.uka.ilkd.key.proof.io.IntermediateProofReplayer.reportError(IntermediateProofReplayer.java:782)
Caused by: de.uka.ilkd.key.proof.io.IntermediateProofReplayer$TacletAppConstructionException: Unknown taclet with name "createdOnHeapImpliesCreatedOnPermissions"
	at de.uka.ilkd.key.proof.io.IntermediateProofReplayer.constructTacletApp(IntermediateProofReplayer.java:432)

60928      WARN  main            d.u.i.k.p.r.p.ForkedTestFileRunner Run failed java.lang.Exception: Exception while loading proof (see cause for details): /home/runner/work/key/key/key.core/../key.ui/examples/heap/permissions/threads/AFilter_initPost_accessible.key.proof
	at de.uka.ilkd.key.proof.runallproofs.proofcollection.TestFile.reloadProof(TestFile.java:314)
Caused by: de.uka.ilkd.key.proof.io.ProblemLoaderException: Error loading proof.
Line 103, goal 13, rule createdOnHeapImpliesCreatedOnPermissions not available or not applicable in this context.
	at de.uka.ilkd.key.proof.io.IntermediateProofReplayer.reportError(IntermediateProofReplayer.java:782)
Caused by: de.uka.ilkd.key.proof.io.IntermediateProofReplayer$TacletAppConstructionException: Unknown taclet with name "createdOnHeapImpliesCreatedOnPermissions"
	at de.uka.ilkd.key.proof.io.IntermediateProofReplayer.constructTacletApp(IntermediateProofReplayer.java:432)

60930      INFO  main            d.u.i.k.p.r.p.TestFile    Now processing file /home/runner/work/key/key/key.core/../key.ui/examples/heap/permissions/threads/AFilter_inv_accessible1.key 
60931      INFO  main            d.u.i.k.p.i.AbstractProblemLoader Loading environment from /home/runner/work/key/key/key.core/../key.ui/examples/heap/permissions/threads/AFilter_inv_accessible1.key 
60931      DEBUG main            d.u.i.k.p.i.AbstractProblemLoader Environment load took 147.5ns 
60932      INFO  main            d.u.i.k.p.i.AbstractProblemLoader Creating init config 
65514      DEBUG main            d.u.i.k.p.i.AbstractProblemLoader Init config took 4.58s 
65605      INFO  main            d.u.i.k.p.i.AbstractProblemLoader Replaying proof AFilter[java.lang.Object::<inv>()].JML accessible clause.0 
65607      DEBUG main            d.u.i.k.p.i.IntermediateProofReplayer Proof replay took 6.3ns 
65712      INFO  main            d.u.i.k.p.r.p.TestFile    ... finished proof: closed. 
65904      INFO  main            d.u.i.k.p.i.AbstractProblemLoader Loading environment from /home/runner/work/key/key/key.core/../key.ui/examples/heap/permissions/threads/AFilter_inv_accessible1.key.proof 
65905      DEBUG main            d.u.i.k.p.i.AbstractProblemLoader Environment load took 100.3ns 
65905      INFO  main            d.u.i.k.p.i.AbstractProblemLoader Creating init config 
70445      DEBUG main            d.u.i.k.p.i.AbstractProblemLoader Init config took 4.54s 
70534      INFO  main            d.u.i.k.p.i.AbstractProblemLoader Replaying proof AFilter[java.lang.Object::<inv>()].JML accessible clause.0 
70542      DEBUG main            d.u.i.k.p.i.IntermediateProofReplayer Proof replay took 2.19ms 
70544      WARN  main            d.u.i.k.p.r.p.TestFile    Replay exception de.uka.ilkd.key.proof.io.ProblemLoaderException: Error loading proof.
Line 105, goal 15, rule createdOnHeapImpliesCreatedOnPermissions not available or not applicable in this context.
	at de.uka.ilkd.key.proof.io.IntermediateProofReplayer.reportError(IntermediateProofReplayer.java:782)
Caused by: de.uka.ilkd.key.proof.io.IntermediateProofReplayer$TacletAppConstructionException: Unknown taclet with name "createdOnHeapImpliesCreatedOnPermissions"
	at de.uka.ilkd.key.proof.io.IntermediateProofReplayer.constructTacletApp(IntermediateProofReplayer.java:432)

70545      DEBUG main            d.u.i.k.p.r.p.TestFile    Exception java.lang.Exception: Exception while loading proof (see cause for details): /home/runner/work/key/key/key.core/../key.ui/examples/heap/permissions/threads/AFilter_inv_accessible1.key.proof
	at de.uka.ilkd.key.proof.runallproofs.proofcollection.TestFile.reloadProof(TestFile.java:314)
Caused by: de.uka.ilkd.key.proof.io.ProblemLoaderException: Error loading proof.
Line 105, goal 15, rule createdOnHeapImpliesCreatedOnPermissions not available or not applicable in this context.
	at de.uka.ilkd.key.proof.io.IntermediateProofReplayer.reportError(IntermediateProofReplayer.java:782)
Caused by: de.uka.ilkd.key.proof.io.IntermediateProofReplayer$TacletAppConstructionException: Unknown taclet with name "createdOnHeapImpliesCreatedOnPermissions"
	at de.uka.ilkd.key.proof.io.IntermediateProofReplayer.constructTacletApp(IntermediateProofReplayer.java:432)

70546      WARN  main            d.u.i.k.p.r.p.ForkedTestFileRunner Run failed java.lang.Exception: Exception while loading proof (see cause for details): /home/runner/work/key/key/key.core/../key.ui/examples/heap/permissions/threads/AFilter_inv_accessible1.key.proof
	at de.uka.ilkd.key.proof.runallproofs.proofcollection.TestFile.reloadProof(TestFile.java:314)
Caused by: de.uka.ilkd.key.proof.io.ProblemLoaderException: Error loading proof.
Line 105, goal 15, rule createdOnHeapImpliesCreatedOnPermissions not available or not applicable in this context.
	at de.uka.ilkd.key.proof.io.IntermediateProofReplayer.reportError(IntermediateProofReplayer.java:782)
Caused by: de.uka.ilkd.key.proof.io.IntermediateProofReplayer$TacletAppConstructionException: Unknown taclet with name "createdOnHeapImpliesCreatedOnPermissions"
	at de.uka.ilkd.key.proof.io.IntermediateProofReplayer.constructTacletApp(IntermediateProofReplayer.java:432)

70548      INFO  main            d.u.i.k.p.r.p.TestFile    Now processing file /home/runner/work/key/key/key.core/../key.ui/examples/heap/permissions/threads/AFilter_inv_accessible2.key 
70548      INFO  main            d.u.i.k.p.i.AbstractProblemLoader Loading environment from /home/runner/work/key/key/key.core/../key.ui/examples/heap/permissions/threads/AFilter_inv_accessible2.key 
70549      DEBUG main            d.u.i.k.p.i.AbstractProblemLoader Environment load took 155.7ns 
70550      INFO  main            d.u.i.k.p.i.AbstractProblemLoader Creating init config 
75132      DEBUG main            d.u.i.k.p.i.AbstractProblemLoader Init config took 4.58s 
75230      INFO  main            d.u.i.k.p.i.AbstractProblemLoader Replaying proof AFilter[java.lang.Object::<inv>()].JML accessible clause.1 
75231      DEBUG main            d.u.i.k.p.i.IntermediateProofReplayer Proof replay took 6.4ns 
75335      INFO  main            d.u.i.k.p.r.p.TestFile    ... finished proof: closed. 
75528      INFO  main            d.u.i.k.p.i.AbstractProblemLoader Loading environment from /home/runner/work/key/key/key.core/../key.ui/examples/heap/permissions/threads/AFilter_inv_accessible2.key.proof 
75528      DEBUG main            d.u.i.k.p.i.AbstractProblemLoader Environment load took 104.1ns 
75529      INFO  main            d.u.i.k.p.i.AbstractProblemLoader Creating init config 
80049      DEBUG main            d.u.i.k.p.i.AbstractProblemLoader Init config took 4.52s 
80137      INFO  main            d.u.i.k.p.i.AbstractProblemLoader Replaying proof AFilter[java.lang.Object::<inv>()].JML accessible clause.1 
80145      DEBUG main            d.u.i.k.p.i.IntermediateProofReplayer Proof replay took 3.5ms 
80146      WARN  main            d.u.i.k.p.r.p.TestFile    Replay exception de.uka.ilkd.key.proof.io.ProblemLoaderException: Error loading proof.
Line 105, goal 15, rule createdOnHeapImpliesCreatedOnPermissions not available or not applicable in this context.
	at de.uka.ilkd.key.proof.io.IntermediateProofReplayer.reportError(IntermediateProofReplayer.java:782)
Caused by: de.uka.ilkd.key.proof.io.IntermediateProofReplayer$TacletAppConstructionException: Unknown taclet with name "createdOnHeapImpliesCreatedOnPermissions"
	at de.uka.ilkd.key.proof.io.IntermediateProofReplayer.constructTacletApp(IntermediateProofReplayer.java:432)

80146      DEBUG main            d.u.i.k.p.r.p.TestFile    Exception java.lang.Exception: Exception while loading proof (see cause for details): /home/runner/work/key/key/key.core/../key.ui/examples/heap/permissions/threads/AFilter_inv_accessible2.key.proof
	at de.uka.ilkd.key.proof.runallproofs.proofcollection.TestFile.reloadProof(TestFile.java:314)
Caused by: de.uka.ilkd.key.proof.io.ProblemLoaderException: Error loading proof.
Line 105, goal 15, rule createdOnHeapImpliesCreatedOnPermissions not available or not applicable in this context.
	at de.uka.ilkd.key.proof.io.IntermediateProofReplayer.reportError(IntermediateProofReplayer.java:782)
Caused by: de.uka.ilkd.key.proof.io.IntermediateProofReplayer$TacletAppConstructionException: Unknown taclet with name "createdOnHeapImpliesCreatedOnPermissions"
	at de.uka.ilkd.key.proof.io.IntermediateProofReplayer.constructTacletApp(IntermediateProofReplayer.java:432)

80148      WARN  main            d.u.i.k.p.r.p.ForkedTestFileRunner Run failed java.lang.Exception: Exception while loading proof (see cause for details): /home/runner/work/key/key/key.core/../key.ui/examples/heap/permissions/threads/AFilter_inv_accessible2.key.proof
	at de.uka.ilkd.key.proof.runallproofs.proofcollection.TestFile.reloadProof(TestFile.java:314)
Caused by: de.uka.ilkd.key.proof.io.ProblemLoaderException: Error loading proof.
Line 105, goal 15, rule createdOnHeapImpliesCreatedOnPermissions not available or not applicable in this context.
	at de.uka.ilkd.key.proof.io.IntermediateProofReplayer.reportError(IntermediateProofReplayer.java:782)
Caused by: de.uka.ilkd.key.proof.io.IntermediateProofReplayer$TacletAppConstructionException: Unknown taclet with name "createdOnHeapImpliesCreatedOnPermissions"
	at de.uka.ilkd.key.proof.io.IntermediateProofReplayer.constructTacletApp(IntermediateProofReplayer.java:432)

80151      INFO  main            d.u.i.k.p.r.p.TestFile    Now processing file /home/runner/work/key/key/key.core/../key.ui/examples/heap/permissions/threads/AFilter_joinTransfer_accessible.key 
80151      INFO  main            d.u.i.k.p.i.AbstractProblemLoader Loading environment from /home/runner/work/key/key/key.core/../key.ui/examples/heap/permissions/threads/AFilter_joinTransfer_accessible.key 
80151      DEBUG main            d.u.i.k.p.i.AbstractProblemLoader Environment load took 174.4ns 
80152      INFO  main            d.u.i.k.p.i.AbstractProblemLoader Creating init config 
84712      DEBUG main            d.u.i.k.p.i.AbstractProblemLoader Init config took 4.56s 
84798      INFO  main            d.u.i.k.p.i.AbstractProblemLoader Replaying proof AFilter[ThreadSpec2::joinTransfer()].JML accessible clause.0 
84799      DEBUG main            d.u.i.k.p.i.IntermediateProofReplayer Proof replay took 6.2ns 
85903      INFO  main            d.u.i.k.p.r.p.TestFile    ... finished proof: closed. 
86131      INFO  main            d.u.i.k.p.i.AbstractProblemLoader Loading environment from /home/runner/work/key/key/key.core/../key.ui/examples/heap/permissions/threads/AFilter_joinTransfer_accessible.key.proof 
86131      DEBUG main            d.u.i.k.p.i.AbstractProblemLoader Environment load took 341.5ns 
86133      INFO  main            d.u.i.k.p.i.AbstractProblemLoader Creating init config 
90645      DEBUG main            d.u.i.k.p.i.AbstractProblemLoader Init config took 4.51s 
90742      INFO  main            d.u.i.k.p.i.AbstractProblemLoader Replaying proof AFilter[ThreadSpec2::joinTransfer()].JML accessible clause.0 
90752      DEBUG main            d.u.i.k.p.i.IntermediateProofReplayer Proof replay took 4.62ms 
90753      WARN  main            d.u.i.k.p.r.p.TestFile    Replay exception de.uka.ilkd.key.proof.io.ProblemLoaderException: Error loading proof.
Line 112, goal 22, rule createdOnHeapImpliesCreatedOnPermissions not available or not applicable in this context.
	at de.uka.ilkd.key.proof.io.IntermediateProofReplayer.reportError(IntermediateProofReplayer.java:782)
Caused by: de.uka.ilkd.key.proof.io.IntermediateProofReplayer$TacletAppConstructionException: Unknown taclet with name "createdOnHeapImpliesCreatedOnPermissions"
	at de.uka.ilkd.key.proof.io.IntermediateProofReplayer.constructTacletApp(IntermediateProofReplayer.java:432)

90754      DEBUG main            d.u.i.k.p.r.p.TestFile    Exception java.lang.Exception: Exception while loading proof (see cause for details): /home/runner/work/key/key/key.core/../key.ui/examples/heap/permissions/threads/AFilter_joinTransfer_accessible.key.proof
	at de.uka.ilkd.key.proof.runallproofs.proofcollection.TestFile.reloadProof(TestFile.java:314)
Caused by: de.uka.ilkd.key.proof.io.ProblemLoaderException: Error loading proof.
Line 112, goal 22, rule createdOnHeapImpliesCreatedOnPermissions not available or not applicable in this context.
	at de.uka.ilkd.key.proof.io.IntermediateProofReplayer.reportError(IntermediateProofReplayer.java:782)
Caused by: de.uka.ilkd.key.proof.io.IntermediateProofReplayer$TacletAppConstructionException: Unknown taclet with name "createdOnHeapImpliesCreatedOnPermissions"
	at de.uka.ilkd.key.proof.io.IntermediateProofReplayer.constructTacletApp(IntermediateProofReplayer.java:432)

90755      WARN  main            d.u.i.k.p.r.p.ForkedTestFileRunner Run failed java.lang.Exception: Exception while loading proof (see cause for details): /home/runner/work/key/key/key.core/../key.ui/examples/heap/permissions/threads/AFilter_joinTransfer_accessible.key.proof
	at de.uka.ilkd.key.proof.runallproofs.proofcollection.TestFile.reloadProof(TestFile.java:314)
Caused by: de.uka.ilkd.key.proof.io.ProblemLoaderException: Error loading proof.
Line 112, goal 22, rule createdOnHeapImpliesCreatedOnPermissions not available or not applicable in this context.
	at de.uka.ilkd.key.proof.io.IntermediateProofReplayer.reportError(IntermediateProofReplayer.java:782)
Caused by: de.uka.ilkd.key.proof.io.IntermediateProofReplayer$TacletAppConstructionException: Unknown taclet with name "createdOnHeapImpliesCreatedOnPermissions"
	at de.uka.ilkd.key.proof.io.IntermediateProofReplayer.constructTacletApp(IntermediateProofReplayer.java:432)

90757      INFO  main            d.u.i.k.p.r.p.TestFile    Now processing file /home/runner/work/key/key/key.core/../key.ui/examples/heap/permissions/threads/AFilter_joinTransfer_contract.key 
90757      INFO  main            d.u.i.k.p.i.AbstractProblemLoader Loading environment from /home/runner/work/key/key/key.core/../key.ui/examples/heap/permissions/threads/AFilter_joinTransfer_contract.key 
90757      DEBUG main            d.u.i.k.p.i.AbstractProblemLoader Environment load took 146ns 
90758      INFO  main            d.u.i.k.p.i.AbstractProblemLoader Creating init config 
95342      DEBUG main            d.u.i.k.p.i.AbstractProblemLoader Init config took 4.58s 
95429      INFO  main            d.u.i.k.p.i.AbstractProblemLoader Replaying proof AFilter[ThreadSpec2::joinTransfer()].JML model_behavior operation contract.0 
95431      DEBUG main            d.u.i.k.p.i.IntermediateProofReplayer Proof replay took 6.2ns 
95536      INFO  main            d.u.i.k.p.r.p.TestFile    ... finished proof: closed. 
95741      INFO  main            d.u.i.k.p.i.AbstractProblemLoader Loading environment from /home/runner/work/key/key/key.core/../key.ui/examples/heap/permissions/threads/AFilter_joinTransfer_contract.key.proof 
95741      DEBUG main            d.u.i.k.p.i.AbstractProblemLoader Environment load took 130.8ns 
95742      INFO  main            d.u.i.k.p.i.AbstractProblemLoader Creating init config 
100234     DEBUG main            d.u.i.k.p.i.AbstractProblemLoader Init config took 4.49s 
100329     INFO  main            d.u.i.k.p.i.AbstractProblemLoader Replaying proof AFilter[ThreadSpec2::joinTransfer()].JML model_behavior operation contract.0 
100338     DEBUG main            d.u.i.k.p.i.IntermediateProofReplayer Proof replay took 7.46ms 
100339     WARN  main            d.u.i.k.p.r.p.TestFile    Replay exception de.uka.ilkd.key.proof.io.ProblemLoaderException: Error loading proof.
Line 112, goal 22, rule createdOnHeapImpliesCreatedOnPermissions not available or not applicable in this context.
	at de.uka.ilkd.key.proof.io.IntermediateProofReplayer.reportError(IntermediateProofReplayer.java:782)
Caused by: de.uka.ilkd.key.proof.io.IntermediateProofReplayer$TacletAppConstructionException: Unknown taclet with name "createdOnHeapImpliesCreatedOnPermissions"
	at de.uka.ilkd.key.proof.io.IntermediateProofReplayer.constructTacletApp(IntermediateProofReplayer.java:432)

100340     DEBUG main            d.u.i.k.p.r.p.TestFile    Exception java.lang.Exception: Exception while loading proof (see cause for details): /home/runner/work/key/key/key.core/../key.ui/examples/heap/permissions/threads/AFilter_joinTransfer_contract.key.proof
	at de.uka.ilkd.key.proof.runallproofs.proofcollection.TestFile.reloadProof(TestFile.java:314)
Caused by: de.uka.ilkd.key.proof.io.ProblemLoaderException: Error loading proof.
Line 112, goal 22, rule createdOnHeapImpliesCreatedOnPermissions not available or not applicable in this context.
	at de.uka.ilkd.key.proof.io.IntermediateProofReplayer.reportError(IntermediateProofReplayer.java:782)
Caused by: de.uka.ilkd.key.proof.io.IntermediateProofReplayer$TacletAppConstructionException: Unknown taclet with name "createdOnHeapImpliesCreatedOnPermissions"
	at de.uka.ilkd.key.proof.io.IntermediateProofReplayer.constructTacletApp(IntermediateProofReplayer.java:432)

100340     WARN  main            d.u.i.k.p.r.p.ForkedTestFileRunner Run failed java.lang.Exception: Exception while loading proof (see cause for details): /home/runner/work/key/key/key.core/../key.ui/examples/heap/permissions/threads/AFilter_joinTransfer_contract.key.proof
	at de.uka.ilkd.key.proof.runallproofs.proofcollection.TestFile.reloadProof(TestFile.java:314)
Caused by: de.uka.ilkd.key.proof.io.ProblemLoaderException: Error loading proof.
Line 112, goal 22, rule createdOnHeapImpliesCreatedOnPermissions not available or not applicable in this context.
	at de.uka.ilkd.key.proof.io.IntermediateProofReplayer.reportError(IntermediateProofReplayer.java:782)
Caused by: de.uka.ilkd.key.proof.io.IntermediateProofReplayer$TacletAppConstructionException: Unknown taclet with name "createdOnHeapImpliesCreatedOnPermissions"
	at de.uka.ilkd.key.proof.io.IntermediateProofReplayer.constructTacletApp(IntermediateProofReplayer.java:432)

100342     INFO  main            d.u.i.k.p.r.p.TestFile    Now processing file /home/runner/work/key/key/key.core/../key.ui/examples/heap/permissions/threads/AFilter_postJoin_accessible.key 
100342     INFO  main            d.u.i.k.p.i.AbstractProblemLoader Loading environment from /home/runner/work/key/key/key.core/../key.ui/examples/heap/permissions/threads/AFilter_postJoin_accessible.key 
100342     DEBUG main            d.u.i.k.p.i.AbstractProblemLoader Environment load took 79.2ns 
100343     INFO  main            d.u.i.k.p.i.AbstractProblemLoader Creating init config 
104923     DEBUG main            d.u.i.k.p.i.AbstractProblemLoader Init config took 4.58s 
105010     INFO  main            d.u.i.k.p.i.AbstractProblemLoader Replaying proof AFilter[ThreadSpec2::postJoin(java.lang.Object)].JML accessible clause.0 
105012     DEBUG main            d.u.i.k.p.i.IntermediateProofReplayer Proof replay took 7ns 
105113     INFO  main            d.u.i.k.p.r.p.TestFile    ... finished proof: closed. 
105333     INFO  main            d.u.i.k.p.i.AbstractProblemLoader Loading environment from /home/runner/work/key/key/key.core/../key.ui/examples/heap/permissions/threads/AFilter_postJoin_accessible.key.proof 
105333     DEBUG main            d.u.i.k.p.i.AbstractProblemLoader Environment load took 100.1ns 
105334     INFO  main            d.u.i.k.p.i.AbstractProblemLoader Creating init config 
109834     DEBUG main            d.u.i.k.p.i.AbstractProblemLoader Init config took 4.5s 
109919     INFO  main            d.u.i.k.p.i.AbstractProblemLoader Replaying proof AFilter[ThreadSpec2::postJoin(java.lang.Object)].JML accessible clause.0 
109923     DEBUG main            d.u.i.k.p.i.IntermediateProofReplayer Proof replay took 3.11ms 
109924     WARN  main            d.u.i.k.p.r.p.TestFile    Replay exception de.uka.ilkd.key.proof.io.ProblemLoaderException: Error loading proof.
Line 109, goal 19, rule createdOnHeapImpliesCreatedOnPermissions not available or not applicable in this context.
	at de.uka.ilkd.key.proof.io.IntermediateProofReplayer.reportError(IntermediateProofReplayer.java:782)
Caused by: de.uka.ilkd.key.proof.io.IntermediateProofReplayer$TacletAppConstructionException: Unknown taclet with name "createdOnHeapImpliesCreatedOnPermissions"
	at de.uka.ilkd.key.proof.io.IntermediateProofReplayer.constructTacletApp(IntermediateProofReplayer.java:432)

109924     DEBUG main            d.u.i.k.p.r.p.TestFile    Exception java.lang.Exception: Exception while loading proof (see cause for details): /home/runner/work/key/key/key.core/../key.ui/examples/heap/permissions/threads/AFilter_postJoin_accessible.key.proof
	at de.uka.ilkd.key.proof.runallproofs.proofcollection.TestFile.reloadProof(TestFile.java:314)
Caused by: de.uka.ilkd.key.proof.io.ProblemLoaderException: Error loading proof.
Line 109, goal 19, rule createdOnHeapImpliesCreatedOnPermissions not available or not applicable in this context.
	at de.uka.ilkd.key.proof.io.IntermediateProofReplayer.reportError(IntermediateProofReplayer.java:782)
Caused by: de.uka.ilkd.key.proof.io.IntermediateProofReplayer$TacletAppConstructionException: Unknown taclet with name "createdOnHeapImpliesCreatedOnPermissions"
	at de.uka.ilkd.key.proof.io.IntermediateProofReplayer.constructTacletApp(IntermediateProofReplayer.java:432)

109925     WARN  main            d.u.i.k.p.r.p.ForkedTestFileRunner Run failed java.lang.Exception: Exception while loading proof (see cause for details): /home/runner/work/key/key/key.core/../key.ui/examples/heap/permissions/threads/AFilter_postJoin_accessible.key.proof
	at de.uka.ilkd.key.proof.runallproofs.proofcollection.TestFile.reloadProof(TestFile.java:314)
Caused by: de.uka.ilkd.key.proof.io.ProblemLoaderException: Error loading proof.
Line 109, goal 19, rule createdOnHeapImpliesCreatedOnPermissions not available or not applicable in this context.
	at de.uka.ilkd.key.proof.io.IntermediateProofReplayer.reportError(IntermediateProofReplayer.java:782)
Caused by: de.uka.ilkd.key.proof.io.IntermediateProofReplayer$TacletAppConstructionException: Unknown taclet with name "createdOnHeapImpliesCreatedOnPermissions"
	at de.uka.ilkd.key.proof.io.IntermediateProofReplayer.constructTacletApp(IntermediateProofReplayer.java:432)

109927     INFO  main            d.u.i.k.p.r.p.TestFile    Now processing file /home/runner/work/key/key/key.core/../key.ui/examples/heap/permissions/threads/AFilter_preStart_accessible.key 
109927     INFO  main            d.u.i.k.p.i.AbstractProblemLoader Loading environment from /home/runner/work/key/key/key.core/../key.ui/examples/heap/permissions/threads/AFilter_preStart_accessible.key 
109927     DEBUG main            d.u.i.k.p.i.AbstractProblemLoader Environment load took 75.3ns 
109928     INFO  main            d.u.i.k.p.i.AbstractProblemLoader Creating init config 
114489     DEBUG main            d.u.i.k.p.i.AbstractProblemLoader Init config took 4.56s 
114577     INFO  main            d.u.i.k.p.i.AbstractProblemLoader Replaying proof AFilter[ThreadSpec2::preStart(java.lang.Object)].JML accessible clause.0 
114579     DEBUG main            d.u.i.k.p.i.IntermediateProofReplayer Proof replay took 194ns 
114887     INFO  main            d.u.i.k.p.r.p.TestFile    ... finished proof: closed. 
115109     INFO  main            d.u.i.k.p.i.AbstractProblemLoader Loading environment from /home/runner/work/key/key/key.core/../key.ui/examples/heap/permissions/threads/AFilter_preStart_accessible.key.proof 
115109     DEBUG main            d.u.i.k.p.i.AbstractProblemLoader Environment load took 101.4ns 
115110     INFO  main            d.u.i.k.p.i.AbstractProblemLoader Creating init config 
119657     DEBUG main            d.u.i.k.p.i.AbstractProblemLoader Init config took 4.55s 
119742     INFO  main            d.u.i.k.p.i.AbstractProblemLoader Replaying proof AFilter[ThreadSpec2::preStart(java.lang.Object)].JML accessible clause.0 
119748     DEBUG main            d.u.i.k.p.i.IntermediateProofReplayer Proof replay took 3.31ms 
119749     WARN  main            d.u.i.k.p.r.p.TestFile    Replay exception de.uka.ilkd.key.proof.io.ProblemLoaderException: Error loading proof.
Line 109, goal 19, rule createdOnHeapImpliesCreatedOnPermissions not available or not applicable in this context.
	at de.uka.ilkd.key.proof.io.IntermediateProofReplayer.reportError(IntermediateProofReplayer.java:782)
Caused by: de.uka.ilkd.key.proof.io.IntermediateProofReplayer$TacletAppConstructionException: Unknown taclet with name "createdOnHeapImpliesCreatedOnPermissions"
	at de.uka.ilkd.key.proof.io.IntermediateProofReplayer.constructTacletApp(IntermediateProofReplayer.java:432)

119749     DEBUG main            d.u.i.k.p.r.p.TestFile    Exception java.lang.Exception: Exception while loading proof (see cause for details): /home/runner/work/key/key/key.core/../key.ui/examples/heap/permissions/threads/AFilter_preStart_accessible.key.proof
	at de.uka.ilkd.key.proof.runallproofs.proofcollection.TestFile.reloadProof(TestFile.java:314)
Caused by: de.uka.ilkd.key.proof.io.ProblemLoaderException: Error loading proof.
Line 109, goal 19, rule createdOnHeapImpliesCreatedOnPermissions not available or not applicable in this context.
	at de.uka.ilkd.key.proof.io.IntermediateProofReplayer.reportError(IntermediateProofReplayer.java:782)
Caused by: de.uka.ilkd.key.proof.io.IntermediateProofReplayer$TacletAppConstructionException: Unknown taclet with name "createdOnHeapImpliesCreatedOnPermissions"
	at de.uka.ilkd.key.proof.io.IntermediateProofReplayer.constructTacletApp(IntermediateProofReplayer.java:432)

119750     WARN  main            d.u.i.k.p.r.p.ForkedTestFileRunner Run failed java.lang.Exception: Exception while loading proof (see cause for details): /home/runner/work/key/key/key.core/../key.ui/examples/heap/permissions/threads/AFilter_preStart_accessible.key.proof
	at de.uka.ilkd.key.proof.runallproofs.proofcollection.TestFile.reloadProof(TestFile.java:314)
Caused by: de.uka.ilkd.key.proof.io.ProblemLoaderException: Error loading proof.
Line 109, goal 19, rule createdOnHeapImpliesCreatedOnPermissions not available or not applicable in this context.
	at de.uka.ilkd.key.proof.io.IntermediateProofReplayer.reportError(IntermediateProofReplayer.java:782)
Caused by: de.uka.ilkd.key.proof.io.IntermediateProofReplayer$TacletAppConstructionException: Unknown taclet with name "createdOnHeapImpliesCreatedOnPermissions"
	at de.uka.ilkd.key.proof.io.IntermediateProofReplayer.constructTacletApp(IntermediateProofReplayer.java:432)

119752     INFO  main            d.u.i.k.p.r.p.TestFile    Now processing file /home/runner/work/key/key/key.core/../key.ui/examples/heap/permissions/threads/AFilter_startTransfer_accessible.key 
119753     INFO  main            d.u.i.k.p.i.AbstractProblemLoader Loading environment from /home/runner/work/key/key/key.core/../key.ui/examples/heap/permissions/threads/AFilter_startTransfer_accessible.key 
119753     DEBUG main            d.u.i.k.p.i.AbstractProblemLoader Environment load took 77ns 
119754     INFO  main            d.u.i.k.p.i.AbstractProblemLoader Creating init config 
124324     DEBUG main            d.u.i.k.p.i.AbstractProblemLoader Init config took 4.57s 
124407     INFO  main            d.u.i.k.p.i.AbstractProblemLoader Replaying proof AFilter[ThreadSpec2::startTransfer()].JML accessible clause.0 
124408     DEBUG main            d.u.i.k.p.i.IntermediateProofReplayer Proof replay took 6.7ns 
133977     INFO  main            d.u.i.k.p.r.p.TestFile    ... finished proof: closed. 
134259     INFO  main            d.u.i.k.p.i.AbstractProblemLoader Loading environment from /home/runner/work/key/key/key.core/../key.ui/examples/heap/permissions/threads/AFilter_startTransfer_accessible.key.proof 
134261     DEBUG main            d.u.i.k.p.i.AbstractProblemLoader Environment load took 1.86ms 
134262     INFO  main            d.u.i.k.p.i.AbstractProblemLoader Creating init config 
138818     DEBUG main            d.u.i.k.p.i.AbstractProblemLoader Init config took 4.56s 
138902     INFO  main            d.u.i.k.p.i.AbstractProblemLoader Replaying proof AFilter[ThreadSpec2::startTransfer()].JML accessible clause.0 
138931     DEBUG main            d.u.i.k.p.i.IntermediateProofReplayer Proof replay took 5.57ms 
138932     WARN  main            d.u.i.k.p.r.p.TestFile    Replay exception de.uka.ilkd.key.proof.io.ProblemLoaderException: Error loading proof.
Line 112, goal 22, rule createdOnHeapImpliesCreatedOnPermissions not available or not applicable in this context.
	at de.uka.ilkd.key.proof.io.IntermediateProofReplayer.reportError(IntermediateProofReplayer.java:782)
Caused by: de.uka.ilkd.key.proof.io.IntermediateProofReplayer$TacletAppConstructionException: Unknown taclet with name "createdOnHeapImpliesCreatedOnPermissions"
	at de.uka.ilkd.key.proof.io.IntermediateProofReplayer.constructTacletApp(IntermediateProofReplayer.java:432)

138933     DEBUG main            d.u.i.k.p.r.p.TestFile    Exception java.lang.Exception: Exception while loading proof (see cause for details): /home/runner/work/key/key/key.core/../key.ui/examples/heap/permissions/threads/AFilter_startTransfer_accessible.key.proof
	at de.uka.ilkd.key.proof.runallproofs.proofcollection.TestFile.reloadProof(TestFile.java:314)
Caused by: de.uka.ilkd.key.proof.io.ProblemLoaderException: Error loading proof.
Line 112, goal 22, rule createdOnHeapImpliesCreatedOnPermissions not available or not applicable in this context.
	at de.uka.ilkd.key.proof.io.IntermediateProofReplayer.reportError(IntermediateProofReplayer.java:782)
Caused by: de.uka.ilkd.key.proof.io.IntermediateProofReplayer$TacletAppConstructionException: Unknown taclet with name "createdOnHeapImpliesCreatedOnPermissions"
	at de.uka.ilkd.key.proof.io.IntermediateProofReplayer.constructTacletApp(IntermediateProofReplayer.java:432)

138933     WARN  main            d.u.i.k.p.r.p.ForkedTestFileRunner Run failed java.lang.Exception: Exception while loading proof (see cause for details): /home/runner/work/key/key/key.core/../key.ui/examples/heap/permissions/threads/AFilter_startTransfer_accessible.key.proof
	at de.uka.ilkd.key.proof.runallproofs.proofcollection.TestFile.reloadProof(TestFile.java:314)
Caused by: de.uka.ilkd.key.proof.io.ProblemLoaderException: Error loading proof.
Line 112, goal 22, rule createdOnHeapImpliesCreatedOnPermissions not available or not applicable in this context.
	at de.uka.ilkd.key.proof.io.IntermediateProofReplayer.reportError(IntermediateProofReplayer.java:782)
Caused by: de.uka.ilkd.key.proof.io.IntermediateProofReplayer$TacletAppConstructionException: Unknown taclet with name "createdOnHeapImpliesCreatedOnPermissions"
	at de.uka.ilkd.key.proof.io.IntermediateProofReplayer.constructTacletApp(IntermediateProofReplayer.java:432)

138935     INFO  main            d.u.i.k.p.r.p.TestFile    Now processing file /home/runner/work/key/key/key.core/../key.ui/examples/heap/permissions/threads/AFilter_startTransfer_contract.key 
138935     INFO  main            d.u.i.k.p.i.AbstractProblemLoader Loading environment from /home/runner/work/key/key/key.core/../key.ui/examples/heap/permissions/threads/AFilter_startTransfer_contract.key 
138935     DEBUG main            d.u.i.k.p.i.AbstractProblemLoader Environment load took 76.9ns 
138936     INFO  main            d.u.i.k.p.i.AbstractProblemLoader Creating init config 
143509     DEBUG main            d.u.i.k.p.i.AbstractProblemLoader Init config took 4.57s 
143610     INFO  main            d.u.i.k.p.i.AbstractProblemLoader Replaying proof AFilter[ThreadSpec2::startTransfer()].JML model_behavior operation contract.0 
143612     DEBUG main            d.u.i.k.p.i.IntermediateProofReplayer Proof replay took 7.6ns 
144015     INFO  main            d.u.i.k.p.r.p.TestFile    ... finished proof: closed. 
144254     INFO  main            d.u.i.k.p.i.AbstractProblemLoader Loading environment from /home/runner/work/key/key/key.core/../key.ui/examples/heap/permissions/threads/AFilter_startTransfer_contract.key.proof 
144254     DEBUG main            d.u.i.k.p.i.AbstractProblemLoader Environment load took 390.5ns 
144255     INFO  main            d.u.i.k.p.i.AbstractProblemLoader Creating init config 
148817     DEBUG main            d.u.i.k.p.i.AbstractProblemLoader Init config took 4.56s 
148902     INFO  main            d.u.i.k.p.i.AbstractProblemLoader Replaying proof AFilter[ThreadSpec2::startTransfer()].JML model_behavior operation contract.0 
148913     DEBUG main            d.u.i.k.p.i.IntermediateProofReplayer Proof replay took 7.54ms 
148914     WARN  main            d.u.i.k.p.r.p.TestFile    Replay exception de.uka.ilkd.key.proof.io.ProblemLoaderException: Error loading proof.
Line 116, goal 26, rule createdOnHeapImpliesCreatedOnPermissions not available or not applicable in this context.
	at de.uka.ilkd.key.proof.io.IntermediateProofReplayer.reportError(IntermediateProofReplayer.java:782)
Caused by: de.uka.ilkd.key.proof.io.IntermediateProofReplayer$TacletAppConstructionException: Unknown taclet with name "createdOnHeapImpliesCreatedOnPermissions"
	at de.uka.ilkd.key.proof.io.IntermediateProofReplayer.constructTacletApp(IntermediateProofReplayer.java:432)

148914     DEBUG main            d.u.i.k.p.r.p.TestFile    Exception java.lang.Exception: Exception while loading proof (see cause for details): /home/runner/work/key/key/key.core/../key.ui/examples/heap/permissions/threads/AFilter_startTransfer_contract.key.proof
	at de.uka.ilkd.key.proof.runallproofs.proofcollection.TestFile.reloadProof(TestFile.java:314)
Caused by: de.uka.ilkd.key.proof.io.ProblemLoaderException: Error loading proof.
Line 116, goal 26, rule createdOnHeapImpliesCreatedOnPermissions not available or not applicable in this context.
	at de.uka.ilkd.key.proof.io.IntermediateProofReplayer.reportError(IntermediateProofReplayer.java:782)
Caused by: de.uka.ilkd.key.proof.io.IntermediateProofReplayer$TacletAppConstructionException: Unknown taclet with name "createdOnHeapImpliesCreatedOnPermissions"
	at de.uka.ilkd.key.proof.io.IntermediateProofReplayer.constructTacletApp(IntermediateProofReplayer.java:432)

148915     WARN  main            d.u.i.k.p.r.p.ForkedTestFileRunner Run failed java.lang.Exception: Exception while loading proof (see cause for details): /home/runner/work/key/key/key.core/../key.ui/examples/heap/permissions/threads/AFilter_startTransfer_contract.key.proof
	at de.uka.ilkd.key.proof.runallproofs.proofcollection.TestFile.reloadProof(TestFile.java:314)
Caused by: de.uka.ilkd.key.proof.io.ProblemLoaderException: Error loading proof.
Line 116, goal 26, rule createdOnHeapImpliesCreatedOnPermissions not available or not applicable in this context.
	at de.uka.ilkd.key.proof.io.IntermediateProofReplayer.reportError(IntermediateProofReplayer.java:782)
Caused by: de.uka.ilkd.key.proof.io.IntermediateProofReplayer$TacletAppConstructionException: Unknown taclet with name "createdOnHeapImpliesCreatedOnPermissions"
	at de.uka.ilkd.key.proof.io.IntermediateProofReplayer.constructTacletApp(IntermediateProofReplayer.java:432)

148917     INFO  main            d.u.i.k.p.r.p.TestFile    Now processing file /home/runner/work/key/key/key.core/../key.ui/examples/heap/permissions/threads/AFilter_stateInv_accessible.key 
148917     INFO  main            d.u.i.k.p.i.AbstractProblemLoader Loading environment from /home/runner/work/key/key/key.core/../key.ui/examples/heap/permissions/threads/AFilter_stateInv_accessible.key 
148917     DEBUG main            d.u.i.k.p.i.AbstractProblemLoader Environment load took 83.2ns 
148918     INFO  main            d.u.i.k.p.i.AbstractProblemLoader Creating init config 
153575     DEBUG main            d.u.i.k.p.i.AbstractProblemLoader Init config took 4.66s 
153660     INFO  main            d.u.i.k.p.i.AbstractProblemLoader Replaying proof AFilter[ThreadSpec2::stateInv()].JML accessible clause.0 
153662     DEBUG main            d.u.i.k.p.i.IntermediateProofReplayer Proof replay took 7.2ns 
153964     INFO  main            d.u.i.k.p.r.p.TestFile    ... finished proof: closed. 
154210     INFO  main            d.u.i.k.p.i.AbstractProblemLoader Loading environment from /home/runner/work/key/key/key.core/../key.ui/examples/heap/permissions/threads/AFilter_stateInv_accessible.key.proof 
154210     DEBUG main            d.u.i.k.p.i.AbstractProblemLoader Environment load took 97.5ns 
154211     INFO  main            d.u.i.k.p.i.AbstractProblemLoader Creating init config 
158715     DEBUG main            d.u.i.k.p.i.AbstractProblemLoader Init config took 4.5s 
158798     INFO  main            d.u.i.k.p.i.AbstractProblemLoader Replaying proof AFilter[ThreadSpec2::stateInv()].JML accessible clause.0 
158803     DEBUG main            d.u.i.k.p.i.IntermediateProofReplayer Proof replay took 2.35ms 
158804     WARN  main            d.u.i.k.p.r.p.TestFile    Replay exception de.uka.ilkd.key.proof.io.ProblemLoaderException: Error loading proof.
Line 103, goal 13, rule createdOnHeapImpliesCreatedOnPermissions not available or not applicable in this context.
	at de.uka.ilkd.key.proof.io.IntermediateProofReplayer.reportError(IntermediateProofReplayer.java:782)
Caused by: de.uka.ilkd.key.proof.io.IntermediateProofReplayer$TacletAppConstructionException: Unknown taclet with name "createdOnHeapImpliesCreatedOnPermissions"
	at de.uka.ilkd.key.proof.io.IntermediateProofReplayer.constructTacletApp(IntermediateProofReplayer.java:432)

158804     DEBUG main            d.u.i.k.p.r.p.TestFile    Exception java.lang.Exception: Exception while loading proof (see cause for details): /home/runner/work/key/key/key.core/../key.ui/examples/heap/permissions/threads/AFilter_stateInv_accessible.key.proof
	at de.uka.ilkd.key.proof.runallproofs.proofcollection.TestFile.reloadProof(TestFile.java:314)
Caused by: de.uka.ilkd.key.proof.io.ProblemLoaderException: Error loading proof.
Line 103, goal 13, rule createdOnHeapImpliesCreatedOnPermissions not available or not applicable in this context.
	at de.uka.ilkd.key.proof.io.IntermediateProofReplayer.reportError(IntermediateProofReplayer.java:782)
Caused by: de.uka.ilkd.key.proof.io.IntermediateProofReplayer$TacletAppConstructionException: Unknown taclet with name "createdOnHeapImpliesCreatedOnPermissions"
	at de.uka.ilkd.key.proof.io.IntermediateProofReplayer.constructTacletApp(IntermediateProofReplayer.java:432)

158805     WARN  main            d.u.i.k.p.r.p.ForkedTestFileRunner Run failed java.lang.Exception: Exception while loading proof (see cause for details): /home/runner/work/key/key/key.core/../key.ui/examples/heap/permissions/threads/AFilter_stateInv_accessible.key.proof
	at de.uka.ilkd.key.proof.runallproofs.proofcollection.TestFile.reloadProof(TestFile.java:314)
Caused by: de.uka.ilkd.key.proof.io.ProblemLoaderException: Error loading proof.
Line 103, goal 13, rule createdOnHeapImpliesCreatedOnPermissions not available or not applicable in this context.
	at de.uka.ilkd.key.proof.io.IntermediateProofReplayer.reportError(IntermediateProofReplayer.java:782)
Caused by: de.uka.ilkd.key.proof.io.IntermediateProofReplayer$TacletAppConstructionException: Unknown taclet with name "createdOnHeapImpliesCreatedOnPermissions"
	at de.uka.ilkd.key.proof.io.IntermediateProofReplayer.constructTacletApp(IntermediateProofReplayer.java:432)

158808     INFO  main            d.u.i.k.p.r.p.TestFile    Now processing file /home/runner/work/key/key/key.core/../key.ui/examples/heap/permissions/threads/AFilter_staticPermissions_accessible.key 
158808     INFO  main            d.u.i.k.p.i.AbstractProblemLoader Loading environment from /home/runner/work/key/key/key.core/../key.ui/examples/heap/permissions/threads/AFilter_staticPermissions_accessible.key 
158808     DEBUG main            d.u.i.k.p.i.AbstractProblemLoader Environment load took 150.4ns 
158810     INFO  main            d.u.i.k.p.i.AbstractProblemLoader Creating init config 
163344     DEBUG main            d.u.i.k.p.i.AbstractProblemLoader Init config took 4.53s 
163429     INFO  main            d.u.i.k.p.i.AbstractProblemLoader Replaying proof AFilter[ThreadSpec2::staticPermissions()].JML accessible clause.0 
163431     DEBUG main            d.u.i.k.p.i.IntermediateProofReplayer Proof replay took 6.4ns 
163532     INFO  main            d.u.i.k.p.r.p.TestFile    ... finished proof: closed. 
163775     INFO  main            d.u.i.k.p.i.AbstractProblemLoader Loading environment from /home/runner/work/key/key/key.core/../key.ui/examples/heap/permissions/threads/AFilter_staticPermissions_accessible.key.proof 
163775     DEBUG main            d.u.i.k.p.i.AbstractProblemLoader Environment load took 93.9ns 
163776     INFO  main            d.u.i.k.p.i.AbstractProblemLoader Creating init config 
168252     DEBUG main            d.u.i.k.p.i.AbstractProblemLoader Init config took 4.48s 
168336     INFO  main            d.u.i.k.p.i.AbstractProblemLoader Replaying proof AFilter[ThreadSpec2::staticPermissions()].JML accessible clause.0 
168340     DEBUG main            d.u.i.k.p.i.IntermediateProofReplayer Proof replay took 2.28ms 
168340     WARN  main            d.u.i.k.p.r.p.TestFile    Replay exception de.uka.ilkd.key.proof.io.ProblemLoaderException: Error loading proof.
Line 104, goal 14, rule createdOnHeapImpliesCreatedOnPermissions not available or not applicable in this context.
	at de.uka.ilkd.key.proof.io.IntermediateProofReplayer.reportError(IntermediateProofReplayer.java:782)
Caused by: de.uka.ilkd.key.proof.io.IntermediateProofReplayer$TacletAppConstructionException: Unknown taclet with name "createdOnHeapImpliesCreatedOnPermissions"
	at de.uka.ilkd.key.proof.io.IntermediateProofReplayer.constructTacletApp(IntermediateProofReplayer.java:432)

168341     DEBUG main            d.u.i.k.p.r.p.TestFile    Exception java.lang.Exception: Exception while loading proof (see cause for details): /home/runner/work/key/key/key.core/../key.ui/examples/heap/permissions/threads/AFilter_staticPermissions_accessible.key.proof
	at de.uka.ilkd.key.proof.runallproofs.proofcollection.TestFile.reloadProof(TestFile.java:314)
Caused by: de.uka.ilkd.key.proof.io.ProblemLoaderException: Error loading proof.
Line 104, goal 14, rule createdOnHeapImpliesCreatedOnPermissions not available or not applicable in this context.
	at de.uka.ilkd.key.proof.io.IntermediateProofReplayer.reportError(IntermediateProofReplayer.java:782)
Caused by: de.uka.ilkd.key.proof.io.IntermediateProofReplayer$TacletAppConstructionException: Unknown taclet with name "createdOnHeapImpliesCreatedOnPermissions"
	at de.uka.ilkd.key.proof.io.IntermediateProofReplayer.constructTacletApp(IntermediateProofReplayer.java:432)

168342     WARN  main            d.u.i.k.p.r.p.ForkedTestFileRunner Run failed java.lang.Exception: Exception while loading proof (see cause for details): /home/runner/work/key/key/key.core/../key.ui/examples/heap/permissions/threads/AFilter_staticPermissions_accessible.key.proof
	at de.uka.ilkd.key.proof.runallproofs.proofcollection.TestFile.reloadProof(TestFile.java:314)
Caused by: de.uka.ilkd.key.proof.io.ProblemLoaderException: Error loading proof.
Line 104, goal 14, rule createdOnHeapImpliesCreatedOnPermissions not available or not applicable in this context.
	at de.uka.ilkd.key.proof.io.IntermediateProofReplayer.reportError(IntermediateProofReplayer.java:782)
Caused by: de.uka.ilkd.key.proof.io.IntermediateProofReplayer$TacletAppConstructionException: Unknown taclet with name "createdOnHeapImpliesCreatedOnPermissions"
	at de.uka.ilkd.key.proof.io.IntermediateProofReplayer.constructTacletApp(IntermediateProofReplayer.java:432)

168344     INFO  main            d.u.i.k.p.r.p.TestFile    Now processing file /home/runner/work/key/key/key.core/../key.ui/examples/heap/permissions/threads/AFilter_workingPermissions_accessible.key 
168344     INFO  main            d.u.i.k.p.i.AbstractProblemLoader Loading environment from /home/runner/work/key/key/key.core/../key.ui/examples/heap/permissions/threads/AFilter_workingPermissions_accessible.key 
168344     DEBUG main            d.u.i.k.p.i.AbstractProblemLoader Environment load took 148.4ns 
168345     INFO  main            d.u.i.k.p.i.AbstractProblemLoader Creating init config 
172894     DEBUG main            d.u.i.k.p.i.AbstractProblemLoader Init config took 4.55s 
172988     INFO  main            d.u.i.k.p.i.AbstractProblemLoader Replaying proof AFilter[ThreadSpec2::workingPermissions()].JML accessible clause.0 
172990     DEBUG main            d.u.i.k.p.i.IntermediateProofReplayer Proof replay took 6.7ns 
173092     INFO  main            d.u.i.k.p.r.p.TestFile    ... finished proof: closed. 
173340     INFO  main            d.u.i.k.p.i.AbstractProblemLoader Loading environment from /home/runner/work/key/key/key.core/../key.ui/examples/heap/permissions/threads/AFilter_workingPermissions_accessible.key.proof 
173340     DEBUG main            d.u.i.k.p.i.AbstractProblemLoader Environment load took 94.3ns 
173340     INFO  main            d.u.i.k.p.i.AbstractProblemLoader Creating init config 
177820     DEBUG main            d.u.i.k.p.i.AbstractProblemLoader Init config took 4.48s 
177918     INFO  main            d.u.i.k.p.i.AbstractProblemLoader Replaying proof AFilter[ThreadSpec2::workingPermissions()].JML accessible clause.0 
177922     DEBUG main            d.u.i.k.p.i.IntermediateProofReplayer Proof replay took 2.44ms 
177922     WARN  main            d.u.i.k.p.r.p.TestFile    Replay exception de.uka.ilkd.key.proof.io.ProblemLoaderException: Error loading proof.
Line 104, goal 14, rule createdOnHeapImpliesCreatedOnPermissions not available or not applicable in this context.
	at de.uka.ilkd.key.proof.io.IntermediateProofReplayer.reportError(IntermediateProofReplayer.java:782)
Caused by: de.uka.ilkd.key.proof.io.IntermediateProofReplayer$TacletAppConstructionException: Unknown taclet with name "createdOnHeapImpliesCreatedOnPermissions"
	at de.uka.ilkd.key.proof.io.IntermediateProofReplayer.constructTacletApp(IntermediateProofReplayer.java:432)

177923     DEBUG main            d.u.i.k.p.r.p.TestFile    Exception java.lang.Exception: Exception while loading proof (see cause for details): /home/runner/work/key/key/key.core/../key.ui/examples/heap/permissions/threads/AFilter_workingPermissions_accessible.key.proof
	at de.uka.ilkd.key.proof.runallproofs.proofcollection.TestFile.reloadProof(TestFile.java:314)
Caused by: de.uka.ilkd.key.proof.io.ProblemLoaderException: Error loading proof.
Line 104, goal 14, rule createdOnHeapImpliesCreatedOnPermissions not available or not applicable in this context.
	at de.uka.ilkd.key.proof.io.IntermediateProofReplayer.reportError(IntermediateProofReplayer.java:782)
Caused by: de.uka.ilkd.key.proof.io.IntermediateProofReplayer$TacletAppConstructionException: Unknown taclet with name "createdOnHeapImpliesCreatedOnPermissions"
	at de.uka.ilkd.key.proof.io.IntermediateProofReplayer.constructTacletApp(IntermediateProofReplayer.java:432)

177923     WARN  main            d.u.i.k.p.r.p.ForkedTestFileRunner Run failed java.lang.Exception: Exception while loading proof (see cause for details): /home/runner/work/key/key/key.core/../key.ui/examples/heap/permissions/threads/AFilter_workingPermissions_accessible.key.proof
	at de.uka.ilkd.key.proof.runallproofs.proofcollection.TestFile.reloadProof(TestFile.java:314)
Caused by: de.uka.ilkd.key.proof.io.ProblemLoaderException: Error loading proof.
Line 104, goal 14, rule createdOnHeapImpliesCreatedOnPermissions not available or not applicable in this context.
	at de.uka.ilkd.key.proof.io.IntermediateProofReplayer.reportError(IntermediateProofReplayer.java:782)
Caused by: de.uka.ilkd.key.proof.io.IntermediateProofReplayer$TacletAppConstructionException: Unknown taclet with name "createdOnHeapImpliesCreatedOnPermissions"
	at de.uka.ilkd.key.proof.io.IntermediateProofReplayer.constructTacletApp(IntermediateProofReplayer.java:432)

177925     INFO  main            d.u.i.k.p.r.p.TestFile    Now processing file /home/runner/work/key/key/key.core/../key.ui/examples/heap/permissions/threads/BFilter_BFilter.key 
177925     INFO  main            d.u.i.k.p.i.AbstractProblemLoader Loading environment from /home/runner/work/key/key/key.core/../key.ui/examples/heap/permissions/threads/BFilter_BFilter.key 
177925     DEBUG main            d.u.i.k.p.i.AbstractProblemLoader Environment load took 50.6ns 
177926     INFO  main            d.u.i.k.p.i.AbstractProblemLoader Creating init config 
182496     DEBUG main            d.u.i.k.p.i.AbstractProblemLoader Init config took 4.57s 
182582     INFO  main            d.u.i.k.p.i.AbstractProblemLoader Replaying proof BFilter[BFilter::BFilter(Sampler,Buffer)].JML normal_behavior operation contract.0 
182584     DEBUG main            d.u.i.k.p.i.IntermediateProofReplayer Proof replay took 6.8ns 
183508     INFO  main            d.u.i.k.p.r.p.TestFile    ... finished proof: closed. 
183825     INFO  main            d.u.i.k.p.i.AbstractProblemLoader Loading environment from /home/runner/work/key/key/key.core/../key.ui/examples/heap/permissions/threads/BFilter_BFilter.key.proof 
183825     DEBUG main            d.u.i.k.p.i.AbstractProblemLoader Environment load took 107.1ns 
183826     INFO  main            d.u.i.k.p.i.AbstractProblemLoader Creating init config 
188299     DEBUG main            d.u.i.k.p.i.AbstractProblemLoader Init config took 4.47s 
188382     INFO  main            d.u.i.k.p.i.AbstractProblemLoader Replaying proof BFilter[BFilter::BFilter(Sampler,Buffer)].JML normal_behavior operation contract.0 
188397     DEBUG main            d.u.i.k.p.i.IntermediateProofReplayer Proof replay took 10.74ms 
188397     WARN  main            d.u.i.k.p.r.p.TestFile    Replay exception de.uka.ilkd.key.proof.io.ProblemLoaderException: Error loading proof.
Line 114, goal 25, rule Definition_axiom_for_stateInv_in_Sampler not available or not applicable in this context.
	at de.uka.ilkd.key.proof.io.IntermediateProofReplayer.reportError(IntermediateProofReplayer.java:782)
Caused by: java.lang.IndexOutOfBoundsException: Index: 1, Size: 1
	at java.base/java.util.LinkedList.checkElementIndex(LinkedList.java:559)

188398     WARN  main            d.u.i.k.p.r.p.TestFile    Replay exception de.uka.ilkd.key.proof.io.ProblemLoaderException: Error loading proof.
Line 137, goal 48, rule andLeft not available or not applicable in this context.
	at de.uka.ilkd.key.proof.io.IntermediateProofReplayer.reportError(IntermediateProofReplayer.java:782)
Caused by: de.uka.ilkd.key.proof.io.IntermediateProofReplayer$TacletAppConstructionException: Wrong position information: Term top level of not(equals(b_2,null))<<origin(<none> (implicit)) ([ensures @ file BFilter.java @ line 92, ensures @ file BFilter.java @ line 93, ensures @ file BFilter.java @ line 94, ensures @ file BFilter.java @ line 95, ensures (implicit), assignable (implicit)])>>
	at de.uka.ilkd.key.proof.io.IntermediateProofReplayer.constructTacletApp(IntermediateProofReplayer.java:460)
Caused by: java.lang.NullPointerException: null
	at de.uka.ilkd.key.proof.io.IntermediateProofReplayer.constructTacletApp(IntermediateProofReplayer.java:456)

188398     DEBUG main            d.u.i.k.p.r.p.TestFile    Exception java.lang.Exception: Exception while loading proof (see cause for details): /home/runner/work/key/key/key.core/../key.ui/examples/heap/permissions/threads/BFilter_BFilter.key.proof
	at de.uka.ilkd.key.proof.runallproofs.proofcollection.TestFile.reloadProof(TestFile.java:314)
Caused by: de.uka.ilkd.key.proof.io.ProblemLoaderException: Error loading proof.
Line 114, goal 25, rule Definition_axiom_for_stateInv_in_Sampler not available or not applicable in this context.
	at de.uka.ilkd.key.proof.io.IntermediateProofReplayer.reportError(IntermediateProofReplayer.java:782)
Caused by: java.lang.IndexOutOfBoundsException: Index: 1, Size: 1
	at java.base/java.util.LinkedList.checkElementIndex(LinkedList.java:559)

188399     WARN  main            d.u.i.k.p.r.p.ForkedTestFileRunner Run failed java.lang.Exception: Exception while loading proof (see cause for details): /home/runner/work/key/key/key.core/../key.ui/examples/heap/permissions/threads/BFilter_BFilter.key.proof
	at de.uka.ilkd.key.proof.runallproofs.proofcollection.TestFile.reloadProof(TestFile.java:314)
Caused by: de.uka.ilkd.key.proof.io.ProblemLoaderException: Error loading proof.
Line 114, goal 25, rule Definition_axiom_for_stateInv_in_Sampler not available or not applicable in this context.
	at de.uka.ilkd.key.proof.io.IntermediateProofReplayer.reportError(IntermediateProofReplayer.java:782)
Caused by: java.lang.IndexOutOfBoundsException: Index: 1, Size: 1
	at java.base/java.util.LinkedList.checkElementIndex(LinkedList.java:559)

188400     INFO  main            d.u.i.k.p.r.p.TestFile    Now processing file /home/runner/work/key/key/key.core/../key.ui/examples/heap/permissions/threads/BFilter_initPost_accessible.key 
188401     INFO  main            d.u.i.k.p.i.AbstractProblemLoader Loading environment from /home/runner/work/key/key/key.core/../key.ui/examples/heap/permissions/threads/BFilter_initPost_accessible.key 
188401     DEBUG main            d.u.i.k.p.i.AbstractProblemLoader Environment load took 111.8ns 
188401     INFO  main            d.u.i.k.p.i.AbstractProblemLoader Creating init config 
193009     DEBUG main            d.u.i.k.p.i.AbstractProblemLoader Init config took 4.61s 
193107     INFO  main            d.u.i.k.p.i.AbstractProblemLoader Replaying proof BFilter[ThreadSpec2::initPost()].JML accessible clause.0 
193108     DEBUG main            d.u.i.k.p.i.IntermediateProofReplayer Proof replay took 7ns 
193212     INFO  main            d.u.i.k.p.r.p.TestFile    ... finished proof: closed. 
193496     INFO  main            d.u.i.k.p.i.AbstractProblemLoader Loading environment from /home/runner/work/key/key/key.core/../key.ui/examples/heap/permissions/threads/BFilter_initPost_accessible.key.proof 
193496     DEBUG main            d.u.i.k.p.i.AbstractProblemLoader Environment load took 99.7ns 
193497     INFO  main            d.u.i.k.p.i.AbstractProblemLoader Creating init config 
198024     DEBUG main            d.u.i.k.p.i.AbstractProblemLoader Init config took 4.53s 
198106     INFO  main            d.u.i.k.p.i.AbstractProblemLoader Replaying proof BFilter[ThreadSpec2::initPost()].JML accessible clause.0 
198110     DEBUG main            d.u.i.k.p.i.IntermediateProofReplayer Proof replay took 2.37ms 
198111     WARN  main            d.u.i.k.p.r.p.TestFile    Replay exception de.uka.ilkd.key.proof.io.ProblemLoaderException: Error loading proof.
Line 103, goal 13, rule createdOnHeapImpliesCreatedOnPermissions not available or not applicable in this context.
	at de.uka.ilkd.key.proof.io.IntermediateProofReplayer.reportError(IntermediateProofReplayer.java:782)
Caused by: de.uka.ilkd.key.proof.io.IntermediateProofReplayer$TacletAppConstructionException: Unknown taclet with name "createdOnHeapImpliesCreatedOnPermissions"
	at de.uka.ilkd.key.proof.io.IntermediateProofReplayer.constructTacletApp(IntermediateProofReplayer.java:432)

198112     DEBUG main            d.u.i.k.p.r.p.TestFile    Exception java.lang.Exception: Exception while loading proof (see cause for details): /home/runner/work/key/key/key.core/../key.ui/examples/heap/permissions/threads/BFilter_initPost_accessible.key.proof
	at de.uka.ilkd.key.proof.runallproofs.proofcollection.TestFile.reloadProof(TestFile.java:314)
Caused by: de.uka.ilkd.key.proof.io.ProblemLoaderException: Error loading proof.
Line 103, goal 13, rule createdOnHeapImpliesCreatedOnPermissions not available or not applicable in this context.
	at de.uka.ilkd.key.proof.io.IntermediateProofReplayer.reportError(IntermediateProofReplayer.java:782)
Caused by: de.uka.ilkd.key.proof.io.IntermediateProofReplayer$TacletAppConstructionException: Unknown taclet with name "createdOnHeapImpliesCreatedOnPermissions"
	at de.uka.ilkd.key.proof.io.IntermediateProofReplayer.constructTacletApp(IntermediateProofReplayer.java:432)

198116     WARN  main            d.u.i.k.p.r.p.ForkedTestFileRunner Run failed java.lang.Exception: Exception while loading proof (see cause for details): /home/runner/work/key/key/key.core/../key.ui/examples/heap/permissions/threads/BFilter_initPost_accessible.key.proof
	at de.uka.ilkd.key.proof.runallproofs.proofcollection.TestFile.reloadProof(TestFile.java:314)
Caused by: de.uka.ilkd.key.proof.io.ProblemLoaderException: Error loading proof.
Line 103, goal 13, rule createdOnHeapImpliesCreatedOnPermissions not available or not applicable in this context.
	at de.uka.ilkd.key.proof.io.IntermediateProofReplayer.reportError(IntermediateProofReplayer.java:782)
Caused by: de.uka.ilkd.key.proof.io.IntermediateProofReplayer$TacletAppConstructionException: Unknown taclet with name "createdOnHeapImpliesCreatedOnPermissions"
	at de.uka.ilkd.key.proof.io.IntermediateProofReplayer.constructTacletApp(IntermediateProofReplayer.java:432)

198119     INFO  main            d.u.i.k.p.r.p.TestFile    Now processing file /home/runner/work/key/key/key.core/../key.ui/examples/heap/permissions/threads/BFilter_inv_accessible1.key 
198120     INFO  main            d.u.i.k.p.i.AbstractProblemLoader Loading environment from /home/runner/work/key/key/key.core/../key.ui/examples/heap/permissions/threads/BFilter_inv_accessible1.key 
198120     DEBUG main            d.u.i.k.p.i.AbstractProblemLoader Environment load took 111.4ns 
198121     INFO  main            d.u.i.k.p.i.AbstractProblemLoader Creating init config 
202677     DEBUG main            d.u.i.k.p.i.AbstractProblemLoader Init config took 4.56s 
202761     INFO  main            d.u.i.k.p.i.AbstractProblemLoader Replaying proof BFilter[java.lang.Object::<inv>()].JML accessible clause.0 
202762     DEBUG main            d.u.i.k.p.i.IntermediateProofReplayer Proof replay took 7ns 
202864     INFO  main            d.u.i.k.p.r.p.TestFile    ... finished proof: closed. 
203131     INFO  main            d.u.i.k.p.i.AbstractProblemLoader Loading environment from /home/runner/work/key/key/key.core/../key.ui/examples/heap/permissions/threads/BFilter_inv_accessible1.key.proof 
203131     DEBUG main            d.u.i.k.p.i.AbstractProblemLoader Environment load took 91.1ns 
203132     INFO  main            d.u.i.k.p.i.AbstractProblemLoader Creating init config 
207612     DEBUG main            d.u.i.k.p.i.AbstractProblemLoader Init config took 4.48s 
207694     INFO  main            d.u.i.k.p.i.AbstractProblemLoader Replaying proof BFilter[java.lang.Object::<inv>()].JML accessible clause.0 
207698     DEBUG main            d.u.i.k.p.i.IntermediateProofReplayer Proof replay took 2.12ms 
207698     WARN  main            d.u.i.k.p.r.p.TestFile    Replay exception de.uka.ilkd.key.proof.io.ProblemLoaderException: Error loading proof.
Line 105, goal 15, rule createdOnHeapImpliesCreatedOnPermissions not available or not applicable in this context.
	at de.uka.ilkd.key.proof.io.IntermediateProofReplayer.reportError(IntermediateProofReplayer.java:782)
Caused by: de.uka.ilkd.key.proof.io.IntermediateProofReplayer$TacletAppConstructionException: Unknown taclet with name "createdOnHeapImpliesCreatedOnPermissions"
	at de.uka.ilkd.key.proof.io.IntermediateProofReplayer.constructTacletApp(IntermediateProofReplayer.java:432)

207699     DEBUG main            d.u.i.k.p.r.p.TestFile    Exception java.lang.Exception: Exception while loading proof (see cause for details): /home/runner/work/key/key/key.core/../key.ui/examples/heap/permissions/threads/BFilter_inv_accessible1.key.proof
	at de.uka.ilkd.key.proof.runallproofs.proofcollection.TestFile.reloadProof(TestFile.java:314)
Caused by: de.uka.ilkd.key.proof.io.ProblemLoaderException: Error loading proof.
Line 105, goal 15, rule createdOnHeapImpliesCreatedOnPermissions not available or not applicable in this context.
	at de.uka.ilkd.key.proof.io.IntermediateProofReplayer.reportError(IntermediateProofReplayer.java:782)
Caused by: de.uka.ilkd.key.proof.io.IntermediateProofReplayer$TacletAppConstructionException: Unknown taclet with name "createdOnHeapImpliesCreatedOnPermissions"
	at de.uka.ilkd.key.proof.io.IntermediateProofReplayer.constructTacletApp(IntermediateProofReplayer.java:432)

207699     WARN  main            d.u.i.k.p.r.p.ForkedTestFileRunner Run failed java.lang.Exception: Exception while loading proof (see cause for details): /home/runner/work/key/key/key.core/../key.ui/examples/heap/permissions/threads/BFilter_inv_accessible1.key.proof
	at de.uka.ilkd.key.proof.runallproofs.proofcollection.TestFile.reloadProof(TestFile.java:314)
Caused by: de.uka.ilkd.key.proof.io.ProblemLoaderException: Error loading proof.
Line 105, goal 15, rule createdOnHeapImpliesCreatedOnPermissions not available or not applicable in this context.
	at de.uka.ilkd.key.proof.io.IntermediateProofReplayer.reportError(IntermediateProofReplayer.java:782)
Caused by: de.uka.ilkd.key.proof.io.IntermediateProofReplayer$TacletAppConstructionException: Unknown taclet with name "createdOnHeapImpliesCreatedOnPermissions"
	at de.uka.ilkd.key.proof.io.IntermediateProofReplayer.constructTacletApp(IntermediateProofReplayer.java:432)

207702     INFO  main            d.u.i.k.p.r.p.TestFile    Now processing file /home/runner/work/key/key/key.core/../key.ui/examples/heap/permissions/threads/BFilter_inv_accessible2.key 
207702     INFO  main            d.u.i.k.p.i.AbstractProblemLoader Loading environment from /home/runner/work/key/key/key.core/../key.ui/examples/heap/permissions/threads/BFilter_inv_accessible2.key 
207702     DEBUG main            d.u.i.k.p.i.AbstractProblemLoader Environment load took 52.3ns 
207703     INFO  main            d.u.i.k.p.i.AbstractProblemLoader Creating init config 
212259     DEBUG main            d.u.i.k.p.i.AbstractProblemLoader Init config took 4.56s 
212353     INFO  main            d.u.i.k.p.i.AbstractProblemLoader Replaying proof BFilter[java.lang.Object::<inv>()].JML accessible clause.1 
212354     DEBUG main            d.u.i.k.p.i.IntermediateProofReplayer Proof replay took 6.7ns 
212456     INFO  main            d.u.i.k.p.r.p.TestFile    ... finished proof: closed. 
212734     INFO  main            d.u.i.k.p.i.AbstractProblemLoader Loading environment from /home/runner/work/key/key/key.core/../key.ui/examples/heap/permissions/threads/BFilter_inv_accessible2.key.proof 
212734     DEBUG main            d.u.i.k.p.i.AbstractProblemLoader Environment load took 87.6ns 
212735     INFO  main            d.u.i.k.p.i.AbstractProblemLoader Creating init config 
217221     DEBUG main            d.u.i.k.p.i.AbstractProblemLoader Init config took 4.49s 
217326     INFO  main            d.u.i.k.p.i.AbstractProblemLoader Replaying proof BFilter[java.lang.Object::<inv>()].JML accessible clause.1 
217329     DEBUG main            d.u.i.k.p.i.IntermediateProofReplayer Proof replay took 1.87ms 
217330     WARN  main            d.u.i.k.p.r.p.TestFile    Replay exception de.uka.ilkd.key.proof.io.ProblemLoaderException: Error loading proof.
Line 105, goal 15, rule createdOnHeapImpliesCreatedOnPermissions not available or not applicable in this context.
	at de.uka.ilkd.key.proof.io.IntermediateProofReplayer.reportError(IntermediateProofReplayer.java:782)
Caused by: de.uka.ilkd.key.proof.io.IntermediateProofReplayer$TacletAppConstructionException: Unknown taclet with name "createdOnHeapImpliesCreatedOnPermissions"
	at de.uka.ilkd.key.proof.io.IntermediateProofReplayer.constructTacletApp(IntermediateProofReplayer.java:432)

217330     DEBUG main            d.u.i.k.p.r.p.TestFile    Exception java.lang.Exception: Exception while loading proof (see cause for details): /home/runner/work/key/key/key.core/../key.ui/examples/heap/permissions/threads/BFilter_inv_accessible2.key.proof
	at de.uka.ilkd.key.proof.runallproofs.proofcollection.TestFile.reloadProof(TestFile.java:314)
Caused by: de.uka.ilkd.key.proof.io.ProblemLoaderException: Error loading proof.
Line 105, goal 15, rule createdOnHeapImpliesCreatedOnPermissions not available or not applicable in this context.
	at de.uka.ilkd.key.proof.io.IntermediateProofReplayer.reportError(IntermediateProofReplayer.java:782)
Caused by: de.uka.ilkd.key.proof.io.IntermediateProofReplayer$TacletAppConstructionException: Unknown taclet with name "createdOnHeapImpliesCreatedOnPermissions"
	at de.uka.ilkd.key.proof.io.IntermediateProofReplayer.constructTacletApp(IntermediateProofReplayer.java:432)

217331     WARN  main            d.u.i.k.p.r.p.ForkedTestFileRunner Run failed java.lang.Exception: Exception while loading proof (see cause for details): /home/runner/work/key/key/key.core/../key.ui/examples/heap/permissions/threads/BFilter_inv_accessible2.key.proof
	at de.uka.ilkd.key.proof.runallproofs.proofcollection.TestFile.reloadProof(TestFile.java:314)
Caused by: de.uka.ilkd.key.proof.io.ProblemLoaderException: Error loading proof.
Line 105, goal 15, rule createdOnHeapImpliesCreatedOnPermissions not available or not applicable in this context.
	at de.uka.ilkd.key.proof.io.IntermediateProofReplayer.reportError(IntermediateProofReplayer.java:782)
Caused by: de.uka.ilkd.key.proof.io.IntermediateProofReplayer$TacletAppConstructionException: Unknown taclet with name "createdOnHeapImpliesCreatedOnPermissions"
	at de.uka.ilkd.key.proof.io.IntermediateProofReplayer.constructTacletApp(IntermediateProofReplayer.java:432)

217335     INFO  main            d.u.i.k.p.r.p.TestFile    Now processing file /home/runner/work/key/key/key.core/../key.ui/examples/heap/permissions/threads/BFilter_joinTransfer_accessible.key 
217336     INFO  main            d.u.i.k.p.i.AbstractProblemLoader Loading environment from /home/runner/work/key/key/key.core/../key.ui/examples/heap/permissions/threads/BFilter_joinTransfer_accessible.key 
217336     DEBUG main            d.u.i.k.p.i.AbstractProblemLoader Environment load took 150.3ns 
217337     INFO  main            d.u.i.k.p.i.AbstractProblemLoader Creating init config 
221893     DEBUG main            d.u.i.k.p.i.AbstractProblemLoader Init config took 4.56s 
221977     INFO  main            d.u.i.k.p.i.AbstractProblemLoader Replaying proof BFilter[ThreadSpec2::joinTransfer()].JML accessible clause.0 
221978     DEBUG main            d.u.i.k.p.i.IntermediateProofReplayer Proof replay took 6.8ns 
222982     INFO  main            d.u.i.k.p.r.p.TestFile    ... finished proof: closed. 
223281     INFO  main            d.u.i.k.p.i.AbstractProblemLoader Loading environment from /home/runner/work/key/key/key.core/../key.ui/examples/heap/permissions/threads/BFilter_joinTransfer_accessible.key.proof 
223281     DEBUG main            d.u.i.k.p.i.AbstractProblemLoader Environment load took 295ns 
223282     INFO  main            d.u.i.k.p.i.AbstractProblemLoader Creating init config 
227842     DEBUG main            d.u.i.k.p.i.AbstractProblemLoader Init config took 4.56s 
227924     INFO  main            d.u.i.k.p.i.AbstractProblemLoader Replaying proof BFilter[ThreadSpec2::joinTransfer()].JML accessible clause.0 
227933     DEBUG main            d.u.i.k.p.i.IntermediateProofReplayer Proof replay took 4.27ms 
227934     WARN  main            d.u.i.k.p.r.p.TestFile    Replay exception de.uka.ilkd.key.proof.io.ProblemLoaderException: Error loading proof.
Line 112, goal 22, rule createdOnHeapImpliesCreatedOnPermissions not available or not applicable in this context.
	at de.uka.ilkd.key.proof.io.IntermediateProofReplayer.reportError(IntermediateProofReplayer.java:782)
Caused by: de.uka.ilkd.key.proof.io.IntermediateProofReplayer$TacletAppConstructionException: Unknown taclet with name "createdOnHeapImpliesCreatedOnPermissions"
	at de.uka.ilkd.key.proof.io.IntermediateProofReplayer.constructTacletApp(IntermediateProofReplayer.java:432)

227934     DEBUG main            d.u.i.k.p.r.p.TestFile    Exception java.lang.Exception: Exception while loading proof (see cause for details): /home/runner/work/key/key/key.core/../key.ui/examples/heap/permissions/threads/BFilter_joinTransfer_accessible.key.proof
	at de.uka.ilkd.key.proof.runallproofs.proofcollection.TestFile.reloadProof(TestFile.java:314)
Caused by: de.uka.ilkd.key.proof.io.ProblemLoaderException: Error loading proof.
Line 112, goal 22, rule createdOnHeapImpliesCreatedOnPermissions not available or not applicable in this context.
	at de.uka.ilkd.key.proof.io.IntermediateProofReplayer.reportError(IntermediateProofReplayer.java:782)
Caused by: de.uka.ilkd.key.proof.io.IntermediateProofReplayer$TacletAppConstructionException: Unknown taclet with name "createdOnHeapImpliesCreatedOnPermissions"
	at de.uka.ilkd.key.proof.io.IntermediateProofReplayer.constructTacletApp(IntermediateProofReplayer.java:432)

227935     WARN  main            d.u.i.k.p.r.p.ForkedTestFileRunner Run failed java.lang.Exception: Exception while loading proof (see cause for details): /home/runner/work/key/key/key.core/../key.ui/examples/heap/permissions/threads/BFilter_joinTransfer_accessible.key.proof
	at de.uka.ilkd.key.proof.runallproofs.proofcollection.TestFile.reloadProof(TestFile.java:314)
Caused by: de.uka.ilkd.key.proof.io.ProblemLoaderException: Error loading proof.
Line 112, goal 22, rule createdOnHeapImpliesCreatedOnPermissions not available or not applicable in this context.
	at de.uka.ilkd.key.proof.io.IntermediateProofReplayer.reportError(IntermediateProofReplayer.java:782)
Caused by: de.uka.ilkd.key.proof.io.IntermediateProofReplayer$TacletAppConstructionException: Unknown taclet with name "createdOnHeapImpliesCreatedOnPermissions"
	at de.uka.ilkd.key.proof.io.IntermediateProofReplayer.constructTacletApp(IntermediateProofReplayer.java:432)

227940     INFO  main            d.u.i.k.p.r.p.TestFile    Now processing file /home/runner/work/key/key/key.core/../key.ui/examples/heap/permissions/threads/BFilter_joinTransfer_contract.key 
227940     INFO  main            d.u.i.k.p.i.AbstractProblemLoader Loading environment from /home/runner/work/key/key/key.core/../key.ui/examples/heap/permissions/threads/BFilter_joinTransfer_contract.key 
227940     DEBUG main            d.u.i.k.p.i.AbstractProblemLoader Environment load took 137.7ns 
227941     INFO  main            d.u.i.k.p.i.AbstractProblemLoader Creating init config 
232508     DEBUG main            d.u.i.k.p.i.AbstractProblemLoader Init config took 4.57s 
232593     INFO  main            d.u.i.k.p.i.AbstractProblemLoader Replaying proof BFilter[ThreadSpec2::joinTransfer()].JML model_behavior operation contract.0 
232594     DEBUG main            d.u.i.k.p.i.IntermediateProofReplayer Proof replay took 6.6ns 
232696     INFO  main            d.u.i.k.p.r.p.TestFile    ... finished proof: closed. 
232996     INFO  main            d.u.i.k.p.i.AbstractProblemLoader Loading environment from /home/runner/work/key/key/key.core/../key.ui/examples/heap/permissions/threads/BFilter_joinTransfer_contract.key.proof 
232996     DEBUG main            d.u.i.k.p.i.AbstractProblemLoader Environment load took 84.9ns 
232997     INFO  main            d.u.i.k.p.i.AbstractProblemLoader Creating init config 
237500     DEBUG main            d.u.i.k.p.i.AbstractProblemLoader Init config took 4.5s 
237583     INFO  main            d.u.i.k.p.i.AbstractProblemLoader Replaying proof BFilter[ThreadSpec2::joinTransfer()].JML model_behavior operation contract.0 
237591     DEBUG main            d.u.i.k.p.i.IntermediateProofReplayer Proof replay took 6.55ms 
237591     WARN  main            d.u.i.k.p.r.p.TestFile    Replay exception de.uka.ilkd.key.proof.io.ProblemLoaderException: Error loading proof.
Line 112, goal 22, rule createdOnHeapImpliesCreatedOnPermissions not available or not applicable in this context.
	at de.uka.ilkd.key.proof.io.IntermediateProofReplayer.reportError(IntermediateProofReplayer.java:782)
Caused by: de.uka.ilkd.key.proof.io.IntermediateProofReplayer$TacletAppConstructionException: Unknown taclet with name "createdOnHeapImpliesCreatedOnPermissions"
	at de.uka.ilkd.key.proof.io.IntermediateProofReplayer.constructTacletApp(IntermediateProofReplayer.java:432)

237592     DEBUG main            d.u.i.k.p.r.p.TestFile    Exception java.lang.Exception: Exception while loading proof (see cause for details): /home/runner/work/key/key/key.core/../key.ui/examples/heap/permissions/threads/BFilter_joinTransfer_contract.key.proof
	at de.uka.ilkd.key.proof.runallproofs.proofcollection.TestFile.reloadProof(TestFile.java:314)
Caused by: de.uka.ilkd.key.proof.io.ProblemLoaderException: Error loading proof.
Line 112, goal 22, rule createdOnHeapImpliesCreatedOnPermissions not available or not applicable in this context.
	at de.uka.ilkd.key.proof.io.IntermediateProofReplayer.reportError(IntermediateProofReplayer.java:782)
Caused by: de.uka.ilkd.key.proof.io.IntermediateProofReplayer$TacletAppConstructionException: Unknown taclet with name "createdOnHeapImpliesCreatedOnPermissions"
	at de.uka.ilkd.key.proof.io.IntermediateProofReplayer.constructTacletApp(IntermediateProofReplayer.java:432)

237592     WARN  main            d.u.i.k.p.r.p.ForkedTestFileRunner Run failed java.lang.Exception: Exception while loading proof (see cause for details): /home/runner/work/key/key/key.core/../key.ui/examples/heap/permissions/threads/BFilter_joinTransfer_contract.key.proof
	at de.uka.ilkd.key.proof.runallproofs.proofcollection.TestFile.reloadProof(TestFile.java:314)
Caused by: de.uka.ilkd.key.proof.io.ProblemLoaderException: Error loading proof.
Line 112, goal 22, rule createdOnHeapImpliesCreatedOnPermissions not available or not applicable in this context.
	at de.uka.ilkd.key.proof.io.IntermediateProofReplayer.reportError(IntermediateProofReplayer.java:782)
Caused by: de.uka.ilkd.key.proof.io.IntermediateProofReplayer$TacletAppConstructionException: Unknown taclet with name "createdOnHeapImpliesCreatedOnPermissions"
	at de.uka.ilkd.key.proof.io.IntermediateProofReplayer.constructTacletApp(IntermediateProofReplayer.java:432)

237595     INFO  main            d.u.i.k.p.r.p.TestFile    Now processing file /home/runner/work/key/key/key.core/../key.ui/examples/heap/permissions/threads/BFilter_postJoin_accessible.key 
237596     INFO  main            d.u.i.k.p.i.AbstractProblemLoader Loading environment from /home/runner/work/key/key/key.core/../key.ui/examples/heap/permissions/threads/BFilter_postJoin_accessible.key 
237596     DEBUG main            d.u.i.k.p.i.AbstractProblemLoader Environment load took 47.1ns 
237596     INFO  main            d.u.i.k.p.i.AbstractProblemLoader Creating init config 
242158     DEBUG main            d.u.i.k.p.i.AbstractProblemLoader Init config took 4.56s 
242251     INFO  main            d.u.i.k.p.i.AbstractProblemLoader Replaying proof BFilter[ThreadSpec2::postJoin(java.lang.Object)].JML accessible clause.0 
242252     DEBUG main            d.u.i.k.p.i.IntermediateProofReplayer Proof replay took 7.5ns 
242356     INFO  main            d.u.i.k.p.r.p.TestFile    ... finished proof: closed. 
242670     INFO  main            d.u.i.k.p.i.AbstractProblemLoader Loading environment from /home/runner/work/key/key/key.core/../key.ui/examples/heap/permissions/threads/BFilter_postJoin_accessible.key.proof 
242670     DEBUG main            d.u.i.k.p.i.AbstractProblemLoader Environment load took 83ns 
242671     INFO  main            d.u.i.k.p.i.AbstractProblemLoader Creating init config 
247169     DEBUG main            d.u.i.k.p.i.AbstractProblemLoader Init config took 4.5s 
247250     INFO  main            d.u.i.k.p.i.AbstractProblemLoader Replaying proof BFilter[ThreadSpec2::postJoin(java.lang.Object)].JML accessible clause.0 
247254     DEBUG main            d.u.i.k.p.i.IntermediateProofReplayer Proof replay took 2.92ms 
247255     WARN  main            d.u.i.k.p.r.p.TestFile    Replay exception de.uka.ilkd.key.proof.io.ProblemLoaderException: Error loading proof.
Line 109, goal 19, rule createdOnHeapImpliesCreatedOnPermissions not available or not applicable in this context.
	at de.uka.ilkd.key.proof.io.IntermediateProofReplayer.reportError(IntermediateProofReplayer.java:782)
Caused by: de.uka.ilkd.key.proof.io.IntermediateProofReplayer$TacletAppConstructionException: Unknown taclet with name "createdOnHeapImpliesCreatedOnPermissions"
	at de.uka.ilkd.key.proof.io.IntermediateProofReplayer.constructTacletApp(IntermediateProofReplayer.java:432)

247255     DEBUG main            d.u.i.k.p.r.p.TestFile    Exception java.lang.Exception: Exception while loading proof (see cause for details): /home/runner/work/key/key/key.core/../key.ui/examples/heap/permissions/threads/BFilter_postJoin_accessible.key.proof
	at de.uka.ilkd.key.proof.runallproofs.proofcollection.TestFile.reloadProof(TestFile.java:314)
Caused by: de.uka.ilkd.key.proof.io.ProblemLoaderException: Error loading proof.
Line 109, goal 19, rule createdOnHeapImpliesCreatedOnPermissions not available or not applicable in this context.
	at de.uka.ilkd.key.proof.io.IntermediateProofReplayer.reportError(IntermediateProofReplayer.java:782)
Caused by: de.uka.ilkd.key.proof.io.IntermediateProofReplayer$TacletAppConstructionException: Unknown taclet with name "createdOnHeapImpliesCreatedOnPermissions"
	at de.uka.ilkd.key.proof.io.IntermediateProofReplayer.constructTacletApp(IntermediateProofReplayer.java:432)

247256     WARN  main            d.u.i.k.p.r.p.ForkedTestFileRunner Run failed java.lang.Exception: Exception while loading proof (see cause for details): /home/runner/work/key/key/key.core/../key.ui/examples/heap/permissions/threads/BFilter_postJoin_accessible.key.proof
	at de.uka.ilkd.key.proof.runallproofs.proofcollection.TestFile.reloadProof(TestFile.java:314)
Caused by: de.uka.ilkd.key.proof.io.ProblemLoaderException: Error loading proof.
Line 109, goal 19, rule createdOnHeapImpliesCreatedOnPermissions not available or not applicable in this context.
	at de.uka.ilkd.key.proof.io.IntermediateProofReplayer.reportError(IntermediateProofReplayer.java:782)
Caused by: de.uka.ilkd.key.proof.io.IntermediateProofReplayer$TacletAppConstructionException: Unknown taclet with name "createdOnHeapImpliesCreatedOnPermissions"
	at de.uka.ilkd.key.proof.io.IntermediateProofReplayer.constructTacletApp(IntermediateProofReplayer.java:432)

247257     INFO  main            d.u.i.k.p.r.p.TestFile    Now processing file /home/runner/work/key/key/key.core/../key.ui/examples/heap/permissions/threads/BFilter_preStart_accessible.key 
247258     INFO  main            d.u.i.k.p.i.AbstractProblemLoader Loading environment from /home/runner/work/key/key/key.core/../key.ui/examples/heap/permissions/threads/BFilter_preStart_accessible.key 
247258     DEBUG main            d.u.i.k.p.i.AbstractProblemLoader Environment load took 67.6ns 
247258     INFO  main            d.u.i.k.p.i.AbstractProblemLoader Creating init config 
251859     DEBUG main            d.u.i.k.p.i.AbstractProblemLoader Init config took 4.6s 
251940     INFO  main            d.u.i.k.p.i.AbstractProblemLoader Replaying proof BFilter[ThreadSpec2::preStart(java.lang.Object)].JML accessible clause.0 
251941     DEBUG main            d.u.i.k.p.i.IntermediateProofReplayer Proof replay took 7.6ns 
252243     INFO  main            d.u.i.k.p.r.p.TestFile    ... finished proof: closed. 
252550     INFO  main            d.u.i.k.p.i.AbstractProblemLoader Loading environment from /home/runner/work/key/key/key.core/../key.ui/examples/heap/permissions/threads/BFilter_preStart_accessible.key.proof 
252550     DEBUG main            d.u.i.k.p.i.AbstractProblemLoader Environment load took 88.9ns 
252551     INFO  main            d.u.i.k.p.i.AbstractProblemLoader Creating init config 
257074     DEBUG main            d.u.i.k.p.i.AbstractProblemLoader Init config took 4.52s 
257167     INFO  main            d.u.i.k.p.i.AbstractProblemLoader Replaying proof BFilter[ThreadSpec2::preStart(java.lang.Object)].JML accessible clause.0 
257172     DEBUG main            d.u.i.k.p.i.IntermediateProofReplayer Proof replay took 2.94ms 
257173     WARN  main            d.u.i.k.p.r.p.TestFile    Replay exception de.uka.ilkd.key.proof.io.ProblemLoaderException: Error loading proof.
Line 109, goal 19, rule createdOnHeapImpliesCreatedOnPermissions not available or not applicable in this context.
	at de.uka.ilkd.key.proof.io.IntermediateProofReplayer.reportError(IntermediateProofReplayer.java:782)
Caused by: de.uka.ilkd.key.proof.io.IntermediateProofReplayer$TacletAppConstructionException: Unknown taclet with name "createdOnHeapImpliesCreatedOnPermissions"
	at de.uka.ilkd.key.proof.io.IntermediateProofReplayer.constructTacletApp(IntermediateProofReplayer.java:432)

257173     DEBUG main            d.u.i.k.p.r.p.TestFile    Exception java.lang.Exception: Exception while loading proof (see cause for details): /home/runner/work/key/key/key.core/../key.ui/examples/heap/permissions/threads/BFilter_preStart_accessible.key.proof
	at de.uka.ilkd.key.proof.runallproofs.proofcollection.TestFile.reloadProof(TestFile.java:314)
Caused by: de.uka.ilkd.key.proof.io.ProblemLoaderException: Error loading proof.
Line 109, goal 19, rule createdOnHeapImpliesCreatedOnPermissions not available or not applicable in this context.
	at de.uka.ilkd.key.proof.io.IntermediateProofReplayer.reportError(IntermediateProofReplayer.java:782)
Caused by: de.uka.ilkd.key.proof.io.IntermediateProofReplayer$TacletAppConstructionException: Unknown taclet with name "createdOnHeapImpliesCreatedOnPermissions"
	at de.uka.ilkd.key.proof.io.IntermediateProofReplayer.constructTacletApp(IntermediateProofReplayer.java:432)

257174     WARN  main            d.u.i.k.p.r.p.ForkedTestFileRunner Run failed java.lang.Exception: Exception while loading proof (see cause for details): /home/runner/work/key/key/key.core/../key.ui/examples/heap/permissions/threads/BFilter_preStart_accessible.key.proof
	at de.uka.ilkd.key.proof.runallproofs.proofcollection.TestFile.reloadProof(TestFile.java:314)
Caused by: de.uka.ilkd.key.proof.io.ProblemLoaderException: Error loading proof.
Line 109, goal 19, rule createdOnHeapImpliesCreatedOnPermissions not available or not applicable in this context.
	at de.uka.ilkd.key.proof.io.IntermediateProofReplayer.reportError(IntermediateProofReplayer.java:782)
Caused by: de.uka.ilkd.key.proof.io.IntermediateProofReplayer$TacletAppConstructionException: Unknown taclet with name "createdOnHeapImpliesCreatedOnPermissions"
	at de.uka.ilkd.key.proof.io.IntermediateProofReplayer.constructTacletApp(IntermediateProofReplayer.java:432)

257176     INFO  main            d.u.i.k.p.r.p.TestFile    Now processing file /home/runner/work/key/key/key.core/../key.ui/examples/heap/permissions/threads/BFilter_startTransfer_accessible.key 
257176     INFO  main            d.u.i.k.p.i.AbstractProblemLoader Loading environment from /home/runner/work/key/key/key.core/../key.ui/examples/heap/permissions/threads/BFilter_startTransfer_accessible.key 
257176     DEBUG main            d.u.i.k.p.i.AbstractProblemLoader Environment load took 44.9ns 
257177     INFO  main            d.u.i.k.p.i.AbstractProblemLoader Creating init config 
261669     DEBUG main            d.u.i.k.p.i.AbstractProblemLoader Init config took 4.49s 
261750     INFO  main            d.u.i.k.p.i.AbstractProblemLoader Replaying proof BFilter[ThreadSpec2::startTransfer()].JML accessible clause.0 
261751     DEBUG main            d.u.i.k.p.i.IntermediateProofReplayer Proof replay took 6.4ns 
271398     INFO  main            d.u.i.k.p.r.p.TestFile    ... finished proof: closed. 
271720     INFO  main            d.u.i.k.p.i.AbstractProblemLoader Loading environment from /home/runner/work/key/key/key.core/../key.ui/examples/heap/permissions/threads/BFilter_startTransfer_accessible.key.proof 
271721     DEBUG main            d.u.i.k.p.i.AbstractProblemLoader Environment load took 296.4ns 
271722     INFO  main            d.u.i.k.p.i.AbstractProblemLoader Creating init config 
276171     DEBUG main            d.u.i.k.p.i.AbstractProblemLoader Init config took 4.45s 
276256     INFO  main            d.u.i.k.p.i.AbstractProblemLoader Replaying proof BFilter[ThreadSpec2::startTransfer()].JML accessible clause.0 
276275     DEBUG main            d.u.i.k.p.i.IntermediateProofReplayer Proof replay took 4.65ms 
276276     WARN  main            d.u.i.k.p.r.p.TestFile    Replay exception de.uka.ilkd.key.proof.io.ProblemLoaderException: Error loading proof.
Line 112, goal 22, rule createdOnHeapImpliesCreatedOnPermissions not available or not applicable in this context.
	at de.uka.ilkd.key.proof.io.IntermediateProofReplayer.reportError(IntermediateProofReplayer.java:782)
Caused by: de.uka.ilkd.key.proof.io.IntermediateProofReplayer$TacletAppConstructionException: Unknown taclet with name "createdOnHeapImpliesCreatedOnPermissions"
	at de.uka.ilkd.key.proof.io.IntermediateProofReplayer.constructTacletApp(IntermediateProofReplayer.java:432)

276277     DEBUG main            d.u.i.k.p.r.p.TestFile    Exception java.lang.Exception: Exception while loading proof (see cause for details): /home/runner/work/key/key/key.core/../key.ui/examples/heap/permissions/threads/BFilter_startTransfer_accessible.key.proof
	at de.uka.ilkd.key.proof.runallproofs.proofcollection.TestFile.reloadProof(TestFile.java:314)
Caused by: de.uka.ilkd.key.proof.io.ProblemLoaderException: Error loading proof.
Line 112, goal 22, rule createdOnHeapImpliesCreatedOnPermissions not available or not applicable in this context.
	at de.uka.ilkd.key.proof.io.IntermediateProofReplayer.reportError(IntermediateProofReplayer.java:782)
Caused by: de.uka.ilkd.key.proof.io.IntermediateProofReplayer$TacletAppConstructionException: Unknown taclet with name "createdOnHeapImpliesCreatedOnPermissions"
	at de.uka.ilkd.key.proof.io.IntermediateProofReplayer.constructTacletApp(IntermediateProofReplayer.java:432)

276278     WARN  main            d.u.i.k.p.r.p.ForkedTestFileRunner Run failed java.lang.Exception: Exception while loading proof (see cause for details): /home/runner/work/key/key/key.core/../key.ui/examples/heap/permissions/threads/BFilter_startTransfer_accessible.key.proof
	at de.uka.ilkd.key.proof.runallproofs.proofcollection.TestFile.reloadProof(TestFile.java:314)
Caused by: de.uka.ilkd.key.proof.io.ProblemLoaderException: Error loading proof.
Line 112, goal 22, rule createdOnHeapImpliesCreatedOnPermissions not available or not applicable in this context.
	at de.uka.ilkd.key.proof.io.IntermediateProofReplayer.reportError(IntermediateProofReplayer.java:782)
Caused by: de.uka.ilkd.key.proof.io.IntermediateProofReplayer$TacletAppConstructionException: Unknown taclet with name "createdOnHeapImpliesCreatedOnPermissions"
	at de.uka.ilkd.key.proof.io.IntermediateProofReplayer.constructTacletApp(IntermediateProofReplayer.java:432)

276279     INFO  main            d.u.i.k.p.r.p.TestFile    Now processing file /home/runner/work/key/key/key.core/../key.ui/examples/heap/permissions/threads/BFilter_startTransfer_contract.key 
276279     INFO  main            d.u.i.k.p.i.AbstractProblemLoader Loading environment from /home/runner/work/key/key/key.core/../key.ui/examples/heap/permissions/threads/BFilter_startTransfer_contract.key 
276280     DEBUG main            d.u.i.k.p.i.AbstractProblemLoader Environment load took 133.5ns 
276280     INFO  main            d.u.i.k.p.i.AbstractProblemLoader Creating init config 
280792     DEBUG main            d.u.i.k.p.i.AbstractProblemLoader Init config took 4.51s 
280874     INFO  main            d.u.i.k.p.i.AbstractProblemLoader Replaying proof BFilter[ThreadSpec2::startTransfer()].JML model_behavior operation contract.0 
280875     DEBUG main            d.u.i.k.p.i.IntermediateProofReplayer Proof replay took 6.5ns 
281881     INFO  main            d.u.i.k.p.r.p.TestFile    ... finished proof: closed. 
282189     INFO  main            d.u.i.k.p.i.AbstractProblemLoader Loading environment from /home/runner/work/key/key/key.core/../key.ui/examples/heap/permissions/threads/BFilter_startTransfer_contract.key.proof 
282190     DEBUG main            d.u.i.k.p.i.AbstractProblemLoader Environment load took 314.9ns 
282191     INFO  main            d.u.i.k.p.i.AbstractProblemLoader Creating init config 
286642     DEBUG main            d.u.i.k.p.i.AbstractProblemLoader Init config took 4.45s 
286724     INFO  main            d.u.i.k.p.i.AbstractProblemLoader Replaying proof BFilter[ThreadSpec2::startTransfer()].JML model_behavior operation contract.0 
286736     DEBUG main            d.u.i.k.p.i.IntermediateProofReplayer Proof replay took 7.28ms 
286737     WARN  main            d.u.i.k.p.r.p.TestFile    Replay exception de.uka.ilkd.key.proof.io.ProblemLoaderException: Error loading proof.
Line 116, goal 26, rule createdOnHeapImpliesCreatedOnPermissions not available or not applicable in this context.
	at de.uka.ilkd.key.proof.io.IntermediateProofReplayer.reportError(IntermediateProofReplayer.java:782)
Caused by: de.uka.ilkd.key.proof.io.IntermediateProofReplayer$TacletAppConstructionException: Unknown taclet with name "createdOnHeapImpliesCreatedOnPermissions"
	at de.uka.ilkd.key.proof.io.IntermediateProofReplayer.constructTacletApp(IntermediateProofReplayer.java:432)

286737     DEBUG main            d.u.i.k.p.r.p.TestFile    Exception java.lang.Exception: Exception while loading proof (see cause for details): /home/runner/work/key/key/key.core/../key.ui/examples/heap/permissions/threads/BFilter_startTransfer_contract.key.proof
	at de.uka.ilkd.key.proof.runallproofs.proofcollection.TestFile.reloadProof(TestFile.java:314)
Caused by: de.uka.ilkd.key.proof.io.ProblemLoaderException: Error loading proof.
Line 116, goal 26, rule createdOnHeapImpliesCreatedOnPermissions not available or not applicable in this context.
	at de.uka.ilkd.key.proof.io.IntermediateProofReplayer.reportError(IntermediateProofReplayer.java:782)
Caused by: de.uka.ilkd.key.proof.io.IntermediateProofReplayer$TacletAppConstructionException: Unknown taclet with name "createdOnHeapImpliesCreatedOnPermissions"
	at de.uka.ilkd.key.proof.io.IntermediateProofReplayer.constructTacletApp(IntermediateProofReplayer.java:432)

286738     WARN  main            d.u.i.k.p.r.p.ForkedTestFileRunner Run failed java.lang.Exception: Exception while loading proof (see cause for details): /home/runner/work/key/key/key.core/../key.ui/examples/heap/permissions/threads/BFilter_startTransfer_contract.key.proof
	at de.uka.ilkd.key.proof.runallproofs.proofcollection.TestFile.reloadProof(TestFile.java:314)
Caused by: de.uka.ilkd.key.proof.io.ProblemLoaderException: Error loading proof.
Line 116, goal 26, rule createdOnHeapImpliesCreatedOnPermissions not available or not applicable in this context.
	at de.uka.ilkd.key.proof.io.IntermediateProofReplayer.reportError(IntermediateProofReplayer.java:782)
Caused by: de.uka.ilkd.key.proof.io.IntermediateProofReplayer$TacletAppConstructionException: Unknown taclet with name "createdOnHeapImpliesCreatedOnPermissions"
	at de.uka.ilkd.key.proof.io.IntermediateProofReplayer.constructTacletApp(IntermediateProofReplayer.java:432)

286739     INFO  main            d.u.i.k.p.r.p.TestFile    Now processing file /home/runner/work/key/key/key.core/../key.ui/examples/heap/permissions/threads/BFilter_stateInv_accessible.key 
286739     INFO  main            d.u.i.k.p.i.AbstractProblemLoader Loading environment from /home/runner/work/key/key/key.core/../key.ui/examples/heap/permissions/threads/BFilter_stateInv_accessible.key 
286739     DEBUG main            d.u.i.k.p.i.AbstractProblemLoader Environment load took 52.6ns 
286740     INFO  main            d.u.i.k.p.i.AbstractProblemLoader Creating init config 
291281     DEBUG main            d.u.i.k.p.i.AbstractProblemLoader Init config took 4.54s 
291364     INFO  main            d.u.i.k.p.i.AbstractProblemLoader Replaying proof BFilter[ThreadSpec2::stateInv()].JML accessible clause.0 
291365     DEBUG main            d.u.i.k.p.i.IntermediateProofReplayer Proof replay took 7.3ns 
291668     INFO  main            d.u.i.k.p.r.p.TestFile    ... finished proof: closed. 
292141     INFO  main            d.u.i.k.p.i.AbstractProblemLoader Loading environment from /home/runner/work/key/key/key.core/../key.ui/examples/heap/permissions/threads/BFilter_stateInv_accessible.key.proof 
292141     DEBUG main            d.u.i.k.p.i.AbstractProblemLoader Environment load took 92.4ns 
292142     INFO  main            d.u.i.k.p.i.AbstractProblemLoader Creating init config 
296606     DEBUG main            d.u.i.k.p.i.AbstractProblemLoader Init config took 4.46s 
296688     INFO  main            d.u.i.k.p.i.AbstractProblemLoader Replaying proof BFilter[ThreadSpec2::stateInv()].JML accessible clause.0 
296692     DEBUG main            d.u.i.k.p.i.IntermediateProofReplayer Proof replay took 2.31ms 
296692     WARN  main            d.u.i.k.p.r.p.TestFile    Replay exception de.uka.ilkd.key.proof.io.ProblemLoaderException: Error loading proof.
Line 103, goal 13, rule createdOnHeapImpliesCreatedOnPermissions not available or not applicable in this context.
	at de.uka.ilkd.key.proof.io.IntermediateProofReplayer.reportError(IntermediateProofReplayer.java:782)
Caused by: de.uka.ilkd.key.proof.io.IntermediateProofReplayer$TacletAppConstructionException: Unknown taclet with name "createdOnHeapImpliesCreatedOnPermissions"
	at de.uka.ilkd.key.proof.io.IntermediateProofReplayer.constructTacletApp(IntermediateProofReplayer.java:432)

296693     DEBUG main            d.u.i.k.p.r.p.TestFile    Exception java.lang.Exception: Exception while loading proof (see cause for details): /home/runner/work/key/key/key.core/../key.ui/examples/heap/permissions/threads/BFilter_stateInv_accessible.key.proof
	at de.uka.ilkd.key.proof.runallproofs.proofcollection.TestFile.reloadProof(TestFile.java:314)
Caused by: de.uka.ilkd.key.proof.io.ProblemLoaderException: Error loading proof.
Line 103, goal 13, rule createdOnHeapImpliesCreatedOnPermissions not available or not applicable in this context.
	at de.uka.ilkd.key.proof.io.IntermediateProofReplayer.reportError(IntermediateProofReplayer.java:782)
Caused by: de.uka.ilkd.key.proof.io.IntermediateProofReplayer$TacletAppConstructionException: Unknown taclet with name "createdOnHeapImpliesCreatedOnPermissions"
	at de.uka.ilkd.key.proof.io.IntermediateProofReplayer.constructTacletApp(IntermediateProofReplayer.java:432)

296694     WARN  main            d.u.i.k.p.r.p.ForkedTestFileRunner Run failed java.lang.Exception: Exception while loading proof (see cause for details): /home/runner/work/key/key/key.core/../key.ui/examples/heap/permissions/threads/BFilter_stateInv_accessible.key.proof
	at de.uka.ilkd.key.proof.runallproofs.proofcollection.TestFile.reloadProof(TestFile.java:314)
Caused by: de.uka.ilkd.key.proof.io.ProblemLoaderException: Error loading proof.
Line 103, goal 13, rule createdOnHeapImpliesCreatedOnPermissions not available or not applicable in this context.
	at de.uka.ilkd.key.proof.io.IntermediateProofReplayer.reportError(IntermediateProofReplayer.java:782)
Caused by: de.uka.ilkd.key.proof.io.IntermediateProofReplayer$TacletAppConstructionException: Unknown taclet with name "createdOnHeapImpliesCreatedOnPermissions"
	at de.uka.ilkd.key.proof.io.IntermediateProofReplayer.constructTacletApp(IntermediateProofReplayer.java:432)

296698     INFO  main            d.u.i.k.p.r.p.TestFile    Now processing file /home/runner/work/key/key/key.core/../key.ui/examples/heap/permissions/threads/BFilter_staticPermissions_accessible.key 
296698     INFO  main            d.u.i.k.p.i.AbstractProblemLoader Loading environment from /home/runner/work/key/key/key.core/../key.ui/examples/heap/permissions/threads/BFilter_staticPermissions_accessible.key 
296698     DEBUG main            d.u.i.k.p.i.AbstractProblemLoader Environment load took 73.9ns 
296699     INFO  main            d.u.i.k.p.i.AbstractProblemLoader Creating init config 
301297     DEBUG main            d.u.i.k.p.i.AbstractProblemLoader Init config took 4.6s 
301380     INFO  main            d.u.i.k.p.i.AbstractProblemLoader Replaying proof BFilter[ThreadSpec2::staticPermissions()].JML accessible clause.0 
301382     DEBUG main            d.u.i.k.p.i.IntermediateProofReplayer Proof replay took 7.4ns 
301483     INFO  main            d.u.i.k.p.r.p.TestFile    ... finished proof: closed. 
301818     INFO  main            d.u.i.k.p.i.AbstractProblemLoader Loading environment from /home/runner/work/key/key/key.core/../key.ui/examples/heap/permissions/threads/BFilter_staticPermissions_accessible.key.proof 
301818     DEBUG main            d.u.i.k.p.i.AbstractProblemLoader Environment load took 88.2ns 
301819     INFO  main            d.u.i.k.p.i.AbstractProblemLoader Creating init config 
306321     DEBUG main            d.u.i.k.p.i.AbstractProblemLoader Init config took 4.5s 
306405     INFO  main            d.u.i.k.p.i.AbstractProblemLoader Replaying proof BFilter[ThreadSpec2::staticPermissions()].JML accessible clause.0 
306409     DEBUG main            d.u.i.k.p.i.IntermediateProofReplayer Proof replay took 2.48ms 
306410     WARN  main            d.u.i.k.p.r.p.TestFile    Replay exception de.uka.ilkd.key.proof.io.ProblemLoaderException: Error loading proof.
Line 104, goal 14, rule createdOnHeapImpliesCreatedOnPermissions not available or not applicable in this context.
	at de.uka.ilkd.key.proof.io.IntermediateProofReplayer.reportError(IntermediateProofReplayer.java:782)
Caused by: de.uka.ilkd.key.proof.io.IntermediateProofReplayer$TacletAppConstructionException: Unknown taclet with name "createdOnHeapImpliesCreatedOnPermissions"
	at de.uka.ilkd.key.proof.io.IntermediateProofReplayer.constructTacletApp(IntermediateProofReplayer.java:432)

306410     DEBUG main            d.u.i.k.p.r.p.TestFile    Exception java.lang.Exception: Exception while loading proof (see cause for details): /home/runner/work/key/key/key.core/../key.ui/examples/heap/permissions/threads/BFilter_staticPermissions_accessible.key.proof
	at de.uka.ilkd.key.proof.runallproofs.proofcollection.TestFile.reloadProof(TestFile.java:314)
Caused by: de.uka.ilkd.key.proof.io.ProblemLoaderException: Error loading proof.
Line 104, goal 14, rule createdOnHeapImpliesCreatedOnPermissions not available or not applicable in this context.
	at de.uka.ilkd.key.proof.io.IntermediateProofReplayer.reportError(IntermediateProofReplayer.java:782)
Caused by: de.uka.ilkd.key.proof.io.IntermediateProofReplayer$TacletAppConstructionException: Unknown taclet with name "createdOnHeapImpliesCreatedOnPermissions"
	at de.uka.ilkd.key.proof.io.IntermediateProofReplayer.constructTacletApp(IntermediateProofReplayer.java:432)

306411     WARN  main            d.u.i.k.p.r.p.ForkedTestFileRunner Run failed java.lang.Exception: Exception while loading proof (see cause for details): /home/runner/work/key/key/key.core/../key.ui/examples/heap/permissions/threads/BFilter_staticPermissions_accessible.key.proof
	at de.uka.ilkd.key.proof.runallproofs.proofcollection.TestFile.reloadProof(TestFile.java:314)
Caused by: de.uka.ilkd.key.proof.io.ProblemLoaderException: Error loading proof.
Line 104, goal 14, rule createdOnHeapImpliesCreatedOnPermissions not available or not applicable in this context.
	at de.uka.ilkd.key.proof.io.IntermediateProofReplayer.reportError(IntermediateProofReplayer.java:782)
Caused by: de.uka.ilkd.key.proof.io.IntermediateProofReplayer$TacletAppConstructionException: Unknown taclet with name "createdOnHeapImpliesCreatedOnPermissions"
	at de.uka.ilkd.key.proof.io.IntermediateProofReplayer.constructTacletApp(IntermediateProofReplayer.java:432)

306413     INFO  main            d.u.i.k.p.r.p.TestFile    Now processing file /home/runner/work/key/key/key.core/../key.ui/examples/heap/permissions/threads/BFilter_workingPermissions_accessible.key 
306413     INFO  main            d.u.i.k.p.i.AbstractProblemLoader Loading environment from /home/runner/work/key/key/key.core/../key.ui/examples/heap/permissions/threads/BFilter_workingPermissions_accessible.key 
306413     DEBUG main            d.u.i.k.p.i.AbstractProblemLoader Environment load took 96.1ns 
306414     INFO  main            d.u.i.k.p.i.AbstractProblemLoader Creating init config 
310946     DEBUG main            d.u.i.k.p.i.AbstractProblemLoader Init config took 4.53s 
311027     INFO  main            d.u.i.k.p.i.AbstractProblemLoader Replaying proof BFilter[ThreadSpec2::workingPermissions()].JML accessible clause.0 
311029     DEBUG main            d.u.i.k.p.i.IntermediateProofReplayer Proof replay took 7.1ns 
311130     INFO  main            d.u.i.k.p.r.p.TestFile    ... finished proof: closed. 
311461     INFO  main            d.u.i.k.p.i.AbstractProblemLoader Loading environment from /home/runner/work/key/key/key.core/../key.ui/examples/heap/permissions/threads/BFilter_workingPermissions_accessible.key.proof 
311461     DEBUG main            d.u.i.k.p.i.AbstractProblemLoader Environment load took 87ns 
311462     INFO  main            d.u.i.k.p.i.AbstractProblemLoader Creating init config 
315904     DEBUG main            d.u.i.k.p.i.AbstractProblemLoader Init config took 4.44s 
315985     INFO  main            d.u.i.k.p.i.AbstractProblemLoader Replaying proof BFilter[ThreadSpec2::workingPermissions()].JML accessible clause.0 
315989     DEBUG main            d.u.i.k.p.i.IntermediateProofReplayer Proof replay took 2.14ms 
315989     WARN  main            d.u.i.k.p.r.p.TestFile    Replay exception de.uka.ilkd.key.proof.io.ProblemLoaderException: Error loading proof.
Line 104, goal 14, rule createdOnHeapImpliesCreatedOnPermissions not available or not applicable in this context.
	at de.uka.ilkd.key.proof.io.IntermediateProofReplayer.reportError(IntermediateProofReplayer.java:782)
Caused by: de.uka.ilkd.key.proof.io.IntermediateProofReplayer$TacletAppConstructionException: Unknown taclet with name "createdOnHeapImpliesCreatedOnPermissions"
	at de.uka.ilkd.key.proof.io.IntermediateProofReplayer.constructTacletApp(IntermediateProofReplayer.java:432)

315990     DEBUG main            d.u.i.k.p.r.p.TestFile    Exception java.lang.Exception: Exception while loading proof (see cause for details): /home/runner/work/key/key/key.core/../key.ui/examples/heap/permissions/threads/BFilter_workingPermissions_accessible.key.proof
	at de.uka.ilkd.key.proof.runallproofs.proofcollection.TestFile.reloadProof(TestFile.java:314)
Caused by: de.uka.ilkd.key.proof.io.ProblemLoaderException: Error loading proof.
Line 104, goal 14, rule createdOnHeapImpliesCreatedOnPermissions not available or not applicable in this context.
	at de.uka.ilkd.key.proof.io.IntermediateProofReplayer.reportError(IntermediateProofReplayer.java:782)
Caused by: de.uka.ilkd.key.proof.io.IntermediateProofReplayer$TacletAppConstructionException: Unknown taclet with name "createdOnHeapImpliesCreatedOnPermissions"
	at de.uka.ilkd.key.proof.io.IntermediateProofReplayer.constructTacletApp(IntermediateProofReplayer.java:432)

315990     WARN  main            d.u.i.k.p.r.p.ForkedTestFileRunner Run failed java.lang.Exception: Exception while loading proof (see cause for details): /home/runner/work/key/key/key.core/../key.ui/examples/heap/permissions/threads/BFilter_workingPermissions_accessible.key.proof
	at de.uka.ilkd.key.proof.runallproofs.proofcollection.TestFile.reloadProof(TestFile.java:314)
Caused by: de.uka.ilkd.key.proof.io.ProblemLoaderException: Error loading proof.
Line 104, goal 14, rule createdOnHeapImpliesCreatedOnPermissions not available or not applicable in this context.
	at de.uka.ilkd.key.proof.io.IntermediateProofReplayer.reportError(IntermediateProofReplayer.java:782)
Caused by: de.uka.ilkd.key.proof.io.IntermediateProofReplayer$TacletAppConstructionException: Unknown taclet with name "createdOnHeapImpliesCreatedOnPermissions"
	at de.uka.ilkd.key.proof.io.IntermediateProofReplayer.constructTacletApp(IntermediateProofReplayer.java:432)

315992     INFO  main            d.u.i.k.p.r.p.TestFile    Now processing file /home/runner/work/key/key/key.core/../key.ui/examples/heap/permissions/threads/Fib_Fib.key 
315992     INFO  main            d.u.i.k.p.i.AbstractProblemLoader Loading environment from /home/runner/work/key/key/key.core/../key.ui/examples/heap/permissions/threads/Fib_Fib.key 
315992     DEBUG main            d.u.i.k.p.i.AbstractProblemLoader Environment load took 51.3ns 
315993     INFO  main            d.u.i.k.p.i.AbstractProblemLoader Creating init config 
320502     DEBUG main            d.u.i.k.p.i.AbstractProblemLoader Init config took 4.51s 
320585     INFO  main            d.u.i.k.p.i.AbstractProblemLoader Replaying proof Fib[Fib::Fib(int)].JML normal_behavior operation contract.0 
320587     DEBUG main            d.u.i.k.p.i.IntermediateProofReplayer Proof replay took 6.1ns 
321189     INFO  main            d.u.i.k.p.r.p.TestFile    ... finished proof: closed. 
321530     INFO  main            d.u.i.k.p.i.AbstractProblemLoader Loading environment from /home/runner/work/key/key/key.core/../key.ui/examples/heap/permissions/threads/Fib_Fib.key.proof 
321530     DEBUG main            d.u.i.k.p.i.AbstractProblemLoader Environment load took 87.1ns 
321531     INFO  main            d.u.i.k.p.i.AbstractProblemLoader Creating init config 
325972     DEBUG main            d.u.i.k.p.i.AbstractProblemLoader Init config took 4.44s 
326067     INFO  main            d.u.i.k.p.i.AbstractProblemLoader Replaying proof Fib[Fib::Fib(int)].JML normal_behavior operation contract.0 
326085     DEBUG main            d.u.i.k.p.i.IntermediateProofReplayer Proof replay took 9.97ms 
326086     WARN  main            d.u.i.k.p.r.p.TestFile    Replay exception de.uka.ilkd.key.proof.io.ProblemLoaderException: Error loading proof.
Line 114, goal 24, rule andLeft not available or not applicable in this context.
	at de.uka.ilkd.key.proof.io.IntermediateProofReplayer.reportError(IntermediateProofReplayer.java:782)
Caused by: de.uka.ilkd.key.proof.io.IntermediateProofReplayer$TacletAppConstructionException: Wrong position information: Term top level of not(equals(f_1,null))<<origin(<none> (implicit)) ([ensures @ file Fib.java @ line 47, ensures @ file Fib.java @ line 48, ensures (implicit), assignable (implicit)])>>
	at de.uka.ilkd.key.proof.io.IntermediateProofReplayer.constructTacletApp(IntermediateProofReplayer.java:460)
Caused by: java.lang.NullPointerException: null
	at de.uka.ilkd.key.proof.io.IntermediateProofReplayer.constructTacletApp(IntermediateProofReplayer.java:456)

326089     DEBUG main            d.u.i.k.p.r.p.TestFile    Exception java.lang.Exception: Exception while loading proof (see cause for details): /home/runner/work/key/key/key.core/../key.ui/examples/heap/permissions/threads/Fib_Fib.key.proof
	at de.uka.ilkd.key.proof.runallproofs.proofcollection.TestFile.reloadProof(TestFile.java:314)
Caused by: de.uka.ilkd.key.proof.io.ProblemLoaderException: Error loading proof.
Line 114, goal 24, rule andLeft not available or not applicable in this context.
	at de.uka.ilkd.key.proof.io.IntermediateProofReplayer.reportError(IntermediateProofReplayer.java:782)
Caused by: de.uka.ilkd.key.proof.io.IntermediateProofReplayer$TacletAppConstructionException: Wrong position information: Term top level of not(equals(f_1,null))<<origin(<none> (implicit)) ([ensures @ file Fib.java @ line 47, ensures @ file Fib.java @ line 48, ensures (implicit), assignable (implicit)])>>
	at de.uka.ilkd.key.proof.io.IntermediateProofReplayer.constructTacletApp(IntermediateProofReplayer.java:460)
Caused by: java.lang.NullPointerException: null
	at de.uka.ilkd.key.proof.io.IntermediateProofReplayer.constructTacletApp(IntermediateProofReplayer.java:456)

326089     WARN  main            d.u.i.k.p.r.p.ForkedTestFileRunner Run failed java.lang.Exception: Exception while loading proof (see cause for details): /home/runner/work/key/key/key.core/../key.ui/examples/heap/permissions/threads/Fib_Fib.key.proof
	at de.uka.ilkd.key.proof.runallproofs.proofcollection.TestFile.reloadProof(TestFile.java:314)
Caused by: de.uka.ilkd.key.proof.io.ProblemLoaderException: Error loading proof.
Line 114, goal 24, rule andLeft not available or not applicable in this context.
	at de.uka.ilkd.key.proof.io.IntermediateProofReplayer.reportError(IntermediateProofReplayer.java:782)
Caused by: de.uka.ilkd.key.proof.io.IntermediateProofReplayer$TacletAppConstructionException: Wrong position information: Term top level of not(equals(f_1,null))<<origin(<none> (implicit)) ([ensures @ file Fib.java @ line 47, ensures @ file Fib.java @ line 48, ensures (implicit), assignable (implicit)])>>
	at de.uka.ilkd.key.proof.io.IntermediateProofReplayer.constructTacletApp(IntermediateProofReplayer.java:460)
Caused by: java.lang.NullPointerException: null
	at de.uka.ilkd.key.proof.io.IntermediateProofReplayer.constructTacletApp(IntermediateProofReplayer.java:456)

326091     INFO  main            d.u.i.k.p.r.p.TestFile    Now processing file /home/runner/work/key/key/key.core/../key.ui/examples/heap/permissions/threads/Fib_initPost_accessible.key 
326091     INFO  main            d.u.i.k.p.i.AbstractProblemLoader Loading environment from /home/runner/work/key/key/key.core/../key.ui/examples/heap/permissions/threads/Fib_initPost_accessible.key 
326091     DEBUG main            d.u.i.k.p.i.AbstractProblemLoader Environment load took 67.6ns 
326092     INFO  main            d.u.i.k.p.i.AbstractProblemLoader Creating init config 
330617     DEBUG main            d.u.i.k.p.i.AbstractProblemLoader Init config took 4.53s 
330700     INFO  main            d.u.i.k.p.i.AbstractProblemLoader Replaying proof Fib[ThreadSpec::initPost()].JML accessible clause.0 
330701     DEBUG main            d.u.i.k.p.i.IntermediateProofReplayer Proof replay took 7.2ns 
330802     INFO  main            d.u.i.k.p.r.p.TestFile    ... finished proof: closed. 
331136     INFO  main            d.u.i.k.p.i.AbstractProblemLoader Loading environment from /home/runner/work/key/key/key.core/../key.ui/examples/heap/permissions/threads/Fib_initPost_accessible.key.proof 
331136     DEBUG main            d.u.i.k.p.i.AbstractProblemLoader Environment load took 85.8ns 
331137     INFO  main            d.u.i.k.p.i.AbstractProblemLoader Creating init config 
335579     DEBUG main            d.u.i.k.p.i.AbstractProblemLoader Init config took 4.44s 
335674     INFO  main            d.u.i.k.p.i.AbstractProblemLoader Replaying proof Fib[ThreadSpec::initPost()].JML accessible clause.0 
335678     DEBUG main            d.u.i.k.p.i.IntermediateProofReplayer Proof replay took 2.05ms 
335678     WARN  main            d.u.i.k.p.r.p.TestFile    Replay exception de.uka.ilkd.key.proof.io.ProblemLoaderException: Error loading proof.
Line 103, goal 13, rule createdOnHeapImpliesCreatedOnPermissions not available or not applicable in this context.
	at de.uka.ilkd.key.proof.io.IntermediateProofReplayer.reportError(IntermediateProofReplayer.java:782)
Caused by: de.uka.ilkd.key.proof.io.IntermediateProofReplayer$TacletAppConstructionException: Unknown taclet with name "createdOnHeapImpliesCreatedOnPermissions"
	at de.uka.ilkd.key.proof.io.IntermediateProofReplayer.constructTacletApp(IntermediateProofReplayer.java:432)

335679     DEBUG main            d.u.i.k.p.r.p.TestFile    Exception java.lang.Exception: Exception while loading proof (see cause for details): /home/runner/work/key/key/key.core/../key.ui/examples/heap/permissions/threads/Fib_initPost_accessible.key.proof
	at de.uka.ilkd.key.proof.runallproofs.proofcollection.TestFile.reloadProof(TestFile.java:314)
Caused by: de.uka.ilkd.key.proof.io.ProblemLoaderException: Error loading proof.
Line 103, goal 13, rule createdOnHeapImpliesCreatedOnPermissions not available or not applicable in this context.
	at de.uka.ilkd.key.proof.io.IntermediateProofReplayer.reportError(IntermediateProofReplayer.java:782)
Caused by: de.uka.ilkd.key.proof.io.IntermediateProofReplayer$TacletAppConstructionException: Unknown taclet with name "createdOnHeapImpliesCreatedOnPermissions"
	at de.uka.ilkd.key.proof.io.IntermediateProofReplayer.constructTacletApp(IntermediateProofReplayer.java:432)

335679     WARN  main            d.u.i.k.p.r.p.ForkedTestFileRunner Run failed java.lang.Exception: Exception while loading proof (see cause for details): /home/runner/work/key/key/key.core/../key.ui/examples/heap/permissions/threads/Fib_initPost_accessible.key.proof
	at de.uka.ilkd.key.proof.runallproofs.proofcollection.TestFile.reloadProof(TestFile.java:314)
Caused by: de.uka.ilkd.key.proof.io.ProblemLoaderException: Error loading proof.
Line 103, goal 13, rule createdOnHeapImpliesCreatedOnPermissions not available or not applicable in this context.
	at de.uka.ilkd.key.proof.io.IntermediateProofReplayer.reportError(IntermediateProofReplayer.java:782)
Caused by: de.uka.ilkd.key.proof.io.IntermediateProofReplayer$TacletAppConstructionException: Unknown taclet with name "createdOnHeapImpliesCreatedOnPermissions"
	at de.uka.ilkd.key.proof.io.IntermediateProofReplayer.constructTacletApp(IntermediateProofReplayer.java:432)

335680     INFO  main            d.u.i.k.p.r.p.TestFile    Now processing file /home/runner/work/key/key/key.core/../key.ui/examples/heap/permissions/threads/Fib_inv1_accessible.key 
335681     INFO  main            d.u.i.k.p.i.AbstractProblemLoader Loading environment from /home/runner/work/key/key/key.core/../key.ui/examples/heap/permissions/threads/Fib_inv1_accessible.key 
335681     DEBUG main            d.u.i.k.p.i.AbstractProblemLoader Environment load took 68.6ns 
335681     INFO  main            d.u.i.k.p.i.AbstractProblemLoader Creating init config 
340185     DEBUG main            d.u.i.k.p.i.AbstractProblemLoader Init config took 4.5s 
340268     INFO  main            d.u.i.k.p.i.AbstractProblemLoader Replaying proof Fib[java.lang.Object::<inv>()].JML accessible clause.0 
340270     DEBUG main            d.u.i.k.p.i.IntermediateProofReplayer Proof replay took 6.4ns 
340371     INFO  main            d.u.i.k.p.r.p.TestFile    ... finished proof: closed. 
340711     INFO  main            d.u.i.k.p.i.AbstractProblemLoader Loading environment from /home/runner/work/key/key/key.core/../key.ui/examples/heap/permissions/threads/Fib_inv1_accessible.key.proof 
340712     DEBUG main            d.u.i.k.p.i.AbstractProblemLoader Environment load took 89ns 
340712     INFO  main            d.u.i.k.p.i.AbstractProblemLoader Creating init config 
345136     DEBUG main            d.u.i.k.p.i.AbstractProblemLoader Init config took 4.42s 
345228     INFO  main            d.u.i.k.p.i.AbstractProblemLoader Replaying proof Fib[java.lang.Object::<inv>()].JML accessible clause.0 
345231     DEBUG main            d.u.i.k.p.i.IntermediateProofReplayer Proof replay took 1.73ms 
345232     WARN  main            d.u.i.k.p.r.p.TestFile    Replay exception de.uka.ilkd.key.proof.io.ProblemLoaderException: Error loading proof.
Line 105, goal 15, rule createdOnHeapImpliesCreatedOnPermissions not available or not applicable in this context.
	at de.uka.ilkd.key.proof.io.IntermediateProofReplayer.reportError(IntermediateProofReplayer.java:782)
Caused by: de.uka.ilkd.key.proof.io.IntermediateProofReplayer$TacletAppConstructionException: Unknown taclet with name "createdOnHeapImpliesCreatedOnPermissions"
	at de.uka.ilkd.key.proof.io.IntermediateProofReplayer.constructTacletApp(IntermediateProofReplayer.java:432)

345232     DEBUG main            d.u.i.k.p.r.p.TestFile    Exception java.lang.Exception: Exception while loading proof (see cause for details): /home/runner/work/key/key/key.core/../key.ui/examples/heap/permissions/threads/Fib_inv1_accessible.key.proof
	at de.uka.ilkd.key.proof.runallproofs.proofcollection.TestFile.reloadProof(TestFile.java:314)
Caused by: de.uka.ilkd.key.proof.io.ProblemLoaderException: Error loading proof.
Line 105, goal 15, rule createdOnHeapImpliesCreatedOnPermissions not available or not applicable in this context.
	at de.uka.ilkd.key.proof.io.IntermediateProofReplayer.reportError(IntermediateProofReplayer.java:782)
Caused by: de.uka.ilkd.key.proof.io.IntermediateProofReplayer$TacletAppConstructionException: Unknown taclet with name "createdOnHeapImpliesCreatedOnPermissions"
	at de.uka.ilkd.key.proof.io.IntermediateProofReplayer.constructTacletApp(IntermediateProofReplayer.java:432)

345233     WARN  main            d.u.i.k.p.r.p.ForkedTestFileRunner Run failed java.lang.Exception: Exception while loading proof (see cause for details): /home/runner/work/key/key/key.core/../key.ui/examples/heap/permissions/threads/Fib_inv1_accessible.key.proof
	at de.uka.ilkd.key.proof.runallproofs.proofcollection.TestFile.reloadProof(TestFile.java:314)
Caused by: de.uka.ilkd.key.proof.io.ProblemLoaderException: Error loading proof.
Line 105, goal 15, rule createdOnHeapImpliesCreatedOnPermissions not available or not applicable in this context.
	at de.uka.ilkd.key.proof.io.IntermediateProofReplayer.reportError(IntermediateProofReplayer.java:782)
Caused by: de.uka.ilkd.key.proof.io.IntermediateProofReplayer$TacletAppConstructionException: Unknown taclet with name "createdOnHeapImpliesCreatedOnPermissions"
	at de.uka.ilkd.key.proof.io.IntermediateProofReplayer.constructTacletApp(IntermediateProofReplayer.java:432)

345234     INFO  main            d.u.i.k.p.r.p.TestFile    Now processing file /home/runner/work/key/key/key.core/../key.ui/examples/heap/permissions/threads/Fib_inv2_accessible.key 
345234     INFO  main            d.u.i.k.p.i.AbstractProblemLoader Loading environment from /home/runner/work/key/key/key.core/../key.ui/examples/heap/permissions/threads/Fib_inv2_accessible.key 
345234     DEBUG main            d.u.i.k.p.i.AbstractProblemLoader Environment load took 46.6ns 
345236     INFO  main            d.u.i.k.p.i.AbstractProblemLoader Creating init config 
349772     DEBUG main            d.u.i.k.p.i.AbstractProblemLoader Init config took 4.54s 
349855     INFO  main            d.u.i.k.p.i.AbstractProblemLoader Replaying proof Fib[java.lang.Object::<inv>()].JML accessible clause.1 
349856     DEBUG main            d.u.i.k.p.i.IntermediateProofReplayer Proof replay took 7.1ns 
349957     INFO  main            d.u.i.k.p.r.p.TestFile    ... finished proof: closed. 
350304     INFO  main            d.u.i.k.p.i.AbstractProblemLoader Loading environment from /home/runner/work/key/key/key.core/../key.ui/examples/heap/permissions/threads/Fib_inv2_accessible.key.proof 
350304     DEBUG main            d.u.i.k.p.i.AbstractProblemLoader Environment load took 84.2ns 
350305     INFO  main            d.u.i.k.p.i.AbstractProblemLoader Creating init config 
354747     DEBUG main            d.u.i.k.p.i.AbstractProblemLoader Init config took 4.44s 
354841     INFO  main            d.u.i.k.p.i.AbstractProblemLoader Replaying proof Fib[java.lang.Object::<inv>()].JML accessible clause.1 
354844     DEBUG main            d.u.i.k.p.i.IntermediateProofReplayer Proof replay took 1.8ms 
354844     WARN  main            d.u.i.k.p.r.p.TestFile    Replay exception de.uka.ilkd.key.proof.io.ProblemLoaderException: Error loading proof.
Line 105, goal 15, rule createdOnHeapImpliesCreatedOnPermissions not available or not applicable in this context.
	at de.uka.ilkd.key.proof.io.IntermediateProofReplayer.reportError(IntermediateProofReplayer.java:782)
Caused by: de.uka.ilkd.key.proof.io.IntermediateProofReplayer$TacletAppConstructionException: Unknown taclet with name "createdOnHeapImpliesCreatedOnPermissions"
	at de.uka.ilkd.key.proof.io.IntermediateProofReplayer.constructTacletApp(IntermediateProofReplayer.java:432)

354845     DEBUG main            d.u.i.k.p.r.p.TestFile    Exception java.lang.Exception: Exception while loading proof (see cause for details): /home/runner/work/key/key/key.core/../key.ui/examples/heap/permissions/threads/Fib_inv2_accessible.key.proof
	at de.uka.ilkd.key.proof.runallproofs.proofcollection.TestFile.reloadProof(TestFile.java:314)
Caused by: de.uka.ilkd.key.proof.io.ProblemLoaderException: Error loading proof.
Line 105, goal 15, rule createdOnHeapImpliesCreatedOnPermissions not available or not applicable in this context.
	at de.uka.ilkd.key.proof.io.IntermediateProofReplayer.reportError(IntermediateProofReplayer.java:782)
Caused by: de.uka.ilkd.key.proof.io.IntermediateProofReplayer$TacletAppConstructionException: Unknown taclet with name "createdOnHeapImpliesCreatedOnPermissions"
	at de.uka.ilkd.key.proof.io.IntermediateProofReplayer.constructTacletApp(IntermediateProofReplayer.java:432)

354845     WARN  main            d.u.i.k.p.r.p.ForkedTestFileRunner Run failed java.lang.Exception: Exception while loading proof (see cause for details): /home/runner/work/key/key/key.core/../key.ui/examples/heap/permissions/threads/Fib_inv2_accessible.key.proof
	at de.uka.ilkd.key.proof.runallproofs.proofcollection.TestFile.reloadProof(TestFile.java:314)
Caused by: de.uka.ilkd.key.proof.io.ProblemLoaderException: Error loading proof.
Line 105, goal 15, rule createdOnHeapImpliesCreatedOnPermissions not available or not applicable in this context.
	at de.uka.ilkd.key.proof.io.IntermediateProofReplayer.reportError(IntermediateProofReplayer.java:782)
Caused by: de.uka.ilkd.key.proof.io.IntermediateProofReplayer$TacletAppConstructionException: Unknown taclet with name "createdOnHeapImpliesCreatedOnPermissions"
	at de.uka.ilkd.key.proof.io.IntermediateProofReplayer.constructTacletApp(IntermediateProofReplayer.java:432)

354846     INFO  main            d.u.i.k.p.r.p.TestFile    Now processing file /home/runner/work/key/key/key.core/../key.ui/examples/heap/permissions/threads/Fib_joinTransfer_accessible.key 
354847     INFO  main            d.u.i.k.p.i.AbstractProblemLoader Loading environment from /home/runner/work/key/key/key.core/../key.ui/examples/heap/permissions/threads/Fib_joinTransfer_accessible.key 
354847     DEBUG main            d.u.i.k.p.i.AbstractProblemLoader Environment load took 50.8ns 
354847     INFO  main            d.u.i.k.p.i.AbstractProblemLoader Creating init config 
359359     DEBUG main            d.u.i.k.p.i.AbstractProblemLoader Init config took 4.51s 
359442     INFO  main            d.u.i.k.p.i.AbstractProblemLoader Replaying proof Fib[ThreadSpec::joinTransfer()].JML accessible clause.0 
359443     DEBUG main            d.u.i.k.p.i.IntermediateProofReplayer Proof replay took 7.1ns 
359645     INFO  main            d.u.i.k.p.r.p.TestFile    ... finished proof: closed. 
360001     INFO  main            d.u.i.k.p.i.AbstractProblemLoader Loading environment from /home/runner/work/key/key/key.core/../key.ui/examples/heap/permissions/threads/Fib_joinTransfer_accessible.key.proof 
360001     DEBUG main            d.u.i.k.p.i.AbstractProblemLoader Environment load took 90.9ns 
360002     INFO  main            d.u.i.k.p.i.AbstractProblemLoader Creating init config 
364449     DEBUG main            d.u.i.k.p.i.AbstractProblemLoader Init config took 4.45s 
364531     INFO  main            d.u.i.k.p.i.AbstractProblemLoader Replaying proof Fib[ThreadSpec::joinTransfer()].JML accessible clause.0 
364535     DEBUG main            d.u.i.k.p.i.IntermediateProofReplayer Proof replay took 2.79ms 
364536     WARN  main            d.u.i.k.p.r.p.TestFile    Replay exception de.uka.ilkd.key.proof.io.ProblemLoaderException: Error loading proof.
Line 110, goal 20, rule createdOnHeapImpliesCreatedOnPermissions not available or not applicable in this context.
	at de.uka.ilkd.key.proof.io.IntermediateProofReplayer.reportError(IntermediateProofReplayer.java:782)
Caused by: de.uka.ilkd.key.proof.io.IntermediateProofReplayer$TacletAppConstructionException: Unknown taclet with name "createdOnHeapImpliesCreatedOnPermissions"
	at de.uka.ilkd.key.proof.io.IntermediateProofReplayer.constructTacletApp(IntermediateProofReplayer.java:432)

364537     DEBUG main            d.u.i.k.p.r.p.TestFile    Exception java.lang.Exception: Exception while loading proof (see cause for details): /home/runner/work/key/key/key.core/../key.ui/examples/heap/permissions/threads/Fib_joinTransfer_accessible.key.proof
	at de.uka.ilkd.key.proof.runallproofs.proofcollection.TestFile.reloadProof(TestFile.java:314)
Caused by: de.uka.ilkd.key.proof.io.ProblemLoaderException: Error loading proof.
Line 110, goal 20, rule createdOnHeapImpliesCreatedOnPermissions not available or not applicable in this context.
	at de.uka.ilkd.key.proof.io.IntermediateProofReplayer.reportError(IntermediateProofReplayer.java:782)
Caused by: de.uka.ilkd.key.proof.io.IntermediateProofReplayer$TacletAppConstructionException: Unknown taclet with name "createdOnHeapImpliesCreatedOnPermissions"
	at de.uka.ilkd.key.proof.io.IntermediateProofReplayer.constructTacletApp(IntermediateProofReplayer.java:432)

364537     WARN  main            d.u.i.k.p.r.p.ForkedTestFileRunner Run failed java.lang.Exception: Exception while loading proof (see cause for details): /home/runner/work/key/key/key.core/../key.ui/examples/heap/permissions/threads/Fib_joinTransfer_accessible.key.proof
	at de.uka.ilkd.key.proof.runallproofs.proofcollection.TestFile.reloadProof(TestFile.java:314)
Caused by: de.uka.ilkd.key.proof.io.ProblemLoaderException: Error loading proof.
Line 110, goal 20, rule createdOnHeapImpliesCreatedOnPermissions not available or not applicable in this context.
	at de.uka.ilkd.key.proof.io.IntermediateProofReplayer.reportError(IntermediateProofReplayer.java:782)
Caused by: de.uka.ilkd.key.proof.io.IntermediateProofReplayer$TacletAppConstructionException: Unknown taclet with name "createdOnHeapImpliesCreatedOnPermissions"
	at de.uka.ilkd.key.proof.io.IntermediateProofReplayer.constructTacletApp(IntermediateProofReplayer.java:432)

364539     INFO  main            d.u.i.k.p.r.p.TestFile    Now processing file /home/runner/work/key/key/key.core/../key.ui/examples/heap/permissions/threads/Fib_joinTransfer_contract.key 
364539     INFO  main            d.u.i.k.p.i.AbstractProblemLoader Loading environment from /home/runner/work/key/key/key.core/../key.ui/examples/heap/permissions/threads/Fib_joinTransfer_contract.key 
364539     DEBUG main            d.u.i.k.p.i.AbstractProblemLoader Environment load took 134.9ns 
364540     INFO  main            d.u.i.k.p.i.AbstractProblemLoader Creating init config 
369064     DEBUG main            d.u.i.k.p.i.AbstractProblemLoader Init config took 4.52s 
369147     INFO  main            d.u.i.k.p.i.AbstractProblemLoader Replaying proof Fib[ThreadSpec::joinTransfer()].JML model_behavior operation contract.0 
369149     DEBUG main            d.u.i.k.p.i.IntermediateProofReplayer Proof replay took 6.8ns 
369250     INFO  main            d.u.i.k.p.r.p.TestFile    ... finished proof: closed. 
369610     INFO  main            d.u.i.k.p.i.AbstractProblemLoader Loading environment from /home/runner/work/key/key/key.core/../key.ui/examples/heap/permissions/threads/Fib_joinTransfer_contract.key.proof 
369610     DEBUG main            d.u.i.k.p.i.AbstractProblemLoader Environment load took 107ns 
369611     INFO  main            d.u.i.k.p.i.AbstractProblemLoader Creating init config 
374053     DEBUG main            d.u.i.k.p.i.AbstractProblemLoader Init config took 4.44s 
374136     INFO  main            d.u.i.k.p.i.AbstractProblemLoader Replaying proof Fib[ThreadSpec::joinTransfer()].JML model_behavior operation contract.0 
374142     DEBUG main            d.u.i.k.p.i.IntermediateProofReplayer Proof replay took 5.42ms 
374143     WARN  main            d.u.i.k.p.r.p.TestFile    Replay exception de.uka.ilkd.key.proof.io.ProblemLoaderException: Error loading proof.
Line 108, goal 18, rule createdOnHeapImpliesCreatedOnPermissions not available or not applicable in this context.
	at de.uka.ilkd.key.proof.io.IntermediateProofReplayer.reportError(IntermediateProofReplayer.java:782)
Caused by: de.uka.ilkd.key.proof.io.IntermediateProofReplayer$TacletAppConstructionException: Unknown taclet with name "createdOnHeapImpliesCreatedOnPermissions"
	at de.uka.ilkd.key.proof.io.IntermediateProofReplayer.constructTacletApp(IntermediateProofReplayer.java:432)

374143     DEBUG main            d.u.i.k.p.r.p.TestFile    Exception java.lang.Exception: Exception while loading proof (see cause for details): /home/runner/work/key/key/key.core/../key.ui/examples/heap/permissions/threads/Fib_joinTransfer_contract.key.proof
	at de.uka.ilkd.key.proof.runallproofs.proofcollection.TestFile.reloadProof(TestFile.java:314)
Caused by: de.uka.ilkd.key.proof.io.ProblemLoaderException: Error loading proof.
Line 108, goal 18, rule createdOnHeapImpliesCreatedOnPermissions not available or not applicable in this context.
	at de.uka.ilkd.key.proof.io.IntermediateProofReplayer.reportError(IntermediateProofReplayer.java:782)
Caused by: de.uka.ilkd.key.proof.io.IntermediateProofReplayer$TacletAppConstructionException: Unknown taclet with name "createdOnHeapImpliesCreatedOnPermissions"
	at de.uka.ilkd.key.proof.io.IntermediateProofReplayer.constructTacletApp(IntermediateProofReplayer.java:432)

374144     WARN  main            d.u.i.k.p.r.p.ForkedTestFileRunner Run failed java.lang.Exception: Exception while loading proof (see cause for details): /home/runner/work/key/key/key.core/../key.ui/examples/heap/permissions/threads/Fib_joinTransfer_contract.key.proof
	at de.uka.ilkd.key.proof.runallproofs.proofcollection.TestFile.reloadProof(TestFile.java:314)
Caused by: de.uka.ilkd.key.proof.io.ProblemLoaderException: Error loading proof.
Line 108, goal 18, rule createdOnHeapImpliesCreatedOnPermissions not available or not applicable in this context.
	at de.uka.ilkd.key.proof.io.IntermediateProofReplayer.reportError(IntermediateProofReplayer.java:782)
Caused by: de.uka.ilkd.key.proof.io.IntermediateProofReplayer$TacletAppConstructionException: Unknown taclet with name "createdOnHeapImpliesCreatedOnPermissions"
	at de.uka.ilkd.key.proof.io.IntermediateProofReplayer.constructTacletApp(IntermediateProofReplayer.java:432)

374145     INFO  main            d.u.i.k.p.r.p.TestFile    Now processing file /home/runner/work/key/key/key.core/../key.ui/examples/heap/permissions/threads/Fib_postJoin_accessible.key 
374145     INFO  main            d.u.i.k.p.i.AbstractProblemLoader Loading environment from /home/runner/work/key/key/key.core/../key.ui/examples/heap/permissions/threads/Fib_postJoin_accessible.key 
374146     DEBUG main            d.u.i.k.p.i.AbstractProblemLoader Environment load took 63.1ns 
374146     INFO  main            d.u.i.k.p.i.AbstractProblemLoader Creating init config 
378652     DEBUG main            d.u.i.k.p.i.AbstractProblemLoader Init config took 4.51s 
378747     INFO  main            d.u.i.k.p.i.AbstractProblemLoader Replaying proof Fib[ThreadSpec::postJoin(java.lang.Object)].JML accessible clause.0 
378748     DEBUG main            d.u.i.k.p.i.IntermediateProofReplayer Proof replay took 7.1ns 
378850     INFO  main            d.u.i.k.p.r.p.TestFile    ... finished proof: closed. 
379214     INFO  main            d.u.i.k.p.i.AbstractProblemLoader Loading environment from /home/runner/work/key/key/key.core/../key.ui/examples/heap/permissions/threads/Fib_postJoin_accessible.key.proof 
379214     DEBUG main            d.u.i.k.p.i.AbstractProblemLoader Environment load took 76.8ns 
379215     INFO  main            d.u.i.k.p.i.AbstractProblemLoader Creating init config 
383646     DEBUG main            d.u.i.k.p.i.AbstractProblemLoader Init config took 4.43s 
383727     INFO  main            d.u.i.k.p.i.AbstractProblemLoader Replaying proof Fib[ThreadSpec::postJoin(java.lang.Object)].JML accessible clause.0 
383731     DEBUG main            d.u.i.k.p.i.IntermediateProofReplayer Proof replay took 2.54ms 
383731     WARN  main            d.u.i.k.p.r.p.TestFile    Replay exception de.uka.ilkd.key.proof.io.ProblemLoaderException: Error loading proof.
Line 108, goal 18, rule createdOnHeapImpliesCreatedOnPermissions not available or not applicable in this context.
	at de.uka.ilkd.key.proof.io.IntermediateProofReplayer.reportError(IntermediateProofReplayer.java:782)
Caused by: de.uka.ilkd.key.proof.io.IntermediateProofReplayer$TacletAppConstructionException: Unknown taclet with name "createdOnHeapImpliesCreatedOnPermissions"
	at de.uka.ilkd.key.proof.io.IntermediateProofReplayer.constructTacletApp(IntermediateProofReplayer.java:432)

383732     DEBUG main            d.u.i.k.p.r.p.TestFile    Exception java.lang.Exception: Exception while loading proof (see cause for details): /home/runner/work/key/key/key.core/../key.ui/examples/heap/permissions/threads/Fib_postJoin_accessible.key.proof
	at de.uka.ilkd.key.proof.runallproofs.proofcollection.TestFile.reloadProof(TestFile.java:314)
Caused by: de.uka.ilkd.key.proof.io.ProblemLoaderException: Error loading proof.
Line 108, goal 18, rule createdOnHeapImpliesCreatedOnPermissions not available or not applicable in this context.
	at de.uka.ilkd.key.proof.io.IntermediateProofReplayer.reportError(IntermediateProofReplayer.java:782)
Caused by: de.uka.ilkd.key.proof.io.IntermediateProofReplayer$TacletAppConstructionException: Unknown taclet with name "createdOnHeapImpliesCreatedOnPermissions"
	at de.uka.ilkd.key.proof.io.IntermediateProofReplayer.constructTacletApp(IntermediateProofReplayer.java:432)

383732     WARN  main            d.u.i.k.p.r.p.ForkedTestFileRunner Run failed java.lang.Exception: Exception while loading proof (see cause for details): /home/runner/work/key/key/key.core/../key.ui/examples/heap/permissions/threads/Fib_postJoin_accessible.key.proof
	at de.uka.ilkd.key.proof.runallproofs.proofcollection.TestFile.reloadProof(TestFile.java:314)
Caused by: de.uka.ilkd.key.proof.io.ProblemLoaderException: Error loading proof.
Line 108, goal 18, rule createdOnHeapImpliesCreatedOnPermissions not available or not applicable in this context.
	at de.uka.ilkd.key.proof.io.IntermediateProofReplayer.reportError(IntermediateProofReplayer.java:782)
Caused by: de.uka.ilkd.key.proof.io.IntermediateProofReplayer$TacletAppConstructionException: Unknown taclet with name "createdOnHeapImpliesCreatedOnPermissions"
	at de.uka.ilkd.key.proof.io.IntermediateProofReplayer.constructTacletApp(IntermediateProofReplayer.java:432)

383734     INFO  main            d.u.i.k.p.r.p.TestFile    Now processing file /home/runner/work/key/key/key.core/../key.ui/examples/heap/permissions/threads/Fib_preStart_accessible.key 
383734     INFO  main            d.u.i.k.p.i.AbstractProblemLoader Loading environment from /home/runner/work/key/key/key.core/../key.ui/examples/heap/permissions/threads/Fib_preStart_accessible.key 
383734     DEBUG main            d.u.i.k.p.i.AbstractProblemLoader Environment load took 105.3ns 
383735     INFO  main            d.u.i.k.p.i.AbstractProblemLoader Creating init config 
388302     DEBUG main            d.u.i.k.p.i.AbstractProblemLoader Init config took 4.57s 
388384     INFO  main            d.u.i.k.p.i.AbstractProblemLoader Replaying proof Fib[ThreadSpec::preStart(java.lang.Object)].JML accessible clause.0 
388386     DEBUG main            d.u.i.k.p.i.IntermediateProofReplayer Proof replay took 6.5ns 
388487     INFO  main            d.u.i.k.p.r.p.TestFile    ... finished proof: closed. 
388862     INFO  main            d.u.i.k.p.i.AbstractProblemLoader Loading environment from /home/runner/work/key/key/key.core/../key.ui/examples/heap/permissions/threads/Fib_preStart_accessible.key.proof 
388862     DEBUG main            d.u.i.k.p.i.AbstractProblemLoader Environment load took 79.2ns 
388863     INFO  main            d.u.i.k.p.i.AbstractProblemLoader Creating init config 
393325     DEBUG main            d.u.i.k.p.i.AbstractProblemLoader Init config took 4.46s 
393407     INFO  main            d.u.i.k.p.i.AbstractProblemLoader Replaying proof Fib[ThreadSpec::preStart(java.lang.Object)].JML accessible clause.0 
393410     DEBUG main            d.u.i.k.p.i.IntermediateProofReplayer Proof replay took 2.24ms 
393411     WARN  main            d.u.i.k.p.r.p.TestFile    Replay exception de.uka.ilkd.key.proof.io.ProblemLoaderException: Error loading proof.
Line 108, goal 18, rule createdOnHeapImpliesCreatedOnPermissions not available or not applicable in this context.
	at de.uka.ilkd.key.proof.io.IntermediateProofReplayer.reportError(IntermediateProofReplayer.java:782)
Caused by: de.uka.ilkd.key.proof.io.IntermediateProofReplayer$TacletAppConstructionException: Unknown taclet with name "createdOnHeapImpliesCreatedOnPermissions"
	at de.uka.ilkd.key.proof.io.IntermediateProofReplayer.constructTacletApp(IntermediateProofReplayer.java:432)

393411     DEBUG main            d.u.i.k.p.r.p.TestFile    Exception java.lang.Exception: Exception while loading proof (see cause for details): /home/runner/work/key/key/key.core/../key.ui/examples/heap/permissions/threads/Fib_preStart_accessible.key.proof
	at de.uka.ilkd.key.proof.runallproofs.proofcollection.TestFile.reloadProof(TestFile.java:314)
Caused by: de.uka.ilkd.key.proof.io.ProblemLoaderException: Error loading proof.
Line 108, goal 18, rule createdOnHeapImpliesCreatedOnPermissions not available or not applicable in this context.
	at de.uka.ilkd.key.proof.io.IntermediateProofReplayer.reportError(IntermediateProofReplayer.java:782)
Caused by: de.uka.ilkd.key.proof.io.IntermediateProofReplayer$TacletAppConstructionException: Unknown taclet with name "createdOnHeapImpliesCreatedOnPermissions"
	at de.uka.ilkd.key.proof.io.IntermediateProofReplayer.constructTacletApp(IntermediateProofReplayer.java:432)

393411     WARN  main            d.u.i.k.p.r.p.ForkedTestFileRunner Run failed java.lang.Exception: Exception while loading proof (see cause for details): /home/runner/work/key/key/key.core/../key.ui/examples/heap/permissions/threads/Fib_preStart_accessible.key.proof
	at de.uka.ilkd.key.proof.runallproofs.proofcollection.TestFile.reloadProof(TestFile.java:314)
Caused by: de.uka.ilkd.key.proof.io.ProblemLoaderException: Error loading proof.
Line 108, goal 18, rule createdOnHeapImpliesCreatedOnPermissions not available or not applicable in this context.
	at de.uka.ilkd.key.proof.io.IntermediateProofReplayer.reportError(IntermediateProofReplayer.java:782)
Caused by: de.uka.ilkd.key.proof.io.IntermediateProofReplayer$TacletAppConstructionException: Unknown taclet with name "createdOnHeapImpliesCreatedOnPermissions"
	at de.uka.ilkd.key.proof.io.IntermediateProofReplayer.constructTacletApp(IntermediateProofReplayer.java:432)

393418     INFO  main            d.u.i.k.p.r.p.TestFile    Now processing file /home/runner/work/key/key/key.core/../key.ui/examples/heap/permissions/threads/Fib_startTransfer_accessible.key 
393419     INFO  main            d.u.i.k.p.i.AbstractProblemLoader Loading environment from /home/runner/work/key/key/key.core/../key.ui/examples/heap/permissions/threads/Fib_startTransfer_accessible.key 
393419     DEBUG main            d.u.i.k.p.i.AbstractProblemLoader Environment load took 284.1ns 
393420     INFO  main            d.u.i.k.p.i.AbstractProblemLoader Creating init config 
397951     DEBUG main            d.u.i.k.p.i.AbstractProblemLoader Init config took 4.53s 
398033     INFO  main            d.u.i.k.p.i.AbstractProblemLoader Replaying proof Fib[ThreadSpec::startTransfer()].JML accessible clause.0 
398034     DEBUG main            d.u.i.k.p.i.IntermediateProofReplayer Proof replay took 6.8ns 
398236     INFO  main            d.u.i.k.p.r.p.TestFile    ... finished proof: closed. 
398618     INFO  main            d.u.i.k.p.i.AbstractProblemLoader Loading environment from /home/runner/work/key/key/key.core/../key.ui/examples/heap/permissions/threads/Fib_startTransfer_accessible.key.proof 
398618     DEBUG main            d.u.i.k.p.i.AbstractProblemLoader Environment load took 78.6ns 
398619     INFO  main            d.u.i.k.p.i.AbstractProblemLoader Creating init config 
403134     DEBUG main            d.u.i.k.p.i.AbstractProblemLoader Init config took 4.51s 
403218     INFO  main            d.u.i.k.p.i.AbstractProblemLoader Replaying proof Fib[ThreadSpec::startTransfer()].JML accessible clause.0 
403223     DEBUG main            d.u.i.k.p.i.IntermediateProofReplayer Proof replay took 2.75ms 
403223     WARN  main            d.u.i.k.p.r.p.TestFile    Replay exception de.uka.ilkd.key.proof.io.ProblemLoaderException: Error loading proof.
Line 110, goal 20, rule createdOnHeapImpliesCreatedOnPermissions not available or not applicable in this context.
	at de.uka.ilkd.key.proof.io.IntermediateProofReplayer.reportError(IntermediateProofReplayer.java:782)
Caused by: de.uka.ilkd.key.proof.io.IntermediateProofReplayer$TacletAppConstructionException: Unknown taclet with name "createdOnHeapImpliesCreatedOnPermissions"
	at de.uka.ilkd.key.proof.io.IntermediateProofReplayer.constructTacletApp(IntermediateProofReplayer.java:432)

403224     DEBUG main            d.u.i.k.p.r.p.TestFile    Exception java.lang.Exception: Exception while loading proof (see cause for details): /home/runner/work/key/key/key.core/../key.ui/examples/heap/permissions/threads/Fib_startTransfer_accessible.key.proof
	at de.uka.ilkd.key.proof.runallproofs.proofcollection.TestFile.reloadProof(TestFile.java:314)
Caused by: de.uka.ilkd.key.proof.io.ProblemLoaderException: Error loading proof.
Line 110, goal 20, rule createdOnHeapImpliesCreatedOnPermissions not available or not applicable in this context.
	at de.uka.ilkd.key.proof.io.IntermediateProofReplayer.reportError(IntermediateProofReplayer.java:782)
Caused by: de.uka.ilkd.key.proof.io.IntermediateProofReplayer$TacletAppConstructionException: Unknown taclet with name "createdOnHeapImpliesCreatedOnPermissions"
	at de.uka.ilkd.key.proof.io.IntermediateProofReplayer.constructTacletApp(IntermediateProofReplayer.java:432)

403224     WARN  main            d.u.i.k.p.r.p.ForkedTestFileRunner Run failed java.lang.Exception: Exception while loading proof (see cause for details): /home/runner/work/key/key/key.core/../key.ui/examples/heap/permissions/threads/Fib_startTransfer_accessible.key.proof
	at de.uka.ilkd.key.proof.runallproofs.proofcollection.TestFile.reloadProof(TestFile.java:314)
Caused by: de.uka.ilkd.key.proof.io.ProblemLoaderException: Error loading proof.
Line 110, goal 20, rule createdOnHeapImpliesCreatedOnPermissions not available or not applicable in this context.
	at de.uka.ilkd.key.proof.io.IntermediateProofReplayer.reportError(IntermediateProofReplayer.java:782)
Caused by: de.uka.ilkd.key.proof.io.IntermediateProofReplayer$TacletAppConstructionException: Unknown taclet with name "createdOnHeapImpliesCreatedOnPermissions"
	at de.uka.ilkd.key.proof.io.IntermediateProofReplayer.constructTacletApp(IntermediateProofReplayer.java:432)

403226     INFO  main            d.u.i.k.p.r.p.TestFile    Now processing file /home/runner/work/key/key/key.core/../key.ui/examples/heap/permissions/threads/Fib_startTransfer_contract.key 
403226     INFO  main            d.u.i.k.p.i.AbstractProblemLoader Loading environment from /home/runner/work/key/key/key.core/../key.ui/examples/heap/permissions/threads/Fib_startTransfer_contract.key 
403226     DEBUG main            d.u.i.k.p.i.AbstractProblemLoader Environment load took 64.2ns 
403227     INFO  main            d.u.i.k.p.i.AbstractProblemLoader Creating init config 
407751     DEBUG main            d.u.i.k.p.i.AbstractProblemLoader Init config took 4.52s 
407833     INFO  main            d.u.i.k.p.i.AbstractProblemLoader Replaying proof Fib[ThreadSpec::startTransfer()].JML model_behavior operation contract.0 
407834     DEBUG main            d.u.i.k.p.i.IntermediateProofReplayer Proof replay took 6.5ns 
407936     INFO  main            d.u.i.k.p.r.p.TestFile    ... finished proof: closed. 
408318     INFO  main            d.u.i.k.p.i.AbstractProblemLoader Loading environment from /home/runner/work/key/key/key.core/../key.ui/examples/heap/permissions/threads/Fib_startTransfer_contract.key.proof 
408318     DEBUG main            d.u.i.k.p.i.AbstractProblemLoader Environment load took 73.4ns 
408319     INFO  main            d.u.i.k.p.i.AbstractProblemLoader Creating init config 
412751     DEBUG main            d.u.i.k.p.i.AbstractProblemLoader Init config took 4.43s 
412833     INFO  main            d.u.i.k.p.i.AbstractProblemLoader Replaying proof Fib[ThreadSpec::startTransfer()].JML model_behavior operation contract.0 
412840     DEBUG main            d.u.i.k.p.i.IntermediateProofReplayer Proof replay took 5.42ms 
412840     WARN  main            d.u.i.k.p.r.p.TestFile    Replay exception de.uka.ilkd.key.proof.io.ProblemLoaderException: Error loading proof.
Line 108, goal 18, rule createdOnHeapImpliesCreatedOnPermissions not available or not applicable in this context.
	at de.uka.ilkd.key.proof.io.IntermediateProofReplayer.reportError(IntermediateProofReplayer.java:782)
Caused by: de.uka.ilkd.key.proof.io.IntermediateProofReplayer$TacletAppConstructionException: Unknown taclet with name "createdOnHeapImpliesCreatedOnPermissions"
	at de.uka.ilkd.key.proof.io.IntermediateProofReplayer.constructTacletApp(IntermediateProofReplayer.java:432)

412841     DEBUG main            d.u.i.k.p.r.p.TestFile    Exception java.lang.Exception: Exception while loading proof (see cause for details): /home/runner/work/key/key/key.core/../key.ui/examples/heap/permissions/threads/Fib_startTransfer_contract.key.proof
	at de.uka.ilkd.key.proof.runallproofs.proofcollection.TestFile.reloadProof(TestFile.java:314)
Caused by: de.uka.ilkd.key.proof.io.ProblemLoaderException: Error loading proof.
Line 108, goal 18, rule createdOnHeapImpliesCreatedOnPermissions not available or not applicable in this context.
	at de.uka.ilkd.key.proof.io.IntermediateProofReplayer.reportError(IntermediateProofReplayer.java:782)
Caused by: de.uka.ilkd.key.proof.io.IntermediateProofReplayer$TacletAppConstructionException: Unknown taclet with name "createdOnHeapImpliesCreatedOnPermissions"
	at de.uka.ilkd.key.proof.io.IntermediateProofReplayer.constructTacletApp(IntermediateProofReplayer.java:432)

412841     WARN  main            d.u.i.k.p.r.p.ForkedTestFileRunner Run failed java.lang.Exception: Exception while loading proof (see cause for details): /home/runner/work/key/key/key.core/../key.ui/examples/heap/permissions/threads/Fib_startTransfer_contract.key.proof
	at de.uka.ilkd.key.proof.runallproofs.proofcollection.TestFile.reloadProof(TestFile.java:314)
Caused by: de.uka.ilkd.key.proof.io.ProblemLoaderException: Error loading proof.
Line 108, goal 18, rule createdOnHeapImpliesCreatedOnPermissions not available or not applicable in this context.
	at de.uka.ilkd.key.proof.io.IntermediateProofReplayer.reportError(IntermediateProofReplayer.java:782)
Caused by: de.uka.ilkd.key.proof.io.IntermediateProofReplayer$TacletAppConstructionException: Unknown taclet with name "createdOnHeapImpliesCreatedOnPermissions"
	at de.uka.ilkd.key.proof.io.IntermediateProofReplayer.constructTacletApp(IntermediateProofReplayer.java:432)

412842     INFO  main            d.u.i.k.p.r.p.TestFile    Now processing file /home/runner/work/key/key/key.core/../key.ui/examples/heap/permissions/threads/Fib_workingPermissions_accessible.key 
412843     INFO  main            d.u.i.k.p.i.AbstractProblemLoader Loading environment from /home/runner/work/key/key/key.core/../key.ui/examples/heap/permissions/threads/Fib_workingPermissions_accessible.key 
412843     DEBUG main            d.u.i.k.p.i.AbstractProblemLoader Environment load took 43.8ns 
412843     INFO  main            d.u.i.k.p.i.AbstractProblemLoader Creating init config 
417354     DEBUG main            d.u.i.k.p.i.AbstractProblemLoader Init config took 4.51s 
417449     INFO  main            d.u.i.k.p.i.AbstractProblemLoader Replaying proof Fib[ThreadSpec::workingPermissions()].JML accessible clause.0 
417451     DEBUG main            d.u.i.k.p.i.IntermediateProofReplayer Proof replay took 7ns 
417552     INFO  main            d.u.i.k.p.r.p.TestFile    ... finished proof: closed. 
417937     INFO  main            d.u.i.k.p.i.AbstractProblemLoader Loading environment from /home/runner/work/key/key/key.core/../key.ui/examples/heap/permissions/threads/Fib_workingPermissions_accessible.key.proof 
417937     DEBUG main            d.u.i.k.p.i.AbstractProblemLoader Environment load took 78.3ns 
417938     INFO  main            d.u.i.k.p.i.AbstractProblemLoader Creating init config 
422367     DEBUG main            d.u.i.k.p.i.AbstractProblemLoader Init config took 4.43s 
422448     INFO  main            d.u.i.k.p.i.AbstractProblemLoader Replaying proof Fib[ThreadSpec::workingPermissions()].JML accessible clause.0 
422451     DEBUG main            d.u.i.k.p.i.IntermediateProofReplayer Proof replay took 1.48ms 
422451     WARN  main            d.u.i.k.p.r.p.TestFile    Replay exception de.uka.ilkd.key.proof.io.ProblemLoaderException: Error loading proof.
Line 103, goal 13, rule createdOnHeapImpliesCreatedOnPermissions not available or not applicable in this context.
	at de.uka.ilkd.key.proof.io.IntermediateProofReplayer.reportError(IntermediateProofReplayer.java:782)
Caused by: de.uka.ilkd.key.proof.io.IntermediateProofReplayer$TacletAppConstructionException: Unknown taclet with name "createdOnHeapImpliesCreatedOnPermissions"
	at de.uka.ilkd.key.proof.io.IntermediateProofReplayer.constructTacletApp(IntermediateProofReplayer.java:432)

422456     DEBUG main            d.u.i.k.p.r.p.TestFile    Exception java.lang.Exception: Exception while loading proof (see cause for details): /home/runner/work/key/key/key.core/../key.ui/examples/heap/permissions/threads/Fib_workingPermissions_accessible.key.proof
	at de.uka.ilkd.key.proof.runallproofs.proofcollection.TestFile.reloadProof(TestFile.java:314)
Caused by: de.uka.ilkd.key.proof.io.ProblemLoaderException: Error loading proof.
Line 103, goal 13, rule createdOnHeapImpliesCreatedOnPermissions not available or not applicable in this context.
	at de.uka.ilkd.key.proof.io.IntermediateProofReplayer.reportError(IntermediateProofReplayer.java:782)
Caused by: de.uka.ilkd.key.proof.io.IntermediateProofReplayer$TacletAppConstructionException: Unknown taclet with name "createdOnHeapImpliesCreatedOnPermissions"
	at de.uka.ilkd.key.proof.io.IntermediateProofReplayer.constructTacletApp(IntermediateProofReplayer.java:432)

422456     WARN  main            d.u.i.k.p.r.p.ForkedTestFileRunner Run failed java.lang.Exception: Exception while loading proof (see cause for details): /home/runner/work/key/key/key.core/../key.ui/examples/heap/permissions/threads/Fib_workingPermissions_accessible.key.proof
	at de.uka.ilkd.key.proof.runallproofs.proofcollection.TestFile.reloadProof(TestFile.java:314)
Caused by: de.uka.ilkd.key.proof.io.ProblemLoaderException: Error loading proof.
Line 103, goal 13, rule createdOnHeapImpliesCreatedOnPermissions not available or not applicable in this context.
	at de.uka.ilkd.key.proof.io.IntermediateProofReplayer.reportError(IntermediateProofReplayer.java:782)
Caused by: de.uka.ilkd.key.proof.io.IntermediateProofReplayer$TacletAppConstructionException: Unknown taclet with name "createdOnHeapImpliesCreatedOnPermissions"
	at de.uka.ilkd.key.proof.io.IntermediateProofReplayer.constructTacletApp(IntermediateProofReplayer.java:432)

422458     INFO  main            d.u.i.k.p.r.p.TestFile    Now processing file /home/runner/work/key/key/key.core/../key.ui/examples/heap/permissions/threads/Plotter_initPost_accessible.key 
422458     INFO  main            d.u.i.k.p.i.AbstractProblemLoader Loading environment from /home/runner/work/key/key/key.core/../key.ui/examples/heap/permissions/threads/Plotter_initPost_accessible.key 
422458     DEBUG main            d.u.i.k.p.i.AbstractProblemLoader Environment load took 72.6ns 
422458     INFO  main            d.u.i.k.p.i.AbstractProblemLoader Creating init config 
426987     DEBUG main            d.u.i.k.p.i.AbstractProblemLoader Init config took 4.53s 
427069     INFO  main            d.u.i.k.p.i.AbstractProblemLoader Replaying proof Plotter[ThreadSpec2::initPost()].JML accessible clause.0 
427071     DEBUG main            d.u.i.k.p.i.IntermediateProofReplayer Proof replay took 6.8ns 
427172     INFO  main            d.u.i.k.p.r.p.TestFile    ... finished proof: closed. 
427576     INFO  main            d.u.i.k.p.i.AbstractProblemLoader Loading environment from /home/runner/work/key/key/key.core/../key.ui/examples/heap/permissions/threads/Plotter_initPost_accessible.key.proof 
427576     DEBUG main            d.u.i.k.p.i.AbstractProblemLoader Environment load took 76.4ns 
427577     INFO  main            d.u.i.k.p.i.AbstractProblemLoader Creating init config 
432027     DEBUG main            d.u.i.k.p.i.AbstractProblemLoader Init config took 4.45s 
432122     INFO  main            d.u.i.k.p.i.AbstractProblemLoader Replaying proof Plotter[ThreadSpec2::initPost()].JML accessible clause.0 
432130     DEBUG main            d.u.i.k.p.i.IntermediateProofReplayer Proof replay took 1.94ms 
432131     WARN  main            d.u.i.k.p.r.p.TestFile    Replay exception de.uka.ilkd.key.proof.io.ProblemLoaderException: Error loading proof.
Line 103, goal 13, rule createdOnHeapImpliesCreatedOnPermissions not available or not applicable in this context.
	at de.uka.ilkd.key.proof.io.IntermediateProofReplayer.reportError(IntermediateProofReplayer.java:782)
Caused by: de.uka.ilkd.key.proof.io.IntermediateProofReplayer$TacletAppConstructionException: Unknown taclet with name "createdOnHeapImpliesCreatedOnPermissions"
	at de.uka.ilkd.key.proof.io.IntermediateProofReplayer.constructTacletApp(IntermediateProofReplayer.java:432)

432132     DEBUG main            d.u.i.k.p.r.p.TestFile    Exception java.lang.Exception: Exception while loading proof (see cause for details): /home/runner/work/key/key/key.core/../key.ui/examples/heap/permissions/threads/Plotter_initPost_accessible.key.proof
	at de.uka.ilkd.key.proof.runallproofs.proofcollection.TestFile.reloadProof(TestFile.java:314)
Caused by: de.uka.ilkd.key.proof.io.ProblemLoaderException: Error loading proof.
Line 103, goal 13, rule createdOnHeapImpliesCreatedOnPermissions not available or not applicable in this context.
	at de.uka.ilkd.key.proof.io.IntermediateProofReplayer.reportError(IntermediateProofReplayer.java:782)
Caused by: de.uka.ilkd.key.proof.io.IntermediateProofReplayer$TacletAppConstructionException: Unknown taclet with name "createdOnHeapImpliesCreatedOnPermissions"
	at de.uka.ilkd.key.proof.io.IntermediateProofReplayer.constructTacletApp(IntermediateProofReplayer.java:432)

432132     WARN  main            d.u.i.k.p.r.p.ForkedTestFileRunner Run failed java.lang.Exception: Exception while loading proof (see cause for details): /home/runner/work/key/key/key.core/../key.ui/examples/heap/permissions/threads/Plotter_initPost_accessible.key.proof
	at de.uka.ilkd.key.proof.runallproofs.proofcollection.TestFile.reloadProof(TestFile.java:314)
Caused by: de.uka.ilkd.key.proof.io.ProblemLoaderException: Error loading proof.
Line 103, goal 13, rule createdOnHeapImpliesCreatedOnPermissions not available or not applicable in this context.
	at de.uka.ilkd.key.proof.io.IntermediateProofReplayer.reportError(IntermediateProofReplayer.java:782)
Caused by: de.uka.ilkd.key.proof.io.IntermediateProofReplayer$TacletAppConstructionException: Unknown taclet with name "createdOnHeapImpliesCreatedOnPermissions"
	at de.uka.ilkd.key.proof.io.IntermediateProofReplayer.constructTacletApp(IntermediateProofReplayer.java:432)

432134     INFO  main            d.u.i.k.p.r.p.TestFile    Now processing file /home/runner/work/key/key/key.core/../key.ui/examples/heap/permissions/threads/Plotter_inv_accessible1.key 
432134     INFO  main            d.u.i.k.p.i.AbstractProblemLoader Loading environment from /home/runner/work/key/key/key.core/../key.ui/examples/heap/permissions/threads/Plotter_inv_accessible1.key 
432134     DEBUG main            d.u.i.k.p.i.AbstractProblemLoader Environment load took 43.7ns 
432135     INFO  main            d.u.i.k.p.i.AbstractProblemLoader Creating init config 
436696     DEBUG main            d.u.i.k.p.i.AbstractProblemLoader Init config took 4.56s 
436778     INFO  main            d.u.i.k.p.i.AbstractProblemLoader Replaying proof Plotter[java.lang.Object::<inv>()].JML accessible clause.0 
436779     DEBUG main            d.u.i.k.p.i.IntermediateProofReplayer Proof replay took 7.9ns 
436880     INFO  main            d.u.i.k.p.r.p.TestFile    ... finished proof: closed. 
437279     INFO  main            d.u.i.k.p.i.AbstractProblemLoader Loading environment from /home/runner/work/key/key/key.core/../key.ui/examples/heap/permissions/threads/Plotter_inv_accessible1.key.proof 
437279     DEBUG main            d.u.i.k.p.i.AbstractProblemLoader Environment load took 103.2ns 
437280     INFO  main            d.u.i.k.p.i.AbstractProblemLoader Creating init config 
441730     DEBUG main            d.u.i.k.p.i.AbstractProblemLoader Init config took 4.45s 
441810     INFO  main            d.u.i.k.p.i.AbstractProblemLoader Replaying proof Plotter[java.lang.Object::<inv>()].JML accessible clause.0 
441813     DEBUG main            d.u.i.k.p.i.IntermediateProofReplayer Proof replay took 1.45ms 
441813     WARN  main            d.u.i.k.p.r.p.TestFile    Replay exception de.uka.ilkd.key.proof.io.ProblemLoaderException: Error loading proof.
Line 105, goal 15, rule createdOnHeapImpliesCreatedOnPermissions not available or not applicable in this context.
	at de.uka.ilkd.key.proof.io.IntermediateProofReplayer.reportError(IntermediateProofReplayer.java:782)
Caused by: de.uka.ilkd.key.proof.io.IntermediateProofReplayer$TacletAppConstructionException: Unknown taclet with name "createdOnHeapImpliesCreatedOnPermissions"
	at de.uka.ilkd.key.proof.io.IntermediateProofReplayer.constructTacletApp(IntermediateProofReplayer.java:432)

441813     DEBUG main            d.u.i.k.p.r.p.TestFile    Exception java.lang.Exception: Exception while loading proof (see cause for details): /home/runner/work/key/key/key.core/../key.ui/examples/heap/permissions/threads/Plotter_inv_accessible1.key.proof
	at de.uka.ilkd.key.proof.runallproofs.proofcollection.TestFile.reloadProof(TestFile.java:314)
Caused by: de.uka.ilkd.key.proof.io.ProblemLoaderException: Error loading proof.
Line 105, goal 15, rule createdOnHeapImpliesCreatedOnPermissions not available or not applicable in this context.
	at de.uka.ilkd.key.proof.io.IntermediateProofReplayer.reportError(IntermediateProofReplayer.java:782)
Caused by: de.uka.ilkd.key.proof.io.IntermediateProofReplayer$TacletAppConstructionException: Unknown taclet with name "createdOnHeapImpliesCreatedOnPermissions"
	at de.uka.ilkd.key.proof.io.IntermediateProofReplayer.constructTacletApp(IntermediateProofReplayer.java:432)

441814     WARN  main            d.u.i.k.p.r.p.ForkedTestFileRunner Run failed java.lang.Exception: Exception while loading proof (see cause for details): /home/runner/work/key/key/key.core/../key.ui/examples/heap/permissions/threads/Plotter_inv_accessible1.key.proof
	at de.uka.ilkd.key.proof.runallproofs.proofcollection.TestFile.reloadProof(TestFile.java:314)
Caused by: de.uka.ilkd.key.proof.io.ProblemLoaderException: Error loading proof.
Line 105, goal 15, rule createdOnHeapImpliesCreatedOnPermissions not available or not applicable in this context.
	at de.uka.ilkd.key.proof.io.IntermediateProofReplayer.reportError(IntermediateProofReplayer.java:782)
Caused by: de.uka.ilkd.key.proof.io.IntermediateProofReplayer$TacletAppConstructionException: Unknown taclet with name "createdOnHeapImpliesCreatedOnPermissions"
	at de.uka.ilkd.key.proof.io.IntermediateProofReplayer.constructTacletApp(IntermediateProofReplayer.java:432)

441815     INFO  main            d.u.i.k.p.r.p.TestFile    Now processing file /home/runner/work/key/key/key.core/../key.ui/examples/heap/permissions/threads/Plotter_inv_accessible2.key 
441815     INFO  main            d.u.i.k.p.i.AbstractProblemLoader Loading environment from /home/runner/work/key/key/key.core/../key.ui/examples/heap/permissions/threads/Plotter_inv_accessible2.key 
441815     DEBUG main            d.u.i.k.p.i.AbstractProblemLoader Environment load took 104ns 
441816     INFO  main            d.u.i.k.p.i.AbstractProblemLoader Creating init config 
446332     DEBUG main            d.u.i.k.p.i.AbstractProblemLoader Init config took 4.52s 
446413     INFO  main            d.u.i.k.p.i.AbstractProblemLoader Replaying proof Plotter[java.lang.Object::<inv>()].JML accessible clause.1 
446415     DEBUG main            d.u.i.k.p.i.IntermediateProofReplayer Proof replay took 7.4ns 
446516     INFO  main            d.u.i.k.p.r.p.TestFile    ... finished proof: closed. 
446924     INFO  main            d.u.i.k.p.i.AbstractProblemLoader Loading environment from /home/runner/work/key/key/key.core/../key.ui/examples/heap/permissions/threads/Plotter_inv_accessible2.key.proof 
446924     DEBUG main            d.u.i.k.p.i.AbstractProblemLoader Environment load took 70.9ns 
446925     INFO  main            d.u.i.k.p.i.AbstractProblemLoader Creating init config 
451374     DEBUG main            d.u.i.k.p.i.AbstractProblemLoader Init config took 4.45s 
451456     INFO  main            d.u.i.k.p.i.AbstractProblemLoader Replaying proof Plotter[java.lang.Object::<inv>()].JML accessible clause.1 
451459     DEBUG main            d.u.i.k.p.i.IntermediateProofReplayer Proof replay took 1.49ms 
451459     WARN  main            d.u.i.k.p.r.p.TestFile    Replay exception de.uka.ilkd.key.proof.io.ProblemLoaderException: Error loading proof.
Line 105, goal 15, rule createdOnHeapImpliesCreatedOnPermissions not available or not applicable in this context.
	at de.uka.ilkd.key.proof.io.IntermediateProofReplayer.reportError(IntermediateProofReplayer.java:782)
Caused by: de.uka.ilkd.key.proof.io.IntermediateProofReplayer$TacletAppConstructionException: Unknown taclet with name "createdOnHeapImpliesCreatedOnPermissions"
	at de.uka.ilkd.key.proof.io.IntermediateProofReplayer.constructTacletApp(IntermediateProofReplayer.java:432)

451460     DEBUG main            d.u.i.k.p.r.p.TestFile    Exception java.lang.Exception: Exception while loading proof (see cause for details): /home/runner/work/key/key/key.core/../key.ui/examples/heap/permissions/threads/Plotter_inv_accessible2.key.proof
	at de.uka.ilkd.key.proof.runallproofs.proofcollection.TestFile.reloadProof(TestFile.java:314)
Caused by: de.uka.ilkd.key.proof.io.ProblemLoaderException: Error loading proof.
Line 105, goal 15, rule createdOnHeapImpliesCreatedOnPermissions not available or not applicable in this context.
	at de.uka.ilkd.key.proof.io.IntermediateProofReplayer.reportError(IntermediateProofReplayer.java:782)
Caused by: de.uka.ilkd.key.proof.io.IntermediateProofReplayer$TacletAppConstructionException: Unknown taclet with name "createdOnHeapImpliesCreatedOnPermissions"
	at de.uka.ilkd.key.proof.io.IntermediateProofReplayer.constructTacletApp(IntermediateProofReplayer.java:432)

451460     WARN  main            d.u.i.k.p.r.p.ForkedTestFileRunner Run failed java.lang.Exception: Exception while loading proof (see cause for details): /home/runner/work/key/key/key.core/../key.ui/examples/heap/permissions/threads/Plotter_inv_accessible2.key.proof
	at de.uka.ilkd.key.proof.runallproofs.proofcollection.TestFile.reloadProof(TestFile.java:314)
Caused by: de.uka.ilkd.key.proof.io.ProblemLoaderException: Error loading proof.
Line 105, goal 15, rule createdOnHeapImpliesCreatedOnPermissions not available or not applicable in this context.
	at de.uka.ilkd.key.proof.io.IntermediateProofReplayer.reportError(IntermediateProofReplayer.java:782)
Caused by: de.uka.ilkd.key.proof.io.IntermediateProofReplayer$TacletAppConstructionException: Unknown taclet with name "createdOnHeapImpliesCreatedOnPermissions"
	at de.uka.ilkd.key.proof.io.IntermediateProofReplayer.constructTacletApp(IntermediateProofReplayer.java:432)

451462     INFO  main            d.u.i.k.p.r.p.TestFile    Now processing file /home/runner/work/key/key/key.core/../key.ui/examples/heap/permissions/threads/Plotter_joinTransfer_contract.key 
451462     INFO  main            d.u.i.k.p.i.AbstractProblemLoader Loading environment from /home/runner/work/key/key/key.core/../key.ui/examples/heap/permissions/threads/Plotter_joinTransfer_contract.key 
451462     DEBUG main            d.u.i.k.p.i.AbstractProblemLoader Environment load took 55.9ns 
451465     INFO  main            d.u.i.k.p.i.AbstractProblemLoader Creating init config 
455975     DEBUG main            d.u.i.k.p.i.AbstractProblemLoader Init config took 4.51s 
456071     INFO  main            d.u.i.k.p.i.AbstractProblemLoader Replaying proof Plotter[ThreadSpec2::joinTransfer()].JML model_behavior operation contract.0 
456073     DEBUG main            d.u.i.k.p.i.IntermediateProofReplayer Proof replay took 7ns 
456174     INFO  main            d.u.i.k.p.r.p.TestFile    ... finished proof: closed. 
456602     INFO  main            d.u.i.k.p.i.AbstractProblemLoader Loading environment from /home/runner/work/key/key/key.core/../key.ui/examples/heap/permissions/threads/Plotter_joinTransfer_contract.key.proof 
456602     DEBUG main            d.u.i.k.p.i.AbstractProblemLoader Environment load took 82ns 
456603     INFO  main            d.u.i.k.p.i.AbstractProblemLoader Creating init config 
461050     DEBUG main            d.u.i.k.p.i.AbstractProblemLoader Init config took 4.45s 
461132     INFO  main            d.u.i.k.p.i.AbstractProblemLoader Replaying proof Plotter[ThreadSpec2::joinTransfer()].JML model_behavior operation contract.0 
461140     DEBUG main            d.u.i.k.p.i.IntermediateProofReplayer Proof replay took 6.92ms 
461140     WARN  main            d.u.i.k.p.r.p.TestFile    Replay exception de.uka.ilkd.key.proof.io.ProblemLoaderException: Error loading proof.
Line 114, goal 24, rule createdOnHeapImpliesCreatedOnPermissions not available or not applicable in this context.
	at de.uka.ilkd.key.proof.io.IntermediateProofReplayer.reportError(IntermediateProofReplayer.java:782)
Caused by: de.uka.ilkd.key.proof.io.IntermediateProofReplayer$TacletAppConstructionException: Unknown taclet with name "createdOnHeapImpliesCreatedOnPermissions"
	at de.uka.ilkd.key.proof.io.IntermediateProofReplayer.constructTacletApp(IntermediateProofReplayer.java:432)

461141     DEBUG main            d.u.i.k.p.r.p.TestFile    Exception java.lang.Exception: Exception while loading proof (see cause for details): /home/runner/work/key/key/key.core/../key.ui/examples/heap/permissions/threads/Plotter_joinTransfer_contract.key.proof
	at de.uka.ilkd.key.proof.runallproofs.proofcollection.TestFile.reloadProof(TestFile.java:314)
Caused by: de.uka.ilkd.key.proof.io.ProblemLoaderException: Error loading proof.
Line 114, goal 24, rule createdOnHeapImpliesCreatedOnPermissions not available or not applicable in this context.
	at de.uka.ilkd.key.proof.io.IntermediateProofReplayer.reportError(IntermediateProofReplayer.java:782)
Caused by: de.uka.ilkd.key.proof.io.IntermediateProofReplayer$TacletAppConstructionException: Unknown taclet with name "createdOnHeapImpliesCreatedOnPermissions"
	at de.uka.ilkd.key.proof.io.IntermediateProofReplayer.constructTacletApp(IntermediateProofReplayer.java:432)

461141     WARN  main            d.u.i.k.p.r.p.ForkedTestFileRunner Run failed java.lang.Exception: Exception while loading proof (see cause for details): /home/runner/work/key/key/key.core/../key.ui/examples/heap/permissions/threads/Plotter_joinTransfer_contract.key.proof
	at de.uka.ilkd.key.proof.runallproofs.proofcollection.TestFile.reloadProof(TestFile.java:314)
Caused by: de.uka.ilkd.key.proof.io.ProblemLoaderException: Error loading proof.
Line 114, goal 24, rule createdOnHeapImpliesCreatedOnPermissions not available or not applicable in this context.
	at de.uka.ilkd.key.proof.io.IntermediateProofReplayer.reportError(IntermediateProofReplayer.java:782)
Caused by: de.uka.ilkd.key.proof.io.IntermediateProofReplayer$TacletAppConstructionException: Unknown taclet with name "createdOnHeapImpliesCreatedOnPermissions"
	at de.uka.ilkd.key.proof.io.IntermediateProofReplayer.constructTacletApp(IntermediateProofReplayer.java:432)

461142     INFO  main            d.u.i.k.p.r.p.TestFile    Now processing file /home/runner/work/key/key/key.core/../key.ui/examples/heap/permissions/threads/Plotter_Plotter.key 
461143     INFO  main            d.u.i.k.p.i.AbstractProblemLoader Loading environment from /home/runner/work/key/key/key.core/../key.ui/examples/heap/permissions/threads/Plotter_Plotter.key 
461143     DEBUG main            d.u.i.k.p.i.AbstractProblemLoader Environment load took 63.6ns 
461143     INFO  main            d.u.i.k.p.i.AbstractProblemLoader Creating init config 
465662     DEBUG main            d.u.i.k.p.i.AbstractProblemLoader Init config took 4.52s 
465744     INFO  main            d.u.i.k.p.i.AbstractProblemLoader Replaying proof Plotter[Plotter::Plotter(AFilter,BFilter,Buffer)].JML normal_behavior operation contract.0 
465745     DEBUG main            d.u.i.k.p.i.IntermediateProofReplayer Proof replay took 6.4ns 
467480     INFO  main            d.u.i.k.p.r.p.TestFile    ... finished proof: closed. 
467919     INFO  main            d.u.i.k.p.i.AbstractProblemLoader Loading environment from /home/runner/work/key/key/key.core/../key.ui/examples/heap/permissions/threads/Plotter_Plotter.key.proof 
467919     DEBUG main            d.u.i.k.p.i.AbstractProblemLoader Environment load took 76.5ns 
467920     INFO  main            d.u.i.k.p.i.AbstractProblemLoader Creating init config 
472364     DEBUG main            d.u.i.k.p.i.AbstractProblemLoader Init config took 4.44s 
472447     INFO  main            d.u.i.k.p.i.AbstractProblemLoader Replaying proof Plotter[Plotter::Plotter(AFilter,BFilter,Buffer)].JML normal_behavior operation contract.0 
472465     DEBUG main            d.u.i.k.p.i.IntermediateProofReplayer Proof replay took 14.88ms 
472466     WARN  main            d.u.i.k.p.r.p.TestFile    Replay exception de.uka.ilkd.key.proof.io.ProblemLoaderException: Error loading proof.
Line 121, goal 32, rule Definition_axiom_for_stateInv_in_BFilter not available or not applicable in this context.
	at de.uka.ilkd.key.proof.io.IntermediateProofReplayer.reportError(IntermediateProofReplayer.java:782)
Caused by: java.lang.IndexOutOfBoundsException: Index: 1, Size: 1
	at java.base/java.util.LinkedList.checkElementIndex(LinkedList.java:559)

472466     WARN  main            d.u.i.k.p.r.p.TestFile    Replay exception de.uka.ilkd.key.proof.io.ProblemLoaderException: Error loading proof.
Line 142, goal 54, rule Definition_axiom_for_stateInv_in_AFilter not available or not applicable in this context.
	at de.uka.ilkd.key.proof.io.IntermediateProofReplayer.reportError(IntermediateProofReplayer.java:782)
Caused by: java.lang.IndexOutOfBoundsException: Index: 1, Size: 1
	at java.base/java.util.LinkedList.checkElementIndex(LinkedList.java:559)

472467     WARN  main            d.u.i.k.p.r.p.TestFile    Replay exception de.uka.ilkd.key.proof.io.ProblemLoaderException: Error loading proof.
Line 157, goal 70, rule Definition_axiom_for_stateInv_in_Sampler not available or not applicable in this context.
	at de.uka.ilkd.key.proof.io.IntermediateProofReplayer.reportError(IntermediateProofReplayer.java:782)
Caused by: java.lang.IndexOutOfBoundsException: Index: 1, Size: 1
	at java.base/java.util.LinkedList.checkElementIndex(LinkedList.java:559)

472467     WARN  main            d.u.i.k.p.r.p.TestFile    Replay exception de.uka.ilkd.key.proof.io.ProblemLoaderException: Error loading proof.
Line 200, goal 113, rule andLeft not available or not applicable in this context.
	at de.uka.ilkd.key.proof.io.IntermediateProofReplayer.reportError(IntermediateProofReplayer.java:782)
Caused by: de.uka.ilkd.key.proof.io.IntermediateProofReplayer$TacletAppConstructionException: Wrong position information: Term top level of not(equals(p_1,null))<<origin(<none> (implicit)) ([ensures @ file Plotter.java @ line 130, ensures @ file Plotter.java @ line 131, ensures @ file Plotter.java @ line 132, ensures @ file Plotter.java @ line 133, ensures @ file Plotter.java @ line 134, ensures (implicit), assignable (implicit)])>>
	at de.uka.ilkd.key.proof.io.IntermediateProofReplayer.constructTacletApp(IntermediateProofReplayer.java:460)
Caused by: java.lang.NullPointerException: null
	at de.uka.ilkd.key.proof.io.IntermediateProofReplayer.constructTacletApp(IntermediateProofReplayer.java:456)

472467     DEBUG main            d.u.i.k.p.r.p.TestFile    Exception java.lang.Exception: Exception while loading proof (see cause for details): /home/runner/work/key/key/key.core/../key.ui/examples/heap/permissions/threads/Plotter_Plotter.key.proof
	at de.uka.ilkd.key.proof.runallproofs.proofcollection.TestFile.reloadProof(TestFile.java:314)
Caused by: de.uka.ilkd.key.proof.io.ProblemLoaderException: Error loading proof.
Line 121, goal 32, rule Definition_axiom_for_stateInv_in_BFilter not available or not applicable in this context.
	at de.uka.ilkd.key.proof.io.IntermediateProofReplayer.reportError(IntermediateProofReplayer.java:782)
Caused by: java.lang.IndexOutOfBoundsException: Index: 1, Size: 1
	at java.base/java.util.LinkedList.checkElementIndex(LinkedList.java:559)

472468     WARN  main            d.u.i.k.p.r.p.ForkedTestFileRunner Run failed java.lang.Exception: Exception while loading proof (see cause for details): /home/runner/work/key/key/key.core/../key.ui/examples/heap/permissions/threads/Plotter_Plotter.key.proof
	at de.uka.ilkd.key.proof.runallproofs.proofcollection.TestFile.reloadProof(TestFile.java:314)
Caused by: de.uka.ilkd.key.proof.io.ProblemLoaderException: Error loading proof.
Line 121, goal 32, rule Definition_axiom_for_stateInv_in_BFilter not available or not applicable in this context.
	at de.uka.ilkd.key.proof.io.IntermediateProofReplayer.reportError(IntermediateProofReplayer.java:782)
Caused by: java.lang.IndexOutOfBoundsException: Index: 1, Size: 1
	at java.base/java.util.LinkedList.checkElementIndex(LinkedList.java:559)

472470     INFO  main            d.u.i.k.p.r.p.TestFile    Now processing file /home/runner/work/key/key/key.core/../key.ui/examples/heap/permissions/threads/Plotter_postJoin_accessible.key 
472470     INFO  main            d.u.i.k.p.i.AbstractProblemLoader Loading environment from /home/runner/work/key/key/key.core/../key.ui/examples/heap/permissions/threads/Plotter_postJoin_accessible.key 
472470     DEBUG main            d.u.i.k.p.i.AbstractProblemLoader Environment load took 66.6ns 
472471     INFO  main            d.u.i.k.p.i.AbstractProblemLoader Creating init config 
477015     DEBUG main            d.u.i.k.p.i.AbstractProblemLoader Init config took 4.54s 
477111     INFO  main            d.u.i.k.p.i.AbstractProblemLoader Replaying proof Plotter[ThreadSpec2::postJoin(java.lang.Object)].JML accessible clause.0 
477112     DEBUG main            d.u.i.k.p.i.IntermediateProofReplayer Proof replay took 6.9ns 
477213     INFO  main            d.u.i.k.p.r.p.TestFile    ... finished proof: closed. 
477633     INFO  main            d.u.i.k.p.i.AbstractProblemLoader Loading environment from /home/runner/work/key/key/key.core/../key.ui/examples/heap/permissions/threads/Plotter_postJoin_accessible.key.proof 
477633     DEBUG main            d.u.i.k.p.i.AbstractProblemLoader Environment load took 73.4ns 
477634     INFO  main            d.u.i.k.p.i.AbstractProblemLoader Creating init config 
482088     DEBUG main            d.u.i.k.p.i.AbstractProblemLoader Init config took 4.45s 
482170     INFO  main            d.u.i.k.p.i.AbstractProblemLoader Replaying proof Plotter[ThreadSpec2::postJoin(java.lang.Object)].JML accessible clause.0 
482174     DEBUG main            d.u.i.k.p.i.IntermediateProofReplayer Proof replay took 2.44ms 
482175     WARN  main            d.u.i.k.p.r.p.TestFile    Replay exception de.uka.ilkd.key.proof.io.ProblemLoaderException: Error loading proof.
Line 109, goal 19, rule createdOnHeapImpliesCreatedOnPermissions not available or not applicable in this context.
	at de.uka.ilkd.key.proof.io.IntermediateProofReplayer.reportError(IntermediateProofReplayer.java:782)
Caused by: de.uka.ilkd.key.proof.io.IntermediateProofReplayer$TacletAppConstructionException: Unknown taclet with name "createdOnHeapImpliesCreatedOnPermissions"
	at de.uka.ilkd.key.proof.io.IntermediateProofReplayer.constructTacletApp(IntermediateProofReplayer.java:432)

482175     DEBUG main            d.u.i.k.p.r.p.TestFile    Exception java.lang.Exception: Exception while loading proof (see cause for details): /home/runner/work/key/key/key.core/../key.ui/examples/heap/permissions/threads/Plotter_postJoin_accessible.key.proof
	at de.uka.ilkd.key.proof.runallproofs.proofcollection.TestFile.reloadProof(TestFile.java:314)
Caused by: de.uka.ilkd.key.proof.io.ProblemLoaderException: Error loading proof.
Line 109, goal 19, rule createdOnHeapImpliesCreatedOnPermissions not available or not applicable in this context.
	at de.uka.ilkd.key.proof.io.IntermediateProofReplayer.reportError(IntermediateProofReplayer.java:782)
Caused by: de.uka.ilkd.key.proof.io.IntermediateProofReplayer$TacletAppConstructionException: Unknown taclet with name "createdOnHeapImpliesCreatedOnPermissions"
	at de.uka.ilkd.key.proof.io.IntermediateProofReplayer.constructTacletApp(IntermediateProofReplayer.java:432)

482176     WARN  main            d.u.i.k.p.r.p.ForkedTestFileRunner Run failed java.lang.Exception: Exception while loading proof (see cause for details): /home/runner/work/key/key/key.core/../key.ui/examples/heap/permissions/threads/Plotter_postJoin_accessible.key.proof
	at de.uka.ilkd.key.proof.runallproofs.proofcollection.TestFile.reloadProof(TestFile.java:314)
Caused by: de.uka.ilkd.key.proof.io.ProblemLoaderException: Error loading proof.
Line 109, goal 19, rule createdOnHeapImpliesCreatedOnPermissions not available or not applicable in this context.
	at de.uka.ilkd.key.proof.io.IntermediateProofReplayer.reportError(IntermediateProofReplayer.java:782)
Caused by: de.uka.ilkd.key.proof.io.IntermediateProofReplayer$TacletAppConstructionException: Unknown taclet with name "createdOnHeapImpliesCreatedOnPermissions"
	at de.uka.ilkd.key.proof.io.IntermediateProofReplayer.constructTacletApp(IntermediateProofReplayer.java:432)

482178     INFO  main            d.u.i.k.p.r.p.TestFile    Now processing file /home/runner/work/key/key/key.core/../key.ui/examples/heap/permissions/threads/Plotter_preStart_accessible.key 
482178     INFO  main            d.u.i.k.p.i.AbstractProblemLoader Loading environment from /home/runner/work/key/key/key.core/../key.ui/examples/heap/permissions/threads/Plotter_preStart_accessible.key 
482178     DEBUG main            d.u.i.k.p.i.AbstractProblemLoader Environment load took 39.2ns 
482179     INFO  main            d.u.i.k.p.i.AbstractProblemLoader Creating init config 
486695     DEBUG main            d.u.i.k.p.i.AbstractProblemLoader Init config took 4.52s 
486776     INFO  main            d.u.i.k.p.i.AbstractProblemLoader Replaying proof Plotter[ThreadSpec2::preStart(java.lang.Object)].JML accessible clause.0 
486777     DEBUG main            d.u.i.k.p.i.IntermediateProofReplayer Proof replay took 6.5ns 
487781     INFO  main            d.u.i.k.p.r.p.TestFile    ... finished proof: closed. 
488217     INFO  main            d.u.i.k.p.i.AbstractProblemLoader Loading environment from /home/runner/work/key/key/key.core/../key.ui/examples/heap/permissions/threads/Plotter_preStart_accessible.key.proof 
488217     DEBUG main            d.u.i.k.p.i.AbstractProblemLoader Environment load took 71.9ns 
488218     INFO  main            d.u.i.k.p.i.AbstractProblemLoader Creating init config 
492658     DEBUG main            d.u.i.k.p.i.AbstractProblemLoader Init config took 4.44s 
492750     INFO  main            d.u.i.k.p.i.AbstractProblemLoader Replaying proof Plotter[ThreadSpec2::preStart(java.lang.Object)].JML accessible clause.0 
492755     DEBUG main            d.u.i.k.p.i.IntermediateProofReplayer Proof replay took 2.5ms 
492755     WARN  main            d.u.i.k.p.r.p.TestFile    Replay exception de.uka.ilkd.key.proof.io.ProblemLoaderException: Error loading proof.
Line 109, goal 19, rule createdOnHeapImpliesCreatedOnPermissions not available or not applicable in this context.
	at de.uka.ilkd.key.proof.io.IntermediateProofReplayer.reportError(IntermediateProofReplayer.java:782)
Caused by: de.uka.ilkd.key.proof.io.IntermediateProofReplayer$TacletAppConstructionException: Unknown taclet with name "createdOnHeapImpliesCreatedOnPermissions"
	at de.uka.ilkd.key.proof.io.IntermediateProofReplayer.constructTacletApp(IntermediateProofReplayer.java:432)

492756     DEBUG main            d.u.i.k.p.r.p.TestFile    Exception java.lang.Exception: Exception while loading proof (see cause for details): /home/runner/work/key/key/key.core/../key.ui/examples/heap/permissions/threads/Plotter_preStart_accessible.key.proof
	at de.uka.ilkd.key.proof.runallproofs.proofcollection.TestFile.reloadProof(TestFile.java:314)
Caused by: de.uka.ilkd.key.proof.io.ProblemLoaderException: Error loading proof.
Line 109, goal 19, rule createdOnHeapImpliesCreatedOnPermissions not available or not applicable in this context.
	at de.uka.ilkd.key.proof.io.IntermediateProofReplayer.reportError(IntermediateProofReplayer.java:782)
Caused by: de.uka.ilkd.key.proof.io.IntermediateProofReplayer$TacletAppConstructionException: Unknown taclet with name "createdOnHeapImpliesCreatedOnPermissions"
	at de.uka.ilkd.key.proof.io.IntermediateProofReplayer.constructTacletApp(IntermediateProofReplayer.java:432)

492756     WARN  main            d.u.i.k.p.r.p.ForkedTestFileRunner Run failed java.lang.Exception: Exception while loading proof (see cause for details): /home/runner/work/key/key/key.core/../key.ui/examples/heap/permissions/threads/Plotter_preStart_accessible.key.proof
	at de.uka.ilkd.key.proof.runallproofs.proofcollection.TestFile.reloadProof(TestFile.java:314)
Caused by: de.uka.ilkd.key.proof.io.ProblemLoaderException: Error loading proof.
Line 109, goal 19, rule createdOnHeapImpliesCreatedOnPermissions not available or not applicable in this context.
	at de.uka.ilkd.key.proof.io.IntermediateProofReplayer.reportError(IntermediateProofReplayer.java:782)
Caused by: de.uka.ilkd.key.proof.io.IntermediateProofReplayer$TacletAppConstructionException: Unknown taclet with name "createdOnHeapImpliesCreatedOnPermissions"
	at de.uka.ilkd.key.proof.io.IntermediateProofReplayer.constructTacletApp(IntermediateProofReplayer.java:432)

492758     INFO  main            d.u.i.k.p.r.p.TestFile    Now processing file /home/runner/work/key/key/key.core/../key.ui/examples/heap/permissions/threads/Plotter_stateInv_accessible.key 
492758     INFO  main            d.u.i.k.p.i.AbstractProblemLoader Loading environment from /home/runner/work/key/key/key.core/../key.ui/examples/heap/permissions/threads/Plotter_stateInv_accessible.key 
492758     DEBUG main            d.u.i.k.p.i.AbstractProblemLoader Environment load took 38.3ns 
492759     INFO  main            d.u.i.k.p.i.AbstractProblemLoader Creating init config 
497278     DEBUG main            d.u.i.k.p.i.AbstractProblemLoader Init config took 4.52s 
497359     INFO  main            d.u.i.k.p.i.AbstractProblemLoader Replaying proof Plotter[ThreadSpec2::stateInv()].JML accessible clause.0 
497360     DEBUG main            d.u.i.k.p.i.IntermediateProofReplayer Proof replay took 6.1ns 
504803     INFO  main            d.u.i.k.p.r.p.TestFile    ... finished proof: closed. 
505256     INFO  main            d.u.i.k.p.i.AbstractProblemLoader Loading environment from /home/runner/work/key/key/key.core/../key.ui/examples/heap/permissions/threads/Plotter_stateInv_accessible.key.proof 
505257     DEBUG main            d.u.i.k.p.i.AbstractProblemLoader Environment load took 78.9ns 
505258     INFO  main            d.u.i.k.p.i.AbstractProblemLoader Creating init config 
509726     DEBUG main            d.u.i.k.p.i.AbstractProblemLoader Init config took 4.47s 
509808     INFO  main            d.u.i.k.p.i.AbstractProblemLoader Replaying proof Plotter[ThreadSpec2::stateInv()].JML accessible clause.0 
509822     DEBUG main            d.u.i.k.p.i.IntermediateProofReplayer Proof replay took 3ms 
509823     WARN  main            d.u.i.k.p.r.p.TestFile    Replay exception de.uka.ilkd.key.proof.io.ProblemLoaderException: Error loading proof.
Line 103, goal 13, rule createdOnHeapImpliesCreatedOnPermissions not available or not applicable in this context.
	at de.uka.ilkd.key.proof.io.IntermediateProofReplayer.reportError(IntermediateProofReplayer.java:782)
Caused by: de.uka.ilkd.key.proof.io.IntermediateProofReplayer$TacletAppConstructionException: Unknown taclet with name "createdOnHeapImpliesCreatedOnPermissions"
	at de.uka.ilkd.key.proof.io.IntermediateProofReplayer.constructTacletApp(IntermediateProofReplayer.java:432)

509824     DEBUG main            d.u.i.k.p.r.p.TestFile    Exception java.lang.Exception: Exception while loading proof (see cause for details): /home/runner/work/key/key/key.core/../key.ui/examples/heap/permissions/threads/Plotter_stateInv_accessible.key.proof
	at de.uka.ilkd.key.proof.runallproofs.proofcollection.TestFile.reloadProof(TestFile.java:314)
Caused by: de.uka.ilkd.key.proof.io.ProblemLoaderException: Error loading proof.
Line 103, goal 13, rule createdOnHeapImpliesCreatedOnPermissions not available or not applicable in this context.
	at de.uka.ilkd.key.proof.io.IntermediateProofReplayer.reportError(IntermediateProofReplayer.java:782)
Caused by: de.uka.ilkd.key.proof.io.IntermediateProofReplayer$TacletAppConstructionException: Unknown taclet with name "createdOnHeapImpliesCreatedOnPermissions"
	at de.uka.ilkd.key.proof.io.IntermediateProofReplayer.constructTacletApp(IntermediateProofReplayer.java:432)

509824     WARN  main            d.u.i.k.p.r.p.ForkedTestFileRunner Run failed java.lang.Exception: Exception while loading proof (see cause for details): /home/runner/work/key/key/key.core/../key.ui/examples/heap/permissions/threads/Plotter_stateInv_accessible.key.proof
	at de.uka.ilkd.key.proof.runallproofs.proofcollection.TestFile.reloadProof(TestFile.java:314)
Caused by: de.uka.ilkd.key.proof.io.ProblemLoaderException: Error loading proof.
Line 103, goal 13, rule createdOnHeapImpliesCreatedOnPermissions not available or not applicable in this context.
	at de.uka.ilkd.key.proof.io.IntermediateProofReplayer.reportError(IntermediateProofReplayer.java:782)
Caused by: de.uka.ilkd.key.proof.io.IntermediateProofReplayer$TacletAppConstructionException: Unknown taclet with name "createdOnHeapImpliesCreatedOnPermissions"
	at de.uka.ilkd.key.proof.io.IntermediateProofReplayer.constructTacletApp(IntermediateProofReplayer.java:432)

509826     INFO  main            d.u.i.k.p.r.p.TestFile    Now processing file /home/runner/work/key/key/key.core/../key.ui/examples/heap/permissions/threads/Plotter_staticPermissions_accessible.key 
509826     INFO  main            d.u.i.k.p.i.AbstractProblemLoader Loading environment from /home/runner/work/key/key/key.core/../key.ui/examples/heap/permissions/threads/Plotter_staticPermissions_accessible.key 
509826     DEBUG main            d.u.i.k.p.i.AbstractProblemLoader Environment load took 63.2ns 
509827     INFO  main            d.u.i.k.p.i.AbstractProblemLoader Creating init config 
514370     DEBUG main            d.u.i.k.p.i.AbstractProblemLoader Init config took 4.54s 
514459     INFO  main            d.u.i.k.p.i.AbstractProblemLoader Replaying proof Plotter[ThreadSpec2::staticPermissions()].JML accessible clause.0 
514461     DEBUG main            d.u.i.k.p.i.IntermediateProofReplayer Proof replay took 6.7ns 
515164     INFO  main            d.u.i.k.p.r.p.TestFile    ... finished proof: closed. 
515622     INFO  main            d.u.i.k.p.i.AbstractProblemLoader Loading environment from /home/runner/work/key/key/key.core/../key.ui/examples/heap/permissions/threads/Plotter_staticPermissions_accessible.key.proof 
515622     DEBUG main            d.u.i.k.p.i.AbstractProblemLoader Environment load took 84.7ns 
515623     INFO  main            d.u.i.k.p.i.AbstractProblemLoader Creating init config 
520076     DEBUG main            d.u.i.k.p.i.AbstractProblemLoader Init config took 4.45s 
520171     INFO  main            d.u.i.k.p.i.AbstractProblemLoader Replaying proof Plotter[ThreadSpec2::staticPermissions()].JML accessible clause.0 
520175     DEBUG main            d.u.i.k.p.i.IntermediateProofReplayer Proof replay took 2.02ms 
520175     WARN  main            d.u.i.k.p.r.p.TestFile    Replay exception de.uka.ilkd.key.proof.io.ProblemLoaderException: Error loading proof.
Line 104, goal 14, rule createdOnHeapImpliesCreatedOnPermissions not available or not applicable in this context.
	at de.uka.ilkd.key.proof.io.IntermediateProofReplayer.reportError(IntermediateProofReplayer.java:782)
Caused by: de.uka.ilkd.key.proof.io.IntermediateProofReplayer$TacletAppConstructionException: Unknown taclet with name "createdOnHeapImpliesCreatedOnPermissions"
	at de.uka.ilkd.key.proof.io.IntermediateProofReplayer.constructTacletApp(IntermediateProofReplayer.java:432)

520176     DEBUG main            d.u.i.k.p.r.p.TestFile    Exception java.lang.Exception: Exception while loading proof (see cause for details): /home/runner/work/key/key/key.core/../key.ui/examples/heap/permissions/threads/Plotter_staticPermissions_accessible.key.proof
	at de.uka.ilkd.key.proof.runallproofs.proofcollection.TestFile.reloadProof(TestFile.java:314)
Caused by: de.uka.ilkd.key.proof.io.ProblemLoaderException: Error loading proof.
Line 104, goal 14, rule createdOnHeapImpliesCreatedOnPermissions not available or not applicable in this context.
	at de.uka.ilkd.key.proof.io.IntermediateProofReplayer.reportError(IntermediateProofReplayer.java:782)
Caused by: de.uka.ilkd.key.proof.io.IntermediateProofReplayer$TacletAppConstructionException: Unknown taclet with name "createdOnHeapImpliesCreatedOnPermissions"
	at de.uka.ilkd.key.proof.io.IntermediateProofReplayer.constructTacletApp(IntermediateProofReplayer.java:432)

520176     WARN  main            d.u.i.k.p.r.p.ForkedTestFileRunner Run failed java.lang.Exception: Exception while loading proof (see cause for details): /home/runner/work/key/key/key.core/../key.ui/examples/heap/permissions/threads/Plotter_staticPermissions_accessible.key.proof
	at de.uka.ilkd.key.proof.runallproofs.proofcollection.TestFile.reloadProof(TestFile.java:314)
Caused by: de.uka.ilkd.key.proof.io.ProblemLoaderException: Error loading proof.
Line 104, goal 14, rule createdOnHeapImpliesCreatedOnPermissions not available or not applicable in this context.
	at de.uka.ilkd.key.proof.io.IntermediateProofReplayer.reportError(IntermediateProofReplayer.java:782)
Caused by: de.uka.ilkd.key.proof.io.IntermediateProofReplayer$TacletAppConstructionException: Unknown taclet with name "createdOnHeapImpliesCreatedOnPermissions"
	at de.uka.ilkd.key.proof.io.IntermediateProofReplayer.constructTacletApp(IntermediateProofReplayer.java:432)

520178     INFO  main            d.u.i.k.p.r.p.TestFile    Now processing file /home/runner/work/key/key/key.core/../key.ui/examples/heap/permissions/threads/Plotter_workingPermissions_accessible.key 
520178     INFO  main            d.u.i.k.p.i.AbstractProblemLoader Loading environment from /home/runner/work/key/key/key.core/../key.ui/examples/heap/permissions/threads/Plotter_workingPermissions_accessible.key 
520178     DEBUG main            d.u.i.k.p.i.AbstractProblemLoader Environment load took 66.1ns 
520179     INFO  main            d.u.i.k.p.i.AbstractProblemLoader Creating init config 
524697     DEBUG main            d.u.i.k.p.i.AbstractProblemLoader Init config took 4.52s 
524782     INFO  main            d.u.i.k.p.i.AbstractProblemLoader Replaying proof Plotter[ThreadSpec2::workingPermissions()].JML accessible clause.0 
524783     DEBUG main            d.u.i.k.p.i.IntermediateProofReplayer Proof replay took 7.2ns 
524985     INFO  main            d.u.i.k.p.r.p.TestFile    ... finished proof: closed. 
525442     INFO  main            d.u.i.k.p.i.AbstractProblemLoader Loading environment from /home/runner/work/key/key/key.core/../key.ui/examples/heap/permissions/threads/Plotter_workingPermissions_accessible.key.proof 
525442     DEBUG main            d.u.i.k.p.i.AbstractProblemLoader Environment load took 66.5ns 
525443     INFO  main            d.u.i.k.p.i.AbstractProblemLoader Creating init config 
529880     DEBUG main            d.u.i.k.p.i.AbstractProblemLoader Init config took 4.44s 
529972     INFO  main            d.u.i.k.p.i.AbstractProblemLoader Replaying proof Plotter[ThreadSpec2::workingPermissions()].JML accessible clause.0 
529976     DEBUG main            d.u.i.k.p.i.IntermediateProofReplayer Proof replay took 1.95ms 
529976     WARN  main            d.u.i.k.p.r.p.TestFile    Replay exception de.uka.ilkd.key.proof.io.ProblemLoaderException: Error loading proof.
Line 104, goal 14, rule createdOnHeapImpliesCreatedOnPermissions not available or not applicable in this context.
	at de.uka.ilkd.key.proof.io.IntermediateProofReplayer.reportError(IntermediateProofReplayer.java:782)
Caused by: de.uka.ilkd.key.proof.io.IntermediateProofReplayer$TacletAppConstructionException: Unknown taclet with name "createdOnHeapImpliesCreatedOnPermissions"
	at de.uka.ilkd.key.proof.io.IntermediateProofReplayer.constructTacletApp(IntermediateProofReplayer.java:432)

529977     DEBUG main            d.u.i.k.p.r.p.TestFile    Exception java.lang.Exception: Exception while loading proof (see cause for details): /home/runner/work/key/key/key.core/../key.ui/examples/heap/permissions/threads/Plotter_workingPermissions_accessible.key.proof
	at de.uka.ilkd.key.proof.runallproofs.proofcollection.TestFile.reloadProof(TestFile.java:314)
Caused by: de.uka.ilkd.key.proof.io.ProblemLoaderException: Error loading proof.
Line 104, goal 14, rule createdOnHeapImpliesCreatedOnPermissions not available or not applicable in this context.
	at de.uka.ilkd.key.proof.io.IntermediateProofReplayer.reportError(IntermediateProofReplayer.java:782)
Caused by: de.uka.ilkd.key.proof.io.IntermediateProofReplayer$TacletAppConstructionException: Unknown taclet with name "createdOnHeapImpliesCreatedOnPermissions"
	at de.uka.ilkd.key.proof.io.IntermediateProofReplayer.constructTacletApp(IntermediateProofReplayer.java:432)

529977     WARN  main            d.u.i.k.p.r.p.ForkedTestFileRunner Run failed java.lang.Exception: Exception while loading proof (see cause for details): /home/runner/work/key/key/key.core/../key.ui/examples/heap/permissions/threads/Plotter_workingPermissions_accessible.key.proof
	at de.uka.ilkd.key.proof.runallproofs.proofcollection.TestFile.reloadProof(TestFile.java:314)
Caused by: de.uka.ilkd.key.proof.io.ProblemLoaderException: Error loading proof.
Line 104, goal 14, rule createdOnHeapImpliesCreatedOnPermissions not available or not applicable in this context.
	at de.uka.ilkd.key.proof.io.IntermediateProofReplayer.reportError(IntermediateProofReplayer.java:782)
Caused by: de.uka.ilkd.key.proof.io.IntermediateProofReplayer$TacletAppConstructionException: Unknown taclet with name "createdOnHeapImpliesCreatedOnPermissions"
	at de.uka.ilkd.key.proof.io.IntermediateProofReplayer.constructTacletApp(IntermediateProofReplayer.java:432)

529979     INFO  main            d.u.i.k.p.r.p.TestFile    Now processing file /home/runner/work/key/key/key.core/../key.ui/examples/heap/permissions/threads/Sampler_initPost_accessible.key 
529979     INFO  main            d.u.i.k.p.i.AbstractProblemLoader Loading environment from /home/runner/work/key/key/key.core/../key.ui/examples/heap/permissions/threads/Sampler_initPost_accessible.key 
529979     DEBUG main            d.u.i.k.p.i.AbstractProblemLoader Environment load took 37.1ns 
529979     INFO  main            d.u.i.k.p.i.AbstractProblemLoader Creating init config 
534488     DEBUG main            d.u.i.k.p.i.AbstractProblemLoader Init config took 4.51s 
534569     INFO  main            d.u.i.k.p.i.AbstractProblemLoader Replaying proof Sampler[ThreadSpec2::initPost()].JML accessible clause.0 
534571     DEBUG main            d.u.i.k.p.i.IntermediateProofReplayer Proof replay took 6.6ns 
534672     INFO  main            d.u.i.k.p.r.p.TestFile    ... finished proof: closed. 
535130     INFO  main            d.u.i.k.p.i.AbstractProblemLoader Loading environment from /home/runner/work/key/key/key.core/../key.ui/examples/heap/permissions/threads/Sampler_initPost_accessible.key.proof 
535130     DEBUG main            d.u.i.k.p.i.AbstractProblemLoader Environment load took 70.3ns 
535130     INFO  main            d.u.i.k.p.i.AbstractProblemLoader Creating init config 
539567     DEBUG main            d.u.i.k.p.i.AbstractProblemLoader Init config took 4.44s 
539660     INFO  main            d.u.i.k.p.i.AbstractProblemLoader Replaying proof Sampler[ThreadSpec2::initPost()].JML accessible clause.0 
539663     DEBUG main            d.u.i.k.p.i.IntermediateProofReplayer Proof replay took 1.83ms 
539664     WARN  main            d.u.i.k.p.r.p.TestFile    Replay exception de.uka.ilkd.key.proof.io.ProblemLoaderException: Error loading proof.
Line 103, goal 13, rule createdOnHeapImpliesCreatedOnPermissions not available or not applicable in this context.
	at de.uka.ilkd.key.proof.io.IntermediateProofReplayer.reportError(IntermediateProofReplayer.java:782)
Caused by: de.uka.ilkd.key.proof.io.IntermediateProofReplayer$TacletAppConstructionException: Unknown taclet with name "createdOnHeapImpliesCreatedOnPermissions"
	at de.uka.ilkd.key.proof.io.IntermediateProofReplayer.constructTacletApp(IntermediateProofReplayer.java:432)

539664     DEBUG main            d.u.i.k.p.r.p.TestFile    Exception java.lang.Exception: Exception while loading proof (see cause for details): /home/runner/work/key/key/key.core/../key.ui/examples/heap/permissions/threads/Sampler_initPost_accessible.key.proof
	at de.uka.ilkd.key.proof.runallproofs.proofcollection.TestFile.reloadProof(TestFile.java:314)
Caused by: de.uka.ilkd.key.proof.io.ProblemLoaderException: Error loading proof.
Line 103, goal 13, rule createdOnHeapImpliesCreatedOnPermissions not available or not applicable in this context.
	at de.uka.ilkd.key.proof.io.IntermediateProofReplayer.reportError(IntermediateProofReplayer.java:782)
Caused by: de.uka.ilkd.key.proof.io.IntermediateProofReplayer$TacletAppConstructionException: Unknown taclet with name "createdOnHeapImpliesCreatedOnPermissions"
	at de.uka.ilkd.key.proof.io.IntermediateProofReplayer.constructTacletApp(IntermediateProofReplayer.java:432)

539664     WARN  main            d.u.i.k.p.r.p.ForkedTestFileRunner Run failed java.lang.Exception: Exception while loading proof (see cause for details): /home/runner/work/key/key/key.core/../key.ui/examples/heap/permissions/threads/Sampler_initPost_accessible.key.proof
	at de.uka.ilkd.key.proof.runallproofs.proofcollection.TestFile.reloadProof(TestFile.java:314)
Caused by: de.uka.ilkd.key.proof.io.ProblemLoaderException: Error loading proof.
Line 103, goal 13, rule createdOnHeapImpliesCreatedOnPermissions not available or not applicable in this context.
	at de.uka.ilkd.key.proof.io.IntermediateProofReplayer.reportError(IntermediateProofReplayer.java:782)
Caused by: de.uka.ilkd.key.proof.io.IntermediateProofReplayer$TacletAppConstructionException: Unknown taclet with name "createdOnHeapImpliesCreatedOnPermissions"
	at de.uka.ilkd.key.proof.io.IntermediateProofReplayer.constructTacletApp(IntermediateProofReplayer.java:432)

539666     INFO  main            d.u.i.k.p.r.p.TestFile    Now processing file /home/runner/work/key/key/key.core/../key.ui/examples/heap/permissions/threads/Sampler_inv_accessible1.key 
539666     INFO  main            d.u.i.k.p.i.AbstractProblemLoader Loading environment from /home/runner/work/key/key/key.core/../key.ui/examples/heap/permissions/threads/Sampler_inv_accessible1.key 
539666     DEBUG main            d.u.i.k.p.i.AbstractProblemLoader Environment load took 37.5ns 
539667     INFO  main            d.u.i.k.p.i.AbstractProblemLoader Creating init config 
544164     DEBUG main            d.u.i.k.p.i.AbstractProblemLoader Init config took 4.5s 
544245     INFO  main            d.u.i.k.p.i.AbstractProblemLoader Replaying proof Sampler[java.lang.Object::<inv>()].JML accessible clause.0 
544246     DEBUG main            d.u.i.k.p.i.IntermediateProofReplayer Proof replay took 7.2ns 
544347     INFO  main            d.u.i.k.p.r.p.TestFile    ... finished proof: closed. 
544808     INFO  main            d.u.i.k.p.i.AbstractProblemLoader Loading environment from /home/runner/work/key/key/key.core/../key.ui/examples/heap/permissions/threads/Sampler_inv_accessible1.key.proof 
544808     DEBUG main            d.u.i.k.p.i.AbstractProblemLoader Environment load took 67.8ns 
544809     INFO  main            d.u.i.k.p.i.AbstractProblemLoader Creating init config 
549252     DEBUG main            d.u.i.k.p.i.AbstractProblemLoader Init config took 4.44s 
549333     INFO  main            d.u.i.k.p.i.AbstractProblemLoader Replaying proof Sampler[java.lang.Object::<inv>()].JML accessible clause.0 
549335     DEBUG main            d.u.i.k.p.i.IntermediateProofReplayer Proof replay took 1.42ms 
549336     WARN  main            d.u.i.k.p.r.p.TestFile    Replay exception de.uka.ilkd.key.proof.io.ProblemLoaderException: Error loading proof.
Line 105, goal 15, rule createdOnHeapImpliesCreatedOnPermissions not available or not applicable in this context.
	at de.uka.ilkd.key.proof.io.IntermediateProofReplayer.reportError(IntermediateProofReplayer.java:782)
Caused by: de.uka.ilkd.key.proof.io.IntermediateProofReplayer$TacletAppConstructionException: Unknown taclet with name "createdOnHeapImpliesCreatedOnPermissions"
	at de.uka.ilkd.key.proof.io.IntermediateProofReplayer.constructTacletApp(IntermediateProofReplayer.java:432)

549336     DEBUG main            d.u.i.k.p.r.p.TestFile    Exception java.lang.Exception: Exception while loading proof (see cause for details): /home/runner/work/key/key/key.core/../key.ui/examples/heap/permissions/threads/Sampler_inv_accessible1.key.proof
	at de.uka.ilkd.key.proof.runallproofs.proofcollection.TestFile.reloadProof(TestFile.java:314)
Caused by: de.uka.ilkd.key.proof.io.ProblemLoaderException: Error loading proof.
Line 105, goal 15, rule createdOnHeapImpliesCreatedOnPermissions not available or not applicable in this context.
	at de.uka.ilkd.key.proof.io.IntermediateProofReplayer.reportError(IntermediateProofReplayer.java:782)
Caused by: de.uka.ilkd.key.proof.io.IntermediateProofReplayer$TacletAppConstructionException: Unknown taclet with name "createdOnHeapImpliesCreatedOnPermissions"
	at de.uka.ilkd.key.proof.io.IntermediateProofReplayer.constructTacletApp(IntermediateProofReplayer.java:432)

549336     WARN  main            d.u.i.k.p.r.p.ForkedTestFileRunner Run failed java.lang.Exception: Exception while loading proof (see cause for details): /home/runner/work/key/key/key.core/../key.ui/examples/heap/permissions/threads/Sampler_inv_accessible1.key.proof
	at de.uka.ilkd.key.proof.runallproofs.proofcollection.TestFile.reloadProof(TestFile.java:314)
Caused by: de.uka.ilkd.key.proof.io.ProblemLoaderException: Error loading proof.
Line 105, goal 15, rule createdOnHeapImpliesCreatedOnPermissions not available or not applicable in this context.
	at de.uka.ilkd.key.proof.io.IntermediateProofReplayer.reportError(IntermediateProofReplayer.java:782)
Caused by: de.uka.ilkd.key.proof.io.IntermediateProofReplayer$TacletAppConstructionException: Unknown taclet with name "createdOnHeapImpliesCreatedOnPermissions"
	at de.uka.ilkd.key.proof.io.IntermediateProofReplayer.constructTacletApp(IntermediateProofReplayer.java:432)

549338     INFO  main            d.u.i.k.p.r.p.TestFile    Now processing file /home/runner/work/key/key/key.core/../key.ui/examples/heap/permissions/threads/Sampler_inv_accessible2.key 
549338     INFO  main            d.u.i.k.p.i.AbstractProblemLoader Loading environment from /home/runner/work/key/key/key.core/../key.ui/examples/heap/permissions/threads/Sampler_inv_accessible2.key 
549338     DEBUG main            d.u.i.k.p.i.AbstractProblemLoader Environment load took 36ns 
549339     INFO  main            d.u.i.k.p.i.AbstractProblemLoader Creating init config 
553839     DEBUG main            d.u.i.k.p.i.AbstractProblemLoader Init config took 4.5s 
553920     INFO  main            d.u.i.k.p.i.AbstractProblemLoader Replaying proof Sampler[java.lang.Object::<inv>()].JML accessible clause.1 
553921     DEBUG main            d.u.i.k.p.i.IntermediateProofReplayer Proof replay took 7.4ns 
554022     INFO  main            d.u.i.k.p.r.p.TestFile    ... finished proof: closed. 
554490     INFO  main            d.u.i.k.p.i.AbstractProblemLoader Loading environment from /home/runner/work/key/key/key.core/../key.ui/examples/heap/permissions/threads/Sampler_inv_accessible2.key.proof 
554490     DEBUG main            d.u.i.k.p.i.AbstractProblemLoader Environment load took 65.5ns 
554490     INFO  main            d.u.i.k.p.i.AbstractProblemLoader Creating init config 
558929     DEBUG main            d.u.i.k.p.i.AbstractProblemLoader Init config took 4.44s 
559009     INFO  main            d.u.i.k.p.i.AbstractProblemLoader Replaying proof Sampler[java.lang.Object::<inv>()].JML accessible clause.1 
559013     DEBUG main            d.u.i.k.p.i.IntermediateProofReplayer Proof replay took 2.9ms 
559014     WARN  main            d.u.i.k.p.r.p.TestFile    Replay exception de.uka.ilkd.key.proof.io.ProblemLoaderException: Error loading proof.
Line 105, goal 15, rule createdOnHeapImpliesCreatedOnPermissions not available or not applicable in this context.
	at de.uka.ilkd.key.proof.io.IntermediateProofReplayer.reportError(IntermediateProofReplayer.java:782)
Caused by: de.uka.ilkd.key.proof.io.IntermediateProofReplayer$TacletAppConstructionException: Unknown taclet with name "createdOnHeapImpliesCreatedOnPermissions"
	at de.uka.ilkd.key.proof.io.IntermediateProofReplayer.constructTacletApp(IntermediateProofReplayer.java:432)

559014     DEBUG main            d.u.i.k.p.r.p.TestFile    Exception java.lang.Exception: Exception while loading proof (see cause for details): /home/runner/work/key/key/key.core/../key.ui/examples/heap/permissions/threads/Sampler_inv_accessible2.key.proof
	at de.uka.ilkd.key.proof.runallproofs.proofcollection.TestFile.reloadProof(TestFile.java:314)
Caused by: de.uka.ilkd.key.proof.io.ProblemLoaderException: Error loading proof.
Line 105, goal 15, rule createdOnHeapImpliesCreatedOnPermissions not available or not applicable in this context.
	at de.uka.ilkd.key.proof.io.IntermediateProofReplayer.reportError(IntermediateProofReplayer.java:782)
Caused by: de.uka.ilkd.key.proof.io.IntermediateProofReplayer$TacletAppConstructionException: Unknown taclet with name "createdOnHeapImpliesCreatedOnPermissions"
	at de.uka.ilkd.key.proof.io.IntermediateProofReplayer.constructTacletApp(IntermediateProofReplayer.java:432)

559015     WARN  main            d.u.i.k.p.r.p.ForkedTestFileRunner Run failed java.lang.Exception: Exception while loading proof (see cause for details): /home/runner/work/key/key/key.core/../key.ui/examples/heap/permissions/threads/Sampler_inv_accessible2.key.proof
	at de.uka.ilkd.key.proof.runallproofs.proofcollection.TestFile.reloadProof(TestFile.java:314)
Caused by: de.uka.ilkd.key.proof.io.ProblemLoaderException: Error loading proof.
Line 105, goal 15, rule createdOnHeapImpliesCreatedOnPermissions not available or not applicable in this context.
	at de.uka.ilkd.key.proof.io.IntermediateProofReplayer.reportError(IntermediateProofReplayer.java:782)
Caused by: de.uka.ilkd.key.proof.io.IntermediateProofReplayer$TacletAppConstructionException: Unknown taclet with name "createdOnHeapImpliesCreatedOnPermissions"
	at de.uka.ilkd.key.proof.io.IntermediateProofReplayer.constructTacletApp(IntermediateProofReplayer.java:432)

559016     INFO  main            d.u.i.k.p.r.p.TestFile    Now processing file /home/runner/work/key/key/key.core/../key.ui/examples/heap/permissions/threads/Sampler_joinTransfer_accessible.key 
559017     INFO  main            d.u.i.k.p.i.AbstractProblemLoader Loading environment from /home/runner/work/key/key/key.core/../key.ui/examples/heap/permissions/threads/Sampler_joinTransfer_accessible.key 
559017     DEBUG main            d.u.i.k.p.i.AbstractProblemLoader Environment load took 66.1ns 
559017     INFO  main            d.u.i.k.p.i.AbstractProblemLoader Creating init config 
563518     DEBUG main            d.u.i.k.p.i.AbstractProblemLoader Init config took 4.5s 
563613     INFO  main            d.u.i.k.p.i.AbstractProblemLoader Replaying proof Sampler[ThreadSpec2::joinTransfer()].JML accessible clause.0 
563614     DEBUG main            d.u.i.k.p.i.IntermediateProofReplayer Proof replay took 6.4ns 
567021     INFO  main            d.u.i.k.p.r.p.TestFile    ... finished proof: closed. 
567505     INFO  main            d.u.i.k.p.i.AbstractProblemLoader Loading environment from /home/runner/work/key/key/key.core/../key.ui/examples/heap/permissions/threads/Sampler_joinTransfer_accessible.key.proof 
567505     DEBUG main            d.u.i.k.p.i.AbstractProblemLoader Environment load took 70.5ns 
567506     INFO  main            d.u.i.k.p.i.AbstractProblemLoader Creating init config 
571947     DEBUG main            d.u.i.k.p.i.AbstractProblemLoader Init config took 4.44s 
572030     INFO  main            d.u.i.k.p.i.AbstractProblemLoader Replaying proof Sampler[ThreadSpec2::joinTransfer()].JML accessible clause.0 
572042     DEBUG main            d.u.i.k.p.i.IntermediateProofReplayer Proof replay took 3.66ms 
572043     WARN  main            d.u.i.k.p.r.p.TestFile    Replay exception de.uka.ilkd.key.proof.io.ProblemLoaderException: Error loading proof.
Line 112, goal 22, rule createdOnHeapImpliesCreatedOnPermissions not available or not applicable in this context.
	at de.uka.ilkd.key.proof.io.IntermediateProofReplayer.reportError(IntermediateProofReplayer.java:782)
Caused by: de.uka.ilkd.key.proof.io.IntermediateProofReplayer$TacletAppConstructionException: Unknown taclet with name "createdOnHeapImpliesCreatedOnPermissions"
	at de.uka.ilkd.key.proof.io.IntermediateProofReplayer.constructTacletApp(IntermediateProofReplayer.java:432)

572043     DEBUG main            d.u.i.k.p.r.p.TestFile    Exception java.lang.Exception: Exception while loading proof (see cause for details): /home/runner/work/key/key/key.core/../key.ui/examples/heap/permissions/threads/Sampler_joinTransfer_accessible.key.proof
	at de.uka.ilkd.key.proof.runallproofs.proofcollection.TestFile.reloadProof(TestFile.java:314)
Caused by: de.uka.ilkd.key.proof.io.ProblemLoaderException: Error loading proof.
Line 112, goal 22, rule createdOnHeapImpliesCreatedOnPermissions not available or not applicable in this context.
	at de.uka.ilkd.key.proof.io.IntermediateProofReplayer.reportError(IntermediateProofReplayer.java:782)
Caused by: de.uka.ilkd.key.proof.io.IntermediateProofReplayer$TacletAppConstructionException: Unknown taclet with name "createdOnHeapImpliesCreatedOnPermissions"
	at de.uka.ilkd.key.proof.io.IntermediateProofReplayer.constructTacletApp(IntermediateProofReplayer.java:432)

572044     WARN  main            d.u.i.k.p.r.p.ForkedTestFileRunner Run failed java.lang.Exception: Exception while loading proof (see cause for details): /home/runner/work/key/key/key.core/../key.ui/examples/heap/permissions/threads/Sampler_joinTransfer_accessible.key.proof
	at de.uka.ilkd.key.proof.runallproofs.proofcollection.TestFile.reloadProof(TestFile.java:314)
Caused by: de.uka.ilkd.key.proof.io.ProblemLoaderException: Error loading proof.
Line 112, goal 22, rule createdOnHeapImpliesCreatedOnPermissions not available or not applicable in this context.
	at de.uka.ilkd.key.proof.io.IntermediateProofReplayer.reportError(IntermediateProofReplayer.java:782)
Caused by: de.uka.ilkd.key.proof.io.IntermediateProofReplayer$TacletAppConstructionException: Unknown taclet with name "createdOnHeapImpliesCreatedOnPermissions"
	at de.uka.ilkd.key.proof.io.IntermediateProofReplayer.constructTacletApp(IntermediateProofReplayer.java:432)

572045     INFO  main            d.u.i.k.p.r.p.TestFile    Now processing file /home/runner/work/key/key/key.core/../key.ui/examples/heap/permissions/threads/Sampler_joinTransfer_contract.key 
572045     INFO  main            d.u.i.k.p.i.AbstractProblemLoader Loading environment from /home/runner/work/key/key/key.core/../key.ui/examples/heap/permissions/threads/Sampler_joinTransfer_contract.key 
572045     DEBUG main            d.u.i.k.p.i.AbstractProblemLoader Environment load took 38.1ns 
572046     INFO  main            d.u.i.k.p.i.AbstractProblemLoader Creating init config 
576550     DEBUG main            d.u.i.k.p.i.AbstractProblemLoader Init config took 4.5s 
576645     INFO  main            d.u.i.k.p.i.AbstractProblemLoader Replaying proof Sampler[ThreadSpec2::joinTransfer()].JML model_behavior operation contract.0 
576647     DEBUG main            d.u.i.k.p.i.IntermediateProofReplayer Proof replay took 5.7ns 
576748     INFO  main            d.u.i.k.p.r.p.TestFile    ... finished proof: closed. 
577226     INFO  main            d.u.i.k.p.i.AbstractProblemLoader Loading environment from /home/runner/work/key/key/key.core/../key.ui/examples/heap/permissions/threads/Sampler_joinTransfer_contract.key.proof 
577226     DEBUG main            d.u.i.k.p.i.AbstractProblemLoader Environment load took 61.9ns 
577227     INFO  main            d.u.i.k.p.i.AbstractProblemLoader Creating init config 
581664     DEBUG main            d.u.i.k.p.i.AbstractProblemLoader Init config took 4.44s 
581745     INFO  main            d.u.i.k.p.i.AbstractProblemLoader Replaying proof Sampler[ThreadSpec2::joinTransfer()].JML model_behavior operation contract.0 
581751     DEBUG main            d.u.i.k.p.i.IntermediateProofReplayer Proof replay took 5.54ms 
581752     WARN  main            d.u.i.k.p.r.p.TestFile    Replay exception de.uka.ilkd.key.proof.io.ProblemLoaderException: Error loading proof.
Line 110, goal 20, rule createdOnHeapImpliesCreatedOnPermissions not available or not applicable in this context.
	at de.uka.ilkd.key.proof.io.IntermediateProofReplayer.reportError(IntermediateProofReplayer.java:782)
Caused by: de.uka.ilkd.key.proof.io.IntermediateProofReplayer$TacletAppConstructionException: Unknown taclet with name "createdOnHeapImpliesCreatedOnPermissions"
	at de.uka.ilkd.key.proof.io.IntermediateProofReplayer.constructTacletApp(IntermediateProofReplayer.java:432)

581752     DEBUG main            d.u.i.k.p.r.p.TestFile    Exception java.lang.Exception: Exception while loading proof (see cause for details): /home/runner/work/key/key/key.core/../key.ui/examples/heap/permissions/threads/Sampler_joinTransfer_contract.key.proof
	at de.uka.ilkd.key.proof.runallproofs.proofcollection.TestFile.reloadProof(TestFile.java:314)
Caused by: de.uka.ilkd.key.proof.io.ProblemLoaderException: Error loading proof.
Line 110, goal 20, rule createdOnHeapImpliesCreatedOnPermissions not available or not applicable in this context.
	at de.uka.ilkd.key.proof.io.IntermediateProofReplayer.reportError(IntermediateProofReplayer.java:782)
Caused by: de.uka.ilkd.key.proof.io.IntermediateProofReplayer$TacletAppConstructionException: Unknown taclet with name "createdOnHeapImpliesCreatedOnPermissions"
	at de.uka.ilkd.key.proof.io.IntermediateProofReplayer.constructTacletApp(IntermediateProofReplayer.java:432)

581752     WARN  main            d.u.i.k.p.r.p.ForkedTestFileRunner Run failed java.lang.Exception: Exception while loading proof (see cause for details): /home/runner/work/key/key/key.core/../key.ui/examples/heap/permissions/threads/Sampler_joinTransfer_contract.key.proof
	at de.uka.ilkd.key.proof.runallproofs.proofcollection.TestFile.reloadProof(TestFile.java:314)
Caused by: de.uka.ilkd.key.proof.io.ProblemLoaderException: Error loading proof.
Line 110, goal 20, rule createdOnHeapImpliesCreatedOnPermissions not available or not applicable in this context.
	at de.uka.ilkd.key.proof.io.IntermediateProofReplayer.reportError(IntermediateProofReplayer.java:782)
Caused by: de.uka.ilkd.key.proof.io.IntermediateProofReplayer$TacletAppConstructionException: Unknown taclet with name "createdOnHeapImpliesCreatedOnPermissions"
	at de.uka.ilkd.key.proof.io.IntermediateProofReplayer.constructTacletApp(IntermediateProofReplayer.java:432)

581754     INFO  main            d.u.i.k.p.r.p.TestFile    Now processing file /home/runner/work/key/key/key.core/../key.ui/examples/heap/permissions/threads/Sampler_postJoin_accessible.key 
581754     INFO  main            d.u.i.k.p.i.AbstractProblemLoader Loading environment from /home/runner/work/key/key/key.core/../key.ui/examples/heap/permissions/threads/Sampler_postJoin_accessible.key 
581754     DEBUG main            d.u.i.k.p.i.AbstractProblemLoader Environment load took 38.2ns 
581755     INFO  main            d.u.i.k.p.i.AbstractProblemLoader Creating init config 
586276     DEBUG main            d.u.i.k.p.i.AbstractProblemLoader Init config took 4.52s 
586358     INFO  main            d.u.i.k.p.i.AbstractProblemLoader Replaying proof Sampler[ThreadSpec2::postJoin(java.lang.Object)].JML accessible clause.0 
586359     DEBUG main            d.u.i.k.p.i.IntermediateProofReplayer Proof replay took 7.3ns 
586460     INFO  main            d.u.i.k.p.r.p.TestFile    ... finished proof: closed. 
586949     INFO  main            d.u.i.k.p.i.AbstractProblemLoader Loading environment from /home/runner/work/key/key/key.core/../key.ui/examples/heap/permissions/threads/Sampler_postJoin_accessible.key.proof 
586949     DEBUG main            d.u.i.k.p.i.AbstractProblemLoader Environment load took 63.2ns 
586950     INFO  main            d.u.i.k.p.i.AbstractProblemLoader Creating init config 
591372     DEBUG main            d.u.i.k.p.i.AbstractProblemLoader Init config took 4.42s 
591452     INFO  main            d.u.i.k.p.i.AbstractProblemLoader Replaying proof Sampler[ThreadSpec2::postJoin(java.lang.Object)].JML accessible clause.0 
591455     DEBUG main            d.u.i.k.p.i.IntermediateProofReplayer Proof replay took 2.34ms 
591456     WARN  main            d.u.i.k.p.r.p.TestFile    Replay exception de.uka.ilkd.key.proof.io.ProblemLoaderException: Error loading proof.
Line 109, goal 19, rule createdOnHeapImpliesCreatedOnPermissions not available or not applicable in this context.
	at de.uka.ilkd.key.proof.io.IntermediateProofReplayer.reportError(IntermediateProofReplayer.java:782)
Caused by: de.uka.ilkd.key.proof.io.IntermediateProofReplayer$TacletAppConstructionException: Unknown taclet with name "createdOnHeapImpliesCreatedOnPermissions"
	at de.uka.ilkd.key.proof.io.IntermediateProofReplayer.constructTacletApp(IntermediateProofReplayer.java:432)

591456     DEBUG main            d.u.i.k.p.r.p.TestFile    Exception java.lang.Exception: Exception while loading proof (see cause for details): /home/runner/work/key/key/key.core/../key.ui/examples/heap/permissions/threads/Sampler_postJoin_accessible.key.proof
	at de.uka.ilkd.key.proof.runallproofs.proofcollection.TestFile.reloadProof(TestFile.java:314)
Caused by: de.uka.ilkd.key.proof.io.ProblemLoaderException: Error loading proof.
Line 109, goal 19, rule createdOnHeapImpliesCreatedOnPermissions not available or not applicable in this context.
	at de.uka.ilkd.key.proof.io.IntermediateProofReplayer.reportError(IntermediateProofReplayer.java:782)
Caused by: de.uka.ilkd.key.proof.io.IntermediateProofReplayer$TacletAppConstructionException: Unknown taclet with name "createdOnHeapImpliesCreatedOnPermissions"
	at de.uka.ilkd.key.proof.io.IntermediateProofReplayer.constructTacletApp(IntermediateProofReplayer.java:432)

591457     WARN  main            d.u.i.k.p.r.p.ForkedTestFileRunner Run failed java.lang.Exception: Exception while loading proof (see cause for details): /home/runner/work/key/key/key.core/../key.ui/examples/heap/permissions/threads/Sampler_postJoin_accessible.key.proof
	at de.uka.ilkd.key.proof.runallproofs.proofcollection.TestFile.reloadProof(TestFile.java:314)
Caused by: de.uka.ilkd.key.proof.io.ProblemLoaderException: Error loading proof.
Line 109, goal 19, rule createdOnHeapImpliesCreatedOnPermissions not available or not applicable in this context.
	at de.uka.ilkd.key.proof.io.IntermediateProofReplayer.reportError(IntermediateProofReplayer.java:782)
Caused by: de.uka.ilkd.key.proof.io.IntermediateProofReplayer$TacletAppConstructionException: Unknown taclet with name "createdOnHeapImpliesCreatedOnPermissions"
	at de.uka.ilkd.key.proof.io.IntermediateProofReplayer.constructTacletApp(IntermediateProofReplayer.java:432)

591458     INFO  main            d.u.i.k.p.r.p.TestFile    Now processing file /home/runner/work/key/key/key.core/../key.ui/examples/heap/permissions/threads/Sampler_preStart_accessible.key 
591458     INFO  main            d.u.i.k.p.i.AbstractProblemLoader Loading environment from /home/runner/work/key/key/key.core/../key.ui/examples/heap/permissions/threads/Sampler_preStart_accessible.key 
591459     DEBUG main            d.u.i.k.p.i.AbstractProblemLoader Environment load took 55.7ns 
591459     INFO  main            d.u.i.k.p.i.AbstractProblemLoader Creating init config 
596030     DEBUG main            d.u.i.k.p.i.AbstractProblemLoader Init config took 4.57s 
596123     INFO  main            d.u.i.k.p.i.AbstractProblemLoader Replaying proof Sampler[ThreadSpec2::preStart(java.lang.Object)].JML accessible clause.0 
596124     DEBUG main            d.u.i.k.p.i.IntermediateProofReplayer Proof replay took 6.6ns 
596227     INFO  main            d.u.i.k.p.r.p.TestFile    ... finished proof: closed. 
596711     INFO  main            d.u.i.k.p.i.AbstractProblemLoader Loading environment from /home/runner/work/key/key/key.core/../key.ui/examples/heap/permissions/threads/Sampler_preStart_accessible.key.proof 
596711     DEBUG main            d.u.i.k.p.i.AbstractProblemLoader Environment load took 63.6ns 
596712     INFO  main            d.u.i.k.p.i.AbstractProblemLoader Creating init config 
601174     DEBUG main            d.u.i.k.p.i.AbstractProblemLoader Init config took 4.46s 
601253     INFO  main            d.u.i.k.p.i.AbstractProblemLoader Replaying proof Sampler[ThreadSpec2::preStart(java.lang.Object)].JML accessible clause.0 
601256     DEBUG main            d.u.i.k.p.i.IntermediateProofReplayer Proof replay took 2.36ms 
601257     WARN  main            d.u.i.k.p.r.p.TestFile    Replay exception de.uka.ilkd.key.proof.io.ProblemLoaderException: Error loading proof.
Line 109, goal 19, rule createdOnHeapImpliesCreatedOnPermissions not available or not applicable in this context.
	at de.uka.ilkd.key.proof.io.IntermediateProofReplayer.reportError(IntermediateProofReplayer.java:782)
Caused by: de.uka.ilkd.key.proof.io.IntermediateProofReplayer$TacletAppConstructionException: Unknown taclet with name "createdOnHeapImpliesCreatedOnPermissions"
	at de.uka.ilkd.key.proof.io.IntermediateProofReplayer.constructTacletApp(IntermediateProofReplayer.java:432)

601257     DEBUG main            d.u.i.k.p.r.p.TestFile    Exception java.lang.Exception: Exception while loading proof (see cause for details): /home/runner/work/key/key/key.core/../key.ui/examples/heap/permissions/threads/Sampler_preStart_accessible.key.proof
	at de.uka.ilkd.key.proof.runallproofs.proofcollection.TestFile.reloadProof(TestFile.java:314)
Caused by: de.uka.ilkd.key.proof.io.ProblemLoaderException: Error loading proof.
Line 109, goal 19, rule createdOnHeapImpliesCreatedOnPermissions not available or not applicable in this context.
	at de.uka.ilkd.key.proof.io.IntermediateProofReplayer.reportError(IntermediateProofReplayer.java:782)
Caused by: de.uka.ilkd.key.proof.io.IntermediateProofReplayer$TacletAppConstructionException: Unknown taclet with name "createdOnHeapImpliesCreatedOnPermissions"
	at de.uka.ilkd.key.proof.io.IntermediateProofReplayer.constructTacletApp(IntermediateProofReplayer.java:432)

601258     WARN  main            d.u.i.k.p.r.p.ForkedTestFileRunner Run failed java.lang.Exception: Exception while loading proof (see cause for details): /home/runner/work/key/key/key.core/../key.ui/examples/heap/permissions/threads/Sampler_preStart_accessible.key.proof
	at de.uka.ilkd.key.proof.runallproofs.proofcollection.TestFile.reloadProof(TestFile.java:314)
Caused by: de.uka.ilkd.key.proof.io.ProblemLoaderException: Error loading proof.
Line 109, goal 19, rule createdOnHeapImpliesCreatedOnPermissions not available or not applicable in this context.
	at de.uka.ilkd.key.proof.io.IntermediateProofReplayer.reportError(IntermediateProofReplayer.java:782)
Caused by: de.uka.ilkd.key.proof.io.IntermediateProofReplayer$TacletAppConstructionException: Unknown taclet with name "createdOnHeapImpliesCreatedOnPermissions"
	at de.uka.ilkd.key.proof.io.IntermediateProofReplayer.constructTacletApp(IntermediateProofReplayer.java:432)

601259     INFO  main            d.u.i.k.p.r.p.TestFile    Now processing file /home/runner/work/key/key/key.core/../key.ui/examples/heap/permissions/threads/Sampler_run.key 
601259     INFO  main            d.u.i.k.p.i.AbstractProblemLoader Loading environment from /home/runner/work/key/key/key.core/../key.ui/examples/heap/permissions/threads/Sampler_run.key 
601260     DEBUG main            d.u.i.k.p.i.AbstractProblemLoader Environment load took 133.2ns 
601260     INFO  main            d.u.i.k.p.i.AbstractProblemLoader Creating init config 
605787     DEBUG main            d.u.i.k.p.i.AbstractProblemLoader Init config took 4.53s 
605881     INFO  main            d.u.i.k.p.i.AbstractProblemLoader Replaying proof Sampler[ThreadSpec2::run()].JML normal_behavior operation contract.0 
605883     DEBUG main            d.u.i.k.p.i.IntermediateProofReplayer Proof replay took 6.6ns 
605984     INFO  main            d.u.i.k.p.r.p.TestFile    ... finished proof: closed. 
606497     INFO  main            d.u.i.k.p.i.AbstractProblemLoader Loading environment from /home/runner/work/key/key/key.core/../key.ui/examples/heap/permissions/threads/Sampler_run.key.proof 
606497     DEBUG main            d.u.i.k.p.i.AbstractProblemLoader Environment load took 64.3ns 
606498     INFO  main            d.u.i.k.p.i.AbstractProblemLoader Creating init config 
611102     DEBUG main            d.u.i.k.p.i.AbstractProblemLoader Init config took 4.6s 
611195     INFO  main            d.u.i.k.p.i.AbstractProblemLoader Replaying proof Sampler[ThreadSpec2::run()].JML normal_behavior operation contract.0 
611199     DEBUG main            d.u.i.k.p.i.IntermediateProofReplayer Proof replay took 2.25ms 
611199     WARN  main            d.u.i.k.p.r.p.TestFile    Replay exception de.uka.ilkd.key.proof.io.ProblemLoaderException: Error loading proof.
Line 105, goal 15, rule createdOnHeapImpliesCreatedOnPermissions not available or not applicable in this context.
	at de.uka.ilkd.key.proof.io.IntermediateProofReplayer.reportError(IntermediateProofReplayer.java:782)
Caused by: de.uka.ilkd.key.proof.io.IntermediateProofReplayer$TacletAppConstructionException: Unknown taclet with name "createdOnHeapImpliesCreatedOnPermissions"
	at de.uka.ilkd.key.proof.io.IntermediateProofReplayer.constructTacletApp(IntermediateProofReplayer.java:432)

611200     DEBUG main            d.u.i.k.p.r.p.TestFile    Exception java.lang.Exception: Exception while loading proof (see cause for details): /home/runner/work/key/key/key.core/../key.ui/examples/heap/permissions/threads/Sampler_run.key.proof
	at de.uka.ilkd.key.proof.runallproofs.proofcollection.TestFile.reloadProof(TestFile.java:314)
Caused by: de.uka.ilkd.key.proof.io.ProblemLoaderException: Error loading proof.
Line 105, goal 15, rule createdOnHeapImpliesCreatedOnPermissions not available or not applicable in this context.
	at de.uka.ilkd.key.proof.io.IntermediateProofReplayer.reportError(IntermediateProofReplayer.java:782)
Caused by: de.uka.ilkd.key.proof.io.IntermediateProofReplayer$TacletAppConstructionException: Unknown taclet with name "createdOnHeapImpliesCreatedOnPermissions"
	at de.uka.ilkd.key.proof.io.IntermediateProofReplayer.constructTacletApp(IntermediateProofReplayer.java:432)

611200     WARN  main            d.u.i.k.p.r.p.ForkedTestFileRunner Run failed java.lang.Exception: Exception while loading proof (see cause for details): /home/runner/work/key/key/key.core/../key.ui/examples/heap/permissions/threads/Sampler_run.key.proof
	at de.uka.ilkd.key.proof.runallproofs.proofcollection.TestFile.reloadProof(TestFile.java:314)
Caused by: de.uka.ilkd.key.proof.io.ProblemLoaderException: Error loading proof.
Line 105, goal 15, rule createdOnHeapImpliesCreatedOnPermissions not available or not applicable in this context.
	at de.uka.ilkd.key.proof.io.IntermediateProofReplayer.reportError(IntermediateProofReplayer.java:782)
Caused by: de.uka.ilkd.key.proof.io.IntermediateProofReplayer$TacletAppConstructionException: Unknown taclet with name "createdOnHeapImpliesCreatedOnPermissions"
	at de.uka.ilkd.key.proof.io.IntermediateProofReplayer.constructTacletApp(IntermediateProofReplayer.java:432)

611202     INFO  main            d.u.i.k.p.r.p.TestFile    Now processing file /home/runner/work/key/key/key.core/../key.ui/examples/heap/permissions/threads/Sampler_Sampler.key 
611202     INFO  main            d.u.i.k.p.i.AbstractProblemLoader Loading environment from /home/runner/work/key/key/key.core/../key.ui/examples/heap/permissions/threads/Sampler_Sampler.key 
611203     DEBUG main            d.u.i.k.p.i.AbstractProblemLoader Environment load took 126.3ns 
611203     INFO  main            d.u.i.k.p.i.AbstractProblemLoader Creating init config 
615923     DEBUG main            d.u.i.k.p.i.AbstractProblemLoader Init config took 4.72s 
616008     INFO  main            d.u.i.k.p.i.AbstractProblemLoader Replaying proof Sampler[Sampler::Sampler(Buffer)].JML normal_behavior operation contract.0 
616009     DEBUG main            d.u.i.k.p.i.IntermediateProofReplayer Proof replay took 6.7ns 
616612     INFO  main            d.u.i.k.p.r.p.TestFile    ... finished proof: closed. 
617113     INFO  main            d.u.i.k.p.i.AbstractProblemLoader Loading environment from /home/runner/work/key/key/key.core/../key.ui/examples/heap/permissions/threads/Sampler_Sampler.key.proof 
617113     DEBUG main            d.u.i.k.p.i.AbstractProblemLoader Environment load took 61.6ns 
617114     INFO  main            d.u.i.k.p.i.AbstractProblemLoader Creating init config 
621810     DEBUG main            d.u.i.k.p.i.AbstractProblemLoader Init config took 4.7s 
621900     INFO  main            d.u.i.k.p.i.AbstractProblemLoader Replaying proof Sampler[Sampler::Sampler(Buffer)].JML normal_behavior operation contract.0 
621914     DEBUG main            d.u.i.k.p.i.IntermediateProofReplayer Proof replay took 6.67ms 
621915     WARN  main            d.u.i.k.p.r.p.TestFile    Replay exception de.uka.ilkd.key.proof.io.ProblemLoaderException: Error loading proof.
Line 117, goal 27, rule andLeft not available or not applicable in this context.
	at de.uka.ilkd.key.proof.io.IntermediateProofReplayer.reportError(IntermediateProofReplayer.java:782)
Caused by: de.uka.ilkd.key.proof.io.IntermediateProofReplayer$TacletAppConstructionException: Wrong position information: Term top level of not(equals(s_1,null))<<origin(<none> (implicit)) ([ensures @ file Sampler.java @ line 42, ensures @ file Sampler.java @ line 43, ensures @ file Sampler.java @ line 44, ensures (implicit), assignable (implicit)])>>
	at de.uka.ilkd.key.proof.io.IntermediateProofReplayer.constructTacletApp(IntermediateProofReplayer.java:460)
Caused by: java.lang.NullPointerException: null
	at de.uka.ilkd.key.proof.io.IntermediateProofReplayer.constructTacletApp(IntermediateProofReplayer.java:456)

621915     DEBUG main            d.u.i.k.p.r.p.TestFile    Exception java.lang.Exception: Exception while loading proof (see cause for details): /home/runner/work/key/key/key.core/../key.ui/examples/heap/permissions/threads/Sampler_Sampler.key.proof
	at de.uka.ilkd.key.proof.runallproofs.proofcollection.TestFile.reloadProof(TestFile.java:314)
Caused by: de.uka.ilkd.key.proof.io.ProblemLoaderException: Error loading proof.
Line 117, goal 27, rule andLeft not available or not applicable in this context.
	at de.uka.ilkd.key.proof.io.IntermediateProofReplayer.reportError(IntermediateProofReplayer.java:782)
Caused by: de.uka.ilkd.key.proof.io.IntermediateProofReplayer$TacletAppConstructionException: Wrong position information: Term top level of not(equals(s_1,null))<<origin(<none> (implicit)) ([ensures @ file Sampler.java @ line 42, ensures @ file Sampler.java @ line 43, ensures @ file Sampler.java @ line 44, ensures (implicit), assignable (implicit)])>>
	at de.uka.ilkd.key.proof.io.IntermediateProofReplayer.constructTacletApp(IntermediateProofReplayer.java:460)
Caused by: java.lang.NullPointerException: null
	at de.uka.ilkd.key.proof.io.IntermediateProofReplayer.constructTacletApp(IntermediateProofReplayer.java:456)

621916     WARN  main            d.u.i.k.p.r.p.ForkedTestFileRunner Run failed java.lang.Exception: Exception while loading proof (see cause for details): /home/runner/work/key/key/key.core/../key.ui/examples/heap/permissions/threads/Sampler_Sampler.key.proof
	at de.uka.ilkd.key.proof.runallproofs.proofcollection.TestFile.reloadProof(TestFile.java:314)
Caused by: de.uka.ilkd.key.proof.io.ProblemLoaderException: Error loading proof.
Line 117, goal 27, rule andLeft not available or not applicable in this context.
	at de.uka.ilkd.key.proof.io.IntermediateProofReplayer.reportError(IntermediateProofReplayer.java:782)
Caused by: de.uka.ilkd.key.proof.io.IntermediateProofReplayer$TacletAppConstructionException: Wrong position information: Term top level of not(equals(s_1,null))<<origin(<none> (implicit)) ([ensures @ file Sampler.java @ line 42, ensures @ file Sampler.java @ line 43, ensures @ file Sampler.java @ line 44, ensures (implicit), assignable (implicit)])>>
	at de.uka.ilkd.key.proof.io.IntermediateProofReplayer.constructTacletApp(IntermediateProofReplayer.java:460)
Caused by: java.lang.NullPointerException: null
	at de.uka.ilkd.key.proof.io.IntermediateProofReplayer.constructTacletApp(IntermediateProofReplayer.java:456)

621917     INFO  main            d.u.i.k.p.r.p.TestFile    Now processing file /home/runner/work/key/key/key.core/../key.ui/examples/heap/permissions/threads/Sampler_startTransfer_accessible.key 
621917     INFO  main            d.u.i.k.p.i.AbstractProblemLoader Loading environment from /home/runner/work/key/key/key.core/../key.ui/examples/heap/permissions/threads/Sampler_startTransfer_accessible.key 
621917     DEBUG main            d.u.i.k.p.i.AbstractProblemLoader Environment load took 57.9ns 
621918     INFO  main            d.u.i.k.p.i.AbstractProblemLoader Creating init config 
626661     DEBUG main            d.u.i.k.p.i.AbstractProblemLoader Init config took 4.74s 
626741     INFO  main            d.u.i.k.p.i.AbstractProblemLoader Replaying proof Sampler[ThreadSpec2::startTransfer()].JML accessible clause.0 
626742     DEBUG main            d.u.i.k.p.i.IntermediateProofReplayer Proof replay took 6.2ns 
631066     INFO  main            d.u.i.k.p.r.p.TestFile    ... finished proof: closed. 
631577     INFO  main            d.u.i.k.p.i.AbstractProblemLoader Loading environment from /home/runner/work/key/key/key.core/../key.ui/examples/heap/permissions/threads/Sampler_startTransfer_accessible.key.proof 
631577     DEBUG main            d.u.i.k.p.i.AbstractProblemLoader Environment load took 261.9ns 
631578     INFO  main            d.u.i.k.p.i.AbstractProblemLoader Creating init config 
636259     DEBUG main            d.u.i.k.p.i.AbstractProblemLoader Init config took 4.68s 
636353     INFO  main            d.u.i.k.p.i.AbstractProblemLoader Replaying proof Sampler[ThreadSpec2::startTransfer()].JML accessible clause.0 
636365     DEBUG main            d.u.i.k.p.i.IntermediateProofReplayer Proof replay took 3.69ms 
636366     WARN  main            d.u.i.k.p.r.p.TestFile    Replay exception de.uka.ilkd.key.proof.io.ProblemLoaderException: Error loading proof.
Line 112, goal 22, rule createdOnHeapImpliesCreatedOnPermissions not available or not applicable in this context.
	at de.uka.ilkd.key.proof.io.IntermediateProofReplayer.reportError(IntermediateProofReplayer.java:782)
Caused by: de.uka.ilkd.key.proof.io.IntermediateProofReplayer$TacletAppConstructionException: Unknown taclet with name "createdOnHeapImpliesCreatedOnPermissions"
	at de.uka.ilkd.key.proof.io.IntermediateProofReplayer.constructTacletApp(IntermediateProofReplayer.java:432)

636367     DEBUG main            d.u.i.k.p.r.p.TestFile    Exception java.lang.Exception: Exception while loading proof (see cause for details): /home/runner/work/key/key/key.core/../key.ui/examples/heap/permissions/threads/Sampler_startTransfer_accessible.key.proof
	at de.uka.ilkd.key.proof.runallproofs.proofcollection.TestFile.reloadProof(TestFile.java:314)
Caused by: de.uka.ilkd.key.proof.io.ProblemLoaderException: Error loading proof.
Line 112, goal 22, rule createdOnHeapImpliesCreatedOnPermissions not available or not applicable in this context.
	at de.uka.ilkd.key.proof.io.IntermediateProofReplayer.reportError(IntermediateProofReplayer.java:782)
Caused by: de.uka.ilkd.key.proof.io.IntermediateProofReplayer$TacletAppConstructionException: Unknown taclet with name "createdOnHeapImpliesCreatedOnPermissions"
	at de.uka.ilkd.key.proof.io.IntermediateProofReplayer.constructTacletApp(IntermediateProofReplayer.java:432)

636367     WARN  main            d.u.i.k.p.r.p.ForkedTestFileRunner Run failed java.lang.Exception: Exception while loading proof (see cause for details): /home/runner/work/key/key/key.core/../key.ui/examples/heap/permissions/threads/Sampler_startTransfer_accessible.key.proof
	at de.uka.ilkd.key.proof.runallproofs.proofcollection.TestFile.reloadProof(TestFile.java:314)
Caused by: de.uka.ilkd.key.proof.io.ProblemLoaderException: Error loading proof.
Line 112, goal 22, rule createdOnHeapImpliesCreatedOnPermissions not available or not applicable in this context.
	at de.uka.ilkd.key.proof.io.IntermediateProofReplayer.reportError(IntermediateProofReplayer.java:782)
Caused by: de.uka.ilkd.key.proof.io.IntermediateProofReplayer$TacletAppConstructionException: Unknown taclet with name "createdOnHeapImpliesCreatedOnPermissions"
	at de.uka.ilkd.key.proof.io.IntermediateProofReplayer.constructTacletApp(IntermediateProofReplayer.java:432)

636369     INFO  main            d.u.i.k.p.r.p.TestFile    Now processing file /home/runner/work/key/key/key.core/../key.ui/examples/heap/permissions/threads/Sampler_startTransfer_contract.key 
636369     INFO  main            d.u.i.k.p.i.AbstractProblemLoader Loading environment from /home/runner/work/key/key/key.core/../key.ui/examples/heap/permissions/threads/Sampler_startTransfer_contract.key 
636369     DEBUG main            d.u.i.k.p.i.AbstractProblemLoader Environment load took 58.8ns 
636370     INFO  main            d.u.i.k.p.i.AbstractProblemLoader Creating init config 
640867     DEBUG main            d.u.i.k.p.i.AbstractProblemLoader Init config took 4.5s 
640960     INFO  main            d.u.i.k.p.i.AbstractProblemLoader Replaying proof Sampler[ThreadSpec2::startTransfer()].JML model_behavior operation contract.0 
640962     DEBUG main            d.u.i.k.p.i.IntermediateProofReplayer Proof replay took 5.7ns 
641063     INFO  main            d.u.i.k.p.r.p.TestFile    ... finished proof: closed. 
641571     INFO  main            d.u.i.k.p.i.AbstractProblemLoader Loading environment from /home/runner/work/key/key/key.core/../key.ui/examples/heap/permissions/threads/Sampler_startTransfer_contract.key.proof 
641571     DEBUG main            d.u.i.k.p.i.AbstractProblemLoader Environment load took 59.5ns 
641572     INFO  main            d.u.i.k.p.i.AbstractProblemLoader Creating init config 
646007     DEBUG main            d.u.i.k.p.i.AbstractProblemLoader Init config took 4.44s 
646087     INFO  main            d.u.i.k.p.i.AbstractProblemLoader Replaying proof Sampler[ThreadSpec2::startTransfer()].JML model_behavior operation contract.0 
646094     DEBUG main            d.u.i.k.p.i.IntermediateProofReplayer Proof replay took 5.51ms 
646094     WARN  main            d.u.i.k.p.r.p.TestFile    Replay exception de.uka.ilkd.key.proof.io.ProblemLoaderException: Error loading proof.
Line 110, goal 20, rule createdOnHeapImpliesCreatedOnPermissions not available or not applicable in this context.
	at de.uka.ilkd.key.proof.io.IntermediateProofReplayer.reportError(IntermediateProofReplayer.java:782)
Caused by: de.uka.ilkd.key.proof.io.IntermediateProofReplayer$TacletAppConstructionException: Unknown taclet with name "createdOnHeapImpliesCreatedOnPermissions"
	at de.uka.ilkd.key.proof.io.IntermediateProofReplayer.constructTacletApp(IntermediateProofReplayer.java:432)

646095     DEBUG main            d.u.i.k.p.r.p.TestFile    Exception java.lang.Exception: Exception while loading proof (see cause for details): /home/runner/work/key/key/key.core/../key.ui/examples/heap/permissions/threads/Sampler_startTransfer_contract.key.proof
	at de.uka.ilkd.key.proof.runallproofs.proofcollection.TestFile.reloadProof(TestFile.java:314)
Caused by: de.uka.ilkd.key.proof.io.ProblemLoaderException: Error loading proof.
Line 110, goal 20, rule createdOnHeapImpliesCreatedOnPermissions not available or not applicable in this context.
	at de.uka.ilkd.key.proof.io.IntermediateProofReplayer.reportError(IntermediateProofReplayer.java:782)
Caused by: de.uka.ilkd.key.proof.io.IntermediateProofReplayer$TacletAppConstructionException: Unknown taclet with name "createdOnHeapImpliesCreatedOnPermissions"
	at de.uka.ilkd.key.proof.io.IntermediateProofReplayer.constructTacletApp(IntermediateProofReplayer.java:432)

646095     WARN  main            d.u.i.k.p.r.p.ForkedTestFileRunner Run failed java.lang.Exception: Exception while loading proof (see cause for details): /home/runner/work/key/key/key.core/../key.ui/examples/heap/permissions/threads/Sampler_startTransfer_contract.key.proof
	at de.uka.ilkd.key.proof.runallproofs.proofcollection.TestFile.reloadProof(TestFile.java:314)
Caused by: de.uka.ilkd.key.proof.io.ProblemLoaderException: Error loading proof.
Line 110, goal 20, rule createdOnHeapImpliesCreatedOnPermissions not available or not applicable in this context.
	at de.uka.ilkd.key.proof.io.IntermediateProofReplayer.reportError(IntermediateProofReplayer.java:782)
Caused by: de.uka.ilkd.key.proof.io.IntermediateProofReplayer$TacletAppConstructionException: Unknown taclet with name "createdOnHeapImpliesCreatedOnPermissions"
	at de.uka.ilkd.key.proof.io.IntermediateProofReplayer.constructTacletApp(IntermediateProofReplayer.java:432)

646097     INFO  main            d.u.i.k.p.r.p.TestFile    Now processing file /home/runner/work/key/key/key.core/../key.ui/examples/heap/permissions/threads/Sampler_stateInv_accessible.key 
646097     INFO  main            d.u.i.k.p.i.AbstractProblemLoader Loading environment from /home/runner/work/key/key/key.core/../key.ui/examples/heap/permissions/threads/Sampler_stateInv_accessible.key 
646097     DEBUG main            d.u.i.k.p.i.AbstractProblemLoader Environment load took 37ns 
646098     INFO  main            d.u.i.k.p.i.AbstractProblemLoader Creating init config 
650593     DEBUG main            d.u.i.k.p.i.AbstractProblemLoader Init config took 4.49s 
650673     INFO  main            d.u.i.k.p.i.AbstractProblemLoader Replaying proof Sampler[ThreadSpec2::stateInv()].JML accessible clause.0 
650674     DEBUG main            d.u.i.k.p.i.IntermediateProofReplayer Proof replay took 8.9ns 
650775     INFO  main            d.u.i.k.p.r.p.TestFile    ... finished proof: closed. 
651300     INFO  main            d.u.i.k.p.i.AbstractProblemLoader Loading environment from /home/runner/work/key/key/key.core/../key.ui/examples/heap/permissions/threads/Sampler_stateInv_accessible.key.proof 
651300     DEBUG main            d.u.i.k.p.i.AbstractProblemLoader Environment load took 61.6ns 
651300     INFO  main            d.u.i.k.p.i.AbstractProblemLoader Creating init config 
655767     DEBUG main            d.u.i.k.p.i.AbstractProblemLoader Init config took 4.47s 
655856     INFO  main            d.u.i.k.p.i.AbstractProblemLoader Replaying proof Sampler[ThreadSpec2::stateInv()].JML accessible clause.0 
655860     DEBUG main            d.u.i.k.p.i.IntermediateProofReplayer Proof replay took 1.85ms 
655860     WARN  main            d.u.i.k.p.r.p.TestFile    Replay exception de.uka.ilkd.key.proof.io.ProblemLoaderException: Error loading proof.
Line 103, goal 13, rule createdOnHeapImpliesCreatedOnPermissions not available or not applicable in this context.
	at de.uka.ilkd.key.proof.io.IntermediateProofReplayer.reportError(IntermediateProofReplayer.java:782)
Caused by: de.uka.ilkd.key.proof.io.IntermediateProofReplayer$TacletAppConstructionException: Unknown taclet with name "createdOnHeapImpliesCreatedOnPermissions"
	at de.uka.ilkd.key.proof.io.IntermediateProofReplayer.constructTacletApp(IntermediateProofReplayer.java:432)

655861     DEBUG main            d.u.i.k.p.r.p.TestFile    Exception java.lang.Exception: Exception while loading proof (see cause for details): /home/runner/work/key/key/key.core/../key.ui/examples/heap/permissions/threads/Sampler_stateInv_accessible.key.proof
	at de.uka.ilkd.key.proof.runallproofs.proofcollection.TestFile.reloadProof(TestFile.java:314)
Caused by: de.uka.ilkd.key.proof.io.ProblemLoaderException: Error loading proof.
Line 103, goal 13, rule createdOnHeapImpliesCreatedOnPermissions not available or not applicable in this context.
	at de.uka.ilkd.key.proof.io.IntermediateProofReplayer.reportError(IntermediateProofReplayer.java:782)
Caused by: de.uka.ilkd.key.proof.io.IntermediateProofReplayer$TacletAppConstructionException: Unknown taclet with name "createdOnHeapImpliesCreatedOnPermissions"
	at de.uka.ilkd.key.proof.io.IntermediateProofReplayer.constructTacletApp(IntermediateProofReplayer.java:432)

655861     WARN  main            d.u.i.k.p.r.p.ForkedTestFileRunner Run failed java.lang.Exception: Exception while loading proof (see cause for details): /home/runner/work/key/key/key.core/../key.ui/examples/heap/permissions/threads/Sampler_stateInv_accessible.key.proof
	at de.uka.ilkd.key.proof.runallproofs.proofcollection.TestFile.reloadProof(TestFile.java:314)
Caused by: de.uka.ilkd.key.proof.io.ProblemLoaderException: Error loading proof.
Line 103, goal 13, rule createdOnHeapImpliesCreatedOnPermissions not available or not applicable in this context.
	at de.uka.ilkd.key.proof.io.IntermediateProofReplayer.reportError(IntermediateProofReplayer.java:782)
Caused by: de.uka.ilkd.key.proof.io.IntermediateProofReplayer$TacletAppConstructionException: Unknown taclet with name "createdOnHeapImpliesCreatedOnPermissions"
	at de.uka.ilkd.key.proof.io.IntermediateProofReplayer.constructTacletApp(IntermediateProofReplayer.java:432)

655863     INFO  main            d.u.i.k.p.r.p.TestFile    Now processing file /home/runner/work/key/key/key.core/../key.ui/examples/heap/permissions/threads/Sampler_staticPermissions_accessible.key 
655863     INFO  main            d.u.i.k.p.i.AbstractProblemLoader Loading environment from /home/runner/work/key/key/key.core/../key.ui/examples/heap/permissions/threads/Sampler_staticPermissions_accessible.key 
655863     DEBUG main            d.u.i.k.p.i.AbstractProblemLoader Environment load took 37.7ns 
655864     INFO  main            d.u.i.k.p.i.AbstractProblemLoader Creating init config 
660356     DEBUG main            d.u.i.k.p.i.AbstractProblemLoader Init config took 4.49s 
660437     INFO  main            d.u.i.k.p.i.AbstractProblemLoader Replaying proof Sampler[ThreadSpec2::staticPermissions()].JML accessible clause.0 
660439     DEBUG main            d.u.i.k.p.i.IntermediateProofReplayer Proof replay took 5.5ns 
660540     INFO  main            d.u.i.k.p.r.p.TestFile    ... finished proof: closed. 
661062     INFO  main            d.u.i.k.p.i.AbstractProblemLoader Loading environment from /home/runner/work/key/key/key.core/../key.ui/examples/heap/permissions/threads/Sampler_staticPermissions_accessible.key.proof 
661063     DEBUG main            d.u.i.k.p.i.AbstractProblemLoader Environment load took 59.4ns 
661063     INFO  main            d.u.i.k.p.i.AbstractProblemLoader Creating init config 
665490     DEBUG main            d.u.i.k.p.i.AbstractProblemLoader Init config took 4.43s 
665570     INFO  main            d.u.i.k.p.i.AbstractProblemLoader Replaying proof Sampler[ThreadSpec2::staticPermissions()].JML accessible clause.0 
665573     DEBUG main            d.u.i.k.p.i.IntermediateProofReplayer Proof replay took 1.85ms 
665573     WARN  main            d.u.i.k.p.r.p.TestFile    Replay exception de.uka.ilkd.key.proof.io.ProblemLoaderException: Error loading proof.
Line 104, goal 14, rule createdOnHeapImpliesCreatedOnPermissions not available or not applicable in this context.
	at de.uka.ilkd.key.proof.io.IntermediateProofReplayer.reportError(IntermediateProofReplayer.java:782)
Caused by: de.uka.ilkd.key.proof.io.IntermediateProofReplayer$TacletAppConstructionException: Unknown taclet with name "createdOnHeapImpliesCreatedOnPermissions"
	at de.uka.ilkd.key.proof.io.IntermediateProofReplayer.constructTacletApp(IntermediateProofReplayer.java:432)

665574     DEBUG main            d.u.i.k.p.r.p.TestFile    Exception java.lang.Exception: Exception while loading proof (see cause for details): /home/runner/work/key/key/key.core/../key.ui/examples/heap/permissions/threads/Sampler_staticPermissions_accessible.key.proof
	at de.uka.ilkd.key.proof.runallproofs.proofcollection.TestFile.reloadProof(TestFile.java:314)
Caused by: de.uka.ilkd.key.proof.io.ProblemLoaderException: Error loading proof.
Line 104, goal 14, rule createdOnHeapImpliesCreatedOnPermissions not available or not applicable in this context.
	at de.uka.ilkd.key.proof.io.IntermediateProofReplayer.reportError(IntermediateProofReplayer.java:782)
Caused by: de.uka.ilkd.key.proof.io.IntermediateProofReplayer$TacletAppConstructionException: Unknown taclet with name "createdOnHeapImpliesCreatedOnPermissions"
	at de.uka.ilkd.key.proof.io.IntermediateProofReplayer.constructTacletApp(IntermediateProofReplayer.java:432)

665574     WARN  main            d.u.i.k.p.r.p.ForkedTestFileRunner Run failed java.lang.Exception: Exception while loading proof (see cause for details): /home/runner/work/key/key/key.core/../key.ui/examples/heap/permissions/threads/Sampler_staticPermissions_accessible.key.proof
	at de.uka.ilkd.key.proof.runallproofs.proofcollection.TestFile.reloadProof(TestFile.java:314)
Caused by: de.uka.ilkd.key.proof.io.ProblemLoaderException: Error loading proof.
Line 104, goal 14, rule createdOnHeapImpliesCreatedOnPermissions not available or not applicable in this context.
	at de.uka.ilkd.key.proof.io.IntermediateProofReplayer.reportError(IntermediateProofReplayer.java:782)
Caused by: de.uka.ilkd.key.proof.io.IntermediateProofReplayer$TacletAppConstructionException: Unknown taclet with name "createdOnHeapImpliesCreatedOnPermissions"
	at de.uka.ilkd.key.proof.io.IntermediateProofReplayer.constructTacletApp(IntermediateProofReplayer.java:432)

665575     INFO  main            d.u.i.k.p.r.p.TestFile    Now processing file /home/runner/work/key/key/key.core/../key.ui/examples/heap/permissions/threads/Sampler_workingPermissions_accessible.key 
665576     INFO  main            d.u.i.k.p.i.AbstractProblemLoader Loading environment from /home/runner/work/key/key/key.core/../key.ui/examples/heap/permissions/threads/Sampler_workingPermissions_accessible.key 
665576     DEBUG main            d.u.i.k.p.i.AbstractProblemLoader Environment load took 134.8ns 
665577     INFO  main            d.u.i.k.p.i.AbstractProblemLoader Creating init config 
670106     DEBUG main            d.u.i.k.p.i.AbstractProblemLoader Init config took 4.53s 
670186     INFO  main            d.u.i.k.p.i.AbstractProblemLoader Replaying proof Sampler[ThreadSpec2::workingPermissions()].JML accessible clause.0 
670188     DEBUG main            d.u.i.k.p.i.IntermediateProofReplayer Proof replay took 6.6ns 
670289     INFO  main            d.u.i.k.p.r.p.TestFile    ... finished proof: closed. 
670813     INFO  main            d.u.i.k.p.i.AbstractProblemLoader Loading environment from /home/runner/work/key/key/key.core/../key.ui/examples/heap/permissions/threads/Sampler_workingPermissions_accessible.key.proof 
670813     DEBUG main            d.u.i.k.p.i.AbstractProblemLoader Environment load took 74.9ns 
670814     INFO  main            d.u.i.k.p.i.AbstractProblemLoader Creating init config 
675243     DEBUG main            d.u.i.k.p.i.AbstractProblemLoader Init config took 4.43s 
675322     INFO  main            d.u.i.k.p.i.AbstractProblemLoader Replaying proof Sampler[ThreadSpec2::workingPermissions()].JML accessible clause.0 
675325     DEBUG main            d.u.i.k.p.i.IntermediateProofReplayer Proof replay took 1.81ms 
675325     WARN  main            d.u.i.k.p.r.p.TestFile    Replay exception de.uka.ilkd.key.proof.io.ProblemLoaderException: Error loading proof.
Line 104, goal 14, rule createdOnHeapImpliesCreatedOnPermissions not available or not applicable in this context.
	at de.uka.ilkd.key.proof.io.IntermediateProofReplayer.reportError(IntermediateProofReplayer.java:782)
Caused by: de.uka.ilkd.key.proof.io.IntermediateProofReplayer$TacletAppConstructionException: Unknown taclet with name "createdOnHeapImpliesCreatedOnPermissions"
	at de.uka.ilkd.key.proof.io.IntermediateProofReplayer.constructTacletApp(IntermediateProofReplayer.java:432)

675326     DEBUG main            d.u.i.k.p.r.p.TestFile    Exception java.lang.Exception: Exception while loading proof (see cause for details): /home/runner/work/key/key/key.core/../key.ui/examples/heap/permissions/threads/Sampler_workingPermissions_accessible.key.proof
	at de.uka.ilkd.key.proof.runallproofs.proofcollection.TestFile.reloadProof(TestFile.java:314)
Caused by: de.uka.ilkd.key.proof.io.ProblemLoaderException: Error loading proof.
Line 104, goal 14, rule createdOnHeapImpliesCreatedOnPermissions not available or not applicable in this context.
	at de.uka.ilkd.key.proof.io.IntermediateProofReplayer.reportError(IntermediateProofReplayer.java:782)
Caused by: de.uka.ilkd.key.proof.io.IntermediateProofReplayer$TacletAppConstructionException: Unknown taclet with name "createdOnHeapImpliesCreatedOnPermissions"
	at de.uka.ilkd.key.proof.io.IntermediateProofReplayer.constructTacletApp(IntermediateProofReplayer.java:432)

675326     WARN  main            d.u.i.k.p.r.p.ForkedTestFileRunner Run failed java.lang.Exception: Exception while loading proof (see cause for details): /home/runner/work/key/key/key.core/../key.ui/examples/heap/permissions/threads/Sampler_workingPermissions_accessible.key.proof
	at de.uka.ilkd.key.proof.runallproofs.proofcollection.TestFile.reloadProof(TestFile.java:314)
Caused by: de.uka.ilkd.key.proof.io.ProblemLoaderException: Error loading proof.
Line 104, goal 14, rule createdOnHeapImpliesCreatedOnPermissions not available or not applicable in this context.
	at de.uka.ilkd.key.proof.io.IntermediateProofReplayer.reportError(IntermediateProofReplayer.java:782)
Caused by: de.uka.ilkd.key.proof.io.IntermediateProofReplayer$TacletAppConstructionException: Unknown taclet with name "createdOnHeapImpliesCreatedOnPermissions"
	at de.uka.ilkd.key.proof.io.IntermediateProofReplayer.constructTacletApp(IntermediateProofReplayer.java:432)

675327     INFO  main            d.u.i.k.p.r.p.TestFile    Now processing file /home/runner/work/key/key/key.core/../key.ui/examples/heap/permissions/mulleretal/ReadWrite_doRead_contract.key 
675328     INFO  main            d.u.i.k.p.i.AbstractProblemLoader Loading environment from /home/runner/work/key/key/key.core/../key.ui/examples/heap/permissions/mulleretal/ReadWrite_doRead_contract.key 
675328     DEBUG main            d.u.i.k.p.i.AbstractProblemLoader Environment load took 48.2ns 
675328     INFO  main            d.u.i.k.p.i.AbstractProblemLoader Creating init config 
677881     DEBUG main            d.u.i.k.p.i.AbstractProblemLoader Init config took 2.55s 
677913     INFO  main            d.u.i.k.p.i.AbstractProblemLoader Replaying proof ReadWrite[ReadWrite::doRead()].JML normal_behavior operation contract.0 
677915     DEBUG main            d.u.i.k.p.i.IntermediateProofReplayer Proof replay took 6.5ns 
679420     INFO  main            d.u.i.k.p.r.p.TestFile    ... finished proof: closed. 
679990     INFO  main            d.u.i.k.p.i.AbstractProblemLoader Loading environment from /home/runner/work/key/key/key.core/../key.ui/examples/heap/permissions/mulleretal/ReadWrite_doRead_contract.key.proof 
679991     DEBUG main            d.u.i.k.p.i.AbstractProblemLoader Environment load took 613.2ns 
679992     INFO  main            d.u.i.k.p.i.AbstractProblemLoader Creating init config 
682488     DEBUG main            d.u.i.k.p.i.AbstractProblemLoader Init config took 2.5s 
682519     INFO  main            d.u.i.k.p.i.AbstractProblemLoader Replaying proof ReadWrite[ReadWrite::doRead()].JML normal_behavior operation contract.0 
682526     DEBUG main            d.u.i.k.p.i.IntermediateProofReplayer Proof replay took 2.2ms 
682526     WARN  main            d.u.i.k.p.r.p.TestFile    Replay exception de.uka.ilkd.key.proof.io.ProblemLoaderException: Error loading proof.
Line 106, goal 15, rule createdOnHeapImpliesCreatedOnPermissions not available or not applicable in this context.
	at de.uka.ilkd.key.proof.io.IntermediateProofReplayer.reportError(IntermediateProofReplayer.java:782)
Caused by: de.uka.ilkd.key.proof.io.IntermediateProofReplayer$TacletAppConstructionException: Unknown taclet with name "createdOnHeapImpliesCreatedOnPermissions"
	at de.uka.ilkd.key.proof.io.IntermediateProofReplayer.constructTacletApp(IntermediateProofReplayer.java:432)

682527     DEBUG main            d.u.i.k.p.r.p.TestFile    Exception java.lang.Exception: Exception while loading proof (see cause for details): /home/runner/work/key/key/key.core/../key.ui/examples/heap/permissions/mulleretal/ReadWrite_doRead_contract.key.proof
	at de.uka.ilkd.key.proof.runallproofs.proofcollection.TestFile.reloadProof(TestFile.java:314)
Caused by: de.uka.ilkd.key.proof.io.ProblemLoaderException: Error loading proof.
Line 106, goal 15, rule createdOnHeapImpliesCreatedOnPermissions not available or not applicable in this context.
	at de.uka.ilkd.key.proof.io.IntermediateProofReplayer.reportError(IntermediateProofReplayer.java:782)
Caused by: de.uka.ilkd.key.proof.io.IntermediateProofReplayer$TacletAppConstructionException: Unknown taclet with name "createdOnHeapImpliesCreatedOnPermissions"
	at de.uka.ilkd.key.proof.io.IntermediateProofReplayer.constructTacletApp(IntermediateProofReplayer.java:432)

682527     WARN  main            d.u.i.k.p.r.p.ForkedTestFileRunner Run failed java.lang.Exception: Exception while loading proof (see cause for details): /home/runner/work/key/key/key.core/../key.ui/examples/heap/permissions/mulleretal/ReadWrite_doRead_contract.key.proof
	at de.uka.ilkd.key.proof.runallproofs.proofcollection.TestFile.reloadProof(TestFile.java:314)
Caused by: de.uka.ilkd.key.proof.io.ProblemLoaderException: Error loading proof.
Line 106, goal 15, rule createdOnHeapImpliesCreatedOnPermissions not available or not applicable in this context.
	at de.uka.ilkd.key.proof.io.IntermediateProofReplayer.reportError(IntermediateProofReplayer.java:782)
Caused by: de.uka.ilkd.key.proof.io.IntermediateProofReplayer$TacletAppConstructionException: Unknown taclet with name "createdOnHeapImpliesCreatedOnPermissions"
	at de.uka.ilkd.key.proof.io.IntermediateProofReplayer.constructTacletApp(IntermediateProofReplayer.java:432)

682528     INFO  main            d.u.i.k.p.r.p.TestFile    Now processing file /home/runner/work/key/key/key.core/../key.ui/examples/heap/permissions/mulleretal/ReadWrite_doWrite_contract.key 
682528     INFO  main            d.u.i.k.p.i.AbstractProblemLoader Loading environment from /home/runner/work/key/key/key.core/../key.ui/examples/heap/permissions/mulleretal/ReadWrite_doWrite_contract.key 
682528     DEBUG main            d.u.i.k.p.i.AbstractProblemLoader Environment load took 37.5ns 
682529     INFO  main            d.u.i.k.p.i.AbstractProblemLoader Creating init config 
685056     DEBUG main            d.u.i.k.p.i.AbstractProblemLoader Init config took 2.53s 
685088     INFO  main            d.u.i.k.p.i.AbstractProblemLoader Replaying proof ReadWrite[ReadWrite::doWrite()].JML normal_behavior operation contract.0 
685089     DEBUG main            d.u.i.k.p.i.IntermediateProofReplayer Proof replay took 6.3ns 
686693     INFO  main            d.u.i.k.p.r.p.TestFile    ... finished proof: closed. 
687265     INFO  main            d.u.i.k.p.i.AbstractProblemLoader Loading environment from /home/runner/work/key/key/key.core/../key.ui/examples/heap/permissions/mulleretal/ReadWrite_doWrite_contract.key.proof 
687265     DEBUG main            d.u.i.k.p.i.AbstractProblemLoader Environment load took 62.5ns 
687266     INFO  main            d.u.i.k.p.i.AbstractProblemLoader Creating init config 
689753     DEBUG main            d.u.i.k.p.i.AbstractProblemLoader Init config took 2.49s 
689785     INFO  main            d.u.i.k.p.i.AbstractProblemLoader Replaying proof ReadWrite[ReadWrite::doWrite()].JML normal_behavior operation contract.0 
689793     DEBUG main            d.u.i.k.p.i.IntermediateProofReplayer Proof replay took 2.38ms 
689793     WARN  main            d.u.i.k.p.r.p.TestFile    Replay exception de.uka.ilkd.key.proof.io.ProblemLoaderException: Error loading proof.
Line 106, goal 15, rule createdOnHeapImpliesCreatedOnPermissions not available or not applicable in this context.
	at de.uka.ilkd.key.proof.io.IntermediateProofReplayer.reportError(IntermediateProofReplayer.java:782)
Caused by: de.uka.ilkd.key.proof.io.IntermediateProofReplayer$TacletAppConstructionException: Unknown taclet with name "createdOnHeapImpliesCreatedOnPermissions"
	at de.uka.ilkd.key.proof.io.IntermediateProofReplayer.constructTacletApp(IntermediateProofReplayer.java:432)

689794     DEBUG main            d.u.i.k.p.r.p.TestFile    Exception java.lang.Exception: Exception while loading proof (see cause for details): /home/runner/work/key/key/key.core/../key.ui/examples/heap/permissions/mulleretal/ReadWrite_doWrite_contract.key.proof
	at de.uka.ilkd.key.proof.runallproofs.proofcollection.TestFile.reloadProof(TestFile.java:314)
Caused by: de.uka.ilkd.key.proof.io.ProblemLoaderException: Error loading proof.
Line 106, goal 15, rule createdOnHeapImpliesCreatedOnPermissions not available or not applicable in this context.
	at de.uka.ilkd.key.proof.io.IntermediateProofReplayer.reportError(IntermediateProofReplayer.java:782)
Caused by: de.uka.ilkd.key.proof.io.IntermediateProofReplayer$TacletAppConstructionException: Unknown taclet with name "createdOnHeapImpliesCreatedOnPermissions"
	at de.uka.ilkd.key.proof.io.IntermediateProofReplayer.constructTacletApp(IntermediateProofReplayer.java:432)

689794     WARN  main            d.u.i.k.p.r.p.ForkedTestFileRunner Run failed java.lang.Exception: Exception while loading proof (see cause for details): /home/runner/work/key/key/key.core/../key.ui/examples/heap/permissions/mulleretal/ReadWrite_doWrite_contract.key.proof
	at de.uka.ilkd.key.proof.runallproofs.proofcollection.TestFile.reloadProof(TestFile.java:314)
Caused by: de.uka.ilkd.key.proof.io.ProblemLoaderException: Error loading proof.
Line 106, goal 15, rule createdOnHeapImpliesCreatedOnPermissions not available or not applicable in this context.
	at de.uka.ilkd.key.proof.io.IntermediateProofReplayer.reportError(IntermediateProofReplayer.java:782)
Caused by: de.uka.ilkd.key.proof.io.IntermediateProofReplayer$TacletAppConstructionException: Unknown taclet with name "createdOnHeapImpliesCreatedOnPermissions"
	at de.uka.ilkd.key.proof.io.IntermediateProofReplayer.constructTacletApp(IntermediateProofReplayer.java:432)

689796     INFO  main            d.u.i.k.p.r.p.TestFile    Now processing file /home/runner/work/key/key/key.core/../key.ui/examples/heap/permissions/mulleretal/ReadWrite_read_contract.key 
689796     INFO  main            d.u.i.k.p.i.AbstractProblemLoader Loading environment from /home/runner/work/key/key/key.core/../key.ui/examples/heap/permissions/mulleretal/ReadWrite_read_contract.key 
689796     DEBUG main            d.u.i.k.p.i.AbstractProblemLoader Environment load took 116.1ns 
689797     INFO  main            d.u.i.k.p.i.AbstractProblemLoader Creating init config 
692327     DEBUG main            d.u.i.k.p.i.AbstractProblemLoader Init config took 2.53s 
692358     INFO  main            d.u.i.k.p.i.AbstractProblemLoader Replaying proof ReadWrite[ReadWrite::read()].JML normal_behavior operation contract.0 
692359     DEBUG main            d.u.i.k.p.i.IntermediateProofReplayer Proof replay took 6.2ns 
692460     INFO  main            d.u.i.k.p.r.p.TestFile    ... finished proof: closed. 
693012     INFO  main            d.u.i.k.p.i.AbstractProblemLoader Loading environment from /home/runner/work/key/key/key.core/../key.ui/examples/heap/permissions/mulleretal/ReadWrite_read_contract.key.proof 
693013     DEBUG main            d.u.i.k.p.i.AbstractProblemLoader Environment load took 60.8ns 
693013     INFO  main            d.u.i.k.p.i.AbstractProblemLoader Creating init config 
695503     DEBUG main            d.u.i.k.p.i.AbstractProblemLoader Init config took 2.49s 
695534     INFO  main            d.u.i.k.p.i.AbstractProblemLoader Replaying proof ReadWrite[ReadWrite::read()].JML normal_behavior operation contract.0 
695537     DEBUG main            d.u.i.k.p.i.IntermediateProofReplayer Proof replay took 1.73ms 
695538     WARN  main            d.u.i.k.p.r.p.TestFile    Replay exception de.uka.ilkd.key.proof.io.ProblemLoaderException: Error loading proof.
Line 104, goal 13, rule createdOnHeapImpliesCreatedOnPermissions not available or not applicable in this context.
	at de.uka.ilkd.key.proof.io.IntermediateProofReplayer.reportError(IntermediateProofReplayer.java:782)
Caused by: de.uka.ilkd.key.proof.io.IntermediateProofReplayer$TacletAppConstructionException: Unknown taclet with name "createdOnHeapImpliesCreatedOnPermissions"
	at de.uka.ilkd.key.proof.io.IntermediateProofReplayer.constructTacletApp(IntermediateProofReplayer.java:432)

695538     DEBUG main            d.u.i.k.p.r.p.TestFile    Exception java.lang.Exception: Exception while loading proof (see cause for details): /home/runner/work/key/key/key.core/../key.ui/examples/heap/permissions/mulleretal/ReadWrite_read_contract.key.proof
	at de.uka.ilkd.key.proof.runallproofs.proofcollection.TestFile.reloadProof(TestFile.java:314)
Caused by: de.uka.ilkd.key.proof.io.ProblemLoaderException: Error loading proof.
Line 104, goal 13, rule createdOnHeapImpliesCreatedOnPermissions not available or not applicable in this context.
	at de.uka.ilkd.key.proof.io.IntermediateProofReplayer.reportError(IntermediateProofReplayer.java:782)
Caused by: de.uka.ilkd.key.proof.io.IntermediateProofReplayer$TacletAppConstructionException: Unknown taclet with name "createdOnHeapImpliesCreatedOnPermissions"
	at de.uka.ilkd.key.proof.io.IntermediateProofReplayer.constructTacletApp(IntermediateProofReplayer.java:432)

695538     WARN  main            d.u.i.k.p.r.p.ForkedTestFileRunner Run failed java.lang.Exception: Exception while loading proof (see cause for details): /home/runner/work/key/key/key.core/../key.ui/examples/heap/permissions/mulleretal/ReadWrite_read_contract.key.proof
	at de.uka.ilkd.key.proof.runallproofs.proofcollection.TestFile.reloadProof(TestFile.java:314)
Caused by: de.uka.ilkd.key.proof.io.ProblemLoaderException: Error loading proof.
Line 104, goal 13, rule createdOnHeapImpliesCreatedOnPermissions not available or not applicable in this context.
	at de.uka.ilkd.key.proof.io.IntermediateProofReplayer.reportError(IntermediateProofReplayer.java:782)
Caused by: de.uka.ilkd.key.proof.io.IntermediateProofReplayer$TacletAppConstructionException: Unknown taclet with name "createdOnHeapImpliesCreatedOnPermissions"
	at de.uka.ilkd.key.proof.io.IntermediateProofReplayer.constructTacletApp(IntermediateProofReplayer.java:432)

695540     INFO  main            d.u.i.k.p.r.p.TestFile    Now processing file /home/runner/work/key/key/key.core/../key.ui/examples/heap/permissions/mulleretal/ReadWrite_write_contract.key 
695540     INFO  main            d.u.i.k.p.i.AbstractProblemLoader Loading environment from /home/runner/work/key/key/key.core/../key.ui/examples/heap/permissions/mulleretal/ReadWrite_write_contract.key 
695540     DEBUG main            d.u.i.k.p.i.AbstractProblemLoader Environment load took 34.5ns 
695540     INFO  main            d.u.i.k.p.i.AbstractProblemLoader Creating init config 
698084     DEBUG main            d.u.i.k.p.i.AbstractProblemLoader Init config took 2.54s 
698115     INFO  main            d.u.i.k.p.i.AbstractProblemLoader Replaying proof ReadWrite[ReadWrite::write()].JML normal_behavior operation contract.0 
698116     DEBUG main            d.u.i.k.p.i.IntermediateProofReplayer Proof replay took 5.1ns 
698220     INFO  main            d.u.i.k.p.r.p.TestFile    ... finished proof: closed. 
698763     INFO  main            d.u.i.k.p.i.AbstractProblemLoader Loading environment from /home/runner/work/key/key/key.core/../key.ui/examples/heap/permissions/mulleretal/ReadWrite_write_contract.key.proof 
698764     DEBUG main            d.u.i.k.p.i.AbstractProblemLoader Environment load took 62.8ns 
698764     INFO  main            d.u.i.k.p.i.AbstractProblemLoader Creating init config 
701254     DEBUG main            d.u.i.k.p.i.AbstractProblemLoader Init config took 2.49s 
701286     INFO  main            d.u.i.k.p.i.AbstractProblemLoader Replaying proof ReadWrite[ReadWrite::write()].JML normal_behavior operation contract.0 
701290     DEBUG main            d.u.i.k.p.i.IntermediateProofReplayer Proof replay took 2.43ms 
701290     WARN  main            d.u.i.k.p.r.p.TestFile    Replay exception de.uka.ilkd.key.proof.io.ProblemLoaderException: Error loading proof.
Line 107, goal 16, rule createdOnHeapImpliesCreatedOnPermissions not available or not applicable in this context.
	at de.uka.ilkd.key.proof.io.IntermediateProofReplayer.reportError(IntermediateProofReplayer.java:782)
Caused by: de.uka.ilkd.key.proof.io.IntermediateProofReplayer$TacletAppConstructionException: Unknown taclet with name "createdOnHeapImpliesCreatedOnPermissions"
	at de.uka.ilkd.key.proof.io.IntermediateProofReplayer.constructTacletApp(IntermediateProofReplayer.java:432)

701291     DEBUG main            d.u.i.k.p.r.p.TestFile    Exception java.lang.Exception: Exception while loading proof (see cause for details): /home/runner/work/key/key/key.core/../key.ui/examples/heap/permissions/mulleretal/ReadWrite_write_contract.key.proof
	at de.uka.ilkd.key.proof.runallproofs.proofcollection.TestFile.reloadProof(TestFile.java:314)
Caused by: de.uka.ilkd.key.proof.io.ProblemLoaderException: Error loading proof.
Line 107, goal 16, rule createdOnHeapImpliesCreatedOnPermissions not available or not applicable in this context.
	at de.uka.ilkd.key.proof.io.IntermediateProofReplayer.reportError(IntermediateProofReplayer.java:782)
Caused by: de.uka.ilkd.key.proof.io.IntermediateProofReplayer$TacletAppConstructionException: Unknown taclet with name "createdOnHeapImpliesCreatedOnPermissions"
	at de.uka.ilkd.key.proof.io.IntermediateProofReplayer.constructTacletApp(IntermediateProofReplayer.java:432)

701291     WARN  main            d.u.i.k.p.r.p.ForkedTestFileRunner Run failed java.lang.Exception: Exception while loading proof (see cause for details): /home/runner/work/key/key/key.core/../key.ui/examples/heap/permissions/mulleretal/ReadWrite_write_contract.key.proof
	at de.uka.ilkd.key.proof.runallproofs.proofcollection.TestFile.reloadProof(TestFile.java:314)
Caused by: de.uka.ilkd.key.proof.io.ProblemLoaderException: Error loading proof.
Line 107, goal 16, rule createdOnHeapImpliesCreatedOnPermissions not available or not applicable in this context.
	at de.uka.ilkd.key.proof.io.IntermediateProofReplayer.reportError(IntermediateProofReplayer.java:782)
Caused by: de.uka.ilkd.key.proof.io.IntermediateProofReplayer$TacletAppConstructionException: Unknown taclet with name "createdOnHeapImpliesCreatedOnPermissions"
	at de.uka.ilkd.key.proof.io.IntermediateProofReplayer.constructTacletApp(IntermediateProofReplayer.java:432)

701292     INFO  main            d.u.i.k.p.r.p.TestFile    Now processing file /home/runner/work/key/key/key.core/../key.ui/examples/heap/permissions/mulleretal/ReadWrite_inv1_accessible.key 
701292     INFO  main            d.u.i.k.p.i.AbstractProblemLoader Loading environment from /home/runner/work/key/key/key.core/../key.ui/examples/heap/permissions/mulleretal/ReadWrite_inv1_accessible.key 
701292     DEBUG main            d.u.i.k.p.i.AbstractProblemLoader Environment load took 36.5ns 
701293     INFO  main            d.u.i.k.p.i.AbstractProblemLoader Creating init config 
703861     DEBUG main            d.u.i.k.p.i.AbstractProblemLoader Init config took 2.57s 
703893     INFO  main            d.u.i.k.p.i.AbstractProblemLoader Replaying proof ReadWrite[java.lang.Object::<inv>()].JML accessible clause.0 
703894     DEBUG main            d.u.i.k.p.i.IntermediateProofReplayer Proof replay took 6.8ns 
703995     INFO  main            d.u.i.k.p.r.p.TestFile    ... finished proof: closed. 
704550     INFO  main            d.u.i.k.p.i.AbstractProblemLoader Loading environment from /home/runner/work/key/key/key.core/../key.ui/examples/heap/permissions/mulleretal/ReadWrite_inv1_accessible.key.proof 
704550     DEBUG main            d.u.i.k.p.i.AbstractProblemLoader Environment load took 62.4ns 
704551     INFO  main            d.u.i.k.p.i.AbstractProblemLoader Creating init config 
707062     DEBUG main            d.u.i.k.p.i.AbstractProblemLoader Init config took 2.51s 
707094     INFO  main            d.u.i.k.p.i.AbstractProblemLoader Replaying proof ReadWrite[java.lang.Object::<inv>()].JML accessible clause.0 
707096     DEBUG main            d.u.i.k.p.i.IntermediateProofReplayer Proof replay took 1.54ms 
707097     WARN  main            d.u.i.k.p.r.p.TestFile    Replay exception de.uka.ilkd.key.proof.io.ProblemLoaderException: Error loading proof.
Line 106, goal 15, rule createdOnHeapImpliesCreatedOnPermissions not available or not applicable in this context.
	at de.uka.ilkd.key.proof.io.IntermediateProofReplayer.reportError(IntermediateProofReplayer.java:782)
Caused by: de.uka.ilkd.key.proof.io.IntermediateProofReplayer$TacletAppConstructionException: Unknown taclet with name "createdOnHeapImpliesCreatedOnPermissions"
	at de.uka.ilkd.key.proof.io.IntermediateProofReplayer.constructTacletApp(IntermediateProofReplayer.java:432)

707097     DEBUG main            d.u.i.k.p.r.p.TestFile    Exception java.lang.Exception: Exception while loading proof (see cause for details): /home/runner/work/key/key/key.core/../key.ui/examples/heap/permissions/mulleretal/ReadWrite_inv1_accessible.key.proof
	at de.uka.ilkd.key.proof.runallproofs.proofcollection.TestFile.reloadProof(TestFile.java:314)
Caused by: de.uka.ilkd.key.proof.io.ProblemLoaderException: Error loading proof.
Line 106, goal 15, rule createdOnHeapImpliesCreatedOnPermissions not available or not applicable in this context.
	at de.uka.ilkd.key.proof.io.IntermediateProofReplayer.reportError(IntermediateProofReplayer.java:782)
Caused by: de.uka.ilkd.key.proof.io.IntermediateProofReplayer$TacletAppConstructionException: Unknown taclet with name "createdOnHeapImpliesCreatedOnPermissions"
	at de.uka.ilkd.key.proof.io.IntermediateProofReplayer.constructTacletApp(IntermediateProofReplayer.java:432)

707097     WARN  main            d.u.i.k.p.r.p.ForkedTestFileRunner Run failed java.lang.Exception: Exception while loading proof (see cause for details): /home/runner/work/key/key/key.core/../key.ui/examples/heap/permissions/mulleretal/ReadWrite_inv1_accessible.key.proof
	at de.uka.ilkd.key.proof.runallproofs.proofcollection.TestFile.reloadProof(TestFile.java:314)
Caused by: de.uka.ilkd.key.proof.io.ProblemLoaderException: Error loading proof.
Line 106, goal 15, rule createdOnHeapImpliesCreatedOnPermissions not available or not applicable in this context.
	at de.uka.ilkd.key.proof.io.IntermediateProofReplayer.reportError(IntermediateProofReplayer.java:782)
Caused by: de.uka.ilkd.key.proof.io.IntermediateProofReplayer$TacletAppConstructionException: Unknown taclet with name "createdOnHeapImpliesCreatedOnPermissions"
	at de.uka.ilkd.key.proof.io.IntermediateProofReplayer.constructTacletApp(IntermediateProofReplayer.java:432)

707099     INFO  main            d.u.i.k.p.r.p.TestFile    Now processing file /home/runner/work/key/key/key.core/../key.ui/examples/heap/permissions/mulleretal/ReadWrite_inv2_accessible.key 
707099     INFO  main            d.u.i.k.p.i.AbstractProblemLoader Loading environment from /home/runner/work/key/key/key.core/../key.ui/examples/heap/permissions/mulleretal/ReadWrite_inv2_accessible.key 
707099     DEBUG main            d.u.i.k.p.i.AbstractProblemLoader Environment load took 41.9ns 
707100     INFO  main            d.u.i.k.p.i.AbstractProblemLoader Creating init config 
709662     DEBUG main            d.u.i.k.p.i.AbstractProblemLoader Init config took 2.56s 
709693     INFO  main            d.u.i.k.p.i.AbstractProblemLoader Replaying proof ReadWrite[java.lang.Object::<inv>()].JML accessible clause.1 
709695     DEBUG main            d.u.i.k.p.i.IntermediateProofReplayer Proof replay took 7ns 
709796     INFO  main            d.u.i.k.p.r.p.TestFile    ... finished proof: closed. 
710362     INFO  main            d.u.i.k.p.i.AbstractProblemLoader Loading environment from /home/runner/work/key/key/key.core/../key.ui/examples/heap/permissions/mulleretal/ReadWrite_inv2_accessible.key.proof 
710362     DEBUG main            d.u.i.k.p.i.AbstractProblemLoader Environment load took 62.3ns 
710363     INFO  main            d.u.i.k.p.i.AbstractProblemLoader Creating init config 
712872     DEBUG main            d.u.i.k.p.i.AbstractProblemLoader Init config took 2.51s 
712904     INFO  main            d.u.i.k.p.i.AbstractProblemLoader Replaying proof ReadWrite[java.lang.Object::<inv>()].JML accessible clause.1 
712906     DEBUG main            d.u.i.k.p.i.IntermediateProofReplayer Proof replay took 1.45ms 
712907     WARN  main            d.u.i.k.p.r.p.TestFile    Replay exception de.uka.ilkd.key.proof.io.ProblemLoaderException: Error loading proof.
Line 106, goal 15, rule createdOnHeapImpliesCreatedOnPermissions not available or not applicable in this context.
	at de.uka.ilkd.key.proof.io.IntermediateProofReplayer.reportError(IntermediateProofReplayer.java:782)
Caused by: de.uka.ilkd.key.proof.io.IntermediateProofReplayer$TacletAppConstructionException: Unknown taclet with name "createdOnHeapImpliesCreatedOnPermissions"
	at de.uka.ilkd.key.proof.io.IntermediateProofReplayer.constructTacletApp(IntermediateProofReplayer.java:432)

712907     DEBUG main            d.u.i.k.p.r.p.TestFile    Exception java.lang.Exception: Exception while loading proof (see cause for details): /home/runner/work/key/key/key.core/../key.ui/examples/heap/permissions/mulleretal/ReadWrite_inv2_accessible.key.proof
	at de.uka.ilkd.key.proof.runallproofs.proofcollection.TestFile.reloadProof(TestFile.java:314)
Caused by: de.uka.ilkd.key.proof.io.ProblemLoaderException: Error loading proof.
Line 106, goal 15, rule createdOnHeapImpliesCreatedOnPermissions not available or not applicable in this context.
	at de.uka.ilkd.key.proof.io.IntermediateProofReplayer.reportError(IntermediateProofReplayer.java:782)
Caused by: de.uka.ilkd.key.proof.io.IntermediateProofReplayer$TacletAppConstructionException: Unknown taclet with name "createdOnHeapImpliesCreatedOnPermissions"
	at de.uka.ilkd.key.proof.io.IntermediateProofReplayer.constructTacletApp(IntermediateProofReplayer.java:432)

712907     WARN  main            d.u.i.k.p.r.p.ForkedTestFileRunner Run failed java.lang.Exception: Exception while loading proof (see cause for details): /home/runner/work/key/key/key.core/../key.ui/examples/heap/permissions/mulleretal/ReadWrite_inv2_accessible.key.proof
	at de.uka.ilkd.key.proof.runallproofs.proofcollection.TestFile.reloadProof(TestFile.java:314)
Caused by: de.uka.ilkd.key.proof.io.ProblemLoaderException: Error loading proof.
Line 106, goal 15, rule createdOnHeapImpliesCreatedOnPermissions not available or not applicable in this context.
	at de.uka.ilkd.key.proof.io.IntermediateProofReplayer.reportError(IntermediateProofReplayer.java:782)
Caused by: de.uka.ilkd.key.proof.io.IntermediateProofReplayer$TacletAppConstructionException: Unknown taclet with name "createdOnHeapImpliesCreatedOnPermissions"
	at de.uka.ilkd.key.proof.io.IntermediateProofReplayer.constructTacletApp(IntermediateProofReplayer.java:432)

712909     INFO  main            d.u.i.k.p.r.p.TestFile    Now processing file /home/runner/work/key/key/key.core/../key.ui/examples/heap/permissions/lockspec/Counter_lockConsistent_contract.key 
712909     INFO  main            d.u.i.k.p.i.AbstractProblemLoader Loading environment from /home/runner/work/key/key/key.core/../key.ui/examples/heap/permissions/lockspec/Counter_lockConsistent_contract.key 
712909     DEBUG main            d.u.i.k.p.i.AbstractProblemLoader Environment load took 36.2ns 
712909     INFO  main            d.u.i.k.p.i.AbstractProblemLoader Creating init config 
716027     DEBUG main            d.u.i.k.p.i.AbstractProblemLoader Init config took 3.12s 
716080     INFO  main            d.u.i.k.p.i.AbstractProblemLoader Replaying proof Counter[LockSpec::lockConsistent()].JML model_behavior operation contract.0 
716081     DEBUG main            d.u.i.k.p.i.IntermediateProofReplayer Proof replay took 6.5ns 
717108     INFO  main            d.u.i.k.p.r.p.TestFile    ... finished proof: closed. 
717695     INFO  main            d.u.i.k.p.i.AbstractProblemLoader Loading environment from /home/runner/work/key/key/key.core/../key.ui/examples/heap/permissions/lockspec/Counter_lockConsistent_contract.key.proof 
717695     DEBUG main            d.u.i.k.p.i.AbstractProblemLoader Environment load took 73.9ns 
717696     INFO  main            d.u.i.k.p.i.AbstractProblemLoader Creating init config 
720681     DEBUG main            d.u.i.k.p.i.AbstractProblemLoader Init config took 2.98s 
720736     INFO  main            d.u.i.k.p.i.AbstractProblemLoader Replaying proof Counter[LockSpec::lockConsistent()].JML model_behavior operation contract.0 
720750     DEBUG main            d.u.i.k.p.i.IntermediateProofReplayer Proof replay took 7.15ms 
720750     WARN  main            d.u.i.k.p.r.p.TestFile    Replay exception de.uka.ilkd.key.proof.io.ProblemLoaderException: Error loading proof.
Line 113, goal 22, rule createdOnHeapImpliesCreatedOnPermissions not available or not applicable in this context.
	at de.uka.ilkd.key.proof.io.IntermediateProofReplayer.reportError(IntermediateProofReplayer.java:782)
Caused by: de.uka.ilkd.key.proof.io.IntermediateProofReplayer$TacletAppConstructionException: Unknown taclet with name "createdOnHeapImpliesCreatedOnPermissions"
	at de.uka.ilkd.key.proof.io.IntermediateProofReplayer.constructTacletApp(IntermediateProofReplayer.java:432)

720751     DEBUG main            d.u.i.k.p.r.p.TestFile    Exception java.lang.Exception: Exception while loading proof (see cause for details): /home/runner/work/key/key/key.core/../key.ui/examples/heap/permissions/lockspec/Counter_lockConsistent_contract.key.proof
	at de.uka.ilkd.key.proof.runallproofs.proofcollection.TestFile.reloadProof(TestFile.java:314)
Caused by: de.uka.ilkd.key.proof.io.ProblemLoaderException: Error loading proof.
Line 113, goal 22, rule createdOnHeapImpliesCreatedOnPermissions not available or not applicable in this context.
	at de.uka.ilkd.key.proof.io.IntermediateProofReplayer.reportError(IntermediateProofReplayer.java:782)
Caused by: de.uka.ilkd.key.proof.io.IntermediateProofReplayer$TacletAppConstructionException: Unknown taclet with name "createdOnHeapImpliesCreatedOnPermissions"
	at de.uka.ilkd.key.proof.io.IntermediateProofReplayer.constructTacletApp(IntermediateProofReplayer.java:432)

720751     WARN  main            d.u.i.k.p.r.p.ForkedTestFileRunner Run failed java.lang.Exception: Exception while loading proof (see cause for details): /home/runner/work/key/key/key.core/../key.ui/examples/heap/permissions/lockspec/Counter_lockConsistent_contract.key.proof
	at de.uka.ilkd.key.proof.runallproofs.proofcollection.TestFile.reloadProof(TestFile.java:314)
Caused by: de.uka.ilkd.key.proof.io.ProblemLoaderException: Error loading proof.
Line 113, goal 22, rule createdOnHeapImpliesCreatedOnPermissions not available or not applicable in this context.
	at de.uka.ilkd.key.proof.io.IntermediateProofReplayer.reportError(IntermediateProofReplayer.java:782)
Caused by: de.uka.ilkd.key.proof.io.IntermediateProofReplayer$TacletAppConstructionException: Unknown taclet with name "createdOnHeapImpliesCreatedOnPermissions"
	at de.uka.ilkd.key.proof.io.IntermediateProofReplayer.constructTacletApp(IntermediateProofReplayer.java:432)

720753     INFO  main            d.u.i.k.p.r.p.TestFile    Now processing file /home/runner/work/key/key/key.core/../key.ui/examples/heap/permissions/lockspec/Counter_increase_contract.key 
720753     INFO  main            d.u.i.k.p.i.AbstractProblemLoader Loading environment from /home/runner/work/key/key/key.core/../key.ui/examples/heap/permissions/lockspec/Counter_increase_contract.key 
720753     DEBUG main            d.u.i.k.p.i.AbstractProblemLoader Environment load took 119.8ns 
720754     INFO  main            d.u.i.k.p.i.AbstractProblemLoader Creating init config 
723779     DEBUG main            d.u.i.k.p.i.AbstractProblemLoader Init config took 3.03s 
723827     INFO  main            d.u.i.k.p.i.AbstractProblemLoader Replaying proof Counter[Counter::increase()].JML normal_behavior operation contract.0 
723832     DEBUG main            d.u.i.k.p.i.IntermediateProofReplayer Proof replay took 7.3ns 
725347     INFO  main            d.u.i.k.p.r.p.TestFile    ... finished proof: closed. 
725958     INFO  main            d.u.i.k.p.i.AbstractProblemLoader Loading environment from /home/runner/work/key/key/key.core/../key.ui/examples/heap/permissions/lockspec/Counter_increase_contract.key.proof 
725958     DEBUG main            d.u.i.k.p.i.AbstractProblemLoader Environment load took 77.9ns 
725959     INFO  main            d.u.i.k.p.i.AbstractProblemLoader Creating init config 
728931     DEBUG main            d.u.i.k.p.i.AbstractProblemLoader Init config took 2.97s 
728979     INFO  main            d.u.i.k.p.i.AbstractProblemLoader Replaying proof Counter[Counter::increase()].JML normal_behavior operation contract.0 
728994     DEBUG main            d.u.i.k.p.i.IntermediateProofReplayer Proof replay took 2.71ms 
728996     WARN  main            d.u.i.k.p.r.p.TestFile    Replay exception de.uka.ilkd.key.proof.io.ProblemLoaderException: Error loading proof.
Line 104, goal 13, rule createdOnHeapImpliesCreatedOnPermissions not available or not applicable in this context.
	at de.uka.ilkd.key.proof.io.IntermediateProofReplayer.reportError(IntermediateProofReplayer.java:782)
Caused by: de.uka.ilkd.key.proof.io.IntermediateProofReplayer$TacletAppConstructionException: Unknown taclet with name "createdOnHeapImpliesCreatedOnPermissions"
	at de.uka.ilkd.key.proof.io.IntermediateProofReplayer.constructTacletApp(IntermediateProofReplayer.java:432)

728996     DEBUG main            d.u.i.k.p.r.p.TestFile    Exception java.lang.Exception: Exception while loading proof (see cause for details): /home/runner/work/key/key/key.core/../key.ui/examples/heap/permissions/lockspec/Counter_increase_contract.key.proof
	at de.uka.ilkd.key.proof.runallproofs.proofcollection.TestFile.reloadProof(TestFile.java:314)
Caused by: de.uka.ilkd.key.proof.io.ProblemLoaderException: Error loading proof.
Line 104, goal 13, rule createdOnHeapImpliesCreatedOnPermissions not available or not applicable in this context.
	at de.uka.ilkd.key.proof.io.IntermediateProofReplayer.reportError(IntermediateProofReplayer.java:782)
Caused by: de.uka.ilkd.key.proof.io.IntermediateProofReplayer$TacletAppConstructionException: Unknown taclet with name "createdOnHeapImpliesCreatedOnPermissions"
	at de.uka.ilkd.key.proof.io.IntermediateProofReplayer.constructTacletApp(IntermediateProofReplayer.java:432)

728996     WARN  main            d.u.i.k.p.r.p.ForkedTestFileRunner Run failed java.lang.Exception: Exception while loading proof (see cause for details): /home/runner/work/key/key/key.core/../key.ui/examples/heap/permissions/lockspec/Counter_increase_contract.key.proof
	at de.uka.ilkd.key.proof.runallproofs.proofcollection.TestFile.reloadProof(TestFile.java:314)
Caused by: de.uka.ilkd.key.proof.io.ProblemLoaderException: Error loading proof.
Line 104, goal 13, rule createdOnHeapImpliesCreatedOnPermissions not available or not applicable in this context.
	at de.uka.ilkd.key.proof.io.IntermediateProofReplayer.reportError(IntermediateProofReplayer.java:782)
Caused by: de.uka.ilkd.key.proof.io.IntermediateProofReplayer$TacletAppConstructionException: Unknown taclet with name "createdOnHeapImpliesCreatedOnPermissions"
	at de.uka.ilkd.key.proof.io.IntermediateProofReplayer.constructTacletApp(IntermediateProofReplayer.java:432)

728998     INFO  main            d.u.i.k.p.r.p.TestFile    Now processing file /home/runner/work/key/key/key.core/../key.ui/examples/heap/permissions/lockspec/Counter_fp_accessible.key 
728998     INFO  main            d.u.i.k.p.i.AbstractProblemLoader Loading environment from /home/runner/work/key/key/key.core/../key.ui/examples/heap/permissions/lockspec/Counter_fp_accessible.key 
728998     DEBUG main            d.u.i.k.p.i.AbstractProblemLoader Environment load took 37ns 
728999     INFO  main            d.u.i.k.p.i.AbstractProblemLoader Creating init config 
731993     DEBUG main            d.u.i.k.p.i.AbstractProblemLoader Init config took 2.99s 
732044     INFO  main            d.u.i.k.p.i.AbstractProblemLoader Replaying proof Counter[LockSpec::fp()].JML accessible clause.0 
732045     DEBUG main            d.u.i.k.p.i.IntermediateProofReplayer Proof replay took 7.1ns 
732147     INFO  main            d.u.i.k.p.r.p.TestFile    ... finished proof: closed. 
732725     INFO  main            d.u.i.k.p.i.AbstractProblemLoader Loading environment from /home/runner/work/key/key/key.core/../key.ui/examples/heap/permissions/lockspec/Counter_fp_accessible.key.proof 
732725     DEBUG main            d.u.i.k.p.i.AbstractProblemLoader Environment load took 65.3ns 
732726     INFO  main            d.u.i.k.p.i.AbstractProblemLoader Creating init config 
735703     DEBUG main            d.u.i.k.p.i.AbstractProblemLoader Init config took 2.98s 
735753     INFO  main            d.u.i.k.p.i.AbstractProblemLoader Replaying proof Counter[LockSpec::fp()].JML accessible clause.0 
735756     DEBUG main            d.u.i.k.p.i.IntermediateProofReplayer Proof replay took 1.93ms 
735756     WARN  main            d.u.i.k.p.r.p.TestFile    Replay exception de.uka.ilkd.key.proof.io.ProblemLoaderException: Error loading proof.
Line 105, goal 14, rule createdOnHeapImpliesCreatedOnPermissions not available or not applicable in this context.
	at de.uka.ilkd.key.proof.io.IntermediateProofReplayer.reportError(IntermediateProofReplayer.java:782)
Caused by: de.uka.ilkd.key.proof.io.IntermediateProofReplayer$TacletAppConstructionException: Unknown taclet with name "createdOnHeapImpliesCreatedOnPermissions"
	at de.uka.ilkd.key.proof.io.IntermediateProofReplayer.constructTacletApp(IntermediateProofReplayer.java:432)

735757     DEBUG main            d.u.i.k.p.r.p.TestFile    Exception java.lang.Exception: Exception while loading proof (see cause for details): /home/runner/work/key/key/key.core/../key.ui/examples/heap/permissions/lockspec/Counter_fp_accessible.key.proof
	at de.uka.ilkd.key.proof.runallproofs.proofcollection.TestFile.reloadProof(TestFile.java:314)
Caused by: de.uka.ilkd.key.proof.io.ProblemLoaderException: Error loading proof.
Line 105, goal 14, rule createdOnHeapImpliesCreatedOnPermissions not available or not applicable in this context.
	at de.uka.ilkd.key.proof.io.IntermediateProofReplayer.reportError(IntermediateProofReplayer.java:782)
Caused by: de.uka.ilkd.key.proof.io.IntermediateProofReplayer$TacletAppConstructionException: Unknown taclet with name "createdOnHeapImpliesCreatedOnPermissions"
	at de.uka.ilkd.key.proof.io.IntermediateProofReplayer.constructTacletApp(IntermediateProofReplayer.java:432)

735757     WARN  main            d.u.i.k.p.r.p.ForkedTestFileRunner Run failed java.lang.Exception: Exception while loading proof (see cause for details): /home/runner/work/key/key/key.core/../key.ui/examples/heap/permissions/lockspec/Counter_fp_accessible.key.proof
	at de.uka.ilkd.key.proof.runallproofs.proofcollection.TestFile.reloadProof(TestFile.java:314)
Caused by: de.uka.ilkd.key.proof.io.ProblemLoaderException: Error loading proof.
Line 105, goal 14, rule createdOnHeapImpliesCreatedOnPermissions not available or not applicable in this context.
	at de.uka.ilkd.key.proof.io.IntermediateProofReplayer.reportError(IntermediateProofReplayer.java:782)
Caused by: de.uka.ilkd.key.proof.io.IntermediateProofReplayer$TacletAppConstructionException: Unknown taclet with name "createdOnHeapImpliesCreatedOnPermissions"
	at de.uka.ilkd.key.proof.io.IntermediateProofReplayer.constructTacletApp(IntermediateProofReplayer.java:432)

735759     INFO  main            d.u.i.k.p.r.p.TestFile    Now processing file /home/runner/work/key/key/key.core/../key.ui/examples/heap/permissions/lockspec/Counter_fpLock_accessible.key 
735759     INFO  main            d.u.i.k.p.i.AbstractProblemLoader Loading environment from /home/runner/work/key/key/key.core/../key.ui/examples/heap/permissions/lockspec/Counter_fpLock_accessible.key 
735759     DEBUG main            d.u.i.k.p.i.AbstractProblemLoader Environment load took 36.9ns 
735760     INFO  main            d.u.i.k.p.i.AbstractProblemLoader Creating init config 
738778     DEBUG main            d.u.i.k.p.i.AbstractProblemLoader Init config took 3.02s 
738829     INFO  main            d.u.i.k.p.i.AbstractProblemLoader Replaying proof Counter[LockSpec::fpLock()].JML accessible clause.0 
738830     DEBUG main            d.u.i.k.p.i.IntermediateProofReplayer Proof replay took 6.4ns 
738931     INFO  main            d.u.i.k.p.r.p.TestFile    ... finished proof: closed. 
739518     INFO  main            d.u.i.k.p.i.AbstractProblemLoader Loading environment from /home/runner/work/key/key/key.core/../key.ui/examples/heap/permissions/lockspec/Counter_fpLock_accessible.key.proof 
739518     DEBUG main            d.u.i.k.p.i.AbstractProblemLoader Environment load took 64.1ns 
739519     INFO  main            d.u.i.k.p.i.AbstractProblemLoader Creating init config 
742479     DEBUG main            d.u.i.k.p.i.AbstractProblemLoader Init config took 2.96s 
742530     INFO  main            d.u.i.k.p.i.AbstractProblemLoader Replaying proof Counter[LockSpec::fpLock()].JML accessible clause.0 
742533     DEBUG main            d.u.i.k.p.i.IntermediateProofReplayer Proof replay took 1.84ms 
742533     WARN  main            d.u.i.k.p.r.p.TestFile    Replay exception de.uka.ilkd.key.proof.io.ProblemLoaderException: Error loading proof.
Line 105, goal 14, rule createdOnHeapImpliesCreatedOnPermissions not available or not applicable in this context.
	at de.uka.ilkd.key.proof.io.IntermediateProofReplayer.reportError(IntermediateProofReplayer.java:782)
Caused by: de.uka.ilkd.key.proof.io.IntermediateProofReplayer$TacletAppConstructionException: Unknown taclet with name "createdOnHeapImpliesCreatedOnPermissions"
	at de.uka.ilkd.key.proof.io.IntermediateProofReplayer.constructTacletApp(IntermediateProofReplayer.java:432)

742533     DEBUG main            d.u.i.k.p.r.p.TestFile    Exception java.lang.Exception: Exception while loading proof (see cause for details): /home/runner/work/key/key/key.core/../key.ui/examples/heap/permissions/lockspec/Counter_fpLock_accessible.key.proof
	at de.uka.ilkd.key.proof.runallproofs.proofcollection.TestFile.reloadProof(TestFile.java:314)
Caused by: de.uka.ilkd.key.proof.io.ProblemLoaderException: Error loading proof.
Line 105, goal 14, rule createdOnHeapImpliesCreatedOnPermissions not available or not applicable in this context.
	at de.uka.ilkd.key.proof.io.IntermediateProofReplayer.reportError(IntermediateProofReplayer.java:782)
Caused by: de.uka.ilkd.key.proof.io.IntermediateProofReplayer$TacletAppConstructionException: Unknown taclet with name "createdOnHeapImpliesCreatedOnPermissions"
	at de.uka.ilkd.key.proof.io.IntermediateProofReplayer.constructTacletApp(IntermediateProofReplayer.java:432)

742534     WARN  main            d.u.i.k.p.r.p.ForkedTestFileRunner Run failed java.lang.Exception: Exception while loading proof (see cause for details): /home/runner/work/key/key/key.core/../key.ui/examples/heap/permissions/lockspec/Counter_fpLock_accessible.key.proof
	at de.uka.ilkd.key.proof.runallproofs.proofcollection.TestFile.reloadProof(TestFile.java:314)
Caused by: de.uka.ilkd.key.proof.io.ProblemLoaderException: Error loading proof.
Line 105, goal 14, rule createdOnHeapImpliesCreatedOnPermissions not available or not applicable in this context.
	at de.uka.ilkd.key.proof.io.IntermediateProofReplayer.reportError(IntermediateProofReplayer.java:782)
Caused by: de.uka.ilkd.key.proof.io.IntermediateProofReplayer$TacletAppConstructionException: Unknown taclet with name "createdOnHeapImpliesCreatedOnPermissions"
	at de.uka.ilkd.key.proof.io.IntermediateProofReplayer.constructTacletApp(IntermediateProofReplayer.java:432)

742535     INFO  main            d.u.i.k.p.r.p.TestFile    Now processing file /home/runner/work/key/key/key.core/../key.ui/examples/heap/permissions/lockspec/Counter_fpPerm_accessible.key 
742535     INFO  main            d.u.i.k.p.i.AbstractProblemLoader Loading environment from /home/runner/work/key/key/key.core/../key.ui/examples/heap/permissions/lockspec/Counter_fpPerm_accessible.key 
742535     DEBUG main            d.u.i.k.p.i.AbstractProblemLoader Environment load took 40.2ns 
742536     INFO  main            d.u.i.k.p.i.AbstractProblemLoader Creating init config 
745536     DEBUG main            d.u.i.k.p.i.AbstractProblemLoader Init config took 3s 
745586     INFO  main            d.u.i.k.p.i.AbstractProblemLoader Replaying proof Counter[LockSpec::fpPerm()].JML accessible clause.0 
745588     DEBUG main            d.u.i.k.p.i.IntermediateProofReplayer Proof replay took 6.8ns 
745694     INFO  main            d.u.i.k.p.r.p.TestFile    ... finished proof: closed. 
746295     INFO  main            d.u.i.k.p.i.AbstractProblemLoader Loading environment from /home/runner/work/key/key/key.core/../key.ui/examples/heap/permissions/lockspec/Counter_fpPerm_accessible.key.proof 
746295     DEBUG main            d.u.i.k.p.i.AbstractProblemLoader Environment load took 63.6ns 
746296     INFO  main            d.u.i.k.p.i.AbstractProblemLoader Creating init config 
749355     DEBUG main            d.u.i.k.p.i.AbstractProblemLoader Init config took 3.06s 
749412     INFO  main            d.u.i.k.p.i.AbstractProblemLoader Replaying proof Counter[LockSpec::fpPerm()].JML accessible clause.0 
749417     DEBUG main            d.u.i.k.p.i.IntermediateProofReplayer Proof replay took 2.29ms 
749418     WARN  main            d.u.i.k.p.r.p.TestFile    Replay exception de.uka.ilkd.key.proof.io.ProblemLoaderException: Error loading proof.
Line 105, goal 14, rule createdOnHeapImpliesCreatedOnPermissions not available or not applicable in this context.
	at de.uka.ilkd.key.proof.io.IntermediateProofReplayer.reportError(IntermediateProofReplayer.java:782)
Caused by: de.uka.ilkd.key.proof.io.IntermediateProofReplayer$TacletAppConstructionException: Unknown taclet with name "createdOnHeapImpliesCreatedOnPermissions"
	at de.uka.ilkd.key.proof.io.IntermediateProofReplayer.constructTacletApp(IntermediateProofReplayer.java:432)

749418     DEBUG main            d.u.i.k.p.r.p.TestFile    Exception java.lang.Exception: Exception while loading proof (see cause for details): /home/runner/work/key/key/key.core/../key.ui/examples/heap/permissions/lockspec/Counter_fpPerm_accessible.key.proof
	at de.uka.ilkd.key.proof.runallproofs.proofcollection.TestFile.reloadProof(TestFile.java:314)
Caused by: de.uka.ilkd.key.proof.io.ProblemLoaderException: Error loading proof.
Line 105, goal 14, rule createdOnHeapImpliesCreatedOnPermissions not available or not applicable in this context.
	at de.uka.ilkd.key.proof.io.IntermediateProofReplayer.reportError(IntermediateProofReplayer.java:782)
Caused by: de.uka.ilkd.key.proof.io.IntermediateProofReplayer$TacletAppConstructionException: Unknown taclet with name "createdOnHeapImpliesCreatedOnPermissions"
	at de.uka.ilkd.key.proof.io.IntermediateProofReplayer.constructTacletApp(IntermediateProofReplayer.java:432)

749419     WARN  main            d.u.i.k.p.r.p.ForkedTestFileRunner Run failed java.lang.Exception: Exception while loading proof (see cause for details): /home/runner/work/key/key/key.core/../key.ui/examples/heap/permissions/lockspec/Counter_fpPerm_accessible.key.proof
	at de.uka.ilkd.key.proof.runallproofs.proofcollection.TestFile.reloadProof(TestFile.java:314)
Caused by: de.uka.ilkd.key.proof.io.ProblemLoaderException: Error loading proof.
Line 105, goal 14, rule createdOnHeapImpliesCreatedOnPermissions not available or not applicable in this context.
	at de.uka.ilkd.key.proof.io.IntermediateProofReplayer.reportError(IntermediateProofReplayer.java:782)
Caused by: de.uka.ilkd.key.proof.io.IntermediateProofReplayer$TacletAppConstructionException: Unknown taclet with name "createdOnHeapImpliesCreatedOnPermissions"
	at de.uka.ilkd.key.proof.io.IntermediateProofReplayer.constructTacletApp(IntermediateProofReplayer.java:432)

749422     INFO  main            d.u.i.k.p.r.p.TestFile    Now processing file /home/runner/work/key/key/key.core/../key.ui/examples/heap/permissions/lockspec/Counter_inv_accessible1.key 
749423     INFO  main            d.u.i.k.p.i.AbstractProblemLoader Loading environment from /home/runner/work/key/key/key.core/../key.ui/examples/heap/permissions/lockspec/Counter_inv_accessible1.key 
749423     DEBUG main            d.u.i.k.p.i.AbstractProblemLoader Environment load took 133.8ns 
749424     INFO  main            d.u.i.k.p.i.AbstractProblemLoader Creating init config 
752535     DEBUG main            d.u.i.k.p.i.AbstractProblemLoader Init config took 3.11s 
752600     INFO  main            d.u.i.k.p.i.AbstractProblemLoader Replaying proof Counter[java.lang.Object::<inv>()].JML accessible clause.0 
752601     DEBUG main            d.u.i.k.p.i.IntermediateProofReplayer Proof replay took 6.2ns 
752703     INFO  main            d.u.i.k.p.r.p.TestFile    ... finished proof: closed. 
753293     INFO  main            d.u.i.k.p.i.AbstractProblemLoader Loading environment from /home/runner/work/key/key/key.core/../key.ui/examples/heap/permissions/lockspec/Counter_inv_accessible1.key.proof 
753293     DEBUG main            d.u.i.k.p.i.AbstractProblemLoader Environment load took 65.8ns 
753294     INFO  main            d.u.i.k.p.i.AbstractProblemLoader Creating init config 
756333     DEBUG main            d.u.i.k.p.i.AbstractProblemLoader Init config took 3.04s 
756389     INFO  main            d.u.i.k.p.i.AbstractProblemLoader Replaying proof Counter[java.lang.Object::<inv>()].JML accessible clause.0 
756392     DEBUG main            d.u.i.k.p.i.IntermediateProofReplayer Proof replay took 1.68ms 
756393     WARN  main            d.u.i.k.p.r.p.TestFile    Replay exception de.uka.ilkd.key.proof.io.ProblemLoaderException: Error loading proof.
Line 106, goal 15, rule createdOnHeapImpliesCreatedOnPermissions not available or not applicable in this context.
	at de.uka.ilkd.key.proof.io.IntermediateProofReplayer.reportError(IntermediateProofReplayer.java:782)
Caused by: de.uka.ilkd.key.proof.io.IntermediateProofReplayer$TacletAppConstructionException: Unknown taclet with name "createdOnHeapImpliesCreatedOnPermissions"
	at de.uka.ilkd.key.proof.io.IntermediateProofReplayer.constructTacletApp(IntermediateProofReplayer.java:432)

756401     DEBUG main            d.u.i.k.p.r.p.TestFile    Exception java.lang.Exception: Exception while loading proof (see cause for details): /home/runner/work/key/key/key.core/../key.ui/examples/heap/permissions/lockspec/Counter_inv_accessible1.key.proof
	at de.uka.ilkd.key.proof.runallproofs.proofcollection.TestFile.reloadProof(TestFile.java:314)
Caused by: de.uka.ilkd.key.proof.io.ProblemLoaderException: Error loading proof.
Line 106, goal 15, rule createdOnHeapImpliesCreatedOnPermissions not available or not applicable in this context.
	at de.uka.ilkd.key.proof.io.IntermediateProofReplayer.reportError(IntermediateProofReplayer.java:782)
Caused by: de.uka.ilkd.key.proof.io.IntermediateProofReplayer$TacletAppConstructionException: Unknown taclet with name "createdOnHeapImpliesCreatedOnPermissions"
	at de.uka.ilkd.key.proof.io.IntermediateProofReplayer.constructTacletApp(IntermediateProofReplayer.java:432)

756402     WARN  main            d.u.i.k.p.r.p.ForkedTestFileRunner Run failed java.lang.Exception: Exception while loading proof (see cause for details): /home/runner/work/key/key/key.core/../key.ui/examples/heap/permissions/lockspec/Counter_inv_accessible1.key.proof
	at de.uka.ilkd.key.proof.runallproofs.proofcollection.TestFile.reloadProof(TestFile.java:314)
Caused by: de.uka.ilkd.key.proof.io.ProblemLoaderException: Error loading proof.
Line 106, goal 15, rule createdOnHeapImpliesCreatedOnPermissions not available or not applicable in this context.
	at de.uka.ilkd.key.proof.io.IntermediateProofReplayer.reportError(IntermediateProofReplayer.java:782)
Caused by: de.uka.ilkd.key.proof.io.IntermediateProofReplayer$TacletAppConstructionException: Unknown taclet with name "createdOnHeapImpliesCreatedOnPermissions"
	at de.uka.ilkd.key.proof.io.IntermediateProofReplayer.constructTacletApp(IntermediateProofReplayer.java:432)

756403     INFO  main            d.u.i.k.p.r.p.TestFile    Now processing file /home/runner/work/key/key/key.core/../key.ui/examples/heap/permissions/lockspec/Counter_inv_accessible2.key 
756403     INFO  main            d.u.i.k.p.i.AbstractProblemLoader Loading environment from /home/runner/work/key/key/key.core/../key.ui/examples/heap/permissions/lockspec/Counter_inv_accessible2.key 
756403     DEBUG main            d.u.i.k.p.i.AbstractProblemLoader Environment load took 55.6ns 
756404     INFO  main            d.u.i.k.p.i.AbstractProblemLoader Creating init config 
759490     DEBUG main            d.u.i.k.p.i.AbstractProblemLoader Init config took 3.09s 
759555     INFO  main            d.u.i.k.p.i.AbstractProblemLoader Replaying proof Counter[java.lang.Object::<inv>()].JML accessible clause.1 
759556     DEBUG main            d.u.i.k.p.i.IntermediateProofReplayer Proof replay took 6.6ns 
759658     INFO  main            d.u.i.k.p.r.p.TestFile    ... finished proof: closed. 
760250     INFO  main            d.u.i.k.p.i.AbstractProblemLoader Loading environment from /home/runner/work/key/key/key.core/../key.ui/examples/heap/permissions/lockspec/Counter_inv_accessible2.key.proof 
760250     DEBUG main            d.u.i.k.p.i.AbstractProblemLoader Environment load took 63.9ns 
760251     INFO  main            d.u.i.k.p.i.AbstractProblemLoader Creating init config 
763320     DEBUG main            d.u.i.k.p.i.AbstractProblemLoader Init config took 3.07s 
763387     INFO  main            d.u.i.k.p.i.AbstractProblemLoader Replaying proof Counter[java.lang.Object::<inv>()].JML accessible clause.1 
763390     DEBUG main            d.u.i.k.p.i.IntermediateProofReplayer Proof replay took 1.68ms 
763391     WARN  main            d.u.i.k.p.r.p.TestFile    Replay exception de.uka.ilkd.key.proof.io.ProblemLoaderException: Error loading proof.
Line 106, goal 15, rule createdOnHeapImpliesCreatedOnPermissions not available or not applicable in this context.
	at de.uka.ilkd.key.proof.io.IntermediateProofReplayer.reportError(IntermediateProofReplayer.java:782)
Caused by: de.uka.ilkd.key.proof.io.IntermediateProofReplayer$TacletAppConstructionException: Unknown taclet with name "createdOnHeapImpliesCreatedOnPermissions"
	at de.uka.ilkd.key.proof.io.IntermediateProofReplayer.constructTacletApp(IntermediateProofReplayer.java:432)

763391     DEBUG main            d.u.i.k.p.r.p.TestFile    Exception java.lang.Exception: Exception while loading proof (see cause for details): /home/runner/work/key/key/key.core/../key.ui/examples/heap/permissions/lockspec/Counter_inv_accessible2.key.proof
	at de.uka.ilkd.key.proof.runallproofs.proofcollection.TestFile.reloadProof(TestFile.java:314)
Caused by: de.uka.ilkd.key.proof.io.ProblemLoaderException: Error loading proof.
Line 106, goal 15, rule createdOnHeapImpliesCreatedOnPermissions not available or not applicable in this context.
	at de.uka.ilkd.key.proof.io.IntermediateProofReplayer.reportError(IntermediateProofReplayer.java:782)
Caused by: de.uka.ilkd.key.proof.io.IntermediateProofReplayer$TacletAppConstructionException: Unknown taclet with name "createdOnHeapImpliesCreatedOnPermissions"
	at de.uka.ilkd.key.proof.io.IntermediateProofReplayer.constructTacletApp(IntermediateProofReplayer.java:432)

763392     WARN  main            d.u.i.k.p.r.p.ForkedTestFileRunner Run failed java.lang.Exception: Exception while loading proof (see cause for details): /home/runner/work/key/key/key.core/../key.ui/examples/heap/permissions/lockspec/Counter_inv_accessible2.key.proof
	at de.uka.ilkd.key.proof.runallproofs.proofcollection.TestFile.reloadProof(TestFile.java:314)
Caused by: de.uka.ilkd.key.proof.io.ProblemLoaderException: Error loading proof.
Line 106, goal 15, rule createdOnHeapImpliesCreatedOnPermissions not available or not applicable in this context.
	at de.uka.ilkd.key.proof.io.IntermediateProofReplayer.reportError(IntermediateProofReplayer.java:782)
Caused by: de.uka.ilkd.key.proof.io.IntermediateProofReplayer$TacletAppConstructionException: Unknown taclet with name "createdOnHeapImpliesCreatedOnPermissions"
	at de.uka.ilkd.key.proof.io.IntermediateProofReplayer.constructTacletApp(IntermediateProofReplayer.java:432)

763394     INFO  main            d.u.i.k.p.r.p.TestFile    Now processing file /home/runner/work/key/key/key.core/../key.ui/examples/heap/permissions/lockspec/Counter_lockRef_accessible.key 
763394     INFO  main            d.u.i.k.p.i.AbstractProblemLoader Loading environment from /home/runner/work/key/key/key.core/../key.ui/examples/heap/permissions/lockspec/Counter_lockRef_accessible.key 
763394     DEBUG main            d.u.i.k.p.i.AbstractProblemLoader Environment load took 125ns 
763395     INFO  main            d.u.i.k.p.i.AbstractProblemLoader Creating init config 
766497     DEBUG main            d.u.i.k.p.i.AbstractProblemLoader Init config took 3.1s 
766548     INFO  main            d.u.i.k.p.i.AbstractProblemLoader Replaying proof Counter[LockSpec::lockRef()].JML accessible clause.0 
766550     DEBUG main            d.u.i.k.p.i.IntermediateProofReplayer Proof replay took 5.9ns 
766751     INFO  main            d.u.i.k.p.r.p.TestFile    ... finished proof: closed. 
767356     INFO  main            d.u.i.k.p.i.AbstractProblemLoader Loading environment from /home/runner/work/key/key/key.core/../key.ui/examples/heap/permissions/lockspec/Counter_lockRef_accessible.key.proof 
767357     DEBUG main            d.u.i.k.p.i.AbstractProblemLoader Environment load took 69.2ns 
767357     INFO  main            d.u.i.k.p.i.AbstractProblemLoader Creating init config 
770401     DEBUG main            d.u.i.k.p.i.AbstractProblemLoader Init config took 3.04s 
770467     INFO  main            d.u.i.k.p.i.AbstractProblemLoader Replaying proof Counter[LockSpec::lockRef()].JML accessible clause.0 
770471     DEBUG main            d.u.i.k.p.i.IntermediateProofReplayer Proof replay took 1.99ms 
770472     WARN  main            d.u.i.k.p.r.p.TestFile    Replay exception de.uka.ilkd.key.proof.io.ProblemLoaderException: Error loading proof.
Line 105, goal 14, rule createdOnHeapImpliesCreatedOnPermissions not available or not applicable in this context.
	at de.uka.ilkd.key.proof.io.IntermediateProofReplayer.reportError(IntermediateProofReplayer.java:782)
Caused by: de.uka.ilkd.key.proof.io.IntermediateProofReplayer$TacletAppConstructionException: Unknown taclet with name "createdOnHeapImpliesCreatedOnPermissions"
	at de.uka.ilkd.key.proof.io.IntermediateProofReplayer.constructTacletApp(IntermediateProofReplayer.java:432)

770472     DEBUG main            d.u.i.k.p.r.p.TestFile    Exception java.lang.Exception: Exception while loading proof (see cause for details): /home/runner/work/key/key/key.core/../key.ui/examples/heap/permissions/lockspec/Counter_lockRef_accessible.key.proof
	at de.uka.ilkd.key.proof.runallproofs.proofcollection.TestFile.reloadProof(TestFile.java:314)
Caused by: de.uka.ilkd.key.proof.io.ProblemLoaderException: Error loading proof.
Line 105, goal 14, rule createdOnHeapImpliesCreatedOnPermissions not available or not applicable in this context.
	at de.uka.ilkd.key.proof.io.IntermediateProofReplayer.reportError(IntermediateProofReplayer.java:782)
Caused by: de.uka.ilkd.key.proof.io.IntermediateProofReplayer$TacletAppConstructionException: Unknown taclet with name "createdOnHeapImpliesCreatedOnPermissions"
	at de.uka.ilkd.key.proof.io.IntermediateProofReplayer.constructTacletApp(IntermediateProofReplayer.java:432)

770472     WARN  main            d.u.i.k.p.r.p.ForkedTestFileRunner Run failed java.lang.Exception: Exception while loading proof (see cause for details): /home/runner/work/key/key/key.core/../key.ui/examples/heap/permissions/lockspec/Counter_lockRef_accessible.key.proof
	at de.uka.ilkd.key.proof.runallproofs.proofcollection.TestFile.reloadProof(TestFile.java:314)
Caused by: de.uka.ilkd.key.proof.io.ProblemLoaderException: Error loading proof.
Line 105, goal 14, rule createdOnHeapImpliesCreatedOnPermissions not available or not applicable in this context.
	at de.uka.ilkd.key.proof.io.IntermediateProofReplayer.reportError(IntermediateProofReplayer.java:782)
Caused by: de.uka.ilkd.key.proof.io.IntermediateProofReplayer$TacletAppConstructionException: Unknown taclet with name "createdOnHeapImpliesCreatedOnPermissions"
	at de.uka.ilkd.key.proof.io.IntermediateProofReplayer.constructTacletApp(IntermediateProofReplayer.java:432)

770475     INFO  main            d.u.i.k.p.r.p.TestFile    Now processing file /home/runner/work/key/key/key.core/../key.ui/examples/heap/permissions/lockspec/Counter_lockRef_contract1.key 
770476     INFO  main            d.u.i.k.p.i.AbstractProblemLoader Loading environment from /home/runner/work/key/key/key.core/../key.ui/examples/heap/permissions/lockspec/Counter_lockRef_contract1.key 
770476     DEBUG main            d.u.i.k.p.i.AbstractProblemLoader Environment load took 210.8ns 
770477     INFO  main            d.u.i.k.p.i.AbstractProblemLoader Creating init config 
773577     DEBUG main            d.u.i.k.p.i.AbstractProblemLoader Init config took 3.1s 
773628     INFO  main            d.u.i.k.p.i.AbstractProblemLoader Replaying proof Counter[LockSpec::lockRef()].JML model_behavior operation contract.0 
773629     DEBUG main            d.u.i.k.p.i.IntermediateProofReplayer Proof replay took 6.2ns 
773731     INFO  main            d.u.i.k.p.r.p.TestFile    ... finished proof: closed. 
774330     INFO  main            d.u.i.k.p.i.AbstractProblemLoader Loading environment from /home/runner/work/key/key/key.core/../key.ui/examples/heap/permissions/lockspec/Counter_lockRef_contract1.key.proof 
774330     DEBUG main            d.u.i.k.p.i.AbstractProblemLoader Environment load took 63.2ns 
774330     INFO  main            d.u.i.k.p.i.AbstractProblemLoader Creating init config 
777381     DEBUG main            d.u.i.k.p.i.AbstractProblemLoader Init config took 3.05s 
777438     INFO  main            d.u.i.k.p.i.AbstractProblemLoader Replaying proof Counter[LockSpec::lockRef()].JML model_behavior operation contract.0 
777443     DEBUG main            d.u.i.k.p.i.IntermediateProofReplayer Proof replay took 3.39ms 
777443     WARN  main            d.u.i.k.p.r.p.TestFile    Replay exception de.uka.ilkd.key.proof.io.ProblemLoaderException: Error loading proof.
Line 105, goal 14, rule createdOnHeapImpliesCreatedOnPermissions not available or not applicable in this context.
	at de.uka.ilkd.key.proof.io.IntermediateProofReplayer.reportError(IntermediateProofReplayer.java:782)
Caused by: de.uka.ilkd.key.proof.io.IntermediateProofReplayer$TacletAppConstructionException: Unknown taclet with name "createdOnHeapImpliesCreatedOnPermissions"
	at de.uka.ilkd.key.proof.io.IntermediateProofReplayer.constructTacletApp(IntermediateProofReplayer.java:432)

777444     DEBUG main            d.u.i.k.p.r.p.TestFile    Exception java.lang.Exception: Exception while loading proof (see cause for details): /home/runner/work/key/key/key.core/../key.ui/examples/heap/permissions/lockspec/Counter_lockRef_contract1.key.proof
	at de.uka.ilkd.key.proof.runallproofs.proofcollection.TestFile.reloadProof(TestFile.java:314)
Caused by: de.uka.ilkd.key.proof.io.ProblemLoaderException: Error loading proof.
Line 105, goal 14, rule createdOnHeapImpliesCreatedOnPermissions not available or not applicable in this context.
	at de.uka.ilkd.key.proof.io.IntermediateProofReplayer.reportError(IntermediateProofReplayer.java:782)
Caused by: de.uka.ilkd.key.proof.io.IntermediateProofReplayer$TacletAppConstructionException: Unknown taclet with name "createdOnHeapImpliesCreatedOnPermissions"
	at de.uka.ilkd.key.proof.io.IntermediateProofReplayer.constructTacletApp(IntermediateProofReplayer.java:432)

777444     WARN  main            d.u.i.k.p.r.p.ForkedTestFileRunner Run failed java.lang.Exception: Exception while loading proof (see cause for details): /home/runner/work/key/key/key.core/../key.ui/examples/heap/permissions/lockspec/Counter_lockRef_contract1.key.proof
	at de.uka.ilkd.key.proof.runallproofs.proofcollection.TestFile.reloadProof(TestFile.java:314)
Caused by: de.uka.ilkd.key.proof.io.ProblemLoaderException: Error loading proof.
Line 105, goal 14, rule createdOnHeapImpliesCreatedOnPermissions not available or not applicable in this context.
	at de.uka.ilkd.key.proof.io.IntermediateProofReplayer.reportError(IntermediateProofReplayer.java:782)
Caused by: de.uka.ilkd.key.proof.io.IntermediateProofReplayer$TacletAppConstructionException: Unknown taclet with name "createdOnHeapImpliesCreatedOnPermissions"
	at de.uka.ilkd.key.proof.io.IntermediateProofReplayer.constructTacletApp(IntermediateProofReplayer.java:432)

777446     INFO  main            d.u.i.k.p.r.p.TestFile    Now processing file /home/runner/work/key/key/key.core/../key.ui/examples/heap/permissions/lockspec/Counter_lockRef_contract2.key 
777446     INFO  main            d.u.i.k.p.i.AbstractProblemLoader Loading environment from /home/runner/work/key/key/key.core/../key.ui/examples/heap/permissions/lockspec/Counter_lockRef_contract2.key 
777446     DEBUG main            d.u.i.k.p.i.AbstractProblemLoader Environment load took 192.2ns 
777447     INFO  main            d.u.i.k.p.i.AbstractProblemLoader Creating init config 
780566     DEBUG main            d.u.i.k.p.i.AbstractProblemLoader Init config took 3.12s 
780617     INFO  main            d.u.i.k.p.i.AbstractProblemLoader Replaying proof Counter[Counter::lockRef()].JML model_behavior operation contract.0 
780618     DEBUG main            d.u.i.k.p.i.IntermediateProofReplayer Proof replay took 6.9ns 
780720     INFO  main            d.u.i.k.p.r.p.TestFile    ... finished proof: closed. 
781323     INFO  main            d.u.i.k.p.i.AbstractProblemLoader Loading environment from /home/runner/work/key/key/key.core/../key.ui/examples/heap/permissions/lockspec/Counter_lockRef_contract2.key.proof 
781323     DEBUG main            d.u.i.k.p.i.AbstractProblemLoader Environment load took 63.3ns 
781324     INFO  main            d.u.i.k.p.i.AbstractProblemLoader Creating init config 
784373     DEBUG main            d.u.i.k.p.i.AbstractProblemLoader Init config took 3.05s 
784444     INFO  main            d.u.i.k.p.i.AbstractProblemLoader Replaying proof Counter[Counter::lockRef()].JML model_behavior operation contract.0 
784449     DEBUG main            d.u.i.k.p.i.IntermediateProofReplayer Proof replay took 3.41ms 
784449     WARN  main            d.u.i.k.p.r.p.TestFile    Replay exception de.uka.ilkd.key.proof.io.ProblemLoaderException: Error loading proof.
Line 105, goal 14, rule createdOnHeapImpliesCreatedOnPermissions not available or not applicable in this context.
	at de.uka.ilkd.key.proof.io.IntermediateProofReplayer.reportError(IntermediateProofReplayer.java:782)
Caused by: de.uka.ilkd.key.proof.io.IntermediateProofReplayer$TacletAppConstructionException: Unknown taclet with name "createdOnHeapImpliesCreatedOnPermissions"
	at de.uka.ilkd.key.proof.io.IntermediateProofReplayer.constructTacletApp(IntermediateProofReplayer.java:432)

784450     DEBUG main            d.u.i.k.p.r.p.TestFile    Exception java.lang.Exception: Exception while loading proof (see cause for details): /home/runner/work/key/key/key.core/../key.ui/examples/heap/permissions/lockspec/Counter_lockRef_contract2.key.proof
	at de.uka.ilkd.key.proof.runallproofs.proofcollection.TestFile.reloadProof(TestFile.java:314)
Caused by: de.uka.ilkd.key.proof.io.ProblemLoaderException: Error loading proof.
Line 105, goal 14, rule createdOnHeapImpliesCreatedOnPermissions not available or not applicable in this context.
	at de.uka.ilkd.key.proof.io.IntermediateProofReplayer.reportError(IntermediateProofReplayer.java:782)
Caused by: de.uka.ilkd.key.proof.io.IntermediateProofReplayer$TacletAppConstructionException: Unknown taclet with name "createdOnHeapImpliesCreatedOnPermissions"
	at de.uka.ilkd.key.proof.io.IntermediateProofReplayer.constructTacletApp(IntermediateProofReplayer.java:432)

784450     WARN  main            d.u.i.k.p.r.p.ForkedTestFileRunner Run failed java.lang.Exception: Exception while loading proof (see cause for details): /home/runner/work/key/key/key.core/../key.ui/examples/heap/permissions/lockspec/Counter_lockRef_contract2.key.proof
	at de.uka.ilkd.key.proof.runallproofs.proofcollection.TestFile.reloadProof(TestFile.java:314)
Caused by: de.uka.ilkd.key.proof.io.ProblemLoaderException: Error loading proof.
Line 105, goal 14, rule createdOnHeapImpliesCreatedOnPermissions not available or not applicable in this context.
	at de.uka.ilkd.key.proof.io.IntermediateProofReplayer.reportError(IntermediateProofReplayer.java:782)
Caused by: de.uka.ilkd.key.proof.io.IntermediateProofReplayer$TacletAppConstructionException: Unknown taclet with name "createdOnHeapImpliesCreatedOnPermissions"
	at de.uka.ilkd.key.proof.io.IntermediateProofReplayer.constructTacletApp(IntermediateProofReplayer.java:432)

784460     INFO  main            d.u.i.k.p.r.p.TestFile    Now processing file /home/runner/work/key/key/key.core/../key.ui/examples/heap/permissions/lockspec/Counter_lockState_accessible.key 
784460     INFO  main            d.u.i.k.p.i.AbstractProblemLoader Loading environment from /home/runner/work/key/key/key.core/../key.ui/examples/heap/permissions/lockspec/Counter_lockState_accessible.key 
784460     DEBUG main            d.u.i.k.p.i.AbstractProblemLoader Environment load took 40.5ns 
784461     INFO  main            d.u.i.k.p.i.AbstractProblemLoader Creating init config 
787729     DEBUG main            d.u.i.k.p.i.AbstractProblemLoader Init config took 3.27s 
787779     INFO  main            d.u.i.k.p.i.AbstractProblemLoader Replaying proof Counter[LockSpec::lockState(boolean)].JML accessible clause.0 
787780     DEBUG main            d.u.i.k.p.i.IntermediateProofReplayer Proof replay took 6.2ns 
788083     INFO  main            d.u.i.k.p.r.p.TestFile    ... finished proof: closed. 
788698     INFO  main            d.u.i.k.p.i.AbstractProblemLoader Loading environment from /home/runner/work/key/key/key.core/../key.ui/examples/heap/permissions/lockspec/Counter_lockState_accessible.key.proof 
788698     DEBUG main            d.u.i.k.p.i.AbstractProblemLoader Environment load took 68.1ns 
788699     INFO  main            d.u.i.k.p.i.AbstractProblemLoader Creating init config 
791882     DEBUG main            d.u.i.k.p.i.AbstractProblemLoader Init config took 3.18s 
791939     INFO  main            d.u.i.k.p.i.AbstractProblemLoader Replaying proof Counter[LockSpec::lockState(boolean)].JML accessible clause.0 
791944     DEBUG main            d.u.i.k.p.i.IntermediateProofReplayer Proof replay took 2.3ms 
791945     WARN  main            d.u.i.k.p.r.p.TestFile    Replay exception de.uka.ilkd.key.proof.io.ProblemLoaderException: Error loading proof.
Line 105, goal 14, rule createdOnHeapImpliesCreatedOnPermissions not available or not applicable in this context.
	at de.uka.ilkd.key.proof.io.IntermediateProofReplayer.reportError(IntermediateProofReplayer.java:782)
Caused by: de.uka.ilkd.key.proof.io.IntermediateProofReplayer$TacletAppConstructionException: Unknown taclet with name "createdOnHeapImpliesCreatedOnPermissions"
	at de.uka.ilkd.key.proof.io.IntermediateProofReplayer.constructTacletApp(IntermediateProofReplayer.java:432)

791945     DEBUG main            d.u.i.k.p.r.p.TestFile    Exception java.lang.Exception: Exception while loading proof (see cause for details): /home/runner/work/key/key/key.core/../key.ui/examples/heap/permissions/lockspec/Counter_lockState_accessible.key.proof
	at de.uka.ilkd.key.proof.runallproofs.proofcollection.TestFile.reloadProof(TestFile.java:314)
Caused by: de.uka.ilkd.key.proof.io.ProblemLoaderException: Error loading proof.
Line 105, goal 14, rule createdOnHeapImpliesCreatedOnPermissions not available or not applicable in this context.
	at de.uka.ilkd.key.proof.io.IntermediateProofReplayer.reportError(IntermediateProofReplayer.java:782)
Caused by: de.uka.ilkd.key.proof.io.IntermediateProofReplayer$TacletAppConstructionException: Unknown taclet with name "createdOnHeapImpliesCreatedOnPermissions"
	at de.uka.ilkd.key.proof.io.IntermediateProofReplayer.constructTacletApp(IntermediateProofReplayer.java:432)

791945     WARN  main            d.u.i.k.p.r.p.ForkedTestFileRunner Run failed java.lang.Exception: Exception while loading proof (see cause for details): /home/runner/work/key/key/key.core/../key.ui/examples/heap/permissions/lockspec/Counter_lockState_accessible.key.proof
	at de.uka.ilkd.key.proof.runallproofs.proofcollection.TestFile.reloadProof(TestFile.java:314)
Caused by: de.uka.ilkd.key.proof.io.ProblemLoaderException: Error loading proof.
Line 105, goal 14, rule createdOnHeapImpliesCreatedOnPermissions not available or not applicable in this context.
	at de.uka.ilkd.key.proof.io.IntermediateProofReplayer.reportError(IntermediateProofReplayer.java:782)
Caused by: de.uka.ilkd.key.proof.io.IntermediateProofReplayer$TacletAppConstructionException: Unknown taclet with name "createdOnHeapImpliesCreatedOnPermissions"
	at de.uka.ilkd.key.proof.io.IntermediateProofReplayer.constructTacletApp(IntermediateProofReplayer.java:432)

791947     INFO  main            d.u.i.k.p.r.p.TestFile    Now processing file /home/runner/work/key/key/key.core/../key.ui/examples/heap/permissions/lockspec/Counter_lockStatus_accessible.key 
791955     INFO  main            d.u.i.k.p.i.AbstractProblemLoader Loading environment from /home/runner/work/key/key/key.core/../key.ui/examples/heap/permissions/lockspec/Counter_lockStatus_accessible.key 
791956     DEBUG main            d.u.i.k.p.i.AbstractProblemLoader Environment load took 496.4ns 
791957     INFO  main            d.u.i.k.p.i.AbstractProblemLoader Creating init config 
795066     DEBUG main            d.u.i.k.p.i.AbstractProblemLoader Init config took 3.11s 
795117     INFO  main            d.u.i.k.p.i.AbstractProblemLoader Replaying proof Counter[LockSpec::lockStatus(boolean)].JML accessible clause.0 
795118     DEBUG main            d.u.i.k.p.i.IntermediateProofReplayer Proof replay took 7.2ns 
795219     INFO  main            d.u.i.k.p.r.p.TestFile    ... finished proof: closed. 
795844     INFO  main            d.u.i.k.p.i.AbstractProblemLoader Loading environment from /home/runner/work/key/key/key.core/../key.ui/examples/heap/permissions/lockspec/Counter_lockStatus_accessible.key.proof 
795844     DEBUG main            d.u.i.k.p.i.AbstractProblemLoader Environment load took 69.1ns 
795845     INFO  main            d.u.i.k.p.i.AbstractProblemLoader Creating init config 
798907     DEBUG main            d.u.i.k.p.i.AbstractProblemLoader Init config took 3.06s 
798964     INFO  main            d.u.i.k.p.i.AbstractProblemLoader Replaying proof Counter[LockSpec::lockStatus(boolean)].JML accessible clause.0 
798969     DEBUG main            d.u.i.k.p.i.IntermediateProofReplayer Proof replay took 2.19ms 
798969     WARN  main            d.u.i.k.p.r.p.TestFile    Replay exception de.uka.ilkd.key.proof.io.ProblemLoaderException: Error loading proof.
Line 105, goal 14, rule createdOnHeapImpliesCreatedOnPermissions not available or not applicable in this context.
	at de.uka.ilkd.key.proof.io.IntermediateProofReplayer.reportError(IntermediateProofReplayer.java:782)
Caused by: de.uka.ilkd.key.proof.io.IntermediateProofReplayer$TacletAppConstructionException: Unknown taclet with name "createdOnHeapImpliesCreatedOnPermissions"
	at de.uka.ilkd.key.proof.io.IntermediateProofReplayer.constructTacletApp(IntermediateProofReplayer.java:432)

798970     DEBUG main            d.u.i.k.p.r.p.TestFile    Exception java.lang.Exception: Exception while loading proof (see cause for details): /home/runner/work/key/key/key.core/../key.ui/examples/heap/permissions/lockspec/Counter_lockStatus_accessible.key.proof
	at de.uka.ilkd.key.proof.runallproofs.proofcollection.TestFile.reloadProof(TestFile.java:314)
Caused by: de.uka.ilkd.key.proof.io.ProblemLoaderException: Error loading proof.
Line 105, goal 14, rule createdOnHeapImpliesCreatedOnPermissions not available or not applicable in this context.
	at de.uka.ilkd.key.proof.io.IntermediateProofReplayer.reportError(IntermediateProofReplayer.java:782)
Caused by: de.uka.ilkd.key.proof.io.IntermediateProofReplayer$TacletAppConstructionException: Unknown taclet with name "createdOnHeapImpliesCreatedOnPermissions"
	at de.uka.ilkd.key.proof.io.IntermediateProofReplayer.constructTacletApp(IntermediateProofReplayer.java:432)

798971     WARN  main            d.u.i.k.p.r.p.ForkedTestFileRunner Run failed java.lang.Exception: Exception while loading proof (see cause for details): /home/runner/work/key/key/key.core/../key.ui/examples/heap/permissions/lockspec/Counter_lockStatus_accessible.key.proof
	at de.uka.ilkd.key.proof.runallproofs.proofcollection.TestFile.reloadProof(TestFile.java:314)
Caused by: de.uka.ilkd.key.proof.io.ProblemLoaderException: Error loading proof.
Line 105, goal 14, rule createdOnHeapImpliesCreatedOnPermissions not available or not applicable in this context.
	at de.uka.ilkd.key.proof.io.IntermediateProofReplayer.reportError(IntermediateProofReplayer.java:782)
Caused by: de.uka.ilkd.key.proof.io.IntermediateProofReplayer$TacletAppConstructionException: Unknown taclet with name "createdOnHeapImpliesCreatedOnPermissions"
	at de.uka.ilkd.key.proof.io.IntermediateProofReplayer.constructTacletApp(IntermediateProofReplayer.java:432)

798973     INFO  main            d.u.i.k.p.r.p.TestFile    Now processing file /home/runner/work/key/key/key.core/../key.ui/examples/heap/permissions/lockspec/Counter_lockTransfer_accessible.key 
798973     INFO  main            d.u.i.k.p.i.AbstractProblemLoader Loading environment from /home/runner/work/key/key/key.core/../key.ui/examples/heap/permissions/lockspec/Counter_lockTransfer_accessible.key 
798973     DEBUG main            d.u.i.k.p.i.AbstractProblemLoader Environment load took 123.7ns 
798974     INFO  main            d.u.i.k.p.i.AbstractProblemLoader Creating init config 
802137     DEBUG main            d.u.i.k.p.i.AbstractProblemLoader Init config took 3.16s 
802189     INFO  main            d.u.i.k.p.i.AbstractProblemLoader Replaying proof Counter[LockSpec::lockTransfer()].JML accessible clause.0 
802190     DEBUG main            d.u.i.k.p.i.IntermediateProofReplayer Proof replay took 7.1ns 
802492     INFO  main            d.u.i.k.p.r.p.TestFile    ... finished proof: closed. 
803109     INFO  main            d.u.i.k.p.i.AbstractProblemLoader Loading environment from /home/runner/work/key/key/key.core/../key.ui/examples/heap/permissions/lockspec/Counter_lockTransfer_accessible.key.proof 
803109     DEBUG main            d.u.i.k.p.i.AbstractProblemLoader Environment load took 70.7ns 
803110     INFO  main            d.u.i.k.p.i.AbstractProblemLoader Creating init config 
806141     DEBUG main            d.u.i.k.p.i.AbstractProblemLoader Init config took 3.03s 
806197     INFO  main            d.u.i.k.p.i.AbstractProblemLoader Replaying proof Counter[LockSpec::lockTransfer()].JML accessible clause.0 
806203     DEBUG main            d.u.i.k.p.i.IntermediateProofReplayer Proof replay took 3.22ms 
806204     WARN  main            d.u.i.k.p.r.p.TestFile    Replay exception de.uka.ilkd.key.proof.io.ProblemLoaderException: Error loading proof.
Line 112, goal 21, rule createdOnHeapImpliesCreatedOnPermissions not available or not applicable in this context.
	at de.uka.ilkd.key.proof.io.IntermediateProofReplayer.reportError(IntermediateProofReplayer.java:782)
Caused by: de.uka.ilkd.key.proof.io.IntermediateProofReplayer$TacletAppConstructionException: Unknown taclet with name "createdOnHeapImpliesCreatedOnPermissions"
	at de.uka.ilkd.key.proof.io.IntermediateProofReplayer.constructTacletApp(IntermediateProofReplayer.java:432)

806204     DEBUG main            d.u.i.k.p.r.p.TestFile    Exception java.lang.Exception: Exception while loading proof (see cause for details): /home/runner/work/key/key/key.core/../key.ui/examples/heap/permissions/lockspec/Counter_lockTransfer_accessible.key.proof
	at de.uka.ilkd.key.proof.runallproofs.proofcollection.TestFile.reloadProof(TestFile.java:314)
Caused by: de.uka.ilkd.key.proof.io.ProblemLoaderException: Error loading proof.
Line 112, goal 21, rule createdOnHeapImpliesCreatedOnPermissions not available or not applicable in this context.
	at de.uka.ilkd.key.proof.io.IntermediateProofReplayer.reportError(IntermediateProofReplayer.java:782)
Caused by: de.uka.ilkd.key.proof.io.IntermediateProofReplayer$TacletAppConstructionException: Unknown taclet with name "createdOnHeapImpliesCreatedOnPermissions"
	at de.uka.ilkd.key.proof.io.IntermediateProofReplayer.constructTacletApp(IntermediateProofReplayer.java:432)

806204     WARN  main            d.u.i.k.p.r.p.ForkedTestFileRunner Run failed java.lang.Exception: Exception while loading proof (see cause for details): /home/runner/work/key/key/key.core/../key.ui/examples/heap/permissions/lockspec/Counter_lockTransfer_accessible.key.proof
	at de.uka.ilkd.key.proof.runallproofs.proofcollection.TestFile.reloadProof(TestFile.java:314)
Caused by: de.uka.ilkd.key.proof.io.ProblemLoaderException: Error loading proof.
Line 112, goal 21, rule createdOnHeapImpliesCreatedOnPermissions not available or not applicable in this context.
	at de.uka.ilkd.key.proof.io.IntermediateProofReplayer.reportError(IntermediateProofReplayer.java:782)
Caused by: de.uka.ilkd.key.proof.io.IntermediateProofReplayer$TacletAppConstructionException: Unknown taclet with name "createdOnHeapImpliesCreatedOnPermissions"
	at de.uka.ilkd.key.proof.io.IntermediateProofReplayer.constructTacletApp(IntermediateProofReplayer.java:432)

806206     INFO  main            d.u.i.k.p.r.p.TestFile    Now processing file /home/runner/work/key/key/key.core/../key.ui/examples/heap/permissions/lockspec/Counter_unlockTransfer_accessible.key 
806206     INFO  main            d.u.i.k.p.i.AbstractProblemLoader Loading environment from /home/runner/work/key/key/key.core/../key.ui/examples/heap/permissions/lockspec/Counter_unlockTransfer_accessible.key 
806206     DEBUG main            d.u.i.k.p.i.AbstractProblemLoader Environment load took 186.1ns 
806207     INFO  main            d.u.i.k.p.i.AbstractProblemLoader Creating init config 
809412     DEBUG main            d.u.i.k.p.i.AbstractProblemLoader Init config took 3.2s 
809463     INFO  main            d.u.i.k.p.i.AbstractProblemLoader Replaying proof Counter[LockSpec::unlockTransfer()].JML accessible clause.0 
809465     DEBUG main            d.u.i.k.p.i.IntermediateProofReplayer Proof replay took 21.9ns 
809767     INFO  main            d.u.i.k.p.r.p.TestFile    ... finished proof: closed. 
810423     INFO  main            d.u.i.k.p.i.AbstractProblemLoader Loading environment from /home/runner/work/key/key/key.core/../key.ui/examples/heap/permissions/lockspec/Counter_unlockTransfer_accessible.key.proof 
810423     DEBUG main            d.u.i.k.p.i.AbstractProblemLoader Environment load took 65.1ns 
810425     INFO  main            d.u.i.k.p.i.AbstractProblemLoader Creating init config 
813489     DEBUG main            d.u.i.k.p.i.AbstractProblemLoader Init config took 3.06s 
813552     INFO  main            d.u.i.k.p.i.AbstractProblemLoader Replaying proof Counter[LockSpec::unlockTransfer()].JML accessible clause.0 
813558     DEBUG main            d.u.i.k.p.i.IntermediateProofReplayer Proof replay took 3.62ms 
813559     WARN  main            d.u.i.k.p.r.p.TestFile    Replay exception de.uka.ilkd.key.proof.io.ProblemLoaderException: Error loading proof.
Line 112, goal 21, rule createdOnHeapImpliesCreatedOnPermissions not available or not applicable in this context.
	at de.uka.ilkd.key.proof.io.IntermediateProofReplayer.reportError(IntermediateProofReplayer.java:782)
Caused by: de.uka.ilkd.key.proof.io.IntermediateProofReplayer$TacletAppConstructionException: Unknown taclet with name "createdOnHeapImpliesCreatedOnPermissions"
	at de.uka.ilkd.key.proof.io.IntermediateProofReplayer.constructTacletApp(IntermediateProofReplayer.java:432)

813559     DEBUG main            d.u.i.k.p.r.p.TestFile    Exception java.lang.Exception: Exception while loading proof (see cause for details): /home/runner/work/key/key/key.core/../key.ui/examples/heap/permissions/lockspec/Counter_unlockTransfer_accessible.key.proof
	at de.uka.ilkd.key.proof.runallproofs.proofcollection.TestFile.reloadProof(TestFile.java:314)
Caused by: de.uka.ilkd.key.proof.io.ProblemLoaderException: Error loading proof.
Line 112, goal 21, rule createdOnHeapImpliesCreatedOnPermissions not available or not applicable in this context.
	at de.uka.ilkd.key.proof.io.IntermediateProofReplayer.reportError(IntermediateProofReplayer.java:782)
Caused by: de.uka.ilkd.key.proof.io.IntermediateProofReplayer$TacletAppConstructionException: Unknown taclet with name "createdOnHeapImpliesCreatedOnPermissions"
	at de.uka.ilkd.key.proof.io.IntermediateProofReplayer.constructTacletApp(IntermediateProofReplayer.java:432)

813560     WARN  main            d.u.i.k.p.r.p.ForkedTestFileRunner Run failed java.lang.Exception: Exception while loading proof (see cause for details): /home/runner/work/key/key/key.core/../key.ui/examples/heap/permissions/lockspec/Counter_unlockTransfer_accessible.key.proof
	at de.uka.ilkd.key.proof.runallproofs.proofcollection.TestFile.reloadProof(TestFile.java:314)
Caused by: de.uka.ilkd.key.proof.io.ProblemLoaderException: Error loading proof.
Line 112, goal 21, rule createdOnHeapImpliesCreatedOnPermissions not available or not applicable in this context.
	at de.uka.ilkd.key.proof.io.IntermediateProofReplayer.reportError(IntermediateProofReplayer.java:782)
Caused by: de.uka.ilkd.key.proof.io.IntermediateProofReplayer$TacletAppConstructionException: Unknown taclet with name "createdOnHeapImpliesCreatedOnPermissions"
	at de.uka.ilkd.key.proof.io.IntermediateProofReplayer.constructTacletApp(IntermediateProofReplayer.java:432)

813562     INFO  main            d.u.i.k.p.r.p.TestFile    Now processing file /home/runner/work/key/key/key.core/../key.ui/examples/heap/permissions/threads/Plotter_startTransfer_contract.proof 
813562     INFO  main            d.u.i.k.p.i.AbstractProblemLoader Loading environment from /home/runner/work/key/key/key.core/../key.ui/examples/heap/permissions/threads/Plotter_startTransfer_contract.proof 
813562     DEBUG main            d.u.i.k.p.i.AbstractProblemLoader Environment load took 131.8ns 
813563     INFO  main            d.u.i.k.p.i.AbstractProblemLoader Creating init config 
818233     DEBUG main            d.u.i.k.p.i.AbstractProblemLoader Init config took 4.67s 
818314     INFO  main            d.u.i.k.p.i.AbstractProblemLoader Replaying proof Plotter[ThreadSpec2::startTransfer()].JML model_behavior operation contract.0 
818401     DEBUG main            d.u.i.k.p.i.IntermediateProofReplayer Proof replay took 82.15ms 
818402     INFO  main            d.u.i.k.p.r.p.TestFile    ... success: loaded 
818404     INFO  main            d.u.i.k.p.r.p.TestFile    Now processing file /home/runner/work/key/key/key.core/../key.ui/examples/heap/permissions/threads/Plotter_startTransfer_accessible.proof 
818404     INFO  main            d.u.i.k.p.i.AbstractProblemLoader Loading environment from /home/runner/work/key/key/key.core/../key.ui/examples/heap/permissions/threads/Plotter_startTransfer_accessible.proof 
818404     DEBUG main            d.u.i.k.p.i.AbstractProblemLoader Environment load took 58.7ns 
818405     INFO  main            d.u.i.k.p.i.AbstractProblemLoader Creating init config 
823160     DEBUG main            d.u.i.k.p.i.AbstractProblemLoader Init config took 4.75s 
823242     INFO  main            d.u.i.k.p.i.AbstractProblemLoader Replaying proof Plotter[ThreadSpec2::startTransfer()].JML accessible clause.0 
823378     DEBUG main            d.u.i.k.p.i.IntermediateProofReplayer Proof replay took 120.83ms 
823379     INFO  main            d.u.i.k.p.r.p.TestFile    ... success: loaded 
823388     INFO  main            d.u.i.k.p.r.p.TestFile    Now processing file /home/runner/work/key/key/key.core/../key.ui/examples/heap/permissions/threads/Plotter_joinTransfer_accessible.proof 
823388     INFO  main            d.u.i.k.p.i.AbstractProblemLoader Loading environment from /home/runner/work/key/key/key.core/../key.ui/examples/heap/permissions/threads/Plotter_joinTransfer_accessible.proof 
823388     DEBUG main            d.u.i.k.p.i.AbstractProblemLoader Environment load took 36.8ns 
823389     INFO  main            d.u.i.k.p.i.AbstractProblemLoader Creating init config 
828047     DEBUG main            d.u.i.k.p.i.AbstractProblemLoader Init config took 4.66s 
828144     INFO  main            d.u.i.k.p.i.AbstractProblemLoader Replaying proof Plotter[ThreadSpec2::joinTransfer()].JML accessible clause.0 
828150     WARN  main            d.u.i.k.p.i.IntermediateProofReplayer Proof contains wrong number of \assumes instatiations for Definition_axiom_for_stateInv_in_Plotter 
828152     WARN  main            d.u.i.k.p.i.IntermediateProofReplayer Proof contains wrong number of \assumes instatiations for Definition_axiom_for_stateInv_in_Plotter 
828154     WARN  main            d.u.i.k.p.i.IntermediateProofReplayer Proof contains wrong number of \assumes instatiations for Definition_axiom_for_workingPermissions_in_Plotter 
828154     WARN  main            d.u.i.k.p.i.IntermediateProofReplayer Proof contains wrong number of \assumes instatiations for Definition_axiom_for_staticPermissions_in_Plotter 
828155     WARN  main            d.u.i.k.p.i.IntermediateProofReplayer Proof contains wrong number of \assumes instatiations for Definition_axiom_for_joinTransfer_in_Plotter 
828157     WARN  main            d.u.i.k.p.i.IntermediateProofReplayer Proof contains wrong number of \assumes instatiations for Definition_axiom_for_stateInv_in_BFilter 
828158     WARN  main            d.u.i.k.p.i.IntermediateProofReplayer Proof contains wrong number of \assumes instatiations for Definition_axiom_for_stateInv_in_AFilter 
828159     WARN  main            d.u.i.k.p.i.IntermediateProofReplayer Proof contains wrong number of \assumes instatiations for Definition_axiom_for_stateInv_in_BFilter 
828161     WARN  main            d.u.i.k.p.i.IntermediateProofReplayer Proof contains wrong number of \assumes instatiations for Definition_axiom_for_stateInv_in_AFilter 
828162     WARN  main            d.u.i.k.p.i.IntermediateProofReplayer Proof contains wrong number of \assumes instatiations for Definition_axiom_for_staticPermissions_in_AFilter 
828163     WARN  main            d.u.i.k.p.i.IntermediateProofReplayer Proof contains wrong number of \assumes instatiations for Definition_axiom_for_staticPermissions_in_Plotter 
828164     WARN  main            d.u.i.k.p.i.IntermediateProofReplayer Proof contains wrong number of \assumes instatiations for Definition_axiom_for_staticPermissions_in_BFilter 
828164     WARN  main            d.u.i.k.p.i.IntermediateProofReplayer Proof contains wrong number of \assumes instatiations for Definition_axiom_for_workingPermissions_in_Plotter 
828165     WARN  main            d.u.i.k.p.i.IntermediateProofReplayer Proof contains wrong number of \assumes instatiations for Definition_axiom_for_stateInv_in_Sampler 
828166     WARN  main            d.u.i.k.p.i.IntermediateProofReplayer Proof contains wrong number of \assumes instatiations for Definition_axiom_for_stateInv_in_Sampler 
828166     WARN  main            d.u.i.k.p.i.IntermediateProofReplayer Proof contains wrong number of \assumes instatiations for Definition_axiom_for_staticPermissions_in_Sampler 
828167     WARN  main            d.u.i.k.p.i.IntermediateProofReplayer Proof contains wrong number of \assumes instatiations for Definition_axiom_for_staticPermissions_in_BFilter 
828168     WARN  main            d.u.i.k.p.i.IntermediateProofReplayer Proof contains wrong number of \assumes instatiations for Definition_axiom_for_staticPermissions_in_AFilter 
828168     WARN  main            d.u.i.k.p.i.IntermediateProofReplayer Proof contains wrong number of \assumes instatiations for Definition_axiom_for_staticPermissions_in_Sampler 
828169     WARN  main            d.u.i.k.p.i.IntermediateProofReplayer Proof contains wrong number of \assumes instatiations for Definition_axiom_for_staticPermissions_in_Sampler 
828169     WARN  main            d.u.i.k.p.i.IntermediateProofReplayer Proof contains wrong number of \assumes instatiations for Definition_axiom_for_staticPermissions_in_Sampler 
828170     WARN  main            d.u.i.k.p.i.IntermediateProofReplayer Proof contains wrong number of \assumes instatiations for Definition_axiom_for_joinTransfer_in_Plotter 
828249     DEBUG main            d.u.i.k.p.i.IntermediateProofReplayer Proof replay took 102.26ms 
828249     INFO  main            d.u.i.k.p.r.p.TestFile    ... success: loaded 
4936234    INFO  Test worker     d.u.i.k.p.r.RunAllProofsTestUnit Running test completionScopes 
377        INFO  Timeout watchdog d.u.i.k.p.r.p.ForkedTestFileRunner Timeout watcher launched (2000 secs.) 
411        WARN  main            d.u.i.k.s.ProofSettings   The settings in /home/runner/.key/proof-settings.props are *not* read. 
494        INFO  main            d.u.i.k.p.r.p.TestFile    Now processing file /home/runner/work/key/key/key.core/../key.ui/examples/completionscopes/testCcatchReturnVal.key 
717        INFO  main            d.u.i.k.p.i.AbstractProblemLoader Loading environment from /home/runner/work/key/key/key.core/../key.ui/examples/completionscopes/testCcatchReturnVal.key 
739        DEBUG main            d.u.i.k.p.i.AbstractProblemLoader Environment load took 2.03ms 
959        INFO  main            d.u.i.k.p.i.AbstractProblemLoader Creating init config 
1903       DEBUG main            d.u.i.k.j.TypeConverter   No LDT found for Meta 
1903       DEBUG main            d.u.i.k.j.TypeConverter   No LDT found for Meta 
1906       DEBUG main            d.u.i.k.j.TypeConverter   No LDT found for Meta 
1906       DEBUG main            d.u.i.k.j.TypeConverter   No LDT found for Meta 
3203       DEBUG main            d.u.i.k.j.TypeConverter   No LDT found for JavaBigintExpression 
7971       DEBUG main            d.u.i.k.p.i.AbstractProblemLoader Init config took 7.01s 
8095       INFO  main            d.u.i.k.p.i.AbstractProblemLoader Replaying proof CompletionScopes[CompletionScopes::testCcatchReturnVal()].JML normal_behavior operation contract.0 
8127       DEBUG main            d.u.i.k.p.i.IntermediateProofReplayer Proof replay took 31.4ns 
8587       INFO  main            d.u.i.k.p.r.p.TestFile    ... finished proof: closed. 
8717       INFO  main            d.u.i.k.p.i.AbstractProblemLoader Loading environment from /home/runner/work/key/key/key.core/../key.ui/examples/completionscopes/testCcatchReturnVal.key.proof 
8718       DEBUG main            d.u.i.k.p.i.AbstractProblemLoader Environment load took 133.6ns 
8720       INFO  main            d.u.i.k.p.i.AbstractProblemLoader Creating init config 
11410      DEBUG main            d.u.i.k.p.i.AbstractProblemLoader Init config took 2.69s 
11475      INFO  main            d.u.i.k.p.i.AbstractProblemLoader Replaying proof CompletionScopes[CompletionScopes::testCcatchReturnVal()].JML normal_behavior operation contract.0 
11520      DEBUG main            d.u.i.k.p.i.IntermediateProofReplayer Proof replay took 40.31ms 
11521      WARN  main            d.u.i.k.p.r.p.TestFile    Replay exception de.uka.ilkd.key.proof.io.ProblemLoaderException: Error loading proof.
Line 99, goal 10, rule Class_invariant_axiom_for_CompletionScopes not available or not applicable in this context.
	at de.uka.ilkd.key.proof.io.IntermediateProofReplayer.reportError(IntermediateProofReplayer.java:782)
Caused by: java.lang.IndexOutOfBoundsException: Index: 1, Size: 1
	at java.base/java.util.LinkedList.checkElementIndex(LinkedList.java:559)

11523      WARN  main            d.u.i.k.p.r.p.TestFile    Replay exception de.uka.ilkd.key.proof.io.ProblemLoaderException: Error loading proof.
Line 134, goal 46, rule Class_invariant_axiom_for_CompletionScopes not available or not applicable in this context.
	at de.uka.ilkd.key.proof.io.IntermediateProofReplayer.reportError(IntermediateProofReplayer.java:782)
Caused by: java.lang.IndexOutOfBoundsException: Index: 1, Size: 1
	at java.base/java.util.LinkedList.checkElementIndex(LinkedList.java:559)

11528      DEBUG main            d.u.i.k.p.r.p.TestFile    Exception java.lang.Exception: Exception while loading proof (see cause for details): /home/runner/work/key/key/key.core/../key.ui/examples/completionscopes/testCcatchReturnVal.key.proof
	at de.uka.ilkd.key.proof.runallproofs.proofcollection.TestFile.reloadProof(TestFile.java:314)
Caused by: de.uka.ilkd.key.proof.io.ProblemLoaderException: Error loading proof.
Line 99, goal 10, rule Class_invariant_axiom_for_CompletionScopes not available or not applicable in this context.
	at de.uka.ilkd.key.proof.io.IntermediateProofReplayer.reportError(IntermediateProofReplayer.java:782)
Caused by: java.lang.IndexOutOfBoundsException: Index: 1, Size: 1
	at java.base/java.util.LinkedList.checkElementIndex(LinkedList.java:559)

11529      WARN  main            d.u.i.k.p.r.p.ForkedTestFileRunner Run failed java.lang.Exception: Exception while loading proof (see cause for details): /home/runner/work/key/key/key.core/../key.ui/examples/completionscopes/testCcatchReturnVal.key.proof
	at de.uka.ilkd.key.proof.runallproofs.proofcollection.TestFile.reloadProof(TestFile.java:314)
Caused by: de.uka.ilkd.key.proof.io.ProblemLoaderException: Error loading proof.
Line 99, goal 10, rule Class_invariant_axiom_for_CompletionScopes not available or not applicable in this context.
	at de.uka.ilkd.key.proof.io.IntermediateProofReplayer.reportError(IntermediateProofReplayer.java:782)
Caused by: java.lang.IndexOutOfBoundsException: Index: 1, Size: 1
	at java.base/java.util.LinkedList.checkElementIndex(LinkedList.java:559)

11532      INFO  main            d.u.i.k.p.r.p.TestFile    Now processing file /home/runner/work/key/key/key.core/../key.ui/examples/completionscopes/testMultCcatchClauses.key 
11533      INFO  main            d.u.i.k.p.i.AbstractProblemLoader Loading environment from /home/runner/work/key/key/key.core/../key.ui/examples/completionscopes/testMultCcatchClauses.key 
11533      DEBUG main            d.u.i.k.p.i.AbstractProblemLoader Environment load took 183.6ns 
11535      INFO  main            d.u.i.k.p.i.AbstractProblemLoader Creating init config 
14181      DEBUG main            d.u.i.k.p.i.AbstractProblemLoader Init config took 2.65s 
14240      INFO  main            d.u.i.k.p.i.AbstractProblemLoader Replaying proof CompletionScopes[CompletionScopes::testMultCcatchClauses()].JML normal_behavior operation contract.0 
14243      DEBUG main            d.u.i.k.p.i.IntermediateProofReplayer Proof replay took 6.3ns 
14648      INFO  main            d.u.i.k.p.r.p.TestFile    ... finished proof: closed. 
14779      INFO  main            d.u.i.k.p.i.AbstractProblemLoader Loading environment from /home/runner/work/key/key/key.core/../key.ui/examples/completionscopes/testMultCcatchClauses.key.proof 
14779      DEBUG main            d.u.i.k.p.i.AbstractProblemLoader Environment load took 124.5ns 
14787      INFO  main            d.u.i.k.p.i.AbstractProblemLoader Creating init config 
17300      DEBUG main            d.u.i.k.p.i.AbstractProblemLoader Init config took 2.51s 
17387      INFO  main            d.u.i.k.p.i.AbstractProblemLoader Replaying proof CompletionScopes[CompletionScopes::testMultCcatchClauses()].JML normal_behavior operation contract.0 
17506      DEBUG main            d.u.i.k.p.i.IntermediateProofReplayer Proof replay took 110.05ms 
17507      WARN  main            d.u.i.k.p.r.p.TestFile    Replay exception de.uka.ilkd.key.proof.io.ProblemLoaderException: Error loading proof.
Line 99, goal 10, rule Class_invariant_axiom_for_CompletionScopes not available or not applicable in this context.
	at de.uka.ilkd.key.proof.io.IntermediateProofReplayer.reportError(IntermediateProofReplayer.java:782)
Caused by: java.lang.IndexOutOfBoundsException: Index: 1, Size: 1
	at java.base/java.util.LinkedList.checkElementIndex(LinkedList.java:559)

17508      WARN  main            d.u.i.k.p.r.p.TestFile    Replay exception de.uka.ilkd.key.proof.io.ProblemLoaderException: Error loading proof.
Line 249, goal 155, rule Class_invariant_axiom_for_CompletionScopes not available or not applicable in this context.
	at de.uka.ilkd.key.proof.io.IntermediateProofReplayer.reportError(IntermediateProofReplayer.java:782)
Caused by: java.lang.IndexOutOfBoundsException: Index: 1, Size: 1
	at java.base/java.util.LinkedList.checkElementIndex(LinkedList.java:559)

17508      DEBUG main            d.u.i.k.p.r.p.TestFile    Exception java.lang.Exception: Exception while loading proof (see cause for details): /home/runner/work/key/key/key.core/../key.ui/examples/completionscopes/testMultCcatchClauses.key.proof
	at de.uka.ilkd.key.proof.runallproofs.proofcollection.TestFile.reloadProof(TestFile.java:314)
Caused by: de.uka.ilkd.key.proof.io.ProblemLoaderException: Error loading proof.
Line 99, goal 10, rule Class_invariant_axiom_for_CompletionScopes not available or not applicable in this context.
	at de.uka.ilkd.key.proof.io.IntermediateProofReplayer.reportError(IntermediateProofReplayer.java:782)
Caused by: java.lang.IndexOutOfBoundsException: Index: 1, Size: 1
	at java.base/java.util.LinkedList.checkElementIndex(LinkedList.java:559)

17509      WARN  main            d.u.i.k.p.r.p.ForkedTestFileRunner Run failed java.lang.Exception: Exception while loading proof (see cause for details): /home/runner/work/key/key/key.core/../key.ui/examples/completionscopes/testMultCcatchClauses.key.proof
	at de.uka.ilkd.key.proof.runallproofs.proofcollection.TestFile.reloadProof(TestFile.java:314)
Caused by: de.uka.ilkd.key.proof.io.ProblemLoaderException: Error loading proof.
Line 99, goal 10, rule Class_invariant_axiom_for_CompletionScopes not available or not applicable in this context.
	at de.uka.ilkd.key.proof.io.IntermediateProofReplayer.reportError(IntermediateProofReplayer.java:782)
Caused by: java.lang.IndexOutOfBoundsException: Index: 1, Size: 1
	at java.base/java.util.LinkedList.checkElementIndex(LinkedList.java:559)

17512      INFO  main            d.u.i.k.p.r.p.TestFile    Now processing file /home/runner/work/key/key/key.core/../key.ui/examples/completionscopes/testNestedExec.key 
17512      INFO  main            d.u.i.k.p.i.AbstractProblemLoader Loading environment from /home/runner/work/key/key/key.core/../key.ui/examples/completionscopes/testNestedExec.key 
17515      DEBUG main            d.u.i.k.p.i.AbstractProblemLoader Environment load took 2.76ms 
17518      INFO  main            d.u.i.k.p.i.AbstractProblemLoader Creating init config 
20095      DEBUG main            d.u.i.k.p.i.AbstractProblemLoader Init config took 2.58s 
20147      INFO  main            d.u.i.k.p.i.AbstractProblemLoader Replaying proof CompletionScopes[CompletionScopes::testMultCcatchClauses()].JML normal_behavior operation contract.0 
20149      DEBUG main            d.u.i.k.p.i.IntermediateProofReplayer Proof replay took 5.2ns 
20452      INFO  main            d.u.i.k.p.r.p.TestFile    ... finished proof: closed. 
20610      INFO  main            d.u.i.k.p.i.AbstractProblemLoader Loading environment from /home/runner/work/key/key/key.core/../key.ui/examples/completionscopes/testNestedExec.key.proof 
20611      DEBUG main            d.u.i.k.p.i.AbstractProblemLoader Environment load took 470.4ns 
20612      INFO  main            d.u.i.k.p.i.AbstractProblemLoader Creating init config 
23047      DEBUG main            d.u.i.k.p.i.AbstractProblemLoader Init config took 2.44s 
23109      INFO  main            d.u.i.k.p.i.AbstractProblemLoader Replaying proof CompletionScopes[CompletionScopes::testMultCcatchClauses()].JML normal_behavior operation contract.0 
23193      DEBUG main            d.u.i.k.p.i.IntermediateProofReplayer Proof replay took 79.75ms 
23194      WARN  main            d.u.i.k.p.r.p.TestFile    Replay exception de.uka.ilkd.key.proof.io.ProblemLoaderException: Error loading proof.
Line 99, goal 10, rule Class_invariant_axiom_for_CompletionScopes not available or not applicable in this context.
	at de.uka.ilkd.key.proof.io.IntermediateProofReplayer.reportError(IntermediateProofReplayer.java:782)
Caused by: java.lang.IndexOutOfBoundsException: Index: 1, Size: 1
	at java.base/java.util.LinkedList.checkElementIndex(LinkedList.java:559)

23194      WARN  main            d.u.i.k.p.r.p.TestFile    Replay exception de.uka.ilkd.key.proof.io.ProblemLoaderException: Error loading proof.
Line 249, goal 155, rule Class_invariant_axiom_for_CompletionScopes not available or not applicable in this context.
	at de.uka.ilkd.key.proof.io.IntermediateProofReplayer.reportError(IntermediateProofReplayer.java:782)
Caused by: java.lang.IndexOutOfBoundsException: Index: 1, Size: 1
	at java.base/java.util.LinkedList.checkElementIndex(LinkedList.java:559)

23195      DEBUG main            d.u.i.k.p.r.p.TestFile    Exception java.lang.Exception: Exception while loading proof (see cause for details): /home/runner/work/key/key/key.core/../key.ui/examples/completionscopes/testNestedExec.key.proof
	at de.uka.ilkd.key.proof.runallproofs.proofcollection.TestFile.reloadProof(TestFile.java:314)
Caused by: de.uka.ilkd.key.proof.io.ProblemLoaderException: Error loading proof.
Line 99, goal 10, rule Class_invariant_axiom_for_CompletionScopes not available or not applicable in this context.
	at de.uka.ilkd.key.proof.io.IntermediateProofReplayer.reportError(IntermediateProofReplayer.java:782)
Caused by: java.lang.IndexOutOfBoundsException: Index: 1, Size: 1
	at java.base/java.util.LinkedList.checkElementIndex(LinkedList.java:559)

23195      WARN  main            d.u.i.k.p.r.p.ForkedTestFileRunner Run failed java.lang.Exception: Exception while loading proof (see cause for details): /home/runner/work/key/key/key.core/../key.ui/examples/completionscopes/testNestedExec.key.proof
	at de.uka.ilkd.key.proof.runallproofs.proofcollection.TestFile.reloadProof(TestFile.java:314)
Caused by: de.uka.ilkd.key.proof.io.ProblemLoaderException: Error loading proof.
Line 99, goal 10, rule Class_invariant_axiom_for_CompletionScopes not available or not applicable in this context.
	at de.uka.ilkd.key.proof.io.IntermediateProofReplayer.reportError(IntermediateProofReplayer.java:782)
Caused by: java.lang.IndexOutOfBoundsException: Index: 1, Size: 1
	at java.base/java.util.LinkedList.checkElementIndex(LinkedList.java:559)

23197      INFO  main            d.u.i.k.p.r.p.TestFile    Now processing file /home/runner/work/key/key/key.core/../key.ui/examples/completionscopes/testCcatchBreakLabel.key 
23197      INFO  main            d.u.i.k.p.i.AbstractProblemLoader Loading environment from /home/runner/work/key/key/key.core/../key.ui/examples/completionscopes/testCcatchBreakLabel.key 
23197      DEBUG main            d.u.i.k.p.i.AbstractProblemLoader Environment load took 83.8ns 
23199      INFO  main            d.u.i.k.p.i.AbstractProblemLoader Creating init config 
25689      DEBUG main            d.u.i.k.p.i.AbstractProblemLoader Init config took 2.49s 
25733      INFO  main            d.u.i.k.p.i.AbstractProblemLoader Replaying proof CompletionScopes[CompletionScopes::testBreakLabel()].JML normal_behavior operation contract.0 
25734      DEBUG main            d.u.i.k.p.i.IntermediateProofReplayer Proof replay took 5.9ns 
25750      DEBUG Thread-10       d.u.i.k.l.o.ProgramSV     Match failed: Former match of  SchemaVariable incompatible with  the current match. 
25837      INFO  main            d.u.i.k.p.r.p.TestFile    ... finished proof: closed. 
25997      INFO  main            d.u.i.k.p.i.AbstractProblemLoader Loading environment from /home/runner/work/key/key/key.core/../key.ui/examples/completionscopes/testCcatchBreakLabel.key.proof 
25997      DEBUG main            d.u.i.k.p.i.AbstractProblemLoader Environment load took 108ns 
25999      INFO  main            d.u.i.k.p.i.AbstractProblemLoader Creating init config 
28421      DEBUG main            d.u.i.k.p.i.AbstractProblemLoader Init config took 2.42s 
28473      INFO  main            d.u.i.k.p.i.AbstractProblemLoader Replaying proof CompletionScopes[CompletionScopes::testBreakLabel()].JML normal_behavior operation contract.0 
28483      DEBUG main            d.u.i.k.p.i.IntermediateProofReplayer Proof replay took 8.27ms 
28484      WARN  main            d.u.i.k.p.r.p.TestFile    Replay exception de.uka.ilkd.key.proof.io.ProblemLoaderException: Error loading proof.
Line 99, goal 10, rule Class_invariant_axiom_for_CompletionScopes not available or not applicable in this context.
	at de.uka.ilkd.key.proof.io.IntermediateProofReplayer.reportError(IntermediateProofReplayer.java:782)
Caused by: java.lang.IndexOutOfBoundsException: Index: 1, Size: 1
	at java.base/java.util.LinkedList.checkElementIndex(LinkedList.java:559)

28484      WARN  main            d.u.i.k.p.r.p.TestFile    Replay exception de.uka.ilkd.key.proof.io.ProblemLoaderException: Error loading proof.
Line 115, goal 27, rule Class_invariant_axiom_for_CompletionScopes not available or not applicable in this context.
	at de.uka.ilkd.key.proof.io.IntermediateProofReplayer.reportError(IntermediateProofReplayer.java:782)
Caused by: java.lang.IndexOutOfBoundsException: Index: 1, Size: 1
	at java.base/java.util.LinkedList.checkElementIndex(LinkedList.java:559)

28484      DEBUG main            d.u.i.k.p.r.p.TestFile    Exception java.lang.Exception: Exception while loading proof (see cause for details): /home/runner/work/key/key/key.core/../key.ui/examples/completionscopes/testCcatchBreakLabel.key.proof
	at de.uka.ilkd.key.proof.runallproofs.proofcollection.TestFile.reloadProof(TestFile.java:314)
Caused by: de.uka.ilkd.key.proof.io.ProblemLoaderException: Error loading proof.
Line 99, goal 10, rule Class_invariant_axiom_for_CompletionScopes not available or not applicable in this context.
	at de.uka.ilkd.key.proof.io.IntermediateProofReplayer.reportError(IntermediateProofReplayer.java:782)
Caused by: java.lang.IndexOutOfBoundsException: Index: 1, Size: 1
	at java.base/java.util.LinkedList.checkElementIndex(LinkedList.java:559)

28485      WARN  main            d.u.i.k.p.r.p.ForkedTestFileRunner Run failed java.lang.Exception: Exception while loading proof (see cause for details): /home/runner/work/key/key/key.core/../key.ui/examples/completionscopes/testCcatchBreakLabel.key.proof
	at de.uka.ilkd.key.proof.runallproofs.proofcollection.TestFile.reloadProof(TestFile.java:314)
Caused by: de.uka.ilkd.key.proof.io.ProblemLoaderException: Error loading proof.
Line 99, goal 10, rule Class_invariant_axiom_for_CompletionScopes not available or not applicable in this context.
	at de.uka.ilkd.key.proof.io.IntermediateProofReplayer.reportError(IntermediateProofReplayer.java:782)
Caused by: java.lang.IndexOutOfBoundsException: Index: 1, Size: 1
	at java.base/java.util.LinkedList.checkElementIndex(LinkedList.java:559)

28487      INFO  main            d.u.i.k.p.r.p.TestFile    Now processing file /home/runner/work/key/key/key.core/../key.ui/examples/completionscopes/testCcatchContinueLabel.key 
28487      INFO  main            d.u.i.k.p.i.AbstractProblemLoader Loading environment from /home/runner/work/key/key/key.core/../key.ui/examples/completionscopes/testCcatchContinueLabel.key 
28487      DEBUG main            d.u.i.k.p.i.AbstractProblemLoader Environment load took 70.1ns 
28488      INFO  main            d.u.i.k.p.i.AbstractProblemLoader Creating init config 
30919      DEBUG main            d.u.i.k.p.i.AbstractProblemLoader Init config took 2.43s 
30969      INFO  main            d.u.i.k.p.i.AbstractProblemLoader Replaying proof CompletionScopes[CompletionScopes::testContinueLabel()].JML normal_behavior operation contract.0 
30972      DEBUG main            d.u.i.k.p.i.IntermediateProofReplayer Proof replay took 5.7ns 
31004      DEBUG Thread-13       d.u.i.k.l.o.ProgramSV     Match failed: Former match of  SchemaVariable incompatible with  the current match. 
31074      INFO  main            d.u.i.k.p.r.p.TestFile    ... finished proof: closed. 
31257      INFO  main            d.u.i.k.p.i.AbstractProblemLoader Loading environment from /home/runner/work/key/key/key.core/../key.ui/examples/completionscopes/testCcatchContinueLabel.key.proof 
31257      DEBUG main            d.u.i.k.p.i.AbstractProblemLoader Environment load took 109.3ns 
31258      INFO  main            d.u.i.k.p.i.AbstractProblemLoader Creating init config 
33693      DEBUG main            d.u.i.k.p.i.AbstractProblemLoader Init config took 2.43s 
33736      INFO  main            d.u.i.k.p.i.AbstractProblemLoader Replaying proof CompletionScopes[CompletionScopes::testContinueLabel()].JML normal_behavior operation contract.0 
33747      DEBUG main            d.u.i.k.p.i.IntermediateProofReplayer Proof replay took 9.07ms 
33748      WARN  main            d.u.i.k.p.r.p.TestFile    Replay exception de.uka.ilkd.key.proof.io.ProblemLoaderException: Error loading proof.
Line 99, goal 10, rule Class_invariant_axiom_for_CompletionScopes not available or not applicable in this context.
	at de.uka.ilkd.key.proof.io.IntermediateProofReplayer.reportError(IntermediateProofReplayer.java:782)
Caused by: java.lang.IndexOutOfBoundsException: Index: 1, Size: 1
	at java.base/java.util.LinkedList.checkElementIndex(LinkedList.java:559)

33748      WARN  main            d.u.i.k.p.r.p.TestFile    Replay exception de.uka.ilkd.key.proof.io.ProblemLoaderException: Error loading proof.
Line 118, goal 30, rule Class_invariant_axiom_for_CompletionScopes not available or not applicable in this context.
	at de.uka.ilkd.key.proof.io.IntermediateProofReplayer.reportError(IntermediateProofReplayer.java:782)
Caused by: java.lang.IndexOutOfBoundsException: Index: 1, Size: 1
	at java.base/java.util.LinkedList.checkElementIndex(LinkedList.java:559)

33749      DEBUG main            d.u.i.k.p.r.p.TestFile    Exception java.lang.Exception: Exception while loading proof (see cause for details): /home/runner/work/key/key/key.core/../key.ui/examples/completionscopes/testCcatchContinueLabel.key.proof
	at de.uka.ilkd.key.proof.runallproofs.proofcollection.TestFile.reloadProof(TestFile.java:314)
Caused by: de.uka.ilkd.key.proof.io.ProblemLoaderException: Error loading proof.
Line 99, goal 10, rule Class_invariant_axiom_for_CompletionScopes not available or not applicable in this context.
	at de.uka.ilkd.key.proof.io.IntermediateProofReplayer.reportError(IntermediateProofReplayer.java:782)
Caused by: java.lang.IndexOutOfBoundsException: Index: 1, Size: 1
	at java.base/java.util.LinkedList.checkElementIndex(LinkedList.java:559)

33749      WARN  main            d.u.i.k.p.r.p.ForkedTestFileRunner Run failed java.lang.Exception: Exception while loading proof (see cause for details): /home/runner/work/key/key/key.core/../key.ui/examples/completionscopes/testCcatchContinueLabel.key.proof
	at de.uka.ilkd.key.proof.runallproofs.proofcollection.TestFile.reloadProof(TestFile.java:314)
Caused by: de.uka.ilkd.key.proof.io.ProblemLoaderException: Error loading proof.
Line 99, goal 10, rule Class_invariant_axiom_for_CompletionScopes not available or not applicable in this context.
	at de.uka.ilkd.key.proof.io.IntermediateProofReplayer.reportError(IntermediateProofReplayer.java:782)
Caused by: java.lang.IndexOutOfBoundsException: Index: 1, Size: 1
	at java.base/java.util.LinkedList.checkElementIndex(LinkedList.java:559)

33751      INFO  main            d.u.i.k.p.r.p.TestFile    Now processing file /home/runner/work/key/key/key.core/../key.ui/examples/completionscopes/testCcatchBreakLabelWildcard.key 
33752      INFO  main            d.u.i.k.p.i.AbstractProblemLoader Loading environment from /home/runner/work/key/key/key.core/../key.ui/examples/completionscopes/testCcatchBreakLabelWildcard.key 
33752      DEBUG main            d.u.i.k.p.i.AbstractProblemLoader Environment load took 159.2ns 
33753      INFO  main            d.u.i.k.p.i.AbstractProblemLoader Creating init config 
36180      DEBUG main            d.u.i.k.p.i.AbstractProblemLoader Init config took 2.43s 
36221      INFO  main            d.u.i.k.p.i.AbstractProblemLoader Replaying proof CompletionScopes[CompletionScopes::testBreakLabelWildcard()].JML normal_behavior operation contract.0 
36223      DEBUG main            d.u.i.k.p.i.IntermediateProofReplayer Proof replay took 6.2ns 
36239      DEBUG Thread-16       d.u.i.k.l.o.ProgramSV     Match failed: Former match of  SchemaVariable incompatible with  the current match. 
36240      DEBUG Thread-16       d.u.i.k.l.o.ProgramSV     Match failed: Former match of  SchemaVariable incompatible with  the current match. 
36325      INFO  main            d.u.i.k.p.r.p.TestFile    ... finished proof: closed. 
36566      INFO  main            d.u.i.k.p.i.AbstractProblemLoader Loading environment from /home/runner/work/key/key/key.core/../key.ui/examples/completionscopes/testCcatchBreakLabelWildcard.key.proof 
36566      DEBUG main            d.u.i.k.p.i.AbstractProblemLoader Environment load took 108.4ns 
36567      INFO  main            d.u.i.k.p.i.AbstractProblemLoader Creating init config 
38914      DEBUG main            d.u.i.k.p.i.AbstractProblemLoader Init config took 2.35s 
38967      INFO  main            d.u.i.k.p.i.AbstractProblemLoader Replaying proof CompletionScopes[CompletionScopes::testBreakLabelWildcard()].JML normal_behavior operation contract.0 
38981      DEBUG main            d.u.i.k.p.i.IntermediateProofReplayer Proof replay took 10.84ms 
38982      WARN  main            d.u.i.k.p.r.p.TestFile    Replay exception de.uka.ilkd.key.proof.io.ProblemLoaderException: Error loading proof.
Line 99, goal 10, rule Class_invariant_axiom_for_CompletionScopes not available or not applicable in this context.
	at de.uka.ilkd.key.proof.io.IntermediateProofReplayer.reportError(IntermediateProofReplayer.java:782)
Caused by: java.lang.IndexOutOfBoundsException: Index: 1, Size: 1
	at java.base/java.util.LinkedList.checkElementIndex(LinkedList.java:559)

38983      WARN  main            d.u.i.k.p.r.p.TestFile    Replay exception de.uka.ilkd.key.proof.io.ProblemLoaderException: Error loading proof.
Line 116, goal 28, rule Class_invariant_axiom_for_CompletionScopes not available or not applicable in this context.
	at de.uka.ilkd.key.proof.io.IntermediateProofReplayer.reportError(IntermediateProofReplayer.java:782)
Caused by: java.lang.IndexOutOfBoundsException: Index: 1, Size: 1
	at java.base/java.util.LinkedList.checkElementIndex(LinkedList.java:559)

38983      DEBUG main            d.u.i.k.p.r.p.TestFile    Exception java.lang.Exception: Exception while loading proof (see cause for details): /home/runner/work/key/key/key.core/../key.ui/examples/completionscopes/testCcatchBreakLabelWildcard.key.proof
	at de.uka.ilkd.key.proof.runallproofs.proofcollection.TestFile.reloadProof(TestFile.java:314)
Caused by: de.uka.ilkd.key.proof.io.ProblemLoaderException: Error loading proof.
Line 99, goal 10, rule Class_invariant_axiom_for_CompletionScopes not available or not applicable in this context.
	at de.uka.ilkd.key.proof.io.IntermediateProofReplayer.reportError(IntermediateProofReplayer.java:782)
Caused by: java.lang.IndexOutOfBoundsException: Index: 1, Size: 1
	at java.base/java.util.LinkedList.checkElementIndex(LinkedList.java:559)

38984      WARN  main            d.u.i.k.p.r.p.ForkedTestFileRunner Run failed java.lang.Exception: Exception while loading proof (see cause for details): /home/runner/work/key/key/key.core/../key.ui/examples/completionscopes/testCcatchBreakLabelWildcard.key.proof
	at de.uka.ilkd.key.proof.runallproofs.proofcollection.TestFile.reloadProof(TestFile.java:314)
Caused by: de.uka.ilkd.key.proof.io.ProblemLoaderException: Error loading proof.
Line 99, goal 10, rule Class_invariant_axiom_for_CompletionScopes not available or not applicable in this context.
	at de.uka.ilkd.key.proof.io.IntermediateProofReplayer.reportError(IntermediateProofReplayer.java:782)
Caused by: java.lang.IndexOutOfBoundsException: Index: 1, Size: 1
	at java.base/java.util.LinkedList.checkElementIndex(LinkedList.java:559)

38986      INFO  main            d.u.i.k.p.r.p.TestFile    Now processing file /home/runner/work/key/key/key.core/../key.ui/examples/completionscopes/testCcatchContinueLabelWildcard.key 
38987      INFO  main            d.u.i.k.p.i.AbstractProblemLoader Loading environment from /home/runner/work/key/key/key.core/../key.ui/examples/completionscopes/testCcatchContinueLabelWildcard.key 
38987      DEBUG main            d.u.i.k.p.i.AbstractProblemLoader Environment load took 163.5ns 
38989      INFO  main            d.u.i.k.p.i.AbstractProblemLoader Creating init config 
41393      DEBUG main            d.u.i.k.p.i.AbstractProblemLoader Init config took 2.4s 
41432      INFO  main            d.u.i.k.p.i.AbstractProblemLoader Replaying proof CompletionScopes[CompletionScopes::testContinueLabelWildcard()].JML normal_behavior operation contract.0 
41434      DEBUG main            d.u.i.k.p.i.IntermediateProofReplayer Proof replay took 6.9ns 
41453      DEBUG Thread-19       d.u.i.k.l.o.ProgramSV     Match failed: Former match of  SchemaVariable incompatible with  the current match. 
41454      DEBUG Thread-19       d.u.i.k.l.o.ProgramSV     Match failed: Former match of  SchemaVariable incompatible with  the current match. 
41537      INFO  main            d.u.i.k.p.r.p.TestFile    ... finished proof: closed. 
41688      INFO  main            d.u.i.k.p.i.AbstractProblemLoader Loading environment from /home/runner/work/key/key/key.core/../key.ui/examples/completionscopes/testCcatchContinueLabelWildcard.key.proof 
41688      DEBUG main            d.u.i.k.p.i.AbstractProblemLoader Environment load took 107.6ns 
41689      INFO  main            d.u.i.k.p.i.AbstractProblemLoader Creating init config 
44040      DEBUG main            d.u.i.k.p.i.AbstractProblemLoader Init config took 2.35s 
44078      INFO  main            d.u.i.k.p.i.AbstractProblemLoader Replaying proof CompletionScopes[CompletionScopes::testContinueLabelWildcard()].JML normal_behavior operation contract.0 
44089      DEBUG main            d.u.i.k.p.i.IntermediateProofReplayer Proof replay took 9.37ms 
44090      WARN  main            d.u.i.k.p.r.p.TestFile    Replay exception de.uka.ilkd.key.proof.io.ProblemLoaderException: Error loading proof.
Line 99, goal 10, rule Class_invariant_axiom_for_CompletionScopes not available or not applicable in this context.
	at de.uka.ilkd.key.proof.io.IntermediateProofReplayer.reportError(IntermediateProofReplayer.java:782)
Caused by: java.lang.IndexOutOfBoundsException: Index: 1, Size: 1
	at java.base/java.util.LinkedList.checkElementIndex(LinkedList.java:559)

44090      WARN  main            d.u.i.k.p.r.p.TestFile    Replay exception de.uka.ilkd.key.proof.io.ProblemLoaderException: Error loading proof.
Line 120, goal 32, rule Class_invariant_axiom_for_CompletionScopes not available or not applicable in this context.
	at de.uka.ilkd.key.proof.io.IntermediateProofReplayer.reportError(IntermediateProofReplayer.java:782)
Caused by: java.lang.IndexOutOfBoundsException: Index: 1, Size: 1
	at java.base/java.util.LinkedList.checkElementIndex(LinkedList.java:559)

44090      DEBUG main            d.u.i.k.p.r.p.TestFile    Exception java.lang.Exception: Exception while loading proof (see cause for details): /home/runner/work/key/key/key.core/../key.ui/examples/completionscopes/testCcatchContinueLabelWildcard.key.proof
	at de.uka.ilkd.key.proof.runallproofs.proofcollection.TestFile.reloadProof(TestFile.java:314)
Caused by: de.uka.ilkd.key.proof.io.ProblemLoaderException: Error loading proof.
Line 99, goal 10, rule Class_invariant_axiom_for_CompletionScopes not available or not applicable in this context.
	at de.uka.ilkd.key.proof.io.IntermediateProofReplayer.reportError(IntermediateProofReplayer.java:782)
Caused by: java.lang.IndexOutOfBoundsException: Index: 1, Size: 1
	at java.base/java.util.LinkedList.checkElementIndex(LinkedList.java:559)

44091      WARN  main            d.u.i.k.p.r.p.ForkedTestFileRunner Run failed java.lang.Exception: Exception while loading proof (see cause for details): /home/runner/work/key/key/key.core/../key.ui/examples/completionscopes/testCcatchContinueLabelWildcard.key.proof
	at de.uka.ilkd.key.proof.runallproofs.proofcollection.TestFile.reloadProof(TestFile.java:314)
Caused by: de.uka.ilkd.key.proof.io.ProblemLoaderException: Error loading proof.
Line 99, goal 10, rule Class_invariant_axiom_for_CompletionScopes not available or not applicable in this context.
	at de.uka.ilkd.key.proof.io.IntermediateProofReplayer.reportError(IntermediateProofReplayer.java:782)
Caused by: java.lang.IndexOutOfBoundsException: Index: 1, Size: 1
	at java.base/java.util.LinkedList.checkElementIndex(LinkedList.java:559)

44092      INFO  main            d.u.i.k.p.r.p.TestFile    Now processing file /home/runner/work/key/key/key.core/../key.ui/examples/completionscopes/testCcatchBreakLabelNonmatchingNested.key 
44093      INFO  main            d.u.i.k.p.i.AbstractProblemLoader Loading environment from /home/runner/work/key/key/key.core/../key.ui/examples/completionscopes/testCcatchBreakLabelNonmatchingNested.key 
44093      DEBUG main            d.u.i.k.p.i.AbstractProblemLoader Environment load took 81.9ns 
44094      INFO  main            d.u.i.k.p.i.AbstractProblemLoader Creating init config 
46477      DEBUG main            d.u.i.k.p.i.AbstractProblemLoader Init config took 2.38s 
46515      INFO  main            d.u.i.k.p.i.AbstractProblemLoader Replaying proof CompletionScopes[CompletionScopes::testBreakLabelNonmatchingNested()].JML normal_behavior operation contract.0 
46516      DEBUG main            d.u.i.k.p.i.IntermediateProofReplayer Proof replay took 6.7ns 
46531      DEBUG Thread-22       d.u.i.k.l.o.ProgramSV     Match failed: Former match of  SchemaVariable incompatible with  the current match. 
46532      DEBUG Thread-22       d.u.i.k.l.o.ProgramSV     Match failed: Former match of  SchemaVariable incompatible with  the current match. 
46618      INFO  main            d.u.i.k.p.r.p.TestFile    ... finished proof: closed. 
46808      INFO  main            d.u.i.k.p.i.AbstractProblemLoader Loading environment from /home/runner/work/key/key/key.core/../key.ui/examples/completionscopes/testCcatchBreakLabelNonmatchingNested.key.proof 
46808      DEBUG main            d.u.i.k.p.i.AbstractProblemLoader Environment load took 114.9ns 
46809      INFO  main            d.u.i.k.p.i.AbstractProblemLoader Creating init config 
49150      DEBUG main            d.u.i.k.p.i.AbstractProblemLoader Init config took 2.34s 
49187      INFO  main            d.u.i.k.p.i.AbstractProblemLoader Replaying proof CompletionScopes[CompletionScopes::testBreakLabelNonmatchingNested()].JML normal_behavior operation contract.0 
49198      DEBUG main            d.u.i.k.p.i.IntermediateProofReplayer Proof replay took 9.13ms 
49198      WARN  main            d.u.i.k.p.r.p.TestFile    Replay exception de.uka.ilkd.key.proof.io.ProblemLoaderException: Error loading proof.
Line 99, goal 10, rule Class_invariant_axiom_for_CompletionScopes not available or not applicable in this context.
	at de.uka.ilkd.key.proof.io.IntermediateProofReplayer.reportError(IntermediateProofReplayer.java:782)
Caused by: java.lang.IndexOutOfBoundsException: Index: 1, Size: 1
	at java.base/java.util.LinkedList.checkElementIndex(LinkedList.java:559)

49198      WARN  main            d.u.i.k.p.r.p.TestFile    Replay exception de.uka.ilkd.key.proof.io.ProblemLoaderException: Error loading proof.
Line 120, goal 32, rule Class_invariant_axiom_for_CompletionScopes not available or not applicable in this context.
	at de.uka.ilkd.key.proof.io.IntermediateProofReplayer.reportError(IntermediateProofReplayer.java:782)
Caused by: java.lang.IndexOutOfBoundsException: Index: 1, Size: 1
	at java.base/java.util.LinkedList.checkElementIndex(LinkedList.java:559)

49199      DEBUG main            d.u.i.k.p.r.p.TestFile    Exception java.lang.Exception: Exception while loading proof (see cause for details): /home/runner/work/key/key/key.core/../key.ui/examples/completionscopes/testCcatchBreakLabelNonmatchingNested.key.proof
	at de.uka.ilkd.key.proof.runallproofs.proofcollection.TestFile.reloadProof(TestFile.java:314)
Caused by: de.uka.ilkd.key.proof.io.ProblemLoaderException: Error loading proof.
Line 99, goal 10, rule Class_invariant_axiom_for_CompletionScopes not available or not applicable in this context.
	at de.uka.ilkd.key.proof.io.IntermediateProofReplayer.reportError(IntermediateProofReplayer.java:782)
Caused by: java.lang.IndexOutOfBoundsException: Index: 1, Size: 1
	at java.base/java.util.LinkedList.checkElementIndex(LinkedList.java:559)

49199      WARN  main            d.u.i.k.p.r.p.ForkedTestFileRunner Run failed java.lang.Exception: Exception while loading proof (see cause for details): /home/runner/work/key/key/key.core/../key.ui/examples/completionscopes/testCcatchBreakLabelNonmatchingNested.key.proof
	at de.uka.ilkd.key.proof.runallproofs.proofcollection.TestFile.reloadProof(TestFile.java:314)
Caused by: de.uka.ilkd.key.proof.io.ProblemLoaderException: Error loading proof.
Line 99, goal 10, rule Class_invariant_axiom_for_CompletionScopes not available or not applicable in this context.
	at de.uka.ilkd.key.proof.io.IntermediateProofReplayer.reportError(IntermediateProofReplayer.java:782)
Caused by: java.lang.IndexOutOfBoundsException: Index: 1, Size: 1
	at java.base/java.util.LinkedList.checkElementIndex(LinkedList.java:559)

4985614    INFO  Test worker     d.u.i.k.p.r.RunAllProofsTestUnit Running test reload_examples 
376        INFO  Timeout watchdog d.u.i.k.p.r.p.ForkedTestFileRunner Timeout watcher launched (2000 secs.) 
386        WARN  main            d.u.i.k.s.ProofSettings   The settings in /home/runner/.key/proof-settings.props are *not* read. 
423        INFO  main            d.u.i.k.p.r.p.TestFile    Now processing file /home/runner/work/key/key/key.core/../key.ui/examples/firstTouch/05-ReverseArray/reverseArray.key 
527        INFO  main            d.u.i.k.p.i.AbstractProblemLoader Loading environment from /home/runner/work/key/key/key.core/../key.ui/examples/firstTouch/05-ReverseArray/reverseArray.key 
546        DEBUG main            d.u.i.k.p.i.AbstractProblemLoader Environment load took 1.98ms 
750        INFO  main            d.u.i.k.p.i.AbstractProblemLoader Creating init config 
1631       DEBUG main            d.u.i.k.j.TypeConverter   No LDT found for Meta 
1631       DEBUG main            d.u.i.k.j.TypeConverter   No LDT found for Meta 
1633       DEBUG main            d.u.i.k.j.TypeConverter   No LDT found for Meta 
1633       DEBUG main            d.u.i.k.j.TypeConverter   No LDT found for Meta 
2810       DEBUG main            d.u.i.k.j.TypeConverter   No LDT found for JavaBigintExpression 
7542       DEBUG main            d.u.i.k.p.i.AbstractProblemLoader Init config took 6.79s 
7658       INFO  main            d.u.i.k.p.i.AbstractProblemLoader Replaying proof ReverseArray[ReverseArray::reverse()].JML normal_behavior operation contract.0 
7718       DEBUG main            d.u.i.k.p.i.IntermediateProofReplayer Proof replay took 32.5ns 
18057      INFO  main            d.u.i.k.p.r.p.TestFile    ... finished proof: closed. 
18239      INFO  main            d.u.i.k.p.i.AbstractProblemLoader Loading environment from /home/runner/work/key/key/key.core/../key.ui/examples/firstTouch/05-ReverseArray/reverseArray.key.proof 
18239      DEBUG main            d.u.i.k.p.i.AbstractProblemLoader Environment load took 373.7ns 
18248      INFO  main            d.u.i.k.p.i.AbstractProblemLoader Creating init config 
21053      DEBUG main            d.u.i.k.p.i.AbstractProblemLoader Init config took 2.8s 
21127      INFO  main            d.u.i.k.p.i.AbstractProblemLoader Replaying proof ReverseArray[ReverseArray::reverse()].JML normal_behavior operation contract.0 
21719      DEBUG main            d.u.i.k.p.i.IntermediateProofReplayer Proof replay took 502.36ms 
21724      WARN  main            d.u.i.k.p.r.p.TestFile    Replay exception de.uka.ilkd.key.proof.io.ProblemLoaderException: Error loading proof.
Line 139, goal 50, rule Class_invariant_axiom_for_ReverseArray not available or not applicable in this context.
	at de.uka.ilkd.key.proof.io.IntermediateProofReplayer.reportError(IntermediateProofReplayer.java:782)
Caused by: java.lang.IndexOutOfBoundsException: Index: 1, Size: 1
	at java.base/java.util.LinkedList.checkElementIndex(LinkedList.java:559)

21726      WARN  main            d.u.i.k.p.r.p.TestFile    Replay exception de.uka.ilkd.key.proof.io.ProblemLoaderException: Error loading proof.
Line 1031, goal 940, rule replaceKnownSelect_taclet100_0 not available or not applicable in this context.
	at de.uka.ilkd.key.proof.io.IntermediateProofReplayer.reportError(IntermediateProofReplayer.java:782)
Caused by: de.uka.ilkd.key.proof.io.IntermediateProofReplayer$TacletAppConstructionException: Unknown taclet with name "replaceKnownSelect_taclet100_0"
	at de.uka.ilkd.key.proof.io.IntermediateProofReplayer.constructTacletApp(IntermediateProofReplayer.java:432)

21726      WARN  main            d.u.i.k.p.r.p.TestFile    Replay exception de.uka.ilkd.key.proof.io.ProblemLoaderException: Error loading proof.
Line 4827, goal 1106, rule replaceKnownSelect_taclet100_0 not available or not applicable in this context.
	at de.uka.ilkd.key.proof.io.IntermediateProofReplayer.reportError(IntermediateProofReplayer.java:782)
Caused by: de.uka.ilkd.key.proof.io.IntermediateProofReplayer$TacletAppConstructionException: Unknown taclet with name "replaceKnownSelect_taclet100_0"
	at de.uka.ilkd.key.proof.io.IntermediateProofReplayer.constructTacletApp(IntermediateProofReplayer.java:432)

21732      DEBUG main            d.u.i.k.p.r.p.TestFile    Exception java.lang.Exception: Exception while loading proof (see cause for details): /home/runner/work/key/key/key.core/../key.ui/examples/firstTouch/05-ReverseArray/reverseArray.key.proof
	at de.uka.ilkd.key.proof.runallproofs.proofcollection.TestFile.reloadProof(TestFile.java:314)
Caused by: de.uka.ilkd.key.proof.io.ProblemLoaderException: Error loading proof.
Line 139, goal 50, rule Class_invariant_axiom_for_ReverseArray not available or not applicable in this context.
	at de.uka.ilkd.key.proof.io.IntermediateProofReplayer.reportError(IntermediateProofReplayer.java:782)
Caused by: java.lang.IndexOutOfBoundsException: Index: 1, Size: 1
	at java.base/java.util.LinkedList.checkElementIndex(LinkedList.java:559)

21734      WARN  main            d.u.i.k.p.r.p.ForkedTestFileRunner Run failed java.lang.Exception: Exception while loading proof (see cause for details): /home/runner/work/key/key/key.core/../key.ui/examples/firstTouch/05-ReverseArray/reverseArray.key.proof
	at de.uka.ilkd.key.proof.runallproofs.proofcollection.TestFile.reloadProof(TestFile.java:314)
Caused by: de.uka.ilkd.key.proof.io.ProblemLoaderException: Error loading proof.
Line 139, goal 50, rule Class_invariant_axiom_for_ReverseArray not available or not applicable in this context.
	at de.uka.ilkd.key.proof.io.IntermediateProofReplayer.reportError(IntermediateProofReplayer.java:782)
Caused by: java.lang.IndexOutOfBoundsException: Index: 1, Size: 1
	at java.base/java.util.LinkedList.checkElementIndex(LinkedList.java:559)

21740      INFO  main            d.u.i.k.p.r.p.TestFile    Now processing file /home/runner/work/key/key/key.core/../key.ui/examples/standard_key/arith/saveProofTest.key.proof 
21741      INFO  main            d.u.i.k.p.i.AbstractProblemLoader Loading environment from /home/runner/work/key/key/key.core/../key.ui/examples/standard_key/arith/saveProofTest.key.proof 
21741      DEBUG main            d.u.i.k.p.i.AbstractProblemLoader Environment load took 190.5ns 
21744      INFO  main            d.u.i.k.p.i.AbstractProblemLoader Creating init config 
24215      DEBUG main            d.u.i.k.p.i.AbstractProblemLoader Init config took 2.47s 
24242      INFO  main            d.u.i.k.p.i.AbstractProblemLoader Replaying proof saveProofTest.key.proof 
24249      DEBUG main            d.u.i.k.p.i.IntermediateProofReplayer Proof replay took 3ms 
24250      INFO  main            d.u.i.k.p.r.p.TestFile    ... success: loaded 
24253      INFO  main            d.u.i.k.p.r.p.TestFile    Now processing file /home/runner/work/key/key/key.core/../key.ui/examples/heap/permutedSum/perm.proof 
24253      INFO  main            d.u.i.k.p.i.AbstractProblemLoader Loading environment from /home/runner/work/key/key/key.core/../key.ui/examples/heap/permutedSum/perm.proof 
24253      DEBUG main            d.u.i.k.p.i.AbstractProblemLoader Environment load took 162.1ns 
24256      INFO  main            d.u.i.k.p.i.AbstractProblemLoader Creating init config 
26892      DEBUG main            d.u.i.k.p.i.AbstractProblemLoader Init config took 2.64s 
26972      INFO  main            d.u.i.k.p.i.AbstractProblemLoader Replaying proof Perm[Perm::foo()].JML normal_behavior operation contract.0 
28122      DEBUG main            d.u.i.k.p.i.IntermediateProofReplayer Proof replay took 1.1s 
28125      INFO  main            d.u.i.k.p.r.p.TestFile    ... success: loaded 
28127      INFO  main            d.u.i.k.p.r.p.TestFile    Now processing file /home/runner/work/key/key/key.core/../key.ui/examples/firstTouch/05-ReverseArray/reverseArray.proof 
28128      INFO  main            d.u.i.k.p.i.AbstractProblemLoader Loading environment from /home/runner/work/key/key/key.core/../key.ui/examples/firstTouch/05-ReverseArray/reverseArray.proof 
28128      DEBUG main            d.u.i.k.p.i.AbstractProblemLoader Environment load took 181.2ns 
28130      INFO  main            d.u.i.k.p.i.AbstractProblemLoader Creating init config 
30770      DEBUG main            d.u.i.k.p.i.AbstractProblemLoader Init config took 2.64s 
30816      INFO  main            d.u.i.k.p.i.AbstractProblemLoader Replaying proof ReverseArray[ReverseArray::reverse()].JML normal_behavior operation contract.0 
31918      DEBUG main            d.u.i.k.p.i.IntermediateProofReplayer Proof replay took 1.05s 
31921      INFO  main            d.u.i.k.p.r.p.TestFile    ... success: loaded 
31923      INFO  main            d.u.i.k.p.r.p.TestFile    Now processing file /home/runner/work/key/key/key.core/../key.ui/examples/heap/verifyThis15_1_RelaxedPrefix/relax.proof 
31923      INFO  main            d.u.i.k.p.i.AbstractProblemLoader Loading environment from /home/runner/work/key/key/key.core/../key.ui/examples/heap/verifyThis15_1_RelaxedPrefix/relax.proof 
31924      DEBUG main            d.u.i.k.p.i.AbstractProblemLoader Environment load took 235.5ns 
31925      INFO  main            d.u.i.k.p.i.AbstractProblemLoader Creating init config 
34425      DEBUG main            d.u.i.k.p.i.AbstractProblemLoader Init config took 2.5s 
34483      INFO  main            d.u.i.k.p.i.AbstractProblemLoader Replaying proof Relaxed[Relaxed::isRelaxedPrefix([I,[I)].JML operation contract.0 
34989      DEBUG main            d.u.i.k.p.i.IntermediateProofReplayer Proof replay took 484.79ms 
34991      INFO  main            d.u.i.k.p.r.p.TestFile    ... success: loaded 
34993      INFO  main            d.u.i.k.p.r.p.TestFile    Now processing file /home/runner/work/key/key/key.core/../key.ui/examples/heap/verifyThis15_3_DLL/doUndo.proof 
34994      INFO  main            d.u.i.k.p.i.AbstractProblemLoader Loading environment from /home/runner/work/key/key/key.core/../key.ui/examples/heap/verifyThis15_3_DLL/doUndo.proof 
34994      DEBUG main            d.u.i.k.p.i.AbstractProblemLoader Environment load took 171.3ns 
34996      INFO  main            d.u.i.k.p.i.AbstractProblemLoader Creating init config 
35918      DEBUG main            d.u.i.k.j.r.ClassPreparationMethodBuilder clPrepBuilder: Inner Class detected. Reject building class initialisation methods. 
37776      DEBUG main            d.u.i.k.p.i.AbstractProblemLoader Init config took 2.78s 
37878      INFO  main            d.u.i.k.p.i.AbstractProblemLoader Replaying proof DoubleLinkedList[DoubleLinkedList::doUndo(DoubleLinkedList.Node,int)].JML normal_behavior operation contract.0 
38589      DEBUG main            d.u.i.k.p.i.IntermediateProofReplayer Proof replay took 677.18ms 
38590      INFO  main            d.u.i.k.p.r.p.TestFile    ... success: loaded 
38593      INFO  main            d.u.i.k.p.r.p.TestFile    Now processing file /home/runner/work/key/key/key.core/../key.ui/examples/heap/verifyThis15_2_ParallelGcd/parallelGcd.proof 
38593      INFO  main            d.u.i.k.p.i.AbstractProblemLoader Loading environment from /home/runner/work/key/key/key.core/../key.ui/examples/heap/verifyThis15_2_ParallelGcd/parallelGcd.proof 
38594      DEBUG main            d.u.i.k.p.i.AbstractProblemLoader Environment load took 201.4ns 
38595      INFO  main            d.u.i.k.p.i.AbstractProblemLoader Creating init config 
41249      DEBUG main            d.u.i.k.p.i.AbstractProblemLoader Init config took 2.65s 
41299      INFO  main            d.u.i.k.p.i.AbstractProblemLoader Replaying proof ParallelGcd[ParallelGcd::parallelGcd(int,int,[Z)].JML behavior operation contract.0 
41893      DEBUG main            d.u.i.k.p.i.IntermediateProofReplayer Proof replay took 578.05ms 
41895      INFO  main            d.u.i.k.p.r.p.TestFile    ... success: loaded 
5027707    INFO  Test worker     d.u.i.k.p.r.RunAllProofsTestUnit Running test proofLoadRepair 
356        INFO  Timeout watchdog d.u.i.k.p.r.p.ForkedTestFileRunner Timeout watcher launched (2000 secs.) 
366        WARN  main            d.u.i.k.s.ProofSettings   The settings in /home/runner/.key/proof-settings.props are *not* read. 
406        INFO  main            d.u.i.k.p.r.p.TestFile    Now processing file /home/runner/work/key/key/key.core/../key.ui/examples/proofLoadRepair/disjConj-manipulated.proof 
505        INFO  main            d.u.i.k.p.i.AbstractProblemLoader Loading environment from /home/runner/work/key/key/key.core/../key.ui/examples/proofLoadRepair/disjConj-manipulated.proof 
525        DEBUG main            d.u.i.k.p.i.AbstractProblemLoader Environment load took 2.06ms 
779        INFO  main            d.u.i.k.p.i.AbstractProblemLoader Creating init config 
1747       DEBUG main            d.u.i.k.j.TypeConverter   No LDT found for Meta 
1747       DEBUG main            d.u.i.k.j.TypeConverter   No LDT found for Meta 
1751       DEBUG main            d.u.i.k.j.TypeConverter   No LDT found for Meta 
1751       DEBUG main            d.u.i.k.j.TypeConverter   No LDT found for Meta 
3249       DEBUG main            d.u.i.k.j.TypeConverter   No LDT found for JavaBigintExpression 
8063       DEBUG main            d.u.i.k.p.i.AbstractProblemLoader Init config took 7.28s 
8119       INFO  main            d.u.i.k.p.i.AbstractProblemLoader Replaying proof disjConj-manipulated.proof 
8161       WARN  main            d.u.i.k.p.i.IntermediateProofReplayer Proof contains wrong number of \assumes instatiations for andLeft 
8162       WARN  main            d.u.i.k.p.i.IntermediateProofReplayer Proof contains wrong number of \assumes instatiations for replace_known_right 
8165       WARN  main            d.u.i.k.p.i.IntermediateProofReplayer Proof contains wrong number of \assumes instatiations for close 
8166       DEBUG main            d.u.i.k.p.i.IntermediateProofReplayer Proof replay took 15.77ms 
8170       INFO  main            d.u.i.k.p.r.p.TestFile    ... success: loaded 
8176       INFO  main            d.u.i.k.p.r.p.TestFile    Now processing file /home/runner/work/key/key/key.core/../key.ui/examples/proofLoadRepair/insufficient-manipulated.proof 
8177       INFO  main            d.u.i.k.p.i.AbstractProblemLoader Loading environment from /home/runner/work/key/key/key.core/../key.ui/examples/proofLoadRepair/insufficient-manipulated.proof 
8177       DEBUG main            d.u.i.k.p.i.AbstractProblemLoader Environment load took 193ns 
8180       INFO  main            d.u.i.k.p.i.AbstractProblemLoader Creating init config 
10927      DEBUG main            d.u.i.k.p.i.AbstractProblemLoader Init config took 2.75s 
10945      INFO  main            d.u.i.k.p.i.AbstractProblemLoader Replaying proof insufficient-manipulated.proof 
10964      WARN  main            d.u.i.k.p.i.IntermediateProofReplayer Proof contains wrong number of \assumes instatiations for applyEq 
10973      DEBUG main            d.u.i.k.p.i.IntermediateProofReplayer Proof replay took 11.36ms 
10977      INFO  main            d.u.i.k.p.r.p.TestFile    ... success: loading failed 
10980      INFO  main            d.u.i.k.p.r.p.TestFile    Now processing file /home/runner/work/key/key/key.core/../key.ui/examples/../../key.core/src/test/resources/testcase/issues/1716/incorrectPolarity.proof 
10981      INFO  main            d.u.i.k.p.i.AbstractProblemLoader Loading environment from /home/runner/work/key/key/key.core/../key.ui/examples/../../key.core/src/test/resources/testcase/issues/1716/incorrectPolarity.proof 
10981      DEBUG main            d.u.i.k.p.i.AbstractProblemLoader Environment load took 185ns 
10982      INFO  main            d.u.i.k.p.i.AbstractProblemLoader Creating init config 
13734      DEBUG main            d.u.i.k.p.i.AbstractProblemLoader Init config took 2.75s 
13769      INFO  main            d.u.i.k.p.i.AbstractProblemLoader Replaying proof incorrectPolarity.proof 
13775      DEBUG main            d.u.i.k.p.i.IntermediateProofReplayer Proof replay took 192.9ns 
13777      INFO  main            d.u.i.k.p.r.p.TestFile    ... success: loading failed 
13779      INFO  main            d.u.i.k.p.r.p.TestFile    Now processing file /home/runner/work/key/key/key.core/../key.ui/examples/../../key.core/src/test/resources/testcase/issues/1716/incorrectPolarity2.proof 
13780      INFO  main            d.u.i.k.p.i.AbstractProblemLoader Loading environment from /home/runner/work/key/key/key.core/../key.ui/examples/../../key.core/src/test/resources/testcase/issues/1716/incorrectPolarity2.proof 
13780      DEBUG main            d.u.i.k.p.i.AbstractProblemLoader Environment load took 803ns 
13783      INFO  main            d.u.i.k.p.i.AbstractProblemLoader Creating init config 
16352      DEBUG main            d.u.i.k.p.i.AbstractProblemLoader Init config took 2.57s 
16376      INFO  main            d.u.i.k.p.i.AbstractProblemLoader Replaying proof incorrectPolarity2.proof 
16378      DEBUG main            d.u.i.k.p.i.IntermediateProofReplayer Proof replay took 340.2ns 
16379      INFO  main            d.u.i.k.p.r.p.TestFile    ... success: loading failed 
16381      INFO  main            d.u.i.k.p.r.p.TestFile    Now processing file /home/runner/work/key/key/key.core/../key.ui/examples/../../key.core/src/test/resources/testcase/issues/1716/incorrectPolarity3.proof 
16381      INFO  main            d.u.i.k.p.i.AbstractProblemLoader Loading environment from /home/runner/work/key/key/key.core/../key.ui/examples/../../key.core/src/test/resources/testcase/issues/1716/incorrectPolarity3.proof 
16381      DEBUG main            d.u.i.k.p.i.AbstractProblemLoader Environment load took 167.1ns 
16382      INFO  main            d.u.i.k.p.i.AbstractProblemLoader Creating init config 
18881      DEBUG main            d.u.i.k.p.i.AbstractProblemLoader Init config took 2.5s 
18902      INFO  main            d.u.i.k.p.i.AbstractProblemLoader Replaying proof incorrectPolarity3.proof 
18905      DEBUG main            d.u.i.k.p.i.IntermediateProofReplayer Proof replay took 1.66ms 
18906      INFO  main            d.u.i.k.p.r.p.TestFile    ... success: loading failed 
5046789    INFO  Test worker     d.u.i.k.p.r.RunAllProofsTestUnit Returning from test proofLoadRepair 
5046790    INFO  Test worker     d.u.i.k.p.r.RunAllProofsTestUnit Running test switch 
387        INFO  Timeout watchdog d.u.i.k.p.r.p.ForkedTestFileRunner Timeout watcher launched (2000 secs.) 
399        WARN  main            d.u.i.k.s.ProofSettings   The settings in /home/runner/.key/proof-settings.props are *not* read. 
431        INFO  main            d.u.i.k.p.r.p.TestFile    Now processing file /home/runner/work/key/key/key.core/../key.ui/examples/standard_key/java_dl/switch/labeled_case.key 
530        INFO  main            d.u.i.k.p.i.AbstractProblemLoader Loading environment from /home/runner/work/key/key/key.core/../key.ui/examples/standard_key/java_dl/switch/labeled_case.key 
545        DEBUG main            d.u.i.k.p.i.AbstractProblemLoader Environment load took 1.88ms 
782        INFO  main            d.u.i.k.p.i.AbstractProblemLoader Creating init config 
1665       DEBUG main            d.u.i.k.j.TypeConverter   No LDT found for Meta 
1665       DEBUG main            d.u.i.k.j.TypeConverter   No LDT found for Meta 
1668       DEBUG main            d.u.i.k.j.TypeConverter   No LDT found for Meta 
1668       DEBUG main            d.u.i.k.j.TypeConverter   No LDT found for Meta 
2985       DEBUG main            d.u.i.k.j.TypeConverter   No LDT found for JavaBigintExpression 
8495       DEBUG main            d.u.i.k.p.i.AbstractProblemLoader Init config took 7.71s 
8618       INFO  main            d.u.i.k.p.i.AbstractProblemLoader Replaying proof LabeledCase[LabeledCase::m(int)].JML normal_behavior operation contract.0 
8649       DEBUG main            d.u.i.k.p.i.IntermediateProofReplayer Proof replay took 32.8ns 
9282       INFO  main            d.u.i.k.p.r.p.TestFile    ... finished proof: closed. 
9407       INFO  main            d.u.i.k.p.i.AbstractProblemLoader Loading environment from /home/runner/work/key/key/key.core/../key.ui/examples/standard_key/java_dl/switch/labeled_case.key.proof 
9412       DEBUG main            d.u.i.k.p.i.AbstractProblemLoader Environment load took 4.25ms 
9414       INFO  main            d.u.i.k.p.i.AbstractProblemLoader Creating init config 
12306      DEBUG main            d.u.i.k.p.i.AbstractProblemLoader Init config took 2.89s 
12379      INFO  main            d.u.i.k.p.i.AbstractProblemLoader Replaying proof LabeledCase[LabeledCase::m(int)].JML normal_behavior operation contract.0 
12436      DEBUG main            d.u.i.k.p.i.IntermediateProofReplayer Proof replay took 51.72ms 
12443      DEBUG main            d.u.i.k.p.r.p.TestFile    ... success: reloaded. 
12446      INFO  main            d.u.i.k.p.r.p.TestFile    Now processing file /home/runner/work/key/key/key.core/../key.ui/examples/standard_key/java_dl/switch/empty_switch.key 
12446      INFO  main            d.u.i.k.p.i.AbstractProblemLoader Loading environment from /home/runner/work/key/key/key.core/../key.ui/examples/standard_key/java_dl/switch/empty_switch.key 
12446      DEBUG main            d.u.i.k.p.i.AbstractProblemLoader Environment load took 186ns 
12448      INFO  main            d.u.i.k.p.i.AbstractProblemLoader Creating init config 
15130      DEBUG main            d.u.i.k.p.i.AbstractProblemLoader Init config took 2.68s 
15160      INFO  main            d.u.i.k.p.i.AbstractProblemLoader Replaying proof empty_switch.key 
15163      DEBUG main            d.u.i.k.p.i.IntermediateProofReplayer Proof replay took 6.6ns 
15265      INFO  main            d.u.i.k.p.r.p.TestFile    ... finished proof: closed. 
15382      INFO  main            d.u.i.k.p.i.AbstractProblemLoader Loading environment from /home/runner/work/key/key/key.core/../key.ui/examples/standard_key/java_dl/switch/empty_switch.key.proof 
15382      DEBUG main            d.u.i.k.p.i.AbstractProblemLoader Environment load took 124.9ns 
15384      INFO  main            d.u.i.k.p.i.AbstractProblemLoader Creating init config 
18058      DEBUG main            d.u.i.k.p.i.AbstractProblemLoader Init config took 2.67s 
18081      INFO  main            d.u.i.k.p.i.AbstractProblemLoader Replaying proof empty_switch.key.proof 
18085      DEBUG main            d.u.i.k.p.i.IntermediateProofReplayer Proof replay took 1.85ms 
18086      DEBUG main            d.u.i.k.p.r.p.TestFile    ... success: reloaded. 
18088      INFO  main            d.u.i.k.p.r.p.TestFile    Now processing file /home/runner/work/key/key/key.core/../key.ui/examples/standard_key/java_dl/switch/empty_switch_null.key 
18089      INFO  main            d.u.i.k.p.i.AbstractProblemLoader Loading environment from /home/runner/work/key/key/key.core/../key.ui/examples/standard_key/java_dl/switch/empty_switch_null.key 
18089      DEBUG main            d.u.i.k.p.i.AbstractProblemLoader Environment load took 175.9ns 
18090      INFO  main            d.u.i.k.p.i.AbstractProblemLoader Creating init config 
20701      DEBUG main            d.u.i.k.p.i.AbstractProblemLoader Init config took 2.61s 
20723      INFO  main            d.u.i.k.p.i.AbstractProblemLoader Replaying proof empty_switch_null.key 
20725      DEBUG main            d.u.i.k.p.i.IntermediateProofReplayer Proof replay took 5.6ns 
20827      INFO  main            d.u.i.k.p.r.p.TestFile    ... finished proof: closed. 
20960      INFO  main            d.u.i.k.p.i.AbstractProblemLoader Loading environment from /home/runner/work/key/key/key.core/../key.ui/examples/standard_key/java_dl/switch/empty_switch_null.key.proof 
20960      DEBUG main            d.u.i.k.p.i.AbstractProblemLoader Environment load took 115.3ns 
20961      INFO  main            d.u.i.k.p.i.AbstractProblemLoader Creating init config 
23555      DEBUG main            d.u.i.k.p.i.AbstractProblemLoader Init config took 2.59s 
23577      INFO  main            d.u.i.k.p.i.AbstractProblemLoader Replaying proof empty_switch_null.key.proof 
23609      DEBUG main            d.u.i.k.p.i.IntermediateProofReplayer Proof replay took 29.27ms 
23610      DEBUG main            d.u.i.k.p.r.p.TestFile    ... success: reloaded. 
23612      INFO  main            d.u.i.k.p.r.p.TestFile    Now processing file /home/runner/work/key/key/key.core/../key.ui/examples/standard_key/java_dl/switch/empty_switch_null_catch.key 
23612      INFO  main            d.u.i.k.p.i.AbstractProblemLoader Loading environment from /home/runner/work/key/key/key.core/../key.ui/examples/standard_key/java_dl/switch/empty_switch_null_catch.key 
23613      DEBUG main            d.u.i.k.p.i.AbstractProblemLoader Environment load took 157.7ns 
23614      INFO  main            d.u.i.k.p.i.AbstractProblemLoader Creating init config 
26214      DEBUG main            d.u.i.k.p.i.AbstractProblemLoader Init config took 2.6s 
26249      INFO  main            d.u.i.k.p.i.AbstractProblemLoader Replaying proof empty_switch_null_catch.key 
26251      DEBUG main            d.u.i.k.p.i.IntermediateProofReplayer Proof replay took 6.2ns 
26455      INFO  main            d.u.i.k.p.r.p.TestFile    ... finished proof: closed. 
26592      INFO  main            d.u.i.k.p.i.AbstractProblemLoader Loading environment from /home/runner/work/key/key/key.core/../key.ui/examples/standard_key/java_dl/switch/empty_switch_null_catch.key.proof 
26595      DEBUG main            d.u.i.k.p.i.AbstractProblemLoader Environment load took 3.08ms 
26597      INFO  main            d.u.i.k.p.i.AbstractProblemLoader Creating init config 
29166      DEBUG main            d.u.i.k.p.i.AbstractProblemLoader Init config took 2.57s 
29187      INFO  main            d.u.i.k.p.i.AbstractProblemLoader Replaying proof empty_switch_null_catch.key.proof 
29244      DEBUG main            d.u.i.k.p.i.IntermediateProofReplayer Proof replay took 54.54ms 
29246      DEBUG main            d.u.i.k.p.r.p.TestFile    ... success: reloaded. 
29248      INFO  main            d.u.i.k.p.r.p.TestFile    Now processing file /home/runner/work/key/key/key.core/../key.ui/examples/standard_key/java_dl/switch/empty_switch_array_out_of_bounds.key 
29248      INFO  main            d.u.i.k.p.i.AbstractProblemLoader Loading environment from /home/runner/work/key/key/key.core/../key.ui/examples/standard_key/java_dl/switch/empty_switch_array_out_of_bounds.key 
29248      DEBUG main            d.u.i.k.p.i.AbstractProblemLoader Environment load took 83.6ns 
29249      INFO  main            d.u.i.k.p.i.AbstractProblemLoader Creating init config 
31846      DEBUG main            d.u.i.k.p.i.AbstractProblemLoader Init config took 2.6s 
31866      INFO  main            d.u.i.k.p.i.AbstractProblemLoader Replaying proof empty_switch_array_out_of_bounds.key 
31868      DEBUG main            d.u.i.k.p.i.IntermediateProofReplayer Proof replay took 6ns 
32076      INFO  main            d.u.i.k.p.r.p.TestFile    ... finished proof: closed. 
32223      INFO  main            d.u.i.k.p.i.AbstractProblemLoader Loading environment from /home/runner/work/key/key/key.core/../key.ui/examples/standard_key/java_dl/switch/empty_switch_array_out_of_bounds.key.proof 
32227      DEBUG main            d.u.i.k.p.i.AbstractProblemLoader Environment load took 3.99ms 
32228      INFO  main            d.u.i.k.p.i.AbstractProblemLoader Creating init config 
34748      DEBUG main            d.u.i.k.p.i.AbstractProblemLoader Init config took 2.52s 
34768      INFO  main            d.u.i.k.p.i.AbstractProblemLoader Replaying proof empty_switch_array_out_of_bounds.key.proof 
34780      DEBUG main            d.u.i.k.p.i.IntermediateProofReplayer Proof replay took 8.94ms 
34781      WARN  main            d.u.i.k.p.r.p.TestFile    Replay exception de.uka.ilkd.key.proof.io.ProblemLoaderException: Error loading proof.
Line 97, goal 4, rule One Step Simplification not available or not applicable in this context.
	at de.uka.ilkd.key.proof.io.IntermediateProofReplayer.reportError(IntermediateProofReplayer.java:782)
Caused by: de.uka.ilkd.key.proof.io.IntermediateProofReplayer$BuiltInConstructionException: Wrong position information.
	at de.uka.ilkd.key.proof.io.IntermediateProofReplayer.constructBuiltinApp(IntermediateProofReplayer.java:595)
Caused by: java.lang.RuntimeException: No formula nr. 3 in seq. [wellFormed(heap)]==>[update-application(elem-update(_var#1)(int::select(heap,a,arr(Z(neglit(1(#)))))),\[{
  _l#0:
  {}
}\] (false))]
	at de.uka.ilkd.key.logic.Sequent.getFormulabyNr(Sequent.java:291)

34783      WARN  main            d.u.i.k.p.r.p.TestFile    Replay exception de.uka.ilkd.key.proof.io.ProblemLoaderException: Error loading proof.
Line 103, goal 5, rule throwUnfold not available or not applicable in this context.
	at de.uka.ilkd.key.proof.io.IntermediateProofReplayer.reportError(IntermediateProofReplayer.java:782)
Caused by: de.uka.ilkd.key.proof.io.IntermediateProofReplayer$TacletAppConstructionException: Wrong position information: Term top level of false
	at de.uka.ilkd.key.proof.io.IntermediateProofReplayer.constructTacletApp(IntermediateProofReplayer.java:460)
Caused by: java.lang.NullPointerException: null
	at de.uka.ilkd.key.proof.io.IntermediateProofReplayer.constructTacletApp(IntermediateProofReplayer.java:456)

34783      WARN  main            d.u.i.k.p.r.p.TestFile    Replay exception de.uka.ilkd.key.proof.io.ProblemLoaderException: Error loading proof.
Line 173, goal 9, rule unusedLabel not available or not applicable in this context.
	at de.uka.ilkd.key.proof.io.IntermediateProofReplayer.reportError(IntermediateProofReplayer.java:782)
Caused by: de.uka.ilkd.key.proof.io.IntermediateProofReplayer$TacletAppConstructionException: Wrong position information: Term top level of false
	at de.uka.ilkd.key.proof.io.IntermediateProofReplayer.constructTacletApp(IntermediateProofReplayer.java:460)
Caused by: java.lang.NullPointerException: null
	at de.uka.ilkd.key.proof.io.IntermediateProofReplayer.constructTacletApp(IntermediateProofReplayer.java:456)

34784      DEBUG main            d.u.i.k.p.r.p.TestFile    Exception java.lang.Exception: Exception while loading proof (see cause for details): /home/runner/work/key/key/key.core/../key.ui/examples/standard_key/java_dl/switch/empty_switch_array_out_of_bounds.key.proof
	at de.uka.ilkd.key.proof.runallproofs.proofcollection.TestFile.reloadProof(TestFile.java:314)
Caused by: de.uka.ilkd.key.proof.io.ProblemLoaderException: Error loading proof.
Line 97, goal 4, rule One Step Simplification not available or not applicable in this context.
	at de.uka.ilkd.key.proof.io.IntermediateProofReplayer.reportError(IntermediateProofReplayer.java:782)
Caused by: de.uka.ilkd.key.proof.io.IntermediateProofReplayer$BuiltInConstructionException: Wrong position information.
	at de.uka.ilkd.key.proof.io.IntermediateProofReplayer.constructBuiltinApp(IntermediateProofReplayer.java:595)
Caused by: java.lang.RuntimeException: No formula nr. 3 in seq. [wellFormed(heap)]==>[update-application(elem-update(_var#1)(int::select(heap,a,arr(Z(neglit(1(#)))))),\[{
  _l#0:
  {}
}\] (false))]
	at de.uka.ilkd.key.logic.Sequent.getFormulabyNr(Sequent.java:291)

34784      WARN  main            d.u.i.k.p.r.p.ForkedTestFileRunner Run failed java.lang.Exception: Exception while loading proof (see cause for details): /home/runner/work/key/key/key.core/../key.ui/examples/standard_key/java_dl/switch/empty_switch_array_out_of_bounds.key.proof
	at de.uka.ilkd.key.proof.runallproofs.proofcollection.TestFile.reloadProof(TestFile.java:314)
Caused by: de.uka.ilkd.key.proof.io.ProblemLoaderException: Error loading proof.
Line 97, goal 4, rule One Step Simplification not available or not applicable in this context.
	at de.uka.ilkd.key.proof.io.IntermediateProofReplayer.reportError(IntermediateProofReplayer.java:782)
Caused by: de.uka.ilkd.key.proof.io.IntermediateProofReplayer$BuiltInConstructionException: Wrong position information.
	at de.uka.ilkd.key.proof.io.IntermediateProofReplayer.constructBuiltinApp(IntermediateProofReplayer.java:595)
Caused by: java.lang.RuntimeException: No formula nr. 3 in seq. [wellFormed(heap)]==>[update-application(elem-update(_var#1)(int::select(heap,a,arr(Z(neglit(1(#)))))),\[{
  _l#0:
  {}
}\] (false))]
	at de.uka.ilkd.key.logic.Sequent.getFormulabyNr(Sequent.java:291)

34787      INFO  main            d.u.i.k.p.r.p.TestFile    Now processing file /home/runner/work/key/key/key.core/../key.ui/examples/standard_key/java_dl/switch/empty_switch_array_out_of_bounds_catch.key 
34787      INFO  main            d.u.i.k.p.i.AbstractProblemLoader Loading environment from /home/runner/work/key/key/key.core/../key.ui/examples/standard_key/java_dl/switch/empty_switch_array_out_of_bounds_catch.key 
34788      DEBUG main            d.u.i.k.p.i.AbstractProblemLoader Environment load took 152.1ns 
34788      INFO  main            d.u.i.k.p.i.AbstractProblemLoader Creating init config 
37313      DEBUG main            d.u.i.k.p.i.AbstractProblemLoader Init config took 2.52s 
37333      INFO  main            d.u.i.k.p.i.AbstractProblemLoader Replaying proof empty_switch_array_out_of_bounds_catch.key 
37334      DEBUG main            d.u.i.k.p.i.IntermediateProofReplayer Proof replay took 5.5ns 
37537      INFO  main            d.u.i.k.p.r.p.TestFile    ... finished proof: closed. 
37721      INFO  main            d.u.i.k.p.i.AbstractProblemLoader Loading environment from /home/runner/work/key/key/key.core/../key.ui/examples/standard_key/java_dl/switch/empty_switch_array_out_of_bounds_catch.key.proof 
37721      DEBUG main            d.u.i.k.p.i.AbstractProblemLoader Environment load took 107.8ns 
37722      INFO  main            d.u.i.k.p.i.AbstractProblemLoader Creating init config 
40231      DEBUG main            d.u.i.k.p.i.AbstractProblemLoader Init config took 2.51s 
40252      INFO  main            d.u.i.k.p.i.AbstractProblemLoader Replaying proof empty_switch_array_out_of_bounds_catch.key.proof 
40257      DEBUG main            d.u.i.k.p.i.IntermediateProofReplayer Proof replay took 2.24ms 
40257      WARN  main            d.u.i.k.p.r.p.TestFile    Replay exception de.uka.ilkd.key.proof.io.ProblemLoaderException: Error loading proof.
Line 102, goal 6, rule One Step Simplification not available or not applicable in this context.
	at de.uka.ilkd.key.proof.io.IntermediateProofReplayer.reportError(IntermediateProofReplayer.java:782)
Caused by: de.uka.ilkd.key.proof.io.IntermediateProofReplayer$BuiltInConstructionException: Wrong position information.
	at de.uka.ilkd.key.proof.io.IntermediateProofReplayer.constructBuiltinApp(IntermediateProofReplayer.java:595)
Caused by: java.lang.RuntimeException: No formula nr. 4 in seq. [wellFormed(heap)]==>[equals(a,null),update-application(elem-update(_var#1)(int::select(heap,a,arr(Z(neglit(1(#)))))),\<{
  try {
    _l#0:
    {}
    while (true);
  } catch (ArrayIndexOutOfBoundsException ex) {}
}\> (true))]
	at de.uka.ilkd.key.logic.Sequent.getFormulabyNr(Sequent.java:291)

40258      WARN  main            d.u.i.k.p.r.p.TestFile    Replay exception de.uka.ilkd.key.proof.io.ProblemLoaderException: Error loading proof.
Line 114, goal 12, rule throwUnfold not available or not applicable in this context.
	at de.uka.ilkd.key.proof.io.IntermediateProofReplayer.reportError(IntermediateProofReplayer.java:782)
Caused by: de.uka.ilkd.key.proof.io.IntermediateProofReplayer$TacletAppConstructionException: Wrong position information: Term top level of false
	at de.uka.ilkd.key.proof.io.IntermediateProofReplayer.constructTacletApp(IntermediateProofReplayer.java:460)
Caused by: java.lang.NullPointerException: null
	at de.uka.ilkd.key.proof.io.IntermediateProofReplayer.constructTacletApp(IntermediateProofReplayer.java:456)

40258      DEBUG main            d.u.i.k.p.r.p.TestFile    Exception java.lang.Exception: Exception while loading proof (see cause for details): /home/runner/work/key/key/key.core/../key.ui/examples/standard_key/java_dl/switch/empty_switch_array_out_of_bounds_catch.key.proof
	at de.uka.ilkd.key.proof.runallproofs.proofcollection.TestFile.reloadProof(TestFile.java:314)
Caused by: de.uka.ilkd.key.proof.io.ProblemLoaderException: Error loading proof.
Line 102, goal 6, rule One Step Simplification not available or not applicable in this context.
	at de.uka.ilkd.key.proof.io.IntermediateProofReplayer.reportError(IntermediateProofReplayer.java:782)
Caused by: de.uka.ilkd.key.proof.io.IntermediateProofReplayer$BuiltInConstructionException: Wrong position information.
	at de.uka.ilkd.key.proof.io.IntermediateProofReplayer.constructBuiltinApp(IntermediateProofReplayer.java:595)
Caused by: java.lang.RuntimeException: No formula nr. 4 in seq. [wellFormed(heap)]==>[equals(a,null),update-application(elem-update(_var#1)(int::select(heap,a,arr(Z(neglit(1(#)))))),\<{
  try {
    _l#0:
    {}
    while (true);
  } catch (ArrayIndexOutOfBoundsException ex) {}
}\> (true))]
	at de.uka.ilkd.key.logic.Sequent.getFormulabyNr(Sequent.java:291)

40259      WARN  main            d.u.i.k.p.r.p.ForkedTestFileRunner Run failed java.lang.Exception: Exception while loading proof (see cause for details): /home/runner/work/key/key/key.core/../key.ui/examples/standard_key/java_dl/switch/empty_switch_array_out_of_bounds_catch.key.proof
	at de.uka.ilkd.key.proof.runallproofs.proofcollection.TestFile.reloadProof(TestFile.java:314)
Caused by: de.uka.ilkd.key.proof.io.ProblemLoaderException: Error loading proof.
Line 102, goal 6, rule One Step Simplification not available or not applicable in this context.
	at de.uka.ilkd.key.proof.io.IntermediateProofReplayer.reportError(IntermediateProofReplayer.java:782)
Caused by: de.uka.ilkd.key.proof.io.IntermediateProofReplayer$BuiltInConstructionException: Wrong position information.
	at de.uka.ilkd.key.proof.io.IntermediateProofReplayer.constructBuiltinApp(IntermediateProofReplayer.java:595)
Caused by: java.lang.RuntimeException: No formula nr. 4 in seq. [wellFormed(heap)]==>[equals(a,null),update-application(elem-update(_var#1)(int::select(heap,a,arr(Z(neglit(1(#)))))),\<{
  try {
    _l#0:
    {}
    while (true);
  } catch (ArrayIndexOutOfBoundsException ex) {}
}\> (true))]
	at de.uka.ilkd.key.logic.Sequent.getFormulabyNr(Sequent.java:291)

40261      INFO  main            d.u.i.k.p.r.p.TestFile    Now processing file /home/runner/work/key/key/key.core/../key.ui/examples/standard_key/java_dl/switch/switch_in_switch.key 
40261      INFO  main            d.u.i.k.p.i.AbstractProblemLoader Loading environment from /home/runner/work/key/key/key.core/../key.ui/examples/standard_key/java_dl/switch/switch_in_switch.key 
40261      DEBUG main            d.u.i.k.p.i.AbstractProblemLoader Environment load took 169.7ns 
40262      INFO  main            d.u.i.k.p.i.AbstractProblemLoader Creating init config 
42900      DEBUG main            d.u.i.k.p.i.AbstractProblemLoader Init config took 2.64s 
42944      INFO  main            d.u.i.k.p.i.AbstractProblemLoader Replaying proof SwitchInSwitch[SwitchInSwitch::m(int)].JML normal_behavior operation contract.0 
42945      DEBUG main            d.u.i.k.p.i.IntermediateProofReplayer Proof replay took 6.5ns 
47406      INFO  main            d.u.i.k.p.r.p.TestFile    ... finished proof: closed. 
47630      INFO  main            d.u.i.k.p.i.AbstractProblemLoader Loading environment from /home/runner/work/key/key/key.core/../key.ui/examples/standard_key/java_dl/switch/switch_in_switch.key.proof 
47631      DEBUG main            d.u.i.k.p.i.AbstractProblemLoader Environment load took 1.2ms 
47633      INFO  main            d.u.i.k.p.i.AbstractProblemLoader Creating init config 
50250      DEBUG main            d.u.i.k.p.i.AbstractProblemLoader Init config took 2.62s 
50293      INFO  main            d.u.i.k.p.i.AbstractProblemLoader Replaying proof SwitchInSwitch[SwitchInSwitch::m(int)].JML normal_behavior operation contract.0 
50798      DEBUG main            d.u.i.k.p.i.IntermediateProofReplayer Proof replay took 478.05ms 
50800      DEBUG main            d.u.i.k.p.r.p.TestFile    ... success: reloaded. 
50802      INFO  main            d.u.i.k.p.r.p.TestFile    Now processing file /home/runner/work/key/key/key.core/../key.ui/examples/standard_key/java_dl/switch/while_and_switch.key 
50805      INFO  main            d.u.i.k.p.i.AbstractProblemLoader Loading environment from /home/runner/work/key/key/key.core/../key.ui/examples/standard_key/java_dl/switch/while_and_switch.key 
50806      DEBUG main            d.u.i.k.p.i.AbstractProblemLoader Environment load took 103.7ns 
50807      INFO  main            d.u.i.k.p.i.AbstractProblemLoader Creating init config 
53436      DEBUG main            d.u.i.k.p.i.AbstractProblemLoader Init config took 2.63s 
53477      INFO  main            d.u.i.k.p.i.AbstractProblemLoader Replaying proof WhileAndSwitch[WhileAndSwitch::m(int)].JML normal_behavior operation contract.0 
53479      DEBUG main            d.u.i.k.p.i.IntermediateProofReplayer Proof replay took 11.6ns 
54210      INFO  main            d.u.i.k.p.r.p.TestFile    ... finished proof: closed. 
54372      INFO  main            d.u.i.k.p.i.AbstractProblemLoader Loading environment from /home/runner/work/key/key/key.core/../key.ui/examples/standard_key/java_dl/switch/while_and_switch.key.proof 
54372      DEBUG main            d.u.i.k.p.i.AbstractProblemLoader Environment load took 344.8ns 
54373      INFO  main            d.u.i.k.p.i.AbstractProblemLoader Creating init config 
56937      DEBUG main            d.u.i.k.p.i.AbstractProblemLoader Init config took 2.56s 
56978      INFO  main            d.u.i.k.p.i.AbstractProblemLoader Replaying proof WhileAndSwitch[WhileAndSwitch::m(int)].JML normal_behavior operation contract.0 
57104      DEBUG main            d.u.i.k.p.i.IntermediateProofReplayer Proof replay took 119.25ms 
57105      DEBUG main            d.u.i.k.p.r.p.TestFile    ... success: reloaded. 
57107      INFO  main            d.u.i.k.p.r.p.TestFile    Now processing file /home/runner/work/key/key/key.core/../key.ui/examples/standard_key/java_dl/switch/large_switch.key 
57107      INFO  main            d.u.i.k.p.i.AbstractProblemLoader Loading environment from /home/runner/work/key/key/key.core/../key.ui/examples/standard_key/java_dl/switch/large_switch.key 
57107      DEBUG main            d.u.i.k.p.i.AbstractProblemLoader Environment load took 181.5ns 
57108      INFO  main            d.u.i.k.p.i.AbstractProblemLoader Creating init config 
59743      DEBUG main            d.u.i.k.p.i.AbstractProblemLoader Init config took 2.63s 
59779      INFO  main            d.u.i.k.p.i.AbstractProblemLoader Replaying proof LargeSwitch[LargeSwitch::m(int)].JML normal_behavior operation contract.0 
59781      DEBUG main            d.u.i.k.p.i.IntermediateProofReplayer Proof replay took 6ns 
61087      INFO  main            d.u.i.k.p.r.p.TestFile    ... finished proof: closed. 
61283      INFO  main            d.u.i.k.p.i.AbstractProblemLoader Loading environment from /home/runner/work/key/key/key.core/../key.ui/examples/standard_key/java_dl/switch/large_switch.key.proof 
61283      DEBUG main            d.u.i.k.p.i.AbstractProblemLoader Environment load took 117.9ns 
61285      INFO  main            d.u.i.k.p.i.AbstractProblemLoader Creating init config 
63867      DEBUG main            d.u.i.k.p.i.AbstractProblemLoader Init config took 2.58s 
63904      INFO  main            d.u.i.k.p.i.AbstractProblemLoader Replaying proof LargeSwitch[LargeSwitch::m(int)].JML normal_behavior operation contract.0 
64211      DEBUG main            d.u.i.k.p.i.IntermediateProofReplayer Proof replay took 290.09ms 
64213      DEBUG main            d.u.i.k.p.r.p.TestFile    ... success: reloaded. 
5111190    INFO  Test worker     d.u.i.k.p.r.RunAllProofsTestUnit Running test redux 
322        INFO  Timeout watchdog d.u.i.k.p.r.p.ForkedTestFileRunner Timeout watcher launched (2000 secs.) 
347        WARN  main            d.u.i.k.s.ProofSettings   The settings in /home/runner/.key/proof-settings.props are *not* read. 
403        INFO  main            d.u.i.k.p.r.p.TestFile    Now processing file /home/runner/work/key/key/key.core/../key.ui/examples/redux/arrays/Arrays.copyOf.key 
546        INFO  main            d.u.i.k.p.i.AbstractProblemLoader Loading environment from /home/runner/work/key/key/key.core/../key.ui/examples/redux/arrays/Arrays.copyOf.key 
571        DEBUG main            d.u.i.k.p.i.AbstractProblemLoader Environment load took 2.56ms 
790        INFO  main            d.u.i.k.p.i.AbstractProblemLoader Creating init config 
1859       DEBUG main            d.u.i.k.j.TypeConverter   No LDT found for Meta 
1860       DEBUG main            d.u.i.k.j.TypeConverter   No LDT found for Meta 
1863       DEBUG main            d.u.i.k.j.TypeConverter   No LDT found for Meta 
1863       DEBUG main            d.u.i.k.j.TypeConverter   No LDT found for Meta 
3113       DEBUG main            d.u.i.k.j.TypeConverter   No LDT found for JavaBigintExpression 
8616       DEBUG main            d.u.i.k.p.i.AbstractProblemLoader Init config took 7.83s 
8756       INFO  main            d.u.i.k.p.i.AbstractProblemLoader Replaying proof Arrays[Arrays::copyOf([I,int)].JML normal_behavior operation contract.0 
8785       DEBUG main            d.u.i.k.p.i.IntermediateProofReplayer Proof replay took 34.8ns 
13546      INFO  main            d.u.i.k.p.r.p.TestFile    ... finished proof: closed. 
13705      INFO  main            d.u.i.k.p.i.AbstractProblemLoader Loading environment from /home/runner/work/key/key/key.core/../key.ui/examples/redux/arrays/Arrays.copyOf.key.proof 
13706      DEBUG main            d.u.i.k.p.i.AbstractProblemLoader Environment load took 339.9ns 
13709      INFO  main            d.u.i.k.p.i.AbstractProblemLoader Creating init config 
16840      DEBUG main            d.u.i.k.p.i.AbstractProblemLoader Init config took 3.13s 
16929      INFO  main            d.u.i.k.p.i.AbstractProblemLoader Replaying proof Arrays[Arrays::copyOf([I,int)].JML normal_behavior operation contract.0 
17565      DEBUG main            d.u.i.k.p.i.IntermediateProofReplayer Proof replay took 600.35ms 
17575      DEBUG main            d.u.i.k.p.r.p.TestFile    ... success: reloaded. 
17582      INFO  main            d.u.i.k.p.r.p.TestFile    Now processing file /home/runner/work/key/key/key.core/../key.ui/examples/redux/arrays/Arrays.copyOf.float.key 
17582      INFO  main            d.u.i.k.p.i.AbstractProblemLoader Loading environment from /home/runner/work/key/key/key.core/../key.ui/examples/redux/arrays/Arrays.copyOf.float.key 
17582      DEBUG main            d.u.i.k.p.i.AbstractProblemLoader Environment load took 85ns 
17584      INFO  main            d.u.i.k.p.i.AbstractProblemLoader Creating init config 
20662      DEBUG main            d.u.i.k.p.i.AbstractProblemLoader Init config took 3.08s 
20721      INFO  main            d.u.i.k.p.i.AbstractProblemLoader Replaying proof Arrays[Arrays::copyOf([F,int)].JML normal_behavior operation contract.0 
20723      DEBUG main            d.u.i.k.p.i.IntermediateProofReplayer Proof replay took 6.3ns 
20746      DEBUG main            d.u.i.k.m.s.ProofScriptEngine 1: 'macro autopilot' 
25228      DEBUG main            d.u.i.k.m.s.ProofScriptEngine 2: 'smt solver=Z3' 
25303      INFO  main            d.u.i.k.m.s.SMTCommand    Finished run on goal 17 in 47ms, result is valid 
25304      DEBUG main            d.u.i.k.m.s.ProofScriptEngine 3: 'tryclose' 
27112      INFO  main            d.u.i.k.p.r.p.TestFile    ... finished proof: closed. 
27272      INFO  main            d.u.i.k.p.i.AbstractProblemLoader Loading environment from /home/runner/work/key/key/key.core/../key.ui/examples/redux/arrays/Arrays.copyOf.float.key.proof 
27273      DEBUG main            d.u.i.k.p.i.AbstractProblemLoader Environment load took 1.41ms 
27280      INFO  main            d.u.i.k.p.i.AbstractProblemLoader Creating init config 
30234      DEBUG main            d.u.i.k.p.i.AbstractProblemLoader Init config took 2.95s 
30286      INFO  main            d.u.i.k.p.i.AbstractProblemLoader Replaying proof Arrays[Arrays::copyOf([F,int)].JML normal_behavior operation contract.0 
30948      DEBUG main            d.u.i.k.p.i.IntermediateProofReplayer Proof replay took 643.41ms 
30950      DEBUG main            d.u.i.k.p.r.p.TestFile    ... success: reloaded. 
30953      INFO  main            d.u.i.k.p.r.p.TestFile    Now processing file /home/runner/work/key/key/key.core/../key.ui/examples/redux/arrays/Arrays.copyOfRange.key 
30954      INFO  main            d.u.i.k.p.i.AbstractProblemLoader Loading environment from /home/runner/work/key/key/key.core/../key.ui/examples/redux/arrays/Arrays.copyOfRange.key 
30954      DEBUG main            d.u.i.k.p.i.AbstractProblemLoader Environment load took 92.1ns 
30956      INFO  main            d.u.i.k.p.i.AbstractProblemLoader Creating init config 
33956      DEBUG main            d.u.i.k.p.i.AbstractProblemLoader Init config took 3s 
34033      INFO  main            d.u.i.k.p.i.AbstractProblemLoader Replaying proof Arrays[Arrays::copyOfRange([I,int,int)].JML normal_behavior operation contract.0 
34035      DEBUG main            d.u.i.k.p.i.IntermediateProofReplayer Proof replay took 5.6ns 
38645      INFO  main            d.u.i.k.p.r.p.TestFile    ... finished proof: closed. 
38861      INFO  main            d.u.i.k.p.i.AbstractProblemLoader Loading environment from /home/runner/work/key/key/key.core/../key.ui/examples/redux/arrays/Arrays.copyOfRange.key.proof 
38862      DEBUG main            d.u.i.k.p.i.AbstractProblemLoader Environment load took 303.2ns 
38863      INFO  main            d.u.i.k.p.i.AbstractProblemLoader Creating init config 
41702      DEBUG main            d.u.i.k.p.i.AbstractProblemLoader Init config took 2.84s 
41768      INFO  main            d.u.i.k.p.i.AbstractProblemLoader Replaying proof Arrays[Arrays::copyOfRange([I,int,int)].JML normal_behavior operation contract.0 
42298      DEBUG main            d.u.i.k.p.i.IntermediateProofReplayer Proof replay took 506.9ms 
42300      DEBUG main            d.u.i.k.p.r.p.TestFile    ... success: reloaded. 
42302      INFO  main            d.u.i.k.p.r.p.TestFile    Now processing file /home/runner/work/key/key/key.core/../key.ui/examples/redux/arrays/Arrays.copyOfRange.float.key 
42302      INFO  main            d.u.i.k.p.i.AbstractProblemLoader Loading environment from /home/runner/work/key/key/key.core/../key.ui/examples/redux/arrays/Arrays.copyOfRange.float.key 
42302      DEBUG main            d.u.i.k.p.i.AbstractProblemLoader Environment load took 92.3ns 
42303      INFO  main            d.u.i.k.p.i.AbstractProblemLoader Creating init config 
45206      DEBUG main            d.u.i.k.p.i.AbstractProblemLoader Init config took 2.9s 
45249      INFO  main            d.u.i.k.p.i.AbstractProblemLoader Replaying proof Arrays[Arrays::copyOfRange([F,int,int)].JML normal_behavior operation contract.0 
45250      DEBUG main            d.u.i.k.p.i.IntermediateProofReplayer Proof replay took 5.4ns 
45251      DEBUG main            d.u.i.k.m.s.ProofScriptEngine 1: 'macro autopilot' 
51281      DEBUG main            d.u.i.k.m.s.ProofScriptEngine 2: 'smt solver=Z3' 
51319      INFO  main            d.u.i.k.m.s.SMTCommand    Finished run on goal 27 in 29ms, result is valid 
51319      DEBUG main            d.u.i.k.m.s.ProofScriptEngine 3: 'tryclose' 
55020      INFO  main            d.u.i.k.p.r.p.TestFile    ... finished proof: closed. 
55219      INFO  main            d.u.i.k.p.i.AbstractProblemLoader Loading environment from /home/runner/work/key/key/key.core/../key.ui/examples/redux/arrays/Arrays.copyOfRange.float.key.proof 
55219      DEBUG main            d.u.i.k.p.i.AbstractProblemLoader Environment load took 380.2ns 
55223      INFO  main            d.u.i.k.p.i.AbstractProblemLoader Creating init config 
58099      DEBUG main            d.u.i.k.p.i.AbstractProblemLoader Init config took 2.88s 
58142      INFO  main            d.u.i.k.p.i.AbstractProblemLoader Replaying proof Arrays[Arrays::copyOfRange([F,int,int)].JML normal_behavior operation contract.0 
59131      DEBUG main            d.u.i.k.p.i.IntermediateProofReplayer Proof replay took 964.27ms 
59133      DEBUG main            d.u.i.k.p.r.p.TestFile    ... success: reloaded. 
59134      INFO  main            d.u.i.k.p.r.p.TestFile    Now processing file /home/runner/work/key/key/key.core/../key.ui/examples/redux/arrays/Arrays.equals.key 
59135      INFO  main            d.u.i.k.p.i.AbstractProblemLoader Loading environment from /home/runner/work/key/key/key.core/../key.ui/examples/redux/arrays/Arrays.equals.key 
59136      DEBUG main            d.u.i.k.p.i.AbstractProblemLoader Environment load took 427.9ns 
59137      INFO  main            d.u.i.k.p.i.AbstractProblemLoader Creating init config 
62231      DEBUG main            d.u.i.k.p.i.AbstractProblemLoader Init config took 3.09s 
62273      INFO  main            d.u.i.k.p.i.AbstractProblemLoader Replaying proof Arrays[Arrays::equals([B,[B)].JML normal_behavior operation contract.0 
62274      DEBUG main            d.u.i.k.p.i.IntermediateProofReplayer Proof replay took 5.3ns 
62778      INFO  main            d.u.i.k.p.r.p.TestFile    ... finished proof: closed. 
63008      INFO  main            d.u.i.k.p.i.AbstractProblemLoader Loading environment from /home/runner/work/key/key/key.core/../key.ui/examples/redux/arrays/Arrays.equals.key.proof 
63009      DEBUG main            d.u.i.k.p.i.AbstractProblemLoader Environment load took 337.7ns 
63010      INFO  main            d.u.i.k.p.i.AbstractProblemLoader Creating init config 
65807      DEBUG main            d.u.i.k.p.i.AbstractProblemLoader Init config took 2.8s 
65848      INFO  main            d.u.i.k.p.i.AbstractProblemLoader Replaying proof Arrays[Arrays::equals([B,[B)].JML normal_behavior operation contract.0 
66003      DEBUG main            d.u.i.k.p.i.IntermediateProofReplayer Proof replay took 151.29ms 
66004      DEBUG main            d.u.i.k.p.r.p.TestFile    ... success: reloaded. 
66006      INFO  main            d.u.i.k.p.r.p.TestFile    Now processing file /home/runner/work/key/key/key.core/../key.ui/examples/redux/arrays/Arrays.fill.key 
66007      INFO  main            d.u.i.k.p.i.AbstractProblemLoader Loading environment from /home/runner/work/key/key/key.core/../key.ui/examples/redux/arrays/Arrays.fill.key 
66007      DEBUG main            d.u.i.k.p.i.AbstractProblemLoader Environment load took 163.4ns 
66008      INFO  main            d.u.i.k.p.i.AbstractProblemLoader Creating init config 
68936      DEBUG main            d.u.i.k.p.i.AbstractProblemLoader Init config took 2.93s 
68976      INFO  main            d.u.i.k.p.i.AbstractProblemLoader Replaying proof Arrays[Arrays::fill([I,int)].JML normal_behavior operation contract.0 
68977      DEBUG main            d.u.i.k.p.i.IntermediateProofReplayer Proof replay took 5.3ns 
69181      INFO  main            d.u.i.k.p.r.p.TestFile    ... finished proof: closed. 
69345      INFO  main            d.u.i.k.p.i.AbstractProblemLoader Loading environment from /home/runner/work/key/key/key.core/../key.ui/examples/redux/arrays/Arrays.fill.key.proof 
69345      DEBUG main            d.u.i.k.p.i.AbstractProblemLoader Environment load took 119.8ns 
69346      INFO  main            d.u.i.k.p.i.AbstractProblemLoader Creating init config 
72135      DEBUG main            d.u.i.k.p.i.AbstractProblemLoader Init config took 2.79s 
72175      INFO  main            d.u.i.k.p.i.AbstractProblemLoader Replaying proof Arrays[Arrays::fill([I,int)].JML normal_behavior operation contract.0 
72206      DEBUG main            d.u.i.k.p.i.IntermediateProofReplayer Proof replay took 28.99ms 
72207      DEBUG main            d.u.i.k.p.r.p.TestFile    ... success: reloaded. 
72209      INFO  main            d.u.i.k.p.r.p.TestFile    Now processing file /home/runner/work/key/key/key.core/../key.ui/examples/redux/arrays/Arrays.fill.float.key 
72209      INFO  main            d.u.i.k.p.i.AbstractProblemLoader Loading environment from /home/runner/work/key/key/key.core/../key.ui/examples/redux/arrays/Arrays.fill.float.key 
72209      DEBUG main            d.u.i.k.p.i.AbstractProblemLoader Environment load took 83.2ns 
72210      INFO  main            d.u.i.k.p.i.AbstractProblemLoader Creating init config 
75076      DEBUG main            d.u.i.k.p.i.AbstractProblemLoader Init config took 2.87s 
75127      INFO  main            d.u.i.k.p.i.AbstractProblemLoader Replaying proof Arrays[Arrays::fill([F,float)].JML normal_behavior operation contract.0 
75129      DEBUG main            d.u.i.k.p.i.IntermediateProofReplayer Proof replay took 6.1ns 
75333      INFO  main            d.u.i.k.p.r.p.TestFile    ... finished proof: closed. 
75508      INFO  main            d.u.i.k.p.i.AbstractProblemLoader Loading environment from /home/runner/work/key/key/key.core/../key.ui/examples/redux/arrays/Arrays.fill.float.key.proof 
75509      DEBUG main            d.u.i.k.p.i.AbstractProblemLoader Environment load took 110.8ns 
75509      INFO  main            d.u.i.k.p.i.AbstractProblemLoader Creating init config 
78315      DEBUG main            d.u.i.k.p.i.AbstractProblemLoader Init config took 2.81s 
78357      INFO  main            d.u.i.k.p.i.AbstractProblemLoader Replaying proof Arrays[Arrays::fill([F,float)].JML normal_behavior operation contract.0 
78401      DEBUG main            d.u.i.k.p.i.IntermediateProofReplayer Proof replay took 40.59ms 
78402      DEBUG main            d.u.i.k.p.r.p.TestFile    ... success: reloaded. 
78404      INFO  main            d.u.i.k.p.r.p.TestFile    Now processing file /home/runner/work/key/key/key.core/../key.ui/examples/redux/arrays/Arrays.fillFromTo.key 
78404      INFO  main            d.u.i.k.p.i.AbstractProblemLoader Loading environment from /home/runner/work/key/key/key.core/../key.ui/examples/redux/arrays/Arrays.fillFromTo.key 
78404      DEBUG main            d.u.i.k.p.i.AbstractProblemLoader Environment load took 348.2ns 
78405      INFO  main            d.u.i.k.p.i.AbstractProblemLoader Creating init config 
81163      DEBUG main            d.u.i.k.p.i.AbstractProblemLoader Init config took 2.76s 
81224      INFO  main            d.u.i.k.p.i.AbstractProblemLoader Replaying proof Arrays[Arrays::fill([I,int,int,int)].JML normal_behavior operation contract.0 
81225      DEBUG main            d.u.i.k.p.i.IntermediateProofReplayer Proof replay took 5.5ns 
81728      INFO  main            d.u.i.k.p.r.p.TestFile    ... finished proof: closed. 
81978      INFO  main            d.u.i.k.p.i.AbstractProblemLoader Loading environment from /home/runner/work/key/key/key.core/../key.ui/examples/redux/arrays/Arrays.fillFromTo.key.proof 
81978      DEBUG main            d.u.i.k.p.i.AbstractProblemLoader Environment load took 310.8ns 
81979      INFO  main            d.u.i.k.p.i.AbstractProblemLoader Creating init config 
84754      DEBUG main            d.u.i.k.p.i.AbstractProblemLoader Init config took 2.78s 
84790      INFO  main            d.u.i.k.p.i.AbstractProblemLoader Replaying proof Arrays[Arrays::fill([I,int,int,int)].JML normal_behavior operation contract.0 
84900      DEBUG main            d.u.i.k.p.i.IntermediateProofReplayer Proof replay took 105.53ms 
84901      DEBUG main            d.u.i.k.p.r.p.TestFile    ... success: reloaded. 
84903      INFO  main            d.u.i.k.p.r.p.TestFile    Now processing file /home/runner/work/key/key/key.core/../key.ui/examples/redux/arrays/Arrays.fillFromTo.float.key 
84903      INFO  main            d.u.i.k.p.i.AbstractProblemLoader Loading environment from /home/runner/work/key/key/key.core/../key.ui/examples/redux/arrays/Arrays.fillFromTo.float.key 
84903      DEBUG main            d.u.i.k.p.i.AbstractProblemLoader Environment load took 172.5ns 
84904      INFO  main            d.u.i.k.p.i.AbstractProblemLoader Creating init config 
87697      DEBUG main            d.u.i.k.p.i.AbstractProblemLoader Init config took 2.79s 
87732      INFO  main            d.u.i.k.p.i.AbstractProblemLoader Replaying proof Arrays[Arrays::fill([F,int,int,float)].JML normal_behavior operation contract.0 
87734      DEBUG main            d.u.i.k.p.i.IntermediateProofReplayer Proof replay took 5.2ns 
88438      INFO  main            d.u.i.k.p.r.p.TestFile    ... finished proof: closed. 
88621      INFO  main            d.u.i.k.p.i.AbstractProblemLoader Loading environment from /home/runner/work/key/key/key.core/../key.ui/examples/redux/arrays/Arrays.fillFromTo.float.key.proof 
88622      DEBUG main            d.u.i.k.p.i.AbstractProblemLoader Environment load took 322.7ns 
88623      INFO  main            d.u.i.k.p.i.AbstractProblemLoader Creating init config 
91428      DEBUG main            d.u.i.k.p.i.AbstractProblemLoader Init config took 2.81s 
91474      INFO  main            d.u.i.k.p.i.AbstractProblemLoader Replaying proof Arrays[Arrays::fill([F,int,int,float)].JML normal_behavior operation contract.0 
91607      DEBUG main            d.u.i.k.p.i.IntermediateProofReplayer Proof replay took 128.93ms 
91611      DEBUG main            d.u.i.k.p.r.p.TestFile    ... success: reloaded. 
91613      INFO  main            d.u.i.k.p.r.p.TestFile    Now processing file /home/runner/work/key/key/key.core/../key.ui/examples/redux/arrays/ArrayCopy.arraycopy.normal.0.key 
91613      INFO  main            d.u.i.k.p.i.AbstractProblemLoader Loading environment from /home/runner/work/key/key/key.core/../key.ui/examples/redux/arrays/ArrayCopy.arraycopy.normal.0.key 
91614      DEBUG main            d.u.i.k.p.i.AbstractProblemLoader Environment load took 155ns 
91614      INFO  main            d.u.i.k.p.i.AbstractProblemLoader Creating init config 
94461      DEBUG main            d.u.i.k.p.i.AbstractProblemLoader Init config took 2.85s 
94496      INFO  main            d.u.i.k.p.i.AbstractProblemLoader Replaying proof ArrayCopy[ArrayCopy::arraycopy(java.lang.Object,int,java.lang.Object,int,int)].JML normal_behavior operation contract.0 
94498      DEBUG main            d.u.i.k.p.i.IntermediateProofReplayer Proof replay took 5.2ns 
100809     INFO  main            d.u.i.k.p.r.p.TestFile    ... finished proof: closed. 
101028     INFO  main            d.u.i.k.p.i.AbstractProblemLoader Loading environment from /home/runner/work/key/key/key.core/../key.ui/examples/redux/arrays/ArrayCopy.arraycopy.normal.0.key.proof 
101028     DEBUG main            d.u.i.k.p.i.AbstractProblemLoader Environment load took 116.7ns 
101030     INFO  main            d.u.i.k.p.i.AbstractProblemLoader Creating init config 
103842     DEBUG main            d.u.i.k.p.i.AbstractProblemLoader Init config took 2.81s 
103877     INFO  main            d.u.i.k.p.i.AbstractProblemLoader Replaying proof ArrayCopy[ArrayCopy::arraycopy(java.lang.Object,int,java.lang.Object,int,int)].JML normal_behavior operation contract.0 
104793     DEBUG main            d.u.i.k.p.i.IntermediateProofReplayer Proof replay took 900.25ms 
104795     DEBUG main            d.u.i.k.p.r.p.TestFile    ... success: reloaded. 
104797     INFO  main            d.u.i.k.p.r.p.TestFile    Now processing file /home/runner/work/key/key/key.core/../key.ui/examples/redux/arrays/ArrayCopy.arraycopy.exceptional.0.key 
104797     INFO  main            d.u.i.k.p.i.AbstractProblemLoader Loading environment from /home/runner/work/key/key/key.core/../key.ui/examples/redux/arrays/ArrayCopy.arraycopy.exceptional.0.key 
104798     DEBUG main            d.u.i.k.p.i.AbstractProblemLoader Environment load took 197ns 
104799     INFO  main            d.u.i.k.p.i.AbstractProblemLoader Creating init config 
107666     DEBUG main            d.u.i.k.p.i.AbstractProblemLoader Init config took 2.87s 
107701     INFO  main            d.u.i.k.p.i.AbstractProblemLoader Replaying proof ArrayCopy[ArrayCopy::arraycopy(java.lang.Object,int,java.lang.Object,int,int)].JML exceptional_behavior operation contract.0 
107702     DEBUG main            d.u.i.k.p.i.IntermediateProofReplayer Proof replay took 4.6ns 
108105     INFO  main            d.u.i.k.p.r.p.TestFile    ... finished proof: closed. 
108285     INFO  main            d.u.i.k.p.i.AbstractProblemLoader Loading environment from /home/runner/work/key/key/key.core/../key.ui/examples/redux/arrays/ArrayCopy.arraycopy.exceptional.0.key.proof 
108285     DEBUG main            d.u.i.k.p.i.AbstractProblemLoader Environment load took 113.5ns 
108286     INFO  main            d.u.i.k.p.i.AbstractProblemLoader Creating init config 
111052     DEBUG main            d.u.i.k.p.i.AbstractProblemLoader Init config took 2.77s 
111086     INFO  main            d.u.i.k.p.i.AbstractProblemLoader Replaying proof ArrayCopy[ArrayCopy::arraycopy(java.lang.Object,int,java.lang.Object,int,int)].JML exceptional_behavior operation contract.0 
111198     DEBUG main            d.u.i.k.p.i.IntermediateProofReplayer Proof replay took 109.27ms 
111199     DEBUG main            d.u.i.k.p.r.p.TestFile    ... success: reloaded. 
111200     INFO  main            d.u.i.k.p.r.p.TestFile    Now processing file /home/runner/work/key/key/key.core/../key.ui/examples/redux/arrays/ArrayCopy.arraycopy.exceptional.1.key 
111201     INFO  main            d.u.i.k.p.i.AbstractProblemLoader Loading environment from /home/runner/work/key/key/key.core/../key.ui/examples/redux/arrays/ArrayCopy.arraycopy.exceptional.1.key 
111201     DEBUG main            d.u.i.k.p.i.AbstractProblemLoader Environment load took 78.2ns 
111201     INFO  main            d.u.i.k.p.i.AbstractProblemLoader Creating init config 
114045     DEBUG main            d.u.i.k.p.i.AbstractProblemLoader Init config took 2.84s 
114080     INFO  main            d.u.i.k.p.i.AbstractProblemLoader Replaying proof ArrayCopy[ArrayCopy::arraycopy(java.lang.Object,int,java.lang.Object,int,int)].JML exceptional_behavior operation contract.1 
114082     DEBUG main            d.u.i.k.p.i.IntermediateProofReplayer Proof replay took 5.5ns 
120422     INFO  main            d.u.i.k.p.r.p.TestFile    ... finished proof: closed. 
120657     INFO  main            d.u.i.k.p.i.AbstractProblemLoader Loading environment from /home/runner/work/key/key/key.core/../key.ui/examples/redux/arrays/ArrayCopy.arraycopy.exceptional.1.key.proof 
120657     DEBUG main            d.u.i.k.p.i.AbstractProblemLoader Environment load took 166.8ns 
120659     INFO  main            d.u.i.k.p.i.AbstractProblemLoader Creating init config 
123480     DEBUG main            d.u.i.k.p.i.AbstractProblemLoader Init config took 2.82s 
123515     INFO  main            d.u.i.k.p.i.AbstractProblemLoader Replaying proof ArrayCopy[ArrayCopy::arraycopy(java.lang.Object,int,java.lang.Object,int,int)].JML exceptional_behavior operation contract.1 
125123     DEBUG main            d.u.i.k.p.i.IntermediateProofReplayer Proof replay took 1.59s 
125130     DEBUG main            d.u.i.k.p.r.p.TestFile    ... success: reloaded. 
5236499    INFO  Test worker     d.u.i.k.p.r.RunAllProofsTestUnit Returning from test redux 
]]></system-out>
  <system-err><![CDATA[Exception in thread "main" org.opentest4j.AssertionFailedError: Exception during the execution of proofs. See log for more details.
	at org.junit.jupiter.api.AssertionUtils.fail(AssertionUtils.java:38)
	at org.junit.jupiter.api.Assertions.fail(Assertions.java:135)
	at de.uka.ilkd.key.proof.runallproofs.proofcollection.ForkedTestFileRunner.main(ForkedTestFileRunner.java:192)
Exception in thread "main" org.opentest4j.AssertionFailedError: Exception during the execution of proofs. See log for more details.
	at org.junit.jupiter.api.AssertionUtils.fail(AssertionUtils.java:38)
	at org.junit.jupiter.api.Assertions.fail(Assertions.java:135)
	at de.uka.ilkd.key.proof.runallproofs.proofcollection.ForkedTestFileRunner.main(ForkedTestFileRunner.java:192)
Exception in thread "main" org.opentest4j.AssertionFailedError: Exception during the execution of proofs. See log for more details.
	at org.junit.jupiter.api.AssertionUtils.fail(AssertionUtils.java:38)
	at org.junit.jupiter.api.Assertions.fail(Assertions.java:135)
	at de.uka.ilkd.key.proof.runallproofs.proofcollection.ForkedTestFileRunner.main(ForkedTestFileRunner.java:192)
Exception in thread "main" org.opentest4j.AssertionFailedError: Exception during the execution of proofs. See log for more details.
	at org.junit.jupiter.api.AssertionUtils.fail(AssertionUtils.java:38)
	at org.junit.jupiter.api.Assertions.fail(Assertions.java:135)
	at de.uka.ilkd.key.proof.runallproofs.proofcollection.ForkedTestFileRunner.main(ForkedTestFileRunner.java:192)
Exception in thread "main" org.opentest4j.AssertionFailedError: Exception during the execution of proofs. See log for more details.
	at org.junit.jupiter.api.AssertionUtils.fail(AssertionUtils.java:38)
	at org.junit.jupiter.api.Assertions.fail(Assertions.java:135)
	at de.uka.ilkd.key.proof.runallproofs.proofcollection.ForkedTestFileRunner.main(ForkedTestFileRunner.java:192)
Exception in thread "main" org.opentest4j.AssertionFailedError: Exception during the execution of proofs. See log for more details.
	at org.junit.jupiter.api.AssertionUtils.fail(AssertionUtils.java:38)
	at org.junit.jupiter.api.Assertions.fail(Assertions.java:135)
	at de.uka.ilkd.key.proof.runallproofs.proofcollection.ForkedTestFileRunner.main(ForkedTestFileRunner.java:192)
Exception in thread "main" org.opentest4j.AssertionFailedError: Exception during the execution of proofs. See log for more details.
	at org.junit.jupiter.api.AssertionUtils.fail(AssertionUtils.java:38)
	at org.junit.jupiter.api.Assertions.fail(Assertions.java:135)
	at de.uka.ilkd.key.proof.runallproofs.proofcollection.ForkedTestFileRunner.main(ForkedTestFileRunner.java:192)
Exception in thread "main" org.opentest4j.AssertionFailedError: Exception during the execution of proofs. See log for more details.
	at org.junit.jupiter.api.AssertionUtils.fail(AssertionUtils.java:38)
	at org.junit.jupiter.api.Assertions.fail(Assertions.java:135)
	at de.uka.ilkd.key.proof.runallproofs.proofcollection.ForkedTestFileRunner.main(ForkedTestFileRunner.java:192)
Exception in thread "main" org.opentest4j.AssertionFailedError: Exception during the execution of proofs. See log for more details.
	at org.junit.jupiter.api.AssertionUtils.fail(AssertionUtils.java:38)
	at org.junit.jupiter.api.Assertions.fail(Assertions.java:135)
	at de.uka.ilkd.key.proof.runallproofs.proofcollection.ForkedTestFileRunner.main(ForkedTestFileRunner.java:192)
Exception in thread "main" org.opentest4j.AssertionFailedError: Exception during the execution of proofs. See log for more details.
	at org.junit.jupiter.api.AssertionUtils.fail(AssertionUtils.java:38)
	at org.junit.jupiter.api.Assertions.fail(Assertions.java:135)
	at de.uka.ilkd.key.proof.runallproofs.proofcollection.ForkedTestFileRunner.main(ForkedTestFileRunner.java:192)
Exception in thread "main" org.opentest4j.AssertionFailedError: Exception during the execution of proofs. See log for more details.
	at org.junit.jupiter.api.AssertionUtils.fail(AssertionUtils.java:38)
	at org.junit.jupiter.api.Assertions.fail(Assertions.java:135)
	at de.uka.ilkd.key.proof.runallproofs.proofcollection.ForkedTestFileRunner.main(ForkedTestFileRunner.java:192)
Exception in thread "main" org.opentest4j.AssertionFailedError: Exception during the execution of proofs. See log for more details.
	at org.junit.jupiter.api.AssertionUtils.fail(AssertionUtils.java:38)
	at org.junit.jupiter.api.Assertions.fail(Assertions.java:135)
	at de.uka.ilkd.key.proof.runallproofs.proofcollection.ForkedTestFileRunner.main(ForkedTestFileRunner.java:192)
Exception in thread "main" org.opentest4j.AssertionFailedError: Exception during the execution of proofs. See log for more details.
	at org.junit.jupiter.api.AssertionUtils.fail(AssertionUtils.java:38)
	at org.junit.jupiter.api.Assertions.fail(Assertions.java:135)
	at de.uka.ilkd.key.proof.runallproofs.proofcollection.ForkedTestFileRunner.main(ForkedTestFileRunner.java:192)
Exception in thread "main" org.opentest4j.AssertionFailedError: Exception during the execution of proofs. See log for more details.
	at org.junit.jupiter.api.AssertionUtils.fail(AssertionUtils.java:38)
	at org.junit.jupiter.api.Assertions.fail(Assertions.java:135)
	at de.uka.ilkd.key.proof.runallproofs.proofcollection.ForkedTestFileRunner.main(ForkedTestFileRunner.java:192)
Exception in thread "main" org.opentest4j.AssertionFailedError: Exception during the execution of proofs. See log for more details.
	at org.junit.jupiter.api.AssertionUtils.fail(AssertionUtils.java:38)
	at org.junit.jupiter.api.Assertions.fail(Assertions.java:135)
	at de.uka.ilkd.key.proof.runallproofs.proofcollection.ForkedTestFileRunner.main(ForkedTestFileRunner.java:192)
Exception in thread "main" org.opentest4j.AssertionFailedError: Exception during the execution of proofs. See log for more details.
	at org.junit.jupiter.api.AssertionUtils.fail(AssertionUtils.java:38)
	at org.junit.jupiter.api.Assertions.fail(Assertions.java:135)
	at de.uka.ilkd.key.proof.runallproofs.proofcollection.ForkedTestFileRunner.main(ForkedTestFileRunner.java:192)
Exception in thread "main" org.opentest4j.AssertionFailedError: Exception during the execution of proofs. See log for more details.
	at org.junit.jupiter.api.AssertionUtils.fail(AssertionUtils.java:38)
	at org.junit.jupiter.api.Assertions.fail(Assertions.java:135)
	at de.uka.ilkd.key.proof.runallproofs.proofcollection.ForkedTestFileRunner.main(ForkedTestFileRunner.java:192)
Exception in thread "main" org.opentest4j.AssertionFailedError: Exception during the execution of proofs. See log for more details.
	at org.junit.jupiter.api.AssertionUtils.fail(AssertionUtils.java:38)
	at org.junit.jupiter.api.Assertions.fail(Assertions.java:135)
	at de.uka.ilkd.key.proof.runallproofs.proofcollection.ForkedTestFileRunner.main(ForkedTestFileRunner.java:192)
Exception in thread "main" org.opentest4j.AssertionFailedError: Exception during the execution of proofs. See log for more details.
	at org.junit.jupiter.api.AssertionUtils.fail(AssertionUtils.java:38)
	at org.junit.jupiter.api.Assertions.fail(Assertions.java:135)
	at de.uka.ilkd.key.proof.runallproofs.proofcollection.ForkedTestFileRunner.main(ForkedTestFileRunner.java:192)
]]></system-err>
</testsuite>
