<?xml version="1.0" encoding="UTF-8"?>
<testsuite name="de.uka.ilkd.key.util.removegenerics.TestMethodDeclaration" tests="6" skipped="0" failures="0" errors="0" timestamp="2023-05-27T16:05:17" hostname="fv-az206-343" time="0.143">
  <properties/>
  <testcase name="testMethodArray()" classname="de.uka.ilkd.key.util.removegenerics.TestMethodDeclaration" time="0.002"/>
  <testcase name="testToArray()" classname="de.uka.ilkd.key.util.removegenerics.TestMethodDeclaration" time="0.033"/>
  <testcase name="testExcplicitTV()" classname="de.uka.ilkd.key.util.removegenerics.TestMethodDeclaration" time="0.022"/>
  <testcase name="testMethod()" classname="de.uka.ilkd.key.util.removegenerics.TestMethodDeclaration" time="0.003"/>
  <testcase name="testGenericMethod()" classname="de.uka.ilkd.key.util.removegenerics.TestMethodDeclaration" time="0.051"/>
  <testcase name="testReturnTypes()" classname="de.uka.ilkd.key.util.removegenerics.TestMethodDeclaration" time="0.01"/>
  <system-out><![CDATA[]]></system-out>
  <system-err><![CDATA[]]></system-err>
</testsuite>
