<?xml version="1.0" encoding="UTF-8"?>
<testsuite name="de.uka.ilkd.key.gui.ShortUniqueFileNamesTest" tests="1" skipped="0" failures="0" errors="0" timestamp="2023-05-31T12:31:49" hostname="fv-az811-346" time="0.022">
  <properties/>
  <testcase name="uniqueFileNamesTest()" classname="de.uka.ilkd.key.gui.ShortUniqueFileNamesTest" time="0.022"/>
  <system-out><![CDATA[]]></system-out>
  <system-err><![CDATA[]]></system-err>
</testsuite>
