<?xml version="1.0" encoding="UTF-8"?>
<testsuite name="org.key_project.slicing.EndToEndTests" tests="11" skipped="0" failures="0" errors="0" timestamp="2023-03-31T18:40:50" hostname="fv-az409-364" time="275.065">
  <properties/>
  <testcase name="sliceIfThenElseSplit()" classname="org.key_project.slicing.EndToEndTests" time="60.074"/>
  <testcase name="deduplicateChecksMergabilityCorrectly()" classname="org.key_project.slicing.EndToEndTests" time="9.389"/>
  <testcase name="sliceDuplicatesAway()" classname="org.key_project.slicing.EndToEndTests" time="37.446"/>
  <testcase name="sliceMultipleIterations()" classname="org.key_project.slicing.EndToEndTests" time="71.514"/>
  <testcase name="sliceDuplicatesAwayOpenGoals()" classname="org.key_project.slicing.EndToEndTests" time="37.176"/>
  <testcase name="sliceCutExample()" classname="org.key_project.slicing.EndToEndTests" time="9.115"/>
  <testcase name="sliceAgathaWithOpenGoal()" classname="org.key_project.slicing.EndToEndTests" time="9.435"/>
  <testcase name="sliceSimpleSMT()" classname="org.key_project.slicing.EndToEndTests" time="0.002"/>
  <testcase name="sliceWithOpenGoal()" classname="org.key_project.slicing.EndToEndTests" time="18.878"/>
  <testcase name="sliceAgatha()" classname="org.key_project.slicing.EndToEndTests" time="9.443"/>
  <testcase name="sliceJavaProof()" classname="org.key_project.slicing.EndToEndTests" time="12.587"/>
  <system-out><![CDATA[loading /home/runner/work/key/key/keyext.slicing/src/test/resources/testcase/ifThenElseSplit.proof
[18:40:50.262] ?[31mWARN ?[0;39m ?[36mProofIndependentSettings?[0;39m - The settings in /home/runner/.key/proofIndependentSettings.props are *not* read due to flag 'key.disregardSettings'
[18:40:50.466] ?[31mWARN ?[0;39m ?[36mProofSettings?[0;39m - The settings in /home/runner/.key/proof-settings.props are *not* read.
[18:41:03.530] ?[34mINFO ?[0;39m ?[36mKeyStrokeSettings?[0;39m - Save keyboard shortcuts to: /home/runner/.key/keystrokes.properties
loading /home/runner/work/key/key/keyext.slicing/src/test/resources/testcase/ifThenElseSplit.proof
[18:41:14.795] ?[34mINFO ?[0;39m ?[36mDependencyAnalyzer?[0;39m - merging 2 and 3
loading /tmp/KeYslice1149353405625536166/ifThenElseSplit_slice1.proof
[18:41:24.590] ?[34mINFO ?[0;39m ?[36mDependencyAnalyzer?[0;39m - merging 3 and 4
loading /tmp/KeYslice1794340322532245294/ifThenElseSplit_slice2.proof
[18:41:34.356] ?[34mINFO ?[0;39m ?[36mDependencyAnalyzer?[0;39m - merging 4 and 5
loading /tmp/KeYslice8376825054966081445/ifThenElseSplit_slice3.proof
[18:41:43.841] ?[34mINFO ?[0;39m ?[36mDependencyAnalyzer?[0;39m - merging 5 and 6
loading /home/runner/work/key/key/keyext.slicing/src/test/resources/testcase/deduplicateCheck4.proof
loading /home/runner/work/key/key/keyext.slicing/src/test/resources/testcase/exampleDuplicate.proof
[18:42:02.682] ?[34mINFO ?[0;39m ?[36mDependencyAnalyzer?[0;39m - merging 2 and 3
loading /tmp/KeYslice10139083544946019709/exampleDuplicate_slice1.proof
[18:42:12.089] ?[34mINFO ?[0;39m ?[36mDependencyAnalyzer?[0;39m - merging 3 and 4
loading /tmp/KeYslice15155088673720205674/exampleDuplicate_slice2.proof
[18:42:21.611] ?[34mINFO ?[0;39m ?[36mDependencyAnalyzer?[0;39m - merging 4 and 5
loading /tmp/KeYslice920276675433360061/exampleDuplicate_slice3.proof
loading /home/runner/work/key/key/keyext.slicing/src/test/resources/testcase/../../../../../key.ui/examples/firstTouch/05-ReverseArray/reverseArray.proof
[18:42:43.523] ?[34mINFO ?[0;39m ?[36mDependencyAnalyzer?[0;39m - merging 1010 and 4663
[18:42:43.530] ?[34mINFO ?[0;39m ?[36mDependencyAnalyzer?[0;39m - merging 3958 and 4306
[18:42:43.536] ?[34mINFO ?[0;39m ?[36mDependencyAnalyzer?[0;39m - merging 2591 and 3795
[18:42:43.561] ?[34mINFO ?[0;39m ?[36mDependencyAnalyzer?[0;39m - merging 1354 and 4678
loading /tmp/KeYslice10181873610584260574/reverseArray_slice1.proof
[18:42:58.662] ?[34mINFO ?[0;39m ?[36mDependencyAnalyzer?[0;39m - merging 880 and 3479
[18:42:58.666] ?[34mINFO ?[0;39m ?[36mDependencyAnalyzer?[0;39m - merging 2219 and 2914
[18:42:58.671] ?[34mINFO ?[0;39m ?[36mDependencyAnalyzer?[0;39m - merging 947 and 3782
[18:42:58.677] ?[34mINFO ?[0;39m ?[36mDependencyAnalyzer?[0;39m - merging 879 and 3473
[18:42:58.680] ?[34mINFO ?[0;39m ?[36mDependencyAnalyzer?[0;39m - merging 943 and 3370
[18:42:58.691] ?[34mINFO ?[0;39m ?[36mDependencyAnalyzer?[0;39m - merging 2973 and 3148
[18:42:58.698] ?[34mINFO ?[0;39m ?[36mDependencyAnalyzer?[0;39m - merging 1281 and 3384
loading /tmp/KeYslice870333149739069104/reverseArray_slice2.proof
[18:43:12.812] ?[34mINFO ?[0;39m ?[36mDependencyAnalyzer?[0;39m - merging 782 and 3554
[18:43:12.818] ?[34mINFO ?[0;39m ?[36mDependencyAnalyzer?[0;39m - merging 949 and 3776
[18:43:12.823] ?[34mINFO ?[0;39m ?[36mDependencyAnalyzer?[0;39m - merging 781 and 3569
[18:43:12.825] ?[34mINFO ?[0;39m ?[36mDependencyAnalyzer?[0;39m - merging 883 and 3474
[18:43:12.827] ?[34mINFO ?[0;39m ?[36mDependencyAnalyzer?[0;39m - merging 2220 and 2914
[18:43:12.828] ?[34mINFO ?[0;39m ?[36mDependencyAnalyzer?[0;39m - merging 882 and 3469
[18:43:12.830] ?[34mINFO ?[0;39m ?[36mDependencyAnalyzer?[0;39m - merging 946 and 3368
[18:43:12.831] ?[34mINFO ?[0;39m ?[36mDependencyAnalyzer?[0;39m - merging 2973 and 3147
[18:43:12.833] ?[34mINFO ?[0;39m ?[36mDependencyAnalyzer?[0;39m - merging 1301 and 3381
loading /tmp/KeYslice7671480579904094258/reverseArray_slice3.proof
[18:43:26.328] ?[34mINFO ?[0;39m ?[36mDependencyAnalyzer?[0;39m - merging 886 and 3469
[18:43:26.330] ?[34mINFO ?[0;39m ?[36mDependencyAnalyzer?[0;39m - merging 784 and 3562
[18:43:26.331] ?[34mINFO ?[0;39m ?[36mDependencyAnalyzer?[0;39m - merging 757 and 3657
[18:43:26.334] ?[34mINFO ?[0;39m ?[36mDependencyAnalyzer?[0;39m - merging 785 and 3548
[18:43:26.337] ?[34mINFO ?[0;39m ?[36mDependencyAnalyzer?[0;39m - merging 1296 and 3803
[18:43:26.339] ?[34mINFO ?[0;39m ?[36mDependencyAnalyzer?[0;39m - merging 1285 and 3379
[18:43:26.345] ?[34mINFO ?[0;39m ?[36mDependencyAnalyzer?[0;39m - merging 885 and 3465
[18:43:26.346] ?[34mINFO ?[0;39m ?[36mDependencyAnalyzer?[0;39m - merging 1302 and 3378
[18:43:26.354] ?[34mINFO ?[0;39m ?[36mDependencyAnalyzer?[0;39m - merging 2973 and 3146
[18:43:26.357] ?[34mINFO ?[0;39m ?[36mDependencyAnalyzer?[0;39m - merging 2221 and 2914
[18:43:26.365] ?[34mINFO ?[0;39m ?[36mDependencyAnalyzer?[0;39m - merging 756 and 3651
loading /tmp/KeYslice5504761312741222473/reverseArray_slice4.proof
[18:43:39.781] ?[34mINFO ?[0;39m ?[36mDependencyAnalyzer?[0;39m - merging 889 and 3464
[18:43:39.782] ?[34mINFO ?[0;39m ?[36mDependencyAnalyzer?[0;39m - merging 621 and 3786
[18:43:39.783] ?[34mINFO ?[0;39m ?[36mDependencyAnalyzer?[0;39m - merging 760 and 3643
[18:43:39.788] ?[34mINFO ?[0;39m ?[36mDependencyAnalyzer?[0;39m - merging 1298 and 3793
[18:43:39.789] ?[34mINFO ?[0;39m ?[36mDependencyAnalyzer?[0;39m - merging 787 and 3555
[18:43:39.791] ?[34mINFO ?[0;39m ?[36mDependencyAnalyzer?[0;39m - merging 759 and 3648
[18:43:39.794] ?[34mINFO ?[0;39m ?[36mDependencyAnalyzer?[0;39m - merging 2222 and 2914
[18:43:39.796] ?[34mINFO ?[0;39m ?[36mDependencyAnalyzer?[0;39m - merging 2973 and 3145
[18:43:39.797] ?[34mINFO ?[0;39m ?[36mDependencyAnalyzer?[0;39m - merging 788 and 3542
[18:43:39.804] ?[34mINFO ?[0;39m ?[36mDependencyAnalyzer?[0;39m - merging 888 and 3465
[18:43:39.805] ?[34mINFO ?[0;39m ?[36mDependencyAnalyzer?[0;39m - merging 1288 and 3376
[18:43:39.809] ?[34mINFO ?[0;39m ?[36mDependencyAnalyzer?[0;39m - merging 1396 and 3388
loading /home/runner/work/key/key/keyext.slicing/src/test/resources/testcase/exampleDuplicateOpen.proof
[18:43:51.619] ?[34mINFO ?[0;39m ?[36mDependencyAnalyzer?[0;39m - merging 2 and 3
loading /tmp/KeYslice16042689459403711131/exampleDuplicateOpen_slice1.proof
[18:44:01.139] ?[34mINFO ?[0;39m ?[36mDependencyAnalyzer?[0;39m - merging 3 and 4
loading /tmp/KeYslice14712294663828492004/exampleDuplicateOpen_slice2.proof
[18:44:10.578] ?[34mINFO ?[0;39m ?[36mDependencyAnalyzer?[0;39m - merging 4 and 5
loading /tmp/KeYslice6990876306466985198/exampleDuplicateOpen_slice3.proof
loading /home/runner/work/key/key/keyext.slicing/src/test/resources/testcase/cutExample.proof
loading /home/runner/work/key/key/keyext.slicing/src/test/resources/testcase/agathaOpenGoal.proof
loading /home/runner/work/key/key/keyext.slicing/src/test/resources/testcase/openGoal1.proof
loading /home/runner/work/key/key/keyext.slicing/src/test/resources/testcase/openGoal2.proof
loading /home/runner/work/key/key/keyext.slicing/src/test/resources/testcase/agatha.proof
loading /home/runner/work/key/key/keyext.slicing/src/test/resources/testcase/../../../../../key.ui/examples/heap/verifyThis15_2_ParallelGcd/parallelGcd.proof
]]></system-out>
  <system-err><![CDATA[]]></system-err>
</testsuite>
