<?xml version="1.0" encoding="UTF-8"?>
<testsuite name="de.uka.ilkd.key.parser.TestTacletParser" tests="20" skipped="0" failures="0" errors="0" timestamp="2023-04-17T19:20:26" hostname="fv-az572-738" time="0.054">
  <properties/>
  <testcase name="testAllRight()" classname="de.uka.ilkd.key.parser.TestTacletParser" time="0.002"/>
  <testcase name="testSchemaJava0()" classname="de.uka.ilkd.key.parser.TestTacletParser" time="0.002"/>
  <testcase name="testSchemaJava1()" classname="de.uka.ilkd.key.parser.TestTacletParser" time="0.006"/>
  <testcase name="testSchemaJava2()" classname="de.uka.ilkd.key.parser.TestTacletParser" time="0.003"/>
  <testcase name="testSchemaJava4()" classname="de.uka.ilkd.key.parser.TestTacletParser" time="0.003"/>
  <testcase name="testSchemaJava6()" classname="de.uka.ilkd.key.parser.TestTacletParser" time="0.002"/>
  <testcase name="testSchemaJava8()" classname="de.uka.ilkd.key.parser.TestTacletParser" time="0.002"/>
  <testcase name="testCut()" classname="de.uka.ilkd.key.parser.TestTacletParser" time="0.002"/>
  <testcase name="testMakeInsertEq()" classname="de.uka.ilkd.key.parser.TestTacletParser" time="0.002"/>
  <testcase name="testAllLeft()" classname="de.uka.ilkd.key.parser.TestTacletParser" time="0.002"/>
  <testcase name="testClose()" classname="de.uka.ilkd.key.parser.TestTacletParser" time="0.002"/>
  <testcase name="testSchemaJava10()" classname="de.uka.ilkd.key.parser.TestTacletParser" time="0.007"/>
  <testcase name="testSchemaJava11()" classname="de.uka.ilkd.key.parser.TestTacletParser" time="0.005"/>
  <testcase name="testFIdempotent()" classname="de.uka.ilkd.key.parser.TestTacletParser" time="0.002"/>
  <testcase name="testImpRight()" classname="de.uka.ilkd.key.parser.TestTacletParser" time="0.002"/>
  <testcase name="testVarcondNew()" classname="de.uka.ilkd.key.parser.TestTacletParser" time="0.003"/>
  <testcase name="testFreeReplacewithVariables()" classname="de.uka.ilkd.key.parser.TestTacletParser" time="0.002"/>
  <testcase name="testImpLeft()" classname="de.uka.ilkd.key.parser.TestTacletParser" time="0.002"/>
  <testcase name="testContraposition()" classname="de.uka.ilkd.key.parser.TestTacletParser" time="0.001"/>
  <testcase name="testExConjSplit()" classname="de.uka.ilkd.key.parser.TestTacletParser" time="0.002"/>
  <system-out><![CDATA[314961     INFO  Test worker     d.u.i.k.n.KeyIO           Parsing took 0 ms 
314961     DEBUG Test worker     d.u.i.k.n.KeyIO           Load declarations of de.uka.ilkd.key.nparser.KeyAst$File:  <unknown>:1#1 
314961     INFO  Test worker     d.u.i.k.n.KeyIO           MODE: declarations took 0 ms 
314961     DEBUG Test worker     d.u.i.k.n.KeyIO           MODE: 2nd degree decls took 0 
314962     DEBUG Test worker     d.u.i.k.n.KeyIO           MODE: taclets took 0ms 
314963     INFO  Test worker     d.u.i.k.n.KeyIO           Parsing took 0 ms 
314963     DEBUG Test worker     d.u.i.k.n.KeyIO           Load declarations of de.uka.ilkd.key.nparser.KeyAst$File:  <unknown>:2#1 
314963     INFO  Test worker     d.u.i.k.n.KeyIO           MODE: declarations took 0 ms 
314963     DEBUG Test worker     d.u.i.k.n.KeyIO           MODE: 2nd degree decls took 0 
314963     DEBUG Test worker     d.u.i.k.n.KeyIO           MODE: taclets took 0ms 
314964     INFO  Test worker     d.u.i.k.n.KeyIO           Parsing took 0 ms 
314964     DEBUG Test worker     d.u.i.k.n.KeyIO           Load declarations of de.uka.ilkd.key.nparser.KeyAst$File:  <unknown>:1#1 
314964     INFO  Test worker     d.u.i.k.n.KeyIO           MODE: declarations took 0 ms 
314964     DEBUG Test worker     d.u.i.k.n.KeyIO           MODE: 2nd degree decls took 0 
314964     DEBUG Test worker     d.u.i.k.n.KeyIO           MODE: taclets took 0ms 
314964     INFO  Test worker     d.u.i.k.n.KeyIO           Parsing took 0 ms 
314964     DEBUG Test worker     d.u.i.k.n.KeyIO           Load declarations of de.uka.ilkd.key.nparser.KeyAst$File:  <unknown>:2#1 
314964     INFO  Test worker     d.u.i.k.n.KeyIO           MODE: declarations took 0 ms 
314964     DEBUG Test worker     d.u.i.k.n.KeyIO           MODE: 2nd degree decls took 0 
314965     DEBUG Test worker     d.u.i.k.n.KeyIO           MODE: taclets took 1ms 
314965     INFO  Test worker     d.u.i.k.n.KeyIO           Parsing took 0 ms 
314966     DEBUG Test worker     d.u.i.k.n.KeyIO           Load declarations of de.uka.ilkd.key.nparser.KeyAst$File:  <unknown>:1#1 
314966     INFO  Test worker     d.u.i.k.n.KeyIO           MODE: declarations took 0 ms 
314966     DEBUG Test worker     d.u.i.k.n.KeyIO           MODE: 2nd degree decls took 0 
314966     DEBUG Test worker     d.u.i.k.n.KeyIO           MODE: taclets took 0ms 
314967     WARN  Test worker     d.u.i.k.n.KeYParser       [syntax-error] <unknown>:2:21: extraneous input '<' expecting {MODALITY, FORALL, EXISTS, '\if', '\ifEx', 'true', 'false', '(', ')', '{', '@', NOT, '-', STRING_LITERAL, CHAR_LITERAL, BIN_LITERAL, HEX_LITERAL, IDENT, INT_LITERAL, FLOAT_LITERAL, DOUBLE_LITERAL, REAL_LITERAL} [@12,22:22='<',<173>,2:21] (argument_list, call, accessterm, primitive_term, primitive_labeled_term, bracket_term, atom_prefix, strong_arith_term_2, strong_arith_term_1, weak_arith_term, comparison_term, equality_term, term60, conjunction_term, disjunction_term, implication_term, equivalence_term, elementary_update_term, parallel_term, term, taclet, rulesOrAxioms, decls, file) 
314969     WARN  Test worker     d.u.i.k.n.KeYParser       [syntax-error] <unknown>:2:23: no viable alternative at input '{..' [@14,24:25='..',<144>,2:23] (atom_prefix, strong_arith_term_2, strong_arith_term_1, weak_arith_term, comparison_term, equality_term, term60, conjunction_term, disjunction_term, implication_term, equivalence_term, elementary_update_term, parallel_term, term, argument_list, call, accessterm, primitive_term, primitive_labeled_term, bracket_term, atom_prefix, strong_arith_term_2, strong_arith_term_1, weak_arith_term, comparison_term, equality_term, term60, conjunction_term, disjunction_term, implication_term, equivalence_term, elementary_update_term, parallel_term, term, taclet, rulesOrAxioms, decls, file) 
314970     WARN  Test worker     d.u.i.k.n.KeYParser       [syntax-error] <unknown>:2:33: mismatched input ';' expecting {',', ')'} [@21,34:34=';',<138>,2:33] (argument_list, call, accessterm, primitive_term, primitive_labeled_term, bracket_term, atom_prefix, strong_arith_term_2, strong_arith_term_1, weak_arith_term, comparison_term, equality_term, term60, conjunction_term, disjunction_term, implication_term, equivalence_term, elementary_update_term, parallel_term, term, taclet, rulesOrAxioms, decls, file) 
314970     WARN  Test worker     d.u.i.k.n.KeYParser       [syntax-error] <unknown>:2:41: no viable alternative at input '#i;' [@26,42:42=';',<138>,2:41] (option_list, taclet, rulesOrAxioms, decls, file) 
314970     WARN  Test worker     d.u.i.k.n.KeYParser       [syntax-error] <unknown>:2:43: mismatched input '<' expecting {'(', '{'} [@28,44:44='<',<173>,2:43] (taclet, rulesOrAxioms, decls, file) 
314970     WARN  Test worker     d.u.i.k.n.KeYParser       [syntax-error] <unknown>:2:47: mismatched input '+' expecting {'(', '{'} [@32,48:48='+',<167>,2:47] (taclet, rulesOrAxioms, decls, file) 
314971     WARN  Test worker     d.u.i.k.n.KeYParser       [syntax-error] <unknown>:2:52: extraneous input '..' expecting {'\lemma', '}', IDENT, '/*!'} [@37,53:54='..',<144>,2:52] (rulesOrAxioms, decls, file) 
314971     WARN  Test worker     d.u.i.k.n.KeYParser       [syntax-error] <unknown>:2:56: mismatched input '>' expecting {<EOF>, '\problem', '\chooseContract', '\proofObligation', '\proof'} [@40,57:57='>',<168>,2:56] (file) 
314972     INFO  Test worker     d.u.i.k.n.KeyIO           Parsing took 1 ms 
314972     DEBUG Test worker     d.u.i.k.n.KeyIO           Load declarations of de.uka.ilkd.key.nparser.KeyAst$File:  <unknown>:1#1 
314972     INFO  Test worker     d.u.i.k.n.KeyIO           MODE: declarations took 0 ms 
314972     DEBUG Test worker     d.u.i.k.n.KeyIO           MODE: 2nd degree decls took 0 
314972     DEBUG Test worker     d.u.i.k.n.KeyIO           MODE: taclets took 0ms 
314973     WARN  Test worker     d.u.i.k.n.KeYParser       [syntax-error] <unknown>:2:21: extraneous input '<' expecting {MODALITY, FORALL, EXISTS, '\if', '\ifEx', 'true', 'false', '(', ')', '{', '@', NOT, '-', STRING_LITERAL, CHAR_LITERAL, BIN_LITERAL, HEX_LITERAL, IDENT, INT_LITERAL, FLOAT_LITERAL, DOUBLE_LITERAL, REAL_LITERAL} [@12,22:22='<',<173>,2:21] (argument_list, call, accessterm, primitive_term, primitive_labeled_term, bracket_term, atom_prefix, strong_arith_term_2, strong_arith_term_1, weak_arith_term, comparison_term, equality_term, term60, conjunction_term, disjunction_term, implication_term, equivalence_term, elementary_update_term, parallel_term, term, taclet, rulesOrAxioms, decls, file) 
314973     WARN  Test worker     d.u.i.k.n.KeYParser       [syntax-error] <unknown>:2:23: no viable alternative at input '{..' [@14,24:25='..',<144>,2:23] (atom_prefix, strong_arith_term_2, strong_arith_term_1, weak_arith_term, comparison_term, equality_term, term60, conjunction_term, disjunction_term, implication_term, equivalence_term, elementary_update_term, parallel_term, term, argument_list, call, accessterm, primitive_term, primitive_labeled_term, bracket_term, atom_prefix, strong_arith_term_2, strong_arith_term_1, weak_arith_term, comparison_term, equality_term, term60, conjunction_term, disjunction_term, implication_term, equivalence_term, elementary_update_term, parallel_term, term, taclet, rulesOrAxioms, decls, file) 
314973     WARN  Test worker     d.u.i.k.n.KeYParser       [syntax-error] <unknown>:2:33: mismatched input ';' expecting {',', ')'} [@21,34:34=';',<138>,2:33] (argument_list, call, accessterm, primitive_term, primitive_labeled_term, bracket_term, atom_prefix, strong_arith_term_2, strong_arith_term_1, weak_arith_term, comparison_term, equality_term, term60, conjunction_term, disjunction_term, implication_term, equivalence_term, elementary_update_term, parallel_term, term, taclet, rulesOrAxioms, decls, file) 
314973     WARN  Test worker     d.u.i.k.n.KeYParser       [syntax-error] <unknown>:2:43: no viable alternative at input '#lab;' [@26,44:44=';',<138>,2:43] (option_list, taclet, rulesOrAxioms, decls, file) 
314974     WARN  Test worker     d.u.i.k.n.KeYParser       [syntax-error] <unknown>:2:45: mismatched input '<' expecting {'(', '{'} [@28,46:46='<',<173>,2:45] (taclet, rulesOrAxioms, decls, file) 
314974     WARN  Test worker     d.u.i.k.n.KeYParser       [syntax-error] <unknown>:2:50: mismatched input '+' expecting {'(', '{'} [@32,51:51='+',<167>,2:50] (taclet, rulesOrAxioms, decls, file) 
314974     WARN  Test worker     d.u.i.k.n.KeYParser       [syntax-error] <unknown>:2:56: extraneous input '..' expecting {'\lemma', '}', IDENT, '/*!'} [@38,57:58='..',<144>,2:56] (rulesOrAxioms, decls, file) 
314974     WARN  Test worker     d.u.i.k.n.KeYParser       [syntax-error] <unknown>:2:60: mismatched input '>' expecting {<EOF>, '\problem', '\chooseContract', '\proofObligation', '\proof'} [@41,61:61='>',<168>,2:60] (file) 
314975     INFO  Test worker     d.u.i.k.n.KeyIO           Parsing took 1 ms 
314975     DEBUG Test worker     d.u.i.k.n.KeyIO           Load declarations of de.uka.ilkd.key.nparser.KeyAst$File:  <unknown>:1#1 
314975     INFO  Test worker     d.u.i.k.n.KeyIO           MODE: declarations took 0 ms 
314975     DEBUG Test worker     d.u.i.k.n.KeyIO           MODE: 2nd degree decls took 0 
314975     DEBUG Test worker     d.u.i.k.n.KeyIO           MODE: taclets took 0ms 
314976     INFO  Test worker     d.u.i.k.n.KeyIO           Parsing took 1 ms 
314976     DEBUG Test worker     d.u.i.k.n.KeyIO           Load declarations of de.uka.ilkd.key.nparser.KeyAst$File:  <unknown>:2#1 
314976     INFO  Test worker     d.u.i.k.n.KeyIO           MODE: declarations took 0 ms 
314976     DEBUG Test worker     d.u.i.k.n.KeyIO           MODE: 2nd degree decls took 0 
314977     DEBUG Test worker     d.u.i.k.n.KeyIO           MODE: taclets took 1ms 
314977     INFO  Test worker     d.u.i.k.n.KeyIO           Parsing took 0 ms 
314977     DEBUG Test worker     d.u.i.k.n.KeyIO           Load declarations of de.uka.ilkd.key.nparser.KeyAst$File:  <unknown>:1#1 
314977     INFO  Test worker     d.u.i.k.n.KeyIO           MODE: declarations took 0 ms 
314978     DEBUG Test worker     d.u.i.k.n.KeyIO           MODE: 2nd degree decls took 1 
314978     DEBUG Test worker     d.u.i.k.n.KeyIO           MODE: taclets took 0ms 
314978     INFO  Test worker     d.u.i.k.n.KeyIO           Parsing took 0 ms 
314978     DEBUG Test worker     d.u.i.k.n.KeyIO           Load declarations of de.uka.ilkd.key.nparser.KeyAst$File:  <unknown>:2#1 
314978     INFO  Test worker     d.u.i.k.n.KeyIO           MODE: declarations took 0 ms 
314978     DEBUG Test worker     d.u.i.k.n.KeyIO           MODE: 2nd degree decls took 0 
314979     DEBUG Test worker     d.u.i.k.n.KeyIO           MODE: taclets took 1ms 
314980     INFO  Test worker     d.u.i.k.n.KeyIO           Parsing took 0 ms 
314980     DEBUG Test worker     d.u.i.k.n.KeyIO           Load declarations of de.uka.ilkd.key.nparser.KeyAst$File:  <unknown>:1#1 
314980     INFO  Test worker     d.u.i.k.n.KeyIO           MODE: declarations took 0 ms 
314980     DEBUG Test worker     d.u.i.k.n.KeyIO           MODE: 2nd degree decls took 0 
314980     DEBUG Test worker     d.u.i.k.n.KeyIO           MODE: taclets took 0ms 
314981     INFO  Test worker     d.u.i.k.n.KeyIO           Parsing took 1 ms 
314981     DEBUG Test worker     d.u.i.k.n.KeyIO           Load declarations of de.uka.ilkd.key.nparser.KeyAst$File:  <unknown>:2#1 
314981     INFO  Test worker     d.u.i.k.n.KeyIO           MODE: declarations took 0 ms 
314981     DEBUG Test worker     d.u.i.k.n.KeyIO           MODE: 2nd degree decls took 0 
314981     DEBUG Test worker     d.u.i.k.n.KeyIO           MODE: taclets took 0ms 
314982     INFO  Test worker     d.u.i.k.n.KeyIO           Parsing took 0 ms 
314982     DEBUG Test worker     d.u.i.k.n.KeyIO           Load declarations of de.uka.ilkd.key.nparser.KeyAst$File:  <unknown>:1#1 
314982     INFO  Test worker     d.u.i.k.n.KeyIO           MODE: declarations took 0 ms 
314982     DEBUG Test worker     d.u.i.k.n.KeyIO           MODE: 2nd degree decls took 0 
314982     DEBUG Test worker     d.u.i.k.n.KeyIO           MODE: taclets took 0ms 
314983     INFO  Test worker     d.u.i.k.n.KeyIO           Parsing took 1 ms 
314983     DEBUG Test worker     d.u.i.k.n.KeyIO           Load declarations of de.uka.ilkd.key.nparser.KeyAst$File:  <unknown>:2#1 
314983     INFO  Test worker     d.u.i.k.n.KeyIO           MODE: declarations took 0 ms 
314983     DEBUG Test worker     d.u.i.k.n.KeyIO           MODE: 2nd degree decls took 0 
314983     DEBUG Test worker     d.u.i.k.n.KeyIO           MODE: taclets took 0ms 
314984     INFO  Test worker     d.u.i.k.n.KeyIO           Parsing took 1 ms 
314984     DEBUG Test worker     d.u.i.k.n.KeyIO           Load declarations of de.uka.ilkd.key.nparser.KeyAst$File:  <unknown>:1#1 
314984     INFO  Test worker     d.u.i.k.n.KeyIO           MODE: declarations took 0 ms 
314984     DEBUG Test worker     d.u.i.k.n.KeyIO           MODE: 2nd degree decls took 0 
314984     DEBUG Test worker     d.u.i.k.n.KeyIO           MODE: taclets took 0ms 
314985     INFO  Test worker     d.u.i.k.n.KeyIO           Parsing took 0 ms 
314985     DEBUG Test worker     d.u.i.k.n.KeyIO           Load declarations of de.uka.ilkd.key.nparser.KeyAst$File:  <unknown>:2#1 
314985     INFO  Test worker     d.u.i.k.n.KeyIO           MODE: declarations took 0 ms 
314985     DEBUG Test worker     d.u.i.k.n.KeyIO           MODE: 2nd degree decls took 0 
314985     DEBUG Test worker     d.u.i.k.n.KeyIO           MODE: taclets took 0ms 
314986     INFO  Test worker     d.u.i.k.n.KeyIO           Parsing took 1 ms 
314986     DEBUG Test worker     d.u.i.k.n.KeyIO           Load declarations of de.uka.ilkd.key.nparser.KeyAst$File:  <unknown>:1#1 
314986     INFO  Test worker     d.u.i.k.n.KeyIO           MODE: declarations took 0 ms 
314986     DEBUG Test worker     d.u.i.k.n.KeyIO           MODE: 2nd degree decls took 0 
314986     DEBUG Test worker     d.u.i.k.n.KeyIO           MODE: taclets took 0ms 
314987     INFO  Test worker     d.u.i.k.n.KeyIO           Parsing took 0 ms 
314987     DEBUG Test worker     d.u.i.k.n.KeyIO           Load declarations of de.uka.ilkd.key.nparser.KeyAst$File:  <unknown>:2#1 
314987     INFO  Test worker     d.u.i.k.n.KeyIO           MODE: declarations took 0 ms 
314987     DEBUG Test worker     d.u.i.k.n.KeyIO           MODE: 2nd degree decls took 0 
314987     DEBUG Test worker     d.u.i.k.n.KeyIO           MODE: taclets took 0ms 
314988     INFO  Test worker     d.u.i.k.n.KeyIO           Parsing took 1 ms 
314988     DEBUG Test worker     d.u.i.k.n.KeyIO           Load declarations of de.uka.ilkd.key.nparser.KeyAst$File:  <unknown>:1#1 
314988     INFO  Test worker     d.u.i.k.n.KeyIO           MODE: declarations took 0 ms 
314988     DEBUG Test worker     d.u.i.k.n.KeyIO           MODE: 2nd degree decls took 0 
314988     DEBUG Test worker     d.u.i.k.n.KeyIO           MODE: taclets took 0ms 
314988     INFO  Test worker     d.u.i.k.n.KeyIO           Parsing took 0 ms 
314988     DEBUG Test worker     d.u.i.k.n.KeyIO           Load declarations of de.uka.ilkd.key.nparser.KeyAst$File:  <unknown>:2#1 
314988     INFO  Test worker     d.u.i.k.n.KeyIO           MODE: declarations took 0 ms 
314988     DEBUG Test worker     d.u.i.k.n.KeyIO           MODE: 2nd degree decls took 0 
314989     DEBUG Test worker     d.u.i.k.n.KeyIO           MODE: taclets took 0ms 
314989     INFO  Test worker     d.u.i.k.n.KeyIO           Parsing took 0 ms 
314994     DEBUG Test worker     d.u.i.k.n.KeyIO           Load declarations of de.uka.ilkd.key.nparser.KeyAst$File:  <unknown>:1#1 
314995     INFO  Test worker     d.u.i.k.n.KeyIO           MODE: declarations took 1 ms 
314995     DEBUG Test worker     d.u.i.k.n.KeyIO           MODE: 2nd degree decls took 0 
314995     DEBUG Test worker     d.u.i.k.n.KeyIO           MODE: taclets took 0ms 
314995     INFO  Test worker     d.u.i.k.n.KeyIO           Parsing took 0 ms 
314995     DEBUG Test worker     d.u.i.k.n.KeyIO           Load declarations of de.uka.ilkd.key.nparser.KeyAst$File:  <unknown>:2#1 
314995     INFO  Test worker     d.u.i.k.n.KeyIO           MODE: declarations took 0 ms 
314995     DEBUG Test worker     d.u.i.k.n.KeyIO           MODE: 2nd degree decls took 0 
314996     DEBUG Test worker     d.u.i.k.n.KeyIO           MODE: taclets took 0ms 
314997     INFO  Test worker     d.u.i.k.n.KeyIO           Parsing took 0 ms 
314997     DEBUG Test worker     d.u.i.k.n.KeyIO           Load declarations of de.uka.ilkd.key.nparser.KeyAst$File:  <unknown>:1#1 
314997     INFO  Test worker     d.u.i.k.n.KeyIO           MODE: declarations took 0 ms 
314997     DEBUG Test worker     d.u.i.k.n.KeyIO           MODE: 2nd degree decls took 0 
314997     DEBUG Test worker     d.u.i.k.n.KeyIO           MODE: taclets took 0ms 
314998     INFO  Test worker     d.u.i.k.n.KeyIO           Parsing took 1 ms 
314998     DEBUG Test worker     d.u.i.k.n.KeyIO           Load declarations of de.uka.ilkd.key.nparser.KeyAst$File:  <unknown>:2#1 
314998     INFO  Test worker     d.u.i.k.n.KeyIO           MODE: declarations took 0 ms 
314998     DEBUG Test worker     d.u.i.k.n.KeyIO           MODE: 2nd degree decls took 0 
315001     DEBUG Test worker     d.u.i.k.n.KeyIO           MODE: taclets took 2ms 
315002     INFO  Test worker     d.u.i.k.n.KeyIO           Parsing took 1 ms 
315002     DEBUG Test worker     d.u.i.k.n.KeyIO           Load declarations of de.uka.ilkd.key.nparser.KeyAst$File:  <unknown>:1#1 
315002     INFO  Test worker     d.u.i.k.n.KeyIO           MODE: declarations took 0 ms 
315002     DEBUG Test worker     d.u.i.k.n.KeyIO           MODE: 2nd degree decls took 0 
315002     DEBUG Test worker     d.u.i.k.n.KeyIO           MODE: taclets took 0ms 
315002     INFO  Test worker     d.u.i.k.n.KeyIO           Parsing took 0 ms 
315002     DEBUG Test worker     d.u.i.k.n.KeyIO           Load declarations of de.uka.ilkd.key.nparser.KeyAst$File:  <unknown>:2#1 
315002     INFO  Test worker     d.u.i.k.n.KeyIO           MODE: declarations took 0 ms 
315003     DEBUG Test worker     d.u.i.k.n.KeyIO           MODE: 2nd degree decls took 0 
315003     DEBUG Test worker     d.u.i.k.n.KeyIO           MODE: taclets took 0ms 
315003     INFO  Test worker     d.u.i.k.n.KeyIO           Parsing took 0 ms 
315003     DEBUG Test worker     d.u.i.k.n.KeyIO           Load declarations of de.uka.ilkd.key.nparser.KeyAst$File:  <unknown>:1#1 
315004     INFO  Test worker     d.u.i.k.n.KeyIO           MODE: declarations took 1 ms 
315004     DEBUG Test worker     d.u.i.k.n.KeyIO           MODE: 2nd degree decls took 0 
315004     DEBUG Test worker     d.u.i.k.n.KeyIO           MODE: taclets took 0ms 
315004     INFO  Test worker     d.u.i.k.n.KeyIO           Parsing took 0 ms 
315004     DEBUG Test worker     d.u.i.k.n.KeyIO           Load declarations of de.uka.ilkd.key.nparser.KeyAst$File:  <unknown>:2#1 
315004     INFO  Test worker     d.u.i.k.n.KeyIO           MODE: declarations took 0 ms 
315004     DEBUG Test worker     d.u.i.k.n.KeyIO           MODE: 2nd degree decls took 0 
315005     DEBUG Test worker     d.u.i.k.n.KeyIO           MODE: taclets took 0ms 
315006     INFO  Test worker     d.u.i.k.n.KeyIO           Parsing took 0 ms 
315006     DEBUG Test worker     d.u.i.k.n.KeyIO           Load declarations of de.uka.ilkd.key.nparser.KeyAst$File:  <unknown>:1#1 
315006     INFO  Test worker     d.u.i.k.n.KeyIO           MODE: declarations took 0 ms 
315006     DEBUG Test worker     d.u.i.k.n.KeyIO           MODE: 2nd degree decls took 0 
315006     DEBUG Test worker     d.u.i.k.n.KeyIO           MODE: taclets took 0ms 
315007     INFO  Test worker     d.u.i.k.n.KeyIO           Parsing took 1 ms 
315007     DEBUG Test worker     d.u.i.k.n.KeyIO           Load declarations of de.uka.ilkd.key.nparser.KeyAst$File:  <unknown>:2#1 
315007     INFO  Test worker     d.u.i.k.n.KeyIO           MODE: declarations took 0 ms 
315007     DEBUG Test worker     d.u.i.k.n.KeyIO           MODE: 2nd degree decls took 0 
315007     DEBUG Test worker     d.u.i.k.n.KeyIO           MODE: taclets took 0ms 
315007     INFO  Test worker     d.u.i.k.n.KeyIO           Parsing took 0 ms 
315007     DEBUG Test worker     d.u.i.k.n.KeyIO           Load declarations of de.uka.ilkd.key.nparser.KeyAst$File:  <unknown>:2#1 
315007     INFO  Test worker     d.u.i.k.n.KeyIO           MODE: declarations took 0 ms 
315007     DEBUG Test worker     d.u.i.k.n.KeyIO           MODE: 2nd degree decls took 0 
315008     DEBUG Test worker     d.u.i.k.n.KeyIO           MODE: taclets took 0ms 
315008     INFO  Test worker     d.u.i.k.n.KeyIO           Parsing took 0 ms 
315008     DEBUG Test worker     d.u.i.k.n.KeyIO           Load declarations of de.uka.ilkd.key.nparser.KeyAst$File:  <unknown>:1#1 
315008     INFO  Test worker     d.u.i.k.n.KeyIO           MODE: declarations took 0 ms 
315008     DEBUG Test worker     d.u.i.k.n.KeyIO           MODE: 2nd degree decls took 0 
315009     DEBUG Test worker     d.u.i.k.n.KeyIO           MODE: taclets took 0ms 
315009     INFO  Test worker     d.u.i.k.n.KeyIO           Parsing took 0 ms 
315009     DEBUG Test worker     d.u.i.k.n.KeyIO           Load declarations of de.uka.ilkd.key.nparser.KeyAst$File:  <unknown>:2#1 
315009     INFO  Test worker     d.u.i.k.n.KeyIO           MODE: declarations took 0 ms 
315009     DEBUG Test worker     d.u.i.k.n.KeyIO           MODE: 2nd degree decls took 0 
315010     INFO  Test worker     d.u.i.k.n.KeyIO           Parsing took 0 ms 
315010     DEBUG Test worker     d.u.i.k.n.KeyIO           Load declarations of de.uka.ilkd.key.nparser.KeyAst$File:  <unknown>:1#1 
315010     INFO  Test worker     d.u.i.k.n.KeyIO           MODE: declarations took 0 ms 
315011     DEBUG Test worker     d.u.i.k.n.KeyIO           MODE: 2nd degree decls took 1 
315011     DEBUG Test worker     d.u.i.k.n.KeyIO           MODE: taclets took 0ms 
315011     INFO  Test worker     d.u.i.k.n.KeyIO           Parsing took 0 ms 
315011     DEBUG Test worker     d.u.i.k.n.KeyIO           Load declarations of de.uka.ilkd.key.nparser.KeyAst$File:  <unknown>:2#1 
315011     INFO  Test worker     d.u.i.k.n.KeyIO           MODE: declarations took 0 ms 
315011     DEBUG Test worker     d.u.i.k.n.KeyIO           MODE: 2nd degree decls took 0 
315012     DEBUG Test worker     d.u.i.k.n.KeyIO           MODE: taclets took 0ms 
315012     INFO  Test worker     d.u.i.k.n.KeyIO           Parsing took 0 ms 
315012     DEBUG Test worker     d.u.i.k.n.KeyIO           Load declarations of de.uka.ilkd.key.nparser.KeyAst$File:  <unknown>:1#1 
315012     INFO  Test worker     d.u.i.k.n.KeyIO           MODE: declarations took 0 ms 
315012     DEBUG Test worker     d.u.i.k.n.KeyIO           MODE: 2nd degree decls took 0 
315013     DEBUG Test worker     d.u.i.k.n.KeyIO           MODE: taclets took 1ms 
315013     INFO  Test worker     d.u.i.k.n.KeyIO           Parsing took 0 ms 
315013     DEBUG Test worker     d.u.i.k.n.KeyIO           Load declarations of de.uka.ilkd.key.nparser.KeyAst$File:  <unknown>:2#1 
315013     INFO  Test worker     d.u.i.k.n.KeyIO           MODE: declarations took 0 ms 
315013     DEBUG Test worker     d.u.i.k.n.KeyIO           MODE: 2nd degree decls took 0 
315013     DEBUG Test worker     d.u.i.k.n.KeyIO           MODE: taclets took 0ms 
315014     INFO  Test worker     d.u.i.k.n.KeyIO           Parsing took 0 ms 
315014     DEBUG Test worker     d.u.i.k.n.KeyIO           Load declarations of de.uka.ilkd.key.nparser.KeyAst$File:  <unknown>:1#1 
315014     INFO  Test worker     d.u.i.k.n.KeyIO           MODE: declarations took 0 ms 
315014     DEBUG Test worker     d.u.i.k.n.KeyIO           MODE: 2nd degree decls took 0 
315014     DEBUG Test worker     d.u.i.k.n.KeyIO           MODE: taclets took 0ms 
315015     INFO  Test worker     d.u.i.k.n.KeyIO           Parsing took 0 ms 
315015     DEBUG Test worker     d.u.i.k.n.KeyIO           Load declarations of de.uka.ilkd.key.nparser.KeyAst$File:  <unknown>:2#1 
315015     INFO  Test worker     d.u.i.k.n.KeyIO           MODE: declarations took 0 ms 
315015     DEBUG Test worker     d.u.i.k.n.KeyIO           MODE: 2nd degree decls took 0 
315015     DEBUG Test worker     d.u.i.k.n.KeyIO           MODE: taclets took 0ms 
]]></system-out>
  <system-err><![CDATA[]]></system-err>
</testsuite>
