<?xml version="1.0" encoding="UTF-8"?>
<testsuite name="de.uka.ilkd.key.parser.TestTermParserSorts" tests="2" skipped="0" failures="0" errors="0" timestamp="2023-04-17T19:22:33" hostname="fv-az572-738" time="3.016">
  <properties/>
  <testcase name="testParseIntegerArgs()" classname="de.uka.ilkd.key.parser.TestTermParserSorts" time="0.014"/>
  <testcase name="testParseSequencePrettySyntax()" classname="de.uka.ilkd.key.parser.TestTermParserSorts" time="0.002"/>
  <system-out><![CDATA[438712     DEBUG Test worker     d.u.i.k.p.i.KeYFile       Reading KeY file src/test/resources/testcase/termParser/parserTest.key 
439690     DEBUG Test worker     d.u.i.k.j.Recoder2KeY     converting now /home/runner/work/key/key/key.core/src/test/resources/testcase/termParser/testTermParserSorts/IntegerMethods.java 
439691     DEBUG Test worker     d.u.i.k.j.Recoder2KeY     converting now /home/runner/work/key/key/key.core/src/test/resources/testcase/termParser/testTermParserHeap/A.java 
439695     DEBUG Test worker     d.u.i.k.p.i.KeYFile       Reading KeY file file:/home/runner/work/key/key/key.core/build/resources/main/de/uka/ilkd/key/java/JavaRedux/java/lang/String.key 
441678     INFO  Test worker     d.u.i.k.n.KeyIO           Parsing took 0 ms 
441678     DEBUG Test worker     d.u.i.k.n.KeyIO           Load declarations of de.uka.ilkd.key.nparser.KeyAst$File:  <unknown>:1#1 
441678     INFO  Test worker     d.u.i.k.n.KeyIO           MODE: declarations took 0 ms 
441678     DEBUG Test worker     d.u.i.k.n.KeyIO           MODE: 2nd degree decls took 0 
441678     INFO  Test worker     d.u.i.k.n.KeyIO           Parsing took 0 ms 
441678     DEBUG Test worker     d.u.i.k.n.KeyIO           Load declarations of de.uka.ilkd.key.nparser.KeyAst$File:  <unknown>:1#1 
441678     INFO  Test worker     d.u.i.k.n.KeyIO           MODE: declarations took 0 ms 
441678     DEBUG Test worker     d.u.i.k.n.KeyIO           MODE: 2nd degree decls took 0 
441678     INFO  Test worker     d.u.i.k.n.KeyIO           Parsing took 0 ms 
441678     DEBUG Test worker     d.u.i.k.n.KeyIO           Load declarations of de.uka.ilkd.key.nparser.KeyAst$File:  <unknown>:1#1 
441678     INFO  Test worker     d.u.i.k.n.KeyIO           MODE: declarations took 0 ms 
441678     DEBUG Test worker     d.u.i.k.n.KeyIO           MODE: 2nd degree decls took 0 
441693     DEBUG Test worker     d.u.i.k.p.i.KeYFile       Reading KeY file src/test/resources/testcase/termParser/parserTest.key 
442669     DEBUG Test worker     d.u.i.k.j.Recoder2KeY     converting now /home/runner/work/key/key/key.core/src/test/resources/testcase/termParser/testTermParserSorts/IntegerMethods.java 
442670     DEBUG Test worker     d.u.i.k.j.Recoder2KeY     converting now /home/runner/work/key/key/key.core/src/test/resources/testcase/termParser/testTermParserHeap/A.java 
442674     DEBUG Test worker     d.u.i.k.p.i.KeYFile       Reading KeY file file:/home/runner/work/key/key/key.core/build/resources/main/de/uka/ilkd/key/java/JavaRedux/java/lang/String.key 
444691     INFO  Test worker     d.u.i.k.n.KeyIO           Parsing took 0 ms 
444691     DEBUG Test worker     d.u.i.k.n.KeyIO           Load declarations of de.uka.ilkd.key.nparser.KeyAst$File:  <unknown>:1#1 
444691     INFO  Test worker     d.u.i.k.n.KeyIO           MODE: declarations took 0 ms 
444691     DEBUG Test worker     d.u.i.k.n.KeyIO           MODE: 2nd degree decls took 0 
444691     INFO  Test worker     d.u.i.k.n.KeyIO           Parsing took 0 ms 
444691     DEBUG Test worker     d.u.i.k.n.KeyIO           Load declarations of de.uka.ilkd.key.nparser.KeyAst$File:  <unknown>:1#1 
444691     INFO  Test worker     d.u.i.k.n.KeyIO           MODE: declarations took 0 ms 
444691     DEBUG Test worker     d.u.i.k.n.KeyIO           MODE: 2nd degree decls took 0 
444691     INFO  Test worker     d.u.i.k.n.KeyIO           Parsing took 0 ms 
444691     DEBUG Test worker     d.u.i.k.n.KeyIO           Load declarations of de.uka.ilkd.key.nparser.KeyAst$File:  <unknown>:1#1 
444691     INFO  Test worker     d.u.i.k.n.KeyIO           MODE: declarations took 0 ms 
444691     DEBUG Test worker     d.u.i.k.n.KeyIO           MODE: 2nd degree decls took 0 
]]></system-out>
  <system-err><![CDATA[]]></system-err>
</testsuite>
