<?xml version="1.0" encoding="UTF-8"?>
<testsuite name="de.uka.ilkd.key.parser.TestDeclParser" tests="14" skipped="2" failures="0" errors="0" timestamp="2023-04-17T19:18:52" hostname="fv-az572-738" time="11.656">
  <properties/>
  <testcase name="testGenericSortDecl1()" classname="de.uka.ilkd.key.parser.TestDeclParser" time="1.042"/>
  <testcase name="testGenericSortDecl2()" classname="de.uka.ilkd.key.parser.TestDeclParser" time="1.017"/>
  <testcase name="testGenericSortDecl3()" classname="de.uka.ilkd.key.parser.TestDeclParser" time="0.947"/>
  <testcase name="testGenericSortDecl4()" classname="de.uka.ilkd.key.parser.TestDeclParser" time="0.989"/>
  <testcase name="testGenericSortDecl5()" classname="de.uka.ilkd.key.parser.TestDeclParser" time="0.0">
    <skipped/>
  </testcase>
  <testcase name="testGenericSortDecl6()" classname="de.uka.ilkd.key.parser.TestDeclParser" time="1.017"/>
  <testcase name="testSortDecl()" classname="de.uka.ilkd.key.parser.TestDeclParser" time="0.938"/>
  <testcase name="testProxySortDecl()" classname="de.uka.ilkd.key.parser.TestDeclParser" time="0.993"/>
  <testcase name="testArrayDecl()" classname="de.uka.ilkd.key.parser.TestDeclParser" time="0.968"/>
  <testcase name="testAmbiguousDecls()" classname="de.uka.ilkd.key.parser.TestDeclParser" time="0.0">
    <skipped/>
  </testcase>
  <testcase name="testHeurDecl()" classname="de.uka.ilkd.key.parser.TestDeclParser" time="0.901"/>
  <testcase name="testFunctionDecl()" classname="de.uka.ilkd.key.parser.TestDeclParser" time="0.965"/>
  <testcase name="testPredicateDecl()" classname="de.uka.ilkd.key.parser.TestDeclParser" time="0.983"/>
  <testcase name="testSVDecl()" classname="de.uka.ilkd.key.parser.TestDeclParser" time="0.891"/>
  <system-out><![CDATA[221255     INFO  Test worker     d.u.i.k.n.KeyIO           Parsing took 0 ms 
221255     DEBUG Test worker     d.u.i.k.n.KeyIO           Load declarations of de.uka.ilkd.key.nparser.KeyAst$File:  <unknown>:1#1 
221256     INFO  Test worker     d.u.i.k.n.KeyIO           MODE: declarations took 1 ms 
221256     DEBUG Test worker     d.u.i.k.n.KeyIO           MODE: 2nd degree decls took 0 
221256     DEBUG Test worker     d.u.i.k.n.KeyIO           MODE: taclets took 0ms 
222274     INFO  Test worker     d.u.i.k.n.KeyIO           Parsing took 1 ms 
222274     DEBUG Test worker     d.u.i.k.n.KeyIO           Load declarations of de.uka.ilkd.key.nparser.KeyAst$File:  <unknown>:1#1 
222274     INFO  Test worker     d.u.i.k.n.KeyIO           MODE: declarations took 0 ms 
222274     DEBUG Test worker     d.u.i.k.n.KeyIO           MODE: 2nd degree decls took 0 
222274     DEBUG Test worker     d.u.i.k.n.KeyIO           MODE: taclets took 0ms 
223220     INFO  Test worker     d.u.i.k.n.KeyIO           Parsing took 0 ms 
223220     DEBUG Test worker     d.u.i.k.n.KeyIO           Load declarations of de.uka.ilkd.key.nparser.KeyAst$File:  <unknown>:1#1 
223220     INFO  Test worker     d.u.i.k.n.KeyIO           MODE: declarations took 0 ms 
223220     DEBUG Test worker     d.u.i.k.n.KeyIO           MODE: 2nd degree decls took 0 
223220     DEBUG Test worker     d.u.i.k.n.KeyIO           MODE: taclets took 0ms 
224210     INFO  Test worker     d.u.i.k.n.KeyIO           Parsing took 0 ms 
224211     DEBUG Test worker     d.u.i.k.n.KeyIO           Load declarations of de.uka.ilkd.key.nparser.KeyAst$File:  <unknown>:1#1 
224211     INFO  Test worker     d.u.i.k.n.KeyIO           MODE: declarations took 0 ms 
224211     DEBUG Test worker     d.u.i.k.n.KeyIO           MODE: 2nd degree decls took 0 
224211     DEBUG Test worker     d.u.i.k.n.KeyIO           MODE: taclets took 0ms 
225228     INFO  Test worker     d.u.i.k.n.KeyIO           Parsing took 0 ms 
225228     DEBUG Test worker     d.u.i.k.n.KeyIO           Load declarations of de.uka.ilkd.key.nparser.KeyAst$File:  <unknown>:1#1 
225229     INFO  Test worker     d.u.i.k.n.KeyIO           MODE: declarations took 1 ms 
225229     DEBUG Test worker     d.u.i.k.n.KeyIO           MODE: 2nd degree decls took 0 
225229     DEBUG Test worker     d.u.i.k.n.KeyIO           MODE: taclets took 0ms 
226167     INFO  Test worker     d.u.i.k.n.KeyIO           Parsing took 0 ms 
226167     DEBUG Test worker     d.u.i.k.n.KeyIO           Load declarations of de.uka.ilkd.key.nparser.KeyAst$File:  <unknown>:1#1 
226167     INFO  Test worker     d.u.i.k.n.KeyIO           MODE: declarations took 0 ms 
226167     DEBUG Test worker     d.u.i.k.n.KeyIO           MODE: 2nd degree decls took 0 
226167     DEBUG Test worker     d.u.i.k.n.KeyIO           MODE: taclets took 0ms 
227159     INFO  Test worker     d.u.i.k.n.KeyIO           Parsing took 0 ms 
227159     DEBUG Test worker     d.u.i.k.n.KeyIO           Load declarations of de.uka.ilkd.key.nparser.KeyAst$File:  <unknown>:1#1 
227159     INFO  Test worker     d.u.i.k.n.KeyIO           MODE: declarations took 0 ms 
227159     DEBUG Test worker     d.u.i.k.n.KeyIO           MODE: 2nd degree decls took 0 
227159     DEBUG Test worker     d.u.i.k.n.KeyIO           MODE: taclets took 0ms 
228127     INFO  Test worker     d.u.i.k.n.KeyIO           Parsing took 0 ms 
228127     DEBUG Test worker     d.u.i.k.n.KeyIO           Load declarations of de.uka.ilkd.key.nparser.KeyAst$File:  <unknown>:1#1 
228127     INFO  Test worker     d.u.i.k.n.KeyIO           MODE: declarations took 0 ms 
228127     DEBUG Test worker     d.u.i.k.n.KeyIO           MODE: 2nd degree decls took 0 
228127     DEBUG Test worker     d.u.i.k.n.KeyIO           MODE: taclets took 0ms 
229029     INFO  Test worker     d.u.i.k.n.KeyIO           Parsing took 0 ms 
229029     DEBUG Test worker     d.u.i.k.n.KeyIO           Load declarations of de.uka.ilkd.key.nparser.KeyAst$File:  <unknown>:1#1 
229029     INFO  Test worker     d.u.i.k.n.KeyIO           MODE: declarations took 0 ms 
229029     DEBUG Test worker     d.u.i.k.n.KeyIO           MODE: 2nd degree decls took 0 
229029     DEBUG Test worker     d.u.i.k.n.KeyIO           MODE: taclets took 0ms 
229994     INFO  Test worker     d.u.i.k.n.KeyIO           Parsing took 0 ms 
229994     DEBUG Test worker     d.u.i.k.n.KeyIO           Load declarations of de.uka.ilkd.key.nparser.KeyAst$File:  <unknown>:1#1 
229994     INFO  Test worker     d.u.i.k.n.KeyIO           MODE: declarations took 0 ms 
229995     DEBUG Test worker     d.u.i.k.n.KeyIO           MODE: 2nd degree decls took 1 
229995     DEBUG Test worker     d.u.i.k.n.KeyIO           MODE: taclets took 0ms 
230978     INFO  Test worker     d.u.i.k.n.KeyIO           Parsing took 1 ms 
230978     DEBUG Test worker     d.u.i.k.n.KeyIO           Load declarations of de.uka.ilkd.key.nparser.KeyAst$File:  <unknown>:1#1 
230978     INFO  Test worker     d.u.i.k.n.KeyIO           MODE: declarations took 0 ms 
230978     DEBUG Test worker     d.u.i.k.n.KeyIO           MODE: 2nd degree decls took 0 
230978     DEBUG Test worker     d.u.i.k.n.KeyIO           MODE: taclets took 0ms 
231868     INFO  Test worker     d.u.i.k.n.KeyIO           Parsing took 0 ms 
231868     DEBUG Test worker     d.u.i.k.n.KeyIO           Load declarations of de.uka.ilkd.key.nparser.KeyAst$File:  <unknown>:1#1 
231868     INFO  Test worker     d.u.i.k.n.KeyIO           MODE: declarations took 0 ms 
231868     DEBUG Test worker     d.u.i.k.n.KeyIO           MODE: 2nd degree decls took 0 
231869     DEBUG Test worker     d.u.i.k.n.KeyIO           MODE: taclets took 1ms 
]]></system-out>
  <system-err><![CDATA[]]></system-err>
</testsuite>
