<?xml version="1.0" encoding="UTF-8"?>
<testsuite name="de.uka.ilkd.key.macros.scripts.TestProofScriptCommand" tests="7" skipped="0" failures="0" errors="0" timestamp="2023-04-17T19:18:11" hostname="fv-az572-738" time="21.513">
  <properties/>
  <testcase name="[1] unhide.props, /home/runner/work/key/key/key.core/build/resources/test/de/uka/ilkd/key/macros/scripts/cases/unhide.props" classname="de.uka.ilkd.key.macros.scripts.TestProofScriptCommand" time="2.966"/>
  <testcase name="[2] selectFormula.props, /home/runner/work/key/key/key.core/build/resources/test/de/uka/ilkd/key/macros/scripts/cases/selectFormula.props" classname="de.uka.ilkd.key.macros.scripts.TestProofScriptCommand" time="2.99"/>
  <testcase name="[3] hide.exc.props, /home/runner/work/key/key/key.core/build/resources/test/de/uka/ilkd/key/macros/scripts/cases/hide.exc.props" classname="de.uka.ilkd.key.macros.scripts.TestProofScriptCommand" time="2.965"/>
  <testcase name="[4] unhide2.props, /home/runner/work/key/key/key.core/build/resources/test/de/uka/ilkd/key/macros/scripts/cases/unhide2.props" classname="de.uka.ilkd.key.macros.scripts.TestProofScriptCommand" time="3.104"/>
  <testcase name="[5] rule.exc.props, /home/runner/work/key/key/key.core/build/resources/test/de/uka/ilkd/key/macros/scripts/cases/rule.exc.props" classname="de.uka.ilkd.key.macros.scripts.TestProofScriptCommand" time="3.17"/>
  <testcase name="[6] andRight.props, /home/runner/work/key/key/key.core/build/resources/test/de/uka/ilkd/key/macros/scripts/cases/andRight.props" classname="de.uka.ilkd.key.macros.scripts.TestProofScriptCommand" time="3.142"/>
  <testcase name="[7] hide.props, /home/runner/work/key/key/key.core/build/resources/test/de/uka/ilkd/key/macros/scripts/cases/hide.props" classname="de.uka.ilkd.key.macros.scripts.TestProofScriptCommand" time="3.173"/>
  <system-out><![CDATA[179364     DEBUG Test worker     d.u.i.k.p.i.KeYFile       Reading KeY file /tmp/proofscript_key_unhide.props10273762145412340799.key 
180246     DEBUG Test worker     d.u.i.k.p.i.KeYFile       Reading KeY file file:/home/runner/work/key/key/key.core/build/resources/main/de/uka/ilkd/key/java/JavaRedux/java/lang/String.key 
182318     DEBUG Test worker     d.u.i.k.p.i.IntermediateProofReplayer Proof replay took 7.3ns 
182318     DEBUG Test worker     d.u.i.k.p.i.KeYFile       Reading KeY file /tmp/proofscript_key_unhide.props10273762145412340799.key 
182318     DEBUG Test worker     d.u.i.k.m.s.ProofScriptEngine 1: 'rule impRight' 
182321     DEBUG Test worker     d.u.i.k.m.s.ProofScriptEngine 2: 'hide '2=3 ==> 3=4'' 
182322     DEBUG Test worker     d.u.i.k.m.s.ProofScriptEngine 3: 'unhide '2=3 ==>'' 
182324     DEBUG Test worker     d.u.i.k.m.s.ProofScriptEngine 4: 'unhide '==> 3=4'' 
182329     DEBUG Test worker     d.u.i.k.p.i.KeYFile       Reading KeY file /tmp/proofscript_key_selectFormula.props1085524854737036561.key 
183215     DEBUG Test worker     d.u.i.k.p.i.KeYFile       Reading KeY file file:/home/runner/work/key/key/key.core/build/resources/main/de/uka/ilkd/key/java/JavaRedux/java/lang/String.key 
185309     DEBUG Test worker     d.u.i.k.p.i.IntermediateProofReplayer Proof replay took 7.4ns 
185309     DEBUG Test worker     d.u.i.k.p.i.KeYFile       Reading KeY file /tmp/proofscript_key_selectFormula.props1085524854737036561.key 
185309     DEBUG Test worker     d.u.i.k.m.s.ProofScriptEngine 1: 'macro split-prop' 
185316     DEBUG Test worker     d.u.i.k.m.s.ProofScriptEngine 2: 'select formula="b"' 
185320     DEBUG Test worker     d.u.i.k.p.i.KeYFile       Reading KeY file /tmp/proofscript_key_hide.exc.props5048117542125041652.key 
186253     DEBUG Test worker     d.u.i.k.p.i.KeYFile       Reading KeY file file:/home/runner/work/key/key/key.core/build/resources/main/de/uka/ilkd/key/java/JavaRedux/java/lang/String.key 
188270     DEBUG Test worker     d.u.i.k.p.i.IntermediateProofReplayer Proof replay took 8.3ns 
188270     DEBUG Test worker     d.u.i.k.p.i.KeYFile       Reading KeY file /tmp/proofscript_key_hide.exc.props5048117542125041652.key 
188270     DEBUG Test worker     d.u.i.k.m.s.ProofScriptEngine 1: 'macro split-prop' 
188282     DEBUG Test worker     d.u.i.k.m.s.ProofScriptEngine 2: 'hide "b ==>"' 
188283     DEBUG Test worker     d.u.i.k.m.s.ProofScriptEngine GOALS: 1 
188283     DEBUG Test worker     d.u.i.k.m.s.ProofScriptEngine [a]==>[b] 
188287     DEBUG Test worker     d.u.i.k.p.i.KeYFile       Reading KeY file /tmp/proofscript_key_unhide2.props5334888644907406069.key 
189276     DEBUG Test worker     d.u.i.k.p.i.KeYFile       Reading KeY file file:/home/runner/work/key/key/key.core/build/resources/main/de/uka/ilkd/key/java/JavaRedux/java/lang/String.key 
191383     DEBUG Test worker     d.u.i.k.p.i.IntermediateProofReplayer Proof replay took 8.6ns 
191384     DEBUG Test worker     d.u.i.k.p.i.KeYFile       Reading KeY file /tmp/proofscript_key_unhide2.props5334888644907406069.key 
191384     DEBUG Test worker     d.u.i.k.m.s.ProofScriptEngine 1: 'rule impRight' 
191386     DEBUG Test worker     d.u.i.k.m.s.ProofScriptEngine 2: 'hide '2=3 ==> 3=4'' 
191387     DEBUG Test worker     d.u.i.k.m.s.ProofScriptEngine 3: 'unhide '2=3 ==> 3=4'' 
191391     DEBUG Test worker     d.u.i.k.p.i.KeYFile       Reading KeY file /tmp/proofscript_key_rule.exc.props2480070489597730620.key 
192375     DEBUG Test worker     d.u.i.k.p.i.KeYFile       Reading KeY file file:/home/runner/work/key/key/key.core/build/resources/main/de/uka/ilkd/key/java/JavaRedux/java/lang/String.key 
194558     DEBUG Test worker     d.u.i.k.p.i.IntermediateProofReplayer Proof replay took 20.5ns 
194558     DEBUG Test worker     d.u.i.k.p.i.KeYFile       Reading KeY file /tmp/proofscript_key_rule.exc.props2480070489597730620.key 
194559     DEBUG Test worker     d.u.i.k.m.s.ProofScriptEngine 1: 'rule andLeft' 
194559     DEBUG Test worker     d.u.i.k.m.s.ProofScriptEngine GOALS: 1 
194559     DEBUG Test worker     d.u.i.k.m.s.ProofScriptEngine []==>[and(a,b)] 
194561     DEBUG Test worker     d.u.i.k.p.i.KeYFile       Reading KeY file /tmp/proofscript_key_andRight.props17295705531629557506.key 
195484     DEBUG Test worker     d.u.i.k.p.i.KeYFile       Reading KeY file file:/home/runner/work/key/key/key.core/build/resources/main/de/uka/ilkd/key/java/JavaRedux/java/lang/String.key 
197699     DEBUG Test worker     d.u.i.k.p.i.IntermediateProofReplayer Proof replay took 8.1ns 
197700     DEBUG Test worker     d.u.i.k.p.i.KeYFile       Reading KeY file /tmp/proofscript_key_andRight.props17295705531629557506.key 
197700     DEBUG Test worker     d.u.i.k.m.s.ProofScriptEngine 1: 'rule andRight' 
197703     DEBUG Test worker     d.u.i.k.p.i.KeYFile       Reading KeY file /tmp/proofscript_key_hide.props13956958046185729688.key 
198671     DEBUG Test worker     d.u.i.k.p.i.KeYFile       Reading KeY file file:/home/runner/work/key/key/key.core/build/resources/main/de/uka/ilkd/key/java/JavaRedux/java/lang/String.key 
200865     DEBUG Test worker     d.u.i.k.p.i.IntermediateProofReplayer Proof replay took 8.2ns 
200865     DEBUG Test worker     d.u.i.k.p.i.KeYFile       Reading KeY file /tmp/proofscript_key_hide.props13956958046185729688.key 
200866     DEBUG Test worker     d.u.i.k.m.s.ProofScriptEngine 1: 'macro split-prop' 
200874     DEBUG Test worker     d.u.i.k.m.s.ProofScriptEngine 2: 'hide "a ==> d, e"' 
]]></system-out>
  <system-err><![CDATA[]]></system-err>
</testsuite>
