<?xml version="1.0" encoding="UTF-8"?>
<testsuite name="de.uka.ilkd.key.proof.TestTacletIndex" tests="5" skipped="1" failures="0" errors="0" timestamp="2023-04-17T19:22:40" hostname="fv-az572-738" time="0.955">
  <properties/>
  <testcase name="testShownIfHeuristicFits()" classname="de.uka.ilkd.key.proof.TestTacletIndex" time="0.95"/>
  <testcase name="testMatchConflictOccurs()" classname="de.uka.ilkd.key.proof.TestTacletIndex" time="0.001"/>
  <testcase name="testNoMatchingFindRule()" classname="de.uka.ilkd.key.proof.TestTacletIndex" time="0.001"/>
  <testcase name="disabled_testNonInteractiveIsShownOnlyIfHeuristicIsMissed()" classname="de.uka.ilkd.key.proof.TestTacletIndex" time="0.0">
    <skipped/>
  </testcase>
  <testcase name="testNotFreeInYConflict()" classname="de.uka.ilkd.key.proof.TestTacletIndex" time="0.003"/>
  <system-out><![CDATA[448707     DEBUG Test worker     d.u.i.k.p.i.KeYFile       Reading KeY file file:/home/runner/work/key/key/key.core/build/resources/main/de/uka/ilkd/key/proof/rules/ldt.key 
448708     DEBUG Test worker     d.u.i.k.p.i.KeYFile       Reading KeY file file:/home/runner/work/key/key/key.core/build/resources/main/de/uka/ilkd/key/proof/rules/boolean.key 
448708     DEBUG Test worker     d.u.i.k.p.i.KeYFile       Reading KeY file file:/home/runner/work/key/key/key.core/build/resources/main/de/uka/ilkd/key/proof/rules/ruleSetsDeclarations.key 
448709     DEBUG Test worker     d.u.i.k.p.i.KeYFile       Reading KeY file file:/home/runner/work/key/key/key.core/build/resources/main/de/uka/ilkd/key/proof/rules/integerHeader.key 
448710     DEBUG Test worker     d.u.i.k.p.i.KeYFile       Reading KeY file file:/home/runner/work/key/key/key.core/build/resources/main/de/uka/ilkd/key/proof/rules/floatHeader.key 
448710     DEBUG Test worker     d.u.i.k.p.i.KeYFile       Reading KeY file file:/home/runner/work/key/key/key.core/build/resources/main/de/uka/ilkd/key/proof/rules/heap.key 
448710     DEBUG Test worker     d.u.i.k.p.i.KeYFile       Reading KeY file file:/home/runner/work/key/key/key.core/build/resources/main/de/uka/ilkd/key/proof/rules/locSets.key 
448710     DEBUG Test worker     d.u.i.k.p.i.KeYFile       Reading KeY file file:/home/runner/work/key/key/key.core/build/resources/main/de/uka/ilkd/key/proof/rules/permission.key 
448711     DEBUG Test worker     d.u.i.k.p.i.KeYFile       Reading KeY file file:/home/runner/work/key/key/key.core/build/resources/main/de/uka/ilkd/key/proof/rules/reach.key 
448711     DEBUG Test worker     d.u.i.k.p.i.KeYFile       Reading KeY file file:/home/runner/work/key/key/key.core/build/resources/main/de/uka/ilkd/key/proof/rules/seq.key 
448711     DEBUG Test worker     d.u.i.k.p.i.KeYFile       Reading KeY file file:/home/runner/work/key/key/key.core/build/resources/main/de/uka/ilkd/key/proof/rules/map.key 
448714     DEBUG Test worker     d.u.i.k.p.i.KeYFile       Reading KeY file file:/home/runner/work/key/key/key.core/build/resources/main/de/uka/ilkd/key/proof/rules/freeADT.key 
448714     DEBUG Test worker     d.u.i.k.p.i.KeYFile       Reading KeY file file:/home/runner/work/key/key/key.core/build/resources/main/de/uka/ilkd/key/proof/rules/wellfound.key 
448714     DEBUG Test worker     d.u.i.k.p.i.KeYFile       Reading KeY file file:/home/runner/work/key/key/key.core/build/resources/main/de/uka/ilkd/key/proof/rules/charListHeader.key 
448719     DEBUG Test worker     d.u.i.k.p.i.KeYFile       Reading KeY file src/test/resources/testcase/../de/uka/ilkd/key/proof/ruleForTestTacletIndex.taclet 
449652     INFO  Test worker     d.u.i.k.n.KeyIO           Parsing took 1 ms 
449652     DEBUG Test worker     d.u.i.k.n.KeyIO           Load declarations of de.uka.ilkd.key.nparser.KeyAst$File:  /home/runner/work/key/key/key.core/src/test/resources/testcase/../de/uka/ilkd/key/proof/ruleForTestTacletIndex.taclet:7#1 
449652     INFO  Test worker     d.u.i.k.n.KeyIO           MODE: declarations took 0 ms 
449652     DEBUG Test worker     d.u.i.k.n.KeyIO           MODE: 2nd degree decls took 0 
449653     DEBUG Test worker     d.u.i.k.n.KeyIO           MODE: taclets took 1ms 
]]></system-out>
  <system-err><![CDATA[]]></system-err>
</testsuite>
