<?xml version="1.0" encoding="UTF-8"?>
<testsuite name="de.uka.ilkd.key.rule.TestSchemaModalOperators" tests="4" skipped="0" failures="0" errors="0" timestamp="2023-04-17T19:23:01" hostname="fv-az572-738" time="1.285">
  <properties/>
  <testcase name="testSchemaModalities1()" classname="de.uka.ilkd.key.rule.TestSchemaModalOperators" time="1.258"/>
  <testcase name="testSchemaModalities2()" classname="de.uka.ilkd.key.rule.TestSchemaModalOperators" time="0.009"/>
  <testcase name="testSchemaModalities3()" classname="de.uka.ilkd.key.rule.TestSchemaModalOperators" time="0.007"/>
  <testcase name="testSchemaModalities4()" classname="de.uka.ilkd.key.rule.TestSchemaModalOperators" time="0.009"/>
  <system-out><![CDATA[469222     DEBUG Test worker     d.u.i.k.p.i.KeYFile       Reading KeY file src/test/resources/testcase/testrules.key 
470439     INFO  Test worker     d.u.i.k.n.KeyIO           Parsing took 2 ms 
470440     DEBUG Test worker     d.u.i.k.n.KeyIO           Load declarations of de.uka.ilkd.key.nparser.KeyAst$File:  /home/runner/work/key/key/key.core/src/test/resources/testcase/testrules.key:9#1 
470440     INFO  Test worker     d.u.i.k.n.KeyIO           MODE: declarations took 0 ms 
470440     DEBUG Test worker     d.u.i.k.n.KeyIO           MODE: 2nd degree decls took 0 
470470     DEBUG Test worker     d.u.i.k.n.KeyIO           MODE: taclets took 29ms 
]]></system-out>
  <system-err><![CDATA[]]></system-err>
</testsuite>
