<?xml version="1.0" encoding="UTF-8"?>
<testsuite name="de.uka.ilkd.key.taclettranslation.TestTacletTranslator" tests="5" skipped="0" failures="0" errors="0" timestamp="2023-04-17T19:28:26" hostname="fv-az572-738" time="0.009">
  <properties/>
  <testcase name="testPropositional1()" classname="de.uka.ilkd.key.taclettranslation.TestTacletTranslator" time="0.003"/>
  <testcase name="testPropositional2()" classname="de.uka.ilkd.key.taclettranslation.TestTacletTranslator" time="0.002"/>
  <testcase name="testNegativePolarity()" classname="de.uka.ilkd.key.taclettranslation.TestTacletTranslator" time="0.001"/>
  <testcase name="testNoPolarity()" classname="de.uka.ilkd.key.taclettranslation.TestTacletTranslator" time="0.001"/>
  <testcase name="testPositivePolarity()" classname="de.uka.ilkd.key.taclettranslation.TestTacletTranslator" time="0.001"/>
  <system-out><![CDATA[794558     INFO  Test worker     d.u.i.k.n.KeyIO           Parsing took 0 ms 
794558     DEBUG Test worker     d.u.i.k.n.KeyIO           Load declarations of de.uka.ilkd.key.nparser.KeyAst$File:  <unknown>:1#1 
794558     INFO  Test worker     d.u.i.k.n.KeyIO           MODE: declarations took 0 ms 
794558     DEBUG Test worker     d.u.i.k.n.KeyIO           MODE: 2nd degree decls took 0 
794559     DEBUG Test worker     d.u.i.k.n.KeyIO           MODE: taclets took 1ms 
794561     INFO  Test worker     d.u.i.k.n.KeyIO           Parsing took 0 ms 
794561     DEBUG Test worker     d.u.i.k.n.KeyIO           Load declarations of de.uka.ilkd.key.nparser.KeyAst$File:  <unknown>:1#1 
794561     INFO  Test worker     d.u.i.k.n.KeyIO           MODE: declarations took 0 ms 
794561     DEBUG Test worker     d.u.i.k.n.KeyIO           MODE: 2nd degree decls took 0 
794561     DEBUG Test worker     d.u.i.k.n.KeyIO           MODE: taclets took 0ms 
794562     INFO  Test worker     d.u.i.k.n.KeyIO           Parsing took 0 ms 
794562     DEBUG Test worker     d.u.i.k.n.KeyIO           Load declarations of de.uka.ilkd.key.nparser.KeyAst$File:  <unknown>:1#1 
794563     INFO  Test worker     d.u.i.k.n.KeyIO           MODE: declarations took 1 ms 
794563     DEBUG Test worker     d.u.i.k.n.KeyIO           MODE: 2nd degree decls took 0 
794563     DEBUG Test worker     d.u.i.k.n.KeyIO           MODE: taclets took 0ms 
794564     INFO  Test worker     d.u.i.k.n.KeyIO           Parsing took 0 ms 
794564     DEBUG Test worker     d.u.i.k.n.KeyIO           Load declarations of de.uka.ilkd.key.nparser.KeyAst$File:  <unknown>:1#1 
794564     INFO  Test worker     d.u.i.k.n.KeyIO           MODE: declarations took 0 ms 
794564     DEBUG Test worker     d.u.i.k.n.KeyIO           MODE: 2nd degree decls took 0 
794564     DEBUG Test worker     d.u.i.k.n.KeyIO           MODE: taclets took 0ms 
794565     INFO  Test worker     d.u.i.k.n.KeyIO           Parsing took 0 ms 
794565     DEBUG Test worker     d.u.i.k.n.KeyIO           Load declarations of de.uka.ilkd.key.nparser.KeyAst$File:  <unknown>:1#1 
794565     INFO  Test worker     d.u.i.k.n.KeyIO           MODE: declarations took 0 ms 
794565     DEBUG Test worker     d.u.i.k.n.KeyIO           MODE: 2nd degree decls took 0 
794565     DEBUG Test worker     d.u.i.k.n.KeyIO           MODE: taclets took 0ms 
]]></system-out>
  <system-err><![CDATA[]]></system-err>
</testsuite>
