<?xml version="1.0" encoding="UTF-8"?>
<testsuite name="de.uka.ilkd.key.rule.inst.TestGenericSortInstantiations" tests="8" skipped="0" failures="0" errors="0" timestamp="2023-02-02T16:30:02" hostname="fv-az283-748" time="0.024">
  <properties/>
  <testcase name="testGeneric1()" classname="de.uka.ilkd.key.rule.inst.TestGenericSortInstantiations" time="0.002"/>
  <testcase name="testGeneric2()" classname="de.uka.ilkd.key.rule.inst.TestGenericSortInstantiations" time="0.002"/>
  <testcase name="testGeneric3()" classname="de.uka.ilkd.key.rule.inst.TestGenericSortInstantiations" time="0.002"/>
  <testcase name="testGeneric4()" classname="de.uka.ilkd.key.rule.inst.TestGenericSortInstantiations" time="0.001"/>
  <testcase name="testGeneric5()" classname="de.uka.ilkd.key.rule.inst.TestGenericSortInstantiations" time="0.001"/>
  <testcase name="testGeneric6()" classname="de.uka.ilkd.key.rule.inst.TestGenericSortInstantiations" time="0.001"/>
  <testcase name="testNullsort()" classname="de.uka.ilkd.key.rule.inst.TestGenericSortInstantiations" time="0.001"/>
  <testcase name="testGeneric2Array()" classname="de.uka.ilkd.key.rule.inst.TestGenericSortInstantiations" time="0.001"/>
  <system-out><![CDATA[]]></system-out>
  <system-err><![CDATA[]]></system-err>
</testsuite>
