<?xml version="1.0" encoding="UTF-8"?>
<testsuite name="de.uka.ilkd.key.logic.TestNamespace" tests="4" skipped="0" failures="0" errors="0" timestamp="2023-02-02T16:24:45" hostname="fv-az283-748" time="0.013">
  <properties/>
  <testcase name="testEmpty()" classname="de.uka.ilkd.key.logic.TestNamespace" time="0.001"/>
  <testcase name="testNamespace1()" classname="de.uka.ilkd.key.logic.TestNamespace" time="0.001"/>
  <testcase name="testNamespace2()" classname="de.uka.ilkd.key.logic.TestNamespace" time="0.008"/>
  <testcase name="testNamespace3()" classname="de.uka.ilkd.key.logic.TestNamespace" time="0.001"/>
  <system-out><![CDATA[]]></system-out>
  <system-err><![CDATA[]]></system-err>
</testsuite>
